<?xml version="1.0" encoding="UTF-8"?>
<testsuites name="TS_TNR_R.TSPT_Suppo90" time="100.738" tests="1" failures="0" errors="0">
   <testsuite name="TS_TNR_R.TSPT_Suppo90" tests="1" failures="0" errors="0" time="100.738" skipped="0" timestamp="2023-11-23 09:44:51" hostname="hhizaoui - FRLFK0635000045.corp.capgemini.com" id="Test Suites/TS_TNR_R.TSPT_Suppo90">
      <properties>
         <property name="deviceName" value=""/>
         <property name="devicePlatform" value=""/>
         <property name="logFolder" value="C:\\Users\\hhizaoui\\.git\\NewProject29092023\\Nouveau dossier1\\21_11\\ANEF-AutomatizationProject\\Reports\\20231123_094446\\TS_TNR_R.TSPT_Suppo90\\20231123_094446"/>
         <property name="logFiles" value="C:\\Users\\hhizaoui\\.git\\NewProject29092023\\Nouveau dossier1\\21_11\\ANEF-AutomatizationProject\\Reports\\20231123_094446\\TS_TNR_R.TSPT_Suppo90\\20231123_094446\\execution0.log"/>
         <property name="attachments" value="C:\\Users\\hhizaoui\\.git\\NewProject29092023\\Nouveau dossier1\\21_11\\ANEF-AutomatizationProject\\Reports\\20231123_094446\\TS_TNR_R.TSPT_Suppo90\\20231123_094446\\1700729131322.png"/>
         <property name="hostName" value="hhizaoui - FRLFK0635000045.corp.capgemini.com"/>
         <property name="os" value="Windows 10 64bit"/>
         <property name="katalonVersion" value="8.6.6.208"/>
         <property name="browser" value="Chrome 119.0.0.0"/>
         <property name="hostAddress" value="192.168.0.14"/>
         <property name="sessionId" value="84be652223e7b6d8c50053c6dc6aeb06"/>
         <property name="seleniumVersion" value="3.141.59"/>
         <property name="proxyInformation" value="ProxyInformation { proxyOption=USE_SYSTEM, proxyServerType=HTTP, username=, password=********, proxyServerAddress=127.0.0.1, proxyServerPort=8082, executionList=&quot;&quot;, isApplyToDesiredCapabilities=true }"/>
         <property name="platform" value="Windows 10"/>
      </properties>
      <testcase name="Test Cases/Cas D Utilisations/Usager Etudiant/TNR R.TSPT Supp90-Etudiant" time="100.315" classname="Test Cases/Cas D Utilisations/Usager Etudiant/TNR R.TSPT Supp90-Etudiant" status="PASSED">
         <system-out><![CDATA[2023-11-23 09:44:51 - [TEST_CASE][PASSED] - Test Cases/Cas D Utilisations/Usager Etudiant/TNR R.TSPT Supp90-Etudiant: Test Cases/Cas D Utilisations/Usager Etudiant/TNR R.TSPT Supp90-Etudiant

2023-11-23 09:44:52 - [TEST_STEP][PASSED] - com.kazurayam.ksbackyard.HighlightElement.pandemic(): com.kazurayam.ksbackyard.HighlightElement.pandemic is PASSED

2023-11-23 09:44:52 - [MESSAGE][PASSED] - com.kazurayam.ksbackyard.HighlightElement.pandemic is PASSED

2023-11-23 09:44:52 - [TEST_STEP][PASSED] - callTestCase(findTestCase("Test Reutilisable/Main/Lancer URL ANEF"), ["Profiles":"Usager", "EnvExec":EnvExec], STOP_ON_FAILURE): Call Test Case 'Test Cases/Test Reutilisable/Main/Lancer URL ANEF' successfully

2023-11-23 09:44:52 - [MESSAGE][INFO] - Checking called Test Case

2023-11-23 09:44:52 - [MESSAGE][INFO] - Starting to call Test Case 'Test Cases/Test Reutilisable/Main/Lancer URL ANEF'

2023-11-23 09:44:52 - [TEST_CASE][PASSED] - Test Cases/Test Reutilisable/Main/Lancer URL ANEF: Test Cases/Test Reutilisable/Main/Lancer URL ANEF

2023-11-23 09:44:55 - [TEST_STEP][PASSED] - "RunConfiguration: getProjectDir for LogDriver ": null

2023-11-23 09:44:55 - [TEST_STEP][PASSED] - RunBrowserConfiguration = getExecutionProperties(): null

2023-11-23 09:44:55 - [TEST_STEP][PASSED] - DriverName = "": null

2023-11-23 09:44:55 - [TEST_STEP][PASSED] - openBrowser(""): Browser is opened with url: ''

2023-11-23 09:44:56 - [MESSAGE][INFO] - Opening browser

2023-11-23 09:44:56 - [MESSAGE][INFO] - Starting 'Chrome' driver

2023-11-23 09:44:56 - [MESSAGE][INFO] - User set preference: ['args', '[--incognito, --start-maximized, --remote-allow-origins=*]']

2023-11-23 09:44:56 - [MESSAGE][INFO] - User set preference: ['prefs', '{download.default_directory=${GlobalVariable.downloadPath}, download_dir=${GlobalVariable.downloadPath}, download.prompt_for_download=false}']

2023-11-23 09:44:56 - [MESSAGE][INFO] - User set preference: ['loggingPrefs', '{browser=ALL}']

2023-11-23 09:44:56 - [MESSAGE][INFO] - Action delay is set to 2Â 000 milliseconds

2023-11-23 09:44:59 - [MESSAGE][PASSED] - Browser is opened with url: ''

2023-11-23 09:44:59 - [TEST_STEP][PASSED] - driver = getWebDriver(): null

2023-11-23 09:44:59 - [TEST_STEP][PASSED] - wrappedDriver = driver.getWrappedDriver(): null

2023-11-23 09:44:59 - [TEST_STEP][PASSED] - out.println(wrappedDriver.getClass()): null

2023-11-23 09:45:00 - [TEST_STEP][PASSED] - if (class == com.kms.katalon.selenium.driver.CRemoteWebDriver): null

2023-11-23 09:45:00 - [TEST_STEP][PASSED] - else: null

2023-11-23 09:45:00 - [TEST_STEP][PASSED] - DriverName = get("WebUI").get("browserType"): null

2023-11-23 09:45:00 - [TEST_STEP][PASSED] - println("DriverName :" + DriverName): null

2023-11-23 09:45:00 - [TEST_STEP][PASSED] - println("Driverpath :" + RunBrowserConfiguration.get("drivers")): null

2023-11-23 09:45:00 - [TEST_STEP][PASSED] - DriverName = DriverName: null

2023-11-23 09:45:01 - [TEST_STEP][PASSED] - delay(medium_wait): Delayed 3 second(s)

2023-11-23 09:45:01 - [MESSAGE][INFO] - Delaying browser in 3 second(s)

2023-11-23 09:45:04 - [MESSAGE][PASSED] - Delayed 3 second(s)

2023-11-23 09:45:04 - [TEST_STEP][PASSED] - executedBrowser = getExecutedBrowser(): null

2023-11-23 09:45:04 - [TEST_STEP][PASSED] - if (Profiles == "Usager"): null

2023-11-23 09:45:04 - [TEST_STEP][PASSED] - switch (DriverName): null

2023-11-23 09:45:04 - [TEST_STEP][PASSED] - case "CHROME_DRIVER":: null

2023-11-23 09:45:04 - [TEST_STEP][PASSED] - if (EnvExec == "URL_ANEFQualif"): null

2023-11-23 09:45:04 - [TEST_STEP][PASSED] - if (EnvExec == "URL_ANEFPreProd"): Navigate to 'https://preprod.administration-etrangers-en-france.interieur.gouv.fr/particuliers/#/' successfully

2023-11-23 09:45:04 - [TEST_STEP][PASSED] - navigateToUrl(URL_ANEFPreProd): Navigate to 'https://preprod.administration-etrangers-en-france.interieur.gouv.fr/particuliers/#/' successfully

2023-11-23 09:45:04 - [MESSAGE][INFO] - Checking url

2023-11-23 09:45:04 - [MESSAGE][INFO] - Navigating to 'https://preprod.administration-etrangers-en-france.interieur.gouv.fr/particuliers/#/'

2023-11-23 09:45:06 - [MESSAGE][PASSED] - Navigate to 'https://preprod.administration-etrangers-en-france.interieur.gouv.fr/particuliers/#/' successfully

2023-11-23 09:45:06 - [TEST_STEP][PASSED] - maximizeWindow(): Current window maximized

2023-11-23 09:45:06 - [MESSAGE][INFO] - Maximizing current window

2023-11-23 09:45:06 - [MESSAGE][PASSED] - Current window maximized

2023-11-23 09:45:06 - [TEST_STEP][PASSED] - System.setProperty("webdriver.chrome.driver", getChromeDriverPath()): null

2023-11-23 09:45:06 - [TEST_STEP][PASSED] - System.setProperty("webdriver.chrome.logfile", getProjectDir() + "/Dump/chromedriver.log"): null

2023-11-23 09:45:06 - [TEST_STEP][PASSED] - callTestCase(findTestCase("Test Reutilisable/Main/Erreur lie a la confidentialite"), [:], STOP_ON_FAILURE): Call Test Case 'Test Cases/Test Reutilisable/Main/Erreur lie a la confidentialite' successfully

2023-11-23 09:45:06 - [MESSAGE][INFO] - Checking called Test Case

2023-11-23 09:45:06 - [MESSAGE][INFO] - Starting to call Test Case 'Test Cases/Test Reutilisable/Main/Erreur lie a la confidentialite'

2023-11-23 09:45:06 - [TEST_CASE][PASSED] - Test Cases/Test Reutilisable/Main/Erreur lie a la confidentialite: Test Cases/Test Reutilisable/Main/Erreur lie a la confidentialite

2023-11-23 09:45:07 - [TEST_STEP][PASSED] - tools.WaitForLoadedPage.waitForElementRendering(): tools.WaitForLoadedPage.waitForElementRendering is PASSED

2023-11-23 09:45:07 - [MESSAGE][PASSED] - tools.WaitForLoadedPage.waitForElementRendering is PASSED

2023-11-23 09:45:07 - [TEST_STEP][PASSED] - "Call Highlight.on() automatically": null

2023-11-23 09:45:07 - [TEST_STEP][PASSED] - DriverName = DriverName: null

2023-11-23 09:45:07 - [TEST_STEP][PASSED] - if (DriverName == "CHROME_DRIVER" || "EDGE_CHROMIUM_DRIVER" || "HEADLESS_DRIVER"): null

2023-11-23 09:45:07 - [TEST_STEP][PASSED] - if (verifyElementPresent(findTestObject("Object Repository/Connexion Usager/Btn_Parametres Avances"), 2, OPTIONAL)): null

2023-11-23 09:45:07 - [MESSAGE][INFO] - Finding Test Object 'Object Repository/Connexion Usager/Btn_Parametres Avances'

2023-11-23 09:45:07 - [MESSAGE][INFO] - Checking object

2023-11-23 09:45:07 - [MESSAGE][INFO] - Finding web element from Test Object's properties

2023-11-23 09:45:07 - [MESSAGE][INFO] - Checking timeout

2023-11-23 09:45:07 - [MESSAGE][INFO] - Finding web element with id: 'Object Repository/Connexion Usager/Btn_Parametres Avances' located by 'By.xpath: //*[@id="details-button"]' in '2' second(s)

2023-11-23 09:45:07 - [MESSAGE][INFO] - Smart Wait Function is triggered

2023-11-23 09:45:07 - [MESSAGE][INFO] - Found 1 web elements with id: 'Object Repository/Connexion Usager/Btn_Parametres Avances' located by 'By.xpath: //*[@id="details-button"]' in '2' second(s)

2023-11-23 09:45:07 - [MESSAGE][PASSED] - Object 'Object Repository/Connexion Usager/Btn_Parametres Avances' is present

2023-11-23 09:45:07 - [TEST_STEP][PASSED] - click(findTestObject("Object Repository/Connexion Usager/Btn_Parametres Avances"), OPTIONAL): Object: 'Object Repository/Connexion Usager/Btn_Parametres Avances' is clicked on

2023-11-23 09:45:07 - [MESSAGE][INFO] - Finding Test Object 'Object Repository/Connexion Usager/Btn_Parametres Avances'

2023-11-23 09:45:07 - [MESSAGE][INFO] - Checking timeout

2023-11-23 09:45:07 - [MESSAGE][INFO] - Finding web element with id: 'Object Repository/Connexion Usager/Btn_Parametres Avances' located by 'By.xpath: //*[@id="details-button"]' in '20' second(s)

2023-11-23 09:45:07 - [MESSAGE][INFO] - Smart Wait Function is triggered

2023-11-23 09:45:07 - [MESSAGE][INFO] - Found 1 web elements with id: 'Object Repository/Connexion Usager/Btn_Parametres Avances' located by 'By.xpath: //*[@id="details-button"]' in '20' second(s)

2023-11-23 09:45:07 - [MESSAGE][INFO] - Checking object

2023-11-23 09:45:07 - [MESSAGE][INFO] - Checking timeout

2023-11-23 09:45:07 - [MESSAGE][INFO] - Finding web element from Test Object's properties

2023-11-23 09:45:07 - [MESSAGE][INFO] - Checking timeout

2023-11-23 09:45:07 - [MESSAGE][INFO] - Finding web element with id: 'Object Repository/Connexion Usager/Btn_Parametres Avances' located by 'By.xpath: //*[@id="details-button"]' in '5' second(s)

2023-11-23 09:45:07 - [MESSAGE][INFO] - Smart Wait Function is triggered

2023-11-23 09:45:07 - [MESSAGE][INFO] - Found 1 web elements with id: 'Object Repository/Connexion Usager/Btn_Parametres Avances' located by 'By.xpath: //*[@id="details-button"]' in '5' second(s)

2023-11-23 09:45:07 - [MESSAGE][INFO] - Clicking on object: 'Object Repository/Connexion Usager/Btn_Parametres Avances'

2023-11-23 09:45:09 - [MESSAGE][PASSED] - Object: 'Object Repository/Connexion Usager/Btn_Parametres Avances' is clicked on

2023-11-23 09:45:09 - [TEST_STEP][PASSED] - click(findTestObject("Object Repository/Connexion Usager/Link_Proceed-Link"), OPTIONAL): Object: 'Object Repository/Connexion Usager/Link_Proceed-Link' is clicked on

2023-11-23 09:45:09 - [MESSAGE][INFO] - Finding Test Object 'Object Repository/Connexion Usager/Link_Proceed-Link'

2023-11-23 09:45:09 - [MESSAGE][INFO] - Checking timeout

2023-11-23 09:45:09 - [MESSAGE][INFO] - Finding web element with id: 'Object Repository/Connexion Usager/Link_Proceed-Link' located by 'By.xpath: //*[@id="proceed-link"]' in '20' second(s)

2023-11-23 09:45:09 - [MESSAGE][INFO] - Smart Wait Function is triggered

2023-11-23 09:45:09 - [MESSAGE][INFO] - Found 1 web elements with id: 'Object Repository/Connexion Usager/Link_Proceed-Link' located by 'By.xpath: //*[@id="proceed-link"]' in '20' second(s)

2023-11-23 09:45:09 - [MESSAGE][INFO] - Checking object

2023-11-23 09:45:09 - [MESSAGE][INFO] - Checking timeout

2023-11-23 09:45:09 - [MESSAGE][INFO] - Finding web element from Test Object's properties

2023-11-23 09:45:09 - [MESSAGE][INFO] - Checking timeout

2023-11-23 09:45:09 - [MESSAGE][INFO] - Finding web element with id: 'Object Repository/Connexion Usager/Link_Proceed-Link' located by 'By.xpath: //*[@id="proceed-link"]' in '5' second(s)

2023-11-23 09:45:09 - [MESSAGE][INFO] - Smart Wait Function is triggered

2023-11-23 09:45:09 - [MESSAGE][INFO] - Found 1 web elements with id: 'Object Repository/Connexion Usager/Link_Proceed-Link' located by 'By.xpath: //*[@id="proceed-link"]' in '5' second(s)

2023-11-23 09:45:09 - [MESSAGE][INFO] - Clicking on object: 'Object Repository/Connexion Usager/Link_Proceed-Link'

2023-11-23 09:45:12 - [MESSAGE][PASSED] - Object: 'Object Repository/Connexion Usager/Link_Proceed-Link' is clicked on

2023-11-23 09:45:12 - [TEST_STEP][PASSED] - if (DriverName == "IE_DRIVER"): null

2023-11-23 09:45:12 - [TEST_STEP][PASSED] - delay(3): Delayed 3 second(s)

2023-11-23 09:45:12 - [MESSAGE][INFO] - Delaying browser in 3 second(s)

2023-11-23 09:45:15 - [MESSAGE][PASSED] - Delayed 3 second(s)

2023-11-23 09:45:15 - [MESSAGE][PASSED] - Call Test Case 'Test Cases/Test Reutilisable/Main/Erreur lie a la confidentialite' successfully

2023-11-23 09:45:15 - [TEST_STEP][PASSED] - delay(5): Delayed 5 second(s)

2023-11-23 09:45:15 - [MESSAGE][INFO] - Delaying browser in 5 second(s)

2023-11-23 09:45:20 - [MESSAGE][PASSED] - Delayed 5 second(s)

2023-11-23 09:45:20 - [TEST_STEP][PASSED] - verifyElementVisible(findTestObject("Object Repository/Connexion Usager/Link_Se Connecter"), STOP_ON_FAILURE): Object 'Object Repository/Connexion Usager/Link_Se Connecter' is visible

2023-11-23 09:45:20 - [MESSAGE][INFO] - Finding Test Object 'Object Repository/Connexion Usager/Link_Se Connecter'

2023-11-23 09:45:20 - [MESSAGE][INFO] - Checking object

2023-11-23 09:45:20 - [MESSAGE][INFO] - Finding web element from Test Object's properties

2023-11-23 09:45:20 - [MESSAGE][INFO] - Checking timeout

2023-11-23 09:45:20 - [MESSAGE][INFO] - Finding web element with id: 'Object Repository/Connexion Usager/Link_Se Connecter' located by 'By.xpath: //*[@id="connexion_link"]' in '5' second(s)

2023-11-23 09:45:20 - [MESSAGE][INFO] - Smart Wait Function is triggered

2023-11-23 09:45:20 - [MESSAGE][INFO] - Found 1 web elements with id: 'Object Repository/Connexion Usager/Link_Se Connecter' located by 'By.xpath: //*[@id="connexion_link"]' in '5' second(s)

2023-11-23 09:45:20 - [MESSAGE][PASSED] - Object 'Object Repository/Connexion Usager/Link_Se Connecter' is visible

2023-11-23 09:45:20 - [TEST_STEP][PASSED] - break: null

2023-11-23 09:45:20 - [TEST_STEP][PASSED] - if (Profiles == "Agent"): null

2023-11-23 09:45:20 - [TEST_STEP][PASSED] - else: null

2023-11-23 09:45:20 - [TEST_STEP][PASSED] - println("VÃ©rifier le Portail de votre connexion Usager ou Agent"): null

2023-11-23 09:45:20 - [MESSAGE][PASSED] - Call Test Case 'Test Cases/Test Reutilisable/Main/Lancer URL ANEF' successfully

2023-11-23 09:45:20 - [TEST_STEP][PASSED] - if (StopTestCase == false): Call Test Case 'Test Cases/Test Reutilisable/DemandeOuRenouvelle_TitreSejour/FormulaireConfirmation' successfully

2023-11-23 09:45:20 - [TEST_STEP][PASSED] - callTestCase(findTestCase("Test Reutilisable/Main/Identification"), ["Profiles":"Usager", "NumEtrangerVisa":NumEtrangerVisa], STOP_ON_FAILURE): Call Test Case 'Test Cases/Test Reutilisable/Main/Identification' successfully

2023-11-23 09:45:20 - [MESSAGE][INFO] - Checking called Test Case

2023-11-23 09:45:20 - [MESSAGE][INFO] - Starting to call Test Case 'Test Cases/Test Reutilisable/Main/Identification'

2023-11-23 09:45:20 - [TEST_CASE][PASSED] - Test Cases/Test Reutilisable/Main/Identification: Test Cases/Test Reutilisable/Main/Identification

2023-11-23 09:45:20 - [TEST_STEP][PASSED] - if (Profiles == "Usager"): Object 'Object Repository/Page_Accueil_Usager/Span_MesNotifications' is present

2023-11-23 09:45:20 - [TEST_STEP][PASSED] - delay(5): Delayed 5 second(s)

2023-11-23 09:45:20 - [MESSAGE][INFO] - Delaying browser in 5 second(s)

2023-11-23 09:45:25 - [MESSAGE][PASSED] - Delayed 5 second(s)

2023-11-23 09:45:25 - [TEST_STEP][PASSED] - click(findTestObject("Object Repository/Connexion Usager/Link_Se Connecter")): Object: 'Object Repository/Connexion Usager/Link_Se Connecter' is clicked on

2023-11-23 09:45:25 - [MESSAGE][INFO] - Finding Test Object 'Object Repository/Connexion Usager/Link_Se Connecter'

2023-11-23 09:45:25 - [MESSAGE][INFO] - Checking timeout

2023-11-23 09:45:25 - [MESSAGE][INFO] - Finding web element with id: 'Object Repository/Connexion Usager/Link_Se Connecter' located by 'By.xpath: //*[@id="connexion_link"]' in '20' second(s)

2023-11-23 09:45:25 - [MESSAGE][INFO] - Smart Wait Function is triggered

2023-11-23 09:45:25 - [MESSAGE][INFO] - Found 1 web elements with id: 'Object Repository/Connexion Usager/Link_Se Connecter' located by 'By.xpath: //*[@id="connexion_link"]' in '20' second(s)

2023-11-23 09:45:25 - [MESSAGE][INFO] - Checking object

2023-11-23 09:45:25 - [MESSAGE][INFO] - Checking timeout

2023-11-23 09:45:25 - [MESSAGE][INFO] - Finding web element from Test Object's properties

2023-11-23 09:45:25 - [MESSAGE][INFO] - Checking timeout

2023-11-23 09:45:25 - [MESSAGE][INFO] - Finding web element with id: 'Object Repository/Connexion Usager/Link_Se Connecter' located by 'By.xpath: //*[@id="connexion_link"]' in '5' second(s)

2023-11-23 09:45:25 - [MESSAGE][INFO] - Smart Wait Function is triggered

2023-11-23 09:45:25 - [MESSAGE][INFO] - Found 1 web elements with id: 'Object Repository/Connexion Usager/Link_Se Connecter' located by 'By.xpath: //*[@id="connexion_link"]' in '5' second(s)

2023-11-23 09:45:25 - [MESSAGE][INFO] - Clicking on object: 'Object Repository/Connexion Usager/Link_Se Connecter'

2023-11-23 09:45:28 - [MESSAGE][PASSED] - Object: 'Object Repository/Connexion Usager/Link_Se Connecter' is clicked on

2023-11-23 09:45:28 - [TEST_STEP][PASSED] - callTestCase(findTestCase("Test Reutilisable/Main/Erreur lie a la confidentialite"), [:], STOP_ON_FAILURE): Call Test Case 'Test Cases/Test Reutilisable/Main/Erreur lie a la confidentialite' successfully

2023-11-23 09:45:28 - [MESSAGE][INFO] - Checking called Test Case

2023-11-23 09:45:28 - [MESSAGE][INFO] - Starting to call Test Case 'Test Cases/Test Reutilisable/Main/Erreur lie a la confidentialite'

2023-11-23 09:45:28 - [TEST_CASE][PASSED] - Test Cases/Test Reutilisable/Main/Erreur lie a la confidentialite: Test Cases/Test Reutilisable/Main/Erreur lie a la confidentialite

2023-11-23 09:45:28 - [TEST_STEP][PASSED] - tools.WaitForLoadedPage.waitForElementRendering(): tools.WaitForLoadedPage.waitForElementRendering is PASSED

2023-11-23 09:45:28 - [MESSAGE][PASSED] - tools.WaitForLoadedPage.waitForElementRendering is PASSED

2023-11-23 09:45:28 - [TEST_STEP][PASSED] - "Call Highlight.on() automatically": null

2023-11-23 09:45:28 - [TEST_STEP][PASSED] - DriverName = DriverName: null

2023-11-23 09:45:28 - [TEST_STEP][PASSED] - if (DriverName == "CHROME_DRIVER" || "EDGE_CHROMIUM_DRIVER" || "HEADLESS_DRIVER"): com.kms.katalon.core.webui.exception.WebElementNotFoundException: Web element with id: 'Object Repository/Connexion Usager/Btn_Parametres Avances' located by '//*[@id="details-button"]' not found (Root cause: com.kms.katalon.core.exception.StepFailedException: com.kms.katalon.core.webui.exception.WebElementNotFoundException: Web element with id: 'Object Repository/Connexion Usager/Btn_Parametres Avances' located by '//*[@id="details-button"]' not found
	at com.kms.katalon.core.webui.keyword.internal.WebUIKeywordMain.stepFailed(WebUIKeywordMain.groovy:64)
	at com.kms.katalon.core.webui.keyword.builtin.VerifyElementPresentKeyword$_verifyElementPresent_closure1.doCall(VerifyElementPresentKeyword.groovy:85)
	at com.kms.katalon.core.webui.keyword.builtin.VerifyElementPresentKeyword$_verifyElementPresent_closure1.call(VerifyElementPresentKeyword.groovy)
	at com.kms.katalon.core.webui.keyword.internal.WebUIKeywordMain.runKeyword(WebUIKeywordMain.groovy:20)
	at com.kms.katalon.core.webui.keyword.builtin.VerifyElementPresentKeyword.verifyElementPresent(VerifyElementPresentKeyword.groovy:92)
	at com.kms.katalon.core.webui.keyword.builtin.VerifyElementPresentKeyword.execute(VerifyElementPresentKeyword.groovy:68)
	at com.kms.katalon.core.keyword.internal.KeywordExecutor.executeKeywordForPlatform(KeywordExecutor.groovy:74)
	at com.kms.katalon.core.webui.keyword.WebUiBuiltInKeywords.verifyElementPresent(WebUiBuiltInKeywords.groovy:1448)
	at com.kazurayam.ksbackyard.HighlightElement$_pandemic_closure1.doCall(HighlightElement.groovy:105)
	at Erreur lie a la confidentialite.run(Erreur lie a la confidentialite:43)
	at com.kms.katalon.core.main.ScriptEngine.run(ScriptEngine.java:194)
	at com.kms.katalon.core.main.ScriptEngine.runScriptAsRawText(ScriptEngine.java:119)
	at com.kms.katalon.core.main.TestCaseExecutor.runScript(TestCaseExecutor.java:448)
	at com.kms.katalon.core.main.TestCaseExecutor.doExecute(TestCaseExecutor.java:439)
	at com.kms.katalon.core.main.TestCaseExecutor.processExecutionPhase(TestCaseExecutor.java:418)
	at com.kms.katalon.core.main.TestCaseExecutor.accessMainPhase(TestCaseExecutor.java:410)
	at com.kms.katalon.core.main.TestCaseExecutor.execute(TestCaseExecutor.java:285)
	at com.kms.katalon.core.main.TestCaseMain.runTestCase(TestCaseMain.java:144)
	at com.kms.katalon.core.keyword.builtin.CallTestCaseKeyword$_callTestCase_closure1.doCall(CallTestCaseKeyword.groovy:59)
	at com.kms.katalon.core.keyword.builtin.CallTestCaseKeyword$_callTestCase_closure1.call(CallTestCaseKeyword.groovy)
	at com.kms.katalon.core.keyword.internal.KeywordMain.runKeyword(KeywordMain.groovy:75)
	at com.kms.katalon.core.keyword.builtin.CallTestCaseKeyword.callTestCase(CallTestCaseKeyword.groovy:81)
	at com.kms.katalon.core.keyword.builtin.CallTestCaseKeyword.execute(CallTestCaseKeyword.groovy:44)
	at com.kms.katalon.core.keyword.internal.KeywordExecutor.executeKeywordForPlatform(KeywordExecutor.groovy:74)
	at com.kms.katalon.core.keyword.BuiltinKeywords.callTestCase(BuiltinKeywords.groovy:310)
	at com.kazurayam.ksbackyard.HighlightElement$_pandemic_closure1.doCall(HighlightElement.groovy:105)
	at Identification.run(Identification:35)
	at com.kms.katalon.core.main.ScriptEngine.run(ScriptEngine.java:194)
	at com.kms.katalon.core.main.ScriptEngine.runScriptAsRawText(ScriptEngine.java:119)
	at com.kms.katalon.core.main.TestCaseExecutor.runScript(TestCaseExecutor.java:448)
	at com.kms.katalon.core.main.TestCaseExecutor.doExecute(TestCaseExecutor.java:439)
	at com.kms.katalon.core.main.TestCaseExecutor.processExecutionPhase(TestCaseExecutor.java:418)
	at com.kms.katalon.core.main.TestCaseExecutor.accessMainPhase(TestCaseExecutor.java:410)
	at com.kms.katalon.core.main.TestCaseExecutor.execute(TestCaseExecutor.java:285)
	at com.kms.katalon.core.main.TestCaseMain.runTestCase(TestCaseMain.java:144)
	at com.kms.katalon.core.keyword.builtin.CallTestCaseKeyword$_callTestCase_closure1.doCall(CallTestCaseKeyword.groovy:59)
	at com.kms.katalon.core.keyword.builtin.CallTestCaseKeyword$_callTestCase_closure1.call(CallTestCaseKeyword.groovy)
	at com.kms.katalon.core.keyword.internal.KeywordMain.runKeyword(KeywordMain.groovy:75)
	at com.kms.katalon.core.keyword.builtin.CallTestCaseKeyword.callTestCase(CallTestCaseKeyword.groovy:81)
	at com.kms.katalon.core.keyword.builtin.CallTestCaseKeyword.execute(CallTestCaseKeyword.groovy:44)
	at com.kms.katalon.core.keyword.internal.KeywordExecutor.executeKeywordForPlatform(KeywordExecutor.groovy:74)
	at com.kms.katalon.core.keyword.BuiltinKeywords.callTestCase(BuiltinKeywords.groovy:310)
	at com.kazurayam.ksbackyard.HighlightElement$_pandemic_closure1.doCall(HighlightElement.groovy:105)
	at TNR R.TSPT Supp90-Etudiant.run(TNR R.TSPT Supp90-Etudiant:35)
	at com.kms.katalon.core.main.ScriptEngine.run(ScriptEngine.java:194)
	at com.kms.katalon.core.main.ScriptEngine.runScriptAsRawText(ScriptEngine.java:119)
	at com.kms.katalon.core.main.TestCaseExecutor.runScript(TestCaseExecutor.java:448)
	at com.kms.katalon.core.main.TestCaseExecutor.doExecute(TestCaseExecutor.java:439)
	at com.kms.katalon.core.main.TestCaseExecutor.processExecutionPhase(TestCaseExecutor.java:418)
	at com.kms.katalon.core.main.TestCaseExecutor.accessMainPhase(TestCaseExecutor.java:410)
	at com.kms.katalon.core.main.TestCaseExecutor.execute(TestCaseExecutor.java:285)
	at com.kms.katalon.core.common.CommonExecutor.accessTestCaseMainPhase(CommonExecutor.java:65)
	at com.kms.katalon.core.main.TestSuiteExecutor.accessTestSuiteMainPhase(TestSuiteExecutor.java:148)
	at com.kms.katalon.core.main.TestSuiteExecutor.execute(TestSuiteExecutor.java:106)
	at com.kms.katalon.core.main.TestCaseMain.startTestSuite(TestCaseMain.java:187)
	at com.kms.katalon.core.main.TestCaseMain$startTestSuite$0.call(Unknown Source)
	at TempTestSuite1700729086901.run(TempTestSuite1700729086901.groovy:36)
)

2023-11-23 09:45:28 - [TEST_STEP][PASSED] - if (verifyElementPresent(findTestObject("Object Repository/Connexion Usager/Btn_Parametres Avances"), 2, OPTIONAL)): com.kms.katalon.core.webui.exception.WebElementNotFoundException: Web element with id: 'Object Repository/Connexion Usager/Btn_Parametres Avances' located by '//*[@id="details-button"]' not found (Root cause: com.kms.katalon.core.exception.StepFailedException: com.kms.katalon.core.webui.exception.WebElementNotFoundException: Web element with id: 'Object Repository/Connexion Usager/Btn_Parametres Avances' located by '//*[@id="details-button"]' not found
	at com.kms.katalon.core.webui.keyword.internal.WebUIKeywordMain.stepFailed(WebUIKeywordMain.groovy:64)
	at com.kms.katalon.core.webui.keyword.builtin.VerifyElementPresentKeyword$_verifyElementPresent_closure1.doCall(VerifyElementPresentKeyword.groovy:85)
	at com.kms.katalon.core.webui.keyword.builtin.VerifyElementPresentKeyword$_verifyElementPresent_closure1.call(VerifyElementPresentKeyword.groovy)
	at com.kms.katalon.core.webui.keyword.internal.WebUIKeywordMain.runKeyword(WebUIKeywordMain.groovy:20)
	at com.kms.katalon.core.webui.keyword.builtin.VerifyElementPresentKeyword.verifyElementPresent(VerifyElementPresentKeyword.groovy:92)
	at com.kms.katalon.core.webui.keyword.builtin.VerifyElementPresentKeyword.execute(VerifyElementPresentKeyword.groovy:68)
	at com.kms.katalon.core.keyword.internal.KeywordExecutor.executeKeywordForPlatform(KeywordExecutor.groovy:74)
	at com.kms.katalon.core.webui.keyword.WebUiBuiltInKeywords.verifyElementPresent(WebUiBuiltInKeywords.groovy:1448)
	at com.kazurayam.ksbackyard.HighlightElement$_pandemic_closure1.doCall(HighlightElement.groovy:105)
	at Erreur lie a la confidentialite.run(Erreur lie a la confidentialite:43)
	at com.kms.katalon.core.main.ScriptEngine.run(ScriptEngine.java:194)
	at com.kms.katalon.core.main.ScriptEngine.runScriptAsRawText(ScriptEngine.java:119)
	at com.kms.katalon.core.main.TestCaseExecutor.runScript(TestCaseExecutor.java:448)
	at com.kms.katalon.core.main.TestCaseExecutor.doExecute(TestCaseExecutor.java:439)
	at com.kms.katalon.core.main.TestCaseExecutor.processExecutionPhase(TestCaseExecutor.java:418)
	at com.kms.katalon.core.main.TestCaseExecutor.accessMainPhase(TestCaseExecutor.java:410)
	at com.kms.katalon.core.main.TestCaseExecutor.execute(TestCaseExecutor.java:285)
	at com.kms.katalon.core.main.TestCaseMain.runTestCase(TestCaseMain.java:144)
	at com.kms.katalon.core.keyword.builtin.CallTestCaseKeyword$_callTestCase_closure1.doCall(CallTestCaseKeyword.groovy:59)
	at com.kms.katalon.core.keyword.builtin.CallTestCaseKeyword$_callTestCase_closure1.call(CallTestCaseKeyword.groovy)
	at com.kms.katalon.core.keyword.internal.KeywordMain.runKeyword(KeywordMain.groovy:75)
	at com.kms.katalon.core.keyword.builtin.CallTestCaseKeyword.callTestCase(CallTestCaseKeyword.groovy:81)
	at com.kms.katalon.core.keyword.builtin.CallTestCaseKeyword.execute(CallTestCaseKeyword.groovy:44)
	at com.kms.katalon.core.keyword.internal.KeywordExecutor.executeKeywordForPlatform(KeywordExecutor.groovy:74)
	at com.kms.katalon.core.keyword.BuiltinKeywords.callTestCase(BuiltinKeywords.groovy:310)
	at com.kazurayam.ksbackyard.HighlightElement$_pandemic_closure1.doCall(HighlightElement.groovy:105)
	at Identification.run(Identification:35)
	at com.kms.katalon.core.main.ScriptEngine.run(ScriptEngine.java:194)
	at com.kms.katalon.core.main.ScriptEngine.runScriptAsRawText(ScriptEngine.java:119)
	at com.kms.katalon.core.main.TestCaseExecutor.runScript(TestCaseExecutor.java:448)
	at com.kms.katalon.core.main.TestCaseExecutor.doExecute(TestCaseExecutor.java:439)
	at com.kms.katalon.core.main.TestCaseExecutor.processExecutionPhase(TestCaseExecutor.java:418)
	at com.kms.katalon.core.main.TestCaseExecutor.accessMainPhase(TestCaseExecutor.java:410)
	at com.kms.katalon.core.main.TestCaseExecutor.execute(TestCaseExecutor.java:285)
	at com.kms.katalon.core.main.TestCaseMain.runTestCase(TestCaseMain.java:144)
	at com.kms.katalon.core.keyword.builtin.CallTestCaseKeyword$_callTestCase_closure1.doCall(CallTestCaseKeyword.groovy:59)
	at com.kms.katalon.core.keyword.builtin.CallTestCaseKeyword$_callTestCase_closure1.call(CallTestCaseKeyword.groovy)
	at com.kms.katalon.core.keyword.internal.KeywordMain.runKeyword(KeywordMain.groovy:75)
	at com.kms.katalon.core.keyword.builtin.CallTestCaseKeyword.callTestCase(CallTestCaseKeyword.groovy:81)
	at com.kms.katalon.core.keyword.builtin.CallTestCaseKeyword.execute(CallTestCaseKeyword.groovy:44)
	at com.kms.katalon.core.keyword.internal.KeywordExecutor.executeKeywordForPlatform(KeywordExecutor.groovy:74)
	at com.kms.katalon.core.keyword.BuiltinKeywords.callTestCase(BuiltinKeywords.groovy:310)
	at com.kazurayam.ksbackyard.HighlightElement$_pandemic_closure1.doCall(HighlightElement.groovy:105)
	at TNR R.TSPT Supp90-Etudiant.run(TNR R.TSPT Supp90-Etudiant:35)
	at com.kms.katalon.core.main.ScriptEngine.run(ScriptEngine.java:194)
	at com.kms.katalon.core.main.ScriptEngine.runScriptAsRawText(ScriptEngine.java:119)
	at com.kms.katalon.core.main.TestCaseExecutor.runScript(TestCaseExecutor.java:448)
	at com.kms.katalon.core.main.TestCaseExecutor.doExecute(TestCaseExecutor.java:439)
	at com.kms.katalon.core.main.TestCaseExecutor.processExecutionPhase(TestCaseExecutor.java:418)
	at com.kms.katalon.core.main.TestCaseExecutor.accessMainPhase(TestCaseExecutor.java:410)
	at com.kms.katalon.core.main.TestCaseExecutor.execute(TestCaseExecutor.java:285)
	at com.kms.katalon.core.common.CommonExecutor.accessTestCaseMainPhase(CommonExecutor.java:65)
	at com.kms.katalon.core.main.TestSuiteExecutor.accessTestSuiteMainPhase(TestSuiteExecutor.java:148)
	at com.kms.katalon.core.main.TestSuiteExecutor.execute(TestSuiteExecutor.java:106)
	at com.kms.katalon.core.main.TestCaseMain.startTestSuite(TestCaseMain.java:187)
	at com.kms.katalon.core.main.TestCaseMain$startTestSuite$0.call(Unknown Source)
	at TempTestSuite1700729086901.run(TempTestSuite1700729086901.groovy:36)
)

2023-11-23 09:45:28 - [MESSAGE][INFO] - Finding Test Object 'Object Repository/Connexion Usager/Btn_Parametres Avances'

2023-11-23 09:45:28 - [MESSAGE][INFO] - Checking object

2023-11-23 09:45:28 - [MESSAGE][INFO] - Finding web element from Test Object's properties

2023-11-23 09:45:28 - [MESSAGE][INFO] - Checking timeout

2023-11-23 09:45:28 - [MESSAGE][INFO] - Finding web element with id: 'Object Repository/Connexion Usager/Btn_Parametres Avances' located by 'By.xpath: //*[@id="details-button"]' in '2' second(s)

2023-11-23 09:45:28 - [MESSAGE][INFO] - Smart Wait Function is triggered

2023-11-23 09:45:28 - [MESSAGE][INFO] - Smart Wait Function is triggered

2023-11-23 09:45:28 - [MESSAGE][INFO] - Smart Wait Function is triggered

2023-11-23 09:45:28 - [MESSAGE][INFO] - Smart Wait Function is triggered

2023-11-23 09:45:28 - [MESSAGE][INFO] - Smart Wait Function is triggered

2023-11-23 09:45:28 - [MESSAGE][INFO] - Smart Wait Function is triggered

2023-11-23 09:45:28 - [MESSAGE][INFO] - Smart Wait Function is triggered

2023-11-23 09:45:28 - [MESSAGE][INFO] - Smart Wait Function is triggered

2023-11-23 09:45:28 - [MESSAGE][INFO] - Smart Wait Function is triggered

2023-11-23 09:45:28 - [MESSAGE][INFO] - Smart Wait Function is triggered

2023-11-23 09:45:28 - [MESSAGE][INFO] - Smart Wait Function is triggered

2023-11-23 09:45:28 - [MESSAGE][INFO] - Smart Wait Function is triggered

2023-11-23 09:45:28 - [MESSAGE][INFO] - Smart Wait Function is triggered

2023-11-23 09:45:28 - [MESSAGE][INFO] - Smart Wait Function is triggered

2023-11-23 09:45:28 - [MESSAGE][INFO] - Smart Wait Function is triggered

2023-11-23 09:45:28 - [MESSAGE][INFO] - Smart Wait Function is triggered

2023-11-23 09:45:28 - [MESSAGE][INFO] - Smart Wait Function is triggered

2023-11-23 09:45:28 - [MESSAGE][INFO] - Smart Wait Function is triggered

2023-11-23 09:45:28 - [MESSAGE][INFO] - Smart Wait Function is triggered

2023-11-23 09:45:28 - [MESSAGE][INFO] - Smart Wait Function is triggered

2023-11-23 09:45:28 - [MESSAGE][INFO] - Smart Wait Function is triggered

2023-11-23 09:45:28 - [MESSAGE][INFO] - Smart Wait Function is triggered

2023-11-23 09:45:28 - [MESSAGE][INFO] - Smart Wait Function is triggered

2023-11-23 09:45:29 - [MESSAGE][INFO] - Smart Wait Function is triggered

2023-11-23 09:45:29 - [MESSAGE][INFO] - Smart Wait Function is triggered

2023-11-23 09:45:29 - [MESSAGE][INFO] - Smart Wait Function is triggered

2023-11-23 09:45:29 - [MESSAGE][INFO] - Smart Wait Function is triggered

2023-11-23 09:45:29 - [MESSAGE][INFO] - Smart Wait Function is triggered

2023-11-23 09:45:29 - [MESSAGE][INFO] - Smart Wait Function is triggered

2023-11-23 09:45:29 - [MESSAGE][INFO] - Smart Wait Function is triggered

2023-11-23 09:45:29 - [MESSAGE][INFO] - Smart Wait Function is triggered

2023-11-23 09:45:29 - [MESSAGE][INFO] - Smart Wait Function is triggered

2023-11-23 09:45:29 - [MESSAGE][INFO] - Smart Wait Function is triggered

2023-11-23 09:45:29 - [MESSAGE][INFO] - Smart Wait Function is triggered

2023-11-23 09:45:29 - [MESSAGE][INFO] - Smart Wait Function is triggered

2023-11-23 09:45:29 - [MESSAGE][INFO] - Smart Wait Function is triggered

2023-11-23 09:45:29 - [MESSAGE][INFO] - Smart Wait Function is triggered

2023-11-23 09:45:29 - [MESSAGE][INFO] - Smart Wait Function is triggered

2023-11-23 09:45:29 - [MESSAGE][INFO] - Smart Wait Function is triggered

2023-11-23 09:45:29 - [MESSAGE][INFO] - Smart Wait Function is triggered

2023-11-23 09:45:29 - [MESSAGE][INFO] - Smart Wait Function is triggered

2023-11-23 09:45:29 - [MESSAGE][INFO] - Smart Wait Function is triggered

2023-11-23 09:45:29 - [MESSAGE][INFO] - Smart Wait Function is triggered

2023-11-23 09:45:29 - [MESSAGE][INFO] - Smart Wait Function is triggered

2023-11-23 09:45:29 - [MESSAGE][INFO] - Smart Wait Function is triggered

2023-11-23 09:45:29 - [MESSAGE][INFO] - Smart Wait Function is triggered

2023-11-23 09:45:29 - [MESSAGE][INFO] - Smart Wait Function is triggered

2023-11-23 09:45:29 - [MESSAGE][INFO] - Smart Wait Function is triggered

2023-11-23 09:45:29 - [MESSAGE][INFO] - Smart Wait Function is triggered

2023-11-23 09:45:29 - [MESSAGE][INFO] - Smart Wait Function is triggered

2023-11-23 09:45:29 - [MESSAGE][INFO] - Smart Wait Function is triggered

2023-11-23 09:45:29 - [MESSAGE][INFO] - Smart Wait Function is triggered

2023-11-23 09:45:29 - [MESSAGE][INFO] - Smart Wait Function is triggered

2023-11-23 09:45:29 - [MESSAGE][INFO] - Smart Wait Function is triggered

2023-11-23 09:45:29 - [MESSAGE][INFO] - Smart Wait Function is triggered

2023-11-23 09:45:30 - [MESSAGE][INFO] - Smart Wait Function is triggered

2023-11-23 09:45:30 - [MESSAGE][INFO] - Smart Wait Function is triggered

2023-11-23 09:45:30 - [MESSAGE][INFO] - Smart Wait Function is triggered

2023-11-23 09:45:30 - [MESSAGE][INFO] - Smart Wait Function is triggered

2023-11-23 09:45:30 - [MESSAGE][INFO] - Smart Wait Function is triggered

2023-11-23 09:45:30 - [MESSAGE][INFO] - Smart Wait Function is triggered

2023-11-23 09:45:30 - [MESSAGE][INFO] - Smart Wait Function is triggered

2023-11-23 09:45:30 - [MESSAGE][INFO] - Smart Wait Function is triggered

2023-11-23 09:45:30 - [MESSAGE][INFO] - Smart Wait Function is triggered

2023-11-23 09:45:30 - [MESSAGE][INFO] - Smart Wait Function is triggered

2023-11-23 09:45:30 - [MESSAGE][INFO] - Smart Wait Function is triggered

2023-11-23 09:45:30 - [MESSAGE][INFO] - Smart Wait Function is triggered

2023-11-23 09:45:30 - [MESSAGE][INFO] - Smart Wait Function is triggered

2023-11-23 09:45:30 - [MESSAGE][INFO] - Smart Wait Function is triggered

2023-11-23 09:45:30 - [MESSAGE][INFO] - Smart Wait Function is triggered

2023-11-23 09:45:30 - [MESSAGE][INFO] - Smart Wait Function is triggered

2023-11-23 09:45:30 - [MESSAGE][INFO] - Smart Wait Function is triggered

2023-11-23 09:45:30 - [MESSAGE][INFO] - Smart Wait Function is triggered

2023-11-23 09:45:30 - [MESSAGE][INFO] - Smart Wait Function is triggered

2023-11-23 09:45:30 - [MESSAGE][INFO] - Smart Wait Function is triggered

2023-11-23 09:45:30 - [MESSAGE][INFO] - Smart Wait Function is triggered

2023-11-23 09:45:30 - [MESSAGE][INFO] - Smart Wait Function is triggered

2023-11-23 09:45:30 - [MESSAGE][INFO] - Smart Wait Function is triggered

2023-11-23 09:45:30 - [MESSAGE][INFO] - Smart Wait Function is triggered

2023-11-23 09:45:30 - [MESSAGE][INFO] - Smart Wait Function is triggered

2023-11-23 09:45:30 - [MESSAGE][INFO] - Smart Wait Function is triggered

2023-11-23 09:45:30 - [MESSAGE][INFO] - Smart Wait Function is triggered

2023-11-23 09:45:30 - [MESSAGE][INFO] - Smart Wait Function is triggered

2023-11-23 09:45:30 - [MESSAGE][INFO] - Smart Wait Function is triggered

2023-11-23 09:45:30 - [MESSAGE][INFO] - Smart Wait Function is triggered

2023-11-23 09:45:30 - [MESSAGE][INFO] - Smart Wait Function is triggered

2023-11-23 09:45:30 - [MESSAGE][INFO] - Smart Wait Function is triggered

2023-11-23 09:45:31 - [MESSAGE][INFO] - Smart Wait Function is triggered

2023-11-23 09:45:31 - [MESSAGE][INFO] - Smart Wait Function is triggered

2023-11-23 09:45:31 - [MESSAGE][INFO] - Smart Wait Function is triggered

2023-11-23 09:45:31 - [MESSAGE][INFO] - Smart Wait Function is triggered

2023-11-23 09:45:31 - [MESSAGE][INFO] - Smart Wait Function is triggered

2023-11-23 09:45:31 - [MESSAGE][INFO] - Smart Wait Function is triggered

2023-11-23 09:45:31 - [MESSAGE][INFO] - Smart Wait Function is triggered

2023-11-23 09:45:31 - [MESSAGE][INFO] - Smart Wait Function is triggered

2023-11-23 09:45:31 - [MESSAGE][INFO] - Smart Wait Function is triggered

2023-11-23 09:45:31 - [MESSAGE][INFO] - Smart Wait Function is triggered

2023-11-23 09:45:31 - [MESSAGE][INFO] - Unable to find the element located by 'By.xpath: //*[@id="details-button"]'. Please recheck the objects properties to make sure the desired element is located. 

2023-11-23 09:45:31 - [MESSAGE][WARNING] - com.kms.katalon.core.webui.exception.WebElementNotFoundException: Web element with id: 'Object Repository/Connexion Usager/Btn_Parametres Avances' located by '//*[@id="details-button"]' not found (Root cause: com.kms.katalon.core.exception.StepFailedException: com.kms.katalon.core.webui.exception.WebElementNotFoundException: Web element with id: 'Object Repository/Connexion Usager/Btn_Parametres Avances' located by '//*[@id="details-button"]' not found
	at com.kms.katalon.core.webui.keyword.internal.WebUIKeywordMain.stepFailed(WebUIKeywordMain.groovy:64)
	at com.kms.katalon.core.webui.keyword.builtin.VerifyElementPresentKeyword$_verifyElementPresent_closure1.doCall(VerifyElementPresentKeyword.groovy:85)
	at com.kms.katalon.core.webui.keyword.builtin.VerifyElementPresentKeyword$_verifyElementPresent_closure1.call(VerifyElementPresentKeyword.groovy)
	at com.kms.katalon.core.webui.keyword.internal.WebUIKeywordMain.runKeyword(WebUIKeywordMain.groovy:20)
	at com.kms.katalon.core.webui.keyword.builtin.VerifyElementPresentKeyword.verifyElementPresent(VerifyElementPresentKeyword.groovy:92)
	at com.kms.katalon.core.webui.keyword.builtin.VerifyElementPresentKeyword.execute(VerifyElementPresentKeyword.groovy:68)
	at com.kms.katalon.core.keyword.internal.KeywordExecutor.executeKeywordForPlatform(KeywordExecutor.groovy:74)
	at com.kms.katalon.core.webui.keyword.WebUiBuiltInKeywords.verifyElementPresent(WebUiBuiltInKeywords.groovy:1448)
	at com.kazurayam.ksbackyard.HighlightElement$_pandemic_closure1.doCall(HighlightElement.groovy:105)
	at Erreur lie a la confidentialite.run(Erreur lie a la confidentialite:43)
	at com.kms.katalon.core.main.ScriptEngine.run(ScriptEngine.java:194)
	at com.kms.katalon.core.main.ScriptEngine.runScriptAsRawText(ScriptEngine.java:119)
	at com.kms.katalon.core.main.TestCaseExecutor.runScript(TestCaseExecutor.java:448)
	at com.kms.katalon.core.main.TestCaseExecutor.doExecute(TestCaseExecutor.java:439)
	at com.kms.katalon.core.main.TestCaseExecutor.processExecutionPhase(TestCaseExecutor.java:418)
	at com.kms.katalon.core.main.TestCaseExecutor.accessMainPhase(TestCaseExecutor.java:410)
	at com.kms.katalon.core.main.TestCaseExecutor.execute(TestCaseExecutor.java:285)
	at com.kms.katalon.core.main.TestCaseMain.runTestCase(TestCaseMain.java:144)
	at com.kms.katalon.core.keyword.builtin.CallTestCaseKeyword$_callTestCase_closure1.doCall(CallTestCaseKeyword.groovy:59)
	at com.kms.katalon.core.keyword.builtin.CallTestCaseKeyword$_callTestCase_closure1.call(CallTestCaseKeyword.groovy)
	at com.kms.katalon.core.keyword.internal.KeywordMain.runKeyword(KeywordMain.groovy:75)
	at com.kms.katalon.core.keyword.builtin.CallTestCaseKeyword.callTestCase(CallTestCaseKeyword.groovy:81)
	at com.kms.katalon.core.keyword.builtin.CallTestCaseKeyword.execute(CallTestCaseKeyword.groovy:44)
	at com.kms.katalon.core.keyword.internal.KeywordExecutor.executeKeywordForPlatform(KeywordExecutor.groovy:74)
	at com.kms.katalon.core.keyword.BuiltinKeywords.callTestCase(BuiltinKeywords.groovy:310)
	at com.kazurayam.ksbackyard.HighlightElement$_pandemic_closure1.doCall(HighlightElement.groovy:105)
	at Identification.run(Identification:35)
	at com.kms.katalon.core.main.ScriptEngine.run(ScriptEngine.java:194)
	at com.kms.katalon.core.main.ScriptEngine.runScriptAsRawText(ScriptEngine.java:119)
	at com.kms.katalon.core.main.TestCaseExecutor.runScript(TestCaseExecutor.java:448)
	at com.kms.katalon.core.main.TestCaseExecutor.doExecute(TestCaseExecutor.java:439)
	at com.kms.katalon.core.main.TestCaseExecutor.processExecutionPhase(TestCaseExecutor.java:418)
	at com.kms.katalon.core.main.TestCaseExecutor.accessMainPhase(TestCaseExecutor.java:410)
	at com.kms.katalon.core.main.TestCaseExecutor.execute(TestCaseExecutor.java:285)
	at com.kms.katalon.core.main.TestCaseMain.runTestCase(TestCaseMain.java:144)
	at com.kms.katalon.core.keyword.builtin.CallTestCaseKeyword$_callTestCase_closure1.doCall(CallTestCaseKeyword.groovy:59)
	at com.kms.katalon.core.keyword.builtin.CallTestCaseKeyword$_callTestCase_closure1.call(CallTestCaseKeyword.groovy)
	at com.kms.katalon.core.keyword.internal.KeywordMain.runKeyword(KeywordMain.groovy:75)
	at com.kms.katalon.core.keyword.builtin.CallTestCaseKeyword.callTestCase(CallTestCaseKeyword.groovy:81)
	at com.kms.katalon.core.keyword.builtin.CallTestCaseKeyword.execute(CallTestCaseKeyword.groovy:44)
	at com.kms.katalon.core.keyword.internal.KeywordExecutor.executeKeywordForPlatform(KeywordExecutor.groovy:74)
	at com.kms.katalon.core.keyword.BuiltinKeywords.callTestCase(BuiltinKeywords.groovy:310)
	at com.kazurayam.ksbackyard.HighlightElement$_pandemic_closure1.doCall(HighlightElement.groovy:105)
	at TNR R.TSPT Supp90-Etudiant.run(TNR R.TSPT Supp90-Etudiant:35)
	at com.kms.katalon.core.main.ScriptEngine.run(ScriptEngine.java:194)
	at com.kms.katalon.core.main.ScriptEngine.runScriptAsRawText(ScriptEngine.java:119)
	at com.kms.katalon.core.main.TestCaseExecutor.runScript(TestCaseExecutor.java:448)
	at com.kms.katalon.core.main.TestCaseExecutor.doExecute(TestCaseExecutor.java:439)
	at com.kms.katalon.core.main.TestCaseExecutor.processExecutionPhase(TestCaseExecutor.java:418)
	at com.kms.katalon.core.main.TestCaseExecutor.accessMainPhase(TestCaseExecutor.java:410)
	at com.kms.katalon.core.main.TestCaseExecutor.execute(TestCaseExecutor.java:285)
	at com.kms.katalon.core.common.CommonExecutor.accessTestCaseMainPhase(CommonExecutor.java:65)
	at com.kms.katalon.core.main.TestSuiteExecutor.accessTestSuiteMainPhase(TestSuiteExecutor.java:148)
	at com.kms.katalon.core.main.TestSuiteExecutor.execute(TestSuiteExecutor.java:106)
	at com.kms.katalon.core.main.TestCaseMain.startTestSuite(TestCaseMain.java:187)
	at com.kms.katalon.core.main.TestCaseMain$startTestSuite$0.call(Unknown Source)
	at TempTestSuite1700729086901.run(TempTestSuite1700729086901.groovy:36)
)
[[ATTACHMENT|C:\\Users\\hhizaoui\\.git\\NewProject29092023\\Nouveau dossier1\\21_11\\ANEF-AutomatizationProject\\Reports\\20231123_094446\\TS_TNR_R.TSPT_Suppo90\\20231123_094446\\1700729131322.png]]

2023-11-23 09:45:31 - [TEST_STEP][PASSED] - if (DriverName == "IE_DRIVER"): null

2023-11-23 09:45:31 - [TEST_STEP][PASSED] - delay(3): Delayed 3 second(s)

2023-11-23 09:45:31 - [MESSAGE][INFO] - Delaying browser in 3 second(s)

2023-11-23 09:45:34 - [MESSAGE][PASSED] - Delayed 3 second(s)

2023-11-23 09:45:34 - [MESSAGE][PASSED] - Call Test Case 'Test Cases/Test Reutilisable/Main/Erreur lie a la confidentialite' successfully

2023-11-23 09:45:34 - [TEST_STEP][PASSED] - delay(5): Delayed 5 second(s)

2023-11-23 09:45:34 - [MESSAGE][INFO] - Delaying browser in 5 second(s)

2023-11-23 09:45:39 - [MESSAGE][PASSED] - Delayed 5 second(s)

2023-11-23 09:45:39 - [TEST_STEP][PASSED] - setText(findTestObject("Object Repository/Connexion Usager/Input_Identifiant"), NumEtrangerVisa): Text '7703040850' is set on object 'Object Repository/Connexion Usager/Input_Identifiant'

2023-11-23 09:45:39 - [MESSAGE][INFO] - Finding Test Object 'Object Repository/Connexion Usager/Input_Identifiant'

2023-11-23 09:45:39 - [MESSAGE][INFO] - Checking timeout

2023-11-23 09:45:39 - [MESSAGE][INFO] - Finding web element with id: 'Object Repository/Connexion Usager/Input_Identifiant' located by 'By.xpath: //*[@id="login"]' in '20' second(s)

2023-11-23 09:45:39 - [MESSAGE][INFO] - Smart Wait Function is triggered

2023-11-23 09:45:39 - [MESSAGE][INFO] - Found 1 web elements with id: 'Object Repository/Connexion Usager/Input_Identifiant' located by 'By.xpath: //*[@id="login"]' in '20' second(s)

2023-11-23 09:45:39 - [MESSAGE][INFO] - Checking object

2023-11-23 09:45:39 - [MESSAGE][INFO] - Checking text

2023-11-23 09:45:39 - [MESSAGE][INFO] - Finding web element from Test Object's properties

2023-11-23 09:45:39 - [MESSAGE][INFO] - Checking timeout

2023-11-23 09:45:39 - [MESSAGE][INFO] - Finding web element with id: 'Object Repository/Connexion Usager/Input_Identifiant' located by 'By.xpath: //*[@id="login"]' in '5' second(s)

2023-11-23 09:45:39 - [MESSAGE][INFO] - Smart Wait Function is triggered

2023-11-23 09:45:39 - [MESSAGE][INFO] - Found 1 web elements with id: 'Object Repository/Connexion Usager/Input_Identifiant' located by 'By.xpath: //*[@id="login"]' in '5' second(s)

2023-11-23 09:45:39 - [MESSAGE][INFO] - Clearing text of object 'Object Repository/Connexion Usager/Input_Identifiant'

2023-11-23 09:45:41 - [MESSAGE][INFO] - Finding web element from Test Object's properties

2023-11-23 09:45:41 - [MESSAGE][INFO] - Checking timeout

2023-11-23 09:45:41 - [MESSAGE][INFO] - Finding web element with id: 'Object Repository/Connexion Usager/Input_Identifiant' located by 'By.xpath: //*[@id="login"]' in '5' second(s)

2023-11-23 09:45:41 - [MESSAGE][INFO] - Smart Wait Function is triggered

2023-11-23 09:45:41 - [MESSAGE][INFO] - Found 1 web elements with id: 'Object Repository/Connexion Usager/Input_Identifiant' located by 'By.xpath: //*[@id="login"]' in '5' second(s)

2023-11-23 09:45:41 - [MESSAGE][INFO] - Setting text of object 'Object Repository/Connexion Usager/Input_Identifiant' to value '7703040850'

2023-11-23 09:45:43 - [MESSAGE][PASSED] - Text '7703040850' is set on object 'Object Repository/Connexion Usager/Input_Identifiant'

2023-11-23 09:45:43 - [TEST_STEP][PASSED] - NumEtrangerVisa = NumEtrangerVisa: null

2023-11-23 09:45:43 - [TEST_STEP][PASSED] - setEncryptedText(findTestObject("Object Repository/Connexion Usager/Input_MDP"), Password): Text ****** has been set on object 'Object Repository/Connexion Usager/Input_MDP'

2023-11-23 09:45:43 - [MESSAGE][INFO] - Finding Test Object 'Object Repository/Connexion Usager/Input_MDP'

2023-11-23 09:45:43 - [MESSAGE][INFO] - Checking timeout

2023-11-23 09:45:43 - [MESSAGE][INFO] - Finding web element with id: 'Object Repository/Connexion Usager/Input_MDP' located by 'By.xpath: //*[@id="password"]' in '20' second(s)

2023-11-23 09:45:43 - [MESSAGE][INFO] - Smart Wait Function is triggered

2023-11-23 09:45:43 - [MESSAGE][INFO] - Found 1 web elements with id: 'Object Repository/Connexion Usager/Input_MDP' located by 'By.xpath: //*[@id="password"]' in '20' second(s)

2023-11-23 09:45:43 - [MESSAGE][INFO] - Checking object

2023-11-23 09:45:43 - [MESSAGE][INFO] - Checking text

2023-11-23 09:45:43 - [MESSAGE][INFO] - Finding web element from Test Object's properties

2023-11-23 09:45:43 - [MESSAGE][INFO] - Checking timeout

2023-11-23 09:45:43 - [MESSAGE][INFO] - Finding web element with id: 'Object Repository/Connexion Usager/Input_MDP' located by 'By.xpath: //*[@id="password"]' in '5' second(s)

2023-11-23 09:45:43 - [MESSAGE][INFO] - Smart Wait Function is triggered

2023-11-23 09:45:43 - [MESSAGE][INFO] - Found 1 web elements with id: 'Object Repository/Connexion Usager/Input_MDP' located by 'By.xpath: //*[@id="password"]' in '5' second(s)

2023-11-23 09:45:43 - [MESSAGE][INFO] - Clearing text of object 'Object Repository/Connexion Usager/Input_MDP'

2023-11-23 09:45:46 - [MESSAGE][INFO] - Setting  text of object 'Object Repository/Connexion Usager/Input_MDP' to value ******

2023-11-23 09:45:48 - [MESSAGE][PASSED] - Text ****** has been set on object 'Object Repository/Connexion Usager/Input_MDP'

2023-11-23 09:45:48 - [TEST_STEP][PASSED] - click(findTestObject("Object Repository/Connexion Usager/btn_Sidentifier")): Object: 'Object Repository/Connexion Usager/btn_Sidentifier' is clicked on

2023-11-23 09:45:48 - [MESSAGE][INFO] - Finding Test Object 'Object Repository/Connexion Usager/btn_Sidentifier'

2023-11-23 09:45:48 - [MESSAGE][INFO] - Checking timeout

2023-11-23 09:45:48 - [MESSAGE][INFO] - Finding web element with id: 'Object Repository/Connexion Usager/btn_Sidentifier' located by 'By.xpath: //*[@type= 'submit']' in '20' second(s)

2023-11-23 09:45:48 - [MESSAGE][INFO] - Smart Wait Function is triggered

2023-11-23 09:45:48 - [MESSAGE][INFO] - Found 1 web elements with id: 'Object Repository/Connexion Usager/btn_Sidentifier' located by 'By.xpath: //*[@type= 'submit']' in '20' second(s)

2023-11-23 09:45:48 - [MESSAGE][INFO] - Checking object

2023-11-23 09:45:48 - [MESSAGE][INFO] - Checking timeout

2023-11-23 09:45:48 - [MESSAGE][INFO] - Finding web element from Test Object's properties

2023-11-23 09:45:48 - [MESSAGE][INFO] - Checking timeout

2023-11-23 09:45:48 - [MESSAGE][INFO] - Finding web element with id: 'Object Repository/Connexion Usager/btn_Sidentifier' located by 'By.xpath: //*[@type= 'submit']' in '5' second(s)

2023-11-23 09:45:48 - [MESSAGE][INFO] - Smart Wait Function is triggered

2023-11-23 09:45:48 - [MESSAGE][INFO] - Found 1 web elements with id: 'Object Repository/Connexion Usager/btn_Sidentifier' located by 'By.xpath: //*[@type= 'submit']' in '5' second(s)

2023-11-23 09:45:48 - [MESSAGE][INFO] - Clicking on object: 'Object Repository/Connexion Usager/btn_Sidentifier'

2023-11-23 09:45:51 - [MESSAGE][PASSED] - Object: 'Object Repository/Connexion Usager/btn_Sidentifier' is clicked on

2023-11-23 09:45:51 - [TEST_STEP][PASSED] - delay(15): Delayed 15 second(s)

2023-11-23 09:45:51 - [MESSAGE][INFO] - Delaying browser in 15 second(s)

2023-11-23 09:46:06 - [MESSAGE][PASSED] - Delayed 15 second(s)

2023-11-23 09:46:06 - [TEST_STEP][PASSED] - verifyElementPresent(findTestObject("Object Repository/Page_Accueil_Usager/Span_MesNotifications"), 2, STOP_ON_FAILURE): Object 'Object Repository/Page_Accueil_Usager/Span_MesNotifications' is present

2023-11-23 09:46:06 - [MESSAGE][INFO] - Finding Test Object 'Object Repository/Page_Accueil_Usager/Span_MesNotifications'

2023-11-23 09:46:06 - [MESSAGE][INFO] - Checking object

2023-11-23 09:46:06 - [MESSAGE][INFO] - Finding web element from Test Object's properties

2023-11-23 09:46:06 - [MESSAGE][INFO] - Checking timeout

2023-11-23 09:46:06 - [MESSAGE][INFO] - Finding web element with id: 'Object Repository/Page_Accueil_Usager/Span_MesNotifications' located by 'By.xpath: //*[@id="navBar-new"]/nav/div[3]/div/div/ul/li[1]/a/span' in '2' second(s)

2023-11-23 09:46:06 - [MESSAGE][INFO] - Smart Wait Function is triggered

2023-11-23 09:46:06 - [MESSAGE][INFO] - Found 1 web elements with id: 'Object Repository/Page_Accueil_Usager/Span_MesNotifications' located by 'By.xpath: //*[@id="navBar-new"]/nav/div[3]/div/div/ul/li[1]/a/span' in '2' second(s)

2023-11-23 09:46:06 - [MESSAGE][PASSED] - Object 'Object Repository/Page_Accueil_Usager/Span_MesNotifications' is present

2023-11-23 09:46:06 - [TEST_STEP][PASSED] - if (Profiles == "Agent"): null

2023-11-23 09:46:06 - [TEST_STEP][PASSED] - else: null

2023-11-23 09:46:06 - [TEST_STEP][PASSED] - println("VÃ©rifier le Portail de votre connexion Usager ou Agent"): null

2023-11-23 09:46:06 - [MESSAGE][PASSED] - Call Test Case 'Test Cases/Test Reutilisable/Main/Identification' successfully

2023-11-23 09:46:06 - [TEST_STEP][PASSED] - callTestCase(findTestCase("Test Reutilisable/DemandeOuRenouvelle_TitreSejour/DemandeOuRenouvelleTitreSejour"), [:], STOP_ON_FAILURE): Call Test Case 'Test Cases/Test Reutilisable/DemandeOuRenouvelle_TitreSejour/DemandeOuRenouvelleTitreSejour' successfully

2023-11-23 09:46:06 - [MESSAGE][INFO] - Checking called Test Case

2023-11-23 09:46:06 - [MESSAGE][INFO] - Starting to call Test Case 'Test Cases/Test Reutilisable/DemandeOuRenouvelle_TitreSejour/DemandeOuRenouvelleTitreSejour'

2023-11-23 09:46:06 - [TEST_CASE][PASSED] - Test Cases/Test Reutilisable/DemandeOuRenouvelle_TitreSejour/DemandeOuRenouvelleTitreSejour: Test Cases/Test Reutilisable/DemandeOuRenouvelle_TitreSejour/DemandeOuRenouvelleTitreSejour

2023-11-23 09:46:06 - [TEST_STEP][PASSED] - com.kazurayam.ksbackyard.HighlightElement.pandemic(): com.kazurayam.ksbackyard.HighlightElement.pandemic is PASSED

2023-11-23 09:46:06 - [MESSAGE][PASSED] - com.kazurayam.ksbackyard.HighlightElement.pandemic is PASSED

2023-11-23 09:46:06 - [TEST_STEP][PASSED] - delay(3): Delayed 3 second(s)

2023-11-23 09:46:06 - [MESSAGE][INFO] - Delaying browser in 3 second(s)

2023-11-23 09:46:09 - [MESSAGE][PASSED] - Delayed 3 second(s)

2023-11-23 09:46:09 - [TEST_STEP][PASSED] - doubleClick(findTestObject("Object Repository/Page_Accueil_Usager/btn_DemandeOuRenouvelleTitreSejour")): Object: 'Object Repository/Page_Accueil_Usager/btn_DemandeOuRenouvelleTitreSejour' is double clicked on

2023-11-23 09:46:09 - [MESSAGE][INFO] - Finding Test Object 'Object Repository/Page_Accueil_Usager/btn_DemandeOuRenouvelleTitreSejour'

2023-11-23 09:46:09 - [MESSAGE][INFO] - Checking object

2023-11-23 09:46:09 - [MESSAGE][INFO] - Finding web element from Test Object's properties

2023-11-23 09:46:09 - [MESSAGE][INFO] - Checking timeout

2023-11-23 09:46:09 - [MESSAGE][INFO] - Finding web element with id: 'Object Repository/Page_Accueil_Usager/btn_DemandeOuRenouvelleTitreSejour' located by 'By.xpath: //app-portal//app-portal-root/app-default-root-content/div/div/anef-tile[1]/a/span/span[2]' in '5' second(s)

2023-11-23 09:46:09 - [MESSAGE][INFO] - Smart Wait Function is triggered

2023-11-23 09:46:09 - [MESSAGE][INFO] - Found 1 web elements with id: 'Object Repository/Page_Accueil_Usager/btn_DemandeOuRenouvelleTitreSejour' located by 'By.xpath: //app-portal//app-portal-root/app-default-root-content/div/div/anef-tile[1]/a/span/span[2]' in '5' second(s)

2023-11-23 09:46:09 - [MESSAGE][INFO] - Double clicking on object: 'Object Repository/Page_Accueil_Usager/btn_DemandeOuRenouvelleTitreSejour'

2023-11-23 09:46:09 - [MESSAGE][PASSED] - Object: 'Object Repository/Page_Accueil_Usager/btn_DemandeOuRenouvelleTitreSejour' is double clicked on

2023-11-23 09:46:09 - [TEST_STEP][PASSED] - delay(3): Delayed 3 second(s)

2023-11-23 09:46:09 - [MESSAGE][INFO] - Delaying browser in 3 second(s)

2023-11-23 09:46:12 - [MESSAGE][PASSED] - Delayed 3 second(s)

2023-11-23 09:46:12 - [TEST_STEP][PASSED] - switch (PourQui): null

2023-11-23 09:46:12 - [TEST_STEP][PASSED] - case "Moi-mÃªme":: null

2023-11-23 09:46:12 - [TEST_STEP][PASSED] - check(findTestObject("Object Repository/Page_Accueil_Usager/CheckBox_Moi-meme")): Object 'Object Repository/Page_Accueil_Usager/CheckBox_Moi-meme' is checked

2023-11-23 09:46:12 - [MESSAGE][INFO] - Finding Test Object 'Object Repository/Page_Accueil_Usager/CheckBox_Moi-meme'

2023-11-23 09:46:13 - [MESSAGE][INFO] - Checking object

2023-11-23 09:46:13 - [MESSAGE][INFO] - Finding web element from Test Object's properties

2023-11-23 09:46:13 - [MESSAGE][INFO] - Checking timeout

2023-11-23 09:46:13 - [MESSAGE][INFO] - Finding web element with id: 'Object Repository/Page_Accueil_Usager/CheckBox_Moi-meme' located by 'By.xpath: //*/div[1]/app-radio-tree-button/div/p-radiobutton/div/div[2]/span' in '5' second(s)

2023-11-23 09:46:13 - [MESSAGE][INFO] - Smart Wait Function is triggered

2023-11-23 09:46:13 - [MESSAGE][INFO] - Found 1 web elements with id: 'Object Repository/Page_Accueil_Usager/CheckBox_Moi-meme' located by 'By.xpath: //*/div[1]/app-radio-tree-button/div/p-radiobutton/div/div[2]/span' in '5' second(s)

2023-11-23 09:46:13 - [MESSAGE][INFO] - Checking on bject 'Object Repository/Page_Accueil_Usager/CheckBox_Moi-meme'

2023-11-23 09:46:15 - [MESSAGE][PASSED] - Object 'Object Repository/Page_Accueil_Usager/CheckBox_Moi-meme' is checked

2023-11-23 09:46:15 - [TEST_STEP][PASSED] - break: null

2023-11-23 09:46:15 - [TEST_STEP][PASSED] - click(findTestObject("Object Repository/Page_Accueil_Usager/btn_JeContinue")): Object: 'Object Repository/Page_Accueil_Usager/btn_JeContinue' is clicked on

2023-11-23 09:46:15 - [MESSAGE][INFO] - Finding Test Object 'Object Repository/Page_Accueil_Usager/btn_JeContinue'

2023-11-23 09:46:15 - [MESSAGE][INFO] - Checking timeout

2023-11-23 09:46:15 - [MESSAGE][INFO] - Finding web element with id: 'Object Repository/Page_Accueil_Usager/btn_JeContinue' located by 'By.xpath: //*[@ng-reflect-label='Je continue']|/html/body/app-root/div/app-portal/main/app-triage-demandeur/div/div/div/form/div[2]/button/span' in '20' second(s)

2023-11-23 09:46:15 - [MESSAGE][INFO] - Smart Wait Function is triggered

2023-11-23 09:46:15 - [MESSAGE][INFO] - Found 1 web elements with id: 'Object Repository/Page_Accueil_Usager/btn_JeContinue' located by 'By.xpath: //*[@ng-reflect-label='Je continue']|/html/body/app-root/div/app-portal/main/app-triage-demandeur/div/div/div/form/div[2]/button/span' in '20' second(s)

2023-11-23 09:46:15 - [MESSAGE][INFO] - Checking object

2023-11-23 09:46:15 - [MESSAGE][INFO] - Checking timeout

2023-11-23 09:46:15 - [MESSAGE][INFO] - Finding web element from Test Object's properties

2023-11-23 09:46:15 - [MESSAGE][INFO] - Checking timeout

2023-11-23 09:46:15 - [MESSAGE][INFO] - Finding web element with id: 'Object Repository/Page_Accueil_Usager/btn_JeContinue' located by 'By.xpath: //*[@ng-reflect-label='Je continue']|/html/body/app-root/div/app-portal/main/app-triage-demandeur/div/div/div/form/div[2]/button/span' in '5' second(s)

2023-11-23 09:46:15 - [MESSAGE][INFO] - Smart Wait Function is triggered

2023-11-23 09:46:15 - [MESSAGE][INFO] - Found 1 web elements with id: 'Object Repository/Page_Accueil_Usager/btn_JeContinue' located by 'By.xpath: //*[@ng-reflect-label='Je continue']|/html/body/app-root/div/app-portal/main/app-triage-demandeur/div/div/div/form/div[2]/button/span' in '5' second(s)

2023-11-23 09:46:15 - [MESSAGE][INFO] - Clicking on object: 'Object Repository/Page_Accueil_Usager/btn_JeContinue'

2023-11-23 09:46:17 - [MESSAGE][PASSED] - Object: 'Object Repository/Page_Accueil_Usager/btn_JeContinue' is clicked on

2023-11-23 09:46:17 - [MESSAGE][PASSED] - Call Test Case 'Test Cases/Test Reutilisable/DemandeOuRenouvelle_TitreSejour/DemandeOuRenouvelleTitreSejour' successfully

2023-11-23 09:46:17 - [TEST_STEP][PASSED] - "Appel Brique RÃ©utilisable pour Remplir Le Formulaire Type De Titre De SÃ©jour Usager": null

2023-11-23 09:46:17 - [TEST_STEP][PASSED] - "Appel Brique RÃ©utilisable pour Remplir Le Formulaire Informations Personnelles Usager": null

2023-11-23 09:46:17 - [TEST_STEP][PASSED] - if (TypeTitreDeSejour == "RenouvellementDeTitreSejour" || TypeTitreDeSejour == "Visiteur" && Titre == "Etudiant" || Titre == "Visiteur"): null

2023-11-23 09:46:17 - [TEST_STEP][PASSED] - "AppelBrique RÃ©utilisable pour Remplir Le Formulaire Justificatifs Usager": null

2023-11-23 09:46:17 - [TEST_STEP][PASSED] - "Appel Brique RÃ©utilisable pour Remplir Le Formulaire RÃ©capitulatif Usager": null

2023-11-23 09:46:17 - [TEST_STEP][PASSED] - callTestCase(findTestCase("Test Reutilisable/DemandeOuRenouvelle_TitreSejour/FormulaireConfirmation"), ["NumEtrangerVisa":NumEtrangerVisa, "TypeTitreDeSejour":TypeTitreDeSejour], STOP_ON_FAILURE): Call Test Case 'Test Cases/Test Reutilisable/DemandeOuRenouvelle_TitreSejour/FormulaireConfirmation' successfully

2023-11-23 09:46:17 - [MESSAGE][INFO] - Checking called Test Case

2023-11-23 09:46:17 - [MESSAGE][INFO] - Starting to call Test Case 'Test Cases/Test Reutilisable/DemandeOuRenouvelle_TitreSejour/FormulaireConfirmation'

2023-11-23 09:46:17 - [TEST_CASE][PASSED] - Test Cases/Test Reutilisable/DemandeOuRenouvelle_TitreSejour/FormulaireConfirmation: Test Cases/Test Reutilisable/DemandeOuRenouvelle_TitreSejour/FormulaireConfirmation

2023-11-23 09:46:19 - [TEST_STEP][PASSED] - com.kazurayam.ksbackyard.HighlightElement.pandemic(): com.kazurayam.ksbackyard.HighlightElement.pandemic is PASSED

2023-11-23 09:46:19 - [MESSAGE][PASSED] - com.kazurayam.ksbackyard.HighlightElement.pandemic is PASSED

2023-11-23 09:46:19 - [TEST_STEP][PASSED] - "RunConfiguration: getExecutionProperties Driver ": null

2023-11-23 09:46:19 - [TEST_STEP][PASSED] - click(findTestObject("Object Repository/Page_Accueil_Agent/EspacePerso/link_EspacePerso")): Object: 'Object Repository/Page_Accueil_Agent/EspacePerso/link_EspacePerso' is clicked on

2023-11-23 09:46:19 - [MESSAGE][INFO] - Finding Test Object 'Object Repository/Page_Accueil_Agent/EspacePerso/link_EspacePerso'

2023-11-23 09:46:19 - [MESSAGE][INFO] - Checking timeout

2023-11-23 09:46:19 - [MESSAGE][INFO] - Finding web element with id: 'Object Repository/Page_Accueil_Agent/EspacePerso/link_EspacePerso' located by 'By.xpath: //*[@id="navBar-new"]/nav/div[3]/div/div/ul/li[3]/a/span[2]' in '20' second(s)

2023-11-23 09:46:19 - [MESSAGE][INFO] - Smart Wait Function is triggered

2023-11-23 09:46:19 - [MESSAGE][INFO] - Found 1 web elements with id: 'Object Repository/Page_Accueil_Agent/EspacePerso/link_EspacePerso' located by 'By.xpath: //*[@id="navBar-new"]/nav/div[3]/div/div/ul/li[3]/a/span[2]' in '20' second(s)

2023-11-23 09:46:19 - [MESSAGE][INFO] - Checking object

2023-11-23 09:46:19 - [MESSAGE][INFO] - Checking timeout

2023-11-23 09:46:19 - [MESSAGE][INFO] - Finding web element from Test Object's properties

2023-11-23 09:46:19 - [MESSAGE][INFO] - Checking timeout

2023-11-23 09:46:19 - [MESSAGE][INFO] - Finding web element with id: 'Object Repository/Page_Accueil_Agent/EspacePerso/link_EspacePerso' located by 'By.xpath: //*[@id="navBar-new"]/nav/div[3]/div/div/ul/li[3]/a/span[2]' in '5' second(s)

2023-11-23 09:46:19 - [MESSAGE][INFO] - Smart Wait Function is triggered

2023-11-23 09:46:19 - [MESSAGE][INFO] - Found 1 web elements with id: 'Object Repository/Page_Accueil_Agent/EspacePerso/link_EspacePerso' located by 'By.xpath: //*[@id="navBar-new"]/nav/div[3]/div/div/ul/li[3]/a/span[2]' in '5' second(s)

2023-11-23 09:46:19 - [MESSAGE][INFO] - Clicking on object: 'Object Repository/Page_Accueil_Agent/EspacePerso/link_EspacePerso'

2023-11-23 09:46:22 - [MESSAGE][PASSED] - Object: 'Object Repository/Page_Accueil_Agent/EspacePerso/link_EspacePerso' is clicked on

2023-11-23 09:46:22 - [TEST_STEP][PASSED] - click(findTestObject("Object Repository/Page_Accueil_Agent/EspacePerso/link_MonCompte")): Object: 'Object Repository/Page_Accueil_Agent/EspacePerso/link_MonCompte' is clicked on

2023-11-23 09:46:22 - [MESSAGE][INFO] - Finding Test Object 'Object Repository/Page_Accueil_Agent/EspacePerso/link_MonCompte'

2023-11-23 09:46:22 - [MESSAGE][INFO] - Checking timeout

2023-11-23 09:46:22 - [MESSAGE][INFO] - Finding web element with id: 'Object Repository/Page_Accueil_Agent/EspacePerso/link_MonCompte' located by 'By.xpath: //*[@id="logoutSubMenu"]/li[1]/a' in '20' second(s)

2023-11-23 09:46:22 - [MESSAGE][INFO] - Smart Wait Function is triggered

2023-11-23 09:46:22 - [MESSAGE][INFO] - Found 1 web elements with id: 'Object Repository/Page_Accueil_Agent/EspacePerso/link_MonCompte' located by 'By.xpath: //*[@id="logoutSubMenu"]/li[1]/a' in '20' second(s)

2023-11-23 09:46:22 - [MESSAGE][INFO] - Checking object

2023-11-23 09:46:22 - [MESSAGE][INFO] - Checking timeout

2023-11-23 09:46:22 - [MESSAGE][INFO] - Finding web element from Test Object's properties

2023-11-23 09:46:22 - [MESSAGE][INFO] - Checking timeout

2023-11-23 09:46:22 - [MESSAGE][INFO] - Finding web element with id: 'Object Repository/Page_Accueil_Agent/EspacePerso/link_MonCompte' located by 'By.xpath: //*[@id="logoutSubMenu"]/li[1]/a' in '5' second(s)

2023-11-23 09:46:22 - [MESSAGE][INFO] - Smart Wait Function is triggered

2023-11-23 09:46:22 - [MESSAGE][INFO] - Found 1 web elements with id: 'Object Repository/Page_Accueil_Agent/EspacePerso/link_MonCompte' located by 'By.xpath: //*[@id="logoutSubMenu"]/li[1]/a' in '5' second(s)

2023-11-23 09:46:22 - [MESSAGE][INFO] - Clicking on object: 'Object Repository/Page_Accueil_Agent/EspacePerso/link_MonCompte'

2023-11-23 09:46:24 - [MESSAGE][PASSED] - Object: 'Object Repository/Page_Accueil_Agent/EspacePerso/link_MonCompte' is clicked on

2023-11-23 09:46:24 - [TEST_STEP][PASSED] - SuividemandeNumEtranger = getText(findTestObject("Object Repository/Page_Accueil_Agent/EspacePerso/td_SuiviDemandeNumEtranger")): Text of object 'Object Repository/Page_Accueil_Agent/EspacePerso/td_SuiviDemandeNumEtranger' is: '7703040850'

2023-11-23 09:46:24 - [MESSAGE][INFO] - Finding Test Object 'Object Repository/Page_Accueil_Agent/EspacePerso/td_SuiviDemandeNumEtranger'

2023-11-23 09:46:24 - [MESSAGE][INFO] - Checking object

2023-11-23 09:46:24 - [MESSAGE][INFO] - Finding web element from Test Object's properties

2023-11-23 09:46:24 - [MESSAGE][INFO] - Checking timeout

2023-11-23 09:46:24 - [MESSAGE][INFO] - Finding web element with id: 'Object Repository/Page_Accueil_Agent/EspacePerso/td_SuiviDemandeNumEtranger' located by 'By.xpath: //*/app-ma-demande-sejour/div[1]/table/tbody/tr[1]/td[3]' in '5' second(s)

2023-11-23 09:46:24 - [MESSAGE][INFO] - Smart Wait Function is triggered

2023-11-23 09:46:24 - [MESSAGE][INFO] - Smart Wait Function is triggered

2023-11-23 09:46:24 - [MESSAGE][INFO] - Smart Wait Function is triggered

2023-11-23 09:46:24 - [MESSAGE][INFO] - Found 1 web elements with id: 'Object Repository/Page_Accueil_Agent/EspacePerso/td_SuiviDemandeNumEtranger' located by 'By.xpath: //*/app-ma-demande-sejour/div[1]/table/tbody/tr[1]/td[3]' in '5' second(s)

2023-11-23 09:46:24 - [MESSAGE][INFO] - Getting text of object 'Object Repository/Page_Accueil_Agent/EspacePerso/td_SuiviDemandeNumEtranger'

2023-11-23 09:46:24 - [MESSAGE][PASSED] - Text of object 'Object Repository/Page_Accueil_Agent/EspacePerso/td_SuiviDemandeNumEtranger' is: '7703040850'

2023-11-23 09:46:24 - [TEST_STEP][PASSED] - SuiviTypeDeSejour = getText(findTestObject("Object Repository/Page_Accueil_Agent/EspacePerso/td_TypeDeSejour")): Text of object 'Object Repository/Page_Accueil_Agent/EspacePerso/td_TypeDeSejour' is: 'Demande de titre passeport talent'

2023-11-23 09:46:24 - [MESSAGE][INFO] - Finding Test Object 'Object Repository/Page_Accueil_Agent/EspacePerso/td_TypeDeSejour'

2023-11-23 09:46:24 - [MESSAGE][INFO] - Checking object

2023-11-23 09:46:24 - [MESSAGE][INFO] - Finding web element from Test Object's properties

2023-11-23 09:46:24 - [MESSAGE][INFO] - Checking timeout

2023-11-23 09:46:24 - [MESSAGE][INFO] - Finding web element with id: 'Object Repository/Page_Accueil_Agent/EspacePerso/td_TypeDeSejour' located by 'By.xpath: //*/app-ma-demande-sejour/div[1]/table/tbody/tr[1]/td[2]' in '5' second(s)

2023-11-23 09:46:24 - [MESSAGE][INFO] - Smart Wait Function is triggered

2023-11-23 09:46:24 - [MESSAGE][INFO] - Found 1 web elements with id: 'Object Repository/Page_Accueil_Agent/EspacePerso/td_TypeDeSejour' located by 'By.xpath: //*/app-ma-demande-sejour/div[1]/table/tbody/tr[1]/td[2]' in '5' second(s)

2023-11-23 09:46:24 - [MESSAGE][INFO] - Getting text of object 'Object Repository/Page_Accueil_Agent/EspacePerso/td_TypeDeSejour'

2023-11-23 09:46:24 - [MESSAGE][PASSED] - Text of object 'Object Repository/Page_Accueil_Agent/EspacePerso/td_TypeDeSejour' is: 'Demande de titre passeport talent'

2023-11-23 09:46:24 - [TEST_STEP][PASSED] - if (SuividemandeNumEtranger == NumEtrangerVisa): Le Type Titre De Sejour est :Demande de titre passeport talent=ArtisteSalarie

2023-11-23 09:46:24 - [TEST_STEP][PASSED] - markPassed("Le NumÃ©ro Etrangr est :" + NumEtrangerVisa + "=" + SuividemandeNumEtranger): Le NumÃ©ro Etrangr est :7703040850=7703040850

2023-11-23 09:46:24 - [MESSAGE][PASSED] - Le NumÃ©ro Etrangr est :7703040850=7703040850

2023-11-23 09:46:24 - [TEST_STEP][PASSED] - markPassed("Le Type Titre De Sejour est :" + SuiviTypeDeSejour + "=" + TypeTitreDeSejour): Le Type Titre De Sejour est :Demande de titre passeport talent=ArtisteSalarie

2023-11-23 09:46:24 - [MESSAGE][PASSED] - Le Type Titre De Sejour est :Demande de titre passeport talent=ArtisteSalarie

2023-11-23 09:46:24 - [TEST_STEP][PASSED] - delay(5): Delayed 5 second(s)

2023-11-23 09:46:24 - [MESSAGE][INFO] - Delaying browser in 5 second(s)

2023-11-23 09:46:29 - [MESSAGE][PASSED] - Delayed 5 second(s)

2023-11-23 09:46:29 - [MESSAGE][PASSED] - Call Test Case 'Test Cases/Test Reutilisable/DemandeOuRenouvelle_TitreSejour/FormulaireConfirmation' successfully

2023-11-23 09:46:31 - [TEST_STEP][PASSED] - Video: Video recording for test case 'Test Cases/Cas D Utilisations/Usager Etudiant/TNR R.TSPT Supp90-Etudiant' .

2023-11-23 09:46:31 - [MESSAGE][INFO] - Video recording for test case 'Test Cases/Cas D Utilisations/Usager Etudiant/TNR R.TSPT Supp90-Etudiant' .]]></system-out>
         <system-err><![CDATA[]]></system-err>
      </testcase>
      <system-out><![CDATA[2023-11-23 09:44:51 - [TEST_SUITE][PASSED] - TS_TNR_R.TSPT_Suppo90: Test Cases/Cas D Utilisations/Usager Etudiant/TNR R.TSPT Supp90-Etudiant]]></system-out>
      <system-err><![CDATA[]]></system-err>
   </testsuite>
</testsuites>
