<?xml version="1.0" encoding="UTF-8"?>
<testsuites name="TS_TNR_R.TSPT_Suppo90" time="381.708" tests="1" failures="0" errors="1">
   <testsuite name="TS_TNR_R.TSPT_Suppo90" tests="1" failures="0" errors="1" time="381.708" skipped="0" timestamp="2023-11-24 13:27:39" hostname="issam.rharbaoui - FR-L5448059.groupinfra.com" id="Test Suites/TS_TNR_R.TSPT_Suppo90">
      <properties>
         <property name="deviceName" value=""/>
         <property name="devicePlatform" value=""/>
         <property name="logFolder" value="C:\\Users\\ISSAM.RHARBAOUI\\git\\22_11\\ANEF-AutomatizationProject\\Reports\\20231124_132736\\TS_TNR_R.TSPT_Suppo90\\20231124_132736"/>
         <property name="logFiles" value="C:\\Users\\ISSAM.RHARBAOUI\\git\\22_11\\ANEF-AutomatizationProject\\Reports\\20231124_132736\\TS_TNR_R.TSPT_Suppo90\\20231124_132736\\execution0.log"/>
         <property name="attachments" value="C:\\Users\\ISSAM.RHARBAOUI\\git\\22_11\\ANEF-AutomatizationProject\\Reports\\20231124_132736\\TS_TNR_R.TSPT_Suppo90\\20231124_132736\\1700828967000.png, C:\\Users\\ISSAM.RHARBAOUI\\git\\22_11\\ANEF-AutomatizationProject\\Reports\\20231124_132736\\TS_TNR_R.TSPT_Suppo90\\20231124_132736\\1700828975070.png, C:\\Users\\ISSAM.RHARBAOUI\\git\\22_11\\ANEF-AutomatizationProject\\Reports\\20231124_132736\\TS_TNR_R.TSPT_Suppo90\\20231124_132736\\1700829092452.png, C:\\Users\\ISSAM.RHARBAOUI\\git\\22_11\\ANEF-AutomatizationProject\\Reports\\20231124_132736\\TS_TNR_R.TSPT_Suppo90\\20231124_132736\\1700829166417.png, C:\\Users\\ISSAM.RHARBAOUI\\git\\22_11\\ANEF-AutomatizationProject\\Reports\\20231124_132736\\TS_TNR_R.TSPT_Suppo90\\20231124_132736\\1700829175325.png"/>
         <property name="hostName" value="issam.rharbaoui - FR-L5448059.groupinfra.com"/>
         <property name="os" value="Windows 10 64bit"/>
         <property name="katalonVersion" value="8.6.5.208"/>
         <property name="browser" value="Chrome 119.0.0.0"/>
         <property name="hostAddress" value="192.168.1.134"/>
         <property name="sessionId" value="8c26946130791e18089207391e605e8b"/>
         <property name="seleniumVersion" value="3.141.59"/>
         <property name="proxyInformation" value="ProxyInformation { proxyOption=NO_PROXY, proxyServerType=HTTP, username=, password=********, proxyServerAddress=, proxyServerPort=0, executionList=&quot;&quot;, isApplyToDesiredCapabilities=true }"/>
         <property name="platform" value="Windows 10"/>
      </properties>
      <testcase name="Test Cases/Cas D Utilisations/Usager Etudiant/TNR R.TSPT Supp90-Etudiant" time="380.719" classname="Test Cases/Cas D Utilisations/Usager Etudiant/TNR R.TSPT Supp90-Etudiant" status="ERROR">
         <error type="ERROR" message="Test Cases/Cas D Utilisations/Usager Etudiant/TNR R.TSPT Supp90-Etudiant FAILED.
Reason:
com.kms.katalon.core.exception.StepErrorException: Call Test Case 'Test Cases/Test Reutilisable/DemandeOuRenouvelle_TitreSejour/FormulaireJustificatifs' failed because of error(s)
	at com.kms.katalon.core.keyword.builtin.CallTestCaseKeyword$_callTestCase_closure1.doCall(CallTestCaseKeyword.groovy:66)
	at com.kms.katalon.core.keyword.builtin.CallTestCaseKeyword$_callTestCase_closure1.call(CallTestCaseKeyword.groovy)
	at com.kms.katalon.core.keyword.internal.KeywordMain.runKeyword(KeywordMain.groovy:75)
	at com.kms.katalon.core.keyword.builtin.CallTestCaseKeyword.callTestCase(CallTestCaseKeyword.groovy:81)
	at com.kms.katalon.core.keyword.builtin.CallTestCaseKeyword.execute(CallTestCaseKeyword.groovy:44)
	at com.kms.katalon.core.keyword.internal.KeywordExecutor.executeKeywordForPlatform(KeywordExecutor.groovy:74)
	at com.kms.katalon.core.keyword.BuiltinKeywords.callTestCase(BuiltinKeywords.groovy:310)
	at com.kazurayam.ksbackyard.HighlightElement$_pandemic_closure1.doCall(HighlightElement.groovy:105)
	at TNR R.TSPT Supp90-Etudiant.run(TNR R.TSPT Supp90-Etudiant:62)
	at com.kms.katalon.core.main.ScriptEngine.run(ScriptEngine.java:194)
	at com.kms.katalon.core.main.ScriptEngine.runScriptAsRawText(ScriptEngine.java:119)
	at com.kms.katalon.core.main.TestCaseExecutor.runScript(TestCaseExecutor.java:448)
	at com.kms.katalon.core.main.TestCaseExecutor.doExecute(TestCaseExecutor.java:439)
	at com.kms.katalon.core.main.TestCaseExecutor.processExecutionPhase(TestCaseExecutor.java:418)
	at com.kms.katalon.core.main.TestCaseExecutor.accessMainPhase(TestCaseExecutor.java:410)
	at com.kms.katalon.core.main.TestCaseExecutor.execute(TestCaseExecutor.java:285)
	at com.kms.katalon.core.common.CommonExecutor.accessTestCaseMainPhase(CommonExecutor.java:65)
	at com.kms.katalon.core.main.TestSuiteExecutor.accessTestSuiteMainPhase(TestSuiteExecutor.java:148)
	at com.kms.katalon.core.main.TestSuiteExecutor.execute(TestSuiteExecutor.java:106)
	at com.kms.katalon.core.main.TestCaseMain.startTestSuite(TestCaseMain.java:187)
	at com.kms.katalon.core.main.TestCaseMain$startTestSuite$0.call(Unknown Source)
	at TempTestSuite1700828856047.run(TempTestSuite1700828856047.groovy:36)
Caused by: groovy.lang.MissingPropertyException: No such property: f for class: Script1695813884754
	at FormulaireJustificatifs.run(FormulaireJustificatifs:187)
	at com.kms.katalon.core.main.ScriptEngine.run(ScriptEngine.java:194)
	at com.kms.katalon.core.main.ScriptEngine.runScriptAsRawText(ScriptEngine.java:119)
	at com.kms.katalon.core.main.TestCaseExecutor.runScript(TestCaseExecutor.java:448)
	at com.kms.katalon.core.main.TestCaseExecutor.doExecute(TestCaseExecutor.java:439)
	at com.kms.katalon.core.main.TestCaseExecutor.processExecutionPhase(TestCaseExecutor.java:418)
	at com.kms.katalon.core.main.TestCaseExecutor.accessMainPhase(TestCaseExecutor.java:410)
	at com.kms.katalon.core.main.TestCaseExecutor.execute(TestCaseExecutor.java:285)
	at com.kms.katalon.core.main.TestCaseMain.runTestCase(TestCaseMain.java:144)
	at com.kms.katalon.core.keyword.builtin.CallTestCaseKeyword$_callTestCase_closure1.doCall(CallTestCaseKeyword.groovy:59)
	... 21 more
"/>
         <system-out><![CDATA[2023-11-24 13:27:40 - [TEST_CASE][ERROR] - Test Cases/Cas D Utilisations/Usager Etudiant/TNR R.TSPT Supp90-Etudiant: Test Cases/Cas D Utilisations/Usager Etudiant/TNR R.TSPT Supp90-Etudiant FAILED.
Reason:
com.kms.katalon.core.exception.StepErrorException: Call Test Case 'Test Cases/Test Reutilisable/DemandeOuRenouvelle_TitreSejour/FormulaireJustificatifs' failed because of error(s)
	at com.kms.katalon.core.keyword.builtin.CallTestCaseKeyword$_callTestCase_closure1.doCall(CallTestCaseKeyword.groovy:66)
	at com.kms.katalon.core.keyword.builtin.CallTestCaseKeyword$_callTestCase_closure1.call(CallTestCaseKeyword.groovy)
	at com.kms.katalon.core.keyword.internal.KeywordMain.runKeyword(KeywordMain.groovy:75)
	at com.kms.katalon.core.keyword.builtin.CallTestCaseKeyword.callTestCase(CallTestCaseKeyword.groovy:81)
	at com.kms.katalon.core.keyword.builtin.CallTestCaseKeyword.execute(CallTestCaseKeyword.groovy:44)
	at com.kms.katalon.core.keyword.internal.KeywordExecutor.executeKeywordForPlatform(KeywordExecutor.groovy:74)
	at com.kms.katalon.core.keyword.BuiltinKeywords.callTestCase(BuiltinKeywords.groovy:310)
	at com.kazurayam.ksbackyard.HighlightElement$_pandemic_closure1.doCall(HighlightElement.groovy:105)
	at TNR R.TSPT Supp90-Etudiant.run(TNR R.TSPT Supp90-Etudiant:62)
	at com.kms.katalon.core.main.ScriptEngine.run(ScriptEngine.java:194)
	at com.kms.katalon.core.main.ScriptEngine.runScriptAsRawText(ScriptEngine.java:119)
	at com.kms.katalon.core.main.TestCaseExecutor.runScript(TestCaseExecutor.java:448)
	at com.kms.katalon.core.main.TestCaseExecutor.doExecute(TestCaseExecutor.java:439)
	at com.kms.katalon.core.main.TestCaseExecutor.processExecutionPhase(TestCaseExecutor.java:418)
	at com.kms.katalon.core.main.TestCaseExecutor.accessMainPhase(TestCaseExecutor.java:410)
	at com.kms.katalon.core.main.TestCaseExecutor.execute(TestCaseExecutor.java:285)
	at com.kms.katalon.core.common.CommonExecutor.accessTestCaseMainPhase(CommonExecutor.java:65)
	at com.kms.katalon.core.main.TestSuiteExecutor.accessTestSuiteMainPhase(TestSuiteExecutor.java:148)
	at com.kms.katalon.core.main.TestSuiteExecutor.execute(TestSuiteExecutor.java:106)
	at com.kms.katalon.core.main.TestCaseMain.startTestSuite(TestCaseMain.java:187)
	at com.kms.katalon.core.main.TestCaseMain$startTestSuite$0.call(Unknown Source)
	at TempTestSuite1700828856047.run(TempTestSuite1700828856047.groovy:36)
Caused by: groovy.lang.MissingPropertyException: No such property: f for class: Script1695813884754
	at FormulaireJustificatifs.run(FormulaireJustificatifs:187)
	at com.kms.katalon.core.main.ScriptEngine.run(ScriptEngine.java:194)
	at com.kms.katalon.core.main.ScriptEngine.runScriptAsRawText(ScriptEngine.java:119)
	at com.kms.katalon.core.main.TestCaseExecutor.runScript(TestCaseExecutor.java:448)
	at com.kms.katalon.core.main.TestCaseExecutor.doExecute(TestCaseExecutor.java:439)
	at com.kms.katalon.core.main.TestCaseExecutor.processExecutionPhase(TestCaseExecutor.java:418)
	at com.kms.katalon.core.main.TestCaseExecutor.accessMainPhase(TestCaseExecutor.java:410)
	at com.kms.katalon.core.main.TestCaseExecutor.execute(TestCaseExecutor.java:285)
	at com.kms.katalon.core.main.TestCaseMain.runTestCase(TestCaseMain.java:144)
	at com.kms.katalon.core.keyword.builtin.CallTestCaseKeyword$_callTestCase_closure1.doCall(CallTestCaseKeyword.groovy:59)
	... 21 more


2023-11-24 13:27:43 - [TEST_STEP][PASSED] - com.kazurayam.ksbackyard.HighlightElement.pandemic(): com.kazurayam.ksbackyard.HighlightElement.pandemic is PASSED

2023-11-24 13:27:43 - [MESSAGE][PASSED] - com.kazurayam.ksbackyard.HighlightElement.pandemic is PASSED

2023-11-24 13:27:43 - [TEST_STEP][PASSED] - callTestCase(findTestCase("Test Reutilisable/Main/Lancer URL ANEF"), ["Profiles":"Usager", "EnvExec":EnvExec], STOP_ON_FAILURE): Call Test Case 'Test Cases/Test Reutilisable/Main/Lancer URL ANEF' successfully

2023-11-24 13:27:43 - [MESSAGE][INFO] - Checking called Test Case

2023-11-24 13:27:43 - [MESSAGE][INFO] - Starting to call Test Case 'Test Cases/Test Reutilisable/Main/Lancer URL ANEF'

2023-11-24 13:27:44 - [TEST_CASE][PASSED] - Test Cases/Test Reutilisable/Main/Lancer URL ANEF: Test Cases/Test Reutilisable/Main/Lancer URL ANEF

2023-11-24 13:27:51 - [TEST_STEP][PASSED] - "RunConfiguration: getProjectDir for LogDriver ": null

2023-11-24 13:27:51 - [TEST_STEP][PASSED] - RunBrowserConfiguration = getExecutionProperties(): null

2023-11-24 13:27:51 - [TEST_STEP][PASSED] - DriverName = "": null

2023-11-24 13:27:51 - [TEST_STEP][PASSED] - openBrowser(""): Browser is opened with url: ''

2023-11-24 13:27:52 - [MESSAGE][INFO] - Opening browser

2023-11-24 13:27:52 - [MESSAGE][INFO] - Starting 'Chrome' driver

2023-11-24 13:27:52 - [MESSAGE][INFO] - User set preference: ['args', '[--incognito, --start-maximized, --remote-allow-origins=*]']

2023-11-24 13:27:52 - [MESSAGE][INFO] - User set preference: ['prefs', '{download.default_directory=${GlobalVariable.downloadPath}, download_dir=${GlobalVariable.downloadPath}, download.prompt_for_download=false}']

2023-11-24 13:27:52 - [MESSAGE][INFO] - User set preference: ['loggingPrefs', '{browser=ALL}']

2023-11-24 13:27:52 - [MESSAGE][INFO] - Action delay is set to 2 000 milliseconds

2023-11-24 13:27:55 - [MESSAGE][PASSED] - Browser is opened with url: ''

2023-11-24 13:27:55 - [TEST_STEP][PASSED] - driver = getWebDriver(): null

2023-11-24 13:27:55 - [TEST_STEP][PASSED] - wrappedDriver = driver.getWrappedDriver(): null

2023-11-24 13:27:55 - [TEST_STEP][PASSED] - out.println(wrappedDriver.getClass()): null

2023-11-24 13:27:56 - [TEST_STEP][PASSED] - if (class == com.kms.katalon.selenium.driver.CRemoteWebDriver): null

2023-11-24 13:27:56 - [TEST_STEP][PASSED] - else: null

2023-11-24 13:27:56 - [TEST_STEP][PASSED] - DriverName = get("WebUI").get("browserType"): null

2023-11-24 13:27:56 - [TEST_STEP][PASSED] - println("DriverName :" + DriverName): null

2023-11-24 13:27:56 - [TEST_STEP][PASSED] - println("Driverpath :" + RunBrowserConfiguration.get("drivers")): null

2023-11-24 13:27:56 - [TEST_STEP][PASSED] - DriverName = DriverName: null

2023-11-24 13:27:57 - [TEST_STEP][PASSED] - delay(medium_wait): Delayed 3 second(s)

2023-11-24 13:27:57 - [MESSAGE][INFO] - Delaying browser in 3 second(s)

2023-11-24 13:28:00 - [MESSAGE][PASSED] - Delayed 3 second(s)

2023-11-24 13:28:00 - [TEST_STEP][PASSED] - executedBrowser = getExecutedBrowser(): null

2023-11-24 13:28:00 - [TEST_STEP][PASSED] - if (Profiles == "Usager"): null

2023-11-24 13:28:00 - [TEST_STEP][PASSED] - switch (DriverName): null

2023-11-24 13:28:00 - [TEST_STEP][PASSED] - case "CHROME_DRIVER":: null

2023-11-24 13:28:00 - [TEST_STEP][PASSED] - if (EnvExec == "URL_ANEFQualif"): null

2023-11-24 13:28:00 - [TEST_STEP][PASSED] - if (EnvExec == "URL_ANEFPreProd"): Navigate to 'https://preprod.administration-etrangers-en-france.interieur.gouv.fr/particuliers/#/' successfully

2023-11-24 13:28:00 - [TEST_STEP][PASSED] - navigateToUrl(URL_ANEFPreProd): Navigate to 'https://preprod.administration-etrangers-en-france.interieur.gouv.fr/particuliers/#/' successfully

2023-11-24 13:28:00 - [MESSAGE][INFO] - Checking url

2023-11-24 13:28:00 - [MESSAGE][INFO] - Navigating to 'https://preprod.administration-etrangers-en-france.interieur.gouv.fr/particuliers/#/'

2023-11-24 13:28:17 - [MESSAGE][PASSED] - Navigate to 'https://preprod.administration-etrangers-en-france.interieur.gouv.fr/particuliers/#/' successfully

2023-11-24 13:28:17 - [TEST_STEP][PASSED] - maximizeWindow(): Current window maximized

2023-11-24 13:28:17 - [MESSAGE][INFO] - Maximizing current window

2023-11-24 13:28:17 - [MESSAGE][PASSED] - Current window maximized

2023-11-24 13:28:17 - [TEST_STEP][PASSED] - System.setProperty("webdriver.chrome.driver", getChromeDriverPath()): null

2023-11-24 13:28:17 - [TEST_STEP][PASSED] - System.setProperty("webdriver.chrome.logfile", getProjectDir() + "/Dump/chromedriver.log"): null

2023-11-24 13:28:17 - [TEST_STEP][PASSED] - callTestCase(findTestCase("Test Reutilisable/Main/Erreur lie a la confidentialite"), [:], STOP_ON_FAILURE): Call Test Case 'Test Cases/Test Reutilisable/Main/Erreur lie a la confidentialite' successfully

2023-11-24 13:28:17 - [MESSAGE][INFO] - Checking called Test Case

2023-11-24 13:28:17 - [MESSAGE][INFO] - Starting to call Test Case 'Test Cases/Test Reutilisable/Main/Erreur lie a la confidentialite'

2023-11-24 13:28:17 - [TEST_CASE][PASSED] - Test Cases/Test Reutilisable/Main/Erreur lie a la confidentialite: Test Cases/Test Reutilisable/Main/Erreur lie a la confidentialite

2023-11-24 13:28:18 - [TEST_STEP][PASSED] - tools.WaitForLoadedPage.waitForElementRendering(): tools.WaitForLoadedPage.waitForElementRendering is PASSED

2023-11-24 13:28:18 - [MESSAGE][PASSED] - tools.WaitForLoadedPage.waitForElementRendering is PASSED

2023-11-24 13:28:18 - [TEST_STEP][PASSED] - "Call Highlight.on() automatically": null

2023-11-24 13:28:18 - [TEST_STEP][PASSED] - DriverName = DriverName: null

2023-11-24 13:28:18 - [TEST_STEP][PASSED] - if (DriverName == "CHROME_DRIVER" || "EDGE_CHROMIUM_DRIVER" || "HEADLESS_DRIVER"): null

2023-11-24 13:28:18 - [TEST_STEP][PASSED] - if (verifyElementPresent(findTestObject("Object Repository/Connexion Usager/Btn_Parametres Avances"), 2, OPTIONAL)): null

2023-11-24 13:28:18 - [MESSAGE][INFO] - Finding Test Object 'Object Repository/Connexion Usager/Btn_Parametres Avances'

2023-11-24 13:28:18 - [MESSAGE][INFO] - Checking object

2023-11-24 13:28:18 - [MESSAGE][INFO] - Finding web element from Test Object's properties

2023-11-24 13:28:18 - [MESSAGE][INFO] - Checking timeout

2023-11-24 13:28:18 - [MESSAGE][INFO] - Finding web element with id: 'Object Repository/Connexion Usager/Btn_Parametres Avances' located by 'By.xpath: //*[@id="details-button"]' in '2' second(s)

2023-11-24 13:28:18 - [MESSAGE][INFO] - Smart Wait Function is triggered

2023-11-24 13:28:18 - [MESSAGE][INFO] - Found 1 web elements with id: 'Object Repository/Connexion Usager/Btn_Parametres Avances' located by 'By.xpath: //*[@id="details-button"]' in '2' second(s)

2023-11-24 13:28:18 - [MESSAGE][PASSED] - Object 'Object Repository/Connexion Usager/Btn_Parametres Avances' is present

2023-11-24 13:28:18 - [TEST_STEP][PASSED] - click(findTestObject("Object Repository/Connexion Usager/Btn_Parametres Avances"), OPTIONAL): Object: 'Object Repository/Connexion Usager/Btn_Parametres Avances' is clicked on

2023-11-24 13:28:18 - [MESSAGE][INFO] - Finding Test Object 'Object Repository/Connexion Usager/Btn_Parametres Avances'

2023-11-24 13:28:19 - [MESSAGE][INFO] - Checking timeout

2023-11-24 13:28:19 - [MESSAGE][INFO] - Finding web element with id: 'Object Repository/Connexion Usager/Btn_Parametres Avances' located by 'By.xpath: //*[@id="details-button"]' in '20' second(s)

2023-11-24 13:28:19 - [MESSAGE][INFO] - Smart Wait Function is triggered

2023-11-24 13:28:19 - [MESSAGE][INFO] - Found 1 web elements with id: 'Object Repository/Connexion Usager/Btn_Parametres Avances' located by 'By.xpath: //*[@id="details-button"]' in '20' second(s)

2023-11-24 13:28:19 - [MESSAGE][INFO] - Checking object

2023-11-24 13:28:19 - [MESSAGE][INFO] - Checking timeout

2023-11-24 13:28:19 - [MESSAGE][INFO] - Finding web element from Test Object's properties

2023-11-24 13:28:19 - [MESSAGE][INFO] - Checking timeout

2023-11-24 13:28:19 - [MESSAGE][INFO] - Finding web element with id: 'Object Repository/Connexion Usager/Btn_Parametres Avances' located by 'By.xpath: //*[@id="details-button"]' in '5' second(s)

2023-11-24 13:28:19 - [MESSAGE][INFO] - Smart Wait Function is triggered

2023-11-24 13:28:19 - [MESSAGE][INFO] - Found 1 web elements with id: 'Object Repository/Connexion Usager/Btn_Parametres Avances' located by 'By.xpath: //*[@id="details-button"]' in '5' second(s)

2023-11-24 13:28:19 - [MESSAGE][INFO] - Clicking on object: 'Object Repository/Connexion Usager/Btn_Parametres Avances'

2023-11-24 13:28:21 - [MESSAGE][PASSED] - Object: 'Object Repository/Connexion Usager/Btn_Parametres Avances' is clicked on

2023-11-24 13:28:21 - [TEST_STEP][PASSED] - click(findTestObject("Object Repository/Connexion Usager/Link_Proceed-Link"), OPTIONAL): Object: 'Object Repository/Connexion Usager/Link_Proceed-Link' is clicked on

2023-11-24 13:28:21 - [MESSAGE][INFO] - Finding Test Object 'Object Repository/Connexion Usager/Link_Proceed-Link'

2023-11-24 13:28:21 - [MESSAGE][INFO] - Checking timeout

2023-11-24 13:28:21 - [MESSAGE][INFO] - Finding web element with id: 'Object Repository/Connexion Usager/Link_Proceed-Link' located by 'By.xpath: //*[@id="proceed-link"]' in '20' second(s)

2023-11-24 13:28:21 - [MESSAGE][INFO] - Smart Wait Function is triggered

2023-11-24 13:28:21 - [MESSAGE][INFO] - Found 1 web elements with id: 'Object Repository/Connexion Usager/Link_Proceed-Link' located by 'By.xpath: //*[@id="proceed-link"]' in '20' second(s)

2023-11-24 13:28:21 - [MESSAGE][INFO] - Checking object

2023-11-24 13:28:21 - [MESSAGE][INFO] - Checking timeout

2023-11-24 13:28:21 - [MESSAGE][INFO] - Finding web element from Test Object's properties

2023-11-24 13:28:21 - [MESSAGE][INFO] - Checking timeout

2023-11-24 13:28:21 - [MESSAGE][INFO] - Finding web element with id: 'Object Repository/Connexion Usager/Link_Proceed-Link' located by 'By.xpath: //*[@id="proceed-link"]' in '5' second(s)

2023-11-24 13:28:21 - [MESSAGE][INFO] - Smart Wait Function is triggered

2023-11-24 13:28:21 - [MESSAGE][INFO] - Found 1 web elements with id: 'Object Repository/Connexion Usager/Link_Proceed-Link' located by 'By.xpath: //*[@id="proceed-link"]' in '5' second(s)

2023-11-24 13:28:21 - [MESSAGE][INFO] - Clicking on object: 'Object Repository/Connexion Usager/Link_Proceed-Link'

2023-11-24 13:28:27 - [MESSAGE][PASSED] - Object: 'Object Repository/Connexion Usager/Link_Proceed-Link' is clicked on

2023-11-24 13:28:27 - [TEST_STEP][PASSED] - if (DriverName == "IE_DRIVER"): null

2023-11-24 13:28:27 - [TEST_STEP][PASSED] - delay(3): Delayed 3 second(s)

2023-11-24 13:28:27 - [MESSAGE][INFO] - Delaying browser in 3 second(s)

2023-11-24 13:28:30 - [MESSAGE][PASSED] - Delayed 3 second(s)

2023-11-24 13:28:30 - [MESSAGE][PASSED] - Call Test Case 'Test Cases/Test Reutilisable/Main/Erreur lie a la confidentialite' successfully

2023-11-24 13:28:30 - [TEST_STEP][PASSED] - delay(5): Delayed 5 second(s)

2023-11-24 13:28:30 - [MESSAGE][INFO] - Delaying browser in 5 second(s)

2023-11-24 13:28:35 - [MESSAGE][PASSED] - Delayed 5 second(s)

2023-11-24 13:28:35 - [TEST_STEP][PASSED] - verifyElementVisible(findTestObject("Object Repository/Connexion Usager/Link_Se Connecter"), STOP_ON_FAILURE): Object 'Object Repository/Connexion Usager/Link_Se Connecter' is visible

2023-11-24 13:28:35 - [MESSAGE][INFO] - Finding Test Object 'Object Repository/Connexion Usager/Link_Se Connecter'

2023-11-24 13:28:36 - [MESSAGE][INFO] - Checking object

2023-11-24 13:28:36 - [MESSAGE][INFO] - Finding web element from Test Object's properties

2023-11-24 13:28:36 - [MESSAGE][INFO] - Checking timeout

2023-11-24 13:28:36 - [MESSAGE][INFO] - Finding web element with id: 'Object Repository/Connexion Usager/Link_Se Connecter' located by 'By.xpath: //*[@id="connexion_link"]' in '5' second(s)

2023-11-24 13:28:36 - [MESSAGE][INFO] - Smart Wait Function is triggered

2023-11-24 13:28:36 - [MESSAGE][INFO] - Found 1 web elements with id: 'Object Repository/Connexion Usager/Link_Se Connecter' located by 'By.xpath: //*[@id="connexion_link"]' in '5' second(s)

2023-11-24 13:28:36 - [MESSAGE][PASSED] - Object 'Object Repository/Connexion Usager/Link_Se Connecter' is visible

2023-11-24 13:28:36 - [TEST_STEP][PASSED] - break: null

2023-11-24 13:28:36 - [TEST_STEP][PASSED] - if (Profiles == "Agent"): null

2023-11-24 13:28:36 - [TEST_STEP][PASSED] - else: null

2023-11-24 13:28:36 - [TEST_STEP][PASSED] - println("Vérifier le Portail de votre connexion Usager ou Agent"): null

2023-11-24 13:28:36 - [MESSAGE][PASSED] - Call Test Case 'Test Cases/Test Reutilisable/Main/Lancer URL ANEF' successfully

2023-11-24 13:28:36 - [TEST_STEP][PASSED] - callTestCase(findTestCase("Test Reutilisable/Main/Creer Votre Compte"), ["NumEtrangerVisa":NumEtrangerVisa, "DateDebut":DateDebut, "DateFin":DateFin, "EnvExec":EnvExec], STOP_ON_FAILURE): Call Test Case 'Test Cases/Test Reutilisable/Main/Creer Votre Compte' successfully

2023-11-24 13:28:36 - [MESSAGE][INFO] - Checking called Test Case

2023-11-24 13:28:36 - [MESSAGE][INFO] - Starting to call Test Case 'Test Cases/Test Reutilisable/Main/Creer Votre Compte'

2023-11-24 13:28:36 - [TEST_CASE][PASSED] - Test Cases/Test Reutilisable/Main/Creer Votre Compte: Test Cases/Test Reutilisable/Main/Creer Votre Compte

2023-11-24 13:28:38 - [TEST_STEP][PASSED] - "waiting for the number of elements in the DOM to stop changing": null

2023-11-24 13:28:38 - [TEST_STEP][PASSED] - com.kazurayam.ksbackyard.HighlightElement.pandemic(): com.kazurayam.ksbackyard.HighlightElement.pandemic is PASSED

2023-11-24 13:28:38 - [MESSAGE][PASSED] - com.kazurayam.ksbackyard.HighlightElement.pandemic is PASSED

2023-11-24 13:28:38 - [TEST_STEP][PASSED] - waitForPageLoad(5): Wait for page load successfully

2023-11-24 13:28:38 - [MESSAGE][INFO] - Checking timeout

2023-11-24 13:28:38 - [MESSAGE][PASSED] - Wait for page load successfully

2023-11-24 13:28:38 - [TEST_STEP][PASSED] - click(findTestObject("Object Repository/Connexion Usager/Link_Se Connecter")): Object: 'Object Repository/Connexion Usager/Link_Se Connecter' is clicked on

2023-11-24 13:28:38 - [MESSAGE][INFO] - Finding Test Object 'Object Repository/Connexion Usager/Link_Se Connecter'

2023-11-24 13:28:38 - [MESSAGE][INFO] - Checking timeout

2023-11-24 13:28:38 - [MESSAGE][INFO] - Finding web element with id: 'Object Repository/Connexion Usager/Link_Se Connecter' located by 'By.xpath: //*[@id="connexion_link"]' in '20' second(s)

2023-11-24 13:28:38 - [MESSAGE][INFO] - Smart Wait Function is triggered

2023-11-24 13:28:38 - [MESSAGE][INFO] - Found 1 web elements with id: 'Object Repository/Connexion Usager/Link_Se Connecter' located by 'By.xpath: //*[@id="connexion_link"]' in '20' second(s)

2023-11-24 13:28:38 - [MESSAGE][INFO] - Checking object

2023-11-24 13:28:38 - [MESSAGE][INFO] - Checking timeout

2023-11-24 13:28:38 - [MESSAGE][INFO] - Finding web element from Test Object's properties

2023-11-24 13:28:38 - [MESSAGE][INFO] - Checking timeout

2023-11-24 13:28:38 - [MESSAGE][INFO] - Finding web element with id: 'Object Repository/Connexion Usager/Link_Se Connecter' located by 'By.xpath: //*[@id="connexion_link"]' in '5' second(s)

2023-11-24 13:28:38 - [MESSAGE][INFO] - Smart Wait Function is triggered

2023-11-24 13:28:38 - [MESSAGE][INFO] - Found 1 web elements with id: 'Object Repository/Connexion Usager/Link_Se Connecter' located by 'By.xpath: //*[@id="connexion_link"]' in '5' second(s)

2023-11-24 13:28:38 - [MESSAGE][INFO] - Clicking on object: 'Object Repository/Connexion Usager/Link_Se Connecter'

2023-11-24 13:28:41 - [MESSAGE][PASSED] - Object: 'Object Repository/Connexion Usager/Link_Se Connecter' is clicked on

2023-11-24 13:28:41 - [TEST_STEP][PASSED] - if (EnvExec == "URL_ANEFQualif"): null

2023-11-24 13:28:41 - [TEST_STEP][PASSED] - click(findTestObject("Object Repository/Connexion Usager/Link_Creer Votre Compte")): Object: 'Object Repository/Connexion Usager/Link_Creer Votre Compte' is clicked on

2023-11-24 13:28:41 - [MESSAGE][INFO] - Finding Test Object 'Object Repository/Connexion Usager/Link_Creer Votre Compte'

2023-11-24 13:28:41 - [MESSAGE][INFO] - Checking timeout

2023-11-24 13:28:41 - [MESSAGE][INFO] - Finding web element with id: 'Object Repository/Connexion Usager/Link_Creer Votre Compte' located by 'By.xpath: /html/body/div/main/div[2]/a' in '20' second(s)

2023-11-24 13:28:41 - [MESSAGE][INFO] - Smart Wait Function is triggered

2023-11-24 13:28:41 - [MESSAGE][INFO] - Found 1 web elements with id: 'Object Repository/Connexion Usager/Link_Creer Votre Compte' located by 'By.xpath: /html/body/div/main/div[2]/a' in '20' second(s)

2023-11-24 13:28:41 - [MESSAGE][INFO] - Checking object

2023-11-24 13:28:41 - [MESSAGE][INFO] - Checking timeout

2023-11-24 13:28:41 - [MESSAGE][INFO] - Finding web element from Test Object's properties

2023-11-24 13:28:41 - [MESSAGE][INFO] - Checking timeout

2023-11-24 13:28:41 - [MESSAGE][INFO] - Finding web element with id: 'Object Repository/Connexion Usager/Link_Creer Votre Compte' located by 'By.xpath: /html/body/div/main/div[2]/a' in '5' second(s)

2023-11-24 13:28:41 - [MESSAGE][INFO] - Smart Wait Function is triggered

2023-11-24 13:28:42 - [MESSAGE][INFO] - Found 1 web elements with id: 'Object Repository/Connexion Usager/Link_Creer Votre Compte' located by 'By.xpath: /html/body/div/main/div[2]/a' in '5' second(s)

2023-11-24 13:28:42 - [MESSAGE][INFO] - Clicking on object: 'Object Repository/Connexion Usager/Link_Creer Votre Compte'

2023-11-24 13:28:46 - [MESSAGE][PASSED] - Object: 'Object Repository/Connexion Usager/Link_Creer Votre Compte' is clicked on

2023-11-24 13:28:46 - [TEST_STEP][PASSED] - waitForPageLoad(5): Wait for page load successfully

2023-11-24 13:28:46 - [MESSAGE][INFO] - Checking timeout

2023-11-24 13:28:46 - [MESSAGE][PASSED] - Wait for page load successfully

2023-11-24 13:28:46 - [TEST_STEP][PASSED] - println("NumEtrangerVisa = " + NumEtrangerVisa): null

2023-11-24 13:28:46 - [TEST_STEP][PASSED] - setText(findTestObject("Object Repository/Connexion Usager/Input_Numero etranger_Visa"), NumEtrangerVisa): Text '7703040880' is set on object 'Object Repository/Connexion Usager/Input_Numero etranger_Visa'

2023-11-24 13:28:46 - [MESSAGE][INFO] - Finding Test Object 'Object Repository/Connexion Usager/Input_Numero etranger_Visa'

2023-11-24 13:28:46 - [MESSAGE][INFO] - Checking timeout

2023-11-24 13:28:46 - [MESSAGE][INFO] - Finding web element with id: 'Object Repository/Connexion Usager/Input_Numero etranger_Visa' located by 'By.xpath: //*[@placeholder="Exemple : 9999999999" and @type = 'text']' in '20' second(s)

2023-11-24 13:28:46 - [MESSAGE][INFO] - Smart Wait Function is triggered

2023-11-24 13:28:46 - [MESSAGE][INFO] - Smart Wait Function is triggered

2023-11-24 13:28:47 - [MESSAGE][INFO] - Smart Wait Function is triggered

2023-11-24 13:28:47 - [MESSAGE][INFO] - Smart Wait Function is triggered

2023-11-24 13:28:47 - [MESSAGE][INFO] - Smart Wait Function is triggered

2023-11-24 13:28:47 - [MESSAGE][INFO] - Smart Wait Function is triggered

2023-11-24 13:28:47 - [MESSAGE][INFO] - Smart Wait Function is triggered

2023-11-24 13:28:47 - [MESSAGE][INFO] - Smart Wait Function is triggered

2023-11-24 13:28:47 - [MESSAGE][INFO] - Smart Wait Function is triggered

2023-11-24 13:28:47 - [MESSAGE][INFO] - Smart Wait Function is triggered

2023-11-24 13:28:47 - [MESSAGE][INFO] - Smart Wait Function is triggered

2023-11-24 13:28:47 - [MESSAGE][INFO] - Found 1 web elements with id: 'Object Repository/Connexion Usager/Input_Numero etranger_Visa' located by 'By.xpath: //*[@placeholder="Exemple : 9999999999" and @type = 'text']' in '20' second(s)

2023-11-24 13:28:47 - [MESSAGE][INFO] - Checking object

2023-11-24 13:28:47 - [MESSAGE][INFO] - Checking text

2023-11-24 13:28:47 - [MESSAGE][INFO] - Finding web element from Test Object's properties

2023-11-24 13:28:47 - [MESSAGE][INFO] - Checking timeout

2023-11-24 13:28:47 - [MESSAGE][INFO] - Finding web element with id: 'Object Repository/Connexion Usager/Input_Numero etranger_Visa' located by 'By.xpath: //*[@placeholder="Exemple : 9999999999" and @type = 'text']' in '5' second(s)

2023-11-24 13:28:47 - [MESSAGE][INFO] - Smart Wait Function is triggered

2023-11-24 13:28:47 - [MESSAGE][INFO] - Found 1 web elements with id: 'Object Repository/Connexion Usager/Input_Numero etranger_Visa' located by 'By.xpath: //*[@placeholder="Exemple : 9999999999" and @type = 'text']' in '5' second(s)

2023-11-24 13:28:47 - [MESSAGE][INFO] - Clearing text of object 'Object Repository/Connexion Usager/Input_Numero etranger_Visa'

2023-11-24 13:28:49 - [MESSAGE][INFO] - Finding web element from Test Object's properties

2023-11-24 13:28:49 - [MESSAGE][INFO] - Checking timeout

2023-11-24 13:28:49 - [MESSAGE][INFO] - Finding web element with id: 'Object Repository/Connexion Usager/Input_Numero etranger_Visa' located by 'By.xpath: //*[@placeholder="Exemple : 9999999999" and @type = 'text']' in '5' second(s)

2023-11-24 13:28:49 - [MESSAGE][INFO] - Smart Wait Function is triggered

2023-11-24 13:28:49 - [MESSAGE][INFO] - Found 1 web elements with id: 'Object Repository/Connexion Usager/Input_Numero etranger_Visa' located by 'By.xpath: //*[@placeholder="Exemple : 9999999999" and @type = 'text']' in '5' second(s)

2023-11-24 13:28:49 - [MESSAGE][INFO] - Setting text of object 'Object Repository/Connexion Usager/Input_Numero etranger_Visa' to value '7703040880'

2023-11-24 13:28:51 - [MESSAGE][PASSED] - Text '7703040880' is set on object 'Object Repository/Connexion Usager/Input_Numero etranger_Visa'

2023-11-24 13:28:51 - [TEST_STEP][PASSED] - DateDebut = DateDebut: null

2023-11-24 13:28:51 - [TEST_STEP][PASSED] - DateDebut = tools.MyStringTools.ParsedDateDebut(): tools.MyStringTools.ParsedDateDebut is PASSED

2023-11-24 13:28:51 - [MESSAGE][PASSED] - tools.MyStringTools.ParsedDateDebut is PASSED

2023-11-24 13:28:51 - [TEST_STEP][PASSED] - ParsedDateDebut = tools.MyStringTools.ParsedDateDebut(): tools.MyStringTools.ParsedDateDebut is PASSED

2023-11-24 13:28:51 - [MESSAGE][PASSED] - tools.MyStringTools.ParsedDateDebut is PASSED

2023-11-24 13:28:51 - [TEST_STEP][PASSED] - setText(findTestObject("Object Repository/Connexion Usager/Date Debut Validite/Input_Jour"), ParsedDateDebut[0]): Text '24' is set on object 'Object Repository/Connexion Usager/Date Debut Validite/Input_Jour'

2023-11-24 13:28:51 - [MESSAGE][INFO] - Finding Test Object 'Object Repository/Connexion Usager/Date Debut Validite/Input_Jour'

2023-11-24 13:28:51 - [MESSAGE][INFO] - Checking timeout

2023-11-24 13:28:51 - [MESSAGE][INFO] - Finding web element with id: 'Object Repository/Connexion Usager/Date Debut Validite/Input_Jour' located by 'By.xpath: /html/body/app-root/div/app-root/main/app-registration/div/div[3]/app-identification/form/div[2]/app-date[1]/fieldset/div[2]/div[1]/input' in '20' second(s)

2023-11-24 13:28:51 - [MESSAGE][INFO] - Smart Wait Function is triggered

2023-11-24 13:28:51 - [MESSAGE][INFO] - Found 1 web elements with id: 'Object Repository/Connexion Usager/Date Debut Validite/Input_Jour' located by 'By.xpath: /html/body/app-root/div/app-root/main/app-registration/div/div[3]/app-identification/form/div[2]/app-date[1]/fieldset/div[2]/div[1]/input' in '20' second(s)

2023-11-24 13:28:52 - [MESSAGE][INFO] - Checking object

2023-11-24 13:28:52 - [MESSAGE][INFO] - Checking text

2023-11-24 13:28:52 - [MESSAGE][INFO] - Finding web element from Test Object's properties

2023-11-24 13:28:52 - [MESSAGE][INFO] - Checking timeout

2023-11-24 13:28:52 - [MESSAGE][INFO] - Finding web element with id: 'Object Repository/Connexion Usager/Date Debut Validite/Input_Jour' located by 'By.xpath: /html/body/app-root/div/app-root/main/app-registration/div/div[3]/app-identification/form/div[2]/app-date[1]/fieldset/div[2]/div[1]/input' in '5' second(s)

2023-11-24 13:28:52 - [MESSAGE][INFO] - Smart Wait Function is triggered

2023-11-24 13:28:52 - [MESSAGE][INFO] - Found 1 web elements with id: 'Object Repository/Connexion Usager/Date Debut Validite/Input_Jour' located by 'By.xpath: /html/body/app-root/div/app-root/main/app-registration/div/div[3]/app-identification/form/div[2]/app-date[1]/fieldset/div[2]/div[1]/input' in '5' second(s)

2023-11-24 13:28:52 - [MESSAGE][INFO] - Clearing text of object 'Object Repository/Connexion Usager/Date Debut Validite/Input_Jour'

2023-11-24 13:28:54 - [MESSAGE][INFO] - Finding web element from Test Object's properties

2023-11-24 13:28:54 - [MESSAGE][INFO] - Checking timeout

2023-11-24 13:28:54 - [MESSAGE][INFO] - Finding web element with id: 'Object Repository/Connexion Usager/Date Debut Validite/Input_Jour' located by 'By.xpath: /html/body/app-root/div/app-root/main/app-registration/div/div[3]/app-identification/form/div[2]/app-date[1]/fieldset/div[2]/div[1]/input' in '5' second(s)

2023-11-24 13:28:54 - [MESSAGE][INFO] - Smart Wait Function is triggered

2023-11-24 13:28:54 - [MESSAGE][INFO] - Found 1 web elements with id: 'Object Repository/Connexion Usager/Date Debut Validite/Input_Jour' located by 'By.xpath: /html/body/app-root/div/app-root/main/app-registration/div/div[3]/app-identification/form/div[2]/app-date[1]/fieldset/div[2]/div[1]/input' in '5' second(s)

2023-11-24 13:28:54 - [MESSAGE][INFO] - Setting text of object 'Object Repository/Connexion Usager/Date Debut Validite/Input_Jour' to value '24'

2023-11-24 13:28:56 - [MESSAGE][PASSED] - Text '24' is set on object 'Object Repository/Connexion Usager/Date Debut Validite/Input_Jour'

2023-11-24 13:28:56 - [TEST_STEP][PASSED] - selectOptionByIndex(findTestObject("Object Repository/Connexion Usager/Date Debut Validite/Select_Mois"), ParsedDateDebut[1]): All options with index in [12] are selected on object 'Object Repository/Connexion Usager/Date Debut Validite/Select_Mois'

2023-11-24 13:28:56 - [MESSAGE][INFO] - Finding Test Object 'Object Repository/Connexion Usager/Date Debut Validite/Select_Mois'

2023-11-24 13:28:56 - [MESSAGE][INFO] - Checking timeout

2023-11-24 13:28:56 - [MESSAGE][INFO] - Finding web element with id: 'Object Repository/Connexion Usager/Date Debut Validite/Select_Mois' located by 'By.xpath: /html/body/app-root/div/app-root/main/app-registration/div/div[3]/app-identification/form/div[2]/app-date[1]/fieldset/div[2]/div[2]/select' in '20' second(s)

2023-11-24 13:28:56 - [MESSAGE][INFO] - Smart Wait Function is triggered

2023-11-24 13:28:56 - [MESSAGE][INFO] - Found 1 web elements with id: 'Object Repository/Connexion Usager/Date Debut Validite/Select_Mois' located by 'By.xpath: /html/body/app-root/div/app-root/main/app-registration/div/div[3]/app-identification/form/div[2]/app-date[1]/fieldset/div[2]/div[2]/select' in '20' second(s)

2023-11-24 13:28:56 - [MESSAGE][INFO] - Checking object

2023-11-24 13:28:56 - [MESSAGE][INFO] - Checking index range

2023-11-24 13:28:56 - [MESSAGE][INFO] - Converting range parameter '12' to index array

2023-11-24 13:28:56 - [MESSAGE][INFO] - Range parameter '12' is converted to index array [12]

2023-11-24 13:28:56 - [MESSAGE][INFO] - Finding web element from Test Object's properties

2023-11-24 13:28:56 - [MESSAGE][INFO] - Checking timeout

2023-11-24 13:28:56 - [MESSAGE][INFO] - Finding web element with id: 'Object Repository/Connexion Usager/Date Debut Validite/Select_Mois' located by 'By.xpath: /html/body/app-root/div/app-root/main/app-registration/div/div[3]/app-identification/form/div[2]/app-date[1]/fieldset/div[2]/div[2]/select' in '5' second(s)

2023-11-24 13:28:56 - [MESSAGE][INFO] - Smart Wait Function is triggered

2023-11-24 13:28:56 - [MESSAGE][INFO] - Found 1 web elements with id: 'Object Repository/Connexion Usager/Date Debut Validite/Select_Mois' located by 'By.xpath: /html/body/app-root/div/app-root/main/app-registration/div/div[3]/app-identification/form/div[2]/app-date[1]/fieldset/div[2]/div[2]/select' in '5' second(s)

2023-11-24 13:28:56 - [MESSAGE][INFO] - Checking index parameters

2023-11-24 13:28:56 - [MESSAGE][INFO] - Smart Wait Function is triggered

2023-11-24 13:28:56 - [MESSAGE][INFO] - Selecting options on object 'Object Repository/Connexion Usager/Date Debut Validite/Select_Mois' with index in [12]

2023-11-24 13:28:56 - [MESSAGE][INFO] - Smart Wait Function is triggered

2023-11-24 13:28:58 - [MESSAGE][INFO] - Option with index 12 is selected

2023-11-24 13:28:58 - [MESSAGE][PASSED] - All options with index in [12] are selected on object 'Object Repository/Connexion Usager/Date Debut Validite/Select_Mois'

2023-11-24 13:28:58 - [TEST_STEP][PASSED] - setText(findTestObject("Object Repository/Connexion Usager/Date Debut Validite/Input_Annee"), ParsedDateDebut[2]): Text '2022' is set on object 'Object Repository/Connexion Usager/Date Debut Validite/Input_Annee'

2023-11-24 13:28:58 - [MESSAGE][INFO] - Finding Test Object 'Object Repository/Connexion Usager/Date Debut Validite/Input_Annee'

2023-11-24 13:28:58 - [MESSAGE][INFO] - Checking timeout

2023-11-24 13:28:58 - [MESSAGE][INFO] - Finding web element with id: 'Object Repository/Connexion Usager/Date Debut Validite/Input_Annee' located by 'By.xpath: /html/body/app-root/div/app-root/main/app-registration/div/div[3]/app-identification/form/div[2]/app-date[1]/fieldset/div[2]/div[3]/input' in '20' second(s)

2023-11-24 13:28:58 - [MESSAGE][INFO] - Smart Wait Function is triggered

2023-11-24 13:28:58 - [MESSAGE][INFO] - Found 1 web elements with id: 'Object Repository/Connexion Usager/Date Debut Validite/Input_Annee' located by 'By.xpath: /html/body/app-root/div/app-root/main/app-registration/div/div[3]/app-identification/form/div[2]/app-date[1]/fieldset/div[2]/div[3]/input' in '20' second(s)

2023-11-24 13:28:58 - [MESSAGE][INFO] - Checking object

2023-11-24 13:28:58 - [MESSAGE][INFO] - Checking text

2023-11-24 13:28:58 - [MESSAGE][INFO] - Finding web element from Test Object's properties

2023-11-24 13:28:58 - [MESSAGE][INFO] - Checking timeout

2023-11-24 13:28:58 - [MESSAGE][INFO] - Finding web element with id: 'Object Repository/Connexion Usager/Date Debut Validite/Input_Annee' located by 'By.xpath: /html/body/app-root/div/app-root/main/app-registration/div/div[3]/app-identification/form/div[2]/app-date[1]/fieldset/div[2]/div[3]/input' in '5' second(s)

2023-11-24 13:28:58 - [MESSAGE][INFO] - Smart Wait Function is triggered

2023-11-24 13:28:58 - [MESSAGE][INFO] - Found 1 web elements with id: 'Object Repository/Connexion Usager/Date Debut Validite/Input_Annee' located by 'By.xpath: /html/body/app-root/div/app-root/main/app-registration/div/div[3]/app-identification/form/div[2]/app-date[1]/fieldset/div[2]/div[3]/input' in '5' second(s)

2023-11-24 13:28:58 - [MESSAGE][INFO] - Clearing text of object 'Object Repository/Connexion Usager/Date Debut Validite/Input_Annee'

2023-11-24 13:29:00 - [MESSAGE][INFO] - Finding web element from Test Object's properties

2023-11-24 13:29:00 - [MESSAGE][INFO] - Checking timeout

2023-11-24 13:29:00 - [MESSAGE][INFO] - Finding web element with id: 'Object Repository/Connexion Usager/Date Debut Validite/Input_Annee' located by 'By.xpath: /html/body/app-root/div/app-root/main/app-registration/div/div[3]/app-identification/form/div[2]/app-date[1]/fieldset/div[2]/div[3]/input' in '5' second(s)

2023-11-24 13:29:00 - [MESSAGE][INFO] - Smart Wait Function is triggered

2023-11-24 13:29:01 - [MESSAGE][INFO] - Found 1 web elements with id: 'Object Repository/Connexion Usager/Date Debut Validite/Input_Annee' located by 'By.xpath: /html/body/app-root/div/app-root/main/app-registration/div/div[3]/app-identification/form/div[2]/app-date[1]/fieldset/div[2]/div[3]/input' in '5' second(s)

2023-11-24 13:29:01 - [MESSAGE][INFO] - Setting text of object 'Object Repository/Connexion Usager/Date Debut Validite/Input_Annee' to value '2022'

2023-11-24 13:29:03 - [MESSAGE][PASSED] - Text '2022' is set on object 'Object Repository/Connexion Usager/Date Debut Validite/Input_Annee'

2023-11-24 13:29:03 - [TEST_STEP][PASSED] - DateFin = DateFin: null

2023-11-24 13:29:03 - [TEST_STEP][PASSED] - DateFin = tools.MyStringTools.ParsedDateFin(): tools.MyStringTools.ParsedDateFin is PASSED

2023-11-24 13:29:03 - [MESSAGE][PASSED] - tools.MyStringTools.ParsedDateFin is PASSED

2023-11-24 13:29:03 - [TEST_STEP][PASSED] - ParsedDateFin = tools.MyStringTools.ParsedDateFin(): tools.MyStringTools.ParsedDateFin is PASSED

2023-11-24 13:29:03 - [MESSAGE][PASSED] - tools.MyStringTools.ParsedDateFin is PASSED

2023-11-24 13:29:03 - [TEST_STEP][PASSED] - setText(findTestObject("Object Repository/Connexion Usager/Date Fin Validite/Input_Jour"), ParsedDateFin[0]): Text '23' is set on object 'Object Repository/Connexion Usager/Date Fin Validite/Input_Jour'

2023-11-24 13:29:03 - [MESSAGE][INFO] - Finding Test Object 'Object Repository/Connexion Usager/Date Fin Validite/Input_Jour'

2023-11-24 13:29:03 - [MESSAGE][INFO] - Checking timeout

2023-11-24 13:29:03 - [MESSAGE][INFO] - Finding web element with id: 'Object Repository/Connexion Usager/Date Fin Validite/Input_Jour' located by 'By.xpath: /html/body/app-root/div/app-root/main/app-registration/div/div[3]/app-identification/form/div[2]/app-date[2]/fieldset/div[2]/div[1]/input' in '20' second(s)

2023-11-24 13:29:03 - [MESSAGE][INFO] - Smart Wait Function is triggered

2023-11-24 13:29:03 - [MESSAGE][INFO] - Found 1 web elements with id: 'Object Repository/Connexion Usager/Date Fin Validite/Input_Jour' located by 'By.xpath: /html/body/app-root/div/app-root/main/app-registration/div/div[3]/app-identification/form/div[2]/app-date[2]/fieldset/div[2]/div[1]/input' in '20' second(s)

2023-11-24 13:29:03 - [MESSAGE][INFO] - Checking object

2023-11-24 13:29:03 - [MESSAGE][INFO] - Checking text

2023-11-24 13:29:03 - [MESSAGE][INFO] - Finding web element from Test Object's properties

2023-11-24 13:29:03 - [MESSAGE][INFO] - Checking timeout

2023-11-24 13:29:03 - [MESSAGE][INFO] - Finding web element with id: 'Object Repository/Connexion Usager/Date Fin Validite/Input_Jour' located by 'By.xpath: /html/body/app-root/div/app-root/main/app-registration/div/div[3]/app-identification/form/div[2]/app-date[2]/fieldset/div[2]/div[1]/input' in '5' second(s)

2023-11-24 13:29:03 - [MESSAGE][INFO] - Smart Wait Function is triggered

2023-11-24 13:29:03 - [MESSAGE][INFO] - Found 1 web elements with id: 'Object Repository/Connexion Usager/Date Fin Validite/Input_Jour' located by 'By.xpath: /html/body/app-root/div/app-root/main/app-registration/div/div[3]/app-identification/form/div[2]/app-date[2]/fieldset/div[2]/div[1]/input' in '5' second(s)

2023-11-24 13:29:03 - [MESSAGE][INFO] - Clearing text of object 'Object Repository/Connexion Usager/Date Fin Validite/Input_Jour'

2023-11-24 13:29:05 - [MESSAGE][INFO] - Finding web element from Test Object's properties

2023-11-24 13:29:05 - [MESSAGE][INFO] - Checking timeout

2023-11-24 13:29:05 - [MESSAGE][INFO] - Finding web element with id: 'Object Repository/Connexion Usager/Date Fin Validite/Input_Jour' located by 'By.xpath: /html/body/app-root/div/app-root/main/app-registration/div/div[3]/app-identification/form/div[2]/app-date[2]/fieldset/div[2]/div[1]/input' in '5' second(s)

2023-11-24 13:29:05 - [MESSAGE][INFO] - Smart Wait Function is triggered

2023-11-24 13:29:05 - [MESSAGE][INFO] - Found 1 web elements with id: 'Object Repository/Connexion Usager/Date Fin Validite/Input_Jour' located by 'By.xpath: /html/body/app-root/div/app-root/main/app-registration/div/div[3]/app-identification/form/div[2]/app-date[2]/fieldset/div[2]/div[1]/input' in '5' second(s)

2023-11-24 13:29:05 - [MESSAGE][INFO] - Setting text of object 'Object Repository/Connexion Usager/Date Fin Validite/Input_Jour' to value '23'

2023-11-24 13:29:07 - [MESSAGE][PASSED] - Text '23' is set on object 'Object Repository/Connexion Usager/Date Fin Validite/Input_Jour'

2023-11-24 13:29:07 - [TEST_STEP][PASSED] - selectOptionByIndex(findTestObject("Object Repository/Connexion Usager/Date Fin Validite/Select_Mois"), ParsedDateFin[1]): All options with index in [12] are selected on object 'Object Repository/Connexion Usager/Date Fin Validite/Select_Mois'

2023-11-24 13:29:07 - [MESSAGE][INFO] - Finding Test Object 'Object Repository/Connexion Usager/Date Fin Validite/Select_Mois'

2023-11-24 13:29:07 - [MESSAGE][INFO] - Checking timeout

2023-11-24 13:29:07 - [MESSAGE][INFO] - Finding web element with id: 'Object Repository/Connexion Usager/Date Fin Validite/Select_Mois' located by 'By.xpath: /html/body/app-root/div/app-root/main/app-registration/div/div[3]/app-identification/form/div[2]/app-date[2]/fieldset/div[2]/div[2]/select' in '20' second(s)

2023-11-24 13:29:07 - [MESSAGE][INFO] - Smart Wait Function is triggered

2023-11-24 13:29:07 - [MESSAGE][INFO] - Found 1 web elements with id: 'Object Repository/Connexion Usager/Date Fin Validite/Select_Mois' located by 'By.xpath: /html/body/app-root/div/app-root/main/app-registration/div/div[3]/app-identification/form/div[2]/app-date[2]/fieldset/div[2]/div[2]/select' in '20' second(s)

2023-11-24 13:29:07 - [MESSAGE][INFO] - Checking object

2023-11-24 13:29:07 - [MESSAGE][INFO] - Checking index range

2023-11-24 13:29:07 - [MESSAGE][INFO] - Converting range parameter '12' to index array

2023-11-24 13:29:07 - [MESSAGE][INFO] - Range parameter '12' is converted to index array [12]

2023-11-24 13:29:07 - [MESSAGE][INFO] - Finding web element from Test Object's properties

2023-11-24 13:29:07 - [MESSAGE][INFO] - Checking timeout

2023-11-24 13:29:07 - [MESSAGE][INFO] - Finding web element with id: 'Object Repository/Connexion Usager/Date Fin Validite/Select_Mois' located by 'By.xpath: /html/body/app-root/div/app-root/main/app-registration/div/div[3]/app-identification/form/div[2]/app-date[2]/fieldset/div[2]/div[2]/select' in '5' second(s)

2023-11-24 13:29:07 - [MESSAGE][INFO] - Smart Wait Function is triggered

2023-11-24 13:29:07 - [MESSAGE][INFO] - Found 1 web elements with id: 'Object Repository/Connexion Usager/Date Fin Validite/Select_Mois' located by 'By.xpath: /html/body/app-root/div/app-root/main/app-registration/div/div[3]/app-identification/form/div[2]/app-date[2]/fieldset/div[2]/div[2]/select' in '5' second(s)

2023-11-24 13:29:07 - [MESSAGE][INFO] - Checking index parameters

2023-11-24 13:29:07 - [MESSAGE][INFO] - Smart Wait Function is triggered

2023-11-24 13:29:07 - [MESSAGE][INFO] - Selecting options on object 'Object Repository/Connexion Usager/Date Fin Validite/Select_Mois' with index in [12]

2023-11-24 13:29:07 - [MESSAGE][INFO] - Smart Wait Function is triggered

2023-11-24 13:29:09 - [MESSAGE][INFO] - Option with index 12 is selected

2023-11-24 13:29:09 - [MESSAGE][PASSED] - All options with index in [12] are selected on object 'Object Repository/Connexion Usager/Date Fin Validite/Select_Mois'

2023-11-24 13:29:09 - [TEST_STEP][PASSED] - setText(findTestObject("Object Repository/Connexion Usager/Date Fin Validite/Input_Annee"), ParsedDateFin[2]): Text '2023' is set on object 'Object Repository/Connexion Usager/Date Fin Validite/Input_Annee'

2023-11-24 13:29:09 - [MESSAGE][INFO] - Finding Test Object 'Object Repository/Connexion Usager/Date Fin Validite/Input_Annee'

2023-11-24 13:29:09 - [MESSAGE][INFO] - Checking timeout

2023-11-24 13:29:09 - [MESSAGE][INFO] - Finding web element with id: 'Object Repository/Connexion Usager/Date Fin Validite/Input_Annee' located by 'By.xpath: /html/body/app-root/div/app-root/main/app-registration/div/div[3]/app-identification/form/div[2]/app-date[2]/fieldset/div[2]/div[3]/input' in '20' second(s)

2023-11-24 13:29:09 - [MESSAGE][INFO] - Smart Wait Function is triggered

2023-11-24 13:29:10 - [MESSAGE][INFO] - Found 1 web elements with id: 'Object Repository/Connexion Usager/Date Fin Validite/Input_Annee' located by 'By.xpath: /html/body/app-root/div/app-root/main/app-registration/div/div[3]/app-identification/form/div[2]/app-date[2]/fieldset/div[2]/div[3]/input' in '20' second(s)

2023-11-24 13:29:10 - [MESSAGE][INFO] - Checking object

2023-11-24 13:29:10 - [MESSAGE][INFO] - Checking text

2023-11-24 13:29:10 - [MESSAGE][INFO] - Finding web element from Test Object's properties

2023-11-24 13:29:10 - [MESSAGE][INFO] - Checking timeout

2023-11-24 13:29:10 - [MESSAGE][INFO] - Finding web element with id: 'Object Repository/Connexion Usager/Date Fin Validite/Input_Annee' located by 'By.xpath: /html/body/app-root/div/app-root/main/app-registration/div/div[3]/app-identification/form/div[2]/app-date[2]/fieldset/div[2]/div[3]/input' in '5' second(s)

2023-11-24 13:29:10 - [MESSAGE][INFO] - Smart Wait Function is triggered

2023-11-24 13:29:10 - [MESSAGE][INFO] - Found 1 web elements with id: 'Object Repository/Connexion Usager/Date Fin Validite/Input_Annee' located by 'By.xpath: /html/body/app-root/div/app-root/main/app-registration/div/div[3]/app-identification/form/div[2]/app-date[2]/fieldset/div[2]/div[3]/input' in '5' second(s)

2023-11-24 13:29:10 - [MESSAGE][INFO] - Clearing text of object 'Object Repository/Connexion Usager/Date Fin Validite/Input_Annee'

2023-11-24 13:29:12 - [MESSAGE][INFO] - Finding web element from Test Object's properties

2023-11-24 13:29:12 - [MESSAGE][INFO] - Checking timeout

2023-11-24 13:29:12 - [MESSAGE][INFO] - Finding web element with id: 'Object Repository/Connexion Usager/Date Fin Validite/Input_Annee' located by 'By.xpath: /html/body/app-root/div/app-root/main/app-registration/div/div[3]/app-identification/form/div[2]/app-date[2]/fieldset/div[2]/div[3]/input' in '5' second(s)

2023-11-24 13:29:12 - [MESSAGE][INFO] - Smart Wait Function is triggered

2023-11-24 13:29:12 - [MESSAGE][INFO] - Found 1 web elements with id: 'Object Repository/Connexion Usager/Date Fin Validite/Input_Annee' located by 'By.xpath: /html/body/app-root/div/app-root/main/app-registration/div/div[3]/app-identification/form/div[2]/app-date[2]/fieldset/div[2]/div[3]/input' in '5' second(s)

2023-11-24 13:29:12 - [MESSAGE][INFO] - Setting text of object 'Object Repository/Connexion Usager/Date Fin Validite/Input_Annee' to value '2023'

2023-11-24 13:29:14 - [MESSAGE][PASSED] - Text '2023' is set on object 'Object Repository/Connexion Usager/Date Fin Validite/Input_Annee'

2023-11-24 13:29:14 - [TEST_STEP][PASSED] - click(findTestObject("Object Repository/Connexion Usager/Btn_Creer Un Compte")): Object: 'Object Repository/Connexion Usager/Btn_Creer Un Compte' is clicked on

2023-11-24 13:29:14 - [MESSAGE][INFO] - Finding Test Object 'Object Repository/Connexion Usager/Btn_Creer Un Compte'

2023-11-24 13:29:14 - [MESSAGE][INFO] - Checking timeout

2023-11-24 13:29:14 - [MESSAGE][INFO] - Finding web element with id: 'Object Repository/Connexion Usager/Btn_Creer Un Compte' located by 'By.xpath: /html/body/app-root/div/app-root/main/app-registration/div/div[3]/app-identification/form/p-button/button' in '20' second(s)

2023-11-24 13:29:14 - [MESSAGE][INFO] - Smart Wait Function is triggered

2023-11-24 13:29:14 - [MESSAGE][INFO] - Found 1 web elements with id: 'Object Repository/Connexion Usager/Btn_Creer Un Compte' located by 'By.xpath: /html/body/app-root/div/app-root/main/app-registration/div/div[3]/app-identification/form/p-button/button' in '20' second(s)

2023-11-24 13:29:14 - [MESSAGE][INFO] - Checking object

2023-11-24 13:29:14 - [MESSAGE][INFO] - Checking timeout

2023-11-24 13:29:14 - [MESSAGE][INFO] - Finding web element from Test Object's properties

2023-11-24 13:29:14 - [MESSAGE][INFO] - Checking timeout

2023-11-24 13:29:14 - [MESSAGE][INFO] - Finding web element with id: 'Object Repository/Connexion Usager/Btn_Creer Un Compte' located by 'By.xpath: /html/body/app-root/div/app-root/main/app-registration/div/div[3]/app-identification/form/p-button/button' in '5' second(s)

2023-11-24 13:29:14 - [MESSAGE][INFO] - Smart Wait Function is triggered

2023-11-24 13:29:14 - [MESSAGE][INFO] - Found 1 web elements with id: 'Object Repository/Connexion Usager/Btn_Creer Un Compte' located by 'By.xpath: /html/body/app-root/div/app-root/main/app-registration/div/div[3]/app-identification/form/p-button/button' in '5' second(s)

2023-11-24 13:29:14 - [MESSAGE][INFO] - Clicking on object: 'Object Repository/Connexion Usager/Btn_Creer Un Compte'

2023-11-24 13:29:16 - [MESSAGE][PASSED] - Object: 'Object Repository/Connexion Usager/Btn_Creer Un Compte' is clicked on

2023-11-24 13:29:16 - [TEST_STEP][PASSED] - "Vérification si Certaines informations que vous avez saisies sont incorrectes. Veuillez vérifier votre saisie. pb serveur AGERDF": null

2023-11-24 13:29:16 - [TEST_STEP][PASSED] - callTestCase(findTestCase("Test Cases/Test Reutilisable/Main/VerificationCertainesInformationsSontIncorrectes"), [:], OPTIONAL): Call Test Case 'Test Cases/Test Reutilisable/Main/VerificationCertainesInformationsSontIncorrectes' successfully

2023-11-24 13:29:16 - [MESSAGE][INFO] - Checking called Test Case

2023-11-24 13:29:16 - [MESSAGE][INFO] - Starting to call Test Case 'Test Cases/Test Reutilisable/Main/VerificationCertainesInformationsSontIncorrectes'

2023-11-24 13:29:16 - [TEST_CASE][PASSED] - Test Cases/Test Reutilisable/Main/VerificationCertainesInformationsSontIncorrectes: Test Cases/Test Reutilisable/Main/VerificationCertainesInformationsSontIncorrectes

2023-11-24 13:29:17 - [TEST_STEP][PASSED] - "Vérification si Certaines informations que vous avez saisies sont incorrectes. Veuillez vérifier votre saisie. pb serveur AGERDF": null

2023-11-24 13:29:17 - [TEST_STEP][PASSED] - delay(3): Delayed 3 second(s)

2023-11-24 13:29:17 - [MESSAGE][INFO] - Delaying browser in 3 second(s)

2023-11-24 13:29:20 - [MESSAGE][PASSED] - Delayed 3 second(s)

2023-11-24 13:29:20 - [TEST_STEP][PASSED] - StopTestCase = false: null

2023-11-24 13:29:20 - [TEST_STEP][PASSED] - MsgAlertPresent = verifyElementVisible(findTestObject("Object Repository/Connexion Usager/lbl_CertainesInformationsSaisiesSontIncorrectes"), OPTIONAL): Web element with id: 'Object Repository/Connexion Usager/lbl_CertainesInformationsSaisiesSontIncorrectes' located by '//p' not found (Root cause: com.kms.katalon.core.exception.StepFailedException: Web element with id: 'Object Repository/Connexion Usager/lbl_CertainesInformationsSaisiesSontIncorrectes' located by '//p' not found
	at com.kms.katalon.core.webui.keyword.internal.WebUIKeywordMain.stepFailed(WebUIKeywordMain.groovy:64)
	at com.kms.katalon.core.webui.keyword.builtin.VerifyElementVisibleKeyword$_verifyElementVisible_closure1.doCall(VerifyElementVisibleKeyword.groovy:89)
	at com.kms.katalon.core.webui.keyword.builtin.VerifyElementVisibleKeyword$_verifyElementVisible_closure1.call(VerifyElementVisibleKeyword.groovy)
	at com.kms.katalon.core.webui.keyword.internal.WebUIKeywordMain.runKeyword(WebUIKeywordMain.groovy:20)
	at com.kms.katalon.core.webui.keyword.builtin.VerifyElementVisibleKeyword.verifyElementVisible(VerifyElementVisibleKeyword.groovy:97)
	at com.kms.katalon.core.webui.keyword.builtin.VerifyElementVisibleKeyword.execute(VerifyElementVisibleKeyword.groovy:67)
	at com.kms.katalon.core.keyword.internal.KeywordExecutor.executeKeywordForPlatform(KeywordExecutor.groovy:74)
	at com.kms.katalon.core.webui.keyword.WebUiBuiltInKeywords.verifyElementVisible(WebUiBuiltInKeywords.groovy:362)
	at com.kazurayam.ksbackyard.HighlightElement$_pandemic_closure1.doCall(HighlightElement.groovy:105)
	at VerificationCertainesInformationsSontIncorrectes.run(VerificationCertainesInformationsSontIncorrectes:85)
	at com.kms.katalon.core.main.ScriptEngine.run(ScriptEngine.java:194)
	at com.kms.katalon.core.main.ScriptEngine.runScriptAsRawText(ScriptEngine.java:119)
	at com.kms.katalon.core.main.TestCaseExecutor.runScript(TestCaseExecutor.java:448)
	at com.kms.katalon.core.main.TestCaseExecutor.doExecute(TestCaseExecutor.java:439)
	at com.kms.katalon.core.main.TestCaseExecutor.processExecutionPhase(TestCaseExecutor.java:418)
	at com.kms.katalon.core.main.TestCaseExecutor.accessMainPhase(TestCaseExecutor.java:410)
	at com.kms.katalon.core.main.TestCaseExecutor.execute(TestCaseExecutor.java:285)
	at com.kms.katalon.core.main.TestCaseMain.runTestCase(TestCaseMain.java:144)
	at com.kms.katalon.core.keyword.builtin.CallTestCaseKeyword$_callTestCase_closure1.doCall(CallTestCaseKeyword.groovy:59)
	at com.kms.katalon.core.keyword.builtin.CallTestCaseKeyword$_callTestCase_closure1.call(CallTestCaseKeyword.groovy)
	at com.kms.katalon.core.keyword.internal.KeywordMain.runKeyword(KeywordMain.groovy:75)
	at com.kms.katalon.core.keyword.builtin.CallTestCaseKeyword.callTestCase(CallTestCaseKeyword.groovy:81)
	at com.kms.katalon.core.keyword.builtin.CallTestCaseKeyword.execute(CallTestCaseKeyword.groovy:44)
	at com.kms.katalon.core.keyword.internal.KeywordExecutor.executeKeywordForPlatform(KeywordExecutor.groovy:74)
	at com.kms.katalon.core.keyword.BuiltinKeywords.callTestCase(BuiltinKeywords.groovy:310)
	at com.kazurayam.ksbackyard.HighlightElement$_pandemic_closure1.doCall(HighlightElement.groovy:105)
	at Creer Votre Compte.run(Creer Votre Compte:109)
	at com.kms.katalon.core.main.ScriptEngine.run(ScriptEngine.java:194)
	at com.kms.katalon.core.main.ScriptEngine.runScriptAsRawText(ScriptEngine.java:119)
	at com.kms.katalon.core.main.TestCaseExecutor.runScript(TestCaseExecutor.java:448)
	at com.kms.katalon.core.main.TestCaseExecutor.doExecute(TestCaseExecutor.java:439)
	at com.kms.katalon.core.main.TestCaseExecutor.processExecutionPhase(TestCaseExecutor.java:418)
	at com.kms.katalon.core.main.TestCaseExecutor.accessMainPhase(TestCaseExecutor.java:410)
	at com.kms.katalon.core.main.TestCaseExecutor.execute(TestCaseExecutor.java:285)
	at com.kms.katalon.core.main.TestCaseMain.runTestCase(TestCaseMain.java:144)
	at com.kms.katalon.core.keyword.builtin.CallTestCaseKeyword$_callTestCase_closure1.doCall(CallTestCaseKeyword.groovy:59)
	at com.kms.katalon.core.keyword.builtin.CallTestCaseKeyword$_callTestCase_closure1.call(CallTestCaseKeyword.groovy)
	at com.kms.katalon.core.keyword.internal.KeywordMain.runKeyword(KeywordMain.groovy:75)
	at com.kms.katalon.core.keyword.builtin.CallTestCaseKeyword.callTestCase(CallTestCaseKeyword.groovy:81)
	at com.kms.katalon.core.keyword.builtin.CallTestCaseKeyword.execute(CallTestCaseKeyword.groovy:44)
	at com.kms.katalon.core.keyword.internal.KeywordExecutor.executeKeywordForPlatform(KeywordExecutor.groovy:74)
	at com.kms.katalon.core.keyword.BuiltinKeywords.callTestCase(BuiltinKeywords.groovy:310)
	at com.kazurayam.ksbackyard.HighlightElement$_pandemic_closure1.doCall(HighlightElement.groovy:105)
	at TNR R.TSPT Supp90-Etudiant.run(TNR R.TSPT Supp90-Etudiant:30)
	at com.kms.katalon.core.main.ScriptEngine.run(ScriptEngine.java:194)
	at com.kms.katalon.core.main.ScriptEngine.runScriptAsRawText(ScriptEngine.java:119)
	at com.kms.katalon.core.main.TestCaseExecutor.runScript(TestCaseExecutor.java:448)
	at com.kms.katalon.core.main.TestCaseExecutor.doExecute(TestCaseExecutor.java:439)
	at com.kms.katalon.core.main.TestCaseExecutor.processExecutionPhase(TestCaseExecutor.java:418)
	at com.kms.katalon.core.main.TestCaseExecutor.accessMainPhase(TestCaseExecutor.java:410)
	at com.kms.katalon.core.main.TestCaseExecutor.execute(TestCaseExecutor.java:285)
	at com.kms.katalon.core.common.CommonExecutor.accessTestCaseMainPhase(CommonExecutor.java:65)
	at com.kms.katalon.core.main.TestSuiteExecutor.accessTestSuiteMainPhase(TestSuiteExecutor.java:148)
	at com.kms.katalon.core.main.TestSuiteExecutor.execute(TestSuiteExecutor.java:106)
	at com.kms.katalon.core.main.TestCaseMain.startTestSuite(TestCaseMain.java:187)
	at com.kms.katalon.core.main.TestCaseMain$startTestSuite$0.call(Unknown Source)
	at TempTestSuite1700828856047.run(TempTestSuite1700828856047.groovy:36)
)

2023-11-24 13:29:20 - [MESSAGE][INFO] - Finding Test Object 'Object Repository/Connexion Usager/lbl_CertainesInformationsSaisiesSontIncorrectes'

2023-11-24 13:29:20 - [MESSAGE][INFO] - Checking object

2023-11-24 13:29:20 - [MESSAGE][INFO] - Finding web element from Test Object's properties

2023-11-24 13:29:20 - [MESSAGE][INFO] - Checking timeout

2023-11-24 13:29:20 - [MESSAGE][INFO] - Finding web element with id: 'Object Repository/Connexion Usager/lbl_CertainesInformationsSaisiesSontIncorrectes' located by 'By.xpath: //p' in '5' second(s)

2023-11-24 13:29:20 - [MESSAGE][INFO] - Smart Wait Function is triggered

2023-11-24 13:29:20 - [MESSAGE][INFO] - Smart Wait Function is triggered

2023-11-24 13:29:21 - [MESSAGE][INFO] - Smart Wait Function is triggered

2023-11-24 13:29:21 - [MESSAGE][INFO] - Smart Wait Function is triggered

2023-11-24 13:29:21 - [MESSAGE][INFO] - Smart Wait Function is triggered

2023-11-24 13:29:21 - [MESSAGE][INFO] - Smart Wait Function is triggered

2023-11-24 13:29:21 - [MESSAGE][INFO] - Smart Wait Function is triggered

2023-11-24 13:29:21 - [MESSAGE][INFO] - Smart Wait Function is triggered

2023-11-24 13:29:21 - [MESSAGE][INFO] - Smart Wait Function is triggered

2023-11-24 13:29:21 - [MESSAGE][INFO] - Smart Wait Function is triggered

2023-11-24 13:29:21 - [MESSAGE][INFO] - Smart Wait Function is triggered

2023-11-24 13:29:21 - [MESSAGE][INFO] - Smart Wait Function is triggered

2023-11-24 13:29:21 - [MESSAGE][INFO] - Smart Wait Function is triggered

2023-11-24 13:29:21 - [MESSAGE][INFO] - Smart Wait Function is triggered

2023-11-24 13:29:21 - [MESSAGE][INFO] - Smart Wait Function is triggered

2023-11-24 13:29:21 - [MESSAGE][INFO] - Smart Wait Function is triggered

2023-11-24 13:29:21 - [MESSAGE][INFO] - Smart Wait Function is triggered

2023-11-24 13:29:21 - [MESSAGE][INFO] - Smart Wait Function is triggered

2023-11-24 13:29:21 - [MESSAGE][INFO] - Smart Wait Function is triggered

2023-11-24 13:29:21 - [MESSAGE][INFO] - Smart Wait Function is triggered

2023-11-24 13:29:21 - [MESSAGE][INFO] - Smart Wait Function is triggered

2023-11-24 13:29:21 - [MESSAGE][INFO] - Smart Wait Function is triggered

2023-11-24 13:29:21 - [MESSAGE][INFO] - Smart Wait Function is triggered

2023-11-24 13:29:21 - [MESSAGE][INFO] - Smart Wait Function is triggered

2023-11-24 13:29:21 - [MESSAGE][INFO] - Smart Wait Function is triggered

2023-11-24 13:29:21 - [MESSAGE][INFO] - Smart Wait Function is triggered

2023-11-24 13:29:21 - [MESSAGE][INFO] - Smart Wait Function is triggered

2023-11-24 13:29:21 - [MESSAGE][INFO] - Smart Wait Function is triggered

2023-11-24 13:29:21 - [MESSAGE][INFO] - Smart Wait Function is triggered

2023-11-24 13:29:21 - [MESSAGE][INFO] - Smart Wait Function is triggered

2023-11-24 13:29:21 - [MESSAGE][INFO] - Smart Wait Function is triggered

2023-11-24 13:29:21 - [MESSAGE][INFO] - Smart Wait Function is triggered

2023-11-24 13:29:21 - [MESSAGE][INFO] - Smart Wait Function is triggered

2023-11-24 13:29:22 - [MESSAGE][INFO] - Smart Wait Function is triggered

2023-11-24 13:29:22 - [MESSAGE][INFO] - Smart Wait Function is triggered

2023-11-24 13:29:22 - [MESSAGE][INFO] - Smart Wait Function is triggered

2023-11-24 13:29:22 - [MESSAGE][INFO] - Smart Wait Function is triggered

2023-11-24 13:29:22 - [MESSAGE][INFO] - Smart Wait Function is triggered

2023-11-24 13:29:22 - [MESSAGE][INFO] - Smart Wait Function is triggered

2023-11-24 13:29:22 - [MESSAGE][INFO] - Smart Wait Function is triggered

2023-11-24 13:29:22 - [MESSAGE][INFO] - Smart Wait Function is triggered

2023-11-24 13:29:22 - [MESSAGE][INFO] - Smart Wait Function is triggered

2023-11-24 13:29:22 - [MESSAGE][INFO] - Smart Wait Function is triggered

2023-11-24 13:29:22 - [MESSAGE][INFO] - Smart Wait Function is triggered

2023-11-24 13:29:22 - [MESSAGE][INFO] - Smart Wait Function is triggered

2023-11-24 13:29:22 - [MESSAGE][INFO] - Smart Wait Function is triggered

2023-11-24 13:29:22 - [MESSAGE][INFO] - Smart Wait Function is triggered

2023-11-24 13:29:22 - [MESSAGE][INFO] - Smart Wait Function is triggered

2023-11-24 13:29:22 - [MESSAGE][INFO] - Smart Wait Function is triggered

2023-11-24 13:29:22 - [MESSAGE][INFO] - Smart Wait Function is triggered

2023-11-24 13:29:22 - [MESSAGE][INFO] - Smart Wait Function is triggered

2023-11-24 13:29:22 - [MESSAGE][INFO] - Smart Wait Function is triggered

2023-11-24 13:29:22 - [MESSAGE][INFO] - Smart Wait Function is triggered

2023-11-24 13:29:22 - [MESSAGE][INFO] - Smart Wait Function is triggered

2023-11-24 13:29:22 - [MESSAGE][INFO] - Smart Wait Function is triggered

2023-11-24 13:29:22 - [MESSAGE][INFO] - Smart Wait Function is triggered

2023-11-24 13:29:22 - [MESSAGE][INFO] - Smart Wait Function is triggered

2023-11-24 13:29:22 - [MESSAGE][INFO] - Smart Wait Function is triggered

2023-11-24 13:29:22 - [MESSAGE][INFO] - Smart Wait Function is triggered

2023-11-24 13:29:22 - [MESSAGE][INFO] - Smart Wait Function is triggered

2023-11-24 13:29:22 - [MESSAGE][INFO] - Smart Wait Function is triggered

2023-11-24 13:29:22 - [MESSAGE][INFO] - Smart Wait Function is triggered

2023-11-24 13:29:22 - [MESSAGE][INFO] - Smart Wait Function is triggered

2023-11-24 13:29:22 - [MESSAGE][INFO] - Smart Wait Function is triggered

2023-11-24 13:29:23 - [MESSAGE][INFO] - Smart Wait Function is triggered

2023-11-24 13:29:23 - [MESSAGE][INFO] - Smart Wait Function is triggered

2023-11-24 13:29:23 - [MESSAGE][INFO] - Smart Wait Function is triggered

2023-11-24 13:29:23 - [MESSAGE][INFO] - Smart Wait Function is triggered

2023-11-24 13:29:23 - [MESSAGE][INFO] - Smart Wait Function is triggered

2023-11-24 13:29:23 - [MESSAGE][INFO] - Smart Wait Function is triggered

2023-11-24 13:29:23 - [MESSAGE][INFO] - Smart Wait Function is triggered

2023-11-24 13:29:23 - [MESSAGE][INFO] - Smart Wait Function is triggered

2023-11-24 13:29:23 - [MESSAGE][INFO] - Smart Wait Function is triggered

2023-11-24 13:29:23 - [MESSAGE][INFO] - Smart Wait Function is triggered

2023-11-24 13:29:23 - [MESSAGE][INFO] - Smart Wait Function is triggered

2023-11-24 13:29:23 - [MESSAGE][INFO] - Smart Wait Function is triggered

2023-11-24 13:29:23 - [MESSAGE][INFO] - Smart Wait Function is triggered

2023-11-24 13:29:23 - [MESSAGE][INFO] - Smart Wait Function is triggered

2023-11-24 13:29:23 - [MESSAGE][INFO] - Smart Wait Function is triggered

2023-11-24 13:29:23 - [MESSAGE][INFO] - Smart Wait Function is triggered

2023-11-24 13:29:23 - [MESSAGE][INFO] - Smart Wait Function is triggered

2023-11-24 13:29:23 - [MESSAGE][INFO] - Smart Wait Function is triggered

2023-11-24 13:29:23 - [MESSAGE][INFO] - Smart Wait Function is triggered

2023-11-24 13:29:23 - [MESSAGE][INFO] - Smart Wait Function is triggered

2023-11-24 13:29:23 - [MESSAGE][INFO] - Smart Wait Function is triggered

2023-11-24 13:29:23 - [MESSAGE][INFO] - Smart Wait Function is triggered

2023-11-24 13:29:23 - [MESSAGE][INFO] - Smart Wait Function is triggered

2023-11-24 13:29:23 - [MESSAGE][INFO] - Smart Wait Function is triggered

2023-11-24 13:29:23 - [MESSAGE][INFO] - Smart Wait Function is triggered

2023-11-24 13:29:23 - [MESSAGE][INFO] - Smart Wait Function is triggered

2023-11-24 13:29:23 - [MESSAGE][INFO] - Smart Wait Function is triggered

2023-11-24 13:29:23 - [MESSAGE][INFO] - Smart Wait Function is triggered

2023-11-24 13:29:23 - [MESSAGE][INFO] - Smart Wait Function is triggered

2023-11-24 13:29:23 - [MESSAGE][INFO] - Smart Wait Function is triggered

2023-11-24 13:29:23 - [MESSAGE][INFO] - Smart Wait Function is triggered

2023-11-24 13:29:23 - [MESSAGE][INFO] - Smart Wait Function is triggered

2023-11-24 13:29:24 - [MESSAGE][INFO] - Smart Wait Function is triggered

2023-11-24 13:29:24 - [MESSAGE][INFO] - Smart Wait Function is triggered

2023-11-24 13:29:24 - [MESSAGE][INFO] - Smart Wait Function is triggered

2023-11-24 13:29:24 - [MESSAGE][INFO] - Smart Wait Function is triggered

2023-11-24 13:29:24 - [MESSAGE][INFO] - Smart Wait Function is triggered

2023-11-24 13:29:24 - [MESSAGE][INFO] - Smart Wait Function is triggered

2023-11-24 13:29:24 - [MESSAGE][INFO] - Smart Wait Function is triggered

2023-11-24 13:29:24 - [MESSAGE][INFO] - Smart Wait Function is triggered

2023-11-24 13:29:24 - [MESSAGE][INFO] - Smart Wait Function is triggered

2023-11-24 13:29:24 - [MESSAGE][INFO] - Smart Wait Function is triggered

2023-11-24 13:29:24 - [MESSAGE][INFO] - Smart Wait Function is triggered

2023-11-24 13:29:24 - [MESSAGE][INFO] - Smart Wait Function is triggered

2023-11-24 13:29:24 - [MESSAGE][INFO] - Smart Wait Function is triggered

2023-11-24 13:29:24 - [MESSAGE][INFO] - Smart Wait Function is triggered

2023-11-24 13:29:24 - [MESSAGE][INFO] - Smart Wait Function is triggered

2023-11-24 13:29:24 - [MESSAGE][INFO] - Smart Wait Function is triggered

2023-11-24 13:29:24 - [MESSAGE][INFO] - Smart Wait Function is triggered

2023-11-24 13:29:24 - [MESSAGE][INFO] - Smart Wait Function is triggered

2023-11-24 13:29:24 - [MESSAGE][INFO] - Smart Wait Function is triggered

2023-11-24 13:29:24 - [MESSAGE][INFO] - Smart Wait Function is triggered

2023-11-24 13:29:24 - [MESSAGE][INFO] - Smart Wait Function is triggered

2023-11-24 13:29:24 - [MESSAGE][INFO] - Smart Wait Function is triggered

2023-11-24 13:29:24 - [MESSAGE][INFO] - Smart Wait Function is triggered

2023-11-24 13:29:24 - [MESSAGE][INFO] - Smart Wait Function is triggered

2023-11-24 13:29:24 - [MESSAGE][INFO] - Smart Wait Function is triggered

2023-11-24 13:29:24 - [MESSAGE][INFO] - Smart Wait Function is triggered

2023-11-24 13:29:24 - [MESSAGE][INFO] - Smart Wait Function is triggered

2023-11-24 13:29:24 - [MESSAGE][INFO] - Smart Wait Function is triggered

2023-11-24 13:29:24 - [MESSAGE][INFO] - Smart Wait Function is triggered

2023-11-24 13:29:24 - [MESSAGE][INFO] - Smart Wait Function is triggered

2023-11-24 13:29:24 - [MESSAGE][INFO] - Smart Wait Function is triggered

2023-11-24 13:29:24 - [MESSAGE][INFO] - Smart Wait Function is triggered

2023-11-24 13:29:25 - [MESSAGE][INFO] - Smart Wait Function is triggered

2023-11-24 13:29:25 - [MESSAGE][INFO] - Smart Wait Function is triggered

2023-11-24 13:29:25 - [MESSAGE][INFO] - Smart Wait Function is triggered

2023-11-24 13:29:25 - [MESSAGE][INFO] - Smart Wait Function is triggered

2023-11-24 13:29:25 - [MESSAGE][INFO] - Smart Wait Function is triggered

2023-11-24 13:29:25 - [MESSAGE][INFO] - Smart Wait Function is triggered

2023-11-24 13:29:25 - [MESSAGE][INFO] - Smart Wait Function is triggered

2023-11-24 13:29:25 - [MESSAGE][INFO] - Smart Wait Function is triggered

2023-11-24 13:29:25 - [MESSAGE][INFO] - Smart Wait Function is triggered

2023-11-24 13:29:25 - [MESSAGE][INFO] - Smart Wait Function is triggered

2023-11-24 13:29:25 - [MESSAGE][INFO] - Smart Wait Function is triggered

2023-11-24 13:29:25 - [MESSAGE][INFO] - Smart Wait Function is triggered

2023-11-24 13:29:25 - [MESSAGE][INFO] - Smart Wait Function is triggered

2023-11-24 13:29:25 - [MESSAGE][INFO] - Smart Wait Function is triggered

2023-11-24 13:29:25 - [MESSAGE][INFO] - Smart Wait Function is triggered

2023-11-24 13:29:25 - [MESSAGE][INFO] - Smart Wait Function is triggered

2023-11-24 13:29:25 - [MESSAGE][INFO] - Smart Wait Function is triggered

2023-11-24 13:29:25 - [MESSAGE][INFO] - Smart Wait Function is triggered

2023-11-24 13:29:25 - [MESSAGE][INFO] - Smart Wait Function is triggered

2023-11-24 13:29:25 - [MESSAGE][INFO] - Smart Wait Function is triggered

2023-11-24 13:29:25 - [MESSAGE][INFO] - Smart Wait Function is triggered

2023-11-24 13:29:25 - [MESSAGE][INFO] - Smart Wait Function is triggered

2023-11-24 13:29:25 - [MESSAGE][INFO] - Smart Wait Function is triggered

2023-11-24 13:29:25 - [MESSAGE][INFO] - Smart Wait Function is triggered

2023-11-24 13:29:25 - [MESSAGE][INFO] - Smart Wait Function is triggered

2023-11-24 13:29:25 - [MESSAGE][INFO] - Smart Wait Function is triggered

2023-11-24 13:29:25 - [MESSAGE][INFO] - Smart Wait Function is triggered

2023-11-24 13:29:25 - [MESSAGE][INFO] - Smart Wait Function is triggered

2023-11-24 13:29:25 - [MESSAGE][INFO] - Smart Wait Function is triggered

2023-11-24 13:29:25 - [MESSAGE][INFO] - Smart Wait Function is triggered

2023-11-24 13:29:25 - [MESSAGE][INFO] - Smart Wait Function is triggered

2023-11-24 13:29:25 - [MESSAGE][INFO] - Smart Wait Function is triggered

2023-11-24 13:29:26 - [MESSAGE][INFO] - Smart Wait Function is triggered

2023-11-24 13:29:26 - [MESSAGE][INFO] - Smart Wait Function is triggered

2023-11-24 13:29:26 - [MESSAGE][INFO] - Smart Wait Function is triggered

2023-11-24 13:29:26 - [MESSAGE][INFO] - Smart Wait Function is triggered

2023-11-24 13:29:26 - [MESSAGE][INFO] - Smart Wait Function is triggered

2023-11-24 13:29:26 - [MESSAGE][INFO] - Smart Wait Function is triggered

2023-11-24 13:29:26 - [MESSAGE][INFO] - Smart Wait Function is triggered

2023-11-24 13:29:26 - [MESSAGE][INFO] - Smart Wait Function is triggered

2023-11-24 13:29:26 - [MESSAGE][INFO] - Smart Wait Function is triggered

2023-11-24 13:29:26 - [MESSAGE][INFO] - Smart Wait Function is triggered

2023-11-24 13:29:26 - [MESSAGE][INFO] - Smart Wait Function is triggered

2023-11-24 13:29:26 - [MESSAGE][INFO] - Smart Wait Function is triggered

2023-11-24 13:29:26 - [MESSAGE][INFO] - Smart Wait Function is triggered

2023-11-24 13:29:26 - [MESSAGE][INFO] - Smart Wait Function is triggered

2023-11-24 13:29:26 - [MESSAGE][INFO] - Smart Wait Function is triggered

2023-11-24 13:29:26 - [MESSAGE][INFO] - Smart Wait Function is triggered

2023-11-24 13:29:26 - [MESSAGE][INFO] - Smart Wait Function is triggered

2023-11-24 13:29:26 - [MESSAGE][INFO] - Smart Wait Function is triggered

2023-11-24 13:29:26 - [MESSAGE][INFO] - Smart Wait Function is triggered

2023-11-24 13:29:26 - [MESSAGE][INFO] - Smart Wait Function is triggered

2023-11-24 13:29:26 - [MESSAGE][INFO] - Smart Wait Function is triggered

2023-11-24 13:29:26 - [MESSAGE][INFO] - Smart Wait Function is triggered

2023-11-24 13:29:26 - [MESSAGE][INFO] - Smart Wait Function is triggered

2023-11-24 13:29:26 - [MESSAGE][INFO] - Smart Wait Function is triggered

2023-11-24 13:29:26 - [MESSAGE][INFO] - Smart Wait Function is triggered

2023-11-24 13:29:26 - [MESSAGE][INFO] - Smart Wait Function is triggered

2023-11-24 13:29:26 - [MESSAGE][INFO] - Smart Wait Function is triggered

2023-11-24 13:29:26 - [MESSAGE][INFO] - Smart Wait Function is triggered

2023-11-24 13:29:26 - [MESSAGE][INFO] - Smart Wait Function is triggered

2023-11-24 13:29:26 - [MESSAGE][INFO] - Smart Wait Function is triggered

2023-11-24 13:29:26 - [MESSAGE][INFO] - Smart Wait Function is triggered

2023-11-24 13:29:26 - [MESSAGE][INFO] - Unable to find the element located by 'By.xpath: //p'. Please recheck the objects properties to make sure the desired element is located. 

2023-11-24 13:29:27 - [MESSAGE][WARNING] - Web element with id: 'Object Repository/Connexion Usager/lbl_CertainesInformationsSaisiesSontIncorrectes' located by '//p' not found (Root cause: com.kms.katalon.core.exception.StepFailedException: Web element with id: 'Object Repository/Connexion Usager/lbl_CertainesInformationsSaisiesSontIncorrectes' located by '//p' not found
	at com.kms.katalon.core.webui.keyword.internal.WebUIKeywordMain.stepFailed(WebUIKeywordMain.groovy:64)
	at com.kms.katalon.core.webui.keyword.builtin.VerifyElementVisibleKeyword$_verifyElementVisible_closure1.doCall(VerifyElementVisibleKeyword.groovy:89)
	at com.kms.katalon.core.webui.keyword.builtin.VerifyElementVisibleKeyword$_verifyElementVisible_closure1.call(VerifyElementVisibleKeyword.groovy)
	at com.kms.katalon.core.webui.keyword.internal.WebUIKeywordMain.runKeyword(WebUIKeywordMain.groovy:20)
	at com.kms.katalon.core.webui.keyword.builtin.VerifyElementVisibleKeyword.verifyElementVisible(VerifyElementVisibleKeyword.groovy:97)
	at com.kms.katalon.core.webui.keyword.builtin.VerifyElementVisibleKeyword.execute(VerifyElementVisibleKeyword.groovy:67)
	at com.kms.katalon.core.keyword.internal.KeywordExecutor.executeKeywordForPlatform(KeywordExecutor.groovy:74)
	at com.kms.katalon.core.webui.keyword.WebUiBuiltInKeywords.verifyElementVisible(WebUiBuiltInKeywords.groovy:362)
	at com.kazurayam.ksbackyard.HighlightElement$_pandemic_closure1.doCall(HighlightElement.groovy:105)
	at VerificationCertainesInformationsSontIncorrectes.run(VerificationCertainesInformationsSontIncorrectes:85)
	at com.kms.katalon.core.main.ScriptEngine.run(ScriptEngine.java:194)
	at com.kms.katalon.core.main.ScriptEngine.runScriptAsRawText(ScriptEngine.java:119)
	at com.kms.katalon.core.main.TestCaseExecutor.runScript(TestCaseExecutor.java:448)
	at com.kms.katalon.core.main.TestCaseExecutor.doExecute(TestCaseExecutor.java:439)
	at com.kms.katalon.core.main.TestCaseExecutor.processExecutionPhase(TestCaseExecutor.java:418)
	at com.kms.katalon.core.main.TestCaseExecutor.accessMainPhase(TestCaseExecutor.java:410)
	at com.kms.katalon.core.main.TestCaseExecutor.execute(TestCaseExecutor.java:285)
	at com.kms.katalon.core.main.TestCaseMain.runTestCase(TestCaseMain.java:144)
	at com.kms.katalon.core.keyword.builtin.CallTestCaseKeyword$_callTestCase_closure1.doCall(CallTestCaseKeyword.groovy:59)
	at com.kms.katalon.core.keyword.builtin.CallTestCaseKeyword$_callTestCase_closure1.call(CallTestCaseKeyword.groovy)
	at com.kms.katalon.core.keyword.internal.KeywordMain.runKeyword(KeywordMain.groovy:75)
	at com.kms.katalon.core.keyword.builtin.CallTestCaseKeyword.callTestCase(CallTestCaseKeyword.groovy:81)
	at com.kms.katalon.core.keyword.builtin.CallTestCaseKeyword.execute(CallTestCaseKeyword.groovy:44)
	at com.kms.katalon.core.keyword.internal.KeywordExecutor.executeKeywordForPlatform(KeywordExecutor.groovy:74)
	at com.kms.katalon.core.keyword.BuiltinKeywords.callTestCase(BuiltinKeywords.groovy:310)
	at com.kazurayam.ksbackyard.HighlightElement$_pandemic_closure1.doCall(HighlightElement.groovy:105)
	at Creer Votre Compte.run(Creer Votre Compte:109)
	at com.kms.katalon.core.main.ScriptEngine.run(ScriptEngine.java:194)
	at com.kms.katalon.core.main.ScriptEngine.runScriptAsRawText(ScriptEngine.java:119)
	at com.kms.katalon.core.main.TestCaseExecutor.runScript(TestCaseExecutor.java:448)
	at com.kms.katalon.core.main.TestCaseExecutor.doExecute(TestCaseExecutor.java:439)
	at com.kms.katalon.core.main.TestCaseExecutor.processExecutionPhase(TestCaseExecutor.java:418)
	at com.kms.katalon.core.main.TestCaseExecutor.accessMainPhase(TestCaseExecutor.java:410)
	at com.kms.katalon.core.main.TestCaseExecutor.execute(TestCaseExecutor.java:285)
	at com.kms.katalon.core.main.TestCaseMain.runTestCase(TestCaseMain.java:144)
	at com.kms.katalon.core.keyword.builtin.CallTestCaseKeyword$_callTestCase_closure1.doCall(CallTestCaseKeyword.groovy:59)
	at com.kms.katalon.core.keyword.builtin.CallTestCaseKeyword$_callTestCase_closure1.call(CallTestCaseKeyword.groovy)
	at com.kms.katalon.core.keyword.internal.KeywordMain.runKeyword(KeywordMain.groovy:75)
	at com.kms.katalon.core.keyword.builtin.CallTestCaseKeyword.callTestCase(CallTestCaseKeyword.groovy:81)
	at com.kms.katalon.core.keyword.builtin.CallTestCaseKeyword.execute(CallTestCaseKeyword.groovy:44)
	at com.kms.katalon.core.keyword.internal.KeywordExecutor.executeKeywordForPlatform(KeywordExecutor.groovy:74)
	at com.kms.katalon.core.keyword.BuiltinKeywords.callTestCase(BuiltinKeywords.groovy:310)
	at com.kazurayam.ksbackyard.HighlightElement$_pandemic_closure1.doCall(HighlightElement.groovy:105)
	at TNR R.TSPT Supp90-Etudiant.run(TNR R.TSPT Supp90-Etudiant:30)
	at com.kms.katalon.core.main.ScriptEngine.run(ScriptEngine.java:194)
	at com.kms.katalon.core.main.ScriptEngine.runScriptAsRawText(ScriptEngine.java:119)
	at com.kms.katalon.core.main.TestCaseExecutor.runScript(TestCaseExecutor.java:448)
	at com.kms.katalon.core.main.TestCaseExecutor.doExecute(TestCaseExecutor.java:439)
	at com.kms.katalon.core.main.TestCaseExecutor.processExecutionPhase(TestCaseExecutor.java:418)
	at com.kms.katalon.core.main.TestCaseExecutor.accessMainPhase(TestCaseExecutor.java:410)
	at com.kms.katalon.core.main.TestCaseExecutor.execute(TestCaseExecutor.java:285)
	at com.kms.katalon.core.common.CommonExecutor.accessTestCaseMainPhase(CommonExecutor.java:65)
	at com.kms.katalon.core.main.TestSuiteExecutor.accessTestSuiteMainPhase(TestSuiteExecutor.java:148)
	at com.kms.katalon.core.main.TestSuiteExecutor.execute(TestSuiteExecutor.java:106)
	at com.kms.katalon.core.main.TestCaseMain.startTestSuite(TestCaseMain.java:187)
	at com.kms.katalon.core.main.TestCaseMain$startTestSuite$0.call(Unknown Source)
	at TempTestSuite1700828856047.run(TempTestSuite1700828856047.groovy:36)
)
[[ATTACHMENT|C:\\Users\\ISSAM.RHARBAOUI\\git\\22_11\\ANEF-AutomatizationProject\\Reports\\20231124_132736\\TS_TNR_R.TSPT_Suppo90\\20231124_132736\\1700828967000.png]]

2023-11-24 13:29:27 - [TEST_STEP][PASSED] - if (MsgAlertPresent): null

2023-11-24 13:29:27 - [TEST_STEP][PASSED] - else: Vos informations ne sont pas associées à un compte ==>> Création d'un nouveau Compte avec ces Informations.

2023-11-24 13:29:27 - [TEST_STEP][PASSED] - markPassed("Vos informations ne sont pas associées à un compte ==>> Création d'un nouveau Compte avec ces Informations."): Vos informations ne sont pas associées à un compte ==>> Création d'un nouveau Compte avec ces Informations.

2023-11-24 13:29:27 - [MESSAGE][PASSED] - Vos informations ne sont pas associées à un compte ==>> Création d'un nouveau Compte avec ces Informations.

2023-11-24 13:29:27 - [TEST_STEP][PASSED] - waitForPageLoad(2): Wait for page load successfully

2023-11-24 13:29:27 - [MESSAGE][INFO] - Checking timeout

2023-11-24 13:29:27 - [MESSAGE][PASSED] - Wait for page load successfully

2023-11-24 13:29:27 - [MESSAGE][PASSED] - Call Test Case 'Test Cases/Test Reutilisable/Main/VerificationCertainesInformationsSontIncorrectes' successfully

2023-11-24 13:29:27 - [TEST_STEP][PASSED] - if (StopTestCase == true): null

2023-11-24 13:29:27 - [TEST_STEP][PASSED] - "Vérification si le compte existe déjà(message Erreur : Il semblerait que vos informations soient déjà associées à un compte.)": null

2023-11-24 13:29:27 - [TEST_STEP][PASSED] - callTestCase(findTestCase("Test Cases/Test Reutilisable/Main/VerificationSiCompteExisteDeja"), [:], OPTIONAL): Call Test Case 'Test Cases/Test Reutilisable/Main/VerificationSiCompteExisteDeja' successfully

2023-11-24 13:29:27 - [MESSAGE][INFO] - Checking called Test Case

2023-11-24 13:29:27 - [MESSAGE][INFO] - Starting to call Test Case 'Test Cases/Test Reutilisable/Main/VerificationSiCompteExisteDeja'

2023-11-24 13:29:27 - [TEST_CASE][PASSED] - Test Cases/Test Reutilisable/Main/VerificationSiCompteExisteDeja: Test Cases/Test Reutilisable/Main/VerificationSiCompteExisteDeja

2023-11-24 13:29:28 - [TEST_STEP][PASSED] - "Vérification si le compte existe déjà(message Erreur : Il semblerait que vos informations soient déjà associées à un compte.)": null

2023-11-24 13:29:28 - [TEST_STEP][PASSED] - delay(3): Delayed 3 second(s)

2023-11-24 13:29:28 - [MESSAGE][INFO] - Delaying browser in 3 second(s)

2023-11-24 13:29:31 - [MESSAGE][PASSED] - Delayed 3 second(s)

2023-11-24 13:29:31 - [TEST_STEP][PASSED] - StopTestCase = false: null

2023-11-24 13:29:31 - [TEST_STEP][PASSED] - MsgAlertPresent = verifyElementPresent(findTestObject("Object Repository/Connexion Usager/Verif_PopUpCompteExisteDeja"), 2, OPTIONAL): com.kms.katalon.core.webui.exception.WebElementNotFoundException: Web element with id: 'Object Repository/Connexion Usager/Verif_PopUpCompteExisteDeja' located by '/html/body/div[1]/div[1]/p[1]' not found (Root cause: com.kms.katalon.core.exception.StepFailedException: com.kms.katalon.core.webui.exception.WebElementNotFoundException: Web element with id: 'Object Repository/Connexion Usager/Verif_PopUpCompteExisteDeja' located by '/html/body/div[1]/div[1]/p[1]' not found
	at com.kms.katalon.core.webui.keyword.internal.WebUIKeywordMain.stepFailed(WebUIKeywordMain.groovy:64)
	at com.kms.katalon.core.webui.keyword.builtin.VerifyElementPresentKeyword$_verifyElementPresent_closure1.doCall(VerifyElementPresentKeyword.groovy:85)
	at com.kms.katalon.core.webui.keyword.builtin.VerifyElementPresentKeyword$_verifyElementPresent_closure1.call(VerifyElementPresentKeyword.groovy)
	at com.kms.katalon.core.webui.keyword.internal.WebUIKeywordMain.runKeyword(WebUIKeywordMain.groovy:20)
	at com.kms.katalon.core.webui.keyword.builtin.VerifyElementPresentKeyword.verifyElementPresent(VerifyElementPresentKeyword.groovy:92)
	at com.kms.katalon.core.webui.keyword.builtin.VerifyElementPresentKeyword.execute(VerifyElementPresentKeyword.groovy:68)
	at com.kms.katalon.core.keyword.internal.KeywordExecutor.executeKeywordForPlatform(KeywordExecutor.groovy:74)
	at com.kms.katalon.core.webui.keyword.WebUiBuiltInKeywords.verifyElementPresent(WebUiBuiltInKeywords.groovy:1448)
	at com.kazurayam.ksbackyard.HighlightElement$_pandemic_closure1.doCall(HighlightElement.groovy:105)
	at VerificationSiCompteExisteDeja.run(VerificationSiCompteExisteDeja:69)
	at com.kms.katalon.core.main.ScriptEngine.run(ScriptEngine.java:194)
	at com.kms.katalon.core.main.ScriptEngine.runScriptAsRawText(ScriptEngine.java:119)
	at com.kms.katalon.core.main.TestCaseExecutor.runScript(TestCaseExecutor.java:448)
	at com.kms.katalon.core.main.TestCaseExecutor.doExecute(TestCaseExecutor.java:439)
	at com.kms.katalon.core.main.TestCaseExecutor.processExecutionPhase(TestCaseExecutor.java:418)
	at com.kms.katalon.core.main.TestCaseExecutor.accessMainPhase(TestCaseExecutor.java:410)
	at com.kms.katalon.core.main.TestCaseExecutor.execute(TestCaseExecutor.java:285)
	at com.kms.katalon.core.main.TestCaseMain.runTestCase(TestCaseMain.java:144)
	at com.kms.katalon.core.keyword.builtin.CallTestCaseKeyword$_callTestCase_closure1.doCall(CallTestCaseKeyword.groovy:59)
	at com.kms.katalon.core.keyword.builtin.CallTestCaseKeyword$_callTestCase_closure1.call(CallTestCaseKeyword.groovy)
	at com.kms.katalon.core.keyword.internal.KeywordMain.runKeyword(KeywordMain.groovy:75)
	at com.kms.katalon.core.keyword.builtin.CallTestCaseKeyword.callTestCase(CallTestCaseKeyword.groovy:81)
	at com.kms.katalon.core.keyword.builtin.CallTestCaseKeyword.execute(CallTestCaseKeyword.groovy:44)
	at com.kms.katalon.core.keyword.internal.KeywordExecutor.executeKeywordForPlatform(KeywordExecutor.groovy:74)
	at com.kms.katalon.core.keyword.BuiltinKeywords.callTestCase(BuiltinKeywords.groovy:310)
	at com.kazurayam.ksbackyard.HighlightElement$_pandemic_closure1.doCall(HighlightElement.groovy:105)
	at Creer Votre Compte.run(Creer Votre Compte:117)
	at com.kms.katalon.core.main.ScriptEngine.run(ScriptEngine.java:194)
	at com.kms.katalon.core.main.ScriptEngine.runScriptAsRawText(ScriptEngine.java:119)
	at com.kms.katalon.core.main.TestCaseExecutor.runScript(TestCaseExecutor.java:448)
	at com.kms.katalon.core.main.TestCaseExecutor.doExecute(TestCaseExecutor.java:439)
	at com.kms.katalon.core.main.TestCaseExecutor.processExecutionPhase(TestCaseExecutor.java:418)
	at com.kms.katalon.core.main.TestCaseExecutor.accessMainPhase(TestCaseExecutor.java:410)
	at com.kms.katalon.core.main.TestCaseExecutor.execute(TestCaseExecutor.java:285)
	at com.kms.katalon.core.main.TestCaseMain.runTestCase(TestCaseMain.java:144)
	at com.kms.katalon.core.keyword.builtin.CallTestCaseKeyword$_callTestCase_closure1.doCall(CallTestCaseKeyword.groovy:59)
	at com.kms.katalon.core.keyword.builtin.CallTestCaseKeyword$_callTestCase_closure1.call(CallTestCaseKeyword.groovy)
	at com.kms.katalon.core.keyword.internal.KeywordMain.runKeyword(KeywordMain.groovy:75)
	at com.kms.katalon.core.keyword.builtin.CallTestCaseKeyword.callTestCase(CallTestCaseKeyword.groovy:81)
	at com.kms.katalon.core.keyword.builtin.CallTestCaseKeyword.execute(CallTestCaseKeyword.groovy:44)
	at com.kms.katalon.core.keyword.internal.KeywordExecutor.executeKeywordForPlatform(KeywordExecutor.groovy:74)
	at com.kms.katalon.core.keyword.BuiltinKeywords.callTestCase(BuiltinKeywords.groovy:310)
	at com.kazurayam.ksbackyard.HighlightElement$_pandemic_closure1.doCall(HighlightElement.groovy:105)
	at TNR R.TSPT Supp90-Etudiant.run(TNR R.TSPT Supp90-Etudiant:30)
	at com.kms.katalon.core.main.ScriptEngine.run(ScriptEngine.java:194)
	at com.kms.katalon.core.main.ScriptEngine.runScriptAsRawText(ScriptEngine.java:119)
	at com.kms.katalon.core.main.TestCaseExecutor.runScript(TestCaseExecutor.java:448)
	at com.kms.katalon.core.main.TestCaseExecutor.doExecute(TestCaseExecutor.java:439)
	at com.kms.katalon.core.main.TestCaseExecutor.processExecutionPhase(TestCaseExecutor.java:418)
	at com.kms.katalon.core.main.TestCaseExecutor.accessMainPhase(TestCaseExecutor.java:410)
	at com.kms.katalon.core.main.TestCaseExecutor.execute(TestCaseExecutor.java:285)
	at com.kms.katalon.core.common.CommonExecutor.accessTestCaseMainPhase(CommonExecutor.java:65)
	at com.kms.katalon.core.main.TestSuiteExecutor.accessTestSuiteMainPhase(TestSuiteExecutor.java:148)
	at com.kms.katalon.core.main.TestSuiteExecutor.execute(TestSuiteExecutor.java:106)
	at com.kms.katalon.core.main.TestCaseMain.startTestSuite(TestCaseMain.java:187)
	at com.kms.katalon.core.main.TestCaseMain$startTestSuite$0.call(Unknown Source)
	at TempTestSuite1700828856047.run(TempTestSuite1700828856047.groovy:36)
)

2023-11-24 13:29:31 - [MESSAGE][INFO] - Finding Test Object 'Object Repository/Connexion Usager/Verif_PopUpCompteExisteDeja'

2023-11-24 13:29:32 - [MESSAGE][INFO] - Checking object

2023-11-24 13:29:32 - [MESSAGE][INFO] - Finding web element from Test Object's properties

2023-11-24 13:29:32 - [MESSAGE][INFO] - Checking timeout

2023-11-24 13:29:32 - [MESSAGE][INFO] - Finding web element with id: 'Object Repository/Connexion Usager/Verif_PopUpCompteExisteDeja' located by 'By.xpath: /html/body/div[1]/div[1]/p[1]' in '2' second(s)

2023-11-24 13:29:32 - [MESSAGE][INFO] - Smart Wait Function is triggered

2023-11-24 13:29:32 - [MESSAGE][INFO] - Smart Wait Function is triggered

2023-11-24 13:29:32 - [MESSAGE][INFO] - Smart Wait Function is triggered

2023-11-24 13:29:32 - [MESSAGE][INFO] - Smart Wait Function is triggered

2023-11-24 13:29:32 - [MESSAGE][INFO] - Smart Wait Function is triggered

2023-11-24 13:29:32 - [MESSAGE][INFO] - Smart Wait Function is triggered

2023-11-24 13:29:32 - [MESSAGE][INFO] - Smart Wait Function is triggered

2023-11-24 13:29:32 - [MESSAGE][INFO] - Smart Wait Function is triggered

2023-11-24 13:29:32 - [MESSAGE][INFO] - Smart Wait Function is triggered

2023-11-24 13:29:32 - [MESSAGE][INFO] - Smart Wait Function is triggered

2023-11-24 13:29:32 - [MESSAGE][INFO] - Smart Wait Function is triggered

2023-11-24 13:29:32 - [MESSAGE][INFO] - Smart Wait Function is triggered

2023-11-24 13:29:32 - [MESSAGE][INFO] - Smart Wait Function is triggered

2023-11-24 13:29:32 - [MESSAGE][INFO] - Smart Wait Function is triggered

2023-11-24 13:29:32 - [MESSAGE][INFO] - Smart Wait Function is triggered

2023-11-24 13:29:32 - [MESSAGE][INFO] - Smart Wait Function is triggered

2023-11-24 13:29:32 - [MESSAGE][INFO] - Smart Wait Function is triggered

2023-11-24 13:29:32 - [MESSAGE][INFO] - Smart Wait Function is triggered

2023-11-24 13:29:32 - [MESSAGE][INFO] - Smart Wait Function is triggered

2023-11-24 13:29:32 - [MESSAGE][INFO] - Smart Wait Function is triggered

2023-11-24 13:29:32 - [MESSAGE][INFO] - Smart Wait Function is triggered

2023-11-24 13:29:32 - [MESSAGE][INFO] - Smart Wait Function is triggered

2023-11-24 13:29:32 - [MESSAGE][INFO] - Smart Wait Function is triggered

2023-11-24 13:29:32 - [MESSAGE][INFO] - Smart Wait Function is triggered

2023-11-24 13:29:32 - [MESSAGE][INFO] - Smart Wait Function is triggered

2023-11-24 13:29:32 - [MESSAGE][INFO] - Smart Wait Function is triggered

2023-11-24 13:29:32 - [MESSAGE][INFO] - Smart Wait Function is triggered

2023-11-24 13:29:32 - [MESSAGE][INFO] - Smart Wait Function is triggered

2023-11-24 13:29:32 - [MESSAGE][INFO] - Smart Wait Function is triggered

2023-11-24 13:29:32 - [MESSAGE][INFO] - Smart Wait Function is triggered

2023-11-24 13:29:33 - [MESSAGE][INFO] - Smart Wait Function is triggered

2023-11-24 13:29:33 - [MESSAGE][INFO] - Smart Wait Function is triggered

2023-11-24 13:29:33 - [MESSAGE][INFO] - Smart Wait Function is triggered

2023-11-24 13:29:33 - [MESSAGE][INFO] - Smart Wait Function is triggered

2023-11-24 13:29:33 - [MESSAGE][INFO] - Smart Wait Function is triggered

2023-11-24 13:29:33 - [MESSAGE][INFO] - Smart Wait Function is triggered

2023-11-24 13:29:33 - [MESSAGE][INFO] - Smart Wait Function is triggered

2023-11-24 13:29:33 - [MESSAGE][INFO] - Smart Wait Function is triggered

2023-11-24 13:29:33 - [MESSAGE][INFO] - Smart Wait Function is triggered

2023-11-24 13:29:33 - [MESSAGE][INFO] - Smart Wait Function is triggered

2023-11-24 13:29:33 - [MESSAGE][INFO] - Smart Wait Function is triggered

2023-11-24 13:29:33 - [MESSAGE][INFO] - Smart Wait Function is triggered

2023-11-24 13:29:33 - [MESSAGE][INFO] - Smart Wait Function is triggered

2023-11-24 13:29:33 - [MESSAGE][INFO] - Smart Wait Function is triggered

2023-11-24 13:29:33 - [MESSAGE][INFO] - Smart Wait Function is triggered

2023-11-24 13:29:33 - [MESSAGE][INFO] - Smart Wait Function is triggered

2023-11-24 13:29:33 - [MESSAGE][INFO] - Smart Wait Function is triggered

2023-11-24 13:29:33 - [MESSAGE][INFO] - Smart Wait Function is triggered

2023-11-24 13:29:33 - [MESSAGE][INFO] - Smart Wait Function is triggered

2023-11-24 13:29:33 - [MESSAGE][INFO] - Smart Wait Function is triggered

2023-11-24 13:29:33 - [MESSAGE][INFO] - Smart Wait Function is triggered

2023-11-24 13:29:33 - [MESSAGE][INFO] - Smart Wait Function is triggered

2023-11-24 13:29:33 - [MESSAGE][INFO] - Smart Wait Function is triggered

2023-11-24 13:29:33 - [MESSAGE][INFO] - Smart Wait Function is triggered

2023-11-24 13:29:33 - [MESSAGE][INFO] - Smart Wait Function is triggered

2023-11-24 13:29:33 - [MESSAGE][INFO] - Smart Wait Function is triggered

2023-11-24 13:29:33 - [MESSAGE][INFO] - Smart Wait Function is triggered

2023-11-24 13:29:33 - [MESSAGE][INFO] - Smart Wait Function is triggered

2023-11-24 13:29:33 - [MESSAGE][INFO] - Smart Wait Function is triggered

2023-11-24 13:29:33 - [MESSAGE][INFO] - Smart Wait Function is triggered

2023-11-24 13:29:33 - [MESSAGE][INFO] - Smart Wait Function is triggered

2023-11-24 13:29:33 - [MESSAGE][INFO] - Smart Wait Function is triggered

2023-11-24 13:29:34 - [MESSAGE][INFO] - Smart Wait Function is triggered

2023-11-24 13:29:34 - [MESSAGE][INFO] - Smart Wait Function is triggered

2023-11-24 13:29:34 - [MESSAGE][INFO] - Smart Wait Function is triggered

2023-11-24 13:29:34 - [MESSAGE][INFO] - Smart Wait Function is triggered

2023-11-24 13:29:34 - [MESSAGE][INFO] - Smart Wait Function is triggered

2023-11-24 13:29:34 - [MESSAGE][INFO] - Smart Wait Function is triggered

2023-11-24 13:29:34 - [MESSAGE][INFO] - Smart Wait Function is triggered

2023-11-24 13:29:34 - [MESSAGE][INFO] - Smart Wait Function is triggered

2023-11-24 13:29:34 - [MESSAGE][INFO] - Smart Wait Function is triggered

2023-11-24 13:29:34 - [MESSAGE][INFO] - Smart Wait Function is triggered

2023-11-24 13:29:34 - [MESSAGE][INFO] - Smart Wait Function is triggered

2023-11-24 13:29:34 - [MESSAGE][INFO] - Smart Wait Function is triggered

2023-11-24 13:29:34 - [MESSAGE][INFO] - Smart Wait Function is triggered

2023-11-24 13:29:34 - [MESSAGE][INFO] - Smart Wait Function is triggered

2023-11-24 13:29:34 - [MESSAGE][INFO] - Smart Wait Function is triggered

2023-11-24 13:29:34 - [MESSAGE][INFO] - Smart Wait Function is triggered

2023-11-24 13:29:34 - [MESSAGE][INFO] - Smart Wait Function is triggered

2023-11-24 13:29:34 - [MESSAGE][INFO] - Smart Wait Function is triggered

2023-11-24 13:29:34 - [MESSAGE][INFO] - Smart Wait Function is triggered

2023-11-24 13:29:34 - [MESSAGE][INFO] - Smart Wait Function is triggered

2023-11-24 13:29:34 - [MESSAGE][INFO] - Smart Wait Function is triggered

2023-11-24 13:29:34 - [MESSAGE][INFO] - Smart Wait Function is triggered

2023-11-24 13:29:34 - [MESSAGE][INFO] - Smart Wait Function is triggered

2023-11-24 13:29:34 - [MESSAGE][INFO] - Smart Wait Function is triggered

2023-11-24 13:29:34 - [MESSAGE][INFO] - Smart Wait Function is triggered

2023-11-24 13:29:34 - [MESSAGE][INFO] - Smart Wait Function is triggered

2023-11-24 13:29:34 - [MESSAGE][INFO] - Smart Wait Function is triggered

2023-11-24 13:29:34 - [MESSAGE][INFO] - Smart Wait Function is triggered

2023-11-24 13:29:34 - [MESSAGE][INFO] - Smart Wait Function is triggered

2023-11-24 13:29:34 - [MESSAGE][INFO] - Smart Wait Function is triggered

2023-11-24 13:29:34 - [MESSAGE][INFO] - Smart Wait Function is triggered

2023-11-24 13:29:35 - [MESSAGE][INFO] - Smart Wait Function is triggered

2023-11-24 13:29:35 - [MESSAGE][INFO] - Smart Wait Function is triggered

2023-11-24 13:29:35 - [MESSAGE][INFO] - Unable to find the element located by 'By.xpath: /html/body/div[1]/div[1]/p[1]'. Please recheck the objects properties to make sure the desired element is located. 

2023-11-24 13:29:35 - [MESSAGE][WARNING] - com.kms.katalon.core.webui.exception.WebElementNotFoundException: Web element with id: 'Object Repository/Connexion Usager/Verif_PopUpCompteExisteDeja' located by '/html/body/div[1]/div[1]/p[1]' not found (Root cause: com.kms.katalon.core.exception.StepFailedException: com.kms.katalon.core.webui.exception.WebElementNotFoundException: Web element with id: 'Object Repository/Connexion Usager/Verif_PopUpCompteExisteDeja' located by '/html/body/div[1]/div[1]/p[1]' not found
	at com.kms.katalon.core.webui.keyword.internal.WebUIKeywordMain.stepFailed(WebUIKeywordMain.groovy:64)
	at com.kms.katalon.core.webui.keyword.builtin.VerifyElementPresentKeyword$_verifyElementPresent_closure1.doCall(VerifyElementPresentKeyword.groovy:85)
	at com.kms.katalon.core.webui.keyword.builtin.VerifyElementPresentKeyword$_verifyElementPresent_closure1.call(VerifyElementPresentKeyword.groovy)
	at com.kms.katalon.core.webui.keyword.internal.WebUIKeywordMain.runKeyword(WebUIKeywordMain.groovy:20)
	at com.kms.katalon.core.webui.keyword.builtin.VerifyElementPresentKeyword.verifyElementPresent(VerifyElementPresentKeyword.groovy:92)
	at com.kms.katalon.core.webui.keyword.builtin.VerifyElementPresentKeyword.execute(VerifyElementPresentKeyword.groovy:68)
	at com.kms.katalon.core.keyword.internal.KeywordExecutor.executeKeywordForPlatform(KeywordExecutor.groovy:74)
	at com.kms.katalon.core.webui.keyword.WebUiBuiltInKeywords.verifyElementPresent(WebUiBuiltInKeywords.groovy:1448)
	at com.kazurayam.ksbackyard.HighlightElement$_pandemic_closure1.doCall(HighlightElement.groovy:105)
	at VerificationSiCompteExisteDeja.run(VerificationSiCompteExisteDeja:69)
	at com.kms.katalon.core.main.ScriptEngine.run(ScriptEngine.java:194)
	at com.kms.katalon.core.main.ScriptEngine.runScriptAsRawText(ScriptEngine.java:119)
	at com.kms.katalon.core.main.TestCaseExecutor.runScript(TestCaseExecutor.java:448)
	at com.kms.katalon.core.main.TestCaseExecutor.doExecute(TestCaseExecutor.java:439)
	at com.kms.katalon.core.main.TestCaseExecutor.processExecutionPhase(TestCaseExecutor.java:418)
	at com.kms.katalon.core.main.TestCaseExecutor.accessMainPhase(TestCaseExecutor.java:410)
	at com.kms.katalon.core.main.TestCaseExecutor.execute(TestCaseExecutor.java:285)
	at com.kms.katalon.core.main.TestCaseMain.runTestCase(TestCaseMain.java:144)
	at com.kms.katalon.core.keyword.builtin.CallTestCaseKeyword$_callTestCase_closure1.doCall(CallTestCaseKeyword.groovy:59)
	at com.kms.katalon.core.keyword.builtin.CallTestCaseKeyword$_callTestCase_closure1.call(CallTestCaseKeyword.groovy)
	at com.kms.katalon.core.keyword.internal.KeywordMain.runKeyword(KeywordMain.groovy:75)
	at com.kms.katalon.core.keyword.builtin.CallTestCaseKeyword.callTestCase(CallTestCaseKeyword.groovy:81)
	at com.kms.katalon.core.keyword.builtin.CallTestCaseKeyword.execute(CallTestCaseKeyword.groovy:44)
	at com.kms.katalon.core.keyword.internal.KeywordExecutor.executeKeywordForPlatform(KeywordExecutor.groovy:74)
	at com.kms.katalon.core.keyword.BuiltinKeywords.callTestCase(BuiltinKeywords.groovy:310)
	at com.kazurayam.ksbackyard.HighlightElement$_pandemic_closure1.doCall(HighlightElement.groovy:105)
	at Creer Votre Compte.run(Creer Votre Compte:117)
	at com.kms.katalon.core.main.ScriptEngine.run(ScriptEngine.java:194)
	at com.kms.katalon.core.main.ScriptEngine.runScriptAsRawText(ScriptEngine.java:119)
	at com.kms.katalon.core.main.TestCaseExecutor.runScript(TestCaseExecutor.java:448)
	at com.kms.katalon.core.main.TestCaseExecutor.doExecute(TestCaseExecutor.java:439)
	at com.kms.katalon.core.main.TestCaseExecutor.processExecutionPhase(TestCaseExecutor.java:418)
	at com.kms.katalon.core.main.TestCaseExecutor.accessMainPhase(TestCaseExecutor.java:410)
	at com.kms.katalon.core.main.TestCaseExecutor.execute(TestCaseExecutor.java:285)
	at com.kms.katalon.core.main.TestCaseMain.runTestCase(TestCaseMain.java:144)
	at com.kms.katalon.core.keyword.builtin.CallTestCaseKeyword$_callTestCase_closure1.doCall(CallTestCaseKeyword.groovy:59)
	at com.kms.katalon.core.keyword.builtin.CallTestCaseKeyword$_callTestCase_closure1.call(CallTestCaseKeyword.groovy)
	at com.kms.katalon.core.keyword.internal.KeywordMain.runKeyword(KeywordMain.groovy:75)
	at com.kms.katalon.core.keyword.builtin.CallTestCaseKeyword.callTestCase(CallTestCaseKeyword.groovy:81)
	at com.kms.katalon.core.keyword.builtin.CallTestCaseKeyword.execute(CallTestCaseKeyword.groovy:44)
	at com.kms.katalon.core.keyword.internal.KeywordExecutor.executeKeywordForPlatform(KeywordExecutor.groovy:74)
	at com.kms.katalon.core.keyword.BuiltinKeywords.callTestCase(BuiltinKeywords.groovy:310)
	at com.kazurayam.ksbackyard.HighlightElement$_pandemic_closure1.doCall(HighlightElement.groovy:105)
	at TNR R.TSPT Supp90-Etudiant.run(TNR R.TSPT Supp90-Etudiant:30)
	at com.kms.katalon.core.main.ScriptEngine.run(ScriptEngine.java:194)
	at com.kms.katalon.core.main.ScriptEngine.runScriptAsRawText(ScriptEngine.java:119)
	at com.kms.katalon.core.main.TestCaseExecutor.runScript(TestCaseExecutor.java:448)
	at com.kms.katalon.core.main.TestCaseExecutor.doExecute(TestCaseExecutor.java:439)
	at com.kms.katalon.core.main.TestCaseExecutor.processExecutionPhase(TestCaseExecutor.java:418)
	at com.kms.katalon.core.main.TestCaseExecutor.accessMainPhase(TestCaseExecutor.java:410)
	at com.kms.katalon.core.main.TestCaseExecutor.execute(TestCaseExecutor.java:285)
	at com.kms.katalon.core.common.CommonExecutor.accessTestCaseMainPhase(CommonExecutor.java:65)
	at com.kms.katalon.core.main.TestSuiteExecutor.accessTestSuiteMainPhase(TestSuiteExecutor.java:148)
	at com.kms.katalon.core.main.TestSuiteExecutor.execute(TestSuiteExecutor.java:106)
	at com.kms.katalon.core.main.TestCaseMain.startTestSuite(TestCaseMain.java:187)
	at com.kms.katalon.core.main.TestCaseMain$startTestSuite$0.call(Unknown Source)
	at TempTestSuite1700828856047.run(TempTestSuite1700828856047.groovy:36)
)
[[ATTACHMENT|C:\\Users\\ISSAM.RHARBAOUI\\git\\22_11\\ANEF-AutomatizationProject\\Reports\\20231124_132736\\TS_TNR_R.TSPT_Suppo90\\20231124_132736\\1700828975070.png]]

2023-11-24 13:29:35 - [TEST_STEP][PASSED] - if (MsgAlertPresent): null

2023-11-24 13:29:35 - [TEST_STEP][PASSED] - else: Vos informations ne sont pas associées à un compte ==>> Création d'un nouveau Compte avec ces Informations.

2023-11-24 13:29:35 - [TEST_STEP][PASSED] - markPassed("Vos informations ne sont pas associées à un compte ==>> Création d'un nouveau Compte avec ces Informations."): Vos informations ne sont pas associées à un compte ==>> Création d'un nouveau Compte avec ces Informations.

2023-11-24 13:29:35 - [MESSAGE][PASSED] - Vos informations ne sont pas associées à un compte ==>> Création d'un nouveau Compte avec ces Informations.

2023-11-24 13:29:35 - [TEST_STEP][PASSED] - waitForPageLoad(2): Wait for page load successfully

2023-11-24 13:29:35 - [MESSAGE][INFO] - Checking timeout

2023-11-24 13:29:35 - [MESSAGE][PASSED] - Wait for page load successfully

2023-11-24 13:29:35 - [MESSAGE][PASSED] - Call Test Case 'Test Cases/Test Reutilisable/Main/VerificationSiCompteExisteDeja' successfully

2023-11-24 13:29:35 - [TEST_STEP][PASSED] - if (StopTestCase == true): null

2023-11-24 13:29:35 - [TEST_STEP][PASSED] - MonEmail = NumEtrangerVisa + "@yopmail.com": null

2023-11-24 13:29:35 - [TEST_STEP][PASSED] - delay(2): Delayed 2 second(s)

2023-11-24 13:29:35 - [MESSAGE][INFO] - Delaying browser in 2 second(s)

2023-11-24 13:29:37 - [MESSAGE][PASSED] - Delayed 2 second(s)

2023-11-24 13:29:37 - [TEST_STEP][PASSED] - setText(findTestObject("Object Repository/Connexion Usager/Input_Email"), MonEmail): Text '7703040880@yopmail.com' is set on object 'Object Repository/Connexion Usager/Input_Email'

2023-11-24 13:29:37 - [MESSAGE][INFO] - Finding Test Object 'Object Repository/Connexion Usager/Input_Email'

2023-11-24 13:29:37 - [MESSAGE][INFO] - Checking timeout

2023-11-24 13:29:37 - [MESSAGE][INFO] - Finding web element with id: 'Object Repository/Connexion Usager/Input_Email' located by 'By.xpath: //*/div/app-input[1]/div/div/input [@type = 'email']' in '20' second(s)

2023-11-24 13:29:37 - [MESSAGE][INFO] - Smart Wait Function is triggered

2023-11-24 13:29:37 - [MESSAGE][INFO] - Found 1 web elements with id: 'Object Repository/Connexion Usager/Input_Email' located by 'By.xpath: //*/div/app-input[1]/div/div/input [@type = 'email']' in '20' second(s)

2023-11-24 13:29:37 - [MESSAGE][INFO] - Checking object

2023-11-24 13:29:37 - [MESSAGE][INFO] - Checking text

2023-11-24 13:29:37 - [MESSAGE][INFO] - Finding web element from Test Object's properties

2023-11-24 13:29:37 - [MESSAGE][INFO] - Checking timeout

2023-11-24 13:29:37 - [MESSAGE][INFO] - Finding web element with id: 'Object Repository/Connexion Usager/Input_Email' located by 'By.xpath: //*/div/app-input[1]/div/div/input [@type = 'email']' in '5' second(s)

2023-11-24 13:29:37 - [MESSAGE][INFO] - Smart Wait Function is triggered

2023-11-24 13:29:37 - [MESSAGE][INFO] - Found 1 web elements with id: 'Object Repository/Connexion Usager/Input_Email' located by 'By.xpath: //*/div/app-input[1]/div/div/input [@type = 'email']' in '5' second(s)

2023-11-24 13:29:37 - [MESSAGE][INFO] - Clearing text of object 'Object Repository/Connexion Usager/Input_Email'

2023-11-24 13:29:39 - [MESSAGE][INFO] - Finding web element from Test Object's properties

2023-11-24 13:29:39 - [MESSAGE][INFO] - Checking timeout

2023-11-24 13:29:39 - [MESSAGE][INFO] - Finding web element with id: 'Object Repository/Connexion Usager/Input_Email' located by 'By.xpath: //*/div/app-input[1]/div/div/input [@type = 'email']' in '5' second(s)

2023-11-24 13:29:39 - [MESSAGE][INFO] - Smart Wait Function is triggered

2023-11-24 13:29:39 - [MESSAGE][INFO] - Found 1 web elements with id: 'Object Repository/Connexion Usager/Input_Email' located by 'By.xpath: //*/div/app-input[1]/div/div/input [@type = 'email']' in '5' second(s)

2023-11-24 13:29:39 - [MESSAGE][INFO] - Setting text of object 'Object Repository/Connexion Usager/Input_Email' to value '7703040880@yopmail.com'

2023-11-24 13:29:41 - [MESSAGE][PASSED] - Text '7703040880@yopmail.com' is set on object 'Object Repository/Connexion Usager/Input_Email'

2023-11-24 13:29:41 - [TEST_STEP][PASSED] - setText(findTestObject("Object Repository/Connexion Usager/Input_ConfirmeEmail"), MonEmail): Text '7703040880@yopmail.com' is set on object 'Object Repository/Connexion Usager/Input_ConfirmeEmail'

2023-11-24 13:29:41 - [MESSAGE][INFO] - Finding Test Object 'Object Repository/Connexion Usager/Input_ConfirmeEmail'

2023-11-24 13:29:41 - [MESSAGE][INFO] - Checking timeout

2023-11-24 13:29:41 - [MESSAGE][INFO] - Finding web element with id: 'Object Repository/Connexion Usager/Input_ConfirmeEmail' located by 'By.xpath: //*/div/app-input[2]/div/div/input [@type = 'email']' in '20' second(s)

2023-11-24 13:29:41 - [MESSAGE][INFO] - Smart Wait Function is triggered

2023-11-24 13:29:41 - [MESSAGE][INFO] - Found 1 web elements with id: 'Object Repository/Connexion Usager/Input_ConfirmeEmail' located by 'By.xpath: //*/div/app-input[2]/div/div/input [@type = 'email']' in '20' second(s)

2023-11-24 13:29:41 - [MESSAGE][INFO] - Checking object

2023-11-24 13:29:41 - [MESSAGE][INFO] - Checking text

2023-11-24 13:29:41 - [MESSAGE][INFO] - Finding web element from Test Object's properties

2023-11-24 13:29:41 - [MESSAGE][INFO] - Checking timeout

2023-11-24 13:29:41 - [MESSAGE][INFO] - Finding web element with id: 'Object Repository/Connexion Usager/Input_ConfirmeEmail' located by 'By.xpath: //*/div/app-input[2]/div/div/input [@type = 'email']' in '5' second(s)

2023-11-24 13:29:41 - [MESSAGE][INFO] - Smart Wait Function is triggered

2023-11-24 13:29:41 - [MESSAGE][INFO] - Found 1 web elements with id: 'Object Repository/Connexion Usager/Input_ConfirmeEmail' located by 'By.xpath: //*/div/app-input[2]/div/div/input [@type = 'email']' in '5' second(s)

2023-11-24 13:29:41 - [MESSAGE][INFO] - Clearing text of object 'Object Repository/Connexion Usager/Input_ConfirmeEmail'

2023-11-24 13:29:43 - [MESSAGE][INFO] - Finding web element from Test Object's properties

2023-11-24 13:29:43 - [MESSAGE][INFO] - Checking timeout

2023-11-24 13:29:43 - [MESSAGE][INFO] - Finding web element with id: 'Object Repository/Connexion Usager/Input_ConfirmeEmail' located by 'By.xpath: //*/div/app-input[2]/div/div/input [@type = 'email']' in '5' second(s)

2023-11-24 13:29:43 - [MESSAGE][INFO] - Smart Wait Function is triggered

2023-11-24 13:29:43 - [MESSAGE][INFO] - Found 1 web elements with id: 'Object Repository/Connexion Usager/Input_ConfirmeEmail' located by 'By.xpath: //*/div/app-input[2]/div/div/input [@type = 'email']' in '5' second(s)

2023-11-24 13:29:43 - [MESSAGE][INFO] - Setting text of object 'Object Repository/Connexion Usager/Input_ConfirmeEmail' to value '7703040880@yopmail.com'

2023-11-24 13:29:46 - [MESSAGE][PASSED] - Text '7703040880@yopmail.com' is set on object 'Object Repository/Connexion Usager/Input_ConfirmeEmail'

2023-11-24 13:29:46 - [TEST_STEP][PASSED] - click(findTestObject("Object Repository/Connexion Usager/span_btn_ValiderEmail")): Object: 'Object Repository/Connexion Usager/span_btn_ValiderEmail' is clicked on

2023-11-24 13:29:46 - [MESSAGE][INFO] - Finding Test Object 'Object Repository/Connexion Usager/span_btn_ValiderEmail'

2023-11-24 13:29:46 - [MESSAGE][INFO] - Checking timeout

2023-11-24 13:29:46 - [MESSAGE][INFO] - Finding web element with id: 'Object Repository/Connexion Usager/span_btn_ValiderEmail' located by 'By.xpath: //span[(text() = 'Valider' or . = 'Valider')]' in '20' second(s)

2023-11-24 13:29:46 - [MESSAGE][INFO] - Smart Wait Function is triggered

2023-11-24 13:29:46 - [MESSAGE][INFO] - Found 1 web elements with id: 'Object Repository/Connexion Usager/span_btn_ValiderEmail' located by 'By.xpath: //span[(text() = 'Valider' or . = 'Valider')]' in '20' second(s)

2023-11-24 13:29:46 - [MESSAGE][INFO] - Checking object

2023-11-24 13:29:46 - [MESSAGE][INFO] - Checking timeout

2023-11-24 13:29:46 - [MESSAGE][INFO] - Finding web element from Test Object's properties

2023-11-24 13:29:46 - [MESSAGE][INFO] - Checking timeout

2023-11-24 13:29:46 - [MESSAGE][INFO] - Finding web element with id: 'Object Repository/Connexion Usager/span_btn_ValiderEmail' located by 'By.xpath: //span[(text() = 'Valider' or . = 'Valider')]' in '5' second(s)

2023-11-24 13:29:46 - [MESSAGE][INFO] - Smart Wait Function is triggered

2023-11-24 13:29:46 - [MESSAGE][INFO] - Found 1 web elements with id: 'Object Repository/Connexion Usager/span_btn_ValiderEmail' located by 'By.xpath: //span[(text() = 'Valider' or . = 'Valider')]' in '5' second(s)

2023-11-24 13:29:46 - [MESSAGE][INFO] - Clicking on object: 'Object Repository/Connexion Usager/span_btn_ValiderEmail'

2023-11-24 13:29:48 - [MESSAGE][PASSED] - Object: 'Object Repository/Connexion Usager/span_btn_ValiderEmail' is clicked on

2023-11-24 13:29:48 - [TEST_STEP][PASSED] - delay(2): Delayed 2 second(s)

2023-11-24 13:29:48 - [MESSAGE][INFO] - Delaying browser in 2 second(s)

2023-11-24 13:29:50 - [MESSAGE][PASSED] - Delayed 2 second(s)

2023-11-24 13:29:50 - [TEST_STEP][PASSED] - click(findTestObject("Object Repository/Connexion Usager/btn_span_RetourAccueil")): Object: 'Object Repository/Connexion Usager/btn_span_RetourAccueil' is clicked on

2023-11-24 13:29:50 - [MESSAGE][INFO] - Finding Test Object 'Object Repository/Connexion Usager/btn_span_RetourAccueil'

2023-11-24 13:29:50 - [MESSAGE][INFO] - Checking timeout

2023-11-24 13:29:50 - [MESSAGE][INFO] - Finding web element with id: 'Object Repository/Connexion Usager/btn_span_RetourAccueil' located by 'By.xpath: (.//*[normalize-space(text()) and normalize-space(.)='CRÉATION DE COMPTE'])[1]/following::span[2]' in '20' second(s)

2023-11-24 13:29:50 - [MESSAGE][INFO] - Smart Wait Function is triggered

2023-11-24 13:29:50 - [MESSAGE][INFO] - Found 1 web elements with id: 'Object Repository/Connexion Usager/btn_span_RetourAccueil' located by 'By.xpath: (.//*[normalize-space(text()) and normalize-space(.)='CRÉATION DE COMPTE'])[1]/following::span[2]' in '20' second(s)

2023-11-24 13:29:50 - [MESSAGE][INFO] - Checking object

2023-11-24 13:29:50 - [MESSAGE][INFO] - Checking timeout

2023-11-24 13:29:50 - [MESSAGE][INFO] - Finding web element from Test Object's properties

2023-11-24 13:29:50 - [MESSAGE][INFO] - Checking timeout

2023-11-24 13:29:50 - [MESSAGE][INFO] - Finding web element with id: 'Object Repository/Connexion Usager/btn_span_RetourAccueil' located by 'By.xpath: (.//*[normalize-space(text()) and normalize-space(.)='CRÉATION DE COMPTE'])[1]/following::span[2]' in '5' second(s)

2023-11-24 13:29:50 - [MESSAGE][INFO] - Smart Wait Function is triggered

2023-11-24 13:29:50 - [MESSAGE][INFO] - Found 1 web elements with id: 'Object Repository/Connexion Usager/btn_span_RetourAccueil' located by 'By.xpath: (.//*[normalize-space(text()) and normalize-space(.)='CRÉATION DE COMPTE'])[1]/following::span[2]' in '5' second(s)

2023-11-24 13:29:50 - [MESSAGE][INFO] - Clicking on object: 'Object Repository/Connexion Usager/btn_span_RetourAccueil'

2023-11-24 13:29:52 - [MESSAGE][PASSED] - Object: 'Object Repository/Connexion Usager/btn_span_RetourAccueil' is clicked on

2023-11-24 13:29:52 - [TEST_STEP][PASSED] - delay(2): Delayed 2 second(s)

2023-11-24 13:29:52 - [MESSAGE][INFO] - Delaying browser in 2 second(s)

2023-11-24 13:29:54 - [MESSAGE][PASSED] - Delayed 2 second(s)

2023-11-24 13:29:54 - [TEST_STEP][PASSED] - tools.GetWebCookieByNamedCollected.GetWebCookie(): tools.GetWebCookieByNamedCollected.GetWebCookie is PASSED

2023-11-24 13:29:54 - [MESSAGE][PASSED] - tools.GetWebCookieByNamedCollected.GetWebCookie is PASSED

2023-11-24 13:29:54 - [TEST_STEP][PASSED] - if (EnvExec == "URL_ANEFQualif"): null

2023-11-24 13:29:54 - [TEST_STEP][PASSED] - if (EnvExec == "URL_ANEFPreProd"): Navigate to 'https://preprod.administration-etrangers-en-france.interieur.gouv.fr/particuliers/#/espace-personnel/inscription/mot-de-passe?token=eyJ0eXAiOiJKV1QiLCJhbGciOiJIUzI1NiJ9.eyJpYXQiOjE3MDA4Mjg5NTQuMDg3OTI2LCJleHAiOjE3MDA5MTUzNTQuMDg3OTI2LCJsb2dpbiI6NDAwMjUwNzUsInN1YiI6InJlZ2lzdGVyIiwidXJsX3ByZWZpeCI6Ii91c2FnZXIifQ.CMQFsrjmYbMyUqjfGJuQ3WY6xoIhvYc_DkZGPf3Gob0' successfully

2023-11-24 13:29:54 - [TEST_STEP][PASSED] - URL_CreationMDP = URLpwPreProd + Token: null

2023-11-24 13:29:54 - [TEST_STEP][PASSED] - navigateToUrl(URL_CreationMDP): Navigate to 'https://preprod.administration-etrangers-en-france.interieur.gouv.fr/particuliers/#/espace-personnel/inscription/mot-de-passe?token=eyJ0eXAiOiJKV1QiLCJhbGciOiJIUzI1NiJ9.eyJpYXQiOjE3MDA4Mjg5NTQuMDg3OTI2LCJleHAiOjE3MDA5MTUzNTQuMDg3OTI2LCJsb2dpbiI6NDAwMjUwNzUsInN1YiI6InJlZ2lzdGVyIiwidXJsX3ByZWZpeCI6Ii91c2FnZXIifQ.CMQFsrjmYbMyUqjfGJuQ3WY6xoIhvYc_DkZGPf3Gob0' successfully

2023-11-24 13:29:54 - [MESSAGE][INFO] - Checking url

2023-11-24 13:29:54 - [MESSAGE][INFO] - Navigating to 'https://preprod.administration-etrangers-en-france.interieur.gouv.fr/particuliers/#/espace-personnel/inscription/mot-de-passe?token=eyJ0eXAiOiJKV1QiLCJhbGciOiJIUzI1NiJ9.eyJpYXQiOjE3MDA4Mjg5NTQuMDg3OTI2LCJleHAiOjE3MDA5MTUzNTQuMDg3OTI2LCJsb2dpbiI6NDAwMjUwNzUsInN1YiI6InJlZ2lzdGVyIiwidXJsX3ByZWZpeCI6Ii91c2FnZXIifQ.CMQFsrjmYbMyUqjfGJuQ3WY6xoIhvYc_DkZGPf3Gob0'

2023-11-24 13:29:56 - [MESSAGE][PASSED] - Navigate to 'https://preprod.administration-etrangers-en-france.interieur.gouv.fr/particuliers/#/espace-personnel/inscription/mot-de-passe?token=eyJ0eXAiOiJKV1QiLCJhbGciOiJIUzI1NiJ9.eyJpYXQiOjE3MDA4Mjg5NTQuMDg3OTI2LCJleHAiOjE3MDA5MTUzNTQuMDg3OTI2LCJsb2dpbiI6NDAwMjUwNzUsInN1YiI6InJlZ2lzdGVyIiwidXJsX3ByZWZpeCI6Ii91c2FnZXIifQ.CMQFsrjmYbMyUqjfGJuQ3WY6xoIhvYc_DkZGPf3Gob0' successfully

2023-11-24 13:29:56 - [TEST_STEP][PASSED] - callTestCase(findTestCase("Test Reutilisable/Main/Verif_FormatNewPW"), [:], STOP_ON_FAILURE): Call Test Case 'Test Cases/Test Reutilisable/Main/Verif_FormatNewPW' successfully

2023-11-24 13:29:56 - [MESSAGE][INFO] - Checking called Test Case

2023-11-24 13:29:56 - [MESSAGE][INFO] - Starting to call Test Case 'Test Cases/Test Reutilisable/Main/Verif_FormatNewPW'

2023-11-24 13:29:56 - [TEST_CASE][PASSED] - Test Cases/Test Reutilisable/Main/Verif_FormatNewPW: Test Cases/Test Reutilisable/Main/Verif_FormatNewPW

2023-11-24 13:29:57 - [TEST_STEP][PASSED] - com.kazurayam.ksbackyard.HighlightElement.pandemic(): com.kazurayam.ksbackyard.HighlightElement.pandemic is PASSED

2023-11-24 13:29:57 - [MESSAGE][PASSED] - com.kazurayam.ksbackyard.HighlightElement.pandemic is PASSED

2023-11-24 13:29:57 - [TEST_STEP][PASSED] - println("Créer un mot de passe sans majuscule"): null

2023-11-24 13:29:57 - [TEST_STEP][PASSED] - setText(findTestObject("Object Repository/Connexion Usager/Input_Password"), "hhizaoui001!"): Text 'hhizaoui001!' is set on object 'Object Repository/Connexion Usager/Input_Password'

2023-11-24 13:29:57 - [MESSAGE][INFO] - Finding Test Object 'Object Repository/Connexion Usager/Input_Password'

2023-11-24 13:29:58 - [MESSAGE][INFO] - Checking timeout

2023-11-24 13:29:58 - [MESSAGE][INFO] - Finding web element with id: 'Object Repository/Connexion Usager/Input_Password' located by 'By.xpath: //*/app-input[1]/div/div/input [@type = 'password']' in '20' second(s)

2023-11-24 13:29:58 - [MESSAGE][INFO] - Smart Wait Function is triggered

2023-11-24 13:29:58 - [MESSAGE][INFO] - Found 1 web elements with id: 'Object Repository/Connexion Usager/Input_Password' located by 'By.xpath: //*/app-input[1]/div/div/input [@type = 'password']' in '20' second(s)

2023-11-24 13:29:58 - [MESSAGE][INFO] - Checking object

2023-11-24 13:29:58 - [MESSAGE][INFO] - Checking text

2023-11-24 13:29:58 - [MESSAGE][INFO] - Finding web element from Test Object's properties

2023-11-24 13:29:58 - [MESSAGE][INFO] - Checking timeout

2023-11-24 13:29:58 - [MESSAGE][INFO] - Finding web element with id: 'Object Repository/Connexion Usager/Input_Password' located by 'By.xpath: //*/app-input[1]/div/div/input [@type = 'password']' in '5' second(s)

2023-11-24 13:29:58 - [MESSAGE][INFO] - Smart Wait Function is triggered

2023-11-24 13:29:58 - [MESSAGE][INFO] - Found 1 web elements with id: 'Object Repository/Connexion Usager/Input_Password' located by 'By.xpath: //*/app-input[1]/div/div/input [@type = 'password']' in '5' second(s)

2023-11-24 13:29:58 - [MESSAGE][INFO] - Clearing text of object 'Object Repository/Connexion Usager/Input_Password'

2023-11-24 13:30:00 - [MESSAGE][INFO] - Finding web element from Test Object's properties

2023-11-24 13:30:00 - [MESSAGE][INFO] - Checking timeout

2023-11-24 13:30:00 - [MESSAGE][INFO] - Finding web element with id: 'Object Repository/Connexion Usager/Input_Password' located by 'By.xpath: //*/app-input[1]/div/div/input [@type = 'password']' in '5' second(s)

2023-11-24 13:30:00 - [MESSAGE][INFO] - Smart Wait Function is triggered

2023-11-24 13:30:00 - [MESSAGE][INFO] - Found 1 web elements with id: 'Object Repository/Connexion Usager/Input_Password' located by 'By.xpath: //*/app-input[1]/div/div/input [@type = 'password']' in '5' second(s)

2023-11-24 13:30:00 - [MESSAGE][INFO] - Setting text of object 'Object Repository/Connexion Usager/Input_Password' to value 'hhizaoui001!'

2023-11-24 13:30:02 - [MESSAGE][PASSED] - Text 'hhizaoui001!' is set on object 'Object Repository/Connexion Usager/Input_Password'

2023-11-24 13:30:02 - [TEST_STEP][PASSED] - setText(findTestObject("Object Repository/Connexion Usager/Input_ConfirmePassword"), "hhizaoui001!"): Text 'hhizaoui001!' is set on object 'Object Repository/Connexion Usager/Input_ConfirmePassword'

2023-11-24 13:30:02 - [MESSAGE][INFO] - Finding Test Object 'Object Repository/Connexion Usager/Input_ConfirmePassword'

2023-11-24 13:30:02 - [MESSAGE][INFO] - Checking timeout

2023-11-24 13:30:02 - [MESSAGE][INFO] - Finding web element with id: 'Object Repository/Connexion Usager/Input_ConfirmePassword' located by 'By.xpath: //*/app-input[2]/div/div/input [@type = 'password']' in '20' second(s)

2023-11-24 13:30:02 - [MESSAGE][INFO] - Smart Wait Function is triggered

2023-11-24 13:30:02 - [MESSAGE][INFO] - Found 1 web elements with id: 'Object Repository/Connexion Usager/Input_ConfirmePassword' located by 'By.xpath: //*/app-input[2]/div/div/input [@type = 'password']' in '20' second(s)

2023-11-24 13:30:02 - [MESSAGE][INFO] - Checking object

2023-11-24 13:30:02 - [MESSAGE][INFO] - Checking text

2023-11-24 13:30:02 - [MESSAGE][INFO] - Finding web element from Test Object's properties

2023-11-24 13:30:02 - [MESSAGE][INFO] - Checking timeout

2023-11-24 13:30:02 - [MESSAGE][INFO] - Finding web element with id: 'Object Repository/Connexion Usager/Input_ConfirmePassword' located by 'By.xpath: //*/app-input[2]/div/div/input [@type = 'password']' in '5' second(s)

2023-11-24 13:30:02 - [MESSAGE][INFO] - Smart Wait Function is triggered

2023-11-24 13:30:02 - [MESSAGE][INFO] - Found 1 web elements with id: 'Object Repository/Connexion Usager/Input_ConfirmePassword' located by 'By.xpath: //*/app-input[2]/div/div/input [@type = 'password']' in '5' second(s)

2023-11-24 13:30:02 - [MESSAGE][INFO] - Clearing text of object 'Object Repository/Connexion Usager/Input_ConfirmePassword'

2023-11-24 13:30:04 - [MESSAGE][INFO] - Finding web element from Test Object's properties

2023-11-24 13:30:04 - [MESSAGE][INFO] - Checking timeout

2023-11-24 13:30:04 - [MESSAGE][INFO] - Finding web element with id: 'Object Repository/Connexion Usager/Input_ConfirmePassword' located by 'By.xpath: //*/app-input[2]/div/div/input [@type = 'password']' in '5' second(s)

2023-11-24 13:30:04 - [MESSAGE][INFO] - Smart Wait Function is triggered

2023-11-24 13:30:04 - [MESSAGE][INFO] - Found 1 web elements with id: 'Object Repository/Connexion Usager/Input_ConfirmePassword' located by 'By.xpath: //*/app-input[2]/div/div/input [@type = 'password']' in '5' second(s)

2023-11-24 13:30:04 - [MESSAGE][INFO] - Setting text of object 'Object Repository/Connexion Usager/Input_ConfirmePassword' to value 'hhizaoui001!'

2023-11-24 13:30:06 - [MESSAGE][PASSED] - Text 'hhizaoui001!' is set on object 'Object Repository/Connexion Usager/Input_ConfirmePassword'

2023-11-24 13:30:06 - [TEST_STEP][PASSED] - click(findTestObject("Object Repository/Connexion Usager/btn_CreerMDP")): Object: 'Object Repository/Connexion Usager/btn_CreerMDP' is clicked on

2023-11-24 13:30:06 - [MESSAGE][INFO] - Finding Test Object 'Object Repository/Connexion Usager/btn_CreerMDP'

2023-11-24 13:30:07 - [MESSAGE][INFO] - Checking timeout

2023-11-24 13:30:07 - [MESSAGE][INFO] - Finding web element with id: 'Object Repository/Connexion Usager/btn_CreerMDP' located by 'By.xpath: //*/div/p-button/button [@type= 'button']' in '20' second(s)

2023-11-24 13:30:07 - [MESSAGE][INFO] - Smart Wait Function is triggered

2023-11-24 13:30:07 - [MESSAGE][INFO] - Found 1 web elements with id: 'Object Repository/Connexion Usager/btn_CreerMDP' located by 'By.xpath: //*/div/p-button/button [@type= 'button']' in '20' second(s)

2023-11-24 13:30:07 - [MESSAGE][INFO] - Checking object

2023-11-24 13:30:07 - [MESSAGE][INFO] - Checking timeout

2023-11-24 13:30:07 - [MESSAGE][INFO] - Finding web element from Test Object's properties

2023-11-24 13:30:07 - [MESSAGE][INFO] - Checking timeout

2023-11-24 13:30:07 - [MESSAGE][INFO] - Finding web element with id: 'Object Repository/Connexion Usager/btn_CreerMDP' located by 'By.xpath: //*/div/p-button/button [@type= 'button']' in '5' second(s)

2023-11-24 13:30:07 - [MESSAGE][INFO] - Smart Wait Function is triggered

2023-11-24 13:30:07 - [MESSAGE][INFO] - Found 1 web elements with id: 'Object Repository/Connexion Usager/btn_CreerMDP' located by 'By.xpath: //*/div/p-button/button [@type= 'button']' in '5' second(s)

2023-11-24 13:30:07 - [MESSAGE][INFO] - Clicking on object: 'Object Repository/Connexion Usager/btn_CreerMDP'

2023-11-24 13:30:09 - [MESSAGE][PASSED] - Object: 'Object Repository/Connexion Usager/btn_CreerMDP' is clicked on

2023-11-24 13:30:09 - [TEST_STEP][PASSED] - verifyElementPresent(findTestObject("Object Repository/Connexion Usager/div_MSG_FormatNonRespecte"), 1): Object 'Object Repository/Connexion Usager/div_MSG_FormatNonRespecte' is present

2023-11-24 13:30:09 - [MESSAGE][INFO] - Finding Test Object 'Object Repository/Connexion Usager/div_MSG_FormatNonRespecte'

2023-11-24 13:30:09 - [MESSAGE][INFO] - Checking object

2023-11-24 13:30:09 - [MESSAGE][INFO] - Finding web element from Test Object's properties

2023-11-24 13:30:09 - [MESSAGE][INFO] - Checking timeout

2023-11-24 13:30:09 - [MESSAGE][INFO] - Finding web element with id: 'Object Repository/Connexion Usager/div_MSG_FormatNonRespecte' located by 'By.xpath: //*/app-input[1]/div/div/div[1]/div[2]/div/span[2]' in '1' second(s)

2023-11-24 13:30:09 - [MESSAGE][INFO] - Smart Wait Function is triggered

2023-11-24 13:30:09 - [MESSAGE][INFO] - Found 1 web elements with id: 'Object Repository/Connexion Usager/div_MSG_FormatNonRespecte' located by 'By.xpath: //*/app-input[1]/div/div/div[1]/div[2]/div/span[2]' in '1' second(s)

2023-11-24 13:30:09 - [MESSAGE][PASSED] - Object 'Object Repository/Connexion Usager/div_MSG_FormatNonRespecte' is present

2023-11-24 13:30:09 - [TEST_STEP][PASSED] - println("Créer un mot de passe sans minuscule"): null

2023-11-24 13:30:09 - [TEST_STEP][PASSED] - setText(findTestObject("Object Repository/Connexion Usager/Input_Password"), "HHIZAOUI001!"): Text 'HHIZAOUI001!' is set on object 'Object Repository/Connexion Usager/Input_Password'

2023-11-24 13:30:09 - [MESSAGE][INFO] - Finding Test Object 'Object Repository/Connexion Usager/Input_Password'

2023-11-24 13:30:09 - [MESSAGE][INFO] - Checking timeout

2023-11-24 13:30:09 - [MESSAGE][INFO] - Finding web element with id: 'Object Repository/Connexion Usager/Input_Password' located by 'By.xpath: //*/app-input[1]/div/div/input [@type = 'password']' in '20' second(s)

2023-11-24 13:30:09 - [MESSAGE][INFO] - Smart Wait Function is triggered

2023-11-24 13:30:09 - [MESSAGE][INFO] - Found 1 web elements with id: 'Object Repository/Connexion Usager/Input_Password' located by 'By.xpath: //*/app-input[1]/div/div/input [@type = 'password']' in '20' second(s)

2023-11-24 13:30:09 - [MESSAGE][INFO] - Checking object

2023-11-24 13:30:09 - [MESSAGE][INFO] - Checking text

2023-11-24 13:30:09 - [MESSAGE][INFO] - Finding web element from Test Object's properties

2023-11-24 13:30:09 - [MESSAGE][INFO] - Checking timeout

2023-11-24 13:30:09 - [MESSAGE][INFO] - Finding web element with id: 'Object Repository/Connexion Usager/Input_Password' located by 'By.xpath: //*/app-input[1]/div/div/input [@type = 'password']' in '5' second(s)

2023-11-24 13:30:09 - [MESSAGE][INFO] - Smart Wait Function is triggered

2023-11-24 13:30:09 - [MESSAGE][INFO] - Found 1 web elements with id: 'Object Repository/Connexion Usager/Input_Password' located by 'By.xpath: //*/app-input[1]/div/div/input [@type = 'password']' in '5' second(s)

2023-11-24 13:30:09 - [MESSAGE][INFO] - Clearing text of object 'Object Repository/Connexion Usager/Input_Password'

2023-11-24 13:30:11 - [MESSAGE][INFO] - Finding web element from Test Object's properties

2023-11-24 13:30:11 - [MESSAGE][INFO] - Checking timeout

2023-11-24 13:30:11 - [MESSAGE][INFO] - Finding web element with id: 'Object Repository/Connexion Usager/Input_Password' located by 'By.xpath: //*/app-input[1]/div/div/input [@type = 'password']' in '5' second(s)

2023-11-24 13:30:11 - [MESSAGE][INFO] - Smart Wait Function is triggered

2023-11-24 13:30:11 - [MESSAGE][INFO] - Found 1 web elements with id: 'Object Repository/Connexion Usager/Input_Password' located by 'By.xpath: //*/app-input[1]/div/div/input [@type = 'password']' in '5' second(s)

2023-11-24 13:30:11 - [MESSAGE][INFO] - Setting text of object 'Object Repository/Connexion Usager/Input_Password' to value 'HHIZAOUI001!'

2023-11-24 13:30:13 - [MESSAGE][PASSED] - Text 'HHIZAOUI001!' is set on object 'Object Repository/Connexion Usager/Input_Password'

2023-11-24 13:30:13 - [TEST_STEP][PASSED] - setText(findTestObject("Object Repository/Connexion Usager/Input_ConfirmePassword"), "HHIZAOUI001!"): Text 'HHIZAOUI001!' is set on object 'Object Repository/Connexion Usager/Input_ConfirmePassword'

2023-11-24 13:30:13 - [MESSAGE][INFO] - Finding Test Object 'Object Repository/Connexion Usager/Input_ConfirmePassword'

2023-11-24 13:30:13 - [MESSAGE][INFO] - Checking timeout

2023-11-24 13:30:13 - [MESSAGE][INFO] - Finding web element with id: 'Object Repository/Connexion Usager/Input_ConfirmePassword' located by 'By.xpath: //*/app-input[2]/div/div/input [@type = 'password']' in '20' second(s)

2023-11-24 13:30:13 - [MESSAGE][INFO] - Smart Wait Function is triggered

2023-11-24 13:30:13 - [MESSAGE][INFO] - Found 1 web elements with id: 'Object Repository/Connexion Usager/Input_ConfirmePassword' located by 'By.xpath: //*/app-input[2]/div/div/input [@type = 'password']' in '20' second(s)

2023-11-24 13:30:13 - [MESSAGE][INFO] - Checking object

2023-11-24 13:30:13 - [MESSAGE][INFO] - Checking text

2023-11-24 13:30:13 - [MESSAGE][INFO] - Finding web element from Test Object's properties

2023-11-24 13:30:13 - [MESSAGE][INFO] - Checking timeout

2023-11-24 13:30:13 - [MESSAGE][INFO] - Finding web element with id: 'Object Repository/Connexion Usager/Input_ConfirmePassword' located by 'By.xpath: //*/app-input[2]/div/div/input [@type = 'password']' in '5' second(s)

2023-11-24 13:30:13 - [MESSAGE][INFO] - Smart Wait Function is triggered

2023-11-24 13:30:14 - [MESSAGE][INFO] - Found 1 web elements with id: 'Object Repository/Connexion Usager/Input_ConfirmePassword' located by 'By.xpath: //*/app-input[2]/div/div/input [@type = 'password']' in '5' second(s)

2023-11-24 13:30:14 - [MESSAGE][INFO] - Clearing text of object 'Object Repository/Connexion Usager/Input_ConfirmePassword'

2023-11-24 13:30:16 - [MESSAGE][INFO] - Finding web element from Test Object's properties

2023-11-24 13:30:16 - [MESSAGE][INFO] - Checking timeout

2023-11-24 13:30:16 - [MESSAGE][INFO] - Finding web element with id: 'Object Repository/Connexion Usager/Input_ConfirmePassword' located by 'By.xpath: //*/app-input[2]/div/div/input [@type = 'password']' in '5' second(s)

2023-11-24 13:30:16 - [MESSAGE][INFO] - Smart Wait Function is triggered

2023-11-24 13:30:16 - [MESSAGE][INFO] - Found 1 web elements with id: 'Object Repository/Connexion Usager/Input_ConfirmePassword' located by 'By.xpath: //*/app-input[2]/div/div/input [@type = 'password']' in '5' second(s)

2023-11-24 13:30:16 - [MESSAGE][INFO] - Setting text of object 'Object Repository/Connexion Usager/Input_ConfirmePassword' to value 'HHIZAOUI001!'

2023-11-24 13:30:18 - [MESSAGE][PASSED] - Text 'HHIZAOUI001!' is set on object 'Object Repository/Connexion Usager/Input_ConfirmePassword'

2023-11-24 13:30:18 - [TEST_STEP][PASSED] - click(findTestObject("Object Repository/Connexion Usager/btn_CreerMDP")): Object: 'Object Repository/Connexion Usager/btn_CreerMDP' is clicked on

2023-11-24 13:30:18 - [MESSAGE][INFO] - Finding Test Object 'Object Repository/Connexion Usager/btn_CreerMDP'

2023-11-24 13:30:18 - [MESSAGE][INFO] - Checking timeout

2023-11-24 13:30:18 - [MESSAGE][INFO] - Finding web element with id: 'Object Repository/Connexion Usager/btn_CreerMDP' located by 'By.xpath: //*/div/p-button/button [@type= 'button']' in '20' second(s)

2023-11-24 13:30:18 - [MESSAGE][INFO] - Smart Wait Function is triggered

2023-11-24 13:30:18 - [MESSAGE][INFO] - Found 1 web elements with id: 'Object Repository/Connexion Usager/btn_CreerMDP' located by 'By.xpath: //*/div/p-button/button [@type= 'button']' in '20' second(s)

2023-11-24 13:30:18 - [MESSAGE][INFO] - Checking object

2023-11-24 13:30:18 - [MESSAGE][INFO] - Checking timeout

2023-11-24 13:30:18 - [MESSAGE][INFO] - Finding web element from Test Object's properties

2023-11-24 13:30:18 - [MESSAGE][INFO] - Checking timeout

2023-11-24 13:30:18 - [MESSAGE][INFO] - Finding web element with id: 'Object Repository/Connexion Usager/btn_CreerMDP' located by 'By.xpath: //*/div/p-button/button [@type= 'button']' in '5' second(s)

2023-11-24 13:30:18 - [MESSAGE][INFO] - Smart Wait Function is triggered

2023-11-24 13:30:18 - [MESSAGE][INFO] - Found 1 web elements with id: 'Object Repository/Connexion Usager/btn_CreerMDP' located by 'By.xpath: //*/div/p-button/button [@type= 'button']' in '5' second(s)

2023-11-24 13:30:18 - [MESSAGE][INFO] - Clicking on object: 'Object Repository/Connexion Usager/btn_CreerMDP'

2023-11-24 13:30:20 - [MESSAGE][PASSED] - Object: 'Object Repository/Connexion Usager/btn_CreerMDP' is clicked on

2023-11-24 13:30:20 - [TEST_STEP][PASSED] - verifyElementPresent(findTestObject("Object Repository/Connexion Usager/div_MSG_FormatNonRespecte"), 1): Object 'Object Repository/Connexion Usager/div_MSG_FormatNonRespecte' is present

2023-11-24 13:30:20 - [MESSAGE][INFO] - Finding Test Object 'Object Repository/Connexion Usager/div_MSG_FormatNonRespecte'

2023-11-24 13:30:20 - [MESSAGE][INFO] - Checking object

2023-11-24 13:30:20 - [MESSAGE][INFO] - Finding web element from Test Object's properties

2023-11-24 13:30:20 - [MESSAGE][INFO] - Checking timeout

2023-11-24 13:30:20 - [MESSAGE][INFO] - Finding web element with id: 'Object Repository/Connexion Usager/div_MSG_FormatNonRespecte' located by 'By.xpath: //*/app-input[1]/div/div/div[1]/div[2]/div/span[2]' in '1' second(s)

2023-11-24 13:30:20 - [MESSAGE][INFO] - Smart Wait Function is triggered

2023-11-24 13:30:20 - [MESSAGE][INFO] - Found 1 web elements with id: 'Object Repository/Connexion Usager/div_MSG_FormatNonRespecte' located by 'By.xpath: //*/app-input[1]/div/div/div[1]/div[2]/div/span[2]' in '1' second(s)

2023-11-24 13:30:20 - [MESSAGE][PASSED] - Object 'Object Repository/Connexion Usager/div_MSG_FormatNonRespecte' is present

2023-11-24 13:30:20 - [TEST_STEP][PASSED] - println("Créer un mot de passe sans caractère spécial"): null

2023-11-24 13:30:20 - [TEST_STEP][PASSED] - setText(findTestObject("Object Repository/Connexion Usager/Input_Password"), "HHizaoui0010"): Text 'HHizaoui0010' is set on object 'Object Repository/Connexion Usager/Input_Password'

2023-11-24 13:30:20 - [MESSAGE][INFO] - Finding Test Object 'Object Repository/Connexion Usager/Input_Password'

2023-11-24 13:30:20 - [MESSAGE][INFO] - Checking timeout

2023-11-24 13:30:20 - [MESSAGE][INFO] - Finding web element with id: 'Object Repository/Connexion Usager/Input_Password' located by 'By.xpath: //*/app-input[1]/div/div/input [@type = 'password']' in '20' second(s)

2023-11-24 13:30:20 - [MESSAGE][INFO] - Smart Wait Function is triggered

2023-11-24 13:30:20 - [MESSAGE][INFO] - Found 1 web elements with id: 'Object Repository/Connexion Usager/Input_Password' located by 'By.xpath: //*/app-input[1]/div/div/input [@type = 'password']' in '20' second(s)

2023-11-24 13:30:20 - [MESSAGE][INFO] - Checking object

2023-11-24 13:30:20 - [MESSAGE][INFO] - Checking text

2023-11-24 13:30:20 - [MESSAGE][INFO] - Finding web element from Test Object's properties

2023-11-24 13:30:20 - [MESSAGE][INFO] - Checking timeout

2023-11-24 13:30:20 - [MESSAGE][INFO] - Finding web element with id: 'Object Repository/Connexion Usager/Input_Password' located by 'By.xpath: //*/app-input[1]/div/div/input [@type = 'password']' in '5' second(s)

2023-11-24 13:30:20 - [MESSAGE][INFO] - Smart Wait Function is triggered

2023-11-24 13:30:20 - [MESSAGE][INFO] - Found 1 web elements with id: 'Object Repository/Connexion Usager/Input_Password' located by 'By.xpath: //*/app-input[1]/div/div/input [@type = 'password']' in '5' second(s)

2023-11-24 13:30:20 - [MESSAGE][INFO] - Clearing text of object 'Object Repository/Connexion Usager/Input_Password'

2023-11-24 13:30:22 - [MESSAGE][INFO] - Finding web element from Test Object's properties

2023-11-24 13:30:22 - [MESSAGE][INFO] - Checking timeout

2023-11-24 13:30:22 - [MESSAGE][INFO] - Finding web element with id: 'Object Repository/Connexion Usager/Input_Password' located by 'By.xpath: //*/app-input[1]/div/div/input [@type = 'password']' in '5' second(s)

2023-11-24 13:30:22 - [MESSAGE][INFO] - Smart Wait Function is triggered

2023-11-24 13:30:22 - [MESSAGE][INFO] - Found 1 web elements with id: 'Object Repository/Connexion Usager/Input_Password' located by 'By.xpath: //*/app-input[1]/div/div/input [@type = 'password']' in '5' second(s)

2023-11-24 13:30:22 - [MESSAGE][INFO] - Setting text of object 'Object Repository/Connexion Usager/Input_Password' to value 'HHizaoui0010'

2023-11-24 13:30:25 - [MESSAGE][PASSED] - Text 'HHizaoui0010' is set on object 'Object Repository/Connexion Usager/Input_Password'

2023-11-24 13:30:25 - [TEST_STEP][PASSED] - setText(findTestObject("Object Repository/Connexion Usager/Input_ConfirmePassword"), "HHizaoui0010"): Text 'HHizaoui0010' is set on object 'Object Repository/Connexion Usager/Input_ConfirmePassword'

2023-11-24 13:30:25 - [MESSAGE][INFO] - Finding Test Object 'Object Repository/Connexion Usager/Input_ConfirmePassword'

2023-11-24 13:30:25 - [MESSAGE][INFO] - Checking timeout

2023-11-24 13:30:25 - [MESSAGE][INFO] - Finding web element with id: 'Object Repository/Connexion Usager/Input_ConfirmePassword' located by 'By.xpath: //*/app-input[2]/div/div/input [@type = 'password']' in '20' second(s)

2023-11-24 13:30:25 - [MESSAGE][INFO] - Smart Wait Function is triggered

2023-11-24 13:30:25 - [MESSAGE][INFO] - Found 1 web elements with id: 'Object Repository/Connexion Usager/Input_ConfirmePassword' located by 'By.xpath: //*/app-input[2]/div/div/input [@type = 'password']' in '20' second(s)

2023-11-24 13:30:25 - [MESSAGE][INFO] - Checking object

2023-11-24 13:30:25 - [MESSAGE][INFO] - Checking text

2023-11-24 13:30:25 - [MESSAGE][INFO] - Finding web element from Test Object's properties

2023-11-24 13:30:25 - [MESSAGE][INFO] - Checking timeout

2023-11-24 13:30:25 - [MESSAGE][INFO] - Finding web element with id: 'Object Repository/Connexion Usager/Input_ConfirmePassword' located by 'By.xpath: //*/app-input[2]/div/div/input [@type = 'password']' in '5' second(s)

2023-11-24 13:30:25 - [MESSAGE][INFO] - Smart Wait Function is triggered

2023-11-24 13:30:25 - [MESSAGE][INFO] - Found 1 web elements with id: 'Object Repository/Connexion Usager/Input_ConfirmePassword' located by 'By.xpath: //*/app-input[2]/div/div/input [@type = 'password']' in '5' second(s)

2023-11-24 13:30:25 - [MESSAGE][INFO] - Clearing text of object 'Object Repository/Connexion Usager/Input_ConfirmePassword'

2023-11-24 13:30:27 - [MESSAGE][INFO] - Finding web element from Test Object's properties

2023-11-24 13:30:27 - [MESSAGE][INFO] - Checking timeout

2023-11-24 13:30:27 - [MESSAGE][INFO] - Finding web element with id: 'Object Repository/Connexion Usager/Input_ConfirmePassword' located by 'By.xpath: //*/app-input[2]/div/div/input [@type = 'password']' in '5' second(s)

2023-11-24 13:30:27 - [MESSAGE][INFO] - Smart Wait Function is triggered

2023-11-24 13:30:27 - [MESSAGE][INFO] - Found 1 web elements with id: 'Object Repository/Connexion Usager/Input_ConfirmePassword' located by 'By.xpath: //*/app-input[2]/div/div/input [@type = 'password']' in '5' second(s)

2023-11-24 13:30:27 - [MESSAGE][INFO] - Setting text of object 'Object Repository/Connexion Usager/Input_ConfirmePassword' to value 'HHizaoui0010'

2023-11-24 13:30:29 - [MESSAGE][PASSED] - Text 'HHizaoui0010' is set on object 'Object Repository/Connexion Usager/Input_ConfirmePassword'

2023-11-24 13:30:29 - [TEST_STEP][PASSED] - click(findTestObject("Object Repository/Connexion Usager/btn_CreerMDP")): Object: 'Object Repository/Connexion Usager/btn_CreerMDP' is clicked on

2023-11-24 13:30:29 - [MESSAGE][INFO] - Finding Test Object 'Object Repository/Connexion Usager/btn_CreerMDP'

2023-11-24 13:30:29 - [MESSAGE][INFO] - Checking timeout

2023-11-24 13:30:29 - [MESSAGE][INFO] - Finding web element with id: 'Object Repository/Connexion Usager/btn_CreerMDP' located by 'By.xpath: //*/div/p-button/button [@type= 'button']' in '20' second(s)

2023-11-24 13:30:29 - [MESSAGE][INFO] - Smart Wait Function is triggered

2023-11-24 13:30:29 - [MESSAGE][INFO] - Found 1 web elements with id: 'Object Repository/Connexion Usager/btn_CreerMDP' located by 'By.xpath: //*/div/p-button/button [@type= 'button']' in '20' second(s)

2023-11-24 13:30:29 - [MESSAGE][INFO] - Checking object

2023-11-24 13:30:29 - [MESSAGE][INFO] - Checking timeout

2023-11-24 13:30:29 - [MESSAGE][INFO] - Finding web element from Test Object's properties

2023-11-24 13:30:29 - [MESSAGE][INFO] - Checking timeout

2023-11-24 13:30:29 - [MESSAGE][INFO] - Finding web element with id: 'Object Repository/Connexion Usager/btn_CreerMDP' located by 'By.xpath: //*/div/p-button/button [@type= 'button']' in '5' second(s)

2023-11-24 13:30:29 - [MESSAGE][INFO] - Smart Wait Function is triggered

2023-11-24 13:30:29 - [MESSAGE][INFO] - Found 1 web elements with id: 'Object Repository/Connexion Usager/btn_CreerMDP' located by 'By.xpath: //*/div/p-button/button [@type= 'button']' in '5' second(s)

2023-11-24 13:30:29 - [MESSAGE][INFO] - Clicking on object: 'Object Repository/Connexion Usager/btn_CreerMDP'

2023-11-24 13:30:31 - [MESSAGE][PASSED] - Object: 'Object Repository/Connexion Usager/btn_CreerMDP' is clicked on

2023-11-24 13:30:31 - [TEST_STEP][PASSED] - verifyElementPresent(findTestObject("Object Repository/Connexion Usager/div_MSG_FormatNonRespecte"), 1): Object 'Object Repository/Connexion Usager/div_MSG_FormatNonRespecte' is present

2023-11-24 13:30:31 - [MESSAGE][INFO] - Finding Test Object 'Object Repository/Connexion Usager/div_MSG_FormatNonRespecte'

2023-11-24 13:30:31 - [MESSAGE][INFO] - Checking object

2023-11-24 13:30:31 - [MESSAGE][INFO] - Finding web element from Test Object's properties

2023-11-24 13:30:31 - [MESSAGE][INFO] - Checking timeout

2023-11-24 13:30:31 - [MESSAGE][INFO] - Finding web element with id: 'Object Repository/Connexion Usager/div_MSG_FormatNonRespecte' located by 'By.xpath: //*/app-input[1]/div/div/div[1]/div[2]/div/span[2]' in '1' second(s)

2023-11-24 13:30:31 - [MESSAGE][INFO] - Smart Wait Function is triggered

2023-11-24 13:30:31 - [MESSAGE][INFO] - Found 1 web elements with id: 'Object Repository/Connexion Usager/div_MSG_FormatNonRespecte' located by 'By.xpath: //*/app-input[1]/div/div/div[1]/div[2]/div/span[2]' in '1' second(s)

2023-11-24 13:30:31 - [MESSAGE][PASSED] - Object 'Object Repository/Connexion Usager/div_MSG_FormatNonRespecte' is present

2023-11-24 13:30:31 - [TEST_STEP][PASSED] - println("Créer un mot de passe sans chiffre"): null

2023-11-24 13:30:31 - [TEST_STEP][PASSED] - setText(findTestObject("Object Repository/Connexion Usager/Input_Password"), "HHizaouihiza!"): Text 'HHizaouihiza!' is set on object 'Object Repository/Connexion Usager/Input_Password'

2023-11-24 13:30:31 - [MESSAGE][INFO] - Finding Test Object 'Object Repository/Connexion Usager/Input_Password'

2023-11-24 13:30:31 - [MESSAGE][INFO] - Checking timeout

2023-11-24 13:30:31 - [MESSAGE][INFO] - Finding web element with id: 'Object Repository/Connexion Usager/Input_Password' located by 'By.xpath: //*/app-input[1]/div/div/input [@type = 'password']' in '20' second(s)

2023-11-24 13:30:31 - [MESSAGE][INFO] - Smart Wait Function is triggered

2023-11-24 13:30:31 - [MESSAGE][INFO] - Found 1 web elements with id: 'Object Repository/Connexion Usager/Input_Password' located by 'By.xpath: //*/app-input[1]/div/div/input [@type = 'password']' in '20' second(s)

2023-11-24 13:30:31 - [MESSAGE][INFO] - Checking object

2023-11-24 13:30:31 - [MESSAGE][INFO] - Checking text

2023-11-24 13:30:31 - [MESSAGE][INFO] - Finding web element from Test Object's properties

2023-11-24 13:30:31 - [MESSAGE][INFO] - Checking timeout

2023-11-24 13:30:31 - [MESSAGE][INFO] - Finding web element with id: 'Object Repository/Connexion Usager/Input_Password' located by 'By.xpath: //*/app-input[1]/div/div/input [@type = 'password']' in '5' second(s)

2023-11-24 13:30:31 - [MESSAGE][INFO] - Smart Wait Function is triggered

2023-11-24 13:30:31 - [MESSAGE][INFO] - Found 1 web elements with id: 'Object Repository/Connexion Usager/Input_Password' located by 'By.xpath: //*/app-input[1]/div/div/input [@type = 'password']' in '5' second(s)

2023-11-24 13:30:31 - [MESSAGE][INFO] - Clearing text of object 'Object Repository/Connexion Usager/Input_Password'

2023-11-24 13:30:34 - [MESSAGE][INFO] - Finding web element from Test Object's properties

2023-11-24 13:30:34 - [MESSAGE][INFO] - Checking timeout

2023-11-24 13:30:34 - [MESSAGE][INFO] - Finding web element with id: 'Object Repository/Connexion Usager/Input_Password' located by 'By.xpath: //*/app-input[1]/div/div/input [@type = 'password']' in '5' second(s)

2023-11-24 13:30:34 - [MESSAGE][INFO] - Smart Wait Function is triggered

2023-11-24 13:30:34 - [MESSAGE][INFO] - Found 1 web elements with id: 'Object Repository/Connexion Usager/Input_Password' located by 'By.xpath: //*/app-input[1]/div/div/input [@type = 'password']' in '5' second(s)

2023-11-24 13:30:34 - [MESSAGE][INFO] - Setting text of object 'Object Repository/Connexion Usager/Input_Password' to value 'HHizaouihiza!'

2023-11-24 13:30:36 - [MESSAGE][PASSED] - Text 'HHizaouihiza!' is set on object 'Object Repository/Connexion Usager/Input_Password'

2023-11-24 13:30:36 - [TEST_STEP][PASSED] - setText(findTestObject("Object Repository/Connexion Usager/Input_ConfirmePassword"), "HHizaouihiza!"): Text 'HHizaouihiza!' is set on object 'Object Repository/Connexion Usager/Input_ConfirmePassword'

2023-11-24 13:30:36 - [MESSAGE][INFO] - Finding Test Object 'Object Repository/Connexion Usager/Input_ConfirmePassword'

2023-11-24 13:30:36 - [MESSAGE][INFO] - Checking timeout

2023-11-24 13:30:36 - [MESSAGE][INFO] - Finding web element with id: 'Object Repository/Connexion Usager/Input_ConfirmePassword' located by 'By.xpath: //*/app-input[2]/div/div/input [@type = 'password']' in '20' second(s)

2023-11-24 13:30:36 - [MESSAGE][INFO] - Smart Wait Function is triggered

2023-11-24 13:30:36 - [MESSAGE][INFO] - Found 1 web elements with id: 'Object Repository/Connexion Usager/Input_ConfirmePassword' located by 'By.xpath: //*/app-input[2]/div/div/input [@type = 'password']' in '20' second(s)

2023-11-24 13:30:36 - [MESSAGE][INFO] - Checking object

2023-11-24 13:30:36 - [MESSAGE][INFO] - Checking text

2023-11-24 13:30:36 - [MESSAGE][INFO] - Finding web element from Test Object's properties

2023-11-24 13:30:36 - [MESSAGE][INFO] - Checking timeout

2023-11-24 13:30:36 - [MESSAGE][INFO] - Finding web element with id: 'Object Repository/Connexion Usager/Input_ConfirmePassword' located by 'By.xpath: //*/app-input[2]/div/div/input [@type = 'password']' in '5' second(s)

2023-11-24 13:30:36 - [MESSAGE][INFO] - Smart Wait Function is triggered

2023-11-24 13:30:36 - [MESSAGE][INFO] - Found 1 web elements with id: 'Object Repository/Connexion Usager/Input_ConfirmePassword' located by 'By.xpath: //*/app-input[2]/div/div/input [@type = 'password']' in '5' second(s)

2023-11-24 13:30:36 - [MESSAGE][INFO] - Clearing text of object 'Object Repository/Connexion Usager/Input_ConfirmePassword'

2023-11-24 13:30:38 - [MESSAGE][INFO] - Finding web element from Test Object's properties

2023-11-24 13:30:38 - [MESSAGE][INFO] - Checking timeout

2023-11-24 13:30:38 - [MESSAGE][INFO] - Finding web element with id: 'Object Repository/Connexion Usager/Input_ConfirmePassword' located by 'By.xpath: //*/app-input[2]/div/div/input [@type = 'password']' in '5' second(s)

2023-11-24 13:30:38 - [MESSAGE][INFO] - Smart Wait Function is triggered

2023-11-24 13:30:38 - [MESSAGE][INFO] - Found 1 web elements with id: 'Object Repository/Connexion Usager/Input_ConfirmePassword' located by 'By.xpath: //*/app-input[2]/div/div/input [@type = 'password']' in '5' second(s)

2023-11-24 13:30:38 - [MESSAGE][INFO] - Setting text of object 'Object Repository/Connexion Usager/Input_ConfirmePassword' to value 'HHizaouihiza!'

2023-11-24 13:30:40 - [MESSAGE][PASSED] - Text 'HHizaouihiza!' is set on object 'Object Repository/Connexion Usager/Input_ConfirmePassword'

2023-11-24 13:30:40 - [TEST_STEP][PASSED] - click(findTestObject("Object Repository/Connexion Usager/btn_CreerMDP")): Object: 'Object Repository/Connexion Usager/btn_CreerMDP' is clicked on

2023-11-24 13:30:40 - [MESSAGE][INFO] - Finding Test Object 'Object Repository/Connexion Usager/btn_CreerMDP'

2023-11-24 13:30:40 - [MESSAGE][INFO] - Checking timeout

2023-11-24 13:30:40 - [MESSAGE][INFO] - Finding web element with id: 'Object Repository/Connexion Usager/btn_CreerMDP' located by 'By.xpath: //*/div/p-button/button [@type= 'button']' in '20' second(s)

2023-11-24 13:30:40 - [MESSAGE][INFO] - Smart Wait Function is triggered

2023-11-24 13:30:40 - [MESSAGE][INFO] - Found 1 web elements with id: 'Object Repository/Connexion Usager/btn_CreerMDP' located by 'By.xpath: //*/div/p-button/button [@type= 'button']' in '20' second(s)

2023-11-24 13:30:40 - [MESSAGE][INFO] - Checking object

2023-11-24 13:30:40 - [MESSAGE][INFO] - Checking timeout

2023-11-24 13:30:40 - [MESSAGE][INFO] - Finding web element from Test Object's properties

2023-11-24 13:30:40 - [MESSAGE][INFO] - Checking timeout

2023-11-24 13:30:40 - [MESSAGE][INFO] - Finding web element with id: 'Object Repository/Connexion Usager/btn_CreerMDP' located by 'By.xpath: //*/div/p-button/button [@type= 'button']' in '5' second(s)

2023-11-24 13:30:40 - [MESSAGE][INFO] - Smart Wait Function is triggered

2023-11-24 13:30:40 - [MESSAGE][INFO] - Found 1 web elements with id: 'Object Repository/Connexion Usager/btn_CreerMDP' located by 'By.xpath: //*/div/p-button/button [@type= 'button']' in '5' second(s)

2023-11-24 13:30:40 - [MESSAGE][INFO] - Clicking on object: 'Object Repository/Connexion Usager/btn_CreerMDP'

2023-11-24 13:30:42 - [MESSAGE][PASSED] - Object: 'Object Repository/Connexion Usager/btn_CreerMDP' is clicked on

2023-11-24 13:30:42 - [TEST_STEP][PASSED] - verifyElementPresent(findTestObject("Object Repository/Connexion Usager/div_MSG_FormatNonRespecte"), 1): Object 'Object Repository/Connexion Usager/div_MSG_FormatNonRespecte' is present

2023-11-24 13:30:42 - [MESSAGE][INFO] - Finding Test Object 'Object Repository/Connexion Usager/div_MSG_FormatNonRespecte'

2023-11-24 13:30:42 - [MESSAGE][INFO] - Checking object

2023-11-24 13:30:42 - [MESSAGE][INFO] - Finding web element from Test Object's properties

2023-11-24 13:30:42 - [MESSAGE][INFO] - Checking timeout

2023-11-24 13:30:42 - [MESSAGE][INFO] - Finding web element with id: 'Object Repository/Connexion Usager/div_MSG_FormatNonRespecte' located by 'By.xpath: //*/app-input[1]/div/div/div[1]/div[2]/div/span[2]' in '1' second(s)

2023-11-24 13:30:42 - [MESSAGE][INFO] - Smart Wait Function is triggered

2023-11-24 13:30:42 - [MESSAGE][INFO] - Found 1 web elements with id: 'Object Repository/Connexion Usager/div_MSG_FormatNonRespecte' located by 'By.xpath: //*/app-input[1]/div/div/div[1]/div[2]/div/span[2]' in '1' second(s)

2023-11-24 13:30:42 - [MESSAGE][PASSED] - Object 'Object Repository/Connexion Usager/div_MSG_FormatNonRespecte' is present

2023-11-24 13:30:42 - [TEST_STEP][PASSED] - println("Saisir 2 mots de passe différents"): null

2023-11-24 13:30:42 - [TEST_STEP][PASSED] - setText(findTestObject("Object Repository/Connexion Usager/Input_Password"), "HHizaoui001!"): Text 'HHizaoui001!' is set on object 'Object Repository/Connexion Usager/Input_Password'

2023-11-24 13:30:42 - [MESSAGE][INFO] - Finding Test Object 'Object Repository/Connexion Usager/Input_Password'

2023-11-24 13:30:43 - [MESSAGE][INFO] - Checking timeout

2023-11-24 13:30:43 - [MESSAGE][INFO] - Finding web element with id: 'Object Repository/Connexion Usager/Input_Password' located by 'By.xpath: //*/app-input[1]/div/div/input [@type = 'password']' in '20' second(s)

2023-11-24 13:30:43 - [MESSAGE][INFO] - Smart Wait Function is triggered

2023-11-24 13:30:43 - [MESSAGE][INFO] - Found 1 web elements with id: 'Object Repository/Connexion Usager/Input_Password' located by 'By.xpath: //*/app-input[1]/div/div/input [@type = 'password']' in '20' second(s)

2023-11-24 13:30:43 - [MESSAGE][INFO] - Checking object

2023-11-24 13:30:43 - [MESSAGE][INFO] - Checking text

2023-11-24 13:30:43 - [MESSAGE][INFO] - Finding web element from Test Object's properties

2023-11-24 13:30:43 - [MESSAGE][INFO] - Checking timeout

2023-11-24 13:30:43 - [MESSAGE][INFO] - Finding web element with id: 'Object Repository/Connexion Usager/Input_Password' located by 'By.xpath: //*/app-input[1]/div/div/input [@type = 'password']' in '5' second(s)

2023-11-24 13:30:43 - [MESSAGE][INFO] - Smart Wait Function is triggered

2023-11-24 13:30:43 - [MESSAGE][INFO] - Found 1 web elements with id: 'Object Repository/Connexion Usager/Input_Password' located by 'By.xpath: //*/app-input[1]/div/div/input [@type = 'password']' in '5' second(s)

2023-11-24 13:30:43 - [MESSAGE][INFO] - Clearing text of object 'Object Repository/Connexion Usager/Input_Password'

2023-11-24 13:30:45 - [MESSAGE][INFO] - Finding web element from Test Object's properties

2023-11-24 13:30:45 - [MESSAGE][INFO] - Checking timeout

2023-11-24 13:30:45 - [MESSAGE][INFO] - Finding web element with id: 'Object Repository/Connexion Usager/Input_Password' located by 'By.xpath: //*/app-input[1]/div/div/input [@type = 'password']' in '5' second(s)

2023-11-24 13:30:45 - [MESSAGE][INFO] - Smart Wait Function is triggered

2023-11-24 13:30:45 - [MESSAGE][INFO] - Found 1 web elements with id: 'Object Repository/Connexion Usager/Input_Password' located by 'By.xpath: //*/app-input[1]/div/div/input [@type = 'password']' in '5' second(s)

2023-11-24 13:30:45 - [MESSAGE][INFO] - Setting text of object 'Object Repository/Connexion Usager/Input_Password' to value 'HHizaoui001!'

2023-11-24 13:30:47 - [MESSAGE][PASSED] - Text 'HHizaoui001!' is set on object 'Object Repository/Connexion Usager/Input_Password'

2023-11-24 13:30:47 - [TEST_STEP][PASSED] - setText(findTestObject("Object Repository/Connexion Usager/Input_ConfirmePassword"), "HHizaoui001!def"): Text 'HHizaoui001!def' is set on object 'Object Repository/Connexion Usager/Input_ConfirmePassword'

2023-11-24 13:30:47 - [MESSAGE][INFO] - Finding Test Object 'Object Repository/Connexion Usager/Input_ConfirmePassword'

2023-11-24 13:30:47 - [MESSAGE][INFO] - Checking timeout

2023-11-24 13:30:47 - [MESSAGE][INFO] - Finding web element with id: 'Object Repository/Connexion Usager/Input_ConfirmePassword' located by 'By.xpath: //*/app-input[2]/div/div/input [@type = 'password']' in '20' second(s)

2023-11-24 13:30:47 - [MESSAGE][INFO] - Smart Wait Function is triggered

2023-11-24 13:30:47 - [MESSAGE][INFO] - Found 1 web elements with id: 'Object Repository/Connexion Usager/Input_ConfirmePassword' located by 'By.xpath: //*/app-input[2]/div/div/input [@type = 'password']' in '20' second(s)

2023-11-24 13:30:47 - [MESSAGE][INFO] - Checking object

2023-11-24 13:30:47 - [MESSAGE][INFO] - Checking text

2023-11-24 13:30:47 - [MESSAGE][INFO] - Finding web element from Test Object's properties

2023-11-24 13:30:47 - [MESSAGE][INFO] - Checking timeout

2023-11-24 13:30:47 - [MESSAGE][INFO] - Finding web element with id: 'Object Repository/Connexion Usager/Input_ConfirmePassword' located by 'By.xpath: //*/app-input[2]/div/div/input [@type = 'password']' in '5' second(s)

2023-11-24 13:30:47 - [MESSAGE][INFO] - Smart Wait Function is triggered

2023-11-24 13:30:47 - [MESSAGE][INFO] - Found 1 web elements with id: 'Object Repository/Connexion Usager/Input_ConfirmePassword' located by 'By.xpath: //*/app-input[2]/div/div/input [@type = 'password']' in '5' second(s)

2023-11-24 13:30:47 - [MESSAGE][INFO] - Clearing text of object 'Object Repository/Connexion Usager/Input_ConfirmePassword'

2023-11-24 13:30:49 - [MESSAGE][INFO] - Finding web element from Test Object's properties

2023-11-24 13:30:49 - [MESSAGE][INFO] - Checking timeout

2023-11-24 13:30:49 - [MESSAGE][INFO] - Finding web element with id: 'Object Repository/Connexion Usager/Input_ConfirmePassword' located by 'By.xpath: //*/app-input[2]/div/div/input [@type = 'password']' in '5' second(s)

2023-11-24 13:30:49 - [MESSAGE][INFO] - Smart Wait Function is triggered

2023-11-24 13:30:49 - [MESSAGE][INFO] - Found 1 web elements with id: 'Object Repository/Connexion Usager/Input_ConfirmePassword' located by 'By.xpath: //*/app-input[2]/div/div/input [@type = 'password']' in '5' second(s)

2023-11-24 13:30:49 - [MESSAGE][INFO] - Setting text of object 'Object Repository/Connexion Usager/Input_ConfirmePassword' to value 'HHizaoui001!def'

2023-11-24 13:30:51 - [MESSAGE][PASSED] - Text 'HHizaoui001!def' is set on object 'Object Repository/Connexion Usager/Input_ConfirmePassword'

2023-11-24 13:30:51 - [TEST_STEP][PASSED] - click(findTestObject("Object Repository/Connexion Usager/btn_CreerMDP")): Object: 'Object Repository/Connexion Usager/btn_CreerMDP' is clicked on

2023-11-24 13:30:51 - [MESSAGE][INFO] - Finding Test Object 'Object Repository/Connexion Usager/btn_CreerMDP'

2023-11-24 13:30:51 - [MESSAGE][INFO] - Checking timeout

2023-11-24 13:30:51 - [MESSAGE][INFO] - Finding web element with id: 'Object Repository/Connexion Usager/btn_CreerMDP' located by 'By.xpath: //*/div/p-button/button [@type= 'button']' in '20' second(s)

2023-11-24 13:30:51 - [MESSAGE][INFO] - Smart Wait Function is triggered

2023-11-24 13:30:52 - [MESSAGE][INFO] - Found 1 web elements with id: 'Object Repository/Connexion Usager/btn_CreerMDP' located by 'By.xpath: //*/div/p-button/button [@type= 'button']' in '20' second(s)

2023-11-24 13:30:52 - [MESSAGE][INFO] - Checking object

2023-11-24 13:30:52 - [MESSAGE][INFO] - Checking timeout

2023-11-24 13:30:52 - [MESSAGE][INFO] - Finding web element from Test Object's properties

2023-11-24 13:30:52 - [MESSAGE][INFO] - Checking timeout

2023-11-24 13:30:52 - [MESSAGE][INFO] - Finding web element with id: 'Object Repository/Connexion Usager/btn_CreerMDP' located by 'By.xpath: //*/div/p-button/button [@type= 'button']' in '5' second(s)

2023-11-24 13:30:52 - [MESSAGE][INFO] - Smart Wait Function is triggered

2023-11-24 13:30:52 - [MESSAGE][INFO] - Found 1 web elements with id: 'Object Repository/Connexion Usager/btn_CreerMDP' located by 'By.xpath: //*/div/p-button/button [@type= 'button']' in '5' second(s)

2023-11-24 13:30:52 - [MESSAGE][INFO] - Clicking on object: 'Object Repository/Connexion Usager/btn_CreerMDP'

2023-11-24 13:30:54 - [MESSAGE][PASSED] - Object: 'Object Repository/Connexion Usager/btn_CreerMDP' is clicked on

2023-11-24 13:30:54 - [TEST_STEP][PASSED] - verifyElementPresent(findTestObject("Object Repository/Connexion Usager/div_ MSG_ChampsDoiventEtreIdentiques"), 1): Object 'Object Repository/Connexion Usager/div_ MSG_ChampsDoiventEtreIdentiques' is present

2023-11-24 13:30:54 - [MESSAGE][INFO] - Finding Test Object 'Object Repository/Connexion Usager/div_ MSG_ChampsDoiventEtreIdentiques'

2023-11-24 13:30:54 - [MESSAGE][INFO] - Checking object

2023-11-24 13:30:54 - [MESSAGE][INFO] - Finding web element from Test Object's properties

2023-11-24 13:30:54 - [MESSAGE][INFO] - Checking timeout

2023-11-24 13:30:54 - [MESSAGE][INFO] - Finding web element with id: 'Object Repository/Connexion Usager/div_ MSG_ChampsDoiventEtreIdentiques' located by 'By.xpath: //*/div[2]/div/div[1]/p/span' in '1' second(s)

2023-11-24 13:30:54 - [MESSAGE][INFO] - Smart Wait Function is triggered

2023-11-24 13:30:54 - [MESSAGE][INFO] - Found 1 web elements with id: 'Object Repository/Connexion Usager/div_ MSG_ChampsDoiventEtreIdentiques' located by 'By.xpath: //*/div[2]/div/div[1]/p/span' in '1' second(s)

2023-11-24 13:30:54 - [MESSAGE][PASSED] - Object 'Object Repository/Connexion Usager/div_ MSG_ChampsDoiventEtreIdentiques' is present

2023-11-24 13:30:54 - [TEST_STEP][PASSED] - println("Créer un mot de passe moins de 12 caractères"): null

2023-11-24 13:30:54 - [TEST_STEP][PASSED] - setText(findTestObject("Object Repository/Connexion Usager/Input_Password"), "HHiza001!"): Text 'HHiza001!' is set on object 'Object Repository/Connexion Usager/Input_Password'

2023-11-24 13:30:54 - [MESSAGE][INFO] - Finding Test Object 'Object Repository/Connexion Usager/Input_Password'

2023-11-24 13:30:54 - [MESSAGE][INFO] - Checking timeout

2023-11-24 13:30:54 - [MESSAGE][INFO] - Finding web element with id: 'Object Repository/Connexion Usager/Input_Password' located by 'By.xpath: //*/app-input[1]/div/div/input [@type = 'password']' in '20' second(s)

2023-11-24 13:30:54 - [MESSAGE][INFO] - Smart Wait Function is triggered

2023-11-24 13:30:54 - [MESSAGE][INFO] - Found 1 web elements with id: 'Object Repository/Connexion Usager/Input_Password' located by 'By.xpath: //*/app-input[1]/div/div/input [@type = 'password']' in '20' second(s)

2023-11-24 13:30:54 - [MESSAGE][INFO] - Checking object

2023-11-24 13:30:54 - [MESSAGE][INFO] - Checking text

2023-11-24 13:30:54 - [MESSAGE][INFO] - Finding web element from Test Object's properties

2023-11-24 13:30:54 - [MESSAGE][INFO] - Checking timeout

2023-11-24 13:30:54 - [MESSAGE][INFO] - Finding web element with id: 'Object Repository/Connexion Usager/Input_Password' located by 'By.xpath: //*/app-input[1]/div/div/input [@type = 'password']' in '5' second(s)

2023-11-24 13:30:54 - [MESSAGE][INFO] - Smart Wait Function is triggered

2023-11-24 13:30:54 - [MESSAGE][INFO] - Found 1 web elements with id: 'Object Repository/Connexion Usager/Input_Password' located by 'By.xpath: //*/app-input[1]/div/div/input [@type = 'password']' in '5' second(s)

2023-11-24 13:30:54 - [MESSAGE][INFO] - Clearing text of object 'Object Repository/Connexion Usager/Input_Password'

2023-11-24 13:30:56 - [MESSAGE][INFO] - Finding web element from Test Object's properties

2023-11-24 13:30:56 - [MESSAGE][INFO] - Checking timeout

2023-11-24 13:30:56 - [MESSAGE][INFO] - Finding web element with id: 'Object Repository/Connexion Usager/Input_Password' located by 'By.xpath: //*/app-input[1]/div/div/input [@type = 'password']' in '5' second(s)

2023-11-24 13:30:56 - [MESSAGE][INFO] - Smart Wait Function is triggered

2023-11-24 13:30:56 - [MESSAGE][INFO] - Found 1 web elements with id: 'Object Repository/Connexion Usager/Input_Password' located by 'By.xpath: //*/app-input[1]/div/div/input [@type = 'password']' in '5' second(s)

2023-11-24 13:30:56 - [MESSAGE][INFO] - Setting text of object 'Object Repository/Connexion Usager/Input_Password' to value 'HHiza001!'

2023-11-24 13:30:58 - [MESSAGE][PASSED] - Text 'HHiza001!' is set on object 'Object Repository/Connexion Usager/Input_Password'

2023-11-24 13:30:58 - [TEST_STEP][PASSED] - setText(findTestObject("Object Repository/Connexion Usager/Input_ConfirmePassword"), "HHiza001!"): Text 'HHiza001!' is set on object 'Object Repository/Connexion Usager/Input_ConfirmePassword'

2023-11-24 13:30:58 - [MESSAGE][INFO] - Finding Test Object 'Object Repository/Connexion Usager/Input_ConfirmePassword'

2023-11-24 13:30:58 - [MESSAGE][INFO] - Checking timeout

2023-11-24 13:30:58 - [MESSAGE][INFO] - Finding web element with id: 'Object Repository/Connexion Usager/Input_ConfirmePassword' located by 'By.xpath: //*/app-input[2]/div/div/input [@type = 'password']' in '20' second(s)

2023-11-24 13:30:58 - [MESSAGE][INFO] - Smart Wait Function is triggered

2023-11-24 13:30:58 - [MESSAGE][INFO] - Found 1 web elements with id: 'Object Repository/Connexion Usager/Input_ConfirmePassword' located by 'By.xpath: //*/app-input[2]/div/div/input [@type = 'password']' in '20' second(s)

2023-11-24 13:30:58 - [MESSAGE][INFO] - Checking object

2023-11-24 13:30:58 - [MESSAGE][INFO] - Checking text

2023-11-24 13:30:58 - [MESSAGE][INFO] - Finding web element from Test Object's properties

2023-11-24 13:30:58 - [MESSAGE][INFO] - Checking timeout

2023-11-24 13:30:58 - [MESSAGE][INFO] - Finding web element with id: 'Object Repository/Connexion Usager/Input_ConfirmePassword' located by 'By.xpath: //*/app-input[2]/div/div/input [@type = 'password']' in '5' second(s)

2023-11-24 13:30:58 - [MESSAGE][INFO] - Smart Wait Function is triggered

2023-11-24 13:30:58 - [MESSAGE][INFO] - Found 1 web elements with id: 'Object Repository/Connexion Usager/Input_ConfirmePassword' located by 'By.xpath: //*/app-input[2]/div/div/input [@type = 'password']' in '5' second(s)

2023-11-24 13:30:58 - [MESSAGE][INFO] - Clearing text of object 'Object Repository/Connexion Usager/Input_ConfirmePassword'

2023-11-24 13:31:00 - [MESSAGE][INFO] - Finding web element from Test Object's properties

2023-11-24 13:31:00 - [MESSAGE][INFO] - Checking timeout

2023-11-24 13:31:00 - [MESSAGE][INFO] - Finding web element with id: 'Object Repository/Connexion Usager/Input_ConfirmePassword' located by 'By.xpath: //*/app-input[2]/div/div/input [@type = 'password']' in '5' second(s)

2023-11-24 13:31:00 - [MESSAGE][INFO] - Smart Wait Function is triggered

2023-11-24 13:31:00 - [MESSAGE][INFO] - Found 1 web elements with id: 'Object Repository/Connexion Usager/Input_ConfirmePassword' located by 'By.xpath: //*/app-input[2]/div/div/input [@type = 'password']' in '5' second(s)

2023-11-24 13:31:00 - [MESSAGE][INFO] - Setting text of object 'Object Repository/Connexion Usager/Input_ConfirmePassword' to value 'HHiza001!'

2023-11-24 13:31:03 - [MESSAGE][PASSED] - Text 'HHiza001!' is set on object 'Object Repository/Connexion Usager/Input_ConfirmePassword'

2023-11-24 13:31:03 - [TEST_STEP][PASSED] - click(findTestObject("Object Repository/Connexion Usager/btn_CreerMDP")): Object: 'Object Repository/Connexion Usager/btn_CreerMDP' is clicked on

2023-11-24 13:31:03 - [MESSAGE][INFO] - Finding Test Object 'Object Repository/Connexion Usager/btn_CreerMDP'

2023-11-24 13:31:03 - [MESSAGE][INFO] - Checking timeout

2023-11-24 13:31:03 - [MESSAGE][INFO] - Finding web element with id: 'Object Repository/Connexion Usager/btn_CreerMDP' located by 'By.xpath: //*/div/p-button/button [@type= 'button']' in '20' second(s)

2023-11-24 13:31:03 - [MESSAGE][INFO] - Smart Wait Function is triggered

2023-11-24 13:31:03 - [MESSAGE][INFO] - Found 1 web elements with id: 'Object Repository/Connexion Usager/btn_CreerMDP' located by 'By.xpath: //*/div/p-button/button [@type= 'button']' in '20' second(s)

2023-11-24 13:31:03 - [MESSAGE][INFO] - Checking object

2023-11-24 13:31:03 - [MESSAGE][INFO] - Checking timeout

2023-11-24 13:31:03 - [MESSAGE][INFO] - Finding web element from Test Object's properties

2023-11-24 13:31:03 - [MESSAGE][INFO] - Checking timeout

2023-11-24 13:31:03 - [MESSAGE][INFO] - Finding web element with id: 'Object Repository/Connexion Usager/btn_CreerMDP' located by 'By.xpath: //*/div/p-button/button [@type= 'button']' in '5' second(s)

2023-11-24 13:31:03 - [MESSAGE][INFO] - Smart Wait Function is triggered

2023-11-24 13:31:03 - [MESSAGE][INFO] - Found 1 web elements with id: 'Object Repository/Connexion Usager/btn_CreerMDP' located by 'By.xpath: //*/div/p-button/button [@type= 'button']' in '5' second(s)

2023-11-24 13:31:03 - [MESSAGE][INFO] - Clicking on object: 'Object Repository/Connexion Usager/btn_CreerMDP'

2023-11-24 13:31:05 - [MESSAGE][PASSED] - Object: 'Object Repository/Connexion Usager/btn_CreerMDP' is clicked on

2023-11-24 13:31:05 - [TEST_STEP][PASSED] - verifyElementPresent(findTestObject("Object Repository/Connexion Usager/div_MSG_FormatNonRespecte"), 1): Object 'Object Repository/Connexion Usager/div_MSG_FormatNonRespecte' is present

2023-11-24 13:31:05 - [MESSAGE][INFO] - Finding Test Object 'Object Repository/Connexion Usager/div_MSG_FormatNonRespecte'

2023-11-24 13:31:05 - [MESSAGE][INFO] - Checking object

2023-11-24 13:31:05 - [MESSAGE][INFO] - Finding web element from Test Object's properties

2023-11-24 13:31:05 - [MESSAGE][INFO] - Checking timeout

2023-11-24 13:31:05 - [MESSAGE][INFO] - Finding web element with id: 'Object Repository/Connexion Usager/div_MSG_FormatNonRespecte' located by 'By.xpath: //*/app-input[1]/div/div/div[1]/div[2]/div/span[2]' in '1' second(s)

2023-11-24 13:31:05 - [MESSAGE][INFO] - Smart Wait Function is triggered

2023-11-24 13:31:05 - [MESSAGE][INFO] - Found 1 web elements with id: 'Object Repository/Connexion Usager/div_MSG_FormatNonRespecte' located by 'By.xpath: //*/app-input[1]/div/div/div[1]/div[2]/div/span[2]' in '1' second(s)

2023-11-24 13:31:05 - [MESSAGE][PASSED] - Object 'Object Repository/Connexion Usager/div_MSG_FormatNonRespecte' is present

2023-11-24 13:31:05 - [MESSAGE][PASSED] - Call Test Case 'Test Cases/Test Reutilisable/Main/Verif_FormatNewPW' successfully

2023-11-24 13:31:05 - [TEST_STEP][PASSED] - setEncryptedText(findTestObject("Object Repository/Connexion Usager/Input_Password"), Password): Text ****** has been set on object 'Object Repository/Connexion Usager/Input_Password'

2023-11-24 13:31:05 - [MESSAGE][INFO] - Finding Test Object 'Object Repository/Connexion Usager/Input_Password'

2023-11-24 13:31:05 - [MESSAGE][INFO] - Checking timeout

2023-11-24 13:31:05 - [MESSAGE][INFO] - Finding web element with id: 'Object Repository/Connexion Usager/Input_Password' located by 'By.xpath: //*/app-input[1]/div/div/input [@type = 'password']' in '20' second(s)

2023-11-24 13:31:05 - [MESSAGE][INFO] - Smart Wait Function is triggered

2023-11-24 13:31:05 - [MESSAGE][INFO] - Found 1 web elements with id: 'Object Repository/Connexion Usager/Input_Password' located by 'By.xpath: //*/app-input[1]/div/div/input [@type = 'password']' in '20' second(s)

2023-11-24 13:31:05 - [MESSAGE][INFO] - Checking object

2023-11-24 13:31:05 - [MESSAGE][INFO] - Checking text

2023-11-24 13:31:05 - [MESSAGE][INFO] - Finding web element from Test Object's properties

2023-11-24 13:31:05 - [MESSAGE][INFO] - Checking timeout

2023-11-24 13:31:05 - [MESSAGE][INFO] - Finding web element with id: 'Object Repository/Connexion Usager/Input_Password' located by 'By.xpath: //*/app-input[1]/div/div/input [@type = 'password']' in '5' second(s)

2023-11-24 13:31:05 - [MESSAGE][INFO] - Smart Wait Function is triggered

2023-11-24 13:31:05 - [MESSAGE][INFO] - Found 1 web elements with id: 'Object Repository/Connexion Usager/Input_Password' located by 'By.xpath: //*/app-input[1]/div/div/input [@type = 'password']' in '5' second(s)

2023-11-24 13:31:05 - [MESSAGE][INFO] - Clearing text of object 'Object Repository/Connexion Usager/Input_Password'

2023-11-24 13:31:07 - [MESSAGE][INFO] - Setting  text of object 'Object Repository/Connexion Usager/Input_Password' to value ******

2023-11-24 13:31:09 - [MESSAGE][PASSED] - Text ****** has been set on object 'Object Repository/Connexion Usager/Input_Password'

2023-11-24 13:31:09 - [TEST_STEP][PASSED] - setEncryptedText(findTestObject("Object Repository/Connexion Usager/Input_ConfirmePassword"), Password): Text ****** has been set on object 'Object Repository/Connexion Usager/Input_ConfirmePassword'

2023-11-24 13:31:09 - [MESSAGE][INFO] - Finding Test Object 'Object Repository/Connexion Usager/Input_ConfirmePassword'

2023-11-24 13:31:09 - [MESSAGE][INFO] - Checking timeout

2023-11-24 13:31:09 - [MESSAGE][INFO] - Finding web element with id: 'Object Repository/Connexion Usager/Input_ConfirmePassword' located by 'By.xpath: //*/app-input[2]/div/div/input [@type = 'password']' in '20' second(s)

2023-11-24 13:31:09 - [MESSAGE][INFO] - Smart Wait Function is triggered

2023-11-24 13:31:10 - [MESSAGE][INFO] - Found 1 web elements with id: 'Object Repository/Connexion Usager/Input_ConfirmePassword' located by 'By.xpath: //*/app-input[2]/div/div/input [@type = 'password']' in '20' second(s)

2023-11-24 13:31:10 - [MESSAGE][INFO] - Checking object

2023-11-24 13:31:10 - [MESSAGE][INFO] - Checking text

2023-11-24 13:31:10 - [MESSAGE][INFO] - Finding web element from Test Object's properties

2023-11-24 13:31:10 - [MESSAGE][INFO] - Checking timeout

2023-11-24 13:31:10 - [MESSAGE][INFO] - Finding web element with id: 'Object Repository/Connexion Usager/Input_ConfirmePassword' located by 'By.xpath: //*/app-input[2]/div/div/input [@type = 'password']' in '5' second(s)

2023-11-24 13:31:10 - [MESSAGE][INFO] - Smart Wait Function is triggered

2023-11-24 13:31:10 - [MESSAGE][INFO] - Found 1 web elements with id: 'Object Repository/Connexion Usager/Input_ConfirmePassword' located by 'By.xpath: //*/app-input[2]/div/div/input [@type = 'password']' in '5' second(s)

2023-11-24 13:31:10 - [MESSAGE][INFO] - Clearing text of object 'Object Repository/Connexion Usager/Input_ConfirmePassword'

2023-11-24 13:31:12 - [MESSAGE][INFO] - Setting  text of object 'Object Repository/Connexion Usager/Input_ConfirmePassword' to value ******

2023-11-24 13:31:14 - [MESSAGE][PASSED] - Text ****** has been set on object 'Object Repository/Connexion Usager/Input_ConfirmePassword'

2023-11-24 13:31:14 - [TEST_STEP][PASSED] - click(findTestObject("Object Repository/Connexion Usager/btn_CreerMDP")): Object: 'Object Repository/Connexion Usager/btn_CreerMDP' is clicked on

2023-11-24 13:31:14 - [MESSAGE][INFO] - Finding Test Object 'Object Repository/Connexion Usager/btn_CreerMDP'

2023-11-24 13:31:14 - [MESSAGE][INFO] - Checking timeout

2023-11-24 13:31:14 - [MESSAGE][INFO] - Finding web element with id: 'Object Repository/Connexion Usager/btn_CreerMDP' located by 'By.xpath: //*/div/p-button/button [@type= 'button']' in '20' second(s)

2023-11-24 13:31:14 - [MESSAGE][INFO] - Smart Wait Function is triggered

2023-11-24 13:31:14 - [MESSAGE][INFO] - Found 1 web elements with id: 'Object Repository/Connexion Usager/btn_CreerMDP' located by 'By.xpath: //*/div/p-button/button [@type= 'button']' in '20' second(s)

2023-11-24 13:31:14 - [MESSAGE][INFO] - Checking object

2023-11-24 13:31:14 - [MESSAGE][INFO] - Checking timeout

2023-11-24 13:31:14 - [MESSAGE][INFO] - Finding web element from Test Object's properties

2023-11-24 13:31:14 - [MESSAGE][INFO] - Checking timeout

2023-11-24 13:31:14 - [MESSAGE][INFO] - Finding web element with id: 'Object Repository/Connexion Usager/btn_CreerMDP' located by 'By.xpath: //*/div/p-button/button [@type= 'button']' in '5' second(s)

2023-11-24 13:31:14 - [MESSAGE][INFO] - Smart Wait Function is triggered

2023-11-24 13:31:14 - [MESSAGE][INFO] - Found 1 web elements with id: 'Object Repository/Connexion Usager/btn_CreerMDP' located by 'By.xpath: //*/div/p-button/button [@type= 'button']' in '5' second(s)

2023-11-24 13:31:14 - [MESSAGE][INFO] - Clicking on object: 'Object Repository/Connexion Usager/btn_CreerMDP'

2023-11-24 13:31:16 - [MESSAGE][PASSED] - Object: 'Object Repository/Connexion Usager/btn_CreerMDP' is clicked on

2023-11-24 13:31:16 - [TEST_STEP][PASSED] - click(findTestObject("Object Repository/Connexion Usager/btn_span_RetourAccueil")): Object: 'Object Repository/Connexion Usager/btn_span_RetourAccueil' is clicked on

2023-11-24 13:31:16 - [MESSAGE][INFO] - Finding Test Object 'Object Repository/Connexion Usager/btn_span_RetourAccueil'

2023-11-24 13:31:16 - [MESSAGE][INFO] - Checking timeout

2023-11-24 13:31:16 - [MESSAGE][INFO] - Finding web element with id: 'Object Repository/Connexion Usager/btn_span_RetourAccueil' located by 'By.xpath: (.//*[normalize-space(text()) and normalize-space(.)='CRÉATION DE COMPTE'])[1]/following::span[2]' in '20' second(s)

2023-11-24 13:31:16 - [MESSAGE][INFO] - Smart Wait Function is triggered

2023-11-24 13:31:16 - [MESSAGE][INFO] - Smart Wait Function is triggered

2023-11-24 13:31:16 - [MESSAGE][INFO] - Smart Wait Function is triggered

2023-11-24 13:31:16 - [MESSAGE][INFO] - Smart Wait Function is triggered

2023-11-24 13:31:16 - [MESSAGE][INFO] - Smart Wait Function is triggered

2023-11-24 13:31:16 - [MESSAGE][INFO] - Smart Wait Function is triggered

2023-11-24 13:31:16 - [MESSAGE][INFO] - Smart Wait Function is triggered

2023-11-24 13:31:16 - [MESSAGE][INFO] - Smart Wait Function is triggered

2023-11-24 13:31:16 - [MESSAGE][INFO] - Smart Wait Function is triggered

2023-11-24 13:31:16 - [MESSAGE][INFO] - Smart Wait Function is triggered

2023-11-24 13:31:16 - [MESSAGE][INFO] - Smart Wait Function is triggered

2023-11-24 13:31:16 - [MESSAGE][INFO] - Smart Wait Function is triggered

2023-11-24 13:31:17 - [MESSAGE][INFO] - Smart Wait Function is triggered

2023-11-24 13:31:17 - [MESSAGE][INFO] - Smart Wait Function is triggered

2023-11-24 13:31:17 - [MESSAGE][INFO] - Smart Wait Function is triggered

2023-11-24 13:31:17 - [MESSAGE][INFO] - Smart Wait Function is triggered

2023-11-24 13:31:17 - [MESSAGE][INFO] - Smart Wait Function is triggered

2023-11-24 13:31:17 - [MESSAGE][INFO] - Smart Wait Function is triggered

2023-11-24 13:31:17 - [MESSAGE][INFO] - Smart Wait Function is triggered

2023-11-24 13:31:17 - [MESSAGE][INFO] - Smart Wait Function is triggered

2023-11-24 13:31:17 - [MESSAGE][INFO] - Smart Wait Function is triggered

2023-11-24 13:31:17 - [MESSAGE][INFO] - Smart Wait Function is triggered

2023-11-24 13:31:17 - [MESSAGE][INFO] - Smart Wait Function is triggered

2023-11-24 13:31:17 - [MESSAGE][INFO] - Smart Wait Function is triggered

2023-11-24 13:31:17 - [MESSAGE][INFO] - Smart Wait Function is triggered

2023-11-24 13:31:17 - [MESSAGE][INFO] - Smart Wait Function is triggered

2023-11-24 13:31:17 - [MESSAGE][INFO] - Smart Wait Function is triggered

2023-11-24 13:31:17 - [MESSAGE][INFO] - Smart Wait Function is triggered

2023-11-24 13:31:17 - [MESSAGE][INFO] - Smart Wait Function is triggered

2023-11-24 13:31:17 - [MESSAGE][INFO] - Smart Wait Function is triggered

2023-11-24 13:31:17 - [MESSAGE][INFO] - Smart Wait Function is triggered

2023-11-24 13:31:17 - [MESSAGE][INFO] - Smart Wait Function is triggered

2023-11-24 13:31:17 - [MESSAGE][INFO] - Smart Wait Function is triggered

2023-11-24 13:31:17 - [MESSAGE][INFO] - Smart Wait Function is triggered

2023-11-24 13:31:17 - [MESSAGE][INFO] - Smart Wait Function is triggered

2023-11-24 13:31:17 - [MESSAGE][INFO] - Smart Wait Function is triggered

2023-11-24 13:31:17 - [MESSAGE][INFO] - Smart Wait Function is triggered

2023-11-24 13:31:17 - [MESSAGE][INFO] - Smart Wait Function is triggered

2023-11-24 13:31:17 - [MESSAGE][INFO] - Smart Wait Function is triggered

2023-11-24 13:31:17 - [MESSAGE][INFO] - Smart Wait Function is triggered

2023-11-24 13:31:17 - [MESSAGE][INFO] - Smart Wait Function is triggered

2023-11-24 13:31:17 - [MESSAGE][INFO] - Smart Wait Function is triggered

2023-11-24 13:31:18 - [MESSAGE][INFO] - Smart Wait Function is triggered

2023-11-24 13:31:18 - [MESSAGE][INFO] - Found 1 web elements with id: 'Object Repository/Connexion Usager/btn_span_RetourAccueil' located by 'By.xpath: (.//*[normalize-space(text()) and normalize-space(.)='CRÉATION DE COMPTE'])[1]/following::span[2]' in '20' second(s)

2023-11-24 13:31:18 - [MESSAGE][INFO] - Checking object

2023-11-24 13:31:18 - [MESSAGE][INFO] - Checking timeout

2023-11-24 13:31:18 - [MESSAGE][INFO] - Finding web element from Test Object's properties

2023-11-24 13:31:18 - [MESSAGE][INFO] - Checking timeout

2023-11-24 13:31:18 - [MESSAGE][INFO] - Finding web element with id: 'Object Repository/Connexion Usager/btn_span_RetourAccueil' located by 'By.xpath: (.//*[normalize-space(text()) and normalize-space(.)='CRÉATION DE COMPTE'])[1]/following::span[2]' in '5' second(s)

2023-11-24 13:31:18 - [MESSAGE][INFO] - Smart Wait Function is triggered

2023-11-24 13:31:18 - [MESSAGE][INFO] - Found 1 web elements with id: 'Object Repository/Connexion Usager/btn_span_RetourAccueil' located by 'By.xpath: (.//*[normalize-space(text()) and normalize-space(.)='CRÉATION DE COMPTE'])[1]/following::span[2]' in '5' second(s)

2023-11-24 13:31:18 - [MESSAGE][INFO] - Clicking on object: 'Object Repository/Connexion Usager/btn_span_RetourAccueil'

2023-11-24 13:31:20 - [MESSAGE][PASSED] - Object: 'Object Repository/Connexion Usager/btn_span_RetourAccueil' is clicked on

2023-11-24 13:31:20 - [TEST_STEP][PASSED] - waitForPageLoad(5): Wait for page load successfully

2023-11-24 13:31:20 - [MESSAGE][INFO] - Checking timeout

2023-11-24 13:31:20 - [MESSAGE][PASSED] - Wait for page load successfully

2023-11-24 13:31:20 - [MESSAGE][PASSED] - Call Test Case 'Test Cases/Test Reutilisable/Main/Creer Votre Compte' successfully

2023-11-24 13:31:20 - [TEST_STEP][ERROR] - if (StopTestCase == false): Test Cases/Cas D Utilisations/Usager Etudiant/TNR R.TSPT Supp90-Etudiant FAILED.
Reason:
com.kms.katalon.core.exception.StepErrorException: Call Test Case 'Test Cases/Test Reutilisable/DemandeOuRenouvelle_TitreSejour/FormulaireJustificatifs' failed because of error(s)
	at com.kms.katalon.core.keyword.builtin.CallTestCaseKeyword$_callTestCase_closure1.doCall(CallTestCaseKeyword.groovy:66)
	at com.kms.katalon.core.keyword.builtin.CallTestCaseKeyword$_callTestCase_closure1.call(CallTestCaseKeyword.groovy)
	at com.kms.katalon.core.keyword.internal.KeywordMain.runKeyword(KeywordMain.groovy:75)
	at com.kms.katalon.core.keyword.builtin.CallTestCaseKeyword.callTestCase(CallTestCaseKeyword.groovy:81)
	at com.kms.katalon.core.keyword.builtin.CallTestCaseKeyword.execute(CallTestCaseKeyword.groovy:44)
	at com.kms.katalon.core.keyword.internal.KeywordExecutor.executeKeywordForPlatform(KeywordExecutor.groovy:74)
	at com.kms.katalon.core.keyword.BuiltinKeywords.callTestCase(BuiltinKeywords.groovy:310)
	at com.kazurayam.ksbackyard.HighlightElement$_pandemic_closure1.doCall(HighlightElement.groovy:105)
	at TNR R.TSPT Supp90-Etudiant.run(TNR R.TSPT Supp90-Etudiant:62)
	at com.kms.katalon.core.main.ScriptEngine.run(ScriptEngine.java:194)
	at com.kms.katalon.core.main.ScriptEngine.runScriptAsRawText(ScriptEngine.java:119)
	at com.kms.katalon.core.main.TestCaseExecutor.runScript(TestCaseExecutor.java:448)
	at com.kms.katalon.core.main.TestCaseExecutor.doExecute(TestCaseExecutor.java:439)
	at com.kms.katalon.core.main.TestCaseExecutor.processExecutionPhase(TestCaseExecutor.java:418)
	at com.kms.katalon.core.main.TestCaseExecutor.accessMainPhase(TestCaseExecutor.java:410)
	at com.kms.katalon.core.main.TestCaseExecutor.execute(TestCaseExecutor.java:285)
	at com.kms.katalon.core.common.CommonExecutor.accessTestCaseMainPhase(CommonExecutor.java:65)
	at com.kms.katalon.core.main.TestSuiteExecutor.accessTestSuiteMainPhase(TestSuiteExecutor.java:148)
	at com.kms.katalon.core.main.TestSuiteExecutor.execute(TestSuiteExecutor.java:106)
	at com.kms.katalon.core.main.TestCaseMain.startTestSuite(TestCaseMain.java:187)
	at com.kms.katalon.core.main.TestCaseMain$startTestSuite$0.call(Unknown Source)
	at TempTestSuite1700828856047.run(TempTestSuite1700828856047.groovy:36)
Caused by: groovy.lang.MissingPropertyException: No such property: f for class: Script1695813884754
	at FormulaireJustificatifs.run(FormulaireJustificatifs:187)
	at com.kms.katalon.core.main.ScriptEngine.run(ScriptEngine.java:194)
	at com.kms.katalon.core.main.ScriptEngine.runScriptAsRawText(ScriptEngine.java:119)
	at com.kms.katalon.core.main.TestCaseExecutor.runScript(TestCaseExecutor.java:448)
	at com.kms.katalon.core.main.TestCaseExecutor.doExecute(TestCaseExecutor.java:439)
	at com.kms.katalon.core.main.TestCaseExecutor.processExecutionPhase(TestCaseExecutor.java:418)
	at com.kms.katalon.core.main.TestCaseExecutor.accessMainPhase(TestCaseExecutor.java:410)
	at com.kms.katalon.core.main.TestCaseExecutor.execute(TestCaseExecutor.java:285)
	at com.kms.katalon.core.main.TestCaseMain.runTestCase(TestCaseMain.java:144)
	at com.kms.katalon.core.keyword.builtin.CallTestCaseKeyword$_callTestCase_closure1.doCall(CallTestCaseKeyword.groovy:59)
	... 21 more


2023-11-24 13:31:20 - [TEST_STEP][PASSED] - callTestCase(findTestCase("Test Reutilisable/Main/Identification"), ["Profiles":"Usager", "NumEtrangerVisa":NumEtrangerVisa], STOP_ON_FAILURE): Call Test Case 'Test Cases/Test Reutilisable/Main/Identification' successfully

2023-11-24 13:31:20 - [MESSAGE][INFO] - Checking called Test Case

2023-11-24 13:31:20 - [MESSAGE][INFO] - Starting to call Test Case 'Test Cases/Test Reutilisable/Main/Identification'

2023-11-24 13:31:20 - [TEST_CASE][PASSED] - Test Cases/Test Reutilisable/Main/Identification: Test Cases/Test Reutilisable/Main/Identification

2023-11-24 13:31:21 - [TEST_STEP][PASSED] - if (Profiles == "Usager"): Object 'Object Repository/Page_Accueil_Usager/Span_MesNotifications' is present

2023-11-24 13:31:21 - [TEST_STEP][PASSED] - delay(5): Delayed 5 second(s)

2023-11-24 13:31:21 - [MESSAGE][INFO] - Delaying browser in 5 second(s)

2023-11-24 13:31:26 - [MESSAGE][PASSED] - Delayed 5 second(s)

2023-11-24 13:31:26 - [TEST_STEP][PASSED] - click(findTestObject("Object Repository/Connexion Usager/Link_Se Connecter")): Object: 'Object Repository/Connexion Usager/Link_Se Connecter' is clicked on

2023-11-24 13:31:26 - [MESSAGE][INFO] - Finding Test Object 'Object Repository/Connexion Usager/Link_Se Connecter'

2023-11-24 13:31:26 - [MESSAGE][INFO] - Checking timeout

2023-11-24 13:31:26 - [MESSAGE][INFO] - Finding web element with id: 'Object Repository/Connexion Usager/Link_Se Connecter' located by 'By.xpath: //*[@id="connexion_link"]' in '20' second(s)

2023-11-24 13:31:26 - [MESSAGE][INFO] - Smart Wait Function is triggered

2023-11-24 13:31:26 - [MESSAGE][INFO] - Found 1 web elements with id: 'Object Repository/Connexion Usager/Link_Se Connecter' located by 'By.xpath: //*[@id="connexion_link"]' in '20' second(s)

2023-11-24 13:31:26 - [MESSAGE][INFO] - Checking object

2023-11-24 13:31:26 - [MESSAGE][INFO] - Checking timeout

2023-11-24 13:31:26 - [MESSAGE][INFO] - Finding web element from Test Object's properties

2023-11-24 13:31:26 - [MESSAGE][INFO] - Checking timeout

2023-11-24 13:31:26 - [MESSAGE][INFO] - Finding web element with id: 'Object Repository/Connexion Usager/Link_Se Connecter' located by 'By.xpath: //*[@id="connexion_link"]' in '5' second(s)

2023-11-24 13:31:26 - [MESSAGE][INFO] - Smart Wait Function is triggered

2023-11-24 13:31:26 - [MESSAGE][INFO] - Found 1 web elements with id: 'Object Repository/Connexion Usager/Link_Se Connecter' located by 'By.xpath: //*[@id="connexion_link"]' in '5' second(s)

2023-11-24 13:31:26 - [MESSAGE][INFO] - Clicking on object: 'Object Repository/Connexion Usager/Link_Se Connecter'

2023-11-24 13:31:29 - [MESSAGE][PASSED] - Object: 'Object Repository/Connexion Usager/Link_Se Connecter' is clicked on

2023-11-24 13:31:29 - [TEST_STEP][PASSED] - callTestCase(findTestCase("Test Reutilisable/Main/Erreur lie a la confidentialite"), [:], STOP_ON_FAILURE): Call Test Case 'Test Cases/Test Reutilisable/Main/Erreur lie a la confidentialite' successfully

2023-11-24 13:31:29 - [MESSAGE][INFO] - Checking called Test Case

2023-11-24 13:31:29 - [MESSAGE][INFO] - Starting to call Test Case 'Test Cases/Test Reutilisable/Main/Erreur lie a la confidentialite'

2023-11-24 13:31:29 - [TEST_CASE][PASSED] - Test Cases/Test Reutilisable/Main/Erreur lie a la confidentialite: Test Cases/Test Reutilisable/Main/Erreur lie a la confidentialite

2023-11-24 13:31:29 - [TEST_STEP][PASSED] - tools.WaitForLoadedPage.waitForElementRendering(): tools.WaitForLoadedPage.waitForElementRendering is PASSED

2023-11-24 13:31:29 - [MESSAGE][PASSED] - tools.WaitForLoadedPage.waitForElementRendering is PASSED

2023-11-24 13:31:29 - [TEST_STEP][PASSED] - "Call Highlight.on() automatically": null

2023-11-24 13:31:29 - [TEST_STEP][PASSED] - DriverName = DriverName: null

2023-11-24 13:31:29 - [TEST_STEP][PASSED] - if (DriverName == "CHROME_DRIVER" || "EDGE_CHROMIUM_DRIVER" || "HEADLESS_DRIVER"): com.kms.katalon.core.webui.exception.WebElementNotFoundException: Web element with id: 'Object Repository/Connexion Usager/Btn_Parametres Avances' located by '//*[@id="details-button"]' not found (Root cause: com.kms.katalon.core.exception.StepFailedException: com.kms.katalon.core.webui.exception.WebElementNotFoundException: Web element with id: 'Object Repository/Connexion Usager/Btn_Parametres Avances' located by '//*[@id="details-button"]' not found
	at com.kms.katalon.core.webui.keyword.internal.WebUIKeywordMain.stepFailed(WebUIKeywordMain.groovy:64)
	at com.kms.katalon.core.webui.keyword.builtin.VerifyElementPresentKeyword$_verifyElementPresent_closure1.doCall(VerifyElementPresentKeyword.groovy:85)
	at com.kms.katalon.core.webui.keyword.builtin.VerifyElementPresentKeyword$_verifyElementPresent_closure1.call(VerifyElementPresentKeyword.groovy)
	at com.kms.katalon.core.webui.keyword.internal.WebUIKeywordMain.runKeyword(WebUIKeywordMain.groovy:20)
	at com.kms.katalon.core.webui.keyword.builtin.VerifyElementPresentKeyword.verifyElementPresent(VerifyElementPresentKeyword.groovy:92)
	at com.kms.katalon.core.webui.keyword.builtin.VerifyElementPresentKeyword.execute(VerifyElementPresentKeyword.groovy:68)
	at com.kms.katalon.core.keyword.internal.KeywordExecutor.executeKeywordForPlatform(KeywordExecutor.groovy:74)
	at com.kms.katalon.core.webui.keyword.WebUiBuiltInKeywords.verifyElementPresent(WebUiBuiltInKeywords.groovy:1448)
	at com.kazurayam.ksbackyard.HighlightElement$_pandemic_closure1.doCall(HighlightElement.groovy:105)
	at Erreur lie a la confidentialite.run(Erreur lie a la confidentialite:43)
	at com.kms.katalon.core.main.ScriptEngine.run(ScriptEngine.java:194)
	at com.kms.katalon.core.main.ScriptEngine.runScriptAsRawText(ScriptEngine.java:119)
	at com.kms.katalon.core.main.TestCaseExecutor.runScript(TestCaseExecutor.java:448)
	at com.kms.katalon.core.main.TestCaseExecutor.doExecute(TestCaseExecutor.java:439)
	at com.kms.katalon.core.main.TestCaseExecutor.processExecutionPhase(TestCaseExecutor.java:418)
	at com.kms.katalon.core.main.TestCaseExecutor.accessMainPhase(TestCaseExecutor.java:410)
	at com.kms.katalon.core.main.TestCaseExecutor.execute(TestCaseExecutor.java:285)
	at com.kms.katalon.core.main.TestCaseMain.runTestCase(TestCaseMain.java:144)
	at com.kms.katalon.core.keyword.builtin.CallTestCaseKeyword$_callTestCase_closure1.doCall(CallTestCaseKeyword.groovy:59)
	at com.kms.katalon.core.keyword.builtin.CallTestCaseKeyword$_callTestCase_closure1.call(CallTestCaseKeyword.groovy)
	at com.kms.katalon.core.keyword.internal.KeywordMain.runKeyword(KeywordMain.groovy:75)
	at com.kms.katalon.core.keyword.builtin.CallTestCaseKeyword.callTestCase(CallTestCaseKeyword.groovy:81)
	at com.kms.katalon.core.keyword.builtin.CallTestCaseKeyword.execute(CallTestCaseKeyword.groovy:44)
	at com.kms.katalon.core.keyword.internal.KeywordExecutor.executeKeywordForPlatform(KeywordExecutor.groovy:74)
	at com.kms.katalon.core.keyword.BuiltinKeywords.callTestCase(BuiltinKeywords.groovy:310)
	at com.kazurayam.ksbackyard.HighlightElement$_pandemic_closure1.doCall(HighlightElement.groovy:105)
	at Identification.run(Identification:35)
	at com.kms.katalon.core.main.ScriptEngine.run(ScriptEngine.java:194)
	at com.kms.katalon.core.main.ScriptEngine.runScriptAsRawText(ScriptEngine.java:119)
	at com.kms.katalon.core.main.TestCaseExecutor.runScript(TestCaseExecutor.java:448)
	at com.kms.katalon.core.main.TestCaseExecutor.doExecute(TestCaseExecutor.java:439)
	at com.kms.katalon.core.main.TestCaseExecutor.processExecutionPhase(TestCaseExecutor.java:418)
	at com.kms.katalon.core.main.TestCaseExecutor.accessMainPhase(TestCaseExecutor.java:410)
	at com.kms.katalon.core.main.TestCaseExecutor.execute(TestCaseExecutor.java:285)
	at com.kms.katalon.core.main.TestCaseMain.runTestCase(TestCaseMain.java:144)
	at com.kms.katalon.core.keyword.builtin.CallTestCaseKeyword$_callTestCase_closure1.doCall(CallTestCaseKeyword.groovy:59)
	at com.kms.katalon.core.keyword.builtin.CallTestCaseKeyword$_callTestCase_closure1.call(CallTestCaseKeyword.groovy)
	at com.kms.katalon.core.keyword.internal.KeywordMain.runKeyword(KeywordMain.groovy:75)
	at com.kms.katalon.core.keyword.builtin.CallTestCaseKeyword.callTestCase(CallTestCaseKeyword.groovy:81)
	at com.kms.katalon.core.keyword.builtin.CallTestCaseKeyword.execute(CallTestCaseKeyword.groovy:44)
	at com.kms.katalon.core.keyword.internal.KeywordExecutor.executeKeywordForPlatform(KeywordExecutor.groovy:74)
	at com.kms.katalon.core.keyword.BuiltinKeywords.callTestCase(BuiltinKeywords.groovy:310)
	at com.kazurayam.ksbackyard.HighlightElement$_pandemic_closure1.doCall(HighlightElement.groovy:105)
	at TNR R.TSPT Supp90-Etudiant.run(TNR R.TSPT Supp90-Etudiant:35)
	at com.kms.katalon.core.main.ScriptEngine.run(ScriptEngine.java:194)
	at com.kms.katalon.core.main.ScriptEngine.runScriptAsRawText(ScriptEngine.java:119)
	at com.kms.katalon.core.main.TestCaseExecutor.runScript(TestCaseExecutor.java:448)
	at com.kms.katalon.core.main.TestCaseExecutor.doExecute(TestCaseExecutor.java:439)
	at com.kms.katalon.core.main.TestCaseExecutor.processExecutionPhase(TestCaseExecutor.java:418)
	at com.kms.katalon.core.main.TestCaseExecutor.accessMainPhase(TestCaseExecutor.java:410)
	at com.kms.katalon.core.main.TestCaseExecutor.execute(TestCaseExecutor.java:285)
	at com.kms.katalon.core.common.CommonExecutor.accessTestCaseMainPhase(CommonExecutor.java:65)
	at com.kms.katalon.core.main.TestSuiteExecutor.accessTestSuiteMainPhase(TestSuiteExecutor.java:148)
	at com.kms.katalon.core.main.TestSuiteExecutor.execute(TestSuiteExecutor.java:106)
	at com.kms.katalon.core.main.TestCaseMain.startTestSuite(TestCaseMain.java:187)
	at com.kms.katalon.core.main.TestCaseMain$startTestSuite$0.call(Unknown Source)
	at TempTestSuite1700828856047.run(TempTestSuite1700828856047.groovy:36)
)

2023-11-24 13:31:29 - [TEST_STEP][PASSED] - if (verifyElementPresent(findTestObject("Object Repository/Connexion Usager/Btn_Parametres Avances"), 2, OPTIONAL)): com.kms.katalon.core.webui.exception.WebElementNotFoundException: Web element with id: 'Object Repository/Connexion Usager/Btn_Parametres Avances' located by '//*[@id="details-button"]' not found (Root cause: com.kms.katalon.core.exception.StepFailedException: com.kms.katalon.core.webui.exception.WebElementNotFoundException: Web element with id: 'Object Repository/Connexion Usager/Btn_Parametres Avances' located by '//*[@id="details-button"]' not found
	at com.kms.katalon.core.webui.keyword.internal.WebUIKeywordMain.stepFailed(WebUIKeywordMain.groovy:64)
	at com.kms.katalon.core.webui.keyword.builtin.VerifyElementPresentKeyword$_verifyElementPresent_closure1.doCall(VerifyElementPresentKeyword.groovy:85)
	at com.kms.katalon.core.webui.keyword.builtin.VerifyElementPresentKeyword$_verifyElementPresent_closure1.call(VerifyElementPresentKeyword.groovy)
	at com.kms.katalon.core.webui.keyword.internal.WebUIKeywordMain.runKeyword(WebUIKeywordMain.groovy:20)
	at com.kms.katalon.core.webui.keyword.builtin.VerifyElementPresentKeyword.verifyElementPresent(VerifyElementPresentKeyword.groovy:92)
	at com.kms.katalon.core.webui.keyword.builtin.VerifyElementPresentKeyword.execute(VerifyElementPresentKeyword.groovy:68)
	at com.kms.katalon.core.keyword.internal.KeywordExecutor.executeKeywordForPlatform(KeywordExecutor.groovy:74)
	at com.kms.katalon.core.webui.keyword.WebUiBuiltInKeywords.verifyElementPresent(WebUiBuiltInKeywords.groovy:1448)
	at com.kazurayam.ksbackyard.HighlightElement$_pandemic_closure1.doCall(HighlightElement.groovy:105)
	at Erreur lie a la confidentialite.run(Erreur lie a la confidentialite:43)
	at com.kms.katalon.core.main.ScriptEngine.run(ScriptEngine.java:194)
	at com.kms.katalon.core.main.ScriptEngine.runScriptAsRawText(ScriptEngine.java:119)
	at com.kms.katalon.core.main.TestCaseExecutor.runScript(TestCaseExecutor.java:448)
	at com.kms.katalon.core.main.TestCaseExecutor.doExecute(TestCaseExecutor.java:439)
	at com.kms.katalon.core.main.TestCaseExecutor.processExecutionPhase(TestCaseExecutor.java:418)
	at com.kms.katalon.core.main.TestCaseExecutor.accessMainPhase(TestCaseExecutor.java:410)
	at com.kms.katalon.core.main.TestCaseExecutor.execute(TestCaseExecutor.java:285)
	at com.kms.katalon.core.main.TestCaseMain.runTestCase(TestCaseMain.java:144)
	at com.kms.katalon.core.keyword.builtin.CallTestCaseKeyword$_callTestCase_closure1.doCall(CallTestCaseKeyword.groovy:59)
	at com.kms.katalon.core.keyword.builtin.CallTestCaseKeyword$_callTestCase_closure1.call(CallTestCaseKeyword.groovy)
	at com.kms.katalon.core.keyword.internal.KeywordMain.runKeyword(KeywordMain.groovy:75)
	at com.kms.katalon.core.keyword.builtin.CallTestCaseKeyword.callTestCase(CallTestCaseKeyword.groovy:81)
	at com.kms.katalon.core.keyword.builtin.CallTestCaseKeyword.execute(CallTestCaseKeyword.groovy:44)
	at com.kms.katalon.core.keyword.internal.KeywordExecutor.executeKeywordForPlatform(KeywordExecutor.groovy:74)
	at com.kms.katalon.core.keyword.BuiltinKeywords.callTestCase(BuiltinKeywords.groovy:310)
	at com.kazurayam.ksbackyard.HighlightElement$_pandemic_closure1.doCall(HighlightElement.groovy:105)
	at Identification.run(Identification:35)
	at com.kms.katalon.core.main.ScriptEngine.run(ScriptEngine.java:194)
	at com.kms.katalon.core.main.ScriptEngine.runScriptAsRawText(ScriptEngine.java:119)
	at com.kms.katalon.core.main.TestCaseExecutor.runScript(TestCaseExecutor.java:448)
	at com.kms.katalon.core.main.TestCaseExecutor.doExecute(TestCaseExecutor.java:439)
	at com.kms.katalon.core.main.TestCaseExecutor.processExecutionPhase(TestCaseExecutor.java:418)
	at com.kms.katalon.core.main.TestCaseExecutor.accessMainPhase(TestCaseExecutor.java:410)
	at com.kms.katalon.core.main.TestCaseExecutor.execute(TestCaseExecutor.java:285)
	at com.kms.katalon.core.main.TestCaseMain.runTestCase(TestCaseMain.java:144)
	at com.kms.katalon.core.keyword.builtin.CallTestCaseKeyword$_callTestCase_closure1.doCall(CallTestCaseKeyword.groovy:59)
	at com.kms.katalon.core.keyword.builtin.CallTestCaseKeyword$_callTestCase_closure1.call(CallTestCaseKeyword.groovy)
	at com.kms.katalon.core.keyword.internal.KeywordMain.runKeyword(KeywordMain.groovy:75)
	at com.kms.katalon.core.keyword.builtin.CallTestCaseKeyword.callTestCase(CallTestCaseKeyword.groovy:81)
	at com.kms.katalon.core.keyword.builtin.CallTestCaseKeyword.execute(CallTestCaseKeyword.groovy:44)
	at com.kms.katalon.core.keyword.internal.KeywordExecutor.executeKeywordForPlatform(KeywordExecutor.groovy:74)
	at com.kms.katalon.core.keyword.BuiltinKeywords.callTestCase(BuiltinKeywords.groovy:310)
	at com.kazurayam.ksbackyard.HighlightElement$_pandemic_closure1.doCall(HighlightElement.groovy:105)
	at TNR R.TSPT Supp90-Etudiant.run(TNR R.TSPT Supp90-Etudiant:35)
	at com.kms.katalon.core.main.ScriptEngine.run(ScriptEngine.java:194)
	at com.kms.katalon.core.main.ScriptEngine.runScriptAsRawText(ScriptEngine.java:119)
	at com.kms.katalon.core.main.TestCaseExecutor.runScript(TestCaseExecutor.java:448)
	at com.kms.katalon.core.main.TestCaseExecutor.doExecute(TestCaseExecutor.java:439)
	at com.kms.katalon.core.main.TestCaseExecutor.processExecutionPhase(TestCaseExecutor.java:418)
	at com.kms.katalon.core.main.TestCaseExecutor.accessMainPhase(TestCaseExecutor.java:410)
	at com.kms.katalon.core.main.TestCaseExecutor.execute(TestCaseExecutor.java:285)
	at com.kms.katalon.core.common.CommonExecutor.accessTestCaseMainPhase(CommonExecutor.java:65)
	at com.kms.katalon.core.main.TestSuiteExecutor.accessTestSuiteMainPhase(TestSuiteExecutor.java:148)
	at com.kms.katalon.core.main.TestSuiteExecutor.execute(TestSuiteExecutor.java:106)
	at com.kms.katalon.core.main.TestCaseMain.startTestSuite(TestCaseMain.java:187)
	at com.kms.katalon.core.main.TestCaseMain$startTestSuite$0.call(Unknown Source)
	at TempTestSuite1700828856047.run(TempTestSuite1700828856047.groovy:36)
)

2023-11-24 13:31:29 - [MESSAGE][INFO] - Finding Test Object 'Object Repository/Connexion Usager/Btn_Parametres Avances'

2023-11-24 13:31:29 - [MESSAGE][INFO] - Checking object

2023-11-24 13:31:29 - [MESSAGE][INFO] - Finding web element from Test Object's properties

2023-11-24 13:31:29 - [MESSAGE][INFO] - Checking timeout

2023-11-24 13:31:29 - [MESSAGE][INFO] - Finding web element with id: 'Object Repository/Connexion Usager/Btn_Parametres Avances' located by 'By.xpath: //*[@id="details-button"]' in '2' second(s)

2023-11-24 13:31:29 - [MESSAGE][INFO] - Smart Wait Function is triggered

2023-11-24 13:31:29 - [MESSAGE][INFO] - Smart Wait Function is triggered

2023-11-24 13:31:29 - [MESSAGE][INFO] - Smart Wait Function is triggered

2023-11-24 13:31:29 - [MESSAGE][INFO] - Smart Wait Function is triggered

2023-11-24 13:31:29 - [MESSAGE][INFO] - Smart Wait Function is triggered

2023-11-24 13:31:29 - [MESSAGE][INFO] - Smart Wait Function is triggered

2023-11-24 13:31:29 - [MESSAGE][INFO] - Smart Wait Function is triggered

2023-11-24 13:31:29 - [MESSAGE][INFO] - Smart Wait Function is triggered

2023-11-24 13:31:29 - [MESSAGE][INFO] - Smart Wait Function is triggered

2023-11-24 13:31:29 - [MESSAGE][INFO] - Smart Wait Function is triggered

2023-11-24 13:31:29 - [MESSAGE][INFO] - Smart Wait Function is triggered

2023-11-24 13:31:29 - [MESSAGE][INFO] - Smart Wait Function is triggered

2023-11-24 13:31:29 - [MESSAGE][INFO] - Smart Wait Function is triggered

2023-11-24 13:31:29 - [MESSAGE][INFO] - Smart Wait Function is triggered

2023-11-24 13:31:29 - [MESSAGE][INFO] - Smart Wait Function is triggered

2023-11-24 13:31:29 - [MESSAGE][INFO] - Smart Wait Function is triggered

2023-11-24 13:31:29 - [MESSAGE][INFO] - Smart Wait Function is triggered

2023-11-24 13:31:29 - [MESSAGE][INFO] - Smart Wait Function is triggered

2023-11-24 13:31:29 - [MESSAGE][INFO] - Smart Wait Function is triggered

2023-11-24 13:31:30 - [MESSAGE][INFO] - Smart Wait Function is triggered

2023-11-24 13:31:30 - [MESSAGE][INFO] - Smart Wait Function is triggered

2023-11-24 13:31:30 - [MESSAGE][INFO] - Smart Wait Function is triggered

2023-11-24 13:31:30 - [MESSAGE][INFO] - Smart Wait Function is triggered

2023-11-24 13:31:30 - [MESSAGE][INFO] - Smart Wait Function is triggered

2023-11-24 13:31:30 - [MESSAGE][INFO] - Smart Wait Function is triggered

2023-11-24 13:31:30 - [MESSAGE][INFO] - Smart Wait Function is triggered

2023-11-24 13:31:30 - [MESSAGE][INFO] - Smart Wait Function is triggered

2023-11-24 13:31:30 - [MESSAGE][INFO] - Smart Wait Function is triggered

2023-11-24 13:31:30 - [MESSAGE][INFO] - Smart Wait Function is triggered

2023-11-24 13:31:30 - [MESSAGE][INFO] - Smart Wait Function is triggered

2023-11-24 13:31:30 - [MESSAGE][INFO] - Smart Wait Function is triggered

2023-11-24 13:31:30 - [MESSAGE][INFO] - Smart Wait Function is triggered

2023-11-24 13:31:30 - [MESSAGE][INFO] - Smart Wait Function is triggered

2023-11-24 13:31:30 - [MESSAGE][INFO] - Smart Wait Function is triggered

2023-11-24 13:31:30 - [MESSAGE][INFO] - Smart Wait Function is triggered

2023-11-24 13:31:30 - [MESSAGE][INFO] - Smart Wait Function is triggered

2023-11-24 13:31:30 - [MESSAGE][INFO] - Smart Wait Function is triggered

2023-11-24 13:31:30 - [MESSAGE][INFO] - Smart Wait Function is triggered

2023-11-24 13:31:30 - [MESSAGE][INFO] - Smart Wait Function is triggered

2023-11-24 13:31:30 - [MESSAGE][INFO] - Smart Wait Function is triggered

2023-11-24 13:31:30 - [MESSAGE][INFO] - Smart Wait Function is triggered

2023-11-24 13:31:30 - [MESSAGE][INFO] - Smart Wait Function is triggered

2023-11-24 13:31:30 - [MESSAGE][INFO] - Smart Wait Function is triggered

2023-11-24 13:31:30 - [MESSAGE][INFO] - Smart Wait Function is triggered

2023-11-24 13:31:30 - [MESSAGE][INFO] - Smart Wait Function is triggered

2023-11-24 13:31:30 - [MESSAGE][INFO] - Smart Wait Function is triggered

2023-11-24 13:31:30 - [MESSAGE][INFO] - Smart Wait Function is triggered

2023-11-24 13:31:30 - [MESSAGE][INFO] - Smart Wait Function is triggered

2023-11-24 13:31:30 - [MESSAGE][INFO] - Smart Wait Function is triggered

2023-11-24 13:31:30 - [MESSAGE][INFO] - Smart Wait Function is triggered

2023-11-24 13:31:30 - [MESSAGE][INFO] - Smart Wait Function is triggered

2023-11-24 13:31:31 - [MESSAGE][INFO] - Smart Wait Function is triggered

2023-11-24 13:31:31 - [MESSAGE][INFO] - Smart Wait Function is triggered

2023-11-24 13:31:31 - [MESSAGE][INFO] - Smart Wait Function is triggered

2023-11-24 13:31:31 - [MESSAGE][INFO] - Smart Wait Function is triggered

2023-11-24 13:31:31 - [MESSAGE][INFO] - Smart Wait Function is triggered

2023-11-24 13:31:31 - [MESSAGE][INFO] - Smart Wait Function is triggered

2023-11-24 13:31:31 - [MESSAGE][INFO] - Smart Wait Function is triggered

2023-11-24 13:31:31 - [MESSAGE][INFO] - Smart Wait Function is triggered

2023-11-24 13:31:31 - [MESSAGE][INFO] - Smart Wait Function is triggered

2023-11-24 13:31:31 - [MESSAGE][INFO] - Smart Wait Function is triggered

2023-11-24 13:31:31 - [MESSAGE][INFO] - Smart Wait Function is triggered

2023-11-24 13:31:31 - [MESSAGE][INFO] - Smart Wait Function is triggered

2023-11-24 13:31:31 - [MESSAGE][INFO] - Smart Wait Function is triggered

2023-11-24 13:31:31 - [MESSAGE][INFO] - Smart Wait Function is triggered

2023-11-24 13:31:31 - [MESSAGE][INFO] - Smart Wait Function is triggered

2023-11-24 13:31:31 - [MESSAGE][INFO] - Smart Wait Function is triggered

2023-11-24 13:31:31 - [MESSAGE][INFO] - Smart Wait Function is triggered

2023-11-24 13:31:31 - [MESSAGE][INFO] - Smart Wait Function is triggered

2023-11-24 13:31:31 - [MESSAGE][INFO] - Smart Wait Function is triggered

2023-11-24 13:31:31 - [MESSAGE][INFO] - Smart Wait Function is triggered

2023-11-24 13:31:31 - [MESSAGE][INFO] - Smart Wait Function is triggered

2023-11-24 13:31:31 - [MESSAGE][INFO] - Smart Wait Function is triggered

2023-11-24 13:31:31 - [MESSAGE][INFO] - Smart Wait Function is triggered

2023-11-24 13:31:31 - [MESSAGE][INFO] - Smart Wait Function is triggered

2023-11-24 13:31:31 - [MESSAGE][INFO] - Smart Wait Function is triggered

2023-11-24 13:31:31 - [MESSAGE][INFO] - Smart Wait Function is triggered

2023-11-24 13:31:31 - [MESSAGE][INFO] - Smart Wait Function is triggered

2023-11-24 13:31:31 - [MESSAGE][INFO] - Smart Wait Function is triggered

2023-11-24 13:31:31 - [MESSAGE][INFO] - Smart Wait Function is triggered

2023-11-24 13:31:31 - [MESSAGE][INFO] - Smart Wait Function is triggered

2023-11-24 13:31:31 - [MESSAGE][INFO] - Smart Wait Function is triggered

2023-11-24 13:31:32 - [MESSAGE][INFO] - Smart Wait Function is triggered

2023-11-24 13:31:32 - [MESSAGE][INFO] - Smart Wait Function is triggered

2023-11-24 13:31:32 - [MESSAGE][INFO] - Smart Wait Function is triggered

2023-11-24 13:31:32 - [MESSAGE][INFO] - Smart Wait Function is triggered

2023-11-24 13:31:32 - [MESSAGE][INFO] - Smart Wait Function is triggered

2023-11-24 13:31:32 - [MESSAGE][INFO] - Smart Wait Function is triggered

2023-11-24 13:31:32 - [MESSAGE][INFO] - Smart Wait Function is triggered

2023-11-24 13:31:32 - [MESSAGE][INFO] - Smart Wait Function is triggered

2023-11-24 13:31:32 - [MESSAGE][INFO] - Smart Wait Function is triggered

2023-11-24 13:31:32 - [MESSAGE][INFO] - Smart Wait Function is triggered

2023-11-24 13:31:32 - [MESSAGE][INFO] - Smart Wait Function is triggered

2023-11-24 13:31:32 - [MESSAGE][INFO] - Smart Wait Function is triggered

2023-11-24 13:31:32 - [MESSAGE][INFO] - Smart Wait Function is triggered

2023-11-24 13:31:32 - [MESSAGE][INFO] - Smart Wait Function is triggered

2023-11-24 13:31:32 - [MESSAGE][INFO] - Unable to find the element located by 'By.xpath: //*[@id="details-button"]'. Please recheck the objects properties to make sure the desired element is located. 

2023-11-24 13:31:32 - [MESSAGE][WARNING] - com.kms.katalon.core.webui.exception.WebElementNotFoundException: Web element with id: 'Object Repository/Connexion Usager/Btn_Parametres Avances' located by '//*[@id="details-button"]' not found (Root cause: com.kms.katalon.core.exception.StepFailedException: com.kms.katalon.core.webui.exception.WebElementNotFoundException: Web element with id: 'Object Repository/Connexion Usager/Btn_Parametres Avances' located by '//*[@id="details-button"]' not found
	at com.kms.katalon.core.webui.keyword.internal.WebUIKeywordMain.stepFailed(WebUIKeywordMain.groovy:64)
	at com.kms.katalon.core.webui.keyword.builtin.VerifyElementPresentKeyword$_verifyElementPresent_closure1.doCall(VerifyElementPresentKeyword.groovy:85)
	at com.kms.katalon.core.webui.keyword.builtin.VerifyElementPresentKeyword$_verifyElementPresent_closure1.call(VerifyElementPresentKeyword.groovy)
	at com.kms.katalon.core.webui.keyword.internal.WebUIKeywordMain.runKeyword(WebUIKeywordMain.groovy:20)
	at com.kms.katalon.core.webui.keyword.builtin.VerifyElementPresentKeyword.verifyElementPresent(VerifyElementPresentKeyword.groovy:92)
	at com.kms.katalon.core.webui.keyword.builtin.VerifyElementPresentKeyword.execute(VerifyElementPresentKeyword.groovy:68)
	at com.kms.katalon.core.keyword.internal.KeywordExecutor.executeKeywordForPlatform(KeywordExecutor.groovy:74)
	at com.kms.katalon.core.webui.keyword.WebUiBuiltInKeywords.verifyElementPresent(WebUiBuiltInKeywords.groovy:1448)
	at com.kazurayam.ksbackyard.HighlightElement$_pandemic_closure1.doCall(HighlightElement.groovy:105)
	at Erreur lie a la confidentialite.run(Erreur lie a la confidentialite:43)
	at com.kms.katalon.core.main.ScriptEngine.run(ScriptEngine.java:194)
	at com.kms.katalon.core.main.ScriptEngine.runScriptAsRawText(ScriptEngine.java:119)
	at com.kms.katalon.core.main.TestCaseExecutor.runScript(TestCaseExecutor.java:448)
	at com.kms.katalon.core.main.TestCaseExecutor.doExecute(TestCaseExecutor.java:439)
	at com.kms.katalon.core.main.TestCaseExecutor.processExecutionPhase(TestCaseExecutor.java:418)
	at com.kms.katalon.core.main.TestCaseExecutor.accessMainPhase(TestCaseExecutor.java:410)
	at com.kms.katalon.core.main.TestCaseExecutor.execute(TestCaseExecutor.java:285)
	at com.kms.katalon.core.main.TestCaseMain.runTestCase(TestCaseMain.java:144)
	at com.kms.katalon.core.keyword.builtin.CallTestCaseKeyword$_callTestCase_closure1.doCall(CallTestCaseKeyword.groovy:59)
	at com.kms.katalon.core.keyword.builtin.CallTestCaseKeyword$_callTestCase_closure1.call(CallTestCaseKeyword.groovy)
	at com.kms.katalon.core.keyword.internal.KeywordMain.runKeyword(KeywordMain.groovy:75)
	at com.kms.katalon.core.keyword.builtin.CallTestCaseKeyword.callTestCase(CallTestCaseKeyword.groovy:81)
	at com.kms.katalon.core.keyword.builtin.CallTestCaseKeyword.execute(CallTestCaseKeyword.groovy:44)
	at com.kms.katalon.core.keyword.internal.KeywordExecutor.executeKeywordForPlatform(KeywordExecutor.groovy:74)
	at com.kms.katalon.core.keyword.BuiltinKeywords.callTestCase(BuiltinKeywords.groovy:310)
	at com.kazurayam.ksbackyard.HighlightElement$_pandemic_closure1.doCall(HighlightElement.groovy:105)
	at Identification.run(Identification:35)
	at com.kms.katalon.core.main.ScriptEngine.run(ScriptEngine.java:194)
	at com.kms.katalon.core.main.ScriptEngine.runScriptAsRawText(ScriptEngine.java:119)
	at com.kms.katalon.core.main.TestCaseExecutor.runScript(TestCaseExecutor.java:448)
	at com.kms.katalon.core.main.TestCaseExecutor.doExecute(TestCaseExecutor.java:439)
	at com.kms.katalon.core.main.TestCaseExecutor.processExecutionPhase(TestCaseExecutor.java:418)
	at com.kms.katalon.core.main.TestCaseExecutor.accessMainPhase(TestCaseExecutor.java:410)
	at com.kms.katalon.core.main.TestCaseExecutor.execute(TestCaseExecutor.java:285)
	at com.kms.katalon.core.main.TestCaseMain.runTestCase(TestCaseMain.java:144)
	at com.kms.katalon.core.keyword.builtin.CallTestCaseKeyword$_callTestCase_closure1.doCall(CallTestCaseKeyword.groovy:59)
	at com.kms.katalon.core.keyword.builtin.CallTestCaseKeyword$_callTestCase_closure1.call(CallTestCaseKeyword.groovy)
	at com.kms.katalon.core.keyword.internal.KeywordMain.runKeyword(KeywordMain.groovy:75)
	at com.kms.katalon.core.keyword.builtin.CallTestCaseKeyword.callTestCase(CallTestCaseKeyword.groovy:81)
	at com.kms.katalon.core.keyword.builtin.CallTestCaseKeyword.execute(CallTestCaseKeyword.groovy:44)
	at com.kms.katalon.core.keyword.internal.KeywordExecutor.executeKeywordForPlatform(KeywordExecutor.groovy:74)
	at com.kms.katalon.core.keyword.BuiltinKeywords.callTestCase(BuiltinKeywords.groovy:310)
	at com.kazurayam.ksbackyard.HighlightElement$_pandemic_closure1.doCall(HighlightElement.groovy:105)
	at TNR R.TSPT Supp90-Etudiant.run(TNR R.TSPT Supp90-Etudiant:35)
	at com.kms.katalon.core.main.ScriptEngine.run(ScriptEngine.java:194)
	at com.kms.katalon.core.main.ScriptEngine.runScriptAsRawText(ScriptEngine.java:119)
	at com.kms.katalon.core.main.TestCaseExecutor.runScript(TestCaseExecutor.java:448)
	at com.kms.katalon.core.main.TestCaseExecutor.doExecute(TestCaseExecutor.java:439)
	at com.kms.katalon.core.main.TestCaseExecutor.processExecutionPhase(TestCaseExecutor.java:418)
	at com.kms.katalon.core.main.TestCaseExecutor.accessMainPhase(TestCaseExecutor.java:410)
	at com.kms.katalon.core.main.TestCaseExecutor.execute(TestCaseExecutor.java:285)
	at com.kms.katalon.core.common.CommonExecutor.accessTestCaseMainPhase(CommonExecutor.java:65)
	at com.kms.katalon.core.main.TestSuiteExecutor.accessTestSuiteMainPhase(TestSuiteExecutor.java:148)
	at com.kms.katalon.core.main.TestSuiteExecutor.execute(TestSuiteExecutor.java:106)
	at com.kms.katalon.core.main.TestCaseMain.startTestSuite(TestCaseMain.java:187)
	at com.kms.katalon.core.main.TestCaseMain$startTestSuite$0.call(Unknown Source)
	at TempTestSuite1700828856047.run(TempTestSuite1700828856047.groovy:36)
)
[[ATTACHMENT|C:\\Users\\ISSAM.RHARBAOUI\\git\\22_11\\ANEF-AutomatizationProject\\Reports\\20231124_132736\\TS_TNR_R.TSPT_Suppo90\\20231124_132736\\1700829092452.png]]

2023-11-24 13:31:32 - [TEST_STEP][PASSED] - if (DriverName == "IE_DRIVER"): null

2023-11-24 13:31:32 - [TEST_STEP][PASSED] - delay(3): Delayed 3 second(s)

2023-11-24 13:31:32 - [MESSAGE][INFO] - Delaying browser in 3 second(s)

2023-11-24 13:31:35 - [MESSAGE][PASSED] - Delayed 3 second(s)

2023-11-24 13:31:35 - [MESSAGE][PASSED] - Call Test Case 'Test Cases/Test Reutilisable/Main/Erreur lie a la confidentialite' successfully

2023-11-24 13:31:35 - [TEST_STEP][PASSED] - delay(5): Delayed 5 second(s)

2023-11-24 13:31:35 - [MESSAGE][INFO] - Delaying browser in 5 second(s)

2023-11-24 13:31:40 - [MESSAGE][PASSED] - Delayed 5 second(s)

2023-11-24 13:31:40 - [TEST_STEP][PASSED] - setText(findTestObject("Object Repository/Connexion Usager/Input_Identifiant"), NumEtrangerVisa): Text '7703040880' is set on object 'Object Repository/Connexion Usager/Input_Identifiant'

2023-11-24 13:31:40 - [MESSAGE][INFO] - Finding Test Object 'Object Repository/Connexion Usager/Input_Identifiant'

2023-11-24 13:31:40 - [MESSAGE][INFO] - Checking timeout

2023-11-24 13:31:40 - [MESSAGE][INFO] - Finding web element with id: 'Object Repository/Connexion Usager/Input_Identifiant' located by 'By.xpath: //*[@id="login"]' in '20' second(s)

2023-11-24 13:31:40 - [MESSAGE][INFO] - Smart Wait Function is triggered

2023-11-24 13:31:40 - [MESSAGE][INFO] - Found 1 web elements with id: 'Object Repository/Connexion Usager/Input_Identifiant' located by 'By.xpath: //*[@id="login"]' in '20' second(s)

2023-11-24 13:31:40 - [MESSAGE][INFO] - Checking object

2023-11-24 13:31:40 - [MESSAGE][INFO] - Checking text

2023-11-24 13:31:40 - [MESSAGE][INFO] - Finding web element from Test Object's properties

2023-11-24 13:31:40 - [MESSAGE][INFO] - Checking timeout

2023-11-24 13:31:40 - [MESSAGE][INFO] - Finding web element with id: 'Object Repository/Connexion Usager/Input_Identifiant' located by 'By.xpath: //*[@id="login"]' in '5' second(s)

2023-11-24 13:31:40 - [MESSAGE][INFO] - Smart Wait Function is triggered

2023-11-24 13:31:40 - [MESSAGE][INFO] - Found 1 web elements with id: 'Object Repository/Connexion Usager/Input_Identifiant' located by 'By.xpath: //*[@id="login"]' in '5' second(s)

2023-11-24 13:31:40 - [MESSAGE][INFO] - Clearing text of object 'Object Repository/Connexion Usager/Input_Identifiant'

2023-11-24 13:31:42 - [MESSAGE][INFO] - Finding web element from Test Object's properties

2023-11-24 13:31:42 - [MESSAGE][INFO] - Checking timeout

2023-11-24 13:31:42 - [MESSAGE][INFO] - Finding web element with id: 'Object Repository/Connexion Usager/Input_Identifiant' located by 'By.xpath: //*[@id="login"]' in '5' second(s)

2023-11-24 13:31:42 - [MESSAGE][INFO] - Smart Wait Function is triggered

2023-11-24 13:31:42 - [MESSAGE][INFO] - Found 1 web elements with id: 'Object Repository/Connexion Usager/Input_Identifiant' located by 'By.xpath: //*[@id="login"]' in '5' second(s)

2023-11-24 13:31:42 - [MESSAGE][INFO] - Setting text of object 'Object Repository/Connexion Usager/Input_Identifiant' to value '7703040880'

2023-11-24 13:31:44 - [MESSAGE][PASSED] - Text '7703040880' is set on object 'Object Repository/Connexion Usager/Input_Identifiant'

2023-11-24 13:31:44 - [TEST_STEP][PASSED] - NumEtrangerVisa = NumEtrangerVisa: null

2023-11-24 13:31:44 - [TEST_STEP][PASSED] - setEncryptedText(findTestObject("Object Repository/Connexion Usager/Input_MDP"), Password): Text ****** has been set on object 'Object Repository/Connexion Usager/Input_MDP'

2023-11-24 13:31:44 - [MESSAGE][INFO] - Finding Test Object 'Object Repository/Connexion Usager/Input_MDP'

2023-11-24 13:31:45 - [MESSAGE][INFO] - Checking timeout

2023-11-24 13:31:45 - [MESSAGE][INFO] - Finding web element with id: 'Object Repository/Connexion Usager/Input_MDP' located by 'By.xpath: //*[@id="password"]' in '20' second(s)

2023-11-24 13:31:45 - [MESSAGE][INFO] - Smart Wait Function is triggered

2023-11-24 13:31:45 - [MESSAGE][INFO] - Found 1 web elements with id: 'Object Repository/Connexion Usager/Input_MDP' located by 'By.xpath: //*[@id="password"]' in '20' second(s)

2023-11-24 13:31:45 - [MESSAGE][INFO] - Checking object

2023-11-24 13:31:45 - [MESSAGE][INFO] - Checking text

2023-11-24 13:31:45 - [MESSAGE][INFO] - Finding web element from Test Object's properties

2023-11-24 13:31:45 - [MESSAGE][INFO] - Checking timeout

2023-11-24 13:31:45 - [MESSAGE][INFO] - Finding web element with id: 'Object Repository/Connexion Usager/Input_MDP' located by 'By.xpath: //*[@id="password"]' in '5' second(s)

2023-11-24 13:31:45 - [MESSAGE][INFO] - Smart Wait Function is triggered

2023-11-24 13:31:45 - [MESSAGE][INFO] - Found 1 web elements with id: 'Object Repository/Connexion Usager/Input_MDP' located by 'By.xpath: //*[@id="password"]' in '5' second(s)

2023-11-24 13:31:45 - [MESSAGE][INFO] - Clearing text of object 'Object Repository/Connexion Usager/Input_MDP'

2023-11-24 13:31:47 - [MESSAGE][INFO] - Setting  text of object 'Object Repository/Connexion Usager/Input_MDP' to value ******

2023-11-24 13:31:49 - [MESSAGE][PASSED] - Text ****** has been set on object 'Object Repository/Connexion Usager/Input_MDP'

2023-11-24 13:31:49 - [TEST_STEP][PASSED] - click(findTestObject("Object Repository/Connexion Usager/btn_Sidentifier")): Object: 'Object Repository/Connexion Usager/btn_Sidentifier' is clicked on

2023-11-24 13:31:49 - [MESSAGE][INFO] - Finding Test Object 'Object Repository/Connexion Usager/btn_Sidentifier'

2023-11-24 13:31:49 - [MESSAGE][INFO] - Checking timeout

2023-11-24 13:31:49 - [MESSAGE][INFO] - Finding web element with id: 'Object Repository/Connexion Usager/btn_Sidentifier' located by 'By.xpath: //*[@type= 'submit']' in '20' second(s)

2023-11-24 13:31:49 - [MESSAGE][INFO] - Smart Wait Function is triggered

2023-11-24 13:31:49 - [MESSAGE][INFO] - Found 1 web elements with id: 'Object Repository/Connexion Usager/btn_Sidentifier' located by 'By.xpath: //*[@type= 'submit']' in '20' second(s)

2023-11-24 13:31:49 - [MESSAGE][INFO] - Checking object

2023-11-24 13:31:49 - [MESSAGE][INFO] - Checking timeout

2023-11-24 13:31:49 - [MESSAGE][INFO] - Finding web element from Test Object's properties

2023-11-24 13:31:49 - [MESSAGE][INFO] - Checking timeout

2023-11-24 13:31:49 - [MESSAGE][INFO] - Finding web element with id: 'Object Repository/Connexion Usager/btn_Sidentifier' located by 'By.xpath: //*[@type= 'submit']' in '5' second(s)

2023-11-24 13:31:49 - [MESSAGE][INFO] - Smart Wait Function is triggered

2023-11-24 13:31:49 - [MESSAGE][INFO] - Found 1 web elements with id: 'Object Repository/Connexion Usager/btn_Sidentifier' located by 'By.xpath: //*[@type= 'submit']' in '5' second(s)

2023-11-24 13:31:49 - [MESSAGE][INFO] - Clicking on object: 'Object Repository/Connexion Usager/btn_Sidentifier'

2023-11-24 13:31:55 - [MESSAGE][PASSED] - Object: 'Object Repository/Connexion Usager/btn_Sidentifier' is clicked on

2023-11-24 13:31:55 - [TEST_STEP][PASSED] - delay(15): Delayed 15 second(s)

2023-11-24 13:31:55 - [MESSAGE][INFO] - Delaying browser in 15 second(s)

2023-11-24 13:32:10 - [MESSAGE][PASSED] - Delayed 15 second(s)

2023-11-24 13:32:10 - [TEST_STEP][PASSED] - verifyElementPresent(findTestObject("Object Repository/Page_Accueil_Usager/Span_MesNotifications"), 2, STOP_ON_FAILURE): Object 'Object Repository/Page_Accueil_Usager/Span_MesNotifications' is present

2023-11-24 13:32:10 - [MESSAGE][INFO] - Finding Test Object 'Object Repository/Page_Accueil_Usager/Span_MesNotifications'

2023-11-24 13:32:10 - [MESSAGE][INFO] - Checking object

2023-11-24 13:32:10 - [MESSAGE][INFO] - Finding web element from Test Object's properties

2023-11-24 13:32:10 - [MESSAGE][INFO] - Checking timeout

2023-11-24 13:32:10 - [MESSAGE][INFO] - Finding web element with id: 'Object Repository/Page_Accueil_Usager/Span_MesNotifications' located by 'By.xpath: //*[@id="navBar-new"]/nav/div[3]/div/div/ul/li[1]/a/span' in '2' second(s)

2023-11-24 13:32:10 - [MESSAGE][INFO] - Smart Wait Function is triggered

2023-11-24 13:32:10 - [MESSAGE][INFO] - Found 1 web elements with id: 'Object Repository/Page_Accueil_Usager/Span_MesNotifications' located by 'By.xpath: //*[@id="navBar-new"]/nav/div[3]/div/div/ul/li[1]/a/span' in '2' second(s)

2023-11-24 13:32:10 - [MESSAGE][PASSED] - Object 'Object Repository/Page_Accueil_Usager/Span_MesNotifications' is present

2023-11-24 13:32:10 - [TEST_STEP][PASSED] - if (Profiles == "Agent"): null

2023-11-24 13:32:10 - [TEST_STEP][PASSED] - else: null

2023-11-24 13:32:10 - [TEST_STEP][PASSED] - println("Vérifier le Portail de votre connexion Usager ou Agent"): null

2023-11-24 13:32:10 - [MESSAGE][PASSED] - Call Test Case 'Test Cases/Test Reutilisable/Main/Identification' successfully

2023-11-24 13:32:10 - [TEST_STEP][PASSED] - callTestCase(findTestCase("Test Reutilisable/DemandeOuRenouvelle_TitreSejour/DemandeOuRenouvelleTitreSejour"), [:], STOP_ON_FAILURE): Call Test Case 'Test Cases/Test Reutilisable/DemandeOuRenouvelle_TitreSejour/DemandeOuRenouvelleTitreSejour' successfully

2023-11-24 13:32:10 - [MESSAGE][INFO] - Checking called Test Case

2023-11-24 13:32:10 - [MESSAGE][INFO] - Starting to call Test Case 'Test Cases/Test Reutilisable/DemandeOuRenouvelle_TitreSejour/DemandeOuRenouvelleTitreSejour'

2023-11-24 13:32:10 - [TEST_CASE][PASSED] - Test Cases/Test Reutilisable/DemandeOuRenouvelle_TitreSejour/DemandeOuRenouvelleTitreSejour: Test Cases/Test Reutilisable/DemandeOuRenouvelle_TitreSejour/DemandeOuRenouvelleTitreSejour

2023-11-24 13:32:11 - [TEST_STEP][PASSED] - com.kazurayam.ksbackyard.HighlightElement.pandemic(): com.kazurayam.ksbackyard.HighlightElement.pandemic is PASSED

2023-11-24 13:32:11 - [MESSAGE][PASSED] - com.kazurayam.ksbackyard.HighlightElement.pandemic is PASSED

2023-11-24 13:32:11 - [TEST_STEP][PASSED] - delay(3): Delayed 3 second(s)

2023-11-24 13:32:11 - [MESSAGE][INFO] - Delaying browser in 3 second(s)

2023-11-24 13:32:14 - [MESSAGE][PASSED] - Delayed 3 second(s)

2023-11-24 13:32:14 - [TEST_STEP][PASSED] - doubleClick(findTestObject("Object Repository/Page_Accueil_Usager/btn_DemandeOuRenouvelleTitreSejour")): Object: 'Object Repository/Page_Accueil_Usager/btn_DemandeOuRenouvelleTitreSejour' is double clicked on

2023-11-24 13:32:14 - [MESSAGE][INFO] - Finding Test Object 'Object Repository/Page_Accueil_Usager/btn_DemandeOuRenouvelleTitreSejour'

2023-11-24 13:32:14 - [MESSAGE][INFO] - Checking object

2023-11-24 13:32:14 - [MESSAGE][INFO] - Finding web element from Test Object's properties

2023-11-24 13:32:14 - [MESSAGE][INFO] - Checking timeout

2023-11-24 13:32:14 - [MESSAGE][INFO] - Finding web element with id: 'Object Repository/Page_Accueil_Usager/btn_DemandeOuRenouvelleTitreSejour' located by 'By.xpath: //app-portal//app-portal-root/app-default-root-content/div/div/anef-tile[1]/a/span/span[2]' in '5' second(s)

2023-11-24 13:32:14 - [MESSAGE][INFO] - Smart Wait Function is triggered

2023-11-24 13:32:14 - [MESSAGE][INFO] - Found 1 web elements with id: 'Object Repository/Page_Accueil_Usager/btn_DemandeOuRenouvelleTitreSejour' located by 'By.xpath: //app-portal//app-portal-root/app-default-root-content/div/div/anef-tile[1]/a/span/span[2]' in '5' second(s)

2023-11-24 13:32:14 - [MESSAGE][INFO] - Double clicking on object: 'Object Repository/Page_Accueil_Usager/btn_DemandeOuRenouvelleTitreSejour'

2023-11-24 13:32:14 - [MESSAGE][PASSED] - Object: 'Object Repository/Page_Accueil_Usager/btn_DemandeOuRenouvelleTitreSejour' is double clicked on

2023-11-24 13:32:14 - [TEST_STEP][PASSED] - delay(3): Delayed 3 second(s)

2023-11-24 13:32:14 - [MESSAGE][INFO] - Delaying browser in 3 second(s)

2023-11-24 13:32:17 - [MESSAGE][PASSED] - Delayed 3 second(s)

2023-11-24 13:32:17 - [TEST_STEP][PASSED] - switch (PourQui): null

2023-11-24 13:32:17 - [TEST_STEP][PASSED] - case "Moi-même":: null

2023-11-24 13:32:17 - [TEST_STEP][PASSED] - check(findTestObject("Object Repository/Page_Accueil_Usager/CheckBox_Moi-meme")): Object 'Object Repository/Page_Accueil_Usager/CheckBox_Moi-meme' is checked

2023-11-24 13:32:17 - [MESSAGE][INFO] - Finding Test Object 'Object Repository/Page_Accueil_Usager/CheckBox_Moi-meme'

2023-11-24 13:32:17 - [MESSAGE][INFO] - Checking object

2023-11-24 13:32:17 - [MESSAGE][INFO] - Finding web element from Test Object's properties

2023-11-24 13:32:17 - [MESSAGE][INFO] - Checking timeout

2023-11-24 13:32:17 - [MESSAGE][INFO] - Finding web element with id: 'Object Repository/Page_Accueil_Usager/CheckBox_Moi-meme' located by 'By.xpath: //*/div[1]/app-radio-tree-button/div/p-radiobutton/div/div[2]/span' in '5' second(s)

2023-11-24 13:32:17 - [MESSAGE][INFO] - Smart Wait Function is triggered

2023-11-24 13:32:17 - [MESSAGE][INFO] - Found 1 web elements with id: 'Object Repository/Page_Accueil_Usager/CheckBox_Moi-meme' located by 'By.xpath: //*/div[1]/app-radio-tree-button/div/p-radiobutton/div/div[2]/span' in '5' second(s)

2023-11-24 13:32:17 - [MESSAGE][INFO] - Checking on bject 'Object Repository/Page_Accueil_Usager/CheckBox_Moi-meme'

2023-11-24 13:32:19 - [MESSAGE][PASSED] - Object 'Object Repository/Page_Accueil_Usager/CheckBox_Moi-meme' is checked

2023-11-24 13:32:19 - [TEST_STEP][PASSED] - break: null

2023-11-24 13:32:19 - [TEST_STEP][PASSED] - click(findTestObject("Object Repository/Page_Accueil_Usager/btn_JeContinue")): Object: 'Object Repository/Page_Accueil_Usager/btn_JeContinue' is clicked on

2023-11-24 13:32:19 - [MESSAGE][INFO] - Finding Test Object 'Object Repository/Page_Accueil_Usager/btn_JeContinue'

2023-11-24 13:32:19 - [MESSAGE][INFO] - Checking timeout

2023-11-24 13:32:19 - [MESSAGE][INFO] - Finding web element with id: 'Object Repository/Page_Accueil_Usager/btn_JeContinue' located by 'By.xpath: //*[@ng-reflect-label='Je continue']|/html/body/app-root/div/app-portal/main/app-triage-demandeur/div/div/div/form/div[2]/button/span' in '20' second(s)

2023-11-24 13:32:19 - [MESSAGE][INFO] - Smart Wait Function is triggered

2023-11-24 13:32:19 - [MESSAGE][INFO] - Found 1 web elements with id: 'Object Repository/Page_Accueil_Usager/btn_JeContinue' located by 'By.xpath: //*[@ng-reflect-label='Je continue']|/html/body/app-root/div/app-portal/main/app-triage-demandeur/div/div/div/form/div[2]/button/span' in '20' second(s)

2023-11-24 13:32:19 - [MESSAGE][INFO] - Checking object

2023-11-24 13:32:19 - [MESSAGE][INFO] - Checking timeout

2023-11-24 13:32:19 - [MESSAGE][INFO] - Finding web element from Test Object's properties

2023-11-24 13:32:19 - [MESSAGE][INFO] - Checking timeout

2023-11-24 13:32:19 - [MESSAGE][INFO] - Finding web element with id: 'Object Repository/Page_Accueil_Usager/btn_JeContinue' located by 'By.xpath: //*[@ng-reflect-label='Je continue']|/html/body/app-root/div/app-portal/main/app-triage-demandeur/div/div/div/form/div[2]/button/span' in '5' second(s)

2023-11-24 13:32:19 - [MESSAGE][INFO] - Smart Wait Function is triggered

2023-11-24 13:32:19 - [MESSAGE][INFO] - Found 1 web elements with id: 'Object Repository/Page_Accueil_Usager/btn_JeContinue' located by 'By.xpath: //*[@ng-reflect-label='Je continue']|/html/body/app-root/div/app-portal/main/app-triage-demandeur/div/div/div/form/div[2]/button/span' in '5' second(s)

2023-11-24 13:32:19 - [MESSAGE][INFO] - Clicking on object: 'Object Repository/Page_Accueil_Usager/btn_JeContinue'

2023-11-24 13:32:22 - [MESSAGE][PASSED] - Object: 'Object Repository/Page_Accueil_Usager/btn_JeContinue' is clicked on

2023-11-24 13:32:22 - [MESSAGE][PASSED] - Call Test Case 'Test Cases/Test Reutilisable/DemandeOuRenouvelle_TitreSejour/DemandeOuRenouvelleTitreSejour' successfully

2023-11-24 13:32:22 - [TEST_STEP][PASSED] - callTestCase(findTestCase("Test Reutilisable/DemandeOuRenouvelle_TitreSejour/FormulaireTypeDeTitreDeSejour"), ["TypeTitreDeSejour":TypeTitreDeSejour, "Titre":Titre], STOP_ON_FAILURE): Call Test Case 'Test Cases/Test Reutilisable/DemandeOuRenouvelle_TitreSejour/FormulaireTypeDeTitreDeSejour' successfully

2023-11-24 13:32:22 - [MESSAGE][INFO] - Checking called Test Case

2023-11-24 13:32:22 - [MESSAGE][INFO] - Starting to call Test Case 'Test Cases/Test Reutilisable/DemandeOuRenouvelle_TitreSejour/FormulaireTypeDeTitreDeSejour'

2023-11-24 13:32:22 - [TEST_CASE][PASSED] - Test Cases/Test Reutilisable/DemandeOuRenouvelle_TitreSejour/FormulaireTypeDeTitreDeSejour: Test Cases/Test Reutilisable/DemandeOuRenouvelle_TitreSejour/FormulaireTypeDeTitreDeSejour

2023-11-24 13:32:23 - [TEST_STEP][PASSED] - com.kazurayam.ksbackyard.HighlightElement.pandemic(): com.kazurayam.ksbackyard.HighlightElement.pandemic is PASSED

2023-11-24 13:32:23 - [MESSAGE][PASSED] - com.kazurayam.ksbackyard.HighlightElement.pandemic is PASSED

2023-11-24 13:32:23 - [TEST_STEP][PASSED] - delay(10): Delayed 10 second(s)

2023-11-24 13:32:23 - [MESSAGE][INFO] - Delaying browser in 10 second(s)

2023-11-24 13:32:33 - [MESSAGE][PASSED] - Delayed 10 second(s)

2023-11-24 13:32:33 - [TEST_STEP][PASSED] - switch (TypeTitreDeSejour): null

2023-11-24 13:32:33 - [TEST_STEP][PASSED] - case "ArtisteSalarie":: null

2023-11-24 13:32:33 - [TEST_STEP][PASSED] - if (Titre == "Visiteur" || Titre == "Etudiant"): Object: 'Object Repository/Page_DemarcheRenouvellement/Btn_JeContinue' is clicked on

2023-11-24 13:32:33 - [TEST_STEP][PASSED] - check(findTestObject("Object Repository/Page_DemarcheRenouvellement/CheckBox_SolliciteTS_PasseportTalent")): Object 'Object Repository/Page_DemarcheRenouvellement/CheckBox_SolliciteTS_PasseportTalent' is checked

2023-11-24 13:32:33 - [MESSAGE][INFO] - Finding Test Object 'Object Repository/Page_DemarcheRenouvellement/CheckBox_SolliciteTS_PasseportTalent'

2023-11-24 13:32:33 - [MESSAGE][INFO] - Checking object

2023-11-24 13:32:33 - [MESSAGE][INFO] - Finding web element from Test Object's properties

2023-11-24 13:32:33 - [MESSAGE][INFO] - Checking timeout

2023-11-24 13:32:33 - [MESSAGE][INFO] - Finding web element with id: 'Object Repository/Page_DemarcheRenouvellement/CheckBox_SolliciteTS_PasseportTalent' located by 'By.xpath: //*/div[3]/app-radio-tree-button/div/p-radiobutton/div/div[2]/span' in '5' second(s)

2023-11-24 13:32:33 - [MESSAGE][INFO] - Smart Wait Function is triggered

2023-11-24 13:32:33 - [MESSAGE][INFO] - Found 1 web elements with id: 'Object Repository/Page_DemarcheRenouvellement/CheckBox_SolliciteTS_PasseportTalent' located by 'By.xpath: //*/div[3]/app-radio-tree-button/div/p-radiobutton/div/div[2]/span' in '5' second(s)

2023-11-24 13:32:33 - [MESSAGE][INFO] - Checking on bject 'Object Repository/Page_DemarcheRenouvellement/CheckBox_SolliciteTS_PasseportTalent'

2023-11-24 13:32:35 - [MESSAGE][PASSED] - Object 'Object Repository/Page_DemarcheRenouvellement/CheckBox_SolliciteTS_PasseportTalent' is checked

2023-11-24 13:32:35 - [TEST_STEP][PASSED] - check(findTestObject("Object Repository/Page_DemarcheRenouvellement/CheckBox_SolliciteTS_Artiste")): Object 'Object Repository/Page_DemarcheRenouvellement/CheckBox_SolliciteTS_Artiste' is checked

2023-11-24 13:32:35 - [MESSAGE][INFO] - Finding Test Object 'Object Repository/Page_DemarcheRenouvellement/CheckBox_SolliciteTS_Artiste'

2023-11-24 13:32:35 - [MESSAGE][INFO] - Checking object

2023-11-24 13:32:35 - [MESSAGE][INFO] - Finding web element from Test Object's properties

2023-11-24 13:32:35 - [MESSAGE][INFO] - Checking timeout

2023-11-24 13:32:35 - [MESSAGE][INFO] - Finding web element with id: 'Object Repository/Page_DemarcheRenouvellement/CheckBox_SolliciteTS_Artiste' located by 'By.xpath: //div/form/div[1]/div[2]/fieldset/div[3]/app-radio-tree-button/div/div/div[4]/app-radio-tree-button/div/p-radiobutton/div/div[2]/span' in '5' second(s)

2023-11-24 13:32:35 - [MESSAGE][INFO] - Smart Wait Function is triggered

2023-11-24 13:32:35 - [MESSAGE][INFO] - Found 1 web elements with id: 'Object Repository/Page_DemarcheRenouvellement/CheckBox_SolliciteTS_Artiste' located by 'By.xpath: //div/form/div[1]/div[2]/fieldset/div[3]/app-radio-tree-button/div/div/div[4]/app-radio-tree-button/div/p-radiobutton/div/div[2]/span' in '5' second(s)

2023-11-24 13:32:35 - [MESSAGE][INFO] - Checking on bject 'Object Repository/Page_DemarcheRenouvellement/CheckBox_SolliciteTS_Artiste'

2023-11-24 13:32:37 - [MESSAGE][PASSED] - Object 'Object Repository/Page_DemarcheRenouvellement/CheckBox_SolliciteTS_Artiste' is checked

2023-11-24 13:32:37 - [TEST_STEP][PASSED] - click(findTestObject("Object Repository/Page_DemarcheRenouvellement/btn_JeCommence")): Object: 'Object Repository/Page_DemarcheRenouvellement/btn_JeCommence' is clicked on

2023-11-24 13:32:37 - [MESSAGE][INFO] - Finding Test Object 'Object Repository/Page_DemarcheRenouvellement/btn_JeCommence'

2023-11-24 13:32:37 - [MESSAGE][INFO] - Checking timeout

2023-11-24 13:32:37 - [MESSAGE][INFO] - Finding web element with id: 'Object Repository/Page_DemarcheRenouvellement/btn_JeCommence' located by 'By.xpath: //app-informations-declaration//app-actions-bar//button/span[contains(.,'Je continue')]|//app-informations-demande-ptsq//app-actions-bar//button/span[contains(.,'Je continue')]|//*/div[2]/button/span|//button[@type="submit" and contains(., 'Je commence')]|//button[@type="submit" and contains(., 'Je continue')]' in '20' second(s)

2023-11-24 13:32:37 - [MESSAGE][INFO] - Smart Wait Function is triggered

2023-11-24 13:32:37 - [MESSAGE][INFO] - Found 1 web elements with id: 'Object Repository/Page_DemarcheRenouvellement/btn_JeCommence' located by 'By.xpath: //app-informations-declaration//app-actions-bar//button/span[contains(.,'Je continue')]|//app-informations-demande-ptsq//app-actions-bar//button/span[contains(.,'Je continue')]|//*/div[2]/button/span|//button[@type="submit" and contains(., 'Je commence')]|//button[@type="submit" and contains(., 'Je continue')]' in '20' second(s)

2023-11-24 13:32:37 - [MESSAGE][INFO] - Checking object

2023-11-24 13:32:37 - [MESSAGE][INFO] - Checking timeout

2023-11-24 13:32:37 - [MESSAGE][INFO] - Finding web element from Test Object's properties

2023-11-24 13:32:37 - [MESSAGE][INFO] - Checking timeout

2023-11-24 13:32:37 - [MESSAGE][INFO] - Finding web element with id: 'Object Repository/Page_DemarcheRenouvellement/btn_JeCommence' located by 'By.xpath: //app-informations-declaration//app-actions-bar//button/span[contains(.,'Je continue')]|//app-informations-demande-ptsq//app-actions-bar//button/span[contains(.,'Je continue')]|//*/div[2]/button/span|//button[@type="submit" and contains(., 'Je commence')]|//button[@type="submit" and contains(., 'Je continue')]' in '5' second(s)

2023-11-24 13:32:37 - [MESSAGE][INFO] - Smart Wait Function is triggered

2023-11-24 13:32:37 - [MESSAGE][INFO] - Found 1 web elements with id: 'Object Repository/Page_DemarcheRenouvellement/btn_JeCommence' located by 'By.xpath: //app-informations-declaration//app-actions-bar//button/span[contains(.,'Je continue')]|//app-informations-demande-ptsq//app-actions-bar//button/span[contains(.,'Je continue')]|//*/div[2]/button/span|//button[@type="submit" and contains(., 'Je commence')]|//button[@type="submit" and contains(., 'Je continue')]' in '5' second(s)

2023-11-24 13:32:37 - [MESSAGE][INFO] - Clicking on object: 'Object Repository/Page_DemarcheRenouvellement/btn_JeCommence'

2023-11-24 13:32:40 - [MESSAGE][PASSED] - Object: 'Object Repository/Page_DemarcheRenouvellement/btn_JeCommence' is clicked on

2023-11-24 13:32:40 - [TEST_STEP][PASSED] - delay(2): Delayed 2 second(s)

2023-11-24 13:32:40 - [MESSAGE][INFO] - Delaying browser in 2 second(s)

2023-11-24 13:32:42 - [MESSAGE][PASSED] - Delayed 2 second(s)

2023-11-24 13:32:42 - [TEST_STEP][PASSED] - click(findTestObject("Object Repository/Page_DemarcheRenouvellement/Btn_JeContinue")): Object: 'Object Repository/Page_DemarcheRenouvellement/Btn_JeContinue' is clicked on

2023-11-24 13:32:42 - [MESSAGE][INFO] - Finding Test Object 'Object Repository/Page_DemarcheRenouvellement/Btn_JeContinue'

2023-11-24 13:32:42 - [MESSAGE][INFO] - Checking timeout

2023-11-24 13:32:42 - [MESSAGE][INFO] - Finding web element with id: 'Object Repository/Page_DemarcheRenouvellement/Btn_JeContinue' located by 'By.xpath: //button[@type="submit" and contains(., 'Je commence')]|//span[@class="ui-button-text ui-clickable" and contains(., 'Je continue')]|//app-informations-declaration//app-actions-bar//button/span[contains(.,'Je continue')]|//app-informations-demande-ptch/div/app-actions-bar/div/div[2]/div/div[2]/button/span' in '20' second(s)

2023-11-24 13:32:42 - [MESSAGE][INFO] - Smart Wait Function is triggered

2023-11-24 13:32:42 - [MESSAGE][INFO] - Found 1 web elements with id: 'Object Repository/Page_DemarcheRenouvellement/Btn_JeContinue' located by 'By.xpath: //button[@type="submit" and contains(., 'Je commence')]|//span[@class="ui-button-text ui-clickable" and contains(., 'Je continue')]|//app-informations-declaration//app-actions-bar//button/span[contains(.,'Je continue')]|//app-informations-demande-ptch/div/app-actions-bar/div/div[2]/div/div[2]/button/span' in '20' second(s)

2023-11-24 13:32:42 - [MESSAGE][INFO] - Checking object

2023-11-24 13:32:42 - [MESSAGE][INFO] - Checking timeout

2023-11-24 13:32:42 - [MESSAGE][INFO] - Finding web element from Test Object's properties

2023-11-24 13:32:42 - [MESSAGE][INFO] - Checking timeout

2023-11-24 13:32:42 - [MESSAGE][INFO] - Finding web element with id: 'Object Repository/Page_DemarcheRenouvellement/Btn_JeContinue' located by 'By.xpath: //button[@type="submit" and contains(., 'Je commence')]|//span[@class="ui-button-text ui-clickable" and contains(., 'Je continue')]|//app-informations-declaration//app-actions-bar//button/span[contains(.,'Je continue')]|//app-informations-demande-ptch/div/app-actions-bar/div/div[2]/div/div[2]/button/span' in '5' second(s)

2023-11-24 13:32:42 - [MESSAGE][INFO] - Smart Wait Function is triggered

2023-11-24 13:32:42 - [MESSAGE][INFO] - Found 1 web elements with id: 'Object Repository/Page_DemarcheRenouvellement/Btn_JeContinue' located by 'By.xpath: //button[@type="submit" and contains(., 'Je commence')]|//span[@class="ui-button-text ui-clickable" and contains(., 'Je continue')]|//app-informations-declaration//app-actions-bar//button/span[contains(.,'Je continue')]|//app-informations-demande-ptch/div/app-actions-bar/div/div[2]/div/div[2]/button/span' in '5' second(s)

2023-11-24 13:32:42 - [MESSAGE][INFO] - Clicking on object: 'Object Repository/Page_DemarcheRenouvellement/Btn_JeContinue'

2023-11-24 13:32:44 - [MESSAGE][PASSED] - Object: 'Object Repository/Page_DemarcheRenouvellement/Btn_JeContinue' is clicked on

2023-11-24 13:32:44 - [TEST_STEP][PASSED] - break: null

2023-11-24 13:32:44 - [TEST_STEP][PASSED] - "Vérification s il y a un message Erreur : Il est trop tôt pour demander le renouvellement de votre titre.": null

2023-11-24 13:32:44 - [TEST_STEP][PASSED] - MsgAlertPresent = verifyElementPresent(findTestObject("Object Repository/Page_Accueil_Usager/Verif_PopUpTropTotPourDemanderLeRenouvellementDeVotreTitre"), 1, OPTIONAL): com.kms.katalon.core.webui.exception.WebElementNotFoundException: Web element with id: 'Object Repository/Page_Accueil_Usager/Verif_PopUpTropTotPourDemanderLeRenouvellementDeVotreTitre' located by '/html/body/app-root/div/app-portal/main/app-theme-v2/div/app-triage/div/div/div/form/div[2]/div/p-message/div/span[2]' not found (Root cause: com.kms.katalon.core.exception.StepFailedException: com.kms.katalon.core.webui.exception.WebElementNotFoundException: Web element with id: 'Object Repository/Page_Accueil_Usager/Verif_PopUpTropTotPourDemanderLeRenouvellementDeVotreTitre' located by '/html/body/app-root/div/app-portal/main/app-theme-v2/div/app-triage/div/div/div/form/div[2]/div/p-message/div/span[2]' not found
	at com.kms.katalon.core.webui.keyword.internal.WebUIKeywordMain.stepFailed(WebUIKeywordMain.groovy:64)
	at com.kms.katalon.core.webui.keyword.builtin.VerifyElementPresentKeyword$_verifyElementPresent_closure1.doCall(VerifyElementPresentKeyword.groovy:85)
	at com.kms.katalon.core.webui.keyword.builtin.VerifyElementPresentKeyword$_verifyElementPresent_closure1.call(VerifyElementPresentKeyword.groovy)
	at com.kms.katalon.core.webui.keyword.internal.WebUIKeywordMain.runKeyword(WebUIKeywordMain.groovy:20)
	at com.kms.katalon.core.webui.keyword.builtin.VerifyElementPresentKeyword.verifyElementPresent(VerifyElementPresentKeyword.groovy:92)
	at com.kms.katalon.core.webui.keyword.builtin.VerifyElementPresentKeyword.execute(VerifyElementPresentKeyword.groovy:68)
	at com.kms.katalon.core.keyword.internal.KeywordExecutor.executeKeywordForPlatform(KeywordExecutor.groovy:74)
	at com.kms.katalon.core.webui.keyword.WebUiBuiltInKeywords.verifyElementPresent(WebUiBuiltInKeywords.groovy:1448)
	at com.kazurayam.ksbackyard.HighlightElement$_pandemic_closure1.doCall(HighlightElement.groovy:105)
	at FormulaireTypeDeTitreDeSejour.run(FormulaireTypeDeTitreDeSejour:302)
	at com.kms.katalon.core.main.ScriptEngine.run(ScriptEngine.java:194)
	at com.kms.katalon.core.main.ScriptEngine.runScriptAsRawText(ScriptEngine.java:119)
	at com.kms.katalon.core.main.TestCaseExecutor.runScript(TestCaseExecutor.java:448)
	at com.kms.katalon.core.main.TestCaseExecutor.doExecute(TestCaseExecutor.java:439)
	at com.kms.katalon.core.main.TestCaseExecutor.processExecutionPhase(TestCaseExecutor.java:418)
	at com.kms.katalon.core.main.TestCaseExecutor.accessMainPhase(TestCaseExecutor.java:410)
	at com.kms.katalon.core.main.TestCaseExecutor.execute(TestCaseExecutor.java:285)
	at com.kms.katalon.core.main.TestCaseMain.runTestCase(TestCaseMain.java:144)
	at com.kms.katalon.core.keyword.builtin.CallTestCaseKeyword$_callTestCase_closure1.doCall(CallTestCaseKeyword.groovy:59)
	at com.kms.katalon.core.keyword.builtin.CallTestCaseKeyword$_callTestCase_closure1.call(CallTestCaseKeyword.groovy)
	at com.kms.katalon.core.keyword.internal.KeywordMain.runKeyword(KeywordMain.groovy:75)
	at com.kms.katalon.core.keyword.builtin.CallTestCaseKeyword.callTestCase(CallTestCaseKeyword.groovy:81)
	at com.kms.katalon.core.keyword.builtin.CallTestCaseKeyword.execute(CallTestCaseKeyword.groovy:44)
	at com.kms.katalon.core.keyword.internal.KeywordExecutor.executeKeywordForPlatform(KeywordExecutor.groovy:74)
	at com.kms.katalon.core.keyword.BuiltinKeywords.callTestCase(BuiltinKeywords.groovy:310)
	at com.kazurayam.ksbackyard.HighlightElement$_pandemic_closure1.doCall(HighlightElement.groovy:105)
	at TNR R.TSPT Supp90-Etudiant.run(TNR R.TSPT Supp90-Etudiant:43)
	at com.kms.katalon.core.main.ScriptEngine.run(ScriptEngine.java:194)
	at com.kms.katalon.core.main.ScriptEngine.runScriptAsRawText(ScriptEngine.java:119)
	at com.kms.katalon.core.main.TestCaseExecutor.runScript(TestCaseExecutor.java:448)
	at com.kms.katalon.core.main.TestCaseExecutor.doExecute(TestCaseExecutor.java:439)
	at com.kms.katalon.core.main.TestCaseExecutor.processExecutionPhase(TestCaseExecutor.java:418)
	at com.kms.katalon.core.main.TestCaseExecutor.accessMainPhase(TestCaseExecutor.java:410)
	at com.kms.katalon.core.main.TestCaseExecutor.execute(TestCaseExecutor.java:285)
	at com.kms.katalon.core.common.CommonExecutor.accessTestCaseMainPhase(CommonExecutor.java:65)
	at com.kms.katalon.core.main.TestSuiteExecutor.accessTestSuiteMainPhase(TestSuiteExecutor.java:148)
	at com.kms.katalon.core.main.TestSuiteExecutor.execute(TestSuiteExecutor.java:106)
	at com.kms.katalon.core.main.TestCaseMain.startTestSuite(TestCaseMain.java:187)
	at com.kms.katalon.core.main.TestCaseMain$startTestSuite$0.call(Unknown Source)
	at TempTestSuite1700828856047.run(TempTestSuite1700828856047.groovy:36)
)

2023-11-24 13:32:44 - [MESSAGE][INFO] - Finding Test Object 'Object Repository/Page_Accueil_Usager/Verif_PopUpTropTotPourDemanderLeRenouvellementDeVotreTitre'

2023-11-24 13:32:44 - [MESSAGE][INFO] - Checking object

2023-11-24 13:32:44 - [MESSAGE][INFO] - Finding web element from Test Object's properties

2023-11-24 13:32:44 - [MESSAGE][INFO] - Checking timeout

2023-11-24 13:32:44 - [MESSAGE][INFO] - Finding web element with id: 'Object Repository/Page_Accueil_Usager/Verif_PopUpTropTotPourDemanderLeRenouvellementDeVotreTitre' located by 'By.xpath: /html/body/app-root/div/app-portal/main/app-theme-v2/div/app-triage/div/div/div/form/div[2]/div/p-message/div/span[2]' in '1' second(s)

2023-11-24 13:32:44 - [MESSAGE][INFO] - Smart Wait Function is triggered

2023-11-24 13:32:44 - [MESSAGE][INFO] - Smart Wait Function is triggered

2023-11-24 13:32:44 - [MESSAGE][INFO] - Smart Wait Function is triggered

2023-11-24 13:32:44 - [MESSAGE][INFO] - Smart Wait Function is triggered

2023-11-24 13:32:44 - [MESSAGE][INFO] - Smart Wait Function is triggered

2023-11-24 13:32:44 - [MESSAGE][INFO] - Smart Wait Function is triggered

2023-11-24 13:32:44 - [MESSAGE][INFO] - Smart Wait Function is triggered

2023-11-24 13:32:44 - [MESSAGE][INFO] - Smart Wait Function is triggered

2023-11-24 13:32:44 - [MESSAGE][INFO] - Smart Wait Function is triggered

2023-11-24 13:32:44 - [MESSAGE][INFO] - Smart Wait Function is triggered

2023-11-24 13:32:44 - [MESSAGE][INFO] - Smart Wait Function is triggered

2023-11-24 13:32:45 - [MESSAGE][INFO] - Smart Wait Function is triggered

2023-11-24 13:32:45 - [MESSAGE][INFO] - Smart Wait Function is triggered

2023-11-24 13:32:45 - [MESSAGE][INFO] - Smart Wait Function is triggered

2023-11-24 13:32:45 - [MESSAGE][INFO] - Smart Wait Function is triggered

2023-11-24 13:32:45 - [MESSAGE][INFO] - Smart Wait Function is triggered

2023-11-24 13:32:45 - [MESSAGE][INFO] - Smart Wait Function is triggered

2023-11-24 13:32:45 - [MESSAGE][INFO] - Smart Wait Function is triggered

2023-11-24 13:32:45 - [MESSAGE][INFO] - Smart Wait Function is triggered

2023-11-24 13:32:45 - [MESSAGE][INFO] - Smart Wait Function is triggered

2023-11-24 13:32:45 - [MESSAGE][INFO] - Smart Wait Function is triggered

2023-11-24 13:32:45 - [MESSAGE][INFO] - Smart Wait Function is triggered

2023-11-24 13:32:45 - [MESSAGE][INFO] - Smart Wait Function is triggered

2023-11-24 13:32:45 - [MESSAGE][INFO] - Smart Wait Function is triggered

2023-11-24 13:32:45 - [MESSAGE][INFO] - Smart Wait Function is triggered

2023-11-24 13:32:45 - [MESSAGE][INFO] - Smart Wait Function is triggered

2023-11-24 13:32:45 - [MESSAGE][INFO] - Smart Wait Function is triggered

2023-11-24 13:32:45 - [MESSAGE][INFO] - Smart Wait Function is triggered

2023-11-24 13:32:45 - [MESSAGE][INFO] - Smart Wait Function is triggered

2023-11-24 13:32:45 - [MESSAGE][INFO] - Smart Wait Function is triggered

2023-11-24 13:32:45 - [MESSAGE][INFO] - Smart Wait Function is triggered

2023-11-24 13:32:45 - [MESSAGE][INFO] - Smart Wait Function is triggered

2023-11-24 13:32:45 - [MESSAGE][INFO] - Smart Wait Function is triggered

2023-11-24 13:32:45 - [MESSAGE][INFO] - Smart Wait Function is triggered

2023-11-24 13:32:45 - [MESSAGE][INFO] - Smart Wait Function is triggered

2023-11-24 13:32:45 - [MESSAGE][INFO] - Smart Wait Function is triggered

2023-11-24 13:32:45 - [MESSAGE][INFO] - Smart Wait Function is triggered

2023-11-24 13:32:45 - [MESSAGE][INFO] - Smart Wait Function is triggered

2023-11-24 13:32:45 - [MESSAGE][INFO] - Smart Wait Function is triggered

2023-11-24 13:32:45 - [MESSAGE][INFO] - Smart Wait Function is triggered

2023-11-24 13:32:45 - [MESSAGE][INFO] - Smart Wait Function is triggered

2023-11-24 13:32:46 - [MESSAGE][INFO] - Smart Wait Function is triggered

2023-11-24 13:32:46 - [MESSAGE][INFO] - Smart Wait Function is triggered

2023-11-24 13:32:46 - [MESSAGE][INFO] - Smart Wait Function is triggered

2023-11-24 13:32:46 - [MESSAGE][INFO] - Smart Wait Function is triggered

2023-11-24 13:32:46 - [MESSAGE][INFO] - Smart Wait Function is triggered

2023-11-24 13:32:46 - [MESSAGE][INFO] - Smart Wait Function is triggered

2023-11-24 13:32:46 - [MESSAGE][INFO] - Smart Wait Function is triggered

2023-11-24 13:32:46 - [MESSAGE][INFO] - Smart Wait Function is triggered

2023-11-24 13:32:46 - [MESSAGE][INFO] - Smart Wait Function is triggered

2023-11-24 13:32:46 - [MESSAGE][INFO] - Smart Wait Function is triggered

2023-11-24 13:32:46 - [MESSAGE][INFO] - Smart Wait Function is triggered

2023-11-24 13:32:46 - [MESSAGE][INFO] - Smart Wait Function is triggered

2023-11-24 13:32:46 - [MESSAGE][INFO] - Smart Wait Function is triggered

2023-11-24 13:32:46 - [MESSAGE][INFO] - Unable to find the element located by 'By.xpath: /html/body/app-root/div/app-portal/main/app-theme-v2/div/app-triage/div/div/div/form/div[2]/div/p-message/div/span[2]'. Please recheck the objects properties to make sure the desired element is located. 

2023-11-24 13:32:46 - [MESSAGE][WARNING] - com.kms.katalon.core.webui.exception.WebElementNotFoundException: Web element with id: 'Object Repository/Page_Accueil_Usager/Verif_PopUpTropTotPourDemanderLeRenouvellementDeVotreTitre' located by '/html/body/app-root/div/app-portal/main/app-theme-v2/div/app-triage/div/div/div/form/div[2]/div/p-message/div/span[2]' not found (Root cause: com.kms.katalon.core.exception.StepFailedException: com.kms.katalon.core.webui.exception.WebElementNotFoundException: Web element with id: 'Object Repository/Page_Accueil_Usager/Verif_PopUpTropTotPourDemanderLeRenouvellementDeVotreTitre' located by '/html/body/app-root/div/app-portal/main/app-theme-v2/div/app-triage/div/div/div/form/div[2]/div/p-message/div/span[2]' not found
	at com.kms.katalon.core.webui.keyword.internal.WebUIKeywordMain.stepFailed(WebUIKeywordMain.groovy:64)
	at com.kms.katalon.core.webui.keyword.builtin.VerifyElementPresentKeyword$_verifyElementPresent_closure1.doCall(VerifyElementPresentKeyword.groovy:85)
	at com.kms.katalon.core.webui.keyword.builtin.VerifyElementPresentKeyword$_verifyElementPresent_closure1.call(VerifyElementPresentKeyword.groovy)
	at com.kms.katalon.core.webui.keyword.internal.WebUIKeywordMain.runKeyword(WebUIKeywordMain.groovy:20)
	at com.kms.katalon.core.webui.keyword.builtin.VerifyElementPresentKeyword.verifyElementPresent(VerifyElementPresentKeyword.groovy:92)
	at com.kms.katalon.core.webui.keyword.builtin.VerifyElementPresentKeyword.execute(VerifyElementPresentKeyword.groovy:68)
	at com.kms.katalon.core.keyword.internal.KeywordExecutor.executeKeywordForPlatform(KeywordExecutor.groovy:74)
	at com.kms.katalon.core.webui.keyword.WebUiBuiltInKeywords.verifyElementPresent(WebUiBuiltInKeywords.groovy:1448)
	at com.kazurayam.ksbackyard.HighlightElement$_pandemic_closure1.doCall(HighlightElement.groovy:105)
	at FormulaireTypeDeTitreDeSejour.run(FormulaireTypeDeTitreDeSejour:302)
	at com.kms.katalon.core.main.ScriptEngine.run(ScriptEngine.java:194)
	at com.kms.katalon.core.main.ScriptEngine.runScriptAsRawText(ScriptEngine.java:119)
	at com.kms.katalon.core.main.TestCaseExecutor.runScript(TestCaseExecutor.java:448)
	at com.kms.katalon.core.main.TestCaseExecutor.doExecute(TestCaseExecutor.java:439)
	at com.kms.katalon.core.main.TestCaseExecutor.processExecutionPhase(TestCaseExecutor.java:418)
	at com.kms.katalon.core.main.TestCaseExecutor.accessMainPhase(TestCaseExecutor.java:410)
	at com.kms.katalon.core.main.TestCaseExecutor.execute(TestCaseExecutor.java:285)
	at com.kms.katalon.core.main.TestCaseMain.runTestCase(TestCaseMain.java:144)
	at com.kms.katalon.core.keyword.builtin.CallTestCaseKeyword$_callTestCase_closure1.doCall(CallTestCaseKeyword.groovy:59)
	at com.kms.katalon.core.keyword.builtin.CallTestCaseKeyword$_callTestCase_closure1.call(CallTestCaseKeyword.groovy)
	at com.kms.katalon.core.keyword.internal.KeywordMain.runKeyword(KeywordMain.groovy:75)
	at com.kms.katalon.core.keyword.builtin.CallTestCaseKeyword.callTestCase(CallTestCaseKeyword.groovy:81)
	at com.kms.katalon.core.keyword.builtin.CallTestCaseKeyword.execute(CallTestCaseKeyword.groovy:44)
	at com.kms.katalon.core.keyword.internal.KeywordExecutor.executeKeywordForPlatform(KeywordExecutor.groovy:74)
	at com.kms.katalon.core.keyword.BuiltinKeywords.callTestCase(BuiltinKeywords.groovy:310)
	at com.kazurayam.ksbackyard.HighlightElement$_pandemic_closure1.doCall(HighlightElement.groovy:105)
	at TNR R.TSPT Supp90-Etudiant.run(TNR R.TSPT Supp90-Etudiant:43)
	at com.kms.katalon.core.main.ScriptEngine.run(ScriptEngine.java:194)
	at com.kms.katalon.core.main.ScriptEngine.runScriptAsRawText(ScriptEngine.java:119)
	at com.kms.katalon.core.main.TestCaseExecutor.runScript(TestCaseExecutor.java:448)
	at com.kms.katalon.core.main.TestCaseExecutor.doExecute(TestCaseExecutor.java:439)
	at com.kms.katalon.core.main.TestCaseExecutor.processExecutionPhase(TestCaseExecutor.java:418)
	at com.kms.katalon.core.main.TestCaseExecutor.accessMainPhase(TestCaseExecutor.java:410)
	at com.kms.katalon.core.main.TestCaseExecutor.execute(TestCaseExecutor.java:285)
	at com.kms.katalon.core.common.CommonExecutor.accessTestCaseMainPhase(CommonExecutor.java:65)
	at com.kms.katalon.core.main.TestSuiteExecutor.accessTestSuiteMainPhase(TestSuiteExecutor.java:148)
	at com.kms.katalon.core.main.TestSuiteExecutor.execute(TestSuiteExecutor.java:106)
	at com.kms.katalon.core.main.TestCaseMain.startTestSuite(TestCaseMain.java:187)
	at com.kms.katalon.core.main.TestCaseMain$startTestSuite$0.call(Unknown Source)
	at TempTestSuite1700828856047.run(TempTestSuite1700828856047.groovy:36)
)
[[ATTACHMENT|C:\\Users\\ISSAM.RHARBAOUI\\git\\22_11\\ANEF-AutomatizationProject\\Reports\\20231124_132736\\TS_TNR_R.TSPT_Suppo90\\20231124_132736\\1700829166417.png]]

2023-11-24 13:32:46 - [TEST_STEP][PASSED] - if (MsgAlertPresent): null

2023-11-24 13:32:46 - [TEST_STEP][PASSED] - else:  C'est le bon Moment pour demander le renouvellement de votre titre.

2023-11-24 13:32:46 - [TEST_STEP][PASSED] - markPassed(" C'est le bon Moment pour demander le renouvellement de votre titre."):  C'est le bon Moment pour demander le renouvellement de votre titre.

2023-11-24 13:32:46 - [MESSAGE][PASSED] -  C'est le bon Moment pour demander le renouvellement de votre titre.

2023-11-24 13:32:46 - [MESSAGE][PASSED] - Call Test Case 'Test Cases/Test Reutilisable/DemandeOuRenouvelle_TitreSejour/FormulaireTypeDeTitreDeSejour' successfully

2023-11-24 13:32:46 - [TEST_STEP][PASSED] - callTestCase(findTestCase("Test Reutilisable/DemandeOuRenouvelle_TitreSejour/FormulaireInformationsPersonnelles"), ["AdresseUsager":AdresseUsager, "NumeroTelephoneUsager":NumeroTelephoneUsager], STOP_ON_FAILURE): Call Test Case 'Test Cases/Test Reutilisable/DemandeOuRenouvelle_TitreSejour/FormulaireInformationsPersonnelles' successfully

2023-11-24 13:32:46 - [MESSAGE][INFO] - Checking called Test Case

2023-11-24 13:32:46 - [MESSAGE][INFO] - Starting to call Test Case 'Test Cases/Test Reutilisable/DemandeOuRenouvelle_TitreSejour/FormulaireInformationsPersonnelles'

2023-11-24 13:32:46 - [TEST_CASE][PASSED] - Test Cases/Test Reutilisable/DemandeOuRenouvelle_TitreSejour/FormulaireInformationsPersonnelles: Test Cases/Test Reutilisable/DemandeOuRenouvelle_TitreSejour/FormulaireInformationsPersonnelles

2023-11-24 13:32:48 - [TEST_STEP][PASSED] - com.kazurayam.ksbackyard.HighlightElement.pandemic(): com.kazurayam.ksbackyard.HighlightElement.pandemic is PASSED

2023-11-24 13:32:48 - [MESSAGE][PASSED] - com.kazurayam.ksbackyard.HighlightElement.pandemic is PASSED

2023-11-24 13:32:48 - [TEST_STEP][PASSED] - if (verifyElementPresent(findTestObject("Object Repository/Page_InformationPersonnelles_Usager/CheckBox_liensPersonnelsFamiliaux_1_Non"), 1, OPTIONAL)): null

2023-11-24 13:32:48 - [MESSAGE][INFO] - Finding Test Object 'Object Repository/Page_InformationPersonnelles_Usager/CheckBox_liensPersonnelsFamiliaux_1_Non'

2023-11-24 13:32:48 - [MESSAGE][INFO] - Checking object

2023-11-24 13:32:48 - [MESSAGE][INFO] - Finding web element from Test Object's properties

2023-11-24 13:32:48 - [MESSAGE][INFO] - Checking timeout

2023-11-24 13:32:48 - [MESSAGE][INFO] - Finding web element with id: 'Object Repository/Page_InformationPersonnelles_Usager/CheckBox_liensPersonnelsFamiliaux_1_Non' located by 'By.xpath: //*[@id="ui-accordiontab-1-content"]/div/div/div[1]/div/anef-input-radio/div/div/fieldset/div/div[2]/p-radiobutton/div/div[2]/span|//*[@id="ui-accordiontab-9-content"]/div/app-has-enfants-charge/div/div/anef-input-radio/div/div/fieldset/div/div[2]/p-radiobutton/div/div[2]/span' in '1' second(s)

2023-11-24 13:32:48 - [MESSAGE][INFO] - Smart Wait Function is triggered

2023-11-24 13:32:48 - [MESSAGE][INFO] - Found 1 web elements with id: 'Object Repository/Page_InformationPersonnelles_Usager/CheckBox_liensPersonnelsFamiliaux_1_Non' located by 'By.xpath: //*[@id="ui-accordiontab-1-content"]/div/div/div[1]/div/anef-input-radio/div/div/fieldset/div/div[2]/p-radiobutton/div/div[2]/span|//*[@id="ui-accordiontab-9-content"]/div/app-has-enfants-charge/div/div/anef-input-radio/div/div/fieldset/div/div[2]/p-radiobutton/div/div[2]/span' in '1' second(s)

2023-11-24 13:32:48 - [MESSAGE][PASSED] - Object 'Object Repository/Page_InformationPersonnelles_Usager/CheckBox_liensPersonnelsFamiliaux_1_Non' is present

2023-11-24 13:32:48 - [TEST_STEP][PASSED] - check(findTestObject("Object Repository/Page_InformationPersonnelles_Usager/CheckBox_liensPersonnelsFamiliaux_1_Non"), OPTIONAL): Object 'Object Repository/Page_InformationPersonnelles_Usager/CheckBox_liensPersonnelsFamiliaux_1_Non' is checked

2023-11-24 13:32:48 - [MESSAGE][INFO] - Finding Test Object 'Object Repository/Page_InformationPersonnelles_Usager/CheckBox_liensPersonnelsFamiliaux_1_Non'

2023-11-24 13:32:49 - [MESSAGE][INFO] - Checking object

2023-11-24 13:32:49 - [MESSAGE][INFO] - Finding web element from Test Object's properties

2023-11-24 13:32:49 - [MESSAGE][INFO] - Checking timeout

2023-11-24 13:32:49 - [MESSAGE][INFO] - Finding web element with id: 'Object Repository/Page_InformationPersonnelles_Usager/CheckBox_liensPersonnelsFamiliaux_1_Non' located by 'By.xpath: //*[@id="ui-accordiontab-1-content"]/div/div/div[1]/div/anef-input-radio/div/div/fieldset/div/div[2]/p-radiobutton/div/div[2]/span|//*[@id="ui-accordiontab-9-content"]/div/app-has-enfants-charge/div/div/anef-input-radio/div/div/fieldset/div/div[2]/p-radiobutton/div/div[2]/span' in '5' second(s)

2023-11-24 13:32:49 - [MESSAGE][INFO] - Smart Wait Function is triggered

2023-11-24 13:32:49 - [MESSAGE][INFO] - Found 1 web elements with id: 'Object Repository/Page_InformationPersonnelles_Usager/CheckBox_liensPersonnelsFamiliaux_1_Non' located by 'By.xpath: //*[@id="ui-accordiontab-1-content"]/div/div/div[1]/div/anef-input-radio/div/div/fieldset/div/div[2]/p-radiobutton/div/div[2]/span|//*[@id="ui-accordiontab-9-content"]/div/app-has-enfants-charge/div/div/anef-input-radio/div/div/fieldset/div/div[2]/p-radiobutton/div/div[2]/span' in '5' second(s)

2023-11-24 13:32:49 - [MESSAGE][INFO] - Checking on bject 'Object Repository/Page_InformationPersonnelles_Usager/CheckBox_liensPersonnelsFamiliaux_1_Non'

2023-11-24 13:32:51 - [MESSAGE][PASSED] - Object 'Object Repository/Page_InformationPersonnelles_Usager/CheckBox_liensPersonnelsFamiliaux_1_Non' is checked

2023-11-24 13:32:51 - [TEST_STEP][PASSED] - delay(2): Delayed 2 second(s)

2023-11-24 13:32:51 - [MESSAGE][INFO] - Delaying browser in 2 second(s)

2023-11-24 13:32:53 - [MESSAGE][PASSED] - Delayed 2 second(s)

2023-11-24 13:32:53 - [TEST_STEP][PASSED] - if (verifyElementPresent(findTestObject("Object Repository/Page_InformationPersonnelles_Usager/CheckBox_liensPersonnelsFamiliaux_2_Non"), 1, OPTIONAL)): com.kms.katalon.core.webui.exception.WebElementNotFoundException: Web element with id: 'Object Repository/Page_InformationPersonnelles_Usager/CheckBox_liensPersonnelsFamiliaux_2_Non' located by '//*[@id="ui-accordiontab-1-content"]/div/div/div[2]/div/anef-input-radio/div/div/fieldset/div/div[2]/p-radiobutton/div/div[2]' not found (Root cause: com.kms.katalon.core.exception.StepFailedException: com.kms.katalon.core.webui.exception.WebElementNotFoundException: Web element with id: 'Object Repository/Page_InformationPersonnelles_Usager/CheckBox_liensPersonnelsFamiliaux_2_Non' located by '//*[@id="ui-accordiontab-1-content"]/div/div/div[2]/div/anef-input-radio/div/div/fieldset/div/div[2]/p-radiobutton/div/div[2]' not found
	at com.kms.katalon.core.webui.keyword.internal.WebUIKeywordMain.stepFailed(WebUIKeywordMain.groovy:64)
	at com.kms.katalon.core.webui.keyword.builtin.VerifyElementPresentKeyword$_verifyElementPresent_closure1.doCall(VerifyElementPresentKeyword.groovy:85)
	at com.kms.katalon.core.webui.keyword.builtin.VerifyElementPresentKeyword$_verifyElementPresent_closure1.call(VerifyElementPresentKeyword.groovy)
	at com.kms.katalon.core.webui.keyword.internal.WebUIKeywordMain.runKeyword(WebUIKeywordMain.groovy:20)
	at com.kms.katalon.core.webui.keyword.builtin.VerifyElementPresentKeyword.verifyElementPresent(VerifyElementPresentKeyword.groovy:92)
	at com.kms.katalon.core.webui.keyword.builtin.VerifyElementPresentKeyword.execute(VerifyElementPresentKeyword.groovy:68)
	at com.kms.katalon.core.keyword.internal.KeywordExecutor.executeKeywordForPlatform(KeywordExecutor.groovy:74)
	at com.kms.katalon.core.webui.keyword.WebUiBuiltInKeywords.verifyElementPresent(WebUiBuiltInKeywords.groovy:1448)
	at com.kazurayam.ksbackyard.HighlightElement$_pandemic_closure1.doCall(HighlightElement.groovy:105)
	at FormulaireInformationsPersonnelles.run(FormulaireInformationsPersonnelles:33)
	at com.kms.katalon.core.main.ScriptEngine.run(ScriptEngine.java:194)
	at com.kms.katalon.core.main.ScriptEngine.runScriptAsRawText(ScriptEngine.java:119)
	at com.kms.katalon.core.main.TestCaseExecutor.runScript(TestCaseExecutor.java:448)
	at com.kms.katalon.core.main.TestCaseExecutor.doExecute(TestCaseExecutor.java:439)
	at com.kms.katalon.core.main.TestCaseExecutor.processExecutionPhase(TestCaseExecutor.java:418)
	at com.kms.katalon.core.main.TestCaseExecutor.accessMainPhase(TestCaseExecutor.java:410)
	at com.kms.katalon.core.main.TestCaseExecutor.execute(TestCaseExecutor.java:285)
	at com.kms.katalon.core.main.TestCaseMain.runTestCase(TestCaseMain.java:144)
	at com.kms.katalon.core.keyword.builtin.CallTestCaseKeyword$_callTestCase_closure1.doCall(CallTestCaseKeyword.groovy:59)
	at com.kms.katalon.core.keyword.builtin.CallTestCaseKeyword$_callTestCase_closure1.call(CallTestCaseKeyword.groovy)
	at com.kms.katalon.core.keyword.internal.KeywordMain.runKeyword(KeywordMain.groovy:75)
	at com.kms.katalon.core.keyword.builtin.CallTestCaseKeyword.callTestCase(CallTestCaseKeyword.groovy:81)
	at com.kms.katalon.core.keyword.builtin.CallTestCaseKeyword.execute(CallTestCaseKeyword.groovy:44)
	at com.kms.katalon.core.keyword.internal.KeywordExecutor.executeKeywordForPlatform(KeywordExecutor.groovy:74)
	at com.kms.katalon.core.keyword.BuiltinKeywords.callTestCase(BuiltinKeywords.groovy:310)
	at com.kazurayam.ksbackyard.HighlightElement$_pandemic_closure1.doCall(HighlightElement.groovy:105)
	at TNR R.TSPT Supp90-Etudiant.run(TNR R.TSPT Supp90-Etudiant:47)
	at com.kms.katalon.core.main.ScriptEngine.run(ScriptEngine.java:194)
	at com.kms.katalon.core.main.ScriptEngine.runScriptAsRawText(ScriptEngine.java:119)
	at com.kms.katalon.core.main.TestCaseExecutor.runScript(TestCaseExecutor.java:448)
	at com.kms.katalon.core.main.TestCaseExecutor.doExecute(TestCaseExecutor.java:439)
	at com.kms.katalon.core.main.TestCaseExecutor.processExecutionPhase(TestCaseExecutor.java:418)
	at com.kms.katalon.core.main.TestCaseExecutor.accessMainPhase(TestCaseExecutor.java:410)
	at com.kms.katalon.core.main.TestCaseExecutor.execute(TestCaseExecutor.java:285)
	at com.kms.katalon.core.common.CommonExecutor.accessTestCaseMainPhase(CommonExecutor.java:65)
	at com.kms.katalon.core.main.TestSuiteExecutor.accessTestSuiteMainPhase(TestSuiteExecutor.java:148)
	at com.kms.katalon.core.main.TestSuiteExecutor.execute(TestSuiteExecutor.java:106)
	at com.kms.katalon.core.main.TestCaseMain.startTestSuite(TestCaseMain.java:187)
	at com.kms.katalon.core.main.TestCaseMain$startTestSuite$0.call(Unknown Source)
	at TempTestSuite1700828856047.run(TempTestSuite1700828856047.groovy:36)
)

2023-11-24 13:32:53 - [MESSAGE][INFO] - Finding Test Object 'Object Repository/Page_InformationPersonnelles_Usager/CheckBox_liensPersonnelsFamiliaux_2_Non'

2023-11-24 13:32:53 - [MESSAGE][INFO] - Checking object

2023-11-24 13:32:53 - [MESSAGE][INFO] - Finding web element from Test Object's properties

2023-11-24 13:32:53 - [MESSAGE][INFO] - Checking timeout

2023-11-24 13:32:53 - [MESSAGE][INFO] - Finding web element with id: 'Object Repository/Page_InformationPersonnelles_Usager/CheckBox_liensPersonnelsFamiliaux_2_Non' located by 'By.xpath: //*[@id="ui-accordiontab-1-content"]/div/div/div[2]/div/anef-input-radio/div/div/fieldset/div/div[2]/p-radiobutton/div/div[2]' in '1' second(s)

2023-11-24 13:32:53 - [MESSAGE][INFO] - Smart Wait Function is triggered

2023-11-24 13:32:53 - [MESSAGE][INFO] - Smart Wait Function is triggered

2023-11-24 13:32:53 - [MESSAGE][INFO] - Smart Wait Function is triggered

2023-11-24 13:32:53 - [MESSAGE][INFO] - Smart Wait Function is triggered

2023-11-24 13:32:53 - [MESSAGE][INFO] - Smart Wait Function is triggered

2023-11-24 13:32:53 - [MESSAGE][INFO] - Smart Wait Function is triggered

2023-11-24 13:32:53 - [MESSAGE][INFO] - Smart Wait Function is triggered

2023-11-24 13:32:53 - [MESSAGE][INFO] - Smart Wait Function is triggered

2023-11-24 13:32:53 - [MESSAGE][INFO] - Smart Wait Function is triggered

2023-11-24 13:32:53 - [MESSAGE][INFO] - Smart Wait Function is triggered

2023-11-24 13:32:53 - [MESSAGE][INFO] - Smart Wait Function is triggered

2023-11-24 13:32:53 - [MESSAGE][INFO] - Smart Wait Function is triggered

2023-11-24 13:32:53 - [MESSAGE][INFO] - Smart Wait Function is triggered

2023-11-24 13:32:53 - [MESSAGE][INFO] - Smart Wait Function is triggered

2023-11-24 13:32:53 - [MESSAGE][INFO] - Smart Wait Function is triggered

2023-11-24 13:32:53 - [MESSAGE][INFO] - Smart Wait Function is triggered

2023-11-24 13:32:53 - [MESSAGE][INFO] - Smart Wait Function is triggered

2023-11-24 13:32:53 - [MESSAGE][INFO] - Smart Wait Function is triggered

2023-11-24 13:32:53 - [MESSAGE][INFO] - Smart Wait Function is triggered

2023-11-24 13:32:53 - [MESSAGE][INFO] - Smart Wait Function is triggered

2023-11-24 13:32:53 - [MESSAGE][INFO] - Smart Wait Function is triggered

2023-11-24 13:32:54 - [MESSAGE][INFO] - Smart Wait Function is triggered

2023-11-24 13:32:54 - [MESSAGE][INFO] - Smart Wait Function is triggered

2023-11-24 13:32:54 - [MESSAGE][INFO] - Smart Wait Function is triggered

2023-11-24 13:32:54 - [MESSAGE][INFO] - Smart Wait Function is triggered

2023-11-24 13:32:54 - [MESSAGE][INFO] - Smart Wait Function is triggered

2023-11-24 13:32:54 - [MESSAGE][INFO] - Smart Wait Function is triggered

2023-11-24 13:32:54 - [MESSAGE][INFO] - Smart Wait Function is triggered

2023-11-24 13:32:54 - [MESSAGE][INFO] - Smart Wait Function is triggered

2023-11-24 13:32:54 - [MESSAGE][INFO] - Smart Wait Function is triggered

2023-11-24 13:32:54 - [MESSAGE][INFO] - Smart Wait Function is triggered

2023-11-24 13:32:54 - [MESSAGE][INFO] - Smart Wait Function is triggered

2023-11-24 13:32:54 - [MESSAGE][INFO] - Smart Wait Function is triggered

2023-11-24 13:32:54 - [MESSAGE][INFO] - Smart Wait Function is triggered

2023-11-24 13:32:54 - [MESSAGE][INFO] - Smart Wait Function is triggered

2023-11-24 13:32:54 - [MESSAGE][INFO] - Smart Wait Function is triggered

2023-11-24 13:32:54 - [MESSAGE][INFO] - Smart Wait Function is triggered

2023-11-24 13:32:54 - [MESSAGE][INFO] - Smart Wait Function is triggered

2023-11-24 13:32:54 - [MESSAGE][INFO] - Smart Wait Function is triggered

2023-11-24 13:32:54 - [MESSAGE][INFO] - Smart Wait Function is triggered

2023-11-24 13:32:54 - [MESSAGE][INFO] - Smart Wait Function is triggered

2023-11-24 13:32:54 - [MESSAGE][INFO] - Smart Wait Function is triggered

2023-11-24 13:32:54 - [MESSAGE][INFO] - Smart Wait Function is triggered

2023-11-24 13:32:54 - [MESSAGE][INFO] - Smart Wait Function is triggered

2023-11-24 13:32:54 - [MESSAGE][INFO] - Smart Wait Function is triggered

2023-11-24 13:32:54 - [MESSAGE][INFO] - Smart Wait Function is triggered

2023-11-24 13:32:54 - [MESSAGE][INFO] - Smart Wait Function is triggered

2023-11-24 13:32:54 - [MESSAGE][INFO] - Smart Wait Function is triggered

2023-11-24 13:32:54 - [MESSAGE][INFO] - Smart Wait Function is triggered

2023-11-24 13:32:54 - [MESSAGE][INFO] - Smart Wait Function is triggered

2023-11-24 13:32:54 - [MESSAGE][INFO] - Smart Wait Function is triggered

2023-11-24 13:32:54 - [MESSAGE][INFO] - Smart Wait Function is triggered

2023-11-24 13:32:55 - [MESSAGE][INFO] - Smart Wait Function is triggered

2023-11-24 13:32:55 - [MESSAGE][INFO] - Smart Wait Function is triggered

2023-11-24 13:32:55 - [MESSAGE][INFO] - Smart Wait Function is triggered

2023-11-24 13:32:55 - [MESSAGE][INFO] - Smart Wait Function is triggered

2023-11-24 13:32:55 - [MESSAGE][INFO] - Smart Wait Function is triggered

2023-11-24 13:32:55 - [MESSAGE][INFO] - Smart Wait Function is triggered

2023-11-24 13:32:55 - [MESSAGE][INFO] - Smart Wait Function is triggered

2023-11-24 13:32:55 - [MESSAGE][INFO] - Smart Wait Function is triggered

2023-11-24 13:32:55 - [MESSAGE][INFO] - Smart Wait Function is triggered

2023-11-24 13:32:55 - [MESSAGE][INFO] - Smart Wait Function is triggered

2023-11-24 13:32:55 - [MESSAGE][INFO] - Unable to find the element located by 'By.xpath: //*[@id="ui-accordiontab-1-content"]/div/div/div[2]/div/anef-input-radio/div/div/fieldset/div/div[2]/p-radiobutton/div/div[2]'. Please recheck the objects properties to make sure the desired element is located. 

2023-11-24 13:32:55 - [MESSAGE][WARNING] - com.kms.katalon.core.webui.exception.WebElementNotFoundException: Web element with id: 'Object Repository/Page_InformationPersonnelles_Usager/CheckBox_liensPersonnelsFamiliaux_2_Non' located by '//*[@id="ui-accordiontab-1-content"]/div/div/div[2]/div/anef-input-radio/div/div/fieldset/div/div[2]/p-radiobutton/div/div[2]' not found (Root cause: com.kms.katalon.core.exception.StepFailedException: com.kms.katalon.core.webui.exception.WebElementNotFoundException: Web element with id: 'Object Repository/Page_InformationPersonnelles_Usager/CheckBox_liensPersonnelsFamiliaux_2_Non' located by '//*[@id="ui-accordiontab-1-content"]/div/div/div[2]/div/anef-input-radio/div/div/fieldset/div/div[2]/p-radiobutton/div/div[2]' not found
	at com.kms.katalon.core.webui.keyword.internal.WebUIKeywordMain.stepFailed(WebUIKeywordMain.groovy:64)
	at com.kms.katalon.core.webui.keyword.builtin.VerifyElementPresentKeyword$_verifyElementPresent_closure1.doCall(VerifyElementPresentKeyword.groovy:85)
	at com.kms.katalon.core.webui.keyword.builtin.VerifyElementPresentKeyword$_verifyElementPresent_closure1.call(VerifyElementPresentKeyword.groovy)
	at com.kms.katalon.core.webui.keyword.internal.WebUIKeywordMain.runKeyword(WebUIKeywordMain.groovy:20)
	at com.kms.katalon.core.webui.keyword.builtin.VerifyElementPresentKeyword.verifyElementPresent(VerifyElementPresentKeyword.groovy:92)
	at com.kms.katalon.core.webui.keyword.builtin.VerifyElementPresentKeyword.execute(VerifyElementPresentKeyword.groovy:68)
	at com.kms.katalon.core.keyword.internal.KeywordExecutor.executeKeywordForPlatform(KeywordExecutor.groovy:74)
	at com.kms.katalon.core.webui.keyword.WebUiBuiltInKeywords.verifyElementPresent(WebUiBuiltInKeywords.groovy:1448)
	at com.kazurayam.ksbackyard.HighlightElement$_pandemic_closure1.doCall(HighlightElement.groovy:105)
	at FormulaireInformationsPersonnelles.run(FormulaireInformationsPersonnelles:33)
	at com.kms.katalon.core.main.ScriptEngine.run(ScriptEngine.java:194)
	at com.kms.katalon.core.main.ScriptEngine.runScriptAsRawText(ScriptEngine.java:119)
	at com.kms.katalon.core.main.TestCaseExecutor.runScript(TestCaseExecutor.java:448)
	at com.kms.katalon.core.main.TestCaseExecutor.doExecute(TestCaseExecutor.java:439)
	at com.kms.katalon.core.main.TestCaseExecutor.processExecutionPhase(TestCaseExecutor.java:418)
	at com.kms.katalon.core.main.TestCaseExecutor.accessMainPhase(TestCaseExecutor.java:410)
	at com.kms.katalon.core.main.TestCaseExecutor.execute(TestCaseExecutor.java:285)
	at com.kms.katalon.core.main.TestCaseMain.runTestCase(TestCaseMain.java:144)
	at com.kms.katalon.core.keyword.builtin.CallTestCaseKeyword$_callTestCase_closure1.doCall(CallTestCaseKeyword.groovy:59)
	at com.kms.katalon.core.keyword.builtin.CallTestCaseKeyword$_callTestCase_closure1.call(CallTestCaseKeyword.groovy)
	at com.kms.katalon.core.keyword.internal.KeywordMain.runKeyword(KeywordMain.groovy:75)
	at com.kms.katalon.core.keyword.builtin.CallTestCaseKeyword.callTestCase(CallTestCaseKeyword.groovy:81)
	at com.kms.katalon.core.keyword.builtin.CallTestCaseKeyword.execute(CallTestCaseKeyword.groovy:44)
	at com.kms.katalon.core.keyword.internal.KeywordExecutor.executeKeywordForPlatform(KeywordExecutor.groovy:74)
	at com.kms.katalon.core.keyword.BuiltinKeywords.callTestCase(BuiltinKeywords.groovy:310)
	at com.kazurayam.ksbackyard.HighlightElement$_pandemic_closure1.doCall(HighlightElement.groovy:105)
	at TNR R.TSPT Supp90-Etudiant.run(TNR R.TSPT Supp90-Etudiant:47)
	at com.kms.katalon.core.main.ScriptEngine.run(ScriptEngine.java:194)
	at com.kms.katalon.core.main.ScriptEngine.runScriptAsRawText(ScriptEngine.java:119)
	at com.kms.katalon.core.main.TestCaseExecutor.runScript(TestCaseExecutor.java:448)
	at com.kms.katalon.core.main.TestCaseExecutor.doExecute(TestCaseExecutor.java:439)
	at com.kms.katalon.core.main.TestCaseExecutor.processExecutionPhase(TestCaseExecutor.java:418)
	at com.kms.katalon.core.main.TestCaseExecutor.accessMainPhase(TestCaseExecutor.java:410)
	at com.kms.katalon.core.main.TestCaseExecutor.execute(TestCaseExecutor.java:285)
	at com.kms.katalon.core.common.CommonExecutor.accessTestCaseMainPhase(CommonExecutor.java:65)
	at com.kms.katalon.core.main.TestSuiteExecutor.accessTestSuiteMainPhase(TestSuiteExecutor.java:148)
	at com.kms.katalon.core.main.TestSuiteExecutor.execute(TestSuiteExecutor.java:106)
	at com.kms.katalon.core.main.TestCaseMain.startTestSuite(TestCaseMain.java:187)
	at com.kms.katalon.core.main.TestCaseMain$startTestSuite$0.call(Unknown Source)
	at TempTestSuite1700828856047.run(TempTestSuite1700828856047.groovy:36)
)
[[ATTACHMENT|C:\\Users\\ISSAM.RHARBAOUI\\git\\22_11\\ANEF-AutomatizationProject\\Reports\\20231124_132736\\TS_TNR_R.TSPT_Suppo90\\20231124_132736\\1700829175325.png]]

2023-11-24 13:32:55 - [TEST_STEP][PASSED] - delay(2): Delayed 2 second(s)

2023-11-24 13:32:55 - [MESSAGE][INFO] - Delaying browser in 2 second(s)

2023-11-24 13:32:57 - [MESSAGE][PASSED] - Delayed 2 second(s)

2023-11-24 13:32:57 - [TEST_STEP][PASSED] - if (verifyElementPresent(findTestObject("Object Repository/Page_InformationPersonnelles_Usager/CheckBox_DesEnfantsACharge_Non"), 1, OPTIONAL)): null

2023-11-24 13:32:57 - [MESSAGE][INFO] - Finding Test Object 'Object Repository/Page_InformationPersonnelles_Usager/CheckBox_DesEnfantsACharge_Non'

2023-11-24 13:32:57 - [MESSAGE][INFO] - Checking object

2023-11-24 13:32:57 - [MESSAGE][INFO] - Finding web element from Test Object's properties

2023-11-24 13:32:57 - [MESSAGE][INFO] - Checking timeout

2023-11-24 13:32:57 - [MESSAGE][INFO] - Finding web element with id: 'Object Repository/Page_InformationPersonnelles_Usager/CheckBox_DesEnfantsACharge_Non' located by 'By.xpath: //app-demande-ptsq//app-informations-personnelles-shared//app-has-enfants-charge//div//fieldset/div/div[2]/p-radiobutton/div/div[2]/span|//app-demande-visiteur//app-informations-personnelles-shared//app-has-enfants-charge/div/div/anef-input-radio/div/div/fieldset/div/div[2]/p-radiobutton/div/div[2]/span|//app-demande-ptch//app-informations-personnelles-shared//app-has-enfants-charge/div/div/anef-input-radio/div/div/fieldset/div/div[2]/p-radiobutton/div/div[2]/span|//div/app-has-enfants-charge/div/div/anef-input-radio/div/div/fieldset/div/div[2]/p-radiobutton/div/div[2]/span
' in '1' second(s)

2023-11-24 13:32:57 - [MESSAGE][INFO] - Smart Wait Function is triggered

2023-11-24 13:32:57 - [MESSAGE][INFO] - Found 1 web elements with id: 'Object Repository/Page_InformationPersonnelles_Usager/CheckBox_DesEnfantsACharge_Non' located by 'By.xpath: //app-demande-ptsq//app-informations-personnelles-shared//app-has-enfants-charge//div//fieldset/div/div[2]/p-radiobutton/div/div[2]/span|//app-demande-visiteur//app-informations-personnelles-shared//app-has-enfants-charge/div/div/anef-input-radio/div/div/fieldset/div/div[2]/p-radiobutton/div/div[2]/span|//app-demande-ptch//app-informations-personnelles-shared//app-has-enfants-charge/div/div/anef-input-radio/div/div/fieldset/div/div[2]/p-radiobutton/div/div[2]/span|//div/app-has-enfants-charge/div/div/anef-input-radio/div/div/fieldset/div/div[2]/p-radiobutton/div/div[2]/span
' in '1' second(s)

2023-11-24 13:32:57 - [MESSAGE][PASSED] - Object 'Object Repository/Page_InformationPersonnelles_Usager/CheckBox_DesEnfantsACharge_Non' is present

2023-11-24 13:32:57 - [TEST_STEP][PASSED] - check(findTestObject("Object Repository/Page_InformationPersonnelles_Usager/CheckBox_DesEnfantsACharge_Non"), OPTIONAL): Object 'Object Repository/Page_InformationPersonnelles_Usager/CheckBox_DesEnfantsACharge_Non' is checked

2023-11-24 13:32:57 - [MESSAGE][INFO] - Finding Test Object 'Object Repository/Page_InformationPersonnelles_Usager/CheckBox_DesEnfantsACharge_Non'

2023-11-24 13:32:57 - [MESSAGE][INFO] - Checking object

2023-11-24 13:32:57 - [MESSAGE][INFO] - Finding web element from Test Object's properties

2023-11-24 13:32:57 - [MESSAGE][INFO] - Checking timeout

2023-11-24 13:32:57 - [MESSAGE][INFO] - Finding web element with id: 'Object Repository/Page_InformationPersonnelles_Usager/CheckBox_DesEnfantsACharge_Non' located by 'By.xpath: //app-demande-ptsq//app-informations-personnelles-shared//app-has-enfants-charge//div//fieldset/div/div[2]/p-radiobutton/div/div[2]/span|//app-demande-visiteur//app-informations-personnelles-shared//app-has-enfants-charge/div/div/anef-input-radio/div/div/fieldset/div/div[2]/p-radiobutton/div/div[2]/span|//app-demande-ptch//app-informations-personnelles-shared//app-has-enfants-charge/div/div/anef-input-radio/div/div/fieldset/div/div[2]/p-radiobutton/div/div[2]/span|//div/app-has-enfants-charge/div/div/anef-input-radio/div/div/fieldset/div/div[2]/p-radiobutton/div/div[2]/span
' in '5' second(s)

2023-11-24 13:32:57 - [MESSAGE][INFO] - Smart Wait Function is triggered

2023-11-24 13:32:57 - [MESSAGE][INFO] - Found 1 web elements with id: 'Object Repository/Page_InformationPersonnelles_Usager/CheckBox_DesEnfantsACharge_Non' located by 'By.xpath: //app-demande-ptsq//app-informations-personnelles-shared//app-has-enfants-charge//div//fieldset/div/div[2]/p-radiobutton/div/div[2]/span|//app-demande-visiteur//app-informations-personnelles-shared//app-has-enfants-charge/div/div/anef-input-radio/div/div/fieldset/div/div[2]/p-radiobutton/div/div[2]/span|//app-demande-ptch//app-informations-personnelles-shared//app-has-enfants-charge/div/div/anef-input-radio/div/div/fieldset/div/div[2]/p-radiobutton/div/div[2]/span|//div/app-has-enfants-charge/div/div/anef-input-radio/div/div/fieldset/div/div[2]/p-radiobutton/div/div[2]/span
' in '5' second(s)

2023-11-24 13:32:57 - [MESSAGE][INFO] - Checking on bject 'Object Repository/Page_InformationPersonnelles_Usager/CheckBox_DesEnfantsACharge_Non'

2023-11-24 13:32:59 - [MESSAGE][PASSED] - Object 'Object Repository/Page_InformationPersonnelles_Usager/CheckBox_DesEnfantsACharge_Non' is checked

2023-11-24 13:32:59 - [TEST_STEP][PASSED] - delay(2): Delayed 2 second(s)

2023-11-24 13:32:59 - [MESSAGE][INFO] - Delaying browser in 2 second(s)

2023-11-24 13:33:01 - [MESSAGE][PASSED] - Delayed 2 second(s)

2023-11-24 13:33:01 - [TEST_STEP][PASSED] - setText(findTestObject("Object Repository/Page_InformationPersonnelles_Usager/Input_AdresseUsager"), AdresseUsager): Text '2 rue des 3 moulins 77000 melun' is set on object 'Object Repository/Page_InformationPersonnelles_Usager/Input_AdresseUsager'

2023-11-24 13:33:01 - [MESSAGE][INFO] - Finding Test Object 'Object Repository/Page_InformationPersonnelles_Usager/Input_AdresseUsager'

2023-11-24 13:33:01 - [MESSAGE][INFO] - Checking timeout

2023-11-24 13:33:01 - [MESSAGE][INFO] - Finding web element with id: 'Object Repository/Page_InformationPersonnelles_Usager/Input_AdresseUsager' located by 'By.xpath: //app-informations-personnelles//app-adresse-etalab//app-vls-ts-etalab//div/input|//app-informations-personnelles-shared//app-adresse-etalab//app-vls-ts-etalab//div/input' in '20' second(s)

2023-11-24 13:33:01 - [MESSAGE][INFO] - Smart Wait Function is triggered

2023-11-24 13:33:02 - [MESSAGE][INFO] - Found 1 web elements with id: 'Object Repository/Page_InformationPersonnelles_Usager/Input_AdresseUsager' located by 'By.xpath: //app-informations-personnelles//app-adresse-etalab//app-vls-ts-etalab//div/input|//app-informations-personnelles-shared//app-adresse-etalab//app-vls-ts-etalab//div/input' in '20' second(s)

2023-11-24 13:33:02 - [MESSAGE][INFO] - Checking object

2023-11-24 13:33:02 - [MESSAGE][INFO] - Checking text

2023-11-24 13:33:02 - [MESSAGE][INFO] - Finding web element from Test Object's properties

2023-11-24 13:33:02 - [MESSAGE][INFO] - Checking timeout

2023-11-24 13:33:02 - [MESSAGE][INFO] - Finding web element with id: 'Object Repository/Page_InformationPersonnelles_Usager/Input_AdresseUsager' located by 'By.xpath: //app-informations-personnelles//app-adresse-etalab//app-vls-ts-etalab//div/input|//app-informations-personnelles-shared//app-adresse-etalab//app-vls-ts-etalab//div/input' in '5' second(s)

2023-11-24 13:33:02 - [MESSAGE][INFO] - Smart Wait Function is triggered

2023-11-24 13:33:02 - [MESSAGE][INFO] - Found 1 web elements with id: 'Object Repository/Page_InformationPersonnelles_Usager/Input_AdresseUsager' located by 'By.xpath: //app-informations-personnelles//app-adresse-etalab//app-vls-ts-etalab//div/input|//app-informations-personnelles-shared//app-adresse-etalab//app-vls-ts-etalab//div/input' in '5' second(s)

2023-11-24 13:33:02 - [MESSAGE][INFO] - Clearing text of object 'Object Repository/Page_InformationPersonnelles_Usager/Input_AdresseUsager'

2023-11-24 13:33:04 - [MESSAGE][INFO] - Finding web element from Test Object's properties

2023-11-24 13:33:04 - [MESSAGE][INFO] - Checking timeout

2023-11-24 13:33:04 - [MESSAGE][INFO] - Finding web element with id: 'Object Repository/Page_InformationPersonnelles_Usager/Input_AdresseUsager' located by 'By.xpath: //app-informations-personnelles//app-adresse-etalab//app-vls-ts-etalab//div/input|//app-informations-personnelles-shared//app-adresse-etalab//app-vls-ts-etalab//div/input' in '5' second(s)

2023-11-24 13:33:04 - [MESSAGE][INFO] - Smart Wait Function is triggered

2023-11-24 13:33:04 - [MESSAGE][INFO] - Found 1 web elements with id: 'Object Repository/Page_InformationPersonnelles_Usager/Input_AdresseUsager' located by 'By.xpath: //app-informations-personnelles//app-adresse-etalab//app-vls-ts-etalab//div/input|//app-informations-personnelles-shared//app-adresse-etalab//app-vls-ts-etalab//div/input' in '5' second(s)

2023-11-24 13:33:04 - [MESSAGE][INFO] - Setting text of object 'Object Repository/Page_InformationPersonnelles_Usager/Input_AdresseUsager' to value '2 rue des 3 moulins 77000 melun'

2023-11-24 13:33:06 - [MESSAGE][PASSED] - Text '2 rue des 3 moulins 77000 melun' is set on object 'Object Repository/Page_InformationPersonnelles_Usager/Input_AdresseUsager'

2023-11-24 13:33:06 - [TEST_STEP][PASSED] - delay(2): Delayed 2 second(s)

2023-11-24 13:33:06 - [MESSAGE][INFO] - Delaying browser in 2 second(s)

2023-11-24 13:33:08 - [MESSAGE][PASSED] - Delayed 2 second(s)

2023-11-24 13:33:08 - [TEST_STEP][PASSED] - setText(findTestObject("Object Repository/Page_InformationPersonnelles_Usager/Input_NumeroDeTelephone"), NumeroTelephoneUsager): Text '0911223344' is set on object 'Object Repository/Page_InformationPersonnelles_Usager/Input_NumeroDeTelephone'

2023-11-24 13:33:08 - [MESSAGE][INFO] - Finding Test Object 'Object Repository/Page_InformationPersonnelles_Usager/Input_NumeroDeTelephone'

2023-11-24 13:33:08 - [MESSAGE][INFO] - Checking timeout

2023-11-24 13:33:08 - [MESSAGE][INFO] - Finding web element with id: 'Object Repository/Page_InformationPersonnelles_Usager/Input_NumeroDeTelephone' located by 'By.xpath: //*[@aria-labelledby="TELEPHONE_PORTABLE-label"]' in '20' second(s)

2023-11-24 13:33:08 - [MESSAGE][INFO] - Smart Wait Function is triggered

2023-11-24 13:33:08 - [MESSAGE][INFO] - Found 1 web elements with id: 'Object Repository/Page_InformationPersonnelles_Usager/Input_NumeroDeTelephone' located by 'By.xpath: //*[@aria-labelledby="TELEPHONE_PORTABLE-label"]' in '20' second(s)

2023-11-24 13:33:08 - [MESSAGE][INFO] - Checking object

2023-11-24 13:33:08 - [MESSAGE][INFO] - Checking text

2023-11-24 13:33:08 - [MESSAGE][INFO] - Finding web element from Test Object's properties

2023-11-24 13:33:08 - [MESSAGE][INFO] - Checking timeout

2023-11-24 13:33:08 - [MESSAGE][INFO] - Finding web element with id: 'Object Repository/Page_InformationPersonnelles_Usager/Input_NumeroDeTelephone' located by 'By.xpath: //*[@aria-labelledby="TELEPHONE_PORTABLE-label"]' in '5' second(s)

2023-11-24 13:33:08 - [MESSAGE][INFO] - Smart Wait Function is triggered

2023-11-24 13:33:08 - [MESSAGE][INFO] - Found 1 web elements with id: 'Object Repository/Page_InformationPersonnelles_Usager/Input_NumeroDeTelephone' located by 'By.xpath: //*[@aria-labelledby="TELEPHONE_PORTABLE-label"]' in '5' second(s)

2023-11-24 13:33:08 - [MESSAGE][INFO] - Clearing text of object 'Object Repository/Page_InformationPersonnelles_Usager/Input_NumeroDeTelephone'

2023-11-24 13:33:10 - [MESSAGE][INFO] - Finding web element from Test Object's properties

2023-11-24 13:33:10 - [MESSAGE][INFO] - Checking timeout

2023-11-24 13:33:10 - [MESSAGE][INFO] - Finding web element with id: 'Object Repository/Page_InformationPersonnelles_Usager/Input_NumeroDeTelephone' located by 'By.xpath: //*[@aria-labelledby="TELEPHONE_PORTABLE-label"]' in '5' second(s)

2023-11-24 13:33:10 - [MESSAGE][INFO] - Smart Wait Function is triggered

2023-11-24 13:33:10 - [MESSAGE][INFO] - Found 1 web elements with id: 'Object Repository/Page_InformationPersonnelles_Usager/Input_NumeroDeTelephone' located by 'By.xpath: //*[@aria-labelledby="TELEPHONE_PORTABLE-label"]' in '5' second(s)

2023-11-24 13:33:10 - [MESSAGE][INFO] - Setting text of object 'Object Repository/Page_InformationPersonnelles_Usager/Input_NumeroDeTelephone' to value '0911223344'

2023-11-24 13:33:13 - [MESSAGE][PASSED] - Text '0911223344' is set on object 'Object Repository/Page_InformationPersonnelles_Usager/Input_NumeroDeTelephone'

2023-11-24 13:33:13 - [TEST_STEP][PASSED] - click(findTestObject("Object Repository/Page_DemarcheRenouvellement/btn_EnregistrerEtPoursuivre")): Object: 'Object Repository/Page_DemarcheRenouvellement/btn_EnregistrerEtPoursuivre' is clicked on

2023-11-24 13:33:13 - [MESSAGE][INFO] - Finding Test Object 'Object Repository/Page_DemarcheRenouvellement/btn_EnregistrerEtPoursuivre'

2023-11-24 13:33:13 - [MESSAGE][INFO] - Checking timeout

2023-11-24 13:33:13 - [MESSAGE][INFO] - Finding web element with id: 'Object Repository/Page_DemarcheRenouvellement/btn_EnregistrerEtPoursuivre' located by 'By.xpath: //span[text()='Enregistrer et poursuivre >']' in '20' second(s)

2023-11-24 13:33:13 - [MESSAGE][INFO] - Smart Wait Function is triggered

2023-11-24 13:33:13 - [MESSAGE][INFO] - Found 1 web elements with id: 'Object Repository/Page_DemarcheRenouvellement/btn_EnregistrerEtPoursuivre' located by 'By.xpath: //span[text()='Enregistrer et poursuivre >']' in '20' second(s)

2023-11-24 13:33:13 - [MESSAGE][INFO] - Checking object

2023-11-24 13:33:13 - [MESSAGE][INFO] - Checking timeout

2023-11-24 13:33:13 - [MESSAGE][INFO] - Finding web element from Test Object's properties

2023-11-24 13:33:13 - [MESSAGE][INFO] - Checking timeout

2023-11-24 13:33:13 - [MESSAGE][INFO] - Finding web element with id: 'Object Repository/Page_DemarcheRenouvellement/btn_EnregistrerEtPoursuivre' located by 'By.xpath: //span[text()='Enregistrer et poursuivre >']' in '5' second(s)

2023-11-24 13:33:13 - [MESSAGE][INFO] - Smart Wait Function is triggered

2023-11-24 13:33:13 - [MESSAGE][INFO] - Found 1 web elements with id: 'Object Repository/Page_DemarcheRenouvellement/btn_EnregistrerEtPoursuivre' located by 'By.xpath: //span[text()='Enregistrer et poursuivre >']' in '5' second(s)

2023-11-24 13:33:13 - [MESSAGE][INFO] - Clicking on object: 'Object Repository/Page_DemarcheRenouvellement/btn_EnregistrerEtPoursuivre'

2023-11-24 13:33:15 - [MESSAGE][PASSED] - Object: 'Object Repository/Page_DemarcheRenouvellement/btn_EnregistrerEtPoursuivre' is clicked on

2023-11-24 13:33:15 - [MESSAGE][PASSED] - Call Test Case 'Test Cases/Test Reutilisable/DemandeOuRenouvelle_TitreSejour/FormulaireInformationsPersonnelles' successfully

2023-11-24 13:33:15 - [TEST_STEP][PASSED] - callTestCase(findTestCase("Test Reutilisable/DemandeOuRenouvelle_TitreSejour/FormulaireMotifDeLaDemande"), ["TypeTitreDeSejour":TypeTitreDeSejour, "Titre":Titre], STOP_ON_FAILURE): Call Test Case 'Test Cases/Test Reutilisable/DemandeOuRenouvelle_TitreSejour/FormulaireMotifDeLaDemande' successfully

2023-11-24 13:33:15 - [MESSAGE][INFO] - Checking called Test Case

2023-11-24 13:33:15 - [MESSAGE][INFO] - Starting to call Test Case 'Test Cases/Test Reutilisable/DemandeOuRenouvelle_TitreSejour/FormulaireMotifDeLaDemande'

2023-11-24 13:33:15 - [TEST_CASE][PASSED] - Test Cases/Test Reutilisable/DemandeOuRenouvelle_TitreSejour/FormulaireMotifDeLaDemande: Test Cases/Test Reutilisable/DemandeOuRenouvelle_TitreSejour/FormulaireMotifDeLaDemande

2023-11-24 13:33:17 - [TEST_STEP][PASSED] - com.kazurayam.ksbackyard.HighlightElement.pandemic(): com.kazurayam.ksbackyard.HighlightElement.pandemic is PASSED

2023-11-24 13:33:17 - [MESSAGE][PASSED] - com.kazurayam.ksbackyard.HighlightElement.pandemic is PASSED

2023-11-24 13:33:17 - [TEST_STEP][PASSED] - if (TypeTitreDeSejour == "RenouvellementDeTitreSejour" && Titre == "Etudiant"): null

2023-11-24 13:33:17 - [TEST_STEP][PASSED] - if (TypeTitreDeSejour == "Visiteur" && Titre == "Etudiant" || TypeTitreDeSejour == "RenouvellementDeTitreSejour" && Titre == "Visiteur"): null

2023-11-24 13:33:17 - [TEST_STEP][PASSED] - if (TypeTitreDeSejour == "TS-PT-SalarieQualifie" && Titre == "Visiteur" || Titre == "Etudiant"): null

2023-11-24 13:33:17 - [TEST_STEP][PASSED] - if (TypeTitreDeSejour == "TS-PT-SalarieEntrepriseInnovante" && Titre == "Visiteur" || Titre == "Etudiant"): null

2023-11-24 13:33:17 - [TEST_STEP][PASSED] - if (TypeTitreDeSejour == "TS-PT-CarteBleueEuropeenne" && Titre == "Visiteur" || Titre == "Etudiant"): null

2023-11-24 13:33:17 - [TEST_STEP][PASSED] - if (TypeTitreDeSejour == "TS-PT-SalarieEnMission" && Titre == "Visiteur" || Titre == "Etudiant"): null

2023-11-24 13:33:17 - [TEST_STEP][PASSED] - if (TypeTitreDeSejour == "ChercheurEtChercheurEnMobilite" && Titre == "Visiteur" || Titre == "Etudiant"): null

2023-11-24 13:33:17 - [TEST_STEP][PASSED] - if (TypeTitreDeSejour == "FrenchTechVisaForInvestors" && Titre == "Visiteur" || Titre == "Etudiant"): null

2023-11-24 13:33:17 - [TEST_STEP][PASSED] - if (TypeTitreDeSejour == "CreateurDEntreprise" && Titre == "Visiteur" || TypeTitreDeSejour == "CreateurDEntreprise" && Titre == "Etudiant"): null

2023-11-24 13:33:17 - [TEST_STEP][PASSED] - if (TypeTitreDeSejour == "FrenchTechVisaForFounders" && Titre == "Etudiant" || TypeTitreDeSejour == "FrenchTechVisaForFounders" && Titre == "Visiteur"): null

2023-11-24 13:33:17 - [TEST_STEP][PASSED] - if (TypeTitreDeSejour == "MandataireSocial" && Titre == "Etudiant" || TypeTitreDeSejour == "MandataireSocial" && Titre == "Visiteur"): null

2023-11-24 13:33:17 - [TEST_STEP][PASSED] - if (TypeTitreDeSejour == "ArtisteNonSalarie" && Titre == "Etudiant" || TypeTitreDeSejour == "ArtisteNonSalarie" && Titre == "Visiteur"): null

2023-11-24 13:33:17 - [TEST_STEP][PASSED] - if (TypeTitreDeSejour == "ArtisteSalarie" && Titre == "Etudiant" || TypeTitreDeSejour == "ArtisteSalarie" && Titre == "Visiteur"): Object: 'Object Repository/Page_DemarcheRenouvellement/btn_EnregistrerEtPoursuivre' is clicked on

2023-11-24 13:33:17 - [TEST_STEP][PASSED] - "Veuillez sélectionner l'option correspondant à votre situation: Artiste salarié": null

2023-11-24 13:33:17 - [TEST_STEP][PASSED] - click(findTestObject("Object Repository/Page_MotifDeLaDemande_Usager/CheckBox_Artiste_Salarie")): Object: 'Object Repository/Page_MotifDeLaDemande_Usager/CheckBox_Artiste_Salarie' is clicked on

2023-11-24 13:33:17 - [MESSAGE][INFO] - Finding Test Object 'Object Repository/Page_MotifDeLaDemande_Usager/CheckBox_Artiste_Salarie'

2023-11-24 13:33:17 - [MESSAGE][INFO] - Checking timeout

2023-11-24 13:33:17 - [MESSAGE][INFO] - Finding web element with id: 'Object Repository/Page_MotifDeLaDemande_Usager/CheckBox_Artiste_Salarie' located by 'By.xpath: //div/div/div[1]/p-radiobutton/div/div[2]/span' in '20' second(s)

2023-11-24 13:33:17 - [MESSAGE][INFO] - Smart Wait Function is triggered

2023-11-24 13:33:17 - [MESSAGE][INFO] - Found 1 web elements with id: 'Object Repository/Page_MotifDeLaDemande_Usager/CheckBox_Artiste_Salarie' located by 'By.xpath: //div/div/div[1]/p-radiobutton/div/div[2]/span' in '20' second(s)

2023-11-24 13:33:17 - [MESSAGE][INFO] - Checking object

2023-11-24 13:33:17 - [MESSAGE][INFO] - Checking timeout

2023-11-24 13:33:17 - [MESSAGE][INFO] - Finding web element from Test Object's properties

2023-11-24 13:33:17 - [MESSAGE][INFO] - Checking timeout

2023-11-24 13:33:17 - [MESSAGE][INFO] - Finding web element with id: 'Object Repository/Page_MotifDeLaDemande_Usager/CheckBox_Artiste_Salarie' located by 'By.xpath: //div/div/div[1]/p-radiobutton/div/div[2]/span' in '5' second(s)

2023-11-24 13:33:17 - [MESSAGE][INFO] - Smart Wait Function is triggered

2023-11-24 13:33:17 - [MESSAGE][INFO] - Found 1 web elements with id: 'Object Repository/Page_MotifDeLaDemande_Usager/CheckBox_Artiste_Salarie' located by 'By.xpath: //div/div/div[1]/p-radiobutton/div/div[2]/span' in '5' second(s)

2023-11-24 13:33:17 - [MESSAGE][INFO] - Clicking on object: 'Object Repository/Page_MotifDeLaDemande_Usager/CheckBox_Artiste_Salarie'

2023-11-24 13:33:19 - [MESSAGE][PASSED] - Object: 'Object Repository/Page_MotifDeLaDemande_Usager/CheckBox_Artiste_Salarie' is clicked on

2023-11-24 13:33:19 - [TEST_STEP][PASSED] - setText(findTestObject("Object Repository/Page_MotifDeLaDemande_Usager/input_IntituleDeLEmploi"), "IntituleDeLEmploi"): Text 'IntituleDeLEmploi' is set on object 'Object Repository/Page_MotifDeLaDemande_Usager/input_IntituleDeLEmploi'

2023-11-24 13:33:19 - [MESSAGE][INFO] - Finding Test Object 'Object Repository/Page_MotifDeLaDemande_Usager/input_IntituleDeLEmploi'

2023-11-24 13:33:19 - [MESSAGE][INFO] - Checking timeout

2023-11-24 13:33:19 - [MESSAGE][INFO] - Finding web element with id: 'Object Repository/Page_MotifDeLaDemande_Usager/input_IntituleDeLEmploi' located by 'By.xpath: //*[@aria-labelledby="INTITULE_EMPLOI-label"]' in '20' second(s)

2023-11-24 13:33:19 - [MESSAGE][INFO] - Smart Wait Function is triggered

2023-11-24 13:33:19 - [MESSAGE][INFO] - Found 1 web elements with id: 'Object Repository/Page_MotifDeLaDemande_Usager/input_IntituleDeLEmploi' located by 'By.xpath: //*[@aria-labelledby="INTITULE_EMPLOI-label"]' in '20' second(s)

2023-11-24 13:33:19 - [MESSAGE][INFO] - Checking object

2023-11-24 13:33:19 - [MESSAGE][INFO] - Checking text

2023-11-24 13:33:19 - [MESSAGE][INFO] - Finding web element from Test Object's properties

2023-11-24 13:33:19 - [MESSAGE][INFO] - Checking timeout

2023-11-24 13:33:19 - [MESSAGE][INFO] - Finding web element with id: 'Object Repository/Page_MotifDeLaDemande_Usager/input_IntituleDeLEmploi' located by 'By.xpath: //*[@aria-labelledby="INTITULE_EMPLOI-label"]' in '5' second(s)

2023-11-24 13:33:19 - [MESSAGE][INFO] - Smart Wait Function is triggered

2023-11-24 13:33:19 - [MESSAGE][INFO] - Found 1 web elements with id: 'Object Repository/Page_MotifDeLaDemande_Usager/input_IntituleDeLEmploi' located by 'By.xpath: //*[@aria-labelledby="INTITULE_EMPLOI-label"]' in '5' second(s)

2023-11-24 13:33:19 - [MESSAGE][INFO] - Clearing text of object 'Object Repository/Page_MotifDeLaDemande_Usager/input_IntituleDeLEmploi'

2023-11-24 13:33:21 - [MESSAGE][INFO] - Finding web element from Test Object's properties

2023-11-24 13:33:21 - [MESSAGE][INFO] - Checking timeout

2023-11-24 13:33:21 - [MESSAGE][INFO] - Finding web element with id: 'Object Repository/Page_MotifDeLaDemande_Usager/input_IntituleDeLEmploi' located by 'By.xpath: //*[@aria-labelledby="INTITULE_EMPLOI-label"]' in '5' second(s)

2023-11-24 13:33:21 - [MESSAGE][INFO] - Smart Wait Function is triggered

2023-11-24 13:33:21 - [MESSAGE][INFO] - Found 1 web elements with id: 'Object Repository/Page_MotifDeLaDemande_Usager/input_IntituleDeLEmploi' located by 'By.xpath: //*[@aria-labelledby="INTITULE_EMPLOI-label"]' in '5' second(s)

2023-11-24 13:33:21 - [MESSAGE][INFO] - Setting text of object 'Object Repository/Page_MotifDeLaDemande_Usager/input_IntituleDeLEmploi' to value 'IntituleDeLEmploi'

2023-11-24 13:33:23 - [MESSAGE][PASSED] - Text 'IntituleDeLEmploi' is set on object 'Object Repository/Page_MotifDeLaDemande_Usager/input_IntituleDeLEmploi'

2023-11-24 13:33:23 - [TEST_STEP][PASSED] - click(findTestObject("Object Repository/Page_MotifDeLaDemande_Usager/select_TypeDeContrat")): Object: 'Object Repository/Page_MotifDeLaDemande_Usager/select_TypeDeContrat' is clicked on

2023-11-24 13:33:23 - [MESSAGE][INFO] - Finding Test Object 'Object Repository/Page_MotifDeLaDemande_Usager/select_TypeDeContrat'

2023-11-24 13:33:24 - [MESSAGE][INFO] - Checking timeout

2023-11-24 13:33:24 - [MESSAGE][INFO] - Finding web element with id: 'Object Repository/Page_MotifDeLaDemande_Usager/select_TypeDeContrat' located by 'By.xpath: //*[@id="TYPE_CONTRAT"]/div/div[4]/span' in '20' second(s)

2023-11-24 13:33:24 - [MESSAGE][INFO] - Smart Wait Function is triggered

2023-11-24 13:33:24 - [MESSAGE][INFO] - Found 1 web elements with id: 'Object Repository/Page_MotifDeLaDemande_Usager/select_TypeDeContrat' located by 'By.xpath: //*[@id="TYPE_CONTRAT"]/div/div[4]/span' in '20' second(s)

2023-11-24 13:33:24 - [MESSAGE][INFO] - Checking object

2023-11-24 13:33:24 - [MESSAGE][INFO] - Checking timeout

2023-11-24 13:33:24 - [MESSAGE][INFO] - Finding web element from Test Object's properties

2023-11-24 13:33:24 - [MESSAGE][INFO] - Checking timeout

2023-11-24 13:33:24 - [MESSAGE][INFO] - Finding web element with id: 'Object Repository/Page_MotifDeLaDemande_Usager/select_TypeDeContrat' located by 'By.xpath: //*[@id="TYPE_CONTRAT"]/div/div[4]/span' in '5' second(s)

2023-11-24 13:33:24 - [MESSAGE][INFO] - Smart Wait Function is triggered

2023-11-24 13:33:24 - [MESSAGE][INFO] - Found 1 web elements with id: 'Object Repository/Page_MotifDeLaDemande_Usager/select_TypeDeContrat' located by 'By.xpath: //*[@id="TYPE_CONTRAT"]/div/div[4]/span' in '5' second(s)

2023-11-24 13:33:24 - [MESSAGE][INFO] - Clicking on object: 'Object Repository/Page_MotifDeLaDemande_Usager/select_TypeDeContrat'

2023-11-24 13:33:26 - [MESSAGE][PASSED] - Object: 'Object Repository/Page_MotifDeLaDemande_Usager/select_TypeDeContrat' is clicked on

2023-11-24 13:33:26 - [TEST_STEP][PASSED] - click(findTestObject("Object Repository/Page_MotifDeLaDemande_Usager/select_Value_TypeDeContrat")): Object: 'Object Repository/Page_MotifDeLaDemande_Usager/select_Value_TypeDeContrat' is clicked on

2023-11-24 13:33:26 - [MESSAGE][INFO] - Finding Test Object 'Object Repository/Page_MotifDeLaDemande_Usager/select_Value_TypeDeContrat'

2023-11-24 13:33:26 - [MESSAGE][INFO] - Checking timeout

2023-11-24 13:33:26 - [MESSAGE][INFO] - Finding web element with id: 'Object Repository/Page_MotifDeLaDemande_Usager/select_Value_TypeDeContrat' located by 'By.xpath: //*[@id="TYPE_CONTRAT"]/div/div[5]/div/ul/p-dropdownitem[2]/li' in '20' second(s)

2023-11-24 13:33:26 - [MESSAGE][INFO] - Smart Wait Function is triggered

2023-11-24 13:33:26 - [MESSAGE][INFO] - Found 1 web elements with id: 'Object Repository/Page_MotifDeLaDemande_Usager/select_Value_TypeDeContrat' located by 'By.xpath: //*[@id="TYPE_CONTRAT"]/div/div[5]/div/ul/p-dropdownitem[2]/li' in '20' second(s)

2023-11-24 13:33:26 - [MESSAGE][INFO] - Checking object

2023-11-24 13:33:26 - [MESSAGE][INFO] - Checking timeout

2023-11-24 13:33:26 - [MESSAGE][INFO] - Finding web element from Test Object's properties

2023-11-24 13:33:26 - [MESSAGE][INFO] - Checking timeout

2023-11-24 13:33:26 - [MESSAGE][INFO] - Finding web element with id: 'Object Repository/Page_MotifDeLaDemande_Usager/select_Value_TypeDeContrat' located by 'By.xpath: //*[@id="TYPE_CONTRAT"]/div/div[5]/div/ul/p-dropdownitem[2]/li' in '5' second(s)

2023-11-24 13:33:26 - [MESSAGE][INFO] - Smart Wait Function is triggered

2023-11-24 13:33:26 - [MESSAGE][INFO] - Found 1 web elements with id: 'Object Repository/Page_MotifDeLaDemande_Usager/select_Value_TypeDeContrat' located by 'By.xpath: //*[@id="TYPE_CONTRAT"]/div/div[5]/div/ul/p-dropdownitem[2]/li' in '5' second(s)

2023-11-24 13:33:26 - [MESSAGE][INFO] - Clicking on object: 'Object Repository/Page_MotifDeLaDemande_Usager/select_Value_TypeDeContrat'

2023-11-24 13:33:28 - [MESSAGE][PASSED] - Object: 'Object Repository/Page_MotifDeLaDemande_Usager/select_Value_TypeDeContrat' is clicked on

2023-11-24 13:33:28 - [TEST_STEP][PASSED] - setText(findTestObject("Object Repository/Page_MotifDeLaDemande_Usager/input_Jour_TypeDeContratCDI"), "22"): Text '22' is set on object 'Object Repository/Page_MotifDeLaDemande_Usager/input_Jour_TypeDeContratCDI'

2023-11-24 13:33:28 - [MESSAGE][INFO] - Finding Test Object 'Object Repository/Page_MotifDeLaDemande_Usager/input_Jour_TypeDeContratCDI'

2023-11-24 13:33:28 - [MESSAGE][INFO] - Checking timeout

2023-11-24 13:33:28 - [MESSAGE][INFO] - Finding web element with id: 'Object Repository/Page_MotifDeLaDemande_Usager/input_Jour_TypeDeContratCDI' located by 'By.xpath: //*[@id="JOUR"]' in '20' second(s)

2023-11-24 13:33:28 - [MESSAGE][INFO] - Smart Wait Function is triggered

2023-11-24 13:33:28 - [MESSAGE][INFO] - Found 1 web elements with id: 'Object Repository/Page_MotifDeLaDemande_Usager/input_Jour_TypeDeContratCDI' located by 'By.xpath: //*[@id="JOUR"]' in '20' second(s)

2023-11-24 13:33:28 - [MESSAGE][INFO] - Checking object

2023-11-24 13:33:28 - [MESSAGE][INFO] - Checking text

2023-11-24 13:33:28 - [MESSAGE][INFO] - Finding web element from Test Object's properties

2023-11-24 13:33:28 - [MESSAGE][INFO] - Checking timeout

2023-11-24 13:33:28 - [MESSAGE][INFO] - Finding web element with id: 'Object Repository/Page_MotifDeLaDemande_Usager/input_Jour_TypeDeContratCDI' located by 'By.xpath: //*[@id="JOUR"]' in '5' second(s)

2023-11-24 13:33:28 - [MESSAGE][INFO] - Smart Wait Function is triggered

2023-11-24 13:33:28 - [MESSAGE][INFO] - Found 1 web elements with id: 'Object Repository/Page_MotifDeLaDemande_Usager/input_Jour_TypeDeContratCDI' located by 'By.xpath: //*[@id="JOUR"]' in '5' second(s)

2023-11-24 13:33:28 - [MESSAGE][INFO] - Clearing text of object 'Object Repository/Page_MotifDeLaDemande_Usager/input_Jour_TypeDeContratCDI'

2023-11-24 13:33:30 - [MESSAGE][INFO] - Finding web element from Test Object's properties

2023-11-24 13:33:30 - [MESSAGE][INFO] - Checking timeout

2023-11-24 13:33:30 - [MESSAGE][INFO] - Finding web element with id: 'Object Repository/Page_MotifDeLaDemande_Usager/input_Jour_TypeDeContratCDI' located by 'By.xpath: //*[@id="JOUR"]' in '5' second(s)

2023-11-24 13:33:30 - [MESSAGE][INFO] - Smart Wait Function is triggered

2023-11-24 13:33:30 - [MESSAGE][INFO] - Found 1 web elements with id: 'Object Repository/Page_MotifDeLaDemande_Usager/input_Jour_TypeDeContratCDI' located by 'By.xpath: //*[@id="JOUR"]' in '5' second(s)

2023-11-24 13:33:30 - [MESSAGE][INFO] - Setting text of object 'Object Repository/Page_MotifDeLaDemande_Usager/input_Jour_TypeDeContratCDI' to value '22'

2023-11-24 13:33:32 - [MESSAGE][PASSED] - Text '22' is set on object 'Object Repository/Page_MotifDeLaDemande_Usager/input_Jour_TypeDeContratCDI'

2023-11-24 13:33:32 - [TEST_STEP][PASSED] - click(findTestObject("Object Repository/Page_MotifDeLaDemande_Usager/select_Mois_TypeDeContratCDI")): Object: 'Object Repository/Page_MotifDeLaDemande_Usager/select_Mois_TypeDeContratCDI' is clicked on

2023-11-24 13:33:32 - [MESSAGE][INFO] - Finding Test Object 'Object Repository/Page_MotifDeLaDemande_Usager/select_Mois_TypeDeContratCDI'

2023-11-24 13:33:33 - [MESSAGE][INFO] - Checking timeout

2023-11-24 13:33:33 - [MESSAGE][INFO] - Finding web element with id: 'Object Repository/Page_MotifDeLaDemande_Usager/select_Mois_TypeDeContratCDI' located by 'By.xpath: //*[@id="MOIS"]/div/div[4]/span' in '20' second(s)

2023-11-24 13:33:33 - [MESSAGE][INFO] - Smart Wait Function is triggered

2023-11-24 13:33:33 - [MESSAGE][INFO] - Found 1 web elements with id: 'Object Repository/Page_MotifDeLaDemande_Usager/select_Mois_TypeDeContratCDI' located by 'By.xpath: //*[@id="MOIS"]/div/div[4]/span' in '20' second(s)

2023-11-24 13:33:33 - [MESSAGE][INFO] - Checking object

2023-11-24 13:33:33 - [MESSAGE][INFO] - Checking timeout

2023-11-24 13:33:33 - [MESSAGE][INFO] - Finding web element from Test Object's properties

2023-11-24 13:33:33 - [MESSAGE][INFO] - Checking timeout

2023-11-24 13:33:33 - [MESSAGE][INFO] - Finding web element with id: 'Object Repository/Page_MotifDeLaDemande_Usager/select_Mois_TypeDeContratCDI' located by 'By.xpath: //*[@id="MOIS"]/div/div[4]/span' in '5' second(s)

2023-11-24 13:33:33 - [MESSAGE][INFO] - Smart Wait Function is triggered

2023-11-24 13:33:33 - [MESSAGE][INFO] - Found 1 web elements with id: 'Object Repository/Page_MotifDeLaDemande_Usager/select_Mois_TypeDeContratCDI' located by 'By.xpath: //*[@id="MOIS"]/div/div[4]/span' in '5' second(s)

2023-11-24 13:33:33 - [MESSAGE][INFO] - Clicking on object: 'Object Repository/Page_MotifDeLaDemande_Usager/select_Mois_TypeDeContratCDI'

2023-11-24 13:33:35 - [MESSAGE][PASSED] - Object: 'Object Repository/Page_MotifDeLaDemande_Usager/select_Mois_TypeDeContratCDI' is clicked on

2023-11-24 13:33:35 - [TEST_STEP][PASSED] - delay(2): Delayed 2 second(s)

2023-11-24 13:33:35 - [MESSAGE][INFO] - Delaying browser in 2 second(s)

2023-11-24 13:33:37 - [MESSAGE][PASSED] - Delayed 2 second(s)

2023-11-24 13:33:37 - [TEST_STEP][PASSED] - click(findTestObject("Object Repository/Page_MotifDeLaDemande_Usager/select_Value_Mois_TypeDeContratCDI")): Object: 'Object Repository/Page_MotifDeLaDemande_Usager/select_Value_Mois_TypeDeContratCDI' is clicked on

2023-11-24 13:33:37 - [MESSAGE][INFO] - Finding Test Object 'Object Repository/Page_MotifDeLaDemande_Usager/select_Value_Mois_TypeDeContratCDI'

2023-11-24 13:33:37 - [MESSAGE][INFO] - Checking timeout

2023-11-24 13:33:37 - [MESSAGE][INFO] - Finding web element with id: 'Object Repository/Page_MotifDeLaDemande_Usager/select_Value_Mois_TypeDeContratCDI' located by 'By.xpath: //*[@id="MOIS"]/div/div[5]/div/ul/p-dropdownitem[4]/li/span' in '20' second(s)

2023-11-24 13:33:37 - [MESSAGE][INFO] - Smart Wait Function is triggered

2023-11-24 13:33:37 - [MESSAGE][INFO] - Found 1 web elements with id: 'Object Repository/Page_MotifDeLaDemande_Usager/select_Value_Mois_TypeDeContratCDI' located by 'By.xpath: //*[@id="MOIS"]/div/div[5]/div/ul/p-dropdownitem[4]/li/span' in '20' second(s)

2023-11-24 13:33:37 - [MESSAGE][INFO] - Checking object

2023-11-24 13:33:37 - [MESSAGE][INFO] - Checking timeout

2023-11-24 13:33:37 - [MESSAGE][INFO] - Finding web element from Test Object's properties

2023-11-24 13:33:37 - [MESSAGE][INFO] - Checking timeout

2023-11-24 13:33:37 - [MESSAGE][INFO] - Finding web element with id: 'Object Repository/Page_MotifDeLaDemande_Usager/select_Value_Mois_TypeDeContratCDI' located by 'By.xpath: //*[@id="MOIS"]/div/div[5]/div/ul/p-dropdownitem[4]/li/span' in '5' second(s)

2023-11-24 13:33:37 - [MESSAGE][INFO] - Smart Wait Function is triggered

2023-11-24 13:33:37 - [MESSAGE][INFO] - Found 1 web elements with id: 'Object Repository/Page_MotifDeLaDemande_Usager/select_Value_Mois_TypeDeContratCDI' located by 'By.xpath: //*[@id="MOIS"]/div/div[5]/div/ul/p-dropdownitem[4]/li/span' in '5' second(s)

2023-11-24 13:33:37 - [MESSAGE][INFO] - Clicking on object: 'Object Repository/Page_MotifDeLaDemande_Usager/select_Value_Mois_TypeDeContratCDI'

2023-11-24 13:33:39 - [MESSAGE][PASSED] - Object: 'Object Repository/Page_MotifDeLaDemande_Usager/select_Value_Mois_TypeDeContratCDI' is clicked on

2023-11-24 13:33:39 - [TEST_STEP][PASSED] - setText(findTestObject("Object Repository/Page_MotifDeLaDemande_Usager/input_Annee_TypeDeContratCDI"), "2020"): Text '2020' is set on object 'Object Repository/Page_MotifDeLaDemande_Usager/input_Annee_TypeDeContratCDI'

2023-11-24 13:33:39 - [MESSAGE][INFO] - Finding Test Object 'Object Repository/Page_MotifDeLaDemande_Usager/input_Annee_TypeDeContratCDI'

2023-11-24 13:33:39 - [MESSAGE][INFO] - Checking timeout

2023-11-24 13:33:39 - [MESSAGE][INFO] - Finding web element with id: 'Object Repository/Page_MotifDeLaDemande_Usager/input_Annee_TypeDeContratCDI' located by 'By.xpath: //*[@id="ANNEE"]' in '20' second(s)

2023-11-24 13:33:39 - [MESSAGE][INFO] - Smart Wait Function is triggered

2023-11-24 13:33:39 - [MESSAGE][INFO] - Found 1 web elements with id: 'Object Repository/Page_MotifDeLaDemande_Usager/input_Annee_TypeDeContratCDI' located by 'By.xpath: //*[@id="ANNEE"]' in '20' second(s)

2023-11-24 13:33:39 - [MESSAGE][INFO] - Checking object

2023-11-24 13:33:39 - [MESSAGE][INFO] - Checking text

2023-11-24 13:33:39 - [MESSAGE][INFO] - Finding web element from Test Object's properties

2023-11-24 13:33:39 - [MESSAGE][INFO] - Checking timeout

2023-11-24 13:33:39 - [MESSAGE][INFO] - Finding web element with id: 'Object Repository/Page_MotifDeLaDemande_Usager/input_Annee_TypeDeContratCDI' located by 'By.xpath: //*[@id="ANNEE"]' in '5' second(s)

2023-11-24 13:33:39 - [MESSAGE][INFO] - Smart Wait Function is triggered

2023-11-24 13:33:39 - [MESSAGE][INFO] - Found 1 web elements with id: 'Object Repository/Page_MotifDeLaDemande_Usager/input_Annee_TypeDeContratCDI' located by 'By.xpath: //*[@id="ANNEE"]' in '5' second(s)

2023-11-24 13:33:39 - [MESSAGE][INFO] - Clearing text of object 'Object Repository/Page_MotifDeLaDemande_Usager/input_Annee_TypeDeContratCDI'

2023-11-24 13:33:41 - [MESSAGE][INFO] - Finding web element from Test Object's properties

2023-11-24 13:33:41 - [MESSAGE][INFO] - Checking timeout

2023-11-24 13:33:41 - [MESSAGE][INFO] - Finding web element with id: 'Object Repository/Page_MotifDeLaDemande_Usager/input_Annee_TypeDeContratCDI' located by 'By.xpath: //*[@id="ANNEE"]' in '5' second(s)

2023-11-24 13:33:41 - [MESSAGE][INFO] - Smart Wait Function is triggered

2023-11-24 13:33:41 - [MESSAGE][INFO] - Found 1 web elements with id: 'Object Repository/Page_MotifDeLaDemande_Usager/input_Annee_TypeDeContratCDI' located by 'By.xpath: //*[@id="ANNEE"]' in '5' second(s)

2023-11-24 13:33:41 - [MESSAGE][INFO] - Setting text of object 'Object Repository/Page_MotifDeLaDemande_Usager/input_Annee_TypeDeContratCDI' to value '2020'

2023-11-24 13:33:43 - [MESSAGE][PASSED] - Text '2020' is set on object 'Object Repository/Page_MotifDeLaDemande_Usager/input_Annee_TypeDeContratCDI'

2023-11-24 13:33:43 - [TEST_STEP][PASSED] - click(findTestObject("Object Repository/Page_MotifDeLaDemande_Usager/select_RESSOURCES")): Object: 'Object Repository/Page_MotifDeLaDemande_Usager/select_RESSOURCES' is clicked on

2023-11-24 13:33:43 - [MESSAGE][INFO] - Finding Test Object 'Object Repository/Page_MotifDeLaDemande_Usager/select_RESSOURCES'

2023-11-24 13:33:43 - [MESSAGE][INFO] - Checking timeout

2023-11-24 13:33:43 - [MESSAGE][INFO] - Finding web element with id: 'Object Repository/Page_MotifDeLaDemande_Usager/select_RESSOURCES' located by 'By.xpath: //*[@id="ORIGINE"]/div/div[4]/span' in '20' second(s)

2023-11-24 13:33:43 - [MESSAGE][INFO] - Smart Wait Function is triggered

2023-11-24 13:33:44 - [MESSAGE][INFO] - Found 1 web elements with id: 'Object Repository/Page_MotifDeLaDemande_Usager/select_RESSOURCES' located by 'By.xpath: //*[@id="ORIGINE"]/div/div[4]/span' in '20' second(s)

2023-11-24 13:33:44 - [MESSAGE][INFO] - Checking object

2023-11-24 13:33:44 - [MESSAGE][INFO] - Checking timeout

2023-11-24 13:33:44 - [MESSAGE][INFO] - Finding web element from Test Object's properties

2023-11-24 13:33:44 - [MESSAGE][INFO] - Checking timeout

2023-11-24 13:33:44 - [MESSAGE][INFO] - Finding web element with id: 'Object Repository/Page_MotifDeLaDemande_Usager/select_RESSOURCES' located by 'By.xpath: //*[@id="ORIGINE"]/div/div[4]/span' in '5' second(s)

2023-11-24 13:33:44 - [MESSAGE][INFO] - Smart Wait Function is triggered

2023-11-24 13:33:44 - [MESSAGE][INFO] - Found 1 web elements with id: 'Object Repository/Page_MotifDeLaDemande_Usager/select_RESSOURCES' located by 'By.xpath: //*[@id="ORIGINE"]/div/div[4]/span' in '5' second(s)

2023-11-24 13:33:44 - [MESSAGE][INFO] - Clicking on object: 'Object Repository/Page_MotifDeLaDemande_Usager/select_RESSOURCES'

2023-11-24 13:33:46 - [MESSAGE][PASSED] - Object: 'Object Repository/Page_MotifDeLaDemande_Usager/select_RESSOURCES' is clicked on

2023-11-24 13:33:46 - [TEST_STEP][PASSED] - click(findTestObject("Object Repository/Page_MotifDeLaDemande_Usager/select_Value_RESSOURCES")): Object: 'Object Repository/Page_MotifDeLaDemande_Usager/select_Value_RESSOURCES' is clicked on

2023-11-24 13:33:46 - [MESSAGE][INFO] - Finding Test Object 'Object Repository/Page_MotifDeLaDemande_Usager/select_Value_RESSOURCES'

2023-11-24 13:33:46 - [MESSAGE][INFO] - Checking timeout

2023-11-24 13:33:46 - [MESSAGE][INFO] - Finding web element with id: 'Object Repository/Page_MotifDeLaDemande_Usager/select_Value_RESSOURCES' located by 'By.xpath: //*[@id="ORIGINE"]/div/div[5]/div/ul/p-dropdownitem[2]/li/span|//*[@id="ORIGINE"]/div/div[5]/div/ul/p-dropdownitem[2]/li/span' in '20' second(s)

2023-11-24 13:33:46 - [MESSAGE][INFO] - Smart Wait Function is triggered

2023-11-24 13:33:46 - [MESSAGE][INFO] - Found 1 web elements with id: 'Object Repository/Page_MotifDeLaDemande_Usager/select_Value_RESSOURCES' located by 'By.xpath: //*[@id="ORIGINE"]/div/div[5]/div/ul/p-dropdownitem[2]/li/span|//*[@id="ORIGINE"]/div/div[5]/div/ul/p-dropdownitem[2]/li/span' in '20' second(s)

2023-11-24 13:33:46 - [MESSAGE][INFO] - Checking object

2023-11-24 13:33:46 - [MESSAGE][INFO] - Checking timeout

2023-11-24 13:33:46 - [MESSAGE][INFO] - Finding web element from Test Object's properties

2023-11-24 13:33:46 - [MESSAGE][INFO] - Checking timeout

2023-11-24 13:33:46 - [MESSAGE][INFO] - Finding web element with id: 'Object Repository/Page_MotifDeLaDemande_Usager/select_Value_RESSOURCES' located by 'By.xpath: //*[@id="ORIGINE"]/div/div[5]/div/ul/p-dropdownitem[2]/li/span|//*[@id="ORIGINE"]/div/div[5]/div/ul/p-dropdownitem[2]/li/span' in '5' second(s)

2023-11-24 13:33:46 - [MESSAGE][INFO] - Smart Wait Function is triggered

2023-11-24 13:33:46 - [MESSAGE][INFO] - Found 1 web elements with id: 'Object Repository/Page_MotifDeLaDemande_Usager/select_Value_RESSOURCES' located by 'By.xpath: //*[@id="ORIGINE"]/div/div[5]/div/ul/p-dropdownitem[2]/li/span|//*[@id="ORIGINE"]/div/div[5]/div/ul/p-dropdownitem[2]/li/span' in '5' second(s)

2023-11-24 13:33:46 - [MESSAGE][INFO] - Clicking on object: 'Object Repository/Page_MotifDeLaDemande_Usager/select_Value_RESSOURCES'

2023-11-24 13:33:48 - [MESSAGE][PASSED] - Object: 'Object Repository/Page_MotifDeLaDemande_Usager/select_Value_RESSOURCES' is clicked on

2023-11-24 13:33:48 - [TEST_STEP][PASSED] - setText(findTestObject("Object Repository/Page_MotifDeLaDemande_Usager/input_MontantParMois"), "1196.50"): Text '1196.50' is set on object 'Object Repository/Page_MotifDeLaDemande_Usager/input_MontantParMois'

2023-11-24 13:33:48 - [MESSAGE][INFO] - Finding Test Object 'Object Repository/Page_MotifDeLaDemande_Usager/input_MontantParMois'

2023-11-24 13:33:48 - [MESSAGE][INFO] - Checking timeout

2023-11-24 13:33:48 - [MESSAGE][INFO] - Finding web element with id: 'Object Repository/Page_MotifDeLaDemande_Usager/input_MontantParMois' located by 'By.xpath: //app-demande-ptinv//app-createur-entreprise//app-ressources-financieres-selector/div/div[1]/fieldset/div/app-ressource-financiere/div/div[2]/anef-input-text/div/div/div[1]/div/input|//app-demande-ptinv//app-informations-projet-innovant/div/form/app-ressources-financieres-selector/div/div[1]/fieldset/div/app-ressource-financiere/div/div[2]/anef-input-text/div/div/div[1]/div/input|//app-motif-sejour-ptart/div[2]//app-informations-artiste-non-salarie/div/form/app-ressources-financieres-selector/div/div[1]/fieldset/div/app-ressource-financiere/div/div[2]/anef-input-text/div/div/div[1]/div/input|//app-motif-sejour-ptart//app-informations-artiste-salarie//app-ressources-financieres-selector//anef-input-text/div/div/div[1]/div/input' in '20' second(s)

2023-11-24 13:33:48 - [MESSAGE][INFO] - Smart Wait Function is triggered

2023-11-24 13:33:48 - [MESSAGE][INFO] - Found 1 web elements with id: 'Object Repository/Page_MotifDeLaDemande_Usager/input_MontantParMois' located by 'By.xpath: //app-demande-ptinv//app-createur-entreprise//app-ressources-financieres-selector/div/div[1]/fieldset/div/app-ressource-financiere/div/div[2]/anef-input-text/div/div/div[1]/div/input|//app-demande-ptinv//app-informations-projet-innovant/div/form/app-ressources-financieres-selector/div/div[1]/fieldset/div/app-ressource-financiere/div/div[2]/anef-input-text/div/div/div[1]/div/input|//app-motif-sejour-ptart/div[2]//app-informations-artiste-non-salarie/div/form/app-ressources-financieres-selector/div/div[1]/fieldset/div/app-ressource-financiere/div/div[2]/anef-input-text/div/div/div[1]/div/input|//app-motif-sejour-ptart//app-informations-artiste-salarie//app-ressources-financieres-selector//anef-input-text/div/div/div[1]/div/input' in '20' second(s)

2023-11-24 13:33:48 - [MESSAGE][INFO] - Checking object

2023-11-24 13:33:48 - [MESSAGE][INFO] - Checking text

2023-11-24 13:33:48 - [MESSAGE][INFO] - Finding web element from Test Object's properties

2023-11-24 13:33:48 - [MESSAGE][INFO] - Checking timeout

2023-11-24 13:33:48 - [MESSAGE][INFO] - Finding web element with id: 'Object Repository/Page_MotifDeLaDemande_Usager/input_MontantParMois' located by 'By.xpath: //app-demande-ptinv//app-createur-entreprise//app-ressources-financieres-selector/div/div[1]/fieldset/div/app-ressource-financiere/div/div[2]/anef-input-text/div/div/div[1]/div/input|//app-demande-ptinv//app-informations-projet-innovant/div/form/app-ressources-financieres-selector/div/div[1]/fieldset/div/app-ressource-financiere/div/div[2]/anef-input-text/div/div/div[1]/div/input|//app-motif-sejour-ptart/div[2]//app-informations-artiste-non-salarie/div/form/app-ressources-financieres-selector/div/div[1]/fieldset/div/app-ressource-financiere/div/div[2]/anef-input-text/div/div/div[1]/div/input|//app-motif-sejour-ptart//app-informations-artiste-salarie//app-ressources-financieres-selector//anef-input-text/div/div/div[1]/div/input' in '5' second(s)

2023-11-24 13:33:48 - [MESSAGE][INFO] - Smart Wait Function is triggered

2023-11-24 13:33:48 - [MESSAGE][INFO] - Found 1 web elements with id: 'Object Repository/Page_MotifDeLaDemande_Usager/input_MontantParMois' located by 'By.xpath: //app-demande-ptinv//app-createur-entreprise//app-ressources-financieres-selector/div/div[1]/fieldset/div/app-ressource-financiere/div/div[2]/anef-input-text/div/div/div[1]/div/input|//app-demande-ptinv//app-informations-projet-innovant/div/form/app-ressources-financieres-selector/div/div[1]/fieldset/div/app-ressource-financiere/div/div[2]/anef-input-text/div/div/div[1]/div/input|//app-motif-sejour-ptart/div[2]//app-informations-artiste-non-salarie/div/form/app-ressources-financieres-selector/div/div[1]/fieldset/div/app-ressource-financiere/div/div[2]/anef-input-text/div/div/div[1]/div/input|//app-motif-sejour-ptart//app-informations-artiste-salarie//app-ressources-financieres-selector//anef-input-text/div/div/div[1]/div/input' in '5' second(s)

2023-11-24 13:33:48 - [MESSAGE][INFO] - Clearing text of object 'Object Repository/Page_MotifDeLaDemande_Usager/input_MontantParMois'

2023-11-24 13:33:50 - [MESSAGE][INFO] - Finding web element from Test Object's properties

2023-11-24 13:33:50 - [MESSAGE][INFO] - Checking timeout

2023-11-24 13:33:50 - [MESSAGE][INFO] - Finding web element with id: 'Object Repository/Page_MotifDeLaDemande_Usager/input_MontantParMois' located by 'By.xpath: //app-demande-ptinv//app-createur-entreprise//app-ressources-financieres-selector/div/div[1]/fieldset/div/app-ressource-financiere/div/div[2]/anef-input-text/div/div/div[1]/div/input|//app-demande-ptinv//app-informations-projet-innovant/div/form/app-ressources-financieres-selector/div/div[1]/fieldset/div/app-ressource-financiere/div/div[2]/anef-input-text/div/div/div[1]/div/input|//app-motif-sejour-ptart/div[2]//app-informations-artiste-non-salarie/div/form/app-ressources-financieres-selector/div/div[1]/fieldset/div/app-ressource-financiere/div/div[2]/anef-input-text/div/div/div[1]/div/input|//app-motif-sejour-ptart//app-informations-artiste-salarie//app-ressources-financieres-selector//anef-input-text/div/div/div[1]/div/input' in '5' second(s)

2023-11-24 13:33:50 - [MESSAGE][INFO] - Smart Wait Function is triggered

2023-11-24 13:33:50 - [MESSAGE][INFO] - Found 1 web elements with id: 'Object Repository/Page_MotifDeLaDemande_Usager/input_MontantParMois' located by 'By.xpath: //app-demande-ptinv//app-createur-entreprise//app-ressources-financieres-selector/div/div[1]/fieldset/div/app-ressource-financiere/div/div[2]/anef-input-text/div/div/div[1]/div/input|//app-demande-ptinv//app-informations-projet-innovant/div/form/app-ressources-financieres-selector/div/div[1]/fieldset/div/app-ressource-financiere/div/div[2]/anef-input-text/div/div/div[1]/div/input|//app-motif-sejour-ptart/div[2]//app-informations-artiste-non-salarie/div/form/app-ressources-financieres-selector/div/div[1]/fieldset/div/app-ressource-financiere/div/div[2]/anef-input-text/div/div/div[1]/div/input|//app-motif-sejour-ptart//app-informations-artiste-salarie//app-ressources-financieres-selector//anef-input-text/div/div/div[1]/div/input' in '5' second(s)

2023-11-24 13:33:50 - [MESSAGE][INFO] - Setting text of object 'Object Repository/Page_MotifDeLaDemande_Usager/input_MontantParMois' to value '1196.50'

2023-11-24 13:33:52 - [MESSAGE][PASSED] - Text '1196.50' is set on object 'Object Repository/Page_MotifDeLaDemande_Usager/input_MontantParMois'

2023-11-24 13:33:52 - [TEST_STEP][PASSED] - click(findTestObject("Object Repository/Page_DemarcheRenouvellement/btn_EnregistrerEtPoursuivre")): Object: 'Object Repository/Page_DemarcheRenouvellement/btn_EnregistrerEtPoursuivre' is clicked on

2023-11-24 13:33:52 - [MESSAGE][INFO] - Finding Test Object 'Object Repository/Page_DemarcheRenouvellement/btn_EnregistrerEtPoursuivre'

2023-11-24 13:33:53 - [MESSAGE][INFO] - Checking timeout

2023-11-24 13:33:53 - [MESSAGE][INFO] - Finding web element with id: 'Object Repository/Page_DemarcheRenouvellement/btn_EnregistrerEtPoursuivre' located by 'By.xpath: //span[text()='Enregistrer et poursuivre >']' in '20' second(s)

2023-11-24 13:33:53 - [MESSAGE][INFO] - Smart Wait Function is triggered

2023-11-24 13:33:53 - [MESSAGE][INFO] - Found 1 web elements with id: 'Object Repository/Page_DemarcheRenouvellement/btn_EnregistrerEtPoursuivre' located by 'By.xpath: //span[text()='Enregistrer et poursuivre >']' in '20' second(s)

2023-11-24 13:33:53 - [MESSAGE][INFO] - Checking object

2023-11-24 13:33:53 - [MESSAGE][INFO] - Checking timeout

2023-11-24 13:33:53 - [MESSAGE][INFO] - Finding web element from Test Object's properties

2023-11-24 13:33:53 - [MESSAGE][INFO] - Checking timeout

2023-11-24 13:33:53 - [MESSAGE][INFO] - Finding web element with id: 'Object Repository/Page_DemarcheRenouvellement/btn_EnregistrerEtPoursuivre' located by 'By.xpath: //span[text()='Enregistrer et poursuivre >']' in '5' second(s)

2023-11-24 13:33:53 - [MESSAGE][INFO] - Smart Wait Function is triggered

2023-11-24 13:33:53 - [MESSAGE][INFO] - Found 1 web elements with id: 'Object Repository/Page_DemarcheRenouvellement/btn_EnregistrerEtPoursuivre' located by 'By.xpath: //span[text()='Enregistrer et poursuivre >']' in '5' second(s)

2023-11-24 13:33:53 - [MESSAGE][INFO] - Clicking on object: 'Object Repository/Page_DemarcheRenouvellement/btn_EnregistrerEtPoursuivre'

2023-11-24 13:33:55 - [MESSAGE][PASSED] - Object: 'Object Repository/Page_DemarcheRenouvellement/btn_EnregistrerEtPoursuivre' is clicked on

2023-11-24 13:33:55 - [TEST_STEP][PASSED] - if (TypeTitreDeSejour == "MembreDeFamillePasseportTalent_Conjoint" && Titre == "Etudiant" || TypeTitreDeSejour == "MembreDeFamillePasseportTalent_Conjoint" && Titre == "Visiteur"): null

2023-11-24 13:33:55 - [MESSAGE][PASSED] - Call Test Case 'Test Cases/Test Reutilisable/DemandeOuRenouvelle_TitreSejour/FormulaireMotifDeLaDemande' successfully

2023-11-24 13:33:55 - [TEST_STEP][PASSED] - if (TypeTitreDeSejour == "RenouvellementDeTitreSejour" || TypeTitreDeSejour == "Visiteur" && Titre == "Etudiant" || Titre == "Visiteur"): null

2023-11-24 13:33:55 - [TEST_STEP][ERROR] - callTestCase(findTestCase("Test Reutilisable/DemandeOuRenouvelle_TitreSejour/FormulaireJustificatifs"), ["TypeTitreDeSejour":TypeTitreDeSejour, "Titre":Titre, "NumEphoto":NumEphoto], STOP_ON_FAILURE): Test Cases/Cas D Utilisations/Usager Etudiant/TNR R.TSPT Supp90-Etudiant FAILED.
Reason:
com.kms.katalon.core.exception.StepErrorException: Call Test Case 'Test Cases/Test Reutilisable/DemandeOuRenouvelle_TitreSejour/FormulaireJustificatifs' failed because of error(s)
	at com.kms.katalon.core.keyword.builtin.CallTestCaseKeyword$_callTestCase_closure1.doCall(CallTestCaseKeyword.groovy:66)
	at com.kms.katalon.core.keyword.builtin.CallTestCaseKeyword$_callTestCase_closure1.call(CallTestCaseKeyword.groovy)
	at com.kms.katalon.core.keyword.internal.KeywordMain.runKeyword(KeywordMain.groovy:75)
	at com.kms.katalon.core.keyword.builtin.CallTestCaseKeyword.callTestCase(CallTestCaseKeyword.groovy:81)
	at com.kms.katalon.core.keyword.builtin.CallTestCaseKeyword.execute(CallTestCaseKeyword.groovy:44)
	at com.kms.katalon.core.keyword.internal.KeywordExecutor.executeKeywordForPlatform(KeywordExecutor.groovy:74)
	at com.kms.katalon.core.keyword.BuiltinKeywords.callTestCase(BuiltinKeywords.groovy:310)
	at com.kazurayam.ksbackyard.HighlightElement$_pandemic_closure1.doCall(HighlightElement.groovy:105)
	at TNR R.TSPT Supp90-Etudiant.run(TNR R.TSPT Supp90-Etudiant:62)
	at com.kms.katalon.core.main.ScriptEngine.run(ScriptEngine.java:194)
	at com.kms.katalon.core.main.ScriptEngine.runScriptAsRawText(ScriptEngine.java:119)
	at com.kms.katalon.core.main.TestCaseExecutor.runScript(TestCaseExecutor.java:448)
	at com.kms.katalon.core.main.TestCaseExecutor.doExecute(TestCaseExecutor.java:439)
	at com.kms.katalon.core.main.TestCaseExecutor.processExecutionPhase(TestCaseExecutor.java:418)
	at com.kms.katalon.core.main.TestCaseExecutor.accessMainPhase(TestCaseExecutor.java:410)
	at com.kms.katalon.core.main.TestCaseExecutor.execute(TestCaseExecutor.java:285)
	at com.kms.katalon.core.common.CommonExecutor.accessTestCaseMainPhase(CommonExecutor.java:65)
	at com.kms.katalon.core.main.TestSuiteExecutor.accessTestSuiteMainPhase(TestSuiteExecutor.java:148)
	at com.kms.katalon.core.main.TestSuiteExecutor.execute(TestSuiteExecutor.java:106)
	at com.kms.katalon.core.main.TestCaseMain.startTestSuite(TestCaseMain.java:187)
	at com.kms.katalon.core.main.TestCaseMain$startTestSuite$0.call(Unknown Source)
	at TempTestSuite1700828856047.run(TempTestSuite1700828856047.groovy:36)
Caused by: groovy.lang.MissingPropertyException: No such property: f for class: Script1695813884754
	at FormulaireJustificatifs.run(FormulaireJustificatifs:187)
	at com.kms.katalon.core.main.ScriptEngine.run(ScriptEngine.java:194)
	at com.kms.katalon.core.main.ScriptEngine.runScriptAsRawText(ScriptEngine.java:119)
	at com.kms.katalon.core.main.TestCaseExecutor.runScript(TestCaseExecutor.java:448)
	at com.kms.katalon.core.main.TestCaseExecutor.doExecute(TestCaseExecutor.java:439)
	at com.kms.katalon.core.main.TestCaseExecutor.processExecutionPhase(TestCaseExecutor.java:418)
	at com.kms.katalon.core.main.TestCaseExecutor.accessMainPhase(TestCaseExecutor.java:410)
	at com.kms.katalon.core.main.TestCaseExecutor.execute(TestCaseExecutor.java:285)
	at com.kms.katalon.core.main.TestCaseMain.runTestCase(TestCaseMain.java:144)
	at com.kms.katalon.core.keyword.builtin.CallTestCaseKeyword$_callTestCase_closure1.doCall(CallTestCaseKeyword.groovy:59)
	... 21 more


2023-11-24 13:33:55 - [MESSAGE][INFO] - Checking called Test Case

2023-11-24 13:33:55 - [MESSAGE][INFO] - Starting to call Test Case 'Test Cases/Test Reutilisable/DemandeOuRenouvelle_TitreSejour/FormulaireJustificatifs'

2023-11-24 13:33:55 - [TEST_CASE][ERROR] - Test Cases/Test Reutilisable/DemandeOuRenouvelle_TitreSejour/FormulaireJustificatifs: Test Cases/Test Reutilisable/DemandeOuRenouvelle_TitreSejour/FormulaireJustificatifs FAILED.
Reason:
groovy.lang.MissingPropertyException: No such property: f for class: Script1695813884754
	at FormulaireJustificatifs.run(FormulaireJustificatifs:187)
	at com.kms.katalon.core.main.ScriptEngine.run(ScriptEngine.java:194)
	at com.kms.katalon.core.main.ScriptEngine.runScriptAsRawText(ScriptEngine.java:119)
	at com.kms.katalon.core.main.TestCaseExecutor.runScript(TestCaseExecutor.java:448)
	at com.kms.katalon.core.main.TestCaseExecutor.doExecute(TestCaseExecutor.java:439)
	at com.kms.katalon.core.main.TestCaseExecutor.processExecutionPhase(TestCaseExecutor.java:418)
	at com.kms.katalon.core.main.TestCaseExecutor.accessMainPhase(TestCaseExecutor.java:410)
	at com.kms.katalon.core.main.TestCaseExecutor.execute(TestCaseExecutor.java:285)
	at com.kms.katalon.core.main.TestCaseMain.runTestCase(TestCaseMain.java:144)
	at com.kms.katalon.core.keyword.builtin.CallTestCaseKeyword$_callTestCase_closure1.doCall(CallTestCaseKeyword.groovy:59)
	at com.kms.katalon.core.keyword.builtin.CallTestCaseKeyword$_callTestCase_closure1.call(CallTestCaseKeyword.groovy)
	at com.kms.katalon.core.keyword.internal.KeywordMain.runKeyword(KeywordMain.groovy:75)
	at com.kms.katalon.core.keyword.builtin.CallTestCaseKeyword.callTestCase(CallTestCaseKeyword.groovy:81)
	at com.kms.katalon.core.keyword.builtin.CallTestCaseKeyword.execute(CallTestCaseKeyword.groovy:44)
	at com.kms.katalon.core.keyword.internal.KeywordExecutor.executeKeywordForPlatform(KeywordExecutor.groovy:74)
	at com.kms.katalon.core.keyword.BuiltinKeywords.callTestCase(BuiltinKeywords.groovy:310)
	at com.kazurayam.ksbackyard.HighlightElement$_pandemic_closure1.doCall(HighlightElement.groovy:105)
	at TNR R.TSPT Supp90-Etudiant.run(TNR R.TSPT Supp90-Etudiant:62)
	at com.kms.katalon.core.main.ScriptEngine.run(ScriptEngine.java:194)
	at com.kms.katalon.core.main.ScriptEngine.runScriptAsRawText(ScriptEngine.java:119)
	at com.kms.katalon.core.main.TestCaseExecutor.runScript(TestCaseExecutor.java:448)
	at com.kms.katalon.core.main.TestCaseExecutor.doExecute(TestCaseExecutor.java:439)
	at com.kms.katalon.core.main.TestCaseExecutor.processExecutionPhase(TestCaseExecutor.java:418)
	at com.kms.katalon.core.main.TestCaseExecutor.accessMainPhase(TestCaseExecutor.java:410)
	at com.kms.katalon.core.main.TestCaseExecutor.execute(TestCaseExecutor.java:285)
	at com.kms.katalon.core.common.CommonExecutor.accessTestCaseMainPhase(CommonExecutor.java:65)
	at com.kms.katalon.core.main.TestSuiteExecutor.accessTestSuiteMainPhase(TestSuiteExecutor.java:148)
	at com.kms.katalon.core.main.TestSuiteExecutor.execute(TestSuiteExecutor.java:106)
	at com.kms.katalon.core.main.TestCaseMain.startTestSuite(TestCaseMain.java:187)
	at com.kms.katalon.core.main.TestCaseMain$startTestSuite$0.call(Unknown Source)
	at TempTestSuite1700828856047.run(TempTestSuite1700828856047.groovy:36)


2023-11-24 13:33:57 - [TEST_STEP][PASSED] - com.kazurayam.ksbackyard.HighlightElement.pandemic(): com.kazurayam.ksbackyard.HighlightElement.pandemic is PASSED

2023-11-24 13:33:57 - [MESSAGE][PASSED] - com.kazurayam.ksbackyard.HighlightElement.pandemic is PASSED

2023-11-24 13:33:57 - [TEST_STEP][PASSED] - RunBrowserConfiguration = getExecutionProperties(): null

2023-11-24 13:33:57 - [TEST_STEP][PASSED] - DriverName = DriverName: null

2023-11-24 13:33:57 - [TEST_STEP][PASSED] - driver = getWebDriver(): null

2023-11-24 13:33:57 - [TEST_STEP][PASSED] - wrappedDriver = driver.getWrappedDriver(): null

2023-11-24 13:33:57 - [TEST_STEP][PASSED] - out.println(wrappedDriver.getClass()): null

2023-11-24 13:33:57 - [TEST_STEP][PASSED] - if (class == com.kms.katalon.selenium.driver.CRemoteWebDriver): null

2023-11-24 13:33:57 - [TEST_STEP][PASSED] - SpecificDownloadDirectory = "": null

2023-11-24 13:33:57 - [TEST_STEP][PASSED] - if (DriverName == "FIREFOX_DRIVER"): null

2023-11-24 13:33:57 - [TEST_STEP][PASSED] - else if (class == "CRemoteWebDriver"): null

2023-11-24 13:33:57 - [TEST_STEP][PASSED] - else: null

2023-11-24 13:33:57 - [TEST_STEP][PASSED] - SpecificDownloadDirectory = getProjectDir() + "/Data Files": null

2023-11-24 13:33:57 - [TEST_STEP][PASSED] - println("SpecificDownloadDirectory : " + SpecificDownloadDirectory): null

2023-11-24 13:33:57 - [TEST_STEP][PASSED] - if (TypeTitreDeSejour == "RenouvellementDeTitreSejour" && Titre == "Etudiant"): null

2023-11-24 13:33:57 - [TEST_STEP][PASSED] - if (TypeTitreDeSejour == "RenouvellementDeTitreSejour" && Titre == "Visiteur" || TypeTitreDeSejour == "Visiteur" && Titre == "Etudiant"): null

2023-11-24 13:33:57 - [TEST_STEP][PASSED] - println("TypeTitreDeSejour :" + TypeTitreDeSejour): null

2023-11-24 13:33:57 - [TEST_STEP][ERROR] - f: Test Cases/Test Reutilisable/DemandeOuRenouvelle_TitreSejour/FormulaireJustificatifs FAILED.
Reason:
groovy.lang.MissingPropertyException: No such property: f for class: Script1695813884754
	at FormulaireJustificatifs.run(FormulaireJustificatifs:187)
	at com.kms.katalon.core.main.ScriptEngine.run(ScriptEngine.java:194)
	at com.kms.katalon.core.main.ScriptEngine.runScriptAsRawText(ScriptEngine.java:119)
	at com.kms.katalon.core.main.TestCaseExecutor.runScript(TestCaseExecutor.java:448)
	at com.kms.katalon.core.main.TestCaseExecutor.doExecute(TestCaseExecutor.java:439)
	at com.kms.katalon.core.main.TestCaseExecutor.processExecutionPhase(TestCaseExecutor.java:418)
	at com.kms.katalon.core.main.TestCaseExecutor.accessMainPhase(TestCaseExecutor.java:410)
	at com.kms.katalon.core.main.TestCaseExecutor.execute(TestCaseExecutor.java:285)
	at com.kms.katalon.core.main.TestCaseMain.runTestCase(TestCaseMain.java:144)
	at com.kms.katalon.core.keyword.builtin.CallTestCaseKeyword$_callTestCase_closure1.doCall(CallTestCaseKeyword.groovy:59)
	at com.kms.katalon.core.keyword.builtin.CallTestCaseKeyword$_callTestCase_closure1.call(CallTestCaseKeyword.groovy)
	at com.kms.katalon.core.keyword.internal.KeywordMain.runKeyword(KeywordMain.groovy:75)
	at com.kms.katalon.core.keyword.builtin.CallTestCaseKeyword.callTestCase(CallTestCaseKeyword.groovy:81)
	at com.kms.katalon.core.keyword.builtin.CallTestCaseKeyword.execute(CallTestCaseKeyword.groovy:44)
	at com.kms.katalon.core.keyword.internal.KeywordExecutor.executeKeywordForPlatform(KeywordExecutor.groovy:74)
	at com.kms.katalon.core.keyword.BuiltinKeywords.callTestCase(BuiltinKeywords.groovy:310)
	at com.kazurayam.ksbackyard.HighlightElement$_pandemic_closure1.doCall(HighlightElement.groovy:105)
	at TNR R.TSPT Supp90-Etudiant.run(TNR R.TSPT Supp90-Etudiant:62)
	at com.kms.katalon.core.main.ScriptEngine.run(ScriptEngine.java:194)
	at com.kms.katalon.core.main.ScriptEngine.runScriptAsRawText(ScriptEngine.java:119)
	at com.kms.katalon.core.main.TestCaseExecutor.runScript(TestCaseExecutor.java:448)
	at com.kms.katalon.core.main.TestCaseExecutor.doExecute(TestCaseExecutor.java:439)
	at com.kms.katalon.core.main.TestCaseExecutor.processExecutionPhase(TestCaseExecutor.java:418)
	at com.kms.katalon.core.main.TestCaseExecutor.accessMainPhase(TestCaseExecutor.java:410)
	at com.kms.katalon.core.main.TestCaseExecutor.execute(TestCaseExecutor.java:285)
	at com.kms.katalon.core.common.CommonExecutor.accessTestCaseMainPhase(CommonExecutor.java:65)
	at com.kms.katalon.core.main.TestSuiteExecutor.accessTestSuiteMainPhase(TestSuiteExecutor.java:148)
	at com.kms.katalon.core.main.TestSuiteExecutor.execute(TestSuiteExecutor.java:106)
	at com.kms.katalon.core.main.TestCaseMain.startTestSuite(TestCaseMain.java:187)
	at com.kms.katalon.core.main.TestCaseMain$startTestSuite$0.call(Unknown Source)
	at TempTestSuite1700828856047.run(TempTestSuite1700828856047.groovy:36)


2023-11-24 13:33:57 - [MESSAGE][ERROR] - Test Cases/Test Reutilisable/DemandeOuRenouvelle_TitreSejour/FormulaireJustificatifs FAILED.
Reason:
groovy.lang.MissingPropertyException: No such property: f for class: Script1695813884754
	at FormulaireJustificatifs.run(FormulaireJustificatifs:187)
	at com.kms.katalon.core.main.ScriptEngine.run(ScriptEngine.java:194)
	at com.kms.katalon.core.main.ScriptEngine.runScriptAsRawText(ScriptEngine.java:119)
	at com.kms.katalon.core.main.TestCaseExecutor.runScript(TestCaseExecutor.java:448)
	at com.kms.katalon.core.main.TestCaseExecutor.doExecute(TestCaseExecutor.java:439)
	at com.kms.katalon.core.main.TestCaseExecutor.processExecutionPhase(TestCaseExecutor.java:418)
	at com.kms.katalon.core.main.TestCaseExecutor.accessMainPhase(TestCaseExecutor.java:410)
	at com.kms.katalon.core.main.TestCaseExecutor.execute(TestCaseExecutor.java:285)
	at com.kms.katalon.core.main.TestCaseMain.runTestCase(TestCaseMain.java:144)
	at com.kms.katalon.core.keyword.builtin.CallTestCaseKeyword$_callTestCase_closure1.doCall(CallTestCaseKeyword.groovy:59)
	at com.kms.katalon.core.keyword.builtin.CallTestCaseKeyword$_callTestCase_closure1.call(CallTestCaseKeyword.groovy)
	at com.kms.katalon.core.keyword.internal.KeywordMain.runKeyword(KeywordMain.groovy:75)
	at com.kms.katalon.core.keyword.builtin.CallTestCaseKeyword.callTestCase(CallTestCaseKeyword.groovy:81)
	at com.kms.katalon.core.keyword.builtin.CallTestCaseKeyword.execute(CallTestCaseKeyword.groovy:44)
	at com.kms.katalon.core.keyword.internal.KeywordExecutor.executeKeywordForPlatform(KeywordExecutor.groovy:74)
	at com.kms.katalon.core.keyword.BuiltinKeywords.callTestCase(BuiltinKeywords.groovy:310)
	at com.kazurayam.ksbackyard.HighlightElement$_pandemic_closure1.doCall(HighlightElement.groovy:105)
	at TNR R.TSPT Supp90-Etudiant.run(TNR R.TSPT Supp90-Etudiant:62)
	at com.kms.katalon.core.main.ScriptEngine.run(ScriptEngine.java:194)
	at com.kms.katalon.core.main.ScriptEngine.runScriptAsRawText(ScriptEngine.java:119)
	at com.kms.katalon.core.main.TestCaseExecutor.runScript(TestCaseExecutor.java:448)
	at com.kms.katalon.core.main.TestCaseExecutor.doExecute(TestCaseExecutor.java:439)
	at com.kms.katalon.core.main.TestCaseExecutor.processExecutionPhase(TestCaseExecutor.java:418)
	at com.kms.katalon.core.main.TestCaseExecutor.accessMainPhase(TestCaseExecutor.java:410)
	at com.kms.katalon.core.main.TestCaseExecutor.execute(TestCaseExecutor.java:285)
	at com.kms.katalon.core.common.CommonExecutor.accessTestCaseMainPhase(CommonExecutor.java:65)
	at com.kms.katalon.core.main.TestSuiteExecutor.accessTestSuiteMainPhase(TestSuiteExecutor.java:148)
	at com.kms.katalon.core.main.TestSuiteExecutor.execute(TestSuiteExecutor.java:106)
	at com.kms.katalon.core.main.TestCaseMain.startTestSuite(TestCaseMain.java:187)
	at com.kms.katalon.core.main.TestCaseMain$startTestSuite$0.call(Unknown Source)
	at TempTestSuite1700828856047.run(TempTestSuite1700828856047.groovy:36)


2023-11-24 13:33:57 - [MESSAGE][FAILED] - Unable to call Test Case 'Test Cases/Test Reutilisable/DemandeOuRenouvelle_TitreSejour/FormulaireJustificatifs' (Root cause: com.kms.katalon.core.exception.StepErrorException: Call Test Case 'Test Cases/Test Reutilisable/DemandeOuRenouvelle_TitreSejour/FormulaireJustificatifs' failed because of error(s)
	at com.kms.katalon.core.keyword.builtin.CallTestCaseKeyword$_callTestCase_closure1.doCall(CallTestCaseKeyword.groovy:66)
	at com.kms.katalon.core.keyword.builtin.CallTestCaseKeyword$_callTestCase_closure1.call(CallTestCaseKeyword.groovy)
	at com.kms.katalon.core.keyword.internal.KeywordMain.runKeyword(KeywordMain.groovy:75)
	at com.kms.katalon.core.keyword.builtin.CallTestCaseKeyword.callTestCase(CallTestCaseKeyword.groovy:81)
	at com.kms.katalon.core.keyword.builtin.CallTestCaseKeyword.execute(CallTestCaseKeyword.groovy:44)
	at com.kms.katalon.core.keyword.internal.KeywordExecutor.executeKeywordForPlatform(KeywordExecutor.groovy:74)
	at com.kms.katalon.core.keyword.BuiltinKeywords.callTestCase(BuiltinKeywords.groovy:310)
	at com.kazurayam.ksbackyard.HighlightElement$_pandemic_closure1.doCall(HighlightElement.groovy:105)
	at TNR R.TSPT Supp90-Etudiant.run(TNR R.TSPT Supp90-Etudiant:62)
	at com.kms.katalon.core.main.ScriptEngine.run(ScriptEngine.java:194)
	at com.kms.katalon.core.main.ScriptEngine.runScriptAsRawText(ScriptEngine.java:119)
	at com.kms.katalon.core.main.TestCaseExecutor.runScript(TestCaseExecutor.java:448)
	at com.kms.katalon.core.main.TestCaseExecutor.doExecute(TestCaseExecutor.java:439)
	at com.kms.katalon.core.main.TestCaseExecutor.processExecutionPhase(TestCaseExecutor.java:418)
	at com.kms.katalon.core.main.TestCaseExecutor.accessMainPhase(TestCaseExecutor.java:410)
	at com.kms.katalon.core.main.TestCaseExecutor.execute(TestCaseExecutor.java:285)
	at com.kms.katalon.core.common.CommonExecutor.accessTestCaseMainPhase(CommonExecutor.java:65)
	at com.kms.katalon.core.main.TestSuiteExecutor.accessTestSuiteMainPhase(TestSuiteExecutor.java:148)
	at com.kms.katalon.core.main.TestSuiteExecutor.execute(TestSuiteExecutor.java:106)
	at com.kms.katalon.core.main.TestCaseMain.startTestSuite(TestCaseMain.java:187)
	at com.kms.katalon.core.main.TestCaseMain$startTestSuite$0.call(Unknown Source)
	at TempTestSuite1700828856047.run(TempTestSuite1700828856047.groovy:36)
Caused by: groovy.lang.MissingPropertyException: No such property: f for class: Script1695813884754
	at FormulaireJustificatifs.run(FormulaireJustificatifs:187)
	at com.kms.katalon.core.main.ScriptEngine.run(ScriptEngine.java:194)
	at com.kms.katalon.core.main.ScriptEngine.runScriptAsRawText(ScriptEngine.java:119)
	at com.kms.katalon.core.main.TestCaseExecutor.runScript(TestCaseExecutor.java:448)
	at com.kms.katalon.core.main.TestCaseExecutor.doExecute(TestCaseExecutor.java:439)
	at com.kms.katalon.core.main.TestCaseExecutor.processExecutionPhase(TestCaseExecutor.java:418)
	at com.kms.katalon.core.main.TestCaseExecutor.accessMainPhase(TestCaseExecutor.java:410)
	at com.kms.katalon.core.main.TestCaseExecutor.execute(TestCaseExecutor.java:285)
	at com.kms.katalon.core.main.TestCaseMain.runTestCase(TestCaseMain.java:144)
	at com.kms.katalon.core.keyword.builtin.CallTestCaseKeyword$_callTestCase_closure1.doCall(CallTestCaseKeyword.groovy:59)
	... 21 more
)

2023-11-24 13:33:57 - [MESSAGE][ERROR] - Test Cases/Cas D Utilisations/Usager Etudiant/TNR R.TSPT Supp90-Etudiant FAILED.
Reason:
com.kms.katalon.core.exception.StepErrorException: Call Test Case 'Test Cases/Test Reutilisable/DemandeOuRenouvelle_TitreSejour/FormulaireJustificatifs' failed because of error(s)
	at com.kms.katalon.core.keyword.builtin.CallTestCaseKeyword$_callTestCase_closure1.doCall(CallTestCaseKeyword.groovy:66)
	at com.kms.katalon.core.keyword.builtin.CallTestCaseKeyword$_callTestCase_closure1.call(CallTestCaseKeyword.groovy)
	at com.kms.katalon.core.keyword.internal.KeywordMain.runKeyword(KeywordMain.groovy:75)
	at com.kms.katalon.core.keyword.builtin.CallTestCaseKeyword.callTestCase(CallTestCaseKeyword.groovy:81)
	at com.kms.katalon.core.keyword.builtin.CallTestCaseKeyword.execute(CallTestCaseKeyword.groovy:44)
	at com.kms.katalon.core.keyword.internal.KeywordExecutor.executeKeywordForPlatform(KeywordExecutor.groovy:74)
	at com.kms.katalon.core.keyword.BuiltinKeywords.callTestCase(BuiltinKeywords.groovy:310)
	at com.kazurayam.ksbackyard.HighlightElement$_pandemic_closure1.doCall(HighlightElement.groovy:105)
	at TNR R.TSPT Supp90-Etudiant.run(TNR R.TSPT Supp90-Etudiant:62)
	at com.kms.katalon.core.main.ScriptEngine.run(ScriptEngine.java:194)
	at com.kms.katalon.core.main.ScriptEngine.runScriptAsRawText(ScriptEngine.java:119)
	at com.kms.katalon.core.main.TestCaseExecutor.runScript(TestCaseExecutor.java:448)
	at com.kms.katalon.core.main.TestCaseExecutor.doExecute(TestCaseExecutor.java:439)
	at com.kms.katalon.core.main.TestCaseExecutor.processExecutionPhase(TestCaseExecutor.java:418)
	at com.kms.katalon.core.main.TestCaseExecutor.accessMainPhase(TestCaseExecutor.java:410)
	at com.kms.katalon.core.main.TestCaseExecutor.execute(TestCaseExecutor.java:285)
	at com.kms.katalon.core.common.CommonExecutor.accessTestCaseMainPhase(CommonExecutor.java:65)
	at com.kms.katalon.core.main.TestSuiteExecutor.accessTestSuiteMainPhase(TestSuiteExecutor.java:148)
	at com.kms.katalon.core.main.TestSuiteExecutor.execute(TestSuiteExecutor.java:106)
	at com.kms.katalon.core.main.TestCaseMain.startTestSuite(TestCaseMain.java:187)
	at com.kms.katalon.core.main.TestCaseMain$startTestSuite$0.call(Unknown Source)
	at TempTestSuite1700828856047.run(TempTestSuite1700828856047.groovy:36)
Caused by: groovy.lang.MissingPropertyException: No such property: f for class: Script1695813884754
	at FormulaireJustificatifs.run(FormulaireJustificatifs:187)
	at com.kms.katalon.core.main.ScriptEngine.run(ScriptEngine.java:194)
	at com.kms.katalon.core.main.ScriptEngine.runScriptAsRawText(ScriptEngine.java:119)
	at com.kms.katalon.core.main.TestCaseExecutor.runScript(TestCaseExecutor.java:448)
	at com.kms.katalon.core.main.TestCaseExecutor.doExecute(TestCaseExecutor.java:439)
	at com.kms.katalon.core.main.TestCaseExecutor.processExecutionPhase(TestCaseExecutor.java:418)
	at com.kms.katalon.core.main.TestCaseExecutor.accessMainPhase(TestCaseExecutor.java:410)
	at com.kms.katalon.core.main.TestCaseExecutor.execute(TestCaseExecutor.java:285)
	at com.kms.katalon.core.main.TestCaseMain.runTestCase(TestCaseMain.java:144)
	at com.kms.katalon.core.keyword.builtin.CallTestCaseKeyword$_callTestCase_closure1.doCall(CallTestCaseKeyword.groovy:59)
	... 21 more


2023-11-24 13:34:01 - [TEST_STEP][PASSED] - Video: Video recording for test case 'Test Cases/Cas D Utilisations/Usager Etudiant/TNR R.TSPT Supp90-Etudiant' .

2023-11-24 13:34:01 - [MESSAGE][INFO] - Video recording for test case 'Test Cases/Cas D Utilisations/Usager Etudiant/TNR R.TSPT Supp90-Etudiant' .]]></system-out>
         <system-err><![CDATA[2023-11-24 13:27:40 - [TEST_CASE][ERROR] - Test Cases/Cas D Utilisations/Usager Etudiant/TNR R.TSPT Supp90-Etudiant: Test Cases/Cas D Utilisations/Usager Etudiant/TNR R.TSPT Supp90-Etudiant FAILED.
Reason:
com.kms.katalon.core.exception.StepErrorException: Call Test Case 'Test Cases/Test Reutilisable/DemandeOuRenouvelle_TitreSejour/FormulaireJustificatifs' failed because of error(s)
	at com.kms.katalon.core.keyword.builtin.CallTestCaseKeyword$_callTestCase_closure1.doCall(CallTestCaseKeyword.groovy:66)
	at com.kms.katalon.core.keyword.builtin.CallTestCaseKeyword$_callTestCase_closure1.call(CallTestCaseKeyword.groovy)
	at com.kms.katalon.core.keyword.internal.KeywordMain.runKeyword(KeywordMain.groovy:75)
	at com.kms.katalon.core.keyword.builtin.CallTestCaseKeyword.callTestCase(CallTestCaseKeyword.groovy:81)
	at com.kms.katalon.core.keyword.builtin.CallTestCaseKeyword.execute(CallTestCaseKeyword.groovy:44)
	at com.kms.katalon.core.keyword.internal.KeywordExecutor.executeKeywordForPlatform(KeywordExecutor.groovy:74)
	at com.kms.katalon.core.keyword.BuiltinKeywords.callTestCase(BuiltinKeywords.groovy:310)
	at com.kazurayam.ksbackyard.HighlightElement$_pandemic_closure1.doCall(HighlightElement.groovy:105)
	at TNR R.TSPT Supp90-Etudiant.run(TNR R.TSPT Supp90-Etudiant:62)
	at com.kms.katalon.core.main.ScriptEngine.run(ScriptEngine.java:194)
	at com.kms.katalon.core.main.ScriptEngine.runScriptAsRawText(ScriptEngine.java:119)
	at com.kms.katalon.core.main.TestCaseExecutor.runScript(TestCaseExecutor.java:448)
	at com.kms.katalon.core.main.TestCaseExecutor.doExecute(TestCaseExecutor.java:439)
	at com.kms.katalon.core.main.TestCaseExecutor.processExecutionPhase(TestCaseExecutor.java:418)
	at com.kms.katalon.core.main.TestCaseExecutor.accessMainPhase(TestCaseExecutor.java:410)
	at com.kms.katalon.core.main.TestCaseExecutor.execute(TestCaseExecutor.java:285)
	at com.kms.katalon.core.common.CommonExecutor.accessTestCaseMainPhase(CommonExecutor.java:65)
	at com.kms.katalon.core.main.TestSuiteExecutor.accessTestSuiteMainPhase(TestSuiteExecutor.java:148)
	at com.kms.katalon.core.main.TestSuiteExecutor.execute(TestSuiteExecutor.java:106)
	at com.kms.katalon.core.main.TestCaseMain.startTestSuite(TestCaseMain.java:187)
	at com.kms.katalon.core.main.TestCaseMain$startTestSuite$0.call(Unknown Source)
	at TempTestSuite1700828856047.run(TempTestSuite1700828856047.groovy:36)
Caused by: groovy.lang.MissingPropertyException: No such property: f for class: Script1695813884754
	at FormulaireJustificatifs.run(FormulaireJustificatifs:187)
	at com.kms.katalon.core.main.ScriptEngine.run(ScriptEngine.java:194)
	at com.kms.katalon.core.main.ScriptEngine.runScriptAsRawText(ScriptEngine.java:119)
	at com.kms.katalon.core.main.TestCaseExecutor.runScript(TestCaseExecutor.java:448)
	at com.kms.katalon.core.main.TestCaseExecutor.doExecute(TestCaseExecutor.java:439)
	at com.kms.katalon.core.main.TestCaseExecutor.processExecutionPhase(TestCaseExecutor.java:418)
	at com.kms.katalon.core.main.TestCaseExecutor.accessMainPhase(TestCaseExecutor.java:410)
	at com.kms.katalon.core.main.TestCaseExecutor.execute(TestCaseExecutor.java:285)
	at com.kms.katalon.core.main.TestCaseMain.runTestCase(TestCaseMain.java:144)
	at com.kms.katalon.core.keyword.builtin.CallTestCaseKeyword$_callTestCase_closure1.doCall(CallTestCaseKeyword.groovy:59)
	... 21 more]]></system-err>
      </testcase>
      <system-out><![CDATA[2023-11-24 13:27:39 - [TEST_SUITE][ERROR] - TS_TNR_R.TSPT_Suppo90: Test Cases/Cas D Utilisations/Usager Etudiant/TNR R.TSPT Supp90-Etudiant FAILED.
Reason:
com.kms.katalon.core.exception.StepErrorException: Call Test Case 'Test Cases/Test Reutilisable/DemandeOuRenouvelle_TitreSejour/FormulaireJustificatifs' failed because of error(s)
	at com.kms.katalon.core.keyword.builtin.CallTestCaseKeyword$_callTestCase_closure1.doCall(CallTestCaseKeyword.groovy:66)
	at com.kms.katalon.core.keyword.builtin.CallTestCaseKeyword$_callTestCase_closure1.call(CallTestCaseKeyword.groovy)
	at com.kms.katalon.core.keyword.internal.KeywordMain.runKeyword(KeywordMain.groovy:75)
	at com.kms.katalon.core.keyword.builtin.CallTestCaseKeyword.callTestCase(CallTestCaseKeyword.groovy:81)
	at com.kms.katalon.core.keyword.builtin.CallTestCaseKeyword.execute(CallTestCaseKeyword.groovy:44)
	at com.kms.katalon.core.keyword.internal.KeywordExecutor.executeKeywordForPlatform(KeywordExecutor.groovy:74)
	at com.kms.katalon.core.keyword.BuiltinKeywords.callTestCase(BuiltinKeywords.groovy:310)
	at com.kazurayam.ksbackyard.HighlightElement$_pandemic_closure1.doCall(HighlightElement.groovy:105)
	at TNR R.TSPT Supp90-Etudiant.run(TNR R.TSPT Supp90-Etudiant:62)
	at com.kms.katalon.core.main.ScriptEngine.run(ScriptEngine.java:194)
	at com.kms.katalon.core.main.ScriptEngine.runScriptAsRawText(ScriptEngine.java:119)
	at com.kms.katalon.core.main.TestCaseExecutor.runScript(TestCaseExecutor.java:448)
	at com.kms.katalon.core.main.TestCaseExecutor.doExecute(TestCaseExecutor.java:439)
	at com.kms.katalon.core.main.TestCaseExecutor.processExecutionPhase(TestCaseExecutor.java:418)
	at com.kms.katalon.core.main.TestCaseExecutor.accessMainPhase(TestCaseExecutor.java:410)
	at com.kms.katalon.core.main.TestCaseExecutor.execute(TestCaseExecutor.java:285)
	at com.kms.katalon.core.common.CommonExecutor.accessTestCaseMainPhase(CommonExecutor.java:65)
	at com.kms.katalon.core.main.TestSuiteExecutor.accessTestSuiteMainPhase(TestSuiteExecutor.java:148)
	at com.kms.katalon.core.main.TestSuiteExecutor.execute(TestSuiteExecutor.java:106)
	at com.kms.katalon.core.main.TestCaseMain.startTestSuite(TestCaseMain.java:187)
	at com.kms.katalon.core.main.TestCaseMain$startTestSuite$0.call(Unknown Source)
	at TempTestSuite1700828856047.run(TempTestSuite1700828856047.groovy:36)
Caused by: groovy.lang.MissingPropertyException: No such property: f for class: Script1695813884754
	at FormulaireJustificatifs.run(FormulaireJustificatifs:187)
	at com.kms.katalon.core.main.ScriptEngine.run(ScriptEngine.java:194)
	at com.kms.katalon.core.main.ScriptEngine.runScriptAsRawText(ScriptEngine.java:119)
	at com.kms.katalon.core.main.TestCaseExecutor.runScript(TestCaseExecutor.java:448)
	at com.kms.katalon.core.main.TestCaseExecutor.doExecute(TestCaseExecutor.java:439)
	at com.kms.katalon.core.main.TestCaseExecutor.processExecutionPhase(TestCaseExecutor.java:418)
	at com.kms.katalon.core.main.TestCaseExecutor.accessMainPhase(TestCaseExecutor.java:410)
	at com.kms.katalon.core.main.TestCaseExecutor.execute(TestCaseExecutor.java:285)
	at com.kms.katalon.core.main.TestCaseMain.runTestCase(TestCaseMain.java:144)
	at com.kms.katalon.core.keyword.builtin.CallTestCaseKeyword$_callTestCase_closure1.doCall(CallTestCaseKeyword.groovy:59)
	... 21 more]]></system-out>
      <system-err><![CDATA[2023-11-24 13:27:39 - [TEST_SUITE][ERROR] - TS_TNR_R.TSPT_Suppo90: Test Cases/Cas D Utilisations/Usager Etudiant/TNR R.TSPT Supp90-Etudiant FAILED.
Reason:
com.kms.katalon.core.exception.StepErrorException: Call Test Case 'Test Cases/Test Reutilisable/DemandeOuRenouvelle_TitreSejour/FormulaireJustificatifs' failed because of error(s)
	at com.kms.katalon.core.keyword.builtin.CallTestCaseKeyword$_callTestCase_closure1.doCall(CallTestCaseKeyword.groovy:66)
	at com.kms.katalon.core.keyword.builtin.CallTestCaseKeyword$_callTestCase_closure1.call(CallTestCaseKeyword.groovy)
	at com.kms.katalon.core.keyword.internal.KeywordMain.runKeyword(KeywordMain.groovy:75)
	at com.kms.katalon.core.keyword.builtin.CallTestCaseKeyword.callTestCase(CallTestCaseKeyword.groovy:81)
	at com.kms.katalon.core.keyword.builtin.CallTestCaseKeyword.execute(CallTestCaseKeyword.groovy:44)
	at com.kms.katalon.core.keyword.internal.KeywordExecutor.executeKeywordForPlatform(KeywordExecutor.groovy:74)
	at com.kms.katalon.core.keyword.BuiltinKeywords.callTestCase(BuiltinKeywords.groovy:310)
	at com.kazurayam.ksbackyard.HighlightElement$_pandemic_closure1.doCall(HighlightElement.groovy:105)
	at TNR R.TSPT Supp90-Etudiant.run(TNR R.TSPT Supp90-Etudiant:62)
	at com.kms.katalon.core.main.ScriptEngine.run(ScriptEngine.java:194)
	at com.kms.katalon.core.main.ScriptEngine.runScriptAsRawText(ScriptEngine.java:119)
	at com.kms.katalon.core.main.TestCaseExecutor.runScript(TestCaseExecutor.java:448)
	at com.kms.katalon.core.main.TestCaseExecutor.doExecute(TestCaseExecutor.java:439)
	at com.kms.katalon.core.main.TestCaseExecutor.processExecutionPhase(TestCaseExecutor.java:418)
	at com.kms.katalon.core.main.TestCaseExecutor.accessMainPhase(TestCaseExecutor.java:410)
	at com.kms.katalon.core.main.TestCaseExecutor.execute(TestCaseExecutor.java:285)
	at com.kms.katalon.core.common.CommonExecutor.accessTestCaseMainPhase(CommonExecutor.java:65)
	at com.kms.katalon.core.main.TestSuiteExecutor.accessTestSuiteMainPhase(TestSuiteExecutor.java:148)
	at com.kms.katalon.core.main.TestSuiteExecutor.execute(TestSuiteExecutor.java:106)
	at com.kms.katalon.core.main.TestCaseMain.startTestSuite(TestCaseMain.java:187)
	at com.kms.katalon.core.main.TestCaseMain$startTestSuite$0.call(Unknown Source)
	at TempTestSuite1700828856047.run(TempTestSuite1700828856047.groovy:36)
Caused by: groovy.lang.MissingPropertyException: No such property: f for class: Script1695813884754
	at FormulaireJustificatifs.run(FormulaireJustificatifs:187)
	at com.kms.katalon.core.main.ScriptEngine.run(ScriptEngine.java:194)
	at com.kms.katalon.core.main.ScriptEngine.runScriptAsRawText(ScriptEngine.java:119)
	at com.kms.katalon.core.main.TestCaseExecutor.runScript(TestCaseExecutor.java:448)
	at com.kms.katalon.core.main.TestCaseExecutor.doExecute(TestCaseExecutor.java:439)
	at com.kms.katalon.core.main.TestCaseExecutor.processExecutionPhase(TestCaseExecutor.java:418)
	at com.kms.katalon.core.main.TestCaseExecutor.accessMainPhase(TestCaseExecutor.java:410)
	at com.kms.katalon.core.main.TestCaseExecutor.execute(TestCaseExecutor.java:285)
	at com.kms.katalon.core.main.TestCaseMain.runTestCase(TestCaseMain.java:144)
	at com.kms.katalon.core.keyword.builtin.CallTestCaseKeyword$_callTestCase_closure1.doCall(CallTestCaseKeyword.groovy:59)
	... 21 more]]></system-err>
   </testsuite>
</testsuites>
