<?xml version="1.0" encoding="UTF-8"?>
<testsuites name="TS_TNR_R.TSPT_Suppo90" time="586.209" tests="3" failures="1" errors="2">
   <testsuite name="TS_TNR_R.TSPT_Suppo90" tests="3" failures="1" errors="2" time="586.209" skipped="0" timestamp="2023-11-24 12:17:40" hostname="issam.rharbaoui - FR-L5448059.groupinfra.com" id="Test Suites/TS_TNR_R.TSPT_Suppo90">
      <properties>
         <property name="deviceName" value=""/>
         <property name="devicePlatform" value=""/>
         <property name="logFolder" value="C:\\Users\\ISSAM.RHARBAOUI\\git\\22_11\\ANEF-AutomatizationProject\\Reports\\20231124_121737\\TS_TNR_R.TSPT_Suppo90\\20231124_121737"/>
         <property name="logFiles" value="C:\\Users\\ISSAM.RHARBAOUI\\git\\22_11\\ANEF-AutomatizationProject\\Reports\\20231124_121737\\TS_TNR_R.TSPT_Suppo90\\20231124_121737\\execution0.log"/>
         <property name="attachments" value="C:\\Users\\ISSAM.RHARBAOUI\\git\\22_11\\ANEF-AutomatizationProject\\Reports\\20231124_121737\\TS_TNR_R.TSPT_Suppo90\\20231124_121737\\1700824723108.png, C:\\Users\\ISSAM.RHARBAOUI\\git\\22_11\\ANEF-AutomatizationProject\\Reports\\20231124_121737\\TS_TNR_R.TSPT_Suppo90\\20231124_121737\\1700824796572.png, C:\\Users\\ISSAM.RHARBAOUI\\git\\22_11\\ANEF-AutomatizationProject\\Reports\\20231124_121737\\TS_TNR_R.TSPT_Suppo90\\20231124_121737\\1700824806063.png, C:\\Users\\ISSAM.RHARBAOUI\\git\\22_11\\ANEF-AutomatizationProject\\Reports\\20231124_121737\\TS_TNR_R.TSPT_Suppo90\\20231124_121737\\1700824950059.png, C:\\Users\\ISSAM.RHARBAOUI\\git\\22_11\\ANEF-AutomatizationProject\\Reports\\20231124_121737\\TS_TNR_R.TSPT_Suppo90\\20231124_121737\\1700825029245.png, C:\\Users\\ISSAM.RHARBAOUI\\git\\22_11\\ANEF-AutomatizationProject\\Reports\\20231124_121737\\TS_TNR_R.TSPT_Suppo90\\20231124_121737\\1700825031829.png, C:\\Users\\ISSAM.RHARBAOUI\\git\\22_11\\ANEF-AutomatizationProject\\Reports\\20231124_121737\\TS_TNR_R.TSPT_Suppo90\\20231124_121737\\1700825036201.png, C:\\Users\\ISSAM.RHARBAOUI\\git\\22_11\\ANEF-AutomatizationProject\\Reports\\20231124_121737\\TS_TNR_R.TSPT_Suppo90\\20231124_121737\\1700825040507.png, C:\\Users\\ISSAM.RHARBAOUI\\git\\22_11\\ANEF-AutomatizationProject\\Reports\\20231124_121737\\TS_TNR_R.TSPT_Suppo90\\20231124_121737\\1700825069879.png, C:\\Users\\ISSAM.RHARBAOUI\\git\\22_11\\ANEF-AutomatizationProject\\Reports\\20231124_121737\\TS_TNR_R.TSPT_Suppo90\\20231124_121737\\1700825128009.png, C:\\Users\\ISSAM.RHARBAOUI\\git\\22_11\\ANEF-AutomatizationProject\\Reports\\20231124_121737\\TS_TNR_R.TSPT_Suppo90\\20231124_121737\\1700825207552.png, C:\\Users\\ISSAM.RHARBAOUI\\git\\22_11\\ANEF-AutomatizationProject\\Reports\\20231124_121737\\TS_TNR_R.TSPT_Suppo90\\20231124_121737\\1700825214561.png"/>
         <property name="hostName" value="issam.rharbaoui - FR-L5448059.groupinfra.com"/>
         <property name="os" value="Windows 10 64bit"/>
         <property name="katalonVersion" value="8.6.5.208"/>
         <property name="browser" value="Chrome 119.0.0.0"/>
         <property name="hostAddress" value="192.168.1.134"/>
         <property name="sessionId" value="722468d9f2ae40f9e70170d128ddf877"/>
         <property name="seleniumVersion" value="3.141.59"/>
         <property name="proxyInformation" value="ProxyInformation { proxyOption=NO_PROXY, proxyServerType=HTTP, username=, password=********, proxyServerAddress=, proxyServerPort=0, executionList=&quot;&quot;, isApplyToDesiredCapabilities=true }"/>
         <property name="platform" value="Windows 10"/>
      </properties>
      <testcase name="Test Cases/Cas D Utilisations/Usager Etudiant/TNR R.TSPT Supp90-Etudiant" time="208.745" classname="Test Cases/Cas D Utilisations/Usager Etudiant/TNR R.TSPT Supp90-Etudiant" status="ERROR">
         <error type="ERROR" message="Test Cases/Cas D Utilisations/Usager Etudiant/TNR R.TSPT Supp90-Etudiant FAILED.
Reason:
com.kms.katalon.core.exception.StepErrorException: Call Test Case 'Test Cases/Test Reutilisable/DemandeOuRenouvelle_TitreSejour/FormulaireJustificatifs' failed because of error(s)
	at com.kms.katalon.core.keyword.builtin.CallTestCaseKeyword$_callTestCase_closure1.doCall(CallTestCaseKeyword.groovy:66)
	at com.kms.katalon.core.keyword.builtin.CallTestCaseKeyword$_callTestCase_closure1.call(CallTestCaseKeyword.groovy)
	at com.kms.katalon.core.keyword.internal.KeywordMain.runKeyword(KeywordMain.groovy:75)
	at com.kms.katalon.core.keyword.builtin.CallTestCaseKeyword.callTestCase(CallTestCaseKeyword.groovy:81)
	at com.kms.katalon.core.keyword.builtin.CallTestCaseKeyword.execute(CallTestCaseKeyword.groovy:44)
	at com.kms.katalon.core.keyword.internal.KeywordExecutor.executeKeywordForPlatform(KeywordExecutor.groovy:74)
	at com.kms.katalon.core.keyword.BuiltinKeywords.callTestCase(BuiltinKeywords.groovy:310)
	at com.kazurayam.ksbackyard.HighlightElement$_pandemic_closure1.doCall(HighlightElement.groovy:105)
	at TNR R.TSPT Supp90-Etudiant.run(TNR R.TSPT Supp90-Etudiant:62)
	at com.kms.katalon.core.main.ScriptEngine.run(ScriptEngine.java:194)
	at com.kms.katalon.core.main.ScriptEngine.runScriptAsRawText(ScriptEngine.java:119)
	at com.kms.katalon.core.main.TestCaseExecutor.runScript(TestCaseExecutor.java:448)
	at com.kms.katalon.core.main.TestCaseExecutor.doExecute(TestCaseExecutor.java:439)
	at com.kms.katalon.core.main.TestCaseExecutor.processExecutionPhase(TestCaseExecutor.java:418)
	at com.kms.katalon.core.main.TestCaseExecutor.accessMainPhase(TestCaseExecutor.java:410)
	at com.kms.katalon.core.main.TestCaseExecutor.execute(TestCaseExecutor.java:285)
	at com.kms.katalon.core.common.CommonExecutor.accessTestCaseMainPhase(CommonExecutor.java:65)
	at com.kms.katalon.core.main.TestSuiteExecutor.accessTestSuiteMainPhase(TestSuiteExecutor.java:148)
	at com.kms.katalon.core.main.TestSuiteExecutor.execute(TestSuiteExecutor.java:106)
	at com.kms.katalon.core.main.TestCaseMain.startTestSuite(TestCaseMain.java:187)
	at com.kms.katalon.core.main.TestCaseMain$startTestSuite$0.call(Unknown Source)
	at TempTestSuite1700824657414.run(TempTestSuite1700824657414.groovy:36)
Caused by: groovy.lang.MissingPropertyException: No such property: f for class: Script1695813884754
	at FormulaireJustificatifs.run(FormulaireJustificatifs:187)
	at com.kms.katalon.core.main.ScriptEngine.run(ScriptEngine.java:194)
	at com.kms.katalon.core.main.ScriptEngine.runScriptAsRawText(ScriptEngine.java:119)
	at com.kms.katalon.core.main.TestCaseExecutor.runScript(TestCaseExecutor.java:448)
	at com.kms.katalon.core.main.TestCaseExecutor.doExecute(TestCaseExecutor.java:439)
	at com.kms.katalon.core.main.TestCaseExecutor.processExecutionPhase(TestCaseExecutor.java:418)
	at com.kms.katalon.core.main.TestCaseExecutor.accessMainPhase(TestCaseExecutor.java:410)
	at com.kms.katalon.core.main.TestCaseExecutor.execute(TestCaseExecutor.java:285)
	at com.kms.katalon.core.main.TestCaseMain.runTestCase(TestCaseMain.java:144)
	at com.kms.katalon.core.keyword.builtin.CallTestCaseKeyword$_callTestCase_closure1.doCall(CallTestCaseKeyword.groovy:59)
	... 21 more
"/>
         <system-out><![CDATA[2023-11-24 12:17:41 - [TEST_CASE][ERROR] - Test Cases/Cas D Utilisations/Usager Etudiant/TNR R.TSPT Supp90-Etudiant: Test Cases/Cas D Utilisations/Usager Etudiant/TNR R.TSPT Supp90-Etudiant FAILED.
Reason:
com.kms.katalon.core.exception.StepErrorException: Call Test Case 'Test Cases/Test Reutilisable/DemandeOuRenouvelle_TitreSejour/FormulaireJustificatifs' failed because of error(s)
	at com.kms.katalon.core.keyword.builtin.CallTestCaseKeyword$_callTestCase_closure1.doCall(CallTestCaseKeyword.groovy:66)
	at com.kms.katalon.core.keyword.builtin.CallTestCaseKeyword$_callTestCase_closure1.call(CallTestCaseKeyword.groovy)
	at com.kms.katalon.core.keyword.internal.KeywordMain.runKeyword(KeywordMain.groovy:75)
	at com.kms.katalon.core.keyword.builtin.CallTestCaseKeyword.callTestCase(CallTestCaseKeyword.groovy:81)
	at com.kms.katalon.core.keyword.builtin.CallTestCaseKeyword.execute(CallTestCaseKeyword.groovy:44)
	at com.kms.katalon.core.keyword.internal.KeywordExecutor.executeKeywordForPlatform(KeywordExecutor.groovy:74)
	at com.kms.katalon.core.keyword.BuiltinKeywords.callTestCase(BuiltinKeywords.groovy:310)
	at com.kazurayam.ksbackyard.HighlightElement$_pandemic_closure1.doCall(HighlightElement.groovy:105)
	at TNR R.TSPT Supp90-Etudiant.run(TNR R.TSPT Supp90-Etudiant:62)
	at com.kms.katalon.core.main.ScriptEngine.run(ScriptEngine.java:194)
	at com.kms.katalon.core.main.ScriptEngine.runScriptAsRawText(ScriptEngine.java:119)
	at com.kms.katalon.core.main.TestCaseExecutor.runScript(TestCaseExecutor.java:448)
	at com.kms.katalon.core.main.TestCaseExecutor.doExecute(TestCaseExecutor.java:439)
	at com.kms.katalon.core.main.TestCaseExecutor.processExecutionPhase(TestCaseExecutor.java:418)
	at com.kms.katalon.core.main.TestCaseExecutor.accessMainPhase(TestCaseExecutor.java:410)
	at com.kms.katalon.core.main.TestCaseExecutor.execute(TestCaseExecutor.java:285)
	at com.kms.katalon.core.common.CommonExecutor.accessTestCaseMainPhase(CommonExecutor.java:65)
	at com.kms.katalon.core.main.TestSuiteExecutor.accessTestSuiteMainPhase(TestSuiteExecutor.java:148)
	at com.kms.katalon.core.main.TestSuiteExecutor.execute(TestSuiteExecutor.java:106)
	at com.kms.katalon.core.main.TestCaseMain.startTestSuite(TestCaseMain.java:187)
	at com.kms.katalon.core.main.TestCaseMain$startTestSuite$0.call(Unknown Source)
	at TempTestSuite1700824657414.run(TempTestSuite1700824657414.groovy:36)
Caused by: groovy.lang.MissingPropertyException: No such property: f for class: Script1695813884754
	at FormulaireJustificatifs.run(FormulaireJustificatifs:187)
	at com.kms.katalon.core.main.ScriptEngine.run(ScriptEngine.java:194)
	at com.kms.katalon.core.main.ScriptEngine.runScriptAsRawText(ScriptEngine.java:119)
	at com.kms.katalon.core.main.TestCaseExecutor.runScript(TestCaseExecutor.java:448)
	at com.kms.katalon.core.main.TestCaseExecutor.doExecute(TestCaseExecutor.java:439)
	at com.kms.katalon.core.main.TestCaseExecutor.processExecutionPhase(TestCaseExecutor.java:418)
	at com.kms.katalon.core.main.TestCaseExecutor.accessMainPhase(TestCaseExecutor.java:410)
	at com.kms.katalon.core.main.TestCaseExecutor.execute(TestCaseExecutor.java:285)
	at com.kms.katalon.core.main.TestCaseMain.runTestCase(TestCaseMain.java:144)
	at com.kms.katalon.core.keyword.builtin.CallTestCaseKeyword$_callTestCase_closure1.doCall(CallTestCaseKeyword.groovy:59)
	... 21 more


2023-11-24 12:17:43 - [TEST_STEP][PASSED] - com.kazurayam.ksbackyard.HighlightElement.pandemic(): com.kazurayam.ksbackyard.HighlightElement.pandemic is PASSED

2023-11-24 12:17:43 - [MESSAGE][PASSED] - com.kazurayam.ksbackyard.HighlightElement.pandemic is PASSED

2023-11-24 12:17:43 - [TEST_STEP][PASSED] - callTestCase(findTestCase("Test Reutilisable/Main/Lancer URL ANEF"), ["Profiles":"Usager", "EnvExec":EnvExec], STOP_ON_FAILURE): Call Test Case 'Test Cases/Test Reutilisable/Main/Lancer URL ANEF' successfully

2023-11-24 12:17:44 - [MESSAGE][INFO] - Checking called Test Case

2023-11-24 12:17:44 - [MESSAGE][INFO] - Starting to call Test Case 'Test Cases/Test Reutilisable/Main/Lancer URL ANEF'

2023-11-24 12:17:44 - [TEST_CASE][PASSED] - Test Cases/Test Reutilisable/Main/Lancer URL ANEF: Test Cases/Test Reutilisable/Main/Lancer URL ANEF

2023-11-24 12:17:49 - [TEST_STEP][PASSED] - "RunConfiguration: getProjectDir for LogDriver ": null

2023-11-24 12:17:49 - [TEST_STEP][PASSED] - RunBrowserConfiguration = getExecutionProperties(): null

2023-11-24 12:17:49 - [TEST_STEP][PASSED] - DriverName = "": null

2023-11-24 12:17:49 - [TEST_STEP][PASSED] - openBrowser(""): Browser is opened with url: ''

2023-11-24 12:17:50 - [MESSAGE][INFO] - Opening browser

2023-11-24 12:17:50 - [MESSAGE][INFO] - Starting 'Chrome' driver

2023-11-24 12:17:50 - [MESSAGE][INFO] - User set preference: ['args', '[--incognito, --start-maximized, --remote-allow-origins=*]']

2023-11-24 12:17:50 - [MESSAGE][INFO] - User set preference: ['prefs', '{download.default_directory=${GlobalVariable.downloadPath}, download_dir=${GlobalVariable.downloadPath}, download.prompt_for_download=false}']

2023-11-24 12:17:50 - [MESSAGE][INFO] - User set preference: ['loggingPrefs', '{browser=ALL}']

2023-11-24 12:17:50 - [MESSAGE][INFO] - Action delay is set to 2 000 milliseconds

2023-11-24 12:17:53 - [MESSAGE][PASSED] - Browser is opened with url: ''

2023-11-24 12:17:53 - [TEST_STEP][PASSED] - driver = getWebDriver(): null

2023-11-24 12:17:53 - [TEST_STEP][PASSED] - wrappedDriver = driver.getWrappedDriver(): null

2023-11-24 12:17:53 - [TEST_STEP][PASSED] - out.println(wrappedDriver.getClass()): null

2023-11-24 12:17:53 - [TEST_STEP][PASSED] - if (class == com.kms.katalon.selenium.driver.CRemoteWebDriver): null

2023-11-24 12:17:53 - [TEST_STEP][PASSED] - else: null

2023-11-24 12:17:53 - [TEST_STEP][PASSED] - DriverName = get("WebUI").get("browserType"): null

2023-11-24 12:17:53 - [TEST_STEP][PASSED] - println("DriverName :" + DriverName): null

2023-11-24 12:17:53 - [TEST_STEP][PASSED] - println("Driverpath :" + RunBrowserConfiguration.get("drivers")): null

2023-11-24 12:17:53 - [TEST_STEP][PASSED] - DriverName = DriverName: null

2023-11-24 12:17:55 - [TEST_STEP][PASSED] - delay(medium_wait): Delayed 3 second(s)

2023-11-24 12:17:55 - [MESSAGE][INFO] - Delaying browser in 3 second(s)

2023-11-24 12:17:58 - [MESSAGE][PASSED] - Delayed 3 second(s)

2023-11-24 12:17:58 - [TEST_STEP][PASSED] - executedBrowser = getExecutedBrowser(): null

2023-11-24 12:17:58 - [TEST_STEP][PASSED] - if (Profiles == "Usager"): null

2023-11-24 12:17:58 - [TEST_STEP][PASSED] - switch (DriverName): null

2023-11-24 12:17:58 - [TEST_STEP][PASSED] - case "CHROME_DRIVER":: null

2023-11-24 12:17:58 - [TEST_STEP][PASSED] - if (EnvExec == "URL_ANEFQualif"): null

2023-11-24 12:17:58 - [TEST_STEP][PASSED] - if (EnvExec == "URL_ANEFPreProd"): Navigate to 'https://preprod.administration-etrangers-en-france.interieur.gouv.fr/particuliers/#/' successfully

2023-11-24 12:17:58 - [TEST_STEP][PASSED] - navigateToUrl(URL_ANEFPreProd): Navigate to 'https://preprod.administration-etrangers-en-france.interieur.gouv.fr/particuliers/#/' successfully

2023-11-24 12:17:58 - [MESSAGE][INFO] - Checking url

2023-11-24 12:17:58 - [MESSAGE][INFO] - Navigating to 'https://preprod.administration-etrangers-en-france.interieur.gouv.fr/particuliers/#/'

2023-11-24 12:18:14 - [MESSAGE][PASSED] - Navigate to 'https://preprod.administration-etrangers-en-france.interieur.gouv.fr/particuliers/#/' successfully

2023-11-24 12:18:14 - [TEST_STEP][PASSED] - maximizeWindow(): Current window maximized

2023-11-24 12:18:14 - [MESSAGE][INFO] - Maximizing current window

2023-11-24 12:18:14 - [MESSAGE][PASSED] - Current window maximized

2023-11-24 12:18:14 - [TEST_STEP][PASSED] - System.setProperty("webdriver.chrome.driver", getChromeDriverPath()): null

2023-11-24 12:18:14 - [TEST_STEP][PASSED] - System.setProperty("webdriver.chrome.logfile", getProjectDir() + "/Dump/chromedriver.log"): null

2023-11-24 12:18:14 - [TEST_STEP][PASSED] - callTestCase(findTestCase("Test Reutilisable/Main/Erreur lie a la confidentialite"), [:], STOP_ON_FAILURE): Call Test Case 'Test Cases/Test Reutilisable/Main/Erreur lie a la confidentialite' successfully

2023-11-24 12:18:14 - [MESSAGE][INFO] - Checking called Test Case

2023-11-24 12:18:14 - [MESSAGE][INFO] - Starting to call Test Case 'Test Cases/Test Reutilisable/Main/Erreur lie a la confidentialite'

2023-11-24 12:18:14 - [TEST_CASE][PASSED] - Test Cases/Test Reutilisable/Main/Erreur lie a la confidentialite: Test Cases/Test Reutilisable/Main/Erreur lie a la confidentialite

2023-11-24 12:18:16 - [TEST_STEP][PASSED] - tools.WaitForLoadedPage.waitForElementRendering(): tools.WaitForLoadedPage.waitForElementRendering is PASSED

2023-11-24 12:18:16 - [MESSAGE][PASSED] - tools.WaitForLoadedPage.waitForElementRendering is PASSED

2023-11-24 12:18:16 - [TEST_STEP][PASSED] - "Call Highlight.on() automatically": null

2023-11-24 12:18:16 - [TEST_STEP][PASSED] - DriverName = DriverName: null

2023-11-24 12:18:16 - [TEST_STEP][PASSED] - if (DriverName == "CHROME_DRIVER" || "EDGE_CHROMIUM_DRIVER" || "HEADLESS_DRIVER"): null

2023-11-24 12:18:16 - [TEST_STEP][PASSED] - if (verifyElementPresent(findTestObject("Object Repository/Connexion Usager/Btn_Parametres Avances"), 2, OPTIONAL)): null

2023-11-24 12:18:16 - [MESSAGE][INFO] - Finding Test Object 'Object Repository/Connexion Usager/Btn_Parametres Avances'

2023-11-24 12:18:16 - [MESSAGE][INFO] - Checking object

2023-11-24 12:18:16 - [MESSAGE][INFO] - Finding web element from Test Object's properties

2023-11-24 12:18:16 - [MESSAGE][INFO] - Checking timeout

2023-11-24 12:18:16 - [MESSAGE][INFO] - Finding web element with id: 'Object Repository/Connexion Usager/Btn_Parametres Avances' located by 'By.xpath: //*[@id="details-button"]' in '2' second(s)

2023-11-24 12:18:16 - [MESSAGE][INFO] - Smart Wait Function is triggered

2023-11-24 12:18:16 - [MESSAGE][INFO] - Found 1 web elements with id: 'Object Repository/Connexion Usager/Btn_Parametres Avances' located by 'By.xpath: //*[@id="details-button"]' in '2' second(s)

2023-11-24 12:18:16 - [MESSAGE][PASSED] - Object 'Object Repository/Connexion Usager/Btn_Parametres Avances' is present

2023-11-24 12:18:16 - [TEST_STEP][PASSED] - click(findTestObject("Object Repository/Connexion Usager/Btn_Parametres Avances"), OPTIONAL): Object: 'Object Repository/Connexion Usager/Btn_Parametres Avances' is clicked on

2023-11-24 12:18:16 - [MESSAGE][INFO] - Finding Test Object 'Object Repository/Connexion Usager/Btn_Parametres Avances'

2023-11-24 12:18:16 - [MESSAGE][INFO] - Checking timeout

2023-11-24 12:18:16 - [MESSAGE][INFO] - Finding web element with id: 'Object Repository/Connexion Usager/Btn_Parametres Avances' located by 'By.xpath: //*[@id="details-button"]' in '20' second(s)

2023-11-24 12:18:16 - [MESSAGE][INFO] - Smart Wait Function is triggered

2023-11-24 12:18:16 - [MESSAGE][INFO] - Found 1 web elements with id: 'Object Repository/Connexion Usager/Btn_Parametres Avances' located by 'By.xpath: //*[@id="details-button"]' in '20' second(s)

2023-11-24 12:18:16 - [MESSAGE][INFO] - Checking object

2023-11-24 12:18:16 - [MESSAGE][INFO] - Checking timeout

2023-11-24 12:18:16 - [MESSAGE][INFO] - Finding web element from Test Object's properties

2023-11-24 12:18:16 - [MESSAGE][INFO] - Checking timeout

2023-11-24 12:18:16 - [MESSAGE][INFO] - Finding web element with id: 'Object Repository/Connexion Usager/Btn_Parametres Avances' located by 'By.xpath: //*[@id="details-button"]' in '5' second(s)

2023-11-24 12:18:16 - [MESSAGE][INFO] - Smart Wait Function is triggered

2023-11-24 12:18:16 - [MESSAGE][INFO] - Found 1 web elements with id: 'Object Repository/Connexion Usager/Btn_Parametres Avances' located by 'By.xpath: //*[@id="details-button"]' in '5' second(s)

2023-11-24 12:18:16 - [MESSAGE][INFO] - Clicking on object: 'Object Repository/Connexion Usager/Btn_Parametres Avances'

2023-11-24 12:18:18 - [MESSAGE][PASSED] - Object: 'Object Repository/Connexion Usager/Btn_Parametres Avances' is clicked on

2023-11-24 12:18:18 - [TEST_STEP][PASSED] - click(findTestObject("Object Repository/Connexion Usager/Link_Proceed-Link"), OPTIONAL): Object: 'Object Repository/Connexion Usager/Link_Proceed-Link' is clicked on

2023-11-24 12:18:18 - [MESSAGE][INFO] - Finding Test Object 'Object Repository/Connexion Usager/Link_Proceed-Link'

2023-11-24 12:18:18 - [MESSAGE][INFO] - Checking timeout

2023-11-24 12:18:18 - [MESSAGE][INFO] - Finding web element with id: 'Object Repository/Connexion Usager/Link_Proceed-Link' located by 'By.xpath: //*[@id="proceed-link"]' in '20' second(s)

2023-11-24 12:18:18 - [MESSAGE][INFO] - Smart Wait Function is triggered

2023-11-24 12:18:18 - [MESSAGE][INFO] - Found 1 web elements with id: 'Object Repository/Connexion Usager/Link_Proceed-Link' located by 'By.xpath: //*[@id="proceed-link"]' in '20' second(s)

2023-11-24 12:18:19 - [MESSAGE][INFO] - Checking object

2023-11-24 12:18:19 - [MESSAGE][INFO] - Checking timeout

2023-11-24 12:18:19 - [MESSAGE][INFO] - Finding web element from Test Object's properties

2023-11-24 12:18:19 - [MESSAGE][INFO] - Checking timeout

2023-11-24 12:18:19 - [MESSAGE][INFO] - Finding web element with id: 'Object Repository/Connexion Usager/Link_Proceed-Link' located by 'By.xpath: //*[@id="proceed-link"]' in '5' second(s)

2023-11-24 12:18:19 - [MESSAGE][INFO] - Smart Wait Function is triggered

2023-11-24 12:18:19 - [MESSAGE][INFO] - Found 1 web elements with id: 'Object Repository/Connexion Usager/Link_Proceed-Link' located by 'By.xpath: //*[@id="proceed-link"]' in '5' second(s)

2023-11-24 12:18:19 - [MESSAGE][INFO] - Clicking on object: 'Object Repository/Connexion Usager/Link_Proceed-Link'

2023-11-24 12:18:22 - [MESSAGE][PASSED] - Object: 'Object Repository/Connexion Usager/Link_Proceed-Link' is clicked on

2023-11-24 12:18:22 - [TEST_STEP][PASSED] - if (DriverName == "IE_DRIVER"): null

2023-11-24 12:18:22 - [TEST_STEP][PASSED] - delay(3): Delayed 3 second(s)

2023-11-24 12:18:22 - [MESSAGE][INFO] - Delaying browser in 3 second(s)

2023-11-24 12:18:25 - [MESSAGE][PASSED] - Delayed 3 second(s)

2023-11-24 12:18:25 - [MESSAGE][PASSED] - Call Test Case 'Test Cases/Test Reutilisable/Main/Erreur lie a la confidentialite' successfully

2023-11-24 12:18:25 - [TEST_STEP][PASSED] - delay(5): Delayed 5 second(s)

2023-11-24 12:18:25 - [MESSAGE][INFO] - Delaying browser in 5 second(s)

2023-11-24 12:18:30 - [MESSAGE][PASSED] - Delayed 5 second(s)

2023-11-24 12:18:30 - [TEST_STEP][PASSED] - verifyElementVisible(findTestObject("Object Repository/Connexion Usager/Link_Se Connecter"), STOP_ON_FAILURE): Object 'Object Repository/Connexion Usager/Link_Se Connecter' is visible

2023-11-24 12:18:30 - [MESSAGE][INFO] - Finding Test Object 'Object Repository/Connexion Usager/Link_Se Connecter'

2023-11-24 12:18:30 - [MESSAGE][INFO] - Checking object

2023-11-24 12:18:30 - [MESSAGE][INFO] - Finding web element from Test Object's properties

2023-11-24 12:18:30 - [MESSAGE][INFO] - Checking timeout

2023-11-24 12:18:30 - [MESSAGE][INFO] - Finding web element with id: 'Object Repository/Connexion Usager/Link_Se Connecter' located by 'By.xpath: //*[@id="connexion_link"]' in '5' second(s)

2023-11-24 12:18:30 - [MESSAGE][INFO] - Smart Wait Function is triggered

2023-11-24 12:18:30 - [MESSAGE][INFO] - Found 1 web elements with id: 'Object Repository/Connexion Usager/Link_Se Connecter' located by 'By.xpath: //*[@id="connexion_link"]' in '5' second(s)

2023-11-24 12:18:30 - [MESSAGE][PASSED] - Object 'Object Repository/Connexion Usager/Link_Se Connecter' is visible

2023-11-24 12:18:30 - [TEST_STEP][PASSED] - break: null

2023-11-24 12:18:30 - [TEST_STEP][PASSED] - if (Profiles == "Agent"): null

2023-11-24 12:18:30 - [TEST_STEP][PASSED] - else: null

2023-11-24 12:18:30 - [TEST_STEP][PASSED] - println("Vérifier le Portail de votre connexion Usager ou Agent"): null

2023-11-24 12:18:30 - [MESSAGE][PASSED] - Call Test Case 'Test Cases/Test Reutilisable/Main/Lancer URL ANEF' successfully

2023-11-24 12:18:30 - [TEST_STEP][ERROR] - if (StopTestCase == false): Test Cases/Cas D Utilisations/Usager Etudiant/TNR R.TSPT Supp90-Etudiant FAILED.
Reason:
com.kms.katalon.core.exception.StepErrorException: Call Test Case 'Test Cases/Test Reutilisable/DemandeOuRenouvelle_TitreSejour/FormulaireJustificatifs' failed because of error(s)
	at com.kms.katalon.core.keyword.builtin.CallTestCaseKeyword$_callTestCase_closure1.doCall(CallTestCaseKeyword.groovy:66)
	at com.kms.katalon.core.keyword.builtin.CallTestCaseKeyword$_callTestCase_closure1.call(CallTestCaseKeyword.groovy)
	at com.kms.katalon.core.keyword.internal.KeywordMain.runKeyword(KeywordMain.groovy:75)
	at com.kms.katalon.core.keyword.builtin.CallTestCaseKeyword.callTestCase(CallTestCaseKeyword.groovy:81)
	at com.kms.katalon.core.keyword.builtin.CallTestCaseKeyword.execute(CallTestCaseKeyword.groovy:44)
	at com.kms.katalon.core.keyword.internal.KeywordExecutor.executeKeywordForPlatform(KeywordExecutor.groovy:74)
	at com.kms.katalon.core.keyword.BuiltinKeywords.callTestCase(BuiltinKeywords.groovy:310)
	at com.kazurayam.ksbackyard.HighlightElement$_pandemic_closure1.doCall(HighlightElement.groovy:105)
	at TNR R.TSPT Supp90-Etudiant.run(TNR R.TSPT Supp90-Etudiant:62)
	at com.kms.katalon.core.main.ScriptEngine.run(ScriptEngine.java:194)
	at com.kms.katalon.core.main.ScriptEngine.runScriptAsRawText(ScriptEngine.java:119)
	at com.kms.katalon.core.main.TestCaseExecutor.runScript(TestCaseExecutor.java:448)
	at com.kms.katalon.core.main.TestCaseExecutor.doExecute(TestCaseExecutor.java:439)
	at com.kms.katalon.core.main.TestCaseExecutor.processExecutionPhase(TestCaseExecutor.java:418)
	at com.kms.katalon.core.main.TestCaseExecutor.accessMainPhase(TestCaseExecutor.java:410)
	at com.kms.katalon.core.main.TestCaseExecutor.execute(TestCaseExecutor.java:285)
	at com.kms.katalon.core.common.CommonExecutor.accessTestCaseMainPhase(CommonExecutor.java:65)
	at com.kms.katalon.core.main.TestSuiteExecutor.accessTestSuiteMainPhase(TestSuiteExecutor.java:148)
	at com.kms.katalon.core.main.TestSuiteExecutor.execute(TestSuiteExecutor.java:106)
	at com.kms.katalon.core.main.TestCaseMain.startTestSuite(TestCaseMain.java:187)
	at com.kms.katalon.core.main.TestCaseMain$startTestSuite$0.call(Unknown Source)
	at TempTestSuite1700824657414.run(TempTestSuite1700824657414.groovy:36)
Caused by: groovy.lang.MissingPropertyException: No such property: f for class: Script1695813884754
	at FormulaireJustificatifs.run(FormulaireJustificatifs:187)
	at com.kms.katalon.core.main.ScriptEngine.run(ScriptEngine.java:194)
	at com.kms.katalon.core.main.ScriptEngine.runScriptAsRawText(ScriptEngine.java:119)
	at com.kms.katalon.core.main.TestCaseExecutor.runScript(TestCaseExecutor.java:448)
	at com.kms.katalon.core.main.TestCaseExecutor.doExecute(TestCaseExecutor.java:439)
	at com.kms.katalon.core.main.TestCaseExecutor.processExecutionPhase(TestCaseExecutor.java:418)
	at com.kms.katalon.core.main.TestCaseExecutor.accessMainPhase(TestCaseExecutor.java:410)
	at com.kms.katalon.core.main.TestCaseExecutor.execute(TestCaseExecutor.java:285)
	at com.kms.katalon.core.main.TestCaseMain.runTestCase(TestCaseMain.java:144)
	at com.kms.katalon.core.keyword.builtin.CallTestCaseKeyword$_callTestCase_closure1.doCall(CallTestCaseKeyword.groovy:59)
	... 21 more


2023-11-24 12:18:30 - [TEST_STEP][PASSED] - callTestCase(findTestCase("Test Reutilisable/Main/Identification"), ["Profiles":"Usager", "NumEtrangerVisa":NumEtrangerVisa], STOP_ON_FAILURE): Call Test Case 'Test Cases/Test Reutilisable/Main/Identification' successfully

2023-11-24 12:18:30 - [MESSAGE][INFO] - Checking called Test Case

2023-11-24 12:18:30 - [MESSAGE][INFO] - Starting to call Test Case 'Test Cases/Test Reutilisable/Main/Identification'

2023-11-24 12:18:31 - [TEST_CASE][PASSED] - Test Cases/Test Reutilisable/Main/Identification: Test Cases/Test Reutilisable/Main/Identification

2023-11-24 12:18:31 - [TEST_STEP][PASSED] - if (Profiles == "Usager"): Object 'Object Repository/Page_Accueil_Usager/Span_MesNotifications' is present

2023-11-24 12:18:31 - [TEST_STEP][PASSED] - delay(5): Delayed 5 second(s)

2023-11-24 12:18:31 - [MESSAGE][INFO] - Delaying browser in 5 second(s)

2023-11-24 12:18:36 - [MESSAGE][PASSED] - Delayed 5 second(s)

2023-11-24 12:18:36 - [TEST_STEP][PASSED] - click(findTestObject("Object Repository/Connexion Usager/Link_Se Connecter")): Object: 'Object Repository/Connexion Usager/Link_Se Connecter' is clicked on

2023-11-24 12:18:36 - [MESSAGE][INFO] - Finding Test Object 'Object Repository/Connexion Usager/Link_Se Connecter'

2023-11-24 12:18:36 - [MESSAGE][INFO] - Checking timeout

2023-11-24 12:18:36 - [MESSAGE][INFO] - Finding web element with id: 'Object Repository/Connexion Usager/Link_Se Connecter' located by 'By.xpath: //*[@id="connexion_link"]' in '20' second(s)

2023-11-24 12:18:36 - [MESSAGE][INFO] - Smart Wait Function is triggered

2023-11-24 12:18:36 - [MESSAGE][INFO] - Found 1 web elements with id: 'Object Repository/Connexion Usager/Link_Se Connecter' located by 'By.xpath: //*[@id="connexion_link"]' in '20' second(s)

2023-11-24 12:18:36 - [MESSAGE][INFO] - Checking object

2023-11-24 12:18:36 - [MESSAGE][INFO] - Checking timeout

2023-11-24 12:18:36 - [MESSAGE][INFO] - Finding web element from Test Object's properties

2023-11-24 12:18:36 - [MESSAGE][INFO] - Checking timeout

2023-11-24 12:18:36 - [MESSAGE][INFO] - Finding web element with id: 'Object Repository/Connexion Usager/Link_Se Connecter' located by 'By.xpath: //*[@id="connexion_link"]' in '5' second(s)

2023-11-24 12:18:36 - [MESSAGE][INFO] - Smart Wait Function is triggered

2023-11-24 12:18:36 - [MESSAGE][INFO] - Found 1 web elements with id: 'Object Repository/Connexion Usager/Link_Se Connecter' located by 'By.xpath: //*[@id="connexion_link"]' in '5' second(s)

2023-11-24 12:18:36 - [MESSAGE][INFO] - Clicking on object: 'Object Repository/Connexion Usager/Link_Se Connecter'

2023-11-24 12:18:39 - [MESSAGE][PASSED] - Object: 'Object Repository/Connexion Usager/Link_Se Connecter' is clicked on

2023-11-24 12:18:39 - [TEST_STEP][PASSED] - callTestCase(findTestCase("Test Reutilisable/Main/Erreur lie a la confidentialite"), [:], STOP_ON_FAILURE): Call Test Case 'Test Cases/Test Reutilisable/Main/Erreur lie a la confidentialite' successfully

2023-11-24 12:18:39 - [MESSAGE][INFO] - Checking called Test Case

2023-11-24 12:18:39 - [MESSAGE][INFO] - Starting to call Test Case 'Test Cases/Test Reutilisable/Main/Erreur lie a la confidentialite'

2023-11-24 12:18:39 - [TEST_CASE][PASSED] - Test Cases/Test Reutilisable/Main/Erreur lie a la confidentialite: Test Cases/Test Reutilisable/Main/Erreur lie a la confidentialite

2023-11-24 12:18:39 - [TEST_STEP][PASSED] - tools.WaitForLoadedPage.waitForElementRendering(): tools.WaitForLoadedPage.waitForElementRendering is PASSED

2023-11-24 12:18:39 - [MESSAGE][PASSED] - tools.WaitForLoadedPage.waitForElementRendering is PASSED

2023-11-24 12:18:39 - [TEST_STEP][PASSED] - "Call Highlight.on() automatically": null

2023-11-24 12:18:39 - [TEST_STEP][PASSED] - DriverName = DriverName: null

2023-11-24 12:18:39 - [TEST_STEP][PASSED] - if (DriverName == "CHROME_DRIVER" || "EDGE_CHROMIUM_DRIVER" || "HEADLESS_DRIVER"): com.kms.katalon.core.webui.exception.WebElementNotFoundException: Web element with id: 'Object Repository/Connexion Usager/Btn_Parametres Avances' located by '//*[@id="details-button"]' not found (Root cause: com.kms.katalon.core.exception.StepFailedException: com.kms.katalon.core.webui.exception.WebElementNotFoundException: Web element with id: 'Object Repository/Connexion Usager/Btn_Parametres Avances' located by '//*[@id="details-button"]' not found
	at com.kms.katalon.core.webui.keyword.internal.WebUIKeywordMain.stepFailed(WebUIKeywordMain.groovy:64)
	at com.kms.katalon.core.webui.keyword.builtin.VerifyElementPresentKeyword$_verifyElementPresent_closure1.doCall(VerifyElementPresentKeyword.groovy:85)
	at com.kms.katalon.core.webui.keyword.builtin.VerifyElementPresentKeyword$_verifyElementPresent_closure1.call(VerifyElementPresentKeyword.groovy)
	at com.kms.katalon.core.webui.keyword.internal.WebUIKeywordMain.runKeyword(WebUIKeywordMain.groovy:20)
	at com.kms.katalon.core.webui.keyword.builtin.VerifyElementPresentKeyword.verifyElementPresent(VerifyElementPresentKeyword.groovy:92)
	at com.kms.katalon.core.webui.keyword.builtin.VerifyElementPresentKeyword.execute(VerifyElementPresentKeyword.groovy:68)
	at com.kms.katalon.core.keyword.internal.KeywordExecutor.executeKeywordForPlatform(KeywordExecutor.groovy:74)
	at com.kms.katalon.core.webui.keyword.WebUiBuiltInKeywords.verifyElementPresent(WebUiBuiltInKeywords.groovy:1448)
	at com.kazurayam.ksbackyard.HighlightElement$_pandemic_closure1.doCall(HighlightElement.groovy:105)
	at Erreur lie a la confidentialite.run(Erreur lie a la confidentialite:43)
	at com.kms.katalon.core.main.ScriptEngine.run(ScriptEngine.java:194)
	at com.kms.katalon.core.main.ScriptEngine.runScriptAsRawText(ScriptEngine.java:119)
	at com.kms.katalon.core.main.TestCaseExecutor.runScript(TestCaseExecutor.java:448)
	at com.kms.katalon.core.main.TestCaseExecutor.doExecute(TestCaseExecutor.java:439)
	at com.kms.katalon.core.main.TestCaseExecutor.processExecutionPhase(TestCaseExecutor.java:418)
	at com.kms.katalon.core.main.TestCaseExecutor.accessMainPhase(TestCaseExecutor.java:410)
	at com.kms.katalon.core.main.TestCaseExecutor.execute(TestCaseExecutor.java:285)
	at com.kms.katalon.core.main.TestCaseMain.runTestCase(TestCaseMain.java:144)
	at com.kms.katalon.core.keyword.builtin.CallTestCaseKeyword$_callTestCase_closure1.doCall(CallTestCaseKeyword.groovy:59)
	at com.kms.katalon.core.keyword.builtin.CallTestCaseKeyword$_callTestCase_closure1.call(CallTestCaseKeyword.groovy)
	at com.kms.katalon.core.keyword.internal.KeywordMain.runKeyword(KeywordMain.groovy:75)
	at com.kms.katalon.core.keyword.builtin.CallTestCaseKeyword.callTestCase(CallTestCaseKeyword.groovy:81)
	at com.kms.katalon.core.keyword.builtin.CallTestCaseKeyword.execute(CallTestCaseKeyword.groovy:44)
	at com.kms.katalon.core.keyword.internal.KeywordExecutor.executeKeywordForPlatform(KeywordExecutor.groovy:74)
	at com.kms.katalon.core.keyword.BuiltinKeywords.callTestCase(BuiltinKeywords.groovy:310)
	at com.kazurayam.ksbackyard.HighlightElement$_pandemic_closure1.doCall(HighlightElement.groovy:105)
	at Identification.run(Identification:35)
	at com.kms.katalon.core.main.ScriptEngine.run(ScriptEngine.java:194)
	at com.kms.katalon.core.main.ScriptEngine.runScriptAsRawText(ScriptEngine.java:119)
	at com.kms.katalon.core.main.TestCaseExecutor.runScript(TestCaseExecutor.java:448)
	at com.kms.katalon.core.main.TestCaseExecutor.doExecute(TestCaseExecutor.java:439)
	at com.kms.katalon.core.main.TestCaseExecutor.processExecutionPhase(TestCaseExecutor.java:418)
	at com.kms.katalon.core.main.TestCaseExecutor.accessMainPhase(TestCaseExecutor.java:410)
	at com.kms.katalon.core.main.TestCaseExecutor.execute(TestCaseExecutor.java:285)
	at com.kms.katalon.core.main.TestCaseMain.runTestCase(TestCaseMain.java:144)
	at com.kms.katalon.core.keyword.builtin.CallTestCaseKeyword$_callTestCase_closure1.doCall(CallTestCaseKeyword.groovy:59)
	at com.kms.katalon.core.keyword.builtin.CallTestCaseKeyword$_callTestCase_closure1.call(CallTestCaseKeyword.groovy)
	at com.kms.katalon.core.keyword.internal.KeywordMain.runKeyword(KeywordMain.groovy:75)
	at com.kms.katalon.core.keyword.builtin.CallTestCaseKeyword.callTestCase(CallTestCaseKeyword.groovy:81)
	at com.kms.katalon.core.keyword.builtin.CallTestCaseKeyword.execute(CallTestCaseKeyword.groovy:44)
	at com.kms.katalon.core.keyword.internal.KeywordExecutor.executeKeywordForPlatform(KeywordExecutor.groovy:74)
	at com.kms.katalon.core.keyword.BuiltinKeywords.callTestCase(BuiltinKeywords.groovy:310)
	at com.kazurayam.ksbackyard.HighlightElement$_pandemic_closure1.doCall(HighlightElement.groovy:105)
	at TNR R.TSPT Supp90-Etudiant.run(TNR R.TSPT Supp90-Etudiant:35)
	at com.kms.katalon.core.main.ScriptEngine.run(ScriptEngine.java:194)
	at com.kms.katalon.core.main.ScriptEngine.runScriptAsRawText(ScriptEngine.java:119)
	at com.kms.katalon.core.main.TestCaseExecutor.runScript(TestCaseExecutor.java:448)
	at com.kms.katalon.core.main.TestCaseExecutor.doExecute(TestCaseExecutor.java:439)
	at com.kms.katalon.core.main.TestCaseExecutor.processExecutionPhase(TestCaseExecutor.java:418)
	at com.kms.katalon.core.main.TestCaseExecutor.accessMainPhase(TestCaseExecutor.java:410)
	at com.kms.katalon.core.main.TestCaseExecutor.execute(TestCaseExecutor.java:285)
	at com.kms.katalon.core.common.CommonExecutor.accessTestCaseMainPhase(CommonExecutor.java:65)
	at com.kms.katalon.core.main.TestSuiteExecutor.accessTestSuiteMainPhase(TestSuiteExecutor.java:148)
	at com.kms.katalon.core.main.TestSuiteExecutor.execute(TestSuiteExecutor.java:106)
	at com.kms.katalon.core.main.TestCaseMain.startTestSuite(TestCaseMain.java:187)
	at com.kms.katalon.core.main.TestCaseMain$startTestSuite$0.call(Unknown Source)
	at TempTestSuite1700824657414.run(TempTestSuite1700824657414.groovy:36)
)

2023-11-24 12:18:39 - [TEST_STEP][PASSED] - if (verifyElementPresent(findTestObject("Object Repository/Connexion Usager/Btn_Parametres Avances"), 2, OPTIONAL)): com.kms.katalon.core.webui.exception.WebElementNotFoundException: Web element with id: 'Object Repository/Connexion Usager/Btn_Parametres Avances' located by '//*[@id="details-button"]' not found (Root cause: com.kms.katalon.core.exception.StepFailedException: com.kms.katalon.core.webui.exception.WebElementNotFoundException: Web element with id: 'Object Repository/Connexion Usager/Btn_Parametres Avances' located by '//*[@id="details-button"]' not found
	at com.kms.katalon.core.webui.keyword.internal.WebUIKeywordMain.stepFailed(WebUIKeywordMain.groovy:64)
	at com.kms.katalon.core.webui.keyword.builtin.VerifyElementPresentKeyword$_verifyElementPresent_closure1.doCall(VerifyElementPresentKeyword.groovy:85)
	at com.kms.katalon.core.webui.keyword.builtin.VerifyElementPresentKeyword$_verifyElementPresent_closure1.call(VerifyElementPresentKeyword.groovy)
	at com.kms.katalon.core.webui.keyword.internal.WebUIKeywordMain.runKeyword(WebUIKeywordMain.groovy:20)
	at com.kms.katalon.core.webui.keyword.builtin.VerifyElementPresentKeyword.verifyElementPresent(VerifyElementPresentKeyword.groovy:92)
	at com.kms.katalon.core.webui.keyword.builtin.VerifyElementPresentKeyword.execute(VerifyElementPresentKeyword.groovy:68)
	at com.kms.katalon.core.keyword.internal.KeywordExecutor.executeKeywordForPlatform(KeywordExecutor.groovy:74)
	at com.kms.katalon.core.webui.keyword.WebUiBuiltInKeywords.verifyElementPresent(WebUiBuiltInKeywords.groovy:1448)
	at com.kazurayam.ksbackyard.HighlightElement$_pandemic_closure1.doCall(HighlightElement.groovy:105)
	at Erreur lie a la confidentialite.run(Erreur lie a la confidentialite:43)
	at com.kms.katalon.core.main.ScriptEngine.run(ScriptEngine.java:194)
	at com.kms.katalon.core.main.ScriptEngine.runScriptAsRawText(ScriptEngine.java:119)
	at com.kms.katalon.core.main.TestCaseExecutor.runScript(TestCaseExecutor.java:448)
	at com.kms.katalon.core.main.TestCaseExecutor.doExecute(TestCaseExecutor.java:439)
	at com.kms.katalon.core.main.TestCaseExecutor.processExecutionPhase(TestCaseExecutor.java:418)
	at com.kms.katalon.core.main.TestCaseExecutor.accessMainPhase(TestCaseExecutor.java:410)
	at com.kms.katalon.core.main.TestCaseExecutor.execute(TestCaseExecutor.java:285)
	at com.kms.katalon.core.main.TestCaseMain.runTestCase(TestCaseMain.java:144)
	at com.kms.katalon.core.keyword.builtin.CallTestCaseKeyword$_callTestCase_closure1.doCall(CallTestCaseKeyword.groovy:59)
	at com.kms.katalon.core.keyword.builtin.CallTestCaseKeyword$_callTestCase_closure1.call(CallTestCaseKeyword.groovy)
	at com.kms.katalon.core.keyword.internal.KeywordMain.runKeyword(KeywordMain.groovy:75)
	at com.kms.katalon.core.keyword.builtin.CallTestCaseKeyword.callTestCase(CallTestCaseKeyword.groovy:81)
	at com.kms.katalon.core.keyword.builtin.CallTestCaseKeyword.execute(CallTestCaseKeyword.groovy:44)
	at com.kms.katalon.core.keyword.internal.KeywordExecutor.executeKeywordForPlatform(KeywordExecutor.groovy:74)
	at com.kms.katalon.core.keyword.BuiltinKeywords.callTestCase(BuiltinKeywords.groovy:310)
	at com.kazurayam.ksbackyard.HighlightElement$_pandemic_closure1.doCall(HighlightElement.groovy:105)
	at Identification.run(Identification:35)
	at com.kms.katalon.core.main.ScriptEngine.run(ScriptEngine.java:194)
	at com.kms.katalon.core.main.ScriptEngine.runScriptAsRawText(ScriptEngine.java:119)
	at com.kms.katalon.core.main.TestCaseExecutor.runScript(TestCaseExecutor.java:448)
	at com.kms.katalon.core.main.TestCaseExecutor.doExecute(TestCaseExecutor.java:439)
	at com.kms.katalon.core.main.TestCaseExecutor.processExecutionPhase(TestCaseExecutor.java:418)
	at com.kms.katalon.core.main.TestCaseExecutor.accessMainPhase(TestCaseExecutor.java:410)
	at com.kms.katalon.core.main.TestCaseExecutor.execute(TestCaseExecutor.java:285)
	at com.kms.katalon.core.main.TestCaseMain.runTestCase(TestCaseMain.java:144)
	at com.kms.katalon.core.keyword.builtin.CallTestCaseKeyword$_callTestCase_closure1.doCall(CallTestCaseKeyword.groovy:59)
	at com.kms.katalon.core.keyword.builtin.CallTestCaseKeyword$_callTestCase_closure1.call(CallTestCaseKeyword.groovy)
	at com.kms.katalon.core.keyword.internal.KeywordMain.runKeyword(KeywordMain.groovy:75)
	at com.kms.katalon.core.keyword.builtin.CallTestCaseKeyword.callTestCase(CallTestCaseKeyword.groovy:81)
	at com.kms.katalon.core.keyword.builtin.CallTestCaseKeyword.execute(CallTestCaseKeyword.groovy:44)
	at com.kms.katalon.core.keyword.internal.KeywordExecutor.executeKeywordForPlatform(KeywordExecutor.groovy:74)
	at com.kms.katalon.core.keyword.BuiltinKeywords.callTestCase(BuiltinKeywords.groovy:310)
	at com.kazurayam.ksbackyard.HighlightElement$_pandemic_closure1.doCall(HighlightElement.groovy:105)
	at TNR R.TSPT Supp90-Etudiant.run(TNR R.TSPT Supp90-Etudiant:35)
	at com.kms.katalon.core.main.ScriptEngine.run(ScriptEngine.java:194)
	at com.kms.katalon.core.main.ScriptEngine.runScriptAsRawText(ScriptEngine.java:119)
	at com.kms.katalon.core.main.TestCaseExecutor.runScript(TestCaseExecutor.java:448)
	at com.kms.katalon.core.main.TestCaseExecutor.doExecute(TestCaseExecutor.java:439)
	at com.kms.katalon.core.main.TestCaseExecutor.processExecutionPhase(TestCaseExecutor.java:418)
	at com.kms.katalon.core.main.TestCaseExecutor.accessMainPhase(TestCaseExecutor.java:410)
	at com.kms.katalon.core.main.TestCaseExecutor.execute(TestCaseExecutor.java:285)
	at com.kms.katalon.core.common.CommonExecutor.accessTestCaseMainPhase(CommonExecutor.java:65)
	at com.kms.katalon.core.main.TestSuiteExecutor.accessTestSuiteMainPhase(TestSuiteExecutor.java:148)
	at com.kms.katalon.core.main.TestSuiteExecutor.execute(TestSuiteExecutor.java:106)
	at com.kms.katalon.core.main.TestCaseMain.startTestSuite(TestCaseMain.java:187)
	at com.kms.katalon.core.main.TestCaseMain$startTestSuite$0.call(Unknown Source)
	at TempTestSuite1700824657414.run(TempTestSuite1700824657414.groovy:36)
)

2023-11-24 12:18:39 - [MESSAGE][INFO] - Finding Test Object 'Object Repository/Connexion Usager/Btn_Parametres Avances'

2023-11-24 12:18:40 - [MESSAGE][INFO] - Checking object

2023-11-24 12:18:40 - [MESSAGE][INFO] - Finding web element from Test Object's properties

2023-11-24 12:18:40 - [MESSAGE][INFO] - Checking timeout

2023-11-24 12:18:40 - [MESSAGE][INFO] - Finding web element with id: 'Object Repository/Connexion Usager/Btn_Parametres Avances' located by 'By.xpath: //*[@id="details-button"]' in '2' second(s)

2023-11-24 12:18:40 - [MESSAGE][INFO] - Smart Wait Function is triggered

2023-11-24 12:18:40 - [MESSAGE][INFO] - Smart Wait Function is triggered

2023-11-24 12:18:40 - [MESSAGE][INFO] - Smart Wait Function is triggered

2023-11-24 12:18:40 - [MESSAGE][INFO] - Smart Wait Function is triggered

2023-11-24 12:18:40 - [MESSAGE][INFO] - Smart Wait Function is triggered

2023-11-24 12:18:40 - [MESSAGE][INFO] - Smart Wait Function is triggered

2023-11-24 12:18:40 - [MESSAGE][INFO] - Smart Wait Function is triggered

2023-11-24 12:18:40 - [MESSAGE][INFO] - Smart Wait Function is triggered

2023-11-24 12:18:40 - [MESSAGE][INFO] - Smart Wait Function is triggered

2023-11-24 12:18:40 - [MESSAGE][INFO] - Smart Wait Function is triggered

2023-11-24 12:18:40 - [MESSAGE][INFO] - Smart Wait Function is triggered

2023-11-24 12:18:40 - [MESSAGE][INFO] - Smart Wait Function is triggered

2023-11-24 12:18:40 - [MESSAGE][INFO] - Smart Wait Function is triggered

2023-11-24 12:18:40 - [MESSAGE][INFO] - Smart Wait Function is triggered

2023-11-24 12:18:40 - [MESSAGE][INFO] - Smart Wait Function is triggered

2023-11-24 12:18:40 - [MESSAGE][INFO] - Smart Wait Function is triggered

2023-11-24 12:18:40 - [MESSAGE][INFO] - Smart Wait Function is triggered

2023-11-24 12:18:40 - [MESSAGE][INFO] - Smart Wait Function is triggered

2023-11-24 12:18:40 - [MESSAGE][INFO] - Smart Wait Function is triggered

2023-11-24 12:18:40 - [MESSAGE][INFO] - Smart Wait Function is triggered

2023-11-24 12:18:40 - [MESSAGE][INFO] - Smart Wait Function is triggered

2023-11-24 12:18:40 - [MESSAGE][INFO] - Smart Wait Function is triggered

2023-11-24 12:18:40 - [MESSAGE][INFO] - Smart Wait Function is triggered

2023-11-24 12:18:40 - [MESSAGE][INFO] - Smart Wait Function is triggered

2023-11-24 12:18:40 - [MESSAGE][INFO] - Smart Wait Function is triggered

2023-11-24 12:18:40 - [MESSAGE][INFO] - Smart Wait Function is triggered

2023-11-24 12:18:40 - [MESSAGE][INFO] - Smart Wait Function is triggered

2023-11-24 12:18:40 - [MESSAGE][INFO] - Smart Wait Function is triggered

2023-11-24 12:18:40 - [MESSAGE][INFO] - Smart Wait Function is triggered

2023-11-24 12:18:41 - [MESSAGE][INFO] - Smart Wait Function is triggered

2023-11-24 12:18:41 - [MESSAGE][INFO] - Smart Wait Function is triggered

2023-11-24 12:18:41 - [MESSAGE][INFO] - Smart Wait Function is triggered

2023-11-24 12:18:41 - [MESSAGE][INFO] - Smart Wait Function is triggered

2023-11-24 12:18:41 - [MESSAGE][INFO] - Smart Wait Function is triggered

2023-11-24 12:18:41 - [MESSAGE][INFO] - Smart Wait Function is triggered

2023-11-24 12:18:41 - [MESSAGE][INFO] - Smart Wait Function is triggered

2023-11-24 12:18:41 - [MESSAGE][INFO] - Smart Wait Function is triggered

2023-11-24 12:18:41 - [MESSAGE][INFO] - Smart Wait Function is triggered

2023-11-24 12:18:41 - [MESSAGE][INFO] - Smart Wait Function is triggered

2023-11-24 12:18:41 - [MESSAGE][INFO] - Smart Wait Function is triggered

2023-11-24 12:18:41 - [MESSAGE][INFO] - Smart Wait Function is triggered

2023-11-24 12:18:41 - [MESSAGE][INFO] - Smart Wait Function is triggered

2023-11-24 12:18:41 - [MESSAGE][INFO] - Smart Wait Function is triggered

2023-11-24 12:18:41 - [MESSAGE][INFO] - Smart Wait Function is triggered

2023-11-24 12:18:41 - [MESSAGE][INFO] - Smart Wait Function is triggered

2023-11-24 12:18:41 - [MESSAGE][INFO] - Smart Wait Function is triggered

2023-11-24 12:18:41 - [MESSAGE][INFO] - Smart Wait Function is triggered

2023-11-24 12:18:41 - [MESSAGE][INFO] - Smart Wait Function is triggered

2023-11-24 12:18:41 - [MESSAGE][INFO] - Smart Wait Function is triggered

2023-11-24 12:18:41 - [MESSAGE][INFO] - Smart Wait Function is triggered

2023-11-24 12:18:41 - [MESSAGE][INFO] - Smart Wait Function is triggered

2023-11-24 12:18:41 - [MESSAGE][INFO] - Smart Wait Function is triggered

2023-11-24 12:18:41 - [MESSAGE][INFO] - Smart Wait Function is triggered

2023-11-24 12:18:41 - [MESSAGE][INFO] - Smart Wait Function is triggered

2023-11-24 12:18:41 - [MESSAGE][INFO] - Smart Wait Function is triggered

2023-11-24 12:18:41 - [MESSAGE][INFO] - Smart Wait Function is triggered

2023-11-24 12:18:41 - [MESSAGE][INFO] - Smart Wait Function is triggered

2023-11-24 12:18:41 - [MESSAGE][INFO] - Smart Wait Function is triggered

2023-11-24 12:18:41 - [MESSAGE][INFO] - Smart Wait Function is triggered

2023-11-24 12:18:41 - [MESSAGE][INFO] - Smart Wait Function is triggered

2023-11-24 12:18:41 - [MESSAGE][INFO] - Smart Wait Function is triggered

2023-11-24 12:18:42 - [MESSAGE][INFO] - Smart Wait Function is triggered

2023-11-24 12:18:42 - [MESSAGE][INFO] - Smart Wait Function is triggered

2023-11-24 12:18:42 - [MESSAGE][INFO] - Smart Wait Function is triggered

2023-11-24 12:18:42 - [MESSAGE][INFO] - Smart Wait Function is triggered

2023-11-24 12:18:42 - [MESSAGE][INFO] - Smart Wait Function is triggered

2023-11-24 12:18:42 - [MESSAGE][INFO] - Smart Wait Function is triggered

2023-11-24 12:18:42 - [MESSAGE][INFO] - Smart Wait Function is triggered

2023-11-24 12:18:42 - [MESSAGE][INFO] - Smart Wait Function is triggered

2023-11-24 12:18:42 - [MESSAGE][INFO] - Smart Wait Function is triggered

2023-11-24 12:18:42 - [MESSAGE][INFO] - Smart Wait Function is triggered

2023-11-24 12:18:42 - [MESSAGE][INFO] - Smart Wait Function is triggered

2023-11-24 12:18:42 - [MESSAGE][INFO] - Smart Wait Function is triggered

2023-11-24 12:18:42 - [MESSAGE][INFO] - Smart Wait Function is triggered

2023-11-24 12:18:42 - [MESSAGE][INFO] - Smart Wait Function is triggered

2023-11-24 12:18:42 - [MESSAGE][INFO] - Smart Wait Function is triggered

2023-11-24 12:18:42 - [MESSAGE][INFO] - Smart Wait Function is triggered

2023-11-24 12:18:42 - [MESSAGE][INFO] - Smart Wait Function is triggered

2023-11-24 12:18:42 - [MESSAGE][INFO] - Smart Wait Function is triggered

2023-11-24 12:18:42 - [MESSAGE][INFO] - Smart Wait Function is triggered

2023-11-24 12:18:42 - [MESSAGE][INFO] - Smart Wait Function is triggered

2023-11-24 12:18:42 - [MESSAGE][INFO] - Smart Wait Function is triggered

2023-11-24 12:18:42 - [MESSAGE][INFO] - Smart Wait Function is triggered

2023-11-24 12:18:42 - [MESSAGE][INFO] - Smart Wait Function is triggered

2023-11-24 12:18:42 - [MESSAGE][INFO] - Smart Wait Function is triggered

2023-11-24 12:18:42 - [MESSAGE][INFO] - Smart Wait Function is triggered

2023-11-24 12:18:42 - [MESSAGE][INFO] - Smart Wait Function is triggered

2023-11-24 12:18:42 - [MESSAGE][INFO] - Smart Wait Function is triggered

2023-11-24 12:18:42 - [MESSAGE][INFO] - Smart Wait Function is triggered

2023-11-24 12:18:42 - [MESSAGE][INFO] - Smart Wait Function is triggered

2023-11-24 12:18:42 - [MESSAGE][INFO] - Smart Wait Function is triggered

2023-11-24 12:18:42 - [MESSAGE][INFO] - Smart Wait Function is triggered

2023-11-24 12:18:43 - [MESSAGE][INFO] - Smart Wait Function is triggered

2023-11-24 12:18:43 - [MESSAGE][INFO] - Smart Wait Function is triggered

2023-11-24 12:18:43 - [MESSAGE][INFO] - Smart Wait Function is triggered

2023-11-24 12:18:43 - [MESSAGE][INFO] - Unable to find the element located by 'By.xpath: //*[@id="details-button"]'. Please recheck the objects properties to make sure the desired element is located. 

2023-11-24 12:18:43 - [MESSAGE][WARNING] - com.kms.katalon.core.webui.exception.WebElementNotFoundException: Web element with id: 'Object Repository/Connexion Usager/Btn_Parametres Avances' located by '//*[@id="details-button"]' not found (Root cause: com.kms.katalon.core.exception.StepFailedException: com.kms.katalon.core.webui.exception.WebElementNotFoundException: Web element with id: 'Object Repository/Connexion Usager/Btn_Parametres Avances' located by '//*[@id="details-button"]' not found
	at com.kms.katalon.core.webui.keyword.internal.WebUIKeywordMain.stepFailed(WebUIKeywordMain.groovy:64)
	at com.kms.katalon.core.webui.keyword.builtin.VerifyElementPresentKeyword$_verifyElementPresent_closure1.doCall(VerifyElementPresentKeyword.groovy:85)
	at com.kms.katalon.core.webui.keyword.builtin.VerifyElementPresentKeyword$_verifyElementPresent_closure1.call(VerifyElementPresentKeyword.groovy)
	at com.kms.katalon.core.webui.keyword.internal.WebUIKeywordMain.runKeyword(WebUIKeywordMain.groovy:20)
	at com.kms.katalon.core.webui.keyword.builtin.VerifyElementPresentKeyword.verifyElementPresent(VerifyElementPresentKeyword.groovy:92)
	at com.kms.katalon.core.webui.keyword.builtin.VerifyElementPresentKeyword.execute(VerifyElementPresentKeyword.groovy:68)
	at com.kms.katalon.core.keyword.internal.KeywordExecutor.executeKeywordForPlatform(KeywordExecutor.groovy:74)
	at com.kms.katalon.core.webui.keyword.WebUiBuiltInKeywords.verifyElementPresent(WebUiBuiltInKeywords.groovy:1448)
	at com.kazurayam.ksbackyard.HighlightElement$_pandemic_closure1.doCall(HighlightElement.groovy:105)
	at Erreur lie a la confidentialite.run(Erreur lie a la confidentialite:43)
	at com.kms.katalon.core.main.ScriptEngine.run(ScriptEngine.java:194)
	at com.kms.katalon.core.main.ScriptEngine.runScriptAsRawText(ScriptEngine.java:119)
	at com.kms.katalon.core.main.TestCaseExecutor.runScript(TestCaseExecutor.java:448)
	at com.kms.katalon.core.main.TestCaseExecutor.doExecute(TestCaseExecutor.java:439)
	at com.kms.katalon.core.main.TestCaseExecutor.processExecutionPhase(TestCaseExecutor.java:418)
	at com.kms.katalon.core.main.TestCaseExecutor.accessMainPhase(TestCaseExecutor.java:410)
	at com.kms.katalon.core.main.TestCaseExecutor.execute(TestCaseExecutor.java:285)
	at com.kms.katalon.core.main.TestCaseMain.runTestCase(TestCaseMain.java:144)
	at com.kms.katalon.core.keyword.builtin.CallTestCaseKeyword$_callTestCase_closure1.doCall(CallTestCaseKeyword.groovy:59)
	at com.kms.katalon.core.keyword.builtin.CallTestCaseKeyword$_callTestCase_closure1.call(CallTestCaseKeyword.groovy)
	at com.kms.katalon.core.keyword.internal.KeywordMain.runKeyword(KeywordMain.groovy:75)
	at com.kms.katalon.core.keyword.builtin.CallTestCaseKeyword.callTestCase(CallTestCaseKeyword.groovy:81)
	at com.kms.katalon.core.keyword.builtin.CallTestCaseKeyword.execute(CallTestCaseKeyword.groovy:44)
	at com.kms.katalon.core.keyword.internal.KeywordExecutor.executeKeywordForPlatform(KeywordExecutor.groovy:74)
	at com.kms.katalon.core.keyword.BuiltinKeywords.callTestCase(BuiltinKeywords.groovy:310)
	at com.kazurayam.ksbackyard.HighlightElement$_pandemic_closure1.doCall(HighlightElement.groovy:105)
	at Identification.run(Identification:35)
	at com.kms.katalon.core.main.ScriptEngine.run(ScriptEngine.java:194)
	at com.kms.katalon.core.main.ScriptEngine.runScriptAsRawText(ScriptEngine.java:119)
	at com.kms.katalon.core.main.TestCaseExecutor.runScript(TestCaseExecutor.java:448)
	at com.kms.katalon.core.main.TestCaseExecutor.doExecute(TestCaseExecutor.java:439)
	at com.kms.katalon.core.main.TestCaseExecutor.processExecutionPhase(TestCaseExecutor.java:418)
	at com.kms.katalon.core.main.TestCaseExecutor.accessMainPhase(TestCaseExecutor.java:410)
	at com.kms.katalon.core.main.TestCaseExecutor.execute(TestCaseExecutor.java:285)
	at com.kms.katalon.core.main.TestCaseMain.runTestCase(TestCaseMain.java:144)
	at com.kms.katalon.core.keyword.builtin.CallTestCaseKeyword$_callTestCase_closure1.doCall(CallTestCaseKeyword.groovy:59)
	at com.kms.katalon.core.keyword.builtin.CallTestCaseKeyword$_callTestCase_closure1.call(CallTestCaseKeyword.groovy)
	at com.kms.katalon.core.keyword.internal.KeywordMain.runKeyword(KeywordMain.groovy:75)
	at com.kms.katalon.core.keyword.builtin.CallTestCaseKeyword.callTestCase(CallTestCaseKeyword.groovy:81)
	at com.kms.katalon.core.keyword.builtin.CallTestCaseKeyword.execute(CallTestCaseKeyword.groovy:44)
	at com.kms.katalon.core.keyword.internal.KeywordExecutor.executeKeywordForPlatform(KeywordExecutor.groovy:74)
	at com.kms.katalon.core.keyword.BuiltinKeywords.callTestCase(BuiltinKeywords.groovy:310)
	at com.kazurayam.ksbackyard.HighlightElement$_pandemic_closure1.doCall(HighlightElement.groovy:105)
	at TNR R.TSPT Supp90-Etudiant.run(TNR R.TSPT Supp90-Etudiant:35)
	at com.kms.katalon.core.main.ScriptEngine.run(ScriptEngine.java:194)
	at com.kms.katalon.core.main.ScriptEngine.runScriptAsRawText(ScriptEngine.java:119)
	at com.kms.katalon.core.main.TestCaseExecutor.runScript(TestCaseExecutor.java:448)
	at com.kms.katalon.core.main.TestCaseExecutor.doExecute(TestCaseExecutor.java:439)
	at com.kms.katalon.core.main.TestCaseExecutor.processExecutionPhase(TestCaseExecutor.java:418)
	at com.kms.katalon.core.main.TestCaseExecutor.accessMainPhase(TestCaseExecutor.java:410)
	at com.kms.katalon.core.main.TestCaseExecutor.execute(TestCaseExecutor.java:285)
	at com.kms.katalon.core.common.CommonExecutor.accessTestCaseMainPhase(CommonExecutor.java:65)
	at com.kms.katalon.core.main.TestSuiteExecutor.accessTestSuiteMainPhase(TestSuiteExecutor.java:148)
	at com.kms.katalon.core.main.TestSuiteExecutor.execute(TestSuiteExecutor.java:106)
	at com.kms.katalon.core.main.TestCaseMain.startTestSuite(TestCaseMain.java:187)
	at com.kms.katalon.core.main.TestCaseMain$startTestSuite$0.call(Unknown Source)
	at TempTestSuite1700824657414.run(TempTestSuite1700824657414.groovy:36)
)
[[ATTACHMENT|C:\\Users\\ISSAM.RHARBAOUI\\git\\22_11\\ANEF-AutomatizationProject\\Reports\\20231124_121737\\TS_TNR_R.TSPT_Suppo90\\20231124_121737\\1700824723108.png]]

2023-11-24 12:18:43 - [TEST_STEP][PASSED] - if (DriverName == "IE_DRIVER"): null

2023-11-24 12:18:43 - [TEST_STEP][PASSED] - delay(3): Delayed 3 second(s)

2023-11-24 12:18:43 - [MESSAGE][INFO] - Delaying browser in 3 second(s)

2023-11-24 12:18:46 - [MESSAGE][PASSED] - Delayed 3 second(s)

2023-11-24 12:18:46 - [MESSAGE][PASSED] - Call Test Case 'Test Cases/Test Reutilisable/Main/Erreur lie a la confidentialite' successfully

2023-11-24 12:18:46 - [TEST_STEP][PASSED] - delay(5): Delayed 5 second(s)

2023-11-24 12:18:46 - [MESSAGE][INFO] - Delaying browser in 5 second(s)

2023-11-24 12:18:51 - [MESSAGE][PASSED] - Delayed 5 second(s)

2023-11-24 12:18:51 - [TEST_STEP][PASSED] - setText(findTestObject("Object Repository/Connexion Usager/Input_Identifiant"), NumEtrangerVisa): Text '7703040876' is set on object 'Object Repository/Connexion Usager/Input_Identifiant'

2023-11-24 12:18:51 - [MESSAGE][INFO] - Finding Test Object 'Object Repository/Connexion Usager/Input_Identifiant'

2023-11-24 12:18:51 - [MESSAGE][INFO] - Checking timeout

2023-11-24 12:18:51 - [MESSAGE][INFO] - Finding web element with id: 'Object Repository/Connexion Usager/Input_Identifiant' located by 'By.xpath: //*[@id="login"]' in '20' second(s)

2023-11-24 12:18:51 - [MESSAGE][INFO] - Smart Wait Function is triggered

2023-11-24 12:18:51 - [MESSAGE][INFO] - Found 1 web elements with id: 'Object Repository/Connexion Usager/Input_Identifiant' located by 'By.xpath: //*[@id="login"]' in '20' second(s)

2023-11-24 12:18:51 - [MESSAGE][INFO] - Checking object

2023-11-24 12:18:51 - [MESSAGE][INFO] - Checking text

2023-11-24 12:18:51 - [MESSAGE][INFO] - Finding web element from Test Object's properties

2023-11-24 12:18:51 - [MESSAGE][INFO] - Checking timeout

2023-11-24 12:18:51 - [MESSAGE][INFO] - Finding web element with id: 'Object Repository/Connexion Usager/Input_Identifiant' located by 'By.xpath: //*[@id="login"]' in '5' second(s)

2023-11-24 12:18:51 - [MESSAGE][INFO] - Smart Wait Function is triggered

2023-11-24 12:18:51 - [MESSAGE][INFO] - Found 1 web elements with id: 'Object Repository/Connexion Usager/Input_Identifiant' located by 'By.xpath: //*[@id="login"]' in '5' second(s)

2023-11-24 12:18:51 - [MESSAGE][INFO] - Clearing text of object 'Object Repository/Connexion Usager/Input_Identifiant'

2023-11-24 12:18:53 - [MESSAGE][INFO] - Finding web element from Test Object's properties

2023-11-24 12:18:53 - [MESSAGE][INFO] - Checking timeout

2023-11-24 12:18:53 - [MESSAGE][INFO] - Finding web element with id: 'Object Repository/Connexion Usager/Input_Identifiant' located by 'By.xpath: //*[@id="login"]' in '5' second(s)

2023-11-24 12:18:53 - [MESSAGE][INFO] - Smart Wait Function is triggered

2023-11-24 12:18:53 - [MESSAGE][INFO] - Found 1 web elements with id: 'Object Repository/Connexion Usager/Input_Identifiant' located by 'By.xpath: //*[@id="login"]' in '5' second(s)

2023-11-24 12:18:53 - [MESSAGE][INFO] - Setting text of object 'Object Repository/Connexion Usager/Input_Identifiant' to value '7703040876'

2023-11-24 12:18:55 - [MESSAGE][PASSED] - Text '7703040876' is set on object 'Object Repository/Connexion Usager/Input_Identifiant'

2023-11-24 12:18:55 - [TEST_STEP][PASSED] - NumEtrangerVisa = NumEtrangerVisa: null

2023-11-24 12:18:55 - [TEST_STEP][PASSED] - setEncryptedText(findTestObject("Object Repository/Connexion Usager/Input_MDP"), Password): Text ****** has been set on object 'Object Repository/Connexion Usager/Input_MDP'

2023-11-24 12:18:55 - [MESSAGE][INFO] - Finding Test Object 'Object Repository/Connexion Usager/Input_MDP'

2023-11-24 12:18:55 - [MESSAGE][INFO] - Checking timeout

2023-11-24 12:18:55 - [MESSAGE][INFO] - Finding web element with id: 'Object Repository/Connexion Usager/Input_MDP' located by 'By.xpath: //*[@id="password"]' in '20' second(s)

2023-11-24 12:18:55 - [MESSAGE][INFO] - Smart Wait Function is triggered

2023-11-24 12:18:55 - [MESSAGE][INFO] - Found 1 web elements with id: 'Object Repository/Connexion Usager/Input_MDP' located by 'By.xpath: //*[@id="password"]' in '20' second(s)

2023-11-24 12:18:55 - [MESSAGE][INFO] - Checking object

2023-11-24 12:18:55 - [MESSAGE][INFO] - Checking text

2023-11-24 12:18:55 - [MESSAGE][INFO] - Finding web element from Test Object's properties

2023-11-24 12:18:55 - [MESSAGE][INFO] - Checking timeout

2023-11-24 12:18:55 - [MESSAGE][INFO] - Finding web element with id: 'Object Repository/Connexion Usager/Input_MDP' located by 'By.xpath: //*[@id="password"]' in '5' second(s)

2023-11-24 12:18:55 - [MESSAGE][INFO] - Smart Wait Function is triggered

2023-11-24 12:18:55 - [MESSAGE][INFO] - Found 1 web elements with id: 'Object Repository/Connexion Usager/Input_MDP' located by 'By.xpath: //*[@id="password"]' in '5' second(s)

2023-11-24 12:18:55 - [MESSAGE][INFO] - Clearing text of object 'Object Repository/Connexion Usager/Input_MDP'

2023-11-24 12:18:57 - [MESSAGE][INFO] - Setting  text of object 'Object Repository/Connexion Usager/Input_MDP' to value ******

2023-11-24 12:19:00 - [MESSAGE][PASSED] - Text ****** has been set on object 'Object Repository/Connexion Usager/Input_MDP'

2023-11-24 12:19:00 - [TEST_STEP][PASSED] - click(findTestObject("Object Repository/Connexion Usager/btn_Sidentifier")): Object: 'Object Repository/Connexion Usager/btn_Sidentifier' is clicked on

2023-11-24 12:19:00 - [MESSAGE][INFO] - Finding Test Object 'Object Repository/Connexion Usager/btn_Sidentifier'

2023-11-24 12:19:00 - [MESSAGE][INFO] - Checking timeout

2023-11-24 12:19:00 - [MESSAGE][INFO] - Finding web element with id: 'Object Repository/Connexion Usager/btn_Sidentifier' located by 'By.xpath: //*[@type= 'submit']' in '20' second(s)

2023-11-24 12:19:00 - [MESSAGE][INFO] - Smart Wait Function is triggered

2023-11-24 12:19:00 - [MESSAGE][INFO] - Found 1 web elements with id: 'Object Repository/Connexion Usager/btn_Sidentifier' located by 'By.xpath: //*[@type= 'submit']' in '20' second(s)

2023-11-24 12:19:00 - [MESSAGE][INFO] - Checking object

2023-11-24 12:19:00 - [MESSAGE][INFO] - Checking timeout

2023-11-24 12:19:00 - [MESSAGE][INFO] - Finding web element from Test Object's properties

2023-11-24 12:19:00 - [MESSAGE][INFO] - Checking timeout

2023-11-24 12:19:00 - [MESSAGE][INFO] - Finding web element with id: 'Object Repository/Connexion Usager/btn_Sidentifier' located by 'By.xpath: //*[@type= 'submit']' in '5' second(s)

2023-11-24 12:19:00 - [MESSAGE][INFO] - Smart Wait Function is triggered

2023-11-24 12:19:00 - [MESSAGE][INFO] - Found 1 web elements with id: 'Object Repository/Connexion Usager/btn_Sidentifier' located by 'By.xpath: //*[@type= 'submit']' in '5' second(s)

2023-11-24 12:19:00 - [MESSAGE][INFO] - Clicking on object: 'Object Repository/Connexion Usager/btn_Sidentifier'

2023-11-24 12:19:04 - [MESSAGE][PASSED] - Object: 'Object Repository/Connexion Usager/btn_Sidentifier' is clicked on

2023-11-24 12:19:04 - [TEST_STEP][PASSED] - delay(15): Delayed 15 second(s)

2023-11-24 12:19:04 - [MESSAGE][INFO] - Delaying browser in 15 second(s)

2023-11-24 12:19:19 - [MESSAGE][PASSED] - Delayed 15 second(s)

2023-11-24 12:19:19 - [TEST_STEP][PASSED] - verifyElementPresent(findTestObject("Object Repository/Page_Accueil_Usager/Span_MesNotifications"), 2, STOP_ON_FAILURE): Object 'Object Repository/Page_Accueil_Usager/Span_MesNotifications' is present

2023-11-24 12:19:19 - [MESSAGE][INFO] - Finding Test Object 'Object Repository/Page_Accueil_Usager/Span_MesNotifications'

2023-11-24 12:19:19 - [MESSAGE][INFO] - Checking object

2023-11-24 12:19:19 - [MESSAGE][INFO] - Finding web element from Test Object's properties

2023-11-24 12:19:19 - [MESSAGE][INFO] - Checking timeout

2023-11-24 12:19:19 - [MESSAGE][INFO] - Finding web element with id: 'Object Repository/Page_Accueil_Usager/Span_MesNotifications' located by 'By.xpath: //*[@id="navBar-new"]/nav/div[3]/div/div/ul/li[1]/a/span' in '2' second(s)

2023-11-24 12:19:19 - [MESSAGE][INFO] - Smart Wait Function is triggered

2023-11-24 12:19:19 - [MESSAGE][INFO] - Found 1 web elements with id: 'Object Repository/Page_Accueil_Usager/Span_MesNotifications' located by 'By.xpath: //*[@id="navBar-new"]/nav/div[3]/div/div/ul/li[1]/a/span' in '2' second(s)

2023-11-24 12:19:19 - [MESSAGE][PASSED] - Object 'Object Repository/Page_Accueil_Usager/Span_MesNotifications' is present

2023-11-24 12:19:19 - [TEST_STEP][PASSED] - if (Profiles == "Agent"): null

2023-11-24 12:19:19 - [TEST_STEP][PASSED] - else: null

2023-11-24 12:19:19 - [TEST_STEP][PASSED] - println("Vérifier le Portail de votre connexion Usager ou Agent"): null

2023-11-24 12:19:19 - [MESSAGE][PASSED] - Call Test Case 'Test Cases/Test Reutilisable/Main/Identification' successfully

2023-11-24 12:19:19 - [TEST_STEP][PASSED] - callTestCase(findTestCase("Test Reutilisable/DemandeOuRenouvelle_TitreSejour/DemandeOuRenouvelleTitreSejour"), [:], STOP_ON_FAILURE): Call Test Case 'Test Cases/Test Reutilisable/DemandeOuRenouvelle_TitreSejour/DemandeOuRenouvelleTitreSejour' successfully

2023-11-24 12:19:19 - [MESSAGE][INFO] - Checking called Test Case

2023-11-24 12:19:19 - [MESSAGE][INFO] - Starting to call Test Case 'Test Cases/Test Reutilisable/DemandeOuRenouvelle_TitreSejour/DemandeOuRenouvelleTitreSejour'

2023-11-24 12:19:20 - [TEST_CASE][PASSED] - Test Cases/Test Reutilisable/DemandeOuRenouvelle_TitreSejour/DemandeOuRenouvelleTitreSejour: Test Cases/Test Reutilisable/DemandeOuRenouvelle_TitreSejour/DemandeOuRenouvelleTitreSejour

2023-11-24 12:19:20 - [TEST_STEP][PASSED] - com.kazurayam.ksbackyard.HighlightElement.pandemic(): com.kazurayam.ksbackyard.HighlightElement.pandemic is PASSED

2023-11-24 12:19:20 - [MESSAGE][PASSED] - com.kazurayam.ksbackyard.HighlightElement.pandemic is PASSED

2023-11-24 12:19:20 - [TEST_STEP][PASSED] - delay(3): Delayed 3 second(s)

2023-11-24 12:19:20 - [MESSAGE][INFO] - Delaying browser in 3 second(s)

2023-11-24 12:19:23 - [MESSAGE][PASSED] - Delayed 3 second(s)

2023-11-24 12:19:23 - [TEST_STEP][PASSED] - doubleClick(findTestObject("Object Repository/Page_Accueil_Usager/btn_DemandeOuRenouvelleTitreSejour")): Object: 'Object Repository/Page_Accueil_Usager/btn_DemandeOuRenouvelleTitreSejour' is double clicked on

2023-11-24 12:19:23 - [MESSAGE][INFO] - Finding Test Object 'Object Repository/Page_Accueil_Usager/btn_DemandeOuRenouvelleTitreSejour'

2023-11-24 12:19:23 - [MESSAGE][INFO] - Checking object

2023-11-24 12:19:23 - [MESSAGE][INFO] - Finding web element from Test Object's properties

2023-11-24 12:19:23 - [MESSAGE][INFO] - Checking timeout

2023-11-24 12:19:23 - [MESSAGE][INFO] - Finding web element with id: 'Object Repository/Page_Accueil_Usager/btn_DemandeOuRenouvelleTitreSejour' located by 'By.xpath: //app-portal//app-portal-root/app-default-root-content/div/div/anef-tile[1]/a/span/span[2]' in '5' second(s)

2023-11-24 12:19:23 - [MESSAGE][INFO] - Smart Wait Function is triggered

2023-11-24 12:19:23 - [MESSAGE][INFO] - Found 1 web elements with id: 'Object Repository/Page_Accueil_Usager/btn_DemandeOuRenouvelleTitreSejour' located by 'By.xpath: //app-portal//app-portal-root/app-default-root-content/div/div/anef-tile[1]/a/span/span[2]' in '5' second(s)

2023-11-24 12:19:23 - [MESSAGE][INFO] - Double clicking on object: 'Object Repository/Page_Accueil_Usager/btn_DemandeOuRenouvelleTitreSejour'

2023-11-24 12:19:23 - [MESSAGE][PASSED] - Object: 'Object Repository/Page_Accueil_Usager/btn_DemandeOuRenouvelleTitreSejour' is double clicked on

2023-11-24 12:19:23 - [TEST_STEP][PASSED] - delay(3): Delayed 3 second(s)

2023-11-24 12:19:23 - [MESSAGE][INFO] - Delaying browser in 3 second(s)

2023-11-24 12:19:26 - [MESSAGE][PASSED] - Delayed 3 second(s)

2023-11-24 12:19:26 - [TEST_STEP][PASSED] - switch (PourQui): null

2023-11-24 12:19:26 - [TEST_STEP][PASSED] - case "Moi-même":: null

2023-11-24 12:19:26 - [TEST_STEP][PASSED] - check(findTestObject("Object Repository/Page_Accueil_Usager/CheckBox_Moi-meme")): Object 'Object Repository/Page_Accueil_Usager/CheckBox_Moi-meme' is checked

2023-11-24 12:19:26 - [MESSAGE][INFO] - Finding Test Object 'Object Repository/Page_Accueil_Usager/CheckBox_Moi-meme'

2023-11-24 12:19:26 - [MESSAGE][INFO] - Checking object

2023-11-24 12:19:26 - [MESSAGE][INFO] - Finding web element from Test Object's properties

2023-11-24 12:19:26 - [MESSAGE][INFO] - Checking timeout

2023-11-24 12:19:26 - [MESSAGE][INFO] - Finding web element with id: 'Object Repository/Page_Accueil_Usager/CheckBox_Moi-meme' located by 'By.xpath: //*/div[1]/app-radio-tree-button/div/p-radiobutton/div/div[2]/span' in '5' second(s)

2023-11-24 12:19:26 - [MESSAGE][INFO] - Smart Wait Function is triggered

2023-11-24 12:19:27 - [MESSAGE][INFO] - Found 1 web elements with id: 'Object Repository/Page_Accueil_Usager/CheckBox_Moi-meme' located by 'By.xpath: //*/div[1]/app-radio-tree-button/div/p-radiobutton/div/div[2]/span' in '5' second(s)

2023-11-24 12:19:27 - [MESSAGE][INFO] - Checking on bject 'Object Repository/Page_Accueil_Usager/CheckBox_Moi-meme'

2023-11-24 12:19:29 - [MESSAGE][PASSED] - Object 'Object Repository/Page_Accueil_Usager/CheckBox_Moi-meme' is checked

2023-11-24 12:19:29 - [TEST_STEP][PASSED] - break: null

2023-11-24 12:19:29 - [TEST_STEP][PASSED] - click(findTestObject("Object Repository/Page_Accueil_Usager/btn_JeContinue")): Object: 'Object Repository/Page_Accueil_Usager/btn_JeContinue' is clicked on

2023-11-24 12:19:29 - [MESSAGE][INFO] - Finding Test Object 'Object Repository/Page_Accueil_Usager/btn_JeContinue'

2023-11-24 12:19:29 - [MESSAGE][INFO] - Checking timeout

2023-11-24 12:19:29 - [MESSAGE][INFO] - Finding web element with id: 'Object Repository/Page_Accueil_Usager/btn_JeContinue' located by 'By.xpath: //*[@ng-reflect-label='Je continue']|/html/body/app-root/div/app-portal/main/app-triage-demandeur/div/div/div/form/div[2]/button/span' in '20' second(s)

2023-11-24 12:19:29 - [MESSAGE][INFO] - Smart Wait Function is triggered

2023-11-24 12:19:29 - [MESSAGE][INFO] - Found 1 web elements with id: 'Object Repository/Page_Accueil_Usager/btn_JeContinue' located by 'By.xpath: //*[@ng-reflect-label='Je continue']|/html/body/app-root/div/app-portal/main/app-triage-demandeur/div/div/div/form/div[2]/button/span' in '20' second(s)

2023-11-24 12:19:29 - [MESSAGE][INFO] - Checking object

2023-11-24 12:19:29 - [MESSAGE][INFO] - Checking timeout

2023-11-24 12:19:29 - [MESSAGE][INFO] - Finding web element from Test Object's properties

2023-11-24 12:19:29 - [MESSAGE][INFO] - Checking timeout

2023-11-24 12:19:29 - [MESSAGE][INFO] - Finding web element with id: 'Object Repository/Page_Accueil_Usager/btn_JeContinue' located by 'By.xpath: //*[@ng-reflect-label='Je continue']|/html/body/app-root/div/app-portal/main/app-triage-demandeur/div/div/div/form/div[2]/button/span' in '5' second(s)

2023-11-24 12:19:29 - [MESSAGE][INFO] - Smart Wait Function is triggered

2023-11-24 12:19:29 - [MESSAGE][INFO] - Found 1 web elements with id: 'Object Repository/Page_Accueil_Usager/btn_JeContinue' located by 'By.xpath: //*[@ng-reflect-label='Je continue']|/html/body/app-root/div/app-portal/main/app-triage-demandeur/div/div/div/form/div[2]/button/span' in '5' second(s)

2023-11-24 12:19:29 - [MESSAGE][INFO] - Clicking on object: 'Object Repository/Page_Accueil_Usager/btn_JeContinue'

2023-11-24 12:19:31 - [MESSAGE][PASSED] - Object: 'Object Repository/Page_Accueil_Usager/btn_JeContinue' is clicked on

2023-11-24 12:19:31 - [MESSAGE][PASSED] - Call Test Case 'Test Cases/Test Reutilisable/DemandeOuRenouvelle_TitreSejour/DemandeOuRenouvelleTitreSejour' successfully

2023-11-24 12:19:31 - [TEST_STEP][PASSED] - callTestCase(findTestCase("Test Reutilisable/DemandeOuRenouvelle_TitreSejour/FormulaireTypeDeTitreDeSejour"), ["TypeTitreDeSejour":TypeTitreDeSejour, "Titre":Titre], STOP_ON_FAILURE): Call Test Case 'Test Cases/Test Reutilisable/DemandeOuRenouvelle_TitreSejour/FormulaireTypeDeTitreDeSejour' successfully

2023-11-24 12:19:31 - [MESSAGE][INFO] - Checking called Test Case

2023-11-24 12:19:31 - [MESSAGE][INFO] - Starting to call Test Case 'Test Cases/Test Reutilisable/DemandeOuRenouvelle_TitreSejour/FormulaireTypeDeTitreDeSejour'

2023-11-24 12:19:31 - [TEST_CASE][PASSED] - Test Cases/Test Reutilisable/DemandeOuRenouvelle_TitreSejour/FormulaireTypeDeTitreDeSejour: Test Cases/Test Reutilisable/DemandeOuRenouvelle_TitreSejour/FormulaireTypeDeTitreDeSejour

2023-11-24 12:19:32 - [TEST_STEP][PASSED] - com.kazurayam.ksbackyard.HighlightElement.pandemic(): com.kazurayam.ksbackyard.HighlightElement.pandemic is PASSED

2023-11-24 12:19:32 - [MESSAGE][PASSED] - com.kazurayam.ksbackyard.HighlightElement.pandemic is PASSED

2023-11-24 12:19:32 - [TEST_STEP][PASSED] - delay(10): Delayed 10 second(s)

2023-11-24 12:19:32 - [MESSAGE][INFO] - Delaying browser in 10 second(s)

2023-11-24 12:19:42 - [MESSAGE][PASSED] - Delayed 10 second(s)

2023-11-24 12:19:42 - [TEST_STEP][PASSED] - switch (TypeTitreDeSejour): null

2023-11-24 12:19:42 - [TEST_STEP][PASSED] - case "ChercheurEtChercheurEnMobilite":: null

2023-11-24 12:19:42 - [TEST_STEP][PASSED] - if (Titre == "Visiteur" || Titre == "Etudiant"): Object: 'Object Repository/Page_DemarcheRenouvellement/Btn_JeContinue' is clicked on

2023-11-24 12:19:42 - [TEST_STEP][PASSED] - check(findTestObject("Object Repository/Page_DemarcheRenouvellement/CheckBox_SolliciteTS_PasseportTalent")): Object 'Object Repository/Page_DemarcheRenouvellement/CheckBox_SolliciteTS_PasseportTalent' is checked

2023-11-24 12:19:42 - [MESSAGE][INFO] - Finding Test Object 'Object Repository/Page_DemarcheRenouvellement/CheckBox_SolliciteTS_PasseportTalent'

2023-11-24 12:19:42 - [MESSAGE][INFO] - Checking object

2023-11-24 12:19:42 - [MESSAGE][INFO] - Finding web element from Test Object's properties

2023-11-24 12:19:42 - [MESSAGE][INFO] - Checking timeout

2023-11-24 12:19:42 - [MESSAGE][INFO] - Finding web element with id: 'Object Repository/Page_DemarcheRenouvellement/CheckBox_SolliciteTS_PasseportTalent' located by 'By.xpath: //*/div[3]/app-radio-tree-button/div/p-radiobutton/div/div[2]/span' in '5' second(s)

2023-11-24 12:19:42 - [MESSAGE][INFO] - Smart Wait Function is triggered

2023-11-24 12:19:42 - [MESSAGE][INFO] - Found 1 web elements with id: 'Object Repository/Page_DemarcheRenouvellement/CheckBox_SolliciteTS_PasseportTalent' located by 'By.xpath: //*/div[3]/app-radio-tree-button/div/p-radiobutton/div/div[2]/span' in '5' second(s)

2023-11-24 12:19:42 - [MESSAGE][INFO] - Checking on bject 'Object Repository/Page_DemarcheRenouvellement/CheckBox_SolliciteTS_PasseportTalent'

2023-11-24 12:19:44 - [MESSAGE][PASSED] - Object 'Object Repository/Page_DemarcheRenouvellement/CheckBox_SolliciteTS_PasseportTalent' is checked

2023-11-24 12:19:44 - [TEST_STEP][PASSED] - check(findTestObject("Object Repository/Page_DemarcheRenouvellement/CheckBox_SolliciteTS_ChercheurEtChercheurEnMobilite")): Object 'Object Repository/Page_DemarcheRenouvellement/CheckBox_SolliciteTS_ChercheurEtChercheurEnMobilite' is checked

2023-11-24 12:19:44 - [MESSAGE][INFO] - Finding Test Object 'Object Repository/Page_DemarcheRenouvellement/CheckBox_SolliciteTS_ChercheurEtChercheurEnMobilite'

2023-11-24 12:19:44 - [MESSAGE][INFO] - Checking object

2023-11-24 12:19:44 - [MESSAGE][INFO] - Finding web element from Test Object's properties

2023-11-24 12:19:44 - [MESSAGE][INFO] - Checking timeout

2023-11-24 12:19:44 - [MESSAGE][INFO] - Finding web element with id: 'Object Repository/Page_DemarcheRenouvellement/CheckBox_SolliciteTS_ChercheurEtChercheurEnMobilite' located by 'By.xpath: //div/form/div[1]/div[2]/fieldset/div[3]/app-radio-tree-button/div/div/div[2]/app-radio-tree-button/div/p-radiobutton/div/div[2]/span' in '5' second(s)

2023-11-24 12:19:44 - [MESSAGE][INFO] - Smart Wait Function is triggered

2023-11-24 12:19:44 - [MESSAGE][INFO] - Found 1 web elements with id: 'Object Repository/Page_DemarcheRenouvellement/CheckBox_SolliciteTS_ChercheurEtChercheurEnMobilite' located by 'By.xpath: //div/form/div[1]/div[2]/fieldset/div[3]/app-radio-tree-button/div/div/div[2]/app-radio-tree-button/div/p-radiobutton/div/div[2]/span' in '5' second(s)

2023-11-24 12:19:44 - [MESSAGE][INFO] - Checking on bject 'Object Repository/Page_DemarcheRenouvellement/CheckBox_SolliciteTS_ChercheurEtChercheurEnMobilite'

2023-11-24 12:19:46 - [MESSAGE][PASSED] - Object 'Object Repository/Page_DemarcheRenouvellement/CheckBox_SolliciteTS_ChercheurEtChercheurEnMobilite' is checked

2023-11-24 12:19:46 - [TEST_STEP][PASSED] - click(findTestObject("Object Repository/Page_DemarcheRenouvellement/btn_JeCommence")): Object: 'Object Repository/Page_DemarcheRenouvellement/btn_JeCommence' is clicked on

2023-11-24 12:19:46 - [MESSAGE][INFO] - Finding Test Object 'Object Repository/Page_DemarcheRenouvellement/btn_JeCommence'

2023-11-24 12:19:46 - [MESSAGE][INFO] - Checking timeout

2023-11-24 12:19:46 - [MESSAGE][INFO] - Finding web element with id: 'Object Repository/Page_DemarcheRenouvellement/btn_JeCommence' located by 'By.xpath: //app-informations-declaration//app-actions-bar//button/span[contains(.,'Je continue')]|//app-informations-demande-ptsq//app-actions-bar//button/span[contains(.,'Je continue')]|//*/div[2]/button/span|//button[@type="submit" and contains(., 'Je commence')]|//button[@type="submit" and contains(., 'Je continue')]' in '20' second(s)

2023-11-24 12:19:46 - [MESSAGE][INFO] - Smart Wait Function is triggered

2023-11-24 12:19:46 - [MESSAGE][INFO] - Found 1 web elements with id: 'Object Repository/Page_DemarcheRenouvellement/btn_JeCommence' located by 'By.xpath: //app-informations-declaration//app-actions-bar//button/span[contains(.,'Je continue')]|//app-informations-demande-ptsq//app-actions-bar//button/span[contains(.,'Je continue')]|//*/div[2]/button/span|//button[@type="submit" and contains(., 'Je commence')]|//button[@type="submit" and contains(., 'Je continue')]' in '20' second(s)

2023-11-24 12:19:47 - [MESSAGE][INFO] - Checking object

2023-11-24 12:19:47 - [MESSAGE][INFO] - Checking timeout

2023-11-24 12:19:47 - [MESSAGE][INFO] - Finding web element from Test Object's properties

2023-11-24 12:19:47 - [MESSAGE][INFO] - Checking timeout

2023-11-24 12:19:47 - [MESSAGE][INFO] - Finding web element with id: 'Object Repository/Page_DemarcheRenouvellement/btn_JeCommence' located by 'By.xpath: //app-informations-declaration//app-actions-bar//button/span[contains(.,'Je continue')]|//app-informations-demande-ptsq//app-actions-bar//button/span[contains(.,'Je continue')]|//*/div[2]/button/span|//button[@type="submit" and contains(., 'Je commence')]|//button[@type="submit" and contains(., 'Je continue')]' in '5' second(s)

2023-11-24 12:19:47 - [MESSAGE][INFO] - Smart Wait Function is triggered

2023-11-24 12:19:47 - [MESSAGE][INFO] - Found 1 web elements with id: 'Object Repository/Page_DemarcheRenouvellement/btn_JeCommence' located by 'By.xpath: //app-informations-declaration//app-actions-bar//button/span[contains(.,'Je continue')]|//app-informations-demande-ptsq//app-actions-bar//button/span[contains(.,'Je continue')]|//*/div[2]/button/span|//button[@type="submit" and contains(., 'Je commence')]|//button[@type="submit" and contains(., 'Je continue')]' in '5' second(s)

2023-11-24 12:19:47 - [MESSAGE][INFO] - Clicking on object: 'Object Repository/Page_DemarcheRenouvellement/btn_JeCommence'

2023-11-24 12:19:49 - [MESSAGE][PASSED] - Object: 'Object Repository/Page_DemarcheRenouvellement/btn_JeCommence' is clicked on

2023-11-24 12:19:49 - [TEST_STEP][PASSED] - delay(3): Delayed 3 second(s)

2023-11-24 12:19:49 - [MESSAGE][INFO] - Delaying browser in 3 second(s)

2023-11-24 12:19:52 - [MESSAGE][PASSED] - Delayed 3 second(s)

2023-11-24 12:19:52 - [TEST_STEP][PASSED] - click(findTestObject("Object Repository/Page_DemarcheRenouvellement/Btn_JeContinue")): Object: 'Object Repository/Page_DemarcheRenouvellement/Btn_JeContinue' is clicked on

2023-11-24 12:19:52 - [MESSAGE][INFO] - Finding Test Object 'Object Repository/Page_DemarcheRenouvellement/Btn_JeContinue'

2023-11-24 12:19:52 - [MESSAGE][INFO] - Checking timeout

2023-11-24 12:19:52 - [MESSAGE][INFO] - Finding web element with id: 'Object Repository/Page_DemarcheRenouvellement/Btn_JeContinue' located by 'By.xpath: //button[@type="submit" and contains(., 'Je commence')]|//span[@class="ui-button-text ui-clickable" and contains(., 'Je continue')]|//app-informations-declaration//app-actions-bar//button/span[contains(.,'Je continue')]|//app-informations-demande-ptch/div/app-actions-bar/div/div[2]/div/div[2]/button/span' in '20' second(s)

2023-11-24 12:19:52 - [MESSAGE][INFO] - Smart Wait Function is triggered

2023-11-24 12:19:52 - [MESSAGE][INFO] - Found 1 web elements with id: 'Object Repository/Page_DemarcheRenouvellement/Btn_JeContinue' located by 'By.xpath: //button[@type="submit" and contains(., 'Je commence')]|//span[@class="ui-button-text ui-clickable" and contains(., 'Je continue')]|//app-informations-declaration//app-actions-bar//button/span[contains(.,'Je continue')]|//app-informations-demande-ptch/div/app-actions-bar/div/div[2]/div/div[2]/button/span' in '20' second(s)

2023-11-24 12:19:52 - [MESSAGE][INFO] - Checking object

2023-11-24 12:19:52 - [MESSAGE][INFO] - Checking timeout

2023-11-24 12:19:52 - [MESSAGE][INFO] - Finding web element from Test Object's properties

2023-11-24 12:19:52 - [MESSAGE][INFO] - Checking timeout

2023-11-24 12:19:52 - [MESSAGE][INFO] - Finding web element with id: 'Object Repository/Page_DemarcheRenouvellement/Btn_JeContinue' located by 'By.xpath: //button[@type="submit" and contains(., 'Je commence')]|//span[@class="ui-button-text ui-clickable" and contains(., 'Je continue')]|//app-informations-declaration//app-actions-bar//button/span[contains(.,'Je continue')]|//app-informations-demande-ptch/div/app-actions-bar/div/div[2]/div/div[2]/button/span' in '5' second(s)

2023-11-24 12:19:52 - [MESSAGE][INFO] - Smart Wait Function is triggered

2023-11-24 12:19:52 - [MESSAGE][INFO] - Found 1 web elements with id: 'Object Repository/Page_DemarcheRenouvellement/Btn_JeContinue' located by 'By.xpath: //button[@type="submit" and contains(., 'Je commence')]|//span[@class="ui-button-text ui-clickable" and contains(., 'Je continue')]|//app-informations-declaration//app-actions-bar//button/span[contains(.,'Je continue')]|//app-informations-demande-ptch/div/app-actions-bar/div/div[2]/div/div[2]/button/span' in '5' second(s)

2023-11-24 12:19:52 - [MESSAGE][INFO] - Clicking on object: 'Object Repository/Page_DemarcheRenouvellement/Btn_JeContinue'

2023-11-24 12:19:54 - [MESSAGE][PASSED] - Object: 'Object Repository/Page_DemarcheRenouvellement/Btn_JeContinue' is clicked on

2023-11-24 12:19:54 - [TEST_STEP][PASSED] - break: null

2023-11-24 12:19:54 - [TEST_STEP][PASSED] - "Vérification s il y a un message Erreur : Il est trop tôt pour demander le renouvellement de votre titre.": null

2023-11-24 12:19:54 - [TEST_STEP][PASSED] - MsgAlertPresent = verifyElementPresent(findTestObject("Object Repository/Page_Accueil_Usager/Verif_PopUpTropTotPourDemanderLeRenouvellementDeVotreTitre"), 1, OPTIONAL): com.kms.katalon.core.webui.exception.WebElementNotFoundException: Web element with id: 'Object Repository/Page_Accueil_Usager/Verif_PopUpTropTotPourDemanderLeRenouvellementDeVotreTitre' located by '/html/body/app-root/div/app-portal/main/app-theme-v2/div/app-triage/div/div/div/form/div[2]/div/p-message/div/span[2]' not found (Root cause: com.kms.katalon.core.exception.StepFailedException: com.kms.katalon.core.webui.exception.WebElementNotFoundException: Web element with id: 'Object Repository/Page_Accueil_Usager/Verif_PopUpTropTotPourDemanderLeRenouvellementDeVotreTitre' located by '/html/body/app-root/div/app-portal/main/app-theme-v2/div/app-triage/div/div/div/form/div[2]/div/p-message/div/span[2]' not found
	at com.kms.katalon.core.webui.keyword.internal.WebUIKeywordMain.stepFailed(WebUIKeywordMain.groovy:64)
	at com.kms.katalon.core.webui.keyword.builtin.VerifyElementPresentKeyword$_verifyElementPresent_closure1.doCall(VerifyElementPresentKeyword.groovy:85)
	at com.kms.katalon.core.webui.keyword.builtin.VerifyElementPresentKeyword$_verifyElementPresent_closure1.call(VerifyElementPresentKeyword.groovy)
	at com.kms.katalon.core.webui.keyword.internal.WebUIKeywordMain.runKeyword(WebUIKeywordMain.groovy:20)
	at com.kms.katalon.core.webui.keyword.builtin.VerifyElementPresentKeyword.verifyElementPresent(VerifyElementPresentKeyword.groovy:92)
	at com.kms.katalon.core.webui.keyword.builtin.VerifyElementPresentKeyword.execute(VerifyElementPresentKeyword.groovy:68)
	at com.kms.katalon.core.keyword.internal.KeywordExecutor.executeKeywordForPlatform(KeywordExecutor.groovy:74)
	at com.kms.katalon.core.webui.keyword.WebUiBuiltInKeywords.verifyElementPresent(WebUiBuiltInKeywords.groovy:1448)
	at com.kazurayam.ksbackyard.HighlightElement$_pandemic_closure1.doCall(HighlightElement.groovy:105)
	at FormulaireTypeDeTitreDeSejour.run(FormulaireTypeDeTitreDeSejour:302)
	at com.kms.katalon.core.main.ScriptEngine.run(ScriptEngine.java:194)
	at com.kms.katalon.core.main.ScriptEngine.runScriptAsRawText(ScriptEngine.java:119)
	at com.kms.katalon.core.main.TestCaseExecutor.runScript(TestCaseExecutor.java:448)
	at com.kms.katalon.core.main.TestCaseExecutor.doExecute(TestCaseExecutor.java:439)
	at com.kms.katalon.core.main.TestCaseExecutor.processExecutionPhase(TestCaseExecutor.java:418)
	at com.kms.katalon.core.main.TestCaseExecutor.accessMainPhase(TestCaseExecutor.java:410)
	at com.kms.katalon.core.main.TestCaseExecutor.execute(TestCaseExecutor.java:285)
	at com.kms.katalon.core.main.TestCaseMain.runTestCase(TestCaseMain.java:144)
	at com.kms.katalon.core.keyword.builtin.CallTestCaseKeyword$_callTestCase_closure1.doCall(CallTestCaseKeyword.groovy:59)
	at com.kms.katalon.core.keyword.builtin.CallTestCaseKeyword$_callTestCase_closure1.call(CallTestCaseKeyword.groovy)
	at com.kms.katalon.core.keyword.internal.KeywordMain.runKeyword(KeywordMain.groovy:75)
	at com.kms.katalon.core.keyword.builtin.CallTestCaseKeyword.callTestCase(CallTestCaseKeyword.groovy:81)
	at com.kms.katalon.core.keyword.builtin.CallTestCaseKeyword.execute(CallTestCaseKeyword.groovy:44)
	at com.kms.katalon.core.keyword.internal.KeywordExecutor.executeKeywordForPlatform(KeywordExecutor.groovy:74)
	at com.kms.katalon.core.keyword.BuiltinKeywords.callTestCase(BuiltinKeywords.groovy:310)
	at com.kazurayam.ksbackyard.HighlightElement$_pandemic_closure1.doCall(HighlightElement.groovy:105)
	at TNR R.TSPT Supp90-Etudiant.run(TNR R.TSPT Supp90-Etudiant:43)
	at com.kms.katalon.core.main.ScriptEngine.run(ScriptEngine.java:194)
	at com.kms.katalon.core.main.ScriptEngine.runScriptAsRawText(ScriptEngine.java:119)
	at com.kms.katalon.core.main.TestCaseExecutor.runScript(TestCaseExecutor.java:448)
	at com.kms.katalon.core.main.TestCaseExecutor.doExecute(TestCaseExecutor.java:439)
	at com.kms.katalon.core.main.TestCaseExecutor.processExecutionPhase(TestCaseExecutor.java:418)
	at com.kms.katalon.core.main.TestCaseExecutor.accessMainPhase(TestCaseExecutor.java:410)
	at com.kms.katalon.core.main.TestCaseExecutor.execute(TestCaseExecutor.java:285)
	at com.kms.katalon.core.common.CommonExecutor.accessTestCaseMainPhase(CommonExecutor.java:65)
	at com.kms.katalon.core.main.TestSuiteExecutor.accessTestSuiteMainPhase(TestSuiteExecutor.java:148)
	at com.kms.katalon.core.main.TestSuiteExecutor.execute(TestSuiteExecutor.java:106)
	at com.kms.katalon.core.main.TestCaseMain.startTestSuite(TestCaseMain.java:187)
	at com.kms.katalon.core.main.TestCaseMain$startTestSuite$0.call(Unknown Source)
	at TempTestSuite1700824657414.run(TempTestSuite1700824657414.groovy:36)
)

2023-11-24 12:19:54 - [MESSAGE][INFO] - Finding Test Object 'Object Repository/Page_Accueil_Usager/Verif_PopUpTropTotPourDemanderLeRenouvellementDeVotreTitre'

2023-11-24 12:19:54 - [MESSAGE][INFO] - Checking object

2023-11-24 12:19:54 - [MESSAGE][INFO] - Finding web element from Test Object's properties

2023-11-24 12:19:54 - [MESSAGE][INFO] - Checking timeout

2023-11-24 12:19:54 - [MESSAGE][INFO] - Finding web element with id: 'Object Repository/Page_Accueil_Usager/Verif_PopUpTropTotPourDemanderLeRenouvellementDeVotreTitre' located by 'By.xpath: /html/body/app-root/div/app-portal/main/app-theme-v2/div/app-triage/div/div/div/form/div[2]/div/p-message/div/span[2]' in '1' second(s)

2023-11-24 12:19:54 - [MESSAGE][INFO] - Smart Wait Function is triggered

2023-11-24 12:19:54 - [MESSAGE][INFO] - Smart Wait Function is triggered

2023-11-24 12:19:54 - [MESSAGE][INFO] - Smart Wait Function is triggered

2023-11-24 12:19:54 - [MESSAGE][INFO] - Smart Wait Function is triggered

2023-11-24 12:19:54 - [MESSAGE][INFO] - Smart Wait Function is triggered

2023-11-24 12:19:54 - [MESSAGE][INFO] - Smart Wait Function is triggered

2023-11-24 12:19:55 - [MESSAGE][INFO] - Smart Wait Function is triggered

2023-11-24 12:19:55 - [MESSAGE][INFO] - Smart Wait Function is triggered

2023-11-24 12:19:55 - [MESSAGE][INFO] - Smart Wait Function is triggered

2023-11-24 12:19:55 - [MESSAGE][INFO] - Smart Wait Function is triggered

2023-11-24 12:19:55 - [MESSAGE][INFO] - Smart Wait Function is triggered

2023-11-24 12:19:55 - [MESSAGE][INFO] - Smart Wait Function is triggered

2023-11-24 12:19:55 - [MESSAGE][INFO] - Smart Wait Function is triggered

2023-11-24 12:19:55 - [MESSAGE][INFO] - Smart Wait Function is triggered

2023-11-24 12:19:55 - [MESSAGE][INFO] - Smart Wait Function is triggered

2023-11-24 12:19:55 - [MESSAGE][INFO] - Smart Wait Function is triggered

2023-11-24 12:19:55 - [MESSAGE][INFO] - Smart Wait Function is triggered

2023-11-24 12:19:55 - [MESSAGE][INFO] - Smart Wait Function is triggered

2023-11-24 12:19:55 - [MESSAGE][INFO] - Smart Wait Function is triggered

2023-11-24 12:19:55 - [MESSAGE][INFO] - Smart Wait Function is triggered

2023-11-24 12:19:55 - [MESSAGE][INFO] - Smart Wait Function is triggered

2023-11-24 12:19:55 - [MESSAGE][INFO] - Smart Wait Function is triggered

2023-11-24 12:19:55 - [MESSAGE][INFO] - Smart Wait Function is triggered

2023-11-24 12:19:55 - [MESSAGE][INFO] - Smart Wait Function is triggered

2023-11-24 12:19:55 - [MESSAGE][INFO] - Smart Wait Function is triggered

2023-11-24 12:19:55 - [MESSAGE][INFO] - Smart Wait Function is triggered

2023-11-24 12:19:55 - [MESSAGE][INFO] - Smart Wait Function is triggered

2023-11-24 12:19:55 - [MESSAGE][INFO] - Smart Wait Function is triggered

2023-11-24 12:19:55 - [MESSAGE][INFO] - Smart Wait Function is triggered

2023-11-24 12:19:55 - [MESSAGE][INFO] - Smart Wait Function is triggered

2023-11-24 12:19:55 - [MESSAGE][INFO] - Smart Wait Function is triggered

2023-11-24 12:19:55 - [MESSAGE][INFO] - Smart Wait Function is triggered

2023-11-24 12:19:55 - [MESSAGE][INFO] - Smart Wait Function is triggered

2023-11-24 12:19:55 - [MESSAGE][INFO] - Smart Wait Function is triggered

2023-11-24 12:19:55 - [MESSAGE][INFO] - Smart Wait Function is triggered

2023-11-24 12:19:56 - [MESSAGE][INFO] - Smart Wait Function is triggered

2023-11-24 12:19:56 - [MESSAGE][INFO] - Smart Wait Function is triggered

2023-11-24 12:19:56 - [MESSAGE][INFO] - Smart Wait Function is triggered

2023-11-24 12:19:56 - [MESSAGE][INFO] - Smart Wait Function is triggered

2023-11-24 12:19:56 - [MESSAGE][INFO] - Smart Wait Function is triggered

2023-11-24 12:19:56 - [MESSAGE][INFO] - Smart Wait Function is triggered

2023-11-24 12:19:56 - [MESSAGE][INFO] - Smart Wait Function is triggered

2023-11-24 12:19:56 - [MESSAGE][INFO] - Smart Wait Function is triggered

2023-11-24 12:19:56 - [MESSAGE][INFO] - Smart Wait Function is triggered

2023-11-24 12:19:56 - [MESSAGE][INFO] - Smart Wait Function is triggered

2023-11-24 12:19:56 - [MESSAGE][INFO] - Smart Wait Function is triggered

2023-11-24 12:19:56 - [MESSAGE][INFO] - Smart Wait Function is triggered

2023-11-24 12:19:56 - [MESSAGE][INFO] - Smart Wait Function is triggered

2023-11-24 12:19:56 - [MESSAGE][INFO] - Smart Wait Function is triggered

2023-11-24 12:19:56 - [MESSAGE][INFO] - Smart Wait Function is triggered

2023-11-24 12:19:56 - [MESSAGE][INFO] - Smart Wait Function is triggered

2023-11-24 12:19:56 - [MESSAGE][INFO] - Smart Wait Function is triggered

2023-11-24 12:19:56 - [MESSAGE][INFO] - Smart Wait Function is triggered

2023-11-24 12:19:56 - [MESSAGE][INFO] - Unable to find the element located by 'By.xpath: /html/body/app-root/div/app-portal/main/app-theme-v2/div/app-triage/div/div/div/form/div[2]/div/p-message/div/span[2]'. Please recheck the objects properties to make sure the desired element is located. 

2023-11-24 12:19:56 - [MESSAGE][WARNING] - com.kms.katalon.core.webui.exception.WebElementNotFoundException: Web element with id: 'Object Repository/Page_Accueil_Usager/Verif_PopUpTropTotPourDemanderLeRenouvellementDeVotreTitre' located by '/html/body/app-root/div/app-portal/main/app-theme-v2/div/app-triage/div/div/div/form/div[2]/div/p-message/div/span[2]' not found (Root cause: com.kms.katalon.core.exception.StepFailedException: com.kms.katalon.core.webui.exception.WebElementNotFoundException: Web element with id: 'Object Repository/Page_Accueil_Usager/Verif_PopUpTropTotPourDemanderLeRenouvellementDeVotreTitre' located by '/html/body/app-root/div/app-portal/main/app-theme-v2/div/app-triage/div/div/div/form/div[2]/div/p-message/div/span[2]' not found
	at com.kms.katalon.core.webui.keyword.internal.WebUIKeywordMain.stepFailed(WebUIKeywordMain.groovy:64)
	at com.kms.katalon.core.webui.keyword.builtin.VerifyElementPresentKeyword$_verifyElementPresent_closure1.doCall(VerifyElementPresentKeyword.groovy:85)
	at com.kms.katalon.core.webui.keyword.builtin.VerifyElementPresentKeyword$_verifyElementPresent_closure1.call(VerifyElementPresentKeyword.groovy)
	at com.kms.katalon.core.webui.keyword.internal.WebUIKeywordMain.runKeyword(WebUIKeywordMain.groovy:20)
	at com.kms.katalon.core.webui.keyword.builtin.VerifyElementPresentKeyword.verifyElementPresent(VerifyElementPresentKeyword.groovy:92)
	at com.kms.katalon.core.webui.keyword.builtin.VerifyElementPresentKeyword.execute(VerifyElementPresentKeyword.groovy:68)
	at com.kms.katalon.core.keyword.internal.KeywordExecutor.executeKeywordForPlatform(KeywordExecutor.groovy:74)
	at com.kms.katalon.core.webui.keyword.WebUiBuiltInKeywords.verifyElementPresent(WebUiBuiltInKeywords.groovy:1448)
	at com.kazurayam.ksbackyard.HighlightElement$_pandemic_closure1.doCall(HighlightElement.groovy:105)
	at FormulaireTypeDeTitreDeSejour.run(FormulaireTypeDeTitreDeSejour:302)
	at com.kms.katalon.core.main.ScriptEngine.run(ScriptEngine.java:194)
	at com.kms.katalon.core.main.ScriptEngine.runScriptAsRawText(ScriptEngine.java:119)
	at com.kms.katalon.core.main.TestCaseExecutor.runScript(TestCaseExecutor.java:448)
	at com.kms.katalon.core.main.TestCaseExecutor.doExecute(TestCaseExecutor.java:439)
	at com.kms.katalon.core.main.TestCaseExecutor.processExecutionPhase(TestCaseExecutor.java:418)
	at com.kms.katalon.core.main.TestCaseExecutor.accessMainPhase(TestCaseExecutor.java:410)
	at com.kms.katalon.core.main.TestCaseExecutor.execute(TestCaseExecutor.java:285)
	at com.kms.katalon.core.main.TestCaseMain.runTestCase(TestCaseMain.java:144)
	at com.kms.katalon.core.keyword.builtin.CallTestCaseKeyword$_callTestCase_closure1.doCall(CallTestCaseKeyword.groovy:59)
	at com.kms.katalon.core.keyword.builtin.CallTestCaseKeyword$_callTestCase_closure1.call(CallTestCaseKeyword.groovy)
	at com.kms.katalon.core.keyword.internal.KeywordMain.runKeyword(KeywordMain.groovy:75)
	at com.kms.katalon.core.keyword.builtin.CallTestCaseKeyword.callTestCase(CallTestCaseKeyword.groovy:81)
	at com.kms.katalon.core.keyword.builtin.CallTestCaseKeyword.execute(CallTestCaseKeyword.groovy:44)
	at com.kms.katalon.core.keyword.internal.KeywordExecutor.executeKeywordForPlatform(KeywordExecutor.groovy:74)
	at com.kms.katalon.core.keyword.BuiltinKeywords.callTestCase(BuiltinKeywords.groovy:310)
	at com.kazurayam.ksbackyard.HighlightElement$_pandemic_closure1.doCall(HighlightElement.groovy:105)
	at TNR R.TSPT Supp90-Etudiant.run(TNR R.TSPT Supp90-Etudiant:43)
	at com.kms.katalon.core.main.ScriptEngine.run(ScriptEngine.java:194)
	at com.kms.katalon.core.main.ScriptEngine.runScriptAsRawText(ScriptEngine.java:119)
	at com.kms.katalon.core.main.TestCaseExecutor.runScript(TestCaseExecutor.java:448)
	at com.kms.katalon.core.main.TestCaseExecutor.doExecute(TestCaseExecutor.java:439)
	at com.kms.katalon.core.main.TestCaseExecutor.processExecutionPhase(TestCaseExecutor.java:418)
	at com.kms.katalon.core.main.TestCaseExecutor.accessMainPhase(TestCaseExecutor.java:410)
	at com.kms.katalon.core.main.TestCaseExecutor.execute(TestCaseExecutor.java:285)
	at com.kms.katalon.core.common.CommonExecutor.accessTestCaseMainPhase(CommonExecutor.java:65)
	at com.kms.katalon.core.main.TestSuiteExecutor.accessTestSuiteMainPhase(TestSuiteExecutor.java:148)
	at com.kms.katalon.core.main.TestSuiteExecutor.execute(TestSuiteExecutor.java:106)
	at com.kms.katalon.core.main.TestCaseMain.startTestSuite(TestCaseMain.java:187)
	at com.kms.katalon.core.main.TestCaseMain$startTestSuite$0.call(Unknown Source)
	at TempTestSuite1700824657414.run(TempTestSuite1700824657414.groovy:36)
)
[[ATTACHMENT|C:\\Users\\ISSAM.RHARBAOUI\\git\\22_11\\ANEF-AutomatizationProject\\Reports\\20231124_121737\\TS_TNR_R.TSPT_Suppo90\\20231124_121737\\1700824796572.png]]

2023-11-24 12:19:56 - [TEST_STEP][PASSED] - if (MsgAlertPresent): null

2023-11-24 12:19:56 - [TEST_STEP][PASSED] - else:  C'est le bon Moment pour demander le renouvellement de votre titre.

2023-11-24 12:19:56 - [TEST_STEP][PASSED] - markPassed(" C'est le bon Moment pour demander le renouvellement de votre titre."):  C'est le bon Moment pour demander le renouvellement de votre titre.

2023-11-24 12:19:56 - [MESSAGE][PASSED] -  C'est le bon Moment pour demander le renouvellement de votre titre.

2023-11-24 12:19:56 - [MESSAGE][PASSED] - Call Test Case 'Test Cases/Test Reutilisable/DemandeOuRenouvelle_TitreSejour/FormulaireTypeDeTitreDeSejour' successfully

2023-11-24 12:19:56 - [TEST_STEP][PASSED] - callTestCase(findTestCase("Test Reutilisable/DemandeOuRenouvelle_TitreSejour/FormulaireInformationsPersonnelles"), ["AdresseUsager":AdresseUsager, "NumeroTelephoneUsager":NumeroTelephoneUsager], STOP_ON_FAILURE): Call Test Case 'Test Cases/Test Reutilisable/DemandeOuRenouvelle_TitreSejour/FormulaireInformationsPersonnelles' successfully

2023-11-24 12:19:56 - [MESSAGE][INFO] - Checking called Test Case

2023-11-24 12:19:56 - [MESSAGE][INFO] - Starting to call Test Case 'Test Cases/Test Reutilisable/DemandeOuRenouvelle_TitreSejour/FormulaireInformationsPersonnelles'

2023-11-24 12:19:56 - [TEST_CASE][PASSED] - Test Cases/Test Reutilisable/DemandeOuRenouvelle_TitreSejour/FormulaireInformationsPersonnelles: Test Cases/Test Reutilisable/DemandeOuRenouvelle_TitreSejour/FormulaireInformationsPersonnelles

2023-11-24 12:19:59 - [TEST_STEP][PASSED] - com.kazurayam.ksbackyard.HighlightElement.pandemic(): com.kazurayam.ksbackyard.HighlightElement.pandemic is PASSED

2023-11-24 12:19:59 - [MESSAGE][PASSED] - com.kazurayam.ksbackyard.HighlightElement.pandemic is PASSED

2023-11-24 12:19:59 - [TEST_STEP][PASSED] - if (verifyElementPresent(findTestObject("Object Repository/Page_InformationPersonnelles_Usager/CheckBox_liensPersonnelsFamiliaux_1_Non"), 1, OPTIONAL)): null

2023-11-24 12:19:59 - [MESSAGE][INFO] - Finding Test Object 'Object Repository/Page_InformationPersonnelles_Usager/CheckBox_liensPersonnelsFamiliaux_1_Non'

2023-11-24 12:19:59 - [MESSAGE][INFO] - Checking object

2023-11-24 12:19:59 - [MESSAGE][INFO] - Finding web element from Test Object's properties

2023-11-24 12:19:59 - [MESSAGE][INFO] - Checking timeout

2023-11-24 12:19:59 - [MESSAGE][INFO] - Finding web element with id: 'Object Repository/Page_InformationPersonnelles_Usager/CheckBox_liensPersonnelsFamiliaux_1_Non' located by 'By.xpath: //*[@id="ui-accordiontab-1-content"]/div/div/div[1]/div/anef-input-radio/div/div/fieldset/div/div[2]/p-radiobutton/div/div[2]/span|//*[@id="ui-accordiontab-9-content"]/div/app-has-enfants-charge/div/div/anef-input-radio/div/div/fieldset/div/div[2]/p-radiobutton/div/div[2]/span' in '1' second(s)

2023-11-24 12:19:59 - [MESSAGE][INFO] - Smart Wait Function is triggered

2023-11-24 12:19:59 - [MESSAGE][INFO] - Found 1 web elements with id: 'Object Repository/Page_InformationPersonnelles_Usager/CheckBox_liensPersonnelsFamiliaux_1_Non' located by 'By.xpath: //*[@id="ui-accordiontab-1-content"]/div/div/div[1]/div/anef-input-radio/div/div/fieldset/div/div[2]/p-radiobutton/div/div[2]/span|//*[@id="ui-accordiontab-9-content"]/div/app-has-enfants-charge/div/div/anef-input-radio/div/div/fieldset/div/div[2]/p-radiobutton/div/div[2]/span' in '1' second(s)

2023-11-24 12:19:59 - [MESSAGE][PASSED] - Object 'Object Repository/Page_InformationPersonnelles_Usager/CheckBox_liensPersonnelsFamiliaux_1_Non' is present

2023-11-24 12:19:59 - [TEST_STEP][PASSED] - check(findTestObject("Object Repository/Page_InformationPersonnelles_Usager/CheckBox_liensPersonnelsFamiliaux_1_Non"), OPTIONAL): Object 'Object Repository/Page_InformationPersonnelles_Usager/CheckBox_liensPersonnelsFamiliaux_1_Non' is checked

2023-11-24 12:19:59 - [MESSAGE][INFO] - Finding Test Object 'Object Repository/Page_InformationPersonnelles_Usager/CheckBox_liensPersonnelsFamiliaux_1_Non'

2023-11-24 12:19:59 - [MESSAGE][INFO] - Checking object

2023-11-24 12:19:59 - [MESSAGE][INFO] - Finding web element from Test Object's properties

2023-11-24 12:19:59 - [MESSAGE][INFO] - Checking timeout

2023-11-24 12:19:59 - [MESSAGE][INFO] - Finding web element with id: 'Object Repository/Page_InformationPersonnelles_Usager/CheckBox_liensPersonnelsFamiliaux_1_Non' located by 'By.xpath: //*[@id="ui-accordiontab-1-content"]/div/div/div[1]/div/anef-input-radio/div/div/fieldset/div/div[2]/p-radiobutton/div/div[2]/span|//*[@id="ui-accordiontab-9-content"]/div/app-has-enfants-charge/div/div/anef-input-radio/div/div/fieldset/div/div[2]/p-radiobutton/div/div[2]/span' in '5' second(s)

2023-11-24 12:19:59 - [MESSAGE][INFO] - Smart Wait Function is triggered

2023-11-24 12:19:59 - [MESSAGE][INFO] - Found 1 web elements with id: 'Object Repository/Page_InformationPersonnelles_Usager/CheckBox_liensPersonnelsFamiliaux_1_Non' located by 'By.xpath: //*[@id="ui-accordiontab-1-content"]/div/div/div[1]/div/anef-input-radio/div/div/fieldset/div/div[2]/p-radiobutton/div/div[2]/span|//*[@id="ui-accordiontab-9-content"]/div/app-has-enfants-charge/div/div/anef-input-radio/div/div/fieldset/div/div[2]/p-radiobutton/div/div[2]/span' in '5' second(s)

2023-11-24 12:19:59 - [MESSAGE][INFO] - Checking on bject 'Object Repository/Page_InformationPersonnelles_Usager/CheckBox_liensPersonnelsFamiliaux_1_Non'

2023-11-24 12:20:01 - [MESSAGE][PASSED] - Object 'Object Repository/Page_InformationPersonnelles_Usager/CheckBox_liensPersonnelsFamiliaux_1_Non' is checked

2023-11-24 12:20:01 - [TEST_STEP][PASSED] - delay(2): Delayed 2 second(s)

2023-11-24 12:20:01 - [MESSAGE][INFO] - Delaying browser in 2 second(s)

2023-11-24 12:20:03 - [MESSAGE][PASSED] - Delayed 2 second(s)

2023-11-24 12:20:03 - [TEST_STEP][PASSED] - if (verifyElementPresent(findTestObject("Object Repository/Page_InformationPersonnelles_Usager/CheckBox_liensPersonnelsFamiliaux_2_Non"), 1, OPTIONAL)): com.kms.katalon.core.webui.exception.WebElementNotFoundException: Web element with id: 'Object Repository/Page_InformationPersonnelles_Usager/CheckBox_liensPersonnelsFamiliaux_2_Non' located by '//*[@id="ui-accordiontab-1-content"]/div/div/div[2]/div/anef-input-radio/div/div/fieldset/div/div[2]/p-radiobutton/div/div[2]' not found (Root cause: com.kms.katalon.core.exception.StepFailedException: com.kms.katalon.core.webui.exception.WebElementNotFoundException: Web element with id: 'Object Repository/Page_InformationPersonnelles_Usager/CheckBox_liensPersonnelsFamiliaux_2_Non' located by '//*[@id="ui-accordiontab-1-content"]/div/div/div[2]/div/anef-input-radio/div/div/fieldset/div/div[2]/p-radiobutton/div/div[2]' not found
	at com.kms.katalon.core.webui.keyword.internal.WebUIKeywordMain.stepFailed(WebUIKeywordMain.groovy:64)
	at com.kms.katalon.core.webui.keyword.builtin.VerifyElementPresentKeyword$_verifyElementPresent_closure1.doCall(VerifyElementPresentKeyword.groovy:85)
	at com.kms.katalon.core.webui.keyword.builtin.VerifyElementPresentKeyword$_verifyElementPresent_closure1.call(VerifyElementPresentKeyword.groovy)
	at com.kms.katalon.core.webui.keyword.internal.WebUIKeywordMain.runKeyword(WebUIKeywordMain.groovy:20)
	at com.kms.katalon.core.webui.keyword.builtin.VerifyElementPresentKeyword.verifyElementPresent(VerifyElementPresentKeyword.groovy:92)
	at com.kms.katalon.core.webui.keyword.builtin.VerifyElementPresentKeyword.execute(VerifyElementPresentKeyword.groovy:68)
	at com.kms.katalon.core.keyword.internal.KeywordExecutor.executeKeywordForPlatform(KeywordExecutor.groovy:74)
	at com.kms.katalon.core.webui.keyword.WebUiBuiltInKeywords.verifyElementPresent(WebUiBuiltInKeywords.groovy:1448)
	at com.kazurayam.ksbackyard.HighlightElement$_pandemic_closure1.doCall(HighlightElement.groovy:105)
	at FormulaireInformationsPersonnelles.run(FormulaireInformationsPersonnelles:33)
	at com.kms.katalon.core.main.ScriptEngine.run(ScriptEngine.java:194)
	at com.kms.katalon.core.main.ScriptEngine.runScriptAsRawText(ScriptEngine.java:119)
	at com.kms.katalon.core.main.TestCaseExecutor.runScript(TestCaseExecutor.java:448)
	at com.kms.katalon.core.main.TestCaseExecutor.doExecute(TestCaseExecutor.java:439)
	at com.kms.katalon.core.main.TestCaseExecutor.processExecutionPhase(TestCaseExecutor.java:418)
	at com.kms.katalon.core.main.TestCaseExecutor.accessMainPhase(TestCaseExecutor.java:410)
	at com.kms.katalon.core.main.TestCaseExecutor.execute(TestCaseExecutor.java:285)
	at com.kms.katalon.core.main.TestCaseMain.runTestCase(TestCaseMain.java:144)
	at com.kms.katalon.core.keyword.builtin.CallTestCaseKeyword$_callTestCase_closure1.doCall(CallTestCaseKeyword.groovy:59)
	at com.kms.katalon.core.keyword.builtin.CallTestCaseKeyword$_callTestCase_closure1.call(CallTestCaseKeyword.groovy)
	at com.kms.katalon.core.keyword.internal.KeywordMain.runKeyword(KeywordMain.groovy:75)
	at com.kms.katalon.core.keyword.builtin.CallTestCaseKeyword.callTestCase(CallTestCaseKeyword.groovy:81)
	at com.kms.katalon.core.keyword.builtin.CallTestCaseKeyword.execute(CallTestCaseKeyword.groovy:44)
	at com.kms.katalon.core.keyword.internal.KeywordExecutor.executeKeywordForPlatform(KeywordExecutor.groovy:74)
	at com.kms.katalon.core.keyword.BuiltinKeywords.callTestCase(BuiltinKeywords.groovy:310)
	at com.kazurayam.ksbackyard.HighlightElement$_pandemic_closure1.doCall(HighlightElement.groovy:105)
	at TNR R.TSPT Supp90-Etudiant.run(TNR R.TSPT Supp90-Etudiant:47)
	at com.kms.katalon.core.main.ScriptEngine.run(ScriptEngine.java:194)
	at com.kms.katalon.core.main.ScriptEngine.runScriptAsRawText(ScriptEngine.java:119)
	at com.kms.katalon.core.main.TestCaseExecutor.runScript(TestCaseExecutor.java:448)
	at com.kms.katalon.core.main.TestCaseExecutor.doExecute(TestCaseExecutor.java:439)
	at com.kms.katalon.core.main.TestCaseExecutor.processExecutionPhase(TestCaseExecutor.java:418)
	at com.kms.katalon.core.main.TestCaseExecutor.accessMainPhase(TestCaseExecutor.java:410)
	at com.kms.katalon.core.main.TestCaseExecutor.execute(TestCaseExecutor.java:285)
	at com.kms.katalon.core.common.CommonExecutor.accessTestCaseMainPhase(CommonExecutor.java:65)
	at com.kms.katalon.core.main.TestSuiteExecutor.accessTestSuiteMainPhase(TestSuiteExecutor.java:148)
	at com.kms.katalon.core.main.TestSuiteExecutor.execute(TestSuiteExecutor.java:106)
	at com.kms.katalon.core.main.TestCaseMain.startTestSuite(TestCaseMain.java:187)
	at com.kms.katalon.core.main.TestCaseMain$startTestSuite$0.call(Unknown Source)
	at TempTestSuite1700824657414.run(TempTestSuite1700824657414.groovy:36)
)

2023-11-24 12:20:03 - [MESSAGE][INFO] - Finding Test Object 'Object Repository/Page_InformationPersonnelles_Usager/CheckBox_liensPersonnelsFamiliaux_2_Non'

2023-11-24 12:20:04 - [MESSAGE][INFO] - Checking object

2023-11-24 12:20:04 - [MESSAGE][INFO] - Finding web element from Test Object's properties

2023-11-24 12:20:04 - [MESSAGE][INFO] - Checking timeout

2023-11-24 12:20:04 - [MESSAGE][INFO] - Finding web element with id: 'Object Repository/Page_InformationPersonnelles_Usager/CheckBox_liensPersonnelsFamiliaux_2_Non' located by 'By.xpath: //*[@id="ui-accordiontab-1-content"]/div/div/div[2]/div/anef-input-radio/div/div/fieldset/div/div[2]/p-radiobutton/div/div[2]' in '1' second(s)

2023-11-24 12:20:04 - [MESSAGE][INFO] - Smart Wait Function is triggered

2023-11-24 12:20:04 - [MESSAGE][INFO] - Smart Wait Function is triggered

2023-11-24 12:20:04 - [MESSAGE][INFO] - Smart Wait Function is triggered

2023-11-24 12:20:04 - [MESSAGE][INFO] - Smart Wait Function is triggered

2023-11-24 12:20:04 - [MESSAGE][INFO] - Smart Wait Function is triggered

2023-11-24 12:20:04 - [MESSAGE][INFO] - Smart Wait Function is triggered

2023-11-24 12:20:04 - [MESSAGE][INFO] - Smart Wait Function is triggered

2023-11-24 12:20:04 - [MESSAGE][INFO] - Smart Wait Function is triggered

2023-11-24 12:20:04 - [MESSAGE][INFO] - Smart Wait Function is triggered

2023-11-24 12:20:04 - [MESSAGE][INFO] - Smart Wait Function is triggered

2023-11-24 12:20:04 - [MESSAGE][INFO] - Smart Wait Function is triggered

2023-11-24 12:20:04 - [MESSAGE][INFO] - Smart Wait Function is triggered

2023-11-24 12:20:04 - [MESSAGE][INFO] - Smart Wait Function is triggered

2023-11-24 12:20:04 - [MESSAGE][INFO] - Smart Wait Function is triggered

2023-11-24 12:20:04 - [MESSAGE][INFO] - Smart Wait Function is triggered

2023-11-24 12:20:04 - [MESSAGE][INFO] - Smart Wait Function is triggered

2023-11-24 12:20:04 - [MESSAGE][INFO] - Smart Wait Function is triggered

2023-11-24 12:20:04 - [MESSAGE][INFO] - Smart Wait Function is triggered

2023-11-24 12:20:04 - [MESSAGE][INFO] - Smart Wait Function is triggered

2023-11-24 12:20:04 - [MESSAGE][INFO] - Smart Wait Function is triggered

2023-11-24 12:20:04 - [MESSAGE][INFO] - Smart Wait Function is triggered

2023-11-24 12:20:04 - [MESSAGE][INFO] - Smart Wait Function is triggered

2023-11-24 12:20:04 - [MESSAGE][INFO] - Smart Wait Function is triggered

2023-11-24 12:20:04 - [MESSAGE][INFO] - Smart Wait Function is triggered

2023-11-24 12:20:04 - [MESSAGE][INFO] - Smart Wait Function is triggered

2023-11-24 12:20:04 - [MESSAGE][INFO] - Smart Wait Function is triggered

2023-11-24 12:20:04 - [MESSAGE][INFO] - Smart Wait Function is triggered

2023-11-24 12:20:04 - [MESSAGE][INFO] - Smart Wait Function is triggered

2023-11-24 12:20:04 - [MESSAGE][INFO] - Smart Wait Function is triggered

2023-11-24 12:20:04 - [MESSAGE][INFO] - Smart Wait Function is triggered

2023-11-24 12:20:05 - [MESSAGE][INFO] - Smart Wait Function is triggered

2023-11-24 12:20:05 - [MESSAGE][INFO] - Smart Wait Function is triggered

2023-11-24 12:20:05 - [MESSAGE][INFO] - Smart Wait Function is triggered

2023-11-24 12:20:05 - [MESSAGE][INFO] - Smart Wait Function is triggered

2023-11-24 12:20:05 - [MESSAGE][INFO] - Smart Wait Function is triggered

2023-11-24 12:20:05 - [MESSAGE][INFO] - Smart Wait Function is triggered

2023-11-24 12:20:05 - [MESSAGE][INFO] - Smart Wait Function is triggered

2023-11-24 12:20:05 - [MESSAGE][INFO] - Smart Wait Function is triggered

2023-11-24 12:20:05 - [MESSAGE][INFO] - Smart Wait Function is triggered

2023-11-24 12:20:05 - [MESSAGE][INFO] - Smart Wait Function is triggered

2023-11-24 12:20:05 - [MESSAGE][INFO] - Smart Wait Function is triggered

2023-11-24 12:20:05 - [MESSAGE][INFO] - Smart Wait Function is triggered

2023-11-24 12:20:05 - [MESSAGE][INFO] - Smart Wait Function is triggered

2023-11-24 12:20:05 - [MESSAGE][INFO] - Smart Wait Function is triggered

2023-11-24 12:20:05 - [MESSAGE][INFO] - Smart Wait Function is triggered

2023-11-24 12:20:05 - [MESSAGE][INFO] - Smart Wait Function is triggered

2023-11-24 12:20:05 - [MESSAGE][INFO] - Smart Wait Function is triggered

2023-11-24 12:20:05 - [MESSAGE][INFO] - Smart Wait Function is triggered

2023-11-24 12:20:05 - [MESSAGE][INFO] - Smart Wait Function is triggered

2023-11-24 12:20:05 - [MESSAGE][INFO] - Smart Wait Function is triggered

2023-11-24 12:20:05 - [MESSAGE][INFO] - Smart Wait Function is triggered

2023-11-24 12:20:05 - [MESSAGE][INFO] - Smart Wait Function is triggered

2023-11-24 12:20:05 - [MESSAGE][INFO] - Smart Wait Function is triggered

2023-11-24 12:20:05 - [MESSAGE][INFO] - Smart Wait Function is triggered

2023-11-24 12:20:05 - [MESSAGE][INFO] - Smart Wait Function is triggered

2023-11-24 12:20:05 - [MESSAGE][INFO] - Smart Wait Function is triggered

2023-11-24 12:20:05 - [MESSAGE][INFO] - Smart Wait Function is triggered

2023-11-24 12:20:05 - [MESSAGE][INFO] - Smart Wait Function is triggered

2023-11-24 12:20:05 - [MESSAGE][INFO] - Smart Wait Function is triggered

2023-11-24 12:20:05 - [MESSAGE][INFO] - Smart Wait Function is triggered

2023-11-24 12:20:05 - [MESSAGE][INFO] - Smart Wait Function is triggered

2023-11-24 12:20:05 - [MESSAGE][INFO] - Smart Wait Function is triggered

2023-11-24 12:20:06 - [MESSAGE][INFO] - Smart Wait Function is triggered

2023-11-24 12:20:06 - [MESSAGE][INFO] - Unable to find the element located by 'By.xpath: //*[@id="ui-accordiontab-1-content"]/div/div/div[2]/div/anef-input-radio/div/div/fieldset/div/div[2]/p-radiobutton/div/div[2]'. Please recheck the objects properties to make sure the desired element is located. 

2023-11-24 12:20:06 - [MESSAGE][WARNING] - com.kms.katalon.core.webui.exception.WebElementNotFoundException: Web element with id: 'Object Repository/Page_InformationPersonnelles_Usager/CheckBox_liensPersonnelsFamiliaux_2_Non' located by '//*[@id="ui-accordiontab-1-content"]/div/div/div[2]/div/anef-input-radio/div/div/fieldset/div/div[2]/p-radiobutton/div/div[2]' not found (Root cause: com.kms.katalon.core.exception.StepFailedException: com.kms.katalon.core.webui.exception.WebElementNotFoundException: Web element with id: 'Object Repository/Page_InformationPersonnelles_Usager/CheckBox_liensPersonnelsFamiliaux_2_Non' located by '//*[@id="ui-accordiontab-1-content"]/div/div/div[2]/div/anef-input-radio/div/div/fieldset/div/div[2]/p-radiobutton/div/div[2]' not found
	at com.kms.katalon.core.webui.keyword.internal.WebUIKeywordMain.stepFailed(WebUIKeywordMain.groovy:64)
	at com.kms.katalon.core.webui.keyword.builtin.VerifyElementPresentKeyword$_verifyElementPresent_closure1.doCall(VerifyElementPresentKeyword.groovy:85)
	at com.kms.katalon.core.webui.keyword.builtin.VerifyElementPresentKeyword$_verifyElementPresent_closure1.call(VerifyElementPresentKeyword.groovy)
	at com.kms.katalon.core.webui.keyword.internal.WebUIKeywordMain.runKeyword(WebUIKeywordMain.groovy:20)
	at com.kms.katalon.core.webui.keyword.builtin.VerifyElementPresentKeyword.verifyElementPresent(VerifyElementPresentKeyword.groovy:92)
	at com.kms.katalon.core.webui.keyword.builtin.VerifyElementPresentKeyword.execute(VerifyElementPresentKeyword.groovy:68)
	at com.kms.katalon.core.keyword.internal.KeywordExecutor.executeKeywordForPlatform(KeywordExecutor.groovy:74)
	at com.kms.katalon.core.webui.keyword.WebUiBuiltInKeywords.verifyElementPresent(WebUiBuiltInKeywords.groovy:1448)
	at com.kazurayam.ksbackyard.HighlightElement$_pandemic_closure1.doCall(HighlightElement.groovy:105)
	at FormulaireInformationsPersonnelles.run(FormulaireInformationsPersonnelles:33)
	at com.kms.katalon.core.main.ScriptEngine.run(ScriptEngine.java:194)
	at com.kms.katalon.core.main.ScriptEngine.runScriptAsRawText(ScriptEngine.java:119)
	at com.kms.katalon.core.main.TestCaseExecutor.runScript(TestCaseExecutor.java:448)
	at com.kms.katalon.core.main.TestCaseExecutor.doExecute(TestCaseExecutor.java:439)
	at com.kms.katalon.core.main.TestCaseExecutor.processExecutionPhase(TestCaseExecutor.java:418)
	at com.kms.katalon.core.main.TestCaseExecutor.accessMainPhase(TestCaseExecutor.java:410)
	at com.kms.katalon.core.main.TestCaseExecutor.execute(TestCaseExecutor.java:285)
	at com.kms.katalon.core.main.TestCaseMain.runTestCase(TestCaseMain.java:144)
	at com.kms.katalon.core.keyword.builtin.CallTestCaseKeyword$_callTestCase_closure1.doCall(CallTestCaseKeyword.groovy:59)
	at com.kms.katalon.core.keyword.builtin.CallTestCaseKeyword$_callTestCase_closure1.call(CallTestCaseKeyword.groovy)
	at com.kms.katalon.core.keyword.internal.KeywordMain.runKeyword(KeywordMain.groovy:75)
	at com.kms.katalon.core.keyword.builtin.CallTestCaseKeyword.callTestCase(CallTestCaseKeyword.groovy:81)
	at com.kms.katalon.core.keyword.builtin.CallTestCaseKeyword.execute(CallTestCaseKeyword.groovy:44)
	at com.kms.katalon.core.keyword.internal.KeywordExecutor.executeKeywordForPlatform(KeywordExecutor.groovy:74)
	at com.kms.katalon.core.keyword.BuiltinKeywords.callTestCase(BuiltinKeywords.groovy:310)
	at com.kazurayam.ksbackyard.HighlightElement$_pandemic_closure1.doCall(HighlightElement.groovy:105)
	at TNR R.TSPT Supp90-Etudiant.run(TNR R.TSPT Supp90-Etudiant:47)
	at com.kms.katalon.core.main.ScriptEngine.run(ScriptEngine.java:194)
	at com.kms.katalon.core.main.ScriptEngine.runScriptAsRawText(ScriptEngine.java:119)
	at com.kms.katalon.core.main.TestCaseExecutor.runScript(TestCaseExecutor.java:448)
	at com.kms.katalon.core.main.TestCaseExecutor.doExecute(TestCaseExecutor.java:439)
	at com.kms.katalon.core.main.TestCaseExecutor.processExecutionPhase(TestCaseExecutor.java:418)
	at com.kms.katalon.core.main.TestCaseExecutor.accessMainPhase(TestCaseExecutor.java:410)
	at com.kms.katalon.core.main.TestCaseExecutor.execute(TestCaseExecutor.java:285)
	at com.kms.katalon.core.common.CommonExecutor.accessTestCaseMainPhase(CommonExecutor.java:65)
	at com.kms.katalon.core.main.TestSuiteExecutor.accessTestSuiteMainPhase(TestSuiteExecutor.java:148)
	at com.kms.katalon.core.main.TestSuiteExecutor.execute(TestSuiteExecutor.java:106)
	at com.kms.katalon.core.main.TestCaseMain.startTestSuite(TestCaseMain.java:187)
	at com.kms.katalon.core.main.TestCaseMain$startTestSuite$0.call(Unknown Source)
	at TempTestSuite1700824657414.run(TempTestSuite1700824657414.groovy:36)
)
[[ATTACHMENT|C:\\Users\\ISSAM.RHARBAOUI\\git\\22_11\\ANEF-AutomatizationProject\\Reports\\20231124_121737\\TS_TNR_R.TSPT_Suppo90\\20231124_121737\\1700824806063.png]]

2023-11-24 12:20:06 - [TEST_STEP][PASSED] - delay(2): Delayed 2 second(s)

2023-11-24 12:20:06 - [MESSAGE][INFO] - Delaying browser in 2 second(s)

2023-11-24 12:20:08 - [MESSAGE][PASSED] - Delayed 2 second(s)

2023-11-24 12:20:08 - [TEST_STEP][PASSED] - if (verifyElementPresent(findTestObject("Object Repository/Page_InformationPersonnelles_Usager/CheckBox_DesEnfantsACharge_Non"), 1, OPTIONAL)): null

2023-11-24 12:20:08 - [MESSAGE][INFO] - Finding Test Object 'Object Repository/Page_InformationPersonnelles_Usager/CheckBox_DesEnfantsACharge_Non'

2023-11-24 12:20:08 - [MESSAGE][INFO] - Checking object

2023-11-24 12:20:08 - [MESSAGE][INFO] - Finding web element from Test Object's properties

2023-11-24 12:20:08 - [MESSAGE][INFO] - Checking timeout

2023-11-24 12:20:08 - [MESSAGE][INFO] - Finding web element with id: 'Object Repository/Page_InformationPersonnelles_Usager/CheckBox_DesEnfantsACharge_Non' located by 'By.xpath: //app-demande-ptsq//app-informations-personnelles-shared//app-has-enfants-charge//div//fieldset/div/div[2]/p-radiobutton/div/div[2]/span|//app-demande-visiteur//app-informations-personnelles-shared//app-has-enfants-charge/div/div/anef-input-radio/div/div/fieldset/div/div[2]/p-radiobutton/div/div[2]/span|//app-demande-ptch//app-informations-personnelles-shared//app-has-enfants-charge/div/div/anef-input-radio/div/div/fieldset/div/div[2]/p-radiobutton/div/div[2]/span|//div/app-has-enfants-charge/div/div/anef-input-radio/div/div/fieldset/div/div[2]/p-radiobutton/div/div[2]/span
' in '1' second(s)

2023-11-24 12:20:08 - [MESSAGE][INFO] - Smart Wait Function is triggered

2023-11-24 12:20:08 - [MESSAGE][INFO] - Found 1 web elements with id: 'Object Repository/Page_InformationPersonnelles_Usager/CheckBox_DesEnfantsACharge_Non' located by 'By.xpath: //app-demande-ptsq//app-informations-personnelles-shared//app-has-enfants-charge//div//fieldset/div/div[2]/p-radiobutton/div/div[2]/span|//app-demande-visiteur//app-informations-personnelles-shared//app-has-enfants-charge/div/div/anef-input-radio/div/div/fieldset/div/div[2]/p-radiobutton/div/div[2]/span|//app-demande-ptch//app-informations-personnelles-shared//app-has-enfants-charge/div/div/anef-input-radio/div/div/fieldset/div/div[2]/p-radiobutton/div/div[2]/span|//div/app-has-enfants-charge/div/div/anef-input-radio/div/div/fieldset/div/div[2]/p-radiobutton/div/div[2]/span
' in '1' second(s)

2023-11-24 12:20:08 - [MESSAGE][PASSED] - Object 'Object Repository/Page_InformationPersonnelles_Usager/CheckBox_DesEnfantsACharge_Non' is present

2023-11-24 12:20:08 - [TEST_STEP][PASSED] - check(findTestObject("Object Repository/Page_InformationPersonnelles_Usager/CheckBox_DesEnfantsACharge_Non"), OPTIONAL): Object 'Object Repository/Page_InformationPersonnelles_Usager/CheckBox_DesEnfantsACharge_Non' is checked

2023-11-24 12:20:08 - [MESSAGE][INFO] - Finding Test Object 'Object Repository/Page_InformationPersonnelles_Usager/CheckBox_DesEnfantsACharge_Non'

2023-11-24 12:20:08 - [MESSAGE][INFO] - Checking object

2023-11-24 12:20:08 - [MESSAGE][INFO] - Finding web element from Test Object's properties

2023-11-24 12:20:08 - [MESSAGE][INFO] - Checking timeout

2023-11-24 12:20:08 - [MESSAGE][INFO] - Finding web element with id: 'Object Repository/Page_InformationPersonnelles_Usager/CheckBox_DesEnfantsACharge_Non' located by 'By.xpath: //app-demande-ptsq//app-informations-personnelles-shared//app-has-enfants-charge//div//fieldset/div/div[2]/p-radiobutton/div/div[2]/span|//app-demande-visiteur//app-informations-personnelles-shared//app-has-enfants-charge/div/div/anef-input-radio/div/div/fieldset/div/div[2]/p-radiobutton/div/div[2]/span|//app-demande-ptch//app-informations-personnelles-shared//app-has-enfants-charge/div/div/anef-input-radio/div/div/fieldset/div/div[2]/p-radiobutton/div/div[2]/span|//div/app-has-enfants-charge/div/div/anef-input-radio/div/div/fieldset/div/div[2]/p-radiobutton/div/div[2]/span
' in '5' second(s)

2023-11-24 12:20:08 - [MESSAGE][INFO] - Smart Wait Function is triggered

2023-11-24 12:20:08 - [MESSAGE][INFO] - Found 1 web elements with id: 'Object Repository/Page_InformationPersonnelles_Usager/CheckBox_DesEnfantsACharge_Non' located by 'By.xpath: //app-demande-ptsq//app-informations-personnelles-shared//app-has-enfants-charge//div//fieldset/div/div[2]/p-radiobutton/div/div[2]/span|//app-demande-visiteur//app-informations-personnelles-shared//app-has-enfants-charge/div/div/anef-input-radio/div/div/fieldset/div/div[2]/p-radiobutton/div/div[2]/span|//app-demande-ptch//app-informations-personnelles-shared//app-has-enfants-charge/div/div/anef-input-radio/div/div/fieldset/div/div[2]/p-radiobutton/div/div[2]/span|//div/app-has-enfants-charge/div/div/anef-input-radio/div/div/fieldset/div/div[2]/p-radiobutton/div/div[2]/span
' in '5' second(s)

2023-11-24 12:20:08 - [MESSAGE][INFO] - Checking on bject 'Object Repository/Page_InformationPersonnelles_Usager/CheckBox_DesEnfantsACharge_Non'

2023-11-24 12:20:10 - [MESSAGE][PASSED] - Object 'Object Repository/Page_InformationPersonnelles_Usager/CheckBox_DesEnfantsACharge_Non' is checked

2023-11-24 12:20:10 - [TEST_STEP][PASSED] - delay(2): Delayed 2 second(s)

2023-11-24 12:20:10 - [MESSAGE][INFO] - Delaying browser in 2 second(s)

2023-11-24 12:20:12 - [MESSAGE][PASSED] - Delayed 2 second(s)

2023-11-24 12:20:12 - [TEST_STEP][PASSED] - setText(findTestObject("Object Repository/Page_InformationPersonnelles_Usager/Input_AdresseUsager"), AdresseUsager): Text '2 rue des 3 moulins 77000 melun' is set on object 'Object Repository/Page_InformationPersonnelles_Usager/Input_AdresseUsager'

2023-11-24 12:20:12 - [MESSAGE][INFO] - Finding Test Object 'Object Repository/Page_InformationPersonnelles_Usager/Input_AdresseUsager'

2023-11-24 12:20:12 - [MESSAGE][INFO] - Checking timeout

2023-11-24 12:20:12 - [MESSAGE][INFO] - Finding web element with id: 'Object Repository/Page_InformationPersonnelles_Usager/Input_AdresseUsager' located by 'By.xpath: //app-informations-personnelles//app-adresse-etalab//app-vls-ts-etalab//div/input|//app-informations-personnelles-shared//app-adresse-etalab//app-vls-ts-etalab//div/input' in '20' second(s)

2023-11-24 12:20:12 - [MESSAGE][INFO] - Smart Wait Function is triggered

2023-11-24 12:20:12 - [MESSAGE][INFO] - Found 1 web elements with id: 'Object Repository/Page_InformationPersonnelles_Usager/Input_AdresseUsager' located by 'By.xpath: //app-informations-personnelles//app-adresse-etalab//app-vls-ts-etalab//div/input|//app-informations-personnelles-shared//app-adresse-etalab//app-vls-ts-etalab//div/input' in '20' second(s)

2023-11-24 12:20:12 - [MESSAGE][INFO] - Checking object

2023-11-24 12:20:12 - [MESSAGE][INFO] - Checking text

2023-11-24 12:20:12 - [MESSAGE][INFO] - Finding web element from Test Object's properties

2023-11-24 12:20:12 - [MESSAGE][INFO] - Checking timeout

2023-11-24 12:20:12 - [MESSAGE][INFO] - Finding web element with id: 'Object Repository/Page_InformationPersonnelles_Usager/Input_AdresseUsager' located by 'By.xpath: //app-informations-personnelles//app-adresse-etalab//app-vls-ts-etalab//div/input|//app-informations-personnelles-shared//app-adresse-etalab//app-vls-ts-etalab//div/input' in '5' second(s)

2023-11-24 12:20:12 - [MESSAGE][INFO] - Smart Wait Function is triggered

2023-11-24 12:20:12 - [MESSAGE][INFO] - Found 1 web elements with id: 'Object Repository/Page_InformationPersonnelles_Usager/Input_AdresseUsager' located by 'By.xpath: //app-informations-personnelles//app-adresse-etalab//app-vls-ts-etalab//div/input|//app-informations-personnelles-shared//app-adresse-etalab//app-vls-ts-etalab//div/input' in '5' second(s)

2023-11-24 12:20:12 - [MESSAGE][INFO] - Clearing text of object 'Object Repository/Page_InformationPersonnelles_Usager/Input_AdresseUsager'

2023-11-24 12:20:14 - [MESSAGE][INFO] - Finding web element from Test Object's properties

2023-11-24 12:20:14 - [MESSAGE][INFO] - Checking timeout

2023-11-24 12:20:14 - [MESSAGE][INFO] - Finding web element with id: 'Object Repository/Page_InformationPersonnelles_Usager/Input_AdresseUsager' located by 'By.xpath: //app-informations-personnelles//app-adresse-etalab//app-vls-ts-etalab//div/input|//app-informations-personnelles-shared//app-adresse-etalab//app-vls-ts-etalab//div/input' in '5' second(s)

2023-11-24 12:20:14 - [MESSAGE][INFO] - Smart Wait Function is triggered

2023-11-24 12:20:14 - [MESSAGE][INFO] - Found 1 web elements with id: 'Object Repository/Page_InformationPersonnelles_Usager/Input_AdresseUsager' located by 'By.xpath: //app-informations-personnelles//app-adresse-etalab//app-vls-ts-etalab//div/input|//app-informations-personnelles-shared//app-adresse-etalab//app-vls-ts-etalab//div/input' in '5' second(s)

2023-11-24 12:20:14 - [MESSAGE][INFO] - Setting text of object 'Object Repository/Page_InformationPersonnelles_Usager/Input_AdresseUsager' to value '2 rue des 3 moulins 77000 melun'

2023-11-24 12:20:17 - [MESSAGE][PASSED] - Text '2 rue des 3 moulins 77000 melun' is set on object 'Object Repository/Page_InformationPersonnelles_Usager/Input_AdresseUsager'

2023-11-24 12:20:17 - [TEST_STEP][PASSED] - delay(2): Delayed 2 second(s)

2023-11-24 12:20:17 - [MESSAGE][INFO] - Delaying browser in 2 second(s)

2023-11-24 12:20:19 - [MESSAGE][PASSED] - Delayed 2 second(s)

2023-11-24 12:20:19 - [TEST_STEP][PASSED] - setText(findTestObject("Object Repository/Page_InformationPersonnelles_Usager/Input_NumeroDeTelephone"), NumeroTelephoneUsager): Text '0911223344' is set on object 'Object Repository/Page_InformationPersonnelles_Usager/Input_NumeroDeTelephone'

2023-11-24 12:20:19 - [MESSAGE][INFO] - Finding Test Object 'Object Repository/Page_InformationPersonnelles_Usager/Input_NumeroDeTelephone'

2023-11-24 12:20:19 - [MESSAGE][INFO] - Checking timeout

2023-11-24 12:20:19 - [MESSAGE][INFO] - Finding web element with id: 'Object Repository/Page_InformationPersonnelles_Usager/Input_NumeroDeTelephone' located by 'By.xpath: //*[@aria-labelledby="TELEPHONE_PORTABLE-label"]' in '20' second(s)

2023-11-24 12:20:19 - [MESSAGE][INFO] - Smart Wait Function is triggered

2023-11-24 12:20:19 - [MESSAGE][INFO] - Found 1 web elements with id: 'Object Repository/Page_InformationPersonnelles_Usager/Input_NumeroDeTelephone' located by 'By.xpath: //*[@aria-labelledby="TELEPHONE_PORTABLE-label"]' in '20' second(s)

2023-11-24 12:20:19 - [MESSAGE][INFO] - Checking object

2023-11-24 12:20:19 - [MESSAGE][INFO] - Checking text

2023-11-24 12:20:19 - [MESSAGE][INFO] - Finding web element from Test Object's properties

2023-11-24 12:20:19 - [MESSAGE][INFO] - Checking timeout

2023-11-24 12:20:19 - [MESSAGE][INFO] - Finding web element with id: 'Object Repository/Page_InformationPersonnelles_Usager/Input_NumeroDeTelephone' located by 'By.xpath: //*[@aria-labelledby="TELEPHONE_PORTABLE-label"]' in '5' second(s)

2023-11-24 12:20:19 - [MESSAGE][INFO] - Smart Wait Function is triggered

2023-11-24 12:20:19 - [MESSAGE][INFO] - Found 1 web elements with id: 'Object Repository/Page_InformationPersonnelles_Usager/Input_NumeroDeTelephone' located by 'By.xpath: //*[@aria-labelledby="TELEPHONE_PORTABLE-label"]' in '5' second(s)

2023-11-24 12:20:19 - [MESSAGE][INFO] - Clearing text of object 'Object Repository/Page_InformationPersonnelles_Usager/Input_NumeroDeTelephone'

2023-11-24 12:20:21 - [MESSAGE][INFO] - Finding web element from Test Object's properties

2023-11-24 12:20:21 - [MESSAGE][INFO] - Checking timeout

2023-11-24 12:20:21 - [MESSAGE][INFO] - Finding web element with id: 'Object Repository/Page_InformationPersonnelles_Usager/Input_NumeroDeTelephone' located by 'By.xpath: //*[@aria-labelledby="TELEPHONE_PORTABLE-label"]' in '5' second(s)

2023-11-24 12:20:21 - [MESSAGE][INFO] - Smart Wait Function is triggered

2023-11-24 12:20:21 - [MESSAGE][INFO] - Found 1 web elements with id: 'Object Repository/Page_InformationPersonnelles_Usager/Input_NumeroDeTelephone' located by 'By.xpath: //*[@aria-labelledby="TELEPHONE_PORTABLE-label"]' in '5' second(s)

2023-11-24 12:20:21 - [MESSAGE][INFO] - Setting text of object 'Object Repository/Page_InformationPersonnelles_Usager/Input_NumeroDeTelephone' to value '0911223344'

2023-11-24 12:20:23 - [MESSAGE][PASSED] - Text '0911223344' is set on object 'Object Repository/Page_InformationPersonnelles_Usager/Input_NumeroDeTelephone'

2023-11-24 12:20:23 - [TEST_STEP][PASSED] - click(findTestObject("Object Repository/Page_DemarcheRenouvellement/btn_EnregistrerEtPoursuivre")): Object: 'Object Repository/Page_DemarcheRenouvellement/btn_EnregistrerEtPoursuivre' is clicked on

2023-11-24 12:20:23 - [MESSAGE][INFO] - Finding Test Object 'Object Repository/Page_DemarcheRenouvellement/btn_EnregistrerEtPoursuivre'

2023-11-24 12:20:23 - [MESSAGE][INFO] - Checking timeout

2023-11-24 12:20:23 - [MESSAGE][INFO] - Finding web element with id: 'Object Repository/Page_DemarcheRenouvellement/btn_EnregistrerEtPoursuivre' located by 'By.xpath: //span[text()='Enregistrer et poursuivre >']' in '20' second(s)

2023-11-24 12:20:23 - [MESSAGE][INFO] - Smart Wait Function is triggered

2023-11-24 12:20:23 - [MESSAGE][INFO] - Found 1 web elements with id: 'Object Repository/Page_DemarcheRenouvellement/btn_EnregistrerEtPoursuivre' located by 'By.xpath: //span[text()='Enregistrer et poursuivre >']' in '20' second(s)

2023-11-24 12:20:23 - [MESSAGE][INFO] - Checking object

2023-11-24 12:20:23 - [MESSAGE][INFO] - Checking timeout

2023-11-24 12:20:23 - [MESSAGE][INFO] - Finding web element from Test Object's properties

2023-11-24 12:20:23 - [MESSAGE][INFO] - Checking timeout

2023-11-24 12:20:23 - [MESSAGE][INFO] - Finding web element with id: 'Object Repository/Page_DemarcheRenouvellement/btn_EnregistrerEtPoursuivre' located by 'By.xpath: //span[text()='Enregistrer et poursuivre >']' in '5' second(s)

2023-11-24 12:20:23 - [MESSAGE][INFO] - Smart Wait Function is triggered

2023-11-24 12:20:23 - [MESSAGE][INFO] - Found 1 web elements with id: 'Object Repository/Page_DemarcheRenouvellement/btn_EnregistrerEtPoursuivre' located by 'By.xpath: //span[text()='Enregistrer et poursuivre >']' in '5' second(s)

2023-11-24 12:20:23 - [MESSAGE][INFO] - Clicking on object: 'Object Repository/Page_DemarcheRenouvellement/btn_EnregistrerEtPoursuivre'

2023-11-24 12:20:25 - [MESSAGE][PASSED] - Object: 'Object Repository/Page_DemarcheRenouvellement/btn_EnregistrerEtPoursuivre' is clicked on

2023-11-24 12:20:25 - [MESSAGE][PASSED] - Call Test Case 'Test Cases/Test Reutilisable/DemandeOuRenouvelle_TitreSejour/FormulaireInformationsPersonnelles' successfully

2023-11-24 12:20:25 - [TEST_STEP][PASSED] - callTestCase(findTestCase("Test Reutilisable/DemandeOuRenouvelle_TitreSejour/FormulaireMotifDeLaDemande"), ["TypeTitreDeSejour":TypeTitreDeSejour, "Titre":Titre], STOP_ON_FAILURE): Call Test Case 'Test Cases/Test Reutilisable/DemandeOuRenouvelle_TitreSejour/FormulaireMotifDeLaDemande' successfully

2023-11-24 12:20:25 - [MESSAGE][INFO] - Checking called Test Case

2023-11-24 12:20:25 - [MESSAGE][INFO] - Starting to call Test Case 'Test Cases/Test Reutilisable/DemandeOuRenouvelle_TitreSejour/FormulaireMotifDeLaDemande'

2023-11-24 12:20:25 - [TEST_CASE][PASSED] - Test Cases/Test Reutilisable/DemandeOuRenouvelle_TitreSejour/FormulaireMotifDeLaDemande: Test Cases/Test Reutilisable/DemandeOuRenouvelle_TitreSejour/FormulaireMotifDeLaDemande

2023-11-24 12:20:27 - [TEST_STEP][PASSED] - com.kazurayam.ksbackyard.HighlightElement.pandemic(): com.kazurayam.ksbackyard.HighlightElement.pandemic is PASSED

2023-11-24 12:20:27 - [MESSAGE][PASSED] - com.kazurayam.ksbackyard.HighlightElement.pandemic is PASSED

2023-11-24 12:20:27 - [TEST_STEP][PASSED] - if (TypeTitreDeSejour == "RenouvellementDeTitreSejour" && Titre == "Etudiant"): null

2023-11-24 12:20:27 - [TEST_STEP][PASSED] - if (TypeTitreDeSejour == "Visiteur" && Titre == "Etudiant" || TypeTitreDeSejour == "RenouvellementDeTitreSejour" && Titre == "Visiteur"): null

2023-11-24 12:20:27 - [TEST_STEP][PASSED] - if (TypeTitreDeSejour == "TS-PT-SalarieQualifie" && Titre == "Visiteur" || Titre == "Etudiant"): null

2023-11-24 12:20:27 - [TEST_STEP][PASSED] - if (TypeTitreDeSejour == "TS-PT-SalarieEntrepriseInnovante" && Titre == "Visiteur" || Titre == "Etudiant"): null

2023-11-24 12:20:27 - [TEST_STEP][PASSED] - if (TypeTitreDeSejour == "TS-PT-CarteBleueEuropeenne" && Titre == "Visiteur" || Titre == "Etudiant"): null

2023-11-24 12:20:27 - [TEST_STEP][PASSED] - if (TypeTitreDeSejour == "TS-PT-SalarieEnMission" && Titre == "Visiteur" || Titre == "Etudiant"): null

2023-11-24 12:20:27 - [TEST_STEP][PASSED] - if (TypeTitreDeSejour == "ChercheurEtChercheurEnMobilite" && Titre == "Visiteur" || Titre == "Etudiant"): Delayed 2 second(s)

2023-11-24 12:20:27 - [TEST_STEP][PASSED] - setText(findTestObject("Object Repository/Page_MotifDeLaDemande_Usager/Input_IntituleDuDiplome"), "Intitulé du diplôme "): Text 'Intitulé du diplôme ' is set on object 'Object Repository/Page_MotifDeLaDemande_Usager/Input_IntituleDuDiplome'

2023-11-24 12:20:27 - [MESSAGE][INFO] - Finding Test Object 'Object Repository/Page_MotifDeLaDemande_Usager/Input_IntituleDuDiplome'

2023-11-24 12:20:27 - [MESSAGE][INFO] - Checking timeout

2023-11-24 12:20:27 - [MESSAGE][INFO] - Finding web element with id: 'Object Repository/Page_MotifDeLaDemande_Usager/Input_IntituleDuDiplome' located by 'By.xpath: //div[2]/div/div/div[1]/div/div/div/app-indent-wrapper/app-information-relatives-qualification/div/div[1]/div/anef-input-text/div/div/div[1]/div/input|//app-demande-ptch/div/div[3]/app-motif-sejour-ptch//app-information-relatives-chercheur/div[1]/div/anef-input-text/div/div/div[1]/div/input' in '20' second(s)

2023-11-24 12:20:27 - [MESSAGE][INFO] - Smart Wait Function is triggered

2023-11-24 12:20:27 - [MESSAGE][INFO] - Found 1 web elements with id: 'Object Repository/Page_MotifDeLaDemande_Usager/Input_IntituleDuDiplome' located by 'By.xpath: //div[2]/div/div/div[1]/div/div/div/app-indent-wrapper/app-information-relatives-qualification/div/div[1]/div/anef-input-text/div/div/div[1]/div/input|//app-demande-ptch/div/div[3]/app-motif-sejour-ptch//app-information-relatives-chercheur/div[1]/div/anef-input-text/div/div/div[1]/div/input' in '20' second(s)

2023-11-24 12:20:27 - [MESSAGE][INFO] - Checking object

2023-11-24 12:20:27 - [MESSAGE][INFO] - Checking text

2023-11-24 12:20:27 - [MESSAGE][INFO] - Finding web element from Test Object's properties

2023-11-24 12:20:27 - [MESSAGE][INFO] - Checking timeout

2023-11-24 12:20:27 - [MESSAGE][INFO] - Finding web element with id: 'Object Repository/Page_MotifDeLaDemande_Usager/Input_IntituleDuDiplome' located by 'By.xpath: //div[2]/div/div/div[1]/div/div/div/app-indent-wrapper/app-information-relatives-qualification/div/div[1]/div/anef-input-text/div/div/div[1]/div/input|//app-demande-ptch/div/div[3]/app-motif-sejour-ptch//app-information-relatives-chercheur/div[1]/div/anef-input-text/div/div/div[1]/div/input' in '5' second(s)

2023-11-24 12:20:27 - [MESSAGE][INFO] - Smart Wait Function is triggered

2023-11-24 12:20:27 - [MESSAGE][INFO] - Found 1 web elements with id: 'Object Repository/Page_MotifDeLaDemande_Usager/Input_IntituleDuDiplome' located by 'By.xpath: //div[2]/div/div/div[1]/div/div/div/app-indent-wrapper/app-information-relatives-qualification/div/div[1]/div/anef-input-text/div/div/div[1]/div/input|//app-demande-ptch/div/div[3]/app-motif-sejour-ptch//app-information-relatives-chercheur/div[1]/div/anef-input-text/div/div/div[1]/div/input' in '5' second(s)

2023-11-24 12:20:27 - [MESSAGE][INFO] - Clearing text of object 'Object Repository/Page_MotifDeLaDemande_Usager/Input_IntituleDuDiplome'

2023-11-24 12:20:29 - [MESSAGE][INFO] - Finding web element from Test Object's properties

2023-11-24 12:20:29 - [MESSAGE][INFO] - Checking timeout

2023-11-24 12:20:29 - [MESSAGE][INFO] - Finding web element with id: 'Object Repository/Page_MotifDeLaDemande_Usager/Input_IntituleDuDiplome' located by 'By.xpath: //div[2]/div/div/div[1]/div/div/div/app-indent-wrapper/app-information-relatives-qualification/div/div[1]/div/anef-input-text/div/div/div[1]/div/input|//app-demande-ptch/div/div[3]/app-motif-sejour-ptch//app-information-relatives-chercheur/div[1]/div/anef-input-text/div/div/div[1]/div/input' in '5' second(s)

2023-11-24 12:20:29 - [MESSAGE][INFO] - Smart Wait Function is triggered

2023-11-24 12:20:29 - [MESSAGE][INFO] - Found 1 web elements with id: 'Object Repository/Page_MotifDeLaDemande_Usager/Input_IntituleDuDiplome' located by 'By.xpath: //div[2]/div/div/div[1]/div/div/div/app-indent-wrapper/app-information-relatives-qualification/div/div[1]/div/anef-input-text/div/div/div[1]/div/input|//app-demande-ptch/div/div[3]/app-motif-sejour-ptch//app-information-relatives-chercheur/div[1]/div/anef-input-text/div/div/div[1]/div/input' in '5' second(s)

2023-11-24 12:20:29 - [MESSAGE][INFO] - Setting text of object 'Object Repository/Page_MotifDeLaDemande_Usager/Input_IntituleDuDiplome' to value 'Intitulé du diplôme '

2023-11-24 12:20:31 - [MESSAGE][PASSED] - Text 'Intitulé du diplôme ' is set on object 'Object Repository/Page_MotifDeLaDemande_Usager/Input_IntituleDuDiplome'

2023-11-24 12:20:31 - [TEST_STEP][PASSED] - setText(findTestObject("Object Repository/Page_MotifDeLaDemande_Usager/Input_DateDeDelivrance_JJ"), "10"): Text '10' is set on object 'Object Repository/Page_MotifDeLaDemande_Usager/Input_DateDeDelivrance_JJ'

2023-11-24 12:20:31 - [MESSAGE][INFO] - Finding Test Object 'Object Repository/Page_MotifDeLaDemande_Usager/Input_DateDeDelivrance_JJ'

2023-11-24 12:20:31 - [MESSAGE][INFO] - Checking timeout

2023-11-24 12:20:31 - [MESSAGE][INFO] - Finding web element with id: 'Object Repository/Page_MotifDeLaDemande_Usager/Input_DateDeDelivrance_JJ' located by 'By.xpath: //div[2]/div/div/div[1]/div/div/div/app-indent-wrapper/app-information-relatives-qualification/div/div[2]/div/anef-input-date/div/div/fieldset/div/div[1]/div/div/input|//*[@id="JOUR"]' in '20' second(s)

2023-11-24 12:20:31 - [MESSAGE][INFO] - Smart Wait Function is triggered

2023-11-24 12:20:31 - [MESSAGE][INFO] - Found 1 web elements with id: 'Object Repository/Page_MotifDeLaDemande_Usager/Input_DateDeDelivrance_JJ' located by 'By.xpath: //div[2]/div/div/div[1]/div/div/div/app-indent-wrapper/app-information-relatives-qualification/div/div[2]/div/anef-input-date/div/div/fieldset/div/div[1]/div/div/input|//*[@id="JOUR"]' in '20' second(s)

2023-11-24 12:20:31 - [MESSAGE][INFO] - Checking object

2023-11-24 12:20:31 - [MESSAGE][INFO] - Checking text

2023-11-24 12:20:31 - [MESSAGE][INFO] - Finding web element from Test Object's properties

2023-11-24 12:20:31 - [MESSAGE][INFO] - Checking timeout

2023-11-24 12:20:31 - [MESSAGE][INFO] - Finding web element with id: 'Object Repository/Page_MotifDeLaDemande_Usager/Input_DateDeDelivrance_JJ' located by 'By.xpath: //div[2]/div/div/div[1]/div/div/div/app-indent-wrapper/app-information-relatives-qualification/div/div[2]/div/anef-input-date/div/div/fieldset/div/div[1]/div/div/input|//*[@id="JOUR"]' in '5' second(s)

2023-11-24 12:20:31 - [MESSAGE][INFO] - Smart Wait Function is triggered

2023-11-24 12:20:31 - [MESSAGE][INFO] - Found 1 web elements with id: 'Object Repository/Page_MotifDeLaDemande_Usager/Input_DateDeDelivrance_JJ' located by 'By.xpath: //div[2]/div/div/div[1]/div/div/div/app-indent-wrapper/app-information-relatives-qualification/div/div[2]/div/anef-input-date/div/div/fieldset/div/div[1]/div/div/input|//*[@id="JOUR"]' in '5' second(s)

2023-11-24 12:20:31 - [MESSAGE][INFO] - Clearing text of object 'Object Repository/Page_MotifDeLaDemande_Usager/Input_DateDeDelivrance_JJ'

2023-11-24 12:20:33 - [MESSAGE][INFO] - Finding web element from Test Object's properties

2023-11-24 12:20:33 - [MESSAGE][INFO] - Checking timeout

2023-11-24 12:20:33 - [MESSAGE][INFO] - Finding web element with id: 'Object Repository/Page_MotifDeLaDemande_Usager/Input_DateDeDelivrance_JJ' located by 'By.xpath: //div[2]/div/div/div[1]/div/div/div/app-indent-wrapper/app-information-relatives-qualification/div/div[2]/div/anef-input-date/div/div/fieldset/div/div[1]/div/div/input|//*[@id="JOUR"]' in '5' second(s)

2023-11-24 12:20:33 - [MESSAGE][INFO] - Smart Wait Function is triggered

2023-11-24 12:20:34 - [MESSAGE][INFO] - Found 1 web elements with id: 'Object Repository/Page_MotifDeLaDemande_Usager/Input_DateDeDelivrance_JJ' located by 'By.xpath: //div[2]/div/div/div[1]/div/div/div/app-indent-wrapper/app-information-relatives-qualification/div/div[2]/div/anef-input-date/div/div/fieldset/div/div[1]/div/div/input|//*[@id="JOUR"]' in '5' second(s)

2023-11-24 12:20:34 - [MESSAGE][INFO] - Setting text of object 'Object Repository/Page_MotifDeLaDemande_Usager/Input_DateDeDelivrance_JJ' to value '10'

2023-11-24 12:20:36 - [MESSAGE][PASSED] - Text '10' is set on object 'Object Repository/Page_MotifDeLaDemande_Usager/Input_DateDeDelivrance_JJ'

2023-11-24 12:20:36 - [TEST_STEP][PASSED] - click(findTestObject("Object Repository/Page_MotifDeLaDemande_Usager/select_DateDeDelivrance_MM")): Object: 'Object Repository/Page_MotifDeLaDemande_Usager/select_DateDeDelivrance_MM' is clicked on

2023-11-24 12:20:36 - [MESSAGE][INFO] - Finding Test Object 'Object Repository/Page_MotifDeLaDemande_Usager/select_DateDeDelivrance_MM'

2023-11-24 12:20:36 - [MESSAGE][INFO] - Checking timeout

2023-11-24 12:20:36 - [MESSAGE][INFO] - Finding web element with id: 'Object Repository/Page_MotifDeLaDemande_Usager/select_DateDeDelivrance_MM' located by 'By.xpath: /html/body/app-root/div/app-portal/main/app-theme-v2/div/app-demande-ptsq/div/div[3]/app-motif-sejour-ptsq/div[2]/div/p-accordion/div/form/p-accordiontab/div[2]/div/div/div[1]/div/div/div/app-indent-wrapper/app-information-relatives-qualification/div/div[2]/div/anef-input-date/div/div/fieldset/div[1]/div[2]/div/div/p-dropdown/div/div[2]|//*[@id="MOIS"]/div/div[2]' in '20' second(s)

2023-11-24 12:20:36 - [MESSAGE][INFO] - Smart Wait Function is triggered

2023-11-24 12:20:36 - [MESSAGE][INFO] - Found 1 web elements with id: 'Object Repository/Page_MotifDeLaDemande_Usager/select_DateDeDelivrance_MM' located by 'By.xpath: /html/body/app-root/div/app-portal/main/app-theme-v2/div/app-demande-ptsq/div/div[3]/app-motif-sejour-ptsq/div[2]/div/p-accordion/div/form/p-accordiontab/div[2]/div/div/div[1]/div/div/div/app-indent-wrapper/app-information-relatives-qualification/div/div[2]/div/anef-input-date/div/div/fieldset/div[1]/div[2]/div/div/p-dropdown/div/div[2]|//*[@id="MOIS"]/div/div[2]' in '20' second(s)

2023-11-24 12:20:36 - [MESSAGE][INFO] - Checking object

2023-11-24 12:20:36 - [MESSAGE][INFO] - Checking timeout

2023-11-24 12:20:36 - [MESSAGE][INFO] - Finding web element from Test Object's properties

2023-11-24 12:20:36 - [MESSAGE][INFO] - Checking timeout

2023-11-24 12:20:36 - [MESSAGE][INFO] - Finding web element with id: 'Object Repository/Page_MotifDeLaDemande_Usager/select_DateDeDelivrance_MM' located by 'By.xpath: /html/body/app-root/div/app-portal/main/app-theme-v2/div/app-demande-ptsq/div/div[3]/app-motif-sejour-ptsq/div[2]/div/p-accordion/div/form/p-accordiontab/div[2]/div/div/div[1]/div/div/div/app-indent-wrapper/app-information-relatives-qualification/div/div[2]/div/anef-input-date/div/div/fieldset/div[1]/div[2]/div/div/p-dropdown/div/div[2]|//*[@id="MOIS"]/div/div[2]' in '5' second(s)

2023-11-24 12:20:36 - [MESSAGE][INFO] - Smart Wait Function is triggered

2023-11-24 12:20:36 - [MESSAGE][INFO] - Found 1 web elements with id: 'Object Repository/Page_MotifDeLaDemande_Usager/select_DateDeDelivrance_MM' located by 'By.xpath: /html/body/app-root/div/app-portal/main/app-theme-v2/div/app-demande-ptsq/div/div[3]/app-motif-sejour-ptsq/div[2]/div/p-accordion/div/form/p-accordiontab/div[2]/div/div/div[1]/div/div/div/app-indent-wrapper/app-information-relatives-qualification/div/div[2]/div/anef-input-date/div/div/fieldset/div[1]/div[2]/div/div/p-dropdown/div/div[2]|//*[@id="MOIS"]/div/div[2]' in '5' second(s)

2023-11-24 12:20:36 - [MESSAGE][INFO] - Clicking on object: 'Object Repository/Page_MotifDeLaDemande_Usager/select_DateDeDelivrance_MM'

2023-11-24 12:20:38 - [MESSAGE][PASSED] - Object: 'Object Repository/Page_MotifDeLaDemande_Usager/select_DateDeDelivrance_MM' is clicked on

2023-11-24 12:20:38 - [TEST_STEP][PASSED] - click(findTestObject("Object Repository/Page_MotifDeLaDemande_Usager/click-select_DateDeDelivrance_MM")): Object: 'Object Repository/Page_MotifDeLaDemande_Usager/click-select_DateDeDelivrance_MM' is clicked on

2023-11-24 12:20:38 - [MESSAGE][INFO] - Finding Test Object 'Object Repository/Page_MotifDeLaDemande_Usager/click-select_DateDeDelivrance_MM'

2023-11-24 12:20:38 - [MESSAGE][INFO] - Checking timeout

2023-11-24 12:20:38 - [MESSAGE][INFO] - Finding web element with id: 'Object Repository/Page_MotifDeLaDemande_Usager/click-select_DateDeDelivrance_MM' located by 'By.xpath: /html/body/app-root/div/app-portal/main/app-theme-v2/div/app-demande-ptsq/div/div[3]/app-motif-sejour-ptsq/div[2]/div/p-accordion/div/form/p-accordiontab/div[2]/div/div/div[1]/div/div/div/app-indent-wrapper/app-information-relatives-qualification/div/div[2]/div/anef-input-date/div/div/fieldset/div[1]/div[2]/div/div/p-dropdown/div/div[5]/div/ul/p-dropdownitem[3]/li/span|//*[@id="MOIS"]/div/div[5]/div/ul/p-dropdownitem[3]/li' in '20' second(s)

2023-11-24 12:20:38 - [MESSAGE][INFO] - Smart Wait Function is triggered

2023-11-24 12:20:38 - [MESSAGE][INFO] - Found 1 web elements with id: 'Object Repository/Page_MotifDeLaDemande_Usager/click-select_DateDeDelivrance_MM' located by 'By.xpath: /html/body/app-root/div/app-portal/main/app-theme-v2/div/app-demande-ptsq/div/div[3]/app-motif-sejour-ptsq/div[2]/div/p-accordion/div/form/p-accordiontab/div[2]/div/div/div[1]/div/div/div/app-indent-wrapper/app-information-relatives-qualification/div/div[2]/div/anef-input-date/div/div/fieldset/div[1]/div[2]/div/div/p-dropdown/div/div[5]/div/ul/p-dropdownitem[3]/li/span|//*[@id="MOIS"]/div/div[5]/div/ul/p-dropdownitem[3]/li' in '20' second(s)

2023-11-24 12:20:38 - [MESSAGE][INFO] - Checking object

2023-11-24 12:20:38 - [MESSAGE][INFO] - Checking timeout

2023-11-24 12:20:38 - [MESSAGE][INFO] - Finding web element from Test Object's properties

2023-11-24 12:20:38 - [MESSAGE][INFO] - Checking timeout

2023-11-24 12:20:38 - [MESSAGE][INFO] - Finding web element with id: 'Object Repository/Page_MotifDeLaDemande_Usager/click-select_DateDeDelivrance_MM' located by 'By.xpath: /html/body/app-root/div/app-portal/main/app-theme-v2/div/app-demande-ptsq/div/div[3]/app-motif-sejour-ptsq/div[2]/div/p-accordion/div/form/p-accordiontab/div[2]/div/div/div[1]/div/div/div/app-indent-wrapper/app-information-relatives-qualification/div/div[2]/div/anef-input-date/div/div/fieldset/div[1]/div[2]/div/div/p-dropdown/div/div[5]/div/ul/p-dropdownitem[3]/li/span|//*[@id="MOIS"]/div/div[5]/div/ul/p-dropdownitem[3]/li' in '5' second(s)

2023-11-24 12:20:38 - [MESSAGE][INFO] - Smart Wait Function is triggered

2023-11-24 12:20:38 - [MESSAGE][INFO] - Found 1 web elements with id: 'Object Repository/Page_MotifDeLaDemande_Usager/click-select_DateDeDelivrance_MM' located by 'By.xpath: /html/body/app-root/div/app-portal/main/app-theme-v2/div/app-demande-ptsq/div/div[3]/app-motif-sejour-ptsq/div[2]/div/p-accordion/div/form/p-accordiontab/div[2]/div/div/div[1]/div/div/div/app-indent-wrapper/app-information-relatives-qualification/div/div[2]/div/anef-input-date/div/div/fieldset/div[1]/div[2]/div/div/p-dropdown/div/div[5]/div/ul/p-dropdownitem[3]/li/span|//*[@id="MOIS"]/div/div[5]/div/ul/p-dropdownitem[3]/li' in '5' second(s)

2023-11-24 12:20:38 - [MESSAGE][INFO] - Clicking on object: 'Object Repository/Page_MotifDeLaDemande_Usager/click-select_DateDeDelivrance_MM'

2023-11-24 12:20:40 - [MESSAGE][PASSED] - Object: 'Object Repository/Page_MotifDeLaDemande_Usager/click-select_DateDeDelivrance_MM' is clicked on

2023-11-24 12:20:40 - [TEST_STEP][PASSED] - setText(findTestObject("Object Repository/Page_MotifDeLaDemande_Usager/Input_DateDeDelivrance_AAAA"), "2010"): Text '2010' is set on object 'Object Repository/Page_MotifDeLaDemande_Usager/Input_DateDeDelivrance_AAAA'

2023-11-24 12:20:40 - [MESSAGE][INFO] - Finding Test Object 'Object Repository/Page_MotifDeLaDemande_Usager/Input_DateDeDelivrance_AAAA'

2023-11-24 12:20:40 - [MESSAGE][INFO] - Checking timeout

2023-11-24 12:20:40 - [MESSAGE][INFO] - Finding web element with id: 'Object Repository/Page_MotifDeLaDemande_Usager/Input_DateDeDelivrance_AAAA' located by 'By.xpath: //div/form/p-accordiontab/div[2]/div/div/div[1]/div/div/div/app-indent-wrapper/app-information-relatives-qualification/div/div[2]/div/anef-input-date/div/div/fieldset/div/div[3]/div/div/input|//*[@id="ANNEE"]' in '20' second(s)

2023-11-24 12:20:40 - [MESSAGE][INFO] - Smart Wait Function is triggered

2023-11-24 12:20:40 - [MESSAGE][INFO] - Found 1 web elements with id: 'Object Repository/Page_MotifDeLaDemande_Usager/Input_DateDeDelivrance_AAAA' located by 'By.xpath: //div/form/p-accordiontab/div[2]/div/div/div[1]/div/div/div/app-indent-wrapper/app-information-relatives-qualification/div/div[2]/div/anef-input-date/div/div/fieldset/div/div[3]/div/div/input|//*[@id="ANNEE"]' in '20' second(s)

2023-11-24 12:20:40 - [MESSAGE][INFO] - Checking object

2023-11-24 12:20:40 - [MESSAGE][INFO] - Checking text

2023-11-24 12:20:40 - [MESSAGE][INFO] - Finding web element from Test Object's properties

2023-11-24 12:20:40 - [MESSAGE][INFO] - Checking timeout

2023-11-24 12:20:40 - [MESSAGE][INFO] - Finding web element with id: 'Object Repository/Page_MotifDeLaDemande_Usager/Input_DateDeDelivrance_AAAA' located by 'By.xpath: //div/form/p-accordiontab/div[2]/div/div/div[1]/div/div/div/app-indent-wrapper/app-information-relatives-qualification/div/div[2]/div/anef-input-date/div/div/fieldset/div/div[3]/div/div/input|//*[@id="ANNEE"]' in '5' second(s)

2023-11-24 12:20:40 - [MESSAGE][INFO] - Smart Wait Function is triggered

2023-11-24 12:20:40 - [MESSAGE][INFO] - Found 1 web elements with id: 'Object Repository/Page_MotifDeLaDemande_Usager/Input_DateDeDelivrance_AAAA' located by 'By.xpath: //div/form/p-accordiontab/div[2]/div/div/div[1]/div/div/div/app-indent-wrapper/app-information-relatives-qualification/div/div[2]/div/anef-input-date/div/div/fieldset/div/div[3]/div/div/input|//*[@id="ANNEE"]' in '5' second(s)

2023-11-24 12:20:40 - [MESSAGE][INFO] - Clearing text of object 'Object Repository/Page_MotifDeLaDemande_Usager/Input_DateDeDelivrance_AAAA'

2023-11-24 12:20:42 - [MESSAGE][INFO] - Finding web element from Test Object's properties

2023-11-24 12:20:42 - [MESSAGE][INFO] - Checking timeout

2023-11-24 12:20:42 - [MESSAGE][INFO] - Finding web element with id: 'Object Repository/Page_MotifDeLaDemande_Usager/Input_DateDeDelivrance_AAAA' located by 'By.xpath: //div/form/p-accordiontab/div[2]/div/div/div[1]/div/div/div/app-indent-wrapper/app-information-relatives-qualification/div/div[2]/div/anef-input-date/div/div/fieldset/div/div[3]/div/div/input|//*[@id="ANNEE"]' in '5' second(s)

2023-11-24 12:20:42 - [MESSAGE][INFO] - Smart Wait Function is triggered

2023-11-24 12:20:42 - [MESSAGE][INFO] - Found 1 web elements with id: 'Object Repository/Page_MotifDeLaDemande_Usager/Input_DateDeDelivrance_AAAA' located by 'By.xpath: //div/form/p-accordiontab/div[2]/div/div/div[1]/div/div/div/app-indent-wrapper/app-information-relatives-qualification/div/div[2]/div/anef-input-date/div/div/fieldset/div/div[3]/div/div/input|//*[@id="ANNEE"]' in '5' second(s)

2023-11-24 12:20:42 - [MESSAGE][INFO] - Setting text of object 'Object Repository/Page_MotifDeLaDemande_Usager/Input_DateDeDelivrance_AAAA' to value '2010'

2023-11-24 12:20:44 - [MESSAGE][PASSED] - Text '2010' is set on object 'Object Repository/Page_MotifDeLaDemande_Usager/Input_DateDeDelivrance_AAAA'

2023-11-24 12:20:44 - [TEST_STEP][PASSED] - setText(findTestObject("Object Repository/Page_MotifDeLaDemande_Usager/Input_EtablissementDeDelivrance"), "Établissement De Délivrance"): Text 'Établissement De Délivrance' is set on object 'Object Repository/Page_MotifDeLaDemande_Usager/Input_EtablissementDeDelivrance'

2023-11-24 12:20:44 - [MESSAGE][INFO] - Finding Test Object 'Object Repository/Page_MotifDeLaDemande_Usager/Input_EtablissementDeDelivrance'

2023-11-24 12:20:45 - [MESSAGE][INFO] - Checking timeout

2023-11-24 12:20:45 - [MESSAGE][INFO] - Finding web element with id: 'Object Repository/Page_MotifDeLaDemande_Usager/Input_EtablissementDeDelivrance' located by 'By.xpath: //*[@aria-labelledby="ETABLISSEMENT_DELIVRANCE-label"]' in '20' second(s)

2023-11-24 12:20:45 - [MESSAGE][INFO] - Smart Wait Function is triggered

2023-11-24 12:20:45 - [MESSAGE][INFO] - Found 1 web elements with id: 'Object Repository/Page_MotifDeLaDemande_Usager/Input_EtablissementDeDelivrance' located by 'By.xpath: //*[@aria-labelledby="ETABLISSEMENT_DELIVRANCE-label"]' in '20' second(s)

2023-11-24 12:20:45 - [MESSAGE][INFO] - Checking object

2023-11-24 12:20:45 - [MESSAGE][INFO] - Checking text

2023-11-24 12:20:45 - [MESSAGE][INFO] - Finding web element from Test Object's properties

2023-11-24 12:20:45 - [MESSAGE][INFO] - Checking timeout

2023-11-24 12:20:45 - [MESSAGE][INFO] - Finding web element with id: 'Object Repository/Page_MotifDeLaDemande_Usager/Input_EtablissementDeDelivrance' located by 'By.xpath: //*[@aria-labelledby="ETABLISSEMENT_DELIVRANCE-label"]' in '5' second(s)

2023-11-24 12:20:45 - [MESSAGE][INFO] - Smart Wait Function is triggered

2023-11-24 12:20:45 - [MESSAGE][INFO] - Found 1 web elements with id: 'Object Repository/Page_MotifDeLaDemande_Usager/Input_EtablissementDeDelivrance' located by 'By.xpath: //*[@aria-labelledby="ETABLISSEMENT_DELIVRANCE-label"]' in '5' second(s)

2023-11-24 12:20:45 - [MESSAGE][INFO] - Clearing text of object 'Object Repository/Page_MotifDeLaDemande_Usager/Input_EtablissementDeDelivrance'

2023-11-24 12:20:47 - [MESSAGE][INFO] - Finding web element from Test Object's properties

2023-11-24 12:20:47 - [MESSAGE][INFO] - Checking timeout

2023-11-24 12:20:47 - [MESSAGE][INFO] - Finding web element with id: 'Object Repository/Page_MotifDeLaDemande_Usager/Input_EtablissementDeDelivrance' located by 'By.xpath: //*[@aria-labelledby="ETABLISSEMENT_DELIVRANCE-label"]' in '5' second(s)

2023-11-24 12:20:47 - [MESSAGE][INFO] - Smart Wait Function is triggered

2023-11-24 12:20:47 - [MESSAGE][INFO] - Found 1 web elements with id: 'Object Repository/Page_MotifDeLaDemande_Usager/Input_EtablissementDeDelivrance' located by 'By.xpath: //*[@aria-labelledby="ETABLISSEMENT_DELIVRANCE-label"]' in '5' second(s)

2023-11-24 12:20:47 - [MESSAGE][INFO] - Setting text of object 'Object Repository/Page_MotifDeLaDemande_Usager/Input_EtablissementDeDelivrance' to value 'Établissement De Délivrance'

2023-11-24 12:20:49 - [MESSAGE][PASSED] - Text 'Établissement De Délivrance' is set on object 'Object Repository/Page_MotifDeLaDemande_Usager/Input_EtablissementDeDelivrance'

2023-11-24 12:20:49 - [TEST_STEP][PASSED] - "INFORMATIONS RELATIVES À L’ACTIVITÉ DE RECHERCHE :": null

2023-11-24 12:20:49 - [TEST_STEP][PASSED] - setText(findTestObject("Object Repository/Page_MotifDeLaDemande_Usager/input_OrganismeDAccueil"), "Organisme Accueil"): Text 'Organisme Accueil' is set on object 'Object Repository/Page_MotifDeLaDemande_Usager/input_OrganismeDAccueil'

2023-11-24 12:20:49 - [MESSAGE][INFO] - Finding Test Object 'Object Repository/Page_MotifDeLaDemande_Usager/input_OrganismeDAccueil'

2023-11-24 12:20:49 - [MESSAGE][INFO] - Checking timeout

2023-11-24 12:20:49 - [MESSAGE][INFO] - Finding web element with id: 'Object Repository/Page_MotifDeLaDemande_Usager/input_OrganismeDAccueil' located by 'By.xpath: /html/body/app-root/div/app-portal/main/app-theme-v2/div/app-demande-ptch/div/div[3]/app-motif-sejour-ptch/div[2]/div/p-accordion/div/form/p-accordiontab/div[2]/div/app-information-relatives-activite-recherche/div[1]/div/anef-input-text/div/div/div[1]/div/input' in '20' second(s)

2023-11-24 12:20:49 - [MESSAGE][INFO] - Smart Wait Function is triggered

2023-11-24 12:20:49 - [MESSAGE][INFO] - Found 1 web elements with id: 'Object Repository/Page_MotifDeLaDemande_Usager/input_OrganismeDAccueil' located by 'By.xpath: /html/body/app-root/div/app-portal/main/app-theme-v2/div/app-demande-ptch/div/div[3]/app-motif-sejour-ptch/div[2]/div/p-accordion/div/form/p-accordiontab/div[2]/div/app-information-relatives-activite-recherche/div[1]/div/anef-input-text/div/div/div[1]/div/input' in '20' second(s)

2023-11-24 12:20:49 - [MESSAGE][INFO] - Checking object

2023-11-24 12:20:49 - [MESSAGE][INFO] - Checking text

2023-11-24 12:20:49 - [MESSAGE][INFO] - Finding web element from Test Object's properties

2023-11-24 12:20:49 - [MESSAGE][INFO] - Checking timeout

2023-11-24 12:20:49 - [MESSAGE][INFO] - Finding web element with id: 'Object Repository/Page_MotifDeLaDemande_Usager/input_OrganismeDAccueil' located by 'By.xpath: /html/body/app-root/div/app-portal/main/app-theme-v2/div/app-demande-ptch/div/div[3]/app-motif-sejour-ptch/div[2]/div/p-accordion/div/form/p-accordiontab/div[2]/div/app-information-relatives-activite-recherche/div[1]/div/anef-input-text/div/div/div[1]/div/input' in '5' second(s)

2023-11-24 12:20:49 - [MESSAGE][INFO] - Smart Wait Function is triggered

2023-11-24 12:20:49 - [MESSAGE][INFO] - Found 1 web elements with id: 'Object Repository/Page_MotifDeLaDemande_Usager/input_OrganismeDAccueil' located by 'By.xpath: /html/body/app-root/div/app-portal/main/app-theme-v2/div/app-demande-ptch/div/div[3]/app-motif-sejour-ptch/div[2]/div/p-accordion/div/form/p-accordiontab/div[2]/div/app-information-relatives-activite-recherche/div[1]/div/anef-input-text/div/div/div[1]/div/input' in '5' second(s)

2023-11-24 12:20:49 - [MESSAGE][INFO] - Clearing text of object 'Object Repository/Page_MotifDeLaDemande_Usager/input_OrganismeDAccueil'

2023-11-24 12:20:51 - [MESSAGE][INFO] - Finding web element from Test Object's properties

2023-11-24 12:20:51 - [MESSAGE][INFO] - Checking timeout

2023-11-24 12:20:51 - [MESSAGE][INFO] - Finding web element with id: 'Object Repository/Page_MotifDeLaDemande_Usager/input_OrganismeDAccueil' located by 'By.xpath: /html/body/app-root/div/app-portal/main/app-theme-v2/div/app-demande-ptch/div/div[3]/app-motif-sejour-ptch/div[2]/div/p-accordion/div/form/p-accordiontab/div[2]/div/app-information-relatives-activite-recherche/div[1]/div/anef-input-text/div/div/div[1]/div/input' in '5' second(s)

2023-11-24 12:20:51 - [MESSAGE][INFO] - Smart Wait Function is triggered

2023-11-24 12:20:51 - [MESSAGE][INFO] - Found 1 web elements with id: 'Object Repository/Page_MotifDeLaDemande_Usager/input_OrganismeDAccueil' located by 'By.xpath: /html/body/app-root/div/app-portal/main/app-theme-v2/div/app-demande-ptch/div/div[3]/app-motif-sejour-ptch/div[2]/div/p-accordion/div/form/p-accordiontab/div[2]/div/app-information-relatives-activite-recherche/div[1]/div/anef-input-text/div/div/div[1]/div/input' in '5' second(s)

2023-11-24 12:20:51 - [MESSAGE][INFO] - Setting text of object 'Object Repository/Page_MotifDeLaDemande_Usager/input_OrganismeDAccueil' to value 'Organisme Accueil'

2023-11-24 12:20:53 - [MESSAGE][PASSED] - Text 'Organisme Accueil' is set on object 'Object Repository/Page_MotifDeLaDemande_Usager/input_OrganismeDAccueil'

2023-11-24 12:20:53 - [TEST_STEP][PASSED] - click(findTestObject("Object Repository/Page_MotifDeLaDemande_Usager/CheckBox_ProgrammeDeMobiliteDansUnionEuropeenne_Non")): Object: 'Object Repository/Page_MotifDeLaDemande_Usager/CheckBox_ProgrammeDeMobiliteDansUnionEuropeenne_Non' is clicked on

2023-11-24 12:20:53 - [MESSAGE][INFO] - Finding Test Object 'Object Repository/Page_MotifDeLaDemande_Usager/CheckBox_ProgrammeDeMobiliteDansUnionEuropeenne_Non'

2023-11-24 12:20:54 - [MESSAGE][INFO] - Checking timeout

2023-11-24 12:20:54 - [MESSAGE][INFO] - Finding web element with id: 'Object Repository/Page_MotifDeLaDemande_Usager/CheckBox_ProgrammeDeMobiliteDansUnionEuropeenne_Non' located by 'By.xpath: //div/app-information-relatives-activite-recherche/div[2]/div/anef-input-radio/div/div/fieldset/div/div[2]/p-radiobutton/div/div[2]/span' in '20' second(s)

2023-11-24 12:20:54 - [MESSAGE][INFO] - Smart Wait Function is triggered

2023-11-24 12:20:54 - [MESSAGE][INFO] - Found 1 web elements with id: 'Object Repository/Page_MotifDeLaDemande_Usager/CheckBox_ProgrammeDeMobiliteDansUnionEuropeenne_Non' located by 'By.xpath: //div/app-information-relatives-activite-recherche/div[2]/div/anef-input-radio/div/div/fieldset/div/div[2]/p-radiobutton/div/div[2]/span' in '20' second(s)

2023-11-24 12:20:54 - [MESSAGE][INFO] - Checking object

2023-11-24 12:20:54 - [MESSAGE][INFO] - Checking timeout

2023-11-24 12:20:54 - [MESSAGE][INFO] - Finding web element from Test Object's properties

2023-11-24 12:20:54 - [MESSAGE][INFO] - Checking timeout

2023-11-24 12:20:54 - [MESSAGE][INFO] - Finding web element with id: 'Object Repository/Page_MotifDeLaDemande_Usager/CheckBox_ProgrammeDeMobiliteDansUnionEuropeenne_Non' located by 'By.xpath: //div/app-information-relatives-activite-recherche/div[2]/div/anef-input-radio/div/div/fieldset/div/div[2]/p-radiobutton/div/div[2]/span' in '5' second(s)

2023-11-24 12:20:54 - [MESSAGE][INFO] - Smart Wait Function is triggered

2023-11-24 12:20:54 - [MESSAGE][INFO] - Found 1 web elements with id: 'Object Repository/Page_MotifDeLaDemande_Usager/CheckBox_ProgrammeDeMobiliteDansUnionEuropeenne_Non' located by 'By.xpath: //div/app-information-relatives-activite-recherche/div[2]/div/anef-input-radio/div/div/fieldset/div/div[2]/p-radiobutton/div/div[2]/span' in '5' second(s)

2023-11-24 12:20:54 - [MESSAGE][INFO] - Clicking on object: 'Object Repository/Page_MotifDeLaDemande_Usager/CheckBox_ProgrammeDeMobiliteDansUnionEuropeenne_Non'

2023-11-24 12:20:56 - [MESSAGE][PASSED] - Object: 'Object Repository/Page_MotifDeLaDemande_Usager/CheckBox_ProgrammeDeMobiliteDansUnionEuropeenne_Non' is clicked on

2023-11-24 12:20:56 - [TEST_STEP][PASSED] - click(findTestObject("Object Repository/Page_MotifDeLaDemande_Usager/Click_Select_NatureDuLienOrganismeAccueil")): Object: 'Object Repository/Page_MotifDeLaDemande_Usager/Click_Select_NatureDuLienOrganismeAccueil' is clicked on

2023-11-24 12:20:56 - [MESSAGE][INFO] - Finding Test Object 'Object Repository/Page_MotifDeLaDemande_Usager/Click_Select_NatureDuLienOrganismeAccueil'

2023-11-24 12:20:56 - [MESSAGE][INFO] - Checking timeout

2023-11-24 12:20:56 - [MESSAGE][INFO] - Finding web element with id: 'Object Repository/Page_MotifDeLaDemande_Usager/Click_Select_NatureDuLienOrganismeAccueil' located by 'By.xpath: //*[@id="NATURE_ORGANISME_ACCUEIL"]/div/div[3]/label' in '20' second(s)

2023-11-24 12:20:56 - [MESSAGE][INFO] - Smart Wait Function is triggered

2023-11-24 12:20:56 - [MESSAGE][INFO] - Found 1 web elements with id: 'Object Repository/Page_MotifDeLaDemande_Usager/Click_Select_NatureDuLienOrganismeAccueil' located by 'By.xpath: //*[@id="NATURE_ORGANISME_ACCUEIL"]/div/div[3]/label' in '20' second(s)

2023-11-24 12:20:56 - [MESSAGE][INFO] - Checking object

2023-11-24 12:20:56 - [MESSAGE][INFO] - Checking timeout

2023-11-24 12:20:56 - [MESSAGE][INFO] - Finding web element from Test Object's properties

2023-11-24 12:20:56 - [MESSAGE][INFO] - Checking timeout

2023-11-24 12:20:56 - [MESSAGE][INFO] - Finding web element with id: 'Object Repository/Page_MotifDeLaDemande_Usager/Click_Select_NatureDuLienOrganismeAccueil' located by 'By.xpath: //*[@id="NATURE_ORGANISME_ACCUEIL"]/div/div[3]/label' in '5' second(s)

2023-11-24 12:20:56 - [MESSAGE][INFO] - Smart Wait Function is triggered

2023-11-24 12:20:56 - [MESSAGE][INFO] - Found 1 web elements with id: 'Object Repository/Page_MotifDeLaDemande_Usager/Click_Select_NatureDuLienOrganismeAccueil' located by 'By.xpath: //*[@id="NATURE_ORGANISME_ACCUEIL"]/div/div[3]/label' in '5' second(s)

2023-11-24 12:20:56 - [MESSAGE][INFO] - Clicking on object: 'Object Repository/Page_MotifDeLaDemande_Usager/Click_Select_NatureDuLienOrganismeAccueil'

2023-11-24 12:20:58 - [MESSAGE][PASSED] - Object: 'Object Repository/Page_MotifDeLaDemande_Usager/Click_Select_NatureDuLienOrganismeAccueil' is clicked on

2023-11-24 12:20:58 - [TEST_STEP][PASSED] - click(findTestObject("Object Repository/Page_MotifDeLaDemande_Usager/Click_Select_Value_NatureDuLienOrganismeAccueil")): Object: 'Object Repository/Page_MotifDeLaDemande_Usager/Click_Select_Value_NatureDuLienOrganismeAccueil' is clicked on

2023-11-24 12:20:58 - [MESSAGE][INFO] - Finding Test Object 'Object Repository/Page_MotifDeLaDemande_Usager/Click_Select_Value_NatureDuLienOrganismeAccueil'

2023-11-24 12:20:58 - [MESSAGE][INFO] - Checking timeout

2023-11-24 12:20:58 - [MESSAGE][INFO] - Finding web element with id: 'Object Repository/Page_MotifDeLaDemande_Usager/Click_Select_Value_NatureDuLienOrganismeAccueil' located by 'By.xpath: //*[@id="NATURE_ORGANISME_ACCUEIL"]/div/div[5]/div/ul/p-dropdownitem[2]/li/span' in '20' second(s)

2023-11-24 12:20:58 - [MESSAGE][INFO] - Smart Wait Function is triggered

2023-11-24 12:20:58 - [MESSAGE][INFO] - Found 1 web elements with id: 'Object Repository/Page_MotifDeLaDemande_Usager/Click_Select_Value_NatureDuLienOrganismeAccueil' located by 'By.xpath: //*[@id="NATURE_ORGANISME_ACCUEIL"]/div/div[5]/div/ul/p-dropdownitem[2]/li/span' in '20' second(s)

2023-11-24 12:20:58 - [MESSAGE][INFO] - Checking object

2023-11-24 12:20:58 - [MESSAGE][INFO] - Checking timeout

2023-11-24 12:20:58 - [MESSAGE][INFO] - Finding web element from Test Object's properties

2023-11-24 12:20:58 - [MESSAGE][INFO] - Checking timeout

2023-11-24 12:20:58 - [MESSAGE][INFO] - Finding web element with id: 'Object Repository/Page_MotifDeLaDemande_Usager/Click_Select_Value_NatureDuLienOrganismeAccueil' located by 'By.xpath: //*[@id="NATURE_ORGANISME_ACCUEIL"]/div/div[5]/div/ul/p-dropdownitem[2]/li/span' in '5' second(s)

2023-11-24 12:20:58 - [MESSAGE][INFO] - Smart Wait Function is triggered

2023-11-24 12:20:58 - [MESSAGE][INFO] - Found 1 web elements with id: 'Object Repository/Page_MotifDeLaDemande_Usager/Click_Select_Value_NatureDuLienOrganismeAccueil' located by 'By.xpath: //*[@id="NATURE_ORGANISME_ACCUEIL"]/div/div[5]/div/ul/p-dropdownitem[2]/li/span' in '5' second(s)

2023-11-24 12:20:58 - [MESSAGE][INFO] - Clicking on object: 'Object Repository/Page_MotifDeLaDemande_Usager/Click_Select_Value_NatureDuLienOrganismeAccueil'

2023-11-24 12:21:00 - [MESSAGE][PASSED] - Object: 'Object Repository/Page_MotifDeLaDemande_Usager/Click_Select_Value_NatureDuLienOrganismeAccueil' is clicked on

2023-11-24 12:21:00 - [TEST_STEP][PASSED] - click(findTestObject("Object Repository/Page_DemarcheRenouvellement/btn_EnregistrerEtPoursuivre")): Object: 'Object Repository/Page_DemarcheRenouvellement/btn_EnregistrerEtPoursuivre' is clicked on

2023-11-24 12:21:00 - [MESSAGE][INFO] - Finding Test Object 'Object Repository/Page_DemarcheRenouvellement/btn_EnregistrerEtPoursuivre'

2023-11-24 12:21:00 - [MESSAGE][INFO] - Checking timeout

2023-11-24 12:21:00 - [MESSAGE][INFO] - Finding web element with id: 'Object Repository/Page_DemarcheRenouvellement/btn_EnregistrerEtPoursuivre' located by 'By.xpath: //span[text()='Enregistrer et poursuivre >']' in '20' second(s)

2023-11-24 12:21:00 - [MESSAGE][INFO] - Smart Wait Function is triggered

2023-11-24 12:21:00 - [MESSAGE][INFO] - Found 1 web elements with id: 'Object Repository/Page_DemarcheRenouvellement/btn_EnregistrerEtPoursuivre' located by 'By.xpath: //span[text()='Enregistrer et poursuivre >']' in '20' second(s)

2023-11-24 12:21:00 - [MESSAGE][INFO] - Checking object

2023-11-24 12:21:00 - [MESSAGE][INFO] - Checking timeout

2023-11-24 12:21:00 - [MESSAGE][INFO] - Finding web element from Test Object's properties

2023-11-24 12:21:00 - [MESSAGE][INFO] - Checking timeout

2023-11-24 12:21:00 - [MESSAGE][INFO] - Finding web element with id: 'Object Repository/Page_DemarcheRenouvellement/btn_EnregistrerEtPoursuivre' located by 'By.xpath: //span[text()='Enregistrer et poursuivre >']' in '5' second(s)

2023-11-24 12:21:00 - [MESSAGE][INFO] - Smart Wait Function is triggered

2023-11-24 12:21:00 - [MESSAGE][INFO] - Found 1 web elements with id: 'Object Repository/Page_DemarcheRenouvellement/btn_EnregistrerEtPoursuivre' located by 'By.xpath: //span[text()='Enregistrer et poursuivre >']' in '5' second(s)

2023-11-24 12:21:00 - [MESSAGE][INFO] - Clicking on object: 'Object Repository/Page_DemarcheRenouvellement/btn_EnregistrerEtPoursuivre'

2023-11-24 12:21:02 - [MESSAGE][PASSED] - Object: 'Object Repository/Page_DemarcheRenouvellement/btn_EnregistrerEtPoursuivre' is clicked on

2023-11-24 12:21:02 - [TEST_STEP][PASSED] - delay(2): Delayed 2 second(s)

2023-11-24 12:21:02 - [MESSAGE][INFO] - Delaying browser in 2 second(s)

2023-11-24 12:21:04 - [MESSAGE][PASSED] - Delayed 2 second(s)

2023-11-24 12:21:04 - [TEST_STEP][PASSED] - if (TypeTitreDeSejour == "FrenchTechVisaForInvestors" && Titre == "Visiteur" || Titre == "Etudiant"): null

2023-11-24 12:21:04 - [TEST_STEP][PASSED] - if (TypeTitreDeSejour == "CreateurDEntreprise" && Titre == "Visiteur" || TypeTitreDeSejour == "CreateurDEntreprise" && Titre == "Etudiant"): null

2023-11-24 12:21:04 - [TEST_STEP][PASSED] - if (TypeTitreDeSejour == "FrenchTechVisaForFounders" && Titre == "Etudiant" || TypeTitreDeSejour == "FrenchTechVisaForFounders" && Titre == "Visiteur"): null

2023-11-24 12:21:04 - [TEST_STEP][PASSED] - if (TypeTitreDeSejour == "MandataireSocial" && Titre == "Etudiant" || TypeTitreDeSejour == "MandataireSocial" && Titre == "Visiteur"): null

2023-11-24 12:21:04 - [TEST_STEP][PASSED] - if (TypeTitreDeSejour == "ArtisteNonSalarie" && Titre == "Etudiant" || TypeTitreDeSejour == "ArtisteNonSalarie" && Titre == "Visiteur"): null

2023-11-24 12:21:04 - [TEST_STEP][PASSED] - if (TypeTitreDeSejour == "ArtisteSalarie" && Titre == "Etudiant" || TypeTitreDeSejour == "ArtisteSalarie" && Titre == "Visiteur"): null

2023-11-24 12:21:04 - [TEST_STEP][PASSED] - if (TypeTitreDeSejour == "MembreDeFamillePasseportTalent_Conjoint" && Titre == "Etudiant" || TypeTitreDeSejour == "MembreDeFamillePasseportTalent_Conjoint" && Titre == "Visiteur"): null

2023-11-24 12:21:04 - [MESSAGE][PASSED] - Call Test Case 'Test Cases/Test Reutilisable/DemandeOuRenouvelle_TitreSejour/FormulaireMotifDeLaDemande' successfully

2023-11-24 12:21:04 - [TEST_STEP][PASSED] - if (TypeTitreDeSejour == "RenouvellementDeTitreSejour" || TypeTitreDeSejour == "Visiteur" && Titre == "Etudiant" || Titre == "Visiteur"): null

2023-11-24 12:21:04 - [TEST_STEP][ERROR] - callTestCase(findTestCase("Test Reutilisable/DemandeOuRenouvelle_TitreSejour/FormulaireJustificatifs"), ["TypeTitreDeSejour":TypeTitreDeSejour, "Titre":Titre, "NumEphoto":NumEphoto], STOP_ON_FAILURE): Test Cases/Cas D Utilisations/Usager Etudiant/TNR R.TSPT Supp90-Etudiant FAILED.
Reason:
com.kms.katalon.core.exception.StepErrorException: Call Test Case 'Test Cases/Test Reutilisable/DemandeOuRenouvelle_TitreSejour/FormulaireJustificatifs' failed because of error(s)
	at com.kms.katalon.core.keyword.builtin.CallTestCaseKeyword$_callTestCase_closure1.doCall(CallTestCaseKeyword.groovy:66)
	at com.kms.katalon.core.keyword.builtin.CallTestCaseKeyword$_callTestCase_closure1.call(CallTestCaseKeyword.groovy)
	at com.kms.katalon.core.keyword.internal.KeywordMain.runKeyword(KeywordMain.groovy:75)
	at com.kms.katalon.core.keyword.builtin.CallTestCaseKeyword.callTestCase(CallTestCaseKeyword.groovy:81)
	at com.kms.katalon.core.keyword.builtin.CallTestCaseKeyword.execute(CallTestCaseKeyword.groovy:44)
	at com.kms.katalon.core.keyword.internal.KeywordExecutor.executeKeywordForPlatform(KeywordExecutor.groovy:74)
	at com.kms.katalon.core.keyword.BuiltinKeywords.callTestCase(BuiltinKeywords.groovy:310)
	at com.kazurayam.ksbackyard.HighlightElement$_pandemic_closure1.doCall(HighlightElement.groovy:105)
	at TNR R.TSPT Supp90-Etudiant.run(TNR R.TSPT Supp90-Etudiant:62)
	at com.kms.katalon.core.main.ScriptEngine.run(ScriptEngine.java:194)
	at com.kms.katalon.core.main.ScriptEngine.runScriptAsRawText(ScriptEngine.java:119)
	at com.kms.katalon.core.main.TestCaseExecutor.runScript(TestCaseExecutor.java:448)
	at com.kms.katalon.core.main.TestCaseExecutor.doExecute(TestCaseExecutor.java:439)
	at com.kms.katalon.core.main.TestCaseExecutor.processExecutionPhase(TestCaseExecutor.java:418)
	at com.kms.katalon.core.main.TestCaseExecutor.accessMainPhase(TestCaseExecutor.java:410)
	at com.kms.katalon.core.main.TestCaseExecutor.execute(TestCaseExecutor.java:285)
	at com.kms.katalon.core.common.CommonExecutor.accessTestCaseMainPhase(CommonExecutor.java:65)
	at com.kms.katalon.core.main.TestSuiteExecutor.accessTestSuiteMainPhase(TestSuiteExecutor.java:148)
	at com.kms.katalon.core.main.TestSuiteExecutor.execute(TestSuiteExecutor.java:106)
	at com.kms.katalon.core.main.TestCaseMain.startTestSuite(TestCaseMain.java:187)
	at com.kms.katalon.core.main.TestCaseMain$startTestSuite$0.call(Unknown Source)
	at TempTestSuite1700824657414.run(TempTestSuite1700824657414.groovy:36)
Caused by: groovy.lang.MissingPropertyException: No such property: f for class: Script1695813884754
	at FormulaireJustificatifs.run(FormulaireJustificatifs:187)
	at com.kms.katalon.core.main.ScriptEngine.run(ScriptEngine.java:194)
	at com.kms.katalon.core.main.ScriptEngine.runScriptAsRawText(ScriptEngine.java:119)
	at com.kms.katalon.core.main.TestCaseExecutor.runScript(TestCaseExecutor.java:448)
	at com.kms.katalon.core.main.TestCaseExecutor.doExecute(TestCaseExecutor.java:439)
	at com.kms.katalon.core.main.TestCaseExecutor.processExecutionPhase(TestCaseExecutor.java:418)
	at com.kms.katalon.core.main.TestCaseExecutor.accessMainPhase(TestCaseExecutor.java:410)
	at com.kms.katalon.core.main.TestCaseExecutor.execute(TestCaseExecutor.java:285)
	at com.kms.katalon.core.main.TestCaseMain.runTestCase(TestCaseMain.java:144)
	at com.kms.katalon.core.keyword.builtin.CallTestCaseKeyword$_callTestCase_closure1.doCall(CallTestCaseKeyword.groovy:59)
	... 21 more


2023-11-24 12:21:04 - [MESSAGE][INFO] - Checking called Test Case

2023-11-24 12:21:04 - [MESSAGE][INFO] - Starting to call Test Case 'Test Cases/Test Reutilisable/DemandeOuRenouvelle_TitreSejour/FormulaireJustificatifs'

2023-11-24 12:21:04 - [TEST_CASE][ERROR] - Test Cases/Test Reutilisable/DemandeOuRenouvelle_TitreSejour/FormulaireJustificatifs: Test Cases/Test Reutilisable/DemandeOuRenouvelle_TitreSejour/FormulaireJustificatifs FAILED.
Reason:
groovy.lang.MissingPropertyException: No such property: f for class: Script1695813884754
	at FormulaireJustificatifs.run(FormulaireJustificatifs:187)
	at com.kms.katalon.core.main.ScriptEngine.run(ScriptEngine.java:194)
	at com.kms.katalon.core.main.ScriptEngine.runScriptAsRawText(ScriptEngine.java:119)
	at com.kms.katalon.core.main.TestCaseExecutor.runScript(TestCaseExecutor.java:448)
	at com.kms.katalon.core.main.TestCaseExecutor.doExecute(TestCaseExecutor.java:439)
	at com.kms.katalon.core.main.TestCaseExecutor.processExecutionPhase(TestCaseExecutor.java:418)
	at com.kms.katalon.core.main.TestCaseExecutor.accessMainPhase(TestCaseExecutor.java:410)
	at com.kms.katalon.core.main.TestCaseExecutor.execute(TestCaseExecutor.java:285)
	at com.kms.katalon.core.main.TestCaseMain.runTestCase(TestCaseMain.java:144)
	at com.kms.katalon.core.keyword.builtin.CallTestCaseKeyword$_callTestCase_closure1.doCall(CallTestCaseKeyword.groovy:59)
	at com.kms.katalon.core.keyword.builtin.CallTestCaseKeyword$_callTestCase_closure1.call(CallTestCaseKeyword.groovy)
	at com.kms.katalon.core.keyword.internal.KeywordMain.runKeyword(KeywordMain.groovy:75)
	at com.kms.katalon.core.keyword.builtin.CallTestCaseKeyword.callTestCase(CallTestCaseKeyword.groovy:81)
	at com.kms.katalon.core.keyword.builtin.CallTestCaseKeyword.execute(CallTestCaseKeyword.groovy:44)
	at com.kms.katalon.core.keyword.internal.KeywordExecutor.executeKeywordForPlatform(KeywordExecutor.groovy:74)
	at com.kms.katalon.core.keyword.BuiltinKeywords.callTestCase(BuiltinKeywords.groovy:310)
	at com.kazurayam.ksbackyard.HighlightElement$_pandemic_closure1.doCall(HighlightElement.groovy:105)
	at TNR R.TSPT Supp90-Etudiant.run(TNR R.TSPT Supp90-Etudiant:62)
	at com.kms.katalon.core.main.ScriptEngine.run(ScriptEngine.java:194)
	at com.kms.katalon.core.main.ScriptEngine.runScriptAsRawText(ScriptEngine.java:119)
	at com.kms.katalon.core.main.TestCaseExecutor.runScript(TestCaseExecutor.java:448)
	at com.kms.katalon.core.main.TestCaseExecutor.doExecute(TestCaseExecutor.java:439)
	at com.kms.katalon.core.main.TestCaseExecutor.processExecutionPhase(TestCaseExecutor.java:418)
	at com.kms.katalon.core.main.TestCaseExecutor.accessMainPhase(TestCaseExecutor.java:410)
	at com.kms.katalon.core.main.TestCaseExecutor.execute(TestCaseExecutor.java:285)
	at com.kms.katalon.core.common.CommonExecutor.accessTestCaseMainPhase(CommonExecutor.java:65)
	at com.kms.katalon.core.main.TestSuiteExecutor.accessTestSuiteMainPhase(TestSuiteExecutor.java:148)
	at com.kms.katalon.core.main.TestSuiteExecutor.execute(TestSuiteExecutor.java:106)
	at com.kms.katalon.core.main.TestCaseMain.startTestSuite(TestCaseMain.java:187)
	at com.kms.katalon.core.main.TestCaseMain$startTestSuite$0.call(Unknown Source)
	at TempTestSuite1700824657414.run(TempTestSuite1700824657414.groovy:36)


2023-11-24 12:21:06 - [TEST_STEP][PASSED] - com.kazurayam.ksbackyard.HighlightElement.pandemic(): com.kazurayam.ksbackyard.HighlightElement.pandemic is PASSED

2023-11-24 12:21:06 - [MESSAGE][PASSED] - com.kazurayam.ksbackyard.HighlightElement.pandemic is PASSED

2023-11-24 12:21:06 - [TEST_STEP][PASSED] - RunBrowserConfiguration = getExecutionProperties(): null

2023-11-24 12:21:06 - [TEST_STEP][PASSED] - DriverName = DriverName: null

2023-11-24 12:21:06 - [TEST_STEP][PASSED] - driver = getWebDriver(): null

2023-11-24 12:21:06 - [TEST_STEP][PASSED] - wrappedDriver = driver.getWrappedDriver(): null

2023-11-24 12:21:06 - [TEST_STEP][PASSED] - out.println(wrappedDriver.getClass()): null

2023-11-24 12:21:06 - [TEST_STEP][PASSED] - if (class == com.kms.katalon.selenium.driver.CRemoteWebDriver): null

2023-11-24 12:21:06 - [TEST_STEP][PASSED] - SpecificDownloadDirectory = "": null

2023-11-24 12:21:06 - [TEST_STEP][PASSED] - if (DriverName == "FIREFOX_DRIVER"): null

2023-11-24 12:21:06 - [TEST_STEP][PASSED] - else if (class == "CRemoteWebDriver"): null

2023-11-24 12:21:06 - [TEST_STEP][PASSED] - else: null

2023-11-24 12:21:06 - [TEST_STEP][PASSED] - SpecificDownloadDirectory = getProjectDir() + "/Data Files": null

2023-11-24 12:21:06 - [TEST_STEP][PASSED] - println("SpecificDownloadDirectory : " + SpecificDownloadDirectory): null

2023-11-24 12:21:06 - [TEST_STEP][PASSED] - if (TypeTitreDeSejour == "RenouvellementDeTitreSejour" && Titre == "Etudiant"): null

2023-11-24 12:21:06 - [TEST_STEP][PASSED] - if (TypeTitreDeSejour == "RenouvellementDeTitreSejour" && Titre == "Visiteur" || TypeTitreDeSejour == "Visiteur" && Titre == "Etudiant"): null

2023-11-24 12:21:06 - [TEST_STEP][PASSED] - println("TypeTitreDeSejour :" + TypeTitreDeSejour): null

2023-11-24 12:21:06 - [TEST_STEP][ERROR] - f: Test Cases/Test Reutilisable/DemandeOuRenouvelle_TitreSejour/FormulaireJustificatifs FAILED.
Reason:
groovy.lang.MissingPropertyException: No such property: f for class: Script1695813884754
	at FormulaireJustificatifs.run(FormulaireJustificatifs:187)
	at com.kms.katalon.core.main.ScriptEngine.run(ScriptEngine.java:194)
	at com.kms.katalon.core.main.ScriptEngine.runScriptAsRawText(ScriptEngine.java:119)
	at com.kms.katalon.core.main.TestCaseExecutor.runScript(TestCaseExecutor.java:448)
	at com.kms.katalon.core.main.TestCaseExecutor.doExecute(TestCaseExecutor.java:439)
	at com.kms.katalon.core.main.TestCaseExecutor.processExecutionPhase(TestCaseExecutor.java:418)
	at com.kms.katalon.core.main.TestCaseExecutor.accessMainPhase(TestCaseExecutor.java:410)
	at com.kms.katalon.core.main.TestCaseExecutor.execute(TestCaseExecutor.java:285)
	at com.kms.katalon.core.main.TestCaseMain.runTestCase(TestCaseMain.java:144)
	at com.kms.katalon.core.keyword.builtin.CallTestCaseKeyword$_callTestCase_closure1.doCall(CallTestCaseKeyword.groovy:59)
	at com.kms.katalon.core.keyword.builtin.CallTestCaseKeyword$_callTestCase_closure1.call(CallTestCaseKeyword.groovy)
	at com.kms.katalon.core.keyword.internal.KeywordMain.runKeyword(KeywordMain.groovy:75)
	at com.kms.katalon.core.keyword.builtin.CallTestCaseKeyword.callTestCase(CallTestCaseKeyword.groovy:81)
	at com.kms.katalon.core.keyword.builtin.CallTestCaseKeyword.execute(CallTestCaseKeyword.groovy:44)
	at com.kms.katalon.core.keyword.internal.KeywordExecutor.executeKeywordForPlatform(KeywordExecutor.groovy:74)
	at com.kms.katalon.core.keyword.BuiltinKeywords.callTestCase(BuiltinKeywords.groovy:310)
	at com.kazurayam.ksbackyard.HighlightElement$_pandemic_closure1.doCall(HighlightElement.groovy:105)
	at TNR R.TSPT Supp90-Etudiant.run(TNR R.TSPT Supp90-Etudiant:62)
	at com.kms.katalon.core.main.ScriptEngine.run(ScriptEngine.java:194)
	at com.kms.katalon.core.main.ScriptEngine.runScriptAsRawText(ScriptEngine.java:119)
	at com.kms.katalon.core.main.TestCaseExecutor.runScript(TestCaseExecutor.java:448)
	at com.kms.katalon.core.main.TestCaseExecutor.doExecute(TestCaseExecutor.java:439)
	at com.kms.katalon.core.main.TestCaseExecutor.processExecutionPhase(TestCaseExecutor.java:418)
	at com.kms.katalon.core.main.TestCaseExecutor.accessMainPhase(TestCaseExecutor.java:410)
	at com.kms.katalon.core.main.TestCaseExecutor.execute(TestCaseExecutor.java:285)
	at com.kms.katalon.core.common.CommonExecutor.accessTestCaseMainPhase(CommonExecutor.java:65)
	at com.kms.katalon.core.main.TestSuiteExecutor.accessTestSuiteMainPhase(TestSuiteExecutor.java:148)
	at com.kms.katalon.core.main.TestSuiteExecutor.execute(TestSuiteExecutor.java:106)
	at com.kms.katalon.core.main.TestCaseMain.startTestSuite(TestCaseMain.java:187)
	at com.kms.katalon.core.main.TestCaseMain$startTestSuite$0.call(Unknown Source)
	at TempTestSuite1700824657414.run(TempTestSuite1700824657414.groovy:36)


2023-11-24 12:21:06 - [MESSAGE][ERROR] - Test Cases/Test Reutilisable/DemandeOuRenouvelle_TitreSejour/FormulaireJustificatifs FAILED.
Reason:
groovy.lang.MissingPropertyException: No such property: f for class: Script1695813884754
	at FormulaireJustificatifs.run(FormulaireJustificatifs:187)
	at com.kms.katalon.core.main.ScriptEngine.run(ScriptEngine.java:194)
	at com.kms.katalon.core.main.ScriptEngine.runScriptAsRawText(ScriptEngine.java:119)
	at com.kms.katalon.core.main.TestCaseExecutor.runScript(TestCaseExecutor.java:448)
	at com.kms.katalon.core.main.TestCaseExecutor.doExecute(TestCaseExecutor.java:439)
	at com.kms.katalon.core.main.TestCaseExecutor.processExecutionPhase(TestCaseExecutor.java:418)
	at com.kms.katalon.core.main.TestCaseExecutor.accessMainPhase(TestCaseExecutor.java:410)
	at com.kms.katalon.core.main.TestCaseExecutor.execute(TestCaseExecutor.java:285)
	at com.kms.katalon.core.main.TestCaseMain.runTestCase(TestCaseMain.java:144)
	at com.kms.katalon.core.keyword.builtin.CallTestCaseKeyword$_callTestCase_closure1.doCall(CallTestCaseKeyword.groovy:59)
	at com.kms.katalon.core.keyword.builtin.CallTestCaseKeyword$_callTestCase_closure1.call(CallTestCaseKeyword.groovy)
	at com.kms.katalon.core.keyword.internal.KeywordMain.runKeyword(KeywordMain.groovy:75)
	at com.kms.katalon.core.keyword.builtin.CallTestCaseKeyword.callTestCase(CallTestCaseKeyword.groovy:81)
	at com.kms.katalon.core.keyword.builtin.CallTestCaseKeyword.execute(CallTestCaseKeyword.groovy:44)
	at com.kms.katalon.core.keyword.internal.KeywordExecutor.executeKeywordForPlatform(KeywordExecutor.groovy:74)
	at com.kms.katalon.core.keyword.BuiltinKeywords.callTestCase(BuiltinKeywords.groovy:310)
	at com.kazurayam.ksbackyard.HighlightElement$_pandemic_closure1.doCall(HighlightElement.groovy:105)
	at TNR R.TSPT Supp90-Etudiant.run(TNR R.TSPT Supp90-Etudiant:62)
	at com.kms.katalon.core.main.ScriptEngine.run(ScriptEngine.java:194)
	at com.kms.katalon.core.main.ScriptEngine.runScriptAsRawText(ScriptEngine.java:119)
	at com.kms.katalon.core.main.TestCaseExecutor.runScript(TestCaseExecutor.java:448)
	at com.kms.katalon.core.main.TestCaseExecutor.doExecute(TestCaseExecutor.java:439)
	at com.kms.katalon.core.main.TestCaseExecutor.processExecutionPhase(TestCaseExecutor.java:418)
	at com.kms.katalon.core.main.TestCaseExecutor.accessMainPhase(TestCaseExecutor.java:410)
	at com.kms.katalon.core.main.TestCaseExecutor.execute(TestCaseExecutor.java:285)
	at com.kms.katalon.core.common.CommonExecutor.accessTestCaseMainPhase(CommonExecutor.java:65)
	at com.kms.katalon.core.main.TestSuiteExecutor.accessTestSuiteMainPhase(TestSuiteExecutor.java:148)
	at com.kms.katalon.core.main.TestSuiteExecutor.execute(TestSuiteExecutor.java:106)
	at com.kms.katalon.core.main.TestCaseMain.startTestSuite(TestCaseMain.java:187)
	at com.kms.katalon.core.main.TestCaseMain$startTestSuite$0.call(Unknown Source)
	at TempTestSuite1700824657414.run(TempTestSuite1700824657414.groovy:36)


2023-11-24 12:21:06 - [MESSAGE][FAILED] - Unable to call Test Case 'Test Cases/Test Reutilisable/DemandeOuRenouvelle_TitreSejour/FormulaireJustificatifs' (Root cause: com.kms.katalon.core.exception.StepErrorException: Call Test Case 'Test Cases/Test Reutilisable/DemandeOuRenouvelle_TitreSejour/FormulaireJustificatifs' failed because of error(s)
	at com.kms.katalon.core.keyword.builtin.CallTestCaseKeyword$_callTestCase_closure1.doCall(CallTestCaseKeyword.groovy:66)
	at com.kms.katalon.core.keyword.builtin.CallTestCaseKeyword$_callTestCase_closure1.call(CallTestCaseKeyword.groovy)
	at com.kms.katalon.core.keyword.internal.KeywordMain.runKeyword(KeywordMain.groovy:75)
	at com.kms.katalon.core.keyword.builtin.CallTestCaseKeyword.callTestCase(CallTestCaseKeyword.groovy:81)
	at com.kms.katalon.core.keyword.builtin.CallTestCaseKeyword.execute(CallTestCaseKeyword.groovy:44)
	at com.kms.katalon.core.keyword.internal.KeywordExecutor.executeKeywordForPlatform(KeywordExecutor.groovy:74)
	at com.kms.katalon.core.keyword.BuiltinKeywords.callTestCase(BuiltinKeywords.groovy:310)
	at com.kazurayam.ksbackyard.HighlightElement$_pandemic_closure1.doCall(HighlightElement.groovy:105)
	at TNR R.TSPT Supp90-Etudiant.run(TNR R.TSPT Supp90-Etudiant:62)
	at com.kms.katalon.core.main.ScriptEngine.run(ScriptEngine.java:194)
	at com.kms.katalon.core.main.ScriptEngine.runScriptAsRawText(ScriptEngine.java:119)
	at com.kms.katalon.core.main.TestCaseExecutor.runScript(TestCaseExecutor.java:448)
	at com.kms.katalon.core.main.TestCaseExecutor.doExecute(TestCaseExecutor.java:439)
	at com.kms.katalon.core.main.TestCaseExecutor.processExecutionPhase(TestCaseExecutor.java:418)
	at com.kms.katalon.core.main.TestCaseExecutor.accessMainPhase(TestCaseExecutor.java:410)
	at com.kms.katalon.core.main.TestCaseExecutor.execute(TestCaseExecutor.java:285)
	at com.kms.katalon.core.common.CommonExecutor.accessTestCaseMainPhase(CommonExecutor.java:65)
	at com.kms.katalon.core.main.TestSuiteExecutor.accessTestSuiteMainPhase(TestSuiteExecutor.java:148)
	at com.kms.katalon.core.main.TestSuiteExecutor.execute(TestSuiteExecutor.java:106)
	at com.kms.katalon.core.main.TestCaseMain.startTestSuite(TestCaseMain.java:187)
	at com.kms.katalon.core.main.TestCaseMain$startTestSuite$0.call(Unknown Source)
	at TempTestSuite1700824657414.run(TempTestSuite1700824657414.groovy:36)
Caused by: groovy.lang.MissingPropertyException: No such property: f for class: Script1695813884754
	at FormulaireJustificatifs.run(FormulaireJustificatifs:187)
	at com.kms.katalon.core.main.ScriptEngine.run(ScriptEngine.java:194)
	at com.kms.katalon.core.main.ScriptEngine.runScriptAsRawText(ScriptEngine.java:119)
	at com.kms.katalon.core.main.TestCaseExecutor.runScript(TestCaseExecutor.java:448)
	at com.kms.katalon.core.main.TestCaseExecutor.doExecute(TestCaseExecutor.java:439)
	at com.kms.katalon.core.main.TestCaseExecutor.processExecutionPhase(TestCaseExecutor.java:418)
	at com.kms.katalon.core.main.TestCaseExecutor.accessMainPhase(TestCaseExecutor.java:410)
	at com.kms.katalon.core.main.TestCaseExecutor.execute(TestCaseExecutor.java:285)
	at com.kms.katalon.core.main.TestCaseMain.runTestCase(TestCaseMain.java:144)
	at com.kms.katalon.core.keyword.builtin.CallTestCaseKeyword$_callTestCase_closure1.doCall(CallTestCaseKeyword.groovy:59)
	... 21 more
)

2023-11-24 12:21:06 - [MESSAGE][ERROR] - Test Cases/Cas D Utilisations/Usager Etudiant/TNR R.TSPT Supp90-Etudiant FAILED.
Reason:
com.kms.katalon.core.exception.StepErrorException: Call Test Case 'Test Cases/Test Reutilisable/DemandeOuRenouvelle_TitreSejour/FormulaireJustificatifs' failed because of error(s)
	at com.kms.katalon.core.keyword.builtin.CallTestCaseKeyword$_callTestCase_closure1.doCall(CallTestCaseKeyword.groovy:66)
	at com.kms.katalon.core.keyword.builtin.CallTestCaseKeyword$_callTestCase_closure1.call(CallTestCaseKeyword.groovy)
	at com.kms.katalon.core.keyword.internal.KeywordMain.runKeyword(KeywordMain.groovy:75)
	at com.kms.katalon.core.keyword.builtin.CallTestCaseKeyword.callTestCase(CallTestCaseKeyword.groovy:81)
	at com.kms.katalon.core.keyword.builtin.CallTestCaseKeyword.execute(CallTestCaseKeyword.groovy:44)
	at com.kms.katalon.core.keyword.internal.KeywordExecutor.executeKeywordForPlatform(KeywordExecutor.groovy:74)
	at com.kms.katalon.core.keyword.BuiltinKeywords.callTestCase(BuiltinKeywords.groovy:310)
	at com.kazurayam.ksbackyard.HighlightElement$_pandemic_closure1.doCall(HighlightElement.groovy:105)
	at TNR R.TSPT Supp90-Etudiant.run(TNR R.TSPT Supp90-Etudiant:62)
	at com.kms.katalon.core.main.ScriptEngine.run(ScriptEngine.java:194)
	at com.kms.katalon.core.main.ScriptEngine.runScriptAsRawText(ScriptEngine.java:119)
	at com.kms.katalon.core.main.TestCaseExecutor.runScript(TestCaseExecutor.java:448)
	at com.kms.katalon.core.main.TestCaseExecutor.doExecute(TestCaseExecutor.java:439)
	at com.kms.katalon.core.main.TestCaseExecutor.processExecutionPhase(TestCaseExecutor.java:418)
	at com.kms.katalon.core.main.TestCaseExecutor.accessMainPhase(TestCaseExecutor.java:410)
	at com.kms.katalon.core.main.TestCaseExecutor.execute(TestCaseExecutor.java:285)
	at com.kms.katalon.core.common.CommonExecutor.accessTestCaseMainPhase(CommonExecutor.java:65)
	at com.kms.katalon.core.main.TestSuiteExecutor.accessTestSuiteMainPhase(TestSuiteExecutor.java:148)
	at com.kms.katalon.core.main.TestSuiteExecutor.execute(TestSuiteExecutor.java:106)
	at com.kms.katalon.core.main.TestCaseMain.startTestSuite(TestCaseMain.java:187)
	at com.kms.katalon.core.main.TestCaseMain$startTestSuite$0.call(Unknown Source)
	at TempTestSuite1700824657414.run(TempTestSuite1700824657414.groovy:36)
Caused by: groovy.lang.MissingPropertyException: No such property: f for class: Script1695813884754
	at FormulaireJustificatifs.run(FormulaireJustificatifs:187)
	at com.kms.katalon.core.main.ScriptEngine.run(ScriptEngine.java:194)
	at com.kms.katalon.core.main.ScriptEngine.runScriptAsRawText(ScriptEngine.java:119)
	at com.kms.katalon.core.main.TestCaseExecutor.runScript(TestCaseExecutor.java:448)
	at com.kms.katalon.core.main.TestCaseExecutor.doExecute(TestCaseExecutor.java:439)
	at com.kms.katalon.core.main.TestCaseExecutor.processExecutionPhase(TestCaseExecutor.java:418)
	at com.kms.katalon.core.main.TestCaseExecutor.accessMainPhase(TestCaseExecutor.java:410)
	at com.kms.katalon.core.main.TestCaseExecutor.execute(TestCaseExecutor.java:285)
	at com.kms.katalon.core.main.TestCaseMain.runTestCase(TestCaseMain.java:144)
	at com.kms.katalon.core.keyword.builtin.CallTestCaseKeyword$_callTestCase_closure1.doCall(CallTestCaseKeyword.groovy:59)
	... 21 more


2023-11-24 12:21:10 - [TEST_STEP][PASSED] - Video: Video recording for test case 'Test Cases/Cas D Utilisations/Usager Etudiant/TNR R.TSPT Supp90-Etudiant' .

2023-11-24 12:21:10 - [MESSAGE][INFO] - Video recording for test case 'Test Cases/Cas D Utilisations/Usager Etudiant/TNR R.TSPT Supp90-Etudiant' .]]></system-out>
         <system-err><![CDATA[2023-11-24 12:17:41 - [TEST_CASE][ERROR] - Test Cases/Cas D Utilisations/Usager Etudiant/TNR R.TSPT Supp90-Etudiant: Test Cases/Cas D Utilisations/Usager Etudiant/TNR R.TSPT Supp90-Etudiant FAILED.
Reason:
com.kms.katalon.core.exception.StepErrorException: Call Test Case 'Test Cases/Test Reutilisable/DemandeOuRenouvelle_TitreSejour/FormulaireJustificatifs' failed because of error(s)
	at com.kms.katalon.core.keyword.builtin.CallTestCaseKeyword$_callTestCase_closure1.doCall(CallTestCaseKeyword.groovy:66)
	at com.kms.katalon.core.keyword.builtin.CallTestCaseKeyword$_callTestCase_closure1.call(CallTestCaseKeyword.groovy)
	at com.kms.katalon.core.keyword.internal.KeywordMain.runKeyword(KeywordMain.groovy:75)
	at com.kms.katalon.core.keyword.builtin.CallTestCaseKeyword.callTestCase(CallTestCaseKeyword.groovy:81)
	at com.kms.katalon.core.keyword.builtin.CallTestCaseKeyword.execute(CallTestCaseKeyword.groovy:44)
	at com.kms.katalon.core.keyword.internal.KeywordExecutor.executeKeywordForPlatform(KeywordExecutor.groovy:74)
	at com.kms.katalon.core.keyword.BuiltinKeywords.callTestCase(BuiltinKeywords.groovy:310)
	at com.kazurayam.ksbackyard.HighlightElement$_pandemic_closure1.doCall(HighlightElement.groovy:105)
	at TNR R.TSPT Supp90-Etudiant.run(TNR R.TSPT Supp90-Etudiant:62)
	at com.kms.katalon.core.main.ScriptEngine.run(ScriptEngine.java:194)
	at com.kms.katalon.core.main.ScriptEngine.runScriptAsRawText(ScriptEngine.java:119)
	at com.kms.katalon.core.main.TestCaseExecutor.runScript(TestCaseExecutor.java:448)
	at com.kms.katalon.core.main.TestCaseExecutor.doExecute(TestCaseExecutor.java:439)
	at com.kms.katalon.core.main.TestCaseExecutor.processExecutionPhase(TestCaseExecutor.java:418)
	at com.kms.katalon.core.main.TestCaseExecutor.accessMainPhase(TestCaseExecutor.java:410)
	at com.kms.katalon.core.main.TestCaseExecutor.execute(TestCaseExecutor.java:285)
	at com.kms.katalon.core.common.CommonExecutor.accessTestCaseMainPhase(CommonExecutor.java:65)
	at com.kms.katalon.core.main.TestSuiteExecutor.accessTestSuiteMainPhase(TestSuiteExecutor.java:148)
	at com.kms.katalon.core.main.TestSuiteExecutor.execute(TestSuiteExecutor.java:106)
	at com.kms.katalon.core.main.TestCaseMain.startTestSuite(TestCaseMain.java:187)
	at com.kms.katalon.core.main.TestCaseMain$startTestSuite$0.call(Unknown Source)
	at TempTestSuite1700824657414.run(TempTestSuite1700824657414.groovy:36)
Caused by: groovy.lang.MissingPropertyException: No such property: f for class: Script1695813884754
	at FormulaireJustificatifs.run(FormulaireJustificatifs:187)
	at com.kms.katalon.core.main.ScriptEngine.run(ScriptEngine.java:194)
	at com.kms.katalon.core.main.ScriptEngine.runScriptAsRawText(ScriptEngine.java:119)
	at com.kms.katalon.core.main.TestCaseExecutor.runScript(TestCaseExecutor.java:448)
	at com.kms.katalon.core.main.TestCaseExecutor.doExecute(TestCaseExecutor.java:439)
	at com.kms.katalon.core.main.TestCaseExecutor.processExecutionPhase(TestCaseExecutor.java:418)
	at com.kms.katalon.core.main.TestCaseExecutor.accessMainPhase(TestCaseExecutor.java:410)
	at com.kms.katalon.core.main.TestCaseExecutor.execute(TestCaseExecutor.java:285)
	at com.kms.katalon.core.main.TestCaseMain.runTestCase(TestCaseMain.java:144)
	at com.kms.katalon.core.keyword.builtin.CallTestCaseKeyword$_callTestCase_closure1.doCall(CallTestCaseKeyword.groovy:59)
	... 21 more]]></system-err>
      </testcase>
      <testcase name="Test Cases/Cas D Utilisations/Usager Etudiant/TNR R.TSPT Supp90-Etudiant" time="202.483" classname="Test Cases/Cas D Utilisations/Usager Etudiant/TNR R.TSPT Supp90-Etudiant" status="FAILED">
         <failure type="FAILED" message="Test Cases/Cas D Utilisations/Usager Etudiant/TNR R.TSPT Supp90-Etudiant FAILED.
Reason:
com.kms.katalon.core.exception.StepFailedException: Call Test Case 'Test Cases/Test Reutilisable/DemandeOuRenouvelle_TitreSejour/FormulaireInformationsPersonnelles' failed
	at com.kms.katalon.core.keyword.builtin.CallTestCaseKeyword$_callTestCase_closure1.doCall(CallTestCaseKeyword.groovy:63)
	at com.kms.katalon.core.keyword.builtin.CallTestCaseKeyword$_callTestCase_closure1.call(CallTestCaseKeyword.groovy)
	at com.kms.katalon.core.keyword.internal.KeywordMain.runKeyword(KeywordMain.groovy:75)
	at com.kms.katalon.core.keyword.builtin.CallTestCaseKeyword.callTestCase(CallTestCaseKeyword.groovy:81)
	at com.kms.katalon.core.keyword.builtin.CallTestCaseKeyword.execute(CallTestCaseKeyword.groovy:44)
	at com.kms.katalon.core.keyword.internal.KeywordExecutor.executeKeywordForPlatform(KeywordExecutor.groovy:74)
	at com.kms.katalon.core.keyword.BuiltinKeywords.callTestCase(BuiltinKeywords.groovy:310)
	at com.kazurayam.ksbackyard.HighlightElement$_pandemic_closure1.doCall(HighlightElement.groovy:105)
	at TNR R.TSPT Supp90-Etudiant.run(TNR R.TSPT Supp90-Etudiant:47)
	at com.kms.katalon.core.main.ScriptEngine.run(ScriptEngine.java:194)
	at com.kms.katalon.core.main.ScriptEngine.runScriptAsRawText(ScriptEngine.java:119)
	at com.kms.katalon.core.main.TestCaseExecutor.runScript(TestCaseExecutor.java:448)
	at com.kms.katalon.core.main.TestCaseExecutor.doExecute(TestCaseExecutor.java:439)
	at com.kms.katalon.core.main.TestCaseExecutor.processExecutionPhase(TestCaseExecutor.java:418)
	at com.kms.katalon.core.main.TestCaseExecutor.accessMainPhase(TestCaseExecutor.java:410)
	at com.kms.katalon.core.main.TestCaseExecutor.execute(TestCaseExecutor.java:285)
	at com.kms.katalon.core.common.CommonExecutor.accessTestCaseMainPhase(CommonExecutor.java:65)
	at com.kms.katalon.core.main.TestSuiteExecutor.accessTestSuiteMainPhase(TestSuiteExecutor.java:148)
	at com.kms.katalon.core.main.TestSuiteExecutor.execute(TestSuiteExecutor.java:106)
	at com.kms.katalon.core.main.TestCaseMain.startTestSuite(TestCaseMain.java:187)
	at com.kms.katalon.core.main.TestCaseMain$startTestSuite$0.call(Unknown Source)
	at TempTestSuite1700824657414.run(TempTestSuite1700824657414.groovy:36)
Caused by: com.kms.katalon.core.exception.StepFailedException: Unable to set text '3 rue des 3 moulins 77000 melun' of object 'Object Repository/Page_InformationPersonnelles_Usager/Input_AdresseUsager'
	at com.kms.katalon.core.webui.keyword.internal.WebUIKeywordMain.stepFailed(WebUIKeywordMain.groovy:64)
	at com.kms.katalon.core.webui.keyword.internal.WebUIKeywordMain.runKeyword(WebUIKeywordMain.groovy:26)
	at com.kms.katalon.core.webui.keyword.builtin.SetTextKeyword.setText(SetTextKeyword.groovy:66)
	at com.kms.katalon.core.webui.keyword.builtin.SetTextKeyword.execute(SetTextKeyword.groovy:37)
	at com.kms.katalon.core.keyword.internal.KeywordExecutor.executeKeywordForPlatform(KeywordExecutor.groovy:74)
	at com.kms.katalon.core.webui.keyword.WebUiBuiltInKeywords.setText(WebUiBuiltInKeywords.groovy:980)
	at com.kazurayam.ksbackyard.HighlightElement$_pandemic_closure1.doCall(HighlightElement.groovy:105)
	at FormulaireInformationsPersonnelles.run(FormulaireInformationsPersonnelles:41)
	at com.kms.katalon.core.main.ScriptEngine.run(ScriptEngine.java:194)
	at com.kms.katalon.core.main.ScriptEngine.runScriptAsRawText(ScriptEngine.java:119)
	at com.kms.katalon.core.main.TestCaseExecutor.runScript(TestCaseExecutor.java:448)
	at com.kms.katalon.core.main.TestCaseExecutor.doExecute(TestCaseExecutor.java:439)
	at com.kms.katalon.core.main.TestCaseExecutor.processExecutionPhase(TestCaseExecutor.java:418)
	at com.kms.katalon.core.main.TestCaseExecutor.accessMainPhase(TestCaseExecutor.java:410)
	at com.kms.katalon.core.main.TestCaseExecutor.execute(TestCaseExecutor.java:285)
	at com.kms.katalon.core.main.TestCaseMain.runTestCase(TestCaseMain.java:144)
	at com.kms.katalon.core.keyword.builtin.CallTestCaseKeyword$_callTestCase_closure1.doCall(CallTestCaseKeyword.groovy:59)
	... 21 more
Caused by: com.kms.katalon.core.webui.exception.WebElementNotFoundException: Web element with id: 'Object Repository/Page_InformationPersonnelles_Usager/Input_AdresseUsager' located by '//app-informations-personnelles//app-adresse-etalab//app-vls-ts-etalab//div/input|//app-informations-personnelles-shared//app-adresse-etalab//app-vls-ts-etalab//div/input' not found
	at com.kms.katalon.core.webui.common.WebUiCommonHelper.findWebElement(WebUiCommonHelper.java:1381)
	at com.kms.katalon.core.webui.keyword.internal.WebUIAbstractKeyword.findWebElement(WebUIAbstractKeyword.groovy:27)
	at com.kms.katalon.core.webui.keyword.internal.WebUIAbstractKeyword.findWebElement(WebUIAbstractKeyword.groovy:26)
	at com.kms.katalon.core.webui.keyword.builtin.SetTextKeyword$_setText_closure1.doCall(SetTextKeyword.groovy:51)
	at com.kms.katalon.core.webui.keyword.builtin.SetTextKeyword$_setText_closure1.call(SetTextKeyword.groovy)
	at com.kms.katalon.core.webui.keyword.internal.WebUIKeywordMain.runKeyword(WebUIKeywordMain.groovy:20)
	... 36 more
"/>
         <system-out><![CDATA[2023-11-24 12:21:10 - [TEST_CASE][FAILED] - Test Cases/Cas D Utilisations/Usager Etudiant/TNR R.TSPT Supp90-Etudiant: Test Cases/Cas D Utilisations/Usager Etudiant/TNR R.TSPT Supp90-Etudiant FAILED.
Reason:
com.kms.katalon.core.exception.StepFailedException: Call Test Case 'Test Cases/Test Reutilisable/DemandeOuRenouvelle_TitreSejour/FormulaireInformationsPersonnelles' failed
	at com.kms.katalon.core.keyword.builtin.CallTestCaseKeyword$_callTestCase_closure1.doCall(CallTestCaseKeyword.groovy:63)
	at com.kms.katalon.core.keyword.builtin.CallTestCaseKeyword$_callTestCase_closure1.call(CallTestCaseKeyword.groovy)
	at com.kms.katalon.core.keyword.internal.KeywordMain.runKeyword(KeywordMain.groovy:75)
	at com.kms.katalon.core.keyword.builtin.CallTestCaseKeyword.callTestCase(CallTestCaseKeyword.groovy:81)
	at com.kms.katalon.core.keyword.builtin.CallTestCaseKeyword.execute(CallTestCaseKeyword.groovy:44)
	at com.kms.katalon.core.keyword.internal.KeywordExecutor.executeKeywordForPlatform(KeywordExecutor.groovy:74)
	at com.kms.katalon.core.keyword.BuiltinKeywords.callTestCase(BuiltinKeywords.groovy:310)
	at com.kazurayam.ksbackyard.HighlightElement$_pandemic_closure1.doCall(HighlightElement.groovy:105)
	at TNR R.TSPT Supp90-Etudiant.run(TNR R.TSPT Supp90-Etudiant:47)
	at com.kms.katalon.core.main.ScriptEngine.run(ScriptEngine.java:194)
	at com.kms.katalon.core.main.ScriptEngine.runScriptAsRawText(ScriptEngine.java:119)
	at com.kms.katalon.core.main.TestCaseExecutor.runScript(TestCaseExecutor.java:448)
	at com.kms.katalon.core.main.TestCaseExecutor.doExecute(TestCaseExecutor.java:439)
	at com.kms.katalon.core.main.TestCaseExecutor.processExecutionPhase(TestCaseExecutor.java:418)
	at com.kms.katalon.core.main.TestCaseExecutor.accessMainPhase(TestCaseExecutor.java:410)
	at com.kms.katalon.core.main.TestCaseExecutor.execute(TestCaseExecutor.java:285)
	at com.kms.katalon.core.common.CommonExecutor.accessTestCaseMainPhase(CommonExecutor.java:65)
	at com.kms.katalon.core.main.TestSuiteExecutor.accessTestSuiteMainPhase(TestSuiteExecutor.java:148)
	at com.kms.katalon.core.main.TestSuiteExecutor.execute(TestSuiteExecutor.java:106)
	at com.kms.katalon.core.main.TestCaseMain.startTestSuite(TestCaseMain.java:187)
	at com.kms.katalon.core.main.TestCaseMain$startTestSuite$0.call(Unknown Source)
	at TempTestSuite1700824657414.run(TempTestSuite1700824657414.groovy:36)
Caused by: com.kms.katalon.core.exception.StepFailedException: Unable to set text '3 rue des 3 moulins 77000 melun' of object 'Object Repository/Page_InformationPersonnelles_Usager/Input_AdresseUsager'
	at com.kms.katalon.core.webui.keyword.internal.WebUIKeywordMain.stepFailed(WebUIKeywordMain.groovy:64)
	at com.kms.katalon.core.webui.keyword.internal.WebUIKeywordMain.runKeyword(WebUIKeywordMain.groovy:26)
	at com.kms.katalon.core.webui.keyword.builtin.SetTextKeyword.setText(SetTextKeyword.groovy:66)
	at com.kms.katalon.core.webui.keyword.builtin.SetTextKeyword.execute(SetTextKeyword.groovy:37)
	at com.kms.katalon.core.keyword.internal.KeywordExecutor.executeKeywordForPlatform(KeywordExecutor.groovy:74)
	at com.kms.katalon.core.webui.keyword.WebUiBuiltInKeywords.setText(WebUiBuiltInKeywords.groovy:980)
	at com.kazurayam.ksbackyard.HighlightElement$_pandemic_closure1.doCall(HighlightElement.groovy:105)
	at FormulaireInformationsPersonnelles.run(FormulaireInformationsPersonnelles:41)
	at com.kms.katalon.core.main.ScriptEngine.run(ScriptEngine.java:194)
	at com.kms.katalon.core.main.ScriptEngine.runScriptAsRawText(ScriptEngine.java:119)
	at com.kms.katalon.core.main.TestCaseExecutor.runScript(TestCaseExecutor.java:448)
	at com.kms.katalon.core.main.TestCaseExecutor.doExecute(TestCaseExecutor.java:439)
	at com.kms.katalon.core.main.TestCaseExecutor.processExecutionPhase(TestCaseExecutor.java:418)
	at com.kms.katalon.core.main.TestCaseExecutor.accessMainPhase(TestCaseExecutor.java:410)
	at com.kms.katalon.core.main.TestCaseExecutor.execute(TestCaseExecutor.java:285)
	at com.kms.katalon.core.main.TestCaseMain.runTestCase(TestCaseMain.java:144)
	at com.kms.katalon.core.keyword.builtin.CallTestCaseKeyword$_callTestCase_closure1.doCall(CallTestCaseKeyword.groovy:59)
	... 21 more
Caused by: com.kms.katalon.core.webui.exception.WebElementNotFoundException: Web element with id: 'Object Repository/Page_InformationPersonnelles_Usager/Input_AdresseUsager' located by '//app-informations-personnelles//app-adresse-etalab//app-vls-ts-etalab//div/input|//app-informations-personnelles-shared//app-adresse-etalab//app-vls-ts-etalab//div/input' not found
	at com.kms.katalon.core.webui.common.WebUiCommonHelper.findWebElement(WebUiCommonHelper.java:1381)
	at com.kms.katalon.core.webui.keyword.internal.WebUIAbstractKeyword.findWebElement(WebUIAbstractKeyword.groovy:27)
	at com.kms.katalon.core.webui.keyword.internal.WebUIAbstractKeyword.findWebElement(WebUIAbstractKeyword.groovy:26)
	at com.kms.katalon.core.webui.keyword.builtin.SetTextKeyword$_setText_closure1.doCall(SetTextKeyword.groovy:51)
	at com.kms.katalon.core.webui.keyword.builtin.SetTextKeyword$_setText_closure1.call(SetTextKeyword.groovy)
	at com.kms.katalon.core.webui.keyword.internal.WebUIKeywordMain.runKeyword(WebUIKeywordMain.groovy:20)
	... 36 more


2023-11-24 12:21:10 - [TEST_STEP][PASSED] - com.kazurayam.ksbackyard.HighlightElement.pandemic(): com.kazurayam.ksbackyard.HighlightElement.pandemic is PASSED

2023-11-24 12:21:10 - [MESSAGE][PASSED] - com.kazurayam.ksbackyard.HighlightElement.pandemic is PASSED

2023-11-24 12:21:10 - [TEST_STEP][PASSED] - callTestCase(findTestCase("Test Reutilisable/Main/Lancer URL ANEF"), ["Profiles":"Usager", "EnvExec":EnvExec], STOP_ON_FAILURE): Call Test Case 'Test Cases/Test Reutilisable/Main/Lancer URL ANEF' successfully

2023-11-24 12:21:10 - [MESSAGE][INFO] - Checking called Test Case

2023-11-24 12:21:10 - [MESSAGE][INFO] - Starting to call Test Case 'Test Cases/Test Reutilisable/Main/Lancer URL ANEF'

2023-11-24 12:21:10 - [TEST_CASE][PASSED] - Test Cases/Test Reutilisable/Main/Lancer URL ANEF: Test Cases/Test Reutilisable/Main/Lancer URL ANEF

2023-11-24 12:21:10 - [TEST_STEP][PASSED] - "RunConfiguration: getProjectDir for LogDriver ": null

2023-11-24 12:21:10 - [TEST_STEP][PASSED] - RunBrowserConfiguration = getExecutionProperties(): null

2023-11-24 12:21:10 - [TEST_STEP][PASSED] - DriverName = "": null

2023-11-24 12:21:10 - [TEST_STEP][PASSED] - openBrowser(""): Browser is opened with url: ''

2023-11-24 12:21:10 - [MESSAGE][INFO] - Opening browser

2023-11-24 12:21:10 - [MESSAGE][WARNING] - A browser is already opened. Closing browser and opening a new one

2023-11-24 12:21:11 - [MESSAGE][INFO] - Starting 'Chrome' driver

2023-11-24 12:21:11 - [MESSAGE][INFO] - User set preference: ['args', '[--incognito, --start-maximized, --remote-allow-origins=*]']

2023-11-24 12:21:11 - [MESSAGE][INFO] - User set preference: ['prefs', '{download.default_directory=${GlobalVariable.downloadPath}, download_dir=${GlobalVariable.downloadPath}, download.prompt_for_download=false}']

2023-11-24 12:21:11 - [MESSAGE][INFO] - User set preference: ['loggingPrefs', '{browser=ALL}']

2023-11-24 12:21:11 - [MESSAGE][INFO] - Action delay is set to 2 000 milliseconds

2023-11-24 12:21:13 - [MESSAGE][PASSED] - Browser is opened with url: ''

2023-11-24 12:21:13 - [TEST_STEP][PASSED] - driver = getWebDriver(): null

2023-11-24 12:21:13 - [TEST_STEP][PASSED] - wrappedDriver = driver.getWrappedDriver(): null

2023-11-24 12:21:13 - [TEST_STEP][PASSED] - out.println(wrappedDriver.getClass()): null

2023-11-24 12:21:13 - [TEST_STEP][PASSED] - if (class == com.kms.katalon.selenium.driver.CRemoteWebDriver): null

2023-11-24 12:21:13 - [TEST_STEP][PASSED] - else: null

2023-11-24 12:21:13 - [TEST_STEP][PASSED] - DriverName = get("WebUI").get("browserType"): null

2023-11-24 12:21:13 - [TEST_STEP][PASSED] - println("DriverName :" + DriverName): null

2023-11-24 12:21:13 - [TEST_STEP][PASSED] - println("Driverpath :" + RunBrowserConfiguration.get("drivers")): null

2023-11-24 12:21:13 - [TEST_STEP][PASSED] - DriverName = DriverName: null

2023-11-24 12:21:13 - [TEST_STEP][PASSED] - delay(medium_wait): Delayed 3 second(s)

2023-11-24 12:21:13 - [MESSAGE][INFO] - Delaying browser in 3 second(s)

2023-11-24 12:21:16 - [MESSAGE][PASSED] - Delayed 3 second(s)

2023-11-24 12:21:16 - [TEST_STEP][PASSED] - executedBrowser = getExecutedBrowser(): null

2023-11-24 12:21:16 - [TEST_STEP][PASSED] - if (Profiles == "Usager"): null

2023-11-24 12:21:16 - [TEST_STEP][PASSED] - switch (DriverName): null

2023-11-24 12:21:16 - [TEST_STEP][PASSED] - case "CHROME_DRIVER":: null

2023-11-24 12:21:16 - [TEST_STEP][PASSED] - if (EnvExec == "URL_ANEFQualif"): null

2023-11-24 12:21:16 - [TEST_STEP][PASSED] - if (EnvExec == "URL_ANEFPreProd"): Navigate to 'https://preprod.administration-etrangers-en-france.interieur.gouv.fr/particuliers/#/' successfully

2023-11-24 12:21:16 - [TEST_STEP][PASSED] - navigateToUrl(URL_ANEFPreProd): Navigate to 'https://preprod.administration-etrangers-en-france.interieur.gouv.fr/particuliers/#/' successfully

2023-11-24 12:21:16 - [MESSAGE][INFO] - Checking url

2023-11-24 12:21:16 - [MESSAGE][INFO] - Navigating to 'https://preprod.administration-etrangers-en-france.interieur.gouv.fr/particuliers/#/'

2023-11-24 12:21:34 - [MESSAGE][PASSED] - Navigate to 'https://preprod.administration-etrangers-en-france.interieur.gouv.fr/particuliers/#/' successfully

2023-11-24 12:21:34 - [TEST_STEP][PASSED] - maximizeWindow(): Current window maximized

2023-11-24 12:21:34 - [MESSAGE][INFO] - Maximizing current window

2023-11-24 12:21:34 - [MESSAGE][PASSED] - Current window maximized

2023-11-24 12:21:34 - [TEST_STEP][PASSED] - System.setProperty("webdriver.chrome.driver", getChromeDriverPath()): null

2023-11-24 12:21:34 - [TEST_STEP][PASSED] - System.setProperty("webdriver.chrome.logfile", getProjectDir() + "/Dump/chromedriver.log"): null

2023-11-24 12:21:34 - [TEST_STEP][PASSED] - callTestCase(findTestCase("Test Reutilisable/Main/Erreur lie a la confidentialite"), [:], STOP_ON_FAILURE): Call Test Case 'Test Cases/Test Reutilisable/Main/Erreur lie a la confidentialite' successfully

2023-11-24 12:21:34 - [MESSAGE][INFO] - Checking called Test Case

2023-11-24 12:21:34 - [MESSAGE][INFO] - Starting to call Test Case 'Test Cases/Test Reutilisable/Main/Erreur lie a la confidentialite'

2023-11-24 12:21:35 - [TEST_CASE][PASSED] - Test Cases/Test Reutilisable/Main/Erreur lie a la confidentialite: Test Cases/Test Reutilisable/Main/Erreur lie a la confidentialite

2023-11-24 12:21:35 - [TEST_STEP][PASSED] - tools.WaitForLoadedPage.waitForElementRendering(): tools.WaitForLoadedPage.waitForElementRendering is PASSED

2023-11-24 12:21:35 - [MESSAGE][PASSED] - tools.WaitForLoadedPage.waitForElementRendering is PASSED

2023-11-24 12:21:35 - [TEST_STEP][PASSED] - "Call Highlight.on() automatically": null

2023-11-24 12:21:35 - [TEST_STEP][PASSED] - DriverName = DriverName: null

2023-11-24 12:21:35 - [TEST_STEP][PASSED] - if (DriverName == "CHROME_DRIVER" || "EDGE_CHROMIUM_DRIVER" || "HEADLESS_DRIVER"): null

2023-11-24 12:21:35 - [TEST_STEP][PASSED] - if (verifyElementPresent(findTestObject("Object Repository/Connexion Usager/Btn_Parametres Avances"), 2, OPTIONAL)): null

2023-11-24 12:21:35 - [MESSAGE][INFO] - Finding Test Object 'Object Repository/Connexion Usager/Btn_Parametres Avances'

2023-11-24 12:21:35 - [MESSAGE][INFO] - Checking object

2023-11-24 12:21:35 - [MESSAGE][INFO] - Finding web element from Test Object's properties

2023-11-24 12:21:35 - [MESSAGE][INFO] - Checking timeout

2023-11-24 12:21:35 - [MESSAGE][INFO] - Finding web element with id: 'Object Repository/Connexion Usager/Btn_Parametres Avances' located by 'By.xpath: //*[@id="details-button"]' in '2' second(s)

2023-11-24 12:21:35 - [MESSAGE][INFO] - Smart Wait Function is triggered

2023-11-24 12:21:35 - [MESSAGE][INFO] - Found 1 web elements with id: 'Object Repository/Connexion Usager/Btn_Parametres Avances' located by 'By.xpath: //*[@id="details-button"]' in '2' second(s)

2023-11-24 12:21:35 - [MESSAGE][PASSED] - Object 'Object Repository/Connexion Usager/Btn_Parametres Avances' is present

2023-11-24 12:21:35 - [TEST_STEP][PASSED] - click(findTestObject("Object Repository/Connexion Usager/Btn_Parametres Avances"), OPTIONAL): Object: 'Object Repository/Connexion Usager/Btn_Parametres Avances' is clicked on

2023-11-24 12:21:35 - [MESSAGE][INFO] - Finding Test Object 'Object Repository/Connexion Usager/Btn_Parametres Avances'

2023-11-24 12:21:35 - [MESSAGE][INFO] - Checking timeout

2023-11-24 12:21:35 - [MESSAGE][INFO] - Finding web element with id: 'Object Repository/Connexion Usager/Btn_Parametres Avances' located by 'By.xpath: //*[@id="details-button"]' in '20' second(s)

2023-11-24 12:21:35 - [MESSAGE][INFO] - Smart Wait Function is triggered

2023-11-24 12:21:35 - [MESSAGE][INFO] - Found 1 web elements with id: 'Object Repository/Connexion Usager/Btn_Parametres Avances' located by 'By.xpath: //*[@id="details-button"]' in '20' second(s)

2023-11-24 12:21:35 - [MESSAGE][INFO] - Checking object

2023-11-24 12:21:35 - [MESSAGE][INFO] - Checking timeout

2023-11-24 12:21:35 - [MESSAGE][INFO] - Finding web element from Test Object's properties

2023-11-24 12:21:35 - [MESSAGE][INFO] - Checking timeout

2023-11-24 12:21:35 - [MESSAGE][INFO] - Finding web element with id: 'Object Repository/Connexion Usager/Btn_Parametres Avances' located by 'By.xpath: //*[@id="details-button"]' in '5' second(s)

2023-11-24 12:21:35 - [MESSAGE][INFO] - Smart Wait Function is triggered

2023-11-24 12:21:35 - [MESSAGE][INFO] - Found 1 web elements with id: 'Object Repository/Connexion Usager/Btn_Parametres Avances' located by 'By.xpath: //*[@id="details-button"]' in '5' second(s)

2023-11-24 12:21:35 - [MESSAGE][INFO] - Clicking on object: 'Object Repository/Connexion Usager/Btn_Parametres Avances'

2023-11-24 12:21:37 - [MESSAGE][PASSED] - Object: 'Object Repository/Connexion Usager/Btn_Parametres Avances' is clicked on

2023-11-24 12:21:37 - [TEST_STEP][PASSED] - click(findTestObject("Object Repository/Connexion Usager/Link_Proceed-Link"), OPTIONAL): Object: 'Object Repository/Connexion Usager/Link_Proceed-Link' is clicked on

2023-11-24 12:21:37 - [MESSAGE][INFO] - Finding Test Object 'Object Repository/Connexion Usager/Link_Proceed-Link'

2023-11-24 12:21:37 - [MESSAGE][INFO] - Checking timeout

2023-11-24 12:21:37 - [MESSAGE][INFO] - Finding web element with id: 'Object Repository/Connexion Usager/Link_Proceed-Link' located by 'By.xpath: //*[@id="proceed-link"]' in '20' second(s)

2023-11-24 12:21:37 - [MESSAGE][INFO] - Smart Wait Function is triggered

2023-11-24 12:21:37 - [MESSAGE][INFO] - Found 1 web elements with id: 'Object Repository/Connexion Usager/Link_Proceed-Link' located by 'By.xpath: //*[@id="proceed-link"]' in '20' second(s)

2023-11-24 12:21:37 - [MESSAGE][INFO] - Checking object

2023-11-24 12:21:37 - [MESSAGE][INFO] - Checking timeout

2023-11-24 12:21:37 - [MESSAGE][INFO] - Finding web element from Test Object's properties

2023-11-24 12:21:37 - [MESSAGE][INFO] - Checking timeout

2023-11-24 12:21:37 - [MESSAGE][INFO] - Finding web element with id: 'Object Repository/Connexion Usager/Link_Proceed-Link' located by 'By.xpath: //*[@id="proceed-link"]' in '5' second(s)

2023-11-24 12:21:37 - [MESSAGE][INFO] - Smart Wait Function is triggered

2023-11-24 12:21:37 - [MESSAGE][INFO] - Found 1 web elements with id: 'Object Repository/Connexion Usager/Link_Proceed-Link' located by 'By.xpath: //*[@id="proceed-link"]' in '5' second(s)

2023-11-24 12:21:37 - [MESSAGE][INFO] - Clicking on object: 'Object Repository/Connexion Usager/Link_Proceed-Link'

2023-11-24 12:21:55 - [MESSAGE][PASSED] - Object: 'Object Repository/Connexion Usager/Link_Proceed-Link' is clicked on

2023-11-24 12:21:55 - [TEST_STEP][PASSED] - if (DriverName == "IE_DRIVER"): null

2023-11-24 12:21:55 - [TEST_STEP][PASSED] - delay(3): Delayed 3 second(s)

2023-11-24 12:21:55 - [MESSAGE][INFO] - Delaying browser in 3 second(s)

2023-11-24 12:21:58 - [MESSAGE][PASSED] - Delayed 3 second(s)

2023-11-24 12:21:58 - [MESSAGE][PASSED] - Call Test Case 'Test Cases/Test Reutilisable/Main/Erreur lie a la confidentialite' successfully

2023-11-24 12:21:58 - [TEST_STEP][PASSED] - delay(5): Delayed 5 second(s)

2023-11-24 12:21:58 - [MESSAGE][INFO] - Delaying browser in 5 second(s)

2023-11-24 12:22:03 - [MESSAGE][PASSED] - Delayed 5 second(s)

2023-11-24 12:22:03 - [TEST_STEP][PASSED] - verifyElementVisible(findTestObject("Object Repository/Connexion Usager/Link_Se Connecter"), STOP_ON_FAILURE): Object 'Object Repository/Connexion Usager/Link_Se Connecter' is visible

2023-11-24 12:22:03 - [MESSAGE][INFO] - Finding Test Object 'Object Repository/Connexion Usager/Link_Se Connecter'

2023-11-24 12:22:03 - [MESSAGE][INFO] - Checking object

2023-11-24 12:22:03 - [MESSAGE][INFO] - Finding web element from Test Object's properties

2023-11-24 12:22:03 - [MESSAGE][INFO] - Checking timeout

2023-11-24 12:22:03 - [MESSAGE][INFO] - Finding web element with id: 'Object Repository/Connexion Usager/Link_Se Connecter' located by 'By.xpath: //*[@id="connexion_link"]' in '5' second(s)

2023-11-24 12:22:03 - [MESSAGE][INFO] - Smart Wait Function is triggered

2023-11-24 12:22:03 - [MESSAGE][INFO] - Found 1 web elements with id: 'Object Repository/Connexion Usager/Link_Se Connecter' located by 'By.xpath: //*[@id="connexion_link"]' in '5' second(s)

2023-11-24 12:22:03 - [MESSAGE][PASSED] - Object 'Object Repository/Connexion Usager/Link_Se Connecter' is visible

2023-11-24 12:22:03 - [TEST_STEP][PASSED] - break: null

2023-11-24 12:22:03 - [TEST_STEP][PASSED] - if (Profiles == "Agent"): null

2023-11-24 12:22:03 - [TEST_STEP][PASSED] - else: null

2023-11-24 12:22:03 - [TEST_STEP][PASSED] - println("Vérifier le Portail de votre connexion Usager ou Agent"): null

2023-11-24 12:22:03 - [MESSAGE][PASSED] - Call Test Case 'Test Cases/Test Reutilisable/Main/Lancer URL ANEF' successfully

2023-11-24 12:22:03 - [TEST_STEP][FAILED] - if (StopTestCase == false): Unable to call Test Case 'Test Cases/Test Reutilisable/DemandeOuRenouvelle_TitreSejour/FormulaireInformationsPersonnelles' (Root cause: com.kms.katalon.core.exception.StepFailedException: Call Test Case 'Test Cases/Test Reutilisable/DemandeOuRenouvelle_TitreSejour/FormulaireInformationsPersonnelles' failed
	at com.kms.katalon.core.keyword.builtin.CallTestCaseKeyword$_callTestCase_closure1.doCall(CallTestCaseKeyword.groovy:63)
	at com.kms.katalon.core.keyword.builtin.CallTestCaseKeyword$_callTestCase_closure1.call(CallTestCaseKeyword.groovy)
	at com.kms.katalon.core.keyword.internal.KeywordMain.runKeyword(KeywordMain.groovy:75)
	at com.kms.katalon.core.keyword.builtin.CallTestCaseKeyword.callTestCase(CallTestCaseKeyword.groovy:81)
	at com.kms.katalon.core.keyword.builtin.CallTestCaseKeyword.execute(CallTestCaseKeyword.groovy:44)
	at com.kms.katalon.core.keyword.internal.KeywordExecutor.executeKeywordForPlatform(KeywordExecutor.groovy:74)
	at com.kms.katalon.core.keyword.BuiltinKeywords.callTestCase(BuiltinKeywords.groovy:310)
	at com.kazurayam.ksbackyard.HighlightElement$_pandemic_closure1.doCall(HighlightElement.groovy:105)
	at TNR R.TSPT Supp90-Etudiant.run(TNR R.TSPT Supp90-Etudiant:47)
	at com.kms.katalon.core.main.ScriptEngine.run(ScriptEngine.java:194)
	at com.kms.katalon.core.main.ScriptEngine.runScriptAsRawText(ScriptEngine.java:119)
	at com.kms.katalon.core.main.TestCaseExecutor.runScript(TestCaseExecutor.java:448)
	at com.kms.katalon.core.main.TestCaseExecutor.doExecute(TestCaseExecutor.java:439)
	at com.kms.katalon.core.main.TestCaseExecutor.processExecutionPhase(TestCaseExecutor.java:418)
	at com.kms.katalon.core.main.TestCaseExecutor.accessMainPhase(TestCaseExecutor.java:410)
	at com.kms.katalon.core.main.TestCaseExecutor.execute(TestCaseExecutor.java:285)
	at com.kms.katalon.core.common.CommonExecutor.accessTestCaseMainPhase(CommonExecutor.java:65)
	at com.kms.katalon.core.main.TestSuiteExecutor.accessTestSuiteMainPhase(TestSuiteExecutor.java:148)
	at com.kms.katalon.core.main.TestSuiteExecutor.execute(TestSuiteExecutor.java:106)
	at com.kms.katalon.core.main.TestCaseMain.startTestSuite(TestCaseMain.java:187)
	at com.kms.katalon.core.main.TestCaseMain$startTestSuite$0.call(Unknown Source)
	at TempTestSuite1700824657414.run(TempTestSuite1700824657414.groovy:36)
Caused by: com.kms.katalon.core.exception.StepFailedException: Unable to set text '3 rue des 3 moulins 77000 melun' of object 'Object Repository/Page_InformationPersonnelles_Usager/Input_AdresseUsager'
	at com.kms.katalon.core.webui.keyword.internal.WebUIKeywordMain.stepFailed(WebUIKeywordMain.groovy:64)
	at com.kms.katalon.core.webui.keyword.internal.WebUIKeywordMain.runKeyword(WebUIKeywordMain.groovy:26)
	at com.kms.katalon.core.webui.keyword.builtin.SetTextKeyword.setText(SetTextKeyword.groovy:66)
	at com.kms.katalon.core.webui.keyword.builtin.SetTextKeyword.execute(SetTextKeyword.groovy:37)
	at com.kms.katalon.core.keyword.internal.KeywordExecutor.executeKeywordForPlatform(KeywordExecutor.groovy:74)
	at com.kms.katalon.core.webui.keyword.WebUiBuiltInKeywords.setText(WebUiBuiltInKeywords.groovy:980)
	at com.kazurayam.ksbackyard.HighlightElement$_pandemic_closure1.doCall(HighlightElement.groovy:105)
	at FormulaireInformationsPersonnelles.run(FormulaireInformationsPersonnelles:41)
	at com.kms.katalon.core.main.ScriptEngine.run(ScriptEngine.java:194)
	at com.kms.katalon.core.main.ScriptEngine.runScriptAsRawText(ScriptEngine.java:119)
	at com.kms.katalon.core.main.TestCaseExecutor.runScript(TestCaseExecutor.java:448)
	at com.kms.katalon.core.main.TestCaseExecutor.doExecute(TestCaseExecutor.java:439)
	at com.kms.katalon.core.main.TestCaseExecutor.processExecutionPhase(TestCaseExecutor.java:418)
	at com.kms.katalon.core.main.TestCaseExecutor.accessMainPhase(TestCaseExecutor.java:410)
	at com.kms.katalon.core.main.TestCaseExecutor.execute(TestCaseExecutor.java:285)
	at com.kms.katalon.core.main.TestCaseMain.runTestCase(TestCaseMain.java:144)
	at com.kms.katalon.core.keyword.builtin.CallTestCaseKeyword$_callTestCase_closure1.doCall(CallTestCaseKeyword.groovy:59)
	... 21 more
Caused by: com.kms.katalon.core.webui.exception.WebElementNotFoundException: Web element with id: 'Object Repository/Page_InformationPersonnelles_Usager/Input_AdresseUsager' located by '//app-informations-personnelles//app-adresse-etalab//app-vls-ts-etalab//div/input|//app-informations-personnelles-shared//app-adresse-etalab//app-vls-ts-etalab//div/input' not found
	at com.kms.katalon.core.webui.common.WebUiCommonHelper.findWebElement(WebUiCommonHelper.java:1381)
	at com.kms.katalon.core.webui.keyword.internal.WebUIAbstractKeyword.findWebElement(WebUIAbstractKeyword.groovy:27)
	at com.kms.katalon.core.webui.keyword.internal.WebUIAbstractKeyword.findWebElement(WebUIAbstractKeyword.groovy:26)
	at com.kms.katalon.core.webui.keyword.builtin.SetTextKeyword$_setText_closure1.doCall(SetTextKeyword.groovy:51)
	at com.kms.katalon.core.webui.keyword.builtin.SetTextKeyword$_setText_closure1.call(SetTextKeyword.groovy)
	at com.kms.katalon.core.webui.keyword.internal.WebUIKeywordMain.runKeyword(WebUIKeywordMain.groovy:20)
	... 36 more
)

2023-11-24 12:22:03 - [TEST_STEP][PASSED] - callTestCase(findTestCase("Test Reutilisable/Main/Identification"), ["Profiles":"Usager", "NumEtrangerVisa":NumEtrangerVisa], STOP_ON_FAILURE): Call Test Case 'Test Cases/Test Reutilisable/Main/Identification' successfully

2023-11-24 12:22:03 - [MESSAGE][INFO] - Checking called Test Case

2023-11-24 12:22:03 - [MESSAGE][INFO] - Starting to call Test Case 'Test Cases/Test Reutilisable/Main/Identification'

2023-11-24 12:22:03 - [TEST_CASE][PASSED] - Test Cases/Test Reutilisable/Main/Identification: Test Cases/Test Reutilisable/Main/Identification

2023-11-24 12:22:03 - [TEST_STEP][PASSED] - if (Profiles == "Usager"): Object 'Object Repository/Page_Accueil_Usager/Span_MesNotifications' is present

2023-11-24 12:22:03 - [TEST_STEP][PASSED] - delay(5): Delayed 5 second(s)

2023-11-24 12:22:03 - [MESSAGE][INFO] - Delaying browser in 5 second(s)

2023-11-24 12:22:08 - [MESSAGE][PASSED] - Delayed 5 second(s)

2023-11-24 12:22:08 - [TEST_STEP][PASSED] - click(findTestObject("Object Repository/Connexion Usager/Link_Se Connecter")): Object: 'Object Repository/Connexion Usager/Link_Se Connecter' is clicked on

2023-11-24 12:22:08 - [MESSAGE][INFO] - Finding Test Object 'Object Repository/Connexion Usager/Link_Se Connecter'

2023-11-24 12:22:08 - [MESSAGE][INFO] - Checking timeout

2023-11-24 12:22:08 - [MESSAGE][INFO] - Finding web element with id: 'Object Repository/Connexion Usager/Link_Se Connecter' located by 'By.xpath: //*[@id="connexion_link"]' in '20' second(s)

2023-11-24 12:22:08 - [MESSAGE][INFO] - Smart Wait Function is triggered

2023-11-24 12:22:08 - [MESSAGE][INFO] - Found 1 web elements with id: 'Object Repository/Connexion Usager/Link_Se Connecter' located by 'By.xpath: //*[@id="connexion_link"]' in '20' second(s)

2023-11-24 12:22:08 - [MESSAGE][INFO] - Checking object

2023-11-24 12:22:08 - [MESSAGE][INFO] - Checking timeout

2023-11-24 12:22:08 - [MESSAGE][INFO] - Finding web element from Test Object's properties

2023-11-24 12:22:08 - [MESSAGE][INFO] - Checking timeout

2023-11-24 12:22:08 - [MESSAGE][INFO] - Finding web element with id: 'Object Repository/Connexion Usager/Link_Se Connecter' located by 'By.xpath: //*[@id="connexion_link"]' in '5' second(s)

2023-11-24 12:22:08 - [MESSAGE][INFO] - Smart Wait Function is triggered

2023-11-24 12:22:08 - [MESSAGE][INFO] - Found 1 web elements with id: 'Object Repository/Connexion Usager/Link_Se Connecter' located by 'By.xpath: //*[@id="connexion_link"]' in '5' second(s)

2023-11-24 12:22:08 - [MESSAGE][INFO] - Clicking on object: 'Object Repository/Connexion Usager/Link_Se Connecter'

2023-11-24 12:22:26 - [MESSAGE][PASSED] - Object: 'Object Repository/Connexion Usager/Link_Se Connecter' is clicked on

2023-11-24 12:22:26 - [TEST_STEP][PASSED] - callTestCase(findTestCase("Test Reutilisable/Main/Erreur lie a la confidentialite"), [:], STOP_ON_FAILURE): Call Test Case 'Test Cases/Test Reutilisable/Main/Erreur lie a la confidentialite' successfully

2023-11-24 12:22:26 - [MESSAGE][INFO] - Checking called Test Case

2023-11-24 12:22:26 - [MESSAGE][INFO] - Starting to call Test Case 'Test Cases/Test Reutilisable/Main/Erreur lie a la confidentialite'

2023-11-24 12:22:26 - [TEST_CASE][PASSED] - Test Cases/Test Reutilisable/Main/Erreur lie a la confidentialite: Test Cases/Test Reutilisable/Main/Erreur lie a la confidentialite

2023-11-24 12:22:26 - [TEST_STEP][PASSED] - tools.WaitForLoadedPage.waitForElementRendering(): tools.WaitForLoadedPage.waitForElementRendering is PASSED

2023-11-24 12:22:26 - [MESSAGE][PASSED] - tools.WaitForLoadedPage.waitForElementRendering is PASSED

2023-11-24 12:22:26 - [TEST_STEP][PASSED] - "Call Highlight.on() automatically": null

2023-11-24 12:22:26 - [TEST_STEP][PASSED] - DriverName = DriverName: null

2023-11-24 12:22:26 - [TEST_STEP][PASSED] - if (DriverName == "CHROME_DRIVER" || "EDGE_CHROMIUM_DRIVER" || "HEADLESS_DRIVER"): com.kms.katalon.core.webui.exception.WebElementNotFoundException: Web element with id: 'Object Repository/Connexion Usager/Btn_Parametres Avances' located by '//*[@id="details-button"]' not found (Root cause: com.kms.katalon.core.exception.StepFailedException: com.kms.katalon.core.webui.exception.WebElementNotFoundException: Web element with id: 'Object Repository/Connexion Usager/Btn_Parametres Avances' located by '//*[@id="details-button"]' not found
	at com.kms.katalon.core.webui.keyword.internal.WebUIKeywordMain.stepFailed(WebUIKeywordMain.groovy:64)
	at com.kms.katalon.core.webui.keyword.builtin.VerifyElementPresentKeyword$_verifyElementPresent_closure1.doCall(VerifyElementPresentKeyword.groovy:85)
	at com.kms.katalon.core.webui.keyword.builtin.VerifyElementPresentKeyword$_verifyElementPresent_closure1.call(VerifyElementPresentKeyword.groovy)
	at com.kms.katalon.core.webui.keyword.internal.WebUIKeywordMain.runKeyword(WebUIKeywordMain.groovy:20)
	at com.kms.katalon.core.webui.keyword.builtin.VerifyElementPresentKeyword.verifyElementPresent(VerifyElementPresentKeyword.groovy:92)
	at com.kms.katalon.core.webui.keyword.builtin.VerifyElementPresentKeyword.execute(VerifyElementPresentKeyword.groovy:68)
	at com.kms.katalon.core.keyword.internal.KeywordExecutor.executeKeywordForPlatform(KeywordExecutor.groovy:74)
	at com.kms.katalon.core.webui.keyword.WebUiBuiltInKeywords.verifyElementPresent(WebUiBuiltInKeywords.groovy:1448)
	at com.kazurayam.ksbackyard.HighlightElement$_pandemic_closure1.doCall(HighlightElement.groovy:105)
	at Erreur lie a la confidentialite.run(Erreur lie a la confidentialite:43)
	at com.kms.katalon.core.main.ScriptEngine.run(ScriptEngine.java:194)
	at com.kms.katalon.core.main.ScriptEngine.runScriptAsRawText(ScriptEngine.java:119)
	at com.kms.katalon.core.main.TestCaseExecutor.runScript(TestCaseExecutor.java:448)
	at com.kms.katalon.core.main.TestCaseExecutor.doExecute(TestCaseExecutor.java:439)
	at com.kms.katalon.core.main.TestCaseExecutor.processExecutionPhase(TestCaseExecutor.java:418)
	at com.kms.katalon.core.main.TestCaseExecutor.accessMainPhase(TestCaseExecutor.java:410)
	at com.kms.katalon.core.main.TestCaseExecutor.execute(TestCaseExecutor.java:285)
	at com.kms.katalon.core.main.TestCaseMain.runTestCase(TestCaseMain.java:144)
	at com.kms.katalon.core.keyword.builtin.CallTestCaseKeyword$_callTestCase_closure1.doCall(CallTestCaseKeyword.groovy:59)
	at com.kms.katalon.core.keyword.builtin.CallTestCaseKeyword$_callTestCase_closure1.call(CallTestCaseKeyword.groovy)
	at com.kms.katalon.core.keyword.internal.KeywordMain.runKeyword(KeywordMain.groovy:75)
	at com.kms.katalon.core.keyword.builtin.CallTestCaseKeyword.callTestCase(CallTestCaseKeyword.groovy:81)
	at com.kms.katalon.core.keyword.builtin.CallTestCaseKeyword.execute(CallTestCaseKeyword.groovy:44)
	at com.kms.katalon.core.keyword.internal.KeywordExecutor.executeKeywordForPlatform(KeywordExecutor.groovy:74)
	at com.kms.katalon.core.keyword.BuiltinKeywords.callTestCase(BuiltinKeywords.groovy:310)
	at com.kazurayam.ksbackyard.HighlightElement$_pandemic_closure1.doCall(HighlightElement.groovy:105)
	at Identification.run(Identification:35)
	at com.kms.katalon.core.main.ScriptEngine.run(ScriptEngine.java:194)
	at com.kms.katalon.core.main.ScriptEngine.runScriptAsRawText(ScriptEngine.java:119)
	at com.kms.katalon.core.main.TestCaseExecutor.runScript(TestCaseExecutor.java:448)
	at com.kms.katalon.core.main.TestCaseExecutor.doExecute(TestCaseExecutor.java:439)
	at com.kms.katalon.core.main.TestCaseExecutor.processExecutionPhase(TestCaseExecutor.java:418)
	at com.kms.katalon.core.main.TestCaseExecutor.accessMainPhase(TestCaseExecutor.java:410)
	at com.kms.katalon.core.main.TestCaseExecutor.execute(TestCaseExecutor.java:285)
	at com.kms.katalon.core.main.TestCaseMain.runTestCase(TestCaseMain.java:144)
	at com.kms.katalon.core.keyword.builtin.CallTestCaseKeyword$_callTestCase_closure1.doCall(CallTestCaseKeyword.groovy:59)
	at com.kms.katalon.core.keyword.builtin.CallTestCaseKeyword$_callTestCase_closure1.call(CallTestCaseKeyword.groovy)
	at com.kms.katalon.core.keyword.internal.KeywordMain.runKeyword(KeywordMain.groovy:75)
	at com.kms.katalon.core.keyword.builtin.CallTestCaseKeyword.callTestCase(CallTestCaseKeyword.groovy:81)
	at com.kms.katalon.core.keyword.builtin.CallTestCaseKeyword.execute(CallTestCaseKeyword.groovy:44)
	at com.kms.katalon.core.keyword.internal.KeywordExecutor.executeKeywordForPlatform(KeywordExecutor.groovy:74)
	at com.kms.katalon.core.keyword.BuiltinKeywords.callTestCase(BuiltinKeywords.groovy:310)
	at com.kazurayam.ksbackyard.HighlightElement$_pandemic_closure1.doCall(HighlightElement.groovy:105)
	at TNR R.TSPT Supp90-Etudiant.run(TNR R.TSPT Supp90-Etudiant:35)
	at com.kms.katalon.core.main.ScriptEngine.run(ScriptEngine.java:194)
	at com.kms.katalon.core.main.ScriptEngine.runScriptAsRawText(ScriptEngine.java:119)
	at com.kms.katalon.core.main.TestCaseExecutor.runScript(TestCaseExecutor.java:448)
	at com.kms.katalon.core.main.TestCaseExecutor.doExecute(TestCaseExecutor.java:439)
	at com.kms.katalon.core.main.TestCaseExecutor.processExecutionPhase(TestCaseExecutor.java:418)
	at com.kms.katalon.core.main.TestCaseExecutor.accessMainPhase(TestCaseExecutor.java:410)
	at com.kms.katalon.core.main.TestCaseExecutor.execute(TestCaseExecutor.java:285)
	at com.kms.katalon.core.common.CommonExecutor.accessTestCaseMainPhase(CommonExecutor.java:65)
	at com.kms.katalon.core.main.TestSuiteExecutor.accessTestSuiteMainPhase(TestSuiteExecutor.java:148)
	at com.kms.katalon.core.main.TestSuiteExecutor.execute(TestSuiteExecutor.java:106)
	at com.kms.katalon.core.main.TestCaseMain.startTestSuite(TestCaseMain.java:187)
	at com.kms.katalon.core.main.TestCaseMain$startTestSuite$0.call(Unknown Source)
	at TempTestSuite1700824657414.run(TempTestSuite1700824657414.groovy:36)
)

2023-11-24 12:22:26 - [TEST_STEP][PASSED] - if (verifyElementPresent(findTestObject("Object Repository/Connexion Usager/Btn_Parametres Avances"), 2, OPTIONAL)): com.kms.katalon.core.webui.exception.WebElementNotFoundException: Web element with id: 'Object Repository/Connexion Usager/Btn_Parametres Avances' located by '//*[@id="details-button"]' not found (Root cause: com.kms.katalon.core.exception.StepFailedException: com.kms.katalon.core.webui.exception.WebElementNotFoundException: Web element with id: 'Object Repository/Connexion Usager/Btn_Parametres Avances' located by '//*[@id="details-button"]' not found
	at com.kms.katalon.core.webui.keyword.internal.WebUIKeywordMain.stepFailed(WebUIKeywordMain.groovy:64)
	at com.kms.katalon.core.webui.keyword.builtin.VerifyElementPresentKeyword$_verifyElementPresent_closure1.doCall(VerifyElementPresentKeyword.groovy:85)
	at com.kms.katalon.core.webui.keyword.builtin.VerifyElementPresentKeyword$_verifyElementPresent_closure1.call(VerifyElementPresentKeyword.groovy)
	at com.kms.katalon.core.webui.keyword.internal.WebUIKeywordMain.runKeyword(WebUIKeywordMain.groovy:20)
	at com.kms.katalon.core.webui.keyword.builtin.VerifyElementPresentKeyword.verifyElementPresent(VerifyElementPresentKeyword.groovy:92)
	at com.kms.katalon.core.webui.keyword.builtin.VerifyElementPresentKeyword.execute(VerifyElementPresentKeyword.groovy:68)
	at com.kms.katalon.core.keyword.internal.KeywordExecutor.executeKeywordForPlatform(KeywordExecutor.groovy:74)
	at com.kms.katalon.core.webui.keyword.WebUiBuiltInKeywords.verifyElementPresent(WebUiBuiltInKeywords.groovy:1448)
	at com.kazurayam.ksbackyard.HighlightElement$_pandemic_closure1.doCall(HighlightElement.groovy:105)
	at Erreur lie a la confidentialite.run(Erreur lie a la confidentialite:43)
	at com.kms.katalon.core.main.ScriptEngine.run(ScriptEngine.java:194)
	at com.kms.katalon.core.main.ScriptEngine.runScriptAsRawText(ScriptEngine.java:119)
	at com.kms.katalon.core.main.TestCaseExecutor.runScript(TestCaseExecutor.java:448)
	at com.kms.katalon.core.main.TestCaseExecutor.doExecute(TestCaseExecutor.java:439)
	at com.kms.katalon.core.main.TestCaseExecutor.processExecutionPhase(TestCaseExecutor.java:418)
	at com.kms.katalon.core.main.TestCaseExecutor.accessMainPhase(TestCaseExecutor.java:410)
	at com.kms.katalon.core.main.TestCaseExecutor.execute(TestCaseExecutor.java:285)
	at com.kms.katalon.core.main.TestCaseMain.runTestCase(TestCaseMain.java:144)
	at com.kms.katalon.core.keyword.builtin.CallTestCaseKeyword$_callTestCase_closure1.doCall(CallTestCaseKeyword.groovy:59)
	at com.kms.katalon.core.keyword.builtin.CallTestCaseKeyword$_callTestCase_closure1.call(CallTestCaseKeyword.groovy)
	at com.kms.katalon.core.keyword.internal.KeywordMain.runKeyword(KeywordMain.groovy:75)
	at com.kms.katalon.core.keyword.builtin.CallTestCaseKeyword.callTestCase(CallTestCaseKeyword.groovy:81)
	at com.kms.katalon.core.keyword.builtin.CallTestCaseKeyword.execute(CallTestCaseKeyword.groovy:44)
	at com.kms.katalon.core.keyword.internal.KeywordExecutor.executeKeywordForPlatform(KeywordExecutor.groovy:74)
	at com.kms.katalon.core.keyword.BuiltinKeywords.callTestCase(BuiltinKeywords.groovy:310)
	at com.kazurayam.ksbackyard.HighlightElement$_pandemic_closure1.doCall(HighlightElement.groovy:105)
	at Identification.run(Identification:35)
	at com.kms.katalon.core.main.ScriptEngine.run(ScriptEngine.java:194)
	at com.kms.katalon.core.main.ScriptEngine.runScriptAsRawText(ScriptEngine.java:119)
	at com.kms.katalon.core.main.TestCaseExecutor.runScript(TestCaseExecutor.java:448)
	at com.kms.katalon.core.main.TestCaseExecutor.doExecute(TestCaseExecutor.java:439)
	at com.kms.katalon.core.main.TestCaseExecutor.processExecutionPhase(TestCaseExecutor.java:418)
	at com.kms.katalon.core.main.TestCaseExecutor.accessMainPhase(TestCaseExecutor.java:410)
	at com.kms.katalon.core.main.TestCaseExecutor.execute(TestCaseExecutor.java:285)
	at com.kms.katalon.core.main.TestCaseMain.runTestCase(TestCaseMain.java:144)
	at com.kms.katalon.core.keyword.builtin.CallTestCaseKeyword$_callTestCase_closure1.doCall(CallTestCaseKeyword.groovy:59)
	at com.kms.katalon.core.keyword.builtin.CallTestCaseKeyword$_callTestCase_closure1.call(CallTestCaseKeyword.groovy)
	at com.kms.katalon.core.keyword.internal.KeywordMain.runKeyword(KeywordMain.groovy:75)
	at com.kms.katalon.core.keyword.builtin.CallTestCaseKeyword.callTestCase(CallTestCaseKeyword.groovy:81)
	at com.kms.katalon.core.keyword.builtin.CallTestCaseKeyword.execute(CallTestCaseKeyword.groovy:44)
	at com.kms.katalon.core.keyword.internal.KeywordExecutor.executeKeywordForPlatform(KeywordExecutor.groovy:74)
	at com.kms.katalon.core.keyword.BuiltinKeywords.callTestCase(BuiltinKeywords.groovy:310)
	at com.kazurayam.ksbackyard.HighlightElement$_pandemic_closure1.doCall(HighlightElement.groovy:105)
	at TNR R.TSPT Supp90-Etudiant.run(TNR R.TSPT Supp90-Etudiant:35)
	at com.kms.katalon.core.main.ScriptEngine.run(ScriptEngine.java:194)
	at com.kms.katalon.core.main.ScriptEngine.runScriptAsRawText(ScriptEngine.java:119)
	at com.kms.katalon.core.main.TestCaseExecutor.runScript(TestCaseExecutor.java:448)
	at com.kms.katalon.core.main.TestCaseExecutor.doExecute(TestCaseExecutor.java:439)
	at com.kms.katalon.core.main.TestCaseExecutor.processExecutionPhase(TestCaseExecutor.java:418)
	at com.kms.katalon.core.main.TestCaseExecutor.accessMainPhase(TestCaseExecutor.java:410)
	at com.kms.katalon.core.main.TestCaseExecutor.execute(TestCaseExecutor.java:285)
	at com.kms.katalon.core.common.CommonExecutor.accessTestCaseMainPhase(CommonExecutor.java:65)
	at com.kms.katalon.core.main.TestSuiteExecutor.accessTestSuiteMainPhase(TestSuiteExecutor.java:148)
	at com.kms.katalon.core.main.TestSuiteExecutor.execute(TestSuiteExecutor.java:106)
	at com.kms.katalon.core.main.TestCaseMain.startTestSuite(TestCaseMain.java:187)
	at com.kms.katalon.core.main.TestCaseMain$startTestSuite$0.call(Unknown Source)
	at TempTestSuite1700824657414.run(TempTestSuite1700824657414.groovy:36)
)

2023-11-24 12:22:26 - [MESSAGE][INFO] - Finding Test Object 'Object Repository/Connexion Usager/Btn_Parametres Avances'

2023-11-24 12:22:27 - [MESSAGE][INFO] - Checking object

2023-11-24 12:22:27 - [MESSAGE][INFO] - Finding web element from Test Object's properties

2023-11-24 12:22:27 - [MESSAGE][INFO] - Checking timeout

2023-11-24 12:22:27 - [MESSAGE][INFO] - Finding web element with id: 'Object Repository/Connexion Usager/Btn_Parametres Avances' located by 'By.xpath: //*[@id="details-button"]' in '2' second(s)

2023-11-24 12:22:27 - [MESSAGE][INFO] - Smart Wait Function is triggered

2023-11-24 12:22:27 - [MESSAGE][INFO] - Smart Wait Function is triggered

2023-11-24 12:22:27 - [MESSAGE][INFO] - Smart Wait Function is triggered

2023-11-24 12:22:27 - [MESSAGE][INFO] - Smart Wait Function is triggered

2023-11-24 12:22:27 - [MESSAGE][INFO] - Smart Wait Function is triggered

2023-11-24 12:22:27 - [MESSAGE][INFO] - Smart Wait Function is triggered

2023-11-24 12:22:27 - [MESSAGE][INFO] - Smart Wait Function is triggered

2023-11-24 12:22:27 - [MESSAGE][INFO] - Smart Wait Function is triggered

2023-11-24 12:22:27 - [MESSAGE][INFO] - Smart Wait Function is triggered

2023-11-24 12:22:27 - [MESSAGE][INFO] - Smart Wait Function is triggered

2023-11-24 12:22:27 - [MESSAGE][INFO] - Smart Wait Function is triggered

2023-11-24 12:22:27 - [MESSAGE][INFO] - Smart Wait Function is triggered

2023-11-24 12:22:27 - [MESSAGE][INFO] - Smart Wait Function is triggered

2023-11-24 12:22:27 - [MESSAGE][INFO] - Smart Wait Function is triggered

2023-11-24 12:22:27 - [MESSAGE][INFO] - Smart Wait Function is triggered

2023-11-24 12:22:27 - [MESSAGE][INFO] - Smart Wait Function is triggered

2023-11-24 12:22:27 - [MESSAGE][INFO] - Smart Wait Function is triggered

2023-11-24 12:22:27 - [MESSAGE][INFO] - Smart Wait Function is triggered

2023-11-24 12:22:27 - [MESSAGE][INFO] - Smart Wait Function is triggered

2023-11-24 12:22:27 - [MESSAGE][INFO] - Smart Wait Function is triggered

2023-11-24 12:22:27 - [MESSAGE][INFO] - Smart Wait Function is triggered

2023-11-24 12:22:27 - [MESSAGE][INFO] - Smart Wait Function is triggered

2023-11-24 12:22:27 - [MESSAGE][INFO] - Smart Wait Function is triggered

2023-11-24 12:22:27 - [MESSAGE][INFO] - Smart Wait Function is triggered

2023-11-24 12:22:27 - [MESSAGE][INFO] - Smart Wait Function is triggered

2023-11-24 12:22:27 - [MESSAGE][INFO] - Smart Wait Function is triggered

2023-11-24 12:22:27 - [MESSAGE][INFO] - Smart Wait Function is triggered

2023-11-24 12:22:27 - [MESSAGE][INFO] - Smart Wait Function is triggered

2023-11-24 12:22:27 - [MESSAGE][INFO] - Smart Wait Function is triggered

2023-11-24 12:22:27 - [MESSAGE][INFO] - Smart Wait Function is triggered

2023-11-24 12:22:28 - [MESSAGE][INFO] - Smart Wait Function is triggered

2023-11-24 12:22:28 - [MESSAGE][INFO] - Smart Wait Function is triggered

2023-11-24 12:22:28 - [MESSAGE][INFO] - Smart Wait Function is triggered

2023-11-24 12:22:28 - [MESSAGE][INFO] - Smart Wait Function is triggered

2023-11-24 12:22:28 - [MESSAGE][INFO] - Smart Wait Function is triggered

2023-11-24 12:22:28 - [MESSAGE][INFO] - Smart Wait Function is triggered

2023-11-24 12:22:28 - [MESSAGE][INFO] - Smart Wait Function is triggered

2023-11-24 12:22:28 - [MESSAGE][INFO] - Smart Wait Function is triggered

2023-11-24 12:22:28 - [MESSAGE][INFO] - Smart Wait Function is triggered

2023-11-24 12:22:28 - [MESSAGE][INFO] - Smart Wait Function is triggered

2023-11-24 12:22:28 - [MESSAGE][INFO] - Smart Wait Function is triggered

2023-11-24 12:22:28 - [MESSAGE][INFO] - Smart Wait Function is triggered

2023-11-24 12:22:28 - [MESSAGE][INFO] - Smart Wait Function is triggered

2023-11-24 12:22:28 - [MESSAGE][INFO] - Smart Wait Function is triggered

2023-11-24 12:22:28 - [MESSAGE][INFO] - Smart Wait Function is triggered

2023-11-24 12:22:28 - [MESSAGE][INFO] - Smart Wait Function is triggered

2023-11-24 12:22:28 - [MESSAGE][INFO] - Smart Wait Function is triggered

2023-11-24 12:22:28 - [MESSAGE][INFO] - Smart Wait Function is triggered

2023-11-24 12:22:28 - [MESSAGE][INFO] - Smart Wait Function is triggered

2023-11-24 12:22:28 - [MESSAGE][INFO] - Smart Wait Function is triggered

2023-11-24 12:22:28 - [MESSAGE][INFO] - Smart Wait Function is triggered

2023-11-24 12:22:28 - [MESSAGE][INFO] - Smart Wait Function is triggered

2023-11-24 12:22:28 - [MESSAGE][INFO] - Smart Wait Function is triggered

2023-11-24 12:22:28 - [MESSAGE][INFO] - Smart Wait Function is triggered

2023-11-24 12:22:28 - [MESSAGE][INFO] - Smart Wait Function is triggered

2023-11-24 12:22:28 - [MESSAGE][INFO] - Smart Wait Function is triggered

2023-11-24 12:22:28 - [MESSAGE][INFO] - Smart Wait Function is triggered

2023-11-24 12:22:28 - [MESSAGE][INFO] - Smart Wait Function is triggered

2023-11-24 12:22:28 - [MESSAGE][INFO] - Smart Wait Function is triggered

2023-11-24 12:22:28 - [MESSAGE][INFO] - Smart Wait Function is triggered

2023-11-24 12:22:28 - [MESSAGE][INFO] - Smart Wait Function is triggered

2023-11-24 12:22:28 - [MESSAGE][INFO] - Smart Wait Function is triggered

2023-11-24 12:22:29 - [MESSAGE][INFO] - Smart Wait Function is triggered

2023-11-24 12:22:29 - [MESSAGE][INFO] - Smart Wait Function is triggered

2023-11-24 12:22:29 - [MESSAGE][INFO] - Smart Wait Function is triggered

2023-11-24 12:22:29 - [MESSAGE][INFO] - Smart Wait Function is triggered

2023-11-24 12:22:29 - [MESSAGE][INFO] - Smart Wait Function is triggered

2023-11-24 12:22:29 - [MESSAGE][INFO] - Smart Wait Function is triggered

2023-11-24 12:22:29 - [MESSAGE][INFO] - Smart Wait Function is triggered

2023-11-24 12:22:29 - [MESSAGE][INFO] - Smart Wait Function is triggered

2023-11-24 12:22:29 - [MESSAGE][INFO] - Smart Wait Function is triggered

2023-11-24 12:22:29 - [MESSAGE][INFO] - Smart Wait Function is triggered

2023-11-24 12:22:29 - [MESSAGE][INFO] - Smart Wait Function is triggered

2023-11-24 12:22:29 - [MESSAGE][INFO] - Smart Wait Function is triggered

2023-11-24 12:22:29 - [MESSAGE][INFO] - Smart Wait Function is triggered

2023-11-24 12:22:29 - [MESSAGE][INFO] - Smart Wait Function is triggered

2023-11-24 12:22:29 - [MESSAGE][INFO] - Smart Wait Function is triggered

2023-11-24 12:22:29 - [MESSAGE][INFO] - Smart Wait Function is triggered

2023-11-24 12:22:29 - [MESSAGE][INFO] - Smart Wait Function is triggered

2023-11-24 12:22:29 - [MESSAGE][INFO] - Smart Wait Function is triggered

2023-11-24 12:22:29 - [MESSAGE][INFO] - Smart Wait Function is triggered

2023-11-24 12:22:29 - [MESSAGE][INFO] - Smart Wait Function is triggered

2023-11-24 12:22:29 - [MESSAGE][INFO] - Smart Wait Function is triggered

2023-11-24 12:22:29 - [MESSAGE][INFO] - Smart Wait Function is triggered

2023-11-24 12:22:29 - [MESSAGE][INFO] - Smart Wait Function is triggered

2023-11-24 12:22:29 - [MESSAGE][INFO] - Smart Wait Function is triggered

2023-11-24 12:22:29 - [MESSAGE][INFO] - Smart Wait Function is triggered

2023-11-24 12:22:29 - [MESSAGE][INFO] - Smart Wait Function is triggered

2023-11-24 12:22:29 - [MESSAGE][INFO] - Smart Wait Function is triggered

2023-11-24 12:22:29 - [MESSAGE][INFO] - Smart Wait Function is triggered

2023-11-24 12:22:29 - [MESSAGE][INFO] - Smart Wait Function is triggered

2023-11-24 12:22:29 - [MESSAGE][INFO] - Smart Wait Function is triggered

2023-11-24 12:22:29 - [MESSAGE][INFO] - Smart Wait Function is triggered

2023-11-24 12:22:29 - [MESSAGE][INFO] - Smart Wait Function is triggered

2023-11-24 12:22:30 - [MESSAGE][INFO] - Smart Wait Function is triggered

2023-11-24 12:22:30 - [MESSAGE][INFO] - Unable to find the element located by 'By.xpath: //*[@id="details-button"]'. Please recheck the objects properties to make sure the desired element is located. 

2023-11-24 12:22:30 - [MESSAGE][WARNING] - com.kms.katalon.core.webui.exception.WebElementNotFoundException: Web element with id: 'Object Repository/Connexion Usager/Btn_Parametres Avances' located by '//*[@id="details-button"]' not found (Root cause: com.kms.katalon.core.exception.StepFailedException: com.kms.katalon.core.webui.exception.WebElementNotFoundException: Web element with id: 'Object Repository/Connexion Usager/Btn_Parametres Avances' located by '//*[@id="details-button"]' not found
	at com.kms.katalon.core.webui.keyword.internal.WebUIKeywordMain.stepFailed(WebUIKeywordMain.groovy:64)
	at com.kms.katalon.core.webui.keyword.builtin.VerifyElementPresentKeyword$_verifyElementPresent_closure1.doCall(VerifyElementPresentKeyword.groovy:85)
	at com.kms.katalon.core.webui.keyword.builtin.VerifyElementPresentKeyword$_verifyElementPresent_closure1.call(VerifyElementPresentKeyword.groovy)
	at com.kms.katalon.core.webui.keyword.internal.WebUIKeywordMain.runKeyword(WebUIKeywordMain.groovy:20)
	at com.kms.katalon.core.webui.keyword.builtin.VerifyElementPresentKeyword.verifyElementPresent(VerifyElementPresentKeyword.groovy:92)
	at com.kms.katalon.core.webui.keyword.builtin.VerifyElementPresentKeyword.execute(VerifyElementPresentKeyword.groovy:68)
	at com.kms.katalon.core.keyword.internal.KeywordExecutor.executeKeywordForPlatform(KeywordExecutor.groovy:74)
	at com.kms.katalon.core.webui.keyword.WebUiBuiltInKeywords.verifyElementPresent(WebUiBuiltInKeywords.groovy:1448)
	at com.kazurayam.ksbackyard.HighlightElement$_pandemic_closure1.doCall(HighlightElement.groovy:105)
	at Erreur lie a la confidentialite.run(Erreur lie a la confidentialite:43)
	at com.kms.katalon.core.main.ScriptEngine.run(ScriptEngine.java:194)
	at com.kms.katalon.core.main.ScriptEngine.runScriptAsRawText(ScriptEngine.java:119)
	at com.kms.katalon.core.main.TestCaseExecutor.runScript(TestCaseExecutor.java:448)
	at com.kms.katalon.core.main.TestCaseExecutor.doExecute(TestCaseExecutor.java:439)
	at com.kms.katalon.core.main.TestCaseExecutor.processExecutionPhase(TestCaseExecutor.java:418)
	at com.kms.katalon.core.main.TestCaseExecutor.accessMainPhase(TestCaseExecutor.java:410)
	at com.kms.katalon.core.main.TestCaseExecutor.execute(TestCaseExecutor.java:285)
	at com.kms.katalon.core.main.TestCaseMain.runTestCase(TestCaseMain.java:144)
	at com.kms.katalon.core.keyword.builtin.CallTestCaseKeyword$_callTestCase_closure1.doCall(CallTestCaseKeyword.groovy:59)
	at com.kms.katalon.core.keyword.builtin.CallTestCaseKeyword$_callTestCase_closure1.call(CallTestCaseKeyword.groovy)
	at com.kms.katalon.core.keyword.internal.KeywordMain.runKeyword(KeywordMain.groovy:75)
	at com.kms.katalon.core.keyword.builtin.CallTestCaseKeyword.callTestCase(CallTestCaseKeyword.groovy:81)
	at com.kms.katalon.core.keyword.builtin.CallTestCaseKeyword.execute(CallTestCaseKeyword.groovy:44)
	at com.kms.katalon.core.keyword.internal.KeywordExecutor.executeKeywordForPlatform(KeywordExecutor.groovy:74)
	at com.kms.katalon.core.keyword.BuiltinKeywords.callTestCase(BuiltinKeywords.groovy:310)
	at com.kazurayam.ksbackyard.HighlightElement$_pandemic_closure1.doCall(HighlightElement.groovy:105)
	at Identification.run(Identification:35)
	at com.kms.katalon.core.main.ScriptEngine.run(ScriptEngine.java:194)
	at com.kms.katalon.core.main.ScriptEngine.runScriptAsRawText(ScriptEngine.java:119)
	at com.kms.katalon.core.main.TestCaseExecutor.runScript(TestCaseExecutor.java:448)
	at com.kms.katalon.core.main.TestCaseExecutor.doExecute(TestCaseExecutor.java:439)
	at com.kms.katalon.core.main.TestCaseExecutor.processExecutionPhase(TestCaseExecutor.java:418)
	at com.kms.katalon.core.main.TestCaseExecutor.accessMainPhase(TestCaseExecutor.java:410)
	at com.kms.katalon.core.main.TestCaseExecutor.execute(TestCaseExecutor.java:285)
	at com.kms.katalon.core.main.TestCaseMain.runTestCase(TestCaseMain.java:144)
	at com.kms.katalon.core.keyword.builtin.CallTestCaseKeyword$_callTestCase_closure1.doCall(CallTestCaseKeyword.groovy:59)
	at com.kms.katalon.core.keyword.builtin.CallTestCaseKeyword$_callTestCase_closure1.call(CallTestCaseKeyword.groovy)
	at com.kms.katalon.core.keyword.internal.KeywordMain.runKeyword(KeywordMain.groovy:75)
	at com.kms.katalon.core.keyword.builtin.CallTestCaseKeyword.callTestCase(CallTestCaseKeyword.groovy:81)
	at com.kms.katalon.core.keyword.builtin.CallTestCaseKeyword.execute(CallTestCaseKeyword.groovy:44)
	at com.kms.katalon.core.keyword.internal.KeywordExecutor.executeKeywordForPlatform(KeywordExecutor.groovy:74)
	at com.kms.katalon.core.keyword.BuiltinKeywords.callTestCase(BuiltinKeywords.groovy:310)
	at com.kazurayam.ksbackyard.HighlightElement$_pandemic_closure1.doCall(HighlightElement.groovy:105)
	at TNR R.TSPT Supp90-Etudiant.run(TNR R.TSPT Supp90-Etudiant:35)
	at com.kms.katalon.core.main.ScriptEngine.run(ScriptEngine.java:194)
	at com.kms.katalon.core.main.ScriptEngine.runScriptAsRawText(ScriptEngine.java:119)
	at com.kms.katalon.core.main.TestCaseExecutor.runScript(TestCaseExecutor.java:448)
	at com.kms.katalon.core.main.TestCaseExecutor.doExecute(TestCaseExecutor.java:439)
	at com.kms.katalon.core.main.TestCaseExecutor.processExecutionPhase(TestCaseExecutor.java:418)
	at com.kms.katalon.core.main.TestCaseExecutor.accessMainPhase(TestCaseExecutor.java:410)
	at com.kms.katalon.core.main.TestCaseExecutor.execute(TestCaseExecutor.java:285)
	at com.kms.katalon.core.common.CommonExecutor.accessTestCaseMainPhase(CommonExecutor.java:65)
	at com.kms.katalon.core.main.TestSuiteExecutor.accessTestSuiteMainPhase(TestSuiteExecutor.java:148)
	at com.kms.katalon.core.main.TestSuiteExecutor.execute(TestSuiteExecutor.java:106)
	at com.kms.katalon.core.main.TestCaseMain.startTestSuite(TestCaseMain.java:187)
	at com.kms.katalon.core.main.TestCaseMain$startTestSuite$0.call(Unknown Source)
	at TempTestSuite1700824657414.run(TempTestSuite1700824657414.groovy:36)
)
[[ATTACHMENT|C:\\Users\\ISSAM.RHARBAOUI\\git\\22_11\\ANEF-AutomatizationProject\\Reports\\20231124_121737\\TS_TNR_R.TSPT_Suppo90\\20231124_121737\\1700824950059.png]]

2023-11-24 12:22:30 - [TEST_STEP][PASSED] - if (DriverName == "IE_DRIVER"): null

2023-11-24 12:22:30 - [TEST_STEP][PASSED] - delay(3): Delayed 3 second(s)

2023-11-24 12:22:30 - [MESSAGE][INFO] - Delaying browser in 3 second(s)

2023-11-24 12:22:33 - [MESSAGE][PASSED] - Delayed 3 second(s)

2023-11-24 12:22:33 - [MESSAGE][PASSED] - Call Test Case 'Test Cases/Test Reutilisable/Main/Erreur lie a la confidentialite' successfully

2023-11-24 12:22:33 - [TEST_STEP][PASSED] - delay(5): Delayed 5 second(s)

2023-11-24 12:22:33 - [MESSAGE][INFO] - Delaying browser in 5 second(s)

2023-11-24 12:22:38 - [MESSAGE][PASSED] - Delayed 5 second(s)

2023-11-24 12:22:38 - [TEST_STEP][PASSED] - setText(findTestObject("Object Repository/Connexion Usager/Input_Identifiant"), NumEtrangerVisa): Text '7703040873' is set on object 'Object Repository/Connexion Usager/Input_Identifiant'

2023-11-24 12:22:38 - [MESSAGE][INFO] - Finding Test Object 'Object Repository/Connexion Usager/Input_Identifiant'

2023-11-24 12:22:38 - [MESSAGE][INFO] - Checking timeout

2023-11-24 12:22:38 - [MESSAGE][INFO] - Finding web element with id: 'Object Repository/Connexion Usager/Input_Identifiant' located by 'By.xpath: //*[@id="login"]' in '20' second(s)

2023-11-24 12:22:38 - [MESSAGE][INFO] - Smart Wait Function is triggered

2023-11-24 12:22:38 - [MESSAGE][INFO] - Found 1 web elements with id: 'Object Repository/Connexion Usager/Input_Identifiant' located by 'By.xpath: //*[@id="login"]' in '20' second(s)

2023-11-24 12:22:38 - [MESSAGE][INFO] - Checking object

2023-11-24 12:22:38 - [MESSAGE][INFO] - Checking text

2023-11-24 12:22:38 - [MESSAGE][INFO] - Finding web element from Test Object's properties

2023-11-24 12:22:38 - [MESSAGE][INFO] - Checking timeout

2023-11-24 12:22:38 - [MESSAGE][INFO] - Finding web element with id: 'Object Repository/Connexion Usager/Input_Identifiant' located by 'By.xpath: //*[@id="login"]' in '5' second(s)

2023-11-24 12:22:38 - [MESSAGE][INFO] - Smart Wait Function is triggered

2023-11-24 12:22:38 - [MESSAGE][INFO] - Found 1 web elements with id: 'Object Repository/Connexion Usager/Input_Identifiant' located by 'By.xpath: //*[@id="login"]' in '5' second(s)

2023-11-24 12:22:38 - [MESSAGE][INFO] - Clearing text of object 'Object Repository/Connexion Usager/Input_Identifiant'

2023-11-24 12:22:40 - [MESSAGE][INFO] - Finding web element from Test Object's properties

2023-11-24 12:22:40 - [MESSAGE][INFO] - Checking timeout

2023-11-24 12:22:40 - [MESSAGE][INFO] - Finding web element with id: 'Object Repository/Connexion Usager/Input_Identifiant' located by 'By.xpath: //*[@id="login"]' in '5' second(s)

2023-11-24 12:22:40 - [MESSAGE][INFO] - Smart Wait Function is triggered

2023-11-24 12:22:40 - [MESSAGE][INFO] - Found 1 web elements with id: 'Object Repository/Connexion Usager/Input_Identifiant' located by 'By.xpath: //*[@id="login"]' in '5' second(s)

2023-11-24 12:22:40 - [MESSAGE][INFO] - Setting text of object 'Object Repository/Connexion Usager/Input_Identifiant' to value '7703040873'

2023-11-24 12:22:42 - [MESSAGE][PASSED] - Text '7703040873' is set on object 'Object Repository/Connexion Usager/Input_Identifiant'

2023-11-24 12:22:42 - [TEST_STEP][PASSED] - NumEtrangerVisa = NumEtrangerVisa: null

2023-11-24 12:22:42 - [TEST_STEP][PASSED] - setEncryptedText(findTestObject("Object Repository/Connexion Usager/Input_MDP"), Password): Text ****** has been set on object 'Object Repository/Connexion Usager/Input_MDP'

2023-11-24 12:22:42 - [MESSAGE][INFO] - Finding Test Object 'Object Repository/Connexion Usager/Input_MDP'

2023-11-24 12:22:42 - [MESSAGE][INFO] - Checking timeout

2023-11-24 12:22:42 - [MESSAGE][INFO] - Finding web element with id: 'Object Repository/Connexion Usager/Input_MDP' located by 'By.xpath: //*[@id="password"]' in '20' second(s)

2023-11-24 12:22:42 - [MESSAGE][INFO] - Smart Wait Function is triggered

2023-11-24 12:22:42 - [MESSAGE][INFO] - Found 1 web elements with id: 'Object Repository/Connexion Usager/Input_MDP' located by 'By.xpath: //*[@id="password"]' in '20' second(s)

2023-11-24 12:22:42 - [MESSAGE][INFO] - Checking object

2023-11-24 12:22:42 - [MESSAGE][INFO] - Checking text

2023-11-24 12:22:42 - [MESSAGE][INFO] - Finding web element from Test Object's properties

2023-11-24 12:22:42 - [MESSAGE][INFO] - Checking timeout

2023-11-24 12:22:42 - [MESSAGE][INFO] - Finding web element with id: 'Object Repository/Connexion Usager/Input_MDP' located by 'By.xpath: //*[@id="password"]' in '5' second(s)

2023-11-24 12:22:42 - [MESSAGE][INFO] - Smart Wait Function is triggered

2023-11-24 12:22:42 - [MESSAGE][INFO] - Found 1 web elements with id: 'Object Repository/Connexion Usager/Input_MDP' located by 'By.xpath: //*[@id="password"]' in '5' second(s)

2023-11-24 12:22:42 - [MESSAGE][INFO] - Clearing text of object 'Object Repository/Connexion Usager/Input_MDP'

2023-11-24 12:22:44 - [MESSAGE][INFO] - Setting  text of object 'Object Repository/Connexion Usager/Input_MDP' to value ******

2023-11-24 12:22:46 - [MESSAGE][PASSED] - Text ****** has been set on object 'Object Repository/Connexion Usager/Input_MDP'

2023-11-24 12:22:46 - [TEST_STEP][PASSED] - click(findTestObject("Object Repository/Connexion Usager/btn_Sidentifier")): Object: 'Object Repository/Connexion Usager/btn_Sidentifier' is clicked on

2023-11-24 12:22:46 - [MESSAGE][INFO] - Finding Test Object 'Object Repository/Connexion Usager/btn_Sidentifier'

2023-11-24 12:22:46 - [MESSAGE][INFO] - Checking timeout

2023-11-24 12:22:46 - [MESSAGE][INFO] - Finding web element with id: 'Object Repository/Connexion Usager/btn_Sidentifier' located by 'By.xpath: //*[@type= 'submit']' in '20' second(s)

2023-11-24 12:22:46 - [MESSAGE][INFO] - Smart Wait Function is triggered

2023-11-24 12:22:46 - [MESSAGE][INFO] - Found 1 web elements with id: 'Object Repository/Connexion Usager/btn_Sidentifier' located by 'By.xpath: //*[@type= 'submit']' in '20' second(s)

2023-11-24 12:22:47 - [MESSAGE][INFO] - Checking object

2023-11-24 12:22:47 - [MESSAGE][INFO] - Checking timeout

2023-11-24 12:22:47 - [MESSAGE][INFO] - Finding web element from Test Object's properties

2023-11-24 12:22:47 - [MESSAGE][INFO] - Checking timeout

2023-11-24 12:22:47 - [MESSAGE][INFO] - Finding web element with id: 'Object Repository/Connexion Usager/btn_Sidentifier' located by 'By.xpath: //*[@type= 'submit']' in '5' second(s)

2023-11-24 12:22:47 - [MESSAGE][INFO] - Smart Wait Function is triggered

2023-11-24 12:22:47 - [MESSAGE][INFO] - Found 1 web elements with id: 'Object Repository/Connexion Usager/btn_Sidentifier' located by 'By.xpath: //*[@type= 'submit']' in '5' second(s)

2023-11-24 12:22:47 - [MESSAGE][INFO] - Clicking on object: 'Object Repository/Connexion Usager/btn_Sidentifier'

2023-11-24 12:22:53 - [MESSAGE][PASSED] - Object: 'Object Repository/Connexion Usager/btn_Sidentifier' is clicked on

2023-11-24 12:22:53 - [TEST_STEP][PASSED] - delay(15): Delayed 15 second(s)

2023-11-24 12:22:53 - [MESSAGE][INFO] - Delaying browser in 15 second(s)

2023-11-24 12:23:08 - [MESSAGE][PASSED] - Delayed 15 second(s)

2023-11-24 12:23:08 - [TEST_STEP][PASSED] - verifyElementPresent(findTestObject("Object Repository/Page_Accueil_Usager/Span_MesNotifications"), 2, STOP_ON_FAILURE): Object 'Object Repository/Page_Accueil_Usager/Span_MesNotifications' is present

2023-11-24 12:23:08 - [MESSAGE][INFO] - Finding Test Object 'Object Repository/Page_Accueil_Usager/Span_MesNotifications'

2023-11-24 12:23:08 - [MESSAGE][INFO] - Checking object

2023-11-24 12:23:08 - [MESSAGE][INFO] - Finding web element from Test Object's properties

2023-11-24 12:23:08 - [MESSAGE][INFO] - Checking timeout

2023-11-24 12:23:08 - [MESSAGE][INFO] - Finding web element with id: 'Object Repository/Page_Accueil_Usager/Span_MesNotifications' located by 'By.xpath: //*[@id="navBar-new"]/nav/div[3]/div/div/ul/li[1]/a/span' in '2' second(s)

2023-11-24 12:23:08 - [MESSAGE][INFO] - Smart Wait Function is triggered

2023-11-24 12:23:08 - [MESSAGE][INFO] - Found 1 web elements with id: 'Object Repository/Page_Accueil_Usager/Span_MesNotifications' located by 'By.xpath: //*[@id="navBar-new"]/nav/div[3]/div/div/ul/li[1]/a/span' in '2' second(s)

2023-11-24 12:23:08 - [MESSAGE][PASSED] - Object 'Object Repository/Page_Accueil_Usager/Span_MesNotifications' is present

2023-11-24 12:23:08 - [TEST_STEP][PASSED] - if (Profiles == "Agent"): null

2023-11-24 12:23:08 - [TEST_STEP][PASSED] - else: null

2023-11-24 12:23:08 - [TEST_STEP][PASSED] - println("Vérifier le Portail de votre connexion Usager ou Agent"): null

2023-11-24 12:23:08 - [MESSAGE][PASSED] - Call Test Case 'Test Cases/Test Reutilisable/Main/Identification' successfully

2023-11-24 12:23:08 - [TEST_STEP][PASSED] - callTestCase(findTestCase("Test Reutilisable/DemandeOuRenouvelle_TitreSejour/DemandeOuRenouvelleTitreSejour"), [:], STOP_ON_FAILURE): Call Test Case 'Test Cases/Test Reutilisable/DemandeOuRenouvelle_TitreSejour/DemandeOuRenouvelleTitreSejour' successfully

2023-11-24 12:23:08 - [MESSAGE][INFO] - Checking called Test Case

2023-11-24 12:23:08 - [MESSAGE][INFO] - Starting to call Test Case 'Test Cases/Test Reutilisable/DemandeOuRenouvelle_TitreSejour/DemandeOuRenouvelleTitreSejour'

2023-11-24 12:23:08 - [TEST_CASE][PASSED] - Test Cases/Test Reutilisable/DemandeOuRenouvelle_TitreSejour/DemandeOuRenouvelleTitreSejour: Test Cases/Test Reutilisable/DemandeOuRenouvelle_TitreSejour/DemandeOuRenouvelleTitreSejour

2023-11-24 12:23:08 - [TEST_STEP][PASSED] - com.kazurayam.ksbackyard.HighlightElement.pandemic(): com.kazurayam.ksbackyard.HighlightElement.pandemic is PASSED

2023-11-24 12:23:08 - [MESSAGE][PASSED] - com.kazurayam.ksbackyard.HighlightElement.pandemic is PASSED

2023-11-24 12:23:08 - [TEST_STEP][PASSED] - delay(3): Delayed 3 second(s)

2023-11-24 12:23:08 - [MESSAGE][INFO] - Delaying browser in 3 second(s)

2023-11-24 12:23:11 - [MESSAGE][PASSED] - Delayed 3 second(s)

2023-11-24 12:23:11 - [TEST_STEP][PASSED] - doubleClick(findTestObject("Object Repository/Page_Accueil_Usager/btn_DemandeOuRenouvelleTitreSejour")): Object: 'Object Repository/Page_Accueil_Usager/btn_DemandeOuRenouvelleTitreSejour' is double clicked on

2023-11-24 12:23:11 - [MESSAGE][INFO] - Finding Test Object 'Object Repository/Page_Accueil_Usager/btn_DemandeOuRenouvelleTitreSejour'

2023-11-24 12:23:11 - [MESSAGE][INFO] - Checking object

2023-11-24 12:23:11 - [MESSAGE][INFO] - Finding web element from Test Object's properties

2023-11-24 12:23:11 - [MESSAGE][INFO] - Checking timeout

2023-11-24 12:23:11 - [MESSAGE][INFO] - Finding web element with id: 'Object Repository/Page_Accueil_Usager/btn_DemandeOuRenouvelleTitreSejour' located by 'By.xpath: //app-portal//app-portal-root/app-default-root-content/div/div/anef-tile[1]/a/span/span[2]' in '5' second(s)

2023-11-24 12:23:11 - [MESSAGE][INFO] - Smart Wait Function is triggered

2023-11-24 12:23:11 - [MESSAGE][INFO] - Found 1 web elements with id: 'Object Repository/Page_Accueil_Usager/btn_DemandeOuRenouvelleTitreSejour' located by 'By.xpath: //app-portal//app-portal-root/app-default-root-content/div/div/anef-tile[1]/a/span/span[2]' in '5' second(s)

2023-11-24 12:23:11 - [MESSAGE][INFO] - Double clicking on object: 'Object Repository/Page_Accueil_Usager/btn_DemandeOuRenouvelleTitreSejour'

2023-11-24 12:23:11 - [MESSAGE][PASSED] - Object: 'Object Repository/Page_Accueil_Usager/btn_DemandeOuRenouvelleTitreSejour' is double clicked on

2023-11-24 12:23:11 - [TEST_STEP][PASSED] - delay(3): Delayed 3 second(s)

2023-11-24 12:23:11 - [MESSAGE][INFO] - Delaying browser in 3 second(s)

2023-11-24 12:23:14 - [MESSAGE][PASSED] - Delayed 3 second(s)

2023-11-24 12:23:14 - [TEST_STEP][PASSED] - switch (PourQui): null

2023-11-24 12:23:14 - [TEST_STEP][PASSED] - case "Moi-même":: null

2023-11-24 12:23:14 - [TEST_STEP][PASSED] - check(findTestObject("Object Repository/Page_Accueil_Usager/CheckBox_Moi-meme")): Object 'Object Repository/Page_Accueil_Usager/CheckBox_Moi-meme' is checked

2023-11-24 12:23:14 - [MESSAGE][INFO] - Finding Test Object 'Object Repository/Page_Accueil_Usager/CheckBox_Moi-meme'

2023-11-24 12:23:14 - [MESSAGE][INFO] - Checking object

2023-11-24 12:23:14 - [MESSAGE][INFO] - Finding web element from Test Object's properties

2023-11-24 12:23:14 - [MESSAGE][INFO] - Checking timeout

2023-11-24 12:23:14 - [MESSAGE][INFO] - Finding web element with id: 'Object Repository/Page_Accueil_Usager/CheckBox_Moi-meme' located by 'By.xpath: //*/div[1]/app-radio-tree-button/div/p-radiobutton/div/div[2]/span' in '5' second(s)

2023-11-24 12:23:14 - [MESSAGE][INFO] - Smart Wait Function is triggered

2023-11-24 12:23:14 - [MESSAGE][INFO] - Found 1 web elements with id: 'Object Repository/Page_Accueil_Usager/CheckBox_Moi-meme' located by 'By.xpath: //*/div[1]/app-radio-tree-button/div/p-radiobutton/div/div[2]/span' in '5' second(s)

2023-11-24 12:23:14 - [MESSAGE][INFO] - Checking on bject 'Object Repository/Page_Accueil_Usager/CheckBox_Moi-meme'

2023-11-24 12:23:17 - [MESSAGE][PASSED] - Object 'Object Repository/Page_Accueil_Usager/CheckBox_Moi-meme' is checked

2023-11-24 12:23:17 - [TEST_STEP][PASSED] - break: null

2023-11-24 12:23:17 - [TEST_STEP][PASSED] - click(findTestObject("Object Repository/Page_Accueil_Usager/btn_JeContinue")): Object: 'Object Repository/Page_Accueil_Usager/btn_JeContinue' is clicked on

2023-11-24 12:23:17 - [MESSAGE][INFO] - Finding Test Object 'Object Repository/Page_Accueil_Usager/btn_JeContinue'

2023-11-24 12:23:17 - [MESSAGE][INFO] - Checking timeout

2023-11-24 12:23:17 - [MESSAGE][INFO] - Finding web element with id: 'Object Repository/Page_Accueil_Usager/btn_JeContinue' located by 'By.xpath: //*[@ng-reflect-label='Je continue']|/html/body/app-root/div/app-portal/main/app-triage-demandeur/div/div/div/form/div[2]/button/span' in '20' second(s)

2023-11-24 12:23:17 - [MESSAGE][INFO] - Smart Wait Function is triggered

2023-11-24 12:23:17 - [MESSAGE][INFO] - Found 1 web elements with id: 'Object Repository/Page_Accueil_Usager/btn_JeContinue' located by 'By.xpath: //*[@ng-reflect-label='Je continue']|/html/body/app-root/div/app-portal/main/app-triage-demandeur/div/div/div/form/div[2]/button/span' in '20' second(s)

2023-11-24 12:23:17 - [MESSAGE][INFO] - Checking object

2023-11-24 12:23:17 - [MESSAGE][INFO] - Checking timeout

2023-11-24 12:23:17 - [MESSAGE][INFO] - Finding web element from Test Object's properties

2023-11-24 12:23:17 - [MESSAGE][INFO] - Checking timeout

2023-11-24 12:23:17 - [MESSAGE][INFO] - Finding web element with id: 'Object Repository/Page_Accueil_Usager/btn_JeContinue' located by 'By.xpath: //*[@ng-reflect-label='Je continue']|/html/body/app-root/div/app-portal/main/app-triage-demandeur/div/div/div/form/div[2]/button/span' in '5' second(s)

2023-11-24 12:23:17 - [MESSAGE][INFO] - Smart Wait Function is triggered

2023-11-24 12:23:17 - [MESSAGE][INFO] - Found 1 web elements with id: 'Object Repository/Page_Accueil_Usager/btn_JeContinue' located by 'By.xpath: //*[@ng-reflect-label='Je continue']|/html/body/app-root/div/app-portal/main/app-triage-demandeur/div/div/div/form/div[2]/button/span' in '5' second(s)

2023-11-24 12:23:17 - [MESSAGE][INFO] - Clicking on object: 'Object Repository/Page_Accueil_Usager/btn_JeContinue'

2023-11-24 12:23:19 - [MESSAGE][PASSED] - Object: 'Object Repository/Page_Accueil_Usager/btn_JeContinue' is clicked on

2023-11-24 12:23:19 - [MESSAGE][PASSED] - Call Test Case 'Test Cases/Test Reutilisable/DemandeOuRenouvelle_TitreSejour/DemandeOuRenouvelleTitreSejour' successfully

2023-11-24 12:23:19 - [TEST_STEP][PASSED] - callTestCase(findTestCase("Test Reutilisable/DemandeOuRenouvelle_TitreSejour/FormulaireTypeDeTitreDeSejour"), ["TypeTitreDeSejour":TypeTitreDeSejour, "Titre":Titre], STOP_ON_FAILURE): Call Test Case 'Test Cases/Test Reutilisable/DemandeOuRenouvelle_TitreSejour/FormulaireTypeDeTitreDeSejour' successfully

2023-11-24 12:23:19 - [MESSAGE][INFO] - Checking called Test Case

2023-11-24 12:23:19 - [MESSAGE][INFO] - Starting to call Test Case 'Test Cases/Test Reutilisable/DemandeOuRenouvelle_TitreSejour/FormulaireTypeDeTitreDeSejour'

2023-11-24 12:23:19 - [TEST_CASE][PASSED] - Test Cases/Test Reutilisable/DemandeOuRenouvelle_TitreSejour/FormulaireTypeDeTitreDeSejour: Test Cases/Test Reutilisable/DemandeOuRenouvelle_TitreSejour/FormulaireTypeDeTitreDeSejour

2023-11-24 12:23:19 - [TEST_STEP][PASSED] - com.kazurayam.ksbackyard.HighlightElement.pandemic(): com.kazurayam.ksbackyard.HighlightElement.pandemic is PASSED

2023-11-24 12:23:19 - [MESSAGE][PASSED] - com.kazurayam.ksbackyard.HighlightElement.pandemic is PASSED

2023-11-24 12:23:19 - [TEST_STEP][PASSED] - delay(10): Delayed 10 second(s)

2023-11-24 12:23:19 - [MESSAGE][INFO] - Delaying browser in 10 second(s)

2023-11-24 12:23:29 - [MESSAGE][PASSED] - Delayed 10 second(s)

2023-11-24 12:23:29 - [TEST_STEP][PASSED] - switch (TypeTitreDeSejour): null

2023-11-24 12:23:29 - [TEST_STEP][PASSED] - case "CreateurDEntreprise":: null

2023-11-24 12:23:29 - [TEST_STEP][PASSED] - if (Titre == "Visiteur" || Titre == "Etudiant"): Object: 'Object Repository/Page_DemarcheRenouvellement/Btn_JeContinue' is clicked on

2023-11-24 12:23:29 - [TEST_STEP][PASSED] - check(findTestObject("Object Repository/Page_DemarcheRenouvellement/CheckBox_SolliciteTS_PasseportTalent")): Object 'Object Repository/Page_DemarcheRenouvellement/CheckBox_SolliciteTS_PasseportTalent' is checked

2023-11-24 12:23:29 - [MESSAGE][INFO] - Finding Test Object 'Object Repository/Page_DemarcheRenouvellement/CheckBox_SolliciteTS_PasseportTalent'

2023-11-24 12:23:29 - [MESSAGE][INFO] - Checking object

2023-11-24 12:23:29 - [MESSAGE][INFO] - Finding web element from Test Object's properties

2023-11-24 12:23:29 - [MESSAGE][INFO] - Checking timeout

2023-11-24 12:23:29 - [MESSAGE][INFO] - Finding web element with id: 'Object Repository/Page_DemarcheRenouvellement/CheckBox_SolliciteTS_PasseportTalent' located by 'By.xpath: //*/div[3]/app-radio-tree-button/div/p-radiobutton/div/div[2]/span' in '5' second(s)

2023-11-24 12:23:29 - [MESSAGE][INFO] - Smart Wait Function is triggered

2023-11-24 12:23:29 - [MESSAGE][INFO] - Found 1 web elements with id: 'Object Repository/Page_DemarcheRenouvellement/CheckBox_SolliciteTS_PasseportTalent' located by 'By.xpath: //*/div[3]/app-radio-tree-button/div/p-radiobutton/div/div[2]/span' in '5' second(s)

2023-11-24 12:23:29 - [MESSAGE][INFO] - Checking on bject 'Object Repository/Page_DemarcheRenouvellement/CheckBox_SolliciteTS_PasseportTalent'

2023-11-24 12:23:31 - [MESSAGE][PASSED] - Object 'Object Repository/Page_DemarcheRenouvellement/CheckBox_SolliciteTS_PasseportTalent' is checked

2023-11-24 12:23:31 - [TEST_STEP][PASSED] - check(findTestObject("Object Repository/Page_DemarcheRenouvellement/CheckBox_SolliciteTS_InvestisseurOuPorteurProjetEconomique")): Object 'Object Repository/Page_DemarcheRenouvellement/CheckBox_SolliciteTS_InvestisseurOuPorteurProjetEconomique' is checked

2023-11-24 12:23:31 - [MESSAGE][INFO] - Finding Test Object 'Object Repository/Page_DemarcheRenouvellement/CheckBox_SolliciteTS_InvestisseurOuPorteurProjetEconomique'

2023-11-24 12:23:31 - [MESSAGE][INFO] - Checking object

2023-11-24 12:23:31 - [MESSAGE][INFO] - Finding web element from Test Object's properties

2023-11-24 12:23:31 - [MESSAGE][INFO] - Checking timeout

2023-11-24 12:23:31 - [MESSAGE][INFO] - Finding web element with id: 'Object Repository/Page_DemarcheRenouvellement/CheckBox_SolliciteTS_InvestisseurOuPorteurProjetEconomique' located by 'By.xpath: //div/form/div[1]/div[2]/fieldset/div[3]/app-radio-tree-button/div/div/div[3]/app-radio-tree-button/div/p-radiobutton/div/div[2]/span' in '5' second(s)

2023-11-24 12:23:31 - [MESSAGE][INFO] - Smart Wait Function is triggered

2023-11-24 12:23:31 - [MESSAGE][INFO] - Found 1 web elements with id: 'Object Repository/Page_DemarcheRenouvellement/CheckBox_SolliciteTS_InvestisseurOuPorteurProjetEconomique' located by 'By.xpath: //div/form/div[1]/div[2]/fieldset/div[3]/app-radio-tree-button/div/div/div[3]/app-radio-tree-button/div/p-radiobutton/div/div[2]/span' in '5' second(s)

2023-11-24 12:23:31 - [MESSAGE][INFO] - Checking on bject 'Object Repository/Page_DemarcheRenouvellement/CheckBox_SolliciteTS_InvestisseurOuPorteurProjetEconomique'

2023-11-24 12:23:33 - [MESSAGE][PASSED] - Object 'Object Repository/Page_DemarcheRenouvellement/CheckBox_SolliciteTS_InvestisseurOuPorteurProjetEconomique' is checked

2023-11-24 12:23:33 - [TEST_STEP][PASSED] - click(findTestObject("Object Repository/Page_DemarcheRenouvellement/btn_JeCommence")): Object: 'Object Repository/Page_DemarcheRenouvellement/btn_JeCommence' is clicked on

2023-11-24 12:23:33 - [MESSAGE][INFO] - Finding Test Object 'Object Repository/Page_DemarcheRenouvellement/btn_JeCommence'

2023-11-24 12:23:34 - [MESSAGE][INFO] - Checking timeout

2023-11-24 12:23:34 - [MESSAGE][INFO] - Finding web element with id: 'Object Repository/Page_DemarcheRenouvellement/btn_JeCommence' located by 'By.xpath: //app-informations-declaration//app-actions-bar//button/span[contains(.,'Je continue')]|//app-informations-demande-ptsq//app-actions-bar//button/span[contains(.,'Je continue')]|//*/div[2]/button/span|//button[@type="submit" and contains(., 'Je commence')]|//button[@type="submit" and contains(., 'Je continue')]' in '20' second(s)

2023-11-24 12:23:34 - [MESSAGE][INFO] - Smart Wait Function is triggered

2023-11-24 12:23:34 - [MESSAGE][INFO] - Found 1 web elements with id: 'Object Repository/Page_DemarcheRenouvellement/btn_JeCommence' located by 'By.xpath: //app-informations-declaration//app-actions-bar//button/span[contains(.,'Je continue')]|//app-informations-demande-ptsq//app-actions-bar//button/span[contains(.,'Je continue')]|//*/div[2]/button/span|//button[@type="submit" and contains(., 'Je commence')]|//button[@type="submit" and contains(., 'Je continue')]' in '20' second(s)

2023-11-24 12:23:34 - [MESSAGE][INFO] - Checking object

2023-11-24 12:23:34 - [MESSAGE][INFO] - Checking timeout

2023-11-24 12:23:34 - [MESSAGE][INFO] - Finding web element from Test Object's properties

2023-11-24 12:23:34 - [MESSAGE][INFO] - Checking timeout

2023-11-24 12:23:34 - [MESSAGE][INFO] - Finding web element with id: 'Object Repository/Page_DemarcheRenouvellement/btn_JeCommence' located by 'By.xpath: //app-informations-declaration//app-actions-bar//button/span[contains(.,'Je continue')]|//app-informations-demande-ptsq//app-actions-bar//button/span[contains(.,'Je continue')]|//*/div[2]/button/span|//button[@type="submit" and contains(., 'Je commence')]|//button[@type="submit" and contains(., 'Je continue')]' in '5' second(s)

2023-11-24 12:23:34 - [MESSAGE][INFO] - Smart Wait Function is triggered

2023-11-24 12:23:34 - [MESSAGE][INFO] - Found 1 web elements with id: 'Object Repository/Page_DemarcheRenouvellement/btn_JeCommence' located by 'By.xpath: //app-informations-declaration//app-actions-bar//button/span[contains(.,'Je continue')]|//app-informations-demande-ptsq//app-actions-bar//button/span[contains(.,'Je continue')]|//*/div[2]/button/span|//button[@type="submit" and contains(., 'Je commence')]|//button[@type="submit" and contains(., 'Je continue')]' in '5' second(s)

2023-11-24 12:23:34 - [MESSAGE][INFO] - Clicking on object: 'Object Repository/Page_DemarcheRenouvellement/btn_JeCommence'

2023-11-24 12:23:36 - [MESSAGE][PASSED] - Object: 'Object Repository/Page_DemarcheRenouvellement/btn_JeCommence' is clicked on

2023-11-24 12:23:36 - [TEST_STEP][PASSED] - check(findTestObject("Object Repository/Page_DemarcheRenouvellement/CheckBox_SolliciteTS_TS-PT-CreateurDEntreprise")): Object 'Object Repository/Page_DemarcheRenouvellement/CheckBox_SolliciteTS_TS-PT-CreateurDEntreprise' is checked

2023-11-24 12:23:36 - [MESSAGE][INFO] - Finding Test Object 'Object Repository/Page_DemarcheRenouvellement/CheckBox_SolliciteTS_TS-PT-CreateurDEntreprise'

2023-11-24 12:23:36 - [MESSAGE][INFO] - Checking object

2023-11-24 12:23:36 - [MESSAGE][INFO] - Finding web element from Test Object's properties

2023-11-24 12:23:36 - [MESSAGE][INFO] - Checking timeout

2023-11-24 12:23:36 - [MESSAGE][INFO] - Finding web element with id: 'Object Repository/Page_DemarcheRenouvellement/CheckBox_SolliciteTS_TS-PT-CreateurDEntreprise' located by 'By.xpath: /html/body/app-root/div/app-portal/main/app-theme-v2/div/app-triage-intermediaire/div/div/div/form/div/div[2]/p-radiobutton/div/div[2]/span' in '5' second(s)

2023-11-24 12:23:36 - [MESSAGE][INFO] - Smart Wait Function is triggered

2023-11-24 12:23:36 - [MESSAGE][INFO] - Smart Wait Function is triggered

2023-11-24 12:23:36 - [MESSAGE][INFO] - Smart Wait Function is triggered

2023-11-24 12:23:36 - [MESSAGE][INFO] - Smart Wait Function is triggered

2023-11-24 12:23:36 - [MESSAGE][INFO] - Smart Wait Function is triggered

2023-11-24 12:23:36 - [MESSAGE][INFO] - Smart Wait Function is triggered

2023-11-24 12:23:36 - [MESSAGE][INFO] - Smart Wait Function is triggered

2023-11-24 12:23:36 - [MESSAGE][INFO] - Smart Wait Function is triggered

2023-11-24 12:23:36 - [MESSAGE][INFO] - Smart Wait Function is triggered

2023-11-24 12:23:36 - [MESSAGE][INFO] - Smart Wait Function is triggered

2023-11-24 12:23:36 - [MESSAGE][INFO] - Smart Wait Function is triggered

2023-11-24 12:23:36 - [MESSAGE][INFO] - Smart Wait Function is triggered

2023-11-24 12:23:36 - [MESSAGE][INFO] - Smart Wait Function is triggered

2023-11-24 12:23:36 - [MESSAGE][INFO] - Smart Wait Function is triggered

2023-11-24 12:23:36 - [MESSAGE][INFO] - Smart Wait Function is triggered

2023-11-24 12:23:36 - [MESSAGE][INFO] - Smart Wait Function is triggered

2023-11-24 12:23:36 - [MESSAGE][INFO] - Smart Wait Function is triggered

2023-11-24 12:23:36 - [MESSAGE][INFO] - Smart Wait Function is triggered

2023-11-24 12:23:36 - [MESSAGE][INFO] - Smart Wait Function is triggered

2023-11-24 12:23:36 - [MESSAGE][INFO] - Smart Wait Function is triggered

2023-11-24 12:23:36 - [MESSAGE][INFO] - Smart Wait Function is triggered

2023-11-24 12:23:36 - [MESSAGE][INFO] - Smart Wait Function is triggered

2023-11-24 12:23:36 - [MESSAGE][INFO] - Smart Wait Function is triggered

2023-11-24 12:23:37 - [MESSAGE][INFO] - Smart Wait Function is triggered

2023-11-24 12:23:37 - [MESSAGE][INFO] - Smart Wait Function is triggered

2023-11-24 12:23:37 - [MESSAGE][INFO] - Smart Wait Function is triggered

2023-11-24 12:23:37 - [MESSAGE][INFO] - Smart Wait Function is triggered

2023-11-24 12:23:37 - [MESSAGE][INFO] - Smart Wait Function is triggered

2023-11-24 12:23:37 - [MESSAGE][INFO] - Smart Wait Function is triggered

2023-11-24 12:23:37 - [MESSAGE][INFO] - Smart Wait Function is triggered

2023-11-24 12:23:37 - [MESSAGE][INFO] - Smart Wait Function is triggered

2023-11-24 12:23:37 - [MESSAGE][INFO] - Smart Wait Function is triggered

2023-11-24 12:23:37 - [MESSAGE][INFO] - Smart Wait Function is triggered

2023-11-24 12:23:37 - [MESSAGE][INFO] - Smart Wait Function is triggered

2023-11-24 12:23:37 - [MESSAGE][INFO] - Smart Wait Function is triggered

2023-11-24 12:23:37 - [MESSAGE][INFO] - Smart Wait Function is triggered

2023-11-24 12:23:37 - [MESSAGE][INFO] - Smart Wait Function is triggered

2023-11-24 12:23:37 - [MESSAGE][INFO] - Smart Wait Function is triggered

2023-11-24 12:23:37 - [MESSAGE][INFO] - Smart Wait Function is triggered

2023-11-24 12:23:37 - [MESSAGE][INFO] - Found 1 web elements with id: 'Object Repository/Page_DemarcheRenouvellement/CheckBox_SolliciteTS_TS-PT-CreateurDEntreprise' located by 'By.xpath: /html/body/app-root/div/app-portal/main/app-theme-v2/div/app-triage-intermediaire/div/div/div/form/div/div[2]/p-radiobutton/div/div[2]/span' in '5' second(s)

2023-11-24 12:23:37 - [MESSAGE][INFO] - Checking on bject 'Object Repository/Page_DemarcheRenouvellement/CheckBox_SolliciteTS_TS-PT-CreateurDEntreprise'

2023-11-24 12:23:39 - [MESSAGE][PASSED] - Object 'Object Repository/Page_DemarcheRenouvellement/CheckBox_SolliciteTS_TS-PT-CreateurDEntreprise' is checked

2023-11-24 12:23:39 - [TEST_STEP][PASSED] - click(findTestObject("Object Repository/Page_DemarcheRenouvellement/btn_JeCommence")): Object: 'Object Repository/Page_DemarcheRenouvellement/btn_JeCommence' is clicked on

2023-11-24 12:23:39 - [MESSAGE][INFO] - Finding Test Object 'Object Repository/Page_DemarcheRenouvellement/btn_JeCommence'

2023-11-24 12:23:39 - [MESSAGE][INFO] - Checking timeout

2023-11-24 12:23:39 - [MESSAGE][INFO] - Finding web element with id: 'Object Repository/Page_DemarcheRenouvellement/btn_JeCommence' located by 'By.xpath: //app-informations-declaration//app-actions-bar//button/span[contains(.,'Je continue')]|//app-informations-demande-ptsq//app-actions-bar//button/span[contains(.,'Je continue')]|//*/div[2]/button/span|//button[@type="submit" and contains(., 'Je commence')]|//button[@type="submit" and contains(., 'Je continue')]' in '20' second(s)

2023-11-24 12:23:39 - [MESSAGE][INFO] - Smart Wait Function is triggered

2023-11-24 12:23:39 - [MESSAGE][INFO] - Found 1 web elements with id: 'Object Repository/Page_DemarcheRenouvellement/btn_JeCommence' located by 'By.xpath: //app-informations-declaration//app-actions-bar//button/span[contains(.,'Je continue')]|//app-informations-demande-ptsq//app-actions-bar//button/span[contains(.,'Je continue')]|//*/div[2]/button/span|//button[@type="submit" and contains(., 'Je commence')]|//button[@type="submit" and contains(., 'Je continue')]' in '20' second(s)

2023-11-24 12:23:39 - [MESSAGE][INFO] - Checking object

2023-11-24 12:23:39 - [MESSAGE][INFO] - Checking timeout

2023-11-24 12:23:39 - [MESSAGE][INFO] - Finding web element from Test Object's properties

2023-11-24 12:23:39 - [MESSAGE][INFO] - Checking timeout

2023-11-24 12:23:39 - [MESSAGE][INFO] - Finding web element with id: 'Object Repository/Page_DemarcheRenouvellement/btn_JeCommence' located by 'By.xpath: //app-informations-declaration//app-actions-bar//button/span[contains(.,'Je continue')]|//app-informations-demande-ptsq//app-actions-bar//button/span[contains(.,'Je continue')]|//*/div[2]/button/span|//button[@type="submit" and contains(., 'Je commence')]|//button[@type="submit" and contains(., 'Je continue')]' in '5' second(s)

2023-11-24 12:23:39 - [MESSAGE][INFO] - Smart Wait Function is triggered

2023-11-24 12:23:39 - [MESSAGE][INFO] - Found 1 web elements with id: 'Object Repository/Page_DemarcheRenouvellement/btn_JeCommence' located by 'By.xpath: //app-informations-declaration//app-actions-bar//button/span[contains(.,'Je continue')]|//app-informations-demande-ptsq//app-actions-bar//button/span[contains(.,'Je continue')]|//*/div[2]/button/span|//button[@type="submit" and contains(., 'Je commence')]|//button[@type="submit" and contains(., 'Je continue')]' in '5' second(s)

2023-11-24 12:23:39 - [MESSAGE][INFO] - Clicking on object: 'Object Repository/Page_DemarcheRenouvellement/btn_JeCommence'

2023-11-24 12:23:41 - [MESSAGE][PASSED] - Object: 'Object Repository/Page_DemarcheRenouvellement/btn_JeCommence' is clicked on

2023-11-24 12:23:41 - [TEST_STEP][PASSED] - delay(3): Delayed 3 second(s)

2023-11-24 12:23:41 - [MESSAGE][INFO] - Delaying browser in 3 second(s)

2023-11-24 12:23:44 - [MESSAGE][PASSED] - Delayed 3 second(s)

2023-11-24 12:23:44 - [TEST_STEP][PASSED] - click(findTestObject("Object Repository/Page_DemarcheRenouvellement/Btn_JeContinue")): Object: 'Object Repository/Page_DemarcheRenouvellement/Btn_JeContinue' is clicked on

2023-11-24 12:23:44 - [MESSAGE][INFO] - Finding Test Object 'Object Repository/Page_DemarcheRenouvellement/Btn_JeContinue'

2023-11-24 12:23:44 - [MESSAGE][INFO] - Checking timeout

2023-11-24 12:23:44 - [MESSAGE][INFO] - Finding web element with id: 'Object Repository/Page_DemarcheRenouvellement/Btn_JeContinue' located by 'By.xpath: //button[@type="submit" and contains(., 'Je commence')]|//span[@class="ui-button-text ui-clickable" and contains(., 'Je continue')]|//app-informations-declaration//app-actions-bar//button/span[contains(.,'Je continue')]|//app-informations-demande-ptch/div/app-actions-bar/div/div[2]/div/div[2]/button/span' in '20' second(s)

2023-11-24 12:23:44 - [MESSAGE][INFO] - Smart Wait Function is triggered

2023-11-24 12:23:45 - [MESSAGE][INFO] - Found 1 web elements with id: 'Object Repository/Page_DemarcheRenouvellement/Btn_JeContinue' located by 'By.xpath: //button[@type="submit" and contains(., 'Je commence')]|//span[@class="ui-button-text ui-clickable" and contains(., 'Je continue')]|//app-informations-declaration//app-actions-bar//button/span[contains(.,'Je continue')]|//app-informations-demande-ptch/div/app-actions-bar/div/div[2]/div/div[2]/button/span' in '20' second(s)

2023-11-24 12:23:45 - [MESSAGE][INFO] - Checking object

2023-11-24 12:23:45 - [MESSAGE][INFO] - Checking timeout

2023-11-24 12:23:45 - [MESSAGE][INFO] - Finding web element from Test Object's properties

2023-11-24 12:23:45 - [MESSAGE][INFO] - Checking timeout

2023-11-24 12:23:45 - [MESSAGE][INFO] - Finding web element with id: 'Object Repository/Page_DemarcheRenouvellement/Btn_JeContinue' located by 'By.xpath: //button[@type="submit" and contains(., 'Je commence')]|//span[@class="ui-button-text ui-clickable" and contains(., 'Je continue')]|//app-informations-declaration//app-actions-bar//button/span[contains(.,'Je continue')]|//app-informations-demande-ptch/div/app-actions-bar/div/div[2]/div/div[2]/button/span' in '5' second(s)

2023-11-24 12:23:45 - [MESSAGE][INFO] - Smart Wait Function is triggered

2023-11-24 12:23:45 - [MESSAGE][INFO] - Found 1 web elements with id: 'Object Repository/Page_DemarcheRenouvellement/Btn_JeContinue' located by 'By.xpath: //button[@type="submit" and contains(., 'Je commence')]|//span[@class="ui-button-text ui-clickable" and contains(., 'Je continue')]|//app-informations-declaration//app-actions-bar//button/span[contains(.,'Je continue')]|//app-informations-demande-ptch/div/app-actions-bar/div/div[2]/div/div[2]/button/span' in '5' second(s)

2023-11-24 12:23:45 - [MESSAGE][INFO] - Clicking on object: 'Object Repository/Page_DemarcheRenouvellement/Btn_JeContinue'

2023-11-24 12:23:47 - [MESSAGE][PASSED] - Object: 'Object Repository/Page_DemarcheRenouvellement/Btn_JeContinue' is clicked on

2023-11-24 12:23:47 - [TEST_STEP][PASSED] - break: null

2023-11-24 12:23:47 - [TEST_STEP][PASSED] - "Vérification s il y a un message Erreur : Il est trop tôt pour demander le renouvellement de votre titre.": null

2023-11-24 12:23:47 - [TEST_STEP][PASSED] - MsgAlertPresent = verifyElementPresent(findTestObject("Object Repository/Page_Accueil_Usager/Verif_PopUpTropTotPourDemanderLeRenouvellementDeVotreTitre"), 1, OPTIONAL): com.kms.katalon.core.webui.exception.WebElementNotFoundException: Web element with id: 'Object Repository/Page_Accueil_Usager/Verif_PopUpTropTotPourDemanderLeRenouvellementDeVotreTitre' located by '/html/body/app-root/div/app-portal/main/app-theme-v2/div/app-triage/div/div/div/form/div[2]/div/p-message/div/span[2]' not found (Root cause: com.kms.katalon.core.exception.StepFailedException: com.kms.katalon.core.webui.exception.WebElementNotFoundException: Web element with id: 'Object Repository/Page_Accueil_Usager/Verif_PopUpTropTotPourDemanderLeRenouvellementDeVotreTitre' located by '/html/body/app-root/div/app-portal/main/app-theme-v2/div/app-triage/div/div/div/form/div[2]/div/p-message/div/span[2]' not found
	at com.kms.katalon.core.webui.keyword.internal.WebUIKeywordMain.stepFailed(WebUIKeywordMain.groovy:64)
	at com.kms.katalon.core.webui.keyword.builtin.VerifyElementPresentKeyword$_verifyElementPresent_closure1.doCall(VerifyElementPresentKeyword.groovy:85)
	at com.kms.katalon.core.webui.keyword.builtin.VerifyElementPresentKeyword$_verifyElementPresent_closure1.call(VerifyElementPresentKeyword.groovy)
	at com.kms.katalon.core.webui.keyword.internal.WebUIKeywordMain.runKeyword(WebUIKeywordMain.groovy:20)
	at com.kms.katalon.core.webui.keyword.builtin.VerifyElementPresentKeyword.verifyElementPresent(VerifyElementPresentKeyword.groovy:92)
	at com.kms.katalon.core.webui.keyword.builtin.VerifyElementPresentKeyword.execute(VerifyElementPresentKeyword.groovy:68)
	at com.kms.katalon.core.keyword.internal.KeywordExecutor.executeKeywordForPlatform(KeywordExecutor.groovy:74)
	at com.kms.katalon.core.webui.keyword.WebUiBuiltInKeywords.verifyElementPresent(WebUiBuiltInKeywords.groovy:1448)
	at com.kazurayam.ksbackyard.HighlightElement$_pandemic_closure1.doCall(HighlightElement.groovy:105)
	at FormulaireTypeDeTitreDeSejour.run(FormulaireTypeDeTitreDeSejour:302)
	at com.kms.katalon.core.main.ScriptEngine.run(ScriptEngine.java:194)
	at com.kms.katalon.core.main.ScriptEngine.runScriptAsRawText(ScriptEngine.java:119)
	at com.kms.katalon.core.main.TestCaseExecutor.runScript(TestCaseExecutor.java:448)
	at com.kms.katalon.core.main.TestCaseExecutor.doExecute(TestCaseExecutor.java:439)
	at com.kms.katalon.core.main.TestCaseExecutor.processExecutionPhase(TestCaseExecutor.java:418)
	at com.kms.katalon.core.main.TestCaseExecutor.accessMainPhase(TestCaseExecutor.java:410)
	at com.kms.katalon.core.main.TestCaseExecutor.execute(TestCaseExecutor.java:285)
	at com.kms.katalon.core.main.TestCaseMain.runTestCase(TestCaseMain.java:144)
	at com.kms.katalon.core.keyword.builtin.CallTestCaseKeyword$_callTestCase_closure1.doCall(CallTestCaseKeyword.groovy:59)
	at com.kms.katalon.core.keyword.builtin.CallTestCaseKeyword$_callTestCase_closure1.call(CallTestCaseKeyword.groovy)
	at com.kms.katalon.core.keyword.internal.KeywordMain.runKeyword(KeywordMain.groovy:75)
	at com.kms.katalon.core.keyword.builtin.CallTestCaseKeyword.callTestCase(CallTestCaseKeyword.groovy:81)
	at com.kms.katalon.core.keyword.builtin.CallTestCaseKeyword.execute(CallTestCaseKeyword.groovy:44)
	at com.kms.katalon.core.keyword.internal.KeywordExecutor.executeKeywordForPlatform(KeywordExecutor.groovy:74)
	at com.kms.katalon.core.keyword.BuiltinKeywords.callTestCase(BuiltinKeywords.groovy:310)
	at com.kazurayam.ksbackyard.HighlightElement$_pandemic_closure1.doCall(HighlightElement.groovy:105)
	at TNR R.TSPT Supp90-Etudiant.run(TNR R.TSPT Supp90-Etudiant:43)
	at com.kms.katalon.core.main.ScriptEngine.run(ScriptEngine.java:194)
	at com.kms.katalon.core.main.ScriptEngine.runScriptAsRawText(ScriptEngine.java:119)
	at com.kms.katalon.core.main.TestCaseExecutor.runScript(TestCaseExecutor.java:448)
	at com.kms.katalon.core.main.TestCaseExecutor.doExecute(TestCaseExecutor.java:439)
	at com.kms.katalon.core.main.TestCaseExecutor.processExecutionPhase(TestCaseExecutor.java:418)
	at com.kms.katalon.core.main.TestCaseExecutor.accessMainPhase(TestCaseExecutor.java:410)
	at com.kms.katalon.core.main.TestCaseExecutor.execute(TestCaseExecutor.java:285)
	at com.kms.katalon.core.common.CommonExecutor.accessTestCaseMainPhase(CommonExecutor.java:65)
	at com.kms.katalon.core.main.TestSuiteExecutor.accessTestSuiteMainPhase(TestSuiteExecutor.java:148)
	at com.kms.katalon.core.main.TestSuiteExecutor.execute(TestSuiteExecutor.java:106)
	at com.kms.katalon.core.main.TestCaseMain.startTestSuite(TestCaseMain.java:187)
	at com.kms.katalon.core.main.TestCaseMain$startTestSuite$0.call(Unknown Source)
	at TempTestSuite1700824657414.run(TempTestSuite1700824657414.groovy:36)
)

2023-11-24 12:23:47 - [MESSAGE][INFO] - Finding Test Object 'Object Repository/Page_Accueil_Usager/Verif_PopUpTropTotPourDemanderLeRenouvellementDeVotreTitre'

2023-11-24 12:23:47 - [MESSAGE][INFO] - Checking object

2023-11-24 12:23:47 - [MESSAGE][INFO] - Finding web element from Test Object's properties

2023-11-24 12:23:47 - [MESSAGE][INFO] - Checking timeout

2023-11-24 12:23:47 - [MESSAGE][INFO] - Finding web element with id: 'Object Repository/Page_Accueil_Usager/Verif_PopUpTropTotPourDemanderLeRenouvellementDeVotreTitre' located by 'By.xpath: /html/body/app-root/div/app-portal/main/app-theme-v2/div/app-triage/div/div/div/form/div[2]/div/p-message/div/span[2]' in '1' second(s)

2023-11-24 12:23:47 - [MESSAGE][INFO] - Smart Wait Function is triggered

2023-11-24 12:23:47 - [MESSAGE][INFO] - Smart Wait Function is triggered

2023-11-24 12:23:47 - [MESSAGE][INFO] - Smart Wait Function is triggered

2023-11-24 12:23:47 - [MESSAGE][INFO] - Smart Wait Function is triggered

2023-11-24 12:23:47 - [MESSAGE][INFO] - Smart Wait Function is triggered

2023-11-24 12:23:47 - [MESSAGE][INFO] - Smart Wait Function is triggered

2023-11-24 12:23:47 - [MESSAGE][INFO] - Smart Wait Function is triggered

2023-11-24 12:23:47 - [MESSAGE][INFO] - Smart Wait Function is triggered

2023-11-24 12:23:47 - [MESSAGE][INFO] - Smart Wait Function is triggered

2023-11-24 12:23:47 - [MESSAGE][INFO] - Smart Wait Function is triggered

2023-11-24 12:23:47 - [MESSAGE][INFO] - Smart Wait Function is triggered

2023-11-24 12:23:47 - [MESSAGE][INFO] - Smart Wait Function is triggered

2023-11-24 12:23:47 - [MESSAGE][INFO] - Smart Wait Function is triggered

2023-11-24 12:23:47 - [MESSAGE][INFO] - Smart Wait Function is triggered

2023-11-24 12:23:47 - [MESSAGE][INFO] - Smart Wait Function is triggered

2023-11-24 12:23:47 - [MESSAGE][INFO] - Smart Wait Function is triggered

2023-11-24 12:23:47 - [MESSAGE][INFO] - Smart Wait Function is triggered

2023-11-24 12:23:47 - [MESSAGE][INFO] - Smart Wait Function is triggered

2023-11-24 12:23:47 - [MESSAGE][INFO] - Smart Wait Function is triggered

2023-11-24 12:23:47 - [MESSAGE][INFO] - Smart Wait Function is triggered

2023-11-24 12:23:47 - [MESSAGE][INFO] - Smart Wait Function is triggered

2023-11-24 12:23:47 - [MESSAGE][INFO] - Smart Wait Function is triggered

2023-11-24 12:23:47 - [MESSAGE][INFO] - Smart Wait Function is triggered

2023-11-24 12:23:47 - [MESSAGE][INFO] - Smart Wait Function is triggered

2023-11-24 12:23:48 - [MESSAGE][INFO] - Smart Wait Function is triggered

2023-11-24 12:23:48 - [MESSAGE][INFO] - Smart Wait Function is triggered

2023-11-24 12:23:48 - [MESSAGE][INFO] - Smart Wait Function is triggered

2023-11-24 12:23:48 - [MESSAGE][INFO] - Smart Wait Function is triggered

2023-11-24 12:23:48 - [MESSAGE][INFO] - Smart Wait Function is triggered

2023-11-24 12:23:48 - [MESSAGE][INFO] - Smart Wait Function is triggered

2023-11-24 12:23:48 - [MESSAGE][INFO] - Smart Wait Function is triggered

2023-11-24 12:23:48 - [MESSAGE][INFO] - Smart Wait Function is triggered

2023-11-24 12:23:48 - [MESSAGE][INFO] - Smart Wait Function is triggered

2023-11-24 12:23:48 - [MESSAGE][INFO] - Smart Wait Function is triggered

2023-11-24 12:23:48 - [MESSAGE][INFO] - Smart Wait Function is triggered

2023-11-24 12:23:48 - [MESSAGE][INFO] - Smart Wait Function is triggered

2023-11-24 12:23:48 - [MESSAGE][INFO] - Smart Wait Function is triggered

2023-11-24 12:23:48 - [MESSAGE][INFO] - Smart Wait Function is triggered

2023-11-24 12:23:48 - [MESSAGE][INFO] - Smart Wait Function is triggered

2023-11-24 12:23:48 - [MESSAGE][INFO] - Smart Wait Function is triggered

2023-11-24 12:23:48 - [MESSAGE][INFO] - Smart Wait Function is triggered

2023-11-24 12:23:48 - [MESSAGE][INFO] - Smart Wait Function is triggered

2023-11-24 12:23:48 - [MESSAGE][INFO] - Smart Wait Function is triggered

2023-11-24 12:23:48 - [MESSAGE][INFO] - Smart Wait Function is triggered

2023-11-24 12:23:48 - [MESSAGE][INFO] - Smart Wait Function is triggered

2023-11-24 12:23:48 - [MESSAGE][INFO] - Smart Wait Function is triggered

2023-11-24 12:23:48 - [MESSAGE][INFO] - Smart Wait Function is triggered

2023-11-24 12:23:48 - [MESSAGE][INFO] - Smart Wait Function is triggered

2023-11-24 12:23:48 - [MESSAGE][INFO] - Smart Wait Function is triggered

2023-11-24 12:23:48 - [MESSAGE][INFO] - Smart Wait Function is triggered

2023-11-24 12:23:48 - [MESSAGE][INFO] - Smart Wait Function is triggered

2023-11-24 12:23:48 - [MESSAGE][INFO] - Smart Wait Function is triggered

2023-11-24 12:23:48 - [MESSAGE][INFO] - Smart Wait Function is triggered

2023-11-24 12:23:48 - [MESSAGE][INFO] - Smart Wait Function is triggered

2023-11-24 12:23:49 - [MESSAGE][INFO] - Smart Wait Function is triggered

2023-11-24 12:23:49 - [MESSAGE][INFO] - Smart Wait Function is triggered

2023-11-24 12:23:49 - [MESSAGE][INFO] - Smart Wait Function is triggered

2023-11-24 12:23:49 - [MESSAGE][INFO] - Smart Wait Function is triggered

2023-11-24 12:23:49 - [MESSAGE][INFO] - Smart Wait Function is triggered

2023-11-24 12:23:49 - [MESSAGE][INFO] - Smart Wait Function is triggered

2023-11-24 12:23:49 - [MESSAGE][INFO] - Smart Wait Function is triggered

2023-11-24 12:23:49 - [MESSAGE][INFO] - Unable to find the element located by 'By.xpath: /html/body/app-root/div/app-portal/main/app-theme-v2/div/app-triage/div/div/div/form/div[2]/div/p-message/div/span[2]'. Please recheck the objects properties to make sure the desired element is located. 

2023-11-24 12:23:49 - [MESSAGE][WARNING] - com.kms.katalon.core.webui.exception.WebElementNotFoundException: Web element with id: 'Object Repository/Page_Accueil_Usager/Verif_PopUpTropTotPourDemanderLeRenouvellementDeVotreTitre' located by '/html/body/app-root/div/app-portal/main/app-theme-v2/div/app-triage/div/div/div/form/div[2]/div/p-message/div/span[2]' not found (Root cause: com.kms.katalon.core.exception.StepFailedException: com.kms.katalon.core.webui.exception.WebElementNotFoundException: Web element with id: 'Object Repository/Page_Accueil_Usager/Verif_PopUpTropTotPourDemanderLeRenouvellementDeVotreTitre' located by '/html/body/app-root/div/app-portal/main/app-theme-v2/div/app-triage/div/div/div/form/div[2]/div/p-message/div/span[2]' not found
	at com.kms.katalon.core.webui.keyword.internal.WebUIKeywordMain.stepFailed(WebUIKeywordMain.groovy:64)
	at com.kms.katalon.core.webui.keyword.builtin.VerifyElementPresentKeyword$_verifyElementPresent_closure1.doCall(VerifyElementPresentKeyword.groovy:85)
	at com.kms.katalon.core.webui.keyword.builtin.VerifyElementPresentKeyword$_verifyElementPresent_closure1.call(VerifyElementPresentKeyword.groovy)
	at com.kms.katalon.core.webui.keyword.internal.WebUIKeywordMain.runKeyword(WebUIKeywordMain.groovy:20)
	at com.kms.katalon.core.webui.keyword.builtin.VerifyElementPresentKeyword.verifyElementPresent(VerifyElementPresentKeyword.groovy:92)
	at com.kms.katalon.core.webui.keyword.builtin.VerifyElementPresentKeyword.execute(VerifyElementPresentKeyword.groovy:68)
	at com.kms.katalon.core.keyword.internal.KeywordExecutor.executeKeywordForPlatform(KeywordExecutor.groovy:74)
	at com.kms.katalon.core.webui.keyword.WebUiBuiltInKeywords.verifyElementPresent(WebUiBuiltInKeywords.groovy:1448)
	at com.kazurayam.ksbackyard.HighlightElement$_pandemic_closure1.doCall(HighlightElement.groovy:105)
	at FormulaireTypeDeTitreDeSejour.run(FormulaireTypeDeTitreDeSejour:302)
	at com.kms.katalon.core.main.ScriptEngine.run(ScriptEngine.java:194)
	at com.kms.katalon.core.main.ScriptEngine.runScriptAsRawText(ScriptEngine.java:119)
	at com.kms.katalon.core.main.TestCaseExecutor.runScript(TestCaseExecutor.java:448)
	at com.kms.katalon.core.main.TestCaseExecutor.doExecute(TestCaseExecutor.java:439)
	at com.kms.katalon.core.main.TestCaseExecutor.processExecutionPhase(TestCaseExecutor.java:418)
	at com.kms.katalon.core.main.TestCaseExecutor.accessMainPhase(TestCaseExecutor.java:410)
	at com.kms.katalon.core.main.TestCaseExecutor.execute(TestCaseExecutor.java:285)
	at com.kms.katalon.core.main.TestCaseMain.runTestCase(TestCaseMain.java:144)
	at com.kms.katalon.core.keyword.builtin.CallTestCaseKeyword$_callTestCase_closure1.doCall(CallTestCaseKeyword.groovy:59)
	at com.kms.katalon.core.keyword.builtin.CallTestCaseKeyword$_callTestCase_closure1.call(CallTestCaseKeyword.groovy)
	at com.kms.katalon.core.keyword.internal.KeywordMain.runKeyword(KeywordMain.groovy:75)
	at com.kms.katalon.core.keyword.builtin.CallTestCaseKeyword.callTestCase(CallTestCaseKeyword.groovy:81)
	at com.kms.katalon.core.keyword.builtin.CallTestCaseKeyword.execute(CallTestCaseKeyword.groovy:44)
	at com.kms.katalon.core.keyword.internal.KeywordExecutor.executeKeywordForPlatform(KeywordExecutor.groovy:74)
	at com.kms.katalon.core.keyword.BuiltinKeywords.callTestCase(BuiltinKeywords.groovy:310)
	at com.kazurayam.ksbackyard.HighlightElement$_pandemic_closure1.doCall(HighlightElement.groovy:105)
	at TNR R.TSPT Supp90-Etudiant.run(TNR R.TSPT Supp90-Etudiant:43)
	at com.kms.katalon.core.main.ScriptEngine.run(ScriptEngine.java:194)
	at com.kms.katalon.core.main.ScriptEngine.runScriptAsRawText(ScriptEngine.java:119)
	at com.kms.katalon.core.main.TestCaseExecutor.runScript(TestCaseExecutor.java:448)
	at com.kms.katalon.core.main.TestCaseExecutor.doExecute(TestCaseExecutor.java:439)
	at com.kms.katalon.core.main.TestCaseExecutor.processExecutionPhase(TestCaseExecutor.java:418)
	at com.kms.katalon.core.main.TestCaseExecutor.accessMainPhase(TestCaseExecutor.java:410)
	at com.kms.katalon.core.main.TestCaseExecutor.execute(TestCaseExecutor.java:285)
	at com.kms.katalon.core.common.CommonExecutor.accessTestCaseMainPhase(CommonExecutor.java:65)
	at com.kms.katalon.core.main.TestSuiteExecutor.accessTestSuiteMainPhase(TestSuiteExecutor.java:148)
	at com.kms.katalon.core.main.TestSuiteExecutor.execute(TestSuiteExecutor.java:106)
	at com.kms.katalon.core.main.TestCaseMain.startTestSuite(TestCaseMain.java:187)
	at com.kms.katalon.core.main.TestCaseMain$startTestSuite$0.call(Unknown Source)
	at TempTestSuite1700824657414.run(TempTestSuite1700824657414.groovy:36)
)
[[ATTACHMENT|C:\\Users\\ISSAM.RHARBAOUI\\git\\22_11\\ANEF-AutomatizationProject\\Reports\\20231124_121737\\TS_TNR_R.TSPT_Suppo90\\20231124_121737\\1700825029245.png]]

2023-11-24 12:23:49 - [TEST_STEP][PASSED] - if (MsgAlertPresent): null

2023-11-24 12:23:49 - [TEST_STEP][PASSED] - else:  C'est le bon Moment pour demander le renouvellement de votre titre.

2023-11-24 12:23:49 - [TEST_STEP][PASSED] - markPassed(" C'est le bon Moment pour demander le renouvellement de votre titre."):  C'est le bon Moment pour demander le renouvellement de votre titre.

2023-11-24 12:23:49 - [MESSAGE][PASSED] -  C'est le bon Moment pour demander le renouvellement de votre titre.

2023-11-24 12:23:49 - [MESSAGE][PASSED] - Call Test Case 'Test Cases/Test Reutilisable/DemandeOuRenouvelle_TitreSejour/FormulaireTypeDeTitreDeSejour' successfully

2023-11-24 12:23:49 - [TEST_STEP][FAILED] - callTestCase(findTestCase("Test Reutilisable/DemandeOuRenouvelle_TitreSejour/FormulaireInformationsPersonnelles"), ["AdresseUsager":AdresseUsager, "NumeroTelephoneUsager":NumeroTelephoneUsager], STOP_ON_FAILURE): Unable to call Test Case 'Test Cases/Test Reutilisable/DemandeOuRenouvelle_TitreSejour/FormulaireInformationsPersonnelles' (Root cause: com.kms.katalon.core.exception.StepFailedException: Call Test Case 'Test Cases/Test Reutilisable/DemandeOuRenouvelle_TitreSejour/FormulaireInformationsPersonnelles' failed
	at com.kms.katalon.core.keyword.builtin.CallTestCaseKeyword$_callTestCase_closure1.doCall(CallTestCaseKeyword.groovy:63)
	at com.kms.katalon.core.keyword.builtin.CallTestCaseKeyword$_callTestCase_closure1.call(CallTestCaseKeyword.groovy)
	at com.kms.katalon.core.keyword.internal.KeywordMain.runKeyword(KeywordMain.groovy:75)
	at com.kms.katalon.core.keyword.builtin.CallTestCaseKeyword.callTestCase(CallTestCaseKeyword.groovy:81)
	at com.kms.katalon.core.keyword.builtin.CallTestCaseKeyword.execute(CallTestCaseKeyword.groovy:44)
	at com.kms.katalon.core.keyword.internal.KeywordExecutor.executeKeywordForPlatform(KeywordExecutor.groovy:74)
	at com.kms.katalon.core.keyword.BuiltinKeywords.callTestCase(BuiltinKeywords.groovy:310)
	at com.kazurayam.ksbackyard.HighlightElement$_pandemic_closure1.doCall(HighlightElement.groovy:105)
	at TNR R.TSPT Supp90-Etudiant.run(TNR R.TSPT Supp90-Etudiant:47)
	at com.kms.katalon.core.main.ScriptEngine.run(ScriptEngine.java:194)
	at com.kms.katalon.core.main.ScriptEngine.runScriptAsRawText(ScriptEngine.java:119)
	at com.kms.katalon.core.main.TestCaseExecutor.runScript(TestCaseExecutor.java:448)
	at com.kms.katalon.core.main.TestCaseExecutor.doExecute(TestCaseExecutor.java:439)
	at com.kms.katalon.core.main.TestCaseExecutor.processExecutionPhase(TestCaseExecutor.java:418)
	at com.kms.katalon.core.main.TestCaseExecutor.accessMainPhase(TestCaseExecutor.java:410)
	at com.kms.katalon.core.main.TestCaseExecutor.execute(TestCaseExecutor.java:285)
	at com.kms.katalon.core.common.CommonExecutor.accessTestCaseMainPhase(CommonExecutor.java:65)
	at com.kms.katalon.core.main.TestSuiteExecutor.accessTestSuiteMainPhase(TestSuiteExecutor.java:148)
	at com.kms.katalon.core.main.TestSuiteExecutor.execute(TestSuiteExecutor.java:106)
	at com.kms.katalon.core.main.TestCaseMain.startTestSuite(TestCaseMain.java:187)
	at com.kms.katalon.core.main.TestCaseMain$startTestSuite$0.call(Unknown Source)
	at TempTestSuite1700824657414.run(TempTestSuite1700824657414.groovy:36)
Caused by: com.kms.katalon.core.exception.StepFailedException: Unable to set text '3 rue des 3 moulins 77000 melun' of object 'Object Repository/Page_InformationPersonnelles_Usager/Input_AdresseUsager'
	at com.kms.katalon.core.webui.keyword.internal.WebUIKeywordMain.stepFailed(WebUIKeywordMain.groovy:64)
	at com.kms.katalon.core.webui.keyword.internal.WebUIKeywordMain.runKeyword(WebUIKeywordMain.groovy:26)
	at com.kms.katalon.core.webui.keyword.builtin.SetTextKeyword.setText(SetTextKeyword.groovy:66)
	at com.kms.katalon.core.webui.keyword.builtin.SetTextKeyword.execute(SetTextKeyword.groovy:37)
	at com.kms.katalon.core.keyword.internal.KeywordExecutor.executeKeywordForPlatform(KeywordExecutor.groovy:74)
	at com.kms.katalon.core.webui.keyword.WebUiBuiltInKeywords.setText(WebUiBuiltInKeywords.groovy:980)
	at com.kazurayam.ksbackyard.HighlightElement$_pandemic_closure1.doCall(HighlightElement.groovy:105)
	at FormulaireInformationsPersonnelles.run(FormulaireInformationsPersonnelles:41)
	at com.kms.katalon.core.main.ScriptEngine.run(ScriptEngine.java:194)
	at com.kms.katalon.core.main.ScriptEngine.runScriptAsRawText(ScriptEngine.java:119)
	at com.kms.katalon.core.main.TestCaseExecutor.runScript(TestCaseExecutor.java:448)
	at com.kms.katalon.core.main.TestCaseExecutor.doExecute(TestCaseExecutor.java:439)
	at com.kms.katalon.core.main.TestCaseExecutor.processExecutionPhase(TestCaseExecutor.java:418)
	at com.kms.katalon.core.main.TestCaseExecutor.accessMainPhase(TestCaseExecutor.java:410)
	at com.kms.katalon.core.main.TestCaseExecutor.execute(TestCaseExecutor.java:285)
	at com.kms.katalon.core.main.TestCaseMain.runTestCase(TestCaseMain.java:144)
	at com.kms.katalon.core.keyword.builtin.CallTestCaseKeyword$_callTestCase_closure1.doCall(CallTestCaseKeyword.groovy:59)
	... 21 more
Caused by: com.kms.katalon.core.webui.exception.WebElementNotFoundException: Web element with id: 'Object Repository/Page_InformationPersonnelles_Usager/Input_AdresseUsager' located by '//app-informations-personnelles//app-adresse-etalab//app-vls-ts-etalab//div/input|//app-informations-personnelles-shared//app-adresse-etalab//app-vls-ts-etalab//div/input' not found
	at com.kms.katalon.core.webui.common.WebUiCommonHelper.findWebElement(WebUiCommonHelper.java:1381)
	at com.kms.katalon.core.webui.keyword.internal.WebUIAbstractKeyword.findWebElement(WebUIAbstractKeyword.groovy:27)
	at com.kms.katalon.core.webui.keyword.internal.WebUIAbstractKeyword.findWebElement(WebUIAbstractKeyword.groovy:26)
	at com.kms.katalon.core.webui.keyword.builtin.SetTextKeyword$_setText_closure1.doCall(SetTextKeyword.groovy:51)
	at com.kms.katalon.core.webui.keyword.builtin.SetTextKeyword$_setText_closure1.call(SetTextKeyword.groovy)
	at com.kms.katalon.core.webui.keyword.internal.WebUIKeywordMain.runKeyword(WebUIKeywordMain.groovy:20)
	... 36 more
)

2023-11-24 12:23:49 - [MESSAGE][INFO] - Checking called Test Case

2023-11-24 12:23:49 - [MESSAGE][INFO] - Starting to call Test Case 'Test Cases/Test Reutilisable/DemandeOuRenouvelle_TitreSejour/FormulaireInformationsPersonnelles'

2023-11-24 12:23:49 - [TEST_CASE][FAILED] - Test Cases/Test Reutilisable/DemandeOuRenouvelle_TitreSejour/FormulaireInformationsPersonnelles: Test Cases/Test Reutilisable/DemandeOuRenouvelle_TitreSejour/FormulaireInformationsPersonnelles FAILED.
Reason:
com.kms.katalon.core.exception.StepFailedException: Unable to set text '3 rue des 3 moulins 77000 melun' of object 'Object Repository/Page_InformationPersonnelles_Usager/Input_AdresseUsager'
	at com.kms.katalon.core.webui.keyword.internal.WebUIKeywordMain.stepFailed(WebUIKeywordMain.groovy:64)
	at com.kms.katalon.core.webui.keyword.internal.WebUIKeywordMain.runKeyword(WebUIKeywordMain.groovy:26)
	at com.kms.katalon.core.webui.keyword.builtin.SetTextKeyword.setText(SetTextKeyword.groovy:66)
	at com.kms.katalon.core.webui.keyword.builtin.SetTextKeyword.execute(SetTextKeyword.groovy:37)
	at com.kms.katalon.core.keyword.internal.KeywordExecutor.executeKeywordForPlatform(KeywordExecutor.groovy:74)
	at com.kms.katalon.core.webui.keyword.WebUiBuiltInKeywords.setText(WebUiBuiltInKeywords.groovy:980)
	at com.kazurayam.ksbackyard.HighlightElement$_pandemic_closure1.doCall(HighlightElement.groovy:105)
	at FormulaireInformationsPersonnelles.run(FormulaireInformationsPersonnelles:41)
	at com.kms.katalon.core.main.ScriptEngine.run(ScriptEngine.java:194)
	at com.kms.katalon.core.main.ScriptEngine.runScriptAsRawText(ScriptEngine.java:119)
	at com.kms.katalon.core.main.TestCaseExecutor.runScript(TestCaseExecutor.java:448)
	at com.kms.katalon.core.main.TestCaseExecutor.doExecute(TestCaseExecutor.java:439)
	at com.kms.katalon.core.main.TestCaseExecutor.processExecutionPhase(TestCaseExecutor.java:418)
	at com.kms.katalon.core.main.TestCaseExecutor.accessMainPhase(TestCaseExecutor.java:410)
	at com.kms.katalon.core.main.TestCaseExecutor.execute(TestCaseExecutor.java:285)
	at com.kms.katalon.core.main.TestCaseMain.runTestCase(TestCaseMain.java:144)
	at com.kms.katalon.core.keyword.builtin.CallTestCaseKeyword$_callTestCase_closure1.doCall(CallTestCaseKeyword.groovy:59)
	at com.kms.katalon.core.keyword.builtin.CallTestCaseKeyword$_callTestCase_closure1.call(CallTestCaseKeyword.groovy)
	at com.kms.katalon.core.keyword.internal.KeywordMain.runKeyword(KeywordMain.groovy:75)
	at com.kms.katalon.core.keyword.builtin.CallTestCaseKeyword.callTestCase(CallTestCaseKeyword.groovy:81)
	at com.kms.katalon.core.keyword.builtin.CallTestCaseKeyword.execute(CallTestCaseKeyword.groovy:44)
	at com.kms.katalon.core.keyword.internal.KeywordExecutor.executeKeywordForPlatform(KeywordExecutor.groovy:74)
	at com.kms.katalon.core.keyword.BuiltinKeywords.callTestCase(BuiltinKeywords.groovy:310)
	at com.kazurayam.ksbackyard.HighlightElement$_pandemic_closure1.doCall(HighlightElement.groovy:105)
	at TNR R.TSPT Supp90-Etudiant.run(TNR R.TSPT Supp90-Etudiant:47)
	at com.kms.katalon.core.main.ScriptEngine.run(ScriptEngine.java:194)
	at com.kms.katalon.core.main.ScriptEngine.runScriptAsRawText(ScriptEngine.java:119)
	at com.kms.katalon.core.main.TestCaseExecutor.runScript(TestCaseExecutor.java:448)
	at com.kms.katalon.core.main.TestCaseExecutor.doExecute(TestCaseExecutor.java:439)
	at com.kms.katalon.core.main.TestCaseExecutor.processExecutionPhase(TestCaseExecutor.java:418)
	at com.kms.katalon.core.main.TestCaseExecutor.accessMainPhase(TestCaseExecutor.java:410)
	at com.kms.katalon.core.main.TestCaseExecutor.execute(TestCaseExecutor.java:285)
	at com.kms.katalon.core.common.CommonExecutor.accessTestCaseMainPhase(CommonExecutor.java:65)
	at com.kms.katalon.core.main.TestSuiteExecutor.accessTestSuiteMainPhase(TestSuiteExecutor.java:148)
	at com.kms.katalon.core.main.TestSuiteExecutor.execute(TestSuiteExecutor.java:106)
	at com.kms.katalon.core.main.TestCaseMain.startTestSuite(TestCaseMain.java:187)
	at com.kms.katalon.core.main.TestCaseMain$startTestSuite$0.call(Unknown Source)
	at TempTestSuite1700824657414.run(TempTestSuite1700824657414.groovy:36)
Caused by: com.kms.katalon.core.webui.exception.WebElementNotFoundException: Web element with id: 'Object Repository/Page_InformationPersonnelles_Usager/Input_AdresseUsager' located by '//app-informations-personnelles//app-adresse-etalab//app-vls-ts-etalab//div/input|//app-informations-personnelles-shared//app-adresse-etalab//app-vls-ts-etalab//div/input' not found
	at com.kms.katalon.core.webui.common.WebUiCommonHelper.findWebElement(WebUiCommonHelper.java:1381)
	at com.kms.katalon.core.webui.keyword.internal.WebUIAbstractKeyword.findWebElement(WebUIAbstractKeyword.groovy:27)
	at com.kms.katalon.core.webui.keyword.internal.WebUIAbstractKeyword.findWebElement(WebUIAbstractKeyword.groovy:26)
	at com.kms.katalon.core.webui.keyword.builtin.SetTextKeyword$_setText_closure1.doCall(SetTextKeyword.groovy:51)
	at com.kms.katalon.core.webui.keyword.builtin.SetTextKeyword$_setText_closure1.call(SetTextKeyword.groovy)
	at com.kms.katalon.core.webui.keyword.internal.WebUIKeywordMain.runKeyword(WebUIKeywordMain.groovy:20)
	... 36 more


2023-11-24 12:23:49 - [TEST_STEP][PASSED] - com.kazurayam.ksbackyard.HighlightElement.pandemic(): com.kazurayam.ksbackyard.HighlightElement.pandemic is PASSED

2023-11-24 12:23:49 - [MESSAGE][PASSED] - com.kazurayam.ksbackyard.HighlightElement.pandemic is PASSED

2023-11-24 12:23:49 - [TEST_STEP][PASSED] - if (verifyElementPresent(findTestObject("Object Repository/Page_InformationPersonnelles_Usager/CheckBox_liensPersonnelsFamiliaux_1_Non"), 1, OPTIONAL)): com.kms.katalon.core.webui.exception.WebElementNotFoundException: Web element with id: 'Object Repository/Page_InformationPersonnelles_Usager/CheckBox_liensPersonnelsFamiliaux_1_Non' located by '//*[@id="ui-accordiontab-1-content"]/div/div/div[1]/div/anef-input-radio/div/div/fieldset/div/div[2]/p-radiobutton/div/div[2]/span|//*[@id="ui-accordiontab-9-content"]/div/app-has-enfants-charge/div/div/anef-input-radio/div/div/fieldset/div/div[2]/p-radiobutton/div/div[2]/span' not found (Root cause: com.kms.katalon.core.exception.StepFailedException: com.kms.katalon.core.webui.exception.WebElementNotFoundException: Web element with id: 'Object Repository/Page_InformationPersonnelles_Usager/CheckBox_liensPersonnelsFamiliaux_1_Non' located by '//*[@id="ui-accordiontab-1-content"]/div/div/div[1]/div/anef-input-radio/div/div/fieldset/div/div[2]/p-radiobutton/div/div[2]/span|//*[@id="ui-accordiontab-9-content"]/div/app-has-enfants-charge/div/div/anef-input-radio/div/div/fieldset/div/div[2]/p-radiobutton/div/div[2]/span' not found
	at com.kms.katalon.core.webui.keyword.internal.WebUIKeywordMain.stepFailed(WebUIKeywordMain.groovy:64)
	at com.kms.katalon.core.webui.keyword.builtin.VerifyElementPresentKeyword$_verifyElementPresent_closure1.doCall(VerifyElementPresentKeyword.groovy:85)
	at com.kms.katalon.core.webui.keyword.builtin.VerifyElementPresentKeyword$_verifyElementPresent_closure1.call(VerifyElementPresentKeyword.groovy)
	at com.kms.katalon.core.webui.keyword.internal.WebUIKeywordMain.runKeyword(WebUIKeywordMain.groovy:20)
	at com.kms.katalon.core.webui.keyword.builtin.VerifyElementPresentKeyword.verifyElementPresent(VerifyElementPresentKeyword.groovy:92)
	at com.kms.katalon.core.webui.keyword.builtin.VerifyElementPresentKeyword.execute(VerifyElementPresentKeyword.groovy:68)
	at com.kms.katalon.core.keyword.internal.KeywordExecutor.executeKeywordForPlatform(KeywordExecutor.groovy:74)
	at com.kms.katalon.core.webui.keyword.WebUiBuiltInKeywords.verifyElementPresent(WebUiBuiltInKeywords.groovy:1448)
	at com.kazurayam.ksbackyard.HighlightElement$_pandemic_closure1.doCall(HighlightElement.groovy:105)
	at FormulaireInformationsPersonnelles.run(FormulaireInformationsPersonnelles:28)
	at com.kms.katalon.core.main.ScriptEngine.run(ScriptEngine.java:194)
	at com.kms.katalon.core.main.ScriptEngine.runScriptAsRawText(ScriptEngine.java:119)
	at com.kms.katalon.core.main.TestCaseExecutor.runScript(TestCaseExecutor.java:448)
	at com.kms.katalon.core.main.TestCaseExecutor.doExecute(TestCaseExecutor.java:439)
	at com.kms.katalon.core.main.TestCaseExecutor.processExecutionPhase(TestCaseExecutor.java:418)
	at com.kms.katalon.core.main.TestCaseExecutor.accessMainPhase(TestCaseExecutor.java:410)
	at com.kms.katalon.core.main.TestCaseExecutor.execute(TestCaseExecutor.java:285)
	at com.kms.katalon.core.main.TestCaseMain.runTestCase(TestCaseMain.java:144)
	at com.kms.katalon.core.keyword.builtin.CallTestCaseKeyword$_callTestCase_closure1.doCall(CallTestCaseKeyword.groovy:59)
	at com.kms.katalon.core.keyword.builtin.CallTestCaseKeyword$_callTestCase_closure1.call(CallTestCaseKeyword.groovy)
	at com.kms.katalon.core.keyword.internal.KeywordMain.runKeyword(KeywordMain.groovy:75)
	at com.kms.katalon.core.keyword.builtin.CallTestCaseKeyword.callTestCase(CallTestCaseKeyword.groovy:81)
	at com.kms.katalon.core.keyword.builtin.CallTestCaseKeyword.execute(CallTestCaseKeyword.groovy:44)
	at com.kms.katalon.core.keyword.internal.KeywordExecutor.executeKeywordForPlatform(KeywordExecutor.groovy:74)
	at com.kms.katalon.core.keyword.BuiltinKeywords.callTestCase(BuiltinKeywords.groovy:310)
	at com.kazurayam.ksbackyard.HighlightElement$_pandemic_closure1.doCall(HighlightElement.groovy:105)
	at TNR R.TSPT Supp90-Etudiant.run(TNR R.TSPT Supp90-Etudiant:47)
	at com.kms.katalon.core.main.ScriptEngine.run(ScriptEngine.java:194)
	at com.kms.katalon.core.main.ScriptEngine.runScriptAsRawText(ScriptEngine.java:119)
	at com.kms.katalon.core.main.TestCaseExecutor.runScript(TestCaseExecutor.java:448)
	at com.kms.katalon.core.main.TestCaseExecutor.doExecute(TestCaseExecutor.java:439)
	at com.kms.katalon.core.main.TestCaseExecutor.processExecutionPhase(TestCaseExecutor.java:418)
	at com.kms.katalon.core.main.TestCaseExecutor.accessMainPhase(TestCaseExecutor.java:410)
	at com.kms.katalon.core.main.TestCaseExecutor.execute(TestCaseExecutor.java:285)
	at com.kms.katalon.core.common.CommonExecutor.accessTestCaseMainPhase(CommonExecutor.java:65)
	at com.kms.katalon.core.main.TestSuiteExecutor.accessTestSuiteMainPhase(TestSuiteExecutor.java:148)
	at com.kms.katalon.core.main.TestSuiteExecutor.execute(TestSuiteExecutor.java:106)
	at com.kms.katalon.core.main.TestCaseMain.startTestSuite(TestCaseMain.java:187)
	at com.kms.katalon.core.main.TestCaseMain$startTestSuite$0.call(Unknown Source)
	at TempTestSuite1700824657414.run(TempTestSuite1700824657414.groovy:36)
)

2023-11-24 12:23:49 - [MESSAGE][INFO] - Finding Test Object 'Object Repository/Page_InformationPersonnelles_Usager/CheckBox_liensPersonnelsFamiliaux_1_Non'

2023-11-24 12:23:49 - [MESSAGE][INFO] - Checking object

2023-11-24 12:23:49 - [MESSAGE][INFO] - Finding web element from Test Object's properties

2023-11-24 12:23:49 - [MESSAGE][INFO] - Checking timeout

2023-11-24 12:23:49 - [MESSAGE][INFO] - Finding web element with id: 'Object Repository/Page_InformationPersonnelles_Usager/CheckBox_liensPersonnelsFamiliaux_1_Non' located by 'By.xpath: //*[@id="ui-accordiontab-1-content"]/div/div/div[1]/div/anef-input-radio/div/div/fieldset/div/div[2]/p-radiobutton/div/div[2]/span|//*[@id="ui-accordiontab-9-content"]/div/app-has-enfants-charge/div/div/anef-input-radio/div/div/fieldset/div/div[2]/p-radiobutton/div/div[2]/span' in '1' second(s)

2023-11-24 12:23:49 - [MESSAGE][INFO] - Smart Wait Function is triggered

2023-11-24 12:23:49 - [MESSAGE][INFO] - Smart Wait Function is triggered

2023-11-24 12:23:49 - [MESSAGE][INFO] - Smart Wait Function is triggered

2023-11-24 12:23:49 - [MESSAGE][INFO] - Smart Wait Function is triggered

2023-11-24 12:23:49 - [MESSAGE][INFO] - Smart Wait Function is triggered

2023-11-24 12:23:49 - [MESSAGE][INFO] - Smart Wait Function is triggered

2023-11-24 12:23:49 - [MESSAGE][INFO] - Smart Wait Function is triggered

2023-11-24 12:23:50 - [MESSAGE][INFO] - Smart Wait Function is triggered

2023-11-24 12:23:50 - [MESSAGE][INFO] - Smart Wait Function is triggered

2023-11-24 12:23:50 - [MESSAGE][INFO] - Smart Wait Function is triggered

2023-11-24 12:23:50 - [MESSAGE][INFO] - Smart Wait Function is triggered

2023-11-24 12:23:50 - [MESSAGE][INFO] - Smart Wait Function is triggered

2023-11-24 12:23:50 - [MESSAGE][INFO] - Smart Wait Function is triggered

2023-11-24 12:23:50 - [MESSAGE][INFO] - Smart Wait Function is triggered

2023-11-24 12:23:50 - [MESSAGE][INFO] - Smart Wait Function is triggered

2023-11-24 12:23:50 - [MESSAGE][INFO] - Smart Wait Function is triggered

2023-11-24 12:23:50 - [MESSAGE][INFO] - Smart Wait Function is triggered

2023-11-24 12:23:50 - [MESSAGE][INFO] - Smart Wait Function is triggered

2023-11-24 12:23:50 - [MESSAGE][INFO] - Smart Wait Function is triggered

2023-11-24 12:23:50 - [MESSAGE][INFO] - Smart Wait Function is triggered

2023-11-24 12:23:50 - [MESSAGE][INFO] - Smart Wait Function is triggered

2023-11-24 12:23:50 - [MESSAGE][INFO] - Smart Wait Function is triggered

2023-11-24 12:23:50 - [MESSAGE][INFO] - Smart Wait Function is triggered

2023-11-24 12:23:50 - [MESSAGE][INFO] - Smart Wait Function is triggered

2023-11-24 12:23:50 - [MESSAGE][INFO] - Smart Wait Function is triggered

2023-11-24 12:23:50 - [MESSAGE][INFO] - Smart Wait Function is triggered

2023-11-24 12:23:50 - [MESSAGE][INFO] - Smart Wait Function is triggered

2023-11-24 12:23:50 - [MESSAGE][INFO] - Smart Wait Function is triggered

2023-11-24 12:23:50 - [MESSAGE][INFO] - Smart Wait Function is triggered

2023-11-24 12:23:50 - [MESSAGE][INFO] - Smart Wait Function is triggered

2023-11-24 12:23:50 - [MESSAGE][INFO] - Smart Wait Function is triggered

2023-11-24 12:23:50 - [MESSAGE][INFO] - Smart Wait Function is triggered

2023-11-24 12:23:50 - [MESSAGE][INFO] - Smart Wait Function is triggered

2023-11-24 12:23:50 - [MESSAGE][INFO] - Smart Wait Function is triggered

2023-11-24 12:23:50 - [MESSAGE][INFO] - Smart Wait Function is triggered

2023-11-24 12:23:50 - [MESSAGE][INFO] - Smart Wait Function is triggered

2023-11-24 12:23:50 - [MESSAGE][INFO] - Smart Wait Function is triggered

2023-11-24 12:23:50 - [MESSAGE][INFO] - Smart Wait Function is triggered

2023-11-24 12:23:50 - [MESSAGE][INFO] - Smart Wait Function is triggered

2023-11-24 12:23:51 - [MESSAGE][INFO] - Smart Wait Function is triggered

2023-11-24 12:23:51 - [MESSAGE][INFO] - Smart Wait Function is triggered

2023-11-24 12:23:51 - [MESSAGE][INFO] - Smart Wait Function is triggered

2023-11-24 12:23:51 - [MESSAGE][INFO] - Smart Wait Function is triggered

2023-11-24 12:23:51 - [MESSAGE][INFO] - Smart Wait Function is triggered

2023-11-24 12:23:51 - [MESSAGE][INFO] - Smart Wait Function is triggered

2023-11-24 12:23:51 - [MESSAGE][INFO] - Smart Wait Function is triggered

2023-11-24 12:23:51 - [MESSAGE][INFO] - Smart Wait Function is triggered

2023-11-24 12:23:51 - [MESSAGE][INFO] - Smart Wait Function is triggered

2023-11-24 12:23:51 - [MESSAGE][INFO] - Smart Wait Function is triggered

2023-11-24 12:23:51 - [MESSAGE][INFO] - Smart Wait Function is triggered

2023-11-24 12:23:51 - [MESSAGE][INFO] - Smart Wait Function is triggered

2023-11-24 12:23:51 - [MESSAGE][INFO] - Smart Wait Function is triggered

2023-11-24 12:23:51 - [MESSAGE][INFO] - Smart Wait Function is triggered

2023-11-24 12:23:51 - [MESSAGE][INFO] - Smart Wait Function is triggered

2023-11-24 12:23:51 - [MESSAGE][INFO] - Smart Wait Function is triggered

2023-11-24 12:23:51 - [MESSAGE][INFO] - Smart Wait Function is triggered

2023-11-24 12:23:51 - [MESSAGE][INFO] - Smart Wait Function is triggered

2023-11-24 12:23:51 - [MESSAGE][INFO] - Smart Wait Function is triggered

2023-11-24 12:23:51 - [MESSAGE][INFO] - Smart Wait Function is triggered

2023-11-24 12:23:51 - [MESSAGE][INFO] - Smart Wait Function is triggered

2023-11-24 12:23:51 - [MESSAGE][INFO] - Smart Wait Function is triggered

2023-11-24 12:23:51 - [MESSAGE][INFO] - Smart Wait Function is triggered

2023-11-24 12:23:51 - [MESSAGE][INFO] - Unable to find the element located by 'By.xpath: //*[@id="ui-accordiontab-1-content"]/div/div/div[1]/div/anef-input-radio/div/div/fieldset/div/div[2]/p-radiobutton/div/div[2]/span|//*[@id="ui-accordiontab-9-content"]/div/app-has-enfants-charge/div/div/anef-input-radio/div/div/fieldset/div/div[2]/p-radiobutton/div/div[2]/span'. Please recheck the objects properties to make sure the desired element is located. 

2023-11-24 12:23:52 - [MESSAGE][WARNING] - com.kms.katalon.core.webui.exception.WebElementNotFoundException: Web element with id: 'Object Repository/Page_InformationPersonnelles_Usager/CheckBox_liensPersonnelsFamiliaux_1_Non' located by '//*[@id="ui-accordiontab-1-content"]/div/div/div[1]/div/anef-input-radio/div/div/fieldset/div/div[2]/p-radiobutton/div/div[2]/span|//*[@id="ui-accordiontab-9-content"]/div/app-has-enfants-charge/div/div/anef-input-radio/div/div/fieldset/div/div[2]/p-radiobutton/div/div[2]/span' not found (Root cause: com.kms.katalon.core.exception.StepFailedException: com.kms.katalon.core.webui.exception.WebElementNotFoundException: Web element with id: 'Object Repository/Page_InformationPersonnelles_Usager/CheckBox_liensPersonnelsFamiliaux_1_Non' located by '//*[@id="ui-accordiontab-1-content"]/div/div/div[1]/div/anef-input-radio/div/div/fieldset/div/div[2]/p-radiobutton/div/div[2]/span|//*[@id="ui-accordiontab-9-content"]/div/app-has-enfants-charge/div/div/anef-input-radio/div/div/fieldset/div/div[2]/p-radiobutton/div/div[2]/span' not found
	at com.kms.katalon.core.webui.keyword.internal.WebUIKeywordMain.stepFailed(WebUIKeywordMain.groovy:64)
	at com.kms.katalon.core.webui.keyword.builtin.VerifyElementPresentKeyword$_verifyElementPresent_closure1.doCall(VerifyElementPresentKeyword.groovy:85)
	at com.kms.katalon.core.webui.keyword.builtin.VerifyElementPresentKeyword$_verifyElementPresent_closure1.call(VerifyElementPresentKeyword.groovy)
	at com.kms.katalon.core.webui.keyword.internal.WebUIKeywordMain.runKeyword(WebUIKeywordMain.groovy:20)
	at com.kms.katalon.core.webui.keyword.builtin.VerifyElementPresentKeyword.verifyElementPresent(VerifyElementPresentKeyword.groovy:92)
	at com.kms.katalon.core.webui.keyword.builtin.VerifyElementPresentKeyword.execute(VerifyElementPresentKeyword.groovy:68)
	at com.kms.katalon.core.keyword.internal.KeywordExecutor.executeKeywordForPlatform(KeywordExecutor.groovy:74)
	at com.kms.katalon.core.webui.keyword.WebUiBuiltInKeywords.verifyElementPresent(WebUiBuiltInKeywords.groovy:1448)
	at com.kazurayam.ksbackyard.HighlightElement$_pandemic_closure1.doCall(HighlightElement.groovy:105)
	at FormulaireInformationsPersonnelles.run(FormulaireInformationsPersonnelles:28)
	at com.kms.katalon.core.main.ScriptEngine.run(ScriptEngine.java:194)
	at com.kms.katalon.core.main.ScriptEngine.runScriptAsRawText(ScriptEngine.java:119)
	at com.kms.katalon.core.main.TestCaseExecutor.runScript(TestCaseExecutor.java:448)
	at com.kms.katalon.core.main.TestCaseExecutor.doExecute(TestCaseExecutor.java:439)
	at com.kms.katalon.core.main.TestCaseExecutor.processExecutionPhase(TestCaseExecutor.java:418)
	at com.kms.katalon.core.main.TestCaseExecutor.accessMainPhase(TestCaseExecutor.java:410)
	at com.kms.katalon.core.main.TestCaseExecutor.execute(TestCaseExecutor.java:285)
	at com.kms.katalon.core.main.TestCaseMain.runTestCase(TestCaseMain.java:144)
	at com.kms.katalon.core.keyword.builtin.CallTestCaseKeyword$_callTestCase_closure1.doCall(CallTestCaseKeyword.groovy:59)
	at com.kms.katalon.core.keyword.builtin.CallTestCaseKeyword$_callTestCase_closure1.call(CallTestCaseKeyword.groovy)
	at com.kms.katalon.core.keyword.internal.KeywordMain.runKeyword(KeywordMain.groovy:75)
	at com.kms.katalon.core.keyword.builtin.CallTestCaseKeyword.callTestCase(CallTestCaseKeyword.groovy:81)
	at com.kms.katalon.core.keyword.builtin.CallTestCaseKeyword.execute(CallTestCaseKeyword.groovy:44)
	at com.kms.katalon.core.keyword.internal.KeywordExecutor.executeKeywordForPlatform(KeywordExecutor.groovy:74)
	at com.kms.katalon.core.keyword.BuiltinKeywords.callTestCase(BuiltinKeywords.groovy:310)
	at com.kazurayam.ksbackyard.HighlightElement$_pandemic_closure1.doCall(HighlightElement.groovy:105)
	at TNR R.TSPT Supp90-Etudiant.run(TNR R.TSPT Supp90-Etudiant:47)
	at com.kms.katalon.core.main.ScriptEngine.run(ScriptEngine.java:194)
	at com.kms.katalon.core.main.ScriptEngine.runScriptAsRawText(ScriptEngine.java:119)
	at com.kms.katalon.core.main.TestCaseExecutor.runScript(TestCaseExecutor.java:448)
	at com.kms.katalon.core.main.TestCaseExecutor.doExecute(TestCaseExecutor.java:439)
	at com.kms.katalon.core.main.TestCaseExecutor.processExecutionPhase(TestCaseExecutor.java:418)
	at com.kms.katalon.core.main.TestCaseExecutor.accessMainPhase(TestCaseExecutor.java:410)
	at com.kms.katalon.core.main.TestCaseExecutor.execute(TestCaseExecutor.java:285)
	at com.kms.katalon.core.common.CommonExecutor.accessTestCaseMainPhase(CommonExecutor.java:65)
	at com.kms.katalon.core.main.TestSuiteExecutor.accessTestSuiteMainPhase(TestSuiteExecutor.java:148)
	at com.kms.katalon.core.main.TestSuiteExecutor.execute(TestSuiteExecutor.java:106)
	at com.kms.katalon.core.main.TestCaseMain.startTestSuite(TestCaseMain.java:187)
	at com.kms.katalon.core.main.TestCaseMain$startTestSuite$0.call(Unknown Source)
	at TempTestSuite1700824657414.run(TempTestSuite1700824657414.groovy:36)
)
[[ATTACHMENT|C:\\Users\\ISSAM.RHARBAOUI\\git\\22_11\\ANEF-AutomatizationProject\\Reports\\20231124_121737\\TS_TNR_R.TSPT_Suppo90\\20231124_121737\\1700825031829.png]]

2023-11-24 12:23:52 - [TEST_STEP][PASSED] - delay(2): Delayed 2 second(s)

2023-11-24 12:23:52 - [MESSAGE][INFO] - Delaying browser in 2 second(s)

2023-11-24 12:23:54 - [MESSAGE][PASSED] - Delayed 2 second(s)

2023-11-24 12:23:54 - [TEST_STEP][PASSED] - if (verifyElementPresent(findTestObject("Object Repository/Page_InformationPersonnelles_Usager/CheckBox_liensPersonnelsFamiliaux_2_Non"), 1, OPTIONAL)): com.kms.katalon.core.webui.exception.WebElementNotFoundException: Web element with id: 'Object Repository/Page_InformationPersonnelles_Usager/CheckBox_liensPersonnelsFamiliaux_2_Non' located by '//*[@id="ui-accordiontab-1-content"]/div/div/div[2]/div/anef-input-radio/div/div/fieldset/div/div[2]/p-radiobutton/div/div[2]' not found (Root cause: com.kms.katalon.core.exception.StepFailedException: com.kms.katalon.core.webui.exception.WebElementNotFoundException: Web element with id: 'Object Repository/Page_InformationPersonnelles_Usager/CheckBox_liensPersonnelsFamiliaux_2_Non' located by '//*[@id="ui-accordiontab-1-content"]/div/div/div[2]/div/anef-input-radio/div/div/fieldset/div/div[2]/p-radiobutton/div/div[2]' not found
	at com.kms.katalon.core.webui.keyword.internal.WebUIKeywordMain.stepFailed(WebUIKeywordMain.groovy:64)
	at com.kms.katalon.core.webui.keyword.builtin.VerifyElementPresentKeyword$_verifyElementPresent_closure1.doCall(VerifyElementPresentKeyword.groovy:85)
	at com.kms.katalon.core.webui.keyword.builtin.VerifyElementPresentKeyword$_verifyElementPresent_closure1.call(VerifyElementPresentKeyword.groovy)
	at com.kms.katalon.core.webui.keyword.internal.WebUIKeywordMain.runKeyword(WebUIKeywordMain.groovy:20)
	at com.kms.katalon.core.webui.keyword.builtin.VerifyElementPresentKeyword.verifyElementPresent(VerifyElementPresentKeyword.groovy:92)
	at com.kms.katalon.core.webui.keyword.builtin.VerifyElementPresentKeyword.execute(VerifyElementPresentKeyword.groovy:68)
	at com.kms.katalon.core.keyword.internal.KeywordExecutor.executeKeywordForPlatform(KeywordExecutor.groovy:74)
	at com.kms.katalon.core.webui.keyword.WebUiBuiltInKeywords.verifyElementPresent(WebUiBuiltInKeywords.groovy:1448)
	at com.kazurayam.ksbackyard.HighlightElement$_pandemic_closure1.doCall(HighlightElement.groovy:105)
	at FormulaireInformationsPersonnelles.run(FormulaireInformationsPersonnelles:33)
	at com.kms.katalon.core.main.ScriptEngine.run(ScriptEngine.java:194)
	at com.kms.katalon.core.main.ScriptEngine.runScriptAsRawText(ScriptEngine.java:119)
	at com.kms.katalon.core.main.TestCaseExecutor.runScript(TestCaseExecutor.java:448)
	at com.kms.katalon.core.main.TestCaseExecutor.doExecute(TestCaseExecutor.java:439)
	at com.kms.katalon.core.main.TestCaseExecutor.processExecutionPhase(TestCaseExecutor.java:418)
	at com.kms.katalon.core.main.TestCaseExecutor.accessMainPhase(TestCaseExecutor.java:410)
	at com.kms.katalon.core.main.TestCaseExecutor.execute(TestCaseExecutor.java:285)
	at com.kms.katalon.core.main.TestCaseMain.runTestCase(TestCaseMain.java:144)
	at com.kms.katalon.core.keyword.builtin.CallTestCaseKeyword$_callTestCase_closure1.doCall(CallTestCaseKeyword.groovy:59)
	at com.kms.katalon.core.keyword.builtin.CallTestCaseKeyword$_callTestCase_closure1.call(CallTestCaseKeyword.groovy)
	at com.kms.katalon.core.keyword.internal.KeywordMain.runKeyword(KeywordMain.groovy:75)
	at com.kms.katalon.core.keyword.builtin.CallTestCaseKeyword.callTestCase(CallTestCaseKeyword.groovy:81)
	at com.kms.katalon.core.keyword.builtin.CallTestCaseKeyword.execute(CallTestCaseKeyword.groovy:44)
	at com.kms.katalon.core.keyword.internal.KeywordExecutor.executeKeywordForPlatform(KeywordExecutor.groovy:74)
	at com.kms.katalon.core.keyword.BuiltinKeywords.callTestCase(BuiltinKeywords.groovy:310)
	at com.kazurayam.ksbackyard.HighlightElement$_pandemic_closure1.doCall(HighlightElement.groovy:105)
	at TNR R.TSPT Supp90-Etudiant.run(TNR R.TSPT Supp90-Etudiant:47)
	at com.kms.katalon.core.main.ScriptEngine.run(ScriptEngine.java:194)
	at com.kms.katalon.core.main.ScriptEngine.runScriptAsRawText(ScriptEngine.java:119)
	at com.kms.katalon.core.main.TestCaseExecutor.runScript(TestCaseExecutor.java:448)
	at com.kms.katalon.core.main.TestCaseExecutor.doExecute(TestCaseExecutor.java:439)
	at com.kms.katalon.core.main.TestCaseExecutor.processExecutionPhase(TestCaseExecutor.java:418)
	at com.kms.katalon.core.main.TestCaseExecutor.accessMainPhase(TestCaseExecutor.java:410)
	at com.kms.katalon.core.main.TestCaseExecutor.execute(TestCaseExecutor.java:285)
	at com.kms.katalon.core.common.CommonExecutor.accessTestCaseMainPhase(CommonExecutor.java:65)
	at com.kms.katalon.core.main.TestSuiteExecutor.accessTestSuiteMainPhase(TestSuiteExecutor.java:148)
	at com.kms.katalon.core.main.TestSuiteExecutor.execute(TestSuiteExecutor.java:106)
	at com.kms.katalon.core.main.TestCaseMain.startTestSuite(TestCaseMain.java:187)
	at com.kms.katalon.core.main.TestCaseMain$startTestSuite$0.call(Unknown Source)
	at TempTestSuite1700824657414.run(TempTestSuite1700824657414.groovy:36)
)

2023-11-24 12:23:54 - [MESSAGE][INFO] - Finding Test Object 'Object Repository/Page_InformationPersonnelles_Usager/CheckBox_liensPersonnelsFamiliaux_2_Non'

2023-11-24 12:23:54 - [MESSAGE][INFO] - Checking object

2023-11-24 12:23:54 - [MESSAGE][INFO] - Finding web element from Test Object's properties

2023-11-24 12:23:54 - [MESSAGE][INFO] - Checking timeout

2023-11-24 12:23:54 - [MESSAGE][INFO] - Finding web element with id: 'Object Repository/Page_InformationPersonnelles_Usager/CheckBox_liensPersonnelsFamiliaux_2_Non' located by 'By.xpath: //*[@id="ui-accordiontab-1-content"]/div/div/div[2]/div/anef-input-radio/div/div/fieldset/div/div[2]/p-radiobutton/div/div[2]' in '1' second(s)

2023-11-24 12:23:54 - [MESSAGE][INFO] - Smart Wait Function is triggered

2023-11-24 12:23:54 - [MESSAGE][INFO] - Smart Wait Function is triggered

2023-11-24 12:23:54 - [MESSAGE][INFO] - Smart Wait Function is triggered

2023-11-24 12:23:54 - [MESSAGE][INFO] - Smart Wait Function is triggered

2023-11-24 12:23:54 - [MESSAGE][INFO] - Smart Wait Function is triggered

2023-11-24 12:23:54 - [MESSAGE][INFO] - Smart Wait Function is triggered

2023-11-24 12:23:54 - [MESSAGE][INFO] - Smart Wait Function is triggered

2023-11-24 12:23:54 - [MESSAGE][INFO] - Smart Wait Function is triggered

2023-11-24 12:23:54 - [MESSAGE][INFO] - Smart Wait Function is triggered

2023-11-24 12:23:54 - [MESSAGE][INFO] - Smart Wait Function is triggered

2023-11-24 12:23:54 - [MESSAGE][INFO] - Smart Wait Function is triggered

2023-11-24 12:23:54 - [MESSAGE][INFO] - Smart Wait Function is triggered

2023-11-24 12:23:54 - [MESSAGE][INFO] - Smart Wait Function is triggered

2023-11-24 12:23:54 - [MESSAGE][INFO] - Smart Wait Function is triggered

2023-11-24 12:23:54 - [MESSAGE][INFO] - Smart Wait Function is triggered

2023-11-24 12:23:54 - [MESSAGE][INFO] - Smart Wait Function is triggered

2023-11-24 12:23:54 - [MESSAGE][INFO] - Smart Wait Function is triggered

2023-11-24 12:23:54 - [MESSAGE][INFO] - Smart Wait Function is triggered

2023-11-24 12:23:54 - [MESSAGE][INFO] - Smart Wait Function is triggered

2023-11-24 12:23:54 - [MESSAGE][INFO] - Smart Wait Function is triggered

2023-11-24 12:23:54 - [MESSAGE][INFO] - Smart Wait Function is triggered

2023-11-24 12:23:54 - [MESSAGE][INFO] - Smart Wait Function is triggered

2023-11-24 12:23:54 - [MESSAGE][INFO] - Smart Wait Function is triggered

2023-11-24 12:23:54 - [MESSAGE][INFO] - Smart Wait Function is triggered

2023-11-24 12:23:54 - [MESSAGE][INFO] - Smart Wait Function is triggered

2023-11-24 12:23:55 - [MESSAGE][INFO] - Smart Wait Function is triggered

2023-11-24 12:23:55 - [MESSAGE][INFO] - Smart Wait Function is triggered

2023-11-24 12:23:55 - [MESSAGE][INFO] - Smart Wait Function is triggered

2023-11-24 12:23:55 - [MESSAGE][INFO] - Smart Wait Function is triggered

2023-11-24 12:23:55 - [MESSAGE][INFO] - Smart Wait Function is triggered

2023-11-24 12:23:55 - [MESSAGE][INFO] - Smart Wait Function is triggered

2023-11-24 12:23:55 - [MESSAGE][INFO] - Smart Wait Function is triggered

2023-11-24 12:23:55 - [MESSAGE][INFO] - Smart Wait Function is triggered

2023-11-24 12:23:55 - [MESSAGE][INFO] - Smart Wait Function is triggered

2023-11-24 12:23:55 - [MESSAGE][INFO] - Smart Wait Function is triggered

2023-11-24 12:23:55 - [MESSAGE][INFO] - Smart Wait Function is triggered

2023-11-24 12:23:55 - [MESSAGE][INFO] - Smart Wait Function is triggered

2023-11-24 12:23:55 - [MESSAGE][INFO] - Smart Wait Function is triggered

2023-11-24 12:23:55 - [MESSAGE][INFO] - Smart Wait Function is triggered

2023-11-24 12:23:55 - [MESSAGE][INFO] - Smart Wait Function is triggered

2023-11-24 12:23:55 - [MESSAGE][INFO] - Smart Wait Function is triggered

2023-11-24 12:23:55 - [MESSAGE][INFO] - Smart Wait Function is triggered

2023-11-24 12:23:55 - [MESSAGE][INFO] - Smart Wait Function is triggered

2023-11-24 12:23:55 - [MESSAGE][INFO] - Smart Wait Function is triggered

2023-11-24 12:23:55 - [MESSAGE][INFO] - Smart Wait Function is triggered

2023-11-24 12:23:55 - [MESSAGE][INFO] - Smart Wait Function is triggered

2023-11-24 12:23:55 - [MESSAGE][INFO] - Smart Wait Function is triggered

2023-11-24 12:23:55 - [MESSAGE][INFO] - Smart Wait Function is triggered

2023-11-24 12:23:55 - [MESSAGE][INFO] - Smart Wait Function is triggered

2023-11-24 12:23:55 - [MESSAGE][INFO] - Smart Wait Function is triggered

2023-11-24 12:23:55 - [MESSAGE][INFO] - Smart Wait Function is triggered

2023-11-24 12:23:55 - [MESSAGE][INFO] - Smart Wait Function is triggered

2023-11-24 12:23:55 - [MESSAGE][INFO] - Smart Wait Function is triggered

2023-11-24 12:23:55 - [MESSAGE][INFO] - Smart Wait Function is triggered

2023-11-24 12:23:55 - [MESSAGE][INFO] - Smart Wait Function is triggered

2023-11-24 12:23:55 - [MESSAGE][INFO] - Smart Wait Function is triggered

2023-11-24 12:23:55 - [MESSAGE][INFO] - Smart Wait Function is triggered

2023-11-24 12:23:56 - [MESSAGE][INFO] - Smart Wait Function is triggered

2023-11-24 12:23:56 - [MESSAGE][INFO] - Smart Wait Function is triggered

2023-11-24 12:23:56 - [MESSAGE][INFO] - Smart Wait Function is triggered

2023-11-24 12:23:56 - [MESSAGE][INFO] - Smart Wait Function is triggered

2023-11-24 12:23:56 - [MESSAGE][INFO] - Smart Wait Function is triggered

2023-11-24 12:23:56 - [MESSAGE][INFO] - Smart Wait Function is triggered

2023-11-24 12:23:56 - [MESSAGE][INFO] - Unable to find the element located by 'By.xpath: //*[@id="ui-accordiontab-1-content"]/div/div/div[2]/div/anef-input-radio/div/div/fieldset/div/div[2]/p-radiobutton/div/div[2]'. Please recheck the objects properties to make sure the desired element is located. 

2023-11-24 12:23:56 - [MESSAGE][WARNING] - com.kms.katalon.core.webui.exception.WebElementNotFoundException: Web element with id: 'Object Repository/Page_InformationPersonnelles_Usager/CheckBox_liensPersonnelsFamiliaux_2_Non' located by '//*[@id="ui-accordiontab-1-content"]/div/div/div[2]/div/anef-input-radio/div/div/fieldset/div/div[2]/p-radiobutton/div/div[2]' not found (Root cause: com.kms.katalon.core.exception.StepFailedException: com.kms.katalon.core.webui.exception.WebElementNotFoundException: Web element with id: 'Object Repository/Page_InformationPersonnelles_Usager/CheckBox_liensPersonnelsFamiliaux_2_Non' located by '//*[@id="ui-accordiontab-1-content"]/div/div/div[2]/div/anef-input-radio/div/div/fieldset/div/div[2]/p-radiobutton/div/div[2]' not found
	at com.kms.katalon.core.webui.keyword.internal.WebUIKeywordMain.stepFailed(WebUIKeywordMain.groovy:64)
	at com.kms.katalon.core.webui.keyword.builtin.VerifyElementPresentKeyword$_verifyElementPresent_closure1.doCall(VerifyElementPresentKeyword.groovy:85)
	at com.kms.katalon.core.webui.keyword.builtin.VerifyElementPresentKeyword$_verifyElementPresent_closure1.call(VerifyElementPresentKeyword.groovy)
	at com.kms.katalon.core.webui.keyword.internal.WebUIKeywordMain.runKeyword(WebUIKeywordMain.groovy:20)
	at com.kms.katalon.core.webui.keyword.builtin.VerifyElementPresentKeyword.verifyElementPresent(VerifyElementPresentKeyword.groovy:92)
	at com.kms.katalon.core.webui.keyword.builtin.VerifyElementPresentKeyword.execute(VerifyElementPresentKeyword.groovy:68)
	at com.kms.katalon.core.keyword.internal.KeywordExecutor.executeKeywordForPlatform(KeywordExecutor.groovy:74)
	at com.kms.katalon.core.webui.keyword.WebUiBuiltInKeywords.verifyElementPresent(WebUiBuiltInKeywords.groovy:1448)
	at com.kazurayam.ksbackyard.HighlightElement$_pandemic_closure1.doCall(HighlightElement.groovy:105)
	at FormulaireInformationsPersonnelles.run(FormulaireInformationsPersonnelles:33)
	at com.kms.katalon.core.main.ScriptEngine.run(ScriptEngine.java:194)
	at com.kms.katalon.core.main.ScriptEngine.runScriptAsRawText(ScriptEngine.java:119)
	at com.kms.katalon.core.main.TestCaseExecutor.runScript(TestCaseExecutor.java:448)
	at com.kms.katalon.core.main.TestCaseExecutor.doExecute(TestCaseExecutor.java:439)
	at com.kms.katalon.core.main.TestCaseExecutor.processExecutionPhase(TestCaseExecutor.java:418)
	at com.kms.katalon.core.main.TestCaseExecutor.accessMainPhase(TestCaseExecutor.java:410)
	at com.kms.katalon.core.main.TestCaseExecutor.execute(TestCaseExecutor.java:285)
	at com.kms.katalon.core.main.TestCaseMain.runTestCase(TestCaseMain.java:144)
	at com.kms.katalon.core.keyword.builtin.CallTestCaseKeyword$_callTestCase_closure1.doCall(CallTestCaseKeyword.groovy:59)
	at com.kms.katalon.core.keyword.builtin.CallTestCaseKeyword$_callTestCase_closure1.call(CallTestCaseKeyword.groovy)
	at com.kms.katalon.core.keyword.internal.KeywordMain.runKeyword(KeywordMain.groovy:75)
	at com.kms.katalon.core.keyword.builtin.CallTestCaseKeyword.callTestCase(CallTestCaseKeyword.groovy:81)
	at com.kms.katalon.core.keyword.builtin.CallTestCaseKeyword.execute(CallTestCaseKeyword.groovy:44)
	at com.kms.katalon.core.keyword.internal.KeywordExecutor.executeKeywordForPlatform(KeywordExecutor.groovy:74)
	at com.kms.katalon.core.keyword.BuiltinKeywords.callTestCase(BuiltinKeywords.groovy:310)
	at com.kazurayam.ksbackyard.HighlightElement$_pandemic_closure1.doCall(HighlightElement.groovy:105)
	at TNR R.TSPT Supp90-Etudiant.run(TNR R.TSPT Supp90-Etudiant:47)
	at com.kms.katalon.core.main.ScriptEngine.run(ScriptEngine.java:194)
	at com.kms.katalon.core.main.ScriptEngine.runScriptAsRawText(ScriptEngine.java:119)
	at com.kms.katalon.core.main.TestCaseExecutor.runScript(TestCaseExecutor.java:448)
	at com.kms.katalon.core.main.TestCaseExecutor.doExecute(TestCaseExecutor.java:439)
	at com.kms.katalon.core.main.TestCaseExecutor.processExecutionPhase(TestCaseExecutor.java:418)
	at com.kms.katalon.core.main.TestCaseExecutor.accessMainPhase(TestCaseExecutor.java:410)
	at com.kms.katalon.core.main.TestCaseExecutor.execute(TestCaseExecutor.java:285)
	at com.kms.katalon.core.common.CommonExecutor.accessTestCaseMainPhase(CommonExecutor.java:65)
	at com.kms.katalon.core.main.TestSuiteExecutor.accessTestSuiteMainPhase(TestSuiteExecutor.java:148)
	at com.kms.katalon.core.main.TestSuiteExecutor.execute(TestSuiteExecutor.java:106)
	at com.kms.katalon.core.main.TestCaseMain.startTestSuite(TestCaseMain.java:187)
	at com.kms.katalon.core.main.TestCaseMain$startTestSuite$0.call(Unknown Source)
	at TempTestSuite1700824657414.run(TempTestSuite1700824657414.groovy:36)
)
[[ATTACHMENT|C:\\Users\\ISSAM.RHARBAOUI\\git\\22_11\\ANEF-AutomatizationProject\\Reports\\20231124_121737\\TS_TNR_R.TSPT_Suppo90\\20231124_121737\\1700825036201.png]]

2023-11-24 12:23:56 - [TEST_STEP][PASSED] - delay(2): Delayed 2 second(s)

2023-11-24 12:23:56 - [MESSAGE][INFO] - Delaying browser in 2 second(s)

2023-11-24 12:23:58 - [MESSAGE][PASSED] - Delayed 2 second(s)

2023-11-24 12:23:58 - [TEST_STEP][PASSED] - if (verifyElementPresent(findTestObject("Object Repository/Page_InformationPersonnelles_Usager/CheckBox_DesEnfantsACharge_Non"), 1, OPTIONAL)): com.kms.katalon.core.webui.exception.WebElementNotFoundException: Web element with id: 'Object Repository/Page_InformationPersonnelles_Usager/CheckBox_DesEnfantsACharge_Non' located by '//app-demande-ptsq//app-informations-personnelles-shared//app-has-enfants-charge//div//fieldset/div/div[2]/p-radiobutton/div/div[2]/span|//app-demande-visiteur//app-informations-personnelles-shared//app-has-enfants-charge/div/div/anef-input-radio/div/div/fieldset/div/div[2]/p-radiobutton/div/div[2]/span|//app-demande-ptch//app-informations-personnelles-shared//app-has-enfants-charge/div/div/anef-input-radio/div/div/fieldset/div/div[2]/p-radiobutton/div/div[2]/span|//div/app-has-enfants-charge/div/div/anef-input-radio/div/div/fieldset/div/div[2]/p-radiobutton/div/div[2]/span
' not found (Root cause: com.kms.katalon.core.exception.StepFailedException: com.kms.katalon.core.webui.exception.WebElementNotFoundException: Web element with id: 'Object Repository/Page_InformationPersonnelles_Usager/CheckBox_DesEnfantsACharge_Non' located by '//app-demande-ptsq//app-informations-personnelles-shared//app-has-enfants-charge//div//fieldset/div/div[2]/p-radiobutton/div/div[2]/span|//app-demande-visiteur//app-informations-personnelles-shared//app-has-enfants-charge/div/div/anef-input-radio/div/div/fieldset/div/div[2]/p-radiobutton/div/div[2]/span|//app-demande-ptch//app-informations-personnelles-shared//app-has-enfants-charge/div/div/anef-input-radio/div/div/fieldset/div/div[2]/p-radiobutton/div/div[2]/span|//div/app-has-enfants-charge/div/div/anef-input-radio/div/div/fieldset/div/div[2]/p-radiobutton/div/div[2]/span
' not found
	at com.kms.katalon.core.webui.keyword.internal.WebUIKeywordMain.stepFailed(WebUIKeywordMain.groovy:64)
	at com.kms.katalon.core.webui.keyword.builtin.VerifyElementPresentKeyword$_verifyElementPresent_closure1.doCall(VerifyElementPresentKeyword.groovy:85)
	at com.kms.katalon.core.webui.keyword.builtin.VerifyElementPresentKeyword$_verifyElementPresent_closure1.call(VerifyElementPresentKeyword.groovy)
	at com.kms.katalon.core.webui.keyword.internal.WebUIKeywordMain.runKeyword(WebUIKeywordMain.groovy:20)
	at com.kms.katalon.core.webui.keyword.builtin.VerifyElementPresentKeyword.verifyElementPresent(VerifyElementPresentKeyword.groovy:92)
	at com.kms.katalon.core.webui.keyword.builtin.VerifyElementPresentKeyword.execute(VerifyElementPresentKeyword.groovy:68)
	at com.kms.katalon.core.keyword.internal.KeywordExecutor.executeKeywordForPlatform(KeywordExecutor.groovy:74)
	at com.kms.katalon.core.webui.keyword.WebUiBuiltInKeywords.verifyElementPresent(WebUiBuiltInKeywords.groovy:1448)
	at com.kazurayam.ksbackyard.HighlightElement$_pandemic_closure1.doCall(HighlightElement.groovy:105)
	at FormulaireInformationsPersonnelles.run(FormulaireInformationsPersonnelles:37)
	at com.kms.katalon.core.main.ScriptEngine.run(ScriptEngine.java:194)
	at com.kms.katalon.core.main.ScriptEngine.runScriptAsRawText(ScriptEngine.java:119)
	at com.kms.katalon.core.main.TestCaseExecutor.runScript(TestCaseExecutor.java:448)
	at com.kms.katalon.core.main.TestCaseExecutor.doExecute(TestCaseExecutor.java:439)
	at com.kms.katalon.core.main.TestCaseExecutor.processExecutionPhase(TestCaseExecutor.java:418)
	at com.kms.katalon.core.main.TestCaseExecutor.accessMainPhase(TestCaseExecutor.java:410)
	at com.kms.katalon.core.main.TestCaseExecutor.execute(TestCaseExecutor.java:285)
	at com.kms.katalon.core.main.TestCaseMain.runTestCase(TestCaseMain.java:144)
	at com.kms.katalon.core.keyword.builtin.CallTestCaseKeyword$_callTestCase_closure1.doCall(CallTestCaseKeyword.groovy:59)
	at com.kms.katalon.core.keyword.builtin.CallTestCaseKeyword$_callTestCase_closure1.call(CallTestCaseKeyword.groovy)
	at com.kms.katalon.core.keyword.internal.KeywordMain.runKeyword(KeywordMain.groovy:75)
	at com.kms.katalon.core.keyword.builtin.CallTestCaseKeyword.callTestCase(CallTestCaseKeyword.groovy:81)
	at com.kms.katalon.core.keyword.builtin.CallTestCaseKeyword.execute(CallTestCaseKeyword.groovy:44)
	at com.kms.katalon.core.keyword.internal.KeywordExecutor.executeKeywordForPlatform(KeywordExecutor.groovy:74)
	at com.kms.katalon.core.keyword.BuiltinKeywords.callTestCase(BuiltinKeywords.groovy:310)
	at com.kazurayam.ksbackyard.HighlightElement$_pandemic_closure1.doCall(HighlightElement.groovy:105)
	at TNR R.TSPT Supp90-Etudiant.run(TNR R.TSPT Supp90-Etudiant:47)
	at com.kms.katalon.core.main.ScriptEngine.run(ScriptEngine.java:194)
	at com.kms.katalon.core.main.ScriptEngine.runScriptAsRawText(ScriptEngine.java:119)
	at com.kms.katalon.core.main.TestCaseExecutor.runScript(TestCaseExecutor.java:448)
	at com.kms.katalon.core.main.TestCaseExecutor.doExecute(TestCaseExecutor.java:439)
	at com.kms.katalon.core.main.TestCaseExecutor.processExecutionPhase(TestCaseExecutor.java:418)
	at com.kms.katalon.core.main.TestCaseExecutor.accessMainPhase(TestCaseExecutor.java:410)
	at com.kms.katalon.core.main.TestCaseExecutor.execute(TestCaseExecutor.java:285)
	at com.kms.katalon.core.common.CommonExecutor.accessTestCaseMainPhase(CommonExecutor.java:65)
	at com.kms.katalon.core.main.TestSuiteExecutor.accessTestSuiteMainPhase(TestSuiteExecutor.java:148)
	at com.kms.katalon.core.main.TestSuiteExecutor.execute(TestSuiteExecutor.java:106)
	at com.kms.katalon.core.main.TestCaseMain.startTestSuite(TestCaseMain.java:187)
	at com.kms.katalon.core.main.TestCaseMain$startTestSuite$0.call(Unknown Source)
	at TempTestSuite1700824657414.run(TempTestSuite1700824657414.groovy:36)
)

2023-11-24 12:23:58 - [MESSAGE][INFO] - Finding Test Object 'Object Repository/Page_InformationPersonnelles_Usager/CheckBox_DesEnfantsACharge_Non'

2023-11-24 12:23:58 - [MESSAGE][INFO] - Checking object

2023-11-24 12:23:58 - [MESSAGE][INFO] - Finding web element from Test Object's properties

2023-11-24 12:23:58 - [MESSAGE][INFO] - Checking timeout

2023-11-24 12:23:58 - [MESSAGE][INFO] - Finding web element with id: 'Object Repository/Page_InformationPersonnelles_Usager/CheckBox_DesEnfantsACharge_Non' located by 'By.xpath: //app-demande-ptsq//app-informations-personnelles-shared//app-has-enfants-charge//div//fieldset/div/div[2]/p-radiobutton/div/div[2]/span|//app-demande-visiteur//app-informations-personnelles-shared//app-has-enfants-charge/div/div/anef-input-radio/div/div/fieldset/div/div[2]/p-radiobutton/div/div[2]/span|//app-demande-ptch//app-informations-personnelles-shared//app-has-enfants-charge/div/div/anef-input-radio/div/div/fieldset/div/div[2]/p-radiobutton/div/div[2]/span|//div/app-has-enfants-charge/div/div/anef-input-radio/div/div/fieldset/div/div[2]/p-radiobutton/div/div[2]/span
' in '1' second(s)

2023-11-24 12:23:58 - [MESSAGE][INFO] - Smart Wait Function is triggered

2023-11-24 12:23:58 - [MESSAGE][INFO] - Smart Wait Function is triggered

2023-11-24 12:23:58 - [MESSAGE][INFO] - Smart Wait Function is triggered

2023-11-24 12:23:58 - [MESSAGE][INFO] - Smart Wait Function is triggered

2023-11-24 12:23:58 - [MESSAGE][INFO] - Smart Wait Function is triggered

2023-11-24 12:23:58 - [MESSAGE][INFO] - Smart Wait Function is triggered

2023-11-24 12:23:58 - [MESSAGE][INFO] - Smart Wait Function is triggered

2023-11-24 12:23:58 - [MESSAGE][INFO] - Smart Wait Function is triggered

2023-11-24 12:23:58 - [MESSAGE][INFO] - Smart Wait Function is triggered

2023-11-24 12:23:58 - [MESSAGE][INFO] - Smart Wait Function is triggered

2023-11-24 12:23:58 - [MESSAGE][INFO] - Smart Wait Function is triggered

2023-11-24 12:23:58 - [MESSAGE][INFO] - Smart Wait Function is triggered

2023-11-24 12:23:58 - [MESSAGE][INFO] - Smart Wait Function is triggered

2023-11-24 12:23:58 - [MESSAGE][INFO] - Smart Wait Function is triggered

2023-11-24 12:23:58 - [MESSAGE][INFO] - Smart Wait Function is triggered

2023-11-24 12:23:58 - [MESSAGE][INFO] - Smart Wait Function is triggered

2023-11-24 12:23:59 - [MESSAGE][INFO] - Smart Wait Function is triggered

2023-11-24 12:23:59 - [MESSAGE][INFO] - Smart Wait Function is triggered

2023-11-24 12:23:59 - [MESSAGE][INFO] - Smart Wait Function is triggered

2023-11-24 12:23:59 - [MESSAGE][INFO] - Smart Wait Function is triggered

2023-11-24 12:23:59 - [MESSAGE][INFO] - Smart Wait Function is triggered

2023-11-24 12:23:59 - [MESSAGE][INFO] - Smart Wait Function is triggered

2023-11-24 12:23:59 - [MESSAGE][INFO] - Smart Wait Function is triggered

2023-11-24 12:23:59 - [MESSAGE][INFO] - Smart Wait Function is triggered

2023-11-24 12:23:59 - [MESSAGE][INFO] - Smart Wait Function is triggered

2023-11-24 12:23:59 - [MESSAGE][INFO] - Smart Wait Function is triggered

2023-11-24 12:23:59 - [MESSAGE][INFO] - Smart Wait Function is triggered

2023-11-24 12:23:59 - [MESSAGE][INFO] - Smart Wait Function is triggered

2023-11-24 12:23:59 - [MESSAGE][INFO] - Smart Wait Function is triggered

2023-11-24 12:23:59 - [MESSAGE][INFO] - Smart Wait Function is triggered

2023-11-24 12:23:59 - [MESSAGE][INFO] - Smart Wait Function is triggered

2023-11-24 12:23:59 - [MESSAGE][INFO] - Smart Wait Function is triggered

2023-11-24 12:23:59 - [MESSAGE][INFO] - Smart Wait Function is triggered

2023-11-24 12:23:59 - [MESSAGE][INFO] - Smart Wait Function is triggered

2023-11-24 12:23:59 - [MESSAGE][INFO] - Smart Wait Function is triggered

2023-11-24 12:23:59 - [MESSAGE][INFO] - Smart Wait Function is triggered

2023-11-24 12:23:59 - [MESSAGE][INFO] - Smart Wait Function is triggered

2023-11-24 12:23:59 - [MESSAGE][INFO] - Smart Wait Function is triggered

2023-11-24 12:23:59 - [MESSAGE][INFO] - Smart Wait Function is triggered

2023-11-24 12:23:59 - [MESSAGE][INFO] - Smart Wait Function is triggered

2023-11-24 12:23:59 - [MESSAGE][INFO] - Smart Wait Function is triggered

2023-11-24 12:23:59 - [MESSAGE][INFO] - Smart Wait Function is triggered

2023-11-24 12:23:59 - [MESSAGE][INFO] - Smart Wait Function is triggered

2023-11-24 12:23:59 - [MESSAGE][INFO] - Smart Wait Function is triggered

2023-11-24 12:23:59 - [MESSAGE][INFO] - Smart Wait Function is triggered

2023-11-24 12:23:59 - [MESSAGE][INFO] - Smart Wait Function is triggered

2023-11-24 12:23:59 - [MESSAGE][INFO] - Smart Wait Function is triggered

2023-11-24 12:24:00 - [MESSAGE][INFO] - Smart Wait Function is triggered

2023-11-24 12:24:00 - [MESSAGE][INFO] - Smart Wait Function is triggered

2023-11-24 12:24:00 - [MESSAGE][INFO] - Smart Wait Function is triggered

2023-11-24 12:24:00 - [MESSAGE][INFO] - Smart Wait Function is triggered

2023-11-24 12:24:00 - [MESSAGE][INFO] - Smart Wait Function is triggered

2023-11-24 12:24:00 - [MESSAGE][INFO] - Smart Wait Function is triggered

2023-11-24 12:24:00 - [MESSAGE][INFO] - Smart Wait Function is triggered

2023-11-24 12:24:00 - [MESSAGE][INFO] - Smart Wait Function is triggered

2023-11-24 12:24:00 - [MESSAGE][INFO] - Smart Wait Function is triggered

2023-11-24 12:24:00 - [MESSAGE][INFO] - Smart Wait Function is triggered

2023-11-24 12:24:00 - [MESSAGE][INFO] - Smart Wait Function is triggered

2023-11-24 12:24:00 - [MESSAGE][INFO] - Smart Wait Function is triggered

2023-11-24 12:24:00 - [MESSAGE][INFO] - Smart Wait Function is triggered

2023-11-24 12:24:00 - [MESSAGE][INFO] - Smart Wait Function is triggered

2023-11-24 12:24:00 - [MESSAGE][INFO] - Smart Wait Function is triggered

2023-11-24 12:24:00 - [MESSAGE][INFO] - Smart Wait Function is triggered

2023-11-24 12:24:00 - [MESSAGE][INFO] - Unable to find the element located by 'By.xpath: //app-demande-ptsq//app-informations-personnelles-shared//app-has-enfants-charge//div//fieldset/div/div[2]/p-radiobutton/div/div[2]/span|//app-demande-visiteur//app-informations-personnelles-shared//app-has-enfants-charge/div/div/anef-input-radio/div/div/fieldset/div/div[2]/p-radiobutton/div/div[2]/span|//app-demande-ptch//app-informations-personnelles-shared//app-has-enfants-charge/div/div/anef-input-radio/div/div/fieldset/div/div[2]/p-radiobutton/div/div[2]/span|//div/app-has-enfants-charge/div/div/anef-input-radio/div/div/fieldset/div/div[2]/p-radiobutton/div/div[2]/span
'. Please recheck the objects properties to make sure the desired element is located. 

2023-11-24 12:24:00 - [MESSAGE][WARNING] - com.kms.katalon.core.webui.exception.WebElementNotFoundException: Web element with id: 'Object Repository/Page_InformationPersonnelles_Usager/CheckBox_DesEnfantsACharge_Non' located by '//app-demande-ptsq//app-informations-personnelles-shared//app-has-enfants-charge//div//fieldset/div/div[2]/p-radiobutton/div/div[2]/span|//app-demande-visiteur//app-informations-personnelles-shared//app-has-enfants-charge/div/div/anef-input-radio/div/div/fieldset/div/div[2]/p-radiobutton/div/div[2]/span|//app-demande-ptch//app-informations-personnelles-shared//app-has-enfants-charge/div/div/anef-input-radio/div/div/fieldset/div/div[2]/p-radiobutton/div/div[2]/span|//div/app-has-enfants-charge/div/div/anef-input-radio/div/div/fieldset/div/div[2]/p-radiobutton/div/div[2]/span
' not found (Root cause: com.kms.katalon.core.exception.StepFailedException: com.kms.katalon.core.webui.exception.WebElementNotFoundException: Web element with id: 'Object Repository/Page_InformationPersonnelles_Usager/CheckBox_DesEnfantsACharge_Non' located by '//app-demande-ptsq//app-informations-personnelles-shared//app-has-enfants-charge//div//fieldset/div/div[2]/p-radiobutton/div/div[2]/span|//app-demande-visiteur//app-informations-personnelles-shared//app-has-enfants-charge/div/div/anef-input-radio/div/div/fieldset/div/div[2]/p-radiobutton/div/div[2]/span|//app-demande-ptch//app-informations-personnelles-shared//app-has-enfants-charge/div/div/anef-input-radio/div/div/fieldset/div/div[2]/p-radiobutton/div/div[2]/span|//div/app-has-enfants-charge/div/div/anef-input-radio/div/div/fieldset/div/div[2]/p-radiobutton/div/div[2]/span
' not found
	at com.kms.katalon.core.webui.keyword.internal.WebUIKeywordMain.stepFailed(WebUIKeywordMain.groovy:64)
	at com.kms.katalon.core.webui.keyword.builtin.VerifyElementPresentKeyword$_verifyElementPresent_closure1.doCall(VerifyElementPresentKeyword.groovy:85)
	at com.kms.katalon.core.webui.keyword.builtin.VerifyElementPresentKeyword$_verifyElementPresent_closure1.call(VerifyElementPresentKeyword.groovy)
	at com.kms.katalon.core.webui.keyword.internal.WebUIKeywordMain.runKeyword(WebUIKeywordMain.groovy:20)
	at com.kms.katalon.core.webui.keyword.builtin.VerifyElementPresentKeyword.verifyElementPresent(VerifyElementPresentKeyword.groovy:92)
	at com.kms.katalon.core.webui.keyword.builtin.VerifyElementPresentKeyword.execute(VerifyElementPresentKeyword.groovy:68)
	at com.kms.katalon.core.keyword.internal.KeywordExecutor.executeKeywordForPlatform(KeywordExecutor.groovy:74)
	at com.kms.katalon.core.webui.keyword.WebUiBuiltInKeywords.verifyElementPresent(WebUiBuiltInKeywords.groovy:1448)
	at com.kazurayam.ksbackyard.HighlightElement$_pandemic_closure1.doCall(HighlightElement.groovy:105)
	at FormulaireInformationsPersonnelles.run(FormulaireInformationsPersonnelles:37)
	at com.kms.katalon.core.main.ScriptEngine.run(ScriptEngine.java:194)
	at com.kms.katalon.core.main.ScriptEngine.runScriptAsRawText(ScriptEngine.java:119)
	at com.kms.katalon.core.main.TestCaseExecutor.runScript(TestCaseExecutor.java:448)
	at com.kms.katalon.core.main.TestCaseExecutor.doExecute(TestCaseExecutor.java:439)
	at com.kms.katalon.core.main.TestCaseExecutor.processExecutionPhase(TestCaseExecutor.java:418)
	at com.kms.katalon.core.main.TestCaseExecutor.accessMainPhase(TestCaseExecutor.java:410)
	at com.kms.katalon.core.main.TestCaseExecutor.execute(TestCaseExecutor.java:285)
	at com.kms.katalon.core.main.TestCaseMain.runTestCase(TestCaseMain.java:144)
	at com.kms.katalon.core.keyword.builtin.CallTestCaseKeyword$_callTestCase_closure1.doCall(CallTestCaseKeyword.groovy:59)
	at com.kms.katalon.core.keyword.builtin.CallTestCaseKeyword$_callTestCase_closure1.call(CallTestCaseKeyword.groovy)
	at com.kms.katalon.core.keyword.internal.KeywordMain.runKeyword(KeywordMain.groovy:75)
	at com.kms.katalon.core.keyword.builtin.CallTestCaseKeyword.callTestCase(CallTestCaseKeyword.groovy:81)
	at com.kms.katalon.core.keyword.builtin.CallTestCaseKeyword.execute(CallTestCaseKeyword.groovy:44)
	at com.kms.katalon.core.keyword.internal.KeywordExecutor.executeKeywordForPlatform(KeywordExecutor.groovy:74)
	at com.kms.katalon.core.keyword.BuiltinKeywords.callTestCase(BuiltinKeywords.groovy:310)
	at com.kazurayam.ksbackyard.HighlightElement$_pandemic_closure1.doCall(HighlightElement.groovy:105)
	at TNR R.TSPT Supp90-Etudiant.run(TNR R.TSPT Supp90-Etudiant:47)
	at com.kms.katalon.core.main.ScriptEngine.run(ScriptEngine.java:194)
	at com.kms.katalon.core.main.ScriptEngine.runScriptAsRawText(ScriptEngine.java:119)
	at com.kms.katalon.core.main.TestCaseExecutor.runScript(TestCaseExecutor.java:448)
	at com.kms.katalon.core.main.TestCaseExecutor.doExecute(TestCaseExecutor.java:439)
	at com.kms.katalon.core.main.TestCaseExecutor.processExecutionPhase(TestCaseExecutor.java:418)
	at com.kms.katalon.core.main.TestCaseExecutor.accessMainPhase(TestCaseExecutor.java:410)
	at com.kms.katalon.core.main.TestCaseExecutor.execute(TestCaseExecutor.java:285)
	at com.kms.katalon.core.common.CommonExecutor.accessTestCaseMainPhase(CommonExecutor.java:65)
	at com.kms.katalon.core.main.TestSuiteExecutor.accessTestSuiteMainPhase(TestSuiteExecutor.java:148)
	at com.kms.katalon.core.main.TestSuiteExecutor.execute(TestSuiteExecutor.java:106)
	at com.kms.katalon.core.main.TestCaseMain.startTestSuite(TestCaseMain.java:187)
	at com.kms.katalon.core.main.TestCaseMain$startTestSuite$0.call(Unknown Source)
	at TempTestSuite1700824657414.run(TempTestSuite1700824657414.groovy:36)
)
[[ATTACHMENT|C:\\Users\\ISSAM.RHARBAOUI\\git\\22_11\\ANEF-AutomatizationProject\\Reports\\20231124_121737\\TS_TNR_R.TSPT_Suppo90\\20231124_121737\\1700825040507.png]]

2023-11-24 12:24:00 - [TEST_STEP][PASSED] - delay(2): Delayed 2 second(s)

2023-11-24 12:24:00 - [MESSAGE][INFO] - Delaying browser in 2 second(s)

2023-11-24 12:24:02 - [MESSAGE][PASSED] - Delayed 2 second(s)

2023-11-24 12:24:02 - [TEST_STEP][FAILED] - setText(findTestObject("Object Repository/Page_InformationPersonnelles_Usager/Input_AdresseUsager"), AdresseUsager): Unable to set text '3 rue des 3 moulins 77000 melun' of object 'Object Repository/Page_InformationPersonnelles_Usager/Input_AdresseUsager' (Root cause: com.kms.katalon.core.exception.StepFailedException: Unable to set text '3 rue des 3 moulins 77000 melun' of object 'Object Repository/Page_InformationPersonnelles_Usager/Input_AdresseUsager'
	at com.kms.katalon.core.webui.keyword.internal.WebUIKeywordMain.stepFailed(WebUIKeywordMain.groovy:64)
	at com.kms.katalon.core.webui.keyword.internal.WebUIKeywordMain.runKeyword(WebUIKeywordMain.groovy:26)
	at com.kms.katalon.core.webui.keyword.builtin.SetTextKeyword.setText(SetTextKeyword.groovy:66)
	at com.kms.katalon.core.webui.keyword.builtin.SetTextKeyword.execute(SetTextKeyword.groovy:37)
	at com.kms.katalon.core.keyword.internal.KeywordExecutor.executeKeywordForPlatform(KeywordExecutor.groovy:74)
	at com.kms.katalon.core.webui.keyword.WebUiBuiltInKeywords.setText(WebUiBuiltInKeywords.groovy:980)
	at com.kazurayam.ksbackyard.HighlightElement$_pandemic_closure1.doCall(HighlightElement.groovy:105)
	at FormulaireInformationsPersonnelles.run(FormulaireInformationsPersonnelles:41)
	at com.kms.katalon.core.main.ScriptEngine.run(ScriptEngine.java:194)
	at com.kms.katalon.core.main.ScriptEngine.runScriptAsRawText(ScriptEngine.java:119)
	at com.kms.katalon.core.main.TestCaseExecutor.runScript(TestCaseExecutor.java:448)
	at com.kms.katalon.core.main.TestCaseExecutor.doExecute(TestCaseExecutor.java:439)
	at com.kms.katalon.core.main.TestCaseExecutor.processExecutionPhase(TestCaseExecutor.java:418)
	at com.kms.katalon.core.main.TestCaseExecutor.accessMainPhase(TestCaseExecutor.java:410)
	at com.kms.katalon.core.main.TestCaseExecutor.execute(TestCaseExecutor.java:285)
	at com.kms.katalon.core.main.TestCaseMain.runTestCase(TestCaseMain.java:144)
	at com.kms.katalon.core.keyword.builtin.CallTestCaseKeyword$_callTestCase_closure1.doCall(CallTestCaseKeyword.groovy:59)
	at com.kms.katalon.core.keyword.builtin.CallTestCaseKeyword$_callTestCase_closure1.call(CallTestCaseKeyword.groovy)
	at com.kms.katalon.core.keyword.internal.KeywordMain.runKeyword(KeywordMain.groovy:75)
	at com.kms.katalon.core.keyword.builtin.CallTestCaseKeyword.callTestCase(CallTestCaseKeyword.groovy:81)
	at com.kms.katalon.core.keyword.builtin.CallTestCaseKeyword.execute(CallTestCaseKeyword.groovy:44)
	at com.kms.katalon.core.keyword.internal.KeywordExecutor.executeKeywordForPlatform(KeywordExecutor.groovy:74)
	at com.kms.katalon.core.keyword.BuiltinKeywords.callTestCase(BuiltinKeywords.groovy:310)
	at com.kazurayam.ksbackyard.HighlightElement$_pandemic_closure1.doCall(HighlightElement.groovy:105)
	at TNR R.TSPT Supp90-Etudiant.run(TNR R.TSPT Supp90-Etudiant:47)
	at com.kms.katalon.core.main.ScriptEngine.run(ScriptEngine.java:194)
	at com.kms.katalon.core.main.ScriptEngine.runScriptAsRawText(ScriptEngine.java:119)
	at com.kms.katalon.core.main.TestCaseExecutor.runScript(TestCaseExecutor.java:448)
	at com.kms.katalon.core.main.TestCaseExecutor.doExecute(TestCaseExecutor.java:439)
	at com.kms.katalon.core.main.TestCaseExecutor.processExecutionPhase(TestCaseExecutor.java:418)
	at com.kms.katalon.core.main.TestCaseExecutor.accessMainPhase(TestCaseExecutor.java:410)
	at com.kms.katalon.core.main.TestCaseExecutor.execute(TestCaseExecutor.java:285)
	at com.kms.katalon.core.common.CommonExecutor.accessTestCaseMainPhase(CommonExecutor.java:65)
	at com.kms.katalon.core.main.TestSuiteExecutor.accessTestSuiteMainPhase(TestSuiteExecutor.java:148)
	at com.kms.katalon.core.main.TestSuiteExecutor.execute(TestSuiteExecutor.java:106)
	at com.kms.katalon.core.main.TestCaseMain.startTestSuite(TestCaseMain.java:187)
	at com.kms.katalon.core.main.TestCaseMain$startTestSuite$0.call(Unknown Source)
	at TempTestSuite1700824657414.run(TempTestSuite1700824657414.groovy:36)
Caused by: com.kms.katalon.core.webui.exception.WebElementNotFoundException: Web element with id: 'Object Repository/Page_InformationPersonnelles_Usager/Input_AdresseUsager' located by '//app-informations-personnelles//app-adresse-etalab//app-vls-ts-etalab//div/input|//app-informations-personnelles-shared//app-adresse-etalab//app-vls-ts-etalab//div/input' not found
	at com.kms.katalon.core.webui.common.WebUiCommonHelper.findWebElement(WebUiCommonHelper.java:1381)
	at com.kms.katalon.core.webui.keyword.internal.WebUIAbstractKeyword.findWebElement(WebUIAbstractKeyword.groovy:27)
	at com.kms.katalon.core.webui.keyword.internal.WebUIAbstractKeyword.findWebElement(WebUIAbstractKeyword.groovy:26)
	at com.kms.katalon.core.webui.keyword.builtin.SetTextKeyword$_setText_closure1.doCall(SetTextKeyword.groovy:51)
	at com.kms.katalon.core.webui.keyword.builtin.SetTextKeyword$_setText_closure1.call(SetTextKeyword.groovy)
	at com.kms.katalon.core.webui.keyword.internal.WebUIKeywordMain.runKeyword(WebUIKeywordMain.groovy:20)
	at com.kms.katalon.core.webui.keyword.builtin.SetTextKeyword.setText(SetTextKeyword.groovy:66)
	at com.kms.katalon.core.webui.keyword.builtin.SetTextKeyword.execute(SetTextKeyword.groovy:37)
	at com.kms.katalon.core.keyword.internal.KeywordExecutor.executeKeywordForPlatform(KeywordExecutor.groovy:74)
	at com.kms.katalon.core.webui.keyword.WebUiBuiltInKeywords.setText(WebUiBuiltInKeywords.groovy:980)
	at com.kazurayam.ksbackyard.HighlightElement$_pandemic_closure1.doCall(HighlightElement.groovy:105)
	at Script1695813884742.run(Script1695813884742.groovy:41)
	at com.kms.katalon.core.main.ScriptEngine.run(ScriptEngine.java:194)
	at com.kms.katalon.core.main.ScriptEngine.runScriptAsRawText(ScriptEngine.java:119)
	at com.kms.katalon.core.main.TestCaseExecutor.runScript(TestCaseExecutor.java:448)
	at com.kms.katalon.core.main.TestCaseExecutor.doExecute(TestCaseExecutor.java:439)
	at com.kms.katalon.core.main.TestCaseExecutor.processExecutionPhase(TestCaseExecutor.java:418)
	at com.kms.katalon.core.main.TestCaseExecutor.accessMainPhase(TestCaseExecutor.java:410)
	at com.kms.katalon.core.main.TestCaseExecutor.execute(TestCaseExecutor.java:285)
	at com.kms.katalon.core.main.TestCaseMain.runTestCase(TestCaseMain.java:144)
	at com.kms.katalon.core.keyword.builtin.CallTestCaseKeyword$_callTestCase_closure1.doCall(CallTestCaseKeyword.groovy:59)
	at com.kms.katalon.core.keyword.builtin.CallTestCaseKeyword$_callTestCase_closure1.call(CallTestCaseKeyword.groovy)
	at com.kms.katalon.core.keyword.internal.KeywordMain.runKeyword(KeywordMain.groovy:75)
	at com.kms.katalon.core.keyword.builtin.CallTestCaseKeyword.callTestCase(CallTestCaseKeyword.groovy:81)
	at com.kms.katalon.core.keyword.builtin.CallTestCaseKeyword.execute(CallTestCaseKeyword.groovy:44)
	at com.kms.katalon.core.keyword.internal.KeywordExecutor.executeKeywordForPlatform(KeywordExecutor.groovy:74)
	at com.kms.katalon.core.keyword.BuiltinKeywords.callTestCase(BuiltinKeywords.groovy:310)
	at com.kazurayam.ksbackyard.HighlightElement$_pandemic_closure1.doCall(HighlightElement.groovy:105)
	at Script1697546404945.run(Script1697546404945.groovy:47)
	... 13 more
)

2023-11-24 12:24:02 - [MESSAGE][INFO] - Finding Test Object 'Object Repository/Page_InformationPersonnelles_Usager/Input_AdresseUsager'

2023-11-24 12:24:02 - [MESSAGE][INFO] - Checking timeout

2023-11-24 12:24:02 - [MESSAGE][INFO] - Finding web element with id: 'Object Repository/Page_InformationPersonnelles_Usager/Input_AdresseUsager' located by 'By.xpath: //app-informations-personnelles//app-adresse-etalab//app-vls-ts-etalab//div/input|//app-informations-personnelles-shared//app-adresse-etalab//app-vls-ts-etalab//div/input' in '20' second(s)

2023-11-24 12:24:02 - [MESSAGE][INFO] - Smart Wait Function is triggered

2023-11-24 12:24:02 - [MESSAGE][INFO] - Smart Wait Function is triggered

2023-11-24 12:24:02 - [MESSAGE][INFO] - Smart Wait Function is triggered

2023-11-24 12:24:02 - [MESSAGE][INFO] - Smart Wait Function is triggered

2023-11-24 12:24:02 - [MESSAGE][INFO] - Smart Wait Function is triggered

2023-11-24 12:24:02 - [MESSAGE][INFO] - Smart Wait Function is triggered

2023-11-24 12:24:03 - [MESSAGE][INFO] - Smart Wait Function is triggered

2023-11-24 12:24:03 - [MESSAGE][INFO] - Smart Wait Function is triggered

2023-11-24 12:24:03 - [MESSAGE][INFO] - Smart Wait Function is triggered

2023-11-24 12:24:03 - [MESSAGE][INFO] - Smart Wait Function is triggered

2023-11-24 12:24:03 - [MESSAGE][INFO] - Smart Wait Function is triggered

2023-11-24 12:24:03 - [MESSAGE][INFO] - Smart Wait Function is triggered

2023-11-24 12:24:03 - [MESSAGE][INFO] - Smart Wait Function is triggered

2023-11-24 12:24:03 - [MESSAGE][INFO] - Smart Wait Function is triggered

2023-11-24 12:24:03 - [MESSAGE][INFO] - Smart Wait Function is triggered

2023-11-24 12:24:03 - [MESSAGE][INFO] - Smart Wait Function is triggered

2023-11-24 12:24:03 - [MESSAGE][INFO] - Smart Wait Function is triggered

2023-11-24 12:24:03 - [MESSAGE][INFO] - Smart Wait Function is triggered

2023-11-24 12:24:03 - [MESSAGE][INFO] - Smart Wait Function is triggered

2023-11-24 12:24:03 - [MESSAGE][INFO] - Smart Wait Function is triggered

2023-11-24 12:24:03 - [MESSAGE][INFO] - Smart Wait Function is triggered

2023-11-24 12:24:03 - [MESSAGE][INFO] - Smart Wait Function is triggered

2023-11-24 12:24:03 - [MESSAGE][INFO] - Smart Wait Function is triggered

2023-11-24 12:24:03 - [MESSAGE][INFO] - Smart Wait Function is triggered

2023-11-24 12:24:03 - [MESSAGE][INFO] - Smart Wait Function is triggered

2023-11-24 12:24:03 - [MESSAGE][INFO] - Smart Wait Function is triggered

2023-11-24 12:24:03 - [MESSAGE][INFO] - Smart Wait Function is triggered

2023-11-24 12:24:03 - [MESSAGE][INFO] - Smart Wait Function is triggered

2023-11-24 12:24:03 - [MESSAGE][INFO] - Smart Wait Function is triggered

2023-11-24 12:24:03 - [MESSAGE][INFO] - Smart Wait Function is triggered

2023-11-24 12:24:03 - [MESSAGE][INFO] - Smart Wait Function is triggered

2023-11-24 12:24:03 - [MESSAGE][INFO] - Smart Wait Function is triggered

2023-11-24 12:24:03 - [MESSAGE][INFO] - Smart Wait Function is triggered

2023-11-24 12:24:03 - [MESSAGE][INFO] - Smart Wait Function is triggered

2023-11-24 12:24:03 - [MESSAGE][INFO] - Smart Wait Function is triggered

2023-11-24 12:24:03 - [MESSAGE][INFO] - Smart Wait Function is triggered

2023-11-24 12:24:03 - [MESSAGE][INFO] - Smart Wait Function is triggered

2023-11-24 12:24:04 - [MESSAGE][INFO] - Smart Wait Function is triggered

2023-11-24 12:24:04 - [MESSAGE][INFO] - Smart Wait Function is triggered

2023-11-24 12:24:04 - [MESSAGE][INFO] - Smart Wait Function is triggered

2023-11-24 12:24:04 - [MESSAGE][INFO] - Smart Wait Function is triggered

2023-11-24 12:24:04 - [MESSAGE][INFO] - Smart Wait Function is triggered

2023-11-24 12:24:04 - [MESSAGE][INFO] - Smart Wait Function is triggered

2023-11-24 12:24:04 - [MESSAGE][INFO] - Smart Wait Function is triggered

2023-11-24 12:24:04 - [MESSAGE][INFO] - Smart Wait Function is triggered

2023-11-24 12:24:04 - [MESSAGE][INFO] - Smart Wait Function is triggered

2023-11-24 12:24:04 - [MESSAGE][INFO] - Smart Wait Function is triggered

2023-11-24 12:24:04 - [MESSAGE][INFO] - Smart Wait Function is triggered

2023-11-24 12:24:04 - [MESSAGE][INFO] - Smart Wait Function is triggered

2023-11-24 12:24:04 - [MESSAGE][INFO] - Smart Wait Function is triggered

2023-11-24 12:24:04 - [MESSAGE][INFO] - Smart Wait Function is triggered

2023-11-24 12:24:04 - [MESSAGE][INFO] - Smart Wait Function is triggered

2023-11-24 12:24:04 - [MESSAGE][INFO] - Smart Wait Function is triggered

2023-11-24 12:24:04 - [MESSAGE][INFO] - Smart Wait Function is triggered

2023-11-24 12:24:04 - [MESSAGE][INFO] - Smart Wait Function is triggered

2023-11-24 12:24:04 - [MESSAGE][INFO] - Smart Wait Function is triggered

2023-11-24 12:24:04 - [MESSAGE][INFO] - Smart Wait Function is triggered

2023-11-24 12:24:04 - [MESSAGE][INFO] - Smart Wait Function is triggered

2023-11-24 12:24:04 - [MESSAGE][INFO] - Smart Wait Function is triggered

2023-11-24 12:24:04 - [MESSAGE][INFO] - Smart Wait Function is triggered

2023-11-24 12:24:04 - [MESSAGE][INFO] - Smart Wait Function is triggered

2023-11-24 12:24:04 - [MESSAGE][INFO] - Smart Wait Function is triggered

2023-11-24 12:24:04 - [MESSAGE][INFO] - Smart Wait Function is triggered

2023-11-24 12:24:04 - [MESSAGE][INFO] - Smart Wait Function is triggered

2023-11-24 12:24:04 - [MESSAGE][INFO] - Smart Wait Function is triggered

2023-11-24 12:24:04 - [MESSAGE][INFO] - Smart Wait Function is triggered

2023-11-24 12:24:04 - [MESSAGE][INFO] - Smart Wait Function is triggered

2023-11-24 12:24:04 - [MESSAGE][INFO] - Smart Wait Function is triggered

2023-11-24 12:24:04 - [MESSAGE][INFO] - Smart Wait Function is triggered

2023-11-24 12:24:05 - [MESSAGE][INFO] - Smart Wait Function is triggered

2023-11-24 12:24:05 - [MESSAGE][INFO] - Smart Wait Function is triggered

2023-11-24 12:24:05 - [MESSAGE][INFO] - Smart Wait Function is triggered

2023-11-24 12:24:05 - [MESSAGE][INFO] - Smart Wait Function is triggered

2023-11-24 12:24:05 - [MESSAGE][INFO] - Smart Wait Function is triggered

2023-11-24 12:24:05 - [MESSAGE][INFO] - Smart Wait Function is triggered

2023-11-24 12:24:05 - [MESSAGE][INFO] - Smart Wait Function is triggered

2023-11-24 12:24:05 - [MESSAGE][INFO] - Smart Wait Function is triggered

2023-11-24 12:24:05 - [MESSAGE][INFO] - Smart Wait Function is triggered

2023-11-24 12:24:05 - [MESSAGE][INFO] - Smart Wait Function is triggered

2023-11-24 12:24:05 - [MESSAGE][INFO] - Smart Wait Function is triggered

2023-11-24 12:24:05 - [MESSAGE][INFO] - Smart Wait Function is triggered

2023-11-24 12:24:05 - [MESSAGE][INFO] - Smart Wait Function is triggered

2023-11-24 12:24:05 - [MESSAGE][INFO] - Smart Wait Function is triggered

2023-11-24 12:24:05 - [MESSAGE][INFO] - Smart Wait Function is triggered

2023-11-24 12:24:05 - [MESSAGE][INFO] - Smart Wait Function is triggered

2023-11-24 12:24:05 - [MESSAGE][INFO] - Smart Wait Function is triggered

2023-11-24 12:24:05 - [MESSAGE][INFO] - Smart Wait Function is triggered

2023-11-24 12:24:05 - [MESSAGE][INFO] - Smart Wait Function is triggered

2023-11-24 12:24:05 - [MESSAGE][INFO] - Smart Wait Function is triggered

2023-11-24 12:24:05 - [MESSAGE][INFO] - Smart Wait Function is triggered

2023-11-24 12:24:05 - [MESSAGE][INFO] - Smart Wait Function is triggered

2023-11-24 12:24:05 - [MESSAGE][INFO] - Smart Wait Function is triggered

2023-11-24 12:24:05 - [MESSAGE][INFO] - Smart Wait Function is triggered

2023-11-24 12:24:05 - [MESSAGE][INFO] - Smart Wait Function is triggered

2023-11-24 12:24:05 - [MESSAGE][INFO] - Smart Wait Function is triggered

2023-11-24 12:24:05 - [MESSAGE][INFO] - Smart Wait Function is triggered

2023-11-24 12:24:05 - [MESSAGE][INFO] - Smart Wait Function is triggered

2023-11-24 12:24:05 - [MESSAGE][INFO] - Smart Wait Function is triggered

2023-11-24 12:24:05 - [MESSAGE][INFO] - Smart Wait Function is triggered

2023-11-24 12:24:06 - [MESSAGE][INFO] - Smart Wait Function is triggered

2023-11-24 12:24:06 - [MESSAGE][INFO] - Smart Wait Function is triggered

2023-11-24 12:24:06 - [MESSAGE][INFO] - Smart Wait Function is triggered

2023-11-24 12:24:06 - [MESSAGE][INFO] - Smart Wait Function is triggered

2023-11-24 12:24:06 - [MESSAGE][INFO] - Smart Wait Function is triggered

2023-11-24 12:24:06 - [MESSAGE][INFO] - Smart Wait Function is triggered

2023-11-24 12:24:06 - [MESSAGE][INFO] - Smart Wait Function is triggered

2023-11-24 12:24:06 - [MESSAGE][INFO] - Smart Wait Function is triggered

2023-11-24 12:24:06 - [MESSAGE][INFO] - Smart Wait Function is triggered

2023-11-24 12:24:06 - [MESSAGE][INFO] - Smart Wait Function is triggered

2023-11-24 12:24:06 - [MESSAGE][INFO] - Smart Wait Function is triggered

2023-11-24 12:24:06 - [MESSAGE][INFO] - Smart Wait Function is triggered

2023-11-24 12:24:06 - [MESSAGE][INFO] - Smart Wait Function is triggered

2023-11-24 12:24:06 - [MESSAGE][INFO] - Smart Wait Function is triggered

2023-11-24 12:24:06 - [MESSAGE][INFO] - Smart Wait Function is triggered

2023-11-24 12:24:06 - [MESSAGE][INFO] - Smart Wait Function is triggered

2023-11-24 12:24:06 - [MESSAGE][INFO] - Smart Wait Function is triggered

2023-11-24 12:24:06 - [MESSAGE][INFO] - Smart Wait Function is triggered

2023-11-24 12:24:06 - [MESSAGE][INFO] - Smart Wait Function is triggered

2023-11-24 12:24:06 - [MESSAGE][INFO] - Smart Wait Function is triggered

2023-11-24 12:24:06 - [MESSAGE][INFO] - Smart Wait Function is triggered

2023-11-24 12:24:06 - [MESSAGE][INFO] - Smart Wait Function is triggered

2023-11-24 12:24:06 - [MESSAGE][INFO] - Smart Wait Function is triggered

2023-11-24 12:24:06 - [MESSAGE][INFO] - Smart Wait Function is triggered

2023-11-24 12:24:06 - [MESSAGE][INFO] - Smart Wait Function is triggered

2023-11-24 12:24:06 - [MESSAGE][INFO] - Smart Wait Function is triggered

2023-11-24 12:24:06 - [MESSAGE][INFO] - Smart Wait Function is triggered

2023-11-24 12:24:06 - [MESSAGE][INFO] - Smart Wait Function is triggered

2023-11-24 12:24:06 - [MESSAGE][INFO] - Smart Wait Function is triggered

2023-11-24 12:24:06 - [MESSAGE][INFO] - Smart Wait Function is triggered

2023-11-24 12:24:06 - [MESSAGE][INFO] - Smart Wait Function is triggered

2023-11-24 12:24:07 - [MESSAGE][INFO] - Smart Wait Function is triggered

2023-11-24 12:24:07 - [MESSAGE][INFO] - Smart Wait Function is triggered

2023-11-24 12:24:07 - [MESSAGE][INFO] - Smart Wait Function is triggered

2023-11-24 12:24:07 - [MESSAGE][INFO] - Smart Wait Function is triggered

2023-11-24 12:24:07 - [MESSAGE][INFO] - Smart Wait Function is triggered

2023-11-24 12:24:07 - [MESSAGE][INFO] - Smart Wait Function is triggered

2023-11-24 12:24:07 - [MESSAGE][INFO] - Smart Wait Function is triggered

2023-11-24 12:24:07 - [MESSAGE][INFO] - Smart Wait Function is triggered

2023-11-24 12:24:07 - [MESSAGE][INFO] - Smart Wait Function is triggered

2023-11-24 12:24:07 - [MESSAGE][INFO] - Smart Wait Function is triggered

2023-11-24 12:24:07 - [MESSAGE][INFO] - Smart Wait Function is triggered

2023-11-24 12:24:07 - [MESSAGE][INFO] - Smart Wait Function is triggered

2023-11-24 12:24:07 - [MESSAGE][INFO] - Smart Wait Function is triggered

2023-11-24 12:24:07 - [MESSAGE][INFO] - Smart Wait Function is triggered

2023-11-24 12:24:07 - [MESSAGE][INFO] - Smart Wait Function is triggered

2023-11-24 12:24:07 - [MESSAGE][INFO] - Smart Wait Function is triggered

2023-11-24 12:24:07 - [MESSAGE][INFO] - Smart Wait Function is triggered

2023-11-24 12:24:07 - [MESSAGE][INFO] - Smart Wait Function is triggered

2023-11-24 12:24:07 - [MESSAGE][INFO] - Smart Wait Function is triggered

2023-11-24 12:24:07 - [MESSAGE][INFO] - Smart Wait Function is triggered

2023-11-24 12:24:07 - [MESSAGE][INFO] - Smart Wait Function is triggered

2023-11-24 12:24:07 - [MESSAGE][INFO] - Smart Wait Function is triggered

2023-11-24 12:24:07 - [MESSAGE][INFO] - Smart Wait Function is triggered

2023-11-24 12:24:07 - [MESSAGE][INFO] - Smart Wait Function is triggered

2023-11-24 12:24:07 - [MESSAGE][INFO] - Smart Wait Function is triggered

2023-11-24 12:24:07 - [MESSAGE][INFO] - Smart Wait Function is triggered

2023-11-24 12:24:07 - [MESSAGE][INFO] - Smart Wait Function is triggered

2023-11-24 12:24:07 - [MESSAGE][INFO] - Smart Wait Function is triggered

2023-11-24 12:24:07 - [MESSAGE][INFO] - Smart Wait Function is triggered

2023-11-24 12:24:07 - [MESSAGE][INFO] - Smart Wait Function is triggered

2023-11-24 12:24:07 - [MESSAGE][INFO] - Smart Wait Function is triggered

2023-11-24 12:24:07 - [MESSAGE][INFO] - Smart Wait Function is triggered

2023-11-24 12:24:08 - [MESSAGE][INFO] - Smart Wait Function is triggered

2023-11-24 12:24:08 - [MESSAGE][INFO] - Smart Wait Function is triggered

2023-11-24 12:24:08 - [MESSAGE][INFO] - Smart Wait Function is triggered

2023-11-24 12:24:08 - [MESSAGE][INFO] - Smart Wait Function is triggered

2023-11-24 12:24:08 - [MESSAGE][INFO] - Smart Wait Function is triggered

2023-11-24 12:24:08 - [MESSAGE][INFO] - Smart Wait Function is triggered

2023-11-24 12:24:08 - [MESSAGE][INFO] - Smart Wait Function is triggered

2023-11-24 12:24:08 - [MESSAGE][INFO] - Smart Wait Function is triggered

2023-11-24 12:24:08 - [MESSAGE][INFO] - Smart Wait Function is triggered

2023-11-24 12:24:08 - [MESSAGE][INFO] - Smart Wait Function is triggered

2023-11-24 12:24:08 - [MESSAGE][INFO] - Smart Wait Function is triggered

2023-11-24 12:24:08 - [MESSAGE][INFO] - Smart Wait Function is triggered

2023-11-24 12:24:08 - [MESSAGE][INFO] - Smart Wait Function is triggered

2023-11-24 12:24:08 - [MESSAGE][INFO] - Smart Wait Function is triggered

2023-11-24 12:24:08 - [MESSAGE][INFO] - Smart Wait Function is triggered

2023-11-24 12:24:08 - [MESSAGE][INFO] - Smart Wait Function is triggered

2023-11-24 12:24:08 - [MESSAGE][INFO] - Smart Wait Function is triggered

2023-11-24 12:24:08 - [MESSAGE][INFO] - Smart Wait Function is triggered

2023-11-24 12:24:08 - [MESSAGE][INFO] - Smart Wait Function is triggered

2023-11-24 12:24:08 - [MESSAGE][INFO] - Smart Wait Function is triggered

2023-11-24 12:24:08 - [MESSAGE][INFO] - Smart Wait Function is triggered

2023-11-24 12:24:08 - [MESSAGE][INFO] - Smart Wait Function is triggered

2023-11-24 12:24:08 - [MESSAGE][INFO] - Smart Wait Function is triggered

2023-11-24 12:24:08 - [MESSAGE][INFO] - Smart Wait Function is triggered

2023-11-24 12:24:08 - [MESSAGE][INFO] - Smart Wait Function is triggered

2023-11-24 12:24:08 - [MESSAGE][INFO] - Smart Wait Function is triggered

2023-11-24 12:24:08 - [MESSAGE][INFO] - Smart Wait Function is triggered

2023-11-24 12:24:08 - [MESSAGE][INFO] - Smart Wait Function is triggered

2023-11-24 12:24:08 - [MESSAGE][INFO] - Smart Wait Function is triggered

2023-11-24 12:24:08 - [MESSAGE][INFO] - Smart Wait Function is triggered

2023-11-24 12:24:08 - [MESSAGE][INFO] - Smart Wait Function is triggered

2023-11-24 12:24:09 - [MESSAGE][INFO] - Smart Wait Function is triggered

2023-11-24 12:24:09 - [MESSAGE][INFO] - Smart Wait Function is triggered

2023-11-24 12:24:09 - [MESSAGE][INFO] - Smart Wait Function is triggered

2023-11-24 12:24:09 - [MESSAGE][INFO] - Smart Wait Function is triggered

2023-11-24 12:24:09 - [MESSAGE][INFO] - Smart Wait Function is triggered

2023-11-24 12:24:09 - [MESSAGE][INFO] - Smart Wait Function is triggered

2023-11-24 12:24:09 - [MESSAGE][INFO] - Smart Wait Function is triggered

2023-11-24 12:24:09 - [MESSAGE][INFO] - Smart Wait Function is triggered

2023-11-24 12:24:09 - [MESSAGE][INFO] - Smart Wait Function is triggered

2023-11-24 12:24:09 - [MESSAGE][INFO] - Smart Wait Function is triggered

2023-11-24 12:24:09 - [MESSAGE][INFO] - Smart Wait Function is triggered

2023-11-24 12:24:09 - [MESSAGE][INFO] - Smart Wait Function is triggered

2023-11-24 12:24:09 - [MESSAGE][INFO] - Smart Wait Function is triggered

2023-11-24 12:24:09 - [MESSAGE][INFO] - Smart Wait Function is triggered

2023-11-24 12:24:09 - [MESSAGE][INFO] - Smart Wait Function is triggered

2023-11-24 12:24:09 - [MESSAGE][INFO] - Smart Wait Function is triggered

2023-11-24 12:24:09 - [MESSAGE][INFO] - Smart Wait Function is triggered

2023-11-24 12:24:09 - [MESSAGE][INFO] - Smart Wait Function is triggered

2023-11-24 12:24:09 - [MESSAGE][INFO] - Smart Wait Function is triggered

2023-11-24 12:24:09 - [MESSAGE][INFO] - Smart Wait Function is triggered

2023-11-24 12:24:09 - [MESSAGE][INFO] - Smart Wait Function is triggered

2023-11-24 12:24:09 - [MESSAGE][INFO] - Smart Wait Function is triggered

2023-11-24 12:24:09 - [MESSAGE][INFO] - Smart Wait Function is triggered

2023-11-24 12:24:09 - [MESSAGE][INFO] - Smart Wait Function is triggered

2023-11-24 12:24:09 - [MESSAGE][INFO] - Smart Wait Function is triggered

2023-11-24 12:24:09 - [MESSAGE][INFO] - Smart Wait Function is triggered

2023-11-24 12:24:09 - [MESSAGE][INFO] - Smart Wait Function is triggered

2023-11-24 12:24:09 - [MESSAGE][INFO] - Smart Wait Function is triggered

2023-11-24 12:24:09 - [MESSAGE][INFO] - Smart Wait Function is triggered

2023-11-24 12:24:09 - [MESSAGE][INFO] - Smart Wait Function is triggered

2023-11-24 12:24:10 - [MESSAGE][INFO] - Smart Wait Function is triggered

2023-11-24 12:24:10 - [MESSAGE][INFO] - Smart Wait Function is triggered

2023-11-24 12:24:10 - [MESSAGE][INFO] - Smart Wait Function is triggered

2023-11-24 12:24:10 - [MESSAGE][INFO] - Smart Wait Function is triggered

2023-11-24 12:24:10 - [MESSAGE][INFO] - Smart Wait Function is triggered

2023-11-24 12:24:10 - [MESSAGE][INFO] - Smart Wait Function is triggered

2023-11-24 12:24:10 - [MESSAGE][INFO] - Smart Wait Function is triggered

2023-11-24 12:24:10 - [MESSAGE][INFO] - Smart Wait Function is triggered

2023-11-24 12:24:10 - [MESSAGE][INFO] - Smart Wait Function is triggered

2023-11-24 12:24:10 - [MESSAGE][INFO] - Smart Wait Function is triggered

2023-11-24 12:24:10 - [MESSAGE][INFO] - Smart Wait Function is triggered

2023-11-24 12:24:10 - [MESSAGE][INFO] - Smart Wait Function is triggered

2023-11-24 12:24:10 - [MESSAGE][INFO] - Smart Wait Function is triggered

2023-11-24 12:24:10 - [MESSAGE][INFO] - Smart Wait Function is triggered

2023-11-24 12:24:10 - [MESSAGE][INFO] - Smart Wait Function is triggered

2023-11-24 12:24:10 - [MESSAGE][INFO] - Smart Wait Function is triggered

2023-11-24 12:24:10 - [MESSAGE][INFO] - Smart Wait Function is triggered

2023-11-24 12:24:10 - [MESSAGE][INFO] - Smart Wait Function is triggered

2023-11-24 12:24:10 - [MESSAGE][INFO] - Smart Wait Function is triggered

2023-11-24 12:24:10 - [MESSAGE][INFO] - Smart Wait Function is triggered

2023-11-24 12:24:10 - [MESSAGE][INFO] - Smart Wait Function is triggered

2023-11-24 12:24:10 - [MESSAGE][INFO] - Smart Wait Function is triggered

2023-11-24 12:24:10 - [MESSAGE][INFO] - Smart Wait Function is triggered

2023-11-24 12:24:10 - [MESSAGE][INFO] - Smart Wait Function is triggered

2023-11-24 12:24:10 - [MESSAGE][INFO] - Smart Wait Function is triggered

2023-11-24 12:24:10 - [MESSAGE][INFO] - Smart Wait Function is triggered

2023-11-24 12:24:10 - [MESSAGE][INFO] - Smart Wait Function is triggered

2023-11-24 12:24:10 - [MESSAGE][INFO] - Smart Wait Function is triggered

2023-11-24 12:24:10 - [MESSAGE][INFO] - Smart Wait Function is triggered

2023-11-24 12:24:10 - [MESSAGE][INFO] - Smart Wait Function is triggered

2023-11-24 12:24:10 - [MESSAGE][INFO] - Smart Wait Function is triggered

2023-11-24 12:24:10 - [MESSAGE][INFO] - Smart Wait Function is triggered

2023-11-24 12:24:11 - [MESSAGE][INFO] - Smart Wait Function is triggered

2023-11-24 12:24:11 - [MESSAGE][INFO] - Smart Wait Function is triggered

2023-11-24 12:24:11 - [MESSAGE][INFO] - Smart Wait Function is triggered

2023-11-24 12:24:11 - [MESSAGE][INFO] - Smart Wait Function is triggered

2023-11-24 12:24:11 - [MESSAGE][INFO] - Smart Wait Function is triggered

2023-11-24 12:24:11 - [MESSAGE][INFO] - Smart Wait Function is triggered

2023-11-24 12:24:11 - [MESSAGE][INFO] - Smart Wait Function is triggered

2023-11-24 12:24:11 - [MESSAGE][INFO] - Smart Wait Function is triggered

2023-11-24 12:24:11 - [MESSAGE][INFO] - Smart Wait Function is triggered

2023-11-24 12:24:11 - [MESSAGE][INFO] - Smart Wait Function is triggered

2023-11-24 12:24:11 - [MESSAGE][INFO] - Smart Wait Function is triggered

2023-11-24 12:24:11 - [MESSAGE][INFO] - Smart Wait Function is triggered

2023-11-24 12:24:11 - [MESSAGE][INFO] - Smart Wait Function is triggered

2023-11-24 12:24:11 - [MESSAGE][INFO] - Smart Wait Function is triggered

2023-11-24 12:24:11 - [MESSAGE][INFO] - Smart Wait Function is triggered

2023-11-24 12:24:11 - [MESSAGE][INFO] - Smart Wait Function is triggered

2023-11-24 12:24:11 - [MESSAGE][INFO] - Smart Wait Function is triggered

2023-11-24 12:24:11 - [MESSAGE][INFO] - Smart Wait Function is triggered

2023-11-24 12:24:11 - [MESSAGE][INFO] - Smart Wait Function is triggered

2023-11-24 12:24:11 - [MESSAGE][INFO] - Smart Wait Function is triggered

2023-11-24 12:24:11 - [MESSAGE][INFO] - Smart Wait Function is triggered

2023-11-24 12:24:11 - [MESSAGE][INFO] - Smart Wait Function is triggered

2023-11-24 12:24:11 - [MESSAGE][INFO] - Smart Wait Function is triggered

2023-11-24 12:24:11 - [MESSAGE][INFO] - Smart Wait Function is triggered

2023-11-24 12:24:11 - [MESSAGE][INFO] - Smart Wait Function is triggered

2023-11-24 12:24:11 - [MESSAGE][INFO] - Smart Wait Function is triggered

2023-11-24 12:24:11 - [MESSAGE][INFO] - Smart Wait Function is triggered

2023-11-24 12:24:11 - [MESSAGE][INFO] - Smart Wait Function is triggered

2023-11-24 12:24:11 - [MESSAGE][INFO] - Smart Wait Function is triggered

2023-11-24 12:24:11 - [MESSAGE][INFO] - Smart Wait Function is triggered

2023-11-24 12:24:11 - [MESSAGE][INFO] - Smart Wait Function is triggered

2023-11-24 12:24:12 - [MESSAGE][INFO] - Smart Wait Function is triggered

2023-11-24 12:24:12 - [MESSAGE][INFO] - Smart Wait Function is triggered

2023-11-24 12:24:12 - [MESSAGE][INFO] - Smart Wait Function is triggered

2023-11-24 12:24:12 - [MESSAGE][INFO] - Smart Wait Function is triggered

2023-11-24 12:24:12 - [MESSAGE][INFO] - Smart Wait Function is triggered

2023-11-24 12:24:12 - [MESSAGE][INFO] - Smart Wait Function is triggered

2023-11-24 12:24:12 - [MESSAGE][INFO] - Smart Wait Function is triggered

2023-11-24 12:24:12 - [MESSAGE][INFO] - Smart Wait Function is triggered

2023-11-24 12:24:12 - [MESSAGE][INFO] - Smart Wait Function is triggered

2023-11-24 12:24:12 - [MESSAGE][INFO] - Smart Wait Function is triggered

2023-11-24 12:24:12 - [MESSAGE][INFO] - Smart Wait Function is triggered

2023-11-24 12:24:12 - [MESSAGE][INFO] - Smart Wait Function is triggered

2023-11-24 12:24:12 - [MESSAGE][INFO] - Smart Wait Function is triggered

2023-11-24 12:24:12 - [MESSAGE][INFO] - Smart Wait Function is triggered

2023-11-24 12:24:12 - [MESSAGE][INFO] - Smart Wait Function is triggered

2023-11-24 12:24:12 - [MESSAGE][INFO] - Smart Wait Function is triggered

2023-11-24 12:24:12 - [MESSAGE][INFO] - Smart Wait Function is triggered

2023-11-24 12:24:12 - [MESSAGE][INFO] - Smart Wait Function is triggered

2023-11-24 12:24:12 - [MESSAGE][INFO] - Smart Wait Function is triggered

2023-11-24 12:24:12 - [MESSAGE][INFO] - Smart Wait Function is triggered

2023-11-24 12:24:12 - [MESSAGE][INFO] - Smart Wait Function is triggered

2023-11-24 12:24:12 - [MESSAGE][INFO] - Smart Wait Function is triggered

2023-11-24 12:24:12 - [MESSAGE][INFO] - Smart Wait Function is triggered

2023-11-24 12:24:12 - [MESSAGE][INFO] - Smart Wait Function is triggered

2023-11-24 12:24:12 - [MESSAGE][INFO] - Smart Wait Function is triggered

2023-11-24 12:24:12 - [MESSAGE][INFO] - Smart Wait Function is triggered

2023-11-24 12:24:12 - [MESSAGE][INFO] - Smart Wait Function is triggered

2023-11-24 12:24:12 - [MESSAGE][INFO] - Smart Wait Function is triggered

2023-11-24 12:24:12 - [MESSAGE][INFO] - Smart Wait Function is triggered

2023-11-24 12:24:12 - [MESSAGE][INFO] - Smart Wait Function is triggered

2023-11-24 12:24:12 - [MESSAGE][INFO] - Smart Wait Function is triggered

2023-11-24 12:24:13 - [MESSAGE][INFO] - Smart Wait Function is triggered

2023-11-24 12:24:13 - [MESSAGE][INFO] - Smart Wait Function is triggered

2023-11-24 12:24:13 - [MESSAGE][INFO] - Smart Wait Function is triggered

2023-11-24 12:24:13 - [MESSAGE][INFO] - Smart Wait Function is triggered

2023-11-24 12:24:13 - [MESSAGE][INFO] - Smart Wait Function is triggered

2023-11-24 12:24:13 - [MESSAGE][INFO] - Smart Wait Function is triggered

2023-11-24 12:24:13 - [MESSAGE][INFO] - Smart Wait Function is triggered

2023-11-24 12:24:13 - [MESSAGE][INFO] - Smart Wait Function is triggered

2023-11-24 12:24:13 - [MESSAGE][INFO] - Smart Wait Function is triggered

2023-11-24 12:24:13 - [MESSAGE][INFO] - Smart Wait Function is triggered

2023-11-24 12:24:13 - [MESSAGE][INFO] - Smart Wait Function is triggered

2023-11-24 12:24:13 - [MESSAGE][INFO] - Smart Wait Function is triggered

2023-11-24 12:24:13 - [MESSAGE][INFO] - Smart Wait Function is triggered

2023-11-24 12:24:13 - [MESSAGE][INFO] - Smart Wait Function is triggered

2023-11-24 12:24:13 - [MESSAGE][INFO] - Smart Wait Function is triggered

2023-11-24 12:24:13 - [MESSAGE][INFO] - Smart Wait Function is triggered

2023-11-24 12:24:13 - [MESSAGE][INFO] - Smart Wait Function is triggered

2023-11-24 12:24:13 - [MESSAGE][INFO] - Smart Wait Function is triggered

2023-11-24 12:24:13 - [MESSAGE][INFO] - Smart Wait Function is triggered

2023-11-24 12:24:13 - [MESSAGE][INFO] - Smart Wait Function is triggered

2023-11-24 12:24:13 - [MESSAGE][INFO] - Smart Wait Function is triggered

2023-11-24 12:24:13 - [MESSAGE][INFO] - Smart Wait Function is triggered

2023-11-24 12:24:13 - [MESSAGE][INFO] - Smart Wait Function is triggered

2023-11-24 12:24:13 - [MESSAGE][INFO] - Smart Wait Function is triggered

2023-11-24 12:24:13 - [MESSAGE][INFO] - Smart Wait Function is triggered

2023-11-24 12:24:13 - [MESSAGE][INFO] - Smart Wait Function is triggered

2023-11-24 12:24:13 - [MESSAGE][INFO] - Smart Wait Function is triggered

2023-11-24 12:24:13 - [MESSAGE][INFO] - Smart Wait Function is triggered

2023-11-24 12:24:14 - [MESSAGE][INFO] - Smart Wait Function is triggered

2023-11-24 12:24:14 - [MESSAGE][INFO] - Smart Wait Function is triggered

2023-11-24 12:24:14 - [MESSAGE][INFO] - Smart Wait Function is triggered

2023-11-24 12:24:14 - [MESSAGE][INFO] - Smart Wait Function is triggered

2023-11-24 12:24:14 - [MESSAGE][INFO] - Smart Wait Function is triggered

2023-11-24 12:24:14 - [MESSAGE][INFO] - Smart Wait Function is triggered

2023-11-24 12:24:14 - [MESSAGE][INFO] - Smart Wait Function is triggered

2023-11-24 12:24:14 - [MESSAGE][INFO] - Smart Wait Function is triggered

2023-11-24 12:24:14 - [MESSAGE][INFO] - Smart Wait Function is triggered

2023-11-24 12:24:14 - [MESSAGE][INFO] - Smart Wait Function is triggered

2023-11-24 12:24:14 - [MESSAGE][INFO] - Smart Wait Function is triggered

2023-11-24 12:24:14 - [MESSAGE][INFO] - Smart Wait Function is triggered

2023-11-24 12:24:14 - [MESSAGE][INFO] - Smart Wait Function is triggered

2023-11-24 12:24:14 - [MESSAGE][INFO] - Smart Wait Function is triggered

2023-11-24 12:24:14 - [MESSAGE][INFO] - Smart Wait Function is triggered

2023-11-24 12:24:14 - [MESSAGE][INFO] - Smart Wait Function is triggered

2023-11-24 12:24:14 - [MESSAGE][INFO] - Smart Wait Function is triggered

2023-11-24 12:24:14 - [MESSAGE][INFO] - Smart Wait Function is triggered

2023-11-24 12:24:14 - [MESSAGE][INFO] - Smart Wait Function is triggered

2023-11-24 12:24:14 - [MESSAGE][INFO] - Smart Wait Function is triggered

2023-11-24 12:24:14 - [MESSAGE][INFO] - Smart Wait Function is triggered

2023-11-24 12:24:14 - [MESSAGE][INFO] - Smart Wait Function is triggered

2023-11-24 12:24:14 - [MESSAGE][INFO] - Smart Wait Function is triggered

2023-11-24 12:24:14 - [MESSAGE][INFO] - Smart Wait Function is triggered

2023-11-24 12:24:14 - [MESSAGE][INFO] - Smart Wait Function is triggered

2023-11-24 12:24:14 - [MESSAGE][INFO] - Smart Wait Function is triggered

2023-11-24 12:24:14 - [MESSAGE][INFO] - Smart Wait Function is triggered

2023-11-24 12:24:14 - [MESSAGE][INFO] - Smart Wait Function is triggered

2023-11-24 12:24:14 - [MESSAGE][INFO] - Smart Wait Function is triggered

2023-11-24 12:24:14 - [MESSAGE][INFO] - Smart Wait Function is triggered

2023-11-24 12:24:14 - [MESSAGE][INFO] - Smart Wait Function is triggered

2023-11-24 12:24:14 - [MESSAGE][INFO] - Smart Wait Function is triggered

2023-11-24 12:24:15 - [MESSAGE][INFO] - Smart Wait Function is triggered

2023-11-24 12:24:15 - [MESSAGE][INFO] - Smart Wait Function is triggered

2023-11-24 12:24:15 - [MESSAGE][INFO] - Smart Wait Function is triggered

2023-11-24 12:24:15 - [MESSAGE][INFO] - Smart Wait Function is triggered

2023-11-24 12:24:15 - [MESSAGE][INFO] - Smart Wait Function is triggered

2023-11-24 12:24:15 - [MESSAGE][INFO] - Smart Wait Function is triggered

2023-11-24 12:24:15 - [MESSAGE][INFO] - Smart Wait Function is triggered

2023-11-24 12:24:15 - [MESSAGE][INFO] - Smart Wait Function is triggered

2023-11-24 12:24:15 - [MESSAGE][INFO] - Smart Wait Function is triggered

2023-11-24 12:24:15 - [MESSAGE][INFO] - Smart Wait Function is triggered

2023-11-24 12:24:15 - [MESSAGE][INFO] - Smart Wait Function is triggered

2023-11-24 12:24:15 - [MESSAGE][INFO] - Smart Wait Function is triggered

2023-11-24 12:24:15 - [MESSAGE][INFO] - Smart Wait Function is triggered

2023-11-24 12:24:15 - [MESSAGE][INFO] - Smart Wait Function is triggered

2023-11-24 12:24:15 - [MESSAGE][INFO] - Smart Wait Function is triggered

2023-11-24 12:24:15 - [MESSAGE][INFO] - Smart Wait Function is triggered

2023-11-24 12:24:15 - [MESSAGE][INFO] - Smart Wait Function is triggered

2023-11-24 12:24:15 - [MESSAGE][INFO] - Smart Wait Function is triggered

2023-11-24 12:24:15 - [MESSAGE][INFO] - Smart Wait Function is triggered

2023-11-24 12:24:15 - [MESSAGE][INFO] - Smart Wait Function is triggered

2023-11-24 12:24:15 - [MESSAGE][INFO] - Smart Wait Function is triggered

2023-11-24 12:24:15 - [MESSAGE][INFO] - Smart Wait Function is triggered

2023-11-24 12:24:15 - [MESSAGE][INFO] - Smart Wait Function is triggered

2023-11-24 12:24:15 - [MESSAGE][INFO] - Smart Wait Function is triggered

2023-11-24 12:24:15 - [MESSAGE][INFO] - Smart Wait Function is triggered

2023-11-24 12:24:15 - [MESSAGE][INFO] - Smart Wait Function is triggered

2023-11-24 12:24:15 - [MESSAGE][INFO] - Smart Wait Function is triggered

2023-11-24 12:24:15 - [MESSAGE][INFO] - Smart Wait Function is triggered

2023-11-24 12:24:15 - [MESSAGE][INFO] - Smart Wait Function is triggered

2023-11-24 12:24:15 - [MESSAGE][INFO] - Smart Wait Function is triggered

2023-11-24 12:24:15 - [MESSAGE][INFO] - Smart Wait Function is triggered

2023-11-24 12:24:16 - [MESSAGE][INFO] - Smart Wait Function is triggered

2023-11-24 12:24:16 - [MESSAGE][INFO] - Smart Wait Function is triggered

2023-11-24 12:24:16 - [MESSAGE][INFO] - Smart Wait Function is triggered

2023-11-24 12:24:16 - [MESSAGE][INFO] - Smart Wait Function is triggered

2023-11-24 12:24:16 - [MESSAGE][INFO] - Smart Wait Function is triggered

2023-11-24 12:24:16 - [MESSAGE][INFO] - Smart Wait Function is triggered

2023-11-24 12:24:16 - [MESSAGE][INFO] - Smart Wait Function is triggered

2023-11-24 12:24:16 - [MESSAGE][INFO] - Smart Wait Function is triggered

2023-11-24 12:24:16 - [MESSAGE][INFO] - Smart Wait Function is triggered

2023-11-24 12:24:16 - [MESSAGE][INFO] - Smart Wait Function is triggered

2023-11-24 12:24:16 - [MESSAGE][INFO] - Smart Wait Function is triggered

2023-11-24 12:24:16 - [MESSAGE][INFO] - Smart Wait Function is triggered

2023-11-24 12:24:16 - [MESSAGE][INFO] - Smart Wait Function is triggered

2023-11-24 12:24:16 - [MESSAGE][INFO] - Smart Wait Function is triggered

2023-11-24 12:24:16 - [MESSAGE][INFO] - Smart Wait Function is triggered

2023-11-24 12:24:16 - [MESSAGE][INFO] - Smart Wait Function is triggered

2023-11-24 12:24:16 - [MESSAGE][INFO] - Smart Wait Function is triggered

2023-11-24 12:24:16 - [MESSAGE][INFO] - Smart Wait Function is triggered

2023-11-24 12:24:16 - [MESSAGE][INFO] - Smart Wait Function is triggered

2023-11-24 12:24:16 - [MESSAGE][INFO] - Smart Wait Function is triggered

2023-11-24 12:24:16 - [MESSAGE][INFO] - Smart Wait Function is triggered

2023-11-24 12:24:16 - [MESSAGE][INFO] - Smart Wait Function is triggered

2023-11-24 12:24:16 - [MESSAGE][INFO] - Smart Wait Function is triggered

2023-11-24 12:24:16 - [MESSAGE][INFO] - Smart Wait Function is triggered

2023-11-24 12:24:16 - [MESSAGE][INFO] - Smart Wait Function is triggered

2023-11-24 12:24:16 - [MESSAGE][INFO] - Smart Wait Function is triggered

2023-11-24 12:24:16 - [MESSAGE][INFO] - Smart Wait Function is triggered

2023-11-24 12:24:16 - [MESSAGE][INFO] - Smart Wait Function is triggered

2023-11-24 12:24:16 - [MESSAGE][INFO] - Smart Wait Function is triggered

2023-11-24 12:24:16 - [MESSAGE][INFO] - Smart Wait Function is triggered

2023-11-24 12:24:16 - [MESSAGE][INFO] - Smart Wait Function is triggered

2023-11-24 12:24:16 - [MESSAGE][INFO] - Smart Wait Function is triggered

2023-11-24 12:24:17 - [MESSAGE][INFO] - Smart Wait Function is triggered

2023-11-24 12:24:17 - [MESSAGE][INFO] - Smart Wait Function is triggered

2023-11-24 12:24:17 - [MESSAGE][INFO] - Smart Wait Function is triggered

2023-11-24 12:24:17 - [MESSAGE][INFO] - Smart Wait Function is triggered

2023-11-24 12:24:17 - [MESSAGE][INFO] - Smart Wait Function is triggered

2023-11-24 12:24:17 - [MESSAGE][INFO] - Smart Wait Function is triggered

2023-11-24 12:24:17 - [MESSAGE][INFO] - Smart Wait Function is triggered

2023-11-24 12:24:17 - [MESSAGE][INFO] - Smart Wait Function is triggered

2023-11-24 12:24:17 - [MESSAGE][INFO] - Smart Wait Function is triggered

2023-11-24 12:24:17 - [MESSAGE][INFO] - Smart Wait Function is triggered

2023-11-24 12:24:17 - [MESSAGE][INFO] - Smart Wait Function is triggered

2023-11-24 12:24:17 - [MESSAGE][INFO] - Smart Wait Function is triggered

2023-11-24 12:24:17 - [MESSAGE][INFO] - Smart Wait Function is triggered

2023-11-24 12:24:17 - [MESSAGE][INFO] - Smart Wait Function is triggered

2023-11-24 12:24:17 - [MESSAGE][INFO] - Smart Wait Function is triggered

2023-11-24 12:24:17 - [MESSAGE][INFO] - Smart Wait Function is triggered

2023-11-24 12:24:17 - [MESSAGE][INFO] - Smart Wait Function is triggered

2023-11-24 12:24:17 - [MESSAGE][INFO] - Smart Wait Function is triggered

2023-11-24 12:24:17 - [MESSAGE][INFO] - Smart Wait Function is triggered

2023-11-24 12:24:17 - [MESSAGE][INFO] - Smart Wait Function is triggered

2023-11-24 12:24:17 - [MESSAGE][INFO] - Smart Wait Function is triggered

2023-11-24 12:24:17 - [MESSAGE][INFO] - Smart Wait Function is triggered

2023-11-24 12:24:17 - [MESSAGE][INFO] - Smart Wait Function is triggered

2023-11-24 12:24:17 - [MESSAGE][INFO] - Smart Wait Function is triggered

2023-11-24 12:24:17 - [MESSAGE][INFO] - Smart Wait Function is triggered

2023-11-24 12:24:17 - [MESSAGE][INFO] - Smart Wait Function is triggered

2023-11-24 12:24:17 - [MESSAGE][INFO] - Smart Wait Function is triggered

2023-11-24 12:24:17 - [MESSAGE][INFO] - Smart Wait Function is triggered

2023-11-24 12:24:17 - [MESSAGE][INFO] - Smart Wait Function is triggered

2023-11-24 12:24:17 - [MESSAGE][INFO] - Smart Wait Function is triggered

2023-11-24 12:24:17 - [MESSAGE][INFO] - Smart Wait Function is triggered

2023-11-24 12:24:18 - [MESSAGE][INFO] - Smart Wait Function is triggered

2023-11-24 12:24:18 - [MESSAGE][INFO] - Smart Wait Function is triggered

2023-11-24 12:24:18 - [MESSAGE][INFO] - Smart Wait Function is triggered

2023-11-24 12:24:18 - [MESSAGE][INFO] - Smart Wait Function is triggered

2023-11-24 12:24:18 - [MESSAGE][INFO] - Smart Wait Function is triggered

2023-11-24 12:24:18 - [MESSAGE][INFO] - Smart Wait Function is triggered

2023-11-24 12:24:18 - [MESSAGE][INFO] - Smart Wait Function is triggered

2023-11-24 12:24:18 - [MESSAGE][INFO] - Smart Wait Function is triggered

2023-11-24 12:24:18 - [MESSAGE][INFO] - Smart Wait Function is triggered

2023-11-24 12:24:18 - [MESSAGE][INFO] - Smart Wait Function is triggered

2023-11-24 12:24:18 - [MESSAGE][INFO] - Smart Wait Function is triggered

2023-11-24 12:24:18 - [MESSAGE][INFO] - Smart Wait Function is triggered

2023-11-24 12:24:18 - [MESSAGE][INFO] - Smart Wait Function is triggered

2023-11-24 12:24:18 - [MESSAGE][INFO] - Smart Wait Function is triggered

2023-11-24 12:24:18 - [MESSAGE][INFO] - Smart Wait Function is triggered

2023-11-24 12:24:18 - [MESSAGE][INFO] - Smart Wait Function is triggered

2023-11-24 12:24:18 - [MESSAGE][INFO] - Smart Wait Function is triggered

2023-11-24 12:24:18 - [MESSAGE][INFO] - Smart Wait Function is triggered

2023-11-24 12:24:18 - [MESSAGE][INFO] - Smart Wait Function is triggered

2023-11-24 12:24:18 - [MESSAGE][INFO] - Smart Wait Function is triggered

2023-11-24 12:24:18 - [MESSAGE][INFO] - Smart Wait Function is triggered

2023-11-24 12:24:18 - [MESSAGE][INFO] - Smart Wait Function is triggered

2023-11-24 12:24:18 - [MESSAGE][INFO] - Smart Wait Function is triggered

2023-11-24 12:24:18 - [MESSAGE][INFO] - Smart Wait Function is triggered

2023-11-24 12:24:18 - [MESSAGE][INFO] - Smart Wait Function is triggered

2023-11-24 12:24:18 - [MESSAGE][INFO] - Smart Wait Function is triggered

2023-11-24 12:24:18 - [MESSAGE][INFO] - Smart Wait Function is triggered

2023-11-24 12:24:18 - [MESSAGE][INFO] - Smart Wait Function is triggered

2023-11-24 12:24:18 - [MESSAGE][INFO] - Smart Wait Function is triggered

2023-11-24 12:24:18 - [MESSAGE][INFO] - Smart Wait Function is triggered

2023-11-24 12:24:18 - [MESSAGE][INFO] - Smart Wait Function is triggered

2023-11-24 12:24:18 - [MESSAGE][INFO] - Smart Wait Function is triggered

2023-11-24 12:24:19 - [MESSAGE][INFO] - Smart Wait Function is triggered

2023-11-24 12:24:19 - [MESSAGE][INFO] - Smart Wait Function is triggered

2023-11-24 12:24:19 - [MESSAGE][INFO] - Smart Wait Function is triggered

2023-11-24 12:24:19 - [MESSAGE][INFO] - Smart Wait Function is triggered

2023-11-24 12:24:19 - [MESSAGE][INFO] - Smart Wait Function is triggered

2023-11-24 12:24:19 - [MESSAGE][INFO] - Smart Wait Function is triggered

2023-11-24 12:24:19 - [MESSAGE][INFO] - Smart Wait Function is triggered

2023-11-24 12:24:19 - [MESSAGE][INFO] - Smart Wait Function is triggered

2023-11-24 12:24:19 - [MESSAGE][INFO] - Smart Wait Function is triggered

2023-11-24 12:24:19 - [MESSAGE][INFO] - Smart Wait Function is triggered

2023-11-24 12:24:19 - [MESSAGE][INFO] - Smart Wait Function is triggered

2023-11-24 12:24:19 - [MESSAGE][INFO] - Smart Wait Function is triggered

2023-11-24 12:24:19 - [MESSAGE][INFO] - Smart Wait Function is triggered

2023-11-24 12:24:19 - [MESSAGE][INFO] - Smart Wait Function is triggered

2023-11-24 12:24:19 - [MESSAGE][INFO] - Smart Wait Function is triggered

2023-11-24 12:24:19 - [MESSAGE][INFO] - Smart Wait Function is triggered

2023-11-24 12:24:19 - [MESSAGE][INFO] - Smart Wait Function is triggered

2023-11-24 12:24:19 - [MESSAGE][INFO] - Smart Wait Function is triggered

2023-11-24 12:24:19 - [MESSAGE][INFO] - Smart Wait Function is triggered

2023-11-24 12:24:19 - [MESSAGE][INFO] - Smart Wait Function is triggered

2023-11-24 12:24:19 - [MESSAGE][INFO] - Smart Wait Function is triggered

2023-11-24 12:24:19 - [MESSAGE][INFO] - Smart Wait Function is triggered

2023-11-24 12:24:19 - [MESSAGE][INFO] - Smart Wait Function is triggered

2023-11-24 12:24:19 - [MESSAGE][INFO] - Smart Wait Function is triggered

2023-11-24 12:24:19 - [MESSAGE][INFO] - Smart Wait Function is triggered

2023-11-24 12:24:19 - [MESSAGE][INFO] - Smart Wait Function is triggered

2023-11-24 12:24:19 - [MESSAGE][INFO] - Smart Wait Function is triggered

2023-11-24 12:24:19 - [MESSAGE][INFO] - Smart Wait Function is triggered

2023-11-24 12:24:19 - [MESSAGE][INFO] - Smart Wait Function is triggered

2023-11-24 12:24:19 - [MESSAGE][INFO] - Smart Wait Function is triggered

2023-11-24 12:24:19 - [MESSAGE][INFO] - Smart Wait Function is triggered

2023-11-24 12:24:19 - [MESSAGE][INFO] - Smart Wait Function is triggered

2023-11-24 12:24:20 - [MESSAGE][INFO] - Smart Wait Function is triggered

2023-11-24 12:24:20 - [MESSAGE][INFO] - Smart Wait Function is triggered

2023-11-24 12:24:20 - [MESSAGE][INFO] - Smart Wait Function is triggered

2023-11-24 12:24:20 - [MESSAGE][INFO] - Smart Wait Function is triggered

2023-11-24 12:24:20 - [MESSAGE][INFO] - Smart Wait Function is triggered

2023-11-24 12:24:20 - [MESSAGE][INFO] - Smart Wait Function is triggered

2023-11-24 12:24:20 - [MESSAGE][INFO] - Smart Wait Function is triggered

2023-11-24 12:24:20 - [MESSAGE][INFO] - Smart Wait Function is triggered

2023-11-24 12:24:20 - [MESSAGE][INFO] - Smart Wait Function is triggered

2023-11-24 12:24:20 - [MESSAGE][INFO] - Smart Wait Function is triggered

2023-11-24 12:24:20 - [MESSAGE][INFO] - Smart Wait Function is triggered

2023-11-24 12:24:20 - [MESSAGE][INFO] - Smart Wait Function is triggered

2023-11-24 12:24:20 - [MESSAGE][INFO] - Smart Wait Function is triggered

2023-11-24 12:24:20 - [MESSAGE][INFO] - Smart Wait Function is triggered

2023-11-24 12:24:20 - [MESSAGE][INFO] - Smart Wait Function is triggered

2023-11-24 12:24:20 - [MESSAGE][INFO] - Smart Wait Function is triggered

2023-11-24 12:24:20 - [MESSAGE][INFO] - Smart Wait Function is triggered

2023-11-24 12:24:20 - [MESSAGE][INFO] - Smart Wait Function is triggered

2023-11-24 12:24:20 - [MESSAGE][INFO] - Smart Wait Function is triggered

2023-11-24 12:24:20 - [MESSAGE][INFO] - Smart Wait Function is triggered

2023-11-24 12:24:20 - [MESSAGE][INFO] - Smart Wait Function is triggered

2023-11-24 12:24:20 - [MESSAGE][INFO] - Smart Wait Function is triggered

2023-11-24 12:24:20 - [MESSAGE][INFO] - Smart Wait Function is triggered

2023-11-24 12:24:20 - [MESSAGE][INFO] - Smart Wait Function is triggered

2023-11-24 12:24:20 - [MESSAGE][INFO] - Smart Wait Function is triggered

2023-11-24 12:24:20 - [MESSAGE][INFO] - Smart Wait Function is triggered

2023-11-24 12:24:20 - [MESSAGE][INFO] - Smart Wait Function is triggered

2023-11-24 12:24:20 - [MESSAGE][INFO] - Smart Wait Function is triggered

2023-11-24 12:24:20 - [MESSAGE][INFO] - Smart Wait Function is triggered

2023-11-24 12:24:21 - [MESSAGE][INFO] - Smart Wait Function is triggered

2023-11-24 12:24:21 - [MESSAGE][INFO] - Smart Wait Function is triggered

2023-11-24 12:24:21 - [MESSAGE][INFO] - Smart Wait Function is triggered

2023-11-24 12:24:21 - [MESSAGE][INFO] - Smart Wait Function is triggered

2023-11-24 12:24:21 - [MESSAGE][INFO] - Smart Wait Function is triggered

2023-11-24 12:24:21 - [MESSAGE][INFO] - Smart Wait Function is triggered

2023-11-24 12:24:21 - [MESSAGE][INFO] - Smart Wait Function is triggered

2023-11-24 12:24:21 - [MESSAGE][INFO] - Smart Wait Function is triggered

2023-11-24 12:24:21 - [MESSAGE][INFO] - Smart Wait Function is triggered

2023-11-24 12:24:21 - [MESSAGE][INFO] - Smart Wait Function is triggered

2023-11-24 12:24:21 - [MESSAGE][INFO] - Smart Wait Function is triggered

2023-11-24 12:24:21 - [MESSAGE][INFO] - Smart Wait Function is triggered

2023-11-24 12:24:21 - [MESSAGE][INFO] - Smart Wait Function is triggered

2023-11-24 12:24:21 - [MESSAGE][INFO] - Smart Wait Function is triggered

2023-11-24 12:24:21 - [MESSAGE][INFO] - Smart Wait Function is triggered

2023-11-24 12:24:21 - [MESSAGE][INFO] - Smart Wait Function is triggered

2023-11-24 12:24:21 - [MESSAGE][INFO] - Smart Wait Function is triggered

2023-11-24 12:24:21 - [MESSAGE][INFO] - Smart Wait Function is triggered

2023-11-24 12:24:21 - [MESSAGE][INFO] - Smart Wait Function is triggered

2023-11-24 12:24:21 - [MESSAGE][INFO] - Smart Wait Function is triggered

2023-11-24 12:24:21 - [MESSAGE][INFO] - Smart Wait Function is triggered

2023-11-24 12:24:21 - [MESSAGE][INFO] - Smart Wait Function is triggered

2023-11-24 12:24:21 - [MESSAGE][INFO] - Smart Wait Function is triggered

2023-11-24 12:24:21 - [MESSAGE][INFO] - Smart Wait Function is triggered

2023-11-24 12:24:21 - [MESSAGE][INFO] - Smart Wait Function is triggered

2023-11-24 12:24:21 - [MESSAGE][INFO] - Smart Wait Function is triggered

2023-11-24 12:24:21 - [MESSAGE][INFO] - Smart Wait Function is triggered

2023-11-24 12:24:21 - [MESSAGE][INFO] - Smart Wait Function is triggered

2023-11-24 12:24:21 - [MESSAGE][INFO] - Smart Wait Function is triggered

2023-11-24 12:24:21 - [MESSAGE][INFO] - Smart Wait Function is triggered

2023-11-24 12:24:21 - [MESSAGE][INFO] - Smart Wait Function is triggered

2023-11-24 12:24:22 - [MESSAGE][INFO] - Smart Wait Function is triggered

2023-11-24 12:24:22 - [MESSAGE][INFO] - Smart Wait Function is triggered

2023-11-24 12:24:22 - [MESSAGE][INFO] - Smart Wait Function is triggered

2023-11-24 12:24:22 - [MESSAGE][INFO] - Smart Wait Function is triggered

2023-11-24 12:24:22 - [MESSAGE][INFO] - Smart Wait Function is triggered

2023-11-24 12:24:22 - [MESSAGE][INFO] - Smart Wait Function is triggered

2023-11-24 12:24:22 - [MESSAGE][INFO] - Smart Wait Function is triggered

2023-11-24 12:24:22 - [MESSAGE][INFO] - Smart Wait Function is triggered

2023-11-24 12:24:22 - [MESSAGE][INFO] - Smart Wait Function is triggered

2023-11-24 12:24:22 - [MESSAGE][INFO] - Smart Wait Function is triggered

2023-11-24 12:24:22 - [MESSAGE][INFO] - Smart Wait Function is triggered

2023-11-24 12:24:22 - [MESSAGE][INFO] - Smart Wait Function is triggered

2023-11-24 12:24:22 - [MESSAGE][INFO] - Smart Wait Function is triggered

2023-11-24 12:24:22 - [MESSAGE][INFO] - Smart Wait Function is triggered

2023-11-24 12:24:22 - [MESSAGE][INFO] - Smart Wait Function is triggered

2023-11-24 12:24:22 - [MESSAGE][INFO] - Smart Wait Function is triggered

2023-11-24 12:24:22 - [MESSAGE][INFO] - Smart Wait Function is triggered

2023-11-24 12:24:22 - [MESSAGE][INFO] - Smart Wait Function is triggered

2023-11-24 12:24:22 - [MESSAGE][INFO] - Smart Wait Function is triggered

2023-11-24 12:24:22 - [MESSAGE][INFO] - Smart Wait Function is triggered

2023-11-24 12:24:22 - [MESSAGE][INFO] - Smart Wait Function is triggered

2023-11-24 12:24:22 - [MESSAGE][INFO] - Smart Wait Function is triggered

2023-11-24 12:24:22 - [MESSAGE][INFO] - Smart Wait Function is triggered

2023-11-24 12:24:22 - [MESSAGE][INFO] - Smart Wait Function is triggered

2023-11-24 12:24:22 - [MESSAGE][INFO] - Smart Wait Function is triggered

2023-11-24 12:24:22 - [MESSAGE][INFO] - Smart Wait Function is triggered

2023-11-24 12:24:22 - [MESSAGE][INFO] - Smart Wait Function is triggered

2023-11-24 12:24:22 - [MESSAGE][INFO] - Smart Wait Function is triggered

2023-11-24 12:24:22 - [MESSAGE][INFO] - Smart Wait Function is triggered

2023-11-24 12:24:22 - [MESSAGE][INFO] - Smart Wait Function is triggered

2023-11-24 12:24:22 - [MESSAGE][INFO] - Smart Wait Function is triggered

2023-11-24 12:24:23 - [MESSAGE][INFO] - Smart Wait Function is triggered

2023-11-24 12:24:23 - [MESSAGE][INFO] - Smart Wait Function is triggered

2023-11-24 12:24:23 - [MESSAGE][INFO] - Smart Wait Function is triggered

2023-11-24 12:24:23 - [MESSAGE][INFO] - Smart Wait Function is triggered

2023-11-24 12:24:23 - [MESSAGE][INFO] - Smart Wait Function is triggered

2023-11-24 12:24:23 - [MESSAGE][INFO] - Smart Wait Function is triggered

2023-11-24 12:24:23 - [MESSAGE][INFO] - Smart Wait Function is triggered

2023-11-24 12:24:23 - [MESSAGE][INFO] - Smart Wait Function is triggered

2023-11-24 12:24:23 - [MESSAGE][INFO] - Smart Wait Function is triggered

2023-11-24 12:24:23 - [MESSAGE][INFO] - Smart Wait Function is triggered

2023-11-24 12:24:23 - [MESSAGE][INFO] - Smart Wait Function is triggered

2023-11-24 12:24:23 - [MESSAGE][INFO] - Smart Wait Function is triggered

2023-11-24 12:24:23 - [MESSAGE][INFO] - Smart Wait Function is triggered

2023-11-24 12:24:23 - [MESSAGE][INFO] - Smart Wait Function is triggered

2023-11-24 12:24:23 - [MESSAGE][INFO] - Smart Wait Function is triggered

2023-11-24 12:24:23 - [MESSAGE][INFO] - Smart Wait Function is triggered

2023-11-24 12:24:23 - [MESSAGE][INFO] - Smart Wait Function is triggered

2023-11-24 12:24:23 - [MESSAGE][INFO] - Smart Wait Function is triggered

2023-11-24 12:24:23 - [MESSAGE][INFO] - Smart Wait Function is triggered

2023-11-24 12:24:23 - [MESSAGE][INFO] - Smart Wait Function is triggered

2023-11-24 12:24:23 - [MESSAGE][INFO] - Smart Wait Function is triggered

2023-11-24 12:24:23 - [MESSAGE][INFO] - Smart Wait Function is triggered

2023-11-24 12:24:23 - [MESSAGE][INFO] - Smart Wait Function is triggered

2023-11-24 12:24:23 - [MESSAGE][INFO] - Smart Wait Function is triggered

2023-11-24 12:24:23 - [MESSAGE][INFO] - Smart Wait Function is triggered

2023-11-24 12:24:23 - [MESSAGE][INFO] - Unable to find the element located by 'By.xpath: //app-informations-personnelles//app-adresse-etalab//app-vls-ts-etalab//div/input|//app-informations-personnelles-shared//app-adresse-etalab//app-vls-ts-etalab//div/input'. Please recheck the objects properties to make sure the desired element is located. 

2023-11-24 12:24:23 - [MESSAGE][INFO] - Checking object

2023-11-24 12:24:23 - [MESSAGE][INFO] - Checking text

2023-11-24 12:24:23 - [MESSAGE][INFO] - Finding web element from Test Object's properties

2023-11-24 12:24:23 - [MESSAGE][INFO] - Checking timeout

2023-11-24 12:24:23 - [MESSAGE][INFO] - Finding web element with id: 'Object Repository/Page_InformationPersonnelles_Usager/Input_AdresseUsager' located by 'By.xpath: //app-informations-personnelles//app-adresse-etalab//app-vls-ts-etalab//div/input|//app-informations-personnelles-shared//app-adresse-etalab//app-vls-ts-etalab//div/input' in '5' second(s)

2023-11-24 12:24:23 - [MESSAGE][INFO] - Smart Wait Function is triggered

2023-11-24 12:24:23 - [MESSAGE][INFO] - Smart Wait Function is triggered

2023-11-24 12:24:23 - [MESSAGE][INFO] - Smart Wait Function is triggered

2023-11-24 12:24:23 - [MESSAGE][INFO] - Smart Wait Function is triggered

2023-11-24 12:24:24 - [MESSAGE][INFO] - Smart Wait Function is triggered

2023-11-24 12:24:24 - [MESSAGE][INFO] - Smart Wait Function is triggered

2023-11-24 12:24:24 - [MESSAGE][INFO] - Smart Wait Function is triggered

2023-11-24 12:24:24 - [MESSAGE][INFO] - Smart Wait Function is triggered

2023-11-24 12:24:24 - [MESSAGE][INFO] - Smart Wait Function is triggered

2023-11-24 12:24:24 - [MESSAGE][INFO] - Smart Wait Function is triggered

2023-11-24 12:24:24 - [MESSAGE][INFO] - Smart Wait Function is triggered

2023-11-24 12:24:24 - [MESSAGE][INFO] - Smart Wait Function is triggered

2023-11-24 12:24:24 - [MESSAGE][INFO] - Smart Wait Function is triggered

2023-11-24 12:24:24 - [MESSAGE][INFO] - Smart Wait Function is triggered

2023-11-24 12:24:24 - [MESSAGE][INFO] - Smart Wait Function is triggered

2023-11-24 12:24:24 - [MESSAGE][INFO] - Smart Wait Function is triggered

2023-11-24 12:24:24 - [MESSAGE][INFO] - Smart Wait Function is triggered

2023-11-24 12:24:24 - [MESSAGE][INFO] - Smart Wait Function is triggered

2023-11-24 12:24:24 - [MESSAGE][INFO] - Smart Wait Function is triggered

2023-11-24 12:24:24 - [MESSAGE][INFO] - Smart Wait Function is triggered

2023-11-24 12:24:24 - [MESSAGE][INFO] - Smart Wait Function is triggered

2023-11-24 12:24:24 - [MESSAGE][INFO] - Smart Wait Function is triggered

2023-11-24 12:24:24 - [MESSAGE][INFO] - Smart Wait Function is triggered

2023-11-24 12:24:24 - [MESSAGE][INFO] - Smart Wait Function is triggered

2023-11-24 12:24:24 - [MESSAGE][INFO] - Smart Wait Function is triggered

2023-11-24 12:24:24 - [MESSAGE][INFO] - Smart Wait Function is triggered

2023-11-24 12:24:24 - [MESSAGE][INFO] - Smart Wait Function is triggered

2023-11-24 12:24:24 - [MESSAGE][INFO] - Smart Wait Function is triggered

2023-11-24 12:24:24 - [MESSAGE][INFO] - Smart Wait Function is triggered

2023-11-24 12:24:24 - [MESSAGE][INFO] - Smart Wait Function is triggered

2023-11-24 12:24:24 - [MESSAGE][INFO] - Smart Wait Function is triggered

2023-11-24 12:24:24 - [MESSAGE][INFO] - Smart Wait Function is triggered

2023-11-24 12:24:24 - [MESSAGE][INFO] - Smart Wait Function is triggered

2023-11-24 12:24:24 - [MESSAGE][INFO] - Smart Wait Function is triggered

2023-11-24 12:24:25 - [MESSAGE][INFO] - Smart Wait Function is triggered

2023-11-24 12:24:25 - [MESSAGE][INFO] - Smart Wait Function is triggered

2023-11-24 12:24:25 - [MESSAGE][INFO] - Smart Wait Function is triggered

2023-11-24 12:24:25 - [MESSAGE][INFO] - Smart Wait Function is triggered

2023-11-24 12:24:25 - [MESSAGE][INFO] - Smart Wait Function is triggered

2023-11-24 12:24:25 - [MESSAGE][INFO] - Smart Wait Function is triggered

2023-11-24 12:24:25 - [MESSAGE][INFO] - Smart Wait Function is triggered

2023-11-24 12:24:25 - [MESSAGE][INFO] - Smart Wait Function is triggered

2023-11-24 12:24:25 - [MESSAGE][INFO] - Smart Wait Function is triggered

2023-11-24 12:24:25 - [MESSAGE][INFO] - Smart Wait Function is triggered

2023-11-24 12:24:25 - [MESSAGE][INFO] - Smart Wait Function is triggered

2023-11-24 12:24:25 - [MESSAGE][INFO] - Smart Wait Function is triggered

2023-11-24 12:24:25 - [MESSAGE][INFO] - Smart Wait Function is triggered

2023-11-24 12:24:25 - [MESSAGE][INFO] - Smart Wait Function is triggered

2023-11-24 12:24:25 - [MESSAGE][INFO] - Smart Wait Function is triggered

2023-11-24 12:24:25 - [MESSAGE][INFO] - Smart Wait Function is triggered

2023-11-24 12:24:25 - [MESSAGE][INFO] - Smart Wait Function is triggered

2023-11-24 12:24:25 - [MESSAGE][INFO] - Smart Wait Function is triggered

2023-11-24 12:24:25 - [MESSAGE][INFO] - Smart Wait Function is triggered

2023-11-24 12:24:25 - [MESSAGE][INFO] - Smart Wait Function is triggered

2023-11-24 12:24:25 - [MESSAGE][INFO] - Smart Wait Function is triggered

2023-11-24 12:24:25 - [MESSAGE][INFO] - Smart Wait Function is triggered

2023-11-24 12:24:25 - [MESSAGE][INFO] - Smart Wait Function is triggered

2023-11-24 12:24:25 - [MESSAGE][INFO] - Smart Wait Function is triggered

2023-11-24 12:24:25 - [MESSAGE][INFO] - Smart Wait Function is triggered

2023-11-24 12:24:25 - [MESSAGE][INFO] - Smart Wait Function is triggered

2023-11-24 12:24:25 - [MESSAGE][INFO] - Smart Wait Function is triggered

2023-11-24 12:24:25 - [MESSAGE][INFO] - Smart Wait Function is triggered

2023-11-24 12:24:25 - [MESSAGE][INFO] - Smart Wait Function is triggered

2023-11-24 12:24:25 - [MESSAGE][INFO] - Smart Wait Function is triggered

2023-11-24 12:24:25 - [MESSAGE][INFO] - Smart Wait Function is triggered

2023-11-24 12:24:26 - [MESSAGE][INFO] - Smart Wait Function is triggered

2023-11-24 12:24:26 - [MESSAGE][INFO] - Smart Wait Function is triggered

2023-11-24 12:24:26 - [MESSAGE][INFO] - Smart Wait Function is triggered

2023-11-24 12:24:26 - [MESSAGE][INFO] - Smart Wait Function is triggered

2023-11-24 12:24:26 - [MESSAGE][INFO] - Smart Wait Function is triggered

2023-11-24 12:24:26 - [MESSAGE][INFO] - Smart Wait Function is triggered

2023-11-24 12:24:26 - [MESSAGE][INFO] - Smart Wait Function is triggered

2023-11-24 12:24:26 - [MESSAGE][INFO] - Smart Wait Function is triggered

2023-11-24 12:24:26 - [MESSAGE][INFO] - Smart Wait Function is triggered

2023-11-24 12:24:26 - [MESSAGE][INFO] - Smart Wait Function is triggered

2023-11-24 12:24:26 - [MESSAGE][INFO] - Smart Wait Function is triggered

2023-11-24 12:24:26 - [MESSAGE][INFO] - Smart Wait Function is triggered

2023-11-24 12:24:26 - [MESSAGE][INFO] - Smart Wait Function is triggered

2023-11-24 12:24:26 - [MESSAGE][INFO] - Smart Wait Function is triggered

2023-11-24 12:24:26 - [MESSAGE][INFO] - Smart Wait Function is triggered

2023-11-24 12:24:26 - [MESSAGE][INFO] - Smart Wait Function is triggered

2023-11-24 12:24:26 - [MESSAGE][INFO] - Smart Wait Function is triggered

2023-11-24 12:24:26 - [MESSAGE][INFO] - Smart Wait Function is triggered

2023-11-24 12:24:26 - [MESSAGE][INFO] - Smart Wait Function is triggered

2023-11-24 12:24:26 - [MESSAGE][INFO] - Smart Wait Function is triggered

2023-11-24 12:24:26 - [MESSAGE][INFO] - Smart Wait Function is triggered

2023-11-24 12:24:26 - [MESSAGE][INFO] - Smart Wait Function is triggered

2023-11-24 12:24:26 - [MESSAGE][INFO] - Smart Wait Function is triggered

2023-11-24 12:24:26 - [MESSAGE][INFO] - Smart Wait Function is triggered

2023-11-24 12:24:26 - [MESSAGE][INFO] - Smart Wait Function is triggered

2023-11-24 12:24:26 - [MESSAGE][INFO] - Smart Wait Function is triggered

2023-11-24 12:24:26 - [MESSAGE][INFO] - Smart Wait Function is triggered

2023-11-24 12:24:26 - [MESSAGE][INFO] - Smart Wait Function is triggered

2023-11-24 12:24:26 - [MESSAGE][INFO] - Smart Wait Function is triggered

2023-11-24 12:24:26 - [MESSAGE][INFO] - Smart Wait Function is triggered

2023-11-24 12:24:26 - [MESSAGE][INFO] - Smart Wait Function is triggered

2023-11-24 12:24:27 - [MESSAGE][INFO] - Smart Wait Function is triggered

2023-11-24 12:24:27 - [MESSAGE][INFO] - Smart Wait Function is triggered

2023-11-24 12:24:27 - [MESSAGE][INFO] - Smart Wait Function is triggered

2023-11-24 12:24:27 - [MESSAGE][INFO] - Smart Wait Function is triggered

2023-11-24 12:24:27 - [MESSAGE][INFO] - Smart Wait Function is triggered

2023-11-24 12:24:27 - [MESSAGE][INFO] - Smart Wait Function is triggered

2023-11-24 12:24:27 - [MESSAGE][INFO] - Smart Wait Function is triggered

2023-11-24 12:24:27 - [MESSAGE][INFO] - Smart Wait Function is triggered

2023-11-24 12:24:27 - [MESSAGE][INFO] - Smart Wait Function is triggered

2023-11-24 12:24:27 - [MESSAGE][INFO] - Smart Wait Function is triggered

2023-11-24 12:24:27 - [MESSAGE][INFO] - Smart Wait Function is triggered

2023-11-24 12:24:27 - [MESSAGE][INFO] - Smart Wait Function is triggered

2023-11-24 12:24:27 - [MESSAGE][INFO] - Smart Wait Function is triggered

2023-11-24 12:24:27 - [MESSAGE][INFO] - Smart Wait Function is triggered

2023-11-24 12:24:27 - [MESSAGE][INFO] - Smart Wait Function is triggered

2023-11-24 12:24:27 - [MESSAGE][INFO] - Smart Wait Function is triggered

2023-11-24 12:24:27 - [MESSAGE][INFO] - Smart Wait Function is triggered

2023-11-24 12:24:27 - [MESSAGE][INFO] - Smart Wait Function is triggered

2023-11-24 12:24:27 - [MESSAGE][INFO] - Smart Wait Function is triggered

2023-11-24 12:24:27 - [MESSAGE][INFO] - Smart Wait Function is triggered

2023-11-24 12:24:27 - [MESSAGE][INFO] - Smart Wait Function is triggered

2023-11-24 12:24:27 - [MESSAGE][INFO] - Smart Wait Function is triggered

2023-11-24 12:24:27 - [MESSAGE][INFO] - Smart Wait Function is triggered

2023-11-24 12:24:27 - [MESSAGE][INFO] - Smart Wait Function is triggered

2023-11-24 12:24:27 - [MESSAGE][INFO] - Smart Wait Function is triggered

2023-11-24 12:24:27 - [MESSAGE][INFO] - Smart Wait Function is triggered

2023-11-24 12:24:27 - [MESSAGE][INFO] - Smart Wait Function is triggered

2023-11-24 12:24:27 - [MESSAGE][INFO] - Smart Wait Function is triggered

2023-11-24 12:24:27 - [MESSAGE][INFO] - Smart Wait Function is triggered

2023-11-24 12:24:27 - [MESSAGE][INFO] - Smart Wait Function is triggered

2023-11-24 12:24:27 - [MESSAGE][INFO] - Smart Wait Function is triggered

2023-11-24 12:24:28 - [MESSAGE][INFO] - Smart Wait Function is triggered

2023-11-24 12:24:28 - [MESSAGE][INFO] - Smart Wait Function is triggered

2023-11-24 12:24:28 - [MESSAGE][INFO] - Smart Wait Function is triggered

2023-11-24 12:24:28 - [MESSAGE][INFO] - Smart Wait Function is triggered

2023-11-24 12:24:28 - [MESSAGE][INFO] - Smart Wait Function is triggered

2023-11-24 12:24:28 - [MESSAGE][INFO] - Smart Wait Function is triggered

2023-11-24 12:24:28 - [MESSAGE][INFO] - Smart Wait Function is triggered

2023-11-24 12:24:28 - [MESSAGE][INFO] - Smart Wait Function is triggered

2023-11-24 12:24:28 - [MESSAGE][INFO] - Smart Wait Function is triggered

2023-11-24 12:24:28 - [MESSAGE][INFO] - Smart Wait Function is triggered

2023-11-24 12:24:28 - [MESSAGE][INFO] - Smart Wait Function is triggered

2023-11-24 12:24:28 - [MESSAGE][INFO] - Smart Wait Function is triggered

2023-11-24 12:24:28 - [MESSAGE][INFO] - Smart Wait Function is triggered

2023-11-24 12:24:28 - [MESSAGE][INFO] - Smart Wait Function is triggered

2023-11-24 12:24:28 - [MESSAGE][INFO] - Smart Wait Function is triggered

2023-11-24 12:24:28 - [MESSAGE][INFO] - Smart Wait Function is triggered

2023-11-24 12:24:28 - [MESSAGE][INFO] - Smart Wait Function is triggered

2023-11-24 12:24:28 - [MESSAGE][INFO] - Smart Wait Function is triggered

2023-11-24 12:24:28 - [MESSAGE][INFO] - Smart Wait Function is triggered

2023-11-24 12:24:28 - [MESSAGE][INFO] - Smart Wait Function is triggered

2023-11-24 12:24:28 - [MESSAGE][INFO] - Smart Wait Function is triggered

2023-11-24 12:24:28 - [MESSAGE][INFO] - Smart Wait Function is triggered

2023-11-24 12:24:28 - [MESSAGE][INFO] - Smart Wait Function is triggered

2023-11-24 12:24:28 - [MESSAGE][INFO] - Smart Wait Function is triggered

2023-11-24 12:24:28 - [MESSAGE][INFO] - Smart Wait Function is triggered

2023-11-24 12:24:28 - [MESSAGE][INFO] - Smart Wait Function is triggered

2023-11-24 12:24:28 - [MESSAGE][INFO] - Smart Wait Function is triggered

2023-11-24 12:24:28 - [MESSAGE][INFO] - Smart Wait Function is triggered

2023-11-24 12:24:28 - [MESSAGE][INFO] - Smart Wait Function is triggered

2023-11-24 12:24:28 - [MESSAGE][INFO] - Smart Wait Function is triggered

2023-11-24 12:24:28 - [MESSAGE][INFO] - Smart Wait Function is triggered

2023-11-24 12:24:28 - [MESSAGE][INFO] - Smart Wait Function is triggered

2023-11-24 12:24:29 - [MESSAGE][INFO] - Smart Wait Function is triggered

2023-11-24 12:24:29 - [MESSAGE][INFO] - Smart Wait Function is triggered

2023-11-24 12:24:29 - [MESSAGE][INFO] - Smart Wait Function is triggered

2023-11-24 12:24:29 - [MESSAGE][INFO] - Smart Wait Function is triggered

2023-11-24 12:24:29 - [MESSAGE][INFO] - Smart Wait Function is triggered

2023-11-24 12:24:29 - [MESSAGE][INFO] - Smart Wait Function is triggered

2023-11-24 12:24:29 - [MESSAGE][INFO] - Smart Wait Function is triggered

2023-11-24 12:24:29 - [MESSAGE][INFO] - Smart Wait Function is triggered

2023-11-24 12:24:29 - [MESSAGE][INFO] - Smart Wait Function is triggered

2023-11-24 12:24:29 - [MESSAGE][INFO] - Smart Wait Function is triggered

2023-11-24 12:24:29 - [MESSAGE][INFO] - Smart Wait Function is triggered

2023-11-24 12:24:29 - [MESSAGE][INFO] - Smart Wait Function is triggered

2023-11-24 12:24:29 - [MESSAGE][INFO] - Smart Wait Function is triggered

2023-11-24 12:24:29 - [MESSAGE][INFO] - Smart Wait Function is triggered

2023-11-24 12:24:29 - [MESSAGE][INFO] - Smart Wait Function is triggered

2023-11-24 12:24:29 - [MESSAGE][INFO] - Smart Wait Function is triggered

2023-11-24 12:24:29 - [MESSAGE][INFO] - Smart Wait Function is triggered

2023-11-24 12:24:29 - [MESSAGE][INFO] - Smart Wait Function is triggered

2023-11-24 12:24:29 - [MESSAGE][INFO] - Smart Wait Function is triggered

2023-11-24 12:24:29 - [MESSAGE][INFO] - Smart Wait Function is triggered

2023-11-24 12:24:29 - [MESSAGE][INFO] - Smart Wait Function is triggered

2023-11-24 12:24:29 - [MESSAGE][INFO] - Smart Wait Function is triggered

2023-11-24 12:24:29 - [MESSAGE][INFO] - Smart Wait Function is triggered

2023-11-24 12:24:29 - [MESSAGE][INFO] - Smart Wait Function is triggered

2023-11-24 12:24:29 - [MESSAGE][INFO] - Smart Wait Function is triggered

2023-11-24 12:24:29 - [MESSAGE][INFO] - Smart Wait Function is triggered

2023-11-24 12:24:29 - [MESSAGE][INFO] - Smart Wait Function is triggered

2023-11-24 12:24:29 - [MESSAGE][INFO] - Unable to find the element located by 'By.xpath: //app-informations-personnelles//app-adresse-etalab//app-vls-ts-etalab//div/input|//app-informations-personnelles-shared//app-adresse-etalab//app-vls-ts-etalab//div/input'. Please recheck the objects properties to make sure the desired element is located. 

2023-11-24 12:24:30 - [MESSAGE][FAILED] - Unable to set text '3 rue des 3 moulins 77000 melun' of object 'Object Repository/Page_InformationPersonnelles_Usager/Input_AdresseUsager' (Root cause: com.kms.katalon.core.exception.StepFailedException: Unable to set text '3 rue des 3 moulins 77000 melun' of object 'Object Repository/Page_InformationPersonnelles_Usager/Input_AdresseUsager'
	at com.kms.katalon.core.webui.keyword.internal.WebUIKeywordMain.stepFailed(WebUIKeywordMain.groovy:64)
	at com.kms.katalon.core.webui.keyword.internal.WebUIKeywordMain.runKeyword(WebUIKeywordMain.groovy:26)
	at com.kms.katalon.core.webui.keyword.builtin.SetTextKeyword.setText(SetTextKeyword.groovy:66)
	at com.kms.katalon.core.webui.keyword.builtin.SetTextKeyword.execute(SetTextKeyword.groovy:37)
	at com.kms.katalon.core.keyword.internal.KeywordExecutor.executeKeywordForPlatform(KeywordExecutor.groovy:74)
	at com.kms.katalon.core.webui.keyword.WebUiBuiltInKeywords.setText(WebUiBuiltInKeywords.groovy:980)
	at com.kazurayam.ksbackyard.HighlightElement$_pandemic_closure1.doCall(HighlightElement.groovy:105)
	at FormulaireInformationsPersonnelles.run(FormulaireInformationsPersonnelles:41)
	at com.kms.katalon.core.main.ScriptEngine.run(ScriptEngine.java:194)
	at com.kms.katalon.core.main.ScriptEngine.runScriptAsRawText(ScriptEngine.java:119)
	at com.kms.katalon.core.main.TestCaseExecutor.runScript(TestCaseExecutor.java:448)
	at com.kms.katalon.core.main.TestCaseExecutor.doExecute(TestCaseExecutor.java:439)
	at com.kms.katalon.core.main.TestCaseExecutor.processExecutionPhase(TestCaseExecutor.java:418)
	at com.kms.katalon.core.main.TestCaseExecutor.accessMainPhase(TestCaseExecutor.java:410)
	at com.kms.katalon.core.main.TestCaseExecutor.execute(TestCaseExecutor.java:285)
	at com.kms.katalon.core.main.TestCaseMain.runTestCase(TestCaseMain.java:144)
	at com.kms.katalon.core.keyword.builtin.CallTestCaseKeyword$_callTestCase_closure1.doCall(CallTestCaseKeyword.groovy:59)
	at com.kms.katalon.core.keyword.builtin.CallTestCaseKeyword$_callTestCase_closure1.call(CallTestCaseKeyword.groovy)
	at com.kms.katalon.core.keyword.internal.KeywordMain.runKeyword(KeywordMain.groovy:75)
	at com.kms.katalon.core.keyword.builtin.CallTestCaseKeyword.callTestCase(CallTestCaseKeyword.groovy:81)
	at com.kms.katalon.core.keyword.builtin.CallTestCaseKeyword.execute(CallTestCaseKeyword.groovy:44)
	at com.kms.katalon.core.keyword.internal.KeywordExecutor.executeKeywordForPlatform(KeywordExecutor.groovy:74)
	at com.kms.katalon.core.keyword.BuiltinKeywords.callTestCase(BuiltinKeywords.groovy:310)
	at com.kazurayam.ksbackyard.HighlightElement$_pandemic_closure1.doCall(HighlightElement.groovy:105)
	at TNR R.TSPT Supp90-Etudiant.run(TNR R.TSPT Supp90-Etudiant:47)
	at com.kms.katalon.core.main.ScriptEngine.run(ScriptEngine.java:194)
	at com.kms.katalon.core.main.ScriptEngine.runScriptAsRawText(ScriptEngine.java:119)
	at com.kms.katalon.core.main.TestCaseExecutor.runScript(TestCaseExecutor.java:448)
	at com.kms.katalon.core.main.TestCaseExecutor.doExecute(TestCaseExecutor.java:439)
	at com.kms.katalon.core.main.TestCaseExecutor.processExecutionPhase(TestCaseExecutor.java:418)
	at com.kms.katalon.core.main.TestCaseExecutor.accessMainPhase(TestCaseExecutor.java:410)
	at com.kms.katalon.core.main.TestCaseExecutor.execute(TestCaseExecutor.java:285)
	at com.kms.katalon.core.common.CommonExecutor.accessTestCaseMainPhase(CommonExecutor.java:65)
	at com.kms.katalon.core.main.TestSuiteExecutor.accessTestSuiteMainPhase(TestSuiteExecutor.java:148)
	at com.kms.katalon.core.main.TestSuiteExecutor.execute(TestSuiteExecutor.java:106)
	at com.kms.katalon.core.main.TestCaseMain.startTestSuite(TestCaseMain.java:187)
	at com.kms.katalon.core.main.TestCaseMain$startTestSuite$0.call(Unknown Source)
	at TempTestSuite1700824657414.run(TempTestSuite1700824657414.groovy:36)
Caused by: com.kms.katalon.core.webui.exception.WebElementNotFoundException: Web element with id: 'Object Repository/Page_InformationPersonnelles_Usager/Input_AdresseUsager' located by '//app-informations-personnelles//app-adresse-etalab//app-vls-ts-etalab//div/input|//app-informations-personnelles-shared//app-adresse-etalab//app-vls-ts-etalab//div/input' not found
	at com.kms.katalon.core.webui.common.WebUiCommonHelper.findWebElement(WebUiCommonHelper.java:1381)
	at com.kms.katalon.core.webui.keyword.internal.WebUIAbstractKeyword.findWebElement(WebUIAbstractKeyword.groovy:27)
	at com.kms.katalon.core.webui.keyword.internal.WebUIAbstractKeyword.findWebElement(WebUIAbstractKeyword.groovy:26)
	at com.kms.katalon.core.webui.keyword.builtin.SetTextKeyword$_setText_closure1.doCall(SetTextKeyword.groovy:51)
	at com.kms.katalon.core.webui.keyword.builtin.SetTextKeyword$_setText_closure1.call(SetTextKeyword.groovy)
	at com.kms.katalon.core.webui.keyword.internal.WebUIKeywordMain.runKeyword(WebUIKeywordMain.groovy:20)
	at com.kms.katalon.core.webui.keyword.builtin.SetTextKeyword.setText(SetTextKeyword.groovy:66)
	at com.kms.katalon.core.webui.keyword.builtin.SetTextKeyword.execute(SetTextKeyword.groovy:37)
	at com.kms.katalon.core.keyword.internal.KeywordExecutor.executeKeywordForPlatform(KeywordExecutor.groovy:74)
	at com.kms.katalon.core.webui.keyword.WebUiBuiltInKeywords.setText(WebUiBuiltInKeywords.groovy:980)
	at com.kazurayam.ksbackyard.HighlightElement$_pandemic_closure1.doCall(HighlightElement.groovy:105)
	at Script1695813884742.run(Script1695813884742.groovy:41)
	at com.kms.katalon.core.main.ScriptEngine.run(ScriptEngine.java:194)
	at com.kms.katalon.core.main.ScriptEngine.runScriptAsRawText(ScriptEngine.java:119)
	at com.kms.katalon.core.main.TestCaseExecutor.runScript(TestCaseExecutor.java:448)
	at com.kms.katalon.core.main.TestCaseExecutor.doExecute(TestCaseExecutor.java:439)
	at com.kms.katalon.core.main.TestCaseExecutor.processExecutionPhase(TestCaseExecutor.java:418)
	at com.kms.katalon.core.main.TestCaseExecutor.accessMainPhase(TestCaseExecutor.java:410)
	at com.kms.katalon.core.main.TestCaseExecutor.execute(TestCaseExecutor.java:285)
	at com.kms.katalon.core.main.TestCaseMain.runTestCase(TestCaseMain.java:144)
	at com.kms.katalon.core.keyword.builtin.CallTestCaseKeyword$_callTestCase_closure1.doCall(CallTestCaseKeyword.groovy:59)
	at com.kms.katalon.core.keyword.builtin.CallTestCaseKeyword$_callTestCase_closure1.call(CallTestCaseKeyword.groovy)
	at com.kms.katalon.core.keyword.internal.KeywordMain.runKeyword(KeywordMain.groovy:75)
	at com.kms.katalon.core.keyword.builtin.CallTestCaseKeyword.callTestCase(CallTestCaseKeyword.groovy:81)
	at com.kms.katalon.core.keyword.builtin.CallTestCaseKeyword.execute(CallTestCaseKeyword.groovy:44)
	at com.kms.katalon.core.keyword.internal.KeywordExecutor.executeKeywordForPlatform(KeywordExecutor.groovy:74)
	at com.kms.katalon.core.keyword.BuiltinKeywords.callTestCase(BuiltinKeywords.groovy:310)
	at com.kazurayam.ksbackyard.HighlightElement$_pandemic_closure1.doCall(HighlightElement.groovy:105)
	at Script1697546404945.run(Script1697546404945.groovy:47)
	... 13 more
)
[[ATTACHMENT|C:\\Users\\ISSAM.RHARBAOUI\\git\\22_11\\ANEF-AutomatizationProject\\Reports\\20231124_121737\\TS_TNR_R.TSPT_Suppo90\\20231124_121737\\1700825069879.png]]

2023-11-24 12:24:30 - [MESSAGE][FAILED] - Unable to call Test Case 'Test Cases/Test Reutilisable/DemandeOuRenouvelle_TitreSejour/FormulaireInformationsPersonnelles' (Root cause: com.kms.katalon.core.exception.StepFailedException: Call Test Case 'Test Cases/Test Reutilisable/DemandeOuRenouvelle_TitreSejour/FormulaireInformationsPersonnelles' failed
	at com.kms.katalon.core.keyword.builtin.CallTestCaseKeyword$_callTestCase_closure1.doCall(CallTestCaseKeyword.groovy:63)
	at com.kms.katalon.core.keyword.builtin.CallTestCaseKeyword$_callTestCase_closure1.call(CallTestCaseKeyword.groovy)
	at com.kms.katalon.core.keyword.internal.KeywordMain.runKeyword(KeywordMain.groovy:75)
	at com.kms.katalon.core.keyword.builtin.CallTestCaseKeyword.callTestCase(CallTestCaseKeyword.groovy:81)
	at com.kms.katalon.core.keyword.builtin.CallTestCaseKeyword.execute(CallTestCaseKeyword.groovy:44)
	at com.kms.katalon.core.keyword.internal.KeywordExecutor.executeKeywordForPlatform(KeywordExecutor.groovy:74)
	at com.kms.katalon.core.keyword.BuiltinKeywords.callTestCase(BuiltinKeywords.groovy:310)
	at com.kazurayam.ksbackyard.HighlightElement$_pandemic_closure1.doCall(HighlightElement.groovy:105)
	at TNR R.TSPT Supp90-Etudiant.run(TNR R.TSPT Supp90-Etudiant:47)
	at com.kms.katalon.core.main.ScriptEngine.run(ScriptEngine.java:194)
	at com.kms.katalon.core.main.ScriptEngine.runScriptAsRawText(ScriptEngine.java:119)
	at com.kms.katalon.core.main.TestCaseExecutor.runScript(TestCaseExecutor.java:448)
	at com.kms.katalon.core.main.TestCaseExecutor.doExecute(TestCaseExecutor.java:439)
	at com.kms.katalon.core.main.TestCaseExecutor.processExecutionPhase(TestCaseExecutor.java:418)
	at com.kms.katalon.core.main.TestCaseExecutor.accessMainPhase(TestCaseExecutor.java:410)
	at com.kms.katalon.core.main.TestCaseExecutor.execute(TestCaseExecutor.java:285)
	at com.kms.katalon.core.common.CommonExecutor.accessTestCaseMainPhase(CommonExecutor.java:65)
	at com.kms.katalon.core.main.TestSuiteExecutor.accessTestSuiteMainPhase(TestSuiteExecutor.java:148)
	at com.kms.katalon.core.main.TestSuiteExecutor.execute(TestSuiteExecutor.java:106)
	at com.kms.katalon.core.main.TestCaseMain.startTestSuite(TestCaseMain.java:187)
	at com.kms.katalon.core.main.TestCaseMain$startTestSuite$0.call(Unknown Source)
	at TempTestSuite1700824657414.run(TempTestSuite1700824657414.groovy:36)
Caused by: com.kms.katalon.core.exception.StepFailedException: Unable to set text '3 rue des 3 moulins 77000 melun' of object 'Object Repository/Page_InformationPersonnelles_Usager/Input_AdresseUsager'
	at com.kms.katalon.core.webui.keyword.internal.WebUIKeywordMain.stepFailed(WebUIKeywordMain.groovy:64)
	at com.kms.katalon.core.webui.keyword.internal.WebUIKeywordMain.runKeyword(WebUIKeywordMain.groovy:26)
	at com.kms.katalon.core.webui.keyword.builtin.SetTextKeyword.setText(SetTextKeyword.groovy:66)
	at com.kms.katalon.core.webui.keyword.builtin.SetTextKeyword.execute(SetTextKeyword.groovy:37)
	at com.kms.katalon.core.keyword.internal.KeywordExecutor.executeKeywordForPlatform(KeywordExecutor.groovy:74)
	at com.kms.katalon.core.webui.keyword.WebUiBuiltInKeywords.setText(WebUiBuiltInKeywords.groovy:980)
	at com.kazurayam.ksbackyard.HighlightElement$_pandemic_closure1.doCall(HighlightElement.groovy:105)
	at FormulaireInformationsPersonnelles.run(FormulaireInformationsPersonnelles:41)
	at com.kms.katalon.core.main.ScriptEngine.run(ScriptEngine.java:194)
	at com.kms.katalon.core.main.ScriptEngine.runScriptAsRawText(ScriptEngine.java:119)
	at com.kms.katalon.core.main.TestCaseExecutor.runScript(TestCaseExecutor.java:448)
	at com.kms.katalon.core.main.TestCaseExecutor.doExecute(TestCaseExecutor.java:439)
	at com.kms.katalon.core.main.TestCaseExecutor.processExecutionPhase(TestCaseExecutor.java:418)
	at com.kms.katalon.core.main.TestCaseExecutor.accessMainPhase(TestCaseExecutor.java:410)
	at com.kms.katalon.core.main.TestCaseExecutor.execute(TestCaseExecutor.java:285)
	at com.kms.katalon.core.main.TestCaseMain.runTestCase(TestCaseMain.java:144)
	at com.kms.katalon.core.keyword.builtin.CallTestCaseKeyword$_callTestCase_closure1.doCall(CallTestCaseKeyword.groovy:59)
	... 21 more
Caused by: com.kms.katalon.core.webui.exception.WebElementNotFoundException: Web element with id: 'Object Repository/Page_InformationPersonnelles_Usager/Input_AdresseUsager' located by '//app-informations-personnelles//app-adresse-etalab//app-vls-ts-etalab//div/input|//app-informations-personnelles-shared//app-adresse-etalab//app-vls-ts-etalab//div/input' not found
	at com.kms.katalon.core.webui.common.WebUiCommonHelper.findWebElement(WebUiCommonHelper.java:1381)
	at com.kms.katalon.core.webui.keyword.internal.WebUIAbstractKeyword.findWebElement(WebUIAbstractKeyword.groovy:27)
	at com.kms.katalon.core.webui.keyword.internal.WebUIAbstractKeyword.findWebElement(WebUIAbstractKeyword.groovy:26)
	at com.kms.katalon.core.webui.keyword.builtin.SetTextKeyword$_setText_closure1.doCall(SetTextKeyword.groovy:51)
	at com.kms.katalon.core.webui.keyword.builtin.SetTextKeyword$_setText_closure1.call(SetTextKeyword.groovy)
	at com.kms.katalon.core.webui.keyword.internal.WebUIKeywordMain.runKeyword(WebUIKeywordMain.groovy:20)
	... 36 more
)

2023-11-24 12:24:32 - [TEST_STEP][PASSED] - Video: Video recording for test case 'Test Cases/Cas D Utilisations/Usager Etudiant/TNR R.TSPT Supp90-Etudiant' .

2023-11-24 12:24:32 - [MESSAGE][INFO] - Video recording for test case 'Test Cases/Cas D Utilisations/Usager Etudiant/TNR R.TSPT Supp90-Etudiant' .]]></system-out>
         <system-err><![CDATA[2023-11-24 12:21:10 - [TEST_CASE][FAILED] - Test Cases/Cas D Utilisations/Usager Etudiant/TNR R.TSPT Supp90-Etudiant: Test Cases/Cas D Utilisations/Usager Etudiant/TNR R.TSPT Supp90-Etudiant FAILED.
Reason:
com.kms.katalon.core.exception.StepFailedException: Call Test Case 'Test Cases/Test Reutilisable/DemandeOuRenouvelle_TitreSejour/FormulaireInformationsPersonnelles' failed
	at com.kms.katalon.core.keyword.builtin.CallTestCaseKeyword$_callTestCase_closure1.doCall(CallTestCaseKeyword.groovy:63)
	at com.kms.katalon.core.keyword.builtin.CallTestCaseKeyword$_callTestCase_closure1.call(CallTestCaseKeyword.groovy)
	at com.kms.katalon.core.keyword.internal.KeywordMain.runKeyword(KeywordMain.groovy:75)
	at com.kms.katalon.core.keyword.builtin.CallTestCaseKeyword.callTestCase(CallTestCaseKeyword.groovy:81)
	at com.kms.katalon.core.keyword.builtin.CallTestCaseKeyword.execute(CallTestCaseKeyword.groovy:44)
	at com.kms.katalon.core.keyword.internal.KeywordExecutor.executeKeywordForPlatform(KeywordExecutor.groovy:74)
	at com.kms.katalon.core.keyword.BuiltinKeywords.callTestCase(BuiltinKeywords.groovy:310)
	at com.kazurayam.ksbackyard.HighlightElement$_pandemic_closure1.doCall(HighlightElement.groovy:105)
	at TNR R.TSPT Supp90-Etudiant.run(TNR R.TSPT Supp90-Etudiant:47)
	at com.kms.katalon.core.main.ScriptEngine.run(ScriptEngine.java:194)
	at com.kms.katalon.core.main.ScriptEngine.runScriptAsRawText(ScriptEngine.java:119)
	at com.kms.katalon.core.main.TestCaseExecutor.runScript(TestCaseExecutor.java:448)
	at com.kms.katalon.core.main.TestCaseExecutor.doExecute(TestCaseExecutor.java:439)
	at com.kms.katalon.core.main.TestCaseExecutor.processExecutionPhase(TestCaseExecutor.java:418)
	at com.kms.katalon.core.main.TestCaseExecutor.accessMainPhase(TestCaseExecutor.java:410)
	at com.kms.katalon.core.main.TestCaseExecutor.execute(TestCaseExecutor.java:285)
	at com.kms.katalon.core.common.CommonExecutor.accessTestCaseMainPhase(CommonExecutor.java:65)
	at com.kms.katalon.core.main.TestSuiteExecutor.accessTestSuiteMainPhase(TestSuiteExecutor.java:148)
	at com.kms.katalon.core.main.TestSuiteExecutor.execute(TestSuiteExecutor.java:106)
	at com.kms.katalon.core.main.TestCaseMain.startTestSuite(TestCaseMain.java:187)
	at com.kms.katalon.core.main.TestCaseMain$startTestSuite$0.call(Unknown Source)
	at TempTestSuite1700824657414.run(TempTestSuite1700824657414.groovy:36)
Caused by: com.kms.katalon.core.exception.StepFailedException: Unable to set text '3 rue des 3 moulins 77000 melun' of object 'Object Repository/Page_InformationPersonnelles_Usager/Input_AdresseUsager'
	at com.kms.katalon.core.webui.keyword.internal.WebUIKeywordMain.stepFailed(WebUIKeywordMain.groovy:64)
	at com.kms.katalon.core.webui.keyword.internal.WebUIKeywordMain.runKeyword(WebUIKeywordMain.groovy:26)
	at com.kms.katalon.core.webui.keyword.builtin.SetTextKeyword.setText(SetTextKeyword.groovy:66)
	at com.kms.katalon.core.webui.keyword.builtin.SetTextKeyword.execute(SetTextKeyword.groovy:37)
	at com.kms.katalon.core.keyword.internal.KeywordExecutor.executeKeywordForPlatform(KeywordExecutor.groovy:74)
	at com.kms.katalon.core.webui.keyword.WebUiBuiltInKeywords.setText(WebUiBuiltInKeywords.groovy:980)
	at com.kazurayam.ksbackyard.HighlightElement$_pandemic_closure1.doCall(HighlightElement.groovy:105)
	at FormulaireInformationsPersonnelles.run(FormulaireInformationsPersonnelles:41)
	at com.kms.katalon.core.main.ScriptEngine.run(ScriptEngine.java:194)
	at com.kms.katalon.core.main.ScriptEngine.runScriptAsRawText(ScriptEngine.java:119)
	at com.kms.katalon.core.main.TestCaseExecutor.runScript(TestCaseExecutor.java:448)
	at com.kms.katalon.core.main.TestCaseExecutor.doExecute(TestCaseExecutor.java:439)
	at com.kms.katalon.core.main.TestCaseExecutor.processExecutionPhase(TestCaseExecutor.java:418)
	at com.kms.katalon.core.main.TestCaseExecutor.accessMainPhase(TestCaseExecutor.java:410)
	at com.kms.katalon.core.main.TestCaseExecutor.execute(TestCaseExecutor.java:285)
	at com.kms.katalon.core.main.TestCaseMain.runTestCase(TestCaseMain.java:144)
	at com.kms.katalon.core.keyword.builtin.CallTestCaseKeyword$_callTestCase_closure1.doCall(CallTestCaseKeyword.groovy:59)
	... 21 more
Caused by: com.kms.katalon.core.webui.exception.WebElementNotFoundException: Web element with id: 'Object Repository/Page_InformationPersonnelles_Usager/Input_AdresseUsager' located by '//app-informations-personnelles//app-adresse-etalab//app-vls-ts-etalab//div/input|//app-informations-personnelles-shared//app-adresse-etalab//app-vls-ts-etalab//div/input' not found
	at com.kms.katalon.core.webui.common.WebUiCommonHelper.findWebElement(WebUiCommonHelper.java:1381)
	at com.kms.katalon.core.webui.keyword.internal.WebUIAbstractKeyword.findWebElement(WebUIAbstractKeyword.groovy:27)
	at com.kms.katalon.core.webui.keyword.internal.WebUIAbstractKeyword.findWebElement(WebUIAbstractKeyword.groovy:26)
	at com.kms.katalon.core.webui.keyword.builtin.SetTextKeyword$_setText_closure1.doCall(SetTextKeyword.groovy:51)
	at com.kms.katalon.core.webui.keyword.builtin.SetTextKeyword$_setText_closure1.call(SetTextKeyword.groovy)
	at com.kms.katalon.core.webui.keyword.internal.WebUIKeywordMain.runKeyword(WebUIKeywordMain.groovy:20)
	... 36 more]]></system-err>
      </testcase>
      <testcase name="Test Cases/Cas D Utilisations/Usager Etudiant/TNR R.TSPT Supp90-Etudiant" time="173.978" classname="Test Cases/Cas D Utilisations/Usager Etudiant/TNR R.TSPT Supp90-Etudiant" status="ERROR">
         <error type="ERROR" message="Test Cases/Cas D Utilisations/Usager Etudiant/TNR R.TSPT Supp90-Etudiant FAILED.
Reason:
com.kms.katalon.core.exception.StepErrorException: Call Test Case 'Test Cases/Test Reutilisable/DemandeOuRenouvelle_TitreSejour/FormulaireJustificatifs' failed because of error(s)
	at com.kms.katalon.core.keyword.builtin.CallTestCaseKeyword$_callTestCase_closure1.doCall(CallTestCaseKeyword.groovy:66)
	at com.kms.katalon.core.keyword.builtin.CallTestCaseKeyword$_callTestCase_closure1.call(CallTestCaseKeyword.groovy)
	at com.kms.katalon.core.keyword.internal.KeywordMain.runKeyword(KeywordMain.groovy:75)
	at com.kms.katalon.core.keyword.builtin.CallTestCaseKeyword.callTestCase(CallTestCaseKeyword.groovy:81)
	at com.kms.katalon.core.keyword.builtin.CallTestCaseKeyword.execute(CallTestCaseKeyword.groovy:44)
	at com.kms.katalon.core.keyword.internal.KeywordExecutor.executeKeywordForPlatform(KeywordExecutor.groovy:74)
	at com.kms.katalon.core.keyword.BuiltinKeywords.callTestCase(BuiltinKeywords.groovy:310)
	at com.kazurayam.ksbackyard.HighlightElement$_pandemic_closure1.doCall(HighlightElement.groovy:105)
	at TNR R.TSPT Supp90-Etudiant.run(TNR R.TSPT Supp90-Etudiant:62)
	at com.kms.katalon.core.main.ScriptEngine.run(ScriptEngine.java:194)
	at com.kms.katalon.core.main.ScriptEngine.runScriptAsRawText(ScriptEngine.java:119)
	at com.kms.katalon.core.main.TestCaseExecutor.runScript(TestCaseExecutor.java:448)
	at com.kms.katalon.core.main.TestCaseExecutor.doExecute(TestCaseExecutor.java:439)
	at com.kms.katalon.core.main.TestCaseExecutor.processExecutionPhase(TestCaseExecutor.java:418)
	at com.kms.katalon.core.main.TestCaseExecutor.accessMainPhase(TestCaseExecutor.java:410)
	at com.kms.katalon.core.main.TestCaseExecutor.execute(TestCaseExecutor.java:285)
	at com.kms.katalon.core.common.CommonExecutor.accessTestCaseMainPhase(CommonExecutor.java:65)
	at com.kms.katalon.core.main.TestSuiteExecutor.accessTestSuiteMainPhase(TestSuiteExecutor.java:148)
	at com.kms.katalon.core.main.TestSuiteExecutor.execute(TestSuiteExecutor.java:106)
	at com.kms.katalon.core.main.TestCaseMain.startTestSuite(TestCaseMain.java:187)
	at com.kms.katalon.core.main.TestCaseMain$startTestSuite$0.call(Unknown Source)
	at TempTestSuite1700824657414.run(TempTestSuite1700824657414.groovy:36)
Caused by: groovy.lang.MissingPropertyException: No such property: f for class: Script1695813884754
	at FormulaireJustificatifs.run(FormulaireJustificatifs:187)
	at com.kms.katalon.core.main.ScriptEngine.run(ScriptEngine.java:194)
	at com.kms.katalon.core.main.ScriptEngine.runScriptAsRawText(ScriptEngine.java:119)
	at com.kms.katalon.core.main.TestCaseExecutor.runScript(TestCaseExecutor.java:448)
	at com.kms.katalon.core.main.TestCaseExecutor.doExecute(TestCaseExecutor.java:439)
	at com.kms.katalon.core.main.TestCaseExecutor.processExecutionPhase(TestCaseExecutor.java:418)
	at com.kms.katalon.core.main.TestCaseExecutor.accessMainPhase(TestCaseExecutor.java:410)
	at com.kms.katalon.core.main.TestCaseExecutor.execute(TestCaseExecutor.java:285)
	at com.kms.katalon.core.main.TestCaseMain.runTestCase(TestCaseMain.java:144)
	at com.kms.katalon.core.keyword.builtin.CallTestCaseKeyword$_callTestCase_closure1.doCall(CallTestCaseKeyword.groovy:59)
	... 21 more
"/>
         <system-out><![CDATA[2023-11-24 12:24:32 - [TEST_CASE][ERROR] - Test Cases/Cas D Utilisations/Usager Etudiant/TNR R.TSPT Supp90-Etudiant: Test Cases/Cas D Utilisations/Usager Etudiant/TNR R.TSPT Supp90-Etudiant FAILED.
Reason:
com.kms.katalon.core.exception.StepErrorException: Call Test Case 'Test Cases/Test Reutilisable/DemandeOuRenouvelle_TitreSejour/FormulaireJustificatifs' failed because of error(s)
	at com.kms.katalon.core.keyword.builtin.CallTestCaseKeyword$_callTestCase_closure1.doCall(CallTestCaseKeyword.groovy:66)
	at com.kms.katalon.core.keyword.builtin.CallTestCaseKeyword$_callTestCase_closure1.call(CallTestCaseKeyword.groovy)
	at com.kms.katalon.core.keyword.internal.KeywordMain.runKeyword(KeywordMain.groovy:75)
	at com.kms.katalon.core.keyword.builtin.CallTestCaseKeyword.callTestCase(CallTestCaseKeyword.groovy:81)
	at com.kms.katalon.core.keyword.builtin.CallTestCaseKeyword.execute(CallTestCaseKeyword.groovy:44)
	at com.kms.katalon.core.keyword.internal.KeywordExecutor.executeKeywordForPlatform(KeywordExecutor.groovy:74)
	at com.kms.katalon.core.keyword.BuiltinKeywords.callTestCase(BuiltinKeywords.groovy:310)
	at com.kazurayam.ksbackyard.HighlightElement$_pandemic_closure1.doCall(HighlightElement.groovy:105)
	at TNR R.TSPT Supp90-Etudiant.run(TNR R.TSPT Supp90-Etudiant:62)
	at com.kms.katalon.core.main.ScriptEngine.run(ScriptEngine.java:194)
	at com.kms.katalon.core.main.ScriptEngine.runScriptAsRawText(ScriptEngine.java:119)
	at com.kms.katalon.core.main.TestCaseExecutor.runScript(TestCaseExecutor.java:448)
	at com.kms.katalon.core.main.TestCaseExecutor.doExecute(TestCaseExecutor.java:439)
	at com.kms.katalon.core.main.TestCaseExecutor.processExecutionPhase(TestCaseExecutor.java:418)
	at com.kms.katalon.core.main.TestCaseExecutor.accessMainPhase(TestCaseExecutor.java:410)
	at com.kms.katalon.core.main.TestCaseExecutor.execute(TestCaseExecutor.java:285)
	at com.kms.katalon.core.common.CommonExecutor.accessTestCaseMainPhase(CommonExecutor.java:65)
	at com.kms.katalon.core.main.TestSuiteExecutor.accessTestSuiteMainPhase(TestSuiteExecutor.java:148)
	at com.kms.katalon.core.main.TestSuiteExecutor.execute(TestSuiteExecutor.java:106)
	at com.kms.katalon.core.main.TestCaseMain.startTestSuite(TestCaseMain.java:187)
	at com.kms.katalon.core.main.TestCaseMain$startTestSuite$0.call(Unknown Source)
	at TempTestSuite1700824657414.run(TempTestSuite1700824657414.groovy:36)
Caused by: groovy.lang.MissingPropertyException: No such property: f for class: Script1695813884754
	at FormulaireJustificatifs.run(FormulaireJustificatifs:187)
	at com.kms.katalon.core.main.ScriptEngine.run(ScriptEngine.java:194)
	at com.kms.katalon.core.main.ScriptEngine.runScriptAsRawText(ScriptEngine.java:119)
	at com.kms.katalon.core.main.TestCaseExecutor.runScript(TestCaseExecutor.java:448)
	at com.kms.katalon.core.main.TestCaseExecutor.doExecute(TestCaseExecutor.java:439)
	at com.kms.katalon.core.main.TestCaseExecutor.processExecutionPhase(TestCaseExecutor.java:418)
	at com.kms.katalon.core.main.TestCaseExecutor.accessMainPhase(TestCaseExecutor.java:410)
	at com.kms.katalon.core.main.TestCaseExecutor.execute(TestCaseExecutor.java:285)
	at com.kms.katalon.core.main.TestCaseMain.runTestCase(TestCaseMain.java:144)
	at com.kms.katalon.core.keyword.builtin.CallTestCaseKeyword$_callTestCase_closure1.doCall(CallTestCaseKeyword.groovy:59)
	... 21 more


2023-11-24 12:24:33 - [TEST_STEP][PASSED] - com.kazurayam.ksbackyard.HighlightElement.pandemic(): com.kazurayam.ksbackyard.HighlightElement.pandemic is PASSED

2023-11-24 12:24:33 - [MESSAGE][PASSED] - com.kazurayam.ksbackyard.HighlightElement.pandemic is PASSED

2023-11-24 12:24:33 - [TEST_STEP][PASSED] - callTestCase(findTestCase("Test Reutilisable/Main/Lancer URL ANEF"), ["Profiles":"Usager", "EnvExec":EnvExec], STOP_ON_FAILURE): Call Test Case 'Test Cases/Test Reutilisable/Main/Lancer URL ANEF' successfully

2023-11-24 12:24:33 - [MESSAGE][INFO] - Checking called Test Case

2023-11-24 12:24:33 - [MESSAGE][INFO] - Starting to call Test Case 'Test Cases/Test Reutilisable/Main/Lancer URL ANEF'

2023-11-24 12:24:33 - [TEST_CASE][PASSED] - Test Cases/Test Reutilisable/Main/Lancer URL ANEF: Test Cases/Test Reutilisable/Main/Lancer URL ANEF

2023-11-24 12:24:33 - [TEST_STEP][PASSED] - "RunConfiguration: getProjectDir for LogDriver ": null

2023-11-24 12:24:33 - [TEST_STEP][PASSED] - RunBrowserConfiguration = getExecutionProperties(): null

2023-11-24 12:24:33 - [TEST_STEP][PASSED] - DriverName = "": null

2023-11-24 12:24:33 - [TEST_STEP][PASSED] - openBrowser(""): Browser is opened with url: ''

2023-11-24 12:24:33 - [MESSAGE][INFO] - Opening browser

2023-11-24 12:24:33 - [MESSAGE][WARNING] - A browser is already opened. Closing browser and opening a new one

2023-11-24 12:24:34 - [MESSAGE][INFO] - Starting 'Chrome' driver

2023-11-24 12:24:34 - [MESSAGE][INFO] - User set preference: ['args', '[--incognito, --start-maximized, --remote-allow-origins=*]']

2023-11-24 12:24:34 - [MESSAGE][INFO] - User set preference: ['prefs', '{download.default_directory=${GlobalVariable.downloadPath}, download_dir=${GlobalVariable.downloadPath}, download.prompt_for_download=false}']

2023-11-24 12:24:34 - [MESSAGE][INFO] - User set preference: ['loggingPrefs', '{browser=ALL}']

2023-11-24 12:24:34 - [MESSAGE][INFO] - Action delay is set to 2 000 milliseconds

2023-11-24 12:24:36 - [MESSAGE][PASSED] - Browser is opened with url: ''

2023-11-24 12:24:36 - [TEST_STEP][PASSED] - driver = getWebDriver(): null

2023-11-24 12:24:36 - [TEST_STEP][PASSED] - wrappedDriver = driver.getWrappedDriver(): null

2023-11-24 12:24:36 - [TEST_STEP][PASSED] - out.println(wrappedDriver.getClass()): null

2023-11-24 12:24:36 - [TEST_STEP][PASSED] - if (class == com.kms.katalon.selenium.driver.CRemoteWebDriver): null

2023-11-24 12:24:36 - [TEST_STEP][PASSED] - else: null

2023-11-24 12:24:36 - [TEST_STEP][PASSED] - DriverName = get("WebUI").get("browserType"): null

2023-11-24 12:24:36 - [TEST_STEP][PASSED] - println("DriverName :" + DriverName): null

2023-11-24 12:24:36 - [TEST_STEP][PASSED] - println("Driverpath :" + RunBrowserConfiguration.get("drivers")): null

2023-11-24 12:24:36 - [TEST_STEP][PASSED] - DriverName = DriverName: null

2023-11-24 12:24:36 - [TEST_STEP][PASSED] - delay(medium_wait): Delayed 3 second(s)

2023-11-24 12:24:36 - [MESSAGE][INFO] - Delaying browser in 3 second(s)

2023-11-24 12:24:39 - [MESSAGE][PASSED] - Delayed 3 second(s)

2023-11-24 12:24:39 - [TEST_STEP][PASSED] - executedBrowser = getExecutedBrowser(): null

2023-11-24 12:24:39 - [TEST_STEP][PASSED] - if (Profiles == "Usager"): null

2023-11-24 12:24:39 - [TEST_STEP][PASSED] - switch (DriverName): null

2023-11-24 12:24:39 - [TEST_STEP][PASSED] - case "CHROME_DRIVER":: null

2023-11-24 12:24:39 - [TEST_STEP][PASSED] - if (EnvExec == "URL_ANEFQualif"): null

2023-11-24 12:24:39 - [TEST_STEP][PASSED] - if (EnvExec == "URL_ANEFPreProd"): Navigate to 'https://preprod.administration-etrangers-en-france.interieur.gouv.fr/particuliers/#/' successfully

2023-11-24 12:24:39 - [TEST_STEP][PASSED] - navigateToUrl(URL_ANEFPreProd): Navigate to 'https://preprod.administration-etrangers-en-france.interieur.gouv.fr/particuliers/#/' successfully

2023-11-24 12:24:39 - [MESSAGE][INFO] - Checking url

2023-11-24 12:24:39 - [MESSAGE][INFO] - Navigating to 'https://preprod.administration-etrangers-en-france.interieur.gouv.fr/particuliers/#/'

2023-11-24 12:24:57 - [MESSAGE][PASSED] - Navigate to 'https://preprod.administration-etrangers-en-france.interieur.gouv.fr/particuliers/#/' successfully

2023-11-24 12:24:57 - [TEST_STEP][PASSED] - maximizeWindow(): Current window maximized

2023-11-24 12:24:57 - [MESSAGE][INFO] - Maximizing current window

2023-11-24 12:24:57 - [MESSAGE][PASSED] - Current window maximized

2023-11-24 12:24:57 - [TEST_STEP][PASSED] - System.setProperty("webdriver.chrome.driver", getChromeDriverPath()): null

2023-11-24 12:24:57 - [TEST_STEP][PASSED] - System.setProperty("webdriver.chrome.logfile", getProjectDir() + "/Dump/chromedriver.log"): null

2023-11-24 12:24:57 - [TEST_STEP][PASSED] - callTestCase(findTestCase("Test Reutilisable/Main/Erreur lie a la confidentialite"), [:], STOP_ON_FAILURE): Call Test Case 'Test Cases/Test Reutilisable/Main/Erreur lie a la confidentialite' successfully

2023-11-24 12:24:57 - [MESSAGE][INFO] - Checking called Test Case

2023-11-24 12:24:57 - [MESSAGE][INFO] - Starting to call Test Case 'Test Cases/Test Reutilisable/Main/Erreur lie a la confidentialite'

2023-11-24 12:24:57 - [TEST_CASE][PASSED] - Test Cases/Test Reutilisable/Main/Erreur lie a la confidentialite: Test Cases/Test Reutilisable/Main/Erreur lie a la confidentialite

2023-11-24 12:24:57 - [TEST_STEP][PASSED] - tools.WaitForLoadedPage.waitForElementRendering(): tools.WaitForLoadedPage.waitForElementRendering is PASSED

2023-11-24 12:24:57 - [MESSAGE][PASSED] - tools.WaitForLoadedPage.waitForElementRendering is PASSED

2023-11-24 12:24:57 - [TEST_STEP][PASSED] - "Call Highlight.on() automatically": null

2023-11-24 12:24:57 - [TEST_STEP][PASSED] - DriverName = DriverName: null

2023-11-24 12:24:57 - [TEST_STEP][PASSED] - if (DriverName == "CHROME_DRIVER" || "EDGE_CHROMIUM_DRIVER" || "HEADLESS_DRIVER"): null

2023-11-24 12:24:57 - [TEST_STEP][PASSED] - if (verifyElementPresent(findTestObject("Object Repository/Connexion Usager/Btn_Parametres Avances"), 2, OPTIONAL)): null

2023-11-24 12:24:57 - [MESSAGE][INFO] - Finding Test Object 'Object Repository/Connexion Usager/Btn_Parametres Avances'

2023-11-24 12:24:57 - [MESSAGE][INFO] - Checking object

2023-11-24 12:24:57 - [MESSAGE][INFO] - Finding web element from Test Object's properties

2023-11-24 12:24:57 - [MESSAGE][INFO] - Checking timeout

2023-11-24 12:24:57 - [MESSAGE][INFO] - Finding web element with id: 'Object Repository/Connexion Usager/Btn_Parametres Avances' located by 'By.xpath: //*[@id="details-button"]' in '2' second(s)

2023-11-24 12:24:57 - [MESSAGE][INFO] - Smart Wait Function is triggered

2023-11-24 12:24:57 - [MESSAGE][INFO] - Found 1 web elements with id: 'Object Repository/Connexion Usager/Btn_Parametres Avances' located by 'By.xpath: //*[@id="details-button"]' in '2' second(s)

2023-11-24 12:24:57 - [MESSAGE][PASSED] - Object 'Object Repository/Connexion Usager/Btn_Parametres Avances' is present

2023-11-24 12:24:57 - [TEST_STEP][PASSED] - click(findTestObject("Object Repository/Connexion Usager/Btn_Parametres Avances"), OPTIONAL): Object: 'Object Repository/Connexion Usager/Btn_Parametres Avances' is clicked on

2023-11-24 12:24:57 - [MESSAGE][INFO] - Finding Test Object 'Object Repository/Connexion Usager/Btn_Parametres Avances'

2023-11-24 12:24:58 - [MESSAGE][INFO] - Checking timeout

2023-11-24 12:24:58 - [MESSAGE][INFO] - Finding web element with id: 'Object Repository/Connexion Usager/Btn_Parametres Avances' located by 'By.xpath: //*[@id="details-button"]' in '20' second(s)

2023-11-24 12:24:58 - [MESSAGE][INFO] - Smart Wait Function is triggered

2023-11-24 12:24:58 - [MESSAGE][INFO] - Found 1 web elements with id: 'Object Repository/Connexion Usager/Btn_Parametres Avances' located by 'By.xpath: //*[@id="details-button"]' in '20' second(s)

2023-11-24 12:24:58 - [MESSAGE][INFO] - Checking object

2023-11-24 12:24:58 - [MESSAGE][INFO] - Checking timeout

2023-11-24 12:24:58 - [MESSAGE][INFO] - Finding web element from Test Object's properties

2023-11-24 12:24:58 - [MESSAGE][INFO] - Checking timeout

2023-11-24 12:24:58 - [MESSAGE][INFO] - Finding web element with id: 'Object Repository/Connexion Usager/Btn_Parametres Avances' located by 'By.xpath: //*[@id="details-button"]' in '5' second(s)

2023-11-24 12:24:58 - [MESSAGE][INFO] - Smart Wait Function is triggered

2023-11-24 12:24:58 - [MESSAGE][INFO] - Found 1 web elements with id: 'Object Repository/Connexion Usager/Btn_Parametres Avances' located by 'By.xpath: //*[@id="details-button"]' in '5' second(s)

2023-11-24 12:24:58 - [MESSAGE][INFO] - Clicking on object: 'Object Repository/Connexion Usager/Btn_Parametres Avances'

2023-11-24 12:25:00 - [MESSAGE][PASSED] - Object: 'Object Repository/Connexion Usager/Btn_Parametres Avances' is clicked on

2023-11-24 12:25:00 - [TEST_STEP][PASSED] - click(findTestObject("Object Repository/Connexion Usager/Link_Proceed-Link"), OPTIONAL): Object: 'Object Repository/Connexion Usager/Link_Proceed-Link' is clicked on

2023-11-24 12:25:00 - [MESSAGE][INFO] - Finding Test Object 'Object Repository/Connexion Usager/Link_Proceed-Link'

2023-11-24 12:25:00 - [MESSAGE][INFO] - Checking timeout

2023-11-24 12:25:00 - [MESSAGE][INFO] - Finding web element with id: 'Object Repository/Connexion Usager/Link_Proceed-Link' located by 'By.xpath: //*[@id="proceed-link"]' in '20' second(s)

2023-11-24 12:25:00 - [MESSAGE][INFO] - Smart Wait Function is triggered

2023-11-24 12:25:00 - [MESSAGE][INFO] - Found 1 web elements with id: 'Object Repository/Connexion Usager/Link_Proceed-Link' located by 'By.xpath: //*[@id="proceed-link"]' in '20' second(s)

2023-11-24 12:25:00 - [MESSAGE][INFO] - Checking object

2023-11-24 12:25:00 - [MESSAGE][INFO] - Checking timeout

2023-11-24 12:25:00 - [MESSAGE][INFO] - Finding web element from Test Object's properties

2023-11-24 12:25:00 - [MESSAGE][INFO] - Checking timeout

2023-11-24 12:25:00 - [MESSAGE][INFO] - Finding web element with id: 'Object Repository/Connexion Usager/Link_Proceed-Link' located by 'By.xpath: //*[@id="proceed-link"]' in '5' second(s)

2023-11-24 12:25:00 - [MESSAGE][INFO] - Smart Wait Function is triggered

2023-11-24 12:25:00 - [MESSAGE][INFO] - Found 1 web elements with id: 'Object Repository/Connexion Usager/Link_Proceed-Link' located by 'By.xpath: //*[@id="proceed-link"]' in '5' second(s)

2023-11-24 12:25:00 - [MESSAGE][INFO] - Clicking on object: 'Object Repository/Connexion Usager/Link_Proceed-Link'

2023-11-24 12:25:08 - [MESSAGE][PASSED] - Object: 'Object Repository/Connexion Usager/Link_Proceed-Link' is clicked on

2023-11-24 12:25:08 - [TEST_STEP][PASSED] - if (DriverName == "IE_DRIVER"): null

2023-11-24 12:25:08 - [TEST_STEP][PASSED] - delay(3): Delayed 3 second(s)

2023-11-24 12:25:08 - [MESSAGE][INFO] - Delaying browser in 3 second(s)

2023-11-24 12:25:11 - [MESSAGE][PASSED] - Delayed 3 second(s)

2023-11-24 12:25:11 - [MESSAGE][PASSED] - Call Test Case 'Test Cases/Test Reutilisable/Main/Erreur lie a la confidentialite' successfully

2023-11-24 12:25:11 - [TEST_STEP][PASSED] - delay(5): Delayed 5 second(s)

2023-11-24 12:25:11 - [MESSAGE][INFO] - Delaying browser in 5 second(s)

2023-11-24 12:25:16 - [MESSAGE][PASSED] - Delayed 5 second(s)

2023-11-24 12:25:16 - [TEST_STEP][PASSED] - verifyElementVisible(findTestObject("Object Repository/Connexion Usager/Link_Se Connecter"), STOP_ON_FAILURE): Object 'Object Repository/Connexion Usager/Link_Se Connecter' is visible

2023-11-24 12:25:16 - [MESSAGE][INFO] - Finding Test Object 'Object Repository/Connexion Usager/Link_Se Connecter'

2023-11-24 12:25:16 - [MESSAGE][INFO] - Checking object

2023-11-24 12:25:16 - [MESSAGE][INFO] - Finding web element from Test Object's properties

2023-11-24 12:25:16 - [MESSAGE][INFO] - Checking timeout

2023-11-24 12:25:16 - [MESSAGE][INFO] - Finding web element with id: 'Object Repository/Connexion Usager/Link_Se Connecter' located by 'By.xpath: //*[@id="connexion_link"]' in '5' second(s)

2023-11-24 12:25:16 - [MESSAGE][INFO] - Smart Wait Function is triggered

2023-11-24 12:25:16 - [MESSAGE][INFO] - Found 1 web elements with id: 'Object Repository/Connexion Usager/Link_Se Connecter' located by 'By.xpath: //*[@id="connexion_link"]' in '5' second(s)

2023-11-24 12:25:16 - [MESSAGE][PASSED] - Object 'Object Repository/Connexion Usager/Link_Se Connecter' is visible

2023-11-24 12:25:16 - [TEST_STEP][PASSED] - break: null

2023-11-24 12:25:16 - [TEST_STEP][PASSED] - if (Profiles == "Agent"): null

2023-11-24 12:25:16 - [TEST_STEP][PASSED] - else: null

2023-11-24 12:25:16 - [TEST_STEP][PASSED] - println("Vérifier le Portail de votre connexion Usager ou Agent"): null

2023-11-24 12:25:16 - [MESSAGE][PASSED] - Call Test Case 'Test Cases/Test Reutilisable/Main/Lancer URL ANEF' successfully

2023-11-24 12:25:16 - [TEST_STEP][ERROR] - if (StopTestCase == false): Test Cases/Cas D Utilisations/Usager Etudiant/TNR R.TSPT Supp90-Etudiant FAILED.
Reason:
com.kms.katalon.core.exception.StepErrorException: Call Test Case 'Test Cases/Test Reutilisable/DemandeOuRenouvelle_TitreSejour/FormulaireJustificatifs' failed because of error(s)
	at com.kms.katalon.core.keyword.builtin.CallTestCaseKeyword$_callTestCase_closure1.doCall(CallTestCaseKeyword.groovy:66)
	at com.kms.katalon.core.keyword.builtin.CallTestCaseKeyword$_callTestCase_closure1.call(CallTestCaseKeyword.groovy)
	at com.kms.katalon.core.keyword.internal.KeywordMain.runKeyword(KeywordMain.groovy:75)
	at com.kms.katalon.core.keyword.builtin.CallTestCaseKeyword.callTestCase(CallTestCaseKeyword.groovy:81)
	at com.kms.katalon.core.keyword.builtin.CallTestCaseKeyword.execute(CallTestCaseKeyword.groovy:44)
	at com.kms.katalon.core.keyword.internal.KeywordExecutor.executeKeywordForPlatform(KeywordExecutor.groovy:74)
	at com.kms.katalon.core.keyword.BuiltinKeywords.callTestCase(BuiltinKeywords.groovy:310)
	at com.kazurayam.ksbackyard.HighlightElement$_pandemic_closure1.doCall(HighlightElement.groovy:105)
	at TNR R.TSPT Supp90-Etudiant.run(TNR R.TSPT Supp90-Etudiant:62)
	at com.kms.katalon.core.main.ScriptEngine.run(ScriptEngine.java:194)
	at com.kms.katalon.core.main.ScriptEngine.runScriptAsRawText(ScriptEngine.java:119)
	at com.kms.katalon.core.main.TestCaseExecutor.runScript(TestCaseExecutor.java:448)
	at com.kms.katalon.core.main.TestCaseExecutor.doExecute(TestCaseExecutor.java:439)
	at com.kms.katalon.core.main.TestCaseExecutor.processExecutionPhase(TestCaseExecutor.java:418)
	at com.kms.katalon.core.main.TestCaseExecutor.accessMainPhase(TestCaseExecutor.java:410)
	at com.kms.katalon.core.main.TestCaseExecutor.execute(TestCaseExecutor.java:285)
	at com.kms.katalon.core.common.CommonExecutor.accessTestCaseMainPhase(CommonExecutor.java:65)
	at com.kms.katalon.core.main.TestSuiteExecutor.accessTestSuiteMainPhase(TestSuiteExecutor.java:148)
	at com.kms.katalon.core.main.TestSuiteExecutor.execute(TestSuiteExecutor.java:106)
	at com.kms.katalon.core.main.TestCaseMain.startTestSuite(TestCaseMain.java:187)
	at com.kms.katalon.core.main.TestCaseMain$startTestSuite$0.call(Unknown Source)
	at TempTestSuite1700824657414.run(TempTestSuite1700824657414.groovy:36)
Caused by: groovy.lang.MissingPropertyException: No such property: f for class: Script1695813884754
	at FormulaireJustificatifs.run(FormulaireJustificatifs:187)
	at com.kms.katalon.core.main.ScriptEngine.run(ScriptEngine.java:194)
	at com.kms.katalon.core.main.ScriptEngine.runScriptAsRawText(ScriptEngine.java:119)
	at com.kms.katalon.core.main.TestCaseExecutor.runScript(TestCaseExecutor.java:448)
	at com.kms.katalon.core.main.TestCaseExecutor.doExecute(TestCaseExecutor.java:439)
	at com.kms.katalon.core.main.TestCaseExecutor.processExecutionPhase(TestCaseExecutor.java:418)
	at com.kms.katalon.core.main.TestCaseExecutor.accessMainPhase(TestCaseExecutor.java:410)
	at com.kms.katalon.core.main.TestCaseExecutor.execute(TestCaseExecutor.java:285)
	at com.kms.katalon.core.main.TestCaseMain.runTestCase(TestCaseMain.java:144)
	at com.kms.katalon.core.keyword.builtin.CallTestCaseKeyword$_callTestCase_closure1.doCall(CallTestCaseKeyword.groovy:59)
	... 21 more


2023-11-24 12:25:16 - [TEST_STEP][PASSED] - callTestCase(findTestCase("Test Reutilisable/Main/Identification"), ["Profiles":"Usager", "NumEtrangerVisa":NumEtrangerVisa], STOP_ON_FAILURE): Call Test Case 'Test Cases/Test Reutilisable/Main/Identification' successfully

2023-11-24 12:25:16 - [MESSAGE][INFO] - Checking called Test Case

2023-11-24 12:25:16 - [MESSAGE][INFO] - Starting to call Test Case 'Test Cases/Test Reutilisable/Main/Identification'

2023-11-24 12:25:16 - [TEST_CASE][PASSED] - Test Cases/Test Reutilisable/Main/Identification: Test Cases/Test Reutilisable/Main/Identification

2023-11-24 12:25:16 - [TEST_STEP][PASSED] - if (Profiles == "Usager"): Object 'Object Repository/Page_Accueil_Usager/Span_MesNotifications' is present

2023-11-24 12:25:16 - [TEST_STEP][PASSED] - delay(5): Delayed 5 second(s)

2023-11-24 12:25:16 - [MESSAGE][INFO] - Delaying browser in 5 second(s)

2023-11-24 12:25:21 - [MESSAGE][PASSED] - Delayed 5 second(s)

2023-11-24 12:25:21 - [TEST_STEP][PASSED] - click(findTestObject("Object Repository/Connexion Usager/Link_Se Connecter")): Object: 'Object Repository/Connexion Usager/Link_Se Connecter' is clicked on

2023-11-24 12:25:21 - [MESSAGE][INFO] - Finding Test Object 'Object Repository/Connexion Usager/Link_Se Connecter'

2023-11-24 12:25:21 - [MESSAGE][INFO] - Checking timeout

2023-11-24 12:25:21 - [MESSAGE][INFO] - Finding web element with id: 'Object Repository/Connexion Usager/Link_Se Connecter' located by 'By.xpath: //*[@id="connexion_link"]' in '20' second(s)

2023-11-24 12:25:21 - [MESSAGE][INFO] - Smart Wait Function is triggered

2023-11-24 12:25:21 - [MESSAGE][INFO] - Found 1 web elements with id: 'Object Repository/Connexion Usager/Link_Se Connecter' located by 'By.xpath: //*[@id="connexion_link"]' in '20' second(s)

2023-11-24 12:25:21 - [MESSAGE][INFO] - Checking object

2023-11-24 12:25:21 - [MESSAGE][INFO] - Checking timeout

2023-11-24 12:25:21 - [MESSAGE][INFO] - Finding web element from Test Object's properties

2023-11-24 12:25:21 - [MESSAGE][INFO] - Checking timeout

2023-11-24 12:25:21 - [MESSAGE][INFO] - Finding web element with id: 'Object Repository/Connexion Usager/Link_Se Connecter' located by 'By.xpath: //*[@id="connexion_link"]' in '5' second(s)

2023-11-24 12:25:21 - [MESSAGE][INFO] - Smart Wait Function is triggered

2023-11-24 12:25:21 - [MESSAGE][INFO] - Found 1 web elements with id: 'Object Repository/Connexion Usager/Link_Se Connecter' located by 'By.xpath: //*[@id="connexion_link"]' in '5' second(s)

2023-11-24 12:25:21 - [MESSAGE][INFO] - Clicking on object: 'Object Repository/Connexion Usager/Link_Se Connecter'

2023-11-24 12:25:24 - [MESSAGE][PASSED] - Object: 'Object Repository/Connexion Usager/Link_Se Connecter' is clicked on

2023-11-24 12:25:24 - [TEST_STEP][PASSED] - callTestCase(findTestCase("Test Reutilisable/Main/Erreur lie a la confidentialite"), [:], STOP_ON_FAILURE): Call Test Case 'Test Cases/Test Reutilisable/Main/Erreur lie a la confidentialite' successfully

2023-11-24 12:25:24 - [MESSAGE][INFO] - Checking called Test Case

2023-11-24 12:25:24 - [MESSAGE][INFO] - Starting to call Test Case 'Test Cases/Test Reutilisable/Main/Erreur lie a la confidentialite'

2023-11-24 12:25:24 - [TEST_CASE][PASSED] - Test Cases/Test Reutilisable/Main/Erreur lie a la confidentialite: Test Cases/Test Reutilisable/Main/Erreur lie a la confidentialite

2023-11-24 12:25:24 - [TEST_STEP][PASSED] - tools.WaitForLoadedPage.waitForElementRendering(): tools.WaitForLoadedPage.waitForElementRendering is PASSED

2023-11-24 12:25:24 - [MESSAGE][PASSED] - tools.WaitForLoadedPage.waitForElementRendering is PASSED

2023-11-24 12:25:24 - [TEST_STEP][PASSED] - "Call Highlight.on() automatically": null

2023-11-24 12:25:24 - [TEST_STEP][PASSED] - DriverName = DriverName: null

2023-11-24 12:25:24 - [TEST_STEP][PASSED] - if (DriverName == "CHROME_DRIVER" || "EDGE_CHROMIUM_DRIVER" || "HEADLESS_DRIVER"): com.kms.katalon.core.webui.exception.WebElementNotFoundException: Web element with id: 'Object Repository/Connexion Usager/Btn_Parametres Avances' located by '//*[@id="details-button"]' not found (Root cause: com.kms.katalon.core.exception.StepFailedException: com.kms.katalon.core.webui.exception.WebElementNotFoundException: Web element with id: 'Object Repository/Connexion Usager/Btn_Parametres Avances' located by '//*[@id="details-button"]' not found
	at com.kms.katalon.core.webui.keyword.internal.WebUIKeywordMain.stepFailed(WebUIKeywordMain.groovy:64)
	at com.kms.katalon.core.webui.keyword.builtin.VerifyElementPresentKeyword$_verifyElementPresent_closure1.doCall(VerifyElementPresentKeyword.groovy:85)
	at com.kms.katalon.core.webui.keyword.builtin.VerifyElementPresentKeyword$_verifyElementPresent_closure1.call(VerifyElementPresentKeyword.groovy)
	at com.kms.katalon.core.webui.keyword.internal.WebUIKeywordMain.runKeyword(WebUIKeywordMain.groovy:20)
	at com.kms.katalon.core.webui.keyword.builtin.VerifyElementPresentKeyword.verifyElementPresent(VerifyElementPresentKeyword.groovy:92)
	at com.kms.katalon.core.webui.keyword.builtin.VerifyElementPresentKeyword.execute(VerifyElementPresentKeyword.groovy:68)
	at com.kms.katalon.core.keyword.internal.KeywordExecutor.executeKeywordForPlatform(KeywordExecutor.groovy:74)
	at com.kms.katalon.core.webui.keyword.WebUiBuiltInKeywords.verifyElementPresent(WebUiBuiltInKeywords.groovy:1448)
	at com.kazurayam.ksbackyard.HighlightElement$_pandemic_closure1.doCall(HighlightElement.groovy:105)
	at Erreur lie a la confidentialite.run(Erreur lie a la confidentialite:43)
	at com.kms.katalon.core.main.ScriptEngine.run(ScriptEngine.java:194)
	at com.kms.katalon.core.main.ScriptEngine.runScriptAsRawText(ScriptEngine.java:119)
	at com.kms.katalon.core.main.TestCaseExecutor.runScript(TestCaseExecutor.java:448)
	at com.kms.katalon.core.main.TestCaseExecutor.doExecute(TestCaseExecutor.java:439)
	at com.kms.katalon.core.main.TestCaseExecutor.processExecutionPhase(TestCaseExecutor.java:418)
	at com.kms.katalon.core.main.TestCaseExecutor.accessMainPhase(TestCaseExecutor.java:410)
	at com.kms.katalon.core.main.TestCaseExecutor.execute(TestCaseExecutor.java:285)
	at com.kms.katalon.core.main.TestCaseMain.runTestCase(TestCaseMain.java:144)
	at com.kms.katalon.core.keyword.builtin.CallTestCaseKeyword$_callTestCase_closure1.doCall(CallTestCaseKeyword.groovy:59)
	at com.kms.katalon.core.keyword.builtin.CallTestCaseKeyword$_callTestCase_closure1.call(CallTestCaseKeyword.groovy)
	at com.kms.katalon.core.keyword.internal.KeywordMain.runKeyword(KeywordMain.groovy:75)
	at com.kms.katalon.core.keyword.builtin.CallTestCaseKeyword.callTestCase(CallTestCaseKeyword.groovy:81)
	at com.kms.katalon.core.keyword.builtin.CallTestCaseKeyword.execute(CallTestCaseKeyword.groovy:44)
	at com.kms.katalon.core.keyword.internal.KeywordExecutor.executeKeywordForPlatform(KeywordExecutor.groovy:74)
	at com.kms.katalon.core.keyword.BuiltinKeywords.callTestCase(BuiltinKeywords.groovy:310)
	at com.kazurayam.ksbackyard.HighlightElement$_pandemic_closure1.doCall(HighlightElement.groovy:105)
	at Identification.run(Identification:35)
	at com.kms.katalon.core.main.ScriptEngine.run(ScriptEngine.java:194)
	at com.kms.katalon.core.main.ScriptEngine.runScriptAsRawText(ScriptEngine.java:119)
	at com.kms.katalon.core.main.TestCaseExecutor.runScript(TestCaseExecutor.java:448)
	at com.kms.katalon.core.main.TestCaseExecutor.doExecute(TestCaseExecutor.java:439)
	at com.kms.katalon.core.main.TestCaseExecutor.processExecutionPhase(TestCaseExecutor.java:418)
	at com.kms.katalon.core.main.TestCaseExecutor.accessMainPhase(TestCaseExecutor.java:410)
	at com.kms.katalon.core.main.TestCaseExecutor.execute(TestCaseExecutor.java:285)
	at com.kms.katalon.core.main.TestCaseMain.runTestCase(TestCaseMain.java:144)
	at com.kms.katalon.core.keyword.builtin.CallTestCaseKeyword$_callTestCase_closure1.doCall(CallTestCaseKeyword.groovy:59)
	at com.kms.katalon.core.keyword.builtin.CallTestCaseKeyword$_callTestCase_closure1.call(CallTestCaseKeyword.groovy)
	at com.kms.katalon.core.keyword.internal.KeywordMain.runKeyword(KeywordMain.groovy:75)
	at com.kms.katalon.core.keyword.builtin.CallTestCaseKeyword.callTestCase(CallTestCaseKeyword.groovy:81)
	at com.kms.katalon.core.keyword.builtin.CallTestCaseKeyword.execute(CallTestCaseKeyword.groovy:44)
	at com.kms.katalon.core.keyword.internal.KeywordExecutor.executeKeywordForPlatform(KeywordExecutor.groovy:74)
	at com.kms.katalon.core.keyword.BuiltinKeywords.callTestCase(BuiltinKeywords.groovy:310)
	at com.kazurayam.ksbackyard.HighlightElement$_pandemic_closure1.doCall(HighlightElement.groovy:105)
	at TNR R.TSPT Supp90-Etudiant.run(TNR R.TSPT Supp90-Etudiant:35)
	at com.kms.katalon.core.main.ScriptEngine.run(ScriptEngine.java:194)
	at com.kms.katalon.core.main.ScriptEngine.runScriptAsRawText(ScriptEngine.java:119)
	at com.kms.katalon.core.main.TestCaseExecutor.runScript(TestCaseExecutor.java:448)
	at com.kms.katalon.core.main.TestCaseExecutor.doExecute(TestCaseExecutor.java:439)
	at com.kms.katalon.core.main.TestCaseExecutor.processExecutionPhase(TestCaseExecutor.java:418)
	at com.kms.katalon.core.main.TestCaseExecutor.accessMainPhase(TestCaseExecutor.java:410)
	at com.kms.katalon.core.main.TestCaseExecutor.execute(TestCaseExecutor.java:285)
	at com.kms.katalon.core.common.CommonExecutor.accessTestCaseMainPhase(CommonExecutor.java:65)
	at com.kms.katalon.core.main.TestSuiteExecutor.accessTestSuiteMainPhase(TestSuiteExecutor.java:148)
	at com.kms.katalon.core.main.TestSuiteExecutor.execute(TestSuiteExecutor.java:106)
	at com.kms.katalon.core.main.TestCaseMain.startTestSuite(TestCaseMain.java:187)
	at com.kms.katalon.core.main.TestCaseMain$startTestSuite$0.call(Unknown Source)
	at TempTestSuite1700824657414.run(TempTestSuite1700824657414.groovy:36)
)

2023-11-24 12:25:24 - [TEST_STEP][PASSED] - if (verifyElementPresent(findTestObject("Object Repository/Connexion Usager/Btn_Parametres Avances"), 2, OPTIONAL)): com.kms.katalon.core.webui.exception.WebElementNotFoundException: Web element with id: 'Object Repository/Connexion Usager/Btn_Parametres Avances' located by '//*[@id="details-button"]' not found (Root cause: com.kms.katalon.core.exception.StepFailedException: com.kms.katalon.core.webui.exception.WebElementNotFoundException: Web element with id: 'Object Repository/Connexion Usager/Btn_Parametres Avances' located by '//*[@id="details-button"]' not found
	at com.kms.katalon.core.webui.keyword.internal.WebUIKeywordMain.stepFailed(WebUIKeywordMain.groovy:64)
	at com.kms.katalon.core.webui.keyword.builtin.VerifyElementPresentKeyword$_verifyElementPresent_closure1.doCall(VerifyElementPresentKeyword.groovy:85)
	at com.kms.katalon.core.webui.keyword.builtin.VerifyElementPresentKeyword$_verifyElementPresent_closure1.call(VerifyElementPresentKeyword.groovy)
	at com.kms.katalon.core.webui.keyword.internal.WebUIKeywordMain.runKeyword(WebUIKeywordMain.groovy:20)
	at com.kms.katalon.core.webui.keyword.builtin.VerifyElementPresentKeyword.verifyElementPresent(VerifyElementPresentKeyword.groovy:92)
	at com.kms.katalon.core.webui.keyword.builtin.VerifyElementPresentKeyword.execute(VerifyElementPresentKeyword.groovy:68)
	at com.kms.katalon.core.keyword.internal.KeywordExecutor.executeKeywordForPlatform(KeywordExecutor.groovy:74)
	at com.kms.katalon.core.webui.keyword.WebUiBuiltInKeywords.verifyElementPresent(WebUiBuiltInKeywords.groovy:1448)
	at com.kazurayam.ksbackyard.HighlightElement$_pandemic_closure1.doCall(HighlightElement.groovy:105)
	at Erreur lie a la confidentialite.run(Erreur lie a la confidentialite:43)
	at com.kms.katalon.core.main.ScriptEngine.run(ScriptEngine.java:194)
	at com.kms.katalon.core.main.ScriptEngine.runScriptAsRawText(ScriptEngine.java:119)
	at com.kms.katalon.core.main.TestCaseExecutor.runScript(TestCaseExecutor.java:448)
	at com.kms.katalon.core.main.TestCaseExecutor.doExecute(TestCaseExecutor.java:439)
	at com.kms.katalon.core.main.TestCaseExecutor.processExecutionPhase(TestCaseExecutor.java:418)
	at com.kms.katalon.core.main.TestCaseExecutor.accessMainPhase(TestCaseExecutor.java:410)
	at com.kms.katalon.core.main.TestCaseExecutor.execute(TestCaseExecutor.java:285)
	at com.kms.katalon.core.main.TestCaseMain.runTestCase(TestCaseMain.java:144)
	at com.kms.katalon.core.keyword.builtin.CallTestCaseKeyword$_callTestCase_closure1.doCall(CallTestCaseKeyword.groovy:59)
	at com.kms.katalon.core.keyword.builtin.CallTestCaseKeyword$_callTestCase_closure1.call(CallTestCaseKeyword.groovy)
	at com.kms.katalon.core.keyword.internal.KeywordMain.runKeyword(KeywordMain.groovy:75)
	at com.kms.katalon.core.keyword.builtin.CallTestCaseKeyword.callTestCase(CallTestCaseKeyword.groovy:81)
	at com.kms.katalon.core.keyword.builtin.CallTestCaseKeyword.execute(CallTestCaseKeyword.groovy:44)
	at com.kms.katalon.core.keyword.internal.KeywordExecutor.executeKeywordForPlatform(KeywordExecutor.groovy:74)
	at com.kms.katalon.core.keyword.BuiltinKeywords.callTestCase(BuiltinKeywords.groovy:310)
	at com.kazurayam.ksbackyard.HighlightElement$_pandemic_closure1.doCall(HighlightElement.groovy:105)
	at Identification.run(Identification:35)
	at com.kms.katalon.core.main.ScriptEngine.run(ScriptEngine.java:194)
	at com.kms.katalon.core.main.ScriptEngine.runScriptAsRawText(ScriptEngine.java:119)
	at com.kms.katalon.core.main.TestCaseExecutor.runScript(TestCaseExecutor.java:448)
	at com.kms.katalon.core.main.TestCaseExecutor.doExecute(TestCaseExecutor.java:439)
	at com.kms.katalon.core.main.TestCaseExecutor.processExecutionPhase(TestCaseExecutor.java:418)
	at com.kms.katalon.core.main.TestCaseExecutor.accessMainPhase(TestCaseExecutor.java:410)
	at com.kms.katalon.core.main.TestCaseExecutor.execute(TestCaseExecutor.java:285)
	at com.kms.katalon.core.main.TestCaseMain.runTestCase(TestCaseMain.java:144)
	at com.kms.katalon.core.keyword.builtin.CallTestCaseKeyword$_callTestCase_closure1.doCall(CallTestCaseKeyword.groovy:59)
	at com.kms.katalon.core.keyword.builtin.CallTestCaseKeyword$_callTestCase_closure1.call(CallTestCaseKeyword.groovy)
	at com.kms.katalon.core.keyword.internal.KeywordMain.runKeyword(KeywordMain.groovy:75)
	at com.kms.katalon.core.keyword.builtin.CallTestCaseKeyword.callTestCase(CallTestCaseKeyword.groovy:81)
	at com.kms.katalon.core.keyword.builtin.CallTestCaseKeyword.execute(CallTestCaseKeyword.groovy:44)
	at com.kms.katalon.core.keyword.internal.KeywordExecutor.executeKeywordForPlatform(KeywordExecutor.groovy:74)
	at com.kms.katalon.core.keyword.BuiltinKeywords.callTestCase(BuiltinKeywords.groovy:310)
	at com.kazurayam.ksbackyard.HighlightElement$_pandemic_closure1.doCall(HighlightElement.groovy:105)
	at TNR R.TSPT Supp90-Etudiant.run(TNR R.TSPT Supp90-Etudiant:35)
	at com.kms.katalon.core.main.ScriptEngine.run(ScriptEngine.java:194)
	at com.kms.katalon.core.main.ScriptEngine.runScriptAsRawText(ScriptEngine.java:119)
	at com.kms.katalon.core.main.TestCaseExecutor.runScript(TestCaseExecutor.java:448)
	at com.kms.katalon.core.main.TestCaseExecutor.doExecute(TestCaseExecutor.java:439)
	at com.kms.katalon.core.main.TestCaseExecutor.processExecutionPhase(TestCaseExecutor.java:418)
	at com.kms.katalon.core.main.TestCaseExecutor.accessMainPhase(TestCaseExecutor.java:410)
	at com.kms.katalon.core.main.TestCaseExecutor.execute(TestCaseExecutor.java:285)
	at com.kms.katalon.core.common.CommonExecutor.accessTestCaseMainPhase(CommonExecutor.java:65)
	at com.kms.katalon.core.main.TestSuiteExecutor.accessTestSuiteMainPhase(TestSuiteExecutor.java:148)
	at com.kms.katalon.core.main.TestSuiteExecutor.execute(TestSuiteExecutor.java:106)
	at com.kms.katalon.core.main.TestCaseMain.startTestSuite(TestCaseMain.java:187)
	at com.kms.katalon.core.main.TestCaseMain$startTestSuite$0.call(Unknown Source)
	at TempTestSuite1700824657414.run(TempTestSuite1700824657414.groovy:36)
)

2023-11-24 12:25:24 - [MESSAGE][INFO] - Finding Test Object 'Object Repository/Connexion Usager/Btn_Parametres Avances'

2023-11-24 12:25:25 - [MESSAGE][INFO] - Checking object

2023-11-24 12:25:25 - [MESSAGE][INFO] - Finding web element from Test Object's properties

2023-11-24 12:25:25 - [MESSAGE][INFO] - Checking timeout

2023-11-24 12:25:25 - [MESSAGE][INFO] - Finding web element with id: 'Object Repository/Connexion Usager/Btn_Parametres Avances' located by 'By.xpath: //*[@id="details-button"]' in '2' second(s)

2023-11-24 12:25:25 - [MESSAGE][INFO] - Smart Wait Function is triggered

2023-11-24 12:25:25 - [MESSAGE][INFO] - Smart Wait Function is triggered

2023-11-24 12:25:25 - [MESSAGE][INFO] - Smart Wait Function is triggered

2023-11-24 12:25:25 - [MESSAGE][INFO] - Smart Wait Function is triggered

2023-11-24 12:25:25 - [MESSAGE][INFO] - Smart Wait Function is triggered

2023-11-24 12:25:25 - [MESSAGE][INFO] - Smart Wait Function is triggered

2023-11-24 12:25:25 - [MESSAGE][INFO] - Smart Wait Function is triggered

2023-11-24 12:25:25 - [MESSAGE][INFO] - Smart Wait Function is triggered

2023-11-24 12:25:25 - [MESSAGE][INFO] - Smart Wait Function is triggered

2023-11-24 12:25:25 - [MESSAGE][INFO] - Smart Wait Function is triggered

2023-11-24 12:25:25 - [MESSAGE][INFO] - Smart Wait Function is triggered

2023-11-24 12:25:25 - [MESSAGE][INFO] - Smart Wait Function is triggered

2023-11-24 12:25:25 - [MESSAGE][INFO] - Smart Wait Function is triggered

2023-11-24 12:25:25 - [MESSAGE][INFO] - Smart Wait Function is triggered

2023-11-24 12:25:25 - [MESSAGE][INFO] - Smart Wait Function is triggered

2023-11-24 12:25:25 - [MESSAGE][INFO] - Smart Wait Function is triggered

2023-11-24 12:25:25 - [MESSAGE][INFO] - Smart Wait Function is triggered

2023-11-24 12:25:25 - [MESSAGE][INFO] - Smart Wait Function is triggered

2023-11-24 12:25:25 - [MESSAGE][INFO] - Smart Wait Function is triggered

2023-11-24 12:25:25 - [MESSAGE][INFO] - Smart Wait Function is triggered

2023-11-24 12:25:25 - [MESSAGE][INFO] - Smart Wait Function is triggered

2023-11-24 12:25:25 - [MESSAGE][INFO] - Smart Wait Function is triggered

2023-11-24 12:25:25 - [MESSAGE][INFO] - Smart Wait Function is triggered

2023-11-24 12:25:25 - [MESSAGE][INFO] - Smart Wait Function is triggered

2023-11-24 12:25:25 - [MESSAGE][INFO] - Smart Wait Function is triggered

2023-11-24 12:25:25 - [MESSAGE][INFO] - Smart Wait Function is triggered

2023-11-24 12:25:25 - [MESSAGE][INFO] - Smart Wait Function is triggered

2023-11-24 12:25:25 - [MESSAGE][INFO] - Smart Wait Function is triggered

2023-11-24 12:25:25 - [MESSAGE][INFO] - Smart Wait Function is triggered

2023-11-24 12:25:25 - [MESSAGE][INFO] - Smart Wait Function is triggered

2023-11-24 12:25:25 - [MESSAGE][INFO] - Smart Wait Function is triggered

2023-11-24 12:25:26 - [MESSAGE][INFO] - Smart Wait Function is triggered

2023-11-24 12:25:26 - [MESSAGE][INFO] - Smart Wait Function is triggered

2023-11-24 12:25:26 - [MESSAGE][INFO] - Smart Wait Function is triggered

2023-11-24 12:25:26 - [MESSAGE][INFO] - Smart Wait Function is triggered

2023-11-24 12:25:26 - [MESSAGE][INFO] - Smart Wait Function is triggered

2023-11-24 12:25:26 - [MESSAGE][INFO] - Smart Wait Function is triggered

2023-11-24 12:25:26 - [MESSAGE][INFO] - Smart Wait Function is triggered

2023-11-24 12:25:26 - [MESSAGE][INFO] - Smart Wait Function is triggered

2023-11-24 12:25:26 - [MESSAGE][INFO] - Smart Wait Function is triggered

2023-11-24 12:25:26 - [MESSAGE][INFO] - Smart Wait Function is triggered

2023-11-24 12:25:26 - [MESSAGE][INFO] - Smart Wait Function is triggered

2023-11-24 12:25:26 - [MESSAGE][INFO] - Smart Wait Function is triggered

2023-11-24 12:25:26 - [MESSAGE][INFO] - Smart Wait Function is triggered

2023-11-24 12:25:26 - [MESSAGE][INFO] - Smart Wait Function is triggered

2023-11-24 12:25:26 - [MESSAGE][INFO] - Smart Wait Function is triggered

2023-11-24 12:25:26 - [MESSAGE][INFO] - Smart Wait Function is triggered

2023-11-24 12:25:26 - [MESSAGE][INFO] - Smart Wait Function is triggered

2023-11-24 12:25:26 - [MESSAGE][INFO] - Smart Wait Function is triggered

2023-11-24 12:25:26 - [MESSAGE][INFO] - Smart Wait Function is triggered

2023-11-24 12:25:26 - [MESSAGE][INFO] - Smart Wait Function is triggered

2023-11-24 12:25:26 - [MESSAGE][INFO] - Smart Wait Function is triggered

2023-11-24 12:25:26 - [MESSAGE][INFO] - Smart Wait Function is triggered

2023-11-24 12:25:26 - [MESSAGE][INFO] - Smart Wait Function is triggered

2023-11-24 12:25:26 - [MESSAGE][INFO] - Smart Wait Function is triggered

2023-11-24 12:25:26 - [MESSAGE][INFO] - Smart Wait Function is triggered

2023-11-24 12:25:26 - [MESSAGE][INFO] - Smart Wait Function is triggered

2023-11-24 12:25:26 - [MESSAGE][INFO] - Smart Wait Function is triggered

2023-11-24 12:25:26 - [MESSAGE][INFO] - Smart Wait Function is triggered

2023-11-24 12:25:26 - [MESSAGE][INFO] - Smart Wait Function is triggered

2023-11-24 12:25:26 - [MESSAGE][INFO] - Smart Wait Function is triggered

2023-11-24 12:25:26 - [MESSAGE][INFO] - Smart Wait Function is triggered

2023-11-24 12:25:26 - [MESSAGE][INFO] - Smart Wait Function is triggered

2023-11-24 12:25:27 - [MESSAGE][INFO] - Smart Wait Function is triggered

2023-11-24 12:25:27 - [MESSAGE][INFO] - Smart Wait Function is triggered

2023-11-24 12:25:27 - [MESSAGE][INFO] - Smart Wait Function is triggered

2023-11-24 12:25:27 - [MESSAGE][INFO] - Smart Wait Function is triggered

2023-11-24 12:25:27 - [MESSAGE][INFO] - Smart Wait Function is triggered

2023-11-24 12:25:27 - [MESSAGE][INFO] - Smart Wait Function is triggered

2023-11-24 12:25:27 - [MESSAGE][INFO] - Smart Wait Function is triggered

2023-11-24 12:25:27 - [MESSAGE][INFO] - Smart Wait Function is triggered

2023-11-24 12:25:27 - [MESSAGE][INFO] - Smart Wait Function is triggered

2023-11-24 12:25:27 - [MESSAGE][INFO] - Smart Wait Function is triggered

2023-11-24 12:25:27 - [MESSAGE][INFO] - Smart Wait Function is triggered

2023-11-24 12:25:27 - [MESSAGE][INFO] - Smart Wait Function is triggered

2023-11-24 12:25:27 - [MESSAGE][INFO] - Smart Wait Function is triggered

2023-11-24 12:25:27 - [MESSAGE][INFO] - Smart Wait Function is triggered

2023-11-24 12:25:27 - [MESSAGE][INFO] - Smart Wait Function is triggered

2023-11-24 12:25:27 - [MESSAGE][INFO] - Smart Wait Function is triggered

2023-11-24 12:25:28 - [MESSAGE][INFO] - Unable to find the element located by 'By.xpath: //*[@id="details-button"]'. Please recheck the objects properties to make sure the desired element is located. 

2023-11-24 12:25:28 - [MESSAGE][WARNING] - com.kms.katalon.core.webui.exception.WebElementNotFoundException: Web element with id: 'Object Repository/Connexion Usager/Btn_Parametres Avances' located by '//*[@id="details-button"]' not found (Root cause: com.kms.katalon.core.exception.StepFailedException: com.kms.katalon.core.webui.exception.WebElementNotFoundException: Web element with id: 'Object Repository/Connexion Usager/Btn_Parametres Avances' located by '//*[@id="details-button"]' not found
	at com.kms.katalon.core.webui.keyword.internal.WebUIKeywordMain.stepFailed(WebUIKeywordMain.groovy:64)
	at com.kms.katalon.core.webui.keyword.builtin.VerifyElementPresentKeyword$_verifyElementPresent_closure1.doCall(VerifyElementPresentKeyword.groovy:85)
	at com.kms.katalon.core.webui.keyword.builtin.VerifyElementPresentKeyword$_verifyElementPresent_closure1.call(VerifyElementPresentKeyword.groovy)
	at com.kms.katalon.core.webui.keyword.internal.WebUIKeywordMain.runKeyword(WebUIKeywordMain.groovy:20)
	at com.kms.katalon.core.webui.keyword.builtin.VerifyElementPresentKeyword.verifyElementPresent(VerifyElementPresentKeyword.groovy:92)
	at com.kms.katalon.core.webui.keyword.builtin.VerifyElementPresentKeyword.execute(VerifyElementPresentKeyword.groovy:68)
	at com.kms.katalon.core.keyword.internal.KeywordExecutor.executeKeywordForPlatform(KeywordExecutor.groovy:74)
	at com.kms.katalon.core.webui.keyword.WebUiBuiltInKeywords.verifyElementPresent(WebUiBuiltInKeywords.groovy:1448)
	at com.kazurayam.ksbackyard.HighlightElement$_pandemic_closure1.doCall(HighlightElement.groovy:105)
	at Erreur lie a la confidentialite.run(Erreur lie a la confidentialite:43)
	at com.kms.katalon.core.main.ScriptEngine.run(ScriptEngine.java:194)
	at com.kms.katalon.core.main.ScriptEngine.runScriptAsRawText(ScriptEngine.java:119)
	at com.kms.katalon.core.main.TestCaseExecutor.runScript(TestCaseExecutor.java:448)
	at com.kms.katalon.core.main.TestCaseExecutor.doExecute(TestCaseExecutor.java:439)
	at com.kms.katalon.core.main.TestCaseExecutor.processExecutionPhase(TestCaseExecutor.java:418)
	at com.kms.katalon.core.main.TestCaseExecutor.accessMainPhase(TestCaseExecutor.java:410)
	at com.kms.katalon.core.main.TestCaseExecutor.execute(TestCaseExecutor.java:285)
	at com.kms.katalon.core.main.TestCaseMain.runTestCase(TestCaseMain.java:144)
	at com.kms.katalon.core.keyword.builtin.CallTestCaseKeyword$_callTestCase_closure1.doCall(CallTestCaseKeyword.groovy:59)
	at com.kms.katalon.core.keyword.builtin.CallTestCaseKeyword$_callTestCase_closure1.call(CallTestCaseKeyword.groovy)
	at com.kms.katalon.core.keyword.internal.KeywordMain.runKeyword(KeywordMain.groovy:75)
	at com.kms.katalon.core.keyword.builtin.CallTestCaseKeyword.callTestCase(CallTestCaseKeyword.groovy:81)
	at com.kms.katalon.core.keyword.builtin.CallTestCaseKeyword.execute(CallTestCaseKeyword.groovy:44)
	at com.kms.katalon.core.keyword.internal.KeywordExecutor.executeKeywordForPlatform(KeywordExecutor.groovy:74)
	at com.kms.katalon.core.keyword.BuiltinKeywords.callTestCase(BuiltinKeywords.groovy:310)
	at com.kazurayam.ksbackyard.HighlightElement$_pandemic_closure1.doCall(HighlightElement.groovy:105)
	at Identification.run(Identification:35)
	at com.kms.katalon.core.main.ScriptEngine.run(ScriptEngine.java:194)
	at com.kms.katalon.core.main.ScriptEngine.runScriptAsRawText(ScriptEngine.java:119)
	at com.kms.katalon.core.main.TestCaseExecutor.runScript(TestCaseExecutor.java:448)
	at com.kms.katalon.core.main.TestCaseExecutor.doExecute(TestCaseExecutor.java:439)
	at com.kms.katalon.core.main.TestCaseExecutor.processExecutionPhase(TestCaseExecutor.java:418)
	at com.kms.katalon.core.main.TestCaseExecutor.accessMainPhase(TestCaseExecutor.java:410)
	at com.kms.katalon.core.main.TestCaseExecutor.execute(TestCaseExecutor.java:285)
	at com.kms.katalon.core.main.TestCaseMain.runTestCase(TestCaseMain.java:144)
	at com.kms.katalon.core.keyword.builtin.CallTestCaseKeyword$_callTestCase_closure1.doCall(CallTestCaseKeyword.groovy:59)
	at com.kms.katalon.core.keyword.builtin.CallTestCaseKeyword$_callTestCase_closure1.call(CallTestCaseKeyword.groovy)
	at com.kms.katalon.core.keyword.internal.KeywordMain.runKeyword(KeywordMain.groovy:75)
	at com.kms.katalon.core.keyword.builtin.CallTestCaseKeyword.callTestCase(CallTestCaseKeyword.groovy:81)
	at com.kms.katalon.core.keyword.builtin.CallTestCaseKeyword.execute(CallTestCaseKeyword.groovy:44)
	at com.kms.katalon.core.keyword.internal.KeywordExecutor.executeKeywordForPlatform(KeywordExecutor.groovy:74)
	at com.kms.katalon.core.keyword.BuiltinKeywords.callTestCase(BuiltinKeywords.groovy:310)
	at com.kazurayam.ksbackyard.HighlightElement$_pandemic_closure1.doCall(HighlightElement.groovy:105)
	at TNR R.TSPT Supp90-Etudiant.run(TNR R.TSPT Supp90-Etudiant:35)
	at com.kms.katalon.core.main.ScriptEngine.run(ScriptEngine.java:194)
	at com.kms.katalon.core.main.ScriptEngine.runScriptAsRawText(ScriptEngine.java:119)
	at com.kms.katalon.core.main.TestCaseExecutor.runScript(TestCaseExecutor.java:448)
	at com.kms.katalon.core.main.TestCaseExecutor.doExecute(TestCaseExecutor.java:439)
	at com.kms.katalon.core.main.TestCaseExecutor.processExecutionPhase(TestCaseExecutor.java:418)
	at com.kms.katalon.core.main.TestCaseExecutor.accessMainPhase(TestCaseExecutor.java:410)
	at com.kms.katalon.core.main.TestCaseExecutor.execute(TestCaseExecutor.java:285)
	at com.kms.katalon.core.common.CommonExecutor.accessTestCaseMainPhase(CommonExecutor.java:65)
	at com.kms.katalon.core.main.TestSuiteExecutor.accessTestSuiteMainPhase(TestSuiteExecutor.java:148)
	at com.kms.katalon.core.main.TestSuiteExecutor.execute(TestSuiteExecutor.java:106)
	at com.kms.katalon.core.main.TestCaseMain.startTestSuite(TestCaseMain.java:187)
	at com.kms.katalon.core.main.TestCaseMain$startTestSuite$0.call(Unknown Source)
	at TempTestSuite1700824657414.run(TempTestSuite1700824657414.groovy:36)
)
[[ATTACHMENT|C:\\Users\\ISSAM.RHARBAOUI\\git\\22_11\\ANEF-AutomatizationProject\\Reports\\20231124_121737\\TS_TNR_R.TSPT_Suppo90\\20231124_121737\\1700825128009.png]]

2023-11-24 12:25:28 - [TEST_STEP][PASSED] - if (DriverName == "IE_DRIVER"): null

2023-11-24 12:25:28 - [TEST_STEP][PASSED] - delay(3): Delayed 3 second(s)

2023-11-24 12:25:28 - [MESSAGE][INFO] - Delaying browser in 3 second(s)

2023-11-24 12:25:31 - [MESSAGE][PASSED] - Delayed 3 second(s)

2023-11-24 12:25:31 - [MESSAGE][PASSED] - Call Test Case 'Test Cases/Test Reutilisable/Main/Erreur lie a la confidentialite' successfully

2023-11-24 12:25:31 - [TEST_STEP][PASSED] - delay(5): Delayed 5 second(s)

2023-11-24 12:25:31 - [MESSAGE][INFO] - Delaying browser in 5 second(s)

2023-11-24 12:25:36 - [MESSAGE][PASSED] - Delayed 5 second(s)

2023-11-24 12:25:36 - [TEST_STEP][PASSED] - setText(findTestObject("Object Repository/Connexion Usager/Input_Identifiant"), NumEtrangerVisa): Text '7703040875' is set on object 'Object Repository/Connexion Usager/Input_Identifiant'

2023-11-24 12:25:36 - [MESSAGE][INFO] - Finding Test Object 'Object Repository/Connexion Usager/Input_Identifiant'

2023-11-24 12:25:36 - [MESSAGE][INFO] - Checking timeout

2023-11-24 12:25:36 - [MESSAGE][INFO] - Finding web element with id: 'Object Repository/Connexion Usager/Input_Identifiant' located by 'By.xpath: //*[@id="login"]' in '20' second(s)

2023-11-24 12:25:36 - [MESSAGE][INFO] - Smart Wait Function is triggered

2023-11-24 12:25:36 - [MESSAGE][INFO] - Found 1 web elements with id: 'Object Repository/Connexion Usager/Input_Identifiant' located by 'By.xpath: //*[@id="login"]' in '20' second(s)

2023-11-24 12:25:36 - [MESSAGE][INFO] - Checking object

2023-11-24 12:25:36 - [MESSAGE][INFO] - Checking text

2023-11-24 12:25:36 - [MESSAGE][INFO] - Finding web element from Test Object's properties

2023-11-24 12:25:36 - [MESSAGE][INFO] - Checking timeout

2023-11-24 12:25:36 - [MESSAGE][INFO] - Finding web element with id: 'Object Repository/Connexion Usager/Input_Identifiant' located by 'By.xpath: //*[@id="login"]' in '5' second(s)

2023-11-24 12:25:36 - [MESSAGE][INFO] - Smart Wait Function is triggered

2023-11-24 12:25:36 - [MESSAGE][INFO] - Found 1 web elements with id: 'Object Repository/Connexion Usager/Input_Identifiant' located by 'By.xpath: //*[@id="login"]' in '5' second(s)

2023-11-24 12:25:36 - [MESSAGE][INFO] - Clearing text of object 'Object Repository/Connexion Usager/Input_Identifiant'

2023-11-24 12:25:38 - [MESSAGE][INFO] - Finding web element from Test Object's properties

2023-11-24 12:25:38 - [MESSAGE][INFO] - Checking timeout

2023-11-24 12:25:38 - [MESSAGE][INFO] - Finding web element with id: 'Object Repository/Connexion Usager/Input_Identifiant' located by 'By.xpath: //*[@id="login"]' in '5' second(s)

2023-11-24 12:25:38 - [MESSAGE][INFO] - Smart Wait Function is triggered

2023-11-24 12:25:38 - [MESSAGE][INFO] - Found 1 web elements with id: 'Object Repository/Connexion Usager/Input_Identifiant' located by 'By.xpath: //*[@id="login"]' in '5' second(s)

2023-11-24 12:25:38 - [MESSAGE][INFO] - Setting text of object 'Object Repository/Connexion Usager/Input_Identifiant' to value '7703040875'

2023-11-24 12:25:40 - [MESSAGE][PASSED] - Text '7703040875' is set on object 'Object Repository/Connexion Usager/Input_Identifiant'

2023-11-24 12:25:40 - [TEST_STEP][PASSED] - NumEtrangerVisa = NumEtrangerVisa: null

2023-11-24 12:25:40 - [TEST_STEP][PASSED] - setEncryptedText(findTestObject("Object Repository/Connexion Usager/Input_MDP"), Password): Text ****** has been set on object 'Object Repository/Connexion Usager/Input_MDP'

2023-11-24 12:25:40 - [MESSAGE][INFO] - Finding Test Object 'Object Repository/Connexion Usager/Input_MDP'

2023-11-24 12:25:40 - [MESSAGE][INFO] - Checking timeout

2023-11-24 12:25:40 - [MESSAGE][INFO] - Finding web element with id: 'Object Repository/Connexion Usager/Input_MDP' located by 'By.xpath: //*[@id="password"]' in '20' second(s)

2023-11-24 12:25:40 - [MESSAGE][INFO] - Smart Wait Function is triggered

2023-11-24 12:25:40 - [MESSAGE][INFO] - Found 1 web elements with id: 'Object Repository/Connexion Usager/Input_MDP' located by 'By.xpath: //*[@id="password"]' in '20' second(s)

2023-11-24 12:25:40 - [MESSAGE][INFO] - Checking object

2023-11-24 12:25:40 - [MESSAGE][INFO] - Checking text

2023-11-24 12:25:40 - [MESSAGE][INFO] - Finding web element from Test Object's properties

2023-11-24 12:25:40 - [MESSAGE][INFO] - Checking timeout

2023-11-24 12:25:40 - [MESSAGE][INFO] - Finding web element with id: 'Object Repository/Connexion Usager/Input_MDP' located by 'By.xpath: //*[@id="password"]' in '5' second(s)

2023-11-24 12:25:40 - [MESSAGE][INFO] - Smart Wait Function is triggered

2023-11-24 12:25:40 - [MESSAGE][INFO] - Found 1 web elements with id: 'Object Repository/Connexion Usager/Input_MDP' located by 'By.xpath: //*[@id="password"]' in '5' second(s)

2023-11-24 12:25:40 - [MESSAGE][INFO] - Clearing text of object 'Object Repository/Connexion Usager/Input_MDP'

2023-11-24 12:25:42 - [MESSAGE][INFO] - Setting  text of object 'Object Repository/Connexion Usager/Input_MDP' to value ******

2023-11-24 12:25:44 - [MESSAGE][PASSED] - Text ****** has been set on object 'Object Repository/Connexion Usager/Input_MDP'

2023-11-24 12:25:44 - [TEST_STEP][PASSED] - click(findTestObject("Object Repository/Connexion Usager/btn_Sidentifier")): Object: 'Object Repository/Connexion Usager/btn_Sidentifier' is clicked on

2023-11-24 12:25:44 - [MESSAGE][INFO] - Finding Test Object 'Object Repository/Connexion Usager/btn_Sidentifier'

2023-11-24 12:25:45 - [MESSAGE][INFO] - Checking timeout

2023-11-24 12:25:45 - [MESSAGE][INFO] - Finding web element with id: 'Object Repository/Connexion Usager/btn_Sidentifier' located by 'By.xpath: //*[@type= 'submit']' in '20' second(s)

2023-11-24 12:25:45 - [MESSAGE][INFO] - Smart Wait Function is triggered

2023-11-24 12:25:45 - [MESSAGE][INFO] - Found 1 web elements with id: 'Object Repository/Connexion Usager/btn_Sidentifier' located by 'By.xpath: //*[@type= 'submit']' in '20' second(s)

2023-11-24 12:25:45 - [MESSAGE][INFO] - Checking object

2023-11-24 12:25:45 - [MESSAGE][INFO] - Checking timeout

2023-11-24 12:25:45 - [MESSAGE][INFO] - Finding web element from Test Object's properties

2023-11-24 12:25:45 - [MESSAGE][INFO] - Checking timeout

2023-11-24 12:25:45 - [MESSAGE][INFO] - Finding web element with id: 'Object Repository/Connexion Usager/btn_Sidentifier' located by 'By.xpath: //*[@type= 'submit']' in '5' second(s)

2023-11-24 12:25:45 - [MESSAGE][INFO] - Smart Wait Function is triggered

2023-11-24 12:25:45 - [MESSAGE][INFO] - Found 1 web elements with id: 'Object Repository/Connexion Usager/btn_Sidentifier' located by 'By.xpath: //*[@type= 'submit']' in '5' second(s)

2023-11-24 12:25:45 - [MESSAGE][INFO] - Clicking on object: 'Object Repository/Connexion Usager/btn_Sidentifier'

2023-11-24 12:25:51 - [MESSAGE][PASSED] - Object: 'Object Repository/Connexion Usager/btn_Sidentifier' is clicked on

2023-11-24 12:25:51 - [TEST_STEP][PASSED] - delay(15): Delayed 15 second(s)

2023-11-24 12:25:51 - [MESSAGE][INFO] - Delaying browser in 15 second(s)

2023-11-24 12:26:06 - [MESSAGE][PASSED] - Delayed 15 second(s)

2023-11-24 12:26:06 - [TEST_STEP][PASSED] - verifyElementPresent(findTestObject("Object Repository/Page_Accueil_Usager/Span_MesNotifications"), 2, STOP_ON_FAILURE): Object 'Object Repository/Page_Accueil_Usager/Span_MesNotifications' is present

2023-11-24 12:26:06 - [MESSAGE][INFO] - Finding Test Object 'Object Repository/Page_Accueil_Usager/Span_MesNotifications'

2023-11-24 12:26:06 - [MESSAGE][INFO] - Checking object

2023-11-24 12:26:06 - [MESSAGE][INFO] - Finding web element from Test Object's properties

2023-11-24 12:26:06 - [MESSAGE][INFO] - Checking timeout

2023-11-24 12:26:06 - [MESSAGE][INFO] - Finding web element with id: 'Object Repository/Page_Accueil_Usager/Span_MesNotifications' located by 'By.xpath: //*[@id="navBar-new"]/nav/div[3]/div/div/ul/li[1]/a/span' in '2' second(s)

2023-11-24 12:26:06 - [MESSAGE][INFO] - Smart Wait Function is triggered

2023-11-24 12:26:06 - [MESSAGE][INFO] - Found 1 web elements with id: 'Object Repository/Page_Accueil_Usager/Span_MesNotifications' located by 'By.xpath: //*[@id="navBar-new"]/nav/div[3]/div/div/ul/li[1]/a/span' in '2' second(s)

2023-11-24 12:26:06 - [MESSAGE][PASSED] - Object 'Object Repository/Page_Accueil_Usager/Span_MesNotifications' is present

2023-11-24 12:26:06 - [TEST_STEP][PASSED] - if (Profiles == "Agent"): null

2023-11-24 12:26:06 - [TEST_STEP][PASSED] - else: null

2023-11-24 12:26:06 - [TEST_STEP][PASSED] - println("Vérifier le Portail de votre connexion Usager ou Agent"): null

2023-11-24 12:26:06 - [MESSAGE][PASSED] - Call Test Case 'Test Cases/Test Reutilisable/Main/Identification' successfully

2023-11-24 12:26:06 - [TEST_STEP][PASSED] - callTestCase(findTestCase("Test Reutilisable/DemandeOuRenouvelle_TitreSejour/DemandeOuRenouvelleTitreSejour"), [:], STOP_ON_FAILURE): Call Test Case 'Test Cases/Test Reutilisable/DemandeOuRenouvelle_TitreSejour/DemandeOuRenouvelleTitreSejour' successfully

2023-11-24 12:26:06 - [MESSAGE][INFO] - Checking called Test Case

2023-11-24 12:26:06 - [MESSAGE][INFO] - Starting to call Test Case 'Test Cases/Test Reutilisable/DemandeOuRenouvelle_TitreSejour/DemandeOuRenouvelleTitreSejour'

2023-11-24 12:26:06 - [TEST_CASE][PASSED] - Test Cases/Test Reutilisable/DemandeOuRenouvelle_TitreSejour/DemandeOuRenouvelleTitreSejour: Test Cases/Test Reutilisable/DemandeOuRenouvelle_TitreSejour/DemandeOuRenouvelleTitreSejour

2023-11-24 12:26:06 - [TEST_STEP][PASSED] - com.kazurayam.ksbackyard.HighlightElement.pandemic(): com.kazurayam.ksbackyard.HighlightElement.pandemic is PASSED

2023-11-24 12:26:06 - [MESSAGE][PASSED] - com.kazurayam.ksbackyard.HighlightElement.pandemic is PASSED

2023-11-24 12:26:06 - [TEST_STEP][PASSED] - delay(3): Delayed 3 second(s)

2023-11-24 12:26:06 - [MESSAGE][INFO] - Delaying browser in 3 second(s)

2023-11-24 12:26:09 - [MESSAGE][PASSED] - Delayed 3 second(s)

2023-11-24 12:26:09 - [TEST_STEP][PASSED] - doubleClick(findTestObject("Object Repository/Page_Accueil_Usager/btn_DemandeOuRenouvelleTitreSejour")): Object: 'Object Repository/Page_Accueil_Usager/btn_DemandeOuRenouvelleTitreSejour' is double clicked on

2023-11-24 12:26:09 - [MESSAGE][INFO] - Finding Test Object 'Object Repository/Page_Accueil_Usager/btn_DemandeOuRenouvelleTitreSejour'

2023-11-24 12:26:09 - [MESSAGE][INFO] - Checking object

2023-11-24 12:26:09 - [MESSAGE][INFO] - Finding web element from Test Object's properties

2023-11-24 12:26:09 - [MESSAGE][INFO] - Checking timeout

2023-11-24 12:26:09 - [MESSAGE][INFO] - Finding web element with id: 'Object Repository/Page_Accueil_Usager/btn_DemandeOuRenouvelleTitreSejour' located by 'By.xpath: //app-portal//app-portal-root/app-default-root-content/div/div/anef-tile[1]/a/span/span[2]' in '5' second(s)

2023-11-24 12:26:09 - [MESSAGE][INFO] - Smart Wait Function is triggered

2023-11-24 12:26:09 - [MESSAGE][INFO] - Found 1 web elements with id: 'Object Repository/Page_Accueil_Usager/btn_DemandeOuRenouvelleTitreSejour' located by 'By.xpath: //app-portal//app-portal-root/app-default-root-content/div/div/anef-tile[1]/a/span/span[2]' in '5' second(s)

2023-11-24 12:26:09 - [MESSAGE][INFO] - Double clicking on object: 'Object Repository/Page_Accueil_Usager/btn_DemandeOuRenouvelleTitreSejour'

2023-11-24 12:26:10 - [MESSAGE][PASSED] - Object: 'Object Repository/Page_Accueil_Usager/btn_DemandeOuRenouvelleTitreSejour' is double clicked on

2023-11-24 12:26:10 - [TEST_STEP][PASSED] - delay(3): Delayed 3 second(s)

2023-11-24 12:26:10 - [MESSAGE][INFO] - Delaying browser in 3 second(s)

2023-11-24 12:26:13 - [MESSAGE][PASSED] - Delayed 3 second(s)

2023-11-24 12:26:13 - [TEST_STEP][PASSED] - switch (PourQui): null

2023-11-24 12:26:13 - [TEST_STEP][PASSED] - case "Moi-même":: null

2023-11-24 12:26:13 - [TEST_STEP][PASSED] - check(findTestObject("Object Repository/Page_Accueil_Usager/CheckBox_Moi-meme")): Object 'Object Repository/Page_Accueil_Usager/CheckBox_Moi-meme' is checked

2023-11-24 12:26:13 - [MESSAGE][INFO] - Finding Test Object 'Object Repository/Page_Accueil_Usager/CheckBox_Moi-meme'

2023-11-24 12:26:13 - [MESSAGE][INFO] - Checking object

2023-11-24 12:26:13 - [MESSAGE][INFO] - Finding web element from Test Object's properties

2023-11-24 12:26:13 - [MESSAGE][INFO] - Checking timeout

2023-11-24 12:26:13 - [MESSAGE][INFO] - Finding web element with id: 'Object Repository/Page_Accueil_Usager/CheckBox_Moi-meme' located by 'By.xpath: //*/div[1]/app-radio-tree-button/div/p-radiobutton/div/div[2]/span' in '5' second(s)

2023-11-24 12:26:13 - [MESSAGE][INFO] - Smart Wait Function is triggered

2023-11-24 12:26:13 - [MESSAGE][INFO] - Found 1 web elements with id: 'Object Repository/Page_Accueil_Usager/CheckBox_Moi-meme' located by 'By.xpath: //*/div[1]/app-radio-tree-button/div/p-radiobutton/div/div[2]/span' in '5' second(s)

2023-11-24 12:26:13 - [MESSAGE][INFO] - Checking on bject 'Object Repository/Page_Accueil_Usager/CheckBox_Moi-meme'

2023-11-24 12:26:15 - [MESSAGE][PASSED] - Object 'Object Repository/Page_Accueil_Usager/CheckBox_Moi-meme' is checked

2023-11-24 12:26:15 - [TEST_STEP][PASSED] - break: null

2023-11-24 12:26:15 - [TEST_STEP][PASSED] - click(findTestObject("Object Repository/Page_Accueil_Usager/btn_JeContinue")): Object: 'Object Repository/Page_Accueil_Usager/btn_JeContinue' is clicked on

2023-11-24 12:26:15 - [MESSAGE][INFO] - Finding Test Object 'Object Repository/Page_Accueil_Usager/btn_JeContinue'

2023-11-24 12:26:15 - [MESSAGE][INFO] - Checking timeout

2023-11-24 12:26:15 - [MESSAGE][INFO] - Finding web element with id: 'Object Repository/Page_Accueil_Usager/btn_JeContinue' located by 'By.xpath: //*[@ng-reflect-label='Je continue']|/html/body/app-root/div/app-portal/main/app-triage-demandeur/div/div/div/form/div[2]/button/span' in '20' second(s)

2023-11-24 12:26:15 - [MESSAGE][INFO] - Smart Wait Function is triggered

2023-11-24 12:26:15 - [MESSAGE][INFO] - Found 1 web elements with id: 'Object Repository/Page_Accueil_Usager/btn_JeContinue' located by 'By.xpath: //*[@ng-reflect-label='Je continue']|/html/body/app-root/div/app-portal/main/app-triage-demandeur/div/div/div/form/div[2]/button/span' in '20' second(s)

2023-11-24 12:26:15 - [MESSAGE][INFO] - Checking object

2023-11-24 12:26:15 - [MESSAGE][INFO] - Checking timeout

2023-11-24 12:26:15 - [MESSAGE][INFO] - Finding web element from Test Object's properties

2023-11-24 12:26:15 - [MESSAGE][INFO] - Checking timeout

2023-11-24 12:26:15 - [MESSAGE][INFO] - Finding web element with id: 'Object Repository/Page_Accueil_Usager/btn_JeContinue' located by 'By.xpath: //*[@ng-reflect-label='Je continue']|/html/body/app-root/div/app-portal/main/app-triage-demandeur/div/div/div/form/div[2]/button/span' in '5' second(s)

2023-11-24 12:26:15 - [MESSAGE][INFO] - Smart Wait Function is triggered

2023-11-24 12:26:15 - [MESSAGE][INFO] - Found 1 web elements with id: 'Object Repository/Page_Accueil_Usager/btn_JeContinue' located by 'By.xpath: //*[@ng-reflect-label='Je continue']|/html/body/app-root/div/app-portal/main/app-triage-demandeur/div/div/div/form/div[2]/button/span' in '5' second(s)

2023-11-24 12:26:15 - [MESSAGE][INFO] - Clicking on object: 'Object Repository/Page_Accueil_Usager/btn_JeContinue'

2023-11-24 12:26:17 - [MESSAGE][PASSED] - Object: 'Object Repository/Page_Accueil_Usager/btn_JeContinue' is clicked on

2023-11-24 12:26:17 - [MESSAGE][PASSED] - Call Test Case 'Test Cases/Test Reutilisable/DemandeOuRenouvelle_TitreSejour/DemandeOuRenouvelleTitreSejour' successfully

2023-11-24 12:26:17 - [TEST_STEP][PASSED] - callTestCase(findTestCase("Test Reutilisable/DemandeOuRenouvelle_TitreSejour/FormulaireTypeDeTitreDeSejour"), ["TypeTitreDeSejour":TypeTitreDeSejour, "Titre":Titre], STOP_ON_FAILURE): Call Test Case 'Test Cases/Test Reutilisable/DemandeOuRenouvelle_TitreSejour/FormulaireTypeDeTitreDeSejour' successfully

2023-11-24 12:26:17 - [MESSAGE][INFO] - Checking called Test Case

2023-11-24 12:26:17 - [MESSAGE][INFO] - Starting to call Test Case 'Test Cases/Test Reutilisable/DemandeOuRenouvelle_TitreSejour/FormulaireTypeDeTitreDeSejour'

2023-11-24 12:26:17 - [TEST_CASE][PASSED] - Test Cases/Test Reutilisable/DemandeOuRenouvelle_TitreSejour/FormulaireTypeDeTitreDeSejour: Test Cases/Test Reutilisable/DemandeOuRenouvelle_TitreSejour/FormulaireTypeDeTitreDeSejour

2023-11-24 12:26:17 - [TEST_STEP][PASSED] - com.kazurayam.ksbackyard.HighlightElement.pandemic(): com.kazurayam.ksbackyard.HighlightElement.pandemic is PASSED

2023-11-24 12:26:17 - [MESSAGE][PASSED] - com.kazurayam.ksbackyard.HighlightElement.pandemic is PASSED

2023-11-24 12:26:17 - [TEST_STEP][PASSED] - delay(10): Delayed 10 second(s)

2023-11-24 12:26:17 - [MESSAGE][INFO] - Delaying browser in 10 second(s)

2023-11-24 12:26:27 - [MESSAGE][PASSED] - Delayed 10 second(s)

2023-11-24 12:26:27 - [TEST_STEP][PASSED] - switch (TypeTitreDeSejour): null

2023-11-24 12:26:27 - [TEST_STEP][PASSED] - case "FrenchTechVisaForInvestors":: null

2023-11-24 12:26:27 - [TEST_STEP][PASSED] - if (Titre == "Visiteur" || Titre == "Etudiant"): Object: 'Object Repository/Page_DemarcheRenouvellement/Btn_JeContinue' is clicked on

2023-11-24 12:26:27 - [TEST_STEP][PASSED] - check(findTestObject("Object Repository/Page_DemarcheRenouvellement/CheckBox_SolliciteTS_PasseportTalent")): Object 'Object Repository/Page_DemarcheRenouvellement/CheckBox_SolliciteTS_PasseportTalent' is checked

2023-11-24 12:26:27 - [MESSAGE][INFO] - Finding Test Object 'Object Repository/Page_DemarcheRenouvellement/CheckBox_SolliciteTS_PasseportTalent'

2023-11-24 12:26:27 - [MESSAGE][INFO] - Checking object

2023-11-24 12:26:27 - [MESSAGE][INFO] - Finding web element from Test Object's properties

2023-11-24 12:26:27 - [MESSAGE][INFO] - Checking timeout

2023-11-24 12:26:27 - [MESSAGE][INFO] - Finding web element with id: 'Object Repository/Page_DemarcheRenouvellement/CheckBox_SolliciteTS_PasseportTalent' located by 'By.xpath: //*/div[3]/app-radio-tree-button/div/p-radiobutton/div/div[2]/span' in '5' second(s)

2023-11-24 12:26:27 - [MESSAGE][INFO] - Smart Wait Function is triggered

2023-11-24 12:26:27 - [MESSAGE][INFO] - Found 1 web elements with id: 'Object Repository/Page_DemarcheRenouvellement/CheckBox_SolliciteTS_PasseportTalent' located by 'By.xpath: //*/div[3]/app-radio-tree-button/div/p-radiobutton/div/div[2]/span' in '5' second(s)

2023-11-24 12:26:27 - [MESSAGE][INFO] - Checking on bject 'Object Repository/Page_DemarcheRenouvellement/CheckBox_SolliciteTS_PasseportTalent'

2023-11-24 12:26:30 - [MESSAGE][PASSED] - Object 'Object Repository/Page_DemarcheRenouvellement/CheckBox_SolliciteTS_PasseportTalent' is checked

2023-11-24 12:26:30 - [TEST_STEP][PASSED] - check(findTestObject("Object Repository/Page_DemarcheRenouvellement/CheckBox_SolliciteTS_InvestisseurOuPorteurProjetEconomique")): Object 'Object Repository/Page_DemarcheRenouvellement/CheckBox_SolliciteTS_InvestisseurOuPorteurProjetEconomique' is checked

2023-11-24 12:26:30 - [MESSAGE][INFO] - Finding Test Object 'Object Repository/Page_DemarcheRenouvellement/CheckBox_SolliciteTS_InvestisseurOuPorteurProjetEconomique'

2023-11-24 12:26:30 - [MESSAGE][INFO] - Checking object

2023-11-24 12:26:30 - [MESSAGE][INFO] - Finding web element from Test Object's properties

2023-11-24 12:26:30 - [MESSAGE][INFO] - Checking timeout

2023-11-24 12:26:30 - [MESSAGE][INFO] - Finding web element with id: 'Object Repository/Page_DemarcheRenouvellement/CheckBox_SolliciteTS_InvestisseurOuPorteurProjetEconomique' located by 'By.xpath: //div/form/div[1]/div[2]/fieldset/div[3]/app-radio-tree-button/div/div/div[3]/app-radio-tree-button/div/p-radiobutton/div/div[2]/span' in '5' second(s)

2023-11-24 12:26:30 - [MESSAGE][INFO] - Smart Wait Function is triggered

2023-11-24 12:26:30 - [MESSAGE][INFO] - Found 1 web elements with id: 'Object Repository/Page_DemarcheRenouvellement/CheckBox_SolliciteTS_InvestisseurOuPorteurProjetEconomique' located by 'By.xpath: //div/form/div[1]/div[2]/fieldset/div[3]/app-radio-tree-button/div/div/div[3]/app-radio-tree-button/div/p-radiobutton/div/div[2]/span' in '5' second(s)

2023-11-24 12:26:30 - [MESSAGE][INFO] - Checking on bject 'Object Repository/Page_DemarcheRenouvellement/CheckBox_SolliciteTS_InvestisseurOuPorteurProjetEconomique'

2023-11-24 12:26:32 - [MESSAGE][PASSED] - Object 'Object Repository/Page_DemarcheRenouvellement/CheckBox_SolliciteTS_InvestisseurOuPorteurProjetEconomique' is checked

2023-11-24 12:26:32 - [TEST_STEP][PASSED] - click(findTestObject("Object Repository/Page_DemarcheRenouvellement/btn_JeCommence")): Object: 'Object Repository/Page_DemarcheRenouvellement/btn_JeCommence' is clicked on

2023-11-24 12:26:32 - [MESSAGE][INFO] - Finding Test Object 'Object Repository/Page_DemarcheRenouvellement/btn_JeCommence'

2023-11-24 12:26:32 - [MESSAGE][INFO] - Checking timeout

2023-11-24 12:26:32 - [MESSAGE][INFO] - Finding web element with id: 'Object Repository/Page_DemarcheRenouvellement/btn_JeCommence' located by 'By.xpath: //app-informations-declaration//app-actions-bar//button/span[contains(.,'Je continue')]|//app-informations-demande-ptsq//app-actions-bar//button/span[contains(.,'Je continue')]|//*/div[2]/button/span|//button[@type="submit" and contains(., 'Je commence')]|//button[@type="submit" and contains(., 'Je continue')]' in '20' second(s)

2023-11-24 12:26:32 - [MESSAGE][INFO] - Smart Wait Function is triggered

2023-11-24 12:26:32 - [MESSAGE][INFO] - Found 1 web elements with id: 'Object Repository/Page_DemarcheRenouvellement/btn_JeCommence' located by 'By.xpath: //app-informations-declaration//app-actions-bar//button/span[contains(.,'Je continue')]|//app-informations-demande-ptsq//app-actions-bar//button/span[contains(.,'Je continue')]|//*/div[2]/button/span|//button[@type="submit" and contains(., 'Je commence')]|//button[@type="submit" and contains(., 'Je continue')]' in '20' second(s)

2023-11-24 12:26:32 - [MESSAGE][INFO] - Checking object

2023-11-24 12:26:32 - [MESSAGE][INFO] - Checking timeout

2023-11-24 12:26:32 - [MESSAGE][INFO] - Finding web element from Test Object's properties

2023-11-24 12:26:32 - [MESSAGE][INFO] - Checking timeout

2023-11-24 12:26:32 - [MESSAGE][INFO] - Finding web element with id: 'Object Repository/Page_DemarcheRenouvellement/btn_JeCommence' located by 'By.xpath: //app-informations-declaration//app-actions-bar//button/span[contains(.,'Je continue')]|//app-informations-demande-ptsq//app-actions-bar//button/span[contains(.,'Je continue')]|//*/div[2]/button/span|//button[@type="submit" and contains(., 'Je commence')]|//button[@type="submit" and contains(., 'Je continue')]' in '5' second(s)

2023-11-24 12:26:32 - [MESSAGE][INFO] - Smart Wait Function is triggered

2023-11-24 12:26:32 - [MESSAGE][INFO] - Found 1 web elements with id: 'Object Repository/Page_DemarcheRenouvellement/btn_JeCommence' located by 'By.xpath: //app-informations-declaration//app-actions-bar//button/span[contains(.,'Je continue')]|//app-informations-demande-ptsq//app-actions-bar//button/span[contains(.,'Je continue')]|//*/div[2]/button/span|//button[@type="submit" and contains(., 'Je commence')]|//button[@type="submit" and contains(., 'Je continue')]' in '5' second(s)

2023-11-24 12:26:32 - [MESSAGE][INFO] - Clicking on object: 'Object Repository/Page_DemarcheRenouvellement/btn_JeCommence'

2023-11-24 12:26:34 - [MESSAGE][PASSED] - Object: 'Object Repository/Page_DemarcheRenouvellement/btn_JeCommence' is clicked on

2023-11-24 12:26:34 - [TEST_STEP][PASSED] - check(findTestObject("Object Repository/Page_DemarcheRenouvellement/CheckBox_SolliciteTS_TS-PT-FrenchTechVisaForInvestors")): Object 'Object Repository/Page_DemarcheRenouvellement/CheckBox_SolliciteTS_TS-PT-FrenchTechVisaForInvestors' is checked

2023-11-24 12:26:34 - [MESSAGE][INFO] - Finding Test Object 'Object Repository/Page_DemarcheRenouvellement/CheckBox_SolliciteTS_TS-PT-FrenchTechVisaForInvestors'

2023-11-24 12:26:34 - [MESSAGE][INFO] - Checking object

2023-11-24 12:26:34 - [MESSAGE][INFO] - Finding web element from Test Object's properties

2023-11-24 12:26:34 - [MESSAGE][INFO] - Checking timeout

2023-11-24 12:26:34 - [MESSAGE][INFO] - Finding web element with id: 'Object Repository/Page_DemarcheRenouvellement/CheckBox_SolliciteTS_TS-PT-FrenchTechVisaForInvestors' located by 'By.xpath: /html/body/app-root/div/app-portal/main/app-theme-v2/div/app-triage-intermediaire/div/div/div/form/div/div[1]/p-radiobutton/div/div[2]/span' in '5' second(s)

2023-11-24 12:26:34 - [MESSAGE][INFO] - Smart Wait Function is triggered

2023-11-24 12:26:34 - [MESSAGE][INFO] - Smart Wait Function is triggered

2023-11-24 12:26:34 - [MESSAGE][INFO] - Smart Wait Function is triggered

2023-11-24 12:26:34 - [MESSAGE][INFO] - Smart Wait Function is triggered

2023-11-24 12:26:34 - [MESSAGE][INFO] - Smart Wait Function is triggered

2023-11-24 12:26:34 - [MESSAGE][INFO] - Smart Wait Function is triggered

2023-11-24 12:26:34 - [MESSAGE][INFO] - Smart Wait Function is triggered

2023-11-24 12:26:34 - [MESSAGE][INFO] - Smart Wait Function is triggered

2023-11-24 12:26:34 - [MESSAGE][INFO] - Smart Wait Function is triggered

2023-11-24 12:26:34 - [MESSAGE][INFO] - Smart Wait Function is triggered

2023-11-24 12:26:34 - [MESSAGE][INFO] - Smart Wait Function is triggered

2023-11-24 12:26:34 - [MESSAGE][INFO] - Smart Wait Function is triggered

2023-11-24 12:26:34 - [MESSAGE][INFO] - Smart Wait Function is triggered

2023-11-24 12:26:34 - [MESSAGE][INFO] - Smart Wait Function is triggered

2023-11-24 12:26:35 - [MESSAGE][INFO] - Smart Wait Function is triggered

2023-11-24 12:26:35 - [MESSAGE][INFO] - Smart Wait Function is triggered

2023-11-24 12:26:35 - [MESSAGE][INFO] - Smart Wait Function is triggered

2023-11-24 12:26:35 - [MESSAGE][INFO] - Smart Wait Function is triggered

2023-11-24 12:26:35 - [MESSAGE][INFO] - Smart Wait Function is triggered

2023-11-24 12:26:35 - [MESSAGE][INFO] - Smart Wait Function is triggered

2023-11-24 12:26:35 - [MESSAGE][INFO] - Smart Wait Function is triggered

2023-11-24 12:26:35 - [MESSAGE][INFO] - Smart Wait Function is triggered

2023-11-24 12:26:35 - [MESSAGE][INFO] - Smart Wait Function is triggered

2023-11-24 12:26:35 - [MESSAGE][INFO] - Smart Wait Function is triggered

2023-11-24 12:26:35 - [MESSAGE][INFO] - Smart Wait Function is triggered

2023-11-24 12:26:35 - [MESSAGE][INFO] - Smart Wait Function is triggered

2023-11-24 12:26:35 - [MESSAGE][INFO] - Smart Wait Function is triggered

2023-11-24 12:26:35 - [MESSAGE][INFO] - Smart Wait Function is triggered

2023-11-24 12:26:35 - [MESSAGE][INFO] - Smart Wait Function is triggered

2023-11-24 12:26:35 - [MESSAGE][INFO] - Smart Wait Function is triggered

2023-11-24 12:26:35 - [MESSAGE][INFO] - Smart Wait Function is triggered

2023-11-24 12:26:35 - [MESSAGE][INFO] - Smart Wait Function is triggered

2023-11-24 12:26:35 - [MESSAGE][INFO] - Smart Wait Function is triggered

2023-11-24 12:26:35 - [MESSAGE][INFO] - Smart Wait Function is triggered

2023-11-24 12:26:35 - [MESSAGE][INFO] - Smart Wait Function is triggered

2023-11-24 12:26:35 - [MESSAGE][INFO] - Smart Wait Function is triggered

2023-11-24 12:26:35 - [MESSAGE][INFO] - Found 1 web elements with id: 'Object Repository/Page_DemarcheRenouvellement/CheckBox_SolliciteTS_TS-PT-FrenchTechVisaForInvestors' located by 'By.xpath: /html/body/app-root/div/app-portal/main/app-theme-v2/div/app-triage-intermediaire/div/div/div/form/div/div[1]/p-radiobutton/div/div[2]/span' in '5' second(s)

2023-11-24 12:26:35 - [MESSAGE][INFO] - Checking on bject 'Object Repository/Page_DemarcheRenouvellement/CheckBox_SolliciteTS_TS-PT-FrenchTechVisaForInvestors'

2023-11-24 12:26:37 - [MESSAGE][PASSED] - Object 'Object Repository/Page_DemarcheRenouvellement/CheckBox_SolliciteTS_TS-PT-FrenchTechVisaForInvestors' is checked

2023-11-24 12:26:37 - [TEST_STEP][PASSED] - click(findTestObject("Object Repository/Page_DemarcheRenouvellement/btn_JeCommence")): Object: 'Object Repository/Page_DemarcheRenouvellement/btn_JeCommence' is clicked on

2023-11-24 12:26:37 - [MESSAGE][INFO] - Finding Test Object 'Object Repository/Page_DemarcheRenouvellement/btn_JeCommence'

2023-11-24 12:26:37 - [MESSAGE][INFO] - Checking timeout

2023-11-24 12:26:37 - [MESSAGE][INFO] - Finding web element with id: 'Object Repository/Page_DemarcheRenouvellement/btn_JeCommence' located by 'By.xpath: //app-informations-declaration//app-actions-bar//button/span[contains(.,'Je continue')]|//app-informations-demande-ptsq//app-actions-bar//button/span[contains(.,'Je continue')]|//*/div[2]/button/span|//button[@type="submit" and contains(., 'Je commence')]|//button[@type="submit" and contains(., 'Je continue')]' in '20' second(s)

2023-11-24 12:26:37 - [MESSAGE][INFO] - Smart Wait Function is triggered

2023-11-24 12:26:38 - [MESSAGE][INFO] - Found 1 web elements with id: 'Object Repository/Page_DemarcheRenouvellement/btn_JeCommence' located by 'By.xpath: //app-informations-declaration//app-actions-bar//button/span[contains(.,'Je continue')]|//app-informations-demande-ptsq//app-actions-bar//button/span[contains(.,'Je continue')]|//*/div[2]/button/span|//button[@type="submit" and contains(., 'Je commence')]|//button[@type="submit" and contains(., 'Je continue')]' in '20' second(s)

2023-11-24 12:26:38 - [MESSAGE][INFO] - Checking object

2023-11-24 12:26:38 - [MESSAGE][INFO] - Checking timeout

2023-11-24 12:26:38 - [MESSAGE][INFO] - Finding web element from Test Object's properties

2023-11-24 12:26:38 - [MESSAGE][INFO] - Checking timeout

2023-11-24 12:26:38 - [MESSAGE][INFO] - Finding web element with id: 'Object Repository/Page_DemarcheRenouvellement/btn_JeCommence' located by 'By.xpath: //app-informations-declaration//app-actions-bar//button/span[contains(.,'Je continue')]|//app-informations-demande-ptsq//app-actions-bar//button/span[contains(.,'Je continue')]|//*/div[2]/button/span|//button[@type="submit" and contains(., 'Je commence')]|//button[@type="submit" and contains(., 'Je continue')]' in '5' second(s)

2023-11-24 12:26:38 - [MESSAGE][INFO] - Smart Wait Function is triggered

2023-11-24 12:26:38 - [MESSAGE][INFO] - Found 1 web elements with id: 'Object Repository/Page_DemarcheRenouvellement/btn_JeCommence' located by 'By.xpath: //app-informations-declaration//app-actions-bar//button/span[contains(.,'Je continue')]|//app-informations-demande-ptsq//app-actions-bar//button/span[contains(.,'Je continue')]|//*/div[2]/button/span|//button[@type="submit" and contains(., 'Je commence')]|//button[@type="submit" and contains(., 'Je continue')]' in '5' second(s)

2023-11-24 12:26:38 - [MESSAGE][INFO] - Clicking on object: 'Object Repository/Page_DemarcheRenouvellement/btn_JeCommence'

2023-11-24 12:26:40 - [MESSAGE][PASSED] - Object: 'Object Repository/Page_DemarcheRenouvellement/btn_JeCommence' is clicked on

2023-11-24 12:26:40 - [TEST_STEP][PASSED] - delay(3): Delayed 3 second(s)

2023-11-24 12:26:40 - [MESSAGE][INFO] - Delaying browser in 3 second(s)

2023-11-24 12:26:43 - [MESSAGE][PASSED] - Delayed 3 second(s)

2023-11-24 12:26:43 - [TEST_STEP][PASSED] - click(findTestObject("Object Repository/Page_DemarcheRenouvellement/Btn_JeContinue")): Object: 'Object Repository/Page_DemarcheRenouvellement/Btn_JeContinue' is clicked on

2023-11-24 12:26:43 - [MESSAGE][INFO] - Finding Test Object 'Object Repository/Page_DemarcheRenouvellement/Btn_JeContinue'

2023-11-24 12:26:43 - [MESSAGE][INFO] - Checking timeout

2023-11-24 12:26:43 - [MESSAGE][INFO] - Finding web element with id: 'Object Repository/Page_DemarcheRenouvellement/Btn_JeContinue' located by 'By.xpath: //button[@type="submit" and contains(., 'Je commence')]|//span[@class="ui-button-text ui-clickable" and contains(., 'Je continue')]|//app-informations-declaration//app-actions-bar//button/span[contains(.,'Je continue')]|//app-informations-demande-ptch/div/app-actions-bar/div/div[2]/div/div[2]/button/span' in '20' second(s)

2023-11-24 12:26:43 - [MESSAGE][INFO] - Smart Wait Function is triggered

2023-11-24 12:26:43 - [MESSAGE][INFO] - Found 1 web elements with id: 'Object Repository/Page_DemarcheRenouvellement/Btn_JeContinue' located by 'By.xpath: //button[@type="submit" and contains(., 'Je commence')]|//span[@class="ui-button-text ui-clickable" and contains(., 'Je continue')]|//app-informations-declaration//app-actions-bar//button/span[contains(.,'Je continue')]|//app-informations-demande-ptch/div/app-actions-bar/div/div[2]/div/div[2]/button/span' in '20' second(s)

2023-11-24 12:26:43 - [MESSAGE][INFO] - Checking object

2023-11-24 12:26:43 - [MESSAGE][INFO] - Checking timeout

2023-11-24 12:26:43 - [MESSAGE][INFO] - Finding web element from Test Object's properties

2023-11-24 12:26:43 - [MESSAGE][INFO] - Checking timeout

2023-11-24 12:26:43 - [MESSAGE][INFO] - Finding web element with id: 'Object Repository/Page_DemarcheRenouvellement/Btn_JeContinue' located by 'By.xpath: //button[@type="submit" and contains(., 'Je commence')]|//span[@class="ui-button-text ui-clickable" and contains(., 'Je continue')]|//app-informations-declaration//app-actions-bar//button/span[contains(.,'Je continue')]|//app-informations-demande-ptch/div/app-actions-bar/div/div[2]/div/div[2]/button/span' in '5' second(s)

2023-11-24 12:26:43 - [MESSAGE][INFO] - Smart Wait Function is triggered

2023-11-24 12:26:43 - [MESSAGE][INFO] - Found 1 web elements with id: 'Object Repository/Page_DemarcheRenouvellement/Btn_JeContinue' located by 'By.xpath: //button[@type="submit" and contains(., 'Je commence')]|//span[@class="ui-button-text ui-clickable" and contains(., 'Je continue')]|//app-informations-declaration//app-actions-bar//button/span[contains(.,'Je continue')]|//app-informations-demande-ptch/div/app-actions-bar/div/div[2]/div/div[2]/button/span' in '5' second(s)

2023-11-24 12:26:43 - [MESSAGE][INFO] - Clicking on object: 'Object Repository/Page_DemarcheRenouvellement/Btn_JeContinue'

2023-11-24 12:26:45 - [MESSAGE][PASSED] - Object: 'Object Repository/Page_DemarcheRenouvellement/Btn_JeContinue' is clicked on

2023-11-24 12:26:45 - [TEST_STEP][PASSED] - break: null

2023-11-24 12:26:45 - [TEST_STEP][PASSED] - "Vérification s il y a un message Erreur : Il est trop tôt pour demander le renouvellement de votre titre.": null

2023-11-24 12:26:45 - [TEST_STEP][PASSED] - MsgAlertPresent = verifyElementPresent(findTestObject("Object Repository/Page_Accueil_Usager/Verif_PopUpTropTotPourDemanderLeRenouvellementDeVotreTitre"), 1, OPTIONAL): com.kms.katalon.core.webui.exception.WebElementNotFoundException: Web element with id: 'Object Repository/Page_Accueil_Usager/Verif_PopUpTropTotPourDemanderLeRenouvellementDeVotreTitre' located by '/html/body/app-root/div/app-portal/main/app-theme-v2/div/app-triage/div/div/div/form/div[2]/div/p-message/div/span[2]' not found (Root cause: com.kms.katalon.core.exception.StepFailedException: com.kms.katalon.core.webui.exception.WebElementNotFoundException: Web element with id: 'Object Repository/Page_Accueil_Usager/Verif_PopUpTropTotPourDemanderLeRenouvellementDeVotreTitre' located by '/html/body/app-root/div/app-portal/main/app-theme-v2/div/app-triage/div/div/div/form/div[2]/div/p-message/div/span[2]' not found
	at com.kms.katalon.core.webui.keyword.internal.WebUIKeywordMain.stepFailed(WebUIKeywordMain.groovy:64)
	at com.kms.katalon.core.webui.keyword.builtin.VerifyElementPresentKeyword$_verifyElementPresent_closure1.doCall(VerifyElementPresentKeyword.groovy:85)
	at com.kms.katalon.core.webui.keyword.builtin.VerifyElementPresentKeyword$_verifyElementPresent_closure1.call(VerifyElementPresentKeyword.groovy)
	at com.kms.katalon.core.webui.keyword.internal.WebUIKeywordMain.runKeyword(WebUIKeywordMain.groovy:20)
	at com.kms.katalon.core.webui.keyword.builtin.VerifyElementPresentKeyword.verifyElementPresent(VerifyElementPresentKeyword.groovy:92)
	at com.kms.katalon.core.webui.keyword.builtin.VerifyElementPresentKeyword.execute(VerifyElementPresentKeyword.groovy:68)
	at com.kms.katalon.core.keyword.internal.KeywordExecutor.executeKeywordForPlatform(KeywordExecutor.groovy:74)
	at com.kms.katalon.core.webui.keyword.WebUiBuiltInKeywords.verifyElementPresent(WebUiBuiltInKeywords.groovy:1448)
	at com.kazurayam.ksbackyard.HighlightElement$_pandemic_closure1.doCall(HighlightElement.groovy:105)
	at FormulaireTypeDeTitreDeSejour.run(FormulaireTypeDeTitreDeSejour:302)
	at com.kms.katalon.core.main.ScriptEngine.run(ScriptEngine.java:194)
	at com.kms.katalon.core.main.ScriptEngine.runScriptAsRawText(ScriptEngine.java:119)
	at com.kms.katalon.core.main.TestCaseExecutor.runScript(TestCaseExecutor.java:448)
	at com.kms.katalon.core.main.TestCaseExecutor.doExecute(TestCaseExecutor.java:439)
	at com.kms.katalon.core.main.TestCaseExecutor.processExecutionPhase(TestCaseExecutor.java:418)
	at com.kms.katalon.core.main.TestCaseExecutor.accessMainPhase(TestCaseExecutor.java:410)
	at com.kms.katalon.core.main.TestCaseExecutor.execute(TestCaseExecutor.java:285)
	at com.kms.katalon.core.main.TestCaseMain.runTestCase(TestCaseMain.java:144)
	at com.kms.katalon.core.keyword.builtin.CallTestCaseKeyword$_callTestCase_closure1.doCall(CallTestCaseKeyword.groovy:59)
	at com.kms.katalon.core.keyword.builtin.CallTestCaseKeyword$_callTestCase_closure1.call(CallTestCaseKeyword.groovy)
	at com.kms.katalon.core.keyword.internal.KeywordMain.runKeyword(KeywordMain.groovy:75)
	at com.kms.katalon.core.keyword.builtin.CallTestCaseKeyword.callTestCase(CallTestCaseKeyword.groovy:81)
	at com.kms.katalon.core.keyword.builtin.CallTestCaseKeyword.execute(CallTestCaseKeyword.groovy:44)
	at com.kms.katalon.core.keyword.internal.KeywordExecutor.executeKeywordForPlatform(KeywordExecutor.groovy:74)
	at com.kms.katalon.core.keyword.BuiltinKeywords.callTestCase(BuiltinKeywords.groovy:310)
	at com.kazurayam.ksbackyard.HighlightElement$_pandemic_closure1.doCall(HighlightElement.groovy:105)
	at TNR R.TSPT Supp90-Etudiant.run(TNR R.TSPT Supp90-Etudiant:43)
	at com.kms.katalon.core.main.ScriptEngine.run(ScriptEngine.java:194)
	at com.kms.katalon.core.main.ScriptEngine.runScriptAsRawText(ScriptEngine.java:119)
	at com.kms.katalon.core.main.TestCaseExecutor.runScript(TestCaseExecutor.java:448)
	at com.kms.katalon.core.main.TestCaseExecutor.doExecute(TestCaseExecutor.java:439)
	at com.kms.katalon.core.main.TestCaseExecutor.processExecutionPhase(TestCaseExecutor.java:418)
	at com.kms.katalon.core.main.TestCaseExecutor.accessMainPhase(TestCaseExecutor.java:410)
	at com.kms.katalon.core.main.TestCaseExecutor.execute(TestCaseExecutor.java:285)
	at com.kms.katalon.core.common.CommonExecutor.accessTestCaseMainPhase(CommonExecutor.java:65)
	at com.kms.katalon.core.main.TestSuiteExecutor.accessTestSuiteMainPhase(TestSuiteExecutor.java:148)
	at com.kms.katalon.core.main.TestSuiteExecutor.execute(TestSuiteExecutor.java:106)
	at com.kms.katalon.core.main.TestCaseMain.startTestSuite(TestCaseMain.java:187)
	at com.kms.katalon.core.main.TestCaseMain$startTestSuite$0.call(Unknown Source)
	at TempTestSuite1700824657414.run(TempTestSuite1700824657414.groovy:36)
)

2023-11-24 12:26:45 - [MESSAGE][INFO] - Finding Test Object 'Object Repository/Page_Accueil_Usager/Verif_PopUpTropTotPourDemanderLeRenouvellementDeVotreTitre'

2023-11-24 12:26:45 - [MESSAGE][INFO] - Checking object

2023-11-24 12:26:45 - [MESSAGE][INFO] - Finding web element from Test Object's properties

2023-11-24 12:26:45 - [MESSAGE][INFO] - Checking timeout

2023-11-24 12:26:45 - [MESSAGE][INFO] - Finding web element with id: 'Object Repository/Page_Accueil_Usager/Verif_PopUpTropTotPourDemanderLeRenouvellementDeVotreTitre' located by 'By.xpath: /html/body/app-root/div/app-portal/main/app-theme-v2/div/app-triage/div/div/div/form/div[2]/div/p-message/div/span[2]' in '1' second(s)

2023-11-24 12:26:45 - [MESSAGE][INFO] - Smart Wait Function is triggered

2023-11-24 12:26:45 - [MESSAGE][INFO] - Smart Wait Function is triggered

2023-11-24 12:26:45 - [MESSAGE][INFO] - Smart Wait Function is triggered

2023-11-24 12:26:45 - [MESSAGE][INFO] - Smart Wait Function is triggered

2023-11-24 12:26:45 - [MESSAGE][INFO] - Smart Wait Function is triggered

2023-11-24 12:26:45 - [MESSAGE][INFO] - Smart Wait Function is triggered

2023-11-24 12:26:45 - [MESSAGE][INFO] - Smart Wait Function is triggered

2023-11-24 12:26:45 - [MESSAGE][INFO] - Smart Wait Function is triggered

2023-11-24 12:26:45 - [MESSAGE][INFO] - Smart Wait Function is triggered

2023-11-24 12:26:45 - [MESSAGE][INFO] - Smart Wait Function is triggered

2023-11-24 12:26:45 - [MESSAGE][INFO] - Smart Wait Function is triggered

2023-11-24 12:26:45 - [MESSAGE][INFO] - Smart Wait Function is triggered

2023-11-24 12:26:45 - [MESSAGE][INFO] - Smart Wait Function is triggered

2023-11-24 12:26:45 - [MESSAGE][INFO] - Smart Wait Function is triggered

2023-11-24 12:26:45 - [MESSAGE][INFO] - Smart Wait Function is triggered

2023-11-24 12:26:46 - [MESSAGE][INFO] - Smart Wait Function is triggered

2023-11-24 12:26:46 - [MESSAGE][INFO] - Smart Wait Function is triggered

2023-11-24 12:26:46 - [MESSAGE][INFO] - Smart Wait Function is triggered

2023-11-24 12:26:46 - [MESSAGE][INFO] - Smart Wait Function is triggered

2023-11-24 12:26:46 - [MESSAGE][INFO] - Smart Wait Function is triggered

2023-11-24 12:26:46 - [MESSAGE][INFO] - Smart Wait Function is triggered

2023-11-24 12:26:46 - [MESSAGE][INFO] - Smart Wait Function is triggered

2023-11-24 12:26:46 - [MESSAGE][INFO] - Smart Wait Function is triggered

2023-11-24 12:26:46 - [MESSAGE][INFO] - Smart Wait Function is triggered

2023-11-24 12:26:46 - [MESSAGE][INFO] - Smart Wait Function is triggered

2023-11-24 12:26:46 - [MESSAGE][INFO] - Smart Wait Function is triggered

2023-11-24 12:26:46 - [MESSAGE][INFO] - Smart Wait Function is triggered

2023-11-24 12:26:46 - [MESSAGE][INFO] - Smart Wait Function is triggered

2023-11-24 12:26:46 - [MESSAGE][INFO] - Smart Wait Function is triggered

2023-11-24 12:26:46 - [MESSAGE][INFO] - Smart Wait Function is triggered

2023-11-24 12:26:46 - [MESSAGE][INFO] - Smart Wait Function is triggered

2023-11-24 12:26:46 - [MESSAGE][INFO] - Smart Wait Function is triggered

2023-11-24 12:26:46 - [MESSAGE][INFO] - Smart Wait Function is triggered

2023-11-24 12:26:46 - [MESSAGE][INFO] - Smart Wait Function is triggered

2023-11-24 12:26:46 - [MESSAGE][INFO] - Smart Wait Function is triggered

2023-11-24 12:26:47 - [MESSAGE][INFO] - Smart Wait Function is triggered

2023-11-24 12:26:47 - [MESSAGE][INFO] - Smart Wait Function is triggered

2023-11-24 12:26:47 - [MESSAGE][INFO] - Smart Wait Function is triggered

2023-11-24 12:26:47 - [MESSAGE][INFO] - Smart Wait Function is triggered

2023-11-24 12:26:47 - [MESSAGE][INFO] - Smart Wait Function is triggered

2023-11-24 12:26:47 - [MESSAGE][INFO] - Smart Wait Function is triggered

2023-11-24 12:26:47 - [MESSAGE][INFO] - Smart Wait Function is triggered

2023-11-24 12:26:47 - [MESSAGE][INFO] - Smart Wait Function is triggered

2023-11-24 12:26:47 - [MESSAGE][INFO] - Smart Wait Function is triggered

2023-11-24 12:26:47 - [MESSAGE][INFO] - Smart Wait Function is triggered

2023-11-24 12:26:47 - [MESSAGE][INFO] - Smart Wait Function is triggered

2023-11-24 12:26:47 - [MESSAGE][INFO] - Smart Wait Function is triggered

2023-11-24 12:26:47 - [MESSAGE][INFO] - Smart Wait Function is triggered

2023-11-24 12:26:47 - [MESSAGE][INFO] - Smart Wait Function is triggered

2023-11-24 12:26:47 - [MESSAGE][INFO] - Smart Wait Function is triggered

2023-11-24 12:26:47 - [MESSAGE][INFO] - Smart Wait Function is triggered

2023-11-24 12:26:47 - [MESSAGE][INFO] - Unable to find the element located by 'By.xpath: /html/body/app-root/div/app-portal/main/app-theme-v2/div/app-triage/div/div/div/form/div[2]/div/p-message/div/span[2]'. Please recheck the objects properties to make sure the desired element is located. 

2023-11-24 12:26:47 - [MESSAGE][WARNING] - com.kms.katalon.core.webui.exception.WebElementNotFoundException: Web element with id: 'Object Repository/Page_Accueil_Usager/Verif_PopUpTropTotPourDemanderLeRenouvellementDeVotreTitre' located by '/html/body/app-root/div/app-portal/main/app-theme-v2/div/app-triage/div/div/div/form/div[2]/div/p-message/div/span[2]' not found (Root cause: com.kms.katalon.core.exception.StepFailedException: com.kms.katalon.core.webui.exception.WebElementNotFoundException: Web element with id: 'Object Repository/Page_Accueil_Usager/Verif_PopUpTropTotPourDemanderLeRenouvellementDeVotreTitre' located by '/html/body/app-root/div/app-portal/main/app-theme-v2/div/app-triage/div/div/div/form/div[2]/div/p-message/div/span[2]' not found
	at com.kms.katalon.core.webui.keyword.internal.WebUIKeywordMain.stepFailed(WebUIKeywordMain.groovy:64)
	at com.kms.katalon.core.webui.keyword.builtin.VerifyElementPresentKeyword$_verifyElementPresent_closure1.doCall(VerifyElementPresentKeyword.groovy:85)
	at com.kms.katalon.core.webui.keyword.builtin.VerifyElementPresentKeyword$_verifyElementPresent_closure1.call(VerifyElementPresentKeyword.groovy)
	at com.kms.katalon.core.webui.keyword.internal.WebUIKeywordMain.runKeyword(WebUIKeywordMain.groovy:20)
	at com.kms.katalon.core.webui.keyword.builtin.VerifyElementPresentKeyword.verifyElementPresent(VerifyElementPresentKeyword.groovy:92)
	at com.kms.katalon.core.webui.keyword.builtin.VerifyElementPresentKeyword.execute(VerifyElementPresentKeyword.groovy:68)
	at com.kms.katalon.core.keyword.internal.KeywordExecutor.executeKeywordForPlatform(KeywordExecutor.groovy:74)
	at com.kms.katalon.core.webui.keyword.WebUiBuiltInKeywords.verifyElementPresent(WebUiBuiltInKeywords.groovy:1448)
	at com.kazurayam.ksbackyard.HighlightElement$_pandemic_closure1.doCall(HighlightElement.groovy:105)
	at FormulaireTypeDeTitreDeSejour.run(FormulaireTypeDeTitreDeSejour:302)
	at com.kms.katalon.core.main.ScriptEngine.run(ScriptEngine.java:194)
	at com.kms.katalon.core.main.ScriptEngine.runScriptAsRawText(ScriptEngine.java:119)
	at com.kms.katalon.core.main.TestCaseExecutor.runScript(TestCaseExecutor.java:448)
	at com.kms.katalon.core.main.TestCaseExecutor.doExecute(TestCaseExecutor.java:439)
	at com.kms.katalon.core.main.TestCaseExecutor.processExecutionPhase(TestCaseExecutor.java:418)
	at com.kms.katalon.core.main.TestCaseExecutor.accessMainPhase(TestCaseExecutor.java:410)
	at com.kms.katalon.core.main.TestCaseExecutor.execute(TestCaseExecutor.java:285)
	at com.kms.katalon.core.main.TestCaseMain.runTestCase(TestCaseMain.java:144)
	at com.kms.katalon.core.keyword.builtin.CallTestCaseKeyword$_callTestCase_closure1.doCall(CallTestCaseKeyword.groovy:59)
	at com.kms.katalon.core.keyword.builtin.CallTestCaseKeyword$_callTestCase_closure1.call(CallTestCaseKeyword.groovy)
	at com.kms.katalon.core.keyword.internal.KeywordMain.runKeyword(KeywordMain.groovy:75)
	at com.kms.katalon.core.keyword.builtin.CallTestCaseKeyword.callTestCase(CallTestCaseKeyword.groovy:81)
	at com.kms.katalon.core.keyword.builtin.CallTestCaseKeyword.execute(CallTestCaseKeyword.groovy:44)
	at com.kms.katalon.core.keyword.internal.KeywordExecutor.executeKeywordForPlatform(KeywordExecutor.groovy:74)
	at com.kms.katalon.core.keyword.BuiltinKeywords.callTestCase(BuiltinKeywords.groovy:310)
	at com.kazurayam.ksbackyard.HighlightElement$_pandemic_closure1.doCall(HighlightElement.groovy:105)
	at TNR R.TSPT Supp90-Etudiant.run(TNR R.TSPT Supp90-Etudiant:43)
	at com.kms.katalon.core.main.ScriptEngine.run(ScriptEngine.java:194)
	at com.kms.katalon.core.main.ScriptEngine.runScriptAsRawText(ScriptEngine.java:119)
	at com.kms.katalon.core.main.TestCaseExecutor.runScript(TestCaseExecutor.java:448)
	at com.kms.katalon.core.main.TestCaseExecutor.doExecute(TestCaseExecutor.java:439)
	at com.kms.katalon.core.main.TestCaseExecutor.processExecutionPhase(TestCaseExecutor.java:418)
	at com.kms.katalon.core.main.TestCaseExecutor.accessMainPhase(TestCaseExecutor.java:410)
	at com.kms.katalon.core.main.TestCaseExecutor.execute(TestCaseExecutor.java:285)
	at com.kms.katalon.core.common.CommonExecutor.accessTestCaseMainPhase(CommonExecutor.java:65)
	at com.kms.katalon.core.main.TestSuiteExecutor.accessTestSuiteMainPhase(TestSuiteExecutor.java:148)
	at com.kms.katalon.core.main.TestSuiteExecutor.execute(TestSuiteExecutor.java:106)
	at com.kms.katalon.core.main.TestCaseMain.startTestSuite(TestCaseMain.java:187)
	at com.kms.katalon.core.main.TestCaseMain$startTestSuite$0.call(Unknown Source)
	at TempTestSuite1700824657414.run(TempTestSuite1700824657414.groovy:36)
)
[[ATTACHMENT|C:\\Users\\ISSAM.RHARBAOUI\\git\\22_11\\ANEF-AutomatizationProject\\Reports\\20231124_121737\\TS_TNR_R.TSPT_Suppo90\\20231124_121737\\1700825207552.png]]

2023-11-24 12:26:47 - [TEST_STEP][PASSED] - if (MsgAlertPresent): null

2023-11-24 12:26:47 - [TEST_STEP][PASSED] - else:  C'est le bon Moment pour demander le renouvellement de votre titre.

2023-11-24 12:26:47 - [TEST_STEP][PASSED] - markPassed(" C'est le bon Moment pour demander le renouvellement de votre titre."):  C'est le bon Moment pour demander le renouvellement de votre titre.

2023-11-24 12:26:47 - [MESSAGE][PASSED] -  C'est le bon Moment pour demander le renouvellement de votre titre.

2023-11-24 12:26:47 - [MESSAGE][PASSED] - Call Test Case 'Test Cases/Test Reutilisable/DemandeOuRenouvelle_TitreSejour/FormulaireTypeDeTitreDeSejour' successfully

2023-11-24 12:26:47 - [TEST_STEP][PASSED] - callTestCase(findTestCase("Test Reutilisable/DemandeOuRenouvelle_TitreSejour/FormulaireInformationsPersonnelles"), ["AdresseUsager":AdresseUsager, "NumeroTelephoneUsager":NumeroTelephoneUsager], STOP_ON_FAILURE): Call Test Case 'Test Cases/Test Reutilisable/DemandeOuRenouvelle_TitreSejour/FormulaireInformationsPersonnelles' successfully

2023-11-24 12:26:47 - [MESSAGE][INFO] - Checking called Test Case

2023-11-24 12:26:47 - [MESSAGE][INFO] - Starting to call Test Case 'Test Cases/Test Reutilisable/DemandeOuRenouvelle_TitreSejour/FormulaireInformationsPersonnelles'

2023-11-24 12:26:47 - [TEST_CASE][PASSED] - Test Cases/Test Reutilisable/DemandeOuRenouvelle_TitreSejour/FormulaireInformationsPersonnelles: Test Cases/Test Reutilisable/DemandeOuRenouvelle_TitreSejour/FormulaireInformationsPersonnelles

2023-11-24 12:26:47 - [TEST_STEP][PASSED] - com.kazurayam.ksbackyard.HighlightElement.pandemic(): com.kazurayam.ksbackyard.HighlightElement.pandemic is PASSED

2023-11-24 12:26:47 - [MESSAGE][PASSED] - com.kazurayam.ksbackyard.HighlightElement.pandemic is PASSED

2023-11-24 12:26:47 - [TEST_STEP][PASSED] - if (verifyElementPresent(findTestObject("Object Repository/Page_InformationPersonnelles_Usager/CheckBox_liensPersonnelsFamiliaux_1_Non"), 1, OPTIONAL)): null

2023-11-24 12:26:47 - [MESSAGE][INFO] - Finding Test Object 'Object Repository/Page_InformationPersonnelles_Usager/CheckBox_liensPersonnelsFamiliaux_1_Non'

2023-11-24 12:26:48 - [MESSAGE][INFO] - Checking object

2023-11-24 12:26:48 - [MESSAGE][INFO] - Finding web element from Test Object's properties

2023-11-24 12:26:48 - [MESSAGE][INFO] - Checking timeout

2023-11-24 12:26:48 - [MESSAGE][INFO] - Finding web element with id: 'Object Repository/Page_InformationPersonnelles_Usager/CheckBox_liensPersonnelsFamiliaux_1_Non' located by 'By.xpath: //*[@id="ui-accordiontab-1-content"]/div/div/div[1]/div/anef-input-radio/div/div/fieldset/div/div[2]/p-radiobutton/div/div[2]/span|//*[@id="ui-accordiontab-9-content"]/div/app-has-enfants-charge/div/div/anef-input-radio/div/div/fieldset/div/div[2]/p-radiobutton/div/div[2]/span' in '1' second(s)

2023-11-24 12:26:48 - [MESSAGE][INFO] - Smart Wait Function is triggered

2023-11-24 12:26:48 - [MESSAGE][INFO] - Found 1 web elements with id: 'Object Repository/Page_InformationPersonnelles_Usager/CheckBox_liensPersonnelsFamiliaux_1_Non' located by 'By.xpath: //*[@id="ui-accordiontab-1-content"]/div/div/div[1]/div/anef-input-radio/div/div/fieldset/div/div[2]/p-radiobutton/div/div[2]/span|//*[@id="ui-accordiontab-9-content"]/div/app-has-enfants-charge/div/div/anef-input-radio/div/div/fieldset/div/div[2]/p-radiobutton/div/div[2]/span' in '1' second(s)

2023-11-24 12:26:48 - [MESSAGE][PASSED] - Object 'Object Repository/Page_InformationPersonnelles_Usager/CheckBox_liensPersonnelsFamiliaux_1_Non' is present

2023-11-24 12:26:48 - [TEST_STEP][PASSED] - check(findTestObject("Object Repository/Page_InformationPersonnelles_Usager/CheckBox_liensPersonnelsFamiliaux_1_Non"), OPTIONAL): Object 'Object Repository/Page_InformationPersonnelles_Usager/CheckBox_liensPersonnelsFamiliaux_1_Non' is checked

2023-11-24 12:26:48 - [MESSAGE][INFO] - Finding Test Object 'Object Repository/Page_InformationPersonnelles_Usager/CheckBox_liensPersonnelsFamiliaux_1_Non'

2023-11-24 12:26:48 - [MESSAGE][INFO] - Checking object

2023-11-24 12:26:48 - [MESSAGE][INFO] - Finding web element from Test Object's properties

2023-11-24 12:26:48 - [MESSAGE][INFO] - Checking timeout

2023-11-24 12:26:48 - [MESSAGE][INFO] - Finding web element with id: 'Object Repository/Page_InformationPersonnelles_Usager/CheckBox_liensPersonnelsFamiliaux_1_Non' located by 'By.xpath: //*[@id="ui-accordiontab-1-content"]/div/div/div[1]/div/anef-input-radio/div/div/fieldset/div/div[2]/p-radiobutton/div/div[2]/span|//*[@id="ui-accordiontab-9-content"]/div/app-has-enfants-charge/div/div/anef-input-radio/div/div/fieldset/div/div[2]/p-radiobutton/div/div[2]/span' in '5' second(s)

2023-11-24 12:26:48 - [MESSAGE][INFO] - Smart Wait Function is triggered

2023-11-24 12:26:48 - [MESSAGE][INFO] - Found 1 web elements with id: 'Object Repository/Page_InformationPersonnelles_Usager/CheckBox_liensPersonnelsFamiliaux_1_Non' located by 'By.xpath: //*[@id="ui-accordiontab-1-content"]/div/div/div[1]/div/anef-input-radio/div/div/fieldset/div/div[2]/p-radiobutton/div/div[2]/span|//*[@id="ui-accordiontab-9-content"]/div/app-has-enfants-charge/div/div/anef-input-radio/div/div/fieldset/div/div[2]/p-radiobutton/div/div[2]/span' in '5' second(s)

2023-11-24 12:26:48 - [MESSAGE][INFO] - Checking on bject 'Object Repository/Page_InformationPersonnelles_Usager/CheckBox_liensPersonnelsFamiliaux_1_Non'

2023-11-24 12:26:50 - [MESSAGE][PASSED] - Object 'Object Repository/Page_InformationPersonnelles_Usager/CheckBox_liensPersonnelsFamiliaux_1_Non' is checked

2023-11-24 12:26:50 - [TEST_STEP][PASSED] - delay(2): Delayed 2 second(s)

2023-11-24 12:26:50 - [MESSAGE][INFO] - Delaying browser in 2 second(s)

2023-11-24 12:26:52 - [MESSAGE][PASSED] - Delayed 2 second(s)

2023-11-24 12:26:52 - [TEST_STEP][PASSED] - if (verifyElementPresent(findTestObject("Object Repository/Page_InformationPersonnelles_Usager/CheckBox_liensPersonnelsFamiliaux_2_Non"), 1, OPTIONAL)): com.kms.katalon.core.webui.exception.WebElementNotFoundException: Web element with id: 'Object Repository/Page_InformationPersonnelles_Usager/CheckBox_liensPersonnelsFamiliaux_2_Non' located by '//*[@id="ui-accordiontab-1-content"]/div/div/div[2]/div/anef-input-radio/div/div/fieldset/div/div[2]/p-radiobutton/div/div[2]' not found (Root cause: com.kms.katalon.core.exception.StepFailedException: com.kms.katalon.core.webui.exception.WebElementNotFoundException: Web element with id: 'Object Repository/Page_InformationPersonnelles_Usager/CheckBox_liensPersonnelsFamiliaux_2_Non' located by '//*[@id="ui-accordiontab-1-content"]/div/div/div[2]/div/anef-input-radio/div/div/fieldset/div/div[2]/p-radiobutton/div/div[2]' not found
	at com.kms.katalon.core.webui.keyword.internal.WebUIKeywordMain.stepFailed(WebUIKeywordMain.groovy:64)
	at com.kms.katalon.core.webui.keyword.builtin.VerifyElementPresentKeyword$_verifyElementPresent_closure1.doCall(VerifyElementPresentKeyword.groovy:85)
	at com.kms.katalon.core.webui.keyword.builtin.VerifyElementPresentKeyword$_verifyElementPresent_closure1.call(VerifyElementPresentKeyword.groovy)
	at com.kms.katalon.core.webui.keyword.internal.WebUIKeywordMain.runKeyword(WebUIKeywordMain.groovy:20)
	at com.kms.katalon.core.webui.keyword.builtin.VerifyElementPresentKeyword.verifyElementPresent(VerifyElementPresentKeyword.groovy:92)
	at com.kms.katalon.core.webui.keyword.builtin.VerifyElementPresentKeyword.execute(VerifyElementPresentKeyword.groovy:68)
	at com.kms.katalon.core.keyword.internal.KeywordExecutor.executeKeywordForPlatform(KeywordExecutor.groovy:74)
	at com.kms.katalon.core.webui.keyword.WebUiBuiltInKeywords.verifyElementPresent(WebUiBuiltInKeywords.groovy:1448)
	at com.kazurayam.ksbackyard.HighlightElement$_pandemic_closure1.doCall(HighlightElement.groovy:105)
	at FormulaireInformationsPersonnelles.run(FormulaireInformationsPersonnelles:33)
	at com.kms.katalon.core.main.ScriptEngine.run(ScriptEngine.java:194)
	at com.kms.katalon.core.main.ScriptEngine.runScriptAsRawText(ScriptEngine.java:119)
	at com.kms.katalon.core.main.TestCaseExecutor.runScript(TestCaseExecutor.java:448)
	at com.kms.katalon.core.main.TestCaseExecutor.doExecute(TestCaseExecutor.java:439)
	at com.kms.katalon.core.main.TestCaseExecutor.processExecutionPhase(TestCaseExecutor.java:418)
	at com.kms.katalon.core.main.TestCaseExecutor.accessMainPhase(TestCaseExecutor.java:410)
	at com.kms.katalon.core.main.TestCaseExecutor.execute(TestCaseExecutor.java:285)
	at com.kms.katalon.core.main.TestCaseMain.runTestCase(TestCaseMain.java:144)
	at com.kms.katalon.core.keyword.builtin.CallTestCaseKeyword$_callTestCase_closure1.doCall(CallTestCaseKeyword.groovy:59)
	at com.kms.katalon.core.keyword.builtin.CallTestCaseKeyword$_callTestCase_closure1.call(CallTestCaseKeyword.groovy)
	at com.kms.katalon.core.keyword.internal.KeywordMain.runKeyword(KeywordMain.groovy:75)
	at com.kms.katalon.core.keyword.builtin.CallTestCaseKeyword.callTestCase(CallTestCaseKeyword.groovy:81)
	at com.kms.katalon.core.keyword.builtin.CallTestCaseKeyword.execute(CallTestCaseKeyword.groovy:44)
	at com.kms.katalon.core.keyword.internal.KeywordExecutor.executeKeywordForPlatform(KeywordExecutor.groovy:74)
	at com.kms.katalon.core.keyword.BuiltinKeywords.callTestCase(BuiltinKeywords.groovy:310)
	at com.kazurayam.ksbackyard.HighlightElement$_pandemic_closure1.doCall(HighlightElement.groovy:105)
	at TNR R.TSPT Supp90-Etudiant.run(TNR R.TSPT Supp90-Etudiant:47)
	at com.kms.katalon.core.main.ScriptEngine.run(ScriptEngine.java:194)
	at com.kms.katalon.core.main.ScriptEngine.runScriptAsRawText(ScriptEngine.java:119)
	at com.kms.katalon.core.main.TestCaseExecutor.runScript(TestCaseExecutor.java:448)
	at com.kms.katalon.core.main.TestCaseExecutor.doExecute(TestCaseExecutor.java:439)
	at com.kms.katalon.core.main.TestCaseExecutor.processExecutionPhase(TestCaseExecutor.java:418)
	at com.kms.katalon.core.main.TestCaseExecutor.accessMainPhase(TestCaseExecutor.java:410)
	at com.kms.katalon.core.main.TestCaseExecutor.execute(TestCaseExecutor.java:285)
	at com.kms.katalon.core.common.CommonExecutor.accessTestCaseMainPhase(CommonExecutor.java:65)
	at com.kms.katalon.core.main.TestSuiteExecutor.accessTestSuiteMainPhase(TestSuiteExecutor.java:148)
	at com.kms.katalon.core.main.TestSuiteExecutor.execute(TestSuiteExecutor.java:106)
	at com.kms.katalon.core.main.TestCaseMain.startTestSuite(TestCaseMain.java:187)
	at com.kms.katalon.core.main.TestCaseMain$startTestSuite$0.call(Unknown Source)
	at TempTestSuite1700824657414.run(TempTestSuite1700824657414.groovy:36)
)

2023-11-24 12:26:52 - [MESSAGE][INFO] - Finding Test Object 'Object Repository/Page_InformationPersonnelles_Usager/CheckBox_liensPersonnelsFamiliaux_2_Non'

2023-11-24 12:26:52 - [MESSAGE][INFO] - Checking object

2023-11-24 12:26:52 - [MESSAGE][INFO] - Finding web element from Test Object's properties

2023-11-24 12:26:52 - [MESSAGE][INFO] - Checking timeout

2023-11-24 12:26:52 - [MESSAGE][INFO] - Finding web element with id: 'Object Repository/Page_InformationPersonnelles_Usager/CheckBox_liensPersonnelsFamiliaux_2_Non' located by 'By.xpath: //*[@id="ui-accordiontab-1-content"]/div/div/div[2]/div/anef-input-radio/div/div/fieldset/div/div[2]/p-radiobutton/div/div[2]' in '1' second(s)

2023-11-24 12:26:52 - [MESSAGE][INFO] - Smart Wait Function is triggered

2023-11-24 12:26:52 - [MESSAGE][INFO] - Smart Wait Function is triggered

2023-11-24 12:26:52 - [MESSAGE][INFO] - Smart Wait Function is triggered

2023-11-24 12:26:52 - [MESSAGE][INFO] - Smart Wait Function is triggered

2023-11-24 12:26:52 - [MESSAGE][INFO] - Smart Wait Function is triggered

2023-11-24 12:26:52 - [MESSAGE][INFO] - Smart Wait Function is triggered

2023-11-24 12:26:52 - [MESSAGE][INFO] - Smart Wait Function is triggered

2023-11-24 12:26:52 - [MESSAGE][INFO] - Smart Wait Function is triggered

2023-11-24 12:26:52 - [MESSAGE][INFO] - Smart Wait Function is triggered

2023-11-24 12:26:52 - [MESSAGE][INFO] - Smart Wait Function is triggered

2023-11-24 12:26:52 - [MESSAGE][INFO] - Smart Wait Function is triggered

2023-11-24 12:26:52 - [MESSAGE][INFO] - Smart Wait Function is triggered

2023-11-24 12:26:52 - [MESSAGE][INFO] - Smart Wait Function is triggered

2023-11-24 12:26:52 - [MESSAGE][INFO] - Smart Wait Function is triggered

2023-11-24 12:26:52 - [MESSAGE][INFO] - Smart Wait Function is triggered

2023-11-24 12:26:53 - [MESSAGE][INFO] - Smart Wait Function is triggered

2023-11-24 12:26:53 - [MESSAGE][INFO] - Smart Wait Function is triggered

2023-11-24 12:26:53 - [MESSAGE][INFO] - Smart Wait Function is triggered

2023-11-24 12:26:53 - [MESSAGE][INFO] - Smart Wait Function is triggered

2023-11-24 12:26:53 - [MESSAGE][INFO] - Smart Wait Function is triggered

2023-11-24 12:26:53 - [MESSAGE][INFO] - Smart Wait Function is triggered

2023-11-24 12:26:53 - [MESSAGE][INFO] - Smart Wait Function is triggered

2023-11-24 12:26:53 - [MESSAGE][INFO] - Smart Wait Function is triggered

2023-11-24 12:26:53 - [MESSAGE][INFO] - Smart Wait Function is triggered

2023-11-24 12:26:53 - [MESSAGE][INFO] - Smart Wait Function is triggered

2023-11-24 12:26:53 - [MESSAGE][INFO] - Smart Wait Function is triggered

2023-11-24 12:26:53 - [MESSAGE][INFO] - Smart Wait Function is triggered

2023-11-24 12:26:53 - [MESSAGE][INFO] - Smart Wait Function is triggered

2023-11-24 12:26:53 - [MESSAGE][INFO] - Smart Wait Function is triggered

2023-11-24 12:26:53 - [MESSAGE][INFO] - Smart Wait Function is triggered

2023-11-24 12:26:53 - [MESSAGE][INFO] - Smart Wait Function is triggered

2023-11-24 12:26:53 - [MESSAGE][INFO] - Smart Wait Function is triggered

2023-11-24 12:26:53 - [MESSAGE][INFO] - Smart Wait Function is triggered

2023-11-24 12:26:53 - [MESSAGE][INFO] - Smart Wait Function is triggered

2023-11-24 12:26:53 - [MESSAGE][INFO] - Smart Wait Function is triggered

2023-11-24 12:26:53 - [MESSAGE][INFO] - Smart Wait Function is triggered

2023-11-24 12:26:53 - [MESSAGE][INFO] - Smart Wait Function is triggered

2023-11-24 12:26:53 - [MESSAGE][INFO] - Smart Wait Function is triggered

2023-11-24 12:26:53 - [MESSAGE][INFO] - Smart Wait Function is triggered

2023-11-24 12:26:53 - [MESSAGE][INFO] - Smart Wait Function is triggered

2023-11-24 12:26:53 - [MESSAGE][INFO] - Smart Wait Function is triggered

2023-11-24 12:26:53 - [MESSAGE][INFO] - Smart Wait Function is triggered

2023-11-24 12:26:53 - [MESSAGE][INFO] - Smart Wait Function is triggered

2023-11-24 12:26:53 - [MESSAGE][INFO] - Smart Wait Function is triggered

2023-11-24 12:26:53 - [MESSAGE][INFO] - Smart Wait Function is triggered

2023-11-24 12:26:53 - [MESSAGE][INFO] - Smart Wait Function is triggered

2023-11-24 12:26:54 - [MESSAGE][INFO] - Smart Wait Function is triggered

2023-11-24 12:26:54 - [MESSAGE][INFO] - Smart Wait Function is triggered

2023-11-24 12:26:54 - [MESSAGE][INFO] - Smart Wait Function is triggered

2023-11-24 12:26:54 - [MESSAGE][INFO] - Smart Wait Function is triggered

2023-11-24 12:26:54 - [MESSAGE][INFO] - Smart Wait Function is triggered

2023-11-24 12:26:54 - [MESSAGE][INFO] - Smart Wait Function is triggered

2023-11-24 12:26:54 - [MESSAGE][INFO] - Smart Wait Function is triggered

2023-11-24 12:26:54 - [MESSAGE][INFO] - Smart Wait Function is triggered

2023-11-24 12:26:54 - [MESSAGE][INFO] - Smart Wait Function is triggered

2023-11-24 12:26:54 - [MESSAGE][INFO] - Smart Wait Function is triggered

2023-11-24 12:26:54 - [MESSAGE][INFO] - Smart Wait Function is triggered

2023-11-24 12:26:54 - [MESSAGE][INFO] - Smart Wait Function is triggered

2023-11-24 12:26:54 - [MESSAGE][INFO] - Smart Wait Function is triggered

2023-11-24 12:26:54 - [MESSAGE][INFO] - Smart Wait Function is triggered

2023-11-24 12:26:54 - [MESSAGE][INFO] - Smart Wait Function is triggered

2023-11-24 12:26:54 - [MESSAGE][INFO] - Smart Wait Function is triggered

2023-11-24 12:26:54 - [MESSAGE][INFO] - Smart Wait Function is triggered

2023-11-24 12:26:54 - [MESSAGE][INFO] - Unable to find the element located by 'By.xpath: //*[@id="ui-accordiontab-1-content"]/div/div/div[2]/div/anef-input-radio/div/div/fieldset/div/div[2]/p-radiobutton/div/div[2]'. Please recheck the objects properties to make sure the desired element is located. 

2023-11-24 12:26:54 - [MESSAGE][WARNING] - com.kms.katalon.core.webui.exception.WebElementNotFoundException: Web element with id: 'Object Repository/Page_InformationPersonnelles_Usager/CheckBox_liensPersonnelsFamiliaux_2_Non' located by '//*[@id="ui-accordiontab-1-content"]/div/div/div[2]/div/anef-input-radio/div/div/fieldset/div/div[2]/p-radiobutton/div/div[2]' not found (Root cause: com.kms.katalon.core.exception.StepFailedException: com.kms.katalon.core.webui.exception.WebElementNotFoundException: Web element with id: 'Object Repository/Page_InformationPersonnelles_Usager/CheckBox_liensPersonnelsFamiliaux_2_Non' located by '//*[@id="ui-accordiontab-1-content"]/div/div/div[2]/div/anef-input-radio/div/div/fieldset/div/div[2]/p-radiobutton/div/div[2]' not found
	at com.kms.katalon.core.webui.keyword.internal.WebUIKeywordMain.stepFailed(WebUIKeywordMain.groovy:64)
	at com.kms.katalon.core.webui.keyword.builtin.VerifyElementPresentKeyword$_verifyElementPresent_closure1.doCall(VerifyElementPresentKeyword.groovy:85)
	at com.kms.katalon.core.webui.keyword.builtin.VerifyElementPresentKeyword$_verifyElementPresent_closure1.call(VerifyElementPresentKeyword.groovy)
	at com.kms.katalon.core.webui.keyword.internal.WebUIKeywordMain.runKeyword(WebUIKeywordMain.groovy:20)
	at com.kms.katalon.core.webui.keyword.builtin.VerifyElementPresentKeyword.verifyElementPresent(VerifyElementPresentKeyword.groovy:92)
	at com.kms.katalon.core.webui.keyword.builtin.VerifyElementPresentKeyword.execute(VerifyElementPresentKeyword.groovy:68)
	at com.kms.katalon.core.keyword.internal.KeywordExecutor.executeKeywordForPlatform(KeywordExecutor.groovy:74)
	at com.kms.katalon.core.webui.keyword.WebUiBuiltInKeywords.verifyElementPresent(WebUiBuiltInKeywords.groovy:1448)
	at com.kazurayam.ksbackyard.HighlightElement$_pandemic_closure1.doCall(HighlightElement.groovy:105)
	at FormulaireInformationsPersonnelles.run(FormulaireInformationsPersonnelles:33)
	at com.kms.katalon.core.main.ScriptEngine.run(ScriptEngine.java:194)
	at com.kms.katalon.core.main.ScriptEngine.runScriptAsRawText(ScriptEngine.java:119)
	at com.kms.katalon.core.main.TestCaseExecutor.runScript(TestCaseExecutor.java:448)
	at com.kms.katalon.core.main.TestCaseExecutor.doExecute(TestCaseExecutor.java:439)
	at com.kms.katalon.core.main.TestCaseExecutor.processExecutionPhase(TestCaseExecutor.java:418)
	at com.kms.katalon.core.main.TestCaseExecutor.accessMainPhase(TestCaseExecutor.java:410)
	at com.kms.katalon.core.main.TestCaseExecutor.execute(TestCaseExecutor.java:285)
	at com.kms.katalon.core.main.TestCaseMain.runTestCase(TestCaseMain.java:144)
	at com.kms.katalon.core.keyword.builtin.CallTestCaseKeyword$_callTestCase_closure1.doCall(CallTestCaseKeyword.groovy:59)
	at com.kms.katalon.core.keyword.builtin.CallTestCaseKeyword$_callTestCase_closure1.call(CallTestCaseKeyword.groovy)
	at com.kms.katalon.core.keyword.internal.KeywordMain.runKeyword(KeywordMain.groovy:75)
	at com.kms.katalon.core.keyword.builtin.CallTestCaseKeyword.callTestCase(CallTestCaseKeyword.groovy:81)
	at com.kms.katalon.core.keyword.builtin.CallTestCaseKeyword.execute(CallTestCaseKeyword.groovy:44)
	at com.kms.katalon.core.keyword.internal.KeywordExecutor.executeKeywordForPlatform(KeywordExecutor.groovy:74)
	at com.kms.katalon.core.keyword.BuiltinKeywords.callTestCase(BuiltinKeywords.groovy:310)
	at com.kazurayam.ksbackyard.HighlightElement$_pandemic_closure1.doCall(HighlightElement.groovy:105)
	at TNR R.TSPT Supp90-Etudiant.run(TNR R.TSPT Supp90-Etudiant:47)
	at com.kms.katalon.core.main.ScriptEngine.run(ScriptEngine.java:194)
	at com.kms.katalon.core.main.ScriptEngine.runScriptAsRawText(ScriptEngine.java:119)
	at com.kms.katalon.core.main.TestCaseExecutor.runScript(TestCaseExecutor.java:448)
	at com.kms.katalon.core.main.TestCaseExecutor.doExecute(TestCaseExecutor.java:439)
	at com.kms.katalon.core.main.TestCaseExecutor.processExecutionPhase(TestCaseExecutor.java:418)
	at com.kms.katalon.core.main.TestCaseExecutor.accessMainPhase(TestCaseExecutor.java:410)
	at com.kms.katalon.core.main.TestCaseExecutor.execute(TestCaseExecutor.java:285)
	at com.kms.katalon.core.common.CommonExecutor.accessTestCaseMainPhase(CommonExecutor.java:65)
	at com.kms.katalon.core.main.TestSuiteExecutor.accessTestSuiteMainPhase(TestSuiteExecutor.java:148)
	at com.kms.katalon.core.main.TestSuiteExecutor.execute(TestSuiteExecutor.java:106)
	at com.kms.katalon.core.main.TestCaseMain.startTestSuite(TestCaseMain.java:187)
	at com.kms.katalon.core.main.TestCaseMain$startTestSuite$0.call(Unknown Source)
	at TempTestSuite1700824657414.run(TempTestSuite1700824657414.groovy:36)
)
[[ATTACHMENT|C:\\Users\\ISSAM.RHARBAOUI\\git\\22_11\\ANEF-AutomatizationProject\\Reports\\20231124_121737\\TS_TNR_R.TSPT_Suppo90\\20231124_121737\\1700825214561.png]]

2023-11-24 12:26:54 - [TEST_STEP][PASSED] - delay(2): Delayed 2 second(s)

2023-11-24 12:26:54 - [MESSAGE][INFO] - Delaying browser in 2 second(s)

2023-11-24 12:26:56 - [MESSAGE][PASSED] - Delayed 2 second(s)

2023-11-24 12:26:56 - [TEST_STEP][PASSED] - if (verifyElementPresent(findTestObject("Object Repository/Page_InformationPersonnelles_Usager/CheckBox_DesEnfantsACharge_Non"), 1, OPTIONAL)): null

2023-11-24 12:26:56 - [MESSAGE][INFO] - Finding Test Object 'Object Repository/Page_InformationPersonnelles_Usager/CheckBox_DesEnfantsACharge_Non'

2023-11-24 12:26:56 - [MESSAGE][INFO] - Checking object

2023-11-24 12:26:56 - [MESSAGE][INFO] - Finding web element from Test Object's properties

2023-11-24 12:26:56 - [MESSAGE][INFO] - Checking timeout

2023-11-24 12:26:56 - [MESSAGE][INFO] - Finding web element with id: 'Object Repository/Page_InformationPersonnelles_Usager/CheckBox_DesEnfantsACharge_Non' located by 'By.xpath: //app-demande-ptsq//app-informations-personnelles-shared//app-has-enfants-charge//div//fieldset/div/div[2]/p-radiobutton/div/div[2]/span|//app-demande-visiteur//app-informations-personnelles-shared//app-has-enfants-charge/div/div/anef-input-radio/div/div/fieldset/div/div[2]/p-radiobutton/div/div[2]/span|//app-demande-ptch//app-informations-personnelles-shared//app-has-enfants-charge/div/div/anef-input-radio/div/div/fieldset/div/div[2]/p-radiobutton/div/div[2]/span|//div/app-has-enfants-charge/div/div/anef-input-radio/div/div/fieldset/div/div[2]/p-radiobutton/div/div[2]/span
' in '1' second(s)

2023-11-24 12:26:56 - [MESSAGE][INFO] - Smart Wait Function is triggered

2023-11-24 12:26:56 - [MESSAGE][INFO] - Found 1 web elements with id: 'Object Repository/Page_InformationPersonnelles_Usager/CheckBox_DesEnfantsACharge_Non' located by 'By.xpath: //app-demande-ptsq//app-informations-personnelles-shared//app-has-enfants-charge//div//fieldset/div/div[2]/p-radiobutton/div/div[2]/span|//app-demande-visiteur//app-informations-personnelles-shared//app-has-enfants-charge/div/div/anef-input-radio/div/div/fieldset/div/div[2]/p-radiobutton/div/div[2]/span|//app-demande-ptch//app-informations-personnelles-shared//app-has-enfants-charge/div/div/anef-input-radio/div/div/fieldset/div/div[2]/p-radiobutton/div/div[2]/span|//div/app-has-enfants-charge/div/div/anef-input-radio/div/div/fieldset/div/div[2]/p-radiobutton/div/div[2]/span
' in '1' second(s)

2023-11-24 12:26:56 - [MESSAGE][PASSED] - Object 'Object Repository/Page_InformationPersonnelles_Usager/CheckBox_DesEnfantsACharge_Non' is present

2023-11-24 12:26:56 - [TEST_STEP][PASSED] - check(findTestObject("Object Repository/Page_InformationPersonnelles_Usager/CheckBox_DesEnfantsACharge_Non"), OPTIONAL): Object 'Object Repository/Page_InformationPersonnelles_Usager/CheckBox_DesEnfantsACharge_Non' is checked

2023-11-24 12:26:56 - [MESSAGE][INFO] - Finding Test Object 'Object Repository/Page_InformationPersonnelles_Usager/CheckBox_DesEnfantsACharge_Non'

2023-11-24 12:26:56 - [MESSAGE][INFO] - Checking object

2023-11-24 12:26:56 - [MESSAGE][INFO] - Finding web element from Test Object's properties

2023-11-24 12:26:56 - [MESSAGE][INFO] - Checking timeout

2023-11-24 12:26:56 - [MESSAGE][INFO] - Finding web element with id: 'Object Repository/Page_InformationPersonnelles_Usager/CheckBox_DesEnfantsACharge_Non' located by 'By.xpath: //app-demande-ptsq//app-informations-personnelles-shared//app-has-enfants-charge//div//fieldset/div/div[2]/p-radiobutton/div/div[2]/span|//app-demande-visiteur//app-informations-personnelles-shared//app-has-enfants-charge/div/div/anef-input-radio/div/div/fieldset/div/div[2]/p-radiobutton/div/div[2]/span|//app-demande-ptch//app-informations-personnelles-shared//app-has-enfants-charge/div/div/anef-input-radio/div/div/fieldset/div/div[2]/p-radiobutton/div/div[2]/span|//div/app-has-enfants-charge/div/div/anef-input-radio/div/div/fieldset/div/div[2]/p-radiobutton/div/div[2]/span
' in '5' second(s)

2023-11-24 12:26:56 - [MESSAGE][INFO] - Smart Wait Function is triggered

2023-11-24 12:26:57 - [MESSAGE][INFO] - Found 1 web elements with id: 'Object Repository/Page_InformationPersonnelles_Usager/CheckBox_DesEnfantsACharge_Non' located by 'By.xpath: //app-demande-ptsq//app-informations-personnelles-shared//app-has-enfants-charge//div//fieldset/div/div[2]/p-radiobutton/div/div[2]/span|//app-demande-visiteur//app-informations-personnelles-shared//app-has-enfants-charge/div/div/anef-input-radio/div/div/fieldset/div/div[2]/p-radiobutton/div/div[2]/span|//app-demande-ptch//app-informations-personnelles-shared//app-has-enfants-charge/div/div/anef-input-radio/div/div/fieldset/div/div[2]/p-radiobutton/div/div[2]/span|//div/app-has-enfants-charge/div/div/anef-input-radio/div/div/fieldset/div/div[2]/p-radiobutton/div/div[2]/span
' in '5' second(s)

2023-11-24 12:26:57 - [MESSAGE][INFO] - Checking on bject 'Object Repository/Page_InformationPersonnelles_Usager/CheckBox_DesEnfantsACharge_Non'

2023-11-24 12:26:59 - [MESSAGE][PASSED] - Object 'Object Repository/Page_InformationPersonnelles_Usager/CheckBox_DesEnfantsACharge_Non' is checked

2023-11-24 12:26:59 - [TEST_STEP][PASSED] - delay(2): Delayed 2 second(s)

2023-11-24 12:26:59 - [MESSAGE][INFO] - Delaying browser in 2 second(s)

2023-11-24 12:27:01 - [MESSAGE][PASSED] - Delayed 2 second(s)

2023-11-24 12:27:01 - [TEST_STEP][PASSED] - setText(findTestObject("Object Repository/Page_InformationPersonnelles_Usager/Input_AdresseUsager"), AdresseUsager): Text '3 rue des 3 moulins 77000 melun' is set on object 'Object Repository/Page_InformationPersonnelles_Usager/Input_AdresseUsager'

2023-11-24 12:27:01 - [MESSAGE][INFO] - Finding Test Object 'Object Repository/Page_InformationPersonnelles_Usager/Input_AdresseUsager'

2023-11-24 12:27:01 - [MESSAGE][INFO] - Checking timeout

2023-11-24 12:27:01 - [MESSAGE][INFO] - Finding web element with id: 'Object Repository/Page_InformationPersonnelles_Usager/Input_AdresseUsager' located by 'By.xpath: //app-informations-personnelles//app-adresse-etalab//app-vls-ts-etalab//div/input|//app-informations-personnelles-shared//app-adresse-etalab//app-vls-ts-etalab//div/input' in '20' second(s)

2023-11-24 12:27:01 - [MESSAGE][INFO] - Smart Wait Function is triggered

2023-11-24 12:27:01 - [MESSAGE][INFO] - Found 1 web elements with id: 'Object Repository/Page_InformationPersonnelles_Usager/Input_AdresseUsager' located by 'By.xpath: //app-informations-personnelles//app-adresse-etalab//app-vls-ts-etalab//div/input|//app-informations-personnelles-shared//app-adresse-etalab//app-vls-ts-etalab//div/input' in '20' second(s)

2023-11-24 12:27:01 - [MESSAGE][INFO] - Checking object

2023-11-24 12:27:01 - [MESSAGE][INFO] - Checking text

2023-11-24 12:27:01 - [MESSAGE][INFO] - Finding web element from Test Object's properties

2023-11-24 12:27:01 - [MESSAGE][INFO] - Checking timeout

2023-11-24 12:27:01 - [MESSAGE][INFO] - Finding web element with id: 'Object Repository/Page_InformationPersonnelles_Usager/Input_AdresseUsager' located by 'By.xpath: //app-informations-personnelles//app-adresse-etalab//app-vls-ts-etalab//div/input|//app-informations-personnelles-shared//app-adresse-etalab//app-vls-ts-etalab//div/input' in '5' second(s)

2023-11-24 12:27:01 - [MESSAGE][INFO] - Smart Wait Function is triggered

2023-11-24 12:27:01 - [MESSAGE][INFO] - Found 1 web elements with id: 'Object Repository/Page_InformationPersonnelles_Usager/Input_AdresseUsager' located by 'By.xpath: //app-informations-personnelles//app-adresse-etalab//app-vls-ts-etalab//div/input|//app-informations-personnelles-shared//app-adresse-etalab//app-vls-ts-etalab//div/input' in '5' second(s)

2023-11-24 12:27:01 - [MESSAGE][INFO] - Clearing text of object 'Object Repository/Page_InformationPersonnelles_Usager/Input_AdresseUsager'

2023-11-24 12:27:03 - [MESSAGE][INFO] - Finding web element from Test Object's properties

2023-11-24 12:27:03 - [MESSAGE][INFO] - Checking timeout

2023-11-24 12:27:03 - [MESSAGE][INFO] - Finding web element with id: 'Object Repository/Page_InformationPersonnelles_Usager/Input_AdresseUsager' located by 'By.xpath: //app-informations-personnelles//app-adresse-etalab//app-vls-ts-etalab//div/input|//app-informations-personnelles-shared//app-adresse-etalab//app-vls-ts-etalab//div/input' in '5' second(s)

2023-11-24 12:27:03 - [MESSAGE][INFO] - Smart Wait Function is triggered

2023-11-24 12:27:03 - [MESSAGE][INFO] - Found 1 web elements with id: 'Object Repository/Page_InformationPersonnelles_Usager/Input_AdresseUsager' located by 'By.xpath: //app-informations-personnelles//app-adresse-etalab//app-vls-ts-etalab//div/input|//app-informations-personnelles-shared//app-adresse-etalab//app-vls-ts-etalab//div/input' in '5' second(s)

2023-11-24 12:27:03 - [MESSAGE][INFO] - Setting text of object 'Object Repository/Page_InformationPersonnelles_Usager/Input_AdresseUsager' to value '3 rue des 3 moulins 77000 melun'

2023-11-24 12:27:06 - [MESSAGE][PASSED] - Text '3 rue des 3 moulins 77000 melun' is set on object 'Object Repository/Page_InformationPersonnelles_Usager/Input_AdresseUsager'

2023-11-24 12:27:06 - [TEST_STEP][PASSED] - delay(2): Delayed 2 second(s)

2023-11-24 12:27:06 - [MESSAGE][INFO] - Delaying browser in 2 second(s)

2023-11-24 12:27:08 - [MESSAGE][PASSED] - Delayed 2 second(s)

2023-11-24 12:27:08 - [TEST_STEP][PASSED] - setText(findTestObject("Object Repository/Page_InformationPersonnelles_Usager/Input_NumeroDeTelephone"), NumeroTelephoneUsager): Text '0911223345' is set on object 'Object Repository/Page_InformationPersonnelles_Usager/Input_NumeroDeTelephone'

2023-11-24 12:27:08 - [MESSAGE][INFO] - Finding Test Object 'Object Repository/Page_InformationPersonnelles_Usager/Input_NumeroDeTelephone'

2023-11-24 12:27:08 - [MESSAGE][INFO] - Checking timeout

2023-11-24 12:27:08 - [MESSAGE][INFO] - Finding web element with id: 'Object Repository/Page_InformationPersonnelles_Usager/Input_NumeroDeTelephone' located by 'By.xpath: //*[@aria-labelledby="TELEPHONE_PORTABLE-label"]' in '20' second(s)

2023-11-24 12:27:08 - [MESSAGE][INFO] - Smart Wait Function is triggered

2023-11-24 12:27:08 - [MESSAGE][INFO] - Found 1 web elements with id: 'Object Repository/Page_InformationPersonnelles_Usager/Input_NumeroDeTelephone' located by 'By.xpath: //*[@aria-labelledby="TELEPHONE_PORTABLE-label"]' in '20' second(s)

2023-11-24 12:27:08 - [MESSAGE][INFO] - Checking object

2023-11-24 12:27:08 - [MESSAGE][INFO] - Checking text

2023-11-24 12:27:08 - [MESSAGE][INFO] - Finding web element from Test Object's properties

2023-11-24 12:27:08 - [MESSAGE][INFO] - Checking timeout

2023-11-24 12:27:08 - [MESSAGE][INFO] - Finding web element with id: 'Object Repository/Page_InformationPersonnelles_Usager/Input_NumeroDeTelephone' located by 'By.xpath: //*[@aria-labelledby="TELEPHONE_PORTABLE-label"]' in '5' second(s)

2023-11-24 12:27:08 - [MESSAGE][INFO] - Smart Wait Function is triggered

2023-11-24 12:27:08 - [MESSAGE][INFO] - Found 1 web elements with id: 'Object Repository/Page_InformationPersonnelles_Usager/Input_NumeroDeTelephone' located by 'By.xpath: //*[@aria-labelledby="TELEPHONE_PORTABLE-label"]' in '5' second(s)

2023-11-24 12:27:08 - [MESSAGE][INFO] - Clearing text of object 'Object Repository/Page_InformationPersonnelles_Usager/Input_NumeroDeTelephone'

2023-11-24 12:27:10 - [MESSAGE][INFO] - Finding web element from Test Object's properties

2023-11-24 12:27:10 - [MESSAGE][INFO] - Checking timeout

2023-11-24 12:27:10 - [MESSAGE][INFO] - Finding web element with id: 'Object Repository/Page_InformationPersonnelles_Usager/Input_NumeroDeTelephone' located by 'By.xpath: //*[@aria-labelledby="TELEPHONE_PORTABLE-label"]' in '5' second(s)

2023-11-24 12:27:10 - [MESSAGE][INFO] - Smart Wait Function is triggered

2023-11-24 12:27:10 - [MESSAGE][INFO] - Found 1 web elements with id: 'Object Repository/Page_InformationPersonnelles_Usager/Input_NumeroDeTelephone' located by 'By.xpath: //*[@aria-labelledby="TELEPHONE_PORTABLE-label"]' in '5' second(s)

2023-11-24 12:27:10 - [MESSAGE][INFO] - Setting text of object 'Object Repository/Page_InformationPersonnelles_Usager/Input_NumeroDeTelephone' to value '0911223345'

2023-11-24 12:27:12 - [MESSAGE][PASSED] - Text '0911223345' is set on object 'Object Repository/Page_InformationPersonnelles_Usager/Input_NumeroDeTelephone'

2023-11-24 12:27:12 - [TEST_STEP][PASSED] - click(findTestObject("Object Repository/Page_DemarcheRenouvellement/btn_EnregistrerEtPoursuivre")): Object: 'Object Repository/Page_DemarcheRenouvellement/btn_EnregistrerEtPoursuivre' is clicked on

2023-11-24 12:27:12 - [MESSAGE][INFO] - Finding Test Object 'Object Repository/Page_DemarcheRenouvellement/btn_EnregistrerEtPoursuivre'

2023-11-24 12:27:12 - [MESSAGE][INFO] - Checking timeout

2023-11-24 12:27:12 - [MESSAGE][INFO] - Finding web element with id: 'Object Repository/Page_DemarcheRenouvellement/btn_EnregistrerEtPoursuivre' located by 'By.xpath: //span[text()='Enregistrer et poursuivre >']' in '20' second(s)

2023-11-24 12:27:12 - [MESSAGE][INFO] - Smart Wait Function is triggered

2023-11-24 12:27:13 - [MESSAGE][INFO] - Found 1 web elements with id: 'Object Repository/Page_DemarcheRenouvellement/btn_EnregistrerEtPoursuivre' located by 'By.xpath: //span[text()='Enregistrer et poursuivre >']' in '20' second(s)

2023-11-24 12:27:13 - [MESSAGE][INFO] - Checking object

2023-11-24 12:27:13 - [MESSAGE][INFO] - Checking timeout

2023-11-24 12:27:13 - [MESSAGE][INFO] - Finding web element from Test Object's properties

2023-11-24 12:27:13 - [MESSAGE][INFO] - Checking timeout

2023-11-24 12:27:13 - [MESSAGE][INFO] - Finding web element with id: 'Object Repository/Page_DemarcheRenouvellement/btn_EnregistrerEtPoursuivre' located by 'By.xpath: //span[text()='Enregistrer et poursuivre >']' in '5' second(s)

2023-11-24 12:27:13 - [MESSAGE][INFO] - Smart Wait Function is triggered

2023-11-24 12:27:13 - [MESSAGE][INFO] - Found 1 web elements with id: 'Object Repository/Page_DemarcheRenouvellement/btn_EnregistrerEtPoursuivre' located by 'By.xpath: //span[text()='Enregistrer et poursuivre >']' in '5' second(s)

2023-11-24 12:27:13 - [MESSAGE][INFO] - Clicking on object: 'Object Repository/Page_DemarcheRenouvellement/btn_EnregistrerEtPoursuivre'

2023-11-24 12:27:15 - [MESSAGE][PASSED] - Object: 'Object Repository/Page_DemarcheRenouvellement/btn_EnregistrerEtPoursuivre' is clicked on

2023-11-24 12:27:15 - [MESSAGE][PASSED] - Call Test Case 'Test Cases/Test Reutilisable/DemandeOuRenouvelle_TitreSejour/FormulaireInformationsPersonnelles' successfully

2023-11-24 12:27:15 - [TEST_STEP][PASSED] - callTestCase(findTestCase("Test Reutilisable/DemandeOuRenouvelle_TitreSejour/FormulaireMotifDeLaDemande"), ["TypeTitreDeSejour":TypeTitreDeSejour, "Titre":Titre], STOP_ON_FAILURE): Call Test Case 'Test Cases/Test Reutilisable/DemandeOuRenouvelle_TitreSejour/FormulaireMotifDeLaDemande' successfully

2023-11-24 12:27:15 - [MESSAGE][INFO] - Checking called Test Case

2023-11-24 12:27:15 - [MESSAGE][INFO] - Starting to call Test Case 'Test Cases/Test Reutilisable/DemandeOuRenouvelle_TitreSejour/FormulaireMotifDeLaDemande'

2023-11-24 12:27:15 - [TEST_CASE][PASSED] - Test Cases/Test Reutilisable/DemandeOuRenouvelle_TitreSejour/FormulaireMotifDeLaDemande: Test Cases/Test Reutilisable/DemandeOuRenouvelle_TitreSejour/FormulaireMotifDeLaDemande

2023-11-24 12:27:15 - [TEST_STEP][PASSED] - com.kazurayam.ksbackyard.HighlightElement.pandemic(): com.kazurayam.ksbackyard.HighlightElement.pandemic is PASSED

2023-11-24 12:27:15 - [MESSAGE][PASSED] - com.kazurayam.ksbackyard.HighlightElement.pandemic is PASSED

2023-11-24 12:27:15 - [TEST_STEP][PASSED] - if (TypeTitreDeSejour == "RenouvellementDeTitreSejour" && Titre == "Etudiant"): null

2023-11-24 12:27:15 - [TEST_STEP][PASSED] - if (TypeTitreDeSejour == "Visiteur" && Titre == "Etudiant" || TypeTitreDeSejour == "RenouvellementDeTitreSejour" && Titre == "Visiteur"): null

2023-11-24 12:27:15 - [TEST_STEP][PASSED] - if (TypeTitreDeSejour == "TS-PT-SalarieQualifie" && Titre == "Visiteur" || Titre == "Etudiant"): null

2023-11-24 12:27:15 - [TEST_STEP][PASSED] - if (TypeTitreDeSejour == "TS-PT-SalarieEntrepriseInnovante" && Titre == "Visiteur" || Titre == "Etudiant"): null

2023-11-24 12:27:15 - [TEST_STEP][PASSED] - if (TypeTitreDeSejour == "TS-PT-CarteBleueEuropeenne" && Titre == "Visiteur" || Titre == "Etudiant"): null

2023-11-24 12:27:15 - [TEST_STEP][PASSED] - if (TypeTitreDeSejour == "TS-PT-SalarieEnMission" && Titre == "Visiteur" || Titre == "Etudiant"): null

2023-11-24 12:27:15 - [TEST_STEP][PASSED] - if (TypeTitreDeSejour == "ChercheurEtChercheurEnMobilite" && Titre == "Visiteur" || Titre == "Etudiant"): null

2023-11-24 12:27:15 - [TEST_STEP][PASSED] - if (TypeTitreDeSejour == "FrenchTechVisaForInvestors" && Titre == "Visiteur" || Titre == "Etudiant"): Object: 'Object Repository/Page_DemarcheRenouvellement/btn_EnregistrerEtPoursuivre' is clicked on

2023-11-24 12:27:15 - [TEST_STEP][PASSED] - click(findTestObject("Object Repository/Page_MotifDeLaDemande_Usager/CheckBox_InvestissementPersonnel")): Object: 'Object Repository/Page_MotifDeLaDemande_Usager/CheckBox_InvestissementPersonnel' is clicked on

2023-11-24 12:27:15 - [MESSAGE][INFO] - Finding Test Object 'Object Repository/Page_MotifDeLaDemande_Usager/CheckBox_InvestissementPersonnel'

2023-11-24 12:27:15 - [MESSAGE][INFO] - Checking timeout

2023-11-24 12:27:15 - [MESSAGE][INFO] - Finding web element with id: 'Object Repository/Page_MotifDeLaDemande_Usager/CheckBox_InvestissementPersonnel' located by 'By.xpath: //div/div[2]/div/div/div[1]/div/div/div/app-indent-wrapper/app-informations-investisseur-ptinv/div/div[1]/div/anef-input-radio/div/div/fieldset/div/div[1]/p-radiobutton/div/div[2]/span' in '20' second(s)

2023-11-24 12:27:15 - [MESSAGE][INFO] - Smart Wait Function is triggered

2023-11-24 12:27:15 - [MESSAGE][INFO] - Found 1 web elements with id: 'Object Repository/Page_MotifDeLaDemande_Usager/CheckBox_InvestissementPersonnel' located by 'By.xpath: //div/div[2]/div/div/div[1]/div/div/div/app-indent-wrapper/app-informations-investisseur-ptinv/div/div[1]/div/anef-input-radio/div/div/fieldset/div/div[1]/p-radiobutton/div/div[2]/span' in '20' second(s)

2023-11-24 12:27:15 - [MESSAGE][INFO] - Checking object

2023-11-24 12:27:15 - [MESSAGE][INFO] - Checking timeout

2023-11-24 12:27:15 - [MESSAGE][INFO] - Finding web element from Test Object's properties

2023-11-24 12:27:15 - [MESSAGE][INFO] - Checking timeout

2023-11-24 12:27:15 - [MESSAGE][INFO] - Finding web element with id: 'Object Repository/Page_MotifDeLaDemande_Usager/CheckBox_InvestissementPersonnel' located by 'By.xpath: //div/div[2]/div/div/div[1]/div/div/div/app-indent-wrapper/app-informations-investisseur-ptinv/div/div[1]/div/anef-input-radio/div/div/fieldset/div/div[1]/p-radiobutton/div/div[2]/span' in '5' second(s)

2023-11-24 12:27:15 - [MESSAGE][INFO] - Smart Wait Function is triggered

2023-11-24 12:27:15 - [MESSAGE][INFO] - Found 1 web elements with id: 'Object Repository/Page_MotifDeLaDemande_Usager/CheckBox_InvestissementPersonnel' located by 'By.xpath: //div/div[2]/div/div/div[1]/div/div/div/app-indent-wrapper/app-informations-investisseur-ptinv/div/div[1]/div/anef-input-radio/div/div/fieldset/div/div[1]/p-radiobutton/div/div[2]/span' in '5' second(s)

2023-11-24 12:27:15 - [MESSAGE][INFO] - Clicking on object: 'Object Repository/Page_MotifDeLaDemande_Usager/CheckBox_InvestissementPersonnel'

2023-11-24 12:27:17 - [MESSAGE][PASSED] - Object: 'Object Repository/Page_MotifDeLaDemande_Usager/CheckBox_InvestissementPersonnel' is clicked on

2023-11-24 12:27:17 - [TEST_STEP][PASSED] - setText(findTestObject("Object Repository/Page_MotifDeLaDemande_Usager/input_MontantInvestiEnFrance"), "400000"): Text '400000' is set on object 'Object Repository/Page_MotifDeLaDemande_Usager/input_MontantInvestiEnFrance'

2023-11-24 12:27:17 - [MESSAGE][INFO] - Finding Test Object 'Object Repository/Page_MotifDeLaDemande_Usager/input_MontantInvestiEnFrance'

2023-11-24 12:27:17 - [MESSAGE][INFO] - Checking timeout

2023-11-24 12:27:17 - [MESSAGE][INFO] - Finding web element with id: 'Object Repository/Page_MotifDeLaDemande_Usager/input_MontantInvestiEnFrance' located by 'By.xpath: //app-demande-ptinv//app-motif-sejour-ptinv//app-informations-investisseur-ptinv//anef-input-text/div/div/div[1]/div/input' in '20' second(s)

2023-11-24 12:27:17 - [MESSAGE][INFO] - Smart Wait Function is triggered

2023-11-24 12:27:17 - [MESSAGE][INFO] - Found 1 web elements with id: 'Object Repository/Page_MotifDeLaDemande_Usager/input_MontantInvestiEnFrance' located by 'By.xpath: //app-demande-ptinv//app-motif-sejour-ptinv//app-informations-investisseur-ptinv//anef-input-text/div/div/div[1]/div/input' in '20' second(s)

2023-11-24 12:27:17 - [MESSAGE][INFO] - Checking object

2023-11-24 12:27:17 - [MESSAGE][INFO] - Checking text

2023-11-24 12:27:17 - [MESSAGE][INFO] - Finding web element from Test Object's properties

2023-11-24 12:27:17 - [MESSAGE][INFO] - Checking timeout

2023-11-24 12:27:17 - [MESSAGE][INFO] - Finding web element with id: 'Object Repository/Page_MotifDeLaDemande_Usager/input_MontantInvestiEnFrance' located by 'By.xpath: //app-demande-ptinv//app-motif-sejour-ptinv//app-informations-investisseur-ptinv//anef-input-text/div/div/div[1]/div/input' in '5' second(s)

2023-11-24 12:27:17 - [MESSAGE][INFO] - Smart Wait Function is triggered

2023-11-24 12:27:17 - [MESSAGE][INFO] - Found 1 web elements with id: 'Object Repository/Page_MotifDeLaDemande_Usager/input_MontantInvestiEnFrance' located by 'By.xpath: //app-demande-ptinv//app-motif-sejour-ptinv//app-informations-investisseur-ptinv//anef-input-text/div/div/div[1]/div/input' in '5' second(s)

2023-11-24 12:27:17 - [MESSAGE][INFO] - Clearing text of object 'Object Repository/Page_MotifDeLaDemande_Usager/input_MontantInvestiEnFrance'

2023-11-24 12:27:19 - [MESSAGE][INFO] - Finding web element from Test Object's properties

2023-11-24 12:27:19 - [MESSAGE][INFO] - Checking timeout

2023-11-24 12:27:19 - [MESSAGE][INFO] - Finding web element with id: 'Object Repository/Page_MotifDeLaDemande_Usager/input_MontantInvestiEnFrance' located by 'By.xpath: //app-demande-ptinv//app-motif-sejour-ptinv//app-informations-investisseur-ptinv//anef-input-text/div/div/div[1]/div/input' in '5' second(s)

2023-11-24 12:27:19 - [MESSAGE][INFO] - Smart Wait Function is triggered

2023-11-24 12:27:19 - [MESSAGE][INFO] - Found 1 web elements with id: 'Object Repository/Page_MotifDeLaDemande_Usager/input_MontantInvestiEnFrance' located by 'By.xpath: //app-demande-ptinv//app-motif-sejour-ptinv//app-informations-investisseur-ptinv//anef-input-text/div/div/div[1]/div/input' in '5' second(s)

2023-11-24 12:27:19 - [MESSAGE][INFO] - Setting text of object 'Object Repository/Page_MotifDeLaDemande_Usager/input_MontantInvestiEnFrance' to value '400000'

2023-11-24 12:27:21 - [MESSAGE][PASSED] - Text '400000' is set on object 'Object Repository/Page_MotifDeLaDemande_Usager/input_MontantInvestiEnFrance'

2023-11-24 12:27:21 - [TEST_STEP][PASSED] - click(findTestObject("Object Repository/Page_DemarcheRenouvellement/btn_EnregistrerEtPoursuivre")): Object: 'Object Repository/Page_DemarcheRenouvellement/btn_EnregistrerEtPoursuivre' is clicked on

2023-11-24 12:27:21 - [MESSAGE][INFO] - Finding Test Object 'Object Repository/Page_DemarcheRenouvellement/btn_EnregistrerEtPoursuivre'

2023-11-24 12:27:22 - [MESSAGE][INFO] - Checking timeout

2023-11-24 12:27:22 - [MESSAGE][INFO] - Finding web element with id: 'Object Repository/Page_DemarcheRenouvellement/btn_EnregistrerEtPoursuivre' located by 'By.xpath: //span[text()='Enregistrer et poursuivre >']' in '20' second(s)

2023-11-24 12:27:22 - [MESSAGE][INFO] - Smart Wait Function is triggered

2023-11-24 12:27:22 - [MESSAGE][INFO] - Found 1 web elements with id: 'Object Repository/Page_DemarcheRenouvellement/btn_EnregistrerEtPoursuivre' located by 'By.xpath: //span[text()='Enregistrer et poursuivre >']' in '20' second(s)

2023-11-24 12:27:22 - [MESSAGE][INFO] - Checking object

2023-11-24 12:27:22 - [MESSAGE][INFO] - Checking timeout

2023-11-24 12:27:22 - [MESSAGE][INFO] - Finding web element from Test Object's properties

2023-11-24 12:27:22 - [MESSAGE][INFO] - Checking timeout

2023-11-24 12:27:22 - [MESSAGE][INFO] - Finding web element with id: 'Object Repository/Page_DemarcheRenouvellement/btn_EnregistrerEtPoursuivre' located by 'By.xpath: //span[text()='Enregistrer et poursuivre >']' in '5' second(s)

2023-11-24 12:27:22 - [MESSAGE][INFO] - Smart Wait Function is triggered

2023-11-24 12:27:22 - [MESSAGE][INFO] - Found 1 web elements with id: 'Object Repository/Page_DemarcheRenouvellement/btn_EnregistrerEtPoursuivre' located by 'By.xpath: //span[text()='Enregistrer et poursuivre >']' in '5' second(s)

2023-11-24 12:27:22 - [MESSAGE][INFO] - Clicking on object: 'Object Repository/Page_DemarcheRenouvellement/btn_EnregistrerEtPoursuivre'

2023-11-24 12:27:24 - [MESSAGE][PASSED] - Object: 'Object Repository/Page_DemarcheRenouvellement/btn_EnregistrerEtPoursuivre' is clicked on

2023-11-24 12:27:24 - [TEST_STEP][PASSED] - if (TypeTitreDeSejour == "CreateurDEntreprise" && Titre == "Visiteur" || TypeTitreDeSejour == "CreateurDEntreprise" && Titre == "Etudiant"): null

2023-11-24 12:27:24 - [TEST_STEP][PASSED] - if (TypeTitreDeSejour == "FrenchTechVisaForFounders" && Titre == "Etudiant" || TypeTitreDeSejour == "FrenchTechVisaForFounders" && Titre == "Visiteur"): null

2023-11-24 12:27:24 - [TEST_STEP][PASSED] - if (TypeTitreDeSejour == "MandataireSocial" && Titre == "Etudiant" || TypeTitreDeSejour == "MandataireSocial" && Titre == "Visiteur"): null

2023-11-24 12:27:24 - [TEST_STEP][PASSED] - if (TypeTitreDeSejour == "ArtisteNonSalarie" && Titre == "Etudiant" || TypeTitreDeSejour == "ArtisteNonSalarie" && Titre == "Visiteur"): null

2023-11-24 12:27:24 - [TEST_STEP][PASSED] - if (TypeTitreDeSejour == "ArtisteSalarie" && Titre == "Etudiant" || TypeTitreDeSejour == "ArtisteSalarie" && Titre == "Visiteur"): null

2023-11-24 12:27:24 - [TEST_STEP][PASSED] - if (TypeTitreDeSejour == "MembreDeFamillePasseportTalent_Conjoint" && Titre == "Etudiant" || TypeTitreDeSejour == "MembreDeFamillePasseportTalent_Conjoint" && Titre == "Visiteur"): null

2023-11-24 12:27:24 - [MESSAGE][PASSED] - Call Test Case 'Test Cases/Test Reutilisable/DemandeOuRenouvelle_TitreSejour/FormulaireMotifDeLaDemande' successfully

2023-11-24 12:27:24 - [TEST_STEP][PASSED] - if (TypeTitreDeSejour == "RenouvellementDeTitreSejour" || TypeTitreDeSejour == "Visiteur" && Titre == "Etudiant" || Titre == "Visiteur"): null

2023-11-24 12:27:24 - [TEST_STEP][ERROR] - callTestCase(findTestCase("Test Reutilisable/DemandeOuRenouvelle_TitreSejour/FormulaireJustificatifs"), ["TypeTitreDeSejour":TypeTitreDeSejour, "Titre":Titre, "NumEphoto":NumEphoto], STOP_ON_FAILURE): Test Cases/Cas D Utilisations/Usager Etudiant/TNR R.TSPT Supp90-Etudiant FAILED.
Reason:
com.kms.katalon.core.exception.StepErrorException: Call Test Case 'Test Cases/Test Reutilisable/DemandeOuRenouvelle_TitreSejour/FormulaireJustificatifs' failed because of error(s)
	at com.kms.katalon.core.keyword.builtin.CallTestCaseKeyword$_callTestCase_closure1.doCall(CallTestCaseKeyword.groovy:66)
	at com.kms.katalon.core.keyword.builtin.CallTestCaseKeyword$_callTestCase_closure1.call(CallTestCaseKeyword.groovy)
	at com.kms.katalon.core.keyword.internal.KeywordMain.runKeyword(KeywordMain.groovy:75)
	at com.kms.katalon.core.keyword.builtin.CallTestCaseKeyword.callTestCase(CallTestCaseKeyword.groovy:81)
	at com.kms.katalon.core.keyword.builtin.CallTestCaseKeyword.execute(CallTestCaseKeyword.groovy:44)
	at com.kms.katalon.core.keyword.internal.KeywordExecutor.executeKeywordForPlatform(KeywordExecutor.groovy:74)
	at com.kms.katalon.core.keyword.BuiltinKeywords.callTestCase(BuiltinKeywords.groovy:310)
	at com.kazurayam.ksbackyard.HighlightElement$_pandemic_closure1.doCall(HighlightElement.groovy:105)
	at TNR R.TSPT Supp90-Etudiant.run(TNR R.TSPT Supp90-Etudiant:62)
	at com.kms.katalon.core.main.ScriptEngine.run(ScriptEngine.java:194)
	at com.kms.katalon.core.main.ScriptEngine.runScriptAsRawText(ScriptEngine.java:119)
	at com.kms.katalon.core.main.TestCaseExecutor.runScript(TestCaseExecutor.java:448)
	at com.kms.katalon.core.main.TestCaseExecutor.doExecute(TestCaseExecutor.java:439)
	at com.kms.katalon.core.main.TestCaseExecutor.processExecutionPhase(TestCaseExecutor.java:418)
	at com.kms.katalon.core.main.TestCaseExecutor.accessMainPhase(TestCaseExecutor.java:410)
	at com.kms.katalon.core.main.TestCaseExecutor.execute(TestCaseExecutor.java:285)
	at com.kms.katalon.core.common.CommonExecutor.accessTestCaseMainPhase(CommonExecutor.java:65)
	at com.kms.katalon.core.main.TestSuiteExecutor.accessTestSuiteMainPhase(TestSuiteExecutor.java:148)
	at com.kms.katalon.core.main.TestSuiteExecutor.execute(TestSuiteExecutor.java:106)
	at com.kms.katalon.core.main.TestCaseMain.startTestSuite(TestCaseMain.java:187)
	at com.kms.katalon.core.main.TestCaseMain$startTestSuite$0.call(Unknown Source)
	at TempTestSuite1700824657414.run(TempTestSuite1700824657414.groovy:36)
Caused by: groovy.lang.MissingPropertyException: No such property: f for class: Script1695813884754
	at FormulaireJustificatifs.run(FormulaireJustificatifs:187)
	at com.kms.katalon.core.main.ScriptEngine.run(ScriptEngine.java:194)
	at com.kms.katalon.core.main.ScriptEngine.runScriptAsRawText(ScriptEngine.java:119)
	at com.kms.katalon.core.main.TestCaseExecutor.runScript(TestCaseExecutor.java:448)
	at com.kms.katalon.core.main.TestCaseExecutor.doExecute(TestCaseExecutor.java:439)
	at com.kms.katalon.core.main.TestCaseExecutor.processExecutionPhase(TestCaseExecutor.java:418)
	at com.kms.katalon.core.main.TestCaseExecutor.accessMainPhase(TestCaseExecutor.java:410)
	at com.kms.katalon.core.main.TestCaseExecutor.execute(TestCaseExecutor.java:285)
	at com.kms.katalon.core.main.TestCaseMain.runTestCase(TestCaseMain.java:144)
	at com.kms.katalon.core.keyword.builtin.CallTestCaseKeyword$_callTestCase_closure1.doCall(CallTestCaseKeyword.groovy:59)
	... 21 more


2023-11-24 12:27:24 - [MESSAGE][INFO] - Checking called Test Case

2023-11-24 12:27:24 - [MESSAGE][INFO] - Starting to call Test Case 'Test Cases/Test Reutilisable/DemandeOuRenouvelle_TitreSejour/FormulaireJustificatifs'

2023-11-24 12:27:24 - [TEST_CASE][ERROR] - Test Cases/Test Reutilisable/DemandeOuRenouvelle_TitreSejour/FormulaireJustificatifs: Test Cases/Test Reutilisable/DemandeOuRenouvelle_TitreSejour/FormulaireJustificatifs FAILED.
Reason:
groovy.lang.MissingPropertyException: No such property: f for class: Script1695813884754
	at FormulaireJustificatifs.run(FormulaireJustificatifs:187)
	at com.kms.katalon.core.main.ScriptEngine.run(ScriptEngine.java:194)
	at com.kms.katalon.core.main.ScriptEngine.runScriptAsRawText(ScriptEngine.java:119)
	at com.kms.katalon.core.main.TestCaseExecutor.runScript(TestCaseExecutor.java:448)
	at com.kms.katalon.core.main.TestCaseExecutor.doExecute(TestCaseExecutor.java:439)
	at com.kms.katalon.core.main.TestCaseExecutor.processExecutionPhase(TestCaseExecutor.java:418)
	at com.kms.katalon.core.main.TestCaseExecutor.accessMainPhase(TestCaseExecutor.java:410)
	at com.kms.katalon.core.main.TestCaseExecutor.execute(TestCaseExecutor.java:285)
	at com.kms.katalon.core.main.TestCaseMain.runTestCase(TestCaseMain.java:144)
	at com.kms.katalon.core.keyword.builtin.CallTestCaseKeyword$_callTestCase_closure1.doCall(CallTestCaseKeyword.groovy:59)
	at com.kms.katalon.core.keyword.builtin.CallTestCaseKeyword$_callTestCase_closure1.call(CallTestCaseKeyword.groovy)
	at com.kms.katalon.core.keyword.internal.KeywordMain.runKeyword(KeywordMain.groovy:75)
	at com.kms.katalon.core.keyword.builtin.CallTestCaseKeyword.callTestCase(CallTestCaseKeyword.groovy:81)
	at com.kms.katalon.core.keyword.builtin.CallTestCaseKeyword.execute(CallTestCaseKeyword.groovy:44)
	at com.kms.katalon.core.keyword.internal.KeywordExecutor.executeKeywordForPlatform(KeywordExecutor.groovy:74)
	at com.kms.katalon.core.keyword.BuiltinKeywords.callTestCase(BuiltinKeywords.groovy:310)
	at com.kazurayam.ksbackyard.HighlightElement$_pandemic_closure1.doCall(HighlightElement.groovy:105)
	at TNR R.TSPT Supp90-Etudiant.run(TNR R.TSPT Supp90-Etudiant:62)
	at com.kms.katalon.core.main.ScriptEngine.run(ScriptEngine.java:194)
	at com.kms.katalon.core.main.ScriptEngine.runScriptAsRawText(ScriptEngine.java:119)
	at com.kms.katalon.core.main.TestCaseExecutor.runScript(TestCaseExecutor.java:448)
	at com.kms.katalon.core.main.TestCaseExecutor.doExecute(TestCaseExecutor.java:439)
	at com.kms.katalon.core.main.TestCaseExecutor.processExecutionPhase(TestCaseExecutor.java:418)
	at com.kms.katalon.core.main.TestCaseExecutor.accessMainPhase(TestCaseExecutor.java:410)
	at com.kms.katalon.core.main.TestCaseExecutor.execute(TestCaseExecutor.java:285)
	at com.kms.katalon.core.common.CommonExecutor.accessTestCaseMainPhase(CommonExecutor.java:65)
	at com.kms.katalon.core.main.TestSuiteExecutor.accessTestSuiteMainPhase(TestSuiteExecutor.java:148)
	at com.kms.katalon.core.main.TestSuiteExecutor.execute(TestSuiteExecutor.java:106)
	at com.kms.katalon.core.main.TestCaseMain.startTestSuite(TestCaseMain.java:187)
	at com.kms.katalon.core.main.TestCaseMain$startTestSuite$0.call(Unknown Source)
	at TempTestSuite1700824657414.run(TempTestSuite1700824657414.groovy:36)


2023-11-24 12:27:24 - [TEST_STEP][PASSED] - com.kazurayam.ksbackyard.HighlightElement.pandemic(): com.kazurayam.ksbackyard.HighlightElement.pandemic is PASSED

2023-11-24 12:27:24 - [MESSAGE][PASSED] - com.kazurayam.ksbackyard.HighlightElement.pandemic is PASSED

2023-11-24 12:27:24 - [TEST_STEP][PASSED] - RunBrowserConfiguration = getExecutionProperties(): null

2023-11-24 12:27:24 - [TEST_STEP][PASSED] - DriverName = DriverName: null

2023-11-24 12:27:24 - [TEST_STEP][PASSED] - driver = getWebDriver(): null

2023-11-24 12:27:24 - [TEST_STEP][PASSED] - wrappedDriver = driver.getWrappedDriver(): null

2023-11-24 12:27:24 - [TEST_STEP][PASSED] - out.println(wrappedDriver.getClass()): null

2023-11-24 12:27:24 - [TEST_STEP][PASSED] - if (class == com.kms.katalon.selenium.driver.CRemoteWebDriver): null

2023-11-24 12:27:24 - [TEST_STEP][PASSED] - SpecificDownloadDirectory = "": null

2023-11-24 12:27:24 - [TEST_STEP][PASSED] - if (DriverName == "FIREFOX_DRIVER"): null

2023-11-24 12:27:24 - [TEST_STEP][PASSED] - else if (class == "CRemoteWebDriver"): null

2023-11-24 12:27:24 - [TEST_STEP][PASSED] - else: null

2023-11-24 12:27:24 - [TEST_STEP][PASSED] - SpecificDownloadDirectory = getProjectDir() + "/Data Files": null

2023-11-24 12:27:24 - [TEST_STEP][PASSED] - println("SpecificDownloadDirectory : " + SpecificDownloadDirectory): null

2023-11-24 12:27:24 - [TEST_STEP][PASSED] - if (TypeTitreDeSejour == "RenouvellementDeTitreSejour" && Titre == "Etudiant"): null

2023-11-24 12:27:24 - [TEST_STEP][PASSED] - if (TypeTitreDeSejour == "RenouvellementDeTitreSejour" && Titre == "Visiteur" || TypeTitreDeSejour == "Visiteur" && Titre == "Etudiant"): null

2023-11-24 12:27:24 - [TEST_STEP][PASSED] - println("TypeTitreDeSejour :" + TypeTitreDeSejour): null

2023-11-24 12:27:24 - [TEST_STEP][ERROR] - f: Test Cases/Test Reutilisable/DemandeOuRenouvelle_TitreSejour/FormulaireJustificatifs FAILED.
Reason:
groovy.lang.MissingPropertyException: No such property: f for class: Script1695813884754
	at FormulaireJustificatifs.run(FormulaireJustificatifs:187)
	at com.kms.katalon.core.main.ScriptEngine.run(ScriptEngine.java:194)
	at com.kms.katalon.core.main.ScriptEngine.runScriptAsRawText(ScriptEngine.java:119)
	at com.kms.katalon.core.main.TestCaseExecutor.runScript(TestCaseExecutor.java:448)
	at com.kms.katalon.core.main.TestCaseExecutor.doExecute(TestCaseExecutor.java:439)
	at com.kms.katalon.core.main.TestCaseExecutor.processExecutionPhase(TestCaseExecutor.java:418)
	at com.kms.katalon.core.main.TestCaseExecutor.accessMainPhase(TestCaseExecutor.java:410)
	at com.kms.katalon.core.main.TestCaseExecutor.execute(TestCaseExecutor.java:285)
	at com.kms.katalon.core.main.TestCaseMain.runTestCase(TestCaseMain.java:144)
	at com.kms.katalon.core.keyword.builtin.CallTestCaseKeyword$_callTestCase_closure1.doCall(CallTestCaseKeyword.groovy:59)
	at com.kms.katalon.core.keyword.builtin.CallTestCaseKeyword$_callTestCase_closure1.call(CallTestCaseKeyword.groovy)
	at com.kms.katalon.core.keyword.internal.KeywordMain.runKeyword(KeywordMain.groovy:75)
	at com.kms.katalon.core.keyword.builtin.CallTestCaseKeyword.callTestCase(CallTestCaseKeyword.groovy:81)
	at com.kms.katalon.core.keyword.builtin.CallTestCaseKeyword.execute(CallTestCaseKeyword.groovy:44)
	at com.kms.katalon.core.keyword.internal.KeywordExecutor.executeKeywordForPlatform(KeywordExecutor.groovy:74)
	at com.kms.katalon.core.keyword.BuiltinKeywords.callTestCase(BuiltinKeywords.groovy:310)
	at com.kazurayam.ksbackyard.HighlightElement$_pandemic_closure1.doCall(HighlightElement.groovy:105)
	at TNR R.TSPT Supp90-Etudiant.run(TNR R.TSPT Supp90-Etudiant:62)
	at com.kms.katalon.core.main.ScriptEngine.run(ScriptEngine.java:194)
	at com.kms.katalon.core.main.ScriptEngine.runScriptAsRawText(ScriptEngine.java:119)
	at com.kms.katalon.core.main.TestCaseExecutor.runScript(TestCaseExecutor.java:448)
	at com.kms.katalon.core.main.TestCaseExecutor.doExecute(TestCaseExecutor.java:439)
	at com.kms.katalon.core.main.TestCaseExecutor.processExecutionPhase(TestCaseExecutor.java:418)
	at com.kms.katalon.core.main.TestCaseExecutor.accessMainPhase(TestCaseExecutor.java:410)
	at com.kms.katalon.core.main.TestCaseExecutor.execute(TestCaseExecutor.java:285)
	at com.kms.katalon.core.common.CommonExecutor.accessTestCaseMainPhase(CommonExecutor.java:65)
	at com.kms.katalon.core.main.TestSuiteExecutor.accessTestSuiteMainPhase(TestSuiteExecutor.java:148)
	at com.kms.katalon.core.main.TestSuiteExecutor.execute(TestSuiteExecutor.java:106)
	at com.kms.katalon.core.main.TestCaseMain.startTestSuite(TestCaseMain.java:187)
	at com.kms.katalon.core.main.TestCaseMain$startTestSuite$0.call(Unknown Source)
	at TempTestSuite1700824657414.run(TempTestSuite1700824657414.groovy:36)


2023-11-24 12:27:24 - [MESSAGE][ERROR] - Test Cases/Test Reutilisable/DemandeOuRenouvelle_TitreSejour/FormulaireJustificatifs FAILED.
Reason:
groovy.lang.MissingPropertyException: No such property: f for class: Script1695813884754
	at FormulaireJustificatifs.run(FormulaireJustificatifs:187)
	at com.kms.katalon.core.main.ScriptEngine.run(ScriptEngine.java:194)
	at com.kms.katalon.core.main.ScriptEngine.runScriptAsRawText(ScriptEngine.java:119)
	at com.kms.katalon.core.main.TestCaseExecutor.runScript(TestCaseExecutor.java:448)
	at com.kms.katalon.core.main.TestCaseExecutor.doExecute(TestCaseExecutor.java:439)
	at com.kms.katalon.core.main.TestCaseExecutor.processExecutionPhase(TestCaseExecutor.java:418)
	at com.kms.katalon.core.main.TestCaseExecutor.accessMainPhase(TestCaseExecutor.java:410)
	at com.kms.katalon.core.main.TestCaseExecutor.execute(TestCaseExecutor.java:285)
	at com.kms.katalon.core.main.TestCaseMain.runTestCase(TestCaseMain.java:144)
	at com.kms.katalon.core.keyword.builtin.CallTestCaseKeyword$_callTestCase_closure1.doCall(CallTestCaseKeyword.groovy:59)
	at com.kms.katalon.core.keyword.builtin.CallTestCaseKeyword$_callTestCase_closure1.call(CallTestCaseKeyword.groovy)
	at com.kms.katalon.core.keyword.internal.KeywordMain.runKeyword(KeywordMain.groovy:75)
	at com.kms.katalon.core.keyword.builtin.CallTestCaseKeyword.callTestCase(CallTestCaseKeyword.groovy:81)
	at com.kms.katalon.core.keyword.builtin.CallTestCaseKeyword.execute(CallTestCaseKeyword.groovy:44)
	at com.kms.katalon.core.keyword.internal.KeywordExecutor.executeKeywordForPlatform(KeywordExecutor.groovy:74)
	at com.kms.katalon.core.keyword.BuiltinKeywords.callTestCase(BuiltinKeywords.groovy:310)
	at com.kazurayam.ksbackyard.HighlightElement$_pandemic_closure1.doCall(HighlightElement.groovy:105)
	at TNR R.TSPT Supp90-Etudiant.run(TNR R.TSPT Supp90-Etudiant:62)
	at com.kms.katalon.core.main.ScriptEngine.run(ScriptEngine.java:194)
	at com.kms.katalon.core.main.ScriptEngine.runScriptAsRawText(ScriptEngine.java:119)
	at com.kms.katalon.core.main.TestCaseExecutor.runScript(TestCaseExecutor.java:448)
	at com.kms.katalon.core.main.TestCaseExecutor.doExecute(TestCaseExecutor.java:439)
	at com.kms.katalon.core.main.TestCaseExecutor.processExecutionPhase(TestCaseExecutor.java:418)
	at com.kms.katalon.core.main.TestCaseExecutor.accessMainPhase(TestCaseExecutor.java:410)
	at com.kms.katalon.core.main.TestCaseExecutor.execute(TestCaseExecutor.java:285)
	at com.kms.katalon.core.common.CommonExecutor.accessTestCaseMainPhase(CommonExecutor.java:65)
	at com.kms.katalon.core.main.TestSuiteExecutor.accessTestSuiteMainPhase(TestSuiteExecutor.java:148)
	at com.kms.katalon.core.main.TestSuiteExecutor.execute(TestSuiteExecutor.java:106)
	at com.kms.katalon.core.main.TestCaseMain.startTestSuite(TestCaseMain.java:187)
	at com.kms.katalon.core.main.TestCaseMain$startTestSuite$0.call(Unknown Source)
	at TempTestSuite1700824657414.run(TempTestSuite1700824657414.groovy:36)


2023-11-24 12:27:24 - [MESSAGE][FAILED] - Unable to call Test Case 'Test Cases/Test Reutilisable/DemandeOuRenouvelle_TitreSejour/FormulaireJustificatifs' (Root cause: com.kms.katalon.core.exception.StepErrorException: Call Test Case 'Test Cases/Test Reutilisable/DemandeOuRenouvelle_TitreSejour/FormulaireJustificatifs' failed because of error(s)
	at com.kms.katalon.core.keyword.builtin.CallTestCaseKeyword$_callTestCase_closure1.doCall(CallTestCaseKeyword.groovy:66)
	at com.kms.katalon.core.keyword.builtin.CallTestCaseKeyword$_callTestCase_closure1.call(CallTestCaseKeyword.groovy)
	at com.kms.katalon.core.keyword.internal.KeywordMain.runKeyword(KeywordMain.groovy:75)
	at com.kms.katalon.core.keyword.builtin.CallTestCaseKeyword.callTestCase(CallTestCaseKeyword.groovy:81)
	at com.kms.katalon.core.keyword.builtin.CallTestCaseKeyword.execute(CallTestCaseKeyword.groovy:44)
	at com.kms.katalon.core.keyword.internal.KeywordExecutor.executeKeywordForPlatform(KeywordExecutor.groovy:74)
	at com.kms.katalon.core.keyword.BuiltinKeywords.callTestCase(BuiltinKeywords.groovy:310)
	at com.kazurayam.ksbackyard.HighlightElement$_pandemic_closure1.doCall(HighlightElement.groovy:105)
	at TNR R.TSPT Supp90-Etudiant.run(TNR R.TSPT Supp90-Etudiant:62)
	at com.kms.katalon.core.main.ScriptEngine.run(ScriptEngine.java:194)
	at com.kms.katalon.core.main.ScriptEngine.runScriptAsRawText(ScriptEngine.java:119)
	at com.kms.katalon.core.main.TestCaseExecutor.runScript(TestCaseExecutor.java:448)
	at com.kms.katalon.core.main.TestCaseExecutor.doExecute(TestCaseExecutor.java:439)
	at com.kms.katalon.core.main.TestCaseExecutor.processExecutionPhase(TestCaseExecutor.java:418)
	at com.kms.katalon.core.main.TestCaseExecutor.accessMainPhase(TestCaseExecutor.java:410)
	at com.kms.katalon.core.main.TestCaseExecutor.execute(TestCaseExecutor.java:285)
	at com.kms.katalon.core.common.CommonExecutor.accessTestCaseMainPhase(CommonExecutor.java:65)
	at com.kms.katalon.core.main.TestSuiteExecutor.accessTestSuiteMainPhase(TestSuiteExecutor.java:148)
	at com.kms.katalon.core.main.TestSuiteExecutor.execute(TestSuiteExecutor.java:106)
	at com.kms.katalon.core.main.TestCaseMain.startTestSuite(TestCaseMain.java:187)
	at com.kms.katalon.core.main.TestCaseMain$startTestSuite$0.call(Unknown Source)
	at TempTestSuite1700824657414.run(TempTestSuite1700824657414.groovy:36)
Caused by: groovy.lang.MissingPropertyException: No such property: f for class: Script1695813884754
	at FormulaireJustificatifs.run(FormulaireJustificatifs:187)
	at com.kms.katalon.core.main.ScriptEngine.run(ScriptEngine.java:194)
	at com.kms.katalon.core.main.ScriptEngine.runScriptAsRawText(ScriptEngine.java:119)
	at com.kms.katalon.core.main.TestCaseExecutor.runScript(TestCaseExecutor.java:448)
	at com.kms.katalon.core.main.TestCaseExecutor.doExecute(TestCaseExecutor.java:439)
	at com.kms.katalon.core.main.TestCaseExecutor.processExecutionPhase(TestCaseExecutor.java:418)
	at com.kms.katalon.core.main.TestCaseExecutor.accessMainPhase(TestCaseExecutor.java:410)
	at com.kms.katalon.core.main.TestCaseExecutor.execute(TestCaseExecutor.java:285)
	at com.kms.katalon.core.main.TestCaseMain.runTestCase(TestCaseMain.java:144)
	at com.kms.katalon.core.keyword.builtin.CallTestCaseKeyword$_callTestCase_closure1.doCall(CallTestCaseKeyword.groovy:59)
	... 21 more
)

2023-11-24 12:27:24 - [MESSAGE][ERROR] - Test Cases/Cas D Utilisations/Usager Etudiant/TNR R.TSPT Supp90-Etudiant FAILED.
Reason:
com.kms.katalon.core.exception.StepErrorException: Call Test Case 'Test Cases/Test Reutilisable/DemandeOuRenouvelle_TitreSejour/FormulaireJustificatifs' failed because of error(s)
	at com.kms.katalon.core.keyword.builtin.CallTestCaseKeyword$_callTestCase_closure1.doCall(CallTestCaseKeyword.groovy:66)
	at com.kms.katalon.core.keyword.builtin.CallTestCaseKeyword$_callTestCase_closure1.call(CallTestCaseKeyword.groovy)
	at com.kms.katalon.core.keyword.internal.KeywordMain.runKeyword(KeywordMain.groovy:75)
	at com.kms.katalon.core.keyword.builtin.CallTestCaseKeyword.callTestCase(CallTestCaseKeyword.groovy:81)
	at com.kms.katalon.core.keyword.builtin.CallTestCaseKeyword.execute(CallTestCaseKeyword.groovy:44)
	at com.kms.katalon.core.keyword.internal.KeywordExecutor.executeKeywordForPlatform(KeywordExecutor.groovy:74)
	at com.kms.katalon.core.keyword.BuiltinKeywords.callTestCase(BuiltinKeywords.groovy:310)
	at com.kazurayam.ksbackyard.HighlightElement$_pandemic_closure1.doCall(HighlightElement.groovy:105)
	at TNR R.TSPT Supp90-Etudiant.run(TNR R.TSPT Supp90-Etudiant:62)
	at com.kms.katalon.core.main.ScriptEngine.run(ScriptEngine.java:194)
	at com.kms.katalon.core.main.ScriptEngine.runScriptAsRawText(ScriptEngine.java:119)
	at com.kms.katalon.core.main.TestCaseExecutor.runScript(TestCaseExecutor.java:448)
	at com.kms.katalon.core.main.TestCaseExecutor.doExecute(TestCaseExecutor.java:439)
	at com.kms.katalon.core.main.TestCaseExecutor.processExecutionPhase(TestCaseExecutor.java:418)
	at com.kms.katalon.core.main.TestCaseExecutor.accessMainPhase(TestCaseExecutor.java:410)
	at com.kms.katalon.core.main.TestCaseExecutor.execute(TestCaseExecutor.java:285)
	at com.kms.katalon.core.common.CommonExecutor.accessTestCaseMainPhase(CommonExecutor.java:65)
	at com.kms.katalon.core.main.TestSuiteExecutor.accessTestSuiteMainPhase(TestSuiteExecutor.java:148)
	at com.kms.katalon.core.main.TestSuiteExecutor.execute(TestSuiteExecutor.java:106)
	at com.kms.katalon.core.main.TestCaseMain.startTestSuite(TestCaseMain.java:187)
	at com.kms.katalon.core.main.TestCaseMain$startTestSuite$0.call(Unknown Source)
	at TempTestSuite1700824657414.run(TempTestSuite1700824657414.groovy:36)
Caused by: groovy.lang.MissingPropertyException: No such property: f for class: Script1695813884754
	at FormulaireJustificatifs.run(FormulaireJustificatifs:187)
	at com.kms.katalon.core.main.ScriptEngine.run(ScriptEngine.java:194)
	at com.kms.katalon.core.main.ScriptEngine.runScriptAsRawText(ScriptEngine.java:119)
	at com.kms.katalon.core.main.TestCaseExecutor.runScript(TestCaseExecutor.java:448)
	at com.kms.katalon.core.main.TestCaseExecutor.doExecute(TestCaseExecutor.java:439)
	at com.kms.katalon.core.main.TestCaseExecutor.processExecutionPhase(TestCaseExecutor.java:418)
	at com.kms.katalon.core.main.TestCaseExecutor.accessMainPhase(TestCaseExecutor.java:410)
	at com.kms.katalon.core.main.TestCaseExecutor.execute(TestCaseExecutor.java:285)
	at com.kms.katalon.core.main.TestCaseMain.runTestCase(TestCaseMain.java:144)
	at com.kms.katalon.core.keyword.builtin.CallTestCaseKeyword$_callTestCase_closure1.doCall(CallTestCaseKeyword.groovy:59)
	... 21 more


2023-11-24 12:27:26 - [TEST_STEP][PASSED] - Video: Video recording for test case 'Test Cases/Cas D Utilisations/Usager Etudiant/TNR R.TSPT Supp90-Etudiant' .

2023-11-24 12:27:26 - [MESSAGE][INFO] - Video recording for test case 'Test Cases/Cas D Utilisations/Usager Etudiant/TNR R.TSPT Supp90-Etudiant' .]]></system-out>
         <system-err><![CDATA[2023-11-24 12:24:32 - [TEST_CASE][ERROR] - Test Cases/Cas D Utilisations/Usager Etudiant/TNR R.TSPT Supp90-Etudiant: Test Cases/Cas D Utilisations/Usager Etudiant/TNR R.TSPT Supp90-Etudiant FAILED.
Reason:
com.kms.katalon.core.exception.StepErrorException: Call Test Case 'Test Cases/Test Reutilisable/DemandeOuRenouvelle_TitreSejour/FormulaireJustificatifs' failed because of error(s)
	at com.kms.katalon.core.keyword.builtin.CallTestCaseKeyword$_callTestCase_closure1.doCall(CallTestCaseKeyword.groovy:66)
	at com.kms.katalon.core.keyword.builtin.CallTestCaseKeyword$_callTestCase_closure1.call(CallTestCaseKeyword.groovy)
	at com.kms.katalon.core.keyword.internal.KeywordMain.runKeyword(KeywordMain.groovy:75)
	at com.kms.katalon.core.keyword.builtin.CallTestCaseKeyword.callTestCase(CallTestCaseKeyword.groovy:81)
	at com.kms.katalon.core.keyword.builtin.CallTestCaseKeyword.execute(CallTestCaseKeyword.groovy:44)
	at com.kms.katalon.core.keyword.internal.KeywordExecutor.executeKeywordForPlatform(KeywordExecutor.groovy:74)
	at com.kms.katalon.core.keyword.BuiltinKeywords.callTestCase(BuiltinKeywords.groovy:310)
	at com.kazurayam.ksbackyard.HighlightElement$_pandemic_closure1.doCall(HighlightElement.groovy:105)
	at TNR R.TSPT Supp90-Etudiant.run(TNR R.TSPT Supp90-Etudiant:62)
	at com.kms.katalon.core.main.ScriptEngine.run(ScriptEngine.java:194)
	at com.kms.katalon.core.main.ScriptEngine.runScriptAsRawText(ScriptEngine.java:119)
	at com.kms.katalon.core.main.TestCaseExecutor.runScript(TestCaseExecutor.java:448)
	at com.kms.katalon.core.main.TestCaseExecutor.doExecute(TestCaseExecutor.java:439)
	at com.kms.katalon.core.main.TestCaseExecutor.processExecutionPhase(TestCaseExecutor.java:418)
	at com.kms.katalon.core.main.TestCaseExecutor.accessMainPhase(TestCaseExecutor.java:410)
	at com.kms.katalon.core.main.TestCaseExecutor.execute(TestCaseExecutor.java:285)
	at com.kms.katalon.core.common.CommonExecutor.accessTestCaseMainPhase(CommonExecutor.java:65)
	at com.kms.katalon.core.main.TestSuiteExecutor.accessTestSuiteMainPhase(TestSuiteExecutor.java:148)
	at com.kms.katalon.core.main.TestSuiteExecutor.execute(TestSuiteExecutor.java:106)
	at com.kms.katalon.core.main.TestCaseMain.startTestSuite(TestCaseMain.java:187)
	at com.kms.katalon.core.main.TestCaseMain$startTestSuite$0.call(Unknown Source)
	at TempTestSuite1700824657414.run(TempTestSuite1700824657414.groovy:36)
Caused by: groovy.lang.MissingPropertyException: No such property: f for class: Script1695813884754
	at FormulaireJustificatifs.run(FormulaireJustificatifs:187)
	at com.kms.katalon.core.main.ScriptEngine.run(ScriptEngine.java:194)
	at com.kms.katalon.core.main.ScriptEngine.runScriptAsRawText(ScriptEngine.java:119)
	at com.kms.katalon.core.main.TestCaseExecutor.runScript(TestCaseExecutor.java:448)
	at com.kms.katalon.core.main.TestCaseExecutor.doExecute(TestCaseExecutor.java:439)
	at com.kms.katalon.core.main.TestCaseExecutor.processExecutionPhase(TestCaseExecutor.java:418)
	at com.kms.katalon.core.main.TestCaseExecutor.accessMainPhase(TestCaseExecutor.java:410)
	at com.kms.katalon.core.main.TestCaseExecutor.execute(TestCaseExecutor.java:285)
	at com.kms.katalon.core.main.TestCaseMain.runTestCase(TestCaseMain.java:144)
	at com.kms.katalon.core.keyword.builtin.CallTestCaseKeyword$_callTestCase_closure1.doCall(CallTestCaseKeyword.groovy:59)
	... 21 more]]></system-err>
      </testcase>
      <system-out><![CDATA[2023-11-24 12:17:40 - [TEST_SUITE][ERROR] - TS_TNR_R.TSPT_Suppo90: Test Cases/Cas D Utilisations/Usager Etudiant/TNR R.TSPT Supp90-Etudiant FAILED.
Reason:
com.kms.katalon.core.exception.StepErrorException: Call Test Case 'Test Cases/Test Reutilisable/DemandeOuRenouvelle_TitreSejour/FormulaireJustificatifs' failed because of error(s)
	at com.kms.katalon.core.keyword.builtin.CallTestCaseKeyword$_callTestCase_closure1.doCall(CallTestCaseKeyword.groovy:66)
	at com.kms.katalon.core.keyword.builtin.CallTestCaseKeyword$_callTestCase_closure1.call(CallTestCaseKeyword.groovy)
	at com.kms.katalon.core.keyword.internal.KeywordMain.runKeyword(KeywordMain.groovy:75)
	at com.kms.katalon.core.keyword.builtin.CallTestCaseKeyword.callTestCase(CallTestCaseKeyword.groovy:81)
	at com.kms.katalon.core.keyword.builtin.CallTestCaseKeyword.execute(CallTestCaseKeyword.groovy:44)
	at com.kms.katalon.core.keyword.internal.KeywordExecutor.executeKeywordForPlatform(KeywordExecutor.groovy:74)
	at com.kms.katalon.core.keyword.BuiltinKeywords.callTestCase(BuiltinKeywords.groovy:310)
	at com.kazurayam.ksbackyard.HighlightElement$_pandemic_closure1.doCall(HighlightElement.groovy:105)
	at TNR R.TSPT Supp90-Etudiant.run(TNR R.TSPT Supp90-Etudiant:62)
	at com.kms.katalon.core.main.ScriptEngine.run(ScriptEngine.java:194)
	at com.kms.katalon.core.main.ScriptEngine.runScriptAsRawText(ScriptEngine.java:119)
	at com.kms.katalon.core.main.TestCaseExecutor.runScript(TestCaseExecutor.java:448)
	at com.kms.katalon.core.main.TestCaseExecutor.doExecute(TestCaseExecutor.java:439)
	at com.kms.katalon.core.main.TestCaseExecutor.processExecutionPhase(TestCaseExecutor.java:418)
	at com.kms.katalon.core.main.TestCaseExecutor.accessMainPhase(TestCaseExecutor.java:410)
	at com.kms.katalon.core.main.TestCaseExecutor.execute(TestCaseExecutor.java:285)
	at com.kms.katalon.core.common.CommonExecutor.accessTestCaseMainPhase(CommonExecutor.java:65)
	at com.kms.katalon.core.main.TestSuiteExecutor.accessTestSuiteMainPhase(TestSuiteExecutor.java:148)
	at com.kms.katalon.core.main.TestSuiteExecutor.execute(TestSuiteExecutor.java:106)
	at com.kms.katalon.core.main.TestCaseMain.startTestSuite(TestCaseMain.java:187)
	at com.kms.katalon.core.main.TestCaseMain$startTestSuite$0.call(Unknown Source)
	at TempTestSuite1700824657414.run(TempTestSuite1700824657414.groovy:36)
Caused by: groovy.lang.MissingPropertyException: No such property: f for class: Script1695813884754
	at FormulaireJustificatifs.run(FormulaireJustificatifs:187)
	at com.kms.katalon.core.main.ScriptEngine.run(ScriptEngine.java:194)
	at com.kms.katalon.core.main.ScriptEngine.runScriptAsRawText(ScriptEngine.java:119)
	at com.kms.katalon.core.main.TestCaseExecutor.runScript(TestCaseExecutor.java:448)
	at com.kms.katalon.core.main.TestCaseExecutor.doExecute(TestCaseExecutor.java:439)
	at com.kms.katalon.core.main.TestCaseExecutor.processExecutionPhase(TestCaseExecutor.java:418)
	at com.kms.katalon.core.main.TestCaseExecutor.accessMainPhase(TestCaseExecutor.java:410)
	at com.kms.katalon.core.main.TestCaseExecutor.execute(TestCaseExecutor.java:285)
	at com.kms.katalon.core.main.TestCaseMain.runTestCase(TestCaseMain.java:144)
	at com.kms.katalon.core.keyword.builtin.CallTestCaseKeyword$_callTestCase_closure1.doCall(CallTestCaseKeyword.groovy:59)
	... 21 more]]></system-out>
      <system-err><![CDATA[2023-11-24 12:17:40 - [TEST_SUITE][ERROR] - TS_TNR_R.TSPT_Suppo90: Test Cases/Cas D Utilisations/Usager Etudiant/TNR R.TSPT Supp90-Etudiant FAILED.
Reason:
com.kms.katalon.core.exception.StepErrorException: Call Test Case 'Test Cases/Test Reutilisable/DemandeOuRenouvelle_TitreSejour/FormulaireJustificatifs' failed because of error(s)
	at com.kms.katalon.core.keyword.builtin.CallTestCaseKeyword$_callTestCase_closure1.doCall(CallTestCaseKeyword.groovy:66)
	at com.kms.katalon.core.keyword.builtin.CallTestCaseKeyword$_callTestCase_closure1.call(CallTestCaseKeyword.groovy)
	at com.kms.katalon.core.keyword.internal.KeywordMain.runKeyword(KeywordMain.groovy:75)
	at com.kms.katalon.core.keyword.builtin.CallTestCaseKeyword.callTestCase(CallTestCaseKeyword.groovy:81)
	at com.kms.katalon.core.keyword.builtin.CallTestCaseKeyword.execute(CallTestCaseKeyword.groovy:44)
	at com.kms.katalon.core.keyword.internal.KeywordExecutor.executeKeywordForPlatform(KeywordExecutor.groovy:74)
	at com.kms.katalon.core.keyword.BuiltinKeywords.callTestCase(BuiltinKeywords.groovy:310)
	at com.kazurayam.ksbackyard.HighlightElement$_pandemic_closure1.doCall(HighlightElement.groovy:105)
	at TNR R.TSPT Supp90-Etudiant.run(TNR R.TSPT Supp90-Etudiant:62)
	at com.kms.katalon.core.main.ScriptEngine.run(ScriptEngine.java:194)
	at com.kms.katalon.core.main.ScriptEngine.runScriptAsRawText(ScriptEngine.java:119)
	at com.kms.katalon.core.main.TestCaseExecutor.runScript(TestCaseExecutor.java:448)
	at com.kms.katalon.core.main.TestCaseExecutor.doExecute(TestCaseExecutor.java:439)
	at com.kms.katalon.core.main.TestCaseExecutor.processExecutionPhase(TestCaseExecutor.java:418)
	at com.kms.katalon.core.main.TestCaseExecutor.accessMainPhase(TestCaseExecutor.java:410)
	at com.kms.katalon.core.main.TestCaseExecutor.execute(TestCaseExecutor.java:285)
	at com.kms.katalon.core.common.CommonExecutor.accessTestCaseMainPhase(CommonExecutor.java:65)
	at com.kms.katalon.core.main.TestSuiteExecutor.accessTestSuiteMainPhase(TestSuiteExecutor.java:148)
	at com.kms.katalon.core.main.TestSuiteExecutor.execute(TestSuiteExecutor.java:106)
	at com.kms.katalon.core.main.TestCaseMain.startTestSuite(TestCaseMain.java:187)
	at com.kms.katalon.core.main.TestCaseMain$startTestSuite$0.call(Unknown Source)
	at TempTestSuite1700824657414.run(TempTestSuite1700824657414.groovy:36)
Caused by: groovy.lang.MissingPropertyException: No such property: f for class: Script1695813884754
	at FormulaireJustificatifs.run(FormulaireJustificatifs:187)
	at com.kms.katalon.core.main.ScriptEngine.run(ScriptEngine.java:194)
	at com.kms.katalon.core.main.ScriptEngine.runScriptAsRawText(ScriptEngine.java:119)
	at com.kms.katalon.core.main.TestCaseExecutor.runScript(TestCaseExecutor.java:448)
	at com.kms.katalon.core.main.TestCaseExecutor.doExecute(TestCaseExecutor.java:439)
	at com.kms.katalon.core.main.TestCaseExecutor.processExecutionPhase(TestCaseExecutor.java:418)
	at com.kms.katalon.core.main.TestCaseExecutor.accessMainPhase(TestCaseExecutor.java:410)
	at com.kms.katalon.core.main.TestCaseExecutor.execute(TestCaseExecutor.java:285)
	at com.kms.katalon.core.main.TestCaseMain.runTestCase(TestCaseMain.java:144)
	at com.kms.katalon.core.keyword.builtin.CallTestCaseKeyword$_callTestCase_closure1.doCall(CallTestCaseKeyword.groovy:59)
	... 21 more]]></system-err>
   </testsuite>
</testsuites>
