<?xml version="1.0" encoding="UTF-8"?>
<testsuites name="TS_TNR_R.TSPT_Suppo90" time="363.529" tests="1" failures="0" errors="1">
   <testsuite name="TS_TNR_R.TSPT_Suppo90" tests="1" failures="0" errors="1" time="363.529" skipped="0" timestamp="2023-11-23 22:40:13" hostname="issam.rharbaoui - FR-L5448059.groupinfra.com" id="Test Suites/TS_TNR_R.TSPT_Suppo90">
      <properties>
         <property name="deviceName" value=""/>
         <property name="devicePlatform" value=""/>
         <property name="logFolder" value="C:\\Users\\ISSAM.RHARBAOUI\\git\\22_11\\ANEF-AutomatizationProject\\Reports\\20231123_224010\\TS_TNR_R.TSPT_Suppo90\\20231123_224010"/>
         <property name="logFiles" value="C:\\Users\\ISSAM.RHARBAOUI\\git\\22_11\\ANEF-AutomatizationProject\\Reports\\20231123_224010\\TS_TNR_R.TSPT_Suppo90\\20231123_224010\\execution0.log"/>
         <property name="attachments" value="C:\\Users\\ISSAM.RHARBAOUI\\git\\22_11\\ANEF-AutomatizationProject\\Reports\\20231123_224010\\TS_TNR_R.TSPT_Suppo90\\20231123_224010\\1700775706322.png, C:\\Users\\ISSAM.RHARBAOUI\\git\\22_11\\ANEF-AutomatizationProject\\Reports\\20231123_224010\\TS_TNR_R.TSPT_Suppo90\\20231123_224010\\1700775714283.png, C:\\Users\\ISSAM.RHARBAOUI\\git\\22_11\\ANEF-AutomatizationProject\\Reports\\20231123_224010\\TS_TNR_R.TSPT_Suppo90\\20231123_224010\\1700775830533.png, C:\\Users\\ISSAM.RHARBAOUI\\git\\22_11\\ANEF-AutomatizationProject\\Reports\\20231123_224010\\TS_TNR_R.TSPT_Suppo90\\20231123_224010\\1700775902732.png, C:\\Users\\ISSAM.RHARBAOUI\\git\\22_11\\ANEF-AutomatizationProject\\Reports\\20231123_224010\\TS_TNR_R.TSPT_Suppo90\\20231123_224010\\1700775912029.png"/>
         <property name="hostName" value="issam.rharbaoui - FR-L5448059.groupinfra.com"/>
         <property name="os" value="Windows 10 64bit"/>
         <property name="katalonVersion" value="8.6.5.208"/>
         <property name="browser" value="Chrome 119.0.0.0"/>
         <property name="hostAddress" value="192.168.1.134"/>
         <property name="sessionId" value="f924998d34cb21e9297d227a33985843"/>
         <property name="seleniumVersion" value="3.141.59"/>
         <property name="proxyInformation" value="ProxyInformation { proxyOption=NO_PROXY, proxyServerType=HTTP, username=, password=********, proxyServerAddress=, proxyServerPort=0, executionList=&quot;&quot;, isApplyToDesiredCapabilities=true }"/>
         <property name="platform" value="Windows 10"/>
      </properties>
      <testcase name="Test Cases/Cas D Utilisations/Usager Etudiant/TNR R.TSPT Supp90-Etudiant" time="362.953" classname="Test Cases/Cas D Utilisations/Usager Etudiant/TNR R.TSPT Supp90-Etudiant" status="ERROR">
         <error type="ERROR" message="Test Cases/Cas D Utilisations/Usager Etudiant/TNR R.TSPT Supp90-Etudiant FAILED.
Reason:
com.kms.katalon.core.exception.StepErrorException: Call Test Case 'Test Cases/Test Reutilisable/DemandeOuRenouvelle_TitreSejour/FormulaireJustificatifs' failed because of error(s)
	at com.kms.katalon.core.keyword.builtin.CallTestCaseKeyword$_callTestCase_closure1.doCall(CallTestCaseKeyword.groovy:66)
	at com.kms.katalon.core.keyword.builtin.CallTestCaseKeyword$_callTestCase_closure1.call(CallTestCaseKeyword.groovy)
	at com.kms.katalon.core.keyword.internal.KeywordMain.runKeyword(KeywordMain.groovy:75)
	at com.kms.katalon.core.keyword.builtin.CallTestCaseKeyword.callTestCase(CallTestCaseKeyword.groovy:81)
	at com.kms.katalon.core.keyword.builtin.CallTestCaseKeyword.execute(CallTestCaseKeyword.groovy:44)
	at com.kms.katalon.core.keyword.internal.KeywordExecutor.executeKeywordForPlatform(KeywordExecutor.groovy:74)
	at com.kms.katalon.core.keyword.BuiltinKeywords.callTestCase(BuiltinKeywords.groovy:310)
	at com.kazurayam.ksbackyard.HighlightElement$_pandemic_closure1.doCall(HighlightElement.groovy:105)
	at TNR R.TSPT Supp90-Etudiant.run(TNR R.TSPT Supp90-Etudiant:62)
	at com.kms.katalon.core.main.ScriptEngine.run(ScriptEngine.java:194)
	at com.kms.katalon.core.main.ScriptEngine.runScriptAsRawText(ScriptEngine.java:119)
	at com.kms.katalon.core.main.TestCaseExecutor.runScript(TestCaseExecutor.java:448)
	at com.kms.katalon.core.main.TestCaseExecutor.doExecute(TestCaseExecutor.java:439)
	at com.kms.katalon.core.main.TestCaseExecutor.processExecutionPhase(TestCaseExecutor.java:418)
	at com.kms.katalon.core.main.TestCaseExecutor.accessMainPhase(TestCaseExecutor.java:410)
	at com.kms.katalon.core.main.TestCaseExecutor.execute(TestCaseExecutor.java:285)
	at com.kms.katalon.core.common.CommonExecutor.accessTestCaseMainPhase(CommonExecutor.java:65)
	at com.kms.katalon.core.main.TestSuiteExecutor.accessTestSuiteMainPhase(TestSuiteExecutor.java:148)
	at com.kms.katalon.core.main.TestSuiteExecutor.execute(TestSuiteExecutor.java:106)
	at com.kms.katalon.core.main.TestCaseMain.startTestSuite(TestCaseMain.java:187)
	at com.kms.katalon.core.main.TestCaseMain$startTestSuite$0.call(Unknown Source)
	at TempTestSuite1700775610776.run(TempTestSuite1700775610776.groovy:36)
Caused by: groovy.lang.MissingPropertyException: No such property: f for class: Script1695813884754
	at FormulaireJustificatifs.run(FormulaireJustificatifs:187)
	at com.kms.katalon.core.main.ScriptEngine.run(ScriptEngine.java:194)
	at com.kms.katalon.core.main.ScriptEngine.runScriptAsRawText(ScriptEngine.java:119)
	at com.kms.katalon.core.main.TestCaseExecutor.runScript(TestCaseExecutor.java:448)
	at com.kms.katalon.core.main.TestCaseExecutor.doExecute(TestCaseExecutor.java:439)
	at com.kms.katalon.core.main.TestCaseExecutor.processExecutionPhase(TestCaseExecutor.java:418)
	at com.kms.katalon.core.main.TestCaseExecutor.accessMainPhase(TestCaseExecutor.java:410)
	at com.kms.katalon.core.main.TestCaseExecutor.execute(TestCaseExecutor.java:285)
	at com.kms.katalon.core.main.TestCaseMain.runTestCase(TestCaseMain.java:144)
	at com.kms.katalon.core.keyword.builtin.CallTestCaseKeyword$_callTestCase_closure1.doCall(CallTestCaseKeyword.groovy:59)
	... 21 more
"/>
         <system-out><![CDATA[2023-11-23 22:40:14 - [TEST_CASE][ERROR] - Test Cases/Cas D Utilisations/Usager Etudiant/TNR R.TSPT Supp90-Etudiant: Test Cases/Cas D Utilisations/Usager Etudiant/TNR R.TSPT Supp90-Etudiant FAILED.
Reason:
com.kms.katalon.core.exception.StepErrorException: Call Test Case 'Test Cases/Test Reutilisable/DemandeOuRenouvelle_TitreSejour/FormulaireJustificatifs' failed because of error(s)
	at com.kms.katalon.core.keyword.builtin.CallTestCaseKeyword$_callTestCase_closure1.doCall(CallTestCaseKeyword.groovy:66)
	at com.kms.katalon.core.keyword.builtin.CallTestCaseKeyword$_callTestCase_closure1.call(CallTestCaseKeyword.groovy)
	at com.kms.katalon.core.keyword.internal.KeywordMain.runKeyword(KeywordMain.groovy:75)
	at com.kms.katalon.core.keyword.builtin.CallTestCaseKeyword.callTestCase(CallTestCaseKeyword.groovy:81)
	at com.kms.katalon.core.keyword.builtin.CallTestCaseKeyword.execute(CallTestCaseKeyword.groovy:44)
	at com.kms.katalon.core.keyword.internal.KeywordExecutor.executeKeywordForPlatform(KeywordExecutor.groovy:74)
	at com.kms.katalon.core.keyword.BuiltinKeywords.callTestCase(BuiltinKeywords.groovy:310)
	at com.kazurayam.ksbackyard.HighlightElement$_pandemic_closure1.doCall(HighlightElement.groovy:105)
	at TNR R.TSPT Supp90-Etudiant.run(TNR R.TSPT Supp90-Etudiant:62)
	at com.kms.katalon.core.main.ScriptEngine.run(ScriptEngine.java:194)
	at com.kms.katalon.core.main.ScriptEngine.runScriptAsRawText(ScriptEngine.java:119)
	at com.kms.katalon.core.main.TestCaseExecutor.runScript(TestCaseExecutor.java:448)
	at com.kms.katalon.core.main.TestCaseExecutor.doExecute(TestCaseExecutor.java:439)
	at com.kms.katalon.core.main.TestCaseExecutor.processExecutionPhase(TestCaseExecutor.java:418)
	at com.kms.katalon.core.main.TestCaseExecutor.accessMainPhase(TestCaseExecutor.java:410)
	at com.kms.katalon.core.main.TestCaseExecutor.execute(TestCaseExecutor.java:285)
	at com.kms.katalon.core.common.CommonExecutor.accessTestCaseMainPhase(CommonExecutor.java:65)
	at com.kms.katalon.core.main.TestSuiteExecutor.accessTestSuiteMainPhase(TestSuiteExecutor.java:148)
	at com.kms.katalon.core.main.TestSuiteExecutor.execute(TestSuiteExecutor.java:106)
	at com.kms.katalon.core.main.TestCaseMain.startTestSuite(TestCaseMain.java:187)
	at com.kms.katalon.core.main.TestCaseMain$startTestSuite$0.call(Unknown Source)
	at TempTestSuite1700775610776.run(TempTestSuite1700775610776.groovy:36)
Caused by: groovy.lang.MissingPropertyException: No such property: f for class: Script1695813884754
	at FormulaireJustificatifs.run(FormulaireJustificatifs:187)
	at com.kms.katalon.core.main.ScriptEngine.run(ScriptEngine.java:194)
	at com.kms.katalon.core.main.ScriptEngine.runScriptAsRawText(ScriptEngine.java:119)
	at com.kms.katalon.core.main.TestCaseExecutor.runScript(TestCaseExecutor.java:448)
	at com.kms.katalon.core.main.TestCaseExecutor.doExecute(TestCaseExecutor.java:439)
	at com.kms.katalon.core.main.TestCaseExecutor.processExecutionPhase(TestCaseExecutor.java:418)
	at com.kms.katalon.core.main.TestCaseExecutor.accessMainPhase(TestCaseExecutor.java:410)
	at com.kms.katalon.core.main.TestCaseExecutor.execute(TestCaseExecutor.java:285)
	at com.kms.katalon.core.main.TestCaseMain.runTestCase(TestCaseMain.java:144)
	at com.kms.katalon.core.keyword.builtin.CallTestCaseKeyword$_callTestCase_closure1.doCall(CallTestCaseKeyword.groovy:59)
	... 21 more


2023-11-23 22:40:15 - [TEST_STEP][PASSED] - com.kazurayam.ksbackyard.HighlightElement.pandemic(): com.kazurayam.ksbackyard.HighlightElement.pandemic is PASSED

2023-11-23 22:40:15 - [MESSAGE][PASSED] - com.kazurayam.ksbackyard.HighlightElement.pandemic is PASSED

2023-11-23 22:40:15 - [TEST_STEP][PASSED] - callTestCase(findTestCase("Test Reutilisable/Main/Lancer URL ANEF"), ["Profiles":"Usager", "EnvExec":EnvExec], STOP_ON_FAILURE): Call Test Case 'Test Cases/Test Reutilisable/Main/Lancer URL ANEF' successfully

2023-11-23 22:40:15 - [MESSAGE][INFO] - Checking called Test Case

2023-11-23 22:40:15 - [MESSAGE][INFO] - Starting to call Test Case 'Test Cases/Test Reutilisable/Main/Lancer URL ANEF'

2023-11-23 22:40:15 - [TEST_CASE][PASSED] - Test Cases/Test Reutilisable/Main/Lancer URL ANEF: Test Cases/Test Reutilisable/Main/Lancer URL ANEF

2023-11-23 22:40:20 - [TEST_STEP][PASSED] - "RunConfiguration: getProjectDir for LogDriver ": null

2023-11-23 22:40:20 - [TEST_STEP][PASSED] - RunBrowserConfiguration = getExecutionProperties(): null

2023-11-23 22:40:20 - [TEST_STEP][PASSED] - DriverName = "": null

2023-11-23 22:40:20 - [TEST_STEP][PASSED] - openBrowser(""): Browser is opened with url: ''

2023-11-23 22:40:20 - [MESSAGE][INFO] - Opening browser

2023-11-23 22:40:20 - [MESSAGE][INFO] - Starting 'Chrome' driver

2023-11-23 22:40:20 - [MESSAGE][INFO] - User set preference: ['args', '[--incognito, --start-maximized, --remote-allow-origins=*]']

2023-11-23 22:40:20 - [MESSAGE][INFO] - User set preference: ['prefs', '{download.default_directory=${GlobalVariable.downloadPath}, download_dir=${GlobalVariable.downloadPath}, download.prompt_for_download=false}']

2023-11-23 22:40:20 - [MESSAGE][INFO] - User set preference: ['loggingPrefs', '{browser=ALL}']

2023-11-23 22:40:20 - [MESSAGE][INFO] - Action delay is set to 2 000 milliseconds

2023-11-23 22:40:23 - [MESSAGE][PASSED] - Browser is opened with url: ''

2023-11-23 22:40:23 - [TEST_STEP][PASSED] - driver = getWebDriver(): null

2023-11-23 22:40:23 - [TEST_STEP][PASSED] - wrappedDriver = driver.getWrappedDriver(): null

2023-11-23 22:40:23 - [TEST_STEP][PASSED] - out.println(wrappedDriver.getClass()): null

2023-11-23 22:40:23 - [TEST_STEP][PASSED] - if (class == com.kms.katalon.selenium.driver.CRemoteWebDriver): null

2023-11-23 22:40:23 - [TEST_STEP][PASSED] - else: null

2023-11-23 22:40:23 - [TEST_STEP][PASSED] - DriverName = get("WebUI").get("browserType"): null

2023-11-23 22:40:24 - [TEST_STEP][PASSED] - println("DriverName :" + DriverName): null

2023-11-23 22:40:24 - [TEST_STEP][PASSED] - println("Driverpath :" + RunBrowserConfiguration.get("drivers")): null

2023-11-23 22:40:24 - [TEST_STEP][PASSED] - DriverName = DriverName: null

2023-11-23 22:40:25 - [TEST_STEP][PASSED] - delay(medium_wait): Delayed 3 second(s)

2023-11-23 22:40:25 - [MESSAGE][INFO] - Delaying browser in 3 second(s)

2023-11-23 22:40:28 - [MESSAGE][PASSED] - Delayed 3 second(s)

2023-11-23 22:40:28 - [TEST_STEP][PASSED] - executedBrowser = getExecutedBrowser(): null

2023-11-23 22:40:28 - [TEST_STEP][PASSED] - if (Profiles == "Usager"): null

2023-11-23 22:40:28 - [TEST_STEP][PASSED] - switch (DriverName): null

2023-11-23 22:40:28 - [TEST_STEP][PASSED] - case "CHROME_DRIVER":: null

2023-11-23 22:40:28 - [TEST_STEP][PASSED] - if (EnvExec == "URL_ANEFQualif"): null

2023-11-23 22:40:28 - [TEST_STEP][PASSED] - if (EnvExec == "URL_ANEFPreProd"): Navigate to 'https://preprod.administration-etrangers-en-france.interieur.gouv.fr/particuliers/#/' successfully

2023-11-23 22:40:28 - [TEST_STEP][PASSED] - navigateToUrl(URL_ANEFPreProd): Navigate to 'https://preprod.administration-etrangers-en-france.interieur.gouv.fr/particuliers/#/' successfully

2023-11-23 22:40:28 - [MESSAGE][INFO] - Checking url

2023-11-23 22:40:28 - [MESSAGE][INFO] - Navigating to 'https://preprod.administration-etrangers-en-france.interieur.gouv.fr/particuliers/#/'

2023-11-23 22:40:44 - [MESSAGE][PASSED] - Navigate to 'https://preprod.administration-etrangers-en-france.interieur.gouv.fr/particuliers/#/' successfully

2023-11-23 22:40:44 - [TEST_STEP][PASSED] - maximizeWindow(): Current window maximized

2023-11-23 22:40:44 - [MESSAGE][INFO] - Maximizing current window

2023-11-23 22:40:44 - [MESSAGE][PASSED] - Current window maximized

2023-11-23 22:40:44 - [TEST_STEP][PASSED] - System.setProperty("webdriver.chrome.driver", getChromeDriverPath()): null

2023-11-23 22:40:44 - [TEST_STEP][PASSED] - System.setProperty("webdriver.chrome.logfile", getProjectDir() + "/Dump/chromedriver.log"): null

2023-11-23 22:40:44 - [TEST_STEP][PASSED] - callTestCase(findTestCase("Test Reutilisable/Main/Erreur lie a la confidentialite"), [:], STOP_ON_FAILURE): Call Test Case 'Test Cases/Test Reutilisable/Main/Erreur lie a la confidentialite' successfully

2023-11-23 22:40:44 - [MESSAGE][INFO] - Checking called Test Case

2023-11-23 22:40:44 - [MESSAGE][INFO] - Starting to call Test Case 'Test Cases/Test Reutilisable/Main/Erreur lie a la confidentialite'

2023-11-23 22:40:44 - [TEST_CASE][PASSED] - Test Cases/Test Reutilisable/Main/Erreur lie a la confidentialite: Test Cases/Test Reutilisable/Main/Erreur lie a la confidentialite

2023-11-23 22:40:45 - [TEST_STEP][PASSED] - tools.WaitForLoadedPage.waitForElementRendering(): tools.WaitForLoadedPage.waitForElementRendering is PASSED

2023-11-23 22:40:45 - [MESSAGE][PASSED] - tools.WaitForLoadedPage.waitForElementRendering is PASSED

2023-11-23 22:40:45 - [TEST_STEP][PASSED] - "Call Highlight.on() automatically": null

2023-11-23 22:40:45 - [TEST_STEP][PASSED] - DriverName = DriverName: null

2023-11-23 22:40:45 - [TEST_STEP][PASSED] - if (DriverName == "CHROME_DRIVER" || "EDGE_CHROMIUM_DRIVER" || "HEADLESS_DRIVER"): null

2023-11-23 22:40:45 - [TEST_STEP][PASSED] - if (verifyElementPresent(findTestObject("Object Repository/Connexion Usager/Btn_Parametres Avances"), 2, OPTIONAL)): null

2023-11-23 22:40:45 - [MESSAGE][INFO] - Finding Test Object 'Object Repository/Connexion Usager/Btn_Parametres Avances'

2023-11-23 22:40:45 - [MESSAGE][INFO] - Checking object

2023-11-23 22:40:45 - [MESSAGE][INFO] - Finding web element from Test Object's properties

2023-11-23 22:40:45 - [MESSAGE][INFO] - Checking timeout

2023-11-23 22:40:45 - [MESSAGE][INFO] - Finding web element with id: 'Object Repository/Connexion Usager/Btn_Parametres Avances' located by 'By.xpath: //*[@id="details-button"]' in '2' second(s)

2023-11-23 22:40:45 - [MESSAGE][INFO] - Smart Wait Function is triggered

2023-11-23 22:40:45 - [MESSAGE][INFO] - Found 1 web elements with id: 'Object Repository/Connexion Usager/Btn_Parametres Avances' located by 'By.xpath: //*[@id="details-button"]' in '2' second(s)

2023-11-23 22:40:45 - [MESSAGE][PASSED] - Object 'Object Repository/Connexion Usager/Btn_Parametres Avances' is present

2023-11-23 22:40:45 - [TEST_STEP][PASSED] - click(findTestObject("Object Repository/Connexion Usager/Btn_Parametres Avances"), OPTIONAL): Object: 'Object Repository/Connexion Usager/Btn_Parametres Avances' is clicked on

2023-11-23 22:40:45 - [MESSAGE][INFO] - Finding Test Object 'Object Repository/Connexion Usager/Btn_Parametres Avances'

2023-11-23 22:40:45 - [MESSAGE][INFO] - Checking timeout

2023-11-23 22:40:45 - [MESSAGE][INFO] - Finding web element with id: 'Object Repository/Connexion Usager/Btn_Parametres Avances' located by 'By.xpath: //*[@id="details-button"]' in '20' second(s)

2023-11-23 22:40:45 - [MESSAGE][INFO] - Smart Wait Function is triggered

2023-11-23 22:40:45 - [MESSAGE][INFO] - Found 1 web elements with id: 'Object Repository/Connexion Usager/Btn_Parametres Avances' located by 'By.xpath: //*[@id="details-button"]' in '20' second(s)

2023-11-23 22:40:46 - [MESSAGE][INFO] - Checking object

2023-11-23 22:40:46 - [MESSAGE][INFO] - Checking timeout

2023-11-23 22:40:46 - [MESSAGE][INFO] - Finding web element from Test Object's properties

2023-11-23 22:40:46 - [MESSAGE][INFO] - Checking timeout

2023-11-23 22:40:46 - [MESSAGE][INFO] - Finding web element with id: 'Object Repository/Connexion Usager/Btn_Parametres Avances' located by 'By.xpath: //*[@id="details-button"]' in '5' second(s)

2023-11-23 22:40:46 - [MESSAGE][INFO] - Smart Wait Function is triggered

2023-11-23 22:40:46 - [MESSAGE][INFO] - Found 1 web elements with id: 'Object Repository/Connexion Usager/Btn_Parametres Avances' located by 'By.xpath: //*[@id="details-button"]' in '5' second(s)

2023-11-23 22:40:46 - [MESSAGE][INFO] - Clicking on object: 'Object Repository/Connexion Usager/Btn_Parametres Avances'

2023-11-23 22:40:48 - [MESSAGE][PASSED] - Object: 'Object Repository/Connexion Usager/Btn_Parametres Avances' is clicked on

2023-11-23 22:40:48 - [TEST_STEP][PASSED] - click(findTestObject("Object Repository/Connexion Usager/Link_Proceed-Link"), OPTIONAL): Object: 'Object Repository/Connexion Usager/Link_Proceed-Link' is clicked on

2023-11-23 22:40:48 - [MESSAGE][INFO] - Finding Test Object 'Object Repository/Connexion Usager/Link_Proceed-Link'

2023-11-23 22:40:48 - [MESSAGE][INFO] - Checking timeout

2023-11-23 22:40:48 - [MESSAGE][INFO] - Finding web element with id: 'Object Repository/Connexion Usager/Link_Proceed-Link' located by 'By.xpath: //*[@id="proceed-link"]' in '20' second(s)

2023-11-23 22:40:48 - [MESSAGE][INFO] - Smart Wait Function is triggered

2023-11-23 22:40:48 - [MESSAGE][INFO] - Found 1 web elements with id: 'Object Repository/Connexion Usager/Link_Proceed-Link' located by 'By.xpath: //*[@id="proceed-link"]' in '20' second(s)

2023-11-23 22:40:48 - [MESSAGE][INFO] - Checking object

2023-11-23 22:40:48 - [MESSAGE][INFO] - Checking timeout

2023-11-23 22:40:48 - [MESSAGE][INFO] - Finding web element from Test Object's properties

2023-11-23 22:40:48 - [MESSAGE][INFO] - Checking timeout

2023-11-23 22:40:48 - [MESSAGE][INFO] - Finding web element with id: 'Object Repository/Connexion Usager/Link_Proceed-Link' located by 'By.xpath: //*[@id="proceed-link"]' in '5' second(s)

2023-11-23 22:40:48 - [MESSAGE][INFO] - Smart Wait Function is triggered

2023-11-23 22:40:48 - [MESSAGE][INFO] - Found 1 web elements with id: 'Object Repository/Connexion Usager/Link_Proceed-Link' located by 'By.xpath: //*[@id="proceed-link"]' in '5' second(s)

2023-11-23 22:40:48 - [MESSAGE][INFO] - Clicking on object: 'Object Repository/Connexion Usager/Link_Proceed-Link'

2023-11-23 22:40:50 - [MESSAGE][PASSED] - Object: 'Object Repository/Connexion Usager/Link_Proceed-Link' is clicked on

2023-11-23 22:40:50 - [TEST_STEP][PASSED] - if (DriverName == "IE_DRIVER"): null

2023-11-23 22:40:50 - [TEST_STEP][PASSED] - delay(3): Delayed 3 second(s)

2023-11-23 22:40:50 - [MESSAGE][INFO] - Delaying browser in 3 second(s)

2023-11-23 22:40:53 - [MESSAGE][PASSED] - Delayed 3 second(s)

2023-11-23 22:40:53 - [MESSAGE][PASSED] - Call Test Case 'Test Cases/Test Reutilisable/Main/Erreur lie a la confidentialite' successfully

2023-11-23 22:40:53 - [TEST_STEP][PASSED] - delay(5): Delayed 5 second(s)

2023-11-23 22:40:53 - [MESSAGE][INFO] - Delaying browser in 5 second(s)

2023-11-23 22:40:58 - [MESSAGE][PASSED] - Delayed 5 second(s)

2023-11-23 22:40:58 - [TEST_STEP][PASSED] - verifyElementVisible(findTestObject("Object Repository/Connexion Usager/Link_Se Connecter"), STOP_ON_FAILURE): Object 'Object Repository/Connexion Usager/Link_Se Connecter' is visible

2023-11-23 22:40:58 - [MESSAGE][INFO] - Finding Test Object 'Object Repository/Connexion Usager/Link_Se Connecter'

2023-11-23 22:40:59 - [MESSAGE][INFO] - Checking object

2023-11-23 22:40:59 - [MESSAGE][INFO] - Finding web element from Test Object's properties

2023-11-23 22:40:59 - [MESSAGE][INFO] - Checking timeout

2023-11-23 22:40:59 - [MESSAGE][INFO] - Finding web element with id: 'Object Repository/Connexion Usager/Link_Se Connecter' located by 'By.xpath: //*[@id="connexion_link"]' in '5' second(s)

2023-11-23 22:40:59 - [MESSAGE][INFO] - Smart Wait Function is triggered

2023-11-23 22:40:59 - [MESSAGE][INFO] - Found 1 web elements with id: 'Object Repository/Connexion Usager/Link_Se Connecter' located by 'By.xpath: //*[@id="connexion_link"]' in '5' second(s)

2023-11-23 22:40:59 - [MESSAGE][PASSED] - Object 'Object Repository/Connexion Usager/Link_Se Connecter' is visible

2023-11-23 22:40:59 - [TEST_STEP][PASSED] - break: null

2023-11-23 22:40:59 - [TEST_STEP][PASSED] - if (Profiles == "Agent"): null

2023-11-23 22:40:59 - [TEST_STEP][PASSED] - else: null

2023-11-23 22:40:59 - [TEST_STEP][PASSED] - println("Vérifier le Portail de votre connexion Usager ou Agent"): null

2023-11-23 22:40:59 - [MESSAGE][PASSED] - Call Test Case 'Test Cases/Test Reutilisable/Main/Lancer URL ANEF' successfully

2023-11-23 22:40:59 - [TEST_STEP][PASSED] - callTestCase(findTestCase("Test Reutilisable/Main/Creer Votre Compte"), ["NumEtrangerVisa":NumEtrangerVisa, "DateDebut":DateDebut, "DateFin":DateFin, "EnvExec":EnvExec], STOP_ON_FAILURE): Call Test Case 'Test Cases/Test Reutilisable/Main/Creer Votre Compte' successfully

2023-11-23 22:40:59 - [MESSAGE][INFO] - Checking called Test Case

2023-11-23 22:40:59 - [MESSAGE][INFO] - Starting to call Test Case 'Test Cases/Test Reutilisable/Main/Creer Votre Compte'

2023-11-23 22:40:59 - [TEST_CASE][PASSED] - Test Cases/Test Reutilisable/Main/Creer Votre Compte: Test Cases/Test Reutilisable/Main/Creer Votre Compte

2023-11-23 22:41:00 - [TEST_STEP][PASSED] - "waiting for the number of elements in the DOM to stop changing": null

2023-11-23 22:41:00 - [TEST_STEP][PASSED] - com.kazurayam.ksbackyard.HighlightElement.pandemic(): com.kazurayam.ksbackyard.HighlightElement.pandemic is PASSED

2023-11-23 22:41:00 - [MESSAGE][PASSED] - com.kazurayam.ksbackyard.HighlightElement.pandemic is PASSED

2023-11-23 22:41:00 - [TEST_STEP][PASSED] - waitForPageLoad(5): Wait for page load successfully

2023-11-23 22:41:00 - [MESSAGE][INFO] - Checking timeout

2023-11-23 22:41:00 - [MESSAGE][PASSED] - Wait for page load successfully

2023-11-23 22:41:00 - [TEST_STEP][PASSED] - click(findTestObject("Object Repository/Connexion Usager/Link_Se Connecter")): Object: 'Object Repository/Connexion Usager/Link_Se Connecter' is clicked on

2023-11-23 22:41:00 - [MESSAGE][INFO] - Finding Test Object 'Object Repository/Connexion Usager/Link_Se Connecter'

2023-11-23 22:41:00 - [MESSAGE][INFO] - Checking timeout

2023-11-23 22:41:00 - [MESSAGE][INFO] - Finding web element with id: 'Object Repository/Connexion Usager/Link_Se Connecter' located by 'By.xpath: //*[@id="connexion_link"]' in '20' second(s)

2023-11-23 22:41:00 - [MESSAGE][INFO] - Smart Wait Function is triggered

2023-11-23 22:41:00 - [MESSAGE][INFO] - Found 1 web elements with id: 'Object Repository/Connexion Usager/Link_Se Connecter' located by 'By.xpath: //*[@id="connexion_link"]' in '20' second(s)

2023-11-23 22:41:00 - [MESSAGE][INFO] - Checking object

2023-11-23 22:41:00 - [MESSAGE][INFO] - Checking timeout

2023-11-23 22:41:00 - [MESSAGE][INFO] - Finding web element from Test Object's properties

2023-11-23 22:41:00 - [MESSAGE][INFO] - Checking timeout

2023-11-23 22:41:00 - [MESSAGE][INFO] - Finding web element with id: 'Object Repository/Connexion Usager/Link_Se Connecter' located by 'By.xpath: //*[@id="connexion_link"]' in '5' second(s)

2023-11-23 22:41:00 - [MESSAGE][INFO] - Smart Wait Function is triggered

2023-11-23 22:41:00 - [MESSAGE][INFO] - Found 1 web elements with id: 'Object Repository/Connexion Usager/Link_Se Connecter' located by 'By.xpath: //*[@id="connexion_link"]' in '5' second(s)

2023-11-23 22:41:00 - [MESSAGE][INFO] - Clicking on object: 'Object Repository/Connexion Usager/Link_Se Connecter'

2023-11-23 22:41:03 - [MESSAGE][PASSED] - Object: 'Object Repository/Connexion Usager/Link_Se Connecter' is clicked on

2023-11-23 22:41:03 - [TEST_STEP][PASSED] - if (EnvExec == "URL_ANEFQualif"): null

2023-11-23 22:41:03 - [TEST_STEP][PASSED] - click(findTestObject("Object Repository/Connexion Usager/Link_Creer Votre Compte")): Object: 'Object Repository/Connexion Usager/Link_Creer Votre Compte' is clicked on

2023-11-23 22:41:03 - [MESSAGE][INFO] - Finding Test Object 'Object Repository/Connexion Usager/Link_Creer Votre Compte'

2023-11-23 22:41:03 - [MESSAGE][INFO] - Checking timeout

2023-11-23 22:41:03 - [MESSAGE][INFO] - Finding web element with id: 'Object Repository/Connexion Usager/Link_Creer Votre Compte' located by 'By.xpath: /html/body/div/main/div[2]/a' in '20' second(s)

2023-11-23 22:41:03 - [MESSAGE][INFO] - Smart Wait Function is triggered

2023-11-23 22:41:03 - [MESSAGE][INFO] - Found 1 web elements with id: 'Object Repository/Connexion Usager/Link_Creer Votre Compte' located by 'By.xpath: /html/body/div/main/div[2]/a' in '20' second(s)

2023-11-23 22:41:03 - [MESSAGE][INFO] - Checking object

2023-11-23 22:41:03 - [MESSAGE][INFO] - Checking timeout

2023-11-23 22:41:03 - [MESSAGE][INFO] - Finding web element from Test Object's properties

2023-11-23 22:41:03 - [MESSAGE][INFO] - Checking timeout

2023-11-23 22:41:03 - [MESSAGE][INFO] - Finding web element with id: 'Object Repository/Connexion Usager/Link_Creer Votre Compte' located by 'By.xpath: /html/body/div/main/div[2]/a' in '5' second(s)

2023-11-23 22:41:03 - [MESSAGE][INFO] - Smart Wait Function is triggered

2023-11-23 22:41:03 - [MESSAGE][INFO] - Found 1 web elements with id: 'Object Repository/Connexion Usager/Link_Creer Votre Compte' located by 'By.xpath: /html/body/div/main/div[2]/a' in '5' second(s)

2023-11-23 22:41:03 - [MESSAGE][INFO] - Clicking on object: 'Object Repository/Connexion Usager/Link_Creer Votre Compte'

2023-11-23 22:41:06 - [MESSAGE][PASSED] - Object: 'Object Repository/Connexion Usager/Link_Creer Votre Compte' is clicked on

2023-11-23 22:41:06 - [TEST_STEP][PASSED] - waitForPageLoad(5): Wait for page load successfully

2023-11-23 22:41:06 - [MESSAGE][INFO] - Checking timeout

2023-11-23 22:41:06 - [MESSAGE][PASSED] - Wait for page load successfully

2023-11-23 22:41:06 - [TEST_STEP][PASSED] - println("NumEtrangerVisa = " + NumEtrangerVisa): null

2023-11-23 22:41:06 - [TEST_STEP][PASSED] - setText(findTestObject("Object Repository/Connexion Usager/Input_Numero etranger_Visa"), NumEtrangerVisa): Text '7703040876' is set on object 'Object Repository/Connexion Usager/Input_Numero etranger_Visa'

2023-11-23 22:41:06 - [MESSAGE][INFO] - Finding Test Object 'Object Repository/Connexion Usager/Input_Numero etranger_Visa'

2023-11-23 22:41:06 - [MESSAGE][INFO] - Checking timeout

2023-11-23 22:41:06 - [MESSAGE][INFO] - Finding web element with id: 'Object Repository/Connexion Usager/Input_Numero etranger_Visa' located by 'By.xpath: //*[@placeholder="Exemple : 9999999999" and @type = 'text']' in '20' second(s)

2023-11-23 22:41:06 - [MESSAGE][INFO] - Smart Wait Function is triggered

2023-11-23 22:41:06 - [MESSAGE][INFO] - Smart Wait Function is triggered

2023-11-23 22:41:06 - [MESSAGE][INFO] - Smart Wait Function is triggered

2023-11-23 22:41:06 - [MESSAGE][INFO] - Smart Wait Function is triggered

2023-11-23 22:41:06 - [MESSAGE][INFO] - Smart Wait Function is triggered

2023-11-23 22:41:07 - [MESSAGE][INFO] - Found 1 web elements with id: 'Object Repository/Connexion Usager/Input_Numero etranger_Visa' located by 'By.xpath: //*[@placeholder="Exemple : 9999999999" and @type = 'text']' in '20' second(s)

2023-11-23 22:41:07 - [MESSAGE][INFO] - Checking object

2023-11-23 22:41:07 - [MESSAGE][INFO] - Checking text

2023-11-23 22:41:07 - [MESSAGE][INFO] - Finding web element from Test Object's properties

2023-11-23 22:41:07 - [MESSAGE][INFO] - Checking timeout

2023-11-23 22:41:07 - [MESSAGE][INFO] - Finding web element with id: 'Object Repository/Connexion Usager/Input_Numero etranger_Visa' located by 'By.xpath: //*[@placeholder="Exemple : 9999999999" and @type = 'text']' in '5' second(s)

2023-11-23 22:41:07 - [MESSAGE][INFO] - Smart Wait Function is triggered

2023-11-23 22:41:07 - [MESSAGE][INFO] - Found 1 web elements with id: 'Object Repository/Connexion Usager/Input_Numero etranger_Visa' located by 'By.xpath: //*[@placeholder="Exemple : 9999999999" and @type = 'text']' in '5' second(s)

2023-11-23 22:41:07 - [MESSAGE][INFO] - Clearing text of object 'Object Repository/Connexion Usager/Input_Numero etranger_Visa'

2023-11-23 22:41:09 - [MESSAGE][INFO] - Finding web element from Test Object's properties

2023-11-23 22:41:09 - [MESSAGE][INFO] - Checking timeout

2023-11-23 22:41:09 - [MESSAGE][INFO] - Finding web element with id: 'Object Repository/Connexion Usager/Input_Numero etranger_Visa' located by 'By.xpath: //*[@placeholder="Exemple : 9999999999" and @type = 'text']' in '5' second(s)

2023-11-23 22:41:09 - [MESSAGE][INFO] - Smart Wait Function is triggered

2023-11-23 22:41:09 - [MESSAGE][INFO] - Found 1 web elements with id: 'Object Repository/Connexion Usager/Input_Numero etranger_Visa' located by 'By.xpath: //*[@placeholder="Exemple : 9999999999" and @type = 'text']' in '5' second(s)

2023-11-23 22:41:09 - [MESSAGE][INFO] - Setting text of object 'Object Repository/Connexion Usager/Input_Numero etranger_Visa' to value '7703040876'

2023-11-23 22:41:11 - [MESSAGE][PASSED] - Text '7703040876' is set on object 'Object Repository/Connexion Usager/Input_Numero etranger_Visa'

2023-11-23 22:41:11 - [TEST_STEP][PASSED] - DateDebut = DateDebut: null

2023-11-23 22:41:11 - [TEST_STEP][PASSED] - DateDebut = tools.MyStringTools.ParsedDateDebut(): tools.MyStringTools.ParsedDateDebut is PASSED

2023-11-23 22:41:11 - [MESSAGE][PASSED] - tools.MyStringTools.ParsedDateDebut is PASSED

2023-11-23 22:41:11 - [TEST_STEP][PASSED] - ParsedDateDebut = tools.MyStringTools.ParsedDateDebut(): tools.MyStringTools.ParsedDateDebut is PASSED

2023-11-23 22:41:11 - [MESSAGE][PASSED] - tools.MyStringTools.ParsedDateDebut is PASSED

2023-11-23 22:41:11 - [TEST_STEP][PASSED] - setText(findTestObject("Object Repository/Connexion Usager/Date Debut Validite/Input_Jour"), ParsedDateDebut[0]): Text '24' is set on object 'Object Repository/Connexion Usager/Date Debut Validite/Input_Jour'

2023-11-23 22:41:11 - [MESSAGE][INFO] - Finding Test Object 'Object Repository/Connexion Usager/Date Debut Validite/Input_Jour'

2023-11-23 22:41:11 - [MESSAGE][INFO] - Checking timeout

2023-11-23 22:41:11 - [MESSAGE][INFO] - Finding web element with id: 'Object Repository/Connexion Usager/Date Debut Validite/Input_Jour' located by 'By.xpath: /html/body/app-root/div/app-root/main/app-registration/div/div[3]/app-identification/form/div[2]/app-date[1]/fieldset/div[2]/div[1]/input' in '20' second(s)

2023-11-23 22:41:11 - [MESSAGE][INFO] - Smart Wait Function is triggered

2023-11-23 22:41:11 - [MESSAGE][INFO] - Found 1 web elements with id: 'Object Repository/Connexion Usager/Date Debut Validite/Input_Jour' located by 'By.xpath: /html/body/app-root/div/app-root/main/app-registration/div/div[3]/app-identification/form/div[2]/app-date[1]/fieldset/div[2]/div[1]/input' in '20' second(s)

2023-11-23 22:41:11 - [MESSAGE][INFO] - Checking object

2023-11-23 22:41:11 - [MESSAGE][INFO] - Checking text

2023-11-23 22:41:11 - [MESSAGE][INFO] - Finding web element from Test Object's properties

2023-11-23 22:41:11 - [MESSAGE][INFO] - Checking timeout

2023-11-23 22:41:11 - [MESSAGE][INFO] - Finding web element with id: 'Object Repository/Connexion Usager/Date Debut Validite/Input_Jour' located by 'By.xpath: /html/body/app-root/div/app-root/main/app-registration/div/div[3]/app-identification/form/div[2]/app-date[1]/fieldset/div[2]/div[1]/input' in '5' second(s)

2023-11-23 22:41:11 - [MESSAGE][INFO] - Smart Wait Function is triggered

2023-11-23 22:41:11 - [MESSAGE][INFO] - Found 1 web elements with id: 'Object Repository/Connexion Usager/Date Debut Validite/Input_Jour' located by 'By.xpath: /html/body/app-root/div/app-root/main/app-registration/div/div[3]/app-identification/form/div[2]/app-date[1]/fieldset/div[2]/div[1]/input' in '5' second(s)

2023-11-23 22:41:11 - [MESSAGE][INFO] - Clearing text of object 'Object Repository/Connexion Usager/Date Debut Validite/Input_Jour'

2023-11-23 22:41:13 - [MESSAGE][INFO] - Finding web element from Test Object's properties

2023-11-23 22:41:13 - [MESSAGE][INFO] - Checking timeout

2023-11-23 22:41:13 - [MESSAGE][INFO] - Finding web element with id: 'Object Repository/Connexion Usager/Date Debut Validite/Input_Jour' located by 'By.xpath: /html/body/app-root/div/app-root/main/app-registration/div/div[3]/app-identification/form/div[2]/app-date[1]/fieldset/div[2]/div[1]/input' in '5' second(s)

2023-11-23 22:41:13 - [MESSAGE][INFO] - Smart Wait Function is triggered

2023-11-23 22:41:13 - [MESSAGE][INFO] - Found 1 web elements with id: 'Object Repository/Connexion Usager/Date Debut Validite/Input_Jour' located by 'By.xpath: /html/body/app-root/div/app-root/main/app-registration/div/div[3]/app-identification/form/div[2]/app-date[1]/fieldset/div[2]/div[1]/input' in '5' second(s)

2023-11-23 22:41:13 - [MESSAGE][INFO] - Setting text of object 'Object Repository/Connexion Usager/Date Debut Validite/Input_Jour' to value '24'

2023-11-23 22:41:15 - [MESSAGE][PASSED] - Text '24' is set on object 'Object Repository/Connexion Usager/Date Debut Validite/Input_Jour'

2023-11-23 22:41:15 - [TEST_STEP][PASSED] - selectOptionByIndex(findTestObject("Object Repository/Connexion Usager/Date Debut Validite/Select_Mois"), ParsedDateDebut[1]): All options with index in [12] are selected on object 'Object Repository/Connexion Usager/Date Debut Validite/Select_Mois'

2023-11-23 22:41:15 - [MESSAGE][INFO] - Finding Test Object 'Object Repository/Connexion Usager/Date Debut Validite/Select_Mois'

2023-11-23 22:41:15 - [MESSAGE][INFO] - Checking timeout

2023-11-23 22:41:15 - [MESSAGE][INFO] - Finding web element with id: 'Object Repository/Connexion Usager/Date Debut Validite/Select_Mois' located by 'By.xpath: /html/body/app-root/div/app-root/main/app-registration/div/div[3]/app-identification/form/div[2]/app-date[1]/fieldset/div[2]/div[2]/select' in '20' second(s)

2023-11-23 22:41:15 - [MESSAGE][INFO] - Smart Wait Function is triggered

2023-11-23 22:41:15 - [MESSAGE][INFO] - Found 1 web elements with id: 'Object Repository/Connexion Usager/Date Debut Validite/Select_Mois' located by 'By.xpath: /html/body/app-root/div/app-root/main/app-registration/div/div[3]/app-identification/form/div[2]/app-date[1]/fieldset/div[2]/div[2]/select' in '20' second(s)

2023-11-23 22:41:15 - [MESSAGE][INFO] - Checking object

2023-11-23 22:41:15 - [MESSAGE][INFO] - Checking index range

2023-11-23 22:41:15 - [MESSAGE][INFO] - Converting range parameter '12' to index array

2023-11-23 22:41:15 - [MESSAGE][INFO] - Range parameter '12' is converted to index array [12]

2023-11-23 22:41:15 - [MESSAGE][INFO] - Finding web element from Test Object's properties

2023-11-23 22:41:15 - [MESSAGE][INFO] - Checking timeout

2023-11-23 22:41:15 - [MESSAGE][INFO] - Finding web element with id: 'Object Repository/Connexion Usager/Date Debut Validite/Select_Mois' located by 'By.xpath: /html/body/app-root/div/app-root/main/app-registration/div/div[3]/app-identification/form/div[2]/app-date[1]/fieldset/div[2]/div[2]/select' in '5' second(s)

2023-11-23 22:41:15 - [MESSAGE][INFO] - Smart Wait Function is triggered

2023-11-23 22:41:15 - [MESSAGE][INFO] - Found 1 web elements with id: 'Object Repository/Connexion Usager/Date Debut Validite/Select_Mois' located by 'By.xpath: /html/body/app-root/div/app-root/main/app-registration/div/div[3]/app-identification/form/div[2]/app-date[1]/fieldset/div[2]/div[2]/select' in '5' second(s)

2023-11-23 22:41:15 - [MESSAGE][INFO] - Checking index parameters

2023-11-23 22:41:15 - [MESSAGE][INFO] - Smart Wait Function is triggered

2023-11-23 22:41:15 - [MESSAGE][INFO] - Selecting options on object 'Object Repository/Connexion Usager/Date Debut Validite/Select_Mois' with index in [12]

2023-11-23 22:41:15 - [MESSAGE][INFO] - Smart Wait Function is triggered

2023-11-23 22:41:18 - [MESSAGE][INFO] - Option with index 12 is selected

2023-11-23 22:41:18 - [MESSAGE][PASSED] - All options with index in [12] are selected on object 'Object Repository/Connexion Usager/Date Debut Validite/Select_Mois'

2023-11-23 22:41:18 - [TEST_STEP][PASSED] - setText(findTestObject("Object Repository/Connexion Usager/Date Debut Validite/Input_Annee"), ParsedDateDebut[2]): Text '2022' is set on object 'Object Repository/Connexion Usager/Date Debut Validite/Input_Annee'

2023-11-23 22:41:18 - [MESSAGE][INFO] - Finding Test Object 'Object Repository/Connexion Usager/Date Debut Validite/Input_Annee'

2023-11-23 22:41:18 - [MESSAGE][INFO] - Checking timeout

2023-11-23 22:41:18 - [MESSAGE][INFO] - Finding web element with id: 'Object Repository/Connexion Usager/Date Debut Validite/Input_Annee' located by 'By.xpath: /html/body/app-root/div/app-root/main/app-registration/div/div[3]/app-identification/form/div[2]/app-date[1]/fieldset/div[2]/div[3]/input' in '20' second(s)

2023-11-23 22:41:18 - [MESSAGE][INFO] - Smart Wait Function is triggered

2023-11-23 22:41:18 - [MESSAGE][INFO] - Found 1 web elements with id: 'Object Repository/Connexion Usager/Date Debut Validite/Input_Annee' located by 'By.xpath: /html/body/app-root/div/app-root/main/app-registration/div/div[3]/app-identification/form/div[2]/app-date[1]/fieldset/div[2]/div[3]/input' in '20' second(s)

2023-11-23 22:41:18 - [MESSAGE][INFO] - Checking object

2023-11-23 22:41:18 - [MESSAGE][INFO] - Checking text

2023-11-23 22:41:18 - [MESSAGE][INFO] - Finding web element from Test Object's properties

2023-11-23 22:41:18 - [MESSAGE][INFO] - Checking timeout

2023-11-23 22:41:18 - [MESSAGE][INFO] - Finding web element with id: 'Object Repository/Connexion Usager/Date Debut Validite/Input_Annee' located by 'By.xpath: /html/body/app-root/div/app-root/main/app-registration/div/div[3]/app-identification/form/div[2]/app-date[1]/fieldset/div[2]/div[3]/input' in '5' second(s)

2023-11-23 22:41:18 - [MESSAGE][INFO] - Smart Wait Function is triggered

2023-11-23 22:41:18 - [MESSAGE][INFO] - Found 1 web elements with id: 'Object Repository/Connexion Usager/Date Debut Validite/Input_Annee' located by 'By.xpath: /html/body/app-root/div/app-root/main/app-registration/div/div[3]/app-identification/form/div[2]/app-date[1]/fieldset/div[2]/div[3]/input' in '5' second(s)

2023-11-23 22:41:18 - [MESSAGE][INFO] - Clearing text of object 'Object Repository/Connexion Usager/Date Debut Validite/Input_Annee'

2023-11-23 22:41:20 - [MESSAGE][INFO] - Finding web element from Test Object's properties

2023-11-23 22:41:20 - [MESSAGE][INFO] - Checking timeout

2023-11-23 22:41:20 - [MESSAGE][INFO] - Finding web element with id: 'Object Repository/Connexion Usager/Date Debut Validite/Input_Annee' located by 'By.xpath: /html/body/app-root/div/app-root/main/app-registration/div/div[3]/app-identification/form/div[2]/app-date[1]/fieldset/div[2]/div[3]/input' in '5' second(s)

2023-11-23 22:41:20 - [MESSAGE][INFO] - Smart Wait Function is triggered

2023-11-23 22:41:20 - [MESSAGE][INFO] - Found 1 web elements with id: 'Object Repository/Connexion Usager/Date Debut Validite/Input_Annee' located by 'By.xpath: /html/body/app-root/div/app-root/main/app-registration/div/div[3]/app-identification/form/div[2]/app-date[1]/fieldset/div[2]/div[3]/input' in '5' second(s)

2023-11-23 22:41:20 - [MESSAGE][INFO] - Setting text of object 'Object Repository/Connexion Usager/Date Debut Validite/Input_Annee' to value '2022'

2023-11-23 22:41:22 - [MESSAGE][PASSED] - Text '2022' is set on object 'Object Repository/Connexion Usager/Date Debut Validite/Input_Annee'

2023-11-23 22:41:22 - [TEST_STEP][PASSED] - DateFin = DateFin: null

2023-11-23 22:41:22 - [TEST_STEP][PASSED] - DateFin = tools.MyStringTools.ParsedDateFin(): tools.MyStringTools.ParsedDateFin is PASSED

2023-11-23 22:41:22 - [MESSAGE][PASSED] - tools.MyStringTools.ParsedDateFin is PASSED

2023-11-23 22:41:22 - [TEST_STEP][PASSED] - ParsedDateFin = tools.MyStringTools.ParsedDateFin(): tools.MyStringTools.ParsedDateFin is PASSED

2023-11-23 22:41:22 - [MESSAGE][PASSED] - tools.MyStringTools.ParsedDateFin is PASSED

2023-11-23 22:41:22 - [TEST_STEP][PASSED] - setText(findTestObject("Object Repository/Connexion Usager/Date Fin Validite/Input_Jour"), ParsedDateFin[0]): Text '23' is set on object 'Object Repository/Connexion Usager/Date Fin Validite/Input_Jour'

2023-11-23 22:41:22 - [MESSAGE][INFO] - Finding Test Object 'Object Repository/Connexion Usager/Date Fin Validite/Input_Jour'

2023-11-23 22:41:22 - [MESSAGE][INFO] - Checking timeout

2023-11-23 22:41:22 - [MESSAGE][INFO] - Finding web element with id: 'Object Repository/Connexion Usager/Date Fin Validite/Input_Jour' located by 'By.xpath: /html/body/app-root/div/app-root/main/app-registration/div/div[3]/app-identification/form/div[2]/app-date[2]/fieldset/div[2]/div[1]/input' in '20' second(s)

2023-11-23 22:41:22 - [MESSAGE][INFO] - Smart Wait Function is triggered

2023-11-23 22:41:22 - [MESSAGE][INFO] - Found 1 web elements with id: 'Object Repository/Connexion Usager/Date Fin Validite/Input_Jour' located by 'By.xpath: /html/body/app-root/div/app-root/main/app-registration/div/div[3]/app-identification/form/div[2]/app-date[2]/fieldset/div[2]/div[1]/input' in '20' second(s)

2023-11-23 22:41:22 - [MESSAGE][INFO] - Checking object

2023-11-23 22:41:22 - [MESSAGE][INFO] - Checking text

2023-11-23 22:41:22 - [MESSAGE][INFO] - Finding web element from Test Object's properties

2023-11-23 22:41:22 - [MESSAGE][INFO] - Checking timeout

2023-11-23 22:41:22 - [MESSAGE][INFO] - Finding web element with id: 'Object Repository/Connexion Usager/Date Fin Validite/Input_Jour' located by 'By.xpath: /html/body/app-root/div/app-root/main/app-registration/div/div[3]/app-identification/form/div[2]/app-date[2]/fieldset/div[2]/div[1]/input' in '5' second(s)

2023-11-23 22:41:22 - [MESSAGE][INFO] - Smart Wait Function is triggered

2023-11-23 22:41:22 - [MESSAGE][INFO] - Found 1 web elements with id: 'Object Repository/Connexion Usager/Date Fin Validite/Input_Jour' located by 'By.xpath: /html/body/app-root/div/app-root/main/app-registration/div/div[3]/app-identification/form/div[2]/app-date[2]/fieldset/div[2]/div[1]/input' in '5' second(s)

2023-11-23 22:41:22 - [MESSAGE][INFO] - Clearing text of object 'Object Repository/Connexion Usager/Date Fin Validite/Input_Jour'

2023-11-23 22:41:24 - [MESSAGE][INFO] - Finding web element from Test Object's properties

2023-11-23 22:41:24 - [MESSAGE][INFO] - Checking timeout

2023-11-23 22:41:24 - [MESSAGE][INFO] - Finding web element with id: 'Object Repository/Connexion Usager/Date Fin Validite/Input_Jour' located by 'By.xpath: /html/body/app-root/div/app-root/main/app-registration/div/div[3]/app-identification/form/div[2]/app-date[2]/fieldset/div[2]/div[1]/input' in '5' second(s)

2023-11-23 22:41:24 - [MESSAGE][INFO] - Smart Wait Function is triggered

2023-11-23 22:41:24 - [MESSAGE][INFO] - Found 1 web elements with id: 'Object Repository/Connexion Usager/Date Fin Validite/Input_Jour' located by 'By.xpath: /html/body/app-root/div/app-root/main/app-registration/div/div[3]/app-identification/form/div[2]/app-date[2]/fieldset/div[2]/div[1]/input' in '5' second(s)

2023-11-23 22:41:24 - [MESSAGE][INFO] - Setting text of object 'Object Repository/Connexion Usager/Date Fin Validite/Input_Jour' to value '23'

2023-11-23 22:41:26 - [MESSAGE][PASSED] - Text '23' is set on object 'Object Repository/Connexion Usager/Date Fin Validite/Input_Jour'

2023-11-23 22:41:26 - [TEST_STEP][PASSED] - selectOptionByIndex(findTestObject("Object Repository/Connexion Usager/Date Fin Validite/Select_Mois"), ParsedDateFin[1]): All options with index in [12] are selected on object 'Object Repository/Connexion Usager/Date Fin Validite/Select_Mois'

2023-11-23 22:41:26 - [MESSAGE][INFO] - Finding Test Object 'Object Repository/Connexion Usager/Date Fin Validite/Select_Mois'

2023-11-23 22:41:26 - [MESSAGE][INFO] - Checking timeout

2023-11-23 22:41:26 - [MESSAGE][INFO] - Finding web element with id: 'Object Repository/Connexion Usager/Date Fin Validite/Select_Mois' located by 'By.xpath: /html/body/app-root/div/app-root/main/app-registration/div/div[3]/app-identification/form/div[2]/app-date[2]/fieldset/div[2]/div[2]/select' in '20' second(s)

2023-11-23 22:41:26 - [MESSAGE][INFO] - Smart Wait Function is triggered

2023-11-23 22:41:26 - [MESSAGE][INFO] - Found 1 web elements with id: 'Object Repository/Connexion Usager/Date Fin Validite/Select_Mois' located by 'By.xpath: /html/body/app-root/div/app-root/main/app-registration/div/div[3]/app-identification/form/div[2]/app-date[2]/fieldset/div[2]/div[2]/select' in '20' second(s)

2023-11-23 22:41:26 - [MESSAGE][INFO] - Checking object

2023-11-23 22:41:26 - [MESSAGE][INFO] - Checking index range

2023-11-23 22:41:26 - [MESSAGE][INFO] - Converting range parameter '12' to index array

2023-11-23 22:41:26 - [MESSAGE][INFO] - Range parameter '12' is converted to index array [12]

2023-11-23 22:41:26 - [MESSAGE][INFO] - Finding web element from Test Object's properties

2023-11-23 22:41:26 - [MESSAGE][INFO] - Checking timeout

2023-11-23 22:41:26 - [MESSAGE][INFO] - Finding web element with id: 'Object Repository/Connexion Usager/Date Fin Validite/Select_Mois' located by 'By.xpath: /html/body/app-root/div/app-root/main/app-registration/div/div[3]/app-identification/form/div[2]/app-date[2]/fieldset/div[2]/div[2]/select' in '5' second(s)

2023-11-23 22:41:26 - [MESSAGE][INFO] - Smart Wait Function is triggered

2023-11-23 22:41:27 - [MESSAGE][INFO] - Found 1 web elements with id: 'Object Repository/Connexion Usager/Date Fin Validite/Select_Mois' located by 'By.xpath: /html/body/app-root/div/app-root/main/app-registration/div/div[3]/app-identification/form/div[2]/app-date[2]/fieldset/div[2]/div[2]/select' in '5' second(s)

2023-11-23 22:41:27 - [MESSAGE][INFO] - Checking index parameters

2023-11-23 22:41:27 - [MESSAGE][INFO] - Smart Wait Function is triggered

2023-11-23 22:41:27 - [MESSAGE][INFO] - Selecting options on object 'Object Repository/Connexion Usager/Date Fin Validite/Select_Mois' with index in [12]

2023-11-23 22:41:27 - [MESSAGE][INFO] - Smart Wait Function is triggered

2023-11-23 22:41:29 - [MESSAGE][INFO] - Option with index 12 is selected

2023-11-23 22:41:29 - [MESSAGE][PASSED] - All options with index in [12] are selected on object 'Object Repository/Connexion Usager/Date Fin Validite/Select_Mois'

2023-11-23 22:41:29 - [TEST_STEP][PASSED] - setText(findTestObject("Object Repository/Connexion Usager/Date Fin Validite/Input_Annee"), ParsedDateFin[2]): Text '2023' is set on object 'Object Repository/Connexion Usager/Date Fin Validite/Input_Annee'

2023-11-23 22:41:29 - [MESSAGE][INFO] - Finding Test Object 'Object Repository/Connexion Usager/Date Fin Validite/Input_Annee'

2023-11-23 22:41:29 - [MESSAGE][INFO] - Checking timeout

2023-11-23 22:41:29 - [MESSAGE][INFO] - Finding web element with id: 'Object Repository/Connexion Usager/Date Fin Validite/Input_Annee' located by 'By.xpath: /html/body/app-root/div/app-root/main/app-registration/div/div[3]/app-identification/form/div[2]/app-date[2]/fieldset/div[2]/div[3]/input' in '20' second(s)

2023-11-23 22:41:29 - [MESSAGE][INFO] - Smart Wait Function is triggered

2023-11-23 22:41:29 - [MESSAGE][INFO] - Found 1 web elements with id: 'Object Repository/Connexion Usager/Date Fin Validite/Input_Annee' located by 'By.xpath: /html/body/app-root/div/app-root/main/app-registration/div/div[3]/app-identification/form/div[2]/app-date[2]/fieldset/div[2]/div[3]/input' in '20' second(s)

2023-11-23 22:41:29 - [MESSAGE][INFO] - Checking object

2023-11-23 22:41:29 - [MESSAGE][INFO] - Checking text

2023-11-23 22:41:29 - [MESSAGE][INFO] - Finding web element from Test Object's properties

2023-11-23 22:41:29 - [MESSAGE][INFO] - Checking timeout

2023-11-23 22:41:29 - [MESSAGE][INFO] - Finding web element with id: 'Object Repository/Connexion Usager/Date Fin Validite/Input_Annee' located by 'By.xpath: /html/body/app-root/div/app-root/main/app-registration/div/div[3]/app-identification/form/div[2]/app-date[2]/fieldset/div[2]/div[3]/input' in '5' second(s)

2023-11-23 22:41:29 - [MESSAGE][INFO] - Smart Wait Function is triggered

2023-11-23 22:41:29 - [MESSAGE][INFO] - Found 1 web elements with id: 'Object Repository/Connexion Usager/Date Fin Validite/Input_Annee' located by 'By.xpath: /html/body/app-root/div/app-root/main/app-registration/div/div[3]/app-identification/form/div[2]/app-date[2]/fieldset/div[2]/div[3]/input' in '5' second(s)

2023-11-23 22:41:29 - [MESSAGE][INFO] - Clearing text of object 'Object Repository/Connexion Usager/Date Fin Validite/Input_Annee'

2023-11-23 22:41:31 - [MESSAGE][INFO] - Finding web element from Test Object's properties

2023-11-23 22:41:31 - [MESSAGE][INFO] - Checking timeout

2023-11-23 22:41:31 - [MESSAGE][INFO] - Finding web element with id: 'Object Repository/Connexion Usager/Date Fin Validite/Input_Annee' located by 'By.xpath: /html/body/app-root/div/app-root/main/app-registration/div/div[3]/app-identification/form/div[2]/app-date[2]/fieldset/div[2]/div[3]/input' in '5' second(s)

2023-11-23 22:41:31 - [MESSAGE][INFO] - Smart Wait Function is triggered

2023-11-23 22:41:31 - [MESSAGE][INFO] - Found 1 web elements with id: 'Object Repository/Connexion Usager/Date Fin Validite/Input_Annee' located by 'By.xpath: /html/body/app-root/div/app-root/main/app-registration/div/div[3]/app-identification/form/div[2]/app-date[2]/fieldset/div[2]/div[3]/input' in '5' second(s)

2023-11-23 22:41:31 - [MESSAGE][INFO] - Setting text of object 'Object Repository/Connexion Usager/Date Fin Validite/Input_Annee' to value '2023'

2023-11-23 22:41:33 - [MESSAGE][PASSED] - Text '2023' is set on object 'Object Repository/Connexion Usager/Date Fin Validite/Input_Annee'

2023-11-23 22:41:33 - [TEST_STEP][PASSED] - click(findTestObject("Object Repository/Connexion Usager/Btn_Creer Un Compte")): Object: 'Object Repository/Connexion Usager/Btn_Creer Un Compte' is clicked on

2023-11-23 22:41:33 - [MESSAGE][INFO] - Finding Test Object 'Object Repository/Connexion Usager/Btn_Creer Un Compte'

2023-11-23 22:41:33 - [MESSAGE][INFO] - Checking timeout

2023-11-23 22:41:33 - [MESSAGE][INFO] - Finding web element with id: 'Object Repository/Connexion Usager/Btn_Creer Un Compte' located by 'By.xpath: /html/body/app-root/div/app-root/main/app-registration/div/div[3]/app-identification/form/p-button/button' in '20' second(s)

2023-11-23 22:41:33 - [MESSAGE][INFO] - Smart Wait Function is triggered

2023-11-23 22:41:33 - [MESSAGE][INFO] - Found 1 web elements with id: 'Object Repository/Connexion Usager/Btn_Creer Un Compte' located by 'By.xpath: /html/body/app-root/div/app-root/main/app-registration/div/div[3]/app-identification/form/p-button/button' in '20' second(s)

2023-11-23 22:41:33 - [MESSAGE][INFO] - Checking object

2023-11-23 22:41:33 - [MESSAGE][INFO] - Checking timeout

2023-11-23 22:41:33 - [MESSAGE][INFO] - Finding web element from Test Object's properties

2023-11-23 22:41:33 - [MESSAGE][INFO] - Checking timeout

2023-11-23 22:41:33 - [MESSAGE][INFO] - Finding web element with id: 'Object Repository/Connexion Usager/Btn_Creer Un Compte' located by 'By.xpath: /html/body/app-root/div/app-root/main/app-registration/div/div[3]/app-identification/form/p-button/button' in '5' second(s)

2023-11-23 22:41:33 - [MESSAGE][INFO] - Smart Wait Function is triggered

2023-11-23 22:41:33 - [MESSAGE][INFO] - Found 1 web elements with id: 'Object Repository/Connexion Usager/Btn_Creer Un Compte' located by 'By.xpath: /html/body/app-root/div/app-root/main/app-registration/div/div[3]/app-identification/form/p-button/button' in '5' second(s)

2023-11-23 22:41:33 - [MESSAGE][INFO] - Clicking on object: 'Object Repository/Connexion Usager/Btn_Creer Un Compte'

2023-11-23 22:41:35 - [MESSAGE][PASSED] - Object: 'Object Repository/Connexion Usager/Btn_Creer Un Compte' is clicked on

2023-11-23 22:41:35 - [TEST_STEP][PASSED] - "Vérification si Certaines informations que vous avez saisies sont incorrectes. Veuillez vérifier votre saisie. pb serveur AGERDF": null

2023-11-23 22:41:35 - [TEST_STEP][PASSED] - callTestCase(findTestCase("Test Cases/Test Reutilisable/Main/VerificationCertainesInformationsSontIncorrectes"), [:], OPTIONAL): Call Test Case 'Test Cases/Test Reutilisable/Main/VerificationCertainesInformationsSontIncorrectes' successfully

2023-11-23 22:41:35 - [MESSAGE][INFO] - Checking called Test Case

2023-11-23 22:41:35 - [MESSAGE][INFO] - Starting to call Test Case 'Test Cases/Test Reutilisable/Main/VerificationCertainesInformationsSontIncorrectes'

2023-11-23 22:41:35 - [TEST_CASE][PASSED] - Test Cases/Test Reutilisable/Main/VerificationCertainesInformationsSontIncorrectes: Test Cases/Test Reutilisable/Main/VerificationCertainesInformationsSontIncorrectes

2023-11-23 22:41:37 - [TEST_STEP][PASSED] - "Vérification si Certaines informations que vous avez saisies sont incorrectes. Veuillez vérifier votre saisie. pb serveur AGERDF": null

2023-11-23 22:41:37 - [TEST_STEP][PASSED] - delay(3): Delayed 3 second(s)

2023-11-23 22:41:37 - [MESSAGE][INFO] - Delaying browser in 3 second(s)

2023-11-23 22:41:40 - [MESSAGE][PASSED] - Delayed 3 second(s)

2023-11-23 22:41:40 - [TEST_STEP][PASSED] - StopTestCase = false: null

2023-11-23 22:41:40 - [TEST_STEP][PASSED] - MsgAlertPresent = verifyElementVisible(findTestObject("Object Repository/Connexion Usager/lbl_CertainesInformationsSaisiesSontIncorrectes"), OPTIONAL): Web element with id: 'Object Repository/Connexion Usager/lbl_CertainesInformationsSaisiesSontIncorrectes' located by '//p' not found (Root cause: com.kms.katalon.core.exception.StepFailedException: Web element with id: 'Object Repository/Connexion Usager/lbl_CertainesInformationsSaisiesSontIncorrectes' located by '//p' not found
	at com.kms.katalon.core.webui.keyword.internal.WebUIKeywordMain.stepFailed(WebUIKeywordMain.groovy:64)
	at com.kms.katalon.core.webui.keyword.builtin.VerifyElementVisibleKeyword$_verifyElementVisible_closure1.doCall(VerifyElementVisibleKeyword.groovy:89)
	at com.kms.katalon.core.webui.keyword.builtin.VerifyElementVisibleKeyword$_verifyElementVisible_closure1.call(VerifyElementVisibleKeyword.groovy)
	at com.kms.katalon.core.webui.keyword.internal.WebUIKeywordMain.runKeyword(WebUIKeywordMain.groovy:20)
	at com.kms.katalon.core.webui.keyword.builtin.VerifyElementVisibleKeyword.verifyElementVisible(VerifyElementVisibleKeyword.groovy:97)
	at com.kms.katalon.core.webui.keyword.builtin.VerifyElementVisibleKeyword.execute(VerifyElementVisibleKeyword.groovy:67)
	at com.kms.katalon.core.keyword.internal.KeywordExecutor.executeKeywordForPlatform(KeywordExecutor.groovy:74)
	at com.kms.katalon.core.webui.keyword.WebUiBuiltInKeywords.verifyElementVisible(WebUiBuiltInKeywords.groovy:362)
	at com.kazurayam.ksbackyard.HighlightElement$_pandemic_closure1.doCall(HighlightElement.groovy:105)
	at VerificationCertainesInformationsSontIncorrectes.run(VerificationCertainesInformationsSontIncorrectes:85)
	at com.kms.katalon.core.main.ScriptEngine.run(ScriptEngine.java:194)
	at com.kms.katalon.core.main.ScriptEngine.runScriptAsRawText(ScriptEngine.java:119)
	at com.kms.katalon.core.main.TestCaseExecutor.runScript(TestCaseExecutor.java:448)
	at com.kms.katalon.core.main.TestCaseExecutor.doExecute(TestCaseExecutor.java:439)
	at com.kms.katalon.core.main.TestCaseExecutor.processExecutionPhase(TestCaseExecutor.java:418)
	at com.kms.katalon.core.main.TestCaseExecutor.accessMainPhase(TestCaseExecutor.java:410)
	at com.kms.katalon.core.main.TestCaseExecutor.execute(TestCaseExecutor.java:285)
	at com.kms.katalon.core.main.TestCaseMain.runTestCase(TestCaseMain.java:144)
	at com.kms.katalon.core.keyword.builtin.CallTestCaseKeyword$_callTestCase_closure1.doCall(CallTestCaseKeyword.groovy:59)
	at com.kms.katalon.core.keyword.builtin.CallTestCaseKeyword$_callTestCase_closure1.call(CallTestCaseKeyword.groovy)
	at com.kms.katalon.core.keyword.internal.KeywordMain.runKeyword(KeywordMain.groovy:75)
	at com.kms.katalon.core.keyword.builtin.CallTestCaseKeyword.callTestCase(CallTestCaseKeyword.groovy:81)
	at com.kms.katalon.core.keyword.builtin.CallTestCaseKeyword.execute(CallTestCaseKeyword.groovy:44)
	at com.kms.katalon.core.keyword.internal.KeywordExecutor.executeKeywordForPlatform(KeywordExecutor.groovy:74)
	at com.kms.katalon.core.keyword.BuiltinKeywords.callTestCase(BuiltinKeywords.groovy:310)
	at com.kazurayam.ksbackyard.HighlightElement$_pandemic_closure1.doCall(HighlightElement.groovy:105)
	at Creer Votre Compte.run(Creer Votre Compte:109)
	at com.kms.katalon.core.main.ScriptEngine.run(ScriptEngine.java:194)
	at com.kms.katalon.core.main.ScriptEngine.runScriptAsRawText(ScriptEngine.java:119)
	at com.kms.katalon.core.main.TestCaseExecutor.runScript(TestCaseExecutor.java:448)
	at com.kms.katalon.core.main.TestCaseExecutor.doExecute(TestCaseExecutor.java:439)
	at com.kms.katalon.core.main.TestCaseExecutor.processExecutionPhase(TestCaseExecutor.java:418)
	at com.kms.katalon.core.main.TestCaseExecutor.accessMainPhase(TestCaseExecutor.java:410)
	at com.kms.katalon.core.main.TestCaseExecutor.execute(TestCaseExecutor.java:285)
	at com.kms.katalon.core.main.TestCaseMain.runTestCase(TestCaseMain.java:144)
	at com.kms.katalon.core.keyword.builtin.CallTestCaseKeyword$_callTestCase_closure1.doCall(CallTestCaseKeyword.groovy:59)
	at com.kms.katalon.core.keyword.builtin.CallTestCaseKeyword$_callTestCase_closure1.call(CallTestCaseKeyword.groovy)
	at com.kms.katalon.core.keyword.internal.KeywordMain.runKeyword(KeywordMain.groovy:75)
	at com.kms.katalon.core.keyword.builtin.CallTestCaseKeyword.callTestCase(CallTestCaseKeyword.groovy:81)
	at com.kms.katalon.core.keyword.builtin.CallTestCaseKeyword.execute(CallTestCaseKeyword.groovy:44)
	at com.kms.katalon.core.keyword.internal.KeywordExecutor.executeKeywordForPlatform(KeywordExecutor.groovy:74)
	at com.kms.katalon.core.keyword.BuiltinKeywords.callTestCase(BuiltinKeywords.groovy:310)
	at com.kazurayam.ksbackyard.HighlightElement$_pandemic_closure1.doCall(HighlightElement.groovy:105)
	at TNR R.TSPT Supp90-Etudiant.run(TNR R.TSPT Supp90-Etudiant:30)
	at com.kms.katalon.core.main.ScriptEngine.run(ScriptEngine.java:194)
	at com.kms.katalon.core.main.ScriptEngine.runScriptAsRawText(ScriptEngine.java:119)
	at com.kms.katalon.core.main.TestCaseExecutor.runScript(TestCaseExecutor.java:448)
	at com.kms.katalon.core.main.TestCaseExecutor.doExecute(TestCaseExecutor.java:439)
	at com.kms.katalon.core.main.TestCaseExecutor.processExecutionPhase(TestCaseExecutor.java:418)
	at com.kms.katalon.core.main.TestCaseExecutor.accessMainPhase(TestCaseExecutor.java:410)
	at com.kms.katalon.core.main.TestCaseExecutor.execute(TestCaseExecutor.java:285)
	at com.kms.katalon.core.common.CommonExecutor.accessTestCaseMainPhase(CommonExecutor.java:65)
	at com.kms.katalon.core.main.TestSuiteExecutor.accessTestSuiteMainPhase(TestSuiteExecutor.java:148)
	at com.kms.katalon.core.main.TestSuiteExecutor.execute(TestSuiteExecutor.java:106)
	at com.kms.katalon.core.main.TestCaseMain.startTestSuite(TestCaseMain.java:187)
	at com.kms.katalon.core.main.TestCaseMain$startTestSuite$0.call(Unknown Source)
	at TempTestSuite1700775610776.run(TempTestSuite1700775610776.groovy:36)
)

2023-11-23 22:41:40 - [MESSAGE][INFO] - Finding Test Object 'Object Repository/Connexion Usager/lbl_CertainesInformationsSaisiesSontIncorrectes'

2023-11-23 22:41:40 - [MESSAGE][INFO] - Checking object

2023-11-23 22:41:40 - [MESSAGE][INFO] - Finding web element from Test Object's properties

2023-11-23 22:41:40 - [MESSAGE][INFO] - Checking timeout

2023-11-23 22:41:40 - [MESSAGE][INFO] - Finding web element with id: 'Object Repository/Connexion Usager/lbl_CertainesInformationsSaisiesSontIncorrectes' located by 'By.xpath: //p' in '5' second(s)

2023-11-23 22:41:40 - [MESSAGE][INFO] - Smart Wait Function is triggered

2023-11-23 22:41:40 - [MESSAGE][INFO] - Smart Wait Function is triggered

2023-11-23 22:41:40 - [MESSAGE][INFO] - Smart Wait Function is triggered

2023-11-23 22:41:40 - [MESSAGE][INFO] - Smart Wait Function is triggered

2023-11-23 22:41:40 - [MESSAGE][INFO] - Smart Wait Function is triggered

2023-11-23 22:41:40 - [MESSAGE][INFO] - Smart Wait Function is triggered

2023-11-23 22:41:40 - [MESSAGE][INFO] - Smart Wait Function is triggered

2023-11-23 22:41:40 - [MESSAGE][INFO] - Smart Wait Function is triggered

2023-11-23 22:41:40 - [MESSAGE][INFO] - Smart Wait Function is triggered

2023-11-23 22:41:40 - [MESSAGE][INFO] - Smart Wait Function is triggered

2023-11-23 22:41:40 - [MESSAGE][INFO] - Smart Wait Function is triggered

2023-11-23 22:41:40 - [MESSAGE][INFO] - Smart Wait Function is triggered

2023-11-23 22:41:40 - [MESSAGE][INFO] - Smart Wait Function is triggered

2023-11-23 22:41:40 - [MESSAGE][INFO] - Smart Wait Function is triggered

2023-11-23 22:41:40 - [MESSAGE][INFO] - Smart Wait Function is triggered

2023-11-23 22:41:40 - [MESSAGE][INFO] - Smart Wait Function is triggered

2023-11-23 22:41:40 - [MESSAGE][INFO] - Smart Wait Function is triggered

2023-11-23 22:41:40 - [MESSAGE][INFO] - Smart Wait Function is triggered

2023-11-23 22:41:40 - [MESSAGE][INFO] - Smart Wait Function is triggered

2023-11-23 22:41:40 - [MESSAGE][INFO] - Smart Wait Function is triggered

2023-11-23 22:41:40 - [MESSAGE][INFO] - Smart Wait Function is triggered

2023-11-23 22:41:40 - [MESSAGE][INFO] - Smart Wait Function is triggered

2023-11-23 22:41:40 - [MESSAGE][INFO] - Smart Wait Function is triggered

2023-11-23 22:41:41 - [MESSAGE][INFO] - Smart Wait Function is triggered

2023-11-23 22:41:41 - [MESSAGE][INFO] - Smart Wait Function is triggered

2023-11-23 22:41:41 - [MESSAGE][INFO] - Smart Wait Function is triggered

2023-11-23 22:41:41 - [MESSAGE][INFO] - Smart Wait Function is triggered

2023-11-23 22:41:41 - [MESSAGE][INFO] - Smart Wait Function is triggered

2023-11-23 22:41:41 - [MESSAGE][INFO] - Smart Wait Function is triggered

2023-11-23 22:41:41 - [MESSAGE][INFO] - Smart Wait Function is triggered

2023-11-23 22:41:41 - [MESSAGE][INFO] - Smart Wait Function is triggered

2023-11-23 22:41:41 - [MESSAGE][INFO] - Smart Wait Function is triggered

2023-11-23 22:41:41 - [MESSAGE][INFO] - Smart Wait Function is triggered

2023-11-23 22:41:41 - [MESSAGE][INFO] - Smart Wait Function is triggered

2023-11-23 22:41:41 - [MESSAGE][INFO] - Smart Wait Function is triggered

2023-11-23 22:41:41 - [MESSAGE][INFO] - Smart Wait Function is triggered

2023-11-23 22:41:41 - [MESSAGE][INFO] - Smart Wait Function is triggered

2023-11-23 22:41:41 - [MESSAGE][INFO] - Smart Wait Function is triggered

2023-11-23 22:41:41 - [MESSAGE][INFO] - Smart Wait Function is triggered

2023-11-23 22:41:41 - [MESSAGE][INFO] - Smart Wait Function is triggered

2023-11-23 22:41:41 - [MESSAGE][INFO] - Smart Wait Function is triggered

2023-11-23 22:41:41 - [MESSAGE][INFO] - Smart Wait Function is triggered

2023-11-23 22:41:41 - [MESSAGE][INFO] - Smart Wait Function is triggered

2023-11-23 22:41:41 - [MESSAGE][INFO] - Smart Wait Function is triggered

2023-11-23 22:41:41 - [MESSAGE][INFO] - Smart Wait Function is triggered

2023-11-23 22:41:41 - [MESSAGE][INFO] - Smart Wait Function is triggered

2023-11-23 22:41:41 - [MESSAGE][INFO] - Smart Wait Function is triggered

2023-11-23 22:41:41 - [MESSAGE][INFO] - Smart Wait Function is triggered

2023-11-23 22:41:41 - [MESSAGE][INFO] - Smart Wait Function is triggered

2023-11-23 22:41:41 - [MESSAGE][INFO] - Smart Wait Function is triggered

2023-11-23 22:41:41 - [MESSAGE][INFO] - Smart Wait Function is triggered

2023-11-23 22:41:41 - [MESSAGE][INFO] - Smart Wait Function is triggered

2023-11-23 22:41:41 - [MESSAGE][INFO] - Smart Wait Function is triggered

2023-11-23 22:41:41 - [MESSAGE][INFO] - Smart Wait Function is triggered

2023-11-23 22:41:42 - [MESSAGE][INFO] - Smart Wait Function is triggered

2023-11-23 22:41:42 - [MESSAGE][INFO] - Smart Wait Function is triggered

2023-11-23 22:41:42 - [MESSAGE][INFO] - Smart Wait Function is triggered

2023-11-23 22:41:42 - [MESSAGE][INFO] - Smart Wait Function is triggered

2023-11-23 22:41:42 - [MESSAGE][INFO] - Smart Wait Function is triggered

2023-11-23 22:41:42 - [MESSAGE][INFO] - Smart Wait Function is triggered

2023-11-23 22:41:42 - [MESSAGE][INFO] - Smart Wait Function is triggered

2023-11-23 22:41:42 - [MESSAGE][INFO] - Smart Wait Function is triggered

2023-11-23 22:41:42 - [MESSAGE][INFO] - Smart Wait Function is triggered

2023-11-23 22:41:42 - [MESSAGE][INFO] - Smart Wait Function is triggered

2023-11-23 22:41:42 - [MESSAGE][INFO] - Smart Wait Function is triggered

2023-11-23 22:41:42 - [MESSAGE][INFO] - Smart Wait Function is triggered

2023-11-23 22:41:42 - [MESSAGE][INFO] - Smart Wait Function is triggered

2023-11-23 22:41:42 - [MESSAGE][INFO] - Smart Wait Function is triggered

2023-11-23 22:41:42 - [MESSAGE][INFO] - Smart Wait Function is triggered

2023-11-23 22:41:42 - [MESSAGE][INFO] - Smart Wait Function is triggered

2023-11-23 22:41:42 - [MESSAGE][INFO] - Smart Wait Function is triggered

2023-11-23 22:41:42 - [MESSAGE][INFO] - Smart Wait Function is triggered

2023-11-23 22:41:42 - [MESSAGE][INFO] - Smart Wait Function is triggered

2023-11-23 22:41:42 - [MESSAGE][INFO] - Smart Wait Function is triggered

2023-11-23 22:41:42 - [MESSAGE][INFO] - Smart Wait Function is triggered

2023-11-23 22:41:42 - [MESSAGE][INFO] - Smart Wait Function is triggered

2023-11-23 22:41:42 - [MESSAGE][INFO] - Smart Wait Function is triggered

2023-11-23 22:41:42 - [MESSAGE][INFO] - Smart Wait Function is triggered

2023-11-23 22:41:42 - [MESSAGE][INFO] - Smart Wait Function is triggered

2023-11-23 22:41:42 - [MESSAGE][INFO] - Smart Wait Function is triggered

2023-11-23 22:41:42 - [MESSAGE][INFO] - Smart Wait Function is triggered

2023-11-23 22:41:42 - [MESSAGE][INFO] - Smart Wait Function is triggered

2023-11-23 22:41:42 - [MESSAGE][INFO] - Smart Wait Function is triggered

2023-11-23 22:41:42 - [MESSAGE][INFO] - Smart Wait Function is triggered

2023-11-23 22:41:42 - [MESSAGE][INFO] - Smart Wait Function is triggered

2023-11-23 22:41:43 - [MESSAGE][INFO] - Smart Wait Function is triggered

2023-11-23 22:41:43 - [MESSAGE][INFO] - Smart Wait Function is triggered

2023-11-23 22:41:43 - [MESSAGE][INFO] - Smart Wait Function is triggered

2023-11-23 22:41:43 - [MESSAGE][INFO] - Smart Wait Function is triggered

2023-11-23 22:41:43 - [MESSAGE][INFO] - Smart Wait Function is triggered

2023-11-23 22:41:43 - [MESSAGE][INFO] - Smart Wait Function is triggered

2023-11-23 22:41:43 - [MESSAGE][INFO] - Smart Wait Function is triggered

2023-11-23 22:41:43 - [MESSAGE][INFO] - Smart Wait Function is triggered

2023-11-23 22:41:43 - [MESSAGE][INFO] - Smart Wait Function is triggered

2023-11-23 22:41:43 - [MESSAGE][INFO] - Smart Wait Function is triggered

2023-11-23 22:41:43 - [MESSAGE][INFO] - Smart Wait Function is triggered

2023-11-23 22:41:43 - [MESSAGE][INFO] - Smart Wait Function is triggered

2023-11-23 22:41:43 - [MESSAGE][INFO] - Smart Wait Function is triggered

2023-11-23 22:41:43 - [MESSAGE][INFO] - Smart Wait Function is triggered

2023-11-23 22:41:43 - [MESSAGE][INFO] - Smart Wait Function is triggered

2023-11-23 22:41:43 - [MESSAGE][INFO] - Smart Wait Function is triggered

2023-11-23 22:41:43 - [MESSAGE][INFO] - Smart Wait Function is triggered

2023-11-23 22:41:43 - [MESSAGE][INFO] - Smart Wait Function is triggered

2023-11-23 22:41:43 - [MESSAGE][INFO] - Smart Wait Function is triggered

2023-11-23 22:41:43 - [MESSAGE][INFO] - Smart Wait Function is triggered

2023-11-23 22:41:43 - [MESSAGE][INFO] - Smart Wait Function is triggered

2023-11-23 22:41:43 - [MESSAGE][INFO] - Smart Wait Function is triggered

2023-11-23 22:41:43 - [MESSAGE][INFO] - Smart Wait Function is triggered

2023-11-23 22:41:43 - [MESSAGE][INFO] - Smart Wait Function is triggered

2023-11-23 22:41:43 - [MESSAGE][INFO] - Smart Wait Function is triggered

2023-11-23 22:41:43 - [MESSAGE][INFO] - Smart Wait Function is triggered

2023-11-23 22:41:43 - [MESSAGE][INFO] - Smart Wait Function is triggered

2023-11-23 22:41:43 - [MESSAGE][INFO] - Smart Wait Function is triggered

2023-11-23 22:41:43 - [MESSAGE][INFO] - Smart Wait Function is triggered

2023-11-23 22:41:43 - [MESSAGE][INFO] - Smart Wait Function is triggered

2023-11-23 22:41:43 - [MESSAGE][INFO] - Smart Wait Function is triggered

2023-11-23 22:41:44 - [MESSAGE][INFO] - Smart Wait Function is triggered

2023-11-23 22:41:44 - [MESSAGE][INFO] - Smart Wait Function is triggered

2023-11-23 22:41:44 - [MESSAGE][INFO] - Smart Wait Function is triggered

2023-11-23 22:41:44 - [MESSAGE][INFO] - Smart Wait Function is triggered

2023-11-23 22:41:44 - [MESSAGE][INFO] - Smart Wait Function is triggered

2023-11-23 22:41:44 - [MESSAGE][INFO] - Smart Wait Function is triggered

2023-11-23 22:41:44 - [MESSAGE][INFO] - Smart Wait Function is triggered

2023-11-23 22:41:44 - [MESSAGE][INFO] - Smart Wait Function is triggered

2023-11-23 22:41:44 - [MESSAGE][INFO] - Smart Wait Function is triggered

2023-11-23 22:41:44 - [MESSAGE][INFO] - Smart Wait Function is triggered

2023-11-23 22:41:44 - [MESSAGE][INFO] - Smart Wait Function is triggered

2023-11-23 22:41:44 - [MESSAGE][INFO] - Smart Wait Function is triggered

2023-11-23 22:41:44 - [MESSAGE][INFO] - Smart Wait Function is triggered

2023-11-23 22:41:44 - [MESSAGE][INFO] - Smart Wait Function is triggered

2023-11-23 22:41:44 - [MESSAGE][INFO] - Smart Wait Function is triggered

2023-11-23 22:41:44 - [MESSAGE][INFO] - Smart Wait Function is triggered

2023-11-23 22:41:44 - [MESSAGE][INFO] - Smart Wait Function is triggered

2023-11-23 22:41:44 - [MESSAGE][INFO] - Smart Wait Function is triggered

2023-11-23 22:41:44 - [MESSAGE][INFO] - Smart Wait Function is triggered

2023-11-23 22:41:44 - [MESSAGE][INFO] - Smart Wait Function is triggered

2023-11-23 22:41:44 - [MESSAGE][INFO] - Smart Wait Function is triggered

2023-11-23 22:41:44 - [MESSAGE][INFO] - Smart Wait Function is triggered

2023-11-23 22:41:44 - [MESSAGE][INFO] - Smart Wait Function is triggered

2023-11-23 22:41:44 - [MESSAGE][INFO] - Smart Wait Function is triggered

2023-11-23 22:41:44 - [MESSAGE][INFO] - Smart Wait Function is triggered

2023-11-23 22:41:44 - [MESSAGE][INFO] - Smart Wait Function is triggered

2023-11-23 22:41:44 - [MESSAGE][INFO] - Smart Wait Function is triggered

2023-11-23 22:41:44 - [MESSAGE][INFO] - Smart Wait Function is triggered

2023-11-23 22:41:44 - [MESSAGE][INFO] - Smart Wait Function is triggered

2023-11-23 22:41:44 - [MESSAGE][INFO] - Smart Wait Function is triggered

2023-11-23 22:41:44 - [MESSAGE][INFO] - Smart Wait Function is triggered

2023-11-23 22:41:44 - [MESSAGE][INFO] - Smart Wait Function is triggered

2023-11-23 22:41:45 - [MESSAGE][INFO] - Smart Wait Function is triggered

2023-11-23 22:41:45 - [MESSAGE][INFO] - Smart Wait Function is triggered

2023-11-23 22:41:45 - [MESSAGE][INFO] - Smart Wait Function is triggered

2023-11-23 22:41:45 - [MESSAGE][INFO] - Smart Wait Function is triggered

2023-11-23 22:41:45 - [MESSAGE][INFO] - Smart Wait Function is triggered

2023-11-23 22:41:45 - [MESSAGE][INFO] - Smart Wait Function is triggered

2023-11-23 22:41:45 - [MESSAGE][INFO] - Smart Wait Function is triggered

2023-11-23 22:41:45 - [MESSAGE][INFO] - Smart Wait Function is triggered

2023-11-23 22:41:45 - [MESSAGE][INFO] - Smart Wait Function is triggered

2023-11-23 22:41:45 - [MESSAGE][INFO] - Smart Wait Function is triggered

2023-11-23 22:41:45 - [MESSAGE][INFO] - Smart Wait Function is triggered

2023-11-23 22:41:45 - [MESSAGE][INFO] - Smart Wait Function is triggered

2023-11-23 22:41:45 - [MESSAGE][INFO] - Smart Wait Function is triggered

2023-11-23 22:41:45 - [MESSAGE][INFO] - Smart Wait Function is triggered

2023-11-23 22:41:45 - [MESSAGE][INFO] - Smart Wait Function is triggered

2023-11-23 22:41:45 - [MESSAGE][INFO] - Smart Wait Function is triggered

2023-11-23 22:41:45 - [MESSAGE][INFO] - Smart Wait Function is triggered

2023-11-23 22:41:45 - [MESSAGE][INFO] - Smart Wait Function is triggered

2023-11-23 22:41:45 - [MESSAGE][INFO] - Smart Wait Function is triggered

2023-11-23 22:41:45 - [MESSAGE][INFO] - Smart Wait Function is triggered

2023-11-23 22:41:45 - [MESSAGE][INFO] - Smart Wait Function is triggered

2023-11-23 22:41:45 - [MESSAGE][INFO] - Smart Wait Function is triggered

2023-11-23 22:41:45 - [MESSAGE][INFO] - Smart Wait Function is triggered

2023-11-23 22:41:45 - [MESSAGE][INFO] - Smart Wait Function is triggered

2023-11-23 22:41:45 - [MESSAGE][INFO] - Smart Wait Function is triggered

2023-11-23 22:41:45 - [MESSAGE][INFO] - Smart Wait Function is triggered

2023-11-23 22:41:45 - [MESSAGE][INFO] - Smart Wait Function is triggered

2023-11-23 22:41:45 - [MESSAGE][INFO] - Smart Wait Function is triggered

2023-11-23 22:41:45 - [MESSAGE][INFO] - Smart Wait Function is triggered

2023-11-23 22:41:45 - [MESSAGE][INFO] - Smart Wait Function is triggered

2023-11-23 22:41:45 - [MESSAGE][INFO] - Smart Wait Function is triggered

2023-11-23 22:41:46 - [MESSAGE][INFO] - Smart Wait Function is triggered

2023-11-23 22:41:46 - [MESSAGE][INFO] - Smart Wait Function is triggered

2023-11-23 22:41:46 - [MESSAGE][INFO] - Smart Wait Function is triggered

2023-11-23 22:41:46 - [MESSAGE][INFO] - Smart Wait Function is triggered

2023-11-23 22:41:46 - [MESSAGE][INFO] - Smart Wait Function is triggered

2023-11-23 22:41:46 - [MESSAGE][INFO] - Smart Wait Function is triggered

2023-11-23 22:41:46 - [MESSAGE][INFO] - Smart Wait Function is triggered

2023-11-23 22:41:46 - [MESSAGE][INFO] - Smart Wait Function is triggered

2023-11-23 22:41:46 - [MESSAGE][INFO] - Smart Wait Function is triggered

2023-11-23 22:41:46 - [MESSAGE][INFO] - Smart Wait Function is triggered

2023-11-23 22:41:46 - [MESSAGE][INFO] - Unable to find the element located by 'By.xpath: //p'. Please recheck the objects properties to make sure the desired element is located. 

2023-11-23 22:41:46 - [MESSAGE][WARNING] - Web element with id: 'Object Repository/Connexion Usager/lbl_CertainesInformationsSaisiesSontIncorrectes' located by '//p' not found (Root cause: com.kms.katalon.core.exception.StepFailedException: Web element with id: 'Object Repository/Connexion Usager/lbl_CertainesInformationsSaisiesSontIncorrectes' located by '//p' not found
	at com.kms.katalon.core.webui.keyword.internal.WebUIKeywordMain.stepFailed(WebUIKeywordMain.groovy:64)
	at com.kms.katalon.core.webui.keyword.builtin.VerifyElementVisibleKeyword$_verifyElementVisible_closure1.doCall(VerifyElementVisibleKeyword.groovy:89)
	at com.kms.katalon.core.webui.keyword.builtin.VerifyElementVisibleKeyword$_verifyElementVisible_closure1.call(VerifyElementVisibleKeyword.groovy)
	at com.kms.katalon.core.webui.keyword.internal.WebUIKeywordMain.runKeyword(WebUIKeywordMain.groovy:20)
	at com.kms.katalon.core.webui.keyword.builtin.VerifyElementVisibleKeyword.verifyElementVisible(VerifyElementVisibleKeyword.groovy:97)
	at com.kms.katalon.core.webui.keyword.builtin.VerifyElementVisibleKeyword.execute(VerifyElementVisibleKeyword.groovy:67)
	at com.kms.katalon.core.keyword.internal.KeywordExecutor.executeKeywordForPlatform(KeywordExecutor.groovy:74)
	at com.kms.katalon.core.webui.keyword.WebUiBuiltInKeywords.verifyElementVisible(WebUiBuiltInKeywords.groovy:362)
	at com.kazurayam.ksbackyard.HighlightElement$_pandemic_closure1.doCall(HighlightElement.groovy:105)
	at VerificationCertainesInformationsSontIncorrectes.run(VerificationCertainesInformationsSontIncorrectes:85)
	at com.kms.katalon.core.main.ScriptEngine.run(ScriptEngine.java:194)
	at com.kms.katalon.core.main.ScriptEngine.runScriptAsRawText(ScriptEngine.java:119)
	at com.kms.katalon.core.main.TestCaseExecutor.runScript(TestCaseExecutor.java:448)
	at com.kms.katalon.core.main.TestCaseExecutor.doExecute(TestCaseExecutor.java:439)
	at com.kms.katalon.core.main.TestCaseExecutor.processExecutionPhase(TestCaseExecutor.java:418)
	at com.kms.katalon.core.main.TestCaseExecutor.accessMainPhase(TestCaseExecutor.java:410)
	at com.kms.katalon.core.main.TestCaseExecutor.execute(TestCaseExecutor.java:285)
	at com.kms.katalon.core.main.TestCaseMain.runTestCase(TestCaseMain.java:144)
	at com.kms.katalon.core.keyword.builtin.CallTestCaseKeyword$_callTestCase_closure1.doCall(CallTestCaseKeyword.groovy:59)
	at com.kms.katalon.core.keyword.builtin.CallTestCaseKeyword$_callTestCase_closure1.call(CallTestCaseKeyword.groovy)
	at com.kms.katalon.core.keyword.internal.KeywordMain.runKeyword(KeywordMain.groovy:75)
	at com.kms.katalon.core.keyword.builtin.CallTestCaseKeyword.callTestCase(CallTestCaseKeyword.groovy:81)
	at com.kms.katalon.core.keyword.builtin.CallTestCaseKeyword.execute(CallTestCaseKeyword.groovy:44)
	at com.kms.katalon.core.keyword.internal.KeywordExecutor.executeKeywordForPlatform(KeywordExecutor.groovy:74)
	at com.kms.katalon.core.keyword.BuiltinKeywords.callTestCase(BuiltinKeywords.groovy:310)
	at com.kazurayam.ksbackyard.HighlightElement$_pandemic_closure1.doCall(HighlightElement.groovy:105)
	at Creer Votre Compte.run(Creer Votre Compte:109)
	at com.kms.katalon.core.main.ScriptEngine.run(ScriptEngine.java:194)
	at com.kms.katalon.core.main.ScriptEngine.runScriptAsRawText(ScriptEngine.java:119)
	at com.kms.katalon.core.main.TestCaseExecutor.runScript(TestCaseExecutor.java:448)
	at com.kms.katalon.core.main.TestCaseExecutor.doExecute(TestCaseExecutor.java:439)
	at com.kms.katalon.core.main.TestCaseExecutor.processExecutionPhase(TestCaseExecutor.java:418)
	at com.kms.katalon.core.main.TestCaseExecutor.accessMainPhase(TestCaseExecutor.java:410)
	at com.kms.katalon.core.main.TestCaseExecutor.execute(TestCaseExecutor.java:285)
	at com.kms.katalon.core.main.TestCaseMain.runTestCase(TestCaseMain.java:144)
	at com.kms.katalon.core.keyword.builtin.CallTestCaseKeyword$_callTestCase_closure1.doCall(CallTestCaseKeyword.groovy:59)
	at com.kms.katalon.core.keyword.builtin.CallTestCaseKeyword$_callTestCase_closure1.call(CallTestCaseKeyword.groovy)
	at com.kms.katalon.core.keyword.internal.KeywordMain.runKeyword(KeywordMain.groovy:75)
	at com.kms.katalon.core.keyword.builtin.CallTestCaseKeyword.callTestCase(CallTestCaseKeyword.groovy:81)
	at com.kms.katalon.core.keyword.builtin.CallTestCaseKeyword.execute(CallTestCaseKeyword.groovy:44)
	at com.kms.katalon.core.keyword.internal.KeywordExecutor.executeKeywordForPlatform(KeywordExecutor.groovy:74)
	at com.kms.katalon.core.keyword.BuiltinKeywords.callTestCase(BuiltinKeywords.groovy:310)
	at com.kazurayam.ksbackyard.HighlightElement$_pandemic_closure1.doCall(HighlightElement.groovy:105)
	at TNR R.TSPT Supp90-Etudiant.run(TNR R.TSPT Supp90-Etudiant:30)
	at com.kms.katalon.core.main.ScriptEngine.run(ScriptEngine.java:194)
	at com.kms.katalon.core.main.ScriptEngine.runScriptAsRawText(ScriptEngine.java:119)
	at com.kms.katalon.core.main.TestCaseExecutor.runScript(TestCaseExecutor.java:448)
	at com.kms.katalon.core.main.TestCaseExecutor.doExecute(TestCaseExecutor.java:439)
	at com.kms.katalon.core.main.TestCaseExecutor.processExecutionPhase(TestCaseExecutor.java:418)
	at com.kms.katalon.core.main.TestCaseExecutor.accessMainPhase(TestCaseExecutor.java:410)
	at com.kms.katalon.core.main.TestCaseExecutor.execute(TestCaseExecutor.java:285)
	at com.kms.katalon.core.common.CommonExecutor.accessTestCaseMainPhase(CommonExecutor.java:65)
	at com.kms.katalon.core.main.TestSuiteExecutor.accessTestSuiteMainPhase(TestSuiteExecutor.java:148)
	at com.kms.katalon.core.main.TestSuiteExecutor.execute(TestSuiteExecutor.java:106)
	at com.kms.katalon.core.main.TestCaseMain.startTestSuite(TestCaseMain.java:187)
	at com.kms.katalon.core.main.TestCaseMain$startTestSuite$0.call(Unknown Source)
	at TempTestSuite1700775610776.run(TempTestSuite1700775610776.groovy:36)
)
[[ATTACHMENT|C:\\Users\\ISSAM.RHARBAOUI\\git\\22_11\\ANEF-AutomatizationProject\\Reports\\20231123_224010\\TS_TNR_R.TSPT_Suppo90\\20231123_224010\\1700775706322.png]]

2023-11-23 22:41:46 - [TEST_STEP][PASSED] - if (MsgAlertPresent): null

2023-11-23 22:41:46 - [TEST_STEP][PASSED] - else: Vos informations ne sont pas associées à un compte ==>> Création d'un nouveau Compte avec ces Informations.

2023-11-23 22:41:46 - [TEST_STEP][PASSED] - markPassed("Vos informations ne sont pas associées à un compte ==>> Création d'un nouveau Compte avec ces Informations."): Vos informations ne sont pas associées à un compte ==>> Création d'un nouveau Compte avec ces Informations.

2023-11-23 22:41:46 - [MESSAGE][PASSED] - Vos informations ne sont pas associées à un compte ==>> Création d'un nouveau Compte avec ces Informations.

2023-11-23 22:41:46 - [TEST_STEP][PASSED] - waitForPageLoad(2): Wait for page load successfully

2023-11-23 22:41:46 - [MESSAGE][INFO] - Checking timeout

2023-11-23 22:41:46 - [MESSAGE][PASSED] - Wait for page load successfully

2023-11-23 22:41:46 - [MESSAGE][PASSED] - Call Test Case 'Test Cases/Test Reutilisable/Main/VerificationCertainesInformationsSontIncorrectes' successfully

2023-11-23 22:41:46 - [TEST_STEP][PASSED] - if (StopTestCase == true): null

2023-11-23 22:41:46 - [TEST_STEP][PASSED] - "Vérification si le compte existe déjà(message Erreur : Il semblerait que vos informations soient déjà associées à un compte.)": null

2023-11-23 22:41:46 - [TEST_STEP][PASSED] - callTestCase(findTestCase("Test Cases/Test Reutilisable/Main/VerificationSiCompteExisteDeja"), [:], OPTIONAL): Call Test Case 'Test Cases/Test Reutilisable/Main/VerificationSiCompteExisteDeja' successfully

2023-11-23 22:41:46 - [MESSAGE][INFO] - Checking called Test Case

2023-11-23 22:41:46 - [MESSAGE][INFO] - Starting to call Test Case 'Test Cases/Test Reutilisable/Main/VerificationSiCompteExisteDeja'

2023-11-23 22:41:46 - [TEST_CASE][PASSED] - Test Cases/Test Reutilisable/Main/VerificationSiCompteExisteDeja: Test Cases/Test Reutilisable/Main/VerificationSiCompteExisteDeja

2023-11-23 22:41:48 - [TEST_STEP][PASSED] - "Vérification si le compte existe déjà(message Erreur : Il semblerait que vos informations soient déjà associées à un compte.)": null

2023-11-23 22:41:48 - [TEST_STEP][PASSED] - delay(3): Delayed 3 second(s)

2023-11-23 22:41:48 - [MESSAGE][INFO] - Delaying browser in 3 second(s)

2023-11-23 22:41:51 - [MESSAGE][PASSED] - Delayed 3 second(s)

2023-11-23 22:41:51 - [TEST_STEP][PASSED] - StopTestCase = false: null

2023-11-23 22:41:51 - [TEST_STEP][PASSED] - MsgAlertPresent = verifyElementPresent(findTestObject("Object Repository/Connexion Usager/Verif_PopUpCompteExisteDeja"), 2, OPTIONAL): com.kms.katalon.core.webui.exception.WebElementNotFoundException: Web element with id: 'Object Repository/Connexion Usager/Verif_PopUpCompteExisteDeja' located by '/html/body/div[1]/div[1]/p[1]' not found (Root cause: com.kms.katalon.core.exception.StepFailedException: com.kms.katalon.core.webui.exception.WebElementNotFoundException: Web element with id: 'Object Repository/Connexion Usager/Verif_PopUpCompteExisteDeja' located by '/html/body/div[1]/div[1]/p[1]' not found
	at com.kms.katalon.core.webui.keyword.internal.WebUIKeywordMain.stepFailed(WebUIKeywordMain.groovy:64)
	at com.kms.katalon.core.webui.keyword.builtin.VerifyElementPresentKeyword$_verifyElementPresent_closure1.doCall(VerifyElementPresentKeyword.groovy:85)
	at com.kms.katalon.core.webui.keyword.builtin.VerifyElementPresentKeyword$_verifyElementPresent_closure1.call(VerifyElementPresentKeyword.groovy)
	at com.kms.katalon.core.webui.keyword.internal.WebUIKeywordMain.runKeyword(WebUIKeywordMain.groovy:20)
	at com.kms.katalon.core.webui.keyword.builtin.VerifyElementPresentKeyword.verifyElementPresent(VerifyElementPresentKeyword.groovy:92)
	at com.kms.katalon.core.webui.keyword.builtin.VerifyElementPresentKeyword.execute(VerifyElementPresentKeyword.groovy:68)
	at com.kms.katalon.core.keyword.internal.KeywordExecutor.executeKeywordForPlatform(KeywordExecutor.groovy:74)
	at com.kms.katalon.core.webui.keyword.WebUiBuiltInKeywords.verifyElementPresent(WebUiBuiltInKeywords.groovy:1448)
	at com.kazurayam.ksbackyard.HighlightElement$_pandemic_closure1.doCall(HighlightElement.groovy:105)
	at VerificationSiCompteExisteDeja.run(VerificationSiCompteExisteDeja:69)
	at com.kms.katalon.core.main.ScriptEngine.run(ScriptEngine.java:194)
	at com.kms.katalon.core.main.ScriptEngine.runScriptAsRawText(ScriptEngine.java:119)
	at com.kms.katalon.core.main.TestCaseExecutor.runScript(TestCaseExecutor.java:448)
	at com.kms.katalon.core.main.TestCaseExecutor.doExecute(TestCaseExecutor.java:439)
	at com.kms.katalon.core.main.TestCaseExecutor.processExecutionPhase(TestCaseExecutor.java:418)
	at com.kms.katalon.core.main.TestCaseExecutor.accessMainPhase(TestCaseExecutor.java:410)
	at com.kms.katalon.core.main.TestCaseExecutor.execute(TestCaseExecutor.java:285)
	at com.kms.katalon.core.main.TestCaseMain.runTestCase(TestCaseMain.java:144)
	at com.kms.katalon.core.keyword.builtin.CallTestCaseKeyword$_callTestCase_closure1.doCall(CallTestCaseKeyword.groovy:59)
	at com.kms.katalon.core.keyword.builtin.CallTestCaseKeyword$_callTestCase_closure1.call(CallTestCaseKeyword.groovy)
	at com.kms.katalon.core.keyword.internal.KeywordMain.runKeyword(KeywordMain.groovy:75)
	at com.kms.katalon.core.keyword.builtin.CallTestCaseKeyword.callTestCase(CallTestCaseKeyword.groovy:81)
	at com.kms.katalon.core.keyword.builtin.CallTestCaseKeyword.execute(CallTestCaseKeyword.groovy:44)
	at com.kms.katalon.core.keyword.internal.KeywordExecutor.executeKeywordForPlatform(KeywordExecutor.groovy:74)
	at com.kms.katalon.core.keyword.BuiltinKeywords.callTestCase(BuiltinKeywords.groovy:310)
	at com.kazurayam.ksbackyard.HighlightElement$_pandemic_closure1.doCall(HighlightElement.groovy:105)
	at Creer Votre Compte.run(Creer Votre Compte:117)
	at com.kms.katalon.core.main.ScriptEngine.run(ScriptEngine.java:194)
	at com.kms.katalon.core.main.ScriptEngine.runScriptAsRawText(ScriptEngine.java:119)
	at com.kms.katalon.core.main.TestCaseExecutor.runScript(TestCaseExecutor.java:448)
	at com.kms.katalon.core.main.TestCaseExecutor.doExecute(TestCaseExecutor.java:439)
	at com.kms.katalon.core.main.TestCaseExecutor.processExecutionPhase(TestCaseExecutor.java:418)
	at com.kms.katalon.core.main.TestCaseExecutor.accessMainPhase(TestCaseExecutor.java:410)
	at com.kms.katalon.core.main.TestCaseExecutor.execute(TestCaseExecutor.java:285)
	at com.kms.katalon.core.main.TestCaseMain.runTestCase(TestCaseMain.java:144)
	at com.kms.katalon.core.keyword.builtin.CallTestCaseKeyword$_callTestCase_closure1.doCall(CallTestCaseKeyword.groovy:59)
	at com.kms.katalon.core.keyword.builtin.CallTestCaseKeyword$_callTestCase_closure1.call(CallTestCaseKeyword.groovy)
	at com.kms.katalon.core.keyword.internal.KeywordMain.runKeyword(KeywordMain.groovy:75)
	at com.kms.katalon.core.keyword.builtin.CallTestCaseKeyword.callTestCase(CallTestCaseKeyword.groovy:81)
	at com.kms.katalon.core.keyword.builtin.CallTestCaseKeyword.execute(CallTestCaseKeyword.groovy:44)
	at com.kms.katalon.core.keyword.internal.KeywordExecutor.executeKeywordForPlatform(KeywordExecutor.groovy:74)
	at com.kms.katalon.core.keyword.BuiltinKeywords.callTestCase(BuiltinKeywords.groovy:310)
	at com.kazurayam.ksbackyard.HighlightElement$_pandemic_closure1.doCall(HighlightElement.groovy:105)
	at TNR R.TSPT Supp90-Etudiant.run(TNR R.TSPT Supp90-Etudiant:30)
	at com.kms.katalon.core.main.ScriptEngine.run(ScriptEngine.java:194)
	at com.kms.katalon.core.main.ScriptEngine.runScriptAsRawText(ScriptEngine.java:119)
	at com.kms.katalon.core.main.TestCaseExecutor.runScript(TestCaseExecutor.java:448)
	at com.kms.katalon.core.main.TestCaseExecutor.doExecute(TestCaseExecutor.java:439)
	at com.kms.katalon.core.main.TestCaseExecutor.processExecutionPhase(TestCaseExecutor.java:418)
	at com.kms.katalon.core.main.TestCaseExecutor.accessMainPhase(TestCaseExecutor.java:410)
	at com.kms.katalon.core.main.TestCaseExecutor.execute(TestCaseExecutor.java:285)
	at com.kms.katalon.core.common.CommonExecutor.accessTestCaseMainPhase(CommonExecutor.java:65)
	at com.kms.katalon.core.main.TestSuiteExecutor.accessTestSuiteMainPhase(TestSuiteExecutor.java:148)
	at com.kms.katalon.core.main.TestSuiteExecutor.execute(TestSuiteExecutor.java:106)
	at com.kms.katalon.core.main.TestCaseMain.startTestSuite(TestCaseMain.java:187)
	at com.kms.katalon.core.main.TestCaseMain$startTestSuite$0.call(Unknown Source)
	at TempTestSuite1700775610776.run(TempTestSuite1700775610776.groovy:36)
)

2023-11-23 22:41:51 - [MESSAGE][INFO] - Finding Test Object 'Object Repository/Connexion Usager/Verif_PopUpCompteExisteDeja'

2023-11-23 22:41:51 - [MESSAGE][INFO] - Checking object

2023-11-23 22:41:51 - [MESSAGE][INFO] - Finding web element from Test Object's properties

2023-11-23 22:41:51 - [MESSAGE][INFO] - Checking timeout

2023-11-23 22:41:51 - [MESSAGE][INFO] - Finding web element with id: 'Object Repository/Connexion Usager/Verif_PopUpCompteExisteDeja' located by 'By.xpath: /html/body/div[1]/div[1]/p[1]' in '2' second(s)

2023-11-23 22:41:51 - [MESSAGE][INFO] - Smart Wait Function is triggered

2023-11-23 22:41:51 - [MESSAGE][INFO] - Smart Wait Function is triggered

2023-11-23 22:41:51 - [MESSAGE][INFO] - Smart Wait Function is triggered

2023-11-23 22:41:51 - [MESSAGE][INFO] - Smart Wait Function is triggered

2023-11-23 22:41:51 - [MESSAGE][INFO] - Smart Wait Function is triggered

2023-11-23 22:41:51 - [MESSAGE][INFO] - Smart Wait Function is triggered

2023-11-23 22:41:51 - [MESSAGE][INFO] - Smart Wait Function is triggered

2023-11-23 22:41:51 - [MESSAGE][INFO] - Smart Wait Function is triggered

2023-11-23 22:41:51 - [MESSAGE][INFO] - Smart Wait Function is triggered

2023-11-23 22:41:51 - [MESSAGE][INFO] - Smart Wait Function is triggered

2023-11-23 22:41:51 - [MESSAGE][INFO] - Smart Wait Function is triggered

2023-11-23 22:41:51 - [MESSAGE][INFO] - Smart Wait Function is triggered

2023-11-23 22:41:51 - [MESSAGE][INFO] - Smart Wait Function is triggered

2023-11-23 22:41:51 - [MESSAGE][INFO] - Smart Wait Function is triggered

2023-11-23 22:41:51 - [MESSAGE][INFO] - Smart Wait Function is triggered

2023-11-23 22:41:51 - [MESSAGE][INFO] - Smart Wait Function is triggered

2023-11-23 22:41:51 - [MESSAGE][INFO] - Smart Wait Function is triggered

2023-11-23 22:41:51 - [MESSAGE][INFO] - Smart Wait Function is triggered

2023-11-23 22:41:51 - [MESSAGE][INFO] - Smart Wait Function is triggered

2023-11-23 22:41:51 - [MESSAGE][INFO] - Smart Wait Function is triggered

2023-11-23 22:41:51 - [MESSAGE][INFO] - Smart Wait Function is triggered

2023-11-23 22:41:51 - [MESSAGE][INFO] - Smart Wait Function is triggered

2023-11-23 22:41:51 - [MESSAGE][INFO] - Smart Wait Function is triggered

2023-11-23 22:41:51 - [MESSAGE][INFO] - Smart Wait Function is triggered

2023-11-23 22:41:52 - [MESSAGE][INFO] - Smart Wait Function is triggered

2023-11-23 22:41:52 - [MESSAGE][INFO] - Smart Wait Function is triggered

2023-11-23 22:41:52 - [MESSAGE][INFO] - Smart Wait Function is triggered

2023-11-23 22:41:52 - [MESSAGE][INFO] - Smart Wait Function is triggered

2023-11-23 22:41:52 - [MESSAGE][INFO] - Smart Wait Function is triggered

2023-11-23 22:41:52 - [MESSAGE][INFO] - Smart Wait Function is triggered

2023-11-23 22:41:52 - [MESSAGE][INFO] - Smart Wait Function is triggered

2023-11-23 22:41:52 - [MESSAGE][INFO] - Smart Wait Function is triggered

2023-11-23 22:41:52 - [MESSAGE][INFO] - Smart Wait Function is triggered

2023-11-23 22:41:52 - [MESSAGE][INFO] - Smart Wait Function is triggered

2023-11-23 22:41:52 - [MESSAGE][INFO] - Smart Wait Function is triggered

2023-11-23 22:41:52 - [MESSAGE][INFO] - Smart Wait Function is triggered

2023-11-23 22:41:52 - [MESSAGE][INFO] - Smart Wait Function is triggered

2023-11-23 22:41:52 - [MESSAGE][INFO] - Smart Wait Function is triggered

2023-11-23 22:41:52 - [MESSAGE][INFO] - Smart Wait Function is triggered

2023-11-23 22:41:52 - [MESSAGE][INFO] - Smart Wait Function is triggered

2023-11-23 22:41:52 - [MESSAGE][INFO] - Smart Wait Function is triggered

2023-11-23 22:41:52 - [MESSAGE][INFO] - Smart Wait Function is triggered

2023-11-23 22:41:52 - [MESSAGE][INFO] - Smart Wait Function is triggered

2023-11-23 22:41:52 - [MESSAGE][INFO] - Smart Wait Function is triggered

2023-11-23 22:41:52 - [MESSAGE][INFO] - Smart Wait Function is triggered

2023-11-23 22:41:52 - [MESSAGE][INFO] - Smart Wait Function is triggered

2023-11-23 22:41:52 - [MESSAGE][INFO] - Smart Wait Function is triggered

2023-11-23 22:41:52 - [MESSAGE][INFO] - Smart Wait Function is triggered

2023-11-23 22:41:52 - [MESSAGE][INFO] - Smart Wait Function is triggered

2023-11-23 22:41:52 - [MESSAGE][INFO] - Smart Wait Function is triggered

2023-11-23 22:41:52 - [MESSAGE][INFO] - Smart Wait Function is triggered

2023-11-23 22:41:52 - [MESSAGE][INFO] - Smart Wait Function is triggered

2023-11-23 22:41:52 - [MESSAGE][INFO] - Smart Wait Function is triggered

2023-11-23 22:41:52 - [MESSAGE][INFO] - Smart Wait Function is triggered

2023-11-23 22:41:53 - [MESSAGE][INFO] - Smart Wait Function is triggered

2023-11-23 22:41:53 - [MESSAGE][INFO] - Smart Wait Function is triggered

2023-11-23 22:41:53 - [MESSAGE][INFO] - Smart Wait Function is triggered

2023-11-23 22:41:53 - [MESSAGE][INFO] - Smart Wait Function is triggered

2023-11-23 22:41:53 - [MESSAGE][INFO] - Smart Wait Function is triggered

2023-11-23 22:41:53 - [MESSAGE][INFO] - Smart Wait Function is triggered

2023-11-23 22:41:53 - [MESSAGE][INFO] - Smart Wait Function is triggered

2023-11-23 22:41:53 - [MESSAGE][INFO] - Smart Wait Function is triggered

2023-11-23 22:41:53 - [MESSAGE][INFO] - Smart Wait Function is triggered

2023-11-23 22:41:53 - [MESSAGE][INFO] - Smart Wait Function is triggered

2023-11-23 22:41:53 - [MESSAGE][INFO] - Smart Wait Function is triggered

2023-11-23 22:41:53 - [MESSAGE][INFO] - Smart Wait Function is triggered

2023-11-23 22:41:53 - [MESSAGE][INFO] - Smart Wait Function is triggered

2023-11-23 22:41:53 - [MESSAGE][INFO] - Smart Wait Function is triggered

2023-11-23 22:41:53 - [MESSAGE][INFO] - Smart Wait Function is triggered

2023-11-23 22:41:53 - [MESSAGE][INFO] - Smart Wait Function is triggered

2023-11-23 22:41:53 - [MESSAGE][INFO] - Smart Wait Function is triggered

2023-11-23 22:41:53 - [MESSAGE][INFO] - Smart Wait Function is triggered

2023-11-23 22:41:53 - [MESSAGE][INFO] - Smart Wait Function is triggered

2023-11-23 22:41:53 - [MESSAGE][INFO] - Smart Wait Function is triggered

2023-11-23 22:41:53 - [MESSAGE][INFO] - Smart Wait Function is triggered

2023-11-23 22:41:53 - [MESSAGE][INFO] - Smart Wait Function is triggered

2023-11-23 22:41:53 - [MESSAGE][INFO] - Smart Wait Function is triggered

2023-11-23 22:41:53 - [MESSAGE][INFO] - Smart Wait Function is triggered

2023-11-23 22:41:53 - [MESSAGE][INFO] - Smart Wait Function is triggered

2023-11-23 22:41:53 - [MESSAGE][INFO] - Smart Wait Function is triggered

2023-11-23 22:41:53 - [MESSAGE][INFO] - Smart Wait Function is triggered

2023-11-23 22:41:53 - [MESSAGE][INFO] - Smart Wait Function is triggered

2023-11-23 22:41:53 - [MESSAGE][INFO] - Smart Wait Function is triggered

2023-11-23 22:41:53 - [MESSAGE][INFO] - Smart Wait Function is triggered

2023-11-23 22:41:53 - [MESSAGE][INFO] - Smart Wait Function is triggered

2023-11-23 22:41:54 - [MESSAGE][INFO] - Smart Wait Function is triggered

2023-11-23 22:41:54 - [MESSAGE][INFO] - Smart Wait Function is triggered

2023-11-23 22:41:54 - [MESSAGE][INFO] - Smart Wait Function is triggered

2023-11-23 22:41:54 - [MESSAGE][INFO] - Smart Wait Function is triggered

2023-11-23 22:41:54 - [MESSAGE][INFO] - Smart Wait Function is triggered

2023-11-23 22:41:54 - [MESSAGE][INFO] - Smart Wait Function is triggered

2023-11-23 22:41:54 - [MESSAGE][INFO] - Smart Wait Function is triggered

2023-11-23 22:41:54 - [MESSAGE][INFO] - Smart Wait Function is triggered

2023-11-23 22:41:54 - [MESSAGE][INFO] - Unable to find the element located by 'By.xpath: /html/body/div[1]/div[1]/p[1]'. Please recheck the objects properties to make sure the desired element is located. 

2023-11-23 22:41:54 - [MESSAGE][WARNING] - com.kms.katalon.core.webui.exception.WebElementNotFoundException: Web element with id: 'Object Repository/Connexion Usager/Verif_PopUpCompteExisteDeja' located by '/html/body/div[1]/div[1]/p[1]' not found (Root cause: com.kms.katalon.core.exception.StepFailedException: com.kms.katalon.core.webui.exception.WebElementNotFoundException: Web element with id: 'Object Repository/Connexion Usager/Verif_PopUpCompteExisteDeja' located by '/html/body/div[1]/div[1]/p[1]' not found
	at com.kms.katalon.core.webui.keyword.internal.WebUIKeywordMain.stepFailed(WebUIKeywordMain.groovy:64)
	at com.kms.katalon.core.webui.keyword.builtin.VerifyElementPresentKeyword$_verifyElementPresent_closure1.doCall(VerifyElementPresentKeyword.groovy:85)
	at com.kms.katalon.core.webui.keyword.builtin.VerifyElementPresentKeyword$_verifyElementPresent_closure1.call(VerifyElementPresentKeyword.groovy)
	at com.kms.katalon.core.webui.keyword.internal.WebUIKeywordMain.runKeyword(WebUIKeywordMain.groovy:20)
	at com.kms.katalon.core.webui.keyword.builtin.VerifyElementPresentKeyword.verifyElementPresent(VerifyElementPresentKeyword.groovy:92)
	at com.kms.katalon.core.webui.keyword.builtin.VerifyElementPresentKeyword.execute(VerifyElementPresentKeyword.groovy:68)
	at com.kms.katalon.core.keyword.internal.KeywordExecutor.executeKeywordForPlatform(KeywordExecutor.groovy:74)
	at com.kms.katalon.core.webui.keyword.WebUiBuiltInKeywords.verifyElementPresent(WebUiBuiltInKeywords.groovy:1448)
	at com.kazurayam.ksbackyard.HighlightElement$_pandemic_closure1.doCall(HighlightElement.groovy:105)
	at VerificationSiCompteExisteDeja.run(VerificationSiCompteExisteDeja:69)
	at com.kms.katalon.core.main.ScriptEngine.run(ScriptEngine.java:194)
	at com.kms.katalon.core.main.ScriptEngine.runScriptAsRawText(ScriptEngine.java:119)
	at com.kms.katalon.core.main.TestCaseExecutor.runScript(TestCaseExecutor.java:448)
	at com.kms.katalon.core.main.TestCaseExecutor.doExecute(TestCaseExecutor.java:439)
	at com.kms.katalon.core.main.TestCaseExecutor.processExecutionPhase(TestCaseExecutor.java:418)
	at com.kms.katalon.core.main.TestCaseExecutor.accessMainPhase(TestCaseExecutor.java:410)
	at com.kms.katalon.core.main.TestCaseExecutor.execute(TestCaseExecutor.java:285)
	at com.kms.katalon.core.main.TestCaseMain.runTestCase(TestCaseMain.java:144)
	at com.kms.katalon.core.keyword.builtin.CallTestCaseKeyword$_callTestCase_closure1.doCall(CallTestCaseKeyword.groovy:59)
	at com.kms.katalon.core.keyword.builtin.CallTestCaseKeyword$_callTestCase_closure1.call(CallTestCaseKeyword.groovy)
	at com.kms.katalon.core.keyword.internal.KeywordMain.runKeyword(KeywordMain.groovy:75)
	at com.kms.katalon.core.keyword.builtin.CallTestCaseKeyword.callTestCase(CallTestCaseKeyword.groovy:81)
	at com.kms.katalon.core.keyword.builtin.CallTestCaseKeyword.execute(CallTestCaseKeyword.groovy:44)
	at com.kms.katalon.core.keyword.internal.KeywordExecutor.executeKeywordForPlatform(KeywordExecutor.groovy:74)
	at com.kms.katalon.core.keyword.BuiltinKeywords.callTestCase(BuiltinKeywords.groovy:310)
	at com.kazurayam.ksbackyard.HighlightElement$_pandemic_closure1.doCall(HighlightElement.groovy:105)
	at Creer Votre Compte.run(Creer Votre Compte:117)
	at com.kms.katalon.core.main.ScriptEngine.run(ScriptEngine.java:194)
	at com.kms.katalon.core.main.ScriptEngine.runScriptAsRawText(ScriptEngine.java:119)
	at com.kms.katalon.core.main.TestCaseExecutor.runScript(TestCaseExecutor.java:448)
	at com.kms.katalon.core.main.TestCaseExecutor.doExecute(TestCaseExecutor.java:439)
	at com.kms.katalon.core.main.TestCaseExecutor.processExecutionPhase(TestCaseExecutor.java:418)
	at com.kms.katalon.core.main.TestCaseExecutor.accessMainPhase(TestCaseExecutor.java:410)
	at com.kms.katalon.core.main.TestCaseExecutor.execute(TestCaseExecutor.java:285)
	at com.kms.katalon.core.main.TestCaseMain.runTestCase(TestCaseMain.java:144)
	at com.kms.katalon.core.keyword.builtin.CallTestCaseKeyword$_callTestCase_closure1.doCall(CallTestCaseKeyword.groovy:59)
	at com.kms.katalon.core.keyword.builtin.CallTestCaseKeyword$_callTestCase_closure1.call(CallTestCaseKeyword.groovy)
	at com.kms.katalon.core.keyword.internal.KeywordMain.runKeyword(KeywordMain.groovy:75)
	at com.kms.katalon.core.keyword.builtin.CallTestCaseKeyword.callTestCase(CallTestCaseKeyword.groovy:81)
	at com.kms.katalon.core.keyword.builtin.CallTestCaseKeyword.execute(CallTestCaseKeyword.groovy:44)
	at com.kms.katalon.core.keyword.internal.KeywordExecutor.executeKeywordForPlatform(KeywordExecutor.groovy:74)
	at com.kms.katalon.core.keyword.BuiltinKeywords.callTestCase(BuiltinKeywords.groovy:310)
	at com.kazurayam.ksbackyard.HighlightElement$_pandemic_closure1.doCall(HighlightElement.groovy:105)
	at TNR R.TSPT Supp90-Etudiant.run(TNR R.TSPT Supp90-Etudiant:30)
	at com.kms.katalon.core.main.ScriptEngine.run(ScriptEngine.java:194)
	at com.kms.katalon.core.main.ScriptEngine.runScriptAsRawText(ScriptEngine.java:119)
	at com.kms.katalon.core.main.TestCaseExecutor.runScript(TestCaseExecutor.java:448)
	at com.kms.katalon.core.main.TestCaseExecutor.doExecute(TestCaseExecutor.java:439)
	at com.kms.katalon.core.main.TestCaseExecutor.processExecutionPhase(TestCaseExecutor.java:418)
	at com.kms.katalon.core.main.TestCaseExecutor.accessMainPhase(TestCaseExecutor.java:410)
	at com.kms.katalon.core.main.TestCaseExecutor.execute(TestCaseExecutor.java:285)
	at com.kms.katalon.core.common.CommonExecutor.accessTestCaseMainPhase(CommonExecutor.java:65)
	at com.kms.katalon.core.main.TestSuiteExecutor.accessTestSuiteMainPhase(TestSuiteExecutor.java:148)
	at com.kms.katalon.core.main.TestSuiteExecutor.execute(TestSuiteExecutor.java:106)
	at com.kms.katalon.core.main.TestCaseMain.startTestSuite(TestCaseMain.java:187)
	at com.kms.katalon.core.main.TestCaseMain$startTestSuite$0.call(Unknown Source)
	at TempTestSuite1700775610776.run(TempTestSuite1700775610776.groovy:36)
)
[[ATTACHMENT|C:\\Users\\ISSAM.RHARBAOUI\\git\\22_11\\ANEF-AutomatizationProject\\Reports\\20231123_224010\\TS_TNR_R.TSPT_Suppo90\\20231123_224010\\1700775714283.png]]

2023-11-23 22:41:54 - [TEST_STEP][PASSED] - if (MsgAlertPresent): null

2023-11-23 22:41:54 - [TEST_STEP][PASSED] - else: Vos informations ne sont pas associées à un compte ==>> Création d'un nouveau Compte avec ces Informations.

2023-11-23 22:41:54 - [TEST_STEP][PASSED] - markPassed("Vos informations ne sont pas associées à un compte ==>> Création d'un nouveau Compte avec ces Informations."): Vos informations ne sont pas associées à un compte ==>> Création d'un nouveau Compte avec ces Informations.

2023-11-23 22:41:54 - [MESSAGE][PASSED] - Vos informations ne sont pas associées à un compte ==>> Création d'un nouveau Compte avec ces Informations.

2023-11-23 22:41:54 - [TEST_STEP][PASSED] - waitForPageLoad(2): Wait for page load successfully

2023-11-23 22:41:54 - [MESSAGE][INFO] - Checking timeout

2023-11-23 22:41:54 - [MESSAGE][PASSED] - Wait for page load successfully

2023-11-23 22:41:54 - [MESSAGE][PASSED] - Call Test Case 'Test Cases/Test Reutilisable/Main/VerificationSiCompteExisteDeja' successfully

2023-11-23 22:41:54 - [TEST_STEP][PASSED] - if (StopTestCase == true): null

2023-11-23 22:41:54 - [TEST_STEP][PASSED] - MonEmail = NumEtrangerVisa + "@yopmail.com": null

2023-11-23 22:41:54 - [TEST_STEP][PASSED] - delay(2): Delayed 2 second(s)

2023-11-23 22:41:54 - [MESSAGE][INFO] - Delaying browser in 2 second(s)

2023-11-23 22:41:56 - [MESSAGE][PASSED] - Delayed 2 second(s)

2023-11-23 22:41:56 - [TEST_STEP][PASSED] - setText(findTestObject("Object Repository/Connexion Usager/Input_Email"), MonEmail): Text '7703040876@yopmail.com' is set on object 'Object Repository/Connexion Usager/Input_Email'

2023-11-23 22:41:56 - [MESSAGE][INFO] - Finding Test Object 'Object Repository/Connexion Usager/Input_Email'

2023-11-23 22:41:56 - [MESSAGE][INFO] - Checking timeout

2023-11-23 22:41:56 - [MESSAGE][INFO] - Finding web element with id: 'Object Repository/Connexion Usager/Input_Email' located by 'By.xpath: //*/div/app-input[1]/div/div/input [@type = 'email']' in '20' second(s)

2023-11-23 22:41:56 - [MESSAGE][INFO] - Smart Wait Function is triggered

2023-11-23 22:41:56 - [MESSAGE][INFO] - Found 1 web elements with id: 'Object Repository/Connexion Usager/Input_Email' located by 'By.xpath: //*/div/app-input[1]/div/div/input [@type = 'email']' in '20' second(s)

2023-11-23 22:41:56 - [MESSAGE][INFO] - Checking object

2023-11-23 22:41:56 - [MESSAGE][INFO] - Checking text

2023-11-23 22:41:56 - [MESSAGE][INFO] - Finding web element from Test Object's properties

2023-11-23 22:41:56 - [MESSAGE][INFO] - Checking timeout

2023-11-23 22:41:56 - [MESSAGE][INFO] - Finding web element with id: 'Object Repository/Connexion Usager/Input_Email' located by 'By.xpath: //*/div/app-input[1]/div/div/input [@type = 'email']' in '5' second(s)

2023-11-23 22:41:56 - [MESSAGE][INFO] - Smart Wait Function is triggered

2023-11-23 22:41:56 - [MESSAGE][INFO] - Found 1 web elements with id: 'Object Repository/Connexion Usager/Input_Email' located by 'By.xpath: //*/div/app-input[1]/div/div/input [@type = 'email']' in '5' second(s)

2023-11-23 22:41:56 - [MESSAGE][INFO] - Clearing text of object 'Object Repository/Connexion Usager/Input_Email'

2023-11-23 22:41:58 - [MESSAGE][INFO] - Finding web element from Test Object's properties

2023-11-23 22:41:58 - [MESSAGE][INFO] - Checking timeout

2023-11-23 22:41:58 - [MESSAGE][INFO] - Finding web element with id: 'Object Repository/Connexion Usager/Input_Email' located by 'By.xpath: //*/div/app-input[1]/div/div/input [@type = 'email']' in '5' second(s)

2023-11-23 22:41:58 - [MESSAGE][INFO] - Smart Wait Function is triggered

2023-11-23 22:41:58 - [MESSAGE][INFO] - Found 1 web elements with id: 'Object Repository/Connexion Usager/Input_Email' located by 'By.xpath: //*/div/app-input[1]/div/div/input [@type = 'email']' in '5' second(s)

2023-11-23 22:41:58 - [MESSAGE][INFO] - Setting text of object 'Object Repository/Connexion Usager/Input_Email' to value '7703040876@yopmail.com'

2023-11-23 22:42:01 - [MESSAGE][PASSED] - Text '7703040876@yopmail.com' is set on object 'Object Repository/Connexion Usager/Input_Email'

2023-11-23 22:42:01 - [TEST_STEP][PASSED] - setText(findTestObject("Object Repository/Connexion Usager/Input_ConfirmeEmail"), MonEmail): Text '7703040876@yopmail.com' is set on object 'Object Repository/Connexion Usager/Input_ConfirmeEmail'

2023-11-23 22:42:01 - [MESSAGE][INFO] - Finding Test Object 'Object Repository/Connexion Usager/Input_ConfirmeEmail'

2023-11-23 22:42:01 - [MESSAGE][INFO] - Checking timeout

2023-11-23 22:42:01 - [MESSAGE][INFO] - Finding web element with id: 'Object Repository/Connexion Usager/Input_ConfirmeEmail' located by 'By.xpath: //*/div/app-input[2]/div/div/input [@type = 'email']' in '20' second(s)

2023-11-23 22:42:01 - [MESSAGE][INFO] - Smart Wait Function is triggered

2023-11-23 22:42:01 - [MESSAGE][INFO] - Found 1 web elements with id: 'Object Repository/Connexion Usager/Input_ConfirmeEmail' located by 'By.xpath: //*/div/app-input[2]/div/div/input [@type = 'email']' in '20' second(s)

2023-11-23 22:42:01 - [MESSAGE][INFO] - Checking object

2023-11-23 22:42:01 - [MESSAGE][INFO] - Checking text

2023-11-23 22:42:01 - [MESSAGE][INFO] - Finding web element from Test Object's properties

2023-11-23 22:42:01 - [MESSAGE][INFO] - Checking timeout

2023-11-23 22:42:01 - [MESSAGE][INFO] - Finding web element with id: 'Object Repository/Connexion Usager/Input_ConfirmeEmail' located by 'By.xpath: //*/div/app-input[2]/div/div/input [@type = 'email']' in '5' second(s)

2023-11-23 22:42:01 - [MESSAGE][INFO] - Smart Wait Function is triggered

2023-11-23 22:42:01 - [MESSAGE][INFO] - Found 1 web elements with id: 'Object Repository/Connexion Usager/Input_ConfirmeEmail' located by 'By.xpath: //*/div/app-input[2]/div/div/input [@type = 'email']' in '5' second(s)

2023-11-23 22:42:01 - [MESSAGE][INFO] - Clearing text of object 'Object Repository/Connexion Usager/Input_ConfirmeEmail'

2023-11-23 22:42:03 - [MESSAGE][INFO] - Finding web element from Test Object's properties

2023-11-23 22:42:03 - [MESSAGE][INFO] - Checking timeout

2023-11-23 22:42:03 - [MESSAGE][INFO] - Finding web element with id: 'Object Repository/Connexion Usager/Input_ConfirmeEmail' located by 'By.xpath: //*/div/app-input[2]/div/div/input [@type = 'email']' in '5' second(s)

2023-11-23 22:42:03 - [MESSAGE][INFO] - Smart Wait Function is triggered

2023-11-23 22:42:03 - [MESSAGE][INFO] - Found 1 web elements with id: 'Object Repository/Connexion Usager/Input_ConfirmeEmail' located by 'By.xpath: //*/div/app-input[2]/div/div/input [@type = 'email']' in '5' second(s)

2023-11-23 22:42:03 - [MESSAGE][INFO] - Setting text of object 'Object Repository/Connexion Usager/Input_ConfirmeEmail' to value '7703040876@yopmail.com'

2023-11-23 22:42:05 - [MESSAGE][PASSED] - Text '7703040876@yopmail.com' is set on object 'Object Repository/Connexion Usager/Input_ConfirmeEmail'

2023-11-23 22:42:05 - [TEST_STEP][PASSED] - click(findTestObject("Object Repository/Connexion Usager/span_btn_ValiderEmail")): Object: 'Object Repository/Connexion Usager/span_btn_ValiderEmail' is clicked on

2023-11-23 22:42:05 - [MESSAGE][INFO] - Finding Test Object 'Object Repository/Connexion Usager/span_btn_ValiderEmail'

2023-11-23 22:42:05 - [MESSAGE][INFO] - Checking timeout

2023-11-23 22:42:05 - [MESSAGE][INFO] - Finding web element with id: 'Object Repository/Connexion Usager/span_btn_ValiderEmail' located by 'By.xpath: //span[(text() = 'Valider' or . = 'Valider')]' in '20' second(s)

2023-11-23 22:42:05 - [MESSAGE][INFO] - Smart Wait Function is triggered

2023-11-23 22:42:05 - [MESSAGE][INFO] - Found 1 web elements with id: 'Object Repository/Connexion Usager/span_btn_ValiderEmail' located by 'By.xpath: //span[(text() = 'Valider' or . = 'Valider')]' in '20' second(s)

2023-11-23 22:42:05 - [MESSAGE][INFO] - Checking object

2023-11-23 22:42:05 - [MESSAGE][INFO] - Checking timeout

2023-11-23 22:42:05 - [MESSAGE][INFO] - Finding web element from Test Object's properties

2023-11-23 22:42:05 - [MESSAGE][INFO] - Checking timeout

2023-11-23 22:42:05 - [MESSAGE][INFO] - Finding web element with id: 'Object Repository/Connexion Usager/span_btn_ValiderEmail' located by 'By.xpath: //span[(text() = 'Valider' or . = 'Valider')]' in '5' second(s)

2023-11-23 22:42:05 - [MESSAGE][INFO] - Smart Wait Function is triggered

2023-11-23 22:42:05 - [MESSAGE][INFO] - Found 1 web elements with id: 'Object Repository/Connexion Usager/span_btn_ValiderEmail' located by 'By.xpath: //span[(text() = 'Valider' or . = 'Valider')]' in '5' second(s)

2023-11-23 22:42:05 - [MESSAGE][INFO] - Clicking on object: 'Object Repository/Connexion Usager/span_btn_ValiderEmail'

2023-11-23 22:42:07 - [MESSAGE][PASSED] - Object: 'Object Repository/Connexion Usager/span_btn_ValiderEmail' is clicked on

2023-11-23 22:42:07 - [TEST_STEP][PASSED] - delay(2): Delayed 2 second(s)

2023-11-23 22:42:07 - [MESSAGE][INFO] - Delaying browser in 2 second(s)

2023-11-23 22:42:09 - [MESSAGE][PASSED] - Delayed 2 second(s)

2023-11-23 22:42:09 - [TEST_STEP][PASSED] - click(findTestObject("Object Repository/Connexion Usager/btn_span_RetourAccueil")): Object: 'Object Repository/Connexion Usager/btn_span_RetourAccueil' is clicked on

2023-11-23 22:42:09 - [MESSAGE][INFO] - Finding Test Object 'Object Repository/Connexion Usager/btn_span_RetourAccueil'

2023-11-23 22:42:09 - [MESSAGE][INFO] - Checking timeout

2023-11-23 22:42:09 - [MESSAGE][INFO] - Finding web element with id: 'Object Repository/Connexion Usager/btn_span_RetourAccueil' located by 'By.xpath: (.//*[normalize-space(text()) and normalize-space(.)='CRÉATION DE COMPTE'])[1]/following::span[2]' in '20' second(s)

2023-11-23 22:42:09 - [MESSAGE][INFO] - Smart Wait Function is triggered

2023-11-23 22:42:09 - [MESSAGE][INFO] - Found 1 web elements with id: 'Object Repository/Connexion Usager/btn_span_RetourAccueil' located by 'By.xpath: (.//*[normalize-space(text()) and normalize-space(.)='CRÉATION DE COMPTE'])[1]/following::span[2]' in '20' second(s)

2023-11-23 22:42:09 - [MESSAGE][INFO] - Checking object

2023-11-23 22:42:09 - [MESSAGE][INFO] - Checking timeout

2023-11-23 22:42:09 - [MESSAGE][INFO] - Finding web element from Test Object's properties

2023-11-23 22:42:09 - [MESSAGE][INFO] - Checking timeout

2023-11-23 22:42:09 - [MESSAGE][INFO] - Finding web element with id: 'Object Repository/Connexion Usager/btn_span_RetourAccueil' located by 'By.xpath: (.//*[normalize-space(text()) and normalize-space(.)='CRÉATION DE COMPTE'])[1]/following::span[2]' in '5' second(s)

2023-11-23 22:42:09 - [MESSAGE][INFO] - Smart Wait Function is triggered

2023-11-23 22:42:09 - [MESSAGE][INFO] - Found 1 web elements with id: 'Object Repository/Connexion Usager/btn_span_RetourAccueil' located by 'By.xpath: (.//*[normalize-space(text()) and normalize-space(.)='CRÉATION DE COMPTE'])[1]/following::span[2]' in '5' second(s)

2023-11-23 22:42:09 - [MESSAGE][INFO] - Clicking on object: 'Object Repository/Connexion Usager/btn_span_RetourAccueil'

2023-11-23 22:42:11 - [MESSAGE][PASSED] - Object: 'Object Repository/Connexion Usager/btn_span_RetourAccueil' is clicked on

2023-11-23 22:42:11 - [TEST_STEP][PASSED] - delay(2): Delayed 2 second(s)

2023-11-23 22:42:11 - [MESSAGE][INFO] - Delaying browser in 2 second(s)

2023-11-23 22:42:13 - [MESSAGE][PASSED] - Delayed 2 second(s)

2023-11-23 22:42:13 - [TEST_STEP][PASSED] - tools.GetWebCookieByNamedCollected.GetWebCookie(): tools.GetWebCookieByNamedCollected.GetWebCookie is PASSED

2023-11-23 22:42:14 - [MESSAGE][PASSED] - tools.GetWebCookieByNamedCollected.GetWebCookie is PASSED

2023-11-23 22:42:14 - [TEST_STEP][PASSED] - if (EnvExec == "URL_ANEFQualif"): null

2023-11-23 22:42:14 - [TEST_STEP][PASSED] - if (EnvExec == "URL_ANEFPreProd"): Navigate to 'https://preprod.administration-etrangers-en-france.interieur.gouv.fr/particuliers/#/espace-personnel/inscription/mot-de-passe?token=eyJ0eXAiOiJKV1QiLCJhbGciOiJIUzI1NiJ9.eyJpYXQiOjE3MDA3NzU2OTIuMzY4NjEsImV4cCI6MTcwMDg2MjA5Mi4zNjg2MSwibG9naW4iOjQwMDI1MDczLCJzdWIiOiJyZWdpc3RlciIsInVybF9wcmVmaXgiOiIvdXNhZ2VyIn0.dt6EhIwiagHJIh6JgkEf8mtTPYB7_FTIDcXAx-7yZ0w' successfully

2023-11-23 22:42:14 - [TEST_STEP][PASSED] - URL_CreationMDP = URLpwPreProd + Token: null

2023-11-23 22:42:14 - [TEST_STEP][PASSED] - navigateToUrl(URL_CreationMDP): Navigate to 'https://preprod.administration-etrangers-en-france.interieur.gouv.fr/particuliers/#/espace-personnel/inscription/mot-de-passe?token=eyJ0eXAiOiJKV1QiLCJhbGciOiJIUzI1NiJ9.eyJpYXQiOjE3MDA3NzU2OTIuMzY4NjEsImV4cCI6MTcwMDg2MjA5Mi4zNjg2MSwibG9naW4iOjQwMDI1MDczLCJzdWIiOiJyZWdpc3RlciIsInVybF9wcmVmaXgiOiIvdXNhZ2VyIn0.dt6EhIwiagHJIh6JgkEf8mtTPYB7_FTIDcXAx-7yZ0w' successfully

2023-11-23 22:42:14 - [MESSAGE][INFO] - Checking url

2023-11-23 22:42:14 - [MESSAGE][INFO] - Navigating to 'https://preprod.administration-etrangers-en-france.interieur.gouv.fr/particuliers/#/espace-personnel/inscription/mot-de-passe?token=eyJ0eXAiOiJKV1QiLCJhbGciOiJIUzI1NiJ9.eyJpYXQiOjE3MDA3NzU2OTIuMzY4NjEsImV4cCI6MTcwMDg2MjA5Mi4zNjg2MSwibG9naW4iOjQwMDI1MDczLCJzdWIiOiJyZWdpc3RlciIsInVybF9wcmVmaXgiOiIvdXNhZ2VyIn0.dt6EhIwiagHJIh6JgkEf8mtTPYB7_FTIDcXAx-7yZ0w'

2023-11-23 22:42:16 - [MESSAGE][PASSED] - Navigate to 'https://preprod.administration-etrangers-en-france.interieur.gouv.fr/particuliers/#/espace-personnel/inscription/mot-de-passe?token=eyJ0eXAiOiJKV1QiLCJhbGciOiJIUzI1NiJ9.eyJpYXQiOjE3MDA3NzU2OTIuMzY4NjEsImV4cCI6MTcwMDg2MjA5Mi4zNjg2MSwibG9naW4iOjQwMDI1MDczLCJzdWIiOiJyZWdpc3RlciIsInVybF9wcmVmaXgiOiIvdXNhZ2VyIn0.dt6EhIwiagHJIh6JgkEf8mtTPYB7_FTIDcXAx-7yZ0w' successfully

2023-11-23 22:42:16 - [TEST_STEP][PASSED] - callTestCase(findTestCase("Test Reutilisable/Main/Verif_FormatNewPW"), [:], STOP_ON_FAILURE): Call Test Case 'Test Cases/Test Reutilisable/Main/Verif_FormatNewPW' successfully

2023-11-23 22:42:16 - [MESSAGE][INFO] - Checking called Test Case

2023-11-23 22:42:16 - [MESSAGE][INFO] - Starting to call Test Case 'Test Cases/Test Reutilisable/Main/Verif_FormatNewPW'

2023-11-23 22:42:16 - [TEST_CASE][PASSED] - Test Cases/Test Reutilisable/Main/Verif_FormatNewPW: Test Cases/Test Reutilisable/Main/Verif_FormatNewPW

2023-11-23 22:42:16 - [TEST_STEP][PASSED] - com.kazurayam.ksbackyard.HighlightElement.pandemic(): com.kazurayam.ksbackyard.HighlightElement.pandemic is PASSED

2023-11-23 22:42:16 - [MESSAGE][PASSED] - com.kazurayam.ksbackyard.HighlightElement.pandemic is PASSED

2023-11-23 22:42:16 - [TEST_STEP][PASSED] - println("Créer un mot de passe sans majuscule"): null

2023-11-23 22:42:16 - [TEST_STEP][PASSED] - setText(findTestObject("Object Repository/Connexion Usager/Input_Password"), "hhizaoui001!"): Text 'hhizaoui001!' is set on object 'Object Repository/Connexion Usager/Input_Password'

2023-11-23 22:42:16 - [MESSAGE][INFO] - Finding Test Object 'Object Repository/Connexion Usager/Input_Password'

2023-11-23 22:42:17 - [MESSAGE][INFO] - Checking timeout

2023-11-23 22:42:17 - [MESSAGE][INFO] - Finding web element with id: 'Object Repository/Connexion Usager/Input_Password' located by 'By.xpath: //*/app-input[1]/div/div/input [@type = 'password']' in '20' second(s)

2023-11-23 22:42:17 - [MESSAGE][INFO] - Smart Wait Function is triggered

2023-11-23 22:42:17 - [MESSAGE][INFO] - Found 1 web elements with id: 'Object Repository/Connexion Usager/Input_Password' located by 'By.xpath: //*/app-input[1]/div/div/input [@type = 'password']' in '20' second(s)

2023-11-23 22:42:17 - [MESSAGE][INFO] - Checking object

2023-11-23 22:42:17 - [MESSAGE][INFO] - Checking text

2023-11-23 22:42:17 - [MESSAGE][INFO] - Finding web element from Test Object's properties

2023-11-23 22:42:17 - [MESSAGE][INFO] - Checking timeout

2023-11-23 22:42:17 - [MESSAGE][INFO] - Finding web element with id: 'Object Repository/Connexion Usager/Input_Password' located by 'By.xpath: //*/app-input[1]/div/div/input [@type = 'password']' in '5' second(s)

2023-11-23 22:42:17 - [MESSAGE][INFO] - Smart Wait Function is triggered

2023-11-23 22:42:17 - [MESSAGE][INFO] - Found 1 web elements with id: 'Object Repository/Connexion Usager/Input_Password' located by 'By.xpath: //*/app-input[1]/div/div/input [@type = 'password']' in '5' second(s)

2023-11-23 22:42:17 - [MESSAGE][INFO] - Clearing text of object 'Object Repository/Connexion Usager/Input_Password'

2023-11-23 22:42:19 - [MESSAGE][INFO] - Finding web element from Test Object's properties

2023-11-23 22:42:19 - [MESSAGE][INFO] - Checking timeout

2023-11-23 22:42:19 - [MESSAGE][INFO] - Finding web element with id: 'Object Repository/Connexion Usager/Input_Password' located by 'By.xpath: //*/app-input[1]/div/div/input [@type = 'password']' in '5' second(s)

2023-11-23 22:42:19 - [MESSAGE][INFO] - Smart Wait Function is triggered

2023-11-23 22:42:19 - [MESSAGE][INFO] - Found 1 web elements with id: 'Object Repository/Connexion Usager/Input_Password' located by 'By.xpath: //*/app-input[1]/div/div/input [@type = 'password']' in '5' second(s)

2023-11-23 22:42:19 - [MESSAGE][INFO] - Setting text of object 'Object Repository/Connexion Usager/Input_Password' to value 'hhizaoui001!'

2023-11-23 22:42:21 - [MESSAGE][PASSED] - Text 'hhizaoui001!' is set on object 'Object Repository/Connexion Usager/Input_Password'

2023-11-23 22:42:21 - [TEST_STEP][PASSED] - setText(findTestObject("Object Repository/Connexion Usager/Input_ConfirmePassword"), "hhizaoui001!"): Text 'hhizaoui001!' is set on object 'Object Repository/Connexion Usager/Input_ConfirmePassword'

2023-11-23 22:42:21 - [MESSAGE][INFO] - Finding Test Object 'Object Repository/Connexion Usager/Input_ConfirmePassword'

2023-11-23 22:42:21 - [MESSAGE][INFO] - Checking timeout

2023-11-23 22:42:21 - [MESSAGE][INFO] - Finding web element with id: 'Object Repository/Connexion Usager/Input_ConfirmePassword' located by 'By.xpath: //*/app-input[2]/div/div/input [@type = 'password']' in '20' second(s)

2023-11-23 22:42:21 - [MESSAGE][INFO] - Smart Wait Function is triggered

2023-11-23 22:42:21 - [MESSAGE][INFO] - Found 1 web elements with id: 'Object Repository/Connexion Usager/Input_ConfirmePassword' located by 'By.xpath: //*/app-input[2]/div/div/input [@type = 'password']' in '20' second(s)

2023-11-23 22:42:21 - [MESSAGE][INFO] - Checking object

2023-11-23 22:42:21 - [MESSAGE][INFO] - Checking text

2023-11-23 22:42:21 - [MESSAGE][INFO] - Finding web element from Test Object's properties

2023-11-23 22:42:21 - [MESSAGE][INFO] - Checking timeout

2023-11-23 22:42:21 - [MESSAGE][INFO] - Finding web element with id: 'Object Repository/Connexion Usager/Input_ConfirmePassword' located by 'By.xpath: //*/app-input[2]/div/div/input [@type = 'password']' in '5' second(s)

2023-11-23 22:42:21 - [MESSAGE][INFO] - Smart Wait Function is triggered

2023-11-23 22:42:21 - [MESSAGE][INFO] - Found 1 web elements with id: 'Object Repository/Connexion Usager/Input_ConfirmePassword' located by 'By.xpath: //*/app-input[2]/div/div/input [@type = 'password']' in '5' second(s)

2023-11-23 22:42:21 - [MESSAGE][INFO] - Clearing text of object 'Object Repository/Connexion Usager/Input_ConfirmePassword'

2023-11-23 22:42:23 - [MESSAGE][INFO] - Finding web element from Test Object's properties

2023-11-23 22:42:23 - [MESSAGE][INFO] - Checking timeout

2023-11-23 22:42:23 - [MESSAGE][INFO] - Finding web element with id: 'Object Repository/Connexion Usager/Input_ConfirmePassword' located by 'By.xpath: //*/app-input[2]/div/div/input [@type = 'password']' in '5' second(s)

2023-11-23 22:42:23 - [MESSAGE][INFO] - Smart Wait Function is triggered

2023-11-23 22:42:23 - [MESSAGE][INFO] - Found 1 web elements with id: 'Object Repository/Connexion Usager/Input_ConfirmePassword' located by 'By.xpath: //*/app-input[2]/div/div/input [@type = 'password']' in '5' second(s)

2023-11-23 22:42:23 - [MESSAGE][INFO] - Setting text of object 'Object Repository/Connexion Usager/Input_ConfirmePassword' to value 'hhizaoui001!'

2023-11-23 22:42:25 - [MESSAGE][PASSED] - Text 'hhizaoui001!' is set on object 'Object Repository/Connexion Usager/Input_ConfirmePassword'

2023-11-23 22:42:25 - [TEST_STEP][PASSED] - click(findTestObject("Object Repository/Connexion Usager/btn_CreerMDP")): Object: 'Object Repository/Connexion Usager/btn_CreerMDP' is clicked on

2023-11-23 22:42:25 - [MESSAGE][INFO] - Finding Test Object 'Object Repository/Connexion Usager/btn_CreerMDP'

2023-11-23 22:42:25 - [MESSAGE][INFO] - Checking timeout

2023-11-23 22:42:25 - [MESSAGE][INFO] - Finding web element with id: 'Object Repository/Connexion Usager/btn_CreerMDP' located by 'By.xpath: //*/div/p-button/button [@type= 'button']' in '20' second(s)

2023-11-23 22:42:25 - [MESSAGE][INFO] - Smart Wait Function is triggered

2023-11-23 22:42:25 - [MESSAGE][INFO] - Found 1 web elements with id: 'Object Repository/Connexion Usager/btn_CreerMDP' located by 'By.xpath: //*/div/p-button/button [@type= 'button']' in '20' second(s)

2023-11-23 22:42:25 - [MESSAGE][INFO] - Checking object

2023-11-23 22:42:25 - [MESSAGE][INFO] - Checking timeout

2023-11-23 22:42:25 - [MESSAGE][INFO] - Finding web element from Test Object's properties

2023-11-23 22:42:25 - [MESSAGE][INFO] - Checking timeout

2023-11-23 22:42:25 - [MESSAGE][INFO] - Finding web element with id: 'Object Repository/Connexion Usager/btn_CreerMDP' located by 'By.xpath: //*/div/p-button/button [@type= 'button']' in '5' second(s)

2023-11-23 22:42:25 - [MESSAGE][INFO] - Smart Wait Function is triggered

2023-11-23 22:42:25 - [MESSAGE][INFO] - Found 1 web elements with id: 'Object Repository/Connexion Usager/btn_CreerMDP' located by 'By.xpath: //*/div/p-button/button [@type= 'button']' in '5' second(s)

2023-11-23 22:42:25 - [MESSAGE][INFO] - Clicking on object: 'Object Repository/Connexion Usager/btn_CreerMDP'

2023-11-23 22:42:28 - [MESSAGE][PASSED] - Object: 'Object Repository/Connexion Usager/btn_CreerMDP' is clicked on

2023-11-23 22:42:28 - [TEST_STEP][PASSED] - verifyElementPresent(findTestObject("Object Repository/Connexion Usager/div_MSG_FormatNonRespecte"), 1): Object 'Object Repository/Connexion Usager/div_MSG_FormatNonRespecte' is present

2023-11-23 22:42:28 - [MESSAGE][INFO] - Finding Test Object 'Object Repository/Connexion Usager/div_MSG_FormatNonRespecte'

2023-11-23 22:42:28 - [MESSAGE][INFO] - Checking object

2023-11-23 22:42:28 - [MESSAGE][INFO] - Finding web element from Test Object's properties

2023-11-23 22:42:28 - [MESSAGE][INFO] - Checking timeout

2023-11-23 22:42:28 - [MESSAGE][INFO] - Finding web element with id: 'Object Repository/Connexion Usager/div_MSG_FormatNonRespecte' located by 'By.xpath: //*/app-input[1]/div/div/div[1]/div[2]/div/span[2]' in '1' second(s)

2023-11-23 22:42:28 - [MESSAGE][INFO] - Smart Wait Function is triggered

2023-11-23 22:42:28 - [MESSAGE][INFO] - Found 1 web elements with id: 'Object Repository/Connexion Usager/div_MSG_FormatNonRespecte' located by 'By.xpath: //*/app-input[1]/div/div/div[1]/div[2]/div/span[2]' in '1' second(s)

2023-11-23 22:42:28 - [MESSAGE][PASSED] - Object 'Object Repository/Connexion Usager/div_MSG_FormatNonRespecte' is present

2023-11-23 22:42:28 - [TEST_STEP][PASSED] - println("Créer un mot de passe sans minuscule"): null

2023-11-23 22:42:28 - [TEST_STEP][PASSED] - setText(findTestObject("Object Repository/Connexion Usager/Input_Password"), "HHIZAOUI001!"): Text 'HHIZAOUI001!' is set on object 'Object Repository/Connexion Usager/Input_Password'

2023-11-23 22:42:28 - [MESSAGE][INFO] - Finding Test Object 'Object Repository/Connexion Usager/Input_Password'

2023-11-23 22:42:28 - [MESSAGE][INFO] - Checking timeout

2023-11-23 22:42:28 - [MESSAGE][INFO] - Finding web element with id: 'Object Repository/Connexion Usager/Input_Password' located by 'By.xpath: //*/app-input[1]/div/div/input [@type = 'password']' in '20' second(s)

2023-11-23 22:42:28 - [MESSAGE][INFO] - Smart Wait Function is triggered

2023-11-23 22:42:28 - [MESSAGE][INFO] - Found 1 web elements with id: 'Object Repository/Connexion Usager/Input_Password' located by 'By.xpath: //*/app-input[1]/div/div/input [@type = 'password']' in '20' second(s)

2023-11-23 22:42:28 - [MESSAGE][INFO] - Checking object

2023-11-23 22:42:28 - [MESSAGE][INFO] - Checking text

2023-11-23 22:42:28 - [MESSAGE][INFO] - Finding web element from Test Object's properties

2023-11-23 22:42:28 - [MESSAGE][INFO] - Checking timeout

2023-11-23 22:42:28 - [MESSAGE][INFO] - Finding web element with id: 'Object Repository/Connexion Usager/Input_Password' located by 'By.xpath: //*/app-input[1]/div/div/input [@type = 'password']' in '5' second(s)

2023-11-23 22:42:28 - [MESSAGE][INFO] - Smart Wait Function is triggered

2023-11-23 22:42:28 - [MESSAGE][INFO] - Found 1 web elements with id: 'Object Repository/Connexion Usager/Input_Password' located by 'By.xpath: //*/app-input[1]/div/div/input [@type = 'password']' in '5' second(s)

2023-11-23 22:42:28 - [MESSAGE][INFO] - Clearing text of object 'Object Repository/Connexion Usager/Input_Password'

2023-11-23 22:42:30 - [MESSAGE][INFO] - Finding web element from Test Object's properties

2023-11-23 22:42:30 - [MESSAGE][INFO] - Checking timeout

2023-11-23 22:42:30 - [MESSAGE][INFO] - Finding web element with id: 'Object Repository/Connexion Usager/Input_Password' located by 'By.xpath: //*/app-input[1]/div/div/input [@type = 'password']' in '5' second(s)

2023-11-23 22:42:30 - [MESSAGE][INFO] - Smart Wait Function is triggered

2023-11-23 22:42:30 - [MESSAGE][INFO] - Found 1 web elements with id: 'Object Repository/Connexion Usager/Input_Password' located by 'By.xpath: //*/app-input[1]/div/div/input [@type = 'password']' in '5' second(s)

2023-11-23 22:42:30 - [MESSAGE][INFO] - Setting text of object 'Object Repository/Connexion Usager/Input_Password' to value 'HHIZAOUI001!'

2023-11-23 22:42:32 - [MESSAGE][PASSED] - Text 'HHIZAOUI001!' is set on object 'Object Repository/Connexion Usager/Input_Password'

2023-11-23 22:42:32 - [TEST_STEP][PASSED] - setText(findTestObject("Object Repository/Connexion Usager/Input_ConfirmePassword"), "HHIZAOUI001!"): Text 'HHIZAOUI001!' is set on object 'Object Repository/Connexion Usager/Input_ConfirmePassword'

2023-11-23 22:42:32 - [MESSAGE][INFO] - Finding Test Object 'Object Repository/Connexion Usager/Input_ConfirmePassword'

2023-11-23 22:42:32 - [MESSAGE][INFO] - Checking timeout

2023-11-23 22:42:32 - [MESSAGE][INFO] - Finding web element with id: 'Object Repository/Connexion Usager/Input_ConfirmePassword' located by 'By.xpath: //*/app-input[2]/div/div/input [@type = 'password']' in '20' second(s)

2023-11-23 22:42:32 - [MESSAGE][INFO] - Smart Wait Function is triggered

2023-11-23 22:42:32 - [MESSAGE][INFO] - Found 1 web elements with id: 'Object Repository/Connexion Usager/Input_ConfirmePassword' located by 'By.xpath: //*/app-input[2]/div/div/input [@type = 'password']' in '20' second(s)

2023-11-23 22:42:32 - [MESSAGE][INFO] - Checking object

2023-11-23 22:42:32 - [MESSAGE][INFO] - Checking text

2023-11-23 22:42:32 - [MESSAGE][INFO] - Finding web element from Test Object's properties

2023-11-23 22:42:32 - [MESSAGE][INFO] - Checking timeout

2023-11-23 22:42:32 - [MESSAGE][INFO] - Finding web element with id: 'Object Repository/Connexion Usager/Input_ConfirmePassword' located by 'By.xpath: //*/app-input[2]/div/div/input [@type = 'password']' in '5' second(s)

2023-11-23 22:42:32 - [MESSAGE][INFO] - Smart Wait Function is triggered

2023-11-23 22:42:32 - [MESSAGE][INFO] - Found 1 web elements with id: 'Object Repository/Connexion Usager/Input_ConfirmePassword' located by 'By.xpath: //*/app-input[2]/div/div/input [@type = 'password']' in '5' second(s)

2023-11-23 22:42:32 - [MESSAGE][INFO] - Clearing text of object 'Object Repository/Connexion Usager/Input_ConfirmePassword'

2023-11-23 22:42:35 - [MESSAGE][INFO] - Finding web element from Test Object's properties

2023-11-23 22:42:35 - [MESSAGE][INFO] - Checking timeout

2023-11-23 22:42:35 - [MESSAGE][INFO] - Finding web element with id: 'Object Repository/Connexion Usager/Input_ConfirmePassword' located by 'By.xpath: //*/app-input[2]/div/div/input [@type = 'password']' in '5' second(s)

2023-11-23 22:42:35 - [MESSAGE][INFO] - Smart Wait Function is triggered

2023-11-23 22:42:35 - [MESSAGE][INFO] - Found 1 web elements with id: 'Object Repository/Connexion Usager/Input_ConfirmePassword' located by 'By.xpath: //*/app-input[2]/div/div/input [@type = 'password']' in '5' second(s)

2023-11-23 22:42:35 - [MESSAGE][INFO] - Setting text of object 'Object Repository/Connexion Usager/Input_ConfirmePassword' to value 'HHIZAOUI001!'

2023-11-23 22:42:37 - [MESSAGE][PASSED] - Text 'HHIZAOUI001!' is set on object 'Object Repository/Connexion Usager/Input_ConfirmePassword'

2023-11-23 22:42:37 - [TEST_STEP][PASSED] - click(findTestObject("Object Repository/Connexion Usager/btn_CreerMDP")): Object: 'Object Repository/Connexion Usager/btn_CreerMDP' is clicked on

2023-11-23 22:42:37 - [MESSAGE][INFO] - Finding Test Object 'Object Repository/Connexion Usager/btn_CreerMDP'

2023-11-23 22:42:37 - [MESSAGE][INFO] - Checking timeout

2023-11-23 22:42:37 - [MESSAGE][INFO] - Finding web element with id: 'Object Repository/Connexion Usager/btn_CreerMDP' located by 'By.xpath: //*/div/p-button/button [@type= 'button']' in '20' second(s)

2023-11-23 22:42:37 - [MESSAGE][INFO] - Smart Wait Function is triggered

2023-11-23 22:42:37 - [MESSAGE][INFO] - Found 1 web elements with id: 'Object Repository/Connexion Usager/btn_CreerMDP' located by 'By.xpath: //*/div/p-button/button [@type= 'button']' in '20' second(s)

2023-11-23 22:42:37 - [MESSAGE][INFO] - Checking object

2023-11-23 22:42:37 - [MESSAGE][INFO] - Checking timeout

2023-11-23 22:42:37 - [MESSAGE][INFO] - Finding web element from Test Object's properties

2023-11-23 22:42:37 - [MESSAGE][INFO] - Checking timeout

2023-11-23 22:42:37 - [MESSAGE][INFO] - Finding web element with id: 'Object Repository/Connexion Usager/btn_CreerMDP' located by 'By.xpath: //*/div/p-button/button [@type= 'button']' in '5' second(s)

2023-11-23 22:42:37 - [MESSAGE][INFO] - Smart Wait Function is triggered

2023-11-23 22:42:37 - [MESSAGE][INFO] - Found 1 web elements with id: 'Object Repository/Connexion Usager/btn_CreerMDP' located by 'By.xpath: //*/div/p-button/button [@type= 'button']' in '5' second(s)

2023-11-23 22:42:37 - [MESSAGE][INFO] - Clicking on object: 'Object Repository/Connexion Usager/btn_CreerMDP'

2023-11-23 22:42:39 - [MESSAGE][PASSED] - Object: 'Object Repository/Connexion Usager/btn_CreerMDP' is clicked on

2023-11-23 22:42:39 - [TEST_STEP][PASSED] - verifyElementPresent(findTestObject("Object Repository/Connexion Usager/div_MSG_FormatNonRespecte"), 1): Object 'Object Repository/Connexion Usager/div_MSG_FormatNonRespecte' is present

2023-11-23 22:42:39 - [MESSAGE][INFO] - Finding Test Object 'Object Repository/Connexion Usager/div_MSG_FormatNonRespecte'

2023-11-23 22:42:39 - [MESSAGE][INFO] - Checking object

2023-11-23 22:42:39 - [MESSAGE][INFO] - Finding web element from Test Object's properties

2023-11-23 22:42:39 - [MESSAGE][INFO] - Checking timeout

2023-11-23 22:42:39 - [MESSAGE][INFO] - Finding web element with id: 'Object Repository/Connexion Usager/div_MSG_FormatNonRespecte' located by 'By.xpath: //*/app-input[1]/div/div/div[1]/div[2]/div/span[2]' in '1' second(s)

2023-11-23 22:42:39 - [MESSAGE][INFO] - Smart Wait Function is triggered

2023-11-23 22:42:39 - [MESSAGE][INFO] - Found 1 web elements with id: 'Object Repository/Connexion Usager/div_MSG_FormatNonRespecte' located by 'By.xpath: //*/app-input[1]/div/div/div[1]/div[2]/div/span[2]' in '1' second(s)

2023-11-23 22:42:39 - [MESSAGE][PASSED] - Object 'Object Repository/Connexion Usager/div_MSG_FormatNonRespecte' is present

2023-11-23 22:42:39 - [TEST_STEP][PASSED] - println("Créer un mot de passe sans caractère spécial"): null

2023-11-23 22:42:39 - [TEST_STEP][PASSED] - setText(findTestObject("Object Repository/Connexion Usager/Input_Password"), "HHizaoui0010"): Text 'HHizaoui0010' is set on object 'Object Repository/Connexion Usager/Input_Password'

2023-11-23 22:42:39 - [MESSAGE][INFO] - Finding Test Object 'Object Repository/Connexion Usager/Input_Password'

2023-11-23 22:42:39 - [MESSAGE][INFO] - Checking timeout

2023-11-23 22:42:39 - [MESSAGE][INFO] - Finding web element with id: 'Object Repository/Connexion Usager/Input_Password' located by 'By.xpath: //*/app-input[1]/div/div/input [@type = 'password']' in '20' second(s)

2023-11-23 22:42:39 - [MESSAGE][INFO] - Smart Wait Function is triggered

2023-11-23 22:42:39 - [MESSAGE][INFO] - Found 1 web elements with id: 'Object Repository/Connexion Usager/Input_Password' located by 'By.xpath: //*/app-input[1]/div/div/input [@type = 'password']' in '20' second(s)

2023-11-23 22:42:39 - [MESSAGE][INFO] - Checking object

2023-11-23 22:42:39 - [MESSAGE][INFO] - Checking text

2023-11-23 22:42:39 - [MESSAGE][INFO] - Finding web element from Test Object's properties

2023-11-23 22:42:39 - [MESSAGE][INFO] - Checking timeout

2023-11-23 22:42:39 - [MESSAGE][INFO] - Finding web element with id: 'Object Repository/Connexion Usager/Input_Password' located by 'By.xpath: //*/app-input[1]/div/div/input [@type = 'password']' in '5' second(s)

2023-11-23 22:42:39 - [MESSAGE][INFO] - Smart Wait Function is triggered

2023-11-23 22:42:39 - [MESSAGE][INFO] - Found 1 web elements with id: 'Object Repository/Connexion Usager/Input_Password' located by 'By.xpath: //*/app-input[1]/div/div/input [@type = 'password']' in '5' second(s)

2023-11-23 22:42:39 - [MESSAGE][INFO] - Clearing text of object 'Object Repository/Connexion Usager/Input_Password'

2023-11-23 22:42:41 - [MESSAGE][INFO] - Finding web element from Test Object's properties

2023-11-23 22:42:41 - [MESSAGE][INFO] - Checking timeout

2023-11-23 22:42:41 - [MESSAGE][INFO] - Finding web element with id: 'Object Repository/Connexion Usager/Input_Password' located by 'By.xpath: //*/app-input[1]/div/div/input [@type = 'password']' in '5' second(s)

2023-11-23 22:42:41 - [MESSAGE][INFO] - Smart Wait Function is triggered

2023-11-23 22:42:41 - [MESSAGE][INFO] - Found 1 web elements with id: 'Object Repository/Connexion Usager/Input_Password' located by 'By.xpath: //*/app-input[1]/div/div/input [@type = 'password']' in '5' second(s)

2023-11-23 22:42:41 - [MESSAGE][INFO] - Setting text of object 'Object Repository/Connexion Usager/Input_Password' to value 'HHizaoui0010'

2023-11-23 22:42:43 - [MESSAGE][PASSED] - Text 'HHizaoui0010' is set on object 'Object Repository/Connexion Usager/Input_Password'

2023-11-23 22:42:43 - [TEST_STEP][PASSED] - setText(findTestObject("Object Repository/Connexion Usager/Input_ConfirmePassword"), "HHizaoui0010"): Text 'HHizaoui0010' is set on object 'Object Repository/Connexion Usager/Input_ConfirmePassword'

2023-11-23 22:42:43 - [MESSAGE][INFO] - Finding Test Object 'Object Repository/Connexion Usager/Input_ConfirmePassword'

2023-11-23 22:42:44 - [MESSAGE][INFO] - Checking timeout

2023-11-23 22:42:44 - [MESSAGE][INFO] - Finding web element with id: 'Object Repository/Connexion Usager/Input_ConfirmePassword' located by 'By.xpath: //*/app-input[2]/div/div/input [@type = 'password']' in '20' second(s)

2023-11-23 22:42:44 - [MESSAGE][INFO] - Smart Wait Function is triggered

2023-11-23 22:42:44 - [MESSAGE][INFO] - Found 1 web elements with id: 'Object Repository/Connexion Usager/Input_ConfirmePassword' located by 'By.xpath: //*/app-input[2]/div/div/input [@type = 'password']' in '20' second(s)

2023-11-23 22:42:44 - [MESSAGE][INFO] - Checking object

2023-11-23 22:42:44 - [MESSAGE][INFO] - Checking text

2023-11-23 22:42:44 - [MESSAGE][INFO] - Finding web element from Test Object's properties

2023-11-23 22:42:44 - [MESSAGE][INFO] - Checking timeout

2023-11-23 22:42:44 - [MESSAGE][INFO] - Finding web element with id: 'Object Repository/Connexion Usager/Input_ConfirmePassword' located by 'By.xpath: //*/app-input[2]/div/div/input [@type = 'password']' in '5' second(s)

2023-11-23 22:42:44 - [MESSAGE][INFO] - Smart Wait Function is triggered

2023-11-23 22:42:44 - [MESSAGE][INFO] - Found 1 web elements with id: 'Object Repository/Connexion Usager/Input_ConfirmePassword' located by 'By.xpath: //*/app-input[2]/div/div/input [@type = 'password']' in '5' second(s)

2023-11-23 22:42:44 - [MESSAGE][INFO] - Clearing text of object 'Object Repository/Connexion Usager/Input_ConfirmePassword'

2023-11-23 22:42:46 - [MESSAGE][INFO] - Finding web element from Test Object's properties

2023-11-23 22:42:46 - [MESSAGE][INFO] - Checking timeout

2023-11-23 22:42:46 - [MESSAGE][INFO] - Finding web element with id: 'Object Repository/Connexion Usager/Input_ConfirmePassword' located by 'By.xpath: //*/app-input[2]/div/div/input [@type = 'password']' in '5' second(s)

2023-11-23 22:42:46 - [MESSAGE][INFO] - Smart Wait Function is triggered

2023-11-23 22:42:46 - [MESSAGE][INFO] - Found 1 web elements with id: 'Object Repository/Connexion Usager/Input_ConfirmePassword' located by 'By.xpath: //*/app-input[2]/div/div/input [@type = 'password']' in '5' second(s)

2023-11-23 22:42:46 - [MESSAGE][INFO] - Setting text of object 'Object Repository/Connexion Usager/Input_ConfirmePassword' to value 'HHizaoui0010'

2023-11-23 22:42:48 - [MESSAGE][PASSED] - Text 'HHizaoui0010' is set on object 'Object Repository/Connexion Usager/Input_ConfirmePassword'

2023-11-23 22:42:48 - [TEST_STEP][PASSED] - click(findTestObject("Object Repository/Connexion Usager/btn_CreerMDP")): Object: 'Object Repository/Connexion Usager/btn_CreerMDP' is clicked on

2023-11-23 22:42:48 - [MESSAGE][INFO] - Finding Test Object 'Object Repository/Connexion Usager/btn_CreerMDP'

2023-11-23 22:42:48 - [MESSAGE][INFO] - Checking timeout

2023-11-23 22:42:48 - [MESSAGE][INFO] - Finding web element with id: 'Object Repository/Connexion Usager/btn_CreerMDP' located by 'By.xpath: //*/div/p-button/button [@type= 'button']' in '20' second(s)

2023-11-23 22:42:48 - [MESSAGE][INFO] - Smart Wait Function is triggered

2023-11-23 22:42:48 - [MESSAGE][INFO] - Found 1 web elements with id: 'Object Repository/Connexion Usager/btn_CreerMDP' located by 'By.xpath: //*/div/p-button/button [@type= 'button']' in '20' second(s)

2023-11-23 22:42:48 - [MESSAGE][INFO] - Checking object

2023-11-23 22:42:48 - [MESSAGE][INFO] - Checking timeout

2023-11-23 22:42:48 - [MESSAGE][INFO] - Finding web element from Test Object's properties

2023-11-23 22:42:48 - [MESSAGE][INFO] - Checking timeout

2023-11-23 22:42:48 - [MESSAGE][INFO] - Finding web element with id: 'Object Repository/Connexion Usager/btn_CreerMDP' located by 'By.xpath: //*/div/p-button/button [@type= 'button']' in '5' second(s)

2023-11-23 22:42:48 - [MESSAGE][INFO] - Smart Wait Function is triggered

2023-11-23 22:42:48 - [MESSAGE][INFO] - Found 1 web elements with id: 'Object Repository/Connexion Usager/btn_CreerMDP' located by 'By.xpath: //*/div/p-button/button [@type= 'button']' in '5' second(s)

2023-11-23 22:42:48 - [MESSAGE][INFO] - Clicking on object: 'Object Repository/Connexion Usager/btn_CreerMDP'

2023-11-23 22:42:50 - [MESSAGE][PASSED] - Object: 'Object Repository/Connexion Usager/btn_CreerMDP' is clicked on

2023-11-23 22:42:50 - [TEST_STEP][PASSED] - verifyElementPresent(findTestObject("Object Repository/Connexion Usager/div_MSG_FormatNonRespecte"), 1): Object 'Object Repository/Connexion Usager/div_MSG_FormatNonRespecte' is present

2023-11-23 22:42:50 - [MESSAGE][INFO] - Finding Test Object 'Object Repository/Connexion Usager/div_MSG_FormatNonRespecte'

2023-11-23 22:42:50 - [MESSAGE][INFO] - Checking object

2023-11-23 22:42:50 - [MESSAGE][INFO] - Finding web element from Test Object's properties

2023-11-23 22:42:50 - [MESSAGE][INFO] - Checking timeout

2023-11-23 22:42:50 - [MESSAGE][INFO] - Finding web element with id: 'Object Repository/Connexion Usager/div_MSG_FormatNonRespecte' located by 'By.xpath: //*/app-input[1]/div/div/div[1]/div[2]/div/span[2]' in '1' second(s)

2023-11-23 22:42:50 - [MESSAGE][INFO] - Smart Wait Function is triggered

2023-11-23 22:42:50 - [MESSAGE][INFO] - Found 1 web elements with id: 'Object Repository/Connexion Usager/div_MSG_FormatNonRespecte' located by 'By.xpath: //*/app-input[1]/div/div/div[1]/div[2]/div/span[2]' in '1' second(s)

2023-11-23 22:42:50 - [MESSAGE][PASSED] - Object 'Object Repository/Connexion Usager/div_MSG_FormatNonRespecte' is present

2023-11-23 22:42:50 - [TEST_STEP][PASSED] - println("Créer un mot de passe sans chiffre"): null

2023-11-23 22:42:50 - [TEST_STEP][PASSED] - setText(findTestObject("Object Repository/Connexion Usager/Input_Password"), "HHizaouihiza!"): Text 'HHizaouihiza!' is set on object 'Object Repository/Connexion Usager/Input_Password'

2023-11-23 22:42:50 - [MESSAGE][INFO] - Finding Test Object 'Object Repository/Connexion Usager/Input_Password'

2023-11-23 22:42:50 - [MESSAGE][INFO] - Checking timeout

2023-11-23 22:42:50 - [MESSAGE][INFO] - Finding web element with id: 'Object Repository/Connexion Usager/Input_Password' located by 'By.xpath: //*/app-input[1]/div/div/input [@type = 'password']' in '20' second(s)

2023-11-23 22:42:50 - [MESSAGE][INFO] - Smart Wait Function is triggered

2023-11-23 22:42:50 - [MESSAGE][INFO] - Found 1 web elements with id: 'Object Repository/Connexion Usager/Input_Password' located by 'By.xpath: //*/app-input[1]/div/div/input [@type = 'password']' in '20' second(s)

2023-11-23 22:42:50 - [MESSAGE][INFO] - Checking object

2023-11-23 22:42:50 - [MESSAGE][INFO] - Checking text

2023-11-23 22:42:50 - [MESSAGE][INFO] - Finding web element from Test Object's properties

2023-11-23 22:42:50 - [MESSAGE][INFO] - Checking timeout

2023-11-23 22:42:50 - [MESSAGE][INFO] - Finding web element with id: 'Object Repository/Connexion Usager/Input_Password' located by 'By.xpath: //*/app-input[1]/div/div/input [@type = 'password']' in '5' second(s)

2023-11-23 22:42:50 - [MESSAGE][INFO] - Smart Wait Function is triggered

2023-11-23 22:42:50 - [MESSAGE][INFO] - Found 1 web elements with id: 'Object Repository/Connexion Usager/Input_Password' located by 'By.xpath: //*/app-input[1]/div/div/input [@type = 'password']' in '5' second(s)

2023-11-23 22:42:50 - [MESSAGE][INFO] - Clearing text of object 'Object Repository/Connexion Usager/Input_Password'

2023-11-23 22:42:53 - [MESSAGE][INFO] - Finding web element from Test Object's properties

2023-11-23 22:42:53 - [MESSAGE][INFO] - Checking timeout

2023-11-23 22:42:53 - [MESSAGE][INFO] - Finding web element with id: 'Object Repository/Connexion Usager/Input_Password' located by 'By.xpath: //*/app-input[1]/div/div/input [@type = 'password']' in '5' second(s)

2023-11-23 22:42:53 - [MESSAGE][INFO] - Smart Wait Function is triggered

2023-11-23 22:42:53 - [MESSAGE][INFO] - Found 1 web elements with id: 'Object Repository/Connexion Usager/Input_Password' located by 'By.xpath: //*/app-input[1]/div/div/input [@type = 'password']' in '5' second(s)

2023-11-23 22:42:53 - [MESSAGE][INFO] - Setting text of object 'Object Repository/Connexion Usager/Input_Password' to value 'HHizaouihiza!'

2023-11-23 22:42:55 - [MESSAGE][PASSED] - Text 'HHizaouihiza!' is set on object 'Object Repository/Connexion Usager/Input_Password'

2023-11-23 22:42:55 - [TEST_STEP][PASSED] - setText(findTestObject("Object Repository/Connexion Usager/Input_ConfirmePassword"), "HHizaouihiza!"): Text 'HHizaouihiza!' is set on object 'Object Repository/Connexion Usager/Input_ConfirmePassword'

2023-11-23 22:42:55 - [MESSAGE][INFO] - Finding Test Object 'Object Repository/Connexion Usager/Input_ConfirmePassword'

2023-11-23 22:42:55 - [MESSAGE][INFO] - Checking timeout

2023-11-23 22:42:55 - [MESSAGE][INFO] - Finding web element with id: 'Object Repository/Connexion Usager/Input_ConfirmePassword' located by 'By.xpath: //*/app-input[2]/div/div/input [@type = 'password']' in '20' second(s)

2023-11-23 22:42:55 - [MESSAGE][INFO] - Smart Wait Function is triggered

2023-11-23 22:42:55 - [MESSAGE][INFO] - Found 1 web elements with id: 'Object Repository/Connexion Usager/Input_ConfirmePassword' located by 'By.xpath: //*/app-input[2]/div/div/input [@type = 'password']' in '20' second(s)

2023-11-23 22:42:55 - [MESSAGE][INFO] - Checking object

2023-11-23 22:42:55 - [MESSAGE][INFO] - Checking text

2023-11-23 22:42:55 - [MESSAGE][INFO] - Finding web element from Test Object's properties

2023-11-23 22:42:55 - [MESSAGE][INFO] - Checking timeout

2023-11-23 22:42:55 - [MESSAGE][INFO] - Finding web element with id: 'Object Repository/Connexion Usager/Input_ConfirmePassword' located by 'By.xpath: //*/app-input[2]/div/div/input [@type = 'password']' in '5' second(s)

2023-11-23 22:42:55 - [MESSAGE][INFO] - Smart Wait Function is triggered

2023-11-23 22:42:55 - [MESSAGE][INFO] - Found 1 web elements with id: 'Object Repository/Connexion Usager/Input_ConfirmePassword' located by 'By.xpath: //*/app-input[2]/div/div/input [@type = 'password']' in '5' second(s)

2023-11-23 22:42:55 - [MESSAGE][INFO] - Clearing text of object 'Object Repository/Connexion Usager/Input_ConfirmePassword'

2023-11-23 22:42:57 - [MESSAGE][INFO] - Finding web element from Test Object's properties

2023-11-23 22:42:57 - [MESSAGE][INFO] - Checking timeout

2023-11-23 22:42:57 - [MESSAGE][INFO] - Finding web element with id: 'Object Repository/Connexion Usager/Input_ConfirmePassword' located by 'By.xpath: //*/app-input[2]/div/div/input [@type = 'password']' in '5' second(s)

2023-11-23 22:42:57 - [MESSAGE][INFO] - Smart Wait Function is triggered

2023-11-23 22:42:57 - [MESSAGE][INFO] - Found 1 web elements with id: 'Object Repository/Connexion Usager/Input_ConfirmePassword' located by 'By.xpath: //*/app-input[2]/div/div/input [@type = 'password']' in '5' second(s)

2023-11-23 22:42:57 - [MESSAGE][INFO] - Setting text of object 'Object Repository/Connexion Usager/Input_ConfirmePassword' to value 'HHizaouihiza!'

2023-11-23 22:42:59 - [MESSAGE][PASSED] - Text 'HHizaouihiza!' is set on object 'Object Repository/Connexion Usager/Input_ConfirmePassword'

2023-11-23 22:42:59 - [TEST_STEP][PASSED] - click(findTestObject("Object Repository/Connexion Usager/btn_CreerMDP")): Object: 'Object Repository/Connexion Usager/btn_CreerMDP' is clicked on

2023-11-23 22:42:59 - [MESSAGE][INFO] - Finding Test Object 'Object Repository/Connexion Usager/btn_CreerMDP'

2023-11-23 22:42:59 - [MESSAGE][INFO] - Checking timeout

2023-11-23 22:42:59 - [MESSAGE][INFO] - Finding web element with id: 'Object Repository/Connexion Usager/btn_CreerMDP' located by 'By.xpath: //*/div/p-button/button [@type= 'button']' in '20' second(s)

2023-11-23 22:42:59 - [MESSAGE][INFO] - Smart Wait Function is triggered

2023-11-23 22:42:59 - [MESSAGE][INFO] - Found 1 web elements with id: 'Object Repository/Connexion Usager/btn_CreerMDP' located by 'By.xpath: //*/div/p-button/button [@type= 'button']' in '20' second(s)

2023-11-23 22:42:59 - [MESSAGE][INFO] - Checking object

2023-11-23 22:42:59 - [MESSAGE][INFO] - Checking timeout

2023-11-23 22:42:59 - [MESSAGE][INFO] - Finding web element from Test Object's properties

2023-11-23 22:42:59 - [MESSAGE][INFO] - Checking timeout

2023-11-23 22:42:59 - [MESSAGE][INFO] - Finding web element with id: 'Object Repository/Connexion Usager/btn_CreerMDP' located by 'By.xpath: //*/div/p-button/button [@type= 'button']' in '5' second(s)

2023-11-23 22:42:59 - [MESSAGE][INFO] - Smart Wait Function is triggered

2023-11-23 22:42:59 - [MESSAGE][INFO] - Found 1 web elements with id: 'Object Repository/Connexion Usager/btn_CreerMDP' located by 'By.xpath: //*/div/p-button/button [@type= 'button']' in '5' second(s)

2023-11-23 22:42:59 - [MESSAGE][INFO] - Clicking on object: 'Object Repository/Connexion Usager/btn_CreerMDP'

2023-11-23 22:43:01 - [MESSAGE][PASSED] - Object: 'Object Repository/Connexion Usager/btn_CreerMDP' is clicked on

2023-11-23 22:43:01 - [TEST_STEP][PASSED] - verifyElementPresent(findTestObject("Object Repository/Connexion Usager/div_MSG_FormatNonRespecte"), 1): Object 'Object Repository/Connexion Usager/div_MSG_FormatNonRespecte' is present

2023-11-23 22:43:01 - [MESSAGE][INFO] - Finding Test Object 'Object Repository/Connexion Usager/div_MSG_FormatNonRespecte'

2023-11-23 22:43:01 - [MESSAGE][INFO] - Checking object

2023-11-23 22:43:01 - [MESSAGE][INFO] - Finding web element from Test Object's properties

2023-11-23 22:43:01 - [MESSAGE][INFO] - Checking timeout

2023-11-23 22:43:01 - [MESSAGE][INFO] - Finding web element with id: 'Object Repository/Connexion Usager/div_MSG_FormatNonRespecte' located by 'By.xpath: //*/app-input[1]/div/div/div[1]/div[2]/div/span[2]' in '1' second(s)

2023-11-23 22:43:01 - [MESSAGE][INFO] - Smart Wait Function is triggered

2023-11-23 22:43:01 - [MESSAGE][INFO] - Found 1 web elements with id: 'Object Repository/Connexion Usager/div_MSG_FormatNonRespecte' located by 'By.xpath: //*/app-input[1]/div/div/div[1]/div[2]/div/span[2]' in '1' second(s)

2023-11-23 22:43:01 - [MESSAGE][PASSED] - Object 'Object Repository/Connexion Usager/div_MSG_FormatNonRespecte' is present

2023-11-23 22:43:01 - [TEST_STEP][PASSED] - println("Saisir 2 mots de passe différents"): null

2023-11-23 22:43:01 - [TEST_STEP][PASSED] - setText(findTestObject("Object Repository/Connexion Usager/Input_Password"), "HHizaoui001!"): Text 'HHizaoui001!' is set on object 'Object Repository/Connexion Usager/Input_Password'

2023-11-23 22:43:01 - [MESSAGE][INFO] - Finding Test Object 'Object Repository/Connexion Usager/Input_Password'

2023-11-23 22:43:02 - [MESSAGE][INFO] - Checking timeout

2023-11-23 22:43:02 - [MESSAGE][INFO] - Finding web element with id: 'Object Repository/Connexion Usager/Input_Password' located by 'By.xpath: //*/app-input[1]/div/div/input [@type = 'password']' in '20' second(s)

2023-11-23 22:43:02 - [MESSAGE][INFO] - Smart Wait Function is triggered

2023-11-23 22:43:02 - [MESSAGE][INFO] - Found 1 web elements with id: 'Object Repository/Connexion Usager/Input_Password' located by 'By.xpath: //*/app-input[1]/div/div/input [@type = 'password']' in '20' second(s)

2023-11-23 22:43:02 - [MESSAGE][INFO] - Checking object

2023-11-23 22:43:02 - [MESSAGE][INFO] - Checking text

2023-11-23 22:43:02 - [MESSAGE][INFO] - Finding web element from Test Object's properties

2023-11-23 22:43:02 - [MESSAGE][INFO] - Checking timeout

2023-11-23 22:43:02 - [MESSAGE][INFO] - Finding web element with id: 'Object Repository/Connexion Usager/Input_Password' located by 'By.xpath: //*/app-input[1]/div/div/input [@type = 'password']' in '5' second(s)

2023-11-23 22:43:02 - [MESSAGE][INFO] - Smart Wait Function is triggered

2023-11-23 22:43:02 - [MESSAGE][INFO] - Found 1 web elements with id: 'Object Repository/Connexion Usager/Input_Password' located by 'By.xpath: //*/app-input[1]/div/div/input [@type = 'password']' in '5' second(s)

2023-11-23 22:43:02 - [MESSAGE][INFO] - Clearing text of object 'Object Repository/Connexion Usager/Input_Password'

2023-11-23 22:43:04 - [MESSAGE][INFO] - Finding web element from Test Object's properties

2023-11-23 22:43:04 - [MESSAGE][INFO] - Checking timeout

2023-11-23 22:43:04 - [MESSAGE][INFO] - Finding web element with id: 'Object Repository/Connexion Usager/Input_Password' located by 'By.xpath: //*/app-input[1]/div/div/input [@type = 'password']' in '5' second(s)

2023-11-23 22:43:04 - [MESSAGE][INFO] - Smart Wait Function is triggered

2023-11-23 22:43:04 - [MESSAGE][INFO] - Found 1 web elements with id: 'Object Repository/Connexion Usager/Input_Password' located by 'By.xpath: //*/app-input[1]/div/div/input [@type = 'password']' in '5' second(s)

2023-11-23 22:43:04 - [MESSAGE][INFO] - Setting text of object 'Object Repository/Connexion Usager/Input_Password' to value 'HHizaoui001!'

2023-11-23 22:43:06 - [MESSAGE][PASSED] - Text 'HHizaoui001!' is set on object 'Object Repository/Connexion Usager/Input_Password'

2023-11-23 22:43:06 - [TEST_STEP][PASSED] - setText(findTestObject("Object Repository/Connexion Usager/Input_ConfirmePassword"), "HHizaoui001!def"): Text 'HHizaoui001!def' is set on object 'Object Repository/Connexion Usager/Input_ConfirmePassword'

2023-11-23 22:43:06 - [MESSAGE][INFO] - Finding Test Object 'Object Repository/Connexion Usager/Input_ConfirmePassword'

2023-11-23 22:43:06 - [MESSAGE][INFO] - Checking timeout

2023-11-23 22:43:06 - [MESSAGE][INFO] - Finding web element with id: 'Object Repository/Connexion Usager/Input_ConfirmePassword' located by 'By.xpath: //*/app-input[2]/div/div/input [@type = 'password']' in '20' second(s)

2023-11-23 22:43:06 - [MESSAGE][INFO] - Smart Wait Function is triggered

2023-11-23 22:43:06 - [MESSAGE][INFO] - Found 1 web elements with id: 'Object Repository/Connexion Usager/Input_ConfirmePassword' located by 'By.xpath: //*/app-input[2]/div/div/input [@type = 'password']' in '20' second(s)

2023-11-23 22:43:06 - [MESSAGE][INFO] - Checking object

2023-11-23 22:43:06 - [MESSAGE][INFO] - Checking text

2023-11-23 22:43:06 - [MESSAGE][INFO] - Finding web element from Test Object's properties

2023-11-23 22:43:06 - [MESSAGE][INFO] - Checking timeout

2023-11-23 22:43:06 - [MESSAGE][INFO] - Finding web element with id: 'Object Repository/Connexion Usager/Input_ConfirmePassword' located by 'By.xpath: //*/app-input[2]/div/div/input [@type = 'password']' in '5' second(s)

2023-11-23 22:43:06 - [MESSAGE][INFO] - Smart Wait Function is triggered

2023-11-23 22:43:06 - [MESSAGE][INFO] - Found 1 web elements with id: 'Object Repository/Connexion Usager/Input_ConfirmePassword' located by 'By.xpath: //*/app-input[2]/div/div/input [@type = 'password']' in '5' second(s)

2023-11-23 22:43:06 - [MESSAGE][INFO] - Clearing text of object 'Object Repository/Connexion Usager/Input_ConfirmePassword'

2023-11-23 22:43:08 - [MESSAGE][INFO] - Finding web element from Test Object's properties

2023-11-23 22:43:08 - [MESSAGE][INFO] - Checking timeout

2023-11-23 22:43:08 - [MESSAGE][INFO] - Finding web element with id: 'Object Repository/Connexion Usager/Input_ConfirmePassword' located by 'By.xpath: //*/app-input[2]/div/div/input [@type = 'password']' in '5' second(s)

2023-11-23 22:43:08 - [MESSAGE][INFO] - Smart Wait Function is triggered

2023-11-23 22:43:08 - [MESSAGE][INFO] - Found 1 web elements with id: 'Object Repository/Connexion Usager/Input_ConfirmePassword' located by 'By.xpath: //*/app-input[2]/div/div/input [@type = 'password']' in '5' second(s)

2023-11-23 22:43:08 - [MESSAGE][INFO] - Setting text of object 'Object Repository/Connexion Usager/Input_ConfirmePassword' to value 'HHizaoui001!def'

2023-11-23 22:43:10 - [MESSAGE][PASSED] - Text 'HHizaoui001!def' is set on object 'Object Repository/Connexion Usager/Input_ConfirmePassword'

2023-11-23 22:43:10 - [TEST_STEP][PASSED] - click(findTestObject("Object Repository/Connexion Usager/btn_CreerMDP")): Object: 'Object Repository/Connexion Usager/btn_CreerMDP' is clicked on

2023-11-23 22:43:10 - [MESSAGE][INFO] - Finding Test Object 'Object Repository/Connexion Usager/btn_CreerMDP'

2023-11-23 22:43:10 - [MESSAGE][INFO] - Checking timeout

2023-11-23 22:43:10 - [MESSAGE][INFO] - Finding web element with id: 'Object Repository/Connexion Usager/btn_CreerMDP' located by 'By.xpath: //*/div/p-button/button [@type= 'button']' in '20' second(s)

2023-11-23 22:43:10 - [MESSAGE][INFO] - Smart Wait Function is triggered

2023-11-23 22:43:10 - [MESSAGE][INFO] - Found 1 web elements with id: 'Object Repository/Connexion Usager/btn_CreerMDP' located by 'By.xpath: //*/div/p-button/button [@type= 'button']' in '20' second(s)

2023-11-23 22:43:10 - [MESSAGE][INFO] - Checking object

2023-11-23 22:43:10 - [MESSAGE][INFO] - Checking timeout

2023-11-23 22:43:10 - [MESSAGE][INFO] - Finding web element from Test Object's properties

2023-11-23 22:43:10 - [MESSAGE][INFO] - Checking timeout

2023-11-23 22:43:10 - [MESSAGE][INFO] - Finding web element with id: 'Object Repository/Connexion Usager/btn_CreerMDP' located by 'By.xpath: //*/div/p-button/button [@type= 'button']' in '5' second(s)

2023-11-23 22:43:10 - [MESSAGE][INFO] - Smart Wait Function is triggered

2023-11-23 22:43:10 - [MESSAGE][INFO] - Found 1 web elements with id: 'Object Repository/Connexion Usager/btn_CreerMDP' located by 'By.xpath: //*/div/p-button/button [@type= 'button']' in '5' second(s)

2023-11-23 22:43:10 - [MESSAGE][INFO] - Clicking on object: 'Object Repository/Connexion Usager/btn_CreerMDP'

2023-11-23 22:43:12 - [MESSAGE][PASSED] - Object: 'Object Repository/Connexion Usager/btn_CreerMDP' is clicked on

2023-11-23 22:43:12 - [TEST_STEP][PASSED] - verifyElementPresent(findTestObject("Object Repository/Connexion Usager/div_ MSG_ChampsDoiventEtreIdentiques"), 1): Object 'Object Repository/Connexion Usager/div_ MSG_ChampsDoiventEtreIdentiques' is present

2023-11-23 22:43:12 - [MESSAGE][INFO] - Finding Test Object 'Object Repository/Connexion Usager/div_ MSG_ChampsDoiventEtreIdentiques'

2023-11-23 22:43:13 - [MESSAGE][INFO] - Checking object

2023-11-23 22:43:13 - [MESSAGE][INFO] - Finding web element from Test Object's properties

2023-11-23 22:43:13 - [MESSAGE][INFO] - Checking timeout

2023-11-23 22:43:13 - [MESSAGE][INFO] - Finding web element with id: 'Object Repository/Connexion Usager/div_ MSG_ChampsDoiventEtreIdentiques' located by 'By.xpath: //*/div[2]/div/div[1]/p/span' in '1' second(s)

2023-11-23 22:43:13 - [MESSAGE][INFO] - Smart Wait Function is triggered

2023-11-23 22:43:13 - [MESSAGE][INFO] - Found 1 web elements with id: 'Object Repository/Connexion Usager/div_ MSG_ChampsDoiventEtreIdentiques' located by 'By.xpath: //*/div[2]/div/div[1]/p/span' in '1' second(s)

2023-11-23 22:43:13 - [MESSAGE][PASSED] - Object 'Object Repository/Connexion Usager/div_ MSG_ChampsDoiventEtreIdentiques' is present

2023-11-23 22:43:13 - [TEST_STEP][PASSED] - println("Créer un mot de passe moins de 12 caractères"): null

2023-11-23 22:43:13 - [TEST_STEP][PASSED] - setText(findTestObject("Object Repository/Connexion Usager/Input_Password"), "HHiza001!"): Text 'HHiza001!' is set on object 'Object Repository/Connexion Usager/Input_Password'

2023-11-23 22:43:13 - [MESSAGE][INFO] - Finding Test Object 'Object Repository/Connexion Usager/Input_Password'

2023-11-23 22:43:13 - [MESSAGE][INFO] - Checking timeout

2023-11-23 22:43:13 - [MESSAGE][INFO] - Finding web element with id: 'Object Repository/Connexion Usager/Input_Password' located by 'By.xpath: //*/app-input[1]/div/div/input [@type = 'password']' in '20' second(s)

2023-11-23 22:43:13 - [MESSAGE][INFO] - Smart Wait Function is triggered

2023-11-23 22:43:13 - [MESSAGE][INFO] - Found 1 web elements with id: 'Object Repository/Connexion Usager/Input_Password' located by 'By.xpath: //*/app-input[1]/div/div/input [@type = 'password']' in '20' second(s)

2023-11-23 22:43:13 - [MESSAGE][INFO] - Checking object

2023-11-23 22:43:13 - [MESSAGE][INFO] - Checking text

2023-11-23 22:43:13 - [MESSAGE][INFO] - Finding web element from Test Object's properties

2023-11-23 22:43:13 - [MESSAGE][INFO] - Checking timeout

2023-11-23 22:43:13 - [MESSAGE][INFO] - Finding web element with id: 'Object Repository/Connexion Usager/Input_Password' located by 'By.xpath: //*/app-input[1]/div/div/input [@type = 'password']' in '5' second(s)

2023-11-23 22:43:13 - [MESSAGE][INFO] - Smart Wait Function is triggered

2023-11-23 22:43:13 - [MESSAGE][INFO] - Found 1 web elements with id: 'Object Repository/Connexion Usager/Input_Password' located by 'By.xpath: //*/app-input[1]/div/div/input [@type = 'password']' in '5' second(s)

2023-11-23 22:43:13 - [MESSAGE][INFO] - Clearing text of object 'Object Repository/Connexion Usager/Input_Password'

2023-11-23 22:43:15 - [MESSAGE][INFO] - Finding web element from Test Object's properties

2023-11-23 22:43:15 - [MESSAGE][INFO] - Checking timeout

2023-11-23 22:43:15 - [MESSAGE][INFO] - Finding web element with id: 'Object Repository/Connexion Usager/Input_Password' located by 'By.xpath: //*/app-input[1]/div/div/input [@type = 'password']' in '5' second(s)

2023-11-23 22:43:15 - [MESSAGE][INFO] - Smart Wait Function is triggered

2023-11-23 22:43:15 - [MESSAGE][INFO] - Found 1 web elements with id: 'Object Repository/Connexion Usager/Input_Password' located by 'By.xpath: //*/app-input[1]/div/div/input [@type = 'password']' in '5' second(s)

2023-11-23 22:43:15 - [MESSAGE][INFO] - Setting text of object 'Object Repository/Connexion Usager/Input_Password' to value 'HHiza001!'

2023-11-23 22:43:17 - [MESSAGE][PASSED] - Text 'HHiza001!' is set on object 'Object Repository/Connexion Usager/Input_Password'

2023-11-23 22:43:17 - [TEST_STEP][PASSED] - setText(findTestObject("Object Repository/Connexion Usager/Input_ConfirmePassword"), "HHiza001!"): Text 'HHiza001!' is set on object 'Object Repository/Connexion Usager/Input_ConfirmePassword'

2023-11-23 22:43:17 - [MESSAGE][INFO] - Finding Test Object 'Object Repository/Connexion Usager/Input_ConfirmePassword'

2023-11-23 22:43:17 - [MESSAGE][INFO] - Checking timeout

2023-11-23 22:43:17 - [MESSAGE][INFO] - Finding web element with id: 'Object Repository/Connexion Usager/Input_ConfirmePassword' located by 'By.xpath: //*/app-input[2]/div/div/input [@type = 'password']' in '20' second(s)

2023-11-23 22:43:17 - [MESSAGE][INFO] - Smart Wait Function is triggered

2023-11-23 22:43:17 - [MESSAGE][INFO] - Found 1 web elements with id: 'Object Repository/Connexion Usager/Input_ConfirmePassword' located by 'By.xpath: //*/app-input[2]/div/div/input [@type = 'password']' in '20' second(s)

2023-11-23 22:43:17 - [MESSAGE][INFO] - Checking object

2023-11-23 22:43:17 - [MESSAGE][INFO] - Checking text

2023-11-23 22:43:17 - [MESSAGE][INFO] - Finding web element from Test Object's properties

2023-11-23 22:43:17 - [MESSAGE][INFO] - Checking timeout

2023-11-23 22:43:17 - [MESSAGE][INFO] - Finding web element with id: 'Object Repository/Connexion Usager/Input_ConfirmePassword' located by 'By.xpath: //*/app-input[2]/div/div/input [@type = 'password']' in '5' second(s)

2023-11-23 22:43:17 - [MESSAGE][INFO] - Smart Wait Function is triggered

2023-11-23 22:43:17 - [MESSAGE][INFO] - Found 1 web elements with id: 'Object Repository/Connexion Usager/Input_ConfirmePassword' located by 'By.xpath: //*/app-input[2]/div/div/input [@type = 'password']' in '5' second(s)

2023-11-23 22:43:17 - [MESSAGE][INFO] - Clearing text of object 'Object Repository/Connexion Usager/Input_ConfirmePassword'

2023-11-23 22:43:19 - [MESSAGE][INFO] - Finding web element from Test Object's properties

2023-11-23 22:43:19 - [MESSAGE][INFO] - Checking timeout

2023-11-23 22:43:19 - [MESSAGE][INFO] - Finding web element with id: 'Object Repository/Connexion Usager/Input_ConfirmePassword' located by 'By.xpath: //*/app-input[2]/div/div/input [@type = 'password']' in '5' second(s)

2023-11-23 22:43:19 - [MESSAGE][INFO] - Smart Wait Function is triggered

2023-11-23 22:43:19 - [MESSAGE][INFO] - Found 1 web elements with id: 'Object Repository/Connexion Usager/Input_ConfirmePassword' located by 'By.xpath: //*/app-input[2]/div/div/input [@type = 'password']' in '5' second(s)

2023-11-23 22:43:19 - [MESSAGE][INFO] - Setting text of object 'Object Repository/Connexion Usager/Input_ConfirmePassword' to value 'HHiza001!'

2023-11-23 22:43:21 - [MESSAGE][PASSED] - Text 'HHiza001!' is set on object 'Object Repository/Connexion Usager/Input_ConfirmePassword'

2023-11-23 22:43:21 - [TEST_STEP][PASSED] - click(findTestObject("Object Repository/Connexion Usager/btn_CreerMDP")): Object: 'Object Repository/Connexion Usager/btn_CreerMDP' is clicked on

2023-11-23 22:43:21 - [MESSAGE][INFO] - Finding Test Object 'Object Repository/Connexion Usager/btn_CreerMDP'

2023-11-23 22:43:21 - [MESSAGE][INFO] - Checking timeout

2023-11-23 22:43:21 - [MESSAGE][INFO] - Finding web element with id: 'Object Repository/Connexion Usager/btn_CreerMDP' located by 'By.xpath: //*/div/p-button/button [@type= 'button']' in '20' second(s)

2023-11-23 22:43:21 - [MESSAGE][INFO] - Smart Wait Function is triggered

2023-11-23 22:43:21 - [MESSAGE][INFO] - Found 1 web elements with id: 'Object Repository/Connexion Usager/btn_CreerMDP' located by 'By.xpath: //*/div/p-button/button [@type= 'button']' in '20' second(s)

2023-11-23 22:43:21 - [MESSAGE][INFO] - Checking object

2023-11-23 22:43:21 - [MESSAGE][INFO] - Checking timeout

2023-11-23 22:43:21 - [MESSAGE][INFO] - Finding web element from Test Object's properties

2023-11-23 22:43:21 - [MESSAGE][INFO] - Checking timeout

2023-11-23 22:43:21 - [MESSAGE][INFO] - Finding web element with id: 'Object Repository/Connexion Usager/btn_CreerMDP' located by 'By.xpath: //*/div/p-button/button [@type= 'button']' in '5' second(s)

2023-11-23 22:43:21 - [MESSAGE][INFO] - Smart Wait Function is triggered

2023-11-23 22:43:22 - [MESSAGE][INFO] - Found 1 web elements with id: 'Object Repository/Connexion Usager/btn_CreerMDP' located by 'By.xpath: //*/div/p-button/button [@type= 'button']' in '5' second(s)

2023-11-23 22:43:22 - [MESSAGE][INFO] - Clicking on object: 'Object Repository/Connexion Usager/btn_CreerMDP'

2023-11-23 22:43:24 - [MESSAGE][PASSED] - Object: 'Object Repository/Connexion Usager/btn_CreerMDP' is clicked on

2023-11-23 22:43:24 - [TEST_STEP][PASSED] - verifyElementPresent(findTestObject("Object Repository/Connexion Usager/div_MSG_FormatNonRespecte"), 1): Object 'Object Repository/Connexion Usager/div_MSG_FormatNonRespecte' is present

2023-11-23 22:43:24 - [MESSAGE][INFO] - Finding Test Object 'Object Repository/Connexion Usager/div_MSG_FormatNonRespecte'

2023-11-23 22:43:24 - [MESSAGE][INFO] - Checking object

2023-11-23 22:43:24 - [MESSAGE][INFO] - Finding web element from Test Object's properties

2023-11-23 22:43:24 - [MESSAGE][INFO] - Checking timeout

2023-11-23 22:43:24 - [MESSAGE][INFO] - Finding web element with id: 'Object Repository/Connexion Usager/div_MSG_FormatNonRespecte' located by 'By.xpath: //*/app-input[1]/div/div/div[1]/div[2]/div/span[2]' in '1' second(s)

2023-11-23 22:43:24 - [MESSAGE][INFO] - Smart Wait Function is triggered

2023-11-23 22:43:24 - [MESSAGE][INFO] - Found 1 web elements with id: 'Object Repository/Connexion Usager/div_MSG_FormatNonRespecte' located by 'By.xpath: //*/app-input[1]/div/div/div[1]/div[2]/div/span[2]' in '1' second(s)

2023-11-23 22:43:24 - [MESSAGE][PASSED] - Object 'Object Repository/Connexion Usager/div_MSG_FormatNonRespecte' is present

2023-11-23 22:43:24 - [MESSAGE][PASSED] - Call Test Case 'Test Cases/Test Reutilisable/Main/Verif_FormatNewPW' successfully

2023-11-23 22:43:24 - [TEST_STEP][PASSED] - setEncryptedText(findTestObject("Object Repository/Connexion Usager/Input_Password"), Password): Text ****** has been set on object 'Object Repository/Connexion Usager/Input_Password'

2023-11-23 22:43:24 - [MESSAGE][INFO] - Finding Test Object 'Object Repository/Connexion Usager/Input_Password'

2023-11-23 22:43:24 - [MESSAGE][INFO] - Checking timeout

2023-11-23 22:43:24 - [MESSAGE][INFO] - Finding web element with id: 'Object Repository/Connexion Usager/Input_Password' located by 'By.xpath: //*/app-input[1]/div/div/input [@type = 'password']' in '20' second(s)

2023-11-23 22:43:24 - [MESSAGE][INFO] - Smart Wait Function is triggered

2023-11-23 22:43:24 - [MESSAGE][INFO] - Found 1 web elements with id: 'Object Repository/Connexion Usager/Input_Password' located by 'By.xpath: //*/app-input[1]/div/div/input [@type = 'password']' in '20' second(s)

2023-11-23 22:43:24 - [MESSAGE][INFO] - Checking object

2023-11-23 22:43:24 - [MESSAGE][INFO] - Checking text

2023-11-23 22:43:24 - [MESSAGE][INFO] - Finding web element from Test Object's properties

2023-11-23 22:43:24 - [MESSAGE][INFO] - Checking timeout

2023-11-23 22:43:24 - [MESSAGE][INFO] - Finding web element with id: 'Object Repository/Connexion Usager/Input_Password' located by 'By.xpath: //*/app-input[1]/div/div/input [@type = 'password']' in '5' second(s)

2023-11-23 22:43:24 - [MESSAGE][INFO] - Smart Wait Function is triggered

2023-11-23 22:43:24 - [MESSAGE][INFO] - Found 1 web elements with id: 'Object Repository/Connexion Usager/Input_Password' located by 'By.xpath: //*/app-input[1]/div/div/input [@type = 'password']' in '5' second(s)

2023-11-23 22:43:24 - [MESSAGE][INFO] - Clearing text of object 'Object Repository/Connexion Usager/Input_Password'

2023-11-23 22:43:26 - [MESSAGE][INFO] - Setting  text of object 'Object Repository/Connexion Usager/Input_Password' to value ******

2023-11-23 22:43:28 - [MESSAGE][PASSED] - Text ****** has been set on object 'Object Repository/Connexion Usager/Input_Password'

2023-11-23 22:43:28 - [TEST_STEP][PASSED] - setEncryptedText(findTestObject("Object Repository/Connexion Usager/Input_ConfirmePassword"), Password): Text ****** has been set on object 'Object Repository/Connexion Usager/Input_ConfirmePassword'

2023-11-23 22:43:28 - [MESSAGE][INFO] - Finding Test Object 'Object Repository/Connexion Usager/Input_ConfirmePassword'

2023-11-23 22:43:28 - [MESSAGE][INFO] - Checking timeout

2023-11-23 22:43:28 - [MESSAGE][INFO] - Finding web element with id: 'Object Repository/Connexion Usager/Input_ConfirmePassword' located by 'By.xpath: //*/app-input[2]/div/div/input [@type = 'password']' in '20' second(s)

2023-11-23 22:43:28 - [MESSAGE][INFO] - Smart Wait Function is triggered

2023-11-23 22:43:28 - [MESSAGE][INFO] - Found 1 web elements with id: 'Object Repository/Connexion Usager/Input_ConfirmePassword' located by 'By.xpath: //*/app-input[2]/div/div/input [@type = 'password']' in '20' second(s)

2023-11-23 22:43:28 - [MESSAGE][INFO] - Checking object

2023-11-23 22:43:28 - [MESSAGE][INFO] - Checking text

2023-11-23 22:43:28 - [MESSAGE][INFO] - Finding web element from Test Object's properties

2023-11-23 22:43:28 - [MESSAGE][INFO] - Checking timeout

2023-11-23 22:43:28 - [MESSAGE][INFO] - Finding web element with id: 'Object Repository/Connexion Usager/Input_ConfirmePassword' located by 'By.xpath: //*/app-input[2]/div/div/input [@type = 'password']' in '5' second(s)

2023-11-23 22:43:28 - [MESSAGE][INFO] - Smart Wait Function is triggered

2023-11-23 22:43:28 - [MESSAGE][INFO] - Found 1 web elements with id: 'Object Repository/Connexion Usager/Input_ConfirmePassword' located by 'By.xpath: //*/app-input[2]/div/div/input [@type = 'password']' in '5' second(s)

2023-11-23 22:43:28 - [MESSAGE][INFO] - Clearing text of object 'Object Repository/Connexion Usager/Input_ConfirmePassword'

2023-11-23 22:43:30 - [MESSAGE][INFO] - Setting  text of object 'Object Repository/Connexion Usager/Input_ConfirmePassword' to value ******

2023-11-23 22:43:32 - [MESSAGE][PASSED] - Text ****** has been set on object 'Object Repository/Connexion Usager/Input_ConfirmePassword'

2023-11-23 22:43:32 - [TEST_STEP][PASSED] - click(findTestObject("Object Repository/Connexion Usager/btn_CreerMDP")): Object: 'Object Repository/Connexion Usager/btn_CreerMDP' is clicked on

2023-11-23 22:43:32 - [MESSAGE][INFO] - Finding Test Object 'Object Repository/Connexion Usager/btn_CreerMDP'

2023-11-23 22:43:32 - [MESSAGE][INFO] - Checking timeout

2023-11-23 22:43:32 - [MESSAGE][INFO] - Finding web element with id: 'Object Repository/Connexion Usager/btn_CreerMDP' located by 'By.xpath: //*/div/p-button/button [@type= 'button']' in '20' second(s)

2023-11-23 22:43:32 - [MESSAGE][INFO] - Smart Wait Function is triggered

2023-11-23 22:43:32 - [MESSAGE][INFO] - Found 1 web elements with id: 'Object Repository/Connexion Usager/btn_CreerMDP' located by 'By.xpath: //*/div/p-button/button [@type= 'button']' in '20' second(s)

2023-11-23 22:43:33 - [MESSAGE][INFO] - Checking object

2023-11-23 22:43:33 - [MESSAGE][INFO] - Checking timeout

2023-11-23 22:43:33 - [MESSAGE][INFO] - Finding web element from Test Object's properties

2023-11-23 22:43:33 - [MESSAGE][INFO] - Checking timeout

2023-11-23 22:43:33 - [MESSAGE][INFO] - Finding web element with id: 'Object Repository/Connexion Usager/btn_CreerMDP' located by 'By.xpath: //*/div/p-button/button [@type= 'button']' in '5' second(s)

2023-11-23 22:43:33 - [MESSAGE][INFO] - Smart Wait Function is triggered

2023-11-23 22:43:33 - [MESSAGE][INFO] - Found 1 web elements with id: 'Object Repository/Connexion Usager/btn_CreerMDP' located by 'By.xpath: //*/div/p-button/button [@type= 'button']' in '5' second(s)

2023-11-23 22:43:33 - [MESSAGE][INFO] - Clicking on object: 'Object Repository/Connexion Usager/btn_CreerMDP'

2023-11-23 22:43:35 - [MESSAGE][PASSED] - Object: 'Object Repository/Connexion Usager/btn_CreerMDP' is clicked on

2023-11-23 22:43:35 - [TEST_STEP][PASSED] - click(findTestObject("Object Repository/Connexion Usager/btn_span_RetourAccueil")): Object: 'Object Repository/Connexion Usager/btn_span_RetourAccueil' is clicked on

2023-11-23 22:43:35 - [MESSAGE][INFO] - Finding Test Object 'Object Repository/Connexion Usager/btn_span_RetourAccueil'

2023-11-23 22:43:35 - [MESSAGE][INFO] - Checking timeout

2023-11-23 22:43:35 - [MESSAGE][INFO] - Finding web element with id: 'Object Repository/Connexion Usager/btn_span_RetourAccueil' located by 'By.xpath: (.//*[normalize-space(text()) and normalize-space(.)='CRÉATION DE COMPTE'])[1]/following::span[2]' in '20' second(s)

2023-11-23 22:43:35 - [MESSAGE][INFO] - Smart Wait Function is triggered

2023-11-23 22:43:35 - [MESSAGE][INFO] - Smart Wait Function is triggered

2023-11-23 22:43:35 - [MESSAGE][INFO] - Smart Wait Function is triggered

2023-11-23 22:43:35 - [MESSAGE][INFO] - Smart Wait Function is triggered

2023-11-23 22:43:35 - [MESSAGE][INFO] - Smart Wait Function is triggered

2023-11-23 22:43:35 - [MESSAGE][INFO] - Smart Wait Function is triggered

2023-11-23 22:43:35 - [MESSAGE][INFO] - Smart Wait Function is triggered

2023-11-23 22:43:35 - [MESSAGE][INFO] - Smart Wait Function is triggered

2023-11-23 22:43:35 - [MESSAGE][INFO] - Smart Wait Function is triggered

2023-11-23 22:43:35 - [MESSAGE][INFO] - Smart Wait Function is triggered

2023-11-23 22:43:35 - [MESSAGE][INFO] - Smart Wait Function is triggered

2023-11-23 22:43:35 - [MESSAGE][INFO] - Smart Wait Function is triggered

2023-11-23 22:43:35 - [MESSAGE][INFO] - Smart Wait Function is triggered

2023-11-23 22:43:35 - [MESSAGE][INFO] - Smart Wait Function is triggered

2023-11-23 22:43:35 - [MESSAGE][INFO] - Smart Wait Function is triggered

2023-11-23 22:43:35 - [MESSAGE][INFO] - Smart Wait Function is triggered

2023-11-23 22:43:35 - [MESSAGE][INFO] - Smart Wait Function is triggered

2023-11-23 22:43:35 - [MESSAGE][INFO] - Smart Wait Function is triggered

2023-11-23 22:43:35 - [MESSAGE][INFO] - Smart Wait Function is triggered

2023-11-23 22:43:35 - [MESSAGE][INFO] - Smart Wait Function is triggered

2023-11-23 22:43:35 - [MESSAGE][INFO] - Smart Wait Function is triggered

2023-11-23 22:43:35 - [MESSAGE][INFO] - Smart Wait Function is triggered

2023-11-23 22:43:35 - [MESSAGE][INFO] - Smart Wait Function is triggered

2023-11-23 22:43:36 - [MESSAGE][INFO] - Smart Wait Function is triggered

2023-11-23 22:43:36 - [MESSAGE][INFO] - Smart Wait Function is triggered

2023-11-23 22:43:36 - [MESSAGE][INFO] - Smart Wait Function is triggered

2023-11-23 22:43:36 - [MESSAGE][INFO] - Smart Wait Function is triggered

2023-11-23 22:43:36 - [MESSAGE][INFO] - Smart Wait Function is triggered

2023-11-23 22:43:36 - [MESSAGE][INFO] - Smart Wait Function is triggered

2023-11-23 22:43:36 - [MESSAGE][INFO] - Smart Wait Function is triggered

2023-11-23 22:43:36 - [MESSAGE][INFO] - Smart Wait Function is triggered

2023-11-23 22:43:36 - [MESSAGE][INFO] - Smart Wait Function is triggered

2023-11-23 22:43:36 - [MESSAGE][INFO] - Smart Wait Function is triggered

2023-11-23 22:43:36 - [MESSAGE][INFO] - Smart Wait Function is triggered

2023-11-23 22:43:36 - [MESSAGE][INFO] - Smart Wait Function is triggered

2023-11-23 22:43:36 - [MESSAGE][INFO] - Smart Wait Function is triggered

2023-11-23 22:43:36 - [MESSAGE][INFO] - Found 1 web elements with id: 'Object Repository/Connexion Usager/btn_span_RetourAccueil' located by 'By.xpath: (.//*[normalize-space(text()) and normalize-space(.)='CRÉATION DE COMPTE'])[1]/following::span[2]' in '20' second(s)

2023-11-23 22:43:36 - [MESSAGE][INFO] - Checking object

2023-11-23 22:43:36 - [MESSAGE][INFO] - Checking timeout

2023-11-23 22:43:36 - [MESSAGE][INFO] - Finding web element from Test Object's properties

2023-11-23 22:43:36 - [MESSAGE][INFO] - Checking timeout

2023-11-23 22:43:36 - [MESSAGE][INFO] - Finding web element with id: 'Object Repository/Connexion Usager/btn_span_RetourAccueil' located by 'By.xpath: (.//*[normalize-space(text()) and normalize-space(.)='CRÉATION DE COMPTE'])[1]/following::span[2]' in '5' second(s)

2023-11-23 22:43:36 - [MESSAGE][INFO] - Smart Wait Function is triggered

2023-11-23 22:43:36 - [MESSAGE][INFO] - Found 1 web elements with id: 'Object Repository/Connexion Usager/btn_span_RetourAccueil' located by 'By.xpath: (.//*[normalize-space(text()) and normalize-space(.)='CRÉATION DE COMPTE'])[1]/following::span[2]' in '5' second(s)

2023-11-23 22:43:36 - [MESSAGE][INFO] - Clicking on object: 'Object Repository/Connexion Usager/btn_span_RetourAccueil'

2023-11-23 22:43:38 - [MESSAGE][PASSED] - Object: 'Object Repository/Connexion Usager/btn_span_RetourAccueil' is clicked on

2023-11-23 22:43:38 - [TEST_STEP][PASSED] - waitForPageLoad(5): Wait for page load successfully

2023-11-23 22:43:38 - [MESSAGE][INFO] - Checking timeout

2023-11-23 22:43:38 - [MESSAGE][PASSED] - Wait for page load successfully

2023-11-23 22:43:38 - [MESSAGE][PASSED] - Call Test Case 'Test Cases/Test Reutilisable/Main/Creer Votre Compte' successfully

2023-11-23 22:43:38 - [TEST_STEP][ERROR] - if (StopTestCase == false): Test Cases/Cas D Utilisations/Usager Etudiant/TNR R.TSPT Supp90-Etudiant FAILED.
Reason:
com.kms.katalon.core.exception.StepErrorException: Call Test Case 'Test Cases/Test Reutilisable/DemandeOuRenouvelle_TitreSejour/FormulaireJustificatifs' failed because of error(s)
	at com.kms.katalon.core.keyword.builtin.CallTestCaseKeyword$_callTestCase_closure1.doCall(CallTestCaseKeyword.groovy:66)
	at com.kms.katalon.core.keyword.builtin.CallTestCaseKeyword$_callTestCase_closure1.call(CallTestCaseKeyword.groovy)
	at com.kms.katalon.core.keyword.internal.KeywordMain.runKeyword(KeywordMain.groovy:75)
	at com.kms.katalon.core.keyword.builtin.CallTestCaseKeyword.callTestCase(CallTestCaseKeyword.groovy:81)
	at com.kms.katalon.core.keyword.builtin.CallTestCaseKeyword.execute(CallTestCaseKeyword.groovy:44)
	at com.kms.katalon.core.keyword.internal.KeywordExecutor.executeKeywordForPlatform(KeywordExecutor.groovy:74)
	at com.kms.katalon.core.keyword.BuiltinKeywords.callTestCase(BuiltinKeywords.groovy:310)
	at com.kazurayam.ksbackyard.HighlightElement$_pandemic_closure1.doCall(HighlightElement.groovy:105)
	at TNR R.TSPT Supp90-Etudiant.run(TNR R.TSPT Supp90-Etudiant:62)
	at com.kms.katalon.core.main.ScriptEngine.run(ScriptEngine.java:194)
	at com.kms.katalon.core.main.ScriptEngine.runScriptAsRawText(ScriptEngine.java:119)
	at com.kms.katalon.core.main.TestCaseExecutor.runScript(TestCaseExecutor.java:448)
	at com.kms.katalon.core.main.TestCaseExecutor.doExecute(TestCaseExecutor.java:439)
	at com.kms.katalon.core.main.TestCaseExecutor.processExecutionPhase(TestCaseExecutor.java:418)
	at com.kms.katalon.core.main.TestCaseExecutor.accessMainPhase(TestCaseExecutor.java:410)
	at com.kms.katalon.core.main.TestCaseExecutor.execute(TestCaseExecutor.java:285)
	at com.kms.katalon.core.common.CommonExecutor.accessTestCaseMainPhase(CommonExecutor.java:65)
	at com.kms.katalon.core.main.TestSuiteExecutor.accessTestSuiteMainPhase(TestSuiteExecutor.java:148)
	at com.kms.katalon.core.main.TestSuiteExecutor.execute(TestSuiteExecutor.java:106)
	at com.kms.katalon.core.main.TestCaseMain.startTestSuite(TestCaseMain.java:187)
	at com.kms.katalon.core.main.TestCaseMain$startTestSuite$0.call(Unknown Source)
	at TempTestSuite1700775610776.run(TempTestSuite1700775610776.groovy:36)
Caused by: groovy.lang.MissingPropertyException: No such property: f for class: Script1695813884754
	at FormulaireJustificatifs.run(FormulaireJustificatifs:187)
	at com.kms.katalon.core.main.ScriptEngine.run(ScriptEngine.java:194)
	at com.kms.katalon.core.main.ScriptEngine.runScriptAsRawText(ScriptEngine.java:119)
	at com.kms.katalon.core.main.TestCaseExecutor.runScript(TestCaseExecutor.java:448)
	at com.kms.katalon.core.main.TestCaseExecutor.doExecute(TestCaseExecutor.java:439)
	at com.kms.katalon.core.main.TestCaseExecutor.processExecutionPhase(TestCaseExecutor.java:418)
	at com.kms.katalon.core.main.TestCaseExecutor.accessMainPhase(TestCaseExecutor.java:410)
	at com.kms.katalon.core.main.TestCaseExecutor.execute(TestCaseExecutor.java:285)
	at com.kms.katalon.core.main.TestCaseMain.runTestCase(TestCaseMain.java:144)
	at com.kms.katalon.core.keyword.builtin.CallTestCaseKeyword$_callTestCase_closure1.doCall(CallTestCaseKeyword.groovy:59)
	... 21 more


2023-11-23 22:43:38 - [TEST_STEP][PASSED] - callTestCase(findTestCase("Test Reutilisable/Main/Identification"), ["Profiles":"Usager", "NumEtrangerVisa":NumEtrangerVisa], STOP_ON_FAILURE): Call Test Case 'Test Cases/Test Reutilisable/Main/Identification' successfully

2023-11-23 22:43:38 - [MESSAGE][INFO] - Checking called Test Case

2023-11-23 22:43:38 - [MESSAGE][INFO] - Starting to call Test Case 'Test Cases/Test Reutilisable/Main/Identification'

2023-11-23 22:43:38 - [TEST_CASE][PASSED] - Test Cases/Test Reutilisable/Main/Identification: Test Cases/Test Reutilisable/Main/Identification

2023-11-23 22:43:39 - [TEST_STEP][PASSED] - if (Profiles == "Usager"): Object 'Object Repository/Page_Accueil_Usager/Span_MesNotifications' is present

2023-11-23 22:43:39 - [TEST_STEP][PASSED] - delay(5): Delayed 5 second(s)

2023-11-23 22:43:39 - [MESSAGE][INFO] - Delaying browser in 5 second(s)

2023-11-23 22:43:44 - [MESSAGE][PASSED] - Delayed 5 second(s)

2023-11-23 22:43:44 - [TEST_STEP][PASSED] - click(findTestObject("Object Repository/Connexion Usager/Link_Se Connecter")): Object: 'Object Repository/Connexion Usager/Link_Se Connecter' is clicked on

2023-11-23 22:43:44 - [MESSAGE][INFO] - Finding Test Object 'Object Repository/Connexion Usager/Link_Se Connecter'

2023-11-23 22:43:44 - [MESSAGE][INFO] - Checking timeout

2023-11-23 22:43:44 - [MESSAGE][INFO] - Finding web element with id: 'Object Repository/Connexion Usager/Link_Se Connecter' located by 'By.xpath: //*[@id="connexion_link"]' in '20' second(s)

2023-11-23 22:43:44 - [MESSAGE][INFO] - Smart Wait Function is triggered

2023-11-23 22:43:44 - [MESSAGE][INFO] - Found 1 web elements with id: 'Object Repository/Connexion Usager/Link_Se Connecter' located by 'By.xpath: //*[@id="connexion_link"]' in '20' second(s)

2023-11-23 22:43:44 - [MESSAGE][INFO] - Checking object

2023-11-23 22:43:44 - [MESSAGE][INFO] - Checking timeout

2023-11-23 22:43:44 - [MESSAGE][INFO] - Finding web element from Test Object's properties

2023-11-23 22:43:44 - [MESSAGE][INFO] - Checking timeout

2023-11-23 22:43:44 - [MESSAGE][INFO] - Finding web element with id: 'Object Repository/Connexion Usager/Link_Se Connecter' located by 'By.xpath: //*[@id="connexion_link"]' in '5' second(s)

2023-11-23 22:43:44 - [MESSAGE][INFO] - Smart Wait Function is triggered

2023-11-23 22:43:44 - [MESSAGE][INFO] - Found 1 web elements with id: 'Object Repository/Connexion Usager/Link_Se Connecter' located by 'By.xpath: //*[@id="connexion_link"]' in '5' second(s)

2023-11-23 22:43:44 - [MESSAGE][INFO] - Clicking on object: 'Object Repository/Connexion Usager/Link_Se Connecter'

2023-11-23 22:43:47 - [MESSAGE][PASSED] - Object: 'Object Repository/Connexion Usager/Link_Se Connecter' is clicked on

2023-11-23 22:43:47 - [TEST_STEP][PASSED] - callTestCase(findTestCase("Test Reutilisable/Main/Erreur lie a la confidentialite"), [:], STOP_ON_FAILURE): Call Test Case 'Test Cases/Test Reutilisable/Main/Erreur lie a la confidentialite' successfully

2023-11-23 22:43:47 - [MESSAGE][INFO] - Checking called Test Case

2023-11-23 22:43:47 - [MESSAGE][INFO] - Starting to call Test Case 'Test Cases/Test Reutilisable/Main/Erreur lie a la confidentialite'

2023-11-23 22:43:47 - [TEST_CASE][PASSED] - Test Cases/Test Reutilisable/Main/Erreur lie a la confidentialite: Test Cases/Test Reutilisable/Main/Erreur lie a la confidentialite

2023-11-23 22:43:47 - [TEST_STEP][PASSED] - tools.WaitForLoadedPage.waitForElementRendering(): tools.WaitForLoadedPage.waitForElementRendering is PASSED

2023-11-23 22:43:47 - [MESSAGE][PASSED] - tools.WaitForLoadedPage.waitForElementRendering is PASSED

2023-11-23 22:43:47 - [TEST_STEP][PASSED] - "Call Highlight.on() automatically": null

2023-11-23 22:43:47 - [TEST_STEP][PASSED] - DriverName = DriverName: null

2023-11-23 22:43:47 - [TEST_STEP][PASSED] - if (DriverName == "CHROME_DRIVER" || "EDGE_CHROMIUM_DRIVER" || "HEADLESS_DRIVER"): com.kms.katalon.core.webui.exception.WebElementNotFoundException: Web element with id: 'Object Repository/Connexion Usager/Btn_Parametres Avances' located by '//*[@id="details-button"]' not found (Root cause: com.kms.katalon.core.exception.StepFailedException: com.kms.katalon.core.webui.exception.WebElementNotFoundException: Web element with id: 'Object Repository/Connexion Usager/Btn_Parametres Avances' located by '//*[@id="details-button"]' not found
	at com.kms.katalon.core.webui.keyword.internal.WebUIKeywordMain.stepFailed(WebUIKeywordMain.groovy:64)
	at com.kms.katalon.core.webui.keyword.builtin.VerifyElementPresentKeyword$_verifyElementPresent_closure1.doCall(VerifyElementPresentKeyword.groovy:85)
	at com.kms.katalon.core.webui.keyword.builtin.VerifyElementPresentKeyword$_verifyElementPresent_closure1.call(VerifyElementPresentKeyword.groovy)
	at com.kms.katalon.core.webui.keyword.internal.WebUIKeywordMain.runKeyword(WebUIKeywordMain.groovy:20)
	at com.kms.katalon.core.webui.keyword.builtin.VerifyElementPresentKeyword.verifyElementPresent(VerifyElementPresentKeyword.groovy:92)
	at com.kms.katalon.core.webui.keyword.builtin.VerifyElementPresentKeyword.execute(VerifyElementPresentKeyword.groovy:68)
	at com.kms.katalon.core.keyword.internal.KeywordExecutor.executeKeywordForPlatform(KeywordExecutor.groovy:74)
	at com.kms.katalon.core.webui.keyword.WebUiBuiltInKeywords.verifyElementPresent(WebUiBuiltInKeywords.groovy:1448)
	at com.kazurayam.ksbackyard.HighlightElement$_pandemic_closure1.doCall(HighlightElement.groovy:105)
	at Erreur lie a la confidentialite.run(Erreur lie a la confidentialite:43)
	at com.kms.katalon.core.main.ScriptEngine.run(ScriptEngine.java:194)
	at com.kms.katalon.core.main.ScriptEngine.runScriptAsRawText(ScriptEngine.java:119)
	at com.kms.katalon.core.main.TestCaseExecutor.runScript(TestCaseExecutor.java:448)
	at com.kms.katalon.core.main.TestCaseExecutor.doExecute(TestCaseExecutor.java:439)
	at com.kms.katalon.core.main.TestCaseExecutor.processExecutionPhase(TestCaseExecutor.java:418)
	at com.kms.katalon.core.main.TestCaseExecutor.accessMainPhase(TestCaseExecutor.java:410)
	at com.kms.katalon.core.main.TestCaseExecutor.execute(TestCaseExecutor.java:285)
	at com.kms.katalon.core.main.TestCaseMain.runTestCase(TestCaseMain.java:144)
	at com.kms.katalon.core.keyword.builtin.CallTestCaseKeyword$_callTestCase_closure1.doCall(CallTestCaseKeyword.groovy:59)
	at com.kms.katalon.core.keyword.builtin.CallTestCaseKeyword$_callTestCase_closure1.call(CallTestCaseKeyword.groovy)
	at com.kms.katalon.core.keyword.internal.KeywordMain.runKeyword(KeywordMain.groovy:75)
	at com.kms.katalon.core.keyword.builtin.CallTestCaseKeyword.callTestCase(CallTestCaseKeyword.groovy:81)
	at com.kms.katalon.core.keyword.builtin.CallTestCaseKeyword.execute(CallTestCaseKeyword.groovy:44)
	at com.kms.katalon.core.keyword.internal.KeywordExecutor.executeKeywordForPlatform(KeywordExecutor.groovy:74)
	at com.kms.katalon.core.keyword.BuiltinKeywords.callTestCase(BuiltinKeywords.groovy:310)
	at com.kazurayam.ksbackyard.HighlightElement$_pandemic_closure1.doCall(HighlightElement.groovy:105)
	at Identification.run(Identification:35)
	at com.kms.katalon.core.main.ScriptEngine.run(ScriptEngine.java:194)
	at com.kms.katalon.core.main.ScriptEngine.runScriptAsRawText(ScriptEngine.java:119)
	at com.kms.katalon.core.main.TestCaseExecutor.runScript(TestCaseExecutor.java:448)
	at com.kms.katalon.core.main.TestCaseExecutor.doExecute(TestCaseExecutor.java:439)
	at com.kms.katalon.core.main.TestCaseExecutor.processExecutionPhase(TestCaseExecutor.java:418)
	at com.kms.katalon.core.main.TestCaseExecutor.accessMainPhase(TestCaseExecutor.java:410)
	at com.kms.katalon.core.main.TestCaseExecutor.execute(TestCaseExecutor.java:285)
	at com.kms.katalon.core.main.TestCaseMain.runTestCase(TestCaseMain.java:144)
	at com.kms.katalon.core.keyword.builtin.CallTestCaseKeyword$_callTestCase_closure1.doCall(CallTestCaseKeyword.groovy:59)
	at com.kms.katalon.core.keyword.builtin.CallTestCaseKeyword$_callTestCase_closure1.call(CallTestCaseKeyword.groovy)
	at com.kms.katalon.core.keyword.internal.KeywordMain.runKeyword(KeywordMain.groovy:75)
	at com.kms.katalon.core.keyword.builtin.CallTestCaseKeyword.callTestCase(CallTestCaseKeyword.groovy:81)
	at com.kms.katalon.core.keyword.builtin.CallTestCaseKeyword.execute(CallTestCaseKeyword.groovy:44)
	at com.kms.katalon.core.keyword.internal.KeywordExecutor.executeKeywordForPlatform(KeywordExecutor.groovy:74)
	at com.kms.katalon.core.keyword.BuiltinKeywords.callTestCase(BuiltinKeywords.groovy:310)
	at com.kazurayam.ksbackyard.HighlightElement$_pandemic_closure1.doCall(HighlightElement.groovy:105)
	at TNR R.TSPT Supp90-Etudiant.run(TNR R.TSPT Supp90-Etudiant:35)
	at com.kms.katalon.core.main.ScriptEngine.run(ScriptEngine.java:194)
	at com.kms.katalon.core.main.ScriptEngine.runScriptAsRawText(ScriptEngine.java:119)
	at com.kms.katalon.core.main.TestCaseExecutor.runScript(TestCaseExecutor.java:448)
	at com.kms.katalon.core.main.TestCaseExecutor.doExecute(TestCaseExecutor.java:439)
	at com.kms.katalon.core.main.TestCaseExecutor.processExecutionPhase(TestCaseExecutor.java:418)
	at com.kms.katalon.core.main.TestCaseExecutor.accessMainPhase(TestCaseExecutor.java:410)
	at com.kms.katalon.core.main.TestCaseExecutor.execute(TestCaseExecutor.java:285)
	at com.kms.katalon.core.common.CommonExecutor.accessTestCaseMainPhase(CommonExecutor.java:65)
	at com.kms.katalon.core.main.TestSuiteExecutor.accessTestSuiteMainPhase(TestSuiteExecutor.java:148)
	at com.kms.katalon.core.main.TestSuiteExecutor.execute(TestSuiteExecutor.java:106)
	at com.kms.katalon.core.main.TestCaseMain.startTestSuite(TestCaseMain.java:187)
	at com.kms.katalon.core.main.TestCaseMain$startTestSuite$0.call(Unknown Source)
	at TempTestSuite1700775610776.run(TempTestSuite1700775610776.groovy:36)
)

2023-11-23 22:43:47 - [TEST_STEP][PASSED] - if (verifyElementPresent(findTestObject("Object Repository/Connexion Usager/Btn_Parametres Avances"), 2, OPTIONAL)): com.kms.katalon.core.webui.exception.WebElementNotFoundException: Web element with id: 'Object Repository/Connexion Usager/Btn_Parametres Avances' located by '//*[@id="details-button"]' not found (Root cause: com.kms.katalon.core.exception.StepFailedException: com.kms.katalon.core.webui.exception.WebElementNotFoundException: Web element with id: 'Object Repository/Connexion Usager/Btn_Parametres Avances' located by '//*[@id="details-button"]' not found
	at com.kms.katalon.core.webui.keyword.internal.WebUIKeywordMain.stepFailed(WebUIKeywordMain.groovy:64)
	at com.kms.katalon.core.webui.keyword.builtin.VerifyElementPresentKeyword$_verifyElementPresent_closure1.doCall(VerifyElementPresentKeyword.groovy:85)
	at com.kms.katalon.core.webui.keyword.builtin.VerifyElementPresentKeyword$_verifyElementPresent_closure1.call(VerifyElementPresentKeyword.groovy)
	at com.kms.katalon.core.webui.keyword.internal.WebUIKeywordMain.runKeyword(WebUIKeywordMain.groovy:20)
	at com.kms.katalon.core.webui.keyword.builtin.VerifyElementPresentKeyword.verifyElementPresent(VerifyElementPresentKeyword.groovy:92)
	at com.kms.katalon.core.webui.keyword.builtin.VerifyElementPresentKeyword.execute(VerifyElementPresentKeyword.groovy:68)
	at com.kms.katalon.core.keyword.internal.KeywordExecutor.executeKeywordForPlatform(KeywordExecutor.groovy:74)
	at com.kms.katalon.core.webui.keyword.WebUiBuiltInKeywords.verifyElementPresent(WebUiBuiltInKeywords.groovy:1448)
	at com.kazurayam.ksbackyard.HighlightElement$_pandemic_closure1.doCall(HighlightElement.groovy:105)
	at Erreur lie a la confidentialite.run(Erreur lie a la confidentialite:43)
	at com.kms.katalon.core.main.ScriptEngine.run(ScriptEngine.java:194)
	at com.kms.katalon.core.main.ScriptEngine.runScriptAsRawText(ScriptEngine.java:119)
	at com.kms.katalon.core.main.TestCaseExecutor.runScript(TestCaseExecutor.java:448)
	at com.kms.katalon.core.main.TestCaseExecutor.doExecute(TestCaseExecutor.java:439)
	at com.kms.katalon.core.main.TestCaseExecutor.processExecutionPhase(TestCaseExecutor.java:418)
	at com.kms.katalon.core.main.TestCaseExecutor.accessMainPhase(TestCaseExecutor.java:410)
	at com.kms.katalon.core.main.TestCaseExecutor.execute(TestCaseExecutor.java:285)
	at com.kms.katalon.core.main.TestCaseMain.runTestCase(TestCaseMain.java:144)
	at com.kms.katalon.core.keyword.builtin.CallTestCaseKeyword$_callTestCase_closure1.doCall(CallTestCaseKeyword.groovy:59)
	at com.kms.katalon.core.keyword.builtin.CallTestCaseKeyword$_callTestCase_closure1.call(CallTestCaseKeyword.groovy)
	at com.kms.katalon.core.keyword.internal.KeywordMain.runKeyword(KeywordMain.groovy:75)
	at com.kms.katalon.core.keyword.builtin.CallTestCaseKeyword.callTestCase(CallTestCaseKeyword.groovy:81)
	at com.kms.katalon.core.keyword.builtin.CallTestCaseKeyword.execute(CallTestCaseKeyword.groovy:44)
	at com.kms.katalon.core.keyword.internal.KeywordExecutor.executeKeywordForPlatform(KeywordExecutor.groovy:74)
	at com.kms.katalon.core.keyword.BuiltinKeywords.callTestCase(BuiltinKeywords.groovy:310)
	at com.kazurayam.ksbackyard.HighlightElement$_pandemic_closure1.doCall(HighlightElement.groovy:105)
	at Identification.run(Identification:35)
	at com.kms.katalon.core.main.ScriptEngine.run(ScriptEngine.java:194)
	at com.kms.katalon.core.main.ScriptEngine.runScriptAsRawText(ScriptEngine.java:119)
	at com.kms.katalon.core.main.TestCaseExecutor.runScript(TestCaseExecutor.java:448)
	at com.kms.katalon.core.main.TestCaseExecutor.doExecute(TestCaseExecutor.java:439)
	at com.kms.katalon.core.main.TestCaseExecutor.processExecutionPhase(TestCaseExecutor.java:418)
	at com.kms.katalon.core.main.TestCaseExecutor.accessMainPhase(TestCaseExecutor.java:410)
	at com.kms.katalon.core.main.TestCaseExecutor.execute(TestCaseExecutor.java:285)
	at com.kms.katalon.core.main.TestCaseMain.runTestCase(TestCaseMain.java:144)
	at com.kms.katalon.core.keyword.builtin.CallTestCaseKeyword$_callTestCase_closure1.doCall(CallTestCaseKeyword.groovy:59)
	at com.kms.katalon.core.keyword.builtin.CallTestCaseKeyword$_callTestCase_closure1.call(CallTestCaseKeyword.groovy)
	at com.kms.katalon.core.keyword.internal.KeywordMain.runKeyword(KeywordMain.groovy:75)
	at com.kms.katalon.core.keyword.builtin.CallTestCaseKeyword.callTestCase(CallTestCaseKeyword.groovy:81)
	at com.kms.katalon.core.keyword.builtin.CallTestCaseKeyword.execute(CallTestCaseKeyword.groovy:44)
	at com.kms.katalon.core.keyword.internal.KeywordExecutor.executeKeywordForPlatform(KeywordExecutor.groovy:74)
	at com.kms.katalon.core.keyword.BuiltinKeywords.callTestCase(BuiltinKeywords.groovy:310)
	at com.kazurayam.ksbackyard.HighlightElement$_pandemic_closure1.doCall(HighlightElement.groovy:105)
	at TNR R.TSPT Supp90-Etudiant.run(TNR R.TSPT Supp90-Etudiant:35)
	at com.kms.katalon.core.main.ScriptEngine.run(ScriptEngine.java:194)
	at com.kms.katalon.core.main.ScriptEngine.runScriptAsRawText(ScriptEngine.java:119)
	at com.kms.katalon.core.main.TestCaseExecutor.runScript(TestCaseExecutor.java:448)
	at com.kms.katalon.core.main.TestCaseExecutor.doExecute(TestCaseExecutor.java:439)
	at com.kms.katalon.core.main.TestCaseExecutor.processExecutionPhase(TestCaseExecutor.java:418)
	at com.kms.katalon.core.main.TestCaseExecutor.accessMainPhase(TestCaseExecutor.java:410)
	at com.kms.katalon.core.main.TestCaseExecutor.execute(TestCaseExecutor.java:285)
	at com.kms.katalon.core.common.CommonExecutor.accessTestCaseMainPhase(CommonExecutor.java:65)
	at com.kms.katalon.core.main.TestSuiteExecutor.accessTestSuiteMainPhase(TestSuiteExecutor.java:148)
	at com.kms.katalon.core.main.TestSuiteExecutor.execute(TestSuiteExecutor.java:106)
	at com.kms.katalon.core.main.TestCaseMain.startTestSuite(TestCaseMain.java:187)
	at com.kms.katalon.core.main.TestCaseMain$startTestSuite$0.call(Unknown Source)
	at TempTestSuite1700775610776.run(TempTestSuite1700775610776.groovy:36)
)

2023-11-23 22:43:47 - [MESSAGE][INFO] - Finding Test Object 'Object Repository/Connexion Usager/Btn_Parametres Avances'

2023-11-23 22:43:47 - [MESSAGE][INFO] - Checking object

2023-11-23 22:43:47 - [MESSAGE][INFO] - Finding web element from Test Object's properties

2023-11-23 22:43:47 - [MESSAGE][INFO] - Checking timeout

2023-11-23 22:43:47 - [MESSAGE][INFO] - Finding web element with id: 'Object Repository/Connexion Usager/Btn_Parametres Avances' located by 'By.xpath: //*[@id="details-button"]' in '2' second(s)

2023-11-23 22:43:47 - [MESSAGE][INFO] - Smart Wait Function is triggered

2023-11-23 22:43:47 - [MESSAGE][INFO] - Smart Wait Function is triggered

2023-11-23 22:43:47 - [MESSAGE][INFO] - Smart Wait Function is triggered

2023-11-23 22:43:47 - [MESSAGE][INFO] - Smart Wait Function is triggered

2023-11-23 22:43:47 - [MESSAGE][INFO] - Smart Wait Function is triggered

2023-11-23 22:43:47 - [MESSAGE][INFO] - Smart Wait Function is triggered

2023-11-23 22:43:47 - [MESSAGE][INFO] - Smart Wait Function is triggered

2023-11-23 22:43:47 - [MESSAGE][INFO] - Smart Wait Function is triggered

2023-11-23 22:43:47 - [MESSAGE][INFO] - Smart Wait Function is triggered

2023-11-23 22:43:47 - [MESSAGE][INFO] - Smart Wait Function is triggered

2023-11-23 22:43:47 - [MESSAGE][INFO] - Smart Wait Function is triggered

2023-11-23 22:43:47 - [MESSAGE][INFO] - Smart Wait Function is triggered

2023-11-23 22:43:47 - [MESSAGE][INFO] - Smart Wait Function is triggered

2023-11-23 22:43:47 - [MESSAGE][INFO] - Smart Wait Function is triggered

2023-11-23 22:43:47 - [MESSAGE][INFO] - Smart Wait Function is triggered

2023-11-23 22:43:47 - [MESSAGE][INFO] - Smart Wait Function is triggered

2023-11-23 22:43:48 - [MESSAGE][INFO] - Smart Wait Function is triggered

2023-11-23 22:43:48 - [MESSAGE][INFO] - Smart Wait Function is triggered

2023-11-23 22:43:48 - [MESSAGE][INFO] - Smart Wait Function is triggered

2023-11-23 22:43:48 - [MESSAGE][INFO] - Smart Wait Function is triggered

2023-11-23 22:43:48 - [MESSAGE][INFO] - Smart Wait Function is triggered

2023-11-23 22:43:48 - [MESSAGE][INFO] - Smart Wait Function is triggered

2023-11-23 22:43:48 - [MESSAGE][INFO] - Smart Wait Function is triggered

2023-11-23 22:43:48 - [MESSAGE][INFO] - Smart Wait Function is triggered

2023-11-23 22:43:48 - [MESSAGE][INFO] - Smart Wait Function is triggered

2023-11-23 22:43:48 - [MESSAGE][INFO] - Smart Wait Function is triggered

2023-11-23 22:43:48 - [MESSAGE][INFO] - Smart Wait Function is triggered

2023-11-23 22:43:48 - [MESSAGE][INFO] - Smart Wait Function is triggered

2023-11-23 22:43:48 - [MESSAGE][INFO] - Smart Wait Function is triggered

2023-11-23 22:43:48 - [MESSAGE][INFO] - Smart Wait Function is triggered

2023-11-23 22:43:48 - [MESSAGE][INFO] - Smart Wait Function is triggered

2023-11-23 22:43:48 - [MESSAGE][INFO] - Smart Wait Function is triggered

2023-11-23 22:43:48 - [MESSAGE][INFO] - Smart Wait Function is triggered

2023-11-23 22:43:48 - [MESSAGE][INFO] - Smart Wait Function is triggered

2023-11-23 22:43:48 - [MESSAGE][INFO] - Smart Wait Function is triggered

2023-11-23 22:43:48 - [MESSAGE][INFO] - Smart Wait Function is triggered

2023-11-23 22:43:48 - [MESSAGE][INFO] - Smart Wait Function is triggered

2023-11-23 22:43:48 - [MESSAGE][INFO] - Smart Wait Function is triggered

2023-11-23 22:43:48 - [MESSAGE][INFO] - Smart Wait Function is triggered

2023-11-23 22:43:48 - [MESSAGE][INFO] - Smart Wait Function is triggered

2023-11-23 22:43:48 - [MESSAGE][INFO] - Smart Wait Function is triggered

2023-11-23 22:43:48 - [MESSAGE][INFO] - Smart Wait Function is triggered

2023-11-23 22:43:48 - [MESSAGE][INFO] - Smart Wait Function is triggered

2023-11-23 22:43:48 - [MESSAGE][INFO] - Smart Wait Function is triggered

2023-11-23 22:43:48 - [MESSAGE][INFO] - Smart Wait Function is triggered

2023-11-23 22:43:48 - [MESSAGE][INFO] - Smart Wait Function is triggered

2023-11-23 22:43:48 - [MESSAGE][INFO] - Smart Wait Function is triggered

2023-11-23 22:43:49 - [MESSAGE][INFO] - Smart Wait Function is triggered

2023-11-23 22:43:49 - [MESSAGE][INFO] - Smart Wait Function is triggered

2023-11-23 22:43:49 - [MESSAGE][INFO] - Smart Wait Function is triggered

2023-11-23 22:43:49 - [MESSAGE][INFO] - Smart Wait Function is triggered

2023-11-23 22:43:49 - [MESSAGE][INFO] - Smart Wait Function is triggered

2023-11-23 22:43:49 - [MESSAGE][INFO] - Smart Wait Function is triggered

2023-11-23 22:43:49 - [MESSAGE][INFO] - Smart Wait Function is triggered

2023-11-23 22:43:49 - [MESSAGE][INFO] - Smart Wait Function is triggered

2023-11-23 22:43:49 - [MESSAGE][INFO] - Smart Wait Function is triggered

2023-11-23 22:43:49 - [MESSAGE][INFO] - Smart Wait Function is triggered

2023-11-23 22:43:49 - [MESSAGE][INFO] - Smart Wait Function is triggered

2023-11-23 22:43:49 - [MESSAGE][INFO] - Smart Wait Function is triggered

2023-11-23 22:43:49 - [MESSAGE][INFO] - Smart Wait Function is triggered

2023-11-23 22:43:49 - [MESSAGE][INFO] - Smart Wait Function is triggered

2023-11-23 22:43:49 - [MESSAGE][INFO] - Smart Wait Function is triggered

2023-11-23 22:43:49 - [MESSAGE][INFO] - Smart Wait Function is triggered

2023-11-23 22:43:49 - [MESSAGE][INFO] - Smart Wait Function is triggered

2023-11-23 22:43:49 - [MESSAGE][INFO] - Smart Wait Function is triggered

2023-11-23 22:43:49 - [MESSAGE][INFO] - Smart Wait Function is triggered

2023-11-23 22:43:49 - [MESSAGE][INFO] - Smart Wait Function is triggered

2023-11-23 22:43:49 - [MESSAGE][INFO] - Smart Wait Function is triggered

2023-11-23 22:43:49 - [MESSAGE][INFO] - Smart Wait Function is triggered

2023-11-23 22:43:49 - [MESSAGE][INFO] - Smart Wait Function is triggered

2023-11-23 22:43:49 - [MESSAGE][INFO] - Smart Wait Function is triggered

2023-11-23 22:43:49 - [MESSAGE][INFO] - Smart Wait Function is triggered

2023-11-23 22:43:49 - [MESSAGE][INFO] - Smart Wait Function is triggered

2023-11-23 22:43:49 - [MESSAGE][INFO] - Smart Wait Function is triggered

2023-11-23 22:43:49 - [MESSAGE][INFO] - Smart Wait Function is triggered

2023-11-23 22:43:49 - [MESSAGE][INFO] - Smart Wait Function is triggered

2023-11-23 22:43:49 - [MESSAGE][INFO] - Smart Wait Function is triggered

2023-11-23 22:43:50 - [MESSAGE][INFO] - Smart Wait Function is triggered

2023-11-23 22:43:50 - [MESSAGE][INFO] - Smart Wait Function is triggered

2023-11-23 22:43:50 - [MESSAGE][INFO] - Smart Wait Function is triggered

2023-11-23 22:43:50 - [MESSAGE][INFO] - Smart Wait Function is triggered

2023-11-23 22:43:50 - [MESSAGE][INFO] - Smart Wait Function is triggered

2023-11-23 22:43:50 - [MESSAGE][INFO] - Smart Wait Function is triggered

2023-11-23 22:43:50 - [MESSAGE][INFO] - Smart Wait Function is triggered

2023-11-23 22:43:50 - [MESSAGE][INFO] - Smart Wait Function is triggered

2023-11-23 22:43:50 - [MESSAGE][INFO] - Smart Wait Function is triggered

2023-11-23 22:43:50 - [MESSAGE][INFO] - Smart Wait Function is triggered

2023-11-23 22:43:50 - [MESSAGE][INFO] - Smart Wait Function is triggered

2023-11-23 22:43:50 - [MESSAGE][INFO] - Smart Wait Function is triggered

2023-11-23 22:43:50 - [MESSAGE][INFO] - Smart Wait Function is triggered

2023-11-23 22:43:50 - [MESSAGE][INFO] - Smart Wait Function is triggered

2023-11-23 22:43:50 - [MESSAGE][INFO] - Smart Wait Function is triggered

2023-11-23 22:43:50 - [MESSAGE][INFO] - Smart Wait Function is triggered

2023-11-23 22:43:50 - [MESSAGE][INFO] - Unable to find the element located by 'By.xpath: //*[@id="details-button"]'. Please recheck the objects properties to make sure the desired element is located. 

2023-11-23 22:43:50 - [MESSAGE][WARNING] - com.kms.katalon.core.webui.exception.WebElementNotFoundException: Web element with id: 'Object Repository/Connexion Usager/Btn_Parametres Avances' located by '//*[@id="details-button"]' not found (Root cause: com.kms.katalon.core.exception.StepFailedException: com.kms.katalon.core.webui.exception.WebElementNotFoundException: Web element with id: 'Object Repository/Connexion Usager/Btn_Parametres Avances' located by '//*[@id="details-button"]' not found
	at com.kms.katalon.core.webui.keyword.internal.WebUIKeywordMain.stepFailed(WebUIKeywordMain.groovy:64)
	at com.kms.katalon.core.webui.keyword.builtin.VerifyElementPresentKeyword$_verifyElementPresent_closure1.doCall(VerifyElementPresentKeyword.groovy:85)
	at com.kms.katalon.core.webui.keyword.builtin.VerifyElementPresentKeyword$_verifyElementPresent_closure1.call(VerifyElementPresentKeyword.groovy)
	at com.kms.katalon.core.webui.keyword.internal.WebUIKeywordMain.runKeyword(WebUIKeywordMain.groovy:20)
	at com.kms.katalon.core.webui.keyword.builtin.VerifyElementPresentKeyword.verifyElementPresent(VerifyElementPresentKeyword.groovy:92)
	at com.kms.katalon.core.webui.keyword.builtin.VerifyElementPresentKeyword.execute(VerifyElementPresentKeyword.groovy:68)
	at com.kms.katalon.core.keyword.internal.KeywordExecutor.executeKeywordForPlatform(KeywordExecutor.groovy:74)
	at com.kms.katalon.core.webui.keyword.WebUiBuiltInKeywords.verifyElementPresent(WebUiBuiltInKeywords.groovy:1448)
	at com.kazurayam.ksbackyard.HighlightElement$_pandemic_closure1.doCall(HighlightElement.groovy:105)
	at Erreur lie a la confidentialite.run(Erreur lie a la confidentialite:43)
	at com.kms.katalon.core.main.ScriptEngine.run(ScriptEngine.java:194)
	at com.kms.katalon.core.main.ScriptEngine.runScriptAsRawText(ScriptEngine.java:119)
	at com.kms.katalon.core.main.TestCaseExecutor.runScript(TestCaseExecutor.java:448)
	at com.kms.katalon.core.main.TestCaseExecutor.doExecute(TestCaseExecutor.java:439)
	at com.kms.katalon.core.main.TestCaseExecutor.processExecutionPhase(TestCaseExecutor.java:418)
	at com.kms.katalon.core.main.TestCaseExecutor.accessMainPhase(TestCaseExecutor.java:410)
	at com.kms.katalon.core.main.TestCaseExecutor.execute(TestCaseExecutor.java:285)
	at com.kms.katalon.core.main.TestCaseMain.runTestCase(TestCaseMain.java:144)
	at com.kms.katalon.core.keyword.builtin.CallTestCaseKeyword$_callTestCase_closure1.doCall(CallTestCaseKeyword.groovy:59)
	at com.kms.katalon.core.keyword.builtin.CallTestCaseKeyword$_callTestCase_closure1.call(CallTestCaseKeyword.groovy)
	at com.kms.katalon.core.keyword.internal.KeywordMain.runKeyword(KeywordMain.groovy:75)
	at com.kms.katalon.core.keyword.builtin.CallTestCaseKeyword.callTestCase(CallTestCaseKeyword.groovy:81)
	at com.kms.katalon.core.keyword.builtin.CallTestCaseKeyword.execute(CallTestCaseKeyword.groovy:44)
	at com.kms.katalon.core.keyword.internal.KeywordExecutor.executeKeywordForPlatform(KeywordExecutor.groovy:74)
	at com.kms.katalon.core.keyword.BuiltinKeywords.callTestCase(BuiltinKeywords.groovy:310)
	at com.kazurayam.ksbackyard.HighlightElement$_pandemic_closure1.doCall(HighlightElement.groovy:105)
	at Identification.run(Identification:35)
	at com.kms.katalon.core.main.ScriptEngine.run(ScriptEngine.java:194)
	at com.kms.katalon.core.main.ScriptEngine.runScriptAsRawText(ScriptEngine.java:119)
	at com.kms.katalon.core.main.TestCaseExecutor.runScript(TestCaseExecutor.java:448)
	at com.kms.katalon.core.main.TestCaseExecutor.doExecute(TestCaseExecutor.java:439)
	at com.kms.katalon.core.main.TestCaseExecutor.processExecutionPhase(TestCaseExecutor.java:418)
	at com.kms.katalon.core.main.TestCaseExecutor.accessMainPhase(TestCaseExecutor.java:410)
	at com.kms.katalon.core.main.TestCaseExecutor.execute(TestCaseExecutor.java:285)
	at com.kms.katalon.core.main.TestCaseMain.runTestCase(TestCaseMain.java:144)
	at com.kms.katalon.core.keyword.builtin.CallTestCaseKeyword$_callTestCase_closure1.doCall(CallTestCaseKeyword.groovy:59)
	at com.kms.katalon.core.keyword.builtin.CallTestCaseKeyword$_callTestCase_closure1.call(CallTestCaseKeyword.groovy)
	at com.kms.katalon.core.keyword.internal.KeywordMain.runKeyword(KeywordMain.groovy:75)
	at com.kms.katalon.core.keyword.builtin.CallTestCaseKeyword.callTestCase(CallTestCaseKeyword.groovy:81)
	at com.kms.katalon.core.keyword.builtin.CallTestCaseKeyword.execute(CallTestCaseKeyword.groovy:44)
	at com.kms.katalon.core.keyword.internal.KeywordExecutor.executeKeywordForPlatform(KeywordExecutor.groovy:74)
	at com.kms.katalon.core.keyword.BuiltinKeywords.callTestCase(BuiltinKeywords.groovy:310)
	at com.kazurayam.ksbackyard.HighlightElement$_pandemic_closure1.doCall(HighlightElement.groovy:105)
	at TNR R.TSPT Supp90-Etudiant.run(TNR R.TSPT Supp90-Etudiant:35)
	at com.kms.katalon.core.main.ScriptEngine.run(ScriptEngine.java:194)
	at com.kms.katalon.core.main.ScriptEngine.runScriptAsRawText(ScriptEngine.java:119)
	at com.kms.katalon.core.main.TestCaseExecutor.runScript(TestCaseExecutor.java:448)
	at com.kms.katalon.core.main.TestCaseExecutor.doExecute(TestCaseExecutor.java:439)
	at com.kms.katalon.core.main.TestCaseExecutor.processExecutionPhase(TestCaseExecutor.java:418)
	at com.kms.katalon.core.main.TestCaseExecutor.accessMainPhase(TestCaseExecutor.java:410)
	at com.kms.katalon.core.main.TestCaseExecutor.execute(TestCaseExecutor.java:285)
	at com.kms.katalon.core.common.CommonExecutor.accessTestCaseMainPhase(CommonExecutor.java:65)
	at com.kms.katalon.core.main.TestSuiteExecutor.accessTestSuiteMainPhase(TestSuiteExecutor.java:148)
	at com.kms.katalon.core.main.TestSuiteExecutor.execute(TestSuiteExecutor.java:106)
	at com.kms.katalon.core.main.TestCaseMain.startTestSuite(TestCaseMain.java:187)
	at com.kms.katalon.core.main.TestCaseMain$startTestSuite$0.call(Unknown Source)
	at TempTestSuite1700775610776.run(TempTestSuite1700775610776.groovy:36)
)
[[ATTACHMENT|C:\\Users\\ISSAM.RHARBAOUI\\git\\22_11\\ANEF-AutomatizationProject\\Reports\\20231123_224010\\TS_TNR_R.TSPT_Suppo90\\20231123_224010\\1700775830533.png]]

2023-11-23 22:43:50 - [TEST_STEP][PASSED] - if (DriverName == "IE_DRIVER"): null

2023-11-23 22:43:50 - [TEST_STEP][PASSED] - delay(3): Delayed 3 second(s)

2023-11-23 22:43:50 - [MESSAGE][INFO] - Delaying browser in 3 second(s)

2023-11-23 22:43:53 - [MESSAGE][PASSED] - Delayed 3 second(s)

2023-11-23 22:43:53 - [MESSAGE][PASSED] - Call Test Case 'Test Cases/Test Reutilisable/Main/Erreur lie a la confidentialite' successfully

2023-11-23 22:43:53 - [TEST_STEP][PASSED] - delay(5): Delayed 5 second(s)

2023-11-23 22:43:53 - [MESSAGE][INFO] - Delaying browser in 5 second(s)

2023-11-23 22:43:58 - [MESSAGE][PASSED] - Delayed 5 second(s)

2023-11-23 22:43:58 - [TEST_STEP][PASSED] - setText(findTestObject("Object Repository/Connexion Usager/Input_Identifiant"), NumEtrangerVisa): Text '7703040876' is set on object 'Object Repository/Connexion Usager/Input_Identifiant'

2023-11-23 22:43:58 - [MESSAGE][INFO] - Finding Test Object 'Object Repository/Connexion Usager/Input_Identifiant'

2023-11-23 22:43:58 - [MESSAGE][INFO] - Checking timeout

2023-11-23 22:43:58 - [MESSAGE][INFO] - Finding web element with id: 'Object Repository/Connexion Usager/Input_Identifiant' located by 'By.xpath: //*[@id="login"]' in '20' second(s)

2023-11-23 22:43:58 - [MESSAGE][INFO] - Smart Wait Function is triggered

2023-11-23 22:43:58 - [MESSAGE][INFO] - Found 1 web elements with id: 'Object Repository/Connexion Usager/Input_Identifiant' located by 'By.xpath: //*[@id="login"]' in '20' second(s)

2023-11-23 22:43:58 - [MESSAGE][INFO] - Checking object

2023-11-23 22:43:58 - [MESSAGE][INFO] - Checking text

2023-11-23 22:43:58 - [MESSAGE][INFO] - Finding web element from Test Object's properties

2023-11-23 22:43:58 - [MESSAGE][INFO] - Checking timeout

2023-11-23 22:43:58 - [MESSAGE][INFO] - Finding web element with id: 'Object Repository/Connexion Usager/Input_Identifiant' located by 'By.xpath: //*[@id="login"]' in '5' second(s)

2023-11-23 22:43:58 - [MESSAGE][INFO] - Smart Wait Function is triggered

2023-11-23 22:43:58 - [MESSAGE][INFO] - Found 1 web elements with id: 'Object Repository/Connexion Usager/Input_Identifiant' located by 'By.xpath: //*[@id="login"]' in '5' second(s)

2023-11-23 22:43:58 - [MESSAGE][INFO] - Clearing text of object 'Object Repository/Connexion Usager/Input_Identifiant'

2023-11-23 22:44:00 - [MESSAGE][INFO] - Finding web element from Test Object's properties

2023-11-23 22:44:00 - [MESSAGE][INFO] - Checking timeout

2023-11-23 22:44:00 - [MESSAGE][INFO] - Finding web element with id: 'Object Repository/Connexion Usager/Input_Identifiant' located by 'By.xpath: //*[@id="login"]' in '5' second(s)

2023-11-23 22:44:00 - [MESSAGE][INFO] - Smart Wait Function is triggered

2023-11-23 22:44:00 - [MESSAGE][INFO] - Found 1 web elements with id: 'Object Repository/Connexion Usager/Input_Identifiant' located by 'By.xpath: //*[@id="login"]' in '5' second(s)

2023-11-23 22:44:00 - [MESSAGE][INFO] - Setting text of object 'Object Repository/Connexion Usager/Input_Identifiant' to value '7703040876'

2023-11-23 22:44:03 - [MESSAGE][PASSED] - Text '7703040876' is set on object 'Object Repository/Connexion Usager/Input_Identifiant'

2023-11-23 22:44:03 - [TEST_STEP][PASSED] - NumEtrangerVisa = NumEtrangerVisa: null

2023-11-23 22:44:03 - [TEST_STEP][PASSED] - setEncryptedText(findTestObject("Object Repository/Connexion Usager/Input_MDP"), Password): Text ****** has been set on object 'Object Repository/Connexion Usager/Input_MDP'

2023-11-23 22:44:03 - [MESSAGE][INFO] - Finding Test Object 'Object Repository/Connexion Usager/Input_MDP'

2023-11-23 22:44:03 - [MESSAGE][INFO] - Checking timeout

2023-11-23 22:44:03 - [MESSAGE][INFO] - Finding web element with id: 'Object Repository/Connexion Usager/Input_MDP' located by 'By.xpath: //*[@id="password"]' in '20' second(s)

2023-11-23 22:44:03 - [MESSAGE][INFO] - Smart Wait Function is triggered

2023-11-23 22:44:03 - [MESSAGE][INFO] - Found 1 web elements with id: 'Object Repository/Connexion Usager/Input_MDP' located by 'By.xpath: //*[@id="password"]' in '20' second(s)

2023-11-23 22:44:03 - [MESSAGE][INFO] - Checking object

2023-11-23 22:44:03 - [MESSAGE][INFO] - Checking text

2023-11-23 22:44:03 - [MESSAGE][INFO] - Finding web element from Test Object's properties

2023-11-23 22:44:03 - [MESSAGE][INFO] - Checking timeout

2023-11-23 22:44:03 - [MESSAGE][INFO] - Finding web element with id: 'Object Repository/Connexion Usager/Input_MDP' located by 'By.xpath: //*[@id="password"]' in '5' second(s)

2023-11-23 22:44:03 - [MESSAGE][INFO] - Smart Wait Function is triggered

2023-11-23 22:44:03 - [MESSAGE][INFO] - Found 1 web elements with id: 'Object Repository/Connexion Usager/Input_MDP' located by 'By.xpath: //*[@id="password"]' in '5' second(s)

2023-11-23 22:44:03 - [MESSAGE][INFO] - Clearing text of object 'Object Repository/Connexion Usager/Input_MDP'

2023-11-23 22:44:05 - [MESSAGE][INFO] - Setting  text of object 'Object Repository/Connexion Usager/Input_MDP' to value ******

2023-11-23 22:44:07 - [MESSAGE][PASSED] - Text ****** has been set on object 'Object Repository/Connexion Usager/Input_MDP'

2023-11-23 22:44:07 - [TEST_STEP][PASSED] - click(findTestObject("Object Repository/Connexion Usager/btn_Sidentifier")): Object: 'Object Repository/Connexion Usager/btn_Sidentifier' is clicked on

2023-11-23 22:44:07 - [MESSAGE][INFO] - Finding Test Object 'Object Repository/Connexion Usager/btn_Sidentifier'

2023-11-23 22:44:07 - [MESSAGE][INFO] - Checking timeout

2023-11-23 22:44:07 - [MESSAGE][INFO] - Finding web element with id: 'Object Repository/Connexion Usager/btn_Sidentifier' located by 'By.xpath: //*[@type= 'submit']' in '20' second(s)

2023-11-23 22:44:07 - [MESSAGE][INFO] - Smart Wait Function is triggered

2023-11-23 22:44:07 - [MESSAGE][INFO] - Found 1 web elements with id: 'Object Repository/Connexion Usager/btn_Sidentifier' located by 'By.xpath: //*[@type= 'submit']' in '20' second(s)

2023-11-23 22:44:07 - [MESSAGE][INFO] - Checking object

2023-11-23 22:44:07 - [MESSAGE][INFO] - Checking timeout

2023-11-23 22:44:07 - [MESSAGE][INFO] - Finding web element from Test Object's properties

2023-11-23 22:44:07 - [MESSAGE][INFO] - Checking timeout

2023-11-23 22:44:07 - [MESSAGE][INFO] - Finding web element with id: 'Object Repository/Connexion Usager/btn_Sidentifier' located by 'By.xpath: //*[@type= 'submit']' in '5' second(s)

2023-11-23 22:44:07 - [MESSAGE][INFO] - Smart Wait Function is triggered

2023-11-23 22:44:07 - [MESSAGE][INFO] - Found 1 web elements with id: 'Object Repository/Connexion Usager/btn_Sidentifier' located by 'By.xpath: //*[@type= 'submit']' in '5' second(s)

2023-11-23 22:44:07 - [MESSAGE][INFO] - Clicking on object: 'Object Repository/Connexion Usager/btn_Sidentifier'

2023-11-23 22:44:10 - [MESSAGE][PASSED] - Object: 'Object Repository/Connexion Usager/btn_Sidentifier' is clicked on

2023-11-23 22:44:10 - [TEST_STEP][PASSED] - delay(15): Delayed 15 second(s)

2023-11-23 22:44:10 - [MESSAGE][INFO] - Delaying browser in 15 second(s)

2023-11-23 22:44:26 - [MESSAGE][PASSED] - Delayed 15 second(s)

2023-11-23 22:44:26 - [TEST_STEP][PASSED] - verifyElementPresent(findTestObject("Object Repository/Page_Accueil_Usager/Span_MesNotifications"), 2, STOP_ON_FAILURE): Object 'Object Repository/Page_Accueil_Usager/Span_MesNotifications' is present

2023-11-23 22:44:26 - [MESSAGE][INFO] - Finding Test Object 'Object Repository/Page_Accueil_Usager/Span_MesNotifications'

2023-11-23 22:44:26 - [MESSAGE][INFO] - Checking object

2023-11-23 22:44:26 - [MESSAGE][INFO] - Finding web element from Test Object's properties

2023-11-23 22:44:26 - [MESSAGE][INFO] - Checking timeout

2023-11-23 22:44:26 - [MESSAGE][INFO] - Finding web element with id: 'Object Repository/Page_Accueil_Usager/Span_MesNotifications' located by 'By.xpath: //*[@id="navBar-new"]/nav/div[3]/div/div/ul/li[1]/a/span' in '2' second(s)

2023-11-23 22:44:26 - [MESSAGE][INFO] - Smart Wait Function is triggered

2023-11-23 22:44:26 - [MESSAGE][INFO] - Found 1 web elements with id: 'Object Repository/Page_Accueil_Usager/Span_MesNotifications' located by 'By.xpath: //*[@id="navBar-new"]/nav/div[3]/div/div/ul/li[1]/a/span' in '2' second(s)

2023-11-23 22:44:26 - [MESSAGE][PASSED] - Object 'Object Repository/Page_Accueil_Usager/Span_MesNotifications' is present

2023-11-23 22:44:26 - [TEST_STEP][PASSED] - if (Profiles == "Agent"): null

2023-11-23 22:44:26 - [TEST_STEP][PASSED] - else: null

2023-11-23 22:44:26 - [TEST_STEP][PASSED] - println("Vérifier le Portail de votre connexion Usager ou Agent"): null

2023-11-23 22:44:26 - [MESSAGE][PASSED] - Call Test Case 'Test Cases/Test Reutilisable/Main/Identification' successfully

2023-11-23 22:44:26 - [TEST_STEP][PASSED] - callTestCase(findTestCase("Test Reutilisable/DemandeOuRenouvelle_TitreSejour/DemandeOuRenouvelleTitreSejour"), [:], STOP_ON_FAILURE): Call Test Case 'Test Cases/Test Reutilisable/DemandeOuRenouvelle_TitreSejour/DemandeOuRenouvelleTitreSejour' successfully

2023-11-23 22:44:26 - [MESSAGE][INFO] - Checking called Test Case

2023-11-23 22:44:26 - [MESSAGE][INFO] - Starting to call Test Case 'Test Cases/Test Reutilisable/DemandeOuRenouvelle_TitreSejour/DemandeOuRenouvelleTitreSejour'

2023-11-23 22:44:26 - [TEST_CASE][PASSED] - Test Cases/Test Reutilisable/DemandeOuRenouvelle_TitreSejour/DemandeOuRenouvelleTitreSejour: Test Cases/Test Reutilisable/DemandeOuRenouvelle_TitreSejour/DemandeOuRenouvelleTitreSejour

2023-11-23 22:44:26 - [TEST_STEP][PASSED] - com.kazurayam.ksbackyard.HighlightElement.pandemic(): com.kazurayam.ksbackyard.HighlightElement.pandemic is PASSED

2023-11-23 22:44:26 - [MESSAGE][PASSED] - com.kazurayam.ksbackyard.HighlightElement.pandemic is PASSED

2023-11-23 22:44:26 - [TEST_STEP][PASSED] - delay(3): Delayed 3 second(s)

2023-11-23 22:44:26 - [MESSAGE][INFO] - Delaying browser in 3 second(s)

2023-11-23 22:44:29 - [MESSAGE][PASSED] - Delayed 3 second(s)

2023-11-23 22:44:29 - [TEST_STEP][PASSED] - doubleClick(findTestObject("Object Repository/Page_Accueil_Usager/btn_DemandeOuRenouvelleTitreSejour")): Object: 'Object Repository/Page_Accueil_Usager/btn_DemandeOuRenouvelleTitreSejour' is double clicked on

2023-11-23 22:44:29 - [MESSAGE][INFO] - Finding Test Object 'Object Repository/Page_Accueil_Usager/btn_DemandeOuRenouvelleTitreSejour'

2023-11-23 22:44:29 - [MESSAGE][INFO] - Checking object

2023-11-23 22:44:29 - [MESSAGE][INFO] - Finding web element from Test Object's properties

2023-11-23 22:44:29 - [MESSAGE][INFO] - Checking timeout

2023-11-23 22:44:29 - [MESSAGE][INFO] - Finding web element with id: 'Object Repository/Page_Accueil_Usager/btn_DemandeOuRenouvelleTitreSejour' located by 'By.xpath: //app-portal//app-portal-root/app-default-root-content/div/div/anef-tile[1]/a/span/span[2]' in '5' second(s)

2023-11-23 22:44:29 - [MESSAGE][INFO] - Smart Wait Function is triggered

2023-11-23 22:44:29 - [MESSAGE][INFO] - Found 1 web elements with id: 'Object Repository/Page_Accueil_Usager/btn_DemandeOuRenouvelleTitreSejour' located by 'By.xpath: //app-portal//app-portal-root/app-default-root-content/div/div/anef-tile[1]/a/span/span[2]' in '5' second(s)

2023-11-23 22:44:29 - [MESSAGE][INFO] - Double clicking on object: 'Object Repository/Page_Accueil_Usager/btn_DemandeOuRenouvelleTitreSejour'

2023-11-23 22:44:29 - [MESSAGE][PASSED] - Object: 'Object Repository/Page_Accueil_Usager/btn_DemandeOuRenouvelleTitreSejour' is double clicked on

2023-11-23 22:44:29 - [TEST_STEP][PASSED] - delay(3): Delayed 3 second(s)

2023-11-23 22:44:29 - [MESSAGE][INFO] - Delaying browser in 3 second(s)

2023-11-23 22:44:33 - [MESSAGE][PASSED] - Delayed 3 second(s)

2023-11-23 22:44:33 - [TEST_STEP][PASSED] - switch (PourQui): null

2023-11-23 22:44:33 - [TEST_STEP][PASSED] - case "Moi-même":: null

2023-11-23 22:44:33 - [TEST_STEP][PASSED] - check(findTestObject("Object Repository/Page_Accueil_Usager/CheckBox_Moi-meme")): Object 'Object Repository/Page_Accueil_Usager/CheckBox_Moi-meme' is checked

2023-11-23 22:44:33 - [MESSAGE][INFO] - Finding Test Object 'Object Repository/Page_Accueil_Usager/CheckBox_Moi-meme'

2023-11-23 22:44:33 - [MESSAGE][INFO] - Checking object

2023-11-23 22:44:33 - [MESSAGE][INFO] - Finding web element from Test Object's properties

2023-11-23 22:44:33 - [MESSAGE][INFO] - Checking timeout

2023-11-23 22:44:33 - [MESSAGE][INFO] - Finding web element with id: 'Object Repository/Page_Accueil_Usager/CheckBox_Moi-meme' located by 'By.xpath: //*/div[1]/app-radio-tree-button/div/p-radiobutton/div/div[2]/span' in '5' second(s)

2023-11-23 22:44:33 - [MESSAGE][INFO] - Smart Wait Function is triggered

2023-11-23 22:44:33 - [MESSAGE][INFO] - Found 1 web elements with id: 'Object Repository/Page_Accueil_Usager/CheckBox_Moi-meme' located by 'By.xpath: //*/div[1]/app-radio-tree-button/div/p-radiobutton/div/div[2]/span' in '5' second(s)

2023-11-23 22:44:33 - [MESSAGE][INFO] - Checking on bject 'Object Repository/Page_Accueil_Usager/CheckBox_Moi-meme'

2023-11-23 22:44:35 - [MESSAGE][PASSED] - Object 'Object Repository/Page_Accueil_Usager/CheckBox_Moi-meme' is checked

2023-11-23 22:44:35 - [TEST_STEP][PASSED] - break: null

2023-11-23 22:44:35 - [TEST_STEP][PASSED] - click(findTestObject("Object Repository/Page_Accueil_Usager/btn_JeContinue")): Object: 'Object Repository/Page_Accueil_Usager/btn_JeContinue' is clicked on

2023-11-23 22:44:35 - [MESSAGE][INFO] - Finding Test Object 'Object Repository/Page_Accueil_Usager/btn_JeContinue'

2023-11-23 22:44:35 - [MESSAGE][INFO] - Checking timeout

2023-11-23 22:44:35 - [MESSAGE][INFO] - Finding web element with id: 'Object Repository/Page_Accueil_Usager/btn_JeContinue' located by 'By.xpath: //*[@ng-reflect-label='Je continue']|/html/body/app-root/div/app-portal/main/app-triage-demandeur/div/div/div/form/div[2]/button/span' in '20' second(s)

2023-11-23 22:44:35 - [MESSAGE][INFO] - Smart Wait Function is triggered

2023-11-23 22:44:35 - [MESSAGE][INFO] - Found 1 web elements with id: 'Object Repository/Page_Accueil_Usager/btn_JeContinue' located by 'By.xpath: //*[@ng-reflect-label='Je continue']|/html/body/app-root/div/app-portal/main/app-triage-demandeur/div/div/div/form/div[2]/button/span' in '20' second(s)

2023-11-23 22:44:35 - [MESSAGE][INFO] - Checking object

2023-11-23 22:44:35 - [MESSAGE][INFO] - Checking timeout

2023-11-23 22:44:35 - [MESSAGE][INFO] - Finding web element from Test Object's properties

2023-11-23 22:44:35 - [MESSAGE][INFO] - Checking timeout

2023-11-23 22:44:35 - [MESSAGE][INFO] - Finding web element with id: 'Object Repository/Page_Accueil_Usager/btn_JeContinue' located by 'By.xpath: //*[@ng-reflect-label='Je continue']|/html/body/app-root/div/app-portal/main/app-triage-demandeur/div/div/div/form/div[2]/button/span' in '5' second(s)

2023-11-23 22:44:35 - [MESSAGE][INFO] - Smart Wait Function is triggered

2023-11-23 22:44:35 - [MESSAGE][INFO] - Found 1 web elements with id: 'Object Repository/Page_Accueil_Usager/btn_JeContinue' located by 'By.xpath: //*[@ng-reflect-label='Je continue']|/html/body/app-root/div/app-portal/main/app-triage-demandeur/div/div/div/form/div[2]/button/span' in '5' second(s)

2023-11-23 22:44:35 - [MESSAGE][INFO] - Clicking on object: 'Object Repository/Page_Accueil_Usager/btn_JeContinue'

2023-11-23 22:44:37 - [MESSAGE][PASSED] - Object: 'Object Repository/Page_Accueil_Usager/btn_JeContinue' is clicked on

2023-11-23 22:44:37 - [MESSAGE][PASSED] - Call Test Case 'Test Cases/Test Reutilisable/DemandeOuRenouvelle_TitreSejour/DemandeOuRenouvelleTitreSejour' successfully

2023-11-23 22:44:37 - [TEST_STEP][PASSED] - callTestCase(findTestCase("Test Reutilisable/DemandeOuRenouvelle_TitreSejour/FormulaireTypeDeTitreDeSejour"), ["TypeTitreDeSejour":TypeTitreDeSejour, "Titre":Titre], STOP_ON_FAILURE): Call Test Case 'Test Cases/Test Reutilisable/DemandeOuRenouvelle_TitreSejour/FormulaireTypeDeTitreDeSejour' successfully

2023-11-23 22:44:37 - [MESSAGE][INFO] - Checking called Test Case

2023-11-23 22:44:37 - [MESSAGE][INFO] - Starting to call Test Case 'Test Cases/Test Reutilisable/DemandeOuRenouvelle_TitreSejour/FormulaireTypeDeTitreDeSejour'

2023-11-23 22:44:37 - [TEST_CASE][PASSED] - Test Cases/Test Reutilisable/DemandeOuRenouvelle_TitreSejour/FormulaireTypeDeTitreDeSejour: Test Cases/Test Reutilisable/DemandeOuRenouvelle_TitreSejour/FormulaireTypeDeTitreDeSejour

2023-11-23 22:44:38 - [TEST_STEP][PASSED] - com.kazurayam.ksbackyard.HighlightElement.pandemic(): com.kazurayam.ksbackyard.HighlightElement.pandemic is PASSED

2023-11-23 22:44:38 - [MESSAGE][PASSED] - com.kazurayam.ksbackyard.HighlightElement.pandemic is PASSED

2023-11-23 22:44:38 - [TEST_STEP][PASSED] - delay(10): Delayed 10 second(s)

2023-11-23 22:44:38 - [MESSAGE][INFO] - Delaying browser in 10 second(s)

2023-11-23 22:44:48 - [MESSAGE][PASSED] - Delayed 10 second(s)

2023-11-23 22:44:48 - [TEST_STEP][PASSED] - switch (TypeTitreDeSejour): null

2023-11-23 22:44:48 - [TEST_STEP][PASSED] - case "ChercheurEtChercheurEnMobilite":: null

2023-11-23 22:44:48 - [TEST_STEP][PASSED] - if (Titre == "Visiteur" || Titre == "Etudiant"): Object: 'Object Repository/Page_DemarcheRenouvellement/Btn_JeContinue' is clicked on

2023-11-23 22:44:48 - [TEST_STEP][PASSED] - check(findTestObject("Object Repository/Page_DemarcheRenouvellement/CheckBox_SolliciteTS_PasseportTalent")): Object 'Object Repository/Page_DemarcheRenouvellement/CheckBox_SolliciteTS_PasseportTalent' is checked

2023-11-23 22:44:48 - [MESSAGE][INFO] - Finding Test Object 'Object Repository/Page_DemarcheRenouvellement/CheckBox_SolliciteTS_PasseportTalent'

2023-11-23 22:44:48 - [MESSAGE][INFO] - Checking object

2023-11-23 22:44:48 - [MESSAGE][INFO] - Finding web element from Test Object's properties

2023-11-23 22:44:48 - [MESSAGE][INFO] - Checking timeout

2023-11-23 22:44:48 - [MESSAGE][INFO] - Finding web element with id: 'Object Repository/Page_DemarcheRenouvellement/CheckBox_SolliciteTS_PasseportTalent' located by 'By.xpath: //*/div[3]/app-radio-tree-button/div/p-radiobutton/div/div[2]/span' in '5' second(s)

2023-11-23 22:44:48 - [MESSAGE][INFO] - Smart Wait Function is triggered

2023-11-23 22:44:48 - [MESSAGE][INFO] - Found 1 web elements with id: 'Object Repository/Page_DemarcheRenouvellement/CheckBox_SolliciteTS_PasseportTalent' located by 'By.xpath: //*/div[3]/app-radio-tree-button/div/p-radiobutton/div/div[2]/span' in '5' second(s)

2023-11-23 22:44:48 - [MESSAGE][INFO] - Checking on bject 'Object Repository/Page_DemarcheRenouvellement/CheckBox_SolliciteTS_PasseportTalent'

2023-11-23 22:44:50 - [MESSAGE][PASSED] - Object 'Object Repository/Page_DemarcheRenouvellement/CheckBox_SolliciteTS_PasseportTalent' is checked

2023-11-23 22:44:50 - [TEST_STEP][PASSED] - check(findTestObject("Object Repository/Page_DemarcheRenouvellement/CheckBox_SolliciteTS_ChercheurEtChercheurEnMobilite")): Object 'Object Repository/Page_DemarcheRenouvellement/CheckBox_SolliciteTS_ChercheurEtChercheurEnMobilite' is checked

2023-11-23 22:44:50 - [MESSAGE][INFO] - Finding Test Object 'Object Repository/Page_DemarcheRenouvellement/CheckBox_SolliciteTS_ChercheurEtChercheurEnMobilite'

2023-11-23 22:44:51 - [MESSAGE][INFO] - Checking object

2023-11-23 22:44:51 - [MESSAGE][INFO] - Finding web element from Test Object's properties

2023-11-23 22:44:51 - [MESSAGE][INFO] - Checking timeout

2023-11-23 22:44:51 - [MESSAGE][INFO] - Finding web element with id: 'Object Repository/Page_DemarcheRenouvellement/CheckBox_SolliciteTS_ChercheurEtChercheurEnMobilite' located by 'By.xpath: //div/form/div[1]/div[2]/fieldset/div[3]/app-radio-tree-button/div/div/div[2]/app-radio-tree-button/div/p-radiobutton/div/div[2]/span' in '5' second(s)

2023-11-23 22:44:51 - [MESSAGE][INFO] - Smart Wait Function is triggered

2023-11-23 22:44:51 - [MESSAGE][INFO] - Found 1 web elements with id: 'Object Repository/Page_DemarcheRenouvellement/CheckBox_SolliciteTS_ChercheurEtChercheurEnMobilite' located by 'By.xpath: //div/form/div[1]/div[2]/fieldset/div[3]/app-radio-tree-button/div/div/div[2]/app-radio-tree-button/div/p-radiobutton/div/div[2]/span' in '5' second(s)

2023-11-23 22:44:51 - [MESSAGE][INFO] - Checking on bject 'Object Repository/Page_DemarcheRenouvellement/CheckBox_SolliciteTS_ChercheurEtChercheurEnMobilite'

2023-11-23 22:44:53 - [MESSAGE][PASSED] - Object 'Object Repository/Page_DemarcheRenouvellement/CheckBox_SolliciteTS_ChercheurEtChercheurEnMobilite' is checked

2023-11-23 22:44:53 - [TEST_STEP][PASSED] - click(findTestObject("Object Repository/Page_DemarcheRenouvellement/btn_JeCommence")): Object: 'Object Repository/Page_DemarcheRenouvellement/btn_JeCommence' is clicked on

2023-11-23 22:44:53 - [MESSAGE][INFO] - Finding Test Object 'Object Repository/Page_DemarcheRenouvellement/btn_JeCommence'

2023-11-23 22:44:53 - [MESSAGE][INFO] - Checking timeout

2023-11-23 22:44:53 - [MESSAGE][INFO] - Finding web element with id: 'Object Repository/Page_DemarcheRenouvellement/btn_JeCommence' located by 'By.xpath: //app-informations-declaration//app-actions-bar//button/span[contains(.,'Je continue')]|//app-informations-demande-ptsq//app-actions-bar//button/span[contains(.,'Je continue')]|//*/div[2]/button/span|//button[@type="submit" and contains(., 'Je commence')]|//button[@type="submit" and contains(., 'Je continue')]' in '20' second(s)

2023-11-23 22:44:53 - [MESSAGE][INFO] - Smart Wait Function is triggered

2023-11-23 22:44:53 - [MESSAGE][INFO] - Found 1 web elements with id: 'Object Repository/Page_DemarcheRenouvellement/btn_JeCommence' located by 'By.xpath: //app-informations-declaration//app-actions-bar//button/span[contains(.,'Je continue')]|//app-informations-demande-ptsq//app-actions-bar//button/span[contains(.,'Je continue')]|//*/div[2]/button/span|//button[@type="submit" and contains(., 'Je commence')]|//button[@type="submit" and contains(., 'Je continue')]' in '20' second(s)

2023-11-23 22:44:53 - [MESSAGE][INFO] - Checking object

2023-11-23 22:44:53 - [MESSAGE][INFO] - Checking timeout

2023-11-23 22:44:53 - [MESSAGE][INFO] - Finding web element from Test Object's properties

2023-11-23 22:44:53 - [MESSAGE][INFO] - Checking timeout

2023-11-23 22:44:53 - [MESSAGE][INFO] - Finding web element with id: 'Object Repository/Page_DemarcheRenouvellement/btn_JeCommence' located by 'By.xpath: //app-informations-declaration//app-actions-bar//button/span[contains(.,'Je continue')]|//app-informations-demande-ptsq//app-actions-bar//button/span[contains(.,'Je continue')]|//*/div[2]/button/span|//button[@type="submit" and contains(., 'Je commence')]|//button[@type="submit" and contains(., 'Je continue')]' in '5' second(s)

2023-11-23 22:44:53 - [MESSAGE][INFO] - Smart Wait Function is triggered

2023-11-23 22:44:53 - [MESSAGE][INFO] - Found 1 web elements with id: 'Object Repository/Page_DemarcheRenouvellement/btn_JeCommence' located by 'By.xpath: //app-informations-declaration//app-actions-bar//button/span[contains(.,'Je continue')]|//app-informations-demande-ptsq//app-actions-bar//button/span[contains(.,'Je continue')]|//*/div[2]/button/span|//button[@type="submit" and contains(., 'Je commence')]|//button[@type="submit" and contains(., 'Je continue')]' in '5' second(s)

2023-11-23 22:44:53 - [MESSAGE][INFO] - Clicking on object: 'Object Repository/Page_DemarcheRenouvellement/btn_JeCommence'

2023-11-23 22:44:55 - [MESSAGE][PASSED] - Object: 'Object Repository/Page_DemarcheRenouvellement/btn_JeCommence' is clicked on

2023-11-23 22:44:55 - [TEST_STEP][PASSED] - delay(3): Delayed 3 second(s)

2023-11-23 22:44:55 - [MESSAGE][INFO] - Delaying browser in 3 second(s)

2023-11-23 22:44:58 - [MESSAGE][PASSED] - Delayed 3 second(s)

2023-11-23 22:44:58 - [TEST_STEP][PASSED] - click(findTestObject("Object Repository/Page_DemarcheRenouvellement/Btn_JeContinue")): Object: 'Object Repository/Page_DemarcheRenouvellement/Btn_JeContinue' is clicked on

2023-11-23 22:44:58 - [MESSAGE][INFO] - Finding Test Object 'Object Repository/Page_DemarcheRenouvellement/Btn_JeContinue'

2023-11-23 22:44:58 - [MESSAGE][INFO] - Checking timeout

2023-11-23 22:44:58 - [MESSAGE][INFO] - Finding web element with id: 'Object Repository/Page_DemarcheRenouvellement/Btn_JeContinue' located by 'By.xpath: //button[@type="submit" and contains(., 'Je commence')]|//span[@class="ui-button-text ui-clickable" and contains(., 'Je continue')]|//app-informations-declaration//app-actions-bar//button/span[contains(.,'Je continue')]|//app-informations-demande-ptch/div/app-actions-bar/div/div[2]/div/div[2]/button/span' in '20' second(s)

2023-11-23 22:44:58 - [MESSAGE][INFO] - Smart Wait Function is triggered

2023-11-23 22:44:58 - [MESSAGE][INFO] - Found 1 web elements with id: 'Object Repository/Page_DemarcheRenouvellement/Btn_JeContinue' located by 'By.xpath: //button[@type="submit" and contains(., 'Je commence')]|//span[@class="ui-button-text ui-clickable" and contains(., 'Je continue')]|//app-informations-declaration//app-actions-bar//button/span[contains(.,'Je continue')]|//app-informations-demande-ptch/div/app-actions-bar/div/div[2]/div/div[2]/button/span' in '20' second(s)

2023-11-23 22:44:58 - [MESSAGE][INFO] - Checking object

2023-11-23 22:44:58 - [MESSAGE][INFO] - Checking timeout

2023-11-23 22:44:58 - [MESSAGE][INFO] - Finding web element from Test Object's properties

2023-11-23 22:44:58 - [MESSAGE][INFO] - Checking timeout

2023-11-23 22:44:58 - [MESSAGE][INFO] - Finding web element with id: 'Object Repository/Page_DemarcheRenouvellement/Btn_JeContinue' located by 'By.xpath: //button[@type="submit" and contains(., 'Je commence')]|//span[@class="ui-button-text ui-clickable" and contains(., 'Je continue')]|//app-informations-declaration//app-actions-bar//button/span[contains(.,'Je continue')]|//app-informations-demande-ptch/div/app-actions-bar/div/div[2]/div/div[2]/button/span' in '5' second(s)

2023-11-23 22:44:58 - [MESSAGE][INFO] - Smart Wait Function is triggered

2023-11-23 22:44:58 - [MESSAGE][INFO] - Found 1 web elements with id: 'Object Repository/Page_DemarcheRenouvellement/Btn_JeContinue' located by 'By.xpath: //button[@type="submit" and contains(., 'Je commence')]|//span[@class="ui-button-text ui-clickable" and contains(., 'Je continue')]|//app-informations-declaration//app-actions-bar//button/span[contains(.,'Je continue')]|//app-informations-demande-ptch/div/app-actions-bar/div/div[2]/div/div[2]/button/span' in '5' second(s)

2023-11-23 22:44:58 - [MESSAGE][INFO] - Clicking on object: 'Object Repository/Page_DemarcheRenouvellement/Btn_JeContinue'

2023-11-23 22:45:00 - [MESSAGE][PASSED] - Object: 'Object Repository/Page_DemarcheRenouvellement/Btn_JeContinue' is clicked on

2023-11-23 22:45:00 - [TEST_STEP][PASSED] - break: null

2023-11-23 22:45:00 - [TEST_STEP][PASSED] - "Vérification s il y a un message Erreur : Il est trop tôt pour demander le renouvellement de votre titre.": null

2023-11-23 22:45:00 - [TEST_STEP][PASSED] - MsgAlertPresent = verifyElementPresent(findTestObject("Object Repository/Page_Accueil_Usager/Verif_PopUpTropTotPourDemanderLeRenouvellementDeVotreTitre"), 1, OPTIONAL): com.kms.katalon.core.webui.exception.WebElementNotFoundException: Web element with id: 'Object Repository/Page_Accueil_Usager/Verif_PopUpTropTotPourDemanderLeRenouvellementDeVotreTitre' located by '/html/body/app-root/div/app-portal/main/app-theme-v2/div/app-triage/div/div/div/form/div[2]/div/p-message/div/span[2]' not found (Root cause: com.kms.katalon.core.exception.StepFailedException: com.kms.katalon.core.webui.exception.WebElementNotFoundException: Web element with id: 'Object Repository/Page_Accueil_Usager/Verif_PopUpTropTotPourDemanderLeRenouvellementDeVotreTitre' located by '/html/body/app-root/div/app-portal/main/app-theme-v2/div/app-triage/div/div/div/form/div[2]/div/p-message/div/span[2]' not found
	at com.kms.katalon.core.webui.keyword.internal.WebUIKeywordMain.stepFailed(WebUIKeywordMain.groovy:64)
	at com.kms.katalon.core.webui.keyword.builtin.VerifyElementPresentKeyword$_verifyElementPresent_closure1.doCall(VerifyElementPresentKeyword.groovy:85)
	at com.kms.katalon.core.webui.keyword.builtin.VerifyElementPresentKeyword$_verifyElementPresent_closure1.call(VerifyElementPresentKeyword.groovy)
	at com.kms.katalon.core.webui.keyword.internal.WebUIKeywordMain.runKeyword(WebUIKeywordMain.groovy:20)
	at com.kms.katalon.core.webui.keyword.builtin.VerifyElementPresentKeyword.verifyElementPresent(VerifyElementPresentKeyword.groovy:92)
	at com.kms.katalon.core.webui.keyword.builtin.VerifyElementPresentKeyword.execute(VerifyElementPresentKeyword.groovy:68)
	at com.kms.katalon.core.keyword.internal.KeywordExecutor.executeKeywordForPlatform(KeywordExecutor.groovy:74)
	at com.kms.katalon.core.webui.keyword.WebUiBuiltInKeywords.verifyElementPresent(WebUiBuiltInKeywords.groovy:1448)
	at com.kazurayam.ksbackyard.HighlightElement$_pandemic_closure1.doCall(HighlightElement.groovy:105)
	at FormulaireTypeDeTitreDeSejour.run(FormulaireTypeDeTitreDeSejour:302)
	at com.kms.katalon.core.main.ScriptEngine.run(ScriptEngine.java:194)
	at com.kms.katalon.core.main.ScriptEngine.runScriptAsRawText(ScriptEngine.java:119)
	at com.kms.katalon.core.main.TestCaseExecutor.runScript(TestCaseExecutor.java:448)
	at com.kms.katalon.core.main.TestCaseExecutor.doExecute(TestCaseExecutor.java:439)
	at com.kms.katalon.core.main.TestCaseExecutor.processExecutionPhase(TestCaseExecutor.java:418)
	at com.kms.katalon.core.main.TestCaseExecutor.accessMainPhase(TestCaseExecutor.java:410)
	at com.kms.katalon.core.main.TestCaseExecutor.execute(TestCaseExecutor.java:285)
	at com.kms.katalon.core.main.TestCaseMain.runTestCase(TestCaseMain.java:144)
	at com.kms.katalon.core.keyword.builtin.CallTestCaseKeyword$_callTestCase_closure1.doCall(CallTestCaseKeyword.groovy:59)
	at com.kms.katalon.core.keyword.builtin.CallTestCaseKeyword$_callTestCase_closure1.call(CallTestCaseKeyword.groovy)
	at com.kms.katalon.core.keyword.internal.KeywordMain.runKeyword(KeywordMain.groovy:75)
	at com.kms.katalon.core.keyword.builtin.CallTestCaseKeyword.callTestCase(CallTestCaseKeyword.groovy:81)
	at com.kms.katalon.core.keyword.builtin.CallTestCaseKeyword.execute(CallTestCaseKeyword.groovy:44)
	at com.kms.katalon.core.keyword.internal.KeywordExecutor.executeKeywordForPlatform(KeywordExecutor.groovy:74)
	at com.kms.katalon.core.keyword.BuiltinKeywords.callTestCase(BuiltinKeywords.groovy:310)
	at com.kazurayam.ksbackyard.HighlightElement$_pandemic_closure1.doCall(HighlightElement.groovy:105)
	at TNR R.TSPT Supp90-Etudiant.run(TNR R.TSPT Supp90-Etudiant:43)
	at com.kms.katalon.core.main.ScriptEngine.run(ScriptEngine.java:194)
	at com.kms.katalon.core.main.ScriptEngine.runScriptAsRawText(ScriptEngine.java:119)
	at com.kms.katalon.core.main.TestCaseExecutor.runScript(TestCaseExecutor.java:448)
	at com.kms.katalon.core.main.TestCaseExecutor.doExecute(TestCaseExecutor.java:439)
	at com.kms.katalon.core.main.TestCaseExecutor.processExecutionPhase(TestCaseExecutor.java:418)
	at com.kms.katalon.core.main.TestCaseExecutor.accessMainPhase(TestCaseExecutor.java:410)
	at com.kms.katalon.core.main.TestCaseExecutor.execute(TestCaseExecutor.java:285)
	at com.kms.katalon.core.common.CommonExecutor.accessTestCaseMainPhase(CommonExecutor.java:65)
	at com.kms.katalon.core.main.TestSuiteExecutor.accessTestSuiteMainPhase(TestSuiteExecutor.java:148)
	at com.kms.katalon.core.main.TestSuiteExecutor.execute(TestSuiteExecutor.java:106)
	at com.kms.katalon.core.main.TestCaseMain.startTestSuite(TestCaseMain.java:187)
	at com.kms.katalon.core.main.TestCaseMain$startTestSuite$0.call(Unknown Source)
	at TempTestSuite1700775610776.run(TempTestSuite1700775610776.groovy:36)
)

2023-11-23 22:45:00 - [MESSAGE][INFO] - Finding Test Object 'Object Repository/Page_Accueil_Usager/Verif_PopUpTropTotPourDemanderLeRenouvellementDeVotreTitre'

2023-11-23 22:45:00 - [MESSAGE][INFO] - Checking object

2023-11-23 22:45:00 - [MESSAGE][INFO] - Finding web element from Test Object's properties

2023-11-23 22:45:00 - [MESSAGE][INFO] - Checking timeout

2023-11-23 22:45:00 - [MESSAGE][INFO] - Finding web element with id: 'Object Repository/Page_Accueil_Usager/Verif_PopUpTropTotPourDemanderLeRenouvellementDeVotreTitre' located by 'By.xpath: /html/body/app-root/div/app-portal/main/app-theme-v2/div/app-triage/div/div/div/form/div[2]/div/p-message/div/span[2]' in '1' second(s)

2023-11-23 22:45:00 - [MESSAGE][INFO] - Smart Wait Function is triggered

2023-11-23 22:45:01 - [MESSAGE][INFO] - Smart Wait Function is triggered

2023-11-23 22:45:01 - [MESSAGE][INFO] - Smart Wait Function is triggered

2023-11-23 22:45:01 - [MESSAGE][INFO] - Smart Wait Function is triggered

2023-11-23 22:45:01 - [MESSAGE][INFO] - Smart Wait Function is triggered

2023-11-23 22:45:01 - [MESSAGE][INFO] - Smart Wait Function is triggered

2023-11-23 22:45:01 - [MESSAGE][INFO] - Smart Wait Function is triggered

2023-11-23 22:45:01 - [MESSAGE][INFO] - Smart Wait Function is triggered

2023-11-23 22:45:01 - [MESSAGE][INFO] - Smart Wait Function is triggered

2023-11-23 22:45:01 - [MESSAGE][INFO] - Smart Wait Function is triggered

2023-11-23 22:45:01 - [MESSAGE][INFO] - Smart Wait Function is triggered

2023-11-23 22:45:01 - [MESSAGE][INFO] - Smart Wait Function is triggered

2023-11-23 22:45:01 - [MESSAGE][INFO] - Smart Wait Function is triggered

2023-11-23 22:45:01 - [MESSAGE][INFO] - Smart Wait Function is triggered

2023-11-23 22:45:01 - [MESSAGE][INFO] - Smart Wait Function is triggered

2023-11-23 22:45:01 - [MESSAGE][INFO] - Smart Wait Function is triggered

2023-11-23 22:45:01 - [MESSAGE][INFO] - Smart Wait Function is triggered

2023-11-23 22:45:01 - [MESSAGE][INFO] - Smart Wait Function is triggered

2023-11-23 22:45:01 - [MESSAGE][INFO] - Smart Wait Function is triggered

2023-11-23 22:45:01 - [MESSAGE][INFO] - Smart Wait Function is triggered

2023-11-23 22:45:01 - [MESSAGE][INFO] - Smart Wait Function is triggered

2023-11-23 22:45:01 - [MESSAGE][INFO] - Smart Wait Function is triggered

2023-11-23 22:45:01 - [MESSAGE][INFO] - Smart Wait Function is triggered

2023-11-23 22:45:01 - [MESSAGE][INFO] - Smart Wait Function is triggered

2023-11-23 22:45:01 - [MESSAGE][INFO] - Smart Wait Function is triggered

2023-11-23 22:45:01 - [MESSAGE][INFO] - Smart Wait Function is triggered

2023-11-23 22:45:01 - [MESSAGE][INFO] - Smart Wait Function is triggered

2023-11-23 22:45:01 - [MESSAGE][INFO] - Smart Wait Function is triggered

2023-11-23 22:45:01 - [MESSAGE][INFO] - Smart Wait Function is triggered

2023-11-23 22:45:02 - [MESSAGE][INFO] - Smart Wait Function is triggered

2023-11-23 22:45:02 - [MESSAGE][INFO] - Smart Wait Function is triggered

2023-11-23 22:45:02 - [MESSAGE][INFO] - Smart Wait Function is triggered

2023-11-23 22:45:02 - [MESSAGE][INFO] - Smart Wait Function is triggered

2023-11-23 22:45:02 - [MESSAGE][INFO] - Smart Wait Function is triggered

2023-11-23 22:45:02 - [MESSAGE][INFO] - Smart Wait Function is triggered

2023-11-23 22:45:02 - [MESSAGE][INFO] - Smart Wait Function is triggered

2023-11-23 22:45:02 - [MESSAGE][INFO] - Smart Wait Function is triggered

2023-11-23 22:45:02 - [MESSAGE][INFO] - Smart Wait Function is triggered

2023-11-23 22:45:02 - [MESSAGE][INFO] - Smart Wait Function is triggered

2023-11-23 22:45:02 - [MESSAGE][INFO] - Smart Wait Function is triggered

2023-11-23 22:45:02 - [MESSAGE][INFO] - Smart Wait Function is triggered

2023-11-23 22:45:02 - [MESSAGE][INFO] - Smart Wait Function is triggered

2023-11-23 22:45:02 - [MESSAGE][INFO] - Smart Wait Function is triggered

2023-11-23 22:45:02 - [MESSAGE][INFO] - Smart Wait Function is triggered

2023-11-23 22:45:02 - [MESSAGE][INFO] - Smart Wait Function is triggered

2023-11-23 22:45:02 - [MESSAGE][INFO] - Smart Wait Function is triggered

2023-11-23 22:45:02 - [MESSAGE][INFO] - Smart Wait Function is triggered

2023-11-23 22:45:02 - [MESSAGE][INFO] - Smart Wait Function is triggered

2023-11-23 22:45:02 - [MESSAGE][INFO] - Smart Wait Function is triggered

2023-11-23 22:45:02 - [MESSAGE][INFO] - Smart Wait Function is triggered

2023-11-23 22:45:02 - [MESSAGE][INFO] - Smart Wait Function is triggered

2023-11-23 22:45:02 - [MESSAGE][INFO] - Unable to find the element located by 'By.xpath: /html/body/app-root/div/app-portal/main/app-theme-v2/div/app-triage/div/div/div/form/div[2]/div/p-message/div/span[2]'. Please recheck the objects properties to make sure the desired element is located. 

2023-11-23 22:45:02 - [MESSAGE][WARNING] - com.kms.katalon.core.webui.exception.WebElementNotFoundException: Web element with id: 'Object Repository/Page_Accueil_Usager/Verif_PopUpTropTotPourDemanderLeRenouvellementDeVotreTitre' located by '/html/body/app-root/div/app-portal/main/app-theme-v2/div/app-triage/div/div/div/form/div[2]/div/p-message/div/span[2]' not found (Root cause: com.kms.katalon.core.exception.StepFailedException: com.kms.katalon.core.webui.exception.WebElementNotFoundException: Web element with id: 'Object Repository/Page_Accueil_Usager/Verif_PopUpTropTotPourDemanderLeRenouvellementDeVotreTitre' located by '/html/body/app-root/div/app-portal/main/app-theme-v2/div/app-triage/div/div/div/form/div[2]/div/p-message/div/span[2]' not found
	at com.kms.katalon.core.webui.keyword.internal.WebUIKeywordMain.stepFailed(WebUIKeywordMain.groovy:64)
	at com.kms.katalon.core.webui.keyword.builtin.VerifyElementPresentKeyword$_verifyElementPresent_closure1.doCall(VerifyElementPresentKeyword.groovy:85)
	at com.kms.katalon.core.webui.keyword.builtin.VerifyElementPresentKeyword$_verifyElementPresent_closure1.call(VerifyElementPresentKeyword.groovy)
	at com.kms.katalon.core.webui.keyword.internal.WebUIKeywordMain.runKeyword(WebUIKeywordMain.groovy:20)
	at com.kms.katalon.core.webui.keyword.builtin.VerifyElementPresentKeyword.verifyElementPresent(VerifyElementPresentKeyword.groovy:92)
	at com.kms.katalon.core.webui.keyword.builtin.VerifyElementPresentKeyword.execute(VerifyElementPresentKeyword.groovy:68)
	at com.kms.katalon.core.keyword.internal.KeywordExecutor.executeKeywordForPlatform(KeywordExecutor.groovy:74)
	at com.kms.katalon.core.webui.keyword.WebUiBuiltInKeywords.verifyElementPresent(WebUiBuiltInKeywords.groovy:1448)
	at com.kazurayam.ksbackyard.HighlightElement$_pandemic_closure1.doCall(HighlightElement.groovy:105)
	at FormulaireTypeDeTitreDeSejour.run(FormulaireTypeDeTitreDeSejour:302)
	at com.kms.katalon.core.main.ScriptEngine.run(ScriptEngine.java:194)
	at com.kms.katalon.core.main.ScriptEngine.runScriptAsRawText(ScriptEngine.java:119)
	at com.kms.katalon.core.main.TestCaseExecutor.runScript(TestCaseExecutor.java:448)
	at com.kms.katalon.core.main.TestCaseExecutor.doExecute(TestCaseExecutor.java:439)
	at com.kms.katalon.core.main.TestCaseExecutor.processExecutionPhase(TestCaseExecutor.java:418)
	at com.kms.katalon.core.main.TestCaseExecutor.accessMainPhase(TestCaseExecutor.java:410)
	at com.kms.katalon.core.main.TestCaseExecutor.execute(TestCaseExecutor.java:285)
	at com.kms.katalon.core.main.TestCaseMain.runTestCase(TestCaseMain.java:144)
	at com.kms.katalon.core.keyword.builtin.CallTestCaseKeyword$_callTestCase_closure1.doCall(CallTestCaseKeyword.groovy:59)
	at com.kms.katalon.core.keyword.builtin.CallTestCaseKeyword$_callTestCase_closure1.call(CallTestCaseKeyword.groovy)
	at com.kms.katalon.core.keyword.internal.KeywordMain.runKeyword(KeywordMain.groovy:75)
	at com.kms.katalon.core.keyword.builtin.CallTestCaseKeyword.callTestCase(CallTestCaseKeyword.groovy:81)
	at com.kms.katalon.core.keyword.builtin.CallTestCaseKeyword.execute(CallTestCaseKeyword.groovy:44)
	at com.kms.katalon.core.keyword.internal.KeywordExecutor.executeKeywordForPlatform(KeywordExecutor.groovy:74)
	at com.kms.katalon.core.keyword.BuiltinKeywords.callTestCase(BuiltinKeywords.groovy:310)
	at com.kazurayam.ksbackyard.HighlightElement$_pandemic_closure1.doCall(HighlightElement.groovy:105)
	at TNR R.TSPT Supp90-Etudiant.run(TNR R.TSPT Supp90-Etudiant:43)
	at com.kms.katalon.core.main.ScriptEngine.run(ScriptEngine.java:194)
	at com.kms.katalon.core.main.ScriptEngine.runScriptAsRawText(ScriptEngine.java:119)
	at com.kms.katalon.core.main.TestCaseExecutor.runScript(TestCaseExecutor.java:448)
	at com.kms.katalon.core.main.TestCaseExecutor.doExecute(TestCaseExecutor.java:439)
	at com.kms.katalon.core.main.TestCaseExecutor.processExecutionPhase(TestCaseExecutor.java:418)
	at com.kms.katalon.core.main.TestCaseExecutor.accessMainPhase(TestCaseExecutor.java:410)
	at com.kms.katalon.core.main.TestCaseExecutor.execute(TestCaseExecutor.java:285)
	at com.kms.katalon.core.common.CommonExecutor.accessTestCaseMainPhase(CommonExecutor.java:65)
	at com.kms.katalon.core.main.TestSuiteExecutor.accessTestSuiteMainPhase(TestSuiteExecutor.java:148)
	at com.kms.katalon.core.main.TestSuiteExecutor.execute(TestSuiteExecutor.java:106)
	at com.kms.katalon.core.main.TestCaseMain.startTestSuite(TestCaseMain.java:187)
	at com.kms.katalon.core.main.TestCaseMain$startTestSuite$0.call(Unknown Source)
	at TempTestSuite1700775610776.run(TempTestSuite1700775610776.groovy:36)
)
[[ATTACHMENT|C:\\Users\\ISSAM.RHARBAOUI\\git\\22_11\\ANEF-AutomatizationProject\\Reports\\20231123_224010\\TS_TNR_R.TSPT_Suppo90\\20231123_224010\\1700775902732.png]]

2023-11-23 22:45:02 - [TEST_STEP][PASSED] - if (MsgAlertPresent): null

2023-11-23 22:45:02 - [TEST_STEP][PASSED] - else:  C'est le bon Moment pour demander le renouvellement de votre titre.

2023-11-23 22:45:02 - [TEST_STEP][PASSED] - markPassed(" C'est le bon Moment pour demander le renouvellement de votre titre."):  C'est le bon Moment pour demander le renouvellement de votre titre.

2023-11-23 22:45:02 - [MESSAGE][PASSED] -  C'est le bon Moment pour demander le renouvellement de votre titre.

2023-11-23 22:45:02 - [MESSAGE][PASSED] - Call Test Case 'Test Cases/Test Reutilisable/DemandeOuRenouvelle_TitreSejour/FormulaireTypeDeTitreDeSejour' successfully

2023-11-23 22:45:02 - [TEST_STEP][PASSED] - callTestCase(findTestCase("Test Reutilisable/DemandeOuRenouvelle_TitreSejour/FormulaireInformationsPersonnelles"), ["AdresseUsager":AdresseUsager, "NumeroTelephoneUsager":NumeroTelephoneUsager], STOP_ON_FAILURE): Call Test Case 'Test Cases/Test Reutilisable/DemandeOuRenouvelle_TitreSejour/FormulaireInformationsPersonnelles' successfully

2023-11-23 22:45:02 - [MESSAGE][INFO] - Checking called Test Case

2023-11-23 22:45:02 - [MESSAGE][INFO] - Starting to call Test Case 'Test Cases/Test Reutilisable/DemandeOuRenouvelle_TitreSejour/FormulaireInformationsPersonnelles'

2023-11-23 22:45:03 - [TEST_CASE][PASSED] - Test Cases/Test Reutilisable/DemandeOuRenouvelle_TitreSejour/FormulaireInformationsPersonnelles: Test Cases/Test Reutilisable/DemandeOuRenouvelle_TitreSejour/FormulaireInformationsPersonnelles

2023-11-23 22:45:05 - [TEST_STEP][PASSED] - com.kazurayam.ksbackyard.HighlightElement.pandemic(): com.kazurayam.ksbackyard.HighlightElement.pandemic is PASSED

2023-11-23 22:45:05 - [MESSAGE][PASSED] - com.kazurayam.ksbackyard.HighlightElement.pandemic is PASSED

2023-11-23 22:45:05 - [TEST_STEP][PASSED] - if (verifyElementPresent(findTestObject("Object Repository/Page_InformationPersonnelles_Usager/CheckBox_liensPersonnelsFamiliaux_1_Non"), 1, OPTIONAL)): null

2023-11-23 22:45:05 - [MESSAGE][INFO] - Finding Test Object 'Object Repository/Page_InformationPersonnelles_Usager/CheckBox_liensPersonnelsFamiliaux_1_Non'

2023-11-23 22:45:05 - [MESSAGE][INFO] - Checking object

2023-11-23 22:45:05 - [MESSAGE][INFO] - Finding web element from Test Object's properties

2023-11-23 22:45:05 - [MESSAGE][INFO] - Checking timeout

2023-11-23 22:45:05 - [MESSAGE][INFO] - Finding web element with id: 'Object Repository/Page_InformationPersonnelles_Usager/CheckBox_liensPersonnelsFamiliaux_1_Non' located by 'By.xpath: //*[@id="ui-accordiontab-1-content"]/div/div/div[1]/div/anef-input-radio/div/div/fieldset/div/div[2]/p-radiobutton/div/div[2]/span|//*[@id="ui-accordiontab-9-content"]/div/app-has-enfants-charge/div/div/anef-input-radio/div/div/fieldset/div/div[2]/p-radiobutton/div/div[2]/span' in '1' second(s)

2023-11-23 22:45:05 - [MESSAGE][INFO] - Smart Wait Function is triggered

2023-11-23 22:45:05 - [MESSAGE][INFO] - Found 1 web elements with id: 'Object Repository/Page_InformationPersonnelles_Usager/CheckBox_liensPersonnelsFamiliaux_1_Non' located by 'By.xpath: //*[@id="ui-accordiontab-1-content"]/div/div/div[1]/div/anef-input-radio/div/div/fieldset/div/div[2]/p-radiobutton/div/div[2]/span|//*[@id="ui-accordiontab-9-content"]/div/app-has-enfants-charge/div/div/anef-input-radio/div/div/fieldset/div/div[2]/p-radiobutton/div/div[2]/span' in '1' second(s)

2023-11-23 22:45:05 - [MESSAGE][PASSED] - Object 'Object Repository/Page_InformationPersonnelles_Usager/CheckBox_liensPersonnelsFamiliaux_1_Non' is present

2023-11-23 22:45:05 - [TEST_STEP][PASSED] - check(findTestObject("Object Repository/Page_InformationPersonnelles_Usager/CheckBox_liensPersonnelsFamiliaux_1_Non"), OPTIONAL): Object 'Object Repository/Page_InformationPersonnelles_Usager/CheckBox_liensPersonnelsFamiliaux_1_Non' is checked

2023-11-23 22:45:05 - [MESSAGE][INFO] - Finding Test Object 'Object Repository/Page_InformationPersonnelles_Usager/CheckBox_liensPersonnelsFamiliaux_1_Non'

2023-11-23 22:45:05 - [MESSAGE][INFO] - Checking object

2023-11-23 22:45:05 - [MESSAGE][INFO] - Finding web element from Test Object's properties

2023-11-23 22:45:05 - [MESSAGE][INFO] - Checking timeout

2023-11-23 22:45:05 - [MESSAGE][INFO] - Finding web element with id: 'Object Repository/Page_InformationPersonnelles_Usager/CheckBox_liensPersonnelsFamiliaux_1_Non' located by 'By.xpath: //*[@id="ui-accordiontab-1-content"]/div/div/div[1]/div/anef-input-radio/div/div/fieldset/div/div[2]/p-radiobutton/div/div[2]/span|//*[@id="ui-accordiontab-9-content"]/div/app-has-enfants-charge/div/div/anef-input-radio/div/div/fieldset/div/div[2]/p-radiobutton/div/div[2]/span' in '5' second(s)

2023-11-23 22:45:05 - [MESSAGE][INFO] - Smart Wait Function is triggered

2023-11-23 22:45:05 - [MESSAGE][INFO] - Found 1 web elements with id: 'Object Repository/Page_InformationPersonnelles_Usager/CheckBox_liensPersonnelsFamiliaux_1_Non' located by 'By.xpath: //*[@id="ui-accordiontab-1-content"]/div/div/div[1]/div/anef-input-radio/div/div/fieldset/div/div[2]/p-radiobutton/div/div[2]/span|//*[@id="ui-accordiontab-9-content"]/div/app-has-enfants-charge/div/div/anef-input-radio/div/div/fieldset/div/div[2]/p-radiobutton/div/div[2]/span' in '5' second(s)

2023-11-23 22:45:05 - [MESSAGE][INFO] - Checking on bject 'Object Repository/Page_InformationPersonnelles_Usager/CheckBox_liensPersonnelsFamiliaux_1_Non'

2023-11-23 22:45:07 - [MESSAGE][PASSED] - Object 'Object Repository/Page_InformationPersonnelles_Usager/CheckBox_liensPersonnelsFamiliaux_1_Non' is checked

2023-11-23 22:45:07 - [TEST_STEP][PASSED] - delay(2): Delayed 2 second(s)

2023-11-23 22:45:07 - [MESSAGE][INFO] - Delaying browser in 2 second(s)

2023-11-23 22:45:09 - [MESSAGE][PASSED] - Delayed 2 second(s)

2023-11-23 22:45:09 - [TEST_STEP][PASSED] - if (verifyElementPresent(findTestObject("Object Repository/Page_InformationPersonnelles_Usager/CheckBox_liensPersonnelsFamiliaux_2_Non"), 1, OPTIONAL)): com.kms.katalon.core.webui.exception.WebElementNotFoundException: Web element with id: 'Object Repository/Page_InformationPersonnelles_Usager/CheckBox_liensPersonnelsFamiliaux_2_Non' located by '//*[@id="ui-accordiontab-1-content"]/div/div/div[2]/div/anef-input-radio/div/div/fieldset/div/div[2]/p-radiobutton/div/div[2]' not found (Root cause: com.kms.katalon.core.exception.StepFailedException: com.kms.katalon.core.webui.exception.WebElementNotFoundException: Web element with id: 'Object Repository/Page_InformationPersonnelles_Usager/CheckBox_liensPersonnelsFamiliaux_2_Non' located by '//*[@id="ui-accordiontab-1-content"]/div/div/div[2]/div/anef-input-radio/div/div/fieldset/div/div[2]/p-radiobutton/div/div[2]' not found
	at com.kms.katalon.core.webui.keyword.internal.WebUIKeywordMain.stepFailed(WebUIKeywordMain.groovy:64)
	at com.kms.katalon.core.webui.keyword.builtin.VerifyElementPresentKeyword$_verifyElementPresent_closure1.doCall(VerifyElementPresentKeyword.groovy:85)
	at com.kms.katalon.core.webui.keyword.builtin.VerifyElementPresentKeyword$_verifyElementPresent_closure1.call(VerifyElementPresentKeyword.groovy)
	at com.kms.katalon.core.webui.keyword.internal.WebUIKeywordMain.runKeyword(WebUIKeywordMain.groovy:20)
	at com.kms.katalon.core.webui.keyword.builtin.VerifyElementPresentKeyword.verifyElementPresent(VerifyElementPresentKeyword.groovy:92)
	at com.kms.katalon.core.webui.keyword.builtin.VerifyElementPresentKeyword.execute(VerifyElementPresentKeyword.groovy:68)
	at com.kms.katalon.core.keyword.internal.KeywordExecutor.executeKeywordForPlatform(KeywordExecutor.groovy:74)
	at com.kms.katalon.core.webui.keyword.WebUiBuiltInKeywords.verifyElementPresent(WebUiBuiltInKeywords.groovy:1448)
	at com.kazurayam.ksbackyard.HighlightElement$_pandemic_closure1.doCall(HighlightElement.groovy:105)
	at FormulaireInformationsPersonnelles.run(FormulaireInformationsPersonnelles:33)
	at com.kms.katalon.core.main.ScriptEngine.run(ScriptEngine.java:194)
	at com.kms.katalon.core.main.ScriptEngine.runScriptAsRawText(ScriptEngine.java:119)
	at com.kms.katalon.core.main.TestCaseExecutor.runScript(TestCaseExecutor.java:448)
	at com.kms.katalon.core.main.TestCaseExecutor.doExecute(TestCaseExecutor.java:439)
	at com.kms.katalon.core.main.TestCaseExecutor.processExecutionPhase(TestCaseExecutor.java:418)
	at com.kms.katalon.core.main.TestCaseExecutor.accessMainPhase(TestCaseExecutor.java:410)
	at com.kms.katalon.core.main.TestCaseExecutor.execute(TestCaseExecutor.java:285)
	at com.kms.katalon.core.main.TestCaseMain.runTestCase(TestCaseMain.java:144)
	at com.kms.katalon.core.keyword.builtin.CallTestCaseKeyword$_callTestCase_closure1.doCall(CallTestCaseKeyword.groovy:59)
	at com.kms.katalon.core.keyword.builtin.CallTestCaseKeyword$_callTestCase_closure1.call(CallTestCaseKeyword.groovy)
	at com.kms.katalon.core.keyword.internal.KeywordMain.runKeyword(KeywordMain.groovy:75)
	at com.kms.katalon.core.keyword.builtin.CallTestCaseKeyword.callTestCase(CallTestCaseKeyword.groovy:81)
	at com.kms.katalon.core.keyword.builtin.CallTestCaseKeyword.execute(CallTestCaseKeyword.groovy:44)
	at com.kms.katalon.core.keyword.internal.KeywordExecutor.executeKeywordForPlatform(KeywordExecutor.groovy:74)
	at com.kms.katalon.core.keyword.BuiltinKeywords.callTestCase(BuiltinKeywords.groovy:310)
	at com.kazurayam.ksbackyard.HighlightElement$_pandemic_closure1.doCall(HighlightElement.groovy:105)
	at TNR R.TSPT Supp90-Etudiant.run(TNR R.TSPT Supp90-Etudiant:47)
	at com.kms.katalon.core.main.ScriptEngine.run(ScriptEngine.java:194)
	at com.kms.katalon.core.main.ScriptEngine.runScriptAsRawText(ScriptEngine.java:119)
	at com.kms.katalon.core.main.TestCaseExecutor.runScript(TestCaseExecutor.java:448)
	at com.kms.katalon.core.main.TestCaseExecutor.doExecute(TestCaseExecutor.java:439)
	at com.kms.katalon.core.main.TestCaseExecutor.processExecutionPhase(TestCaseExecutor.java:418)
	at com.kms.katalon.core.main.TestCaseExecutor.accessMainPhase(TestCaseExecutor.java:410)
	at com.kms.katalon.core.main.TestCaseExecutor.execute(TestCaseExecutor.java:285)
	at com.kms.katalon.core.common.CommonExecutor.accessTestCaseMainPhase(CommonExecutor.java:65)
	at com.kms.katalon.core.main.TestSuiteExecutor.accessTestSuiteMainPhase(TestSuiteExecutor.java:148)
	at com.kms.katalon.core.main.TestSuiteExecutor.execute(TestSuiteExecutor.java:106)
	at com.kms.katalon.core.main.TestCaseMain.startTestSuite(TestCaseMain.java:187)
	at com.kms.katalon.core.main.TestCaseMain$startTestSuite$0.call(Unknown Source)
	at TempTestSuite1700775610776.run(TempTestSuite1700775610776.groovy:36)
)

2023-11-23 22:45:09 - [MESSAGE][INFO] - Finding Test Object 'Object Repository/Page_InformationPersonnelles_Usager/CheckBox_liensPersonnelsFamiliaux_2_Non'

2023-11-23 22:45:10 - [MESSAGE][INFO] - Checking object

2023-11-23 22:45:10 - [MESSAGE][INFO] - Finding web element from Test Object's properties

2023-11-23 22:45:10 - [MESSAGE][INFO] - Checking timeout

2023-11-23 22:45:10 - [MESSAGE][INFO] - Finding web element with id: 'Object Repository/Page_InformationPersonnelles_Usager/CheckBox_liensPersonnelsFamiliaux_2_Non' located by 'By.xpath: //*[@id="ui-accordiontab-1-content"]/div/div/div[2]/div/anef-input-radio/div/div/fieldset/div/div[2]/p-radiobutton/div/div[2]' in '1' second(s)

2023-11-23 22:45:10 - [MESSAGE][INFO] - Smart Wait Function is triggered

2023-11-23 22:45:10 - [MESSAGE][INFO] - Smart Wait Function is triggered

2023-11-23 22:45:10 - [MESSAGE][INFO] - Smart Wait Function is triggered

2023-11-23 22:45:10 - [MESSAGE][INFO] - Smart Wait Function is triggered

2023-11-23 22:45:10 - [MESSAGE][INFO] - Smart Wait Function is triggered

2023-11-23 22:45:10 - [MESSAGE][INFO] - Smart Wait Function is triggered

2023-11-23 22:45:10 - [MESSAGE][INFO] - Smart Wait Function is triggered

2023-11-23 22:45:10 - [MESSAGE][INFO] - Smart Wait Function is triggered

2023-11-23 22:45:10 - [MESSAGE][INFO] - Smart Wait Function is triggered

2023-11-23 22:45:10 - [MESSAGE][INFO] - Smart Wait Function is triggered

2023-11-23 22:45:10 - [MESSAGE][INFO] - Smart Wait Function is triggered

2023-11-23 22:45:10 - [MESSAGE][INFO] - Smart Wait Function is triggered

2023-11-23 22:45:10 - [MESSAGE][INFO] - Smart Wait Function is triggered

2023-11-23 22:45:10 - [MESSAGE][INFO] - Smart Wait Function is triggered

2023-11-23 22:45:10 - [MESSAGE][INFO] - Smart Wait Function is triggered

2023-11-23 22:45:10 - [MESSAGE][INFO] - Smart Wait Function is triggered

2023-11-23 22:45:10 - [MESSAGE][INFO] - Smart Wait Function is triggered

2023-11-23 22:45:10 - [MESSAGE][INFO] - Smart Wait Function is triggered

2023-11-23 22:45:10 - [MESSAGE][INFO] - Smart Wait Function is triggered

2023-11-23 22:45:10 - [MESSAGE][INFO] - Smart Wait Function is triggered

2023-11-23 22:45:10 - [MESSAGE][INFO] - Smart Wait Function is triggered

2023-11-23 22:45:10 - [MESSAGE][INFO] - Smart Wait Function is triggered

2023-11-23 22:45:10 - [MESSAGE][INFO] - Smart Wait Function is triggered

2023-11-23 22:45:10 - [MESSAGE][INFO] - Smart Wait Function is triggered

2023-11-23 22:45:10 - [MESSAGE][INFO] - Smart Wait Function is triggered

2023-11-23 22:45:10 - [MESSAGE][INFO] - Smart Wait Function is triggered

2023-11-23 22:45:10 - [MESSAGE][INFO] - Smart Wait Function is triggered

2023-11-23 22:45:10 - [MESSAGE][INFO] - Smart Wait Function is triggered

2023-11-23 22:45:10 - [MESSAGE][INFO] - Smart Wait Function is triggered

2023-11-23 22:45:11 - [MESSAGE][INFO] - Smart Wait Function is triggered

2023-11-23 22:45:11 - [MESSAGE][INFO] - Smart Wait Function is triggered

2023-11-23 22:45:11 - [MESSAGE][INFO] - Smart Wait Function is triggered

2023-11-23 22:45:11 - [MESSAGE][INFO] - Smart Wait Function is triggered

2023-11-23 22:45:11 - [MESSAGE][INFO] - Smart Wait Function is triggered

2023-11-23 22:45:11 - [MESSAGE][INFO] - Smart Wait Function is triggered

2023-11-23 22:45:11 - [MESSAGE][INFO] - Smart Wait Function is triggered

2023-11-23 22:45:11 - [MESSAGE][INFO] - Smart Wait Function is triggered

2023-11-23 22:45:11 - [MESSAGE][INFO] - Smart Wait Function is triggered

2023-11-23 22:45:11 - [MESSAGE][INFO] - Smart Wait Function is triggered

2023-11-23 22:45:11 - [MESSAGE][INFO] - Smart Wait Function is triggered

2023-11-23 22:45:11 - [MESSAGE][INFO] - Smart Wait Function is triggered

2023-11-23 22:45:11 - [MESSAGE][INFO] - Smart Wait Function is triggered

2023-11-23 22:45:11 - [MESSAGE][INFO] - Smart Wait Function is triggered

2023-11-23 22:45:11 - [MESSAGE][INFO] - Smart Wait Function is triggered

2023-11-23 22:45:11 - [MESSAGE][INFO] - Smart Wait Function is triggered

2023-11-23 22:45:11 - [MESSAGE][INFO] - Smart Wait Function is triggered

2023-11-23 22:45:11 - [MESSAGE][INFO] - Smart Wait Function is triggered

2023-11-23 22:45:11 - [MESSAGE][INFO] - Smart Wait Function is triggered

2023-11-23 22:45:11 - [MESSAGE][INFO] - Smart Wait Function is triggered

2023-11-23 22:45:11 - [MESSAGE][INFO] - Smart Wait Function is triggered

2023-11-23 22:45:11 - [MESSAGE][INFO] - Smart Wait Function is triggered

2023-11-23 22:45:11 - [MESSAGE][INFO] - Smart Wait Function is triggered

2023-11-23 22:45:11 - [MESSAGE][INFO] - Smart Wait Function is triggered

2023-11-23 22:45:11 - [MESSAGE][INFO] - Smart Wait Function is triggered

2023-11-23 22:45:11 - [MESSAGE][INFO] - Smart Wait Function is triggered

2023-11-23 22:45:11 - [MESSAGE][INFO] - Smart Wait Function is triggered

2023-11-23 22:45:11 - [MESSAGE][INFO] - Smart Wait Function is triggered

2023-11-23 22:45:12 - [MESSAGE][INFO] - Unable to find the element located by 'By.xpath: //*[@id="ui-accordiontab-1-content"]/div/div/div[2]/div/anef-input-radio/div/div/fieldset/div/div[2]/p-radiobutton/div/div[2]'. Please recheck the objects properties to make sure the desired element is located. 

2023-11-23 22:45:12 - [MESSAGE][WARNING] - com.kms.katalon.core.webui.exception.WebElementNotFoundException: Web element with id: 'Object Repository/Page_InformationPersonnelles_Usager/CheckBox_liensPersonnelsFamiliaux_2_Non' located by '//*[@id="ui-accordiontab-1-content"]/div/div/div[2]/div/anef-input-radio/div/div/fieldset/div/div[2]/p-radiobutton/div/div[2]' not found (Root cause: com.kms.katalon.core.exception.StepFailedException: com.kms.katalon.core.webui.exception.WebElementNotFoundException: Web element with id: 'Object Repository/Page_InformationPersonnelles_Usager/CheckBox_liensPersonnelsFamiliaux_2_Non' located by '//*[@id="ui-accordiontab-1-content"]/div/div/div[2]/div/anef-input-radio/div/div/fieldset/div/div[2]/p-radiobutton/div/div[2]' not found
	at com.kms.katalon.core.webui.keyword.internal.WebUIKeywordMain.stepFailed(WebUIKeywordMain.groovy:64)
	at com.kms.katalon.core.webui.keyword.builtin.VerifyElementPresentKeyword$_verifyElementPresent_closure1.doCall(VerifyElementPresentKeyword.groovy:85)
	at com.kms.katalon.core.webui.keyword.builtin.VerifyElementPresentKeyword$_verifyElementPresent_closure1.call(VerifyElementPresentKeyword.groovy)
	at com.kms.katalon.core.webui.keyword.internal.WebUIKeywordMain.runKeyword(WebUIKeywordMain.groovy:20)
	at com.kms.katalon.core.webui.keyword.builtin.VerifyElementPresentKeyword.verifyElementPresent(VerifyElementPresentKeyword.groovy:92)
	at com.kms.katalon.core.webui.keyword.builtin.VerifyElementPresentKeyword.execute(VerifyElementPresentKeyword.groovy:68)
	at com.kms.katalon.core.keyword.internal.KeywordExecutor.executeKeywordForPlatform(KeywordExecutor.groovy:74)
	at com.kms.katalon.core.webui.keyword.WebUiBuiltInKeywords.verifyElementPresent(WebUiBuiltInKeywords.groovy:1448)
	at com.kazurayam.ksbackyard.HighlightElement$_pandemic_closure1.doCall(HighlightElement.groovy:105)
	at FormulaireInformationsPersonnelles.run(FormulaireInformationsPersonnelles:33)
	at com.kms.katalon.core.main.ScriptEngine.run(ScriptEngine.java:194)
	at com.kms.katalon.core.main.ScriptEngine.runScriptAsRawText(ScriptEngine.java:119)
	at com.kms.katalon.core.main.TestCaseExecutor.runScript(TestCaseExecutor.java:448)
	at com.kms.katalon.core.main.TestCaseExecutor.doExecute(TestCaseExecutor.java:439)
	at com.kms.katalon.core.main.TestCaseExecutor.processExecutionPhase(TestCaseExecutor.java:418)
	at com.kms.katalon.core.main.TestCaseExecutor.accessMainPhase(TestCaseExecutor.java:410)
	at com.kms.katalon.core.main.TestCaseExecutor.execute(TestCaseExecutor.java:285)
	at com.kms.katalon.core.main.TestCaseMain.runTestCase(TestCaseMain.java:144)
	at com.kms.katalon.core.keyword.builtin.CallTestCaseKeyword$_callTestCase_closure1.doCall(CallTestCaseKeyword.groovy:59)
	at com.kms.katalon.core.keyword.builtin.CallTestCaseKeyword$_callTestCase_closure1.call(CallTestCaseKeyword.groovy)
	at com.kms.katalon.core.keyword.internal.KeywordMain.runKeyword(KeywordMain.groovy:75)
	at com.kms.katalon.core.keyword.builtin.CallTestCaseKeyword.callTestCase(CallTestCaseKeyword.groovy:81)
	at com.kms.katalon.core.keyword.builtin.CallTestCaseKeyword.execute(CallTestCaseKeyword.groovy:44)
	at com.kms.katalon.core.keyword.internal.KeywordExecutor.executeKeywordForPlatform(KeywordExecutor.groovy:74)
	at com.kms.katalon.core.keyword.BuiltinKeywords.callTestCase(BuiltinKeywords.groovy:310)
	at com.kazurayam.ksbackyard.HighlightElement$_pandemic_closure1.doCall(HighlightElement.groovy:105)
	at TNR R.TSPT Supp90-Etudiant.run(TNR R.TSPT Supp90-Etudiant:47)
	at com.kms.katalon.core.main.ScriptEngine.run(ScriptEngine.java:194)
	at com.kms.katalon.core.main.ScriptEngine.runScriptAsRawText(ScriptEngine.java:119)
	at com.kms.katalon.core.main.TestCaseExecutor.runScript(TestCaseExecutor.java:448)
	at com.kms.katalon.core.main.TestCaseExecutor.doExecute(TestCaseExecutor.java:439)
	at com.kms.katalon.core.main.TestCaseExecutor.processExecutionPhase(TestCaseExecutor.java:418)
	at com.kms.katalon.core.main.TestCaseExecutor.accessMainPhase(TestCaseExecutor.java:410)
	at com.kms.katalon.core.main.TestCaseExecutor.execute(TestCaseExecutor.java:285)
	at com.kms.katalon.core.common.CommonExecutor.accessTestCaseMainPhase(CommonExecutor.java:65)
	at com.kms.katalon.core.main.TestSuiteExecutor.accessTestSuiteMainPhase(TestSuiteExecutor.java:148)
	at com.kms.katalon.core.main.TestSuiteExecutor.execute(TestSuiteExecutor.java:106)
	at com.kms.katalon.core.main.TestCaseMain.startTestSuite(TestCaseMain.java:187)
	at com.kms.katalon.core.main.TestCaseMain$startTestSuite$0.call(Unknown Source)
	at TempTestSuite1700775610776.run(TempTestSuite1700775610776.groovy:36)
)
[[ATTACHMENT|C:\\Users\\ISSAM.RHARBAOUI\\git\\22_11\\ANEF-AutomatizationProject\\Reports\\20231123_224010\\TS_TNR_R.TSPT_Suppo90\\20231123_224010\\1700775912029.png]]

2023-11-23 22:45:12 - [TEST_STEP][PASSED] - delay(2): Delayed 2 second(s)

2023-11-23 22:45:12 - [MESSAGE][INFO] - Delaying browser in 2 second(s)

2023-11-23 22:45:14 - [MESSAGE][PASSED] - Delayed 2 second(s)

2023-11-23 22:45:14 - [TEST_STEP][PASSED] - if (verifyElementPresent(findTestObject("Object Repository/Page_InformationPersonnelles_Usager/CheckBox_DesEnfantsACharge_Non"), 1, OPTIONAL)): null

2023-11-23 22:45:14 - [MESSAGE][INFO] - Finding Test Object 'Object Repository/Page_InformationPersonnelles_Usager/CheckBox_DesEnfantsACharge_Non'

2023-11-23 22:45:14 - [MESSAGE][INFO] - Checking object

2023-11-23 22:45:14 - [MESSAGE][INFO] - Finding web element from Test Object's properties

2023-11-23 22:45:14 - [MESSAGE][INFO] - Checking timeout

2023-11-23 22:45:14 - [MESSAGE][INFO] - Finding web element with id: 'Object Repository/Page_InformationPersonnelles_Usager/CheckBox_DesEnfantsACharge_Non' located by 'By.xpath: //app-demande-ptsq//app-informations-personnelles-shared//app-has-enfants-charge//div//fieldset/div/div[2]/p-radiobutton/div/div[2]/span|//app-demande-visiteur//app-informations-personnelles-shared//app-has-enfants-charge/div/div/anef-input-radio/div/div/fieldset/div/div[2]/p-radiobutton/div/div[2]/span|//app-demande-ptch//app-informations-personnelles-shared//app-has-enfants-charge/div/div/anef-input-radio/div/div/fieldset/div/div[2]/p-radiobutton/div/div[2]/span|//div/app-has-enfants-charge/div/div/anef-input-radio/div/div/fieldset/div/div[2]/p-radiobutton/div/div[2]/span
' in '1' second(s)

2023-11-23 22:45:14 - [MESSAGE][INFO] - Smart Wait Function is triggered

2023-11-23 22:45:14 - [MESSAGE][INFO] - Found 1 web elements with id: 'Object Repository/Page_InformationPersonnelles_Usager/CheckBox_DesEnfantsACharge_Non' located by 'By.xpath: //app-demande-ptsq//app-informations-personnelles-shared//app-has-enfants-charge//div//fieldset/div/div[2]/p-radiobutton/div/div[2]/span|//app-demande-visiteur//app-informations-personnelles-shared//app-has-enfants-charge/div/div/anef-input-radio/div/div/fieldset/div/div[2]/p-radiobutton/div/div[2]/span|//app-demande-ptch//app-informations-personnelles-shared//app-has-enfants-charge/div/div/anef-input-radio/div/div/fieldset/div/div[2]/p-radiobutton/div/div[2]/span|//div/app-has-enfants-charge/div/div/anef-input-radio/div/div/fieldset/div/div[2]/p-radiobutton/div/div[2]/span
' in '1' second(s)

2023-11-23 22:45:14 - [MESSAGE][PASSED] - Object 'Object Repository/Page_InformationPersonnelles_Usager/CheckBox_DesEnfantsACharge_Non' is present

2023-11-23 22:45:14 - [TEST_STEP][PASSED] - check(findTestObject("Object Repository/Page_InformationPersonnelles_Usager/CheckBox_DesEnfantsACharge_Non"), OPTIONAL): Object 'Object Repository/Page_InformationPersonnelles_Usager/CheckBox_DesEnfantsACharge_Non' is checked

2023-11-23 22:45:14 - [MESSAGE][INFO] - Finding Test Object 'Object Repository/Page_InformationPersonnelles_Usager/CheckBox_DesEnfantsACharge_Non'

2023-11-23 22:45:14 - [MESSAGE][INFO] - Checking object

2023-11-23 22:45:14 - [MESSAGE][INFO] - Finding web element from Test Object's properties

2023-11-23 22:45:14 - [MESSAGE][INFO] - Checking timeout

2023-11-23 22:45:14 - [MESSAGE][INFO] - Finding web element with id: 'Object Repository/Page_InformationPersonnelles_Usager/CheckBox_DesEnfantsACharge_Non' located by 'By.xpath: //app-demande-ptsq//app-informations-personnelles-shared//app-has-enfants-charge//div//fieldset/div/div[2]/p-radiobutton/div/div[2]/span|//app-demande-visiteur//app-informations-personnelles-shared//app-has-enfants-charge/div/div/anef-input-radio/div/div/fieldset/div/div[2]/p-radiobutton/div/div[2]/span|//app-demande-ptch//app-informations-personnelles-shared//app-has-enfants-charge/div/div/anef-input-radio/div/div/fieldset/div/div[2]/p-radiobutton/div/div[2]/span|//div/app-has-enfants-charge/div/div/anef-input-radio/div/div/fieldset/div/div[2]/p-radiobutton/div/div[2]/span
' in '5' second(s)

2023-11-23 22:45:14 - [MESSAGE][INFO] - Smart Wait Function is triggered

2023-11-23 22:45:14 - [MESSAGE][INFO] - Found 1 web elements with id: 'Object Repository/Page_InformationPersonnelles_Usager/CheckBox_DesEnfantsACharge_Non' located by 'By.xpath: //app-demande-ptsq//app-informations-personnelles-shared//app-has-enfants-charge//div//fieldset/div/div[2]/p-radiobutton/div/div[2]/span|//app-demande-visiteur//app-informations-personnelles-shared//app-has-enfants-charge/div/div/anef-input-radio/div/div/fieldset/div/div[2]/p-radiobutton/div/div[2]/span|//app-demande-ptch//app-informations-personnelles-shared//app-has-enfants-charge/div/div/anef-input-radio/div/div/fieldset/div/div[2]/p-radiobutton/div/div[2]/span|//div/app-has-enfants-charge/div/div/anef-input-radio/div/div/fieldset/div/div[2]/p-radiobutton/div/div[2]/span
' in '5' second(s)

2023-11-23 22:45:14 - [MESSAGE][INFO] - Checking on bject 'Object Repository/Page_InformationPersonnelles_Usager/CheckBox_DesEnfantsACharge_Non'

2023-11-23 22:45:16 - [MESSAGE][PASSED] - Object 'Object Repository/Page_InformationPersonnelles_Usager/CheckBox_DesEnfantsACharge_Non' is checked

2023-11-23 22:45:16 - [TEST_STEP][PASSED] - delay(2): Delayed 2 second(s)

2023-11-23 22:45:16 - [MESSAGE][INFO] - Delaying browser in 2 second(s)

2023-11-23 22:45:18 - [MESSAGE][PASSED] - Delayed 2 second(s)

2023-11-23 22:45:18 - [TEST_STEP][PASSED] - setText(findTestObject("Object Repository/Page_InformationPersonnelles_Usager/Input_AdresseUsager"), AdresseUsager): Text '2 rue des 3 moulins 77000 melun' is set on object 'Object Repository/Page_InformationPersonnelles_Usager/Input_AdresseUsager'

2023-11-23 22:45:18 - [MESSAGE][INFO] - Finding Test Object 'Object Repository/Page_InformationPersonnelles_Usager/Input_AdresseUsager'

2023-11-23 22:45:18 - [MESSAGE][INFO] - Checking timeout

2023-11-23 22:45:18 - [MESSAGE][INFO] - Finding web element with id: 'Object Repository/Page_InformationPersonnelles_Usager/Input_AdresseUsager' located by 'By.xpath: //app-informations-personnelles//app-adresse-etalab//app-vls-ts-etalab//div/input|//app-informations-personnelles-shared//app-adresse-etalab//app-vls-ts-etalab//div/input' in '20' second(s)

2023-11-23 22:45:18 - [MESSAGE][INFO] - Smart Wait Function is triggered

2023-11-23 22:45:18 - [MESSAGE][INFO] - Found 1 web elements with id: 'Object Repository/Page_InformationPersonnelles_Usager/Input_AdresseUsager' located by 'By.xpath: //app-informations-personnelles//app-adresse-etalab//app-vls-ts-etalab//div/input|//app-informations-personnelles-shared//app-adresse-etalab//app-vls-ts-etalab//div/input' in '20' second(s)

2023-11-23 22:45:18 - [MESSAGE][INFO] - Checking object

2023-11-23 22:45:18 - [MESSAGE][INFO] - Checking text

2023-11-23 22:45:18 - [MESSAGE][INFO] - Finding web element from Test Object's properties

2023-11-23 22:45:18 - [MESSAGE][INFO] - Checking timeout

2023-11-23 22:45:18 - [MESSAGE][INFO] - Finding web element with id: 'Object Repository/Page_InformationPersonnelles_Usager/Input_AdresseUsager' located by 'By.xpath: //app-informations-personnelles//app-adresse-etalab//app-vls-ts-etalab//div/input|//app-informations-personnelles-shared//app-adresse-etalab//app-vls-ts-etalab//div/input' in '5' second(s)

2023-11-23 22:45:18 - [MESSAGE][INFO] - Smart Wait Function is triggered

2023-11-23 22:45:18 - [MESSAGE][INFO] - Found 1 web elements with id: 'Object Repository/Page_InformationPersonnelles_Usager/Input_AdresseUsager' located by 'By.xpath: //app-informations-personnelles//app-adresse-etalab//app-vls-ts-etalab//div/input|//app-informations-personnelles-shared//app-adresse-etalab//app-vls-ts-etalab//div/input' in '5' second(s)

2023-11-23 22:45:18 - [MESSAGE][INFO] - Clearing text of object 'Object Repository/Page_InformationPersonnelles_Usager/Input_AdresseUsager'

2023-11-23 22:45:20 - [MESSAGE][INFO] - Finding web element from Test Object's properties

2023-11-23 22:45:20 - [MESSAGE][INFO] - Checking timeout

2023-11-23 22:45:20 - [MESSAGE][INFO] - Finding web element with id: 'Object Repository/Page_InformationPersonnelles_Usager/Input_AdresseUsager' located by 'By.xpath: //app-informations-personnelles//app-adresse-etalab//app-vls-ts-etalab//div/input|//app-informations-personnelles-shared//app-adresse-etalab//app-vls-ts-etalab//div/input' in '5' second(s)

2023-11-23 22:45:20 - [MESSAGE][INFO] - Smart Wait Function is triggered

2023-11-23 22:45:20 - [MESSAGE][INFO] - Found 1 web elements with id: 'Object Repository/Page_InformationPersonnelles_Usager/Input_AdresseUsager' located by 'By.xpath: //app-informations-personnelles//app-adresse-etalab//app-vls-ts-etalab//div/input|//app-informations-personnelles-shared//app-adresse-etalab//app-vls-ts-etalab//div/input' in '5' second(s)

2023-11-23 22:45:20 - [MESSAGE][INFO] - Setting text of object 'Object Repository/Page_InformationPersonnelles_Usager/Input_AdresseUsager' to value '2 rue des 3 moulins 77000 melun'

2023-11-23 22:45:23 - [MESSAGE][PASSED] - Text '2 rue des 3 moulins 77000 melun' is set on object 'Object Repository/Page_InformationPersonnelles_Usager/Input_AdresseUsager'

2023-11-23 22:45:23 - [TEST_STEP][PASSED] - delay(2): Delayed 2 second(s)

2023-11-23 22:45:23 - [MESSAGE][INFO] - Delaying browser in 2 second(s)

2023-11-23 22:45:25 - [MESSAGE][PASSED] - Delayed 2 second(s)

2023-11-23 22:45:25 - [TEST_STEP][PASSED] - setText(findTestObject("Object Repository/Page_InformationPersonnelles_Usager/Input_NumeroDeTelephone"), NumeroTelephoneUsager): Text '0911223344' is set on object 'Object Repository/Page_InformationPersonnelles_Usager/Input_NumeroDeTelephone'

2023-11-23 22:45:25 - [MESSAGE][INFO] - Finding Test Object 'Object Repository/Page_InformationPersonnelles_Usager/Input_NumeroDeTelephone'

2023-11-23 22:45:25 - [MESSAGE][INFO] - Checking timeout

2023-11-23 22:45:25 - [MESSAGE][INFO] - Finding web element with id: 'Object Repository/Page_InformationPersonnelles_Usager/Input_NumeroDeTelephone' located by 'By.xpath: //*[@aria-labelledby="TELEPHONE_PORTABLE-label"]' in '20' second(s)

2023-11-23 22:45:25 - [MESSAGE][INFO] - Smart Wait Function is triggered

2023-11-23 22:45:25 - [MESSAGE][INFO] - Found 1 web elements with id: 'Object Repository/Page_InformationPersonnelles_Usager/Input_NumeroDeTelephone' located by 'By.xpath: //*[@aria-labelledby="TELEPHONE_PORTABLE-label"]' in '20' second(s)

2023-11-23 22:45:25 - [MESSAGE][INFO] - Checking object

2023-11-23 22:45:25 - [MESSAGE][INFO] - Checking text

2023-11-23 22:45:25 - [MESSAGE][INFO] - Finding web element from Test Object's properties

2023-11-23 22:45:25 - [MESSAGE][INFO] - Checking timeout

2023-11-23 22:45:25 - [MESSAGE][INFO] - Finding web element with id: 'Object Repository/Page_InformationPersonnelles_Usager/Input_NumeroDeTelephone' located by 'By.xpath: //*[@aria-labelledby="TELEPHONE_PORTABLE-label"]' in '5' second(s)

2023-11-23 22:45:25 - [MESSAGE][INFO] - Smart Wait Function is triggered

2023-11-23 22:45:25 - [MESSAGE][INFO] - Found 1 web elements with id: 'Object Repository/Page_InformationPersonnelles_Usager/Input_NumeroDeTelephone' located by 'By.xpath: //*[@aria-labelledby="TELEPHONE_PORTABLE-label"]' in '5' second(s)

2023-11-23 22:45:25 - [MESSAGE][INFO] - Clearing text of object 'Object Repository/Page_InformationPersonnelles_Usager/Input_NumeroDeTelephone'

2023-11-23 22:45:27 - [MESSAGE][INFO] - Finding web element from Test Object's properties

2023-11-23 22:45:27 - [MESSAGE][INFO] - Checking timeout

2023-11-23 22:45:27 - [MESSAGE][INFO] - Finding web element with id: 'Object Repository/Page_InformationPersonnelles_Usager/Input_NumeroDeTelephone' located by 'By.xpath: //*[@aria-labelledby="TELEPHONE_PORTABLE-label"]' in '5' second(s)

2023-11-23 22:45:27 - [MESSAGE][INFO] - Smart Wait Function is triggered

2023-11-23 22:45:27 - [MESSAGE][INFO] - Found 1 web elements with id: 'Object Repository/Page_InformationPersonnelles_Usager/Input_NumeroDeTelephone' located by 'By.xpath: //*[@aria-labelledby="TELEPHONE_PORTABLE-label"]' in '5' second(s)

2023-11-23 22:45:27 - [MESSAGE][INFO] - Setting text of object 'Object Repository/Page_InformationPersonnelles_Usager/Input_NumeroDeTelephone' to value '0911223344'

2023-11-23 22:45:29 - [MESSAGE][PASSED] - Text '0911223344' is set on object 'Object Repository/Page_InformationPersonnelles_Usager/Input_NumeroDeTelephone'

2023-11-23 22:45:29 - [TEST_STEP][PASSED] - click(findTestObject("Object Repository/Page_DemarcheRenouvellement/btn_EnregistrerEtPoursuivre")): Object: 'Object Repository/Page_DemarcheRenouvellement/btn_EnregistrerEtPoursuivre' is clicked on

2023-11-23 22:45:29 - [MESSAGE][INFO] - Finding Test Object 'Object Repository/Page_DemarcheRenouvellement/btn_EnregistrerEtPoursuivre'

2023-11-23 22:45:29 - [MESSAGE][INFO] - Checking timeout

2023-11-23 22:45:29 - [MESSAGE][INFO] - Finding web element with id: 'Object Repository/Page_DemarcheRenouvellement/btn_EnregistrerEtPoursuivre' located by 'By.xpath: //span[text()='Enregistrer et poursuivre >']' in '20' second(s)

2023-11-23 22:45:29 - [MESSAGE][INFO] - Smart Wait Function is triggered

2023-11-23 22:45:29 - [MESSAGE][INFO] - Found 1 web elements with id: 'Object Repository/Page_DemarcheRenouvellement/btn_EnregistrerEtPoursuivre' located by 'By.xpath: //span[text()='Enregistrer et poursuivre >']' in '20' second(s)

2023-11-23 22:45:29 - [MESSAGE][INFO] - Checking object

2023-11-23 22:45:29 - [MESSAGE][INFO] - Checking timeout

2023-11-23 22:45:29 - [MESSAGE][INFO] - Finding web element from Test Object's properties

2023-11-23 22:45:29 - [MESSAGE][INFO] - Checking timeout

2023-11-23 22:45:29 - [MESSAGE][INFO] - Finding web element with id: 'Object Repository/Page_DemarcheRenouvellement/btn_EnregistrerEtPoursuivre' located by 'By.xpath: //span[text()='Enregistrer et poursuivre >']' in '5' second(s)

2023-11-23 22:45:29 - [MESSAGE][INFO] - Smart Wait Function is triggered

2023-11-23 22:45:29 - [MESSAGE][INFO] - Found 1 web elements with id: 'Object Repository/Page_DemarcheRenouvellement/btn_EnregistrerEtPoursuivre' located by 'By.xpath: //span[text()='Enregistrer et poursuivre >']' in '5' second(s)

2023-11-23 22:45:29 - [MESSAGE][INFO] - Clicking on object: 'Object Repository/Page_DemarcheRenouvellement/btn_EnregistrerEtPoursuivre'

2023-11-23 22:45:31 - [MESSAGE][PASSED] - Object: 'Object Repository/Page_DemarcheRenouvellement/btn_EnregistrerEtPoursuivre' is clicked on

2023-11-23 22:45:31 - [MESSAGE][PASSED] - Call Test Case 'Test Cases/Test Reutilisable/DemandeOuRenouvelle_TitreSejour/FormulaireInformationsPersonnelles' successfully

2023-11-23 22:45:31 - [TEST_STEP][PASSED] - callTestCase(findTestCase("Test Reutilisable/DemandeOuRenouvelle_TitreSejour/FormulaireMotifDeLaDemande"), ["TypeTitreDeSejour":TypeTitreDeSejour, "Titre":Titre], STOP_ON_FAILURE): Call Test Case 'Test Cases/Test Reutilisable/DemandeOuRenouvelle_TitreSejour/FormulaireMotifDeLaDemande' successfully

2023-11-23 22:45:31 - [MESSAGE][INFO] - Checking called Test Case

2023-11-23 22:45:31 - [MESSAGE][INFO] - Starting to call Test Case 'Test Cases/Test Reutilisable/DemandeOuRenouvelle_TitreSejour/FormulaireMotifDeLaDemande'

2023-11-23 22:45:32 - [TEST_CASE][PASSED] - Test Cases/Test Reutilisable/DemandeOuRenouvelle_TitreSejour/FormulaireMotifDeLaDemande: Test Cases/Test Reutilisable/DemandeOuRenouvelle_TitreSejour/FormulaireMotifDeLaDemande

2023-11-23 22:45:33 - [TEST_STEP][PASSED] - com.kazurayam.ksbackyard.HighlightElement.pandemic(): com.kazurayam.ksbackyard.HighlightElement.pandemic is PASSED

2023-11-23 22:45:33 - [MESSAGE][PASSED] - com.kazurayam.ksbackyard.HighlightElement.pandemic is PASSED

2023-11-23 22:45:33 - [TEST_STEP][PASSED] - if (TypeTitreDeSejour == "RenouvellementDeTitreSejour" && Titre == "Etudiant"): null

2023-11-23 22:45:33 - [TEST_STEP][PASSED] - if (TypeTitreDeSejour == "Visiteur" && Titre == "Etudiant" || TypeTitreDeSejour == "RenouvellementDeTitreSejour" && Titre == "Visiteur"): null

2023-11-23 22:45:33 - [TEST_STEP][PASSED] - if (TypeTitreDeSejour == "TS-PT-SalarieQualifie" && Titre == "Visiteur" || Titre == "Etudiant"): null

2023-11-23 22:45:33 - [TEST_STEP][PASSED] - if (TypeTitreDeSejour == "TS-PT-SalarieEntrepriseInnovante" && Titre == "Visiteur" || Titre == "Etudiant"): null

2023-11-23 22:45:33 - [TEST_STEP][PASSED] - if (TypeTitreDeSejour == "TS-PT-CarteBleueEuropeenne" && Titre == "Visiteur" || Titre == "Etudiant"): null

2023-11-23 22:45:33 - [TEST_STEP][PASSED] - if (TypeTitreDeSejour == "TS-PT-SalarieEnMission" && Titre == "Visiteur" || Titre == "Etudiant"): null

2023-11-23 22:45:33 - [TEST_STEP][PASSED] - if (TypeTitreDeSejour == "ChercheurEtChercheurEnMobilite" && Titre == "Visiteur" || Titre == "Etudiant"): Delayed 2 second(s)

2023-11-23 22:45:33 - [TEST_STEP][PASSED] - setText(findTestObject("Object Repository/Page_MotifDeLaDemande_Usager/Input_IntituleDuDiplome"), "Intitulé du diplôme "): Text 'Intitulé du diplôme ' is set on object 'Object Repository/Page_MotifDeLaDemande_Usager/Input_IntituleDuDiplome'

2023-11-23 22:45:33 - [MESSAGE][INFO] - Finding Test Object 'Object Repository/Page_MotifDeLaDemande_Usager/Input_IntituleDuDiplome'

2023-11-23 22:45:33 - [MESSAGE][INFO] - Checking timeout

2023-11-23 22:45:33 - [MESSAGE][INFO] - Finding web element with id: 'Object Repository/Page_MotifDeLaDemande_Usager/Input_IntituleDuDiplome' located by 'By.xpath: //div[2]/div/div/div[1]/div/div/div/app-indent-wrapper/app-information-relatives-qualification/div/div[1]/div/anef-input-text/div/div/div[1]/div/input|//app-demande-ptch/div/div[3]/app-motif-sejour-ptch//app-information-relatives-chercheur/div[1]/div/anef-input-text/div/div/div[1]/div/input' in '20' second(s)

2023-11-23 22:45:33 - [MESSAGE][INFO] - Smart Wait Function is triggered

2023-11-23 22:45:33 - [MESSAGE][INFO] - Found 1 web elements with id: 'Object Repository/Page_MotifDeLaDemande_Usager/Input_IntituleDuDiplome' located by 'By.xpath: //div[2]/div/div/div[1]/div/div/div/app-indent-wrapper/app-information-relatives-qualification/div/div[1]/div/anef-input-text/div/div/div[1]/div/input|//app-demande-ptch/div/div[3]/app-motif-sejour-ptch//app-information-relatives-chercheur/div[1]/div/anef-input-text/div/div/div[1]/div/input' in '20' second(s)

2023-11-23 22:45:33 - [MESSAGE][INFO] - Checking object

2023-11-23 22:45:33 - [MESSAGE][INFO] - Checking text

2023-11-23 22:45:33 - [MESSAGE][INFO] - Finding web element from Test Object's properties

2023-11-23 22:45:33 - [MESSAGE][INFO] - Checking timeout

2023-11-23 22:45:33 - [MESSAGE][INFO] - Finding web element with id: 'Object Repository/Page_MotifDeLaDemande_Usager/Input_IntituleDuDiplome' located by 'By.xpath: //div[2]/div/div/div[1]/div/div/div/app-indent-wrapper/app-information-relatives-qualification/div/div[1]/div/anef-input-text/div/div/div[1]/div/input|//app-demande-ptch/div/div[3]/app-motif-sejour-ptch//app-information-relatives-chercheur/div[1]/div/anef-input-text/div/div/div[1]/div/input' in '5' second(s)

2023-11-23 22:45:33 - [MESSAGE][INFO] - Smart Wait Function is triggered

2023-11-23 22:45:33 - [MESSAGE][INFO] - Found 1 web elements with id: 'Object Repository/Page_MotifDeLaDemande_Usager/Input_IntituleDuDiplome' located by 'By.xpath: //div[2]/div/div/div[1]/div/div/div/app-indent-wrapper/app-information-relatives-qualification/div/div[1]/div/anef-input-text/div/div/div[1]/div/input|//app-demande-ptch/div/div[3]/app-motif-sejour-ptch//app-information-relatives-chercheur/div[1]/div/anef-input-text/div/div/div[1]/div/input' in '5' second(s)

2023-11-23 22:45:33 - [MESSAGE][INFO] - Clearing text of object 'Object Repository/Page_MotifDeLaDemande_Usager/Input_IntituleDuDiplome'

2023-11-23 22:45:35 - [MESSAGE][INFO] - Finding web element from Test Object's properties

2023-11-23 22:45:35 - [MESSAGE][INFO] - Checking timeout

2023-11-23 22:45:35 - [MESSAGE][INFO] - Finding web element with id: 'Object Repository/Page_MotifDeLaDemande_Usager/Input_IntituleDuDiplome' located by 'By.xpath: //div[2]/div/div/div[1]/div/div/div/app-indent-wrapper/app-information-relatives-qualification/div/div[1]/div/anef-input-text/div/div/div[1]/div/input|//app-demande-ptch/div/div[3]/app-motif-sejour-ptch//app-information-relatives-chercheur/div[1]/div/anef-input-text/div/div/div[1]/div/input' in '5' second(s)

2023-11-23 22:45:35 - [MESSAGE][INFO] - Smart Wait Function is triggered

2023-11-23 22:45:35 - [MESSAGE][INFO] - Found 1 web elements with id: 'Object Repository/Page_MotifDeLaDemande_Usager/Input_IntituleDuDiplome' located by 'By.xpath: //div[2]/div/div/div[1]/div/div/div/app-indent-wrapper/app-information-relatives-qualification/div/div[1]/div/anef-input-text/div/div/div[1]/div/input|//app-demande-ptch/div/div[3]/app-motif-sejour-ptch//app-information-relatives-chercheur/div[1]/div/anef-input-text/div/div/div[1]/div/input' in '5' second(s)

2023-11-23 22:45:35 - [MESSAGE][INFO] - Setting text of object 'Object Repository/Page_MotifDeLaDemande_Usager/Input_IntituleDuDiplome' to value 'Intitulé du diplôme '

2023-11-23 22:45:38 - [MESSAGE][PASSED] - Text 'Intitulé du diplôme ' is set on object 'Object Repository/Page_MotifDeLaDemande_Usager/Input_IntituleDuDiplome'

2023-11-23 22:45:38 - [TEST_STEP][PASSED] - setText(findTestObject("Object Repository/Page_MotifDeLaDemande_Usager/Input_DateDeDelivrance_JJ"), "10"): Text '10' is set on object 'Object Repository/Page_MotifDeLaDemande_Usager/Input_DateDeDelivrance_JJ'

2023-11-23 22:45:38 - [MESSAGE][INFO] - Finding Test Object 'Object Repository/Page_MotifDeLaDemande_Usager/Input_DateDeDelivrance_JJ'

2023-11-23 22:45:38 - [MESSAGE][INFO] - Checking timeout

2023-11-23 22:45:38 - [MESSAGE][INFO] - Finding web element with id: 'Object Repository/Page_MotifDeLaDemande_Usager/Input_DateDeDelivrance_JJ' located by 'By.xpath: //div[2]/div/div/div[1]/div/div/div/app-indent-wrapper/app-information-relatives-qualification/div/div[2]/div/anef-input-date/div/div/fieldset/div/div[1]/div/div/input|//*[@id="JOUR"]' in '20' second(s)

2023-11-23 22:45:38 - [MESSAGE][INFO] - Smart Wait Function is triggered

2023-11-23 22:45:38 - [MESSAGE][INFO] - Found 1 web elements with id: 'Object Repository/Page_MotifDeLaDemande_Usager/Input_DateDeDelivrance_JJ' located by 'By.xpath: //div[2]/div/div/div[1]/div/div/div/app-indent-wrapper/app-information-relatives-qualification/div/div[2]/div/anef-input-date/div/div/fieldset/div/div[1]/div/div/input|//*[@id="JOUR"]' in '20' second(s)

2023-11-23 22:45:38 - [MESSAGE][INFO] - Checking object

2023-11-23 22:45:38 - [MESSAGE][INFO] - Checking text

2023-11-23 22:45:38 - [MESSAGE][INFO] - Finding web element from Test Object's properties

2023-11-23 22:45:38 - [MESSAGE][INFO] - Checking timeout

2023-11-23 22:45:38 - [MESSAGE][INFO] - Finding web element with id: 'Object Repository/Page_MotifDeLaDemande_Usager/Input_DateDeDelivrance_JJ' located by 'By.xpath: //div[2]/div/div/div[1]/div/div/div/app-indent-wrapper/app-information-relatives-qualification/div/div[2]/div/anef-input-date/div/div/fieldset/div/div[1]/div/div/input|//*[@id="JOUR"]' in '5' second(s)

2023-11-23 22:45:38 - [MESSAGE][INFO] - Smart Wait Function is triggered

2023-11-23 22:45:38 - [MESSAGE][INFO] - Found 1 web elements with id: 'Object Repository/Page_MotifDeLaDemande_Usager/Input_DateDeDelivrance_JJ' located by 'By.xpath: //div[2]/div/div/div[1]/div/div/div/app-indent-wrapper/app-information-relatives-qualification/div/div[2]/div/anef-input-date/div/div/fieldset/div/div[1]/div/div/input|//*[@id="JOUR"]' in '5' second(s)

2023-11-23 22:45:38 - [MESSAGE][INFO] - Clearing text of object 'Object Repository/Page_MotifDeLaDemande_Usager/Input_DateDeDelivrance_JJ'

2023-11-23 22:45:40 - [MESSAGE][INFO] - Finding web element from Test Object's properties

2023-11-23 22:45:40 - [MESSAGE][INFO] - Checking timeout

2023-11-23 22:45:40 - [MESSAGE][INFO] - Finding web element with id: 'Object Repository/Page_MotifDeLaDemande_Usager/Input_DateDeDelivrance_JJ' located by 'By.xpath: //div[2]/div/div/div[1]/div/div/div/app-indent-wrapper/app-information-relatives-qualification/div/div[2]/div/anef-input-date/div/div/fieldset/div/div[1]/div/div/input|//*[@id="JOUR"]' in '5' second(s)

2023-11-23 22:45:40 - [MESSAGE][INFO] - Smart Wait Function is triggered

2023-11-23 22:45:40 - [MESSAGE][INFO] - Found 1 web elements with id: 'Object Repository/Page_MotifDeLaDemande_Usager/Input_DateDeDelivrance_JJ' located by 'By.xpath: //div[2]/div/div/div[1]/div/div/div/app-indent-wrapper/app-information-relatives-qualification/div/div[2]/div/anef-input-date/div/div/fieldset/div/div[1]/div/div/input|//*[@id="JOUR"]' in '5' second(s)

2023-11-23 22:45:40 - [MESSAGE][INFO] - Setting text of object 'Object Repository/Page_MotifDeLaDemande_Usager/Input_DateDeDelivrance_JJ' to value '10'

2023-11-23 22:45:42 - [MESSAGE][PASSED] - Text '10' is set on object 'Object Repository/Page_MotifDeLaDemande_Usager/Input_DateDeDelivrance_JJ'

2023-11-23 22:45:42 - [TEST_STEP][PASSED] - click(findTestObject("Object Repository/Page_MotifDeLaDemande_Usager/select_DateDeDelivrance_MM")): Object: 'Object Repository/Page_MotifDeLaDemande_Usager/select_DateDeDelivrance_MM' is clicked on

2023-11-23 22:45:42 - [MESSAGE][INFO] - Finding Test Object 'Object Repository/Page_MotifDeLaDemande_Usager/select_DateDeDelivrance_MM'

2023-11-23 22:45:42 - [MESSAGE][INFO] - Checking timeout

2023-11-23 22:45:42 - [MESSAGE][INFO] - Finding web element with id: 'Object Repository/Page_MotifDeLaDemande_Usager/select_DateDeDelivrance_MM' located by 'By.xpath: /html/body/app-root/div/app-portal/main/app-theme-v2/div/app-demande-ptsq/div/div[3]/app-motif-sejour-ptsq/div[2]/div/p-accordion/div/form/p-accordiontab/div[2]/div/div/div[1]/div/div/div/app-indent-wrapper/app-information-relatives-qualification/div/div[2]/div/anef-input-date/div/div/fieldset/div[1]/div[2]/div/div/p-dropdown/div/div[2]|//*[@id="MOIS"]/div/div[2]' in '20' second(s)

2023-11-23 22:45:42 - [MESSAGE][INFO] - Smart Wait Function is triggered

2023-11-23 22:45:42 - [MESSAGE][INFO] - Found 1 web elements with id: 'Object Repository/Page_MotifDeLaDemande_Usager/select_DateDeDelivrance_MM' located by 'By.xpath: /html/body/app-root/div/app-portal/main/app-theme-v2/div/app-demande-ptsq/div/div[3]/app-motif-sejour-ptsq/div[2]/div/p-accordion/div/form/p-accordiontab/div[2]/div/div/div[1]/div/div/div/app-indent-wrapper/app-information-relatives-qualification/div/div[2]/div/anef-input-date/div/div/fieldset/div[1]/div[2]/div/div/p-dropdown/div/div[2]|//*[@id="MOIS"]/div/div[2]' in '20' second(s)

2023-11-23 22:45:42 - [MESSAGE][INFO] - Checking object

2023-11-23 22:45:42 - [MESSAGE][INFO] - Checking timeout

2023-11-23 22:45:42 - [MESSAGE][INFO] - Finding web element from Test Object's properties

2023-11-23 22:45:42 - [MESSAGE][INFO] - Checking timeout

2023-11-23 22:45:42 - [MESSAGE][INFO] - Finding web element with id: 'Object Repository/Page_MotifDeLaDemande_Usager/select_DateDeDelivrance_MM' located by 'By.xpath: /html/body/app-root/div/app-portal/main/app-theme-v2/div/app-demande-ptsq/div/div[3]/app-motif-sejour-ptsq/div[2]/div/p-accordion/div/form/p-accordiontab/div[2]/div/div/div[1]/div/div/div/app-indent-wrapper/app-information-relatives-qualification/div/div[2]/div/anef-input-date/div/div/fieldset/div[1]/div[2]/div/div/p-dropdown/div/div[2]|//*[@id="MOIS"]/div/div[2]' in '5' second(s)

2023-11-23 22:45:42 - [MESSAGE][INFO] - Smart Wait Function is triggered

2023-11-23 22:45:42 - [MESSAGE][INFO] - Found 1 web elements with id: 'Object Repository/Page_MotifDeLaDemande_Usager/select_DateDeDelivrance_MM' located by 'By.xpath: /html/body/app-root/div/app-portal/main/app-theme-v2/div/app-demande-ptsq/div/div[3]/app-motif-sejour-ptsq/div[2]/div/p-accordion/div/form/p-accordiontab/div[2]/div/div/div[1]/div/div/div/app-indent-wrapper/app-information-relatives-qualification/div/div[2]/div/anef-input-date/div/div/fieldset/div[1]/div[2]/div/div/p-dropdown/div/div[2]|//*[@id="MOIS"]/div/div[2]' in '5' second(s)

2023-11-23 22:45:42 - [MESSAGE][INFO] - Clicking on object: 'Object Repository/Page_MotifDeLaDemande_Usager/select_DateDeDelivrance_MM'

2023-11-23 22:45:44 - [MESSAGE][PASSED] - Object: 'Object Repository/Page_MotifDeLaDemande_Usager/select_DateDeDelivrance_MM' is clicked on

2023-11-23 22:45:44 - [TEST_STEP][PASSED] - click(findTestObject("Object Repository/Page_MotifDeLaDemande_Usager/click-select_DateDeDelivrance_MM")): Object: 'Object Repository/Page_MotifDeLaDemande_Usager/click-select_DateDeDelivrance_MM' is clicked on

2023-11-23 22:45:44 - [MESSAGE][INFO] - Finding Test Object 'Object Repository/Page_MotifDeLaDemande_Usager/click-select_DateDeDelivrance_MM'

2023-11-23 22:45:44 - [MESSAGE][INFO] - Checking timeout

2023-11-23 22:45:44 - [MESSAGE][INFO] - Finding web element with id: 'Object Repository/Page_MotifDeLaDemande_Usager/click-select_DateDeDelivrance_MM' located by 'By.xpath: /html/body/app-root/div/app-portal/main/app-theme-v2/div/app-demande-ptsq/div/div[3]/app-motif-sejour-ptsq/div[2]/div/p-accordion/div/form/p-accordiontab/div[2]/div/div/div[1]/div/div/div/app-indent-wrapper/app-information-relatives-qualification/div/div[2]/div/anef-input-date/div/div/fieldset/div[1]/div[2]/div/div/p-dropdown/div/div[5]/div/ul/p-dropdownitem[3]/li/span|//*[@id="MOIS"]/div/div[5]/div/ul/p-dropdownitem[3]/li' in '20' second(s)

2023-11-23 22:45:44 - [MESSAGE][INFO] - Smart Wait Function is triggered

2023-11-23 22:45:45 - [MESSAGE][INFO] - Found 1 web elements with id: 'Object Repository/Page_MotifDeLaDemande_Usager/click-select_DateDeDelivrance_MM' located by 'By.xpath: /html/body/app-root/div/app-portal/main/app-theme-v2/div/app-demande-ptsq/div/div[3]/app-motif-sejour-ptsq/div[2]/div/p-accordion/div/form/p-accordiontab/div[2]/div/div/div[1]/div/div/div/app-indent-wrapper/app-information-relatives-qualification/div/div[2]/div/anef-input-date/div/div/fieldset/div[1]/div[2]/div/div/p-dropdown/div/div[5]/div/ul/p-dropdownitem[3]/li/span|//*[@id="MOIS"]/div/div[5]/div/ul/p-dropdownitem[3]/li' in '20' second(s)

2023-11-23 22:45:45 - [MESSAGE][INFO] - Checking object

2023-11-23 22:45:45 - [MESSAGE][INFO] - Checking timeout

2023-11-23 22:45:45 - [MESSAGE][INFO] - Finding web element from Test Object's properties

2023-11-23 22:45:45 - [MESSAGE][INFO] - Checking timeout

2023-11-23 22:45:45 - [MESSAGE][INFO] - Finding web element with id: 'Object Repository/Page_MotifDeLaDemande_Usager/click-select_DateDeDelivrance_MM' located by 'By.xpath: /html/body/app-root/div/app-portal/main/app-theme-v2/div/app-demande-ptsq/div/div[3]/app-motif-sejour-ptsq/div[2]/div/p-accordion/div/form/p-accordiontab/div[2]/div/div/div[1]/div/div/div/app-indent-wrapper/app-information-relatives-qualification/div/div[2]/div/anef-input-date/div/div/fieldset/div[1]/div[2]/div/div/p-dropdown/div/div[5]/div/ul/p-dropdownitem[3]/li/span|//*[@id="MOIS"]/div/div[5]/div/ul/p-dropdownitem[3]/li' in '5' second(s)

2023-11-23 22:45:45 - [MESSAGE][INFO] - Smart Wait Function is triggered

2023-11-23 22:45:45 - [MESSAGE][INFO] - Found 1 web elements with id: 'Object Repository/Page_MotifDeLaDemande_Usager/click-select_DateDeDelivrance_MM' located by 'By.xpath: /html/body/app-root/div/app-portal/main/app-theme-v2/div/app-demande-ptsq/div/div[3]/app-motif-sejour-ptsq/div[2]/div/p-accordion/div/form/p-accordiontab/div[2]/div/div/div[1]/div/div/div/app-indent-wrapper/app-information-relatives-qualification/div/div[2]/div/anef-input-date/div/div/fieldset/div[1]/div[2]/div/div/p-dropdown/div/div[5]/div/ul/p-dropdownitem[3]/li/span|//*[@id="MOIS"]/div/div[5]/div/ul/p-dropdownitem[3]/li' in '5' second(s)

2023-11-23 22:45:45 - [MESSAGE][INFO] - Clicking on object: 'Object Repository/Page_MotifDeLaDemande_Usager/click-select_DateDeDelivrance_MM'

2023-11-23 22:45:47 - [MESSAGE][PASSED] - Object: 'Object Repository/Page_MotifDeLaDemande_Usager/click-select_DateDeDelivrance_MM' is clicked on

2023-11-23 22:45:47 - [TEST_STEP][PASSED] - setText(findTestObject("Object Repository/Page_MotifDeLaDemande_Usager/Input_DateDeDelivrance_AAAA"), "2010"): Text '2010' is set on object 'Object Repository/Page_MotifDeLaDemande_Usager/Input_DateDeDelivrance_AAAA'

2023-11-23 22:45:47 - [MESSAGE][INFO] - Finding Test Object 'Object Repository/Page_MotifDeLaDemande_Usager/Input_DateDeDelivrance_AAAA'

2023-11-23 22:45:47 - [MESSAGE][INFO] - Checking timeout

2023-11-23 22:45:47 - [MESSAGE][INFO] - Finding web element with id: 'Object Repository/Page_MotifDeLaDemande_Usager/Input_DateDeDelivrance_AAAA' located by 'By.xpath: //div/form/p-accordiontab/div[2]/div/div/div[1]/div/div/div/app-indent-wrapper/app-information-relatives-qualification/div/div[2]/div/anef-input-date/div/div/fieldset/div/div[3]/div/div/input|//*[@id="ANNEE"]' in '20' second(s)

2023-11-23 22:45:47 - [MESSAGE][INFO] - Smart Wait Function is triggered

2023-11-23 22:45:47 - [MESSAGE][INFO] - Found 1 web elements with id: 'Object Repository/Page_MotifDeLaDemande_Usager/Input_DateDeDelivrance_AAAA' located by 'By.xpath: //div/form/p-accordiontab/div[2]/div/div/div[1]/div/div/div/app-indent-wrapper/app-information-relatives-qualification/div/div[2]/div/anef-input-date/div/div/fieldset/div/div[3]/div/div/input|//*[@id="ANNEE"]' in '20' second(s)

2023-11-23 22:45:47 - [MESSAGE][INFO] - Checking object

2023-11-23 22:45:47 - [MESSAGE][INFO] - Checking text

2023-11-23 22:45:47 - [MESSAGE][INFO] - Finding web element from Test Object's properties

2023-11-23 22:45:47 - [MESSAGE][INFO] - Checking timeout

2023-11-23 22:45:47 - [MESSAGE][INFO] - Finding web element with id: 'Object Repository/Page_MotifDeLaDemande_Usager/Input_DateDeDelivrance_AAAA' located by 'By.xpath: //div/form/p-accordiontab/div[2]/div/div/div[1]/div/div/div/app-indent-wrapper/app-information-relatives-qualification/div/div[2]/div/anef-input-date/div/div/fieldset/div/div[3]/div/div/input|//*[@id="ANNEE"]' in '5' second(s)

2023-11-23 22:45:47 - [MESSAGE][INFO] - Smart Wait Function is triggered

2023-11-23 22:45:47 - [MESSAGE][INFO] - Found 1 web elements with id: 'Object Repository/Page_MotifDeLaDemande_Usager/Input_DateDeDelivrance_AAAA' located by 'By.xpath: //div/form/p-accordiontab/div[2]/div/div/div[1]/div/div/div/app-indent-wrapper/app-information-relatives-qualification/div/div[2]/div/anef-input-date/div/div/fieldset/div/div[3]/div/div/input|//*[@id="ANNEE"]' in '5' second(s)

2023-11-23 22:45:47 - [MESSAGE][INFO] - Clearing text of object 'Object Repository/Page_MotifDeLaDemande_Usager/Input_DateDeDelivrance_AAAA'

2023-11-23 22:45:49 - [MESSAGE][INFO] - Finding web element from Test Object's properties

2023-11-23 22:45:49 - [MESSAGE][INFO] - Checking timeout

2023-11-23 22:45:49 - [MESSAGE][INFO] - Finding web element with id: 'Object Repository/Page_MotifDeLaDemande_Usager/Input_DateDeDelivrance_AAAA' located by 'By.xpath: //div/form/p-accordiontab/div[2]/div/div/div[1]/div/div/div/app-indent-wrapper/app-information-relatives-qualification/div/div[2]/div/anef-input-date/div/div/fieldset/div/div[3]/div/div/input|//*[@id="ANNEE"]' in '5' second(s)

2023-11-23 22:45:49 - [MESSAGE][INFO] - Smart Wait Function is triggered

2023-11-23 22:45:49 - [MESSAGE][INFO] - Found 1 web elements with id: 'Object Repository/Page_MotifDeLaDemande_Usager/Input_DateDeDelivrance_AAAA' located by 'By.xpath: //div/form/p-accordiontab/div[2]/div/div/div[1]/div/div/div/app-indent-wrapper/app-information-relatives-qualification/div/div[2]/div/anef-input-date/div/div/fieldset/div/div[3]/div/div/input|//*[@id="ANNEE"]' in '5' second(s)

2023-11-23 22:45:49 - [MESSAGE][INFO] - Setting text of object 'Object Repository/Page_MotifDeLaDemande_Usager/Input_DateDeDelivrance_AAAA' to value '2010'

2023-11-23 22:45:51 - [MESSAGE][PASSED] - Text '2010' is set on object 'Object Repository/Page_MotifDeLaDemande_Usager/Input_DateDeDelivrance_AAAA'

2023-11-23 22:45:51 - [TEST_STEP][PASSED] - setText(findTestObject("Object Repository/Page_MotifDeLaDemande_Usager/Input_EtablissementDeDelivrance"), "Établissement De Délivrance"): Text 'Établissement De Délivrance' is set on object 'Object Repository/Page_MotifDeLaDemande_Usager/Input_EtablissementDeDelivrance'

2023-11-23 22:45:51 - [MESSAGE][INFO] - Finding Test Object 'Object Repository/Page_MotifDeLaDemande_Usager/Input_EtablissementDeDelivrance'

2023-11-23 22:45:51 - [MESSAGE][INFO] - Checking timeout

2023-11-23 22:45:51 - [MESSAGE][INFO] - Finding web element with id: 'Object Repository/Page_MotifDeLaDemande_Usager/Input_EtablissementDeDelivrance' located by 'By.xpath: //*[@aria-labelledby="ETABLISSEMENT_DELIVRANCE-label"]' in '20' second(s)

2023-11-23 22:45:51 - [MESSAGE][INFO] - Smart Wait Function is triggered

2023-11-23 22:45:51 - [MESSAGE][INFO] - Found 1 web elements with id: 'Object Repository/Page_MotifDeLaDemande_Usager/Input_EtablissementDeDelivrance' located by 'By.xpath: //*[@aria-labelledby="ETABLISSEMENT_DELIVRANCE-label"]' in '20' second(s)

2023-11-23 22:45:51 - [MESSAGE][INFO] - Checking object

2023-11-23 22:45:51 - [MESSAGE][INFO] - Checking text

2023-11-23 22:45:51 - [MESSAGE][INFO] - Finding web element from Test Object's properties

2023-11-23 22:45:51 - [MESSAGE][INFO] - Checking timeout

2023-11-23 22:45:51 - [MESSAGE][INFO] - Finding web element with id: 'Object Repository/Page_MotifDeLaDemande_Usager/Input_EtablissementDeDelivrance' located by 'By.xpath: //*[@aria-labelledby="ETABLISSEMENT_DELIVRANCE-label"]' in '5' second(s)

2023-11-23 22:45:51 - [MESSAGE][INFO] - Smart Wait Function is triggered

2023-11-23 22:45:51 - [MESSAGE][INFO] - Found 1 web elements with id: 'Object Repository/Page_MotifDeLaDemande_Usager/Input_EtablissementDeDelivrance' located by 'By.xpath: //*[@aria-labelledby="ETABLISSEMENT_DELIVRANCE-label"]' in '5' second(s)

2023-11-23 22:45:51 - [MESSAGE][INFO] - Clearing text of object 'Object Repository/Page_MotifDeLaDemande_Usager/Input_EtablissementDeDelivrance'

2023-11-23 22:45:53 - [MESSAGE][INFO] - Finding web element from Test Object's properties

2023-11-23 22:45:53 - [MESSAGE][INFO] - Checking timeout

2023-11-23 22:45:53 - [MESSAGE][INFO] - Finding web element with id: 'Object Repository/Page_MotifDeLaDemande_Usager/Input_EtablissementDeDelivrance' located by 'By.xpath: //*[@aria-labelledby="ETABLISSEMENT_DELIVRANCE-label"]' in '5' second(s)

2023-11-23 22:45:53 - [MESSAGE][INFO] - Smart Wait Function is triggered

2023-11-23 22:45:53 - [MESSAGE][INFO] - Found 1 web elements with id: 'Object Repository/Page_MotifDeLaDemande_Usager/Input_EtablissementDeDelivrance' located by 'By.xpath: //*[@aria-labelledby="ETABLISSEMENT_DELIVRANCE-label"]' in '5' second(s)

2023-11-23 22:45:53 - [MESSAGE][INFO] - Setting text of object 'Object Repository/Page_MotifDeLaDemande_Usager/Input_EtablissementDeDelivrance' to value 'Établissement De Délivrance'

2023-11-23 22:45:56 - [MESSAGE][PASSED] - Text 'Établissement De Délivrance' is set on object 'Object Repository/Page_MotifDeLaDemande_Usager/Input_EtablissementDeDelivrance'

2023-11-23 22:45:56 - [TEST_STEP][PASSED] - "INFORMATIONS RELATIVES À L’ACTIVITÉ DE RECHERCHE :": null

2023-11-23 22:45:56 - [TEST_STEP][PASSED] - setText(findTestObject("Object Repository/Page_MotifDeLaDemande_Usager/input_OrganismeDAccueil"), "Organisme Accueil"): Text 'Organisme Accueil' is set on object 'Object Repository/Page_MotifDeLaDemande_Usager/input_OrganismeDAccueil'

2023-11-23 22:45:56 - [MESSAGE][INFO] - Finding Test Object 'Object Repository/Page_MotifDeLaDemande_Usager/input_OrganismeDAccueil'

2023-11-23 22:45:56 - [MESSAGE][INFO] - Checking timeout

2023-11-23 22:45:56 - [MESSAGE][INFO] - Finding web element with id: 'Object Repository/Page_MotifDeLaDemande_Usager/input_OrganismeDAccueil' located by 'By.xpath: /html/body/app-root/div/app-portal/main/app-theme-v2/div/app-demande-ptch/div/div[3]/app-motif-sejour-ptch/div[2]/div/p-accordion/div/form/p-accordiontab/div[2]/div/app-information-relatives-activite-recherche/div[1]/div/anef-input-text/div/div/div[1]/div/input' in '20' second(s)

2023-11-23 22:45:56 - [MESSAGE][INFO] - Smart Wait Function is triggered

2023-11-23 22:45:56 - [MESSAGE][INFO] - Found 1 web elements with id: 'Object Repository/Page_MotifDeLaDemande_Usager/input_OrganismeDAccueil' located by 'By.xpath: /html/body/app-root/div/app-portal/main/app-theme-v2/div/app-demande-ptch/div/div[3]/app-motif-sejour-ptch/div[2]/div/p-accordion/div/form/p-accordiontab/div[2]/div/app-information-relatives-activite-recherche/div[1]/div/anef-input-text/div/div/div[1]/div/input' in '20' second(s)

2023-11-23 22:45:56 - [MESSAGE][INFO] - Checking object

2023-11-23 22:45:56 - [MESSAGE][INFO] - Checking text

2023-11-23 22:45:56 - [MESSAGE][INFO] - Finding web element from Test Object's properties

2023-11-23 22:45:56 - [MESSAGE][INFO] - Checking timeout

2023-11-23 22:45:56 - [MESSAGE][INFO] - Finding web element with id: 'Object Repository/Page_MotifDeLaDemande_Usager/input_OrganismeDAccueil' located by 'By.xpath: /html/body/app-root/div/app-portal/main/app-theme-v2/div/app-demande-ptch/div/div[3]/app-motif-sejour-ptch/div[2]/div/p-accordion/div/form/p-accordiontab/div[2]/div/app-information-relatives-activite-recherche/div[1]/div/anef-input-text/div/div/div[1]/div/input' in '5' second(s)

2023-11-23 22:45:56 - [MESSAGE][INFO] - Smart Wait Function is triggered

2023-11-23 22:45:56 - [MESSAGE][INFO] - Found 1 web elements with id: 'Object Repository/Page_MotifDeLaDemande_Usager/input_OrganismeDAccueil' located by 'By.xpath: /html/body/app-root/div/app-portal/main/app-theme-v2/div/app-demande-ptch/div/div[3]/app-motif-sejour-ptch/div[2]/div/p-accordion/div/form/p-accordiontab/div[2]/div/app-information-relatives-activite-recherche/div[1]/div/anef-input-text/div/div/div[1]/div/input' in '5' second(s)

2023-11-23 22:45:56 - [MESSAGE][INFO] - Clearing text of object 'Object Repository/Page_MotifDeLaDemande_Usager/input_OrganismeDAccueil'

2023-11-23 22:45:58 - [MESSAGE][INFO] - Finding web element from Test Object's properties

2023-11-23 22:45:58 - [MESSAGE][INFO] - Checking timeout

2023-11-23 22:45:58 - [MESSAGE][INFO] - Finding web element with id: 'Object Repository/Page_MotifDeLaDemande_Usager/input_OrganismeDAccueil' located by 'By.xpath: /html/body/app-root/div/app-portal/main/app-theme-v2/div/app-demande-ptch/div/div[3]/app-motif-sejour-ptch/div[2]/div/p-accordion/div/form/p-accordiontab/div[2]/div/app-information-relatives-activite-recherche/div[1]/div/anef-input-text/div/div/div[1]/div/input' in '5' second(s)

2023-11-23 22:45:58 - [MESSAGE][INFO] - Smart Wait Function is triggered

2023-11-23 22:45:58 - [MESSAGE][INFO] - Found 1 web elements with id: 'Object Repository/Page_MotifDeLaDemande_Usager/input_OrganismeDAccueil' located by 'By.xpath: /html/body/app-root/div/app-portal/main/app-theme-v2/div/app-demande-ptch/div/div[3]/app-motif-sejour-ptch/div[2]/div/p-accordion/div/form/p-accordiontab/div[2]/div/app-information-relatives-activite-recherche/div[1]/div/anef-input-text/div/div/div[1]/div/input' in '5' second(s)

2023-11-23 22:45:58 - [MESSAGE][INFO] - Setting text of object 'Object Repository/Page_MotifDeLaDemande_Usager/input_OrganismeDAccueil' to value 'Organisme Accueil'

2023-11-23 22:46:00 - [MESSAGE][PASSED] - Text 'Organisme Accueil' is set on object 'Object Repository/Page_MotifDeLaDemande_Usager/input_OrganismeDAccueil'

2023-11-23 22:46:00 - [TEST_STEP][PASSED] - click(findTestObject("Object Repository/Page_MotifDeLaDemande_Usager/CheckBox_ProgrammeDeMobiliteDansUnionEuropeenne_Non")): Object: 'Object Repository/Page_MotifDeLaDemande_Usager/CheckBox_ProgrammeDeMobiliteDansUnionEuropeenne_Non' is clicked on

2023-11-23 22:46:00 - [MESSAGE][INFO] - Finding Test Object 'Object Repository/Page_MotifDeLaDemande_Usager/CheckBox_ProgrammeDeMobiliteDansUnionEuropeenne_Non'

2023-11-23 22:46:00 - [MESSAGE][INFO] - Checking timeout

2023-11-23 22:46:00 - [MESSAGE][INFO] - Finding web element with id: 'Object Repository/Page_MotifDeLaDemande_Usager/CheckBox_ProgrammeDeMobiliteDansUnionEuropeenne_Non' located by 'By.xpath: //div/app-information-relatives-activite-recherche/div[2]/div/anef-input-radio/div/div/fieldset/div/div[2]/p-radiobutton/div/div[2]/span' in '20' second(s)

2023-11-23 22:46:00 - [MESSAGE][INFO] - Smart Wait Function is triggered

2023-11-23 22:46:00 - [MESSAGE][INFO] - Found 1 web elements with id: 'Object Repository/Page_MotifDeLaDemande_Usager/CheckBox_ProgrammeDeMobiliteDansUnionEuropeenne_Non' located by 'By.xpath: //div/app-information-relatives-activite-recherche/div[2]/div/anef-input-radio/div/div/fieldset/div/div[2]/p-radiobutton/div/div[2]/span' in '20' second(s)

2023-11-23 22:46:00 - [MESSAGE][INFO] - Checking object

2023-11-23 22:46:00 - [MESSAGE][INFO] - Checking timeout

2023-11-23 22:46:00 - [MESSAGE][INFO] - Finding web element from Test Object's properties

2023-11-23 22:46:00 - [MESSAGE][INFO] - Checking timeout

2023-11-23 22:46:00 - [MESSAGE][INFO] - Finding web element with id: 'Object Repository/Page_MotifDeLaDemande_Usager/CheckBox_ProgrammeDeMobiliteDansUnionEuropeenne_Non' located by 'By.xpath: //div/app-information-relatives-activite-recherche/div[2]/div/anef-input-radio/div/div/fieldset/div/div[2]/p-radiobutton/div/div[2]/span' in '5' second(s)

2023-11-23 22:46:00 - [MESSAGE][INFO] - Smart Wait Function is triggered

2023-11-23 22:46:00 - [MESSAGE][INFO] - Found 1 web elements with id: 'Object Repository/Page_MotifDeLaDemande_Usager/CheckBox_ProgrammeDeMobiliteDansUnionEuropeenne_Non' located by 'By.xpath: //div/app-information-relatives-activite-recherche/div[2]/div/anef-input-radio/div/div/fieldset/div/div[2]/p-radiobutton/div/div[2]/span' in '5' second(s)

2023-11-23 22:46:00 - [MESSAGE][INFO] - Clicking on object: 'Object Repository/Page_MotifDeLaDemande_Usager/CheckBox_ProgrammeDeMobiliteDansUnionEuropeenne_Non'

2023-11-23 22:46:02 - [MESSAGE][PASSED] - Object: 'Object Repository/Page_MotifDeLaDemande_Usager/CheckBox_ProgrammeDeMobiliteDansUnionEuropeenne_Non' is clicked on

2023-11-23 22:46:02 - [TEST_STEP][PASSED] - click(findTestObject("Object Repository/Page_MotifDeLaDemande_Usager/Click_Select_NatureDuLienOrganismeAccueil")): Object: 'Object Repository/Page_MotifDeLaDemande_Usager/Click_Select_NatureDuLienOrganismeAccueil' is clicked on

2023-11-23 22:46:02 - [MESSAGE][INFO] - Finding Test Object 'Object Repository/Page_MotifDeLaDemande_Usager/Click_Select_NatureDuLienOrganismeAccueil'

2023-11-23 22:46:02 - [MESSAGE][INFO] - Checking timeout

2023-11-23 22:46:02 - [MESSAGE][INFO] - Finding web element with id: 'Object Repository/Page_MotifDeLaDemande_Usager/Click_Select_NatureDuLienOrganismeAccueil' located by 'By.xpath: //*[@id="NATURE_ORGANISME_ACCUEIL"]/div/div[3]/label' in '20' second(s)

2023-11-23 22:46:02 - [MESSAGE][INFO] - Smart Wait Function is triggered

2023-11-23 22:46:02 - [MESSAGE][INFO] - Found 1 web elements with id: 'Object Repository/Page_MotifDeLaDemande_Usager/Click_Select_NatureDuLienOrganismeAccueil' located by 'By.xpath: //*[@id="NATURE_ORGANISME_ACCUEIL"]/div/div[3]/label' in '20' second(s)

2023-11-23 22:46:02 - [MESSAGE][INFO] - Checking object

2023-11-23 22:46:02 - [MESSAGE][INFO] - Checking timeout

2023-11-23 22:46:02 - [MESSAGE][INFO] - Finding web element from Test Object's properties

2023-11-23 22:46:02 - [MESSAGE][INFO] - Checking timeout

2023-11-23 22:46:02 - [MESSAGE][INFO] - Finding web element with id: 'Object Repository/Page_MotifDeLaDemande_Usager/Click_Select_NatureDuLienOrganismeAccueil' located by 'By.xpath: //*[@id="NATURE_ORGANISME_ACCUEIL"]/div/div[3]/label' in '5' second(s)

2023-11-23 22:46:02 - [MESSAGE][INFO] - Smart Wait Function is triggered

2023-11-23 22:46:02 - [MESSAGE][INFO] - Found 1 web elements with id: 'Object Repository/Page_MotifDeLaDemande_Usager/Click_Select_NatureDuLienOrganismeAccueil' located by 'By.xpath: //*[@id="NATURE_ORGANISME_ACCUEIL"]/div/div[3]/label' in '5' second(s)

2023-11-23 22:46:02 - [MESSAGE][INFO] - Clicking on object: 'Object Repository/Page_MotifDeLaDemande_Usager/Click_Select_NatureDuLienOrganismeAccueil'

2023-11-23 22:46:05 - [MESSAGE][PASSED] - Object: 'Object Repository/Page_MotifDeLaDemande_Usager/Click_Select_NatureDuLienOrganismeAccueil' is clicked on

2023-11-23 22:46:05 - [TEST_STEP][PASSED] - click(findTestObject("Object Repository/Page_MotifDeLaDemande_Usager/Click_Select_Value_NatureDuLienOrganismeAccueil")): Object: 'Object Repository/Page_MotifDeLaDemande_Usager/Click_Select_Value_NatureDuLienOrganismeAccueil' is clicked on

2023-11-23 22:46:05 - [MESSAGE][INFO] - Finding Test Object 'Object Repository/Page_MotifDeLaDemande_Usager/Click_Select_Value_NatureDuLienOrganismeAccueil'

2023-11-23 22:46:05 - [MESSAGE][INFO] - Checking timeout

2023-11-23 22:46:05 - [MESSAGE][INFO] - Finding web element with id: 'Object Repository/Page_MotifDeLaDemande_Usager/Click_Select_Value_NatureDuLienOrganismeAccueil' located by 'By.xpath: //*[@id="NATURE_ORGANISME_ACCUEIL"]/div/div[5]/div/ul/p-dropdownitem[2]/li/span' in '20' second(s)

2023-11-23 22:46:05 - [MESSAGE][INFO] - Smart Wait Function is triggered

2023-11-23 22:46:05 - [MESSAGE][INFO] - Found 1 web elements with id: 'Object Repository/Page_MotifDeLaDemande_Usager/Click_Select_Value_NatureDuLienOrganismeAccueil' located by 'By.xpath: //*[@id="NATURE_ORGANISME_ACCUEIL"]/div/div[5]/div/ul/p-dropdownitem[2]/li/span' in '20' second(s)

2023-11-23 22:46:05 - [MESSAGE][INFO] - Checking object

2023-11-23 22:46:05 - [MESSAGE][INFO] - Checking timeout

2023-11-23 22:46:05 - [MESSAGE][INFO] - Finding web element from Test Object's properties

2023-11-23 22:46:05 - [MESSAGE][INFO] - Checking timeout

2023-11-23 22:46:05 - [MESSAGE][INFO] - Finding web element with id: 'Object Repository/Page_MotifDeLaDemande_Usager/Click_Select_Value_NatureDuLienOrganismeAccueil' located by 'By.xpath: //*[@id="NATURE_ORGANISME_ACCUEIL"]/div/div[5]/div/ul/p-dropdownitem[2]/li/span' in '5' second(s)

2023-11-23 22:46:05 - [MESSAGE][INFO] - Smart Wait Function is triggered

2023-11-23 22:46:05 - [MESSAGE][INFO] - Found 1 web elements with id: 'Object Repository/Page_MotifDeLaDemande_Usager/Click_Select_Value_NatureDuLienOrganismeAccueil' located by 'By.xpath: //*[@id="NATURE_ORGANISME_ACCUEIL"]/div/div[5]/div/ul/p-dropdownitem[2]/li/span' in '5' second(s)

2023-11-23 22:46:05 - [MESSAGE][INFO] - Clicking on object: 'Object Repository/Page_MotifDeLaDemande_Usager/Click_Select_Value_NatureDuLienOrganismeAccueil'

2023-11-23 22:46:07 - [MESSAGE][PASSED] - Object: 'Object Repository/Page_MotifDeLaDemande_Usager/Click_Select_Value_NatureDuLienOrganismeAccueil' is clicked on

2023-11-23 22:46:07 - [TEST_STEP][PASSED] - click(findTestObject("Object Repository/Page_DemarcheRenouvellement/btn_EnregistrerEtPoursuivre")): Object: 'Object Repository/Page_DemarcheRenouvellement/btn_EnregistrerEtPoursuivre' is clicked on

2023-11-23 22:46:07 - [MESSAGE][INFO] - Finding Test Object 'Object Repository/Page_DemarcheRenouvellement/btn_EnregistrerEtPoursuivre'

2023-11-23 22:46:07 - [MESSAGE][INFO] - Checking timeout

2023-11-23 22:46:07 - [MESSAGE][INFO] - Finding web element with id: 'Object Repository/Page_DemarcheRenouvellement/btn_EnregistrerEtPoursuivre' located by 'By.xpath: //span[text()='Enregistrer et poursuivre >']' in '20' second(s)

2023-11-23 22:46:07 - [MESSAGE][INFO] - Smart Wait Function is triggered

2023-11-23 22:46:07 - [MESSAGE][INFO] - Found 1 web elements with id: 'Object Repository/Page_DemarcheRenouvellement/btn_EnregistrerEtPoursuivre' located by 'By.xpath: //span[text()='Enregistrer et poursuivre >']' in '20' second(s)

2023-11-23 22:46:07 - [MESSAGE][INFO] - Checking object

2023-11-23 22:46:07 - [MESSAGE][INFO] - Checking timeout

2023-11-23 22:46:07 - [MESSAGE][INFO] - Finding web element from Test Object's properties

2023-11-23 22:46:07 - [MESSAGE][INFO] - Checking timeout

2023-11-23 22:46:07 - [MESSAGE][INFO] - Finding web element with id: 'Object Repository/Page_DemarcheRenouvellement/btn_EnregistrerEtPoursuivre' located by 'By.xpath: //span[text()='Enregistrer et poursuivre >']' in '5' second(s)

2023-11-23 22:46:07 - [MESSAGE][INFO] - Smart Wait Function is triggered

2023-11-23 22:46:07 - [MESSAGE][INFO] - Found 1 web elements with id: 'Object Repository/Page_DemarcheRenouvellement/btn_EnregistrerEtPoursuivre' located by 'By.xpath: //span[text()='Enregistrer et poursuivre >']' in '5' second(s)

2023-11-23 22:46:07 - [MESSAGE][INFO] - Clicking on object: 'Object Repository/Page_DemarcheRenouvellement/btn_EnregistrerEtPoursuivre'

2023-11-23 22:46:09 - [MESSAGE][PASSED] - Object: 'Object Repository/Page_DemarcheRenouvellement/btn_EnregistrerEtPoursuivre' is clicked on

2023-11-23 22:46:09 - [TEST_STEP][PASSED] - delay(2): Delayed 2 second(s)

2023-11-23 22:46:09 - [MESSAGE][INFO] - Delaying browser in 2 second(s)

2023-11-23 22:46:11 - [MESSAGE][PASSED] - Delayed 2 second(s)

2023-11-23 22:46:11 - [TEST_STEP][PASSED] - if (TypeTitreDeSejour == "FrenchTechVisaForInvestors" && Titre == "Visiteur" || Titre == "Etudiant"): null

2023-11-23 22:46:11 - [TEST_STEP][PASSED] - if (TypeTitreDeSejour == "CreateurDEntreprise" && Titre == "Visiteur" || TypeTitreDeSejour == "CreateurDEntreprise" && Titre == "Etudiant"): null

2023-11-23 22:46:11 - [TEST_STEP][PASSED] - if (TypeTitreDeSejour == "FrenchTechVisaForFounders" && Titre == "Etudiant" || TypeTitreDeSejour == "FrenchTechVisaForFounders" && Titre == "Visiteur"): null

2023-11-23 22:46:11 - [TEST_STEP][PASSED] - if (TypeTitreDeSejour == "MandataireSocial" && Titre == "Etudiant" || TypeTitreDeSejour == "MandataireSocial" && Titre == "Visiteur"): null

2023-11-23 22:46:11 - [TEST_STEP][PASSED] - if (TypeTitreDeSejour == "ArtisteNonSalarie" && Titre == "Etudiant" || TypeTitreDeSejour == "ArtisteNonSalarie" && Titre == "Visiteur"): null

2023-11-23 22:46:11 - [TEST_STEP][PASSED] - if (TypeTitreDeSejour == "ArtisteSalarie" && Titre == "Etudiant" || TypeTitreDeSejour == "ArtisteSalarie" && Titre == "Visiteur"): null

2023-11-23 22:46:11 - [TEST_STEP][PASSED] - if (TypeTitreDeSejour == "MembreDeFamillePasseportTalent_Conjoint" && Titre == "Etudiant" || TypeTitreDeSejour == "MembreDeFamillePasseportTalent_Conjoint" && Titre == "Visiteur"): null

2023-11-23 22:46:11 - [MESSAGE][PASSED] - Call Test Case 'Test Cases/Test Reutilisable/DemandeOuRenouvelle_TitreSejour/FormulaireMotifDeLaDemande' successfully

2023-11-23 22:46:11 - [TEST_STEP][PASSED] - if (TypeTitreDeSejour == "RenouvellementDeTitreSejour" || TypeTitreDeSejour == "Visiteur" && Titre == "Etudiant" || Titre == "Visiteur"): null

2023-11-23 22:46:11 - [TEST_STEP][ERROR] - callTestCase(findTestCase("Test Reutilisable/DemandeOuRenouvelle_TitreSejour/FormulaireJustificatifs"), ["TypeTitreDeSejour":TypeTitreDeSejour, "Titre":Titre, "NumEphoto":NumEphoto], STOP_ON_FAILURE): Test Cases/Cas D Utilisations/Usager Etudiant/TNR R.TSPT Supp90-Etudiant FAILED.
Reason:
com.kms.katalon.core.exception.StepErrorException: Call Test Case 'Test Cases/Test Reutilisable/DemandeOuRenouvelle_TitreSejour/FormulaireJustificatifs' failed because of error(s)
	at com.kms.katalon.core.keyword.builtin.CallTestCaseKeyword$_callTestCase_closure1.doCall(CallTestCaseKeyword.groovy:66)
	at com.kms.katalon.core.keyword.builtin.CallTestCaseKeyword$_callTestCase_closure1.call(CallTestCaseKeyword.groovy)
	at com.kms.katalon.core.keyword.internal.KeywordMain.runKeyword(KeywordMain.groovy:75)
	at com.kms.katalon.core.keyword.builtin.CallTestCaseKeyword.callTestCase(CallTestCaseKeyword.groovy:81)
	at com.kms.katalon.core.keyword.builtin.CallTestCaseKeyword.execute(CallTestCaseKeyword.groovy:44)
	at com.kms.katalon.core.keyword.internal.KeywordExecutor.executeKeywordForPlatform(KeywordExecutor.groovy:74)
	at com.kms.katalon.core.keyword.BuiltinKeywords.callTestCase(BuiltinKeywords.groovy:310)
	at com.kazurayam.ksbackyard.HighlightElement$_pandemic_closure1.doCall(HighlightElement.groovy:105)
	at TNR R.TSPT Supp90-Etudiant.run(TNR R.TSPT Supp90-Etudiant:62)
	at com.kms.katalon.core.main.ScriptEngine.run(ScriptEngine.java:194)
	at com.kms.katalon.core.main.ScriptEngine.runScriptAsRawText(ScriptEngine.java:119)
	at com.kms.katalon.core.main.TestCaseExecutor.runScript(TestCaseExecutor.java:448)
	at com.kms.katalon.core.main.TestCaseExecutor.doExecute(TestCaseExecutor.java:439)
	at com.kms.katalon.core.main.TestCaseExecutor.processExecutionPhase(TestCaseExecutor.java:418)
	at com.kms.katalon.core.main.TestCaseExecutor.accessMainPhase(TestCaseExecutor.java:410)
	at com.kms.katalon.core.main.TestCaseExecutor.execute(TestCaseExecutor.java:285)
	at com.kms.katalon.core.common.CommonExecutor.accessTestCaseMainPhase(CommonExecutor.java:65)
	at com.kms.katalon.core.main.TestSuiteExecutor.accessTestSuiteMainPhase(TestSuiteExecutor.java:148)
	at com.kms.katalon.core.main.TestSuiteExecutor.execute(TestSuiteExecutor.java:106)
	at com.kms.katalon.core.main.TestCaseMain.startTestSuite(TestCaseMain.java:187)
	at com.kms.katalon.core.main.TestCaseMain$startTestSuite$0.call(Unknown Source)
	at TempTestSuite1700775610776.run(TempTestSuite1700775610776.groovy:36)
Caused by: groovy.lang.MissingPropertyException: No such property: f for class: Script1695813884754
	at FormulaireJustificatifs.run(FormulaireJustificatifs:187)
	at com.kms.katalon.core.main.ScriptEngine.run(ScriptEngine.java:194)
	at com.kms.katalon.core.main.ScriptEngine.runScriptAsRawText(ScriptEngine.java:119)
	at com.kms.katalon.core.main.TestCaseExecutor.runScript(TestCaseExecutor.java:448)
	at com.kms.katalon.core.main.TestCaseExecutor.doExecute(TestCaseExecutor.java:439)
	at com.kms.katalon.core.main.TestCaseExecutor.processExecutionPhase(TestCaseExecutor.java:418)
	at com.kms.katalon.core.main.TestCaseExecutor.accessMainPhase(TestCaseExecutor.java:410)
	at com.kms.katalon.core.main.TestCaseExecutor.execute(TestCaseExecutor.java:285)
	at com.kms.katalon.core.main.TestCaseMain.runTestCase(TestCaseMain.java:144)
	at com.kms.katalon.core.keyword.builtin.CallTestCaseKeyword$_callTestCase_closure1.doCall(CallTestCaseKeyword.groovy:59)
	... 21 more


2023-11-23 22:46:11 - [MESSAGE][INFO] - Checking called Test Case

2023-11-23 22:46:11 - [MESSAGE][INFO] - Starting to call Test Case 'Test Cases/Test Reutilisable/DemandeOuRenouvelle_TitreSejour/FormulaireJustificatifs'

2023-11-23 22:46:11 - [TEST_CASE][ERROR] - Test Cases/Test Reutilisable/DemandeOuRenouvelle_TitreSejour/FormulaireJustificatifs: Test Cases/Test Reutilisable/DemandeOuRenouvelle_TitreSejour/FormulaireJustificatifs FAILED.
Reason:
groovy.lang.MissingPropertyException: No such property: f for class: Script1695813884754
	at FormulaireJustificatifs.run(FormulaireJustificatifs:187)
	at com.kms.katalon.core.main.ScriptEngine.run(ScriptEngine.java:194)
	at com.kms.katalon.core.main.ScriptEngine.runScriptAsRawText(ScriptEngine.java:119)
	at com.kms.katalon.core.main.TestCaseExecutor.runScript(TestCaseExecutor.java:448)
	at com.kms.katalon.core.main.TestCaseExecutor.doExecute(TestCaseExecutor.java:439)
	at com.kms.katalon.core.main.TestCaseExecutor.processExecutionPhase(TestCaseExecutor.java:418)
	at com.kms.katalon.core.main.TestCaseExecutor.accessMainPhase(TestCaseExecutor.java:410)
	at com.kms.katalon.core.main.TestCaseExecutor.execute(TestCaseExecutor.java:285)
	at com.kms.katalon.core.main.TestCaseMain.runTestCase(TestCaseMain.java:144)
	at com.kms.katalon.core.keyword.builtin.CallTestCaseKeyword$_callTestCase_closure1.doCall(CallTestCaseKeyword.groovy:59)
	at com.kms.katalon.core.keyword.builtin.CallTestCaseKeyword$_callTestCase_closure1.call(CallTestCaseKeyword.groovy)
	at com.kms.katalon.core.keyword.internal.KeywordMain.runKeyword(KeywordMain.groovy:75)
	at com.kms.katalon.core.keyword.builtin.CallTestCaseKeyword.callTestCase(CallTestCaseKeyword.groovy:81)
	at com.kms.katalon.core.keyword.builtin.CallTestCaseKeyword.execute(CallTestCaseKeyword.groovy:44)
	at com.kms.katalon.core.keyword.internal.KeywordExecutor.executeKeywordForPlatform(KeywordExecutor.groovy:74)
	at com.kms.katalon.core.keyword.BuiltinKeywords.callTestCase(BuiltinKeywords.groovy:310)
	at com.kazurayam.ksbackyard.HighlightElement$_pandemic_closure1.doCall(HighlightElement.groovy:105)
	at TNR R.TSPT Supp90-Etudiant.run(TNR R.TSPT Supp90-Etudiant:62)
	at com.kms.katalon.core.main.ScriptEngine.run(ScriptEngine.java:194)
	at com.kms.katalon.core.main.ScriptEngine.runScriptAsRawText(ScriptEngine.java:119)
	at com.kms.katalon.core.main.TestCaseExecutor.runScript(TestCaseExecutor.java:448)
	at com.kms.katalon.core.main.TestCaseExecutor.doExecute(TestCaseExecutor.java:439)
	at com.kms.katalon.core.main.TestCaseExecutor.processExecutionPhase(TestCaseExecutor.java:418)
	at com.kms.katalon.core.main.TestCaseExecutor.accessMainPhase(TestCaseExecutor.java:410)
	at com.kms.katalon.core.main.TestCaseExecutor.execute(TestCaseExecutor.java:285)
	at com.kms.katalon.core.common.CommonExecutor.accessTestCaseMainPhase(CommonExecutor.java:65)
	at com.kms.katalon.core.main.TestSuiteExecutor.accessTestSuiteMainPhase(TestSuiteExecutor.java:148)
	at com.kms.katalon.core.main.TestSuiteExecutor.execute(TestSuiteExecutor.java:106)
	at com.kms.katalon.core.main.TestCaseMain.startTestSuite(TestCaseMain.java:187)
	at com.kms.katalon.core.main.TestCaseMain$startTestSuite$0.call(Unknown Source)
	at TempTestSuite1700775610776.run(TempTestSuite1700775610776.groovy:36)


2023-11-23 22:46:13 - [TEST_STEP][PASSED] - com.kazurayam.ksbackyard.HighlightElement.pandemic(): com.kazurayam.ksbackyard.HighlightElement.pandemic is PASSED

2023-11-23 22:46:13 - [MESSAGE][PASSED] - com.kazurayam.ksbackyard.HighlightElement.pandemic is PASSED

2023-11-23 22:46:13 - [TEST_STEP][PASSED] - RunBrowserConfiguration = getExecutionProperties(): null

2023-11-23 22:46:13 - [TEST_STEP][PASSED] - DriverName = DriverName: null

2023-11-23 22:46:13 - [TEST_STEP][PASSED] - driver = getWebDriver(): null

2023-11-23 22:46:13 - [TEST_STEP][PASSED] - wrappedDriver = driver.getWrappedDriver(): null

2023-11-23 22:46:13 - [TEST_STEP][PASSED] - out.println(wrappedDriver.getClass()): null

2023-11-23 22:46:13 - [TEST_STEP][PASSED] - if (class == com.kms.katalon.selenium.driver.CRemoteWebDriver): null

2023-11-23 22:46:13 - [TEST_STEP][PASSED] - SpecificDownloadDirectory = "": null

2023-11-23 22:46:13 - [TEST_STEP][PASSED] - if (DriverName == "FIREFOX_DRIVER"): null

2023-11-23 22:46:13 - [TEST_STEP][PASSED] - else if (class == "CRemoteWebDriver"): null

2023-11-23 22:46:13 - [TEST_STEP][PASSED] - else: null

2023-11-23 22:46:13 - [TEST_STEP][PASSED] - SpecificDownloadDirectory = getProjectDir() + "/Data Files": null

2023-11-23 22:46:13 - [TEST_STEP][PASSED] - println("SpecificDownloadDirectory : " + SpecificDownloadDirectory): null

2023-11-23 22:46:13 - [TEST_STEP][PASSED] - if (TypeTitreDeSejour == "RenouvellementDeTitreSejour" && Titre == "Etudiant"): null

2023-11-23 22:46:13 - [TEST_STEP][PASSED] - if (TypeTitreDeSejour == "RenouvellementDeTitreSejour" && Titre == "Visiteur" || TypeTitreDeSejour == "Visiteur" && Titre == "Etudiant"): null

2023-11-23 22:46:13 - [TEST_STEP][PASSED] - println("TypeTitreDeSejour :" + TypeTitreDeSejour): null

2023-11-23 22:46:13 - [TEST_STEP][ERROR] - f: Test Cases/Test Reutilisable/DemandeOuRenouvelle_TitreSejour/FormulaireJustificatifs FAILED.
Reason:
groovy.lang.MissingPropertyException: No such property: f for class: Script1695813884754
	at FormulaireJustificatifs.run(FormulaireJustificatifs:187)
	at com.kms.katalon.core.main.ScriptEngine.run(ScriptEngine.java:194)
	at com.kms.katalon.core.main.ScriptEngine.runScriptAsRawText(ScriptEngine.java:119)
	at com.kms.katalon.core.main.TestCaseExecutor.runScript(TestCaseExecutor.java:448)
	at com.kms.katalon.core.main.TestCaseExecutor.doExecute(TestCaseExecutor.java:439)
	at com.kms.katalon.core.main.TestCaseExecutor.processExecutionPhase(TestCaseExecutor.java:418)
	at com.kms.katalon.core.main.TestCaseExecutor.accessMainPhase(TestCaseExecutor.java:410)
	at com.kms.katalon.core.main.TestCaseExecutor.execute(TestCaseExecutor.java:285)
	at com.kms.katalon.core.main.TestCaseMain.runTestCase(TestCaseMain.java:144)
	at com.kms.katalon.core.keyword.builtin.CallTestCaseKeyword$_callTestCase_closure1.doCall(CallTestCaseKeyword.groovy:59)
	at com.kms.katalon.core.keyword.builtin.CallTestCaseKeyword$_callTestCase_closure1.call(CallTestCaseKeyword.groovy)
	at com.kms.katalon.core.keyword.internal.KeywordMain.runKeyword(KeywordMain.groovy:75)
	at com.kms.katalon.core.keyword.builtin.CallTestCaseKeyword.callTestCase(CallTestCaseKeyword.groovy:81)
	at com.kms.katalon.core.keyword.builtin.CallTestCaseKeyword.execute(CallTestCaseKeyword.groovy:44)
	at com.kms.katalon.core.keyword.internal.KeywordExecutor.executeKeywordForPlatform(KeywordExecutor.groovy:74)
	at com.kms.katalon.core.keyword.BuiltinKeywords.callTestCase(BuiltinKeywords.groovy:310)
	at com.kazurayam.ksbackyard.HighlightElement$_pandemic_closure1.doCall(HighlightElement.groovy:105)
	at TNR R.TSPT Supp90-Etudiant.run(TNR R.TSPT Supp90-Etudiant:62)
	at com.kms.katalon.core.main.ScriptEngine.run(ScriptEngine.java:194)
	at com.kms.katalon.core.main.ScriptEngine.runScriptAsRawText(ScriptEngine.java:119)
	at com.kms.katalon.core.main.TestCaseExecutor.runScript(TestCaseExecutor.java:448)
	at com.kms.katalon.core.main.TestCaseExecutor.doExecute(TestCaseExecutor.java:439)
	at com.kms.katalon.core.main.TestCaseExecutor.processExecutionPhase(TestCaseExecutor.java:418)
	at com.kms.katalon.core.main.TestCaseExecutor.accessMainPhase(TestCaseExecutor.java:410)
	at com.kms.katalon.core.main.TestCaseExecutor.execute(TestCaseExecutor.java:285)
	at com.kms.katalon.core.common.CommonExecutor.accessTestCaseMainPhase(CommonExecutor.java:65)
	at com.kms.katalon.core.main.TestSuiteExecutor.accessTestSuiteMainPhase(TestSuiteExecutor.java:148)
	at com.kms.katalon.core.main.TestSuiteExecutor.execute(TestSuiteExecutor.java:106)
	at com.kms.katalon.core.main.TestCaseMain.startTestSuite(TestCaseMain.java:187)
	at com.kms.katalon.core.main.TestCaseMain$startTestSuite$0.call(Unknown Source)
	at TempTestSuite1700775610776.run(TempTestSuite1700775610776.groovy:36)


2023-11-23 22:46:13 - [MESSAGE][ERROR] - Test Cases/Test Reutilisable/DemandeOuRenouvelle_TitreSejour/FormulaireJustificatifs FAILED.
Reason:
groovy.lang.MissingPropertyException: No such property: f for class: Script1695813884754
	at FormulaireJustificatifs.run(FormulaireJustificatifs:187)
	at com.kms.katalon.core.main.ScriptEngine.run(ScriptEngine.java:194)
	at com.kms.katalon.core.main.ScriptEngine.runScriptAsRawText(ScriptEngine.java:119)
	at com.kms.katalon.core.main.TestCaseExecutor.runScript(TestCaseExecutor.java:448)
	at com.kms.katalon.core.main.TestCaseExecutor.doExecute(TestCaseExecutor.java:439)
	at com.kms.katalon.core.main.TestCaseExecutor.processExecutionPhase(TestCaseExecutor.java:418)
	at com.kms.katalon.core.main.TestCaseExecutor.accessMainPhase(TestCaseExecutor.java:410)
	at com.kms.katalon.core.main.TestCaseExecutor.execute(TestCaseExecutor.java:285)
	at com.kms.katalon.core.main.TestCaseMain.runTestCase(TestCaseMain.java:144)
	at com.kms.katalon.core.keyword.builtin.CallTestCaseKeyword$_callTestCase_closure1.doCall(CallTestCaseKeyword.groovy:59)
	at com.kms.katalon.core.keyword.builtin.CallTestCaseKeyword$_callTestCase_closure1.call(CallTestCaseKeyword.groovy)
	at com.kms.katalon.core.keyword.internal.KeywordMain.runKeyword(KeywordMain.groovy:75)
	at com.kms.katalon.core.keyword.builtin.CallTestCaseKeyword.callTestCase(CallTestCaseKeyword.groovy:81)
	at com.kms.katalon.core.keyword.builtin.CallTestCaseKeyword.execute(CallTestCaseKeyword.groovy:44)
	at com.kms.katalon.core.keyword.internal.KeywordExecutor.executeKeywordForPlatform(KeywordExecutor.groovy:74)
	at com.kms.katalon.core.keyword.BuiltinKeywords.callTestCase(BuiltinKeywords.groovy:310)
	at com.kazurayam.ksbackyard.HighlightElement$_pandemic_closure1.doCall(HighlightElement.groovy:105)
	at TNR R.TSPT Supp90-Etudiant.run(TNR R.TSPT Supp90-Etudiant:62)
	at com.kms.katalon.core.main.ScriptEngine.run(ScriptEngine.java:194)
	at com.kms.katalon.core.main.ScriptEngine.runScriptAsRawText(ScriptEngine.java:119)
	at com.kms.katalon.core.main.TestCaseExecutor.runScript(TestCaseExecutor.java:448)
	at com.kms.katalon.core.main.TestCaseExecutor.doExecute(TestCaseExecutor.java:439)
	at com.kms.katalon.core.main.TestCaseExecutor.processExecutionPhase(TestCaseExecutor.java:418)
	at com.kms.katalon.core.main.TestCaseExecutor.accessMainPhase(TestCaseExecutor.java:410)
	at com.kms.katalon.core.main.TestCaseExecutor.execute(TestCaseExecutor.java:285)
	at com.kms.katalon.core.common.CommonExecutor.accessTestCaseMainPhase(CommonExecutor.java:65)
	at com.kms.katalon.core.main.TestSuiteExecutor.accessTestSuiteMainPhase(TestSuiteExecutor.java:148)
	at com.kms.katalon.core.main.TestSuiteExecutor.execute(TestSuiteExecutor.java:106)
	at com.kms.katalon.core.main.TestCaseMain.startTestSuite(TestCaseMain.java:187)
	at com.kms.katalon.core.main.TestCaseMain$startTestSuite$0.call(Unknown Source)
	at TempTestSuite1700775610776.run(TempTestSuite1700775610776.groovy:36)


2023-11-23 22:46:13 - [MESSAGE][FAILED] - Unable to call Test Case 'Test Cases/Test Reutilisable/DemandeOuRenouvelle_TitreSejour/FormulaireJustificatifs' (Root cause: com.kms.katalon.core.exception.StepErrorException: Call Test Case 'Test Cases/Test Reutilisable/DemandeOuRenouvelle_TitreSejour/FormulaireJustificatifs' failed because of error(s)
	at com.kms.katalon.core.keyword.builtin.CallTestCaseKeyword$_callTestCase_closure1.doCall(CallTestCaseKeyword.groovy:66)
	at com.kms.katalon.core.keyword.builtin.CallTestCaseKeyword$_callTestCase_closure1.call(CallTestCaseKeyword.groovy)
	at com.kms.katalon.core.keyword.internal.KeywordMain.runKeyword(KeywordMain.groovy:75)
	at com.kms.katalon.core.keyword.builtin.CallTestCaseKeyword.callTestCase(CallTestCaseKeyword.groovy:81)
	at com.kms.katalon.core.keyword.builtin.CallTestCaseKeyword.execute(CallTestCaseKeyword.groovy:44)
	at com.kms.katalon.core.keyword.internal.KeywordExecutor.executeKeywordForPlatform(KeywordExecutor.groovy:74)
	at com.kms.katalon.core.keyword.BuiltinKeywords.callTestCase(BuiltinKeywords.groovy:310)
	at com.kazurayam.ksbackyard.HighlightElement$_pandemic_closure1.doCall(HighlightElement.groovy:105)
	at TNR R.TSPT Supp90-Etudiant.run(TNR R.TSPT Supp90-Etudiant:62)
	at com.kms.katalon.core.main.ScriptEngine.run(ScriptEngine.java:194)
	at com.kms.katalon.core.main.ScriptEngine.runScriptAsRawText(ScriptEngine.java:119)
	at com.kms.katalon.core.main.TestCaseExecutor.runScript(TestCaseExecutor.java:448)
	at com.kms.katalon.core.main.TestCaseExecutor.doExecute(TestCaseExecutor.java:439)
	at com.kms.katalon.core.main.TestCaseExecutor.processExecutionPhase(TestCaseExecutor.java:418)
	at com.kms.katalon.core.main.TestCaseExecutor.accessMainPhase(TestCaseExecutor.java:410)
	at com.kms.katalon.core.main.TestCaseExecutor.execute(TestCaseExecutor.java:285)
	at com.kms.katalon.core.common.CommonExecutor.accessTestCaseMainPhase(CommonExecutor.java:65)
	at com.kms.katalon.core.main.TestSuiteExecutor.accessTestSuiteMainPhase(TestSuiteExecutor.java:148)
	at com.kms.katalon.core.main.TestSuiteExecutor.execute(TestSuiteExecutor.java:106)
	at com.kms.katalon.core.main.TestCaseMain.startTestSuite(TestCaseMain.java:187)
	at com.kms.katalon.core.main.TestCaseMain$startTestSuite$0.call(Unknown Source)
	at TempTestSuite1700775610776.run(TempTestSuite1700775610776.groovy:36)
Caused by: groovy.lang.MissingPropertyException: No such property: f for class: Script1695813884754
	at FormulaireJustificatifs.run(FormulaireJustificatifs:187)
	at com.kms.katalon.core.main.ScriptEngine.run(ScriptEngine.java:194)
	at com.kms.katalon.core.main.ScriptEngine.runScriptAsRawText(ScriptEngine.java:119)
	at com.kms.katalon.core.main.TestCaseExecutor.runScript(TestCaseExecutor.java:448)
	at com.kms.katalon.core.main.TestCaseExecutor.doExecute(TestCaseExecutor.java:439)
	at com.kms.katalon.core.main.TestCaseExecutor.processExecutionPhase(TestCaseExecutor.java:418)
	at com.kms.katalon.core.main.TestCaseExecutor.accessMainPhase(TestCaseExecutor.java:410)
	at com.kms.katalon.core.main.TestCaseExecutor.execute(TestCaseExecutor.java:285)
	at com.kms.katalon.core.main.TestCaseMain.runTestCase(TestCaseMain.java:144)
	at com.kms.katalon.core.keyword.builtin.CallTestCaseKeyword$_callTestCase_closure1.doCall(CallTestCaseKeyword.groovy:59)
	... 21 more
)

2023-11-23 22:46:13 - [MESSAGE][ERROR] - Test Cases/Cas D Utilisations/Usager Etudiant/TNR R.TSPT Supp90-Etudiant FAILED.
Reason:
com.kms.katalon.core.exception.StepErrorException: Call Test Case 'Test Cases/Test Reutilisable/DemandeOuRenouvelle_TitreSejour/FormulaireJustificatifs' failed because of error(s)
	at com.kms.katalon.core.keyword.builtin.CallTestCaseKeyword$_callTestCase_closure1.doCall(CallTestCaseKeyword.groovy:66)
	at com.kms.katalon.core.keyword.builtin.CallTestCaseKeyword$_callTestCase_closure1.call(CallTestCaseKeyword.groovy)
	at com.kms.katalon.core.keyword.internal.KeywordMain.runKeyword(KeywordMain.groovy:75)
	at com.kms.katalon.core.keyword.builtin.CallTestCaseKeyword.callTestCase(CallTestCaseKeyword.groovy:81)
	at com.kms.katalon.core.keyword.builtin.CallTestCaseKeyword.execute(CallTestCaseKeyword.groovy:44)
	at com.kms.katalon.core.keyword.internal.KeywordExecutor.executeKeywordForPlatform(KeywordExecutor.groovy:74)
	at com.kms.katalon.core.keyword.BuiltinKeywords.callTestCase(BuiltinKeywords.groovy:310)
	at com.kazurayam.ksbackyard.HighlightElement$_pandemic_closure1.doCall(HighlightElement.groovy:105)
	at TNR R.TSPT Supp90-Etudiant.run(TNR R.TSPT Supp90-Etudiant:62)
	at com.kms.katalon.core.main.ScriptEngine.run(ScriptEngine.java:194)
	at com.kms.katalon.core.main.ScriptEngine.runScriptAsRawText(ScriptEngine.java:119)
	at com.kms.katalon.core.main.TestCaseExecutor.runScript(TestCaseExecutor.java:448)
	at com.kms.katalon.core.main.TestCaseExecutor.doExecute(TestCaseExecutor.java:439)
	at com.kms.katalon.core.main.TestCaseExecutor.processExecutionPhase(TestCaseExecutor.java:418)
	at com.kms.katalon.core.main.TestCaseExecutor.accessMainPhase(TestCaseExecutor.java:410)
	at com.kms.katalon.core.main.TestCaseExecutor.execute(TestCaseExecutor.java:285)
	at com.kms.katalon.core.common.CommonExecutor.accessTestCaseMainPhase(CommonExecutor.java:65)
	at com.kms.katalon.core.main.TestSuiteExecutor.accessTestSuiteMainPhase(TestSuiteExecutor.java:148)
	at com.kms.katalon.core.main.TestSuiteExecutor.execute(TestSuiteExecutor.java:106)
	at com.kms.katalon.core.main.TestCaseMain.startTestSuite(TestCaseMain.java:187)
	at com.kms.katalon.core.main.TestCaseMain$startTestSuite$0.call(Unknown Source)
	at TempTestSuite1700775610776.run(TempTestSuite1700775610776.groovy:36)
Caused by: groovy.lang.MissingPropertyException: No such property: f for class: Script1695813884754
	at FormulaireJustificatifs.run(FormulaireJustificatifs:187)
	at com.kms.katalon.core.main.ScriptEngine.run(ScriptEngine.java:194)
	at com.kms.katalon.core.main.ScriptEngine.runScriptAsRawText(ScriptEngine.java:119)
	at com.kms.katalon.core.main.TestCaseExecutor.runScript(TestCaseExecutor.java:448)
	at com.kms.katalon.core.main.TestCaseExecutor.doExecute(TestCaseExecutor.java:439)
	at com.kms.katalon.core.main.TestCaseExecutor.processExecutionPhase(TestCaseExecutor.java:418)
	at com.kms.katalon.core.main.TestCaseExecutor.accessMainPhase(TestCaseExecutor.java:410)
	at com.kms.katalon.core.main.TestCaseExecutor.execute(TestCaseExecutor.java:285)
	at com.kms.katalon.core.main.TestCaseMain.runTestCase(TestCaseMain.java:144)
	at com.kms.katalon.core.keyword.builtin.CallTestCaseKeyword$_callTestCase_closure1.doCall(CallTestCaseKeyword.groovy:59)
	... 21 more


2023-11-23 22:46:17 - [TEST_STEP][PASSED] - Video: Video recording for test case 'Test Cases/Cas D Utilisations/Usager Etudiant/TNR R.TSPT Supp90-Etudiant' .

2023-11-23 22:46:17 - [MESSAGE][INFO] - Video recording for test case 'Test Cases/Cas D Utilisations/Usager Etudiant/TNR R.TSPT Supp90-Etudiant' .]]></system-out>
         <system-err><![CDATA[2023-11-23 22:40:14 - [TEST_CASE][ERROR] - Test Cases/Cas D Utilisations/Usager Etudiant/TNR R.TSPT Supp90-Etudiant: Test Cases/Cas D Utilisations/Usager Etudiant/TNR R.TSPT Supp90-Etudiant FAILED.
Reason:
com.kms.katalon.core.exception.StepErrorException: Call Test Case 'Test Cases/Test Reutilisable/DemandeOuRenouvelle_TitreSejour/FormulaireJustificatifs' failed because of error(s)
	at com.kms.katalon.core.keyword.builtin.CallTestCaseKeyword$_callTestCase_closure1.doCall(CallTestCaseKeyword.groovy:66)
	at com.kms.katalon.core.keyword.builtin.CallTestCaseKeyword$_callTestCase_closure1.call(CallTestCaseKeyword.groovy)
	at com.kms.katalon.core.keyword.internal.KeywordMain.runKeyword(KeywordMain.groovy:75)
	at com.kms.katalon.core.keyword.builtin.CallTestCaseKeyword.callTestCase(CallTestCaseKeyword.groovy:81)
	at com.kms.katalon.core.keyword.builtin.CallTestCaseKeyword.execute(CallTestCaseKeyword.groovy:44)
	at com.kms.katalon.core.keyword.internal.KeywordExecutor.executeKeywordForPlatform(KeywordExecutor.groovy:74)
	at com.kms.katalon.core.keyword.BuiltinKeywords.callTestCase(BuiltinKeywords.groovy:310)
	at com.kazurayam.ksbackyard.HighlightElement$_pandemic_closure1.doCall(HighlightElement.groovy:105)
	at TNR R.TSPT Supp90-Etudiant.run(TNR R.TSPT Supp90-Etudiant:62)
	at com.kms.katalon.core.main.ScriptEngine.run(ScriptEngine.java:194)
	at com.kms.katalon.core.main.ScriptEngine.runScriptAsRawText(ScriptEngine.java:119)
	at com.kms.katalon.core.main.TestCaseExecutor.runScript(TestCaseExecutor.java:448)
	at com.kms.katalon.core.main.TestCaseExecutor.doExecute(TestCaseExecutor.java:439)
	at com.kms.katalon.core.main.TestCaseExecutor.processExecutionPhase(TestCaseExecutor.java:418)
	at com.kms.katalon.core.main.TestCaseExecutor.accessMainPhase(TestCaseExecutor.java:410)
	at com.kms.katalon.core.main.TestCaseExecutor.execute(TestCaseExecutor.java:285)
	at com.kms.katalon.core.common.CommonExecutor.accessTestCaseMainPhase(CommonExecutor.java:65)
	at com.kms.katalon.core.main.TestSuiteExecutor.accessTestSuiteMainPhase(TestSuiteExecutor.java:148)
	at com.kms.katalon.core.main.TestSuiteExecutor.execute(TestSuiteExecutor.java:106)
	at com.kms.katalon.core.main.TestCaseMain.startTestSuite(TestCaseMain.java:187)
	at com.kms.katalon.core.main.TestCaseMain$startTestSuite$0.call(Unknown Source)
	at TempTestSuite1700775610776.run(TempTestSuite1700775610776.groovy:36)
Caused by: groovy.lang.MissingPropertyException: No such property: f for class: Script1695813884754
	at FormulaireJustificatifs.run(FormulaireJustificatifs:187)
	at com.kms.katalon.core.main.ScriptEngine.run(ScriptEngine.java:194)
	at com.kms.katalon.core.main.ScriptEngine.runScriptAsRawText(ScriptEngine.java:119)
	at com.kms.katalon.core.main.TestCaseExecutor.runScript(TestCaseExecutor.java:448)
	at com.kms.katalon.core.main.TestCaseExecutor.doExecute(TestCaseExecutor.java:439)
	at com.kms.katalon.core.main.TestCaseExecutor.processExecutionPhase(TestCaseExecutor.java:418)
	at com.kms.katalon.core.main.TestCaseExecutor.accessMainPhase(TestCaseExecutor.java:410)
	at com.kms.katalon.core.main.TestCaseExecutor.execute(TestCaseExecutor.java:285)
	at com.kms.katalon.core.main.TestCaseMain.runTestCase(TestCaseMain.java:144)
	at com.kms.katalon.core.keyword.builtin.CallTestCaseKeyword$_callTestCase_closure1.doCall(CallTestCaseKeyword.groovy:59)
	... 21 more]]></system-err>
      </testcase>
      <system-out><![CDATA[2023-11-23 22:40:13 - [TEST_SUITE][ERROR] - TS_TNR_R.TSPT_Suppo90: Test Cases/Cas D Utilisations/Usager Etudiant/TNR R.TSPT Supp90-Etudiant FAILED.
Reason:
com.kms.katalon.core.exception.StepErrorException: Call Test Case 'Test Cases/Test Reutilisable/DemandeOuRenouvelle_TitreSejour/FormulaireJustificatifs' failed because of error(s)
	at com.kms.katalon.core.keyword.builtin.CallTestCaseKeyword$_callTestCase_closure1.doCall(CallTestCaseKeyword.groovy:66)
	at com.kms.katalon.core.keyword.builtin.CallTestCaseKeyword$_callTestCase_closure1.call(CallTestCaseKeyword.groovy)
	at com.kms.katalon.core.keyword.internal.KeywordMain.runKeyword(KeywordMain.groovy:75)
	at com.kms.katalon.core.keyword.builtin.CallTestCaseKeyword.callTestCase(CallTestCaseKeyword.groovy:81)
	at com.kms.katalon.core.keyword.builtin.CallTestCaseKeyword.execute(CallTestCaseKeyword.groovy:44)
	at com.kms.katalon.core.keyword.internal.KeywordExecutor.executeKeywordForPlatform(KeywordExecutor.groovy:74)
	at com.kms.katalon.core.keyword.BuiltinKeywords.callTestCase(BuiltinKeywords.groovy:310)
	at com.kazurayam.ksbackyard.HighlightElement$_pandemic_closure1.doCall(HighlightElement.groovy:105)
	at TNR R.TSPT Supp90-Etudiant.run(TNR R.TSPT Supp90-Etudiant:62)
	at com.kms.katalon.core.main.ScriptEngine.run(ScriptEngine.java:194)
	at com.kms.katalon.core.main.ScriptEngine.runScriptAsRawText(ScriptEngine.java:119)
	at com.kms.katalon.core.main.TestCaseExecutor.runScript(TestCaseExecutor.java:448)
	at com.kms.katalon.core.main.TestCaseExecutor.doExecute(TestCaseExecutor.java:439)
	at com.kms.katalon.core.main.TestCaseExecutor.processExecutionPhase(TestCaseExecutor.java:418)
	at com.kms.katalon.core.main.TestCaseExecutor.accessMainPhase(TestCaseExecutor.java:410)
	at com.kms.katalon.core.main.TestCaseExecutor.execute(TestCaseExecutor.java:285)
	at com.kms.katalon.core.common.CommonExecutor.accessTestCaseMainPhase(CommonExecutor.java:65)
	at com.kms.katalon.core.main.TestSuiteExecutor.accessTestSuiteMainPhase(TestSuiteExecutor.java:148)
	at com.kms.katalon.core.main.TestSuiteExecutor.execute(TestSuiteExecutor.java:106)
	at com.kms.katalon.core.main.TestCaseMain.startTestSuite(TestCaseMain.java:187)
	at com.kms.katalon.core.main.TestCaseMain$startTestSuite$0.call(Unknown Source)
	at TempTestSuite1700775610776.run(TempTestSuite1700775610776.groovy:36)
Caused by: groovy.lang.MissingPropertyException: No such property: f for class: Script1695813884754
	at FormulaireJustificatifs.run(FormulaireJustificatifs:187)
	at com.kms.katalon.core.main.ScriptEngine.run(ScriptEngine.java:194)
	at com.kms.katalon.core.main.ScriptEngine.runScriptAsRawText(ScriptEngine.java:119)
	at com.kms.katalon.core.main.TestCaseExecutor.runScript(TestCaseExecutor.java:448)
	at com.kms.katalon.core.main.TestCaseExecutor.doExecute(TestCaseExecutor.java:439)
	at com.kms.katalon.core.main.TestCaseExecutor.processExecutionPhase(TestCaseExecutor.java:418)
	at com.kms.katalon.core.main.TestCaseExecutor.accessMainPhase(TestCaseExecutor.java:410)
	at com.kms.katalon.core.main.TestCaseExecutor.execute(TestCaseExecutor.java:285)
	at com.kms.katalon.core.main.TestCaseMain.runTestCase(TestCaseMain.java:144)
	at com.kms.katalon.core.keyword.builtin.CallTestCaseKeyword$_callTestCase_closure1.doCall(CallTestCaseKeyword.groovy:59)
	... 21 more]]></system-out>
      <system-err><![CDATA[2023-11-23 22:40:13 - [TEST_SUITE][ERROR] - TS_TNR_R.TSPT_Suppo90: Test Cases/Cas D Utilisations/Usager Etudiant/TNR R.TSPT Supp90-Etudiant FAILED.
Reason:
com.kms.katalon.core.exception.StepErrorException: Call Test Case 'Test Cases/Test Reutilisable/DemandeOuRenouvelle_TitreSejour/FormulaireJustificatifs' failed because of error(s)
	at com.kms.katalon.core.keyword.builtin.CallTestCaseKeyword$_callTestCase_closure1.doCall(CallTestCaseKeyword.groovy:66)
	at com.kms.katalon.core.keyword.builtin.CallTestCaseKeyword$_callTestCase_closure1.call(CallTestCaseKeyword.groovy)
	at com.kms.katalon.core.keyword.internal.KeywordMain.runKeyword(KeywordMain.groovy:75)
	at com.kms.katalon.core.keyword.builtin.CallTestCaseKeyword.callTestCase(CallTestCaseKeyword.groovy:81)
	at com.kms.katalon.core.keyword.builtin.CallTestCaseKeyword.execute(CallTestCaseKeyword.groovy:44)
	at com.kms.katalon.core.keyword.internal.KeywordExecutor.executeKeywordForPlatform(KeywordExecutor.groovy:74)
	at com.kms.katalon.core.keyword.BuiltinKeywords.callTestCase(BuiltinKeywords.groovy:310)
	at com.kazurayam.ksbackyard.HighlightElement$_pandemic_closure1.doCall(HighlightElement.groovy:105)
	at TNR R.TSPT Supp90-Etudiant.run(TNR R.TSPT Supp90-Etudiant:62)
	at com.kms.katalon.core.main.ScriptEngine.run(ScriptEngine.java:194)
	at com.kms.katalon.core.main.ScriptEngine.runScriptAsRawText(ScriptEngine.java:119)
	at com.kms.katalon.core.main.TestCaseExecutor.runScript(TestCaseExecutor.java:448)
	at com.kms.katalon.core.main.TestCaseExecutor.doExecute(TestCaseExecutor.java:439)
	at com.kms.katalon.core.main.TestCaseExecutor.processExecutionPhase(TestCaseExecutor.java:418)
	at com.kms.katalon.core.main.TestCaseExecutor.accessMainPhase(TestCaseExecutor.java:410)
	at com.kms.katalon.core.main.TestCaseExecutor.execute(TestCaseExecutor.java:285)
	at com.kms.katalon.core.common.CommonExecutor.accessTestCaseMainPhase(CommonExecutor.java:65)
	at com.kms.katalon.core.main.TestSuiteExecutor.accessTestSuiteMainPhase(TestSuiteExecutor.java:148)
	at com.kms.katalon.core.main.TestSuiteExecutor.execute(TestSuiteExecutor.java:106)
	at com.kms.katalon.core.main.TestCaseMain.startTestSuite(TestCaseMain.java:187)
	at com.kms.katalon.core.main.TestCaseMain$startTestSuite$0.call(Unknown Source)
	at TempTestSuite1700775610776.run(TempTestSuite1700775610776.groovy:36)
Caused by: groovy.lang.MissingPropertyException: No such property: f for class: Script1695813884754
	at FormulaireJustificatifs.run(FormulaireJustificatifs:187)
	at com.kms.katalon.core.main.ScriptEngine.run(ScriptEngine.java:194)
	at com.kms.katalon.core.main.ScriptEngine.runScriptAsRawText(ScriptEngine.java:119)
	at com.kms.katalon.core.main.TestCaseExecutor.runScript(TestCaseExecutor.java:448)
	at com.kms.katalon.core.main.TestCaseExecutor.doExecute(TestCaseExecutor.java:439)
	at com.kms.katalon.core.main.TestCaseExecutor.processExecutionPhase(TestCaseExecutor.java:418)
	at com.kms.katalon.core.main.TestCaseExecutor.accessMainPhase(TestCaseExecutor.java:410)
	at com.kms.katalon.core.main.TestCaseExecutor.execute(TestCaseExecutor.java:285)
	at com.kms.katalon.core.main.TestCaseMain.runTestCase(TestCaseMain.java:144)
	at com.kms.katalon.core.keyword.builtin.CallTestCaseKeyword$_callTestCase_closure1.doCall(CallTestCaseKeyword.groovy:59)
	... 21 more]]></system-err>
   </testsuite>
</testsuites>
