<?xml version="1.0" encoding="UTF-8"?>
<testsuites name="TS_TNR_R.TSPT_Suppo90" time="961.231" tests="3" failures="1" errors="0">
   <testsuite name="TS_TNR_R.TSPT_Suppo90" tests="3" failures="1" errors="0" time="961.231" skipped="0" timestamp="2023-11-23 14:28:20" hostname="issam.rharbaoui - FR-L5448059.groupinfra.com" id="Test Suites/TS_TNR_R.TSPT_Suppo90">
      <properties>
         <property name="deviceName" value=""/>
         <property name="devicePlatform" value=""/>
         <property name="logFolder" value="C:\\Users\\ISSAM.RHARBAOUI\\git\\22_11\\ANEF-AutomatizationProject\\Reports\\20231123_142816\\TS_TNR_R.TSPT_Suppo90\\20231123_142816"/>
         <property name="logFiles" value="C:\\Users\\ISSAM.RHARBAOUI\\git\\22_11\\ANEF-AutomatizationProject\\Reports\\20231123_142816\\TS_TNR_R.TSPT_Suppo90\\20231123_142816\\execution0.log"/>
         <property name="attachments" value="C:\\Users\\ISSAM.RHARBAOUI\\git\\22_11\\ANEF-AutomatizationProject\\Reports\\20231123_142816\\TS_TNR_R.TSPT_Suppo90\\20231123_142816\\1700746200155.png, C:\\Users\\ISSAM.RHARBAOUI\\git\\22_11\\ANEF-AutomatizationProject\\Reports\\20231123_142816\\TS_TNR_R.TSPT_Suppo90\\20231123_142816\\1700746208199.png, C:\\Users\\ISSAM.RHARBAOUI\\git\\22_11\\ANEF-AutomatizationProject\\Reports\\20231123_142816\\TS_TNR_R.TSPT_Suppo90\\20231123_142816\\1700746324441.png, C:\\Users\\ISSAM.RHARBAOUI\\git\\22_11\\ANEF-AutomatizationProject\\Reports\\20231123_142816\\TS_TNR_R.TSPT_Suppo90\\20231123_142816\\1700746397785.png, C:\\Users\\ISSAM.RHARBAOUI\\git\\22_11\\ANEF-AutomatizationProject\\Reports\\20231123_142816\\TS_TNR_R.TSPT_Suppo90\\20231123_142816\\1700746402379.png, C:\\Users\\ISSAM.RHARBAOUI\\git\\22_11\\ANEF-AutomatizationProject\\Reports\\20231123_142816\\TS_TNR_R.TSPT_Suppo90\\20231123_142816\\1700746406763.png, C:\\Users\\ISSAM.RHARBAOUI\\git\\22_11\\ANEF-AutomatizationProject\\Reports\\20231123_142816\\TS_TNR_R.TSPT_Suppo90\\20231123_142816\\1700746753177.png, C:\\Users\\ISSAM.RHARBAOUI\\git\\22_11\\ANEF-AutomatizationProject\\Reports\\20231123_142816\\TS_TNR_R.TSPT_Suppo90\\20231123_142816\\1700746759649.png, C:\\Users\\ISSAM.RHARBAOUI\\git\\22_11\\ANEF-AutomatizationProject\\Reports\\20231123_142816\\TS_TNR_R.TSPT_Suppo90\\20231123_142816\\1700746875140.png, C:\\Users\\ISSAM.RHARBAOUI\\git\\22_11\\ANEF-AutomatizationProject\\Reports\\20231123_142816\\TS_TNR_R.TSPT_Suppo90\\20231123_142816\\1700746942008.png, C:\\Users\\ISSAM.RHARBAOUI\\git\\22_11\\ANEF-AutomatizationProject\\Reports\\20231123_142816\\TS_TNR_R.TSPT_Suppo90\\20231123_142816\\1700746944737.png, C:\\Users\\ISSAM.RHARBAOUI\\git\\22_11\\ANEF-AutomatizationProject\\Reports\\20231123_142816\\TS_TNR_R.TSPT_Suppo90\\20231123_142816\\1700746949109.png, C:\\Users\\ISSAM.RHARBAOUI\\git\\22_11\\ANEF-AutomatizationProject\\Reports\\20231123_142816\\TS_TNR_R.TSPT_Suppo90\\20231123_142816\\1700747057613.png"/>
         <property name="hostName" value="issam.rharbaoui - FR-L5448059.groupinfra.com"/>
         <property name="os" value="Windows 10 64bit"/>
         <property name="katalonVersion" value="8.6.5.208"/>
         <property name="browser" value="Chrome 119.0.0.0"/>
         <property name="hostAddress" value="192.168.1.134"/>
         <property name="sessionId" value="d606915402822c957940de13cd1eb348"/>
         <property name="seleniumVersion" value="3.141.59"/>
         <property name="proxyInformation" value="ProxyInformation { proxyOption=NO_PROXY, proxyServerType=HTTP, username=, password=********, proxyServerAddress=, proxyServerPort=0, executionList=&quot;&quot;, isApplyToDesiredCapabilities=true }"/>
         <property name="platform" value="Windows 10"/>
      </properties>
      <testcase name="Test Cases/Cas D Utilisations/Usager Etudiant/TNR R.TSPT Supp90-Etudiant" time="489.038" classname="Test Cases/Cas D Utilisations/Usager Etudiant/TNR R.TSPT Supp90-Etudiant" status="PASSED">
         <system-out><![CDATA[2023-11-23 14:28:21 - [TEST_CASE][PASSED] - Test Cases/Cas D Utilisations/Usager Etudiant/TNR R.TSPT Supp90-Etudiant: Test Cases/Cas D Utilisations/Usager Etudiant/TNR R.TSPT Supp90-Etudiant

2023-11-23 14:28:23 - [TEST_STEP][PASSED] - com.kazurayam.ksbackyard.HighlightElement.pandemic(): com.kazurayam.ksbackyard.HighlightElement.pandemic is PASSED

2023-11-23 14:28:24 - [MESSAGE][PASSED] - com.kazurayam.ksbackyard.HighlightElement.pandemic is PASSED

2023-11-23 14:28:24 - [TEST_STEP][PASSED] - callTestCase(findTestCase("Test Reutilisable/Main/Lancer URL ANEF"), ["Profiles":"Usager", "EnvExec":EnvExec], STOP_ON_FAILURE): Call Test Case 'Test Cases/Test Reutilisable/Main/Lancer URL ANEF' successfully

2023-11-23 14:28:24 - [MESSAGE][INFO] - Checking called Test Case

2023-11-23 14:28:24 - [MESSAGE][INFO] - Starting to call Test Case 'Test Cases/Test Reutilisable/Main/Lancer URL ANEF'

2023-11-23 14:28:24 - [TEST_CASE][PASSED] - Test Cases/Test Reutilisable/Main/Lancer URL ANEF: Test Cases/Test Reutilisable/Main/Lancer URL ANEF

2023-11-23 14:28:31 - [TEST_STEP][PASSED] - "RunConfiguration: getProjectDir for LogDriver ": null

2023-11-23 14:28:31 - [TEST_STEP][PASSED] - RunBrowserConfiguration = getExecutionProperties(): null

2023-11-23 14:28:31 - [TEST_STEP][PASSED] - DriverName = "": null

2023-11-23 14:28:31 - [TEST_STEP][PASSED] - openBrowser(""): Browser is opened with url: ''

2023-11-23 14:28:31 - [MESSAGE][INFO] - Opening browser

2023-11-23 14:28:31 - [MESSAGE][INFO] - Starting 'Chrome' driver

2023-11-23 14:28:31 - [MESSAGE][INFO] - User set preference: ['args', '[--incognito, --start-maximized, --remote-allow-origins=*]']

2023-11-23 14:28:31 - [MESSAGE][INFO] - User set preference: ['prefs', '{download.default_directory=${GlobalVariable.downloadPath}, download_dir=${GlobalVariable.downloadPath}, download.prompt_for_download=false}']

2023-11-23 14:28:31 - [MESSAGE][INFO] - User set preference: ['loggingPrefs', '{browser=ALL}']

2023-11-23 14:28:31 - [MESSAGE][INFO] - Action delay is set to 2Â 000 milliseconds

2023-11-23 14:28:35 - [MESSAGE][PASSED] - Browser is opened with url: ''

2023-11-23 14:28:35 - [TEST_STEP][PASSED] - driver = getWebDriver(): null

2023-11-23 14:28:35 - [TEST_STEP][PASSED] - wrappedDriver = driver.getWrappedDriver(): null

2023-11-23 14:28:35 - [TEST_STEP][PASSED] - out.println(wrappedDriver.getClass()): null

2023-11-23 14:28:35 - [TEST_STEP][PASSED] - if (class == com.kms.katalon.selenium.driver.CRemoteWebDriver): null

2023-11-23 14:28:35 - [TEST_STEP][PASSED] - else: null

2023-11-23 14:28:35 - [TEST_STEP][PASSED] - DriverName = get("WebUI").get("browserType"): null

2023-11-23 14:28:35 - [TEST_STEP][PASSED] - println("DriverName :" + DriverName): null

2023-11-23 14:28:35 - [TEST_STEP][PASSED] - println("Driverpath :" + RunBrowserConfiguration.get("drivers")): null

2023-11-23 14:28:35 - [TEST_STEP][PASSED] - DriverName = DriverName: null

2023-11-23 14:28:37 - [TEST_STEP][PASSED] - delay(medium_wait): Delayed 3 second(s)

2023-11-23 14:28:37 - [MESSAGE][INFO] - Delaying browser in 3 second(s)

2023-11-23 14:28:40 - [MESSAGE][PASSED] - Delayed 3 second(s)

2023-11-23 14:28:40 - [TEST_STEP][PASSED] - executedBrowser = getExecutedBrowser(): null

2023-11-23 14:28:40 - [TEST_STEP][PASSED] - if (Profiles == "Usager"): null

2023-11-23 14:28:40 - [TEST_STEP][PASSED] - switch (DriverName): null

2023-11-23 14:28:40 - [TEST_STEP][PASSED] - case "CHROME_DRIVER":: null

2023-11-23 14:28:40 - [TEST_STEP][PASSED] - if (EnvExec == "URL_ANEFQualif"): null

2023-11-23 14:28:40 - [TEST_STEP][PASSED] - if (EnvExec == "URL_ANEFPreProd"): Navigate to 'https://preprod.administration-etrangers-en-france.interieur.gouv.fr/particuliers/#/' successfully

2023-11-23 14:28:40 - [TEST_STEP][PASSED] - navigateToUrl(URL_ANEFPreProd): Navigate to 'https://preprod.administration-etrangers-en-france.interieur.gouv.fr/particuliers/#/' successfully

2023-11-23 14:28:40 - [MESSAGE][INFO] - Checking url

2023-11-23 14:28:40 - [MESSAGE][INFO] - Navigating to 'https://preprod.administration-etrangers-en-france.interieur.gouv.fr/particuliers/#/'

2023-11-23 14:28:56 - [MESSAGE][PASSED] - Navigate to 'https://preprod.administration-etrangers-en-france.interieur.gouv.fr/particuliers/#/' successfully

2023-11-23 14:28:56 - [TEST_STEP][PASSED] - maximizeWindow(): Current window maximized

2023-11-23 14:28:56 - [MESSAGE][INFO] - Maximizing current window

2023-11-23 14:28:56 - [MESSAGE][PASSED] - Current window maximized

2023-11-23 14:28:56 - [TEST_STEP][PASSED] - System.setProperty("webdriver.chrome.driver", getChromeDriverPath()): null

2023-11-23 14:28:56 - [TEST_STEP][PASSED] - System.setProperty("webdriver.chrome.logfile", getProjectDir() + "/Dump/chromedriver.log"): null

2023-11-23 14:28:56 - [TEST_STEP][PASSED] - callTestCase(findTestCase("Test Reutilisable/Main/Erreur lie a la confidentialite"), [:], STOP_ON_FAILURE): Call Test Case 'Test Cases/Test Reutilisable/Main/Erreur lie a la confidentialite' successfully

2023-11-23 14:28:56 - [MESSAGE][INFO] - Checking called Test Case

2023-11-23 14:28:56 - [MESSAGE][INFO] - Starting to call Test Case 'Test Cases/Test Reutilisable/Main/Erreur lie a la confidentialite'

2023-11-23 14:28:56 - [TEST_CASE][PASSED] - Test Cases/Test Reutilisable/Main/Erreur lie a la confidentialite: Test Cases/Test Reutilisable/Main/Erreur lie a la confidentialite

2023-11-23 14:28:58 - [TEST_STEP][PASSED] - tools.WaitForLoadedPage.waitForElementRendering(): tools.WaitForLoadedPage.waitForElementRendering is PASSED

2023-11-23 14:28:58 - [MESSAGE][PASSED] - tools.WaitForLoadedPage.waitForElementRendering is PASSED

2023-11-23 14:28:58 - [TEST_STEP][PASSED] - "Call Highlight.on() automatically": null

2023-11-23 14:28:58 - [TEST_STEP][PASSED] - DriverName = DriverName: null

2023-11-23 14:28:58 - [TEST_STEP][PASSED] - if (DriverName == "CHROME_DRIVER" || "EDGE_CHROMIUM_DRIVER" || "HEADLESS_DRIVER"): null

2023-11-23 14:28:58 - [TEST_STEP][PASSED] - if (verifyElementPresent(findTestObject("Object Repository/Connexion Usager/Btn_Parametres Avances"), 2, OPTIONAL)): null

2023-11-23 14:28:58 - [MESSAGE][INFO] - Finding Test Object 'Object Repository/Connexion Usager/Btn_Parametres Avances'

2023-11-23 14:28:58 - [MESSAGE][INFO] - Checking object

2023-11-23 14:28:58 - [MESSAGE][INFO] - Finding web element from Test Object's properties

2023-11-23 14:28:58 - [MESSAGE][INFO] - Checking timeout

2023-11-23 14:28:58 - [MESSAGE][INFO] - Finding web element with id: 'Object Repository/Connexion Usager/Btn_Parametres Avances' located by 'By.xpath: //*[@id="details-button"]' in '2' second(s)

2023-11-23 14:28:58 - [MESSAGE][INFO] - Smart Wait Function is triggered

2023-11-23 14:28:58 - [MESSAGE][INFO] - Found 1 web elements with id: 'Object Repository/Connexion Usager/Btn_Parametres Avances' located by 'By.xpath: //*[@id="details-button"]' in '2' second(s)

2023-11-23 14:28:58 - [MESSAGE][PASSED] - Object 'Object Repository/Connexion Usager/Btn_Parametres Avances' is present

2023-11-23 14:28:58 - [TEST_STEP][PASSED] - click(findTestObject("Object Repository/Connexion Usager/Btn_Parametres Avances"), OPTIONAL): Object: 'Object Repository/Connexion Usager/Btn_Parametres Avances' is clicked on

2023-11-23 14:28:58 - [MESSAGE][INFO] - Finding Test Object 'Object Repository/Connexion Usager/Btn_Parametres Avances'

2023-11-23 14:28:58 - [MESSAGE][INFO] - Checking timeout

2023-11-23 14:28:58 - [MESSAGE][INFO] - Finding web element with id: 'Object Repository/Connexion Usager/Btn_Parametres Avances' located by 'By.xpath: //*[@id="details-button"]' in '20' second(s)

2023-11-23 14:28:58 - [MESSAGE][INFO] - Smart Wait Function is triggered

2023-11-23 14:28:59 - [MESSAGE][INFO] - Found 1 web elements with id: 'Object Repository/Connexion Usager/Btn_Parametres Avances' located by 'By.xpath: //*[@id="details-button"]' in '20' second(s)

2023-11-23 14:28:59 - [MESSAGE][INFO] - Checking object

2023-11-23 14:28:59 - [MESSAGE][INFO] - Checking timeout

2023-11-23 14:28:59 - [MESSAGE][INFO] - Finding web element from Test Object's properties

2023-11-23 14:28:59 - [MESSAGE][INFO] - Checking timeout

2023-11-23 14:28:59 - [MESSAGE][INFO] - Finding web element with id: 'Object Repository/Connexion Usager/Btn_Parametres Avances' located by 'By.xpath: //*[@id="details-button"]' in '5' second(s)

2023-11-23 14:28:59 - [MESSAGE][INFO] - Smart Wait Function is triggered

2023-11-23 14:28:59 - [MESSAGE][INFO] - Found 1 web elements with id: 'Object Repository/Connexion Usager/Btn_Parametres Avances' located by 'By.xpath: //*[@id="details-button"]' in '5' second(s)

2023-11-23 14:28:59 - [MESSAGE][INFO] - Clicking on object: 'Object Repository/Connexion Usager/Btn_Parametres Avances'

2023-11-23 14:29:01 - [MESSAGE][PASSED] - Object: 'Object Repository/Connexion Usager/Btn_Parametres Avances' is clicked on

2023-11-23 14:29:01 - [TEST_STEP][PASSED] - click(findTestObject("Object Repository/Connexion Usager/Link_Proceed-Link"), OPTIONAL): Object: 'Object Repository/Connexion Usager/Link_Proceed-Link' is clicked on

2023-11-23 14:29:01 - [MESSAGE][INFO] - Finding Test Object 'Object Repository/Connexion Usager/Link_Proceed-Link'

2023-11-23 14:29:01 - [MESSAGE][INFO] - Checking timeout

2023-11-23 14:29:01 - [MESSAGE][INFO] - Finding web element with id: 'Object Repository/Connexion Usager/Link_Proceed-Link' located by 'By.xpath: //*[@id="proceed-link"]' in '20' second(s)

2023-11-23 14:29:01 - [MESSAGE][INFO] - Smart Wait Function is triggered

2023-11-23 14:29:01 - [MESSAGE][INFO] - Found 1 web elements with id: 'Object Repository/Connexion Usager/Link_Proceed-Link' located by 'By.xpath: //*[@id="proceed-link"]' in '20' second(s)

2023-11-23 14:29:01 - [MESSAGE][INFO] - Checking object

2023-11-23 14:29:01 - [MESSAGE][INFO] - Checking timeout

2023-11-23 14:29:01 - [MESSAGE][INFO] - Finding web element from Test Object's properties

2023-11-23 14:29:01 - [MESSAGE][INFO] - Checking timeout

2023-11-23 14:29:01 - [MESSAGE][INFO] - Finding web element with id: 'Object Repository/Connexion Usager/Link_Proceed-Link' located by 'By.xpath: //*[@id="proceed-link"]' in '5' second(s)

2023-11-23 14:29:01 - [MESSAGE][INFO] - Smart Wait Function is triggered

2023-11-23 14:29:01 - [MESSAGE][INFO] - Found 1 web elements with id: 'Object Repository/Connexion Usager/Link_Proceed-Link' located by 'By.xpath: //*[@id="proceed-link"]' in '5' second(s)

2023-11-23 14:29:01 - [MESSAGE][INFO] - Clicking on object: 'Object Repository/Connexion Usager/Link_Proceed-Link'

2023-11-23 14:29:03 - [MESSAGE][PASSED] - Object: 'Object Repository/Connexion Usager/Link_Proceed-Link' is clicked on

2023-11-23 14:29:03 - [TEST_STEP][PASSED] - if (DriverName == "IE_DRIVER"): null

2023-11-23 14:29:03 - [TEST_STEP][PASSED] - delay(3): Delayed 3 second(s)

2023-11-23 14:29:03 - [MESSAGE][INFO] - Delaying browser in 3 second(s)

2023-11-23 14:29:06 - [MESSAGE][PASSED] - Delayed 3 second(s)

2023-11-23 14:29:06 - [MESSAGE][PASSED] - Call Test Case 'Test Cases/Test Reutilisable/Main/Erreur lie a la confidentialite' successfully

2023-11-23 14:29:06 - [TEST_STEP][PASSED] - delay(5): Delayed 5 second(s)

2023-11-23 14:29:06 - [MESSAGE][INFO] - Delaying browser in 5 second(s)

2023-11-23 14:29:11 - [MESSAGE][PASSED] - Delayed 5 second(s)

2023-11-23 14:29:11 - [TEST_STEP][PASSED] - verifyElementVisible(findTestObject("Object Repository/Connexion Usager/Link_Se Connecter"), STOP_ON_FAILURE): Object 'Object Repository/Connexion Usager/Link_Se Connecter' is visible

2023-11-23 14:29:11 - [MESSAGE][INFO] - Finding Test Object 'Object Repository/Connexion Usager/Link_Se Connecter'

2023-11-23 14:29:11 - [MESSAGE][INFO] - Checking object

2023-11-23 14:29:11 - [MESSAGE][INFO] - Finding web element from Test Object's properties

2023-11-23 14:29:11 - [MESSAGE][INFO] - Checking timeout

2023-11-23 14:29:11 - [MESSAGE][INFO] - Finding web element with id: 'Object Repository/Connexion Usager/Link_Se Connecter' located by 'By.xpath: //*[@id="connexion_link"]' in '5' second(s)

2023-11-23 14:29:11 - [MESSAGE][INFO] - Smart Wait Function is triggered

2023-11-23 14:29:11 - [MESSAGE][INFO] - Found 1 web elements with id: 'Object Repository/Connexion Usager/Link_Se Connecter' located by 'By.xpath: //*[@id="connexion_link"]' in '5' second(s)

2023-11-23 14:29:12 - [MESSAGE][PASSED] - Object 'Object Repository/Connexion Usager/Link_Se Connecter' is visible

2023-11-23 14:29:12 - [TEST_STEP][PASSED] - break: null

2023-11-23 14:29:12 - [TEST_STEP][PASSED] - if (Profiles == "Agent"): null

2023-11-23 14:29:12 - [TEST_STEP][PASSED] - else: null

2023-11-23 14:29:12 - [TEST_STEP][PASSED] - println("VÃ©rifier le Portail de votre connexion Usager ou Agent"): null

2023-11-23 14:29:12 - [MESSAGE][PASSED] - Call Test Case 'Test Cases/Test Reutilisable/Main/Lancer URL ANEF' successfully

2023-11-23 14:29:12 - [TEST_STEP][PASSED] - callTestCase(findTestCase("Test Reutilisable/Main/Creer Votre Compte"), ["NumEtrangerVisa":NumEtrangerVisa, "DateDebut":DateDebut, "DateFin":DateFin, "EnvExec":EnvExec], STOP_ON_FAILURE): Call Test Case 'Test Cases/Test Reutilisable/Main/Creer Votre Compte' successfully

2023-11-23 14:29:12 - [MESSAGE][INFO] - Checking called Test Case

2023-11-23 14:29:12 - [MESSAGE][INFO] - Starting to call Test Case 'Test Cases/Test Reutilisable/Main/Creer Votre Compte'

2023-11-23 14:29:12 - [TEST_CASE][PASSED] - Test Cases/Test Reutilisable/Main/Creer Votre Compte: Test Cases/Test Reutilisable/Main/Creer Votre Compte

2023-11-23 14:29:13 - [TEST_STEP][PASSED] - "waiting for the number of elements in the DOM to stop changing": null

2023-11-23 14:29:13 - [TEST_STEP][PASSED] - com.kazurayam.ksbackyard.HighlightElement.pandemic(): com.kazurayam.ksbackyard.HighlightElement.pandemic is PASSED

2023-11-23 14:29:13 - [MESSAGE][PASSED] - com.kazurayam.ksbackyard.HighlightElement.pandemic is PASSED

2023-11-23 14:29:13 - [TEST_STEP][PASSED] - waitForPageLoad(5): Wait for page load successfully

2023-11-23 14:29:13 - [MESSAGE][INFO] - Checking timeout

2023-11-23 14:29:13 - [MESSAGE][PASSED] - Wait for page load successfully

2023-11-23 14:29:13 - [TEST_STEP][PASSED] - click(findTestObject("Object Repository/Connexion Usager/Link_Se Connecter")): Object: 'Object Repository/Connexion Usager/Link_Se Connecter' is clicked on

2023-11-23 14:29:13 - [MESSAGE][INFO] - Finding Test Object 'Object Repository/Connexion Usager/Link_Se Connecter'

2023-11-23 14:29:14 - [MESSAGE][INFO] - Checking timeout

2023-11-23 14:29:14 - [MESSAGE][INFO] - Finding web element with id: 'Object Repository/Connexion Usager/Link_Se Connecter' located by 'By.xpath: //*[@id="connexion_link"]' in '20' second(s)

2023-11-23 14:29:14 - [MESSAGE][INFO] - Smart Wait Function is triggered

2023-11-23 14:29:14 - [MESSAGE][INFO] - Found 1 web elements with id: 'Object Repository/Connexion Usager/Link_Se Connecter' located by 'By.xpath: //*[@id="connexion_link"]' in '20' second(s)

2023-11-23 14:29:14 - [MESSAGE][INFO] - Checking object

2023-11-23 14:29:14 - [MESSAGE][INFO] - Checking timeout

2023-11-23 14:29:14 - [MESSAGE][INFO] - Finding web element from Test Object's properties

2023-11-23 14:29:14 - [MESSAGE][INFO] - Checking timeout

2023-11-23 14:29:14 - [MESSAGE][INFO] - Finding web element with id: 'Object Repository/Connexion Usager/Link_Se Connecter' located by 'By.xpath: //*[@id="connexion_link"]' in '5' second(s)

2023-11-23 14:29:14 - [MESSAGE][INFO] - Smart Wait Function is triggered

2023-11-23 14:29:14 - [MESSAGE][INFO] - Found 1 web elements with id: 'Object Repository/Connexion Usager/Link_Se Connecter' located by 'By.xpath: //*[@id="connexion_link"]' in '5' second(s)

2023-11-23 14:29:14 - [MESSAGE][INFO] - Clicking on object: 'Object Repository/Connexion Usager/Link_Se Connecter'

2023-11-23 14:29:16 - [MESSAGE][PASSED] - Object: 'Object Repository/Connexion Usager/Link_Se Connecter' is clicked on

2023-11-23 14:29:16 - [TEST_STEP][PASSED] - if (EnvExec == "URL_ANEFQualif"): null

2023-11-23 14:29:16 - [TEST_STEP][PASSED] - click(findTestObject("Object Repository/Connexion Usager/Link_Creer Votre Compte")): Object: 'Object Repository/Connexion Usager/Link_Creer Votre Compte' is clicked on

2023-11-23 14:29:16 - [MESSAGE][INFO] - Finding Test Object 'Object Repository/Connexion Usager/Link_Creer Votre Compte'

2023-11-23 14:29:17 - [MESSAGE][INFO] - Checking timeout

2023-11-23 14:29:17 - [MESSAGE][INFO] - Finding web element with id: 'Object Repository/Connexion Usager/Link_Creer Votre Compte' located by 'By.xpath: /html/body/div/main/div[2]/a' in '20' second(s)

2023-11-23 14:29:17 - [MESSAGE][INFO] - Smart Wait Function is triggered

2023-11-23 14:29:17 - [MESSAGE][INFO] - Found 1 web elements with id: 'Object Repository/Connexion Usager/Link_Creer Votre Compte' located by 'By.xpath: /html/body/div/main/div[2]/a' in '20' second(s)

2023-11-23 14:29:17 - [MESSAGE][INFO] - Checking object

2023-11-23 14:29:17 - [MESSAGE][INFO] - Checking timeout

2023-11-23 14:29:17 - [MESSAGE][INFO] - Finding web element from Test Object's properties

2023-11-23 14:29:17 - [MESSAGE][INFO] - Checking timeout

2023-11-23 14:29:17 - [MESSAGE][INFO] - Finding web element with id: 'Object Repository/Connexion Usager/Link_Creer Votre Compte' located by 'By.xpath: /html/body/div/main/div[2]/a' in '5' second(s)

2023-11-23 14:29:17 - [MESSAGE][INFO] - Smart Wait Function is triggered

2023-11-23 14:29:17 - [MESSAGE][INFO] - Found 1 web elements with id: 'Object Repository/Connexion Usager/Link_Creer Votre Compte' located by 'By.xpath: /html/body/div/main/div[2]/a' in '5' second(s)

2023-11-23 14:29:17 - [MESSAGE][INFO] - Clicking on object: 'Object Repository/Connexion Usager/Link_Creer Votre Compte'

2023-11-23 14:29:20 - [MESSAGE][PASSED] - Object: 'Object Repository/Connexion Usager/Link_Creer Votre Compte' is clicked on

2023-11-23 14:29:20 - [TEST_STEP][PASSED] - waitForPageLoad(5): Wait for page load successfully

2023-11-23 14:29:20 - [MESSAGE][INFO] - Checking timeout

2023-11-23 14:29:20 - [MESSAGE][PASSED] - Wait for page load successfully

2023-11-23 14:29:20 - [TEST_STEP][PASSED] - println("NumEtrangerVisa = " + NumEtrangerVisa): null

2023-11-23 14:29:20 - [TEST_STEP][PASSED] - setText(findTestObject("Object Repository/Connexion Usager/Input_Numero etranger_Visa"), NumEtrangerVisa): Text '7703040869' is set on object 'Object Repository/Connexion Usager/Input_Numero etranger_Visa'

2023-11-23 14:29:20 - [MESSAGE][INFO] - Finding Test Object 'Object Repository/Connexion Usager/Input_Numero etranger_Visa'

2023-11-23 14:29:20 - [MESSAGE][INFO] - Checking timeout

2023-11-23 14:29:20 - [MESSAGE][INFO] - Finding web element with id: 'Object Repository/Connexion Usager/Input_Numero etranger_Visa' located by 'By.xpath: //*[@placeholder="Exemple : 9999999999" and @type = 'text']' in '20' second(s)

2023-11-23 14:29:20 - [MESSAGE][INFO] - Smart Wait Function is triggered

2023-11-23 14:29:20 - [MESSAGE][INFO] - Found 1 web elements with id: 'Object Repository/Connexion Usager/Input_Numero etranger_Visa' located by 'By.xpath: //*[@placeholder="Exemple : 9999999999" and @type = 'text']' in '20' second(s)

2023-11-23 14:29:20 - [MESSAGE][INFO] - Checking object

2023-11-23 14:29:20 - [MESSAGE][INFO] - Checking text

2023-11-23 14:29:20 - [MESSAGE][INFO] - Finding web element from Test Object's properties

2023-11-23 14:29:20 - [MESSAGE][INFO] - Checking timeout

2023-11-23 14:29:20 - [MESSAGE][INFO] - Finding web element with id: 'Object Repository/Connexion Usager/Input_Numero etranger_Visa' located by 'By.xpath: //*[@placeholder="Exemple : 9999999999" and @type = 'text']' in '5' second(s)

2023-11-23 14:29:20 - [MESSAGE][INFO] - Smart Wait Function is triggered

2023-11-23 14:29:20 - [MESSAGE][INFO] - Found 1 web elements with id: 'Object Repository/Connexion Usager/Input_Numero etranger_Visa' located by 'By.xpath: //*[@placeholder="Exemple : 9999999999" and @type = 'text']' in '5' second(s)

2023-11-23 14:29:20 - [MESSAGE][INFO] - Clearing text of object 'Object Repository/Connexion Usager/Input_Numero etranger_Visa'

2023-11-23 14:29:22 - [MESSAGE][INFO] - Finding web element from Test Object's properties

2023-11-23 14:29:22 - [MESSAGE][INFO] - Checking timeout

2023-11-23 14:29:22 - [MESSAGE][INFO] - Finding web element with id: 'Object Repository/Connexion Usager/Input_Numero etranger_Visa' located by 'By.xpath: //*[@placeholder="Exemple : 9999999999" and @type = 'text']' in '5' second(s)

2023-11-23 14:29:22 - [MESSAGE][INFO] - Smart Wait Function is triggered

2023-11-23 14:29:22 - [MESSAGE][INFO] - Found 1 web elements with id: 'Object Repository/Connexion Usager/Input_Numero etranger_Visa' located by 'By.xpath: //*[@placeholder="Exemple : 9999999999" and @type = 'text']' in '5' second(s)

2023-11-23 14:29:22 - [MESSAGE][INFO] - Setting text of object 'Object Repository/Connexion Usager/Input_Numero etranger_Visa' to value '7703040869'

2023-11-23 14:29:25 - [MESSAGE][PASSED] - Text '7703040869' is set on object 'Object Repository/Connexion Usager/Input_Numero etranger_Visa'

2023-11-23 14:29:25 - [TEST_STEP][PASSED] - DateDebut = DateDebut: null

2023-11-23 14:29:25 - [TEST_STEP][PASSED] - DateDebut = tools.MyStringTools.ParsedDateDebut(): tools.MyStringTools.ParsedDateDebut is PASSED

2023-11-23 14:29:25 - [MESSAGE][PASSED] - tools.MyStringTools.ParsedDateDebut is PASSED

2023-11-23 14:29:25 - [TEST_STEP][PASSED] - ParsedDateDebut = tools.MyStringTools.ParsedDateDebut(): tools.MyStringTools.ParsedDateDebut is PASSED

2023-11-23 14:29:25 - [MESSAGE][PASSED] - tools.MyStringTools.ParsedDateDebut is PASSED

2023-11-23 14:29:25 - [TEST_STEP][PASSED] - setText(findTestObject("Object Repository/Connexion Usager/Date Debut Validite/Input_Jour"), ParsedDateDebut[0]): Text '24' is set on object 'Object Repository/Connexion Usager/Date Debut Validite/Input_Jour'

2023-11-23 14:29:25 - [MESSAGE][INFO] - Finding Test Object 'Object Repository/Connexion Usager/Date Debut Validite/Input_Jour'

2023-11-23 14:29:25 - [MESSAGE][INFO] - Checking timeout

2023-11-23 14:29:25 - [MESSAGE][INFO] - Finding web element with id: 'Object Repository/Connexion Usager/Date Debut Validite/Input_Jour' located by 'By.xpath: /html/body/app-root/div/app-root/main/app-registration/div/div[3]/app-identification/form/div[2]/app-date[1]/fieldset/div[2]/div[1]/input' in '20' second(s)

2023-11-23 14:29:25 - [MESSAGE][INFO] - Smart Wait Function is triggered

2023-11-23 14:29:25 - [MESSAGE][INFO] - Found 1 web elements with id: 'Object Repository/Connexion Usager/Date Debut Validite/Input_Jour' located by 'By.xpath: /html/body/app-root/div/app-root/main/app-registration/div/div[3]/app-identification/form/div[2]/app-date[1]/fieldset/div[2]/div[1]/input' in '20' second(s)

2023-11-23 14:29:25 - [MESSAGE][INFO] - Checking object

2023-11-23 14:29:25 - [MESSAGE][INFO] - Checking text

2023-11-23 14:29:25 - [MESSAGE][INFO] - Finding web element from Test Object's properties

2023-11-23 14:29:25 - [MESSAGE][INFO] - Checking timeout

2023-11-23 14:29:25 - [MESSAGE][INFO] - Finding web element with id: 'Object Repository/Connexion Usager/Date Debut Validite/Input_Jour' located by 'By.xpath: /html/body/app-root/div/app-root/main/app-registration/div/div[3]/app-identification/form/div[2]/app-date[1]/fieldset/div[2]/div[1]/input' in '5' second(s)

2023-11-23 14:29:25 - [MESSAGE][INFO] - Smart Wait Function is triggered

2023-11-23 14:29:25 - [MESSAGE][INFO] - Found 1 web elements with id: 'Object Repository/Connexion Usager/Date Debut Validite/Input_Jour' located by 'By.xpath: /html/body/app-root/div/app-root/main/app-registration/div/div[3]/app-identification/form/div[2]/app-date[1]/fieldset/div[2]/div[1]/input' in '5' second(s)

2023-11-23 14:29:25 - [MESSAGE][INFO] - Clearing text of object 'Object Repository/Connexion Usager/Date Debut Validite/Input_Jour'

2023-11-23 14:29:27 - [MESSAGE][INFO] - Finding web element from Test Object's properties

2023-11-23 14:29:27 - [MESSAGE][INFO] - Checking timeout

2023-11-23 14:29:27 - [MESSAGE][INFO] - Finding web element with id: 'Object Repository/Connexion Usager/Date Debut Validite/Input_Jour' located by 'By.xpath: /html/body/app-root/div/app-root/main/app-registration/div/div[3]/app-identification/form/div[2]/app-date[1]/fieldset/div[2]/div[1]/input' in '5' second(s)

2023-11-23 14:29:27 - [MESSAGE][INFO] - Smart Wait Function is triggered

2023-11-23 14:29:27 - [MESSAGE][INFO] - Found 1 web elements with id: 'Object Repository/Connexion Usager/Date Debut Validite/Input_Jour' located by 'By.xpath: /html/body/app-root/div/app-root/main/app-registration/div/div[3]/app-identification/form/div[2]/app-date[1]/fieldset/div[2]/div[1]/input' in '5' second(s)

2023-11-23 14:29:27 - [MESSAGE][INFO] - Setting text of object 'Object Repository/Connexion Usager/Date Debut Validite/Input_Jour' to value '24'

2023-11-23 14:29:29 - [MESSAGE][PASSED] - Text '24' is set on object 'Object Repository/Connexion Usager/Date Debut Validite/Input_Jour'

2023-11-23 14:29:29 - [TEST_STEP][PASSED] - selectOptionByIndex(findTestObject("Object Repository/Connexion Usager/Date Debut Validite/Select_Mois"), ParsedDateDebut[1]): All options with index in [12] are selected on object 'Object Repository/Connexion Usager/Date Debut Validite/Select_Mois'

2023-11-23 14:29:29 - [MESSAGE][INFO] - Finding Test Object 'Object Repository/Connexion Usager/Date Debut Validite/Select_Mois'

2023-11-23 14:29:29 - [MESSAGE][INFO] - Checking timeout

2023-11-23 14:29:29 - [MESSAGE][INFO] - Finding web element with id: 'Object Repository/Connexion Usager/Date Debut Validite/Select_Mois' located by 'By.xpath: /html/body/app-root/div/app-root/main/app-registration/div/div[3]/app-identification/form/div[2]/app-date[1]/fieldset/div[2]/div[2]/select' in '20' second(s)

2023-11-23 14:29:29 - [MESSAGE][INFO] - Smart Wait Function is triggered

2023-11-23 14:29:29 - [MESSAGE][INFO] - Found 1 web elements with id: 'Object Repository/Connexion Usager/Date Debut Validite/Select_Mois' located by 'By.xpath: /html/body/app-root/div/app-root/main/app-registration/div/div[3]/app-identification/form/div[2]/app-date[1]/fieldset/div[2]/div[2]/select' in '20' second(s)

2023-11-23 14:29:29 - [MESSAGE][INFO] - Checking object

2023-11-23 14:29:29 - [MESSAGE][INFO] - Checking index range

2023-11-23 14:29:29 - [MESSAGE][INFO] - Converting range parameter '12' to index array

2023-11-23 14:29:29 - [MESSAGE][INFO] - Range parameter '12' is converted to index array [12]

2023-11-23 14:29:29 - [MESSAGE][INFO] - Finding web element from Test Object's properties

2023-11-23 14:29:29 - [MESSAGE][INFO] - Checking timeout

2023-11-23 14:29:29 - [MESSAGE][INFO] - Finding web element with id: 'Object Repository/Connexion Usager/Date Debut Validite/Select_Mois' located by 'By.xpath: /html/body/app-root/div/app-root/main/app-registration/div/div[3]/app-identification/form/div[2]/app-date[1]/fieldset/div[2]/div[2]/select' in '5' second(s)

2023-11-23 14:29:29 - [MESSAGE][INFO] - Smart Wait Function is triggered

2023-11-23 14:29:29 - [MESSAGE][INFO] - Found 1 web elements with id: 'Object Repository/Connexion Usager/Date Debut Validite/Select_Mois' located by 'By.xpath: /html/body/app-root/div/app-root/main/app-registration/div/div[3]/app-identification/form/div[2]/app-date[1]/fieldset/div[2]/div[2]/select' in '5' second(s)

2023-11-23 14:29:29 - [MESSAGE][INFO] - Checking index parameters

2023-11-23 14:29:29 - [MESSAGE][INFO] - Smart Wait Function is triggered

2023-11-23 14:29:29 - [MESSAGE][INFO] - Selecting options on object 'Object Repository/Connexion Usager/Date Debut Validite/Select_Mois' with index in [12]

2023-11-23 14:29:29 - [MESSAGE][INFO] - Smart Wait Function is triggered

2023-11-23 14:29:31 - [MESSAGE][INFO] - Option with index 12 is selected

2023-11-23 14:29:31 - [MESSAGE][PASSED] - All options with index in [12] are selected on object 'Object Repository/Connexion Usager/Date Debut Validite/Select_Mois'

2023-11-23 14:29:31 - [TEST_STEP][PASSED] - setText(findTestObject("Object Repository/Connexion Usager/Date Debut Validite/Input_Annee"), ParsedDateDebut[2]): Text '2022' is set on object 'Object Repository/Connexion Usager/Date Debut Validite/Input_Annee'

2023-11-23 14:29:31 - [MESSAGE][INFO] - Finding Test Object 'Object Repository/Connexion Usager/Date Debut Validite/Input_Annee'

2023-11-23 14:29:32 - [MESSAGE][INFO] - Checking timeout

2023-11-23 14:29:32 - [MESSAGE][INFO] - Finding web element with id: 'Object Repository/Connexion Usager/Date Debut Validite/Input_Annee' located by 'By.xpath: /html/body/app-root/div/app-root/main/app-registration/div/div[3]/app-identification/form/div[2]/app-date[1]/fieldset/div[2]/div[3]/input' in '20' second(s)

2023-11-23 14:29:32 - [MESSAGE][INFO] - Smart Wait Function is triggered

2023-11-23 14:29:32 - [MESSAGE][INFO] - Found 1 web elements with id: 'Object Repository/Connexion Usager/Date Debut Validite/Input_Annee' located by 'By.xpath: /html/body/app-root/div/app-root/main/app-registration/div/div[3]/app-identification/form/div[2]/app-date[1]/fieldset/div[2]/div[3]/input' in '20' second(s)

2023-11-23 14:29:32 - [MESSAGE][INFO] - Checking object

2023-11-23 14:29:32 - [MESSAGE][INFO] - Checking text

2023-11-23 14:29:32 - [MESSAGE][INFO] - Finding web element from Test Object's properties

2023-11-23 14:29:32 - [MESSAGE][INFO] - Checking timeout

2023-11-23 14:29:32 - [MESSAGE][INFO] - Finding web element with id: 'Object Repository/Connexion Usager/Date Debut Validite/Input_Annee' located by 'By.xpath: /html/body/app-root/div/app-root/main/app-registration/div/div[3]/app-identification/form/div[2]/app-date[1]/fieldset/div[2]/div[3]/input' in '5' second(s)

2023-11-23 14:29:32 - [MESSAGE][INFO] - Smart Wait Function is triggered

2023-11-23 14:29:32 - [MESSAGE][INFO] - Found 1 web elements with id: 'Object Repository/Connexion Usager/Date Debut Validite/Input_Annee' located by 'By.xpath: /html/body/app-root/div/app-root/main/app-registration/div/div[3]/app-identification/form/div[2]/app-date[1]/fieldset/div[2]/div[3]/input' in '5' second(s)

2023-11-23 14:29:32 - [MESSAGE][INFO] - Clearing text of object 'Object Repository/Connexion Usager/Date Debut Validite/Input_Annee'

2023-11-23 14:29:34 - [MESSAGE][INFO] - Finding web element from Test Object's properties

2023-11-23 14:29:34 - [MESSAGE][INFO] - Checking timeout

2023-11-23 14:29:34 - [MESSAGE][INFO] - Finding web element with id: 'Object Repository/Connexion Usager/Date Debut Validite/Input_Annee' located by 'By.xpath: /html/body/app-root/div/app-root/main/app-registration/div/div[3]/app-identification/form/div[2]/app-date[1]/fieldset/div[2]/div[3]/input' in '5' second(s)

2023-11-23 14:29:34 - [MESSAGE][INFO] - Smart Wait Function is triggered

2023-11-23 14:29:34 - [MESSAGE][INFO] - Found 1 web elements with id: 'Object Repository/Connexion Usager/Date Debut Validite/Input_Annee' located by 'By.xpath: /html/body/app-root/div/app-root/main/app-registration/div/div[3]/app-identification/form/div[2]/app-date[1]/fieldset/div[2]/div[3]/input' in '5' second(s)

2023-11-23 14:29:34 - [MESSAGE][INFO] - Setting text of object 'Object Repository/Connexion Usager/Date Debut Validite/Input_Annee' to value '2022'

2023-11-23 14:29:36 - [MESSAGE][PASSED] - Text '2022' is set on object 'Object Repository/Connexion Usager/Date Debut Validite/Input_Annee'

2023-11-23 14:29:36 - [TEST_STEP][PASSED] - DateFin = DateFin: null

2023-11-23 14:29:36 - [TEST_STEP][PASSED] - DateFin = tools.MyStringTools.ParsedDateFin(): tools.MyStringTools.ParsedDateFin is PASSED

2023-11-23 14:29:36 - [MESSAGE][PASSED] - tools.MyStringTools.ParsedDateFin is PASSED

2023-11-23 14:29:36 - [TEST_STEP][PASSED] - ParsedDateFin = tools.MyStringTools.ParsedDateFin(): tools.MyStringTools.ParsedDateFin is PASSED

2023-11-23 14:29:36 - [MESSAGE][PASSED] - tools.MyStringTools.ParsedDateFin is PASSED

2023-11-23 14:29:36 - [TEST_STEP][PASSED] - setText(findTestObject("Object Repository/Connexion Usager/Date Fin Validite/Input_Jour"), ParsedDateFin[0]): Text '23' is set on object 'Object Repository/Connexion Usager/Date Fin Validite/Input_Jour'

2023-11-23 14:29:36 - [MESSAGE][INFO] - Finding Test Object 'Object Repository/Connexion Usager/Date Fin Validite/Input_Jour'

2023-11-23 14:29:36 - [MESSAGE][INFO] - Checking timeout

2023-11-23 14:29:36 - [MESSAGE][INFO] - Finding web element with id: 'Object Repository/Connexion Usager/Date Fin Validite/Input_Jour' located by 'By.xpath: /html/body/app-root/div/app-root/main/app-registration/div/div[3]/app-identification/form/div[2]/app-date[2]/fieldset/div[2]/div[1]/input' in '20' second(s)

2023-11-23 14:29:36 - [MESSAGE][INFO] - Smart Wait Function is triggered

2023-11-23 14:29:36 - [MESSAGE][INFO] - Found 1 web elements with id: 'Object Repository/Connexion Usager/Date Fin Validite/Input_Jour' located by 'By.xpath: /html/body/app-root/div/app-root/main/app-registration/div/div[3]/app-identification/form/div[2]/app-date[2]/fieldset/div[2]/div[1]/input' in '20' second(s)

2023-11-23 14:29:36 - [MESSAGE][INFO] - Checking object

2023-11-23 14:29:36 - [MESSAGE][INFO] - Checking text

2023-11-23 14:29:36 - [MESSAGE][INFO] - Finding web element from Test Object's properties

2023-11-23 14:29:36 - [MESSAGE][INFO] - Checking timeout

2023-11-23 14:29:36 - [MESSAGE][INFO] - Finding web element with id: 'Object Repository/Connexion Usager/Date Fin Validite/Input_Jour' located by 'By.xpath: /html/body/app-root/div/app-root/main/app-registration/div/div[3]/app-identification/form/div[2]/app-date[2]/fieldset/div[2]/div[1]/input' in '5' second(s)

2023-11-23 14:29:36 - [MESSAGE][INFO] - Smart Wait Function is triggered

2023-11-23 14:29:36 - [MESSAGE][INFO] - Found 1 web elements with id: 'Object Repository/Connexion Usager/Date Fin Validite/Input_Jour' located by 'By.xpath: /html/body/app-root/div/app-root/main/app-registration/div/div[3]/app-identification/form/div[2]/app-date[2]/fieldset/div[2]/div[1]/input' in '5' second(s)

2023-11-23 14:29:36 - [MESSAGE][INFO] - Clearing text of object 'Object Repository/Connexion Usager/Date Fin Validite/Input_Jour'

2023-11-23 14:29:38 - [MESSAGE][INFO] - Finding web element from Test Object's properties

2023-11-23 14:29:38 - [MESSAGE][INFO] - Checking timeout

2023-11-23 14:29:38 - [MESSAGE][INFO] - Finding web element with id: 'Object Repository/Connexion Usager/Date Fin Validite/Input_Jour' located by 'By.xpath: /html/body/app-root/div/app-root/main/app-registration/div/div[3]/app-identification/form/div[2]/app-date[2]/fieldset/div[2]/div[1]/input' in '5' second(s)

2023-11-23 14:29:38 - [MESSAGE][INFO] - Smart Wait Function is triggered

2023-11-23 14:29:38 - [MESSAGE][INFO] - Found 1 web elements with id: 'Object Repository/Connexion Usager/Date Fin Validite/Input_Jour' located by 'By.xpath: /html/body/app-root/div/app-root/main/app-registration/div/div[3]/app-identification/form/div[2]/app-date[2]/fieldset/div[2]/div[1]/input' in '5' second(s)

2023-11-23 14:29:38 - [MESSAGE][INFO] - Setting text of object 'Object Repository/Connexion Usager/Date Fin Validite/Input_Jour' to value '23'

2023-11-23 14:29:40 - [MESSAGE][PASSED] - Text '23' is set on object 'Object Repository/Connexion Usager/Date Fin Validite/Input_Jour'

2023-11-23 14:29:40 - [TEST_STEP][PASSED] - selectOptionByIndex(findTestObject("Object Repository/Connexion Usager/Date Fin Validite/Select_Mois"), ParsedDateFin[1]): All options with index in [12] are selected on object 'Object Repository/Connexion Usager/Date Fin Validite/Select_Mois'

2023-11-23 14:29:40 - [MESSAGE][INFO] - Finding Test Object 'Object Repository/Connexion Usager/Date Fin Validite/Select_Mois'

2023-11-23 14:29:40 - [MESSAGE][INFO] - Checking timeout

2023-11-23 14:29:40 - [MESSAGE][INFO] - Finding web element with id: 'Object Repository/Connexion Usager/Date Fin Validite/Select_Mois' located by 'By.xpath: /html/body/app-root/div/app-root/main/app-registration/div/div[3]/app-identification/form/div[2]/app-date[2]/fieldset/div[2]/div[2]/select' in '20' second(s)

2023-11-23 14:29:40 - [MESSAGE][INFO] - Smart Wait Function is triggered

2023-11-23 14:29:40 - [MESSAGE][INFO] - Found 1 web elements with id: 'Object Repository/Connexion Usager/Date Fin Validite/Select_Mois' located by 'By.xpath: /html/body/app-root/div/app-root/main/app-registration/div/div[3]/app-identification/form/div[2]/app-date[2]/fieldset/div[2]/div[2]/select' in '20' second(s)

2023-11-23 14:29:40 - [MESSAGE][INFO] - Checking object

2023-11-23 14:29:40 - [MESSAGE][INFO] - Checking index range

2023-11-23 14:29:40 - [MESSAGE][INFO] - Converting range parameter '12' to index array

2023-11-23 14:29:40 - [MESSAGE][INFO] - Range parameter '12' is converted to index array [12]

2023-11-23 14:29:40 - [MESSAGE][INFO] - Finding web element from Test Object's properties

2023-11-23 14:29:40 - [MESSAGE][INFO] - Checking timeout

2023-11-23 14:29:40 - [MESSAGE][INFO] - Finding web element with id: 'Object Repository/Connexion Usager/Date Fin Validite/Select_Mois' located by 'By.xpath: /html/body/app-root/div/app-root/main/app-registration/div/div[3]/app-identification/form/div[2]/app-date[2]/fieldset/div[2]/div[2]/select' in '5' second(s)

2023-11-23 14:29:40 - [MESSAGE][INFO] - Smart Wait Function is triggered

2023-11-23 14:29:40 - [MESSAGE][INFO] - Found 1 web elements with id: 'Object Repository/Connexion Usager/Date Fin Validite/Select_Mois' located by 'By.xpath: /html/body/app-root/div/app-root/main/app-registration/div/div[3]/app-identification/form/div[2]/app-date[2]/fieldset/div[2]/div[2]/select' in '5' second(s)

2023-11-23 14:29:40 - [MESSAGE][INFO] - Checking index parameters

2023-11-23 14:29:40 - [MESSAGE][INFO] - Smart Wait Function is triggered

2023-11-23 14:29:40 - [MESSAGE][INFO] - Selecting options on object 'Object Repository/Connexion Usager/Date Fin Validite/Select_Mois' with index in [12]

2023-11-23 14:29:40 - [MESSAGE][INFO] - Smart Wait Function is triggered

2023-11-23 14:29:43 - [MESSAGE][INFO] - Option with index 12 is selected

2023-11-23 14:29:43 - [MESSAGE][PASSED] - All options with index in [12] are selected on object 'Object Repository/Connexion Usager/Date Fin Validite/Select_Mois'

2023-11-23 14:29:43 - [TEST_STEP][PASSED] - setText(findTestObject("Object Repository/Connexion Usager/Date Fin Validite/Input_Annee"), ParsedDateFin[2]): Text '2023' is set on object 'Object Repository/Connexion Usager/Date Fin Validite/Input_Annee'

2023-11-23 14:29:43 - [MESSAGE][INFO] - Finding Test Object 'Object Repository/Connexion Usager/Date Fin Validite/Input_Annee'

2023-11-23 14:29:43 - [MESSAGE][INFO] - Checking timeout

2023-11-23 14:29:43 - [MESSAGE][INFO] - Finding web element with id: 'Object Repository/Connexion Usager/Date Fin Validite/Input_Annee' located by 'By.xpath: /html/body/app-root/div/app-root/main/app-registration/div/div[3]/app-identification/form/div[2]/app-date[2]/fieldset/div[2]/div[3]/input' in '20' second(s)

2023-11-23 14:29:43 - [MESSAGE][INFO] - Smart Wait Function is triggered

2023-11-23 14:29:43 - [MESSAGE][INFO] - Found 1 web elements with id: 'Object Repository/Connexion Usager/Date Fin Validite/Input_Annee' located by 'By.xpath: /html/body/app-root/div/app-root/main/app-registration/div/div[3]/app-identification/form/div[2]/app-date[2]/fieldset/div[2]/div[3]/input' in '20' second(s)

2023-11-23 14:29:43 - [MESSAGE][INFO] - Checking object

2023-11-23 14:29:43 - [MESSAGE][INFO] - Checking text

2023-11-23 14:29:43 - [MESSAGE][INFO] - Finding web element from Test Object's properties

2023-11-23 14:29:43 - [MESSAGE][INFO] - Checking timeout

2023-11-23 14:29:43 - [MESSAGE][INFO] - Finding web element with id: 'Object Repository/Connexion Usager/Date Fin Validite/Input_Annee' located by 'By.xpath: /html/body/app-root/div/app-root/main/app-registration/div/div[3]/app-identification/form/div[2]/app-date[2]/fieldset/div[2]/div[3]/input' in '5' second(s)

2023-11-23 14:29:43 - [MESSAGE][INFO] - Smart Wait Function is triggered

2023-11-23 14:29:43 - [MESSAGE][INFO] - Found 1 web elements with id: 'Object Repository/Connexion Usager/Date Fin Validite/Input_Annee' located by 'By.xpath: /html/body/app-root/div/app-root/main/app-registration/div/div[3]/app-identification/form/div[2]/app-date[2]/fieldset/div[2]/div[3]/input' in '5' second(s)

2023-11-23 14:29:43 - [MESSAGE][INFO] - Clearing text of object 'Object Repository/Connexion Usager/Date Fin Validite/Input_Annee'

2023-11-23 14:29:45 - [MESSAGE][INFO] - Finding web element from Test Object's properties

2023-11-23 14:29:45 - [MESSAGE][INFO] - Checking timeout

2023-11-23 14:29:45 - [MESSAGE][INFO] - Finding web element with id: 'Object Repository/Connexion Usager/Date Fin Validite/Input_Annee' located by 'By.xpath: /html/body/app-root/div/app-root/main/app-registration/div/div[3]/app-identification/form/div[2]/app-date[2]/fieldset/div[2]/div[3]/input' in '5' second(s)

2023-11-23 14:29:45 - [MESSAGE][INFO] - Smart Wait Function is triggered

2023-11-23 14:29:45 - [MESSAGE][INFO] - Found 1 web elements with id: 'Object Repository/Connexion Usager/Date Fin Validite/Input_Annee' located by 'By.xpath: /html/body/app-root/div/app-root/main/app-registration/div/div[3]/app-identification/form/div[2]/app-date[2]/fieldset/div[2]/div[3]/input' in '5' second(s)

2023-11-23 14:29:45 - [MESSAGE][INFO] - Setting text of object 'Object Repository/Connexion Usager/Date Fin Validite/Input_Annee' to value '2023'

2023-11-23 14:29:47 - [MESSAGE][PASSED] - Text '2023' is set on object 'Object Repository/Connexion Usager/Date Fin Validite/Input_Annee'

2023-11-23 14:29:47 - [TEST_STEP][PASSED] - click(findTestObject("Object Repository/Connexion Usager/Btn_Creer Un Compte")): Object: 'Object Repository/Connexion Usager/Btn_Creer Un Compte' is clicked on

2023-11-23 14:29:47 - [MESSAGE][INFO] - Finding Test Object 'Object Repository/Connexion Usager/Btn_Creer Un Compte'

2023-11-23 14:29:47 - [MESSAGE][INFO] - Checking timeout

2023-11-23 14:29:47 - [MESSAGE][INFO] - Finding web element with id: 'Object Repository/Connexion Usager/Btn_Creer Un Compte' located by 'By.xpath: /html/body/app-root/div/app-root/main/app-registration/div/div[3]/app-identification/form/p-button/button' in '20' second(s)

2023-11-23 14:29:47 - [MESSAGE][INFO] - Smart Wait Function is triggered

2023-11-23 14:29:47 - [MESSAGE][INFO] - Found 1 web elements with id: 'Object Repository/Connexion Usager/Btn_Creer Un Compte' located by 'By.xpath: /html/body/app-root/div/app-root/main/app-registration/div/div[3]/app-identification/form/p-button/button' in '20' second(s)

2023-11-23 14:29:47 - [MESSAGE][INFO] - Checking object

2023-11-23 14:29:47 - [MESSAGE][INFO] - Checking timeout

2023-11-23 14:29:47 - [MESSAGE][INFO] - Finding web element from Test Object's properties

2023-11-23 14:29:47 - [MESSAGE][INFO] - Checking timeout

2023-11-23 14:29:47 - [MESSAGE][INFO] - Finding web element with id: 'Object Repository/Connexion Usager/Btn_Creer Un Compte' located by 'By.xpath: /html/body/app-root/div/app-root/main/app-registration/div/div[3]/app-identification/form/p-button/button' in '5' second(s)

2023-11-23 14:29:47 - [MESSAGE][INFO] - Smart Wait Function is triggered

2023-11-23 14:29:47 - [MESSAGE][INFO] - Found 1 web elements with id: 'Object Repository/Connexion Usager/Btn_Creer Un Compte' located by 'By.xpath: /html/body/app-root/div/app-root/main/app-registration/div/div[3]/app-identification/form/p-button/button' in '5' second(s)

2023-11-23 14:29:47 - [MESSAGE][INFO] - Clicking on object: 'Object Repository/Connexion Usager/Btn_Creer Un Compte'

2023-11-23 14:29:49 - [MESSAGE][PASSED] - Object: 'Object Repository/Connexion Usager/Btn_Creer Un Compte' is clicked on

2023-11-23 14:29:49 - [TEST_STEP][PASSED] - "VÃ©rification si Certaines informations que vous avez saisies sont incorrectes. Veuillez vÃ©rifier votre saisie. pb serveur AGERDF": null

2023-11-23 14:29:49 - [TEST_STEP][PASSED] - callTestCase(findTestCase("Test Cases/Test Reutilisable/Main/VerificationCertainesInformationsSontIncorrectes"), [:], OPTIONAL): Call Test Case 'Test Cases/Test Reutilisable/Main/VerificationCertainesInformationsSontIncorrectes' successfully

2023-11-23 14:29:49 - [MESSAGE][INFO] - Checking called Test Case

2023-11-23 14:29:49 - [MESSAGE][INFO] - Starting to call Test Case 'Test Cases/Test Reutilisable/Main/VerificationCertainesInformationsSontIncorrectes'

2023-11-23 14:29:49 - [TEST_CASE][PASSED] - Test Cases/Test Reutilisable/Main/VerificationCertainesInformationsSontIncorrectes: Test Cases/Test Reutilisable/Main/VerificationCertainesInformationsSontIncorrectes

2023-11-23 14:29:51 - [TEST_STEP][PASSED] - "VÃ©rification si Certaines informations que vous avez saisies sont incorrectes. Veuillez vÃ©rifier votre saisie. pb serveur AGERDF": null

2023-11-23 14:29:51 - [TEST_STEP][PASSED] - delay(3): Delayed 3 second(s)

2023-11-23 14:29:51 - [MESSAGE][INFO] - Delaying browser in 3 second(s)

2023-11-23 14:29:54 - [MESSAGE][PASSED] - Delayed 3 second(s)

2023-11-23 14:29:54 - [TEST_STEP][PASSED] - StopTestCase = false: null

2023-11-23 14:29:54 - [TEST_STEP][PASSED] - MsgAlertPresent = verifyElementVisible(findTestObject("Object Repository/Connexion Usager/lbl_CertainesInformationsSaisiesSontIncorrectes"), OPTIONAL): Web element with id: 'Object Repository/Connexion Usager/lbl_CertainesInformationsSaisiesSontIncorrectes' located by '//p' not found (Root cause: com.kms.katalon.core.exception.StepFailedException: Web element with id: 'Object Repository/Connexion Usager/lbl_CertainesInformationsSaisiesSontIncorrectes' located by '//p' not found
	at com.kms.katalon.core.webui.keyword.internal.WebUIKeywordMain.stepFailed(WebUIKeywordMain.groovy:64)
	at com.kms.katalon.core.webui.keyword.builtin.VerifyElementVisibleKeyword$_verifyElementVisible_closure1.doCall(VerifyElementVisibleKeyword.groovy:89)
	at com.kms.katalon.core.webui.keyword.builtin.VerifyElementVisibleKeyword$_verifyElementVisible_closure1.call(VerifyElementVisibleKeyword.groovy)
	at com.kms.katalon.core.webui.keyword.internal.WebUIKeywordMain.runKeyword(WebUIKeywordMain.groovy:20)
	at com.kms.katalon.core.webui.keyword.builtin.VerifyElementVisibleKeyword.verifyElementVisible(VerifyElementVisibleKeyword.groovy:97)
	at com.kms.katalon.core.webui.keyword.builtin.VerifyElementVisibleKeyword.execute(VerifyElementVisibleKeyword.groovy:67)
	at com.kms.katalon.core.keyword.internal.KeywordExecutor.executeKeywordForPlatform(KeywordExecutor.groovy:74)
	at com.kms.katalon.core.webui.keyword.WebUiBuiltInKeywords.verifyElementVisible(WebUiBuiltInKeywords.groovy:362)
	at com.kazurayam.ksbackyard.HighlightElement$_pandemic_closure1.doCall(HighlightElement.groovy:105)
	at VerificationCertainesInformationsSontIncorrectes.run(VerificationCertainesInformationsSontIncorrectes:85)
	at com.kms.katalon.core.main.ScriptEngine.run(ScriptEngine.java:194)
	at com.kms.katalon.core.main.ScriptEngine.runScriptAsRawText(ScriptEngine.java:119)
	at com.kms.katalon.core.main.TestCaseExecutor.runScript(TestCaseExecutor.java:448)
	at com.kms.katalon.core.main.TestCaseExecutor.doExecute(TestCaseExecutor.java:439)
	at com.kms.katalon.core.main.TestCaseExecutor.processExecutionPhase(TestCaseExecutor.java:418)
	at com.kms.katalon.core.main.TestCaseExecutor.accessMainPhase(TestCaseExecutor.java:410)
	at com.kms.katalon.core.main.TestCaseExecutor.execute(TestCaseExecutor.java:285)
	at com.kms.katalon.core.main.TestCaseMain.runTestCase(TestCaseMain.java:144)
	at com.kms.katalon.core.keyword.builtin.CallTestCaseKeyword$_callTestCase_closure1.doCall(CallTestCaseKeyword.groovy:59)
	at com.kms.katalon.core.keyword.builtin.CallTestCaseKeyword$_callTestCase_closure1.call(CallTestCaseKeyword.groovy)
	at com.kms.katalon.core.keyword.internal.KeywordMain.runKeyword(KeywordMain.groovy:75)
	at com.kms.katalon.core.keyword.builtin.CallTestCaseKeyword.callTestCase(CallTestCaseKeyword.groovy:81)
	at com.kms.katalon.core.keyword.builtin.CallTestCaseKeyword.execute(CallTestCaseKeyword.groovy:44)
	at com.kms.katalon.core.keyword.internal.KeywordExecutor.executeKeywordForPlatform(KeywordExecutor.groovy:74)
	at com.kms.katalon.core.keyword.BuiltinKeywords.callTestCase(BuiltinKeywords.groovy:310)
	at com.kazurayam.ksbackyard.HighlightElement$_pandemic_closure1.doCall(HighlightElement.groovy:105)
	at Creer Votre Compte.run(Creer Votre Compte:109)
	at com.kms.katalon.core.main.ScriptEngine.run(ScriptEngine.java:194)
	at com.kms.katalon.core.main.ScriptEngine.runScriptAsRawText(ScriptEngine.java:119)
	at com.kms.katalon.core.main.TestCaseExecutor.runScript(TestCaseExecutor.java:448)
	at com.kms.katalon.core.main.TestCaseExecutor.doExecute(TestCaseExecutor.java:439)
	at com.kms.katalon.core.main.TestCaseExecutor.processExecutionPhase(TestCaseExecutor.java:418)
	at com.kms.katalon.core.main.TestCaseExecutor.accessMainPhase(TestCaseExecutor.java:410)
	at com.kms.katalon.core.main.TestCaseExecutor.execute(TestCaseExecutor.java:285)
	at com.kms.katalon.core.main.TestCaseMain.runTestCase(TestCaseMain.java:144)
	at com.kms.katalon.core.keyword.builtin.CallTestCaseKeyword$_callTestCase_closure1.doCall(CallTestCaseKeyword.groovy:59)
	at com.kms.katalon.core.keyword.builtin.CallTestCaseKeyword$_callTestCase_closure1.call(CallTestCaseKeyword.groovy)
	at com.kms.katalon.core.keyword.internal.KeywordMain.runKeyword(KeywordMain.groovy:75)
	at com.kms.katalon.core.keyword.builtin.CallTestCaseKeyword.callTestCase(CallTestCaseKeyword.groovy:81)
	at com.kms.katalon.core.keyword.builtin.CallTestCaseKeyword.execute(CallTestCaseKeyword.groovy:44)
	at com.kms.katalon.core.keyword.internal.KeywordExecutor.executeKeywordForPlatform(KeywordExecutor.groovy:74)
	at com.kms.katalon.core.keyword.BuiltinKeywords.callTestCase(BuiltinKeywords.groovy:310)
	at com.kazurayam.ksbackyard.HighlightElement$_pandemic_closure1.doCall(HighlightElement.groovy:105)
	at TNR R.TSPT Supp90-Etudiant.run(TNR R.TSPT Supp90-Etudiant:30)
	at com.kms.katalon.core.main.ScriptEngine.run(ScriptEngine.java:194)
	at com.kms.katalon.core.main.ScriptEngine.runScriptAsRawText(ScriptEngine.java:119)
	at com.kms.katalon.core.main.TestCaseExecutor.runScript(TestCaseExecutor.java:448)
	at com.kms.katalon.core.main.TestCaseExecutor.doExecute(TestCaseExecutor.java:439)
	at com.kms.katalon.core.main.TestCaseExecutor.processExecutionPhase(TestCaseExecutor.java:418)
	at com.kms.katalon.core.main.TestCaseExecutor.accessMainPhase(TestCaseExecutor.java:410)
	at com.kms.katalon.core.main.TestCaseExecutor.execute(TestCaseExecutor.java:285)
	at com.kms.katalon.core.common.CommonExecutor.accessTestCaseMainPhase(CommonExecutor.java:65)
	at com.kms.katalon.core.main.TestSuiteExecutor.accessTestSuiteMainPhase(TestSuiteExecutor.java:148)
	at com.kms.katalon.core.main.TestSuiteExecutor.execute(TestSuiteExecutor.java:106)
	at com.kms.katalon.core.main.TestCaseMain.startTestSuite(TestCaseMain.java:187)
	at com.kms.katalon.core.main.TestCaseMain$startTestSuite$0.call(Unknown Source)
	at TempTestSuite1700746096123.run(TempTestSuite1700746096123.groovy:36)
)

2023-11-23 14:29:54 - [MESSAGE][INFO] - Finding Test Object 'Object Repository/Connexion Usager/lbl_CertainesInformationsSaisiesSontIncorrectes'

2023-11-23 14:29:54 - [MESSAGE][INFO] - Checking object

2023-11-23 14:29:54 - [MESSAGE][INFO] - Finding web element from Test Object's properties

2023-11-23 14:29:54 - [MESSAGE][INFO] - Checking timeout

2023-11-23 14:29:54 - [MESSAGE][INFO] - Finding web element with id: 'Object Repository/Connexion Usager/lbl_CertainesInformationsSaisiesSontIncorrectes' located by 'By.xpath: //p' in '5' second(s)

2023-11-23 14:29:54 - [MESSAGE][INFO] - Smart Wait Function is triggered

2023-11-23 14:29:54 - [MESSAGE][INFO] - Smart Wait Function is triggered

2023-11-23 14:29:54 - [MESSAGE][INFO] - Smart Wait Function is triggered

2023-11-23 14:29:54 - [MESSAGE][INFO] - Smart Wait Function is triggered

2023-11-23 14:29:54 - [MESSAGE][INFO] - Smart Wait Function is triggered

2023-11-23 14:29:54 - [MESSAGE][INFO] - Smart Wait Function is triggered

2023-11-23 14:29:54 - [MESSAGE][INFO] - Smart Wait Function is triggered

2023-11-23 14:29:54 - [MESSAGE][INFO] - Smart Wait Function is triggered

2023-11-23 14:29:54 - [MESSAGE][INFO] - Smart Wait Function is triggered

2023-11-23 14:29:54 - [MESSAGE][INFO] - Smart Wait Function is triggered

2023-11-23 14:29:54 - [MESSAGE][INFO] - Smart Wait Function is triggered

2023-11-23 14:29:54 - [MESSAGE][INFO] - Smart Wait Function is triggered

2023-11-23 14:29:54 - [MESSAGE][INFO] - Smart Wait Function is triggered

2023-11-23 14:29:54 - [MESSAGE][INFO] - Smart Wait Function is triggered

2023-11-23 14:29:54 - [MESSAGE][INFO] - Smart Wait Function is triggered

2023-11-23 14:29:54 - [MESSAGE][INFO] - Smart Wait Function is triggered

2023-11-23 14:29:54 - [MESSAGE][INFO] - Smart Wait Function is triggered

2023-11-23 14:29:54 - [MESSAGE][INFO] - Smart Wait Function is triggered

2023-11-23 14:29:54 - [MESSAGE][INFO] - Smart Wait Function is triggered

2023-11-23 14:29:54 - [MESSAGE][INFO] - Smart Wait Function is triggered

2023-11-23 14:29:54 - [MESSAGE][INFO] - Smart Wait Function is triggered

2023-11-23 14:29:54 - [MESSAGE][INFO] - Smart Wait Function is triggered

2023-11-23 14:29:54 - [MESSAGE][INFO] - Smart Wait Function is triggered

2023-11-23 14:29:54 - [MESSAGE][INFO] - Smart Wait Function is triggered

2023-11-23 14:29:54 - [MESSAGE][INFO] - Smart Wait Function is triggered

2023-11-23 14:29:54 - [MESSAGE][INFO] - Smart Wait Function is triggered

2023-11-23 14:29:54 - [MESSAGE][INFO] - Smart Wait Function is triggered

2023-11-23 14:29:54 - [MESSAGE][INFO] - Smart Wait Function is triggered

2023-11-23 14:29:55 - [MESSAGE][INFO] - Smart Wait Function is triggered

2023-11-23 14:29:55 - [MESSAGE][INFO] - Smart Wait Function is triggered

2023-11-23 14:29:55 - [MESSAGE][INFO] - Smart Wait Function is triggered

2023-11-23 14:29:55 - [MESSAGE][INFO] - Smart Wait Function is triggered

2023-11-23 14:29:55 - [MESSAGE][INFO] - Smart Wait Function is triggered

2023-11-23 14:29:55 - [MESSAGE][INFO] - Smart Wait Function is triggered

2023-11-23 14:29:55 - [MESSAGE][INFO] - Smart Wait Function is triggered

2023-11-23 14:29:55 - [MESSAGE][INFO] - Smart Wait Function is triggered

2023-11-23 14:29:55 - [MESSAGE][INFO] - Smart Wait Function is triggered

2023-11-23 14:29:55 - [MESSAGE][INFO] - Smart Wait Function is triggered

2023-11-23 14:29:55 - [MESSAGE][INFO] - Smart Wait Function is triggered

2023-11-23 14:29:55 - [MESSAGE][INFO] - Smart Wait Function is triggered

2023-11-23 14:29:55 - [MESSAGE][INFO] - Smart Wait Function is triggered

2023-11-23 14:29:55 - [MESSAGE][INFO] - Smart Wait Function is triggered

2023-11-23 14:29:55 - [MESSAGE][INFO] - Smart Wait Function is triggered

2023-11-23 14:29:55 - [MESSAGE][INFO] - Smart Wait Function is triggered

2023-11-23 14:29:55 - [MESSAGE][INFO] - Smart Wait Function is triggered

2023-11-23 14:29:55 - [MESSAGE][INFO] - Smart Wait Function is triggered

2023-11-23 14:29:55 - [MESSAGE][INFO] - Smart Wait Function is triggered

2023-11-23 14:29:55 - [MESSAGE][INFO] - Smart Wait Function is triggered

2023-11-23 14:29:55 - [MESSAGE][INFO] - Smart Wait Function is triggered

2023-11-23 14:29:55 - [MESSAGE][INFO] - Smart Wait Function is triggered

2023-11-23 14:29:55 - [MESSAGE][INFO] - Smart Wait Function is triggered

2023-11-23 14:29:55 - [MESSAGE][INFO] - Smart Wait Function is triggered

2023-11-23 14:29:55 - [MESSAGE][INFO] - Smart Wait Function is triggered

2023-11-23 14:29:55 - [MESSAGE][INFO] - Smart Wait Function is triggered

2023-11-23 14:29:55 - [MESSAGE][INFO] - Smart Wait Function is triggered

2023-11-23 14:29:55 - [MESSAGE][INFO] - Smart Wait Function is triggered

2023-11-23 14:29:55 - [MESSAGE][INFO] - Smart Wait Function is triggered

2023-11-23 14:29:55 - [MESSAGE][INFO] - Smart Wait Function is triggered

2023-11-23 14:29:55 - [MESSAGE][INFO] - Smart Wait Function is triggered

2023-11-23 14:29:56 - [MESSAGE][INFO] - Smart Wait Function is triggered

2023-11-23 14:29:56 - [MESSAGE][INFO] - Smart Wait Function is triggered

2023-11-23 14:29:56 - [MESSAGE][INFO] - Smart Wait Function is triggered

2023-11-23 14:29:56 - [MESSAGE][INFO] - Smart Wait Function is triggered

2023-11-23 14:29:56 - [MESSAGE][INFO] - Smart Wait Function is triggered

2023-11-23 14:29:56 - [MESSAGE][INFO] - Smart Wait Function is triggered

2023-11-23 14:29:56 - [MESSAGE][INFO] - Smart Wait Function is triggered

2023-11-23 14:29:56 - [MESSAGE][INFO] - Smart Wait Function is triggered

2023-11-23 14:29:56 - [MESSAGE][INFO] - Smart Wait Function is triggered

2023-11-23 14:29:56 - [MESSAGE][INFO] - Smart Wait Function is triggered

2023-11-23 14:29:56 - [MESSAGE][INFO] - Smart Wait Function is triggered

2023-11-23 14:29:56 - [MESSAGE][INFO] - Smart Wait Function is triggered

2023-11-23 14:29:56 - [MESSAGE][INFO] - Smart Wait Function is triggered

2023-11-23 14:29:56 - [MESSAGE][INFO] - Smart Wait Function is triggered

2023-11-23 14:29:56 - [MESSAGE][INFO] - Smart Wait Function is triggered

2023-11-23 14:29:56 - [MESSAGE][INFO] - Smart Wait Function is triggered

2023-11-23 14:29:56 - [MESSAGE][INFO] - Smart Wait Function is triggered

2023-11-23 14:29:56 - [MESSAGE][INFO] - Smart Wait Function is triggered

2023-11-23 14:29:56 - [MESSAGE][INFO] - Smart Wait Function is triggered

2023-11-23 14:29:56 - [MESSAGE][INFO] - Smart Wait Function is triggered

2023-11-23 14:29:56 - [MESSAGE][INFO] - Smart Wait Function is triggered

2023-11-23 14:29:56 - [MESSAGE][INFO] - Smart Wait Function is triggered

2023-11-23 14:29:56 - [MESSAGE][INFO] - Smart Wait Function is triggered

2023-11-23 14:29:56 - [MESSAGE][INFO] - Smart Wait Function is triggered

2023-11-23 14:29:56 - [MESSAGE][INFO] - Smart Wait Function is triggered

2023-11-23 14:29:56 - [MESSAGE][INFO] - Smart Wait Function is triggered

2023-11-23 14:29:56 - [MESSAGE][INFO] - Smart Wait Function is triggered

2023-11-23 14:29:56 - [MESSAGE][INFO] - Smart Wait Function is triggered

2023-11-23 14:29:56 - [MESSAGE][INFO] - Smart Wait Function is triggered

2023-11-23 14:29:56 - [MESSAGE][INFO] - Smart Wait Function is triggered

2023-11-23 14:29:56 - [MESSAGE][INFO] - Smart Wait Function is triggered

2023-11-23 14:29:57 - [MESSAGE][INFO] - Smart Wait Function is triggered

2023-11-23 14:29:57 - [MESSAGE][INFO] - Smart Wait Function is triggered

2023-11-23 14:29:57 - [MESSAGE][INFO] - Smart Wait Function is triggered

2023-11-23 14:29:57 - [MESSAGE][INFO] - Smart Wait Function is triggered

2023-11-23 14:29:57 - [MESSAGE][INFO] - Smart Wait Function is triggered

2023-11-23 14:29:57 - [MESSAGE][INFO] - Smart Wait Function is triggered

2023-11-23 14:29:57 - [MESSAGE][INFO] - Smart Wait Function is triggered

2023-11-23 14:29:57 - [MESSAGE][INFO] - Smart Wait Function is triggered

2023-11-23 14:29:57 - [MESSAGE][INFO] - Smart Wait Function is triggered

2023-11-23 14:29:57 - [MESSAGE][INFO] - Smart Wait Function is triggered

2023-11-23 14:29:57 - [MESSAGE][INFO] - Smart Wait Function is triggered

2023-11-23 14:29:57 - [MESSAGE][INFO] - Smart Wait Function is triggered

2023-11-23 14:29:57 - [MESSAGE][INFO] - Smart Wait Function is triggered

2023-11-23 14:29:57 - [MESSAGE][INFO] - Smart Wait Function is triggered

2023-11-23 14:29:57 - [MESSAGE][INFO] - Smart Wait Function is triggered

2023-11-23 14:29:57 - [MESSAGE][INFO] - Smart Wait Function is triggered

2023-11-23 14:29:57 - [MESSAGE][INFO] - Smart Wait Function is triggered

2023-11-23 14:29:57 - [MESSAGE][INFO] - Smart Wait Function is triggered

2023-11-23 14:29:57 - [MESSAGE][INFO] - Smart Wait Function is triggered

2023-11-23 14:29:57 - [MESSAGE][INFO] - Smart Wait Function is triggered

2023-11-23 14:29:57 - [MESSAGE][INFO] - Smart Wait Function is triggered

2023-11-23 14:29:57 - [MESSAGE][INFO] - Smart Wait Function is triggered

2023-11-23 14:29:57 - [MESSAGE][INFO] - Smart Wait Function is triggered

2023-11-23 14:29:57 - [MESSAGE][INFO] - Smart Wait Function is triggered

2023-11-23 14:29:57 - [MESSAGE][INFO] - Smart Wait Function is triggered

2023-11-23 14:29:57 - [MESSAGE][INFO] - Smart Wait Function is triggered

2023-11-23 14:29:57 - [MESSAGE][INFO] - Smart Wait Function is triggered

2023-11-23 14:29:57 - [MESSAGE][INFO] - Smart Wait Function is triggered

2023-11-23 14:29:57 - [MESSAGE][INFO] - Smart Wait Function is triggered

2023-11-23 14:29:57 - [MESSAGE][INFO] - Smart Wait Function is triggered

2023-11-23 14:29:57 - [MESSAGE][INFO] - Smart Wait Function is triggered

2023-11-23 14:29:58 - [MESSAGE][INFO] - Smart Wait Function is triggered

2023-11-23 14:29:58 - [MESSAGE][INFO] - Smart Wait Function is triggered

2023-11-23 14:29:58 - [MESSAGE][INFO] - Smart Wait Function is triggered

2023-11-23 14:29:58 - [MESSAGE][INFO] - Smart Wait Function is triggered

2023-11-23 14:29:58 - [MESSAGE][INFO] - Smart Wait Function is triggered

2023-11-23 14:29:58 - [MESSAGE][INFO] - Smart Wait Function is triggered

2023-11-23 14:29:58 - [MESSAGE][INFO] - Smart Wait Function is triggered

2023-11-23 14:29:58 - [MESSAGE][INFO] - Smart Wait Function is triggered

2023-11-23 14:29:58 - [MESSAGE][INFO] - Smart Wait Function is triggered

2023-11-23 14:29:58 - [MESSAGE][INFO] - Smart Wait Function is triggered

2023-11-23 14:29:58 - [MESSAGE][INFO] - Smart Wait Function is triggered

2023-11-23 14:29:58 - [MESSAGE][INFO] - Smart Wait Function is triggered

2023-11-23 14:29:58 - [MESSAGE][INFO] - Smart Wait Function is triggered

2023-11-23 14:29:58 - [MESSAGE][INFO] - Smart Wait Function is triggered

2023-11-23 14:29:58 - [MESSAGE][INFO] - Smart Wait Function is triggered

2023-11-23 14:29:58 - [MESSAGE][INFO] - Smart Wait Function is triggered

2023-11-23 14:29:58 - [MESSAGE][INFO] - Smart Wait Function is triggered

2023-11-23 14:29:58 - [MESSAGE][INFO] - Smart Wait Function is triggered

2023-11-23 14:29:58 - [MESSAGE][INFO] - Smart Wait Function is triggered

2023-11-23 14:29:58 - [MESSAGE][INFO] - Smart Wait Function is triggered

2023-11-23 14:29:58 - [MESSAGE][INFO] - Smart Wait Function is triggered

2023-11-23 14:29:58 - [MESSAGE][INFO] - Smart Wait Function is triggered

2023-11-23 14:29:58 - [MESSAGE][INFO] - Smart Wait Function is triggered

2023-11-23 14:29:58 - [MESSAGE][INFO] - Smart Wait Function is triggered

2023-11-23 14:29:58 - [MESSAGE][INFO] - Smart Wait Function is triggered

2023-11-23 14:29:58 - [MESSAGE][INFO] - Smart Wait Function is triggered

2023-11-23 14:29:58 - [MESSAGE][INFO] - Smart Wait Function is triggered

2023-11-23 14:29:58 - [MESSAGE][INFO] - Smart Wait Function is triggered

2023-11-23 14:29:58 - [MESSAGE][INFO] - Smart Wait Function is triggered

2023-11-23 14:29:58 - [MESSAGE][INFO] - Smart Wait Function is triggered

2023-11-23 14:29:58 - [MESSAGE][INFO] - Smart Wait Function is triggered

2023-11-23 14:29:58 - [MESSAGE][INFO] - Smart Wait Function is triggered

2023-11-23 14:29:59 - [MESSAGE][INFO] - Smart Wait Function is triggered

2023-11-23 14:29:59 - [MESSAGE][INFO] - Smart Wait Function is triggered

2023-11-23 14:29:59 - [MESSAGE][INFO] - Smart Wait Function is triggered

2023-11-23 14:29:59 - [MESSAGE][INFO] - Smart Wait Function is triggered

2023-11-23 14:29:59 - [MESSAGE][INFO] - Smart Wait Function is triggered

2023-11-23 14:29:59 - [MESSAGE][INFO] - Smart Wait Function is triggered

2023-11-23 14:29:59 - [MESSAGE][INFO] - Smart Wait Function is triggered

2023-11-23 14:29:59 - [MESSAGE][INFO] - Smart Wait Function is triggered

2023-11-23 14:29:59 - [MESSAGE][INFO] - Smart Wait Function is triggered

2023-11-23 14:29:59 - [MESSAGE][INFO] - Smart Wait Function is triggered

2023-11-23 14:29:59 - [MESSAGE][INFO] - Smart Wait Function is triggered

2023-11-23 14:29:59 - [MESSAGE][INFO] - Smart Wait Function is triggered

2023-11-23 14:29:59 - [MESSAGE][INFO] - Smart Wait Function is triggered

2023-11-23 14:29:59 - [MESSAGE][INFO] - Smart Wait Function is triggered

2023-11-23 14:29:59 - [MESSAGE][INFO] - Smart Wait Function is triggered

2023-11-23 14:29:59 - [MESSAGE][INFO] - Smart Wait Function is triggered

2023-11-23 14:29:59 - [MESSAGE][INFO] - Smart Wait Function is triggered

2023-11-23 14:29:59 - [MESSAGE][INFO] - Smart Wait Function is triggered

2023-11-23 14:29:59 - [MESSAGE][INFO] - Smart Wait Function is triggered

2023-11-23 14:29:59 - [MESSAGE][INFO] - Smart Wait Function is triggered

2023-11-23 14:29:59 - [MESSAGE][INFO] - Smart Wait Function is triggered

2023-11-23 14:29:59 - [MESSAGE][INFO] - Smart Wait Function is triggered

2023-11-23 14:29:59 - [MESSAGE][INFO] - Smart Wait Function is triggered

2023-11-23 14:29:59 - [MESSAGE][INFO] - Smart Wait Function is triggered

2023-11-23 14:29:59 - [MESSAGE][INFO] - Smart Wait Function is triggered

2023-11-23 14:29:59 - [MESSAGE][INFO] - Smart Wait Function is triggered

2023-11-23 14:29:59 - [MESSAGE][INFO] - Smart Wait Function is triggered

2023-11-23 14:29:59 - [MESSAGE][INFO] - Smart Wait Function is triggered

2023-11-23 14:29:59 - [MESSAGE][INFO] - Smart Wait Function is triggered

2023-11-23 14:29:59 - [MESSAGE][INFO] - Smart Wait Function is triggered

2023-11-23 14:29:59 - [MESSAGE][INFO] - Smart Wait Function is triggered

2023-11-23 14:29:59 - [MESSAGE][INFO] - Smart Wait Function is triggered

2023-11-23 14:30:00 - [MESSAGE][INFO] - Smart Wait Function is triggered

2023-11-23 14:30:00 - [MESSAGE][INFO] - Smart Wait Function is triggered

2023-11-23 14:30:00 - [MESSAGE][INFO] - Smart Wait Function is triggered

2023-11-23 14:30:00 - [MESSAGE][INFO] - Smart Wait Function is triggered

2023-11-23 14:30:00 - [MESSAGE][INFO] - Unable to find the element located by 'By.xpath: //p'. Please recheck the objects properties to make sure the desired element is located. 

2023-11-23 14:30:00 - [MESSAGE][WARNING] - Web element with id: 'Object Repository/Connexion Usager/lbl_CertainesInformationsSaisiesSontIncorrectes' located by '//p' not found (Root cause: com.kms.katalon.core.exception.StepFailedException: Web element with id: 'Object Repository/Connexion Usager/lbl_CertainesInformationsSaisiesSontIncorrectes' located by '//p' not found
	at com.kms.katalon.core.webui.keyword.internal.WebUIKeywordMain.stepFailed(WebUIKeywordMain.groovy:64)
	at com.kms.katalon.core.webui.keyword.builtin.VerifyElementVisibleKeyword$_verifyElementVisible_closure1.doCall(VerifyElementVisibleKeyword.groovy:89)
	at com.kms.katalon.core.webui.keyword.builtin.VerifyElementVisibleKeyword$_verifyElementVisible_closure1.call(VerifyElementVisibleKeyword.groovy)
	at com.kms.katalon.core.webui.keyword.internal.WebUIKeywordMain.runKeyword(WebUIKeywordMain.groovy:20)
	at com.kms.katalon.core.webui.keyword.builtin.VerifyElementVisibleKeyword.verifyElementVisible(VerifyElementVisibleKeyword.groovy:97)
	at com.kms.katalon.core.webui.keyword.builtin.VerifyElementVisibleKeyword.execute(VerifyElementVisibleKeyword.groovy:67)
	at com.kms.katalon.core.keyword.internal.KeywordExecutor.executeKeywordForPlatform(KeywordExecutor.groovy:74)
	at com.kms.katalon.core.webui.keyword.WebUiBuiltInKeywords.verifyElementVisible(WebUiBuiltInKeywords.groovy:362)
	at com.kazurayam.ksbackyard.HighlightElement$_pandemic_closure1.doCall(HighlightElement.groovy:105)
	at VerificationCertainesInformationsSontIncorrectes.run(VerificationCertainesInformationsSontIncorrectes:85)
	at com.kms.katalon.core.main.ScriptEngine.run(ScriptEngine.java:194)
	at com.kms.katalon.core.main.ScriptEngine.runScriptAsRawText(ScriptEngine.java:119)
	at com.kms.katalon.core.main.TestCaseExecutor.runScript(TestCaseExecutor.java:448)
	at com.kms.katalon.core.main.TestCaseExecutor.doExecute(TestCaseExecutor.java:439)
	at com.kms.katalon.core.main.TestCaseExecutor.processExecutionPhase(TestCaseExecutor.java:418)
	at com.kms.katalon.core.main.TestCaseExecutor.accessMainPhase(TestCaseExecutor.java:410)
	at com.kms.katalon.core.main.TestCaseExecutor.execute(TestCaseExecutor.java:285)
	at com.kms.katalon.core.main.TestCaseMain.runTestCase(TestCaseMain.java:144)
	at com.kms.katalon.core.keyword.builtin.CallTestCaseKeyword$_callTestCase_closure1.doCall(CallTestCaseKeyword.groovy:59)
	at com.kms.katalon.core.keyword.builtin.CallTestCaseKeyword$_callTestCase_closure1.call(CallTestCaseKeyword.groovy)
	at com.kms.katalon.core.keyword.internal.KeywordMain.runKeyword(KeywordMain.groovy:75)
	at com.kms.katalon.core.keyword.builtin.CallTestCaseKeyword.callTestCase(CallTestCaseKeyword.groovy:81)
	at com.kms.katalon.core.keyword.builtin.CallTestCaseKeyword.execute(CallTestCaseKeyword.groovy:44)
	at com.kms.katalon.core.keyword.internal.KeywordExecutor.executeKeywordForPlatform(KeywordExecutor.groovy:74)
	at com.kms.katalon.core.keyword.BuiltinKeywords.callTestCase(BuiltinKeywords.groovy:310)
	at com.kazurayam.ksbackyard.HighlightElement$_pandemic_closure1.doCall(HighlightElement.groovy:105)
	at Creer Votre Compte.run(Creer Votre Compte:109)
	at com.kms.katalon.core.main.ScriptEngine.run(ScriptEngine.java:194)
	at com.kms.katalon.core.main.ScriptEngine.runScriptAsRawText(ScriptEngine.java:119)
	at com.kms.katalon.core.main.TestCaseExecutor.runScript(TestCaseExecutor.java:448)
	at com.kms.katalon.core.main.TestCaseExecutor.doExecute(TestCaseExecutor.java:439)
	at com.kms.katalon.core.main.TestCaseExecutor.processExecutionPhase(TestCaseExecutor.java:418)
	at com.kms.katalon.core.main.TestCaseExecutor.accessMainPhase(TestCaseExecutor.java:410)
	at com.kms.katalon.core.main.TestCaseExecutor.execute(TestCaseExecutor.java:285)
	at com.kms.katalon.core.main.TestCaseMain.runTestCase(TestCaseMain.java:144)
	at com.kms.katalon.core.keyword.builtin.CallTestCaseKeyword$_callTestCase_closure1.doCall(CallTestCaseKeyword.groovy:59)
	at com.kms.katalon.core.keyword.builtin.CallTestCaseKeyword$_callTestCase_closure1.call(CallTestCaseKeyword.groovy)
	at com.kms.katalon.core.keyword.internal.KeywordMain.runKeyword(KeywordMain.groovy:75)
	at com.kms.katalon.core.keyword.builtin.CallTestCaseKeyword.callTestCase(CallTestCaseKeyword.groovy:81)
	at com.kms.katalon.core.keyword.builtin.CallTestCaseKeyword.execute(CallTestCaseKeyword.groovy:44)
	at com.kms.katalon.core.keyword.internal.KeywordExecutor.executeKeywordForPlatform(KeywordExecutor.groovy:74)
	at com.kms.katalon.core.keyword.BuiltinKeywords.callTestCase(BuiltinKeywords.groovy:310)
	at com.kazurayam.ksbackyard.HighlightElement$_pandemic_closure1.doCall(HighlightElement.groovy:105)
	at TNR R.TSPT Supp90-Etudiant.run(TNR R.TSPT Supp90-Etudiant:30)
	at com.kms.katalon.core.main.ScriptEngine.run(ScriptEngine.java:194)
	at com.kms.katalon.core.main.ScriptEngine.runScriptAsRawText(ScriptEngine.java:119)
	at com.kms.katalon.core.main.TestCaseExecutor.runScript(TestCaseExecutor.java:448)
	at com.kms.katalon.core.main.TestCaseExecutor.doExecute(TestCaseExecutor.java:439)
	at com.kms.katalon.core.main.TestCaseExecutor.processExecutionPhase(TestCaseExecutor.java:418)
	at com.kms.katalon.core.main.TestCaseExecutor.accessMainPhase(TestCaseExecutor.java:410)
	at com.kms.katalon.core.main.TestCaseExecutor.execute(TestCaseExecutor.java:285)
	at com.kms.katalon.core.common.CommonExecutor.accessTestCaseMainPhase(CommonExecutor.java:65)
	at com.kms.katalon.core.main.TestSuiteExecutor.accessTestSuiteMainPhase(TestSuiteExecutor.java:148)
	at com.kms.katalon.core.main.TestSuiteExecutor.execute(TestSuiteExecutor.java:106)
	at com.kms.katalon.core.main.TestCaseMain.startTestSuite(TestCaseMain.java:187)
	at com.kms.katalon.core.main.TestCaseMain$startTestSuite$0.call(Unknown Source)
	at TempTestSuite1700746096123.run(TempTestSuite1700746096123.groovy:36)
)
[[ATTACHMENT|C:\\Users\\ISSAM.RHARBAOUI\\git\\22_11\\ANEF-AutomatizationProject\\Reports\\20231123_142816\\TS_TNR_R.TSPT_Suppo90\\20231123_142816\\1700746200155.png]]

2023-11-23 14:30:00 - [TEST_STEP][PASSED] - if (MsgAlertPresent): null

2023-11-23 14:30:00 - [TEST_STEP][PASSED] - else: Vos informations ne sont pas associÃ©es Ã  un compte ==>> CrÃ©ation d'un nouveau Compte avec ces Informations.

2023-11-23 14:30:00 - [TEST_STEP][PASSED] - markPassed("Vos informations ne sont pas associÃ©es Ã  un compte ==>> CrÃ©ation d'un nouveau Compte avec ces Informations."): Vos informations ne sont pas associÃ©es Ã  un compte ==>> CrÃ©ation d'un nouveau Compte avec ces Informations.

2023-11-23 14:30:00 - [MESSAGE][PASSED] - Vos informations ne sont pas associÃ©es Ã  un compte ==>> CrÃ©ation d'un nouveau Compte avec ces Informations.

2023-11-23 14:30:00 - [TEST_STEP][PASSED] - waitForPageLoad(2): Wait for page load successfully

2023-11-23 14:30:00 - [MESSAGE][INFO] - Checking timeout

2023-11-23 14:30:00 - [MESSAGE][PASSED] - Wait for page load successfully

2023-11-23 14:30:00 - [MESSAGE][PASSED] - Call Test Case 'Test Cases/Test Reutilisable/Main/VerificationCertainesInformationsSontIncorrectes' successfully

2023-11-23 14:30:00 - [TEST_STEP][PASSED] - if (StopTestCase == true): null

2023-11-23 14:30:00 - [TEST_STEP][PASSED] - "VÃ©rification si le compte existe dÃ©jÃ (message Erreur : Il semblerait que vos informations soient dÃ©jÃ  associÃ©es Ã  un compte.)": null

2023-11-23 14:30:00 - [TEST_STEP][PASSED] - callTestCase(findTestCase("Test Cases/Test Reutilisable/Main/VerificationSiCompteExisteDeja"), [:], OPTIONAL): Call Test Case 'Test Cases/Test Reutilisable/Main/VerificationSiCompteExisteDeja' successfully

2023-11-23 14:30:00 - [MESSAGE][INFO] - Checking called Test Case

2023-11-23 14:30:00 - [MESSAGE][INFO] - Starting to call Test Case 'Test Cases/Test Reutilisable/Main/VerificationSiCompteExisteDeja'

2023-11-23 14:30:00 - [TEST_CASE][PASSED] - Test Cases/Test Reutilisable/Main/VerificationSiCompteExisteDeja: Test Cases/Test Reutilisable/Main/VerificationSiCompteExisteDeja

2023-11-23 14:30:02 - [TEST_STEP][PASSED] - "VÃ©rification si le compte existe dÃ©jÃ (message Erreur : Il semblerait que vos informations soient dÃ©jÃ  associÃ©es Ã  un compte.)": null

2023-11-23 14:30:02 - [TEST_STEP][PASSED] - delay(3): Delayed 3 second(s)

2023-11-23 14:30:02 - [MESSAGE][INFO] - Delaying browser in 3 second(s)

2023-11-23 14:30:05 - [MESSAGE][PASSED] - Delayed 3 second(s)

2023-11-23 14:30:05 - [TEST_STEP][PASSED] - StopTestCase = false: null

2023-11-23 14:30:05 - [TEST_STEP][PASSED] - MsgAlertPresent = verifyElementPresent(findTestObject("Object Repository/Connexion Usager/Verif_PopUpCompteExisteDeja"), 2, OPTIONAL): com.kms.katalon.core.webui.exception.WebElementNotFoundException: Web element with id: 'Object Repository/Connexion Usager/Verif_PopUpCompteExisteDeja' located by '/html/body/div[1]/div[1]/p[1]' not found (Root cause: com.kms.katalon.core.exception.StepFailedException: com.kms.katalon.core.webui.exception.WebElementNotFoundException: Web element with id: 'Object Repository/Connexion Usager/Verif_PopUpCompteExisteDeja' located by '/html/body/div[1]/div[1]/p[1]' not found
	at com.kms.katalon.core.webui.keyword.internal.WebUIKeywordMain.stepFailed(WebUIKeywordMain.groovy:64)
	at com.kms.katalon.core.webui.keyword.builtin.VerifyElementPresentKeyword$_verifyElementPresent_closure1.doCall(VerifyElementPresentKeyword.groovy:85)
	at com.kms.katalon.core.webui.keyword.builtin.VerifyElementPresentKeyword$_verifyElementPresent_closure1.call(VerifyElementPresentKeyword.groovy)
	at com.kms.katalon.core.webui.keyword.internal.WebUIKeywordMain.runKeyword(WebUIKeywordMain.groovy:20)
	at com.kms.katalon.core.webui.keyword.builtin.VerifyElementPresentKeyword.verifyElementPresent(VerifyElementPresentKeyword.groovy:92)
	at com.kms.katalon.core.webui.keyword.builtin.VerifyElementPresentKeyword.execute(VerifyElementPresentKeyword.groovy:68)
	at com.kms.katalon.core.keyword.internal.KeywordExecutor.executeKeywordForPlatform(KeywordExecutor.groovy:74)
	at com.kms.katalon.core.webui.keyword.WebUiBuiltInKeywords.verifyElementPresent(WebUiBuiltInKeywords.groovy:1448)
	at com.kazurayam.ksbackyard.HighlightElement$_pandemic_closure1.doCall(HighlightElement.groovy:105)
	at VerificationSiCompteExisteDeja.run(VerificationSiCompteExisteDeja:69)
	at com.kms.katalon.core.main.ScriptEngine.run(ScriptEngine.java:194)
	at com.kms.katalon.core.main.ScriptEngine.runScriptAsRawText(ScriptEngine.java:119)
	at com.kms.katalon.core.main.TestCaseExecutor.runScript(TestCaseExecutor.java:448)
	at com.kms.katalon.core.main.TestCaseExecutor.doExecute(TestCaseExecutor.java:439)
	at com.kms.katalon.core.main.TestCaseExecutor.processExecutionPhase(TestCaseExecutor.java:418)
	at com.kms.katalon.core.main.TestCaseExecutor.accessMainPhase(TestCaseExecutor.java:410)
	at com.kms.katalon.core.main.TestCaseExecutor.execute(TestCaseExecutor.java:285)
	at com.kms.katalon.core.main.TestCaseMain.runTestCase(TestCaseMain.java:144)
	at com.kms.katalon.core.keyword.builtin.CallTestCaseKeyword$_callTestCase_closure1.doCall(CallTestCaseKeyword.groovy:59)
	at com.kms.katalon.core.keyword.builtin.CallTestCaseKeyword$_callTestCase_closure1.call(CallTestCaseKeyword.groovy)
	at com.kms.katalon.core.keyword.internal.KeywordMain.runKeyword(KeywordMain.groovy:75)
	at com.kms.katalon.core.keyword.builtin.CallTestCaseKeyword.callTestCase(CallTestCaseKeyword.groovy:81)
	at com.kms.katalon.core.keyword.builtin.CallTestCaseKeyword.execute(CallTestCaseKeyword.groovy:44)
	at com.kms.katalon.core.keyword.internal.KeywordExecutor.executeKeywordForPlatform(KeywordExecutor.groovy:74)
	at com.kms.katalon.core.keyword.BuiltinKeywords.callTestCase(BuiltinKeywords.groovy:310)
	at com.kazurayam.ksbackyard.HighlightElement$_pandemic_closure1.doCall(HighlightElement.groovy:105)
	at Creer Votre Compte.run(Creer Votre Compte:117)
	at com.kms.katalon.core.main.ScriptEngine.run(ScriptEngine.java:194)
	at com.kms.katalon.core.main.ScriptEngine.runScriptAsRawText(ScriptEngine.java:119)
	at com.kms.katalon.core.main.TestCaseExecutor.runScript(TestCaseExecutor.java:448)
	at com.kms.katalon.core.main.TestCaseExecutor.doExecute(TestCaseExecutor.java:439)
	at com.kms.katalon.core.main.TestCaseExecutor.processExecutionPhase(TestCaseExecutor.java:418)
	at com.kms.katalon.core.main.TestCaseExecutor.accessMainPhase(TestCaseExecutor.java:410)
	at com.kms.katalon.core.main.TestCaseExecutor.execute(TestCaseExecutor.java:285)
	at com.kms.katalon.core.main.TestCaseMain.runTestCase(TestCaseMain.java:144)
	at com.kms.katalon.core.keyword.builtin.CallTestCaseKeyword$_callTestCase_closure1.doCall(CallTestCaseKeyword.groovy:59)
	at com.kms.katalon.core.keyword.builtin.CallTestCaseKeyword$_callTestCase_closure1.call(CallTestCaseKeyword.groovy)
	at com.kms.katalon.core.keyword.internal.KeywordMain.runKeyword(KeywordMain.groovy:75)
	at com.kms.katalon.core.keyword.builtin.CallTestCaseKeyword.callTestCase(CallTestCaseKeyword.groovy:81)
	at com.kms.katalon.core.keyword.builtin.CallTestCaseKeyword.execute(CallTestCaseKeyword.groovy:44)
	at com.kms.katalon.core.keyword.internal.KeywordExecutor.executeKeywordForPlatform(KeywordExecutor.groovy:74)
	at com.kms.katalon.core.keyword.BuiltinKeywords.callTestCase(BuiltinKeywords.groovy:310)
	at com.kazurayam.ksbackyard.HighlightElement$_pandemic_closure1.doCall(HighlightElement.groovy:105)
	at TNR R.TSPT Supp90-Etudiant.run(TNR R.TSPT Supp90-Etudiant:30)
	at com.kms.katalon.core.main.ScriptEngine.run(ScriptEngine.java:194)
	at com.kms.katalon.core.main.ScriptEngine.runScriptAsRawText(ScriptEngine.java:119)
	at com.kms.katalon.core.main.TestCaseExecutor.runScript(TestCaseExecutor.java:448)
	at com.kms.katalon.core.main.TestCaseExecutor.doExecute(TestCaseExecutor.java:439)
	at com.kms.katalon.core.main.TestCaseExecutor.processExecutionPhase(TestCaseExecutor.java:418)
	at com.kms.katalon.core.main.TestCaseExecutor.accessMainPhase(TestCaseExecutor.java:410)
	at com.kms.katalon.core.main.TestCaseExecutor.execute(TestCaseExecutor.java:285)
	at com.kms.katalon.core.common.CommonExecutor.accessTestCaseMainPhase(CommonExecutor.java:65)
	at com.kms.katalon.core.main.TestSuiteExecutor.accessTestSuiteMainPhase(TestSuiteExecutor.java:148)
	at com.kms.katalon.core.main.TestSuiteExecutor.execute(TestSuiteExecutor.java:106)
	at com.kms.katalon.core.main.TestCaseMain.startTestSuite(TestCaseMain.java:187)
	at com.kms.katalon.core.main.TestCaseMain$startTestSuite$0.call(Unknown Source)
	at TempTestSuite1700746096123.run(TempTestSuite1700746096123.groovy:36)
)

2023-11-23 14:30:05 - [MESSAGE][INFO] - Finding Test Object 'Object Repository/Connexion Usager/Verif_PopUpCompteExisteDeja'

2023-11-23 14:30:05 - [MESSAGE][INFO] - Checking object

2023-11-23 14:30:05 - [MESSAGE][INFO] - Finding web element from Test Object's properties

2023-11-23 14:30:05 - [MESSAGE][INFO] - Checking timeout

2023-11-23 14:30:05 - [MESSAGE][INFO] - Finding web element with id: 'Object Repository/Connexion Usager/Verif_PopUpCompteExisteDeja' located by 'By.xpath: /html/body/div[1]/div[1]/p[1]' in '2' second(s)

2023-11-23 14:30:05 - [MESSAGE][INFO] - Smart Wait Function is triggered

2023-11-23 14:30:05 - [MESSAGE][INFO] - Smart Wait Function is triggered

2023-11-23 14:30:05 - [MESSAGE][INFO] - Smart Wait Function is triggered

2023-11-23 14:30:05 - [MESSAGE][INFO] - Smart Wait Function is triggered

2023-11-23 14:30:05 - [MESSAGE][INFO] - Smart Wait Function is triggered

2023-11-23 14:30:05 - [MESSAGE][INFO] - Smart Wait Function is triggered

2023-11-23 14:30:05 - [MESSAGE][INFO] - Smart Wait Function is triggered

2023-11-23 14:30:05 - [MESSAGE][INFO] - Smart Wait Function is triggered

2023-11-23 14:30:05 - [MESSAGE][INFO] - Smart Wait Function is triggered

2023-11-23 14:30:05 - [MESSAGE][INFO] - Smart Wait Function is triggered

2023-11-23 14:30:05 - [MESSAGE][INFO] - Smart Wait Function is triggered

2023-11-23 14:30:05 - [MESSAGE][INFO] - Smart Wait Function is triggered

2023-11-23 14:30:05 - [MESSAGE][INFO] - Smart Wait Function is triggered

2023-11-23 14:30:05 - [MESSAGE][INFO] - Smart Wait Function is triggered

2023-11-23 14:30:05 - [MESSAGE][INFO] - Smart Wait Function is triggered

2023-11-23 14:30:05 - [MESSAGE][INFO] - Smart Wait Function is triggered

2023-11-23 14:30:05 - [MESSAGE][INFO] - Smart Wait Function is triggered

2023-11-23 14:30:05 - [MESSAGE][INFO] - Smart Wait Function is triggered

2023-11-23 14:30:05 - [MESSAGE][INFO] - Smart Wait Function is triggered

2023-11-23 14:30:05 - [MESSAGE][INFO] - Smart Wait Function is triggered

2023-11-23 14:30:05 - [MESSAGE][INFO] - Smart Wait Function is triggered

2023-11-23 14:30:05 - [MESSAGE][INFO] - Smart Wait Function is triggered

2023-11-23 14:30:05 - [MESSAGE][INFO] - Smart Wait Function is triggered

2023-11-23 14:30:05 - [MESSAGE][INFO] - Smart Wait Function is triggered

2023-11-23 14:30:05 - [MESSAGE][INFO] - Smart Wait Function is triggered

2023-11-23 14:30:05 - [MESSAGE][INFO] - Smart Wait Function is triggered

2023-11-23 14:30:06 - [MESSAGE][INFO] - Smart Wait Function is triggered

2023-11-23 14:30:06 - [MESSAGE][INFO] - Smart Wait Function is triggered

2023-11-23 14:30:06 - [MESSAGE][INFO] - Smart Wait Function is triggered

2023-11-23 14:30:06 - [MESSAGE][INFO] - Smart Wait Function is triggered

2023-11-23 14:30:06 - [MESSAGE][INFO] - Smart Wait Function is triggered

2023-11-23 14:30:06 - [MESSAGE][INFO] - Smart Wait Function is triggered

2023-11-23 14:30:06 - [MESSAGE][INFO] - Smart Wait Function is triggered

2023-11-23 14:30:06 - [MESSAGE][INFO] - Smart Wait Function is triggered

2023-11-23 14:30:06 - [MESSAGE][INFO] - Smart Wait Function is triggered

2023-11-23 14:30:06 - [MESSAGE][INFO] - Smart Wait Function is triggered

2023-11-23 14:30:06 - [MESSAGE][INFO] - Smart Wait Function is triggered

2023-11-23 14:30:06 - [MESSAGE][INFO] - Smart Wait Function is triggered

2023-11-23 14:30:06 - [MESSAGE][INFO] - Smart Wait Function is triggered

2023-11-23 14:30:06 - [MESSAGE][INFO] - Smart Wait Function is triggered

2023-11-23 14:30:06 - [MESSAGE][INFO] - Smart Wait Function is triggered

2023-11-23 14:30:06 - [MESSAGE][INFO] - Smart Wait Function is triggered

2023-11-23 14:30:06 - [MESSAGE][INFO] - Smart Wait Function is triggered

2023-11-23 14:30:06 - [MESSAGE][INFO] - Smart Wait Function is triggered

2023-11-23 14:30:06 - [MESSAGE][INFO] - Smart Wait Function is triggered

2023-11-23 14:30:06 - [MESSAGE][INFO] - Smart Wait Function is triggered

2023-11-23 14:30:06 - [MESSAGE][INFO] - Smart Wait Function is triggered

2023-11-23 14:30:06 - [MESSAGE][INFO] - Smart Wait Function is triggered

2023-11-23 14:30:06 - [MESSAGE][INFO] - Smart Wait Function is triggered

2023-11-23 14:30:06 - [MESSAGE][INFO] - Smart Wait Function is triggered

2023-11-23 14:30:06 - [MESSAGE][INFO] - Smart Wait Function is triggered

2023-11-23 14:30:06 - [MESSAGE][INFO] - Smart Wait Function is triggered

2023-11-23 14:30:06 - [MESSAGE][INFO] - Smart Wait Function is triggered

2023-11-23 14:30:06 - [MESSAGE][INFO] - Smart Wait Function is triggered

2023-11-23 14:30:06 - [MESSAGE][INFO] - Smart Wait Function is triggered

2023-11-23 14:30:06 - [MESSAGE][INFO] - Smart Wait Function is triggered

2023-11-23 14:30:06 - [MESSAGE][INFO] - Smart Wait Function is triggered

2023-11-23 14:30:07 - [MESSAGE][INFO] - Smart Wait Function is triggered

2023-11-23 14:30:07 - [MESSAGE][INFO] - Smart Wait Function is triggered

2023-11-23 14:30:07 - [MESSAGE][INFO] - Smart Wait Function is triggered

2023-11-23 14:30:07 - [MESSAGE][INFO] - Smart Wait Function is triggered

2023-11-23 14:30:07 - [MESSAGE][INFO] - Smart Wait Function is triggered

2023-11-23 14:30:07 - [MESSAGE][INFO] - Smart Wait Function is triggered

2023-11-23 14:30:07 - [MESSAGE][INFO] - Smart Wait Function is triggered

2023-11-23 14:30:07 - [MESSAGE][INFO] - Smart Wait Function is triggered

2023-11-23 14:30:07 - [MESSAGE][INFO] - Smart Wait Function is triggered

2023-11-23 14:30:07 - [MESSAGE][INFO] - Smart Wait Function is triggered

2023-11-23 14:30:07 - [MESSAGE][INFO] - Smart Wait Function is triggered

2023-11-23 14:30:07 - [MESSAGE][INFO] - Smart Wait Function is triggered

2023-11-23 14:30:07 - [MESSAGE][INFO] - Smart Wait Function is triggered

2023-11-23 14:30:07 - [MESSAGE][INFO] - Smart Wait Function is triggered

2023-11-23 14:30:07 - [MESSAGE][INFO] - Smart Wait Function is triggered

2023-11-23 14:30:07 - [MESSAGE][INFO] - Smart Wait Function is triggered

2023-11-23 14:30:07 - [MESSAGE][INFO] - Smart Wait Function is triggered

2023-11-23 14:30:07 - [MESSAGE][INFO] - Smart Wait Function is triggered

2023-11-23 14:30:07 - [MESSAGE][INFO] - Smart Wait Function is triggered

2023-11-23 14:30:07 - [MESSAGE][INFO] - Smart Wait Function is triggered

2023-11-23 14:30:07 - [MESSAGE][INFO] - Smart Wait Function is triggered

2023-11-23 14:30:07 - [MESSAGE][INFO] - Smart Wait Function is triggered

2023-11-23 14:30:07 - [MESSAGE][INFO] - Smart Wait Function is triggered

2023-11-23 14:30:07 - [MESSAGE][INFO] - Smart Wait Function is triggered

2023-11-23 14:30:07 - [MESSAGE][INFO] - Smart Wait Function is triggered

2023-11-23 14:30:07 - [MESSAGE][INFO] - Smart Wait Function is triggered

2023-11-23 14:30:07 - [MESSAGE][INFO] - Smart Wait Function is triggered

2023-11-23 14:30:07 - [MESSAGE][INFO] - Smart Wait Function is triggered

2023-11-23 14:30:07 - [MESSAGE][INFO] - Smart Wait Function is triggered

2023-11-23 14:30:07 - [MESSAGE][INFO] - Smart Wait Function is triggered

2023-11-23 14:30:07 - [MESSAGE][INFO] - Smart Wait Function is triggered

2023-11-23 14:30:08 - [MESSAGE][INFO] - Smart Wait Function is triggered

2023-11-23 14:30:08 - [MESSAGE][INFO] - Smart Wait Function is triggered

2023-11-23 14:30:08 - [MESSAGE][INFO] - Smart Wait Function is triggered

2023-11-23 14:30:08 - [MESSAGE][INFO] - Smart Wait Function is triggered

2023-11-23 14:30:08 - [MESSAGE][INFO] - Smart Wait Function is triggered

2023-11-23 14:30:08 - [MESSAGE][INFO] - Smart Wait Function is triggered

2023-11-23 14:30:08 - [MESSAGE][INFO] - Unable to find the element located by 'By.xpath: /html/body/div[1]/div[1]/p[1]'. Please recheck the objects properties to make sure the desired element is located. 

2023-11-23 14:30:08 - [MESSAGE][WARNING] - com.kms.katalon.core.webui.exception.WebElementNotFoundException: Web element with id: 'Object Repository/Connexion Usager/Verif_PopUpCompteExisteDeja' located by '/html/body/div[1]/div[1]/p[1]' not found (Root cause: com.kms.katalon.core.exception.StepFailedException: com.kms.katalon.core.webui.exception.WebElementNotFoundException: Web element with id: 'Object Repository/Connexion Usager/Verif_PopUpCompteExisteDeja' located by '/html/body/div[1]/div[1]/p[1]' not found
	at com.kms.katalon.core.webui.keyword.internal.WebUIKeywordMain.stepFailed(WebUIKeywordMain.groovy:64)
	at com.kms.katalon.core.webui.keyword.builtin.VerifyElementPresentKeyword$_verifyElementPresent_closure1.doCall(VerifyElementPresentKeyword.groovy:85)
	at com.kms.katalon.core.webui.keyword.builtin.VerifyElementPresentKeyword$_verifyElementPresent_closure1.call(VerifyElementPresentKeyword.groovy)
	at com.kms.katalon.core.webui.keyword.internal.WebUIKeywordMain.runKeyword(WebUIKeywordMain.groovy:20)
	at com.kms.katalon.core.webui.keyword.builtin.VerifyElementPresentKeyword.verifyElementPresent(VerifyElementPresentKeyword.groovy:92)
	at com.kms.katalon.core.webui.keyword.builtin.VerifyElementPresentKeyword.execute(VerifyElementPresentKeyword.groovy:68)
	at com.kms.katalon.core.keyword.internal.KeywordExecutor.executeKeywordForPlatform(KeywordExecutor.groovy:74)
	at com.kms.katalon.core.webui.keyword.WebUiBuiltInKeywords.verifyElementPresent(WebUiBuiltInKeywords.groovy:1448)
	at com.kazurayam.ksbackyard.HighlightElement$_pandemic_closure1.doCall(HighlightElement.groovy:105)
	at VerificationSiCompteExisteDeja.run(VerificationSiCompteExisteDeja:69)
	at com.kms.katalon.core.main.ScriptEngine.run(ScriptEngine.java:194)
	at com.kms.katalon.core.main.ScriptEngine.runScriptAsRawText(ScriptEngine.java:119)
	at com.kms.katalon.core.main.TestCaseExecutor.runScript(TestCaseExecutor.java:448)
	at com.kms.katalon.core.main.TestCaseExecutor.doExecute(TestCaseExecutor.java:439)
	at com.kms.katalon.core.main.TestCaseExecutor.processExecutionPhase(TestCaseExecutor.java:418)
	at com.kms.katalon.core.main.TestCaseExecutor.accessMainPhase(TestCaseExecutor.java:410)
	at com.kms.katalon.core.main.TestCaseExecutor.execute(TestCaseExecutor.java:285)
	at com.kms.katalon.core.main.TestCaseMain.runTestCase(TestCaseMain.java:144)
	at com.kms.katalon.core.keyword.builtin.CallTestCaseKeyword$_callTestCase_closure1.doCall(CallTestCaseKeyword.groovy:59)
	at com.kms.katalon.core.keyword.builtin.CallTestCaseKeyword$_callTestCase_closure1.call(CallTestCaseKeyword.groovy)
	at com.kms.katalon.core.keyword.internal.KeywordMain.runKeyword(KeywordMain.groovy:75)
	at com.kms.katalon.core.keyword.builtin.CallTestCaseKeyword.callTestCase(CallTestCaseKeyword.groovy:81)
	at com.kms.katalon.core.keyword.builtin.CallTestCaseKeyword.execute(CallTestCaseKeyword.groovy:44)
	at com.kms.katalon.core.keyword.internal.KeywordExecutor.executeKeywordForPlatform(KeywordExecutor.groovy:74)
	at com.kms.katalon.core.keyword.BuiltinKeywords.callTestCase(BuiltinKeywords.groovy:310)
	at com.kazurayam.ksbackyard.HighlightElement$_pandemic_closure1.doCall(HighlightElement.groovy:105)
	at Creer Votre Compte.run(Creer Votre Compte:117)
	at com.kms.katalon.core.main.ScriptEngine.run(ScriptEngine.java:194)
	at com.kms.katalon.core.main.ScriptEngine.runScriptAsRawText(ScriptEngine.java:119)
	at com.kms.katalon.core.main.TestCaseExecutor.runScript(TestCaseExecutor.java:448)
	at com.kms.katalon.core.main.TestCaseExecutor.doExecute(TestCaseExecutor.java:439)
	at com.kms.katalon.core.main.TestCaseExecutor.processExecutionPhase(TestCaseExecutor.java:418)
	at com.kms.katalon.core.main.TestCaseExecutor.accessMainPhase(TestCaseExecutor.java:410)
	at com.kms.katalon.core.main.TestCaseExecutor.execute(TestCaseExecutor.java:285)
	at com.kms.katalon.core.main.TestCaseMain.runTestCase(TestCaseMain.java:144)
	at com.kms.katalon.core.keyword.builtin.CallTestCaseKeyword$_callTestCase_closure1.doCall(CallTestCaseKeyword.groovy:59)
	at com.kms.katalon.core.keyword.builtin.CallTestCaseKeyword$_callTestCase_closure1.call(CallTestCaseKeyword.groovy)
	at com.kms.katalon.core.keyword.internal.KeywordMain.runKeyword(KeywordMain.groovy:75)
	at com.kms.katalon.core.keyword.builtin.CallTestCaseKeyword.callTestCase(CallTestCaseKeyword.groovy:81)
	at com.kms.katalon.core.keyword.builtin.CallTestCaseKeyword.execute(CallTestCaseKeyword.groovy:44)
	at com.kms.katalon.core.keyword.internal.KeywordExecutor.executeKeywordForPlatform(KeywordExecutor.groovy:74)
	at com.kms.katalon.core.keyword.BuiltinKeywords.callTestCase(BuiltinKeywords.groovy:310)
	at com.kazurayam.ksbackyard.HighlightElement$_pandemic_closure1.doCall(HighlightElement.groovy:105)
	at TNR R.TSPT Supp90-Etudiant.run(TNR R.TSPT Supp90-Etudiant:30)
	at com.kms.katalon.core.main.ScriptEngine.run(ScriptEngine.java:194)
	at com.kms.katalon.core.main.ScriptEngine.runScriptAsRawText(ScriptEngine.java:119)
	at com.kms.katalon.core.main.TestCaseExecutor.runScript(TestCaseExecutor.java:448)
	at com.kms.katalon.core.main.TestCaseExecutor.doExecute(TestCaseExecutor.java:439)
	at com.kms.katalon.core.main.TestCaseExecutor.processExecutionPhase(TestCaseExecutor.java:418)
	at com.kms.katalon.core.main.TestCaseExecutor.accessMainPhase(TestCaseExecutor.java:410)
	at com.kms.katalon.core.main.TestCaseExecutor.execute(TestCaseExecutor.java:285)
	at com.kms.katalon.core.common.CommonExecutor.accessTestCaseMainPhase(CommonExecutor.java:65)
	at com.kms.katalon.core.main.TestSuiteExecutor.accessTestSuiteMainPhase(TestSuiteExecutor.java:148)
	at com.kms.katalon.core.main.TestSuiteExecutor.execute(TestSuiteExecutor.java:106)
	at com.kms.katalon.core.main.TestCaseMain.startTestSuite(TestCaseMain.java:187)
	at com.kms.katalon.core.main.TestCaseMain$startTestSuite$0.call(Unknown Source)
	at TempTestSuite1700746096123.run(TempTestSuite1700746096123.groovy:36)
)
[[ATTACHMENT|C:\\Users\\ISSAM.RHARBAOUI\\git\\22_11\\ANEF-AutomatizationProject\\Reports\\20231123_142816\\TS_TNR_R.TSPT_Suppo90\\20231123_142816\\1700746208199.png]]

2023-11-23 14:30:08 - [TEST_STEP][PASSED] - if (MsgAlertPresent): null

2023-11-23 14:30:08 - [TEST_STEP][PASSED] - else: Vos informations ne sont pas associÃ©es Ã  un compte ==>> CrÃ©ation d'un nouveau Compte avec ces Informations.

2023-11-23 14:30:08 - [TEST_STEP][PASSED] - markPassed("Vos informations ne sont pas associÃ©es Ã  un compte ==>> CrÃ©ation d'un nouveau Compte avec ces Informations."): Vos informations ne sont pas associÃ©es Ã  un compte ==>> CrÃ©ation d'un nouveau Compte avec ces Informations.

2023-11-23 14:30:08 - [MESSAGE][PASSED] - Vos informations ne sont pas associÃ©es Ã  un compte ==>> CrÃ©ation d'un nouveau Compte avec ces Informations.

2023-11-23 14:30:08 - [TEST_STEP][PASSED] - waitForPageLoad(2): Wait for page load successfully

2023-11-23 14:30:08 - [MESSAGE][INFO] - Checking timeout

2023-11-23 14:30:08 - [MESSAGE][PASSED] - Wait for page load successfully

2023-11-23 14:30:08 - [MESSAGE][PASSED] - Call Test Case 'Test Cases/Test Reutilisable/Main/VerificationSiCompteExisteDeja' successfully

2023-11-23 14:30:08 - [TEST_STEP][PASSED] - if (StopTestCase == true): null

2023-11-23 14:30:08 - [TEST_STEP][PASSED] - MonEmail = NumEtrangerVisa + "@yopmail.com": null

2023-11-23 14:30:08 - [TEST_STEP][PASSED] - delay(2): Delayed 2 second(s)

2023-11-23 14:30:08 - [MESSAGE][INFO] - Delaying browser in 2 second(s)

2023-11-23 14:30:10 - [MESSAGE][PASSED] - Delayed 2 second(s)

2023-11-23 14:30:10 - [TEST_STEP][PASSED] - setText(findTestObject("Object Repository/Connexion Usager/Input_Email"), MonEmail): Text '7703040869@yopmail.com' is set on object 'Object Repository/Connexion Usager/Input_Email'

2023-11-23 14:30:10 - [MESSAGE][INFO] - Finding Test Object 'Object Repository/Connexion Usager/Input_Email'

2023-11-23 14:30:10 - [MESSAGE][INFO] - Checking timeout

2023-11-23 14:30:10 - [MESSAGE][INFO] - Finding web element with id: 'Object Repository/Connexion Usager/Input_Email' located by 'By.xpath: //*/div/app-input[1]/div/div/input [@type = 'email']' in '20' second(s)

2023-11-23 14:30:10 - [MESSAGE][INFO] - Smart Wait Function is triggered

2023-11-23 14:30:10 - [MESSAGE][INFO] - Found 1 web elements with id: 'Object Repository/Connexion Usager/Input_Email' located by 'By.xpath: //*/div/app-input[1]/div/div/input [@type = 'email']' in '20' second(s)

2023-11-23 14:30:10 - [MESSAGE][INFO] - Checking object

2023-11-23 14:30:10 - [MESSAGE][INFO] - Checking text

2023-11-23 14:30:10 - [MESSAGE][INFO] - Finding web element from Test Object's properties

2023-11-23 14:30:10 - [MESSAGE][INFO] - Checking timeout

2023-11-23 14:30:10 - [MESSAGE][INFO] - Finding web element with id: 'Object Repository/Connexion Usager/Input_Email' located by 'By.xpath: //*/div/app-input[1]/div/div/input [@type = 'email']' in '5' second(s)

2023-11-23 14:30:10 - [MESSAGE][INFO] - Smart Wait Function is triggered

2023-11-23 14:30:10 - [MESSAGE][INFO] - Found 1 web elements with id: 'Object Repository/Connexion Usager/Input_Email' located by 'By.xpath: //*/div/app-input[1]/div/div/input [@type = 'email']' in '5' second(s)

2023-11-23 14:30:10 - [MESSAGE][INFO] - Clearing text of object 'Object Repository/Connexion Usager/Input_Email'

2023-11-23 14:30:12 - [MESSAGE][INFO] - Finding web element from Test Object's properties

2023-11-23 14:30:12 - [MESSAGE][INFO] - Checking timeout

2023-11-23 14:30:12 - [MESSAGE][INFO] - Finding web element with id: 'Object Repository/Connexion Usager/Input_Email' located by 'By.xpath: //*/div/app-input[1]/div/div/input [@type = 'email']' in '5' second(s)

2023-11-23 14:30:12 - [MESSAGE][INFO] - Smart Wait Function is triggered

2023-11-23 14:30:12 - [MESSAGE][INFO] - Found 1 web elements with id: 'Object Repository/Connexion Usager/Input_Email' located by 'By.xpath: //*/div/app-input[1]/div/div/input [@type = 'email']' in '5' second(s)

2023-11-23 14:30:12 - [MESSAGE][INFO] - Setting text of object 'Object Repository/Connexion Usager/Input_Email' to value '7703040869@yopmail.com'

2023-11-23 14:30:14 - [MESSAGE][PASSED] - Text '7703040869@yopmail.com' is set on object 'Object Repository/Connexion Usager/Input_Email'

2023-11-23 14:30:14 - [TEST_STEP][PASSED] - setText(findTestObject("Object Repository/Connexion Usager/Input_ConfirmeEmail"), MonEmail): Text '7703040869@yopmail.com' is set on object 'Object Repository/Connexion Usager/Input_ConfirmeEmail'

2023-11-23 14:30:14 - [MESSAGE][INFO] - Finding Test Object 'Object Repository/Connexion Usager/Input_ConfirmeEmail'

2023-11-23 14:30:14 - [MESSAGE][INFO] - Checking timeout

2023-11-23 14:30:14 - [MESSAGE][INFO] - Finding web element with id: 'Object Repository/Connexion Usager/Input_ConfirmeEmail' located by 'By.xpath: //*/div/app-input[2]/div/div/input [@type = 'email']' in '20' second(s)

2023-11-23 14:30:14 - [MESSAGE][INFO] - Smart Wait Function is triggered

2023-11-23 14:30:15 - [MESSAGE][INFO] - Found 1 web elements with id: 'Object Repository/Connexion Usager/Input_ConfirmeEmail' located by 'By.xpath: //*/div/app-input[2]/div/div/input [@type = 'email']' in '20' second(s)

2023-11-23 14:30:15 - [MESSAGE][INFO] - Checking object

2023-11-23 14:30:15 - [MESSAGE][INFO] - Checking text

2023-11-23 14:30:15 - [MESSAGE][INFO] - Finding web element from Test Object's properties

2023-11-23 14:30:15 - [MESSAGE][INFO] - Checking timeout

2023-11-23 14:30:15 - [MESSAGE][INFO] - Finding web element with id: 'Object Repository/Connexion Usager/Input_ConfirmeEmail' located by 'By.xpath: //*/div/app-input[2]/div/div/input [@type = 'email']' in '5' second(s)

2023-11-23 14:30:15 - [MESSAGE][INFO] - Smart Wait Function is triggered

2023-11-23 14:30:15 - [MESSAGE][INFO] - Found 1 web elements with id: 'Object Repository/Connexion Usager/Input_ConfirmeEmail' located by 'By.xpath: //*/div/app-input[2]/div/div/input [@type = 'email']' in '5' second(s)

2023-11-23 14:30:15 - [MESSAGE][INFO] - Clearing text of object 'Object Repository/Connexion Usager/Input_ConfirmeEmail'

2023-11-23 14:30:17 - [MESSAGE][INFO] - Finding web element from Test Object's properties

2023-11-23 14:30:17 - [MESSAGE][INFO] - Checking timeout

2023-11-23 14:30:17 - [MESSAGE][INFO] - Finding web element with id: 'Object Repository/Connexion Usager/Input_ConfirmeEmail' located by 'By.xpath: //*/div/app-input[2]/div/div/input [@type = 'email']' in '5' second(s)

2023-11-23 14:30:17 - [MESSAGE][INFO] - Smart Wait Function is triggered

2023-11-23 14:30:17 - [MESSAGE][INFO] - Found 1 web elements with id: 'Object Repository/Connexion Usager/Input_ConfirmeEmail' located by 'By.xpath: //*/div/app-input[2]/div/div/input [@type = 'email']' in '5' second(s)

2023-11-23 14:30:17 - [MESSAGE][INFO] - Setting text of object 'Object Repository/Connexion Usager/Input_ConfirmeEmail' to value '7703040869@yopmail.com'

2023-11-23 14:30:19 - [MESSAGE][PASSED] - Text '7703040869@yopmail.com' is set on object 'Object Repository/Connexion Usager/Input_ConfirmeEmail'

2023-11-23 14:30:19 - [TEST_STEP][PASSED] - click(findTestObject("Object Repository/Connexion Usager/span_btn_ValiderEmail")): Object: 'Object Repository/Connexion Usager/span_btn_ValiderEmail' is clicked on

2023-11-23 14:30:19 - [MESSAGE][INFO] - Finding Test Object 'Object Repository/Connexion Usager/span_btn_ValiderEmail'

2023-11-23 14:30:19 - [MESSAGE][INFO] - Checking timeout

2023-11-23 14:30:19 - [MESSAGE][INFO] - Finding web element with id: 'Object Repository/Connexion Usager/span_btn_ValiderEmail' located by 'By.xpath: //span[(text() = 'Valider' or . = 'Valider')]' in '20' second(s)

2023-11-23 14:30:19 - [MESSAGE][INFO] - Smart Wait Function is triggered

2023-11-23 14:30:19 - [MESSAGE][INFO] - Found 1 web elements with id: 'Object Repository/Connexion Usager/span_btn_ValiderEmail' located by 'By.xpath: //span[(text() = 'Valider' or . = 'Valider')]' in '20' second(s)

2023-11-23 14:30:19 - [MESSAGE][INFO] - Checking object

2023-11-23 14:30:19 - [MESSAGE][INFO] - Checking timeout

2023-11-23 14:30:19 - [MESSAGE][INFO] - Finding web element from Test Object's properties

2023-11-23 14:30:19 - [MESSAGE][INFO] - Checking timeout

2023-11-23 14:30:19 - [MESSAGE][INFO] - Finding web element with id: 'Object Repository/Connexion Usager/span_btn_ValiderEmail' located by 'By.xpath: //span[(text() = 'Valider' or . = 'Valider')]' in '5' second(s)

2023-11-23 14:30:19 - [MESSAGE][INFO] - Smart Wait Function is triggered

2023-11-23 14:30:19 - [MESSAGE][INFO] - Found 1 web elements with id: 'Object Repository/Connexion Usager/span_btn_ValiderEmail' located by 'By.xpath: //span[(text() = 'Valider' or . = 'Valider')]' in '5' second(s)

2023-11-23 14:30:19 - [MESSAGE][INFO] - Clicking on object: 'Object Repository/Connexion Usager/span_btn_ValiderEmail'

2023-11-23 14:30:21 - [MESSAGE][PASSED] - Object: 'Object Repository/Connexion Usager/span_btn_ValiderEmail' is clicked on

2023-11-23 14:30:21 - [TEST_STEP][PASSED] - delay(2): Delayed 2 second(s)

2023-11-23 14:30:21 - [MESSAGE][INFO] - Delaying browser in 2 second(s)

2023-11-23 14:30:23 - [MESSAGE][PASSED] - Delayed 2 second(s)

2023-11-23 14:30:23 - [TEST_STEP][PASSED] - click(findTestObject("Object Repository/Connexion Usager/btn_span_RetourAccueil")): Object: 'Object Repository/Connexion Usager/btn_span_RetourAccueil' is clicked on

2023-11-23 14:30:23 - [MESSAGE][INFO] - Finding Test Object 'Object Repository/Connexion Usager/btn_span_RetourAccueil'

2023-11-23 14:30:23 - [MESSAGE][INFO] - Checking timeout

2023-11-23 14:30:23 - [MESSAGE][INFO] - Finding web element with id: 'Object Repository/Connexion Usager/btn_span_RetourAccueil' located by 'By.xpath: (.//*[normalize-space(text()) and normalize-space(.)='CRÃATION DE COMPTE'])[1]/following::span[2]' in '20' second(s)

2023-11-23 14:30:23 - [MESSAGE][INFO] - Smart Wait Function is triggered

2023-11-23 14:30:23 - [MESSAGE][INFO] - Found 1 web elements with id: 'Object Repository/Connexion Usager/btn_span_RetourAccueil' located by 'By.xpath: (.//*[normalize-space(text()) and normalize-space(.)='CRÃATION DE COMPTE'])[1]/following::span[2]' in '20' second(s)

2023-11-23 14:30:23 - [MESSAGE][INFO] - Checking object

2023-11-23 14:30:23 - [MESSAGE][INFO] - Checking timeout

2023-11-23 14:30:23 - [MESSAGE][INFO] - Finding web element from Test Object's properties

2023-11-23 14:30:23 - [MESSAGE][INFO] - Checking timeout

2023-11-23 14:30:23 - [MESSAGE][INFO] - Finding web element with id: 'Object Repository/Connexion Usager/btn_span_RetourAccueil' located by 'By.xpath: (.//*[normalize-space(text()) and normalize-space(.)='CRÃATION DE COMPTE'])[1]/following::span[2]' in '5' second(s)

2023-11-23 14:30:23 - [MESSAGE][INFO] - Smart Wait Function is triggered

2023-11-23 14:30:23 - [MESSAGE][INFO] - Found 1 web elements with id: 'Object Repository/Connexion Usager/btn_span_RetourAccueil' located by 'By.xpath: (.//*[normalize-space(text()) and normalize-space(.)='CRÃATION DE COMPTE'])[1]/following::span[2]' in '5' second(s)

2023-11-23 14:30:23 - [MESSAGE][INFO] - Clicking on object: 'Object Repository/Connexion Usager/btn_span_RetourAccueil'

2023-11-23 14:30:25 - [MESSAGE][PASSED] - Object: 'Object Repository/Connexion Usager/btn_span_RetourAccueil' is clicked on

2023-11-23 14:30:25 - [TEST_STEP][PASSED] - delay(2): Delayed 2 second(s)

2023-11-23 14:30:25 - [MESSAGE][INFO] - Delaying browser in 2 second(s)

2023-11-23 14:30:27 - [MESSAGE][PASSED] - Delayed 2 second(s)

2023-11-23 14:30:27 - [TEST_STEP][PASSED] - tools.GetWebCookieByNamedCollected.GetWebCookie(): tools.GetWebCookieByNamedCollected.GetWebCookie is PASSED

2023-11-23 14:30:27 - [MESSAGE][PASSED] - tools.GetWebCookieByNamedCollected.GetWebCookie is PASSED

2023-11-23 14:30:27 - [TEST_STEP][PASSED] - if (EnvExec == "URL_ANEFQualif"): null

2023-11-23 14:30:27 - [TEST_STEP][PASSED] - if (EnvExec == "URL_ANEFPreProd"): Navigate to 'https://preprod.administration-etrangers-en-france.interieur.gouv.fr/particuliers/#/espace-personnel/inscription/mot-de-passe?token=eyJ0eXAiOiJKV1QiLCJhbGciOiJIUzI1NiJ9.eyJpYXQiOjE3MDA3NDYxODkuMDczMDI4LCJleHAiOjE3MDA4MzI1ODkuMDczMDI4LCJsb2dpbiI6NDAwMjUwNjcsInN1YiI6InJlZ2lzdGVyIiwidXJsX3ByZWZpeCI6Ii91c2FnZXIifQ.nbf7-ag4iQk--DM9urQzVy_CkjByxYDHRBSrVbCdfic' successfully

2023-11-23 14:30:27 - [TEST_STEP][PASSED] - URL_CreationMDP = URLpwPreProd + Token: null

2023-11-23 14:30:27 - [TEST_STEP][PASSED] - navigateToUrl(URL_CreationMDP): Navigate to 'https://preprod.administration-etrangers-en-france.interieur.gouv.fr/particuliers/#/espace-personnel/inscription/mot-de-passe?token=eyJ0eXAiOiJKV1QiLCJhbGciOiJIUzI1NiJ9.eyJpYXQiOjE3MDA3NDYxODkuMDczMDI4LCJleHAiOjE3MDA4MzI1ODkuMDczMDI4LCJsb2dpbiI6NDAwMjUwNjcsInN1YiI6InJlZ2lzdGVyIiwidXJsX3ByZWZpeCI6Ii91c2FnZXIifQ.nbf7-ag4iQk--DM9urQzVy_CkjByxYDHRBSrVbCdfic' successfully

2023-11-23 14:30:27 - [MESSAGE][INFO] - Checking url

2023-11-23 14:30:27 - [MESSAGE][INFO] - Navigating to 'https://preprod.administration-etrangers-en-france.interieur.gouv.fr/particuliers/#/espace-personnel/inscription/mot-de-passe?token=eyJ0eXAiOiJKV1QiLCJhbGciOiJIUzI1NiJ9.eyJpYXQiOjE3MDA3NDYxODkuMDczMDI4LCJleHAiOjE3MDA4MzI1ODkuMDczMDI4LCJsb2dpbiI6NDAwMjUwNjcsInN1YiI6InJlZ2lzdGVyIiwidXJsX3ByZWZpeCI6Ii91c2FnZXIifQ.nbf7-ag4iQk--DM9urQzVy_CkjByxYDHRBSrVbCdfic'

2023-11-23 14:30:29 - [MESSAGE][PASSED] - Navigate to 'https://preprod.administration-etrangers-en-france.interieur.gouv.fr/particuliers/#/espace-personnel/inscription/mot-de-passe?token=eyJ0eXAiOiJKV1QiLCJhbGciOiJIUzI1NiJ9.eyJpYXQiOjE3MDA3NDYxODkuMDczMDI4LCJleHAiOjE3MDA4MzI1ODkuMDczMDI4LCJsb2dpbiI6NDAwMjUwNjcsInN1YiI6InJlZ2lzdGVyIiwidXJsX3ByZWZpeCI6Ii91c2FnZXIifQ.nbf7-ag4iQk--DM9urQzVy_CkjByxYDHRBSrVbCdfic' successfully

2023-11-23 14:30:29 - [TEST_STEP][PASSED] - callTestCase(findTestCase("Test Reutilisable/Main/Verif_FormatNewPW"), [:], STOP_ON_FAILURE): Call Test Case 'Test Cases/Test Reutilisable/Main/Verif_FormatNewPW' successfully

2023-11-23 14:30:29 - [MESSAGE][INFO] - Checking called Test Case

2023-11-23 14:30:29 - [MESSAGE][INFO] - Starting to call Test Case 'Test Cases/Test Reutilisable/Main/Verif_FormatNewPW'

2023-11-23 14:30:30 - [TEST_CASE][PASSED] - Test Cases/Test Reutilisable/Main/Verif_FormatNewPW: Test Cases/Test Reutilisable/Main/Verif_FormatNewPW

2023-11-23 14:30:30 - [TEST_STEP][PASSED] - com.kazurayam.ksbackyard.HighlightElement.pandemic(): com.kazurayam.ksbackyard.HighlightElement.pandemic is PASSED

2023-11-23 14:30:30 - [MESSAGE][PASSED] - com.kazurayam.ksbackyard.HighlightElement.pandemic is PASSED

2023-11-23 14:30:30 - [TEST_STEP][PASSED] - println("CrÃ©er un mot de passe sans majuscule"): null

2023-11-23 14:30:30 - [TEST_STEP][PASSED] - setText(findTestObject("Object Repository/Connexion Usager/Input_Password"), "hhizaoui001!"): Text 'hhizaoui001!' is set on object 'Object Repository/Connexion Usager/Input_Password'

2023-11-23 14:30:30 - [MESSAGE][INFO] - Finding Test Object 'Object Repository/Connexion Usager/Input_Password'

2023-11-23 14:30:30 - [MESSAGE][INFO] - Checking timeout

2023-11-23 14:30:30 - [MESSAGE][INFO] - Finding web element with id: 'Object Repository/Connexion Usager/Input_Password' located by 'By.xpath: //*/app-input[1]/div/div/input [@type = 'password']' in '20' second(s)

2023-11-23 14:30:30 - [MESSAGE][INFO] - Smart Wait Function is triggered

2023-11-23 14:30:31 - [MESSAGE][INFO] - Found 1 web elements with id: 'Object Repository/Connexion Usager/Input_Password' located by 'By.xpath: //*/app-input[1]/div/div/input [@type = 'password']' in '20' second(s)

2023-11-23 14:30:31 - [MESSAGE][INFO] - Checking object

2023-11-23 14:30:31 - [MESSAGE][INFO] - Checking text

2023-11-23 14:30:31 - [MESSAGE][INFO] - Finding web element from Test Object's properties

2023-11-23 14:30:31 - [MESSAGE][INFO] - Checking timeout

2023-11-23 14:30:31 - [MESSAGE][INFO] - Finding web element with id: 'Object Repository/Connexion Usager/Input_Password' located by 'By.xpath: //*/app-input[1]/div/div/input [@type = 'password']' in '5' second(s)

2023-11-23 14:30:31 - [MESSAGE][INFO] - Smart Wait Function is triggered

2023-11-23 14:30:31 - [MESSAGE][INFO] - Found 1 web elements with id: 'Object Repository/Connexion Usager/Input_Password' located by 'By.xpath: //*/app-input[1]/div/div/input [@type = 'password']' in '5' second(s)

2023-11-23 14:30:31 - [MESSAGE][INFO] - Clearing text of object 'Object Repository/Connexion Usager/Input_Password'

2023-11-23 14:30:33 - [MESSAGE][INFO] - Finding web element from Test Object's properties

2023-11-23 14:30:33 - [MESSAGE][INFO] - Checking timeout

2023-11-23 14:30:33 - [MESSAGE][INFO] - Finding web element with id: 'Object Repository/Connexion Usager/Input_Password' located by 'By.xpath: //*/app-input[1]/div/div/input [@type = 'password']' in '5' second(s)

2023-11-23 14:30:33 - [MESSAGE][INFO] - Smart Wait Function is triggered

2023-11-23 14:30:33 - [MESSAGE][INFO] - Found 1 web elements with id: 'Object Repository/Connexion Usager/Input_Password' located by 'By.xpath: //*/app-input[1]/div/div/input [@type = 'password']' in '5' second(s)

2023-11-23 14:30:33 - [MESSAGE][INFO] - Setting text of object 'Object Repository/Connexion Usager/Input_Password' to value 'hhizaoui001!'

2023-11-23 14:30:35 - [MESSAGE][PASSED] - Text 'hhizaoui001!' is set on object 'Object Repository/Connexion Usager/Input_Password'

2023-11-23 14:30:35 - [TEST_STEP][PASSED] - setText(findTestObject("Object Repository/Connexion Usager/Input_ConfirmePassword"), "hhizaoui001!"): Text 'hhizaoui001!' is set on object 'Object Repository/Connexion Usager/Input_ConfirmePassword'

2023-11-23 14:30:35 - [MESSAGE][INFO] - Finding Test Object 'Object Repository/Connexion Usager/Input_ConfirmePassword'

2023-11-23 14:30:35 - [MESSAGE][INFO] - Checking timeout

2023-11-23 14:30:35 - [MESSAGE][INFO] - Finding web element with id: 'Object Repository/Connexion Usager/Input_ConfirmePassword' located by 'By.xpath: //*/app-input[2]/div/div/input [@type = 'password']' in '20' second(s)

2023-11-23 14:30:35 - [MESSAGE][INFO] - Smart Wait Function is triggered

2023-11-23 14:30:35 - [MESSAGE][INFO] - Found 1 web elements with id: 'Object Repository/Connexion Usager/Input_ConfirmePassword' located by 'By.xpath: //*/app-input[2]/div/div/input [@type = 'password']' in '20' second(s)

2023-11-23 14:30:35 - [MESSAGE][INFO] - Checking object

2023-11-23 14:30:35 - [MESSAGE][INFO] - Checking text

2023-11-23 14:30:35 - [MESSAGE][INFO] - Finding web element from Test Object's properties

2023-11-23 14:30:35 - [MESSAGE][INFO] - Checking timeout

2023-11-23 14:30:35 - [MESSAGE][INFO] - Finding web element with id: 'Object Repository/Connexion Usager/Input_ConfirmePassword' located by 'By.xpath: //*/app-input[2]/div/div/input [@type = 'password']' in '5' second(s)

2023-11-23 14:30:35 - [MESSAGE][INFO] - Smart Wait Function is triggered

2023-11-23 14:30:35 - [MESSAGE][INFO] - Found 1 web elements with id: 'Object Repository/Connexion Usager/Input_ConfirmePassword' located by 'By.xpath: //*/app-input[2]/div/div/input [@type = 'password']' in '5' second(s)

2023-11-23 14:30:35 - [MESSAGE][INFO] - Clearing text of object 'Object Repository/Connexion Usager/Input_ConfirmePassword'

2023-11-23 14:30:37 - [MESSAGE][INFO] - Finding web element from Test Object's properties

2023-11-23 14:30:37 - [MESSAGE][INFO] - Checking timeout

2023-11-23 14:30:37 - [MESSAGE][INFO] - Finding web element with id: 'Object Repository/Connexion Usager/Input_ConfirmePassword' located by 'By.xpath: //*/app-input[2]/div/div/input [@type = 'password']' in '5' second(s)

2023-11-23 14:30:37 - [MESSAGE][INFO] - Smart Wait Function is triggered

2023-11-23 14:30:37 - [MESSAGE][INFO] - Found 1 web elements with id: 'Object Repository/Connexion Usager/Input_ConfirmePassword' located by 'By.xpath: //*/app-input[2]/div/div/input [@type = 'password']' in '5' second(s)

2023-11-23 14:30:37 - [MESSAGE][INFO] - Setting text of object 'Object Repository/Connexion Usager/Input_ConfirmePassword' to value 'hhizaoui001!'

2023-11-23 14:30:39 - [MESSAGE][PASSED] - Text 'hhizaoui001!' is set on object 'Object Repository/Connexion Usager/Input_ConfirmePassword'

2023-11-23 14:30:39 - [TEST_STEP][PASSED] - click(findTestObject("Object Repository/Connexion Usager/btn_CreerMDP")): Object: 'Object Repository/Connexion Usager/btn_CreerMDP' is clicked on

2023-11-23 14:30:39 - [MESSAGE][INFO] - Finding Test Object 'Object Repository/Connexion Usager/btn_CreerMDP'

2023-11-23 14:30:39 - [MESSAGE][INFO] - Checking timeout

2023-11-23 14:30:39 - [MESSAGE][INFO] - Finding web element with id: 'Object Repository/Connexion Usager/btn_CreerMDP' located by 'By.xpath: //*/div/p-button/button [@type= 'button']' in '20' second(s)

2023-11-23 14:30:39 - [MESSAGE][INFO] - Smart Wait Function is triggered

2023-11-23 14:30:39 - [MESSAGE][INFO] - Found 1 web elements with id: 'Object Repository/Connexion Usager/btn_CreerMDP' located by 'By.xpath: //*/div/p-button/button [@type= 'button']' in '20' second(s)

2023-11-23 14:30:39 - [MESSAGE][INFO] - Checking object

2023-11-23 14:30:39 - [MESSAGE][INFO] - Checking timeout

2023-11-23 14:30:39 - [MESSAGE][INFO] - Finding web element from Test Object's properties

2023-11-23 14:30:39 - [MESSAGE][INFO] - Checking timeout

2023-11-23 14:30:39 - [MESSAGE][INFO] - Finding web element with id: 'Object Repository/Connexion Usager/btn_CreerMDP' located by 'By.xpath: //*/div/p-button/button [@type= 'button']' in '5' second(s)

2023-11-23 14:30:39 - [MESSAGE][INFO] - Smart Wait Function is triggered

2023-11-23 14:30:39 - [MESSAGE][INFO] - Found 1 web elements with id: 'Object Repository/Connexion Usager/btn_CreerMDP' located by 'By.xpath: //*/div/p-button/button [@type= 'button']' in '5' second(s)

2023-11-23 14:30:39 - [MESSAGE][INFO] - Clicking on object: 'Object Repository/Connexion Usager/btn_CreerMDP'

2023-11-23 14:30:42 - [MESSAGE][PASSED] - Object: 'Object Repository/Connexion Usager/btn_CreerMDP' is clicked on

2023-11-23 14:30:42 - [TEST_STEP][PASSED] - verifyElementPresent(findTestObject("Object Repository/Connexion Usager/div_MSG_FormatNonRespecte"), 1): Object 'Object Repository/Connexion Usager/div_MSG_FormatNonRespecte' is present

2023-11-23 14:30:42 - [MESSAGE][INFO] - Finding Test Object 'Object Repository/Connexion Usager/div_MSG_FormatNonRespecte'

2023-11-23 14:30:42 - [MESSAGE][INFO] - Checking object

2023-11-23 14:30:42 - [MESSAGE][INFO] - Finding web element from Test Object's properties

2023-11-23 14:30:42 - [MESSAGE][INFO] - Checking timeout

2023-11-23 14:30:42 - [MESSAGE][INFO] - Finding web element with id: 'Object Repository/Connexion Usager/div_MSG_FormatNonRespecte' located by 'By.xpath: //*/app-input[1]/div/div/div[1]/div[2]/div/span[2]' in '1' second(s)

2023-11-23 14:30:42 - [MESSAGE][INFO] - Smart Wait Function is triggered

2023-11-23 14:30:42 - [MESSAGE][INFO] - Found 1 web elements with id: 'Object Repository/Connexion Usager/div_MSG_FormatNonRespecte' located by 'By.xpath: //*/app-input[1]/div/div/div[1]/div[2]/div/span[2]' in '1' second(s)

2023-11-23 14:30:42 - [MESSAGE][PASSED] - Object 'Object Repository/Connexion Usager/div_MSG_FormatNonRespecte' is present

2023-11-23 14:30:42 - [TEST_STEP][PASSED] - println("CrÃ©er un mot de passe sans minuscule"): null

2023-11-23 14:30:42 - [TEST_STEP][PASSED] - setText(findTestObject("Object Repository/Connexion Usager/Input_Password"), "HHIZAOUI001!"): Text 'HHIZAOUI001!' is set on object 'Object Repository/Connexion Usager/Input_Password'

2023-11-23 14:30:42 - [MESSAGE][INFO] - Finding Test Object 'Object Repository/Connexion Usager/Input_Password'

2023-11-23 14:30:42 - [MESSAGE][INFO] - Checking timeout

2023-11-23 14:30:42 - [MESSAGE][INFO] - Finding web element with id: 'Object Repository/Connexion Usager/Input_Password' located by 'By.xpath: //*/app-input[1]/div/div/input [@type = 'password']' in '20' second(s)

2023-11-23 14:30:42 - [MESSAGE][INFO] - Smart Wait Function is triggered

2023-11-23 14:30:42 - [MESSAGE][INFO] - Found 1 web elements with id: 'Object Repository/Connexion Usager/Input_Password' located by 'By.xpath: //*/app-input[1]/div/div/input [@type = 'password']' in '20' second(s)

2023-11-23 14:30:42 - [MESSAGE][INFO] - Checking object

2023-11-23 14:30:42 - [MESSAGE][INFO] - Checking text

2023-11-23 14:30:42 - [MESSAGE][INFO] - Finding web element from Test Object's properties

2023-11-23 14:30:42 - [MESSAGE][INFO] - Checking timeout

2023-11-23 14:30:42 - [MESSAGE][INFO] - Finding web element with id: 'Object Repository/Connexion Usager/Input_Password' located by 'By.xpath: //*/app-input[1]/div/div/input [@type = 'password']' in '5' second(s)

2023-11-23 14:30:42 - [MESSAGE][INFO] - Smart Wait Function is triggered

2023-11-23 14:30:42 - [MESSAGE][INFO] - Found 1 web elements with id: 'Object Repository/Connexion Usager/Input_Password' located by 'By.xpath: //*/app-input[1]/div/div/input [@type = 'password']' in '5' second(s)

2023-11-23 14:30:42 - [MESSAGE][INFO] - Clearing text of object 'Object Repository/Connexion Usager/Input_Password'

2023-11-23 14:30:44 - [MESSAGE][INFO] - Finding web element from Test Object's properties

2023-11-23 14:30:44 - [MESSAGE][INFO] - Checking timeout

2023-11-23 14:30:44 - [MESSAGE][INFO] - Finding web element with id: 'Object Repository/Connexion Usager/Input_Password' located by 'By.xpath: //*/app-input[1]/div/div/input [@type = 'password']' in '5' second(s)

2023-11-23 14:30:44 - [MESSAGE][INFO] - Smart Wait Function is triggered

2023-11-23 14:30:44 - [MESSAGE][INFO] - Found 1 web elements with id: 'Object Repository/Connexion Usager/Input_Password' located by 'By.xpath: //*/app-input[1]/div/div/input [@type = 'password']' in '5' second(s)

2023-11-23 14:30:44 - [MESSAGE][INFO] - Setting text of object 'Object Repository/Connexion Usager/Input_Password' to value 'HHIZAOUI001!'

2023-11-23 14:30:46 - [MESSAGE][PASSED] - Text 'HHIZAOUI001!' is set on object 'Object Repository/Connexion Usager/Input_Password'

2023-11-23 14:30:46 - [TEST_STEP][PASSED] - setText(findTestObject("Object Repository/Connexion Usager/Input_ConfirmePassword"), "HHIZAOUI001!"): Text 'HHIZAOUI001!' is set on object 'Object Repository/Connexion Usager/Input_ConfirmePassword'

2023-11-23 14:30:46 - [MESSAGE][INFO] - Finding Test Object 'Object Repository/Connexion Usager/Input_ConfirmePassword'

2023-11-23 14:30:46 - [MESSAGE][INFO] - Checking timeout

2023-11-23 14:30:46 - [MESSAGE][INFO] - Finding web element with id: 'Object Repository/Connexion Usager/Input_ConfirmePassword' located by 'By.xpath: //*/app-input[2]/div/div/input [@type = 'password']' in '20' second(s)

2023-11-23 14:30:46 - [MESSAGE][INFO] - Smart Wait Function is triggered

2023-11-23 14:30:46 - [MESSAGE][INFO] - Found 1 web elements with id: 'Object Repository/Connexion Usager/Input_ConfirmePassword' located by 'By.xpath: //*/app-input[2]/div/div/input [@type = 'password']' in '20' second(s)

2023-11-23 14:30:46 - [MESSAGE][INFO] - Checking object

2023-11-23 14:30:46 - [MESSAGE][INFO] - Checking text

2023-11-23 14:30:46 - [MESSAGE][INFO] - Finding web element from Test Object's properties

2023-11-23 14:30:46 - [MESSAGE][INFO] - Checking timeout

2023-11-23 14:30:46 - [MESSAGE][INFO] - Finding web element with id: 'Object Repository/Connexion Usager/Input_ConfirmePassword' located by 'By.xpath: //*/app-input[2]/div/div/input [@type = 'password']' in '5' second(s)

2023-11-23 14:30:46 - [MESSAGE][INFO] - Smart Wait Function is triggered

2023-11-23 14:30:46 - [MESSAGE][INFO] - Found 1 web elements with id: 'Object Repository/Connexion Usager/Input_ConfirmePassword' located by 'By.xpath: //*/app-input[2]/div/div/input [@type = 'password']' in '5' second(s)

2023-11-23 14:30:46 - [MESSAGE][INFO] - Clearing text of object 'Object Repository/Connexion Usager/Input_ConfirmePassword'

2023-11-23 14:30:48 - [MESSAGE][INFO] - Finding web element from Test Object's properties

2023-11-23 14:30:48 - [MESSAGE][INFO] - Checking timeout

2023-11-23 14:30:48 - [MESSAGE][INFO] - Finding web element with id: 'Object Repository/Connexion Usager/Input_ConfirmePassword' located by 'By.xpath: //*/app-input[2]/div/div/input [@type = 'password']' in '5' second(s)

2023-11-23 14:30:48 - [MESSAGE][INFO] - Smart Wait Function is triggered

2023-11-23 14:30:48 - [MESSAGE][INFO] - Found 1 web elements with id: 'Object Repository/Connexion Usager/Input_ConfirmePassword' located by 'By.xpath: //*/app-input[2]/div/div/input [@type = 'password']' in '5' second(s)

2023-11-23 14:30:48 - [MESSAGE][INFO] - Setting text of object 'Object Repository/Connexion Usager/Input_ConfirmePassword' to value 'HHIZAOUI001!'

2023-11-23 14:30:50 - [MESSAGE][PASSED] - Text 'HHIZAOUI001!' is set on object 'Object Repository/Connexion Usager/Input_ConfirmePassword'

2023-11-23 14:30:50 - [TEST_STEP][PASSED] - click(findTestObject("Object Repository/Connexion Usager/btn_CreerMDP")): Object: 'Object Repository/Connexion Usager/btn_CreerMDP' is clicked on

2023-11-23 14:30:50 - [MESSAGE][INFO] - Finding Test Object 'Object Repository/Connexion Usager/btn_CreerMDP'

2023-11-23 14:30:51 - [MESSAGE][INFO] - Checking timeout

2023-11-23 14:30:51 - [MESSAGE][INFO] - Finding web element with id: 'Object Repository/Connexion Usager/btn_CreerMDP' located by 'By.xpath: //*/div/p-button/button [@type= 'button']' in '20' second(s)

2023-11-23 14:30:51 - [MESSAGE][INFO] - Smart Wait Function is triggered

2023-11-23 14:30:51 - [MESSAGE][INFO] - Found 1 web elements with id: 'Object Repository/Connexion Usager/btn_CreerMDP' located by 'By.xpath: //*/div/p-button/button [@type= 'button']' in '20' second(s)

2023-11-23 14:30:51 - [MESSAGE][INFO] - Checking object

2023-11-23 14:30:51 - [MESSAGE][INFO] - Checking timeout

2023-11-23 14:30:51 - [MESSAGE][INFO] - Finding web element from Test Object's properties

2023-11-23 14:30:51 - [MESSAGE][INFO] - Checking timeout

2023-11-23 14:30:51 - [MESSAGE][INFO] - Finding web element with id: 'Object Repository/Connexion Usager/btn_CreerMDP' located by 'By.xpath: //*/div/p-button/button [@type= 'button']' in '5' second(s)

2023-11-23 14:30:51 - [MESSAGE][INFO] - Smart Wait Function is triggered

2023-11-23 14:30:51 - [MESSAGE][INFO] - Found 1 web elements with id: 'Object Repository/Connexion Usager/btn_CreerMDP' located by 'By.xpath: //*/div/p-button/button [@type= 'button']' in '5' second(s)

2023-11-23 14:30:51 - [MESSAGE][INFO] - Clicking on object: 'Object Repository/Connexion Usager/btn_CreerMDP'

2023-11-23 14:30:53 - [MESSAGE][PASSED] - Object: 'Object Repository/Connexion Usager/btn_CreerMDP' is clicked on

2023-11-23 14:30:53 - [TEST_STEP][PASSED] - verifyElementPresent(findTestObject("Object Repository/Connexion Usager/div_MSG_FormatNonRespecte"), 1): Object 'Object Repository/Connexion Usager/div_MSG_FormatNonRespecte' is present

2023-11-23 14:30:53 - [MESSAGE][INFO] - Finding Test Object 'Object Repository/Connexion Usager/div_MSG_FormatNonRespecte'

2023-11-23 14:30:53 - [MESSAGE][INFO] - Checking object

2023-11-23 14:30:53 - [MESSAGE][INFO] - Finding web element from Test Object's properties

2023-11-23 14:30:53 - [MESSAGE][INFO] - Checking timeout

2023-11-23 14:30:53 - [MESSAGE][INFO] - Finding web element with id: 'Object Repository/Connexion Usager/div_MSG_FormatNonRespecte' located by 'By.xpath: //*/app-input[1]/div/div/div[1]/div[2]/div/span[2]' in '1' second(s)

2023-11-23 14:30:53 - [MESSAGE][INFO] - Smart Wait Function is triggered

2023-11-23 14:30:53 - [MESSAGE][INFO] - Found 1 web elements with id: 'Object Repository/Connexion Usager/div_MSG_FormatNonRespecte' located by 'By.xpath: //*/app-input[1]/div/div/div[1]/div[2]/div/span[2]' in '1' second(s)

2023-11-23 14:30:53 - [MESSAGE][PASSED] - Object 'Object Repository/Connexion Usager/div_MSG_FormatNonRespecte' is present

2023-11-23 14:30:53 - [TEST_STEP][PASSED] - println("CrÃ©er un mot de passe sans caractÃ¨re spÃ©cial"): null

2023-11-23 14:30:53 - [TEST_STEP][PASSED] - setText(findTestObject("Object Repository/Connexion Usager/Input_Password"), "HHizaoui0010"): Text 'HHizaoui0010' is set on object 'Object Repository/Connexion Usager/Input_Password'

2023-11-23 14:30:53 - [MESSAGE][INFO] - Finding Test Object 'Object Repository/Connexion Usager/Input_Password'

2023-11-23 14:30:53 - [MESSAGE][INFO] - Checking timeout

2023-11-23 14:30:53 - [MESSAGE][INFO] - Finding web element with id: 'Object Repository/Connexion Usager/Input_Password' located by 'By.xpath: //*/app-input[1]/div/div/input [@type = 'password']' in '20' second(s)

2023-11-23 14:30:53 - [MESSAGE][INFO] - Smart Wait Function is triggered

2023-11-23 14:30:53 - [MESSAGE][INFO] - Found 1 web elements with id: 'Object Repository/Connexion Usager/Input_Password' located by 'By.xpath: //*/app-input[1]/div/div/input [@type = 'password']' in '20' second(s)

2023-11-23 14:30:53 - [MESSAGE][INFO] - Checking object

2023-11-23 14:30:53 - [MESSAGE][INFO] - Checking text

2023-11-23 14:30:53 - [MESSAGE][INFO] - Finding web element from Test Object's properties

2023-11-23 14:30:53 - [MESSAGE][INFO] - Checking timeout

2023-11-23 14:30:53 - [MESSAGE][INFO] - Finding web element with id: 'Object Repository/Connexion Usager/Input_Password' located by 'By.xpath: //*/app-input[1]/div/div/input [@type = 'password']' in '5' second(s)

2023-11-23 14:30:53 - [MESSAGE][INFO] - Smart Wait Function is triggered

2023-11-23 14:30:53 - [MESSAGE][INFO] - Found 1 web elements with id: 'Object Repository/Connexion Usager/Input_Password' located by 'By.xpath: //*/app-input[1]/div/div/input [@type = 'password']' in '5' second(s)

2023-11-23 14:30:53 - [MESSAGE][INFO] - Clearing text of object 'Object Repository/Connexion Usager/Input_Password'

2023-11-23 14:30:55 - [MESSAGE][INFO] - Finding web element from Test Object's properties

2023-11-23 14:30:55 - [MESSAGE][INFO] - Checking timeout

2023-11-23 14:30:55 - [MESSAGE][INFO] - Finding web element with id: 'Object Repository/Connexion Usager/Input_Password' located by 'By.xpath: //*/app-input[1]/div/div/input [@type = 'password']' in '5' second(s)

2023-11-23 14:30:55 - [MESSAGE][INFO] - Smart Wait Function is triggered

2023-11-23 14:30:55 - [MESSAGE][INFO] - Found 1 web elements with id: 'Object Repository/Connexion Usager/Input_Password' located by 'By.xpath: //*/app-input[1]/div/div/input [@type = 'password']' in '5' second(s)

2023-11-23 14:30:55 - [MESSAGE][INFO] - Setting text of object 'Object Repository/Connexion Usager/Input_Password' to value 'HHizaoui0010'

2023-11-23 14:30:57 - [MESSAGE][PASSED] - Text 'HHizaoui0010' is set on object 'Object Repository/Connexion Usager/Input_Password'

2023-11-23 14:30:57 - [TEST_STEP][PASSED] - setText(findTestObject("Object Repository/Connexion Usager/Input_ConfirmePassword"), "HHizaoui0010"): Text 'HHizaoui0010' is set on object 'Object Repository/Connexion Usager/Input_ConfirmePassword'

2023-11-23 14:30:57 - [MESSAGE][INFO] - Finding Test Object 'Object Repository/Connexion Usager/Input_ConfirmePassword'

2023-11-23 14:30:57 - [MESSAGE][INFO] - Checking timeout

2023-11-23 14:30:57 - [MESSAGE][INFO] - Finding web element with id: 'Object Repository/Connexion Usager/Input_ConfirmePassword' located by 'By.xpath: //*/app-input[2]/div/div/input [@type = 'password']' in '20' second(s)

2023-11-23 14:30:57 - [MESSAGE][INFO] - Smart Wait Function is triggered

2023-11-23 14:30:57 - [MESSAGE][INFO] - Found 1 web elements with id: 'Object Repository/Connexion Usager/Input_ConfirmePassword' located by 'By.xpath: //*/app-input[2]/div/div/input [@type = 'password']' in '20' second(s)

2023-11-23 14:30:57 - [MESSAGE][INFO] - Checking object

2023-11-23 14:30:57 - [MESSAGE][INFO] - Checking text

2023-11-23 14:30:57 - [MESSAGE][INFO] - Finding web element from Test Object's properties

2023-11-23 14:30:57 - [MESSAGE][INFO] - Checking timeout

2023-11-23 14:30:57 - [MESSAGE][INFO] - Finding web element with id: 'Object Repository/Connexion Usager/Input_ConfirmePassword' located by 'By.xpath: //*/app-input[2]/div/div/input [@type = 'password']' in '5' second(s)

2023-11-23 14:30:57 - [MESSAGE][INFO] - Smart Wait Function is triggered

2023-11-23 14:30:57 - [MESSAGE][INFO] - Found 1 web elements with id: 'Object Repository/Connexion Usager/Input_ConfirmePassword' located by 'By.xpath: //*/app-input[2]/div/div/input [@type = 'password']' in '5' second(s)

2023-11-23 14:30:57 - [MESSAGE][INFO] - Clearing text of object 'Object Repository/Connexion Usager/Input_ConfirmePassword'

2023-11-23 14:30:59 - [MESSAGE][INFO] - Finding web element from Test Object's properties

2023-11-23 14:30:59 - [MESSAGE][INFO] - Checking timeout

2023-11-23 14:30:59 - [MESSAGE][INFO] - Finding web element with id: 'Object Repository/Connexion Usager/Input_ConfirmePassword' located by 'By.xpath: //*/app-input[2]/div/div/input [@type = 'password']' in '5' second(s)

2023-11-23 14:30:59 - [MESSAGE][INFO] - Smart Wait Function is triggered

2023-11-23 14:30:59 - [MESSAGE][INFO] - Found 1 web elements with id: 'Object Repository/Connexion Usager/Input_ConfirmePassword' located by 'By.xpath: //*/app-input[2]/div/div/input [@type = 'password']' in '5' second(s)

2023-11-23 14:30:59 - [MESSAGE][INFO] - Setting text of object 'Object Repository/Connexion Usager/Input_ConfirmePassword' to value 'HHizaoui0010'

2023-11-23 14:31:02 - [MESSAGE][PASSED] - Text 'HHizaoui0010' is set on object 'Object Repository/Connexion Usager/Input_ConfirmePassword'

2023-11-23 14:31:02 - [TEST_STEP][PASSED] - click(findTestObject("Object Repository/Connexion Usager/btn_CreerMDP")): Object: 'Object Repository/Connexion Usager/btn_CreerMDP' is clicked on

2023-11-23 14:31:02 - [MESSAGE][INFO] - Finding Test Object 'Object Repository/Connexion Usager/btn_CreerMDP'

2023-11-23 14:31:02 - [MESSAGE][INFO] - Checking timeout

2023-11-23 14:31:02 - [MESSAGE][INFO] - Finding web element with id: 'Object Repository/Connexion Usager/btn_CreerMDP' located by 'By.xpath: //*/div/p-button/button [@type= 'button']' in '20' second(s)

2023-11-23 14:31:02 - [MESSAGE][INFO] - Smart Wait Function is triggered

2023-11-23 14:31:02 - [MESSAGE][INFO] - Found 1 web elements with id: 'Object Repository/Connexion Usager/btn_CreerMDP' located by 'By.xpath: //*/div/p-button/button [@type= 'button']' in '20' second(s)

2023-11-23 14:31:02 - [MESSAGE][INFO] - Checking object

2023-11-23 14:31:02 - [MESSAGE][INFO] - Checking timeout

2023-11-23 14:31:02 - [MESSAGE][INFO] - Finding web element from Test Object's properties

2023-11-23 14:31:02 - [MESSAGE][INFO] - Checking timeout

2023-11-23 14:31:02 - [MESSAGE][INFO] - Finding web element with id: 'Object Repository/Connexion Usager/btn_CreerMDP' located by 'By.xpath: //*/div/p-button/button [@type= 'button']' in '5' second(s)

2023-11-23 14:31:02 - [MESSAGE][INFO] - Smart Wait Function is triggered

2023-11-23 14:31:02 - [MESSAGE][INFO] - Found 1 web elements with id: 'Object Repository/Connexion Usager/btn_CreerMDP' located by 'By.xpath: //*/div/p-button/button [@type= 'button']' in '5' second(s)

2023-11-23 14:31:02 - [MESSAGE][INFO] - Clicking on object: 'Object Repository/Connexion Usager/btn_CreerMDP'

2023-11-23 14:31:04 - [MESSAGE][PASSED] - Object: 'Object Repository/Connexion Usager/btn_CreerMDP' is clicked on

2023-11-23 14:31:04 - [TEST_STEP][PASSED] - verifyElementPresent(findTestObject("Object Repository/Connexion Usager/div_MSG_FormatNonRespecte"), 1): Object 'Object Repository/Connexion Usager/div_MSG_FormatNonRespecte' is present

2023-11-23 14:31:04 - [MESSAGE][INFO] - Finding Test Object 'Object Repository/Connexion Usager/div_MSG_FormatNonRespecte'

2023-11-23 14:31:04 - [MESSAGE][INFO] - Checking object

2023-11-23 14:31:04 - [MESSAGE][INFO] - Finding web element from Test Object's properties

2023-11-23 14:31:04 - [MESSAGE][INFO] - Checking timeout

2023-11-23 14:31:04 - [MESSAGE][INFO] - Finding web element with id: 'Object Repository/Connexion Usager/div_MSG_FormatNonRespecte' located by 'By.xpath: //*/app-input[1]/div/div/div[1]/div[2]/div/span[2]' in '1' second(s)

2023-11-23 14:31:04 - [MESSAGE][INFO] - Smart Wait Function is triggered

2023-11-23 14:31:04 - [MESSAGE][INFO] - Found 1 web elements with id: 'Object Repository/Connexion Usager/div_MSG_FormatNonRespecte' located by 'By.xpath: //*/app-input[1]/div/div/div[1]/div[2]/div/span[2]' in '1' second(s)

2023-11-23 14:31:04 - [MESSAGE][PASSED] - Object 'Object Repository/Connexion Usager/div_MSG_FormatNonRespecte' is present

2023-11-23 14:31:04 - [TEST_STEP][PASSED] - println("CrÃ©er un mot de passe sans chiffre"): null

2023-11-23 14:31:04 - [TEST_STEP][PASSED] - setText(findTestObject("Object Repository/Connexion Usager/Input_Password"), "HHizaouihiza!"): Text 'HHizaouihiza!' is set on object 'Object Repository/Connexion Usager/Input_Password'

2023-11-23 14:31:04 - [MESSAGE][INFO] - Finding Test Object 'Object Repository/Connexion Usager/Input_Password'

2023-11-23 14:31:04 - [MESSAGE][INFO] - Checking timeout

2023-11-23 14:31:04 - [MESSAGE][INFO] - Finding web element with id: 'Object Repository/Connexion Usager/Input_Password' located by 'By.xpath: //*/app-input[1]/div/div/input [@type = 'password']' in '20' second(s)

2023-11-23 14:31:04 - [MESSAGE][INFO] - Smart Wait Function is triggered

2023-11-23 14:31:04 - [MESSAGE][INFO] - Found 1 web elements with id: 'Object Repository/Connexion Usager/Input_Password' located by 'By.xpath: //*/app-input[1]/div/div/input [@type = 'password']' in '20' second(s)

2023-11-23 14:31:04 - [MESSAGE][INFO] - Checking object

2023-11-23 14:31:04 - [MESSAGE][INFO] - Checking text

2023-11-23 14:31:04 - [MESSAGE][INFO] - Finding web element from Test Object's properties

2023-11-23 14:31:04 - [MESSAGE][INFO] - Checking timeout

2023-11-23 14:31:04 - [MESSAGE][INFO] - Finding web element with id: 'Object Repository/Connexion Usager/Input_Password' located by 'By.xpath: //*/app-input[1]/div/div/input [@type = 'password']' in '5' second(s)

2023-11-23 14:31:04 - [MESSAGE][INFO] - Smart Wait Function is triggered

2023-11-23 14:31:04 - [MESSAGE][INFO] - Found 1 web elements with id: 'Object Repository/Connexion Usager/Input_Password' located by 'By.xpath: //*/app-input[1]/div/div/input [@type = 'password']' in '5' second(s)

2023-11-23 14:31:04 - [MESSAGE][INFO] - Clearing text of object 'Object Repository/Connexion Usager/Input_Password'

2023-11-23 14:31:06 - [MESSAGE][INFO] - Finding web element from Test Object's properties

2023-11-23 14:31:06 - [MESSAGE][INFO] - Checking timeout

2023-11-23 14:31:06 - [MESSAGE][INFO] - Finding web element with id: 'Object Repository/Connexion Usager/Input_Password' located by 'By.xpath: //*/app-input[1]/div/div/input [@type = 'password']' in '5' second(s)

2023-11-23 14:31:06 - [MESSAGE][INFO] - Smart Wait Function is triggered

2023-11-23 14:31:06 - [MESSAGE][INFO] - Found 1 web elements with id: 'Object Repository/Connexion Usager/Input_Password' located by 'By.xpath: //*/app-input[1]/div/div/input [@type = 'password']' in '5' second(s)

2023-11-23 14:31:06 - [MESSAGE][INFO] - Setting text of object 'Object Repository/Connexion Usager/Input_Password' to value 'HHizaouihiza!'

2023-11-23 14:31:08 - [MESSAGE][PASSED] - Text 'HHizaouihiza!' is set on object 'Object Repository/Connexion Usager/Input_Password'

2023-11-23 14:31:08 - [TEST_STEP][PASSED] - setText(findTestObject("Object Repository/Connexion Usager/Input_ConfirmePassword"), "HHizaouihiza!"): Text 'HHizaouihiza!' is set on object 'Object Repository/Connexion Usager/Input_ConfirmePassword'

2023-11-23 14:31:08 - [MESSAGE][INFO] - Finding Test Object 'Object Repository/Connexion Usager/Input_ConfirmePassword'

2023-11-23 14:31:08 - [MESSAGE][INFO] - Checking timeout

2023-11-23 14:31:08 - [MESSAGE][INFO] - Finding web element with id: 'Object Repository/Connexion Usager/Input_ConfirmePassword' located by 'By.xpath: //*/app-input[2]/div/div/input [@type = 'password']' in '20' second(s)

2023-11-23 14:31:08 - [MESSAGE][INFO] - Smart Wait Function is triggered

2023-11-23 14:31:09 - [MESSAGE][INFO] - Found 1 web elements with id: 'Object Repository/Connexion Usager/Input_ConfirmePassword' located by 'By.xpath: //*/app-input[2]/div/div/input [@type = 'password']' in '20' second(s)

2023-11-23 14:31:09 - [MESSAGE][INFO] - Checking object

2023-11-23 14:31:09 - [MESSAGE][INFO] - Checking text

2023-11-23 14:31:09 - [MESSAGE][INFO] - Finding web element from Test Object's properties

2023-11-23 14:31:09 - [MESSAGE][INFO] - Checking timeout

2023-11-23 14:31:09 - [MESSAGE][INFO] - Finding web element with id: 'Object Repository/Connexion Usager/Input_ConfirmePassword' located by 'By.xpath: //*/app-input[2]/div/div/input [@type = 'password']' in '5' second(s)

2023-11-23 14:31:09 - [MESSAGE][INFO] - Smart Wait Function is triggered

2023-11-23 14:31:09 - [MESSAGE][INFO] - Found 1 web elements with id: 'Object Repository/Connexion Usager/Input_ConfirmePassword' located by 'By.xpath: //*/app-input[2]/div/div/input [@type = 'password']' in '5' second(s)

2023-11-23 14:31:09 - [MESSAGE][INFO] - Clearing text of object 'Object Repository/Connexion Usager/Input_ConfirmePassword'

2023-11-23 14:31:11 - [MESSAGE][INFO] - Finding web element from Test Object's properties

2023-11-23 14:31:11 - [MESSAGE][INFO] - Checking timeout

2023-11-23 14:31:11 - [MESSAGE][INFO] - Finding web element with id: 'Object Repository/Connexion Usager/Input_ConfirmePassword' located by 'By.xpath: //*/app-input[2]/div/div/input [@type = 'password']' in '5' second(s)

2023-11-23 14:31:11 - [MESSAGE][INFO] - Smart Wait Function is triggered

2023-11-23 14:31:11 - [MESSAGE][INFO] - Found 1 web elements with id: 'Object Repository/Connexion Usager/Input_ConfirmePassword' located by 'By.xpath: //*/app-input[2]/div/div/input [@type = 'password']' in '5' second(s)

2023-11-23 14:31:11 - [MESSAGE][INFO] - Setting text of object 'Object Repository/Connexion Usager/Input_ConfirmePassword' to value 'HHizaouihiza!'

2023-11-23 14:31:13 - [MESSAGE][PASSED] - Text 'HHizaouihiza!' is set on object 'Object Repository/Connexion Usager/Input_ConfirmePassword'

2023-11-23 14:31:13 - [TEST_STEP][PASSED] - click(findTestObject("Object Repository/Connexion Usager/btn_CreerMDP")): Object: 'Object Repository/Connexion Usager/btn_CreerMDP' is clicked on

2023-11-23 14:31:13 - [MESSAGE][INFO] - Finding Test Object 'Object Repository/Connexion Usager/btn_CreerMDP'

2023-11-23 14:31:13 - [MESSAGE][INFO] - Checking timeout

2023-11-23 14:31:13 - [MESSAGE][INFO] - Finding web element with id: 'Object Repository/Connexion Usager/btn_CreerMDP' located by 'By.xpath: //*/div/p-button/button [@type= 'button']' in '20' second(s)

2023-11-23 14:31:13 - [MESSAGE][INFO] - Smart Wait Function is triggered

2023-11-23 14:31:13 - [MESSAGE][INFO] - Found 1 web elements with id: 'Object Repository/Connexion Usager/btn_CreerMDP' located by 'By.xpath: //*/div/p-button/button [@type= 'button']' in '20' second(s)

2023-11-23 14:31:13 - [MESSAGE][INFO] - Checking object

2023-11-23 14:31:13 - [MESSAGE][INFO] - Checking timeout

2023-11-23 14:31:13 - [MESSAGE][INFO] - Finding web element from Test Object's properties

2023-11-23 14:31:13 - [MESSAGE][INFO] - Checking timeout

2023-11-23 14:31:13 - [MESSAGE][INFO] - Finding web element with id: 'Object Repository/Connexion Usager/btn_CreerMDP' located by 'By.xpath: //*/div/p-button/button [@type= 'button']' in '5' second(s)

2023-11-23 14:31:13 - [MESSAGE][INFO] - Smart Wait Function is triggered

2023-11-23 14:31:13 - [MESSAGE][INFO] - Found 1 web elements with id: 'Object Repository/Connexion Usager/btn_CreerMDP' located by 'By.xpath: //*/div/p-button/button [@type= 'button']' in '5' second(s)

2023-11-23 14:31:13 - [MESSAGE][INFO] - Clicking on object: 'Object Repository/Connexion Usager/btn_CreerMDP'

2023-11-23 14:31:15 - [MESSAGE][PASSED] - Object: 'Object Repository/Connexion Usager/btn_CreerMDP' is clicked on

2023-11-23 14:31:15 - [TEST_STEP][PASSED] - verifyElementPresent(findTestObject("Object Repository/Connexion Usager/div_MSG_FormatNonRespecte"), 1): Object 'Object Repository/Connexion Usager/div_MSG_FormatNonRespecte' is present

2023-11-23 14:31:15 - [MESSAGE][INFO] - Finding Test Object 'Object Repository/Connexion Usager/div_MSG_FormatNonRespecte'

2023-11-23 14:31:15 - [MESSAGE][INFO] - Checking object

2023-11-23 14:31:15 - [MESSAGE][INFO] - Finding web element from Test Object's properties

2023-11-23 14:31:15 - [MESSAGE][INFO] - Checking timeout

2023-11-23 14:31:15 - [MESSAGE][INFO] - Finding web element with id: 'Object Repository/Connexion Usager/div_MSG_FormatNonRespecte' located by 'By.xpath: //*/app-input[1]/div/div/div[1]/div[2]/div/span[2]' in '1' second(s)

2023-11-23 14:31:15 - [MESSAGE][INFO] - Smart Wait Function is triggered

2023-11-23 14:31:15 - [MESSAGE][INFO] - Found 1 web elements with id: 'Object Repository/Connexion Usager/div_MSG_FormatNonRespecte' located by 'By.xpath: //*/app-input[1]/div/div/div[1]/div[2]/div/span[2]' in '1' second(s)

2023-11-23 14:31:15 - [MESSAGE][PASSED] - Object 'Object Repository/Connexion Usager/div_MSG_FormatNonRespecte' is present

2023-11-23 14:31:15 - [TEST_STEP][PASSED] - println("Saisir 2 mots de passe diffÃ©rents"): null

2023-11-23 14:31:15 - [TEST_STEP][PASSED] - setText(findTestObject("Object Repository/Connexion Usager/Input_Password"), "HHizaoui001!"): Text 'HHizaoui001!' is set on object 'Object Repository/Connexion Usager/Input_Password'

2023-11-23 14:31:15 - [MESSAGE][INFO] - Finding Test Object 'Object Repository/Connexion Usager/Input_Password'

2023-11-23 14:31:15 - [MESSAGE][INFO] - Checking timeout

2023-11-23 14:31:15 - [MESSAGE][INFO] - Finding web element with id: 'Object Repository/Connexion Usager/Input_Password' located by 'By.xpath: //*/app-input[1]/div/div/input [@type = 'password']' in '20' second(s)

2023-11-23 14:31:15 - [MESSAGE][INFO] - Smart Wait Function is triggered

2023-11-23 14:31:15 - [MESSAGE][INFO] - Found 1 web elements with id: 'Object Repository/Connexion Usager/Input_Password' located by 'By.xpath: //*/app-input[1]/div/div/input [@type = 'password']' in '20' second(s)

2023-11-23 14:31:15 - [MESSAGE][INFO] - Checking object

2023-11-23 14:31:15 - [MESSAGE][INFO] - Checking text

2023-11-23 14:31:15 - [MESSAGE][INFO] - Finding web element from Test Object's properties

2023-11-23 14:31:15 - [MESSAGE][INFO] - Checking timeout

2023-11-23 14:31:15 - [MESSAGE][INFO] - Finding web element with id: 'Object Repository/Connexion Usager/Input_Password' located by 'By.xpath: //*/app-input[1]/div/div/input [@type = 'password']' in '5' second(s)

2023-11-23 14:31:15 - [MESSAGE][INFO] - Smart Wait Function is triggered

2023-11-23 14:31:15 - [MESSAGE][INFO] - Found 1 web elements with id: 'Object Repository/Connexion Usager/Input_Password' located by 'By.xpath: //*/app-input[1]/div/div/input [@type = 'password']' in '5' second(s)

2023-11-23 14:31:15 - [MESSAGE][INFO] - Clearing text of object 'Object Repository/Connexion Usager/Input_Password'

2023-11-23 14:31:17 - [MESSAGE][INFO] - Finding web element from Test Object's properties

2023-11-23 14:31:17 - [MESSAGE][INFO] - Checking timeout

2023-11-23 14:31:17 - [MESSAGE][INFO] - Finding web element with id: 'Object Repository/Connexion Usager/Input_Password' located by 'By.xpath: //*/app-input[1]/div/div/input [@type = 'password']' in '5' second(s)

2023-11-23 14:31:17 - [MESSAGE][INFO] - Smart Wait Function is triggered

2023-11-23 14:31:17 - [MESSAGE][INFO] - Found 1 web elements with id: 'Object Repository/Connexion Usager/Input_Password' located by 'By.xpath: //*/app-input[1]/div/div/input [@type = 'password']' in '5' second(s)

2023-11-23 14:31:17 - [MESSAGE][INFO] - Setting text of object 'Object Repository/Connexion Usager/Input_Password' to value 'HHizaoui001!'

2023-11-23 14:31:20 - [MESSAGE][PASSED] - Text 'HHizaoui001!' is set on object 'Object Repository/Connexion Usager/Input_Password'

2023-11-23 14:31:20 - [TEST_STEP][PASSED] - setText(findTestObject("Object Repository/Connexion Usager/Input_ConfirmePassword"), "HHizaoui001!def"): Text 'HHizaoui001!def' is set on object 'Object Repository/Connexion Usager/Input_ConfirmePassword'

2023-11-23 14:31:20 - [MESSAGE][INFO] - Finding Test Object 'Object Repository/Connexion Usager/Input_ConfirmePassword'

2023-11-23 14:31:20 - [MESSAGE][INFO] - Checking timeout

2023-11-23 14:31:20 - [MESSAGE][INFO] - Finding web element with id: 'Object Repository/Connexion Usager/Input_ConfirmePassword' located by 'By.xpath: //*/app-input[2]/div/div/input [@type = 'password']' in '20' second(s)

2023-11-23 14:31:20 - [MESSAGE][INFO] - Smart Wait Function is triggered

2023-11-23 14:31:20 - [MESSAGE][INFO] - Found 1 web elements with id: 'Object Repository/Connexion Usager/Input_ConfirmePassword' located by 'By.xpath: //*/app-input[2]/div/div/input [@type = 'password']' in '20' second(s)

2023-11-23 14:31:20 - [MESSAGE][INFO] - Checking object

2023-11-23 14:31:20 - [MESSAGE][INFO] - Checking text

2023-11-23 14:31:20 - [MESSAGE][INFO] - Finding web element from Test Object's properties

2023-11-23 14:31:20 - [MESSAGE][INFO] - Checking timeout

2023-11-23 14:31:20 - [MESSAGE][INFO] - Finding web element with id: 'Object Repository/Connexion Usager/Input_ConfirmePassword' located by 'By.xpath: //*/app-input[2]/div/div/input [@type = 'password']' in '5' second(s)

2023-11-23 14:31:20 - [MESSAGE][INFO] - Smart Wait Function is triggered

2023-11-23 14:31:20 - [MESSAGE][INFO] - Found 1 web elements with id: 'Object Repository/Connexion Usager/Input_ConfirmePassword' located by 'By.xpath: //*/app-input[2]/div/div/input [@type = 'password']' in '5' second(s)

2023-11-23 14:31:20 - [MESSAGE][INFO] - Clearing text of object 'Object Repository/Connexion Usager/Input_ConfirmePassword'

2023-11-23 14:31:22 - [MESSAGE][INFO] - Finding web element from Test Object's properties

2023-11-23 14:31:22 - [MESSAGE][INFO] - Checking timeout

2023-11-23 14:31:22 - [MESSAGE][INFO] - Finding web element with id: 'Object Repository/Connexion Usager/Input_ConfirmePassword' located by 'By.xpath: //*/app-input[2]/div/div/input [@type = 'password']' in '5' second(s)

2023-11-23 14:31:22 - [MESSAGE][INFO] - Smart Wait Function is triggered

2023-11-23 14:31:22 - [MESSAGE][INFO] - Found 1 web elements with id: 'Object Repository/Connexion Usager/Input_ConfirmePassword' located by 'By.xpath: //*/app-input[2]/div/div/input [@type = 'password']' in '5' second(s)

2023-11-23 14:31:22 - [MESSAGE][INFO] - Setting text of object 'Object Repository/Connexion Usager/Input_ConfirmePassword' to value 'HHizaoui001!def'

2023-11-23 14:31:24 - [MESSAGE][PASSED] - Text 'HHizaoui001!def' is set on object 'Object Repository/Connexion Usager/Input_ConfirmePassword'

2023-11-23 14:31:24 - [TEST_STEP][PASSED] - click(findTestObject("Object Repository/Connexion Usager/btn_CreerMDP")): Object: 'Object Repository/Connexion Usager/btn_CreerMDP' is clicked on

2023-11-23 14:31:24 - [MESSAGE][INFO] - Finding Test Object 'Object Repository/Connexion Usager/btn_CreerMDP'

2023-11-23 14:31:24 - [MESSAGE][INFO] - Checking timeout

2023-11-23 14:31:24 - [MESSAGE][INFO] - Finding web element with id: 'Object Repository/Connexion Usager/btn_CreerMDP' located by 'By.xpath: //*/div/p-button/button [@type= 'button']' in '20' second(s)

2023-11-23 14:31:24 - [MESSAGE][INFO] - Smart Wait Function is triggered

2023-11-23 14:31:24 - [MESSAGE][INFO] - Found 1 web elements with id: 'Object Repository/Connexion Usager/btn_CreerMDP' located by 'By.xpath: //*/div/p-button/button [@type= 'button']' in '20' second(s)

2023-11-23 14:31:24 - [MESSAGE][INFO] - Checking object

2023-11-23 14:31:24 - [MESSAGE][INFO] - Checking timeout

2023-11-23 14:31:24 - [MESSAGE][INFO] - Finding web element from Test Object's properties

2023-11-23 14:31:24 - [MESSAGE][INFO] - Checking timeout

2023-11-23 14:31:24 - [MESSAGE][INFO] - Finding web element with id: 'Object Repository/Connexion Usager/btn_CreerMDP' located by 'By.xpath: //*/div/p-button/button [@type= 'button']' in '5' second(s)

2023-11-23 14:31:24 - [MESSAGE][INFO] - Smart Wait Function is triggered

2023-11-23 14:31:24 - [MESSAGE][INFO] - Found 1 web elements with id: 'Object Repository/Connexion Usager/btn_CreerMDP' located by 'By.xpath: //*/div/p-button/button [@type= 'button']' in '5' second(s)

2023-11-23 14:31:24 - [MESSAGE][INFO] - Clicking on object: 'Object Repository/Connexion Usager/btn_CreerMDP'

2023-11-23 14:31:26 - [MESSAGE][PASSED] - Object: 'Object Repository/Connexion Usager/btn_CreerMDP' is clicked on

2023-11-23 14:31:26 - [TEST_STEP][PASSED] - verifyElementPresent(findTestObject("Object Repository/Connexion Usager/div_ MSG_ChampsDoiventEtreIdentiques"), 1): Object 'Object Repository/Connexion Usager/div_ MSG_ChampsDoiventEtreIdentiques' is present

2023-11-23 14:31:26 - [MESSAGE][INFO] - Finding Test Object 'Object Repository/Connexion Usager/div_ MSG_ChampsDoiventEtreIdentiques'

2023-11-23 14:31:26 - [MESSAGE][INFO] - Checking object

2023-11-23 14:31:26 - [MESSAGE][INFO] - Finding web element from Test Object's properties

2023-11-23 14:31:26 - [MESSAGE][INFO] - Checking timeout

2023-11-23 14:31:26 - [MESSAGE][INFO] - Finding web element with id: 'Object Repository/Connexion Usager/div_ MSG_ChampsDoiventEtreIdentiques' located by 'By.xpath: //*/div[2]/div/div[1]/p/span' in '1' second(s)

2023-11-23 14:31:26 - [MESSAGE][INFO] - Smart Wait Function is triggered

2023-11-23 14:31:26 - [MESSAGE][INFO] - Found 1 web elements with id: 'Object Repository/Connexion Usager/div_ MSG_ChampsDoiventEtreIdentiques' located by 'By.xpath: //*/div[2]/div/div[1]/p/span' in '1' second(s)

2023-11-23 14:31:26 - [MESSAGE][PASSED] - Object 'Object Repository/Connexion Usager/div_ MSG_ChampsDoiventEtreIdentiques' is present

2023-11-23 14:31:26 - [TEST_STEP][PASSED] - println("CrÃ©er un mot de passe moins de 12 caractÃ¨res"): null

2023-11-23 14:31:26 - [TEST_STEP][PASSED] - setText(findTestObject("Object Repository/Connexion Usager/Input_Password"), "HHiza001!"): Text 'HHiza001!' is set on object 'Object Repository/Connexion Usager/Input_Password'

2023-11-23 14:31:26 - [MESSAGE][INFO] - Finding Test Object 'Object Repository/Connexion Usager/Input_Password'

2023-11-23 14:31:26 - [MESSAGE][INFO] - Checking timeout

2023-11-23 14:31:26 - [MESSAGE][INFO] - Finding web element with id: 'Object Repository/Connexion Usager/Input_Password' located by 'By.xpath: //*/app-input[1]/div/div/input [@type = 'password']' in '20' second(s)

2023-11-23 14:31:26 - [MESSAGE][INFO] - Smart Wait Function is triggered

2023-11-23 14:31:27 - [MESSAGE][INFO] - Found 1 web elements with id: 'Object Repository/Connexion Usager/Input_Password' located by 'By.xpath: //*/app-input[1]/div/div/input [@type = 'password']' in '20' second(s)

2023-11-23 14:31:27 - [MESSAGE][INFO] - Checking object

2023-11-23 14:31:27 - [MESSAGE][INFO] - Checking text

2023-11-23 14:31:27 - [MESSAGE][INFO] - Finding web element from Test Object's properties

2023-11-23 14:31:27 - [MESSAGE][INFO] - Checking timeout

2023-11-23 14:31:27 - [MESSAGE][INFO] - Finding web element with id: 'Object Repository/Connexion Usager/Input_Password' located by 'By.xpath: //*/app-input[1]/div/div/input [@type = 'password']' in '5' second(s)

2023-11-23 14:31:27 - [MESSAGE][INFO] - Smart Wait Function is triggered

2023-11-23 14:31:27 - [MESSAGE][INFO] - Found 1 web elements with id: 'Object Repository/Connexion Usager/Input_Password' located by 'By.xpath: //*/app-input[1]/div/div/input [@type = 'password']' in '5' second(s)

2023-11-23 14:31:27 - [MESSAGE][INFO] - Clearing text of object 'Object Repository/Connexion Usager/Input_Password'

2023-11-23 14:31:29 - [MESSAGE][INFO] - Finding web element from Test Object's properties

2023-11-23 14:31:29 - [MESSAGE][INFO] - Checking timeout

2023-11-23 14:31:29 - [MESSAGE][INFO] - Finding web element with id: 'Object Repository/Connexion Usager/Input_Password' located by 'By.xpath: //*/app-input[1]/div/div/input [@type = 'password']' in '5' second(s)

2023-11-23 14:31:29 - [MESSAGE][INFO] - Smart Wait Function is triggered

2023-11-23 14:31:29 - [MESSAGE][INFO] - Found 1 web elements with id: 'Object Repository/Connexion Usager/Input_Password' located by 'By.xpath: //*/app-input[1]/div/div/input [@type = 'password']' in '5' second(s)

2023-11-23 14:31:29 - [MESSAGE][INFO] - Setting text of object 'Object Repository/Connexion Usager/Input_Password' to value 'HHiza001!'

2023-11-23 14:31:31 - [MESSAGE][PASSED] - Text 'HHiza001!' is set on object 'Object Repository/Connexion Usager/Input_Password'

2023-11-23 14:31:31 - [TEST_STEP][PASSED] - setText(findTestObject("Object Repository/Connexion Usager/Input_ConfirmePassword"), "HHiza001!"): Text 'HHiza001!' is set on object 'Object Repository/Connexion Usager/Input_ConfirmePassword'

2023-11-23 14:31:31 - [MESSAGE][INFO] - Finding Test Object 'Object Repository/Connexion Usager/Input_ConfirmePassword'

2023-11-23 14:31:31 - [MESSAGE][INFO] - Checking timeout

2023-11-23 14:31:31 - [MESSAGE][INFO] - Finding web element with id: 'Object Repository/Connexion Usager/Input_ConfirmePassword' located by 'By.xpath: //*/app-input[2]/div/div/input [@type = 'password']' in '20' second(s)

2023-11-23 14:31:31 - [MESSAGE][INFO] - Smart Wait Function is triggered

2023-11-23 14:31:31 - [MESSAGE][INFO] - Found 1 web elements with id: 'Object Repository/Connexion Usager/Input_ConfirmePassword' located by 'By.xpath: //*/app-input[2]/div/div/input [@type = 'password']' in '20' second(s)

2023-11-23 14:31:31 - [MESSAGE][INFO] - Checking object

2023-11-23 14:31:31 - [MESSAGE][INFO] - Checking text

2023-11-23 14:31:31 - [MESSAGE][INFO] - Finding web element from Test Object's properties

2023-11-23 14:31:31 - [MESSAGE][INFO] - Checking timeout

2023-11-23 14:31:31 - [MESSAGE][INFO] - Finding web element with id: 'Object Repository/Connexion Usager/Input_ConfirmePassword' located by 'By.xpath: //*/app-input[2]/div/div/input [@type = 'password']' in '5' second(s)

2023-11-23 14:31:31 - [MESSAGE][INFO] - Smart Wait Function is triggered

2023-11-23 14:31:31 - [MESSAGE][INFO] - Found 1 web elements with id: 'Object Repository/Connexion Usager/Input_ConfirmePassword' located by 'By.xpath: //*/app-input[2]/div/div/input [@type = 'password']' in '5' second(s)

2023-11-23 14:31:31 - [MESSAGE][INFO] - Clearing text of object 'Object Repository/Connexion Usager/Input_ConfirmePassword'

2023-11-23 14:31:33 - [MESSAGE][INFO] - Finding web element from Test Object's properties

2023-11-23 14:31:33 - [MESSAGE][INFO] - Checking timeout

2023-11-23 14:31:33 - [MESSAGE][INFO] - Finding web element with id: 'Object Repository/Connexion Usager/Input_ConfirmePassword' located by 'By.xpath: //*/app-input[2]/div/div/input [@type = 'password']' in '5' second(s)

2023-11-23 14:31:33 - [MESSAGE][INFO] - Smart Wait Function is triggered

2023-11-23 14:31:33 - [MESSAGE][INFO] - Found 1 web elements with id: 'Object Repository/Connexion Usager/Input_ConfirmePassword' located by 'By.xpath: //*/app-input[2]/div/div/input [@type = 'password']' in '5' second(s)

2023-11-23 14:31:33 - [MESSAGE][INFO] - Setting text of object 'Object Repository/Connexion Usager/Input_ConfirmePassword' to value 'HHiza001!'

2023-11-23 14:31:35 - [MESSAGE][PASSED] - Text 'HHiza001!' is set on object 'Object Repository/Connexion Usager/Input_ConfirmePassword'

2023-11-23 14:31:35 - [TEST_STEP][PASSED] - click(findTestObject("Object Repository/Connexion Usager/btn_CreerMDP")): Object: 'Object Repository/Connexion Usager/btn_CreerMDP' is clicked on

2023-11-23 14:31:35 - [MESSAGE][INFO] - Finding Test Object 'Object Repository/Connexion Usager/btn_CreerMDP'

2023-11-23 14:31:35 - [MESSAGE][INFO] - Checking timeout

2023-11-23 14:31:35 - [MESSAGE][INFO] - Finding web element with id: 'Object Repository/Connexion Usager/btn_CreerMDP' located by 'By.xpath: //*/div/p-button/button [@type= 'button']' in '20' second(s)

2023-11-23 14:31:35 - [MESSAGE][INFO] - Smart Wait Function is triggered

2023-11-23 14:31:35 - [MESSAGE][INFO] - Found 1 web elements with id: 'Object Repository/Connexion Usager/btn_CreerMDP' located by 'By.xpath: //*/div/p-button/button [@type= 'button']' in '20' second(s)

2023-11-23 14:31:35 - [MESSAGE][INFO] - Checking object

2023-11-23 14:31:35 - [MESSAGE][INFO] - Checking timeout

2023-11-23 14:31:35 - [MESSAGE][INFO] - Finding web element from Test Object's properties

2023-11-23 14:31:35 - [MESSAGE][INFO] - Checking timeout

2023-11-23 14:31:35 - [MESSAGE][INFO] - Finding web element with id: 'Object Repository/Connexion Usager/btn_CreerMDP' located by 'By.xpath: //*/div/p-button/button [@type= 'button']' in '5' second(s)

2023-11-23 14:31:35 - [MESSAGE][INFO] - Smart Wait Function is triggered

2023-11-23 14:31:35 - [MESSAGE][INFO] - Found 1 web elements with id: 'Object Repository/Connexion Usager/btn_CreerMDP' located by 'By.xpath: //*/div/p-button/button [@type= 'button']' in '5' second(s)

2023-11-23 14:31:35 - [MESSAGE][INFO] - Clicking on object: 'Object Repository/Connexion Usager/btn_CreerMDP'

2023-11-23 14:31:37 - [MESSAGE][PASSED] - Object: 'Object Repository/Connexion Usager/btn_CreerMDP' is clicked on

2023-11-23 14:31:37 - [TEST_STEP][PASSED] - verifyElementPresent(findTestObject("Object Repository/Connexion Usager/div_MSG_FormatNonRespecte"), 1): Object 'Object Repository/Connexion Usager/div_MSG_FormatNonRespecte' is present

2023-11-23 14:31:37 - [MESSAGE][INFO] - Finding Test Object 'Object Repository/Connexion Usager/div_MSG_FormatNonRespecte'

2023-11-23 14:31:37 - [MESSAGE][INFO] - Checking object

2023-11-23 14:31:37 - [MESSAGE][INFO] - Finding web element from Test Object's properties

2023-11-23 14:31:37 - [MESSAGE][INFO] - Checking timeout

2023-11-23 14:31:37 - [MESSAGE][INFO] - Finding web element with id: 'Object Repository/Connexion Usager/div_MSG_FormatNonRespecte' located by 'By.xpath: //*/app-input[1]/div/div/div[1]/div[2]/div/span[2]' in '1' second(s)

2023-11-23 14:31:37 - [MESSAGE][INFO] - Smart Wait Function is triggered

2023-11-23 14:31:37 - [MESSAGE][INFO] - Found 1 web elements with id: 'Object Repository/Connexion Usager/div_MSG_FormatNonRespecte' located by 'By.xpath: //*/app-input[1]/div/div/div[1]/div[2]/div/span[2]' in '1' second(s)

2023-11-23 14:31:37 - [MESSAGE][PASSED] - Object 'Object Repository/Connexion Usager/div_MSG_FormatNonRespecte' is present

2023-11-23 14:31:37 - [MESSAGE][PASSED] - Call Test Case 'Test Cases/Test Reutilisable/Main/Verif_FormatNewPW' successfully

2023-11-23 14:31:38 - [TEST_STEP][PASSED] - setEncryptedText(findTestObject("Object Repository/Connexion Usager/Input_Password"), Password): Text ****** has been set on object 'Object Repository/Connexion Usager/Input_Password'

2023-11-23 14:31:38 - [MESSAGE][INFO] - Finding Test Object 'Object Repository/Connexion Usager/Input_Password'

2023-11-23 14:31:38 - [MESSAGE][INFO] - Checking timeout

2023-11-23 14:31:38 - [MESSAGE][INFO] - Finding web element with id: 'Object Repository/Connexion Usager/Input_Password' located by 'By.xpath: //*/app-input[1]/div/div/input [@type = 'password']' in '20' second(s)

2023-11-23 14:31:38 - [MESSAGE][INFO] - Smart Wait Function is triggered

2023-11-23 14:31:38 - [MESSAGE][INFO] - Found 1 web elements with id: 'Object Repository/Connexion Usager/Input_Password' located by 'By.xpath: //*/app-input[1]/div/div/input [@type = 'password']' in '20' second(s)

2023-11-23 14:31:38 - [MESSAGE][INFO] - Checking object

2023-11-23 14:31:38 - [MESSAGE][INFO] - Checking text

2023-11-23 14:31:38 - [MESSAGE][INFO] - Finding web element from Test Object's properties

2023-11-23 14:31:38 - [MESSAGE][INFO] - Checking timeout

2023-11-23 14:31:38 - [MESSAGE][INFO] - Finding web element with id: 'Object Repository/Connexion Usager/Input_Password' located by 'By.xpath: //*/app-input[1]/div/div/input [@type = 'password']' in '5' second(s)

2023-11-23 14:31:38 - [MESSAGE][INFO] - Smart Wait Function is triggered

2023-11-23 14:31:38 - [MESSAGE][INFO] - Found 1 web elements with id: 'Object Repository/Connexion Usager/Input_Password' located by 'By.xpath: //*/app-input[1]/div/div/input [@type = 'password']' in '5' second(s)

2023-11-23 14:31:38 - [MESSAGE][INFO] - Clearing text of object 'Object Repository/Connexion Usager/Input_Password'

2023-11-23 14:31:40 - [MESSAGE][INFO] - Setting  text of object 'Object Repository/Connexion Usager/Input_Password' to value ******

2023-11-23 14:31:42 - [MESSAGE][PASSED] - Text ****** has been set on object 'Object Repository/Connexion Usager/Input_Password'

2023-11-23 14:31:42 - [TEST_STEP][PASSED] - setEncryptedText(findTestObject("Object Repository/Connexion Usager/Input_ConfirmePassword"), Password): Text ****** has been set on object 'Object Repository/Connexion Usager/Input_ConfirmePassword'

2023-11-23 14:31:42 - [MESSAGE][INFO] - Finding Test Object 'Object Repository/Connexion Usager/Input_ConfirmePassword'

2023-11-23 14:31:42 - [MESSAGE][INFO] - Checking timeout

2023-11-23 14:31:42 - [MESSAGE][INFO] - Finding web element with id: 'Object Repository/Connexion Usager/Input_ConfirmePassword' located by 'By.xpath: //*/app-input[2]/div/div/input [@type = 'password']' in '20' second(s)

2023-11-23 14:31:42 - [MESSAGE][INFO] - Smart Wait Function is triggered

2023-11-23 14:31:42 - [MESSAGE][INFO] - Found 1 web elements with id: 'Object Repository/Connexion Usager/Input_ConfirmePassword' located by 'By.xpath: //*/app-input[2]/div/div/input [@type = 'password']' in '20' second(s)

2023-11-23 14:31:42 - [MESSAGE][INFO] - Checking object

2023-11-23 14:31:42 - [MESSAGE][INFO] - Checking text

2023-11-23 14:31:42 - [MESSAGE][INFO] - Finding web element from Test Object's properties

2023-11-23 14:31:42 - [MESSAGE][INFO] - Checking timeout

2023-11-23 14:31:42 - [MESSAGE][INFO] - Finding web element with id: 'Object Repository/Connexion Usager/Input_ConfirmePassword' located by 'By.xpath: //*/app-input[2]/div/div/input [@type = 'password']' in '5' second(s)

2023-11-23 14:31:42 - [MESSAGE][INFO] - Smart Wait Function is triggered

2023-11-23 14:31:42 - [MESSAGE][INFO] - Found 1 web elements with id: 'Object Repository/Connexion Usager/Input_ConfirmePassword' located by 'By.xpath: //*/app-input[2]/div/div/input [@type = 'password']' in '5' second(s)

2023-11-23 14:31:42 - [MESSAGE][INFO] - Clearing text of object 'Object Repository/Connexion Usager/Input_ConfirmePassword'

2023-11-23 14:31:44 - [MESSAGE][INFO] - Setting  text of object 'Object Repository/Connexion Usager/Input_ConfirmePassword' to value ******

2023-11-23 14:31:46 - [MESSAGE][PASSED] - Text ****** has been set on object 'Object Repository/Connexion Usager/Input_ConfirmePassword'

2023-11-23 14:31:46 - [TEST_STEP][PASSED] - click(findTestObject("Object Repository/Connexion Usager/btn_CreerMDP")): Object: 'Object Repository/Connexion Usager/btn_CreerMDP' is clicked on

2023-11-23 14:31:46 - [MESSAGE][INFO] - Finding Test Object 'Object Repository/Connexion Usager/btn_CreerMDP'

2023-11-23 14:31:46 - [MESSAGE][INFO] - Checking timeout

2023-11-23 14:31:46 - [MESSAGE][INFO] - Finding web element with id: 'Object Repository/Connexion Usager/btn_CreerMDP' located by 'By.xpath: //*/div/p-button/button [@type= 'button']' in '20' second(s)

2023-11-23 14:31:46 - [MESSAGE][INFO] - Smart Wait Function is triggered

2023-11-23 14:31:46 - [MESSAGE][INFO] - Found 1 web elements with id: 'Object Repository/Connexion Usager/btn_CreerMDP' located by 'By.xpath: //*/div/p-button/button [@type= 'button']' in '20' second(s)

2023-11-23 14:31:46 - [MESSAGE][INFO] - Checking object

2023-11-23 14:31:46 - [MESSAGE][INFO] - Checking timeout

2023-11-23 14:31:46 - [MESSAGE][INFO] - Finding web element from Test Object's properties

2023-11-23 14:31:46 - [MESSAGE][INFO] - Checking timeout

2023-11-23 14:31:46 - [MESSAGE][INFO] - Finding web element with id: 'Object Repository/Connexion Usager/btn_CreerMDP' located by 'By.xpath: //*/div/p-button/button [@type= 'button']' in '5' second(s)

2023-11-23 14:31:46 - [MESSAGE][INFO] - Smart Wait Function is triggered

2023-11-23 14:31:46 - [MESSAGE][INFO] - Found 1 web elements with id: 'Object Repository/Connexion Usager/btn_CreerMDP' located by 'By.xpath: //*/div/p-button/button [@type= 'button']' in '5' second(s)

2023-11-23 14:31:46 - [MESSAGE][INFO] - Clicking on object: 'Object Repository/Connexion Usager/btn_CreerMDP'

2023-11-23 14:31:49 - [MESSAGE][PASSED] - Object: 'Object Repository/Connexion Usager/btn_CreerMDP' is clicked on

2023-11-23 14:31:49 - [TEST_STEP][PASSED] - click(findTestObject("Object Repository/Connexion Usager/btn_span_RetourAccueil")): Object: 'Object Repository/Connexion Usager/btn_span_RetourAccueil' is clicked on

2023-11-23 14:31:49 - [MESSAGE][INFO] - Finding Test Object 'Object Repository/Connexion Usager/btn_span_RetourAccueil'

2023-11-23 14:31:49 - [MESSAGE][INFO] - Checking timeout

2023-11-23 14:31:49 - [MESSAGE][INFO] - Finding web element with id: 'Object Repository/Connexion Usager/btn_span_RetourAccueil' located by 'By.xpath: (.//*[normalize-space(text()) and normalize-space(.)='CRÃATION DE COMPTE'])[1]/following::span[2]' in '20' second(s)

2023-11-23 14:31:49 - [MESSAGE][INFO] - Smart Wait Function is triggered

2023-11-23 14:31:49 - [MESSAGE][INFO] - Smart Wait Function is triggered

2023-11-23 14:31:49 - [MESSAGE][INFO] - Smart Wait Function is triggered

2023-11-23 14:31:49 - [MESSAGE][INFO] - Smart Wait Function is triggered

2023-11-23 14:31:49 - [MESSAGE][INFO] - Smart Wait Function is triggered

2023-11-23 14:31:49 - [MESSAGE][INFO] - Smart Wait Function is triggered

2023-11-23 14:31:49 - [MESSAGE][INFO] - Smart Wait Function is triggered

2023-11-23 14:31:49 - [MESSAGE][INFO] - Smart Wait Function is triggered

2023-11-23 14:31:49 - [MESSAGE][INFO] - Smart Wait Function is triggered

2023-11-23 14:31:49 - [MESSAGE][INFO] - Smart Wait Function is triggered

2023-11-23 14:31:49 - [MESSAGE][INFO] - Smart Wait Function is triggered

2023-11-23 14:31:49 - [MESSAGE][INFO] - Smart Wait Function is triggered

2023-11-23 14:31:49 - [MESSAGE][INFO] - Smart Wait Function is triggered

2023-11-23 14:31:49 - [MESSAGE][INFO] - Smart Wait Function is triggered

2023-11-23 14:31:49 - [MESSAGE][INFO] - Smart Wait Function is triggered

2023-11-23 14:31:49 - [MESSAGE][INFO] - Smart Wait Function is triggered

2023-11-23 14:31:49 - [MESSAGE][INFO] - Smart Wait Function is triggered

2023-11-23 14:31:49 - [MESSAGE][INFO] - Smart Wait Function is triggered

2023-11-23 14:31:49 - [MESSAGE][INFO] - Smart Wait Function is triggered

2023-11-23 14:31:49 - [MESSAGE][INFO] - Smart Wait Function is triggered

2023-11-23 14:31:49 - [MESSAGE][INFO] - Smart Wait Function is triggered

2023-11-23 14:31:49 - [MESSAGE][INFO] - Smart Wait Function is triggered

2023-11-23 14:31:49 - [MESSAGE][INFO] - Smart Wait Function is triggered

2023-11-23 14:31:49 - [MESSAGE][INFO] - Smart Wait Function is triggered

2023-11-23 14:31:50 - [MESSAGE][INFO] - Smart Wait Function is triggered

2023-11-23 14:31:50 - [MESSAGE][INFO] - Smart Wait Function is triggered

2023-11-23 14:31:50 - [MESSAGE][INFO] - Smart Wait Function is triggered

2023-11-23 14:31:50 - [MESSAGE][INFO] - Smart Wait Function is triggered

2023-11-23 14:31:50 - [MESSAGE][INFO] - Smart Wait Function is triggered

2023-11-23 14:31:50 - [MESSAGE][INFO] - Smart Wait Function is triggered

2023-11-23 14:31:50 - [MESSAGE][INFO] - Smart Wait Function is triggered

2023-11-23 14:31:50 - [MESSAGE][INFO] - Smart Wait Function is triggered

2023-11-23 14:31:50 - [MESSAGE][INFO] - Smart Wait Function is triggered

2023-11-23 14:31:50 - [MESSAGE][INFO] - Smart Wait Function is triggered

2023-11-23 14:31:50 - [MESSAGE][INFO] - Smart Wait Function is triggered

2023-11-23 14:31:50 - [MESSAGE][INFO] - Found 1 web elements with id: 'Object Repository/Connexion Usager/btn_span_RetourAccueil' located by 'By.xpath: (.//*[normalize-space(text()) and normalize-space(.)='CRÃATION DE COMPTE'])[1]/following::span[2]' in '20' second(s)

2023-11-23 14:31:50 - [MESSAGE][INFO] - Checking object

2023-11-23 14:31:50 - [MESSAGE][INFO] - Checking timeout

2023-11-23 14:31:50 - [MESSAGE][INFO] - Finding web element from Test Object's properties

2023-11-23 14:31:50 - [MESSAGE][INFO] - Checking timeout

2023-11-23 14:31:50 - [MESSAGE][INFO] - Finding web element with id: 'Object Repository/Connexion Usager/btn_span_RetourAccueil' located by 'By.xpath: (.//*[normalize-space(text()) and normalize-space(.)='CRÃATION DE COMPTE'])[1]/following::span[2]' in '5' second(s)

2023-11-23 14:31:50 - [MESSAGE][INFO] - Smart Wait Function is triggered

2023-11-23 14:31:50 - [MESSAGE][INFO] - Found 1 web elements with id: 'Object Repository/Connexion Usager/btn_span_RetourAccueil' located by 'By.xpath: (.//*[normalize-space(text()) and normalize-space(.)='CRÃATION DE COMPTE'])[1]/following::span[2]' in '5' second(s)

2023-11-23 14:31:50 - [MESSAGE][INFO] - Clicking on object: 'Object Repository/Connexion Usager/btn_span_RetourAccueil'

2023-11-23 14:31:52 - [MESSAGE][PASSED] - Object: 'Object Repository/Connexion Usager/btn_span_RetourAccueil' is clicked on

2023-11-23 14:31:52 - [TEST_STEP][PASSED] - waitForPageLoad(5): Wait for page load successfully

2023-11-23 14:31:52 - [MESSAGE][INFO] - Checking timeout

2023-11-23 14:31:52 - [MESSAGE][PASSED] - Wait for page load successfully

2023-11-23 14:31:52 - [MESSAGE][PASSED] - Call Test Case 'Test Cases/Test Reutilisable/Main/Creer Votre Compte' successfully

2023-11-23 14:31:52 - [TEST_STEP][PASSED] - if (StopTestCase == false): Call Test Case 'Test Cases/Test Reutilisable/DemandeOuRenouvelle_TitreSejour/FormulaireConfirmation' successfully

2023-11-23 14:31:52 - [TEST_STEP][PASSED] - callTestCase(findTestCase("Test Reutilisable/Main/Identification"), ["Profiles":"Usager", "NumEtrangerVisa":NumEtrangerVisa], STOP_ON_FAILURE): Call Test Case 'Test Cases/Test Reutilisable/Main/Identification' successfully

2023-11-23 14:31:52 - [MESSAGE][INFO] - Checking called Test Case

2023-11-23 14:31:52 - [MESSAGE][INFO] - Starting to call Test Case 'Test Cases/Test Reutilisable/Main/Identification'

2023-11-23 14:31:52 - [TEST_CASE][PASSED] - Test Cases/Test Reutilisable/Main/Identification: Test Cases/Test Reutilisable/Main/Identification

2023-11-23 14:31:53 - [TEST_STEP][PASSED] - if (Profiles == "Usager"): Object 'Object Repository/Page_Accueil_Usager/Span_MesNotifications' is present

2023-11-23 14:31:53 - [TEST_STEP][PASSED] - delay(5): Delayed 5 second(s)

2023-11-23 14:31:53 - [MESSAGE][INFO] - Delaying browser in 5 second(s)

2023-11-23 14:31:58 - [MESSAGE][PASSED] - Delayed 5 second(s)

2023-11-23 14:31:58 - [TEST_STEP][PASSED] - click(findTestObject("Object Repository/Connexion Usager/Link_Se Connecter")): Object: 'Object Repository/Connexion Usager/Link_Se Connecter' is clicked on

2023-11-23 14:31:58 - [MESSAGE][INFO] - Finding Test Object 'Object Repository/Connexion Usager/Link_Se Connecter'

2023-11-23 14:31:58 - [MESSAGE][INFO] - Checking timeout

2023-11-23 14:31:58 - [MESSAGE][INFO] - Finding web element with id: 'Object Repository/Connexion Usager/Link_Se Connecter' located by 'By.xpath: //*[@id="connexion_link"]' in '20' second(s)

2023-11-23 14:31:58 - [MESSAGE][INFO] - Smart Wait Function is triggered

2023-11-23 14:31:58 - [MESSAGE][INFO] - Found 1 web elements with id: 'Object Repository/Connexion Usager/Link_Se Connecter' located by 'By.xpath: //*[@id="connexion_link"]' in '20' second(s)

2023-11-23 14:31:58 - [MESSAGE][INFO] - Checking object

2023-11-23 14:31:58 - [MESSAGE][INFO] - Checking timeout

2023-11-23 14:31:58 - [MESSAGE][INFO] - Finding web element from Test Object's properties

2023-11-23 14:31:58 - [MESSAGE][INFO] - Checking timeout

2023-11-23 14:31:58 - [MESSAGE][INFO] - Finding web element with id: 'Object Repository/Connexion Usager/Link_Se Connecter' located by 'By.xpath: //*[@id="connexion_link"]' in '5' second(s)

2023-11-23 14:31:58 - [MESSAGE][INFO] - Smart Wait Function is triggered

2023-11-23 14:31:58 - [MESSAGE][INFO] - Found 1 web elements with id: 'Object Repository/Connexion Usager/Link_Se Connecter' located by 'By.xpath: //*[@id="connexion_link"]' in '5' second(s)

2023-11-23 14:31:58 - [MESSAGE][INFO] - Clicking on object: 'Object Repository/Connexion Usager/Link_Se Connecter'

2023-11-23 14:32:01 - [MESSAGE][PASSED] - Object: 'Object Repository/Connexion Usager/Link_Se Connecter' is clicked on

2023-11-23 14:32:01 - [TEST_STEP][PASSED] - callTestCase(findTestCase("Test Reutilisable/Main/Erreur lie a la confidentialite"), [:], STOP_ON_FAILURE): Call Test Case 'Test Cases/Test Reutilisable/Main/Erreur lie a la confidentialite' successfully

2023-11-23 14:32:01 - [MESSAGE][INFO] - Checking called Test Case

2023-11-23 14:32:01 - [MESSAGE][INFO] - Starting to call Test Case 'Test Cases/Test Reutilisable/Main/Erreur lie a la confidentialite'

2023-11-23 14:32:01 - [TEST_CASE][PASSED] - Test Cases/Test Reutilisable/Main/Erreur lie a la confidentialite: Test Cases/Test Reutilisable/Main/Erreur lie a la confidentialite

2023-11-23 14:32:01 - [TEST_STEP][PASSED] - tools.WaitForLoadedPage.waitForElementRendering(): tools.WaitForLoadedPage.waitForElementRendering is PASSED

2023-11-23 14:32:01 - [MESSAGE][PASSED] - tools.WaitForLoadedPage.waitForElementRendering is PASSED

2023-11-23 14:32:01 - [TEST_STEP][PASSED] - "Call Highlight.on() automatically": null

2023-11-23 14:32:01 - [TEST_STEP][PASSED] - DriverName = DriverName: null

2023-11-23 14:32:01 - [TEST_STEP][PASSED] - if (DriverName == "CHROME_DRIVER" || "EDGE_CHROMIUM_DRIVER" || "HEADLESS_DRIVER"): com.kms.katalon.core.webui.exception.WebElementNotFoundException: Web element with id: 'Object Repository/Connexion Usager/Btn_Parametres Avances' located by '//*[@id="details-button"]' not found (Root cause: com.kms.katalon.core.exception.StepFailedException: com.kms.katalon.core.webui.exception.WebElementNotFoundException: Web element with id: 'Object Repository/Connexion Usager/Btn_Parametres Avances' located by '//*[@id="details-button"]' not found
	at com.kms.katalon.core.webui.keyword.internal.WebUIKeywordMain.stepFailed(WebUIKeywordMain.groovy:64)
	at com.kms.katalon.core.webui.keyword.builtin.VerifyElementPresentKeyword$_verifyElementPresent_closure1.doCall(VerifyElementPresentKeyword.groovy:85)
	at com.kms.katalon.core.webui.keyword.builtin.VerifyElementPresentKeyword$_verifyElementPresent_closure1.call(VerifyElementPresentKeyword.groovy)
	at com.kms.katalon.core.webui.keyword.internal.WebUIKeywordMain.runKeyword(WebUIKeywordMain.groovy:20)
	at com.kms.katalon.core.webui.keyword.builtin.VerifyElementPresentKeyword.verifyElementPresent(VerifyElementPresentKeyword.groovy:92)
	at com.kms.katalon.core.webui.keyword.builtin.VerifyElementPresentKeyword.execute(VerifyElementPresentKeyword.groovy:68)
	at com.kms.katalon.core.keyword.internal.KeywordExecutor.executeKeywordForPlatform(KeywordExecutor.groovy:74)
	at com.kms.katalon.core.webui.keyword.WebUiBuiltInKeywords.verifyElementPresent(WebUiBuiltInKeywords.groovy:1448)
	at com.kazurayam.ksbackyard.HighlightElement$_pandemic_closure1.doCall(HighlightElement.groovy:105)
	at Erreur lie a la confidentialite.run(Erreur lie a la confidentialite:43)
	at com.kms.katalon.core.main.ScriptEngine.run(ScriptEngine.java:194)
	at com.kms.katalon.core.main.ScriptEngine.runScriptAsRawText(ScriptEngine.java:119)
	at com.kms.katalon.core.main.TestCaseExecutor.runScript(TestCaseExecutor.java:448)
	at com.kms.katalon.core.main.TestCaseExecutor.doExecute(TestCaseExecutor.java:439)
	at com.kms.katalon.core.main.TestCaseExecutor.processExecutionPhase(TestCaseExecutor.java:418)
	at com.kms.katalon.core.main.TestCaseExecutor.accessMainPhase(TestCaseExecutor.java:410)
	at com.kms.katalon.core.main.TestCaseExecutor.execute(TestCaseExecutor.java:285)
	at com.kms.katalon.core.main.TestCaseMain.runTestCase(TestCaseMain.java:144)
	at com.kms.katalon.core.keyword.builtin.CallTestCaseKeyword$_callTestCase_closure1.doCall(CallTestCaseKeyword.groovy:59)
	at com.kms.katalon.core.keyword.builtin.CallTestCaseKeyword$_callTestCase_closure1.call(CallTestCaseKeyword.groovy)
	at com.kms.katalon.core.keyword.internal.KeywordMain.runKeyword(KeywordMain.groovy:75)
	at com.kms.katalon.core.keyword.builtin.CallTestCaseKeyword.callTestCase(CallTestCaseKeyword.groovy:81)
	at com.kms.katalon.core.keyword.builtin.CallTestCaseKeyword.execute(CallTestCaseKeyword.groovy:44)
	at com.kms.katalon.core.keyword.internal.KeywordExecutor.executeKeywordForPlatform(KeywordExecutor.groovy:74)
	at com.kms.katalon.core.keyword.BuiltinKeywords.callTestCase(BuiltinKeywords.groovy:310)
	at com.kazurayam.ksbackyard.HighlightElement$_pandemic_closure1.doCall(HighlightElement.groovy:105)
	at Identification.run(Identification:35)
	at com.kms.katalon.core.main.ScriptEngine.run(ScriptEngine.java:194)
	at com.kms.katalon.core.main.ScriptEngine.runScriptAsRawText(ScriptEngine.java:119)
	at com.kms.katalon.core.main.TestCaseExecutor.runScript(TestCaseExecutor.java:448)
	at com.kms.katalon.core.main.TestCaseExecutor.doExecute(TestCaseExecutor.java:439)
	at com.kms.katalon.core.main.TestCaseExecutor.processExecutionPhase(TestCaseExecutor.java:418)
	at com.kms.katalon.core.main.TestCaseExecutor.accessMainPhase(TestCaseExecutor.java:410)
	at com.kms.katalon.core.main.TestCaseExecutor.execute(TestCaseExecutor.java:285)
	at com.kms.katalon.core.main.TestCaseMain.runTestCase(TestCaseMain.java:144)
	at com.kms.katalon.core.keyword.builtin.CallTestCaseKeyword$_callTestCase_closure1.doCall(CallTestCaseKeyword.groovy:59)
	at com.kms.katalon.core.keyword.builtin.CallTestCaseKeyword$_callTestCase_closure1.call(CallTestCaseKeyword.groovy)
	at com.kms.katalon.core.keyword.internal.KeywordMain.runKeyword(KeywordMain.groovy:75)
	at com.kms.katalon.core.keyword.builtin.CallTestCaseKeyword.callTestCase(CallTestCaseKeyword.groovy:81)
	at com.kms.katalon.core.keyword.builtin.CallTestCaseKeyword.execute(CallTestCaseKeyword.groovy:44)
	at com.kms.katalon.core.keyword.internal.KeywordExecutor.executeKeywordForPlatform(KeywordExecutor.groovy:74)
	at com.kms.katalon.core.keyword.BuiltinKeywords.callTestCase(BuiltinKeywords.groovy:310)
	at com.kazurayam.ksbackyard.HighlightElement$_pandemic_closure1.doCall(HighlightElement.groovy:105)
	at TNR R.TSPT Supp90-Etudiant.run(TNR R.TSPT Supp90-Etudiant:35)
	at com.kms.katalon.core.main.ScriptEngine.run(ScriptEngine.java:194)
	at com.kms.katalon.core.main.ScriptEngine.runScriptAsRawText(ScriptEngine.java:119)
	at com.kms.katalon.core.main.TestCaseExecutor.runScript(TestCaseExecutor.java:448)
	at com.kms.katalon.core.main.TestCaseExecutor.doExecute(TestCaseExecutor.java:439)
	at com.kms.katalon.core.main.TestCaseExecutor.processExecutionPhase(TestCaseExecutor.java:418)
	at com.kms.katalon.core.main.TestCaseExecutor.accessMainPhase(TestCaseExecutor.java:410)
	at com.kms.katalon.core.main.TestCaseExecutor.execute(TestCaseExecutor.java:285)
	at com.kms.katalon.core.common.CommonExecutor.accessTestCaseMainPhase(CommonExecutor.java:65)
	at com.kms.katalon.core.main.TestSuiteExecutor.accessTestSuiteMainPhase(TestSuiteExecutor.java:148)
	at com.kms.katalon.core.main.TestSuiteExecutor.execute(TestSuiteExecutor.java:106)
	at com.kms.katalon.core.main.TestCaseMain.startTestSuite(TestCaseMain.java:187)
	at com.kms.katalon.core.main.TestCaseMain$startTestSuite$0.call(Unknown Source)
	at TempTestSuite1700746096123.run(TempTestSuite1700746096123.groovy:36)
)

2023-11-23 14:32:01 - [TEST_STEP][PASSED] - if (verifyElementPresent(findTestObject("Object Repository/Connexion Usager/Btn_Parametres Avances"), 2, OPTIONAL)): com.kms.katalon.core.webui.exception.WebElementNotFoundException: Web element with id: 'Object Repository/Connexion Usager/Btn_Parametres Avances' located by '//*[@id="details-button"]' not found (Root cause: com.kms.katalon.core.exception.StepFailedException: com.kms.katalon.core.webui.exception.WebElementNotFoundException: Web element with id: 'Object Repository/Connexion Usager/Btn_Parametres Avances' located by '//*[@id="details-button"]' not found
	at com.kms.katalon.core.webui.keyword.internal.WebUIKeywordMain.stepFailed(WebUIKeywordMain.groovy:64)
	at com.kms.katalon.core.webui.keyword.builtin.VerifyElementPresentKeyword$_verifyElementPresent_closure1.doCall(VerifyElementPresentKeyword.groovy:85)
	at com.kms.katalon.core.webui.keyword.builtin.VerifyElementPresentKeyword$_verifyElementPresent_closure1.call(VerifyElementPresentKeyword.groovy)
	at com.kms.katalon.core.webui.keyword.internal.WebUIKeywordMain.runKeyword(WebUIKeywordMain.groovy:20)
	at com.kms.katalon.core.webui.keyword.builtin.VerifyElementPresentKeyword.verifyElementPresent(VerifyElementPresentKeyword.groovy:92)
	at com.kms.katalon.core.webui.keyword.builtin.VerifyElementPresentKeyword.execute(VerifyElementPresentKeyword.groovy:68)
	at com.kms.katalon.core.keyword.internal.KeywordExecutor.executeKeywordForPlatform(KeywordExecutor.groovy:74)
	at com.kms.katalon.core.webui.keyword.WebUiBuiltInKeywords.verifyElementPresent(WebUiBuiltInKeywords.groovy:1448)
	at com.kazurayam.ksbackyard.HighlightElement$_pandemic_closure1.doCall(HighlightElement.groovy:105)
	at Erreur lie a la confidentialite.run(Erreur lie a la confidentialite:43)
	at com.kms.katalon.core.main.ScriptEngine.run(ScriptEngine.java:194)
	at com.kms.katalon.core.main.ScriptEngine.runScriptAsRawText(ScriptEngine.java:119)
	at com.kms.katalon.core.main.TestCaseExecutor.runScript(TestCaseExecutor.java:448)
	at com.kms.katalon.core.main.TestCaseExecutor.doExecute(TestCaseExecutor.java:439)
	at com.kms.katalon.core.main.TestCaseExecutor.processExecutionPhase(TestCaseExecutor.java:418)
	at com.kms.katalon.core.main.TestCaseExecutor.accessMainPhase(TestCaseExecutor.java:410)
	at com.kms.katalon.core.main.TestCaseExecutor.execute(TestCaseExecutor.java:285)
	at com.kms.katalon.core.main.TestCaseMain.runTestCase(TestCaseMain.java:144)
	at com.kms.katalon.core.keyword.builtin.CallTestCaseKeyword$_callTestCase_closure1.doCall(CallTestCaseKeyword.groovy:59)
	at com.kms.katalon.core.keyword.builtin.CallTestCaseKeyword$_callTestCase_closure1.call(CallTestCaseKeyword.groovy)
	at com.kms.katalon.core.keyword.internal.KeywordMain.runKeyword(KeywordMain.groovy:75)
	at com.kms.katalon.core.keyword.builtin.CallTestCaseKeyword.callTestCase(CallTestCaseKeyword.groovy:81)
	at com.kms.katalon.core.keyword.builtin.CallTestCaseKeyword.execute(CallTestCaseKeyword.groovy:44)
	at com.kms.katalon.core.keyword.internal.KeywordExecutor.executeKeywordForPlatform(KeywordExecutor.groovy:74)
	at com.kms.katalon.core.keyword.BuiltinKeywords.callTestCase(BuiltinKeywords.groovy:310)
	at com.kazurayam.ksbackyard.HighlightElement$_pandemic_closure1.doCall(HighlightElement.groovy:105)
	at Identification.run(Identification:35)
	at com.kms.katalon.core.main.ScriptEngine.run(ScriptEngine.java:194)
	at com.kms.katalon.core.main.ScriptEngine.runScriptAsRawText(ScriptEngine.java:119)
	at com.kms.katalon.core.main.TestCaseExecutor.runScript(TestCaseExecutor.java:448)
	at com.kms.katalon.core.main.TestCaseExecutor.doExecute(TestCaseExecutor.java:439)
	at com.kms.katalon.core.main.TestCaseExecutor.processExecutionPhase(TestCaseExecutor.java:418)
	at com.kms.katalon.core.main.TestCaseExecutor.accessMainPhase(TestCaseExecutor.java:410)
	at com.kms.katalon.core.main.TestCaseExecutor.execute(TestCaseExecutor.java:285)
	at com.kms.katalon.core.main.TestCaseMain.runTestCase(TestCaseMain.java:144)
	at com.kms.katalon.core.keyword.builtin.CallTestCaseKeyword$_callTestCase_closure1.doCall(CallTestCaseKeyword.groovy:59)
	at com.kms.katalon.core.keyword.builtin.CallTestCaseKeyword$_callTestCase_closure1.call(CallTestCaseKeyword.groovy)
	at com.kms.katalon.core.keyword.internal.KeywordMain.runKeyword(KeywordMain.groovy:75)
	at com.kms.katalon.core.keyword.builtin.CallTestCaseKeyword.callTestCase(CallTestCaseKeyword.groovy:81)
	at com.kms.katalon.core.keyword.builtin.CallTestCaseKeyword.execute(CallTestCaseKeyword.groovy:44)
	at com.kms.katalon.core.keyword.internal.KeywordExecutor.executeKeywordForPlatform(KeywordExecutor.groovy:74)
	at com.kms.katalon.core.keyword.BuiltinKeywords.callTestCase(BuiltinKeywords.groovy:310)
	at com.kazurayam.ksbackyard.HighlightElement$_pandemic_closure1.doCall(HighlightElement.groovy:105)
	at TNR R.TSPT Supp90-Etudiant.run(TNR R.TSPT Supp90-Etudiant:35)
	at com.kms.katalon.core.main.ScriptEngine.run(ScriptEngine.java:194)
	at com.kms.katalon.core.main.ScriptEngine.runScriptAsRawText(ScriptEngine.java:119)
	at com.kms.katalon.core.main.TestCaseExecutor.runScript(TestCaseExecutor.java:448)
	at com.kms.katalon.core.main.TestCaseExecutor.doExecute(TestCaseExecutor.java:439)
	at com.kms.katalon.core.main.TestCaseExecutor.processExecutionPhase(TestCaseExecutor.java:418)
	at com.kms.katalon.core.main.TestCaseExecutor.accessMainPhase(TestCaseExecutor.java:410)
	at com.kms.katalon.core.main.TestCaseExecutor.execute(TestCaseExecutor.java:285)
	at com.kms.katalon.core.common.CommonExecutor.accessTestCaseMainPhase(CommonExecutor.java:65)
	at com.kms.katalon.core.main.TestSuiteExecutor.accessTestSuiteMainPhase(TestSuiteExecutor.java:148)
	at com.kms.katalon.core.main.TestSuiteExecutor.execute(TestSuiteExecutor.java:106)
	at com.kms.katalon.core.main.TestCaseMain.startTestSuite(TestCaseMain.java:187)
	at com.kms.katalon.core.main.TestCaseMain$startTestSuite$0.call(Unknown Source)
	at TempTestSuite1700746096123.run(TempTestSuite1700746096123.groovy:36)
)

2023-11-23 14:32:01 - [MESSAGE][INFO] - Finding Test Object 'Object Repository/Connexion Usager/Btn_Parametres Avances'

2023-11-23 14:32:01 - [MESSAGE][INFO] - Checking object

2023-11-23 14:32:01 - [MESSAGE][INFO] - Finding web element from Test Object's properties

2023-11-23 14:32:01 - [MESSAGE][INFO] - Checking timeout

2023-11-23 14:32:01 - [MESSAGE][INFO] - Finding web element with id: 'Object Repository/Connexion Usager/Btn_Parametres Avances' located by 'By.xpath: //*[@id="details-button"]' in '2' second(s)

2023-11-23 14:32:01 - [MESSAGE][INFO] - Smart Wait Function is triggered

2023-11-23 14:32:01 - [MESSAGE][INFO] - Smart Wait Function is triggered

2023-11-23 14:32:01 - [MESSAGE][INFO] - Smart Wait Function is triggered

2023-11-23 14:32:01 - [MESSAGE][INFO] - Smart Wait Function is triggered

2023-11-23 14:32:01 - [MESSAGE][INFO] - Smart Wait Function is triggered

2023-11-23 14:32:01 - [MESSAGE][INFO] - Smart Wait Function is triggered

2023-11-23 14:32:01 - [MESSAGE][INFO] - Smart Wait Function is triggered

2023-11-23 14:32:01 - [MESSAGE][INFO] - Smart Wait Function is triggered

2023-11-23 14:32:01 - [MESSAGE][INFO] - Smart Wait Function is triggered

2023-11-23 14:32:01 - [MESSAGE][INFO] - Smart Wait Function is triggered

2023-11-23 14:32:01 - [MESSAGE][INFO] - Smart Wait Function is triggered

2023-11-23 14:32:01 - [MESSAGE][INFO] - Smart Wait Function is triggered

2023-11-23 14:32:01 - [MESSAGE][INFO] - Smart Wait Function is triggered

2023-11-23 14:32:01 - [MESSAGE][INFO] - Smart Wait Function is triggered

2023-11-23 14:32:01 - [MESSAGE][INFO] - Smart Wait Function is triggered

2023-11-23 14:32:01 - [MESSAGE][INFO] - Smart Wait Function is triggered

2023-11-23 14:32:01 - [MESSAGE][INFO] - Smart Wait Function is triggered

2023-11-23 14:32:01 - [MESSAGE][INFO] - Smart Wait Function is triggered

2023-11-23 14:32:01 - [MESSAGE][INFO] - Smart Wait Function is triggered

2023-11-23 14:32:02 - [MESSAGE][INFO] - Smart Wait Function is triggered

2023-11-23 14:32:02 - [MESSAGE][INFO] - Smart Wait Function is triggered

2023-11-23 14:32:02 - [MESSAGE][INFO] - Smart Wait Function is triggered

2023-11-23 14:32:02 - [MESSAGE][INFO] - Smart Wait Function is triggered

2023-11-23 14:32:02 - [MESSAGE][INFO] - Smart Wait Function is triggered

2023-11-23 14:32:02 - [MESSAGE][INFO] - Smart Wait Function is triggered

2023-11-23 14:32:02 - [MESSAGE][INFO] - Smart Wait Function is triggered

2023-11-23 14:32:02 - [MESSAGE][INFO] - Smart Wait Function is triggered

2023-11-23 14:32:02 - [MESSAGE][INFO] - Smart Wait Function is triggered

2023-11-23 14:32:02 - [MESSAGE][INFO] - Smart Wait Function is triggered

2023-11-23 14:32:02 - [MESSAGE][INFO] - Smart Wait Function is triggered

2023-11-23 14:32:02 - [MESSAGE][INFO] - Smart Wait Function is triggered

2023-11-23 14:32:02 - [MESSAGE][INFO] - Smart Wait Function is triggered

2023-11-23 14:32:02 - [MESSAGE][INFO] - Smart Wait Function is triggered

2023-11-23 14:32:02 - [MESSAGE][INFO] - Smart Wait Function is triggered

2023-11-23 14:32:02 - [MESSAGE][INFO] - Smart Wait Function is triggered

2023-11-23 14:32:02 - [MESSAGE][INFO] - Smart Wait Function is triggered

2023-11-23 14:32:02 - [MESSAGE][INFO] - Smart Wait Function is triggered

2023-11-23 14:32:02 - [MESSAGE][INFO] - Smart Wait Function is triggered

2023-11-23 14:32:02 - [MESSAGE][INFO] - Smart Wait Function is triggered

2023-11-23 14:32:02 - [MESSAGE][INFO] - Smart Wait Function is triggered

2023-11-23 14:32:02 - [MESSAGE][INFO] - Smart Wait Function is triggered

2023-11-23 14:32:02 - [MESSAGE][INFO] - Smart Wait Function is triggered

2023-11-23 14:32:02 - [MESSAGE][INFO] - Smart Wait Function is triggered

2023-11-23 14:32:02 - [MESSAGE][INFO] - Smart Wait Function is triggered

2023-11-23 14:32:02 - [MESSAGE][INFO] - Smart Wait Function is triggered

2023-11-23 14:32:02 - [MESSAGE][INFO] - Smart Wait Function is triggered

2023-11-23 14:32:02 - [MESSAGE][INFO] - Smart Wait Function is triggered

2023-11-23 14:32:02 - [MESSAGE][INFO] - Smart Wait Function is triggered

2023-11-23 14:32:02 - [MESSAGE][INFO] - Smart Wait Function is triggered

2023-11-23 14:32:02 - [MESSAGE][INFO] - Smart Wait Function is triggered

2023-11-23 14:32:02 - [MESSAGE][INFO] - Smart Wait Function is triggered

2023-11-23 14:32:03 - [MESSAGE][INFO] - Smart Wait Function is triggered

2023-11-23 14:32:03 - [MESSAGE][INFO] - Smart Wait Function is triggered

2023-11-23 14:32:03 - [MESSAGE][INFO] - Smart Wait Function is triggered

2023-11-23 14:32:03 - [MESSAGE][INFO] - Smart Wait Function is triggered

2023-11-23 14:32:03 - [MESSAGE][INFO] - Smart Wait Function is triggered

2023-11-23 14:32:03 - [MESSAGE][INFO] - Smart Wait Function is triggered

2023-11-23 14:32:03 - [MESSAGE][INFO] - Smart Wait Function is triggered

2023-11-23 14:32:03 - [MESSAGE][INFO] - Smart Wait Function is triggered

2023-11-23 14:32:03 - [MESSAGE][INFO] - Smart Wait Function is triggered

2023-11-23 14:32:03 - [MESSAGE][INFO] - Smart Wait Function is triggered

2023-11-23 14:32:03 - [MESSAGE][INFO] - Smart Wait Function is triggered

2023-11-23 14:32:03 - [MESSAGE][INFO] - Smart Wait Function is triggered

2023-11-23 14:32:03 - [MESSAGE][INFO] - Smart Wait Function is triggered

2023-11-23 14:32:03 - [MESSAGE][INFO] - Smart Wait Function is triggered

2023-11-23 14:32:03 - [MESSAGE][INFO] - Smart Wait Function is triggered

2023-11-23 14:32:03 - [MESSAGE][INFO] - Smart Wait Function is triggered

2023-11-23 14:32:03 - [MESSAGE][INFO] - Smart Wait Function is triggered

2023-11-23 14:32:03 - [MESSAGE][INFO] - Smart Wait Function is triggered

2023-11-23 14:32:03 - [MESSAGE][INFO] - Smart Wait Function is triggered

2023-11-23 14:32:03 - [MESSAGE][INFO] - Smart Wait Function is triggered

2023-11-23 14:32:03 - [MESSAGE][INFO] - Smart Wait Function is triggered

2023-11-23 14:32:03 - [MESSAGE][INFO] - Smart Wait Function is triggered

2023-11-23 14:32:03 - [MESSAGE][INFO] - Smart Wait Function is triggered

2023-11-23 14:32:03 - [MESSAGE][INFO] - Smart Wait Function is triggered

2023-11-23 14:32:03 - [MESSAGE][INFO] - Smart Wait Function is triggered

2023-11-23 14:32:03 - [MESSAGE][INFO] - Smart Wait Function is triggered

2023-11-23 14:32:03 - [MESSAGE][INFO] - Smart Wait Function is triggered

2023-11-23 14:32:03 - [MESSAGE][INFO] - Smart Wait Function is triggered

2023-11-23 14:32:03 - [MESSAGE][INFO] - Smart Wait Function is triggered

2023-11-23 14:32:03 - [MESSAGE][INFO] - Smart Wait Function is triggered

2023-11-23 14:32:03 - [MESSAGE][INFO] - Smart Wait Function is triggered

2023-11-23 14:32:03 - [MESSAGE][INFO] - Smart Wait Function is triggered

2023-11-23 14:32:04 - [MESSAGE][INFO] - Smart Wait Function is triggered

2023-11-23 14:32:04 - [MESSAGE][INFO] - Smart Wait Function is triggered

2023-11-23 14:32:04 - [MESSAGE][INFO] - Smart Wait Function is triggered

2023-11-23 14:32:04 - [MESSAGE][INFO] - Smart Wait Function is triggered

2023-11-23 14:32:04 - [MESSAGE][INFO] - Smart Wait Function is triggered

2023-11-23 14:32:04 - [MESSAGE][INFO] - Smart Wait Function is triggered

2023-11-23 14:32:04 - [MESSAGE][INFO] - Smart Wait Function is triggered

2023-11-23 14:32:04 - [MESSAGE][INFO] - Smart Wait Function is triggered

2023-11-23 14:32:04 - [MESSAGE][INFO] - Smart Wait Function is triggered

2023-11-23 14:32:04 - [MESSAGE][INFO] - Smart Wait Function is triggered

2023-11-23 14:32:04 - [MESSAGE][INFO] - Smart Wait Function is triggered

2023-11-23 14:32:04 - [MESSAGE][INFO] - Smart Wait Function is triggered

2023-11-23 14:32:04 - [MESSAGE][INFO] - Smart Wait Function is triggered

2023-11-23 14:32:04 - [MESSAGE][INFO] - Unable to find the element located by 'By.xpath: //*[@id="details-button"]'. Please recheck the objects properties to make sure the desired element is located. 

2023-11-23 14:32:04 - [MESSAGE][WARNING] - com.kms.katalon.core.webui.exception.WebElementNotFoundException: Web element with id: 'Object Repository/Connexion Usager/Btn_Parametres Avances' located by '//*[@id="details-button"]' not found (Root cause: com.kms.katalon.core.exception.StepFailedException: com.kms.katalon.core.webui.exception.WebElementNotFoundException: Web element with id: 'Object Repository/Connexion Usager/Btn_Parametres Avances' located by '//*[@id="details-button"]' not found
	at com.kms.katalon.core.webui.keyword.internal.WebUIKeywordMain.stepFailed(WebUIKeywordMain.groovy:64)
	at com.kms.katalon.core.webui.keyword.builtin.VerifyElementPresentKeyword$_verifyElementPresent_closure1.doCall(VerifyElementPresentKeyword.groovy:85)
	at com.kms.katalon.core.webui.keyword.builtin.VerifyElementPresentKeyword$_verifyElementPresent_closure1.call(VerifyElementPresentKeyword.groovy)
	at com.kms.katalon.core.webui.keyword.internal.WebUIKeywordMain.runKeyword(WebUIKeywordMain.groovy:20)
	at com.kms.katalon.core.webui.keyword.builtin.VerifyElementPresentKeyword.verifyElementPresent(VerifyElementPresentKeyword.groovy:92)
	at com.kms.katalon.core.webui.keyword.builtin.VerifyElementPresentKeyword.execute(VerifyElementPresentKeyword.groovy:68)
	at com.kms.katalon.core.keyword.internal.KeywordExecutor.executeKeywordForPlatform(KeywordExecutor.groovy:74)
	at com.kms.katalon.core.webui.keyword.WebUiBuiltInKeywords.verifyElementPresent(WebUiBuiltInKeywords.groovy:1448)
	at com.kazurayam.ksbackyard.HighlightElement$_pandemic_closure1.doCall(HighlightElement.groovy:105)
	at Erreur lie a la confidentialite.run(Erreur lie a la confidentialite:43)
	at com.kms.katalon.core.main.ScriptEngine.run(ScriptEngine.java:194)
	at com.kms.katalon.core.main.ScriptEngine.runScriptAsRawText(ScriptEngine.java:119)
	at com.kms.katalon.core.main.TestCaseExecutor.runScript(TestCaseExecutor.java:448)
	at com.kms.katalon.core.main.TestCaseExecutor.doExecute(TestCaseExecutor.java:439)
	at com.kms.katalon.core.main.TestCaseExecutor.processExecutionPhase(TestCaseExecutor.java:418)
	at com.kms.katalon.core.main.TestCaseExecutor.accessMainPhase(TestCaseExecutor.java:410)
	at com.kms.katalon.core.main.TestCaseExecutor.execute(TestCaseExecutor.java:285)
	at com.kms.katalon.core.main.TestCaseMain.runTestCase(TestCaseMain.java:144)
	at com.kms.katalon.core.keyword.builtin.CallTestCaseKeyword$_callTestCase_closure1.doCall(CallTestCaseKeyword.groovy:59)
	at com.kms.katalon.core.keyword.builtin.CallTestCaseKeyword$_callTestCase_closure1.call(CallTestCaseKeyword.groovy)
	at com.kms.katalon.core.keyword.internal.KeywordMain.runKeyword(KeywordMain.groovy:75)
	at com.kms.katalon.core.keyword.builtin.CallTestCaseKeyword.callTestCase(CallTestCaseKeyword.groovy:81)
	at com.kms.katalon.core.keyword.builtin.CallTestCaseKeyword.execute(CallTestCaseKeyword.groovy:44)
	at com.kms.katalon.core.keyword.internal.KeywordExecutor.executeKeywordForPlatform(KeywordExecutor.groovy:74)
	at com.kms.katalon.core.keyword.BuiltinKeywords.callTestCase(BuiltinKeywords.groovy:310)
	at com.kazurayam.ksbackyard.HighlightElement$_pandemic_closure1.doCall(HighlightElement.groovy:105)
	at Identification.run(Identification:35)
	at com.kms.katalon.core.main.ScriptEngine.run(ScriptEngine.java:194)
	at com.kms.katalon.core.main.ScriptEngine.runScriptAsRawText(ScriptEngine.java:119)
	at com.kms.katalon.core.main.TestCaseExecutor.runScript(TestCaseExecutor.java:448)
	at com.kms.katalon.core.main.TestCaseExecutor.doExecute(TestCaseExecutor.java:439)
	at com.kms.katalon.core.main.TestCaseExecutor.processExecutionPhase(TestCaseExecutor.java:418)
	at com.kms.katalon.core.main.TestCaseExecutor.accessMainPhase(TestCaseExecutor.java:410)
	at com.kms.katalon.core.main.TestCaseExecutor.execute(TestCaseExecutor.java:285)
	at com.kms.katalon.core.main.TestCaseMain.runTestCase(TestCaseMain.java:144)
	at com.kms.katalon.core.keyword.builtin.CallTestCaseKeyword$_callTestCase_closure1.doCall(CallTestCaseKeyword.groovy:59)
	at com.kms.katalon.core.keyword.builtin.CallTestCaseKeyword$_callTestCase_closure1.call(CallTestCaseKeyword.groovy)
	at com.kms.katalon.core.keyword.internal.KeywordMain.runKeyword(KeywordMain.groovy:75)
	at com.kms.katalon.core.keyword.builtin.CallTestCaseKeyword.callTestCase(CallTestCaseKeyword.groovy:81)
	at com.kms.katalon.core.keyword.builtin.CallTestCaseKeyword.execute(CallTestCaseKeyword.groovy:44)
	at com.kms.katalon.core.keyword.internal.KeywordExecutor.executeKeywordForPlatform(KeywordExecutor.groovy:74)
	at com.kms.katalon.core.keyword.BuiltinKeywords.callTestCase(BuiltinKeywords.groovy:310)
	at com.kazurayam.ksbackyard.HighlightElement$_pandemic_closure1.doCall(HighlightElement.groovy:105)
	at TNR R.TSPT Supp90-Etudiant.run(TNR R.TSPT Supp90-Etudiant:35)
	at com.kms.katalon.core.main.ScriptEngine.run(ScriptEngine.java:194)
	at com.kms.katalon.core.main.ScriptEngine.runScriptAsRawText(ScriptEngine.java:119)
	at com.kms.katalon.core.main.TestCaseExecutor.runScript(TestCaseExecutor.java:448)
	at com.kms.katalon.core.main.TestCaseExecutor.doExecute(TestCaseExecutor.java:439)
	at com.kms.katalon.core.main.TestCaseExecutor.processExecutionPhase(TestCaseExecutor.java:418)
	at com.kms.katalon.core.main.TestCaseExecutor.accessMainPhase(TestCaseExecutor.java:410)
	at com.kms.katalon.core.main.TestCaseExecutor.execute(TestCaseExecutor.java:285)
	at com.kms.katalon.core.common.CommonExecutor.accessTestCaseMainPhase(CommonExecutor.java:65)
	at com.kms.katalon.core.main.TestSuiteExecutor.accessTestSuiteMainPhase(TestSuiteExecutor.java:148)
	at com.kms.katalon.core.main.TestSuiteExecutor.execute(TestSuiteExecutor.java:106)
	at com.kms.katalon.core.main.TestCaseMain.startTestSuite(TestCaseMain.java:187)
	at com.kms.katalon.core.main.TestCaseMain$startTestSuite$0.call(Unknown Source)
	at TempTestSuite1700746096123.run(TempTestSuite1700746096123.groovy:36)
)
[[ATTACHMENT|C:\\Users\\ISSAM.RHARBAOUI\\git\\22_11\\ANEF-AutomatizationProject\\Reports\\20231123_142816\\TS_TNR_R.TSPT_Suppo90\\20231123_142816\\1700746324441.png]]

2023-11-23 14:32:04 - [TEST_STEP][PASSED] - if (DriverName == "IE_DRIVER"): null

2023-11-23 14:32:04 - [TEST_STEP][PASSED] - delay(3): Delayed 3 second(s)

2023-11-23 14:32:04 - [MESSAGE][INFO] - Delaying browser in 3 second(s)

2023-11-23 14:32:07 - [MESSAGE][PASSED] - Delayed 3 second(s)

2023-11-23 14:32:07 - [MESSAGE][PASSED] - Call Test Case 'Test Cases/Test Reutilisable/Main/Erreur lie a la confidentialite' successfully

2023-11-23 14:32:07 - [TEST_STEP][PASSED] - delay(5): Delayed 5 second(s)

2023-11-23 14:32:07 - [MESSAGE][INFO] - Delaying browser in 5 second(s)

2023-11-23 14:32:12 - [MESSAGE][PASSED] - Delayed 5 second(s)

2023-11-23 14:32:12 - [TEST_STEP][PASSED] - setText(findTestObject("Object Repository/Connexion Usager/Input_Identifiant"), NumEtrangerVisa): Text '7703040869' is set on object 'Object Repository/Connexion Usager/Input_Identifiant'

2023-11-23 14:32:12 - [MESSAGE][INFO] - Finding Test Object 'Object Repository/Connexion Usager/Input_Identifiant'

2023-11-23 14:32:12 - [MESSAGE][INFO] - Checking timeout

2023-11-23 14:32:12 - [MESSAGE][INFO] - Finding web element with id: 'Object Repository/Connexion Usager/Input_Identifiant' located by 'By.xpath: //*[@id="login"]' in '20' second(s)

2023-11-23 14:32:12 - [MESSAGE][INFO] - Smart Wait Function is triggered

2023-11-23 14:32:12 - [MESSAGE][INFO] - Found 1 web elements with id: 'Object Repository/Connexion Usager/Input_Identifiant' located by 'By.xpath: //*[@id="login"]' in '20' second(s)

2023-11-23 14:32:12 - [MESSAGE][INFO] - Checking object

2023-11-23 14:32:12 - [MESSAGE][INFO] - Checking text

2023-11-23 14:32:12 - [MESSAGE][INFO] - Finding web element from Test Object's properties

2023-11-23 14:32:12 - [MESSAGE][INFO] - Checking timeout

2023-11-23 14:32:12 - [MESSAGE][INFO] - Finding web element with id: 'Object Repository/Connexion Usager/Input_Identifiant' located by 'By.xpath: //*[@id="login"]' in '5' second(s)

2023-11-23 14:32:12 - [MESSAGE][INFO] - Smart Wait Function is triggered

2023-11-23 14:32:12 - [MESSAGE][INFO] - Found 1 web elements with id: 'Object Repository/Connexion Usager/Input_Identifiant' located by 'By.xpath: //*[@id="login"]' in '5' second(s)

2023-11-23 14:32:12 - [MESSAGE][INFO] - Clearing text of object 'Object Repository/Connexion Usager/Input_Identifiant'

2023-11-23 14:32:14 - [MESSAGE][INFO] - Finding web element from Test Object's properties

2023-11-23 14:32:14 - [MESSAGE][INFO] - Checking timeout

2023-11-23 14:32:14 - [MESSAGE][INFO] - Finding web element with id: 'Object Repository/Connexion Usager/Input_Identifiant' located by 'By.xpath: //*[@id="login"]' in '5' second(s)

2023-11-23 14:32:14 - [MESSAGE][INFO] - Smart Wait Function is triggered

2023-11-23 14:32:14 - [MESSAGE][INFO] - Found 1 web elements with id: 'Object Repository/Connexion Usager/Input_Identifiant' located by 'By.xpath: //*[@id="login"]' in '5' second(s)

2023-11-23 14:32:14 - [MESSAGE][INFO] - Setting text of object 'Object Repository/Connexion Usager/Input_Identifiant' to value '7703040869'

2023-11-23 14:32:16 - [MESSAGE][PASSED] - Text '7703040869' is set on object 'Object Repository/Connexion Usager/Input_Identifiant'

2023-11-23 14:32:16 - [TEST_STEP][PASSED] - NumEtrangerVisa = NumEtrangerVisa: null

2023-11-23 14:32:16 - [TEST_STEP][PASSED] - setEncryptedText(findTestObject("Object Repository/Connexion Usager/Input_MDP"), Password): Text ****** has been set on object 'Object Repository/Connexion Usager/Input_MDP'

2023-11-23 14:32:16 - [MESSAGE][INFO] - Finding Test Object 'Object Repository/Connexion Usager/Input_MDP'

2023-11-23 14:32:17 - [MESSAGE][INFO] - Checking timeout

2023-11-23 14:32:17 - [MESSAGE][INFO] - Finding web element with id: 'Object Repository/Connexion Usager/Input_MDP' located by 'By.xpath: //*[@id="password"]' in '20' second(s)

2023-11-23 14:32:17 - [MESSAGE][INFO] - Smart Wait Function is triggered

2023-11-23 14:32:17 - [MESSAGE][INFO] - Found 1 web elements with id: 'Object Repository/Connexion Usager/Input_MDP' located by 'By.xpath: //*[@id="password"]' in '20' second(s)

2023-11-23 14:32:17 - [MESSAGE][INFO] - Checking object

2023-11-23 14:32:17 - [MESSAGE][INFO] - Checking text

2023-11-23 14:32:17 - [MESSAGE][INFO] - Finding web element from Test Object's properties

2023-11-23 14:32:17 - [MESSAGE][INFO] - Checking timeout

2023-11-23 14:32:17 - [MESSAGE][INFO] - Finding web element with id: 'Object Repository/Connexion Usager/Input_MDP' located by 'By.xpath: //*[@id="password"]' in '5' second(s)

2023-11-23 14:32:17 - [MESSAGE][INFO] - Smart Wait Function is triggered

2023-11-23 14:32:17 - [MESSAGE][INFO] - Found 1 web elements with id: 'Object Repository/Connexion Usager/Input_MDP' located by 'By.xpath: //*[@id="password"]' in '5' second(s)

2023-11-23 14:32:17 - [MESSAGE][INFO] - Clearing text of object 'Object Repository/Connexion Usager/Input_MDP'

2023-11-23 14:32:19 - [MESSAGE][INFO] - Setting  text of object 'Object Repository/Connexion Usager/Input_MDP' to value ******

2023-11-23 14:32:21 - [MESSAGE][PASSED] - Text ****** has been set on object 'Object Repository/Connexion Usager/Input_MDP'

2023-11-23 14:32:21 - [TEST_STEP][PASSED] - click(findTestObject("Object Repository/Connexion Usager/btn_Sidentifier")): Object: 'Object Repository/Connexion Usager/btn_Sidentifier' is clicked on

2023-11-23 14:32:21 - [MESSAGE][INFO] - Finding Test Object 'Object Repository/Connexion Usager/btn_Sidentifier'

2023-11-23 14:32:21 - [MESSAGE][INFO] - Checking timeout

2023-11-23 14:32:21 - [MESSAGE][INFO] - Finding web element with id: 'Object Repository/Connexion Usager/btn_Sidentifier' located by 'By.xpath: //*[@type= 'submit']' in '20' second(s)

2023-11-23 14:32:21 - [MESSAGE][INFO] - Smart Wait Function is triggered

2023-11-23 14:32:21 - [MESSAGE][INFO] - Found 1 web elements with id: 'Object Repository/Connexion Usager/btn_Sidentifier' located by 'By.xpath: //*[@type= 'submit']' in '20' second(s)

2023-11-23 14:32:21 - [MESSAGE][INFO] - Checking object

2023-11-23 14:32:21 - [MESSAGE][INFO] - Checking timeout

2023-11-23 14:32:21 - [MESSAGE][INFO] - Finding web element from Test Object's properties

2023-11-23 14:32:21 - [MESSAGE][INFO] - Checking timeout

2023-11-23 14:32:21 - [MESSAGE][INFO] - Finding web element with id: 'Object Repository/Connexion Usager/btn_Sidentifier' located by 'By.xpath: //*[@type= 'submit']' in '5' second(s)

2023-11-23 14:32:21 - [MESSAGE][INFO] - Smart Wait Function is triggered

2023-11-23 14:32:21 - [MESSAGE][INFO] - Found 1 web elements with id: 'Object Repository/Connexion Usager/btn_Sidentifier' located by 'By.xpath: //*[@type= 'submit']' in '5' second(s)

2023-11-23 14:32:21 - [MESSAGE][INFO] - Clicking on object: 'Object Repository/Connexion Usager/btn_Sidentifier'

2023-11-23 14:32:25 - [MESSAGE][PASSED] - Object: 'Object Repository/Connexion Usager/btn_Sidentifier' is clicked on

2023-11-23 14:32:25 - [TEST_STEP][PASSED] - delay(15): Delayed 15 second(s)

2023-11-23 14:32:25 - [MESSAGE][INFO] - Delaying browser in 15 second(s)

2023-11-23 14:32:40 - [MESSAGE][PASSED] - Delayed 15 second(s)

2023-11-23 14:32:40 - [TEST_STEP][PASSED] - verifyElementPresent(findTestObject("Object Repository/Page_Accueil_Usager/Span_MesNotifications"), 2, STOP_ON_FAILURE): Object 'Object Repository/Page_Accueil_Usager/Span_MesNotifications' is present

2023-11-23 14:32:40 - [MESSAGE][INFO] - Finding Test Object 'Object Repository/Page_Accueil_Usager/Span_MesNotifications'

2023-11-23 14:32:40 - [MESSAGE][INFO] - Checking object

2023-11-23 14:32:40 - [MESSAGE][INFO] - Finding web element from Test Object's properties

2023-11-23 14:32:40 - [MESSAGE][INFO] - Checking timeout

2023-11-23 14:32:40 - [MESSAGE][INFO] - Finding web element with id: 'Object Repository/Page_Accueil_Usager/Span_MesNotifications' located by 'By.xpath: //*[@id="navBar-new"]/nav/div[3]/div/div/ul/li[1]/a/span' in '2' second(s)

2023-11-23 14:32:40 - [MESSAGE][INFO] - Smart Wait Function is triggered

2023-11-23 14:32:40 - [MESSAGE][INFO] - Found 1 web elements with id: 'Object Repository/Page_Accueil_Usager/Span_MesNotifications' located by 'By.xpath: //*[@id="navBar-new"]/nav/div[3]/div/div/ul/li[1]/a/span' in '2' second(s)

2023-11-23 14:32:40 - [MESSAGE][PASSED] - Object 'Object Repository/Page_Accueil_Usager/Span_MesNotifications' is present

2023-11-23 14:32:40 - [TEST_STEP][PASSED] - if (Profiles == "Agent"): null

2023-11-23 14:32:40 - [TEST_STEP][PASSED] - else: null

2023-11-23 14:32:40 - [TEST_STEP][PASSED] - println("VÃ©rifier le Portail de votre connexion Usager ou Agent"): null

2023-11-23 14:32:40 - [MESSAGE][PASSED] - Call Test Case 'Test Cases/Test Reutilisable/Main/Identification' successfully

2023-11-23 14:32:40 - [TEST_STEP][PASSED] - callTestCase(findTestCase("Test Reutilisable/DemandeOuRenouvelle_TitreSejour/DemandeOuRenouvelleTitreSejour"), [:], STOP_ON_FAILURE): Call Test Case 'Test Cases/Test Reutilisable/DemandeOuRenouvelle_TitreSejour/DemandeOuRenouvelleTitreSejour' successfully

2023-11-23 14:32:40 - [MESSAGE][INFO] - Checking called Test Case

2023-11-23 14:32:40 - [MESSAGE][INFO] - Starting to call Test Case 'Test Cases/Test Reutilisable/DemandeOuRenouvelle_TitreSejour/DemandeOuRenouvelleTitreSejour'

2023-11-23 14:32:40 - [TEST_CASE][PASSED] - Test Cases/Test Reutilisable/DemandeOuRenouvelle_TitreSejour/DemandeOuRenouvelleTitreSejour: Test Cases/Test Reutilisable/DemandeOuRenouvelle_TitreSejour/DemandeOuRenouvelleTitreSejour

2023-11-23 14:32:41 - [TEST_STEP][PASSED] - com.kazurayam.ksbackyard.HighlightElement.pandemic(): com.kazurayam.ksbackyard.HighlightElement.pandemic is PASSED

2023-11-23 14:32:41 - [MESSAGE][PASSED] - com.kazurayam.ksbackyard.HighlightElement.pandemic is PASSED

2023-11-23 14:32:41 - [TEST_STEP][PASSED] - delay(3): Delayed 3 second(s)

2023-11-23 14:32:41 - [MESSAGE][INFO] - Delaying browser in 3 second(s)

2023-11-23 14:32:44 - [MESSAGE][PASSED] - Delayed 3 second(s)

2023-11-23 14:32:44 - [TEST_STEP][PASSED] - doubleClick(findTestObject("Object Repository/Page_Accueil_Usager/btn_DemandeOuRenouvelleTitreSejour")): Object: 'Object Repository/Page_Accueil_Usager/btn_DemandeOuRenouvelleTitreSejour' is double clicked on

2023-11-23 14:32:44 - [MESSAGE][INFO] - Finding Test Object 'Object Repository/Page_Accueil_Usager/btn_DemandeOuRenouvelleTitreSejour'

2023-11-23 14:32:44 - [MESSAGE][INFO] - Checking object

2023-11-23 14:32:44 - [MESSAGE][INFO] - Finding web element from Test Object's properties

2023-11-23 14:32:44 - [MESSAGE][INFO] - Checking timeout

2023-11-23 14:32:44 - [MESSAGE][INFO] - Finding web element with id: 'Object Repository/Page_Accueil_Usager/btn_DemandeOuRenouvelleTitreSejour' located by 'By.xpath: //app-portal//app-portal-root/app-default-root-content/div/div/anef-tile[1]/a/span/span[2]' in '5' second(s)

2023-11-23 14:32:44 - [MESSAGE][INFO] - Smart Wait Function is triggered

2023-11-23 14:32:44 - [MESSAGE][INFO] - Found 1 web elements with id: 'Object Repository/Page_Accueil_Usager/btn_DemandeOuRenouvelleTitreSejour' located by 'By.xpath: //app-portal//app-portal-root/app-default-root-content/div/div/anef-tile[1]/a/span/span[2]' in '5' second(s)

2023-11-23 14:32:44 - [MESSAGE][INFO] - Double clicking on object: 'Object Repository/Page_Accueil_Usager/btn_DemandeOuRenouvelleTitreSejour'

2023-11-23 14:32:44 - [MESSAGE][PASSED] - Object: 'Object Repository/Page_Accueil_Usager/btn_DemandeOuRenouvelleTitreSejour' is double clicked on

2023-11-23 14:32:44 - [TEST_STEP][PASSED] - delay(3): Delayed 3 second(s)

2023-11-23 14:32:44 - [MESSAGE][INFO] - Delaying browser in 3 second(s)

2023-11-23 14:32:47 - [MESSAGE][PASSED] - Delayed 3 second(s)

2023-11-23 14:32:47 - [TEST_STEP][PASSED] - switch (PourQui): null

2023-11-23 14:32:47 - [TEST_STEP][PASSED] - case "Moi-mÃªme":: null

2023-11-23 14:32:47 - [TEST_STEP][PASSED] - check(findTestObject("Object Repository/Page_Accueil_Usager/CheckBox_Moi-meme")): Object 'Object Repository/Page_Accueil_Usager/CheckBox_Moi-meme' is checked

2023-11-23 14:32:47 - [MESSAGE][INFO] - Finding Test Object 'Object Repository/Page_Accueil_Usager/CheckBox_Moi-meme'

2023-11-23 14:32:48 - [MESSAGE][INFO] - Checking object

2023-11-23 14:32:48 - [MESSAGE][INFO] - Finding web element from Test Object's properties

2023-11-23 14:32:48 - [MESSAGE][INFO] - Checking timeout

2023-11-23 14:32:48 - [MESSAGE][INFO] - Finding web element with id: 'Object Repository/Page_Accueil_Usager/CheckBox_Moi-meme' located by 'By.xpath: //*/div[1]/app-radio-tree-button/div/p-radiobutton/div/div[2]/span' in '5' second(s)

2023-11-23 14:32:48 - [MESSAGE][INFO] - Smart Wait Function is triggered

2023-11-23 14:32:48 - [MESSAGE][INFO] - Found 1 web elements with id: 'Object Repository/Page_Accueil_Usager/CheckBox_Moi-meme' located by 'By.xpath: //*/div[1]/app-radio-tree-button/div/p-radiobutton/div/div[2]/span' in '5' second(s)

2023-11-23 14:32:48 - [MESSAGE][INFO] - Checking on bject 'Object Repository/Page_Accueil_Usager/CheckBox_Moi-meme'

2023-11-23 14:32:50 - [MESSAGE][PASSED] - Object 'Object Repository/Page_Accueil_Usager/CheckBox_Moi-meme' is checked

2023-11-23 14:32:50 - [TEST_STEP][PASSED] - break: null

2023-11-23 14:32:50 - [TEST_STEP][PASSED] - click(findTestObject("Object Repository/Page_Accueil_Usager/btn_JeContinue")): Object: 'Object Repository/Page_Accueil_Usager/btn_JeContinue' is clicked on

2023-11-23 14:32:50 - [MESSAGE][INFO] - Finding Test Object 'Object Repository/Page_Accueil_Usager/btn_JeContinue'

2023-11-23 14:32:50 - [MESSAGE][INFO] - Checking timeout

2023-11-23 14:32:50 - [MESSAGE][INFO] - Finding web element with id: 'Object Repository/Page_Accueil_Usager/btn_JeContinue' located by 'By.xpath: //*[@ng-reflect-label='Je continue']|/html/body/app-root/div/app-portal/main/app-triage-demandeur/div/div/div/form/div[2]/button/span' in '20' second(s)

2023-11-23 14:32:50 - [MESSAGE][INFO] - Smart Wait Function is triggered

2023-11-23 14:32:50 - [MESSAGE][INFO] - Found 1 web elements with id: 'Object Repository/Page_Accueil_Usager/btn_JeContinue' located by 'By.xpath: //*[@ng-reflect-label='Je continue']|/html/body/app-root/div/app-portal/main/app-triage-demandeur/div/div/div/form/div[2]/button/span' in '20' second(s)

2023-11-23 14:32:50 - [MESSAGE][INFO] - Checking object

2023-11-23 14:32:50 - [MESSAGE][INFO] - Checking timeout

2023-11-23 14:32:50 - [MESSAGE][INFO] - Finding web element from Test Object's properties

2023-11-23 14:32:50 - [MESSAGE][INFO] - Checking timeout

2023-11-23 14:32:50 - [MESSAGE][INFO] - Finding web element with id: 'Object Repository/Page_Accueil_Usager/btn_JeContinue' located by 'By.xpath: //*[@ng-reflect-label='Je continue']|/html/body/app-root/div/app-portal/main/app-triage-demandeur/div/div/div/form/div[2]/button/span' in '5' second(s)

2023-11-23 14:32:50 - [MESSAGE][INFO] - Smart Wait Function is triggered

2023-11-23 14:32:50 - [MESSAGE][INFO] - Found 1 web elements with id: 'Object Repository/Page_Accueil_Usager/btn_JeContinue' located by 'By.xpath: //*[@ng-reflect-label='Je continue']|/html/body/app-root/div/app-portal/main/app-triage-demandeur/div/div/div/form/div[2]/button/span' in '5' second(s)

2023-11-23 14:32:50 - [MESSAGE][INFO] - Clicking on object: 'Object Repository/Page_Accueil_Usager/btn_JeContinue'

2023-11-23 14:32:52 - [MESSAGE][PASSED] - Object: 'Object Repository/Page_Accueil_Usager/btn_JeContinue' is clicked on

2023-11-23 14:32:52 - [MESSAGE][PASSED] - Call Test Case 'Test Cases/Test Reutilisable/DemandeOuRenouvelle_TitreSejour/DemandeOuRenouvelleTitreSejour' successfully

2023-11-23 14:32:52 - [TEST_STEP][PASSED] - callTestCase(findTestCase("Test Reutilisable/DemandeOuRenouvelle_TitreSejour/FormulaireTypeDeTitreDeSejour"), ["TypeTitreDeSejour":TypeTitreDeSejour, "Titre":Titre], STOP_ON_FAILURE): Call Test Case 'Test Cases/Test Reutilisable/DemandeOuRenouvelle_TitreSejour/FormulaireTypeDeTitreDeSejour' successfully

2023-11-23 14:32:52 - [MESSAGE][INFO] - Checking called Test Case

2023-11-23 14:32:52 - [MESSAGE][INFO] - Starting to call Test Case 'Test Cases/Test Reutilisable/DemandeOuRenouvelle_TitreSejour/FormulaireTypeDeTitreDeSejour'

2023-11-23 14:32:52 - [TEST_CASE][PASSED] - Test Cases/Test Reutilisable/DemandeOuRenouvelle_TitreSejour/FormulaireTypeDeTitreDeSejour: Test Cases/Test Reutilisable/DemandeOuRenouvelle_TitreSejour/FormulaireTypeDeTitreDeSejour

2023-11-23 14:32:53 - [TEST_STEP][PASSED] - com.kazurayam.ksbackyard.HighlightElement.pandemic(): com.kazurayam.ksbackyard.HighlightElement.pandemic is PASSED

2023-11-23 14:32:53 - [MESSAGE][PASSED] - com.kazurayam.ksbackyard.HighlightElement.pandemic is PASSED

2023-11-23 14:32:53 - [TEST_STEP][PASSED] - delay(10): Delayed 10 second(s)

2023-11-23 14:32:53 - [MESSAGE][INFO] - Delaying browser in 10 second(s)

2023-11-23 14:33:03 - [MESSAGE][PASSED] - Delayed 10 second(s)

2023-11-23 14:33:03 - [TEST_STEP][PASSED] - switch (TypeTitreDeSejour): null

2023-11-23 14:33:03 - [TEST_STEP][PASSED] - case "ChercheurEtChercheurEnMobilite":: null

2023-11-23 14:33:03 - [TEST_STEP][PASSED] - if (Titre == "Visiteur" || Titre == "Etudiant"): Object: 'Object Repository/Page_DemarcheRenouvellement/Btn_JeContinue' is clicked on

2023-11-23 14:33:03 - [TEST_STEP][PASSED] - check(findTestObject("Object Repository/Page_DemarcheRenouvellement/CheckBox_SolliciteTS_PasseportTalent")): Object 'Object Repository/Page_DemarcheRenouvellement/CheckBox_SolliciteTS_PasseportTalent' is checked

2023-11-23 14:33:03 - [MESSAGE][INFO] - Finding Test Object 'Object Repository/Page_DemarcheRenouvellement/CheckBox_SolliciteTS_PasseportTalent'

2023-11-23 14:33:03 - [MESSAGE][INFO] - Checking object

2023-11-23 14:33:03 - [MESSAGE][INFO] - Finding web element from Test Object's properties

2023-11-23 14:33:03 - [MESSAGE][INFO] - Checking timeout

2023-11-23 14:33:03 - [MESSAGE][INFO] - Finding web element with id: 'Object Repository/Page_DemarcheRenouvellement/CheckBox_SolliciteTS_PasseportTalent' located by 'By.xpath: //*/div[3]/app-radio-tree-button/div/p-radiobutton/div/div[2]/span' in '5' second(s)

2023-11-23 14:33:03 - [MESSAGE][INFO] - Smart Wait Function is triggered

2023-11-23 14:33:03 - [MESSAGE][INFO] - Found 1 web elements with id: 'Object Repository/Page_DemarcheRenouvellement/CheckBox_SolliciteTS_PasseportTalent' located by 'By.xpath: //*/div[3]/app-radio-tree-button/div/p-radiobutton/div/div[2]/span' in '5' second(s)

2023-11-23 14:33:03 - [MESSAGE][INFO] - Checking on bject 'Object Repository/Page_DemarcheRenouvellement/CheckBox_SolliciteTS_PasseportTalent'

2023-11-23 14:33:05 - [MESSAGE][PASSED] - Object 'Object Repository/Page_DemarcheRenouvellement/CheckBox_SolliciteTS_PasseportTalent' is checked

2023-11-23 14:33:05 - [TEST_STEP][PASSED] - check(findTestObject("Object Repository/Page_DemarcheRenouvellement/CheckBox_SolliciteTS_ChercheurEtChercheurEnMobilite")): Object 'Object Repository/Page_DemarcheRenouvellement/CheckBox_SolliciteTS_ChercheurEtChercheurEnMobilite' is checked

2023-11-23 14:33:05 - [MESSAGE][INFO] - Finding Test Object 'Object Repository/Page_DemarcheRenouvellement/CheckBox_SolliciteTS_ChercheurEtChercheurEnMobilite'

2023-11-23 14:33:06 - [MESSAGE][INFO] - Checking object

2023-11-23 14:33:06 - [MESSAGE][INFO] - Finding web element from Test Object's properties

2023-11-23 14:33:06 - [MESSAGE][INFO] - Checking timeout

2023-11-23 14:33:06 - [MESSAGE][INFO] - Finding web element with id: 'Object Repository/Page_DemarcheRenouvellement/CheckBox_SolliciteTS_ChercheurEtChercheurEnMobilite' located by 'By.xpath: //div/form/div[1]/div[2]/fieldset/div[3]/app-radio-tree-button/div/div/div[2]/app-radio-tree-button/div/p-radiobutton/div/div[2]/span' in '5' second(s)

2023-11-23 14:33:06 - [MESSAGE][INFO] - Smart Wait Function is triggered

2023-11-23 14:33:06 - [MESSAGE][INFO] - Found 1 web elements with id: 'Object Repository/Page_DemarcheRenouvellement/CheckBox_SolliciteTS_ChercheurEtChercheurEnMobilite' located by 'By.xpath: //div/form/div[1]/div[2]/fieldset/div[3]/app-radio-tree-button/div/div/div[2]/app-radio-tree-button/div/p-radiobutton/div/div[2]/span' in '5' second(s)

2023-11-23 14:33:06 - [MESSAGE][INFO] - Checking on bject 'Object Repository/Page_DemarcheRenouvellement/CheckBox_SolliciteTS_ChercheurEtChercheurEnMobilite'

2023-11-23 14:33:08 - [MESSAGE][PASSED] - Object 'Object Repository/Page_DemarcheRenouvellement/CheckBox_SolliciteTS_ChercheurEtChercheurEnMobilite' is checked

2023-11-23 14:33:08 - [TEST_STEP][PASSED] - click(findTestObject("Object Repository/Page_DemarcheRenouvellement/btn_JeCommence")): Object: 'Object Repository/Page_DemarcheRenouvellement/btn_JeCommence' is clicked on

2023-11-23 14:33:08 - [MESSAGE][INFO] - Finding Test Object 'Object Repository/Page_DemarcheRenouvellement/btn_JeCommence'

2023-11-23 14:33:08 - [MESSAGE][INFO] - Checking timeout

2023-11-23 14:33:08 - [MESSAGE][INFO] - Finding web element with id: 'Object Repository/Page_DemarcheRenouvellement/btn_JeCommence' located by 'By.xpath: //app-informations-declaration//app-actions-bar//button/span[contains(.,'Je continue')]|//app-informations-demande-ptsq//app-actions-bar//button/span[contains(.,'Je continue')]|//*/div[2]/button/span|//button[@type="submit" and contains(., 'Je commence')]|//button[@type="submit" and contains(., 'Je continue')]' in '20' second(s)

2023-11-23 14:33:08 - [MESSAGE][INFO] - Smart Wait Function is triggered

2023-11-23 14:33:08 - [MESSAGE][INFO] - Found 1 web elements with id: 'Object Repository/Page_DemarcheRenouvellement/btn_JeCommence' located by 'By.xpath: //app-informations-declaration//app-actions-bar//button/span[contains(.,'Je continue')]|//app-informations-demande-ptsq//app-actions-bar//button/span[contains(.,'Je continue')]|//*/div[2]/button/span|//button[@type="submit" and contains(., 'Je commence')]|//button[@type="submit" and contains(., 'Je continue')]' in '20' second(s)

2023-11-23 14:33:08 - [MESSAGE][INFO] - Checking object

2023-11-23 14:33:08 - [MESSAGE][INFO] - Checking timeout

2023-11-23 14:33:08 - [MESSAGE][INFO] - Finding web element from Test Object's properties

2023-11-23 14:33:08 - [MESSAGE][INFO] - Checking timeout

2023-11-23 14:33:08 - [MESSAGE][INFO] - Finding web element with id: 'Object Repository/Page_DemarcheRenouvellement/btn_JeCommence' located by 'By.xpath: //app-informations-declaration//app-actions-bar//button/span[contains(.,'Je continue')]|//app-informations-demande-ptsq//app-actions-bar//button/span[contains(.,'Je continue')]|//*/div[2]/button/span|//button[@type="submit" and contains(., 'Je commence')]|//button[@type="submit" and contains(., 'Je continue')]' in '5' second(s)

2023-11-23 14:33:08 - [MESSAGE][INFO] - Smart Wait Function is triggered

2023-11-23 14:33:08 - [MESSAGE][INFO] - Found 1 web elements with id: 'Object Repository/Page_DemarcheRenouvellement/btn_JeCommence' located by 'By.xpath: //app-informations-declaration//app-actions-bar//button/span[contains(.,'Je continue')]|//app-informations-demande-ptsq//app-actions-bar//button/span[contains(.,'Je continue')]|//*/div[2]/button/span|//button[@type="submit" and contains(., 'Je commence')]|//button[@type="submit" and contains(., 'Je continue')]' in '5' second(s)

2023-11-23 14:33:08 - [MESSAGE][INFO] - Clicking on object: 'Object Repository/Page_DemarcheRenouvellement/btn_JeCommence'

2023-11-23 14:33:10 - [MESSAGE][PASSED] - Object: 'Object Repository/Page_DemarcheRenouvellement/btn_JeCommence' is clicked on

2023-11-23 14:33:10 - [TEST_STEP][PASSED] - delay(3): Delayed 3 second(s)

2023-11-23 14:33:10 - [MESSAGE][INFO] - Delaying browser in 3 second(s)

2023-11-23 14:33:13 - [MESSAGE][PASSED] - Delayed 3 second(s)

2023-11-23 14:33:13 - [TEST_STEP][PASSED] - click(findTestObject("Object Repository/Page_DemarcheRenouvellement/Btn_JeContinue")): Object: 'Object Repository/Page_DemarcheRenouvellement/Btn_JeContinue' is clicked on

2023-11-23 14:33:13 - [MESSAGE][INFO] - Finding Test Object 'Object Repository/Page_DemarcheRenouvellement/Btn_JeContinue'

2023-11-23 14:33:13 - [MESSAGE][INFO] - Checking timeout

2023-11-23 14:33:13 - [MESSAGE][INFO] - Finding web element with id: 'Object Repository/Page_DemarcheRenouvellement/Btn_JeContinue' located by 'By.xpath: //button[@type="submit" and contains(., 'Je commence')]|//span[@class="ui-button-text ui-clickable" and contains(., 'Je continue')]|//app-informations-declaration//app-actions-bar//button/span[contains(.,'Je continue')]|//app-informations-demande-ptch/div/app-actions-bar/div/div[2]/div/div[2]/button/span' in '20' second(s)

2023-11-23 14:33:13 - [MESSAGE][INFO] - Smart Wait Function is triggered

2023-11-23 14:33:13 - [MESSAGE][INFO] - Found 1 web elements with id: 'Object Repository/Page_DemarcheRenouvellement/Btn_JeContinue' located by 'By.xpath: //button[@type="submit" and contains(., 'Je commence')]|//span[@class="ui-button-text ui-clickable" and contains(., 'Je continue')]|//app-informations-declaration//app-actions-bar//button/span[contains(.,'Je continue')]|//app-informations-demande-ptch/div/app-actions-bar/div/div[2]/div/div[2]/button/span' in '20' second(s)

2023-11-23 14:33:13 - [MESSAGE][INFO] - Checking object

2023-11-23 14:33:13 - [MESSAGE][INFO] - Checking timeout

2023-11-23 14:33:13 - [MESSAGE][INFO] - Finding web element from Test Object's properties

2023-11-23 14:33:13 - [MESSAGE][INFO] - Checking timeout

2023-11-23 14:33:13 - [MESSAGE][INFO] - Finding web element with id: 'Object Repository/Page_DemarcheRenouvellement/Btn_JeContinue' located by 'By.xpath: //button[@type="submit" and contains(., 'Je commence')]|//span[@class="ui-button-text ui-clickable" and contains(., 'Je continue')]|//app-informations-declaration//app-actions-bar//button/span[contains(.,'Je continue')]|//app-informations-demande-ptch/div/app-actions-bar/div/div[2]/div/div[2]/button/span' in '5' second(s)

2023-11-23 14:33:13 - [MESSAGE][INFO] - Smart Wait Function is triggered

2023-11-23 14:33:13 - [MESSAGE][INFO] - Found 1 web elements with id: 'Object Repository/Page_DemarcheRenouvellement/Btn_JeContinue' located by 'By.xpath: //button[@type="submit" and contains(., 'Je commence')]|//span[@class="ui-button-text ui-clickable" and contains(., 'Je continue')]|//app-informations-declaration//app-actions-bar//button/span[contains(.,'Je continue')]|//app-informations-demande-ptch/div/app-actions-bar/div/div[2]/div/div[2]/button/span' in '5' second(s)

2023-11-23 14:33:13 - [MESSAGE][INFO] - Clicking on object: 'Object Repository/Page_DemarcheRenouvellement/Btn_JeContinue'

2023-11-23 14:33:15 - [MESSAGE][PASSED] - Object: 'Object Repository/Page_DemarcheRenouvellement/Btn_JeContinue' is clicked on

2023-11-23 14:33:15 - [TEST_STEP][PASSED] - break: null

2023-11-23 14:33:15 - [TEST_STEP][PASSED] - "VÃ©rification s il y a un message Erreur : Il est trop tÃ´t pour demander le renouvellement de votre titre.": null

2023-11-23 14:33:15 - [TEST_STEP][PASSED] - MsgAlertPresent = verifyElementPresent(findTestObject("Object Repository/Page_Accueil_Usager/Verif_PopUpTropTotPourDemanderLeRenouvellementDeVotreTitre"), 1, OPTIONAL): com.kms.katalon.core.webui.exception.WebElementNotFoundException: Web element with id: 'Object Repository/Page_Accueil_Usager/Verif_PopUpTropTotPourDemanderLeRenouvellementDeVotreTitre' located by '/html/body/app-root/div/app-portal/main/app-theme-v2/div/app-triage/div/div/div/form/div[2]/div/p-message/div/span[2]' not found (Root cause: com.kms.katalon.core.exception.StepFailedException: com.kms.katalon.core.webui.exception.WebElementNotFoundException: Web element with id: 'Object Repository/Page_Accueil_Usager/Verif_PopUpTropTotPourDemanderLeRenouvellementDeVotreTitre' located by '/html/body/app-root/div/app-portal/main/app-theme-v2/div/app-triage/div/div/div/form/div[2]/div/p-message/div/span[2]' not found
	at com.kms.katalon.core.webui.keyword.internal.WebUIKeywordMain.stepFailed(WebUIKeywordMain.groovy:64)
	at com.kms.katalon.core.webui.keyword.builtin.VerifyElementPresentKeyword$_verifyElementPresent_closure1.doCall(VerifyElementPresentKeyword.groovy:85)
	at com.kms.katalon.core.webui.keyword.builtin.VerifyElementPresentKeyword$_verifyElementPresent_closure1.call(VerifyElementPresentKeyword.groovy)
	at com.kms.katalon.core.webui.keyword.internal.WebUIKeywordMain.runKeyword(WebUIKeywordMain.groovy:20)
	at com.kms.katalon.core.webui.keyword.builtin.VerifyElementPresentKeyword.verifyElementPresent(VerifyElementPresentKeyword.groovy:92)
	at com.kms.katalon.core.webui.keyword.builtin.VerifyElementPresentKeyword.execute(VerifyElementPresentKeyword.groovy:68)
	at com.kms.katalon.core.keyword.internal.KeywordExecutor.executeKeywordForPlatform(KeywordExecutor.groovy:74)
	at com.kms.katalon.core.webui.keyword.WebUiBuiltInKeywords.verifyElementPresent(WebUiBuiltInKeywords.groovy:1448)
	at com.kazurayam.ksbackyard.HighlightElement$_pandemic_closure1.doCall(HighlightElement.groovy:105)
	at FormulaireTypeDeTitreDeSejour.run(FormulaireTypeDeTitreDeSejour:302)
	at com.kms.katalon.core.main.ScriptEngine.run(ScriptEngine.java:194)
	at com.kms.katalon.core.main.ScriptEngine.runScriptAsRawText(ScriptEngine.java:119)
	at com.kms.katalon.core.main.TestCaseExecutor.runScript(TestCaseExecutor.java:448)
	at com.kms.katalon.core.main.TestCaseExecutor.doExecute(TestCaseExecutor.java:439)
	at com.kms.katalon.core.main.TestCaseExecutor.processExecutionPhase(TestCaseExecutor.java:418)
	at com.kms.katalon.core.main.TestCaseExecutor.accessMainPhase(TestCaseExecutor.java:410)
	at com.kms.katalon.core.main.TestCaseExecutor.execute(TestCaseExecutor.java:285)
	at com.kms.katalon.core.main.TestCaseMain.runTestCase(TestCaseMain.java:144)
	at com.kms.katalon.core.keyword.builtin.CallTestCaseKeyword$_callTestCase_closure1.doCall(CallTestCaseKeyword.groovy:59)
	at com.kms.katalon.core.keyword.builtin.CallTestCaseKeyword$_callTestCase_closure1.call(CallTestCaseKeyword.groovy)
	at com.kms.katalon.core.keyword.internal.KeywordMain.runKeyword(KeywordMain.groovy:75)
	at com.kms.katalon.core.keyword.builtin.CallTestCaseKeyword.callTestCase(CallTestCaseKeyword.groovy:81)
	at com.kms.katalon.core.keyword.builtin.CallTestCaseKeyword.execute(CallTestCaseKeyword.groovy:44)
	at com.kms.katalon.core.keyword.internal.KeywordExecutor.executeKeywordForPlatform(KeywordExecutor.groovy:74)
	at com.kms.katalon.core.keyword.BuiltinKeywords.callTestCase(BuiltinKeywords.groovy:310)
	at com.kazurayam.ksbackyard.HighlightElement$_pandemic_closure1.doCall(HighlightElement.groovy:105)
	at TNR R.TSPT Supp90-Etudiant.run(TNR R.TSPT Supp90-Etudiant:43)
	at com.kms.katalon.core.main.ScriptEngine.run(ScriptEngine.java:194)
	at com.kms.katalon.core.main.ScriptEngine.runScriptAsRawText(ScriptEngine.java:119)
	at com.kms.katalon.core.main.TestCaseExecutor.runScript(TestCaseExecutor.java:448)
	at com.kms.katalon.core.main.TestCaseExecutor.doExecute(TestCaseExecutor.java:439)
	at com.kms.katalon.core.main.TestCaseExecutor.processExecutionPhase(TestCaseExecutor.java:418)
	at com.kms.katalon.core.main.TestCaseExecutor.accessMainPhase(TestCaseExecutor.java:410)
	at com.kms.katalon.core.main.TestCaseExecutor.execute(TestCaseExecutor.java:285)
	at com.kms.katalon.core.common.CommonExecutor.accessTestCaseMainPhase(CommonExecutor.java:65)
	at com.kms.katalon.core.main.TestSuiteExecutor.accessTestSuiteMainPhase(TestSuiteExecutor.java:148)
	at com.kms.katalon.core.main.TestSuiteExecutor.execute(TestSuiteExecutor.java:106)
	at com.kms.katalon.core.main.TestCaseMain.startTestSuite(TestCaseMain.java:187)
	at com.kms.katalon.core.main.TestCaseMain$startTestSuite$0.call(Unknown Source)
	at TempTestSuite1700746096123.run(TempTestSuite1700746096123.groovy:36)
)

2023-11-23 14:33:15 - [MESSAGE][INFO] - Finding Test Object 'Object Repository/Page_Accueil_Usager/Verif_PopUpTropTotPourDemanderLeRenouvellementDeVotreTitre'

2023-11-23 14:33:15 - [MESSAGE][INFO] - Checking object

2023-11-23 14:33:15 - [MESSAGE][INFO] - Finding web element from Test Object's properties

2023-11-23 14:33:15 - [MESSAGE][INFO] - Checking timeout

2023-11-23 14:33:15 - [MESSAGE][INFO] - Finding web element with id: 'Object Repository/Page_Accueil_Usager/Verif_PopUpTropTotPourDemanderLeRenouvellementDeVotreTitre' located by 'By.xpath: /html/body/app-root/div/app-portal/main/app-theme-v2/div/app-triage/div/div/div/form/div[2]/div/p-message/div/span[2]' in '1' second(s)

2023-11-23 14:33:15 - [MESSAGE][INFO] - Smart Wait Function is triggered

2023-11-23 14:33:16 - [MESSAGE][INFO] - Smart Wait Function is triggered

2023-11-23 14:33:16 - [MESSAGE][INFO] - Smart Wait Function is triggered

2023-11-23 14:33:16 - [MESSAGE][INFO] - Smart Wait Function is triggered

2023-11-23 14:33:16 - [MESSAGE][INFO] - Smart Wait Function is triggered

2023-11-23 14:33:16 - [MESSAGE][INFO] - Smart Wait Function is triggered

2023-11-23 14:33:16 - [MESSAGE][INFO] - Smart Wait Function is triggered

2023-11-23 14:33:16 - [MESSAGE][INFO] - Smart Wait Function is triggered

2023-11-23 14:33:16 - [MESSAGE][INFO] - Smart Wait Function is triggered

2023-11-23 14:33:16 - [MESSAGE][INFO] - Smart Wait Function is triggered

2023-11-23 14:33:16 - [MESSAGE][INFO] - Smart Wait Function is triggered

2023-11-23 14:33:16 - [MESSAGE][INFO] - Smart Wait Function is triggered

2023-11-23 14:33:16 - [MESSAGE][INFO] - Smart Wait Function is triggered

2023-11-23 14:33:16 - [MESSAGE][INFO] - Smart Wait Function is triggered

2023-11-23 14:33:16 - [MESSAGE][INFO] - Smart Wait Function is triggered

2023-11-23 14:33:16 - [MESSAGE][INFO] - Smart Wait Function is triggered

2023-11-23 14:33:16 - [MESSAGE][INFO] - Smart Wait Function is triggered

2023-11-23 14:33:16 - [MESSAGE][INFO] - Smart Wait Function is triggered

2023-11-23 14:33:16 - [MESSAGE][INFO] - Smart Wait Function is triggered

2023-11-23 14:33:16 - [MESSAGE][INFO] - Smart Wait Function is triggered

2023-11-23 14:33:16 - [MESSAGE][INFO] - Smart Wait Function is triggered

2023-11-23 14:33:16 - [MESSAGE][INFO] - Smart Wait Function is triggered

2023-11-23 14:33:16 - [MESSAGE][INFO] - Smart Wait Function is triggered

2023-11-23 14:33:16 - [MESSAGE][INFO] - Smart Wait Function is triggered

2023-11-23 14:33:16 - [MESSAGE][INFO] - Smart Wait Function is triggered

2023-11-23 14:33:16 - [MESSAGE][INFO] - Smart Wait Function is triggered

2023-11-23 14:33:16 - [MESSAGE][INFO] - Smart Wait Function is triggered

2023-11-23 14:33:17 - [MESSAGE][INFO] - Smart Wait Function is triggered

2023-11-23 14:33:17 - [MESSAGE][INFO] - Smart Wait Function is triggered

2023-11-23 14:33:17 - [MESSAGE][INFO] - Smart Wait Function is triggered

2023-11-23 14:33:17 - [MESSAGE][INFO] - Smart Wait Function is triggered

2023-11-23 14:33:17 - [MESSAGE][INFO] - Smart Wait Function is triggered

2023-11-23 14:33:17 - [MESSAGE][INFO] - Smart Wait Function is triggered

2023-11-23 14:33:17 - [MESSAGE][INFO] - Smart Wait Function is triggered

2023-11-23 14:33:17 - [MESSAGE][INFO] - Smart Wait Function is triggered

2023-11-23 14:33:17 - [MESSAGE][INFO] - Smart Wait Function is triggered

2023-11-23 14:33:17 - [MESSAGE][INFO] - Smart Wait Function is triggered

2023-11-23 14:33:17 - [MESSAGE][INFO] - Smart Wait Function is triggered

2023-11-23 14:33:17 - [MESSAGE][INFO] - Smart Wait Function is triggered

2023-11-23 14:33:17 - [MESSAGE][INFO] - Smart Wait Function is triggered

2023-11-23 14:33:17 - [MESSAGE][INFO] - Smart Wait Function is triggered

2023-11-23 14:33:17 - [MESSAGE][INFO] - Smart Wait Function is triggered

2023-11-23 14:33:17 - [MESSAGE][INFO] - Smart Wait Function is triggered

2023-11-23 14:33:17 - [MESSAGE][INFO] - Smart Wait Function is triggered

2023-11-23 14:33:17 - [MESSAGE][INFO] - Smart Wait Function is triggered

2023-11-23 14:33:17 - [MESSAGE][INFO] - Smart Wait Function is triggered

2023-11-23 14:33:17 - [MESSAGE][INFO] - Smart Wait Function is triggered

2023-11-23 14:33:17 - [MESSAGE][INFO] - Smart Wait Function is triggered

2023-11-23 14:33:17 - [MESSAGE][INFO] - Smart Wait Function is triggered

2023-11-23 14:33:17 - [MESSAGE][INFO] - Smart Wait Function is triggered

2023-11-23 14:33:17 - [MESSAGE][INFO] - Smart Wait Function is triggered

2023-11-23 14:33:17 - [MESSAGE][INFO] - Unable to find the element located by 'By.xpath: /html/body/app-root/div/app-portal/main/app-theme-v2/div/app-triage/div/div/div/form/div[2]/div/p-message/div/span[2]'. Please recheck the objects properties to make sure the desired element is located. 

2023-11-23 14:33:18 - [MESSAGE][WARNING] - com.kms.katalon.core.webui.exception.WebElementNotFoundException: Web element with id: 'Object Repository/Page_Accueil_Usager/Verif_PopUpTropTotPourDemanderLeRenouvellementDeVotreTitre' located by '/html/body/app-root/div/app-portal/main/app-theme-v2/div/app-triage/div/div/div/form/div[2]/div/p-message/div/span[2]' not found (Root cause: com.kms.katalon.core.exception.StepFailedException: com.kms.katalon.core.webui.exception.WebElementNotFoundException: Web element with id: 'Object Repository/Page_Accueil_Usager/Verif_PopUpTropTotPourDemanderLeRenouvellementDeVotreTitre' located by '/html/body/app-root/div/app-portal/main/app-theme-v2/div/app-triage/div/div/div/form/div[2]/div/p-message/div/span[2]' not found
	at com.kms.katalon.core.webui.keyword.internal.WebUIKeywordMain.stepFailed(WebUIKeywordMain.groovy:64)
	at com.kms.katalon.core.webui.keyword.builtin.VerifyElementPresentKeyword$_verifyElementPresent_closure1.doCall(VerifyElementPresentKeyword.groovy:85)
	at com.kms.katalon.core.webui.keyword.builtin.VerifyElementPresentKeyword$_verifyElementPresent_closure1.call(VerifyElementPresentKeyword.groovy)
	at com.kms.katalon.core.webui.keyword.internal.WebUIKeywordMain.runKeyword(WebUIKeywordMain.groovy:20)
	at com.kms.katalon.core.webui.keyword.builtin.VerifyElementPresentKeyword.verifyElementPresent(VerifyElementPresentKeyword.groovy:92)
	at com.kms.katalon.core.webui.keyword.builtin.VerifyElementPresentKeyword.execute(VerifyElementPresentKeyword.groovy:68)
	at com.kms.katalon.core.keyword.internal.KeywordExecutor.executeKeywordForPlatform(KeywordExecutor.groovy:74)
	at com.kms.katalon.core.webui.keyword.WebUiBuiltInKeywords.verifyElementPresent(WebUiBuiltInKeywords.groovy:1448)
	at com.kazurayam.ksbackyard.HighlightElement$_pandemic_closure1.doCall(HighlightElement.groovy:105)
	at FormulaireTypeDeTitreDeSejour.run(FormulaireTypeDeTitreDeSejour:302)
	at com.kms.katalon.core.main.ScriptEngine.run(ScriptEngine.java:194)
	at com.kms.katalon.core.main.ScriptEngine.runScriptAsRawText(ScriptEngine.java:119)
	at com.kms.katalon.core.main.TestCaseExecutor.runScript(TestCaseExecutor.java:448)
	at com.kms.katalon.core.main.TestCaseExecutor.doExecute(TestCaseExecutor.java:439)
	at com.kms.katalon.core.main.TestCaseExecutor.processExecutionPhase(TestCaseExecutor.java:418)
	at com.kms.katalon.core.main.TestCaseExecutor.accessMainPhase(TestCaseExecutor.java:410)
	at com.kms.katalon.core.main.TestCaseExecutor.execute(TestCaseExecutor.java:285)
	at com.kms.katalon.core.main.TestCaseMain.runTestCase(TestCaseMain.java:144)
	at com.kms.katalon.core.keyword.builtin.CallTestCaseKeyword$_callTestCase_closure1.doCall(CallTestCaseKeyword.groovy:59)
	at com.kms.katalon.core.keyword.builtin.CallTestCaseKeyword$_callTestCase_closure1.call(CallTestCaseKeyword.groovy)
	at com.kms.katalon.core.keyword.internal.KeywordMain.runKeyword(KeywordMain.groovy:75)
	at com.kms.katalon.core.keyword.builtin.CallTestCaseKeyword.callTestCase(CallTestCaseKeyword.groovy:81)
	at com.kms.katalon.core.keyword.builtin.CallTestCaseKeyword.execute(CallTestCaseKeyword.groovy:44)
	at com.kms.katalon.core.keyword.internal.KeywordExecutor.executeKeywordForPlatform(KeywordExecutor.groovy:74)
	at com.kms.katalon.core.keyword.BuiltinKeywords.callTestCase(BuiltinKeywords.groovy:310)
	at com.kazurayam.ksbackyard.HighlightElement$_pandemic_closure1.doCall(HighlightElement.groovy:105)
	at TNR R.TSPT Supp90-Etudiant.run(TNR R.TSPT Supp90-Etudiant:43)
	at com.kms.katalon.core.main.ScriptEngine.run(ScriptEngine.java:194)
	at com.kms.katalon.core.main.ScriptEngine.runScriptAsRawText(ScriptEngine.java:119)
	at com.kms.katalon.core.main.TestCaseExecutor.runScript(TestCaseExecutor.java:448)
	at com.kms.katalon.core.main.TestCaseExecutor.doExecute(TestCaseExecutor.java:439)
	at com.kms.katalon.core.main.TestCaseExecutor.processExecutionPhase(TestCaseExecutor.java:418)
	at com.kms.katalon.core.main.TestCaseExecutor.accessMainPhase(TestCaseExecutor.java:410)
	at com.kms.katalon.core.main.TestCaseExecutor.execute(TestCaseExecutor.java:285)
	at com.kms.katalon.core.common.CommonExecutor.accessTestCaseMainPhase(CommonExecutor.java:65)
	at com.kms.katalon.core.main.TestSuiteExecutor.accessTestSuiteMainPhase(TestSuiteExecutor.java:148)
	at com.kms.katalon.core.main.TestSuiteExecutor.execute(TestSuiteExecutor.java:106)
	at com.kms.katalon.core.main.TestCaseMain.startTestSuite(TestCaseMain.java:187)
	at com.kms.katalon.core.main.TestCaseMain$startTestSuite$0.call(Unknown Source)
	at TempTestSuite1700746096123.run(TempTestSuite1700746096123.groovy:36)
)
[[ATTACHMENT|C:\\Users\\ISSAM.RHARBAOUI\\git\\22_11\\ANEF-AutomatizationProject\\Reports\\20231123_142816\\TS_TNR_R.TSPT_Suppo90\\20231123_142816\\1700746397785.png]]

2023-11-23 14:33:18 - [TEST_STEP][PASSED] - if (MsgAlertPresent): null

2023-11-23 14:33:18 - [TEST_STEP][PASSED] - else:  C'est le bon Moment pour demander le renouvellement de votre titre.

2023-11-23 14:33:18 - [TEST_STEP][PASSED] - markPassed(" C'est le bon Moment pour demander le renouvellement de votre titre."):  C'est le bon Moment pour demander le renouvellement de votre titre.

2023-11-23 14:33:18 - [MESSAGE][PASSED] -  C'est le bon Moment pour demander le renouvellement de votre titre.

2023-11-23 14:33:18 - [MESSAGE][PASSED] - Call Test Case 'Test Cases/Test Reutilisable/DemandeOuRenouvelle_TitreSejour/FormulaireTypeDeTitreDeSejour' successfully

2023-11-23 14:33:18 - [TEST_STEP][PASSED] - callTestCase(findTestCase("Test Reutilisable/DemandeOuRenouvelle_TitreSejour/FormulaireInformationsPersonnelles"), ["AdresseUsager":AdresseUsager, "NumeroTelephoneUsager":NumeroTelephoneUsager], STOP_ON_FAILURE): Call Test Case 'Test Cases/Test Reutilisable/DemandeOuRenouvelle_TitreSejour/FormulaireInformationsPersonnelles' successfully

2023-11-23 14:33:18 - [MESSAGE][INFO] - Checking called Test Case

2023-11-23 14:33:18 - [MESSAGE][INFO] - Starting to call Test Case 'Test Cases/Test Reutilisable/DemandeOuRenouvelle_TitreSejour/FormulaireInformationsPersonnelles'

2023-11-23 14:33:18 - [TEST_CASE][PASSED] - Test Cases/Test Reutilisable/DemandeOuRenouvelle_TitreSejour/FormulaireInformationsPersonnelles: Test Cases/Test Reutilisable/DemandeOuRenouvelle_TitreSejour/FormulaireInformationsPersonnelles

2023-11-23 14:33:20 - [TEST_STEP][PASSED] - com.kazurayam.ksbackyard.HighlightElement.pandemic(): com.kazurayam.ksbackyard.HighlightElement.pandemic is PASSED

2023-11-23 14:33:20 - [MESSAGE][PASSED] - com.kazurayam.ksbackyard.HighlightElement.pandemic is PASSED

2023-11-23 14:33:20 - [TEST_STEP][PASSED] - if (verifyElementPresent(findTestObject("Object Repository/Page_InformationPersonnelles_Usager/CheckBox_liensPersonnelsFamiliaux_1_Non"), 1, OPTIONAL)): com.kms.katalon.core.webui.exception.WebElementNotFoundException: Web element with id: 'Object Repository/Page_InformationPersonnelles_Usager/CheckBox_liensPersonnelsFamiliaux_1_Non' located by '//*[@id="ui-accordiontab-1-content"]/div/div/div[1]/div/anef-input-radio/div/div/fieldset/div/div[2]/p-radiobutton/div/div[2]/span' not found (Root cause: com.kms.katalon.core.exception.StepFailedException: com.kms.katalon.core.webui.exception.WebElementNotFoundException: Web element with id: 'Object Repository/Page_InformationPersonnelles_Usager/CheckBox_liensPersonnelsFamiliaux_1_Non' located by '//*[@id="ui-accordiontab-1-content"]/div/div/div[1]/div/anef-input-radio/div/div/fieldset/div/div[2]/p-radiobutton/div/div[2]/span' not found
	at com.kms.katalon.core.webui.keyword.internal.WebUIKeywordMain.stepFailed(WebUIKeywordMain.groovy:64)
	at com.kms.katalon.core.webui.keyword.builtin.VerifyElementPresentKeyword$_verifyElementPresent_closure1.doCall(VerifyElementPresentKeyword.groovy:85)
	at com.kms.katalon.core.webui.keyword.builtin.VerifyElementPresentKeyword$_verifyElementPresent_closure1.call(VerifyElementPresentKeyword.groovy)
	at com.kms.katalon.core.webui.keyword.internal.WebUIKeywordMain.runKeyword(WebUIKeywordMain.groovy:20)
	at com.kms.katalon.core.webui.keyword.builtin.VerifyElementPresentKeyword.verifyElementPresent(VerifyElementPresentKeyword.groovy:92)
	at com.kms.katalon.core.webui.keyword.builtin.VerifyElementPresentKeyword.execute(VerifyElementPresentKeyword.groovy:68)
	at com.kms.katalon.core.keyword.internal.KeywordExecutor.executeKeywordForPlatform(KeywordExecutor.groovy:74)
	at com.kms.katalon.core.webui.keyword.WebUiBuiltInKeywords.verifyElementPresent(WebUiBuiltInKeywords.groovy:1448)
	at com.kazurayam.ksbackyard.HighlightElement$_pandemic_closure1.doCall(HighlightElement.groovy:105)
	at FormulaireInformationsPersonnelles.run(FormulaireInformationsPersonnelles:28)
	at com.kms.katalon.core.main.ScriptEngine.run(ScriptEngine.java:194)
	at com.kms.katalon.core.main.ScriptEngine.runScriptAsRawText(ScriptEngine.java:119)
	at com.kms.katalon.core.main.TestCaseExecutor.runScript(TestCaseExecutor.java:448)
	at com.kms.katalon.core.main.TestCaseExecutor.doExecute(TestCaseExecutor.java:439)
	at com.kms.katalon.core.main.TestCaseExecutor.processExecutionPhase(TestCaseExecutor.java:418)
	at com.kms.katalon.core.main.TestCaseExecutor.accessMainPhase(TestCaseExecutor.java:410)
	at com.kms.katalon.core.main.TestCaseExecutor.execute(TestCaseExecutor.java:285)
	at com.kms.katalon.core.main.TestCaseMain.runTestCase(TestCaseMain.java:144)
	at com.kms.katalon.core.keyword.builtin.CallTestCaseKeyword$_callTestCase_closure1.doCall(CallTestCaseKeyword.groovy:59)
	at com.kms.katalon.core.keyword.builtin.CallTestCaseKeyword$_callTestCase_closure1.call(CallTestCaseKeyword.groovy)
	at com.kms.katalon.core.keyword.internal.KeywordMain.runKeyword(KeywordMain.groovy:75)
	at com.kms.katalon.core.keyword.builtin.CallTestCaseKeyword.callTestCase(CallTestCaseKeyword.groovy:81)
	at com.kms.katalon.core.keyword.builtin.CallTestCaseKeyword.execute(CallTestCaseKeyword.groovy:44)
	at com.kms.katalon.core.keyword.internal.KeywordExecutor.executeKeywordForPlatform(KeywordExecutor.groovy:74)
	at com.kms.katalon.core.keyword.BuiltinKeywords.callTestCase(BuiltinKeywords.groovy:310)
	at com.kazurayam.ksbackyard.HighlightElement$_pandemic_closure1.doCall(HighlightElement.groovy:105)
	at TNR R.TSPT Supp90-Etudiant.run(TNR R.TSPT Supp90-Etudiant:47)
	at com.kms.katalon.core.main.ScriptEngine.run(ScriptEngine.java:194)
	at com.kms.katalon.core.main.ScriptEngine.runScriptAsRawText(ScriptEngine.java:119)
	at com.kms.katalon.core.main.TestCaseExecutor.runScript(TestCaseExecutor.java:448)
	at com.kms.katalon.core.main.TestCaseExecutor.doExecute(TestCaseExecutor.java:439)
	at com.kms.katalon.core.main.TestCaseExecutor.processExecutionPhase(TestCaseExecutor.java:418)
	at com.kms.katalon.core.main.TestCaseExecutor.accessMainPhase(TestCaseExecutor.java:410)
	at com.kms.katalon.core.main.TestCaseExecutor.execute(TestCaseExecutor.java:285)
	at com.kms.katalon.core.common.CommonExecutor.accessTestCaseMainPhase(CommonExecutor.java:65)
	at com.kms.katalon.core.main.TestSuiteExecutor.accessTestSuiteMainPhase(TestSuiteExecutor.java:148)
	at com.kms.katalon.core.main.TestSuiteExecutor.execute(TestSuiteExecutor.java:106)
	at com.kms.katalon.core.main.TestCaseMain.startTestSuite(TestCaseMain.java:187)
	at com.kms.katalon.core.main.TestCaseMain$startTestSuite$0.call(Unknown Source)
	at TempTestSuite1700746096123.run(TempTestSuite1700746096123.groovy:36)
)

2023-11-23 14:33:20 - [MESSAGE][INFO] - Finding Test Object 'Object Repository/Page_InformationPersonnelles_Usager/CheckBox_liensPersonnelsFamiliaux_1_Non'

2023-11-23 14:33:20 - [MESSAGE][INFO] - Checking object

2023-11-23 14:33:20 - [MESSAGE][INFO] - Finding web element from Test Object's properties

2023-11-23 14:33:20 - [MESSAGE][INFO] - Checking timeout

2023-11-23 14:33:20 - [MESSAGE][INFO] - Finding web element with id: 'Object Repository/Page_InformationPersonnelles_Usager/CheckBox_liensPersonnelsFamiliaux_1_Non' located by 'By.xpath: //*[@id="ui-accordiontab-1-content"]/div/div/div[1]/div/anef-input-radio/div/div/fieldset/div/div[2]/p-radiobutton/div/div[2]/span' in '1' second(s)

2023-11-23 14:33:20 - [MESSAGE][INFO] - Smart Wait Function is triggered

2023-11-23 14:33:20 - [MESSAGE][INFO] - Smart Wait Function is triggered

2023-11-23 14:33:20 - [MESSAGE][INFO] - Smart Wait Function is triggered

2023-11-23 14:33:20 - [MESSAGE][INFO] - Smart Wait Function is triggered

2023-11-23 14:33:20 - [MESSAGE][INFO] - Smart Wait Function is triggered

2023-11-23 14:33:20 - [MESSAGE][INFO] - Smart Wait Function is triggered

2023-11-23 14:33:20 - [MESSAGE][INFO] - Smart Wait Function is triggered

2023-11-23 14:33:20 - [MESSAGE][INFO] - Smart Wait Function is triggered

2023-11-23 14:33:20 - [MESSAGE][INFO] - Smart Wait Function is triggered

2023-11-23 14:33:20 - [MESSAGE][INFO] - Smart Wait Function is triggered

2023-11-23 14:33:20 - [MESSAGE][INFO] - Smart Wait Function is triggered

2023-11-23 14:33:20 - [MESSAGE][INFO] - Smart Wait Function is triggered

2023-11-23 14:33:20 - [MESSAGE][INFO] - Smart Wait Function is triggered

2023-11-23 14:33:20 - [MESSAGE][INFO] - Smart Wait Function is triggered

2023-11-23 14:33:20 - [MESSAGE][INFO] - Smart Wait Function is triggered

2023-11-23 14:33:20 - [MESSAGE][INFO] - Smart Wait Function is triggered

2023-11-23 14:33:20 - [MESSAGE][INFO] - Smart Wait Function is triggered

2023-11-23 14:33:20 - [MESSAGE][INFO] - Smart Wait Function is triggered

2023-11-23 14:33:20 - [MESSAGE][INFO] - Smart Wait Function is triggered

2023-11-23 14:33:20 - [MESSAGE][INFO] - Smart Wait Function is triggered

2023-11-23 14:33:21 - [MESSAGE][INFO] - Smart Wait Function is triggered

2023-11-23 14:33:21 - [MESSAGE][INFO] - Smart Wait Function is triggered

2023-11-23 14:33:21 - [MESSAGE][INFO] - Smart Wait Function is triggered

2023-11-23 14:33:21 - [MESSAGE][INFO] - Smart Wait Function is triggered

2023-11-23 14:33:21 - [MESSAGE][INFO] - Smart Wait Function is triggered

2023-11-23 14:33:21 - [MESSAGE][INFO] - Smart Wait Function is triggered

2023-11-23 14:33:21 - [MESSAGE][INFO] - Smart Wait Function is triggered

2023-11-23 14:33:21 - [MESSAGE][INFO] - Smart Wait Function is triggered

2023-11-23 14:33:21 - [MESSAGE][INFO] - Smart Wait Function is triggered

2023-11-23 14:33:21 - [MESSAGE][INFO] - Smart Wait Function is triggered

2023-11-23 14:33:21 - [MESSAGE][INFO] - Smart Wait Function is triggered

2023-11-23 14:33:21 - [MESSAGE][INFO] - Smart Wait Function is triggered

2023-11-23 14:33:21 - [MESSAGE][INFO] - Smart Wait Function is triggered

2023-11-23 14:33:21 - [MESSAGE][INFO] - Smart Wait Function is triggered

2023-11-23 14:33:21 - [MESSAGE][INFO] - Smart Wait Function is triggered

2023-11-23 14:33:21 - [MESSAGE][INFO] - Smart Wait Function is triggered

2023-11-23 14:33:21 - [MESSAGE][INFO] - Smart Wait Function is triggered

2023-11-23 14:33:21 - [MESSAGE][INFO] - Smart Wait Function is triggered

2023-11-23 14:33:21 - [MESSAGE][INFO] - Smart Wait Function is triggered

2023-11-23 14:33:21 - [MESSAGE][INFO] - Smart Wait Function is triggered

2023-11-23 14:33:21 - [MESSAGE][INFO] - Smart Wait Function is triggered

2023-11-23 14:33:21 - [MESSAGE][INFO] - Smart Wait Function is triggered

2023-11-23 14:33:21 - [MESSAGE][INFO] - Smart Wait Function is triggered

2023-11-23 14:33:21 - [MESSAGE][INFO] - Smart Wait Function is triggered

2023-11-23 14:33:21 - [MESSAGE][INFO] - Smart Wait Function is triggered

2023-11-23 14:33:22 - [MESSAGE][INFO] - Smart Wait Function is triggered

2023-11-23 14:33:22 - [MESSAGE][INFO] - Smart Wait Function is triggered

2023-11-23 14:33:22 - [MESSAGE][INFO] - Smart Wait Function is triggered

2023-11-23 14:33:22 - [MESSAGE][INFO] - Smart Wait Function is triggered

2023-11-23 14:33:22 - [MESSAGE][INFO] - Smart Wait Function is triggered

2023-11-23 14:33:22 - [MESSAGE][INFO] - Smart Wait Function is triggered

2023-11-23 14:33:22 - [MESSAGE][INFO] - Smart Wait Function is triggered

2023-11-23 14:33:22 - [MESSAGE][INFO] - Smart Wait Function is triggered

2023-11-23 14:33:22 - [MESSAGE][INFO] - Smart Wait Function is triggered

2023-11-23 14:33:22 - [MESSAGE][INFO] - Smart Wait Function is triggered

2023-11-23 14:33:22 - [MESSAGE][INFO] - Unable to find the element located by 'By.xpath: //*[@id="ui-accordiontab-1-content"]/div/div/div[1]/div/anef-input-radio/div/div/fieldset/div/div[2]/p-radiobutton/div/div[2]/span'. Please recheck the objects properties to make sure the desired element is located. 

2023-11-23 14:33:22 - [MESSAGE][WARNING] - com.kms.katalon.core.webui.exception.WebElementNotFoundException: Web element with id: 'Object Repository/Page_InformationPersonnelles_Usager/CheckBox_liensPersonnelsFamiliaux_1_Non' located by '//*[@id="ui-accordiontab-1-content"]/div/div/div[1]/div/anef-input-radio/div/div/fieldset/div/div[2]/p-radiobutton/div/div[2]/span' not found (Root cause: com.kms.katalon.core.exception.StepFailedException: com.kms.katalon.core.webui.exception.WebElementNotFoundException: Web element with id: 'Object Repository/Page_InformationPersonnelles_Usager/CheckBox_liensPersonnelsFamiliaux_1_Non' located by '//*[@id="ui-accordiontab-1-content"]/div/div/div[1]/div/anef-input-radio/div/div/fieldset/div/div[2]/p-radiobutton/div/div[2]/span' not found
	at com.kms.katalon.core.webui.keyword.internal.WebUIKeywordMain.stepFailed(WebUIKeywordMain.groovy:64)
	at com.kms.katalon.core.webui.keyword.builtin.VerifyElementPresentKeyword$_verifyElementPresent_closure1.doCall(VerifyElementPresentKeyword.groovy:85)
	at com.kms.katalon.core.webui.keyword.builtin.VerifyElementPresentKeyword$_verifyElementPresent_closure1.call(VerifyElementPresentKeyword.groovy)
	at com.kms.katalon.core.webui.keyword.internal.WebUIKeywordMain.runKeyword(WebUIKeywordMain.groovy:20)
	at com.kms.katalon.core.webui.keyword.builtin.VerifyElementPresentKeyword.verifyElementPresent(VerifyElementPresentKeyword.groovy:92)
	at com.kms.katalon.core.webui.keyword.builtin.VerifyElementPresentKeyword.execute(VerifyElementPresentKeyword.groovy:68)
	at com.kms.katalon.core.keyword.internal.KeywordExecutor.executeKeywordForPlatform(KeywordExecutor.groovy:74)
	at com.kms.katalon.core.webui.keyword.WebUiBuiltInKeywords.verifyElementPresent(WebUiBuiltInKeywords.groovy:1448)
	at com.kazurayam.ksbackyard.HighlightElement$_pandemic_closure1.doCall(HighlightElement.groovy:105)
	at FormulaireInformationsPersonnelles.run(FormulaireInformationsPersonnelles:28)
	at com.kms.katalon.core.main.ScriptEngine.run(ScriptEngine.java:194)
	at com.kms.katalon.core.main.ScriptEngine.runScriptAsRawText(ScriptEngine.java:119)
	at com.kms.katalon.core.main.TestCaseExecutor.runScript(TestCaseExecutor.java:448)
	at com.kms.katalon.core.main.TestCaseExecutor.doExecute(TestCaseExecutor.java:439)
	at com.kms.katalon.core.main.TestCaseExecutor.processExecutionPhase(TestCaseExecutor.java:418)
	at com.kms.katalon.core.main.TestCaseExecutor.accessMainPhase(TestCaseExecutor.java:410)
	at com.kms.katalon.core.main.TestCaseExecutor.execute(TestCaseExecutor.java:285)
	at com.kms.katalon.core.main.TestCaseMain.runTestCase(TestCaseMain.java:144)
	at com.kms.katalon.core.keyword.builtin.CallTestCaseKeyword$_callTestCase_closure1.doCall(CallTestCaseKeyword.groovy:59)
	at com.kms.katalon.core.keyword.builtin.CallTestCaseKeyword$_callTestCase_closure1.call(CallTestCaseKeyword.groovy)
	at com.kms.katalon.core.keyword.internal.KeywordMain.runKeyword(KeywordMain.groovy:75)
	at com.kms.katalon.core.keyword.builtin.CallTestCaseKeyword.callTestCase(CallTestCaseKeyword.groovy:81)
	at com.kms.katalon.core.keyword.builtin.CallTestCaseKeyword.execute(CallTestCaseKeyword.groovy:44)
	at com.kms.katalon.core.keyword.internal.KeywordExecutor.executeKeywordForPlatform(KeywordExecutor.groovy:74)
	at com.kms.katalon.core.keyword.BuiltinKeywords.callTestCase(BuiltinKeywords.groovy:310)
	at com.kazurayam.ksbackyard.HighlightElement$_pandemic_closure1.doCall(HighlightElement.groovy:105)
	at TNR R.TSPT Supp90-Etudiant.run(TNR R.TSPT Supp90-Etudiant:47)
	at com.kms.katalon.core.main.ScriptEngine.run(ScriptEngine.java:194)
	at com.kms.katalon.core.main.ScriptEngine.runScriptAsRawText(ScriptEngine.java:119)
	at com.kms.katalon.core.main.TestCaseExecutor.runScript(TestCaseExecutor.java:448)
	at com.kms.katalon.core.main.TestCaseExecutor.doExecute(TestCaseExecutor.java:439)
	at com.kms.katalon.core.main.TestCaseExecutor.processExecutionPhase(TestCaseExecutor.java:418)
	at com.kms.katalon.core.main.TestCaseExecutor.accessMainPhase(TestCaseExecutor.java:410)
	at com.kms.katalon.core.main.TestCaseExecutor.execute(TestCaseExecutor.java:285)
	at com.kms.katalon.core.common.CommonExecutor.accessTestCaseMainPhase(CommonExecutor.java:65)
	at com.kms.katalon.core.main.TestSuiteExecutor.accessTestSuiteMainPhase(TestSuiteExecutor.java:148)
	at com.kms.katalon.core.main.TestSuiteExecutor.execute(TestSuiteExecutor.java:106)
	at com.kms.katalon.core.main.TestCaseMain.startTestSuite(TestCaseMain.java:187)
	at com.kms.katalon.core.main.TestCaseMain$startTestSuite$0.call(Unknown Source)
	at TempTestSuite1700746096123.run(TempTestSuite1700746096123.groovy:36)
)
[[ATTACHMENT|C:\\Users\\ISSAM.RHARBAOUI\\git\\22_11\\ANEF-AutomatizationProject\\Reports\\20231123_142816\\TS_TNR_R.TSPT_Suppo90\\20231123_142816\\1700746402379.png]]

2023-11-23 14:33:22 - [TEST_STEP][PASSED] - delay(2): Delayed 2 second(s)

2023-11-23 14:33:22 - [MESSAGE][INFO] - Delaying browser in 2 second(s)

2023-11-23 14:33:24 - [MESSAGE][PASSED] - Delayed 2 second(s)

2023-11-23 14:33:24 - [TEST_STEP][PASSED] - if (verifyElementPresent(findTestObject("Object Repository/Page_InformationPersonnelles_Usager/CheckBox_liensPersonnelsFamiliaux_2_Non"), 1, OPTIONAL)): com.kms.katalon.core.webui.exception.WebElementNotFoundException: Web element with id: 'Object Repository/Page_InformationPersonnelles_Usager/CheckBox_liensPersonnelsFamiliaux_2_Non' located by '//*[@id="ui-accordiontab-1-content"]/div/div/div[2]/div/anef-input-radio/div/div/fieldset/div/div[2]/p-radiobutton/div/div[2]' not found (Root cause: com.kms.katalon.core.exception.StepFailedException: com.kms.katalon.core.webui.exception.WebElementNotFoundException: Web element with id: 'Object Repository/Page_InformationPersonnelles_Usager/CheckBox_liensPersonnelsFamiliaux_2_Non' located by '//*[@id="ui-accordiontab-1-content"]/div/div/div[2]/div/anef-input-radio/div/div/fieldset/div/div[2]/p-radiobutton/div/div[2]' not found
	at com.kms.katalon.core.webui.keyword.internal.WebUIKeywordMain.stepFailed(WebUIKeywordMain.groovy:64)
	at com.kms.katalon.core.webui.keyword.builtin.VerifyElementPresentKeyword$_verifyElementPresent_closure1.doCall(VerifyElementPresentKeyword.groovy:85)
	at com.kms.katalon.core.webui.keyword.builtin.VerifyElementPresentKeyword$_verifyElementPresent_closure1.call(VerifyElementPresentKeyword.groovy)
	at com.kms.katalon.core.webui.keyword.internal.WebUIKeywordMain.runKeyword(WebUIKeywordMain.groovy:20)
	at com.kms.katalon.core.webui.keyword.builtin.VerifyElementPresentKeyword.verifyElementPresent(VerifyElementPresentKeyword.groovy:92)
	at com.kms.katalon.core.webui.keyword.builtin.VerifyElementPresentKeyword.execute(VerifyElementPresentKeyword.groovy:68)
	at com.kms.katalon.core.keyword.internal.KeywordExecutor.executeKeywordForPlatform(KeywordExecutor.groovy:74)
	at com.kms.katalon.core.webui.keyword.WebUiBuiltInKeywords.verifyElementPresent(WebUiBuiltInKeywords.groovy:1448)
	at com.kazurayam.ksbackyard.HighlightElement$_pandemic_closure1.doCall(HighlightElement.groovy:105)
	at FormulaireInformationsPersonnelles.run(FormulaireInformationsPersonnelles:33)
	at com.kms.katalon.core.main.ScriptEngine.run(ScriptEngine.java:194)
	at com.kms.katalon.core.main.ScriptEngine.runScriptAsRawText(ScriptEngine.java:119)
	at com.kms.katalon.core.main.TestCaseExecutor.runScript(TestCaseExecutor.java:448)
	at com.kms.katalon.core.main.TestCaseExecutor.doExecute(TestCaseExecutor.java:439)
	at com.kms.katalon.core.main.TestCaseExecutor.processExecutionPhase(TestCaseExecutor.java:418)
	at com.kms.katalon.core.main.TestCaseExecutor.accessMainPhase(TestCaseExecutor.java:410)
	at com.kms.katalon.core.main.TestCaseExecutor.execute(TestCaseExecutor.java:285)
	at com.kms.katalon.core.main.TestCaseMain.runTestCase(TestCaseMain.java:144)
	at com.kms.katalon.core.keyword.builtin.CallTestCaseKeyword$_callTestCase_closure1.doCall(CallTestCaseKeyword.groovy:59)
	at com.kms.katalon.core.keyword.builtin.CallTestCaseKeyword$_callTestCase_closure1.call(CallTestCaseKeyword.groovy)
	at com.kms.katalon.core.keyword.internal.KeywordMain.runKeyword(KeywordMain.groovy:75)
	at com.kms.katalon.core.keyword.builtin.CallTestCaseKeyword.callTestCase(CallTestCaseKeyword.groovy:81)
	at com.kms.katalon.core.keyword.builtin.CallTestCaseKeyword.execute(CallTestCaseKeyword.groovy:44)
	at com.kms.katalon.core.keyword.internal.KeywordExecutor.executeKeywordForPlatform(KeywordExecutor.groovy:74)
	at com.kms.katalon.core.keyword.BuiltinKeywords.callTestCase(BuiltinKeywords.groovy:310)
	at com.kazurayam.ksbackyard.HighlightElement$_pandemic_closure1.doCall(HighlightElement.groovy:105)
	at TNR R.TSPT Supp90-Etudiant.run(TNR R.TSPT Supp90-Etudiant:47)
	at com.kms.katalon.core.main.ScriptEngine.run(ScriptEngine.java:194)
	at com.kms.katalon.core.main.ScriptEngine.runScriptAsRawText(ScriptEngine.java:119)
	at com.kms.katalon.core.main.TestCaseExecutor.runScript(TestCaseExecutor.java:448)
	at com.kms.katalon.core.main.TestCaseExecutor.doExecute(TestCaseExecutor.java:439)
	at com.kms.katalon.core.main.TestCaseExecutor.processExecutionPhase(TestCaseExecutor.java:418)
	at com.kms.katalon.core.main.TestCaseExecutor.accessMainPhase(TestCaseExecutor.java:410)
	at com.kms.katalon.core.main.TestCaseExecutor.execute(TestCaseExecutor.java:285)
	at com.kms.katalon.core.common.CommonExecutor.accessTestCaseMainPhase(CommonExecutor.java:65)
	at com.kms.katalon.core.main.TestSuiteExecutor.accessTestSuiteMainPhase(TestSuiteExecutor.java:148)
	at com.kms.katalon.core.main.TestSuiteExecutor.execute(TestSuiteExecutor.java:106)
	at com.kms.katalon.core.main.TestCaseMain.startTestSuite(TestCaseMain.java:187)
	at com.kms.katalon.core.main.TestCaseMain$startTestSuite$0.call(Unknown Source)
	at TempTestSuite1700746096123.run(TempTestSuite1700746096123.groovy:36)
)

2023-11-23 14:33:24 - [MESSAGE][INFO] - Finding Test Object 'Object Repository/Page_InformationPersonnelles_Usager/CheckBox_liensPersonnelsFamiliaux_2_Non'

2023-11-23 14:33:24 - [MESSAGE][INFO] - Checking object

2023-11-23 14:33:24 - [MESSAGE][INFO] - Finding web element from Test Object's properties

2023-11-23 14:33:24 - [MESSAGE][INFO] - Checking timeout

2023-11-23 14:33:24 - [MESSAGE][INFO] - Finding web element with id: 'Object Repository/Page_InformationPersonnelles_Usager/CheckBox_liensPersonnelsFamiliaux_2_Non' located by 'By.xpath: //*[@id="ui-accordiontab-1-content"]/div/div/div[2]/div/anef-input-radio/div/div/fieldset/div/div[2]/p-radiobutton/div/div[2]' in '1' second(s)

2023-11-23 14:33:24 - [MESSAGE][INFO] - Smart Wait Function is triggered

2023-11-23 14:33:24 - [MESSAGE][INFO] - Smart Wait Function is triggered

2023-11-23 14:33:24 - [MESSAGE][INFO] - Smart Wait Function is triggered

2023-11-23 14:33:24 - [MESSAGE][INFO] - Smart Wait Function is triggered

2023-11-23 14:33:24 - [MESSAGE][INFO] - Smart Wait Function is triggered

2023-11-23 14:33:24 - [MESSAGE][INFO] - Smart Wait Function is triggered

2023-11-23 14:33:24 - [MESSAGE][INFO] - Smart Wait Function is triggered

2023-11-23 14:33:24 - [MESSAGE][INFO] - Smart Wait Function is triggered

2023-11-23 14:33:25 - [MESSAGE][INFO] - Smart Wait Function is triggered

2023-11-23 14:33:25 - [MESSAGE][INFO] - Smart Wait Function is triggered

2023-11-23 14:33:25 - [MESSAGE][INFO] - Smart Wait Function is triggered

2023-11-23 14:33:25 - [MESSAGE][INFO] - Smart Wait Function is triggered

2023-11-23 14:33:25 - [MESSAGE][INFO] - Smart Wait Function is triggered

2023-11-23 14:33:25 - [MESSAGE][INFO] - Smart Wait Function is triggered

2023-11-23 14:33:25 - [MESSAGE][INFO] - Smart Wait Function is triggered

2023-11-23 14:33:25 - [MESSAGE][INFO] - Smart Wait Function is triggered

2023-11-23 14:33:25 - [MESSAGE][INFO] - Smart Wait Function is triggered

2023-11-23 14:33:25 - [MESSAGE][INFO] - Smart Wait Function is triggered

2023-11-23 14:33:25 - [MESSAGE][INFO] - Smart Wait Function is triggered

2023-11-23 14:33:25 - [MESSAGE][INFO] - Smart Wait Function is triggered

2023-11-23 14:33:25 - [MESSAGE][INFO] - Smart Wait Function is triggered

2023-11-23 14:33:25 - [MESSAGE][INFO] - Smart Wait Function is triggered

2023-11-23 14:33:25 - [MESSAGE][INFO] - Smart Wait Function is triggered

2023-11-23 14:33:25 - [MESSAGE][INFO] - Smart Wait Function is triggered

2023-11-23 14:33:25 - [MESSAGE][INFO] - Smart Wait Function is triggered

2023-11-23 14:33:25 - [MESSAGE][INFO] - Smart Wait Function is triggered

2023-11-23 14:33:25 - [MESSAGE][INFO] - Smart Wait Function is triggered

2023-11-23 14:33:25 - [MESSAGE][INFO] - Smart Wait Function is triggered

2023-11-23 14:33:25 - [MESSAGE][INFO] - Smart Wait Function is triggered

2023-11-23 14:33:25 - [MESSAGE][INFO] - Smart Wait Function is triggered

2023-11-23 14:33:25 - [MESSAGE][INFO] - Smart Wait Function is triggered

2023-11-23 14:33:25 - [MESSAGE][INFO] - Smart Wait Function is triggered

2023-11-23 14:33:25 - [MESSAGE][INFO] - Smart Wait Function is triggered

2023-11-23 14:33:25 - [MESSAGE][INFO] - Smart Wait Function is triggered

2023-11-23 14:33:25 - [MESSAGE][INFO] - Smart Wait Function is triggered

2023-11-23 14:33:25 - [MESSAGE][INFO] - Smart Wait Function is triggered

2023-11-23 14:33:25 - [MESSAGE][INFO] - Smart Wait Function is triggered

2023-11-23 14:33:25 - [MESSAGE][INFO] - Smart Wait Function is triggered

2023-11-23 14:33:26 - [MESSAGE][INFO] - Smart Wait Function is triggered

2023-11-23 14:33:26 - [MESSAGE][INFO] - Smart Wait Function is triggered

2023-11-23 14:33:26 - [MESSAGE][INFO] - Smart Wait Function is triggered

2023-11-23 14:33:26 - [MESSAGE][INFO] - Smart Wait Function is triggered

2023-11-23 14:33:26 - [MESSAGE][INFO] - Smart Wait Function is triggered

2023-11-23 14:33:26 - [MESSAGE][INFO] - Smart Wait Function is triggered

2023-11-23 14:33:26 - [MESSAGE][INFO] - Smart Wait Function is triggered

2023-11-23 14:33:26 - [MESSAGE][INFO] - Smart Wait Function is triggered

2023-11-23 14:33:26 - [MESSAGE][INFO] - Smart Wait Function is triggered

2023-11-23 14:33:26 - [MESSAGE][INFO] - Smart Wait Function is triggered

2023-11-23 14:33:26 - [MESSAGE][INFO] - Smart Wait Function is triggered

2023-11-23 14:33:26 - [MESSAGE][INFO] - Smart Wait Function is triggered

2023-11-23 14:33:26 - [MESSAGE][INFO] - Smart Wait Function is triggered

2023-11-23 14:33:26 - [MESSAGE][INFO] - Smart Wait Function is triggered

2023-11-23 14:33:26 - [MESSAGE][INFO] - Smart Wait Function is triggered

2023-11-23 14:33:26 - [MESSAGE][INFO] - Smart Wait Function is triggered

2023-11-23 14:33:26 - [MESSAGE][INFO] - Smart Wait Function is triggered

2023-11-23 14:33:26 - [MESSAGE][INFO] - Smart Wait Function is triggered

2023-11-23 14:33:26 - [MESSAGE][INFO] - Smart Wait Function is triggered

2023-11-23 14:33:26 - [MESSAGE][INFO] - Smart Wait Function is triggered

2023-11-23 14:33:26 - [MESSAGE][INFO] - Smart Wait Function is triggered

2023-11-23 14:33:26 - [MESSAGE][INFO] - Smart Wait Function is triggered

2023-11-23 14:33:26 - [MESSAGE][INFO] - Smart Wait Function is triggered

2023-11-23 14:33:26 - [MESSAGE][INFO] - Unable to find the element located by 'By.xpath: //*[@id="ui-accordiontab-1-content"]/div/div/div[2]/div/anef-input-radio/div/div/fieldset/div/div[2]/p-radiobutton/div/div[2]'. Please recheck the objects properties to make sure the desired element is located. 

2023-11-23 14:33:26 - [MESSAGE][WARNING] - com.kms.katalon.core.webui.exception.WebElementNotFoundException: Web element with id: 'Object Repository/Page_InformationPersonnelles_Usager/CheckBox_liensPersonnelsFamiliaux_2_Non' located by '//*[@id="ui-accordiontab-1-content"]/div/div/div[2]/div/anef-input-radio/div/div/fieldset/div/div[2]/p-radiobutton/div/div[2]' not found (Root cause: com.kms.katalon.core.exception.StepFailedException: com.kms.katalon.core.webui.exception.WebElementNotFoundException: Web element with id: 'Object Repository/Page_InformationPersonnelles_Usager/CheckBox_liensPersonnelsFamiliaux_2_Non' located by '//*[@id="ui-accordiontab-1-content"]/div/div/div[2]/div/anef-input-radio/div/div/fieldset/div/div[2]/p-radiobutton/div/div[2]' not found
	at com.kms.katalon.core.webui.keyword.internal.WebUIKeywordMain.stepFailed(WebUIKeywordMain.groovy:64)
	at com.kms.katalon.core.webui.keyword.builtin.VerifyElementPresentKeyword$_verifyElementPresent_closure1.doCall(VerifyElementPresentKeyword.groovy:85)
	at com.kms.katalon.core.webui.keyword.builtin.VerifyElementPresentKeyword$_verifyElementPresent_closure1.call(VerifyElementPresentKeyword.groovy)
	at com.kms.katalon.core.webui.keyword.internal.WebUIKeywordMain.runKeyword(WebUIKeywordMain.groovy:20)
	at com.kms.katalon.core.webui.keyword.builtin.VerifyElementPresentKeyword.verifyElementPresent(VerifyElementPresentKeyword.groovy:92)
	at com.kms.katalon.core.webui.keyword.builtin.VerifyElementPresentKeyword.execute(VerifyElementPresentKeyword.groovy:68)
	at com.kms.katalon.core.keyword.internal.KeywordExecutor.executeKeywordForPlatform(KeywordExecutor.groovy:74)
	at com.kms.katalon.core.webui.keyword.WebUiBuiltInKeywords.verifyElementPresent(WebUiBuiltInKeywords.groovy:1448)
	at com.kazurayam.ksbackyard.HighlightElement$_pandemic_closure1.doCall(HighlightElement.groovy:105)
	at FormulaireInformationsPersonnelles.run(FormulaireInformationsPersonnelles:33)
	at com.kms.katalon.core.main.ScriptEngine.run(ScriptEngine.java:194)
	at com.kms.katalon.core.main.ScriptEngine.runScriptAsRawText(ScriptEngine.java:119)
	at com.kms.katalon.core.main.TestCaseExecutor.runScript(TestCaseExecutor.java:448)
	at com.kms.katalon.core.main.TestCaseExecutor.doExecute(TestCaseExecutor.java:439)
	at com.kms.katalon.core.main.TestCaseExecutor.processExecutionPhase(TestCaseExecutor.java:418)
	at com.kms.katalon.core.main.TestCaseExecutor.accessMainPhase(TestCaseExecutor.java:410)
	at com.kms.katalon.core.main.TestCaseExecutor.execute(TestCaseExecutor.java:285)
	at com.kms.katalon.core.main.TestCaseMain.runTestCase(TestCaseMain.java:144)
	at com.kms.katalon.core.keyword.builtin.CallTestCaseKeyword$_callTestCase_closure1.doCall(CallTestCaseKeyword.groovy:59)
	at com.kms.katalon.core.keyword.builtin.CallTestCaseKeyword$_callTestCase_closure1.call(CallTestCaseKeyword.groovy)
	at com.kms.katalon.core.keyword.internal.KeywordMain.runKeyword(KeywordMain.groovy:75)
	at com.kms.katalon.core.keyword.builtin.CallTestCaseKeyword.callTestCase(CallTestCaseKeyword.groovy:81)
	at com.kms.katalon.core.keyword.builtin.CallTestCaseKeyword.execute(CallTestCaseKeyword.groovy:44)
	at com.kms.katalon.core.keyword.internal.KeywordExecutor.executeKeywordForPlatform(KeywordExecutor.groovy:74)
	at com.kms.katalon.core.keyword.BuiltinKeywords.callTestCase(BuiltinKeywords.groovy:310)
	at com.kazurayam.ksbackyard.HighlightElement$_pandemic_closure1.doCall(HighlightElement.groovy:105)
	at TNR R.TSPT Supp90-Etudiant.run(TNR R.TSPT Supp90-Etudiant:47)
	at com.kms.katalon.core.main.ScriptEngine.run(ScriptEngine.java:194)
	at com.kms.katalon.core.main.ScriptEngine.runScriptAsRawText(ScriptEngine.java:119)
	at com.kms.katalon.core.main.TestCaseExecutor.runScript(TestCaseExecutor.java:448)
	at com.kms.katalon.core.main.TestCaseExecutor.doExecute(TestCaseExecutor.java:439)
	at com.kms.katalon.core.main.TestCaseExecutor.processExecutionPhase(TestCaseExecutor.java:418)
	at com.kms.katalon.core.main.TestCaseExecutor.accessMainPhase(TestCaseExecutor.java:410)
	at com.kms.katalon.core.main.TestCaseExecutor.execute(TestCaseExecutor.java:285)
	at com.kms.katalon.core.common.CommonExecutor.accessTestCaseMainPhase(CommonExecutor.java:65)
	at com.kms.katalon.core.main.TestSuiteExecutor.accessTestSuiteMainPhase(TestSuiteExecutor.java:148)
	at com.kms.katalon.core.main.TestSuiteExecutor.execute(TestSuiteExecutor.java:106)
	at com.kms.katalon.core.main.TestCaseMain.startTestSuite(TestCaseMain.java:187)
	at com.kms.katalon.core.main.TestCaseMain$startTestSuite$0.call(Unknown Source)
	at TempTestSuite1700746096123.run(TempTestSuite1700746096123.groovy:36)
)
[[ATTACHMENT|C:\\Users\\ISSAM.RHARBAOUI\\git\\22_11\\ANEF-AutomatizationProject\\Reports\\20231123_142816\\TS_TNR_R.TSPT_Suppo90\\20231123_142816\\1700746406763.png]]

2023-11-23 14:33:26 - [TEST_STEP][PASSED] - delay(2): Delayed 2 second(s)

2023-11-23 14:33:26 - [MESSAGE][INFO] - Delaying browser in 2 second(s)

2023-11-23 14:33:28 - [MESSAGE][PASSED] - Delayed 2 second(s)

2023-11-23 14:33:28 - [TEST_STEP][PASSED] - if (verifyElementPresent(findTestObject("Object Repository/Page_InformationPersonnelles_Usager/CheckBox_DesEnfantsACharge_Non"), 1, OPTIONAL)): null

2023-11-23 14:33:28 - [MESSAGE][INFO] - Finding Test Object 'Object Repository/Page_InformationPersonnelles_Usager/CheckBox_DesEnfantsACharge_Non'

2023-11-23 14:33:29 - [MESSAGE][INFO] - Checking object

2023-11-23 14:33:29 - [MESSAGE][INFO] - Finding web element from Test Object's properties

2023-11-23 14:33:29 - [MESSAGE][INFO] - Checking timeout

2023-11-23 14:33:29 - [MESSAGE][INFO] - Finding web element with id: 'Object Repository/Page_InformationPersonnelles_Usager/CheckBox_DesEnfantsACharge_Non' located by 'By.xpath: //app-demande-ptsq//app-informations-personnelles-shared//app-has-enfants-charge//div//fieldset/div/div[2]/p-radiobutton/div/div[2]/span|//app-demande-visiteur//app-informations-personnelles-shared//app-has-enfants-charge/div/div/anef-input-radio/div/div/fieldset/div/div[2]/p-radiobutton/div/div[2]/span|//app-demande-ptch//app-informations-personnelles-shared//app-has-enfants-charge/div/div/anef-input-radio/div/div/fieldset/div/div[2]/p-radiobutton/div/div[2]/span|//div/app-has-enfants-charge/div/div/anef-input-radio/div/div/fieldset/div/div[2]/p-radiobutton/div/div[2]/span
' in '1' second(s)

2023-11-23 14:33:29 - [MESSAGE][INFO] - Smart Wait Function is triggered

2023-11-23 14:33:29 - [MESSAGE][INFO] - Found 1 web elements with id: 'Object Repository/Page_InformationPersonnelles_Usager/CheckBox_DesEnfantsACharge_Non' located by 'By.xpath: //app-demande-ptsq//app-informations-personnelles-shared//app-has-enfants-charge//div//fieldset/div/div[2]/p-radiobutton/div/div[2]/span|//app-demande-visiteur//app-informations-personnelles-shared//app-has-enfants-charge/div/div/anef-input-radio/div/div/fieldset/div/div[2]/p-radiobutton/div/div[2]/span|//app-demande-ptch//app-informations-personnelles-shared//app-has-enfants-charge/div/div/anef-input-radio/div/div/fieldset/div/div[2]/p-radiobutton/div/div[2]/span|//div/app-has-enfants-charge/div/div/anef-input-radio/div/div/fieldset/div/div[2]/p-radiobutton/div/div[2]/span
' in '1' second(s)

2023-11-23 14:33:29 - [MESSAGE][PASSED] - Object 'Object Repository/Page_InformationPersonnelles_Usager/CheckBox_DesEnfantsACharge_Non' is present

2023-11-23 14:33:29 - [TEST_STEP][PASSED] - check(findTestObject("Object Repository/Page_InformationPersonnelles_Usager/CheckBox_DesEnfantsACharge_Non"), OPTIONAL): Object 'Object Repository/Page_InformationPersonnelles_Usager/CheckBox_DesEnfantsACharge_Non' is checked

2023-11-23 14:33:29 - [MESSAGE][INFO] - Finding Test Object 'Object Repository/Page_InformationPersonnelles_Usager/CheckBox_DesEnfantsACharge_Non'

2023-11-23 14:33:29 - [MESSAGE][INFO] - Checking object

2023-11-23 14:33:29 - [MESSAGE][INFO] - Finding web element from Test Object's properties

2023-11-23 14:33:29 - [MESSAGE][INFO] - Checking timeout

2023-11-23 14:33:29 - [MESSAGE][INFO] - Finding web element with id: 'Object Repository/Page_InformationPersonnelles_Usager/CheckBox_DesEnfantsACharge_Non' located by 'By.xpath: //app-demande-ptsq//app-informations-personnelles-shared//app-has-enfants-charge//div//fieldset/div/div[2]/p-radiobutton/div/div[2]/span|//app-demande-visiteur//app-informations-personnelles-shared//app-has-enfants-charge/div/div/anef-input-radio/div/div/fieldset/div/div[2]/p-radiobutton/div/div[2]/span|//app-demande-ptch//app-informations-personnelles-shared//app-has-enfants-charge/div/div/anef-input-radio/div/div/fieldset/div/div[2]/p-radiobutton/div/div[2]/span|//div/app-has-enfants-charge/div/div/anef-input-radio/div/div/fieldset/div/div[2]/p-radiobutton/div/div[2]/span
' in '5' second(s)

2023-11-23 14:33:29 - [MESSAGE][INFO] - Smart Wait Function is triggered

2023-11-23 14:33:29 - [MESSAGE][INFO] - Found 1 web elements with id: 'Object Repository/Page_InformationPersonnelles_Usager/CheckBox_DesEnfantsACharge_Non' located by 'By.xpath: //app-demande-ptsq//app-informations-personnelles-shared//app-has-enfants-charge//div//fieldset/div/div[2]/p-radiobutton/div/div[2]/span|//app-demande-visiteur//app-informations-personnelles-shared//app-has-enfants-charge/div/div/anef-input-radio/div/div/fieldset/div/div[2]/p-radiobutton/div/div[2]/span|//app-demande-ptch//app-informations-personnelles-shared//app-has-enfants-charge/div/div/anef-input-radio/div/div/fieldset/div/div[2]/p-radiobutton/div/div[2]/span|//div/app-has-enfants-charge/div/div/anef-input-radio/div/div/fieldset/div/div[2]/p-radiobutton/div/div[2]/span
' in '5' second(s)

2023-11-23 14:33:29 - [MESSAGE][INFO] - Checking on bject 'Object Repository/Page_InformationPersonnelles_Usager/CheckBox_DesEnfantsACharge_Non'

2023-11-23 14:33:31 - [MESSAGE][PASSED] - Object 'Object Repository/Page_InformationPersonnelles_Usager/CheckBox_DesEnfantsACharge_Non' is checked

2023-11-23 14:33:31 - [TEST_STEP][PASSED] - delay(2): Delayed 2 second(s)

2023-11-23 14:33:31 - [MESSAGE][INFO] - Delaying browser in 2 second(s)

2023-11-23 14:33:33 - [MESSAGE][PASSED] - Delayed 2 second(s)

2023-11-23 14:33:33 - [TEST_STEP][PASSED] - setText(findTestObject("Object Repository/Page_InformationPersonnelles_Usager/Input_AdresseUsager"), AdresseUsager): Text '2 rue des 3 moulins 77000 melun' is set on object 'Object Repository/Page_InformationPersonnelles_Usager/Input_AdresseUsager'

2023-11-23 14:33:33 - [MESSAGE][INFO] - Finding Test Object 'Object Repository/Page_InformationPersonnelles_Usager/Input_AdresseUsager'

2023-11-23 14:33:33 - [MESSAGE][INFO] - Checking timeout

2023-11-23 14:33:33 - [MESSAGE][INFO] - Finding web element with id: 'Object Repository/Page_InformationPersonnelles_Usager/Input_AdresseUsager' located by 'By.xpath: //app-informations-personnelles//app-adresse-etalab//app-vls-ts-etalab//div/input|//app-informations-personnelles-shared//app-adresse-etalab//app-vls-ts-etalab//div/input' in '20' second(s)

2023-11-23 14:33:33 - [MESSAGE][INFO] - Smart Wait Function is triggered

2023-11-23 14:33:33 - [MESSAGE][INFO] - Found 1 web elements with id: 'Object Repository/Page_InformationPersonnelles_Usager/Input_AdresseUsager' located by 'By.xpath: //app-informations-personnelles//app-adresse-etalab//app-vls-ts-etalab//div/input|//app-informations-personnelles-shared//app-adresse-etalab//app-vls-ts-etalab//div/input' in '20' second(s)

2023-11-23 14:33:33 - [MESSAGE][INFO] - Checking object

2023-11-23 14:33:33 - [MESSAGE][INFO] - Checking text

2023-11-23 14:33:33 - [MESSAGE][INFO] - Finding web element from Test Object's properties

2023-11-23 14:33:33 - [MESSAGE][INFO] - Checking timeout

2023-11-23 14:33:33 - [MESSAGE][INFO] - Finding web element with id: 'Object Repository/Page_InformationPersonnelles_Usager/Input_AdresseUsager' located by 'By.xpath: //app-informations-personnelles//app-adresse-etalab//app-vls-ts-etalab//div/input|//app-informations-personnelles-shared//app-adresse-etalab//app-vls-ts-etalab//div/input' in '5' second(s)

2023-11-23 14:33:33 - [MESSAGE][INFO] - Smart Wait Function is triggered

2023-11-23 14:33:33 - [MESSAGE][INFO] - Found 1 web elements with id: 'Object Repository/Page_InformationPersonnelles_Usager/Input_AdresseUsager' located by 'By.xpath: //app-informations-personnelles//app-adresse-etalab//app-vls-ts-etalab//div/input|//app-informations-personnelles-shared//app-adresse-etalab//app-vls-ts-etalab//div/input' in '5' second(s)

2023-11-23 14:33:33 - [MESSAGE][INFO] - Clearing text of object 'Object Repository/Page_InformationPersonnelles_Usager/Input_AdresseUsager'

2023-11-23 14:33:35 - [MESSAGE][INFO] - Finding web element from Test Object's properties

2023-11-23 14:33:35 - [MESSAGE][INFO] - Checking timeout

2023-11-23 14:33:35 - [MESSAGE][INFO] - Finding web element with id: 'Object Repository/Page_InformationPersonnelles_Usager/Input_AdresseUsager' located by 'By.xpath: //app-informations-personnelles//app-adresse-etalab//app-vls-ts-etalab//div/input|//app-informations-personnelles-shared//app-adresse-etalab//app-vls-ts-etalab//div/input' in '5' second(s)

2023-11-23 14:33:35 - [MESSAGE][INFO] - Smart Wait Function is triggered

2023-11-23 14:33:35 - [MESSAGE][INFO] - Found 1 web elements with id: 'Object Repository/Page_InformationPersonnelles_Usager/Input_AdresseUsager' located by 'By.xpath: //app-informations-personnelles//app-adresse-etalab//app-vls-ts-etalab//div/input|//app-informations-personnelles-shared//app-adresse-etalab//app-vls-ts-etalab//div/input' in '5' second(s)

2023-11-23 14:33:35 - [MESSAGE][INFO] - Setting text of object 'Object Repository/Page_InformationPersonnelles_Usager/Input_AdresseUsager' to value '2 rue des 3 moulins 77000 melun'

2023-11-23 14:33:38 - [MESSAGE][PASSED] - Text '2 rue des 3 moulins 77000 melun' is set on object 'Object Repository/Page_InformationPersonnelles_Usager/Input_AdresseUsager'

2023-11-23 14:33:38 - [TEST_STEP][PASSED] - delay(2): Delayed 2 second(s)

2023-11-23 14:33:38 - [MESSAGE][INFO] - Delaying browser in 2 second(s)

2023-11-23 14:33:40 - [MESSAGE][PASSED] - Delayed 2 second(s)

2023-11-23 14:33:40 - [TEST_STEP][PASSED] - setText(findTestObject("Object Repository/Page_InformationPersonnelles_Usager/Input_NumeroDeTelephone"), NumeroTelephoneUsager): Text '0911223344' is set on object 'Object Repository/Page_InformationPersonnelles_Usager/Input_NumeroDeTelephone'

2023-11-23 14:33:40 - [MESSAGE][INFO] - Finding Test Object 'Object Repository/Page_InformationPersonnelles_Usager/Input_NumeroDeTelephone'

2023-11-23 14:33:40 - [MESSAGE][INFO] - Checking timeout

2023-11-23 14:33:40 - [MESSAGE][INFO] - Finding web element with id: 'Object Repository/Page_InformationPersonnelles_Usager/Input_NumeroDeTelephone' located by 'By.xpath: //*[@aria-labelledby="TELEPHONE_PORTABLE-label"]' in '20' second(s)

2023-11-23 14:33:40 - [MESSAGE][INFO] - Smart Wait Function is triggered

2023-11-23 14:33:40 - [MESSAGE][INFO] - Found 1 web elements with id: 'Object Repository/Page_InformationPersonnelles_Usager/Input_NumeroDeTelephone' located by 'By.xpath: //*[@aria-labelledby="TELEPHONE_PORTABLE-label"]' in '20' second(s)

2023-11-23 14:33:40 - [MESSAGE][INFO] - Checking object

2023-11-23 14:33:40 - [MESSAGE][INFO] - Checking text

2023-11-23 14:33:40 - [MESSAGE][INFO] - Finding web element from Test Object's properties

2023-11-23 14:33:40 - [MESSAGE][INFO] - Checking timeout

2023-11-23 14:33:40 - [MESSAGE][INFO] - Finding web element with id: 'Object Repository/Page_InformationPersonnelles_Usager/Input_NumeroDeTelephone' located by 'By.xpath: //*[@aria-labelledby="TELEPHONE_PORTABLE-label"]' in '5' second(s)

2023-11-23 14:33:40 - [MESSAGE][INFO] - Smart Wait Function is triggered

2023-11-23 14:33:40 - [MESSAGE][INFO] - Found 1 web elements with id: 'Object Repository/Page_InformationPersonnelles_Usager/Input_NumeroDeTelephone' located by 'By.xpath: //*[@aria-labelledby="TELEPHONE_PORTABLE-label"]' in '5' second(s)

2023-11-23 14:33:40 - [MESSAGE][INFO] - Clearing text of object 'Object Repository/Page_InformationPersonnelles_Usager/Input_NumeroDeTelephone'

2023-11-23 14:33:42 - [MESSAGE][INFO] - Finding web element from Test Object's properties

2023-11-23 14:33:42 - [MESSAGE][INFO] - Checking timeout

2023-11-23 14:33:42 - [MESSAGE][INFO] - Finding web element with id: 'Object Repository/Page_InformationPersonnelles_Usager/Input_NumeroDeTelephone' located by 'By.xpath: //*[@aria-labelledby="TELEPHONE_PORTABLE-label"]' in '5' second(s)

2023-11-23 14:33:42 - [MESSAGE][INFO] - Smart Wait Function is triggered

2023-11-23 14:33:42 - [MESSAGE][INFO] - Found 1 web elements with id: 'Object Repository/Page_InformationPersonnelles_Usager/Input_NumeroDeTelephone' located by 'By.xpath: //*[@aria-labelledby="TELEPHONE_PORTABLE-label"]' in '5' second(s)

2023-11-23 14:33:42 - [MESSAGE][INFO] - Setting text of object 'Object Repository/Page_InformationPersonnelles_Usager/Input_NumeroDeTelephone' to value '0911223344'

2023-11-23 14:33:44 - [MESSAGE][PASSED] - Text '0911223344' is set on object 'Object Repository/Page_InformationPersonnelles_Usager/Input_NumeroDeTelephone'

2023-11-23 14:33:44 - [TEST_STEP][PASSED] - click(findTestObject("Object Repository/Page_DemarcheRenouvellement/btn_EnregistrerEtPoursuivre")): Object: 'Object Repository/Page_DemarcheRenouvellement/btn_EnregistrerEtPoursuivre' is clicked on

2023-11-23 14:33:44 - [MESSAGE][INFO] - Finding Test Object 'Object Repository/Page_DemarcheRenouvellement/btn_EnregistrerEtPoursuivre'

2023-11-23 14:33:44 - [MESSAGE][INFO] - Checking timeout

2023-11-23 14:33:44 - [MESSAGE][INFO] - Finding web element with id: 'Object Repository/Page_DemarcheRenouvellement/btn_EnregistrerEtPoursuivre' located by 'By.xpath: //span[text()='Enregistrer et poursuivre >']' in '20' second(s)

2023-11-23 14:33:44 - [MESSAGE][INFO] - Smart Wait Function is triggered

2023-11-23 14:33:44 - [MESSAGE][INFO] - Found 1 web elements with id: 'Object Repository/Page_DemarcheRenouvellement/btn_EnregistrerEtPoursuivre' located by 'By.xpath: //span[text()='Enregistrer et poursuivre >']' in '20' second(s)

2023-11-23 14:33:44 - [MESSAGE][INFO] - Checking object

2023-11-23 14:33:44 - [MESSAGE][INFO] - Checking timeout

2023-11-23 14:33:44 - [MESSAGE][INFO] - Finding web element from Test Object's properties

2023-11-23 14:33:44 - [MESSAGE][INFO] - Checking timeout

2023-11-23 14:33:44 - [MESSAGE][INFO] - Finding web element with id: 'Object Repository/Page_DemarcheRenouvellement/btn_EnregistrerEtPoursuivre' located by 'By.xpath: //span[text()='Enregistrer et poursuivre >']' in '5' second(s)

2023-11-23 14:33:44 - [MESSAGE][INFO] - Smart Wait Function is triggered

2023-11-23 14:33:44 - [MESSAGE][INFO] - Found 1 web elements with id: 'Object Repository/Page_DemarcheRenouvellement/btn_EnregistrerEtPoursuivre' located by 'By.xpath: //span[text()='Enregistrer et poursuivre >']' in '5' second(s)

2023-11-23 14:33:44 - [MESSAGE][INFO] - Clicking on object: 'Object Repository/Page_DemarcheRenouvellement/btn_EnregistrerEtPoursuivre'

2023-11-23 14:33:46 - [MESSAGE][PASSED] - Object: 'Object Repository/Page_DemarcheRenouvellement/btn_EnregistrerEtPoursuivre' is clicked on

2023-11-23 14:33:46 - [MESSAGE][PASSED] - Call Test Case 'Test Cases/Test Reutilisable/DemandeOuRenouvelle_TitreSejour/FormulaireInformationsPersonnelles' successfully

2023-11-23 14:33:46 - [TEST_STEP][PASSED] - callTestCase(findTestCase("Test Reutilisable/DemandeOuRenouvelle_TitreSejour/FormulaireMotifDeLaDemande"), ["TypeTitreDeSejour":TypeTitreDeSejour, "Titre":Titre], STOP_ON_FAILURE): Call Test Case 'Test Cases/Test Reutilisable/DemandeOuRenouvelle_TitreSejour/FormulaireMotifDeLaDemande' successfully

2023-11-23 14:33:46 - [MESSAGE][INFO] - Checking called Test Case

2023-11-23 14:33:46 - [MESSAGE][INFO] - Starting to call Test Case 'Test Cases/Test Reutilisable/DemandeOuRenouvelle_TitreSejour/FormulaireMotifDeLaDemande'

2023-11-23 14:33:46 - [TEST_CASE][PASSED] - Test Cases/Test Reutilisable/DemandeOuRenouvelle_TitreSejour/FormulaireMotifDeLaDemande: Test Cases/Test Reutilisable/DemandeOuRenouvelle_TitreSejour/FormulaireMotifDeLaDemande

2023-11-23 14:33:48 - [TEST_STEP][PASSED] - com.kazurayam.ksbackyard.HighlightElement.pandemic(): com.kazurayam.ksbackyard.HighlightElement.pandemic is PASSED

2023-11-23 14:33:48 - [MESSAGE][PASSED] - com.kazurayam.ksbackyard.HighlightElement.pandemic is PASSED

2023-11-23 14:33:48 - [TEST_STEP][PASSED] - if (TypeTitreDeSejour == "RenouvellementDeTitreSejour" && Titre == "Etudiant"): null

2023-11-23 14:33:48 - [TEST_STEP][PASSED] - if (TypeTitreDeSejour == "Visiteur" && Titre == "Etudiant" || TypeTitreDeSejour == "RenouvellementDeTitreSejour" && Titre == "Visiteur"): null

2023-11-23 14:33:48 - [TEST_STEP][PASSED] - if (TypeTitreDeSejour == "TS-PT-SalarieQualifie" && Titre == "Visiteur" || Titre == "Etudiant"): null

2023-11-23 14:33:48 - [TEST_STEP][PASSED] - if (TypeTitreDeSejour == "TS-PT-SalarieEntrepriseInnovante" && Titre == "Visiteur" || Titre == "Etudiant"): null

2023-11-23 14:33:48 - [TEST_STEP][PASSED] - if (TypeTitreDeSejour == "TS-PT-CarteBleueEuropeenne" && Titre == "Visiteur" || Titre == "Etudiant"): null

2023-11-23 14:33:48 - [TEST_STEP][PASSED] - if (TypeTitreDeSejour == "TS-PT-SalarieEnMission" && Titre == "Visiteur" || Titre == "Etudiant"): null

2023-11-23 14:33:48 - [TEST_STEP][PASSED] - if (TypeTitreDeSejour == "ChercheurEtChercheurEnMobilite" && Titre == "Visiteur" || Titre == "Etudiant"): Delayed 2 second(s)

2023-11-23 14:33:48 - [TEST_STEP][PASSED] - setText(findTestObject("Object Repository/Page_MotifDeLaDemande_Usager/Input_IntituleDuDiplome"), "IntitulÃ© du diplÃ´me "): Text 'IntitulÃ© du diplÃ´me ' is set on object 'Object Repository/Page_MotifDeLaDemande_Usager/Input_IntituleDuDiplome'

2023-11-23 14:33:48 - [MESSAGE][INFO] - Finding Test Object 'Object Repository/Page_MotifDeLaDemande_Usager/Input_IntituleDuDiplome'

2023-11-23 14:33:48 - [MESSAGE][INFO] - Checking timeout

2023-11-23 14:33:48 - [MESSAGE][INFO] - Finding web element with id: 'Object Repository/Page_MotifDeLaDemande_Usager/Input_IntituleDuDiplome' located by 'By.xpath: //div[2]/div/div/div[1]/div/div/div/app-indent-wrapper/app-information-relatives-qualification/div/div[1]/div/anef-input-text/div/div/div[1]/div/input|//app-demande-ptch/div/div[3]/app-motif-sejour-ptch//app-information-relatives-chercheur/div[1]/div/anef-input-text/div/div/div[1]/div/input' in '20' second(s)

2023-11-23 14:33:48 - [MESSAGE][INFO] - Smart Wait Function is triggered

2023-11-23 14:33:48 - [MESSAGE][INFO] - Found 1 web elements with id: 'Object Repository/Page_MotifDeLaDemande_Usager/Input_IntituleDuDiplome' located by 'By.xpath: //div[2]/div/div/div[1]/div/div/div/app-indent-wrapper/app-information-relatives-qualification/div/div[1]/div/anef-input-text/div/div/div[1]/div/input|//app-demande-ptch/div/div[3]/app-motif-sejour-ptch//app-information-relatives-chercheur/div[1]/div/anef-input-text/div/div/div[1]/div/input' in '20' second(s)

2023-11-23 14:33:48 - [MESSAGE][INFO] - Checking object

2023-11-23 14:33:48 - [MESSAGE][INFO] - Checking text

2023-11-23 14:33:48 - [MESSAGE][INFO] - Finding web element from Test Object's properties

2023-11-23 14:33:48 - [MESSAGE][INFO] - Checking timeout

2023-11-23 14:33:48 - [MESSAGE][INFO] - Finding web element with id: 'Object Repository/Page_MotifDeLaDemande_Usager/Input_IntituleDuDiplome' located by 'By.xpath: //div[2]/div/div/div[1]/div/div/div/app-indent-wrapper/app-information-relatives-qualification/div/div[1]/div/anef-input-text/div/div/div[1]/div/input|//app-demande-ptch/div/div[3]/app-motif-sejour-ptch//app-information-relatives-chercheur/div[1]/div/anef-input-text/div/div/div[1]/div/input' in '5' second(s)

2023-11-23 14:33:48 - [MESSAGE][INFO] - Smart Wait Function is triggered

2023-11-23 14:33:48 - [MESSAGE][INFO] - Found 1 web elements with id: 'Object Repository/Page_MotifDeLaDemande_Usager/Input_IntituleDuDiplome' located by 'By.xpath: //div[2]/div/div/div[1]/div/div/div/app-indent-wrapper/app-information-relatives-qualification/div/div[1]/div/anef-input-text/div/div/div[1]/div/input|//app-demande-ptch/div/div[3]/app-motif-sejour-ptch//app-information-relatives-chercheur/div[1]/div/anef-input-text/div/div/div[1]/div/input' in '5' second(s)

2023-11-23 14:33:48 - [MESSAGE][INFO] - Clearing text of object 'Object Repository/Page_MotifDeLaDemande_Usager/Input_IntituleDuDiplome'

2023-11-23 14:33:50 - [MESSAGE][INFO] - Finding web element from Test Object's properties

2023-11-23 14:33:50 - [MESSAGE][INFO] - Checking timeout

2023-11-23 14:33:50 - [MESSAGE][INFO] - Finding web element with id: 'Object Repository/Page_MotifDeLaDemande_Usager/Input_IntituleDuDiplome' located by 'By.xpath: //div[2]/div/div/div[1]/div/div/div/app-indent-wrapper/app-information-relatives-qualification/div/div[1]/div/anef-input-text/div/div/div[1]/div/input|//app-demande-ptch/div/div[3]/app-motif-sejour-ptch//app-information-relatives-chercheur/div[1]/div/anef-input-text/div/div/div[1]/div/input' in '5' second(s)

2023-11-23 14:33:50 - [MESSAGE][INFO] - Smart Wait Function is triggered

2023-11-23 14:33:50 - [MESSAGE][INFO] - Found 1 web elements with id: 'Object Repository/Page_MotifDeLaDemande_Usager/Input_IntituleDuDiplome' located by 'By.xpath: //div[2]/div/div/div[1]/div/div/div/app-indent-wrapper/app-information-relatives-qualification/div/div[1]/div/anef-input-text/div/div/div[1]/div/input|//app-demande-ptch/div/div[3]/app-motif-sejour-ptch//app-information-relatives-chercheur/div[1]/div/anef-input-text/div/div/div[1]/div/input' in '5' second(s)

2023-11-23 14:33:50 - [MESSAGE][INFO] - Setting text of object 'Object Repository/Page_MotifDeLaDemande_Usager/Input_IntituleDuDiplome' to value 'IntitulÃ© du diplÃ´me '

2023-11-23 14:33:53 - [MESSAGE][PASSED] - Text 'IntitulÃ© du diplÃ´me ' is set on object 'Object Repository/Page_MotifDeLaDemande_Usager/Input_IntituleDuDiplome'

2023-11-23 14:33:53 - [TEST_STEP][PASSED] - setText(findTestObject("Object Repository/Page_MotifDeLaDemande_Usager/Input_DateDeDelivrance_JJ"), "10"): Text '10' is set on object 'Object Repository/Page_MotifDeLaDemande_Usager/Input_DateDeDelivrance_JJ'

2023-11-23 14:33:53 - [MESSAGE][INFO] - Finding Test Object 'Object Repository/Page_MotifDeLaDemande_Usager/Input_DateDeDelivrance_JJ'

2023-11-23 14:33:53 - [MESSAGE][INFO] - Checking timeout

2023-11-23 14:33:53 - [MESSAGE][INFO] - Finding web element with id: 'Object Repository/Page_MotifDeLaDemande_Usager/Input_DateDeDelivrance_JJ' located by 'By.xpath: //div[2]/div/div/div[1]/div/div/div/app-indent-wrapper/app-information-relatives-qualification/div/div[2]/div/anef-input-date/div/div/fieldset/div/div[1]/div/div/input|//*[@id="JOUR"]' in '20' second(s)

2023-11-23 14:33:53 - [MESSAGE][INFO] - Smart Wait Function is triggered

2023-11-23 14:33:53 - [MESSAGE][INFO] - Found 1 web elements with id: 'Object Repository/Page_MotifDeLaDemande_Usager/Input_DateDeDelivrance_JJ' located by 'By.xpath: //div[2]/div/div/div[1]/div/div/div/app-indent-wrapper/app-information-relatives-qualification/div/div[2]/div/anef-input-date/div/div/fieldset/div/div[1]/div/div/input|//*[@id="JOUR"]' in '20' second(s)

2023-11-23 14:33:53 - [MESSAGE][INFO] - Checking object

2023-11-23 14:33:53 - [MESSAGE][INFO] - Checking text

2023-11-23 14:33:53 - [MESSAGE][INFO] - Finding web element from Test Object's properties

2023-11-23 14:33:53 - [MESSAGE][INFO] - Checking timeout

2023-11-23 14:33:53 - [MESSAGE][INFO] - Finding web element with id: 'Object Repository/Page_MotifDeLaDemande_Usager/Input_DateDeDelivrance_JJ' located by 'By.xpath: //div[2]/div/div/div[1]/div/div/div/app-indent-wrapper/app-information-relatives-qualification/div/div[2]/div/anef-input-date/div/div/fieldset/div/div[1]/div/div/input|//*[@id="JOUR"]' in '5' second(s)

2023-11-23 14:33:53 - [MESSAGE][INFO] - Smart Wait Function is triggered

2023-11-23 14:33:53 - [MESSAGE][INFO] - Found 1 web elements with id: 'Object Repository/Page_MotifDeLaDemande_Usager/Input_DateDeDelivrance_JJ' located by 'By.xpath: //div[2]/div/div/div[1]/div/div/div/app-indent-wrapper/app-information-relatives-qualification/div/div[2]/div/anef-input-date/div/div/fieldset/div/div[1]/div/div/input|//*[@id="JOUR"]' in '5' second(s)

2023-11-23 14:33:53 - [MESSAGE][INFO] - Clearing text of object 'Object Repository/Page_MotifDeLaDemande_Usager/Input_DateDeDelivrance_JJ'

2023-11-23 14:33:55 - [MESSAGE][INFO] - Finding web element from Test Object's properties

2023-11-23 14:33:55 - [MESSAGE][INFO] - Checking timeout

2023-11-23 14:33:55 - [MESSAGE][INFO] - Finding web element with id: 'Object Repository/Page_MotifDeLaDemande_Usager/Input_DateDeDelivrance_JJ' located by 'By.xpath: //div[2]/div/div/div[1]/div/div/div/app-indent-wrapper/app-information-relatives-qualification/div/div[2]/div/anef-input-date/div/div/fieldset/div/div[1]/div/div/input|//*[@id="JOUR"]' in '5' second(s)

2023-11-23 14:33:55 - [MESSAGE][INFO] - Smart Wait Function is triggered

2023-11-23 14:33:55 - [MESSAGE][INFO] - Found 1 web elements with id: 'Object Repository/Page_MotifDeLaDemande_Usager/Input_DateDeDelivrance_JJ' located by 'By.xpath: //div[2]/div/div/div[1]/div/div/div/app-indent-wrapper/app-information-relatives-qualification/div/div[2]/div/anef-input-date/div/div/fieldset/div/div[1]/div/div/input|//*[@id="JOUR"]' in '5' second(s)

2023-11-23 14:33:55 - [MESSAGE][INFO] - Setting text of object 'Object Repository/Page_MotifDeLaDemande_Usager/Input_DateDeDelivrance_JJ' to value '10'

2023-11-23 14:33:57 - [MESSAGE][PASSED] - Text '10' is set on object 'Object Repository/Page_MotifDeLaDemande_Usager/Input_DateDeDelivrance_JJ'

2023-11-23 14:33:57 - [TEST_STEP][PASSED] - click(findTestObject("Object Repository/Page_MotifDeLaDemande_Usager/select_DateDeDelivrance_MM")): Object: 'Object Repository/Page_MotifDeLaDemande_Usager/select_DateDeDelivrance_MM' is clicked on

2023-11-23 14:33:57 - [MESSAGE][INFO] - Finding Test Object 'Object Repository/Page_MotifDeLaDemande_Usager/select_DateDeDelivrance_MM'

2023-11-23 14:33:57 - [MESSAGE][INFO] - Checking timeout

2023-11-23 14:33:57 - [MESSAGE][INFO] - Finding web element with id: 'Object Repository/Page_MotifDeLaDemande_Usager/select_DateDeDelivrance_MM' located by 'By.xpath: /html/body/app-root/div/app-portal/main/app-theme-v2/div/app-demande-ptsq/div/div[3]/app-motif-sejour-ptsq/div[2]/div/p-accordion/div/form/p-accordiontab/div[2]/div/div/div[1]/div/div/div/app-indent-wrapper/app-information-relatives-qualification/div/div[2]/div/anef-input-date/div/div/fieldset/div[1]/div[2]/div/div/p-dropdown/div/div[2]|//*[@id="MOIS"]/div/div[2]' in '20' second(s)

2023-11-23 14:33:57 - [MESSAGE][INFO] - Smart Wait Function is triggered

2023-11-23 14:33:57 - [MESSAGE][INFO] - Found 1 web elements with id: 'Object Repository/Page_MotifDeLaDemande_Usager/select_DateDeDelivrance_MM' located by 'By.xpath: /html/body/app-root/div/app-portal/main/app-theme-v2/div/app-demande-ptsq/div/div[3]/app-motif-sejour-ptsq/div[2]/div/p-accordion/div/form/p-accordiontab/div[2]/div/div/div[1]/div/div/div/app-indent-wrapper/app-information-relatives-qualification/div/div[2]/div/anef-input-date/div/div/fieldset/div[1]/div[2]/div/div/p-dropdown/div/div[2]|//*[@id="MOIS"]/div/div[2]' in '20' second(s)

2023-11-23 14:33:57 - [MESSAGE][INFO] - Checking object

2023-11-23 14:33:57 - [MESSAGE][INFO] - Checking timeout

2023-11-23 14:33:57 - [MESSAGE][INFO] - Finding web element from Test Object's properties

2023-11-23 14:33:57 - [MESSAGE][INFO] - Checking timeout

2023-11-23 14:33:57 - [MESSAGE][INFO] - Finding web element with id: 'Object Repository/Page_MotifDeLaDemande_Usager/select_DateDeDelivrance_MM' located by 'By.xpath: /html/body/app-root/div/app-portal/main/app-theme-v2/div/app-demande-ptsq/div/div[3]/app-motif-sejour-ptsq/div[2]/div/p-accordion/div/form/p-accordiontab/div[2]/div/div/div[1]/div/div/div/app-indent-wrapper/app-information-relatives-qualification/div/div[2]/div/anef-input-date/div/div/fieldset/div[1]/div[2]/div/div/p-dropdown/div/div[2]|//*[@id="MOIS"]/div/div[2]' in '5' second(s)

2023-11-23 14:33:57 - [MESSAGE][INFO] - Smart Wait Function is triggered

2023-11-23 14:33:57 - [MESSAGE][INFO] - Found 1 web elements with id: 'Object Repository/Page_MotifDeLaDemande_Usager/select_DateDeDelivrance_MM' located by 'By.xpath: /html/body/app-root/div/app-portal/main/app-theme-v2/div/app-demande-ptsq/div/div[3]/app-motif-sejour-ptsq/div[2]/div/p-accordion/div/form/p-accordiontab/div[2]/div/div/div[1]/div/div/div/app-indent-wrapper/app-information-relatives-qualification/div/div[2]/div/anef-input-date/div/div/fieldset/div[1]/div[2]/div/div/p-dropdown/div/div[2]|//*[@id="MOIS"]/div/div[2]' in '5' second(s)

2023-11-23 14:33:57 - [MESSAGE][INFO] - Clicking on object: 'Object Repository/Page_MotifDeLaDemande_Usager/select_DateDeDelivrance_MM'

2023-11-23 14:33:59 - [MESSAGE][PASSED] - Object: 'Object Repository/Page_MotifDeLaDemande_Usager/select_DateDeDelivrance_MM' is clicked on

2023-11-23 14:33:59 - [TEST_STEP][PASSED] - click(findTestObject("Object Repository/Page_MotifDeLaDemande_Usager/click-select_DateDeDelivrance_MM")): Object: 'Object Repository/Page_MotifDeLaDemande_Usager/click-select_DateDeDelivrance_MM' is clicked on

2023-11-23 14:33:59 - [MESSAGE][INFO] - Finding Test Object 'Object Repository/Page_MotifDeLaDemande_Usager/click-select_DateDeDelivrance_MM'

2023-11-23 14:33:59 - [MESSAGE][INFO] - Checking timeout

2023-11-23 14:33:59 - [MESSAGE][INFO] - Finding web element with id: 'Object Repository/Page_MotifDeLaDemande_Usager/click-select_DateDeDelivrance_MM' located by 'By.xpath: /html/body/app-root/div/app-portal/main/app-theme-v2/div/app-demande-ptsq/div/div[3]/app-motif-sejour-ptsq/div[2]/div/p-accordion/div/form/p-accordiontab/div[2]/div/div/div[1]/div/div/div/app-indent-wrapper/app-information-relatives-qualification/div/div[2]/div/anef-input-date/div/div/fieldset/div[1]/div[2]/div/div/p-dropdown/div/div[5]/div/ul/p-dropdownitem[3]/li/span|//*[@id="MOIS"]/div/div[5]/div/ul/p-dropdownitem[3]/li' in '20' second(s)

2023-11-23 14:33:59 - [MESSAGE][INFO] - Smart Wait Function is triggered

2023-11-23 14:33:59 - [MESSAGE][INFO] - Found 1 web elements with id: 'Object Repository/Page_MotifDeLaDemande_Usager/click-select_DateDeDelivrance_MM' located by 'By.xpath: /html/body/app-root/div/app-portal/main/app-theme-v2/div/app-demande-ptsq/div/div[3]/app-motif-sejour-ptsq/div[2]/div/p-accordion/div/form/p-accordiontab/div[2]/div/div/div[1]/div/div/div/app-indent-wrapper/app-information-relatives-qualification/div/div[2]/div/anef-input-date/div/div/fieldset/div[1]/div[2]/div/div/p-dropdown/div/div[5]/div/ul/p-dropdownitem[3]/li/span|//*[@id="MOIS"]/div/div[5]/div/ul/p-dropdownitem[3]/li' in '20' second(s)

2023-11-23 14:33:59 - [MESSAGE][INFO] - Checking object

2023-11-23 14:33:59 - [MESSAGE][INFO] - Checking timeout

2023-11-23 14:33:59 - [MESSAGE][INFO] - Finding web element from Test Object's properties

2023-11-23 14:33:59 - [MESSAGE][INFO] - Checking timeout

2023-11-23 14:33:59 - [MESSAGE][INFO] - Finding web element with id: 'Object Repository/Page_MotifDeLaDemande_Usager/click-select_DateDeDelivrance_MM' located by 'By.xpath: /html/body/app-root/div/app-portal/main/app-theme-v2/div/app-demande-ptsq/div/div[3]/app-motif-sejour-ptsq/div[2]/div/p-accordion/div/form/p-accordiontab/div[2]/div/div/div[1]/div/div/div/app-indent-wrapper/app-information-relatives-qualification/div/div[2]/div/anef-input-date/div/div/fieldset/div[1]/div[2]/div/div/p-dropdown/div/div[5]/div/ul/p-dropdownitem[3]/li/span|//*[@id="MOIS"]/div/div[5]/div/ul/p-dropdownitem[3]/li' in '5' second(s)

2023-11-23 14:33:59 - [MESSAGE][INFO] - Smart Wait Function is triggered

2023-11-23 14:33:59 - [MESSAGE][INFO] - Found 1 web elements with id: 'Object Repository/Page_MotifDeLaDemande_Usager/click-select_DateDeDelivrance_MM' located by 'By.xpath: /html/body/app-root/div/app-portal/main/app-theme-v2/div/app-demande-ptsq/div/div[3]/app-motif-sejour-ptsq/div[2]/div/p-accordion/div/form/p-accordiontab/div[2]/div/div/div[1]/div/div/div/app-indent-wrapper/app-information-relatives-qualification/div/div[2]/div/anef-input-date/div/div/fieldset/div[1]/div[2]/div/div/p-dropdown/div/div[5]/div/ul/p-dropdownitem[3]/li/span|//*[@id="MOIS"]/div/div[5]/div/ul/p-dropdownitem[3]/li' in '5' second(s)

2023-11-23 14:33:59 - [MESSAGE][INFO] - Clicking on object: 'Object Repository/Page_MotifDeLaDemande_Usager/click-select_DateDeDelivrance_MM'

2023-11-23 14:34:02 - [MESSAGE][PASSED] - Object: 'Object Repository/Page_MotifDeLaDemande_Usager/click-select_DateDeDelivrance_MM' is clicked on

2023-11-23 14:34:02 - [TEST_STEP][PASSED] - setText(findTestObject("Object Repository/Page_MotifDeLaDemande_Usager/Input_DateDeDelivrance_AAAA"), "2010"): Text '2010' is set on object 'Object Repository/Page_MotifDeLaDemande_Usager/Input_DateDeDelivrance_AAAA'

2023-11-23 14:34:02 - [MESSAGE][INFO] - Finding Test Object 'Object Repository/Page_MotifDeLaDemande_Usager/Input_DateDeDelivrance_AAAA'

2023-11-23 14:34:02 - [MESSAGE][INFO] - Checking timeout

2023-11-23 14:34:02 - [MESSAGE][INFO] - Finding web element with id: 'Object Repository/Page_MotifDeLaDemande_Usager/Input_DateDeDelivrance_AAAA' located by 'By.xpath: //div/form/p-accordiontab/div[2]/div/div/div[1]/div/div/div/app-indent-wrapper/app-information-relatives-qualification/div/div[2]/div/anef-input-date/div/div/fieldset/div/div[3]/div/div/input|//*[@id="ANNEE"]' in '20' second(s)

2023-11-23 14:34:02 - [MESSAGE][INFO] - Smart Wait Function is triggered

2023-11-23 14:34:02 - [MESSAGE][INFO] - Found 1 web elements with id: 'Object Repository/Page_MotifDeLaDemande_Usager/Input_DateDeDelivrance_AAAA' located by 'By.xpath: //div/form/p-accordiontab/div[2]/div/div/div[1]/div/div/div/app-indent-wrapper/app-information-relatives-qualification/div/div[2]/div/anef-input-date/div/div/fieldset/div/div[3]/div/div/input|//*[@id="ANNEE"]' in '20' second(s)

2023-11-23 14:34:02 - [MESSAGE][INFO] - Checking object

2023-11-23 14:34:02 - [MESSAGE][INFO] - Checking text

2023-11-23 14:34:02 - [MESSAGE][INFO] - Finding web element from Test Object's properties

2023-11-23 14:34:02 - [MESSAGE][INFO] - Checking timeout

2023-11-23 14:34:02 - [MESSAGE][INFO] - Finding web element with id: 'Object Repository/Page_MotifDeLaDemande_Usager/Input_DateDeDelivrance_AAAA' located by 'By.xpath: //div/form/p-accordiontab/div[2]/div/div/div[1]/div/div/div/app-indent-wrapper/app-information-relatives-qualification/div/div[2]/div/anef-input-date/div/div/fieldset/div/div[3]/div/div/input|//*[@id="ANNEE"]' in '5' second(s)

2023-11-23 14:34:02 - [MESSAGE][INFO] - Smart Wait Function is triggered

2023-11-23 14:34:02 - [MESSAGE][INFO] - Found 1 web elements with id: 'Object Repository/Page_MotifDeLaDemande_Usager/Input_DateDeDelivrance_AAAA' located by 'By.xpath: //div/form/p-accordiontab/div[2]/div/div/div[1]/div/div/div/app-indent-wrapper/app-information-relatives-qualification/div/div[2]/div/anef-input-date/div/div/fieldset/div/div[3]/div/div/input|//*[@id="ANNEE"]' in '5' second(s)

2023-11-23 14:34:02 - [MESSAGE][INFO] - Clearing text of object 'Object Repository/Page_MotifDeLaDemande_Usager/Input_DateDeDelivrance_AAAA'

2023-11-23 14:34:04 - [MESSAGE][INFO] - Finding web element from Test Object's properties

2023-11-23 14:34:04 - [MESSAGE][INFO] - Checking timeout

2023-11-23 14:34:04 - [MESSAGE][INFO] - Finding web element with id: 'Object Repository/Page_MotifDeLaDemande_Usager/Input_DateDeDelivrance_AAAA' located by 'By.xpath: //div/form/p-accordiontab/div[2]/div/div/div[1]/div/div/div/app-indent-wrapper/app-information-relatives-qualification/div/div[2]/div/anef-input-date/div/div/fieldset/div/div[3]/div/div/input|//*[@id="ANNEE"]' in '5' second(s)

2023-11-23 14:34:04 - [MESSAGE][INFO] - Smart Wait Function is triggered

2023-11-23 14:34:04 - [MESSAGE][INFO] - Found 1 web elements with id: 'Object Repository/Page_MotifDeLaDemande_Usager/Input_DateDeDelivrance_AAAA' located by 'By.xpath: //div/form/p-accordiontab/div[2]/div/div/div[1]/div/div/div/app-indent-wrapper/app-information-relatives-qualification/div/div[2]/div/anef-input-date/div/div/fieldset/div/div[3]/div/div/input|//*[@id="ANNEE"]' in '5' second(s)

2023-11-23 14:34:04 - [MESSAGE][INFO] - Setting text of object 'Object Repository/Page_MotifDeLaDemande_Usager/Input_DateDeDelivrance_AAAA' to value '2010'

2023-11-23 14:34:06 - [MESSAGE][PASSED] - Text '2010' is set on object 'Object Repository/Page_MotifDeLaDemande_Usager/Input_DateDeDelivrance_AAAA'

2023-11-23 14:34:06 - [TEST_STEP][PASSED] - setText(findTestObject("Object Repository/Page_MotifDeLaDemande_Usager/Input_EtablissementDeDelivrance"), "Ãtablissement De DÃ©livrance"): Text 'Ãtablissement De DÃ©livrance' is set on object 'Object Repository/Page_MotifDeLaDemande_Usager/Input_EtablissementDeDelivrance'

2023-11-23 14:34:06 - [MESSAGE][INFO] - Finding Test Object 'Object Repository/Page_MotifDeLaDemande_Usager/Input_EtablissementDeDelivrance'

2023-11-23 14:34:06 - [MESSAGE][INFO] - Checking timeout

2023-11-23 14:34:06 - [MESSAGE][INFO] - Finding web element with id: 'Object Repository/Page_MotifDeLaDemande_Usager/Input_EtablissementDeDelivrance' located by 'By.xpath: //*[@aria-labelledby="ETABLISSEMENT_DELIVRANCE-label"]' in '20' second(s)

2023-11-23 14:34:06 - [MESSAGE][INFO] - Smart Wait Function is triggered

2023-11-23 14:34:06 - [MESSAGE][INFO] - Found 1 web elements with id: 'Object Repository/Page_MotifDeLaDemande_Usager/Input_EtablissementDeDelivrance' located by 'By.xpath: //*[@aria-labelledby="ETABLISSEMENT_DELIVRANCE-label"]' in '20' second(s)

2023-11-23 14:34:06 - [MESSAGE][INFO] - Checking object

2023-11-23 14:34:06 - [MESSAGE][INFO] - Checking text

2023-11-23 14:34:06 - [MESSAGE][INFO] - Finding web element from Test Object's properties

2023-11-23 14:34:06 - [MESSAGE][INFO] - Checking timeout

2023-11-23 14:34:06 - [MESSAGE][INFO] - Finding web element with id: 'Object Repository/Page_MotifDeLaDemande_Usager/Input_EtablissementDeDelivrance' located by 'By.xpath: //*[@aria-labelledby="ETABLISSEMENT_DELIVRANCE-label"]' in '5' second(s)

2023-11-23 14:34:06 - [MESSAGE][INFO] - Smart Wait Function is triggered

2023-11-23 14:34:06 - [MESSAGE][INFO] - Found 1 web elements with id: 'Object Repository/Page_MotifDeLaDemande_Usager/Input_EtablissementDeDelivrance' located by 'By.xpath: //*[@aria-labelledby="ETABLISSEMENT_DELIVRANCE-label"]' in '5' second(s)

2023-11-23 14:34:06 - [MESSAGE][INFO] - Clearing text of object 'Object Repository/Page_MotifDeLaDemande_Usager/Input_EtablissementDeDelivrance'

2023-11-23 14:34:08 - [MESSAGE][INFO] - Finding web element from Test Object's properties

2023-11-23 14:34:08 - [MESSAGE][INFO] - Checking timeout

2023-11-23 14:34:08 - [MESSAGE][INFO] - Finding web element with id: 'Object Repository/Page_MotifDeLaDemande_Usager/Input_EtablissementDeDelivrance' located by 'By.xpath: //*[@aria-labelledby="ETABLISSEMENT_DELIVRANCE-label"]' in '5' second(s)

2023-11-23 14:34:08 - [MESSAGE][INFO] - Smart Wait Function is triggered

2023-11-23 14:34:08 - [MESSAGE][INFO] - Found 1 web elements with id: 'Object Repository/Page_MotifDeLaDemande_Usager/Input_EtablissementDeDelivrance' located by 'By.xpath: //*[@aria-labelledby="ETABLISSEMENT_DELIVRANCE-label"]' in '5' second(s)

2023-11-23 14:34:08 - [MESSAGE][INFO] - Setting text of object 'Object Repository/Page_MotifDeLaDemande_Usager/Input_EtablissementDeDelivrance' to value 'Ãtablissement De DÃ©livrance'

2023-11-23 14:34:11 - [MESSAGE][PASSED] - Text 'Ãtablissement De DÃ©livrance' is set on object 'Object Repository/Page_MotifDeLaDemande_Usager/Input_EtablissementDeDelivrance'

2023-11-23 14:34:11 - [TEST_STEP][PASSED] - "INFORMATIONS RELATIVES Ã LâACTIVITÃ DE RECHERCHE :": null

2023-11-23 14:34:11 - [TEST_STEP][PASSED] - setText(findTestObject("Object Repository/Page_MotifDeLaDemande_Usager/input_OrganismeDAccueil"), "Organisme Accueil"): Text 'Organisme Accueil' is set on object 'Object Repository/Page_MotifDeLaDemande_Usager/input_OrganismeDAccueil'

2023-11-23 14:34:11 - [MESSAGE][INFO] - Finding Test Object 'Object Repository/Page_MotifDeLaDemande_Usager/input_OrganismeDAccueil'

2023-11-23 14:34:11 - [MESSAGE][INFO] - Checking timeout

2023-11-23 14:34:11 - [MESSAGE][INFO] - Finding web element with id: 'Object Repository/Page_MotifDeLaDemande_Usager/input_OrganismeDAccueil' located by 'By.xpath: /html/body/app-root/div/app-portal/main/app-theme-v2/div/app-demande-ptch/div/div[3]/app-motif-sejour-ptch/div[2]/div/p-accordion/div/form/p-accordiontab/div[2]/div/app-information-relatives-activite-recherche/div[1]/div/anef-input-text/div/div/div[1]/div/input' in '20' second(s)

2023-11-23 14:34:11 - [MESSAGE][INFO] - Smart Wait Function is triggered

2023-11-23 14:34:11 - [MESSAGE][INFO] - Found 1 web elements with id: 'Object Repository/Page_MotifDeLaDemande_Usager/input_OrganismeDAccueil' located by 'By.xpath: /html/body/app-root/div/app-portal/main/app-theme-v2/div/app-demande-ptch/div/div[3]/app-motif-sejour-ptch/div[2]/div/p-accordion/div/form/p-accordiontab/div[2]/div/app-information-relatives-activite-recherche/div[1]/div/anef-input-text/div/div/div[1]/div/input' in '20' second(s)

2023-11-23 14:34:11 - [MESSAGE][INFO] - Checking object

2023-11-23 14:34:11 - [MESSAGE][INFO] - Checking text

2023-11-23 14:34:11 - [MESSAGE][INFO] - Finding web element from Test Object's properties

2023-11-23 14:34:11 - [MESSAGE][INFO] - Checking timeout

2023-11-23 14:34:11 - [MESSAGE][INFO] - Finding web element with id: 'Object Repository/Page_MotifDeLaDemande_Usager/input_OrganismeDAccueil' located by 'By.xpath: /html/body/app-root/div/app-portal/main/app-theme-v2/div/app-demande-ptch/div/div[3]/app-motif-sejour-ptch/div[2]/div/p-accordion/div/form/p-accordiontab/div[2]/div/app-information-relatives-activite-recherche/div[1]/div/anef-input-text/div/div/div[1]/div/input' in '5' second(s)

2023-11-23 14:34:11 - [MESSAGE][INFO] - Smart Wait Function is triggered

2023-11-23 14:34:11 - [MESSAGE][INFO] - Found 1 web elements with id: 'Object Repository/Page_MotifDeLaDemande_Usager/input_OrganismeDAccueil' located by 'By.xpath: /html/body/app-root/div/app-portal/main/app-theme-v2/div/app-demande-ptch/div/div[3]/app-motif-sejour-ptch/div[2]/div/p-accordion/div/form/p-accordiontab/div[2]/div/app-information-relatives-activite-recherche/div[1]/div/anef-input-text/div/div/div[1]/div/input' in '5' second(s)

2023-11-23 14:34:11 - [MESSAGE][INFO] - Clearing text of object 'Object Repository/Page_MotifDeLaDemande_Usager/input_OrganismeDAccueil'

2023-11-23 14:34:13 - [MESSAGE][INFO] - Finding web element from Test Object's properties

2023-11-23 14:34:13 - [MESSAGE][INFO] - Checking timeout

2023-11-23 14:34:13 - [MESSAGE][INFO] - Finding web element with id: 'Object Repository/Page_MotifDeLaDemande_Usager/input_OrganismeDAccueil' located by 'By.xpath: /html/body/app-root/div/app-portal/main/app-theme-v2/div/app-demande-ptch/div/div[3]/app-motif-sejour-ptch/div[2]/div/p-accordion/div/form/p-accordiontab/div[2]/div/app-information-relatives-activite-recherche/div[1]/div/anef-input-text/div/div/div[1]/div/input' in '5' second(s)

2023-11-23 14:34:13 - [MESSAGE][INFO] - Smart Wait Function is triggered

2023-11-23 14:34:13 - [MESSAGE][INFO] - Found 1 web elements with id: 'Object Repository/Page_MotifDeLaDemande_Usager/input_OrganismeDAccueil' located by 'By.xpath: /html/body/app-root/div/app-portal/main/app-theme-v2/div/app-demande-ptch/div/div[3]/app-motif-sejour-ptch/div[2]/div/p-accordion/div/form/p-accordiontab/div[2]/div/app-information-relatives-activite-recherche/div[1]/div/anef-input-text/div/div/div[1]/div/input' in '5' second(s)

2023-11-23 14:34:13 - [MESSAGE][INFO] - Setting text of object 'Object Repository/Page_MotifDeLaDemande_Usager/input_OrganismeDAccueil' to value 'Organisme Accueil'

2023-11-23 14:34:15 - [MESSAGE][PASSED] - Text 'Organisme Accueil' is set on object 'Object Repository/Page_MotifDeLaDemande_Usager/input_OrganismeDAccueil'

2023-11-23 14:34:15 - [TEST_STEP][PASSED] - click(findTestObject("Object Repository/Page_MotifDeLaDemande_Usager/CheckBox_ProgrammeDeMobiliteDansUnionEuropeenne_Non")): Object: 'Object Repository/Page_MotifDeLaDemande_Usager/CheckBox_ProgrammeDeMobiliteDansUnionEuropeenne_Non' is clicked on

2023-11-23 14:34:15 - [MESSAGE][INFO] - Finding Test Object 'Object Repository/Page_MotifDeLaDemande_Usager/CheckBox_ProgrammeDeMobiliteDansUnionEuropeenne_Non'

2023-11-23 14:34:15 - [MESSAGE][INFO] - Checking timeout

2023-11-23 14:34:15 - [MESSAGE][INFO] - Finding web element with id: 'Object Repository/Page_MotifDeLaDemande_Usager/CheckBox_ProgrammeDeMobiliteDansUnionEuropeenne_Non' located by 'By.xpath: //div/app-information-relatives-activite-recherche/div[2]/div/anef-input-radio/div/div/fieldset/div/div[2]/p-radiobutton/div/div[2]/span' in '20' second(s)

2023-11-23 14:34:15 - [MESSAGE][INFO] - Smart Wait Function is triggered

2023-11-23 14:34:15 - [MESSAGE][INFO] - Found 1 web elements with id: 'Object Repository/Page_MotifDeLaDemande_Usager/CheckBox_ProgrammeDeMobiliteDansUnionEuropeenne_Non' located by 'By.xpath: //div/app-information-relatives-activite-recherche/div[2]/div/anef-input-radio/div/div/fieldset/div/div[2]/p-radiobutton/div/div[2]/span' in '20' second(s)

2023-11-23 14:34:15 - [MESSAGE][INFO] - Checking object

2023-11-23 14:34:15 - [MESSAGE][INFO] - Checking timeout

2023-11-23 14:34:15 - [MESSAGE][INFO] - Finding web element from Test Object's properties

2023-11-23 14:34:15 - [MESSAGE][INFO] - Checking timeout

2023-11-23 14:34:15 - [MESSAGE][INFO] - Finding web element with id: 'Object Repository/Page_MotifDeLaDemande_Usager/CheckBox_ProgrammeDeMobiliteDansUnionEuropeenne_Non' located by 'By.xpath: //div/app-information-relatives-activite-recherche/div[2]/div/anef-input-radio/div/div/fieldset/div/div[2]/p-radiobutton/div/div[2]/span' in '5' second(s)

2023-11-23 14:34:15 - [MESSAGE][INFO] - Smart Wait Function is triggered

2023-11-23 14:34:15 - [MESSAGE][INFO] - Found 1 web elements with id: 'Object Repository/Page_MotifDeLaDemande_Usager/CheckBox_ProgrammeDeMobiliteDansUnionEuropeenne_Non' located by 'By.xpath: //div/app-information-relatives-activite-recherche/div[2]/div/anef-input-radio/div/div/fieldset/div/div[2]/p-radiobutton/div/div[2]/span' in '5' second(s)

2023-11-23 14:34:15 - [MESSAGE][INFO] - Clicking on object: 'Object Repository/Page_MotifDeLaDemande_Usager/CheckBox_ProgrammeDeMobiliteDansUnionEuropeenne_Non'

2023-11-23 14:34:17 - [MESSAGE][PASSED] - Object: 'Object Repository/Page_MotifDeLaDemande_Usager/CheckBox_ProgrammeDeMobiliteDansUnionEuropeenne_Non' is clicked on

2023-11-23 14:34:17 - [TEST_STEP][PASSED] - click(findTestObject("Object Repository/Page_MotifDeLaDemande_Usager/Click_Select_NatureDuLienOrganismeAccueil")): Object: 'Object Repository/Page_MotifDeLaDemande_Usager/Click_Select_NatureDuLienOrganismeAccueil' is clicked on

2023-11-23 14:34:17 - [MESSAGE][INFO] - Finding Test Object 'Object Repository/Page_MotifDeLaDemande_Usager/Click_Select_NatureDuLienOrganismeAccueil'

2023-11-23 14:34:17 - [MESSAGE][INFO] - Checking timeout

2023-11-23 14:34:17 - [MESSAGE][INFO] - Finding web element with id: 'Object Repository/Page_MotifDeLaDemande_Usager/Click_Select_NatureDuLienOrganismeAccueil' located by 'By.xpath: //*[@id="NATURE_ORGANISME_ACCUEIL"]/div/div[3]/label' in '20' second(s)

2023-11-23 14:34:17 - [MESSAGE][INFO] - Smart Wait Function is triggered

2023-11-23 14:34:18 - [MESSAGE][INFO] - Found 1 web elements with id: 'Object Repository/Page_MotifDeLaDemande_Usager/Click_Select_NatureDuLienOrganismeAccueil' located by 'By.xpath: //*[@id="NATURE_ORGANISME_ACCUEIL"]/div/div[3]/label' in '20' second(s)

2023-11-23 14:34:18 - [MESSAGE][INFO] - Checking object

2023-11-23 14:34:18 - [MESSAGE][INFO] - Checking timeout

2023-11-23 14:34:18 - [MESSAGE][INFO] - Finding web element from Test Object's properties

2023-11-23 14:34:18 - [MESSAGE][INFO] - Checking timeout

2023-11-23 14:34:18 - [MESSAGE][INFO] - Finding web element with id: 'Object Repository/Page_MotifDeLaDemande_Usager/Click_Select_NatureDuLienOrganismeAccueil' located by 'By.xpath: //*[@id="NATURE_ORGANISME_ACCUEIL"]/div/div[3]/label' in '5' second(s)

2023-11-23 14:34:18 - [MESSAGE][INFO] - Smart Wait Function is triggered

2023-11-23 14:34:18 - [MESSAGE][INFO] - Found 1 web elements with id: 'Object Repository/Page_MotifDeLaDemande_Usager/Click_Select_NatureDuLienOrganismeAccueil' located by 'By.xpath: //*[@id="NATURE_ORGANISME_ACCUEIL"]/div/div[3]/label' in '5' second(s)

2023-11-23 14:34:18 - [MESSAGE][INFO] - Clicking on object: 'Object Repository/Page_MotifDeLaDemande_Usager/Click_Select_NatureDuLienOrganismeAccueil'

2023-11-23 14:34:20 - [MESSAGE][PASSED] - Object: 'Object Repository/Page_MotifDeLaDemande_Usager/Click_Select_NatureDuLienOrganismeAccueil' is clicked on

2023-11-23 14:34:20 - [TEST_STEP][PASSED] - click(findTestObject("Object Repository/Page_MotifDeLaDemande_Usager/Click_Select_Value_NatureDuLienOrganismeAccueil")): Object: 'Object Repository/Page_MotifDeLaDemande_Usager/Click_Select_Value_NatureDuLienOrganismeAccueil' is clicked on

2023-11-23 14:34:20 - [MESSAGE][INFO] - Finding Test Object 'Object Repository/Page_MotifDeLaDemande_Usager/Click_Select_Value_NatureDuLienOrganismeAccueil'

2023-11-23 14:34:20 - [MESSAGE][INFO] - Checking timeout

2023-11-23 14:34:20 - [MESSAGE][INFO] - Finding web element with id: 'Object Repository/Page_MotifDeLaDemande_Usager/Click_Select_Value_NatureDuLienOrganismeAccueil' located by 'By.xpath: //*[@id="NATURE_ORGANISME_ACCUEIL"]/div/div[5]/div/ul/p-dropdownitem[2]/li/span' in '20' second(s)

2023-11-23 14:34:20 - [MESSAGE][INFO] - Smart Wait Function is triggered

2023-11-23 14:34:20 - [MESSAGE][INFO] - Found 1 web elements with id: 'Object Repository/Page_MotifDeLaDemande_Usager/Click_Select_Value_NatureDuLienOrganismeAccueil' located by 'By.xpath: //*[@id="NATURE_ORGANISME_ACCUEIL"]/div/div[5]/div/ul/p-dropdownitem[2]/li/span' in '20' second(s)

2023-11-23 14:34:20 - [MESSAGE][INFO] - Checking object

2023-11-23 14:34:20 - [MESSAGE][INFO] - Checking timeout

2023-11-23 14:34:20 - [MESSAGE][INFO] - Finding web element from Test Object's properties

2023-11-23 14:34:20 - [MESSAGE][INFO] - Checking timeout

2023-11-23 14:34:20 - [MESSAGE][INFO] - Finding web element with id: 'Object Repository/Page_MotifDeLaDemande_Usager/Click_Select_Value_NatureDuLienOrganismeAccueil' located by 'By.xpath: //*[@id="NATURE_ORGANISME_ACCUEIL"]/div/div[5]/div/ul/p-dropdownitem[2]/li/span' in '5' second(s)

2023-11-23 14:34:20 - [MESSAGE][INFO] - Smart Wait Function is triggered

2023-11-23 14:34:20 - [MESSAGE][INFO] - Found 1 web elements with id: 'Object Repository/Page_MotifDeLaDemande_Usager/Click_Select_Value_NatureDuLienOrganismeAccueil' located by 'By.xpath: //*[@id="NATURE_ORGANISME_ACCUEIL"]/div/div[5]/div/ul/p-dropdownitem[2]/li/span' in '5' second(s)

2023-11-23 14:34:20 - [MESSAGE][INFO] - Clicking on object: 'Object Repository/Page_MotifDeLaDemande_Usager/Click_Select_Value_NatureDuLienOrganismeAccueil'

2023-11-23 14:34:22 - [MESSAGE][PASSED] - Object: 'Object Repository/Page_MotifDeLaDemande_Usager/Click_Select_Value_NatureDuLienOrganismeAccueil' is clicked on

2023-11-23 14:34:22 - [TEST_STEP][PASSED] - click(findTestObject("Object Repository/Page_DemarcheRenouvellement/btn_EnregistrerEtPoursuivre")): Object: 'Object Repository/Page_DemarcheRenouvellement/btn_EnregistrerEtPoursuivre' is clicked on

2023-11-23 14:34:22 - [MESSAGE][INFO] - Finding Test Object 'Object Repository/Page_DemarcheRenouvellement/btn_EnregistrerEtPoursuivre'

2023-11-23 14:34:22 - [MESSAGE][INFO] - Checking timeout

2023-11-23 14:34:22 - [MESSAGE][INFO] - Finding web element with id: 'Object Repository/Page_DemarcheRenouvellement/btn_EnregistrerEtPoursuivre' located by 'By.xpath: //span[text()='Enregistrer et poursuivre >']' in '20' second(s)

2023-11-23 14:34:22 - [MESSAGE][INFO] - Smart Wait Function is triggered

2023-11-23 14:34:22 - [MESSAGE][INFO] - Found 1 web elements with id: 'Object Repository/Page_DemarcheRenouvellement/btn_EnregistrerEtPoursuivre' located by 'By.xpath: //span[text()='Enregistrer et poursuivre >']' in '20' second(s)

2023-11-23 14:34:22 - [MESSAGE][INFO] - Checking object

2023-11-23 14:34:22 - [MESSAGE][INFO] - Checking timeout

2023-11-23 14:34:22 - [MESSAGE][INFO] - Finding web element from Test Object's properties

2023-11-23 14:34:22 - [MESSAGE][INFO] - Checking timeout

2023-11-23 14:34:22 - [MESSAGE][INFO] - Finding web element with id: 'Object Repository/Page_DemarcheRenouvellement/btn_EnregistrerEtPoursuivre' located by 'By.xpath: //span[text()='Enregistrer et poursuivre >']' in '5' second(s)

2023-11-23 14:34:22 - [MESSAGE][INFO] - Smart Wait Function is triggered

2023-11-23 14:34:22 - [MESSAGE][INFO] - Found 1 web elements with id: 'Object Repository/Page_DemarcheRenouvellement/btn_EnregistrerEtPoursuivre' located by 'By.xpath: //span[text()='Enregistrer et poursuivre >']' in '5' second(s)

2023-11-23 14:34:22 - [MESSAGE][INFO] - Clicking on object: 'Object Repository/Page_DemarcheRenouvellement/btn_EnregistrerEtPoursuivre'

2023-11-23 14:34:24 - [MESSAGE][PASSED] - Object: 'Object Repository/Page_DemarcheRenouvellement/btn_EnregistrerEtPoursuivre' is clicked on

2023-11-23 14:34:24 - [TEST_STEP][PASSED] - delay(2): Delayed 2 second(s)

2023-11-23 14:34:24 - [MESSAGE][INFO] - Delaying browser in 2 second(s)

2023-11-23 14:34:26 - [MESSAGE][PASSED] - Delayed 2 second(s)

2023-11-23 14:34:26 - [TEST_STEP][PASSED] - if (TypeTitreDeSejour == "FrenchTechVisaForInvestors" && Titre == "Visiteur" || Titre == "Etudiant"): null

2023-11-23 14:34:26 - [TEST_STEP][PASSED] - if (TypeTitreDeSejour == "CreateurDEntreprise" && Titre == "Visiteur" || TypeTitreDeSejour == "CreateurDEntreprise" && Titre == "Etudiant"): null

2023-11-23 14:34:26 - [TEST_STEP][PASSED] - if (TypeTitreDeSejour == "FrenchTechVisaForFounders" && Titre == "Etudiant" || TypeTitreDeSejour == "FrenchTechVisaForFounders" && Titre == "Visiteur"): null

2023-11-23 14:34:26 - [TEST_STEP][PASSED] - if (TypeTitreDeSejour == "MandataireSocial" && Titre == "Etudiant" || TypeTitreDeSejour == "MandataireSocial" && Titre == "Visiteur"): null

2023-11-23 14:34:26 - [TEST_STEP][PASSED] - if (TypeTitreDeSejour == "ArtisteNonSalarie" && Titre == "Etudiant" || TypeTitreDeSejour == "ArtisteNonSalarie" && Titre == "Visiteur"): null

2023-11-23 14:34:26 - [TEST_STEP][PASSED] - if (TypeTitreDeSejour == "ArtisteSalarie" && Titre == "Etudiant" || TypeTitreDeSejour == "ArtisteSalarie" && Titre == "Visiteur"): null

2023-11-23 14:34:26 - [TEST_STEP][PASSED] - if (TypeTitreDeSejour == "MembreDeFamillePasseportTalent_Conjoint" && Titre == "Etudiant" || TypeTitreDeSejour == "MembreDeFamillePasseportTalent_Conjoint" && Titre == "Visiteur"): null

2023-11-23 14:34:26 - [MESSAGE][PASSED] - Call Test Case 'Test Cases/Test Reutilisable/DemandeOuRenouvelle_TitreSejour/FormulaireMotifDeLaDemande' successfully

2023-11-23 14:34:26 - [TEST_STEP][PASSED] - if (TypeTitreDeSejour == "RenouvellementDeTitreSejour" || TypeTitreDeSejour == "Visiteur" && Titre == "Etudiant" || Titre == "Visiteur"): null

2023-11-23 14:34:26 - [TEST_STEP][PASSED] - callTestCase(findTestCase("Test Reutilisable/DemandeOuRenouvelle_TitreSejour/FormulaireJustificatifs"), ["TypeTitreDeSejour":TypeTitreDeSejour, "Titre":Titre, "NumEphoto":NumEphoto], STOP_ON_FAILURE): Call Test Case 'Test Cases/Test Reutilisable/DemandeOuRenouvelle_TitreSejour/FormulaireJustificatifs' successfully

2023-11-23 14:34:26 - [MESSAGE][INFO] - Checking called Test Case

2023-11-23 14:34:26 - [MESSAGE][INFO] - Starting to call Test Case 'Test Cases/Test Reutilisable/DemandeOuRenouvelle_TitreSejour/FormulaireJustificatifs'

2023-11-23 14:34:26 - [TEST_CASE][PASSED] - Test Cases/Test Reutilisable/DemandeOuRenouvelle_TitreSejour/FormulaireJustificatifs: Test Cases/Test Reutilisable/DemandeOuRenouvelle_TitreSejour/FormulaireJustificatifs

2023-11-23 14:34:28 - [TEST_STEP][PASSED] - com.kazurayam.ksbackyard.HighlightElement.pandemic(): com.kazurayam.ksbackyard.HighlightElement.pandemic is PASSED

2023-11-23 14:34:28 - [MESSAGE][PASSED] - com.kazurayam.ksbackyard.HighlightElement.pandemic is PASSED

2023-11-23 14:34:28 - [TEST_STEP][PASSED] - RunBrowserConfiguration = getExecutionProperties(): null

2023-11-23 14:34:28 - [TEST_STEP][PASSED] - DriverName = DriverName: null

2023-11-23 14:34:28 - [TEST_STEP][PASSED] - driver = getWebDriver(): null

2023-11-23 14:34:28 - [TEST_STEP][PASSED] - wrappedDriver = driver.getWrappedDriver(): null

2023-11-23 14:34:28 - [TEST_STEP][PASSED] - out.println(wrappedDriver.getClass()): null

2023-11-23 14:34:28 - [TEST_STEP][PASSED] - if (class == com.kms.katalon.selenium.driver.CRemoteWebDriver): null

2023-11-23 14:34:28 - [TEST_STEP][PASSED] - SpecificDownloadDirectory = "": null

2023-11-23 14:34:28 - [TEST_STEP][PASSED] - if (DriverName == "FIREFOX_DRIVER"): null

2023-11-23 14:34:28 - [TEST_STEP][PASSED] - else if (class == "CRemoteWebDriver"): null

2023-11-23 14:34:28 - [TEST_STEP][PASSED] - else: null

2023-11-23 14:34:28 - [TEST_STEP][PASSED] - SpecificDownloadDirectory = getProjectDir() + "/Data Files": null

2023-11-23 14:34:28 - [TEST_STEP][PASSED] - println("SpecificDownloadDirectory : " + SpecificDownloadDirectory): null

2023-11-23 14:34:28 - [TEST_STEP][PASSED] - if (TypeTitreDeSejour == "RenouvellementDeTitreSejour" && Titre == "Etudiant"): null

2023-11-23 14:34:28 - [TEST_STEP][PASSED] - if (TypeTitreDeSejour == "RenouvellementDeTitreSejour" && Titre == "Visiteur" || TypeTitreDeSejour == "Visiteur" && Titre == "Etudiant"): null

2023-11-23 14:34:28 - [TEST_STEP][PASSED] - println("TypeTitreDeSejour :" + TypeTitreDeSejour): null

2023-11-23 14:34:28 - [TEST_STEP][PASSED] - if (TypeTitreDeSejour == "TS-PT-CarteBleueEuropeenne" || TypeTitreDeSejour == "TS-PT-SalarieEnMission"): null

2023-11-23 14:34:28 - [TEST_STEP][PASSED] - if (TypeTitreDeSejour == "TS-PT-SalarieQualifie" || TypeTitreDeSejour == "TS-PT-SalarieEntrepriseInnovante" || TypeTitreDeSejour == "ChercheurEtChercheurEnMobilite"): Object: 'Object Repository/Page_DemarcheRenouvellement/btn_EnregistrerEtPoursuivre' is clicked on

2023-11-23 14:34:28 - [TEST_STEP][PASSED] - uploadFile(findTestObject("Object Repository/Page_Justificatifs_Usager/Btn_ChoisirFichier_TitreSejourValide"), SpecificDownloadDirectory + "/EtatCivil.pdf"): File 'C:/Users/ISSAM.RHARBAOUI/git/22_11/ANEF-AutomatizationProject/Data Files/EtatCivil.pdf' sent to object: 'Object Repository/Page_Justificatifs_Usager/Btn_ChoisirFichier_TitreSejourValide'

2023-11-23 14:34:28 - [MESSAGE][INFO] - Finding Test Object 'Object Repository/Page_Justificatifs_Usager/Btn_ChoisirFichier_TitreSejourValide'

2023-11-23 14:34:28 - [MESSAGE][INFO] - Checking object

2023-11-23 14:34:28 - [MESSAGE][INFO] - Uploading file 'C:/Users/ISSAM.RHARBAOUI/git/22_11/ANEF-AutomatizationProject/Data Files/EtatCivil.pdf' to object: 'Object Repository/Page_Justificatifs_Usager/Btn_ChoisirFichier_TitreSejourValide'

2023-11-23 14:34:28 - [MESSAGE][INFO] - Finding web element from Test Object's properties

2023-11-23 14:34:28 - [MESSAGE][INFO] - Checking timeout

2023-11-23 14:34:28 - [MESSAGE][INFO] - Finding web element with id: 'Object Repository/Page_Justificatifs_Usager/Btn_ChoisirFichier_TitreSejourValide' located by 'By.xpath: //app-justificatifs-visiteur//app-justificatif-titre-sejour//app-pieces-jointes//span[1]/input|//app-justificatifs-ptsq//app-justificatif-titre-sejour//app-pieces-jointes//span[1]/input|//app-justificatifs/div[2]/div/p-accordion/div/p-accordiontab[1]/div[2]/div/div[1]/div/app-pieces-jointes[1]/div/span[1]/input|//div/div/div/app-justificatif-titre-sejour/div/app-pieces-jointes/div/span[1]/input
' in '5' second(s)

2023-11-23 14:34:28 - [MESSAGE][INFO] - Smart Wait Function is triggered

2023-11-23 14:34:28 - [MESSAGE][INFO] - Found 1 web elements with id: 'Object Repository/Page_Justificatifs_Usager/Btn_ChoisirFichier_TitreSejourValide' located by 'By.xpath: //app-justificatifs-visiteur//app-justificatif-titre-sejour//app-pieces-jointes//span[1]/input|//app-justificatifs-ptsq//app-justificatif-titre-sejour//app-pieces-jointes//span[1]/input|//app-justificatifs/div[2]/div/p-accordion/div/p-accordiontab[1]/div[2]/div/div[1]/div/app-pieces-jointes[1]/div/span[1]/input|//div/div/div/app-justificatif-titre-sejour/div/app-pieces-jointes/div/span[1]/input
' in '5' second(s)

2023-11-23 14:34:30 - [MESSAGE][PASSED] - File 'C:/Users/ISSAM.RHARBAOUI/git/22_11/ANEF-AutomatizationProject/Data Files/EtatCivil.pdf' sent to object: 'Object Repository/Page_Justificatifs_Usager/Btn_ChoisirFichier_TitreSejourValide'

2023-11-23 14:34:30 - [TEST_STEP][PASSED] - delay(5): Delayed 5 second(s)

2023-11-23 14:34:30 - [MESSAGE][INFO] - Delaying browser in 5 second(s)

2023-11-23 14:34:35 - [MESSAGE][PASSED] - Delayed 5 second(s)

2023-11-23 14:34:35 - [TEST_STEP][PASSED] - uploadFile(findTestObject("Object Repository/Page_Justificatifs_Usager/Btn_ChoisirFichier_Passeport"), SpecificDownloadDirectory + "/Passeport.pdf"): File 'C:/Users/ISSAM.RHARBAOUI/git/22_11/ANEF-AutomatizationProject/Data Files/Passeport.pdf' sent to object: 'Object Repository/Page_Justificatifs_Usager/Btn_ChoisirFichier_Passeport'

2023-11-23 14:34:35 - [MESSAGE][INFO] - Finding Test Object 'Object Repository/Page_Justificatifs_Usager/Btn_ChoisirFichier_Passeport'

2023-11-23 14:34:35 - [MESSAGE][INFO] - Checking object

2023-11-23 14:34:35 - [MESSAGE][INFO] - Uploading file 'C:/Users/ISSAM.RHARBAOUI/git/22_11/ANEF-AutomatizationProject/Data Files/Passeport.pdf' to object: 'Object Repository/Page_Justificatifs_Usager/Btn_ChoisirFichier_Passeport'

2023-11-23 14:34:35 - [MESSAGE][INFO] - Finding web element from Test Object's properties

2023-11-23 14:34:35 - [MESSAGE][INFO] - Checking timeout

2023-11-23 14:34:35 - [MESSAGE][INFO] - Finding web element with id: 'Object Repository/Page_Justificatifs_Usager/Btn_ChoisirFichier_Passeport' located by 'By.xpath: //app-justificatifs-visiteur//app-justificatif-passeport//app-pieces-jointes//span[1]/input|//app-justificatifs-ptsq//app-justificatif-passeport//app-pieces-jointes//span[1]/input|//app-justificatifs/div[2]/div/p-accordion/div/p-accordiontab[1]/div[2]/div/div[1]/div/app-pieces-jointes[2]/div/span[1]/input|//div/div/app-justificatif-passeport/div/app-pieces-jointes/div/span[1]/input' in '5' second(s)

2023-11-23 14:34:35 - [MESSAGE][INFO] - Smart Wait Function is triggered

2023-11-23 14:34:35 - [MESSAGE][INFO] - Found 1 web elements with id: 'Object Repository/Page_Justificatifs_Usager/Btn_ChoisirFichier_Passeport' located by 'By.xpath: //app-justificatifs-visiteur//app-justificatif-passeport//app-pieces-jointes//span[1]/input|//app-justificatifs-ptsq//app-justificatif-passeport//app-pieces-jointes//span[1]/input|//app-justificatifs/div[2]/div/p-accordion/div/p-accordiontab[1]/div[2]/div/div[1]/div/app-pieces-jointes[2]/div/span[1]/input|//div/div/app-justificatif-passeport/div/app-pieces-jointes/div/span[1]/input' in '5' second(s)

2023-11-23 14:34:37 - [MESSAGE][PASSED] - File 'C:/Users/ISSAM.RHARBAOUI/git/22_11/ANEF-AutomatizationProject/Data Files/Passeport.pdf' sent to object: 'Object Repository/Page_Justificatifs_Usager/Btn_ChoisirFichier_Passeport'

2023-11-23 14:34:37 - [TEST_STEP][PASSED] - delay(5): Delayed 5 second(s)

2023-11-23 14:34:37 - [MESSAGE][INFO] - Delaying browser in 5 second(s)

2023-11-23 14:34:42 - [MESSAGE][PASSED] - Delayed 5 second(s)

2023-11-23 14:34:42 - [TEST_STEP][PASSED] - setText(findTestObject("Object Repository/Page_Justificatifs_Usager/Input_Numero_Ephoto"), NumEphoto): Text '1PMTYE991215114515JY05' is set on object 'Object Repository/Page_Justificatifs_Usager/Input_Numero_Ephoto'

2023-11-23 14:34:42 - [MESSAGE][INFO] - Finding Test Object 'Object Repository/Page_Justificatifs_Usager/Input_Numero_Ephoto'

2023-11-23 14:34:42 - [MESSAGE][INFO] - Checking timeout

2023-11-23 14:34:42 - [MESSAGE][INFO] - Finding web element with id: 'Object Repository/Page_Justificatifs_Usager/Input_Numero_Ephoto' located by 'By.xpath: //*[@aria-labelledby="PHOTO_NUMBER-label" and @type ="text"]|//*[@aria-labelledby="PHOTO_IDENTITE-label" and @type ="text"]' in '20' second(s)

2023-11-23 14:34:42 - [MESSAGE][INFO] - Smart Wait Function is triggered

2023-11-23 14:34:42 - [MESSAGE][INFO] - Found 1 web elements with id: 'Object Repository/Page_Justificatifs_Usager/Input_Numero_Ephoto' located by 'By.xpath: //*[@aria-labelledby="PHOTO_NUMBER-label" and @type ="text"]|//*[@aria-labelledby="PHOTO_IDENTITE-label" and @type ="text"]' in '20' second(s)

2023-11-23 14:34:42 - [MESSAGE][INFO] - Checking object

2023-11-23 14:34:42 - [MESSAGE][INFO] - Checking text

2023-11-23 14:34:42 - [MESSAGE][INFO] - Finding web element from Test Object's properties

2023-11-23 14:34:42 - [MESSAGE][INFO] - Checking timeout

2023-11-23 14:34:42 - [MESSAGE][INFO] - Finding web element with id: 'Object Repository/Page_Justificatifs_Usager/Input_Numero_Ephoto' located by 'By.xpath: //*[@aria-labelledby="PHOTO_NUMBER-label" and @type ="text"]|//*[@aria-labelledby="PHOTO_IDENTITE-label" and @type ="text"]' in '5' second(s)

2023-11-23 14:34:42 - [MESSAGE][INFO] - Smart Wait Function is triggered

2023-11-23 14:34:43 - [MESSAGE][INFO] - Found 1 web elements with id: 'Object Repository/Page_Justificatifs_Usager/Input_Numero_Ephoto' located by 'By.xpath: //*[@aria-labelledby="PHOTO_NUMBER-label" and @type ="text"]|//*[@aria-labelledby="PHOTO_IDENTITE-label" and @type ="text"]' in '5' second(s)

2023-11-23 14:34:43 - [MESSAGE][INFO] - Clearing text of object 'Object Repository/Page_Justificatifs_Usager/Input_Numero_Ephoto'

2023-11-23 14:34:45 - [MESSAGE][INFO] - Finding web element from Test Object's properties

2023-11-23 14:34:45 - [MESSAGE][INFO] - Checking timeout

2023-11-23 14:34:45 - [MESSAGE][INFO] - Finding web element with id: 'Object Repository/Page_Justificatifs_Usager/Input_Numero_Ephoto' located by 'By.xpath: //*[@aria-labelledby="PHOTO_NUMBER-label" and @type ="text"]|//*[@aria-labelledby="PHOTO_IDENTITE-label" and @type ="text"]' in '5' second(s)

2023-11-23 14:34:45 - [MESSAGE][INFO] - Smart Wait Function is triggered

2023-11-23 14:34:45 - [MESSAGE][INFO] - Found 1 web elements with id: 'Object Repository/Page_Justificatifs_Usager/Input_Numero_Ephoto' located by 'By.xpath: //*[@aria-labelledby="PHOTO_NUMBER-label" and @type ="text"]|//*[@aria-labelledby="PHOTO_IDENTITE-label" and @type ="text"]' in '5' second(s)

2023-11-23 14:34:45 - [MESSAGE][INFO] - Setting text of object 'Object Repository/Page_Justificatifs_Usager/Input_Numero_Ephoto' to value '1PMTYE991215114515JY05'

2023-11-23 14:34:47 - [MESSAGE][PASSED] - Text '1PMTYE991215114515JY05' is set on object 'Object Repository/Page_Justificatifs_Usager/Input_Numero_Ephoto'

2023-11-23 14:34:47 - [TEST_STEP][PASSED] - click(findTestObject("Object Repository/Page_Justificatifs_Usager/Btn_ConfirmerNumeroEphoto")): Object: 'Object Repository/Page_Justificatifs_Usager/Btn_ConfirmerNumeroEphoto' is clicked on

2023-11-23 14:34:47 - [MESSAGE][INFO] - Finding Test Object 'Object Repository/Page_Justificatifs_Usager/Btn_ConfirmerNumeroEphoto'

2023-11-23 14:34:47 - [MESSAGE][INFO] - Checking timeout

2023-11-23 14:34:47 - [MESSAGE][INFO] - Finding web element with id: 'Object Repository/Page_Justificatifs_Usager/Btn_ConfirmerNumeroEphoto' located by 'By.xpath: //div/app-e-photo//div/button/span|//app-justificatifs/div[2]/div/p-accordion/div/p-accordiontab[1]/div[2]/div/div[1]/div/button/span' in '20' second(s)

2023-11-23 14:34:47 - [MESSAGE][INFO] - Smart Wait Function is triggered

2023-11-23 14:34:47 - [MESSAGE][INFO] - Found 1 web elements with id: 'Object Repository/Page_Justificatifs_Usager/Btn_ConfirmerNumeroEphoto' located by 'By.xpath: //div/app-e-photo//div/button/span|//app-justificatifs/div[2]/div/p-accordion/div/p-accordiontab[1]/div[2]/div/div[1]/div/button/span' in '20' second(s)

2023-11-23 14:34:47 - [MESSAGE][INFO] - Checking object

2023-11-23 14:34:47 - [MESSAGE][INFO] - Checking timeout

2023-11-23 14:34:47 - [MESSAGE][INFO] - Finding web element from Test Object's properties

2023-11-23 14:34:47 - [MESSAGE][INFO] - Checking timeout

2023-11-23 14:34:47 - [MESSAGE][INFO] - Finding web element with id: 'Object Repository/Page_Justificatifs_Usager/Btn_ConfirmerNumeroEphoto' located by 'By.xpath: //div/app-e-photo//div/button/span|//app-justificatifs/div[2]/div/p-accordion/div/p-accordiontab[1]/div[2]/div/div[1]/div/button/span' in '5' second(s)

2023-11-23 14:34:47 - [MESSAGE][INFO] - Smart Wait Function is triggered

2023-11-23 14:34:47 - [MESSAGE][INFO] - Found 1 web elements with id: 'Object Repository/Page_Justificatifs_Usager/Btn_ConfirmerNumeroEphoto' located by 'By.xpath: //div/app-e-photo//div/button/span|//app-justificatifs/div[2]/div/p-accordion/div/p-accordiontab[1]/div[2]/div/div[1]/div/button/span' in '5' second(s)

2023-11-23 14:34:47 - [MESSAGE][INFO] - Clicking on object: 'Object Repository/Page_Justificatifs_Usager/Btn_ConfirmerNumeroEphoto'

2023-11-23 14:34:49 - [MESSAGE][PASSED] - Object: 'Object Repository/Page_Justificatifs_Usager/Btn_ConfirmerNumeroEphoto' is clicked on

2023-11-23 14:34:49 - [TEST_STEP][PASSED] - delay(5): Delayed 5 second(s)

2023-11-23 14:34:49 - [MESSAGE][INFO] - Delaying browser in 5 second(s)

2023-11-23 14:34:54 - [MESSAGE][PASSED] - Delayed 5 second(s)

2023-11-23 14:34:54 - [TEST_STEP][PASSED] - uploadFile(findTestObject("Object Repository/Page_Justificatifs_Usager/Btn_ChoisirFichier_Domiciliation"), SpecificDownloadDirectory + "/Domiciliation.pdf"): File 'C:/Users/ISSAM.RHARBAOUI/git/22_11/ANEF-AutomatizationProject/Data Files/Domiciliation.pdf' sent to object: 'Object Repository/Page_Justificatifs_Usager/Btn_ChoisirFichier_Domiciliation'

2023-11-23 14:34:54 - [MESSAGE][INFO] - Finding Test Object 'Object Repository/Page_Justificatifs_Usager/Btn_ChoisirFichier_Domiciliation'

2023-11-23 14:34:54 - [MESSAGE][INFO] - Checking object

2023-11-23 14:34:54 - [MESSAGE][INFO] - Uploading file 'C:/Users/ISSAM.RHARBAOUI/git/22_11/ANEF-AutomatizationProject/Data Files/Domiciliation.pdf' to object: 'Object Repository/Page_Justificatifs_Usager/Btn_ChoisirFichier_Domiciliation'

2023-11-23 14:34:54 - [MESSAGE][INFO] - Finding web element from Test Object's properties

2023-11-23 14:34:54 - [MESSAGE][INFO] - Checking timeout

2023-11-23 14:34:54 - [MESSAGE][INFO] - Finding web element with id: 'Object Repository/Page_Justificatifs_Usager/Btn_ChoisirFichier_Domiciliation' located by 'By.xpath: //app-justificatifs-visiteur//app-justificatifs-domiciliation//app-pieces-jointes//span[1]/input|//app-justificatifs-ptsq//app-justificatifs-domiciliation//app-pieces-jointes//span[1]/input|//app-justificatifs/div[2]/div/p-accordion/div/p-accordiontab[1]/div[2]/div/div[2]/div/app-pieces-jointes/div/span[1]/input|//div/app-justificatifs-domiciliation/div/div/app-pieces-jointes/div/span[1]/input' in '5' second(s)

2023-11-23 14:34:54 - [MESSAGE][INFO] - Smart Wait Function is triggered

2023-11-23 14:34:54 - [MESSAGE][INFO] - Found 2 web elements with id: 'Object Repository/Page_Justificatifs_Usager/Btn_ChoisirFichier_Domiciliation' located by 'By.xpath: //app-justificatifs-visiteur//app-justificatifs-domiciliation//app-pieces-jointes//span[1]/input|//app-justificatifs-ptsq//app-justificatifs-domiciliation//app-pieces-jointes//span[1]/input|//app-justificatifs/div[2]/div/p-accordion/div/p-accordiontab[1]/div[2]/div/div[2]/div/app-pieces-jointes/div/span[1]/input|//div/app-justificatifs-domiciliation/div/div/app-pieces-jointes/div/span[1]/input' in '5' second(s)

2023-11-23 14:34:56 - [MESSAGE][PASSED] - File 'C:/Users/ISSAM.RHARBAOUI/git/22_11/ANEF-AutomatizationProject/Data Files/Domiciliation.pdf' sent to object: 'Object Repository/Page_Justificatifs_Usager/Btn_ChoisirFichier_Domiciliation'

2023-11-23 14:34:56 - [TEST_STEP][PASSED] - delay(5): Delayed 5 second(s)

2023-11-23 14:34:56 - [MESSAGE][INFO] - Delaying browser in 5 second(s)

2023-11-23 14:35:01 - [MESSAGE][PASSED] - Delayed 5 second(s)

2023-11-23 14:35:01 - [TEST_STEP][PASSED] - uploadFile(findTestObject("Object Repository/Page_Justificatifs_Usager/Btn_ChoisirFichier_DiplomeObtenuEnFrance"), SpecificDownloadDirectory + "/DiplomeObtenuEnFrance.pdf"): File 'C:/Users/ISSAM.RHARBAOUI/git/22_11/ANEF-AutomatizationProject/Data Files/DiplomeObtenuEnFrance.pdf' sent to object: 'Object Repository/Page_Justificatifs_Usager/Btn_ChoisirFichier_DiplomeObtenuEnFrance'

2023-11-23 14:35:01 - [MESSAGE][INFO] - Finding Test Object 'Object Repository/Page_Justificatifs_Usager/Btn_ChoisirFichier_DiplomeObtenuEnFrance'

2023-11-23 14:35:01 - [MESSAGE][INFO] - Checking object

2023-11-23 14:35:01 - [MESSAGE][INFO] - Uploading file 'C:/Users/ISSAM.RHARBAOUI/git/22_11/ANEF-AutomatizationProject/Data Files/DiplomeObtenuEnFrance.pdf' to object: 'Object Repository/Page_Justificatifs_Usager/Btn_ChoisirFichier_DiplomeObtenuEnFrance'

2023-11-23 14:35:01 - [MESSAGE][INFO] - Finding web element from Test Object's properties

2023-11-23 14:35:01 - [MESSAGE][INFO] - Checking timeout

2023-11-23 14:35:01 - [MESSAGE][INFO] - Finding web element with id: 'Object Repository/Page_Justificatifs_Usager/Btn_ChoisirFichier_DiplomeObtenuEnFrance' located by 'By.xpath: //app-justificatifs-visiteur//p-accordiontab[2]//div[2]/app-pieces-jointes//span[1]/input|//app-justificatifs-ptsq//p-accordiontab[2]//div[2]/app-pieces-jointes//span[1]/input|//app-justificatifs/div[2]/div/p-accordion/div/p-accordiontab[2]/div[2]/div/app-pieces-jointes[3]/div/span[1]/input|//div/div/app-justificatif-diplome-chercheur/div/app-pieces-jointes/div/span[1]/input
' in '5' second(s)

2023-11-23 14:35:01 - [MESSAGE][INFO] - Smart Wait Function is triggered

2023-11-23 14:35:02 - [MESSAGE][INFO] - Found 1 web elements with id: 'Object Repository/Page_Justificatifs_Usager/Btn_ChoisirFichier_DiplomeObtenuEnFrance' located by 'By.xpath: //app-justificatifs-visiteur//p-accordiontab[2]//div[2]/app-pieces-jointes//span[1]/input|//app-justificatifs-ptsq//p-accordiontab[2]//div[2]/app-pieces-jointes//span[1]/input|//app-justificatifs/div[2]/div/p-accordion/div/p-accordiontab[2]/div[2]/div/app-pieces-jointes[3]/div/span[1]/input|//div/div/app-justificatif-diplome-chercheur/div/app-pieces-jointes/div/span[1]/input
' in '5' second(s)

2023-11-23 14:35:04 - [MESSAGE][PASSED] - File 'C:/Users/ISSAM.RHARBAOUI/git/22_11/ANEF-AutomatizationProject/Data Files/DiplomeObtenuEnFrance.pdf' sent to object: 'Object Repository/Page_Justificatifs_Usager/Btn_ChoisirFichier_DiplomeObtenuEnFrance'

2023-11-23 14:35:04 - [TEST_STEP][PASSED] - delay(5): Delayed 5 second(s)

2023-11-23 14:35:04 - [MESSAGE][INFO] - Delaying browser in 5 second(s)

2023-11-23 14:35:09 - [MESSAGE][PASSED] - Delayed 5 second(s)

2023-11-23 14:35:09 - [TEST_STEP][PASSED] - uploadFile(findTestObject("Object Repository/Page_Justificatifs_Usager/Btn_ChoisirFichier_AttestationDEmployeur"), SpecificDownloadDirectory + "/AttestationEmployeur.pdf"): File 'C:/Users/ISSAM.RHARBAOUI/git/22_11/ANEF-AutomatizationProject/Data Files/AttestationEmployeur.pdf' sent to object: 'Object Repository/Page_Justificatifs_Usager/Btn_ChoisirFichier_AttestationDEmployeur'

2023-11-23 14:35:09 - [MESSAGE][INFO] - Finding Test Object 'Object Repository/Page_Justificatifs_Usager/Btn_ChoisirFichier_AttestationDEmployeur'

2023-11-23 14:35:09 - [MESSAGE][INFO] - Checking object

2023-11-23 14:35:09 - [MESSAGE][INFO] - Uploading file 'C:/Users/ISSAM.RHARBAOUI/git/22_11/ANEF-AutomatizationProject/Data Files/AttestationEmployeur.pdf' to object: 'Object Repository/Page_Justificatifs_Usager/Btn_ChoisirFichier_AttestationDEmployeur'

2023-11-23 14:35:09 - [MESSAGE][INFO] - Finding web element from Test Object's properties

2023-11-23 14:35:09 - [MESSAGE][INFO] - Checking timeout

2023-11-23 14:35:09 - [MESSAGE][INFO] - Finding web element with id: 'Object Repository/Page_Justificatifs_Usager/Btn_ChoisirFichier_AttestationDEmployeur' located by 'By.xpath: //app-justificatifs-visiteur//p-accordiontab[2]//div[1]/app-pieces-jointes//span[1]/input|//app-justificatifs-ptsq//p-accordiontab[2]//div[1]/app-pieces-jointes//span[1]/input|//div/div/app-justificatif-organisme-recherche/div/app-pieces-jointes/div/span[1]/input|//div/div[14]/app-justificatifs-motif-sejour/div/app-pieces-jointes/div/span[1]/input' in '5' second(s)

2023-11-23 14:35:09 - [MESSAGE][INFO] - Smart Wait Function is triggered

2023-11-23 14:35:09 - [MESSAGE][INFO] - Found 1 web elements with id: 'Object Repository/Page_Justificatifs_Usager/Btn_ChoisirFichier_AttestationDEmployeur' located by 'By.xpath: //app-justificatifs-visiteur//p-accordiontab[2]//div[1]/app-pieces-jointes//span[1]/input|//app-justificatifs-ptsq//p-accordiontab[2]//div[1]/app-pieces-jointes//span[1]/input|//div/div/app-justificatif-organisme-recherche/div/app-pieces-jointes/div/span[1]/input|//div/div[14]/app-justificatifs-motif-sejour/div/app-pieces-jointes/div/span[1]/input' in '5' second(s)

2023-11-23 14:35:11 - [MESSAGE][PASSED] - File 'C:/Users/ISSAM.RHARBAOUI/git/22_11/ANEF-AutomatizationProject/Data Files/AttestationEmployeur.pdf' sent to object: 'Object Repository/Page_Justificatifs_Usager/Btn_ChoisirFichier_AttestationDEmployeur'

2023-11-23 14:35:11 - [TEST_STEP][PASSED] - delay(5): Delayed 5 second(s)

2023-11-23 14:35:11 - [MESSAGE][INFO] - Delaying browser in 5 second(s)

2023-11-23 14:35:16 - [MESSAGE][PASSED] - Delayed 5 second(s)

2023-11-23 14:35:16 - [TEST_STEP][PASSED] - click(findTestObject("Object Repository/Page_DemarcheRenouvellement/btn_EnregistrerEtPoursuivre")): Object: 'Object Repository/Page_DemarcheRenouvellement/btn_EnregistrerEtPoursuivre' is clicked on

2023-11-23 14:35:16 - [MESSAGE][INFO] - Finding Test Object 'Object Repository/Page_DemarcheRenouvellement/btn_EnregistrerEtPoursuivre'

2023-11-23 14:35:16 - [MESSAGE][INFO] - Checking timeout

2023-11-23 14:35:16 - [MESSAGE][INFO] - Finding web element with id: 'Object Repository/Page_DemarcheRenouvellement/btn_EnregistrerEtPoursuivre' located by 'By.xpath: //span[text()='Enregistrer et poursuivre >']' in '20' second(s)

2023-11-23 14:35:16 - [MESSAGE][INFO] - Smart Wait Function is triggered

2023-11-23 14:35:16 - [MESSAGE][INFO] - Found 1 web elements with id: 'Object Repository/Page_DemarcheRenouvellement/btn_EnregistrerEtPoursuivre' located by 'By.xpath: //span[text()='Enregistrer et poursuivre >']' in '20' second(s)

2023-11-23 14:35:16 - [MESSAGE][INFO] - Checking object

2023-11-23 14:35:16 - [MESSAGE][INFO] - Checking timeout

2023-11-23 14:35:16 - [MESSAGE][INFO] - Finding web element from Test Object's properties

2023-11-23 14:35:16 - [MESSAGE][INFO] - Checking timeout

2023-11-23 14:35:16 - [MESSAGE][INFO] - Finding web element with id: 'Object Repository/Page_DemarcheRenouvellement/btn_EnregistrerEtPoursuivre' located by 'By.xpath: //span[text()='Enregistrer et poursuivre >']' in '5' second(s)

2023-11-23 14:35:16 - [MESSAGE][INFO] - Smart Wait Function is triggered

2023-11-23 14:35:16 - [MESSAGE][INFO] - Found 1 web elements with id: 'Object Repository/Page_DemarcheRenouvellement/btn_EnregistrerEtPoursuivre' located by 'By.xpath: //span[text()='Enregistrer et poursuivre >']' in '5' second(s)

2023-11-23 14:35:16 - [MESSAGE][INFO] - Clicking on object: 'Object Repository/Page_DemarcheRenouvellement/btn_EnregistrerEtPoursuivre'

2023-11-23 14:35:18 - [MESSAGE][PASSED] - Object: 'Object Repository/Page_DemarcheRenouvellement/btn_EnregistrerEtPoursuivre' is clicked on

2023-11-23 14:35:18 - [TEST_STEP][PASSED] - if (TypeTitreDeSejour == "FrenchTechVisaForInvestors" || TypeTitreDeSejour == "CreateurDEntreprise"): null

2023-11-23 14:35:18 - [TEST_STEP][PASSED] - if (TypeTitreDeSejour == "CreateurDEntreprise" || TypeTitreDeSejour == "FrenchTechVisaForFounders"): null

2023-11-23 14:35:18 - [TEST_STEP][PASSED] - if (TypeTitreDeSejour == "MandataireSocial"): null

2023-11-23 14:35:18 - [TEST_STEP][PASSED] - if (TypeTitreDeSejour == "ArtisteNonSalarie" || TypeTitreDeSejour == "ArtisteSalarie"): null

2023-11-23 14:35:18 - [TEST_STEP][PASSED] - if (TypeTitreDeSejour == "MembreDeFamillePasseportTalent_Conjoint"): null

2023-11-23 14:35:18 - [MESSAGE][PASSED] - Call Test Case 'Test Cases/Test Reutilisable/DemandeOuRenouvelle_TitreSejour/FormulaireJustificatifs' successfully

2023-11-23 14:35:18 - [TEST_STEP][PASSED] - callTestCase(findTestCase("Test Reutilisable/DemandeOuRenouvelle_TitreSejour/FormulaireRecapitulatif"), ["Titre":Titre, "TypeTitreDeSejour":TypeTitreDeSejour], STOP_ON_FAILURE): Call Test Case 'Test Cases/Test Reutilisable/DemandeOuRenouvelle_TitreSejour/FormulaireRecapitulatif' successfully

2023-11-23 14:35:18 - [MESSAGE][INFO] - Checking called Test Case

2023-11-23 14:35:18 - [MESSAGE][INFO] - Starting to call Test Case 'Test Cases/Test Reutilisable/DemandeOuRenouvelle_TitreSejour/FormulaireRecapitulatif'

2023-11-23 14:35:18 - [TEST_CASE][PASSED] - Test Cases/Test Reutilisable/DemandeOuRenouvelle_TitreSejour/FormulaireRecapitulatif: Test Cases/Test Reutilisable/DemandeOuRenouvelle_TitreSejour/FormulaireRecapitulatif

2023-11-23 14:35:19 - [TEST_STEP][PASSED] - com.kazurayam.ksbackyard.HighlightElement.pandemic(): com.kazurayam.ksbackyard.HighlightElement.pandemic is PASSED

2023-11-23 14:35:19 - [MESSAGE][PASSED] - com.kazurayam.ksbackyard.HighlightElement.pandemic is PASSED

2023-11-23 14:35:19 - [TEST_STEP][PASSED] - delay(5): Delayed 5 second(s)

2023-11-23 14:35:19 - [MESSAGE][INFO] - Delaying browser in 5 second(s)

2023-11-23 14:35:24 - [MESSAGE][PASSED] - Delayed 5 second(s)

2023-11-23 14:35:24 - [TEST_STEP][PASSED] - if (TypeTitreDeSejour == "RenouvellementDeTitreSejour" || TypeTitreDeSejour == "Visiteur" && Titre == "Visiteur" || Titre == "Etudiant"): null

2023-11-23 14:35:24 - [TEST_STEP][PASSED] - else: Delayed 30 second(s)

2023-11-23 14:35:24 - [TEST_STEP][PASSED] - click(findTestObject("Object Repository/Page_Recapitulatif_Usager/Btn_ValiderEtVerifierLaSuiteDeMaSaisie_1sur4")): Object: 'Object Repository/Page_Recapitulatif_Usager/Btn_ValiderEtVerifierLaSuiteDeMaSaisie_1sur4' is clicked on

2023-11-23 14:35:24 - [MESSAGE][INFO] - Finding Test Object 'Object Repository/Page_Recapitulatif_Usager/Btn_ValiderEtVerifierLaSuiteDeMaSaisie_1sur4'

2023-11-23 14:35:24 - [MESSAGE][INFO] - Checking timeout

2023-11-23 14:35:24 - [MESSAGE][INFO] - Finding web element with id: 'Object Repository/Page_Recapitulatif_Usager/Btn_ValiderEtVerifierLaSuiteDeMaSaisie_1sur4' located by 'By.xpath: //div[2]/div/p-accordion/div/p-accordiontab[1]/div[2]/div/app-actions-bar/div/div[2]/button/span' in '20' second(s)

2023-11-23 14:35:24 - [MESSAGE][INFO] - Smart Wait Function is triggered

2023-11-23 14:35:24 - [MESSAGE][INFO] - Found 1 web elements with id: 'Object Repository/Page_Recapitulatif_Usager/Btn_ValiderEtVerifierLaSuiteDeMaSaisie_1sur4' located by 'By.xpath: //div[2]/div/p-accordion/div/p-accordiontab[1]/div[2]/div/app-actions-bar/div/div[2]/button/span' in '20' second(s)

2023-11-23 14:35:24 - [MESSAGE][INFO] - Checking object

2023-11-23 14:35:24 - [MESSAGE][INFO] - Checking timeout

2023-11-23 14:35:24 - [MESSAGE][INFO] - Finding web element from Test Object's properties

2023-11-23 14:35:24 - [MESSAGE][INFO] - Checking timeout

2023-11-23 14:35:24 - [MESSAGE][INFO] - Finding web element with id: 'Object Repository/Page_Recapitulatif_Usager/Btn_ValiderEtVerifierLaSuiteDeMaSaisie_1sur4' located by 'By.xpath: //div[2]/div/p-accordion/div/p-accordiontab[1]/div[2]/div/app-actions-bar/div/div[2]/button/span' in '5' second(s)

2023-11-23 14:35:24 - [MESSAGE][INFO] - Smart Wait Function is triggered

2023-11-23 14:35:24 - [MESSAGE][INFO] - Found 1 web elements with id: 'Object Repository/Page_Recapitulatif_Usager/Btn_ValiderEtVerifierLaSuiteDeMaSaisie_1sur4' located by 'By.xpath: //div[2]/div/p-accordion/div/p-accordiontab[1]/div[2]/div/app-actions-bar/div/div[2]/button/span' in '5' second(s)

2023-11-23 14:35:24 - [MESSAGE][INFO] - Clicking on object: 'Object Repository/Page_Recapitulatif_Usager/Btn_ValiderEtVerifierLaSuiteDeMaSaisie_1sur4'

2023-11-23 14:35:26 - [MESSAGE][PASSED] - Object: 'Object Repository/Page_Recapitulatif_Usager/Btn_ValiderEtVerifierLaSuiteDeMaSaisie_1sur4' is clicked on

2023-11-23 14:35:26 - [TEST_STEP][PASSED] - delay(2): Delayed 2 second(s)

2023-11-23 14:35:26 - [MESSAGE][INFO] - Delaying browser in 2 second(s)

2023-11-23 14:35:28 - [MESSAGE][PASSED] - Delayed 2 second(s)

2023-11-23 14:35:28 - [TEST_STEP][PASSED] - click(findTestObject("Object Repository/Page_Recapitulatif_Usager/Btn_ValiderEtVerifierLaSuiteDeMaSaisie_2sur4")): Object: 'Object Repository/Page_Recapitulatif_Usager/Btn_ValiderEtVerifierLaSuiteDeMaSaisie_2sur4' is clicked on

2023-11-23 14:35:28 - [MESSAGE][INFO] - Finding Test Object 'Object Repository/Page_Recapitulatif_Usager/Btn_ValiderEtVerifierLaSuiteDeMaSaisie_2sur4'

2023-11-23 14:35:28 - [MESSAGE][INFO] - Checking timeout

2023-11-23 14:35:28 - [MESSAGE][INFO] - Finding web element with id: 'Object Repository/Page_Recapitulatif_Usager/Btn_ValiderEtVerifierLaSuiteDeMaSaisie_2sur4' located by 'By.xpath: //div[2]/div/p-accordion/div/p-accordiontab[2]/div[2]/div/app-actions-bar/div/div[2]/button/span' in '20' second(s)

2023-11-23 14:35:28 - [MESSAGE][INFO] - Smart Wait Function is triggered

2023-11-23 14:35:29 - [MESSAGE][INFO] - Found 1 web elements with id: 'Object Repository/Page_Recapitulatif_Usager/Btn_ValiderEtVerifierLaSuiteDeMaSaisie_2sur4' located by 'By.xpath: //div[2]/div/p-accordion/div/p-accordiontab[2]/div[2]/div/app-actions-bar/div/div[2]/button/span' in '20' second(s)

2023-11-23 14:35:29 - [MESSAGE][INFO] - Checking object

2023-11-23 14:35:29 - [MESSAGE][INFO] - Checking timeout

2023-11-23 14:35:29 - [MESSAGE][INFO] - Finding web element from Test Object's properties

2023-11-23 14:35:29 - [MESSAGE][INFO] - Checking timeout

2023-11-23 14:35:29 - [MESSAGE][INFO] - Finding web element with id: 'Object Repository/Page_Recapitulatif_Usager/Btn_ValiderEtVerifierLaSuiteDeMaSaisie_2sur4' located by 'By.xpath: //div[2]/div/p-accordion/div/p-accordiontab[2]/div[2]/div/app-actions-bar/div/div[2]/button/span' in '5' second(s)

2023-11-23 14:35:29 - [MESSAGE][INFO] - Smart Wait Function is triggered

2023-11-23 14:35:29 - [MESSAGE][INFO] - Found 1 web elements with id: 'Object Repository/Page_Recapitulatif_Usager/Btn_ValiderEtVerifierLaSuiteDeMaSaisie_2sur4' located by 'By.xpath: //div[2]/div/p-accordion/div/p-accordiontab[2]/div[2]/div/app-actions-bar/div/div[2]/button/span' in '5' second(s)

2023-11-23 14:35:29 - [MESSAGE][INFO] - Clicking on object: 'Object Repository/Page_Recapitulatif_Usager/Btn_ValiderEtVerifierLaSuiteDeMaSaisie_2sur4'

2023-11-23 14:35:31 - [MESSAGE][PASSED] - Object: 'Object Repository/Page_Recapitulatif_Usager/Btn_ValiderEtVerifierLaSuiteDeMaSaisie_2sur4' is clicked on

2023-11-23 14:35:31 - [TEST_STEP][PASSED] - delay(2): Delayed 2 second(s)

2023-11-23 14:35:31 - [MESSAGE][INFO] - Delaying browser in 2 second(s)

2023-11-23 14:35:33 - [MESSAGE][PASSED] - Delayed 2 second(s)

2023-11-23 14:35:33 - [TEST_STEP][PASSED] - click(findTestObject("Object Repository/Page_Recapitulatif_Usager/Btn_ValiderEtVerifierLaSuiteDeMaSaisie_3sur4")): Object: 'Object Repository/Page_Recapitulatif_Usager/Btn_ValiderEtVerifierLaSuiteDeMaSaisie_3sur4' is clicked on

2023-11-23 14:35:33 - [MESSAGE][INFO] - Finding Test Object 'Object Repository/Page_Recapitulatif_Usager/Btn_ValiderEtVerifierLaSuiteDeMaSaisie_3sur4'

2023-11-23 14:35:33 - [MESSAGE][INFO] - Checking timeout

2023-11-23 14:35:33 - [MESSAGE][INFO] - Finding web element with id: 'Object Repository/Page_Recapitulatif_Usager/Btn_ValiderEtVerifierLaSuiteDeMaSaisie_3sur4' located by 'By.xpath: //div[2]/div/p-accordion/div/p-accordiontab[3]/div[2]/div/app-actions-bar/div/div[2]/button/span' in '20' second(s)

2023-11-23 14:35:33 - [MESSAGE][INFO] - Smart Wait Function is triggered

2023-11-23 14:35:33 - [MESSAGE][INFO] - Found 1 web elements with id: 'Object Repository/Page_Recapitulatif_Usager/Btn_ValiderEtVerifierLaSuiteDeMaSaisie_3sur4' located by 'By.xpath: //div[2]/div/p-accordion/div/p-accordiontab[3]/div[2]/div/app-actions-bar/div/div[2]/button/span' in '20' second(s)

2023-11-23 14:35:33 - [MESSAGE][INFO] - Checking object

2023-11-23 14:35:33 - [MESSAGE][INFO] - Checking timeout

2023-11-23 14:35:33 - [MESSAGE][INFO] - Finding web element from Test Object's properties

2023-11-23 14:35:33 - [MESSAGE][INFO] - Checking timeout

2023-11-23 14:35:33 - [MESSAGE][INFO] - Finding web element with id: 'Object Repository/Page_Recapitulatif_Usager/Btn_ValiderEtVerifierLaSuiteDeMaSaisie_3sur4' located by 'By.xpath: //div[2]/div/p-accordion/div/p-accordiontab[3]/div[2]/div/app-actions-bar/div/div[2]/button/span' in '5' second(s)

2023-11-23 14:35:33 - [MESSAGE][INFO] - Smart Wait Function is triggered

2023-11-23 14:35:33 - [MESSAGE][INFO] - Found 1 web elements with id: 'Object Repository/Page_Recapitulatif_Usager/Btn_ValiderEtVerifierLaSuiteDeMaSaisie_3sur4' located by 'By.xpath: //div[2]/div/p-accordion/div/p-accordiontab[3]/div[2]/div/app-actions-bar/div/div[2]/button/span' in '5' second(s)

2023-11-23 14:35:33 - [MESSAGE][INFO] - Clicking on object: 'Object Repository/Page_Recapitulatif_Usager/Btn_ValiderEtVerifierLaSuiteDeMaSaisie_3sur4'

2023-11-23 14:35:35 - [MESSAGE][PASSED] - Object: 'Object Repository/Page_Recapitulatif_Usager/Btn_ValiderEtVerifierLaSuiteDeMaSaisie_3sur4' is clicked on

2023-11-23 14:35:35 - [TEST_STEP][PASSED] - delay(2): Delayed 2 second(s)

2023-11-23 14:35:35 - [MESSAGE][INFO] - Delaying browser in 2 second(s)

2023-11-23 14:35:37 - [MESSAGE][PASSED] - Delayed 2 second(s)

2023-11-23 14:35:37 - [TEST_STEP][PASSED] - click(findTestObject("Object Repository/Page_Recapitulatif_Usager/Btn_ValiderEtTransmettreMaDemande")): Object: 'Object Repository/Page_Recapitulatif_Usager/Btn_ValiderEtTransmettreMaDemande' is clicked on

2023-11-23 14:35:37 - [MESSAGE][INFO] - Finding Test Object 'Object Repository/Page_Recapitulatif_Usager/Btn_ValiderEtTransmettreMaDemande'

2023-11-23 14:35:37 - [MESSAGE][INFO] - Checking timeout

2023-11-23 14:35:37 - [MESSAGE][INFO] - Finding web element with id: 'Object Repository/Page_Recapitulatif_Usager/Btn_ValiderEtTransmettreMaDemande' located by 'By.xpath: //app-demande/div/div[3]/app-actions-bar/div/div[2]/div/div[2]/button/span|//app-demande-ptsq/div/div[3]/app-actions-bar/div/div[2]/div/div[2]/button/span|//app-demande-visiteur/div/div[3]/app-actions-bar/div/div[2]/div/div[2]/button/span|/html/body/app-root/div/app-portal/main/app-theme-v2/div/app-demande-ptch/div/div[3]/app-actions-bar/div/div[2]/div/div[2]/button/span|//div/app-demande-ptinv/div/div[3]/app-actions-bar/div/div[2]/div/div[2]/button/span|//button/span[@class="ui-button-text ui-clickable" and contains(., 'Envoyer la demande')]
' in '20' second(s)

2023-11-23 14:35:37 - [MESSAGE][INFO] - Smart Wait Function is triggered

2023-11-23 14:35:37 - [MESSAGE][INFO] - Found 1 web elements with id: 'Object Repository/Page_Recapitulatif_Usager/Btn_ValiderEtTransmettreMaDemande' located by 'By.xpath: //app-demande/div/div[3]/app-actions-bar/div/div[2]/div/div[2]/button/span|//app-demande-ptsq/div/div[3]/app-actions-bar/div/div[2]/div/div[2]/button/span|//app-demande-visiteur/div/div[3]/app-actions-bar/div/div[2]/div/div[2]/button/span|/html/body/app-root/div/app-portal/main/app-theme-v2/div/app-demande-ptch/div/div[3]/app-actions-bar/div/div[2]/div/div[2]/button/span|//div/app-demande-ptinv/div/div[3]/app-actions-bar/div/div[2]/div/div[2]/button/span|//button/span[@class="ui-button-text ui-clickable" and contains(., 'Envoyer la demande')]
' in '20' second(s)

2023-11-23 14:35:37 - [MESSAGE][INFO] - Checking object

2023-11-23 14:35:37 - [MESSAGE][INFO] - Checking timeout

2023-11-23 14:35:37 - [MESSAGE][INFO] - Finding web element from Test Object's properties

2023-11-23 14:35:37 - [MESSAGE][INFO] - Checking timeout

2023-11-23 14:35:37 - [MESSAGE][INFO] - Finding web element with id: 'Object Repository/Page_Recapitulatif_Usager/Btn_ValiderEtTransmettreMaDemande' located by 'By.xpath: //app-demande/div/div[3]/app-actions-bar/div/div[2]/div/div[2]/button/span|//app-demande-ptsq/div/div[3]/app-actions-bar/div/div[2]/div/div[2]/button/span|//app-demande-visiteur/div/div[3]/app-actions-bar/div/div[2]/div/div[2]/button/span|/html/body/app-root/div/app-portal/main/app-theme-v2/div/app-demande-ptch/div/div[3]/app-actions-bar/div/div[2]/div/div[2]/button/span|//div/app-demande-ptinv/div/div[3]/app-actions-bar/div/div[2]/div/div[2]/button/span|//button/span[@class="ui-button-text ui-clickable" and contains(., 'Envoyer la demande')]
' in '5' second(s)

2023-11-23 14:35:37 - [MESSAGE][INFO] - Smart Wait Function is triggered

2023-11-23 14:35:37 - [MESSAGE][INFO] - Found 1 web elements with id: 'Object Repository/Page_Recapitulatif_Usager/Btn_ValiderEtTransmettreMaDemande' located by 'By.xpath: //app-demande/div/div[3]/app-actions-bar/div/div[2]/div/div[2]/button/span|//app-demande-ptsq/div/div[3]/app-actions-bar/div/div[2]/div/div[2]/button/span|//app-demande-visiteur/div/div[3]/app-actions-bar/div/div[2]/div/div[2]/button/span|/html/body/app-root/div/app-portal/main/app-theme-v2/div/app-demande-ptch/div/div[3]/app-actions-bar/div/div[2]/div/div[2]/button/span|//div/app-demande-ptinv/div/div[3]/app-actions-bar/div/div[2]/div/div[2]/button/span|//button/span[@class="ui-button-text ui-clickable" and contains(., 'Envoyer la demande')]
' in '5' second(s)

2023-11-23 14:35:37 - [MESSAGE][INFO] - Clicking on object: 'Object Repository/Page_Recapitulatif_Usager/Btn_ValiderEtTransmettreMaDemande'

2023-11-23 14:35:39 - [MESSAGE][PASSED] - Object: 'Object Repository/Page_Recapitulatif_Usager/Btn_ValiderEtTransmettreMaDemande' is clicked on

2023-11-23 14:35:39 - [TEST_STEP][PASSED] - delay(30): Delayed 30 second(s)

2023-11-23 14:35:39 - [MESSAGE][INFO] - Delaying browser in 30 second(s)

2023-11-23 14:36:09 - [MESSAGE][PASSED] - Delayed 30 second(s)

2023-11-23 14:36:09 - [MESSAGE][PASSED] - Call Test Case 'Test Cases/Test Reutilisable/DemandeOuRenouvelle_TitreSejour/FormulaireRecapitulatif' successfully

2023-11-23 14:36:09 - [TEST_STEP][PASSED] - callTestCase(findTestCase("Test Reutilisable/DemandeOuRenouvelle_TitreSejour/FormulaireConfirmation"), ["NumEtrangerVisa":NumEtrangerVisa, "TypeTitreDeSejour":TypeTitreDeSejour], STOP_ON_FAILURE): Call Test Case 'Test Cases/Test Reutilisable/DemandeOuRenouvelle_TitreSejour/FormulaireConfirmation' successfully

2023-11-23 14:36:09 - [MESSAGE][INFO] - Checking called Test Case

2023-11-23 14:36:09 - [MESSAGE][INFO] - Starting to call Test Case 'Test Cases/Test Reutilisable/DemandeOuRenouvelle_TitreSejour/FormulaireConfirmation'

2023-11-23 14:36:09 - [TEST_CASE][PASSED] - Test Cases/Test Reutilisable/DemandeOuRenouvelle_TitreSejour/FormulaireConfirmation: Test Cases/Test Reutilisable/DemandeOuRenouvelle_TitreSejour/FormulaireConfirmation

2023-11-23 14:36:15 - [TEST_STEP][PASSED] - com.kazurayam.ksbackyard.HighlightElement.pandemic(): com.kazurayam.ksbackyard.HighlightElement.pandemic is PASSED

2023-11-23 14:36:15 - [MESSAGE][PASSED] - com.kazurayam.ksbackyard.HighlightElement.pandemic is PASSED

2023-11-23 14:36:15 - [TEST_STEP][PASSED] - RunBrowserConfiguration = getExecutionProperties(): null

2023-11-23 14:36:15 - [TEST_STEP][PASSED] - DriverName = get("WebUI").get("browserType"): null

2023-11-23 14:36:15 - [TEST_STEP][PASSED] - OuvrirMaConfirmationDeDÃ©pÃ´tDeDemandePDF = findTestObject("Object Repository/Page_Confirmation_Usager/Btn_OuvrirMaConfirmationDeDepotDeDemande(PDF)"): Finding Test Object 'Object Repository/Page_Confirmation_Usager/Btn_OuvrirMaConfirmationDeDepotDeDemande(PDF)'

2023-11-23 14:36:15 - [MESSAGE][INFO] - Finding Test Object 'Object Repository/Page_Confirmation_Usager/Btn_OuvrirMaConfirmationDeDepotDeDemande(PDF)'

2023-11-23 14:36:15 - [TEST_STEP][PASSED] - click(OuvrirMaConfirmationDeDÃ©pÃ´tDeDemandePDF): Object: 'Object Repository/Page_Confirmation_Usager/Btn_OuvrirMaConfirmationDeDepotDeDemande(PDF)' is clicked on

2023-11-23 14:36:15 - [MESSAGE][INFO] - Checking timeout

2023-11-23 14:36:15 - [MESSAGE][INFO] - Finding web element with id: 'Object Repository/Page_Confirmation_Usager/Btn_OuvrirMaConfirmationDeDepotDeDemande(PDF)' located by 'By.xpath: //button[@class='btn-primary' and contains(., 'ma confirmation de dÃ©pÃ´t de demande')]' in '20' second(s)

2023-11-23 14:36:15 - [MESSAGE][INFO] - Smart Wait Function is triggered

2023-11-23 14:36:15 - [MESSAGE][INFO] - Found 1 web elements with id: 'Object Repository/Page_Confirmation_Usager/Btn_OuvrirMaConfirmationDeDepotDeDemande(PDF)' located by 'By.xpath: //button[@class='btn-primary' and contains(., 'ma confirmation de dÃ©pÃ´t de demande')]' in '20' second(s)

2023-11-23 14:36:15 - [MESSAGE][INFO] - Checking object

2023-11-23 14:36:15 - [MESSAGE][INFO] - Checking timeout

2023-11-23 14:36:15 - [MESSAGE][INFO] - Finding web element from Test Object's properties

2023-11-23 14:36:15 - [MESSAGE][INFO] - Checking timeout

2023-11-23 14:36:15 - [MESSAGE][INFO] - Finding web element with id: 'Object Repository/Page_Confirmation_Usager/Btn_OuvrirMaConfirmationDeDepotDeDemande(PDF)' located by 'By.xpath: //button[@class='btn-primary' and contains(., 'ma confirmation de dÃ©pÃ´t de demande')]' in '5' second(s)

2023-11-23 14:36:15 - [MESSAGE][INFO] - Smart Wait Function is triggered

2023-11-23 14:36:15 - [MESSAGE][INFO] - Found 1 web elements with id: 'Object Repository/Page_Confirmation_Usager/Btn_OuvrirMaConfirmationDeDepotDeDemande(PDF)' located by 'By.xpath: //button[@class='btn-primary' and contains(., 'ma confirmation de dÃ©pÃ´t de demande')]' in '5' second(s)

2023-11-23 14:36:15 - [MESSAGE][INFO] - Clicking on object: 'Object Repository/Page_Confirmation_Usager/Btn_OuvrirMaConfirmationDeDepotDeDemande(PDF)'

2023-11-23 14:36:17 - [MESSAGE][PASSED] - Object: 'Object Repository/Page_Confirmation_Usager/Btn_OuvrirMaConfirmationDeDepotDeDemande(PDF)' is clicked on

2023-11-23 14:36:17 - [TEST_STEP][PASSED] - NumEtrangerVisa = NumEtrangerVisa.toString(): null

2023-11-23 14:36:17 - [TEST_STEP][PASSED] - if (DriverName == "FIREFOX_DRIVER"): null

2023-11-23 14:36:17 - [TEST_STEP][PASSED] - click(findTestObject("Object Repository/Page_Accueil_Agent/EspacePerso/link_EspacePerso")): Object: 'Object Repository/Page_Accueil_Agent/EspacePerso/link_EspacePerso' is clicked on

2023-11-23 14:36:17 - [MESSAGE][INFO] - Finding Test Object 'Object Repository/Page_Accueil_Agent/EspacePerso/link_EspacePerso'

2023-11-23 14:36:17 - [MESSAGE][INFO] - Checking timeout

2023-11-23 14:36:17 - [MESSAGE][INFO] - Finding web element with id: 'Object Repository/Page_Accueil_Agent/EspacePerso/link_EspacePerso' located by 'By.xpath: //*[@id="navBar-new"]/nav/div[3]/div/div/ul/li[3]/a/span[2]' in '20' second(s)

2023-11-23 14:36:17 - [MESSAGE][INFO] - Smart Wait Function is triggered

2023-11-23 14:36:17 - [MESSAGE][INFO] - Found 1 web elements with id: 'Object Repository/Page_Accueil_Agent/EspacePerso/link_EspacePerso' located by 'By.xpath: //*[@id="navBar-new"]/nav/div[3]/div/div/ul/li[3]/a/span[2]' in '20' second(s)

2023-11-23 14:36:17 - [MESSAGE][INFO] - Checking object

2023-11-23 14:36:17 - [MESSAGE][INFO] - Checking timeout

2023-11-23 14:36:17 - [MESSAGE][INFO] - Finding web element from Test Object's properties

2023-11-23 14:36:17 - [MESSAGE][INFO] - Checking timeout

2023-11-23 14:36:17 - [MESSAGE][INFO] - Finding web element with id: 'Object Repository/Page_Accueil_Agent/EspacePerso/link_EspacePerso' located by 'By.xpath: //*[@id="navBar-new"]/nav/div[3]/div/div/ul/li[3]/a/span[2]' in '5' second(s)

2023-11-23 14:36:17 - [MESSAGE][INFO] - Smart Wait Function is triggered

2023-11-23 14:36:17 - [MESSAGE][INFO] - Found 1 web elements with id: 'Object Repository/Page_Accueil_Agent/EspacePerso/link_EspacePerso' located by 'By.xpath: //*[@id="navBar-new"]/nav/div[3]/div/div/ul/li[3]/a/span[2]' in '5' second(s)

2023-11-23 14:36:17 - [MESSAGE][INFO] - Clicking on object: 'Object Repository/Page_Accueil_Agent/EspacePerso/link_EspacePerso'

2023-11-23 14:36:19 - [MESSAGE][PASSED] - Object: 'Object Repository/Page_Accueil_Agent/EspacePerso/link_EspacePerso' is clicked on

2023-11-23 14:36:19 - [TEST_STEP][PASSED] - click(findTestObject("Object Repository/Page_Accueil_Agent/EspacePerso/link_MonCompte")): Object: 'Object Repository/Page_Accueil_Agent/EspacePerso/link_MonCompte' is clicked on

2023-11-23 14:36:19 - [MESSAGE][INFO] - Finding Test Object 'Object Repository/Page_Accueil_Agent/EspacePerso/link_MonCompte'

2023-11-23 14:36:20 - [MESSAGE][INFO] - Checking timeout

2023-11-23 14:36:20 - [MESSAGE][INFO] - Finding web element with id: 'Object Repository/Page_Accueil_Agent/EspacePerso/link_MonCompte' located by 'By.xpath: //*[@id="logoutSubMenu"]/li[1]/a' in '20' second(s)

2023-11-23 14:36:20 - [MESSAGE][INFO] - Smart Wait Function is triggered

2023-11-23 14:36:20 - [MESSAGE][INFO] - Found 1 web elements with id: 'Object Repository/Page_Accueil_Agent/EspacePerso/link_MonCompte' located by 'By.xpath: //*[@id="logoutSubMenu"]/li[1]/a' in '20' second(s)

2023-11-23 14:36:20 - [MESSAGE][INFO] - Checking object

2023-11-23 14:36:20 - [MESSAGE][INFO] - Checking timeout

2023-11-23 14:36:20 - [MESSAGE][INFO] - Finding web element from Test Object's properties

2023-11-23 14:36:20 - [MESSAGE][INFO] - Checking timeout

2023-11-23 14:36:20 - [MESSAGE][INFO] - Finding web element with id: 'Object Repository/Page_Accueil_Agent/EspacePerso/link_MonCompte' located by 'By.xpath: //*[@id="logoutSubMenu"]/li[1]/a' in '5' second(s)

2023-11-23 14:36:20 - [MESSAGE][INFO] - Smart Wait Function is triggered

2023-11-23 14:36:20 - [MESSAGE][INFO] - Found 1 web elements with id: 'Object Repository/Page_Accueil_Agent/EspacePerso/link_MonCompte' located by 'By.xpath: //*[@id="logoutSubMenu"]/li[1]/a' in '5' second(s)

2023-11-23 14:36:20 - [MESSAGE][INFO] - Clicking on object: 'Object Repository/Page_Accueil_Agent/EspacePerso/link_MonCompte'

2023-11-23 14:36:22 - [MESSAGE][PASSED] - Object: 'Object Repository/Page_Accueil_Agent/EspacePerso/link_MonCompte' is clicked on

2023-11-23 14:36:22 - [TEST_STEP][PASSED] - SuividemandeNumEtranger = getText(findTestObject("Object Repository/Page_Accueil_Agent/EspacePerso/td_SuiviDemandeNumEtranger")): Text of object 'Object Repository/Page_Accueil_Agent/EspacePerso/td_SuiviDemandeNumEtranger' is: '7703040869'

2023-11-23 14:36:22 - [MESSAGE][INFO] - Finding Test Object 'Object Repository/Page_Accueil_Agent/EspacePerso/td_SuiviDemandeNumEtranger'

2023-11-23 14:36:22 - [MESSAGE][INFO] - Checking object

2023-11-23 14:36:22 - [MESSAGE][INFO] - Finding web element from Test Object's properties

2023-11-23 14:36:22 - [MESSAGE][INFO] - Checking timeout

2023-11-23 14:36:22 - [MESSAGE][INFO] - Finding web element with id: 'Object Repository/Page_Accueil_Agent/EspacePerso/td_SuiviDemandeNumEtranger' located by 'By.xpath: //*/app-ma-demande-sejour/div[1]/table/tbody/tr[1]/td[3]' in '5' second(s)

2023-11-23 14:36:22 - [MESSAGE][INFO] - Smart Wait Function is triggered

2023-11-23 14:36:22 - [MESSAGE][INFO] - Found 1 web elements with id: 'Object Repository/Page_Accueil_Agent/EspacePerso/td_SuiviDemandeNumEtranger' located by 'By.xpath: //*/app-ma-demande-sejour/div[1]/table/tbody/tr[1]/td[3]' in '5' second(s)

2023-11-23 14:36:22 - [MESSAGE][INFO] - Getting text of object 'Object Repository/Page_Accueil_Agent/EspacePerso/td_SuiviDemandeNumEtranger'

2023-11-23 14:36:22 - [MESSAGE][PASSED] - Text of object 'Object Repository/Page_Accueil_Agent/EspacePerso/td_SuiviDemandeNumEtranger' is: '7703040869'

2023-11-23 14:36:22 - [TEST_STEP][PASSED] - SuiviTypeDeSejour = getText(findTestObject("Object Repository/Page_Accueil_Agent/EspacePerso/td_TypeDeSejour")): Text of object 'Object Repository/Page_Accueil_Agent/EspacePerso/td_TypeDeSejour' is: 'Demande de titre passeport talent'

2023-11-23 14:36:22 - [MESSAGE][INFO] - Finding Test Object 'Object Repository/Page_Accueil_Agent/EspacePerso/td_TypeDeSejour'

2023-11-23 14:36:22 - [MESSAGE][INFO] - Checking object

2023-11-23 14:36:22 - [MESSAGE][INFO] - Finding web element from Test Object's properties

2023-11-23 14:36:22 - [MESSAGE][INFO] - Checking timeout

2023-11-23 14:36:22 - [MESSAGE][INFO] - Finding web element with id: 'Object Repository/Page_Accueil_Agent/EspacePerso/td_TypeDeSejour' located by 'By.xpath: //*/app-ma-demande-sejour/div[1]/table/tbody/tr[1]/td[2]' in '5' second(s)

2023-11-23 14:36:22 - [MESSAGE][INFO] - Smart Wait Function is triggered

2023-11-23 14:36:22 - [MESSAGE][INFO] - Found 1 web elements with id: 'Object Repository/Page_Accueil_Agent/EspacePerso/td_TypeDeSejour' located by 'By.xpath: //*/app-ma-demande-sejour/div[1]/table/tbody/tr[1]/td[2]' in '5' second(s)

2023-11-23 14:36:22 - [MESSAGE][INFO] - Getting text of object 'Object Repository/Page_Accueil_Agent/EspacePerso/td_TypeDeSejour'

2023-11-23 14:36:22 - [MESSAGE][PASSED] - Text of object 'Object Repository/Page_Accueil_Agent/EspacePerso/td_TypeDeSejour' is: 'Demande de titre passeport talent'

2023-11-23 14:36:22 - [TEST_STEP][PASSED] - if (SuividemandeNumEtranger == NumEtrangerVisa): Le Type Titre De Sejour est :Demande de titre passeport talent=ChercheurEtChercheurEnMobilite

2023-11-23 14:36:22 - [TEST_STEP][PASSED] - markPassed("Le NumÃ©ro Etrangr est :" + NumEtrangerVisa + "=" + SuividemandeNumEtranger): Le NumÃ©ro Etrangr est :7703040869=7703040869

2023-11-23 14:36:22 - [MESSAGE][PASSED] - Le NumÃ©ro Etrangr est :7703040869=7703040869

2023-11-23 14:36:22 - [TEST_STEP][PASSED] - markPassed("Le Type Titre De Sejour est :" + SuiviTypeDeSejour + "=" + TypeTitreDeSejour): Le Type Titre De Sejour est :Demande de titre passeport talent=ChercheurEtChercheurEnMobilite

2023-11-23 14:36:22 - [MESSAGE][PASSED] - Le Type Titre De Sejour est :Demande de titre passeport talent=ChercheurEtChercheurEnMobilite

2023-11-23 14:36:22 - [TEST_STEP][PASSED] - delay(5): Delayed 5 second(s)

2023-11-23 14:36:22 - [MESSAGE][INFO] - Delaying browser in 5 second(s)

2023-11-23 14:36:27 - [MESSAGE][PASSED] - Delayed 5 second(s)

2023-11-23 14:36:27 - [MESSAGE][PASSED] - Call Test Case 'Test Cases/Test Reutilisable/DemandeOuRenouvelle_TitreSejour/FormulaireConfirmation' successfully

2023-11-23 14:36:30 - [TEST_STEP][PASSED] - Video: Video recording for test case 'Test Cases/Cas D Utilisations/Usager Etudiant/TNR R.TSPT Supp90-Etudiant' .

2023-11-23 14:36:30 - [MESSAGE][INFO] - Video recording for test case 'Test Cases/Cas D Utilisations/Usager Etudiant/TNR R.TSPT Supp90-Etudiant' .]]></system-out>
         <system-err><![CDATA[]]></system-err>
      </testcase>
      <testcase name="Test Cases/Cas D Utilisations/Usager Etudiant/TNR R.TSPT Supp90-Etudiant" time="79.332" classname="Test Cases/Cas D Utilisations/Usager Etudiant/TNR R.TSPT Supp90-Etudiant" status="PASSED">
         <system-out><![CDATA[2023-11-23 14:36:30 - [TEST_CASE][PASSED] - Test Cases/Cas D Utilisations/Usager Etudiant/TNR R.TSPT Supp90-Etudiant: Test Cases/Cas D Utilisations/Usager Etudiant/TNR R.TSPT Supp90-Etudiant

2023-11-23 14:36:30 - [TEST_STEP][PASSED] - com.kazurayam.ksbackyard.HighlightElement.pandemic(): com.kazurayam.ksbackyard.HighlightElement.pandemic is PASSED

2023-11-23 14:36:30 - [MESSAGE][PASSED] - com.kazurayam.ksbackyard.HighlightElement.pandemic is PASSED

2023-11-23 14:36:30 - [TEST_STEP][PASSED] - callTestCase(findTestCase("Test Reutilisable/Main/Lancer URL ANEF"), ["Profiles":"Usager", "EnvExec":EnvExec], STOP_ON_FAILURE): Call Test Case 'Test Cases/Test Reutilisable/Main/Lancer URL ANEF' successfully

2023-11-23 14:36:30 - [MESSAGE][INFO] - Checking called Test Case

2023-11-23 14:36:30 - [MESSAGE][INFO] - Starting to call Test Case 'Test Cases/Test Reutilisable/Main/Lancer URL ANEF'

2023-11-23 14:36:30 - [TEST_CASE][PASSED] - Test Cases/Test Reutilisable/Main/Lancer URL ANEF: Test Cases/Test Reutilisable/Main/Lancer URL ANEF

2023-11-23 14:36:30 - [TEST_STEP][PASSED] - "RunConfiguration: getProjectDir for LogDriver ": null

2023-11-23 14:36:30 - [TEST_STEP][PASSED] - RunBrowserConfiguration = getExecutionProperties(): null

2023-11-23 14:36:30 - [TEST_STEP][PASSED] - DriverName = "": null

2023-11-23 14:36:30 - [TEST_STEP][PASSED] - openBrowser(""): Browser is opened with url: ''

2023-11-23 14:36:30 - [MESSAGE][INFO] - Opening browser

2023-11-23 14:36:30 - [MESSAGE][WARNING] - A browser is already opened. Closing browser and opening a new one

2023-11-23 14:36:31 - [MESSAGE][INFO] - Starting 'Chrome' driver

2023-11-23 14:36:31 - [MESSAGE][INFO] - User set preference: ['args', '[--incognito, --start-maximized, --remote-allow-origins=*]']

2023-11-23 14:36:31 - [MESSAGE][INFO] - User set preference: ['prefs', '{download.default_directory=${GlobalVariable.downloadPath}, download_dir=${GlobalVariable.downloadPath}, download.prompt_for_download=false}']

2023-11-23 14:36:31 - [MESSAGE][INFO] - User set preference: ['loggingPrefs', '{browser=ALL}']

2023-11-23 14:36:31 - [MESSAGE][INFO] - Action delay is set to 2Â 000 milliseconds

2023-11-23 14:36:34 - [MESSAGE][PASSED] - Browser is opened with url: ''

2023-11-23 14:36:34 - [TEST_STEP][PASSED] - driver = getWebDriver(): null

2023-11-23 14:36:34 - [TEST_STEP][PASSED] - wrappedDriver = driver.getWrappedDriver(): null

2023-11-23 14:36:34 - [TEST_STEP][PASSED] - out.println(wrappedDriver.getClass()): null

2023-11-23 14:36:34 - [TEST_STEP][PASSED] - if (class == com.kms.katalon.selenium.driver.CRemoteWebDriver): null

2023-11-23 14:36:34 - [TEST_STEP][PASSED] - else: null

2023-11-23 14:36:34 - [TEST_STEP][PASSED] - DriverName = get("WebUI").get("browserType"): null

2023-11-23 14:36:34 - [TEST_STEP][PASSED] - println("DriverName :" + DriverName): null

2023-11-23 14:36:34 - [TEST_STEP][PASSED] - println("Driverpath :" + RunBrowserConfiguration.get("drivers")): null

2023-11-23 14:36:34 - [TEST_STEP][PASSED] - DriverName = DriverName: null

2023-11-23 14:36:34 - [TEST_STEP][PASSED] - delay(medium_wait): Delayed 3 second(s)

2023-11-23 14:36:34 - [MESSAGE][INFO] - Delaying browser in 3 second(s)

2023-11-23 14:36:37 - [MESSAGE][PASSED] - Delayed 3 second(s)

2023-11-23 14:36:37 - [TEST_STEP][PASSED] - executedBrowser = getExecutedBrowser(): null

2023-11-23 14:36:37 - [TEST_STEP][PASSED] - if (Profiles == "Usager"): null

2023-11-23 14:36:37 - [TEST_STEP][PASSED] - switch (DriverName): null

2023-11-23 14:36:37 - [TEST_STEP][PASSED] - case "CHROME_DRIVER":: null

2023-11-23 14:36:37 - [TEST_STEP][PASSED] - if (EnvExec == "URL_ANEFQualif"): null

2023-11-23 14:36:37 - [TEST_STEP][PASSED] - if (EnvExec == "URL_ANEFPreProd"): Navigate to 'https://preprod.administration-etrangers-en-france.interieur.gouv.fr/particuliers/#/' successfully

2023-11-23 14:36:37 - [TEST_STEP][PASSED] - navigateToUrl(URL_ANEFPreProd): Navigate to 'https://preprod.administration-etrangers-en-france.interieur.gouv.fr/particuliers/#/' successfully

2023-11-23 14:36:37 - [MESSAGE][INFO] - Checking url

2023-11-23 14:36:37 - [MESSAGE][INFO] - Navigating to 'https://preprod.administration-etrangers-en-france.interieur.gouv.fr/particuliers/#/'

2023-11-23 14:36:55 - [MESSAGE][PASSED] - Navigate to 'https://preprod.administration-etrangers-en-france.interieur.gouv.fr/particuliers/#/' successfully

2023-11-23 14:36:55 - [TEST_STEP][PASSED] - maximizeWindow(): Current window maximized

2023-11-23 14:36:55 - [MESSAGE][INFO] - Maximizing current window

2023-11-23 14:36:55 - [MESSAGE][PASSED] - Current window maximized

2023-11-23 14:36:55 - [TEST_STEP][PASSED] - System.setProperty("webdriver.chrome.driver", getChromeDriverPath()): null

2023-11-23 14:36:55 - [TEST_STEP][PASSED] - System.setProperty("webdriver.chrome.logfile", getProjectDir() + "/Dump/chromedriver.log"): null

2023-11-23 14:36:55 - [TEST_STEP][PASSED] - callTestCase(findTestCase("Test Reutilisable/Main/Erreur lie a la confidentialite"), [:], STOP_ON_FAILURE): Call Test Case 'Test Cases/Test Reutilisable/Main/Erreur lie a la confidentialite' successfully

2023-11-23 14:36:55 - [MESSAGE][INFO] - Checking called Test Case

2023-11-23 14:36:55 - [MESSAGE][INFO] - Starting to call Test Case 'Test Cases/Test Reutilisable/Main/Erreur lie a la confidentialite'

2023-11-23 14:36:55 - [TEST_CASE][PASSED] - Test Cases/Test Reutilisable/Main/Erreur lie a la confidentialite: Test Cases/Test Reutilisable/Main/Erreur lie a la confidentialite

2023-11-23 14:36:55 - [TEST_STEP][PASSED] - tools.WaitForLoadedPage.waitForElementRendering(): tools.WaitForLoadedPage.waitForElementRendering is PASSED

2023-11-23 14:36:55 - [MESSAGE][PASSED] - tools.WaitForLoadedPage.waitForElementRendering is PASSED

2023-11-23 14:36:55 - [TEST_STEP][PASSED] - "Call Highlight.on() automatically": null

2023-11-23 14:36:55 - [TEST_STEP][PASSED] - DriverName = DriverName: null

2023-11-23 14:36:55 - [TEST_STEP][PASSED] - if (DriverName == "CHROME_DRIVER" || "EDGE_CHROMIUM_DRIVER" || "HEADLESS_DRIVER"): null

2023-11-23 14:36:55 - [TEST_STEP][PASSED] - if (verifyElementPresent(findTestObject("Object Repository/Connexion Usager/Btn_Parametres Avances"), 2, OPTIONAL)): null

2023-11-23 14:36:55 - [MESSAGE][INFO] - Finding Test Object 'Object Repository/Connexion Usager/Btn_Parametres Avances'

2023-11-23 14:36:55 - [MESSAGE][INFO] - Checking object

2023-11-23 14:36:55 - [MESSAGE][INFO] - Finding web element from Test Object's properties

2023-11-23 14:36:55 - [MESSAGE][INFO] - Checking timeout

2023-11-23 14:36:55 - [MESSAGE][INFO] - Finding web element with id: 'Object Repository/Connexion Usager/Btn_Parametres Avances' located by 'By.xpath: //*[@id="details-button"]' in '2' second(s)

2023-11-23 14:36:55 - [MESSAGE][INFO] - Smart Wait Function is triggered

2023-11-23 14:36:55 - [MESSAGE][INFO] - Found 1 web elements with id: 'Object Repository/Connexion Usager/Btn_Parametres Avances' located by 'By.xpath: //*[@id="details-button"]' in '2' second(s)

2023-11-23 14:36:55 - [MESSAGE][PASSED] - Object 'Object Repository/Connexion Usager/Btn_Parametres Avances' is present

2023-11-23 14:36:55 - [TEST_STEP][PASSED] - click(findTestObject("Object Repository/Connexion Usager/Btn_Parametres Avances"), OPTIONAL): Object: 'Object Repository/Connexion Usager/Btn_Parametres Avances' is clicked on

2023-11-23 14:36:55 - [MESSAGE][INFO] - Finding Test Object 'Object Repository/Connexion Usager/Btn_Parametres Avances'

2023-11-23 14:36:56 - [MESSAGE][INFO] - Checking timeout

2023-11-23 14:36:56 - [MESSAGE][INFO] - Finding web element with id: 'Object Repository/Connexion Usager/Btn_Parametres Avances' located by 'By.xpath: //*[@id="details-button"]' in '20' second(s)

2023-11-23 14:36:56 - [MESSAGE][INFO] - Smart Wait Function is triggered

2023-11-23 14:36:56 - [MESSAGE][INFO] - Found 1 web elements with id: 'Object Repository/Connexion Usager/Btn_Parametres Avances' located by 'By.xpath: //*[@id="details-button"]' in '20' second(s)

2023-11-23 14:36:56 - [MESSAGE][INFO] - Checking object

2023-11-23 14:36:56 - [MESSAGE][INFO] - Checking timeout

2023-11-23 14:36:56 - [MESSAGE][INFO] - Finding web element from Test Object's properties

2023-11-23 14:36:56 - [MESSAGE][INFO] - Checking timeout

2023-11-23 14:36:56 - [MESSAGE][INFO] - Finding web element with id: 'Object Repository/Connexion Usager/Btn_Parametres Avances' located by 'By.xpath: //*[@id="details-button"]' in '5' second(s)

2023-11-23 14:36:56 - [MESSAGE][INFO] - Smart Wait Function is triggered

2023-11-23 14:36:56 - [MESSAGE][INFO] - Found 1 web elements with id: 'Object Repository/Connexion Usager/Btn_Parametres Avances' located by 'By.xpath: //*[@id="details-button"]' in '5' second(s)

2023-11-23 14:36:56 - [MESSAGE][INFO] - Clicking on object: 'Object Repository/Connexion Usager/Btn_Parametres Avances'

2023-11-23 14:36:58 - [MESSAGE][PASSED] - Object: 'Object Repository/Connexion Usager/Btn_Parametres Avances' is clicked on

2023-11-23 14:36:58 - [TEST_STEP][PASSED] - click(findTestObject("Object Repository/Connexion Usager/Link_Proceed-Link"), OPTIONAL): Object: 'Object Repository/Connexion Usager/Link_Proceed-Link' is clicked on

2023-11-23 14:36:58 - [MESSAGE][INFO] - Finding Test Object 'Object Repository/Connexion Usager/Link_Proceed-Link'

2023-11-23 14:36:58 - [MESSAGE][INFO] - Checking timeout

2023-11-23 14:36:58 - [MESSAGE][INFO] - Finding web element with id: 'Object Repository/Connexion Usager/Link_Proceed-Link' located by 'By.xpath: //*[@id="proceed-link"]' in '20' second(s)

2023-11-23 14:36:58 - [MESSAGE][INFO] - Smart Wait Function is triggered

2023-11-23 14:36:58 - [MESSAGE][INFO] - Found 1 web elements with id: 'Object Repository/Connexion Usager/Link_Proceed-Link' located by 'By.xpath: //*[@id="proceed-link"]' in '20' second(s)

2023-11-23 14:36:58 - [MESSAGE][INFO] - Checking object

2023-11-23 14:36:58 - [MESSAGE][INFO] - Checking timeout

2023-11-23 14:36:58 - [MESSAGE][INFO] - Finding web element from Test Object's properties

2023-11-23 14:36:58 - [MESSAGE][INFO] - Checking timeout

2023-11-23 14:36:58 - [MESSAGE][INFO] - Finding web element with id: 'Object Repository/Connexion Usager/Link_Proceed-Link' located by 'By.xpath: //*[@id="proceed-link"]' in '5' second(s)

2023-11-23 14:36:58 - [MESSAGE][INFO] - Smart Wait Function is triggered

2023-11-23 14:36:58 - [MESSAGE][INFO] - Found 1 web elements with id: 'Object Repository/Connexion Usager/Link_Proceed-Link' located by 'By.xpath: //*[@id="proceed-link"]' in '5' second(s)

2023-11-23 14:36:58 - [MESSAGE][INFO] - Clicking on object: 'Object Repository/Connexion Usager/Link_Proceed-Link'

2023-11-23 14:37:00 - [MESSAGE][PASSED] - Object: 'Object Repository/Connexion Usager/Link_Proceed-Link' is clicked on

2023-11-23 14:37:00 - [TEST_STEP][PASSED] - if (DriverName == "IE_DRIVER"): null

2023-11-23 14:37:00 - [TEST_STEP][PASSED] - delay(3): Delayed 3 second(s)

2023-11-23 14:37:00 - [MESSAGE][INFO] - Delaying browser in 3 second(s)

2023-11-23 14:37:04 - [MESSAGE][PASSED] - Delayed 3 second(s)

2023-11-23 14:37:04 - [MESSAGE][PASSED] - Call Test Case 'Test Cases/Test Reutilisable/Main/Erreur lie a la confidentialite' successfully

2023-11-23 14:37:04 - [TEST_STEP][PASSED] - delay(5): Delayed 5 second(s)

2023-11-23 14:37:04 - [MESSAGE][INFO] - Delaying browser in 5 second(s)

2023-11-23 14:37:09 - [MESSAGE][PASSED] - Delayed 5 second(s)

2023-11-23 14:37:09 - [TEST_STEP][PASSED] - verifyElementVisible(findTestObject("Object Repository/Connexion Usager/Link_Se Connecter"), STOP_ON_FAILURE): Object 'Object Repository/Connexion Usager/Link_Se Connecter' is visible

2023-11-23 14:37:09 - [MESSAGE][INFO] - Finding Test Object 'Object Repository/Connexion Usager/Link_Se Connecter'

2023-11-23 14:37:09 - [MESSAGE][INFO] - Checking object

2023-11-23 14:37:09 - [MESSAGE][INFO] - Finding web element from Test Object's properties

2023-11-23 14:37:09 - [MESSAGE][INFO] - Checking timeout

2023-11-23 14:37:09 - [MESSAGE][INFO] - Finding web element with id: 'Object Repository/Connexion Usager/Link_Se Connecter' located by 'By.xpath: //*[@id="connexion_link"]' in '5' second(s)

2023-11-23 14:37:09 - [MESSAGE][INFO] - Smart Wait Function is triggered

2023-11-23 14:37:09 - [MESSAGE][INFO] - Found 1 web elements with id: 'Object Repository/Connexion Usager/Link_Se Connecter' located by 'By.xpath: //*[@id="connexion_link"]' in '5' second(s)

2023-11-23 14:37:09 - [MESSAGE][PASSED] - Object 'Object Repository/Connexion Usager/Link_Se Connecter' is visible

2023-11-23 14:37:09 - [TEST_STEP][PASSED] - break: null

2023-11-23 14:37:09 - [TEST_STEP][PASSED] - if (Profiles == "Agent"): null

2023-11-23 14:37:09 - [TEST_STEP][PASSED] - else: null

2023-11-23 14:37:09 - [TEST_STEP][PASSED] - println("VÃ©rifier le Portail de votre connexion Usager ou Agent"): null

2023-11-23 14:37:09 - [MESSAGE][PASSED] - Call Test Case 'Test Cases/Test Reutilisable/Main/Lancer URL ANEF' successfully

2023-11-23 14:37:09 - [TEST_STEP][PASSED] - callTestCase(findTestCase("Test Reutilisable/Main/Creer Votre Compte"), ["NumEtrangerVisa":NumEtrangerVisa, "DateDebut":DateDebut, "DateFin":DateFin, "EnvExec":EnvExec], STOP_ON_FAILURE): Call Test Case 'Test Cases/Test Reutilisable/Main/Creer Votre Compte' successfully

2023-11-23 14:37:09 - [MESSAGE][INFO] - Checking called Test Case

2023-11-23 14:37:09 - [MESSAGE][INFO] - Starting to call Test Case 'Test Cases/Test Reutilisable/Main/Creer Votre Compte'

2023-11-23 14:37:09 - [TEST_CASE][PASSED] - Test Cases/Test Reutilisable/Main/Creer Votre Compte: Test Cases/Test Reutilisable/Main/Creer Votre Compte

2023-11-23 14:37:09 - [TEST_STEP][PASSED] - "waiting for the number of elements in the DOM to stop changing": null

2023-11-23 14:37:09 - [TEST_STEP][PASSED] - com.kazurayam.ksbackyard.HighlightElement.pandemic(): com.kazurayam.ksbackyard.HighlightElement.pandemic is PASSED

2023-11-23 14:37:09 - [MESSAGE][PASSED] - com.kazurayam.ksbackyard.HighlightElement.pandemic is PASSED

2023-11-23 14:37:09 - [TEST_STEP][PASSED] - waitForPageLoad(5): Wait for page load successfully

2023-11-23 14:37:09 - [MESSAGE][INFO] - Checking timeout

2023-11-23 14:37:09 - [MESSAGE][PASSED] - Wait for page load successfully

2023-11-23 14:37:09 - [TEST_STEP][PASSED] - click(findTestObject("Object Repository/Connexion Usager/Link_Se Connecter")): Object: 'Object Repository/Connexion Usager/Link_Se Connecter' is clicked on

2023-11-23 14:37:09 - [MESSAGE][INFO] - Finding Test Object 'Object Repository/Connexion Usager/Link_Se Connecter'

2023-11-23 14:37:09 - [MESSAGE][INFO] - Checking timeout

2023-11-23 14:37:09 - [MESSAGE][INFO] - Finding web element with id: 'Object Repository/Connexion Usager/Link_Se Connecter' located by 'By.xpath: //*[@id="connexion_link"]' in '20' second(s)

2023-11-23 14:37:09 - [MESSAGE][INFO] - Smart Wait Function is triggered

2023-11-23 14:37:09 - [MESSAGE][INFO] - Found 1 web elements with id: 'Object Repository/Connexion Usager/Link_Se Connecter' located by 'By.xpath: //*[@id="connexion_link"]' in '20' second(s)

2023-11-23 14:37:09 - [MESSAGE][INFO] - Checking object

2023-11-23 14:37:09 - [MESSAGE][INFO] - Checking timeout

2023-11-23 14:37:09 - [MESSAGE][INFO] - Finding web element from Test Object's properties

2023-11-23 14:37:09 - [MESSAGE][INFO] - Checking timeout

2023-11-23 14:37:09 - [MESSAGE][INFO] - Finding web element with id: 'Object Repository/Connexion Usager/Link_Se Connecter' located by 'By.xpath: //*[@id="connexion_link"]' in '5' second(s)

2023-11-23 14:37:09 - [MESSAGE][INFO] - Smart Wait Function is triggered

2023-11-23 14:37:09 - [MESSAGE][INFO] - Found 1 web elements with id: 'Object Repository/Connexion Usager/Link_Se Connecter' located by 'By.xpath: //*[@id="connexion_link"]' in '5' second(s)

2023-11-23 14:37:09 - [MESSAGE][INFO] - Clicking on object: 'Object Repository/Connexion Usager/Link_Se Connecter'

2023-11-23 14:37:12 - [MESSAGE][PASSED] - Object: 'Object Repository/Connexion Usager/Link_Se Connecter' is clicked on

2023-11-23 14:37:12 - [TEST_STEP][PASSED] - if (EnvExec == "URL_ANEFQualif"): null

2023-11-23 14:37:12 - [TEST_STEP][PASSED] - click(findTestObject("Object Repository/Connexion Usager/Link_Creer Votre Compte")): Object: 'Object Repository/Connexion Usager/Link_Creer Votre Compte' is clicked on

2023-11-23 14:37:12 - [MESSAGE][INFO] - Finding Test Object 'Object Repository/Connexion Usager/Link_Creer Votre Compte'

2023-11-23 14:37:12 - [MESSAGE][INFO] - Checking timeout

2023-11-23 14:37:12 - [MESSAGE][INFO] - Finding web element with id: 'Object Repository/Connexion Usager/Link_Creer Votre Compte' located by 'By.xpath: /html/body/div/main/div[2]/a' in '20' second(s)

2023-11-23 14:37:12 - [MESSAGE][INFO] - Smart Wait Function is triggered

2023-11-23 14:37:12 - [MESSAGE][INFO] - Found 1 web elements with id: 'Object Repository/Connexion Usager/Link_Creer Votre Compte' located by 'By.xpath: /html/body/div/main/div[2]/a' in '20' second(s)

2023-11-23 14:37:12 - [MESSAGE][INFO] - Checking object

2023-11-23 14:37:12 - [MESSAGE][INFO] - Checking timeout

2023-11-23 14:37:12 - [MESSAGE][INFO] - Finding web element from Test Object's properties

2023-11-23 14:37:12 - [MESSAGE][INFO] - Checking timeout

2023-11-23 14:37:12 - [MESSAGE][INFO] - Finding web element with id: 'Object Repository/Connexion Usager/Link_Creer Votre Compte' located by 'By.xpath: /html/body/div/main/div[2]/a' in '5' second(s)

2023-11-23 14:37:12 - [MESSAGE][INFO] - Smart Wait Function is triggered

2023-11-23 14:37:12 - [MESSAGE][INFO] - Found 1 web elements with id: 'Object Repository/Connexion Usager/Link_Creer Votre Compte' located by 'By.xpath: /html/body/div/main/div[2]/a' in '5' second(s)

2023-11-23 14:37:12 - [MESSAGE][INFO] - Clicking on object: 'Object Repository/Connexion Usager/Link_Creer Votre Compte'

2023-11-23 14:37:15 - [MESSAGE][PASSED] - Object: 'Object Repository/Connexion Usager/Link_Creer Votre Compte' is clicked on

2023-11-23 14:37:15 - [TEST_STEP][PASSED] - waitForPageLoad(5): Wait for page load successfully

2023-11-23 14:37:15 - [MESSAGE][INFO] - Checking timeout

2023-11-23 14:37:15 - [MESSAGE][PASSED] - Wait for page load successfully

2023-11-23 14:37:15 - [TEST_STEP][PASSED] - println("NumEtrangerVisa = " + NumEtrangerVisa): null

2023-11-23 14:37:15 - [TEST_STEP][PASSED] - setText(findTestObject("Object Repository/Connexion Usager/Input_Numero etranger_Visa"), NumEtrangerVisa): Text '7703040870' is set on object 'Object Repository/Connexion Usager/Input_Numero etranger_Visa'

2023-11-23 14:37:15 - [MESSAGE][INFO] - Finding Test Object 'Object Repository/Connexion Usager/Input_Numero etranger_Visa'

2023-11-23 14:37:15 - [MESSAGE][INFO] - Checking timeout

2023-11-23 14:37:15 - [MESSAGE][INFO] - Finding web element with id: 'Object Repository/Connexion Usager/Input_Numero etranger_Visa' located by 'By.xpath: //*[@placeholder="Exemple : 9999999999" and @type = 'text']' in '20' second(s)

2023-11-23 14:37:15 - [MESSAGE][INFO] - Smart Wait Function is triggered

2023-11-23 14:37:15 - [MESSAGE][INFO] - Found 1 web elements with id: 'Object Repository/Connexion Usager/Input_Numero etranger_Visa' located by 'By.xpath: //*[@placeholder="Exemple : 9999999999" and @type = 'text']' in '20' second(s)

2023-11-23 14:37:15 - [MESSAGE][INFO] - Checking object

2023-11-23 14:37:15 - [MESSAGE][INFO] - Checking text

2023-11-23 14:37:15 - [MESSAGE][INFO] - Finding web element from Test Object's properties

2023-11-23 14:37:15 - [MESSAGE][INFO] - Checking timeout

2023-11-23 14:37:15 - [MESSAGE][INFO] - Finding web element with id: 'Object Repository/Connexion Usager/Input_Numero etranger_Visa' located by 'By.xpath: //*[@placeholder="Exemple : 9999999999" and @type = 'text']' in '5' second(s)

2023-11-23 14:37:15 - [MESSAGE][INFO] - Smart Wait Function is triggered

2023-11-23 14:37:15 - [MESSAGE][INFO] - Found 1 web elements with id: 'Object Repository/Connexion Usager/Input_Numero etranger_Visa' located by 'By.xpath: //*[@placeholder="Exemple : 9999999999" and @type = 'text']' in '5' second(s)

2023-11-23 14:37:15 - [MESSAGE][INFO] - Clearing text of object 'Object Repository/Connexion Usager/Input_Numero etranger_Visa'

2023-11-23 14:37:17 - [MESSAGE][INFO] - Finding web element from Test Object's properties

2023-11-23 14:37:17 - [MESSAGE][INFO] - Checking timeout

2023-11-23 14:37:17 - [MESSAGE][INFO] - Finding web element with id: 'Object Repository/Connexion Usager/Input_Numero etranger_Visa' located by 'By.xpath: //*[@placeholder="Exemple : 9999999999" and @type = 'text']' in '5' second(s)

2023-11-23 14:37:17 - [MESSAGE][INFO] - Smart Wait Function is triggered

2023-11-23 14:37:17 - [MESSAGE][INFO] - Found 1 web elements with id: 'Object Repository/Connexion Usager/Input_Numero etranger_Visa' located by 'By.xpath: //*[@placeholder="Exemple : 9999999999" and @type = 'text']' in '5' second(s)

2023-11-23 14:37:17 - [MESSAGE][INFO] - Setting text of object 'Object Repository/Connexion Usager/Input_Numero etranger_Visa' to value '7703040870'

2023-11-23 14:37:19 - [MESSAGE][PASSED] - Text '7703040870' is set on object 'Object Repository/Connexion Usager/Input_Numero etranger_Visa'

2023-11-23 14:37:19 - [TEST_STEP][PASSED] - DateDebut = DateDebut: null

2023-11-23 14:37:19 - [TEST_STEP][PASSED] - DateDebut = tools.MyStringTools.ParsedDateDebut(): tools.MyStringTools.ParsedDateDebut is PASSED

2023-11-23 14:37:19 - [MESSAGE][PASSED] - tools.MyStringTools.ParsedDateDebut is PASSED

2023-11-23 14:37:19 - [TEST_STEP][PASSED] - ParsedDateDebut = tools.MyStringTools.ParsedDateDebut(): tools.MyStringTools.ParsedDateDebut is PASSED

2023-11-23 14:37:19 - [MESSAGE][PASSED] - tools.MyStringTools.ParsedDateDebut is PASSED

2023-11-23 14:37:19 - [TEST_STEP][PASSED] - setText(findTestObject("Object Repository/Connexion Usager/Date Debut Validite/Input_Jour"), ParsedDateDebut[0]): Text '24' is set on object 'Object Repository/Connexion Usager/Date Debut Validite/Input_Jour'

2023-11-23 14:37:19 - [MESSAGE][INFO] - Finding Test Object 'Object Repository/Connexion Usager/Date Debut Validite/Input_Jour'

2023-11-23 14:37:20 - [MESSAGE][INFO] - Checking timeout

2023-11-23 14:37:20 - [MESSAGE][INFO] - Finding web element with id: 'Object Repository/Connexion Usager/Date Debut Validite/Input_Jour' located by 'By.xpath: /html/body/app-root/div/app-root/main/app-registration/div/div[3]/app-identification/form/div[2]/app-date[1]/fieldset/div[2]/div[1]/input' in '20' second(s)

2023-11-23 14:37:20 - [MESSAGE][INFO] - Smart Wait Function is triggered

2023-11-23 14:37:20 - [MESSAGE][INFO] - Found 1 web elements with id: 'Object Repository/Connexion Usager/Date Debut Validite/Input_Jour' located by 'By.xpath: /html/body/app-root/div/app-root/main/app-registration/div/div[3]/app-identification/form/div[2]/app-date[1]/fieldset/div[2]/div[1]/input' in '20' second(s)

2023-11-23 14:37:20 - [MESSAGE][INFO] - Checking object

2023-11-23 14:37:20 - [MESSAGE][INFO] - Checking text

2023-11-23 14:37:20 - [MESSAGE][INFO] - Finding web element from Test Object's properties

2023-11-23 14:37:20 - [MESSAGE][INFO] - Checking timeout

2023-11-23 14:37:20 - [MESSAGE][INFO] - Finding web element with id: 'Object Repository/Connexion Usager/Date Debut Validite/Input_Jour' located by 'By.xpath: /html/body/app-root/div/app-root/main/app-registration/div/div[3]/app-identification/form/div[2]/app-date[1]/fieldset/div[2]/div[1]/input' in '5' second(s)

2023-11-23 14:37:20 - [MESSAGE][INFO] - Smart Wait Function is triggered

2023-11-23 14:37:20 - [MESSAGE][INFO] - Found 1 web elements with id: 'Object Repository/Connexion Usager/Date Debut Validite/Input_Jour' located by 'By.xpath: /html/body/app-root/div/app-root/main/app-registration/div/div[3]/app-identification/form/div[2]/app-date[1]/fieldset/div[2]/div[1]/input' in '5' second(s)

2023-11-23 14:37:20 - [MESSAGE][INFO] - Clearing text of object 'Object Repository/Connexion Usager/Date Debut Validite/Input_Jour'

2023-11-23 14:37:22 - [MESSAGE][INFO] - Finding web element from Test Object's properties

2023-11-23 14:37:22 - [MESSAGE][INFO] - Checking timeout

2023-11-23 14:37:22 - [MESSAGE][INFO] - Finding web element with id: 'Object Repository/Connexion Usager/Date Debut Validite/Input_Jour' located by 'By.xpath: /html/body/app-root/div/app-root/main/app-registration/div/div[3]/app-identification/form/div[2]/app-date[1]/fieldset/div[2]/div[1]/input' in '5' second(s)

2023-11-23 14:37:22 - [MESSAGE][INFO] - Smart Wait Function is triggered

2023-11-23 14:37:22 - [MESSAGE][INFO] - Found 1 web elements with id: 'Object Repository/Connexion Usager/Date Debut Validite/Input_Jour' located by 'By.xpath: /html/body/app-root/div/app-root/main/app-registration/div/div[3]/app-identification/form/div[2]/app-date[1]/fieldset/div[2]/div[1]/input' in '5' second(s)

2023-11-23 14:37:22 - [MESSAGE][INFO] - Setting text of object 'Object Repository/Connexion Usager/Date Debut Validite/Input_Jour' to value '24'

2023-11-23 14:37:24 - [MESSAGE][PASSED] - Text '24' is set on object 'Object Repository/Connexion Usager/Date Debut Validite/Input_Jour'

2023-11-23 14:37:24 - [TEST_STEP][PASSED] - selectOptionByIndex(findTestObject("Object Repository/Connexion Usager/Date Debut Validite/Select_Mois"), ParsedDateDebut[1]): All options with index in [12] are selected on object 'Object Repository/Connexion Usager/Date Debut Validite/Select_Mois'

2023-11-23 14:37:24 - [MESSAGE][INFO] - Finding Test Object 'Object Repository/Connexion Usager/Date Debut Validite/Select_Mois'

2023-11-23 14:37:24 - [MESSAGE][INFO] - Checking timeout

2023-11-23 14:37:24 - [MESSAGE][INFO] - Finding web element with id: 'Object Repository/Connexion Usager/Date Debut Validite/Select_Mois' located by 'By.xpath: /html/body/app-root/div/app-root/main/app-registration/div/div[3]/app-identification/form/div[2]/app-date[1]/fieldset/div[2]/div[2]/select' in '20' second(s)

2023-11-23 14:37:24 - [MESSAGE][INFO] - Smart Wait Function is triggered

2023-11-23 14:37:24 - [MESSAGE][INFO] - Found 1 web elements with id: 'Object Repository/Connexion Usager/Date Debut Validite/Select_Mois' located by 'By.xpath: /html/body/app-root/div/app-root/main/app-registration/div/div[3]/app-identification/form/div[2]/app-date[1]/fieldset/div[2]/div[2]/select' in '20' second(s)

2023-11-23 14:37:24 - [MESSAGE][INFO] - Checking object

2023-11-23 14:37:24 - [MESSAGE][INFO] - Checking index range

2023-11-23 14:37:24 - [MESSAGE][INFO] - Converting range parameter '12' to index array

2023-11-23 14:37:24 - [MESSAGE][INFO] - Range parameter '12' is converted to index array [12]

2023-11-23 14:37:24 - [MESSAGE][INFO] - Finding web element from Test Object's properties

2023-11-23 14:37:24 - [MESSAGE][INFO] - Checking timeout

2023-11-23 14:37:24 - [MESSAGE][INFO] - Finding web element with id: 'Object Repository/Connexion Usager/Date Debut Validite/Select_Mois' located by 'By.xpath: /html/body/app-root/div/app-root/main/app-registration/div/div[3]/app-identification/form/div[2]/app-date[1]/fieldset/div[2]/div[2]/select' in '5' second(s)

2023-11-23 14:37:24 - [MESSAGE][INFO] - Smart Wait Function is triggered

2023-11-23 14:37:24 - [MESSAGE][INFO] - Found 1 web elements with id: 'Object Repository/Connexion Usager/Date Debut Validite/Select_Mois' located by 'By.xpath: /html/body/app-root/div/app-root/main/app-registration/div/div[3]/app-identification/form/div[2]/app-date[1]/fieldset/div[2]/div[2]/select' in '5' second(s)

2023-11-23 14:37:24 - [MESSAGE][INFO] - Checking index parameters

2023-11-23 14:37:24 - [MESSAGE][INFO] - Smart Wait Function is triggered

2023-11-23 14:37:24 - [MESSAGE][INFO] - Selecting options on object 'Object Repository/Connexion Usager/Date Debut Validite/Select_Mois' with index in [12]

2023-11-23 14:37:24 - [MESSAGE][INFO] - Smart Wait Function is triggered

2023-11-23 14:37:26 - [MESSAGE][INFO] - Option with index 12 is selected

2023-11-23 14:37:26 - [MESSAGE][PASSED] - All options with index in [12] are selected on object 'Object Repository/Connexion Usager/Date Debut Validite/Select_Mois'

2023-11-23 14:37:26 - [TEST_STEP][PASSED] - setText(findTestObject("Object Repository/Connexion Usager/Date Debut Validite/Input_Annee"), ParsedDateDebut[2]): Text '2022' is set on object 'Object Repository/Connexion Usager/Date Debut Validite/Input_Annee'

2023-11-23 14:37:26 - [MESSAGE][INFO] - Finding Test Object 'Object Repository/Connexion Usager/Date Debut Validite/Input_Annee'

2023-11-23 14:37:26 - [MESSAGE][INFO] - Checking timeout

2023-11-23 14:37:26 - [MESSAGE][INFO] - Finding web element with id: 'Object Repository/Connexion Usager/Date Debut Validite/Input_Annee' located by 'By.xpath: /html/body/app-root/div/app-root/main/app-registration/div/div[3]/app-identification/form/div[2]/app-date[1]/fieldset/div[2]/div[3]/input' in '20' second(s)

2023-11-23 14:37:26 - [MESSAGE][INFO] - Smart Wait Function is triggered

2023-11-23 14:37:26 - [MESSAGE][INFO] - Found 1 web elements with id: 'Object Repository/Connexion Usager/Date Debut Validite/Input_Annee' located by 'By.xpath: /html/body/app-root/div/app-root/main/app-registration/div/div[3]/app-identification/form/div[2]/app-date[1]/fieldset/div[2]/div[3]/input' in '20' second(s)

2023-11-23 14:37:26 - [MESSAGE][INFO] - Checking object

2023-11-23 14:37:26 - [MESSAGE][INFO] - Checking text

2023-11-23 14:37:26 - [MESSAGE][INFO] - Finding web element from Test Object's properties

2023-11-23 14:37:26 - [MESSAGE][INFO] - Checking timeout

2023-11-23 14:37:26 - [MESSAGE][INFO] - Finding web element with id: 'Object Repository/Connexion Usager/Date Debut Validite/Input_Annee' located by 'By.xpath: /html/body/app-root/div/app-root/main/app-registration/div/div[3]/app-identification/form/div[2]/app-date[1]/fieldset/div[2]/div[3]/input' in '5' second(s)

2023-11-23 14:37:26 - [MESSAGE][INFO] - Smart Wait Function is triggered

2023-11-23 14:37:26 - [MESSAGE][INFO] - Found 1 web elements with id: 'Object Repository/Connexion Usager/Date Debut Validite/Input_Annee' located by 'By.xpath: /html/body/app-root/div/app-root/main/app-registration/div/div[3]/app-identification/form/div[2]/app-date[1]/fieldset/div[2]/div[3]/input' in '5' second(s)

2023-11-23 14:37:26 - [MESSAGE][INFO] - Clearing text of object 'Object Repository/Connexion Usager/Date Debut Validite/Input_Annee'

2023-11-23 14:37:29 - [MESSAGE][INFO] - Finding web element from Test Object's properties

2023-11-23 14:37:29 - [MESSAGE][INFO] - Checking timeout

2023-11-23 14:37:29 - [MESSAGE][INFO] - Finding web element with id: 'Object Repository/Connexion Usager/Date Debut Validite/Input_Annee' located by 'By.xpath: /html/body/app-root/div/app-root/main/app-registration/div/div[3]/app-identification/form/div[2]/app-date[1]/fieldset/div[2]/div[3]/input' in '5' second(s)

2023-11-23 14:37:29 - [MESSAGE][INFO] - Smart Wait Function is triggered

2023-11-23 14:37:29 - [MESSAGE][INFO] - Found 1 web elements with id: 'Object Repository/Connexion Usager/Date Debut Validite/Input_Annee' located by 'By.xpath: /html/body/app-root/div/app-root/main/app-registration/div/div[3]/app-identification/form/div[2]/app-date[1]/fieldset/div[2]/div[3]/input' in '5' second(s)

2023-11-23 14:37:29 - [MESSAGE][INFO] - Setting text of object 'Object Repository/Connexion Usager/Date Debut Validite/Input_Annee' to value '2022'

2023-11-23 14:37:31 - [MESSAGE][PASSED] - Text '2022' is set on object 'Object Repository/Connexion Usager/Date Debut Validite/Input_Annee'

2023-11-23 14:37:31 - [TEST_STEP][PASSED] - DateFin = DateFin: null

2023-11-23 14:37:31 - [TEST_STEP][PASSED] - DateFin = tools.MyStringTools.ParsedDateFin(): tools.MyStringTools.ParsedDateFin is PASSED

2023-11-23 14:37:31 - [MESSAGE][PASSED] - tools.MyStringTools.ParsedDateFin is PASSED

2023-11-23 14:37:31 - [TEST_STEP][PASSED] - ParsedDateFin = tools.MyStringTools.ParsedDateFin(): tools.MyStringTools.ParsedDateFin is PASSED

2023-11-23 14:37:31 - [MESSAGE][PASSED] - tools.MyStringTools.ParsedDateFin is PASSED

2023-11-23 14:37:31 - [TEST_STEP][PASSED] - setText(findTestObject("Object Repository/Connexion Usager/Date Fin Validite/Input_Jour"), ParsedDateFin[0]): Text '23' is set on object 'Object Repository/Connexion Usager/Date Fin Validite/Input_Jour'

2023-11-23 14:37:31 - [MESSAGE][INFO] - Finding Test Object 'Object Repository/Connexion Usager/Date Fin Validite/Input_Jour'

2023-11-23 14:37:31 - [MESSAGE][INFO] - Checking timeout

2023-11-23 14:37:31 - [MESSAGE][INFO] - Finding web element with id: 'Object Repository/Connexion Usager/Date Fin Validite/Input_Jour' located by 'By.xpath: /html/body/app-root/div/app-root/main/app-registration/div/div[3]/app-identification/form/div[2]/app-date[2]/fieldset/div[2]/div[1]/input' in '20' second(s)

2023-11-23 14:37:31 - [MESSAGE][INFO] - Smart Wait Function is triggered

2023-11-23 14:37:31 - [MESSAGE][INFO] - Found 1 web elements with id: 'Object Repository/Connexion Usager/Date Fin Validite/Input_Jour' located by 'By.xpath: /html/body/app-root/div/app-root/main/app-registration/div/div[3]/app-identification/form/div[2]/app-date[2]/fieldset/div[2]/div[1]/input' in '20' second(s)

2023-11-23 14:37:31 - [MESSAGE][INFO] - Checking object

2023-11-23 14:37:31 - [MESSAGE][INFO] - Checking text

2023-11-23 14:37:31 - [MESSAGE][INFO] - Finding web element from Test Object's properties

2023-11-23 14:37:31 - [MESSAGE][INFO] - Checking timeout

2023-11-23 14:37:31 - [MESSAGE][INFO] - Finding web element with id: 'Object Repository/Connexion Usager/Date Fin Validite/Input_Jour' located by 'By.xpath: /html/body/app-root/div/app-root/main/app-registration/div/div[3]/app-identification/form/div[2]/app-date[2]/fieldset/div[2]/div[1]/input' in '5' second(s)

2023-11-23 14:37:31 - [MESSAGE][INFO] - Smart Wait Function is triggered

2023-11-23 14:37:31 - [MESSAGE][INFO] - Found 1 web elements with id: 'Object Repository/Connexion Usager/Date Fin Validite/Input_Jour' located by 'By.xpath: /html/body/app-root/div/app-root/main/app-registration/div/div[3]/app-identification/form/div[2]/app-date[2]/fieldset/div[2]/div[1]/input' in '5' second(s)

2023-11-23 14:37:31 - [MESSAGE][INFO] - Clearing text of object 'Object Repository/Connexion Usager/Date Fin Validite/Input_Jour'

2023-11-23 14:37:33 - [MESSAGE][INFO] - Finding web element from Test Object's properties

2023-11-23 14:37:33 - [MESSAGE][INFO] - Checking timeout

2023-11-23 14:37:33 - [MESSAGE][INFO] - Finding web element with id: 'Object Repository/Connexion Usager/Date Fin Validite/Input_Jour' located by 'By.xpath: /html/body/app-root/div/app-root/main/app-registration/div/div[3]/app-identification/form/div[2]/app-date[2]/fieldset/div[2]/div[1]/input' in '5' second(s)

2023-11-23 14:37:33 - [MESSAGE][INFO] - Smart Wait Function is triggered

2023-11-23 14:37:33 - [MESSAGE][INFO] - Found 1 web elements with id: 'Object Repository/Connexion Usager/Date Fin Validite/Input_Jour' located by 'By.xpath: /html/body/app-root/div/app-root/main/app-registration/div/div[3]/app-identification/form/div[2]/app-date[2]/fieldset/div[2]/div[1]/input' in '5' second(s)

2023-11-23 14:37:33 - [MESSAGE][INFO] - Setting text of object 'Object Repository/Connexion Usager/Date Fin Validite/Input_Jour' to value '23'

2023-11-23 14:37:35 - [MESSAGE][PASSED] - Text '23' is set on object 'Object Repository/Connexion Usager/Date Fin Validite/Input_Jour'

2023-11-23 14:37:35 - [TEST_STEP][PASSED] - selectOptionByIndex(findTestObject("Object Repository/Connexion Usager/Date Fin Validite/Select_Mois"), ParsedDateFin[1]): All options with index in [12] are selected on object 'Object Repository/Connexion Usager/Date Fin Validite/Select_Mois'

2023-11-23 14:37:35 - [MESSAGE][INFO] - Finding Test Object 'Object Repository/Connexion Usager/Date Fin Validite/Select_Mois'

2023-11-23 14:37:35 - [MESSAGE][INFO] - Checking timeout

2023-11-23 14:37:35 - [MESSAGE][INFO] - Finding web element with id: 'Object Repository/Connexion Usager/Date Fin Validite/Select_Mois' located by 'By.xpath: /html/body/app-root/div/app-root/main/app-registration/div/div[3]/app-identification/form/div[2]/app-date[2]/fieldset/div[2]/div[2]/select' in '20' second(s)

2023-11-23 14:37:35 - [MESSAGE][INFO] - Smart Wait Function is triggered

2023-11-23 14:37:35 - [MESSAGE][INFO] - Found 1 web elements with id: 'Object Repository/Connexion Usager/Date Fin Validite/Select_Mois' located by 'By.xpath: /html/body/app-root/div/app-root/main/app-registration/div/div[3]/app-identification/form/div[2]/app-date[2]/fieldset/div[2]/div[2]/select' in '20' second(s)

2023-11-23 14:37:35 - [MESSAGE][INFO] - Checking object

2023-11-23 14:37:35 - [MESSAGE][INFO] - Checking index range

2023-11-23 14:37:35 - [MESSAGE][INFO] - Converting range parameter '12' to index array

2023-11-23 14:37:35 - [MESSAGE][INFO] - Range parameter '12' is converted to index array [12]

2023-11-23 14:37:35 - [MESSAGE][INFO] - Finding web element from Test Object's properties

2023-11-23 14:37:35 - [MESSAGE][INFO] - Checking timeout

2023-11-23 14:37:35 - [MESSAGE][INFO] - Finding web element with id: 'Object Repository/Connexion Usager/Date Fin Validite/Select_Mois' located by 'By.xpath: /html/body/app-root/div/app-root/main/app-registration/div/div[3]/app-identification/form/div[2]/app-date[2]/fieldset/div[2]/div[2]/select' in '5' second(s)

2023-11-23 14:37:35 - [MESSAGE][INFO] - Smart Wait Function is triggered

2023-11-23 14:37:35 - [MESSAGE][INFO] - Found 1 web elements with id: 'Object Repository/Connexion Usager/Date Fin Validite/Select_Mois' located by 'By.xpath: /html/body/app-root/div/app-root/main/app-registration/div/div[3]/app-identification/form/div[2]/app-date[2]/fieldset/div[2]/div[2]/select' in '5' second(s)

2023-11-23 14:37:35 - [MESSAGE][INFO] - Checking index parameters

2023-11-23 14:37:35 - [MESSAGE][INFO] - Smart Wait Function is triggered

2023-11-23 14:37:35 - [MESSAGE][INFO] - Selecting options on object 'Object Repository/Connexion Usager/Date Fin Validite/Select_Mois' with index in [12]

2023-11-23 14:37:35 - [MESSAGE][INFO] - Smart Wait Function is triggered

2023-11-23 14:37:37 - [MESSAGE][INFO] - Option with index 12 is selected

2023-11-23 14:37:37 - [MESSAGE][PASSED] - All options with index in [12] are selected on object 'Object Repository/Connexion Usager/Date Fin Validite/Select_Mois'

2023-11-23 14:37:37 - [TEST_STEP][PASSED] - setText(findTestObject("Object Repository/Connexion Usager/Date Fin Validite/Input_Annee"), ParsedDateFin[2]): Text '2023' is set on object 'Object Repository/Connexion Usager/Date Fin Validite/Input_Annee'

2023-11-23 14:37:37 - [MESSAGE][INFO] - Finding Test Object 'Object Repository/Connexion Usager/Date Fin Validite/Input_Annee'

2023-11-23 14:37:38 - [MESSAGE][INFO] - Checking timeout

2023-11-23 14:37:38 - [MESSAGE][INFO] - Finding web element with id: 'Object Repository/Connexion Usager/Date Fin Validite/Input_Annee' located by 'By.xpath: /html/body/app-root/div/app-root/main/app-registration/div/div[3]/app-identification/form/div[2]/app-date[2]/fieldset/div[2]/div[3]/input' in '20' second(s)

2023-11-23 14:37:38 - [MESSAGE][INFO] - Smart Wait Function is triggered

2023-11-23 14:37:38 - [MESSAGE][INFO] - Found 1 web elements with id: 'Object Repository/Connexion Usager/Date Fin Validite/Input_Annee' located by 'By.xpath: /html/body/app-root/div/app-root/main/app-registration/div/div[3]/app-identification/form/div[2]/app-date[2]/fieldset/div[2]/div[3]/input' in '20' second(s)

2023-11-23 14:37:38 - [MESSAGE][INFO] - Checking object

2023-11-23 14:37:38 - [MESSAGE][INFO] - Checking text

2023-11-23 14:37:38 - [MESSAGE][INFO] - Finding web element from Test Object's properties

2023-11-23 14:37:38 - [MESSAGE][INFO] - Checking timeout

2023-11-23 14:37:38 - [MESSAGE][INFO] - Finding web element with id: 'Object Repository/Connexion Usager/Date Fin Validite/Input_Annee' located by 'By.xpath: /html/body/app-root/div/app-root/main/app-registration/div/div[3]/app-identification/form/div[2]/app-date[2]/fieldset/div[2]/div[3]/input' in '5' second(s)

2023-11-23 14:37:38 - [MESSAGE][INFO] - Smart Wait Function is triggered

2023-11-23 14:37:38 - [MESSAGE][INFO] - Found 1 web elements with id: 'Object Repository/Connexion Usager/Date Fin Validite/Input_Annee' located by 'By.xpath: /html/body/app-root/div/app-root/main/app-registration/div/div[3]/app-identification/form/div[2]/app-date[2]/fieldset/div[2]/div[3]/input' in '5' second(s)

2023-11-23 14:37:38 - [MESSAGE][INFO] - Clearing text of object 'Object Repository/Connexion Usager/Date Fin Validite/Input_Annee'

2023-11-23 14:37:40 - [MESSAGE][INFO] - Finding web element from Test Object's properties

2023-11-23 14:37:40 - [MESSAGE][INFO] - Checking timeout

2023-11-23 14:37:40 - [MESSAGE][INFO] - Finding web element with id: 'Object Repository/Connexion Usager/Date Fin Validite/Input_Annee' located by 'By.xpath: /html/body/app-root/div/app-root/main/app-registration/div/div[3]/app-identification/form/div[2]/app-date[2]/fieldset/div[2]/div[3]/input' in '5' second(s)

2023-11-23 14:37:40 - [MESSAGE][INFO] - Smart Wait Function is triggered

2023-11-23 14:37:40 - [MESSAGE][INFO] - Found 1 web elements with id: 'Object Repository/Connexion Usager/Date Fin Validite/Input_Annee' located by 'By.xpath: /html/body/app-root/div/app-root/main/app-registration/div/div[3]/app-identification/form/div[2]/app-date[2]/fieldset/div[2]/div[3]/input' in '5' second(s)

2023-11-23 14:37:40 - [MESSAGE][INFO] - Setting text of object 'Object Repository/Connexion Usager/Date Fin Validite/Input_Annee' to value '2023'

2023-11-23 14:37:42 - [MESSAGE][PASSED] - Text '2023' is set on object 'Object Repository/Connexion Usager/Date Fin Validite/Input_Annee'

2023-11-23 14:37:42 - [TEST_STEP][PASSED] - click(findTestObject("Object Repository/Connexion Usager/Btn_Creer Un Compte")): Object: 'Object Repository/Connexion Usager/Btn_Creer Un Compte' is clicked on

2023-11-23 14:37:42 - [MESSAGE][INFO] - Finding Test Object 'Object Repository/Connexion Usager/Btn_Creer Un Compte'

2023-11-23 14:37:42 - [MESSAGE][INFO] - Checking timeout

2023-11-23 14:37:42 - [MESSAGE][INFO] - Finding web element with id: 'Object Repository/Connexion Usager/Btn_Creer Un Compte' located by 'By.xpath: /html/body/app-root/div/app-root/main/app-registration/div/div[3]/app-identification/form/p-button/button' in '20' second(s)

2023-11-23 14:37:42 - [MESSAGE][INFO] - Smart Wait Function is triggered

2023-11-23 14:37:42 - [MESSAGE][INFO] - Found 1 web elements with id: 'Object Repository/Connexion Usager/Btn_Creer Un Compte' located by 'By.xpath: /html/body/app-root/div/app-root/main/app-registration/div/div[3]/app-identification/form/p-button/button' in '20' second(s)

2023-11-23 14:37:42 - [MESSAGE][INFO] - Checking object

2023-11-23 14:37:42 - [MESSAGE][INFO] - Checking timeout

2023-11-23 14:37:42 - [MESSAGE][INFO] - Finding web element from Test Object's properties

2023-11-23 14:37:42 - [MESSAGE][INFO] - Checking timeout

2023-11-23 14:37:42 - [MESSAGE][INFO] - Finding web element with id: 'Object Repository/Connexion Usager/Btn_Creer Un Compte' located by 'By.xpath: /html/body/app-root/div/app-root/main/app-registration/div/div[3]/app-identification/form/p-button/button' in '5' second(s)

2023-11-23 14:37:42 - [MESSAGE][INFO] - Smart Wait Function is triggered

2023-11-23 14:37:42 - [MESSAGE][INFO] - Found 1 web elements with id: 'Object Repository/Connexion Usager/Btn_Creer Un Compte' located by 'By.xpath: /html/body/app-root/div/app-root/main/app-registration/div/div[3]/app-identification/form/p-button/button' in '5' second(s)

2023-11-23 14:37:42 - [MESSAGE][INFO] - Clicking on object: 'Object Repository/Connexion Usager/Btn_Creer Un Compte'

2023-11-23 14:37:44 - [MESSAGE][PASSED] - Object: 'Object Repository/Connexion Usager/Btn_Creer Un Compte' is clicked on

2023-11-23 14:37:44 - [TEST_STEP][PASSED] - "VÃ©rification si Certaines informations que vous avez saisies sont incorrectes. Veuillez vÃ©rifier votre saisie. pb serveur AGERDF": null

2023-11-23 14:37:44 - [TEST_STEP][PASSED] - callTestCase(findTestCase("Test Cases/Test Reutilisable/Main/VerificationCertainesInformationsSontIncorrectes"), [:], OPTIONAL): Call Test Case 'Test Cases/Test Reutilisable/Main/VerificationCertainesInformationsSontIncorrectes' successfully

2023-11-23 14:37:44 - [MESSAGE][INFO] - Checking called Test Case

2023-11-23 14:37:44 - [MESSAGE][INFO] - Starting to call Test Case 'Test Cases/Test Reutilisable/Main/VerificationCertainesInformationsSontIncorrectes'

2023-11-23 14:37:44 - [TEST_CASE][PASSED] - Test Cases/Test Reutilisable/Main/VerificationCertainesInformationsSontIncorrectes: Test Cases/Test Reutilisable/Main/VerificationCertainesInformationsSontIncorrectes

2023-11-23 14:37:44 - [TEST_STEP][PASSED] - "VÃ©rification si Certaines informations que vous avez saisies sont incorrectes. Veuillez vÃ©rifier votre saisie. pb serveur AGERDF": null

2023-11-23 14:37:44 - [TEST_STEP][PASSED] - delay(3): Delayed 3 second(s)

2023-11-23 14:37:44 - [MESSAGE][INFO] - Delaying browser in 3 second(s)

2023-11-23 14:37:47 - [MESSAGE][PASSED] - Delayed 3 second(s)

2023-11-23 14:37:47 - [TEST_STEP][PASSED] - StopTestCase = false: null

2023-11-23 14:37:47 - [TEST_STEP][PASSED] - MsgAlertPresent = verifyElementVisible(findTestObject("Object Repository/Connexion Usager/lbl_CertainesInformationsSaisiesSontIncorrectes"), OPTIONAL): Object 'Object Repository/Connexion Usager/lbl_CertainesInformationsSaisiesSontIncorrectes' is visible

2023-11-23 14:37:47 - [MESSAGE][INFO] - Finding Test Object 'Object Repository/Connexion Usager/lbl_CertainesInformationsSaisiesSontIncorrectes'

2023-11-23 14:37:47 - [MESSAGE][INFO] - Checking object

2023-11-23 14:37:47 - [MESSAGE][INFO] - Finding web element from Test Object's properties

2023-11-23 14:37:47 - [MESSAGE][INFO] - Checking timeout

2023-11-23 14:37:47 - [MESSAGE][INFO] - Finding web element with id: 'Object Repository/Connexion Usager/lbl_CertainesInformationsSaisiesSontIncorrectes' located by 'By.xpath: //p' in '5' second(s)

2023-11-23 14:37:47 - [MESSAGE][INFO] - Smart Wait Function is triggered

2023-11-23 14:37:47 - [MESSAGE][INFO] - Found 4 web elements with id: 'Object Repository/Connexion Usager/lbl_CertainesInformationsSaisiesSontIncorrectes' located by 'By.xpath: //p' in '5' second(s)

2023-11-23 14:37:47 - [MESSAGE][PASSED] - Object 'Object Repository/Connexion Usager/lbl_CertainesInformationsSaisiesSontIncorrectes' is visible

2023-11-23 14:37:47 - [TEST_STEP][PASSED] - if (MsgAlertPresent): null

2023-11-23 14:37:47 - [TEST_STEP][PASSED] - TextAlert = getText(findTestObject("Object Repository/Connexion Usager/lbl_CertainesInformationsSaisiesSontIncorrectes"), OPTIONAL): Text of object 'Object Repository/Connexion Usager/lbl_CertainesInformationsSaisiesSontIncorrectes' is: 'Certaines informations que vous avez saisies sont incorrectes. Veuillez vÃ©rifier votre saisie.'

2023-11-23 14:37:47 - [MESSAGE][INFO] - Finding Test Object 'Object Repository/Connexion Usager/lbl_CertainesInformationsSaisiesSontIncorrectes'

2023-11-23 14:37:47 - [MESSAGE][INFO] - Checking object

2023-11-23 14:37:47 - [MESSAGE][INFO] - Finding web element from Test Object's properties

2023-11-23 14:37:47 - [MESSAGE][INFO] - Checking timeout

2023-11-23 14:37:47 - [MESSAGE][INFO] - Finding web element with id: 'Object Repository/Connexion Usager/lbl_CertainesInformationsSaisiesSontIncorrectes' located by 'By.xpath: //p' in '5' second(s)

2023-11-23 14:37:47 - [MESSAGE][INFO] - Smart Wait Function is triggered

2023-11-23 14:37:47 - [MESSAGE][INFO] - Found 4 web elements with id: 'Object Repository/Connexion Usager/lbl_CertainesInformationsSaisiesSontIncorrectes' located by 'By.xpath: //p' in '5' second(s)

2023-11-23 14:37:47 - [MESSAGE][INFO] - Getting text of object 'Object Repository/Connexion Usager/lbl_CertainesInformationsSaisiesSontIncorrectes'

2023-11-23 14:37:47 - [MESSAGE][PASSED] - Text of object 'Object Repository/Connexion Usager/lbl_CertainesInformationsSaisiesSontIncorrectes' is: 'Certaines informations que vous avez saisies sont incorrectes. Veuillez vÃ©rifier votre saisie.'

2023-11-23 14:37:47 - [TEST_STEP][PASSED] - tools.markWarningAndStop.markWarningAndStopTest(TextAlert): tools.markWarningAndStop.markWarningAndStopTest is PASSED

2023-11-23 14:37:47 - [MESSAGE][WARNING] - Certaines informations que vous avez saisies sont incorrectes. Veuillez vÃ©rifier votre saisie.

2023-11-23 14:37:47 - [MESSAGE][PASSED] - tools.markWarningAndStop.markWarningAndStopTest is PASSED

2023-11-23 14:37:47 - [TEST_STEP][PASSED] - MsgStopTestCase = TextAlert: null

2023-11-23 14:37:47 - [TEST_STEP][PASSED] - return null: null

2023-11-23 14:37:47 - [MESSAGE][PASSED] - Call Test Case 'Test Cases/Test Reutilisable/Main/VerificationCertainesInformationsSontIncorrectes' successfully

2023-11-23 14:37:47 - [TEST_STEP][PASSED] - if (StopTestCase == true): null

2023-11-23 14:37:47 - [TEST_STEP][PASSED] - return null: null

2023-11-23 14:37:47 - [MESSAGE][PASSED] - Call Test Case 'Test Cases/Test Reutilisable/Main/Creer Votre Compte' successfully

2023-11-23 14:37:47 - [TEST_STEP][PASSED] - if (StopTestCase == false): null

2023-11-23 14:37:50 - [TEST_STEP][PASSED] - Video: Video recording for test case 'Test Cases/Cas D Utilisations/Usager Etudiant/TNR R.TSPT Supp90-Etudiant' .

2023-11-23 14:37:50 - [MESSAGE][INFO] - Video recording for test case 'Test Cases/Cas D Utilisations/Usager Etudiant/TNR R.TSPT Supp90-Etudiant' .]]></system-out>
         <system-err><![CDATA[]]></system-err>
      </testcase>
      <testcase name="Test Cases/Cas D Utilisations/Usager Etudiant/TNR R.TSPT Supp90-Etudiant" time="391.543" classname="Test Cases/Cas D Utilisations/Usager Etudiant/TNR R.TSPT Supp90-Etudiant" status="FAILED">
         <failure type="FAILED" message="Test Cases/Cas D Utilisations/Usager Etudiant/TNR R.TSPT Supp90-Etudiant FAILED.
Reason:
com.kms.katalon.core.exception.StepFailedException: Call Test Case 'Test Cases/Test Reutilisable/DemandeOuRenouvelle_TitreSejour/FormulaireJustificatifs' failed
	at com.kms.katalon.core.keyword.builtin.CallTestCaseKeyword$_callTestCase_closure1.doCall(CallTestCaseKeyword.groovy:63)
	at com.kms.katalon.core.keyword.builtin.CallTestCaseKeyword$_callTestCase_closure1.call(CallTestCaseKeyword.groovy)
	at com.kms.katalon.core.keyword.internal.KeywordMain.runKeyword(KeywordMain.groovy:75)
	at com.kms.katalon.core.keyword.builtin.CallTestCaseKeyword.callTestCase(CallTestCaseKeyword.groovy:81)
	at com.kms.katalon.core.keyword.builtin.CallTestCaseKeyword.execute(CallTestCaseKeyword.groovy:44)
	at com.kms.katalon.core.keyword.internal.KeywordExecutor.executeKeywordForPlatform(KeywordExecutor.groovy:74)
	at com.kms.katalon.core.keyword.BuiltinKeywords.callTestCase(BuiltinKeywords.groovy:310)
	at com.kazurayam.ksbackyard.HighlightElement$_pandemic_closure1.doCall(HighlightElement.groovy:105)
	at TNR R.TSPT Supp90-Etudiant.run(TNR R.TSPT Supp90-Etudiant:62)
	at com.kms.katalon.core.main.ScriptEngine.run(ScriptEngine.java:194)
	at com.kms.katalon.core.main.ScriptEngine.runScriptAsRawText(ScriptEngine.java:119)
	at com.kms.katalon.core.main.TestCaseExecutor.runScript(TestCaseExecutor.java:448)
	at com.kms.katalon.core.main.TestCaseExecutor.doExecute(TestCaseExecutor.java:439)
	at com.kms.katalon.core.main.TestCaseExecutor.processExecutionPhase(TestCaseExecutor.java:418)
	at com.kms.katalon.core.main.TestCaseExecutor.accessMainPhase(TestCaseExecutor.java:410)
	at com.kms.katalon.core.main.TestCaseExecutor.execute(TestCaseExecutor.java:285)
	at com.kms.katalon.core.common.CommonExecutor.accessTestCaseMainPhase(CommonExecutor.java:65)
	at com.kms.katalon.core.main.TestSuiteExecutor.accessTestSuiteMainPhase(TestSuiteExecutor.java:148)
	at com.kms.katalon.core.main.TestSuiteExecutor.execute(TestSuiteExecutor.java:106)
	at com.kms.katalon.core.main.TestCaseMain.startTestSuite(TestCaseMain.java:187)
	at com.kms.katalon.core.main.TestCaseMain$startTestSuite$0.call(Unknown Source)
	at TempTestSuite1700746096123.run(TempTestSuite1700746096123.groovy:36)
Caused by: com.kms.katalon.core.exception.StepFailedException: Unable to wait for Angular to load.
	at com.kms.katalon.core.webui.keyword.internal.WebUIKeywordMain.stepFailed(WebUIKeywordMain.groovy:64)
	at com.kms.katalon.core.webui.keyword.internal.WebUIKeywordMain.runKeyword(WebUIKeywordMain.groovy:26)
	at com.kms.katalon.core.webui.keyword.internal.WebUIKeywordMain$runKeyword.call(Unknown Source)
	at com.kms.katalon.core.webui.keyword.builtin.WaitForAngularLoadKeyword.waitForAgularLoad(WaitForAngularLoadKeyword.groovy:50)
	at com.kms.katalon.core.webui.keyword.builtin.WaitForAngularLoadKeyword$waitForAgularLoad.callCurrent(Unknown Source)
	at com.kms.katalon.core.webui.keyword.builtin.WaitForAngularLoadKeyword.execute(WaitForAngularLoadKeyword.groovy:32)
	at com.kms.katalon.core.keyword.internal.KeywordExecutor.executeKeywordForPlatform(KeywordExecutor.groovy:74)
	at com.kms.katalon.core.webui.keyword.WebUiBuiltInKeywords.waitForAngularLoad(WebUiBuiltInKeywords.groovy:2471)
	at com.kazurayam.ksbackyard.HighlightElement$_pandemic_closure1.doCall(HighlightElement.groovy:105)
	at FormulaireJustificatifs.run(FormulaireJustificatifs:178)
	at com.kms.katalon.core.main.ScriptEngine.run(ScriptEngine.java:194)
	at com.kms.katalon.core.main.ScriptEngine.runScriptAsRawText(ScriptEngine.java:119)
	at com.kms.katalon.core.main.TestCaseExecutor.runScript(TestCaseExecutor.java:448)
	at com.kms.katalon.core.main.TestCaseExecutor.doExecute(TestCaseExecutor.java:439)
	at com.kms.katalon.core.main.TestCaseExecutor.processExecutionPhase(TestCaseExecutor.java:418)
	at com.kms.katalon.core.main.TestCaseExecutor.accessMainPhase(TestCaseExecutor.java:410)
	at com.kms.katalon.core.main.TestCaseExecutor.execute(TestCaseExecutor.java:285)
	at com.kms.katalon.core.main.TestCaseMain.runTestCase(TestCaseMain.java:144)
	at com.kms.katalon.core.keyword.builtin.CallTestCaseKeyword$_callTestCase_closure1.doCall(CallTestCaseKeyword.groovy:59)
	... 21 more
Caused by: org.openqa.selenium.TimeoutException: Expected condition failed: waiting for com.kms.katalon.core.webui.keyword.builtin.WaitForAngularLoadKeyword$1@12997ff6 (tried for 10 second(s) with 500 milliseconds interval)
Build info: version: '3.141.59', revision: 'e82be7d358', time: '2018-11-14T08:25:53'
System info: host: 'FR-L5448059', ip: '192.168.1.134', os.name: 'Windows 10', os.arch: 'amd64', os.version: '10.0', java.version: '1.8.0_362'
Driver info: com.kms.katalon.core.webui.driver.SmartWaitWebDriver
Capabilities {acceptInsecureCerts: false, browserName: chrome, browserVersion: 119.0.6045.160, chrome: {chromedriverVersion: 119.0.6045.105 (38c72552c5e..., userDataDir: C:\Users\ISSAM~1.RHA\AppDat...}, fedcm:accounts: true, goog:chromeOptions: {debuggerAddress: localhost:62788}, javascriptEnabled: true, networkConnectionEnabled: false, pageLoadStrategy: normal, platform: WINDOWS, platformName: WINDOWS, proxy: Proxy(), setWindowRect: true, strictFileInteractability: false, timeouts: {implicit: 0, pageLoad: 300000, script: 30000}, unhandledPromptBehavior: dismiss and notify, webauthn:extension:credBlob: true, webauthn:extension:largeBlob: true, webauthn:extension:minPinLength: true, webauthn:extension:prf: true, webauthn:virtualAuthenticators: true}
Session ID: d606915402822c957940de13cd1eb348
	at org.openqa.selenium.support.ui.WebDriverWait.timeoutException(WebDriverWait.java:95)
	at org.openqa.selenium.support.ui.FluentWait.until(FluentWait.java:272)
	at org.openqa.selenium.support.ui.Wait$until.call(Unknown Source)
	at com.kms.katalon.core.webui.keyword.builtin.WaitForAngularLoadKeyword$_waitForAgularLoad_closure1.doCall(WaitForAngularLoadKeyword.groovy:106)
	at com.kms.katalon.core.webui.keyword.builtin.WaitForAngularLoadKeyword$_waitForAgularLoad_closure1.doCall(WaitForAngularLoadKeyword.groovy)
	at com.kms.katalon.core.webui.keyword.internal.WebUIKeywordMain.runKeyword(WebUIKeywordMain.groovy:20)
	... 38 more
"/>
         <system-out><![CDATA[2023-11-23 14:37:50 - [TEST_CASE][FAILED] - Test Cases/Cas D Utilisations/Usager Etudiant/TNR R.TSPT Supp90-Etudiant: Test Cases/Cas D Utilisations/Usager Etudiant/TNR R.TSPT Supp90-Etudiant FAILED.
Reason:
com.kms.katalon.core.exception.StepFailedException: Call Test Case 'Test Cases/Test Reutilisable/DemandeOuRenouvelle_TitreSejour/FormulaireJustificatifs' failed
	at com.kms.katalon.core.keyword.builtin.CallTestCaseKeyword$_callTestCase_closure1.doCall(CallTestCaseKeyword.groovy:63)
	at com.kms.katalon.core.keyword.builtin.CallTestCaseKeyword$_callTestCase_closure1.call(CallTestCaseKeyword.groovy)
	at com.kms.katalon.core.keyword.internal.KeywordMain.runKeyword(KeywordMain.groovy:75)
	at com.kms.katalon.core.keyword.builtin.CallTestCaseKeyword.callTestCase(CallTestCaseKeyword.groovy:81)
	at com.kms.katalon.core.keyword.builtin.CallTestCaseKeyword.execute(CallTestCaseKeyword.groovy:44)
	at com.kms.katalon.core.keyword.internal.KeywordExecutor.executeKeywordForPlatform(KeywordExecutor.groovy:74)
	at com.kms.katalon.core.keyword.BuiltinKeywords.callTestCase(BuiltinKeywords.groovy:310)
	at com.kazurayam.ksbackyard.HighlightElement$_pandemic_closure1.doCall(HighlightElement.groovy:105)
	at TNR R.TSPT Supp90-Etudiant.run(TNR R.TSPT Supp90-Etudiant:62)
	at com.kms.katalon.core.main.ScriptEngine.run(ScriptEngine.java:194)
	at com.kms.katalon.core.main.ScriptEngine.runScriptAsRawText(ScriptEngine.java:119)
	at com.kms.katalon.core.main.TestCaseExecutor.runScript(TestCaseExecutor.java:448)
	at com.kms.katalon.core.main.TestCaseExecutor.doExecute(TestCaseExecutor.java:439)
	at com.kms.katalon.core.main.TestCaseExecutor.processExecutionPhase(TestCaseExecutor.java:418)
	at com.kms.katalon.core.main.TestCaseExecutor.accessMainPhase(TestCaseExecutor.java:410)
	at com.kms.katalon.core.main.TestCaseExecutor.execute(TestCaseExecutor.java:285)
	at com.kms.katalon.core.common.CommonExecutor.accessTestCaseMainPhase(CommonExecutor.java:65)
	at com.kms.katalon.core.main.TestSuiteExecutor.accessTestSuiteMainPhase(TestSuiteExecutor.java:148)
	at com.kms.katalon.core.main.TestSuiteExecutor.execute(TestSuiteExecutor.java:106)
	at com.kms.katalon.core.main.TestCaseMain.startTestSuite(TestCaseMain.java:187)
	at com.kms.katalon.core.main.TestCaseMain$startTestSuite$0.call(Unknown Source)
	at TempTestSuite1700746096123.run(TempTestSuite1700746096123.groovy:36)
Caused by: com.kms.katalon.core.exception.StepFailedException: Unable to wait for Angular to load.
	at com.kms.katalon.core.webui.keyword.internal.WebUIKeywordMain.stepFailed(WebUIKeywordMain.groovy:64)
	at com.kms.katalon.core.webui.keyword.internal.WebUIKeywordMain.runKeyword(WebUIKeywordMain.groovy:26)
	at com.kms.katalon.core.webui.keyword.internal.WebUIKeywordMain$runKeyword.call(Unknown Source)
	at com.kms.katalon.core.webui.keyword.builtin.WaitForAngularLoadKeyword.waitForAgularLoad(WaitForAngularLoadKeyword.groovy:50)
	at com.kms.katalon.core.webui.keyword.builtin.WaitForAngularLoadKeyword$waitForAgularLoad.callCurrent(Unknown Source)
	at com.kms.katalon.core.webui.keyword.builtin.WaitForAngularLoadKeyword.execute(WaitForAngularLoadKeyword.groovy:32)
	at com.kms.katalon.core.keyword.internal.KeywordExecutor.executeKeywordForPlatform(KeywordExecutor.groovy:74)
	at com.kms.katalon.core.webui.keyword.WebUiBuiltInKeywords.waitForAngularLoad(WebUiBuiltInKeywords.groovy:2471)
	at com.kazurayam.ksbackyard.HighlightElement$_pandemic_closure1.doCall(HighlightElement.groovy:105)
	at FormulaireJustificatifs.run(FormulaireJustificatifs:178)
	at com.kms.katalon.core.main.ScriptEngine.run(ScriptEngine.java:194)
	at com.kms.katalon.core.main.ScriptEngine.runScriptAsRawText(ScriptEngine.java:119)
	at com.kms.katalon.core.main.TestCaseExecutor.runScript(TestCaseExecutor.java:448)
	at com.kms.katalon.core.main.TestCaseExecutor.doExecute(TestCaseExecutor.java:439)
	at com.kms.katalon.core.main.TestCaseExecutor.processExecutionPhase(TestCaseExecutor.java:418)
	at com.kms.katalon.core.main.TestCaseExecutor.accessMainPhase(TestCaseExecutor.java:410)
	at com.kms.katalon.core.main.TestCaseExecutor.execute(TestCaseExecutor.java:285)
	at com.kms.katalon.core.main.TestCaseMain.runTestCase(TestCaseMain.java:144)
	at com.kms.katalon.core.keyword.builtin.CallTestCaseKeyword$_callTestCase_closure1.doCall(CallTestCaseKeyword.groovy:59)
	... 21 more
Caused by: org.openqa.selenium.TimeoutException: Expected condition failed: waiting for com.kms.katalon.core.webui.keyword.builtin.WaitForAngularLoadKeyword$1@12997ff6 (tried for 10 second(s) with 500 milliseconds interval)
Build info: version: '3.141.59', revision: 'e82be7d358', time: '2018-11-14T08:25:53'
System info: host: 'FR-L5448059', ip: '192.168.1.134', os.name: 'Windows 10', os.arch: 'amd64', os.version: '10.0', java.version: '1.8.0_362'
Driver info: com.kms.katalon.core.webui.driver.SmartWaitWebDriver
Capabilities {acceptInsecureCerts: false, browserName: chrome, browserVersion: 119.0.6045.160, chrome: {chromedriverVersion: 119.0.6045.105 (38c72552c5e..., userDataDir: C:\Users\ISSAM~1.RHA\AppDat...}, fedcm:accounts: true, goog:chromeOptions: {debuggerAddress: localhost:62788}, javascriptEnabled: true, networkConnectionEnabled: false, pageLoadStrategy: normal, platform: WINDOWS, platformName: WINDOWS, proxy: Proxy(), setWindowRect: true, strictFileInteractability: false, timeouts: {implicit: 0, pageLoad: 300000, script: 30000}, unhandledPromptBehavior: dismiss and notify, webauthn:extension:credBlob: true, webauthn:extension:largeBlob: true, webauthn:extension:minPinLength: true, webauthn:extension:prf: true, webauthn:virtualAuthenticators: true}
Session ID: d606915402822c957940de13cd1eb348
	at org.openqa.selenium.support.ui.WebDriverWait.timeoutException(WebDriverWait.java:95)
	at org.openqa.selenium.support.ui.FluentWait.until(FluentWait.java:272)
	at org.openqa.selenium.support.ui.Wait$until.call(Unknown Source)
	at com.kms.katalon.core.webui.keyword.builtin.WaitForAngularLoadKeyword$_waitForAgularLoad_closure1.doCall(WaitForAngularLoadKeyword.groovy:106)
	at com.kms.katalon.core.webui.keyword.builtin.WaitForAngularLoadKeyword$_waitForAgularLoad_closure1.doCall(WaitForAngularLoadKeyword.groovy)
	at com.kms.katalon.core.webui.keyword.internal.WebUIKeywordMain.runKeyword(WebUIKeywordMain.groovy:20)
	... 38 more


2023-11-23 14:37:50 - [TEST_STEP][PASSED] - com.kazurayam.ksbackyard.HighlightElement.pandemic(): com.kazurayam.ksbackyard.HighlightElement.pandemic is PASSED

2023-11-23 14:37:50 - [MESSAGE][PASSED] - com.kazurayam.ksbackyard.HighlightElement.pandemic is PASSED

2023-11-23 14:37:50 - [TEST_STEP][PASSED] - callTestCase(findTestCase("Test Reutilisable/Main/Lancer URL ANEF"), ["Profiles":"Usager", "EnvExec":EnvExec], STOP_ON_FAILURE): Call Test Case 'Test Cases/Test Reutilisable/Main/Lancer URL ANEF' successfully

2023-11-23 14:37:50 - [MESSAGE][INFO] - Checking called Test Case

2023-11-23 14:37:50 - [MESSAGE][INFO] - Starting to call Test Case 'Test Cases/Test Reutilisable/Main/Lancer URL ANEF'

2023-11-23 14:37:50 - [TEST_CASE][PASSED] - Test Cases/Test Reutilisable/Main/Lancer URL ANEF: Test Cases/Test Reutilisable/Main/Lancer URL ANEF

2023-11-23 14:37:50 - [TEST_STEP][PASSED] - "RunConfiguration: getProjectDir for LogDriver ": null

2023-11-23 14:37:50 - [TEST_STEP][PASSED] - RunBrowserConfiguration = getExecutionProperties(): null

2023-11-23 14:37:50 - [TEST_STEP][PASSED] - DriverName = "": null

2023-11-23 14:37:50 - [TEST_STEP][PASSED] - openBrowser(""): Browser is opened with url: ''

2023-11-23 14:37:50 - [MESSAGE][INFO] - Opening browser

2023-11-23 14:37:50 - [MESSAGE][WARNING] - A browser is already opened. Closing browser and opening a new one

2023-11-23 14:37:51 - [MESSAGE][INFO] - Starting 'Chrome' driver

2023-11-23 14:37:51 - [MESSAGE][INFO] - User set preference: ['args', '[--incognito, --start-maximized, --remote-allow-origins=*]']

2023-11-23 14:37:51 - [MESSAGE][INFO] - User set preference: ['prefs', '{download.default_directory=${GlobalVariable.downloadPath}, download_dir=${GlobalVariable.downloadPath}, download.prompt_for_download=false}']

2023-11-23 14:37:51 - [MESSAGE][INFO] - User set preference: ['loggingPrefs', '{browser=ALL}']

2023-11-23 14:37:51 - [MESSAGE][INFO] - Action delay is set to 2Â 000 milliseconds

2023-11-23 14:37:53 - [MESSAGE][PASSED] - Browser is opened with url: ''

2023-11-23 14:37:53 - [TEST_STEP][PASSED] - driver = getWebDriver(): null

2023-11-23 14:37:53 - [TEST_STEP][PASSED] - wrappedDriver = driver.getWrappedDriver(): null

2023-11-23 14:37:53 - [TEST_STEP][PASSED] - out.println(wrappedDriver.getClass()): null

2023-11-23 14:37:53 - [TEST_STEP][PASSED] - if (class == com.kms.katalon.selenium.driver.CRemoteWebDriver): null

2023-11-23 14:37:53 - [TEST_STEP][PASSED] - else: null

2023-11-23 14:37:53 - [TEST_STEP][PASSED] - DriverName = get("WebUI").get("browserType"): null

2023-11-23 14:37:53 - [TEST_STEP][PASSED] - println("DriverName :" + DriverName): null

2023-11-23 14:37:53 - [TEST_STEP][PASSED] - println("Driverpath :" + RunBrowserConfiguration.get("drivers")): null

2023-11-23 14:37:53 - [TEST_STEP][PASSED] - DriverName = DriverName: null

2023-11-23 14:37:53 - [TEST_STEP][PASSED] - delay(medium_wait): Delayed 3 second(s)

2023-11-23 14:37:53 - [MESSAGE][INFO] - Delaying browser in 3 second(s)

2023-11-23 14:37:56 - [MESSAGE][PASSED] - Delayed 3 second(s)

2023-11-23 14:37:56 - [TEST_STEP][PASSED] - executedBrowser = getExecutedBrowser(): null

2023-11-23 14:37:56 - [TEST_STEP][PASSED] - if (Profiles == "Usager"): null

2023-11-23 14:37:56 - [TEST_STEP][PASSED] - switch (DriverName): null

2023-11-23 14:37:56 - [TEST_STEP][PASSED] - case "CHROME_DRIVER":: null

2023-11-23 14:37:56 - [TEST_STEP][PASSED] - if (EnvExec == "URL_ANEFQualif"): null

2023-11-23 14:37:56 - [TEST_STEP][PASSED] - if (EnvExec == "URL_ANEFPreProd"): Navigate to 'https://preprod.administration-etrangers-en-france.interieur.gouv.fr/particuliers/#/' successfully

2023-11-23 14:37:56 - [TEST_STEP][PASSED] - navigateToUrl(URL_ANEFPreProd): Navigate to 'https://preprod.administration-etrangers-en-france.interieur.gouv.fr/particuliers/#/' successfully

2023-11-23 14:37:56 - [MESSAGE][INFO] - Checking url

2023-11-23 14:37:56 - [MESSAGE][INFO] - Navigating to 'https://preprod.administration-etrangers-en-france.interieur.gouv.fr/particuliers/#/'

2023-11-23 14:38:14 - [MESSAGE][PASSED] - Navigate to 'https://preprod.administration-etrangers-en-france.interieur.gouv.fr/particuliers/#/' successfully

2023-11-23 14:38:14 - [TEST_STEP][PASSED] - maximizeWindow(): Current window maximized

2023-11-23 14:38:14 - [MESSAGE][INFO] - Maximizing current window

2023-11-23 14:38:14 - [MESSAGE][PASSED] - Current window maximized

2023-11-23 14:38:14 - [TEST_STEP][PASSED] - System.setProperty("webdriver.chrome.driver", getChromeDriverPath()): null

2023-11-23 14:38:14 - [TEST_STEP][PASSED] - System.setProperty("webdriver.chrome.logfile", getProjectDir() + "/Dump/chromedriver.log"): null

2023-11-23 14:38:14 - [TEST_STEP][PASSED] - callTestCase(findTestCase("Test Reutilisable/Main/Erreur lie a la confidentialite"), [:], STOP_ON_FAILURE): Call Test Case 'Test Cases/Test Reutilisable/Main/Erreur lie a la confidentialite' successfully

2023-11-23 14:38:14 - [MESSAGE][INFO] - Checking called Test Case

2023-11-23 14:38:14 - [MESSAGE][INFO] - Starting to call Test Case 'Test Cases/Test Reutilisable/Main/Erreur lie a la confidentialite'

2023-11-23 14:38:14 - [TEST_CASE][PASSED] - Test Cases/Test Reutilisable/Main/Erreur lie a la confidentialite: Test Cases/Test Reutilisable/Main/Erreur lie a la confidentialite

2023-11-23 14:38:14 - [TEST_STEP][PASSED] - tools.WaitForLoadedPage.waitForElementRendering(): tools.WaitForLoadedPage.waitForElementRendering is PASSED

2023-11-23 14:38:14 - [MESSAGE][PASSED] - tools.WaitForLoadedPage.waitForElementRendering is PASSED

2023-11-23 14:38:14 - [TEST_STEP][PASSED] - "Call Highlight.on() automatically": null

2023-11-23 14:38:14 - [TEST_STEP][PASSED] - DriverName = DriverName: null

2023-11-23 14:38:14 - [TEST_STEP][PASSED] - if (DriverName == "CHROME_DRIVER" || "EDGE_CHROMIUM_DRIVER" || "HEADLESS_DRIVER"): null

2023-11-23 14:38:14 - [TEST_STEP][PASSED] - if (verifyElementPresent(findTestObject("Object Repository/Connexion Usager/Btn_Parametres Avances"), 2, OPTIONAL)): null

2023-11-23 14:38:14 - [MESSAGE][INFO] - Finding Test Object 'Object Repository/Connexion Usager/Btn_Parametres Avances'

2023-11-23 14:38:14 - [MESSAGE][INFO] - Checking object

2023-11-23 14:38:14 - [MESSAGE][INFO] - Finding web element from Test Object's properties

2023-11-23 14:38:14 - [MESSAGE][INFO] - Checking timeout

2023-11-23 14:38:14 - [MESSAGE][INFO] - Finding web element with id: 'Object Repository/Connexion Usager/Btn_Parametres Avances' located by 'By.xpath: //*[@id="details-button"]' in '2' second(s)

2023-11-23 14:38:14 - [MESSAGE][INFO] - Smart Wait Function is triggered

2023-11-23 14:38:14 - [MESSAGE][INFO] - Found 1 web elements with id: 'Object Repository/Connexion Usager/Btn_Parametres Avances' located by 'By.xpath: //*[@id="details-button"]' in '2' second(s)

2023-11-23 14:38:14 - [MESSAGE][PASSED] - Object 'Object Repository/Connexion Usager/Btn_Parametres Avances' is present

2023-11-23 14:38:14 - [TEST_STEP][PASSED] - click(findTestObject("Object Repository/Connexion Usager/Btn_Parametres Avances"), OPTIONAL): Object: 'Object Repository/Connexion Usager/Btn_Parametres Avances' is clicked on

2023-11-23 14:38:14 - [MESSAGE][INFO] - Finding Test Object 'Object Repository/Connexion Usager/Btn_Parametres Avances'

2023-11-23 14:38:15 - [MESSAGE][INFO] - Checking timeout

2023-11-23 14:38:15 - [MESSAGE][INFO] - Finding web element with id: 'Object Repository/Connexion Usager/Btn_Parametres Avances' located by 'By.xpath: //*[@id="details-button"]' in '20' second(s)

2023-11-23 14:38:15 - [MESSAGE][INFO] - Smart Wait Function is triggered

2023-11-23 14:38:15 - [MESSAGE][INFO] - Found 1 web elements with id: 'Object Repository/Connexion Usager/Btn_Parametres Avances' located by 'By.xpath: //*[@id="details-button"]' in '20' second(s)

2023-11-23 14:38:15 - [MESSAGE][INFO] - Checking object

2023-11-23 14:38:15 - [MESSAGE][INFO] - Checking timeout

2023-11-23 14:38:15 - [MESSAGE][INFO] - Finding web element from Test Object's properties

2023-11-23 14:38:15 - [MESSAGE][INFO] - Checking timeout

2023-11-23 14:38:15 - [MESSAGE][INFO] - Finding web element with id: 'Object Repository/Connexion Usager/Btn_Parametres Avances' located by 'By.xpath: //*[@id="details-button"]' in '5' second(s)

2023-11-23 14:38:15 - [MESSAGE][INFO] - Smart Wait Function is triggered

2023-11-23 14:38:15 - [MESSAGE][INFO] - Found 1 web elements with id: 'Object Repository/Connexion Usager/Btn_Parametres Avances' located by 'By.xpath: //*[@id="details-button"]' in '5' second(s)

2023-11-23 14:38:15 - [MESSAGE][INFO] - Clicking on object: 'Object Repository/Connexion Usager/Btn_Parametres Avances'

2023-11-23 14:38:17 - [MESSAGE][PASSED] - Object: 'Object Repository/Connexion Usager/Btn_Parametres Avances' is clicked on

2023-11-23 14:38:17 - [TEST_STEP][PASSED] - click(findTestObject("Object Repository/Connexion Usager/Link_Proceed-Link"), OPTIONAL): Object: 'Object Repository/Connexion Usager/Link_Proceed-Link' is clicked on

2023-11-23 14:38:17 - [MESSAGE][INFO] - Finding Test Object 'Object Repository/Connexion Usager/Link_Proceed-Link'

2023-11-23 14:38:17 - [MESSAGE][INFO] - Checking timeout

2023-11-23 14:38:17 - [MESSAGE][INFO] - Finding web element with id: 'Object Repository/Connexion Usager/Link_Proceed-Link' located by 'By.xpath: //*[@id="proceed-link"]' in '20' second(s)

2023-11-23 14:38:17 - [MESSAGE][INFO] - Smart Wait Function is triggered

2023-11-23 14:38:17 - [MESSAGE][INFO] - Found 1 web elements with id: 'Object Repository/Connexion Usager/Link_Proceed-Link' located by 'By.xpath: //*[@id="proceed-link"]' in '20' second(s)

2023-11-23 14:38:17 - [MESSAGE][INFO] - Checking object

2023-11-23 14:38:17 - [MESSAGE][INFO] - Checking timeout

2023-11-23 14:38:17 - [MESSAGE][INFO] - Finding web element from Test Object's properties

2023-11-23 14:38:17 - [MESSAGE][INFO] - Checking timeout

2023-11-23 14:38:17 - [MESSAGE][INFO] - Finding web element with id: 'Object Repository/Connexion Usager/Link_Proceed-Link' located by 'By.xpath: //*[@id="proceed-link"]' in '5' second(s)

2023-11-23 14:38:17 - [MESSAGE][INFO] - Smart Wait Function is triggered

2023-11-23 14:38:17 - [MESSAGE][INFO] - Found 1 web elements with id: 'Object Repository/Connexion Usager/Link_Proceed-Link' located by 'By.xpath: //*[@id="proceed-link"]' in '5' second(s)

2023-11-23 14:38:17 - [MESSAGE][INFO] - Clicking on object: 'Object Repository/Connexion Usager/Link_Proceed-Link'

2023-11-23 14:38:20 - [MESSAGE][PASSED] - Object: 'Object Repository/Connexion Usager/Link_Proceed-Link' is clicked on

2023-11-23 14:38:20 - [TEST_STEP][PASSED] - if (DriverName == "IE_DRIVER"): null

2023-11-23 14:38:20 - [TEST_STEP][PASSED] - delay(3): Delayed 3 second(s)

2023-11-23 14:38:20 - [MESSAGE][INFO] - Delaying browser in 3 second(s)

2023-11-23 14:38:23 - [MESSAGE][PASSED] - Delayed 3 second(s)

2023-11-23 14:38:23 - [MESSAGE][PASSED] - Call Test Case 'Test Cases/Test Reutilisable/Main/Erreur lie a la confidentialite' successfully

2023-11-23 14:38:23 - [TEST_STEP][PASSED] - delay(5): Delayed 5 second(s)

2023-11-23 14:38:23 - [MESSAGE][INFO] - Delaying browser in 5 second(s)

2023-11-23 14:38:28 - [MESSAGE][PASSED] - Delayed 5 second(s)

2023-11-23 14:38:28 - [TEST_STEP][PASSED] - verifyElementVisible(findTestObject("Object Repository/Connexion Usager/Link_Se Connecter"), STOP_ON_FAILURE): Object 'Object Repository/Connexion Usager/Link_Se Connecter' is visible

2023-11-23 14:38:28 - [MESSAGE][INFO] - Finding Test Object 'Object Repository/Connexion Usager/Link_Se Connecter'

2023-11-23 14:38:28 - [MESSAGE][INFO] - Checking object

2023-11-23 14:38:28 - [MESSAGE][INFO] - Finding web element from Test Object's properties

2023-11-23 14:38:28 - [MESSAGE][INFO] - Checking timeout

2023-11-23 14:38:28 - [MESSAGE][INFO] - Finding web element with id: 'Object Repository/Connexion Usager/Link_Se Connecter' located by 'By.xpath: //*[@id="connexion_link"]' in '5' second(s)

2023-11-23 14:38:28 - [MESSAGE][INFO] - Smart Wait Function is triggered

2023-11-23 14:38:28 - [MESSAGE][INFO] - Found 1 web elements with id: 'Object Repository/Connexion Usager/Link_Se Connecter' located by 'By.xpath: //*[@id="connexion_link"]' in '5' second(s)

2023-11-23 14:38:28 - [MESSAGE][PASSED] - Object 'Object Repository/Connexion Usager/Link_Se Connecter' is visible

2023-11-23 14:38:28 - [TEST_STEP][PASSED] - break: null

2023-11-23 14:38:28 - [TEST_STEP][PASSED] - if (Profiles == "Agent"): null

2023-11-23 14:38:28 - [TEST_STEP][PASSED] - else: null

2023-11-23 14:38:28 - [TEST_STEP][PASSED] - println("VÃ©rifier le Portail de votre connexion Usager ou Agent"): null

2023-11-23 14:38:28 - [MESSAGE][PASSED] - Call Test Case 'Test Cases/Test Reutilisable/Main/Lancer URL ANEF' successfully

2023-11-23 14:38:28 - [TEST_STEP][PASSED] - callTestCase(findTestCase("Test Reutilisable/Main/Creer Votre Compte"), ["NumEtrangerVisa":NumEtrangerVisa, "DateDebut":DateDebut, "DateFin":DateFin, "EnvExec":EnvExec], STOP_ON_FAILURE): Call Test Case 'Test Cases/Test Reutilisable/Main/Creer Votre Compte' successfully

2023-11-23 14:38:28 - [MESSAGE][INFO] - Checking called Test Case

2023-11-23 14:38:28 - [MESSAGE][INFO] - Starting to call Test Case 'Test Cases/Test Reutilisable/Main/Creer Votre Compte'

2023-11-23 14:38:28 - [TEST_CASE][PASSED] - Test Cases/Test Reutilisable/Main/Creer Votre Compte: Test Cases/Test Reutilisable/Main/Creer Votre Compte

2023-11-23 14:38:28 - [TEST_STEP][PASSED] - "waiting for the number of elements in the DOM to stop changing": null

2023-11-23 14:38:28 - [TEST_STEP][PASSED] - com.kazurayam.ksbackyard.HighlightElement.pandemic(): com.kazurayam.ksbackyard.HighlightElement.pandemic is PASSED

2023-11-23 14:38:28 - [MESSAGE][PASSED] - com.kazurayam.ksbackyard.HighlightElement.pandemic is PASSED

2023-11-23 14:38:28 - [TEST_STEP][PASSED] - waitForPageLoad(5): Wait for page load successfully

2023-11-23 14:38:28 - [MESSAGE][INFO] - Checking timeout

2023-11-23 14:38:28 - [MESSAGE][PASSED] - Wait for page load successfully

2023-11-23 14:38:28 - [TEST_STEP][PASSED] - click(findTestObject("Object Repository/Connexion Usager/Link_Se Connecter")): Object: 'Object Repository/Connexion Usager/Link_Se Connecter' is clicked on

2023-11-23 14:38:28 - [MESSAGE][INFO] - Finding Test Object 'Object Repository/Connexion Usager/Link_Se Connecter'

2023-11-23 14:38:28 - [MESSAGE][INFO] - Checking timeout

2023-11-23 14:38:28 - [MESSAGE][INFO] - Finding web element with id: 'Object Repository/Connexion Usager/Link_Se Connecter' located by 'By.xpath: //*[@id="connexion_link"]' in '20' second(s)

2023-11-23 14:38:28 - [MESSAGE][INFO] - Smart Wait Function is triggered

2023-11-23 14:38:28 - [MESSAGE][INFO] - Found 1 web elements with id: 'Object Repository/Connexion Usager/Link_Se Connecter' located by 'By.xpath: //*[@id="connexion_link"]' in '20' second(s)

2023-11-23 14:38:28 - [MESSAGE][INFO] - Checking object

2023-11-23 14:38:28 - [MESSAGE][INFO] - Checking timeout

2023-11-23 14:38:28 - [MESSAGE][INFO] - Finding web element from Test Object's properties

2023-11-23 14:38:28 - [MESSAGE][INFO] - Checking timeout

2023-11-23 14:38:28 - [MESSAGE][INFO] - Finding web element with id: 'Object Repository/Connexion Usager/Link_Se Connecter' located by 'By.xpath: //*[@id="connexion_link"]' in '5' second(s)

2023-11-23 14:38:28 - [MESSAGE][INFO] - Smart Wait Function is triggered

2023-11-23 14:38:28 - [MESSAGE][INFO] - Found 1 web elements with id: 'Object Repository/Connexion Usager/Link_Se Connecter' located by 'By.xpath: //*[@id="connexion_link"]' in '5' second(s)

2023-11-23 14:38:28 - [MESSAGE][INFO] - Clicking on object: 'Object Repository/Connexion Usager/Link_Se Connecter'

2023-11-23 14:38:31 - [MESSAGE][PASSED] - Object: 'Object Repository/Connexion Usager/Link_Se Connecter' is clicked on

2023-11-23 14:38:31 - [TEST_STEP][PASSED] - if (EnvExec == "URL_ANEFQualif"): null

2023-11-23 14:38:31 - [TEST_STEP][PASSED] - click(findTestObject("Object Repository/Connexion Usager/Link_Creer Votre Compte")): Object: 'Object Repository/Connexion Usager/Link_Creer Votre Compte' is clicked on

2023-11-23 14:38:31 - [MESSAGE][INFO] - Finding Test Object 'Object Repository/Connexion Usager/Link_Creer Votre Compte'

2023-11-23 14:38:31 - [MESSAGE][INFO] - Checking timeout

2023-11-23 14:38:31 - [MESSAGE][INFO] - Finding web element with id: 'Object Repository/Connexion Usager/Link_Creer Votre Compte' located by 'By.xpath: /html/body/div/main/div[2]/a' in '20' second(s)

2023-11-23 14:38:31 - [MESSAGE][INFO] - Smart Wait Function is triggered

2023-11-23 14:38:31 - [MESSAGE][INFO] - Found 1 web elements with id: 'Object Repository/Connexion Usager/Link_Creer Votre Compte' located by 'By.xpath: /html/body/div/main/div[2]/a' in '20' second(s)

2023-11-23 14:38:31 - [MESSAGE][INFO] - Checking object

2023-11-23 14:38:31 - [MESSAGE][INFO] - Checking timeout

2023-11-23 14:38:31 - [MESSAGE][INFO] - Finding web element from Test Object's properties

2023-11-23 14:38:31 - [MESSAGE][INFO] - Checking timeout

2023-11-23 14:38:31 - [MESSAGE][INFO] - Finding web element with id: 'Object Repository/Connexion Usager/Link_Creer Votre Compte' located by 'By.xpath: /html/body/div/main/div[2]/a' in '5' second(s)

2023-11-23 14:38:31 - [MESSAGE][INFO] - Smart Wait Function is triggered

2023-11-23 14:38:31 - [MESSAGE][INFO] - Found 1 web elements with id: 'Object Repository/Connexion Usager/Link_Creer Votre Compte' located by 'By.xpath: /html/body/div/main/div[2]/a' in '5' second(s)

2023-11-23 14:38:31 - [MESSAGE][INFO] - Clicking on object: 'Object Repository/Connexion Usager/Link_Creer Votre Compte'

2023-11-23 14:38:34 - [MESSAGE][PASSED] - Object: 'Object Repository/Connexion Usager/Link_Creer Votre Compte' is clicked on

2023-11-23 14:38:34 - [TEST_STEP][PASSED] - waitForPageLoad(5): Wait for page load successfully

2023-11-23 14:38:34 - [MESSAGE][INFO] - Checking timeout

2023-11-23 14:38:34 - [MESSAGE][PASSED] - Wait for page load successfully

2023-11-23 14:38:34 - [TEST_STEP][PASSED] - println("NumEtrangerVisa = " + NumEtrangerVisa): null

2023-11-23 14:38:34 - [TEST_STEP][PASSED] - setText(findTestObject("Object Repository/Connexion Usager/Input_Numero etranger_Visa"), NumEtrangerVisa): Text '7703040871' is set on object 'Object Repository/Connexion Usager/Input_Numero etranger_Visa'

2023-11-23 14:38:34 - [MESSAGE][INFO] - Finding Test Object 'Object Repository/Connexion Usager/Input_Numero etranger_Visa'

2023-11-23 14:38:34 - [MESSAGE][INFO] - Checking timeout

2023-11-23 14:38:34 - [MESSAGE][INFO] - Finding web element with id: 'Object Repository/Connexion Usager/Input_Numero etranger_Visa' located by 'By.xpath: //*[@placeholder="Exemple : 9999999999" and @type = 'text']' in '20' second(s)

2023-11-23 14:38:34 - [MESSAGE][INFO] - Smart Wait Function is triggered

2023-11-23 14:38:35 - [MESSAGE][INFO] - Found 1 web elements with id: 'Object Repository/Connexion Usager/Input_Numero etranger_Visa' located by 'By.xpath: //*[@placeholder="Exemple : 9999999999" and @type = 'text']' in '20' second(s)

2023-11-23 14:38:35 - [MESSAGE][INFO] - Checking object

2023-11-23 14:38:35 - [MESSAGE][INFO] - Checking text

2023-11-23 14:38:35 - [MESSAGE][INFO] - Finding web element from Test Object's properties

2023-11-23 14:38:35 - [MESSAGE][INFO] - Checking timeout

2023-11-23 14:38:35 - [MESSAGE][INFO] - Finding web element with id: 'Object Repository/Connexion Usager/Input_Numero etranger_Visa' located by 'By.xpath: //*[@placeholder="Exemple : 9999999999" and @type = 'text']' in '5' second(s)

2023-11-23 14:38:35 - [MESSAGE][INFO] - Smart Wait Function is triggered

2023-11-23 14:38:35 - [MESSAGE][INFO] - Found 1 web elements with id: 'Object Repository/Connexion Usager/Input_Numero etranger_Visa' located by 'By.xpath: //*[@placeholder="Exemple : 9999999999" and @type = 'text']' in '5' second(s)

2023-11-23 14:38:35 - [MESSAGE][INFO] - Clearing text of object 'Object Repository/Connexion Usager/Input_Numero etranger_Visa'

2023-11-23 14:38:37 - [MESSAGE][INFO] - Finding web element from Test Object's properties

2023-11-23 14:38:37 - [MESSAGE][INFO] - Checking timeout

2023-11-23 14:38:37 - [MESSAGE][INFO] - Finding web element with id: 'Object Repository/Connexion Usager/Input_Numero etranger_Visa' located by 'By.xpath: //*[@placeholder="Exemple : 9999999999" and @type = 'text']' in '5' second(s)

2023-11-23 14:38:37 - [MESSAGE][INFO] - Smart Wait Function is triggered

2023-11-23 14:38:37 - [MESSAGE][INFO] - Found 1 web elements with id: 'Object Repository/Connexion Usager/Input_Numero etranger_Visa' located by 'By.xpath: //*[@placeholder="Exemple : 9999999999" and @type = 'text']' in '5' second(s)

2023-11-23 14:38:37 - [MESSAGE][INFO] - Setting text of object 'Object Repository/Connexion Usager/Input_Numero etranger_Visa' to value '7703040871'

2023-11-23 14:38:39 - [MESSAGE][PASSED] - Text '7703040871' is set on object 'Object Repository/Connexion Usager/Input_Numero etranger_Visa'

2023-11-23 14:38:39 - [TEST_STEP][PASSED] - DateDebut = DateDebut: null

2023-11-23 14:38:39 - [TEST_STEP][PASSED] - DateDebut = tools.MyStringTools.ParsedDateDebut(): tools.MyStringTools.ParsedDateDebut is PASSED

2023-11-23 14:38:39 - [MESSAGE][PASSED] - tools.MyStringTools.ParsedDateDebut is PASSED

2023-11-23 14:38:39 - [TEST_STEP][PASSED] - ParsedDateDebut = tools.MyStringTools.ParsedDateDebut(): tools.MyStringTools.ParsedDateDebut is PASSED

2023-11-23 14:38:39 - [MESSAGE][PASSED] - tools.MyStringTools.ParsedDateDebut is PASSED

2023-11-23 14:38:39 - [TEST_STEP][PASSED] - setText(findTestObject("Object Repository/Connexion Usager/Date Debut Validite/Input_Jour"), ParsedDateDebut[0]): Text '24' is set on object 'Object Repository/Connexion Usager/Date Debut Validite/Input_Jour'

2023-11-23 14:38:39 - [MESSAGE][INFO] - Finding Test Object 'Object Repository/Connexion Usager/Date Debut Validite/Input_Jour'

2023-11-23 14:38:39 - [MESSAGE][INFO] - Checking timeout

2023-11-23 14:38:39 - [MESSAGE][INFO] - Finding web element with id: 'Object Repository/Connexion Usager/Date Debut Validite/Input_Jour' located by 'By.xpath: /html/body/app-root/div/app-root/main/app-registration/div/div[3]/app-identification/form/div[2]/app-date[1]/fieldset/div[2]/div[1]/input' in '20' second(s)

2023-11-23 14:38:39 - [MESSAGE][INFO] - Smart Wait Function is triggered

2023-11-23 14:38:39 - [MESSAGE][INFO] - Found 1 web elements with id: 'Object Repository/Connexion Usager/Date Debut Validite/Input_Jour' located by 'By.xpath: /html/body/app-root/div/app-root/main/app-registration/div/div[3]/app-identification/form/div[2]/app-date[1]/fieldset/div[2]/div[1]/input' in '20' second(s)

2023-11-23 14:38:39 - [MESSAGE][INFO] - Checking object

2023-11-23 14:38:39 - [MESSAGE][INFO] - Checking text

2023-11-23 14:38:39 - [MESSAGE][INFO] - Finding web element from Test Object's properties

2023-11-23 14:38:39 - [MESSAGE][INFO] - Checking timeout

2023-11-23 14:38:39 - [MESSAGE][INFO] - Finding web element with id: 'Object Repository/Connexion Usager/Date Debut Validite/Input_Jour' located by 'By.xpath: /html/body/app-root/div/app-root/main/app-registration/div/div[3]/app-identification/form/div[2]/app-date[1]/fieldset/div[2]/div[1]/input' in '5' second(s)

2023-11-23 14:38:39 - [MESSAGE][INFO] - Smart Wait Function is triggered

2023-11-23 14:38:39 - [MESSAGE][INFO] - Found 1 web elements with id: 'Object Repository/Connexion Usager/Date Debut Validite/Input_Jour' located by 'By.xpath: /html/body/app-root/div/app-root/main/app-registration/div/div[3]/app-identification/form/div[2]/app-date[1]/fieldset/div[2]/div[1]/input' in '5' second(s)

2023-11-23 14:38:39 - [MESSAGE][INFO] - Clearing text of object 'Object Repository/Connexion Usager/Date Debut Validite/Input_Jour'

2023-11-23 14:38:41 - [MESSAGE][INFO] - Finding web element from Test Object's properties

2023-11-23 14:38:41 - [MESSAGE][INFO] - Checking timeout

2023-11-23 14:38:41 - [MESSAGE][INFO] - Finding web element with id: 'Object Repository/Connexion Usager/Date Debut Validite/Input_Jour' located by 'By.xpath: /html/body/app-root/div/app-root/main/app-registration/div/div[3]/app-identification/form/div[2]/app-date[1]/fieldset/div[2]/div[1]/input' in '5' second(s)

2023-11-23 14:38:41 - [MESSAGE][INFO] - Smart Wait Function is triggered

2023-11-23 14:38:41 - [MESSAGE][INFO] - Found 1 web elements with id: 'Object Repository/Connexion Usager/Date Debut Validite/Input_Jour' located by 'By.xpath: /html/body/app-root/div/app-root/main/app-registration/div/div[3]/app-identification/form/div[2]/app-date[1]/fieldset/div[2]/div[1]/input' in '5' second(s)

2023-11-23 14:38:41 - [MESSAGE][INFO] - Setting text of object 'Object Repository/Connexion Usager/Date Debut Validite/Input_Jour' to value '24'

2023-11-23 14:38:43 - [MESSAGE][PASSED] - Text '24' is set on object 'Object Repository/Connexion Usager/Date Debut Validite/Input_Jour'

2023-11-23 14:38:43 - [TEST_STEP][PASSED] - selectOptionByIndex(findTestObject("Object Repository/Connexion Usager/Date Debut Validite/Select_Mois"), ParsedDateDebut[1]): All options with index in [12] are selected on object 'Object Repository/Connexion Usager/Date Debut Validite/Select_Mois'

2023-11-23 14:38:43 - [MESSAGE][INFO] - Finding Test Object 'Object Repository/Connexion Usager/Date Debut Validite/Select_Mois'

2023-11-23 14:38:43 - [MESSAGE][INFO] - Checking timeout

2023-11-23 14:38:43 - [MESSAGE][INFO] - Finding web element with id: 'Object Repository/Connexion Usager/Date Debut Validite/Select_Mois' located by 'By.xpath: /html/body/app-root/div/app-root/main/app-registration/div/div[3]/app-identification/form/div[2]/app-date[1]/fieldset/div[2]/div[2]/select' in '20' second(s)

2023-11-23 14:38:43 - [MESSAGE][INFO] - Smart Wait Function is triggered

2023-11-23 14:38:43 - [MESSAGE][INFO] - Found 1 web elements with id: 'Object Repository/Connexion Usager/Date Debut Validite/Select_Mois' located by 'By.xpath: /html/body/app-root/div/app-root/main/app-registration/div/div[3]/app-identification/form/div[2]/app-date[1]/fieldset/div[2]/div[2]/select' in '20' second(s)

2023-11-23 14:38:43 - [MESSAGE][INFO] - Checking object

2023-11-23 14:38:43 - [MESSAGE][INFO] - Checking index range

2023-11-23 14:38:43 - [MESSAGE][INFO] - Converting range parameter '12' to index array

2023-11-23 14:38:43 - [MESSAGE][INFO] - Range parameter '12' is converted to index array [12]

2023-11-23 14:38:43 - [MESSAGE][INFO] - Finding web element from Test Object's properties

2023-11-23 14:38:43 - [MESSAGE][INFO] - Checking timeout

2023-11-23 14:38:43 - [MESSAGE][INFO] - Finding web element with id: 'Object Repository/Connexion Usager/Date Debut Validite/Select_Mois' located by 'By.xpath: /html/body/app-root/div/app-root/main/app-registration/div/div[3]/app-identification/form/div[2]/app-date[1]/fieldset/div[2]/div[2]/select' in '5' second(s)

2023-11-23 14:38:43 - [MESSAGE][INFO] - Smart Wait Function is triggered

2023-11-23 14:38:43 - [MESSAGE][INFO] - Found 1 web elements with id: 'Object Repository/Connexion Usager/Date Debut Validite/Select_Mois' located by 'By.xpath: /html/body/app-root/div/app-root/main/app-registration/div/div[3]/app-identification/form/div[2]/app-date[1]/fieldset/div[2]/div[2]/select' in '5' second(s)

2023-11-23 14:38:43 - [MESSAGE][INFO] - Checking index parameters

2023-11-23 14:38:43 - [MESSAGE][INFO] - Smart Wait Function is triggered

2023-11-23 14:38:43 - [MESSAGE][INFO] - Selecting options on object 'Object Repository/Connexion Usager/Date Debut Validite/Select_Mois' with index in [12]

2023-11-23 14:38:43 - [MESSAGE][INFO] - Smart Wait Function is triggered

2023-11-23 14:38:46 - [MESSAGE][INFO] - Option with index 12 is selected

2023-11-23 14:38:46 - [MESSAGE][PASSED] - All options with index in [12] are selected on object 'Object Repository/Connexion Usager/Date Debut Validite/Select_Mois'

2023-11-23 14:38:46 - [TEST_STEP][PASSED] - setText(findTestObject("Object Repository/Connexion Usager/Date Debut Validite/Input_Annee"), ParsedDateDebut[2]): Text '2022' is set on object 'Object Repository/Connexion Usager/Date Debut Validite/Input_Annee'

2023-11-23 14:38:46 - [MESSAGE][INFO] - Finding Test Object 'Object Repository/Connexion Usager/Date Debut Validite/Input_Annee'

2023-11-23 14:38:46 - [MESSAGE][INFO] - Checking timeout

2023-11-23 14:38:46 - [MESSAGE][INFO] - Finding web element with id: 'Object Repository/Connexion Usager/Date Debut Validite/Input_Annee' located by 'By.xpath: /html/body/app-root/div/app-root/main/app-registration/div/div[3]/app-identification/form/div[2]/app-date[1]/fieldset/div[2]/div[3]/input' in '20' second(s)

2023-11-23 14:38:46 - [MESSAGE][INFO] - Smart Wait Function is triggered

2023-11-23 14:38:46 - [MESSAGE][INFO] - Found 1 web elements with id: 'Object Repository/Connexion Usager/Date Debut Validite/Input_Annee' located by 'By.xpath: /html/body/app-root/div/app-root/main/app-registration/div/div[3]/app-identification/form/div[2]/app-date[1]/fieldset/div[2]/div[3]/input' in '20' second(s)

2023-11-23 14:38:46 - [MESSAGE][INFO] - Checking object

2023-11-23 14:38:46 - [MESSAGE][INFO] - Checking text

2023-11-23 14:38:46 - [MESSAGE][INFO] - Finding web element from Test Object's properties

2023-11-23 14:38:46 - [MESSAGE][INFO] - Checking timeout

2023-11-23 14:38:46 - [MESSAGE][INFO] - Finding web element with id: 'Object Repository/Connexion Usager/Date Debut Validite/Input_Annee' located by 'By.xpath: /html/body/app-root/div/app-root/main/app-registration/div/div[3]/app-identification/form/div[2]/app-date[1]/fieldset/div[2]/div[3]/input' in '5' second(s)

2023-11-23 14:38:46 - [MESSAGE][INFO] - Smart Wait Function is triggered

2023-11-23 14:38:46 - [MESSAGE][INFO] - Found 1 web elements with id: 'Object Repository/Connexion Usager/Date Debut Validite/Input_Annee' located by 'By.xpath: /html/body/app-root/div/app-root/main/app-registration/div/div[3]/app-identification/form/div[2]/app-date[1]/fieldset/div[2]/div[3]/input' in '5' second(s)

2023-11-23 14:38:46 - [MESSAGE][INFO] - Clearing text of object 'Object Repository/Connexion Usager/Date Debut Validite/Input_Annee'

2023-11-23 14:38:48 - [MESSAGE][INFO] - Finding web element from Test Object's properties

2023-11-23 14:38:48 - [MESSAGE][INFO] - Checking timeout

2023-11-23 14:38:48 - [MESSAGE][INFO] - Finding web element with id: 'Object Repository/Connexion Usager/Date Debut Validite/Input_Annee' located by 'By.xpath: /html/body/app-root/div/app-root/main/app-registration/div/div[3]/app-identification/form/div[2]/app-date[1]/fieldset/div[2]/div[3]/input' in '5' second(s)

2023-11-23 14:38:48 - [MESSAGE][INFO] - Smart Wait Function is triggered

2023-11-23 14:38:48 - [MESSAGE][INFO] - Found 1 web elements with id: 'Object Repository/Connexion Usager/Date Debut Validite/Input_Annee' located by 'By.xpath: /html/body/app-root/div/app-root/main/app-registration/div/div[3]/app-identification/form/div[2]/app-date[1]/fieldset/div[2]/div[3]/input' in '5' second(s)

2023-11-23 14:38:48 - [MESSAGE][INFO] - Setting text of object 'Object Repository/Connexion Usager/Date Debut Validite/Input_Annee' to value '2022'

2023-11-23 14:38:50 - [MESSAGE][PASSED] - Text '2022' is set on object 'Object Repository/Connexion Usager/Date Debut Validite/Input_Annee'

2023-11-23 14:38:50 - [TEST_STEP][PASSED] - DateFin = DateFin: null

2023-11-23 14:38:50 - [TEST_STEP][PASSED] - DateFin = tools.MyStringTools.ParsedDateFin(): tools.MyStringTools.ParsedDateFin is PASSED

2023-11-23 14:38:50 - [MESSAGE][PASSED] - tools.MyStringTools.ParsedDateFin is PASSED

2023-11-23 14:38:50 - [TEST_STEP][PASSED] - ParsedDateFin = tools.MyStringTools.ParsedDateFin(): tools.MyStringTools.ParsedDateFin is PASSED

2023-11-23 14:38:50 - [MESSAGE][PASSED] - tools.MyStringTools.ParsedDateFin is PASSED

2023-11-23 14:38:50 - [TEST_STEP][PASSED] - setText(findTestObject("Object Repository/Connexion Usager/Date Fin Validite/Input_Jour"), ParsedDateFin[0]): Text '23' is set on object 'Object Repository/Connexion Usager/Date Fin Validite/Input_Jour'

2023-11-23 14:38:50 - [MESSAGE][INFO] - Finding Test Object 'Object Repository/Connexion Usager/Date Fin Validite/Input_Jour'

2023-11-23 14:38:50 - [MESSAGE][INFO] - Checking timeout

2023-11-23 14:38:50 - [MESSAGE][INFO] - Finding web element with id: 'Object Repository/Connexion Usager/Date Fin Validite/Input_Jour' located by 'By.xpath: /html/body/app-root/div/app-root/main/app-registration/div/div[3]/app-identification/form/div[2]/app-date[2]/fieldset/div[2]/div[1]/input' in '20' second(s)

2023-11-23 14:38:50 - [MESSAGE][INFO] - Smart Wait Function is triggered

2023-11-23 14:38:50 - [MESSAGE][INFO] - Found 1 web elements with id: 'Object Repository/Connexion Usager/Date Fin Validite/Input_Jour' located by 'By.xpath: /html/body/app-root/div/app-root/main/app-registration/div/div[3]/app-identification/form/div[2]/app-date[2]/fieldset/div[2]/div[1]/input' in '20' second(s)

2023-11-23 14:38:50 - [MESSAGE][INFO] - Checking object

2023-11-23 14:38:50 - [MESSAGE][INFO] - Checking text

2023-11-23 14:38:50 - [MESSAGE][INFO] - Finding web element from Test Object's properties

2023-11-23 14:38:50 - [MESSAGE][INFO] - Checking timeout

2023-11-23 14:38:50 - [MESSAGE][INFO] - Finding web element with id: 'Object Repository/Connexion Usager/Date Fin Validite/Input_Jour' located by 'By.xpath: /html/body/app-root/div/app-root/main/app-registration/div/div[3]/app-identification/form/div[2]/app-date[2]/fieldset/div[2]/div[1]/input' in '5' second(s)

2023-11-23 14:38:50 - [MESSAGE][INFO] - Smart Wait Function is triggered

2023-11-23 14:38:50 - [MESSAGE][INFO] - Found 1 web elements with id: 'Object Repository/Connexion Usager/Date Fin Validite/Input_Jour' located by 'By.xpath: /html/body/app-root/div/app-root/main/app-registration/div/div[3]/app-identification/form/div[2]/app-date[2]/fieldset/div[2]/div[1]/input' in '5' second(s)

2023-11-23 14:38:50 - [MESSAGE][INFO] - Clearing text of object 'Object Repository/Connexion Usager/Date Fin Validite/Input_Jour'

2023-11-23 14:38:52 - [MESSAGE][INFO] - Finding web element from Test Object's properties

2023-11-23 14:38:52 - [MESSAGE][INFO] - Checking timeout

2023-11-23 14:38:52 - [MESSAGE][INFO] - Finding web element with id: 'Object Repository/Connexion Usager/Date Fin Validite/Input_Jour' located by 'By.xpath: /html/body/app-root/div/app-root/main/app-registration/div/div[3]/app-identification/form/div[2]/app-date[2]/fieldset/div[2]/div[1]/input' in '5' second(s)

2023-11-23 14:38:52 - [MESSAGE][INFO] - Smart Wait Function is triggered

2023-11-23 14:38:52 - [MESSAGE][INFO] - Found 1 web elements with id: 'Object Repository/Connexion Usager/Date Fin Validite/Input_Jour' located by 'By.xpath: /html/body/app-root/div/app-root/main/app-registration/div/div[3]/app-identification/form/div[2]/app-date[2]/fieldset/div[2]/div[1]/input' in '5' second(s)

2023-11-23 14:38:52 - [MESSAGE][INFO] - Setting text of object 'Object Repository/Connexion Usager/Date Fin Validite/Input_Jour' to value '23'

2023-11-23 14:38:54 - [MESSAGE][PASSED] - Text '23' is set on object 'Object Repository/Connexion Usager/Date Fin Validite/Input_Jour'

2023-11-23 14:38:54 - [TEST_STEP][PASSED] - selectOptionByIndex(findTestObject("Object Repository/Connexion Usager/Date Fin Validite/Select_Mois"), ParsedDateFin[1]): All options with index in [12] are selected on object 'Object Repository/Connexion Usager/Date Fin Validite/Select_Mois'

2023-11-23 14:38:54 - [MESSAGE][INFO] - Finding Test Object 'Object Repository/Connexion Usager/Date Fin Validite/Select_Mois'

2023-11-23 14:38:54 - [MESSAGE][INFO] - Checking timeout

2023-11-23 14:38:54 - [MESSAGE][INFO] - Finding web element with id: 'Object Repository/Connexion Usager/Date Fin Validite/Select_Mois' located by 'By.xpath: /html/body/app-root/div/app-root/main/app-registration/div/div[3]/app-identification/form/div[2]/app-date[2]/fieldset/div[2]/div[2]/select' in '20' second(s)

2023-11-23 14:38:54 - [MESSAGE][INFO] - Smart Wait Function is triggered

2023-11-23 14:38:55 - [MESSAGE][INFO] - Found 1 web elements with id: 'Object Repository/Connexion Usager/Date Fin Validite/Select_Mois' located by 'By.xpath: /html/body/app-root/div/app-root/main/app-registration/div/div[3]/app-identification/form/div[2]/app-date[2]/fieldset/div[2]/div[2]/select' in '20' second(s)

2023-11-23 14:38:55 - [MESSAGE][INFO] - Checking object

2023-11-23 14:38:55 - [MESSAGE][INFO] - Checking index range

2023-11-23 14:38:55 - [MESSAGE][INFO] - Converting range parameter '12' to index array

2023-11-23 14:38:55 - [MESSAGE][INFO] - Range parameter '12' is converted to index array [12]

2023-11-23 14:38:55 - [MESSAGE][INFO] - Finding web element from Test Object's properties

2023-11-23 14:38:55 - [MESSAGE][INFO] - Checking timeout

2023-11-23 14:38:55 - [MESSAGE][INFO] - Finding web element with id: 'Object Repository/Connexion Usager/Date Fin Validite/Select_Mois' located by 'By.xpath: /html/body/app-root/div/app-root/main/app-registration/div/div[3]/app-identification/form/div[2]/app-date[2]/fieldset/div[2]/div[2]/select' in '5' second(s)

2023-11-23 14:38:55 - [MESSAGE][INFO] - Smart Wait Function is triggered

2023-11-23 14:38:55 - [MESSAGE][INFO] - Found 1 web elements with id: 'Object Repository/Connexion Usager/Date Fin Validite/Select_Mois' located by 'By.xpath: /html/body/app-root/div/app-root/main/app-registration/div/div[3]/app-identification/form/div[2]/app-date[2]/fieldset/div[2]/div[2]/select' in '5' second(s)

2023-11-23 14:38:55 - [MESSAGE][INFO] - Checking index parameters

2023-11-23 14:38:55 - [MESSAGE][INFO] - Smart Wait Function is triggered

2023-11-23 14:38:55 - [MESSAGE][INFO] - Selecting options on object 'Object Repository/Connexion Usager/Date Fin Validite/Select_Mois' with index in [12]

2023-11-23 14:38:55 - [MESSAGE][INFO] - Smart Wait Function is triggered

2023-11-23 14:38:57 - [MESSAGE][INFO] - Option with index 12 is selected

2023-11-23 14:38:57 - [MESSAGE][PASSED] - All options with index in [12] are selected on object 'Object Repository/Connexion Usager/Date Fin Validite/Select_Mois'

2023-11-23 14:38:57 - [TEST_STEP][PASSED] - setText(findTestObject("Object Repository/Connexion Usager/Date Fin Validite/Input_Annee"), ParsedDateFin[2]): Text '2023' is set on object 'Object Repository/Connexion Usager/Date Fin Validite/Input_Annee'

2023-11-23 14:38:57 - [MESSAGE][INFO] - Finding Test Object 'Object Repository/Connexion Usager/Date Fin Validite/Input_Annee'

2023-11-23 14:38:57 - [MESSAGE][INFO] - Checking timeout

2023-11-23 14:38:57 - [MESSAGE][INFO] - Finding web element with id: 'Object Repository/Connexion Usager/Date Fin Validite/Input_Annee' located by 'By.xpath: /html/body/app-root/div/app-root/main/app-registration/div/div[3]/app-identification/form/div[2]/app-date[2]/fieldset/div[2]/div[3]/input' in '20' second(s)

2023-11-23 14:38:57 - [MESSAGE][INFO] - Smart Wait Function is triggered

2023-11-23 14:38:57 - [MESSAGE][INFO] - Found 1 web elements with id: 'Object Repository/Connexion Usager/Date Fin Validite/Input_Annee' located by 'By.xpath: /html/body/app-root/div/app-root/main/app-registration/div/div[3]/app-identification/form/div[2]/app-date[2]/fieldset/div[2]/div[3]/input' in '20' second(s)

2023-11-23 14:38:57 - [MESSAGE][INFO] - Checking object

2023-11-23 14:38:57 - [MESSAGE][INFO] - Checking text

2023-11-23 14:38:57 - [MESSAGE][INFO] - Finding web element from Test Object's properties

2023-11-23 14:38:57 - [MESSAGE][INFO] - Checking timeout

2023-11-23 14:38:57 - [MESSAGE][INFO] - Finding web element with id: 'Object Repository/Connexion Usager/Date Fin Validite/Input_Annee' located by 'By.xpath: /html/body/app-root/div/app-root/main/app-registration/div/div[3]/app-identification/form/div[2]/app-date[2]/fieldset/div[2]/div[3]/input' in '5' second(s)

2023-11-23 14:38:57 - [MESSAGE][INFO] - Smart Wait Function is triggered

2023-11-23 14:38:57 - [MESSAGE][INFO] - Found 1 web elements with id: 'Object Repository/Connexion Usager/Date Fin Validite/Input_Annee' located by 'By.xpath: /html/body/app-root/div/app-root/main/app-registration/div/div[3]/app-identification/form/div[2]/app-date[2]/fieldset/div[2]/div[3]/input' in '5' second(s)

2023-11-23 14:38:57 - [MESSAGE][INFO] - Clearing text of object 'Object Repository/Connexion Usager/Date Fin Validite/Input_Annee'

2023-11-23 14:38:59 - [MESSAGE][INFO] - Finding web element from Test Object's properties

2023-11-23 14:38:59 - [MESSAGE][INFO] - Checking timeout

2023-11-23 14:38:59 - [MESSAGE][INFO] - Finding web element with id: 'Object Repository/Connexion Usager/Date Fin Validite/Input_Annee' located by 'By.xpath: /html/body/app-root/div/app-root/main/app-registration/div/div[3]/app-identification/form/div[2]/app-date[2]/fieldset/div[2]/div[3]/input' in '5' second(s)

2023-11-23 14:38:59 - [MESSAGE][INFO] - Smart Wait Function is triggered

2023-11-23 14:38:59 - [MESSAGE][INFO] - Found 1 web elements with id: 'Object Repository/Connexion Usager/Date Fin Validite/Input_Annee' located by 'By.xpath: /html/body/app-root/div/app-root/main/app-registration/div/div[3]/app-identification/form/div[2]/app-date[2]/fieldset/div[2]/div[3]/input' in '5' second(s)

2023-11-23 14:38:59 - [MESSAGE][INFO] - Setting text of object 'Object Repository/Connexion Usager/Date Fin Validite/Input_Annee' to value '2023'

2023-11-23 14:39:01 - [MESSAGE][PASSED] - Text '2023' is set on object 'Object Repository/Connexion Usager/Date Fin Validite/Input_Annee'

2023-11-23 14:39:01 - [TEST_STEP][PASSED] - click(findTestObject("Object Repository/Connexion Usager/Btn_Creer Un Compte")): Object: 'Object Repository/Connexion Usager/Btn_Creer Un Compte' is clicked on

2023-11-23 14:39:01 - [MESSAGE][INFO] - Finding Test Object 'Object Repository/Connexion Usager/Btn_Creer Un Compte'

2023-11-23 14:39:01 - [MESSAGE][INFO] - Checking timeout

2023-11-23 14:39:01 - [MESSAGE][INFO] - Finding web element with id: 'Object Repository/Connexion Usager/Btn_Creer Un Compte' located by 'By.xpath: /html/body/app-root/div/app-root/main/app-registration/div/div[3]/app-identification/form/p-button/button' in '20' second(s)

2023-11-23 14:39:01 - [MESSAGE][INFO] - Smart Wait Function is triggered

2023-11-23 14:39:01 - [MESSAGE][INFO] - Found 1 web elements with id: 'Object Repository/Connexion Usager/Btn_Creer Un Compte' located by 'By.xpath: /html/body/app-root/div/app-root/main/app-registration/div/div[3]/app-identification/form/p-button/button' in '20' second(s)

2023-11-23 14:39:01 - [MESSAGE][INFO] - Checking object

2023-11-23 14:39:01 - [MESSAGE][INFO] - Checking timeout

2023-11-23 14:39:01 - [MESSAGE][INFO] - Finding web element from Test Object's properties

2023-11-23 14:39:01 - [MESSAGE][INFO] - Checking timeout

2023-11-23 14:39:01 - [MESSAGE][INFO] - Finding web element with id: 'Object Repository/Connexion Usager/Btn_Creer Un Compte' located by 'By.xpath: /html/body/app-root/div/app-root/main/app-registration/div/div[3]/app-identification/form/p-button/button' in '5' second(s)

2023-11-23 14:39:01 - [MESSAGE][INFO] - Smart Wait Function is triggered

2023-11-23 14:39:01 - [MESSAGE][INFO] - Found 1 web elements with id: 'Object Repository/Connexion Usager/Btn_Creer Un Compte' located by 'By.xpath: /html/body/app-root/div/app-root/main/app-registration/div/div[3]/app-identification/form/p-button/button' in '5' second(s)

2023-11-23 14:39:01 - [MESSAGE][INFO] - Clicking on object: 'Object Repository/Connexion Usager/Btn_Creer Un Compte'

2023-11-23 14:39:03 - [MESSAGE][PASSED] - Object: 'Object Repository/Connexion Usager/Btn_Creer Un Compte' is clicked on

2023-11-23 14:39:03 - [TEST_STEP][PASSED] - "VÃ©rification si Certaines informations que vous avez saisies sont incorrectes. Veuillez vÃ©rifier votre saisie. pb serveur AGERDF": null

2023-11-23 14:39:03 - [TEST_STEP][PASSED] - callTestCase(findTestCase("Test Cases/Test Reutilisable/Main/VerificationCertainesInformationsSontIncorrectes"), [:], OPTIONAL): Call Test Case 'Test Cases/Test Reutilisable/Main/VerificationCertainesInformationsSontIncorrectes' successfully

2023-11-23 14:39:03 - [MESSAGE][INFO] - Checking called Test Case

2023-11-23 14:39:03 - [MESSAGE][INFO] - Starting to call Test Case 'Test Cases/Test Reutilisable/Main/VerificationCertainesInformationsSontIncorrectes'

2023-11-23 14:39:04 - [TEST_CASE][PASSED] - Test Cases/Test Reutilisable/Main/VerificationCertainesInformationsSontIncorrectes: Test Cases/Test Reutilisable/Main/VerificationCertainesInformationsSontIncorrectes

2023-11-23 14:39:04 - [TEST_STEP][PASSED] - "VÃ©rification si Certaines informations que vous avez saisies sont incorrectes. Veuillez vÃ©rifier votre saisie. pb serveur AGERDF": null

2023-11-23 14:39:04 - [TEST_STEP][PASSED] - delay(3): Delayed 3 second(s)

2023-11-23 14:39:04 - [MESSAGE][INFO] - Delaying browser in 3 second(s)

2023-11-23 14:39:07 - [MESSAGE][PASSED] - Delayed 3 second(s)

2023-11-23 14:39:07 - [TEST_STEP][PASSED] - StopTestCase = false: null

2023-11-23 14:39:07 - [TEST_STEP][PASSED] - MsgAlertPresent = verifyElementVisible(findTestObject("Object Repository/Connexion Usager/lbl_CertainesInformationsSaisiesSontIncorrectes"), OPTIONAL): Web element with id: 'Object Repository/Connexion Usager/lbl_CertainesInformationsSaisiesSontIncorrectes' located by '//p' not found (Root cause: com.kms.katalon.core.exception.StepFailedException: Web element with id: 'Object Repository/Connexion Usager/lbl_CertainesInformationsSaisiesSontIncorrectes' located by '//p' not found
	at com.kms.katalon.core.webui.keyword.internal.WebUIKeywordMain.stepFailed(WebUIKeywordMain.groovy:64)
	at com.kms.katalon.core.webui.keyword.builtin.VerifyElementVisibleKeyword$_verifyElementVisible_closure1.doCall(VerifyElementVisibleKeyword.groovy:89)
	at com.kms.katalon.core.webui.keyword.builtin.VerifyElementVisibleKeyword$_verifyElementVisible_closure1.call(VerifyElementVisibleKeyword.groovy)
	at com.kms.katalon.core.webui.keyword.internal.WebUIKeywordMain.runKeyword(WebUIKeywordMain.groovy:20)
	at com.kms.katalon.core.webui.keyword.builtin.VerifyElementVisibleKeyword.verifyElementVisible(VerifyElementVisibleKeyword.groovy:97)
	at com.kms.katalon.core.webui.keyword.builtin.VerifyElementVisibleKeyword.execute(VerifyElementVisibleKeyword.groovy:67)
	at com.kms.katalon.core.keyword.internal.KeywordExecutor.executeKeywordForPlatform(KeywordExecutor.groovy:74)
	at com.kms.katalon.core.webui.keyword.WebUiBuiltInKeywords.verifyElementVisible(WebUiBuiltInKeywords.groovy:362)
	at com.kazurayam.ksbackyard.HighlightElement$_pandemic_closure1.doCall(HighlightElement.groovy:105)
	at VerificationCertainesInformationsSontIncorrectes.run(VerificationCertainesInformationsSontIncorrectes:85)
	at com.kms.katalon.core.main.ScriptEngine.run(ScriptEngine.java:194)
	at com.kms.katalon.core.main.ScriptEngine.runScriptAsRawText(ScriptEngine.java:119)
	at com.kms.katalon.core.main.TestCaseExecutor.runScript(TestCaseExecutor.java:448)
	at com.kms.katalon.core.main.TestCaseExecutor.doExecute(TestCaseExecutor.java:439)
	at com.kms.katalon.core.main.TestCaseExecutor.processExecutionPhase(TestCaseExecutor.java:418)
	at com.kms.katalon.core.main.TestCaseExecutor.accessMainPhase(TestCaseExecutor.java:410)
	at com.kms.katalon.core.main.TestCaseExecutor.execute(TestCaseExecutor.java:285)
	at com.kms.katalon.core.main.TestCaseMain.runTestCase(TestCaseMain.java:144)
	at com.kms.katalon.core.keyword.builtin.CallTestCaseKeyword$_callTestCase_closure1.doCall(CallTestCaseKeyword.groovy:59)
	at com.kms.katalon.core.keyword.builtin.CallTestCaseKeyword$_callTestCase_closure1.call(CallTestCaseKeyword.groovy)
	at com.kms.katalon.core.keyword.internal.KeywordMain.runKeyword(KeywordMain.groovy:75)
	at com.kms.katalon.core.keyword.builtin.CallTestCaseKeyword.callTestCase(CallTestCaseKeyword.groovy:81)
	at com.kms.katalon.core.keyword.builtin.CallTestCaseKeyword.execute(CallTestCaseKeyword.groovy:44)
	at com.kms.katalon.core.keyword.internal.KeywordExecutor.executeKeywordForPlatform(KeywordExecutor.groovy:74)
	at com.kms.katalon.core.keyword.BuiltinKeywords.callTestCase(BuiltinKeywords.groovy:310)
	at com.kazurayam.ksbackyard.HighlightElement$_pandemic_closure1.doCall(HighlightElement.groovy:105)
	at Creer Votre Compte.run(Creer Votre Compte:109)
	at com.kms.katalon.core.main.ScriptEngine.run(ScriptEngine.java:194)
	at com.kms.katalon.core.main.ScriptEngine.runScriptAsRawText(ScriptEngine.java:119)
	at com.kms.katalon.core.main.TestCaseExecutor.runScript(TestCaseExecutor.java:448)
	at com.kms.katalon.core.main.TestCaseExecutor.doExecute(TestCaseExecutor.java:439)
	at com.kms.katalon.core.main.TestCaseExecutor.processExecutionPhase(TestCaseExecutor.java:418)
	at com.kms.katalon.core.main.TestCaseExecutor.accessMainPhase(TestCaseExecutor.java:410)
	at com.kms.katalon.core.main.TestCaseExecutor.execute(TestCaseExecutor.java:285)
	at com.kms.katalon.core.main.TestCaseMain.runTestCase(TestCaseMain.java:144)
	at com.kms.katalon.core.keyword.builtin.CallTestCaseKeyword$_callTestCase_closure1.doCall(CallTestCaseKeyword.groovy:59)
	at com.kms.katalon.core.keyword.builtin.CallTestCaseKeyword$_callTestCase_closure1.call(CallTestCaseKeyword.groovy)
	at com.kms.katalon.core.keyword.internal.KeywordMain.runKeyword(KeywordMain.groovy:75)
	at com.kms.katalon.core.keyword.builtin.CallTestCaseKeyword.callTestCase(CallTestCaseKeyword.groovy:81)
	at com.kms.katalon.core.keyword.builtin.CallTestCaseKeyword.execute(CallTestCaseKeyword.groovy:44)
	at com.kms.katalon.core.keyword.internal.KeywordExecutor.executeKeywordForPlatform(KeywordExecutor.groovy:74)
	at com.kms.katalon.core.keyword.BuiltinKeywords.callTestCase(BuiltinKeywords.groovy:310)
	at com.kazurayam.ksbackyard.HighlightElement$_pandemic_closure1.doCall(HighlightElement.groovy:105)
	at TNR R.TSPT Supp90-Etudiant.run(TNR R.TSPT Supp90-Etudiant:30)
	at com.kms.katalon.core.main.ScriptEngine.run(ScriptEngine.java:194)
	at com.kms.katalon.core.main.ScriptEngine.runScriptAsRawText(ScriptEngine.java:119)
	at com.kms.katalon.core.main.TestCaseExecutor.runScript(TestCaseExecutor.java:448)
	at com.kms.katalon.core.main.TestCaseExecutor.doExecute(TestCaseExecutor.java:439)
	at com.kms.katalon.core.main.TestCaseExecutor.processExecutionPhase(TestCaseExecutor.java:418)
	at com.kms.katalon.core.main.TestCaseExecutor.accessMainPhase(TestCaseExecutor.java:410)
	at com.kms.katalon.core.main.TestCaseExecutor.execute(TestCaseExecutor.java:285)
	at com.kms.katalon.core.common.CommonExecutor.accessTestCaseMainPhase(CommonExecutor.java:65)
	at com.kms.katalon.core.main.TestSuiteExecutor.accessTestSuiteMainPhase(TestSuiteExecutor.java:148)
	at com.kms.katalon.core.main.TestSuiteExecutor.execute(TestSuiteExecutor.java:106)
	at com.kms.katalon.core.main.TestCaseMain.startTestSuite(TestCaseMain.java:187)
	at com.kms.katalon.core.main.TestCaseMain$startTestSuite$0.call(Unknown Source)
	at TempTestSuite1700746096123.run(TempTestSuite1700746096123.groovy:36)
)

2023-11-23 14:39:07 - [MESSAGE][INFO] - Finding Test Object 'Object Repository/Connexion Usager/lbl_CertainesInformationsSaisiesSontIncorrectes'

2023-11-23 14:39:07 - [MESSAGE][INFO] - Checking object

2023-11-23 14:39:07 - [MESSAGE][INFO] - Finding web element from Test Object's properties

2023-11-23 14:39:07 - [MESSAGE][INFO] - Checking timeout

2023-11-23 14:39:07 - [MESSAGE][INFO] - Finding web element with id: 'Object Repository/Connexion Usager/lbl_CertainesInformationsSaisiesSontIncorrectes' located by 'By.xpath: //p' in '5' second(s)

2023-11-23 14:39:07 - [MESSAGE][INFO] - Smart Wait Function is triggered

2023-11-23 14:39:07 - [MESSAGE][INFO] - Smart Wait Function is triggered

2023-11-23 14:39:07 - [MESSAGE][INFO] - Smart Wait Function is triggered

2023-11-23 14:39:07 - [MESSAGE][INFO] - Smart Wait Function is triggered

2023-11-23 14:39:07 - [MESSAGE][INFO] - Smart Wait Function is triggered

2023-11-23 14:39:07 - [MESSAGE][INFO] - Smart Wait Function is triggered

2023-11-23 14:39:07 - [MESSAGE][INFO] - Smart Wait Function is triggered

2023-11-23 14:39:07 - [MESSAGE][INFO] - Smart Wait Function is triggered

2023-11-23 14:39:07 - [MESSAGE][INFO] - Smart Wait Function is triggered

2023-11-23 14:39:07 - [MESSAGE][INFO] - Smart Wait Function is triggered

2023-11-23 14:39:07 - [MESSAGE][INFO] - Smart Wait Function is triggered

2023-11-23 14:39:07 - [MESSAGE][INFO] - Smart Wait Function is triggered

2023-11-23 14:39:07 - [MESSAGE][INFO] - Smart Wait Function is triggered

2023-11-23 14:39:07 - [MESSAGE][INFO] - Smart Wait Function is triggered

2023-11-23 14:39:07 - [MESSAGE][INFO] - Smart Wait Function is triggered

2023-11-23 14:39:07 - [MESSAGE][INFO] - Smart Wait Function is triggered

2023-11-23 14:39:07 - [MESSAGE][INFO] - Smart Wait Function is triggered

2023-11-23 14:39:07 - [MESSAGE][INFO] - Smart Wait Function is triggered

2023-11-23 14:39:07 - [MESSAGE][INFO] - Smart Wait Function is triggered

2023-11-23 14:39:07 - [MESSAGE][INFO] - Smart Wait Function is triggered

2023-11-23 14:39:07 - [MESSAGE][INFO] - Smart Wait Function is triggered

2023-11-23 14:39:07 - [MESSAGE][INFO] - Smart Wait Function is triggered

2023-11-23 14:39:07 - [MESSAGE][INFO] - Smart Wait Function is triggered

2023-11-23 14:39:07 - [MESSAGE][INFO] - Smart Wait Function is triggered

2023-11-23 14:39:07 - [MESSAGE][INFO] - Smart Wait Function is triggered

2023-11-23 14:39:07 - [MESSAGE][INFO] - Smart Wait Function is triggered

2023-11-23 14:39:07 - [MESSAGE][INFO] - Smart Wait Function is triggered

2023-11-23 14:39:08 - [MESSAGE][INFO] - Smart Wait Function is triggered

2023-11-23 14:39:08 - [MESSAGE][INFO] - Smart Wait Function is triggered

2023-11-23 14:39:08 - [MESSAGE][INFO] - Smart Wait Function is triggered

2023-11-23 14:39:08 - [MESSAGE][INFO] - Smart Wait Function is triggered

2023-11-23 14:39:08 - [MESSAGE][INFO] - Smart Wait Function is triggered

2023-11-23 14:39:08 - [MESSAGE][INFO] - Smart Wait Function is triggered

2023-11-23 14:39:08 - [MESSAGE][INFO] - Smart Wait Function is triggered

2023-11-23 14:39:08 - [MESSAGE][INFO] - Smart Wait Function is triggered

2023-11-23 14:39:08 - [MESSAGE][INFO] - Smart Wait Function is triggered

2023-11-23 14:39:08 - [MESSAGE][INFO] - Smart Wait Function is triggered

2023-11-23 14:39:08 - [MESSAGE][INFO] - Smart Wait Function is triggered

2023-11-23 14:39:08 - [MESSAGE][INFO] - Smart Wait Function is triggered

2023-11-23 14:39:08 - [MESSAGE][INFO] - Smart Wait Function is triggered

2023-11-23 14:39:08 - [MESSAGE][INFO] - Smart Wait Function is triggered

2023-11-23 14:39:08 - [MESSAGE][INFO] - Smart Wait Function is triggered

2023-11-23 14:39:08 - [MESSAGE][INFO] - Smart Wait Function is triggered

2023-11-23 14:39:08 - [MESSAGE][INFO] - Smart Wait Function is triggered

2023-11-23 14:39:08 - [MESSAGE][INFO] - Smart Wait Function is triggered

2023-11-23 14:39:08 - [MESSAGE][INFO] - Smart Wait Function is triggered

2023-11-23 14:39:08 - [MESSAGE][INFO] - Smart Wait Function is triggered

2023-11-23 14:39:08 - [MESSAGE][INFO] - Smart Wait Function is triggered

2023-11-23 14:39:08 - [MESSAGE][INFO] - Smart Wait Function is triggered

2023-11-23 14:39:08 - [MESSAGE][INFO] - Smart Wait Function is triggered

2023-11-23 14:39:08 - [MESSAGE][INFO] - Smart Wait Function is triggered

2023-11-23 14:39:08 - [MESSAGE][INFO] - Smart Wait Function is triggered

2023-11-23 14:39:08 - [MESSAGE][INFO] - Smart Wait Function is triggered

2023-11-23 14:39:08 - [MESSAGE][INFO] - Smart Wait Function is triggered

2023-11-23 14:39:08 - [MESSAGE][INFO] - Smart Wait Function is triggered

2023-11-23 14:39:08 - [MESSAGE][INFO] - Smart Wait Function is triggered

2023-11-23 14:39:08 - [MESSAGE][INFO] - Smart Wait Function is triggered

2023-11-23 14:39:08 - [MESSAGE][INFO] - Smart Wait Function is triggered

2023-11-23 14:39:09 - [MESSAGE][INFO] - Smart Wait Function is triggered

2023-11-23 14:39:09 - [MESSAGE][INFO] - Smart Wait Function is triggered

2023-11-23 14:39:09 - [MESSAGE][INFO] - Smart Wait Function is triggered

2023-11-23 14:39:09 - [MESSAGE][INFO] - Smart Wait Function is triggered

2023-11-23 14:39:09 - [MESSAGE][INFO] - Smart Wait Function is triggered

2023-11-23 14:39:09 - [MESSAGE][INFO] - Smart Wait Function is triggered

2023-11-23 14:39:09 - [MESSAGE][INFO] - Smart Wait Function is triggered

2023-11-23 14:39:09 - [MESSAGE][INFO] - Smart Wait Function is triggered

2023-11-23 14:39:09 - [MESSAGE][INFO] - Smart Wait Function is triggered

2023-11-23 14:39:09 - [MESSAGE][INFO] - Smart Wait Function is triggered

2023-11-23 14:39:09 - [MESSAGE][INFO] - Smart Wait Function is triggered

2023-11-23 14:39:09 - [MESSAGE][INFO] - Smart Wait Function is triggered

2023-11-23 14:39:09 - [MESSAGE][INFO] - Smart Wait Function is triggered

2023-11-23 14:39:09 - [MESSAGE][INFO] - Smart Wait Function is triggered

2023-11-23 14:39:09 - [MESSAGE][INFO] - Smart Wait Function is triggered

2023-11-23 14:39:09 - [MESSAGE][INFO] - Smart Wait Function is triggered

2023-11-23 14:39:09 - [MESSAGE][INFO] - Smart Wait Function is triggered

2023-11-23 14:39:09 - [MESSAGE][INFO] - Smart Wait Function is triggered

2023-11-23 14:39:09 - [MESSAGE][INFO] - Smart Wait Function is triggered

2023-11-23 14:39:09 - [MESSAGE][INFO] - Smart Wait Function is triggered

2023-11-23 14:39:09 - [MESSAGE][INFO] - Smart Wait Function is triggered

2023-11-23 14:39:09 - [MESSAGE][INFO] - Smart Wait Function is triggered

2023-11-23 14:39:09 - [MESSAGE][INFO] - Smart Wait Function is triggered

2023-11-23 14:39:09 - [MESSAGE][INFO] - Smart Wait Function is triggered

2023-11-23 14:39:09 - [MESSAGE][INFO] - Smart Wait Function is triggered

2023-11-23 14:39:09 - [MESSAGE][INFO] - Smart Wait Function is triggered

2023-11-23 14:39:09 - [MESSAGE][INFO] - Smart Wait Function is triggered

2023-11-23 14:39:09 - [MESSAGE][INFO] - Smart Wait Function is triggered

2023-11-23 14:39:09 - [MESSAGE][INFO] - Smart Wait Function is triggered

2023-11-23 14:39:09 - [MESSAGE][INFO] - Smart Wait Function is triggered

2023-11-23 14:39:09 - [MESSAGE][INFO] - Smart Wait Function is triggered

2023-11-23 14:39:10 - [MESSAGE][INFO] - Smart Wait Function is triggered

2023-11-23 14:39:10 - [MESSAGE][INFO] - Smart Wait Function is triggered

2023-11-23 14:39:10 - [MESSAGE][INFO] - Smart Wait Function is triggered

2023-11-23 14:39:10 - [MESSAGE][INFO] - Smart Wait Function is triggered

2023-11-23 14:39:10 - [MESSAGE][INFO] - Smart Wait Function is triggered

2023-11-23 14:39:10 - [MESSAGE][INFO] - Smart Wait Function is triggered

2023-11-23 14:39:10 - [MESSAGE][INFO] - Smart Wait Function is triggered

2023-11-23 14:39:10 - [MESSAGE][INFO] - Smart Wait Function is triggered

2023-11-23 14:39:10 - [MESSAGE][INFO] - Smart Wait Function is triggered

2023-11-23 14:39:10 - [MESSAGE][INFO] - Smart Wait Function is triggered

2023-11-23 14:39:10 - [MESSAGE][INFO] - Smart Wait Function is triggered

2023-11-23 14:39:10 - [MESSAGE][INFO] - Smart Wait Function is triggered

2023-11-23 14:39:10 - [MESSAGE][INFO] - Smart Wait Function is triggered

2023-11-23 14:39:10 - [MESSAGE][INFO] - Smart Wait Function is triggered

2023-11-23 14:39:10 - [MESSAGE][INFO] - Smart Wait Function is triggered

2023-11-23 14:39:10 - [MESSAGE][INFO] - Smart Wait Function is triggered

2023-11-23 14:39:10 - [MESSAGE][INFO] - Smart Wait Function is triggered

2023-11-23 14:39:10 - [MESSAGE][INFO] - Smart Wait Function is triggered

2023-11-23 14:39:10 - [MESSAGE][INFO] - Smart Wait Function is triggered

2023-11-23 14:39:10 - [MESSAGE][INFO] - Smart Wait Function is triggered

2023-11-23 14:39:10 - [MESSAGE][INFO] - Smart Wait Function is triggered

2023-11-23 14:39:10 - [MESSAGE][INFO] - Smart Wait Function is triggered

2023-11-23 14:39:10 - [MESSAGE][INFO] - Smart Wait Function is triggered

2023-11-23 14:39:10 - [MESSAGE][INFO] - Smart Wait Function is triggered

2023-11-23 14:39:10 - [MESSAGE][INFO] - Smart Wait Function is triggered

2023-11-23 14:39:10 - [MESSAGE][INFO] - Smart Wait Function is triggered

2023-11-23 14:39:10 - [MESSAGE][INFO] - Smart Wait Function is triggered

2023-11-23 14:39:10 - [MESSAGE][INFO] - Smart Wait Function is triggered

2023-11-23 14:39:10 - [MESSAGE][INFO] - Smart Wait Function is triggered

2023-11-23 14:39:10 - [MESSAGE][INFO] - Smart Wait Function is triggered

2023-11-23 14:39:10 - [MESSAGE][INFO] - Smart Wait Function is triggered

2023-11-23 14:39:10 - [MESSAGE][INFO] - Smart Wait Function is triggered

2023-11-23 14:39:11 - [MESSAGE][INFO] - Smart Wait Function is triggered

2023-11-23 14:39:11 - [MESSAGE][INFO] - Smart Wait Function is triggered

2023-11-23 14:39:11 - [MESSAGE][INFO] - Smart Wait Function is triggered

2023-11-23 14:39:11 - [MESSAGE][INFO] - Smart Wait Function is triggered

2023-11-23 14:39:11 - [MESSAGE][INFO] - Smart Wait Function is triggered

2023-11-23 14:39:11 - [MESSAGE][INFO] - Smart Wait Function is triggered

2023-11-23 14:39:11 - [MESSAGE][INFO] - Smart Wait Function is triggered

2023-11-23 14:39:11 - [MESSAGE][INFO] - Smart Wait Function is triggered

2023-11-23 14:39:11 - [MESSAGE][INFO] - Smart Wait Function is triggered

2023-11-23 14:39:11 - [MESSAGE][INFO] - Smart Wait Function is triggered

2023-11-23 14:39:11 - [MESSAGE][INFO] - Smart Wait Function is triggered

2023-11-23 14:39:11 - [MESSAGE][INFO] - Smart Wait Function is triggered

2023-11-23 14:39:11 - [MESSAGE][INFO] - Smart Wait Function is triggered

2023-11-23 14:39:11 - [MESSAGE][INFO] - Smart Wait Function is triggered

2023-11-23 14:39:11 - [MESSAGE][INFO] - Smart Wait Function is triggered

2023-11-23 14:39:11 - [MESSAGE][INFO] - Smart Wait Function is triggered

2023-11-23 14:39:11 - [MESSAGE][INFO] - Smart Wait Function is triggered

2023-11-23 14:39:11 - [MESSAGE][INFO] - Smart Wait Function is triggered

2023-11-23 14:39:11 - [MESSAGE][INFO] - Smart Wait Function is triggered

2023-11-23 14:39:11 - [MESSAGE][INFO] - Smart Wait Function is triggered

2023-11-23 14:39:11 - [MESSAGE][INFO] - Smart Wait Function is triggered

2023-11-23 14:39:11 - [MESSAGE][INFO] - Smart Wait Function is triggered

2023-11-23 14:39:11 - [MESSAGE][INFO] - Smart Wait Function is triggered

2023-11-23 14:39:11 - [MESSAGE][INFO] - Smart Wait Function is triggered

2023-11-23 14:39:11 - [MESSAGE][INFO] - Smart Wait Function is triggered

2023-11-23 14:39:11 - [MESSAGE][INFO] - Smart Wait Function is triggered

2023-11-23 14:39:11 - [MESSAGE][INFO] - Smart Wait Function is triggered

2023-11-23 14:39:11 - [MESSAGE][INFO] - Smart Wait Function is triggered

2023-11-23 14:39:11 - [MESSAGE][INFO] - Smart Wait Function is triggered

2023-11-23 14:39:11 - [MESSAGE][INFO] - Smart Wait Function is triggered

2023-11-23 14:39:11 - [MESSAGE][INFO] - Smart Wait Function is triggered

2023-11-23 14:39:11 - [MESSAGE][INFO] - Smart Wait Function is triggered

2023-11-23 14:39:12 - [MESSAGE][INFO] - Smart Wait Function is triggered

2023-11-23 14:39:12 - [MESSAGE][INFO] - Smart Wait Function is triggered

2023-11-23 14:39:12 - [MESSAGE][INFO] - Smart Wait Function is triggered

2023-11-23 14:39:12 - [MESSAGE][INFO] - Smart Wait Function is triggered

2023-11-23 14:39:12 - [MESSAGE][INFO] - Smart Wait Function is triggered

2023-11-23 14:39:12 - [MESSAGE][INFO] - Smart Wait Function is triggered

2023-11-23 14:39:12 - [MESSAGE][INFO] - Smart Wait Function is triggered

2023-11-23 14:39:12 - [MESSAGE][INFO] - Smart Wait Function is triggered

2023-11-23 14:39:12 - [MESSAGE][INFO] - Smart Wait Function is triggered

2023-11-23 14:39:12 - [MESSAGE][INFO] - Smart Wait Function is triggered

2023-11-23 14:39:12 - [MESSAGE][INFO] - Smart Wait Function is triggered

2023-11-23 14:39:12 - [MESSAGE][INFO] - Smart Wait Function is triggered

2023-11-23 14:39:12 - [MESSAGE][INFO] - Smart Wait Function is triggered

2023-11-23 14:39:12 - [MESSAGE][INFO] - Smart Wait Function is triggered

2023-11-23 14:39:12 - [MESSAGE][INFO] - Smart Wait Function is triggered

2023-11-23 14:39:12 - [MESSAGE][INFO] - Smart Wait Function is triggered

2023-11-23 14:39:12 - [MESSAGE][INFO] - Smart Wait Function is triggered

2023-11-23 14:39:12 - [MESSAGE][INFO] - Smart Wait Function is triggered

2023-11-23 14:39:12 - [MESSAGE][INFO] - Smart Wait Function is triggered

2023-11-23 14:39:12 - [MESSAGE][INFO] - Smart Wait Function is triggered

2023-11-23 14:39:12 - [MESSAGE][INFO] - Smart Wait Function is triggered

2023-11-23 14:39:12 - [MESSAGE][INFO] - Smart Wait Function is triggered

2023-11-23 14:39:12 - [MESSAGE][INFO] - Smart Wait Function is triggered

2023-11-23 14:39:12 - [MESSAGE][INFO] - Smart Wait Function is triggered

2023-11-23 14:39:12 - [MESSAGE][INFO] - Smart Wait Function is triggered

2023-11-23 14:39:12 - [MESSAGE][INFO] - Smart Wait Function is triggered

2023-11-23 14:39:12 - [MESSAGE][INFO] - Smart Wait Function is triggered

2023-11-23 14:39:12 - [MESSAGE][INFO] - Smart Wait Function is triggered

2023-11-23 14:39:12 - [MESSAGE][INFO] - Smart Wait Function is triggered

2023-11-23 14:39:12 - [MESSAGE][INFO] - Smart Wait Function is triggered

2023-11-23 14:39:12 - [MESSAGE][INFO] - Smart Wait Function is triggered

2023-11-23 14:39:13 - [MESSAGE][INFO] - Smart Wait Function is triggered

2023-11-23 14:39:13 - [MESSAGE][INFO] - Smart Wait Function is triggered

2023-11-23 14:39:13 - [MESSAGE][INFO] - Smart Wait Function is triggered

2023-11-23 14:39:13 - [MESSAGE][INFO] - Smart Wait Function is triggered

2023-11-23 14:39:13 - [MESSAGE][INFO] - Smart Wait Function is triggered

2023-11-23 14:39:13 - [MESSAGE][INFO] - Unable to find the element located by 'By.xpath: //p'. Please recheck the objects properties to make sure the desired element is located. 

2023-11-23 14:39:13 - [MESSAGE][WARNING] - Web element with id: 'Object Repository/Connexion Usager/lbl_CertainesInformationsSaisiesSontIncorrectes' located by '//p' not found (Root cause: com.kms.katalon.core.exception.StepFailedException: Web element with id: 'Object Repository/Connexion Usager/lbl_CertainesInformationsSaisiesSontIncorrectes' located by '//p' not found
	at com.kms.katalon.core.webui.keyword.internal.WebUIKeywordMain.stepFailed(WebUIKeywordMain.groovy:64)
	at com.kms.katalon.core.webui.keyword.builtin.VerifyElementVisibleKeyword$_verifyElementVisible_closure1.doCall(VerifyElementVisibleKeyword.groovy:89)
	at com.kms.katalon.core.webui.keyword.builtin.VerifyElementVisibleKeyword$_verifyElementVisible_closure1.call(VerifyElementVisibleKeyword.groovy)
	at com.kms.katalon.core.webui.keyword.internal.WebUIKeywordMain.runKeyword(WebUIKeywordMain.groovy:20)
	at com.kms.katalon.core.webui.keyword.builtin.VerifyElementVisibleKeyword.verifyElementVisible(VerifyElementVisibleKeyword.groovy:97)
	at com.kms.katalon.core.webui.keyword.builtin.VerifyElementVisibleKeyword.execute(VerifyElementVisibleKeyword.groovy:67)
	at com.kms.katalon.core.keyword.internal.KeywordExecutor.executeKeywordForPlatform(KeywordExecutor.groovy:74)
	at com.kms.katalon.core.webui.keyword.WebUiBuiltInKeywords.verifyElementVisible(WebUiBuiltInKeywords.groovy:362)
	at com.kazurayam.ksbackyard.HighlightElement$_pandemic_closure1.doCall(HighlightElement.groovy:105)
	at VerificationCertainesInformationsSontIncorrectes.run(VerificationCertainesInformationsSontIncorrectes:85)
	at com.kms.katalon.core.main.ScriptEngine.run(ScriptEngine.java:194)
	at com.kms.katalon.core.main.ScriptEngine.runScriptAsRawText(ScriptEngine.java:119)
	at com.kms.katalon.core.main.TestCaseExecutor.runScript(TestCaseExecutor.java:448)
	at com.kms.katalon.core.main.TestCaseExecutor.doExecute(TestCaseExecutor.java:439)
	at com.kms.katalon.core.main.TestCaseExecutor.processExecutionPhase(TestCaseExecutor.java:418)
	at com.kms.katalon.core.main.TestCaseExecutor.accessMainPhase(TestCaseExecutor.java:410)
	at com.kms.katalon.core.main.TestCaseExecutor.execute(TestCaseExecutor.java:285)
	at com.kms.katalon.core.main.TestCaseMain.runTestCase(TestCaseMain.java:144)
	at com.kms.katalon.core.keyword.builtin.CallTestCaseKeyword$_callTestCase_closure1.doCall(CallTestCaseKeyword.groovy:59)
	at com.kms.katalon.core.keyword.builtin.CallTestCaseKeyword$_callTestCase_closure1.call(CallTestCaseKeyword.groovy)
	at com.kms.katalon.core.keyword.internal.KeywordMain.runKeyword(KeywordMain.groovy:75)
	at com.kms.katalon.core.keyword.builtin.CallTestCaseKeyword.callTestCase(CallTestCaseKeyword.groovy:81)
	at com.kms.katalon.core.keyword.builtin.CallTestCaseKeyword.execute(CallTestCaseKeyword.groovy:44)
	at com.kms.katalon.core.keyword.internal.KeywordExecutor.executeKeywordForPlatform(KeywordExecutor.groovy:74)
	at com.kms.katalon.core.keyword.BuiltinKeywords.callTestCase(BuiltinKeywords.groovy:310)
	at com.kazurayam.ksbackyard.HighlightElement$_pandemic_closure1.doCall(HighlightElement.groovy:105)
	at Creer Votre Compte.run(Creer Votre Compte:109)
	at com.kms.katalon.core.main.ScriptEngine.run(ScriptEngine.java:194)
	at com.kms.katalon.core.main.ScriptEngine.runScriptAsRawText(ScriptEngine.java:119)
	at com.kms.katalon.core.main.TestCaseExecutor.runScript(TestCaseExecutor.java:448)
	at com.kms.katalon.core.main.TestCaseExecutor.doExecute(TestCaseExecutor.java:439)
	at com.kms.katalon.core.main.TestCaseExecutor.processExecutionPhase(TestCaseExecutor.java:418)
	at com.kms.katalon.core.main.TestCaseExecutor.accessMainPhase(TestCaseExecutor.java:410)
	at com.kms.katalon.core.main.TestCaseExecutor.execute(TestCaseExecutor.java:285)
	at com.kms.katalon.core.main.TestCaseMain.runTestCase(TestCaseMain.java:144)
	at com.kms.katalon.core.keyword.builtin.CallTestCaseKeyword$_callTestCase_closure1.doCall(CallTestCaseKeyword.groovy:59)
	at com.kms.katalon.core.keyword.builtin.CallTestCaseKeyword$_callTestCase_closure1.call(CallTestCaseKeyword.groovy)
	at com.kms.katalon.core.keyword.internal.KeywordMain.runKeyword(KeywordMain.groovy:75)
	at com.kms.katalon.core.keyword.builtin.CallTestCaseKeyword.callTestCase(CallTestCaseKeyword.groovy:81)
	at com.kms.katalon.core.keyword.builtin.CallTestCaseKeyword.execute(CallTestCaseKeyword.groovy:44)
	at com.kms.katalon.core.keyword.internal.KeywordExecutor.executeKeywordForPlatform(KeywordExecutor.groovy:74)
	at com.kms.katalon.core.keyword.BuiltinKeywords.callTestCase(BuiltinKeywords.groovy:310)
	at com.kazurayam.ksbackyard.HighlightElement$_pandemic_closure1.doCall(HighlightElement.groovy:105)
	at TNR R.TSPT Supp90-Etudiant.run(TNR R.TSPT Supp90-Etudiant:30)
	at com.kms.katalon.core.main.ScriptEngine.run(ScriptEngine.java:194)
	at com.kms.katalon.core.main.ScriptEngine.runScriptAsRawText(ScriptEngine.java:119)
	at com.kms.katalon.core.main.TestCaseExecutor.runScript(TestCaseExecutor.java:448)
	at com.kms.katalon.core.main.TestCaseExecutor.doExecute(TestCaseExecutor.java:439)
	at com.kms.katalon.core.main.TestCaseExecutor.processExecutionPhase(TestCaseExecutor.java:418)
	at com.kms.katalon.core.main.TestCaseExecutor.accessMainPhase(TestCaseExecutor.java:410)
	at com.kms.katalon.core.main.TestCaseExecutor.execute(TestCaseExecutor.java:285)
	at com.kms.katalon.core.common.CommonExecutor.accessTestCaseMainPhase(CommonExecutor.java:65)
	at com.kms.katalon.core.main.TestSuiteExecutor.accessTestSuiteMainPhase(TestSuiteExecutor.java:148)
	at com.kms.katalon.core.main.TestSuiteExecutor.execute(TestSuiteExecutor.java:106)
	at com.kms.katalon.core.main.TestCaseMain.startTestSuite(TestCaseMain.java:187)
	at com.kms.katalon.core.main.TestCaseMain$startTestSuite$0.call(Unknown Source)
	at TempTestSuite1700746096123.run(TempTestSuite1700746096123.groovy:36)
)
[[ATTACHMENT|C:\\Users\\ISSAM.RHARBAOUI\\git\\22_11\\ANEF-AutomatizationProject\\Reports\\20231123_142816\\TS_TNR_R.TSPT_Suppo90\\20231123_142816\\1700746753177.png]]

2023-11-23 14:39:13 - [TEST_STEP][PASSED] - if (MsgAlertPresent): null

2023-11-23 14:39:13 - [TEST_STEP][PASSED] - else: Vos informations ne sont pas associÃ©es Ã  un compte ==>> CrÃ©ation d'un nouveau Compte avec ces Informations.

2023-11-23 14:39:13 - [TEST_STEP][PASSED] - markPassed("Vos informations ne sont pas associÃ©es Ã  un compte ==>> CrÃ©ation d'un nouveau Compte avec ces Informations."): Vos informations ne sont pas associÃ©es Ã  un compte ==>> CrÃ©ation d'un nouveau Compte avec ces Informations.

2023-11-23 14:39:13 - [MESSAGE][PASSED] - Vos informations ne sont pas associÃ©es Ã  un compte ==>> CrÃ©ation d'un nouveau Compte avec ces Informations.

2023-11-23 14:39:13 - [TEST_STEP][PASSED] - waitForPageLoad(2): Wait for page load successfully

2023-11-23 14:39:13 - [MESSAGE][INFO] - Checking timeout

2023-11-23 14:39:13 - [MESSAGE][PASSED] - Wait for page load successfully

2023-11-23 14:39:13 - [MESSAGE][PASSED] - Call Test Case 'Test Cases/Test Reutilisable/Main/VerificationCertainesInformationsSontIncorrectes' successfully

2023-11-23 14:39:13 - [TEST_STEP][PASSED] - if (StopTestCase == true): null

2023-11-23 14:39:13 - [TEST_STEP][PASSED] - "VÃ©rification si le compte existe dÃ©jÃ (message Erreur : Il semblerait que vos informations soient dÃ©jÃ  associÃ©es Ã  un compte.)": null

2023-11-23 14:39:13 - [TEST_STEP][PASSED] - callTestCase(findTestCase("Test Cases/Test Reutilisable/Main/VerificationSiCompteExisteDeja"), [:], OPTIONAL): Call Test Case 'Test Cases/Test Reutilisable/Main/VerificationSiCompteExisteDeja' successfully

2023-11-23 14:39:13 - [MESSAGE][INFO] - Checking called Test Case

2023-11-23 14:39:13 - [MESSAGE][INFO] - Starting to call Test Case 'Test Cases/Test Reutilisable/Main/VerificationSiCompteExisteDeja'

2023-11-23 14:39:13 - [TEST_CASE][PASSED] - Test Cases/Test Reutilisable/Main/VerificationSiCompteExisteDeja: Test Cases/Test Reutilisable/Main/VerificationSiCompteExisteDeja

2023-11-23 14:39:13 - [TEST_STEP][PASSED] - "VÃ©rification si le compte existe dÃ©jÃ (message Erreur : Il semblerait que vos informations soient dÃ©jÃ  associÃ©es Ã  un compte.)": null

2023-11-23 14:39:13 - [TEST_STEP][PASSED] - delay(3): Delayed 3 second(s)

2023-11-23 14:39:13 - [MESSAGE][INFO] - Delaying browser in 3 second(s)

2023-11-23 14:39:16 - [MESSAGE][PASSED] - Delayed 3 second(s)

2023-11-23 14:39:16 - [TEST_STEP][PASSED] - StopTestCase = false: null

2023-11-23 14:39:16 - [TEST_STEP][PASSED] - MsgAlertPresent = verifyElementPresent(findTestObject("Object Repository/Connexion Usager/Verif_PopUpCompteExisteDeja"), 2, OPTIONAL): com.kms.katalon.core.webui.exception.WebElementNotFoundException: Web element with id: 'Object Repository/Connexion Usager/Verif_PopUpCompteExisteDeja' located by '/html/body/div[1]/div[1]/p[1]' not found (Root cause: com.kms.katalon.core.exception.StepFailedException: com.kms.katalon.core.webui.exception.WebElementNotFoundException: Web element with id: 'Object Repository/Connexion Usager/Verif_PopUpCompteExisteDeja' located by '/html/body/div[1]/div[1]/p[1]' not found
	at com.kms.katalon.core.webui.keyword.internal.WebUIKeywordMain.stepFailed(WebUIKeywordMain.groovy:64)
	at com.kms.katalon.core.webui.keyword.builtin.VerifyElementPresentKeyword$_verifyElementPresent_closure1.doCall(VerifyElementPresentKeyword.groovy:85)
	at com.kms.katalon.core.webui.keyword.builtin.VerifyElementPresentKeyword$_verifyElementPresent_closure1.call(VerifyElementPresentKeyword.groovy)
	at com.kms.katalon.core.webui.keyword.internal.WebUIKeywordMain.runKeyword(WebUIKeywordMain.groovy:20)
	at com.kms.katalon.core.webui.keyword.builtin.VerifyElementPresentKeyword.verifyElementPresent(VerifyElementPresentKeyword.groovy:92)
	at com.kms.katalon.core.webui.keyword.builtin.VerifyElementPresentKeyword.execute(VerifyElementPresentKeyword.groovy:68)
	at com.kms.katalon.core.keyword.internal.KeywordExecutor.executeKeywordForPlatform(KeywordExecutor.groovy:74)
	at com.kms.katalon.core.webui.keyword.WebUiBuiltInKeywords.verifyElementPresent(WebUiBuiltInKeywords.groovy:1448)
	at com.kazurayam.ksbackyard.HighlightElement$_pandemic_closure1.doCall(HighlightElement.groovy:105)
	at VerificationSiCompteExisteDeja.run(VerificationSiCompteExisteDeja:69)
	at com.kms.katalon.core.main.ScriptEngine.run(ScriptEngine.java:194)
	at com.kms.katalon.core.main.ScriptEngine.runScriptAsRawText(ScriptEngine.java:119)
	at com.kms.katalon.core.main.TestCaseExecutor.runScript(TestCaseExecutor.java:448)
	at com.kms.katalon.core.main.TestCaseExecutor.doExecute(TestCaseExecutor.java:439)
	at com.kms.katalon.core.main.TestCaseExecutor.processExecutionPhase(TestCaseExecutor.java:418)
	at com.kms.katalon.core.main.TestCaseExecutor.accessMainPhase(TestCaseExecutor.java:410)
	at com.kms.katalon.core.main.TestCaseExecutor.execute(TestCaseExecutor.java:285)
	at com.kms.katalon.core.main.TestCaseMain.runTestCase(TestCaseMain.java:144)
	at com.kms.katalon.core.keyword.builtin.CallTestCaseKeyword$_callTestCase_closure1.doCall(CallTestCaseKeyword.groovy:59)
	at com.kms.katalon.core.keyword.builtin.CallTestCaseKeyword$_callTestCase_closure1.call(CallTestCaseKeyword.groovy)
	at com.kms.katalon.core.keyword.internal.KeywordMain.runKeyword(KeywordMain.groovy:75)
	at com.kms.katalon.core.keyword.builtin.CallTestCaseKeyword.callTestCase(CallTestCaseKeyword.groovy:81)
	at com.kms.katalon.core.keyword.builtin.CallTestCaseKeyword.execute(CallTestCaseKeyword.groovy:44)
	at com.kms.katalon.core.keyword.internal.KeywordExecutor.executeKeywordForPlatform(KeywordExecutor.groovy:74)
	at com.kms.katalon.core.keyword.BuiltinKeywords.callTestCase(BuiltinKeywords.groovy:310)
	at com.kazurayam.ksbackyard.HighlightElement$_pandemic_closure1.doCall(HighlightElement.groovy:105)
	at Creer Votre Compte.run(Creer Votre Compte:117)
	at com.kms.katalon.core.main.ScriptEngine.run(ScriptEngine.java:194)
	at com.kms.katalon.core.main.ScriptEngine.runScriptAsRawText(ScriptEngine.java:119)
	at com.kms.katalon.core.main.TestCaseExecutor.runScript(TestCaseExecutor.java:448)
	at com.kms.katalon.core.main.TestCaseExecutor.doExecute(TestCaseExecutor.java:439)
	at com.kms.katalon.core.main.TestCaseExecutor.processExecutionPhase(TestCaseExecutor.java:418)
	at com.kms.katalon.core.main.TestCaseExecutor.accessMainPhase(TestCaseExecutor.java:410)
	at com.kms.katalon.core.main.TestCaseExecutor.execute(TestCaseExecutor.java:285)
	at com.kms.katalon.core.main.TestCaseMain.runTestCase(TestCaseMain.java:144)
	at com.kms.katalon.core.keyword.builtin.CallTestCaseKeyword$_callTestCase_closure1.doCall(CallTestCaseKeyword.groovy:59)
	at com.kms.katalon.core.keyword.builtin.CallTestCaseKeyword$_callTestCase_closure1.call(CallTestCaseKeyword.groovy)
	at com.kms.katalon.core.keyword.internal.KeywordMain.runKeyword(KeywordMain.groovy:75)
	at com.kms.katalon.core.keyword.builtin.CallTestCaseKeyword.callTestCase(CallTestCaseKeyword.groovy:81)
	at com.kms.katalon.core.keyword.builtin.CallTestCaseKeyword.execute(CallTestCaseKeyword.groovy:44)
	at com.kms.katalon.core.keyword.internal.KeywordExecutor.executeKeywordForPlatform(KeywordExecutor.groovy:74)
	at com.kms.katalon.core.keyword.BuiltinKeywords.callTestCase(BuiltinKeywords.groovy:310)
	at com.kazurayam.ksbackyard.HighlightElement$_pandemic_closure1.doCall(HighlightElement.groovy:105)
	at TNR R.TSPT Supp90-Etudiant.run(TNR R.TSPT Supp90-Etudiant:30)
	at com.kms.katalon.core.main.ScriptEngine.run(ScriptEngine.java:194)
	at com.kms.katalon.core.main.ScriptEngine.runScriptAsRawText(ScriptEngine.java:119)
	at com.kms.katalon.core.main.TestCaseExecutor.runScript(TestCaseExecutor.java:448)
	at com.kms.katalon.core.main.TestCaseExecutor.doExecute(TestCaseExecutor.java:439)
	at com.kms.katalon.core.main.TestCaseExecutor.processExecutionPhase(TestCaseExecutor.java:418)
	at com.kms.katalon.core.main.TestCaseExecutor.accessMainPhase(TestCaseExecutor.java:410)
	at com.kms.katalon.core.main.TestCaseExecutor.execute(TestCaseExecutor.java:285)
	at com.kms.katalon.core.common.CommonExecutor.accessTestCaseMainPhase(CommonExecutor.java:65)
	at com.kms.katalon.core.main.TestSuiteExecutor.accessTestSuiteMainPhase(TestSuiteExecutor.java:148)
	at com.kms.katalon.core.main.TestSuiteExecutor.execute(TestSuiteExecutor.java:106)
	at com.kms.katalon.core.main.TestCaseMain.startTestSuite(TestCaseMain.java:187)
	at com.kms.katalon.core.main.TestCaseMain$startTestSuite$0.call(Unknown Source)
	at TempTestSuite1700746096123.run(TempTestSuite1700746096123.groovy:36)
)

2023-11-23 14:39:16 - [MESSAGE][INFO] - Finding Test Object 'Object Repository/Connexion Usager/Verif_PopUpCompteExisteDeja'

2023-11-23 14:39:16 - [MESSAGE][INFO] - Checking object

2023-11-23 14:39:16 - [MESSAGE][INFO] - Finding web element from Test Object's properties

2023-11-23 14:39:16 - [MESSAGE][INFO] - Checking timeout

2023-11-23 14:39:16 - [MESSAGE][INFO] - Finding web element with id: 'Object Repository/Connexion Usager/Verif_PopUpCompteExisteDeja' located by 'By.xpath: /html/body/div[1]/div[1]/p[1]' in '2' second(s)

2023-11-23 14:39:16 - [MESSAGE][INFO] - Smart Wait Function is triggered

2023-11-23 14:39:16 - [MESSAGE][INFO] - Smart Wait Function is triggered

2023-11-23 14:39:16 - [MESSAGE][INFO] - Smart Wait Function is triggered

2023-11-23 14:39:16 - [MESSAGE][INFO] - Smart Wait Function is triggered

2023-11-23 14:39:16 - [MESSAGE][INFO] - Smart Wait Function is triggered

2023-11-23 14:39:16 - [MESSAGE][INFO] - Smart Wait Function is triggered

2023-11-23 14:39:16 - [MESSAGE][INFO] - Smart Wait Function is triggered

2023-11-23 14:39:16 - [MESSAGE][INFO] - Smart Wait Function is triggered

2023-11-23 14:39:16 - [MESSAGE][INFO] - Smart Wait Function is triggered

2023-11-23 14:39:16 - [MESSAGE][INFO] - Smart Wait Function is triggered

2023-11-23 14:39:16 - [MESSAGE][INFO] - Smart Wait Function is triggered

2023-11-23 14:39:16 - [MESSAGE][INFO] - Smart Wait Function is triggered

2023-11-23 14:39:17 - [MESSAGE][INFO] - Smart Wait Function is triggered

2023-11-23 14:39:17 - [MESSAGE][INFO] - Smart Wait Function is triggered

2023-11-23 14:39:17 - [MESSAGE][INFO] - Smart Wait Function is triggered

2023-11-23 14:39:17 - [MESSAGE][INFO] - Smart Wait Function is triggered

2023-11-23 14:39:17 - [MESSAGE][INFO] - Smart Wait Function is triggered

2023-11-23 14:39:17 - [MESSAGE][INFO] - Smart Wait Function is triggered

2023-11-23 14:39:17 - [MESSAGE][INFO] - Smart Wait Function is triggered

2023-11-23 14:39:17 - [MESSAGE][INFO] - Smart Wait Function is triggered

2023-11-23 14:39:17 - [MESSAGE][INFO] - Smart Wait Function is triggered

2023-11-23 14:39:17 - [MESSAGE][INFO] - Smart Wait Function is triggered

2023-11-23 14:39:17 - [MESSAGE][INFO] - Smart Wait Function is triggered

2023-11-23 14:39:17 - [MESSAGE][INFO] - Smart Wait Function is triggered

2023-11-23 14:39:17 - [MESSAGE][INFO] - Smart Wait Function is triggered

2023-11-23 14:39:17 - [MESSAGE][INFO] - Smart Wait Function is triggered

2023-11-23 14:39:17 - [MESSAGE][INFO] - Smart Wait Function is triggered

2023-11-23 14:39:17 - [MESSAGE][INFO] - Smart Wait Function is triggered

2023-11-23 14:39:17 - [MESSAGE][INFO] - Smart Wait Function is triggered

2023-11-23 14:39:17 - [MESSAGE][INFO] - Smart Wait Function is triggered

2023-11-23 14:39:17 - [MESSAGE][INFO] - Smart Wait Function is triggered

2023-11-23 14:39:17 - [MESSAGE][INFO] - Smart Wait Function is triggered

2023-11-23 14:39:17 - [MESSAGE][INFO] - Smart Wait Function is triggered

2023-11-23 14:39:17 - [MESSAGE][INFO] - Smart Wait Function is triggered

2023-11-23 14:39:17 - [MESSAGE][INFO] - Smart Wait Function is triggered

2023-11-23 14:39:17 - [MESSAGE][INFO] - Smart Wait Function is triggered

2023-11-23 14:39:17 - [MESSAGE][INFO] - Smart Wait Function is triggered

2023-11-23 14:39:17 - [MESSAGE][INFO] - Smart Wait Function is triggered

2023-11-23 14:39:17 - [MESSAGE][INFO] - Smart Wait Function is triggered

2023-11-23 14:39:17 - [MESSAGE][INFO] - Smart Wait Function is triggered

2023-11-23 14:39:17 - [MESSAGE][INFO] - Smart Wait Function is triggered

2023-11-23 14:39:17 - [MESSAGE][INFO] - Smart Wait Function is triggered

2023-11-23 14:39:17 - [MESSAGE][INFO] - Smart Wait Function is triggered

2023-11-23 14:39:18 - [MESSAGE][INFO] - Smart Wait Function is triggered

2023-11-23 14:39:18 - [MESSAGE][INFO] - Smart Wait Function is triggered

2023-11-23 14:39:18 - [MESSAGE][INFO] - Smart Wait Function is triggered

2023-11-23 14:39:18 - [MESSAGE][INFO] - Smart Wait Function is triggered

2023-11-23 14:39:18 - [MESSAGE][INFO] - Smart Wait Function is triggered

2023-11-23 14:39:18 - [MESSAGE][INFO] - Smart Wait Function is triggered

2023-11-23 14:39:18 - [MESSAGE][INFO] - Smart Wait Function is triggered

2023-11-23 14:39:18 - [MESSAGE][INFO] - Smart Wait Function is triggered

2023-11-23 14:39:18 - [MESSAGE][INFO] - Smart Wait Function is triggered

2023-11-23 14:39:18 - [MESSAGE][INFO] - Smart Wait Function is triggered

2023-11-23 14:39:18 - [MESSAGE][INFO] - Smart Wait Function is triggered

2023-11-23 14:39:18 - [MESSAGE][INFO] - Smart Wait Function is triggered

2023-11-23 14:39:18 - [MESSAGE][INFO] - Smart Wait Function is triggered

2023-11-23 14:39:18 - [MESSAGE][INFO] - Smart Wait Function is triggered

2023-11-23 14:39:18 - [MESSAGE][INFO] - Smart Wait Function is triggered

2023-11-23 14:39:18 - [MESSAGE][INFO] - Smart Wait Function is triggered

2023-11-23 14:39:18 - [MESSAGE][INFO] - Smart Wait Function is triggered

2023-11-23 14:39:18 - [MESSAGE][INFO] - Smart Wait Function is triggered

2023-11-23 14:39:18 - [MESSAGE][INFO] - Smart Wait Function is triggered

2023-11-23 14:39:18 - [MESSAGE][INFO] - Smart Wait Function is triggered

2023-11-23 14:39:18 - [MESSAGE][INFO] - Smart Wait Function is triggered

2023-11-23 14:39:18 - [MESSAGE][INFO] - Smart Wait Function is triggered

2023-11-23 14:39:18 - [MESSAGE][INFO] - Smart Wait Function is triggered

2023-11-23 14:39:18 - [MESSAGE][INFO] - Smart Wait Function is triggered

2023-11-23 14:39:18 - [MESSAGE][INFO] - Smart Wait Function is triggered

2023-11-23 14:39:18 - [MESSAGE][INFO] - Smart Wait Function is triggered

2023-11-23 14:39:18 - [MESSAGE][INFO] - Smart Wait Function is triggered

2023-11-23 14:39:18 - [MESSAGE][INFO] - Smart Wait Function is triggered

2023-11-23 14:39:18 - [MESSAGE][INFO] - Smart Wait Function is triggered

2023-11-23 14:39:18 - [MESSAGE][INFO] - Smart Wait Function is triggered

2023-11-23 14:39:18 - [MESSAGE][INFO] - Smart Wait Function is triggered

2023-11-23 14:39:19 - [MESSAGE][INFO] - Smart Wait Function is triggered

2023-11-23 14:39:19 - [MESSAGE][INFO] - Smart Wait Function is triggered

2023-11-23 14:39:19 - [MESSAGE][INFO] - Smart Wait Function is triggered

2023-11-23 14:39:19 - [MESSAGE][INFO] - Smart Wait Function is triggered

2023-11-23 14:39:19 - [MESSAGE][INFO] - Smart Wait Function is triggered

2023-11-23 14:39:19 - [MESSAGE][INFO] - Smart Wait Function is triggered

2023-11-23 14:39:19 - [MESSAGE][INFO] - Smart Wait Function is triggered

2023-11-23 14:39:19 - [MESSAGE][INFO] - Smart Wait Function is triggered

2023-11-23 14:39:19 - [MESSAGE][INFO] - Smart Wait Function is triggered

2023-11-23 14:39:19 - [MESSAGE][INFO] - Smart Wait Function is triggered

2023-11-23 14:39:19 - [MESSAGE][INFO] - Smart Wait Function is triggered

2023-11-23 14:39:19 - [MESSAGE][INFO] - Smart Wait Function is triggered

2023-11-23 14:39:19 - [MESSAGE][INFO] - Smart Wait Function is triggered

2023-11-23 14:39:19 - [MESSAGE][INFO] - Smart Wait Function is triggered

2023-11-23 14:39:19 - [MESSAGE][INFO] - Smart Wait Function is triggered

2023-11-23 14:39:19 - [MESSAGE][INFO] - Smart Wait Function is triggered

2023-11-23 14:39:19 - [MESSAGE][INFO] - Smart Wait Function is triggered

2023-11-23 14:39:19 - [MESSAGE][INFO] - Smart Wait Function is triggered

2023-11-23 14:39:19 - [MESSAGE][INFO] - Smart Wait Function is triggered

2023-11-23 14:39:19 - [MESSAGE][INFO] - Smart Wait Function is triggered

2023-11-23 14:39:19 - [MESSAGE][INFO] - Unable to find the element located by 'By.xpath: /html/body/div[1]/div[1]/p[1]'. Please recheck the objects properties to make sure the desired element is located. 

2023-11-23 14:39:19 - [MESSAGE][WARNING] - com.kms.katalon.core.webui.exception.WebElementNotFoundException: Web element with id: 'Object Repository/Connexion Usager/Verif_PopUpCompteExisteDeja' located by '/html/body/div[1]/div[1]/p[1]' not found (Root cause: com.kms.katalon.core.exception.StepFailedException: com.kms.katalon.core.webui.exception.WebElementNotFoundException: Web element with id: 'Object Repository/Connexion Usager/Verif_PopUpCompteExisteDeja' located by '/html/body/div[1]/div[1]/p[1]' not found
	at com.kms.katalon.core.webui.keyword.internal.WebUIKeywordMain.stepFailed(WebUIKeywordMain.groovy:64)
	at com.kms.katalon.core.webui.keyword.builtin.VerifyElementPresentKeyword$_verifyElementPresent_closure1.doCall(VerifyElementPresentKeyword.groovy:85)
	at com.kms.katalon.core.webui.keyword.builtin.VerifyElementPresentKeyword$_verifyElementPresent_closure1.call(VerifyElementPresentKeyword.groovy)
	at com.kms.katalon.core.webui.keyword.internal.WebUIKeywordMain.runKeyword(WebUIKeywordMain.groovy:20)
	at com.kms.katalon.core.webui.keyword.builtin.VerifyElementPresentKeyword.verifyElementPresent(VerifyElementPresentKeyword.groovy:92)
	at com.kms.katalon.core.webui.keyword.builtin.VerifyElementPresentKeyword.execute(VerifyElementPresentKeyword.groovy:68)
	at com.kms.katalon.core.keyword.internal.KeywordExecutor.executeKeywordForPlatform(KeywordExecutor.groovy:74)
	at com.kms.katalon.core.webui.keyword.WebUiBuiltInKeywords.verifyElementPresent(WebUiBuiltInKeywords.groovy:1448)
	at com.kazurayam.ksbackyard.HighlightElement$_pandemic_closure1.doCall(HighlightElement.groovy:105)
	at VerificationSiCompteExisteDeja.run(VerificationSiCompteExisteDeja:69)
	at com.kms.katalon.core.main.ScriptEngine.run(ScriptEngine.java:194)
	at com.kms.katalon.core.main.ScriptEngine.runScriptAsRawText(ScriptEngine.java:119)
	at com.kms.katalon.core.main.TestCaseExecutor.runScript(TestCaseExecutor.java:448)
	at com.kms.katalon.core.main.TestCaseExecutor.doExecute(TestCaseExecutor.java:439)
	at com.kms.katalon.core.main.TestCaseExecutor.processExecutionPhase(TestCaseExecutor.java:418)
	at com.kms.katalon.core.main.TestCaseExecutor.accessMainPhase(TestCaseExecutor.java:410)
	at com.kms.katalon.core.main.TestCaseExecutor.execute(TestCaseExecutor.java:285)
	at com.kms.katalon.core.main.TestCaseMain.runTestCase(TestCaseMain.java:144)
	at com.kms.katalon.core.keyword.builtin.CallTestCaseKeyword$_callTestCase_closure1.doCall(CallTestCaseKeyword.groovy:59)
	at com.kms.katalon.core.keyword.builtin.CallTestCaseKeyword$_callTestCase_closure1.call(CallTestCaseKeyword.groovy)
	at com.kms.katalon.core.keyword.internal.KeywordMain.runKeyword(KeywordMain.groovy:75)
	at com.kms.katalon.core.keyword.builtin.CallTestCaseKeyword.callTestCase(CallTestCaseKeyword.groovy:81)
	at com.kms.katalon.core.keyword.builtin.CallTestCaseKeyword.execute(CallTestCaseKeyword.groovy:44)
	at com.kms.katalon.core.keyword.internal.KeywordExecutor.executeKeywordForPlatform(KeywordExecutor.groovy:74)
	at com.kms.katalon.core.keyword.BuiltinKeywords.callTestCase(BuiltinKeywords.groovy:310)
	at com.kazurayam.ksbackyard.HighlightElement$_pandemic_closure1.doCall(HighlightElement.groovy:105)
	at Creer Votre Compte.run(Creer Votre Compte:117)
	at com.kms.katalon.core.main.ScriptEngine.run(ScriptEngine.java:194)
	at com.kms.katalon.core.main.ScriptEngine.runScriptAsRawText(ScriptEngine.java:119)
	at com.kms.katalon.core.main.TestCaseExecutor.runScript(TestCaseExecutor.java:448)
	at com.kms.katalon.core.main.TestCaseExecutor.doExecute(TestCaseExecutor.java:439)
	at com.kms.katalon.core.main.TestCaseExecutor.processExecutionPhase(TestCaseExecutor.java:418)
	at com.kms.katalon.core.main.TestCaseExecutor.accessMainPhase(TestCaseExecutor.java:410)
	at com.kms.katalon.core.main.TestCaseExecutor.execute(TestCaseExecutor.java:285)
	at com.kms.katalon.core.main.TestCaseMain.runTestCase(TestCaseMain.java:144)
	at com.kms.katalon.core.keyword.builtin.CallTestCaseKeyword$_callTestCase_closure1.doCall(CallTestCaseKeyword.groovy:59)
	at com.kms.katalon.core.keyword.builtin.CallTestCaseKeyword$_callTestCase_closure1.call(CallTestCaseKeyword.groovy)
	at com.kms.katalon.core.keyword.internal.KeywordMain.runKeyword(KeywordMain.groovy:75)
	at com.kms.katalon.core.keyword.builtin.CallTestCaseKeyword.callTestCase(CallTestCaseKeyword.groovy:81)
	at com.kms.katalon.core.keyword.builtin.CallTestCaseKeyword.execute(CallTestCaseKeyword.groovy:44)
	at com.kms.katalon.core.keyword.internal.KeywordExecutor.executeKeywordForPlatform(KeywordExecutor.groovy:74)
	at com.kms.katalon.core.keyword.BuiltinKeywords.callTestCase(BuiltinKeywords.groovy:310)
	at com.kazurayam.ksbackyard.HighlightElement$_pandemic_closure1.doCall(HighlightElement.groovy:105)
	at TNR R.TSPT Supp90-Etudiant.run(TNR R.TSPT Supp90-Etudiant:30)
	at com.kms.katalon.core.main.ScriptEngine.run(ScriptEngine.java:194)
	at com.kms.katalon.core.main.ScriptEngine.runScriptAsRawText(ScriptEngine.java:119)
	at com.kms.katalon.core.main.TestCaseExecutor.runScript(TestCaseExecutor.java:448)
	at com.kms.katalon.core.main.TestCaseExecutor.doExecute(TestCaseExecutor.java:439)
	at com.kms.katalon.core.main.TestCaseExecutor.processExecutionPhase(TestCaseExecutor.java:418)
	at com.kms.katalon.core.main.TestCaseExecutor.accessMainPhase(TestCaseExecutor.java:410)
	at com.kms.katalon.core.main.TestCaseExecutor.execute(TestCaseExecutor.java:285)
	at com.kms.katalon.core.common.CommonExecutor.accessTestCaseMainPhase(CommonExecutor.java:65)
	at com.kms.katalon.core.main.TestSuiteExecutor.accessTestSuiteMainPhase(TestSuiteExecutor.java:148)
	at com.kms.katalon.core.main.TestSuiteExecutor.execute(TestSuiteExecutor.java:106)
	at com.kms.katalon.core.main.TestCaseMain.startTestSuite(TestCaseMain.java:187)
	at com.kms.katalon.core.main.TestCaseMain$startTestSuite$0.call(Unknown Source)
	at TempTestSuite1700746096123.run(TempTestSuite1700746096123.groovy:36)
)
[[ATTACHMENT|C:\\Users\\ISSAM.RHARBAOUI\\git\\22_11\\ANEF-AutomatizationProject\\Reports\\20231123_142816\\TS_TNR_R.TSPT_Suppo90\\20231123_142816\\1700746759649.png]]

2023-11-23 14:39:19 - [TEST_STEP][PASSED] - if (MsgAlertPresent): null

2023-11-23 14:39:19 - [TEST_STEP][PASSED] - else: Vos informations ne sont pas associÃ©es Ã  un compte ==>> CrÃ©ation d'un nouveau Compte avec ces Informations.

2023-11-23 14:39:19 - [TEST_STEP][PASSED] - markPassed("Vos informations ne sont pas associÃ©es Ã  un compte ==>> CrÃ©ation d'un nouveau Compte avec ces Informations."): Vos informations ne sont pas associÃ©es Ã  un compte ==>> CrÃ©ation d'un nouveau Compte avec ces Informations.

2023-11-23 14:39:19 - [MESSAGE][PASSED] - Vos informations ne sont pas associÃ©es Ã  un compte ==>> CrÃ©ation d'un nouveau Compte avec ces Informations.

2023-11-23 14:39:19 - [TEST_STEP][PASSED] - waitForPageLoad(2): Wait for page load successfully

2023-11-23 14:39:19 - [MESSAGE][INFO] - Checking timeout

2023-11-23 14:39:19 - [MESSAGE][PASSED] - Wait for page load successfully

2023-11-23 14:39:19 - [MESSAGE][PASSED] - Call Test Case 'Test Cases/Test Reutilisable/Main/VerificationSiCompteExisteDeja' successfully

2023-11-23 14:39:19 - [TEST_STEP][PASSED] - if (StopTestCase == true): null

2023-11-23 14:39:19 - [TEST_STEP][PASSED] - MonEmail = NumEtrangerVisa + "@yopmail.com": null

2023-11-23 14:39:19 - [TEST_STEP][PASSED] - delay(2): Delayed 2 second(s)

2023-11-23 14:39:19 - [MESSAGE][INFO] - Delaying browser in 2 second(s)

2023-11-23 14:39:21 - [MESSAGE][PASSED] - Delayed 2 second(s)

2023-11-23 14:39:21 - [TEST_STEP][PASSED] - setText(findTestObject("Object Repository/Connexion Usager/Input_Email"), MonEmail): Text '7703040871@yopmail.com' is set on object 'Object Repository/Connexion Usager/Input_Email'

2023-11-23 14:39:21 - [MESSAGE][INFO] - Finding Test Object 'Object Repository/Connexion Usager/Input_Email'

2023-11-23 14:39:21 - [MESSAGE][INFO] - Checking timeout

2023-11-23 14:39:21 - [MESSAGE][INFO] - Finding web element with id: 'Object Repository/Connexion Usager/Input_Email' located by 'By.xpath: //*/div/app-input[1]/div/div/input [@type = 'email']' in '20' second(s)

2023-11-23 14:39:21 - [MESSAGE][INFO] - Smart Wait Function is triggered

2023-11-23 14:39:22 - [MESSAGE][INFO] - Found 1 web elements with id: 'Object Repository/Connexion Usager/Input_Email' located by 'By.xpath: //*/div/app-input[1]/div/div/input [@type = 'email']' in '20' second(s)

2023-11-23 14:39:22 - [MESSAGE][INFO] - Checking object

2023-11-23 14:39:22 - [MESSAGE][INFO] - Checking text

2023-11-23 14:39:22 - [MESSAGE][INFO] - Finding web element from Test Object's properties

2023-11-23 14:39:22 - [MESSAGE][INFO] - Checking timeout

2023-11-23 14:39:22 - [MESSAGE][INFO] - Finding web element with id: 'Object Repository/Connexion Usager/Input_Email' located by 'By.xpath: //*/div/app-input[1]/div/div/input [@type = 'email']' in '5' second(s)

2023-11-23 14:39:22 - [MESSAGE][INFO] - Smart Wait Function is triggered

2023-11-23 14:39:22 - [MESSAGE][INFO] - Found 1 web elements with id: 'Object Repository/Connexion Usager/Input_Email' located by 'By.xpath: //*/div/app-input[1]/div/div/input [@type = 'email']' in '5' second(s)

2023-11-23 14:39:22 - [MESSAGE][INFO] - Clearing text of object 'Object Repository/Connexion Usager/Input_Email'

2023-11-23 14:39:24 - [MESSAGE][INFO] - Finding web element from Test Object's properties

2023-11-23 14:39:24 - [MESSAGE][INFO] - Checking timeout

2023-11-23 14:39:24 - [MESSAGE][INFO] - Finding web element with id: 'Object Repository/Connexion Usager/Input_Email' located by 'By.xpath: //*/div/app-input[1]/div/div/input [@type = 'email']' in '5' second(s)

2023-11-23 14:39:24 - [MESSAGE][INFO] - Smart Wait Function is triggered

2023-11-23 14:39:24 - [MESSAGE][INFO] - Found 1 web elements with id: 'Object Repository/Connexion Usager/Input_Email' located by 'By.xpath: //*/div/app-input[1]/div/div/input [@type = 'email']' in '5' second(s)

2023-11-23 14:39:24 - [MESSAGE][INFO] - Setting text of object 'Object Repository/Connexion Usager/Input_Email' to value '7703040871@yopmail.com'

2023-11-23 14:39:26 - [MESSAGE][PASSED] - Text '7703040871@yopmail.com' is set on object 'Object Repository/Connexion Usager/Input_Email'

2023-11-23 14:39:26 - [TEST_STEP][PASSED] - setText(findTestObject("Object Repository/Connexion Usager/Input_ConfirmeEmail"), MonEmail): Text '7703040871@yopmail.com' is set on object 'Object Repository/Connexion Usager/Input_ConfirmeEmail'

2023-11-23 14:39:26 - [MESSAGE][INFO] - Finding Test Object 'Object Repository/Connexion Usager/Input_ConfirmeEmail'

2023-11-23 14:39:26 - [MESSAGE][INFO] - Checking timeout

2023-11-23 14:39:26 - [MESSAGE][INFO] - Finding web element with id: 'Object Repository/Connexion Usager/Input_ConfirmeEmail' located by 'By.xpath: //*/div/app-input[2]/div/div/input [@type = 'email']' in '20' second(s)

2023-11-23 14:39:26 - [MESSAGE][INFO] - Smart Wait Function is triggered

2023-11-23 14:39:26 - [MESSAGE][INFO] - Found 1 web elements with id: 'Object Repository/Connexion Usager/Input_ConfirmeEmail' located by 'By.xpath: //*/div/app-input[2]/div/div/input [@type = 'email']' in '20' second(s)

2023-11-23 14:39:26 - [MESSAGE][INFO] - Checking object

2023-11-23 14:39:26 - [MESSAGE][INFO] - Checking text

2023-11-23 14:39:26 - [MESSAGE][INFO] - Finding web element from Test Object's properties

2023-11-23 14:39:26 - [MESSAGE][INFO] - Checking timeout

2023-11-23 14:39:26 - [MESSAGE][INFO] - Finding web element with id: 'Object Repository/Connexion Usager/Input_ConfirmeEmail' located by 'By.xpath: //*/div/app-input[2]/div/div/input [@type = 'email']' in '5' second(s)

2023-11-23 14:39:26 - [MESSAGE][INFO] - Smart Wait Function is triggered

2023-11-23 14:39:26 - [MESSAGE][INFO] - Found 1 web elements with id: 'Object Repository/Connexion Usager/Input_ConfirmeEmail' located by 'By.xpath: //*/div/app-input[2]/div/div/input [@type = 'email']' in '5' second(s)

2023-11-23 14:39:26 - [MESSAGE][INFO] - Clearing text of object 'Object Repository/Connexion Usager/Input_ConfirmeEmail'

2023-11-23 14:39:28 - [MESSAGE][INFO] - Finding web element from Test Object's properties

2023-11-23 14:39:28 - [MESSAGE][INFO] - Checking timeout

2023-11-23 14:39:28 - [MESSAGE][INFO] - Finding web element with id: 'Object Repository/Connexion Usager/Input_ConfirmeEmail' located by 'By.xpath: //*/div/app-input[2]/div/div/input [@type = 'email']' in '5' second(s)

2023-11-23 14:39:28 - [MESSAGE][INFO] - Smart Wait Function is triggered

2023-11-23 14:39:28 - [MESSAGE][INFO] - Found 1 web elements with id: 'Object Repository/Connexion Usager/Input_ConfirmeEmail' located by 'By.xpath: //*/div/app-input[2]/div/div/input [@type = 'email']' in '5' second(s)

2023-11-23 14:39:28 - [MESSAGE][INFO] - Setting text of object 'Object Repository/Connexion Usager/Input_ConfirmeEmail' to value '7703040871@yopmail.com'

2023-11-23 14:39:30 - [MESSAGE][PASSED] - Text '7703040871@yopmail.com' is set on object 'Object Repository/Connexion Usager/Input_ConfirmeEmail'

2023-11-23 14:39:30 - [TEST_STEP][PASSED] - click(findTestObject("Object Repository/Connexion Usager/span_btn_ValiderEmail")): Object: 'Object Repository/Connexion Usager/span_btn_ValiderEmail' is clicked on

2023-11-23 14:39:30 - [MESSAGE][INFO] - Finding Test Object 'Object Repository/Connexion Usager/span_btn_ValiderEmail'

2023-11-23 14:39:31 - [MESSAGE][INFO] - Checking timeout

2023-11-23 14:39:31 - [MESSAGE][INFO] - Finding web element with id: 'Object Repository/Connexion Usager/span_btn_ValiderEmail' located by 'By.xpath: //span[(text() = 'Valider' or . = 'Valider')]' in '20' second(s)

2023-11-23 14:39:31 - [MESSAGE][INFO] - Smart Wait Function is triggered

2023-11-23 14:39:31 - [MESSAGE][INFO] - Found 1 web elements with id: 'Object Repository/Connexion Usager/span_btn_ValiderEmail' located by 'By.xpath: //span[(text() = 'Valider' or . = 'Valider')]' in '20' second(s)

2023-11-23 14:39:31 - [MESSAGE][INFO] - Checking object

2023-11-23 14:39:31 - [MESSAGE][INFO] - Checking timeout

2023-11-23 14:39:31 - [MESSAGE][INFO] - Finding web element from Test Object's properties

2023-11-23 14:39:31 - [MESSAGE][INFO] - Checking timeout

2023-11-23 14:39:31 - [MESSAGE][INFO] - Finding web element with id: 'Object Repository/Connexion Usager/span_btn_ValiderEmail' located by 'By.xpath: //span[(text() = 'Valider' or . = 'Valider')]' in '5' second(s)

2023-11-23 14:39:31 - [MESSAGE][INFO] - Smart Wait Function is triggered

2023-11-23 14:39:31 - [MESSAGE][INFO] - Found 1 web elements with id: 'Object Repository/Connexion Usager/span_btn_ValiderEmail' located by 'By.xpath: //span[(text() = 'Valider' or . = 'Valider')]' in '5' second(s)

2023-11-23 14:39:31 - [MESSAGE][INFO] - Clicking on object: 'Object Repository/Connexion Usager/span_btn_ValiderEmail'

2023-11-23 14:39:33 - [MESSAGE][PASSED] - Object: 'Object Repository/Connexion Usager/span_btn_ValiderEmail' is clicked on

2023-11-23 14:39:33 - [TEST_STEP][PASSED] - delay(2): Delayed 2 second(s)

2023-11-23 14:39:33 - [MESSAGE][INFO] - Delaying browser in 2 second(s)

2023-11-23 14:39:35 - [MESSAGE][PASSED] - Delayed 2 second(s)

2023-11-23 14:39:35 - [TEST_STEP][PASSED] - click(findTestObject("Object Repository/Connexion Usager/btn_span_RetourAccueil")): Object: 'Object Repository/Connexion Usager/btn_span_RetourAccueil' is clicked on

2023-11-23 14:39:35 - [MESSAGE][INFO] - Finding Test Object 'Object Repository/Connexion Usager/btn_span_RetourAccueil'

2023-11-23 14:39:35 - [MESSAGE][INFO] - Checking timeout

2023-11-23 14:39:35 - [MESSAGE][INFO] - Finding web element with id: 'Object Repository/Connexion Usager/btn_span_RetourAccueil' located by 'By.xpath: (.//*[normalize-space(text()) and normalize-space(.)='CRÃATION DE COMPTE'])[1]/following::span[2]' in '20' second(s)

2023-11-23 14:39:35 - [MESSAGE][INFO] - Smart Wait Function is triggered

2023-11-23 14:39:35 - [MESSAGE][INFO] - Found 1 web elements with id: 'Object Repository/Connexion Usager/btn_span_RetourAccueil' located by 'By.xpath: (.//*[normalize-space(text()) and normalize-space(.)='CRÃATION DE COMPTE'])[1]/following::span[2]' in '20' second(s)

2023-11-23 14:39:35 - [MESSAGE][INFO] - Checking object

2023-11-23 14:39:35 - [MESSAGE][INFO] - Checking timeout

2023-11-23 14:39:35 - [MESSAGE][INFO] - Finding web element from Test Object's properties

2023-11-23 14:39:35 - [MESSAGE][INFO] - Checking timeout

2023-11-23 14:39:35 - [MESSAGE][INFO] - Finding web element with id: 'Object Repository/Connexion Usager/btn_span_RetourAccueil' located by 'By.xpath: (.//*[normalize-space(text()) and normalize-space(.)='CRÃATION DE COMPTE'])[1]/following::span[2]' in '5' second(s)

2023-11-23 14:39:35 - [MESSAGE][INFO] - Smart Wait Function is triggered

2023-11-23 14:39:35 - [MESSAGE][INFO] - Found 1 web elements with id: 'Object Repository/Connexion Usager/btn_span_RetourAccueil' located by 'By.xpath: (.//*[normalize-space(text()) and normalize-space(.)='CRÃATION DE COMPTE'])[1]/following::span[2]' in '5' second(s)

2023-11-23 14:39:35 - [MESSAGE][INFO] - Clicking on object: 'Object Repository/Connexion Usager/btn_span_RetourAccueil'

2023-11-23 14:39:37 - [MESSAGE][PASSED] - Object: 'Object Repository/Connexion Usager/btn_span_RetourAccueil' is clicked on

2023-11-23 14:39:37 - [TEST_STEP][PASSED] - delay(2): Delayed 2 second(s)

2023-11-23 14:39:37 - [MESSAGE][INFO] - Delaying browser in 2 second(s)

2023-11-23 14:39:39 - [MESSAGE][PASSED] - Delayed 2 second(s)

2023-11-23 14:39:39 - [TEST_STEP][PASSED] - tools.GetWebCookieByNamedCollected.GetWebCookie(): tools.GetWebCookieByNamedCollected.GetWebCookie is PASSED

2023-11-23 14:39:39 - [MESSAGE][PASSED] - tools.GetWebCookieByNamedCollected.GetWebCookie is PASSED

2023-11-23 14:39:39 - [TEST_STEP][PASSED] - if (EnvExec == "URL_ANEFQualif"): null

2023-11-23 14:39:39 - [TEST_STEP][PASSED] - if (EnvExec == "URL_ANEFPreProd"): Navigate to 'https://preprod.administration-etrangers-en-france.interieur.gouv.fr/particuliers/#/espace-personnel/inscription/mot-de-passe?token=eyJ0eXAiOiJKV1QiLCJhbGciOiJIUzI1NiJ9.eyJpYXQiOjE3MDA3NDY3NDEuMjA3ODQ5LCJleHAiOjE3MDA4MzMxNDEuMjA3ODQ5LCJsb2dpbiI6NDAwMjUwNjgsInN1YiI6InJlZ2lzdGVyIiwidXJsX3ByZWZpeCI6Ii91c2FnZXIifQ.BHsFw32mPYvVgwY9TPn8wFppW0MZn386efKF-z9lAJQ' successfully

2023-11-23 14:39:39 - [TEST_STEP][PASSED] - URL_CreationMDP = URLpwPreProd + Token: null

2023-11-23 14:39:39 - [TEST_STEP][PASSED] - navigateToUrl(URL_CreationMDP): Navigate to 'https://preprod.administration-etrangers-en-france.interieur.gouv.fr/particuliers/#/espace-personnel/inscription/mot-de-passe?token=eyJ0eXAiOiJKV1QiLCJhbGciOiJIUzI1NiJ9.eyJpYXQiOjE3MDA3NDY3NDEuMjA3ODQ5LCJleHAiOjE3MDA4MzMxNDEuMjA3ODQ5LCJsb2dpbiI6NDAwMjUwNjgsInN1YiI6InJlZ2lzdGVyIiwidXJsX3ByZWZpeCI6Ii91c2FnZXIifQ.BHsFw32mPYvVgwY9TPn8wFppW0MZn386efKF-z9lAJQ' successfully

2023-11-23 14:39:39 - [MESSAGE][INFO] - Checking url

2023-11-23 14:39:39 - [MESSAGE][INFO] - Navigating to 'https://preprod.administration-etrangers-en-france.interieur.gouv.fr/particuliers/#/espace-personnel/inscription/mot-de-passe?token=eyJ0eXAiOiJKV1QiLCJhbGciOiJIUzI1NiJ9.eyJpYXQiOjE3MDA3NDY3NDEuMjA3ODQ5LCJleHAiOjE3MDA4MzMxNDEuMjA3ODQ5LCJsb2dpbiI6NDAwMjUwNjgsInN1YiI6InJlZ2lzdGVyIiwidXJsX3ByZWZpeCI6Ii91c2FnZXIifQ.BHsFw32mPYvVgwY9TPn8wFppW0MZn386efKF-z9lAJQ'

2023-11-23 14:39:41 - [MESSAGE][PASSED] - Navigate to 'https://preprod.administration-etrangers-en-france.interieur.gouv.fr/particuliers/#/espace-personnel/inscription/mot-de-passe?token=eyJ0eXAiOiJKV1QiLCJhbGciOiJIUzI1NiJ9.eyJpYXQiOjE3MDA3NDY3NDEuMjA3ODQ5LCJleHAiOjE3MDA4MzMxNDEuMjA3ODQ5LCJsb2dpbiI6NDAwMjUwNjgsInN1YiI6InJlZ2lzdGVyIiwidXJsX3ByZWZpeCI6Ii91c2FnZXIifQ.BHsFw32mPYvVgwY9TPn8wFppW0MZn386efKF-z9lAJQ' successfully

2023-11-23 14:39:41 - [TEST_STEP][PASSED] - callTestCase(findTestCase("Test Reutilisable/Main/Verif_FormatNewPW"), [:], STOP_ON_FAILURE): Call Test Case 'Test Cases/Test Reutilisable/Main/Verif_FormatNewPW' successfully

2023-11-23 14:39:41 - [MESSAGE][INFO] - Checking called Test Case

2023-11-23 14:39:41 - [MESSAGE][INFO] - Starting to call Test Case 'Test Cases/Test Reutilisable/Main/Verif_FormatNewPW'

2023-11-23 14:39:41 - [TEST_CASE][PASSED] - Test Cases/Test Reutilisable/Main/Verif_FormatNewPW: Test Cases/Test Reutilisable/Main/Verif_FormatNewPW

2023-11-23 14:39:41 - [TEST_STEP][PASSED] - com.kazurayam.ksbackyard.HighlightElement.pandemic(): com.kazurayam.ksbackyard.HighlightElement.pandemic is PASSED

2023-11-23 14:39:41 - [MESSAGE][PASSED] - com.kazurayam.ksbackyard.HighlightElement.pandemic is PASSED

2023-11-23 14:39:41 - [TEST_STEP][PASSED] - println("CrÃ©er un mot de passe sans majuscule"): null

2023-11-23 14:39:41 - [TEST_STEP][PASSED] - setText(findTestObject("Object Repository/Connexion Usager/Input_Password"), "hhizaoui001!"): Text 'hhizaoui001!' is set on object 'Object Repository/Connexion Usager/Input_Password'

2023-11-23 14:39:41 - [MESSAGE][INFO] - Finding Test Object 'Object Repository/Connexion Usager/Input_Password'

2023-11-23 14:39:41 - [MESSAGE][INFO] - Checking timeout

2023-11-23 14:39:41 - [MESSAGE][INFO] - Finding web element with id: 'Object Repository/Connexion Usager/Input_Password' located by 'By.xpath: //*/app-input[1]/div/div/input [@type = 'password']' in '20' second(s)

2023-11-23 14:39:41 - [MESSAGE][INFO] - Smart Wait Function is triggered

2023-11-23 14:39:41 - [MESSAGE][INFO] - Found 1 web elements with id: 'Object Repository/Connexion Usager/Input_Password' located by 'By.xpath: //*/app-input[1]/div/div/input [@type = 'password']' in '20' second(s)

2023-11-23 14:39:41 - [MESSAGE][INFO] - Checking object

2023-11-23 14:39:41 - [MESSAGE][INFO] - Checking text

2023-11-23 14:39:41 - [MESSAGE][INFO] - Finding web element from Test Object's properties

2023-11-23 14:39:41 - [MESSAGE][INFO] - Checking timeout

2023-11-23 14:39:41 - [MESSAGE][INFO] - Finding web element with id: 'Object Repository/Connexion Usager/Input_Password' located by 'By.xpath: //*/app-input[1]/div/div/input [@type = 'password']' in '5' second(s)

2023-11-23 14:39:41 - [MESSAGE][INFO] - Smart Wait Function is triggered

2023-11-23 14:39:41 - [MESSAGE][INFO] - Found 1 web elements with id: 'Object Repository/Connexion Usager/Input_Password' located by 'By.xpath: //*/app-input[1]/div/div/input [@type = 'password']' in '5' second(s)

2023-11-23 14:39:41 - [MESSAGE][INFO] - Clearing text of object 'Object Repository/Connexion Usager/Input_Password'

2023-11-23 14:39:43 - [MESSAGE][INFO] - Finding web element from Test Object's properties

2023-11-23 14:39:43 - [MESSAGE][INFO] - Checking timeout

2023-11-23 14:39:43 - [MESSAGE][INFO] - Finding web element with id: 'Object Repository/Connexion Usager/Input_Password' located by 'By.xpath: //*/app-input[1]/div/div/input [@type = 'password']' in '5' second(s)

2023-11-23 14:39:43 - [MESSAGE][INFO] - Smart Wait Function is triggered

2023-11-23 14:39:43 - [MESSAGE][INFO] - Found 1 web elements with id: 'Object Repository/Connexion Usager/Input_Password' located by 'By.xpath: //*/app-input[1]/div/div/input [@type = 'password']' in '5' second(s)

2023-11-23 14:39:43 - [MESSAGE][INFO] - Setting text of object 'Object Repository/Connexion Usager/Input_Password' to value 'hhizaoui001!'

2023-11-23 14:39:46 - [MESSAGE][PASSED] - Text 'hhizaoui001!' is set on object 'Object Repository/Connexion Usager/Input_Password'

2023-11-23 14:39:46 - [TEST_STEP][PASSED] - setText(findTestObject("Object Repository/Connexion Usager/Input_ConfirmePassword"), "hhizaoui001!"): Text 'hhizaoui001!' is set on object 'Object Repository/Connexion Usager/Input_ConfirmePassword'

2023-11-23 14:39:46 - [MESSAGE][INFO] - Finding Test Object 'Object Repository/Connexion Usager/Input_ConfirmePassword'

2023-11-23 14:39:46 - [MESSAGE][INFO] - Checking timeout

2023-11-23 14:39:46 - [MESSAGE][INFO] - Finding web element with id: 'Object Repository/Connexion Usager/Input_ConfirmePassword' located by 'By.xpath: //*/app-input[2]/div/div/input [@type = 'password']' in '20' second(s)

2023-11-23 14:39:46 - [MESSAGE][INFO] - Smart Wait Function is triggered

2023-11-23 14:39:46 - [MESSAGE][INFO] - Found 1 web elements with id: 'Object Repository/Connexion Usager/Input_ConfirmePassword' located by 'By.xpath: //*/app-input[2]/div/div/input [@type = 'password']' in '20' second(s)

2023-11-23 14:39:46 - [MESSAGE][INFO] - Checking object

2023-11-23 14:39:46 - [MESSAGE][INFO] - Checking text

2023-11-23 14:39:46 - [MESSAGE][INFO] - Finding web element from Test Object's properties

2023-11-23 14:39:46 - [MESSAGE][INFO] - Checking timeout

2023-11-23 14:39:46 - [MESSAGE][INFO] - Finding web element with id: 'Object Repository/Connexion Usager/Input_ConfirmePassword' located by 'By.xpath: //*/app-input[2]/div/div/input [@type = 'password']' in '5' second(s)

2023-11-23 14:39:46 - [MESSAGE][INFO] - Smart Wait Function is triggered

2023-11-23 14:39:46 - [MESSAGE][INFO] - Found 1 web elements with id: 'Object Repository/Connexion Usager/Input_ConfirmePassword' located by 'By.xpath: //*/app-input[2]/div/div/input [@type = 'password']' in '5' second(s)

2023-11-23 14:39:46 - [MESSAGE][INFO] - Clearing text of object 'Object Repository/Connexion Usager/Input_ConfirmePassword'

2023-11-23 14:39:48 - [MESSAGE][INFO] - Finding web element from Test Object's properties

2023-11-23 14:39:48 - [MESSAGE][INFO] - Checking timeout

2023-11-23 14:39:48 - [MESSAGE][INFO] - Finding web element with id: 'Object Repository/Connexion Usager/Input_ConfirmePassword' located by 'By.xpath: //*/app-input[2]/div/div/input [@type = 'password']' in '5' second(s)

2023-11-23 14:39:48 - [MESSAGE][INFO] - Smart Wait Function is triggered

2023-11-23 14:39:48 - [MESSAGE][INFO] - Found 1 web elements with id: 'Object Repository/Connexion Usager/Input_ConfirmePassword' located by 'By.xpath: //*/app-input[2]/div/div/input [@type = 'password']' in '5' second(s)

2023-11-23 14:39:48 - [MESSAGE][INFO] - Setting text of object 'Object Repository/Connexion Usager/Input_ConfirmePassword' to value 'hhizaoui001!'

2023-11-23 14:39:50 - [MESSAGE][PASSED] - Text 'hhizaoui001!' is set on object 'Object Repository/Connexion Usager/Input_ConfirmePassword'

2023-11-23 14:39:50 - [TEST_STEP][PASSED] - click(findTestObject("Object Repository/Connexion Usager/btn_CreerMDP")): Object: 'Object Repository/Connexion Usager/btn_CreerMDP' is clicked on

2023-11-23 14:39:50 - [MESSAGE][INFO] - Finding Test Object 'Object Repository/Connexion Usager/btn_CreerMDP'

2023-11-23 14:39:50 - [MESSAGE][INFO] - Checking timeout

2023-11-23 14:39:50 - [MESSAGE][INFO] - Finding web element with id: 'Object Repository/Connexion Usager/btn_CreerMDP' located by 'By.xpath: //*/div/p-button/button [@type= 'button']' in '20' second(s)

2023-11-23 14:39:50 - [MESSAGE][INFO] - Smart Wait Function is triggered

2023-11-23 14:39:50 - [MESSAGE][INFO] - Found 1 web elements with id: 'Object Repository/Connexion Usager/btn_CreerMDP' located by 'By.xpath: //*/div/p-button/button [@type= 'button']' in '20' second(s)

2023-11-23 14:39:50 - [MESSAGE][INFO] - Checking object

2023-11-23 14:39:50 - [MESSAGE][INFO] - Checking timeout

2023-11-23 14:39:50 - [MESSAGE][INFO] - Finding web element from Test Object's properties

2023-11-23 14:39:50 - [MESSAGE][INFO] - Checking timeout

2023-11-23 14:39:50 - [MESSAGE][INFO] - Finding web element with id: 'Object Repository/Connexion Usager/btn_CreerMDP' located by 'By.xpath: //*/div/p-button/button [@type= 'button']' in '5' second(s)

2023-11-23 14:39:50 - [MESSAGE][INFO] - Smart Wait Function is triggered

2023-11-23 14:39:50 - [MESSAGE][INFO] - Found 1 web elements with id: 'Object Repository/Connexion Usager/btn_CreerMDP' located by 'By.xpath: //*/div/p-button/button [@type= 'button']' in '5' second(s)

2023-11-23 14:39:50 - [MESSAGE][INFO] - Clicking on object: 'Object Repository/Connexion Usager/btn_CreerMDP'

2023-11-23 14:39:52 - [MESSAGE][PASSED] - Object: 'Object Repository/Connexion Usager/btn_CreerMDP' is clicked on

2023-11-23 14:39:52 - [TEST_STEP][PASSED] - verifyElementPresent(findTestObject("Object Repository/Connexion Usager/div_MSG_FormatNonRespecte"), 1): Object 'Object Repository/Connexion Usager/div_MSG_FormatNonRespecte' is present

2023-11-23 14:39:52 - [MESSAGE][INFO] - Finding Test Object 'Object Repository/Connexion Usager/div_MSG_FormatNonRespecte'

2023-11-23 14:39:53 - [MESSAGE][INFO] - Checking object

2023-11-23 14:39:53 - [MESSAGE][INFO] - Finding web element from Test Object's properties

2023-11-23 14:39:53 - [MESSAGE][INFO] - Checking timeout

2023-11-23 14:39:53 - [MESSAGE][INFO] - Finding web element with id: 'Object Repository/Connexion Usager/div_MSG_FormatNonRespecte' located by 'By.xpath: //*/app-input[1]/div/div/div[1]/div[2]/div/span[2]' in '1' second(s)

2023-11-23 14:39:53 - [MESSAGE][INFO] - Smart Wait Function is triggered

2023-11-23 14:39:53 - [MESSAGE][INFO] - Found 1 web elements with id: 'Object Repository/Connexion Usager/div_MSG_FormatNonRespecte' located by 'By.xpath: //*/app-input[1]/div/div/div[1]/div[2]/div/span[2]' in '1' second(s)

2023-11-23 14:39:53 - [MESSAGE][PASSED] - Object 'Object Repository/Connexion Usager/div_MSG_FormatNonRespecte' is present

2023-11-23 14:39:53 - [TEST_STEP][PASSED] - println("CrÃ©er un mot de passe sans minuscule"): null

2023-11-23 14:39:53 - [TEST_STEP][PASSED] - setText(findTestObject("Object Repository/Connexion Usager/Input_Password"), "HHIZAOUI001!"): Text 'HHIZAOUI001!' is set on object 'Object Repository/Connexion Usager/Input_Password'

2023-11-23 14:39:53 - [MESSAGE][INFO] - Finding Test Object 'Object Repository/Connexion Usager/Input_Password'

2023-11-23 14:39:53 - [MESSAGE][INFO] - Checking timeout

2023-11-23 14:39:53 - [MESSAGE][INFO] - Finding web element with id: 'Object Repository/Connexion Usager/Input_Password' located by 'By.xpath: //*/app-input[1]/div/div/input [@type = 'password']' in '20' second(s)

2023-11-23 14:39:53 - [MESSAGE][INFO] - Smart Wait Function is triggered

2023-11-23 14:39:53 - [MESSAGE][INFO] - Found 1 web elements with id: 'Object Repository/Connexion Usager/Input_Password' located by 'By.xpath: //*/app-input[1]/div/div/input [@type = 'password']' in '20' second(s)

2023-11-23 14:39:53 - [MESSAGE][INFO] - Checking object

2023-11-23 14:39:53 - [MESSAGE][INFO] - Checking text

2023-11-23 14:39:53 - [MESSAGE][INFO] - Finding web element from Test Object's properties

2023-11-23 14:39:53 - [MESSAGE][INFO] - Checking timeout

2023-11-23 14:39:53 - [MESSAGE][INFO] - Finding web element with id: 'Object Repository/Connexion Usager/Input_Password' located by 'By.xpath: //*/app-input[1]/div/div/input [@type = 'password']' in '5' second(s)

2023-11-23 14:39:53 - [MESSAGE][INFO] - Smart Wait Function is triggered

2023-11-23 14:39:53 - [MESSAGE][INFO] - Found 1 web elements with id: 'Object Repository/Connexion Usager/Input_Password' located by 'By.xpath: //*/app-input[1]/div/div/input [@type = 'password']' in '5' second(s)

2023-11-23 14:39:53 - [MESSAGE][INFO] - Clearing text of object 'Object Repository/Connexion Usager/Input_Password'

2023-11-23 14:39:55 - [MESSAGE][INFO] - Finding web element from Test Object's properties

2023-11-23 14:39:55 - [MESSAGE][INFO] - Checking timeout

2023-11-23 14:39:55 - [MESSAGE][INFO] - Finding web element with id: 'Object Repository/Connexion Usager/Input_Password' located by 'By.xpath: //*/app-input[1]/div/div/input [@type = 'password']' in '5' second(s)

2023-11-23 14:39:55 - [MESSAGE][INFO] - Smart Wait Function is triggered

2023-11-23 14:39:55 - [MESSAGE][INFO] - Found 1 web elements with id: 'Object Repository/Connexion Usager/Input_Password' located by 'By.xpath: //*/app-input[1]/div/div/input [@type = 'password']' in '5' second(s)

2023-11-23 14:39:55 - [MESSAGE][INFO] - Setting text of object 'Object Repository/Connexion Usager/Input_Password' to value 'HHIZAOUI001!'

2023-11-23 14:39:57 - [MESSAGE][PASSED] - Text 'HHIZAOUI001!' is set on object 'Object Repository/Connexion Usager/Input_Password'

2023-11-23 14:39:57 - [TEST_STEP][PASSED] - setText(findTestObject("Object Repository/Connexion Usager/Input_ConfirmePassword"), "HHIZAOUI001!"): Text 'HHIZAOUI001!' is set on object 'Object Repository/Connexion Usager/Input_ConfirmePassword'

2023-11-23 14:39:57 - [MESSAGE][INFO] - Finding Test Object 'Object Repository/Connexion Usager/Input_ConfirmePassword'

2023-11-23 14:39:57 - [MESSAGE][INFO] - Checking timeout

2023-11-23 14:39:57 - [MESSAGE][INFO] - Finding web element with id: 'Object Repository/Connexion Usager/Input_ConfirmePassword' located by 'By.xpath: //*/app-input[2]/div/div/input [@type = 'password']' in '20' second(s)

2023-11-23 14:39:57 - [MESSAGE][INFO] - Smart Wait Function is triggered

2023-11-23 14:39:57 - [MESSAGE][INFO] - Found 1 web elements with id: 'Object Repository/Connexion Usager/Input_ConfirmePassword' located by 'By.xpath: //*/app-input[2]/div/div/input [@type = 'password']' in '20' second(s)

2023-11-23 14:39:57 - [MESSAGE][INFO] - Checking object

2023-11-23 14:39:57 - [MESSAGE][INFO] - Checking text

2023-11-23 14:39:57 - [MESSAGE][INFO] - Finding web element from Test Object's properties

2023-11-23 14:39:57 - [MESSAGE][INFO] - Checking timeout

2023-11-23 14:39:57 - [MESSAGE][INFO] - Finding web element with id: 'Object Repository/Connexion Usager/Input_ConfirmePassword' located by 'By.xpath: //*/app-input[2]/div/div/input [@type = 'password']' in '5' second(s)

2023-11-23 14:39:57 - [MESSAGE][INFO] - Smart Wait Function is triggered

2023-11-23 14:39:57 - [MESSAGE][INFO] - Found 1 web elements with id: 'Object Repository/Connexion Usager/Input_ConfirmePassword' located by 'By.xpath: //*/app-input[2]/div/div/input [@type = 'password']' in '5' second(s)

2023-11-23 14:39:57 - [MESSAGE][INFO] - Clearing text of object 'Object Repository/Connexion Usager/Input_ConfirmePassword'

2023-11-23 14:39:59 - [MESSAGE][INFO] - Finding web element from Test Object's properties

2023-11-23 14:39:59 - [MESSAGE][INFO] - Checking timeout

2023-11-23 14:39:59 - [MESSAGE][INFO] - Finding web element with id: 'Object Repository/Connexion Usager/Input_ConfirmePassword' located by 'By.xpath: //*/app-input[2]/div/div/input [@type = 'password']' in '5' second(s)

2023-11-23 14:39:59 - [MESSAGE][INFO] - Smart Wait Function is triggered

2023-11-23 14:39:59 - [MESSAGE][INFO] - Found 1 web elements with id: 'Object Repository/Connexion Usager/Input_ConfirmePassword' located by 'By.xpath: //*/app-input[2]/div/div/input [@type = 'password']' in '5' second(s)

2023-11-23 14:39:59 - [MESSAGE][INFO] - Setting text of object 'Object Repository/Connexion Usager/Input_ConfirmePassword' to value 'HHIZAOUI001!'

2023-11-23 14:40:02 - [MESSAGE][PASSED] - Text 'HHIZAOUI001!' is set on object 'Object Repository/Connexion Usager/Input_ConfirmePassword'

2023-11-23 14:40:02 - [TEST_STEP][PASSED] - click(findTestObject("Object Repository/Connexion Usager/btn_CreerMDP")): Object: 'Object Repository/Connexion Usager/btn_CreerMDP' is clicked on

2023-11-23 14:40:02 - [MESSAGE][INFO] - Finding Test Object 'Object Repository/Connexion Usager/btn_CreerMDP'

2023-11-23 14:40:02 - [MESSAGE][INFO] - Checking timeout

2023-11-23 14:40:02 - [MESSAGE][INFO] - Finding web element with id: 'Object Repository/Connexion Usager/btn_CreerMDP' located by 'By.xpath: //*/div/p-button/button [@type= 'button']' in '20' second(s)

2023-11-23 14:40:02 - [MESSAGE][INFO] - Smart Wait Function is triggered

2023-11-23 14:40:02 - [MESSAGE][INFO] - Found 1 web elements with id: 'Object Repository/Connexion Usager/btn_CreerMDP' located by 'By.xpath: //*/div/p-button/button [@type= 'button']' in '20' second(s)

2023-11-23 14:40:02 - [MESSAGE][INFO] - Checking object

2023-11-23 14:40:02 - [MESSAGE][INFO] - Checking timeout

2023-11-23 14:40:02 - [MESSAGE][INFO] - Finding web element from Test Object's properties

2023-11-23 14:40:02 - [MESSAGE][INFO] - Checking timeout

2023-11-23 14:40:02 - [MESSAGE][INFO] - Finding web element with id: 'Object Repository/Connexion Usager/btn_CreerMDP' located by 'By.xpath: //*/div/p-button/button [@type= 'button']' in '5' second(s)

2023-11-23 14:40:02 - [MESSAGE][INFO] - Smart Wait Function is triggered

2023-11-23 14:40:02 - [MESSAGE][INFO] - Found 1 web elements with id: 'Object Repository/Connexion Usager/btn_CreerMDP' located by 'By.xpath: //*/div/p-button/button [@type= 'button']' in '5' second(s)

2023-11-23 14:40:02 - [MESSAGE][INFO] - Clicking on object: 'Object Repository/Connexion Usager/btn_CreerMDP'

2023-11-23 14:40:04 - [MESSAGE][PASSED] - Object: 'Object Repository/Connexion Usager/btn_CreerMDP' is clicked on

2023-11-23 14:40:04 - [TEST_STEP][PASSED] - verifyElementPresent(findTestObject("Object Repository/Connexion Usager/div_MSG_FormatNonRespecte"), 1): Object 'Object Repository/Connexion Usager/div_MSG_FormatNonRespecte' is present

2023-11-23 14:40:04 - [MESSAGE][INFO] - Finding Test Object 'Object Repository/Connexion Usager/div_MSG_FormatNonRespecte'

2023-11-23 14:40:04 - [MESSAGE][INFO] - Checking object

2023-11-23 14:40:04 - [MESSAGE][INFO] - Finding web element from Test Object's properties

2023-11-23 14:40:04 - [MESSAGE][INFO] - Checking timeout

2023-11-23 14:40:04 - [MESSAGE][INFO] - Finding web element with id: 'Object Repository/Connexion Usager/div_MSG_FormatNonRespecte' located by 'By.xpath: //*/app-input[1]/div/div/div[1]/div[2]/div/span[2]' in '1' second(s)

2023-11-23 14:40:04 - [MESSAGE][INFO] - Smart Wait Function is triggered

2023-11-23 14:40:04 - [MESSAGE][INFO] - Found 1 web elements with id: 'Object Repository/Connexion Usager/div_MSG_FormatNonRespecte' located by 'By.xpath: //*/app-input[1]/div/div/div[1]/div[2]/div/span[2]' in '1' second(s)

2023-11-23 14:40:04 - [MESSAGE][PASSED] - Object 'Object Repository/Connexion Usager/div_MSG_FormatNonRespecte' is present

2023-11-23 14:40:04 - [TEST_STEP][PASSED] - println("CrÃ©er un mot de passe sans caractÃ¨re spÃ©cial"): null

2023-11-23 14:40:04 - [TEST_STEP][PASSED] - setText(findTestObject("Object Repository/Connexion Usager/Input_Password"), "HHizaoui0010"): Text 'HHizaoui0010' is set on object 'Object Repository/Connexion Usager/Input_Password'

2023-11-23 14:40:04 - [MESSAGE][INFO] - Finding Test Object 'Object Repository/Connexion Usager/Input_Password'

2023-11-23 14:40:04 - [MESSAGE][INFO] - Checking timeout

2023-11-23 14:40:04 - [MESSAGE][INFO] - Finding web element with id: 'Object Repository/Connexion Usager/Input_Password' located by 'By.xpath: //*/app-input[1]/div/div/input [@type = 'password']' in '20' second(s)

2023-11-23 14:40:04 - [MESSAGE][INFO] - Smart Wait Function is triggered

2023-11-23 14:40:04 - [MESSAGE][INFO] - Found 1 web elements with id: 'Object Repository/Connexion Usager/Input_Password' located by 'By.xpath: //*/app-input[1]/div/div/input [@type = 'password']' in '20' second(s)

2023-11-23 14:40:04 - [MESSAGE][INFO] - Checking object

2023-11-23 14:40:04 - [MESSAGE][INFO] - Checking text

2023-11-23 14:40:04 - [MESSAGE][INFO] - Finding web element from Test Object's properties

2023-11-23 14:40:04 - [MESSAGE][INFO] - Checking timeout

2023-11-23 14:40:04 - [MESSAGE][INFO] - Finding web element with id: 'Object Repository/Connexion Usager/Input_Password' located by 'By.xpath: //*/app-input[1]/div/div/input [@type = 'password']' in '5' second(s)

2023-11-23 14:40:04 - [MESSAGE][INFO] - Smart Wait Function is triggered

2023-11-23 14:40:04 - [MESSAGE][INFO] - Found 1 web elements with id: 'Object Repository/Connexion Usager/Input_Password' located by 'By.xpath: //*/app-input[1]/div/div/input [@type = 'password']' in '5' second(s)

2023-11-23 14:40:04 - [MESSAGE][INFO] - Clearing text of object 'Object Repository/Connexion Usager/Input_Password'

2023-11-23 14:40:06 - [MESSAGE][INFO] - Finding web element from Test Object's properties

2023-11-23 14:40:06 - [MESSAGE][INFO] - Checking timeout

2023-11-23 14:40:06 - [MESSAGE][INFO] - Finding web element with id: 'Object Repository/Connexion Usager/Input_Password' located by 'By.xpath: //*/app-input[1]/div/div/input [@type = 'password']' in '5' second(s)

2023-11-23 14:40:06 - [MESSAGE][INFO] - Smart Wait Function is triggered

2023-11-23 14:40:06 - [MESSAGE][INFO] - Found 1 web elements with id: 'Object Repository/Connexion Usager/Input_Password' located by 'By.xpath: //*/app-input[1]/div/div/input [@type = 'password']' in '5' second(s)

2023-11-23 14:40:06 - [MESSAGE][INFO] - Setting text of object 'Object Repository/Connexion Usager/Input_Password' to value 'HHizaoui0010'

2023-11-23 14:40:08 - [MESSAGE][PASSED] - Text 'HHizaoui0010' is set on object 'Object Repository/Connexion Usager/Input_Password'

2023-11-23 14:40:08 - [TEST_STEP][PASSED] - setText(findTestObject("Object Repository/Connexion Usager/Input_ConfirmePassword"), "HHizaoui0010"): Text 'HHizaoui0010' is set on object 'Object Repository/Connexion Usager/Input_ConfirmePassword'

2023-11-23 14:40:08 - [MESSAGE][INFO] - Finding Test Object 'Object Repository/Connexion Usager/Input_ConfirmePassword'

2023-11-23 14:40:09 - [MESSAGE][INFO] - Checking timeout

2023-11-23 14:40:09 - [MESSAGE][INFO] - Finding web element with id: 'Object Repository/Connexion Usager/Input_ConfirmePassword' located by 'By.xpath: //*/app-input[2]/div/div/input [@type = 'password']' in '20' second(s)

2023-11-23 14:40:09 - [MESSAGE][INFO] - Smart Wait Function is triggered

2023-11-23 14:40:09 - [MESSAGE][INFO] - Found 1 web elements with id: 'Object Repository/Connexion Usager/Input_ConfirmePassword' located by 'By.xpath: //*/app-input[2]/div/div/input [@type = 'password']' in '20' second(s)

2023-11-23 14:40:09 - [MESSAGE][INFO] - Checking object

2023-11-23 14:40:09 - [MESSAGE][INFO] - Checking text

2023-11-23 14:40:09 - [MESSAGE][INFO] - Finding web element from Test Object's properties

2023-11-23 14:40:09 - [MESSAGE][INFO] - Checking timeout

2023-11-23 14:40:09 - [MESSAGE][INFO] - Finding web element with id: 'Object Repository/Connexion Usager/Input_ConfirmePassword' located by 'By.xpath: //*/app-input[2]/div/div/input [@type = 'password']' in '5' second(s)

2023-11-23 14:40:09 - [MESSAGE][INFO] - Smart Wait Function is triggered

2023-11-23 14:40:09 - [MESSAGE][INFO] - Found 1 web elements with id: 'Object Repository/Connexion Usager/Input_ConfirmePassword' located by 'By.xpath: //*/app-input[2]/div/div/input [@type = 'password']' in '5' second(s)

2023-11-23 14:40:09 - [MESSAGE][INFO] - Clearing text of object 'Object Repository/Connexion Usager/Input_ConfirmePassword'

2023-11-23 14:40:11 - [MESSAGE][INFO] - Finding web element from Test Object's properties

2023-11-23 14:40:11 - [MESSAGE][INFO] - Checking timeout

2023-11-23 14:40:11 - [MESSAGE][INFO] - Finding web element with id: 'Object Repository/Connexion Usager/Input_ConfirmePassword' located by 'By.xpath: //*/app-input[2]/div/div/input [@type = 'password']' in '5' second(s)

2023-11-23 14:40:11 - [MESSAGE][INFO] - Smart Wait Function is triggered

2023-11-23 14:40:11 - [MESSAGE][INFO] - Found 1 web elements with id: 'Object Repository/Connexion Usager/Input_ConfirmePassword' located by 'By.xpath: //*/app-input[2]/div/div/input [@type = 'password']' in '5' second(s)

2023-11-23 14:40:11 - [MESSAGE][INFO] - Setting text of object 'Object Repository/Connexion Usager/Input_ConfirmePassword' to value 'HHizaoui0010'

2023-11-23 14:40:13 - [MESSAGE][PASSED] - Text 'HHizaoui0010' is set on object 'Object Repository/Connexion Usager/Input_ConfirmePassword'

2023-11-23 14:40:13 - [TEST_STEP][PASSED] - click(findTestObject("Object Repository/Connexion Usager/btn_CreerMDP")): Object: 'Object Repository/Connexion Usager/btn_CreerMDP' is clicked on

2023-11-23 14:40:13 - [MESSAGE][INFO] - Finding Test Object 'Object Repository/Connexion Usager/btn_CreerMDP'

2023-11-23 14:40:13 - [MESSAGE][INFO] - Checking timeout

2023-11-23 14:40:13 - [MESSAGE][INFO] - Finding web element with id: 'Object Repository/Connexion Usager/btn_CreerMDP' located by 'By.xpath: //*/div/p-button/button [@type= 'button']' in '20' second(s)

2023-11-23 14:40:13 - [MESSAGE][INFO] - Smart Wait Function is triggered

2023-11-23 14:40:13 - [MESSAGE][INFO] - Found 1 web elements with id: 'Object Repository/Connexion Usager/btn_CreerMDP' located by 'By.xpath: //*/div/p-button/button [@type= 'button']' in '20' second(s)

2023-11-23 14:40:13 - [MESSAGE][INFO] - Checking object

2023-11-23 14:40:13 - [MESSAGE][INFO] - Checking timeout

2023-11-23 14:40:13 - [MESSAGE][INFO] - Finding web element from Test Object's properties

2023-11-23 14:40:13 - [MESSAGE][INFO] - Checking timeout

2023-11-23 14:40:13 - [MESSAGE][INFO] - Finding web element with id: 'Object Repository/Connexion Usager/btn_CreerMDP' located by 'By.xpath: //*/div/p-button/button [@type= 'button']' in '5' second(s)

2023-11-23 14:40:13 - [MESSAGE][INFO] - Smart Wait Function is triggered

2023-11-23 14:40:13 - [MESSAGE][INFO] - Found 1 web elements with id: 'Object Repository/Connexion Usager/btn_CreerMDP' located by 'By.xpath: //*/div/p-button/button [@type= 'button']' in '5' second(s)

2023-11-23 14:40:13 - [MESSAGE][INFO] - Clicking on object: 'Object Repository/Connexion Usager/btn_CreerMDP'

2023-11-23 14:40:15 - [MESSAGE][PASSED] - Object: 'Object Repository/Connexion Usager/btn_CreerMDP' is clicked on

2023-11-23 14:40:15 - [TEST_STEP][PASSED] - verifyElementPresent(findTestObject("Object Repository/Connexion Usager/div_MSG_FormatNonRespecte"), 1): Object 'Object Repository/Connexion Usager/div_MSG_FormatNonRespecte' is present

2023-11-23 14:40:15 - [MESSAGE][INFO] - Finding Test Object 'Object Repository/Connexion Usager/div_MSG_FormatNonRespecte'

2023-11-23 14:40:15 - [MESSAGE][INFO] - Checking object

2023-11-23 14:40:15 - [MESSAGE][INFO] - Finding web element from Test Object's properties

2023-11-23 14:40:15 - [MESSAGE][INFO] - Checking timeout

2023-11-23 14:40:15 - [MESSAGE][INFO] - Finding web element with id: 'Object Repository/Connexion Usager/div_MSG_FormatNonRespecte' located by 'By.xpath: //*/app-input[1]/div/div/div[1]/div[2]/div/span[2]' in '1' second(s)

2023-11-23 14:40:15 - [MESSAGE][INFO] - Smart Wait Function is triggered

2023-11-23 14:40:15 - [MESSAGE][INFO] - Found 1 web elements with id: 'Object Repository/Connexion Usager/div_MSG_FormatNonRespecte' located by 'By.xpath: //*/app-input[1]/div/div/div[1]/div[2]/div/span[2]' in '1' second(s)

2023-11-23 14:40:15 - [MESSAGE][PASSED] - Object 'Object Repository/Connexion Usager/div_MSG_FormatNonRespecte' is present

2023-11-23 14:40:15 - [TEST_STEP][PASSED] - println("CrÃ©er un mot de passe sans chiffre"): null

2023-11-23 14:40:15 - [TEST_STEP][PASSED] - setText(findTestObject("Object Repository/Connexion Usager/Input_Password"), "HHizaouihiza!"): Text 'HHizaouihiza!' is set on object 'Object Repository/Connexion Usager/Input_Password'

2023-11-23 14:40:15 - [MESSAGE][INFO] - Finding Test Object 'Object Repository/Connexion Usager/Input_Password'

2023-11-23 14:40:15 - [MESSAGE][INFO] - Checking timeout

2023-11-23 14:40:15 - [MESSAGE][INFO] - Finding web element with id: 'Object Repository/Connexion Usager/Input_Password' located by 'By.xpath: //*/app-input[1]/div/div/input [@type = 'password']' in '20' second(s)

2023-11-23 14:40:15 - [MESSAGE][INFO] - Smart Wait Function is triggered

2023-11-23 14:40:15 - [MESSAGE][INFO] - Found 1 web elements with id: 'Object Repository/Connexion Usager/Input_Password' located by 'By.xpath: //*/app-input[1]/div/div/input [@type = 'password']' in '20' second(s)

2023-11-23 14:40:15 - [MESSAGE][INFO] - Checking object

2023-11-23 14:40:15 - [MESSAGE][INFO] - Checking text

2023-11-23 14:40:15 - [MESSAGE][INFO] - Finding web element from Test Object's properties

2023-11-23 14:40:15 - [MESSAGE][INFO] - Checking timeout

2023-11-23 14:40:15 - [MESSAGE][INFO] - Finding web element with id: 'Object Repository/Connexion Usager/Input_Password' located by 'By.xpath: //*/app-input[1]/div/div/input [@type = 'password']' in '5' second(s)

2023-11-23 14:40:15 - [MESSAGE][INFO] - Smart Wait Function is triggered

2023-11-23 14:40:15 - [MESSAGE][INFO] - Found 1 web elements with id: 'Object Repository/Connexion Usager/Input_Password' located by 'By.xpath: //*/app-input[1]/div/div/input [@type = 'password']' in '5' second(s)

2023-11-23 14:40:15 - [MESSAGE][INFO] - Clearing text of object 'Object Repository/Connexion Usager/Input_Password'

2023-11-23 14:40:18 - [MESSAGE][INFO] - Finding web element from Test Object's properties

2023-11-23 14:40:18 - [MESSAGE][INFO] - Checking timeout

2023-11-23 14:40:18 - [MESSAGE][INFO] - Finding web element with id: 'Object Repository/Connexion Usager/Input_Password' located by 'By.xpath: //*/app-input[1]/div/div/input [@type = 'password']' in '5' second(s)

2023-11-23 14:40:18 - [MESSAGE][INFO] - Smart Wait Function is triggered

2023-11-23 14:40:18 - [MESSAGE][INFO] - Found 1 web elements with id: 'Object Repository/Connexion Usager/Input_Password' located by 'By.xpath: //*/app-input[1]/div/div/input [@type = 'password']' in '5' second(s)

2023-11-23 14:40:18 - [MESSAGE][INFO] - Setting text of object 'Object Repository/Connexion Usager/Input_Password' to value 'HHizaouihiza!'

2023-11-23 14:40:20 - [MESSAGE][PASSED] - Text 'HHizaouihiza!' is set on object 'Object Repository/Connexion Usager/Input_Password'

2023-11-23 14:40:20 - [TEST_STEP][PASSED] - setText(findTestObject("Object Repository/Connexion Usager/Input_ConfirmePassword"), "HHizaouihiza!"): Text 'HHizaouihiza!' is set on object 'Object Repository/Connexion Usager/Input_ConfirmePassword'

2023-11-23 14:40:20 - [MESSAGE][INFO] - Finding Test Object 'Object Repository/Connexion Usager/Input_ConfirmePassword'

2023-11-23 14:40:20 - [MESSAGE][INFO] - Checking timeout

2023-11-23 14:40:20 - [MESSAGE][INFO] - Finding web element with id: 'Object Repository/Connexion Usager/Input_ConfirmePassword' located by 'By.xpath: //*/app-input[2]/div/div/input [@type = 'password']' in '20' second(s)

2023-11-23 14:40:20 - [MESSAGE][INFO] - Smart Wait Function is triggered

2023-11-23 14:40:20 - [MESSAGE][INFO] - Found 1 web elements with id: 'Object Repository/Connexion Usager/Input_ConfirmePassword' located by 'By.xpath: //*/app-input[2]/div/div/input [@type = 'password']' in '20' second(s)

2023-11-23 14:40:20 - [MESSAGE][INFO] - Checking object

2023-11-23 14:40:20 - [MESSAGE][INFO] - Checking text

2023-11-23 14:40:20 - [MESSAGE][INFO] - Finding web element from Test Object's properties

2023-11-23 14:40:20 - [MESSAGE][INFO] - Checking timeout

2023-11-23 14:40:20 - [MESSAGE][INFO] - Finding web element with id: 'Object Repository/Connexion Usager/Input_ConfirmePassword' located by 'By.xpath: //*/app-input[2]/div/div/input [@type = 'password']' in '5' second(s)

2023-11-23 14:40:20 - [MESSAGE][INFO] - Smart Wait Function is triggered

2023-11-23 14:40:20 - [MESSAGE][INFO] - Found 1 web elements with id: 'Object Repository/Connexion Usager/Input_ConfirmePassword' located by 'By.xpath: //*/app-input[2]/div/div/input [@type = 'password']' in '5' second(s)

2023-11-23 14:40:20 - [MESSAGE][INFO] - Clearing text of object 'Object Repository/Connexion Usager/Input_ConfirmePassword'

2023-11-23 14:40:22 - [MESSAGE][INFO] - Finding web element from Test Object's properties

2023-11-23 14:40:22 - [MESSAGE][INFO] - Checking timeout

2023-11-23 14:40:22 - [MESSAGE][INFO] - Finding web element with id: 'Object Repository/Connexion Usager/Input_ConfirmePassword' located by 'By.xpath: //*/app-input[2]/div/div/input [@type = 'password']' in '5' second(s)

2023-11-23 14:40:22 - [MESSAGE][INFO] - Smart Wait Function is triggered

2023-11-23 14:40:22 - [MESSAGE][INFO] - Found 1 web elements with id: 'Object Repository/Connexion Usager/Input_ConfirmePassword' located by 'By.xpath: //*/app-input[2]/div/div/input [@type = 'password']' in '5' second(s)

2023-11-23 14:40:22 - [MESSAGE][INFO] - Setting text of object 'Object Repository/Connexion Usager/Input_ConfirmePassword' to value 'HHizaouihiza!'

2023-11-23 14:40:24 - [MESSAGE][PASSED] - Text 'HHizaouihiza!' is set on object 'Object Repository/Connexion Usager/Input_ConfirmePassword'

2023-11-23 14:40:24 - [TEST_STEP][PASSED] - click(findTestObject("Object Repository/Connexion Usager/btn_CreerMDP")): Object: 'Object Repository/Connexion Usager/btn_CreerMDP' is clicked on

2023-11-23 14:40:24 - [MESSAGE][INFO] - Finding Test Object 'Object Repository/Connexion Usager/btn_CreerMDP'

2023-11-23 14:40:24 - [MESSAGE][INFO] - Checking timeout

2023-11-23 14:40:24 - [MESSAGE][INFO] - Finding web element with id: 'Object Repository/Connexion Usager/btn_CreerMDP' located by 'By.xpath: //*/div/p-button/button [@type= 'button']' in '20' second(s)

2023-11-23 14:40:24 - [MESSAGE][INFO] - Smart Wait Function is triggered

2023-11-23 14:40:24 - [MESSAGE][INFO] - Found 1 web elements with id: 'Object Repository/Connexion Usager/btn_CreerMDP' located by 'By.xpath: //*/div/p-button/button [@type= 'button']' in '20' second(s)

2023-11-23 14:40:24 - [MESSAGE][INFO] - Checking object

2023-11-23 14:40:24 - [MESSAGE][INFO] - Checking timeout

2023-11-23 14:40:24 - [MESSAGE][INFO] - Finding web element from Test Object's properties

2023-11-23 14:40:24 - [MESSAGE][INFO] - Checking timeout

2023-11-23 14:40:24 - [MESSAGE][INFO] - Finding web element with id: 'Object Repository/Connexion Usager/btn_CreerMDP' located by 'By.xpath: //*/div/p-button/button [@type= 'button']' in '5' second(s)

2023-11-23 14:40:24 - [MESSAGE][INFO] - Smart Wait Function is triggered

2023-11-23 14:40:24 - [MESSAGE][INFO] - Found 1 web elements with id: 'Object Repository/Connexion Usager/btn_CreerMDP' located by 'By.xpath: //*/div/p-button/button [@type= 'button']' in '5' second(s)

2023-11-23 14:40:24 - [MESSAGE][INFO] - Clicking on object: 'Object Repository/Connexion Usager/btn_CreerMDP'

2023-11-23 14:40:26 - [MESSAGE][PASSED] - Object: 'Object Repository/Connexion Usager/btn_CreerMDP' is clicked on

2023-11-23 14:40:26 - [TEST_STEP][PASSED] - verifyElementPresent(findTestObject("Object Repository/Connexion Usager/div_MSG_FormatNonRespecte"), 1): Object 'Object Repository/Connexion Usager/div_MSG_FormatNonRespecte' is present

2023-11-23 14:40:26 - [MESSAGE][INFO] - Finding Test Object 'Object Repository/Connexion Usager/div_MSG_FormatNonRespecte'

2023-11-23 14:40:26 - [MESSAGE][INFO] - Checking object

2023-11-23 14:40:26 - [MESSAGE][INFO] - Finding web element from Test Object's properties

2023-11-23 14:40:26 - [MESSAGE][INFO] - Checking timeout

2023-11-23 14:40:26 - [MESSAGE][INFO] - Finding web element with id: 'Object Repository/Connexion Usager/div_MSG_FormatNonRespecte' located by 'By.xpath: //*/app-input[1]/div/div/div[1]/div[2]/div/span[2]' in '1' second(s)

2023-11-23 14:40:26 - [MESSAGE][INFO] - Smart Wait Function is triggered

2023-11-23 14:40:26 - [MESSAGE][INFO] - Found 1 web elements with id: 'Object Repository/Connexion Usager/div_MSG_FormatNonRespecte' located by 'By.xpath: //*/app-input[1]/div/div/div[1]/div[2]/div/span[2]' in '1' second(s)

2023-11-23 14:40:26 - [MESSAGE][PASSED] - Object 'Object Repository/Connexion Usager/div_MSG_FormatNonRespecte' is present

2023-11-23 14:40:26 - [TEST_STEP][PASSED] - println("Saisir 2 mots de passe diffÃ©rents"): null

2023-11-23 14:40:26 - [TEST_STEP][PASSED] - setText(findTestObject("Object Repository/Connexion Usager/Input_Password"), "HHizaoui001!"): Text 'HHizaoui001!' is set on object 'Object Repository/Connexion Usager/Input_Password'

2023-11-23 14:40:26 - [MESSAGE][INFO] - Finding Test Object 'Object Repository/Connexion Usager/Input_Password'

2023-11-23 14:40:27 - [MESSAGE][INFO] - Checking timeout

2023-11-23 14:40:27 - [MESSAGE][INFO] - Finding web element with id: 'Object Repository/Connexion Usager/Input_Password' located by 'By.xpath: //*/app-input[1]/div/div/input [@type = 'password']' in '20' second(s)

2023-11-23 14:40:27 - [MESSAGE][INFO] - Smart Wait Function is triggered

2023-11-23 14:40:27 - [MESSAGE][INFO] - Found 1 web elements with id: 'Object Repository/Connexion Usager/Input_Password' located by 'By.xpath: //*/app-input[1]/div/div/input [@type = 'password']' in '20' second(s)

2023-11-23 14:40:27 - [MESSAGE][INFO] - Checking object

2023-11-23 14:40:27 - [MESSAGE][INFO] - Checking text

2023-11-23 14:40:27 - [MESSAGE][INFO] - Finding web element from Test Object's properties

2023-11-23 14:40:27 - [MESSAGE][INFO] - Checking timeout

2023-11-23 14:40:27 - [MESSAGE][INFO] - Finding web element with id: 'Object Repository/Connexion Usager/Input_Password' located by 'By.xpath: //*/app-input[1]/div/div/input [@type = 'password']' in '5' second(s)

2023-11-23 14:40:27 - [MESSAGE][INFO] - Smart Wait Function is triggered

2023-11-23 14:40:27 - [MESSAGE][INFO] - Found 1 web elements with id: 'Object Repository/Connexion Usager/Input_Password' located by 'By.xpath: //*/app-input[1]/div/div/input [@type = 'password']' in '5' second(s)

2023-11-23 14:40:27 - [MESSAGE][INFO] - Clearing text of object 'Object Repository/Connexion Usager/Input_Password'

2023-11-23 14:40:29 - [MESSAGE][INFO] - Finding web element from Test Object's properties

2023-11-23 14:40:29 - [MESSAGE][INFO] - Checking timeout

2023-11-23 14:40:29 - [MESSAGE][INFO] - Finding web element with id: 'Object Repository/Connexion Usager/Input_Password' located by 'By.xpath: //*/app-input[1]/div/div/input [@type = 'password']' in '5' second(s)

2023-11-23 14:40:29 - [MESSAGE][INFO] - Smart Wait Function is triggered

2023-11-23 14:40:29 - [MESSAGE][INFO] - Found 1 web elements with id: 'Object Repository/Connexion Usager/Input_Password' located by 'By.xpath: //*/app-input[1]/div/div/input [@type = 'password']' in '5' second(s)

2023-11-23 14:40:29 - [MESSAGE][INFO] - Setting text of object 'Object Repository/Connexion Usager/Input_Password' to value 'HHizaoui001!'

2023-11-23 14:40:31 - [MESSAGE][PASSED] - Text 'HHizaoui001!' is set on object 'Object Repository/Connexion Usager/Input_Password'

2023-11-23 14:40:31 - [TEST_STEP][PASSED] - setText(findTestObject("Object Repository/Connexion Usager/Input_ConfirmePassword"), "HHizaoui001!def"): Text 'HHizaoui001!def' is set on object 'Object Repository/Connexion Usager/Input_ConfirmePassword'

2023-11-23 14:40:31 - [MESSAGE][INFO] - Finding Test Object 'Object Repository/Connexion Usager/Input_ConfirmePassword'

2023-11-23 14:40:31 - [MESSAGE][INFO] - Checking timeout

2023-11-23 14:40:31 - [MESSAGE][INFO] - Finding web element with id: 'Object Repository/Connexion Usager/Input_ConfirmePassword' located by 'By.xpath: //*/app-input[2]/div/div/input [@type = 'password']' in '20' second(s)

2023-11-23 14:40:31 - [MESSAGE][INFO] - Smart Wait Function is triggered

2023-11-23 14:40:31 - [MESSAGE][INFO] - Found 1 web elements with id: 'Object Repository/Connexion Usager/Input_ConfirmePassword' located by 'By.xpath: //*/app-input[2]/div/div/input [@type = 'password']' in '20' second(s)

2023-11-23 14:40:31 - [MESSAGE][INFO] - Checking object

2023-11-23 14:40:31 - [MESSAGE][INFO] - Checking text

2023-11-23 14:40:31 - [MESSAGE][INFO] - Finding web element from Test Object's properties

2023-11-23 14:40:31 - [MESSAGE][INFO] - Checking timeout

2023-11-23 14:40:31 - [MESSAGE][INFO] - Finding web element with id: 'Object Repository/Connexion Usager/Input_ConfirmePassword' located by 'By.xpath: //*/app-input[2]/div/div/input [@type = 'password']' in '5' second(s)

2023-11-23 14:40:31 - [MESSAGE][INFO] - Smart Wait Function is triggered

2023-11-23 14:40:31 - [MESSAGE][INFO] - Found 1 web elements with id: 'Object Repository/Connexion Usager/Input_ConfirmePassword' located by 'By.xpath: //*/app-input[2]/div/div/input [@type = 'password']' in '5' second(s)

2023-11-23 14:40:31 - [MESSAGE][INFO] - Clearing text of object 'Object Repository/Connexion Usager/Input_ConfirmePassword'

2023-11-23 14:40:33 - [MESSAGE][INFO] - Finding web element from Test Object's properties

2023-11-23 14:40:33 - [MESSAGE][INFO] - Checking timeout

2023-11-23 14:40:33 - [MESSAGE][INFO] - Finding web element with id: 'Object Repository/Connexion Usager/Input_ConfirmePassword' located by 'By.xpath: //*/app-input[2]/div/div/input [@type = 'password']' in '5' second(s)

2023-11-23 14:40:33 - [MESSAGE][INFO] - Smart Wait Function is triggered

2023-11-23 14:40:33 - [MESSAGE][INFO] - Found 1 web elements with id: 'Object Repository/Connexion Usager/Input_ConfirmePassword' located by 'By.xpath: //*/app-input[2]/div/div/input [@type = 'password']' in '5' second(s)

2023-11-23 14:40:33 - [MESSAGE][INFO] - Setting text of object 'Object Repository/Connexion Usager/Input_ConfirmePassword' to value 'HHizaoui001!def'

2023-11-23 14:40:35 - [MESSAGE][PASSED] - Text 'HHizaoui001!def' is set on object 'Object Repository/Connexion Usager/Input_ConfirmePassword'

2023-11-23 14:40:35 - [TEST_STEP][PASSED] - click(findTestObject("Object Repository/Connexion Usager/btn_CreerMDP")): Object: 'Object Repository/Connexion Usager/btn_CreerMDP' is clicked on

2023-11-23 14:40:35 - [MESSAGE][INFO] - Finding Test Object 'Object Repository/Connexion Usager/btn_CreerMDP'

2023-11-23 14:40:35 - [MESSAGE][INFO] - Checking timeout

2023-11-23 14:40:35 - [MESSAGE][INFO] - Finding web element with id: 'Object Repository/Connexion Usager/btn_CreerMDP' located by 'By.xpath: //*/div/p-button/button [@type= 'button']' in '20' second(s)

2023-11-23 14:40:35 - [MESSAGE][INFO] - Smart Wait Function is triggered

2023-11-23 14:40:35 - [MESSAGE][INFO] - Found 1 web elements with id: 'Object Repository/Connexion Usager/btn_CreerMDP' located by 'By.xpath: //*/div/p-button/button [@type= 'button']' in '20' second(s)

2023-11-23 14:40:35 - [MESSAGE][INFO] - Checking object

2023-11-23 14:40:35 - [MESSAGE][INFO] - Checking timeout

2023-11-23 14:40:35 - [MESSAGE][INFO] - Finding web element from Test Object's properties

2023-11-23 14:40:35 - [MESSAGE][INFO] - Checking timeout

2023-11-23 14:40:35 - [MESSAGE][INFO] - Finding web element with id: 'Object Repository/Connexion Usager/btn_CreerMDP' located by 'By.xpath: //*/div/p-button/button [@type= 'button']' in '5' second(s)

2023-11-23 14:40:35 - [MESSAGE][INFO] - Smart Wait Function is triggered

2023-11-23 14:40:35 - [MESSAGE][INFO] - Found 1 web elements with id: 'Object Repository/Connexion Usager/btn_CreerMDP' located by 'By.xpath: //*/div/p-button/button [@type= 'button']' in '5' second(s)

2023-11-23 14:40:35 - [MESSAGE][INFO] - Clicking on object: 'Object Repository/Connexion Usager/btn_CreerMDP'

2023-11-23 14:40:38 - [MESSAGE][PASSED] - Object: 'Object Repository/Connexion Usager/btn_CreerMDP' is clicked on

2023-11-23 14:40:38 - [TEST_STEP][PASSED] - verifyElementPresent(findTestObject("Object Repository/Connexion Usager/div_ MSG_ChampsDoiventEtreIdentiques"), 1): Object 'Object Repository/Connexion Usager/div_ MSG_ChampsDoiventEtreIdentiques' is present

2023-11-23 14:40:38 - [MESSAGE][INFO] - Finding Test Object 'Object Repository/Connexion Usager/div_ MSG_ChampsDoiventEtreIdentiques'

2023-11-23 14:40:38 - [MESSAGE][INFO] - Checking object

2023-11-23 14:40:38 - [MESSAGE][INFO] - Finding web element from Test Object's properties

2023-11-23 14:40:38 - [MESSAGE][INFO] - Checking timeout

2023-11-23 14:40:38 - [MESSAGE][INFO] - Finding web element with id: 'Object Repository/Connexion Usager/div_ MSG_ChampsDoiventEtreIdentiques' located by 'By.xpath: //*/div[2]/div/div[1]/p/span' in '1' second(s)

2023-11-23 14:40:38 - [MESSAGE][INFO] - Smart Wait Function is triggered

2023-11-23 14:40:38 - [MESSAGE][INFO] - Found 1 web elements with id: 'Object Repository/Connexion Usager/div_ MSG_ChampsDoiventEtreIdentiques' located by 'By.xpath: //*/div[2]/div/div[1]/p/span' in '1' second(s)

2023-11-23 14:40:38 - [MESSAGE][PASSED] - Object 'Object Repository/Connexion Usager/div_ MSG_ChampsDoiventEtreIdentiques' is present

2023-11-23 14:40:38 - [TEST_STEP][PASSED] - println("CrÃ©er un mot de passe moins de 12 caractÃ¨res"): null

2023-11-23 14:40:38 - [TEST_STEP][PASSED] - setText(findTestObject("Object Repository/Connexion Usager/Input_Password"), "HHiza001!"): Text 'HHiza001!' is set on object 'Object Repository/Connexion Usager/Input_Password'

2023-11-23 14:40:38 - [MESSAGE][INFO] - Finding Test Object 'Object Repository/Connexion Usager/Input_Password'

2023-11-23 14:40:38 - [MESSAGE][INFO] - Checking timeout

2023-11-23 14:40:38 - [MESSAGE][INFO] - Finding web element with id: 'Object Repository/Connexion Usager/Input_Password' located by 'By.xpath: //*/app-input[1]/div/div/input [@type = 'password']' in '20' second(s)

2023-11-23 14:40:38 - [MESSAGE][INFO] - Smart Wait Function is triggered

2023-11-23 14:40:38 - [MESSAGE][INFO] - Found 1 web elements with id: 'Object Repository/Connexion Usager/Input_Password' located by 'By.xpath: //*/app-input[1]/div/div/input [@type = 'password']' in '20' second(s)

2023-11-23 14:40:38 - [MESSAGE][INFO] - Checking object

2023-11-23 14:40:38 - [MESSAGE][INFO] - Checking text

2023-11-23 14:40:38 - [MESSAGE][INFO] - Finding web element from Test Object's properties

2023-11-23 14:40:38 - [MESSAGE][INFO] - Checking timeout

2023-11-23 14:40:38 - [MESSAGE][INFO] - Finding web element with id: 'Object Repository/Connexion Usager/Input_Password' located by 'By.xpath: //*/app-input[1]/div/div/input [@type = 'password']' in '5' second(s)

2023-11-23 14:40:38 - [MESSAGE][INFO] - Smart Wait Function is triggered

2023-11-23 14:40:38 - [MESSAGE][INFO] - Found 1 web elements with id: 'Object Repository/Connexion Usager/Input_Password' located by 'By.xpath: //*/app-input[1]/div/div/input [@type = 'password']' in '5' second(s)

2023-11-23 14:40:38 - [MESSAGE][INFO] - Clearing text of object 'Object Repository/Connexion Usager/Input_Password'

2023-11-23 14:40:40 - [MESSAGE][INFO] - Finding web element from Test Object's properties

2023-11-23 14:40:40 - [MESSAGE][INFO] - Checking timeout

2023-11-23 14:40:40 - [MESSAGE][INFO] - Finding web element with id: 'Object Repository/Connexion Usager/Input_Password' located by 'By.xpath: //*/app-input[1]/div/div/input [@type = 'password']' in '5' second(s)

2023-11-23 14:40:40 - [MESSAGE][INFO] - Smart Wait Function is triggered

2023-11-23 14:40:40 - [MESSAGE][INFO] - Found 1 web elements with id: 'Object Repository/Connexion Usager/Input_Password' located by 'By.xpath: //*/app-input[1]/div/div/input [@type = 'password']' in '5' second(s)

2023-11-23 14:40:40 - [MESSAGE][INFO] - Setting text of object 'Object Repository/Connexion Usager/Input_Password' to value 'HHiza001!'

2023-11-23 14:40:42 - [MESSAGE][PASSED] - Text 'HHiza001!' is set on object 'Object Repository/Connexion Usager/Input_Password'

2023-11-23 14:40:42 - [TEST_STEP][PASSED] - setText(findTestObject("Object Repository/Connexion Usager/Input_ConfirmePassword"), "HHiza001!"): Text 'HHiza001!' is set on object 'Object Repository/Connexion Usager/Input_ConfirmePassword'

2023-11-23 14:40:42 - [MESSAGE][INFO] - Finding Test Object 'Object Repository/Connexion Usager/Input_ConfirmePassword'

2023-11-23 14:40:42 - [MESSAGE][INFO] - Checking timeout

2023-11-23 14:40:42 - [MESSAGE][INFO] - Finding web element with id: 'Object Repository/Connexion Usager/Input_ConfirmePassword' located by 'By.xpath: //*/app-input[2]/div/div/input [@type = 'password']' in '20' second(s)

2023-11-23 14:40:42 - [MESSAGE][INFO] - Smart Wait Function is triggered

2023-11-23 14:40:42 - [MESSAGE][INFO] - Found 1 web elements with id: 'Object Repository/Connexion Usager/Input_ConfirmePassword' located by 'By.xpath: //*/app-input[2]/div/div/input [@type = 'password']' in '20' second(s)

2023-11-23 14:40:42 - [MESSAGE][INFO] - Checking object

2023-11-23 14:40:42 - [MESSAGE][INFO] - Checking text

2023-11-23 14:40:42 - [MESSAGE][INFO] - Finding web element from Test Object's properties

2023-11-23 14:40:42 - [MESSAGE][INFO] - Checking timeout

2023-11-23 14:40:42 - [MESSAGE][INFO] - Finding web element with id: 'Object Repository/Connexion Usager/Input_ConfirmePassword' located by 'By.xpath: //*/app-input[2]/div/div/input [@type = 'password']' in '5' second(s)

2023-11-23 14:40:42 - [MESSAGE][INFO] - Smart Wait Function is triggered

2023-11-23 14:40:42 - [MESSAGE][INFO] - Found 1 web elements with id: 'Object Repository/Connexion Usager/Input_ConfirmePassword' located by 'By.xpath: //*/app-input[2]/div/div/input [@type = 'password']' in '5' second(s)

2023-11-23 14:40:42 - [MESSAGE][INFO] - Clearing text of object 'Object Repository/Connexion Usager/Input_ConfirmePassword'

2023-11-23 14:40:44 - [MESSAGE][INFO] - Finding web element from Test Object's properties

2023-11-23 14:40:44 - [MESSAGE][INFO] - Checking timeout

2023-11-23 14:40:44 - [MESSAGE][INFO] - Finding web element with id: 'Object Repository/Connexion Usager/Input_ConfirmePassword' located by 'By.xpath: //*/app-input[2]/div/div/input [@type = 'password']' in '5' second(s)

2023-11-23 14:40:44 - [MESSAGE][INFO] - Smart Wait Function is triggered

2023-11-23 14:40:44 - [MESSAGE][INFO] - Found 1 web elements with id: 'Object Repository/Connexion Usager/Input_ConfirmePassword' located by 'By.xpath: //*/app-input[2]/div/div/input [@type = 'password']' in '5' second(s)

2023-11-23 14:40:44 - [MESSAGE][INFO] - Setting text of object 'Object Repository/Connexion Usager/Input_ConfirmePassword' to value 'HHiza001!'

2023-11-23 14:40:47 - [MESSAGE][PASSED] - Text 'HHiza001!' is set on object 'Object Repository/Connexion Usager/Input_ConfirmePassword'

2023-11-23 14:40:47 - [TEST_STEP][PASSED] - click(findTestObject("Object Repository/Connexion Usager/btn_CreerMDP")): Object: 'Object Repository/Connexion Usager/btn_CreerMDP' is clicked on

2023-11-23 14:40:47 - [MESSAGE][INFO] - Finding Test Object 'Object Repository/Connexion Usager/btn_CreerMDP'

2023-11-23 14:40:47 - [MESSAGE][INFO] - Checking timeout

2023-11-23 14:40:47 - [MESSAGE][INFO] - Finding web element with id: 'Object Repository/Connexion Usager/btn_CreerMDP' located by 'By.xpath: //*/div/p-button/button [@type= 'button']' in '20' second(s)

2023-11-23 14:40:47 - [MESSAGE][INFO] - Smart Wait Function is triggered

2023-11-23 14:40:47 - [MESSAGE][INFO] - Found 1 web elements with id: 'Object Repository/Connexion Usager/btn_CreerMDP' located by 'By.xpath: //*/div/p-button/button [@type= 'button']' in '20' second(s)

2023-11-23 14:40:47 - [MESSAGE][INFO] - Checking object

2023-11-23 14:40:47 - [MESSAGE][INFO] - Checking timeout

2023-11-23 14:40:47 - [MESSAGE][INFO] - Finding web element from Test Object's properties

2023-11-23 14:40:47 - [MESSAGE][INFO] - Checking timeout

2023-11-23 14:40:47 - [MESSAGE][INFO] - Finding web element with id: 'Object Repository/Connexion Usager/btn_CreerMDP' located by 'By.xpath: //*/div/p-button/button [@type= 'button']' in '5' second(s)

2023-11-23 14:40:47 - [MESSAGE][INFO] - Smart Wait Function is triggered

2023-11-23 14:40:47 - [MESSAGE][INFO] - Found 1 web elements with id: 'Object Repository/Connexion Usager/btn_CreerMDP' located by 'By.xpath: //*/div/p-button/button [@type= 'button']' in '5' second(s)

2023-11-23 14:40:47 - [MESSAGE][INFO] - Clicking on object: 'Object Repository/Connexion Usager/btn_CreerMDP'

2023-11-23 14:40:49 - [MESSAGE][PASSED] - Object: 'Object Repository/Connexion Usager/btn_CreerMDP' is clicked on

2023-11-23 14:40:49 - [TEST_STEP][PASSED] - verifyElementPresent(findTestObject("Object Repository/Connexion Usager/div_MSG_FormatNonRespecte"), 1): Object 'Object Repository/Connexion Usager/div_MSG_FormatNonRespecte' is present

2023-11-23 14:40:49 - [MESSAGE][INFO] - Finding Test Object 'Object Repository/Connexion Usager/div_MSG_FormatNonRespecte'

2023-11-23 14:40:49 - [MESSAGE][INFO] - Checking object

2023-11-23 14:40:49 - [MESSAGE][INFO] - Finding web element from Test Object's properties

2023-11-23 14:40:49 - [MESSAGE][INFO] - Checking timeout

2023-11-23 14:40:49 - [MESSAGE][INFO] - Finding web element with id: 'Object Repository/Connexion Usager/div_MSG_FormatNonRespecte' located by 'By.xpath: //*/app-input[1]/div/div/div[1]/div[2]/div/span[2]' in '1' second(s)

2023-11-23 14:40:49 - [MESSAGE][INFO] - Smart Wait Function is triggered

2023-11-23 14:40:49 - [MESSAGE][INFO] - Found 1 web elements with id: 'Object Repository/Connexion Usager/div_MSG_FormatNonRespecte' located by 'By.xpath: //*/app-input[1]/div/div/div[1]/div[2]/div/span[2]' in '1' second(s)

2023-11-23 14:40:49 - [MESSAGE][PASSED] - Object 'Object Repository/Connexion Usager/div_MSG_FormatNonRespecte' is present

2023-11-23 14:40:49 - [MESSAGE][PASSED] - Call Test Case 'Test Cases/Test Reutilisable/Main/Verif_FormatNewPW' successfully

2023-11-23 14:40:49 - [TEST_STEP][PASSED] - setEncryptedText(findTestObject("Object Repository/Connexion Usager/Input_Password"), Password): Text ****** has been set on object 'Object Repository/Connexion Usager/Input_Password'

2023-11-23 14:40:49 - [MESSAGE][INFO] - Finding Test Object 'Object Repository/Connexion Usager/Input_Password'

2023-11-23 14:40:49 - [MESSAGE][INFO] - Checking timeout

2023-11-23 14:40:49 - [MESSAGE][INFO] - Finding web element with id: 'Object Repository/Connexion Usager/Input_Password' located by 'By.xpath: //*/app-input[1]/div/div/input [@type = 'password']' in '20' second(s)

2023-11-23 14:40:49 - [MESSAGE][INFO] - Smart Wait Function is triggered

2023-11-23 14:40:49 - [MESSAGE][INFO] - Found 1 web elements with id: 'Object Repository/Connexion Usager/Input_Password' located by 'By.xpath: //*/app-input[1]/div/div/input [@type = 'password']' in '20' second(s)

2023-11-23 14:40:49 - [MESSAGE][INFO] - Checking object

2023-11-23 14:40:49 - [MESSAGE][INFO] - Checking text

2023-11-23 14:40:49 - [MESSAGE][INFO] - Finding web element from Test Object's properties

2023-11-23 14:40:49 - [MESSAGE][INFO] - Checking timeout

2023-11-23 14:40:49 - [MESSAGE][INFO] - Finding web element with id: 'Object Repository/Connexion Usager/Input_Password' located by 'By.xpath: //*/app-input[1]/div/div/input [@type = 'password']' in '5' second(s)

2023-11-23 14:40:49 - [MESSAGE][INFO] - Smart Wait Function is triggered

2023-11-23 14:40:49 - [MESSAGE][INFO] - Found 1 web elements with id: 'Object Repository/Connexion Usager/Input_Password' located by 'By.xpath: //*/app-input[1]/div/div/input [@type = 'password']' in '5' second(s)

2023-11-23 14:40:49 - [MESSAGE][INFO] - Clearing text of object 'Object Repository/Connexion Usager/Input_Password'

2023-11-23 14:40:51 - [MESSAGE][INFO] - Setting  text of object 'Object Repository/Connexion Usager/Input_Password' to value ******

2023-11-23 14:40:53 - [MESSAGE][PASSED] - Text ****** has been set on object 'Object Repository/Connexion Usager/Input_Password'

2023-11-23 14:40:53 - [TEST_STEP][PASSED] - setEncryptedText(findTestObject("Object Repository/Connexion Usager/Input_ConfirmePassword"), Password): Text ****** has been set on object 'Object Repository/Connexion Usager/Input_ConfirmePassword'

2023-11-23 14:40:53 - [MESSAGE][INFO] - Finding Test Object 'Object Repository/Connexion Usager/Input_ConfirmePassword'

2023-11-23 14:40:53 - [MESSAGE][INFO] - Checking timeout

2023-11-23 14:40:53 - [MESSAGE][INFO] - Finding web element with id: 'Object Repository/Connexion Usager/Input_ConfirmePassword' located by 'By.xpath: //*/app-input[2]/div/div/input [@type = 'password']' in '20' second(s)

2023-11-23 14:40:53 - [MESSAGE][INFO] - Smart Wait Function is triggered

2023-11-23 14:40:53 - [MESSAGE][INFO] - Found 1 web elements with id: 'Object Repository/Connexion Usager/Input_ConfirmePassword' located by 'By.xpath: //*/app-input[2]/div/div/input [@type = 'password']' in '20' second(s)

2023-11-23 14:40:53 - [MESSAGE][INFO] - Checking object

2023-11-23 14:40:53 - [MESSAGE][INFO] - Checking text

2023-11-23 14:40:53 - [MESSAGE][INFO] - Finding web element from Test Object's properties

2023-11-23 14:40:53 - [MESSAGE][INFO] - Checking timeout

2023-11-23 14:40:53 - [MESSAGE][INFO] - Finding web element with id: 'Object Repository/Connexion Usager/Input_ConfirmePassword' located by 'By.xpath: //*/app-input[2]/div/div/input [@type = 'password']' in '5' second(s)

2023-11-23 14:40:53 - [MESSAGE][INFO] - Smart Wait Function is triggered

2023-11-23 14:40:54 - [MESSAGE][INFO] - Found 1 web elements with id: 'Object Repository/Connexion Usager/Input_ConfirmePassword' located by 'By.xpath: //*/app-input[2]/div/div/input [@type = 'password']' in '5' second(s)

2023-11-23 14:40:54 - [MESSAGE][INFO] - Clearing text of object 'Object Repository/Connexion Usager/Input_ConfirmePassword'

2023-11-23 14:40:56 - [MESSAGE][INFO] - Setting  text of object 'Object Repository/Connexion Usager/Input_ConfirmePassword' to value ******

2023-11-23 14:40:58 - [MESSAGE][PASSED] - Text ****** has been set on object 'Object Repository/Connexion Usager/Input_ConfirmePassword'

2023-11-23 14:40:58 - [TEST_STEP][PASSED] - click(findTestObject("Object Repository/Connexion Usager/btn_CreerMDP")): Object: 'Object Repository/Connexion Usager/btn_CreerMDP' is clicked on

2023-11-23 14:40:58 - [MESSAGE][INFO] - Finding Test Object 'Object Repository/Connexion Usager/btn_CreerMDP'

2023-11-23 14:40:58 - [MESSAGE][INFO] - Checking timeout

2023-11-23 14:40:58 - [MESSAGE][INFO] - Finding web element with id: 'Object Repository/Connexion Usager/btn_CreerMDP' located by 'By.xpath: //*/div/p-button/button [@type= 'button']' in '20' second(s)

2023-11-23 14:40:58 - [MESSAGE][INFO] - Smart Wait Function is triggered

2023-11-23 14:40:58 - [MESSAGE][INFO] - Found 1 web elements with id: 'Object Repository/Connexion Usager/btn_CreerMDP' located by 'By.xpath: //*/div/p-button/button [@type= 'button']' in '20' second(s)

2023-11-23 14:40:58 - [MESSAGE][INFO] - Checking object

2023-11-23 14:40:58 - [MESSAGE][INFO] - Checking timeout

2023-11-23 14:40:58 - [MESSAGE][INFO] - Finding web element from Test Object's properties

2023-11-23 14:40:58 - [MESSAGE][INFO] - Checking timeout

2023-11-23 14:40:58 - [MESSAGE][INFO] - Finding web element with id: 'Object Repository/Connexion Usager/btn_CreerMDP' located by 'By.xpath: //*/div/p-button/button [@type= 'button']' in '5' second(s)

2023-11-23 14:40:58 - [MESSAGE][INFO] - Smart Wait Function is triggered

2023-11-23 14:40:58 - [MESSAGE][INFO] - Found 1 web elements with id: 'Object Repository/Connexion Usager/btn_CreerMDP' located by 'By.xpath: //*/div/p-button/button [@type= 'button']' in '5' second(s)

2023-11-23 14:40:58 - [MESSAGE][INFO] - Clicking on object: 'Object Repository/Connexion Usager/btn_CreerMDP'

2023-11-23 14:41:00 - [MESSAGE][PASSED] - Object: 'Object Repository/Connexion Usager/btn_CreerMDP' is clicked on

2023-11-23 14:41:00 - [TEST_STEP][PASSED] - click(findTestObject("Object Repository/Connexion Usager/btn_span_RetourAccueil")): Object: 'Object Repository/Connexion Usager/btn_span_RetourAccueil' is clicked on

2023-11-23 14:41:00 - [MESSAGE][INFO] - Finding Test Object 'Object Repository/Connexion Usager/btn_span_RetourAccueil'

2023-11-23 14:41:00 - [MESSAGE][INFO] - Checking timeout

2023-11-23 14:41:00 - [MESSAGE][INFO] - Finding web element with id: 'Object Repository/Connexion Usager/btn_span_RetourAccueil' located by 'By.xpath: (.//*[normalize-space(text()) and normalize-space(.)='CRÃATION DE COMPTE'])[1]/following::span[2]' in '20' second(s)

2023-11-23 14:41:00 - [MESSAGE][INFO] - Smart Wait Function is triggered

2023-11-23 14:41:00 - [MESSAGE][INFO] - Smart Wait Function is triggered

2023-11-23 14:41:00 - [MESSAGE][INFO] - Smart Wait Function is triggered

2023-11-23 14:41:00 - [MESSAGE][INFO] - Smart Wait Function is triggered

2023-11-23 14:41:00 - [MESSAGE][INFO] - Smart Wait Function is triggered

2023-11-23 14:41:00 - [MESSAGE][INFO] - Smart Wait Function is triggered

2023-11-23 14:41:00 - [MESSAGE][INFO] - Smart Wait Function is triggered

2023-11-23 14:41:00 - [MESSAGE][INFO] - Smart Wait Function is triggered

2023-11-23 14:41:00 - [MESSAGE][INFO] - Smart Wait Function is triggered

2023-11-23 14:41:00 - [MESSAGE][INFO] - Smart Wait Function is triggered

2023-11-23 14:41:00 - [MESSAGE][INFO] - Smart Wait Function is triggered

2023-11-23 14:41:00 - [MESSAGE][INFO] - Smart Wait Function is triggered

2023-11-23 14:41:00 - [MESSAGE][INFO] - Smart Wait Function is triggered

2023-11-23 14:41:00 - [MESSAGE][INFO] - Smart Wait Function is triggered

2023-11-23 14:41:01 - [MESSAGE][INFO] - Smart Wait Function is triggered

2023-11-23 14:41:01 - [MESSAGE][INFO] - Smart Wait Function is triggered

2023-11-23 14:41:01 - [MESSAGE][INFO] - Smart Wait Function is triggered

2023-11-23 14:41:01 - [MESSAGE][INFO] - Smart Wait Function is triggered

2023-11-23 14:41:01 - [MESSAGE][INFO] - Smart Wait Function is triggered

2023-11-23 14:41:01 - [MESSAGE][INFO] - Smart Wait Function is triggered

2023-11-23 14:41:01 - [MESSAGE][INFO] - Smart Wait Function is triggered

2023-11-23 14:41:01 - [MESSAGE][INFO] - Smart Wait Function is triggered

2023-11-23 14:41:01 - [MESSAGE][INFO] - Smart Wait Function is triggered

2023-11-23 14:41:01 - [MESSAGE][INFO] - Smart Wait Function is triggered

2023-11-23 14:41:01 - [MESSAGE][INFO] - Smart Wait Function is triggered

2023-11-23 14:41:01 - [MESSAGE][INFO] - Smart Wait Function is triggered

2023-11-23 14:41:01 - [MESSAGE][INFO] - Smart Wait Function is triggered

2023-11-23 14:41:01 - [MESSAGE][INFO] - Smart Wait Function is triggered

2023-11-23 14:41:01 - [MESSAGE][INFO] - Smart Wait Function is triggered

2023-11-23 14:41:01 - [MESSAGE][INFO] - Smart Wait Function is triggered

2023-11-23 14:41:01 - [MESSAGE][INFO] - Smart Wait Function is triggered

2023-11-23 14:41:01 - [MESSAGE][INFO] - Smart Wait Function is triggered

2023-11-23 14:41:01 - [MESSAGE][INFO] - Smart Wait Function is triggered

2023-11-23 14:41:01 - [MESSAGE][INFO] - Smart Wait Function is triggered

2023-11-23 14:41:01 - [MESSAGE][INFO] - Smart Wait Function is triggered

2023-11-23 14:41:01 - [MESSAGE][INFO] - Smart Wait Function is triggered

2023-11-23 14:41:01 - [MESSAGE][INFO] - Smart Wait Function is triggered

2023-11-23 14:41:01 - [MESSAGE][INFO] - Smart Wait Function is triggered

2023-11-23 14:41:01 - [MESSAGE][INFO] - Smart Wait Function is triggered

2023-11-23 14:41:01 - [MESSAGE][INFO] - Found 1 web elements with id: 'Object Repository/Connexion Usager/btn_span_RetourAccueil' located by 'By.xpath: (.//*[normalize-space(text()) and normalize-space(.)='CRÃATION DE COMPTE'])[1]/following::span[2]' in '20' second(s)

2023-11-23 14:41:01 - [MESSAGE][INFO] - Checking object

2023-11-23 14:41:01 - [MESSAGE][INFO] - Checking timeout

2023-11-23 14:41:01 - [MESSAGE][INFO] - Finding web element from Test Object's properties

2023-11-23 14:41:01 - [MESSAGE][INFO] - Checking timeout

2023-11-23 14:41:01 - [MESSAGE][INFO] - Finding web element with id: 'Object Repository/Connexion Usager/btn_span_RetourAccueil' located by 'By.xpath: (.//*[normalize-space(text()) and normalize-space(.)='CRÃATION DE COMPTE'])[1]/following::span[2]' in '5' second(s)

2023-11-23 14:41:01 - [MESSAGE][INFO] - Smart Wait Function is triggered

2023-11-23 14:41:01 - [MESSAGE][INFO] - Found 1 web elements with id: 'Object Repository/Connexion Usager/btn_span_RetourAccueil' located by 'By.xpath: (.//*[normalize-space(text()) and normalize-space(.)='CRÃATION DE COMPTE'])[1]/following::span[2]' in '5' second(s)

2023-11-23 14:41:01 - [MESSAGE][INFO] - Clicking on object: 'Object Repository/Connexion Usager/btn_span_RetourAccueil'

2023-11-23 14:41:03 - [MESSAGE][PASSED] - Object: 'Object Repository/Connexion Usager/btn_span_RetourAccueil' is clicked on

2023-11-23 14:41:03 - [TEST_STEP][PASSED] - waitForPageLoad(5): Wait for page load successfully

2023-11-23 14:41:04 - [MESSAGE][INFO] - Checking timeout

2023-11-23 14:41:04 - [MESSAGE][PASSED] - Wait for page load successfully

2023-11-23 14:41:04 - [MESSAGE][PASSED] - Call Test Case 'Test Cases/Test Reutilisable/Main/Creer Votre Compte' successfully

2023-11-23 14:41:04 - [TEST_STEP][FAILED] - if (StopTestCase == false): Unable to call Test Case 'Test Cases/Test Reutilisable/DemandeOuRenouvelle_TitreSejour/FormulaireJustificatifs' (Root cause: com.kms.katalon.core.exception.StepFailedException: Call Test Case 'Test Cases/Test Reutilisable/DemandeOuRenouvelle_TitreSejour/FormulaireJustificatifs' failed
	at com.kms.katalon.core.keyword.builtin.CallTestCaseKeyword$_callTestCase_closure1.doCall(CallTestCaseKeyword.groovy:63)
	at com.kms.katalon.core.keyword.builtin.CallTestCaseKeyword$_callTestCase_closure1.call(CallTestCaseKeyword.groovy)
	at com.kms.katalon.core.keyword.internal.KeywordMain.runKeyword(KeywordMain.groovy:75)
	at com.kms.katalon.core.keyword.builtin.CallTestCaseKeyword.callTestCase(CallTestCaseKeyword.groovy:81)
	at com.kms.katalon.core.keyword.builtin.CallTestCaseKeyword.execute(CallTestCaseKeyword.groovy:44)
	at com.kms.katalon.core.keyword.internal.KeywordExecutor.executeKeywordForPlatform(KeywordExecutor.groovy:74)
	at com.kms.katalon.core.keyword.BuiltinKeywords.callTestCase(BuiltinKeywords.groovy:310)
	at com.kazurayam.ksbackyard.HighlightElement$_pandemic_closure1.doCall(HighlightElement.groovy:105)
	at TNR R.TSPT Supp90-Etudiant.run(TNR R.TSPT Supp90-Etudiant:62)
	at com.kms.katalon.core.main.ScriptEngine.run(ScriptEngine.java:194)
	at com.kms.katalon.core.main.ScriptEngine.runScriptAsRawText(ScriptEngine.java:119)
	at com.kms.katalon.core.main.TestCaseExecutor.runScript(TestCaseExecutor.java:448)
	at com.kms.katalon.core.main.TestCaseExecutor.doExecute(TestCaseExecutor.java:439)
	at com.kms.katalon.core.main.TestCaseExecutor.processExecutionPhase(TestCaseExecutor.java:418)
	at com.kms.katalon.core.main.TestCaseExecutor.accessMainPhase(TestCaseExecutor.java:410)
	at com.kms.katalon.core.main.TestCaseExecutor.execute(TestCaseExecutor.java:285)
	at com.kms.katalon.core.common.CommonExecutor.accessTestCaseMainPhase(CommonExecutor.java:65)
	at com.kms.katalon.core.main.TestSuiteExecutor.accessTestSuiteMainPhase(TestSuiteExecutor.java:148)
	at com.kms.katalon.core.main.TestSuiteExecutor.execute(TestSuiteExecutor.java:106)
	at com.kms.katalon.core.main.TestCaseMain.startTestSuite(TestCaseMain.java:187)
	at com.kms.katalon.core.main.TestCaseMain$startTestSuite$0.call(Unknown Source)
	at TempTestSuite1700746096123.run(TempTestSuite1700746096123.groovy:36)
Caused by: com.kms.katalon.core.exception.StepFailedException: Unable to wait for Angular to load.
	at com.kms.katalon.core.webui.keyword.internal.WebUIKeywordMain.stepFailed(WebUIKeywordMain.groovy:64)
	at com.kms.katalon.core.webui.keyword.internal.WebUIKeywordMain.runKeyword(WebUIKeywordMain.groovy:26)
	at com.kms.katalon.core.webui.keyword.internal.WebUIKeywordMain$runKeyword.call(Unknown Source)
	at com.kms.katalon.core.webui.keyword.builtin.WaitForAngularLoadKeyword.waitForAgularLoad(WaitForAngularLoadKeyword.groovy:50)
	at com.kms.katalon.core.webui.keyword.builtin.WaitForAngularLoadKeyword$waitForAgularLoad.callCurrent(Unknown Source)
	at com.kms.katalon.core.webui.keyword.builtin.WaitForAngularLoadKeyword.execute(WaitForAngularLoadKeyword.groovy:32)
	at com.kms.katalon.core.keyword.internal.KeywordExecutor.executeKeywordForPlatform(KeywordExecutor.groovy:74)
	at com.kms.katalon.core.webui.keyword.WebUiBuiltInKeywords.waitForAngularLoad(WebUiBuiltInKeywords.groovy:2471)
	at com.kazurayam.ksbackyard.HighlightElement$_pandemic_closure1.doCall(HighlightElement.groovy:105)
	at FormulaireJustificatifs.run(FormulaireJustificatifs:178)
	at com.kms.katalon.core.main.ScriptEngine.run(ScriptEngine.java:194)
	at com.kms.katalon.core.main.ScriptEngine.runScriptAsRawText(ScriptEngine.java:119)
	at com.kms.katalon.core.main.TestCaseExecutor.runScript(TestCaseExecutor.java:448)
	at com.kms.katalon.core.main.TestCaseExecutor.doExecute(TestCaseExecutor.java:439)
	at com.kms.katalon.core.main.TestCaseExecutor.processExecutionPhase(TestCaseExecutor.java:418)
	at com.kms.katalon.core.main.TestCaseExecutor.accessMainPhase(TestCaseExecutor.java:410)
	at com.kms.katalon.core.main.TestCaseExecutor.execute(TestCaseExecutor.java:285)
	at com.kms.katalon.core.main.TestCaseMain.runTestCase(TestCaseMain.java:144)
	at com.kms.katalon.core.keyword.builtin.CallTestCaseKeyword$_callTestCase_closure1.doCall(CallTestCaseKeyword.groovy:59)
	... 21 more
Caused by: org.openqa.selenium.TimeoutException: Expected condition failed: waiting for com.kms.katalon.core.webui.keyword.builtin.WaitForAngularLoadKeyword$1@12997ff6 (tried for 10 second(s) with 500 milliseconds interval)
Build info: version: '3.141.59', revision: 'e82be7d358', time: '2018-11-14T08:25:53'
System info: host: 'FR-L5448059', ip: '192.168.1.134', os.name: 'Windows 10', os.arch: 'amd64', os.version: '10.0', java.version: '1.8.0_362'
Driver info: com.kms.katalon.core.webui.driver.SmartWaitWebDriver
Capabilities {acceptInsecureCerts: false, browserName: chrome, browserVersion: 119.0.6045.160, chrome: {chromedriverVersion: 119.0.6045.105 (38c72552c5e..., userDataDir: C:\Users\ISSAM~1.RHA\AppDat...}, fedcm:accounts: true, goog:chromeOptions: {debuggerAddress: localhost:62788}, javascriptEnabled: true, networkConnectionEnabled: false, pageLoadStrategy: normal, platform: WINDOWS, platformName: WINDOWS, proxy: Proxy(), setWindowRect: true, strictFileInteractability: false, timeouts: {implicit: 0, pageLoad: 300000, script: 30000}, unhandledPromptBehavior: dismiss and notify, webauthn:extension:credBlob: true, webauthn:extension:largeBlob: true, webauthn:extension:minPinLength: true, webauthn:extension:prf: true, webauthn:virtualAuthenticators: true}
Session ID: d606915402822c957940de13cd1eb348
	at org.openqa.selenium.support.ui.WebDriverWait.timeoutException(WebDriverWait.java:95)
	at org.openqa.selenium.support.ui.FluentWait.until(FluentWait.java:272)
	at org.openqa.selenium.support.ui.Wait$until.call(Unknown Source)
	at com.kms.katalon.core.webui.keyword.builtin.WaitForAngularLoadKeyword$_waitForAgularLoad_closure1.doCall(WaitForAngularLoadKeyword.groovy:106)
	at com.kms.katalon.core.webui.keyword.builtin.WaitForAngularLoadKeyword$_waitForAgularLoad_closure1.doCall(WaitForAngularLoadKeyword.groovy)
	at com.kms.katalon.core.webui.keyword.internal.WebUIKeywordMain.runKeyword(WebUIKeywordMain.groovy:20)
	... 38 more
)

2023-11-23 14:41:04 - [TEST_STEP][PASSED] - callTestCase(findTestCase("Test Reutilisable/Main/Identification"), ["Profiles":"Usager", "NumEtrangerVisa":NumEtrangerVisa], STOP_ON_FAILURE): Call Test Case 'Test Cases/Test Reutilisable/Main/Identification' successfully

2023-11-23 14:41:04 - [MESSAGE][INFO] - Checking called Test Case

2023-11-23 14:41:04 - [MESSAGE][INFO] - Starting to call Test Case 'Test Cases/Test Reutilisable/Main/Identification'

2023-11-23 14:41:04 - [TEST_CASE][PASSED] - Test Cases/Test Reutilisable/Main/Identification: Test Cases/Test Reutilisable/Main/Identification

2023-11-23 14:41:04 - [TEST_STEP][PASSED] - if (Profiles == "Usager"): Object 'Object Repository/Page_Accueil_Usager/Span_MesNotifications' is present

2023-11-23 14:41:04 - [TEST_STEP][PASSED] - delay(5): Delayed 5 second(s)

2023-11-23 14:41:04 - [MESSAGE][INFO] - Delaying browser in 5 second(s)

2023-11-23 14:41:09 - [MESSAGE][PASSED] - Delayed 5 second(s)

2023-11-23 14:41:09 - [TEST_STEP][PASSED] - click(findTestObject("Object Repository/Connexion Usager/Link_Se Connecter")): Object: 'Object Repository/Connexion Usager/Link_Se Connecter' is clicked on

2023-11-23 14:41:09 - [MESSAGE][INFO] - Finding Test Object 'Object Repository/Connexion Usager/Link_Se Connecter'

2023-11-23 14:41:09 - [MESSAGE][INFO] - Checking timeout

2023-11-23 14:41:09 - [MESSAGE][INFO] - Finding web element with id: 'Object Repository/Connexion Usager/Link_Se Connecter' located by 'By.xpath: //*[@id="connexion_link"]' in '20' second(s)

2023-11-23 14:41:09 - [MESSAGE][INFO] - Smart Wait Function is triggered

2023-11-23 14:41:09 - [MESSAGE][INFO] - Found 1 web elements with id: 'Object Repository/Connexion Usager/Link_Se Connecter' located by 'By.xpath: //*[@id="connexion_link"]' in '20' second(s)

2023-11-23 14:41:09 - [MESSAGE][INFO] - Checking object

2023-11-23 14:41:09 - [MESSAGE][INFO] - Checking timeout

2023-11-23 14:41:09 - [MESSAGE][INFO] - Finding web element from Test Object's properties

2023-11-23 14:41:09 - [MESSAGE][INFO] - Checking timeout

2023-11-23 14:41:09 - [MESSAGE][INFO] - Finding web element with id: 'Object Repository/Connexion Usager/Link_Se Connecter' located by 'By.xpath: //*[@id="connexion_link"]' in '5' second(s)

2023-11-23 14:41:09 - [MESSAGE][INFO] - Smart Wait Function is triggered

2023-11-23 14:41:09 - [MESSAGE][INFO] - Found 1 web elements with id: 'Object Repository/Connexion Usager/Link_Se Connecter' located by 'By.xpath: //*[@id="connexion_link"]' in '5' second(s)

2023-11-23 14:41:09 - [MESSAGE][INFO] - Clicking on object: 'Object Repository/Connexion Usager/Link_Se Connecter'

2023-11-23 14:41:11 - [MESSAGE][PASSED] - Object: 'Object Repository/Connexion Usager/Link_Se Connecter' is clicked on

2023-11-23 14:41:11 - [TEST_STEP][PASSED] - callTestCase(findTestCase("Test Reutilisable/Main/Erreur lie a la confidentialite"), [:], STOP_ON_FAILURE): Call Test Case 'Test Cases/Test Reutilisable/Main/Erreur lie a la confidentialite' successfully

2023-11-23 14:41:11 - [MESSAGE][INFO] - Checking called Test Case

2023-11-23 14:41:11 - [MESSAGE][INFO] - Starting to call Test Case 'Test Cases/Test Reutilisable/Main/Erreur lie a la confidentialite'

2023-11-23 14:41:11 - [TEST_CASE][PASSED] - Test Cases/Test Reutilisable/Main/Erreur lie a la confidentialite: Test Cases/Test Reutilisable/Main/Erreur lie a la confidentialite

2023-11-23 14:41:12 - [TEST_STEP][PASSED] - tools.WaitForLoadedPage.waitForElementRendering(): tools.WaitForLoadedPage.waitForElementRendering is PASSED

2023-11-23 14:41:12 - [MESSAGE][PASSED] - tools.WaitForLoadedPage.waitForElementRendering is PASSED

2023-11-23 14:41:12 - [TEST_STEP][PASSED] - "Call Highlight.on() automatically": null

2023-11-23 14:41:12 - [TEST_STEP][PASSED] - DriverName = DriverName: null

2023-11-23 14:41:12 - [TEST_STEP][PASSED] - if (DriverName == "CHROME_DRIVER" || "EDGE_CHROMIUM_DRIVER" || "HEADLESS_DRIVER"): com.kms.katalon.core.webui.exception.WebElementNotFoundException: Web element with id: 'Object Repository/Connexion Usager/Btn_Parametres Avances' located by '//*[@id="details-button"]' not found (Root cause: com.kms.katalon.core.exception.StepFailedException: com.kms.katalon.core.webui.exception.WebElementNotFoundException: Web element with id: 'Object Repository/Connexion Usager/Btn_Parametres Avances' located by '//*[@id="details-button"]' not found
	at com.kms.katalon.core.webui.keyword.internal.WebUIKeywordMain.stepFailed(WebUIKeywordMain.groovy:64)
	at com.kms.katalon.core.webui.keyword.builtin.VerifyElementPresentKeyword$_verifyElementPresent_closure1.doCall(VerifyElementPresentKeyword.groovy:85)
	at com.kms.katalon.core.webui.keyword.builtin.VerifyElementPresentKeyword$_verifyElementPresent_closure1.call(VerifyElementPresentKeyword.groovy)
	at com.kms.katalon.core.webui.keyword.internal.WebUIKeywordMain.runKeyword(WebUIKeywordMain.groovy:20)
	at com.kms.katalon.core.webui.keyword.builtin.VerifyElementPresentKeyword.verifyElementPresent(VerifyElementPresentKeyword.groovy:92)
	at com.kms.katalon.core.webui.keyword.builtin.VerifyElementPresentKeyword.execute(VerifyElementPresentKeyword.groovy:68)
	at com.kms.katalon.core.keyword.internal.KeywordExecutor.executeKeywordForPlatform(KeywordExecutor.groovy:74)
	at com.kms.katalon.core.webui.keyword.WebUiBuiltInKeywords.verifyElementPresent(WebUiBuiltInKeywords.groovy:1448)
	at com.kazurayam.ksbackyard.HighlightElement$_pandemic_closure1.doCall(HighlightElement.groovy:105)
	at Erreur lie a la confidentialite.run(Erreur lie a la confidentialite:43)
	at com.kms.katalon.core.main.ScriptEngine.run(ScriptEngine.java:194)
	at com.kms.katalon.core.main.ScriptEngine.runScriptAsRawText(ScriptEngine.java:119)
	at com.kms.katalon.core.main.TestCaseExecutor.runScript(TestCaseExecutor.java:448)
	at com.kms.katalon.core.main.TestCaseExecutor.doExecute(TestCaseExecutor.java:439)
	at com.kms.katalon.core.main.TestCaseExecutor.processExecutionPhase(TestCaseExecutor.java:418)
	at com.kms.katalon.core.main.TestCaseExecutor.accessMainPhase(TestCaseExecutor.java:410)
	at com.kms.katalon.core.main.TestCaseExecutor.execute(TestCaseExecutor.java:285)
	at com.kms.katalon.core.main.TestCaseMain.runTestCase(TestCaseMain.java:144)
	at com.kms.katalon.core.keyword.builtin.CallTestCaseKeyword$_callTestCase_closure1.doCall(CallTestCaseKeyword.groovy:59)
	at com.kms.katalon.core.keyword.builtin.CallTestCaseKeyword$_callTestCase_closure1.call(CallTestCaseKeyword.groovy)
	at com.kms.katalon.core.keyword.internal.KeywordMain.runKeyword(KeywordMain.groovy:75)
	at com.kms.katalon.core.keyword.builtin.CallTestCaseKeyword.callTestCase(CallTestCaseKeyword.groovy:81)
	at com.kms.katalon.core.keyword.builtin.CallTestCaseKeyword.execute(CallTestCaseKeyword.groovy:44)
	at com.kms.katalon.core.keyword.internal.KeywordExecutor.executeKeywordForPlatform(KeywordExecutor.groovy:74)
	at com.kms.katalon.core.keyword.BuiltinKeywords.callTestCase(BuiltinKeywords.groovy:310)
	at com.kazurayam.ksbackyard.HighlightElement$_pandemic_closure1.doCall(HighlightElement.groovy:105)
	at Identification.run(Identification:35)
	at com.kms.katalon.core.main.ScriptEngine.run(ScriptEngine.java:194)
	at com.kms.katalon.core.main.ScriptEngine.runScriptAsRawText(ScriptEngine.java:119)
	at com.kms.katalon.core.main.TestCaseExecutor.runScript(TestCaseExecutor.java:448)
	at com.kms.katalon.core.main.TestCaseExecutor.doExecute(TestCaseExecutor.java:439)
	at com.kms.katalon.core.main.TestCaseExecutor.processExecutionPhase(TestCaseExecutor.java:418)
	at com.kms.katalon.core.main.TestCaseExecutor.accessMainPhase(TestCaseExecutor.java:410)
	at com.kms.katalon.core.main.TestCaseExecutor.execute(TestCaseExecutor.java:285)
	at com.kms.katalon.core.main.TestCaseMain.runTestCase(TestCaseMain.java:144)
	at com.kms.katalon.core.keyword.builtin.CallTestCaseKeyword$_callTestCase_closure1.doCall(CallTestCaseKeyword.groovy:59)
	at com.kms.katalon.core.keyword.builtin.CallTestCaseKeyword$_callTestCase_closure1.call(CallTestCaseKeyword.groovy)
	at com.kms.katalon.core.keyword.internal.KeywordMain.runKeyword(KeywordMain.groovy:75)
	at com.kms.katalon.core.keyword.builtin.CallTestCaseKeyword.callTestCase(CallTestCaseKeyword.groovy:81)
	at com.kms.katalon.core.keyword.builtin.CallTestCaseKeyword.execute(CallTestCaseKeyword.groovy:44)
	at com.kms.katalon.core.keyword.internal.KeywordExecutor.executeKeywordForPlatform(KeywordExecutor.groovy:74)
	at com.kms.katalon.core.keyword.BuiltinKeywords.callTestCase(BuiltinKeywords.groovy:310)
	at com.kazurayam.ksbackyard.HighlightElement$_pandemic_closure1.doCall(HighlightElement.groovy:105)
	at TNR R.TSPT Supp90-Etudiant.run(TNR R.TSPT Supp90-Etudiant:35)
	at com.kms.katalon.core.main.ScriptEngine.run(ScriptEngine.java:194)
	at com.kms.katalon.core.main.ScriptEngine.runScriptAsRawText(ScriptEngine.java:119)
	at com.kms.katalon.core.main.TestCaseExecutor.runScript(TestCaseExecutor.java:448)
	at com.kms.katalon.core.main.TestCaseExecutor.doExecute(TestCaseExecutor.java:439)
	at com.kms.katalon.core.main.TestCaseExecutor.processExecutionPhase(TestCaseExecutor.java:418)
	at com.kms.katalon.core.main.TestCaseExecutor.accessMainPhase(TestCaseExecutor.java:410)
	at com.kms.katalon.core.main.TestCaseExecutor.execute(TestCaseExecutor.java:285)
	at com.kms.katalon.core.common.CommonExecutor.accessTestCaseMainPhase(CommonExecutor.java:65)
	at com.kms.katalon.core.main.TestSuiteExecutor.accessTestSuiteMainPhase(TestSuiteExecutor.java:148)
	at com.kms.katalon.core.main.TestSuiteExecutor.execute(TestSuiteExecutor.java:106)
	at com.kms.katalon.core.main.TestCaseMain.startTestSuite(TestCaseMain.java:187)
	at com.kms.katalon.core.main.TestCaseMain$startTestSuite$0.call(Unknown Source)
	at TempTestSuite1700746096123.run(TempTestSuite1700746096123.groovy:36)
)

2023-11-23 14:41:12 - [TEST_STEP][PASSED] - if (verifyElementPresent(findTestObject("Object Repository/Connexion Usager/Btn_Parametres Avances"), 2, OPTIONAL)): com.kms.katalon.core.webui.exception.WebElementNotFoundException: Web element with id: 'Object Repository/Connexion Usager/Btn_Parametres Avances' located by '//*[@id="details-button"]' not found (Root cause: com.kms.katalon.core.exception.StepFailedException: com.kms.katalon.core.webui.exception.WebElementNotFoundException: Web element with id: 'Object Repository/Connexion Usager/Btn_Parametres Avances' located by '//*[@id="details-button"]' not found
	at com.kms.katalon.core.webui.keyword.internal.WebUIKeywordMain.stepFailed(WebUIKeywordMain.groovy:64)
	at com.kms.katalon.core.webui.keyword.builtin.VerifyElementPresentKeyword$_verifyElementPresent_closure1.doCall(VerifyElementPresentKeyword.groovy:85)
	at com.kms.katalon.core.webui.keyword.builtin.VerifyElementPresentKeyword$_verifyElementPresent_closure1.call(VerifyElementPresentKeyword.groovy)
	at com.kms.katalon.core.webui.keyword.internal.WebUIKeywordMain.runKeyword(WebUIKeywordMain.groovy:20)
	at com.kms.katalon.core.webui.keyword.builtin.VerifyElementPresentKeyword.verifyElementPresent(VerifyElementPresentKeyword.groovy:92)
	at com.kms.katalon.core.webui.keyword.builtin.VerifyElementPresentKeyword.execute(VerifyElementPresentKeyword.groovy:68)
	at com.kms.katalon.core.keyword.internal.KeywordExecutor.executeKeywordForPlatform(KeywordExecutor.groovy:74)
	at com.kms.katalon.core.webui.keyword.WebUiBuiltInKeywords.verifyElementPresent(WebUiBuiltInKeywords.groovy:1448)
	at com.kazurayam.ksbackyard.HighlightElement$_pandemic_closure1.doCall(HighlightElement.groovy:105)
	at Erreur lie a la confidentialite.run(Erreur lie a la confidentialite:43)
	at com.kms.katalon.core.main.ScriptEngine.run(ScriptEngine.java:194)
	at com.kms.katalon.core.main.ScriptEngine.runScriptAsRawText(ScriptEngine.java:119)
	at com.kms.katalon.core.main.TestCaseExecutor.runScript(TestCaseExecutor.java:448)
	at com.kms.katalon.core.main.TestCaseExecutor.doExecute(TestCaseExecutor.java:439)
	at com.kms.katalon.core.main.TestCaseExecutor.processExecutionPhase(TestCaseExecutor.java:418)
	at com.kms.katalon.core.main.TestCaseExecutor.accessMainPhase(TestCaseExecutor.java:410)
	at com.kms.katalon.core.main.TestCaseExecutor.execute(TestCaseExecutor.java:285)
	at com.kms.katalon.core.main.TestCaseMain.runTestCase(TestCaseMain.java:144)
	at com.kms.katalon.core.keyword.builtin.CallTestCaseKeyword$_callTestCase_closure1.doCall(CallTestCaseKeyword.groovy:59)
	at com.kms.katalon.core.keyword.builtin.CallTestCaseKeyword$_callTestCase_closure1.call(CallTestCaseKeyword.groovy)
	at com.kms.katalon.core.keyword.internal.KeywordMain.runKeyword(KeywordMain.groovy:75)
	at com.kms.katalon.core.keyword.builtin.CallTestCaseKeyword.callTestCase(CallTestCaseKeyword.groovy:81)
	at com.kms.katalon.core.keyword.builtin.CallTestCaseKeyword.execute(CallTestCaseKeyword.groovy:44)
	at com.kms.katalon.core.keyword.internal.KeywordExecutor.executeKeywordForPlatform(KeywordExecutor.groovy:74)
	at com.kms.katalon.core.keyword.BuiltinKeywords.callTestCase(BuiltinKeywords.groovy:310)
	at com.kazurayam.ksbackyard.HighlightElement$_pandemic_closure1.doCall(HighlightElement.groovy:105)
	at Identification.run(Identification:35)
	at com.kms.katalon.core.main.ScriptEngine.run(ScriptEngine.java:194)
	at com.kms.katalon.core.main.ScriptEngine.runScriptAsRawText(ScriptEngine.java:119)
	at com.kms.katalon.core.main.TestCaseExecutor.runScript(TestCaseExecutor.java:448)
	at com.kms.katalon.core.main.TestCaseExecutor.doExecute(TestCaseExecutor.java:439)
	at com.kms.katalon.core.main.TestCaseExecutor.processExecutionPhase(TestCaseExecutor.java:418)
	at com.kms.katalon.core.main.TestCaseExecutor.accessMainPhase(TestCaseExecutor.java:410)
	at com.kms.katalon.core.main.TestCaseExecutor.execute(TestCaseExecutor.java:285)
	at com.kms.katalon.core.main.TestCaseMain.runTestCase(TestCaseMain.java:144)
	at com.kms.katalon.core.keyword.builtin.CallTestCaseKeyword$_callTestCase_closure1.doCall(CallTestCaseKeyword.groovy:59)
	at com.kms.katalon.core.keyword.builtin.CallTestCaseKeyword$_callTestCase_closure1.call(CallTestCaseKeyword.groovy)
	at com.kms.katalon.core.keyword.internal.KeywordMain.runKeyword(KeywordMain.groovy:75)
	at com.kms.katalon.core.keyword.builtin.CallTestCaseKeyword.callTestCase(CallTestCaseKeyword.groovy:81)
	at com.kms.katalon.core.keyword.builtin.CallTestCaseKeyword.execute(CallTestCaseKeyword.groovy:44)
	at com.kms.katalon.core.keyword.internal.KeywordExecutor.executeKeywordForPlatform(KeywordExecutor.groovy:74)
	at com.kms.katalon.core.keyword.BuiltinKeywords.callTestCase(BuiltinKeywords.groovy:310)
	at com.kazurayam.ksbackyard.HighlightElement$_pandemic_closure1.doCall(HighlightElement.groovy:105)
	at TNR R.TSPT Supp90-Etudiant.run(TNR R.TSPT Supp90-Etudiant:35)
	at com.kms.katalon.core.main.ScriptEngine.run(ScriptEngine.java:194)
	at com.kms.katalon.core.main.ScriptEngine.runScriptAsRawText(ScriptEngine.java:119)
	at com.kms.katalon.core.main.TestCaseExecutor.runScript(TestCaseExecutor.java:448)
	at com.kms.katalon.core.main.TestCaseExecutor.doExecute(TestCaseExecutor.java:439)
	at com.kms.katalon.core.main.TestCaseExecutor.processExecutionPhase(TestCaseExecutor.java:418)
	at com.kms.katalon.core.main.TestCaseExecutor.accessMainPhase(TestCaseExecutor.java:410)
	at com.kms.katalon.core.main.TestCaseExecutor.execute(TestCaseExecutor.java:285)
	at com.kms.katalon.core.common.CommonExecutor.accessTestCaseMainPhase(CommonExecutor.java:65)
	at com.kms.katalon.core.main.TestSuiteExecutor.accessTestSuiteMainPhase(TestSuiteExecutor.java:148)
	at com.kms.katalon.core.main.TestSuiteExecutor.execute(TestSuiteExecutor.java:106)
	at com.kms.katalon.core.main.TestCaseMain.startTestSuite(TestCaseMain.java:187)
	at com.kms.katalon.core.main.TestCaseMain$startTestSuite$0.call(Unknown Source)
	at TempTestSuite1700746096123.run(TempTestSuite1700746096123.groovy:36)
)

2023-11-23 14:41:12 - [MESSAGE][INFO] - Finding Test Object 'Object Repository/Connexion Usager/Btn_Parametres Avances'

2023-11-23 14:41:12 - [MESSAGE][INFO] - Checking object

2023-11-23 14:41:12 - [MESSAGE][INFO] - Finding web element from Test Object's properties

2023-11-23 14:41:12 - [MESSAGE][INFO] - Checking timeout

2023-11-23 14:41:12 - [MESSAGE][INFO] - Finding web element with id: 'Object Repository/Connexion Usager/Btn_Parametres Avances' located by 'By.xpath: //*[@id="details-button"]' in '2' second(s)

2023-11-23 14:41:12 - [MESSAGE][INFO] - Smart Wait Function is triggered

2023-11-23 14:41:12 - [MESSAGE][INFO] - Smart Wait Function is triggered

2023-11-23 14:41:12 - [MESSAGE][INFO] - Smart Wait Function is triggered

2023-11-23 14:41:12 - [MESSAGE][INFO] - Smart Wait Function is triggered

2023-11-23 14:41:12 - [MESSAGE][INFO] - Smart Wait Function is triggered

2023-11-23 14:41:12 - [MESSAGE][INFO] - Smart Wait Function is triggered

2023-11-23 14:41:12 - [MESSAGE][INFO] - Smart Wait Function is triggered

2023-11-23 14:41:12 - [MESSAGE][INFO] - Smart Wait Function is triggered

2023-11-23 14:41:12 - [MESSAGE][INFO] - Smart Wait Function is triggered

2023-11-23 14:41:12 - [MESSAGE][INFO] - Smart Wait Function is triggered

2023-11-23 14:41:12 - [MESSAGE][INFO] - Smart Wait Function is triggered

2023-11-23 14:41:12 - [MESSAGE][INFO] - Smart Wait Function is triggered

2023-11-23 14:41:12 - [MESSAGE][INFO] - Smart Wait Function is triggered

2023-11-23 14:41:12 - [MESSAGE][INFO] - Smart Wait Function is triggered

2023-11-23 14:41:12 - [MESSAGE][INFO] - Smart Wait Function is triggered

2023-11-23 14:41:12 - [MESSAGE][INFO] - Smart Wait Function is triggered

2023-11-23 14:41:12 - [MESSAGE][INFO] - Smart Wait Function is triggered

2023-11-23 14:41:12 - [MESSAGE][INFO] - Smart Wait Function is triggered

2023-11-23 14:41:12 - [MESSAGE][INFO] - Smart Wait Function is triggered

2023-11-23 14:41:12 - [MESSAGE][INFO] - Smart Wait Function is triggered

2023-11-23 14:41:12 - [MESSAGE][INFO] - Smart Wait Function is triggered

2023-11-23 14:41:12 - [MESSAGE][INFO] - Smart Wait Function is triggered

2023-11-23 14:41:12 - [MESSAGE][INFO] - Smart Wait Function is triggered

2023-11-23 14:41:12 - [MESSAGE][INFO] - Smart Wait Function is triggered

2023-11-23 14:41:12 - [MESSAGE][INFO] - Smart Wait Function is triggered

2023-11-23 14:41:12 - [MESSAGE][INFO] - Smart Wait Function is triggered

2023-11-23 14:41:12 - [MESSAGE][INFO] - Smart Wait Function is triggered

2023-11-23 14:41:12 - [MESSAGE][INFO] - Smart Wait Function is triggered

2023-11-23 14:41:13 - [MESSAGE][INFO] - Smart Wait Function is triggered

2023-11-23 14:41:13 - [MESSAGE][INFO] - Smart Wait Function is triggered

2023-11-23 14:41:13 - [MESSAGE][INFO] - Smart Wait Function is triggered

2023-11-23 14:41:13 - [MESSAGE][INFO] - Smart Wait Function is triggered

2023-11-23 14:41:13 - [MESSAGE][INFO] - Smart Wait Function is triggered

2023-11-23 14:41:13 - [MESSAGE][INFO] - Smart Wait Function is triggered

2023-11-23 14:41:13 - [MESSAGE][INFO] - Smart Wait Function is triggered

2023-11-23 14:41:13 - [MESSAGE][INFO] - Smart Wait Function is triggered

2023-11-23 14:41:13 - [MESSAGE][INFO] - Smart Wait Function is triggered

2023-11-23 14:41:13 - [MESSAGE][INFO] - Smart Wait Function is triggered

2023-11-23 14:41:13 - [MESSAGE][INFO] - Smart Wait Function is triggered

2023-11-23 14:41:13 - [MESSAGE][INFO] - Smart Wait Function is triggered

2023-11-23 14:41:13 - [MESSAGE][INFO] - Smart Wait Function is triggered

2023-11-23 14:41:13 - [MESSAGE][INFO] - Smart Wait Function is triggered

2023-11-23 14:41:13 - [MESSAGE][INFO] - Smart Wait Function is triggered

2023-11-23 14:41:13 - [MESSAGE][INFO] - Smart Wait Function is triggered

2023-11-23 14:41:13 - [MESSAGE][INFO] - Smart Wait Function is triggered

2023-11-23 14:41:13 - [MESSAGE][INFO] - Smart Wait Function is triggered

2023-11-23 14:41:13 - [MESSAGE][INFO] - Smart Wait Function is triggered

2023-11-23 14:41:13 - [MESSAGE][INFO] - Smart Wait Function is triggered

2023-11-23 14:41:13 - [MESSAGE][INFO] - Smart Wait Function is triggered

2023-11-23 14:41:13 - [MESSAGE][INFO] - Smart Wait Function is triggered

2023-11-23 14:41:13 - [MESSAGE][INFO] - Smart Wait Function is triggered

2023-11-23 14:41:13 - [MESSAGE][INFO] - Smart Wait Function is triggered

2023-11-23 14:41:13 - [MESSAGE][INFO] - Smart Wait Function is triggered

2023-11-23 14:41:13 - [MESSAGE][INFO] - Smart Wait Function is triggered

2023-11-23 14:41:13 - [MESSAGE][INFO] - Smart Wait Function is triggered

2023-11-23 14:41:13 - [MESSAGE][INFO] - Smart Wait Function is triggered

2023-11-23 14:41:13 - [MESSAGE][INFO] - Smart Wait Function is triggered

2023-11-23 14:41:13 - [MESSAGE][INFO] - Smart Wait Function is triggered

2023-11-23 14:41:13 - [MESSAGE][INFO] - Smart Wait Function is triggered

2023-11-23 14:41:14 - [MESSAGE][INFO] - Smart Wait Function is triggered

2023-11-23 14:41:14 - [MESSAGE][INFO] - Smart Wait Function is triggered

2023-11-23 14:41:14 - [MESSAGE][INFO] - Smart Wait Function is triggered

2023-11-23 14:41:14 - [MESSAGE][INFO] - Smart Wait Function is triggered

2023-11-23 14:41:14 - [MESSAGE][INFO] - Smart Wait Function is triggered

2023-11-23 14:41:14 - [MESSAGE][INFO] - Smart Wait Function is triggered

2023-11-23 14:41:14 - [MESSAGE][INFO] - Smart Wait Function is triggered

2023-11-23 14:41:14 - [MESSAGE][INFO] - Smart Wait Function is triggered

2023-11-23 14:41:14 - [MESSAGE][INFO] - Smart Wait Function is triggered

2023-11-23 14:41:14 - [MESSAGE][INFO] - Smart Wait Function is triggered

2023-11-23 14:41:14 - [MESSAGE][INFO] - Smart Wait Function is triggered

2023-11-23 14:41:14 - [MESSAGE][INFO] - Smart Wait Function is triggered

2023-11-23 14:41:14 - [MESSAGE][INFO] - Smart Wait Function is triggered

2023-11-23 14:41:14 - [MESSAGE][INFO] - Smart Wait Function is triggered

2023-11-23 14:41:14 - [MESSAGE][INFO] - Smart Wait Function is triggered

2023-11-23 14:41:14 - [MESSAGE][INFO] - Smart Wait Function is triggered

2023-11-23 14:41:14 - [MESSAGE][INFO] - Smart Wait Function is triggered

2023-11-23 14:41:14 - [MESSAGE][INFO] - Smart Wait Function is triggered

2023-11-23 14:41:14 - [MESSAGE][INFO] - Smart Wait Function is triggered

2023-11-23 14:41:14 - [MESSAGE][INFO] - Smart Wait Function is triggered

2023-11-23 14:41:14 - [MESSAGE][INFO] - Smart Wait Function is triggered

2023-11-23 14:41:14 - [MESSAGE][INFO] - Smart Wait Function is triggered

2023-11-23 14:41:14 - [MESSAGE][INFO] - Smart Wait Function is triggered

2023-11-23 14:41:14 - [MESSAGE][INFO] - Smart Wait Function is triggered

2023-11-23 14:41:14 - [MESSAGE][INFO] - Smart Wait Function is triggered

2023-11-23 14:41:14 - [MESSAGE][INFO] - Smart Wait Function is triggered

2023-11-23 14:41:14 - [MESSAGE][INFO] - Smart Wait Function is triggered

2023-11-23 14:41:14 - [MESSAGE][INFO] - Smart Wait Function is triggered

2023-11-23 14:41:14 - [MESSAGE][INFO] - Smart Wait Function is triggered

2023-11-23 14:41:14 - [MESSAGE][INFO] - Smart Wait Function is triggered

2023-11-23 14:41:14 - [MESSAGE][INFO] - Smart Wait Function is triggered

2023-11-23 14:41:14 - [MESSAGE][INFO] - Smart Wait Function is triggered

2023-11-23 14:41:15 - [MESSAGE][INFO] - Smart Wait Function is triggered

2023-11-23 14:41:15 - [MESSAGE][INFO] - Smart Wait Function is triggered

2023-11-23 14:41:15 - [MESSAGE][INFO] - Smart Wait Function is triggered

2023-11-23 14:41:15 - [MESSAGE][INFO] - Smart Wait Function is triggered

2023-11-23 14:41:15 - [MESSAGE][INFO] - Unable to find the element located by 'By.xpath: //*[@id="details-button"]'. Please recheck the objects properties to make sure the desired element is located. 

2023-11-23 14:41:15 - [MESSAGE][WARNING] - com.kms.katalon.core.webui.exception.WebElementNotFoundException: Web element with id: 'Object Repository/Connexion Usager/Btn_Parametres Avances' located by '//*[@id="details-button"]' not found (Root cause: com.kms.katalon.core.exception.StepFailedException: com.kms.katalon.core.webui.exception.WebElementNotFoundException: Web element with id: 'Object Repository/Connexion Usager/Btn_Parametres Avances' located by '//*[@id="details-button"]' not found
	at com.kms.katalon.core.webui.keyword.internal.WebUIKeywordMain.stepFailed(WebUIKeywordMain.groovy:64)
	at com.kms.katalon.core.webui.keyword.builtin.VerifyElementPresentKeyword$_verifyElementPresent_closure1.doCall(VerifyElementPresentKeyword.groovy:85)
	at com.kms.katalon.core.webui.keyword.builtin.VerifyElementPresentKeyword$_verifyElementPresent_closure1.call(VerifyElementPresentKeyword.groovy)
	at com.kms.katalon.core.webui.keyword.internal.WebUIKeywordMain.runKeyword(WebUIKeywordMain.groovy:20)
	at com.kms.katalon.core.webui.keyword.builtin.VerifyElementPresentKeyword.verifyElementPresent(VerifyElementPresentKeyword.groovy:92)
	at com.kms.katalon.core.webui.keyword.builtin.VerifyElementPresentKeyword.execute(VerifyElementPresentKeyword.groovy:68)
	at com.kms.katalon.core.keyword.internal.KeywordExecutor.executeKeywordForPlatform(KeywordExecutor.groovy:74)
	at com.kms.katalon.core.webui.keyword.WebUiBuiltInKeywords.verifyElementPresent(WebUiBuiltInKeywords.groovy:1448)
	at com.kazurayam.ksbackyard.HighlightElement$_pandemic_closure1.doCall(HighlightElement.groovy:105)
	at Erreur lie a la confidentialite.run(Erreur lie a la confidentialite:43)
	at com.kms.katalon.core.main.ScriptEngine.run(ScriptEngine.java:194)
	at com.kms.katalon.core.main.ScriptEngine.runScriptAsRawText(ScriptEngine.java:119)
	at com.kms.katalon.core.main.TestCaseExecutor.runScript(TestCaseExecutor.java:448)
	at com.kms.katalon.core.main.TestCaseExecutor.doExecute(TestCaseExecutor.java:439)
	at com.kms.katalon.core.main.TestCaseExecutor.processExecutionPhase(TestCaseExecutor.java:418)
	at com.kms.katalon.core.main.TestCaseExecutor.accessMainPhase(TestCaseExecutor.java:410)
	at com.kms.katalon.core.main.TestCaseExecutor.execute(TestCaseExecutor.java:285)
	at com.kms.katalon.core.main.TestCaseMain.runTestCase(TestCaseMain.java:144)
	at com.kms.katalon.core.keyword.builtin.CallTestCaseKeyword$_callTestCase_closure1.doCall(CallTestCaseKeyword.groovy:59)
	at com.kms.katalon.core.keyword.builtin.CallTestCaseKeyword$_callTestCase_closure1.call(CallTestCaseKeyword.groovy)
	at com.kms.katalon.core.keyword.internal.KeywordMain.runKeyword(KeywordMain.groovy:75)
	at com.kms.katalon.core.keyword.builtin.CallTestCaseKeyword.callTestCase(CallTestCaseKeyword.groovy:81)
	at com.kms.katalon.core.keyword.builtin.CallTestCaseKeyword.execute(CallTestCaseKeyword.groovy:44)
	at com.kms.katalon.core.keyword.internal.KeywordExecutor.executeKeywordForPlatform(KeywordExecutor.groovy:74)
	at com.kms.katalon.core.keyword.BuiltinKeywords.callTestCase(BuiltinKeywords.groovy:310)
	at com.kazurayam.ksbackyard.HighlightElement$_pandemic_closure1.doCall(HighlightElement.groovy:105)
	at Identification.run(Identification:35)
	at com.kms.katalon.core.main.ScriptEngine.run(ScriptEngine.java:194)
	at com.kms.katalon.core.main.ScriptEngine.runScriptAsRawText(ScriptEngine.java:119)
	at com.kms.katalon.core.main.TestCaseExecutor.runScript(TestCaseExecutor.java:448)
	at com.kms.katalon.core.main.TestCaseExecutor.doExecute(TestCaseExecutor.java:439)
	at com.kms.katalon.core.main.TestCaseExecutor.processExecutionPhase(TestCaseExecutor.java:418)
	at com.kms.katalon.core.main.TestCaseExecutor.accessMainPhase(TestCaseExecutor.java:410)
	at com.kms.katalon.core.main.TestCaseExecutor.execute(TestCaseExecutor.java:285)
	at com.kms.katalon.core.main.TestCaseMain.runTestCase(TestCaseMain.java:144)
	at com.kms.katalon.core.keyword.builtin.CallTestCaseKeyword$_callTestCase_closure1.doCall(CallTestCaseKeyword.groovy:59)
	at com.kms.katalon.core.keyword.builtin.CallTestCaseKeyword$_callTestCase_closure1.call(CallTestCaseKeyword.groovy)
	at com.kms.katalon.core.keyword.internal.KeywordMain.runKeyword(KeywordMain.groovy:75)
	at com.kms.katalon.core.keyword.builtin.CallTestCaseKeyword.callTestCase(CallTestCaseKeyword.groovy:81)
	at com.kms.katalon.core.keyword.builtin.CallTestCaseKeyword.execute(CallTestCaseKeyword.groovy:44)
	at com.kms.katalon.core.keyword.internal.KeywordExecutor.executeKeywordForPlatform(KeywordExecutor.groovy:74)
	at com.kms.katalon.core.keyword.BuiltinKeywords.callTestCase(BuiltinKeywords.groovy:310)
	at com.kazurayam.ksbackyard.HighlightElement$_pandemic_closure1.doCall(HighlightElement.groovy:105)
	at TNR R.TSPT Supp90-Etudiant.run(TNR R.TSPT Supp90-Etudiant:35)
	at com.kms.katalon.core.main.ScriptEngine.run(ScriptEngine.java:194)
	at com.kms.katalon.core.main.ScriptEngine.runScriptAsRawText(ScriptEngine.java:119)
	at com.kms.katalon.core.main.TestCaseExecutor.runScript(TestCaseExecutor.java:448)
	at com.kms.katalon.core.main.TestCaseExecutor.doExecute(TestCaseExecutor.java:439)
	at com.kms.katalon.core.main.TestCaseExecutor.processExecutionPhase(TestCaseExecutor.java:418)
	at com.kms.katalon.core.main.TestCaseExecutor.accessMainPhase(TestCaseExecutor.java:410)
	at com.kms.katalon.core.main.TestCaseExecutor.execute(TestCaseExecutor.java:285)
	at com.kms.katalon.core.common.CommonExecutor.accessTestCaseMainPhase(CommonExecutor.java:65)
	at com.kms.katalon.core.main.TestSuiteExecutor.accessTestSuiteMainPhase(TestSuiteExecutor.java:148)
	at com.kms.katalon.core.main.TestSuiteExecutor.execute(TestSuiteExecutor.java:106)
	at com.kms.katalon.core.main.TestCaseMain.startTestSuite(TestCaseMain.java:187)
	at com.kms.katalon.core.main.TestCaseMain$startTestSuite$0.call(Unknown Source)
	at TempTestSuite1700746096123.run(TempTestSuite1700746096123.groovy:36)
)
[[ATTACHMENT|C:\\Users\\ISSAM.RHARBAOUI\\git\\22_11\\ANEF-AutomatizationProject\\Reports\\20231123_142816\\TS_TNR_R.TSPT_Suppo90\\20231123_142816\\1700746875140.png]]

2023-11-23 14:41:15 - [TEST_STEP][PASSED] - if (DriverName == "IE_DRIVER"): null

2023-11-23 14:41:15 - [TEST_STEP][PASSED] - delay(3): Delayed 3 second(s)

2023-11-23 14:41:15 - [MESSAGE][INFO] - Delaying browser in 3 second(s)

2023-11-23 14:41:18 - [MESSAGE][PASSED] - Delayed 3 second(s)

2023-11-23 14:41:18 - [MESSAGE][PASSED] - Call Test Case 'Test Cases/Test Reutilisable/Main/Erreur lie a la confidentialite' successfully

2023-11-23 14:41:18 - [TEST_STEP][PASSED] - delay(5): Delayed 5 second(s)

2023-11-23 14:41:18 - [MESSAGE][INFO] - Delaying browser in 5 second(s)

2023-11-23 14:41:23 - [MESSAGE][PASSED] - Delayed 5 second(s)

2023-11-23 14:41:23 - [TEST_STEP][PASSED] - setText(findTestObject("Object Repository/Connexion Usager/Input_Identifiant"), NumEtrangerVisa): Text '7703040871' is set on object 'Object Repository/Connexion Usager/Input_Identifiant'

2023-11-23 14:41:23 - [MESSAGE][INFO] - Finding Test Object 'Object Repository/Connexion Usager/Input_Identifiant'

2023-11-23 14:41:23 - [MESSAGE][INFO] - Checking timeout

2023-11-23 14:41:23 - [MESSAGE][INFO] - Finding web element with id: 'Object Repository/Connexion Usager/Input_Identifiant' located by 'By.xpath: //*[@id="login"]' in '20' second(s)

2023-11-23 14:41:23 - [MESSAGE][INFO] - Smart Wait Function is triggered

2023-11-23 14:41:23 - [MESSAGE][INFO] - Found 1 web elements with id: 'Object Repository/Connexion Usager/Input_Identifiant' located by 'By.xpath: //*[@id="login"]' in '20' second(s)

2023-11-23 14:41:23 - [MESSAGE][INFO] - Checking object

2023-11-23 14:41:23 - [MESSAGE][INFO] - Checking text

2023-11-23 14:41:23 - [MESSAGE][INFO] - Finding web element from Test Object's properties

2023-11-23 14:41:23 - [MESSAGE][INFO] - Checking timeout

2023-11-23 14:41:23 - [MESSAGE][INFO] - Finding web element with id: 'Object Repository/Connexion Usager/Input_Identifiant' located by 'By.xpath: //*[@id="login"]' in '5' second(s)

2023-11-23 14:41:23 - [MESSAGE][INFO] - Smart Wait Function is triggered

2023-11-23 14:41:23 - [MESSAGE][INFO] - Found 1 web elements with id: 'Object Repository/Connexion Usager/Input_Identifiant' located by 'By.xpath: //*[@id="login"]' in '5' second(s)

2023-11-23 14:41:23 - [MESSAGE][INFO] - Clearing text of object 'Object Repository/Connexion Usager/Input_Identifiant'

2023-11-23 14:41:25 - [MESSAGE][INFO] - Finding web element from Test Object's properties

2023-11-23 14:41:25 - [MESSAGE][INFO] - Checking timeout

2023-11-23 14:41:25 - [MESSAGE][INFO] - Finding web element with id: 'Object Repository/Connexion Usager/Input_Identifiant' located by 'By.xpath: //*[@id="login"]' in '5' second(s)

2023-11-23 14:41:25 - [MESSAGE][INFO] - Smart Wait Function is triggered

2023-11-23 14:41:25 - [MESSAGE][INFO] - Found 1 web elements with id: 'Object Repository/Connexion Usager/Input_Identifiant' located by 'By.xpath: //*[@id="login"]' in '5' second(s)

2023-11-23 14:41:25 - [MESSAGE][INFO] - Setting text of object 'Object Repository/Connexion Usager/Input_Identifiant' to value '7703040871'

2023-11-23 14:41:27 - [MESSAGE][PASSED] - Text '7703040871' is set on object 'Object Repository/Connexion Usager/Input_Identifiant'

2023-11-23 14:41:27 - [TEST_STEP][PASSED] - NumEtrangerVisa = NumEtrangerVisa: null

2023-11-23 14:41:27 - [TEST_STEP][PASSED] - setEncryptedText(findTestObject("Object Repository/Connexion Usager/Input_MDP"), Password): Text ****** has been set on object 'Object Repository/Connexion Usager/Input_MDP'

2023-11-23 14:41:27 - [MESSAGE][INFO] - Finding Test Object 'Object Repository/Connexion Usager/Input_MDP'

2023-11-23 14:41:27 - [MESSAGE][INFO] - Checking timeout

2023-11-23 14:41:27 - [MESSAGE][INFO] - Finding web element with id: 'Object Repository/Connexion Usager/Input_MDP' located by 'By.xpath: //*[@id="password"]' in '20' second(s)

2023-11-23 14:41:27 - [MESSAGE][INFO] - Smart Wait Function is triggered

2023-11-23 14:41:27 - [MESSAGE][INFO] - Found 1 web elements with id: 'Object Repository/Connexion Usager/Input_MDP' located by 'By.xpath: //*[@id="password"]' in '20' second(s)

2023-11-23 14:41:27 - [MESSAGE][INFO] - Checking object

2023-11-23 14:41:27 - [MESSAGE][INFO] - Checking text

2023-11-23 14:41:27 - [MESSAGE][INFO] - Finding web element from Test Object's properties

2023-11-23 14:41:27 - [MESSAGE][INFO] - Checking timeout

2023-11-23 14:41:27 - [MESSAGE][INFO] - Finding web element with id: 'Object Repository/Connexion Usager/Input_MDP' located by 'By.xpath: //*[@id="password"]' in '5' second(s)

2023-11-23 14:41:27 - [MESSAGE][INFO] - Smart Wait Function is triggered

2023-11-23 14:41:27 - [MESSAGE][INFO] - Found 1 web elements with id: 'Object Repository/Connexion Usager/Input_MDP' located by 'By.xpath: //*[@id="password"]' in '5' second(s)

2023-11-23 14:41:27 - [MESSAGE][INFO] - Clearing text of object 'Object Repository/Connexion Usager/Input_MDP'

2023-11-23 14:41:30 - [MESSAGE][INFO] - Setting  text of object 'Object Repository/Connexion Usager/Input_MDP' to value ******

2023-11-23 14:41:32 - [MESSAGE][PASSED] - Text ****** has been set on object 'Object Repository/Connexion Usager/Input_MDP'

2023-11-23 14:41:32 - [TEST_STEP][PASSED] - click(findTestObject("Object Repository/Connexion Usager/btn_Sidentifier")): Object: 'Object Repository/Connexion Usager/btn_Sidentifier' is clicked on

2023-11-23 14:41:32 - [MESSAGE][INFO] - Finding Test Object 'Object Repository/Connexion Usager/btn_Sidentifier'

2023-11-23 14:41:32 - [MESSAGE][INFO] - Checking timeout

2023-11-23 14:41:32 - [MESSAGE][INFO] - Finding web element with id: 'Object Repository/Connexion Usager/btn_Sidentifier' located by 'By.xpath: //*[@type= 'submit']' in '20' second(s)

2023-11-23 14:41:32 - [MESSAGE][INFO] - Smart Wait Function is triggered

2023-11-23 14:41:32 - [MESSAGE][INFO] - Found 1 web elements with id: 'Object Repository/Connexion Usager/btn_Sidentifier' located by 'By.xpath: //*[@type= 'submit']' in '20' second(s)

2023-11-23 14:41:32 - [MESSAGE][INFO] - Checking object

2023-11-23 14:41:32 - [MESSAGE][INFO] - Checking timeout

2023-11-23 14:41:32 - [MESSAGE][INFO] - Finding web element from Test Object's properties

2023-11-23 14:41:32 - [MESSAGE][INFO] - Checking timeout

2023-11-23 14:41:32 - [MESSAGE][INFO] - Finding web element with id: 'Object Repository/Connexion Usager/btn_Sidentifier' located by 'By.xpath: //*[@type= 'submit']' in '5' second(s)

2023-11-23 14:41:32 - [MESSAGE][INFO] - Smart Wait Function is triggered

2023-11-23 14:41:32 - [MESSAGE][INFO] - Found 1 web elements with id: 'Object Repository/Connexion Usager/btn_Sidentifier' located by 'By.xpath: //*[@type= 'submit']' in '5' second(s)

2023-11-23 14:41:32 - [MESSAGE][INFO] - Clicking on object: 'Object Repository/Connexion Usager/btn_Sidentifier'

2023-11-23 14:41:35 - [MESSAGE][PASSED] - Object: 'Object Repository/Connexion Usager/btn_Sidentifier' is clicked on

2023-11-23 14:41:35 - [TEST_STEP][PASSED] - delay(15): Delayed 15 second(s)

2023-11-23 14:41:35 - [MESSAGE][INFO] - Delaying browser in 15 second(s)

2023-11-23 14:41:50 - [MESSAGE][PASSED] - Delayed 15 second(s)

2023-11-23 14:41:50 - [TEST_STEP][PASSED] - verifyElementPresent(findTestObject("Object Repository/Page_Accueil_Usager/Span_MesNotifications"), 2, STOP_ON_FAILURE): Object 'Object Repository/Page_Accueil_Usager/Span_MesNotifications' is present

2023-11-23 14:41:50 - [MESSAGE][INFO] - Finding Test Object 'Object Repository/Page_Accueil_Usager/Span_MesNotifications'

2023-11-23 14:41:50 - [MESSAGE][INFO] - Checking object

2023-11-23 14:41:50 - [MESSAGE][INFO] - Finding web element from Test Object's properties

2023-11-23 14:41:50 - [MESSAGE][INFO] - Checking timeout

2023-11-23 14:41:50 - [MESSAGE][INFO] - Finding web element with id: 'Object Repository/Page_Accueil_Usager/Span_MesNotifications' located by 'By.xpath: //*[@id="navBar-new"]/nav/div[3]/div/div/ul/li[1]/a/span' in '2' second(s)

2023-11-23 14:41:50 - [MESSAGE][INFO] - Smart Wait Function is triggered

2023-11-23 14:41:51 - [MESSAGE][INFO] - Found 1 web elements with id: 'Object Repository/Page_Accueil_Usager/Span_MesNotifications' located by 'By.xpath: //*[@id="navBar-new"]/nav/div[3]/div/div/ul/li[1]/a/span' in '2' second(s)

2023-11-23 14:41:51 - [MESSAGE][PASSED] - Object 'Object Repository/Page_Accueil_Usager/Span_MesNotifications' is present

2023-11-23 14:41:51 - [TEST_STEP][PASSED] - if (Profiles == "Agent"): null

2023-11-23 14:41:51 - [TEST_STEP][PASSED] - else: null

2023-11-23 14:41:51 - [TEST_STEP][PASSED] - println("VÃ©rifier le Portail de votre connexion Usager ou Agent"): null

2023-11-23 14:41:51 - [MESSAGE][PASSED] - Call Test Case 'Test Cases/Test Reutilisable/Main/Identification' successfully

2023-11-23 14:41:51 - [TEST_STEP][PASSED] - callTestCase(findTestCase("Test Reutilisable/DemandeOuRenouvelle_TitreSejour/DemandeOuRenouvelleTitreSejour"), [:], STOP_ON_FAILURE): Call Test Case 'Test Cases/Test Reutilisable/DemandeOuRenouvelle_TitreSejour/DemandeOuRenouvelleTitreSejour' successfully

2023-11-23 14:41:51 - [MESSAGE][INFO] - Checking called Test Case

2023-11-23 14:41:51 - [MESSAGE][INFO] - Starting to call Test Case 'Test Cases/Test Reutilisable/DemandeOuRenouvelle_TitreSejour/DemandeOuRenouvelleTitreSejour'

2023-11-23 14:41:51 - [TEST_CASE][PASSED] - Test Cases/Test Reutilisable/DemandeOuRenouvelle_TitreSejour/DemandeOuRenouvelleTitreSejour: Test Cases/Test Reutilisable/DemandeOuRenouvelle_TitreSejour/DemandeOuRenouvelleTitreSejour

2023-11-23 14:41:51 - [TEST_STEP][PASSED] - com.kazurayam.ksbackyard.HighlightElement.pandemic(): com.kazurayam.ksbackyard.HighlightElement.pandemic is PASSED

2023-11-23 14:41:51 - [MESSAGE][PASSED] - com.kazurayam.ksbackyard.HighlightElement.pandemic is PASSED

2023-11-23 14:41:51 - [TEST_STEP][PASSED] - delay(3): Delayed 3 second(s)

2023-11-23 14:41:51 - [MESSAGE][INFO] - Delaying browser in 3 second(s)

2023-11-23 14:41:54 - [MESSAGE][PASSED] - Delayed 3 second(s)

2023-11-23 14:41:54 - [TEST_STEP][PASSED] - doubleClick(findTestObject("Object Repository/Page_Accueil_Usager/btn_DemandeOuRenouvelleTitreSejour")): Object: 'Object Repository/Page_Accueil_Usager/btn_DemandeOuRenouvelleTitreSejour' is double clicked on

2023-11-23 14:41:54 - [MESSAGE][INFO] - Finding Test Object 'Object Repository/Page_Accueil_Usager/btn_DemandeOuRenouvelleTitreSejour'

2023-11-23 14:41:54 - [MESSAGE][INFO] - Checking object

2023-11-23 14:41:54 - [MESSAGE][INFO] - Finding web element from Test Object's properties

2023-11-23 14:41:54 - [MESSAGE][INFO] - Checking timeout

2023-11-23 14:41:54 - [MESSAGE][INFO] - Finding web element with id: 'Object Repository/Page_Accueil_Usager/btn_DemandeOuRenouvelleTitreSejour' located by 'By.xpath: //app-portal//app-portal-root/app-default-root-content/div/div/anef-tile[1]/a/span/span[2]' in '5' second(s)

2023-11-23 14:41:54 - [MESSAGE][INFO] - Smart Wait Function is triggered

2023-11-23 14:41:54 - [MESSAGE][INFO] - Found 1 web elements with id: 'Object Repository/Page_Accueil_Usager/btn_DemandeOuRenouvelleTitreSejour' located by 'By.xpath: //app-portal//app-portal-root/app-default-root-content/div/div/anef-tile[1]/a/span/span[2]' in '5' second(s)

2023-11-23 14:41:54 - [MESSAGE][INFO] - Double clicking on object: 'Object Repository/Page_Accueil_Usager/btn_DemandeOuRenouvelleTitreSejour'

2023-11-23 14:41:54 - [MESSAGE][PASSED] - Object: 'Object Repository/Page_Accueil_Usager/btn_DemandeOuRenouvelleTitreSejour' is double clicked on

2023-11-23 14:41:54 - [TEST_STEP][PASSED] - delay(3): Delayed 3 second(s)

2023-11-23 14:41:54 - [MESSAGE][INFO] - Delaying browser in 3 second(s)

2023-11-23 14:41:57 - [MESSAGE][PASSED] - Delayed 3 second(s)

2023-11-23 14:41:57 - [TEST_STEP][PASSED] - switch (PourQui): null

2023-11-23 14:41:57 - [TEST_STEP][PASSED] - case "Moi-mÃªme":: null

2023-11-23 14:41:57 - [TEST_STEP][PASSED] - check(findTestObject("Object Repository/Page_Accueil_Usager/CheckBox_Moi-meme")): Object 'Object Repository/Page_Accueil_Usager/CheckBox_Moi-meme' is checked

2023-11-23 14:41:57 - [MESSAGE][INFO] - Finding Test Object 'Object Repository/Page_Accueil_Usager/CheckBox_Moi-meme'

2023-11-23 14:41:57 - [MESSAGE][INFO] - Checking object

2023-11-23 14:41:57 - [MESSAGE][INFO] - Finding web element from Test Object's properties

2023-11-23 14:41:57 - [MESSAGE][INFO] - Checking timeout

2023-11-23 14:41:57 - [MESSAGE][INFO] - Finding web element with id: 'Object Repository/Page_Accueil_Usager/CheckBox_Moi-meme' located by 'By.xpath: //*/div[1]/app-radio-tree-button/div/p-radiobutton/div/div[2]/span' in '5' second(s)

2023-11-23 14:41:57 - [MESSAGE][INFO] - Smart Wait Function is triggered

2023-11-23 14:41:57 - [MESSAGE][INFO] - Found 1 web elements with id: 'Object Repository/Page_Accueil_Usager/CheckBox_Moi-meme' located by 'By.xpath: //*/div[1]/app-radio-tree-button/div/p-radiobutton/div/div[2]/span' in '5' second(s)

2023-11-23 14:41:57 - [MESSAGE][INFO] - Checking on bject 'Object Repository/Page_Accueil_Usager/CheckBox_Moi-meme'

2023-11-23 14:41:59 - [MESSAGE][PASSED] - Object 'Object Repository/Page_Accueil_Usager/CheckBox_Moi-meme' is checked

2023-11-23 14:41:59 - [TEST_STEP][PASSED] - break: null

2023-11-23 14:41:59 - [TEST_STEP][PASSED] - click(findTestObject("Object Repository/Page_Accueil_Usager/btn_JeContinue")): Object: 'Object Repository/Page_Accueil_Usager/btn_JeContinue' is clicked on

2023-11-23 14:41:59 - [MESSAGE][INFO] - Finding Test Object 'Object Repository/Page_Accueil_Usager/btn_JeContinue'

2023-11-23 14:41:59 - [MESSAGE][INFO] - Checking timeout

2023-11-23 14:41:59 - [MESSAGE][INFO] - Finding web element with id: 'Object Repository/Page_Accueil_Usager/btn_JeContinue' located by 'By.xpath: //*[@ng-reflect-label='Je continue']|/html/body/app-root/div/app-portal/main/app-triage-demandeur/div/div/div/form/div[2]/button/span' in '20' second(s)

2023-11-23 14:41:59 - [MESSAGE][INFO] - Smart Wait Function is triggered

2023-11-23 14:41:59 - [MESSAGE][INFO] - Found 1 web elements with id: 'Object Repository/Page_Accueil_Usager/btn_JeContinue' located by 'By.xpath: //*[@ng-reflect-label='Je continue']|/html/body/app-root/div/app-portal/main/app-triage-demandeur/div/div/div/form/div[2]/button/span' in '20' second(s)

2023-11-23 14:41:59 - [MESSAGE][INFO] - Checking object

2023-11-23 14:41:59 - [MESSAGE][INFO] - Checking timeout

2023-11-23 14:41:59 - [MESSAGE][INFO] - Finding web element from Test Object's properties

2023-11-23 14:41:59 - [MESSAGE][INFO] - Checking timeout

2023-11-23 14:41:59 - [MESSAGE][INFO] - Finding web element with id: 'Object Repository/Page_Accueil_Usager/btn_JeContinue' located by 'By.xpath: //*[@ng-reflect-label='Je continue']|/html/body/app-root/div/app-portal/main/app-triage-demandeur/div/div/div/form/div[2]/button/span' in '5' second(s)

2023-11-23 14:41:59 - [MESSAGE][INFO] - Smart Wait Function is triggered

2023-11-23 14:41:59 - [MESSAGE][INFO] - Found 1 web elements with id: 'Object Repository/Page_Accueil_Usager/btn_JeContinue' located by 'By.xpath: //*[@ng-reflect-label='Je continue']|/html/body/app-root/div/app-portal/main/app-triage-demandeur/div/div/div/form/div[2]/button/span' in '5' second(s)

2023-11-23 14:41:59 - [MESSAGE][INFO] - Clicking on object: 'Object Repository/Page_Accueil_Usager/btn_JeContinue'

2023-11-23 14:42:01 - [MESSAGE][PASSED] - Object: 'Object Repository/Page_Accueil_Usager/btn_JeContinue' is clicked on

2023-11-23 14:42:01 - [MESSAGE][PASSED] - Call Test Case 'Test Cases/Test Reutilisable/DemandeOuRenouvelle_TitreSejour/DemandeOuRenouvelleTitreSejour' successfully

2023-11-23 14:42:01 - [TEST_STEP][PASSED] - callTestCase(findTestCase("Test Reutilisable/DemandeOuRenouvelle_TitreSejour/FormulaireTypeDeTitreDeSejour"), ["TypeTitreDeSejour":TypeTitreDeSejour, "Titre":Titre], STOP_ON_FAILURE): Call Test Case 'Test Cases/Test Reutilisable/DemandeOuRenouvelle_TitreSejour/FormulaireTypeDeTitreDeSejour' successfully

2023-11-23 14:42:01 - [MESSAGE][INFO] - Checking called Test Case

2023-11-23 14:42:01 - [MESSAGE][INFO] - Starting to call Test Case 'Test Cases/Test Reutilisable/DemandeOuRenouvelle_TitreSejour/FormulaireTypeDeTitreDeSejour'

2023-11-23 14:42:02 - [TEST_CASE][PASSED] - Test Cases/Test Reutilisable/DemandeOuRenouvelle_TitreSejour/FormulaireTypeDeTitreDeSejour: Test Cases/Test Reutilisable/DemandeOuRenouvelle_TitreSejour/FormulaireTypeDeTitreDeSejour

2023-11-23 14:42:02 - [TEST_STEP][PASSED] - com.kazurayam.ksbackyard.HighlightElement.pandemic(): com.kazurayam.ksbackyard.HighlightElement.pandemic is PASSED

2023-11-23 14:42:02 - [MESSAGE][PASSED] - com.kazurayam.ksbackyard.HighlightElement.pandemic is PASSED

2023-11-23 14:42:02 - [TEST_STEP][PASSED] - delay(10): Delayed 10 second(s)

2023-11-23 14:42:02 - [MESSAGE][INFO] - Delaying browser in 10 second(s)

2023-11-23 14:42:12 - [MESSAGE][PASSED] - Delayed 10 second(s)

2023-11-23 14:42:12 - [TEST_STEP][PASSED] - switch (TypeTitreDeSejour): null

2023-11-23 14:42:12 - [TEST_STEP][PASSED] - case "Visiteur":: null

2023-11-23 14:42:12 - [TEST_STEP][PASSED] - if (Titre == "Visiteur"): null

2023-11-23 14:42:12 - [TEST_STEP][PASSED] - else: Object: 'Object Repository/Page_DemarcheRenouvellement/Btn_JeContinue' is double clicked on

2023-11-23 14:42:12 - [TEST_STEP][PASSED] - check(findTestObject("Object Repository/Page_DemarcheRenouvellement/CheckBox_SolliciteTS_Visiteur")): Object 'Object Repository/Page_DemarcheRenouvellement/CheckBox_SolliciteTS_Visiteur' is checked

2023-11-23 14:42:12 - [MESSAGE][INFO] - Finding Test Object 'Object Repository/Page_DemarcheRenouvellement/CheckBox_SolliciteTS_Visiteur'

2023-11-23 14:42:12 - [MESSAGE][INFO] - Checking object

2023-11-23 14:42:12 - [MESSAGE][INFO] - Finding web element from Test Object's properties

2023-11-23 14:42:12 - [MESSAGE][INFO] - Checking timeout

2023-11-23 14:42:12 - [MESSAGE][INFO] - Finding web element with id: 'Object Repository/Page_DemarcheRenouvellement/CheckBox_SolliciteTS_Visiteur' located by 'By.xpath: //*/div[2]/app-radio-tree-button/div/p-radiobutton/div/div[2]/span' in '5' second(s)

2023-11-23 14:42:12 - [MESSAGE][INFO] - Smart Wait Function is triggered

2023-11-23 14:42:12 - [MESSAGE][INFO] - Found 1 web elements with id: 'Object Repository/Page_DemarcheRenouvellement/CheckBox_SolliciteTS_Visiteur' located by 'By.xpath: //*/div[2]/app-radio-tree-button/div/p-radiobutton/div/div[2]/span' in '5' second(s)

2023-11-23 14:42:12 - [MESSAGE][INFO] - Checking on bject 'Object Repository/Page_DemarcheRenouvellement/CheckBox_SolliciteTS_Visiteur'

2023-11-23 14:42:14 - [MESSAGE][PASSED] - Object 'Object Repository/Page_DemarcheRenouvellement/CheckBox_SolliciteTS_Visiteur' is checked

2023-11-23 14:42:14 - [TEST_STEP][PASSED] - click(findTestObject("Object Repository/Page_DemarcheRenouvellement/btn_JeCommence")): Object: 'Object Repository/Page_DemarcheRenouvellement/btn_JeCommence' is clicked on

2023-11-23 14:42:14 - [MESSAGE][INFO] - Finding Test Object 'Object Repository/Page_DemarcheRenouvellement/btn_JeCommence'

2023-11-23 14:42:14 - [MESSAGE][INFO] - Checking timeout

2023-11-23 14:42:14 - [MESSAGE][INFO] - Finding web element with id: 'Object Repository/Page_DemarcheRenouvellement/btn_JeCommence' located by 'By.xpath: //app-informations-declaration//app-actions-bar//button/span[contains(.,'Je continue')]|//app-informations-demande-ptsq//app-actions-bar//button/span[contains(.,'Je continue')]|//*/div[2]/button/span|//button[@type="submit" and contains(., 'Je commence')]|//button[@type="submit" and contains(., 'Je continue')]' in '20' second(s)

2023-11-23 14:42:14 - [MESSAGE][INFO] - Smart Wait Function is triggered

2023-11-23 14:42:14 - [MESSAGE][INFO] - Found 1 web elements with id: 'Object Repository/Page_DemarcheRenouvellement/btn_JeCommence' located by 'By.xpath: //app-informations-declaration//app-actions-bar//button/span[contains(.,'Je continue')]|//app-informations-demande-ptsq//app-actions-bar//button/span[contains(.,'Je continue')]|//*/div[2]/button/span|//button[@type="submit" and contains(., 'Je commence')]|//button[@type="submit" and contains(., 'Je continue')]' in '20' second(s)

2023-11-23 14:42:14 - [MESSAGE][INFO] - Checking object

2023-11-23 14:42:14 - [MESSAGE][INFO] - Checking timeout

2023-11-23 14:42:14 - [MESSAGE][INFO] - Finding web element from Test Object's properties

2023-11-23 14:42:14 - [MESSAGE][INFO] - Checking timeout

2023-11-23 14:42:14 - [MESSAGE][INFO] - Finding web element with id: 'Object Repository/Page_DemarcheRenouvellement/btn_JeCommence' located by 'By.xpath: //app-informations-declaration//app-actions-bar//button/span[contains(.,'Je continue')]|//app-informations-demande-ptsq//app-actions-bar//button/span[contains(.,'Je continue')]|//*/div[2]/button/span|//button[@type="submit" and contains(., 'Je commence')]|//button[@type="submit" and contains(., 'Je continue')]' in '5' second(s)

2023-11-23 14:42:14 - [MESSAGE][INFO] - Smart Wait Function is triggered

2023-11-23 14:42:14 - [MESSAGE][INFO] - Found 1 web elements with id: 'Object Repository/Page_DemarcheRenouvellement/btn_JeCommence' located by 'By.xpath: //app-informations-declaration//app-actions-bar//button/span[contains(.,'Je continue')]|//app-informations-demande-ptsq//app-actions-bar//button/span[contains(.,'Je continue')]|//*/div[2]/button/span|//button[@type="submit" and contains(., 'Je commence')]|//button[@type="submit" and contains(., 'Je continue')]' in '5' second(s)

2023-11-23 14:42:14 - [MESSAGE][INFO] - Clicking on object: 'Object Repository/Page_DemarcheRenouvellement/btn_JeCommence'

2023-11-23 14:42:16 - [MESSAGE][PASSED] - Object: 'Object Repository/Page_DemarcheRenouvellement/btn_JeCommence' is clicked on

2023-11-23 14:42:16 - [TEST_STEP][PASSED] - delay(3): Delayed 3 second(s)

2023-11-23 14:42:16 - [MESSAGE][INFO] - Delaying browser in 3 second(s)

2023-11-23 14:42:19 - [MESSAGE][PASSED] - Delayed 3 second(s)

2023-11-23 14:42:19 - [TEST_STEP][PASSED] - doubleClick(findTestObject("Object Repository/Page_DemarcheRenouvellement/Btn_JeContinue")): Object: 'Object Repository/Page_DemarcheRenouvellement/Btn_JeContinue' is double clicked on

2023-11-23 14:42:19 - [MESSAGE][INFO] - Finding Test Object 'Object Repository/Page_DemarcheRenouvellement/Btn_JeContinue'

2023-11-23 14:42:19 - [MESSAGE][INFO] - Checking object

2023-11-23 14:42:19 - [MESSAGE][INFO] - Finding web element from Test Object's properties

2023-11-23 14:42:19 - [MESSAGE][INFO] - Checking timeout

2023-11-23 14:42:19 - [MESSAGE][INFO] - Finding web element with id: 'Object Repository/Page_DemarcheRenouvellement/Btn_JeContinue' located by 'By.xpath: //button[@type="submit" and contains(., 'Je commence')]|//span[@class="ui-button-text ui-clickable" and contains(., 'Je continue')]|//app-informations-declaration//app-actions-bar//button/span[contains(.,'Je continue')]|//app-informations-demande-ptch/div/app-actions-bar/div/div[2]/div/div[2]/button/span' in '5' second(s)

2023-11-23 14:42:19 - [MESSAGE][INFO] - Smart Wait Function is triggered

2023-11-23 14:42:19 - [MESSAGE][INFO] - Found 1 web elements with id: 'Object Repository/Page_DemarcheRenouvellement/Btn_JeContinue' located by 'By.xpath: //button[@type="submit" and contains(., 'Je commence')]|//span[@class="ui-button-text ui-clickable" and contains(., 'Je continue')]|//app-informations-declaration//app-actions-bar//button/span[contains(.,'Je continue')]|//app-informations-demande-ptch/div/app-actions-bar/div/div[2]/div/div[2]/button/span' in '5' second(s)

2023-11-23 14:42:19 - [MESSAGE][INFO] - Double clicking on object: 'Object Repository/Page_DemarcheRenouvellement/Btn_JeContinue'

2023-11-23 14:42:19 - [MESSAGE][PASSED] - Object: 'Object Repository/Page_DemarcheRenouvellement/Btn_JeContinue' is double clicked on

2023-11-23 14:42:19 - [TEST_STEP][PASSED] - break: null

2023-11-23 14:42:19 - [TEST_STEP][PASSED] - "VÃ©rification s il y a un message Erreur : Il est trop tÃ´t pour demander le renouvellement de votre titre.": null

2023-11-23 14:42:19 - [TEST_STEP][PASSED] - MsgAlertPresent = verifyElementPresent(findTestObject("Object Repository/Page_Accueil_Usager/Verif_PopUpTropTotPourDemanderLeRenouvellementDeVotreTitre"), 1, OPTIONAL): com.kms.katalon.core.webui.exception.WebElementNotFoundException: Web element with id: 'Object Repository/Page_Accueil_Usager/Verif_PopUpTropTotPourDemanderLeRenouvellementDeVotreTitre' located by '/html/body/app-root/div/app-portal/main/app-theme-v2/div/app-triage/div/div/div/form/div[2]/div/p-message/div/span[2]' not found (Root cause: com.kms.katalon.core.exception.StepFailedException: com.kms.katalon.core.webui.exception.WebElementNotFoundException: Web element with id: 'Object Repository/Page_Accueil_Usager/Verif_PopUpTropTotPourDemanderLeRenouvellementDeVotreTitre' located by '/html/body/app-root/div/app-portal/main/app-theme-v2/div/app-triage/div/div/div/form/div[2]/div/p-message/div/span[2]' not found
	at com.kms.katalon.core.webui.keyword.internal.WebUIKeywordMain.stepFailed(WebUIKeywordMain.groovy:64)
	at com.kms.katalon.core.webui.keyword.builtin.VerifyElementPresentKeyword$_verifyElementPresent_closure1.doCall(VerifyElementPresentKeyword.groovy:85)
	at com.kms.katalon.core.webui.keyword.builtin.VerifyElementPresentKeyword$_verifyElementPresent_closure1.call(VerifyElementPresentKeyword.groovy)
	at com.kms.katalon.core.webui.keyword.internal.WebUIKeywordMain.runKeyword(WebUIKeywordMain.groovy:20)
	at com.kms.katalon.core.webui.keyword.builtin.VerifyElementPresentKeyword.verifyElementPresent(VerifyElementPresentKeyword.groovy:92)
	at com.kms.katalon.core.webui.keyword.builtin.VerifyElementPresentKeyword.execute(VerifyElementPresentKeyword.groovy:68)
	at com.kms.katalon.core.keyword.internal.KeywordExecutor.executeKeywordForPlatform(KeywordExecutor.groovy:74)
	at com.kms.katalon.core.webui.keyword.WebUiBuiltInKeywords.verifyElementPresent(WebUiBuiltInKeywords.groovy:1448)
	at com.kazurayam.ksbackyard.HighlightElement$_pandemic_closure1.doCall(HighlightElement.groovy:105)
	at FormulaireTypeDeTitreDeSejour.run(FormulaireTypeDeTitreDeSejour:302)
	at com.kms.katalon.core.main.ScriptEngine.run(ScriptEngine.java:194)
	at com.kms.katalon.core.main.ScriptEngine.runScriptAsRawText(ScriptEngine.java:119)
	at com.kms.katalon.core.main.TestCaseExecutor.runScript(TestCaseExecutor.java:448)
	at com.kms.katalon.core.main.TestCaseExecutor.doExecute(TestCaseExecutor.java:439)
	at com.kms.katalon.core.main.TestCaseExecutor.processExecutionPhase(TestCaseExecutor.java:418)
	at com.kms.katalon.core.main.TestCaseExecutor.accessMainPhase(TestCaseExecutor.java:410)
	at com.kms.katalon.core.main.TestCaseExecutor.execute(TestCaseExecutor.java:285)
	at com.kms.katalon.core.main.TestCaseMain.runTestCase(TestCaseMain.java:144)
	at com.kms.katalon.core.keyword.builtin.CallTestCaseKeyword$_callTestCase_closure1.doCall(CallTestCaseKeyword.groovy:59)
	at com.kms.katalon.core.keyword.builtin.CallTestCaseKeyword$_callTestCase_closure1.call(CallTestCaseKeyword.groovy)
	at com.kms.katalon.core.keyword.internal.KeywordMain.runKeyword(KeywordMain.groovy:75)
	at com.kms.katalon.core.keyword.builtin.CallTestCaseKeyword.callTestCase(CallTestCaseKeyword.groovy:81)
	at com.kms.katalon.core.keyword.builtin.CallTestCaseKeyword.execute(CallTestCaseKeyword.groovy:44)
	at com.kms.katalon.core.keyword.internal.KeywordExecutor.executeKeywordForPlatform(KeywordExecutor.groovy:74)
	at com.kms.katalon.core.keyword.BuiltinKeywords.callTestCase(BuiltinKeywords.groovy:310)
	at com.kazurayam.ksbackyard.HighlightElement$_pandemic_closure1.doCall(HighlightElement.groovy:105)
	at TNR R.TSPT Supp90-Etudiant.run(TNR R.TSPT Supp90-Etudiant:43)
	at com.kms.katalon.core.main.ScriptEngine.run(ScriptEngine.java:194)
	at com.kms.katalon.core.main.ScriptEngine.runScriptAsRawText(ScriptEngine.java:119)
	at com.kms.katalon.core.main.TestCaseExecutor.runScript(TestCaseExecutor.java:448)
	at com.kms.katalon.core.main.TestCaseExecutor.doExecute(TestCaseExecutor.java:439)
	at com.kms.katalon.core.main.TestCaseExecutor.processExecutionPhase(TestCaseExecutor.java:418)
	at com.kms.katalon.core.main.TestCaseExecutor.accessMainPhase(TestCaseExecutor.java:410)
	at com.kms.katalon.core.main.TestCaseExecutor.execute(TestCaseExecutor.java:285)
	at com.kms.katalon.core.common.CommonExecutor.accessTestCaseMainPhase(CommonExecutor.java:65)
	at com.kms.katalon.core.main.TestSuiteExecutor.accessTestSuiteMainPhase(TestSuiteExecutor.java:148)
	at com.kms.katalon.core.main.TestSuiteExecutor.execute(TestSuiteExecutor.java:106)
	at com.kms.katalon.core.main.TestCaseMain.startTestSuite(TestCaseMain.java:187)
	at com.kms.katalon.core.main.TestCaseMain$startTestSuite$0.call(Unknown Source)
	at TempTestSuite1700746096123.run(TempTestSuite1700746096123.groovy:36)
)

2023-11-23 14:42:19 - [MESSAGE][INFO] - Finding Test Object 'Object Repository/Page_Accueil_Usager/Verif_PopUpTropTotPourDemanderLeRenouvellementDeVotreTitre'

2023-11-23 14:42:19 - [MESSAGE][INFO] - Checking object

2023-11-23 14:42:19 - [MESSAGE][INFO] - Finding web element from Test Object's properties

2023-11-23 14:42:19 - [MESSAGE][INFO] - Checking timeout

2023-11-23 14:42:19 - [MESSAGE][INFO] - Finding web element with id: 'Object Repository/Page_Accueil_Usager/Verif_PopUpTropTotPourDemanderLeRenouvellementDeVotreTitre' located by 'By.xpath: /html/body/app-root/div/app-portal/main/app-theme-v2/div/app-triage/div/div/div/form/div[2]/div/p-message/div/span[2]' in '1' second(s)

2023-11-23 14:42:19 - [MESSAGE][INFO] - Smart Wait Function is triggered

2023-11-23 14:42:20 - [MESSAGE][INFO] - Smart Wait Function is triggered

2023-11-23 14:42:20 - [MESSAGE][INFO] - Smart Wait Function is triggered

2023-11-23 14:42:20 - [MESSAGE][INFO] - Smart Wait Function is triggered

2023-11-23 14:42:20 - [MESSAGE][INFO] - Smart Wait Function is triggered

2023-11-23 14:42:20 - [MESSAGE][INFO] - Smart Wait Function is triggered

2023-11-23 14:42:20 - [MESSAGE][INFO] - Smart Wait Function is triggered

2023-11-23 14:42:20 - [MESSAGE][INFO] - Smart Wait Function is triggered

2023-11-23 14:42:20 - [MESSAGE][INFO] - Smart Wait Function is triggered

2023-11-23 14:42:20 - [MESSAGE][INFO] - Smart Wait Function is triggered

2023-11-23 14:42:20 - [MESSAGE][INFO] - Smart Wait Function is triggered

2023-11-23 14:42:20 - [MESSAGE][INFO] - Smart Wait Function is triggered

2023-11-23 14:42:20 - [MESSAGE][INFO] - Smart Wait Function is triggered

2023-11-23 14:42:20 - [MESSAGE][INFO] - Smart Wait Function is triggered

2023-11-23 14:42:20 - [MESSAGE][INFO] - Smart Wait Function is triggered

2023-11-23 14:42:20 - [MESSAGE][INFO] - Smart Wait Function is triggered

2023-11-23 14:42:20 - [MESSAGE][INFO] - Smart Wait Function is triggered

2023-11-23 14:42:21 - [MESSAGE][INFO] - Smart Wait Function is triggered

2023-11-23 14:42:21 - [MESSAGE][INFO] - Smart Wait Function is triggered

2023-11-23 14:42:21 - [MESSAGE][INFO] - Smart Wait Function is triggered

2023-11-23 14:42:21 - [MESSAGE][INFO] - Smart Wait Function is triggered

2023-11-23 14:42:21 - [MESSAGE][INFO] - Smart Wait Function is triggered

2023-11-23 14:42:21 - [MESSAGE][INFO] - Smart Wait Function is triggered

2023-11-23 14:42:21 - [MESSAGE][INFO] - Smart Wait Function is triggered

2023-11-23 14:42:21 - [MESSAGE][INFO] - Smart Wait Function is triggered

2023-11-23 14:42:21 - [MESSAGE][INFO] - Smart Wait Function is triggered

2023-11-23 14:42:21 - [MESSAGE][INFO] - Smart Wait Function is triggered

2023-11-23 14:42:21 - [MESSAGE][INFO] - Smart Wait Function is triggered

2023-11-23 14:42:21 - [MESSAGE][INFO] - Smart Wait Function is triggered

2023-11-23 14:42:21 - [MESSAGE][INFO] - Smart Wait Function is triggered

2023-11-23 14:42:21 - [MESSAGE][INFO] - Smart Wait Function is triggered

2023-11-23 14:42:21 - [MESSAGE][INFO] - Smart Wait Function is triggered

2023-11-23 14:42:21 - [MESSAGE][INFO] - Smart Wait Function is triggered

2023-11-23 14:42:21 - [MESSAGE][INFO] - Smart Wait Function is triggered

2023-11-23 14:42:21 - [MESSAGE][INFO] - Smart Wait Function is triggered

2023-11-23 14:42:21 - [MESSAGE][INFO] - Smart Wait Function is triggered

2023-11-23 14:42:21 - [MESSAGE][INFO] - Smart Wait Function is triggered

2023-11-23 14:42:21 - [MESSAGE][INFO] - Smart Wait Function is triggered

2023-11-23 14:42:21 - [MESSAGE][INFO] - Smart Wait Function is triggered

2023-11-23 14:42:21 - [MESSAGE][INFO] - Smart Wait Function is triggered

2023-11-23 14:42:21 - [MESSAGE][INFO] - Smart Wait Function is triggered

2023-11-23 14:42:21 - [MESSAGE][INFO] - Smart Wait Function is triggered

2023-11-23 14:42:21 - [MESSAGE][INFO] - Smart Wait Function is triggered

2023-11-23 14:42:22 - [MESSAGE][INFO] - Unable to find the element located by 'By.xpath: /html/body/app-root/div/app-portal/main/app-theme-v2/div/app-triage/div/div/div/form/div[2]/div/p-message/div/span[2]'. Please recheck the objects properties to make sure the desired element is located. 

2023-11-23 14:42:22 - [MESSAGE][WARNING] - com.kms.katalon.core.webui.exception.WebElementNotFoundException: Web element with id: 'Object Repository/Page_Accueil_Usager/Verif_PopUpTropTotPourDemanderLeRenouvellementDeVotreTitre' located by '/html/body/app-root/div/app-portal/main/app-theme-v2/div/app-triage/div/div/div/form/div[2]/div/p-message/div/span[2]' not found (Root cause: com.kms.katalon.core.exception.StepFailedException: com.kms.katalon.core.webui.exception.WebElementNotFoundException: Web element with id: 'Object Repository/Page_Accueil_Usager/Verif_PopUpTropTotPourDemanderLeRenouvellementDeVotreTitre' located by '/html/body/app-root/div/app-portal/main/app-theme-v2/div/app-triage/div/div/div/form/div[2]/div/p-message/div/span[2]' not found
	at com.kms.katalon.core.webui.keyword.internal.WebUIKeywordMain.stepFailed(WebUIKeywordMain.groovy:64)
	at com.kms.katalon.core.webui.keyword.builtin.VerifyElementPresentKeyword$_verifyElementPresent_closure1.doCall(VerifyElementPresentKeyword.groovy:85)
	at com.kms.katalon.core.webui.keyword.builtin.VerifyElementPresentKeyword$_verifyElementPresent_closure1.call(VerifyElementPresentKeyword.groovy)
	at com.kms.katalon.core.webui.keyword.internal.WebUIKeywordMain.runKeyword(WebUIKeywordMain.groovy:20)
	at com.kms.katalon.core.webui.keyword.builtin.VerifyElementPresentKeyword.verifyElementPresent(VerifyElementPresentKeyword.groovy:92)
	at com.kms.katalon.core.webui.keyword.builtin.VerifyElementPresentKeyword.execute(VerifyElementPresentKeyword.groovy:68)
	at com.kms.katalon.core.keyword.internal.KeywordExecutor.executeKeywordForPlatform(KeywordExecutor.groovy:74)
	at com.kms.katalon.core.webui.keyword.WebUiBuiltInKeywords.verifyElementPresent(WebUiBuiltInKeywords.groovy:1448)
	at com.kazurayam.ksbackyard.HighlightElement$_pandemic_closure1.doCall(HighlightElement.groovy:105)
	at FormulaireTypeDeTitreDeSejour.run(FormulaireTypeDeTitreDeSejour:302)
	at com.kms.katalon.core.main.ScriptEngine.run(ScriptEngine.java:194)
	at com.kms.katalon.core.main.ScriptEngine.runScriptAsRawText(ScriptEngine.java:119)
	at com.kms.katalon.core.main.TestCaseExecutor.runScript(TestCaseExecutor.java:448)
	at com.kms.katalon.core.main.TestCaseExecutor.doExecute(TestCaseExecutor.java:439)
	at com.kms.katalon.core.main.TestCaseExecutor.processExecutionPhase(TestCaseExecutor.java:418)
	at com.kms.katalon.core.main.TestCaseExecutor.accessMainPhase(TestCaseExecutor.java:410)
	at com.kms.katalon.core.main.TestCaseExecutor.execute(TestCaseExecutor.java:285)
	at com.kms.katalon.core.main.TestCaseMain.runTestCase(TestCaseMain.java:144)
	at com.kms.katalon.core.keyword.builtin.CallTestCaseKeyword$_callTestCase_closure1.doCall(CallTestCaseKeyword.groovy:59)
	at com.kms.katalon.core.keyword.builtin.CallTestCaseKeyword$_callTestCase_closure1.call(CallTestCaseKeyword.groovy)
	at com.kms.katalon.core.keyword.internal.KeywordMain.runKeyword(KeywordMain.groovy:75)
	at com.kms.katalon.core.keyword.builtin.CallTestCaseKeyword.callTestCase(CallTestCaseKeyword.groovy:81)
	at com.kms.katalon.core.keyword.builtin.CallTestCaseKeyword.execute(CallTestCaseKeyword.groovy:44)
	at com.kms.katalon.core.keyword.internal.KeywordExecutor.executeKeywordForPlatform(KeywordExecutor.groovy:74)
	at com.kms.katalon.core.keyword.BuiltinKeywords.callTestCase(BuiltinKeywords.groovy:310)
	at com.kazurayam.ksbackyard.HighlightElement$_pandemic_closure1.doCall(HighlightElement.groovy:105)
	at TNR R.TSPT Supp90-Etudiant.run(TNR R.TSPT Supp90-Etudiant:43)
	at com.kms.katalon.core.main.ScriptEngine.run(ScriptEngine.java:194)
	at com.kms.katalon.core.main.ScriptEngine.runScriptAsRawText(ScriptEngine.java:119)
	at com.kms.katalon.core.main.TestCaseExecutor.runScript(TestCaseExecutor.java:448)
	at com.kms.katalon.core.main.TestCaseExecutor.doExecute(TestCaseExecutor.java:439)
	at com.kms.katalon.core.main.TestCaseExecutor.processExecutionPhase(TestCaseExecutor.java:418)
	at com.kms.katalon.core.main.TestCaseExecutor.accessMainPhase(TestCaseExecutor.java:410)
	at com.kms.katalon.core.main.TestCaseExecutor.execute(TestCaseExecutor.java:285)
	at com.kms.katalon.core.common.CommonExecutor.accessTestCaseMainPhase(CommonExecutor.java:65)
	at com.kms.katalon.core.main.TestSuiteExecutor.accessTestSuiteMainPhase(TestSuiteExecutor.java:148)
	at com.kms.katalon.core.main.TestSuiteExecutor.execute(TestSuiteExecutor.java:106)
	at com.kms.katalon.core.main.TestCaseMain.startTestSuite(TestCaseMain.java:187)
	at com.kms.katalon.core.main.TestCaseMain$startTestSuite$0.call(Unknown Source)
	at TempTestSuite1700746096123.run(TempTestSuite1700746096123.groovy:36)
)
[[ATTACHMENT|C:\\Users\\ISSAM.RHARBAOUI\\git\\22_11\\ANEF-AutomatizationProject\\Reports\\20231123_142816\\TS_TNR_R.TSPT_Suppo90\\20231123_142816\\1700746942008.png]]

2023-11-23 14:42:22 - [TEST_STEP][PASSED] - if (MsgAlertPresent): null

2023-11-23 14:42:22 - [TEST_STEP][PASSED] - else:  C'est le bon Moment pour demander le renouvellement de votre titre.

2023-11-23 14:42:22 - [TEST_STEP][PASSED] - markPassed(" C'est le bon Moment pour demander le renouvellement de votre titre."):  C'est le bon Moment pour demander le renouvellement de votre titre.

2023-11-23 14:42:22 - [MESSAGE][PASSED] -  C'est le bon Moment pour demander le renouvellement de votre titre.

2023-11-23 14:42:22 - [MESSAGE][PASSED] - Call Test Case 'Test Cases/Test Reutilisable/DemandeOuRenouvelle_TitreSejour/FormulaireTypeDeTitreDeSejour' successfully

2023-11-23 14:42:22 - [TEST_STEP][PASSED] - callTestCase(findTestCase("Test Reutilisable/DemandeOuRenouvelle_TitreSejour/FormulaireInformationsPersonnelles"), ["AdresseUsager":AdresseUsager, "NumeroTelephoneUsager":NumeroTelephoneUsager], STOP_ON_FAILURE): Call Test Case 'Test Cases/Test Reutilisable/DemandeOuRenouvelle_TitreSejour/FormulaireInformationsPersonnelles' successfully

2023-11-23 14:42:22 - [MESSAGE][INFO] - Checking called Test Case

2023-11-23 14:42:22 - [MESSAGE][INFO] - Starting to call Test Case 'Test Cases/Test Reutilisable/DemandeOuRenouvelle_TitreSejour/FormulaireInformationsPersonnelles'

2023-11-23 14:42:22 - [TEST_CASE][PASSED] - Test Cases/Test Reutilisable/DemandeOuRenouvelle_TitreSejour/FormulaireInformationsPersonnelles: Test Cases/Test Reutilisable/DemandeOuRenouvelle_TitreSejour/FormulaireInformationsPersonnelles

2023-11-23 14:42:22 - [TEST_STEP][PASSED] - com.kazurayam.ksbackyard.HighlightElement.pandemic(): com.kazurayam.ksbackyard.HighlightElement.pandemic is PASSED

2023-11-23 14:42:22 - [MESSAGE][PASSED] - com.kazurayam.ksbackyard.HighlightElement.pandemic is PASSED

2023-11-23 14:42:22 - [TEST_STEP][PASSED] - if (verifyElementPresent(findTestObject("Object Repository/Page_InformationPersonnelles_Usager/CheckBox_liensPersonnelsFamiliaux_1_Non"), 1, OPTIONAL)): com.kms.katalon.core.webui.exception.WebElementNotFoundException: Web element with id: 'Object Repository/Page_InformationPersonnelles_Usager/CheckBox_liensPersonnelsFamiliaux_1_Non' located by '//*[@id="ui-accordiontab-1-content"]/div/div/div[1]/div/anef-input-radio/div/div/fieldset/div/div[2]/p-radiobutton/div/div[2]/span' not found (Root cause: com.kms.katalon.core.exception.StepFailedException: com.kms.katalon.core.webui.exception.WebElementNotFoundException: Web element with id: 'Object Repository/Page_InformationPersonnelles_Usager/CheckBox_liensPersonnelsFamiliaux_1_Non' located by '//*[@id="ui-accordiontab-1-content"]/div/div/div[1]/div/anef-input-radio/div/div/fieldset/div/div[2]/p-radiobutton/div/div[2]/span' not found
	at com.kms.katalon.core.webui.keyword.internal.WebUIKeywordMain.stepFailed(WebUIKeywordMain.groovy:64)
	at com.kms.katalon.core.webui.keyword.builtin.VerifyElementPresentKeyword$_verifyElementPresent_closure1.doCall(VerifyElementPresentKeyword.groovy:85)
	at com.kms.katalon.core.webui.keyword.builtin.VerifyElementPresentKeyword$_verifyElementPresent_closure1.call(VerifyElementPresentKeyword.groovy)
	at com.kms.katalon.core.webui.keyword.internal.WebUIKeywordMain.runKeyword(WebUIKeywordMain.groovy:20)
	at com.kms.katalon.core.webui.keyword.builtin.VerifyElementPresentKeyword.verifyElementPresent(VerifyElementPresentKeyword.groovy:92)
	at com.kms.katalon.core.webui.keyword.builtin.VerifyElementPresentKeyword.execute(VerifyElementPresentKeyword.groovy:68)
	at com.kms.katalon.core.keyword.internal.KeywordExecutor.executeKeywordForPlatform(KeywordExecutor.groovy:74)
	at com.kms.katalon.core.webui.keyword.WebUiBuiltInKeywords.verifyElementPresent(WebUiBuiltInKeywords.groovy:1448)
	at com.kazurayam.ksbackyard.HighlightElement$_pandemic_closure1.doCall(HighlightElement.groovy:105)
	at FormulaireInformationsPersonnelles.run(FormulaireInformationsPersonnelles:28)
	at com.kms.katalon.core.main.ScriptEngine.run(ScriptEngine.java:194)
	at com.kms.katalon.core.main.ScriptEngine.runScriptAsRawText(ScriptEngine.java:119)
	at com.kms.katalon.core.main.TestCaseExecutor.runScript(TestCaseExecutor.java:448)
	at com.kms.katalon.core.main.TestCaseExecutor.doExecute(TestCaseExecutor.java:439)
	at com.kms.katalon.core.main.TestCaseExecutor.processExecutionPhase(TestCaseExecutor.java:418)
	at com.kms.katalon.core.main.TestCaseExecutor.accessMainPhase(TestCaseExecutor.java:410)
	at com.kms.katalon.core.main.TestCaseExecutor.execute(TestCaseExecutor.java:285)
	at com.kms.katalon.core.main.TestCaseMain.runTestCase(TestCaseMain.java:144)
	at com.kms.katalon.core.keyword.builtin.CallTestCaseKeyword$_callTestCase_closure1.doCall(CallTestCaseKeyword.groovy:59)
	at com.kms.katalon.core.keyword.builtin.CallTestCaseKeyword$_callTestCase_closure1.call(CallTestCaseKeyword.groovy)
	at com.kms.katalon.core.keyword.internal.KeywordMain.runKeyword(KeywordMain.groovy:75)
	at com.kms.katalon.core.keyword.builtin.CallTestCaseKeyword.callTestCase(CallTestCaseKeyword.groovy:81)
	at com.kms.katalon.core.keyword.builtin.CallTestCaseKeyword.execute(CallTestCaseKeyword.groovy:44)
	at com.kms.katalon.core.keyword.internal.KeywordExecutor.executeKeywordForPlatform(KeywordExecutor.groovy:74)
	at com.kms.katalon.core.keyword.BuiltinKeywords.callTestCase(BuiltinKeywords.groovy:310)
	at com.kazurayam.ksbackyard.HighlightElement$_pandemic_closure1.doCall(HighlightElement.groovy:105)
	at TNR R.TSPT Supp90-Etudiant.run(TNR R.TSPT Supp90-Etudiant:47)
	at com.kms.katalon.core.main.ScriptEngine.run(ScriptEngine.java:194)
	at com.kms.katalon.core.main.ScriptEngine.runScriptAsRawText(ScriptEngine.java:119)
	at com.kms.katalon.core.main.TestCaseExecutor.runScript(TestCaseExecutor.java:448)
	at com.kms.katalon.core.main.TestCaseExecutor.doExecute(TestCaseExecutor.java:439)
	at com.kms.katalon.core.main.TestCaseExecutor.processExecutionPhase(TestCaseExecutor.java:418)
	at com.kms.katalon.core.main.TestCaseExecutor.accessMainPhase(TestCaseExecutor.java:410)
	at com.kms.katalon.core.main.TestCaseExecutor.execute(TestCaseExecutor.java:285)
	at com.kms.katalon.core.common.CommonExecutor.accessTestCaseMainPhase(CommonExecutor.java:65)
	at com.kms.katalon.core.main.TestSuiteExecutor.accessTestSuiteMainPhase(TestSuiteExecutor.java:148)
	at com.kms.katalon.core.main.TestSuiteExecutor.execute(TestSuiteExecutor.java:106)
	at com.kms.katalon.core.main.TestCaseMain.startTestSuite(TestCaseMain.java:187)
	at com.kms.katalon.core.main.TestCaseMain$startTestSuite$0.call(Unknown Source)
	at TempTestSuite1700746096123.run(TempTestSuite1700746096123.groovy:36)
)

2023-11-23 14:42:22 - [MESSAGE][INFO] - Finding Test Object 'Object Repository/Page_InformationPersonnelles_Usager/CheckBox_liensPersonnelsFamiliaux_1_Non'

2023-11-23 14:42:22 - [MESSAGE][INFO] - Checking object

2023-11-23 14:42:22 - [MESSAGE][INFO] - Finding web element from Test Object's properties

2023-11-23 14:42:22 - [MESSAGE][INFO] - Checking timeout

2023-11-23 14:42:22 - [MESSAGE][INFO] - Finding web element with id: 'Object Repository/Page_InformationPersonnelles_Usager/CheckBox_liensPersonnelsFamiliaux_1_Non' located by 'By.xpath: //*[@id="ui-accordiontab-1-content"]/div/div/div[1]/div/anef-input-radio/div/div/fieldset/div/div[2]/p-radiobutton/div/div[2]/span' in '1' second(s)

2023-11-23 14:42:22 - [MESSAGE][INFO] - Smart Wait Function is triggered

2023-11-23 14:42:22 - [MESSAGE][INFO] - Smart Wait Function is triggered

2023-11-23 14:42:22 - [MESSAGE][INFO] - Smart Wait Function is triggered

2023-11-23 14:42:22 - [MESSAGE][INFO] - Smart Wait Function is triggered

2023-11-23 14:42:22 - [MESSAGE][INFO] - Smart Wait Function is triggered

2023-11-23 14:42:22 - [MESSAGE][INFO] - Smart Wait Function is triggered

2023-11-23 14:42:22 - [MESSAGE][INFO] - Smart Wait Function is triggered

2023-11-23 14:42:22 - [MESSAGE][INFO] - Smart Wait Function is triggered

2023-11-23 14:42:23 - [MESSAGE][INFO] - Smart Wait Function is triggered

2023-11-23 14:42:23 - [MESSAGE][INFO] - Smart Wait Function is triggered

2023-11-23 14:42:23 - [MESSAGE][INFO] - Smart Wait Function is triggered

2023-11-23 14:42:23 - [MESSAGE][INFO] - Smart Wait Function is triggered

2023-11-23 14:42:23 - [MESSAGE][INFO] - Smart Wait Function is triggered

2023-11-23 14:42:23 - [MESSAGE][INFO] - Smart Wait Function is triggered

2023-11-23 14:42:23 - [MESSAGE][INFO] - Smart Wait Function is triggered

2023-11-23 14:42:23 - [MESSAGE][INFO] - Smart Wait Function is triggered

2023-11-23 14:42:23 - [MESSAGE][INFO] - Smart Wait Function is triggered

2023-11-23 14:42:23 - [MESSAGE][INFO] - Smart Wait Function is triggered

2023-11-23 14:42:23 - [MESSAGE][INFO] - Smart Wait Function is triggered

2023-11-23 14:42:23 - [MESSAGE][INFO] - Smart Wait Function is triggered

2023-11-23 14:42:23 - [MESSAGE][INFO] - Smart Wait Function is triggered

2023-11-23 14:42:23 - [MESSAGE][INFO] - Smart Wait Function is triggered

2023-11-23 14:42:23 - [MESSAGE][INFO] - Smart Wait Function is triggered

2023-11-23 14:42:23 - [MESSAGE][INFO] - Smart Wait Function is triggered

2023-11-23 14:42:23 - [MESSAGE][INFO] - Smart Wait Function is triggered

2023-11-23 14:42:23 - [MESSAGE][INFO] - Smart Wait Function is triggered

2023-11-23 14:42:23 - [MESSAGE][INFO] - Smart Wait Function is triggered

2023-11-23 14:42:23 - [MESSAGE][INFO] - Smart Wait Function is triggered

2023-11-23 14:42:23 - [MESSAGE][INFO] - Smart Wait Function is triggered

2023-11-23 14:42:23 - [MESSAGE][INFO] - Smart Wait Function is triggered

2023-11-23 14:42:23 - [MESSAGE][INFO] - Smart Wait Function is triggered

2023-11-23 14:42:23 - [MESSAGE][INFO] - Smart Wait Function is triggered

2023-11-23 14:42:23 - [MESSAGE][INFO] - Smart Wait Function is triggered

2023-11-23 14:42:23 - [MESSAGE][INFO] - Smart Wait Function is triggered

2023-11-23 14:42:23 - [MESSAGE][INFO] - Smart Wait Function is triggered

2023-11-23 14:42:23 - [MESSAGE][INFO] - Smart Wait Function is triggered

2023-11-23 14:42:23 - [MESSAGE][INFO] - Smart Wait Function is triggered

2023-11-23 14:42:23 - [MESSAGE][INFO] - Smart Wait Function is triggered

2023-11-23 14:42:24 - [MESSAGE][INFO] - Smart Wait Function is triggered

2023-11-23 14:42:24 - [MESSAGE][INFO] - Smart Wait Function is triggered

2023-11-23 14:42:24 - [MESSAGE][INFO] - Smart Wait Function is triggered

2023-11-23 14:42:24 - [MESSAGE][INFO] - Smart Wait Function is triggered

2023-11-23 14:42:24 - [MESSAGE][INFO] - Smart Wait Function is triggered

2023-11-23 14:42:24 - [MESSAGE][INFO] - Smart Wait Function is triggered

2023-11-23 14:42:24 - [MESSAGE][INFO] - Smart Wait Function is triggered

2023-11-23 14:42:24 - [MESSAGE][INFO] - Smart Wait Function is triggered

2023-11-23 14:42:24 - [MESSAGE][INFO] - Smart Wait Function is triggered

2023-11-23 14:42:24 - [MESSAGE][INFO] - Smart Wait Function is triggered

2023-11-23 14:42:24 - [MESSAGE][INFO] - Smart Wait Function is triggered

2023-11-23 14:42:24 - [MESSAGE][INFO] - Smart Wait Function is triggered

2023-11-23 14:42:24 - [MESSAGE][INFO] - Smart Wait Function is triggered

2023-11-23 14:42:24 - [MESSAGE][INFO] - Smart Wait Function is triggered

2023-11-23 14:42:24 - [MESSAGE][INFO] - Smart Wait Function is triggered

2023-11-23 14:42:24 - [MESSAGE][INFO] - Smart Wait Function is triggered

2023-11-23 14:42:24 - [MESSAGE][INFO] - Smart Wait Function is triggered

2023-11-23 14:42:24 - [MESSAGE][INFO] - Smart Wait Function is triggered

2023-11-23 14:42:24 - [MESSAGE][INFO] - Smart Wait Function is triggered

2023-11-23 14:42:24 - [MESSAGE][INFO] - Smart Wait Function is triggered

2023-11-23 14:42:24 - [MESSAGE][INFO] - Smart Wait Function is triggered

2023-11-23 14:42:24 - [MESSAGE][INFO] - Smart Wait Function is triggered

2023-11-23 14:42:24 - [MESSAGE][INFO] - Unable to find the element located by 'By.xpath: //*[@id="ui-accordiontab-1-content"]/div/div/div[1]/div/anef-input-radio/div/div/fieldset/div/div[2]/p-radiobutton/div/div[2]/span'. Please recheck the objects properties to make sure the desired element is located. 

2023-11-23 14:42:24 - [MESSAGE][WARNING] - com.kms.katalon.core.webui.exception.WebElementNotFoundException: Web element with id: 'Object Repository/Page_InformationPersonnelles_Usager/CheckBox_liensPersonnelsFamiliaux_1_Non' located by '//*[@id="ui-accordiontab-1-content"]/div/div/div[1]/div/anef-input-radio/div/div/fieldset/div/div[2]/p-radiobutton/div/div[2]/span' not found (Root cause: com.kms.katalon.core.exception.StepFailedException: com.kms.katalon.core.webui.exception.WebElementNotFoundException: Web element with id: 'Object Repository/Page_InformationPersonnelles_Usager/CheckBox_liensPersonnelsFamiliaux_1_Non' located by '//*[@id="ui-accordiontab-1-content"]/div/div/div[1]/div/anef-input-radio/div/div/fieldset/div/div[2]/p-radiobutton/div/div[2]/span' not found
	at com.kms.katalon.core.webui.keyword.internal.WebUIKeywordMain.stepFailed(WebUIKeywordMain.groovy:64)
	at com.kms.katalon.core.webui.keyword.builtin.VerifyElementPresentKeyword$_verifyElementPresent_closure1.doCall(VerifyElementPresentKeyword.groovy:85)
	at com.kms.katalon.core.webui.keyword.builtin.VerifyElementPresentKeyword$_verifyElementPresent_closure1.call(VerifyElementPresentKeyword.groovy)
	at com.kms.katalon.core.webui.keyword.internal.WebUIKeywordMain.runKeyword(WebUIKeywordMain.groovy:20)
	at com.kms.katalon.core.webui.keyword.builtin.VerifyElementPresentKeyword.verifyElementPresent(VerifyElementPresentKeyword.groovy:92)
	at com.kms.katalon.core.webui.keyword.builtin.VerifyElementPresentKeyword.execute(VerifyElementPresentKeyword.groovy:68)
	at com.kms.katalon.core.keyword.internal.KeywordExecutor.executeKeywordForPlatform(KeywordExecutor.groovy:74)
	at com.kms.katalon.core.webui.keyword.WebUiBuiltInKeywords.verifyElementPresent(WebUiBuiltInKeywords.groovy:1448)
	at com.kazurayam.ksbackyard.HighlightElement$_pandemic_closure1.doCall(HighlightElement.groovy:105)
	at FormulaireInformationsPersonnelles.run(FormulaireInformationsPersonnelles:28)
	at com.kms.katalon.core.main.ScriptEngine.run(ScriptEngine.java:194)
	at com.kms.katalon.core.main.ScriptEngine.runScriptAsRawText(ScriptEngine.java:119)
	at com.kms.katalon.core.main.TestCaseExecutor.runScript(TestCaseExecutor.java:448)
	at com.kms.katalon.core.main.TestCaseExecutor.doExecute(TestCaseExecutor.java:439)
	at com.kms.katalon.core.main.TestCaseExecutor.processExecutionPhase(TestCaseExecutor.java:418)
	at com.kms.katalon.core.main.TestCaseExecutor.accessMainPhase(TestCaseExecutor.java:410)
	at com.kms.katalon.core.main.TestCaseExecutor.execute(TestCaseExecutor.java:285)
	at com.kms.katalon.core.main.TestCaseMain.runTestCase(TestCaseMain.java:144)
	at com.kms.katalon.core.keyword.builtin.CallTestCaseKeyword$_callTestCase_closure1.doCall(CallTestCaseKeyword.groovy:59)
	at com.kms.katalon.core.keyword.builtin.CallTestCaseKeyword$_callTestCase_closure1.call(CallTestCaseKeyword.groovy)
	at com.kms.katalon.core.keyword.internal.KeywordMain.runKeyword(KeywordMain.groovy:75)
	at com.kms.katalon.core.keyword.builtin.CallTestCaseKeyword.callTestCase(CallTestCaseKeyword.groovy:81)
	at com.kms.katalon.core.keyword.builtin.CallTestCaseKeyword.execute(CallTestCaseKeyword.groovy:44)
	at com.kms.katalon.core.keyword.internal.KeywordExecutor.executeKeywordForPlatform(KeywordExecutor.groovy:74)
	at com.kms.katalon.core.keyword.BuiltinKeywords.callTestCase(BuiltinKeywords.groovy:310)
	at com.kazurayam.ksbackyard.HighlightElement$_pandemic_closure1.doCall(HighlightElement.groovy:105)
	at TNR R.TSPT Supp90-Etudiant.run(TNR R.TSPT Supp90-Etudiant:47)
	at com.kms.katalon.core.main.ScriptEngine.run(ScriptEngine.java:194)
	at com.kms.katalon.core.main.ScriptEngine.runScriptAsRawText(ScriptEngine.java:119)
	at com.kms.katalon.core.main.TestCaseExecutor.runScript(TestCaseExecutor.java:448)
	at com.kms.katalon.core.main.TestCaseExecutor.doExecute(TestCaseExecutor.java:439)
	at com.kms.katalon.core.main.TestCaseExecutor.processExecutionPhase(TestCaseExecutor.java:418)
	at com.kms.katalon.core.main.TestCaseExecutor.accessMainPhase(TestCaseExecutor.java:410)
	at com.kms.katalon.core.main.TestCaseExecutor.execute(TestCaseExecutor.java:285)
	at com.kms.katalon.core.common.CommonExecutor.accessTestCaseMainPhase(CommonExecutor.java:65)
	at com.kms.katalon.core.main.TestSuiteExecutor.accessTestSuiteMainPhase(TestSuiteExecutor.java:148)
	at com.kms.katalon.core.main.TestSuiteExecutor.execute(TestSuiteExecutor.java:106)
	at com.kms.katalon.core.main.TestCaseMain.startTestSuite(TestCaseMain.java:187)
	at com.kms.katalon.core.main.TestCaseMain$startTestSuite$0.call(Unknown Source)
	at TempTestSuite1700746096123.run(TempTestSuite1700746096123.groovy:36)
)
[[ATTACHMENT|C:\\Users\\ISSAM.RHARBAOUI\\git\\22_11\\ANEF-AutomatizationProject\\Reports\\20231123_142816\\TS_TNR_R.TSPT_Suppo90\\20231123_142816\\1700746944737.png]]

2023-11-23 14:42:24 - [TEST_STEP][PASSED] - delay(2): Delayed 2 second(s)

2023-11-23 14:42:24 - [MESSAGE][INFO] - Delaying browser in 2 second(s)

2023-11-23 14:42:26 - [MESSAGE][PASSED] - Delayed 2 second(s)

2023-11-23 14:42:26 - [TEST_STEP][PASSED] - if (verifyElementPresent(findTestObject("Object Repository/Page_InformationPersonnelles_Usager/CheckBox_liensPersonnelsFamiliaux_2_Non"), 1, OPTIONAL)): com.kms.katalon.core.webui.exception.WebElementNotFoundException: Web element with id: 'Object Repository/Page_InformationPersonnelles_Usager/CheckBox_liensPersonnelsFamiliaux_2_Non' located by '//*[@id="ui-accordiontab-1-content"]/div/div/div[2]/div/anef-input-radio/div/div/fieldset/div/div[2]/p-radiobutton/div/div[2]' not found (Root cause: com.kms.katalon.core.exception.StepFailedException: com.kms.katalon.core.webui.exception.WebElementNotFoundException: Web element with id: 'Object Repository/Page_InformationPersonnelles_Usager/CheckBox_liensPersonnelsFamiliaux_2_Non' located by '//*[@id="ui-accordiontab-1-content"]/div/div/div[2]/div/anef-input-radio/div/div/fieldset/div/div[2]/p-radiobutton/div/div[2]' not found
	at com.kms.katalon.core.webui.keyword.internal.WebUIKeywordMain.stepFailed(WebUIKeywordMain.groovy:64)
	at com.kms.katalon.core.webui.keyword.builtin.VerifyElementPresentKeyword$_verifyElementPresent_closure1.doCall(VerifyElementPresentKeyword.groovy:85)
	at com.kms.katalon.core.webui.keyword.builtin.VerifyElementPresentKeyword$_verifyElementPresent_closure1.call(VerifyElementPresentKeyword.groovy)
	at com.kms.katalon.core.webui.keyword.internal.WebUIKeywordMain.runKeyword(WebUIKeywordMain.groovy:20)
	at com.kms.katalon.core.webui.keyword.builtin.VerifyElementPresentKeyword.verifyElementPresent(VerifyElementPresentKeyword.groovy:92)
	at com.kms.katalon.core.webui.keyword.builtin.VerifyElementPresentKeyword.execute(VerifyElementPresentKeyword.groovy:68)
	at com.kms.katalon.core.keyword.internal.KeywordExecutor.executeKeywordForPlatform(KeywordExecutor.groovy:74)
	at com.kms.katalon.core.webui.keyword.WebUiBuiltInKeywords.verifyElementPresent(WebUiBuiltInKeywords.groovy:1448)
	at com.kazurayam.ksbackyard.HighlightElement$_pandemic_closure1.doCall(HighlightElement.groovy:105)
	at FormulaireInformationsPersonnelles.run(FormulaireInformationsPersonnelles:33)
	at com.kms.katalon.core.main.ScriptEngine.run(ScriptEngine.java:194)
	at com.kms.katalon.core.main.ScriptEngine.runScriptAsRawText(ScriptEngine.java:119)
	at com.kms.katalon.core.main.TestCaseExecutor.runScript(TestCaseExecutor.java:448)
	at com.kms.katalon.core.main.TestCaseExecutor.doExecute(TestCaseExecutor.java:439)
	at com.kms.katalon.core.main.TestCaseExecutor.processExecutionPhase(TestCaseExecutor.java:418)
	at com.kms.katalon.core.main.TestCaseExecutor.accessMainPhase(TestCaseExecutor.java:410)
	at com.kms.katalon.core.main.TestCaseExecutor.execute(TestCaseExecutor.java:285)
	at com.kms.katalon.core.main.TestCaseMain.runTestCase(TestCaseMain.java:144)
	at com.kms.katalon.core.keyword.builtin.CallTestCaseKeyword$_callTestCase_closure1.doCall(CallTestCaseKeyword.groovy:59)
	at com.kms.katalon.core.keyword.builtin.CallTestCaseKeyword$_callTestCase_closure1.call(CallTestCaseKeyword.groovy)
	at com.kms.katalon.core.keyword.internal.KeywordMain.runKeyword(KeywordMain.groovy:75)
	at com.kms.katalon.core.keyword.builtin.CallTestCaseKeyword.callTestCase(CallTestCaseKeyword.groovy:81)
	at com.kms.katalon.core.keyword.builtin.CallTestCaseKeyword.execute(CallTestCaseKeyword.groovy:44)
	at com.kms.katalon.core.keyword.internal.KeywordExecutor.executeKeywordForPlatform(KeywordExecutor.groovy:74)
	at com.kms.katalon.core.keyword.BuiltinKeywords.callTestCase(BuiltinKeywords.groovy:310)
	at com.kazurayam.ksbackyard.HighlightElement$_pandemic_closure1.doCall(HighlightElement.groovy:105)
	at TNR R.TSPT Supp90-Etudiant.run(TNR R.TSPT Supp90-Etudiant:47)
	at com.kms.katalon.core.main.ScriptEngine.run(ScriptEngine.java:194)
	at com.kms.katalon.core.main.ScriptEngine.runScriptAsRawText(ScriptEngine.java:119)
	at com.kms.katalon.core.main.TestCaseExecutor.runScript(TestCaseExecutor.java:448)
	at com.kms.katalon.core.main.TestCaseExecutor.doExecute(TestCaseExecutor.java:439)
	at com.kms.katalon.core.main.TestCaseExecutor.processExecutionPhase(TestCaseExecutor.java:418)
	at com.kms.katalon.core.main.TestCaseExecutor.accessMainPhase(TestCaseExecutor.java:410)
	at com.kms.katalon.core.main.TestCaseExecutor.execute(TestCaseExecutor.java:285)
	at com.kms.katalon.core.common.CommonExecutor.accessTestCaseMainPhase(CommonExecutor.java:65)
	at com.kms.katalon.core.main.TestSuiteExecutor.accessTestSuiteMainPhase(TestSuiteExecutor.java:148)
	at com.kms.katalon.core.main.TestSuiteExecutor.execute(TestSuiteExecutor.java:106)
	at com.kms.katalon.core.main.TestCaseMain.startTestSuite(TestCaseMain.java:187)
	at com.kms.katalon.core.main.TestCaseMain$startTestSuite$0.call(Unknown Source)
	at TempTestSuite1700746096123.run(TempTestSuite1700746096123.groovy:36)
)

2023-11-23 14:42:26 - [MESSAGE][INFO] - Finding Test Object 'Object Repository/Page_InformationPersonnelles_Usager/CheckBox_liensPersonnelsFamiliaux_2_Non'

2023-11-23 14:42:27 - [MESSAGE][INFO] - Checking object

2023-11-23 14:42:27 - [MESSAGE][INFO] - Finding web element from Test Object's properties

2023-11-23 14:42:27 - [MESSAGE][INFO] - Checking timeout

2023-11-23 14:42:27 - [MESSAGE][INFO] - Finding web element with id: 'Object Repository/Page_InformationPersonnelles_Usager/CheckBox_liensPersonnelsFamiliaux_2_Non' located by 'By.xpath: //*[@id="ui-accordiontab-1-content"]/div/div/div[2]/div/anef-input-radio/div/div/fieldset/div/div[2]/p-radiobutton/div/div[2]' in '1' second(s)

2023-11-23 14:42:27 - [MESSAGE][INFO] - Smart Wait Function is triggered

2023-11-23 14:42:27 - [MESSAGE][INFO] - Smart Wait Function is triggered

2023-11-23 14:42:27 - [MESSAGE][INFO] - Smart Wait Function is triggered

2023-11-23 14:42:27 - [MESSAGE][INFO] - Smart Wait Function is triggered

2023-11-23 14:42:27 - [MESSAGE][INFO] - Smart Wait Function is triggered

2023-11-23 14:42:27 - [MESSAGE][INFO] - Smart Wait Function is triggered

2023-11-23 14:42:27 - [MESSAGE][INFO] - Smart Wait Function is triggered

2023-11-23 14:42:27 - [MESSAGE][INFO] - Smart Wait Function is triggered

2023-11-23 14:42:27 - [MESSAGE][INFO] - Smart Wait Function is triggered

2023-11-23 14:42:27 - [MESSAGE][INFO] - Smart Wait Function is triggered

2023-11-23 14:42:27 - [MESSAGE][INFO] - Smart Wait Function is triggered

2023-11-23 14:42:27 - [MESSAGE][INFO] - Smart Wait Function is triggered

2023-11-23 14:42:27 - [MESSAGE][INFO] - Smart Wait Function is triggered

2023-11-23 14:42:27 - [MESSAGE][INFO] - Smart Wait Function is triggered

2023-11-23 14:42:27 - [MESSAGE][INFO] - Smart Wait Function is triggered

2023-11-23 14:42:27 - [MESSAGE][INFO] - Smart Wait Function is triggered

2023-11-23 14:42:27 - [MESSAGE][INFO] - Smart Wait Function is triggered

2023-11-23 14:42:27 - [MESSAGE][INFO] - Smart Wait Function is triggered

2023-11-23 14:42:27 - [MESSAGE][INFO] - Smart Wait Function is triggered

2023-11-23 14:42:27 - [MESSAGE][INFO] - Smart Wait Function is triggered

2023-11-23 14:42:27 - [MESSAGE][INFO] - Smart Wait Function is triggered

2023-11-23 14:42:27 - [MESSAGE][INFO] - Smart Wait Function is triggered

2023-11-23 14:42:27 - [MESSAGE][INFO] - Smart Wait Function is triggered

2023-11-23 14:42:27 - [MESSAGE][INFO] - Smart Wait Function is triggered

2023-11-23 14:42:27 - [MESSAGE][INFO] - Smart Wait Function is triggered

2023-11-23 14:42:27 - [MESSAGE][INFO] - Smart Wait Function is triggered

2023-11-23 14:42:27 - [MESSAGE][INFO] - Smart Wait Function is triggered

2023-11-23 14:42:27 - [MESSAGE][INFO] - Smart Wait Function is triggered

2023-11-23 14:42:28 - [MESSAGE][INFO] - Smart Wait Function is triggered

2023-11-23 14:42:28 - [MESSAGE][INFO] - Smart Wait Function is triggered

2023-11-23 14:42:28 - [MESSAGE][INFO] - Smart Wait Function is triggered

2023-11-23 14:42:28 - [MESSAGE][INFO] - Smart Wait Function is triggered

2023-11-23 14:42:28 - [MESSAGE][INFO] - Smart Wait Function is triggered

2023-11-23 14:42:28 - [MESSAGE][INFO] - Smart Wait Function is triggered

2023-11-23 14:42:28 - [MESSAGE][INFO] - Smart Wait Function is triggered

2023-11-23 14:42:28 - [MESSAGE][INFO] - Smart Wait Function is triggered

2023-11-23 14:42:28 - [MESSAGE][INFO] - Smart Wait Function is triggered

2023-11-23 14:42:28 - [MESSAGE][INFO] - Smart Wait Function is triggered

2023-11-23 14:42:28 - [MESSAGE][INFO] - Smart Wait Function is triggered

2023-11-23 14:42:28 - [MESSAGE][INFO] - Smart Wait Function is triggered

2023-11-23 14:42:28 - [MESSAGE][INFO] - Smart Wait Function is triggered

2023-11-23 14:42:28 - [MESSAGE][INFO] - Smart Wait Function is triggered

2023-11-23 14:42:28 - [MESSAGE][INFO] - Smart Wait Function is triggered

2023-11-23 14:42:28 - [MESSAGE][INFO] - Smart Wait Function is triggered

2023-11-23 14:42:28 - [MESSAGE][INFO] - Smart Wait Function is triggered

2023-11-23 14:42:28 - [MESSAGE][INFO] - Smart Wait Function is triggered

2023-11-23 14:42:28 - [MESSAGE][INFO] - Smart Wait Function is triggered

2023-11-23 14:42:28 - [MESSAGE][INFO] - Smart Wait Function is triggered

2023-11-23 14:42:29 - [MESSAGE][INFO] - Smart Wait Function is triggered

2023-11-23 14:42:29 - [MESSAGE][INFO] - Smart Wait Function is triggered

2023-11-23 14:42:29 - [MESSAGE][INFO] - Unable to find the element located by 'By.xpath: //*[@id="ui-accordiontab-1-content"]/div/div/div[2]/div/anef-input-radio/div/div/fieldset/div/div[2]/p-radiobutton/div/div[2]'. Please recheck the objects properties to make sure the desired element is located. 

2023-11-23 14:42:29 - [MESSAGE][WARNING] - com.kms.katalon.core.webui.exception.WebElementNotFoundException: Web element with id: 'Object Repository/Page_InformationPersonnelles_Usager/CheckBox_liensPersonnelsFamiliaux_2_Non' located by '//*[@id="ui-accordiontab-1-content"]/div/div/div[2]/div/anef-input-radio/div/div/fieldset/div/div[2]/p-radiobutton/div/div[2]' not found (Root cause: com.kms.katalon.core.exception.StepFailedException: com.kms.katalon.core.webui.exception.WebElementNotFoundException: Web element with id: 'Object Repository/Page_InformationPersonnelles_Usager/CheckBox_liensPersonnelsFamiliaux_2_Non' located by '//*[@id="ui-accordiontab-1-content"]/div/div/div[2]/div/anef-input-radio/div/div/fieldset/div/div[2]/p-radiobutton/div/div[2]' not found
	at com.kms.katalon.core.webui.keyword.internal.WebUIKeywordMain.stepFailed(WebUIKeywordMain.groovy:64)
	at com.kms.katalon.core.webui.keyword.builtin.VerifyElementPresentKeyword$_verifyElementPresent_closure1.doCall(VerifyElementPresentKeyword.groovy:85)
	at com.kms.katalon.core.webui.keyword.builtin.VerifyElementPresentKeyword$_verifyElementPresent_closure1.call(VerifyElementPresentKeyword.groovy)
	at com.kms.katalon.core.webui.keyword.internal.WebUIKeywordMain.runKeyword(WebUIKeywordMain.groovy:20)
	at com.kms.katalon.core.webui.keyword.builtin.VerifyElementPresentKeyword.verifyElementPresent(VerifyElementPresentKeyword.groovy:92)
	at com.kms.katalon.core.webui.keyword.builtin.VerifyElementPresentKeyword.execute(VerifyElementPresentKeyword.groovy:68)
	at com.kms.katalon.core.keyword.internal.KeywordExecutor.executeKeywordForPlatform(KeywordExecutor.groovy:74)
	at com.kms.katalon.core.webui.keyword.WebUiBuiltInKeywords.verifyElementPresent(WebUiBuiltInKeywords.groovy:1448)
	at com.kazurayam.ksbackyard.HighlightElement$_pandemic_closure1.doCall(HighlightElement.groovy:105)
	at FormulaireInformationsPersonnelles.run(FormulaireInformationsPersonnelles:33)
	at com.kms.katalon.core.main.ScriptEngine.run(ScriptEngine.java:194)
	at com.kms.katalon.core.main.ScriptEngine.runScriptAsRawText(ScriptEngine.java:119)
	at com.kms.katalon.core.main.TestCaseExecutor.runScript(TestCaseExecutor.java:448)
	at com.kms.katalon.core.main.TestCaseExecutor.doExecute(TestCaseExecutor.java:439)
	at com.kms.katalon.core.main.TestCaseExecutor.processExecutionPhase(TestCaseExecutor.java:418)
	at com.kms.katalon.core.main.TestCaseExecutor.accessMainPhase(TestCaseExecutor.java:410)
	at com.kms.katalon.core.main.TestCaseExecutor.execute(TestCaseExecutor.java:285)
	at com.kms.katalon.core.main.TestCaseMain.runTestCase(TestCaseMain.java:144)
	at com.kms.katalon.core.keyword.builtin.CallTestCaseKeyword$_callTestCase_closure1.doCall(CallTestCaseKeyword.groovy:59)
	at com.kms.katalon.core.keyword.builtin.CallTestCaseKeyword$_callTestCase_closure1.call(CallTestCaseKeyword.groovy)
	at com.kms.katalon.core.keyword.internal.KeywordMain.runKeyword(KeywordMain.groovy:75)
	at com.kms.katalon.core.keyword.builtin.CallTestCaseKeyword.callTestCase(CallTestCaseKeyword.groovy:81)
	at com.kms.katalon.core.keyword.builtin.CallTestCaseKeyword.execute(CallTestCaseKeyword.groovy:44)
	at com.kms.katalon.core.keyword.internal.KeywordExecutor.executeKeywordForPlatform(KeywordExecutor.groovy:74)
	at com.kms.katalon.core.keyword.BuiltinKeywords.callTestCase(BuiltinKeywords.groovy:310)
	at com.kazurayam.ksbackyard.HighlightElement$_pandemic_closure1.doCall(HighlightElement.groovy:105)
	at TNR R.TSPT Supp90-Etudiant.run(TNR R.TSPT Supp90-Etudiant:47)
	at com.kms.katalon.core.main.ScriptEngine.run(ScriptEngine.java:194)
	at com.kms.katalon.core.main.ScriptEngine.runScriptAsRawText(ScriptEngine.java:119)
	at com.kms.katalon.core.main.TestCaseExecutor.runScript(TestCaseExecutor.java:448)
	at com.kms.katalon.core.main.TestCaseExecutor.doExecute(TestCaseExecutor.java:439)
	at com.kms.katalon.core.main.TestCaseExecutor.processExecutionPhase(TestCaseExecutor.java:418)
	at com.kms.katalon.core.main.TestCaseExecutor.accessMainPhase(TestCaseExecutor.java:410)
	at com.kms.katalon.core.main.TestCaseExecutor.execute(TestCaseExecutor.java:285)
	at com.kms.katalon.core.common.CommonExecutor.accessTestCaseMainPhase(CommonExecutor.java:65)
	at com.kms.katalon.core.main.TestSuiteExecutor.accessTestSuiteMainPhase(TestSuiteExecutor.java:148)
	at com.kms.katalon.core.main.TestSuiteExecutor.execute(TestSuiteExecutor.java:106)
	at com.kms.katalon.core.main.TestCaseMain.startTestSuite(TestCaseMain.java:187)
	at com.kms.katalon.core.main.TestCaseMain$startTestSuite$0.call(Unknown Source)
	at TempTestSuite1700746096123.run(TempTestSuite1700746096123.groovy:36)
)
[[ATTACHMENT|C:\\Users\\ISSAM.RHARBAOUI\\git\\22_11\\ANEF-AutomatizationProject\\Reports\\20231123_142816\\TS_TNR_R.TSPT_Suppo90\\20231123_142816\\1700746949109.png]]

2023-11-23 14:42:29 - [TEST_STEP][PASSED] - delay(2): Delayed 2 second(s)

2023-11-23 14:42:29 - [MESSAGE][INFO] - Delaying browser in 2 second(s)

2023-11-23 14:42:31 - [MESSAGE][PASSED] - Delayed 2 second(s)

2023-11-23 14:42:31 - [TEST_STEP][PASSED] - if (verifyElementPresent(findTestObject("Object Repository/Page_InformationPersonnelles_Usager/CheckBox_DesEnfantsACharge_Non"), 1, OPTIONAL)): null

2023-11-23 14:42:31 - [MESSAGE][INFO] - Finding Test Object 'Object Repository/Page_InformationPersonnelles_Usager/CheckBox_DesEnfantsACharge_Non'

2023-11-23 14:42:31 - [MESSAGE][INFO] - Checking object

2023-11-23 14:42:31 - [MESSAGE][INFO] - Finding web element from Test Object's properties

2023-11-23 14:42:31 - [MESSAGE][INFO] - Checking timeout

2023-11-23 14:42:31 - [MESSAGE][INFO] - Finding web element with id: 'Object Repository/Page_InformationPersonnelles_Usager/CheckBox_DesEnfantsACharge_Non' located by 'By.xpath: //app-demande-ptsq//app-informations-personnelles-shared//app-has-enfants-charge//div//fieldset/div/div[2]/p-radiobutton/div/div[2]/span|//app-demande-visiteur//app-informations-personnelles-shared//app-has-enfants-charge/div/div/anef-input-radio/div/div/fieldset/div/div[2]/p-radiobutton/div/div[2]/span|//app-demande-ptch//app-informations-personnelles-shared//app-has-enfants-charge/div/div/anef-input-radio/div/div/fieldset/div/div[2]/p-radiobutton/div/div[2]/span|//div/app-has-enfants-charge/div/div/anef-input-radio/div/div/fieldset/div/div[2]/p-radiobutton/div/div[2]/span
' in '1' second(s)

2023-11-23 14:42:31 - [MESSAGE][INFO] - Smart Wait Function is triggered

2023-11-23 14:42:31 - [MESSAGE][INFO] - Found 1 web elements with id: 'Object Repository/Page_InformationPersonnelles_Usager/CheckBox_DesEnfantsACharge_Non' located by 'By.xpath: //app-demande-ptsq//app-informations-personnelles-shared//app-has-enfants-charge//div//fieldset/div/div[2]/p-radiobutton/div/div[2]/span|//app-demande-visiteur//app-informations-personnelles-shared//app-has-enfants-charge/div/div/anef-input-radio/div/div/fieldset/div/div[2]/p-radiobutton/div/div[2]/span|//app-demande-ptch//app-informations-personnelles-shared//app-has-enfants-charge/div/div/anef-input-radio/div/div/fieldset/div/div[2]/p-radiobutton/div/div[2]/span|//div/app-has-enfants-charge/div/div/anef-input-radio/div/div/fieldset/div/div[2]/p-radiobutton/div/div[2]/span
' in '1' second(s)

2023-11-23 14:42:31 - [MESSAGE][PASSED] - Object 'Object Repository/Page_InformationPersonnelles_Usager/CheckBox_DesEnfantsACharge_Non' is present

2023-11-23 14:42:31 - [TEST_STEP][PASSED] - check(findTestObject("Object Repository/Page_InformationPersonnelles_Usager/CheckBox_DesEnfantsACharge_Non"), OPTIONAL): Object 'Object Repository/Page_InformationPersonnelles_Usager/CheckBox_DesEnfantsACharge_Non' is checked

2023-11-23 14:42:31 - [MESSAGE][INFO] - Finding Test Object 'Object Repository/Page_InformationPersonnelles_Usager/CheckBox_DesEnfantsACharge_Non'

2023-11-23 14:42:31 - [MESSAGE][INFO] - Checking object

2023-11-23 14:42:31 - [MESSAGE][INFO] - Finding web element from Test Object's properties

2023-11-23 14:42:31 - [MESSAGE][INFO] - Checking timeout

2023-11-23 14:42:31 - [MESSAGE][INFO] - Finding web element with id: 'Object Repository/Page_InformationPersonnelles_Usager/CheckBox_DesEnfantsACharge_Non' located by 'By.xpath: //app-demande-ptsq//app-informations-personnelles-shared//app-has-enfants-charge//div//fieldset/div/div[2]/p-radiobutton/div/div[2]/span|//app-demande-visiteur//app-informations-personnelles-shared//app-has-enfants-charge/div/div/anef-input-radio/div/div/fieldset/div/div[2]/p-radiobutton/div/div[2]/span|//app-demande-ptch//app-informations-personnelles-shared//app-has-enfants-charge/div/div/anef-input-radio/div/div/fieldset/div/div[2]/p-radiobutton/div/div[2]/span|//div/app-has-enfants-charge/div/div/anef-input-radio/div/div/fieldset/div/div[2]/p-radiobutton/div/div[2]/span
' in '5' second(s)

2023-11-23 14:42:31 - [MESSAGE][INFO] - Smart Wait Function is triggered

2023-11-23 14:42:31 - [MESSAGE][INFO] - Found 1 web elements with id: 'Object Repository/Page_InformationPersonnelles_Usager/CheckBox_DesEnfantsACharge_Non' located by 'By.xpath: //app-demande-ptsq//app-informations-personnelles-shared//app-has-enfants-charge//div//fieldset/div/div[2]/p-radiobutton/div/div[2]/span|//app-demande-visiteur//app-informations-personnelles-shared//app-has-enfants-charge/div/div/anef-input-radio/div/div/fieldset/div/div[2]/p-radiobutton/div/div[2]/span|//app-demande-ptch//app-informations-personnelles-shared//app-has-enfants-charge/div/div/anef-input-radio/div/div/fieldset/div/div[2]/p-radiobutton/div/div[2]/span|//div/app-has-enfants-charge/div/div/anef-input-radio/div/div/fieldset/div/div[2]/p-radiobutton/div/div[2]/span
' in '5' second(s)

2023-11-23 14:42:31 - [MESSAGE][INFO] - Checking on bject 'Object Repository/Page_InformationPersonnelles_Usager/CheckBox_DesEnfantsACharge_Non'

2023-11-23 14:42:33 - [MESSAGE][PASSED] - Object 'Object Repository/Page_InformationPersonnelles_Usager/CheckBox_DesEnfantsACharge_Non' is checked

2023-11-23 14:42:33 - [TEST_STEP][PASSED] - delay(2): Delayed 2 second(s)

2023-11-23 14:42:33 - [MESSAGE][INFO] - Delaying browser in 2 second(s)

2023-11-23 14:42:35 - [MESSAGE][PASSED] - Delayed 2 second(s)

2023-11-23 14:42:35 - [TEST_STEP][PASSED] - setText(findTestObject("Object Repository/Page_InformationPersonnelles_Usager/Input_AdresseUsager"), AdresseUsager): Text '2 rue des 3 moulins 77000 melun' is set on object 'Object Repository/Page_InformationPersonnelles_Usager/Input_AdresseUsager'

2023-11-23 14:42:35 - [MESSAGE][INFO] - Finding Test Object 'Object Repository/Page_InformationPersonnelles_Usager/Input_AdresseUsager'

2023-11-23 14:42:35 - [MESSAGE][INFO] - Checking timeout

2023-11-23 14:42:35 - [MESSAGE][INFO] - Finding web element with id: 'Object Repository/Page_InformationPersonnelles_Usager/Input_AdresseUsager' located by 'By.xpath: //app-informations-personnelles//app-adresse-etalab//app-vls-ts-etalab//div/input|//app-informations-personnelles-shared//app-adresse-etalab//app-vls-ts-etalab//div/input' in '20' second(s)

2023-11-23 14:42:35 - [MESSAGE][INFO] - Smart Wait Function is triggered

2023-11-23 14:42:35 - [MESSAGE][INFO] - Found 1 web elements with id: 'Object Repository/Page_InformationPersonnelles_Usager/Input_AdresseUsager' located by 'By.xpath: //app-informations-personnelles//app-adresse-etalab//app-vls-ts-etalab//div/input|//app-informations-personnelles-shared//app-adresse-etalab//app-vls-ts-etalab//div/input' in '20' second(s)

2023-11-23 14:42:35 - [MESSAGE][INFO] - Checking object

2023-11-23 14:42:35 - [MESSAGE][INFO] - Checking text

2023-11-23 14:42:35 - [MESSAGE][INFO] - Finding web element from Test Object's properties

2023-11-23 14:42:35 - [MESSAGE][INFO] - Checking timeout

2023-11-23 14:42:35 - [MESSAGE][INFO] - Finding web element with id: 'Object Repository/Page_InformationPersonnelles_Usager/Input_AdresseUsager' located by 'By.xpath: //app-informations-personnelles//app-adresse-etalab//app-vls-ts-etalab//div/input|//app-informations-personnelles-shared//app-adresse-etalab//app-vls-ts-etalab//div/input' in '5' second(s)

2023-11-23 14:42:35 - [MESSAGE][INFO] - Smart Wait Function is triggered

2023-11-23 14:42:35 - [MESSAGE][INFO] - Found 1 web elements with id: 'Object Repository/Page_InformationPersonnelles_Usager/Input_AdresseUsager' located by 'By.xpath: //app-informations-personnelles//app-adresse-etalab//app-vls-ts-etalab//div/input|//app-informations-personnelles-shared//app-adresse-etalab//app-vls-ts-etalab//div/input' in '5' second(s)

2023-11-23 14:42:35 - [MESSAGE][INFO] - Clearing text of object 'Object Repository/Page_InformationPersonnelles_Usager/Input_AdresseUsager'

2023-11-23 14:42:37 - [MESSAGE][INFO] - Finding web element from Test Object's properties

2023-11-23 14:42:37 - [MESSAGE][INFO] - Checking timeout

2023-11-23 14:42:37 - [MESSAGE][INFO] - Finding web element with id: 'Object Repository/Page_InformationPersonnelles_Usager/Input_AdresseUsager' located by 'By.xpath: //app-informations-personnelles//app-adresse-etalab//app-vls-ts-etalab//div/input|//app-informations-personnelles-shared//app-adresse-etalab//app-vls-ts-etalab//div/input' in '5' second(s)

2023-11-23 14:42:37 - [MESSAGE][INFO] - Smart Wait Function is triggered

2023-11-23 14:42:38 - [MESSAGE][INFO] - Found 1 web elements with id: 'Object Repository/Page_InformationPersonnelles_Usager/Input_AdresseUsager' located by 'By.xpath: //app-informations-personnelles//app-adresse-etalab//app-vls-ts-etalab//div/input|//app-informations-personnelles-shared//app-adresse-etalab//app-vls-ts-etalab//div/input' in '5' second(s)

2023-11-23 14:42:38 - [MESSAGE][INFO] - Setting text of object 'Object Repository/Page_InformationPersonnelles_Usager/Input_AdresseUsager' to value '2 rue des 3 moulins 77000 melun'

2023-11-23 14:42:40 - [MESSAGE][PASSED] - Text '2 rue des 3 moulins 77000 melun' is set on object 'Object Repository/Page_InformationPersonnelles_Usager/Input_AdresseUsager'

2023-11-23 14:42:40 - [TEST_STEP][PASSED] - delay(2): Delayed 2 second(s)

2023-11-23 14:42:40 - [MESSAGE][INFO] - Delaying browser in 2 second(s)

2023-11-23 14:42:42 - [MESSAGE][PASSED] - Delayed 2 second(s)

2023-11-23 14:42:42 - [TEST_STEP][PASSED] - setText(findTestObject("Object Repository/Page_InformationPersonnelles_Usager/Input_NumeroDeTelephone"), NumeroTelephoneUsager): Text '0911223344' is set on object 'Object Repository/Page_InformationPersonnelles_Usager/Input_NumeroDeTelephone'

2023-11-23 14:42:42 - [MESSAGE][INFO] - Finding Test Object 'Object Repository/Page_InformationPersonnelles_Usager/Input_NumeroDeTelephone'

2023-11-23 14:42:42 - [MESSAGE][INFO] - Checking timeout

2023-11-23 14:42:42 - [MESSAGE][INFO] - Finding web element with id: 'Object Repository/Page_InformationPersonnelles_Usager/Input_NumeroDeTelephone' located by 'By.xpath: //*[@aria-labelledby="TELEPHONE_PORTABLE-label"]' in '20' second(s)

2023-11-23 14:42:42 - [MESSAGE][INFO] - Smart Wait Function is triggered

2023-11-23 14:42:42 - [MESSAGE][INFO] - Found 1 web elements with id: 'Object Repository/Page_InformationPersonnelles_Usager/Input_NumeroDeTelephone' located by 'By.xpath: //*[@aria-labelledby="TELEPHONE_PORTABLE-label"]' in '20' second(s)

2023-11-23 14:42:42 - [MESSAGE][INFO] - Checking object

2023-11-23 14:42:42 - [MESSAGE][INFO] - Checking text

2023-11-23 14:42:42 - [MESSAGE][INFO] - Finding web element from Test Object's properties

2023-11-23 14:42:42 - [MESSAGE][INFO] - Checking timeout

2023-11-23 14:42:42 - [MESSAGE][INFO] - Finding web element with id: 'Object Repository/Page_InformationPersonnelles_Usager/Input_NumeroDeTelephone' located by 'By.xpath: //*[@aria-labelledby="TELEPHONE_PORTABLE-label"]' in '5' second(s)

2023-11-23 14:42:42 - [MESSAGE][INFO] - Smart Wait Function is triggered

2023-11-23 14:42:42 - [MESSAGE][INFO] - Found 1 web elements with id: 'Object Repository/Page_InformationPersonnelles_Usager/Input_NumeroDeTelephone' located by 'By.xpath: //*[@aria-labelledby="TELEPHONE_PORTABLE-label"]' in '5' second(s)

2023-11-23 14:42:42 - [MESSAGE][INFO] - Clearing text of object 'Object Repository/Page_InformationPersonnelles_Usager/Input_NumeroDeTelephone'

2023-11-23 14:42:44 - [MESSAGE][INFO] - Finding web element from Test Object's properties

2023-11-23 14:42:44 - [MESSAGE][INFO] - Checking timeout

2023-11-23 14:42:44 - [MESSAGE][INFO] - Finding web element with id: 'Object Repository/Page_InformationPersonnelles_Usager/Input_NumeroDeTelephone' located by 'By.xpath: //*[@aria-labelledby="TELEPHONE_PORTABLE-label"]' in '5' second(s)

2023-11-23 14:42:44 - [MESSAGE][INFO] - Smart Wait Function is triggered

2023-11-23 14:42:44 - [MESSAGE][INFO] - Found 1 web elements with id: 'Object Repository/Page_InformationPersonnelles_Usager/Input_NumeroDeTelephone' located by 'By.xpath: //*[@aria-labelledby="TELEPHONE_PORTABLE-label"]' in '5' second(s)

2023-11-23 14:42:44 - [MESSAGE][INFO] - Setting text of object 'Object Repository/Page_InformationPersonnelles_Usager/Input_NumeroDeTelephone' to value '0911223344'

2023-11-23 14:42:46 - [MESSAGE][PASSED] - Text '0911223344' is set on object 'Object Repository/Page_InformationPersonnelles_Usager/Input_NumeroDeTelephone'

2023-11-23 14:42:46 - [TEST_STEP][PASSED] - click(findTestObject("Object Repository/Page_DemarcheRenouvellement/btn_EnregistrerEtPoursuivre")): Object: 'Object Repository/Page_DemarcheRenouvellement/btn_EnregistrerEtPoursuivre' is clicked on

2023-11-23 14:42:46 - [MESSAGE][INFO] - Finding Test Object 'Object Repository/Page_DemarcheRenouvellement/btn_EnregistrerEtPoursuivre'

2023-11-23 14:42:46 - [MESSAGE][INFO] - Checking timeout

2023-11-23 14:42:46 - [MESSAGE][INFO] - Finding web element with id: 'Object Repository/Page_DemarcheRenouvellement/btn_EnregistrerEtPoursuivre' located by 'By.xpath: //span[text()='Enregistrer et poursuivre >']' in '20' second(s)

2023-11-23 14:42:46 - [MESSAGE][INFO] - Smart Wait Function is triggered

2023-11-23 14:42:46 - [MESSAGE][INFO] - Found 1 web elements with id: 'Object Repository/Page_DemarcheRenouvellement/btn_EnregistrerEtPoursuivre' located by 'By.xpath: //span[text()='Enregistrer et poursuivre >']' in '20' second(s)

2023-11-23 14:42:46 - [MESSAGE][INFO] - Checking object

2023-11-23 14:42:46 - [MESSAGE][INFO] - Checking timeout

2023-11-23 14:42:46 - [MESSAGE][INFO] - Finding web element from Test Object's properties

2023-11-23 14:42:46 - [MESSAGE][INFO] - Checking timeout

2023-11-23 14:42:46 - [MESSAGE][INFO] - Finding web element with id: 'Object Repository/Page_DemarcheRenouvellement/btn_EnregistrerEtPoursuivre' located by 'By.xpath: //span[text()='Enregistrer et poursuivre >']' in '5' second(s)

2023-11-23 14:42:46 - [MESSAGE][INFO] - Smart Wait Function is triggered

2023-11-23 14:42:47 - [MESSAGE][INFO] - Found 1 web elements with id: 'Object Repository/Page_DemarcheRenouvellement/btn_EnregistrerEtPoursuivre' located by 'By.xpath: //span[text()='Enregistrer et poursuivre >']' in '5' second(s)

2023-11-23 14:42:47 - [MESSAGE][INFO] - Clicking on object: 'Object Repository/Page_DemarcheRenouvellement/btn_EnregistrerEtPoursuivre'

2023-11-23 14:42:49 - [MESSAGE][PASSED] - Object: 'Object Repository/Page_DemarcheRenouvellement/btn_EnregistrerEtPoursuivre' is clicked on

2023-11-23 14:42:49 - [MESSAGE][PASSED] - Call Test Case 'Test Cases/Test Reutilisable/DemandeOuRenouvelle_TitreSejour/FormulaireInformationsPersonnelles' successfully

2023-11-23 14:42:49 - [TEST_STEP][PASSED] - callTestCase(findTestCase("Test Reutilisable/DemandeOuRenouvelle_TitreSejour/FormulaireMotifDeLaDemande"), ["TypeTitreDeSejour":TypeTitreDeSejour, "Titre":Titre], STOP_ON_FAILURE): Call Test Case 'Test Cases/Test Reutilisable/DemandeOuRenouvelle_TitreSejour/FormulaireMotifDeLaDemande' successfully

2023-11-23 14:42:49 - [MESSAGE][INFO] - Checking called Test Case

2023-11-23 14:42:49 - [MESSAGE][INFO] - Starting to call Test Case 'Test Cases/Test Reutilisable/DemandeOuRenouvelle_TitreSejour/FormulaireMotifDeLaDemande'

2023-11-23 14:42:49 - [TEST_CASE][PASSED] - Test Cases/Test Reutilisable/DemandeOuRenouvelle_TitreSejour/FormulaireMotifDeLaDemande: Test Cases/Test Reutilisable/DemandeOuRenouvelle_TitreSejour/FormulaireMotifDeLaDemande

2023-11-23 14:42:49 - [TEST_STEP][PASSED] - com.kazurayam.ksbackyard.HighlightElement.pandemic(): com.kazurayam.ksbackyard.HighlightElement.pandemic is PASSED

2023-11-23 14:42:49 - [MESSAGE][PASSED] - com.kazurayam.ksbackyard.HighlightElement.pandemic is PASSED

2023-11-23 14:42:49 - [TEST_STEP][PASSED] - if (TypeTitreDeSejour == "RenouvellementDeTitreSejour" && Titre == "Etudiant"): null

2023-11-23 14:42:49 - [TEST_STEP][PASSED] - if (TypeTitreDeSejour == "Visiteur" && Titre == "Etudiant" || TypeTitreDeSejour == "RenouvellementDeTitreSejour" && Titre == "Visiteur"): Delayed 2 second(s)

2023-11-23 14:42:49 - [TEST_STEP][PASSED] - click(findTestObject("Object Repository/Page_MotifDeLaDemande_Usager/CheckBox_NePasVivreEnPolygamie")): Object: 'Object Repository/Page_MotifDeLaDemande_Usager/CheckBox_NePasVivreEnPolygamie' is clicked on

2023-11-23 14:42:49 - [MESSAGE][INFO] - Finding Test Object 'Object Repository/Page_MotifDeLaDemande_Usager/CheckBox_NePasVivreEnPolygamie'

2023-11-23 14:42:49 - [MESSAGE][INFO] - Checking timeout

2023-11-23 14:42:49 - [MESSAGE][INFO] - Finding web element with id: 'Object Repository/Page_MotifDeLaDemande_Usager/CheckBox_NePasVivreEnPolygamie' located by 'By.xpath: //app-demande-visiteur//app-motif-sejour-visiteur//p-accordiontab[1]/div[2]/div/div/div[2]/anef-input-check/div/div/p-checkbox/div/div[2]' in '20' second(s)

2023-11-23 14:42:49 - [MESSAGE][INFO] - Smart Wait Function is triggered

2023-11-23 14:42:49 - [MESSAGE][INFO] - Found 1 web elements with id: 'Object Repository/Page_MotifDeLaDemande_Usager/CheckBox_NePasVivreEnPolygamie' located by 'By.xpath: //app-demande-visiteur//app-motif-sejour-visiteur//p-accordiontab[1]/div[2]/div/div/div[2]/anef-input-check/div/div/p-checkbox/div/div[2]' in '20' second(s)

2023-11-23 14:42:49 - [MESSAGE][INFO] - Checking object

2023-11-23 14:42:49 - [MESSAGE][INFO] - Checking timeout

2023-11-23 14:42:49 - [MESSAGE][INFO] - Finding web element from Test Object's properties

2023-11-23 14:42:49 - [MESSAGE][INFO] - Checking timeout

2023-11-23 14:42:49 - [MESSAGE][INFO] - Finding web element with id: 'Object Repository/Page_MotifDeLaDemande_Usager/CheckBox_NePasVivreEnPolygamie' located by 'By.xpath: //app-demande-visiteur//app-motif-sejour-visiteur//p-accordiontab[1]/div[2]/div/div/div[2]/anef-input-check/div/div/p-checkbox/div/div[2]' in '5' second(s)

2023-11-23 14:42:49 - [MESSAGE][INFO] - Smart Wait Function is triggered

2023-11-23 14:42:49 - [MESSAGE][INFO] - Found 1 web elements with id: 'Object Repository/Page_MotifDeLaDemande_Usager/CheckBox_NePasVivreEnPolygamie' located by 'By.xpath: //app-demande-visiteur//app-motif-sejour-visiteur//p-accordiontab[1]/div[2]/div/div/div[2]/anef-input-check/div/div/p-checkbox/div/div[2]' in '5' second(s)

2023-11-23 14:42:49 - [MESSAGE][INFO] - Clicking on object: 'Object Repository/Page_MotifDeLaDemande_Usager/CheckBox_NePasVivreEnPolygamie'

2023-11-23 14:42:51 - [MESSAGE][PASSED] - Object: 'Object Repository/Page_MotifDeLaDemande_Usager/CheckBox_NePasVivreEnPolygamie' is clicked on

2023-11-23 14:42:51 - [TEST_STEP][PASSED] - click(findTestObject("Object Repository/Page_MotifDeLaDemande_Usager/CheckBox_NExercerAucuneActiviteProfessionnelle")): Object: 'Object Repository/Page_MotifDeLaDemande_Usager/CheckBox_NExercerAucuneActiviteProfessionnelle' is clicked on

2023-11-23 14:42:51 - [MESSAGE][INFO] - Finding Test Object 'Object Repository/Page_MotifDeLaDemande_Usager/CheckBox_NExercerAucuneActiviteProfessionnelle'

2023-11-23 14:42:51 - [MESSAGE][INFO] - Checking timeout

2023-11-23 14:42:51 - [MESSAGE][INFO] - Finding web element with id: 'Object Repository/Page_MotifDeLaDemande_Usager/CheckBox_NExercerAucuneActiviteProfessionnelle' located by 'By.xpath: //app-demande-visiteur//app-motif-sejour-visiteur//p-accordiontab[1]/div[2]/div/div/div[3]/anef-input-check/div/div/p-checkbox/div/div[2]' in '20' second(s)

2023-11-23 14:42:51 - [MESSAGE][INFO] - Smart Wait Function is triggered

2023-11-23 14:42:51 - [MESSAGE][INFO] - Found 1 web elements with id: 'Object Repository/Page_MotifDeLaDemande_Usager/CheckBox_NExercerAucuneActiviteProfessionnelle' located by 'By.xpath: //app-demande-visiteur//app-motif-sejour-visiteur//p-accordiontab[1]/div[2]/div/div/div[3]/anef-input-check/div/div/p-checkbox/div/div[2]' in '20' second(s)

2023-11-23 14:42:51 - [MESSAGE][INFO] - Checking object

2023-11-23 14:42:51 - [MESSAGE][INFO] - Checking timeout

2023-11-23 14:42:51 - [MESSAGE][INFO] - Finding web element from Test Object's properties

2023-11-23 14:42:51 - [MESSAGE][INFO] - Checking timeout

2023-11-23 14:42:51 - [MESSAGE][INFO] - Finding web element with id: 'Object Repository/Page_MotifDeLaDemande_Usager/CheckBox_NExercerAucuneActiviteProfessionnelle' located by 'By.xpath: //app-demande-visiteur//app-motif-sejour-visiteur//p-accordiontab[1]/div[2]/div/div/div[3]/anef-input-check/div/div/p-checkbox/div/div[2]' in '5' second(s)

2023-11-23 14:42:51 - [MESSAGE][INFO] - Smart Wait Function is triggered

2023-11-23 14:42:51 - [MESSAGE][INFO] - Found 1 web elements with id: 'Object Repository/Page_MotifDeLaDemande_Usager/CheckBox_NExercerAucuneActiviteProfessionnelle' located by 'By.xpath: //app-demande-visiteur//app-motif-sejour-visiteur//p-accordiontab[1]/div[2]/div/div/div[3]/anef-input-check/div/div/p-checkbox/div/div[2]' in '5' second(s)

2023-11-23 14:42:51 - [MESSAGE][INFO] - Clicking on object: 'Object Repository/Page_MotifDeLaDemande_Usager/CheckBox_NExercerAucuneActiviteProfessionnelle'

2023-11-23 14:42:53 - [MESSAGE][PASSED] - Object: 'Object Repository/Page_MotifDeLaDemande_Usager/CheckBox_NExercerAucuneActiviteProfessionnelle' is clicked on

2023-11-23 14:42:53 - [TEST_STEP][PASSED] - click(findTestObject("Object Repository/Page_MotifDeLaDemande_Usager/CheckBox_AvoirConnaissanceDesSanctionsPenalesFausseAttestation")): Object: 'Object Repository/Page_MotifDeLaDemande_Usager/CheckBox_AvoirConnaissanceDesSanctionsPenalesFausseAttestation' is clicked on

2023-11-23 14:42:53 - [MESSAGE][INFO] - Finding Test Object 'Object Repository/Page_MotifDeLaDemande_Usager/CheckBox_AvoirConnaissanceDesSanctionsPenalesFausseAttestation'

2023-11-23 14:42:53 - [MESSAGE][INFO] - Checking timeout

2023-11-23 14:42:53 - [MESSAGE][INFO] - Finding web element with id: 'Object Repository/Page_MotifDeLaDemande_Usager/CheckBox_AvoirConnaissanceDesSanctionsPenalesFausseAttestation' located by 'By.xpath: //app-demande-visiteur//app-motif-sejour-visiteur//p-accordiontab[1]/div[2]/div/div/div[4]/anef-input-check/div/div/p-checkbox/div/div[2]' in '20' second(s)

2023-11-23 14:42:53 - [MESSAGE][INFO] - Smart Wait Function is triggered

2023-11-23 14:42:54 - [MESSAGE][INFO] - Found 1 web elements with id: 'Object Repository/Page_MotifDeLaDemande_Usager/CheckBox_AvoirConnaissanceDesSanctionsPenalesFausseAttestation' located by 'By.xpath: //app-demande-visiteur//app-motif-sejour-visiteur//p-accordiontab[1]/div[2]/div/div/div[4]/anef-input-check/div/div/p-checkbox/div/div[2]' in '20' second(s)

2023-11-23 14:42:54 - [MESSAGE][INFO] - Checking object

2023-11-23 14:42:54 - [MESSAGE][INFO] - Checking timeout

2023-11-23 14:42:54 - [MESSAGE][INFO] - Finding web element from Test Object's properties

2023-11-23 14:42:54 - [MESSAGE][INFO] - Checking timeout

2023-11-23 14:42:54 - [MESSAGE][INFO] - Finding web element with id: 'Object Repository/Page_MotifDeLaDemande_Usager/CheckBox_AvoirConnaissanceDesSanctionsPenalesFausseAttestation' located by 'By.xpath: //app-demande-visiteur//app-motif-sejour-visiteur//p-accordiontab[1]/div[2]/div/div/div[4]/anef-input-check/div/div/p-checkbox/div/div[2]' in '5' second(s)

2023-11-23 14:42:54 - [MESSAGE][INFO] - Smart Wait Function is triggered

2023-11-23 14:42:54 - [MESSAGE][INFO] - Found 1 web elements with id: 'Object Repository/Page_MotifDeLaDemande_Usager/CheckBox_AvoirConnaissanceDesSanctionsPenalesFausseAttestation' located by 'By.xpath: //app-demande-visiteur//app-motif-sejour-visiteur//p-accordiontab[1]/div[2]/div/div/div[4]/anef-input-check/div/div/p-checkbox/div/div[2]' in '5' second(s)

2023-11-23 14:42:54 - [MESSAGE][INFO] - Clicking on object: 'Object Repository/Page_MotifDeLaDemande_Usager/CheckBox_AvoirConnaissanceDesSanctionsPenalesFausseAttestation'

2023-11-23 14:42:56 - [MESSAGE][PASSED] - Object: 'Object Repository/Page_MotifDeLaDemande_Usager/CheckBox_AvoirConnaissanceDesSanctionsPenalesFausseAttestation' is clicked on

2023-11-23 14:42:56 - [TEST_STEP][PASSED] - click(findTestObject("Object Repository/Page_MotifDeLaDemande_Usager/CheckBox_AvoirSouscritAUneAssuranceMaladie")): Object: 'Object Repository/Page_MotifDeLaDemande_Usager/CheckBox_AvoirSouscritAUneAssuranceMaladie' is clicked on

2023-11-23 14:42:56 - [MESSAGE][INFO] - Finding Test Object 'Object Repository/Page_MotifDeLaDemande_Usager/CheckBox_AvoirSouscritAUneAssuranceMaladie'

2023-11-23 14:42:56 - [MESSAGE][INFO] - Checking timeout

2023-11-23 14:42:56 - [MESSAGE][INFO] - Finding web element with id: 'Object Repository/Page_MotifDeLaDemande_Usager/CheckBox_AvoirSouscritAUneAssuranceMaladie' located by 'By.xpath: //app-demande-visiteur//app-motif-sejour-visiteur//p-accordiontab[2]/div[2]//p-checkbox/div/div[2]' in '20' second(s)

2023-11-23 14:42:56 - [MESSAGE][INFO] - Smart Wait Function is triggered

2023-11-23 14:42:56 - [MESSAGE][INFO] - Found 1 web elements with id: 'Object Repository/Page_MotifDeLaDemande_Usager/CheckBox_AvoirSouscritAUneAssuranceMaladie' located by 'By.xpath: //app-demande-visiteur//app-motif-sejour-visiteur//p-accordiontab[2]/div[2]//p-checkbox/div/div[2]' in '20' second(s)

2023-11-23 14:42:56 - [MESSAGE][INFO] - Checking object

2023-11-23 14:42:56 - [MESSAGE][INFO] - Checking timeout

2023-11-23 14:42:56 - [MESSAGE][INFO] - Finding web element from Test Object's properties

2023-11-23 14:42:56 - [MESSAGE][INFO] - Checking timeout

2023-11-23 14:42:56 - [MESSAGE][INFO] - Finding web element with id: 'Object Repository/Page_MotifDeLaDemande_Usager/CheckBox_AvoirSouscritAUneAssuranceMaladie' located by 'By.xpath: //app-demande-visiteur//app-motif-sejour-visiteur//p-accordiontab[2]/div[2]//p-checkbox/div/div[2]' in '5' second(s)

2023-11-23 14:42:56 - [MESSAGE][INFO] - Smart Wait Function is triggered

2023-11-23 14:42:56 - [MESSAGE][INFO] - Found 1 web elements with id: 'Object Repository/Page_MotifDeLaDemande_Usager/CheckBox_AvoirSouscritAUneAssuranceMaladie' located by 'By.xpath: //app-demande-visiteur//app-motif-sejour-visiteur//p-accordiontab[2]/div[2]//p-checkbox/div/div[2]' in '5' second(s)

2023-11-23 14:42:56 - [MESSAGE][INFO] - Clicking on object: 'Object Repository/Page_MotifDeLaDemande_Usager/CheckBox_AvoirSouscritAUneAssuranceMaladie'

2023-11-23 14:42:58 - [MESSAGE][PASSED] - Object: 'Object Repository/Page_MotifDeLaDemande_Usager/CheckBox_AvoirSouscritAUneAssuranceMaladie' is clicked on

2023-11-23 14:42:58 - [TEST_STEP][PASSED] - click(findTestObject("Object Repository/Page_DemarcheRenouvellement/btn_EnregistrerEtPoursuivre")): Object: 'Object Repository/Page_DemarcheRenouvellement/btn_EnregistrerEtPoursuivre' is clicked on

2023-11-23 14:42:58 - [MESSAGE][INFO] - Finding Test Object 'Object Repository/Page_DemarcheRenouvellement/btn_EnregistrerEtPoursuivre'

2023-11-23 14:42:58 - [MESSAGE][INFO] - Checking timeout

2023-11-23 14:42:58 - [MESSAGE][INFO] - Finding web element with id: 'Object Repository/Page_DemarcheRenouvellement/btn_EnregistrerEtPoursuivre' located by 'By.xpath: //span[text()='Enregistrer et poursuivre >']' in '20' second(s)

2023-11-23 14:42:58 - [MESSAGE][INFO] - Smart Wait Function is triggered

2023-11-23 14:42:58 - [MESSAGE][INFO] - Found 1 web elements with id: 'Object Repository/Page_DemarcheRenouvellement/btn_EnregistrerEtPoursuivre' located by 'By.xpath: //span[text()='Enregistrer et poursuivre >']' in '20' second(s)

2023-11-23 14:42:58 - [MESSAGE][INFO] - Checking object

2023-11-23 14:42:58 - [MESSAGE][INFO] - Checking timeout

2023-11-23 14:42:58 - [MESSAGE][INFO] - Finding web element from Test Object's properties

2023-11-23 14:42:58 - [MESSAGE][INFO] - Checking timeout

2023-11-23 14:42:58 - [MESSAGE][INFO] - Finding web element with id: 'Object Repository/Page_DemarcheRenouvellement/btn_EnregistrerEtPoursuivre' located by 'By.xpath: //span[text()='Enregistrer et poursuivre >']' in '5' second(s)

2023-11-23 14:42:58 - [MESSAGE][INFO] - Smart Wait Function is triggered

2023-11-23 14:42:58 - [MESSAGE][INFO] - Found 1 web elements with id: 'Object Repository/Page_DemarcheRenouvellement/btn_EnregistrerEtPoursuivre' located by 'By.xpath: //span[text()='Enregistrer et poursuivre >']' in '5' second(s)

2023-11-23 14:42:58 - [MESSAGE][INFO] - Clicking on object: 'Object Repository/Page_DemarcheRenouvellement/btn_EnregistrerEtPoursuivre'

2023-11-23 14:43:00 - [MESSAGE][PASSED] - Object: 'Object Repository/Page_DemarcheRenouvellement/btn_EnregistrerEtPoursuivre' is clicked on

2023-11-23 14:43:00 - [TEST_STEP][PASSED] - delay(2): Delayed 2 second(s)

2023-11-23 14:43:00 - [MESSAGE][INFO] - Delaying browser in 2 second(s)

2023-11-23 14:43:02 - [MESSAGE][PASSED] - Delayed 2 second(s)

2023-11-23 14:43:02 - [TEST_STEP][PASSED] - if (TypeTitreDeSejour == "TS-PT-SalarieQualifie" && Titre == "Visiteur" || Titre == "Etudiant"): null

2023-11-23 14:43:02 - [TEST_STEP][PASSED] - if (TypeTitreDeSejour == "TS-PT-SalarieEntrepriseInnovante" && Titre == "Visiteur" || Titre == "Etudiant"): null

2023-11-23 14:43:02 - [TEST_STEP][PASSED] - if (TypeTitreDeSejour == "TS-PT-CarteBleueEuropeenne" && Titre == "Visiteur" || Titre == "Etudiant"): null

2023-11-23 14:43:02 - [TEST_STEP][PASSED] - if (TypeTitreDeSejour == "TS-PT-SalarieEnMission" && Titre == "Visiteur" || Titre == "Etudiant"): null

2023-11-23 14:43:02 - [TEST_STEP][PASSED] - if (TypeTitreDeSejour == "ChercheurEtChercheurEnMobilite" && Titre == "Visiteur" || Titre == "Etudiant"): null

2023-11-23 14:43:02 - [TEST_STEP][PASSED] - if (TypeTitreDeSejour == "FrenchTechVisaForInvestors" && Titre == "Visiteur" || Titre == "Etudiant"): null

2023-11-23 14:43:02 - [TEST_STEP][PASSED] - if (TypeTitreDeSejour == "CreateurDEntreprise" && Titre == "Visiteur" || TypeTitreDeSejour == "CreateurDEntreprise" && Titre == "Etudiant"): null

2023-11-23 14:43:02 - [TEST_STEP][PASSED] - if (TypeTitreDeSejour == "FrenchTechVisaForFounders" && Titre == "Etudiant" || TypeTitreDeSejour == "FrenchTechVisaForFounders" && Titre == "Visiteur"): null

2023-11-23 14:43:02 - [TEST_STEP][PASSED] - if (TypeTitreDeSejour == "MandataireSocial" && Titre == "Etudiant" || TypeTitreDeSejour == "MandataireSocial" && Titre == "Visiteur"): null

2023-11-23 14:43:02 - [TEST_STEP][PASSED] - if (TypeTitreDeSejour == "ArtisteNonSalarie" && Titre == "Etudiant" || TypeTitreDeSejour == "ArtisteNonSalarie" && Titre == "Visiteur"): null

2023-11-23 14:43:02 - [TEST_STEP][PASSED] - if (TypeTitreDeSejour == "ArtisteSalarie" && Titre == "Etudiant" || TypeTitreDeSejour == "ArtisteSalarie" && Titre == "Visiteur"): null

2023-11-23 14:43:02 - [TEST_STEP][PASSED] - if (TypeTitreDeSejour == "MembreDeFamillePasseportTalent_Conjoint" && Titre == "Etudiant" || TypeTitreDeSejour == "MembreDeFamillePasseportTalent_Conjoint" && Titre == "Visiteur"): null

2023-11-23 14:43:02 - [MESSAGE][PASSED] - Call Test Case 'Test Cases/Test Reutilisable/DemandeOuRenouvelle_TitreSejour/FormulaireMotifDeLaDemande' successfully

2023-11-23 14:43:02 - [TEST_STEP][PASSED] - if (TypeTitreDeSejour == "RenouvellementDeTitreSejour" || TypeTitreDeSejour == "Visiteur" && Titre == "Etudiant" || Titre == "Visiteur"): Call Test Case 'Test Cases/Test Reutilisable/DemandeOuRenouvelle_TitreSejour/FormulaireRessources' successfully

2023-11-23 14:43:02 - [TEST_STEP][PASSED] - callTestCase(findTestCase("Test Reutilisable/DemandeOuRenouvelle_TitreSejour/FormulaireRessources"), [:], STOP_ON_FAILURE): Call Test Case 'Test Cases/Test Reutilisable/DemandeOuRenouvelle_TitreSejour/FormulaireRessources' successfully

2023-11-23 14:43:02 - [MESSAGE][INFO] - Checking called Test Case

2023-11-23 14:43:02 - [MESSAGE][INFO] - Starting to call Test Case 'Test Cases/Test Reutilisable/DemandeOuRenouvelle_TitreSejour/FormulaireRessources'

2023-11-23 14:43:02 - [TEST_CASE][PASSED] - Test Cases/Test Reutilisable/DemandeOuRenouvelle_TitreSejour/FormulaireRessources: Test Cases/Test Reutilisable/DemandeOuRenouvelle_TitreSejour/FormulaireRessources

2023-11-23 14:43:03 - [TEST_STEP][PASSED] - com.kazurayam.ksbackyard.HighlightElement.pandemic(): com.kazurayam.ksbackyard.HighlightElement.pandemic is PASSED

2023-11-23 14:43:03 - [MESSAGE][PASSED] - com.kazurayam.ksbackyard.HighlightElement.pandemic is PASSED

2023-11-23 14:43:03 - [TEST_STEP][PASSED] - click(findTestObject("Object Repository/Page_Ressources_Usager/span_DropDown_OrigineDesRessources")): Object: 'Object Repository/Page_Ressources_Usager/span_DropDown_OrigineDesRessources' is clicked on

2023-11-23 14:43:03 - [MESSAGE][INFO] - Finding Test Object 'Object Repository/Page_Ressources_Usager/span_DropDown_OrigineDesRessources'

2023-11-23 14:43:03 - [MESSAGE][INFO] - Checking timeout

2023-11-23 14:43:03 - [MESSAGE][INFO] - Finding web element with id: 'Object Repository/Page_Ressources_Usager/span_DropDown_OrigineDesRessources' located by 'By.xpath: //*[@id="ORIGINE"]/div/div[4]/span' in '20' second(s)

2023-11-23 14:43:03 - [MESSAGE][INFO] - Smart Wait Function is triggered

2023-11-23 14:43:03 - [MESSAGE][INFO] - Found 1 web elements with id: 'Object Repository/Page_Ressources_Usager/span_DropDown_OrigineDesRessources' located by 'By.xpath: //*[@id="ORIGINE"]/div/div[4]/span' in '20' second(s)

2023-11-23 14:43:03 - [MESSAGE][INFO] - Checking object

2023-11-23 14:43:03 - [MESSAGE][INFO] - Checking timeout

2023-11-23 14:43:03 - [MESSAGE][INFO] - Finding web element from Test Object's properties

2023-11-23 14:43:03 - [MESSAGE][INFO] - Checking timeout

2023-11-23 14:43:03 - [MESSAGE][INFO] - Finding web element with id: 'Object Repository/Page_Ressources_Usager/span_DropDown_OrigineDesRessources' located by 'By.xpath: //*[@id="ORIGINE"]/div/div[4]/span' in '5' second(s)

2023-11-23 14:43:03 - [MESSAGE][INFO] - Smart Wait Function is triggered

2023-11-23 14:43:03 - [MESSAGE][INFO] - Found 1 web elements with id: 'Object Repository/Page_Ressources_Usager/span_DropDown_OrigineDesRessources' located by 'By.xpath: //*[@id="ORIGINE"]/div/div[4]/span' in '5' second(s)

2023-11-23 14:43:03 - [MESSAGE][INFO] - Clicking on object: 'Object Repository/Page_Ressources_Usager/span_DropDown_OrigineDesRessources'

2023-11-23 14:43:05 - [MESSAGE][PASSED] - Object: 'Object Repository/Page_Ressources_Usager/span_DropDown_OrigineDesRessources' is clicked on

2023-11-23 14:43:05 - [TEST_STEP][PASSED] - click(findTestObject("Object Repository/Page_Ressources_Usager/List_OrigineDesRessources")): Object: 'Object Repository/Page_Ressources_Usager/List_OrigineDesRessources' is clicked on

2023-11-23 14:43:05 - [MESSAGE][INFO] - Finding Test Object 'Object Repository/Page_Ressources_Usager/List_OrigineDesRessources'

2023-11-23 14:43:05 - [MESSAGE][INFO] - Checking timeout

2023-11-23 14:43:05 - [MESSAGE][INFO] - Finding web element with id: 'Object Repository/Page_Ressources_Usager/List_OrigineDesRessources' located by 'By.xpath: //*[@id="ORIGINE"]/div/div[5]/div/ul/p-dropdownitem[3]/li' in '20' second(s)

2023-11-23 14:43:05 - [MESSAGE][INFO] - Smart Wait Function is triggered

2023-11-23 14:43:05 - [MESSAGE][INFO] - Found 1 web elements with id: 'Object Repository/Page_Ressources_Usager/List_OrigineDesRessources' located by 'By.xpath: //*[@id="ORIGINE"]/div/div[5]/div/ul/p-dropdownitem[3]/li' in '20' second(s)

2023-11-23 14:43:05 - [MESSAGE][INFO] - Checking object

2023-11-23 14:43:05 - [MESSAGE][INFO] - Checking timeout

2023-11-23 14:43:05 - [MESSAGE][INFO] - Finding web element from Test Object's properties

2023-11-23 14:43:05 - [MESSAGE][INFO] - Checking timeout

2023-11-23 14:43:05 - [MESSAGE][INFO] - Finding web element with id: 'Object Repository/Page_Ressources_Usager/List_OrigineDesRessources' located by 'By.xpath: //*[@id="ORIGINE"]/div/div[5]/div/ul/p-dropdownitem[3]/li' in '5' second(s)

2023-11-23 14:43:05 - [MESSAGE][INFO] - Smart Wait Function is triggered

2023-11-23 14:43:06 - [MESSAGE][INFO] - Found 1 web elements with id: 'Object Repository/Page_Ressources_Usager/List_OrigineDesRessources' located by 'By.xpath: //*[@id="ORIGINE"]/div/div[5]/div/ul/p-dropdownitem[3]/li' in '5' second(s)

2023-11-23 14:43:06 - [MESSAGE][INFO] - Clicking on object: 'Object Repository/Page_Ressources_Usager/List_OrigineDesRessources'

2023-11-23 14:43:08 - [MESSAGE][PASSED] - Object: 'Object Repository/Page_Ressources_Usager/List_OrigineDesRessources' is clicked on

2023-11-23 14:43:08 - [TEST_STEP][PASSED] - setText(findTestObject("Object Repository/Page_Ressources_Usager/Input_MontantParMois"), "1500"): Text '1500' is set on object 'Object Repository/Page_Ressources_Usager/Input_MontantParMois'

2023-11-23 14:43:08 - [MESSAGE][INFO] - Finding Test Object 'Object Repository/Page_Ressources_Usager/Input_MontantParMois'

2023-11-23 14:43:08 - [MESSAGE][INFO] - Checking timeout

2023-11-23 14:43:08 - [MESSAGE][INFO] - Finding web element with id: 'Object Repository/Page_Ressources_Usager/Input_MontantParMois' located by 'By.xpath: /html/body/app-root/div/app-portal/main/app-theme-v2/div/app-demande/div/div[3]/app-ressources/div[2]/div/p-accordion/div/p-accordiontab/div[2]/div/form/app-ressources-financieres-selector/div/div[1]/fieldset/div/app-ressource-financiere/div/div[2]/anef-input-text/div/div/div[1]/div/input|//*[@aria-labelledby="MONTANT-label"]' in '20' second(s)

2023-11-23 14:43:08 - [MESSAGE][INFO] - Smart Wait Function is triggered

2023-11-23 14:43:08 - [MESSAGE][INFO] - Found 1 web elements with id: 'Object Repository/Page_Ressources_Usager/Input_MontantParMois' located by 'By.xpath: /html/body/app-root/div/app-portal/main/app-theme-v2/div/app-demande/div/div[3]/app-ressources/div[2]/div/p-accordion/div/p-accordiontab/div[2]/div/form/app-ressources-financieres-selector/div/div[1]/fieldset/div/app-ressource-financiere/div/div[2]/anef-input-text/div/div/div[1]/div/input|//*[@aria-labelledby="MONTANT-label"]' in '20' second(s)

2023-11-23 14:43:08 - [MESSAGE][INFO] - Checking object

2023-11-23 14:43:08 - [MESSAGE][INFO] - Checking text

2023-11-23 14:43:08 - [MESSAGE][INFO] - Finding web element from Test Object's properties

2023-11-23 14:43:08 - [MESSAGE][INFO] - Checking timeout

2023-11-23 14:43:08 - [MESSAGE][INFO] - Finding web element with id: 'Object Repository/Page_Ressources_Usager/Input_MontantParMois' located by 'By.xpath: /html/body/app-root/div/app-portal/main/app-theme-v2/div/app-demande/div/div[3]/app-ressources/div[2]/div/p-accordion/div/p-accordiontab/div[2]/div/form/app-ressources-financieres-selector/div/div[1]/fieldset/div/app-ressource-financiere/div/div[2]/anef-input-text/div/div/div[1]/div/input|//*[@aria-labelledby="MONTANT-label"]' in '5' second(s)

2023-11-23 14:43:08 - [MESSAGE][INFO] - Smart Wait Function is triggered

2023-11-23 14:43:08 - [MESSAGE][INFO] - Found 1 web elements with id: 'Object Repository/Page_Ressources_Usager/Input_MontantParMois' located by 'By.xpath: /html/body/app-root/div/app-portal/main/app-theme-v2/div/app-demande/div/div[3]/app-ressources/div[2]/div/p-accordion/div/p-accordiontab/div[2]/div/form/app-ressources-financieres-selector/div/div[1]/fieldset/div/app-ressource-financiere/div/div[2]/anef-input-text/div/div/div[1]/div/input|//*[@aria-labelledby="MONTANT-label"]' in '5' second(s)

2023-11-23 14:43:08 - [MESSAGE][INFO] - Clearing text of object 'Object Repository/Page_Ressources_Usager/Input_MontantParMois'

2023-11-23 14:43:10 - [MESSAGE][INFO] - Finding web element from Test Object's properties

2023-11-23 14:43:10 - [MESSAGE][INFO] - Checking timeout

2023-11-23 14:43:10 - [MESSAGE][INFO] - Finding web element with id: 'Object Repository/Page_Ressources_Usager/Input_MontantParMois' located by 'By.xpath: /html/body/app-root/div/app-portal/main/app-theme-v2/div/app-demande/div/div[3]/app-ressources/div[2]/div/p-accordion/div/p-accordiontab/div[2]/div/form/app-ressources-financieres-selector/div/div[1]/fieldset/div/app-ressource-financiere/div/div[2]/anef-input-text/div/div/div[1]/div/input|//*[@aria-labelledby="MONTANT-label"]' in '5' second(s)

2023-11-23 14:43:10 - [MESSAGE][INFO] - Smart Wait Function is triggered

2023-11-23 14:43:10 - [MESSAGE][INFO] - Found 1 web elements with id: 'Object Repository/Page_Ressources_Usager/Input_MontantParMois' located by 'By.xpath: /html/body/app-root/div/app-portal/main/app-theme-v2/div/app-demande/div/div[3]/app-ressources/div[2]/div/p-accordion/div/p-accordiontab/div[2]/div/form/app-ressources-financieres-selector/div/div[1]/fieldset/div/app-ressource-financiere/div/div[2]/anef-input-text/div/div/div[1]/div/input|//*[@aria-labelledby="MONTANT-label"]' in '5' second(s)

2023-11-23 14:43:10 - [MESSAGE][INFO] - Setting text of object 'Object Repository/Page_Ressources_Usager/Input_MontantParMois' to value '1500'

2023-11-23 14:43:12 - [MESSAGE][PASSED] - Text '1500' is set on object 'Object Repository/Page_Ressources_Usager/Input_MontantParMois'

2023-11-23 14:43:12 - [TEST_STEP][PASSED] - check(findTestObject("Object Repository/Page_Ressources_Usager/Check_HebergeTitreGratuit")): Object 'Object Repository/Page_Ressources_Usager/Check_HebergeTitreGratuit' is checked

2023-11-23 14:43:12 - [MESSAGE][INFO] - Finding Test Object 'Object Repository/Page_Ressources_Usager/Check_HebergeTitreGratuit'

2023-11-23 14:43:12 - [MESSAGE][INFO] - Checking object

2023-11-23 14:43:12 - [MESSAGE][INFO] - Finding web element from Test Object's properties

2023-11-23 14:43:12 - [MESSAGE][INFO] - Checking timeout

2023-11-23 14:43:12 - [MESSAGE][INFO] - Finding web element with id: 'Object Repository/Page_Ressources_Usager/Check_HebergeTitreGratuit' located by 'By.xpath: //app-demande//app-ressources//anef-input-check/div/div/p-checkbox/div/div[2]|//app-demande-visiteur//app-ressources-visiteur//anef-input-check//p-checkbox/div/div[2]' in '5' second(s)

2023-11-23 14:43:12 - [MESSAGE][INFO] - Smart Wait Function is triggered

2023-11-23 14:43:12 - [MESSAGE][INFO] - Found 1 web elements with id: 'Object Repository/Page_Ressources_Usager/Check_HebergeTitreGratuit' located by 'By.xpath: //app-demande//app-ressources//anef-input-check/div/div/p-checkbox/div/div[2]|//app-demande-visiteur//app-ressources-visiteur//anef-input-check//p-checkbox/div/div[2]' in '5' second(s)

2023-11-23 14:43:12 - [MESSAGE][INFO] - Checking on bject 'Object Repository/Page_Ressources_Usager/Check_HebergeTitreGratuit'

2023-11-23 14:43:14 - [MESSAGE][PASSED] - Object 'Object Repository/Page_Ressources_Usager/Check_HebergeTitreGratuit' is checked

2023-11-23 14:43:14 - [TEST_STEP][PASSED] - click(findTestObject("Object Repository/Page_DemarcheRenouvellement/btn_EnregistrerEtPoursuivre")): Object: 'Object Repository/Page_DemarcheRenouvellement/btn_EnregistrerEtPoursuivre' is clicked on

2023-11-23 14:43:14 - [MESSAGE][INFO] - Finding Test Object 'Object Repository/Page_DemarcheRenouvellement/btn_EnregistrerEtPoursuivre'

2023-11-23 14:43:14 - [MESSAGE][INFO] - Checking timeout

2023-11-23 14:43:14 - [MESSAGE][INFO] - Finding web element with id: 'Object Repository/Page_DemarcheRenouvellement/btn_EnregistrerEtPoursuivre' located by 'By.xpath: //span[text()='Enregistrer et poursuivre >']' in '20' second(s)

2023-11-23 14:43:14 - [MESSAGE][INFO] - Smart Wait Function is triggered

2023-11-23 14:43:14 - [MESSAGE][INFO] - Found 1 web elements with id: 'Object Repository/Page_DemarcheRenouvellement/btn_EnregistrerEtPoursuivre' located by 'By.xpath: //span[text()='Enregistrer et poursuivre >']' in '20' second(s)

2023-11-23 14:43:14 - [MESSAGE][INFO] - Checking object

2023-11-23 14:43:14 - [MESSAGE][INFO] - Checking timeout

2023-11-23 14:43:14 - [MESSAGE][INFO] - Finding web element from Test Object's properties

2023-11-23 14:43:14 - [MESSAGE][INFO] - Checking timeout

2023-11-23 14:43:14 - [MESSAGE][INFO] - Finding web element with id: 'Object Repository/Page_DemarcheRenouvellement/btn_EnregistrerEtPoursuivre' located by 'By.xpath: //span[text()='Enregistrer et poursuivre >']' in '5' second(s)

2023-11-23 14:43:14 - [MESSAGE][INFO] - Smart Wait Function is triggered

2023-11-23 14:43:14 - [MESSAGE][INFO] - Found 1 web elements with id: 'Object Repository/Page_DemarcheRenouvellement/btn_EnregistrerEtPoursuivre' located by 'By.xpath: //span[text()='Enregistrer et poursuivre >']' in '5' second(s)

2023-11-23 14:43:14 - [MESSAGE][INFO] - Clicking on object: 'Object Repository/Page_DemarcheRenouvellement/btn_EnregistrerEtPoursuivre'

2023-11-23 14:43:16 - [MESSAGE][PASSED] - Object: 'Object Repository/Page_DemarcheRenouvellement/btn_EnregistrerEtPoursuivre' is clicked on

2023-11-23 14:43:16 - [MESSAGE][PASSED] - Call Test Case 'Test Cases/Test Reutilisable/DemandeOuRenouvelle_TitreSejour/FormulaireRessources' successfully

2023-11-23 14:43:16 - [TEST_STEP][FAILED] - callTestCase(findTestCase("Test Reutilisable/DemandeOuRenouvelle_TitreSejour/FormulaireJustificatifs"), ["TypeTitreDeSejour":TypeTitreDeSejour, "Titre":Titre, "NumEphoto":NumEphoto], STOP_ON_FAILURE): Unable to call Test Case 'Test Cases/Test Reutilisable/DemandeOuRenouvelle_TitreSejour/FormulaireJustificatifs' (Root cause: com.kms.katalon.core.exception.StepFailedException: Call Test Case 'Test Cases/Test Reutilisable/DemandeOuRenouvelle_TitreSejour/FormulaireJustificatifs' failed
	at com.kms.katalon.core.keyword.builtin.CallTestCaseKeyword$_callTestCase_closure1.doCall(CallTestCaseKeyword.groovy:63)
	at com.kms.katalon.core.keyword.builtin.CallTestCaseKeyword$_callTestCase_closure1.call(CallTestCaseKeyword.groovy)
	at com.kms.katalon.core.keyword.internal.KeywordMain.runKeyword(KeywordMain.groovy:75)
	at com.kms.katalon.core.keyword.builtin.CallTestCaseKeyword.callTestCase(CallTestCaseKeyword.groovy:81)
	at com.kms.katalon.core.keyword.builtin.CallTestCaseKeyword.execute(CallTestCaseKeyword.groovy:44)
	at com.kms.katalon.core.keyword.internal.KeywordExecutor.executeKeywordForPlatform(KeywordExecutor.groovy:74)
	at com.kms.katalon.core.keyword.BuiltinKeywords.callTestCase(BuiltinKeywords.groovy:310)
	at com.kazurayam.ksbackyard.HighlightElement$_pandemic_closure1.doCall(HighlightElement.groovy:105)
	at TNR R.TSPT Supp90-Etudiant.run(TNR R.TSPT Supp90-Etudiant:62)
	at com.kms.katalon.core.main.ScriptEngine.run(ScriptEngine.java:194)
	at com.kms.katalon.core.main.ScriptEngine.runScriptAsRawText(ScriptEngine.java:119)
	at com.kms.katalon.core.main.TestCaseExecutor.runScript(TestCaseExecutor.java:448)
	at com.kms.katalon.core.main.TestCaseExecutor.doExecute(TestCaseExecutor.java:439)
	at com.kms.katalon.core.main.TestCaseExecutor.processExecutionPhase(TestCaseExecutor.java:418)
	at com.kms.katalon.core.main.TestCaseExecutor.accessMainPhase(TestCaseExecutor.java:410)
	at com.kms.katalon.core.main.TestCaseExecutor.execute(TestCaseExecutor.java:285)
	at com.kms.katalon.core.common.CommonExecutor.accessTestCaseMainPhase(CommonExecutor.java:65)
	at com.kms.katalon.core.main.TestSuiteExecutor.accessTestSuiteMainPhase(TestSuiteExecutor.java:148)
	at com.kms.katalon.core.main.TestSuiteExecutor.execute(TestSuiteExecutor.java:106)
	at com.kms.katalon.core.main.TestCaseMain.startTestSuite(TestCaseMain.java:187)
	at com.kms.katalon.core.main.TestCaseMain$startTestSuite$0.call(Unknown Source)
	at TempTestSuite1700746096123.run(TempTestSuite1700746096123.groovy:36)
Caused by: com.kms.katalon.core.exception.StepFailedException: Unable to wait for Angular to load.
	at com.kms.katalon.core.webui.keyword.internal.WebUIKeywordMain.stepFailed(WebUIKeywordMain.groovy:64)
	at com.kms.katalon.core.webui.keyword.internal.WebUIKeywordMain.runKeyword(WebUIKeywordMain.groovy:26)
	at com.kms.katalon.core.webui.keyword.internal.WebUIKeywordMain$runKeyword.call(Unknown Source)
	at com.kms.katalon.core.webui.keyword.builtin.WaitForAngularLoadKeyword.waitForAgularLoad(WaitForAngularLoadKeyword.groovy:50)
	at com.kms.katalon.core.webui.keyword.builtin.WaitForAngularLoadKeyword$waitForAgularLoad.callCurrent(Unknown Source)
	at com.kms.katalon.core.webui.keyword.builtin.WaitForAngularLoadKeyword.execute(WaitForAngularLoadKeyword.groovy:32)
	at com.kms.katalon.core.keyword.internal.KeywordExecutor.executeKeywordForPlatform(KeywordExecutor.groovy:74)
	at com.kms.katalon.core.webui.keyword.WebUiBuiltInKeywords.waitForAngularLoad(WebUiBuiltInKeywords.groovy:2471)
	at com.kazurayam.ksbackyard.HighlightElement$_pandemic_closure1.doCall(HighlightElement.groovy:105)
	at FormulaireJustificatifs.run(FormulaireJustificatifs:178)
	at com.kms.katalon.core.main.ScriptEngine.run(ScriptEngine.java:194)
	at com.kms.katalon.core.main.ScriptEngine.runScriptAsRawText(ScriptEngine.java:119)
	at com.kms.katalon.core.main.TestCaseExecutor.runScript(TestCaseExecutor.java:448)
	at com.kms.katalon.core.main.TestCaseExecutor.doExecute(TestCaseExecutor.java:439)
	at com.kms.katalon.core.main.TestCaseExecutor.processExecutionPhase(TestCaseExecutor.java:418)
	at com.kms.katalon.core.main.TestCaseExecutor.accessMainPhase(TestCaseExecutor.java:410)
	at com.kms.katalon.core.main.TestCaseExecutor.execute(TestCaseExecutor.java:285)
	at com.kms.katalon.core.main.TestCaseMain.runTestCase(TestCaseMain.java:144)
	at com.kms.katalon.core.keyword.builtin.CallTestCaseKeyword$_callTestCase_closure1.doCall(CallTestCaseKeyword.groovy:59)
	... 21 more
Caused by: org.openqa.selenium.TimeoutException: Expected condition failed: waiting for com.kms.katalon.core.webui.keyword.builtin.WaitForAngularLoadKeyword$1@12997ff6 (tried for 10 second(s) with 500 milliseconds interval)
Build info: version: '3.141.59', revision: 'e82be7d358', time: '2018-11-14T08:25:53'
System info: host: 'FR-L5448059', ip: '192.168.1.134', os.name: 'Windows 10', os.arch: 'amd64', os.version: '10.0', java.version: '1.8.0_362'
Driver info: com.kms.katalon.core.webui.driver.SmartWaitWebDriver
Capabilities {acceptInsecureCerts: false, browserName: chrome, browserVersion: 119.0.6045.160, chrome: {chromedriverVersion: 119.0.6045.105 (38c72552c5e..., userDataDir: C:\Users\ISSAM~1.RHA\AppDat...}, fedcm:accounts: true, goog:chromeOptions: {debuggerAddress: localhost:62788}, javascriptEnabled: true, networkConnectionEnabled: false, pageLoadStrategy: normal, platform: WINDOWS, platformName: WINDOWS, proxy: Proxy(), setWindowRect: true, strictFileInteractability: false, timeouts: {implicit: 0, pageLoad: 300000, script: 30000}, unhandledPromptBehavior: dismiss and notify, webauthn:extension:credBlob: true, webauthn:extension:largeBlob: true, webauthn:extension:minPinLength: true, webauthn:extension:prf: true, webauthn:virtualAuthenticators: true}
Session ID: d606915402822c957940de13cd1eb348
	at org.openqa.selenium.support.ui.WebDriverWait.timeoutException(WebDriverWait.java:95)
	at org.openqa.selenium.support.ui.FluentWait.until(FluentWait.java:272)
	at org.openqa.selenium.support.ui.Wait$until.call(Unknown Source)
	at com.kms.katalon.core.webui.keyword.builtin.WaitForAngularLoadKeyword$_waitForAgularLoad_closure1.doCall(WaitForAngularLoadKeyword.groovy:106)
	at com.kms.katalon.core.webui.keyword.builtin.WaitForAngularLoadKeyword$_waitForAgularLoad_closure1.doCall(WaitForAngularLoadKeyword.groovy)
	at com.kms.katalon.core.webui.keyword.internal.WebUIKeywordMain.runKeyword(WebUIKeywordMain.groovy:20)
	... 38 more
)

2023-11-23 14:43:16 - [MESSAGE][INFO] - Checking called Test Case

2023-11-23 14:43:16 - [MESSAGE][INFO] - Starting to call Test Case 'Test Cases/Test Reutilisable/DemandeOuRenouvelle_TitreSejour/FormulaireJustificatifs'

2023-11-23 14:43:17 - [TEST_CASE][FAILED] - Test Cases/Test Reutilisable/DemandeOuRenouvelle_TitreSejour/FormulaireJustificatifs: Test Cases/Test Reutilisable/DemandeOuRenouvelle_TitreSejour/FormulaireJustificatifs FAILED.
Reason:
com.kms.katalon.core.exception.StepFailedException: Unable to wait for Angular to load.
	at com.kms.katalon.core.webui.keyword.internal.WebUIKeywordMain.stepFailed(WebUIKeywordMain.groovy:64)
	at com.kms.katalon.core.webui.keyword.internal.WebUIKeywordMain.runKeyword(WebUIKeywordMain.groovy:26)
	at com.kms.katalon.core.webui.keyword.internal.WebUIKeywordMain$runKeyword.call(Unknown Source)
	at com.kms.katalon.core.webui.keyword.builtin.WaitForAngularLoadKeyword.waitForAgularLoad(WaitForAngularLoadKeyword.groovy:50)
	at com.kms.katalon.core.webui.keyword.builtin.WaitForAngularLoadKeyword$waitForAgularLoad.callCurrent(Unknown Source)
	at com.kms.katalon.core.webui.keyword.builtin.WaitForAngularLoadKeyword.execute(WaitForAngularLoadKeyword.groovy:32)
	at com.kms.katalon.core.keyword.internal.KeywordExecutor.executeKeywordForPlatform(KeywordExecutor.groovy:74)
	at com.kms.katalon.core.webui.keyword.WebUiBuiltInKeywords.waitForAngularLoad(WebUiBuiltInKeywords.groovy:2471)
	at com.kazurayam.ksbackyard.HighlightElement$_pandemic_closure1.doCall(HighlightElement.groovy:105)
	at FormulaireJustificatifs.run(FormulaireJustificatifs:178)
	at com.kms.katalon.core.main.ScriptEngine.run(ScriptEngine.java:194)
	at com.kms.katalon.core.main.ScriptEngine.runScriptAsRawText(ScriptEngine.java:119)
	at com.kms.katalon.core.main.TestCaseExecutor.runScript(TestCaseExecutor.java:448)
	at com.kms.katalon.core.main.TestCaseExecutor.doExecute(TestCaseExecutor.java:439)
	at com.kms.katalon.core.main.TestCaseExecutor.processExecutionPhase(TestCaseExecutor.java:418)
	at com.kms.katalon.core.main.TestCaseExecutor.accessMainPhase(TestCaseExecutor.java:410)
	at com.kms.katalon.core.main.TestCaseExecutor.execute(TestCaseExecutor.java:285)
	at com.kms.katalon.core.main.TestCaseMain.runTestCase(TestCaseMain.java:144)
	at com.kms.katalon.core.keyword.builtin.CallTestCaseKeyword$_callTestCase_closure1.doCall(CallTestCaseKeyword.groovy:59)
	at com.kms.katalon.core.keyword.builtin.CallTestCaseKeyword$_callTestCase_closure1.call(CallTestCaseKeyword.groovy)
	at com.kms.katalon.core.keyword.internal.KeywordMain.runKeyword(KeywordMain.groovy:75)
	at com.kms.katalon.core.keyword.builtin.CallTestCaseKeyword.callTestCase(CallTestCaseKeyword.groovy:81)
	at com.kms.katalon.core.keyword.builtin.CallTestCaseKeyword.execute(CallTestCaseKeyword.groovy:44)
	at com.kms.katalon.core.keyword.internal.KeywordExecutor.executeKeywordForPlatform(KeywordExecutor.groovy:74)
	at com.kms.katalon.core.keyword.BuiltinKeywords.callTestCase(BuiltinKeywords.groovy:310)
	at com.kazurayam.ksbackyard.HighlightElement$_pandemic_closure1.doCall(HighlightElement.groovy:105)
	at TNR R.TSPT Supp90-Etudiant.run(TNR R.TSPT Supp90-Etudiant:62)
	at com.kms.katalon.core.main.ScriptEngine.run(ScriptEngine.java:194)
	at com.kms.katalon.core.main.ScriptEngine.runScriptAsRawText(ScriptEngine.java:119)
	at com.kms.katalon.core.main.TestCaseExecutor.runScript(TestCaseExecutor.java:448)
	at com.kms.katalon.core.main.TestCaseExecutor.doExecute(TestCaseExecutor.java:439)
	at com.kms.katalon.core.main.TestCaseExecutor.processExecutionPhase(TestCaseExecutor.java:418)
	at com.kms.katalon.core.main.TestCaseExecutor.accessMainPhase(TestCaseExecutor.java:410)
	at com.kms.katalon.core.main.TestCaseExecutor.execute(TestCaseExecutor.java:285)
	at com.kms.katalon.core.common.CommonExecutor.accessTestCaseMainPhase(CommonExecutor.java:65)
	at com.kms.katalon.core.main.TestSuiteExecutor.accessTestSuiteMainPhase(TestSuiteExecutor.java:148)
	at com.kms.katalon.core.main.TestSuiteExecutor.execute(TestSuiteExecutor.java:106)
	at com.kms.katalon.core.main.TestCaseMain.startTestSuite(TestCaseMain.java:187)
	at com.kms.katalon.core.main.TestCaseMain$startTestSuite$0.call(Unknown Source)
	at TempTestSuite1700746096123.run(TempTestSuite1700746096123.groovy:36)
Caused by: org.openqa.selenium.TimeoutException: Expected condition failed: waiting for com.kms.katalon.core.webui.keyword.builtin.WaitForAngularLoadKeyword$1@12997ff6 (tried for 10 second(s) with 500 milliseconds interval)
Build info: version: '3.141.59', revision: 'e82be7d358', time: '2018-11-14T08:25:53'
System info: host: 'FR-L5448059', ip: '192.168.1.134', os.name: 'Windows 10', os.arch: 'amd64', os.version: '10.0', java.version: '1.8.0_362'
Driver info: com.kms.katalon.core.webui.driver.SmartWaitWebDriver
Capabilities {acceptInsecureCerts: false, browserName: chrome, browserVersion: 119.0.6045.160, chrome: {chromedriverVersion: 119.0.6045.105 (38c72552c5e..., userDataDir: C:\Users\ISSAM~1.RHA\AppDat...}, fedcm:accounts: true, goog:chromeOptions: {debuggerAddress: localhost:62788}, javascriptEnabled: true, networkConnectionEnabled: false, pageLoadStrategy: normal, platform: WINDOWS, platformName: WINDOWS, proxy: Proxy(), setWindowRect: true, strictFileInteractability: false, timeouts: {implicit: 0, pageLoad: 300000, script: 30000}, unhandledPromptBehavior: dismiss and notify, webauthn:extension:credBlob: true, webauthn:extension:largeBlob: true, webauthn:extension:minPinLength: true, webauthn:extension:prf: true, webauthn:virtualAuthenticators: true}
Session ID: d606915402822c957940de13cd1eb348
	at org.openqa.selenium.support.ui.WebDriverWait.timeoutException(WebDriverWait.java:95)
	at org.openqa.selenium.support.ui.FluentWait.until(FluentWait.java:272)
	at org.openqa.selenium.support.ui.Wait$until.call(Unknown Source)
	at com.kms.katalon.core.webui.keyword.builtin.WaitForAngularLoadKeyword$_waitForAgularLoad_closure1.doCall(WaitForAngularLoadKeyword.groovy:106)
	at com.kms.katalon.core.webui.keyword.builtin.WaitForAngularLoadKeyword$_waitForAgularLoad_closure1.doCall(WaitForAngularLoadKeyword.groovy)
	at com.kms.katalon.core.webui.keyword.internal.WebUIKeywordMain.runKeyword(WebUIKeywordMain.groovy:20)
	... 38 more


2023-11-23 14:43:17 - [TEST_STEP][PASSED] - com.kazurayam.ksbackyard.HighlightElement.pandemic(): com.kazurayam.ksbackyard.HighlightElement.pandemic is PASSED

2023-11-23 14:43:17 - [MESSAGE][PASSED] - com.kazurayam.ksbackyard.HighlightElement.pandemic is PASSED

2023-11-23 14:43:17 - [TEST_STEP][PASSED] - RunBrowserConfiguration = getExecutionProperties(): null

2023-11-23 14:43:17 - [TEST_STEP][PASSED] - DriverName = DriverName: null

2023-11-23 14:43:17 - [TEST_STEP][PASSED] - driver = getWebDriver(): null

2023-11-23 14:43:17 - [TEST_STEP][PASSED] - wrappedDriver = driver.getWrappedDriver(): null

2023-11-23 14:43:17 - [TEST_STEP][PASSED] - out.println(wrappedDriver.getClass()): null

2023-11-23 14:43:17 - [TEST_STEP][PASSED] - if (class == com.kms.katalon.selenium.driver.CRemoteWebDriver): null

2023-11-23 14:43:17 - [TEST_STEP][PASSED] - SpecificDownloadDirectory = "": null

2023-11-23 14:43:17 - [TEST_STEP][PASSED] - if (DriverName == "FIREFOX_DRIVER"): null

2023-11-23 14:43:17 - [TEST_STEP][PASSED] - else if (class == "CRemoteWebDriver"): null

2023-11-23 14:43:17 - [TEST_STEP][PASSED] - else: null

2023-11-23 14:43:17 - [TEST_STEP][PASSED] - SpecificDownloadDirectory = getProjectDir() + "/Data Files": null

2023-11-23 14:43:17 - [TEST_STEP][PASSED] - println("SpecificDownloadDirectory : " + SpecificDownloadDirectory): null

2023-11-23 14:43:17 - [TEST_STEP][PASSED] - if (TypeTitreDeSejour == "RenouvellementDeTitreSejour" && Titre == "Etudiant"): null

2023-11-23 14:43:17 - [TEST_STEP][FAILED] - if (TypeTitreDeSejour == "RenouvellementDeTitreSejour" && Titre == "Visiteur" || TypeTitreDeSejour == "Visiteur" && Titre == "Etudiant"): Unable to wait for Angular to load. (Root cause: com.kms.katalon.core.exception.StepFailedException: Unable to wait for Angular to load.
	at com.kms.katalon.core.webui.keyword.internal.WebUIKeywordMain.stepFailed(WebUIKeywordMain.groovy:64)
	at com.kms.katalon.core.webui.keyword.internal.WebUIKeywordMain.runKeyword(WebUIKeywordMain.groovy:26)
	at com.kms.katalon.core.webui.keyword.internal.WebUIKeywordMain$runKeyword.call(Unknown Source)
	at com.kms.katalon.core.webui.keyword.builtin.WaitForAngularLoadKeyword.waitForAgularLoad(WaitForAngularLoadKeyword.groovy:50)
	at com.kms.katalon.core.webui.keyword.builtin.WaitForAngularLoadKeyword$waitForAgularLoad.callCurrent(Unknown Source)
	at com.kms.katalon.core.webui.keyword.builtin.WaitForAngularLoadKeyword.execute(WaitForAngularLoadKeyword.groovy:32)
	at com.kms.katalon.core.keyword.internal.KeywordExecutor.executeKeywordForPlatform(KeywordExecutor.groovy:74)
	at com.kms.katalon.core.webui.keyword.WebUiBuiltInKeywords.waitForAngularLoad(WebUiBuiltInKeywords.groovy:2471)
	at com.kazurayam.ksbackyard.HighlightElement$_pandemic_closure1.doCall(HighlightElement.groovy:105)
	at FormulaireJustificatifs.run(FormulaireJustificatifs:178)
	at com.kms.katalon.core.main.ScriptEngine.run(ScriptEngine.java:194)
	at com.kms.katalon.core.main.ScriptEngine.runScriptAsRawText(ScriptEngine.java:119)
	at com.kms.katalon.core.main.TestCaseExecutor.runScript(TestCaseExecutor.java:448)
	at com.kms.katalon.core.main.TestCaseExecutor.doExecute(TestCaseExecutor.java:439)
	at com.kms.katalon.core.main.TestCaseExecutor.processExecutionPhase(TestCaseExecutor.java:418)
	at com.kms.katalon.core.main.TestCaseExecutor.accessMainPhase(TestCaseExecutor.java:410)
	at com.kms.katalon.core.main.TestCaseExecutor.execute(TestCaseExecutor.java:285)
	at com.kms.katalon.core.main.TestCaseMain.runTestCase(TestCaseMain.java:144)
	at com.kms.katalon.core.keyword.builtin.CallTestCaseKeyword$_callTestCase_closure1.doCall(CallTestCaseKeyword.groovy:59)
	at com.kms.katalon.core.keyword.builtin.CallTestCaseKeyword$_callTestCase_closure1.call(CallTestCaseKeyword.groovy)
	at com.kms.katalon.core.keyword.internal.KeywordMain.runKeyword(KeywordMain.groovy:75)
	at com.kms.katalon.core.keyword.builtin.CallTestCaseKeyword.callTestCase(CallTestCaseKeyword.groovy:81)
	at com.kms.katalon.core.keyword.builtin.CallTestCaseKeyword.execute(CallTestCaseKeyword.groovy:44)
	at com.kms.katalon.core.keyword.internal.KeywordExecutor.executeKeywordForPlatform(KeywordExecutor.groovy:74)
	at com.kms.katalon.core.keyword.BuiltinKeywords.callTestCase(BuiltinKeywords.groovy:310)
	at com.kazurayam.ksbackyard.HighlightElement$_pandemic_closure1.doCall(HighlightElement.groovy:105)
	at TNR R.TSPT Supp90-Etudiant.run(TNR R.TSPT Supp90-Etudiant:62)
	at com.kms.katalon.core.main.ScriptEngine.run(ScriptEngine.java:194)
	at com.kms.katalon.core.main.ScriptEngine.runScriptAsRawText(ScriptEngine.java:119)
	at com.kms.katalon.core.main.TestCaseExecutor.runScript(TestCaseExecutor.java:448)
	at com.kms.katalon.core.main.TestCaseExecutor.doExecute(TestCaseExecutor.java:439)
	at com.kms.katalon.core.main.TestCaseExecutor.processExecutionPhase(TestCaseExecutor.java:418)
	at com.kms.katalon.core.main.TestCaseExecutor.accessMainPhase(TestCaseExecutor.java:410)
	at com.kms.katalon.core.main.TestCaseExecutor.execute(TestCaseExecutor.java:285)
	at com.kms.katalon.core.common.CommonExecutor.accessTestCaseMainPhase(CommonExecutor.java:65)
	at com.kms.katalon.core.main.TestSuiteExecutor.accessTestSuiteMainPhase(TestSuiteExecutor.java:148)
	at com.kms.katalon.core.main.TestSuiteExecutor.execute(TestSuiteExecutor.java:106)
	at com.kms.katalon.core.main.TestCaseMain.startTestSuite(TestCaseMain.java:187)
	at com.kms.katalon.core.main.TestCaseMain$startTestSuite$0.call(Unknown Source)
	at TempTestSuite1700746096123.run(TempTestSuite1700746096123.groovy:36)
Caused by: org.openqa.selenium.TimeoutException: Expected condition failed: waiting for com.kms.katalon.core.webui.keyword.builtin.WaitForAngularLoadKeyword$1@12997ff6 (tried for 10 second(s) with 500 milliseconds interval)
Build info: version: '3.141.59', revision: 'e82be7d358', time: '2018-11-14T08:25:53'
System info: host: 'FR-L5448059', ip: '192.168.1.134', os.name: 'Windows 10', os.arch: 'amd64', os.version: '10.0', java.version: '1.8.0_362'
Driver info: com.kms.katalon.core.webui.driver.SmartWaitWebDriver
Capabilities {acceptInsecureCerts: false, browserName: chrome, browserVersion: 119.0.6045.160, chrome: {chromedriverVersion: 119.0.6045.105 (38c72552c5e..., userDataDir: C:\Users\ISSAM~1.RHA\AppDat...}, fedcm:accounts: true, goog:chromeOptions: {debuggerAddress: localhost:62788}, javascriptEnabled: true, networkConnectionEnabled: false, pageLoadStrategy: normal, platform: WINDOWS, platformName: WINDOWS, proxy: Proxy(), setWindowRect: true, strictFileInteractability: false, timeouts: {implicit: 0, pageLoad: 300000, script: 30000}, unhandledPromptBehavior: dismiss and notify, webauthn:extension:credBlob: true, webauthn:extension:largeBlob: true, webauthn:extension:minPinLength: true, webauthn:extension:prf: true, webauthn:virtualAuthenticators: true}
Session ID: d606915402822c957940de13cd1eb348
	at org.openqa.selenium.support.ui.WebDriverWait.timeoutException(WebDriverWait.java:95)
	at org.openqa.selenium.support.ui.FluentWait.until(FluentWait.java:272)
	at org.openqa.selenium.support.ui.Wait$until.call(Unknown Source)
	at com.kms.katalon.core.webui.keyword.builtin.WaitForAngularLoadKeyword$_waitForAgularLoad_closure1.doCall(WaitForAngularLoadKeyword.groovy:106)
	at com.kms.katalon.core.webui.keyword.builtin.WaitForAngularLoadKeyword$_waitForAgularLoad_closure1.doCall(WaitForAngularLoadKeyword.groovy)
	at com.kms.katalon.core.webui.keyword.internal.WebUIKeywordMain.runKeyword(WebUIKeywordMain.groovy:20)
	at com.kms.katalon.core.webui.keyword.internal.WebUIKeywordMain$runKeyword.call(Unknown Source)
	at com.kms.katalon.core.webui.keyword.builtin.WaitForAngularLoadKeyword.waitForAgularLoad(WaitForAngularLoadKeyword.groovy:50)
	at com.kms.katalon.core.webui.keyword.builtin.WaitForAngularLoadKeyword$waitForAgularLoad.callCurrent(Unknown Source)
	at com.kms.katalon.core.webui.keyword.builtin.WaitForAngularLoadKeyword.execute(WaitForAngularLoadKeyword.groovy:32)
	at com.kms.katalon.core.keyword.internal.KeywordExecutor.executeKeywordForPlatform(KeywordExecutor.groovy:74)
	at com.kms.katalon.core.webui.keyword.WebUiBuiltInKeywords.waitForAngularLoad(WebUiBuiltInKeywords.groovy:2471)
	at com.kazurayam.ksbackyard.HighlightElement$_pandemic_closure1.doCall(HighlightElement.groovy:105)
	at Script1695813884754.run(Script1695813884754.groovy:178)
	at com.kms.katalon.core.main.ScriptEngine.run(ScriptEngine.java:194)
	at com.kms.katalon.core.main.ScriptEngine.runScriptAsRawText(ScriptEngine.java:119)
	at com.kms.katalon.core.main.TestCaseExecutor.runScript(TestCaseExecutor.java:448)
	at com.kms.katalon.core.main.TestCaseExecutor.doExecute(TestCaseExecutor.java:439)
	at com.kms.katalon.core.main.TestCaseExecutor.processExecutionPhase(TestCaseExecutor.java:418)
	at com.kms.katalon.core.main.TestCaseExecutor.accessMainPhase(TestCaseExecutor.java:410)
	at com.kms.katalon.core.main.TestCaseExecutor.execute(TestCaseExecutor.java:285)
	at com.kms.katalon.core.main.TestCaseMain.runTestCase(TestCaseMain.java:144)
	at com.kms.katalon.core.keyword.builtin.CallTestCaseKeyword$_callTestCase_closure1.doCall(CallTestCaseKeyword.groovy:59)
	at com.kms.katalon.core.keyword.builtin.CallTestCaseKeyword$_callTestCase_closure1.call(CallTestCaseKeyword.groovy)
	at com.kms.katalon.core.keyword.internal.KeywordMain.runKeyword(KeywordMain.groovy:75)
	at com.kms.katalon.core.keyword.builtin.CallTestCaseKeyword.callTestCase(CallTestCaseKeyword.groovy:81)
	at com.kms.katalon.core.keyword.builtin.CallTestCaseKeyword.execute(CallTestCaseKeyword.groovy:44)
	at com.kms.katalon.core.keyword.internal.KeywordExecutor.executeKeywordForPlatform(KeywordExecutor.groovy:74)
	at com.kms.katalon.core.keyword.BuiltinKeywords.callTestCase(BuiltinKeywords.groovy:310)
	at com.kazurayam.ksbackyard.HighlightElement$_pandemic_closure1.doCall(HighlightElement.groovy:105)
	at Script1697546404945.run(Script1697546404945.groovy:62)
	... 13 more
)

2023-11-23 14:43:17 - [TEST_STEP][PASSED] - uploadFile(findTestObject("Object Repository/Page_Justificatifs_Usager/Btn_ChoisirFichier_TitreSejourValide"), SpecificDownloadDirectory + "/EtatCivil.pdf"): File 'C:/Users/ISSAM.RHARBAOUI/git/22_11/ANEF-AutomatizationProject/Data Files/EtatCivil.pdf' sent to object: 'Object Repository/Page_Justificatifs_Usager/Btn_ChoisirFichier_TitreSejourValide'

2023-11-23 14:43:17 - [MESSAGE][INFO] - Finding Test Object 'Object Repository/Page_Justificatifs_Usager/Btn_ChoisirFichier_TitreSejourValide'

2023-11-23 14:43:17 - [MESSAGE][INFO] - Checking object

2023-11-23 14:43:17 - [MESSAGE][INFO] - Uploading file 'C:/Users/ISSAM.RHARBAOUI/git/22_11/ANEF-AutomatizationProject/Data Files/EtatCivil.pdf' to object: 'Object Repository/Page_Justificatifs_Usager/Btn_ChoisirFichier_TitreSejourValide'

2023-11-23 14:43:17 - [MESSAGE][INFO] - Finding web element from Test Object's properties

2023-11-23 14:43:17 - [MESSAGE][INFO] - Checking timeout

2023-11-23 14:43:17 - [MESSAGE][INFO] - Finding web element with id: 'Object Repository/Page_Justificatifs_Usager/Btn_ChoisirFichier_TitreSejourValide' located by 'By.xpath: //app-justificatifs-visiteur//app-justificatif-titre-sejour//app-pieces-jointes//span[1]/input|//app-justificatifs-ptsq//app-justificatif-titre-sejour//app-pieces-jointes//span[1]/input|//app-justificatifs/div[2]/div/p-accordion/div/p-accordiontab[1]/div[2]/div/div[1]/div/app-pieces-jointes[1]/div/span[1]/input|//div/div/div/app-justificatif-titre-sejour/div/app-pieces-jointes/div/span[1]/input
' in '5' second(s)

2023-11-23 14:43:17 - [MESSAGE][INFO] - Smart Wait Function is triggered

2023-11-23 14:43:17 - [MESSAGE][INFO] - Found 1 web elements with id: 'Object Repository/Page_Justificatifs_Usager/Btn_ChoisirFichier_TitreSejourValide' located by 'By.xpath: //app-justificatifs-visiteur//app-justificatif-titre-sejour//app-pieces-jointes//span[1]/input|//app-justificatifs-ptsq//app-justificatif-titre-sejour//app-pieces-jointes//span[1]/input|//app-justificatifs/div[2]/div/p-accordion/div/p-accordiontab[1]/div[2]/div/div[1]/div/app-pieces-jointes[1]/div/span[1]/input|//div/div/div/app-justificatif-titre-sejour/div/app-pieces-jointes/div/span[1]/input
' in '5' second(s)

2023-11-23 14:43:19 - [MESSAGE][PASSED] - File 'C:/Users/ISSAM.RHARBAOUI/git/22_11/ANEF-AutomatizationProject/Data Files/EtatCivil.pdf' sent to object: 'Object Repository/Page_Justificatifs_Usager/Btn_ChoisirFichier_TitreSejourValide'

2023-11-23 14:43:19 - [TEST_STEP][PASSED] - delay(5): Delayed 5 second(s)

2023-11-23 14:43:19 - [MESSAGE][INFO] - Delaying browser in 5 second(s)

2023-11-23 14:43:24 - [MESSAGE][PASSED] - Delayed 5 second(s)

2023-11-23 14:43:24 - [TEST_STEP][PASSED] - uploadFile(findTestObject("Object Repository/Page_Justificatifs_Usager/Btn_ChoisirFichier_Passeport"), SpecificDownloadDirectory + "/Passeport.pdf"): File 'C:/Users/ISSAM.RHARBAOUI/git/22_11/ANEF-AutomatizationProject/Data Files/Passeport.pdf' sent to object: 'Object Repository/Page_Justificatifs_Usager/Btn_ChoisirFichier_Passeport'

2023-11-23 14:43:24 - [MESSAGE][INFO] - Finding Test Object 'Object Repository/Page_Justificatifs_Usager/Btn_ChoisirFichier_Passeport'

2023-11-23 14:43:24 - [MESSAGE][INFO] - Checking object

2023-11-23 14:43:24 - [MESSAGE][INFO] - Uploading file 'C:/Users/ISSAM.RHARBAOUI/git/22_11/ANEF-AutomatizationProject/Data Files/Passeport.pdf' to object: 'Object Repository/Page_Justificatifs_Usager/Btn_ChoisirFichier_Passeport'

2023-11-23 14:43:24 - [MESSAGE][INFO] - Finding web element from Test Object's properties

2023-11-23 14:43:24 - [MESSAGE][INFO] - Checking timeout

2023-11-23 14:43:24 - [MESSAGE][INFO] - Finding web element with id: 'Object Repository/Page_Justificatifs_Usager/Btn_ChoisirFichier_Passeport' located by 'By.xpath: //app-justificatifs-visiteur//app-justificatif-passeport//app-pieces-jointes//span[1]/input|//app-justificatifs-ptsq//app-justificatif-passeport//app-pieces-jointes//span[1]/input|//app-justificatifs/div[2]/div/p-accordion/div/p-accordiontab[1]/div[2]/div/div[1]/div/app-pieces-jointes[2]/div/span[1]/input|//div/div/app-justificatif-passeport/div/app-pieces-jointes/div/span[1]/input' in '5' second(s)

2023-11-23 14:43:24 - [MESSAGE][INFO] - Smart Wait Function is triggered

2023-11-23 14:43:24 - [MESSAGE][INFO] - Found 1 web elements with id: 'Object Repository/Page_Justificatifs_Usager/Btn_ChoisirFichier_Passeport' located by 'By.xpath: //app-justificatifs-visiteur//app-justificatif-passeport//app-pieces-jointes//span[1]/input|//app-justificatifs-ptsq//app-justificatif-passeport//app-pieces-jointes//span[1]/input|//app-justificatifs/div[2]/div/p-accordion/div/p-accordiontab[1]/div[2]/div/div[1]/div/app-pieces-jointes[2]/div/span[1]/input|//div/div/app-justificatif-passeport/div/app-pieces-jointes/div/span[1]/input' in '5' second(s)

2023-11-23 14:43:26 - [MESSAGE][PASSED] - File 'C:/Users/ISSAM.RHARBAOUI/git/22_11/ANEF-AutomatizationProject/Data Files/Passeport.pdf' sent to object: 'Object Repository/Page_Justificatifs_Usager/Btn_ChoisirFichier_Passeport'

2023-11-23 14:43:26 - [TEST_STEP][PASSED] - delay(5): Delayed 5 second(s)

2023-11-23 14:43:26 - [MESSAGE][INFO] - Delaying browser in 5 second(s)

2023-11-23 14:43:31 - [MESSAGE][PASSED] - Delayed 5 second(s)

2023-11-23 14:43:31 - [TEST_STEP][PASSED] - setText(findTestObject("Object Repository/Page_Justificatifs_Usager/Input_Numero_Ephoto"), NumEphoto): Text '1PMTYE991215114515JY05' is set on object 'Object Repository/Page_Justificatifs_Usager/Input_Numero_Ephoto'

2023-11-23 14:43:31 - [MESSAGE][INFO] - Finding Test Object 'Object Repository/Page_Justificatifs_Usager/Input_Numero_Ephoto'

2023-11-23 14:43:31 - [MESSAGE][INFO] - Checking timeout

2023-11-23 14:43:31 - [MESSAGE][INFO] - Finding web element with id: 'Object Repository/Page_Justificatifs_Usager/Input_Numero_Ephoto' located by 'By.xpath: //*[@aria-labelledby="PHOTO_NUMBER-label" and @type ="text"]|//*[@aria-labelledby="PHOTO_IDENTITE-label" and @type ="text"]' in '20' second(s)

2023-11-23 14:43:31 - [MESSAGE][INFO] - Smart Wait Function is triggered

2023-11-23 14:43:31 - [MESSAGE][INFO] - Found 1 web elements with id: 'Object Repository/Page_Justificatifs_Usager/Input_Numero_Ephoto' located by 'By.xpath: //*[@aria-labelledby="PHOTO_NUMBER-label" and @type ="text"]|//*[@aria-labelledby="PHOTO_IDENTITE-label" and @type ="text"]' in '20' second(s)

2023-11-23 14:43:31 - [MESSAGE][INFO] - Checking object

2023-11-23 14:43:31 - [MESSAGE][INFO] - Checking text

2023-11-23 14:43:31 - [MESSAGE][INFO] - Finding web element from Test Object's properties

2023-11-23 14:43:31 - [MESSAGE][INFO] - Checking timeout

2023-11-23 14:43:31 - [MESSAGE][INFO] - Finding web element with id: 'Object Repository/Page_Justificatifs_Usager/Input_Numero_Ephoto' located by 'By.xpath: //*[@aria-labelledby="PHOTO_NUMBER-label" and @type ="text"]|//*[@aria-labelledby="PHOTO_IDENTITE-label" and @type ="text"]' in '5' second(s)

2023-11-23 14:43:31 - [MESSAGE][INFO] - Smart Wait Function is triggered

2023-11-23 14:43:31 - [MESSAGE][INFO] - Found 1 web elements with id: 'Object Repository/Page_Justificatifs_Usager/Input_Numero_Ephoto' located by 'By.xpath: //*[@aria-labelledby="PHOTO_NUMBER-label" and @type ="text"]|//*[@aria-labelledby="PHOTO_IDENTITE-label" and @type ="text"]' in '5' second(s)

2023-11-23 14:43:31 - [MESSAGE][INFO] - Clearing text of object 'Object Repository/Page_Justificatifs_Usager/Input_Numero_Ephoto'

2023-11-23 14:43:34 - [MESSAGE][INFO] - Finding web element from Test Object's properties

2023-11-23 14:43:34 - [MESSAGE][INFO] - Checking timeout

2023-11-23 14:43:34 - [MESSAGE][INFO] - Finding web element with id: 'Object Repository/Page_Justificatifs_Usager/Input_Numero_Ephoto' located by 'By.xpath: //*[@aria-labelledby="PHOTO_NUMBER-label" and @type ="text"]|//*[@aria-labelledby="PHOTO_IDENTITE-label" and @type ="text"]' in '5' second(s)

2023-11-23 14:43:34 - [MESSAGE][INFO] - Smart Wait Function is triggered

2023-11-23 14:43:34 - [MESSAGE][INFO] - Found 1 web elements with id: 'Object Repository/Page_Justificatifs_Usager/Input_Numero_Ephoto' located by 'By.xpath: //*[@aria-labelledby="PHOTO_NUMBER-label" and @type ="text"]|//*[@aria-labelledby="PHOTO_IDENTITE-label" and @type ="text"]' in '5' second(s)

2023-11-23 14:43:34 - [MESSAGE][INFO] - Setting text of object 'Object Repository/Page_Justificatifs_Usager/Input_Numero_Ephoto' to value '1PMTYE991215114515JY05'

2023-11-23 14:43:36 - [MESSAGE][PASSED] - Text '1PMTYE991215114515JY05' is set on object 'Object Repository/Page_Justificatifs_Usager/Input_Numero_Ephoto'

2023-11-23 14:43:36 - [TEST_STEP][PASSED] - click(findTestObject("Object Repository/Page_Justificatifs_Usager/Btn_ConfirmerNumeroEphoto")): Object: 'Object Repository/Page_Justificatifs_Usager/Btn_ConfirmerNumeroEphoto' is clicked on

2023-11-23 14:43:36 - [MESSAGE][INFO] - Finding Test Object 'Object Repository/Page_Justificatifs_Usager/Btn_ConfirmerNumeroEphoto'

2023-11-23 14:43:36 - [MESSAGE][INFO] - Checking timeout

2023-11-23 14:43:36 - [MESSAGE][INFO] - Finding web element with id: 'Object Repository/Page_Justificatifs_Usager/Btn_ConfirmerNumeroEphoto' located by 'By.xpath: //div/app-e-photo//div/button/span|//app-justificatifs/div[2]/div/p-accordion/div/p-accordiontab[1]/div[2]/div/div[1]/div/button/span' in '20' second(s)

2023-11-23 14:43:36 - [MESSAGE][INFO] - Smart Wait Function is triggered

2023-11-23 14:43:36 - [MESSAGE][INFO] - Found 1 web elements with id: 'Object Repository/Page_Justificatifs_Usager/Btn_ConfirmerNumeroEphoto' located by 'By.xpath: //div/app-e-photo//div/button/span|//app-justificatifs/div[2]/div/p-accordion/div/p-accordiontab[1]/div[2]/div/div[1]/div/button/span' in '20' second(s)

2023-11-23 14:43:36 - [MESSAGE][INFO] - Checking object

2023-11-23 14:43:36 - [MESSAGE][INFO] - Checking timeout

2023-11-23 14:43:36 - [MESSAGE][INFO] - Finding web element from Test Object's properties

2023-11-23 14:43:36 - [MESSAGE][INFO] - Checking timeout

2023-11-23 14:43:36 - [MESSAGE][INFO] - Finding web element with id: 'Object Repository/Page_Justificatifs_Usager/Btn_ConfirmerNumeroEphoto' located by 'By.xpath: //div/app-e-photo//div/button/span|//app-justificatifs/div[2]/div/p-accordion/div/p-accordiontab[1]/div[2]/div/div[1]/div/button/span' in '5' second(s)

2023-11-23 14:43:36 - [MESSAGE][INFO] - Smart Wait Function is triggered

2023-11-23 14:43:36 - [MESSAGE][INFO] - Found 1 web elements with id: 'Object Repository/Page_Justificatifs_Usager/Btn_ConfirmerNumeroEphoto' located by 'By.xpath: //div/app-e-photo//div/button/span|//app-justificatifs/div[2]/div/p-accordion/div/p-accordiontab[1]/div[2]/div/div[1]/div/button/span' in '5' second(s)

2023-11-23 14:43:36 - [MESSAGE][INFO] - Clicking on object: 'Object Repository/Page_Justificatifs_Usager/Btn_ConfirmerNumeroEphoto'

2023-11-23 14:43:38 - [MESSAGE][PASSED] - Object: 'Object Repository/Page_Justificatifs_Usager/Btn_ConfirmerNumeroEphoto' is clicked on

2023-11-23 14:43:38 - [TEST_STEP][PASSED] - delay(5): Delayed 5 second(s)

2023-11-23 14:43:38 - [MESSAGE][INFO] - Delaying browser in 5 second(s)

2023-11-23 14:43:43 - [MESSAGE][PASSED] - Delayed 5 second(s)

2023-11-23 14:43:43 - [TEST_STEP][PASSED] - uploadFile(findTestObject("Object Repository/Page_Justificatifs_Usager/Btn_ChoisirFichier_Domiciliation"), SpecificDownloadDirectory + "/Domiciliation.pdf"): File 'C:/Users/ISSAM.RHARBAOUI/git/22_11/ANEF-AutomatizationProject/Data Files/Domiciliation.pdf' sent to object: 'Object Repository/Page_Justificatifs_Usager/Btn_ChoisirFichier_Domiciliation'

2023-11-23 14:43:43 - [MESSAGE][INFO] - Finding Test Object 'Object Repository/Page_Justificatifs_Usager/Btn_ChoisirFichier_Domiciliation'

2023-11-23 14:43:43 - [MESSAGE][INFO] - Checking object

2023-11-23 14:43:43 - [MESSAGE][INFO] - Uploading file 'C:/Users/ISSAM.RHARBAOUI/git/22_11/ANEF-AutomatizationProject/Data Files/Domiciliation.pdf' to object: 'Object Repository/Page_Justificatifs_Usager/Btn_ChoisirFichier_Domiciliation'

2023-11-23 14:43:43 - [MESSAGE][INFO] - Finding web element from Test Object's properties

2023-11-23 14:43:43 - [MESSAGE][INFO] - Checking timeout

2023-11-23 14:43:43 - [MESSAGE][INFO] - Finding web element with id: 'Object Repository/Page_Justificatifs_Usager/Btn_ChoisirFichier_Domiciliation' located by 'By.xpath: //app-justificatifs-visiteur//app-justificatifs-domiciliation//app-pieces-jointes//span[1]/input|//app-justificatifs-ptsq//app-justificatifs-domiciliation//app-pieces-jointes//span[1]/input|//app-justificatifs/div[2]/div/p-accordion/div/p-accordiontab[1]/div[2]/div/div[2]/div/app-pieces-jointes/div/span[1]/input|//div/app-justificatifs-domiciliation/div/div/app-pieces-jointes/div/span[1]/input' in '5' second(s)

2023-11-23 14:43:43 - [MESSAGE][INFO] - Smart Wait Function is triggered

2023-11-23 14:43:43 - [MESSAGE][INFO] - Found 1 web elements with id: 'Object Repository/Page_Justificatifs_Usager/Btn_ChoisirFichier_Domiciliation' located by 'By.xpath: //app-justificatifs-visiteur//app-justificatifs-domiciliation//app-pieces-jointes//span[1]/input|//app-justificatifs-ptsq//app-justificatifs-domiciliation//app-pieces-jointes//span[1]/input|//app-justificatifs/div[2]/div/p-accordion/div/p-accordiontab[1]/div[2]/div/div[2]/div/app-pieces-jointes/div/span[1]/input|//div/app-justificatifs-domiciliation/div/div/app-pieces-jointes/div/span[1]/input' in '5' second(s)

2023-11-23 14:43:45 - [MESSAGE][PASSED] - File 'C:/Users/ISSAM.RHARBAOUI/git/22_11/ANEF-AutomatizationProject/Data Files/Domiciliation.pdf' sent to object: 'Object Repository/Page_Justificatifs_Usager/Btn_ChoisirFichier_Domiciliation'

2023-11-23 14:43:45 - [TEST_STEP][PASSED] - delay(5): Delayed 5 second(s)

2023-11-23 14:43:45 - [MESSAGE][INFO] - Delaying browser in 5 second(s)

2023-11-23 14:43:50 - [MESSAGE][PASSED] - Delayed 5 second(s)

2023-11-23 14:43:50 - [TEST_STEP][PASSED] - uploadFile(findTestObject("Object Repository/Page_Justificatifs_Usager/Btn_ChoisirFichier_SouscriptionAssurance"), SpecificDownloadDirectory + "/SouscriptionAssurance.pdf"): File 'C:/Users/ISSAM.RHARBAOUI/git/22_11/ANEF-AutomatizationProject/Data Files/SouscriptionAssurance.pdf' sent to object: 'Object Repository/Page_Justificatifs_Usager/Btn_ChoisirFichier_SouscriptionAssurance'

2023-11-23 14:43:50 - [MESSAGE][INFO] - Finding Test Object 'Object Repository/Page_Justificatifs_Usager/Btn_ChoisirFichier_SouscriptionAssurance'

2023-11-23 14:43:50 - [MESSAGE][INFO] - Checking object

2023-11-23 14:43:50 - [MESSAGE][INFO] - Uploading file 'C:/Users/ISSAM.RHARBAOUI/git/22_11/ANEF-AutomatizationProject/Data Files/SouscriptionAssurance.pdf' to object: 'Object Repository/Page_Justificatifs_Usager/Btn_ChoisirFichier_SouscriptionAssurance'

2023-11-23 14:43:50 - [MESSAGE][INFO] - Finding web element from Test Object's properties

2023-11-23 14:43:50 - [MESSAGE][INFO] - Checking timeout

2023-11-23 14:43:50 - [MESSAGE][INFO] - Finding web element with id: 'Object Repository/Page_Justificatifs_Usager/Btn_ChoisirFichier_SouscriptionAssurance' located by 'By.xpath: //app-demande-visiteur//app-justificatifs-visiteur//p-accordiontab[2]/div[2]/div/app-justificatif-assurance-maladie/div/app-pieces-jointes/div/span[1]/input' in '5' second(s)

2023-11-23 14:43:50 - [MESSAGE][INFO] - Smart Wait Function is triggered

2023-11-23 14:43:50 - [MESSAGE][INFO] - Found 1 web elements with id: 'Object Repository/Page_Justificatifs_Usager/Btn_ChoisirFichier_SouscriptionAssurance' located by 'By.xpath: //app-demande-visiteur//app-justificatifs-visiteur//p-accordiontab[2]/div[2]/div/app-justificatif-assurance-maladie/div/app-pieces-jointes/div/span[1]/input' in '5' second(s)

2023-11-23 14:43:52 - [MESSAGE][PASSED] - File 'C:/Users/ISSAM.RHARBAOUI/git/22_11/ANEF-AutomatizationProject/Data Files/SouscriptionAssurance.pdf' sent to object: 'Object Repository/Page_Justificatifs_Usager/Btn_ChoisirFichier_SouscriptionAssurance'

2023-11-23 14:43:52 - [TEST_STEP][PASSED] - delay(5): Delayed 5 second(s)

2023-11-23 14:43:52 - [MESSAGE][INFO] - Delaying browser in 5 second(s)

2023-11-23 14:43:57 - [MESSAGE][PASSED] - Delayed 5 second(s)

2023-11-23 14:43:57 - [TEST_STEP][PASSED] - uploadFile(findTestObject("Object Repository/Page_Justificatifs_Usager/Btn_ChoisirFichier_PrisEnChargeParUnTiers"), SpecificDownloadDirectory + "/PrisEnChargeParUnTiers.pdf"): File 'C:/Users/ISSAM.RHARBAOUI/git/22_11/ANEF-AutomatizationProject/Data Files/PrisEnChargeParUnTiers.pdf' sent to object: 'Object Repository/Page_Justificatifs_Usager/Btn_ChoisirFichier_PrisEnChargeParUnTiers'

2023-11-23 14:43:57 - [MESSAGE][INFO] - Finding Test Object 'Object Repository/Page_Justificatifs_Usager/Btn_ChoisirFichier_PrisEnChargeParUnTiers'

2023-11-23 14:43:58 - [MESSAGE][INFO] - Checking object

2023-11-23 14:43:58 - [MESSAGE][INFO] - Uploading file 'C:/Users/ISSAM.RHARBAOUI/git/22_11/ANEF-AutomatizationProject/Data Files/PrisEnChargeParUnTiers.pdf' to object: 'Object Repository/Page_Justificatifs_Usager/Btn_ChoisirFichier_PrisEnChargeParUnTiers'

2023-11-23 14:43:58 - [MESSAGE][INFO] - Finding web element from Test Object's properties

2023-11-23 14:43:58 - [MESSAGE][INFO] - Checking timeout

2023-11-23 14:43:58 - [MESSAGE][INFO] - Finding web element with id: 'Object Repository/Page_Justificatifs_Usager/Btn_ChoisirFichier_PrisEnChargeParUnTiers' located by 'By.xpath: //app-justificatifs/div[2]/div/p-accordion/div/p-accordiontab[3]/div[2]/div/div[2]/app-pieces-jointes[1]/div/span[1]/input|//app-demande-visiteur//app-justificatifs-visiteur//p-accordiontab[3]/div[2]/div/div[2]/div/app-pieces-jointes/div/span[1]/input' in '5' second(s)

2023-11-23 14:43:58 - [MESSAGE][INFO] - Smart Wait Function is triggered

2023-11-23 14:43:58 - [MESSAGE][INFO] - Found 1 web elements with id: 'Object Repository/Page_Justificatifs_Usager/Btn_ChoisirFichier_PrisEnChargeParUnTiers' located by 'By.xpath: //app-justificatifs/div[2]/div/p-accordion/div/p-accordiontab[3]/div[2]/div/div[2]/app-pieces-jointes[1]/div/span[1]/input|//app-demande-visiteur//app-justificatifs-visiteur//p-accordiontab[3]/div[2]/div/div[2]/div/app-pieces-jointes/div/span[1]/input' in '5' second(s)

2023-11-23 14:44:00 - [MESSAGE][PASSED] - File 'C:/Users/ISSAM.RHARBAOUI/git/22_11/ANEF-AutomatizationProject/Data Files/PrisEnChargeParUnTiers.pdf' sent to object: 'Object Repository/Page_Justificatifs_Usager/Btn_ChoisirFichier_PrisEnChargeParUnTiers'

2023-11-23 14:44:00 - [TEST_STEP][PASSED] - delay(5): Delayed 5 second(s)

2023-11-23 14:44:00 - [MESSAGE][INFO] - Delaying browser in 5 second(s)

2023-11-23 14:44:05 - [MESSAGE][PASSED] - Delayed 5 second(s)

2023-11-23 14:44:05 - [TEST_STEP][PASSED] - click(findTestObject("Object Repository/Page_DemarcheRenouvellement/btn_EnregistrerEtPoursuivre")): Object: 'Object Repository/Page_DemarcheRenouvellement/btn_EnregistrerEtPoursuivre' is clicked on

2023-11-23 14:44:05 - [MESSAGE][INFO] - Finding Test Object 'Object Repository/Page_DemarcheRenouvellement/btn_EnregistrerEtPoursuivre'

2023-11-23 14:44:05 - [MESSAGE][INFO] - Checking timeout

2023-11-23 14:44:05 - [MESSAGE][INFO] - Finding web element with id: 'Object Repository/Page_DemarcheRenouvellement/btn_EnregistrerEtPoursuivre' located by 'By.xpath: //span[text()='Enregistrer et poursuivre >']' in '20' second(s)

2023-11-23 14:44:05 - [MESSAGE][INFO] - Smart Wait Function is triggered

2023-11-23 14:44:05 - [MESSAGE][INFO] - Found 1 web elements with id: 'Object Repository/Page_DemarcheRenouvellement/btn_EnregistrerEtPoursuivre' located by 'By.xpath: //span[text()='Enregistrer et poursuivre >']' in '20' second(s)

2023-11-23 14:44:05 - [MESSAGE][INFO] - Checking object

2023-11-23 14:44:05 - [MESSAGE][INFO] - Checking timeout

2023-11-23 14:44:05 - [MESSAGE][INFO] - Finding web element from Test Object's properties

2023-11-23 14:44:05 - [MESSAGE][INFO] - Checking timeout

2023-11-23 14:44:05 - [MESSAGE][INFO] - Finding web element with id: 'Object Repository/Page_DemarcheRenouvellement/btn_EnregistrerEtPoursuivre' located by 'By.xpath: //span[text()='Enregistrer et poursuivre >']' in '5' second(s)

2023-11-23 14:44:05 - [MESSAGE][INFO] - Smart Wait Function is triggered

2023-11-23 14:44:05 - [MESSAGE][INFO] - Found 1 web elements with id: 'Object Repository/Page_DemarcheRenouvellement/btn_EnregistrerEtPoursuivre' located by 'By.xpath: //span[text()='Enregistrer et poursuivre >']' in '5' second(s)

2023-11-23 14:44:05 - [MESSAGE][INFO] - Clicking on object: 'Object Repository/Page_DemarcheRenouvellement/btn_EnregistrerEtPoursuivre'

2023-11-23 14:44:07 - [MESSAGE][PASSED] - Object: 'Object Repository/Page_DemarcheRenouvellement/btn_EnregistrerEtPoursuivre' is clicked on

2023-11-23 14:44:07 - [TEST_STEP][FAILED] - waitForAngularLoad(10): Unable to wait for Angular to load. (Root cause: com.kms.katalon.core.exception.StepFailedException: Unable to wait for Angular to load.
	at com.kms.katalon.core.webui.keyword.internal.WebUIKeywordMain.stepFailed(WebUIKeywordMain.groovy:64)
	at com.kms.katalon.core.webui.keyword.internal.WebUIKeywordMain.runKeyword(WebUIKeywordMain.groovy:26)
	at com.kms.katalon.core.webui.keyword.internal.WebUIKeywordMain$runKeyword.call(Unknown Source)
	at com.kms.katalon.core.webui.keyword.builtin.WaitForAngularLoadKeyword.waitForAgularLoad(WaitForAngularLoadKeyword.groovy:50)
	at com.kms.katalon.core.webui.keyword.builtin.WaitForAngularLoadKeyword$waitForAgularLoad.callCurrent(Unknown Source)
	at com.kms.katalon.core.webui.keyword.builtin.WaitForAngularLoadKeyword.execute(WaitForAngularLoadKeyword.groovy:32)
	at com.kms.katalon.core.keyword.internal.KeywordExecutor.executeKeywordForPlatform(KeywordExecutor.groovy:74)
	at com.kms.katalon.core.webui.keyword.WebUiBuiltInKeywords.waitForAngularLoad(WebUiBuiltInKeywords.groovy:2471)
	at com.kazurayam.ksbackyard.HighlightElement$_pandemic_closure1.doCall(HighlightElement.groovy:105)
	at FormulaireJustificatifs.run(FormulaireJustificatifs:178)
	at com.kms.katalon.core.main.ScriptEngine.run(ScriptEngine.java:194)
	at com.kms.katalon.core.main.ScriptEngine.runScriptAsRawText(ScriptEngine.java:119)
	at com.kms.katalon.core.main.TestCaseExecutor.runScript(TestCaseExecutor.java:448)
	at com.kms.katalon.core.main.TestCaseExecutor.doExecute(TestCaseExecutor.java:439)
	at com.kms.katalon.core.main.TestCaseExecutor.processExecutionPhase(TestCaseExecutor.java:418)
	at com.kms.katalon.core.main.TestCaseExecutor.accessMainPhase(TestCaseExecutor.java:410)
	at com.kms.katalon.core.main.TestCaseExecutor.execute(TestCaseExecutor.java:285)
	at com.kms.katalon.core.main.TestCaseMain.runTestCase(TestCaseMain.java:144)
	at com.kms.katalon.core.keyword.builtin.CallTestCaseKeyword$_callTestCase_closure1.doCall(CallTestCaseKeyword.groovy:59)
	at com.kms.katalon.core.keyword.builtin.CallTestCaseKeyword$_callTestCase_closure1.call(CallTestCaseKeyword.groovy)
	at com.kms.katalon.core.keyword.internal.KeywordMain.runKeyword(KeywordMain.groovy:75)
	at com.kms.katalon.core.keyword.builtin.CallTestCaseKeyword.callTestCase(CallTestCaseKeyword.groovy:81)
	at com.kms.katalon.core.keyword.builtin.CallTestCaseKeyword.execute(CallTestCaseKeyword.groovy:44)
	at com.kms.katalon.core.keyword.internal.KeywordExecutor.executeKeywordForPlatform(KeywordExecutor.groovy:74)
	at com.kms.katalon.core.keyword.BuiltinKeywords.callTestCase(BuiltinKeywords.groovy:310)
	at com.kazurayam.ksbackyard.HighlightElement$_pandemic_closure1.doCall(HighlightElement.groovy:105)
	at TNR R.TSPT Supp90-Etudiant.run(TNR R.TSPT Supp90-Etudiant:62)
	at com.kms.katalon.core.main.ScriptEngine.run(ScriptEngine.java:194)
	at com.kms.katalon.core.main.ScriptEngine.runScriptAsRawText(ScriptEngine.java:119)
	at com.kms.katalon.core.main.TestCaseExecutor.runScript(TestCaseExecutor.java:448)
	at com.kms.katalon.core.main.TestCaseExecutor.doExecute(TestCaseExecutor.java:439)
	at com.kms.katalon.core.main.TestCaseExecutor.processExecutionPhase(TestCaseExecutor.java:418)
	at com.kms.katalon.core.main.TestCaseExecutor.accessMainPhase(TestCaseExecutor.java:410)
	at com.kms.katalon.core.main.TestCaseExecutor.execute(TestCaseExecutor.java:285)
	at com.kms.katalon.core.common.CommonExecutor.accessTestCaseMainPhase(CommonExecutor.java:65)
	at com.kms.katalon.core.main.TestSuiteExecutor.accessTestSuiteMainPhase(TestSuiteExecutor.java:148)
	at com.kms.katalon.core.main.TestSuiteExecutor.execute(TestSuiteExecutor.java:106)
	at com.kms.katalon.core.main.TestCaseMain.startTestSuite(TestCaseMain.java:187)
	at com.kms.katalon.core.main.TestCaseMain$startTestSuite$0.call(Unknown Source)
	at TempTestSuite1700746096123.run(TempTestSuite1700746096123.groovy:36)
Caused by: org.openqa.selenium.TimeoutException: Expected condition failed: waiting for com.kms.katalon.core.webui.keyword.builtin.WaitForAngularLoadKeyword$1@12997ff6 (tried for 10 second(s) with 500 milliseconds interval)
Build info: version: '3.141.59', revision: 'e82be7d358', time: '2018-11-14T08:25:53'
System info: host: 'FR-L5448059', ip: '192.168.1.134', os.name: 'Windows 10', os.arch: 'amd64', os.version: '10.0', java.version: '1.8.0_362'
Driver info: com.kms.katalon.core.webui.driver.SmartWaitWebDriver
Capabilities {acceptInsecureCerts: false, browserName: chrome, browserVersion: 119.0.6045.160, chrome: {chromedriverVersion: 119.0.6045.105 (38c72552c5e..., userDataDir: C:\Users\ISSAM~1.RHA\AppDat...}, fedcm:accounts: true, goog:chromeOptions: {debuggerAddress: localhost:62788}, javascriptEnabled: true, networkConnectionEnabled: false, pageLoadStrategy: normal, platform: WINDOWS, platformName: WINDOWS, proxy: Proxy(), setWindowRect: true, strictFileInteractability: false, timeouts: {implicit: 0, pageLoad: 300000, script: 30000}, unhandledPromptBehavior: dismiss and notify, webauthn:extension:credBlob: true, webauthn:extension:largeBlob: true, webauthn:extension:minPinLength: true, webauthn:extension:prf: true, webauthn:virtualAuthenticators: true}
Session ID: d606915402822c957940de13cd1eb348
	at org.openqa.selenium.support.ui.WebDriverWait.timeoutException(WebDriverWait.java:95)
	at org.openqa.selenium.support.ui.FluentWait.until(FluentWait.java:272)
	at org.openqa.selenium.support.ui.Wait$until.call(Unknown Source)
	at com.kms.katalon.core.webui.keyword.builtin.WaitForAngularLoadKeyword$_waitForAgularLoad_closure1.doCall(WaitForAngularLoadKeyword.groovy:106)
	at com.kms.katalon.core.webui.keyword.builtin.WaitForAngularLoadKeyword$_waitForAgularLoad_closure1.doCall(WaitForAngularLoadKeyword.groovy)
	at com.kms.katalon.core.webui.keyword.internal.WebUIKeywordMain.runKeyword(WebUIKeywordMain.groovy:20)
	at com.kms.katalon.core.webui.keyword.internal.WebUIKeywordMain$runKeyword.call(Unknown Source)
	at com.kms.katalon.core.webui.keyword.builtin.WaitForAngularLoadKeyword.waitForAgularLoad(WaitForAngularLoadKeyword.groovy:50)
	at com.kms.katalon.core.webui.keyword.builtin.WaitForAngularLoadKeyword$waitForAgularLoad.callCurrent(Unknown Source)
	at com.kms.katalon.core.webui.keyword.builtin.WaitForAngularLoadKeyword.execute(WaitForAngularLoadKeyword.groovy:32)
	at com.kms.katalon.core.keyword.internal.KeywordExecutor.executeKeywordForPlatform(KeywordExecutor.groovy:74)
	at com.kms.katalon.core.webui.keyword.WebUiBuiltInKeywords.waitForAngularLoad(WebUiBuiltInKeywords.groovy:2471)
	at com.kazurayam.ksbackyard.HighlightElement$_pandemic_closure1.doCall(HighlightElement.groovy:105)
	at Script1695813884754.run(Script1695813884754.groovy:178)
	at com.kms.katalon.core.main.ScriptEngine.run(ScriptEngine.java:194)
	at com.kms.katalon.core.main.ScriptEngine.runScriptAsRawText(ScriptEngine.java:119)
	at com.kms.katalon.core.main.TestCaseExecutor.runScript(TestCaseExecutor.java:448)
	at com.kms.katalon.core.main.TestCaseExecutor.doExecute(TestCaseExecutor.java:439)
	at com.kms.katalon.core.main.TestCaseExecutor.processExecutionPhase(TestCaseExecutor.java:418)
	at com.kms.katalon.core.main.TestCaseExecutor.accessMainPhase(TestCaseExecutor.java:410)
	at com.kms.katalon.core.main.TestCaseExecutor.execute(TestCaseExecutor.java:285)
	at com.kms.katalon.core.main.TestCaseMain.runTestCase(TestCaseMain.java:144)
	at com.kms.katalon.core.keyword.builtin.CallTestCaseKeyword$_callTestCase_closure1.doCall(CallTestCaseKeyword.groovy:59)
	at com.kms.katalon.core.keyword.builtin.CallTestCaseKeyword$_callTestCase_closure1.call(CallTestCaseKeyword.groovy)
	at com.kms.katalon.core.keyword.internal.KeywordMain.runKeyword(KeywordMain.groovy:75)
	at com.kms.katalon.core.keyword.builtin.CallTestCaseKeyword.callTestCase(CallTestCaseKeyword.groovy:81)
	at com.kms.katalon.core.keyword.builtin.CallTestCaseKeyword.execute(CallTestCaseKeyword.groovy:44)
	at com.kms.katalon.core.keyword.internal.KeywordExecutor.executeKeywordForPlatform(KeywordExecutor.groovy:74)
	at com.kms.katalon.core.keyword.BuiltinKeywords.callTestCase(BuiltinKeywords.groovy:310)
	at com.kazurayam.ksbackyard.HighlightElement$_pandemic_closure1.doCall(HighlightElement.groovy:105)
	at Script1697546404945.run(Script1697546404945.groovy:62)
	... 13 more
)

2023-11-23 14:44:07 - [MESSAGE][INFO] - Checking timeout

2023-11-23 14:44:17 - [MESSAGE][FAILED] - Unable to wait for Angular to load. (Root cause: com.kms.katalon.core.exception.StepFailedException: Unable to wait for Angular to load.
	at com.kms.katalon.core.webui.keyword.internal.WebUIKeywordMain.stepFailed(WebUIKeywordMain.groovy:64)
	at com.kms.katalon.core.webui.keyword.internal.WebUIKeywordMain.runKeyword(WebUIKeywordMain.groovy:26)
	at com.kms.katalon.core.webui.keyword.internal.WebUIKeywordMain$runKeyword.call(Unknown Source)
	at com.kms.katalon.core.webui.keyword.builtin.WaitForAngularLoadKeyword.waitForAgularLoad(WaitForAngularLoadKeyword.groovy:50)
	at com.kms.katalon.core.webui.keyword.builtin.WaitForAngularLoadKeyword$waitForAgularLoad.callCurrent(Unknown Source)
	at com.kms.katalon.core.webui.keyword.builtin.WaitForAngularLoadKeyword.execute(WaitForAngularLoadKeyword.groovy:32)
	at com.kms.katalon.core.keyword.internal.KeywordExecutor.executeKeywordForPlatform(KeywordExecutor.groovy:74)
	at com.kms.katalon.core.webui.keyword.WebUiBuiltInKeywords.waitForAngularLoad(WebUiBuiltInKeywords.groovy:2471)
	at com.kazurayam.ksbackyard.HighlightElement$_pandemic_closure1.doCall(HighlightElement.groovy:105)
	at FormulaireJustificatifs.run(FormulaireJustificatifs:178)
	at com.kms.katalon.core.main.ScriptEngine.run(ScriptEngine.java:194)
	at com.kms.katalon.core.main.ScriptEngine.runScriptAsRawText(ScriptEngine.java:119)
	at com.kms.katalon.core.main.TestCaseExecutor.runScript(TestCaseExecutor.java:448)
	at com.kms.katalon.core.main.TestCaseExecutor.doExecute(TestCaseExecutor.java:439)
	at com.kms.katalon.core.main.TestCaseExecutor.processExecutionPhase(TestCaseExecutor.java:418)
	at com.kms.katalon.core.main.TestCaseExecutor.accessMainPhase(TestCaseExecutor.java:410)
	at com.kms.katalon.core.main.TestCaseExecutor.execute(TestCaseExecutor.java:285)
	at com.kms.katalon.core.main.TestCaseMain.runTestCase(TestCaseMain.java:144)
	at com.kms.katalon.core.keyword.builtin.CallTestCaseKeyword$_callTestCase_closure1.doCall(CallTestCaseKeyword.groovy:59)
	at com.kms.katalon.core.keyword.builtin.CallTestCaseKeyword$_callTestCase_closure1.call(CallTestCaseKeyword.groovy)
	at com.kms.katalon.core.keyword.internal.KeywordMain.runKeyword(KeywordMain.groovy:75)
	at com.kms.katalon.core.keyword.builtin.CallTestCaseKeyword.callTestCase(CallTestCaseKeyword.groovy:81)
	at com.kms.katalon.core.keyword.builtin.CallTestCaseKeyword.execute(CallTestCaseKeyword.groovy:44)
	at com.kms.katalon.core.keyword.internal.KeywordExecutor.executeKeywordForPlatform(KeywordExecutor.groovy:74)
	at com.kms.katalon.core.keyword.BuiltinKeywords.callTestCase(BuiltinKeywords.groovy:310)
	at com.kazurayam.ksbackyard.HighlightElement$_pandemic_closure1.doCall(HighlightElement.groovy:105)
	at TNR R.TSPT Supp90-Etudiant.run(TNR R.TSPT Supp90-Etudiant:62)
	at com.kms.katalon.core.main.ScriptEngine.run(ScriptEngine.java:194)
	at com.kms.katalon.core.main.ScriptEngine.runScriptAsRawText(ScriptEngine.java:119)
	at com.kms.katalon.core.main.TestCaseExecutor.runScript(TestCaseExecutor.java:448)
	at com.kms.katalon.core.main.TestCaseExecutor.doExecute(TestCaseExecutor.java:439)
	at com.kms.katalon.core.main.TestCaseExecutor.processExecutionPhase(TestCaseExecutor.java:418)
	at com.kms.katalon.core.main.TestCaseExecutor.accessMainPhase(TestCaseExecutor.java:410)
	at com.kms.katalon.core.main.TestCaseExecutor.execute(TestCaseExecutor.java:285)
	at com.kms.katalon.core.common.CommonExecutor.accessTestCaseMainPhase(CommonExecutor.java:65)
	at com.kms.katalon.core.main.TestSuiteExecutor.accessTestSuiteMainPhase(TestSuiteExecutor.java:148)
	at com.kms.katalon.core.main.TestSuiteExecutor.execute(TestSuiteExecutor.java:106)
	at com.kms.katalon.core.main.TestCaseMain.startTestSuite(TestCaseMain.java:187)
	at com.kms.katalon.core.main.TestCaseMain$startTestSuite$0.call(Unknown Source)
	at TempTestSuite1700746096123.run(TempTestSuite1700746096123.groovy:36)
Caused by: org.openqa.selenium.TimeoutException: Expected condition failed: waiting for com.kms.katalon.core.webui.keyword.builtin.WaitForAngularLoadKeyword$1@12997ff6 (tried for 10 second(s) with 500 milliseconds interval)
Build info: version: '3.141.59', revision: 'e82be7d358', time: '2018-11-14T08:25:53'
System info: host: 'FR-L5448059', ip: '192.168.1.134', os.name: 'Windows 10', os.arch: 'amd64', os.version: '10.0', java.version: '1.8.0_362'
Driver info: com.kms.katalon.core.webui.driver.SmartWaitWebDriver
Capabilities {acceptInsecureCerts: false, browserName: chrome, browserVersion: 119.0.6045.160, chrome: {chromedriverVersion: 119.0.6045.105 (38c72552c5e..., userDataDir: C:\Users\ISSAM~1.RHA\AppDat...}, fedcm:accounts: true, goog:chromeOptions: {debuggerAddress: localhost:62788}, javascriptEnabled: true, networkConnectionEnabled: false, pageLoadStrategy: normal, platform: WINDOWS, platformName: WINDOWS, proxy: Proxy(), setWindowRect: true, strictFileInteractability: false, timeouts: {implicit: 0, pageLoad: 300000, script: 30000}, unhandledPromptBehavior: dismiss and notify, webauthn:extension:credBlob: true, webauthn:extension:largeBlob: true, webauthn:extension:minPinLength: true, webauthn:extension:prf: true, webauthn:virtualAuthenticators: true}
Session ID: d606915402822c957940de13cd1eb348
	at org.openqa.selenium.support.ui.WebDriverWait.timeoutException(WebDriverWait.java:95)
	at org.openqa.selenium.support.ui.FluentWait.until(FluentWait.java:272)
	at org.openqa.selenium.support.ui.Wait$until.call(Unknown Source)
	at com.kms.katalon.core.webui.keyword.builtin.WaitForAngularLoadKeyword$_waitForAgularLoad_closure1.doCall(WaitForAngularLoadKeyword.groovy:106)
	at com.kms.katalon.core.webui.keyword.builtin.WaitForAngularLoadKeyword$_waitForAgularLoad_closure1.doCall(WaitForAngularLoadKeyword.groovy)
	at com.kms.katalon.core.webui.keyword.internal.WebUIKeywordMain.runKeyword(WebUIKeywordMain.groovy:20)
	at com.kms.katalon.core.webui.keyword.internal.WebUIKeywordMain$runKeyword.call(Unknown Source)
	at com.kms.katalon.core.webui.keyword.builtin.WaitForAngularLoadKeyword.waitForAgularLoad(WaitForAngularLoadKeyword.groovy:50)
	at com.kms.katalon.core.webui.keyword.builtin.WaitForAngularLoadKeyword$waitForAgularLoad.callCurrent(Unknown Source)
	at com.kms.katalon.core.webui.keyword.builtin.WaitForAngularLoadKeyword.execute(WaitForAngularLoadKeyword.groovy:32)
	at com.kms.katalon.core.keyword.internal.KeywordExecutor.executeKeywordForPlatform(KeywordExecutor.groovy:74)
	at com.kms.katalon.core.webui.keyword.WebUiBuiltInKeywords.waitForAngularLoad(WebUiBuiltInKeywords.groovy:2471)
	at com.kazurayam.ksbackyard.HighlightElement$_pandemic_closure1.doCall(HighlightElement.groovy:105)
	at Script1695813884754.run(Script1695813884754.groovy:178)
	at com.kms.katalon.core.main.ScriptEngine.run(ScriptEngine.java:194)
	at com.kms.katalon.core.main.ScriptEngine.runScriptAsRawText(ScriptEngine.java:119)
	at com.kms.katalon.core.main.TestCaseExecutor.runScript(TestCaseExecutor.java:448)
	at com.kms.katalon.core.main.TestCaseExecutor.doExecute(TestCaseExecutor.java:439)
	at com.kms.katalon.core.main.TestCaseExecutor.processExecutionPhase(TestCaseExecutor.java:418)
	at com.kms.katalon.core.main.TestCaseExecutor.accessMainPhase(TestCaseExecutor.java:410)
	at com.kms.katalon.core.main.TestCaseExecutor.execute(TestCaseExecutor.java:285)
	at com.kms.katalon.core.main.TestCaseMain.runTestCase(TestCaseMain.java:144)
	at com.kms.katalon.core.keyword.builtin.CallTestCaseKeyword$_callTestCase_closure1.doCall(CallTestCaseKeyword.groovy:59)
	at com.kms.katalon.core.keyword.builtin.CallTestCaseKeyword$_callTestCase_closure1.call(CallTestCaseKeyword.groovy)
	at com.kms.katalon.core.keyword.internal.KeywordMain.runKeyword(KeywordMain.groovy:75)
	at com.kms.katalon.core.keyword.builtin.CallTestCaseKeyword.callTestCase(CallTestCaseKeyword.groovy:81)
	at com.kms.katalon.core.keyword.builtin.CallTestCaseKeyword.execute(CallTestCaseKeyword.groovy:44)
	at com.kms.katalon.core.keyword.internal.KeywordExecutor.executeKeywordForPlatform(KeywordExecutor.groovy:74)
	at com.kms.katalon.core.keyword.BuiltinKeywords.callTestCase(BuiltinKeywords.groovy:310)
	at com.kazurayam.ksbackyard.HighlightElement$_pandemic_closure1.doCall(HighlightElement.groovy:105)
	at Script1697546404945.run(Script1697546404945.groovy:62)
	... 13 more
)
[[ATTACHMENT|C:\\Users\\ISSAM.RHARBAOUI\\git\\22_11\\ANEF-AutomatizationProject\\Reports\\20231123_142816\\TS_TNR_R.TSPT_Suppo90\\20231123_142816\\1700747057613.png]]

2023-11-23 14:44:17 - [MESSAGE][FAILED] - Unable to call Test Case 'Test Cases/Test Reutilisable/DemandeOuRenouvelle_TitreSejour/FormulaireJustificatifs' (Root cause: com.kms.katalon.core.exception.StepFailedException: Call Test Case 'Test Cases/Test Reutilisable/DemandeOuRenouvelle_TitreSejour/FormulaireJustificatifs' failed
	at com.kms.katalon.core.keyword.builtin.CallTestCaseKeyword$_callTestCase_closure1.doCall(CallTestCaseKeyword.groovy:63)
	at com.kms.katalon.core.keyword.builtin.CallTestCaseKeyword$_callTestCase_closure1.call(CallTestCaseKeyword.groovy)
	at com.kms.katalon.core.keyword.internal.KeywordMain.runKeyword(KeywordMain.groovy:75)
	at com.kms.katalon.core.keyword.builtin.CallTestCaseKeyword.callTestCase(CallTestCaseKeyword.groovy:81)
	at com.kms.katalon.core.keyword.builtin.CallTestCaseKeyword.execute(CallTestCaseKeyword.groovy:44)
	at com.kms.katalon.core.keyword.internal.KeywordExecutor.executeKeywordForPlatform(KeywordExecutor.groovy:74)
	at com.kms.katalon.core.keyword.BuiltinKeywords.callTestCase(BuiltinKeywords.groovy:310)
	at com.kazurayam.ksbackyard.HighlightElement$_pandemic_closure1.doCall(HighlightElement.groovy:105)
	at TNR R.TSPT Supp90-Etudiant.run(TNR R.TSPT Supp90-Etudiant:62)
	at com.kms.katalon.core.main.ScriptEngine.run(ScriptEngine.java:194)
	at com.kms.katalon.core.main.ScriptEngine.runScriptAsRawText(ScriptEngine.java:119)
	at com.kms.katalon.core.main.TestCaseExecutor.runScript(TestCaseExecutor.java:448)
	at com.kms.katalon.core.main.TestCaseExecutor.doExecute(TestCaseExecutor.java:439)
	at com.kms.katalon.core.main.TestCaseExecutor.processExecutionPhase(TestCaseExecutor.java:418)
	at com.kms.katalon.core.main.TestCaseExecutor.accessMainPhase(TestCaseExecutor.java:410)
	at com.kms.katalon.core.main.TestCaseExecutor.execute(TestCaseExecutor.java:285)
	at com.kms.katalon.core.common.CommonExecutor.accessTestCaseMainPhase(CommonExecutor.java:65)
	at com.kms.katalon.core.main.TestSuiteExecutor.accessTestSuiteMainPhase(TestSuiteExecutor.java:148)
	at com.kms.katalon.core.main.TestSuiteExecutor.execute(TestSuiteExecutor.java:106)
	at com.kms.katalon.core.main.TestCaseMain.startTestSuite(TestCaseMain.java:187)
	at com.kms.katalon.core.main.TestCaseMain$startTestSuite$0.call(Unknown Source)
	at TempTestSuite1700746096123.run(TempTestSuite1700746096123.groovy:36)
Caused by: com.kms.katalon.core.exception.StepFailedException: Unable to wait for Angular to load.
	at com.kms.katalon.core.webui.keyword.internal.WebUIKeywordMain.stepFailed(WebUIKeywordMain.groovy:64)
	at com.kms.katalon.core.webui.keyword.internal.WebUIKeywordMain.runKeyword(WebUIKeywordMain.groovy:26)
	at com.kms.katalon.core.webui.keyword.internal.WebUIKeywordMain$runKeyword.call(Unknown Source)
	at com.kms.katalon.core.webui.keyword.builtin.WaitForAngularLoadKeyword.waitForAgularLoad(WaitForAngularLoadKeyword.groovy:50)
	at com.kms.katalon.core.webui.keyword.builtin.WaitForAngularLoadKeyword$waitForAgularLoad.callCurrent(Unknown Source)
	at com.kms.katalon.core.webui.keyword.builtin.WaitForAngularLoadKeyword.execute(WaitForAngularLoadKeyword.groovy:32)
	at com.kms.katalon.core.keyword.internal.KeywordExecutor.executeKeywordForPlatform(KeywordExecutor.groovy:74)
	at com.kms.katalon.core.webui.keyword.WebUiBuiltInKeywords.waitForAngularLoad(WebUiBuiltInKeywords.groovy:2471)
	at com.kazurayam.ksbackyard.HighlightElement$_pandemic_closure1.doCall(HighlightElement.groovy:105)
	at FormulaireJustificatifs.run(FormulaireJustificatifs:178)
	at com.kms.katalon.core.main.ScriptEngine.run(ScriptEngine.java:194)
	at com.kms.katalon.core.main.ScriptEngine.runScriptAsRawText(ScriptEngine.java:119)
	at com.kms.katalon.core.main.TestCaseExecutor.runScript(TestCaseExecutor.java:448)
	at com.kms.katalon.core.main.TestCaseExecutor.doExecute(TestCaseExecutor.java:439)
	at com.kms.katalon.core.main.TestCaseExecutor.processExecutionPhase(TestCaseExecutor.java:418)
	at com.kms.katalon.core.main.TestCaseExecutor.accessMainPhase(TestCaseExecutor.java:410)
	at com.kms.katalon.core.main.TestCaseExecutor.execute(TestCaseExecutor.java:285)
	at com.kms.katalon.core.main.TestCaseMain.runTestCase(TestCaseMain.java:144)
	at com.kms.katalon.core.keyword.builtin.CallTestCaseKeyword$_callTestCase_closure1.doCall(CallTestCaseKeyword.groovy:59)
	... 21 more
Caused by: org.openqa.selenium.TimeoutException: Expected condition failed: waiting for com.kms.katalon.core.webui.keyword.builtin.WaitForAngularLoadKeyword$1@12997ff6 (tried for 10 second(s) with 500 milliseconds interval)
Build info: version: '3.141.59', revision: 'e82be7d358', time: '2018-11-14T08:25:53'
System info: host: 'FR-L5448059', ip: '192.168.1.134', os.name: 'Windows 10', os.arch: 'amd64', os.version: '10.0', java.version: '1.8.0_362'
Driver info: com.kms.katalon.core.webui.driver.SmartWaitWebDriver
Capabilities {acceptInsecureCerts: false, browserName: chrome, browserVersion: 119.0.6045.160, chrome: {chromedriverVersion: 119.0.6045.105 (38c72552c5e..., userDataDir: C:\Users\ISSAM~1.RHA\AppDat...}, fedcm:accounts: true, goog:chromeOptions: {debuggerAddress: localhost:62788}, javascriptEnabled: true, networkConnectionEnabled: false, pageLoadStrategy: normal, platform: WINDOWS, platformName: WINDOWS, proxy: Proxy(), setWindowRect: true, strictFileInteractability: false, timeouts: {implicit: 0, pageLoad: 300000, script: 30000}, unhandledPromptBehavior: dismiss and notify, webauthn:extension:credBlob: true, webauthn:extension:largeBlob: true, webauthn:extension:minPinLength: true, webauthn:extension:prf: true, webauthn:virtualAuthenticators: true}
Session ID: d606915402822c957940de13cd1eb348
	at org.openqa.selenium.support.ui.WebDriverWait.timeoutException(WebDriverWait.java:95)
	at org.openqa.selenium.support.ui.FluentWait.until(FluentWait.java:272)
	at org.openqa.selenium.support.ui.Wait$until.call(Unknown Source)
	at com.kms.katalon.core.webui.keyword.builtin.WaitForAngularLoadKeyword$_waitForAgularLoad_closure1.doCall(WaitForAngularLoadKeyword.groovy:106)
	at com.kms.katalon.core.webui.keyword.builtin.WaitForAngularLoadKeyword$_waitForAgularLoad_closure1.doCall(WaitForAngularLoadKeyword.groovy)
	at com.kms.katalon.core.webui.keyword.internal.WebUIKeywordMain.runKeyword(WebUIKeywordMain.groovy:20)
	... 38 more
)

2023-11-23 14:44:21 - [TEST_STEP][PASSED] - Video: Video recording for test case 'Test Cases/Cas D Utilisations/Usager Etudiant/TNR R.TSPT Supp90-Etudiant' .

2023-11-23 14:44:21 - [MESSAGE][INFO] - Video recording for test case 'Test Cases/Cas D Utilisations/Usager Etudiant/TNR R.TSPT Supp90-Etudiant' .]]></system-out>
         <system-err><![CDATA[2023-11-23 14:37:50 - [TEST_CASE][FAILED] - Test Cases/Cas D Utilisations/Usager Etudiant/TNR R.TSPT Supp90-Etudiant: Test Cases/Cas D Utilisations/Usager Etudiant/TNR R.TSPT Supp90-Etudiant FAILED.
Reason:
com.kms.katalon.core.exception.StepFailedException: Call Test Case 'Test Cases/Test Reutilisable/DemandeOuRenouvelle_TitreSejour/FormulaireJustificatifs' failed
	at com.kms.katalon.core.keyword.builtin.CallTestCaseKeyword$_callTestCase_closure1.doCall(CallTestCaseKeyword.groovy:63)
	at com.kms.katalon.core.keyword.builtin.CallTestCaseKeyword$_callTestCase_closure1.call(CallTestCaseKeyword.groovy)
	at com.kms.katalon.core.keyword.internal.KeywordMain.runKeyword(KeywordMain.groovy:75)
	at com.kms.katalon.core.keyword.builtin.CallTestCaseKeyword.callTestCase(CallTestCaseKeyword.groovy:81)
	at com.kms.katalon.core.keyword.builtin.CallTestCaseKeyword.execute(CallTestCaseKeyword.groovy:44)
	at com.kms.katalon.core.keyword.internal.KeywordExecutor.executeKeywordForPlatform(KeywordExecutor.groovy:74)
	at com.kms.katalon.core.keyword.BuiltinKeywords.callTestCase(BuiltinKeywords.groovy:310)
	at com.kazurayam.ksbackyard.HighlightElement$_pandemic_closure1.doCall(HighlightElement.groovy:105)
	at TNR R.TSPT Supp90-Etudiant.run(TNR R.TSPT Supp90-Etudiant:62)
	at com.kms.katalon.core.main.ScriptEngine.run(ScriptEngine.java:194)
	at com.kms.katalon.core.main.ScriptEngine.runScriptAsRawText(ScriptEngine.java:119)
	at com.kms.katalon.core.main.TestCaseExecutor.runScript(TestCaseExecutor.java:448)
	at com.kms.katalon.core.main.TestCaseExecutor.doExecute(TestCaseExecutor.java:439)
	at com.kms.katalon.core.main.TestCaseExecutor.processExecutionPhase(TestCaseExecutor.java:418)
	at com.kms.katalon.core.main.TestCaseExecutor.accessMainPhase(TestCaseExecutor.java:410)
	at com.kms.katalon.core.main.TestCaseExecutor.execute(TestCaseExecutor.java:285)
	at com.kms.katalon.core.common.CommonExecutor.accessTestCaseMainPhase(CommonExecutor.java:65)
	at com.kms.katalon.core.main.TestSuiteExecutor.accessTestSuiteMainPhase(TestSuiteExecutor.java:148)
	at com.kms.katalon.core.main.TestSuiteExecutor.execute(TestSuiteExecutor.java:106)
	at com.kms.katalon.core.main.TestCaseMain.startTestSuite(TestCaseMain.java:187)
	at com.kms.katalon.core.main.TestCaseMain$startTestSuite$0.call(Unknown Source)
	at TempTestSuite1700746096123.run(TempTestSuite1700746096123.groovy:36)
Caused by: com.kms.katalon.core.exception.StepFailedException: Unable to wait for Angular to load.
	at com.kms.katalon.core.webui.keyword.internal.WebUIKeywordMain.stepFailed(WebUIKeywordMain.groovy:64)
	at com.kms.katalon.core.webui.keyword.internal.WebUIKeywordMain.runKeyword(WebUIKeywordMain.groovy:26)
	at com.kms.katalon.core.webui.keyword.internal.WebUIKeywordMain$runKeyword.call(Unknown Source)
	at com.kms.katalon.core.webui.keyword.builtin.WaitForAngularLoadKeyword.waitForAgularLoad(WaitForAngularLoadKeyword.groovy:50)
	at com.kms.katalon.core.webui.keyword.builtin.WaitForAngularLoadKeyword$waitForAgularLoad.callCurrent(Unknown Source)
	at com.kms.katalon.core.webui.keyword.builtin.WaitForAngularLoadKeyword.execute(WaitForAngularLoadKeyword.groovy:32)
	at com.kms.katalon.core.keyword.internal.KeywordExecutor.executeKeywordForPlatform(KeywordExecutor.groovy:74)
	at com.kms.katalon.core.webui.keyword.WebUiBuiltInKeywords.waitForAngularLoad(WebUiBuiltInKeywords.groovy:2471)
	at com.kazurayam.ksbackyard.HighlightElement$_pandemic_closure1.doCall(HighlightElement.groovy:105)
	at FormulaireJustificatifs.run(FormulaireJustificatifs:178)
	at com.kms.katalon.core.main.ScriptEngine.run(ScriptEngine.java:194)
	at com.kms.katalon.core.main.ScriptEngine.runScriptAsRawText(ScriptEngine.java:119)
	at com.kms.katalon.core.main.TestCaseExecutor.runScript(TestCaseExecutor.java:448)
	at com.kms.katalon.core.main.TestCaseExecutor.doExecute(TestCaseExecutor.java:439)
	at com.kms.katalon.core.main.TestCaseExecutor.processExecutionPhase(TestCaseExecutor.java:418)
	at com.kms.katalon.core.main.TestCaseExecutor.accessMainPhase(TestCaseExecutor.java:410)
	at com.kms.katalon.core.main.TestCaseExecutor.execute(TestCaseExecutor.java:285)
	at com.kms.katalon.core.main.TestCaseMain.runTestCase(TestCaseMain.java:144)
	at com.kms.katalon.core.keyword.builtin.CallTestCaseKeyword$_callTestCase_closure1.doCall(CallTestCaseKeyword.groovy:59)
	... 21 more
Caused by: org.openqa.selenium.TimeoutException: Expected condition failed: waiting for com.kms.katalon.core.webui.keyword.builtin.WaitForAngularLoadKeyword$1@12997ff6 (tried for 10 second(s) with 500 milliseconds interval)
Build info: version: '3.141.59', revision: 'e82be7d358', time: '2018-11-14T08:25:53'
System info: host: 'FR-L5448059', ip: '192.168.1.134', os.name: 'Windows 10', os.arch: 'amd64', os.version: '10.0', java.version: '1.8.0_362'
Driver info: com.kms.katalon.core.webui.driver.SmartWaitWebDriver
Capabilities {acceptInsecureCerts: false, browserName: chrome, browserVersion: 119.0.6045.160, chrome: {chromedriverVersion: 119.0.6045.105 (38c72552c5e..., userDataDir: C:\Users\ISSAM~1.RHA\AppDat...}, fedcm:accounts: true, goog:chromeOptions: {debuggerAddress: localhost:62788}, javascriptEnabled: true, networkConnectionEnabled: false, pageLoadStrategy: normal, platform: WINDOWS, platformName: WINDOWS, proxy: Proxy(), setWindowRect: true, strictFileInteractability: false, timeouts: {implicit: 0, pageLoad: 300000, script: 30000}, unhandledPromptBehavior: dismiss and notify, webauthn:extension:credBlob: true, webauthn:extension:largeBlob: true, webauthn:extension:minPinLength: true, webauthn:extension:prf: true, webauthn:virtualAuthenticators: true}
Session ID: d606915402822c957940de13cd1eb348
	at org.openqa.selenium.support.ui.WebDriverWait.timeoutException(WebDriverWait.java:95)
	at org.openqa.selenium.support.ui.FluentWait.until(FluentWait.java:272)
	at org.openqa.selenium.support.ui.Wait$until.call(Unknown Source)
	at com.kms.katalon.core.webui.keyword.builtin.WaitForAngularLoadKeyword$_waitForAgularLoad_closure1.doCall(WaitForAngularLoadKeyword.groovy:106)
	at com.kms.katalon.core.webui.keyword.builtin.WaitForAngularLoadKeyword$_waitForAgularLoad_closure1.doCall(WaitForAngularLoadKeyword.groovy)
	at com.kms.katalon.core.webui.keyword.internal.WebUIKeywordMain.runKeyword(WebUIKeywordMain.groovy:20)
	... 38 more]]></system-err>
      </testcase>
      <system-out><![CDATA[2023-11-23 14:28:20 - [TEST_SUITE][FAILED] - TS_TNR_R.TSPT_Suppo90: Test Cases/Cas D Utilisations/Usager Etudiant/TNR R.TSPT Supp90-Etudiant FAILED.
Reason:
com.kms.katalon.core.exception.StepFailedException: Call Test Case 'Test Cases/Test Reutilisable/DemandeOuRenouvelle_TitreSejour/FormulaireJustificatifs' failed
	at com.kms.katalon.core.keyword.builtin.CallTestCaseKeyword$_callTestCase_closure1.doCall(CallTestCaseKeyword.groovy:63)
	at com.kms.katalon.core.keyword.builtin.CallTestCaseKeyword$_callTestCase_closure1.call(CallTestCaseKeyword.groovy)
	at com.kms.katalon.core.keyword.internal.KeywordMain.runKeyword(KeywordMain.groovy:75)
	at com.kms.katalon.core.keyword.builtin.CallTestCaseKeyword.callTestCase(CallTestCaseKeyword.groovy:81)
	at com.kms.katalon.core.keyword.builtin.CallTestCaseKeyword.execute(CallTestCaseKeyword.groovy:44)
	at com.kms.katalon.core.keyword.internal.KeywordExecutor.executeKeywordForPlatform(KeywordExecutor.groovy:74)
	at com.kms.katalon.core.keyword.BuiltinKeywords.callTestCase(BuiltinKeywords.groovy:310)
	at com.kazurayam.ksbackyard.HighlightElement$_pandemic_closure1.doCall(HighlightElement.groovy:105)
	at TNR R.TSPT Supp90-Etudiant.run(TNR R.TSPT Supp90-Etudiant:62)
	at com.kms.katalon.core.main.ScriptEngine.run(ScriptEngine.java:194)
	at com.kms.katalon.core.main.ScriptEngine.runScriptAsRawText(ScriptEngine.java:119)
	at com.kms.katalon.core.main.TestCaseExecutor.runScript(TestCaseExecutor.java:448)
	at com.kms.katalon.core.main.TestCaseExecutor.doExecute(TestCaseExecutor.java:439)
	at com.kms.katalon.core.main.TestCaseExecutor.processExecutionPhase(TestCaseExecutor.java:418)
	at com.kms.katalon.core.main.TestCaseExecutor.accessMainPhase(TestCaseExecutor.java:410)
	at com.kms.katalon.core.main.TestCaseExecutor.execute(TestCaseExecutor.java:285)
	at com.kms.katalon.core.common.CommonExecutor.accessTestCaseMainPhase(CommonExecutor.java:65)
	at com.kms.katalon.core.main.TestSuiteExecutor.accessTestSuiteMainPhase(TestSuiteExecutor.java:148)
	at com.kms.katalon.core.main.TestSuiteExecutor.execute(TestSuiteExecutor.java:106)
	at com.kms.katalon.core.main.TestCaseMain.startTestSuite(TestCaseMain.java:187)
	at com.kms.katalon.core.main.TestCaseMain$startTestSuite$0.call(Unknown Source)
	at TempTestSuite1700746096123.run(TempTestSuite1700746096123.groovy:36)
Caused by: com.kms.katalon.core.exception.StepFailedException: Unable to wait for Angular to load.
	at com.kms.katalon.core.webui.keyword.internal.WebUIKeywordMain.stepFailed(WebUIKeywordMain.groovy:64)
	at com.kms.katalon.core.webui.keyword.internal.WebUIKeywordMain.runKeyword(WebUIKeywordMain.groovy:26)
	at com.kms.katalon.core.webui.keyword.internal.WebUIKeywordMain$runKeyword.call(Unknown Source)
	at com.kms.katalon.core.webui.keyword.builtin.WaitForAngularLoadKeyword.waitForAgularLoad(WaitForAngularLoadKeyword.groovy:50)
	at com.kms.katalon.core.webui.keyword.builtin.WaitForAngularLoadKeyword$waitForAgularLoad.callCurrent(Unknown Source)
	at com.kms.katalon.core.webui.keyword.builtin.WaitForAngularLoadKeyword.execute(WaitForAngularLoadKeyword.groovy:32)
	at com.kms.katalon.core.keyword.internal.KeywordExecutor.executeKeywordForPlatform(KeywordExecutor.groovy:74)
	at com.kms.katalon.core.webui.keyword.WebUiBuiltInKeywords.waitForAngularLoad(WebUiBuiltInKeywords.groovy:2471)
	at com.kazurayam.ksbackyard.HighlightElement$_pandemic_closure1.doCall(HighlightElement.groovy:105)
	at FormulaireJustificatifs.run(FormulaireJustificatifs:178)
	at com.kms.katalon.core.main.ScriptEngine.run(ScriptEngine.java:194)
	at com.kms.katalon.core.main.ScriptEngine.runScriptAsRawText(ScriptEngine.java:119)
	at com.kms.katalon.core.main.TestCaseExecutor.runScript(TestCaseExecutor.java:448)
	at com.kms.katalon.core.main.TestCaseExecutor.doExecute(TestCaseExecutor.java:439)
	at com.kms.katalon.core.main.TestCaseExecutor.processExecutionPhase(TestCaseExecutor.java:418)
	at com.kms.katalon.core.main.TestCaseExecutor.accessMainPhase(TestCaseExecutor.java:410)
	at com.kms.katalon.core.main.TestCaseExecutor.execute(TestCaseExecutor.java:285)
	at com.kms.katalon.core.main.TestCaseMain.runTestCase(TestCaseMain.java:144)
	at com.kms.katalon.core.keyword.builtin.CallTestCaseKeyword$_callTestCase_closure1.doCall(CallTestCaseKeyword.groovy:59)
	... 21 more
Caused by: org.openqa.selenium.TimeoutException: Expected condition failed: waiting for com.kms.katalon.core.webui.keyword.builtin.WaitForAngularLoadKeyword$1@12997ff6 (tried for 10 second(s) with 500 milliseconds interval)
Build info: version: '3.141.59', revision: 'e82be7d358', time: '2018-11-14T08:25:53'
System info: host: 'FR-L5448059', ip: '192.168.1.134', os.name: 'Windows 10', os.arch: 'amd64', os.version: '10.0', java.version: '1.8.0_362'
Driver info: com.kms.katalon.core.webui.driver.SmartWaitWebDriver
Capabilities {acceptInsecureCerts: false, browserName: chrome, browserVersion: 119.0.6045.160, chrome: {chromedriverVersion: 119.0.6045.105 (38c72552c5e..., userDataDir: C:\Users\ISSAM~1.RHA\AppDat...}, fedcm:accounts: true, goog:chromeOptions: {debuggerAddress: localhost:62788}, javascriptEnabled: true, networkConnectionEnabled: false, pageLoadStrategy: normal, platform: WINDOWS, platformName: WINDOWS, proxy: Proxy(), setWindowRect: true, strictFileInteractability: false, timeouts: {implicit: 0, pageLoad: 300000, script: 30000}, unhandledPromptBehavior: dismiss and notify, webauthn:extension:credBlob: true, webauthn:extension:largeBlob: true, webauthn:extension:minPinLength: true, webauthn:extension:prf: true, webauthn:virtualAuthenticators: true}
Session ID: d606915402822c957940de13cd1eb348
	at org.openqa.selenium.support.ui.WebDriverWait.timeoutException(WebDriverWait.java:95)
	at org.openqa.selenium.support.ui.FluentWait.until(FluentWait.java:272)
	at org.openqa.selenium.support.ui.Wait$until.call(Unknown Source)
	at com.kms.katalon.core.webui.keyword.builtin.WaitForAngularLoadKeyword$_waitForAgularLoad_closure1.doCall(WaitForAngularLoadKeyword.groovy:106)
	at com.kms.katalon.core.webui.keyword.builtin.WaitForAngularLoadKeyword$_waitForAgularLoad_closure1.doCall(WaitForAngularLoadKeyword.groovy)
	at com.kms.katalon.core.webui.keyword.internal.WebUIKeywordMain.runKeyword(WebUIKeywordMain.groovy:20)
	... 38 more]]></system-out>
      <system-err><![CDATA[2023-11-23 14:28:20 - [TEST_SUITE][FAILED] - TS_TNR_R.TSPT_Suppo90: Test Cases/Cas D Utilisations/Usager Etudiant/TNR R.TSPT Supp90-Etudiant FAILED.
Reason:
com.kms.katalon.core.exception.StepFailedException: Call Test Case 'Test Cases/Test Reutilisable/DemandeOuRenouvelle_TitreSejour/FormulaireJustificatifs' failed
	at com.kms.katalon.core.keyword.builtin.CallTestCaseKeyword$_callTestCase_closure1.doCall(CallTestCaseKeyword.groovy:63)
	at com.kms.katalon.core.keyword.builtin.CallTestCaseKeyword$_callTestCase_closure1.call(CallTestCaseKeyword.groovy)
	at com.kms.katalon.core.keyword.internal.KeywordMain.runKeyword(KeywordMain.groovy:75)
	at com.kms.katalon.core.keyword.builtin.CallTestCaseKeyword.callTestCase(CallTestCaseKeyword.groovy:81)
	at com.kms.katalon.core.keyword.builtin.CallTestCaseKeyword.execute(CallTestCaseKeyword.groovy:44)
	at com.kms.katalon.core.keyword.internal.KeywordExecutor.executeKeywordForPlatform(KeywordExecutor.groovy:74)
	at com.kms.katalon.core.keyword.BuiltinKeywords.callTestCase(BuiltinKeywords.groovy:310)
	at com.kazurayam.ksbackyard.HighlightElement$_pandemic_closure1.doCall(HighlightElement.groovy:105)
	at TNR R.TSPT Supp90-Etudiant.run(TNR R.TSPT Supp90-Etudiant:62)
	at com.kms.katalon.core.main.ScriptEngine.run(ScriptEngine.java:194)
	at com.kms.katalon.core.main.ScriptEngine.runScriptAsRawText(ScriptEngine.java:119)
	at com.kms.katalon.core.main.TestCaseExecutor.runScript(TestCaseExecutor.java:448)
	at com.kms.katalon.core.main.TestCaseExecutor.doExecute(TestCaseExecutor.java:439)
	at com.kms.katalon.core.main.TestCaseExecutor.processExecutionPhase(TestCaseExecutor.java:418)
	at com.kms.katalon.core.main.TestCaseExecutor.accessMainPhase(TestCaseExecutor.java:410)
	at com.kms.katalon.core.main.TestCaseExecutor.execute(TestCaseExecutor.java:285)
	at com.kms.katalon.core.common.CommonExecutor.accessTestCaseMainPhase(CommonExecutor.java:65)
	at com.kms.katalon.core.main.TestSuiteExecutor.accessTestSuiteMainPhase(TestSuiteExecutor.java:148)
	at com.kms.katalon.core.main.TestSuiteExecutor.execute(TestSuiteExecutor.java:106)
	at com.kms.katalon.core.main.TestCaseMain.startTestSuite(TestCaseMain.java:187)
	at com.kms.katalon.core.main.TestCaseMain$startTestSuite$0.call(Unknown Source)
	at TempTestSuite1700746096123.run(TempTestSuite1700746096123.groovy:36)
Caused by: com.kms.katalon.core.exception.StepFailedException: Unable to wait for Angular to load.
	at com.kms.katalon.core.webui.keyword.internal.WebUIKeywordMain.stepFailed(WebUIKeywordMain.groovy:64)
	at com.kms.katalon.core.webui.keyword.internal.WebUIKeywordMain.runKeyword(WebUIKeywordMain.groovy:26)
	at com.kms.katalon.core.webui.keyword.internal.WebUIKeywordMain$runKeyword.call(Unknown Source)
	at com.kms.katalon.core.webui.keyword.builtin.WaitForAngularLoadKeyword.waitForAgularLoad(WaitForAngularLoadKeyword.groovy:50)
	at com.kms.katalon.core.webui.keyword.builtin.WaitForAngularLoadKeyword$waitForAgularLoad.callCurrent(Unknown Source)
	at com.kms.katalon.core.webui.keyword.builtin.WaitForAngularLoadKeyword.execute(WaitForAngularLoadKeyword.groovy:32)
	at com.kms.katalon.core.keyword.internal.KeywordExecutor.executeKeywordForPlatform(KeywordExecutor.groovy:74)
	at com.kms.katalon.core.webui.keyword.WebUiBuiltInKeywords.waitForAngularLoad(WebUiBuiltInKeywords.groovy:2471)
	at com.kazurayam.ksbackyard.HighlightElement$_pandemic_closure1.doCall(HighlightElement.groovy:105)
	at FormulaireJustificatifs.run(FormulaireJustificatifs:178)
	at com.kms.katalon.core.main.ScriptEngine.run(ScriptEngine.java:194)
	at com.kms.katalon.core.main.ScriptEngine.runScriptAsRawText(ScriptEngine.java:119)
	at com.kms.katalon.core.main.TestCaseExecutor.runScript(TestCaseExecutor.java:448)
	at com.kms.katalon.core.main.TestCaseExecutor.doExecute(TestCaseExecutor.java:439)
	at com.kms.katalon.core.main.TestCaseExecutor.processExecutionPhase(TestCaseExecutor.java:418)
	at com.kms.katalon.core.main.TestCaseExecutor.accessMainPhase(TestCaseExecutor.java:410)
	at com.kms.katalon.core.main.TestCaseExecutor.execute(TestCaseExecutor.java:285)
	at com.kms.katalon.core.main.TestCaseMain.runTestCase(TestCaseMain.java:144)
	at com.kms.katalon.core.keyword.builtin.CallTestCaseKeyword$_callTestCase_closure1.doCall(CallTestCaseKeyword.groovy:59)
	... 21 more
Caused by: org.openqa.selenium.TimeoutException: Expected condition failed: waiting for com.kms.katalon.core.webui.keyword.builtin.WaitForAngularLoadKeyword$1@12997ff6 (tried for 10 second(s) with 500 milliseconds interval)
Build info: version: '3.141.59', revision: 'e82be7d358', time: '2018-11-14T08:25:53'
System info: host: 'FR-L5448059', ip: '192.168.1.134', os.name: 'Windows 10', os.arch: 'amd64', os.version: '10.0', java.version: '1.8.0_362'
Driver info: com.kms.katalon.core.webui.driver.SmartWaitWebDriver
Capabilities {acceptInsecureCerts: false, browserName: chrome, browserVersion: 119.0.6045.160, chrome: {chromedriverVersion: 119.0.6045.105 (38c72552c5e..., userDataDir: C:\Users\ISSAM~1.RHA\AppDat...}, fedcm:accounts: true, goog:chromeOptions: {debuggerAddress: localhost:62788}, javascriptEnabled: true, networkConnectionEnabled: false, pageLoadStrategy: normal, platform: WINDOWS, platformName: WINDOWS, proxy: Proxy(), setWindowRect: true, strictFileInteractability: false, timeouts: {implicit: 0, pageLoad: 300000, script: 30000}, unhandledPromptBehavior: dismiss and notify, webauthn:extension:credBlob: true, webauthn:extension:largeBlob: true, webauthn:extension:minPinLength: true, webauthn:extension:prf: true, webauthn:virtualAuthenticators: true}
Session ID: d606915402822c957940de13cd1eb348
	at org.openqa.selenium.support.ui.WebDriverWait.timeoutException(WebDriverWait.java:95)
	at org.openqa.selenium.support.ui.FluentWait.until(FluentWait.java:272)
	at org.openqa.selenium.support.ui.Wait$until.call(Unknown Source)
	at com.kms.katalon.core.webui.keyword.builtin.WaitForAngularLoadKeyword$_waitForAgularLoad_closure1.doCall(WaitForAngularLoadKeyword.groovy:106)
	at com.kms.katalon.core.webui.keyword.builtin.WaitForAngularLoadKeyword$_waitForAgularLoad_closure1.doCall(WaitForAngularLoadKeyword.groovy)
	at com.kms.katalon.core.webui.keyword.internal.WebUIKeywordMain.runKeyword(WebUIKeywordMain.groovy:20)
	... 38 more]]></system-err>
   </testsuite>
</testsuites>
