<?xml version="1.0" encoding="UTF-8"?>
<testsuites name="TS_TNR_R.TSPT_Suppo90" time="95.388" tests="1" failures="0" errors="0">
   <testsuite name="TS_TNR_R.TSPT_Suppo90" tests="1" failures="0" errors="0" time="95.388" skipped="0" timestamp="2023-11-23 14:08:04" hostname="issam.rharbaoui - FR-L5448059.groupinfra.com" id="Test Suites/TS_TNR_R.TSPT_Suppo90">
      <properties>
         <property name="deviceName" value=""/>
         <property name="devicePlatform" value=""/>
         <property name="logFolder" value="C:\\Users\\ISSAM.RHARBAOUI\\git\\22_11\\ANEF-AutomatizationProject\\Reports\\20231123_140758\\TS_TNR_R.TSPT_Suppo90\\20231123_140758"/>
         <property name="logFiles" value="C:\\Users\\ISSAM.RHARBAOUI\\git\\22_11\\ANEF-AutomatizationProject\\Reports\\20231123_140758\\TS_TNR_R.TSPT_Suppo90\\20231123_140758\\execution0.log"/>
         <property name="attachments" value=""/>
         <property name="hostName" value="issam.rharbaoui - FR-L5448059.groupinfra.com"/>
         <property name="os" value="Windows 10 64bit"/>
         <property name="katalonVersion" value="8.6.5.208"/>
         <property name="browser" value="Chrome 119.0.0.0"/>
         <property name="hostAddress" value="192.168.1.134"/>
         <property name="sessionId" value="4f5c861e2b2134bee80ef7f95a6a0f45"/>
         <property name="seleniumVersion" value="3.141.59"/>
         <property name="proxyInformation" value="ProxyInformation { proxyOption=NO_PROXY, proxyServerType=HTTP, username=, password=********, proxyServerAddress=, proxyServerPort=0, executionList=&quot;&quot;, isApplyToDesiredCapabilities=true }"/>
         <property name="platform" value="Windows 10"/>
      </properties>
      <testcase name="Test Cases/Cas D Utilisations/Usager Etudiant/TNR R.TSPT Supp90-Etudiant" time="94.559" classname="Test Cases/Cas D Utilisations/Usager Etudiant/TNR R.TSPT Supp90-Etudiant" status="PASSED">
         <system-out><![CDATA[2023-11-23 14:08:04 - [TEST_CASE][PASSED] - Test Cases/Cas D Utilisations/Usager Etudiant/TNR R.TSPT Supp90-Etudiant: Test Cases/Cas D Utilisations/Usager Etudiant/TNR R.TSPT Supp90-Etudiant

2023-11-23 14:08:06 - [TEST_STEP][PASSED] - com.kazurayam.ksbackyard.HighlightElement.pandemic(): com.kazurayam.ksbackyard.HighlightElement.pandemic is PASSED

2023-11-23 14:08:07 - [MESSAGE][PASSED] - com.kazurayam.ksbackyard.HighlightElement.pandemic is PASSED

2023-11-23 14:08:07 - [TEST_STEP][PASSED] - callTestCase(findTestCase("Test Reutilisable/Main/Lancer URL ANEF"), ["Profiles":"Usager", "EnvExec":EnvExec], STOP_ON_FAILURE): Call Test Case 'Test Cases/Test Reutilisable/Main/Lancer URL ANEF' successfully

2023-11-23 14:08:07 - [MESSAGE][INFO] - Checking called Test Case

2023-11-23 14:08:07 - [MESSAGE][INFO] - Starting to call Test Case 'Test Cases/Test Reutilisable/Main/Lancer URL ANEF'

2023-11-23 14:08:07 - [TEST_CASE][PASSED] - Test Cases/Test Reutilisable/Main/Lancer URL ANEF: Test Cases/Test Reutilisable/Main/Lancer URL ANEF

2023-11-23 14:08:14 - [TEST_STEP][PASSED] - "RunConfiguration: getProjectDir for LogDriver ": null

2023-11-23 14:08:14 - [TEST_STEP][PASSED] - RunBrowserConfiguration = getExecutionProperties(): null

2023-11-23 14:08:14 - [TEST_STEP][PASSED] - DriverName = "": null

2023-11-23 14:08:14 - [TEST_STEP][PASSED] - openBrowser(""): Browser is opened with url: ''

2023-11-23 14:08:14 - [MESSAGE][INFO] - Opening browser

2023-11-23 14:08:14 - [MESSAGE][INFO] - Starting 'Chrome' driver

2023-11-23 14:08:14 - [MESSAGE][INFO] - User set preference: ['args', '[--incognito, --start-maximized, --remote-allow-origins=*]']

2023-11-23 14:08:14 - [MESSAGE][INFO] - User set preference: ['prefs', '{download.default_directory=${GlobalVariable.downloadPath}, download_dir=${GlobalVariable.downloadPath}, download.prompt_for_download=false}']

2023-11-23 14:08:14 - [MESSAGE][INFO] - User set preference: ['loggingPrefs', '{browser=ALL}']

2023-11-23 14:08:14 - [MESSAGE][INFO] - Action delay is set to 2Â 000 milliseconds

2023-11-23 14:08:18 - [MESSAGE][PASSED] - Browser is opened with url: ''

2023-11-23 14:08:18 - [TEST_STEP][PASSED] - driver = getWebDriver(): null

2023-11-23 14:08:18 - [TEST_STEP][PASSED] - wrappedDriver = driver.getWrappedDriver(): null

2023-11-23 14:08:18 - [TEST_STEP][PASSED] - out.println(wrappedDriver.getClass()): null

2023-11-23 14:08:18 - [TEST_STEP][PASSED] - if (class == com.kms.katalon.selenium.driver.CRemoteWebDriver): null

2023-11-23 14:08:18 - [TEST_STEP][PASSED] - else: null

2023-11-23 14:08:18 - [TEST_STEP][PASSED] - DriverName = get("WebUI").get("browserType"): null

2023-11-23 14:08:18 - [TEST_STEP][PASSED] - println("DriverName :" + DriverName): null

2023-11-23 14:08:18 - [TEST_STEP][PASSED] - println("Driverpath :" + RunBrowserConfiguration.get("drivers")): null

2023-11-23 14:08:18 - [TEST_STEP][PASSED] - DriverName = DriverName: null

2023-11-23 14:08:19 - [TEST_STEP][PASSED] - delay(medium_wait): Delayed 3 second(s)

2023-11-23 14:08:19 - [MESSAGE][INFO] - Delaying browser in 3 second(s)

2023-11-23 14:08:22 - [MESSAGE][PASSED] - Delayed 3 second(s)

2023-11-23 14:08:22 - [TEST_STEP][PASSED] - executedBrowser = getExecutedBrowser(): null

2023-11-23 14:08:22 - [TEST_STEP][PASSED] - if (Profiles == "Usager"): null

2023-11-23 14:08:22 - [TEST_STEP][PASSED] - switch (DriverName): null

2023-11-23 14:08:22 - [TEST_STEP][PASSED] - case "CHROME_DRIVER":: null

2023-11-23 14:08:22 - [TEST_STEP][PASSED] - if (EnvExec == "URL_ANEFQualif"): null

2023-11-23 14:08:22 - [TEST_STEP][PASSED] - if (EnvExec == "URL_ANEFPreProd"): Navigate to 'https://preprod.administration-etrangers-en-france.interieur.gouv.fr/particuliers/#/' successfully

2023-11-23 14:08:22 - [TEST_STEP][PASSED] - navigateToUrl(URL_ANEFPreProd): Navigate to 'https://preprod.administration-etrangers-en-france.interieur.gouv.fr/particuliers/#/' successfully

2023-11-23 14:08:22 - [MESSAGE][INFO] - Checking url

2023-11-23 14:08:22 - [MESSAGE][INFO] - Navigating to 'https://preprod.administration-etrangers-en-france.interieur.gouv.fr/particuliers/#/'

2023-11-23 14:08:39 - [MESSAGE][PASSED] - Navigate to 'https://preprod.administration-etrangers-en-france.interieur.gouv.fr/particuliers/#/' successfully

2023-11-23 14:08:39 - [TEST_STEP][PASSED] - maximizeWindow(): Current window maximized

2023-11-23 14:08:39 - [MESSAGE][INFO] - Maximizing current window

2023-11-23 14:08:39 - [MESSAGE][PASSED] - Current window maximized

2023-11-23 14:08:39 - [TEST_STEP][PASSED] - System.setProperty("webdriver.chrome.driver", getChromeDriverPath()): null

2023-11-23 14:08:39 - [TEST_STEP][PASSED] - System.setProperty("webdriver.chrome.logfile", getProjectDir() + "/Dump/chromedriver.log"): null

2023-11-23 14:08:39 - [TEST_STEP][PASSED] - callTestCase(findTestCase("Test Reutilisable/Main/Erreur lie a la confidentialite"), [:], STOP_ON_FAILURE): Call Test Case 'Test Cases/Test Reutilisable/Main/Erreur lie a la confidentialite' successfully

2023-11-23 14:08:39 - [MESSAGE][INFO] - Checking called Test Case

2023-11-23 14:08:39 - [MESSAGE][INFO] - Starting to call Test Case 'Test Cases/Test Reutilisable/Main/Erreur lie a la confidentialite'

2023-11-23 14:08:39 - [TEST_CASE][PASSED] - Test Cases/Test Reutilisable/Main/Erreur lie a la confidentialite: Test Cases/Test Reutilisable/Main/Erreur lie a la confidentialite

2023-11-23 14:08:40 - [TEST_STEP][PASSED] - tools.WaitForLoadedPage.waitForElementRendering(): tools.WaitForLoadedPage.waitForElementRendering is PASSED

2023-11-23 14:08:40 - [MESSAGE][PASSED] - tools.WaitForLoadedPage.waitForElementRendering is PASSED

2023-11-23 14:08:40 - [TEST_STEP][PASSED] - "Call Highlight.on() automatically": null

2023-11-23 14:08:40 - [TEST_STEP][PASSED] - DriverName = DriverName: null

2023-11-23 14:08:40 - [TEST_STEP][PASSED] - if (DriverName == "CHROME_DRIVER" || "EDGE_CHROMIUM_DRIVER" || "HEADLESS_DRIVER"): null

2023-11-23 14:08:40 - [TEST_STEP][PASSED] - if (verifyElementPresent(findTestObject("Object Repository/Connexion Usager/Btn_Parametres Avances"), 2, OPTIONAL)): null

2023-11-23 14:08:40 - [MESSAGE][INFO] - Finding Test Object 'Object Repository/Connexion Usager/Btn_Parametres Avances'

2023-11-23 14:08:41 - [MESSAGE][INFO] - Checking object

2023-11-23 14:08:41 - [MESSAGE][INFO] - Finding web element from Test Object's properties

2023-11-23 14:08:41 - [MESSAGE][INFO] - Checking timeout

2023-11-23 14:08:41 - [MESSAGE][INFO] - Finding web element with id: 'Object Repository/Connexion Usager/Btn_Parametres Avances' located by 'By.xpath: //*[@id="details-button"]' in '2' second(s)

2023-11-23 14:08:41 - [MESSAGE][INFO] - Smart Wait Function is triggered

2023-11-23 14:08:41 - [MESSAGE][INFO] - Found 1 web elements with id: 'Object Repository/Connexion Usager/Btn_Parametres Avances' located by 'By.xpath: //*[@id="details-button"]' in '2' second(s)

2023-11-23 14:08:41 - [MESSAGE][PASSED] - Object 'Object Repository/Connexion Usager/Btn_Parametres Avances' is present

2023-11-23 14:08:41 - [TEST_STEP][PASSED] - click(findTestObject("Object Repository/Connexion Usager/Btn_Parametres Avances"), OPTIONAL): Object: 'Object Repository/Connexion Usager/Btn_Parametres Avances' is clicked on

2023-11-23 14:08:41 - [MESSAGE][INFO] - Finding Test Object 'Object Repository/Connexion Usager/Btn_Parametres Avances'

2023-11-23 14:08:41 - [MESSAGE][INFO] - Checking timeout

2023-11-23 14:08:41 - [MESSAGE][INFO] - Finding web element with id: 'Object Repository/Connexion Usager/Btn_Parametres Avances' located by 'By.xpath: //*[@id="details-button"]' in '20' second(s)

2023-11-23 14:08:41 - [MESSAGE][INFO] - Smart Wait Function is triggered

2023-11-23 14:08:41 - [MESSAGE][INFO] - Found 1 web elements with id: 'Object Repository/Connexion Usager/Btn_Parametres Avances' located by 'By.xpath: //*[@id="details-button"]' in '20' second(s)

2023-11-23 14:08:41 - [MESSAGE][INFO] - Checking object

2023-11-23 14:08:41 - [MESSAGE][INFO] - Checking timeout

2023-11-23 14:08:41 - [MESSAGE][INFO] - Finding web element from Test Object's properties

2023-11-23 14:08:41 - [MESSAGE][INFO] - Checking timeout

2023-11-23 14:08:41 - [MESSAGE][INFO] - Finding web element with id: 'Object Repository/Connexion Usager/Btn_Parametres Avances' located by 'By.xpath: //*[@id="details-button"]' in '5' second(s)

2023-11-23 14:08:41 - [MESSAGE][INFO] - Smart Wait Function is triggered

2023-11-23 14:08:41 - [MESSAGE][INFO] - Found 1 web elements with id: 'Object Repository/Connexion Usager/Btn_Parametres Avances' located by 'By.xpath: //*[@id="details-button"]' in '5' second(s)

2023-11-23 14:08:41 - [MESSAGE][INFO] - Clicking on object: 'Object Repository/Connexion Usager/Btn_Parametres Avances'

2023-11-23 14:08:43 - [MESSAGE][PASSED] - Object: 'Object Repository/Connexion Usager/Btn_Parametres Avances' is clicked on

2023-11-23 14:08:43 - [TEST_STEP][PASSED] - click(findTestObject("Object Repository/Connexion Usager/Link_Proceed-Link"), OPTIONAL): Object: 'Object Repository/Connexion Usager/Link_Proceed-Link' is clicked on

2023-11-23 14:08:43 - [MESSAGE][INFO] - Finding Test Object 'Object Repository/Connexion Usager/Link_Proceed-Link'

2023-11-23 14:08:43 - [MESSAGE][INFO] - Checking timeout

2023-11-23 14:08:43 - [MESSAGE][INFO] - Finding web element with id: 'Object Repository/Connexion Usager/Link_Proceed-Link' located by 'By.xpath: //*[@id="proceed-link"]' in '20' second(s)

2023-11-23 14:08:43 - [MESSAGE][INFO] - Smart Wait Function is triggered

2023-11-23 14:08:43 - [MESSAGE][INFO] - Found 1 web elements with id: 'Object Repository/Connexion Usager/Link_Proceed-Link' located by 'By.xpath: //*[@id="proceed-link"]' in '20' second(s)

2023-11-23 14:08:43 - [MESSAGE][INFO] - Checking object

2023-11-23 14:08:43 - [MESSAGE][INFO] - Checking timeout

2023-11-23 14:08:43 - [MESSAGE][INFO] - Finding web element from Test Object's properties

2023-11-23 14:08:43 - [MESSAGE][INFO] - Checking timeout

2023-11-23 14:08:43 - [MESSAGE][INFO] - Finding web element with id: 'Object Repository/Connexion Usager/Link_Proceed-Link' located by 'By.xpath: //*[@id="proceed-link"]' in '5' second(s)

2023-11-23 14:08:43 - [MESSAGE][INFO] - Smart Wait Function is triggered

2023-11-23 14:08:43 - [MESSAGE][INFO] - Found 1 web elements with id: 'Object Repository/Connexion Usager/Link_Proceed-Link' located by 'By.xpath: //*[@id="proceed-link"]' in '5' second(s)

2023-11-23 14:08:43 - [MESSAGE][INFO] - Clicking on object: 'Object Repository/Connexion Usager/Link_Proceed-Link'

2023-11-23 14:08:46 - [MESSAGE][PASSED] - Object: 'Object Repository/Connexion Usager/Link_Proceed-Link' is clicked on

2023-11-23 14:08:46 - [TEST_STEP][PASSED] - if (DriverName == "IE_DRIVER"): null

2023-11-23 14:08:46 - [TEST_STEP][PASSED] - delay(3): Delayed 3 second(s)

2023-11-23 14:08:46 - [MESSAGE][INFO] - Delaying browser in 3 second(s)

2023-11-23 14:08:49 - [MESSAGE][PASSED] - Delayed 3 second(s)

2023-11-23 14:08:49 - [MESSAGE][PASSED] - Call Test Case 'Test Cases/Test Reutilisable/Main/Erreur lie a la confidentialite' successfully

2023-11-23 14:08:49 - [TEST_STEP][PASSED] - delay(5): Delayed 5 second(s)

2023-11-23 14:08:49 - [MESSAGE][INFO] - Delaying browser in 5 second(s)

2023-11-23 14:08:54 - [MESSAGE][PASSED] - Delayed 5 second(s)

2023-11-23 14:08:54 - [TEST_STEP][PASSED] - verifyElementVisible(findTestObject("Object Repository/Connexion Usager/Link_Se Connecter"), STOP_ON_FAILURE): Object 'Object Repository/Connexion Usager/Link_Se Connecter' is visible

2023-11-23 14:08:54 - [MESSAGE][INFO] - Finding Test Object 'Object Repository/Connexion Usager/Link_Se Connecter'

2023-11-23 14:08:54 - [MESSAGE][INFO] - Checking object

2023-11-23 14:08:54 - [MESSAGE][INFO] - Finding web element from Test Object's properties

2023-11-23 14:08:54 - [MESSAGE][INFO] - Checking timeout

2023-11-23 14:08:54 - [MESSAGE][INFO] - Finding web element with id: 'Object Repository/Connexion Usager/Link_Se Connecter' located by 'By.xpath: //*[@id="connexion_link"]' in '5' second(s)

2023-11-23 14:08:54 - [MESSAGE][INFO] - Smart Wait Function is triggered

2023-11-23 14:08:54 - [MESSAGE][INFO] - Found 1 web elements with id: 'Object Repository/Connexion Usager/Link_Se Connecter' located by 'By.xpath: //*[@id="connexion_link"]' in '5' second(s)

2023-11-23 14:08:54 - [MESSAGE][PASSED] - Object 'Object Repository/Connexion Usager/Link_Se Connecter' is visible

2023-11-23 14:08:54 - [TEST_STEP][PASSED] - break: null

2023-11-23 14:08:54 - [TEST_STEP][PASSED] - if (Profiles == "Agent"): null

2023-11-23 14:08:54 - [TEST_STEP][PASSED] - else: null

2023-11-23 14:08:54 - [TEST_STEP][PASSED] - println("VÃ©rifier le Portail de votre connexion Usager ou Agent"): null

2023-11-23 14:08:54 - [MESSAGE][PASSED] - Call Test Case 'Test Cases/Test Reutilisable/Main/Lancer URL ANEF' successfully

2023-11-23 14:08:54 - [TEST_STEP][PASSED] - callTestCase(findTestCase("Test Reutilisable/Main/Creer Votre Compte"), ["NumEtrangerVisa":NumEtrangerVisa, "DateDebut":DateDebut, "DateFin":DateFin, "EnvExec":EnvExec], STOP_ON_FAILURE): Call Test Case 'Test Cases/Test Reutilisable/Main/Creer Votre Compte' successfully

2023-11-23 14:08:54 - [MESSAGE][INFO] - Checking called Test Case

2023-11-23 14:08:54 - [MESSAGE][INFO] - Starting to call Test Case 'Test Cases/Test Reutilisable/Main/Creer Votre Compte'

2023-11-23 14:08:54 - [TEST_CASE][PASSED] - Test Cases/Test Reutilisable/Main/Creer Votre Compte: Test Cases/Test Reutilisable/Main/Creer Votre Compte

2023-11-23 14:08:56 - [TEST_STEP][PASSED] - "waiting for the number of elements in the DOM to stop changing": null

2023-11-23 14:08:56 - [TEST_STEP][PASSED] - com.kazurayam.ksbackyard.HighlightElement.pandemic(): com.kazurayam.ksbackyard.HighlightElement.pandemic is PASSED

2023-11-23 14:08:56 - [MESSAGE][PASSED] - com.kazurayam.ksbackyard.HighlightElement.pandemic is PASSED

2023-11-23 14:08:56 - [TEST_STEP][PASSED] - waitForPageLoad(5): Wait for page load successfully

2023-11-23 14:08:56 - [MESSAGE][INFO] - Checking timeout

2023-11-23 14:08:56 - [MESSAGE][PASSED] - Wait for page load successfully

2023-11-23 14:08:56 - [TEST_STEP][PASSED] - click(findTestObject("Object Repository/Connexion Usager/Link_Se Connecter")): Object: 'Object Repository/Connexion Usager/Link_Se Connecter' is clicked on

2023-11-23 14:08:56 - [MESSAGE][INFO] - Finding Test Object 'Object Repository/Connexion Usager/Link_Se Connecter'

2023-11-23 14:08:57 - [MESSAGE][INFO] - Checking timeout

2023-11-23 14:08:57 - [MESSAGE][INFO] - Finding web element with id: 'Object Repository/Connexion Usager/Link_Se Connecter' located by 'By.xpath: //*[@id="connexion_link"]' in '20' second(s)

2023-11-23 14:08:57 - [MESSAGE][INFO] - Smart Wait Function is triggered

2023-11-23 14:08:57 - [MESSAGE][INFO] - Found 1 web elements with id: 'Object Repository/Connexion Usager/Link_Se Connecter' located by 'By.xpath: //*[@id="connexion_link"]' in '20' second(s)

2023-11-23 14:08:57 - [MESSAGE][INFO] - Checking object

2023-11-23 14:08:57 - [MESSAGE][INFO] - Checking timeout

2023-11-23 14:08:57 - [MESSAGE][INFO] - Finding web element from Test Object's properties

2023-11-23 14:08:57 - [MESSAGE][INFO] - Checking timeout

2023-11-23 14:08:57 - [MESSAGE][INFO] - Finding web element with id: 'Object Repository/Connexion Usager/Link_Se Connecter' located by 'By.xpath: //*[@id="connexion_link"]' in '5' second(s)

2023-11-23 14:08:57 - [MESSAGE][INFO] - Smart Wait Function is triggered

2023-11-23 14:08:57 - [MESSAGE][INFO] - Found 1 web elements with id: 'Object Repository/Connexion Usager/Link_Se Connecter' located by 'By.xpath: //*[@id="connexion_link"]' in '5' second(s)

2023-11-23 14:08:57 - [MESSAGE][INFO] - Clicking on object: 'Object Repository/Connexion Usager/Link_Se Connecter'

2023-11-23 14:09:00 - [MESSAGE][PASSED] - Object: 'Object Repository/Connexion Usager/Link_Se Connecter' is clicked on

2023-11-23 14:09:00 - [TEST_STEP][PASSED] - if (EnvExec == "URL_ANEFQualif"): null

2023-11-23 14:09:00 - [TEST_STEP][PASSED] - click(findTestObject("Object Repository/Connexion Usager/Link_Creer Votre Compte")): Object: 'Object Repository/Connexion Usager/Link_Creer Votre Compte' is clicked on

2023-11-23 14:09:00 - [MESSAGE][INFO] - Finding Test Object 'Object Repository/Connexion Usager/Link_Creer Votre Compte'

2023-11-23 14:09:00 - [MESSAGE][INFO] - Checking timeout

2023-11-23 14:09:00 - [MESSAGE][INFO] - Finding web element with id: 'Object Repository/Connexion Usager/Link_Creer Votre Compte' located by 'By.xpath: /html/body/div/main/div[2]/a' in '20' second(s)

2023-11-23 14:09:00 - [MESSAGE][INFO] - Smart Wait Function is triggered

2023-11-23 14:09:00 - [MESSAGE][INFO] - Found 1 web elements with id: 'Object Repository/Connexion Usager/Link_Creer Votre Compte' located by 'By.xpath: /html/body/div/main/div[2]/a' in '20' second(s)

2023-11-23 14:09:00 - [MESSAGE][INFO] - Checking object

2023-11-23 14:09:00 - [MESSAGE][INFO] - Checking timeout

2023-11-23 14:09:00 - [MESSAGE][INFO] - Finding web element from Test Object's properties

2023-11-23 14:09:00 - [MESSAGE][INFO] - Checking timeout

2023-11-23 14:09:00 - [MESSAGE][INFO] - Finding web element with id: 'Object Repository/Connexion Usager/Link_Creer Votre Compte' located by 'By.xpath: /html/body/div/main/div[2]/a' in '5' second(s)

2023-11-23 14:09:00 - [MESSAGE][INFO] - Smart Wait Function is triggered

2023-11-23 14:09:00 - [MESSAGE][INFO] - Found 1 web elements with id: 'Object Repository/Connexion Usager/Link_Creer Votre Compte' located by 'By.xpath: /html/body/div/main/div[2]/a' in '5' second(s)

2023-11-23 14:09:00 - [MESSAGE][INFO] - Clicking on object: 'Object Repository/Connexion Usager/Link_Creer Votre Compte'

2023-11-23 14:09:03 - [MESSAGE][PASSED] - Object: 'Object Repository/Connexion Usager/Link_Creer Votre Compte' is clicked on

2023-11-23 14:09:03 - [TEST_STEP][PASSED] - waitForPageLoad(5): Wait for page load successfully

2023-11-23 14:09:03 - [MESSAGE][INFO] - Checking timeout

2023-11-23 14:09:03 - [MESSAGE][PASSED] - Wait for page load successfully

2023-11-23 14:09:03 - [TEST_STEP][PASSED] - println("NumEtrangerVisa = " + NumEtrangerVisa): null

2023-11-23 14:09:03 - [TEST_STEP][PASSED] - setText(findTestObject("Object Repository/Connexion Usager/Input_Numero etranger_Visa"), NumEtrangerVisa): Text '7703040868' is set on object 'Object Repository/Connexion Usager/Input_Numero etranger_Visa'

2023-11-23 14:09:03 - [MESSAGE][INFO] - Finding Test Object 'Object Repository/Connexion Usager/Input_Numero etranger_Visa'

2023-11-23 14:09:03 - [MESSAGE][INFO] - Checking timeout

2023-11-23 14:09:03 - [MESSAGE][INFO] - Finding web element with id: 'Object Repository/Connexion Usager/Input_Numero etranger_Visa' located by 'By.xpath: //*[@placeholder="Exemple : 9999999999" and @type = 'text']' in '20' second(s)

2023-11-23 14:09:03 - [MESSAGE][INFO] - Smart Wait Function is triggered

2023-11-23 14:09:03 - [MESSAGE][INFO] - Found 1 web elements with id: 'Object Repository/Connexion Usager/Input_Numero etranger_Visa' located by 'By.xpath: //*[@placeholder="Exemple : 9999999999" and @type = 'text']' in '20' second(s)

2023-11-23 14:09:03 - [MESSAGE][INFO] - Checking object

2023-11-23 14:09:03 - [MESSAGE][INFO] - Checking text

2023-11-23 14:09:03 - [MESSAGE][INFO] - Finding web element from Test Object's properties

2023-11-23 14:09:03 - [MESSAGE][INFO] - Checking timeout

2023-11-23 14:09:03 - [MESSAGE][INFO] - Finding web element with id: 'Object Repository/Connexion Usager/Input_Numero etranger_Visa' located by 'By.xpath: //*[@placeholder="Exemple : 9999999999" and @type = 'text']' in '5' second(s)

2023-11-23 14:09:03 - [MESSAGE][INFO] - Smart Wait Function is triggered

2023-11-23 14:09:03 - [MESSAGE][INFO] - Found 1 web elements with id: 'Object Repository/Connexion Usager/Input_Numero etranger_Visa' located by 'By.xpath: //*[@placeholder="Exemple : 9999999999" and @type = 'text']' in '5' second(s)

2023-11-23 14:09:03 - [MESSAGE][INFO] - Clearing text of object 'Object Repository/Connexion Usager/Input_Numero etranger_Visa'

2023-11-23 14:09:05 - [MESSAGE][INFO] - Finding web element from Test Object's properties

2023-11-23 14:09:05 - [MESSAGE][INFO] - Checking timeout

2023-11-23 14:09:05 - [MESSAGE][INFO] - Finding web element with id: 'Object Repository/Connexion Usager/Input_Numero etranger_Visa' located by 'By.xpath: //*[@placeholder="Exemple : 9999999999" and @type = 'text']' in '5' second(s)

2023-11-23 14:09:05 - [MESSAGE][INFO] - Smart Wait Function is triggered

2023-11-23 14:09:05 - [MESSAGE][INFO] - Found 1 web elements with id: 'Object Repository/Connexion Usager/Input_Numero etranger_Visa' located by 'By.xpath: //*[@placeholder="Exemple : 9999999999" and @type = 'text']' in '5' second(s)

2023-11-23 14:09:05 - [MESSAGE][INFO] - Setting text of object 'Object Repository/Connexion Usager/Input_Numero etranger_Visa' to value '7703040868'

2023-11-23 14:09:07 - [MESSAGE][PASSED] - Text '7703040868' is set on object 'Object Repository/Connexion Usager/Input_Numero etranger_Visa'

2023-11-23 14:09:07 - [TEST_STEP][PASSED] - DateDebut = DateDebut: null

2023-11-23 14:09:07 - [TEST_STEP][PASSED] - DateDebut = tools.MyStringTools.ParsedDateDebut(): tools.MyStringTools.ParsedDateDebut is PASSED

2023-11-23 14:09:07 - [MESSAGE][PASSED] - tools.MyStringTools.ParsedDateDebut is PASSED

2023-11-23 14:09:07 - [TEST_STEP][PASSED] - ParsedDateDebut = tools.MyStringTools.ParsedDateDebut(): tools.MyStringTools.ParsedDateDebut is PASSED

2023-11-23 14:09:07 - [MESSAGE][PASSED] - tools.MyStringTools.ParsedDateDebut is PASSED

2023-11-23 14:09:07 - [TEST_STEP][PASSED] - setText(findTestObject("Object Repository/Connexion Usager/Date Debut Validite/Input_Jour"), ParsedDateDebut[0]): Text '24' is set on object 'Object Repository/Connexion Usager/Date Debut Validite/Input_Jour'

2023-11-23 14:09:07 - [MESSAGE][INFO] - Finding Test Object 'Object Repository/Connexion Usager/Date Debut Validite/Input_Jour'

2023-11-23 14:09:07 - [MESSAGE][INFO] - Checking timeout

2023-11-23 14:09:07 - [MESSAGE][INFO] - Finding web element with id: 'Object Repository/Connexion Usager/Date Debut Validite/Input_Jour' located by 'By.xpath: /html/body/app-root/div/app-root/main/app-registration/div/div[3]/app-identification/form/div[2]/app-date[1]/fieldset/div[2]/div[1]/input' in '20' second(s)

2023-11-23 14:09:07 - [MESSAGE][INFO] - Smart Wait Function is triggered

2023-11-23 14:09:07 - [MESSAGE][INFO] - Found 1 web elements with id: 'Object Repository/Connexion Usager/Date Debut Validite/Input_Jour' located by 'By.xpath: /html/body/app-root/div/app-root/main/app-registration/div/div[3]/app-identification/form/div[2]/app-date[1]/fieldset/div[2]/div[1]/input' in '20' second(s)

2023-11-23 14:09:07 - [MESSAGE][INFO] - Checking object

2023-11-23 14:09:07 - [MESSAGE][INFO] - Checking text

2023-11-23 14:09:07 - [MESSAGE][INFO] - Finding web element from Test Object's properties

2023-11-23 14:09:07 - [MESSAGE][INFO] - Checking timeout

2023-11-23 14:09:07 - [MESSAGE][INFO] - Finding web element with id: 'Object Repository/Connexion Usager/Date Debut Validite/Input_Jour' located by 'By.xpath: /html/body/app-root/div/app-root/main/app-registration/div/div[3]/app-identification/form/div[2]/app-date[1]/fieldset/div[2]/div[1]/input' in '5' second(s)

2023-11-23 14:09:07 - [MESSAGE][INFO] - Smart Wait Function is triggered

2023-11-23 14:09:08 - [MESSAGE][INFO] - Found 1 web elements with id: 'Object Repository/Connexion Usager/Date Debut Validite/Input_Jour' located by 'By.xpath: /html/body/app-root/div/app-root/main/app-registration/div/div[3]/app-identification/form/div[2]/app-date[1]/fieldset/div[2]/div[1]/input' in '5' second(s)

2023-11-23 14:09:08 - [MESSAGE][INFO] - Clearing text of object 'Object Repository/Connexion Usager/Date Debut Validite/Input_Jour'

2023-11-23 14:09:10 - [MESSAGE][INFO] - Finding web element from Test Object's properties

2023-11-23 14:09:10 - [MESSAGE][INFO] - Checking timeout

2023-11-23 14:09:10 - [MESSAGE][INFO] - Finding web element with id: 'Object Repository/Connexion Usager/Date Debut Validite/Input_Jour' located by 'By.xpath: /html/body/app-root/div/app-root/main/app-registration/div/div[3]/app-identification/form/div[2]/app-date[1]/fieldset/div[2]/div[1]/input' in '5' second(s)

2023-11-23 14:09:10 - [MESSAGE][INFO] - Smart Wait Function is triggered

2023-11-23 14:09:10 - [MESSAGE][INFO] - Found 1 web elements with id: 'Object Repository/Connexion Usager/Date Debut Validite/Input_Jour' located by 'By.xpath: /html/body/app-root/div/app-root/main/app-registration/div/div[3]/app-identification/form/div[2]/app-date[1]/fieldset/div[2]/div[1]/input' in '5' second(s)

2023-11-23 14:09:10 - [MESSAGE][INFO] - Setting text of object 'Object Repository/Connexion Usager/Date Debut Validite/Input_Jour' to value '24'

2023-11-23 14:09:12 - [MESSAGE][PASSED] - Text '24' is set on object 'Object Repository/Connexion Usager/Date Debut Validite/Input_Jour'

2023-11-23 14:09:12 - [TEST_STEP][PASSED] - selectOptionByIndex(findTestObject("Object Repository/Connexion Usager/Date Debut Validite/Select_Mois"), ParsedDateDebut[1]): All options with index in [12] are selected on object 'Object Repository/Connexion Usager/Date Debut Validite/Select_Mois'

2023-11-23 14:09:12 - [MESSAGE][INFO] - Finding Test Object 'Object Repository/Connexion Usager/Date Debut Validite/Select_Mois'

2023-11-23 14:09:12 - [MESSAGE][INFO] - Checking timeout

2023-11-23 14:09:12 - [MESSAGE][INFO] - Finding web element with id: 'Object Repository/Connexion Usager/Date Debut Validite/Select_Mois' located by 'By.xpath: /html/body/app-root/div/app-root/main/app-registration/div/div[3]/app-identification/form/div[2]/app-date[1]/fieldset/div[2]/div[2]/select' in '20' second(s)

2023-11-23 14:09:12 - [MESSAGE][INFO] - Smart Wait Function is triggered

2023-11-23 14:09:12 - [MESSAGE][INFO] - Found 1 web elements with id: 'Object Repository/Connexion Usager/Date Debut Validite/Select_Mois' located by 'By.xpath: /html/body/app-root/div/app-root/main/app-registration/div/div[3]/app-identification/form/div[2]/app-date[1]/fieldset/div[2]/div[2]/select' in '20' second(s)

2023-11-23 14:09:12 - [MESSAGE][INFO] - Checking object

2023-11-23 14:09:12 - [MESSAGE][INFO] - Checking index range

2023-11-23 14:09:12 - [MESSAGE][INFO] - Converting range parameter '12' to index array

2023-11-23 14:09:12 - [MESSAGE][INFO] - Range parameter '12' is converted to index array [12]

2023-11-23 14:09:12 - [MESSAGE][INFO] - Finding web element from Test Object's properties

2023-11-23 14:09:12 - [MESSAGE][INFO] - Checking timeout

2023-11-23 14:09:12 - [MESSAGE][INFO] - Finding web element with id: 'Object Repository/Connexion Usager/Date Debut Validite/Select_Mois' located by 'By.xpath: /html/body/app-root/div/app-root/main/app-registration/div/div[3]/app-identification/form/div[2]/app-date[1]/fieldset/div[2]/div[2]/select' in '5' second(s)

2023-11-23 14:09:12 - [MESSAGE][INFO] - Smart Wait Function is triggered

2023-11-23 14:09:12 - [MESSAGE][INFO] - Found 1 web elements with id: 'Object Repository/Connexion Usager/Date Debut Validite/Select_Mois' located by 'By.xpath: /html/body/app-root/div/app-root/main/app-registration/div/div[3]/app-identification/form/div[2]/app-date[1]/fieldset/div[2]/div[2]/select' in '5' second(s)

2023-11-23 14:09:12 - [MESSAGE][INFO] - Checking index parameters

2023-11-23 14:09:12 - [MESSAGE][INFO] - Smart Wait Function is triggered

2023-11-23 14:09:12 - [MESSAGE][INFO] - Selecting options on object 'Object Repository/Connexion Usager/Date Debut Validite/Select_Mois' with index in [12]

2023-11-23 14:09:12 - [MESSAGE][INFO] - Smart Wait Function is triggered

2023-11-23 14:09:14 - [MESSAGE][INFO] - Option with index 12 is selected

2023-11-23 14:09:14 - [MESSAGE][PASSED] - All options with index in [12] are selected on object 'Object Repository/Connexion Usager/Date Debut Validite/Select_Mois'

2023-11-23 14:09:14 - [TEST_STEP][PASSED] - setText(findTestObject("Object Repository/Connexion Usager/Date Debut Validite/Input_Annee"), ParsedDateDebut[2]): Text '2022' is set on object 'Object Repository/Connexion Usager/Date Debut Validite/Input_Annee'

2023-11-23 14:09:14 - [MESSAGE][INFO] - Finding Test Object 'Object Repository/Connexion Usager/Date Debut Validite/Input_Annee'

2023-11-23 14:09:14 - [MESSAGE][INFO] - Checking timeout

2023-11-23 14:09:14 - [MESSAGE][INFO] - Finding web element with id: 'Object Repository/Connexion Usager/Date Debut Validite/Input_Annee' located by 'By.xpath: /html/body/app-root/div/app-root/main/app-registration/div/div[3]/app-identification/form/div[2]/app-date[1]/fieldset/div[2]/div[3]/input' in '20' second(s)

2023-11-23 14:09:14 - [MESSAGE][INFO] - Smart Wait Function is triggered

2023-11-23 14:09:14 - [MESSAGE][INFO] - Found 1 web elements with id: 'Object Repository/Connexion Usager/Date Debut Validite/Input_Annee' located by 'By.xpath: /html/body/app-root/div/app-root/main/app-registration/div/div[3]/app-identification/form/div[2]/app-date[1]/fieldset/div[2]/div[3]/input' in '20' second(s)

2023-11-23 14:09:14 - [MESSAGE][INFO] - Checking object

2023-11-23 14:09:14 - [MESSAGE][INFO] - Checking text

2023-11-23 14:09:14 - [MESSAGE][INFO] - Finding web element from Test Object's properties

2023-11-23 14:09:14 - [MESSAGE][INFO] - Checking timeout

2023-11-23 14:09:14 - [MESSAGE][INFO] - Finding web element with id: 'Object Repository/Connexion Usager/Date Debut Validite/Input_Annee' located by 'By.xpath: /html/body/app-root/div/app-root/main/app-registration/div/div[3]/app-identification/form/div[2]/app-date[1]/fieldset/div[2]/div[3]/input' in '5' second(s)

2023-11-23 14:09:14 - [MESSAGE][INFO] - Smart Wait Function is triggered

2023-11-23 14:09:14 - [MESSAGE][INFO] - Found 1 web elements with id: 'Object Repository/Connexion Usager/Date Debut Validite/Input_Annee' located by 'By.xpath: /html/body/app-root/div/app-root/main/app-registration/div/div[3]/app-identification/form/div[2]/app-date[1]/fieldset/div[2]/div[3]/input' in '5' second(s)

2023-11-23 14:09:14 - [MESSAGE][INFO] - Clearing text of object 'Object Repository/Connexion Usager/Date Debut Validite/Input_Annee'

2023-11-23 14:09:16 - [MESSAGE][INFO] - Finding web element from Test Object's properties

2023-11-23 14:09:16 - [MESSAGE][INFO] - Checking timeout

2023-11-23 14:09:16 - [MESSAGE][INFO] - Finding web element with id: 'Object Repository/Connexion Usager/Date Debut Validite/Input_Annee' located by 'By.xpath: /html/body/app-root/div/app-root/main/app-registration/div/div[3]/app-identification/form/div[2]/app-date[1]/fieldset/div[2]/div[3]/input' in '5' second(s)

2023-11-23 14:09:16 - [MESSAGE][INFO] - Smart Wait Function is triggered

2023-11-23 14:09:16 - [MESSAGE][INFO] - Found 1 web elements with id: 'Object Repository/Connexion Usager/Date Debut Validite/Input_Annee' located by 'By.xpath: /html/body/app-root/div/app-root/main/app-registration/div/div[3]/app-identification/form/div[2]/app-date[1]/fieldset/div[2]/div[3]/input' in '5' second(s)

2023-11-23 14:09:16 - [MESSAGE][INFO] - Setting text of object 'Object Repository/Connexion Usager/Date Debut Validite/Input_Annee' to value '2022'

2023-11-23 14:09:19 - [MESSAGE][PASSED] - Text '2022' is set on object 'Object Repository/Connexion Usager/Date Debut Validite/Input_Annee'

2023-11-23 14:09:19 - [TEST_STEP][PASSED] - DateFin = DateFin: null

2023-11-23 14:09:19 - [TEST_STEP][PASSED] - DateFin = tools.MyStringTools.ParsedDateFin(): tools.MyStringTools.ParsedDateFin is PASSED

2023-11-23 14:09:19 - [MESSAGE][PASSED] - tools.MyStringTools.ParsedDateFin is PASSED

2023-11-23 14:09:19 - [TEST_STEP][PASSED] - ParsedDateFin = tools.MyStringTools.ParsedDateFin(): tools.MyStringTools.ParsedDateFin is PASSED

2023-11-23 14:09:19 - [MESSAGE][PASSED] - tools.MyStringTools.ParsedDateFin is PASSED

2023-11-23 14:09:19 - [TEST_STEP][PASSED] - setText(findTestObject("Object Repository/Connexion Usager/Date Fin Validite/Input_Jour"), ParsedDateFin[0]): Text '23' is set on object 'Object Repository/Connexion Usager/Date Fin Validite/Input_Jour'

2023-11-23 14:09:19 - [MESSAGE][INFO] - Finding Test Object 'Object Repository/Connexion Usager/Date Fin Validite/Input_Jour'

2023-11-23 14:09:19 - [MESSAGE][INFO] - Checking timeout

2023-11-23 14:09:19 - [MESSAGE][INFO] - Finding web element with id: 'Object Repository/Connexion Usager/Date Fin Validite/Input_Jour' located by 'By.xpath: /html/body/app-root/div/app-root/main/app-registration/div/div[3]/app-identification/form/div[2]/app-date[2]/fieldset/div[2]/div[1]/input' in '20' second(s)

2023-11-23 14:09:19 - [MESSAGE][INFO] - Smart Wait Function is triggered

2023-11-23 14:09:19 - [MESSAGE][INFO] - Found 1 web elements with id: 'Object Repository/Connexion Usager/Date Fin Validite/Input_Jour' located by 'By.xpath: /html/body/app-root/div/app-root/main/app-registration/div/div[3]/app-identification/form/div[2]/app-date[2]/fieldset/div[2]/div[1]/input' in '20' second(s)

2023-11-23 14:09:19 - [MESSAGE][INFO] - Checking object

2023-11-23 14:09:19 - [MESSAGE][INFO] - Checking text

2023-11-23 14:09:19 - [MESSAGE][INFO] - Finding web element from Test Object's properties

2023-11-23 14:09:19 - [MESSAGE][INFO] - Checking timeout

2023-11-23 14:09:19 - [MESSAGE][INFO] - Finding web element with id: 'Object Repository/Connexion Usager/Date Fin Validite/Input_Jour' located by 'By.xpath: /html/body/app-root/div/app-root/main/app-registration/div/div[3]/app-identification/form/div[2]/app-date[2]/fieldset/div[2]/div[1]/input' in '5' second(s)

2023-11-23 14:09:19 - [MESSAGE][INFO] - Smart Wait Function is triggered

2023-11-23 14:09:19 - [MESSAGE][INFO] - Found 1 web elements with id: 'Object Repository/Connexion Usager/Date Fin Validite/Input_Jour' located by 'By.xpath: /html/body/app-root/div/app-root/main/app-registration/div/div[3]/app-identification/form/div[2]/app-date[2]/fieldset/div[2]/div[1]/input' in '5' second(s)

2023-11-23 14:09:19 - [MESSAGE][INFO] - Clearing text of object 'Object Repository/Connexion Usager/Date Fin Validite/Input_Jour'

2023-11-23 14:09:21 - [MESSAGE][INFO] - Finding web element from Test Object's properties

2023-11-23 14:09:21 - [MESSAGE][INFO] - Checking timeout

2023-11-23 14:09:21 - [MESSAGE][INFO] - Finding web element with id: 'Object Repository/Connexion Usager/Date Fin Validite/Input_Jour' located by 'By.xpath: /html/body/app-root/div/app-root/main/app-registration/div/div[3]/app-identification/form/div[2]/app-date[2]/fieldset/div[2]/div[1]/input' in '5' second(s)

2023-11-23 14:09:21 - [MESSAGE][INFO] - Smart Wait Function is triggered

2023-11-23 14:09:21 - [MESSAGE][INFO] - Found 1 web elements with id: 'Object Repository/Connexion Usager/Date Fin Validite/Input_Jour' located by 'By.xpath: /html/body/app-root/div/app-root/main/app-registration/div/div[3]/app-identification/form/div[2]/app-date[2]/fieldset/div[2]/div[1]/input' in '5' second(s)

2023-11-23 14:09:21 - [MESSAGE][INFO] - Setting text of object 'Object Repository/Connexion Usager/Date Fin Validite/Input_Jour' to value '23'

2023-11-23 14:09:23 - [MESSAGE][PASSED] - Text '23' is set on object 'Object Repository/Connexion Usager/Date Fin Validite/Input_Jour'

2023-11-23 14:09:23 - [TEST_STEP][PASSED] - selectOptionByIndex(findTestObject("Object Repository/Connexion Usager/Date Fin Validite/Select_Mois"), ParsedDateFin[1]): All options with index in [12] are selected on object 'Object Repository/Connexion Usager/Date Fin Validite/Select_Mois'

2023-11-23 14:09:23 - [MESSAGE][INFO] - Finding Test Object 'Object Repository/Connexion Usager/Date Fin Validite/Select_Mois'

2023-11-23 14:09:23 - [MESSAGE][INFO] - Checking timeout

2023-11-23 14:09:23 - [MESSAGE][INFO] - Finding web element with id: 'Object Repository/Connexion Usager/Date Fin Validite/Select_Mois' located by 'By.xpath: /html/body/app-root/div/app-root/main/app-registration/div/div[3]/app-identification/form/div[2]/app-date[2]/fieldset/div[2]/div[2]/select' in '20' second(s)

2023-11-23 14:09:23 - [MESSAGE][INFO] - Smart Wait Function is triggered

2023-11-23 14:09:23 - [MESSAGE][INFO] - Found 1 web elements with id: 'Object Repository/Connexion Usager/Date Fin Validite/Select_Mois' located by 'By.xpath: /html/body/app-root/div/app-root/main/app-registration/div/div[3]/app-identification/form/div[2]/app-date[2]/fieldset/div[2]/div[2]/select' in '20' second(s)

2023-11-23 14:09:23 - [MESSAGE][INFO] - Checking object

2023-11-23 14:09:23 - [MESSAGE][INFO] - Checking index range

2023-11-23 14:09:23 - [MESSAGE][INFO] - Converting range parameter '12' to index array

2023-11-23 14:09:23 - [MESSAGE][INFO] - Range parameter '12' is converted to index array [12]

2023-11-23 14:09:23 - [MESSAGE][INFO] - Finding web element from Test Object's properties

2023-11-23 14:09:23 - [MESSAGE][INFO] - Checking timeout

2023-11-23 14:09:23 - [MESSAGE][INFO] - Finding web element with id: 'Object Repository/Connexion Usager/Date Fin Validite/Select_Mois' located by 'By.xpath: /html/body/app-root/div/app-root/main/app-registration/div/div[3]/app-identification/form/div[2]/app-date[2]/fieldset/div[2]/div[2]/select' in '5' second(s)

2023-11-23 14:09:23 - [MESSAGE][INFO] - Smart Wait Function is triggered

2023-11-23 14:09:23 - [MESSAGE][INFO] - Found 1 web elements with id: 'Object Repository/Connexion Usager/Date Fin Validite/Select_Mois' located by 'By.xpath: /html/body/app-root/div/app-root/main/app-registration/div/div[3]/app-identification/form/div[2]/app-date[2]/fieldset/div[2]/div[2]/select' in '5' second(s)

2023-11-23 14:09:23 - [MESSAGE][INFO] - Checking index parameters

2023-11-23 14:09:23 - [MESSAGE][INFO] - Smart Wait Function is triggered

2023-11-23 14:09:23 - [MESSAGE][INFO] - Selecting options on object 'Object Repository/Connexion Usager/Date Fin Validite/Select_Mois' with index in [12]

2023-11-23 14:09:23 - [MESSAGE][INFO] - Smart Wait Function is triggered

2023-11-23 14:09:25 - [MESSAGE][INFO] - Option with index 12 is selected

2023-11-23 14:09:25 - [MESSAGE][PASSED] - All options with index in [12] are selected on object 'Object Repository/Connexion Usager/Date Fin Validite/Select_Mois'

2023-11-23 14:09:25 - [TEST_STEP][PASSED] - setText(findTestObject("Object Repository/Connexion Usager/Date Fin Validite/Input_Annee"), ParsedDateFin[2]): Text '2023' is set on object 'Object Repository/Connexion Usager/Date Fin Validite/Input_Annee'

2023-11-23 14:09:25 - [MESSAGE][INFO] - Finding Test Object 'Object Repository/Connexion Usager/Date Fin Validite/Input_Annee'

2023-11-23 14:09:26 - [MESSAGE][INFO] - Checking timeout

2023-11-23 14:09:26 - [MESSAGE][INFO] - Finding web element with id: 'Object Repository/Connexion Usager/Date Fin Validite/Input_Annee' located by 'By.xpath: /html/body/app-root/div/app-root/main/app-registration/div/div[3]/app-identification/form/div[2]/app-date[2]/fieldset/div[2]/div[3]/input' in '20' second(s)

2023-11-23 14:09:26 - [MESSAGE][INFO] - Smart Wait Function is triggered

2023-11-23 14:09:26 - [MESSAGE][INFO] - Found 1 web elements with id: 'Object Repository/Connexion Usager/Date Fin Validite/Input_Annee' located by 'By.xpath: /html/body/app-root/div/app-root/main/app-registration/div/div[3]/app-identification/form/div[2]/app-date[2]/fieldset/div[2]/div[3]/input' in '20' second(s)

2023-11-23 14:09:26 - [MESSAGE][INFO] - Checking object

2023-11-23 14:09:26 - [MESSAGE][INFO] - Checking text

2023-11-23 14:09:26 - [MESSAGE][INFO] - Finding web element from Test Object's properties

2023-11-23 14:09:26 - [MESSAGE][INFO] - Checking timeout

2023-11-23 14:09:26 - [MESSAGE][INFO] - Finding web element with id: 'Object Repository/Connexion Usager/Date Fin Validite/Input_Annee' located by 'By.xpath: /html/body/app-root/div/app-root/main/app-registration/div/div[3]/app-identification/form/div[2]/app-date[2]/fieldset/div[2]/div[3]/input' in '5' second(s)

2023-11-23 14:09:26 - [MESSAGE][INFO] - Smart Wait Function is triggered

2023-11-23 14:09:26 - [MESSAGE][INFO] - Found 1 web elements with id: 'Object Repository/Connexion Usager/Date Fin Validite/Input_Annee' located by 'By.xpath: /html/body/app-root/div/app-root/main/app-registration/div/div[3]/app-identification/form/div[2]/app-date[2]/fieldset/div[2]/div[3]/input' in '5' second(s)

2023-11-23 14:09:26 - [MESSAGE][INFO] - Clearing text of object 'Object Repository/Connexion Usager/Date Fin Validite/Input_Annee'

2023-11-23 14:09:28 - [MESSAGE][INFO] - Finding web element from Test Object's properties

2023-11-23 14:09:28 - [MESSAGE][INFO] - Checking timeout

2023-11-23 14:09:28 - [MESSAGE][INFO] - Finding web element with id: 'Object Repository/Connexion Usager/Date Fin Validite/Input_Annee' located by 'By.xpath: /html/body/app-root/div/app-root/main/app-registration/div/div[3]/app-identification/form/div[2]/app-date[2]/fieldset/div[2]/div[3]/input' in '5' second(s)

2023-11-23 14:09:28 - [MESSAGE][INFO] - Smart Wait Function is triggered

2023-11-23 14:09:28 - [MESSAGE][INFO] - Found 1 web elements with id: 'Object Repository/Connexion Usager/Date Fin Validite/Input_Annee' located by 'By.xpath: /html/body/app-root/div/app-root/main/app-registration/div/div[3]/app-identification/form/div[2]/app-date[2]/fieldset/div[2]/div[3]/input' in '5' second(s)

2023-11-23 14:09:28 - [MESSAGE][INFO] - Setting text of object 'Object Repository/Connexion Usager/Date Fin Validite/Input_Annee' to value '2023'

2023-11-23 14:09:30 - [MESSAGE][PASSED] - Text '2023' is set on object 'Object Repository/Connexion Usager/Date Fin Validite/Input_Annee'

2023-11-23 14:09:30 - [TEST_STEP][PASSED] - click(findTestObject("Object Repository/Connexion Usager/Btn_Creer Un Compte")): Object: 'Object Repository/Connexion Usager/Btn_Creer Un Compte' is clicked on

2023-11-23 14:09:30 - [MESSAGE][INFO] - Finding Test Object 'Object Repository/Connexion Usager/Btn_Creer Un Compte'

2023-11-23 14:09:30 - [MESSAGE][INFO] - Checking timeout

2023-11-23 14:09:30 - [MESSAGE][INFO] - Finding web element with id: 'Object Repository/Connexion Usager/Btn_Creer Un Compte' located by 'By.xpath: /html/body/app-root/div/app-root/main/app-registration/div/div[3]/app-identification/form/p-button/button' in '20' second(s)

2023-11-23 14:09:30 - [MESSAGE][INFO] - Smart Wait Function is triggered

2023-11-23 14:09:30 - [MESSAGE][INFO] - Found 1 web elements with id: 'Object Repository/Connexion Usager/Btn_Creer Un Compte' located by 'By.xpath: /html/body/app-root/div/app-root/main/app-registration/div/div[3]/app-identification/form/p-button/button' in '20' second(s)

2023-11-23 14:09:30 - [MESSAGE][INFO] - Checking object

2023-11-23 14:09:30 - [MESSAGE][INFO] - Checking timeout

2023-11-23 14:09:30 - [MESSAGE][INFO] - Finding web element from Test Object's properties

2023-11-23 14:09:30 - [MESSAGE][INFO] - Checking timeout

2023-11-23 14:09:30 - [MESSAGE][INFO] - Finding web element with id: 'Object Repository/Connexion Usager/Btn_Creer Un Compte' located by 'By.xpath: /html/body/app-root/div/app-root/main/app-registration/div/div[3]/app-identification/form/p-button/button' in '5' second(s)

2023-11-23 14:09:30 - [MESSAGE][INFO] - Smart Wait Function is triggered

2023-11-23 14:09:30 - [MESSAGE][INFO] - Found 1 web elements with id: 'Object Repository/Connexion Usager/Btn_Creer Un Compte' located by 'By.xpath: /html/body/app-root/div/app-root/main/app-registration/div/div[3]/app-identification/form/p-button/button' in '5' second(s)

2023-11-23 14:09:30 - [MESSAGE][INFO] - Clicking on object: 'Object Repository/Connexion Usager/Btn_Creer Un Compte'

2023-11-23 14:09:32 - [MESSAGE][PASSED] - Object: 'Object Repository/Connexion Usager/Btn_Creer Un Compte' is clicked on

2023-11-23 14:09:32 - [TEST_STEP][PASSED] - "VÃ©rification si Certaines informations que vous avez saisies sont incorrectes. Veuillez vÃ©rifier votre saisie. pb serveur AGERDF": null

2023-11-23 14:09:32 - [TEST_STEP][PASSED] - callTestCase(findTestCase("Test Cases/Test Reutilisable/Main/VerificationCertainesInformationsSontIncorrectes"), [:], OPTIONAL): Call Test Case 'Test Cases/Test Reutilisable/Main/VerificationCertainesInformationsSontIncorrectes' successfully

2023-11-23 14:09:32 - [MESSAGE][INFO] - Checking called Test Case

2023-11-23 14:09:32 - [MESSAGE][INFO] - Starting to call Test Case 'Test Cases/Test Reutilisable/Main/VerificationCertainesInformationsSontIncorrectes'

2023-11-23 14:09:32 - [TEST_CASE][PASSED] - Test Cases/Test Reutilisable/Main/VerificationCertainesInformationsSontIncorrectes: Test Cases/Test Reutilisable/Main/VerificationCertainesInformationsSontIncorrectes

2023-11-23 14:09:33 - [TEST_STEP][PASSED] - "VÃ©rification si Certaines informations que vous avez saisies sont incorrectes. Veuillez vÃ©rifier votre saisie. pb serveur AGERDF": null

2023-11-23 14:09:33 - [TEST_STEP][PASSED] - delay(3): Delayed 3 second(s)

2023-11-23 14:09:33 - [MESSAGE][INFO] - Delaying browser in 3 second(s)

2023-11-23 14:09:36 - [MESSAGE][PASSED] - Delayed 3 second(s)

2023-11-23 14:09:36 - [TEST_STEP][PASSED] - StopTestCase = false: null

2023-11-23 14:09:36 - [TEST_STEP][PASSED] - MsgAlertPresent = verifyElementVisible(findTestObject("Object Repository/Connexion Usager/lbl_CertainesInformationsSaisiesSontIncorrectes"), OPTIONAL): Object 'Object Repository/Connexion Usager/lbl_CertainesInformationsSaisiesSontIncorrectes' is visible

2023-11-23 14:09:36 - [MESSAGE][INFO] - Finding Test Object 'Object Repository/Connexion Usager/lbl_CertainesInformationsSaisiesSontIncorrectes'

2023-11-23 14:09:36 - [MESSAGE][INFO] - Checking object

2023-11-23 14:09:36 - [MESSAGE][INFO] - Finding web element from Test Object's properties

2023-11-23 14:09:36 - [MESSAGE][INFO] - Checking timeout

2023-11-23 14:09:36 - [MESSAGE][INFO] - Finding web element with id: 'Object Repository/Connexion Usager/lbl_CertainesInformationsSaisiesSontIncorrectes' located by 'By.xpath: //p' in '5' second(s)

2023-11-23 14:09:36 - [MESSAGE][INFO] - Smart Wait Function is triggered

2023-11-23 14:09:37 - [MESSAGE][INFO] - Found 4 web elements with id: 'Object Repository/Connexion Usager/lbl_CertainesInformationsSaisiesSontIncorrectes' located by 'By.xpath: //p' in '5' second(s)

2023-11-23 14:09:37 - [MESSAGE][PASSED] - Object 'Object Repository/Connexion Usager/lbl_CertainesInformationsSaisiesSontIncorrectes' is visible

2023-11-23 14:09:37 - [TEST_STEP][PASSED] - if (MsgAlertPresent): null

2023-11-23 14:09:37 - [TEST_STEP][PASSED] - TextAlert = getText(findTestObject("Object Repository/Connexion Usager/lbl_CertainesInformationsSaisiesSontIncorrectes"), OPTIONAL): Text of object 'Object Repository/Connexion Usager/lbl_CertainesInformationsSaisiesSontIncorrectes' is: 'Certaines informations que vous avez saisies sont incorrectes. Veuillez vÃ©rifier votre saisie.'

2023-11-23 14:09:37 - [MESSAGE][INFO] - Finding Test Object 'Object Repository/Connexion Usager/lbl_CertainesInformationsSaisiesSontIncorrectes'

2023-11-23 14:09:37 - [MESSAGE][INFO] - Checking object

2023-11-23 14:09:37 - [MESSAGE][INFO] - Finding web element from Test Object's properties

2023-11-23 14:09:37 - [MESSAGE][INFO] - Checking timeout

2023-11-23 14:09:37 - [MESSAGE][INFO] - Finding web element with id: 'Object Repository/Connexion Usager/lbl_CertainesInformationsSaisiesSontIncorrectes' located by 'By.xpath: //p' in '5' second(s)

2023-11-23 14:09:37 - [MESSAGE][INFO] - Smart Wait Function is triggered

2023-11-23 14:09:37 - [MESSAGE][INFO] - Found 4 web elements with id: 'Object Repository/Connexion Usager/lbl_CertainesInformationsSaisiesSontIncorrectes' located by 'By.xpath: //p' in '5' second(s)

2023-11-23 14:09:37 - [MESSAGE][INFO] - Getting text of object 'Object Repository/Connexion Usager/lbl_CertainesInformationsSaisiesSontIncorrectes'

2023-11-23 14:09:37 - [MESSAGE][PASSED] - Text of object 'Object Repository/Connexion Usager/lbl_CertainesInformationsSaisiesSontIncorrectes' is: 'Certaines informations que vous avez saisies sont incorrectes. Veuillez vÃ©rifier votre saisie.'

2023-11-23 14:09:37 - [TEST_STEP][PASSED] - tools.markWarningAndStop.markWarningAndStopTest(TextAlert): tools.markWarningAndStop.markWarningAndStopTest is PASSED

2023-11-23 14:09:37 - [MESSAGE][WARNING] - Certaines informations que vous avez saisies sont incorrectes. Veuillez vÃ©rifier votre saisie.

2023-11-23 14:09:37 - [MESSAGE][PASSED] - tools.markWarningAndStop.markWarningAndStopTest is PASSED

2023-11-23 14:09:37 - [TEST_STEP][PASSED] - MsgStopTestCase = TextAlert: null

2023-11-23 14:09:37 - [TEST_STEP][PASSED] - return null: null

2023-11-23 14:09:37 - [MESSAGE][PASSED] - Call Test Case 'Test Cases/Test Reutilisable/Main/VerificationCertainesInformationsSontIncorrectes' successfully

2023-11-23 14:09:37 - [TEST_STEP][PASSED] - if (StopTestCase == true): null

2023-11-23 14:09:37 - [TEST_STEP][PASSED] - return null: null

2023-11-23 14:09:37 - [MESSAGE][PASSED] - Call Test Case 'Test Cases/Test Reutilisable/Main/Creer Votre Compte' successfully

2023-11-23 14:09:37 - [TEST_STEP][PASSED] - if (StopTestCase == false): null

2023-11-23 14:09:39 - [TEST_STEP][PASSED] - Video: Video recording for test case 'Test Cases/Cas D Utilisations/Usager Etudiant/TNR R.TSPT Supp90-Etudiant' .

2023-11-23 14:09:39 - [MESSAGE][INFO] - Video recording for test case 'Test Cases/Cas D Utilisations/Usager Etudiant/TNR R.TSPT Supp90-Etudiant' .]]></system-out>
         <system-err><![CDATA[]]></system-err>
      </testcase>
      <system-out><![CDATA[2023-11-23 14:08:04 - [TEST_SUITE][PASSED] - TS_TNR_R.TSPT_Suppo90: Test Cases/Cas D Utilisations/Usager Etudiant/TNR R.TSPT Supp90-Etudiant]]></system-out>
      <system-err><![CDATA[]]></system-err>
   </testsuite>
</testsuites>
