<?xml version="1.0" encoding="UTF-8"?>
<testsuites name="TS_TNR_R.TSPT_Suppo90" time="450.583" tests="1" failures="0" errors="0">
   <testsuite name="TS_TNR_R.TSPT_Suppo90" tests="1" failures="0" errors="0" time="450.583" skipped="0" timestamp="2023-11-23 09:50:21" hostname="hhizaoui - FRLFK0635000045.corp.capgemini.com" id="Test Suites/TS_TNR_R.TSPT_Suppo90">
      <properties>
         <property name="deviceName" value=""/>
         <property name="devicePlatform" value=""/>
         <property name="logFolder" value="C:\\Users\\hhizaoui\\.git\\NewProject29092023\\Nouveau dossier1\\21_11\\ANEF-AutomatizationProject\\Reports\\20231123_095018\\TS_TNR_R.TSPT_Suppo90\\20231123_095018"/>
         <property name="logFiles" value="C:\\Users\\hhizaoui\\.git\\NewProject29092023\\Nouveau dossier1\\21_11\\ANEF-AutomatizationProject\\Reports\\20231123_095018\\TS_TNR_R.TSPT_Suppo90\\20231123_095018\\execution0.log"/>
         <property name="attachments" value="C:\\Users\\hhizaoui\\.git\\NewProject29092023\\Nouveau dossier1\\21_11\\ANEF-AutomatizationProject\\Reports\\20231123_095018\\TS_TNR_R.TSPT_Suppo90\\20231123_095018\\1700729494383.png, C:\\Users\\hhizaoui\\.git\\NewProject29092023\\Nouveau dossier1\\21_11\\ANEF-AutomatizationProject\\Reports\\20231123_095018\\TS_TNR_R.TSPT_Suppo90\\20231123_095018\\1700729501630.png, C:\\Users\\hhizaoui\\.git\\NewProject29092023\\Nouveau dossier1\\21_11\\ANEF-AutomatizationProject\\Reports\\20231123_095018\\TS_TNR_R.TSPT_Suppo90\\20231123_095018\\1700729616466.png, C:\\Users\\hhizaoui\\.git\\NewProject29092023\\Nouveau dossier1\\21_11\\ANEF-AutomatizationProject\\Reports\\20231123_095018\\TS_TNR_R.TSPT_Suppo90\\20231123_095018\\1700729686983.png, C:\\Users\\hhizaoui\\.git\\NewProject29092023\\Nouveau dossier1\\21_11\\ANEF-AutomatizationProject\\Reports\\20231123_095018\\TS_TNR_R.TSPT_Suppo90\\20231123_095018\\1700729691136.png, C:\\Users\\hhizaoui\\.git\\NewProject29092023\\Nouveau dossier1\\21_11\\ANEF-AutomatizationProject\\Reports\\20231123_095018\\TS_TNR_R.TSPT_Suppo90\\20231123_095018\\1700729695420.png"/>
         <property name="hostName" value="hhizaoui - FRLFK0635000045.corp.capgemini.com"/>
         <property name="os" value="Windows 10 64bit"/>
         <property name="katalonVersion" value="8.6.6.208"/>
         <property name="browser" value="Chrome 119.0.0.0"/>
         <property name="hostAddress" value="192.168.0.14"/>
         <property name="sessionId" value="33beab1710cb3597d4ba0dcac4477743"/>
         <property name="seleniumVersion" value="3.141.59"/>
         <property name="proxyInformation" value="ProxyInformation { proxyOption=USE_SYSTEM, proxyServerType=HTTP, username=, password=********, proxyServerAddress=127.0.0.1, proxyServerPort=8082, executionList=&quot;&quot;, isApplyToDesiredCapabilities=true }"/>
         <property name="platform" value="Windows 10"/>
      </properties>
      <testcase name="Test Cases/Cas D Utilisations/Usager Etudiant/TNR R.TSPT Supp90-Etudiant" time="450.169" classname="Test Cases/Cas D Utilisations/Usager Etudiant/TNR R.TSPT Supp90-Etudiant" status="PASSED">
         <system-out><![CDATA[2023-11-23 09:50:21 - [TEST_CASE][PASSED] - Test Cases/Cas D Utilisations/Usager Etudiant/TNR R.TSPT Supp90-Etudiant: Test Cases/Cas D Utilisations/Usager Etudiant/TNR R.TSPT Supp90-Etudiant

2023-11-23 09:50:22 - [TEST_STEP][PASSED] - com.kazurayam.ksbackyard.HighlightElement.pandemic(): com.kazurayam.ksbackyard.HighlightElement.pandemic is PASSED

2023-11-23 09:50:22 - [MESSAGE][PASSED] - com.kazurayam.ksbackyard.HighlightElement.pandemic is PASSED

2023-11-23 09:50:22 - [TEST_STEP][PASSED] - callTestCase(findTestCase("Test Reutilisable/Main/Lancer URL ANEF"), ["Profiles":"Usager", "EnvExec":EnvExec], STOP_ON_FAILURE): Call Test Case 'Test Cases/Test Reutilisable/Main/Lancer URL ANEF' successfully

2023-11-23 09:50:23 - [MESSAGE][INFO] - Checking called Test Case

2023-11-23 09:50:23 - [MESSAGE][INFO] - Starting to call Test Case 'Test Cases/Test Reutilisable/Main/Lancer URL ANEF'

2023-11-23 09:50:23 - [TEST_CASE][PASSED] - Test Cases/Test Reutilisable/Main/Lancer URL ANEF: Test Cases/Test Reutilisable/Main/Lancer URL ANEF

2023-11-23 09:50:25 - [TEST_STEP][PASSED] - "RunConfiguration: getProjectDir for LogDriver ": null

2023-11-23 09:50:25 - [TEST_STEP][PASSED] - RunBrowserConfiguration = getExecutionProperties(): null

2023-11-23 09:50:25 - [TEST_STEP][PASSED] - DriverName = "": null

2023-11-23 09:50:25 - [TEST_STEP][PASSED] - openBrowser(""): Browser is opened with url: ''

2023-11-23 09:50:25 - [MESSAGE][INFO] - Opening browser

2023-11-23 09:50:25 - [MESSAGE][INFO] - Starting 'Chrome' driver

2023-11-23 09:50:25 - [MESSAGE][INFO] - User set preference: ['args', '[--incognito, --start-maximized, --remote-allow-origins=*]']

2023-11-23 09:50:25 - [MESSAGE][INFO] - User set preference: ['prefs', '{download.default_directory=${GlobalVariable.downloadPath}, download_dir=${GlobalVariable.downloadPath}, download.prompt_for_download=false}']

2023-11-23 09:50:25 - [MESSAGE][INFO] - User set preference: ['loggingPrefs', '{browser=ALL}']

2023-11-23 09:50:25 - [MESSAGE][INFO] - Action delay is set to 2Â 000 milliseconds

2023-11-23 09:50:28 - [MESSAGE][PASSED] - Browser is opened with url: ''

2023-11-23 09:50:28 - [TEST_STEP][PASSED] - driver = getWebDriver(): null

2023-11-23 09:50:28 - [TEST_STEP][PASSED] - wrappedDriver = driver.getWrappedDriver(): null

2023-11-23 09:50:28 - [TEST_STEP][PASSED] - out.println(wrappedDriver.getClass()): null

2023-11-23 09:50:28 - [TEST_STEP][PASSED] - if (class == com.kms.katalon.selenium.driver.CRemoteWebDriver): null

2023-11-23 09:50:28 - [TEST_STEP][PASSED] - else: null

2023-11-23 09:50:28 - [TEST_STEP][PASSED] - DriverName = get("WebUI").get("browserType"): null

2023-11-23 09:50:28 - [TEST_STEP][PASSED] - println("DriverName :" + DriverName): null

2023-11-23 09:50:28 - [TEST_STEP][PASSED] - println("Driverpath :" + RunBrowserConfiguration.get("drivers")): null

2023-11-23 09:50:28 - [TEST_STEP][PASSED] - DriverName = DriverName: null

2023-11-23 09:50:29 - [TEST_STEP][PASSED] - delay(medium_wait): Delayed 3 second(s)

2023-11-23 09:50:29 - [MESSAGE][INFO] - Delaying browser in 3 second(s)

2023-11-23 09:50:32 - [MESSAGE][PASSED] - Delayed 3 second(s)

2023-11-23 09:50:32 - [TEST_STEP][PASSED] - executedBrowser = getExecutedBrowser(): null

2023-11-23 09:50:32 - [TEST_STEP][PASSED] - if (Profiles == "Usager"): null

2023-11-23 09:50:32 - [TEST_STEP][PASSED] - switch (DriverName): null

2023-11-23 09:50:32 - [TEST_STEP][PASSED] - case "CHROME_DRIVER":: null

2023-11-23 09:50:32 - [TEST_STEP][PASSED] - if (EnvExec == "URL_ANEFQualif"): null

2023-11-23 09:50:32 - [TEST_STEP][PASSED] - if (EnvExec == "URL_ANEFPreProd"): Navigate to 'https://preprod.administration-etrangers-en-france.interieur.gouv.fr/particuliers/#/' successfully

2023-11-23 09:50:32 - [TEST_STEP][PASSED] - navigateToUrl(URL_ANEFPreProd): Navigate to 'https://preprod.administration-etrangers-en-france.interieur.gouv.fr/particuliers/#/' successfully

2023-11-23 09:50:32 - [MESSAGE][INFO] - Checking url

2023-11-23 09:50:32 - [MESSAGE][INFO] - Navigating to 'https://preprod.administration-etrangers-en-france.interieur.gouv.fr/particuliers/#/'

2023-11-23 09:50:35 - [MESSAGE][PASSED] - Navigate to 'https://preprod.administration-etrangers-en-france.interieur.gouv.fr/particuliers/#/' successfully

2023-11-23 09:50:35 - [TEST_STEP][PASSED] - maximizeWindow(): Current window maximized

2023-11-23 09:50:35 - [MESSAGE][INFO] - Maximizing current window

2023-11-23 09:50:35 - [MESSAGE][PASSED] - Current window maximized

2023-11-23 09:50:35 - [TEST_STEP][PASSED] - System.setProperty("webdriver.chrome.driver", getChromeDriverPath()): null

2023-11-23 09:50:35 - [TEST_STEP][PASSED] - System.setProperty("webdriver.chrome.logfile", getProjectDir() + "/Dump/chromedriver.log"): null

2023-11-23 09:50:35 - [TEST_STEP][PASSED] - callTestCase(findTestCase("Test Reutilisable/Main/Erreur lie a la confidentialite"), [:], STOP_ON_FAILURE): Call Test Case 'Test Cases/Test Reutilisable/Main/Erreur lie a la confidentialite' successfully

2023-11-23 09:50:35 - [MESSAGE][INFO] - Checking called Test Case

2023-11-23 09:50:35 - [MESSAGE][INFO] - Starting to call Test Case 'Test Cases/Test Reutilisable/Main/Erreur lie a la confidentialite'

2023-11-23 09:50:35 - [TEST_CASE][PASSED] - Test Cases/Test Reutilisable/Main/Erreur lie a la confidentialite: Test Cases/Test Reutilisable/Main/Erreur lie a la confidentialite

2023-11-23 09:50:35 - [TEST_STEP][PASSED] - tools.WaitForLoadedPage.waitForElementRendering(): tools.WaitForLoadedPage.waitForElementRendering is PASSED

2023-11-23 09:50:35 - [MESSAGE][PASSED] - tools.WaitForLoadedPage.waitForElementRendering is PASSED

2023-11-23 09:50:35 - [TEST_STEP][PASSED] - "Call Highlight.on() automatically": null

2023-11-23 09:50:35 - [TEST_STEP][PASSED] - DriverName = DriverName: null

2023-11-23 09:50:35 - [TEST_STEP][PASSED] - if (DriverName == "CHROME_DRIVER" || "EDGE_CHROMIUM_DRIVER" || "HEADLESS_DRIVER"): null

2023-11-23 09:50:35 - [TEST_STEP][PASSED] - if (verifyElementPresent(findTestObject("Object Repository/Connexion Usager/Btn_Parametres Avances"), 2, OPTIONAL)): null

2023-11-23 09:50:35 - [MESSAGE][INFO] - Finding Test Object 'Object Repository/Connexion Usager/Btn_Parametres Avances'

2023-11-23 09:50:35 - [MESSAGE][INFO] - Checking object

2023-11-23 09:50:35 - [MESSAGE][INFO] - Finding web element from Test Object's properties

2023-11-23 09:50:35 - [MESSAGE][INFO] - Checking timeout

2023-11-23 09:50:35 - [MESSAGE][INFO] - Finding web element with id: 'Object Repository/Connexion Usager/Btn_Parametres Avances' located by 'By.xpath: //*[@id="details-button"]' in '2' second(s)

2023-11-23 09:50:35 - [MESSAGE][INFO] - Smart Wait Function is triggered

2023-11-23 09:50:36 - [MESSAGE][INFO] - Found 1 web elements with id: 'Object Repository/Connexion Usager/Btn_Parametres Avances' located by 'By.xpath: //*[@id="details-button"]' in '2' second(s)

2023-11-23 09:50:36 - [MESSAGE][PASSED] - Object 'Object Repository/Connexion Usager/Btn_Parametres Avances' is present

2023-11-23 09:50:36 - [TEST_STEP][PASSED] - click(findTestObject("Object Repository/Connexion Usager/Btn_Parametres Avances"), OPTIONAL): Object: 'Object Repository/Connexion Usager/Btn_Parametres Avances' is clicked on

2023-11-23 09:50:36 - [MESSAGE][INFO] - Finding Test Object 'Object Repository/Connexion Usager/Btn_Parametres Avances'

2023-11-23 09:50:36 - [MESSAGE][INFO] - Checking timeout

2023-11-23 09:50:36 - [MESSAGE][INFO] - Finding web element with id: 'Object Repository/Connexion Usager/Btn_Parametres Avances' located by 'By.xpath: //*[@id="details-button"]' in '20' second(s)

2023-11-23 09:50:36 - [MESSAGE][INFO] - Smart Wait Function is triggered

2023-11-23 09:50:36 - [MESSAGE][INFO] - Found 1 web elements with id: 'Object Repository/Connexion Usager/Btn_Parametres Avances' located by 'By.xpath: //*[@id="details-button"]' in '20' second(s)

2023-11-23 09:50:36 - [MESSAGE][INFO] - Checking object

2023-11-23 09:50:36 - [MESSAGE][INFO] - Checking timeout

2023-11-23 09:50:36 - [MESSAGE][INFO] - Finding web element from Test Object's properties

2023-11-23 09:50:36 - [MESSAGE][INFO] - Checking timeout

2023-11-23 09:50:36 - [MESSAGE][INFO] - Finding web element with id: 'Object Repository/Connexion Usager/Btn_Parametres Avances' located by 'By.xpath: //*[@id="details-button"]' in '5' second(s)

2023-11-23 09:50:36 - [MESSAGE][INFO] - Smart Wait Function is triggered

2023-11-23 09:50:36 - [MESSAGE][INFO] - Found 1 web elements with id: 'Object Repository/Connexion Usager/Btn_Parametres Avances' located by 'By.xpath: //*[@id="details-button"]' in '5' second(s)

2023-11-23 09:50:36 - [MESSAGE][INFO] - Clicking on object: 'Object Repository/Connexion Usager/Btn_Parametres Avances'

2023-11-23 09:50:38 - [MESSAGE][PASSED] - Object: 'Object Repository/Connexion Usager/Btn_Parametres Avances' is clicked on

2023-11-23 09:50:38 - [TEST_STEP][PASSED] - click(findTestObject("Object Repository/Connexion Usager/Link_Proceed-Link"), OPTIONAL): Object: 'Object Repository/Connexion Usager/Link_Proceed-Link' is clicked on

2023-11-23 09:50:38 - [MESSAGE][INFO] - Finding Test Object 'Object Repository/Connexion Usager/Link_Proceed-Link'

2023-11-23 09:50:38 - [MESSAGE][INFO] - Checking timeout

2023-11-23 09:50:38 - [MESSAGE][INFO] - Finding web element with id: 'Object Repository/Connexion Usager/Link_Proceed-Link' located by 'By.xpath: //*[@id="proceed-link"]' in '20' second(s)

2023-11-23 09:50:38 - [MESSAGE][INFO] - Smart Wait Function is triggered

2023-11-23 09:50:38 - [MESSAGE][INFO] - Found 1 web elements with id: 'Object Repository/Connexion Usager/Link_Proceed-Link' located by 'By.xpath: //*[@id="proceed-link"]' in '20' second(s)

2023-11-23 09:50:38 - [MESSAGE][INFO] - Checking object

2023-11-23 09:50:38 - [MESSAGE][INFO] - Checking timeout

2023-11-23 09:50:38 - [MESSAGE][INFO] - Finding web element from Test Object's properties

2023-11-23 09:50:38 - [MESSAGE][INFO] - Checking timeout

2023-11-23 09:50:38 - [MESSAGE][INFO] - Finding web element with id: 'Object Repository/Connexion Usager/Link_Proceed-Link' located by 'By.xpath: //*[@id="proceed-link"]' in '5' second(s)

2023-11-23 09:50:38 - [MESSAGE][INFO] - Smart Wait Function is triggered

2023-11-23 09:50:38 - [MESSAGE][INFO] - Found 1 web elements with id: 'Object Repository/Connexion Usager/Link_Proceed-Link' located by 'By.xpath: //*[@id="proceed-link"]' in '5' second(s)

2023-11-23 09:50:38 - [MESSAGE][INFO] - Clicking on object: 'Object Repository/Connexion Usager/Link_Proceed-Link'

2023-11-23 09:50:40 - [MESSAGE][PASSED] - Object: 'Object Repository/Connexion Usager/Link_Proceed-Link' is clicked on

2023-11-23 09:50:40 - [TEST_STEP][PASSED] - if (DriverName == "IE_DRIVER"): null

2023-11-23 09:50:40 - [TEST_STEP][PASSED] - delay(3): Delayed 3 second(s)

2023-11-23 09:50:40 - [MESSAGE][INFO] - Delaying browser in 3 second(s)

2023-11-23 09:50:43 - [MESSAGE][PASSED] - Delayed 3 second(s)

2023-11-23 09:50:43 - [MESSAGE][PASSED] - Call Test Case 'Test Cases/Test Reutilisable/Main/Erreur lie a la confidentialite' successfully

2023-11-23 09:50:43 - [TEST_STEP][PASSED] - delay(5): Delayed 5 second(s)

2023-11-23 09:50:43 - [MESSAGE][INFO] - Delaying browser in 5 second(s)

2023-11-23 09:50:48 - [MESSAGE][PASSED] - Delayed 5 second(s)

2023-11-23 09:50:48 - [TEST_STEP][PASSED] - verifyElementVisible(findTestObject("Object Repository/Connexion Usager/Link_Se Connecter"), STOP_ON_FAILURE): Object 'Object Repository/Connexion Usager/Link_Se Connecter' is visible

2023-11-23 09:50:48 - [MESSAGE][INFO] - Finding Test Object 'Object Repository/Connexion Usager/Link_Se Connecter'

2023-11-23 09:50:48 - [MESSAGE][INFO] - Checking object

2023-11-23 09:50:48 - [MESSAGE][INFO] - Finding web element from Test Object's properties

2023-11-23 09:50:48 - [MESSAGE][INFO] - Checking timeout

2023-11-23 09:50:48 - [MESSAGE][INFO] - Finding web element with id: 'Object Repository/Connexion Usager/Link_Se Connecter' located by 'By.xpath: //*[@id="connexion_link"]' in '5' second(s)

2023-11-23 09:50:48 - [MESSAGE][INFO] - Smart Wait Function is triggered

2023-11-23 09:50:48 - [MESSAGE][INFO] - Found 1 web elements with id: 'Object Repository/Connexion Usager/Link_Se Connecter' located by 'By.xpath: //*[@id="connexion_link"]' in '5' second(s)

2023-11-23 09:50:48 - [MESSAGE][PASSED] - Object 'Object Repository/Connexion Usager/Link_Se Connecter' is visible

2023-11-23 09:50:48 - [TEST_STEP][PASSED] - break: null

2023-11-23 09:50:48 - [TEST_STEP][PASSED] - if (Profiles == "Agent"): null

2023-11-23 09:50:48 - [TEST_STEP][PASSED] - else: null

2023-11-23 09:50:48 - [TEST_STEP][PASSED] - println("VÃ©rifier le Portail de votre connexion Usager ou Agent"): null

2023-11-23 09:50:48 - [MESSAGE][PASSED] - Call Test Case 'Test Cases/Test Reutilisable/Main/Lancer URL ANEF' successfully

2023-11-23 09:50:48 - [TEST_STEP][PASSED] - callTestCase(findTestCase("Test Reutilisable/Main/Creer Votre Compte"), ["NumEtrangerVisa":NumEtrangerVisa, "DateDebut":DateDebut, "DateFin":DateFin, "EnvExec":EnvExec], STOP_ON_FAILURE): Call Test Case 'Test Cases/Test Reutilisable/Main/Creer Votre Compte' successfully

2023-11-23 09:50:48 - [MESSAGE][INFO] - Checking called Test Case

2023-11-23 09:50:48 - [MESSAGE][INFO] - Starting to call Test Case 'Test Cases/Test Reutilisable/Main/Creer Votre Compte'

2023-11-23 09:50:48 - [TEST_CASE][PASSED] - Test Cases/Test Reutilisable/Main/Creer Votre Compte: Test Cases/Test Reutilisable/Main/Creer Votre Compte

2023-11-23 09:50:49 - [TEST_STEP][PASSED] - "waiting for the number of elements in the DOM to stop changing": null

2023-11-23 09:50:49 - [TEST_STEP][PASSED] - com.kazurayam.ksbackyard.HighlightElement.pandemic(): com.kazurayam.ksbackyard.HighlightElement.pandemic is PASSED

2023-11-23 09:50:49 - [MESSAGE][PASSED] - com.kazurayam.ksbackyard.HighlightElement.pandemic is PASSED

2023-11-23 09:50:49 - [TEST_STEP][PASSED] - waitForPageLoad(5): Wait for page load successfully

2023-11-23 09:50:49 - [MESSAGE][INFO] - Checking timeout

2023-11-23 09:50:49 - [MESSAGE][PASSED] - Wait for page load successfully

2023-11-23 09:50:49 - [TEST_STEP][PASSED] - click(findTestObject("Object Repository/Connexion Usager/Link_Se Connecter")): Object: 'Object Repository/Connexion Usager/Link_Se Connecter' is clicked on

2023-11-23 09:50:49 - [MESSAGE][INFO] - Finding Test Object 'Object Repository/Connexion Usager/Link_Se Connecter'

2023-11-23 09:50:50 - [MESSAGE][INFO] - Checking timeout

2023-11-23 09:50:50 - [MESSAGE][INFO] - Finding web element with id: 'Object Repository/Connexion Usager/Link_Se Connecter' located by 'By.xpath: //*[@id="connexion_link"]' in '20' second(s)

2023-11-23 09:50:50 - [MESSAGE][INFO] - Smart Wait Function is triggered

2023-11-23 09:50:50 - [MESSAGE][INFO] - Found 1 web elements with id: 'Object Repository/Connexion Usager/Link_Se Connecter' located by 'By.xpath: //*[@id="connexion_link"]' in '20' second(s)

2023-11-23 09:50:50 - [MESSAGE][INFO] - Checking object

2023-11-23 09:50:50 - [MESSAGE][INFO] - Checking timeout

2023-11-23 09:50:50 - [MESSAGE][INFO] - Finding web element from Test Object's properties

2023-11-23 09:50:50 - [MESSAGE][INFO] - Checking timeout

2023-11-23 09:50:50 - [MESSAGE][INFO] - Finding web element with id: 'Object Repository/Connexion Usager/Link_Se Connecter' located by 'By.xpath: //*[@id="connexion_link"]' in '5' second(s)

2023-11-23 09:50:50 - [MESSAGE][INFO] - Smart Wait Function is triggered

2023-11-23 09:50:50 - [MESSAGE][INFO] - Found 1 web elements with id: 'Object Repository/Connexion Usager/Link_Se Connecter' located by 'By.xpath: //*[@id="connexion_link"]' in '5' second(s)

2023-11-23 09:50:50 - [MESSAGE][INFO] - Clicking on object: 'Object Repository/Connexion Usager/Link_Se Connecter'

2023-11-23 09:50:52 - [MESSAGE][PASSED] - Object: 'Object Repository/Connexion Usager/Link_Se Connecter' is clicked on

2023-11-23 09:50:52 - [TEST_STEP][PASSED] - if (EnvExec == "URL_ANEFQualif"): null

2023-11-23 09:50:52 - [TEST_STEP][PASSED] - click(findTestObject("Object Repository/Connexion Usager/Link_Creer Votre Compte")): Object: 'Object Repository/Connexion Usager/Link_Creer Votre Compte' is clicked on

2023-11-23 09:50:52 - [MESSAGE][INFO] - Finding Test Object 'Object Repository/Connexion Usager/Link_Creer Votre Compte'

2023-11-23 09:50:52 - [MESSAGE][INFO] - Checking timeout

2023-11-23 09:50:52 - [MESSAGE][INFO] - Finding web element with id: 'Object Repository/Connexion Usager/Link_Creer Votre Compte' located by 'By.xpath: /html/body/div/main/div[2]/a' in '20' second(s)

2023-11-23 09:50:52 - [MESSAGE][INFO] - Smart Wait Function is triggered

2023-11-23 09:50:52 - [MESSAGE][INFO] - Found 1 web elements with id: 'Object Repository/Connexion Usager/Link_Creer Votre Compte' located by 'By.xpath: /html/body/div/main/div[2]/a' in '20' second(s)

2023-11-23 09:50:52 - [MESSAGE][INFO] - Checking object

2023-11-23 09:50:52 - [MESSAGE][INFO] - Checking timeout

2023-11-23 09:50:52 - [MESSAGE][INFO] - Finding web element from Test Object's properties

2023-11-23 09:50:52 - [MESSAGE][INFO] - Checking timeout

2023-11-23 09:50:52 - [MESSAGE][INFO] - Finding web element with id: 'Object Repository/Connexion Usager/Link_Creer Votre Compte' located by 'By.xpath: /html/body/div/main/div[2]/a' in '5' second(s)

2023-11-23 09:50:52 - [MESSAGE][INFO] - Smart Wait Function is triggered

2023-11-23 09:50:52 - [MESSAGE][INFO] - Found 1 web elements with id: 'Object Repository/Connexion Usager/Link_Creer Votre Compte' located by 'By.xpath: /html/body/div/main/div[2]/a' in '5' second(s)

2023-11-23 09:50:52 - [MESSAGE][INFO] - Clicking on object: 'Object Repository/Connexion Usager/Link_Creer Votre Compte'

2023-11-23 09:50:55 - [MESSAGE][PASSED] - Object: 'Object Repository/Connexion Usager/Link_Creer Votre Compte' is clicked on

2023-11-23 09:50:55 - [TEST_STEP][PASSED] - waitForPageLoad(5): Wait for page load successfully

2023-11-23 09:50:55 - [MESSAGE][INFO] - Checking timeout

2023-11-23 09:50:55 - [MESSAGE][PASSED] - Wait for page load successfully

2023-11-23 09:50:55 - [TEST_STEP][PASSED] - println("NumEtrangerVisa = " + NumEtrangerVisa): null

2023-11-23 09:50:55 - [TEST_STEP][PASSED] - setText(findTestObject("Object Repository/Connexion Usager/Input_Numero etranger_Visa"), NumEtrangerVisa): Text '7703040870' is set on object 'Object Repository/Connexion Usager/Input_Numero etranger_Visa'

2023-11-23 09:50:55 - [MESSAGE][INFO] - Finding Test Object 'Object Repository/Connexion Usager/Input_Numero etranger_Visa'

2023-11-23 09:50:55 - [MESSAGE][INFO] - Checking timeout

2023-11-23 09:50:55 - [MESSAGE][INFO] - Finding web element with id: 'Object Repository/Connexion Usager/Input_Numero etranger_Visa' located by 'By.xpath: //*[@placeholder="Exemple : 9999999999" and @type = 'text']' in '20' second(s)

2023-11-23 09:50:55 - [MESSAGE][INFO] - Smart Wait Function is triggered

2023-11-23 09:50:55 - [MESSAGE][INFO] - Found 1 web elements with id: 'Object Repository/Connexion Usager/Input_Numero etranger_Visa' located by 'By.xpath: //*[@placeholder="Exemple : 9999999999" and @type = 'text']' in '20' second(s)

2023-11-23 09:50:55 - [MESSAGE][INFO] - Checking object

2023-11-23 09:50:55 - [MESSAGE][INFO] - Checking text

2023-11-23 09:50:55 - [MESSAGE][INFO] - Finding web element from Test Object's properties

2023-11-23 09:50:55 - [MESSAGE][INFO] - Checking timeout

2023-11-23 09:50:55 - [MESSAGE][INFO] - Finding web element with id: 'Object Repository/Connexion Usager/Input_Numero etranger_Visa' located by 'By.xpath: //*[@placeholder="Exemple : 9999999999" and @type = 'text']' in '5' second(s)

2023-11-23 09:50:55 - [MESSAGE][INFO] - Smart Wait Function is triggered

2023-11-23 09:50:55 - [MESSAGE][INFO] - Found 1 web elements with id: 'Object Repository/Connexion Usager/Input_Numero etranger_Visa' located by 'By.xpath: //*[@placeholder="Exemple : 9999999999" and @type = 'text']' in '5' second(s)

2023-11-23 09:50:55 - [MESSAGE][INFO] - Clearing text of object 'Object Repository/Connexion Usager/Input_Numero etranger_Visa'

2023-11-23 09:50:57 - [MESSAGE][INFO] - Finding web element from Test Object's properties

2023-11-23 09:50:57 - [MESSAGE][INFO] - Checking timeout

2023-11-23 09:50:57 - [MESSAGE][INFO] - Finding web element with id: 'Object Repository/Connexion Usager/Input_Numero etranger_Visa' located by 'By.xpath: //*[@placeholder="Exemple : 9999999999" and @type = 'text']' in '5' second(s)

2023-11-23 09:50:57 - [MESSAGE][INFO] - Smart Wait Function is triggered

2023-11-23 09:50:57 - [MESSAGE][INFO] - Found 1 web elements with id: 'Object Repository/Connexion Usager/Input_Numero etranger_Visa' located by 'By.xpath: //*[@placeholder="Exemple : 9999999999" and @type = 'text']' in '5' second(s)

2023-11-23 09:50:57 - [MESSAGE][INFO] - Setting text of object 'Object Repository/Connexion Usager/Input_Numero etranger_Visa' to value '7703040870'

2023-11-23 09:50:59 - [MESSAGE][PASSED] - Text '7703040870' is set on object 'Object Repository/Connexion Usager/Input_Numero etranger_Visa'

2023-11-23 09:50:59 - [TEST_STEP][PASSED] - DateDebut = DateDebut: null

2023-11-23 09:50:59 - [TEST_STEP][PASSED] - DateDebut = tools.MyStringTools.ParsedDateDebut(): tools.MyStringTools.ParsedDateDebut is PASSED

2023-11-23 09:50:59 - [MESSAGE][PASSED] - tools.MyStringTools.ParsedDateDebut is PASSED

2023-11-23 09:50:59 - [TEST_STEP][PASSED] - ParsedDateDebut = tools.MyStringTools.ParsedDateDebut(): tools.MyStringTools.ParsedDateDebut is PASSED

2023-11-23 09:50:59 - [MESSAGE][PASSED] - tools.MyStringTools.ParsedDateDebut is PASSED

2023-11-23 09:50:59 - [TEST_STEP][PASSED] - setText(findTestObject("Object Repository/Connexion Usager/Date Debut Validite/Input_Jour"), ParsedDateDebut[0]): Text '24' is set on object 'Object Repository/Connexion Usager/Date Debut Validite/Input_Jour'

2023-11-23 09:50:59 - [MESSAGE][INFO] - Finding Test Object 'Object Repository/Connexion Usager/Date Debut Validite/Input_Jour'

2023-11-23 09:50:59 - [MESSAGE][INFO] - Checking timeout

2023-11-23 09:50:59 - [MESSAGE][INFO] - Finding web element with id: 'Object Repository/Connexion Usager/Date Debut Validite/Input_Jour' located by 'By.xpath: /html/body/app-root/div/app-root/main/app-registration/div/div[3]/app-identification/form/div[2]/app-date[1]/fieldset/div[2]/div[1]/input' in '20' second(s)

2023-11-23 09:50:59 - [MESSAGE][INFO] - Smart Wait Function is triggered

2023-11-23 09:51:00 - [MESSAGE][INFO] - Found 1 web elements with id: 'Object Repository/Connexion Usager/Date Debut Validite/Input_Jour' located by 'By.xpath: /html/body/app-root/div/app-root/main/app-registration/div/div[3]/app-identification/form/div[2]/app-date[1]/fieldset/div[2]/div[1]/input' in '20' second(s)

2023-11-23 09:51:00 - [MESSAGE][INFO] - Checking object

2023-11-23 09:51:00 - [MESSAGE][INFO] - Checking text

2023-11-23 09:51:00 - [MESSAGE][INFO] - Finding web element from Test Object's properties

2023-11-23 09:51:00 - [MESSAGE][INFO] - Checking timeout

2023-11-23 09:51:00 - [MESSAGE][INFO] - Finding web element with id: 'Object Repository/Connexion Usager/Date Debut Validite/Input_Jour' located by 'By.xpath: /html/body/app-root/div/app-root/main/app-registration/div/div[3]/app-identification/form/div[2]/app-date[1]/fieldset/div[2]/div[1]/input' in '5' second(s)

2023-11-23 09:51:00 - [MESSAGE][INFO] - Smart Wait Function is triggered

2023-11-23 09:51:00 - [MESSAGE][INFO] - Found 1 web elements with id: 'Object Repository/Connexion Usager/Date Debut Validite/Input_Jour' located by 'By.xpath: /html/body/app-root/div/app-root/main/app-registration/div/div[3]/app-identification/form/div[2]/app-date[1]/fieldset/div[2]/div[1]/input' in '5' second(s)

2023-11-23 09:51:00 - [MESSAGE][INFO] - Clearing text of object 'Object Repository/Connexion Usager/Date Debut Validite/Input_Jour'

2023-11-23 09:51:02 - [MESSAGE][INFO] - Finding web element from Test Object's properties

2023-11-23 09:51:02 - [MESSAGE][INFO] - Checking timeout

2023-11-23 09:51:02 - [MESSAGE][INFO] - Finding web element with id: 'Object Repository/Connexion Usager/Date Debut Validite/Input_Jour' located by 'By.xpath: /html/body/app-root/div/app-root/main/app-registration/div/div[3]/app-identification/form/div[2]/app-date[1]/fieldset/div[2]/div[1]/input' in '5' second(s)

2023-11-23 09:51:02 - [MESSAGE][INFO] - Smart Wait Function is triggered

2023-11-23 09:51:02 - [MESSAGE][INFO] - Found 1 web elements with id: 'Object Repository/Connexion Usager/Date Debut Validite/Input_Jour' located by 'By.xpath: /html/body/app-root/div/app-root/main/app-registration/div/div[3]/app-identification/form/div[2]/app-date[1]/fieldset/div[2]/div[1]/input' in '5' second(s)

2023-11-23 09:51:02 - [MESSAGE][INFO] - Setting text of object 'Object Repository/Connexion Usager/Date Debut Validite/Input_Jour' to value '24'

2023-11-23 09:51:04 - [MESSAGE][PASSED] - Text '24' is set on object 'Object Repository/Connexion Usager/Date Debut Validite/Input_Jour'

2023-11-23 09:51:04 - [TEST_STEP][PASSED] - selectOptionByIndex(findTestObject("Object Repository/Connexion Usager/Date Debut Validite/Select_Mois"), ParsedDateDebut[1]): All options with index in [12] are selected on object 'Object Repository/Connexion Usager/Date Debut Validite/Select_Mois'

2023-11-23 09:51:04 - [MESSAGE][INFO] - Finding Test Object 'Object Repository/Connexion Usager/Date Debut Validite/Select_Mois'

2023-11-23 09:51:04 - [MESSAGE][INFO] - Checking timeout

2023-11-23 09:51:04 - [MESSAGE][INFO] - Finding web element with id: 'Object Repository/Connexion Usager/Date Debut Validite/Select_Mois' located by 'By.xpath: /html/body/app-root/div/app-root/main/app-registration/div/div[3]/app-identification/form/div[2]/app-date[1]/fieldset/div[2]/div[2]/select' in '20' second(s)

2023-11-23 09:51:04 - [MESSAGE][INFO] - Smart Wait Function is triggered

2023-11-23 09:51:04 - [MESSAGE][INFO] - Found 1 web elements with id: 'Object Repository/Connexion Usager/Date Debut Validite/Select_Mois' located by 'By.xpath: /html/body/app-root/div/app-root/main/app-registration/div/div[3]/app-identification/form/div[2]/app-date[1]/fieldset/div[2]/div[2]/select' in '20' second(s)

2023-11-23 09:51:04 - [MESSAGE][INFO] - Checking object

2023-11-23 09:51:04 - [MESSAGE][INFO] - Checking index range

2023-11-23 09:51:04 - [MESSAGE][INFO] - Converting range parameter '12' to index array

2023-11-23 09:51:04 - [MESSAGE][INFO] - Range parameter '12' is converted to index array [12]

2023-11-23 09:51:04 - [MESSAGE][INFO] - Finding web element from Test Object's properties

2023-11-23 09:51:04 - [MESSAGE][INFO] - Checking timeout

2023-11-23 09:51:04 - [MESSAGE][INFO] - Finding web element with id: 'Object Repository/Connexion Usager/Date Debut Validite/Select_Mois' located by 'By.xpath: /html/body/app-root/div/app-root/main/app-registration/div/div[3]/app-identification/form/div[2]/app-date[1]/fieldset/div[2]/div[2]/select' in '5' second(s)

2023-11-23 09:51:04 - [MESSAGE][INFO] - Smart Wait Function is triggered

2023-11-23 09:51:04 - [MESSAGE][INFO] - Found 1 web elements with id: 'Object Repository/Connexion Usager/Date Debut Validite/Select_Mois' located by 'By.xpath: /html/body/app-root/div/app-root/main/app-registration/div/div[3]/app-identification/form/div[2]/app-date[1]/fieldset/div[2]/div[2]/select' in '5' second(s)

2023-11-23 09:51:04 - [MESSAGE][INFO] - Checking index parameters

2023-11-23 09:51:04 - [MESSAGE][INFO] - Smart Wait Function is triggered

2023-11-23 09:51:04 - [MESSAGE][INFO] - Selecting options on object 'Object Repository/Connexion Usager/Date Debut Validite/Select_Mois' with index in [12]

2023-11-23 09:51:04 - [MESSAGE][INFO] - Smart Wait Function is triggered

2023-11-23 09:51:06 - [MESSAGE][INFO] - Option with index 12 is selected

2023-11-23 09:51:06 - [MESSAGE][PASSED] - All options with index in [12] are selected on object 'Object Repository/Connexion Usager/Date Debut Validite/Select_Mois'

2023-11-23 09:51:06 - [TEST_STEP][PASSED] - setText(findTestObject("Object Repository/Connexion Usager/Date Debut Validite/Input_Annee"), ParsedDateDebut[2]): Text '2022' is set on object 'Object Repository/Connexion Usager/Date Debut Validite/Input_Annee'

2023-11-23 09:51:06 - [MESSAGE][INFO] - Finding Test Object 'Object Repository/Connexion Usager/Date Debut Validite/Input_Annee'

2023-11-23 09:51:06 - [MESSAGE][INFO] - Checking timeout

2023-11-23 09:51:06 - [MESSAGE][INFO] - Finding web element with id: 'Object Repository/Connexion Usager/Date Debut Validite/Input_Annee' located by 'By.xpath: /html/body/app-root/div/app-root/main/app-registration/div/div[3]/app-identification/form/div[2]/app-date[1]/fieldset/div[2]/div[3]/input' in '20' second(s)

2023-11-23 09:51:06 - [MESSAGE][INFO] - Smart Wait Function is triggered

2023-11-23 09:51:06 - [MESSAGE][INFO] - Found 1 web elements with id: 'Object Repository/Connexion Usager/Date Debut Validite/Input_Annee' located by 'By.xpath: /html/body/app-root/div/app-root/main/app-registration/div/div[3]/app-identification/form/div[2]/app-date[1]/fieldset/div[2]/div[3]/input' in '20' second(s)

2023-11-23 09:51:06 - [MESSAGE][INFO] - Checking object

2023-11-23 09:51:06 - [MESSAGE][INFO] - Checking text

2023-11-23 09:51:06 - [MESSAGE][INFO] - Finding web element from Test Object's properties

2023-11-23 09:51:06 - [MESSAGE][INFO] - Checking timeout

2023-11-23 09:51:06 - [MESSAGE][INFO] - Finding web element with id: 'Object Repository/Connexion Usager/Date Debut Validite/Input_Annee' located by 'By.xpath: /html/body/app-root/div/app-root/main/app-registration/div/div[3]/app-identification/form/div[2]/app-date[1]/fieldset/div[2]/div[3]/input' in '5' second(s)

2023-11-23 09:51:06 - [MESSAGE][INFO] - Smart Wait Function is triggered

2023-11-23 09:51:06 - [MESSAGE][INFO] - Found 1 web elements with id: 'Object Repository/Connexion Usager/Date Debut Validite/Input_Annee' located by 'By.xpath: /html/body/app-root/div/app-root/main/app-registration/div/div[3]/app-identification/form/div[2]/app-date[1]/fieldset/div[2]/div[3]/input' in '5' second(s)

2023-11-23 09:51:06 - [MESSAGE][INFO] - Clearing text of object 'Object Repository/Connexion Usager/Date Debut Validite/Input_Annee'

2023-11-23 09:51:09 - [MESSAGE][INFO] - Finding web element from Test Object's properties

2023-11-23 09:51:09 - [MESSAGE][INFO] - Checking timeout

2023-11-23 09:51:09 - [MESSAGE][INFO] - Finding web element with id: 'Object Repository/Connexion Usager/Date Debut Validite/Input_Annee' located by 'By.xpath: /html/body/app-root/div/app-root/main/app-registration/div/div[3]/app-identification/form/div[2]/app-date[1]/fieldset/div[2]/div[3]/input' in '5' second(s)

2023-11-23 09:51:09 - [MESSAGE][INFO] - Smart Wait Function is triggered

2023-11-23 09:51:09 - [MESSAGE][INFO] - Found 1 web elements with id: 'Object Repository/Connexion Usager/Date Debut Validite/Input_Annee' located by 'By.xpath: /html/body/app-root/div/app-root/main/app-registration/div/div[3]/app-identification/form/div[2]/app-date[1]/fieldset/div[2]/div[3]/input' in '5' second(s)

2023-11-23 09:51:09 - [MESSAGE][INFO] - Setting text of object 'Object Repository/Connexion Usager/Date Debut Validite/Input_Annee' to value '2022'

2023-11-23 09:51:11 - [MESSAGE][PASSED] - Text '2022' is set on object 'Object Repository/Connexion Usager/Date Debut Validite/Input_Annee'

2023-11-23 09:51:11 - [TEST_STEP][PASSED] - DateFin = DateFin: null

2023-11-23 09:51:11 - [TEST_STEP][PASSED] - DateFin = tools.MyStringTools.ParsedDateFin(): tools.MyStringTools.ParsedDateFin is PASSED

2023-11-23 09:51:11 - [MESSAGE][PASSED] - tools.MyStringTools.ParsedDateFin is PASSED

2023-11-23 09:51:11 - [TEST_STEP][PASSED] - ParsedDateFin = tools.MyStringTools.ParsedDateFin(): tools.MyStringTools.ParsedDateFin is PASSED

2023-11-23 09:51:11 - [MESSAGE][PASSED] - tools.MyStringTools.ParsedDateFin is PASSED

2023-11-23 09:51:11 - [TEST_STEP][PASSED] - setText(findTestObject("Object Repository/Connexion Usager/Date Fin Validite/Input_Jour"), ParsedDateFin[0]): Text '23' is set on object 'Object Repository/Connexion Usager/Date Fin Validite/Input_Jour'

2023-11-23 09:51:11 - [MESSAGE][INFO] - Finding Test Object 'Object Repository/Connexion Usager/Date Fin Validite/Input_Jour'

2023-11-23 09:51:11 - [MESSAGE][INFO] - Checking timeout

2023-11-23 09:51:11 - [MESSAGE][INFO] - Finding web element with id: 'Object Repository/Connexion Usager/Date Fin Validite/Input_Jour' located by 'By.xpath: /html/body/app-root/div/app-root/main/app-registration/div/div[3]/app-identification/form/div[2]/app-date[2]/fieldset/div[2]/div[1]/input' in '20' second(s)

2023-11-23 09:51:11 - [MESSAGE][INFO] - Smart Wait Function is triggered

2023-11-23 09:51:11 - [MESSAGE][INFO] - Found 1 web elements with id: 'Object Repository/Connexion Usager/Date Fin Validite/Input_Jour' located by 'By.xpath: /html/body/app-root/div/app-root/main/app-registration/div/div[3]/app-identification/form/div[2]/app-date[2]/fieldset/div[2]/div[1]/input' in '20' second(s)

2023-11-23 09:51:11 - [MESSAGE][INFO] - Checking object

2023-11-23 09:51:11 - [MESSAGE][INFO] - Checking text

2023-11-23 09:51:11 - [MESSAGE][INFO] - Finding web element from Test Object's properties

2023-11-23 09:51:11 - [MESSAGE][INFO] - Checking timeout

2023-11-23 09:51:11 - [MESSAGE][INFO] - Finding web element with id: 'Object Repository/Connexion Usager/Date Fin Validite/Input_Jour' located by 'By.xpath: /html/body/app-root/div/app-root/main/app-registration/div/div[3]/app-identification/form/div[2]/app-date[2]/fieldset/div[2]/div[1]/input' in '5' second(s)

2023-11-23 09:51:11 - [MESSAGE][INFO] - Smart Wait Function is triggered

2023-11-23 09:51:11 - [MESSAGE][INFO] - Found 1 web elements with id: 'Object Repository/Connexion Usager/Date Fin Validite/Input_Jour' located by 'By.xpath: /html/body/app-root/div/app-root/main/app-registration/div/div[3]/app-identification/form/div[2]/app-date[2]/fieldset/div[2]/div[1]/input' in '5' second(s)

2023-11-23 09:51:11 - [MESSAGE][INFO] - Clearing text of object 'Object Repository/Connexion Usager/Date Fin Validite/Input_Jour'

2023-11-23 09:51:13 - [MESSAGE][INFO] - Finding web element from Test Object's properties

2023-11-23 09:51:13 - [MESSAGE][INFO] - Checking timeout

2023-11-23 09:51:13 - [MESSAGE][INFO] - Finding web element with id: 'Object Repository/Connexion Usager/Date Fin Validite/Input_Jour' located by 'By.xpath: /html/body/app-root/div/app-root/main/app-registration/div/div[3]/app-identification/form/div[2]/app-date[2]/fieldset/div[2]/div[1]/input' in '5' second(s)

2023-11-23 09:51:13 - [MESSAGE][INFO] - Smart Wait Function is triggered

2023-11-23 09:51:13 - [MESSAGE][INFO] - Found 1 web elements with id: 'Object Repository/Connexion Usager/Date Fin Validite/Input_Jour' located by 'By.xpath: /html/body/app-root/div/app-root/main/app-registration/div/div[3]/app-identification/form/div[2]/app-date[2]/fieldset/div[2]/div[1]/input' in '5' second(s)

2023-11-23 09:51:13 - [MESSAGE][INFO] - Setting text of object 'Object Repository/Connexion Usager/Date Fin Validite/Input_Jour' to value '23'

2023-11-23 09:51:15 - [MESSAGE][PASSED] - Text '23' is set on object 'Object Repository/Connexion Usager/Date Fin Validite/Input_Jour'

2023-11-23 09:51:15 - [TEST_STEP][PASSED] - selectOptionByIndex(findTestObject("Object Repository/Connexion Usager/Date Fin Validite/Select_Mois"), ParsedDateFin[1]): All options with index in [12] are selected on object 'Object Repository/Connexion Usager/Date Fin Validite/Select_Mois'

2023-11-23 09:51:15 - [MESSAGE][INFO] - Finding Test Object 'Object Repository/Connexion Usager/Date Fin Validite/Select_Mois'

2023-11-23 09:51:15 - [MESSAGE][INFO] - Checking timeout

2023-11-23 09:51:15 - [MESSAGE][INFO] - Finding web element with id: 'Object Repository/Connexion Usager/Date Fin Validite/Select_Mois' located by 'By.xpath: /html/body/app-root/div/app-root/main/app-registration/div/div[3]/app-identification/form/div[2]/app-date[2]/fieldset/div[2]/div[2]/select' in '20' second(s)

2023-11-23 09:51:15 - [MESSAGE][INFO] - Smart Wait Function is triggered

2023-11-23 09:51:15 - [MESSAGE][INFO] - Found 1 web elements with id: 'Object Repository/Connexion Usager/Date Fin Validite/Select_Mois' located by 'By.xpath: /html/body/app-root/div/app-root/main/app-registration/div/div[3]/app-identification/form/div[2]/app-date[2]/fieldset/div[2]/div[2]/select' in '20' second(s)

2023-11-23 09:51:15 - [MESSAGE][INFO] - Checking object

2023-11-23 09:51:15 - [MESSAGE][INFO] - Checking index range

2023-11-23 09:51:15 - [MESSAGE][INFO] - Converting range parameter '12' to index array

2023-11-23 09:51:15 - [MESSAGE][INFO] - Range parameter '12' is converted to index array [12]

2023-11-23 09:51:15 - [MESSAGE][INFO] - Finding web element from Test Object's properties

2023-11-23 09:51:15 - [MESSAGE][INFO] - Checking timeout

2023-11-23 09:51:15 - [MESSAGE][INFO] - Finding web element with id: 'Object Repository/Connexion Usager/Date Fin Validite/Select_Mois' located by 'By.xpath: /html/body/app-root/div/app-root/main/app-registration/div/div[3]/app-identification/form/div[2]/app-date[2]/fieldset/div[2]/div[2]/select' in '5' second(s)

2023-11-23 09:51:15 - [MESSAGE][INFO] - Smart Wait Function is triggered

2023-11-23 09:51:15 - [MESSAGE][INFO] - Found 1 web elements with id: 'Object Repository/Connexion Usager/Date Fin Validite/Select_Mois' located by 'By.xpath: /html/body/app-root/div/app-root/main/app-registration/div/div[3]/app-identification/form/div[2]/app-date[2]/fieldset/div[2]/div[2]/select' in '5' second(s)

2023-11-23 09:51:15 - [MESSAGE][INFO] - Checking index parameters

2023-11-23 09:51:15 - [MESSAGE][INFO] - Smart Wait Function is triggered

2023-11-23 09:51:15 - [MESSAGE][INFO] - Selecting options on object 'Object Repository/Connexion Usager/Date Fin Validite/Select_Mois' with index in [12]

2023-11-23 09:51:15 - [MESSAGE][INFO] - Smart Wait Function is triggered

2023-11-23 09:51:17 - [MESSAGE][INFO] - Option with index 12 is selected

2023-11-23 09:51:17 - [MESSAGE][PASSED] - All options with index in [12] are selected on object 'Object Repository/Connexion Usager/Date Fin Validite/Select_Mois'

2023-11-23 09:51:17 - [TEST_STEP][PASSED] - setText(findTestObject("Object Repository/Connexion Usager/Date Fin Validite/Input_Annee"), ParsedDateFin[2]): Text '2023' is set on object 'Object Repository/Connexion Usager/Date Fin Validite/Input_Annee'

2023-11-23 09:51:17 - [MESSAGE][INFO] - Finding Test Object 'Object Repository/Connexion Usager/Date Fin Validite/Input_Annee'

2023-11-23 09:51:18 - [MESSAGE][INFO] - Checking timeout

2023-11-23 09:51:18 - [MESSAGE][INFO] - Finding web element with id: 'Object Repository/Connexion Usager/Date Fin Validite/Input_Annee' located by 'By.xpath: /html/body/app-root/div/app-root/main/app-registration/div/div[3]/app-identification/form/div[2]/app-date[2]/fieldset/div[2]/div[3]/input' in '20' second(s)

2023-11-23 09:51:18 - [MESSAGE][INFO] - Smart Wait Function is triggered

2023-11-23 09:51:18 - [MESSAGE][INFO] - Found 1 web elements with id: 'Object Repository/Connexion Usager/Date Fin Validite/Input_Annee' located by 'By.xpath: /html/body/app-root/div/app-root/main/app-registration/div/div[3]/app-identification/form/div[2]/app-date[2]/fieldset/div[2]/div[3]/input' in '20' second(s)

2023-11-23 09:51:18 - [MESSAGE][INFO] - Checking object

2023-11-23 09:51:18 - [MESSAGE][INFO] - Checking text

2023-11-23 09:51:18 - [MESSAGE][INFO] - Finding web element from Test Object's properties

2023-11-23 09:51:18 - [MESSAGE][INFO] - Checking timeout

2023-11-23 09:51:18 - [MESSAGE][INFO] - Finding web element with id: 'Object Repository/Connexion Usager/Date Fin Validite/Input_Annee' located by 'By.xpath: /html/body/app-root/div/app-root/main/app-registration/div/div[3]/app-identification/form/div[2]/app-date[2]/fieldset/div[2]/div[3]/input' in '5' second(s)

2023-11-23 09:51:18 - [MESSAGE][INFO] - Smart Wait Function is triggered

2023-11-23 09:51:18 - [MESSAGE][INFO] - Found 1 web elements with id: 'Object Repository/Connexion Usager/Date Fin Validite/Input_Annee' located by 'By.xpath: /html/body/app-root/div/app-root/main/app-registration/div/div[3]/app-identification/form/div[2]/app-date[2]/fieldset/div[2]/div[3]/input' in '5' second(s)

2023-11-23 09:51:18 - [MESSAGE][INFO] - Clearing text of object 'Object Repository/Connexion Usager/Date Fin Validite/Input_Annee'

2023-11-23 09:51:20 - [MESSAGE][INFO] - Finding web element from Test Object's properties

2023-11-23 09:51:20 - [MESSAGE][INFO] - Checking timeout

2023-11-23 09:51:20 - [MESSAGE][INFO] - Finding web element with id: 'Object Repository/Connexion Usager/Date Fin Validite/Input_Annee' located by 'By.xpath: /html/body/app-root/div/app-root/main/app-registration/div/div[3]/app-identification/form/div[2]/app-date[2]/fieldset/div[2]/div[3]/input' in '5' second(s)

2023-11-23 09:51:20 - [MESSAGE][INFO] - Smart Wait Function is triggered

2023-11-23 09:51:20 - [MESSAGE][INFO] - Found 1 web elements with id: 'Object Repository/Connexion Usager/Date Fin Validite/Input_Annee' located by 'By.xpath: /html/body/app-root/div/app-root/main/app-registration/div/div[3]/app-identification/form/div[2]/app-date[2]/fieldset/div[2]/div[3]/input' in '5' second(s)

2023-11-23 09:51:20 - [MESSAGE][INFO] - Setting text of object 'Object Repository/Connexion Usager/Date Fin Validite/Input_Annee' to value '2023'

2023-11-23 09:51:22 - [MESSAGE][PASSED] - Text '2023' is set on object 'Object Repository/Connexion Usager/Date Fin Validite/Input_Annee'

2023-11-23 09:51:22 - [TEST_STEP][PASSED] - click(findTestObject("Object Repository/Connexion Usager/Btn_Creer Un Compte")): Object: 'Object Repository/Connexion Usager/Btn_Creer Un Compte' is clicked on

2023-11-23 09:51:22 - [MESSAGE][INFO] - Finding Test Object 'Object Repository/Connexion Usager/Btn_Creer Un Compte'

2023-11-23 09:51:22 - [MESSAGE][INFO] - Checking timeout

2023-11-23 09:51:22 - [MESSAGE][INFO] - Finding web element with id: 'Object Repository/Connexion Usager/Btn_Creer Un Compte' located by 'By.xpath: /html/body/app-root/div/app-root/main/app-registration/div/div[3]/app-identification/form/p-button/button' in '20' second(s)

2023-11-23 09:51:22 - [MESSAGE][INFO] - Smart Wait Function is triggered

2023-11-23 09:51:22 - [MESSAGE][INFO] - Found 1 web elements with id: 'Object Repository/Connexion Usager/Btn_Creer Un Compte' located by 'By.xpath: /html/body/app-root/div/app-root/main/app-registration/div/div[3]/app-identification/form/p-button/button' in '20' second(s)

2023-11-23 09:51:22 - [MESSAGE][INFO] - Checking object

2023-11-23 09:51:22 - [MESSAGE][INFO] - Checking timeout

2023-11-23 09:51:22 - [MESSAGE][INFO] - Finding web element from Test Object's properties

2023-11-23 09:51:22 - [MESSAGE][INFO] - Checking timeout

2023-11-23 09:51:22 - [MESSAGE][INFO] - Finding web element with id: 'Object Repository/Connexion Usager/Btn_Creer Un Compte' located by 'By.xpath: /html/body/app-root/div/app-root/main/app-registration/div/div[3]/app-identification/form/p-button/button' in '5' second(s)

2023-11-23 09:51:22 - [MESSAGE][INFO] - Smart Wait Function is triggered

2023-11-23 09:51:22 - [MESSAGE][INFO] - Found 1 web elements with id: 'Object Repository/Connexion Usager/Btn_Creer Un Compte' located by 'By.xpath: /html/body/app-root/div/app-root/main/app-registration/div/div[3]/app-identification/form/p-button/button' in '5' second(s)

2023-11-23 09:51:22 - [MESSAGE][INFO] - Clicking on object: 'Object Repository/Connexion Usager/Btn_Creer Un Compte'

2023-11-23 09:51:24 - [MESSAGE][PASSED] - Object: 'Object Repository/Connexion Usager/Btn_Creer Un Compte' is clicked on

2023-11-23 09:51:24 - [TEST_STEP][PASSED] - "VÃ©rification si Certaines informations que vous avez saisies sont incorrectes. Veuillez vÃ©rifier votre saisie. pb serveur AGERDF": null

2023-11-23 09:51:24 - [TEST_STEP][PASSED] - callTestCase(findTestCase("Test Cases/Test Reutilisable/Main/VerificationCertainesInformationsSontIncorrectes"), [:], OPTIONAL): Call Test Case 'Test Cases/Test Reutilisable/Main/VerificationCertainesInformationsSontIncorrectes' successfully

2023-11-23 09:51:24 - [MESSAGE][INFO] - Checking called Test Case

2023-11-23 09:51:24 - [MESSAGE][INFO] - Starting to call Test Case 'Test Cases/Test Reutilisable/Main/VerificationCertainesInformationsSontIncorrectes'

2023-11-23 09:51:24 - [TEST_CASE][PASSED] - Test Cases/Test Reutilisable/Main/VerificationCertainesInformationsSontIncorrectes: Test Cases/Test Reutilisable/Main/VerificationCertainesInformationsSontIncorrectes

2023-11-23 09:51:25 - [TEST_STEP][PASSED] - "VÃ©rification si Certaines informations que vous avez saisies sont incorrectes. Veuillez vÃ©rifier votre saisie. pb serveur AGERDF": null

2023-11-23 09:51:25 - [TEST_STEP][PASSED] - delay(3): Delayed 3 second(s)

2023-11-23 09:51:25 - [MESSAGE][INFO] - Delaying browser in 3 second(s)

2023-11-23 09:51:28 - [MESSAGE][PASSED] - Delayed 3 second(s)

2023-11-23 09:51:28 - [TEST_STEP][PASSED] - StopTestCase = false: null

2023-11-23 09:51:28 - [TEST_STEP][PASSED] - MsgAlertPresent = verifyElementVisible(findTestObject("Object Repository/Connexion Usager/lbl_CertainesInformationsSaisiesSontIncorrectes"), OPTIONAL): Web element with id: 'Object Repository/Connexion Usager/lbl_CertainesInformationsSaisiesSontIncorrectes' located by '//p' not found (Root cause: com.kms.katalon.core.exception.StepFailedException: Web element with id: 'Object Repository/Connexion Usager/lbl_CertainesInformationsSaisiesSontIncorrectes' located by '//p' not found
	at com.kms.katalon.core.webui.keyword.internal.WebUIKeywordMain.stepFailed(WebUIKeywordMain.groovy:64)
	at com.kms.katalon.core.webui.keyword.builtin.VerifyElementVisibleKeyword$_verifyElementVisible_closure1.doCall(VerifyElementVisibleKeyword.groovy:89)
	at com.kms.katalon.core.webui.keyword.builtin.VerifyElementVisibleKeyword$_verifyElementVisible_closure1.call(VerifyElementVisibleKeyword.groovy)
	at com.kms.katalon.core.webui.keyword.internal.WebUIKeywordMain.runKeyword(WebUIKeywordMain.groovy:20)
	at com.kms.katalon.core.webui.keyword.builtin.VerifyElementVisibleKeyword.verifyElementVisible(VerifyElementVisibleKeyword.groovy:97)
	at com.kms.katalon.core.webui.keyword.builtin.VerifyElementVisibleKeyword.execute(VerifyElementVisibleKeyword.groovy:67)
	at com.kms.katalon.core.keyword.internal.KeywordExecutor.executeKeywordForPlatform(KeywordExecutor.groovy:74)
	at com.kms.katalon.core.webui.keyword.WebUiBuiltInKeywords.verifyElementVisible(WebUiBuiltInKeywords.groovy:362)
	at com.kazurayam.ksbackyard.HighlightElement$_pandemic_closure1.doCall(HighlightElement.groovy:105)
	at VerificationCertainesInformationsSontIncorrectes.run(VerificationCertainesInformationsSontIncorrectes:85)
	at com.kms.katalon.core.main.ScriptEngine.run(ScriptEngine.java:194)
	at com.kms.katalon.core.main.ScriptEngine.runScriptAsRawText(ScriptEngine.java:119)
	at com.kms.katalon.core.main.TestCaseExecutor.runScript(TestCaseExecutor.java:448)
	at com.kms.katalon.core.main.TestCaseExecutor.doExecute(TestCaseExecutor.java:439)
	at com.kms.katalon.core.main.TestCaseExecutor.processExecutionPhase(TestCaseExecutor.java:418)
	at com.kms.katalon.core.main.TestCaseExecutor.accessMainPhase(TestCaseExecutor.java:410)
	at com.kms.katalon.core.main.TestCaseExecutor.execute(TestCaseExecutor.java:285)
	at com.kms.katalon.core.main.TestCaseMain.runTestCase(TestCaseMain.java:144)
	at com.kms.katalon.core.keyword.builtin.CallTestCaseKeyword$_callTestCase_closure1.doCall(CallTestCaseKeyword.groovy:59)
	at com.kms.katalon.core.keyword.builtin.CallTestCaseKeyword$_callTestCase_closure1.call(CallTestCaseKeyword.groovy)
	at com.kms.katalon.core.keyword.internal.KeywordMain.runKeyword(KeywordMain.groovy:75)
	at com.kms.katalon.core.keyword.builtin.CallTestCaseKeyword.callTestCase(CallTestCaseKeyword.groovy:81)
	at com.kms.katalon.core.keyword.builtin.CallTestCaseKeyword.execute(CallTestCaseKeyword.groovy:44)
	at com.kms.katalon.core.keyword.internal.KeywordExecutor.executeKeywordForPlatform(KeywordExecutor.groovy:74)
	at com.kms.katalon.core.keyword.BuiltinKeywords.callTestCase(BuiltinKeywords.groovy:310)
	at com.kazurayam.ksbackyard.HighlightElement$_pandemic_closure1.doCall(HighlightElement.groovy:105)
	at Creer Votre Compte.run(Creer Votre Compte:109)
	at com.kms.katalon.core.main.ScriptEngine.run(ScriptEngine.java:194)
	at com.kms.katalon.core.main.ScriptEngine.runScriptAsRawText(ScriptEngine.java:119)
	at com.kms.katalon.core.main.TestCaseExecutor.runScript(TestCaseExecutor.java:448)
	at com.kms.katalon.core.main.TestCaseExecutor.doExecute(TestCaseExecutor.java:439)
	at com.kms.katalon.core.main.TestCaseExecutor.processExecutionPhase(TestCaseExecutor.java:418)
	at com.kms.katalon.core.main.TestCaseExecutor.accessMainPhase(TestCaseExecutor.java:410)
	at com.kms.katalon.core.main.TestCaseExecutor.execute(TestCaseExecutor.java:285)
	at com.kms.katalon.core.main.TestCaseMain.runTestCase(TestCaseMain.java:144)
	at com.kms.katalon.core.keyword.builtin.CallTestCaseKeyword$_callTestCase_closure1.doCall(CallTestCaseKeyword.groovy:59)
	at com.kms.katalon.core.keyword.builtin.CallTestCaseKeyword$_callTestCase_closure1.call(CallTestCaseKeyword.groovy)
	at com.kms.katalon.core.keyword.internal.KeywordMain.runKeyword(KeywordMain.groovy:75)
	at com.kms.katalon.core.keyword.builtin.CallTestCaseKeyword.callTestCase(CallTestCaseKeyword.groovy:81)
	at com.kms.katalon.core.keyword.builtin.CallTestCaseKeyword.execute(CallTestCaseKeyword.groovy:44)
	at com.kms.katalon.core.keyword.internal.KeywordExecutor.executeKeywordForPlatform(KeywordExecutor.groovy:74)
	at com.kms.katalon.core.keyword.BuiltinKeywords.callTestCase(BuiltinKeywords.groovy:310)
	at com.kazurayam.ksbackyard.HighlightElement$_pandemic_closure1.doCall(HighlightElement.groovy:105)
	at TNR R.TSPT Supp90-Etudiant.run(TNR R.TSPT Supp90-Etudiant:30)
	at com.kms.katalon.core.main.ScriptEngine.run(ScriptEngine.java:194)
	at com.kms.katalon.core.main.ScriptEngine.runScriptAsRawText(ScriptEngine.java:119)
	at com.kms.katalon.core.main.TestCaseExecutor.runScript(TestCaseExecutor.java:448)
	at com.kms.katalon.core.main.TestCaseExecutor.doExecute(TestCaseExecutor.java:439)
	at com.kms.katalon.core.main.TestCaseExecutor.processExecutionPhase(TestCaseExecutor.java:418)
	at com.kms.katalon.core.main.TestCaseExecutor.accessMainPhase(TestCaseExecutor.java:410)
	at com.kms.katalon.core.main.TestCaseExecutor.execute(TestCaseExecutor.java:285)
	at com.kms.katalon.core.common.CommonExecutor.accessTestCaseMainPhase(CommonExecutor.java:65)
	at com.kms.katalon.core.main.TestSuiteExecutor.accessTestSuiteMainPhase(TestSuiteExecutor.java:148)
	at com.kms.katalon.core.main.TestSuiteExecutor.execute(TestSuiteExecutor.java:106)
	at com.kms.katalon.core.main.TestCaseMain.startTestSuite(TestCaseMain.java:187)
	at com.kms.katalon.core.main.TestCaseMain$startTestSuite$0.call(Unknown Source)
	at TempTestSuite1700729418079.run(TempTestSuite1700729418079.groovy:36)
)

2023-11-23 09:51:28 - [MESSAGE][INFO] - Finding Test Object 'Object Repository/Connexion Usager/lbl_CertainesInformationsSaisiesSontIncorrectes'

2023-11-23 09:51:28 - [MESSAGE][INFO] - Checking object

2023-11-23 09:51:28 - [MESSAGE][INFO] - Finding web element from Test Object's properties

2023-11-23 09:51:28 - [MESSAGE][INFO] - Checking timeout

2023-11-23 09:51:28 - [MESSAGE][INFO] - Finding web element with id: 'Object Repository/Connexion Usager/lbl_CertainesInformationsSaisiesSontIncorrectes' located by 'By.xpath: //p' in '5' second(s)

2023-11-23 09:51:28 - [MESSAGE][INFO] - Smart Wait Function is triggered

2023-11-23 09:51:28 - [MESSAGE][INFO] - Smart Wait Function is triggered

2023-11-23 09:51:28 - [MESSAGE][INFO] - Smart Wait Function is triggered

2023-11-23 09:51:28 - [MESSAGE][INFO] - Smart Wait Function is triggered

2023-11-23 09:51:28 - [MESSAGE][INFO] - Smart Wait Function is triggered

2023-11-23 09:51:28 - [MESSAGE][INFO] - Smart Wait Function is triggered

2023-11-23 09:51:28 - [MESSAGE][INFO] - Smart Wait Function is triggered

2023-11-23 09:51:28 - [MESSAGE][INFO] - Smart Wait Function is triggered

2023-11-23 09:51:28 - [MESSAGE][INFO] - Smart Wait Function is triggered

2023-11-23 09:51:28 - [MESSAGE][INFO] - Smart Wait Function is triggered

2023-11-23 09:51:28 - [MESSAGE][INFO] - Smart Wait Function is triggered

2023-11-23 09:51:28 - [MESSAGE][INFO] - Smart Wait Function is triggered

2023-11-23 09:51:28 - [MESSAGE][INFO] - Smart Wait Function is triggered

2023-11-23 09:51:28 - [MESSAGE][INFO] - Smart Wait Function is triggered

2023-11-23 09:51:28 - [MESSAGE][INFO] - Smart Wait Function is triggered

2023-11-23 09:51:28 - [MESSAGE][INFO] - Smart Wait Function is triggered

2023-11-23 09:51:28 - [MESSAGE][INFO] - Smart Wait Function is triggered

2023-11-23 09:51:28 - [MESSAGE][INFO] - Smart Wait Function is triggered

2023-11-23 09:51:28 - [MESSAGE][INFO] - Smart Wait Function is triggered

2023-11-23 09:51:28 - [MESSAGE][INFO] - Smart Wait Function is triggered

2023-11-23 09:51:28 - [MESSAGE][INFO] - Smart Wait Function is triggered

2023-11-23 09:51:29 - [MESSAGE][INFO] - Smart Wait Function is triggered

2023-11-23 09:51:29 - [MESSAGE][INFO] - Smart Wait Function is triggered

2023-11-23 09:51:29 - [MESSAGE][INFO] - Smart Wait Function is triggered

2023-11-23 09:51:29 - [MESSAGE][INFO] - Smart Wait Function is triggered

2023-11-23 09:51:29 - [MESSAGE][INFO] - Smart Wait Function is triggered

2023-11-23 09:51:29 - [MESSAGE][INFO] - Smart Wait Function is triggered

2023-11-23 09:51:29 - [MESSAGE][INFO] - Smart Wait Function is triggered

2023-11-23 09:51:29 - [MESSAGE][INFO] - Smart Wait Function is triggered

2023-11-23 09:51:29 - [MESSAGE][INFO] - Smart Wait Function is triggered

2023-11-23 09:51:29 - [MESSAGE][INFO] - Smart Wait Function is triggered

2023-11-23 09:51:29 - [MESSAGE][INFO] - Smart Wait Function is triggered

2023-11-23 09:51:29 - [MESSAGE][INFO] - Smart Wait Function is triggered

2023-11-23 09:51:29 - [MESSAGE][INFO] - Smart Wait Function is triggered

2023-11-23 09:51:29 - [MESSAGE][INFO] - Smart Wait Function is triggered

2023-11-23 09:51:29 - [MESSAGE][INFO] - Smart Wait Function is triggered

2023-11-23 09:51:29 - [MESSAGE][INFO] - Smart Wait Function is triggered

2023-11-23 09:51:29 - [MESSAGE][INFO] - Smart Wait Function is triggered

2023-11-23 09:51:29 - [MESSAGE][INFO] - Smart Wait Function is triggered

2023-11-23 09:51:29 - [MESSAGE][INFO] - Smart Wait Function is triggered

2023-11-23 09:51:29 - [MESSAGE][INFO] - Smart Wait Function is triggered

2023-11-23 09:51:29 - [MESSAGE][INFO] - Smart Wait Function is triggered

2023-11-23 09:51:29 - [MESSAGE][INFO] - Smart Wait Function is triggered

2023-11-23 09:51:29 - [MESSAGE][INFO] - Smart Wait Function is triggered

2023-11-23 09:51:29 - [MESSAGE][INFO] - Smart Wait Function is triggered

2023-11-23 09:51:29 - [MESSAGE][INFO] - Smart Wait Function is triggered

2023-11-23 09:51:29 - [MESSAGE][INFO] - Smart Wait Function is triggered

2023-11-23 09:51:29 - [MESSAGE][INFO] - Smart Wait Function is triggered

2023-11-23 09:51:29 - [MESSAGE][INFO] - Smart Wait Function is triggered

2023-11-23 09:51:29 - [MESSAGE][INFO] - Smart Wait Function is triggered

2023-11-23 09:51:29 - [MESSAGE][INFO] - Smart Wait Function is triggered

2023-11-23 09:51:29 - [MESSAGE][INFO] - Smart Wait Function is triggered

2023-11-23 09:51:29 - [MESSAGE][INFO] - Smart Wait Function is triggered

2023-11-23 09:51:30 - [MESSAGE][INFO] - Smart Wait Function is triggered

2023-11-23 09:51:30 - [MESSAGE][INFO] - Smart Wait Function is triggered

2023-11-23 09:51:30 - [MESSAGE][INFO] - Smart Wait Function is triggered

2023-11-23 09:51:30 - [MESSAGE][INFO] - Smart Wait Function is triggered

2023-11-23 09:51:30 - [MESSAGE][INFO] - Smart Wait Function is triggered

2023-11-23 09:51:30 - [MESSAGE][INFO] - Smart Wait Function is triggered

2023-11-23 09:51:30 - [MESSAGE][INFO] - Smart Wait Function is triggered

2023-11-23 09:51:30 - [MESSAGE][INFO] - Smart Wait Function is triggered

2023-11-23 09:51:30 - [MESSAGE][INFO] - Smart Wait Function is triggered

2023-11-23 09:51:30 - [MESSAGE][INFO] - Smart Wait Function is triggered

2023-11-23 09:51:30 - [MESSAGE][INFO] - Smart Wait Function is triggered

2023-11-23 09:51:30 - [MESSAGE][INFO] - Smart Wait Function is triggered

2023-11-23 09:51:30 - [MESSAGE][INFO] - Smart Wait Function is triggered

2023-11-23 09:51:30 - [MESSAGE][INFO] - Smart Wait Function is triggered

2023-11-23 09:51:30 - [MESSAGE][INFO] - Smart Wait Function is triggered

2023-11-23 09:51:30 - [MESSAGE][INFO] - Smart Wait Function is triggered

2023-11-23 09:51:30 - [MESSAGE][INFO] - Smart Wait Function is triggered

2023-11-23 09:51:30 - [MESSAGE][INFO] - Smart Wait Function is triggered

2023-11-23 09:51:30 - [MESSAGE][INFO] - Smart Wait Function is triggered

2023-11-23 09:51:30 - [MESSAGE][INFO] - Smart Wait Function is triggered

2023-11-23 09:51:30 - [MESSAGE][INFO] - Smart Wait Function is triggered

2023-11-23 09:51:30 - [MESSAGE][INFO] - Smart Wait Function is triggered

2023-11-23 09:51:30 - [MESSAGE][INFO] - Smart Wait Function is triggered

2023-11-23 09:51:30 - [MESSAGE][INFO] - Smart Wait Function is triggered

2023-11-23 09:51:30 - [MESSAGE][INFO] - Smart Wait Function is triggered

2023-11-23 09:51:30 - [MESSAGE][INFO] - Smart Wait Function is triggered

2023-11-23 09:51:30 - [MESSAGE][INFO] - Smart Wait Function is triggered

2023-11-23 09:51:30 - [MESSAGE][INFO] - Smart Wait Function is triggered

2023-11-23 09:51:30 - [MESSAGE][INFO] - Smart Wait Function is triggered

2023-11-23 09:51:30 - [MESSAGE][INFO] - Smart Wait Function is triggered

2023-11-23 09:51:30 - [MESSAGE][INFO] - Smart Wait Function is triggered

2023-11-23 09:51:31 - [MESSAGE][INFO] - Smart Wait Function is triggered

2023-11-23 09:51:31 - [MESSAGE][INFO] - Smart Wait Function is triggered

2023-11-23 09:51:31 - [MESSAGE][INFO] - Smart Wait Function is triggered

2023-11-23 09:51:31 - [MESSAGE][INFO] - Smart Wait Function is triggered

2023-11-23 09:51:31 - [MESSAGE][INFO] - Smart Wait Function is triggered

2023-11-23 09:51:31 - [MESSAGE][INFO] - Smart Wait Function is triggered

2023-11-23 09:51:31 - [MESSAGE][INFO] - Smart Wait Function is triggered

2023-11-23 09:51:31 - [MESSAGE][INFO] - Smart Wait Function is triggered

2023-11-23 09:51:31 - [MESSAGE][INFO] - Smart Wait Function is triggered

2023-11-23 09:51:31 - [MESSAGE][INFO] - Smart Wait Function is triggered

2023-11-23 09:51:31 - [MESSAGE][INFO] - Smart Wait Function is triggered

2023-11-23 09:51:31 - [MESSAGE][INFO] - Smart Wait Function is triggered

2023-11-23 09:51:31 - [MESSAGE][INFO] - Smart Wait Function is triggered

2023-11-23 09:51:31 - [MESSAGE][INFO] - Smart Wait Function is triggered

2023-11-23 09:51:31 - [MESSAGE][INFO] - Smart Wait Function is triggered

2023-11-23 09:51:31 - [MESSAGE][INFO] - Smart Wait Function is triggered

2023-11-23 09:51:31 - [MESSAGE][INFO] - Smart Wait Function is triggered

2023-11-23 09:51:31 - [MESSAGE][INFO] - Smart Wait Function is triggered

2023-11-23 09:51:31 - [MESSAGE][INFO] - Smart Wait Function is triggered

2023-11-23 09:51:31 - [MESSAGE][INFO] - Smart Wait Function is triggered

2023-11-23 09:51:31 - [MESSAGE][INFO] - Smart Wait Function is triggered

2023-11-23 09:51:31 - [MESSAGE][INFO] - Smart Wait Function is triggered

2023-11-23 09:51:31 - [MESSAGE][INFO] - Smart Wait Function is triggered

2023-11-23 09:51:31 - [MESSAGE][INFO] - Smart Wait Function is triggered

2023-11-23 09:51:31 - [MESSAGE][INFO] - Smart Wait Function is triggered

2023-11-23 09:51:31 - [MESSAGE][INFO] - Smart Wait Function is triggered

2023-11-23 09:51:31 - [MESSAGE][INFO] - Smart Wait Function is triggered

2023-11-23 09:51:31 - [MESSAGE][INFO] - Smart Wait Function is triggered

2023-11-23 09:51:31 - [MESSAGE][INFO] - Smart Wait Function is triggered

2023-11-23 09:51:31 - [MESSAGE][INFO] - Smart Wait Function is triggered

2023-11-23 09:51:32 - [MESSAGE][INFO] - Smart Wait Function is triggered

2023-11-23 09:51:32 - [MESSAGE][INFO] - Smart Wait Function is triggered

2023-11-23 09:51:32 - [MESSAGE][INFO] - Smart Wait Function is triggered

2023-11-23 09:51:32 - [MESSAGE][INFO] - Smart Wait Function is triggered

2023-11-23 09:51:32 - [MESSAGE][INFO] - Smart Wait Function is triggered

2023-11-23 09:51:32 - [MESSAGE][INFO] - Smart Wait Function is triggered

2023-11-23 09:51:32 - [MESSAGE][INFO] - Smart Wait Function is triggered

2023-11-23 09:51:32 - [MESSAGE][INFO] - Smart Wait Function is triggered

2023-11-23 09:51:32 - [MESSAGE][INFO] - Smart Wait Function is triggered

2023-11-23 09:51:32 - [MESSAGE][INFO] - Smart Wait Function is triggered

2023-11-23 09:51:32 - [MESSAGE][INFO] - Smart Wait Function is triggered

2023-11-23 09:51:32 - [MESSAGE][INFO] - Smart Wait Function is triggered

2023-11-23 09:51:32 - [MESSAGE][INFO] - Smart Wait Function is triggered

2023-11-23 09:51:32 - [MESSAGE][INFO] - Smart Wait Function is triggered

2023-11-23 09:51:32 - [MESSAGE][INFO] - Smart Wait Function is triggered

2023-11-23 09:51:32 - [MESSAGE][INFO] - Smart Wait Function is triggered

2023-11-23 09:51:32 - [MESSAGE][INFO] - Smart Wait Function is triggered

2023-11-23 09:51:32 - [MESSAGE][INFO] - Smart Wait Function is triggered

2023-11-23 09:51:32 - [MESSAGE][INFO] - Smart Wait Function is triggered

2023-11-23 09:51:32 - [MESSAGE][INFO] - Smart Wait Function is triggered

2023-11-23 09:51:32 - [MESSAGE][INFO] - Smart Wait Function is triggered

2023-11-23 09:51:32 - [MESSAGE][INFO] - Smart Wait Function is triggered

2023-11-23 09:51:32 - [MESSAGE][INFO] - Smart Wait Function is triggered

2023-11-23 09:51:32 - [MESSAGE][INFO] - Smart Wait Function is triggered

2023-11-23 09:51:32 - [MESSAGE][INFO] - Smart Wait Function is triggered

2023-11-23 09:51:32 - [MESSAGE][INFO] - Smart Wait Function is triggered

2023-11-23 09:51:32 - [MESSAGE][INFO] - Smart Wait Function is triggered

2023-11-23 09:51:32 - [MESSAGE][INFO] - Smart Wait Function is triggered

2023-11-23 09:51:32 - [MESSAGE][INFO] - Smart Wait Function is triggered

2023-11-23 09:51:32 - [MESSAGE][INFO] - Smart Wait Function is triggered

2023-11-23 09:51:32 - [MESSAGE][INFO] - Smart Wait Function is triggered

2023-11-23 09:51:33 - [MESSAGE][INFO] - Smart Wait Function is triggered

2023-11-23 09:51:33 - [MESSAGE][INFO] - Smart Wait Function is triggered

2023-11-23 09:51:33 - [MESSAGE][INFO] - Smart Wait Function is triggered

2023-11-23 09:51:33 - [MESSAGE][INFO] - Smart Wait Function is triggered

2023-11-23 09:51:33 - [MESSAGE][INFO] - Smart Wait Function is triggered

2023-11-23 09:51:33 - [MESSAGE][INFO] - Smart Wait Function is triggered

2023-11-23 09:51:33 - [MESSAGE][INFO] - Smart Wait Function is triggered

2023-11-23 09:51:33 - [MESSAGE][INFO] - Smart Wait Function is triggered

2023-11-23 09:51:33 - [MESSAGE][INFO] - Smart Wait Function is triggered

2023-11-23 09:51:33 - [MESSAGE][INFO] - Smart Wait Function is triggered

2023-11-23 09:51:33 - [MESSAGE][INFO] - Smart Wait Function is triggered

2023-11-23 09:51:33 - [MESSAGE][INFO] - Smart Wait Function is triggered

2023-11-23 09:51:33 - [MESSAGE][INFO] - Smart Wait Function is triggered

2023-11-23 09:51:33 - [MESSAGE][INFO] - Smart Wait Function is triggered

2023-11-23 09:51:33 - [MESSAGE][INFO] - Smart Wait Function is triggered

2023-11-23 09:51:33 - [MESSAGE][INFO] - Smart Wait Function is triggered

2023-11-23 09:51:33 - [MESSAGE][INFO] - Smart Wait Function is triggered

2023-11-23 09:51:33 - [MESSAGE][INFO] - Smart Wait Function is triggered

2023-11-23 09:51:33 - [MESSAGE][INFO] - Smart Wait Function is triggered

2023-11-23 09:51:33 - [MESSAGE][INFO] - Smart Wait Function is triggered

2023-11-23 09:51:33 - [MESSAGE][INFO] - Smart Wait Function is triggered

2023-11-23 09:51:33 - [MESSAGE][INFO] - Smart Wait Function is triggered

2023-11-23 09:51:33 - [MESSAGE][INFO] - Smart Wait Function is triggered

2023-11-23 09:51:33 - [MESSAGE][INFO] - Smart Wait Function is triggered

2023-11-23 09:51:33 - [MESSAGE][INFO] - Smart Wait Function is triggered

2023-11-23 09:51:33 - [MESSAGE][INFO] - Smart Wait Function is triggered

2023-11-23 09:51:33 - [MESSAGE][INFO] - Smart Wait Function is triggered

2023-11-23 09:51:33 - [MESSAGE][INFO] - Smart Wait Function is triggered

2023-11-23 09:51:33 - [MESSAGE][INFO] - Smart Wait Function is triggered

2023-11-23 09:51:33 - [MESSAGE][INFO] - Smart Wait Function is triggered

2023-11-23 09:51:33 - [MESSAGE][INFO] - Smart Wait Function is triggered

2023-11-23 09:51:33 - [MESSAGE][INFO] - Smart Wait Function is triggered

2023-11-23 09:51:34 - [MESSAGE][INFO] - Smart Wait Function is triggered

2023-11-23 09:51:34 - [MESSAGE][INFO] - Smart Wait Function is triggered

2023-11-23 09:51:34 - [MESSAGE][INFO] - Smart Wait Function is triggered

2023-11-23 09:51:34 - [MESSAGE][INFO] - Smart Wait Function is triggered

2023-11-23 09:51:34 - [MESSAGE][INFO] - Smart Wait Function is triggered

2023-11-23 09:51:34 - [MESSAGE][INFO] - Smart Wait Function is triggered

2023-11-23 09:51:34 - [MESSAGE][INFO] - Smart Wait Function is triggered

2023-11-23 09:51:34 - [MESSAGE][INFO] - Smart Wait Function is triggered

2023-11-23 09:51:34 - [MESSAGE][INFO] - Smart Wait Function is triggered

2023-11-23 09:51:34 - [MESSAGE][INFO] - Smart Wait Function is triggered

2023-11-23 09:51:34 - [MESSAGE][INFO] - Smart Wait Function is triggered

2023-11-23 09:51:34 - [MESSAGE][INFO] - Unable to find the element located by 'By.xpath: //p'. Please recheck the objects properties to make sure the desired element is located. 

2023-11-23 09:51:34 - [MESSAGE][WARNING] - Web element with id: 'Object Repository/Connexion Usager/lbl_CertainesInformationsSaisiesSontIncorrectes' located by '//p' not found (Root cause: com.kms.katalon.core.exception.StepFailedException: Web element with id: 'Object Repository/Connexion Usager/lbl_CertainesInformationsSaisiesSontIncorrectes' located by '//p' not found
	at com.kms.katalon.core.webui.keyword.internal.WebUIKeywordMain.stepFailed(WebUIKeywordMain.groovy:64)
	at com.kms.katalon.core.webui.keyword.builtin.VerifyElementVisibleKeyword$_verifyElementVisible_closure1.doCall(VerifyElementVisibleKeyword.groovy:89)
	at com.kms.katalon.core.webui.keyword.builtin.VerifyElementVisibleKeyword$_verifyElementVisible_closure1.call(VerifyElementVisibleKeyword.groovy)
	at com.kms.katalon.core.webui.keyword.internal.WebUIKeywordMain.runKeyword(WebUIKeywordMain.groovy:20)
	at com.kms.katalon.core.webui.keyword.builtin.VerifyElementVisibleKeyword.verifyElementVisible(VerifyElementVisibleKeyword.groovy:97)
	at com.kms.katalon.core.webui.keyword.builtin.VerifyElementVisibleKeyword.execute(VerifyElementVisibleKeyword.groovy:67)
	at com.kms.katalon.core.keyword.internal.KeywordExecutor.executeKeywordForPlatform(KeywordExecutor.groovy:74)
	at com.kms.katalon.core.webui.keyword.WebUiBuiltInKeywords.verifyElementVisible(WebUiBuiltInKeywords.groovy:362)
	at com.kazurayam.ksbackyard.HighlightElement$_pandemic_closure1.doCall(HighlightElement.groovy:105)
	at VerificationCertainesInformationsSontIncorrectes.run(VerificationCertainesInformationsSontIncorrectes:85)
	at com.kms.katalon.core.main.ScriptEngine.run(ScriptEngine.java:194)
	at com.kms.katalon.core.main.ScriptEngine.runScriptAsRawText(ScriptEngine.java:119)
	at com.kms.katalon.core.main.TestCaseExecutor.runScript(TestCaseExecutor.java:448)
	at com.kms.katalon.core.main.TestCaseExecutor.doExecute(TestCaseExecutor.java:439)
	at com.kms.katalon.core.main.TestCaseExecutor.processExecutionPhase(TestCaseExecutor.java:418)
	at com.kms.katalon.core.main.TestCaseExecutor.accessMainPhase(TestCaseExecutor.java:410)
	at com.kms.katalon.core.main.TestCaseExecutor.execute(TestCaseExecutor.java:285)
	at com.kms.katalon.core.main.TestCaseMain.runTestCase(TestCaseMain.java:144)
	at com.kms.katalon.core.keyword.builtin.CallTestCaseKeyword$_callTestCase_closure1.doCall(CallTestCaseKeyword.groovy:59)
	at com.kms.katalon.core.keyword.builtin.CallTestCaseKeyword$_callTestCase_closure1.call(CallTestCaseKeyword.groovy)
	at com.kms.katalon.core.keyword.internal.KeywordMain.runKeyword(KeywordMain.groovy:75)
	at com.kms.katalon.core.keyword.builtin.CallTestCaseKeyword.callTestCase(CallTestCaseKeyword.groovy:81)
	at com.kms.katalon.core.keyword.builtin.CallTestCaseKeyword.execute(CallTestCaseKeyword.groovy:44)
	at com.kms.katalon.core.keyword.internal.KeywordExecutor.executeKeywordForPlatform(KeywordExecutor.groovy:74)
	at com.kms.katalon.core.keyword.BuiltinKeywords.callTestCase(BuiltinKeywords.groovy:310)
	at com.kazurayam.ksbackyard.HighlightElement$_pandemic_closure1.doCall(HighlightElement.groovy:105)
	at Creer Votre Compte.run(Creer Votre Compte:109)
	at com.kms.katalon.core.main.ScriptEngine.run(ScriptEngine.java:194)
	at com.kms.katalon.core.main.ScriptEngine.runScriptAsRawText(ScriptEngine.java:119)
	at com.kms.katalon.core.main.TestCaseExecutor.runScript(TestCaseExecutor.java:448)
	at com.kms.katalon.core.main.TestCaseExecutor.doExecute(TestCaseExecutor.java:439)
	at com.kms.katalon.core.main.TestCaseExecutor.processExecutionPhase(TestCaseExecutor.java:418)
	at com.kms.katalon.core.main.TestCaseExecutor.accessMainPhase(TestCaseExecutor.java:410)
	at com.kms.katalon.core.main.TestCaseExecutor.execute(TestCaseExecutor.java:285)
	at com.kms.katalon.core.main.TestCaseMain.runTestCase(TestCaseMain.java:144)
	at com.kms.katalon.core.keyword.builtin.CallTestCaseKeyword$_callTestCase_closure1.doCall(CallTestCaseKeyword.groovy:59)
	at com.kms.katalon.core.keyword.builtin.CallTestCaseKeyword$_callTestCase_closure1.call(CallTestCaseKeyword.groovy)
	at com.kms.katalon.core.keyword.internal.KeywordMain.runKeyword(KeywordMain.groovy:75)
	at com.kms.katalon.core.keyword.builtin.CallTestCaseKeyword.callTestCase(CallTestCaseKeyword.groovy:81)
	at com.kms.katalon.core.keyword.builtin.CallTestCaseKeyword.execute(CallTestCaseKeyword.groovy:44)
	at com.kms.katalon.core.keyword.internal.KeywordExecutor.executeKeywordForPlatform(KeywordExecutor.groovy:74)
	at com.kms.katalon.core.keyword.BuiltinKeywords.callTestCase(BuiltinKeywords.groovy:310)
	at com.kazurayam.ksbackyard.HighlightElement$_pandemic_closure1.doCall(HighlightElement.groovy:105)
	at TNR R.TSPT Supp90-Etudiant.run(TNR R.TSPT Supp90-Etudiant:30)
	at com.kms.katalon.core.main.ScriptEngine.run(ScriptEngine.java:194)
	at com.kms.katalon.core.main.ScriptEngine.runScriptAsRawText(ScriptEngine.java:119)
	at com.kms.katalon.core.main.TestCaseExecutor.runScript(TestCaseExecutor.java:448)
	at com.kms.katalon.core.main.TestCaseExecutor.doExecute(TestCaseExecutor.java:439)
	at com.kms.katalon.core.main.TestCaseExecutor.processExecutionPhase(TestCaseExecutor.java:418)
	at com.kms.katalon.core.main.TestCaseExecutor.accessMainPhase(TestCaseExecutor.java:410)
	at com.kms.katalon.core.main.TestCaseExecutor.execute(TestCaseExecutor.java:285)
	at com.kms.katalon.core.common.CommonExecutor.accessTestCaseMainPhase(CommonExecutor.java:65)
	at com.kms.katalon.core.main.TestSuiteExecutor.accessTestSuiteMainPhase(TestSuiteExecutor.java:148)
	at com.kms.katalon.core.main.TestSuiteExecutor.execute(TestSuiteExecutor.java:106)
	at com.kms.katalon.core.main.TestCaseMain.startTestSuite(TestCaseMain.java:187)
	at com.kms.katalon.core.main.TestCaseMain$startTestSuite$0.call(Unknown Source)
	at TempTestSuite1700729418079.run(TempTestSuite1700729418079.groovy:36)
)
[[ATTACHMENT|C:\\Users\\hhizaoui\\.git\\NewProject29092023\\Nouveau dossier1\\21_11\\ANEF-AutomatizationProject\\Reports\\20231123_095018\\TS_TNR_R.TSPT_Suppo90\\20231123_095018\\1700729494383.png]]

2023-11-23 09:51:34 - [TEST_STEP][PASSED] - if (MsgAlertPresent): null

2023-11-23 09:51:34 - [TEST_STEP][PASSED] - else: Vos informations ne sont pas associÃ©es Ã  un compte ==>> CrÃ©ation d'un nouveau Compte avec ces Informations.

2023-11-23 09:51:34 - [TEST_STEP][PASSED] - markPassed("Vos informations ne sont pas associÃ©es Ã  un compte ==>> CrÃ©ation d'un nouveau Compte avec ces Informations."): Vos informations ne sont pas associÃ©es Ã  un compte ==>> CrÃ©ation d'un nouveau Compte avec ces Informations.

2023-11-23 09:51:34 - [MESSAGE][PASSED] - Vos informations ne sont pas associÃ©es Ã  un compte ==>> CrÃ©ation d'un nouveau Compte avec ces Informations.

2023-11-23 09:51:34 - [TEST_STEP][PASSED] - waitForPageLoad(2): Wait for page load successfully

2023-11-23 09:51:34 - [MESSAGE][INFO] - Checking timeout

2023-11-23 09:51:34 - [MESSAGE][PASSED] - Wait for page load successfully

2023-11-23 09:51:34 - [MESSAGE][PASSED] - Call Test Case 'Test Cases/Test Reutilisable/Main/VerificationCertainesInformationsSontIncorrectes' successfully

2023-11-23 09:51:34 - [TEST_STEP][PASSED] - if (StopTestCase == true): null

2023-11-23 09:51:34 - [TEST_STEP][PASSED] - "VÃ©rification si le compte existe dÃ©jÃ (message Erreur : Il semblerait que vos informations soient dÃ©jÃ  associÃ©es Ã  un compte.)": null

2023-11-23 09:51:34 - [TEST_STEP][PASSED] - callTestCase(findTestCase("Test Cases/Test Reutilisable/Main/VerificationSiCompteExisteDeja"), [:], OPTIONAL): Call Test Case 'Test Cases/Test Reutilisable/Main/VerificationSiCompteExisteDeja' successfully

2023-11-23 09:51:34 - [MESSAGE][INFO] - Checking called Test Case

2023-11-23 09:51:34 - [MESSAGE][INFO] - Starting to call Test Case 'Test Cases/Test Reutilisable/Main/VerificationSiCompteExisteDeja'

2023-11-23 09:51:34 - [TEST_CASE][PASSED] - Test Cases/Test Reutilisable/Main/VerificationSiCompteExisteDeja: Test Cases/Test Reutilisable/Main/VerificationSiCompteExisteDeja

2023-11-23 09:51:35 - [TEST_STEP][PASSED] - "VÃ©rification si le compte existe dÃ©jÃ (message Erreur : Il semblerait que vos informations soient dÃ©jÃ  associÃ©es Ã  un compte.)": null

2023-11-23 09:51:35 - [TEST_STEP][PASSED] - delay(3): Delayed 3 second(s)

2023-11-23 09:51:35 - [MESSAGE][INFO] - Delaying browser in 3 second(s)

2023-11-23 09:51:38 - [MESSAGE][PASSED] - Delayed 3 second(s)

2023-11-23 09:51:38 - [TEST_STEP][PASSED] - StopTestCase = false: null

2023-11-23 09:51:38 - [TEST_STEP][PASSED] - MsgAlertPresent = verifyElementPresent(findTestObject("Object Repository/Connexion Usager/Verif_PopUpCompteExisteDeja"), 2, OPTIONAL): com.kms.katalon.core.webui.exception.WebElementNotFoundException: Web element with id: 'Object Repository/Connexion Usager/Verif_PopUpCompteExisteDeja' located by '/html/body/div[1]/div[1]/p[1]' not found (Root cause: com.kms.katalon.core.exception.StepFailedException: com.kms.katalon.core.webui.exception.WebElementNotFoundException: Web element with id: 'Object Repository/Connexion Usager/Verif_PopUpCompteExisteDeja' located by '/html/body/div[1]/div[1]/p[1]' not found
	at com.kms.katalon.core.webui.keyword.internal.WebUIKeywordMain.stepFailed(WebUIKeywordMain.groovy:64)
	at com.kms.katalon.core.webui.keyword.builtin.VerifyElementPresentKeyword$_verifyElementPresent_closure1.doCall(VerifyElementPresentKeyword.groovy:85)
	at com.kms.katalon.core.webui.keyword.builtin.VerifyElementPresentKeyword$_verifyElementPresent_closure1.call(VerifyElementPresentKeyword.groovy)
	at com.kms.katalon.core.webui.keyword.internal.WebUIKeywordMain.runKeyword(WebUIKeywordMain.groovy:20)
	at com.kms.katalon.core.webui.keyword.builtin.VerifyElementPresentKeyword.verifyElementPresent(VerifyElementPresentKeyword.groovy:92)
	at com.kms.katalon.core.webui.keyword.builtin.VerifyElementPresentKeyword.execute(VerifyElementPresentKeyword.groovy:68)
	at com.kms.katalon.core.keyword.internal.KeywordExecutor.executeKeywordForPlatform(KeywordExecutor.groovy:74)
	at com.kms.katalon.core.webui.keyword.WebUiBuiltInKeywords.verifyElementPresent(WebUiBuiltInKeywords.groovy:1448)
	at com.kazurayam.ksbackyard.HighlightElement$_pandemic_closure1.doCall(HighlightElement.groovy:105)
	at VerificationSiCompteExisteDeja.run(VerificationSiCompteExisteDeja:69)
	at com.kms.katalon.core.main.ScriptEngine.run(ScriptEngine.java:194)
	at com.kms.katalon.core.main.ScriptEngine.runScriptAsRawText(ScriptEngine.java:119)
	at com.kms.katalon.core.main.TestCaseExecutor.runScript(TestCaseExecutor.java:448)
	at com.kms.katalon.core.main.TestCaseExecutor.doExecute(TestCaseExecutor.java:439)
	at com.kms.katalon.core.main.TestCaseExecutor.processExecutionPhase(TestCaseExecutor.java:418)
	at com.kms.katalon.core.main.TestCaseExecutor.accessMainPhase(TestCaseExecutor.java:410)
	at com.kms.katalon.core.main.TestCaseExecutor.execute(TestCaseExecutor.java:285)
	at com.kms.katalon.core.main.TestCaseMain.runTestCase(TestCaseMain.java:144)
	at com.kms.katalon.core.keyword.builtin.CallTestCaseKeyword$_callTestCase_closure1.doCall(CallTestCaseKeyword.groovy:59)
	at com.kms.katalon.core.keyword.builtin.CallTestCaseKeyword$_callTestCase_closure1.call(CallTestCaseKeyword.groovy)
	at com.kms.katalon.core.keyword.internal.KeywordMain.runKeyword(KeywordMain.groovy:75)
	at com.kms.katalon.core.keyword.builtin.CallTestCaseKeyword.callTestCase(CallTestCaseKeyword.groovy:81)
	at com.kms.katalon.core.keyword.builtin.CallTestCaseKeyword.execute(CallTestCaseKeyword.groovy:44)
	at com.kms.katalon.core.keyword.internal.KeywordExecutor.executeKeywordForPlatform(KeywordExecutor.groovy:74)
	at com.kms.katalon.core.keyword.BuiltinKeywords.callTestCase(BuiltinKeywords.groovy:310)
	at com.kazurayam.ksbackyard.HighlightElement$_pandemic_closure1.doCall(HighlightElement.groovy:105)
	at Creer Votre Compte.run(Creer Votre Compte:117)
	at com.kms.katalon.core.main.ScriptEngine.run(ScriptEngine.java:194)
	at com.kms.katalon.core.main.ScriptEngine.runScriptAsRawText(ScriptEngine.java:119)
	at com.kms.katalon.core.main.TestCaseExecutor.runScript(TestCaseExecutor.java:448)
	at com.kms.katalon.core.main.TestCaseExecutor.doExecute(TestCaseExecutor.java:439)
	at com.kms.katalon.core.main.TestCaseExecutor.processExecutionPhase(TestCaseExecutor.java:418)
	at com.kms.katalon.core.main.TestCaseExecutor.accessMainPhase(TestCaseExecutor.java:410)
	at com.kms.katalon.core.main.TestCaseExecutor.execute(TestCaseExecutor.java:285)
	at com.kms.katalon.core.main.TestCaseMain.runTestCase(TestCaseMain.java:144)
	at com.kms.katalon.core.keyword.builtin.CallTestCaseKeyword$_callTestCase_closure1.doCall(CallTestCaseKeyword.groovy:59)
	at com.kms.katalon.core.keyword.builtin.CallTestCaseKeyword$_callTestCase_closure1.call(CallTestCaseKeyword.groovy)
	at com.kms.katalon.core.keyword.internal.KeywordMain.runKeyword(KeywordMain.groovy:75)
	at com.kms.katalon.core.keyword.builtin.CallTestCaseKeyword.callTestCase(CallTestCaseKeyword.groovy:81)
	at com.kms.katalon.core.keyword.builtin.CallTestCaseKeyword.execute(CallTestCaseKeyword.groovy:44)
	at com.kms.katalon.core.keyword.internal.KeywordExecutor.executeKeywordForPlatform(KeywordExecutor.groovy:74)
	at com.kms.katalon.core.keyword.BuiltinKeywords.callTestCase(BuiltinKeywords.groovy:310)
	at com.kazurayam.ksbackyard.HighlightElement$_pandemic_closure1.doCall(HighlightElement.groovy:105)
	at TNR R.TSPT Supp90-Etudiant.run(TNR R.TSPT Supp90-Etudiant:30)
	at com.kms.katalon.core.main.ScriptEngine.run(ScriptEngine.java:194)
	at com.kms.katalon.core.main.ScriptEngine.runScriptAsRawText(ScriptEngine.java:119)
	at com.kms.katalon.core.main.TestCaseExecutor.runScript(TestCaseExecutor.java:448)
	at com.kms.katalon.core.main.TestCaseExecutor.doExecute(TestCaseExecutor.java:439)
	at com.kms.katalon.core.main.TestCaseExecutor.processExecutionPhase(TestCaseExecutor.java:418)
	at com.kms.katalon.core.main.TestCaseExecutor.accessMainPhase(TestCaseExecutor.java:410)
	at com.kms.katalon.core.main.TestCaseExecutor.execute(TestCaseExecutor.java:285)
	at com.kms.katalon.core.common.CommonExecutor.accessTestCaseMainPhase(CommonExecutor.java:65)
	at com.kms.katalon.core.main.TestSuiteExecutor.accessTestSuiteMainPhase(TestSuiteExecutor.java:148)
	at com.kms.katalon.core.main.TestSuiteExecutor.execute(TestSuiteExecutor.java:106)
	at com.kms.katalon.core.main.TestCaseMain.startTestSuite(TestCaseMain.java:187)
	at com.kms.katalon.core.main.TestCaseMain$startTestSuite$0.call(Unknown Source)
	at TempTestSuite1700729418079.run(TempTestSuite1700729418079.groovy:36)
)

2023-11-23 09:51:38 - [MESSAGE][INFO] - Finding Test Object 'Object Repository/Connexion Usager/Verif_PopUpCompteExisteDeja'

2023-11-23 09:51:38 - [MESSAGE][INFO] - Checking object

2023-11-23 09:51:38 - [MESSAGE][INFO] - Finding web element from Test Object's properties

2023-11-23 09:51:38 - [MESSAGE][INFO] - Checking timeout

2023-11-23 09:51:38 - [MESSAGE][INFO] - Finding web element with id: 'Object Repository/Connexion Usager/Verif_PopUpCompteExisteDeja' located by 'By.xpath: /html/body/div[1]/div[1]/p[1]' in '2' second(s)

2023-11-23 09:51:38 - [MESSAGE][INFO] - Smart Wait Function is triggered

2023-11-23 09:51:38 - [MESSAGE][INFO] - Smart Wait Function is triggered

2023-11-23 09:51:38 - [MESSAGE][INFO] - Smart Wait Function is triggered

2023-11-23 09:51:38 - [MESSAGE][INFO] - Smart Wait Function is triggered

2023-11-23 09:51:38 - [MESSAGE][INFO] - Smart Wait Function is triggered

2023-11-23 09:51:38 - [MESSAGE][INFO] - Smart Wait Function is triggered

2023-11-23 09:51:38 - [MESSAGE][INFO] - Smart Wait Function is triggered

2023-11-23 09:51:38 - [MESSAGE][INFO] - Smart Wait Function is triggered

2023-11-23 09:51:38 - [MESSAGE][INFO] - Smart Wait Function is triggered

2023-11-23 09:51:38 - [MESSAGE][INFO] - Smart Wait Function is triggered

2023-11-23 09:51:38 - [MESSAGE][INFO] - Smart Wait Function is triggered

2023-11-23 09:51:38 - [MESSAGE][INFO] - Smart Wait Function is triggered

2023-11-23 09:51:38 - [MESSAGE][INFO] - Smart Wait Function is triggered

2023-11-23 09:51:39 - [MESSAGE][INFO] - Smart Wait Function is triggered

2023-11-23 09:51:39 - [MESSAGE][INFO] - Smart Wait Function is triggered

2023-11-23 09:51:39 - [MESSAGE][INFO] - Smart Wait Function is triggered

2023-11-23 09:51:39 - [MESSAGE][INFO] - Smart Wait Function is triggered

2023-11-23 09:51:39 - [MESSAGE][INFO] - Smart Wait Function is triggered

2023-11-23 09:51:39 - [MESSAGE][INFO] - Smart Wait Function is triggered

2023-11-23 09:51:39 - [MESSAGE][INFO] - Smart Wait Function is triggered

2023-11-23 09:51:39 - [MESSAGE][INFO] - Smart Wait Function is triggered

2023-11-23 09:51:39 - [MESSAGE][INFO] - Smart Wait Function is triggered

2023-11-23 09:51:39 - [MESSAGE][INFO] - Smart Wait Function is triggered

2023-11-23 09:51:39 - [MESSAGE][INFO] - Smart Wait Function is triggered

2023-11-23 09:51:39 - [MESSAGE][INFO] - Smart Wait Function is triggered

2023-11-23 09:51:39 - [MESSAGE][INFO] - Smart Wait Function is triggered

2023-11-23 09:51:39 - [MESSAGE][INFO] - Smart Wait Function is triggered

2023-11-23 09:51:39 - [MESSAGE][INFO] - Smart Wait Function is triggered

2023-11-23 09:51:39 - [MESSAGE][INFO] - Smart Wait Function is triggered

2023-11-23 09:51:39 - [MESSAGE][INFO] - Smart Wait Function is triggered

2023-11-23 09:51:39 - [MESSAGE][INFO] - Smart Wait Function is triggered

2023-11-23 09:51:39 - [MESSAGE][INFO] - Smart Wait Function is triggered

2023-11-23 09:51:39 - [MESSAGE][INFO] - Smart Wait Function is triggered

2023-11-23 09:51:39 - [MESSAGE][INFO] - Smart Wait Function is triggered

2023-11-23 09:51:39 - [MESSAGE][INFO] - Smart Wait Function is triggered

2023-11-23 09:51:39 - [MESSAGE][INFO] - Smart Wait Function is triggered

2023-11-23 09:51:39 - [MESSAGE][INFO] - Smart Wait Function is triggered

2023-11-23 09:51:39 - [MESSAGE][INFO] - Smart Wait Function is triggered

2023-11-23 09:51:39 - [MESSAGE][INFO] - Smart Wait Function is triggered

2023-11-23 09:51:39 - [MESSAGE][INFO] - Smart Wait Function is triggered

2023-11-23 09:51:39 - [MESSAGE][INFO] - Smart Wait Function is triggered

2023-11-23 09:51:39 - [MESSAGE][INFO] - Smart Wait Function is triggered

2023-11-23 09:51:39 - [MESSAGE][INFO] - Smart Wait Function is triggered

2023-11-23 09:51:39 - [MESSAGE][INFO] - Smart Wait Function is triggered

2023-11-23 09:51:39 - [MESSAGE][INFO] - Smart Wait Function is triggered

2023-11-23 09:51:40 - [MESSAGE][INFO] - Smart Wait Function is triggered

2023-11-23 09:51:40 - [MESSAGE][INFO] - Smart Wait Function is triggered

2023-11-23 09:51:40 - [MESSAGE][INFO] - Smart Wait Function is triggered

2023-11-23 09:51:40 - [MESSAGE][INFO] - Smart Wait Function is triggered

2023-11-23 09:51:40 - [MESSAGE][INFO] - Smart Wait Function is triggered

2023-11-23 09:51:40 - [MESSAGE][INFO] - Smart Wait Function is triggered

2023-11-23 09:51:40 - [MESSAGE][INFO] - Smart Wait Function is triggered

2023-11-23 09:51:40 - [MESSAGE][INFO] - Smart Wait Function is triggered

2023-11-23 09:51:40 - [MESSAGE][INFO] - Smart Wait Function is triggered

2023-11-23 09:51:40 - [MESSAGE][INFO] - Smart Wait Function is triggered

2023-11-23 09:51:40 - [MESSAGE][INFO] - Smart Wait Function is triggered

2023-11-23 09:51:40 - [MESSAGE][INFO] - Smart Wait Function is triggered

2023-11-23 09:51:40 - [MESSAGE][INFO] - Smart Wait Function is triggered

2023-11-23 09:51:40 - [MESSAGE][INFO] - Smart Wait Function is triggered

2023-11-23 09:51:40 - [MESSAGE][INFO] - Smart Wait Function is triggered

2023-11-23 09:51:40 - [MESSAGE][INFO] - Smart Wait Function is triggered

2023-11-23 09:51:40 - [MESSAGE][INFO] - Smart Wait Function is triggered

2023-11-23 09:51:40 - [MESSAGE][INFO] - Smart Wait Function is triggered

2023-11-23 09:51:40 - [MESSAGE][INFO] - Smart Wait Function is triggered

2023-11-23 09:51:40 - [MESSAGE][INFO] - Smart Wait Function is triggered

2023-11-23 09:51:40 - [MESSAGE][INFO] - Smart Wait Function is triggered

2023-11-23 09:51:40 - [MESSAGE][INFO] - Smart Wait Function is triggered

2023-11-23 09:51:40 - [MESSAGE][INFO] - Smart Wait Function is triggered

2023-11-23 09:51:40 - [MESSAGE][INFO] - Smart Wait Function is triggered

2023-11-23 09:51:40 - [MESSAGE][INFO] - Smart Wait Function is triggered

2023-11-23 09:51:40 - [MESSAGE][INFO] - Smart Wait Function is triggered

2023-11-23 09:51:40 - [MESSAGE][INFO] - Smart Wait Function is triggered

2023-11-23 09:51:40 - [MESSAGE][INFO] - Smart Wait Function is triggered

2023-11-23 09:51:40 - [MESSAGE][INFO] - Smart Wait Function is triggered

2023-11-23 09:51:40 - [MESSAGE][INFO] - Smart Wait Function is triggered

2023-11-23 09:51:40 - [MESSAGE][INFO] - Smart Wait Function is triggered

2023-11-23 09:51:40 - [MESSAGE][INFO] - Smart Wait Function is triggered

2023-11-23 09:51:41 - [MESSAGE][INFO] - Smart Wait Function is triggered

2023-11-23 09:51:41 - [MESSAGE][INFO] - Smart Wait Function is triggered

2023-11-23 09:51:41 - [MESSAGE][INFO] - Smart Wait Function is triggered

2023-11-23 09:51:41 - [MESSAGE][INFO] - Smart Wait Function is triggered

2023-11-23 09:51:41 - [MESSAGE][INFO] - Smart Wait Function is triggered

2023-11-23 09:51:41 - [MESSAGE][INFO] - Smart Wait Function is triggered

2023-11-23 09:51:41 - [MESSAGE][INFO] - Smart Wait Function is triggered

2023-11-23 09:51:41 - [MESSAGE][INFO] - Smart Wait Function is triggered

2023-11-23 09:51:41 - [MESSAGE][INFO] - Smart Wait Function is triggered

2023-11-23 09:51:41 - [MESSAGE][INFO] - Smart Wait Function is triggered

2023-11-23 09:51:41 - [MESSAGE][INFO] - Smart Wait Function is triggered

2023-11-23 09:51:41 - [MESSAGE][INFO] - Smart Wait Function is triggered

2023-11-23 09:51:41 - [MESSAGE][INFO] - Smart Wait Function is triggered

2023-11-23 09:51:41 - [MESSAGE][INFO] - Smart Wait Function is triggered

2023-11-23 09:51:41 - [MESSAGE][INFO] - Smart Wait Function is triggered

2023-11-23 09:51:41 - [MESSAGE][INFO] - Smart Wait Function is triggered

2023-11-23 09:51:41 - [MESSAGE][INFO] - Smart Wait Function is triggered

2023-11-23 09:51:41 - [MESSAGE][INFO] - Smart Wait Function is triggered

2023-11-23 09:51:41 - [MESSAGE][INFO] - Smart Wait Function is triggered

2023-11-23 09:51:41 - [MESSAGE][INFO] - Smart Wait Function is triggered

2023-11-23 09:51:41 - [MESSAGE][INFO] - Unable to find the element located by 'By.xpath: /html/body/div[1]/div[1]/p[1]'. Please recheck the objects properties to make sure the desired element is located. 

2023-11-23 09:51:41 - [MESSAGE][WARNING] - com.kms.katalon.core.webui.exception.WebElementNotFoundException: Web element with id: 'Object Repository/Connexion Usager/Verif_PopUpCompteExisteDeja' located by '/html/body/div[1]/div[1]/p[1]' not found (Root cause: com.kms.katalon.core.exception.StepFailedException: com.kms.katalon.core.webui.exception.WebElementNotFoundException: Web element with id: 'Object Repository/Connexion Usager/Verif_PopUpCompteExisteDeja' located by '/html/body/div[1]/div[1]/p[1]' not found
	at com.kms.katalon.core.webui.keyword.internal.WebUIKeywordMain.stepFailed(WebUIKeywordMain.groovy:64)
	at com.kms.katalon.core.webui.keyword.builtin.VerifyElementPresentKeyword$_verifyElementPresent_closure1.doCall(VerifyElementPresentKeyword.groovy:85)
	at com.kms.katalon.core.webui.keyword.builtin.VerifyElementPresentKeyword$_verifyElementPresent_closure1.call(VerifyElementPresentKeyword.groovy)
	at com.kms.katalon.core.webui.keyword.internal.WebUIKeywordMain.runKeyword(WebUIKeywordMain.groovy:20)
	at com.kms.katalon.core.webui.keyword.builtin.VerifyElementPresentKeyword.verifyElementPresent(VerifyElementPresentKeyword.groovy:92)
	at com.kms.katalon.core.webui.keyword.builtin.VerifyElementPresentKeyword.execute(VerifyElementPresentKeyword.groovy:68)
	at com.kms.katalon.core.keyword.internal.KeywordExecutor.executeKeywordForPlatform(KeywordExecutor.groovy:74)
	at com.kms.katalon.core.webui.keyword.WebUiBuiltInKeywords.verifyElementPresent(WebUiBuiltInKeywords.groovy:1448)
	at com.kazurayam.ksbackyard.HighlightElement$_pandemic_closure1.doCall(HighlightElement.groovy:105)
	at VerificationSiCompteExisteDeja.run(VerificationSiCompteExisteDeja:69)
	at com.kms.katalon.core.main.ScriptEngine.run(ScriptEngine.java:194)
	at com.kms.katalon.core.main.ScriptEngine.runScriptAsRawText(ScriptEngine.java:119)
	at com.kms.katalon.core.main.TestCaseExecutor.runScript(TestCaseExecutor.java:448)
	at com.kms.katalon.core.main.TestCaseExecutor.doExecute(TestCaseExecutor.java:439)
	at com.kms.katalon.core.main.TestCaseExecutor.processExecutionPhase(TestCaseExecutor.java:418)
	at com.kms.katalon.core.main.TestCaseExecutor.accessMainPhase(TestCaseExecutor.java:410)
	at com.kms.katalon.core.main.TestCaseExecutor.execute(TestCaseExecutor.java:285)
	at com.kms.katalon.core.main.TestCaseMain.runTestCase(TestCaseMain.java:144)
	at com.kms.katalon.core.keyword.builtin.CallTestCaseKeyword$_callTestCase_closure1.doCall(CallTestCaseKeyword.groovy:59)
	at com.kms.katalon.core.keyword.builtin.CallTestCaseKeyword$_callTestCase_closure1.call(CallTestCaseKeyword.groovy)
	at com.kms.katalon.core.keyword.internal.KeywordMain.runKeyword(KeywordMain.groovy:75)
	at com.kms.katalon.core.keyword.builtin.CallTestCaseKeyword.callTestCase(CallTestCaseKeyword.groovy:81)
	at com.kms.katalon.core.keyword.builtin.CallTestCaseKeyword.execute(CallTestCaseKeyword.groovy:44)
	at com.kms.katalon.core.keyword.internal.KeywordExecutor.executeKeywordForPlatform(KeywordExecutor.groovy:74)
	at com.kms.katalon.core.keyword.BuiltinKeywords.callTestCase(BuiltinKeywords.groovy:310)
	at com.kazurayam.ksbackyard.HighlightElement$_pandemic_closure1.doCall(HighlightElement.groovy:105)
	at Creer Votre Compte.run(Creer Votre Compte:117)
	at com.kms.katalon.core.main.ScriptEngine.run(ScriptEngine.java:194)
	at com.kms.katalon.core.main.ScriptEngine.runScriptAsRawText(ScriptEngine.java:119)
	at com.kms.katalon.core.main.TestCaseExecutor.runScript(TestCaseExecutor.java:448)
	at com.kms.katalon.core.main.TestCaseExecutor.doExecute(TestCaseExecutor.java:439)
	at com.kms.katalon.core.main.TestCaseExecutor.processExecutionPhase(TestCaseExecutor.java:418)
	at com.kms.katalon.core.main.TestCaseExecutor.accessMainPhase(TestCaseExecutor.java:410)
	at com.kms.katalon.core.main.TestCaseExecutor.execute(TestCaseExecutor.java:285)
	at com.kms.katalon.core.main.TestCaseMain.runTestCase(TestCaseMain.java:144)
	at com.kms.katalon.core.keyword.builtin.CallTestCaseKeyword$_callTestCase_closure1.doCall(CallTestCaseKeyword.groovy:59)
	at com.kms.katalon.core.keyword.builtin.CallTestCaseKeyword$_callTestCase_closure1.call(CallTestCaseKeyword.groovy)
	at com.kms.katalon.core.keyword.internal.KeywordMain.runKeyword(KeywordMain.groovy:75)
	at com.kms.katalon.core.keyword.builtin.CallTestCaseKeyword.callTestCase(CallTestCaseKeyword.groovy:81)
	at com.kms.katalon.core.keyword.builtin.CallTestCaseKeyword.execute(CallTestCaseKeyword.groovy:44)
	at com.kms.katalon.core.keyword.internal.KeywordExecutor.executeKeywordForPlatform(KeywordExecutor.groovy:74)
	at com.kms.katalon.core.keyword.BuiltinKeywords.callTestCase(BuiltinKeywords.groovy:310)
	at com.kazurayam.ksbackyard.HighlightElement$_pandemic_closure1.doCall(HighlightElement.groovy:105)
	at TNR R.TSPT Supp90-Etudiant.run(TNR R.TSPT Supp90-Etudiant:30)
	at com.kms.katalon.core.main.ScriptEngine.run(ScriptEngine.java:194)
	at com.kms.katalon.core.main.ScriptEngine.runScriptAsRawText(ScriptEngine.java:119)
	at com.kms.katalon.core.main.TestCaseExecutor.runScript(TestCaseExecutor.java:448)
	at com.kms.katalon.core.main.TestCaseExecutor.doExecute(TestCaseExecutor.java:439)
	at com.kms.katalon.core.main.TestCaseExecutor.processExecutionPhase(TestCaseExecutor.java:418)
	at com.kms.katalon.core.main.TestCaseExecutor.accessMainPhase(TestCaseExecutor.java:410)
	at com.kms.katalon.core.main.TestCaseExecutor.execute(TestCaseExecutor.java:285)
	at com.kms.katalon.core.common.CommonExecutor.accessTestCaseMainPhase(CommonExecutor.java:65)
	at com.kms.katalon.core.main.TestSuiteExecutor.accessTestSuiteMainPhase(TestSuiteExecutor.java:148)
	at com.kms.katalon.core.main.TestSuiteExecutor.execute(TestSuiteExecutor.java:106)
	at com.kms.katalon.core.main.TestCaseMain.startTestSuite(TestCaseMain.java:187)
	at com.kms.katalon.core.main.TestCaseMain$startTestSuite$0.call(Unknown Source)
	at TempTestSuite1700729418079.run(TempTestSuite1700729418079.groovy:36)
)
[[ATTACHMENT|C:\\Users\\hhizaoui\\.git\\NewProject29092023\\Nouveau dossier1\\21_11\\ANEF-AutomatizationProject\\Reports\\20231123_095018\\TS_TNR_R.TSPT_Suppo90\\20231123_095018\\1700729501630.png]]

2023-11-23 09:51:41 - [TEST_STEP][PASSED] - if (MsgAlertPresent): null

2023-11-23 09:51:41 - [TEST_STEP][PASSED] - else: Vos informations ne sont pas associÃ©es Ã  un compte ==>> CrÃ©ation d'un nouveau Compte avec ces Informations.

2023-11-23 09:51:41 - [TEST_STEP][PASSED] - markPassed("Vos informations ne sont pas associÃ©es Ã  un compte ==>> CrÃ©ation d'un nouveau Compte avec ces Informations."): Vos informations ne sont pas associÃ©es Ã  un compte ==>> CrÃ©ation d'un nouveau Compte avec ces Informations.

2023-11-23 09:51:41 - [MESSAGE][PASSED] - Vos informations ne sont pas associÃ©es Ã  un compte ==>> CrÃ©ation d'un nouveau Compte avec ces Informations.

2023-11-23 09:51:41 - [TEST_STEP][PASSED] - waitForPageLoad(2): Wait for page load successfully

2023-11-23 09:51:41 - [MESSAGE][INFO] - Checking timeout

2023-11-23 09:51:41 - [MESSAGE][PASSED] - Wait for page load successfully

2023-11-23 09:51:41 - [MESSAGE][PASSED] - Call Test Case 'Test Cases/Test Reutilisable/Main/VerificationSiCompteExisteDeja' successfully

2023-11-23 09:51:41 - [TEST_STEP][PASSED] - if (StopTestCase == true): null

2023-11-23 09:51:41 - [TEST_STEP][PASSED] - MonEmail = NumEtrangerVisa + "@yopmail.com": null

2023-11-23 09:51:41 - [TEST_STEP][PASSED] - delay(2): Delayed 2 second(s)

2023-11-23 09:51:41 - [MESSAGE][INFO] - Delaying browser in 2 second(s)

2023-11-23 09:51:43 - [MESSAGE][PASSED] - Delayed 2 second(s)

2023-11-23 09:51:43 - [TEST_STEP][PASSED] - setText(findTestObject("Object Repository/Connexion Usager/Input_Email"), MonEmail): Text '7703040870@yopmail.com' is set on object 'Object Repository/Connexion Usager/Input_Email'

2023-11-23 09:51:43 - [MESSAGE][INFO] - Finding Test Object 'Object Repository/Connexion Usager/Input_Email'

2023-11-23 09:51:43 - [MESSAGE][INFO] - Checking timeout

2023-11-23 09:51:43 - [MESSAGE][INFO] - Finding web element with id: 'Object Repository/Connexion Usager/Input_Email' located by 'By.xpath: //*/div/app-input[1]/div/div/input [@type = 'email']' in '20' second(s)

2023-11-23 09:51:43 - [MESSAGE][INFO] - Smart Wait Function is triggered

2023-11-23 09:51:43 - [MESSAGE][INFO] - Found 1 web elements with id: 'Object Repository/Connexion Usager/Input_Email' located by 'By.xpath: //*/div/app-input[1]/div/div/input [@type = 'email']' in '20' second(s)

2023-11-23 09:51:43 - [MESSAGE][INFO] - Checking object

2023-11-23 09:51:43 - [MESSAGE][INFO] - Checking text

2023-11-23 09:51:43 - [MESSAGE][INFO] - Finding web element from Test Object's properties

2023-11-23 09:51:43 - [MESSAGE][INFO] - Checking timeout

2023-11-23 09:51:43 - [MESSAGE][INFO] - Finding web element with id: 'Object Repository/Connexion Usager/Input_Email' located by 'By.xpath: //*/div/app-input[1]/div/div/input [@type = 'email']' in '5' second(s)

2023-11-23 09:51:43 - [MESSAGE][INFO] - Smart Wait Function is triggered

2023-11-23 09:51:44 - [MESSAGE][INFO] - Found 1 web elements with id: 'Object Repository/Connexion Usager/Input_Email' located by 'By.xpath: //*/div/app-input[1]/div/div/input [@type = 'email']' in '5' second(s)

2023-11-23 09:51:44 - [MESSAGE][INFO] - Clearing text of object 'Object Repository/Connexion Usager/Input_Email'

2023-11-23 09:51:46 - [MESSAGE][INFO] - Finding web element from Test Object's properties

2023-11-23 09:51:46 - [MESSAGE][INFO] - Checking timeout

2023-11-23 09:51:46 - [MESSAGE][INFO] - Finding web element with id: 'Object Repository/Connexion Usager/Input_Email' located by 'By.xpath: //*/div/app-input[1]/div/div/input [@type = 'email']' in '5' second(s)

2023-11-23 09:51:46 - [MESSAGE][INFO] - Smart Wait Function is triggered

2023-11-23 09:51:46 - [MESSAGE][INFO] - Found 1 web elements with id: 'Object Repository/Connexion Usager/Input_Email' located by 'By.xpath: //*/div/app-input[1]/div/div/input [@type = 'email']' in '5' second(s)

2023-11-23 09:51:46 - [MESSAGE][INFO] - Setting text of object 'Object Repository/Connexion Usager/Input_Email' to value '7703040870@yopmail.com'

2023-11-23 09:51:48 - [MESSAGE][PASSED] - Text '7703040870@yopmail.com' is set on object 'Object Repository/Connexion Usager/Input_Email'

2023-11-23 09:51:48 - [TEST_STEP][PASSED] - setText(findTestObject("Object Repository/Connexion Usager/Input_ConfirmeEmail"), MonEmail): Text '7703040870@yopmail.com' is set on object 'Object Repository/Connexion Usager/Input_ConfirmeEmail'

2023-11-23 09:51:48 - [MESSAGE][INFO] - Finding Test Object 'Object Repository/Connexion Usager/Input_ConfirmeEmail'

2023-11-23 09:51:48 - [MESSAGE][INFO] - Checking timeout

2023-11-23 09:51:48 - [MESSAGE][INFO] - Finding web element with id: 'Object Repository/Connexion Usager/Input_ConfirmeEmail' located by 'By.xpath: //*/div/app-input[2]/div/div/input [@type = 'email']' in '20' second(s)

2023-11-23 09:51:48 - [MESSAGE][INFO] - Smart Wait Function is triggered

2023-11-23 09:51:48 - [MESSAGE][INFO] - Found 1 web elements with id: 'Object Repository/Connexion Usager/Input_ConfirmeEmail' located by 'By.xpath: //*/div/app-input[2]/div/div/input [@type = 'email']' in '20' second(s)

2023-11-23 09:51:48 - [MESSAGE][INFO] - Checking object

2023-11-23 09:51:48 - [MESSAGE][INFO] - Checking text

2023-11-23 09:51:48 - [MESSAGE][INFO] - Finding web element from Test Object's properties

2023-11-23 09:51:48 - [MESSAGE][INFO] - Checking timeout

2023-11-23 09:51:48 - [MESSAGE][INFO] - Finding web element with id: 'Object Repository/Connexion Usager/Input_ConfirmeEmail' located by 'By.xpath: //*/div/app-input[2]/div/div/input [@type = 'email']' in '5' second(s)

2023-11-23 09:51:48 - [MESSAGE][INFO] - Smart Wait Function is triggered

2023-11-23 09:51:48 - [MESSAGE][INFO] - Found 1 web elements with id: 'Object Repository/Connexion Usager/Input_ConfirmeEmail' located by 'By.xpath: //*/div/app-input[2]/div/div/input [@type = 'email']' in '5' second(s)

2023-11-23 09:51:48 - [MESSAGE][INFO] - Clearing text of object 'Object Repository/Connexion Usager/Input_ConfirmeEmail'

2023-11-23 09:51:50 - [MESSAGE][INFO] - Finding web element from Test Object's properties

2023-11-23 09:51:50 - [MESSAGE][INFO] - Checking timeout

2023-11-23 09:51:50 - [MESSAGE][INFO] - Finding web element with id: 'Object Repository/Connexion Usager/Input_ConfirmeEmail' located by 'By.xpath: //*/div/app-input[2]/div/div/input [@type = 'email']' in '5' second(s)

2023-11-23 09:51:50 - [MESSAGE][INFO] - Smart Wait Function is triggered

2023-11-23 09:51:50 - [MESSAGE][INFO] - Found 1 web elements with id: 'Object Repository/Connexion Usager/Input_ConfirmeEmail' located by 'By.xpath: //*/div/app-input[2]/div/div/input [@type = 'email']' in '5' second(s)

2023-11-23 09:51:50 - [MESSAGE][INFO] - Setting text of object 'Object Repository/Connexion Usager/Input_ConfirmeEmail' to value '7703040870@yopmail.com'

2023-11-23 09:51:52 - [MESSAGE][PASSED] - Text '7703040870@yopmail.com' is set on object 'Object Repository/Connexion Usager/Input_ConfirmeEmail'

2023-11-23 09:51:52 - [TEST_STEP][PASSED] - click(findTestObject("Object Repository/Connexion Usager/span_btn_ValiderEmail")): Object: 'Object Repository/Connexion Usager/span_btn_ValiderEmail' is clicked on

2023-11-23 09:51:52 - [MESSAGE][INFO] - Finding Test Object 'Object Repository/Connexion Usager/span_btn_ValiderEmail'

2023-11-23 09:51:52 - [MESSAGE][INFO] - Checking timeout

2023-11-23 09:51:52 - [MESSAGE][INFO] - Finding web element with id: 'Object Repository/Connexion Usager/span_btn_ValiderEmail' located by 'By.xpath: //span[(text() = 'Valider' or . = 'Valider')]' in '20' second(s)

2023-11-23 09:51:52 - [MESSAGE][INFO] - Smart Wait Function is triggered

2023-11-23 09:51:52 - [MESSAGE][INFO] - Found 1 web elements with id: 'Object Repository/Connexion Usager/span_btn_ValiderEmail' located by 'By.xpath: //span[(text() = 'Valider' or . = 'Valider')]' in '20' second(s)

2023-11-23 09:51:52 - [MESSAGE][INFO] - Checking object

2023-11-23 09:51:52 - [MESSAGE][INFO] - Checking timeout

2023-11-23 09:51:52 - [MESSAGE][INFO] - Finding web element from Test Object's properties

2023-11-23 09:51:52 - [MESSAGE][INFO] - Checking timeout

2023-11-23 09:51:52 - [MESSAGE][INFO] - Finding web element with id: 'Object Repository/Connexion Usager/span_btn_ValiderEmail' located by 'By.xpath: //span[(text() = 'Valider' or . = 'Valider')]' in '5' second(s)

2023-11-23 09:51:52 - [MESSAGE][INFO] - Smart Wait Function is triggered

2023-11-23 09:51:52 - [MESSAGE][INFO] - Found 1 web elements with id: 'Object Repository/Connexion Usager/span_btn_ValiderEmail' located by 'By.xpath: //span[(text() = 'Valider' or . = 'Valider')]' in '5' second(s)

2023-11-23 09:51:52 - [MESSAGE][INFO] - Clicking on object: 'Object Repository/Connexion Usager/span_btn_ValiderEmail'

2023-11-23 09:51:54 - [MESSAGE][PASSED] - Object: 'Object Repository/Connexion Usager/span_btn_ValiderEmail' is clicked on

2023-11-23 09:51:54 - [TEST_STEP][PASSED] - delay(2): Delayed 2 second(s)

2023-11-23 09:51:54 - [MESSAGE][INFO] - Delaying browser in 2 second(s)

2023-11-23 09:51:56 - [MESSAGE][PASSED] - Delayed 2 second(s)

2023-11-23 09:51:56 - [TEST_STEP][PASSED] - click(findTestObject("Object Repository/Connexion Usager/btn_span_RetourAccueil")): Object: 'Object Repository/Connexion Usager/btn_span_RetourAccueil' is clicked on

2023-11-23 09:51:56 - [MESSAGE][INFO] - Finding Test Object 'Object Repository/Connexion Usager/btn_span_RetourAccueil'

2023-11-23 09:51:57 - [MESSAGE][INFO] - Checking timeout

2023-11-23 09:51:57 - [MESSAGE][INFO] - Finding web element with id: 'Object Repository/Connexion Usager/btn_span_RetourAccueil' located by 'By.xpath: (.//*[normalize-space(text()) and normalize-space(.)='CRÃATION DE COMPTE'])[1]/following::span[2]' in '20' second(s)

2023-11-23 09:51:57 - [MESSAGE][INFO] - Smart Wait Function is triggered

2023-11-23 09:51:57 - [MESSAGE][INFO] - Found 1 web elements with id: 'Object Repository/Connexion Usager/btn_span_RetourAccueil' located by 'By.xpath: (.//*[normalize-space(text()) and normalize-space(.)='CRÃATION DE COMPTE'])[1]/following::span[2]' in '20' second(s)

2023-11-23 09:51:57 - [MESSAGE][INFO] - Checking object

2023-11-23 09:51:57 - [MESSAGE][INFO] - Checking timeout

2023-11-23 09:51:57 - [MESSAGE][INFO] - Finding web element from Test Object's properties

2023-11-23 09:51:57 - [MESSAGE][INFO] - Checking timeout

2023-11-23 09:51:57 - [MESSAGE][INFO] - Finding web element with id: 'Object Repository/Connexion Usager/btn_span_RetourAccueil' located by 'By.xpath: (.//*[normalize-space(text()) and normalize-space(.)='CRÃATION DE COMPTE'])[1]/following::span[2]' in '5' second(s)

2023-11-23 09:51:57 - [MESSAGE][INFO] - Smart Wait Function is triggered

2023-11-23 09:51:57 - [MESSAGE][INFO] - Found 1 web elements with id: 'Object Repository/Connexion Usager/btn_span_RetourAccueil' located by 'By.xpath: (.//*[normalize-space(text()) and normalize-space(.)='CRÃATION DE COMPTE'])[1]/following::span[2]' in '5' second(s)

2023-11-23 09:51:57 - [MESSAGE][INFO] - Clicking on object: 'Object Repository/Connexion Usager/btn_span_RetourAccueil'

2023-11-23 09:51:59 - [MESSAGE][PASSED] - Object: 'Object Repository/Connexion Usager/btn_span_RetourAccueil' is clicked on

2023-11-23 09:51:59 - [TEST_STEP][PASSED] - delay(2): Delayed 2 second(s)

2023-11-23 09:51:59 - [MESSAGE][INFO] - Delaying browser in 2 second(s)

2023-11-23 09:52:01 - [MESSAGE][PASSED] - Delayed 2 second(s)

2023-11-23 09:52:01 - [TEST_STEP][PASSED] - tools.GetWebCookieByNamedCollected.GetWebCookie(): tools.GetWebCookieByNamedCollected.GetWebCookie is PASSED

2023-11-23 09:52:01 - [MESSAGE][PASSED] - tools.GetWebCookieByNamedCollected.GetWebCookie is PASSED

2023-11-23 09:52:01 - [TEST_STEP][PASSED] - if (EnvExec == "URL_ANEFQualif"): null

2023-11-23 09:52:01 - [TEST_STEP][PASSED] - if (EnvExec == "URL_ANEFPreProd"): Navigate to 'https://preprod.administration-etrangers-en-france.interieur.gouv.fr/particuliers/#/espace-personnel/inscription/mot-de-passe?token=eyJ0eXAiOiJKV1QiLCJhbGciOiJIUzI1NiJ9.eyJpYXQiOjE3MDA3Mjk0ODAuNzU0NTUsImV4cCI6MTcwMDgxNTg4MC43NTQ1NSwibG9naW4iOjQwMDI1MDY0LCJzdWIiOiJyZWdpc3RlciIsInVybF9wcmVmaXgiOiIvdXNhZ2VyIn0.hgA89Kj6JQXRcfmPDS4UZpZAOOOH2Z8vTEsWMt-bA50' successfully

2023-11-23 09:52:01 - [TEST_STEP][PASSED] - URL_CreationMDP = URLpwPreProd + Token: null

2023-11-23 09:52:01 - [TEST_STEP][PASSED] - navigateToUrl(URL_CreationMDP): Navigate to 'https://preprod.administration-etrangers-en-france.interieur.gouv.fr/particuliers/#/espace-personnel/inscription/mot-de-passe?token=eyJ0eXAiOiJKV1QiLCJhbGciOiJIUzI1NiJ9.eyJpYXQiOjE3MDA3Mjk0ODAuNzU0NTUsImV4cCI6MTcwMDgxNTg4MC43NTQ1NSwibG9naW4iOjQwMDI1MDY0LCJzdWIiOiJyZWdpc3RlciIsInVybF9wcmVmaXgiOiIvdXNhZ2VyIn0.hgA89Kj6JQXRcfmPDS4UZpZAOOOH2Z8vTEsWMt-bA50' successfully

2023-11-23 09:52:01 - [MESSAGE][INFO] - Checking url

2023-11-23 09:52:01 - [MESSAGE][INFO] - Navigating to 'https://preprod.administration-etrangers-en-france.interieur.gouv.fr/particuliers/#/espace-personnel/inscription/mot-de-passe?token=eyJ0eXAiOiJKV1QiLCJhbGciOiJIUzI1NiJ9.eyJpYXQiOjE3MDA3Mjk0ODAuNzU0NTUsImV4cCI6MTcwMDgxNTg4MC43NTQ1NSwibG9naW4iOjQwMDI1MDY0LCJzdWIiOiJyZWdpc3RlciIsInVybF9wcmVmaXgiOiIvdXNhZ2VyIn0.hgA89Kj6JQXRcfmPDS4UZpZAOOOH2Z8vTEsWMt-bA50'

2023-11-23 09:52:03 - [MESSAGE][PASSED] - Navigate to 'https://preprod.administration-etrangers-en-france.interieur.gouv.fr/particuliers/#/espace-personnel/inscription/mot-de-passe?token=eyJ0eXAiOiJKV1QiLCJhbGciOiJIUzI1NiJ9.eyJpYXQiOjE3MDA3Mjk0ODAuNzU0NTUsImV4cCI6MTcwMDgxNTg4MC43NTQ1NSwibG9naW4iOjQwMDI1MDY0LCJzdWIiOiJyZWdpc3RlciIsInVybF9wcmVmaXgiOiIvdXNhZ2VyIn0.hgA89Kj6JQXRcfmPDS4UZpZAOOOH2Z8vTEsWMt-bA50' successfully

2023-11-23 09:52:03 - [TEST_STEP][PASSED] - callTestCase(findTestCase("Test Reutilisable/Main/Verif_FormatNewPW"), [:], STOP_ON_FAILURE): Call Test Case 'Test Cases/Test Reutilisable/Main/Verif_FormatNewPW' successfully

2023-11-23 09:52:03 - [MESSAGE][INFO] - Checking called Test Case

2023-11-23 09:52:03 - [MESSAGE][INFO] - Starting to call Test Case 'Test Cases/Test Reutilisable/Main/Verif_FormatNewPW'

2023-11-23 09:52:03 - [TEST_CASE][PASSED] - Test Cases/Test Reutilisable/Main/Verif_FormatNewPW: Test Cases/Test Reutilisable/Main/Verif_FormatNewPW

2023-11-23 09:52:04 - [TEST_STEP][PASSED] - com.kazurayam.ksbackyard.HighlightElement.pandemic(): com.kazurayam.ksbackyard.HighlightElement.pandemic is PASSED

2023-11-23 09:52:04 - [MESSAGE][PASSED] - com.kazurayam.ksbackyard.HighlightElement.pandemic is PASSED

2023-11-23 09:52:04 - [TEST_STEP][PASSED] - println("CrÃ©er un mot de passe sans majuscule"): null

2023-11-23 09:52:04 - [TEST_STEP][PASSED] - setText(findTestObject("Object Repository/Connexion Usager/Input_Password"), "hhizaoui001!"): Text 'hhizaoui001!' is set on object 'Object Repository/Connexion Usager/Input_Password'

2023-11-23 09:52:04 - [MESSAGE][INFO] - Finding Test Object 'Object Repository/Connexion Usager/Input_Password'

2023-11-23 09:52:04 - [MESSAGE][INFO] - Checking timeout

2023-11-23 09:52:04 - [MESSAGE][INFO] - Finding web element with id: 'Object Repository/Connexion Usager/Input_Password' located by 'By.xpath: //*/app-input[1]/div/div/input [@type = 'password']' in '20' second(s)

2023-11-23 09:52:04 - [MESSAGE][INFO] - Smart Wait Function is triggered

2023-11-23 09:52:04 - [MESSAGE][INFO] - Found 1 web elements with id: 'Object Repository/Connexion Usager/Input_Password' located by 'By.xpath: //*/app-input[1]/div/div/input [@type = 'password']' in '20' second(s)

2023-11-23 09:52:04 - [MESSAGE][INFO] - Checking object

2023-11-23 09:52:04 - [MESSAGE][INFO] - Checking text

2023-11-23 09:52:04 - [MESSAGE][INFO] - Finding web element from Test Object's properties

2023-11-23 09:52:04 - [MESSAGE][INFO] - Checking timeout

2023-11-23 09:52:04 - [MESSAGE][INFO] - Finding web element with id: 'Object Repository/Connexion Usager/Input_Password' located by 'By.xpath: //*/app-input[1]/div/div/input [@type = 'password']' in '5' second(s)

2023-11-23 09:52:04 - [MESSAGE][INFO] - Smart Wait Function is triggered

2023-11-23 09:52:04 - [MESSAGE][INFO] - Found 1 web elements with id: 'Object Repository/Connexion Usager/Input_Password' located by 'By.xpath: //*/app-input[1]/div/div/input [@type = 'password']' in '5' second(s)

2023-11-23 09:52:04 - [MESSAGE][INFO] - Clearing text of object 'Object Repository/Connexion Usager/Input_Password'

2023-11-23 09:52:06 - [MESSAGE][INFO] - Finding web element from Test Object's properties

2023-11-23 09:52:06 - [MESSAGE][INFO] - Checking timeout

2023-11-23 09:52:06 - [MESSAGE][INFO] - Finding web element with id: 'Object Repository/Connexion Usager/Input_Password' located by 'By.xpath: //*/app-input[1]/div/div/input [@type = 'password']' in '5' second(s)

2023-11-23 09:52:06 - [MESSAGE][INFO] - Smart Wait Function is triggered

2023-11-23 09:52:06 - [MESSAGE][INFO] - Found 1 web elements with id: 'Object Repository/Connexion Usager/Input_Password' located by 'By.xpath: //*/app-input[1]/div/div/input [@type = 'password']' in '5' second(s)

2023-11-23 09:52:06 - [MESSAGE][INFO] - Setting text of object 'Object Repository/Connexion Usager/Input_Password' to value 'hhizaoui001!'

2023-11-23 09:52:08 - [MESSAGE][PASSED] - Text 'hhizaoui001!' is set on object 'Object Repository/Connexion Usager/Input_Password'

2023-11-23 09:52:08 - [TEST_STEP][PASSED] - setText(findTestObject("Object Repository/Connexion Usager/Input_ConfirmePassword"), "hhizaoui001!"): Text 'hhizaoui001!' is set on object 'Object Repository/Connexion Usager/Input_ConfirmePassword'

2023-11-23 09:52:08 - [MESSAGE][INFO] - Finding Test Object 'Object Repository/Connexion Usager/Input_ConfirmePassword'

2023-11-23 09:52:08 - [MESSAGE][INFO] - Checking timeout

2023-11-23 09:52:08 - [MESSAGE][INFO] - Finding web element with id: 'Object Repository/Connexion Usager/Input_ConfirmePassword' located by 'By.xpath: //*/app-input[2]/div/div/input [@type = 'password']' in '20' second(s)

2023-11-23 09:52:08 - [MESSAGE][INFO] - Smart Wait Function is triggered

2023-11-23 09:52:08 - [MESSAGE][INFO] - Found 1 web elements with id: 'Object Repository/Connexion Usager/Input_ConfirmePassword' located by 'By.xpath: //*/app-input[2]/div/div/input [@type = 'password']' in '20' second(s)

2023-11-23 09:52:08 - [MESSAGE][INFO] - Checking object

2023-11-23 09:52:08 - [MESSAGE][INFO] - Checking text

2023-11-23 09:52:08 - [MESSAGE][INFO] - Finding web element from Test Object's properties

2023-11-23 09:52:08 - [MESSAGE][INFO] - Checking timeout

2023-11-23 09:52:08 - [MESSAGE][INFO] - Finding web element with id: 'Object Repository/Connexion Usager/Input_ConfirmePassword' located by 'By.xpath: //*/app-input[2]/div/div/input [@type = 'password']' in '5' second(s)

2023-11-23 09:52:08 - [MESSAGE][INFO] - Smart Wait Function is triggered

2023-11-23 09:52:08 - [MESSAGE][INFO] - Found 1 web elements with id: 'Object Repository/Connexion Usager/Input_ConfirmePassword' located by 'By.xpath: //*/app-input[2]/div/div/input [@type = 'password']' in '5' second(s)

2023-11-23 09:52:08 - [MESSAGE][INFO] - Clearing text of object 'Object Repository/Connexion Usager/Input_ConfirmePassword'

2023-11-23 09:52:10 - [MESSAGE][INFO] - Finding web element from Test Object's properties

2023-11-23 09:52:10 - [MESSAGE][INFO] - Checking timeout

2023-11-23 09:52:10 - [MESSAGE][INFO] - Finding web element with id: 'Object Repository/Connexion Usager/Input_ConfirmePassword' located by 'By.xpath: //*/app-input[2]/div/div/input [@type = 'password']' in '5' second(s)

2023-11-23 09:52:10 - [MESSAGE][INFO] - Smart Wait Function is triggered

2023-11-23 09:52:10 - [MESSAGE][INFO] - Found 1 web elements with id: 'Object Repository/Connexion Usager/Input_ConfirmePassword' located by 'By.xpath: //*/app-input[2]/div/div/input [@type = 'password']' in '5' second(s)

2023-11-23 09:52:10 - [MESSAGE][INFO] - Setting text of object 'Object Repository/Connexion Usager/Input_ConfirmePassword' to value 'hhizaoui001!'

2023-11-23 09:52:13 - [MESSAGE][PASSED] - Text 'hhizaoui001!' is set on object 'Object Repository/Connexion Usager/Input_ConfirmePassword'

2023-11-23 09:52:13 - [TEST_STEP][PASSED] - click(findTestObject("Object Repository/Connexion Usager/btn_CreerMDP")): Object: 'Object Repository/Connexion Usager/btn_CreerMDP' is clicked on

2023-11-23 09:52:13 - [MESSAGE][INFO] - Finding Test Object 'Object Repository/Connexion Usager/btn_CreerMDP'

2023-11-23 09:52:13 - [MESSAGE][INFO] - Checking timeout

2023-11-23 09:52:13 - [MESSAGE][INFO] - Finding web element with id: 'Object Repository/Connexion Usager/btn_CreerMDP' located by 'By.xpath: //*/div/p-button/button [@type= 'button']' in '20' second(s)

2023-11-23 09:52:13 - [MESSAGE][INFO] - Smart Wait Function is triggered

2023-11-23 09:52:13 - [MESSAGE][INFO] - Found 1 web elements with id: 'Object Repository/Connexion Usager/btn_CreerMDP' located by 'By.xpath: //*/div/p-button/button [@type= 'button']' in '20' second(s)

2023-11-23 09:52:13 - [MESSAGE][INFO] - Checking object

2023-11-23 09:52:13 - [MESSAGE][INFO] - Checking timeout

2023-11-23 09:52:13 - [MESSAGE][INFO] - Finding web element from Test Object's properties

2023-11-23 09:52:13 - [MESSAGE][INFO] - Checking timeout

2023-11-23 09:52:13 - [MESSAGE][INFO] - Finding web element with id: 'Object Repository/Connexion Usager/btn_CreerMDP' located by 'By.xpath: //*/div/p-button/button [@type= 'button']' in '5' second(s)

2023-11-23 09:52:13 - [MESSAGE][INFO] - Smart Wait Function is triggered

2023-11-23 09:52:13 - [MESSAGE][INFO] - Found 1 web elements with id: 'Object Repository/Connexion Usager/btn_CreerMDP' located by 'By.xpath: //*/div/p-button/button [@type= 'button']' in '5' second(s)

2023-11-23 09:52:13 - [MESSAGE][INFO] - Clicking on object: 'Object Repository/Connexion Usager/btn_CreerMDP'

2023-11-23 09:52:15 - [MESSAGE][PASSED] - Object: 'Object Repository/Connexion Usager/btn_CreerMDP' is clicked on

2023-11-23 09:52:15 - [TEST_STEP][PASSED] - verifyElementPresent(findTestObject("Object Repository/Connexion Usager/div_MSG_FormatNonRespecte"), 1): Object 'Object Repository/Connexion Usager/div_MSG_FormatNonRespecte' is present

2023-11-23 09:52:15 - [MESSAGE][INFO] - Finding Test Object 'Object Repository/Connexion Usager/div_MSG_FormatNonRespecte'

2023-11-23 09:52:15 - [MESSAGE][INFO] - Checking object

2023-11-23 09:52:15 - [MESSAGE][INFO] - Finding web element from Test Object's properties

2023-11-23 09:52:15 - [MESSAGE][INFO] - Checking timeout

2023-11-23 09:52:15 - [MESSAGE][INFO] - Finding web element with id: 'Object Repository/Connexion Usager/div_MSG_FormatNonRespecte' located by 'By.xpath: //*/app-input[1]/div/div/div[1]/div[2]/div/span[2]' in '1' second(s)

2023-11-23 09:52:15 - [MESSAGE][INFO] - Smart Wait Function is triggered

2023-11-23 09:52:15 - [MESSAGE][INFO] - Found 1 web elements with id: 'Object Repository/Connexion Usager/div_MSG_FormatNonRespecte' located by 'By.xpath: //*/app-input[1]/div/div/div[1]/div[2]/div/span[2]' in '1' second(s)

2023-11-23 09:52:15 - [MESSAGE][PASSED] - Object 'Object Repository/Connexion Usager/div_MSG_FormatNonRespecte' is present

2023-11-23 09:52:15 - [TEST_STEP][PASSED] - println("CrÃ©er un mot de passe sans minuscule"): null

2023-11-23 09:52:15 - [TEST_STEP][PASSED] - setText(findTestObject("Object Repository/Connexion Usager/Input_Password"), "HHIZAOUI001!"): Text 'HHIZAOUI001!' is set on object 'Object Repository/Connexion Usager/Input_Password'

2023-11-23 09:52:15 - [MESSAGE][INFO] - Finding Test Object 'Object Repository/Connexion Usager/Input_Password'

2023-11-23 09:52:15 - [MESSAGE][INFO] - Checking timeout

2023-11-23 09:52:15 - [MESSAGE][INFO] - Finding web element with id: 'Object Repository/Connexion Usager/Input_Password' located by 'By.xpath: //*/app-input[1]/div/div/input [@type = 'password']' in '20' second(s)

2023-11-23 09:52:15 - [MESSAGE][INFO] - Smart Wait Function is triggered

2023-11-23 09:52:15 - [MESSAGE][INFO] - Found 1 web elements with id: 'Object Repository/Connexion Usager/Input_Password' located by 'By.xpath: //*/app-input[1]/div/div/input [@type = 'password']' in '20' second(s)

2023-11-23 09:52:15 - [MESSAGE][INFO] - Checking object

2023-11-23 09:52:15 - [MESSAGE][INFO] - Checking text

2023-11-23 09:52:15 - [MESSAGE][INFO] - Finding web element from Test Object's properties

2023-11-23 09:52:15 - [MESSAGE][INFO] - Checking timeout

2023-11-23 09:52:15 - [MESSAGE][INFO] - Finding web element with id: 'Object Repository/Connexion Usager/Input_Password' located by 'By.xpath: //*/app-input[1]/div/div/input [@type = 'password']' in '5' second(s)

2023-11-23 09:52:15 - [MESSAGE][INFO] - Smart Wait Function is triggered

2023-11-23 09:52:15 - [MESSAGE][INFO] - Found 1 web elements with id: 'Object Repository/Connexion Usager/Input_Password' located by 'By.xpath: //*/app-input[1]/div/div/input [@type = 'password']' in '5' second(s)

2023-11-23 09:52:15 - [MESSAGE][INFO] - Clearing text of object 'Object Repository/Connexion Usager/Input_Password'

2023-11-23 09:52:17 - [MESSAGE][INFO] - Finding web element from Test Object's properties

2023-11-23 09:52:17 - [MESSAGE][INFO] - Checking timeout

2023-11-23 09:52:17 - [MESSAGE][INFO] - Finding web element with id: 'Object Repository/Connexion Usager/Input_Password' located by 'By.xpath: //*/app-input[1]/div/div/input [@type = 'password']' in '5' second(s)

2023-11-23 09:52:17 - [MESSAGE][INFO] - Smart Wait Function is triggered

2023-11-23 09:52:17 - [MESSAGE][INFO] - Found 1 web elements with id: 'Object Repository/Connexion Usager/Input_Password' located by 'By.xpath: //*/app-input[1]/div/div/input [@type = 'password']' in '5' second(s)

2023-11-23 09:52:17 - [MESSAGE][INFO] - Setting text of object 'Object Repository/Connexion Usager/Input_Password' to value 'HHIZAOUI001!'

2023-11-23 09:52:19 - [MESSAGE][PASSED] - Text 'HHIZAOUI001!' is set on object 'Object Repository/Connexion Usager/Input_Password'

2023-11-23 09:52:19 - [TEST_STEP][PASSED] - setText(findTestObject("Object Repository/Connexion Usager/Input_ConfirmePassword"), "HHIZAOUI001!"): Text 'HHIZAOUI001!' is set on object 'Object Repository/Connexion Usager/Input_ConfirmePassword'

2023-11-23 09:52:19 - [MESSAGE][INFO] - Finding Test Object 'Object Repository/Connexion Usager/Input_ConfirmePassword'

2023-11-23 09:52:19 - [MESSAGE][INFO] - Checking timeout

2023-11-23 09:52:19 - [MESSAGE][INFO] - Finding web element with id: 'Object Repository/Connexion Usager/Input_ConfirmePassword' located by 'By.xpath: //*/app-input[2]/div/div/input [@type = 'password']' in '20' second(s)

2023-11-23 09:52:19 - [MESSAGE][INFO] - Smart Wait Function is triggered

2023-11-23 09:52:19 - [MESSAGE][INFO] - Found 1 web elements with id: 'Object Repository/Connexion Usager/Input_ConfirmePassword' located by 'By.xpath: //*/app-input[2]/div/div/input [@type = 'password']' in '20' second(s)

2023-11-23 09:52:19 - [MESSAGE][INFO] - Checking object

2023-11-23 09:52:19 - [MESSAGE][INFO] - Checking text

2023-11-23 09:52:19 - [MESSAGE][INFO] - Finding web element from Test Object's properties

2023-11-23 09:52:19 - [MESSAGE][INFO] - Checking timeout

2023-11-23 09:52:19 - [MESSAGE][INFO] - Finding web element with id: 'Object Repository/Connexion Usager/Input_ConfirmePassword' located by 'By.xpath: //*/app-input[2]/div/div/input [@type = 'password']' in '5' second(s)

2023-11-23 09:52:19 - [MESSAGE][INFO] - Smart Wait Function is triggered

2023-11-23 09:52:20 - [MESSAGE][INFO] - Found 1 web elements with id: 'Object Repository/Connexion Usager/Input_ConfirmePassword' located by 'By.xpath: //*/app-input[2]/div/div/input [@type = 'password']' in '5' second(s)

2023-11-23 09:52:20 - [MESSAGE][INFO] - Clearing text of object 'Object Repository/Connexion Usager/Input_ConfirmePassword'

2023-11-23 09:52:22 - [MESSAGE][INFO] - Finding web element from Test Object's properties

2023-11-23 09:52:22 - [MESSAGE][INFO] - Checking timeout

2023-11-23 09:52:22 - [MESSAGE][INFO] - Finding web element with id: 'Object Repository/Connexion Usager/Input_ConfirmePassword' located by 'By.xpath: //*/app-input[2]/div/div/input [@type = 'password']' in '5' second(s)

2023-11-23 09:52:22 - [MESSAGE][INFO] - Smart Wait Function is triggered

2023-11-23 09:52:22 - [MESSAGE][INFO] - Found 1 web elements with id: 'Object Repository/Connexion Usager/Input_ConfirmePassword' located by 'By.xpath: //*/app-input[2]/div/div/input [@type = 'password']' in '5' second(s)

2023-11-23 09:52:22 - [MESSAGE][INFO] - Setting text of object 'Object Repository/Connexion Usager/Input_ConfirmePassword' to value 'HHIZAOUI001!'

2023-11-23 09:52:24 - [MESSAGE][PASSED] - Text 'HHIZAOUI001!' is set on object 'Object Repository/Connexion Usager/Input_ConfirmePassword'

2023-11-23 09:52:24 - [TEST_STEP][PASSED] - click(findTestObject("Object Repository/Connexion Usager/btn_CreerMDP")): Object: 'Object Repository/Connexion Usager/btn_CreerMDP' is clicked on

2023-11-23 09:52:24 - [MESSAGE][INFO] - Finding Test Object 'Object Repository/Connexion Usager/btn_CreerMDP'

2023-11-23 09:52:24 - [MESSAGE][INFO] - Checking timeout

2023-11-23 09:52:24 - [MESSAGE][INFO] - Finding web element with id: 'Object Repository/Connexion Usager/btn_CreerMDP' located by 'By.xpath: //*/div/p-button/button [@type= 'button']' in '20' second(s)

2023-11-23 09:52:24 - [MESSAGE][INFO] - Smart Wait Function is triggered

2023-11-23 09:52:24 - [MESSAGE][INFO] - Found 1 web elements with id: 'Object Repository/Connexion Usager/btn_CreerMDP' located by 'By.xpath: //*/div/p-button/button [@type= 'button']' in '20' second(s)

2023-11-23 09:52:24 - [MESSAGE][INFO] - Checking object

2023-11-23 09:52:24 - [MESSAGE][INFO] - Checking timeout

2023-11-23 09:52:24 - [MESSAGE][INFO] - Finding web element from Test Object's properties

2023-11-23 09:52:24 - [MESSAGE][INFO] - Checking timeout

2023-11-23 09:52:24 - [MESSAGE][INFO] - Finding web element with id: 'Object Repository/Connexion Usager/btn_CreerMDP' located by 'By.xpath: //*/div/p-button/button [@type= 'button']' in '5' second(s)

2023-11-23 09:52:24 - [MESSAGE][INFO] - Smart Wait Function is triggered

2023-11-23 09:52:24 - [MESSAGE][INFO] - Found 1 web elements with id: 'Object Repository/Connexion Usager/btn_CreerMDP' located by 'By.xpath: //*/div/p-button/button [@type= 'button']' in '5' second(s)

2023-11-23 09:52:24 - [MESSAGE][INFO] - Clicking on object: 'Object Repository/Connexion Usager/btn_CreerMDP'

2023-11-23 09:52:26 - [MESSAGE][PASSED] - Object: 'Object Repository/Connexion Usager/btn_CreerMDP' is clicked on

2023-11-23 09:52:26 - [TEST_STEP][PASSED] - verifyElementPresent(findTestObject("Object Repository/Connexion Usager/div_MSG_FormatNonRespecte"), 1): Object 'Object Repository/Connexion Usager/div_MSG_FormatNonRespecte' is present

2023-11-23 09:52:26 - [MESSAGE][INFO] - Finding Test Object 'Object Repository/Connexion Usager/div_MSG_FormatNonRespecte'

2023-11-23 09:52:26 - [MESSAGE][INFO] - Checking object

2023-11-23 09:52:26 - [MESSAGE][INFO] - Finding web element from Test Object's properties

2023-11-23 09:52:26 - [MESSAGE][INFO] - Checking timeout

2023-11-23 09:52:26 - [MESSAGE][INFO] - Finding web element with id: 'Object Repository/Connexion Usager/div_MSG_FormatNonRespecte' located by 'By.xpath: //*/app-input[1]/div/div/div[1]/div[2]/div/span[2]' in '1' second(s)

2023-11-23 09:52:26 - [MESSAGE][INFO] - Smart Wait Function is triggered

2023-11-23 09:52:26 - [MESSAGE][INFO] - Found 1 web elements with id: 'Object Repository/Connexion Usager/div_MSG_FormatNonRespecte' located by 'By.xpath: //*/app-input[1]/div/div/div[1]/div[2]/div/span[2]' in '1' second(s)

2023-11-23 09:52:26 - [MESSAGE][PASSED] - Object 'Object Repository/Connexion Usager/div_MSG_FormatNonRespecte' is present

2023-11-23 09:52:26 - [TEST_STEP][PASSED] - println("CrÃ©er un mot de passe sans caractÃ¨re spÃ©cial"): null

2023-11-23 09:52:26 - [TEST_STEP][PASSED] - setText(findTestObject("Object Repository/Connexion Usager/Input_Password"), "HHizaoui0010"): Text 'HHizaoui0010' is set on object 'Object Repository/Connexion Usager/Input_Password'

2023-11-23 09:52:26 - [MESSAGE][INFO] - Finding Test Object 'Object Repository/Connexion Usager/Input_Password'

2023-11-23 09:52:26 - [MESSAGE][INFO] - Checking timeout

2023-11-23 09:52:26 - [MESSAGE][INFO] - Finding web element with id: 'Object Repository/Connexion Usager/Input_Password' located by 'By.xpath: //*/app-input[1]/div/div/input [@type = 'password']' in '20' second(s)

2023-11-23 09:52:26 - [MESSAGE][INFO] - Smart Wait Function is triggered

2023-11-23 09:52:26 - [MESSAGE][INFO] - Found 1 web elements with id: 'Object Repository/Connexion Usager/Input_Password' located by 'By.xpath: //*/app-input[1]/div/div/input [@type = 'password']' in '20' second(s)

2023-11-23 09:52:26 - [MESSAGE][INFO] - Checking object

2023-11-23 09:52:26 - [MESSAGE][INFO] - Checking text

2023-11-23 09:52:26 - [MESSAGE][INFO] - Finding web element from Test Object's properties

2023-11-23 09:52:26 - [MESSAGE][INFO] - Checking timeout

2023-11-23 09:52:26 - [MESSAGE][INFO] - Finding web element with id: 'Object Repository/Connexion Usager/Input_Password' located by 'By.xpath: //*/app-input[1]/div/div/input [@type = 'password']' in '5' second(s)

2023-11-23 09:52:26 - [MESSAGE][INFO] - Smart Wait Function is triggered

2023-11-23 09:52:26 - [MESSAGE][INFO] - Found 1 web elements with id: 'Object Repository/Connexion Usager/Input_Password' located by 'By.xpath: //*/app-input[1]/div/div/input [@type = 'password']' in '5' second(s)

2023-11-23 09:52:26 - [MESSAGE][INFO] - Clearing text of object 'Object Repository/Connexion Usager/Input_Password'

2023-11-23 09:52:28 - [MESSAGE][INFO] - Finding web element from Test Object's properties

2023-11-23 09:52:28 - [MESSAGE][INFO] - Checking timeout

2023-11-23 09:52:28 - [MESSAGE][INFO] - Finding web element with id: 'Object Repository/Connexion Usager/Input_Password' located by 'By.xpath: //*/app-input[1]/div/div/input [@type = 'password']' in '5' second(s)

2023-11-23 09:52:28 - [MESSAGE][INFO] - Smart Wait Function is triggered

2023-11-23 09:52:28 - [MESSAGE][INFO] - Found 1 web elements with id: 'Object Repository/Connexion Usager/Input_Password' located by 'By.xpath: //*/app-input[1]/div/div/input [@type = 'password']' in '5' second(s)

2023-11-23 09:52:28 - [MESSAGE][INFO] - Setting text of object 'Object Repository/Connexion Usager/Input_Password' to value 'HHizaoui0010'

2023-11-23 09:52:31 - [MESSAGE][PASSED] - Text 'HHizaoui0010' is set on object 'Object Repository/Connexion Usager/Input_Password'

2023-11-23 09:52:31 - [TEST_STEP][PASSED] - setText(findTestObject("Object Repository/Connexion Usager/Input_ConfirmePassword"), "HHizaoui0010"): Text 'HHizaoui0010' is set on object 'Object Repository/Connexion Usager/Input_ConfirmePassword'

2023-11-23 09:52:31 - [MESSAGE][INFO] - Finding Test Object 'Object Repository/Connexion Usager/Input_ConfirmePassword'

2023-11-23 09:52:31 - [MESSAGE][INFO] - Checking timeout

2023-11-23 09:52:31 - [MESSAGE][INFO] - Finding web element with id: 'Object Repository/Connexion Usager/Input_ConfirmePassword' located by 'By.xpath: //*/app-input[2]/div/div/input [@type = 'password']' in '20' second(s)

2023-11-23 09:52:31 - [MESSAGE][INFO] - Smart Wait Function is triggered

2023-11-23 09:52:31 - [MESSAGE][INFO] - Found 1 web elements with id: 'Object Repository/Connexion Usager/Input_ConfirmePassword' located by 'By.xpath: //*/app-input[2]/div/div/input [@type = 'password']' in '20' second(s)

2023-11-23 09:52:31 - [MESSAGE][INFO] - Checking object

2023-11-23 09:52:31 - [MESSAGE][INFO] - Checking text

2023-11-23 09:52:31 - [MESSAGE][INFO] - Finding web element from Test Object's properties

2023-11-23 09:52:31 - [MESSAGE][INFO] - Checking timeout

2023-11-23 09:52:31 - [MESSAGE][INFO] - Finding web element with id: 'Object Repository/Connexion Usager/Input_ConfirmePassword' located by 'By.xpath: //*/app-input[2]/div/div/input [@type = 'password']' in '5' second(s)

2023-11-23 09:52:31 - [MESSAGE][INFO] - Smart Wait Function is triggered

2023-11-23 09:52:31 - [MESSAGE][INFO] - Found 1 web elements with id: 'Object Repository/Connexion Usager/Input_ConfirmePassword' located by 'By.xpath: //*/app-input[2]/div/div/input [@type = 'password']' in '5' second(s)

2023-11-23 09:52:31 - [MESSAGE][INFO] - Clearing text of object 'Object Repository/Connexion Usager/Input_ConfirmePassword'

2023-11-23 09:52:33 - [MESSAGE][INFO] - Finding web element from Test Object's properties

2023-11-23 09:52:33 - [MESSAGE][INFO] - Checking timeout

2023-11-23 09:52:33 - [MESSAGE][INFO] - Finding web element with id: 'Object Repository/Connexion Usager/Input_ConfirmePassword' located by 'By.xpath: //*/app-input[2]/div/div/input [@type = 'password']' in '5' second(s)

2023-11-23 09:52:33 - [MESSAGE][INFO] - Smart Wait Function is triggered

2023-11-23 09:52:33 - [MESSAGE][INFO] - Found 1 web elements with id: 'Object Repository/Connexion Usager/Input_ConfirmePassword' located by 'By.xpath: //*/app-input[2]/div/div/input [@type = 'password']' in '5' second(s)

2023-11-23 09:52:33 - [MESSAGE][INFO] - Setting text of object 'Object Repository/Connexion Usager/Input_ConfirmePassword' to value 'HHizaoui0010'

2023-11-23 09:52:35 - [MESSAGE][PASSED] - Text 'HHizaoui0010' is set on object 'Object Repository/Connexion Usager/Input_ConfirmePassword'

2023-11-23 09:52:35 - [TEST_STEP][PASSED] - click(findTestObject("Object Repository/Connexion Usager/btn_CreerMDP")): Object: 'Object Repository/Connexion Usager/btn_CreerMDP' is clicked on

2023-11-23 09:52:35 - [MESSAGE][INFO] - Finding Test Object 'Object Repository/Connexion Usager/btn_CreerMDP'

2023-11-23 09:52:35 - [MESSAGE][INFO] - Checking timeout

2023-11-23 09:52:35 - [MESSAGE][INFO] - Finding web element with id: 'Object Repository/Connexion Usager/btn_CreerMDP' located by 'By.xpath: //*/div/p-button/button [@type= 'button']' in '20' second(s)

2023-11-23 09:52:35 - [MESSAGE][INFO] - Smart Wait Function is triggered

2023-11-23 09:52:35 - [MESSAGE][INFO] - Found 1 web elements with id: 'Object Repository/Connexion Usager/btn_CreerMDP' located by 'By.xpath: //*/div/p-button/button [@type= 'button']' in '20' second(s)

2023-11-23 09:52:35 - [MESSAGE][INFO] - Checking object

2023-11-23 09:52:35 - [MESSAGE][INFO] - Checking timeout

2023-11-23 09:52:35 - [MESSAGE][INFO] - Finding web element from Test Object's properties

2023-11-23 09:52:35 - [MESSAGE][INFO] - Checking timeout

2023-11-23 09:52:35 - [MESSAGE][INFO] - Finding web element with id: 'Object Repository/Connexion Usager/btn_CreerMDP' located by 'By.xpath: //*/div/p-button/button [@type= 'button']' in '5' second(s)

2023-11-23 09:52:35 - [MESSAGE][INFO] - Smart Wait Function is triggered

2023-11-23 09:52:35 - [MESSAGE][INFO] - Found 1 web elements with id: 'Object Repository/Connexion Usager/btn_CreerMDP' located by 'By.xpath: //*/div/p-button/button [@type= 'button']' in '5' second(s)

2023-11-23 09:52:35 - [MESSAGE][INFO] - Clicking on object: 'Object Repository/Connexion Usager/btn_CreerMDP'

2023-11-23 09:52:37 - [MESSAGE][PASSED] - Object: 'Object Repository/Connexion Usager/btn_CreerMDP' is clicked on

2023-11-23 09:52:37 - [TEST_STEP][PASSED] - verifyElementPresent(findTestObject("Object Repository/Connexion Usager/div_MSG_FormatNonRespecte"), 1): Object 'Object Repository/Connexion Usager/div_MSG_FormatNonRespecte' is present

2023-11-23 09:52:37 - [MESSAGE][INFO] - Finding Test Object 'Object Repository/Connexion Usager/div_MSG_FormatNonRespecte'

2023-11-23 09:52:37 - [MESSAGE][INFO] - Checking object

2023-11-23 09:52:37 - [MESSAGE][INFO] - Finding web element from Test Object's properties

2023-11-23 09:52:37 - [MESSAGE][INFO] - Checking timeout

2023-11-23 09:52:37 - [MESSAGE][INFO] - Finding web element with id: 'Object Repository/Connexion Usager/div_MSG_FormatNonRespecte' located by 'By.xpath: //*/app-input[1]/div/div/div[1]/div[2]/div/span[2]' in '1' second(s)

2023-11-23 09:52:37 - [MESSAGE][INFO] - Smart Wait Function is triggered

2023-11-23 09:52:37 - [MESSAGE][INFO] - Found 1 web elements with id: 'Object Repository/Connexion Usager/div_MSG_FormatNonRespecte' located by 'By.xpath: //*/app-input[1]/div/div/div[1]/div[2]/div/span[2]' in '1' second(s)

2023-11-23 09:52:37 - [MESSAGE][PASSED] - Object 'Object Repository/Connexion Usager/div_MSG_FormatNonRespecte' is present

2023-11-23 09:52:37 - [TEST_STEP][PASSED] - println("CrÃ©er un mot de passe sans chiffre"): null

2023-11-23 09:52:37 - [TEST_STEP][PASSED] - setText(findTestObject("Object Repository/Connexion Usager/Input_Password"), "HHizaouihiza!"): Text 'HHizaouihiza!' is set on object 'Object Repository/Connexion Usager/Input_Password'

2023-11-23 09:52:37 - [MESSAGE][INFO] - Finding Test Object 'Object Repository/Connexion Usager/Input_Password'

2023-11-23 09:52:37 - [MESSAGE][INFO] - Checking timeout

2023-11-23 09:52:37 - [MESSAGE][INFO] - Finding web element with id: 'Object Repository/Connexion Usager/Input_Password' located by 'By.xpath: //*/app-input[1]/div/div/input [@type = 'password']' in '20' second(s)

2023-11-23 09:52:37 - [MESSAGE][INFO] - Smart Wait Function is triggered

2023-11-23 09:52:37 - [MESSAGE][INFO] - Found 1 web elements with id: 'Object Repository/Connexion Usager/Input_Password' located by 'By.xpath: //*/app-input[1]/div/div/input [@type = 'password']' in '20' second(s)

2023-11-23 09:52:37 - [MESSAGE][INFO] - Checking object

2023-11-23 09:52:37 - [MESSAGE][INFO] - Checking text

2023-11-23 09:52:37 - [MESSAGE][INFO] - Finding web element from Test Object's properties

2023-11-23 09:52:37 - [MESSAGE][INFO] - Checking timeout

2023-11-23 09:52:37 - [MESSAGE][INFO] - Finding web element with id: 'Object Repository/Connexion Usager/Input_Password' located by 'By.xpath: //*/app-input[1]/div/div/input [@type = 'password']' in '5' second(s)

2023-11-23 09:52:37 - [MESSAGE][INFO] - Smart Wait Function is triggered

2023-11-23 09:52:37 - [MESSAGE][INFO] - Found 1 web elements with id: 'Object Repository/Connexion Usager/Input_Password' located by 'By.xpath: //*/app-input[1]/div/div/input [@type = 'password']' in '5' second(s)

2023-11-23 09:52:37 - [MESSAGE][INFO] - Clearing text of object 'Object Repository/Connexion Usager/Input_Password'

2023-11-23 09:52:39 - [MESSAGE][INFO] - Finding web element from Test Object's properties

2023-11-23 09:52:39 - [MESSAGE][INFO] - Checking timeout

2023-11-23 09:52:39 - [MESSAGE][INFO] - Finding web element with id: 'Object Repository/Connexion Usager/Input_Password' located by 'By.xpath: //*/app-input[1]/div/div/input [@type = 'password']' in '5' second(s)

2023-11-23 09:52:39 - [MESSAGE][INFO] - Smart Wait Function is triggered

2023-11-23 09:52:39 - [MESSAGE][INFO] - Found 1 web elements with id: 'Object Repository/Connexion Usager/Input_Password' located by 'By.xpath: //*/app-input[1]/div/div/input [@type = 'password']' in '5' second(s)

2023-11-23 09:52:39 - [MESSAGE][INFO] - Setting text of object 'Object Repository/Connexion Usager/Input_Password' to value 'HHizaouihiza!'

2023-11-23 09:52:42 - [MESSAGE][PASSED] - Text 'HHizaouihiza!' is set on object 'Object Repository/Connexion Usager/Input_Password'

2023-11-23 09:52:42 - [TEST_STEP][PASSED] - setText(findTestObject("Object Repository/Connexion Usager/Input_ConfirmePassword"), "HHizaouihiza!"): Text 'HHizaouihiza!' is set on object 'Object Repository/Connexion Usager/Input_ConfirmePassword'

2023-11-23 09:52:42 - [MESSAGE][INFO] - Finding Test Object 'Object Repository/Connexion Usager/Input_ConfirmePassword'

2023-11-23 09:52:42 - [MESSAGE][INFO] - Checking timeout

2023-11-23 09:52:42 - [MESSAGE][INFO] - Finding web element with id: 'Object Repository/Connexion Usager/Input_ConfirmePassword' located by 'By.xpath: //*/app-input[2]/div/div/input [@type = 'password']' in '20' second(s)

2023-11-23 09:52:42 - [MESSAGE][INFO] - Smart Wait Function is triggered

2023-11-23 09:52:42 - [MESSAGE][INFO] - Found 1 web elements with id: 'Object Repository/Connexion Usager/Input_ConfirmePassword' located by 'By.xpath: //*/app-input[2]/div/div/input [@type = 'password']' in '20' second(s)

2023-11-23 09:52:42 - [MESSAGE][INFO] - Checking object

2023-11-23 09:52:42 - [MESSAGE][INFO] - Checking text

2023-11-23 09:52:42 - [MESSAGE][INFO] - Finding web element from Test Object's properties

2023-11-23 09:52:42 - [MESSAGE][INFO] - Checking timeout

2023-11-23 09:52:42 - [MESSAGE][INFO] - Finding web element with id: 'Object Repository/Connexion Usager/Input_ConfirmePassword' located by 'By.xpath: //*/app-input[2]/div/div/input [@type = 'password']' in '5' second(s)

2023-11-23 09:52:42 - [MESSAGE][INFO] - Smart Wait Function is triggered

2023-11-23 09:52:42 - [MESSAGE][INFO] - Found 1 web elements with id: 'Object Repository/Connexion Usager/Input_ConfirmePassword' located by 'By.xpath: //*/app-input[2]/div/div/input [@type = 'password']' in '5' second(s)

2023-11-23 09:52:42 - [MESSAGE][INFO] - Clearing text of object 'Object Repository/Connexion Usager/Input_ConfirmePassword'

2023-11-23 09:52:44 - [MESSAGE][INFO] - Finding web element from Test Object's properties

2023-11-23 09:52:44 - [MESSAGE][INFO] - Checking timeout

2023-11-23 09:52:44 - [MESSAGE][INFO] - Finding web element with id: 'Object Repository/Connexion Usager/Input_ConfirmePassword' located by 'By.xpath: //*/app-input[2]/div/div/input [@type = 'password']' in '5' second(s)

2023-11-23 09:52:44 - [MESSAGE][INFO] - Smart Wait Function is triggered

2023-11-23 09:52:44 - [MESSAGE][INFO] - Found 1 web elements with id: 'Object Repository/Connexion Usager/Input_ConfirmePassword' located by 'By.xpath: //*/app-input[2]/div/div/input [@type = 'password']' in '5' second(s)

2023-11-23 09:52:44 - [MESSAGE][INFO] - Setting text of object 'Object Repository/Connexion Usager/Input_ConfirmePassword' to value 'HHizaouihiza!'

2023-11-23 09:52:46 - [MESSAGE][PASSED] - Text 'HHizaouihiza!' is set on object 'Object Repository/Connexion Usager/Input_ConfirmePassword'

2023-11-23 09:52:46 - [TEST_STEP][PASSED] - click(findTestObject("Object Repository/Connexion Usager/btn_CreerMDP")): Object: 'Object Repository/Connexion Usager/btn_CreerMDP' is clicked on

2023-11-23 09:52:46 - [MESSAGE][INFO] - Finding Test Object 'Object Repository/Connexion Usager/btn_CreerMDP'

2023-11-23 09:52:46 - [MESSAGE][INFO] - Checking timeout

2023-11-23 09:52:46 - [MESSAGE][INFO] - Finding web element with id: 'Object Repository/Connexion Usager/btn_CreerMDP' located by 'By.xpath: //*/div/p-button/button [@type= 'button']' in '20' second(s)

2023-11-23 09:52:46 - [MESSAGE][INFO] - Smart Wait Function is triggered

2023-11-23 09:52:46 - [MESSAGE][INFO] - Found 1 web elements with id: 'Object Repository/Connexion Usager/btn_CreerMDP' located by 'By.xpath: //*/div/p-button/button [@type= 'button']' in '20' second(s)

2023-11-23 09:52:46 - [MESSAGE][INFO] - Checking object

2023-11-23 09:52:46 - [MESSAGE][INFO] - Checking timeout

2023-11-23 09:52:46 - [MESSAGE][INFO] - Finding web element from Test Object's properties

2023-11-23 09:52:46 - [MESSAGE][INFO] - Checking timeout

2023-11-23 09:52:46 - [MESSAGE][INFO] - Finding web element with id: 'Object Repository/Connexion Usager/btn_CreerMDP' located by 'By.xpath: //*/div/p-button/button [@type= 'button']' in '5' second(s)

2023-11-23 09:52:46 - [MESSAGE][INFO] - Smart Wait Function is triggered

2023-11-23 09:52:46 - [MESSAGE][INFO] - Found 1 web elements with id: 'Object Repository/Connexion Usager/btn_CreerMDP' located by 'By.xpath: //*/div/p-button/button [@type= 'button']' in '5' second(s)

2023-11-23 09:52:46 - [MESSAGE][INFO] - Clicking on object: 'Object Repository/Connexion Usager/btn_CreerMDP'

2023-11-23 09:52:48 - [MESSAGE][PASSED] - Object: 'Object Repository/Connexion Usager/btn_CreerMDP' is clicked on

2023-11-23 09:52:48 - [TEST_STEP][PASSED] - verifyElementPresent(findTestObject("Object Repository/Connexion Usager/div_MSG_FormatNonRespecte"), 1): Object 'Object Repository/Connexion Usager/div_MSG_FormatNonRespecte' is present

2023-11-23 09:52:48 - [MESSAGE][INFO] - Finding Test Object 'Object Repository/Connexion Usager/div_MSG_FormatNonRespecte'

2023-11-23 09:52:48 - [MESSAGE][INFO] - Checking object

2023-11-23 09:52:48 - [MESSAGE][INFO] - Finding web element from Test Object's properties

2023-11-23 09:52:48 - [MESSAGE][INFO] - Checking timeout

2023-11-23 09:52:48 - [MESSAGE][INFO] - Finding web element with id: 'Object Repository/Connexion Usager/div_MSG_FormatNonRespecte' located by 'By.xpath: //*/app-input[1]/div/div/div[1]/div[2]/div/span[2]' in '1' second(s)

2023-11-23 09:52:48 - [MESSAGE][INFO] - Smart Wait Function is triggered

2023-11-23 09:52:48 - [MESSAGE][INFO] - Found 1 web elements with id: 'Object Repository/Connexion Usager/div_MSG_FormatNonRespecte' located by 'By.xpath: //*/app-input[1]/div/div/div[1]/div[2]/div/span[2]' in '1' second(s)

2023-11-23 09:52:48 - [MESSAGE][PASSED] - Object 'Object Repository/Connexion Usager/div_MSG_FormatNonRespecte' is present

2023-11-23 09:52:48 - [TEST_STEP][PASSED] - println("Saisir 2 mots de passe diffÃ©rents"): null

2023-11-23 09:52:48 - [TEST_STEP][PASSED] - setText(findTestObject("Object Repository/Connexion Usager/Input_Password"), "HHizaoui001!"): Text 'HHizaoui001!' is set on object 'Object Repository/Connexion Usager/Input_Password'

2023-11-23 09:52:48 - [MESSAGE][INFO] - Finding Test Object 'Object Repository/Connexion Usager/Input_Password'

2023-11-23 09:52:48 - [MESSAGE][INFO] - Checking timeout

2023-11-23 09:52:48 - [MESSAGE][INFO] - Finding web element with id: 'Object Repository/Connexion Usager/Input_Password' located by 'By.xpath: //*/app-input[1]/div/div/input [@type = 'password']' in '20' second(s)

2023-11-23 09:52:48 - [MESSAGE][INFO] - Smart Wait Function is triggered

2023-11-23 09:52:48 - [MESSAGE][INFO] - Found 1 web elements with id: 'Object Repository/Connexion Usager/Input_Password' located by 'By.xpath: //*/app-input[1]/div/div/input [@type = 'password']' in '20' second(s)

2023-11-23 09:52:48 - [MESSAGE][INFO] - Checking object

2023-11-23 09:52:48 - [MESSAGE][INFO] - Checking text

2023-11-23 09:52:48 - [MESSAGE][INFO] - Finding web element from Test Object's properties

2023-11-23 09:52:48 - [MESSAGE][INFO] - Checking timeout

2023-11-23 09:52:48 - [MESSAGE][INFO] - Finding web element with id: 'Object Repository/Connexion Usager/Input_Password' located by 'By.xpath: //*/app-input[1]/div/div/input [@type = 'password']' in '5' second(s)

2023-11-23 09:52:48 - [MESSAGE][INFO] - Smart Wait Function is triggered

2023-11-23 09:52:49 - [MESSAGE][INFO] - Found 1 web elements with id: 'Object Repository/Connexion Usager/Input_Password' located by 'By.xpath: //*/app-input[1]/div/div/input [@type = 'password']' in '5' second(s)

2023-11-23 09:52:49 - [MESSAGE][INFO] - Clearing text of object 'Object Repository/Connexion Usager/Input_Password'

2023-11-23 09:52:51 - [MESSAGE][INFO] - Finding web element from Test Object's properties

2023-11-23 09:52:51 - [MESSAGE][INFO] - Checking timeout

2023-11-23 09:52:51 - [MESSAGE][INFO] - Finding web element with id: 'Object Repository/Connexion Usager/Input_Password' located by 'By.xpath: //*/app-input[1]/div/div/input [@type = 'password']' in '5' second(s)

2023-11-23 09:52:51 - [MESSAGE][INFO] - Smart Wait Function is triggered

2023-11-23 09:52:51 - [MESSAGE][INFO] - Found 1 web elements with id: 'Object Repository/Connexion Usager/Input_Password' located by 'By.xpath: //*/app-input[1]/div/div/input [@type = 'password']' in '5' second(s)

2023-11-23 09:52:51 - [MESSAGE][INFO] - Setting text of object 'Object Repository/Connexion Usager/Input_Password' to value 'HHizaoui001!'

2023-11-23 09:52:53 - [MESSAGE][PASSED] - Text 'HHizaoui001!' is set on object 'Object Repository/Connexion Usager/Input_Password'

2023-11-23 09:52:53 - [TEST_STEP][PASSED] - setText(findTestObject("Object Repository/Connexion Usager/Input_ConfirmePassword"), "HHizaoui001!def"): Text 'HHizaoui001!def' is set on object 'Object Repository/Connexion Usager/Input_ConfirmePassword'

2023-11-23 09:52:53 - [MESSAGE][INFO] - Finding Test Object 'Object Repository/Connexion Usager/Input_ConfirmePassword'

2023-11-23 09:52:53 - [MESSAGE][INFO] - Checking timeout

2023-11-23 09:52:53 - [MESSAGE][INFO] - Finding web element with id: 'Object Repository/Connexion Usager/Input_ConfirmePassword' located by 'By.xpath: //*/app-input[2]/div/div/input [@type = 'password']' in '20' second(s)

2023-11-23 09:52:53 - [MESSAGE][INFO] - Smart Wait Function is triggered

2023-11-23 09:52:53 - [MESSAGE][INFO] - Found 1 web elements with id: 'Object Repository/Connexion Usager/Input_ConfirmePassword' located by 'By.xpath: //*/app-input[2]/div/div/input [@type = 'password']' in '20' second(s)

2023-11-23 09:52:53 - [MESSAGE][INFO] - Checking object

2023-11-23 09:52:53 - [MESSAGE][INFO] - Checking text

2023-11-23 09:52:53 - [MESSAGE][INFO] - Finding web element from Test Object's properties

2023-11-23 09:52:53 - [MESSAGE][INFO] - Checking timeout

2023-11-23 09:52:53 - [MESSAGE][INFO] - Finding web element with id: 'Object Repository/Connexion Usager/Input_ConfirmePassword' located by 'By.xpath: //*/app-input[2]/div/div/input [@type = 'password']' in '5' second(s)

2023-11-23 09:52:53 - [MESSAGE][INFO] - Smart Wait Function is triggered

2023-11-23 09:52:53 - [MESSAGE][INFO] - Found 1 web elements with id: 'Object Repository/Connexion Usager/Input_ConfirmePassword' located by 'By.xpath: //*/app-input[2]/div/div/input [@type = 'password']' in '5' second(s)

2023-11-23 09:52:53 - [MESSAGE][INFO] - Clearing text of object 'Object Repository/Connexion Usager/Input_ConfirmePassword'

2023-11-23 09:52:55 - [MESSAGE][INFO] - Finding web element from Test Object's properties

2023-11-23 09:52:55 - [MESSAGE][INFO] - Checking timeout

2023-11-23 09:52:55 - [MESSAGE][INFO] - Finding web element with id: 'Object Repository/Connexion Usager/Input_ConfirmePassword' located by 'By.xpath: //*/app-input[2]/div/div/input [@type = 'password']' in '5' second(s)

2023-11-23 09:52:55 - [MESSAGE][INFO] - Smart Wait Function is triggered

2023-11-23 09:52:55 - [MESSAGE][INFO] - Found 1 web elements with id: 'Object Repository/Connexion Usager/Input_ConfirmePassword' located by 'By.xpath: //*/app-input[2]/div/div/input [@type = 'password']' in '5' second(s)

2023-11-23 09:52:55 - [MESSAGE][INFO] - Setting text of object 'Object Repository/Connexion Usager/Input_ConfirmePassword' to value 'HHizaoui001!def'

2023-11-23 09:52:57 - [MESSAGE][PASSED] - Text 'HHizaoui001!def' is set on object 'Object Repository/Connexion Usager/Input_ConfirmePassword'

2023-11-23 09:52:57 - [TEST_STEP][PASSED] - click(findTestObject("Object Repository/Connexion Usager/btn_CreerMDP")): Object: 'Object Repository/Connexion Usager/btn_CreerMDP' is clicked on

2023-11-23 09:52:57 - [MESSAGE][INFO] - Finding Test Object 'Object Repository/Connexion Usager/btn_CreerMDP'

2023-11-23 09:52:57 - [MESSAGE][INFO] - Checking timeout

2023-11-23 09:52:57 - [MESSAGE][INFO] - Finding web element with id: 'Object Repository/Connexion Usager/btn_CreerMDP' located by 'By.xpath: //*/div/p-button/button [@type= 'button']' in '20' second(s)

2023-11-23 09:52:57 - [MESSAGE][INFO] - Smart Wait Function is triggered

2023-11-23 09:52:57 - [MESSAGE][INFO] - Found 1 web elements with id: 'Object Repository/Connexion Usager/btn_CreerMDP' located by 'By.xpath: //*/div/p-button/button [@type= 'button']' in '20' second(s)

2023-11-23 09:52:57 - [MESSAGE][INFO] - Checking object

2023-11-23 09:52:57 - [MESSAGE][INFO] - Checking timeout

2023-11-23 09:52:57 - [MESSAGE][INFO] - Finding web element from Test Object's properties

2023-11-23 09:52:57 - [MESSAGE][INFO] - Checking timeout

2023-11-23 09:52:57 - [MESSAGE][INFO] - Finding web element with id: 'Object Repository/Connexion Usager/btn_CreerMDP' located by 'By.xpath: //*/div/p-button/button [@type= 'button']' in '5' second(s)

2023-11-23 09:52:57 - [MESSAGE][INFO] - Smart Wait Function is triggered

2023-11-23 09:52:57 - [MESSAGE][INFO] - Found 1 web elements with id: 'Object Repository/Connexion Usager/btn_CreerMDP' located by 'By.xpath: //*/div/p-button/button [@type= 'button']' in '5' second(s)

2023-11-23 09:52:57 - [MESSAGE][INFO] - Clicking on object: 'Object Repository/Connexion Usager/btn_CreerMDP'

2023-11-23 09:52:59 - [MESSAGE][PASSED] - Object: 'Object Repository/Connexion Usager/btn_CreerMDP' is clicked on

2023-11-23 09:52:59 - [TEST_STEP][PASSED] - verifyElementPresent(findTestObject("Object Repository/Connexion Usager/div_ MSG_ChampsDoiventEtreIdentiques"), 1): Object 'Object Repository/Connexion Usager/div_ MSG_ChampsDoiventEtreIdentiques' is present

2023-11-23 09:52:59 - [MESSAGE][INFO] - Finding Test Object 'Object Repository/Connexion Usager/div_ MSG_ChampsDoiventEtreIdentiques'

2023-11-23 09:52:59 - [MESSAGE][INFO] - Checking object

2023-11-23 09:52:59 - [MESSAGE][INFO] - Finding web element from Test Object's properties

2023-11-23 09:52:59 - [MESSAGE][INFO] - Checking timeout

2023-11-23 09:52:59 - [MESSAGE][INFO] - Finding web element with id: 'Object Repository/Connexion Usager/div_ MSG_ChampsDoiventEtreIdentiques' located by 'By.xpath: //*/div[2]/div/div[1]/p/span' in '1' second(s)

2023-11-23 09:52:59 - [MESSAGE][INFO] - Smart Wait Function is triggered

2023-11-23 09:53:00 - [MESSAGE][INFO] - Found 1 web elements with id: 'Object Repository/Connexion Usager/div_ MSG_ChampsDoiventEtreIdentiques' located by 'By.xpath: //*/div[2]/div/div[1]/p/span' in '1' second(s)

2023-11-23 09:53:00 - [MESSAGE][PASSED] - Object 'Object Repository/Connexion Usager/div_ MSG_ChampsDoiventEtreIdentiques' is present

2023-11-23 09:53:00 - [TEST_STEP][PASSED] - println("CrÃ©er un mot de passe moins de 12 caractÃ¨res"): null

2023-11-23 09:53:00 - [TEST_STEP][PASSED] - setText(findTestObject("Object Repository/Connexion Usager/Input_Password"), "HHiza001!"): Text 'HHiza001!' is set on object 'Object Repository/Connexion Usager/Input_Password'

2023-11-23 09:53:00 - [MESSAGE][INFO] - Finding Test Object 'Object Repository/Connexion Usager/Input_Password'

2023-11-23 09:53:00 - [MESSAGE][INFO] - Checking timeout

2023-11-23 09:53:00 - [MESSAGE][INFO] - Finding web element with id: 'Object Repository/Connexion Usager/Input_Password' located by 'By.xpath: //*/app-input[1]/div/div/input [@type = 'password']' in '20' second(s)

2023-11-23 09:53:00 - [MESSAGE][INFO] - Smart Wait Function is triggered

2023-11-23 09:53:00 - [MESSAGE][INFO] - Found 1 web elements with id: 'Object Repository/Connexion Usager/Input_Password' located by 'By.xpath: //*/app-input[1]/div/div/input [@type = 'password']' in '20' second(s)

2023-11-23 09:53:00 - [MESSAGE][INFO] - Checking object

2023-11-23 09:53:00 - [MESSAGE][INFO] - Checking text

2023-11-23 09:53:00 - [MESSAGE][INFO] - Finding web element from Test Object's properties

2023-11-23 09:53:00 - [MESSAGE][INFO] - Checking timeout

2023-11-23 09:53:00 - [MESSAGE][INFO] - Finding web element with id: 'Object Repository/Connexion Usager/Input_Password' located by 'By.xpath: //*/app-input[1]/div/div/input [@type = 'password']' in '5' second(s)

2023-11-23 09:53:00 - [MESSAGE][INFO] - Smart Wait Function is triggered

2023-11-23 09:53:00 - [MESSAGE][INFO] - Found 1 web elements with id: 'Object Repository/Connexion Usager/Input_Password' located by 'By.xpath: //*/app-input[1]/div/div/input [@type = 'password']' in '5' second(s)

2023-11-23 09:53:00 - [MESSAGE][INFO] - Clearing text of object 'Object Repository/Connexion Usager/Input_Password'

2023-11-23 09:53:02 - [MESSAGE][INFO] - Finding web element from Test Object's properties

2023-11-23 09:53:02 - [MESSAGE][INFO] - Checking timeout

2023-11-23 09:53:02 - [MESSAGE][INFO] - Finding web element with id: 'Object Repository/Connexion Usager/Input_Password' located by 'By.xpath: //*/app-input[1]/div/div/input [@type = 'password']' in '5' second(s)

2023-11-23 09:53:02 - [MESSAGE][INFO] - Smart Wait Function is triggered

2023-11-23 09:53:02 - [MESSAGE][INFO] - Found 1 web elements with id: 'Object Repository/Connexion Usager/Input_Password' located by 'By.xpath: //*/app-input[1]/div/div/input [@type = 'password']' in '5' second(s)

2023-11-23 09:53:02 - [MESSAGE][INFO] - Setting text of object 'Object Repository/Connexion Usager/Input_Password' to value 'HHiza001!'

2023-11-23 09:53:04 - [MESSAGE][PASSED] - Text 'HHiza001!' is set on object 'Object Repository/Connexion Usager/Input_Password'

2023-11-23 09:53:04 - [TEST_STEP][PASSED] - setText(findTestObject("Object Repository/Connexion Usager/Input_ConfirmePassword"), "HHiza001!"): Text 'HHiza001!' is set on object 'Object Repository/Connexion Usager/Input_ConfirmePassword'

2023-11-23 09:53:04 - [MESSAGE][INFO] - Finding Test Object 'Object Repository/Connexion Usager/Input_ConfirmePassword'

2023-11-23 09:53:04 - [MESSAGE][INFO] - Checking timeout

2023-11-23 09:53:04 - [MESSAGE][INFO] - Finding web element with id: 'Object Repository/Connexion Usager/Input_ConfirmePassword' located by 'By.xpath: //*/app-input[2]/div/div/input [@type = 'password']' in '20' second(s)

2023-11-23 09:53:04 - [MESSAGE][INFO] - Smart Wait Function is triggered

2023-11-23 09:53:04 - [MESSAGE][INFO] - Found 1 web elements with id: 'Object Repository/Connexion Usager/Input_ConfirmePassword' located by 'By.xpath: //*/app-input[2]/div/div/input [@type = 'password']' in '20' second(s)

2023-11-23 09:53:04 - [MESSAGE][INFO] - Checking object

2023-11-23 09:53:04 - [MESSAGE][INFO] - Checking text

2023-11-23 09:53:04 - [MESSAGE][INFO] - Finding web element from Test Object's properties

2023-11-23 09:53:04 - [MESSAGE][INFO] - Checking timeout

2023-11-23 09:53:04 - [MESSAGE][INFO] - Finding web element with id: 'Object Repository/Connexion Usager/Input_ConfirmePassword' located by 'By.xpath: //*/app-input[2]/div/div/input [@type = 'password']' in '5' second(s)

2023-11-23 09:53:04 - [MESSAGE][INFO] - Smart Wait Function is triggered

2023-11-23 09:53:04 - [MESSAGE][INFO] - Found 1 web elements with id: 'Object Repository/Connexion Usager/Input_ConfirmePassword' located by 'By.xpath: //*/app-input[2]/div/div/input [@type = 'password']' in '5' second(s)

2023-11-23 09:53:04 - [MESSAGE][INFO] - Clearing text of object 'Object Repository/Connexion Usager/Input_ConfirmePassword'

2023-11-23 09:53:06 - [MESSAGE][INFO] - Finding web element from Test Object's properties

2023-11-23 09:53:06 - [MESSAGE][INFO] - Checking timeout

2023-11-23 09:53:06 - [MESSAGE][INFO] - Finding web element with id: 'Object Repository/Connexion Usager/Input_ConfirmePassword' located by 'By.xpath: //*/app-input[2]/div/div/input [@type = 'password']' in '5' second(s)

2023-11-23 09:53:06 - [MESSAGE][INFO] - Smart Wait Function is triggered

2023-11-23 09:53:06 - [MESSAGE][INFO] - Found 1 web elements with id: 'Object Repository/Connexion Usager/Input_ConfirmePassword' located by 'By.xpath: //*/app-input[2]/div/div/input [@type = 'password']' in '5' second(s)

2023-11-23 09:53:06 - [MESSAGE][INFO] - Setting text of object 'Object Repository/Connexion Usager/Input_ConfirmePassword' to value 'HHiza001!'

2023-11-23 09:53:08 - [MESSAGE][PASSED] - Text 'HHiza001!' is set on object 'Object Repository/Connexion Usager/Input_ConfirmePassword'

2023-11-23 09:53:08 - [TEST_STEP][PASSED] - click(findTestObject("Object Repository/Connexion Usager/btn_CreerMDP")): Object: 'Object Repository/Connexion Usager/btn_CreerMDP' is clicked on

2023-11-23 09:53:08 - [MESSAGE][INFO] - Finding Test Object 'Object Repository/Connexion Usager/btn_CreerMDP'

2023-11-23 09:53:08 - [MESSAGE][INFO] - Checking timeout

2023-11-23 09:53:08 - [MESSAGE][INFO] - Finding web element with id: 'Object Repository/Connexion Usager/btn_CreerMDP' located by 'By.xpath: //*/div/p-button/button [@type= 'button']' in '20' second(s)

2023-11-23 09:53:08 - [MESSAGE][INFO] - Smart Wait Function is triggered

2023-11-23 09:53:08 - [MESSAGE][INFO] - Found 1 web elements with id: 'Object Repository/Connexion Usager/btn_CreerMDP' located by 'By.xpath: //*/div/p-button/button [@type= 'button']' in '20' second(s)

2023-11-23 09:53:08 - [MESSAGE][INFO] - Checking object

2023-11-23 09:53:08 - [MESSAGE][INFO] - Checking timeout

2023-11-23 09:53:08 - [MESSAGE][INFO] - Finding web element from Test Object's properties

2023-11-23 09:53:08 - [MESSAGE][INFO] - Checking timeout

2023-11-23 09:53:08 - [MESSAGE][INFO] - Finding web element with id: 'Object Repository/Connexion Usager/btn_CreerMDP' located by 'By.xpath: //*/div/p-button/button [@type= 'button']' in '5' second(s)

2023-11-23 09:53:08 - [MESSAGE][INFO] - Smart Wait Function is triggered

2023-11-23 09:53:08 - [MESSAGE][INFO] - Found 1 web elements with id: 'Object Repository/Connexion Usager/btn_CreerMDP' located by 'By.xpath: //*/div/p-button/button [@type= 'button']' in '5' second(s)

2023-11-23 09:53:08 - [MESSAGE][INFO] - Clicking on object: 'Object Repository/Connexion Usager/btn_CreerMDP'

2023-11-23 09:53:10 - [MESSAGE][PASSED] - Object: 'Object Repository/Connexion Usager/btn_CreerMDP' is clicked on

2023-11-23 09:53:10 - [TEST_STEP][PASSED] - verifyElementPresent(findTestObject("Object Repository/Connexion Usager/div_MSG_FormatNonRespecte"), 1): Object 'Object Repository/Connexion Usager/div_MSG_FormatNonRespecte' is present

2023-11-23 09:53:10 - [MESSAGE][INFO] - Finding Test Object 'Object Repository/Connexion Usager/div_MSG_FormatNonRespecte'

2023-11-23 09:53:11 - [MESSAGE][INFO] - Checking object

2023-11-23 09:53:11 - [MESSAGE][INFO] - Finding web element from Test Object's properties

2023-11-23 09:53:11 - [MESSAGE][INFO] - Checking timeout

2023-11-23 09:53:11 - [MESSAGE][INFO] - Finding web element with id: 'Object Repository/Connexion Usager/div_MSG_FormatNonRespecte' located by 'By.xpath: //*/app-input[1]/div/div/div[1]/div[2]/div/span[2]' in '1' second(s)

2023-11-23 09:53:11 - [MESSAGE][INFO] - Smart Wait Function is triggered

2023-11-23 09:53:11 - [MESSAGE][INFO] - Found 1 web elements with id: 'Object Repository/Connexion Usager/div_MSG_FormatNonRespecte' located by 'By.xpath: //*/app-input[1]/div/div/div[1]/div[2]/div/span[2]' in '1' second(s)

2023-11-23 09:53:11 - [MESSAGE][PASSED] - Object 'Object Repository/Connexion Usager/div_MSG_FormatNonRespecte' is present

2023-11-23 09:53:11 - [MESSAGE][PASSED] - Call Test Case 'Test Cases/Test Reutilisable/Main/Verif_FormatNewPW' successfully

2023-11-23 09:53:11 - [TEST_STEP][PASSED] - setEncryptedText(findTestObject("Object Repository/Connexion Usager/Input_Password"), Password): Text ****** has been set on object 'Object Repository/Connexion Usager/Input_Password'

2023-11-23 09:53:11 - [MESSAGE][INFO] - Finding Test Object 'Object Repository/Connexion Usager/Input_Password'

2023-11-23 09:53:11 - [MESSAGE][INFO] - Checking timeout

2023-11-23 09:53:11 - [MESSAGE][INFO] - Finding web element with id: 'Object Repository/Connexion Usager/Input_Password' located by 'By.xpath: //*/app-input[1]/div/div/input [@type = 'password']' in '20' second(s)

2023-11-23 09:53:11 - [MESSAGE][INFO] - Smart Wait Function is triggered

2023-11-23 09:53:11 - [MESSAGE][INFO] - Found 1 web elements with id: 'Object Repository/Connexion Usager/Input_Password' located by 'By.xpath: //*/app-input[1]/div/div/input [@type = 'password']' in '20' second(s)

2023-11-23 09:53:11 - [MESSAGE][INFO] - Checking object

2023-11-23 09:53:11 - [MESSAGE][INFO] - Checking text

2023-11-23 09:53:11 - [MESSAGE][INFO] - Finding web element from Test Object's properties

2023-11-23 09:53:11 - [MESSAGE][INFO] - Checking timeout

2023-11-23 09:53:11 - [MESSAGE][INFO] - Finding web element with id: 'Object Repository/Connexion Usager/Input_Password' located by 'By.xpath: //*/app-input[1]/div/div/input [@type = 'password']' in '5' second(s)

2023-11-23 09:53:11 - [MESSAGE][INFO] - Smart Wait Function is triggered

2023-11-23 09:53:11 - [MESSAGE][INFO] - Found 1 web elements with id: 'Object Repository/Connexion Usager/Input_Password' located by 'By.xpath: //*/app-input[1]/div/div/input [@type = 'password']' in '5' second(s)

2023-11-23 09:53:11 - [MESSAGE][INFO] - Clearing text of object 'Object Repository/Connexion Usager/Input_Password'

2023-11-23 09:53:13 - [MESSAGE][INFO] - Setting  text of object 'Object Repository/Connexion Usager/Input_Password' to value ******

2023-11-23 09:53:15 - [MESSAGE][PASSED] - Text ****** has been set on object 'Object Repository/Connexion Usager/Input_Password'

2023-11-23 09:53:15 - [TEST_STEP][PASSED] - setEncryptedText(findTestObject("Object Repository/Connexion Usager/Input_ConfirmePassword"), Password): Text ****** has been set on object 'Object Repository/Connexion Usager/Input_ConfirmePassword'

2023-11-23 09:53:15 - [MESSAGE][INFO] - Finding Test Object 'Object Repository/Connexion Usager/Input_ConfirmePassword'

2023-11-23 09:53:15 - [MESSAGE][INFO] - Checking timeout

2023-11-23 09:53:15 - [MESSAGE][INFO] - Finding web element with id: 'Object Repository/Connexion Usager/Input_ConfirmePassword' located by 'By.xpath: //*/app-input[2]/div/div/input [@type = 'password']' in '20' second(s)

2023-11-23 09:53:15 - [MESSAGE][INFO] - Smart Wait Function is triggered

2023-11-23 09:53:15 - [MESSAGE][INFO] - Found 1 web elements with id: 'Object Repository/Connexion Usager/Input_ConfirmePassword' located by 'By.xpath: //*/app-input[2]/div/div/input [@type = 'password']' in '20' second(s)

2023-11-23 09:53:15 - [MESSAGE][INFO] - Checking object

2023-11-23 09:53:15 - [MESSAGE][INFO] - Checking text

2023-11-23 09:53:15 - [MESSAGE][INFO] - Finding web element from Test Object's properties

2023-11-23 09:53:15 - [MESSAGE][INFO] - Checking timeout

2023-11-23 09:53:15 - [MESSAGE][INFO] - Finding web element with id: 'Object Repository/Connexion Usager/Input_ConfirmePassword' located by 'By.xpath: //*/app-input[2]/div/div/input [@type = 'password']' in '5' second(s)

2023-11-23 09:53:15 - [MESSAGE][INFO] - Smart Wait Function is triggered

2023-11-23 09:53:15 - [MESSAGE][INFO] - Found 1 web elements with id: 'Object Repository/Connexion Usager/Input_ConfirmePassword' located by 'By.xpath: //*/app-input[2]/div/div/input [@type = 'password']' in '5' second(s)

2023-11-23 09:53:15 - [MESSAGE][INFO] - Clearing text of object 'Object Repository/Connexion Usager/Input_ConfirmePassword'

2023-11-23 09:53:17 - [MESSAGE][INFO] - Setting  text of object 'Object Repository/Connexion Usager/Input_ConfirmePassword' to value ******

2023-11-23 09:53:19 - [MESSAGE][PASSED] - Text ****** has been set on object 'Object Repository/Connexion Usager/Input_ConfirmePassword'

2023-11-23 09:53:19 - [TEST_STEP][PASSED] - click(findTestObject("Object Repository/Connexion Usager/btn_CreerMDP")): Object: 'Object Repository/Connexion Usager/btn_CreerMDP' is clicked on

2023-11-23 09:53:19 - [MESSAGE][INFO] - Finding Test Object 'Object Repository/Connexion Usager/btn_CreerMDP'

2023-11-23 09:53:19 - [MESSAGE][INFO] - Checking timeout

2023-11-23 09:53:19 - [MESSAGE][INFO] - Finding web element with id: 'Object Repository/Connexion Usager/btn_CreerMDP' located by 'By.xpath: //*/div/p-button/button [@type= 'button']' in '20' second(s)

2023-11-23 09:53:19 - [MESSAGE][INFO] - Smart Wait Function is triggered

2023-11-23 09:53:19 - [MESSAGE][INFO] - Found 1 web elements with id: 'Object Repository/Connexion Usager/btn_CreerMDP' located by 'By.xpath: //*/div/p-button/button [@type= 'button']' in '20' second(s)

2023-11-23 09:53:19 - [MESSAGE][INFO] - Checking object

2023-11-23 09:53:19 - [MESSAGE][INFO] - Checking timeout

2023-11-23 09:53:19 - [MESSAGE][INFO] - Finding web element from Test Object's properties

2023-11-23 09:53:19 - [MESSAGE][INFO] - Checking timeout

2023-11-23 09:53:19 - [MESSAGE][INFO] - Finding web element with id: 'Object Repository/Connexion Usager/btn_CreerMDP' located by 'By.xpath: //*/div/p-button/button [@type= 'button']' in '5' second(s)

2023-11-23 09:53:19 - [MESSAGE][INFO] - Smart Wait Function is triggered

2023-11-23 09:53:19 - [MESSAGE][INFO] - Found 1 web elements with id: 'Object Repository/Connexion Usager/btn_CreerMDP' located by 'By.xpath: //*/div/p-button/button [@type= 'button']' in '5' second(s)

2023-11-23 09:53:19 - [MESSAGE][INFO] - Clicking on object: 'Object Repository/Connexion Usager/btn_CreerMDP'

2023-11-23 09:53:22 - [MESSAGE][PASSED] - Object: 'Object Repository/Connexion Usager/btn_CreerMDP' is clicked on

2023-11-23 09:53:22 - [TEST_STEP][PASSED] - click(findTestObject("Object Repository/Connexion Usager/btn_span_RetourAccueil")): Object: 'Object Repository/Connexion Usager/btn_span_RetourAccueil' is clicked on

2023-11-23 09:53:22 - [MESSAGE][INFO] - Finding Test Object 'Object Repository/Connexion Usager/btn_span_RetourAccueil'

2023-11-23 09:53:22 - [MESSAGE][INFO] - Checking timeout

2023-11-23 09:53:22 - [MESSAGE][INFO] - Finding web element with id: 'Object Repository/Connexion Usager/btn_span_RetourAccueil' located by 'By.xpath: (.//*[normalize-space(text()) and normalize-space(.)='CRÃATION DE COMPTE'])[1]/following::span[2]' in '20' second(s)

2023-11-23 09:53:22 - [MESSAGE][INFO] - Smart Wait Function is triggered

2023-11-23 09:53:22 - [MESSAGE][INFO] - Smart Wait Function is triggered

2023-11-23 09:53:22 - [MESSAGE][INFO] - Smart Wait Function is triggered

2023-11-23 09:53:22 - [MESSAGE][INFO] - Smart Wait Function is triggered

2023-11-23 09:53:22 - [MESSAGE][INFO] - Smart Wait Function is triggered

2023-11-23 09:53:22 - [MESSAGE][INFO] - Smart Wait Function is triggered

2023-11-23 09:53:22 - [MESSAGE][INFO] - Smart Wait Function is triggered

2023-11-23 09:53:22 - [MESSAGE][INFO] - Smart Wait Function is triggered

2023-11-23 09:53:22 - [MESSAGE][INFO] - Smart Wait Function is triggered

2023-11-23 09:53:22 - [MESSAGE][INFO] - Smart Wait Function is triggered

2023-11-23 09:53:22 - [MESSAGE][INFO] - Smart Wait Function is triggered

2023-11-23 09:53:22 - [MESSAGE][INFO] - Smart Wait Function is triggered

2023-11-23 09:53:22 - [MESSAGE][INFO] - Smart Wait Function is triggered

2023-11-23 09:53:22 - [MESSAGE][INFO] - Smart Wait Function is triggered

2023-11-23 09:53:22 - [MESSAGE][INFO] - Smart Wait Function is triggered

2023-11-23 09:53:22 - [MESSAGE][INFO] - Smart Wait Function is triggered

2023-11-23 09:53:22 - [MESSAGE][INFO] - Smart Wait Function is triggered

2023-11-23 09:53:22 - [MESSAGE][INFO] - Smart Wait Function is triggered

2023-11-23 09:53:22 - [MESSAGE][INFO] - Smart Wait Function is triggered

2023-11-23 09:53:22 - [MESSAGE][INFO] - Smart Wait Function is triggered

2023-11-23 09:53:22 - [MESSAGE][INFO] - Smart Wait Function is triggered

2023-11-23 09:53:22 - [MESSAGE][INFO] - Smart Wait Function is triggered

2023-11-23 09:53:22 - [MESSAGE][INFO] - Smart Wait Function is triggered

2023-11-23 09:53:22 - [MESSAGE][INFO] - Smart Wait Function is triggered

2023-11-23 09:53:22 - [MESSAGE][INFO] - Smart Wait Function is triggered

2023-11-23 09:53:22 - [MESSAGE][INFO] - Smart Wait Function is triggered

2023-11-23 09:53:22 - [MESSAGE][INFO] - Smart Wait Function is triggered

2023-11-23 09:53:23 - [MESSAGE][INFO] - Smart Wait Function is triggered

2023-11-23 09:53:23 - [MESSAGE][INFO] - Found 1 web elements with id: 'Object Repository/Connexion Usager/btn_span_RetourAccueil' located by 'By.xpath: (.//*[normalize-space(text()) and normalize-space(.)='CRÃATION DE COMPTE'])[1]/following::span[2]' in '20' second(s)

2023-11-23 09:53:23 - [MESSAGE][INFO] - Checking object

2023-11-23 09:53:23 - [MESSAGE][INFO] - Checking timeout

2023-11-23 09:53:23 - [MESSAGE][INFO] - Finding web element from Test Object's properties

2023-11-23 09:53:23 - [MESSAGE][INFO] - Checking timeout

2023-11-23 09:53:23 - [MESSAGE][INFO] - Finding web element with id: 'Object Repository/Connexion Usager/btn_span_RetourAccueil' located by 'By.xpath: (.//*[normalize-space(text()) and normalize-space(.)='CRÃATION DE COMPTE'])[1]/following::span[2]' in '5' second(s)

2023-11-23 09:53:23 - [MESSAGE][INFO] - Smart Wait Function is triggered

2023-11-23 09:53:23 - [MESSAGE][INFO] - Found 1 web elements with id: 'Object Repository/Connexion Usager/btn_span_RetourAccueil' located by 'By.xpath: (.//*[normalize-space(text()) and normalize-space(.)='CRÃATION DE COMPTE'])[1]/following::span[2]' in '5' second(s)

2023-11-23 09:53:23 - [MESSAGE][INFO] - Clicking on object: 'Object Repository/Connexion Usager/btn_span_RetourAccueil'

2023-11-23 09:53:25 - [MESSAGE][PASSED] - Object: 'Object Repository/Connexion Usager/btn_span_RetourAccueil' is clicked on

2023-11-23 09:53:25 - [TEST_STEP][PASSED] - waitForPageLoad(5): Wait for page load successfully

2023-11-23 09:53:25 - [MESSAGE][INFO] - Checking timeout

2023-11-23 09:53:25 - [MESSAGE][PASSED] - Wait for page load successfully

2023-11-23 09:53:25 - [MESSAGE][PASSED] - Call Test Case 'Test Cases/Test Reutilisable/Main/Creer Votre Compte' successfully

2023-11-23 09:53:25 - [TEST_STEP][PASSED] - if (StopTestCase == false): Call Test Case 'Test Cases/Test Reutilisable/DemandeOuRenouvelle_TitreSejour/FormulaireConfirmation' successfully

2023-11-23 09:53:25 - [TEST_STEP][PASSED] - callTestCase(findTestCase("Test Reutilisable/Main/Identification"), ["Profiles":"Usager", "NumEtrangerVisa":NumEtrangerVisa], STOP_ON_FAILURE): Call Test Case 'Test Cases/Test Reutilisable/Main/Identification' successfully

2023-11-23 09:53:25 - [MESSAGE][INFO] - Checking called Test Case

2023-11-23 09:53:25 - [MESSAGE][INFO] - Starting to call Test Case 'Test Cases/Test Reutilisable/Main/Identification'

2023-11-23 09:53:25 - [TEST_CASE][PASSED] - Test Cases/Test Reutilisable/Main/Identification: Test Cases/Test Reutilisable/Main/Identification

2023-11-23 09:53:25 - [TEST_STEP][PASSED] - if (Profiles == "Usager"): Object 'Object Repository/Page_Accueil_Usager/Span_MesNotifications' is present

2023-11-23 09:53:25 - [TEST_STEP][PASSED] - delay(5): Delayed 5 second(s)

2023-11-23 09:53:25 - [MESSAGE][INFO] - Delaying browser in 5 second(s)

2023-11-23 09:53:30 - [MESSAGE][PASSED] - Delayed 5 second(s)

2023-11-23 09:53:30 - [TEST_STEP][PASSED] - click(findTestObject("Object Repository/Connexion Usager/Link_Se Connecter")): Object: 'Object Repository/Connexion Usager/Link_Se Connecter' is clicked on

2023-11-23 09:53:30 - [MESSAGE][INFO] - Finding Test Object 'Object Repository/Connexion Usager/Link_Se Connecter'

2023-11-23 09:53:30 - [MESSAGE][INFO] - Checking timeout

2023-11-23 09:53:30 - [MESSAGE][INFO] - Finding web element with id: 'Object Repository/Connexion Usager/Link_Se Connecter' located by 'By.xpath: //*[@id="connexion_link"]' in '20' second(s)

2023-11-23 09:53:30 - [MESSAGE][INFO] - Smart Wait Function is triggered

2023-11-23 09:53:30 - [MESSAGE][INFO] - Found 1 web elements with id: 'Object Repository/Connexion Usager/Link_Se Connecter' located by 'By.xpath: //*[@id="connexion_link"]' in '20' second(s)

2023-11-23 09:53:30 - [MESSAGE][INFO] - Checking object

2023-11-23 09:53:30 - [MESSAGE][INFO] - Checking timeout

2023-11-23 09:53:30 - [MESSAGE][INFO] - Finding web element from Test Object's properties

2023-11-23 09:53:30 - [MESSAGE][INFO] - Checking timeout

2023-11-23 09:53:30 - [MESSAGE][INFO] - Finding web element with id: 'Object Repository/Connexion Usager/Link_Se Connecter' located by 'By.xpath: //*[@id="connexion_link"]' in '5' second(s)

2023-11-23 09:53:30 - [MESSAGE][INFO] - Smart Wait Function is triggered

2023-11-23 09:53:30 - [MESSAGE][INFO] - Found 1 web elements with id: 'Object Repository/Connexion Usager/Link_Se Connecter' located by 'By.xpath: //*[@id="connexion_link"]' in '5' second(s)

2023-11-23 09:53:30 - [MESSAGE][INFO] - Clicking on object: 'Object Repository/Connexion Usager/Link_Se Connecter'

2023-11-23 09:53:33 - [MESSAGE][PASSED] - Object: 'Object Repository/Connexion Usager/Link_Se Connecter' is clicked on

2023-11-23 09:53:33 - [TEST_STEP][PASSED] - callTestCase(findTestCase("Test Reutilisable/Main/Erreur lie a la confidentialite"), [:], STOP_ON_FAILURE): Call Test Case 'Test Cases/Test Reutilisable/Main/Erreur lie a la confidentialite' successfully

2023-11-23 09:53:33 - [MESSAGE][INFO] - Checking called Test Case

2023-11-23 09:53:33 - [MESSAGE][INFO] - Starting to call Test Case 'Test Cases/Test Reutilisable/Main/Erreur lie a la confidentialite'

2023-11-23 09:53:33 - [TEST_CASE][PASSED] - Test Cases/Test Reutilisable/Main/Erreur lie a la confidentialite: Test Cases/Test Reutilisable/Main/Erreur lie a la confidentialite

2023-11-23 09:53:33 - [TEST_STEP][PASSED] - tools.WaitForLoadedPage.waitForElementRendering(): tools.WaitForLoadedPage.waitForElementRendering is PASSED

2023-11-23 09:53:33 - [MESSAGE][PASSED] - tools.WaitForLoadedPage.waitForElementRendering is PASSED

2023-11-23 09:53:33 - [TEST_STEP][PASSED] - "Call Highlight.on() automatically": null

2023-11-23 09:53:33 - [TEST_STEP][PASSED] - DriverName = DriverName: null

2023-11-23 09:53:33 - [TEST_STEP][PASSED] - if (DriverName == "CHROME_DRIVER" || "EDGE_CHROMIUM_DRIVER" || "HEADLESS_DRIVER"): com.kms.katalon.core.webui.exception.WebElementNotFoundException: Web element with id: 'Object Repository/Connexion Usager/Btn_Parametres Avances' located by '//*[@id="details-button"]' not found (Root cause: com.kms.katalon.core.exception.StepFailedException: com.kms.katalon.core.webui.exception.WebElementNotFoundException: Web element with id: 'Object Repository/Connexion Usager/Btn_Parametres Avances' located by '//*[@id="details-button"]' not found
	at com.kms.katalon.core.webui.keyword.internal.WebUIKeywordMain.stepFailed(WebUIKeywordMain.groovy:64)
	at com.kms.katalon.core.webui.keyword.builtin.VerifyElementPresentKeyword$_verifyElementPresent_closure1.doCall(VerifyElementPresentKeyword.groovy:85)
	at com.kms.katalon.core.webui.keyword.builtin.VerifyElementPresentKeyword$_verifyElementPresent_closure1.call(VerifyElementPresentKeyword.groovy)
	at com.kms.katalon.core.webui.keyword.internal.WebUIKeywordMain.runKeyword(WebUIKeywordMain.groovy:20)
	at com.kms.katalon.core.webui.keyword.builtin.VerifyElementPresentKeyword.verifyElementPresent(VerifyElementPresentKeyword.groovy:92)
	at com.kms.katalon.core.webui.keyword.builtin.VerifyElementPresentKeyword.execute(VerifyElementPresentKeyword.groovy:68)
	at com.kms.katalon.core.keyword.internal.KeywordExecutor.executeKeywordForPlatform(KeywordExecutor.groovy:74)
	at com.kms.katalon.core.webui.keyword.WebUiBuiltInKeywords.verifyElementPresent(WebUiBuiltInKeywords.groovy:1448)
	at com.kazurayam.ksbackyard.HighlightElement$_pandemic_closure1.doCall(HighlightElement.groovy:105)
	at Erreur lie a la confidentialite.run(Erreur lie a la confidentialite:43)
	at com.kms.katalon.core.main.ScriptEngine.run(ScriptEngine.java:194)
	at com.kms.katalon.core.main.ScriptEngine.runScriptAsRawText(ScriptEngine.java:119)
	at com.kms.katalon.core.main.TestCaseExecutor.runScript(TestCaseExecutor.java:448)
	at com.kms.katalon.core.main.TestCaseExecutor.doExecute(TestCaseExecutor.java:439)
	at com.kms.katalon.core.main.TestCaseExecutor.processExecutionPhase(TestCaseExecutor.java:418)
	at com.kms.katalon.core.main.TestCaseExecutor.accessMainPhase(TestCaseExecutor.java:410)
	at com.kms.katalon.core.main.TestCaseExecutor.execute(TestCaseExecutor.java:285)
	at com.kms.katalon.core.main.TestCaseMain.runTestCase(TestCaseMain.java:144)
	at com.kms.katalon.core.keyword.builtin.CallTestCaseKeyword$_callTestCase_closure1.doCall(CallTestCaseKeyword.groovy:59)
	at com.kms.katalon.core.keyword.builtin.CallTestCaseKeyword$_callTestCase_closure1.call(CallTestCaseKeyword.groovy)
	at com.kms.katalon.core.keyword.internal.KeywordMain.runKeyword(KeywordMain.groovy:75)
	at com.kms.katalon.core.keyword.builtin.CallTestCaseKeyword.callTestCase(CallTestCaseKeyword.groovy:81)
	at com.kms.katalon.core.keyword.builtin.CallTestCaseKeyword.execute(CallTestCaseKeyword.groovy:44)
	at com.kms.katalon.core.keyword.internal.KeywordExecutor.executeKeywordForPlatform(KeywordExecutor.groovy:74)
	at com.kms.katalon.core.keyword.BuiltinKeywords.callTestCase(BuiltinKeywords.groovy:310)
	at com.kazurayam.ksbackyard.HighlightElement$_pandemic_closure1.doCall(HighlightElement.groovy:105)
	at Identification.run(Identification:35)
	at com.kms.katalon.core.main.ScriptEngine.run(ScriptEngine.java:194)
	at com.kms.katalon.core.main.ScriptEngine.runScriptAsRawText(ScriptEngine.java:119)
	at com.kms.katalon.core.main.TestCaseExecutor.runScript(TestCaseExecutor.java:448)
	at com.kms.katalon.core.main.TestCaseExecutor.doExecute(TestCaseExecutor.java:439)
	at com.kms.katalon.core.main.TestCaseExecutor.processExecutionPhase(TestCaseExecutor.java:418)
	at com.kms.katalon.core.main.TestCaseExecutor.accessMainPhase(TestCaseExecutor.java:410)
	at com.kms.katalon.core.main.TestCaseExecutor.execute(TestCaseExecutor.java:285)
	at com.kms.katalon.core.main.TestCaseMain.runTestCase(TestCaseMain.java:144)
	at com.kms.katalon.core.keyword.builtin.CallTestCaseKeyword$_callTestCase_closure1.doCall(CallTestCaseKeyword.groovy:59)
	at com.kms.katalon.core.keyword.builtin.CallTestCaseKeyword$_callTestCase_closure1.call(CallTestCaseKeyword.groovy)
	at com.kms.katalon.core.keyword.internal.KeywordMain.runKeyword(KeywordMain.groovy:75)
	at com.kms.katalon.core.keyword.builtin.CallTestCaseKeyword.callTestCase(CallTestCaseKeyword.groovy:81)
	at com.kms.katalon.core.keyword.builtin.CallTestCaseKeyword.execute(CallTestCaseKeyword.groovy:44)
	at com.kms.katalon.core.keyword.internal.KeywordExecutor.executeKeywordForPlatform(KeywordExecutor.groovy:74)
	at com.kms.katalon.core.keyword.BuiltinKeywords.callTestCase(BuiltinKeywords.groovy:310)
	at com.kazurayam.ksbackyard.HighlightElement$_pandemic_closure1.doCall(HighlightElement.groovy:105)
	at TNR R.TSPT Supp90-Etudiant.run(TNR R.TSPT Supp90-Etudiant:35)
	at com.kms.katalon.core.main.ScriptEngine.run(ScriptEngine.java:194)
	at com.kms.katalon.core.main.ScriptEngine.runScriptAsRawText(ScriptEngine.java:119)
	at com.kms.katalon.core.main.TestCaseExecutor.runScript(TestCaseExecutor.java:448)
	at com.kms.katalon.core.main.TestCaseExecutor.doExecute(TestCaseExecutor.java:439)
	at com.kms.katalon.core.main.TestCaseExecutor.processExecutionPhase(TestCaseExecutor.java:418)
	at com.kms.katalon.core.main.TestCaseExecutor.accessMainPhase(TestCaseExecutor.java:410)
	at com.kms.katalon.core.main.TestCaseExecutor.execute(TestCaseExecutor.java:285)
	at com.kms.katalon.core.common.CommonExecutor.accessTestCaseMainPhase(CommonExecutor.java:65)
	at com.kms.katalon.core.main.TestSuiteExecutor.accessTestSuiteMainPhase(TestSuiteExecutor.java:148)
	at com.kms.katalon.core.main.TestSuiteExecutor.execute(TestSuiteExecutor.java:106)
	at com.kms.katalon.core.main.TestCaseMain.startTestSuite(TestCaseMain.java:187)
	at com.kms.katalon.core.main.TestCaseMain$startTestSuite$0.call(Unknown Source)
	at TempTestSuite1700729418079.run(TempTestSuite1700729418079.groovy:36)
)

2023-11-23 09:53:33 - [TEST_STEP][PASSED] - if (verifyElementPresent(findTestObject("Object Repository/Connexion Usager/Btn_Parametres Avances"), 2, OPTIONAL)): com.kms.katalon.core.webui.exception.WebElementNotFoundException: Web element with id: 'Object Repository/Connexion Usager/Btn_Parametres Avances' located by '//*[@id="details-button"]' not found (Root cause: com.kms.katalon.core.exception.StepFailedException: com.kms.katalon.core.webui.exception.WebElementNotFoundException: Web element with id: 'Object Repository/Connexion Usager/Btn_Parametres Avances' located by '//*[@id="details-button"]' not found
	at com.kms.katalon.core.webui.keyword.internal.WebUIKeywordMain.stepFailed(WebUIKeywordMain.groovy:64)
	at com.kms.katalon.core.webui.keyword.builtin.VerifyElementPresentKeyword$_verifyElementPresent_closure1.doCall(VerifyElementPresentKeyword.groovy:85)
	at com.kms.katalon.core.webui.keyword.builtin.VerifyElementPresentKeyword$_verifyElementPresent_closure1.call(VerifyElementPresentKeyword.groovy)
	at com.kms.katalon.core.webui.keyword.internal.WebUIKeywordMain.runKeyword(WebUIKeywordMain.groovy:20)
	at com.kms.katalon.core.webui.keyword.builtin.VerifyElementPresentKeyword.verifyElementPresent(VerifyElementPresentKeyword.groovy:92)
	at com.kms.katalon.core.webui.keyword.builtin.VerifyElementPresentKeyword.execute(VerifyElementPresentKeyword.groovy:68)
	at com.kms.katalon.core.keyword.internal.KeywordExecutor.executeKeywordForPlatform(KeywordExecutor.groovy:74)
	at com.kms.katalon.core.webui.keyword.WebUiBuiltInKeywords.verifyElementPresent(WebUiBuiltInKeywords.groovy:1448)
	at com.kazurayam.ksbackyard.HighlightElement$_pandemic_closure1.doCall(HighlightElement.groovy:105)
	at Erreur lie a la confidentialite.run(Erreur lie a la confidentialite:43)
	at com.kms.katalon.core.main.ScriptEngine.run(ScriptEngine.java:194)
	at com.kms.katalon.core.main.ScriptEngine.runScriptAsRawText(ScriptEngine.java:119)
	at com.kms.katalon.core.main.TestCaseExecutor.runScript(TestCaseExecutor.java:448)
	at com.kms.katalon.core.main.TestCaseExecutor.doExecute(TestCaseExecutor.java:439)
	at com.kms.katalon.core.main.TestCaseExecutor.processExecutionPhase(TestCaseExecutor.java:418)
	at com.kms.katalon.core.main.TestCaseExecutor.accessMainPhase(TestCaseExecutor.java:410)
	at com.kms.katalon.core.main.TestCaseExecutor.execute(TestCaseExecutor.java:285)
	at com.kms.katalon.core.main.TestCaseMain.runTestCase(TestCaseMain.java:144)
	at com.kms.katalon.core.keyword.builtin.CallTestCaseKeyword$_callTestCase_closure1.doCall(CallTestCaseKeyword.groovy:59)
	at com.kms.katalon.core.keyword.builtin.CallTestCaseKeyword$_callTestCase_closure1.call(CallTestCaseKeyword.groovy)
	at com.kms.katalon.core.keyword.internal.KeywordMain.runKeyword(KeywordMain.groovy:75)
	at com.kms.katalon.core.keyword.builtin.CallTestCaseKeyword.callTestCase(CallTestCaseKeyword.groovy:81)
	at com.kms.katalon.core.keyword.builtin.CallTestCaseKeyword.execute(CallTestCaseKeyword.groovy:44)
	at com.kms.katalon.core.keyword.internal.KeywordExecutor.executeKeywordForPlatform(KeywordExecutor.groovy:74)
	at com.kms.katalon.core.keyword.BuiltinKeywords.callTestCase(BuiltinKeywords.groovy:310)
	at com.kazurayam.ksbackyard.HighlightElement$_pandemic_closure1.doCall(HighlightElement.groovy:105)
	at Identification.run(Identification:35)
	at com.kms.katalon.core.main.ScriptEngine.run(ScriptEngine.java:194)
	at com.kms.katalon.core.main.ScriptEngine.runScriptAsRawText(ScriptEngine.java:119)
	at com.kms.katalon.core.main.TestCaseExecutor.runScript(TestCaseExecutor.java:448)
	at com.kms.katalon.core.main.TestCaseExecutor.doExecute(TestCaseExecutor.java:439)
	at com.kms.katalon.core.main.TestCaseExecutor.processExecutionPhase(TestCaseExecutor.java:418)
	at com.kms.katalon.core.main.TestCaseExecutor.accessMainPhase(TestCaseExecutor.java:410)
	at com.kms.katalon.core.main.TestCaseExecutor.execute(TestCaseExecutor.java:285)
	at com.kms.katalon.core.main.TestCaseMain.runTestCase(TestCaseMain.java:144)
	at com.kms.katalon.core.keyword.builtin.CallTestCaseKeyword$_callTestCase_closure1.doCall(CallTestCaseKeyword.groovy:59)
	at com.kms.katalon.core.keyword.builtin.CallTestCaseKeyword$_callTestCase_closure1.call(CallTestCaseKeyword.groovy)
	at com.kms.katalon.core.keyword.internal.KeywordMain.runKeyword(KeywordMain.groovy:75)
	at com.kms.katalon.core.keyword.builtin.CallTestCaseKeyword.callTestCase(CallTestCaseKeyword.groovy:81)
	at com.kms.katalon.core.keyword.builtin.CallTestCaseKeyword.execute(CallTestCaseKeyword.groovy:44)
	at com.kms.katalon.core.keyword.internal.KeywordExecutor.executeKeywordForPlatform(KeywordExecutor.groovy:74)
	at com.kms.katalon.core.keyword.BuiltinKeywords.callTestCase(BuiltinKeywords.groovy:310)
	at com.kazurayam.ksbackyard.HighlightElement$_pandemic_closure1.doCall(HighlightElement.groovy:105)
	at TNR R.TSPT Supp90-Etudiant.run(TNR R.TSPT Supp90-Etudiant:35)
	at com.kms.katalon.core.main.ScriptEngine.run(ScriptEngine.java:194)
	at com.kms.katalon.core.main.ScriptEngine.runScriptAsRawText(ScriptEngine.java:119)
	at com.kms.katalon.core.main.TestCaseExecutor.runScript(TestCaseExecutor.java:448)
	at com.kms.katalon.core.main.TestCaseExecutor.doExecute(TestCaseExecutor.java:439)
	at com.kms.katalon.core.main.TestCaseExecutor.processExecutionPhase(TestCaseExecutor.java:418)
	at com.kms.katalon.core.main.TestCaseExecutor.accessMainPhase(TestCaseExecutor.java:410)
	at com.kms.katalon.core.main.TestCaseExecutor.execute(TestCaseExecutor.java:285)
	at com.kms.katalon.core.common.CommonExecutor.accessTestCaseMainPhase(CommonExecutor.java:65)
	at com.kms.katalon.core.main.TestSuiteExecutor.accessTestSuiteMainPhase(TestSuiteExecutor.java:148)
	at com.kms.katalon.core.main.TestSuiteExecutor.execute(TestSuiteExecutor.java:106)
	at com.kms.katalon.core.main.TestCaseMain.startTestSuite(TestCaseMain.java:187)
	at com.kms.katalon.core.main.TestCaseMain$startTestSuite$0.call(Unknown Source)
	at TempTestSuite1700729418079.run(TempTestSuite1700729418079.groovy:36)
)

2023-11-23 09:53:33 - [MESSAGE][INFO] - Finding Test Object 'Object Repository/Connexion Usager/Btn_Parametres Avances'

2023-11-23 09:53:33 - [MESSAGE][INFO] - Checking object

2023-11-23 09:53:33 - [MESSAGE][INFO] - Finding web element from Test Object's properties

2023-11-23 09:53:33 - [MESSAGE][INFO] - Checking timeout

2023-11-23 09:53:33 - [MESSAGE][INFO] - Finding web element with id: 'Object Repository/Connexion Usager/Btn_Parametres Avances' located by 'By.xpath: //*[@id="details-button"]' in '2' second(s)

2023-11-23 09:53:33 - [MESSAGE][INFO] - Smart Wait Function is triggered

2023-11-23 09:53:33 - [MESSAGE][INFO] - Smart Wait Function is triggered

2023-11-23 09:53:33 - [MESSAGE][INFO] - Smart Wait Function is triggered

2023-11-23 09:53:33 - [MESSAGE][INFO] - Smart Wait Function is triggered

2023-11-23 09:53:33 - [MESSAGE][INFO] - Smart Wait Function is triggered

2023-11-23 09:53:33 - [MESSAGE][INFO] - Smart Wait Function is triggered

2023-11-23 09:53:33 - [MESSAGE][INFO] - Smart Wait Function is triggered

2023-11-23 09:53:33 - [MESSAGE][INFO] - Smart Wait Function is triggered

2023-11-23 09:53:33 - [MESSAGE][INFO] - Smart Wait Function is triggered

2023-11-23 09:53:33 - [MESSAGE][INFO] - Smart Wait Function is triggered

2023-11-23 09:53:33 - [MESSAGE][INFO] - Smart Wait Function is triggered

2023-11-23 09:53:33 - [MESSAGE][INFO] - Smart Wait Function is triggered

2023-11-23 09:53:33 - [MESSAGE][INFO] - Smart Wait Function is triggered

2023-11-23 09:53:33 - [MESSAGE][INFO] - Smart Wait Function is triggered

2023-11-23 09:53:33 - [MESSAGE][INFO] - Smart Wait Function is triggered

2023-11-23 09:53:33 - [MESSAGE][INFO] - Smart Wait Function is triggered

2023-11-23 09:53:33 - [MESSAGE][INFO] - Smart Wait Function is triggered

2023-11-23 09:53:34 - [MESSAGE][INFO] - Smart Wait Function is triggered

2023-11-23 09:53:34 - [MESSAGE][INFO] - Smart Wait Function is triggered

2023-11-23 09:53:34 - [MESSAGE][INFO] - Smart Wait Function is triggered

2023-11-23 09:53:34 - [MESSAGE][INFO] - Smart Wait Function is triggered

2023-11-23 09:53:34 - [MESSAGE][INFO] - Smart Wait Function is triggered

2023-11-23 09:53:34 - [MESSAGE][INFO] - Smart Wait Function is triggered

2023-11-23 09:53:34 - [MESSAGE][INFO] - Smart Wait Function is triggered

2023-11-23 09:53:34 - [MESSAGE][INFO] - Smart Wait Function is triggered

2023-11-23 09:53:34 - [MESSAGE][INFO] - Smart Wait Function is triggered

2023-11-23 09:53:34 - [MESSAGE][INFO] - Smart Wait Function is triggered

2023-11-23 09:53:34 - [MESSAGE][INFO] - Smart Wait Function is triggered

2023-11-23 09:53:34 - [MESSAGE][INFO] - Smart Wait Function is triggered

2023-11-23 09:53:34 - [MESSAGE][INFO] - Smart Wait Function is triggered

2023-11-23 09:53:34 - [MESSAGE][INFO] - Smart Wait Function is triggered

2023-11-23 09:53:34 - [MESSAGE][INFO] - Smart Wait Function is triggered

2023-11-23 09:53:34 - [MESSAGE][INFO] - Smart Wait Function is triggered

2023-11-23 09:53:34 - [MESSAGE][INFO] - Smart Wait Function is triggered

2023-11-23 09:53:34 - [MESSAGE][INFO] - Smart Wait Function is triggered

2023-11-23 09:53:34 - [MESSAGE][INFO] - Smart Wait Function is triggered

2023-11-23 09:53:34 - [MESSAGE][INFO] - Smart Wait Function is triggered

2023-11-23 09:53:34 - [MESSAGE][INFO] - Smart Wait Function is triggered

2023-11-23 09:53:34 - [MESSAGE][INFO] - Smart Wait Function is triggered

2023-11-23 09:53:34 - [MESSAGE][INFO] - Smart Wait Function is triggered

2023-11-23 09:53:34 - [MESSAGE][INFO] - Smart Wait Function is triggered

2023-11-23 09:53:34 - [MESSAGE][INFO] - Smart Wait Function is triggered

2023-11-23 09:53:34 - [MESSAGE][INFO] - Smart Wait Function is triggered

2023-11-23 09:53:34 - [MESSAGE][INFO] - Smart Wait Function is triggered

2023-11-23 09:53:34 - [MESSAGE][INFO] - Smart Wait Function is triggered

2023-11-23 09:53:34 - [MESSAGE][INFO] - Smart Wait Function is triggered

2023-11-23 09:53:34 - [MESSAGE][INFO] - Smart Wait Function is triggered

2023-11-23 09:53:34 - [MESSAGE][INFO] - Smart Wait Function is triggered

2023-11-23 09:53:34 - [MESSAGE][INFO] - Smart Wait Function is triggered

2023-11-23 09:53:35 - [MESSAGE][INFO] - Smart Wait Function is triggered

2023-11-23 09:53:35 - [MESSAGE][INFO] - Smart Wait Function is triggered

2023-11-23 09:53:35 - [MESSAGE][INFO] - Smart Wait Function is triggered

2023-11-23 09:53:35 - [MESSAGE][INFO] - Smart Wait Function is triggered

2023-11-23 09:53:35 - [MESSAGE][INFO] - Smart Wait Function is triggered

2023-11-23 09:53:35 - [MESSAGE][INFO] - Smart Wait Function is triggered

2023-11-23 09:53:35 - [MESSAGE][INFO] - Smart Wait Function is triggered

2023-11-23 09:53:35 - [MESSAGE][INFO] - Smart Wait Function is triggered

2023-11-23 09:53:35 - [MESSAGE][INFO] - Smart Wait Function is triggered

2023-11-23 09:53:35 - [MESSAGE][INFO] - Smart Wait Function is triggered

2023-11-23 09:53:35 - [MESSAGE][INFO] - Smart Wait Function is triggered

2023-11-23 09:53:35 - [MESSAGE][INFO] - Smart Wait Function is triggered

2023-11-23 09:53:35 - [MESSAGE][INFO] - Smart Wait Function is triggered

2023-11-23 09:53:35 - [MESSAGE][INFO] - Smart Wait Function is triggered

2023-11-23 09:53:35 - [MESSAGE][INFO] - Smart Wait Function is triggered

2023-11-23 09:53:35 - [MESSAGE][INFO] - Smart Wait Function is triggered

2023-11-23 09:53:35 - [MESSAGE][INFO] - Smart Wait Function is triggered

2023-11-23 09:53:35 - [MESSAGE][INFO] - Smart Wait Function is triggered

2023-11-23 09:53:35 - [MESSAGE][INFO] - Smart Wait Function is triggered

2023-11-23 09:53:35 - [MESSAGE][INFO] - Smart Wait Function is triggered

2023-11-23 09:53:35 - [MESSAGE][INFO] - Smart Wait Function is triggered

2023-11-23 09:53:35 - [MESSAGE][INFO] - Smart Wait Function is triggered

2023-11-23 09:53:35 - [MESSAGE][INFO] - Smart Wait Function is triggered

2023-11-23 09:53:35 - [MESSAGE][INFO] - Smart Wait Function is triggered

2023-11-23 09:53:35 - [MESSAGE][INFO] - Smart Wait Function is triggered

2023-11-23 09:53:35 - [MESSAGE][INFO] - Smart Wait Function is triggered

2023-11-23 09:53:35 - [MESSAGE][INFO] - Smart Wait Function is triggered

2023-11-23 09:53:35 - [MESSAGE][INFO] - Smart Wait Function is triggered

2023-11-23 09:53:35 - [MESSAGE][INFO] - Smart Wait Function is triggered

2023-11-23 09:53:35 - [MESSAGE][INFO] - Smart Wait Function is triggered

2023-11-23 09:53:35 - [MESSAGE][INFO] - Smart Wait Function is triggered

2023-11-23 09:53:35 - [MESSAGE][INFO] - Smart Wait Function is triggered

2023-11-23 09:53:35 - [MESSAGE][INFO] - Smart Wait Function is triggered

2023-11-23 09:53:36 - [MESSAGE][INFO] - Smart Wait Function is triggered

2023-11-23 09:53:36 - [MESSAGE][INFO] - Smart Wait Function is triggered

2023-11-23 09:53:36 - [MESSAGE][INFO] - Smart Wait Function is triggered

2023-11-23 09:53:36 - [MESSAGE][INFO] - Smart Wait Function is triggered

2023-11-23 09:53:36 - [MESSAGE][INFO] - Smart Wait Function is triggered

2023-11-23 09:53:36 - [MESSAGE][INFO] - Smart Wait Function is triggered

2023-11-23 09:53:36 - [MESSAGE][INFO] - Smart Wait Function is triggered

2023-11-23 09:53:36 - [MESSAGE][INFO] - Smart Wait Function is triggered

2023-11-23 09:53:36 - [MESSAGE][INFO] - Smart Wait Function is triggered

2023-11-23 09:53:36 - [MESSAGE][INFO] - Smart Wait Function is triggered

2023-11-23 09:53:36 - [MESSAGE][INFO] - Smart Wait Function is triggered

2023-11-23 09:53:36 - [MESSAGE][INFO] - Smart Wait Function is triggered

2023-11-23 09:53:36 - [MESSAGE][INFO] - Smart Wait Function is triggered

2023-11-23 09:53:36 - [MESSAGE][INFO] - Smart Wait Function is triggered

2023-11-23 09:53:36 - [MESSAGE][INFO] - Unable to find the element located by 'By.xpath: //*[@id="details-button"]'. Please recheck the objects properties to make sure the desired element is located. 

2023-11-23 09:53:36 - [MESSAGE][WARNING] - com.kms.katalon.core.webui.exception.WebElementNotFoundException: Web element with id: 'Object Repository/Connexion Usager/Btn_Parametres Avances' located by '//*[@id="details-button"]' not found (Root cause: com.kms.katalon.core.exception.StepFailedException: com.kms.katalon.core.webui.exception.WebElementNotFoundException: Web element with id: 'Object Repository/Connexion Usager/Btn_Parametres Avances' located by '//*[@id="details-button"]' not found
	at com.kms.katalon.core.webui.keyword.internal.WebUIKeywordMain.stepFailed(WebUIKeywordMain.groovy:64)
	at com.kms.katalon.core.webui.keyword.builtin.VerifyElementPresentKeyword$_verifyElementPresent_closure1.doCall(VerifyElementPresentKeyword.groovy:85)
	at com.kms.katalon.core.webui.keyword.builtin.VerifyElementPresentKeyword$_verifyElementPresent_closure1.call(VerifyElementPresentKeyword.groovy)
	at com.kms.katalon.core.webui.keyword.internal.WebUIKeywordMain.runKeyword(WebUIKeywordMain.groovy:20)
	at com.kms.katalon.core.webui.keyword.builtin.VerifyElementPresentKeyword.verifyElementPresent(VerifyElementPresentKeyword.groovy:92)
	at com.kms.katalon.core.webui.keyword.builtin.VerifyElementPresentKeyword.execute(VerifyElementPresentKeyword.groovy:68)
	at com.kms.katalon.core.keyword.internal.KeywordExecutor.executeKeywordForPlatform(KeywordExecutor.groovy:74)
	at com.kms.katalon.core.webui.keyword.WebUiBuiltInKeywords.verifyElementPresent(WebUiBuiltInKeywords.groovy:1448)
	at com.kazurayam.ksbackyard.HighlightElement$_pandemic_closure1.doCall(HighlightElement.groovy:105)
	at Erreur lie a la confidentialite.run(Erreur lie a la confidentialite:43)
	at com.kms.katalon.core.main.ScriptEngine.run(ScriptEngine.java:194)
	at com.kms.katalon.core.main.ScriptEngine.runScriptAsRawText(ScriptEngine.java:119)
	at com.kms.katalon.core.main.TestCaseExecutor.runScript(TestCaseExecutor.java:448)
	at com.kms.katalon.core.main.TestCaseExecutor.doExecute(TestCaseExecutor.java:439)
	at com.kms.katalon.core.main.TestCaseExecutor.processExecutionPhase(TestCaseExecutor.java:418)
	at com.kms.katalon.core.main.TestCaseExecutor.accessMainPhase(TestCaseExecutor.java:410)
	at com.kms.katalon.core.main.TestCaseExecutor.execute(TestCaseExecutor.java:285)
	at com.kms.katalon.core.main.TestCaseMain.runTestCase(TestCaseMain.java:144)
	at com.kms.katalon.core.keyword.builtin.CallTestCaseKeyword$_callTestCase_closure1.doCall(CallTestCaseKeyword.groovy:59)
	at com.kms.katalon.core.keyword.builtin.CallTestCaseKeyword$_callTestCase_closure1.call(CallTestCaseKeyword.groovy)
	at com.kms.katalon.core.keyword.internal.KeywordMain.runKeyword(KeywordMain.groovy:75)
	at com.kms.katalon.core.keyword.builtin.CallTestCaseKeyword.callTestCase(CallTestCaseKeyword.groovy:81)
	at com.kms.katalon.core.keyword.builtin.CallTestCaseKeyword.execute(CallTestCaseKeyword.groovy:44)
	at com.kms.katalon.core.keyword.internal.KeywordExecutor.executeKeywordForPlatform(KeywordExecutor.groovy:74)
	at com.kms.katalon.core.keyword.BuiltinKeywords.callTestCase(BuiltinKeywords.groovy:310)
	at com.kazurayam.ksbackyard.HighlightElement$_pandemic_closure1.doCall(HighlightElement.groovy:105)
	at Identification.run(Identification:35)
	at com.kms.katalon.core.main.ScriptEngine.run(ScriptEngine.java:194)
	at com.kms.katalon.core.main.ScriptEngine.runScriptAsRawText(ScriptEngine.java:119)
	at com.kms.katalon.core.main.TestCaseExecutor.runScript(TestCaseExecutor.java:448)
	at com.kms.katalon.core.main.TestCaseExecutor.doExecute(TestCaseExecutor.java:439)
	at com.kms.katalon.core.main.TestCaseExecutor.processExecutionPhase(TestCaseExecutor.java:418)
	at com.kms.katalon.core.main.TestCaseExecutor.accessMainPhase(TestCaseExecutor.java:410)
	at com.kms.katalon.core.main.TestCaseExecutor.execute(TestCaseExecutor.java:285)
	at com.kms.katalon.core.main.TestCaseMain.runTestCase(TestCaseMain.java:144)
	at com.kms.katalon.core.keyword.builtin.CallTestCaseKeyword$_callTestCase_closure1.doCall(CallTestCaseKeyword.groovy:59)
	at com.kms.katalon.core.keyword.builtin.CallTestCaseKeyword$_callTestCase_closure1.call(CallTestCaseKeyword.groovy)
	at com.kms.katalon.core.keyword.internal.KeywordMain.runKeyword(KeywordMain.groovy:75)
	at com.kms.katalon.core.keyword.builtin.CallTestCaseKeyword.callTestCase(CallTestCaseKeyword.groovy:81)
	at com.kms.katalon.core.keyword.builtin.CallTestCaseKeyword.execute(CallTestCaseKeyword.groovy:44)
	at com.kms.katalon.core.keyword.internal.KeywordExecutor.executeKeywordForPlatform(KeywordExecutor.groovy:74)
	at com.kms.katalon.core.keyword.BuiltinKeywords.callTestCase(BuiltinKeywords.groovy:310)
	at com.kazurayam.ksbackyard.HighlightElement$_pandemic_closure1.doCall(HighlightElement.groovy:105)
	at TNR R.TSPT Supp90-Etudiant.run(TNR R.TSPT Supp90-Etudiant:35)
	at com.kms.katalon.core.main.ScriptEngine.run(ScriptEngine.java:194)
	at com.kms.katalon.core.main.ScriptEngine.runScriptAsRawText(ScriptEngine.java:119)
	at com.kms.katalon.core.main.TestCaseExecutor.runScript(TestCaseExecutor.java:448)
	at com.kms.katalon.core.main.TestCaseExecutor.doExecute(TestCaseExecutor.java:439)
	at com.kms.katalon.core.main.TestCaseExecutor.processExecutionPhase(TestCaseExecutor.java:418)
	at com.kms.katalon.core.main.TestCaseExecutor.accessMainPhase(TestCaseExecutor.java:410)
	at com.kms.katalon.core.main.TestCaseExecutor.execute(TestCaseExecutor.java:285)
	at com.kms.katalon.core.common.CommonExecutor.accessTestCaseMainPhase(CommonExecutor.java:65)
	at com.kms.katalon.core.main.TestSuiteExecutor.accessTestSuiteMainPhase(TestSuiteExecutor.java:148)
	at com.kms.katalon.core.main.TestSuiteExecutor.execute(TestSuiteExecutor.java:106)
	at com.kms.katalon.core.main.TestCaseMain.startTestSuite(TestCaseMain.java:187)
	at com.kms.katalon.core.main.TestCaseMain$startTestSuite$0.call(Unknown Source)
	at TempTestSuite1700729418079.run(TempTestSuite1700729418079.groovy:36)
)
[[ATTACHMENT|C:\\Users\\hhizaoui\\.git\\NewProject29092023\\Nouveau dossier1\\21_11\\ANEF-AutomatizationProject\\Reports\\20231123_095018\\TS_TNR_R.TSPT_Suppo90\\20231123_095018\\1700729616466.png]]

2023-11-23 09:53:36 - [TEST_STEP][PASSED] - if (DriverName == "IE_DRIVER"): null

2023-11-23 09:53:36 - [TEST_STEP][PASSED] - delay(3): Delayed 3 second(s)

2023-11-23 09:53:36 - [MESSAGE][INFO] - Delaying browser in 3 second(s)

2023-11-23 09:53:39 - [MESSAGE][PASSED] - Delayed 3 second(s)

2023-11-23 09:53:39 - [MESSAGE][PASSED] - Call Test Case 'Test Cases/Test Reutilisable/Main/Erreur lie a la confidentialite' successfully

2023-11-23 09:53:39 - [TEST_STEP][PASSED] - delay(5): Delayed 5 second(s)

2023-11-23 09:53:39 - [MESSAGE][INFO] - Delaying browser in 5 second(s)

2023-11-23 09:53:44 - [MESSAGE][PASSED] - Delayed 5 second(s)

2023-11-23 09:53:44 - [TEST_STEP][PASSED] - setText(findTestObject("Object Repository/Connexion Usager/Input_Identifiant"), NumEtrangerVisa): Text '7703040870' is set on object 'Object Repository/Connexion Usager/Input_Identifiant'

2023-11-23 09:53:44 - [MESSAGE][INFO] - Finding Test Object 'Object Repository/Connexion Usager/Input_Identifiant'

2023-11-23 09:53:44 - [MESSAGE][INFO] - Checking timeout

2023-11-23 09:53:44 - [MESSAGE][INFO] - Finding web element with id: 'Object Repository/Connexion Usager/Input_Identifiant' located by 'By.xpath: //*[@id="login"]' in '20' second(s)

2023-11-23 09:53:44 - [MESSAGE][INFO] - Smart Wait Function is triggered

2023-11-23 09:53:44 - [MESSAGE][INFO] - Found 1 web elements with id: 'Object Repository/Connexion Usager/Input_Identifiant' located by 'By.xpath: //*[@id="login"]' in '20' second(s)

2023-11-23 09:53:44 - [MESSAGE][INFO] - Checking object

2023-11-23 09:53:44 - [MESSAGE][INFO] - Checking text

2023-11-23 09:53:44 - [MESSAGE][INFO] - Finding web element from Test Object's properties

2023-11-23 09:53:44 - [MESSAGE][INFO] - Checking timeout

2023-11-23 09:53:44 - [MESSAGE][INFO] - Finding web element with id: 'Object Repository/Connexion Usager/Input_Identifiant' located by 'By.xpath: //*[@id="login"]' in '5' second(s)

2023-11-23 09:53:44 - [MESSAGE][INFO] - Smart Wait Function is triggered

2023-11-23 09:53:44 - [MESSAGE][INFO] - Found 1 web elements with id: 'Object Repository/Connexion Usager/Input_Identifiant' located by 'By.xpath: //*[@id="login"]' in '5' second(s)

2023-11-23 09:53:44 - [MESSAGE][INFO] - Clearing text of object 'Object Repository/Connexion Usager/Input_Identifiant'

2023-11-23 09:53:46 - [MESSAGE][INFO] - Finding web element from Test Object's properties

2023-11-23 09:53:46 - [MESSAGE][INFO] - Checking timeout

2023-11-23 09:53:46 - [MESSAGE][INFO] - Finding web element with id: 'Object Repository/Connexion Usager/Input_Identifiant' located by 'By.xpath: //*[@id="login"]' in '5' second(s)

2023-11-23 09:53:46 - [MESSAGE][INFO] - Smart Wait Function is triggered

2023-11-23 09:53:46 - [MESSAGE][INFO] - Found 1 web elements with id: 'Object Repository/Connexion Usager/Input_Identifiant' located by 'By.xpath: //*[@id="login"]' in '5' second(s)

2023-11-23 09:53:46 - [MESSAGE][INFO] - Setting text of object 'Object Repository/Connexion Usager/Input_Identifiant' to value '7703040870'

2023-11-23 09:53:48 - [MESSAGE][PASSED] - Text '7703040870' is set on object 'Object Repository/Connexion Usager/Input_Identifiant'

2023-11-23 09:53:48 - [TEST_STEP][PASSED] - NumEtrangerVisa = NumEtrangerVisa: null

2023-11-23 09:53:48 - [TEST_STEP][PASSED] - setEncryptedText(findTestObject("Object Repository/Connexion Usager/Input_MDP"), Password): Text ****** has been set on object 'Object Repository/Connexion Usager/Input_MDP'

2023-11-23 09:53:48 - [MESSAGE][INFO] - Finding Test Object 'Object Repository/Connexion Usager/Input_MDP'

2023-11-23 09:53:49 - [MESSAGE][INFO] - Checking timeout

2023-11-23 09:53:49 - [MESSAGE][INFO] - Finding web element with id: 'Object Repository/Connexion Usager/Input_MDP' located by 'By.xpath: //*[@id="password"]' in '20' second(s)

2023-11-23 09:53:49 - [MESSAGE][INFO] - Smart Wait Function is triggered

2023-11-23 09:53:49 - [MESSAGE][INFO] - Found 1 web elements with id: 'Object Repository/Connexion Usager/Input_MDP' located by 'By.xpath: //*[@id="password"]' in '20' second(s)

2023-11-23 09:53:49 - [MESSAGE][INFO] - Checking object

2023-11-23 09:53:49 - [MESSAGE][INFO] - Checking text

2023-11-23 09:53:49 - [MESSAGE][INFO] - Finding web element from Test Object's properties

2023-11-23 09:53:49 - [MESSAGE][INFO] - Checking timeout

2023-11-23 09:53:49 - [MESSAGE][INFO] - Finding web element with id: 'Object Repository/Connexion Usager/Input_MDP' located by 'By.xpath: //*[@id="password"]' in '5' second(s)

2023-11-23 09:53:49 - [MESSAGE][INFO] - Smart Wait Function is triggered

2023-11-23 09:53:49 - [MESSAGE][INFO] - Found 1 web elements with id: 'Object Repository/Connexion Usager/Input_MDP' located by 'By.xpath: //*[@id="password"]' in '5' second(s)

2023-11-23 09:53:49 - [MESSAGE][INFO] - Clearing text of object 'Object Repository/Connexion Usager/Input_MDP'

2023-11-23 09:53:51 - [MESSAGE][INFO] - Setting  text of object 'Object Repository/Connexion Usager/Input_MDP' to value ******

2023-11-23 09:53:53 - [MESSAGE][PASSED] - Text ****** has been set on object 'Object Repository/Connexion Usager/Input_MDP'

2023-11-23 09:53:53 - [TEST_STEP][PASSED] - click(findTestObject("Object Repository/Connexion Usager/btn_Sidentifier")): Object: 'Object Repository/Connexion Usager/btn_Sidentifier' is clicked on

2023-11-23 09:53:53 - [MESSAGE][INFO] - Finding Test Object 'Object Repository/Connexion Usager/btn_Sidentifier'

2023-11-23 09:53:53 - [MESSAGE][INFO] - Checking timeout

2023-11-23 09:53:53 - [MESSAGE][INFO] - Finding web element with id: 'Object Repository/Connexion Usager/btn_Sidentifier' located by 'By.xpath: //*[@type= 'submit']' in '20' second(s)

2023-11-23 09:53:53 - [MESSAGE][INFO] - Smart Wait Function is triggered

2023-11-23 09:53:53 - [MESSAGE][INFO] - Found 1 web elements with id: 'Object Repository/Connexion Usager/btn_Sidentifier' located by 'By.xpath: //*[@type= 'submit']' in '20' second(s)

2023-11-23 09:53:53 - [MESSAGE][INFO] - Checking object

2023-11-23 09:53:53 - [MESSAGE][INFO] - Checking timeout

2023-11-23 09:53:53 - [MESSAGE][INFO] - Finding web element from Test Object's properties

2023-11-23 09:53:53 - [MESSAGE][INFO] - Checking timeout

2023-11-23 09:53:53 - [MESSAGE][INFO] - Finding web element with id: 'Object Repository/Connexion Usager/btn_Sidentifier' located by 'By.xpath: //*[@type= 'submit']' in '5' second(s)

2023-11-23 09:53:53 - [MESSAGE][INFO] - Smart Wait Function is triggered

2023-11-23 09:53:53 - [MESSAGE][INFO] - Found 1 web elements with id: 'Object Repository/Connexion Usager/btn_Sidentifier' located by 'By.xpath: //*[@type= 'submit']' in '5' second(s)

2023-11-23 09:53:53 - [MESSAGE][INFO] - Clicking on object: 'Object Repository/Connexion Usager/btn_Sidentifier'

2023-11-23 09:53:56 - [MESSAGE][PASSED] - Object: 'Object Repository/Connexion Usager/btn_Sidentifier' is clicked on

2023-11-23 09:53:56 - [TEST_STEP][PASSED] - delay(15): Delayed 15 second(s)

2023-11-23 09:53:56 - [MESSAGE][INFO] - Delaying browser in 15 second(s)

2023-11-23 09:54:11 - [MESSAGE][PASSED] - Delayed 15 second(s)

2023-11-23 09:54:11 - [TEST_STEP][PASSED] - verifyElementPresent(findTestObject("Object Repository/Page_Accueil_Usager/Span_MesNotifications"), 2, STOP_ON_FAILURE): Object 'Object Repository/Page_Accueil_Usager/Span_MesNotifications' is present

2023-11-23 09:54:11 - [MESSAGE][INFO] - Finding Test Object 'Object Repository/Page_Accueil_Usager/Span_MesNotifications'

2023-11-23 09:54:11 - [MESSAGE][INFO] - Checking object

2023-11-23 09:54:11 - [MESSAGE][INFO] - Finding web element from Test Object's properties

2023-11-23 09:54:11 - [MESSAGE][INFO] - Checking timeout

2023-11-23 09:54:11 - [MESSAGE][INFO] - Finding web element with id: 'Object Repository/Page_Accueil_Usager/Span_MesNotifications' located by 'By.xpath: //*[@id="navBar-new"]/nav/div[3]/div/div/ul/li[1]/a/span' in '2' second(s)

2023-11-23 09:54:11 - [MESSAGE][INFO] - Smart Wait Function is triggered

2023-11-23 09:54:11 - [MESSAGE][INFO] - Found 1 web elements with id: 'Object Repository/Page_Accueil_Usager/Span_MesNotifications' located by 'By.xpath: //*[@id="navBar-new"]/nav/div[3]/div/div/ul/li[1]/a/span' in '2' second(s)

2023-11-23 09:54:11 - [MESSAGE][PASSED] - Object 'Object Repository/Page_Accueil_Usager/Span_MesNotifications' is present

2023-11-23 09:54:11 - [TEST_STEP][PASSED] - if (Profiles == "Agent"): null

2023-11-23 09:54:11 - [TEST_STEP][PASSED] - else: null

2023-11-23 09:54:11 - [TEST_STEP][PASSED] - println("VÃ©rifier le Portail de votre connexion Usager ou Agent"): null

2023-11-23 09:54:11 - [MESSAGE][PASSED] - Call Test Case 'Test Cases/Test Reutilisable/Main/Identification' successfully

2023-11-23 09:54:11 - [TEST_STEP][PASSED] - callTestCase(findTestCase("Test Reutilisable/DemandeOuRenouvelle_TitreSejour/DemandeOuRenouvelleTitreSejour"), [:], STOP_ON_FAILURE): Call Test Case 'Test Cases/Test Reutilisable/DemandeOuRenouvelle_TitreSejour/DemandeOuRenouvelleTitreSejour' successfully

2023-11-23 09:54:11 - [MESSAGE][INFO] - Checking called Test Case

2023-11-23 09:54:11 - [MESSAGE][INFO] - Starting to call Test Case 'Test Cases/Test Reutilisable/DemandeOuRenouvelle_TitreSejour/DemandeOuRenouvelleTitreSejour'

2023-11-23 09:54:11 - [TEST_CASE][PASSED] - Test Cases/Test Reutilisable/DemandeOuRenouvelle_TitreSejour/DemandeOuRenouvelleTitreSejour: Test Cases/Test Reutilisable/DemandeOuRenouvelle_TitreSejour/DemandeOuRenouvelleTitreSejour

2023-11-23 09:54:12 - [TEST_STEP][PASSED] - com.kazurayam.ksbackyard.HighlightElement.pandemic(): com.kazurayam.ksbackyard.HighlightElement.pandemic is PASSED

2023-11-23 09:54:12 - [MESSAGE][PASSED] - com.kazurayam.ksbackyard.HighlightElement.pandemic is PASSED

2023-11-23 09:54:12 - [TEST_STEP][PASSED] - delay(3): Delayed 3 second(s)

2023-11-23 09:54:12 - [MESSAGE][INFO] - Delaying browser in 3 second(s)

2023-11-23 09:54:15 - [MESSAGE][PASSED] - Delayed 3 second(s)

2023-11-23 09:54:15 - [TEST_STEP][PASSED] - doubleClick(findTestObject("Object Repository/Page_Accueil_Usager/btn_DemandeOuRenouvelleTitreSejour")): Object: 'Object Repository/Page_Accueil_Usager/btn_DemandeOuRenouvelleTitreSejour' is double clicked on

2023-11-23 09:54:15 - [MESSAGE][INFO] - Finding Test Object 'Object Repository/Page_Accueil_Usager/btn_DemandeOuRenouvelleTitreSejour'

2023-11-23 09:54:15 - [MESSAGE][INFO] - Checking object

2023-11-23 09:54:15 - [MESSAGE][INFO] - Finding web element from Test Object's properties

2023-11-23 09:54:15 - [MESSAGE][INFO] - Checking timeout

2023-11-23 09:54:15 - [MESSAGE][INFO] - Finding web element with id: 'Object Repository/Page_Accueil_Usager/btn_DemandeOuRenouvelleTitreSejour' located by 'By.xpath: //app-portal//app-portal-root/app-default-root-content/div/div/anef-tile[1]/a/span/span[2]' in '5' second(s)

2023-11-23 09:54:15 - [MESSAGE][INFO] - Smart Wait Function is triggered

2023-11-23 09:54:15 - [MESSAGE][INFO] - Found 1 web elements with id: 'Object Repository/Page_Accueil_Usager/btn_DemandeOuRenouvelleTitreSejour' located by 'By.xpath: //app-portal//app-portal-root/app-default-root-content/div/div/anef-tile[1]/a/span/span[2]' in '5' second(s)

2023-11-23 09:54:15 - [MESSAGE][INFO] - Double clicking on object: 'Object Repository/Page_Accueil_Usager/btn_DemandeOuRenouvelleTitreSejour'

2023-11-23 09:54:15 - [MESSAGE][PASSED] - Object: 'Object Repository/Page_Accueil_Usager/btn_DemandeOuRenouvelleTitreSejour' is double clicked on

2023-11-23 09:54:15 - [TEST_STEP][PASSED] - delay(3): Delayed 3 second(s)

2023-11-23 09:54:15 - [MESSAGE][INFO] - Delaying browser in 3 second(s)

2023-11-23 09:54:18 - [MESSAGE][PASSED] - Delayed 3 second(s)

2023-11-23 09:54:18 - [TEST_STEP][PASSED] - switch (PourQui): null

2023-11-23 09:54:18 - [TEST_STEP][PASSED] - case "Moi-mÃªme":: null

2023-11-23 09:54:18 - [TEST_STEP][PASSED] - check(findTestObject("Object Repository/Page_Accueil_Usager/CheckBox_Moi-meme")): Object 'Object Repository/Page_Accueil_Usager/CheckBox_Moi-meme' is checked

2023-11-23 09:54:18 - [MESSAGE][INFO] - Finding Test Object 'Object Repository/Page_Accueil_Usager/CheckBox_Moi-meme'

2023-11-23 09:54:18 - [MESSAGE][INFO] - Checking object

2023-11-23 09:54:18 - [MESSAGE][INFO] - Finding web element from Test Object's properties

2023-11-23 09:54:18 - [MESSAGE][INFO] - Checking timeout

2023-11-23 09:54:18 - [MESSAGE][INFO] - Finding web element with id: 'Object Repository/Page_Accueil_Usager/CheckBox_Moi-meme' located by 'By.xpath: //*/div[1]/app-radio-tree-button/div/p-radiobutton/div/div[2]/span' in '5' second(s)

2023-11-23 09:54:18 - [MESSAGE][INFO] - Smart Wait Function is triggered

2023-11-23 09:54:18 - [MESSAGE][INFO] - Found 1 web elements with id: 'Object Repository/Page_Accueil_Usager/CheckBox_Moi-meme' located by 'By.xpath: //*/div[1]/app-radio-tree-button/div/p-radiobutton/div/div[2]/span' in '5' second(s)

2023-11-23 09:54:18 - [MESSAGE][INFO] - Checking on bject 'Object Repository/Page_Accueil_Usager/CheckBox_Moi-meme'

2023-11-23 09:54:20 - [MESSAGE][PASSED] - Object 'Object Repository/Page_Accueil_Usager/CheckBox_Moi-meme' is checked

2023-11-23 09:54:20 - [TEST_STEP][PASSED] - break: null

2023-11-23 09:54:20 - [TEST_STEP][PASSED] - click(findTestObject("Object Repository/Page_Accueil_Usager/btn_JeContinue")): Object: 'Object Repository/Page_Accueil_Usager/btn_JeContinue' is clicked on

2023-11-23 09:54:20 - [MESSAGE][INFO] - Finding Test Object 'Object Repository/Page_Accueil_Usager/btn_JeContinue'

2023-11-23 09:54:21 - [MESSAGE][INFO] - Checking timeout

2023-11-23 09:54:21 - [MESSAGE][INFO] - Finding web element with id: 'Object Repository/Page_Accueil_Usager/btn_JeContinue' located by 'By.xpath: //*[@ng-reflect-label='Je continue']|/html/body/app-root/div/app-portal/main/app-triage-demandeur/div/div/div/form/div[2]/button/span' in '20' second(s)

2023-11-23 09:54:21 - [MESSAGE][INFO] - Smart Wait Function is triggered

2023-11-23 09:54:21 - [MESSAGE][INFO] - Found 1 web elements with id: 'Object Repository/Page_Accueil_Usager/btn_JeContinue' located by 'By.xpath: //*[@ng-reflect-label='Je continue']|/html/body/app-root/div/app-portal/main/app-triage-demandeur/div/div/div/form/div[2]/button/span' in '20' second(s)

2023-11-23 09:54:21 - [MESSAGE][INFO] - Checking object

2023-11-23 09:54:21 - [MESSAGE][INFO] - Checking timeout

2023-11-23 09:54:21 - [MESSAGE][INFO] - Finding web element from Test Object's properties

2023-11-23 09:54:21 - [MESSAGE][INFO] - Checking timeout

2023-11-23 09:54:21 - [MESSAGE][INFO] - Finding web element with id: 'Object Repository/Page_Accueil_Usager/btn_JeContinue' located by 'By.xpath: //*[@ng-reflect-label='Je continue']|/html/body/app-root/div/app-portal/main/app-triage-demandeur/div/div/div/form/div[2]/button/span' in '5' second(s)

2023-11-23 09:54:21 - [MESSAGE][INFO] - Smart Wait Function is triggered

2023-11-23 09:54:21 - [MESSAGE][INFO] - Found 1 web elements with id: 'Object Repository/Page_Accueil_Usager/btn_JeContinue' located by 'By.xpath: //*[@ng-reflect-label='Je continue']|/html/body/app-root/div/app-portal/main/app-triage-demandeur/div/div/div/form/div[2]/button/span' in '5' second(s)

2023-11-23 09:54:21 - [MESSAGE][INFO] - Clicking on object: 'Object Repository/Page_Accueil_Usager/btn_JeContinue'

2023-11-23 09:54:23 - [MESSAGE][PASSED] - Object: 'Object Repository/Page_Accueil_Usager/btn_JeContinue' is clicked on

2023-11-23 09:54:23 - [MESSAGE][PASSED] - Call Test Case 'Test Cases/Test Reutilisable/DemandeOuRenouvelle_TitreSejour/DemandeOuRenouvelleTitreSejour' successfully

2023-11-23 09:54:23 - [TEST_STEP][PASSED] - callTestCase(findTestCase("Test Reutilisable/DemandeOuRenouvelle_TitreSejour/FormulaireTypeDeTitreDeSejour"), ["TypeTitreDeSejour":TypeTitreDeSejour, "Titre":Titre], STOP_ON_FAILURE): Call Test Case 'Test Cases/Test Reutilisable/DemandeOuRenouvelle_TitreSejour/FormulaireTypeDeTitreDeSejour' successfully

2023-11-23 09:54:23 - [MESSAGE][INFO] - Checking called Test Case

2023-11-23 09:54:23 - [MESSAGE][INFO] - Starting to call Test Case 'Test Cases/Test Reutilisable/DemandeOuRenouvelle_TitreSejour/FormulaireTypeDeTitreDeSejour'

2023-11-23 09:54:23 - [TEST_CASE][PASSED] - Test Cases/Test Reutilisable/DemandeOuRenouvelle_TitreSejour/FormulaireTypeDeTitreDeSejour: Test Cases/Test Reutilisable/DemandeOuRenouvelle_TitreSejour/FormulaireTypeDeTitreDeSejour

2023-11-23 09:54:23 - [TEST_STEP][PASSED] - com.kazurayam.ksbackyard.HighlightElement.pandemic(): com.kazurayam.ksbackyard.HighlightElement.pandemic is PASSED

2023-11-23 09:54:23 - [MESSAGE][PASSED] - com.kazurayam.ksbackyard.HighlightElement.pandemic is PASSED

2023-11-23 09:54:23 - [TEST_STEP][PASSED] - delay(10): Delayed 10 second(s)

2023-11-23 09:54:23 - [MESSAGE][INFO] - Delaying browser in 10 second(s)

2023-11-23 09:54:33 - [MESSAGE][PASSED] - Delayed 10 second(s)

2023-11-23 09:54:33 - [TEST_STEP][PASSED] - switch (TypeTitreDeSejour): null

2023-11-23 09:54:33 - [TEST_STEP][PASSED] - case "ArtisteSalarie":: null

2023-11-23 09:54:33 - [TEST_STEP][PASSED] - if (Titre == "Visiteur" || Titre == "Etudiant"): Object: 'Object Repository/Page_DemarcheRenouvellement/Btn_JeContinue' is clicked on

2023-11-23 09:54:33 - [TEST_STEP][PASSED] - check(findTestObject("Object Repository/Page_DemarcheRenouvellement/CheckBox_SolliciteTS_PasseportTalent")): Object 'Object Repository/Page_DemarcheRenouvellement/CheckBox_SolliciteTS_PasseportTalent' is checked

2023-11-23 09:54:33 - [MESSAGE][INFO] - Finding Test Object 'Object Repository/Page_DemarcheRenouvellement/CheckBox_SolliciteTS_PasseportTalent'

2023-11-23 09:54:33 - [MESSAGE][INFO] - Checking object

2023-11-23 09:54:33 - [MESSAGE][INFO] - Finding web element from Test Object's properties

2023-11-23 09:54:33 - [MESSAGE][INFO] - Checking timeout

2023-11-23 09:54:33 - [MESSAGE][INFO] - Finding web element with id: 'Object Repository/Page_DemarcheRenouvellement/CheckBox_SolliciteTS_PasseportTalent' located by 'By.xpath: //*/div[3]/app-radio-tree-button/div/p-radiobutton/div/div[2]/span' in '5' second(s)

2023-11-23 09:54:33 - [MESSAGE][INFO] - Smart Wait Function is triggered

2023-11-23 09:54:34 - [MESSAGE][INFO] - Found 1 web elements with id: 'Object Repository/Page_DemarcheRenouvellement/CheckBox_SolliciteTS_PasseportTalent' located by 'By.xpath: //*/div[3]/app-radio-tree-button/div/p-radiobutton/div/div[2]/span' in '5' second(s)

2023-11-23 09:54:34 - [MESSAGE][INFO] - Checking on bject 'Object Repository/Page_DemarcheRenouvellement/CheckBox_SolliciteTS_PasseportTalent'

2023-11-23 09:54:36 - [MESSAGE][PASSED] - Object 'Object Repository/Page_DemarcheRenouvellement/CheckBox_SolliciteTS_PasseportTalent' is checked

2023-11-23 09:54:36 - [TEST_STEP][PASSED] - check(findTestObject("Object Repository/Page_DemarcheRenouvellement/CheckBox_SolliciteTS_Artiste")): Object 'Object Repository/Page_DemarcheRenouvellement/CheckBox_SolliciteTS_Artiste' is checked

2023-11-23 09:54:36 - [MESSAGE][INFO] - Finding Test Object 'Object Repository/Page_DemarcheRenouvellement/CheckBox_SolliciteTS_Artiste'

2023-11-23 09:54:36 - [MESSAGE][INFO] - Checking object

2023-11-23 09:54:36 - [MESSAGE][INFO] - Finding web element from Test Object's properties

2023-11-23 09:54:36 - [MESSAGE][INFO] - Checking timeout

2023-11-23 09:54:36 - [MESSAGE][INFO] - Finding web element with id: 'Object Repository/Page_DemarcheRenouvellement/CheckBox_SolliciteTS_Artiste' located by 'By.xpath: //div/form/div[1]/div[2]/fieldset/div[3]/app-radio-tree-button/div/div/div[4]/app-radio-tree-button/div/p-radiobutton/div/div[2]/span' in '5' second(s)

2023-11-23 09:54:36 - [MESSAGE][INFO] - Smart Wait Function is triggered

2023-11-23 09:54:36 - [MESSAGE][INFO] - Found 1 web elements with id: 'Object Repository/Page_DemarcheRenouvellement/CheckBox_SolliciteTS_Artiste' located by 'By.xpath: //div/form/div[1]/div[2]/fieldset/div[3]/app-radio-tree-button/div/div/div[4]/app-radio-tree-button/div/p-radiobutton/div/div[2]/span' in '5' second(s)

2023-11-23 09:54:36 - [MESSAGE][INFO] - Checking on bject 'Object Repository/Page_DemarcheRenouvellement/CheckBox_SolliciteTS_Artiste'

2023-11-23 09:54:38 - [MESSAGE][PASSED] - Object 'Object Repository/Page_DemarcheRenouvellement/CheckBox_SolliciteTS_Artiste' is checked

2023-11-23 09:54:38 - [TEST_STEP][PASSED] - click(findTestObject("Object Repository/Page_DemarcheRenouvellement/btn_JeCommence")): Object: 'Object Repository/Page_DemarcheRenouvellement/btn_JeCommence' is clicked on

2023-11-23 09:54:38 - [MESSAGE][INFO] - Finding Test Object 'Object Repository/Page_DemarcheRenouvellement/btn_JeCommence'

2023-11-23 09:54:38 - [MESSAGE][INFO] - Checking timeout

2023-11-23 09:54:38 - [MESSAGE][INFO] - Finding web element with id: 'Object Repository/Page_DemarcheRenouvellement/btn_JeCommence' located by 'By.xpath: //app-informations-declaration//app-actions-bar//button/span[contains(.,'Je continue')]|//app-informations-demande-ptsq//app-actions-bar//button/span[contains(.,'Je continue')]|//*/div[2]/button/span|//button[@type="submit" and contains(., 'Je commence')]|//button[@type="submit" and contains(., 'Je continue')]' in '20' second(s)

2023-11-23 09:54:38 - [MESSAGE][INFO] - Smart Wait Function is triggered

2023-11-23 09:54:38 - [MESSAGE][INFO] - Found 1 web elements with id: 'Object Repository/Page_DemarcheRenouvellement/btn_JeCommence' located by 'By.xpath: //app-informations-declaration//app-actions-bar//button/span[contains(.,'Je continue')]|//app-informations-demande-ptsq//app-actions-bar//button/span[contains(.,'Je continue')]|//*/div[2]/button/span|//button[@type="submit" and contains(., 'Je commence')]|//button[@type="submit" and contains(., 'Je continue')]' in '20' second(s)

2023-11-23 09:54:38 - [MESSAGE][INFO] - Checking object

2023-11-23 09:54:38 - [MESSAGE][INFO] - Checking timeout

2023-11-23 09:54:38 - [MESSAGE][INFO] - Finding web element from Test Object's properties

2023-11-23 09:54:38 - [MESSAGE][INFO] - Checking timeout

2023-11-23 09:54:38 - [MESSAGE][INFO] - Finding web element with id: 'Object Repository/Page_DemarcheRenouvellement/btn_JeCommence' located by 'By.xpath: //app-informations-declaration//app-actions-bar//button/span[contains(.,'Je continue')]|//app-informations-demande-ptsq//app-actions-bar//button/span[contains(.,'Je continue')]|//*/div[2]/button/span|//button[@type="submit" and contains(., 'Je commence')]|//button[@type="submit" and contains(., 'Je continue')]' in '5' second(s)

2023-11-23 09:54:38 - [MESSAGE][INFO] - Smart Wait Function is triggered

2023-11-23 09:54:38 - [MESSAGE][INFO] - Found 1 web elements with id: 'Object Repository/Page_DemarcheRenouvellement/btn_JeCommence' located by 'By.xpath: //app-informations-declaration//app-actions-bar//button/span[contains(.,'Je continue')]|//app-informations-demande-ptsq//app-actions-bar//button/span[contains(.,'Je continue')]|//*/div[2]/button/span|//button[@type="submit" and contains(., 'Je commence')]|//button[@type="submit" and contains(., 'Je continue')]' in '5' second(s)

2023-11-23 09:54:38 - [MESSAGE][INFO] - Clicking on object: 'Object Repository/Page_DemarcheRenouvellement/btn_JeCommence'

2023-11-23 09:54:40 - [MESSAGE][PASSED] - Object: 'Object Repository/Page_DemarcheRenouvellement/btn_JeCommence' is clicked on

2023-11-23 09:54:40 - [TEST_STEP][PASSED] - delay(2): Delayed 2 second(s)

2023-11-23 09:54:40 - [MESSAGE][INFO] - Delaying browser in 2 second(s)

2023-11-23 09:54:42 - [MESSAGE][PASSED] - Delayed 2 second(s)

2023-11-23 09:54:42 - [TEST_STEP][PASSED] - click(findTestObject("Object Repository/Page_DemarcheRenouvellement/Btn_JeContinue")): Object: 'Object Repository/Page_DemarcheRenouvellement/Btn_JeContinue' is clicked on

2023-11-23 09:54:42 - [MESSAGE][INFO] - Finding Test Object 'Object Repository/Page_DemarcheRenouvellement/Btn_JeContinue'

2023-11-23 09:54:42 - [MESSAGE][INFO] - Checking timeout

2023-11-23 09:54:42 - [MESSAGE][INFO] - Finding web element with id: 'Object Repository/Page_DemarcheRenouvellement/Btn_JeContinue' located by 'By.xpath: //button[@type="submit" and contains(., 'Je commence')]|//span[@class="ui-button-text ui-clickable" and contains(., 'Je continue')]|//app-informations-declaration//app-actions-bar//button/span[contains(.,'Je continue')]|//app-informations-demande-ptsq//app-actions-bar//button/span[contains(.,'Je continue')]|//*/div[2]/button/span' in '20' second(s)

2023-11-23 09:54:42 - [MESSAGE][INFO] - Smart Wait Function is triggered

2023-11-23 09:54:42 - [MESSAGE][INFO] - Found 1 web elements with id: 'Object Repository/Page_DemarcheRenouvellement/Btn_JeContinue' located by 'By.xpath: //button[@type="submit" and contains(., 'Je commence')]|//span[@class="ui-button-text ui-clickable" and contains(., 'Je continue')]|//app-informations-declaration//app-actions-bar//button/span[contains(.,'Je continue')]|//app-informations-demande-ptsq//app-actions-bar//button/span[contains(.,'Je continue')]|//*/div[2]/button/span' in '20' second(s)

2023-11-23 09:54:42 - [MESSAGE][INFO] - Checking object

2023-11-23 09:54:42 - [MESSAGE][INFO] - Checking timeout

2023-11-23 09:54:42 - [MESSAGE][INFO] - Finding web element from Test Object's properties

2023-11-23 09:54:42 - [MESSAGE][INFO] - Checking timeout

2023-11-23 09:54:42 - [MESSAGE][INFO] - Finding web element with id: 'Object Repository/Page_DemarcheRenouvellement/Btn_JeContinue' located by 'By.xpath: //button[@type="submit" and contains(., 'Je commence')]|//span[@class="ui-button-text ui-clickable" and contains(., 'Je continue')]|//app-informations-declaration//app-actions-bar//button/span[contains(.,'Je continue')]|//app-informations-demande-ptsq//app-actions-bar//button/span[contains(.,'Je continue')]|//*/div[2]/button/span' in '5' second(s)

2023-11-23 09:54:42 - [MESSAGE][INFO] - Smart Wait Function is triggered

2023-11-23 09:54:42 - [MESSAGE][INFO] - Found 1 web elements with id: 'Object Repository/Page_DemarcheRenouvellement/Btn_JeContinue' located by 'By.xpath: //button[@type="submit" and contains(., 'Je commence')]|//span[@class="ui-button-text ui-clickable" and contains(., 'Je continue')]|//app-informations-declaration//app-actions-bar//button/span[contains(.,'Je continue')]|//app-informations-demande-ptsq//app-actions-bar//button/span[contains(.,'Je continue')]|//*/div[2]/button/span' in '5' second(s)

2023-11-23 09:54:42 - [MESSAGE][INFO] - Clicking on object: 'Object Repository/Page_DemarcheRenouvellement/Btn_JeContinue'

2023-11-23 09:54:44 - [MESSAGE][PASSED] - Object: 'Object Repository/Page_DemarcheRenouvellement/Btn_JeContinue' is clicked on

2023-11-23 09:54:44 - [TEST_STEP][PASSED] - break: null

2023-11-23 09:54:44 - [TEST_STEP][PASSED] - "VÃ©rification s il y a un message Erreur : Il est trop tÃ´t pour demander le renouvellement de votre titre.": null

2023-11-23 09:54:44 - [TEST_STEP][PASSED] - MsgAlertPresent = verifyElementPresent(findTestObject("Object Repository/Page_Accueil_Usager/Verif_PopUpTropTotPourDemanderLeRenouvellementDeVotreTitre"), 1, OPTIONAL): com.kms.katalon.core.webui.exception.WebElementNotFoundException: Web element with id: 'Object Repository/Page_Accueil_Usager/Verif_PopUpTropTotPourDemanderLeRenouvellementDeVotreTitre' located by '/html/body/app-root/div/app-portal/main/app-theme-v2/div/app-triage/div/div/div/form/div[2]/div/p-message/div/span[2]' not found (Root cause: com.kms.katalon.core.exception.StepFailedException: com.kms.katalon.core.webui.exception.WebElementNotFoundException: Web element with id: 'Object Repository/Page_Accueil_Usager/Verif_PopUpTropTotPourDemanderLeRenouvellementDeVotreTitre' located by '/html/body/app-root/div/app-portal/main/app-theme-v2/div/app-triage/div/div/div/form/div[2]/div/p-message/div/span[2]' not found
	at com.kms.katalon.core.webui.keyword.internal.WebUIKeywordMain.stepFailed(WebUIKeywordMain.groovy:64)
	at com.kms.katalon.core.webui.keyword.builtin.VerifyElementPresentKeyword$_verifyElementPresent_closure1.doCall(VerifyElementPresentKeyword.groovy:85)
	at com.kms.katalon.core.webui.keyword.builtin.VerifyElementPresentKeyword$_verifyElementPresent_closure1.call(VerifyElementPresentKeyword.groovy)
	at com.kms.katalon.core.webui.keyword.internal.WebUIKeywordMain.runKeyword(WebUIKeywordMain.groovy:20)
	at com.kms.katalon.core.webui.keyword.builtin.VerifyElementPresentKeyword.verifyElementPresent(VerifyElementPresentKeyword.groovy:92)
	at com.kms.katalon.core.webui.keyword.builtin.VerifyElementPresentKeyword.execute(VerifyElementPresentKeyword.groovy:68)
	at com.kms.katalon.core.keyword.internal.KeywordExecutor.executeKeywordForPlatform(KeywordExecutor.groovy:74)
	at com.kms.katalon.core.webui.keyword.WebUiBuiltInKeywords.verifyElementPresent(WebUiBuiltInKeywords.groovy:1448)
	at com.kazurayam.ksbackyard.HighlightElement$_pandemic_closure1.doCall(HighlightElement.groovy:105)
	at FormulaireTypeDeTitreDeSejour.run(FormulaireTypeDeTitreDeSejour:290)
	at com.kms.katalon.core.main.ScriptEngine.run(ScriptEngine.java:194)
	at com.kms.katalon.core.main.ScriptEngine.runScriptAsRawText(ScriptEngine.java:119)
	at com.kms.katalon.core.main.TestCaseExecutor.runScript(TestCaseExecutor.java:448)
	at com.kms.katalon.core.main.TestCaseExecutor.doExecute(TestCaseExecutor.java:439)
	at com.kms.katalon.core.main.TestCaseExecutor.processExecutionPhase(TestCaseExecutor.java:418)
	at com.kms.katalon.core.main.TestCaseExecutor.accessMainPhase(TestCaseExecutor.java:410)
	at com.kms.katalon.core.main.TestCaseExecutor.execute(TestCaseExecutor.java:285)
	at com.kms.katalon.core.main.TestCaseMain.runTestCase(TestCaseMain.java:144)
	at com.kms.katalon.core.keyword.builtin.CallTestCaseKeyword$_callTestCase_closure1.doCall(CallTestCaseKeyword.groovy:59)
	at com.kms.katalon.core.keyword.builtin.CallTestCaseKeyword$_callTestCase_closure1.call(CallTestCaseKeyword.groovy)
	at com.kms.katalon.core.keyword.internal.KeywordMain.runKeyword(KeywordMain.groovy:75)
	at com.kms.katalon.core.keyword.builtin.CallTestCaseKeyword.callTestCase(CallTestCaseKeyword.groovy:81)
	at com.kms.katalon.core.keyword.builtin.CallTestCaseKeyword.execute(CallTestCaseKeyword.groovy:44)
	at com.kms.katalon.core.keyword.internal.KeywordExecutor.executeKeywordForPlatform(KeywordExecutor.groovy:74)
	at com.kms.katalon.core.keyword.BuiltinKeywords.callTestCase(BuiltinKeywords.groovy:310)
	at com.kazurayam.ksbackyard.HighlightElement$_pandemic_closure1.doCall(HighlightElement.groovy:105)
	at TNR R.TSPT Supp90-Etudiant.run(TNR R.TSPT Supp90-Etudiant:43)
	at com.kms.katalon.core.main.ScriptEngine.run(ScriptEngine.java:194)
	at com.kms.katalon.core.main.ScriptEngine.runScriptAsRawText(ScriptEngine.java:119)
	at com.kms.katalon.core.main.TestCaseExecutor.runScript(TestCaseExecutor.java:448)
	at com.kms.katalon.core.main.TestCaseExecutor.doExecute(TestCaseExecutor.java:439)
	at com.kms.katalon.core.main.TestCaseExecutor.processExecutionPhase(TestCaseExecutor.java:418)
	at com.kms.katalon.core.main.TestCaseExecutor.accessMainPhase(TestCaseExecutor.java:410)
	at com.kms.katalon.core.main.TestCaseExecutor.execute(TestCaseExecutor.java:285)
	at com.kms.katalon.core.common.CommonExecutor.accessTestCaseMainPhase(CommonExecutor.java:65)
	at com.kms.katalon.core.main.TestSuiteExecutor.accessTestSuiteMainPhase(TestSuiteExecutor.java:148)
	at com.kms.katalon.core.main.TestSuiteExecutor.execute(TestSuiteExecutor.java:106)
	at com.kms.katalon.core.main.TestCaseMain.startTestSuite(TestCaseMain.java:187)
	at com.kms.katalon.core.main.TestCaseMain$startTestSuite$0.call(Unknown Source)
	at TempTestSuite1700729418079.run(TempTestSuite1700729418079.groovy:36)
)

2023-11-23 09:54:44 - [MESSAGE][INFO] - Finding Test Object 'Object Repository/Page_Accueil_Usager/Verif_PopUpTropTotPourDemanderLeRenouvellementDeVotreTitre'

2023-11-23 09:54:44 - [MESSAGE][INFO] - Checking object

2023-11-23 09:54:44 - [MESSAGE][INFO] - Finding web element from Test Object's properties

2023-11-23 09:54:44 - [MESSAGE][INFO] - Checking timeout

2023-11-23 09:54:44 - [MESSAGE][INFO] - Finding web element with id: 'Object Repository/Page_Accueil_Usager/Verif_PopUpTropTotPourDemanderLeRenouvellementDeVotreTitre' located by 'By.xpath: /html/body/app-root/div/app-portal/main/app-theme-v2/div/app-triage/div/div/div/form/div[2]/div/p-message/div/span[2]' in '1' second(s)

2023-11-23 09:54:44 - [MESSAGE][INFO] - Smart Wait Function is triggered

2023-11-23 09:54:45 - [MESSAGE][INFO] - Smart Wait Function is triggered

2023-11-23 09:54:45 - [MESSAGE][INFO] - Smart Wait Function is triggered

2023-11-23 09:54:45 - [MESSAGE][INFO] - Smart Wait Function is triggered

2023-11-23 09:54:45 - [MESSAGE][INFO] - Smart Wait Function is triggered

2023-11-23 09:54:45 - [MESSAGE][INFO] - Smart Wait Function is triggered

2023-11-23 09:54:45 - [MESSAGE][INFO] - Smart Wait Function is triggered

2023-11-23 09:54:45 - [MESSAGE][INFO] - Smart Wait Function is triggered

2023-11-23 09:54:45 - [MESSAGE][INFO] - Smart Wait Function is triggered

2023-11-23 09:54:45 - [MESSAGE][INFO] - Smart Wait Function is triggered

2023-11-23 09:54:45 - [MESSAGE][INFO] - Smart Wait Function is triggered

2023-11-23 09:54:45 - [MESSAGE][INFO] - Smart Wait Function is triggered

2023-11-23 09:54:45 - [MESSAGE][INFO] - Smart Wait Function is triggered

2023-11-23 09:54:45 - [MESSAGE][INFO] - Smart Wait Function is triggered

2023-11-23 09:54:45 - [MESSAGE][INFO] - Smart Wait Function is triggered

2023-11-23 09:54:45 - [MESSAGE][INFO] - Smart Wait Function is triggered

2023-11-23 09:54:45 - [MESSAGE][INFO] - Smart Wait Function is triggered

2023-11-23 09:54:45 - [MESSAGE][INFO] - Smart Wait Function is triggered

2023-11-23 09:54:45 - [MESSAGE][INFO] - Smart Wait Function is triggered

2023-11-23 09:54:45 - [MESSAGE][INFO] - Smart Wait Function is triggered

2023-11-23 09:54:45 - [MESSAGE][INFO] - Smart Wait Function is triggered

2023-11-23 09:54:45 - [MESSAGE][INFO] - Smart Wait Function is triggered

2023-11-23 09:54:45 - [MESSAGE][INFO] - Smart Wait Function is triggered

2023-11-23 09:54:46 - [MESSAGE][INFO] - Smart Wait Function is triggered

2023-11-23 09:54:46 - [MESSAGE][INFO] - Smart Wait Function is triggered

2023-11-23 09:54:46 - [MESSAGE][INFO] - Smart Wait Function is triggered

2023-11-23 09:54:46 - [MESSAGE][INFO] - Smart Wait Function is triggered

2023-11-23 09:54:46 - [MESSAGE][INFO] - Smart Wait Function is triggered

2023-11-23 09:54:46 - [MESSAGE][INFO] - Smart Wait Function is triggered

2023-11-23 09:54:46 - [MESSAGE][INFO] - Smart Wait Function is triggered

2023-11-23 09:54:46 - [MESSAGE][INFO] - Smart Wait Function is triggered

2023-11-23 09:54:46 - [MESSAGE][INFO] - Smart Wait Function is triggered

2023-11-23 09:54:46 - [MESSAGE][INFO] - Smart Wait Function is triggered

2023-11-23 09:54:46 - [MESSAGE][INFO] - Smart Wait Function is triggered

2023-11-23 09:54:46 - [MESSAGE][INFO] - Smart Wait Function is triggered

2023-11-23 09:54:46 - [MESSAGE][INFO] - Smart Wait Function is triggered

2023-11-23 09:54:46 - [MESSAGE][INFO] - Smart Wait Function is triggered

2023-11-23 09:54:46 - [MESSAGE][INFO] - Smart Wait Function is triggered

2023-11-23 09:54:46 - [MESSAGE][INFO] - Smart Wait Function is triggered

2023-11-23 09:54:46 - [MESSAGE][INFO] - Smart Wait Function is triggered

2023-11-23 09:54:46 - [MESSAGE][INFO] - Smart Wait Function is triggered

2023-11-23 09:54:46 - [MESSAGE][INFO] - Smart Wait Function is triggered

2023-11-23 09:54:46 - [MESSAGE][INFO] - Smart Wait Function is triggered

2023-11-23 09:54:46 - [MESSAGE][INFO] - Smart Wait Function is triggered

2023-11-23 09:54:46 - [MESSAGE][INFO] - Smart Wait Function is triggered

2023-11-23 09:54:46 - [MESSAGE][INFO] - Smart Wait Function is triggered

2023-11-23 09:54:46 - [MESSAGE][INFO] - Smart Wait Function is triggered

2023-11-23 09:54:46 - [MESSAGE][INFO] - Smart Wait Function is triggered

2023-11-23 09:54:46 - [MESSAGE][INFO] - Smart Wait Function is triggered

2023-11-23 09:54:46 - [MESSAGE][INFO] - Smart Wait Function is triggered

2023-11-23 09:54:46 - [MESSAGE][INFO] - Smart Wait Function is triggered

2023-11-23 09:54:46 - [MESSAGE][INFO] - Smart Wait Function is triggered

2023-11-23 09:54:46 - [MESSAGE][INFO] - Smart Wait Function is triggered

2023-11-23 09:54:46 - [MESSAGE][INFO] - Unable to find the element located by 'By.xpath: /html/body/app-root/div/app-portal/main/app-theme-v2/div/app-triage/div/div/div/form/div[2]/div/p-message/div/span[2]'. Please recheck the objects properties to make sure the desired element is located. 

2023-11-23 09:54:47 - [MESSAGE][WARNING] - com.kms.katalon.core.webui.exception.WebElementNotFoundException: Web element with id: 'Object Repository/Page_Accueil_Usager/Verif_PopUpTropTotPourDemanderLeRenouvellementDeVotreTitre' located by '/html/body/app-root/div/app-portal/main/app-theme-v2/div/app-triage/div/div/div/form/div[2]/div/p-message/div/span[2]' not found (Root cause: com.kms.katalon.core.exception.StepFailedException: com.kms.katalon.core.webui.exception.WebElementNotFoundException: Web element with id: 'Object Repository/Page_Accueil_Usager/Verif_PopUpTropTotPourDemanderLeRenouvellementDeVotreTitre' located by '/html/body/app-root/div/app-portal/main/app-theme-v2/div/app-triage/div/div/div/form/div[2]/div/p-message/div/span[2]' not found
	at com.kms.katalon.core.webui.keyword.internal.WebUIKeywordMain.stepFailed(WebUIKeywordMain.groovy:64)
	at com.kms.katalon.core.webui.keyword.builtin.VerifyElementPresentKeyword$_verifyElementPresent_closure1.doCall(VerifyElementPresentKeyword.groovy:85)
	at com.kms.katalon.core.webui.keyword.builtin.VerifyElementPresentKeyword$_verifyElementPresent_closure1.call(VerifyElementPresentKeyword.groovy)
	at com.kms.katalon.core.webui.keyword.internal.WebUIKeywordMain.runKeyword(WebUIKeywordMain.groovy:20)
	at com.kms.katalon.core.webui.keyword.builtin.VerifyElementPresentKeyword.verifyElementPresent(VerifyElementPresentKeyword.groovy:92)
	at com.kms.katalon.core.webui.keyword.builtin.VerifyElementPresentKeyword.execute(VerifyElementPresentKeyword.groovy:68)
	at com.kms.katalon.core.keyword.internal.KeywordExecutor.executeKeywordForPlatform(KeywordExecutor.groovy:74)
	at com.kms.katalon.core.webui.keyword.WebUiBuiltInKeywords.verifyElementPresent(WebUiBuiltInKeywords.groovy:1448)
	at com.kazurayam.ksbackyard.HighlightElement$_pandemic_closure1.doCall(HighlightElement.groovy:105)
	at FormulaireTypeDeTitreDeSejour.run(FormulaireTypeDeTitreDeSejour:290)
	at com.kms.katalon.core.main.ScriptEngine.run(ScriptEngine.java:194)
	at com.kms.katalon.core.main.ScriptEngine.runScriptAsRawText(ScriptEngine.java:119)
	at com.kms.katalon.core.main.TestCaseExecutor.runScript(TestCaseExecutor.java:448)
	at com.kms.katalon.core.main.TestCaseExecutor.doExecute(TestCaseExecutor.java:439)
	at com.kms.katalon.core.main.TestCaseExecutor.processExecutionPhase(TestCaseExecutor.java:418)
	at com.kms.katalon.core.main.TestCaseExecutor.accessMainPhase(TestCaseExecutor.java:410)
	at com.kms.katalon.core.main.TestCaseExecutor.execute(TestCaseExecutor.java:285)
	at com.kms.katalon.core.main.TestCaseMain.runTestCase(TestCaseMain.java:144)
	at com.kms.katalon.core.keyword.builtin.CallTestCaseKeyword$_callTestCase_closure1.doCall(CallTestCaseKeyword.groovy:59)
	at com.kms.katalon.core.keyword.builtin.CallTestCaseKeyword$_callTestCase_closure1.call(CallTestCaseKeyword.groovy)
	at com.kms.katalon.core.keyword.internal.KeywordMain.runKeyword(KeywordMain.groovy:75)
	at com.kms.katalon.core.keyword.builtin.CallTestCaseKeyword.callTestCase(CallTestCaseKeyword.groovy:81)
	at com.kms.katalon.core.keyword.builtin.CallTestCaseKeyword.execute(CallTestCaseKeyword.groovy:44)
	at com.kms.katalon.core.keyword.internal.KeywordExecutor.executeKeywordForPlatform(KeywordExecutor.groovy:74)
	at com.kms.katalon.core.keyword.BuiltinKeywords.callTestCase(BuiltinKeywords.groovy:310)
	at com.kazurayam.ksbackyard.HighlightElement$_pandemic_closure1.doCall(HighlightElement.groovy:105)
	at TNR R.TSPT Supp90-Etudiant.run(TNR R.TSPT Supp90-Etudiant:43)
	at com.kms.katalon.core.main.ScriptEngine.run(ScriptEngine.java:194)
	at com.kms.katalon.core.main.ScriptEngine.runScriptAsRawText(ScriptEngine.java:119)
	at com.kms.katalon.core.main.TestCaseExecutor.runScript(TestCaseExecutor.java:448)
	at com.kms.katalon.core.main.TestCaseExecutor.doExecute(TestCaseExecutor.java:439)
	at com.kms.katalon.core.main.TestCaseExecutor.processExecutionPhase(TestCaseExecutor.java:418)
	at com.kms.katalon.core.main.TestCaseExecutor.accessMainPhase(TestCaseExecutor.java:410)
	at com.kms.katalon.core.main.TestCaseExecutor.execute(TestCaseExecutor.java:285)
	at com.kms.katalon.core.common.CommonExecutor.accessTestCaseMainPhase(CommonExecutor.java:65)
	at com.kms.katalon.core.main.TestSuiteExecutor.accessTestSuiteMainPhase(TestSuiteExecutor.java:148)
	at com.kms.katalon.core.main.TestSuiteExecutor.execute(TestSuiteExecutor.java:106)
	at com.kms.katalon.core.main.TestCaseMain.startTestSuite(TestCaseMain.java:187)
	at com.kms.katalon.core.main.TestCaseMain$startTestSuite$0.call(Unknown Source)
	at TempTestSuite1700729418079.run(TempTestSuite1700729418079.groovy:36)
)
[[ATTACHMENT|C:\\Users\\hhizaoui\\.git\\NewProject29092023\\Nouveau dossier1\\21_11\\ANEF-AutomatizationProject\\Reports\\20231123_095018\\TS_TNR_R.TSPT_Suppo90\\20231123_095018\\1700729686983.png]]

2023-11-23 09:54:47 - [TEST_STEP][PASSED] - if (MsgAlertPresent): null

2023-11-23 09:54:47 - [TEST_STEP][PASSED] - else:  C'est le bon Moment pour demander le renouvellement de votre titre.

2023-11-23 09:54:47 - [TEST_STEP][PASSED] - markPassed(" C'est le bon Moment pour demander le renouvellement de votre titre."):  C'est le bon Moment pour demander le renouvellement de votre titre.

2023-11-23 09:54:47 - [MESSAGE][PASSED] -  C'est le bon Moment pour demander le renouvellement de votre titre.

2023-11-23 09:54:47 - [MESSAGE][PASSED] - Call Test Case 'Test Cases/Test Reutilisable/DemandeOuRenouvelle_TitreSejour/FormulaireTypeDeTitreDeSejour' successfully

2023-11-23 09:54:47 - [TEST_STEP][PASSED] - callTestCase(findTestCase("Test Reutilisable/DemandeOuRenouvelle_TitreSejour/FormulaireInformationsPersonnelles"), ["AdresseUsager":AdresseUsager, "NumeroTelephoneUsager":NumeroTelephoneUsager], STOP_ON_FAILURE): Call Test Case 'Test Cases/Test Reutilisable/DemandeOuRenouvelle_TitreSejour/FormulaireInformationsPersonnelles' successfully

2023-11-23 09:54:47 - [MESSAGE][INFO] - Checking called Test Case

2023-11-23 09:54:47 - [MESSAGE][INFO] - Starting to call Test Case 'Test Cases/Test Reutilisable/DemandeOuRenouvelle_TitreSejour/FormulaireInformationsPersonnelles'

2023-11-23 09:54:47 - [TEST_CASE][PASSED] - Test Cases/Test Reutilisable/DemandeOuRenouvelle_TitreSejour/FormulaireInformationsPersonnelles: Test Cases/Test Reutilisable/DemandeOuRenouvelle_TitreSejour/FormulaireInformationsPersonnelles

2023-11-23 09:54:49 - [TEST_STEP][PASSED] - com.kazurayam.ksbackyard.HighlightElement.pandemic(): com.kazurayam.ksbackyard.HighlightElement.pandemic is PASSED

2023-11-23 09:54:49 - [MESSAGE][PASSED] - com.kazurayam.ksbackyard.HighlightElement.pandemic is PASSED

2023-11-23 09:54:49 - [TEST_STEP][PASSED] - if (verifyElementPresent(findTestObject("Object Repository/Page_InformationPersonnelles_Usager/CheckBox_liensPersonnelsFamiliaux_1_Non"), 1, OPTIONAL)): com.kms.katalon.core.webui.exception.WebElementNotFoundException: Web element with id: 'Object Repository/Page_InformationPersonnelles_Usager/CheckBox_liensPersonnelsFamiliaux_1_Non' located by '//*[@id="ui-accordiontab-1-content"]/div/div/div[1]/div/anef-input-radio/div/div/fieldset/div/div[2]/p-radiobutton/div/div[2]/span' not found (Root cause: com.kms.katalon.core.exception.StepFailedException: com.kms.katalon.core.webui.exception.WebElementNotFoundException: Web element with id: 'Object Repository/Page_InformationPersonnelles_Usager/CheckBox_liensPersonnelsFamiliaux_1_Non' located by '//*[@id="ui-accordiontab-1-content"]/div/div/div[1]/div/anef-input-radio/div/div/fieldset/div/div[2]/p-radiobutton/div/div[2]/span' not found
	at com.kms.katalon.core.webui.keyword.internal.WebUIKeywordMain.stepFailed(WebUIKeywordMain.groovy:64)
	at com.kms.katalon.core.webui.keyword.builtin.VerifyElementPresentKeyword$_verifyElementPresent_closure1.doCall(VerifyElementPresentKeyword.groovy:85)
	at com.kms.katalon.core.webui.keyword.builtin.VerifyElementPresentKeyword$_verifyElementPresent_closure1.call(VerifyElementPresentKeyword.groovy)
	at com.kms.katalon.core.webui.keyword.internal.WebUIKeywordMain.runKeyword(WebUIKeywordMain.groovy:20)
	at com.kms.katalon.core.webui.keyword.builtin.VerifyElementPresentKeyword.verifyElementPresent(VerifyElementPresentKeyword.groovy:92)
	at com.kms.katalon.core.webui.keyword.builtin.VerifyElementPresentKeyword.execute(VerifyElementPresentKeyword.groovy:68)
	at com.kms.katalon.core.keyword.internal.KeywordExecutor.executeKeywordForPlatform(KeywordExecutor.groovy:74)
	at com.kms.katalon.core.webui.keyword.WebUiBuiltInKeywords.verifyElementPresent(WebUiBuiltInKeywords.groovy:1448)
	at com.kazurayam.ksbackyard.HighlightElement$_pandemic_closure1.doCall(HighlightElement.groovy:105)
	at FormulaireInformationsPersonnelles.run(FormulaireInformationsPersonnelles:28)
	at com.kms.katalon.core.main.ScriptEngine.run(ScriptEngine.java:194)
	at com.kms.katalon.core.main.ScriptEngine.runScriptAsRawText(ScriptEngine.java:119)
	at com.kms.katalon.core.main.TestCaseExecutor.runScript(TestCaseExecutor.java:448)
	at com.kms.katalon.core.main.TestCaseExecutor.doExecute(TestCaseExecutor.java:439)
	at com.kms.katalon.core.main.TestCaseExecutor.processExecutionPhase(TestCaseExecutor.java:418)
	at com.kms.katalon.core.main.TestCaseExecutor.accessMainPhase(TestCaseExecutor.java:410)
	at com.kms.katalon.core.main.TestCaseExecutor.execute(TestCaseExecutor.java:285)
	at com.kms.katalon.core.main.TestCaseMain.runTestCase(TestCaseMain.java:144)
	at com.kms.katalon.core.keyword.builtin.CallTestCaseKeyword$_callTestCase_closure1.doCall(CallTestCaseKeyword.groovy:59)
	at com.kms.katalon.core.keyword.builtin.CallTestCaseKeyword$_callTestCase_closure1.call(CallTestCaseKeyword.groovy)
	at com.kms.katalon.core.keyword.internal.KeywordMain.runKeyword(KeywordMain.groovy:75)
	at com.kms.katalon.core.keyword.builtin.CallTestCaseKeyword.callTestCase(CallTestCaseKeyword.groovy:81)
	at com.kms.katalon.core.keyword.builtin.CallTestCaseKeyword.execute(CallTestCaseKeyword.groovy:44)
	at com.kms.katalon.core.keyword.internal.KeywordExecutor.executeKeywordForPlatform(KeywordExecutor.groovy:74)
	at com.kms.katalon.core.keyword.BuiltinKeywords.callTestCase(BuiltinKeywords.groovy:310)
	at com.kazurayam.ksbackyard.HighlightElement$_pandemic_closure1.doCall(HighlightElement.groovy:105)
	at TNR R.TSPT Supp90-Etudiant.run(TNR R.TSPT Supp90-Etudiant:47)
	at com.kms.katalon.core.main.ScriptEngine.run(ScriptEngine.java:194)
	at com.kms.katalon.core.main.ScriptEngine.runScriptAsRawText(ScriptEngine.java:119)
	at com.kms.katalon.core.main.TestCaseExecutor.runScript(TestCaseExecutor.java:448)
	at com.kms.katalon.core.main.TestCaseExecutor.doExecute(TestCaseExecutor.java:439)
	at com.kms.katalon.core.main.TestCaseExecutor.processExecutionPhase(TestCaseExecutor.java:418)
	at com.kms.katalon.core.main.TestCaseExecutor.accessMainPhase(TestCaseExecutor.java:410)
	at com.kms.katalon.core.main.TestCaseExecutor.execute(TestCaseExecutor.java:285)
	at com.kms.katalon.core.common.CommonExecutor.accessTestCaseMainPhase(CommonExecutor.java:65)
	at com.kms.katalon.core.main.TestSuiteExecutor.accessTestSuiteMainPhase(TestSuiteExecutor.java:148)
	at com.kms.katalon.core.main.TestSuiteExecutor.execute(TestSuiteExecutor.java:106)
	at com.kms.katalon.core.main.TestCaseMain.startTestSuite(TestCaseMain.java:187)
	at com.kms.katalon.core.main.TestCaseMain$startTestSuite$0.call(Unknown Source)
	at TempTestSuite1700729418079.run(TempTestSuite1700729418079.groovy:36)
)

2023-11-23 09:54:49 - [MESSAGE][INFO] - Finding Test Object 'Object Repository/Page_InformationPersonnelles_Usager/CheckBox_liensPersonnelsFamiliaux_1_Non'

2023-11-23 09:54:49 - [MESSAGE][INFO] - Checking object

2023-11-23 09:54:49 - [MESSAGE][INFO] - Finding web element from Test Object's properties

2023-11-23 09:54:49 - [MESSAGE][INFO] - Checking timeout

2023-11-23 09:54:49 - [MESSAGE][INFO] - Finding web element with id: 'Object Repository/Page_InformationPersonnelles_Usager/CheckBox_liensPersonnelsFamiliaux_1_Non' located by 'By.xpath: //*[@id="ui-accordiontab-1-content"]/div/div/div[1]/div/anef-input-radio/div/div/fieldset/div/div[2]/p-radiobutton/div/div[2]/span' in '1' second(s)

2023-11-23 09:54:49 - [MESSAGE][INFO] - Smart Wait Function is triggered

2023-11-23 09:54:49 - [MESSAGE][INFO] - Smart Wait Function is triggered

2023-11-23 09:54:49 - [MESSAGE][INFO] - Smart Wait Function is triggered

2023-11-23 09:54:49 - [MESSAGE][INFO] - Smart Wait Function is triggered

2023-11-23 09:54:49 - [MESSAGE][INFO] - Smart Wait Function is triggered

2023-11-23 09:54:49 - [MESSAGE][INFO] - Smart Wait Function is triggered

2023-11-23 09:54:49 - [MESSAGE][INFO] - Smart Wait Function is triggered

2023-11-23 09:54:49 - [MESSAGE][INFO] - Smart Wait Function is triggered

2023-11-23 09:54:49 - [MESSAGE][INFO] - Smart Wait Function is triggered

2023-11-23 09:54:49 - [MESSAGE][INFO] - Smart Wait Function is triggered

2023-11-23 09:54:49 - [MESSAGE][INFO] - Smart Wait Function is triggered

2023-11-23 09:54:49 - [MESSAGE][INFO] - Smart Wait Function is triggered

2023-11-23 09:54:49 - [MESSAGE][INFO] - Smart Wait Function is triggered

2023-11-23 09:54:49 - [MESSAGE][INFO] - Smart Wait Function is triggered

2023-11-23 09:54:49 - [MESSAGE][INFO] - Smart Wait Function is triggered

2023-11-23 09:54:49 - [MESSAGE][INFO] - Smart Wait Function is triggered

2023-11-23 09:54:49 - [MESSAGE][INFO] - Smart Wait Function is triggered

2023-11-23 09:54:49 - [MESSAGE][INFO] - Smart Wait Function is triggered

2023-11-23 09:54:49 - [MESSAGE][INFO] - Smart Wait Function is triggered

2023-11-23 09:54:49 - [MESSAGE][INFO] - Smart Wait Function is triggered

2023-11-23 09:54:49 - [MESSAGE][INFO] - Smart Wait Function is triggered

2023-11-23 09:54:49 - [MESSAGE][INFO] - Smart Wait Function is triggered

2023-11-23 09:54:50 - [MESSAGE][INFO] - Smart Wait Function is triggered

2023-11-23 09:54:50 - [MESSAGE][INFO] - Smart Wait Function is triggered

2023-11-23 09:54:50 - [MESSAGE][INFO] - Smart Wait Function is triggered

2023-11-23 09:54:50 - [MESSAGE][INFO] - Smart Wait Function is triggered

2023-11-23 09:54:50 - [MESSAGE][INFO] - Smart Wait Function is triggered

2023-11-23 09:54:50 - [MESSAGE][INFO] - Smart Wait Function is triggered

2023-11-23 09:54:50 - [MESSAGE][INFO] - Smart Wait Function is triggered

2023-11-23 09:54:50 - [MESSAGE][INFO] - Smart Wait Function is triggered

2023-11-23 09:54:50 - [MESSAGE][INFO] - Smart Wait Function is triggered

2023-11-23 09:54:50 - [MESSAGE][INFO] - Smart Wait Function is triggered

2023-11-23 09:54:50 - [MESSAGE][INFO] - Smart Wait Function is triggered

2023-11-23 09:54:50 - [MESSAGE][INFO] - Smart Wait Function is triggered

2023-11-23 09:54:50 - [MESSAGE][INFO] - Smart Wait Function is triggered

2023-11-23 09:54:50 - [MESSAGE][INFO] - Smart Wait Function is triggered

2023-11-23 09:54:50 - [MESSAGE][INFO] - Smart Wait Function is triggered

2023-11-23 09:54:50 - [MESSAGE][INFO] - Smart Wait Function is triggered

2023-11-23 09:54:50 - [MESSAGE][INFO] - Smart Wait Function is triggered

2023-11-23 09:54:50 - [MESSAGE][INFO] - Smart Wait Function is triggered

2023-11-23 09:54:50 - [MESSAGE][INFO] - Smart Wait Function is triggered

2023-11-23 09:54:50 - [MESSAGE][INFO] - Smart Wait Function is triggered

2023-11-23 09:54:50 - [MESSAGE][INFO] - Smart Wait Function is triggered

2023-11-23 09:54:50 - [MESSAGE][INFO] - Smart Wait Function is triggered

2023-11-23 09:54:50 - [MESSAGE][INFO] - Smart Wait Function is triggered

2023-11-23 09:54:51 - [MESSAGE][INFO] - Smart Wait Function is triggered

2023-11-23 09:54:51 - [MESSAGE][INFO] - Smart Wait Function is triggered

2023-11-23 09:54:51 - [MESSAGE][INFO] - Smart Wait Function is triggered

2023-11-23 09:54:51 - [MESSAGE][INFO] - Unable to find the element located by 'By.xpath: //*[@id="ui-accordiontab-1-content"]/div/div/div[1]/div/anef-input-radio/div/div/fieldset/div/div[2]/p-radiobutton/div/div[2]/span'. Please recheck the objects properties to make sure the desired element is located. 

2023-11-23 09:54:51 - [MESSAGE][WARNING] - com.kms.katalon.core.webui.exception.WebElementNotFoundException: Web element with id: 'Object Repository/Page_InformationPersonnelles_Usager/CheckBox_liensPersonnelsFamiliaux_1_Non' located by '//*[@id="ui-accordiontab-1-content"]/div/div/div[1]/div/anef-input-radio/div/div/fieldset/div/div[2]/p-radiobutton/div/div[2]/span' not found (Root cause: com.kms.katalon.core.exception.StepFailedException: com.kms.katalon.core.webui.exception.WebElementNotFoundException: Web element with id: 'Object Repository/Page_InformationPersonnelles_Usager/CheckBox_liensPersonnelsFamiliaux_1_Non' located by '//*[@id="ui-accordiontab-1-content"]/div/div/div[1]/div/anef-input-radio/div/div/fieldset/div/div[2]/p-radiobutton/div/div[2]/span' not found
	at com.kms.katalon.core.webui.keyword.internal.WebUIKeywordMain.stepFailed(WebUIKeywordMain.groovy:64)
	at com.kms.katalon.core.webui.keyword.builtin.VerifyElementPresentKeyword$_verifyElementPresent_closure1.doCall(VerifyElementPresentKeyword.groovy:85)
	at com.kms.katalon.core.webui.keyword.builtin.VerifyElementPresentKeyword$_verifyElementPresent_closure1.call(VerifyElementPresentKeyword.groovy)
	at com.kms.katalon.core.webui.keyword.internal.WebUIKeywordMain.runKeyword(WebUIKeywordMain.groovy:20)
	at com.kms.katalon.core.webui.keyword.builtin.VerifyElementPresentKeyword.verifyElementPresent(VerifyElementPresentKeyword.groovy:92)
	at com.kms.katalon.core.webui.keyword.builtin.VerifyElementPresentKeyword.execute(VerifyElementPresentKeyword.groovy:68)
	at com.kms.katalon.core.keyword.internal.KeywordExecutor.executeKeywordForPlatform(KeywordExecutor.groovy:74)
	at com.kms.katalon.core.webui.keyword.WebUiBuiltInKeywords.verifyElementPresent(WebUiBuiltInKeywords.groovy:1448)
	at com.kazurayam.ksbackyard.HighlightElement$_pandemic_closure1.doCall(HighlightElement.groovy:105)
	at FormulaireInformationsPersonnelles.run(FormulaireInformationsPersonnelles:28)
	at com.kms.katalon.core.main.ScriptEngine.run(ScriptEngine.java:194)
	at com.kms.katalon.core.main.ScriptEngine.runScriptAsRawText(ScriptEngine.java:119)
	at com.kms.katalon.core.main.TestCaseExecutor.runScript(TestCaseExecutor.java:448)
	at com.kms.katalon.core.main.TestCaseExecutor.doExecute(TestCaseExecutor.java:439)
	at com.kms.katalon.core.main.TestCaseExecutor.processExecutionPhase(TestCaseExecutor.java:418)
	at com.kms.katalon.core.main.TestCaseExecutor.accessMainPhase(TestCaseExecutor.java:410)
	at com.kms.katalon.core.main.TestCaseExecutor.execute(TestCaseExecutor.java:285)
	at com.kms.katalon.core.main.TestCaseMain.runTestCase(TestCaseMain.java:144)
	at com.kms.katalon.core.keyword.builtin.CallTestCaseKeyword$_callTestCase_closure1.doCall(CallTestCaseKeyword.groovy:59)
	at com.kms.katalon.core.keyword.builtin.CallTestCaseKeyword$_callTestCase_closure1.call(CallTestCaseKeyword.groovy)
	at com.kms.katalon.core.keyword.internal.KeywordMain.runKeyword(KeywordMain.groovy:75)
	at com.kms.katalon.core.keyword.builtin.CallTestCaseKeyword.callTestCase(CallTestCaseKeyword.groovy:81)
	at com.kms.katalon.core.keyword.builtin.CallTestCaseKeyword.execute(CallTestCaseKeyword.groovy:44)
	at com.kms.katalon.core.keyword.internal.KeywordExecutor.executeKeywordForPlatform(KeywordExecutor.groovy:74)
	at com.kms.katalon.core.keyword.BuiltinKeywords.callTestCase(BuiltinKeywords.groovy:310)
	at com.kazurayam.ksbackyard.HighlightElement$_pandemic_closure1.doCall(HighlightElement.groovy:105)
	at TNR R.TSPT Supp90-Etudiant.run(TNR R.TSPT Supp90-Etudiant:47)
	at com.kms.katalon.core.main.ScriptEngine.run(ScriptEngine.java:194)
	at com.kms.katalon.core.main.ScriptEngine.runScriptAsRawText(ScriptEngine.java:119)
	at com.kms.katalon.core.main.TestCaseExecutor.runScript(TestCaseExecutor.java:448)
	at com.kms.katalon.core.main.TestCaseExecutor.doExecute(TestCaseExecutor.java:439)
	at com.kms.katalon.core.main.TestCaseExecutor.processExecutionPhase(TestCaseExecutor.java:418)
	at com.kms.katalon.core.main.TestCaseExecutor.accessMainPhase(TestCaseExecutor.java:410)
	at com.kms.katalon.core.main.TestCaseExecutor.execute(TestCaseExecutor.java:285)
	at com.kms.katalon.core.common.CommonExecutor.accessTestCaseMainPhase(CommonExecutor.java:65)
	at com.kms.katalon.core.main.TestSuiteExecutor.accessTestSuiteMainPhase(TestSuiteExecutor.java:148)
	at com.kms.katalon.core.main.TestSuiteExecutor.execute(TestSuiteExecutor.java:106)
	at com.kms.katalon.core.main.TestCaseMain.startTestSuite(TestCaseMain.java:187)
	at com.kms.katalon.core.main.TestCaseMain$startTestSuite$0.call(Unknown Source)
	at TempTestSuite1700729418079.run(TempTestSuite1700729418079.groovy:36)
)
[[ATTACHMENT|C:\\Users\\hhizaoui\\.git\\NewProject29092023\\Nouveau dossier1\\21_11\\ANEF-AutomatizationProject\\Reports\\20231123_095018\\TS_TNR_R.TSPT_Suppo90\\20231123_095018\\1700729691136.png]]

2023-11-23 09:54:51 - [TEST_STEP][PASSED] - delay(2): Delayed 2 second(s)

2023-11-23 09:54:51 - [MESSAGE][INFO] - Delaying browser in 2 second(s)

2023-11-23 09:54:53 - [MESSAGE][PASSED] - Delayed 2 second(s)

2023-11-23 09:54:53 - [TEST_STEP][PASSED] - if (verifyElementPresent(findTestObject("Object Repository/Page_InformationPersonnelles_Usager/CheckBox_liensPersonnelsFamiliaux_2_Non"), 1, OPTIONAL)): com.kms.katalon.core.webui.exception.WebElementNotFoundException: Web element with id: 'Object Repository/Page_InformationPersonnelles_Usager/CheckBox_liensPersonnelsFamiliaux_2_Non' located by '//*[@id="ui-accordiontab-1-content"]/div/div/div[2]/div/anef-input-radio/div/div/fieldset/div/div[2]/p-radiobutton/div/div[2]' not found (Root cause: com.kms.katalon.core.exception.StepFailedException: com.kms.katalon.core.webui.exception.WebElementNotFoundException: Web element with id: 'Object Repository/Page_InformationPersonnelles_Usager/CheckBox_liensPersonnelsFamiliaux_2_Non' located by '//*[@id="ui-accordiontab-1-content"]/div/div/div[2]/div/anef-input-radio/div/div/fieldset/div/div[2]/p-radiobutton/div/div[2]' not found
	at com.kms.katalon.core.webui.keyword.internal.WebUIKeywordMain.stepFailed(WebUIKeywordMain.groovy:64)
	at com.kms.katalon.core.webui.keyword.builtin.VerifyElementPresentKeyword$_verifyElementPresent_closure1.doCall(VerifyElementPresentKeyword.groovy:85)
	at com.kms.katalon.core.webui.keyword.builtin.VerifyElementPresentKeyword$_verifyElementPresent_closure1.call(VerifyElementPresentKeyword.groovy)
	at com.kms.katalon.core.webui.keyword.internal.WebUIKeywordMain.runKeyword(WebUIKeywordMain.groovy:20)
	at com.kms.katalon.core.webui.keyword.builtin.VerifyElementPresentKeyword.verifyElementPresent(VerifyElementPresentKeyword.groovy:92)
	at com.kms.katalon.core.webui.keyword.builtin.VerifyElementPresentKeyword.execute(VerifyElementPresentKeyword.groovy:68)
	at com.kms.katalon.core.keyword.internal.KeywordExecutor.executeKeywordForPlatform(KeywordExecutor.groovy:74)
	at com.kms.katalon.core.webui.keyword.WebUiBuiltInKeywords.verifyElementPresent(WebUiBuiltInKeywords.groovy:1448)
	at com.kazurayam.ksbackyard.HighlightElement$_pandemic_closure1.doCall(HighlightElement.groovy:105)
	at FormulaireInformationsPersonnelles.run(FormulaireInformationsPersonnelles:33)
	at com.kms.katalon.core.main.ScriptEngine.run(ScriptEngine.java:194)
	at com.kms.katalon.core.main.ScriptEngine.runScriptAsRawText(ScriptEngine.java:119)
	at com.kms.katalon.core.main.TestCaseExecutor.runScript(TestCaseExecutor.java:448)
	at com.kms.katalon.core.main.TestCaseExecutor.doExecute(TestCaseExecutor.java:439)
	at com.kms.katalon.core.main.TestCaseExecutor.processExecutionPhase(TestCaseExecutor.java:418)
	at com.kms.katalon.core.main.TestCaseExecutor.accessMainPhase(TestCaseExecutor.java:410)
	at com.kms.katalon.core.main.TestCaseExecutor.execute(TestCaseExecutor.java:285)
	at com.kms.katalon.core.main.TestCaseMain.runTestCase(TestCaseMain.java:144)
	at com.kms.katalon.core.keyword.builtin.CallTestCaseKeyword$_callTestCase_closure1.doCall(CallTestCaseKeyword.groovy:59)
	at com.kms.katalon.core.keyword.builtin.CallTestCaseKeyword$_callTestCase_closure1.call(CallTestCaseKeyword.groovy)
	at com.kms.katalon.core.keyword.internal.KeywordMain.runKeyword(KeywordMain.groovy:75)
	at com.kms.katalon.core.keyword.builtin.CallTestCaseKeyword.callTestCase(CallTestCaseKeyword.groovy:81)
	at com.kms.katalon.core.keyword.builtin.CallTestCaseKeyword.execute(CallTestCaseKeyword.groovy:44)
	at com.kms.katalon.core.keyword.internal.KeywordExecutor.executeKeywordForPlatform(KeywordExecutor.groovy:74)
	at com.kms.katalon.core.keyword.BuiltinKeywords.callTestCase(BuiltinKeywords.groovy:310)
	at com.kazurayam.ksbackyard.HighlightElement$_pandemic_closure1.doCall(HighlightElement.groovy:105)
	at TNR R.TSPT Supp90-Etudiant.run(TNR R.TSPT Supp90-Etudiant:47)
	at com.kms.katalon.core.main.ScriptEngine.run(ScriptEngine.java:194)
	at com.kms.katalon.core.main.ScriptEngine.runScriptAsRawText(ScriptEngine.java:119)
	at com.kms.katalon.core.main.TestCaseExecutor.runScript(TestCaseExecutor.java:448)
	at com.kms.katalon.core.main.TestCaseExecutor.doExecute(TestCaseExecutor.java:439)
	at com.kms.katalon.core.main.TestCaseExecutor.processExecutionPhase(TestCaseExecutor.java:418)
	at com.kms.katalon.core.main.TestCaseExecutor.accessMainPhase(TestCaseExecutor.java:410)
	at com.kms.katalon.core.main.TestCaseExecutor.execute(TestCaseExecutor.java:285)
	at com.kms.katalon.core.common.CommonExecutor.accessTestCaseMainPhase(CommonExecutor.java:65)
	at com.kms.katalon.core.main.TestSuiteExecutor.accessTestSuiteMainPhase(TestSuiteExecutor.java:148)
	at com.kms.katalon.core.main.TestSuiteExecutor.execute(TestSuiteExecutor.java:106)
	at com.kms.katalon.core.main.TestCaseMain.startTestSuite(TestCaseMain.java:187)
	at com.kms.katalon.core.main.TestCaseMain$startTestSuite$0.call(Unknown Source)
	at TempTestSuite1700729418079.run(TempTestSuite1700729418079.groovy:36)
)

2023-11-23 09:54:53 - [MESSAGE][INFO] - Finding Test Object 'Object Repository/Page_InformationPersonnelles_Usager/CheckBox_liensPersonnelsFamiliaux_2_Non'

2023-11-23 09:54:53 - [MESSAGE][INFO] - Checking object

2023-11-23 09:54:53 - [MESSAGE][INFO] - Finding web element from Test Object's properties

2023-11-23 09:54:53 - [MESSAGE][INFO] - Checking timeout

2023-11-23 09:54:53 - [MESSAGE][INFO] - Finding web element with id: 'Object Repository/Page_InformationPersonnelles_Usager/CheckBox_liensPersonnelsFamiliaux_2_Non' located by 'By.xpath: //*[@id="ui-accordiontab-1-content"]/div/div/div[2]/div/anef-input-radio/div/div/fieldset/div/div[2]/p-radiobutton/div/div[2]' in '1' second(s)

2023-11-23 09:54:53 - [MESSAGE][INFO] - Smart Wait Function is triggered

2023-11-23 09:54:53 - [MESSAGE][INFO] - Smart Wait Function is triggered

2023-11-23 09:54:53 - [MESSAGE][INFO] - Smart Wait Function is triggered

2023-11-23 09:54:53 - [MESSAGE][INFO] - Smart Wait Function is triggered

2023-11-23 09:54:53 - [MESSAGE][INFO] - Smart Wait Function is triggered

2023-11-23 09:54:53 - [MESSAGE][INFO] - Smart Wait Function is triggered

2023-11-23 09:54:53 - [MESSAGE][INFO] - Smart Wait Function is triggered

2023-11-23 09:54:53 - [MESSAGE][INFO] - Smart Wait Function is triggered

2023-11-23 09:54:53 - [MESSAGE][INFO] - Smart Wait Function is triggered

2023-11-23 09:54:53 - [MESSAGE][INFO] - Smart Wait Function is triggered

2023-11-23 09:54:53 - [MESSAGE][INFO] - Smart Wait Function is triggered

2023-11-23 09:54:53 - [MESSAGE][INFO] - Smart Wait Function is triggered

2023-11-23 09:54:53 - [MESSAGE][INFO] - Smart Wait Function is triggered

2023-11-23 09:54:53 - [MESSAGE][INFO] - Smart Wait Function is triggered

2023-11-23 09:54:53 - [MESSAGE][INFO] - Smart Wait Function is triggered

2023-11-23 09:54:53 - [MESSAGE][INFO] - Smart Wait Function is triggered

2023-11-23 09:54:53 - [MESSAGE][INFO] - Smart Wait Function is triggered

2023-11-23 09:54:53 - [MESSAGE][INFO] - Smart Wait Function is triggered

2023-11-23 09:54:53 - [MESSAGE][INFO] - Smart Wait Function is triggered

2023-11-23 09:54:54 - [MESSAGE][INFO] - Smart Wait Function is triggered

2023-11-23 09:54:54 - [MESSAGE][INFO] - Smart Wait Function is triggered

2023-11-23 09:54:54 - [MESSAGE][INFO] - Smart Wait Function is triggered

2023-11-23 09:54:54 - [MESSAGE][INFO] - Smart Wait Function is triggered

2023-11-23 09:54:54 - [MESSAGE][INFO] - Smart Wait Function is triggered

2023-11-23 09:54:54 - [MESSAGE][INFO] - Smart Wait Function is triggered

2023-11-23 09:54:54 - [MESSAGE][INFO] - Smart Wait Function is triggered

2023-11-23 09:54:54 - [MESSAGE][INFO] - Smart Wait Function is triggered

2023-11-23 09:54:54 - [MESSAGE][INFO] - Smart Wait Function is triggered

2023-11-23 09:54:54 - [MESSAGE][INFO] - Smart Wait Function is triggered

2023-11-23 09:54:54 - [MESSAGE][INFO] - Smart Wait Function is triggered

2023-11-23 09:54:54 - [MESSAGE][INFO] - Smart Wait Function is triggered

2023-11-23 09:54:54 - [MESSAGE][INFO] - Smart Wait Function is triggered

2023-11-23 09:54:54 - [MESSAGE][INFO] - Smart Wait Function is triggered

2023-11-23 09:54:54 - [MESSAGE][INFO] - Smart Wait Function is triggered

2023-11-23 09:54:54 - [MESSAGE][INFO] - Smart Wait Function is triggered

2023-11-23 09:54:54 - [MESSAGE][INFO] - Smart Wait Function is triggered

2023-11-23 09:54:54 - [MESSAGE][INFO] - Smart Wait Function is triggered

2023-11-23 09:54:54 - [MESSAGE][INFO] - Smart Wait Function is triggered

2023-11-23 09:54:54 - [MESSAGE][INFO] - Smart Wait Function is triggered

2023-11-23 09:54:54 - [MESSAGE][INFO] - Smart Wait Function is triggered

2023-11-23 09:54:54 - [MESSAGE][INFO] - Smart Wait Function is triggered

2023-11-23 09:54:54 - [MESSAGE][INFO] - Smart Wait Function is triggered

2023-11-23 09:54:54 - [MESSAGE][INFO] - Smart Wait Function is triggered

2023-11-23 09:54:54 - [MESSAGE][INFO] - Smart Wait Function is triggered

2023-11-23 09:54:54 - [MESSAGE][INFO] - Smart Wait Function is triggered

2023-11-23 09:54:54 - [MESSAGE][INFO] - Smart Wait Function is triggered

2023-11-23 09:54:54 - [MESSAGE][INFO] - Smart Wait Function is triggered

2023-11-23 09:54:54 - [MESSAGE][INFO] - Smart Wait Function is triggered

2023-11-23 09:54:54 - [MESSAGE][INFO] - Smart Wait Function is triggered

2023-11-23 09:54:54 - [MESSAGE][INFO] - Smart Wait Function is triggered

2023-11-23 09:54:54 - [MESSAGE][INFO] - Smart Wait Function is triggered

2023-11-23 09:54:55 - [MESSAGE][INFO] - Smart Wait Function is triggered

2023-11-23 09:54:55 - [MESSAGE][INFO] - Smart Wait Function is triggered

2023-11-23 09:54:55 - [MESSAGE][INFO] - Smart Wait Function is triggered

2023-11-23 09:54:55 - [MESSAGE][INFO] - Smart Wait Function is triggered

2023-11-23 09:54:55 - [MESSAGE][INFO] - Smart Wait Function is triggered

2023-11-23 09:54:55 - [MESSAGE][INFO] - Smart Wait Function is triggered

2023-11-23 09:54:55 - [MESSAGE][INFO] - Smart Wait Function is triggered

2023-11-23 09:54:55 - [MESSAGE][INFO] - Smart Wait Function is triggered

2023-11-23 09:54:55 - [MESSAGE][INFO] - Smart Wait Function is triggered

2023-11-23 09:54:55 - [MESSAGE][INFO] - Smart Wait Function is triggered

2023-11-23 09:54:55 - [MESSAGE][INFO] - Smart Wait Function is triggered

2023-11-23 09:54:55 - [MESSAGE][INFO] - Smart Wait Function is triggered

2023-11-23 09:54:55 - [MESSAGE][INFO] - Unable to find the element located by 'By.xpath: //*[@id="ui-accordiontab-1-content"]/div/div/div[2]/div/anef-input-radio/div/div/fieldset/div/div[2]/p-radiobutton/div/div[2]'. Please recheck the objects properties to make sure the desired element is located. 

2023-11-23 09:54:55 - [MESSAGE][WARNING] - com.kms.katalon.core.webui.exception.WebElementNotFoundException: Web element with id: 'Object Repository/Page_InformationPersonnelles_Usager/CheckBox_liensPersonnelsFamiliaux_2_Non' located by '//*[@id="ui-accordiontab-1-content"]/div/div/div[2]/div/anef-input-radio/div/div/fieldset/div/div[2]/p-radiobutton/div/div[2]' not found (Root cause: com.kms.katalon.core.exception.StepFailedException: com.kms.katalon.core.webui.exception.WebElementNotFoundException: Web element with id: 'Object Repository/Page_InformationPersonnelles_Usager/CheckBox_liensPersonnelsFamiliaux_2_Non' located by '//*[@id="ui-accordiontab-1-content"]/div/div/div[2]/div/anef-input-radio/div/div/fieldset/div/div[2]/p-radiobutton/div/div[2]' not found
	at com.kms.katalon.core.webui.keyword.internal.WebUIKeywordMain.stepFailed(WebUIKeywordMain.groovy:64)
	at com.kms.katalon.core.webui.keyword.builtin.VerifyElementPresentKeyword$_verifyElementPresent_closure1.doCall(VerifyElementPresentKeyword.groovy:85)
	at com.kms.katalon.core.webui.keyword.builtin.VerifyElementPresentKeyword$_verifyElementPresent_closure1.call(VerifyElementPresentKeyword.groovy)
	at com.kms.katalon.core.webui.keyword.internal.WebUIKeywordMain.runKeyword(WebUIKeywordMain.groovy:20)
	at com.kms.katalon.core.webui.keyword.builtin.VerifyElementPresentKeyword.verifyElementPresent(VerifyElementPresentKeyword.groovy:92)
	at com.kms.katalon.core.webui.keyword.builtin.VerifyElementPresentKeyword.execute(VerifyElementPresentKeyword.groovy:68)
	at com.kms.katalon.core.keyword.internal.KeywordExecutor.executeKeywordForPlatform(KeywordExecutor.groovy:74)
	at com.kms.katalon.core.webui.keyword.WebUiBuiltInKeywords.verifyElementPresent(WebUiBuiltInKeywords.groovy:1448)
	at com.kazurayam.ksbackyard.HighlightElement$_pandemic_closure1.doCall(HighlightElement.groovy:105)
	at FormulaireInformationsPersonnelles.run(FormulaireInformationsPersonnelles:33)
	at com.kms.katalon.core.main.ScriptEngine.run(ScriptEngine.java:194)
	at com.kms.katalon.core.main.ScriptEngine.runScriptAsRawText(ScriptEngine.java:119)
	at com.kms.katalon.core.main.TestCaseExecutor.runScript(TestCaseExecutor.java:448)
	at com.kms.katalon.core.main.TestCaseExecutor.doExecute(TestCaseExecutor.java:439)
	at com.kms.katalon.core.main.TestCaseExecutor.processExecutionPhase(TestCaseExecutor.java:418)
	at com.kms.katalon.core.main.TestCaseExecutor.accessMainPhase(TestCaseExecutor.java:410)
	at com.kms.katalon.core.main.TestCaseExecutor.execute(TestCaseExecutor.java:285)
	at com.kms.katalon.core.main.TestCaseMain.runTestCase(TestCaseMain.java:144)
	at com.kms.katalon.core.keyword.builtin.CallTestCaseKeyword$_callTestCase_closure1.doCall(CallTestCaseKeyword.groovy:59)
	at com.kms.katalon.core.keyword.builtin.CallTestCaseKeyword$_callTestCase_closure1.call(CallTestCaseKeyword.groovy)
	at com.kms.katalon.core.keyword.internal.KeywordMain.runKeyword(KeywordMain.groovy:75)
	at com.kms.katalon.core.keyword.builtin.CallTestCaseKeyword.callTestCase(CallTestCaseKeyword.groovy:81)
	at com.kms.katalon.core.keyword.builtin.CallTestCaseKeyword.execute(CallTestCaseKeyword.groovy:44)
	at com.kms.katalon.core.keyword.internal.KeywordExecutor.executeKeywordForPlatform(KeywordExecutor.groovy:74)
	at com.kms.katalon.core.keyword.BuiltinKeywords.callTestCase(BuiltinKeywords.groovy:310)
	at com.kazurayam.ksbackyard.HighlightElement$_pandemic_closure1.doCall(HighlightElement.groovy:105)
	at TNR R.TSPT Supp90-Etudiant.run(TNR R.TSPT Supp90-Etudiant:47)
	at com.kms.katalon.core.main.ScriptEngine.run(ScriptEngine.java:194)
	at com.kms.katalon.core.main.ScriptEngine.runScriptAsRawText(ScriptEngine.java:119)
	at com.kms.katalon.core.main.TestCaseExecutor.runScript(TestCaseExecutor.java:448)
	at com.kms.katalon.core.main.TestCaseExecutor.doExecute(TestCaseExecutor.java:439)
	at com.kms.katalon.core.main.TestCaseExecutor.processExecutionPhase(TestCaseExecutor.java:418)
	at com.kms.katalon.core.main.TestCaseExecutor.accessMainPhase(TestCaseExecutor.java:410)
	at com.kms.katalon.core.main.TestCaseExecutor.execute(TestCaseExecutor.java:285)
	at com.kms.katalon.core.common.CommonExecutor.accessTestCaseMainPhase(CommonExecutor.java:65)
	at com.kms.katalon.core.main.TestSuiteExecutor.accessTestSuiteMainPhase(TestSuiteExecutor.java:148)
	at com.kms.katalon.core.main.TestSuiteExecutor.execute(TestSuiteExecutor.java:106)
	at com.kms.katalon.core.main.TestCaseMain.startTestSuite(TestCaseMain.java:187)
	at com.kms.katalon.core.main.TestCaseMain$startTestSuite$0.call(Unknown Source)
	at TempTestSuite1700729418079.run(TempTestSuite1700729418079.groovy:36)
)
[[ATTACHMENT|C:\\Users\\hhizaoui\\.git\\NewProject29092023\\Nouveau dossier1\\21_11\\ANEF-AutomatizationProject\\Reports\\20231123_095018\\TS_TNR_R.TSPT_Suppo90\\20231123_095018\\1700729695420.png]]

2023-11-23 09:54:55 - [TEST_STEP][PASSED] - delay(2): Delayed 2 second(s)

2023-11-23 09:54:55 - [MESSAGE][INFO] - Delaying browser in 2 second(s)

2023-11-23 09:54:57 - [MESSAGE][PASSED] - Delayed 2 second(s)

2023-11-23 09:54:57 - [TEST_STEP][PASSED] - if (verifyElementPresent(findTestObject("Object Repository/Page_InformationPersonnelles_Usager/CheckBox_DesEnfantsACharge_Non"), 1, OPTIONAL)): null

2023-11-23 09:54:57 - [MESSAGE][INFO] - Finding Test Object 'Object Repository/Page_InformationPersonnelles_Usager/CheckBox_DesEnfantsACharge_Non'

2023-11-23 09:54:57 - [MESSAGE][INFO] - Checking object

2023-11-23 09:54:57 - [MESSAGE][INFO] - Finding web element from Test Object's properties

2023-11-23 09:54:57 - [MESSAGE][INFO] - Checking timeout

2023-11-23 09:54:57 - [MESSAGE][INFO] - Finding web element with id: 'Object Repository/Page_InformationPersonnelles_Usager/CheckBox_DesEnfantsACharge_Non' located by 'By.xpath: //app-demande-ptsq//app-informations-personnelles-shared//app-has-enfants-charge//div//fieldset/div/div[2]/p-radiobutton/div/div[2]/span|//app-demande-visiteur//app-informations-personnelles-shared//app-has-enfants-charge/div/div/anef-input-radio/div/div/fieldset/div/div[2]/p-radiobutton/div/div[2]/span|//app-demande-ptch//app-informations-personnelles-shared//app-has-enfants-charge/div/div/anef-input-radio/div/div/fieldset/div/div[2]/p-radiobutton/div/div[2]/span|//div/app-has-enfants-charge/div/div/anef-input-radio/div/div/fieldset/div/div[2]/p-radiobutton/div/div[2]/span
' in '1' second(s)

2023-11-23 09:54:57 - [MESSAGE][INFO] - Smart Wait Function is triggered

2023-11-23 09:54:57 - [MESSAGE][INFO] - Found 1 web elements with id: 'Object Repository/Page_InformationPersonnelles_Usager/CheckBox_DesEnfantsACharge_Non' located by 'By.xpath: //app-demande-ptsq//app-informations-personnelles-shared//app-has-enfants-charge//div//fieldset/div/div[2]/p-radiobutton/div/div[2]/span|//app-demande-visiteur//app-informations-personnelles-shared//app-has-enfants-charge/div/div/anef-input-radio/div/div/fieldset/div/div[2]/p-radiobutton/div/div[2]/span|//app-demande-ptch//app-informations-personnelles-shared//app-has-enfants-charge/div/div/anef-input-radio/div/div/fieldset/div/div[2]/p-radiobutton/div/div[2]/span|//div/app-has-enfants-charge/div/div/anef-input-radio/div/div/fieldset/div/div[2]/p-radiobutton/div/div[2]/span
' in '1' second(s)

2023-11-23 09:54:57 - [MESSAGE][PASSED] - Object 'Object Repository/Page_InformationPersonnelles_Usager/CheckBox_DesEnfantsACharge_Non' is present

2023-11-23 09:54:57 - [TEST_STEP][PASSED] - check(findTestObject("Object Repository/Page_InformationPersonnelles_Usager/CheckBox_DesEnfantsACharge_Non"), OPTIONAL): Object 'Object Repository/Page_InformationPersonnelles_Usager/CheckBox_DesEnfantsACharge_Non' is checked

2023-11-23 09:54:57 - [MESSAGE][INFO] - Finding Test Object 'Object Repository/Page_InformationPersonnelles_Usager/CheckBox_DesEnfantsACharge_Non'

2023-11-23 09:54:57 - [MESSAGE][INFO] - Checking object

2023-11-23 09:54:57 - [MESSAGE][INFO] - Finding web element from Test Object's properties

2023-11-23 09:54:57 - [MESSAGE][INFO] - Checking timeout

2023-11-23 09:54:57 - [MESSAGE][INFO] - Finding web element with id: 'Object Repository/Page_InformationPersonnelles_Usager/CheckBox_DesEnfantsACharge_Non' located by 'By.xpath: //app-demande-ptsq//app-informations-personnelles-shared//app-has-enfants-charge//div//fieldset/div/div[2]/p-radiobutton/div/div[2]/span|//app-demande-visiteur//app-informations-personnelles-shared//app-has-enfants-charge/div/div/anef-input-radio/div/div/fieldset/div/div[2]/p-radiobutton/div/div[2]/span|//app-demande-ptch//app-informations-personnelles-shared//app-has-enfants-charge/div/div/anef-input-radio/div/div/fieldset/div/div[2]/p-radiobutton/div/div[2]/span|//div/app-has-enfants-charge/div/div/anef-input-radio/div/div/fieldset/div/div[2]/p-radiobutton/div/div[2]/span
' in '5' second(s)

2023-11-23 09:54:57 - [MESSAGE][INFO] - Smart Wait Function is triggered

2023-11-23 09:54:57 - [MESSAGE][INFO] - Found 1 web elements with id: 'Object Repository/Page_InformationPersonnelles_Usager/CheckBox_DesEnfantsACharge_Non' located by 'By.xpath: //app-demande-ptsq//app-informations-personnelles-shared//app-has-enfants-charge//div//fieldset/div/div[2]/p-radiobutton/div/div[2]/span|//app-demande-visiteur//app-informations-personnelles-shared//app-has-enfants-charge/div/div/anef-input-radio/div/div/fieldset/div/div[2]/p-radiobutton/div/div[2]/span|//app-demande-ptch//app-informations-personnelles-shared//app-has-enfants-charge/div/div/anef-input-radio/div/div/fieldset/div/div[2]/p-radiobutton/div/div[2]/span|//div/app-has-enfants-charge/div/div/anef-input-radio/div/div/fieldset/div/div[2]/p-radiobutton/div/div[2]/span
' in '5' second(s)

2023-11-23 09:54:57 - [MESSAGE][INFO] - Checking on bject 'Object Repository/Page_InformationPersonnelles_Usager/CheckBox_DesEnfantsACharge_Non'

2023-11-23 09:54:59 - [MESSAGE][PASSED] - Object 'Object Repository/Page_InformationPersonnelles_Usager/CheckBox_DesEnfantsACharge_Non' is checked

2023-11-23 09:54:59 - [TEST_STEP][PASSED] - delay(2): Delayed 2 second(s)

2023-11-23 09:54:59 - [MESSAGE][INFO] - Delaying browser in 2 second(s)

2023-11-23 09:55:01 - [MESSAGE][PASSED] - Delayed 2 second(s)

2023-11-23 09:55:01 - [TEST_STEP][PASSED] - setText(findTestObject("Object Repository/Page_InformationPersonnelles_Usager/Input_AdresseUsager"), AdresseUsager): Text '2 rue des 3 moulins 77000 melun' is set on object 'Object Repository/Page_InformationPersonnelles_Usager/Input_AdresseUsager'

2023-11-23 09:55:01 - [MESSAGE][INFO] - Finding Test Object 'Object Repository/Page_InformationPersonnelles_Usager/Input_AdresseUsager'

2023-11-23 09:55:02 - [MESSAGE][INFO] - Checking timeout

2023-11-23 09:55:02 - [MESSAGE][INFO] - Finding web element with id: 'Object Repository/Page_InformationPersonnelles_Usager/Input_AdresseUsager' located by 'By.xpath: //app-informations-personnelles//app-adresse-etalab//app-vls-ts-etalab//div/input|//app-informations-personnelles-shared//app-adresse-etalab//app-vls-ts-etalab//div/input' in '20' second(s)

2023-11-23 09:55:02 - [MESSAGE][INFO] - Smart Wait Function is triggered

2023-11-23 09:55:02 - [MESSAGE][INFO] - Found 1 web elements with id: 'Object Repository/Page_InformationPersonnelles_Usager/Input_AdresseUsager' located by 'By.xpath: //app-informations-personnelles//app-adresse-etalab//app-vls-ts-etalab//div/input|//app-informations-personnelles-shared//app-adresse-etalab//app-vls-ts-etalab//div/input' in '20' second(s)

2023-11-23 09:55:02 - [MESSAGE][INFO] - Checking object

2023-11-23 09:55:02 - [MESSAGE][INFO] - Checking text

2023-11-23 09:55:02 - [MESSAGE][INFO] - Finding web element from Test Object's properties

2023-11-23 09:55:02 - [MESSAGE][INFO] - Checking timeout

2023-11-23 09:55:02 - [MESSAGE][INFO] - Finding web element with id: 'Object Repository/Page_InformationPersonnelles_Usager/Input_AdresseUsager' located by 'By.xpath: //app-informations-personnelles//app-adresse-etalab//app-vls-ts-etalab//div/input|//app-informations-personnelles-shared//app-adresse-etalab//app-vls-ts-etalab//div/input' in '5' second(s)

2023-11-23 09:55:02 - [MESSAGE][INFO] - Smart Wait Function is triggered

2023-11-23 09:55:02 - [MESSAGE][INFO] - Found 1 web elements with id: 'Object Repository/Page_InformationPersonnelles_Usager/Input_AdresseUsager' located by 'By.xpath: //app-informations-personnelles//app-adresse-etalab//app-vls-ts-etalab//div/input|//app-informations-personnelles-shared//app-adresse-etalab//app-vls-ts-etalab//div/input' in '5' second(s)

2023-11-23 09:55:02 - [MESSAGE][INFO] - Clearing text of object 'Object Repository/Page_InformationPersonnelles_Usager/Input_AdresseUsager'

2023-11-23 09:55:04 - [MESSAGE][INFO] - Finding web element from Test Object's properties

2023-11-23 09:55:04 - [MESSAGE][INFO] - Checking timeout

2023-11-23 09:55:04 - [MESSAGE][INFO] - Finding web element with id: 'Object Repository/Page_InformationPersonnelles_Usager/Input_AdresseUsager' located by 'By.xpath: //app-informations-personnelles//app-adresse-etalab//app-vls-ts-etalab//div/input|//app-informations-personnelles-shared//app-adresse-etalab//app-vls-ts-etalab//div/input' in '5' second(s)

2023-11-23 09:55:04 - [MESSAGE][INFO] - Smart Wait Function is triggered

2023-11-23 09:55:04 - [MESSAGE][INFO] - Found 1 web elements with id: 'Object Repository/Page_InformationPersonnelles_Usager/Input_AdresseUsager' located by 'By.xpath: //app-informations-personnelles//app-adresse-etalab//app-vls-ts-etalab//div/input|//app-informations-personnelles-shared//app-adresse-etalab//app-vls-ts-etalab//div/input' in '5' second(s)

2023-11-23 09:55:04 - [MESSAGE][INFO] - Setting text of object 'Object Repository/Page_InformationPersonnelles_Usager/Input_AdresseUsager' to value '2 rue des 3 moulins 77000 melun'

2023-11-23 09:55:06 - [MESSAGE][PASSED] - Text '2 rue des 3 moulins 77000 melun' is set on object 'Object Repository/Page_InformationPersonnelles_Usager/Input_AdresseUsager'

2023-11-23 09:55:06 - [TEST_STEP][PASSED] - delay(2): Delayed 2 second(s)

2023-11-23 09:55:06 - [MESSAGE][INFO] - Delaying browser in 2 second(s)

2023-11-23 09:55:08 - [MESSAGE][PASSED] - Delayed 2 second(s)

2023-11-23 09:55:08 - [TEST_STEP][PASSED] - setText(findTestObject("Object Repository/Page_InformationPersonnelles_Usager/Input_NumeroDeTelephone"), NumeroTelephoneUsager): Text '0911223344' is set on object 'Object Repository/Page_InformationPersonnelles_Usager/Input_NumeroDeTelephone'

2023-11-23 09:55:08 - [MESSAGE][INFO] - Finding Test Object 'Object Repository/Page_InformationPersonnelles_Usager/Input_NumeroDeTelephone'

2023-11-23 09:55:08 - [MESSAGE][INFO] - Checking timeout

2023-11-23 09:55:08 - [MESSAGE][INFO] - Finding web element with id: 'Object Repository/Page_InformationPersonnelles_Usager/Input_NumeroDeTelephone' located by 'By.xpath: //*[@aria-labelledby="TELEPHONE_PORTABLE-label"]' in '20' second(s)

2023-11-23 09:55:08 - [MESSAGE][INFO] - Smart Wait Function is triggered

2023-11-23 09:55:08 - [MESSAGE][INFO] - Found 1 web elements with id: 'Object Repository/Page_InformationPersonnelles_Usager/Input_NumeroDeTelephone' located by 'By.xpath: //*[@aria-labelledby="TELEPHONE_PORTABLE-label"]' in '20' second(s)

2023-11-23 09:55:08 - [MESSAGE][INFO] - Checking object

2023-11-23 09:55:08 - [MESSAGE][INFO] - Checking text

2023-11-23 09:55:08 - [MESSAGE][INFO] - Finding web element from Test Object's properties

2023-11-23 09:55:08 - [MESSAGE][INFO] - Checking timeout

2023-11-23 09:55:08 - [MESSAGE][INFO] - Finding web element with id: 'Object Repository/Page_InformationPersonnelles_Usager/Input_NumeroDeTelephone' located by 'By.xpath: //*[@aria-labelledby="TELEPHONE_PORTABLE-label"]' in '5' second(s)

2023-11-23 09:55:08 - [MESSAGE][INFO] - Smart Wait Function is triggered

2023-11-23 09:55:08 - [MESSAGE][INFO] - Found 1 web elements with id: 'Object Repository/Page_InformationPersonnelles_Usager/Input_NumeroDeTelephone' located by 'By.xpath: //*[@aria-labelledby="TELEPHONE_PORTABLE-label"]' in '5' second(s)

2023-11-23 09:55:08 - [MESSAGE][INFO] - Clearing text of object 'Object Repository/Page_InformationPersonnelles_Usager/Input_NumeroDeTelephone'

2023-11-23 09:55:10 - [MESSAGE][INFO] - Finding web element from Test Object's properties

2023-11-23 09:55:10 - [MESSAGE][INFO] - Checking timeout

2023-11-23 09:55:10 - [MESSAGE][INFO] - Finding web element with id: 'Object Repository/Page_InformationPersonnelles_Usager/Input_NumeroDeTelephone' located by 'By.xpath: //*[@aria-labelledby="TELEPHONE_PORTABLE-label"]' in '5' second(s)

2023-11-23 09:55:10 - [MESSAGE][INFO] - Smart Wait Function is triggered

2023-11-23 09:55:10 - [MESSAGE][INFO] - Found 1 web elements with id: 'Object Repository/Page_InformationPersonnelles_Usager/Input_NumeroDeTelephone' located by 'By.xpath: //*[@aria-labelledby="TELEPHONE_PORTABLE-label"]' in '5' second(s)

2023-11-23 09:55:10 - [MESSAGE][INFO] - Setting text of object 'Object Repository/Page_InformationPersonnelles_Usager/Input_NumeroDeTelephone' to value '0911223344'

2023-11-23 09:55:13 - [MESSAGE][PASSED] - Text '0911223344' is set on object 'Object Repository/Page_InformationPersonnelles_Usager/Input_NumeroDeTelephone'

2023-11-23 09:55:13 - [TEST_STEP][PASSED] - click(findTestObject("Object Repository/Page_DemarcheRenouvellement/btn_EnregistrerEtPoursuivre")): Object: 'Object Repository/Page_DemarcheRenouvellement/btn_EnregistrerEtPoursuivre' is clicked on

2023-11-23 09:55:13 - [MESSAGE][INFO] - Finding Test Object 'Object Repository/Page_DemarcheRenouvellement/btn_EnregistrerEtPoursuivre'

2023-11-23 09:55:13 - [MESSAGE][INFO] - Checking timeout

2023-11-23 09:55:13 - [MESSAGE][INFO] - Finding web element with id: 'Object Repository/Page_DemarcheRenouvellement/btn_EnregistrerEtPoursuivre' located by 'By.xpath: //span[text()='Enregistrer et poursuivre >']' in '20' second(s)

2023-11-23 09:55:13 - [MESSAGE][INFO] - Smart Wait Function is triggered

2023-11-23 09:55:13 - [MESSAGE][INFO] - Found 1 web elements with id: 'Object Repository/Page_DemarcheRenouvellement/btn_EnregistrerEtPoursuivre' located by 'By.xpath: //span[text()='Enregistrer et poursuivre >']' in '20' second(s)

2023-11-23 09:55:13 - [MESSAGE][INFO] - Checking object

2023-11-23 09:55:13 - [MESSAGE][INFO] - Checking timeout

2023-11-23 09:55:13 - [MESSAGE][INFO] - Finding web element from Test Object's properties

2023-11-23 09:55:13 - [MESSAGE][INFO] - Checking timeout

2023-11-23 09:55:13 - [MESSAGE][INFO] - Finding web element with id: 'Object Repository/Page_DemarcheRenouvellement/btn_EnregistrerEtPoursuivre' located by 'By.xpath: //span[text()='Enregistrer et poursuivre >']' in '5' second(s)

2023-11-23 09:55:13 - [MESSAGE][INFO] - Smart Wait Function is triggered

2023-11-23 09:55:13 - [MESSAGE][INFO] - Found 1 web elements with id: 'Object Repository/Page_DemarcheRenouvellement/btn_EnregistrerEtPoursuivre' located by 'By.xpath: //span[text()='Enregistrer et poursuivre >']' in '5' second(s)

2023-11-23 09:55:13 - [MESSAGE][INFO] - Clicking on object: 'Object Repository/Page_DemarcheRenouvellement/btn_EnregistrerEtPoursuivre'

2023-11-23 09:55:15 - [MESSAGE][PASSED] - Object: 'Object Repository/Page_DemarcheRenouvellement/btn_EnregistrerEtPoursuivre' is clicked on

2023-11-23 09:55:15 - [MESSAGE][PASSED] - Call Test Case 'Test Cases/Test Reutilisable/DemandeOuRenouvelle_TitreSejour/FormulaireInformationsPersonnelles' successfully

2023-11-23 09:55:15 - [TEST_STEP][PASSED] - callTestCase(findTestCase("Test Reutilisable/DemandeOuRenouvelle_TitreSejour/FormulaireMotifDeLaDemande"), ["TypeTitreDeSejour":TypeTitreDeSejour, "Titre":Titre], STOP_ON_FAILURE): Call Test Case 'Test Cases/Test Reutilisable/DemandeOuRenouvelle_TitreSejour/FormulaireMotifDeLaDemande' successfully

2023-11-23 09:55:15 - [MESSAGE][INFO] - Checking called Test Case

2023-11-23 09:55:15 - [MESSAGE][INFO] - Starting to call Test Case 'Test Cases/Test Reutilisable/DemandeOuRenouvelle_TitreSejour/FormulaireMotifDeLaDemande'

2023-11-23 09:55:15 - [TEST_CASE][PASSED] - Test Cases/Test Reutilisable/DemandeOuRenouvelle_TitreSejour/FormulaireMotifDeLaDemande: Test Cases/Test Reutilisable/DemandeOuRenouvelle_TitreSejour/FormulaireMotifDeLaDemande

2023-11-23 09:55:16 - [TEST_STEP][PASSED] - com.kazurayam.ksbackyard.HighlightElement.pandemic(): com.kazurayam.ksbackyard.HighlightElement.pandemic is PASSED

2023-11-23 09:55:16 - [MESSAGE][PASSED] - com.kazurayam.ksbackyard.HighlightElement.pandemic is PASSED

2023-11-23 09:55:16 - [TEST_STEP][PASSED] - if (TypeTitreDeSejour == "RenouvellementDeTitreSejour" && Titre == "Etudiant"): null

2023-11-23 09:55:16 - [TEST_STEP][PASSED] - if (TypeTitreDeSejour == "Visiteur" && Titre == "Etudiant" || TypeTitreDeSejour == "RenouvellementDeTitreSejour" && Titre == "Visiteur"): null

2023-11-23 09:55:16 - [TEST_STEP][PASSED] - if (TypeTitreDeSejour == "TS-PT-SalarieQualifie" && Titre == "Visiteur" || Titre == "Etudiant"): null

2023-11-23 09:55:16 - [TEST_STEP][PASSED] - if (TypeTitreDeSejour == "TS-PT-SalarieEntrepriseInnovante" && Titre == "Visiteur" || Titre == "Etudiant"): null

2023-11-23 09:55:16 - [TEST_STEP][PASSED] - if (TypeTitreDeSejour == "TS-PT-CarteBleueEuropeenne" && Titre == "Visiteur" || Titre == "Etudiant"): null

2023-11-23 09:55:16 - [TEST_STEP][PASSED] - if (TypeTitreDeSejour == "TS-PT-SalarieEnMission" && Titre == "Visiteur" || Titre == "Etudiant"): null

2023-11-23 09:55:16 - [TEST_STEP][PASSED] - if (TypeTitreDeSejour == "ChercheurEtChercheurEnMobilite" && Titre == "Visiteur" || Titre == "Etudiant"): null

2023-11-23 09:55:16 - [TEST_STEP][PASSED] - if (TypeTitreDeSejour == "FrenchTechVisaForInvestors" && Titre == "Visiteur" || Titre == "Etudiant"): null

2023-11-23 09:55:16 - [TEST_STEP][PASSED] - if (TypeTitreDeSejour == "CreateurDEntreprise" && Titre == "Visiteur" || TypeTitreDeSejour == "CreateurDEntreprise" && Titre == "Etudiant"): null

2023-11-23 09:55:16 - [TEST_STEP][PASSED] - if (TypeTitreDeSejour == "FrenchTechVisaForFounders" && Titre == "Etudiant" || TypeTitreDeSejour == "FrenchTechVisaForFounders" && Titre == "Visiteur"): null

2023-11-23 09:55:16 - [TEST_STEP][PASSED] - if (TypeTitreDeSejour == "MandataireSocial" && Titre == "Etudiant" || TypeTitreDeSejour == "MandataireSocial" && Titre == "Visiteur"): null

2023-11-23 09:55:16 - [TEST_STEP][PASSED] - if (TypeTitreDeSejour == "ArtisteNonSalarie" && Titre == "Etudiant" || TypeTitreDeSejour == "ArtisteNonSalarie" && Titre == "Visiteur"): null

2023-11-23 09:55:16 - [TEST_STEP][PASSED] - if (TypeTitreDeSejour == "ArtisteSalarie" && Titre == "Etudiant" || TypeTitreDeSejour == "ArtisteSalarie" && Titre == "Visiteur"): Object: 'Object Repository/Page_DemarcheRenouvellement/btn_EnregistrerEtPoursuivre' is clicked on

2023-11-23 09:55:16 - [TEST_STEP][PASSED] - "Veuillez sÃ©lectionner l'option correspondant Ã  votre situation: Artiste salariÃ©": null

2023-11-23 09:55:16 - [TEST_STEP][PASSED] - click(findTestObject("Object Repository/Page_MotifDeLaDemande_Usager/CheckBox_Artiste_Salarie")): Object: 'Object Repository/Page_MotifDeLaDemande_Usager/CheckBox_Artiste_Salarie' is clicked on

2023-11-23 09:55:16 - [MESSAGE][INFO] - Finding Test Object 'Object Repository/Page_MotifDeLaDemande_Usager/CheckBox_Artiste_Salarie'

2023-11-23 09:55:16 - [MESSAGE][INFO] - Checking timeout

2023-11-23 09:55:16 - [MESSAGE][INFO] - Finding web element with id: 'Object Repository/Page_MotifDeLaDemande_Usager/CheckBox_Artiste_Salarie' located by 'By.xpath: //div/div/div[1]/p-radiobutton/div/div[2]/span' in '20' second(s)

2023-11-23 09:55:16 - [MESSAGE][INFO] - Smart Wait Function is triggered

2023-11-23 09:55:16 - [MESSAGE][INFO] - Found 1 web elements with id: 'Object Repository/Page_MotifDeLaDemande_Usager/CheckBox_Artiste_Salarie' located by 'By.xpath: //div/div/div[1]/p-radiobutton/div/div[2]/span' in '20' second(s)

2023-11-23 09:55:16 - [MESSAGE][INFO] - Checking object

2023-11-23 09:55:16 - [MESSAGE][INFO] - Checking timeout

2023-11-23 09:55:16 - [MESSAGE][INFO] - Finding web element from Test Object's properties

2023-11-23 09:55:16 - [MESSAGE][INFO] - Checking timeout

2023-11-23 09:55:16 - [MESSAGE][INFO] - Finding web element with id: 'Object Repository/Page_MotifDeLaDemande_Usager/CheckBox_Artiste_Salarie' located by 'By.xpath: //div/div/div[1]/p-radiobutton/div/div[2]/span' in '5' second(s)

2023-11-23 09:55:16 - [MESSAGE][INFO] - Smart Wait Function is triggered

2023-11-23 09:55:16 - [MESSAGE][INFO] - Found 1 web elements with id: 'Object Repository/Page_MotifDeLaDemande_Usager/CheckBox_Artiste_Salarie' located by 'By.xpath: //div/div/div[1]/p-radiobutton/div/div[2]/span' in '5' second(s)

2023-11-23 09:55:16 - [MESSAGE][INFO] - Clicking on object: 'Object Repository/Page_MotifDeLaDemande_Usager/CheckBox_Artiste_Salarie'

2023-11-23 09:55:18 - [MESSAGE][PASSED] - Object: 'Object Repository/Page_MotifDeLaDemande_Usager/CheckBox_Artiste_Salarie' is clicked on

2023-11-23 09:55:18 - [TEST_STEP][PASSED] - setText(findTestObject("Object Repository/Page_MotifDeLaDemande_Usager/input_IntituleDeLEmploi"), "IntituleDeLEmploi"): Text 'IntituleDeLEmploi' is set on object 'Object Repository/Page_MotifDeLaDemande_Usager/input_IntituleDeLEmploi'

2023-11-23 09:55:18 - [MESSAGE][INFO] - Finding Test Object 'Object Repository/Page_MotifDeLaDemande_Usager/input_IntituleDeLEmploi'

2023-11-23 09:55:18 - [MESSAGE][INFO] - Checking timeout

2023-11-23 09:55:18 - [MESSAGE][INFO] - Finding web element with id: 'Object Repository/Page_MotifDeLaDemande_Usager/input_IntituleDeLEmploi' located by 'By.xpath: //*[@aria-labelledby="INTITULE_EMPLOI-label"]' in '20' second(s)

2023-11-23 09:55:18 - [MESSAGE][INFO] - Smart Wait Function is triggered

2023-11-23 09:55:18 - [MESSAGE][INFO] - Found 1 web elements with id: 'Object Repository/Page_MotifDeLaDemande_Usager/input_IntituleDeLEmploi' located by 'By.xpath: //*[@aria-labelledby="INTITULE_EMPLOI-label"]' in '20' second(s)

2023-11-23 09:55:18 - [MESSAGE][INFO] - Checking object

2023-11-23 09:55:18 - [MESSAGE][INFO] - Checking text

2023-11-23 09:55:18 - [MESSAGE][INFO] - Finding web element from Test Object's properties

2023-11-23 09:55:18 - [MESSAGE][INFO] - Checking timeout

2023-11-23 09:55:18 - [MESSAGE][INFO] - Finding web element with id: 'Object Repository/Page_MotifDeLaDemande_Usager/input_IntituleDeLEmploi' located by 'By.xpath: //*[@aria-labelledby="INTITULE_EMPLOI-label"]' in '5' second(s)

2023-11-23 09:55:18 - [MESSAGE][INFO] - Smart Wait Function is triggered

2023-11-23 09:55:18 - [MESSAGE][INFO] - Found 1 web elements with id: 'Object Repository/Page_MotifDeLaDemande_Usager/input_IntituleDeLEmploi' located by 'By.xpath: //*[@aria-labelledby="INTITULE_EMPLOI-label"]' in '5' second(s)

2023-11-23 09:55:18 - [MESSAGE][INFO] - Clearing text of object 'Object Repository/Page_MotifDeLaDemande_Usager/input_IntituleDeLEmploi'

2023-11-23 09:55:20 - [MESSAGE][INFO] - Finding web element from Test Object's properties

2023-11-23 09:55:20 - [MESSAGE][INFO] - Checking timeout

2023-11-23 09:55:20 - [MESSAGE][INFO] - Finding web element with id: 'Object Repository/Page_MotifDeLaDemande_Usager/input_IntituleDeLEmploi' located by 'By.xpath: //*[@aria-labelledby="INTITULE_EMPLOI-label"]' in '5' second(s)

2023-11-23 09:55:20 - [MESSAGE][INFO] - Smart Wait Function is triggered

2023-11-23 09:55:20 - [MESSAGE][INFO] - Found 1 web elements with id: 'Object Repository/Page_MotifDeLaDemande_Usager/input_IntituleDeLEmploi' located by 'By.xpath: //*[@aria-labelledby="INTITULE_EMPLOI-label"]' in '5' second(s)

2023-11-23 09:55:20 - [MESSAGE][INFO] - Setting text of object 'Object Repository/Page_MotifDeLaDemande_Usager/input_IntituleDeLEmploi' to value 'IntituleDeLEmploi'

2023-11-23 09:55:23 - [MESSAGE][PASSED] - Text 'IntituleDeLEmploi' is set on object 'Object Repository/Page_MotifDeLaDemande_Usager/input_IntituleDeLEmploi'

2023-11-23 09:55:23 - [TEST_STEP][PASSED] - click(findTestObject("Object Repository/Page_MotifDeLaDemande_Usager/select_TypeDeContrat")): Object: 'Object Repository/Page_MotifDeLaDemande_Usager/select_TypeDeContrat' is clicked on

2023-11-23 09:55:23 - [MESSAGE][INFO] - Finding Test Object 'Object Repository/Page_MotifDeLaDemande_Usager/select_TypeDeContrat'

2023-11-23 09:55:23 - [MESSAGE][INFO] - Checking timeout

2023-11-23 09:55:23 - [MESSAGE][INFO] - Finding web element with id: 'Object Repository/Page_MotifDeLaDemande_Usager/select_TypeDeContrat' located by 'By.xpath: //*[@id="TYPE_CONTRAT"]/div/div[4]/span' in '20' second(s)

2023-11-23 09:55:23 - [MESSAGE][INFO] - Smart Wait Function is triggered

2023-11-23 09:55:23 - [MESSAGE][INFO] - Found 1 web elements with id: 'Object Repository/Page_MotifDeLaDemande_Usager/select_TypeDeContrat' located by 'By.xpath: //*[@id="TYPE_CONTRAT"]/div/div[4]/span' in '20' second(s)

2023-11-23 09:55:23 - [MESSAGE][INFO] - Checking object

2023-11-23 09:55:23 - [MESSAGE][INFO] - Checking timeout

2023-11-23 09:55:23 - [MESSAGE][INFO] - Finding web element from Test Object's properties

2023-11-23 09:55:23 - [MESSAGE][INFO] - Checking timeout

2023-11-23 09:55:23 - [MESSAGE][INFO] - Finding web element with id: 'Object Repository/Page_MotifDeLaDemande_Usager/select_TypeDeContrat' located by 'By.xpath: //*[@id="TYPE_CONTRAT"]/div/div[4]/span' in '5' second(s)

2023-11-23 09:55:23 - [MESSAGE][INFO] - Smart Wait Function is triggered

2023-11-23 09:55:23 - [MESSAGE][INFO] - Found 1 web elements with id: 'Object Repository/Page_MotifDeLaDemande_Usager/select_TypeDeContrat' located by 'By.xpath: //*[@id="TYPE_CONTRAT"]/div/div[4]/span' in '5' second(s)

2023-11-23 09:55:23 - [MESSAGE][INFO] - Clicking on object: 'Object Repository/Page_MotifDeLaDemande_Usager/select_TypeDeContrat'

2023-11-23 09:55:25 - [MESSAGE][PASSED] - Object: 'Object Repository/Page_MotifDeLaDemande_Usager/select_TypeDeContrat' is clicked on

2023-11-23 09:55:25 - [TEST_STEP][PASSED] - click(findTestObject("Object Repository/Page_MotifDeLaDemande_Usager/select_Value_TypeDeContrat")): Object: 'Object Repository/Page_MotifDeLaDemande_Usager/select_Value_TypeDeContrat' is clicked on

2023-11-23 09:55:25 - [MESSAGE][INFO] - Finding Test Object 'Object Repository/Page_MotifDeLaDemande_Usager/select_Value_TypeDeContrat'

2023-11-23 09:55:25 - [MESSAGE][INFO] - Checking timeout

2023-11-23 09:55:25 - [MESSAGE][INFO] - Finding web element with id: 'Object Repository/Page_MotifDeLaDemande_Usager/select_Value_TypeDeContrat' located by 'By.xpath: //*[@id="TYPE_CONTRAT"]/div/div[5]/div/ul/p-dropdownitem[2]/li' in '20' second(s)

2023-11-23 09:55:25 - [MESSAGE][INFO] - Smart Wait Function is triggered

2023-11-23 09:55:25 - [MESSAGE][INFO] - Found 1 web elements with id: 'Object Repository/Page_MotifDeLaDemande_Usager/select_Value_TypeDeContrat' located by 'By.xpath: //*[@id="TYPE_CONTRAT"]/div/div[5]/div/ul/p-dropdownitem[2]/li' in '20' second(s)

2023-11-23 09:55:25 - [MESSAGE][INFO] - Checking object

2023-11-23 09:55:25 - [MESSAGE][INFO] - Checking timeout

2023-11-23 09:55:25 - [MESSAGE][INFO] - Finding web element from Test Object's properties

2023-11-23 09:55:25 - [MESSAGE][INFO] - Checking timeout

2023-11-23 09:55:25 - [MESSAGE][INFO] - Finding web element with id: 'Object Repository/Page_MotifDeLaDemande_Usager/select_Value_TypeDeContrat' located by 'By.xpath: //*[@id="TYPE_CONTRAT"]/div/div[5]/div/ul/p-dropdownitem[2]/li' in '5' second(s)

2023-11-23 09:55:25 - [MESSAGE][INFO] - Smart Wait Function is triggered

2023-11-23 09:55:25 - [MESSAGE][INFO] - Found 1 web elements with id: 'Object Repository/Page_MotifDeLaDemande_Usager/select_Value_TypeDeContrat' located by 'By.xpath: //*[@id="TYPE_CONTRAT"]/div/div[5]/div/ul/p-dropdownitem[2]/li' in '5' second(s)

2023-11-23 09:55:25 - [MESSAGE][INFO] - Clicking on object: 'Object Repository/Page_MotifDeLaDemande_Usager/select_Value_TypeDeContrat'

2023-11-23 09:55:27 - [MESSAGE][PASSED] - Object: 'Object Repository/Page_MotifDeLaDemande_Usager/select_Value_TypeDeContrat' is clicked on

2023-11-23 09:55:27 - [TEST_STEP][PASSED] - setText(findTestObject("Object Repository/Page_MotifDeLaDemande_Usager/input_Jour_TypeDeContratCDI"), "22"): Text '22' is set on object 'Object Repository/Page_MotifDeLaDemande_Usager/input_Jour_TypeDeContratCDI'

2023-11-23 09:55:27 - [MESSAGE][INFO] - Finding Test Object 'Object Repository/Page_MotifDeLaDemande_Usager/input_Jour_TypeDeContratCDI'

2023-11-23 09:55:27 - [MESSAGE][INFO] - Checking timeout

2023-11-23 09:55:27 - [MESSAGE][INFO] - Finding web element with id: 'Object Repository/Page_MotifDeLaDemande_Usager/input_Jour_TypeDeContratCDI' located by 'By.xpath: //*[@id="JOUR"]' in '20' second(s)

2023-11-23 09:55:27 - [MESSAGE][INFO] - Smart Wait Function is triggered

2023-11-23 09:55:27 - [MESSAGE][INFO] - Found 1 web elements with id: 'Object Repository/Page_MotifDeLaDemande_Usager/input_Jour_TypeDeContratCDI' located by 'By.xpath: //*[@id="JOUR"]' in '20' second(s)

2023-11-23 09:55:27 - [MESSAGE][INFO] - Checking object

2023-11-23 09:55:27 - [MESSAGE][INFO] - Checking text

2023-11-23 09:55:27 - [MESSAGE][INFO] - Finding web element from Test Object's properties

2023-11-23 09:55:27 - [MESSAGE][INFO] - Checking timeout

2023-11-23 09:55:27 - [MESSAGE][INFO] - Finding web element with id: 'Object Repository/Page_MotifDeLaDemande_Usager/input_Jour_TypeDeContratCDI' located by 'By.xpath: //*[@id="JOUR"]' in '5' second(s)

2023-11-23 09:55:27 - [MESSAGE][INFO] - Smart Wait Function is triggered

2023-11-23 09:55:27 - [MESSAGE][INFO] - Found 1 web elements with id: 'Object Repository/Page_MotifDeLaDemande_Usager/input_Jour_TypeDeContratCDI' located by 'By.xpath: //*[@id="JOUR"]' in '5' second(s)

2023-11-23 09:55:27 - [MESSAGE][INFO] - Clearing text of object 'Object Repository/Page_MotifDeLaDemande_Usager/input_Jour_TypeDeContratCDI'

2023-11-23 09:55:29 - [MESSAGE][INFO] - Finding web element from Test Object's properties

2023-11-23 09:55:29 - [MESSAGE][INFO] - Checking timeout

2023-11-23 09:55:29 - [MESSAGE][INFO] - Finding web element with id: 'Object Repository/Page_MotifDeLaDemande_Usager/input_Jour_TypeDeContratCDI' located by 'By.xpath: //*[@id="JOUR"]' in '5' second(s)

2023-11-23 09:55:29 - [MESSAGE][INFO] - Smart Wait Function is triggered

2023-11-23 09:55:30 - [MESSAGE][INFO] - Found 1 web elements with id: 'Object Repository/Page_MotifDeLaDemande_Usager/input_Jour_TypeDeContratCDI' located by 'By.xpath: //*[@id="JOUR"]' in '5' second(s)

2023-11-23 09:55:30 - [MESSAGE][INFO] - Setting text of object 'Object Repository/Page_MotifDeLaDemande_Usager/input_Jour_TypeDeContratCDI' to value '22'

2023-11-23 09:55:32 - [MESSAGE][PASSED] - Text '22' is set on object 'Object Repository/Page_MotifDeLaDemande_Usager/input_Jour_TypeDeContratCDI'

2023-11-23 09:55:32 - [TEST_STEP][PASSED] - click(findTestObject("Object Repository/Page_MotifDeLaDemande_Usager/select_Mois_TypeDeContratCDI")): Object: 'Object Repository/Page_MotifDeLaDemande_Usager/select_Mois_TypeDeContratCDI' is clicked on

2023-11-23 09:55:32 - [MESSAGE][INFO] - Finding Test Object 'Object Repository/Page_MotifDeLaDemande_Usager/select_Mois_TypeDeContratCDI'

2023-11-23 09:55:32 - [MESSAGE][INFO] - Checking timeout

2023-11-23 09:55:32 - [MESSAGE][INFO] - Finding web element with id: 'Object Repository/Page_MotifDeLaDemande_Usager/select_Mois_TypeDeContratCDI' located by 'By.xpath: //*[@id="MOIS"]/div/div[4]/span' in '20' second(s)

2023-11-23 09:55:32 - [MESSAGE][INFO] - Smart Wait Function is triggered

2023-11-23 09:55:32 - [MESSAGE][INFO] - Found 1 web elements with id: 'Object Repository/Page_MotifDeLaDemande_Usager/select_Mois_TypeDeContratCDI' located by 'By.xpath: //*[@id="MOIS"]/div/div[4]/span' in '20' second(s)

2023-11-23 09:55:32 - [MESSAGE][INFO] - Checking object

2023-11-23 09:55:32 - [MESSAGE][INFO] - Checking timeout

2023-11-23 09:55:32 - [MESSAGE][INFO] - Finding web element from Test Object's properties

2023-11-23 09:55:32 - [MESSAGE][INFO] - Checking timeout

2023-11-23 09:55:32 - [MESSAGE][INFO] - Finding web element with id: 'Object Repository/Page_MotifDeLaDemande_Usager/select_Mois_TypeDeContratCDI' located by 'By.xpath: //*[@id="MOIS"]/div/div[4]/span' in '5' second(s)

2023-11-23 09:55:32 - [MESSAGE][INFO] - Smart Wait Function is triggered

2023-11-23 09:55:32 - [MESSAGE][INFO] - Found 1 web elements with id: 'Object Repository/Page_MotifDeLaDemande_Usager/select_Mois_TypeDeContratCDI' located by 'By.xpath: //*[@id="MOIS"]/div/div[4]/span' in '5' second(s)

2023-11-23 09:55:32 - [MESSAGE][INFO] - Clicking on object: 'Object Repository/Page_MotifDeLaDemande_Usager/select_Mois_TypeDeContratCDI'

2023-11-23 09:55:34 - [MESSAGE][PASSED] - Object: 'Object Repository/Page_MotifDeLaDemande_Usager/select_Mois_TypeDeContratCDI' is clicked on

2023-11-23 09:55:34 - [TEST_STEP][PASSED] - delay(2): Delayed 2 second(s)

2023-11-23 09:55:34 - [MESSAGE][INFO] - Delaying browser in 2 second(s)

2023-11-23 09:55:36 - [MESSAGE][PASSED] - Delayed 2 second(s)

2023-11-23 09:55:36 - [TEST_STEP][PASSED] - click(findTestObject("Object Repository/Page_MotifDeLaDemande_Usager/select_Value_Mois_TypeDeContratCDI")): Object: 'Object Repository/Page_MotifDeLaDemande_Usager/select_Value_Mois_TypeDeContratCDI' is clicked on

2023-11-23 09:55:36 - [MESSAGE][INFO] - Finding Test Object 'Object Repository/Page_MotifDeLaDemande_Usager/select_Value_Mois_TypeDeContratCDI'

2023-11-23 09:55:36 - [MESSAGE][INFO] - Checking timeout

2023-11-23 09:55:36 - [MESSAGE][INFO] - Finding web element with id: 'Object Repository/Page_MotifDeLaDemande_Usager/select_Value_Mois_TypeDeContratCDI' located by 'By.xpath: //*[@id="MOIS"]/div/div[5]/div/ul/p-dropdownitem[4]/li/span' in '20' second(s)

2023-11-23 09:55:36 - [MESSAGE][INFO] - Smart Wait Function is triggered

2023-11-23 09:55:36 - [MESSAGE][INFO] - Found 1 web elements with id: 'Object Repository/Page_MotifDeLaDemande_Usager/select_Value_Mois_TypeDeContratCDI' located by 'By.xpath: //*[@id="MOIS"]/div/div[5]/div/ul/p-dropdownitem[4]/li/span' in '20' second(s)

2023-11-23 09:55:36 - [MESSAGE][INFO] - Checking object

2023-11-23 09:55:36 - [MESSAGE][INFO] - Checking timeout

2023-11-23 09:55:36 - [MESSAGE][INFO] - Finding web element from Test Object's properties

2023-11-23 09:55:36 - [MESSAGE][INFO] - Checking timeout

2023-11-23 09:55:36 - [MESSAGE][INFO] - Finding web element with id: 'Object Repository/Page_MotifDeLaDemande_Usager/select_Value_Mois_TypeDeContratCDI' located by 'By.xpath: //*[@id="MOIS"]/div/div[5]/div/ul/p-dropdownitem[4]/li/span' in '5' second(s)

2023-11-23 09:55:36 - [MESSAGE][INFO] - Smart Wait Function is triggered

2023-11-23 09:55:36 - [MESSAGE][INFO] - Found 1 web elements with id: 'Object Repository/Page_MotifDeLaDemande_Usager/select_Value_Mois_TypeDeContratCDI' located by 'By.xpath: //*[@id="MOIS"]/div/div[5]/div/ul/p-dropdownitem[4]/li/span' in '5' second(s)

2023-11-23 09:55:36 - [MESSAGE][INFO] - Clicking on object: 'Object Repository/Page_MotifDeLaDemande_Usager/select_Value_Mois_TypeDeContratCDI'

2023-11-23 09:55:38 - [MESSAGE][PASSED] - Object: 'Object Repository/Page_MotifDeLaDemande_Usager/select_Value_Mois_TypeDeContratCDI' is clicked on

2023-11-23 09:55:38 - [TEST_STEP][PASSED] - setText(findTestObject("Object Repository/Page_MotifDeLaDemande_Usager/input_Annee_TypeDeContratCDI"), "2020"): Text '2020' is set on object 'Object Repository/Page_MotifDeLaDemande_Usager/input_Annee_TypeDeContratCDI'

2023-11-23 09:55:38 - [MESSAGE][INFO] - Finding Test Object 'Object Repository/Page_MotifDeLaDemande_Usager/input_Annee_TypeDeContratCDI'

2023-11-23 09:55:38 - [MESSAGE][INFO] - Checking timeout

2023-11-23 09:55:38 - [MESSAGE][INFO] - Finding web element with id: 'Object Repository/Page_MotifDeLaDemande_Usager/input_Annee_TypeDeContratCDI' located by 'By.xpath: //*[@id="ANNEE"]' in '20' second(s)

2023-11-23 09:55:38 - [MESSAGE][INFO] - Smart Wait Function is triggered

2023-11-23 09:55:38 - [MESSAGE][INFO] - Found 1 web elements with id: 'Object Repository/Page_MotifDeLaDemande_Usager/input_Annee_TypeDeContratCDI' located by 'By.xpath: //*[@id="ANNEE"]' in '20' second(s)

2023-11-23 09:55:38 - [MESSAGE][INFO] - Checking object

2023-11-23 09:55:38 - [MESSAGE][INFO] - Checking text

2023-11-23 09:55:38 - [MESSAGE][INFO] - Finding web element from Test Object's properties

2023-11-23 09:55:38 - [MESSAGE][INFO] - Checking timeout

2023-11-23 09:55:38 - [MESSAGE][INFO] - Finding web element with id: 'Object Repository/Page_MotifDeLaDemande_Usager/input_Annee_TypeDeContratCDI' located by 'By.xpath: //*[@id="ANNEE"]' in '5' second(s)

2023-11-23 09:55:38 - [MESSAGE][INFO] - Smart Wait Function is triggered

2023-11-23 09:55:38 - [MESSAGE][INFO] - Found 1 web elements with id: 'Object Repository/Page_MotifDeLaDemande_Usager/input_Annee_TypeDeContratCDI' located by 'By.xpath: //*[@id="ANNEE"]' in '5' second(s)

2023-11-23 09:55:38 - [MESSAGE][INFO] - Clearing text of object 'Object Repository/Page_MotifDeLaDemande_Usager/input_Annee_TypeDeContratCDI'

2023-11-23 09:55:40 - [MESSAGE][INFO] - Finding web element from Test Object's properties

2023-11-23 09:55:40 - [MESSAGE][INFO] - Checking timeout

2023-11-23 09:55:40 - [MESSAGE][INFO] - Finding web element with id: 'Object Repository/Page_MotifDeLaDemande_Usager/input_Annee_TypeDeContratCDI' located by 'By.xpath: //*[@id="ANNEE"]' in '5' second(s)

2023-11-23 09:55:40 - [MESSAGE][INFO] - Smart Wait Function is triggered

2023-11-23 09:55:40 - [MESSAGE][INFO] - Found 1 web elements with id: 'Object Repository/Page_MotifDeLaDemande_Usager/input_Annee_TypeDeContratCDI' located by 'By.xpath: //*[@id="ANNEE"]' in '5' second(s)

2023-11-23 09:55:40 - [MESSAGE][INFO] - Setting text of object 'Object Repository/Page_MotifDeLaDemande_Usager/input_Annee_TypeDeContratCDI' to value '2020'

2023-11-23 09:55:43 - [MESSAGE][PASSED] - Text '2020' is set on object 'Object Repository/Page_MotifDeLaDemande_Usager/input_Annee_TypeDeContratCDI'

2023-11-23 09:55:43 - [TEST_STEP][PASSED] - click(findTestObject("Object Repository/Page_MotifDeLaDemande_Usager/select_RESSOURCES")): Object: 'Object Repository/Page_MotifDeLaDemande_Usager/select_RESSOURCES' is clicked on

2023-11-23 09:55:43 - [MESSAGE][INFO] - Finding Test Object 'Object Repository/Page_MotifDeLaDemande_Usager/select_RESSOURCES'

2023-11-23 09:55:43 - [MESSAGE][INFO] - Checking timeout

2023-11-23 09:55:43 - [MESSAGE][INFO] - Finding web element with id: 'Object Repository/Page_MotifDeLaDemande_Usager/select_RESSOURCES' located by 'By.xpath: //*[@id="ORIGINE"]/div/div[4]/span' in '20' second(s)

2023-11-23 09:55:43 - [MESSAGE][INFO] - Smart Wait Function is triggered

2023-11-23 09:55:43 - [MESSAGE][INFO] - Found 1 web elements with id: 'Object Repository/Page_MotifDeLaDemande_Usager/select_RESSOURCES' located by 'By.xpath: //*[@id="ORIGINE"]/div/div[4]/span' in '20' second(s)

2023-11-23 09:55:43 - [MESSAGE][INFO] - Checking object

2023-11-23 09:55:43 - [MESSAGE][INFO] - Checking timeout

2023-11-23 09:55:43 - [MESSAGE][INFO] - Finding web element from Test Object's properties

2023-11-23 09:55:43 - [MESSAGE][INFO] - Checking timeout

2023-11-23 09:55:43 - [MESSAGE][INFO] - Finding web element with id: 'Object Repository/Page_MotifDeLaDemande_Usager/select_RESSOURCES' located by 'By.xpath: //*[@id="ORIGINE"]/div/div[4]/span' in '5' second(s)

2023-11-23 09:55:43 - [MESSAGE][INFO] - Smart Wait Function is triggered

2023-11-23 09:55:43 - [MESSAGE][INFO] - Found 1 web elements with id: 'Object Repository/Page_MotifDeLaDemande_Usager/select_RESSOURCES' located by 'By.xpath: //*[@id="ORIGINE"]/div/div[4]/span' in '5' second(s)

2023-11-23 09:55:43 - [MESSAGE][INFO] - Clicking on object: 'Object Repository/Page_MotifDeLaDemande_Usager/select_RESSOURCES'

2023-11-23 09:55:45 - [MESSAGE][PASSED] - Object: 'Object Repository/Page_MotifDeLaDemande_Usager/select_RESSOURCES' is clicked on

2023-11-23 09:55:45 - [TEST_STEP][PASSED] - click(findTestObject("Object Repository/Page_MotifDeLaDemande_Usager/select_Value_RESSOURCES")): Object: 'Object Repository/Page_MotifDeLaDemande_Usager/select_Value_RESSOURCES' is clicked on

2023-11-23 09:55:45 - [MESSAGE][INFO] - Finding Test Object 'Object Repository/Page_MotifDeLaDemande_Usager/select_Value_RESSOURCES'

2023-11-23 09:55:45 - [MESSAGE][INFO] - Checking timeout

2023-11-23 09:55:45 - [MESSAGE][INFO] - Finding web element with id: 'Object Repository/Page_MotifDeLaDemande_Usager/select_Value_RESSOURCES' located by 'By.xpath: //*[@id="ORIGINE"]/div/div[5]/div/ul/p-dropdownitem[2]/li/span|//*[@id="ORIGINE"]/div/div[5]/div/ul/p-dropdownitem[2]/li/span' in '20' second(s)

2023-11-23 09:55:45 - [MESSAGE][INFO] - Smart Wait Function is triggered

2023-11-23 09:55:45 - [MESSAGE][INFO] - Found 1 web elements with id: 'Object Repository/Page_MotifDeLaDemande_Usager/select_Value_RESSOURCES' located by 'By.xpath: //*[@id="ORIGINE"]/div/div[5]/div/ul/p-dropdownitem[2]/li/span|//*[@id="ORIGINE"]/div/div[5]/div/ul/p-dropdownitem[2]/li/span' in '20' second(s)

2023-11-23 09:55:45 - [MESSAGE][INFO] - Checking object

2023-11-23 09:55:45 - [MESSAGE][INFO] - Checking timeout

2023-11-23 09:55:45 - [MESSAGE][INFO] - Finding web element from Test Object's properties

2023-11-23 09:55:45 - [MESSAGE][INFO] - Checking timeout

2023-11-23 09:55:45 - [MESSAGE][INFO] - Finding web element with id: 'Object Repository/Page_MotifDeLaDemande_Usager/select_Value_RESSOURCES' located by 'By.xpath: //*[@id="ORIGINE"]/div/div[5]/div/ul/p-dropdownitem[2]/li/span|//*[@id="ORIGINE"]/div/div[5]/div/ul/p-dropdownitem[2]/li/span' in '5' second(s)

2023-11-23 09:55:45 - [MESSAGE][INFO] - Smart Wait Function is triggered

2023-11-23 09:55:45 - [MESSAGE][INFO] - Found 1 web elements with id: 'Object Repository/Page_MotifDeLaDemande_Usager/select_Value_RESSOURCES' located by 'By.xpath: //*[@id="ORIGINE"]/div/div[5]/div/ul/p-dropdownitem[2]/li/span|//*[@id="ORIGINE"]/div/div[5]/div/ul/p-dropdownitem[2]/li/span' in '5' second(s)

2023-11-23 09:55:45 - [MESSAGE][INFO] - Clicking on object: 'Object Repository/Page_MotifDeLaDemande_Usager/select_Value_RESSOURCES'

2023-11-23 09:55:47 - [MESSAGE][PASSED] - Object: 'Object Repository/Page_MotifDeLaDemande_Usager/select_Value_RESSOURCES' is clicked on

2023-11-23 09:55:47 - [TEST_STEP][PASSED] - setText(findTestObject("Object Repository/Page_MotifDeLaDemande_Usager/input_MontantParMois"), "1196.50"): Text '1196.50' is set on object 'Object Repository/Page_MotifDeLaDemande_Usager/input_MontantParMois'

2023-11-23 09:55:47 - [MESSAGE][INFO] - Finding Test Object 'Object Repository/Page_MotifDeLaDemande_Usager/input_MontantParMois'

2023-11-23 09:55:47 - [MESSAGE][INFO] - Checking timeout

2023-11-23 09:55:47 - [MESSAGE][INFO] - Finding web element with id: 'Object Repository/Page_MotifDeLaDemande_Usager/input_MontantParMois' located by 'By.xpath: //app-demande-ptinv//app-createur-entreprise//app-ressources-financieres-selector/div/div[1]/fieldset/div/app-ressource-financiere/div/div[2]/anef-input-text/div/div/div[1]/div/input|//app-demande-ptinv//app-informations-projet-innovant/div/form/app-ressources-financieres-selector/div/div[1]/fieldset/div/app-ressource-financiere/div/div[2]/anef-input-text/div/div/div[1]/div/input|//app-motif-sejour-ptart/div[2]//app-informations-artiste-non-salarie/div/form/app-ressources-financieres-selector/div/div[1]/fieldset/div/app-ressource-financiere/div/div[2]/anef-input-text/div/div/div[1]/div/input|//app-motif-sejour-ptart//app-informations-artiste-salarie//app-ressources-financieres-selector//anef-input-text/div/div/div[1]/div/input' in '20' second(s)

2023-11-23 09:55:47 - [MESSAGE][INFO] - Smart Wait Function is triggered

2023-11-23 09:55:47 - [MESSAGE][INFO] - Found 1 web elements with id: 'Object Repository/Page_MotifDeLaDemande_Usager/input_MontantParMois' located by 'By.xpath: //app-demande-ptinv//app-createur-entreprise//app-ressources-financieres-selector/div/div[1]/fieldset/div/app-ressource-financiere/div/div[2]/anef-input-text/div/div/div[1]/div/input|//app-demande-ptinv//app-informations-projet-innovant/div/form/app-ressources-financieres-selector/div/div[1]/fieldset/div/app-ressource-financiere/div/div[2]/anef-input-text/div/div/div[1]/div/input|//app-motif-sejour-ptart/div[2]//app-informations-artiste-non-salarie/div/form/app-ressources-financieres-selector/div/div[1]/fieldset/div/app-ressource-financiere/div/div[2]/anef-input-text/div/div/div[1]/div/input|//app-motif-sejour-ptart//app-informations-artiste-salarie//app-ressources-financieres-selector//anef-input-text/div/div/div[1]/div/input' in '20' second(s)

2023-11-23 09:55:47 - [MESSAGE][INFO] - Checking object

2023-11-23 09:55:47 - [MESSAGE][INFO] - Checking text

2023-11-23 09:55:47 - [MESSAGE][INFO] - Finding web element from Test Object's properties

2023-11-23 09:55:47 - [MESSAGE][INFO] - Checking timeout

2023-11-23 09:55:47 - [MESSAGE][INFO] - Finding web element with id: 'Object Repository/Page_MotifDeLaDemande_Usager/input_MontantParMois' located by 'By.xpath: //app-demande-ptinv//app-createur-entreprise//app-ressources-financieres-selector/div/div[1]/fieldset/div/app-ressource-financiere/div/div[2]/anef-input-text/div/div/div[1]/div/input|//app-demande-ptinv//app-informations-projet-innovant/div/form/app-ressources-financieres-selector/div/div[1]/fieldset/div/app-ressource-financiere/div/div[2]/anef-input-text/div/div/div[1]/div/input|//app-motif-sejour-ptart/div[2]//app-informations-artiste-non-salarie/div/form/app-ressources-financieres-selector/div/div[1]/fieldset/div/app-ressource-financiere/div/div[2]/anef-input-text/div/div/div[1]/div/input|//app-motif-sejour-ptart//app-informations-artiste-salarie//app-ressources-financieres-selector//anef-input-text/div/div/div[1]/div/input' in '5' second(s)

2023-11-23 09:55:47 - [MESSAGE][INFO] - Smart Wait Function is triggered

2023-11-23 09:55:47 - [MESSAGE][INFO] - Found 1 web elements with id: 'Object Repository/Page_MotifDeLaDemande_Usager/input_MontantParMois' located by 'By.xpath: //app-demande-ptinv//app-createur-entreprise//app-ressources-financieres-selector/div/div[1]/fieldset/div/app-ressource-financiere/div/div[2]/anef-input-text/div/div/div[1]/div/input|//app-demande-ptinv//app-informations-projet-innovant/div/form/app-ressources-financieres-selector/div/div[1]/fieldset/div/app-ressource-financiere/div/div[2]/anef-input-text/div/div/div[1]/div/input|//app-motif-sejour-ptart/div[2]//app-informations-artiste-non-salarie/div/form/app-ressources-financieres-selector/div/div[1]/fieldset/div/app-ressource-financiere/div/div[2]/anef-input-text/div/div/div[1]/div/input|//app-motif-sejour-ptart//app-informations-artiste-salarie//app-ressources-financieres-selector//anef-input-text/div/div/div[1]/div/input' in '5' second(s)

2023-11-23 09:55:47 - [MESSAGE][INFO] - Clearing text of object 'Object Repository/Page_MotifDeLaDemande_Usager/input_MontantParMois'

2023-11-23 09:55:49 - [MESSAGE][INFO] - Finding web element from Test Object's properties

2023-11-23 09:55:49 - [MESSAGE][INFO] - Checking timeout

2023-11-23 09:55:49 - [MESSAGE][INFO] - Finding web element with id: 'Object Repository/Page_MotifDeLaDemande_Usager/input_MontantParMois' located by 'By.xpath: //app-demande-ptinv//app-createur-entreprise//app-ressources-financieres-selector/div/div[1]/fieldset/div/app-ressource-financiere/div/div[2]/anef-input-text/div/div/div[1]/div/input|//app-demande-ptinv//app-informations-projet-innovant/div/form/app-ressources-financieres-selector/div/div[1]/fieldset/div/app-ressource-financiere/div/div[2]/anef-input-text/div/div/div[1]/div/input|//app-motif-sejour-ptart/div[2]//app-informations-artiste-non-salarie/div/form/app-ressources-financieres-selector/div/div[1]/fieldset/div/app-ressource-financiere/div/div[2]/anef-input-text/div/div/div[1]/div/input|//app-motif-sejour-ptart//app-informations-artiste-salarie//app-ressources-financieres-selector//anef-input-text/div/div/div[1]/div/input' in '5' second(s)

2023-11-23 09:55:49 - [MESSAGE][INFO] - Smart Wait Function is triggered

2023-11-23 09:55:49 - [MESSAGE][INFO] - Found 1 web elements with id: 'Object Repository/Page_MotifDeLaDemande_Usager/input_MontantParMois' located by 'By.xpath: //app-demande-ptinv//app-createur-entreprise//app-ressources-financieres-selector/div/div[1]/fieldset/div/app-ressource-financiere/div/div[2]/anef-input-text/div/div/div[1]/div/input|//app-demande-ptinv//app-informations-projet-innovant/div/form/app-ressources-financieres-selector/div/div[1]/fieldset/div/app-ressource-financiere/div/div[2]/anef-input-text/div/div/div[1]/div/input|//app-motif-sejour-ptart/div[2]//app-informations-artiste-non-salarie/div/form/app-ressources-financieres-selector/div/div[1]/fieldset/div/app-ressource-financiere/div/div[2]/anef-input-text/div/div/div[1]/div/input|//app-motif-sejour-ptart//app-informations-artiste-salarie//app-ressources-financieres-selector//anef-input-text/div/div/div[1]/div/input' in '5' second(s)

2023-11-23 09:55:49 - [MESSAGE][INFO] - Setting text of object 'Object Repository/Page_MotifDeLaDemande_Usager/input_MontantParMois' to value '1196.50'

2023-11-23 09:55:52 - [MESSAGE][PASSED] - Text '1196.50' is set on object 'Object Repository/Page_MotifDeLaDemande_Usager/input_MontantParMois'

2023-11-23 09:55:52 - [TEST_STEP][PASSED] - click(findTestObject("Object Repository/Page_DemarcheRenouvellement/btn_EnregistrerEtPoursuivre")): Object: 'Object Repository/Page_DemarcheRenouvellement/btn_EnregistrerEtPoursuivre' is clicked on

2023-11-23 09:55:52 - [MESSAGE][INFO] - Finding Test Object 'Object Repository/Page_DemarcheRenouvellement/btn_EnregistrerEtPoursuivre'

2023-11-23 09:55:52 - [MESSAGE][INFO] - Checking timeout

2023-11-23 09:55:52 - [MESSAGE][INFO] - Finding web element with id: 'Object Repository/Page_DemarcheRenouvellement/btn_EnregistrerEtPoursuivre' located by 'By.xpath: //span[text()='Enregistrer et poursuivre >']' in '20' second(s)

2023-11-23 09:55:52 - [MESSAGE][INFO] - Smart Wait Function is triggered

2023-11-23 09:55:52 - [MESSAGE][INFO] - Found 1 web elements with id: 'Object Repository/Page_DemarcheRenouvellement/btn_EnregistrerEtPoursuivre' located by 'By.xpath: //span[text()='Enregistrer et poursuivre >']' in '20' second(s)

2023-11-23 09:55:52 - [MESSAGE][INFO] - Checking object

2023-11-23 09:55:52 - [MESSAGE][INFO] - Checking timeout

2023-11-23 09:55:52 - [MESSAGE][INFO] - Finding web element from Test Object's properties

2023-11-23 09:55:52 - [MESSAGE][INFO] - Checking timeout

2023-11-23 09:55:52 - [MESSAGE][INFO] - Finding web element with id: 'Object Repository/Page_DemarcheRenouvellement/btn_EnregistrerEtPoursuivre' located by 'By.xpath: //span[text()='Enregistrer et poursuivre >']' in '5' second(s)

2023-11-23 09:55:52 - [MESSAGE][INFO] - Smart Wait Function is triggered

2023-11-23 09:55:52 - [MESSAGE][INFO] - Found 1 web elements with id: 'Object Repository/Page_DemarcheRenouvellement/btn_EnregistrerEtPoursuivre' located by 'By.xpath: //span[text()='Enregistrer et poursuivre >']' in '5' second(s)

2023-11-23 09:55:52 - [MESSAGE][INFO] - Clicking on object: 'Object Repository/Page_DemarcheRenouvellement/btn_EnregistrerEtPoursuivre'

2023-11-23 09:55:54 - [MESSAGE][PASSED] - Object: 'Object Repository/Page_DemarcheRenouvellement/btn_EnregistrerEtPoursuivre' is clicked on

2023-11-23 09:55:54 - [TEST_STEP][PASSED] - if (TypeTitreDeSejour == "MembreDeFamillePasseportTalent_Conjoint" && Titre == "Etudiant" || TypeTitreDeSejour == "MembreDeFamillePasseportTalent_Conjoint" && Titre == "Visiteur"): null

2023-11-23 09:55:54 - [MESSAGE][PASSED] - Call Test Case 'Test Cases/Test Reutilisable/DemandeOuRenouvelle_TitreSejour/FormulaireMotifDeLaDemande' successfully

2023-11-23 09:55:54 - [TEST_STEP][PASSED] - if (TypeTitreDeSejour == "RenouvellementDeTitreSejour" || TypeTitreDeSejour == "Visiteur" && Titre == "Etudiant" || Titre == "Visiteur"): null

2023-11-23 09:55:54 - [TEST_STEP][PASSED] - callTestCase(findTestCase("Test Reutilisable/DemandeOuRenouvelle_TitreSejour/FormulaireJustificatifs"), ["TypeTitreDeSejour":TypeTitreDeSejour, "Titre":Titre, "NumEphoto":NumEphoto], STOP_ON_FAILURE): Call Test Case 'Test Cases/Test Reutilisable/DemandeOuRenouvelle_TitreSejour/FormulaireJustificatifs' successfully

2023-11-23 09:55:54 - [MESSAGE][INFO] - Checking called Test Case

2023-11-23 09:55:54 - [MESSAGE][INFO] - Starting to call Test Case 'Test Cases/Test Reutilisable/DemandeOuRenouvelle_TitreSejour/FormulaireJustificatifs'

2023-11-23 09:55:54 - [TEST_CASE][PASSED] - Test Cases/Test Reutilisable/DemandeOuRenouvelle_TitreSejour/FormulaireJustificatifs: Test Cases/Test Reutilisable/DemandeOuRenouvelle_TitreSejour/FormulaireJustificatifs

2023-11-23 09:55:55 - [TEST_STEP][PASSED] - com.kazurayam.ksbackyard.HighlightElement.pandemic(): com.kazurayam.ksbackyard.HighlightElement.pandemic is PASSED

2023-11-23 09:55:55 - [MESSAGE][PASSED] - com.kazurayam.ksbackyard.HighlightElement.pandemic is PASSED

2023-11-23 09:55:55 - [TEST_STEP][PASSED] - RunBrowserConfiguration = getExecutionProperties(): null

2023-11-23 09:55:55 - [TEST_STEP][PASSED] - DriverName = DriverName: null

2023-11-23 09:55:55 - [TEST_STEP][PASSED] - driver = getWebDriver(): null

2023-11-23 09:55:55 - [TEST_STEP][PASSED] - wrappedDriver = driver.getWrappedDriver(): null

2023-11-23 09:55:55 - [TEST_STEP][PASSED] - out.println(wrappedDriver.getClass()): null

2023-11-23 09:55:55 - [TEST_STEP][PASSED] - if (class == com.kms.katalon.selenium.driver.CRemoteWebDriver): null

2023-11-23 09:55:55 - [TEST_STEP][PASSED] - SpecificDownloadDirectory = "": null

2023-11-23 09:55:55 - [TEST_STEP][PASSED] - if (DriverName == "FIREFOX_DRIVER"): null

2023-11-23 09:55:55 - [TEST_STEP][PASSED] - else if (class == "CRemoteWebDriver"): null

2023-11-23 09:55:55 - [TEST_STEP][PASSED] - else: null

2023-11-23 09:55:55 - [TEST_STEP][PASSED] - SpecificDownloadDirectory = getProjectDir() + "/Data Files": null

2023-11-23 09:55:55 - [TEST_STEP][PASSED] - println("SpecificDownloadDirectory : " + SpecificDownloadDirectory): null

2023-11-23 09:55:55 - [TEST_STEP][PASSED] - if (TypeTitreDeSejour == "RenouvellementDeTitreSejour" && Titre == "Etudiant"): null

2023-11-23 09:55:55 - [TEST_STEP][PASSED] - if (TypeTitreDeSejour == "RenouvellementDeTitreSejour" && Titre == "Visiteur" || TypeTitreDeSejour == "Visiteur" && Titre == "Etudiant"): null

2023-11-23 09:55:55 - [TEST_STEP][PASSED] - println("TypeTitreDeSejour :" + TypeTitreDeSejour): null

2023-11-23 09:55:55 - [TEST_STEP][PASSED] - if (TypeTitreDeSejour == "TS-PT-CarteBleueEuropeenne" || TypeTitreDeSejour == "TS-PT-SalarieEnMission"): null

2023-11-23 09:55:55 - [TEST_STEP][PASSED] - if (TypeTitreDeSejour == "TS-PT-SalarieQualifie" || TypeTitreDeSejour == "TS-PT-SalarieEntrepriseInnovante" || TypeTitreDeSejour == "ChercheurEtChercheurEnMobilite"): null

2023-11-23 09:55:55 - [TEST_STEP][PASSED] - if (TypeTitreDeSejour == "FrenchTechVisaForInvestors" || TypeTitreDeSejour == "CreateurDEntreprise"): null

2023-11-23 09:55:55 - [TEST_STEP][PASSED] - if (TypeTitreDeSejour == "CreateurDEntreprise" || TypeTitreDeSejour == "FrenchTechVisaForFounders"): null

2023-11-23 09:55:55 - [TEST_STEP][PASSED] - if (TypeTitreDeSejour == "MandataireSocial"): null

2023-11-23 09:55:55 - [TEST_STEP][PASSED] - if (TypeTitreDeSejour == "ArtisteNonSalarie" || TypeTitreDeSejour == "ArtisteSalarie"): Object: 'Object Repository/Page_DemarcheRenouvellement/btn_EnregistrerEtPoursuivre' is clicked on

2023-11-23 09:55:55 - [TEST_STEP][PASSED] - uploadFile(findTestObject("Object Repository/Page_Justificatifs_Usager/Btn_ChoisirFichier_TitreSejourValide"), SpecificDownloadDirectory + "/EtatCivil.pdf"): File 'C:/Users/hhizaoui/.git/NewProject29092023/Nouveau dossier1/21_11/ANEF-AutomatizationProject/Data Files/EtatCivil.pdf' sent to object: 'Object Repository/Page_Justificatifs_Usager/Btn_ChoisirFichier_TitreSejourValide'

2023-11-23 09:55:55 - [MESSAGE][INFO] - Finding Test Object 'Object Repository/Page_Justificatifs_Usager/Btn_ChoisirFichier_TitreSejourValide'

2023-11-23 09:55:55 - [MESSAGE][INFO] - Checking object

2023-11-23 09:55:55 - [MESSAGE][INFO] - Uploading file 'C:/Users/hhizaoui/.git/NewProject29092023/Nouveau dossier1/21_11/ANEF-AutomatizationProject/Data Files/EtatCivil.pdf' to object: 'Object Repository/Page_Justificatifs_Usager/Btn_ChoisirFichier_TitreSejourValide'

2023-11-23 09:55:55 - [MESSAGE][INFO] - Finding web element from Test Object's properties

2023-11-23 09:55:55 - [MESSAGE][INFO] - Checking timeout

2023-11-23 09:55:55 - [MESSAGE][INFO] - Finding web element with id: 'Object Repository/Page_Justificatifs_Usager/Btn_ChoisirFichier_TitreSejourValide' located by 'By.xpath: //app-justificatifs-visiteur//app-justificatif-titre-sejour//app-pieces-jointes//span[1]/input|//app-justificatifs-ptsq//app-justificatif-titre-sejour//app-pieces-jointes//span[1]/input|//app-justificatifs/div[2]/div/p-accordion/div/p-accordiontab[1]/div[2]/div/div[1]/div/app-pieces-jointes[1]/div/span[1]/input|//div/div/div/app-justificatif-titre-sejour/div/app-pieces-jointes/div/span[1]/input
' in '5' second(s)

2023-11-23 09:55:55 - [MESSAGE][INFO] - Smart Wait Function is triggered

2023-11-23 09:55:55 - [MESSAGE][INFO] - Found 1 web elements with id: 'Object Repository/Page_Justificatifs_Usager/Btn_ChoisirFichier_TitreSejourValide' located by 'By.xpath: //app-justificatifs-visiteur//app-justificatif-titre-sejour//app-pieces-jointes//span[1]/input|//app-justificatifs-ptsq//app-justificatif-titre-sejour//app-pieces-jointes//span[1]/input|//app-justificatifs/div[2]/div/p-accordion/div/p-accordiontab[1]/div[2]/div/div[1]/div/app-pieces-jointes[1]/div/span[1]/input|//div/div/div/app-justificatif-titre-sejour/div/app-pieces-jointes/div/span[1]/input
' in '5' second(s)

2023-11-23 09:55:57 - [MESSAGE][PASSED] - File 'C:/Users/hhizaoui/.git/NewProject29092023/Nouveau dossier1/21_11/ANEF-AutomatizationProject/Data Files/EtatCivil.pdf' sent to object: 'Object Repository/Page_Justificatifs_Usager/Btn_ChoisirFichier_TitreSejourValide'

2023-11-23 09:55:57 - [TEST_STEP][PASSED] - delay(5): Delayed 5 second(s)

2023-11-23 09:55:57 - [MESSAGE][INFO] - Delaying browser in 5 second(s)

2023-11-23 09:56:02 - [MESSAGE][PASSED] - Delayed 5 second(s)

2023-11-23 09:56:02 - [TEST_STEP][PASSED] - uploadFile(findTestObject("Object Repository/Page_Justificatifs_Usager/Btn_ChoisirFichier_Passeport"), SpecificDownloadDirectory + "/Passeport.pdf"): File 'C:/Users/hhizaoui/.git/NewProject29092023/Nouveau dossier1/21_11/ANEF-AutomatizationProject/Data Files/Passeport.pdf' sent to object: 'Object Repository/Page_Justificatifs_Usager/Btn_ChoisirFichier_Passeport'

2023-11-23 09:56:02 - [MESSAGE][INFO] - Finding Test Object 'Object Repository/Page_Justificatifs_Usager/Btn_ChoisirFichier_Passeport'

2023-11-23 09:56:02 - [MESSAGE][INFO] - Checking object

2023-11-23 09:56:02 - [MESSAGE][INFO] - Uploading file 'C:/Users/hhizaoui/.git/NewProject29092023/Nouveau dossier1/21_11/ANEF-AutomatizationProject/Data Files/Passeport.pdf' to object: 'Object Repository/Page_Justificatifs_Usager/Btn_ChoisirFichier_Passeport'

2023-11-23 09:56:02 - [MESSAGE][INFO] - Finding web element from Test Object's properties

2023-11-23 09:56:02 - [MESSAGE][INFO] - Checking timeout

2023-11-23 09:56:02 - [MESSAGE][INFO] - Finding web element with id: 'Object Repository/Page_Justificatifs_Usager/Btn_ChoisirFichier_Passeport' located by 'By.xpath: //app-justificatifs-visiteur//app-justificatif-passeport//app-pieces-jointes//span[1]/input|//app-justificatifs-ptsq//app-justificatif-passeport//app-pieces-jointes//span[1]/input|//app-justificatifs/div[2]/div/p-accordion/div/p-accordiontab[1]/div[2]/div/div[1]/div/app-pieces-jointes[2]/div/span[1]/input|//div/div/app-justificatif-passeport/div/app-pieces-jointes/div/span[1]/input' in '5' second(s)

2023-11-23 09:56:02 - [MESSAGE][INFO] - Smart Wait Function is triggered

2023-11-23 09:56:02 - [MESSAGE][INFO] - Found 1 web elements with id: 'Object Repository/Page_Justificatifs_Usager/Btn_ChoisirFichier_Passeport' located by 'By.xpath: //app-justificatifs-visiteur//app-justificatif-passeport//app-pieces-jointes//span[1]/input|//app-justificatifs-ptsq//app-justificatif-passeport//app-pieces-jointes//span[1]/input|//app-justificatifs/div[2]/div/p-accordion/div/p-accordiontab[1]/div[2]/div/div[1]/div/app-pieces-jointes[2]/div/span[1]/input|//div/div/app-justificatif-passeport/div/app-pieces-jointes/div/span[1]/input' in '5' second(s)

2023-11-23 09:56:04 - [MESSAGE][PASSED] - File 'C:/Users/hhizaoui/.git/NewProject29092023/Nouveau dossier1/21_11/ANEF-AutomatizationProject/Data Files/Passeport.pdf' sent to object: 'Object Repository/Page_Justificatifs_Usager/Btn_ChoisirFichier_Passeport'

2023-11-23 09:56:04 - [TEST_STEP][PASSED] - delay(5): Delayed 5 second(s)

2023-11-23 09:56:04 - [MESSAGE][INFO] - Delaying browser in 5 second(s)

2023-11-23 09:56:09 - [MESSAGE][PASSED] - Delayed 5 second(s)

2023-11-23 09:56:09 - [TEST_STEP][PASSED] - setText(findTestObject("Object Repository/Page_Justificatifs_Usager/Input_Numero_Ephoto"), NumEphoto): Text '1PMTYE991215114515JY05' is set on object 'Object Repository/Page_Justificatifs_Usager/Input_Numero_Ephoto'

2023-11-23 09:56:09 - [MESSAGE][INFO] - Finding Test Object 'Object Repository/Page_Justificatifs_Usager/Input_Numero_Ephoto'

2023-11-23 09:56:09 - [MESSAGE][INFO] - Checking timeout

2023-11-23 09:56:09 - [MESSAGE][INFO] - Finding web element with id: 'Object Repository/Page_Justificatifs_Usager/Input_Numero_Ephoto' located by 'By.xpath: //*[@aria-labelledby="PHOTO_NUMBER-label"]|//*[@aria-labelledby="PHOTO_IDENTITE-label"]' in '20' second(s)

2023-11-23 09:56:09 - [MESSAGE][INFO] - Smart Wait Function is triggered

2023-11-23 09:56:09 - [MESSAGE][INFO] - Found 1 web elements with id: 'Object Repository/Page_Justificatifs_Usager/Input_Numero_Ephoto' located by 'By.xpath: //*[@aria-labelledby="PHOTO_NUMBER-label"]|//*[@aria-labelledby="PHOTO_IDENTITE-label"]' in '20' second(s)

2023-11-23 09:56:09 - [MESSAGE][INFO] - Checking object

2023-11-23 09:56:09 - [MESSAGE][INFO] - Checking text

2023-11-23 09:56:09 - [MESSAGE][INFO] - Finding web element from Test Object's properties

2023-11-23 09:56:09 - [MESSAGE][INFO] - Checking timeout

2023-11-23 09:56:09 - [MESSAGE][INFO] - Finding web element with id: 'Object Repository/Page_Justificatifs_Usager/Input_Numero_Ephoto' located by 'By.xpath: //*[@aria-labelledby="PHOTO_NUMBER-label"]|//*[@aria-labelledby="PHOTO_IDENTITE-label"]' in '5' second(s)

2023-11-23 09:56:09 - [MESSAGE][INFO] - Smart Wait Function is triggered

2023-11-23 09:56:09 - [MESSAGE][INFO] - Found 1 web elements with id: 'Object Repository/Page_Justificatifs_Usager/Input_Numero_Ephoto' located by 'By.xpath: //*[@aria-labelledby="PHOTO_NUMBER-label"]|//*[@aria-labelledby="PHOTO_IDENTITE-label"]' in '5' second(s)

2023-11-23 09:56:09 - [MESSAGE][INFO] - Clearing text of object 'Object Repository/Page_Justificatifs_Usager/Input_Numero_Ephoto'

2023-11-23 09:56:12 - [MESSAGE][INFO] - Finding web element from Test Object's properties

2023-11-23 09:56:12 - [MESSAGE][INFO] - Checking timeout

2023-11-23 09:56:12 - [MESSAGE][INFO] - Finding web element with id: 'Object Repository/Page_Justificatifs_Usager/Input_Numero_Ephoto' located by 'By.xpath: //*[@aria-labelledby="PHOTO_NUMBER-label"]|//*[@aria-labelledby="PHOTO_IDENTITE-label"]' in '5' second(s)

2023-11-23 09:56:12 - [MESSAGE][INFO] - Smart Wait Function is triggered

2023-11-23 09:56:12 - [MESSAGE][INFO] - Found 1 web elements with id: 'Object Repository/Page_Justificatifs_Usager/Input_Numero_Ephoto' located by 'By.xpath: //*[@aria-labelledby="PHOTO_NUMBER-label"]|//*[@aria-labelledby="PHOTO_IDENTITE-label"]' in '5' second(s)

2023-11-23 09:56:12 - [MESSAGE][INFO] - Setting text of object 'Object Repository/Page_Justificatifs_Usager/Input_Numero_Ephoto' to value '1PMTYE991215114515JY05'

2023-11-23 09:56:14 - [MESSAGE][PASSED] - Text '1PMTYE991215114515JY05' is set on object 'Object Repository/Page_Justificatifs_Usager/Input_Numero_Ephoto'

2023-11-23 09:56:14 - [TEST_STEP][PASSED] - click(findTestObject("Object Repository/Page_Justificatifs_Usager/Btn_ConfirmerNumeroEphoto")): Object: 'Object Repository/Page_Justificatifs_Usager/Btn_ConfirmerNumeroEphoto' is clicked on

2023-11-23 09:56:14 - [MESSAGE][INFO] - Finding Test Object 'Object Repository/Page_Justificatifs_Usager/Btn_ConfirmerNumeroEphoto'

2023-11-23 09:56:14 - [MESSAGE][INFO] - Checking timeout

2023-11-23 09:56:14 - [MESSAGE][INFO] - Finding web element with id: 'Object Repository/Page_Justificatifs_Usager/Btn_ConfirmerNumeroEphoto' located by 'By.xpath: //div/app-e-photo//div/button/span|//app-justificatifs/div[2]/div/p-accordion/div/p-accordiontab[1]/div[2]/div/div[1]/div/button/span' in '20' second(s)

2023-11-23 09:56:14 - [MESSAGE][INFO] - Smart Wait Function is triggered

2023-11-23 09:56:14 - [MESSAGE][INFO] - Found 1 web elements with id: 'Object Repository/Page_Justificatifs_Usager/Btn_ConfirmerNumeroEphoto' located by 'By.xpath: //div/app-e-photo//div/button/span|//app-justificatifs/div[2]/div/p-accordion/div/p-accordiontab[1]/div[2]/div/div[1]/div/button/span' in '20' second(s)

2023-11-23 09:56:14 - [MESSAGE][INFO] - Checking object

2023-11-23 09:56:14 - [MESSAGE][INFO] - Checking timeout

2023-11-23 09:56:14 - [MESSAGE][INFO] - Finding web element from Test Object's properties

2023-11-23 09:56:14 - [MESSAGE][INFO] - Checking timeout

2023-11-23 09:56:14 - [MESSAGE][INFO] - Finding web element with id: 'Object Repository/Page_Justificatifs_Usager/Btn_ConfirmerNumeroEphoto' located by 'By.xpath: //div/app-e-photo//div/button/span|//app-justificatifs/div[2]/div/p-accordion/div/p-accordiontab[1]/div[2]/div/div[1]/div/button/span' in '5' second(s)

2023-11-23 09:56:14 - [MESSAGE][INFO] - Smart Wait Function is triggered

2023-11-23 09:56:14 - [MESSAGE][INFO] - Found 1 web elements with id: 'Object Repository/Page_Justificatifs_Usager/Btn_ConfirmerNumeroEphoto' located by 'By.xpath: //div/app-e-photo//div/button/span|//app-justificatifs/div[2]/div/p-accordion/div/p-accordiontab[1]/div[2]/div/div[1]/div/button/span' in '5' second(s)

2023-11-23 09:56:14 - [MESSAGE][INFO] - Clicking on object: 'Object Repository/Page_Justificatifs_Usager/Btn_ConfirmerNumeroEphoto'

2023-11-23 09:56:16 - [MESSAGE][PASSED] - Object: 'Object Repository/Page_Justificatifs_Usager/Btn_ConfirmerNumeroEphoto' is clicked on

2023-11-23 09:56:16 - [TEST_STEP][PASSED] - delay(5): Delayed 5 second(s)

2023-11-23 09:56:16 - [MESSAGE][INFO] - Delaying browser in 5 second(s)

2023-11-23 09:56:21 - [MESSAGE][PASSED] - Delayed 5 second(s)

2023-11-23 09:56:21 - [TEST_STEP][PASSED] - uploadFile(findTestObject("Object Repository/Page_Justificatifs_Usager/Btn_ChoisirFichier_Domiciliation"), SpecificDownloadDirectory + "/Domiciliation.pdf"): File 'C:/Users/hhizaoui/.git/NewProject29092023/Nouveau dossier1/21_11/ANEF-AutomatizationProject/Data Files/Domiciliation.pdf' sent to object: 'Object Repository/Page_Justificatifs_Usager/Btn_ChoisirFichier_Domiciliation'

2023-11-23 09:56:21 - [MESSAGE][INFO] - Finding Test Object 'Object Repository/Page_Justificatifs_Usager/Btn_ChoisirFichier_Domiciliation'

2023-11-23 09:56:21 - [MESSAGE][INFO] - Checking object

2023-11-23 09:56:21 - [MESSAGE][INFO] - Uploading file 'C:/Users/hhizaoui/.git/NewProject29092023/Nouveau dossier1/21_11/ANEF-AutomatizationProject/Data Files/Domiciliation.pdf' to object: 'Object Repository/Page_Justificatifs_Usager/Btn_ChoisirFichier_Domiciliation'

2023-11-23 09:56:21 - [MESSAGE][INFO] - Finding web element from Test Object's properties

2023-11-23 09:56:21 - [MESSAGE][INFO] - Checking timeout

2023-11-23 09:56:21 - [MESSAGE][INFO] - Finding web element with id: 'Object Repository/Page_Justificatifs_Usager/Btn_ChoisirFichier_Domiciliation' located by 'By.xpath: //app-justificatifs-visiteur//app-justificatifs-domiciliation//app-pieces-jointes//span[1]/input|//app-justificatifs-ptsq//app-justificatifs-domiciliation//app-pieces-jointes//span[1]/input|//app-justificatifs/div[2]/div/p-accordion/div/p-accordiontab[1]/div[2]/div/div[2]/div/app-pieces-jointes/div/span[1]/input|//div/app-justificatifs-domiciliation/div/div/app-pieces-jointes/div/span[1]/input' in '5' second(s)

2023-11-23 09:56:21 - [MESSAGE][INFO] - Smart Wait Function is triggered

2023-11-23 09:56:21 - [MESSAGE][INFO] - Found 1 web elements with id: 'Object Repository/Page_Justificatifs_Usager/Btn_ChoisirFichier_Domiciliation' located by 'By.xpath: //app-justificatifs-visiteur//app-justificatifs-domiciliation//app-pieces-jointes//span[1]/input|//app-justificatifs-ptsq//app-justificatifs-domiciliation//app-pieces-jointes//span[1]/input|//app-justificatifs/div[2]/div/p-accordion/div/p-accordiontab[1]/div[2]/div/div[2]/div/app-pieces-jointes/div/span[1]/input|//div/app-justificatifs-domiciliation/div/div/app-pieces-jointes/div/span[1]/input' in '5' second(s)

2023-11-23 09:56:23 - [MESSAGE][PASSED] - File 'C:/Users/hhizaoui/.git/NewProject29092023/Nouveau dossier1/21_11/ANEF-AutomatizationProject/Data Files/Domiciliation.pdf' sent to object: 'Object Repository/Page_Justificatifs_Usager/Btn_ChoisirFichier_Domiciliation'

2023-11-23 09:56:23 - [TEST_STEP][PASSED] - delay(5): Delayed 5 second(s)

2023-11-23 09:56:23 - [MESSAGE][INFO] - Delaying browser in 5 second(s)

2023-11-23 09:56:28 - [MESSAGE][PASSED] - Delayed 5 second(s)

2023-11-23 09:56:28 - [TEST_STEP][PASSED] - uploadFile(findTestObject("Object Repository/Page_Justificatifs_Usager/Btn_ChoisirFichier_ToutDocumentJustifiantLaRealisationDuProjet"), SpecificDownloadDirectory + "/ToutDocumentJustifiantLaRealisationDuProjet.pdf"): File 'C:/Users/hhizaoui/.git/NewProject29092023/Nouveau dossier1/21_11/ANEF-AutomatizationProject/Data Files/ToutDocumentJustifiantLaRealisationDuProjet.pdf' sent to object: 'Object Repository/Page_Justificatifs_Usager/Btn_ChoisirFichier_ToutDocumentJustifiantLaRealisationDuProjet'

2023-11-23 09:56:28 - [MESSAGE][INFO] - Finding Test Object 'Object Repository/Page_Justificatifs_Usager/Btn_ChoisirFichier_ToutDocumentJustifiantLaRealisationDuProjet'

2023-11-23 09:56:29 - [MESSAGE][INFO] - Checking object

2023-11-23 09:56:29 - [MESSAGE][INFO] - Uploading file 'C:/Users/hhizaoui/.git/NewProject29092023/Nouveau dossier1/21_11/ANEF-AutomatizationProject/Data Files/ToutDocumentJustifiantLaRealisationDuProjet.pdf' to object: 'Object Repository/Page_Justificatifs_Usager/Btn_ChoisirFichier_ToutDocumentJustifiantLaRealisationDuProjet'

2023-11-23 09:56:29 - [MESSAGE][INFO] - Finding web element from Test Object's properties

2023-11-23 09:56:29 - [MESSAGE][INFO] - Checking timeout

2023-11-23 09:56:29 - [MESSAGE][INFO] - Finding web element with id: 'Object Repository/Page_Justificatifs_Usager/Btn_ChoisirFichier_ToutDocumentJustifiantLaRealisationDuProjet' located by 'By.xpath: //div/div[1]/app-justificatifs-motif-sejour/div/app-pieces-jointes/div/span[1]/input|//div/div[3]/app-justificatifs-motif-sejour/div/app-pieces-jointes/div/span[1]/input|//div/div[12]/app-justificatifs-motif-sejour/div/app-pieces-jointes/div/span[1]/input' in '5' second(s)

2023-11-23 09:56:29 - [MESSAGE][INFO] - Smart Wait Function is triggered

2023-11-23 09:56:29 - [MESSAGE][INFO] - Found 1 web elements with id: 'Object Repository/Page_Justificatifs_Usager/Btn_ChoisirFichier_ToutDocumentJustifiantLaRealisationDuProjet' located by 'By.xpath: //div/div[1]/app-justificatifs-motif-sejour/div/app-pieces-jointes/div/span[1]/input|//div/div[3]/app-justificatifs-motif-sejour/div/app-pieces-jointes/div/span[1]/input|//div/div[12]/app-justificatifs-motif-sejour/div/app-pieces-jointes/div/span[1]/input' in '5' second(s)

2023-11-23 09:56:31 - [MESSAGE][PASSED] - File 'C:/Users/hhizaoui/.git/NewProject29092023/Nouveau dossier1/21_11/ANEF-AutomatizationProject/Data Files/ToutDocumentJustifiantLaRealisationDuProjet.pdf' sent to object: 'Object Repository/Page_Justificatifs_Usager/Btn_ChoisirFichier_ToutDocumentJustifiantLaRealisationDuProjet'

2023-11-23 09:56:31 - [TEST_STEP][PASSED] - delay(5): Delayed 5 second(s)

2023-11-23 09:56:31 - [MESSAGE][INFO] - Delaying browser in 5 second(s)

2023-11-23 09:56:36 - [MESSAGE][PASSED] - Delayed 5 second(s)

2023-11-23 09:56:36 - [TEST_STEP][PASSED] - uploadFile(findTestObject("Object Repository/Page_Justificatifs_Usager/Btn_ChoisirFichier_DernierAvisDImposition"), SpecificDownloadDirectory + "/DernierAvisDImposition.pdf"): File 'C:/Users/hhizaoui/.git/NewProject29092023/Nouveau dossier1/21_11/ANEF-AutomatizationProject/Data Files/DernierAvisDImposition.pdf' sent to object: 'Object Repository/Page_Justificatifs_Usager/Btn_ChoisirFichier_DernierAvisDImposition'

2023-11-23 09:56:36 - [MESSAGE][INFO] - Finding Test Object 'Object Repository/Page_Justificatifs_Usager/Btn_ChoisirFichier_DernierAvisDImposition'

2023-11-23 09:56:36 - [MESSAGE][INFO] - Checking object

2023-11-23 09:56:36 - [MESSAGE][INFO] - Uploading file 'C:/Users/hhizaoui/.git/NewProject29092023/Nouveau dossier1/21_11/ANEF-AutomatizationProject/Data Files/DernierAvisDImposition.pdf' to object: 'Object Repository/Page_Justificatifs_Usager/Btn_ChoisirFichier_DernierAvisDImposition'

2023-11-23 09:56:36 - [MESSAGE][INFO] - Finding web element from Test Object's properties

2023-11-23 09:56:36 - [MESSAGE][INFO] - Checking timeout

2023-11-23 09:56:36 - [MESSAGE][INFO] - Finding web element with id: 'Object Repository/Page_Justificatifs_Usager/Btn_ChoisirFichier_DernierAvisDImposition' located by 'By.xpath: //div/div[10]/app-justificatifs-motif-sejour/div/app-pieces-jointes/div/span[1]/input|//div/div[4]/app-justificatifs-motif-sejour/div/app-pieces-jointes/div/span[1]/input|//div/div[13]/app-justificatifs-motif-sejour/div/app-pieces-jointes/div/span[1]/input|//div/div[4]/app-justificatifs-motif-sejour/div/app-pieces-jointes/div/span[1]/input|//div/div[2]/app-justificatifs-motif-sejour/div/app-pieces-jointes/div/span[1]/input' in '5' second(s)

2023-11-23 09:56:36 - [MESSAGE][INFO] - Smart Wait Function is triggered

2023-11-23 09:56:36 - [MESSAGE][INFO] - Found 1 web elements with id: 'Object Repository/Page_Justificatifs_Usager/Btn_ChoisirFichier_DernierAvisDImposition' located by 'By.xpath: //div/div[10]/app-justificatifs-motif-sejour/div/app-pieces-jointes/div/span[1]/input|//div/div[4]/app-justificatifs-motif-sejour/div/app-pieces-jointes/div/span[1]/input|//div/div[13]/app-justificatifs-motif-sejour/div/app-pieces-jointes/div/span[1]/input|//div/div[4]/app-justificatifs-motif-sejour/div/app-pieces-jointes/div/span[1]/input|//div/div[2]/app-justificatifs-motif-sejour/div/app-pieces-jointes/div/span[1]/input' in '5' second(s)

2023-11-23 09:56:38 - [MESSAGE][PASSED] - File 'C:/Users/hhizaoui/.git/NewProject29092023/Nouveau dossier1/21_11/ANEF-AutomatizationProject/Data Files/DernierAvisDImposition.pdf' sent to object: 'Object Repository/Page_Justificatifs_Usager/Btn_ChoisirFichier_DernierAvisDImposition'

2023-11-23 09:56:38 - [TEST_STEP][PASSED] - delay(5): Delayed 5 second(s)

2023-11-23 09:56:38 - [MESSAGE][INFO] - Delaying browser in 5 second(s)

2023-11-23 09:56:43 - [MESSAGE][PASSED] - Delayed 5 second(s)

2023-11-23 09:56:43 - [TEST_STEP][PASSED] - click(findTestObject("Object Repository/Page_DemarcheRenouvellement/btn_EnregistrerEtPoursuivre")): Object: 'Object Repository/Page_DemarcheRenouvellement/btn_EnregistrerEtPoursuivre' is clicked on

2023-11-23 09:56:43 - [MESSAGE][INFO] - Finding Test Object 'Object Repository/Page_DemarcheRenouvellement/btn_EnregistrerEtPoursuivre'

2023-11-23 09:56:43 - [MESSAGE][INFO] - Checking timeout

2023-11-23 09:56:43 - [MESSAGE][INFO] - Finding web element with id: 'Object Repository/Page_DemarcheRenouvellement/btn_EnregistrerEtPoursuivre' located by 'By.xpath: //span[text()='Enregistrer et poursuivre >']' in '20' second(s)

2023-11-23 09:56:43 - [MESSAGE][INFO] - Smart Wait Function is triggered

2023-11-23 09:56:43 - [MESSAGE][INFO] - Found 1 web elements with id: 'Object Repository/Page_DemarcheRenouvellement/btn_EnregistrerEtPoursuivre' located by 'By.xpath: //span[text()='Enregistrer et poursuivre >']' in '20' second(s)

2023-11-23 09:56:43 - [MESSAGE][INFO] - Checking object

2023-11-23 09:56:43 - [MESSAGE][INFO] - Checking timeout

2023-11-23 09:56:43 - [MESSAGE][INFO] - Finding web element from Test Object's properties

2023-11-23 09:56:43 - [MESSAGE][INFO] - Checking timeout

2023-11-23 09:56:43 - [MESSAGE][INFO] - Finding web element with id: 'Object Repository/Page_DemarcheRenouvellement/btn_EnregistrerEtPoursuivre' located by 'By.xpath: //span[text()='Enregistrer et poursuivre >']' in '5' second(s)

2023-11-23 09:56:43 - [MESSAGE][INFO] - Smart Wait Function is triggered

2023-11-23 09:56:43 - [MESSAGE][INFO] - Found 1 web elements with id: 'Object Repository/Page_DemarcheRenouvellement/btn_EnregistrerEtPoursuivre' located by 'By.xpath: //span[text()='Enregistrer et poursuivre >']' in '5' second(s)

2023-11-23 09:56:43 - [MESSAGE][INFO] - Clicking on object: 'Object Repository/Page_DemarcheRenouvellement/btn_EnregistrerEtPoursuivre'

2023-11-23 09:56:45 - [MESSAGE][PASSED] - Object: 'Object Repository/Page_DemarcheRenouvellement/btn_EnregistrerEtPoursuivre' is clicked on

2023-11-23 09:56:45 - [TEST_STEP][PASSED] - if (TypeTitreDeSejour == "MembreDeFamillePasseportTalent_Conjoint"): null

2023-11-23 09:56:45 - [MESSAGE][PASSED] - Call Test Case 'Test Cases/Test Reutilisable/DemandeOuRenouvelle_TitreSejour/FormulaireJustificatifs' successfully

2023-11-23 09:56:45 - [TEST_STEP][PASSED] - callTestCase(findTestCase("Test Reutilisable/DemandeOuRenouvelle_TitreSejour/FormulaireRecapitulatif"), ["Titre":Titre, "TypeTitreDeSejour":TypeTitreDeSejour], STOP_ON_FAILURE): Call Test Case 'Test Cases/Test Reutilisable/DemandeOuRenouvelle_TitreSejour/FormulaireRecapitulatif' successfully

2023-11-23 09:56:45 - [MESSAGE][INFO] - Checking called Test Case

2023-11-23 09:56:45 - [MESSAGE][INFO] - Starting to call Test Case 'Test Cases/Test Reutilisable/DemandeOuRenouvelle_TitreSejour/FormulaireRecapitulatif'

2023-11-23 09:56:45 - [TEST_CASE][PASSED] - Test Cases/Test Reutilisable/DemandeOuRenouvelle_TitreSejour/FormulaireRecapitulatif: Test Cases/Test Reutilisable/DemandeOuRenouvelle_TitreSejour/FormulaireRecapitulatif

2023-11-23 09:56:46 - [TEST_STEP][PASSED] - com.kazurayam.ksbackyard.HighlightElement.pandemic(): com.kazurayam.ksbackyard.HighlightElement.pandemic is PASSED

2023-11-23 09:56:46 - [MESSAGE][PASSED] - com.kazurayam.ksbackyard.HighlightElement.pandemic is PASSED

2023-11-23 09:56:46 - [TEST_STEP][PASSED] - delay(5): Delayed 5 second(s)

2023-11-23 09:56:46 - [MESSAGE][INFO] - Delaying browser in 5 second(s)

2023-11-23 09:56:51 - [MESSAGE][PASSED] - Delayed 5 second(s)

2023-11-23 09:56:51 - [TEST_STEP][PASSED] - if (TypeTitreDeSejour == "RenouvellementDeTitreSejour" || TypeTitreDeSejour == "Visiteur" && Titre == "Visiteur" || Titre == "Etudiant"): null

2023-11-23 09:56:51 - [TEST_STEP][PASSED] - else: Delayed 30 second(s)

2023-11-23 09:56:51 - [TEST_STEP][PASSED] - click(findTestObject("Object Repository/Page_Recapitulatif_Usager/Btn_ValiderEtVerifierLaSuiteDeMaSaisie_1sur4")): Object: 'Object Repository/Page_Recapitulatif_Usager/Btn_ValiderEtVerifierLaSuiteDeMaSaisie_1sur4' is clicked on

2023-11-23 09:56:51 - [MESSAGE][INFO] - Finding Test Object 'Object Repository/Page_Recapitulatif_Usager/Btn_ValiderEtVerifierLaSuiteDeMaSaisie_1sur4'

2023-11-23 09:56:51 - [MESSAGE][INFO] - Checking timeout

2023-11-23 09:56:51 - [MESSAGE][INFO] - Finding web element with id: 'Object Repository/Page_Recapitulatif_Usager/Btn_ValiderEtVerifierLaSuiteDeMaSaisie_1sur4' located by 'By.xpath: //div[2]/div/p-accordion/div/p-accordiontab[1]/div[2]/div/app-actions-bar/div/div[2]/button/span' in '20' second(s)

2023-11-23 09:56:51 - [MESSAGE][INFO] - Smart Wait Function is triggered

2023-11-23 09:56:51 - [MESSAGE][INFO] - Found 1 web elements with id: 'Object Repository/Page_Recapitulatif_Usager/Btn_ValiderEtVerifierLaSuiteDeMaSaisie_1sur4' located by 'By.xpath: //div[2]/div/p-accordion/div/p-accordiontab[1]/div[2]/div/app-actions-bar/div/div[2]/button/span' in '20' second(s)

2023-11-23 09:56:51 - [MESSAGE][INFO] - Checking object

2023-11-23 09:56:51 - [MESSAGE][INFO] - Checking timeout

2023-11-23 09:56:51 - [MESSAGE][INFO] - Finding web element from Test Object's properties

2023-11-23 09:56:51 - [MESSAGE][INFO] - Checking timeout

2023-11-23 09:56:51 - [MESSAGE][INFO] - Finding web element with id: 'Object Repository/Page_Recapitulatif_Usager/Btn_ValiderEtVerifierLaSuiteDeMaSaisie_1sur4' located by 'By.xpath: //div[2]/div/p-accordion/div/p-accordiontab[1]/div[2]/div/app-actions-bar/div/div[2]/button/span' in '5' second(s)

2023-11-23 09:56:51 - [MESSAGE][INFO] - Smart Wait Function is triggered

2023-11-23 09:56:51 - [MESSAGE][INFO] - Found 1 web elements with id: 'Object Repository/Page_Recapitulatif_Usager/Btn_ValiderEtVerifierLaSuiteDeMaSaisie_1sur4' located by 'By.xpath: //div[2]/div/p-accordion/div/p-accordiontab[1]/div[2]/div/app-actions-bar/div/div[2]/button/span' in '5' second(s)

2023-11-23 09:56:51 - [MESSAGE][INFO] - Clicking on object: 'Object Repository/Page_Recapitulatif_Usager/Btn_ValiderEtVerifierLaSuiteDeMaSaisie_1sur4'

2023-11-23 09:56:53 - [MESSAGE][PASSED] - Object: 'Object Repository/Page_Recapitulatif_Usager/Btn_ValiderEtVerifierLaSuiteDeMaSaisie_1sur4' is clicked on

2023-11-23 09:56:53 - [TEST_STEP][PASSED] - delay(2): Delayed 2 second(s)

2023-11-23 09:56:53 - [MESSAGE][INFO] - Delaying browser in 2 second(s)

2023-11-23 09:56:55 - [MESSAGE][PASSED] - Delayed 2 second(s)

2023-11-23 09:56:55 - [TEST_STEP][PASSED] - click(findTestObject("Object Repository/Page_Recapitulatif_Usager/Btn_ValiderEtVerifierLaSuiteDeMaSaisie_2sur4")): Object: 'Object Repository/Page_Recapitulatif_Usager/Btn_ValiderEtVerifierLaSuiteDeMaSaisie_2sur4' is clicked on

2023-11-23 09:56:55 - [MESSAGE][INFO] - Finding Test Object 'Object Repository/Page_Recapitulatif_Usager/Btn_ValiderEtVerifierLaSuiteDeMaSaisie_2sur4'

2023-11-23 09:56:55 - [MESSAGE][INFO] - Checking timeout

2023-11-23 09:56:55 - [MESSAGE][INFO] - Finding web element with id: 'Object Repository/Page_Recapitulatif_Usager/Btn_ValiderEtVerifierLaSuiteDeMaSaisie_2sur4' located by 'By.xpath: //div[2]/div/p-accordion/div/p-accordiontab[2]/div[2]/div/app-actions-bar/div/div[2]/button/span' in '20' second(s)

2023-11-23 09:56:55 - [MESSAGE][INFO] - Smart Wait Function is triggered

2023-11-23 09:56:55 - [MESSAGE][INFO] - Found 1 web elements with id: 'Object Repository/Page_Recapitulatif_Usager/Btn_ValiderEtVerifierLaSuiteDeMaSaisie_2sur4' located by 'By.xpath: //div[2]/div/p-accordion/div/p-accordiontab[2]/div[2]/div/app-actions-bar/div/div[2]/button/span' in '20' second(s)

2023-11-23 09:56:55 - [MESSAGE][INFO] - Checking object

2023-11-23 09:56:55 - [MESSAGE][INFO] - Checking timeout

2023-11-23 09:56:55 - [MESSAGE][INFO] - Finding web element from Test Object's properties

2023-11-23 09:56:55 - [MESSAGE][INFO] - Checking timeout

2023-11-23 09:56:55 - [MESSAGE][INFO] - Finding web element with id: 'Object Repository/Page_Recapitulatif_Usager/Btn_ValiderEtVerifierLaSuiteDeMaSaisie_2sur4' located by 'By.xpath: //div[2]/div/p-accordion/div/p-accordiontab[2]/div[2]/div/app-actions-bar/div/div[2]/button/span' in '5' second(s)

2023-11-23 09:56:55 - [MESSAGE][INFO] - Smart Wait Function is triggered

2023-11-23 09:56:55 - [MESSAGE][INFO] - Found 1 web elements with id: 'Object Repository/Page_Recapitulatif_Usager/Btn_ValiderEtVerifierLaSuiteDeMaSaisie_2sur4' located by 'By.xpath: //div[2]/div/p-accordion/div/p-accordiontab[2]/div[2]/div/app-actions-bar/div/div[2]/button/span' in '5' second(s)

2023-11-23 09:56:55 - [MESSAGE][INFO] - Clicking on object: 'Object Repository/Page_Recapitulatif_Usager/Btn_ValiderEtVerifierLaSuiteDeMaSaisie_2sur4'

2023-11-23 09:56:57 - [MESSAGE][PASSED] - Object: 'Object Repository/Page_Recapitulatif_Usager/Btn_ValiderEtVerifierLaSuiteDeMaSaisie_2sur4' is clicked on

2023-11-23 09:56:57 - [TEST_STEP][PASSED] - delay(2): Delayed 2 second(s)

2023-11-23 09:56:57 - [MESSAGE][INFO] - Delaying browser in 2 second(s)

2023-11-23 09:56:59 - [MESSAGE][PASSED] - Delayed 2 second(s)

2023-11-23 09:56:59 - [TEST_STEP][PASSED] - click(findTestObject("Object Repository/Page_Recapitulatif_Usager/Btn_ValiderEtVerifierLaSuiteDeMaSaisie_3sur4")): Object: 'Object Repository/Page_Recapitulatif_Usager/Btn_ValiderEtVerifierLaSuiteDeMaSaisie_3sur4' is clicked on

2023-11-23 09:57:00 - [MESSAGE][INFO] - Finding Test Object 'Object Repository/Page_Recapitulatif_Usager/Btn_ValiderEtVerifierLaSuiteDeMaSaisie_3sur4'

2023-11-23 09:57:00 - [MESSAGE][INFO] - Checking timeout

2023-11-23 09:57:00 - [MESSAGE][INFO] - Finding web element with id: 'Object Repository/Page_Recapitulatif_Usager/Btn_ValiderEtVerifierLaSuiteDeMaSaisie_3sur4' located by 'By.xpath: //div[2]/div/p-accordion/div/p-accordiontab[3]/div[2]/div/app-actions-bar/div/div[2]/button/span' in '20' second(s)

2023-11-23 09:57:00 - [MESSAGE][INFO] - Smart Wait Function is triggered

2023-11-23 09:57:00 - [MESSAGE][INFO] - Found 1 web elements with id: 'Object Repository/Page_Recapitulatif_Usager/Btn_ValiderEtVerifierLaSuiteDeMaSaisie_3sur4' located by 'By.xpath: //div[2]/div/p-accordion/div/p-accordiontab[3]/div[2]/div/app-actions-bar/div/div[2]/button/span' in '20' second(s)

2023-11-23 09:57:00 - [MESSAGE][INFO] - Checking object

2023-11-23 09:57:00 - [MESSAGE][INFO] - Checking timeout

2023-11-23 09:57:00 - [MESSAGE][INFO] - Finding web element from Test Object's properties

2023-11-23 09:57:00 - [MESSAGE][INFO] - Checking timeout

2023-11-23 09:57:00 - [MESSAGE][INFO] - Finding web element with id: 'Object Repository/Page_Recapitulatif_Usager/Btn_ValiderEtVerifierLaSuiteDeMaSaisie_3sur4' located by 'By.xpath: //div[2]/div/p-accordion/div/p-accordiontab[3]/div[2]/div/app-actions-bar/div/div[2]/button/span' in '5' second(s)

2023-11-23 09:57:00 - [MESSAGE][INFO] - Smart Wait Function is triggered

2023-11-23 09:57:00 - [MESSAGE][INFO] - Found 1 web elements with id: 'Object Repository/Page_Recapitulatif_Usager/Btn_ValiderEtVerifierLaSuiteDeMaSaisie_3sur4' located by 'By.xpath: //div[2]/div/p-accordion/div/p-accordiontab[3]/div[2]/div/app-actions-bar/div/div[2]/button/span' in '5' second(s)

2023-11-23 09:57:00 - [MESSAGE][INFO] - Clicking on object: 'Object Repository/Page_Recapitulatif_Usager/Btn_ValiderEtVerifierLaSuiteDeMaSaisie_3sur4'

2023-11-23 09:57:02 - [MESSAGE][PASSED] - Object: 'Object Repository/Page_Recapitulatif_Usager/Btn_ValiderEtVerifierLaSuiteDeMaSaisie_3sur4' is clicked on

2023-11-23 09:57:02 - [TEST_STEP][PASSED] - delay(2): Delayed 2 second(s)

2023-11-23 09:57:02 - [MESSAGE][INFO] - Delaying browser in 2 second(s)

2023-11-23 09:57:04 - [MESSAGE][PASSED] - Delayed 2 second(s)

2023-11-23 09:57:04 - [TEST_STEP][PASSED] - click(findTestObject("Object Repository/Page_Recapitulatif_Usager/Btn_ValiderEtTransmettreMaDemande")): Object: 'Object Repository/Page_Recapitulatif_Usager/Btn_ValiderEtTransmettreMaDemande' is clicked on

2023-11-23 09:57:04 - [MESSAGE][INFO] - Finding Test Object 'Object Repository/Page_Recapitulatif_Usager/Btn_ValiderEtTransmettreMaDemande'

2023-11-23 09:57:04 - [MESSAGE][INFO] - Checking timeout

2023-11-23 09:57:04 - [MESSAGE][INFO] - Finding web element with id: 'Object Repository/Page_Recapitulatif_Usager/Btn_ValiderEtTransmettreMaDemande' located by 'By.xpath: //app-demande/div/div[3]/app-actions-bar/div/div[2]/div/div[2]/button/span|//app-demande-ptsq/div/div[3]/app-actions-bar/div/div[2]/div/div[2]/button/span|//app-demande-visiteur/div/div[3]/app-actions-bar/div/div[2]/div/div[2]/button/span|/html/body/app-root/div/app-portal/main/app-theme-v2/div/app-demande-ptch/div/div[3]/app-actions-bar/div/div[2]/div/div[2]/button/span|//div/app-demande-ptinv/div/div[3]/app-actions-bar/div/div[2]/div/div[2]/button/span|//button/span[@class="ui-button-text ui-clickable" and contains(., 'Envoyer la demande')]
' in '20' second(s)

2023-11-23 09:57:04 - [MESSAGE][INFO] - Smart Wait Function is triggered

2023-11-23 09:57:04 - [MESSAGE][INFO] - Found 1 web elements with id: 'Object Repository/Page_Recapitulatif_Usager/Btn_ValiderEtTransmettreMaDemande' located by 'By.xpath: //app-demande/div/div[3]/app-actions-bar/div/div[2]/div/div[2]/button/span|//app-demande-ptsq/div/div[3]/app-actions-bar/div/div[2]/div/div[2]/button/span|//app-demande-visiteur/div/div[3]/app-actions-bar/div/div[2]/div/div[2]/button/span|/html/body/app-root/div/app-portal/main/app-theme-v2/div/app-demande-ptch/div/div[3]/app-actions-bar/div/div[2]/div/div[2]/button/span|//div/app-demande-ptinv/div/div[3]/app-actions-bar/div/div[2]/div/div[2]/button/span|//button/span[@class="ui-button-text ui-clickable" and contains(., 'Envoyer la demande')]
' in '20' second(s)

2023-11-23 09:57:04 - [MESSAGE][INFO] - Checking object

2023-11-23 09:57:04 - [MESSAGE][INFO] - Checking timeout

2023-11-23 09:57:04 - [MESSAGE][INFO] - Finding web element from Test Object's properties

2023-11-23 09:57:04 - [MESSAGE][INFO] - Checking timeout

2023-11-23 09:57:04 - [MESSAGE][INFO] - Finding web element with id: 'Object Repository/Page_Recapitulatif_Usager/Btn_ValiderEtTransmettreMaDemande' located by 'By.xpath: //app-demande/div/div[3]/app-actions-bar/div/div[2]/div/div[2]/button/span|//app-demande-ptsq/div/div[3]/app-actions-bar/div/div[2]/div/div[2]/button/span|//app-demande-visiteur/div/div[3]/app-actions-bar/div/div[2]/div/div[2]/button/span|/html/body/app-root/div/app-portal/main/app-theme-v2/div/app-demande-ptch/div/div[3]/app-actions-bar/div/div[2]/div/div[2]/button/span|//div/app-demande-ptinv/div/div[3]/app-actions-bar/div/div[2]/div/div[2]/button/span|//button/span[@class="ui-button-text ui-clickable" and contains(., 'Envoyer la demande')]
' in '5' second(s)

2023-11-23 09:57:04 - [MESSAGE][INFO] - Smart Wait Function is triggered

2023-11-23 09:57:04 - [MESSAGE][INFO] - Found 1 web elements with id: 'Object Repository/Page_Recapitulatif_Usager/Btn_ValiderEtTransmettreMaDemande' located by 'By.xpath: //app-demande/div/div[3]/app-actions-bar/div/div[2]/div/div[2]/button/span|//app-demande-ptsq/div/div[3]/app-actions-bar/div/div[2]/div/div[2]/button/span|//app-demande-visiteur/div/div[3]/app-actions-bar/div/div[2]/div/div[2]/button/span|/html/body/app-root/div/app-portal/main/app-theme-v2/div/app-demande-ptch/div/div[3]/app-actions-bar/div/div[2]/div/div[2]/button/span|//div/app-demande-ptinv/div/div[3]/app-actions-bar/div/div[2]/div/div[2]/button/span|//button/span[@class="ui-button-text ui-clickable" and contains(., 'Envoyer la demande')]
' in '5' second(s)

2023-11-23 09:57:04 - [MESSAGE][INFO] - Clicking on object: 'Object Repository/Page_Recapitulatif_Usager/Btn_ValiderEtTransmettreMaDemande'

2023-11-23 09:57:06 - [MESSAGE][PASSED] - Object: 'Object Repository/Page_Recapitulatif_Usager/Btn_ValiderEtTransmettreMaDemande' is clicked on

2023-11-23 09:57:06 - [TEST_STEP][PASSED] - delay(30): Delayed 30 second(s)

2023-11-23 09:57:06 - [MESSAGE][INFO] - Delaying browser in 30 second(s)

2023-11-23 09:57:36 - [MESSAGE][PASSED] - Delayed 30 second(s)

2023-11-23 09:57:36 - [MESSAGE][PASSED] - Call Test Case 'Test Cases/Test Reutilisable/DemandeOuRenouvelle_TitreSejour/FormulaireRecapitulatif' successfully

2023-11-23 09:57:36 - [TEST_STEP][PASSED] - callTestCase(findTestCase("Test Reutilisable/DemandeOuRenouvelle_TitreSejour/FormulaireConfirmation"), ["NumEtrangerVisa":NumEtrangerVisa, "TypeTitreDeSejour":TypeTitreDeSejour], STOP_ON_FAILURE): Call Test Case 'Test Cases/Test Reutilisable/DemandeOuRenouvelle_TitreSejour/FormulaireConfirmation' successfully

2023-11-23 09:57:36 - [MESSAGE][INFO] - Checking called Test Case

2023-11-23 09:57:36 - [MESSAGE][INFO] - Starting to call Test Case 'Test Cases/Test Reutilisable/DemandeOuRenouvelle_TitreSejour/FormulaireConfirmation'

2023-11-23 09:57:36 - [TEST_CASE][PASSED] - Test Cases/Test Reutilisable/DemandeOuRenouvelle_TitreSejour/FormulaireConfirmation: Test Cases/Test Reutilisable/DemandeOuRenouvelle_TitreSejour/FormulaireConfirmation

2023-11-23 09:57:39 - [TEST_STEP][PASSED] - com.kazurayam.ksbackyard.HighlightElement.pandemic(): com.kazurayam.ksbackyard.HighlightElement.pandemic is PASSED

2023-11-23 09:57:39 - [MESSAGE][PASSED] - com.kazurayam.ksbackyard.HighlightElement.pandemic is PASSED

2023-11-23 09:57:39 - [TEST_STEP][PASSED] - "RunConfiguration: getExecutionProperties Driver ": null

2023-11-23 09:57:39 - [TEST_STEP][PASSED] - click(findTestObject("Object Repository/Page_Accueil_Agent/EspacePerso/link_EspacePerso")): Object: 'Object Repository/Page_Accueil_Agent/EspacePerso/link_EspacePerso' is clicked on

2023-11-23 09:57:39 - [MESSAGE][INFO] - Finding Test Object 'Object Repository/Page_Accueil_Agent/EspacePerso/link_EspacePerso'

2023-11-23 09:57:39 - [MESSAGE][INFO] - Checking timeout

2023-11-23 09:57:39 - [MESSAGE][INFO] - Finding web element with id: 'Object Repository/Page_Accueil_Agent/EspacePerso/link_EspacePerso' located by 'By.xpath: //*[@id="navBar-new"]/nav/div[3]/div/div/ul/li[3]/a/span[2]' in '20' second(s)

2023-11-23 09:57:39 - [MESSAGE][INFO] - Smart Wait Function is triggered

2023-11-23 09:57:39 - [MESSAGE][INFO] - Found 1 web elements with id: 'Object Repository/Page_Accueil_Agent/EspacePerso/link_EspacePerso' located by 'By.xpath: //*[@id="navBar-new"]/nav/div[3]/div/div/ul/li[3]/a/span[2]' in '20' second(s)

2023-11-23 09:57:39 - [MESSAGE][INFO] - Checking object

2023-11-23 09:57:39 - [MESSAGE][INFO] - Checking timeout

2023-11-23 09:57:39 - [MESSAGE][INFO] - Finding web element from Test Object's properties

2023-11-23 09:57:39 - [MESSAGE][INFO] - Checking timeout

2023-11-23 09:57:39 - [MESSAGE][INFO] - Finding web element with id: 'Object Repository/Page_Accueil_Agent/EspacePerso/link_EspacePerso' located by 'By.xpath: //*[@id="navBar-new"]/nav/div[3]/div/div/ul/li[3]/a/span[2]' in '5' second(s)

2023-11-23 09:57:39 - [MESSAGE][INFO] - Smart Wait Function is triggered

2023-11-23 09:57:39 - [MESSAGE][INFO] - Found 1 web elements with id: 'Object Repository/Page_Accueil_Agent/EspacePerso/link_EspacePerso' located by 'By.xpath: //*[@id="navBar-new"]/nav/div[3]/div/div/ul/li[3]/a/span[2]' in '5' second(s)

2023-11-23 09:57:39 - [MESSAGE][INFO] - Clicking on object: 'Object Repository/Page_Accueil_Agent/EspacePerso/link_EspacePerso'

2023-11-23 09:57:41 - [MESSAGE][PASSED] - Object: 'Object Repository/Page_Accueil_Agent/EspacePerso/link_EspacePerso' is clicked on

2023-11-23 09:57:41 - [TEST_STEP][PASSED] - click(findTestObject("Object Repository/Page_Accueil_Agent/EspacePerso/link_MonCompte")): Object: 'Object Repository/Page_Accueil_Agent/EspacePerso/link_MonCompte' is clicked on

2023-11-23 09:57:41 - [MESSAGE][INFO] - Finding Test Object 'Object Repository/Page_Accueil_Agent/EspacePerso/link_MonCompte'

2023-11-23 09:57:41 - [MESSAGE][INFO] - Checking timeout

2023-11-23 09:57:41 - [MESSAGE][INFO] - Finding web element with id: 'Object Repository/Page_Accueil_Agent/EspacePerso/link_MonCompte' located by 'By.xpath: //*[@id="logoutSubMenu"]/li[1]/a' in '20' second(s)

2023-11-23 09:57:41 - [MESSAGE][INFO] - Smart Wait Function is triggered

2023-11-23 09:57:41 - [MESSAGE][INFO] - Found 1 web elements with id: 'Object Repository/Page_Accueil_Agent/EspacePerso/link_MonCompte' located by 'By.xpath: //*[@id="logoutSubMenu"]/li[1]/a' in '20' second(s)

2023-11-23 09:57:41 - [MESSAGE][INFO] - Checking object

2023-11-23 09:57:41 - [MESSAGE][INFO] - Checking timeout

2023-11-23 09:57:41 - [MESSAGE][INFO] - Finding web element from Test Object's properties

2023-11-23 09:57:41 - [MESSAGE][INFO] - Checking timeout

2023-11-23 09:57:41 - [MESSAGE][INFO] - Finding web element with id: 'Object Repository/Page_Accueil_Agent/EspacePerso/link_MonCompte' located by 'By.xpath: //*[@id="logoutSubMenu"]/li[1]/a' in '5' second(s)

2023-11-23 09:57:41 - [MESSAGE][INFO] - Smart Wait Function is triggered

2023-11-23 09:57:41 - [MESSAGE][INFO] - Found 1 web elements with id: 'Object Repository/Page_Accueil_Agent/EspacePerso/link_MonCompte' located by 'By.xpath: //*[@id="logoutSubMenu"]/li[1]/a' in '5' second(s)

2023-11-23 09:57:41 - [MESSAGE][INFO] - Clicking on object: 'Object Repository/Page_Accueil_Agent/EspacePerso/link_MonCompte'

2023-11-23 09:57:43 - [MESSAGE][PASSED] - Object: 'Object Repository/Page_Accueil_Agent/EspacePerso/link_MonCompte' is clicked on

2023-11-23 09:57:43 - [TEST_STEP][PASSED] - SuividemandeNumEtranger = getText(findTestObject("Object Repository/Page_Accueil_Agent/EspacePerso/td_SuiviDemandeNumEtranger")): Text of object 'Object Repository/Page_Accueil_Agent/EspacePerso/td_SuiviDemandeNumEtranger' is: '7703040870'

2023-11-23 09:57:43 - [MESSAGE][INFO] - Finding Test Object 'Object Repository/Page_Accueil_Agent/EspacePerso/td_SuiviDemandeNumEtranger'

2023-11-23 09:57:43 - [MESSAGE][INFO] - Checking object

2023-11-23 09:57:43 - [MESSAGE][INFO] - Finding web element from Test Object's properties

2023-11-23 09:57:43 - [MESSAGE][INFO] - Checking timeout

2023-11-23 09:57:43 - [MESSAGE][INFO] - Finding web element with id: 'Object Repository/Page_Accueil_Agent/EspacePerso/td_SuiviDemandeNumEtranger' located by 'By.xpath: //*/app-ma-demande-sejour/div[1]/table/tbody/tr[1]/td[3]' in '5' second(s)

2023-11-23 09:57:43 - [MESSAGE][INFO] - Smart Wait Function is triggered

2023-11-23 09:57:43 - [MESSAGE][INFO] - Smart Wait Function is triggered

2023-11-23 09:57:44 - [MESSAGE][INFO] - Smart Wait Function is triggered

2023-11-23 09:57:44 - [MESSAGE][INFO] - Smart Wait Function is triggered

2023-11-23 09:57:44 - [MESSAGE][INFO] - Found 1 web elements with id: 'Object Repository/Page_Accueil_Agent/EspacePerso/td_SuiviDemandeNumEtranger' located by 'By.xpath: //*/app-ma-demande-sejour/div[1]/table/tbody/tr[1]/td[3]' in '5' second(s)

2023-11-23 09:57:44 - [MESSAGE][INFO] - Getting text of object 'Object Repository/Page_Accueil_Agent/EspacePerso/td_SuiviDemandeNumEtranger'

2023-11-23 09:57:44 - [MESSAGE][PASSED] - Text of object 'Object Repository/Page_Accueil_Agent/EspacePerso/td_SuiviDemandeNumEtranger' is: '7703040870'

2023-11-23 09:57:44 - [TEST_STEP][PASSED] - SuiviTypeDeSejour = getText(findTestObject("Object Repository/Page_Accueil_Agent/EspacePerso/td_TypeDeSejour")): Text of object 'Object Repository/Page_Accueil_Agent/EspacePerso/td_TypeDeSejour' is: 'Demande de titre passeport talent'

2023-11-23 09:57:44 - [MESSAGE][INFO] - Finding Test Object 'Object Repository/Page_Accueil_Agent/EspacePerso/td_TypeDeSejour'

2023-11-23 09:57:44 - [MESSAGE][INFO] - Checking object

2023-11-23 09:57:44 - [MESSAGE][INFO] - Finding web element from Test Object's properties

2023-11-23 09:57:44 - [MESSAGE][INFO] - Checking timeout

2023-11-23 09:57:44 - [MESSAGE][INFO] - Finding web element with id: 'Object Repository/Page_Accueil_Agent/EspacePerso/td_TypeDeSejour' located by 'By.xpath: //*/app-ma-demande-sejour/div[1]/table/tbody/tr[1]/td[2]' in '5' second(s)

2023-11-23 09:57:44 - [MESSAGE][INFO] - Smart Wait Function is triggered

2023-11-23 09:57:44 - [MESSAGE][INFO] - Found 1 web elements with id: 'Object Repository/Page_Accueil_Agent/EspacePerso/td_TypeDeSejour' located by 'By.xpath: //*/app-ma-demande-sejour/div[1]/table/tbody/tr[1]/td[2]' in '5' second(s)

2023-11-23 09:57:44 - [MESSAGE][INFO] - Getting text of object 'Object Repository/Page_Accueil_Agent/EspacePerso/td_TypeDeSejour'

2023-11-23 09:57:44 - [MESSAGE][PASSED] - Text of object 'Object Repository/Page_Accueil_Agent/EspacePerso/td_TypeDeSejour' is: 'Demande de titre passeport talent'

2023-11-23 09:57:44 - [TEST_STEP][PASSED] - if (SuividemandeNumEtranger == NumEtrangerVisa): Le Type Titre De Sejour est :Demande de titre passeport talent=ArtisteSalarie

2023-11-23 09:57:44 - [TEST_STEP][PASSED] - markPassed("Le NumÃ©ro Etrangr est :" + NumEtrangerVisa + "=" + SuividemandeNumEtranger): Le NumÃ©ro Etrangr est :7703040870=7703040870

2023-11-23 09:57:44 - [MESSAGE][PASSED] - Le NumÃ©ro Etrangr est :7703040870=7703040870

2023-11-23 09:57:44 - [TEST_STEP][PASSED] - markPassed("Le Type Titre De Sejour est :" + SuiviTypeDeSejour + "=" + TypeTitreDeSejour): Le Type Titre De Sejour est :Demande de titre passeport talent=ArtisteSalarie

2023-11-23 09:57:44 - [MESSAGE][PASSED] - Le Type Titre De Sejour est :Demande de titre passeport talent=ArtisteSalarie

2023-11-23 09:57:44 - [TEST_STEP][PASSED] - delay(5): Delayed 5 second(s)

2023-11-23 09:57:44 - [MESSAGE][INFO] - Delaying browser in 5 second(s)

2023-11-23 09:57:49 - [MESSAGE][PASSED] - Delayed 5 second(s)

2023-11-23 09:57:49 - [MESSAGE][PASSED] - Call Test Case 'Test Cases/Test Reutilisable/DemandeOuRenouvelle_TitreSejour/FormulaireConfirmation' successfully

2023-11-23 09:57:52 - [TEST_STEP][PASSED] - Video: Video recording for test case 'Test Cases/Cas D Utilisations/Usager Etudiant/TNR R.TSPT Supp90-Etudiant' .

2023-11-23 09:57:52 - [MESSAGE][INFO] - Video recording for test case 'Test Cases/Cas D Utilisations/Usager Etudiant/TNR R.TSPT Supp90-Etudiant' .]]></system-out>
         <system-err><![CDATA[]]></system-err>
      </testcase>
      <system-out><![CDATA[2023-11-23 09:50:21 - [TEST_SUITE][PASSED] - TS_TNR_R.TSPT_Suppo90: Test Cases/Cas D Utilisations/Usager Etudiant/TNR R.TSPT Supp90-Etudiant]]></system-out>
      <system-err><![CDATA[]]></system-err>
   </testsuite>
</testsuites>
