<?xml version="1.0" encoding="UTF-8"?>
<testsuites name="TS_TNR_R.TSPT_Suppo90" time="311.613" tests="1" failures="0" errors="0">
   <testsuite name="TS_TNR_R.TSPT_Suppo90" tests="1" failures="0" errors="0" time="311.613" skipped="0" timestamp="2023-11-24 14:44:43" hostname="issam.rharbaoui - FR-L5448059.groupinfra.com" id="Test Suites/TS_TNR_R.TSPT_Suppo90">
      <properties>
         <property name="deviceName" value=""/>
         <property name="devicePlatform" value=""/>
         <property name="logFolder" value="C:\\Users\\ISSAM.RHARBAOUI\\git\\22_11\\ANEF-AutomatizationProject\\Reports\\20231124_144437\\TS_TNR_R.TSPT_Suppo90\\20231124_144438"/>
         <property name="logFiles" value="C:\\Users\\ISSAM.RHARBAOUI\\git\\22_11\\ANEF-AutomatizationProject\\Reports\\20231124_144437\\TS_TNR_R.TSPT_Suppo90\\20231124_144438\\execution0.log"/>
         <property name="attachments" value="C:\\Users\\ISSAM.RHARBAOUI\\git\\22_11\\ANEF-AutomatizationProject\\Reports\\20231124_144437\\TS_TNR_R.TSPT_Suppo90\\20231124_144438\\1700833637594.png, C:\\Users\\ISSAM.RHARBAOUI\\git\\22_11\\ANEF-AutomatizationProject\\Reports\\20231124_144437\\TS_TNR_R.TSPT_Suppo90\\20231124_144438\\1700833646850.png"/>
         <property name="hostName" value="issam.rharbaoui - FR-L5448059.groupinfra.com"/>
         <property name="os" value="Windows 10 64bit"/>
         <property name="katalonVersion" value="8.6.5.208"/>
         <property name="browser" value="Chrome 119.0.0.0"/>
         <property name="hostAddress" value="192.168.1.134"/>
         <property name="sessionId" value="b0fb53de5b5a2f5725fbb6720f9cd6d9"/>
         <property name="seleniumVersion" value="3.141.59"/>
         <property name="proxyInformation" value="ProxyInformation { proxyOption=NO_PROXY, proxyServerType=HTTP, username=, password=********, proxyServerAddress=, proxyServerPort=0, executionList=&quot;&quot;, isApplyToDesiredCapabilities=true }"/>
         <property name="platform" value="Windows 10"/>
      </properties>
      <testcase name="Test Cases/Cas D Utilisations/Usager Etudiant/TNR R.TSPT Supp90-Etudiant" time="310.775" classname="Test Cases/Cas D Utilisations/Usager Etudiant/TNR R.TSPT Supp90-Etudiant" status="PASSED">
         <system-out><![CDATA[2023-11-24 14:44:44 - [TEST_CASE][PASSED] - Test Cases/Cas D Utilisations/Usager Etudiant/TNR R.TSPT Supp90-Etudiant: Test Cases/Cas D Utilisations/Usager Etudiant/TNR R.TSPT Supp90-Etudiant

2023-11-24 14:44:46 - [TEST_STEP][PASSED] - com.kazurayam.ksbackyard.HighlightElement.pandemic(): com.kazurayam.ksbackyard.HighlightElement.pandemic is PASSED

2023-11-24 14:44:46 - [MESSAGE][PASSED] - com.kazurayam.ksbackyard.HighlightElement.pandemic is PASSED

2023-11-24 14:44:46 - [TEST_STEP][PASSED] - callTestCase(findTestCase("Test Reutilisable/Main/Lancer URL ANEF"), ["Profiles":"Usager", "EnvExec":EnvExec], STOP_ON_FAILURE): Call Test Case 'Test Cases/Test Reutilisable/Main/Lancer URL ANEF' successfully

2023-11-24 14:44:46 - [MESSAGE][INFO] - Checking called Test Case

2023-11-24 14:44:46 - [MESSAGE][INFO] - Starting to call Test Case 'Test Cases/Test Reutilisable/Main/Lancer URL ANEF'

2023-11-24 14:44:46 - [TEST_CASE][PASSED] - Test Cases/Test Reutilisable/Main/Lancer URL ANEF: Test Cases/Test Reutilisable/Main/Lancer URL ANEF

2023-11-24 14:44:53 - [TEST_STEP][PASSED] - "RunConfiguration: getProjectDir for LogDriver ": null

2023-11-24 14:44:53 - [TEST_STEP][PASSED] - RunBrowserConfiguration = getExecutionProperties(): null

2023-11-24 14:44:53 - [TEST_STEP][PASSED] - DriverName = "": null

2023-11-24 14:44:53 - [TEST_STEP][PASSED] - openBrowser(""): Browser is opened with url: ''

2023-11-24 14:44:53 - [MESSAGE][INFO] - Opening browser

2023-11-24 14:44:53 - [MESSAGE][INFO] - Starting 'Chrome' driver

2023-11-24 14:44:53 - [MESSAGE][INFO] - User set preference: ['args', '[--incognito, --start-maximized, --remote-allow-origins=*]']

2023-11-24 14:44:53 - [MESSAGE][INFO] - User set preference: ['prefs', '{download.default_directory=${GlobalVariable.downloadPath}, download_dir=${GlobalVariable.downloadPath}, download.prompt_for_download=false}']

2023-11-24 14:44:53 - [MESSAGE][INFO] - User set preference: ['loggingPrefs', '{browser=ALL}']

2023-11-24 14:44:53 - [MESSAGE][INFO] - Action delay is set to 2Â 000 milliseconds

2023-11-24 14:44:57 - [MESSAGE][PASSED] - Browser is opened with url: ''

2023-11-24 14:44:57 - [TEST_STEP][PASSED] - driver = getWebDriver(): null

2023-11-24 14:44:57 - [TEST_STEP][PASSED] - wrappedDriver = driver.getWrappedDriver(): null

2023-11-24 14:44:57 - [TEST_STEP][PASSED] - out.println(wrappedDriver.getClass()): null

2023-11-24 14:44:57 - [TEST_STEP][PASSED] - if (class == com.kms.katalon.selenium.driver.CRemoteWebDriver): null

2023-11-24 14:44:57 - [TEST_STEP][PASSED] - else: null

2023-11-24 14:44:57 - [TEST_STEP][PASSED] - DriverName = get("WebUI").get("browserType"): null

2023-11-24 14:44:57 - [TEST_STEP][PASSED] - println("DriverName :" + DriverName): null

2023-11-24 14:44:57 - [TEST_STEP][PASSED] - println("Driverpath :" + RunBrowserConfiguration.get("drivers")): null

2023-11-24 14:44:57 - [TEST_STEP][PASSED] - DriverName = DriverName: null

2023-11-24 14:44:59 - [TEST_STEP][PASSED] - delay(medium_wait): Delayed 3 second(s)

2023-11-24 14:44:59 - [MESSAGE][INFO] - Delaying browser in 3 second(s)

2023-11-24 14:45:02 - [MESSAGE][PASSED] - Delayed 3 second(s)

2023-11-24 14:45:02 - [TEST_STEP][PASSED] - executedBrowser = getExecutedBrowser(): null

2023-11-24 14:45:02 - [TEST_STEP][PASSED] - if (Profiles == "Usager"): null

2023-11-24 14:45:02 - [TEST_STEP][PASSED] - switch (DriverName): null

2023-11-24 14:45:02 - [TEST_STEP][PASSED] - case "CHROME_DRIVER":: null

2023-11-24 14:45:02 - [TEST_STEP][PASSED] - if (EnvExec == "URL_ANEFQualif"): Navigate to 'https://qualif.administration-etrangers-en-france.interieur.gouv.fr/particuliers/#/' successfully

2023-11-24 14:45:02 - [TEST_STEP][PASSED] - navigateToUrl(URL_ANEFQualif): Navigate to 'https://qualif.administration-etrangers-en-france.interieur.gouv.fr/particuliers/#/' successfully

2023-11-24 14:45:02 - [MESSAGE][INFO] - Checking url

2023-11-24 14:45:02 - [MESSAGE][INFO] - Navigating to 'https://qualif.administration-etrangers-en-france.interieur.gouv.fr/particuliers/#/'

2023-11-24 14:45:18 - [MESSAGE][PASSED] - Navigate to 'https://qualif.administration-etrangers-en-france.interieur.gouv.fr/particuliers/#/' successfully

2023-11-24 14:45:18 - [TEST_STEP][PASSED] - if (EnvExec == "URL_ANEFPreProd"): null

2023-11-24 14:45:18 - [TEST_STEP][PASSED] - maximizeWindow(): Current window maximized

2023-11-24 14:45:18 - [MESSAGE][INFO] - Maximizing current window

2023-11-24 14:45:18 - [MESSAGE][PASSED] - Current window maximized

2023-11-24 14:45:18 - [TEST_STEP][PASSED] - System.setProperty("webdriver.chrome.driver", getChromeDriverPath()): null

2023-11-24 14:45:18 - [TEST_STEP][PASSED] - System.setProperty("webdriver.chrome.logfile", getProjectDir() + "/Dump/chromedriver.log"): null

2023-11-24 14:45:18 - [TEST_STEP][PASSED] - callTestCase(findTestCase("Test Reutilisable/Main/Erreur lie a la confidentialite"), [:], STOP_ON_FAILURE): Call Test Case 'Test Cases/Test Reutilisable/Main/Erreur lie a la confidentialite' successfully

2023-11-24 14:45:18 - [MESSAGE][INFO] - Checking called Test Case

2023-11-24 14:45:18 - [MESSAGE][INFO] - Starting to call Test Case 'Test Cases/Test Reutilisable/Main/Erreur lie a la confidentialite'

2023-11-24 14:45:18 - [TEST_CASE][PASSED] - Test Cases/Test Reutilisable/Main/Erreur lie a la confidentialite: Test Cases/Test Reutilisable/Main/Erreur lie a la confidentialite

2023-11-24 14:45:20 - [TEST_STEP][PASSED] - tools.WaitForLoadedPage.waitForElementRendering(): tools.WaitForLoadedPage.waitForElementRendering is PASSED

2023-11-24 14:45:20 - [MESSAGE][PASSED] - tools.WaitForLoadedPage.waitForElementRendering is PASSED

2023-11-24 14:45:20 - [TEST_STEP][PASSED] - "Call Highlight.on() automatically": null

2023-11-24 14:45:20 - [TEST_STEP][PASSED] - DriverName = DriverName: null

2023-11-24 14:45:20 - [TEST_STEP][PASSED] - if (DriverName == "CHROME_DRIVER" || "EDGE_CHROMIUM_DRIVER" || "HEADLESS_DRIVER"): null

2023-11-24 14:45:20 - [TEST_STEP][PASSED] - if (verifyElementPresent(findTestObject("Object Repository/Connexion Usager/Btn_Parametres Avances"), 2, OPTIONAL)): null

2023-11-24 14:45:20 - [MESSAGE][INFO] - Finding Test Object 'Object Repository/Connexion Usager/Btn_Parametres Avances'

2023-11-24 14:45:20 - [MESSAGE][INFO] - Checking object

2023-11-24 14:45:20 - [MESSAGE][INFO] - Finding web element from Test Object's properties

2023-11-24 14:45:20 - [MESSAGE][INFO] - Checking timeout

2023-11-24 14:45:20 - [MESSAGE][INFO] - Finding web element with id: 'Object Repository/Connexion Usager/Btn_Parametres Avances' located by 'By.xpath: //*[@id="details-button"]' in '2' second(s)

2023-11-24 14:45:20 - [MESSAGE][INFO] - Smart Wait Function is triggered

2023-11-24 14:45:20 - [MESSAGE][INFO] - Found 1 web elements with id: 'Object Repository/Connexion Usager/Btn_Parametres Avances' located by 'By.xpath: //*[@id="details-button"]' in '2' second(s)

2023-11-24 14:45:20 - [MESSAGE][PASSED] - Object 'Object Repository/Connexion Usager/Btn_Parametres Avances' is present

2023-11-24 14:45:20 - [TEST_STEP][PASSED] - click(findTestObject("Object Repository/Connexion Usager/Btn_Parametres Avances"), OPTIONAL): Object: 'Object Repository/Connexion Usager/Btn_Parametres Avances' is clicked on

2023-11-24 14:45:20 - [MESSAGE][INFO] - Finding Test Object 'Object Repository/Connexion Usager/Btn_Parametres Avances'

2023-11-24 14:45:20 - [MESSAGE][INFO] - Checking timeout

2023-11-24 14:45:20 - [MESSAGE][INFO] - Finding web element with id: 'Object Repository/Connexion Usager/Btn_Parametres Avances' located by 'By.xpath: //*[@id="details-button"]' in '20' second(s)

2023-11-24 14:45:20 - [MESSAGE][INFO] - Smart Wait Function is triggered

2023-11-24 14:45:20 - [MESSAGE][INFO] - Found 1 web elements with id: 'Object Repository/Connexion Usager/Btn_Parametres Avances' located by 'By.xpath: //*[@id="details-button"]' in '20' second(s)

2023-11-24 14:45:20 - [MESSAGE][INFO] - Checking object

2023-11-24 14:45:20 - [MESSAGE][INFO] - Checking timeout

2023-11-24 14:45:20 - [MESSAGE][INFO] - Finding web element from Test Object's properties

2023-11-24 14:45:20 - [MESSAGE][INFO] - Checking timeout

2023-11-24 14:45:20 - [MESSAGE][INFO] - Finding web element with id: 'Object Repository/Connexion Usager/Btn_Parametres Avances' located by 'By.xpath: //*[@id="details-button"]' in '5' second(s)

2023-11-24 14:45:20 - [MESSAGE][INFO] - Smart Wait Function is triggered

2023-11-24 14:45:20 - [MESSAGE][INFO] - Found 1 web elements with id: 'Object Repository/Connexion Usager/Btn_Parametres Avances' located by 'By.xpath: //*[@id="details-button"]' in '5' second(s)

2023-11-24 14:45:20 - [MESSAGE][INFO] - Clicking on object: 'Object Repository/Connexion Usager/Btn_Parametres Avances'

2023-11-24 14:45:22 - [MESSAGE][PASSED] - Object: 'Object Repository/Connexion Usager/Btn_Parametres Avances' is clicked on

2023-11-24 14:45:22 - [TEST_STEP][PASSED] - click(findTestObject("Object Repository/Connexion Usager/Link_Proceed-Link"), OPTIONAL): Object: 'Object Repository/Connexion Usager/Link_Proceed-Link' is clicked on

2023-11-24 14:45:22 - [MESSAGE][INFO] - Finding Test Object 'Object Repository/Connexion Usager/Link_Proceed-Link'

2023-11-24 14:45:23 - [MESSAGE][INFO] - Checking timeout

2023-11-24 14:45:23 - [MESSAGE][INFO] - Finding web element with id: 'Object Repository/Connexion Usager/Link_Proceed-Link' located by 'By.xpath: //*[@id="proceed-link"]' in '20' second(s)

2023-11-24 14:45:23 - [MESSAGE][INFO] - Smart Wait Function is triggered

2023-11-24 14:45:23 - [MESSAGE][INFO] - Found 1 web elements with id: 'Object Repository/Connexion Usager/Link_Proceed-Link' located by 'By.xpath: //*[@id="proceed-link"]' in '20' second(s)

2023-11-24 14:45:23 - [MESSAGE][INFO] - Checking object

2023-11-24 14:45:23 - [MESSAGE][INFO] - Checking timeout

2023-11-24 14:45:23 - [MESSAGE][INFO] - Finding web element from Test Object's properties

2023-11-24 14:45:23 - [MESSAGE][INFO] - Checking timeout

2023-11-24 14:45:23 - [MESSAGE][INFO] - Finding web element with id: 'Object Repository/Connexion Usager/Link_Proceed-Link' located by 'By.xpath: //*[@id="proceed-link"]' in '5' second(s)

2023-11-24 14:45:23 - [MESSAGE][INFO] - Smart Wait Function is triggered

2023-11-24 14:45:23 - [MESSAGE][INFO] - Found 1 web elements with id: 'Object Repository/Connexion Usager/Link_Proceed-Link' located by 'By.xpath: //*[@id="proceed-link"]' in '5' second(s)

2023-11-24 14:45:23 - [MESSAGE][INFO] - Clicking on object: 'Object Repository/Connexion Usager/Link_Proceed-Link'

2023-11-24 14:45:30 - [MESSAGE][PASSED] - Object: 'Object Repository/Connexion Usager/Link_Proceed-Link' is clicked on

2023-11-24 14:45:30 - [TEST_STEP][PASSED] - if (DriverName == "IE_DRIVER"): null

2023-11-24 14:45:30 - [TEST_STEP][PASSED] - delay(3): Delayed 3 second(s)

2023-11-24 14:45:30 - [MESSAGE][INFO] - Delaying browser in 3 second(s)

2023-11-24 14:45:33 - [MESSAGE][PASSED] - Delayed 3 second(s)

2023-11-24 14:45:33 - [MESSAGE][PASSED] - Call Test Case 'Test Cases/Test Reutilisable/Main/Erreur lie a la confidentialite' successfully

2023-11-24 14:45:33 - [TEST_STEP][PASSED] - delay(5): Delayed 5 second(s)

2023-11-24 14:45:33 - [MESSAGE][INFO] - Delaying browser in 5 second(s)

2023-11-24 14:45:38 - [MESSAGE][PASSED] - Delayed 5 second(s)

2023-11-24 14:45:38 - [TEST_STEP][PASSED] - verifyElementVisible(findTestObject("Object Repository/Connexion Usager/Link_Se Connecter"), STOP_ON_FAILURE): Object 'Object Repository/Connexion Usager/Link_Se Connecter' is visible

2023-11-24 14:45:38 - [MESSAGE][INFO] - Finding Test Object 'Object Repository/Connexion Usager/Link_Se Connecter'

2023-11-24 14:45:38 - [MESSAGE][INFO] - Checking object

2023-11-24 14:45:38 - [MESSAGE][INFO] - Finding web element from Test Object's properties

2023-11-24 14:45:38 - [MESSAGE][INFO] - Checking timeout

2023-11-24 14:45:38 - [MESSAGE][INFO] - Finding web element with id: 'Object Repository/Connexion Usager/Link_Se Connecter' located by 'By.xpath: //*[@id="connexion_link"]' in '5' second(s)

2023-11-24 14:45:38 - [MESSAGE][INFO] - Smart Wait Function is triggered

2023-11-24 14:45:38 - [MESSAGE][INFO] - Found 1 web elements with id: 'Object Repository/Connexion Usager/Link_Se Connecter' located by 'By.xpath: //*[@id="connexion_link"]' in '5' second(s)

2023-11-24 14:45:38 - [MESSAGE][PASSED] - Object 'Object Repository/Connexion Usager/Link_Se Connecter' is visible

2023-11-24 14:45:38 - [TEST_STEP][PASSED] - break: null

2023-11-24 14:45:38 - [TEST_STEP][PASSED] - if (Profiles == "Agent"): null

2023-11-24 14:45:38 - [TEST_STEP][PASSED] - else: null

2023-11-24 14:45:38 - [TEST_STEP][PASSED] - println("VÃ©rifier le Portail de votre connexion Usager ou Agent"): null

2023-11-24 14:45:38 - [MESSAGE][PASSED] - Call Test Case 'Test Cases/Test Reutilisable/Main/Lancer URL ANEF' successfully

2023-11-24 14:45:38 - [TEST_STEP][PASSED] - if (StopTestCase == false): Call Test Case 'Test Cases/Test Reutilisable/DemandeOuRenouvelle_TitreSejour/FormulaireConfirmation' successfully

2023-11-24 14:45:38 - [TEST_STEP][PASSED] - callTestCase(findTestCase("Test Reutilisable/Main/Identification"), ["Profiles":"Usager", "NumEtrangerVisa":NumEtrangerVisa], STOP_ON_FAILURE): Call Test Case 'Test Cases/Test Reutilisable/Main/Identification' successfully

2023-11-24 14:45:38 - [MESSAGE][INFO] - Checking called Test Case

2023-11-24 14:45:38 - [MESSAGE][INFO] - Starting to call Test Case 'Test Cases/Test Reutilisable/Main/Identification'

2023-11-24 14:45:38 - [TEST_CASE][PASSED] - Test Cases/Test Reutilisable/Main/Identification: Test Cases/Test Reutilisable/Main/Identification

2023-11-24 14:45:39 - [TEST_STEP][PASSED] - if (Profiles == "Usager"): Object 'Object Repository/Page_Accueil_Usager/Span_MesNotifications' is present

2023-11-24 14:45:39 - [TEST_STEP][PASSED] - delay(5): Delayed 5 second(s)

2023-11-24 14:45:39 - [MESSAGE][INFO] - Delaying browser in 5 second(s)

2023-11-24 14:45:44 - [MESSAGE][PASSED] - Delayed 5 second(s)

2023-11-24 14:45:44 - [TEST_STEP][PASSED] - click(findTestObject("Object Repository/Connexion Usager/Link_Se Connecter")): Object: 'Object Repository/Connexion Usager/Link_Se Connecter' is clicked on

2023-11-24 14:45:44 - [MESSAGE][INFO] - Finding Test Object 'Object Repository/Connexion Usager/Link_Se Connecter'

2023-11-24 14:45:44 - [MESSAGE][INFO] - Checking timeout

2023-11-24 14:45:44 - [MESSAGE][INFO] - Finding web element with id: 'Object Repository/Connexion Usager/Link_Se Connecter' located by 'By.xpath: //*[@id="connexion_link"]' in '20' second(s)

2023-11-24 14:45:44 - [MESSAGE][INFO] - Smart Wait Function is triggered

2023-11-24 14:45:44 - [MESSAGE][INFO] - Found 1 web elements with id: 'Object Repository/Connexion Usager/Link_Se Connecter' located by 'By.xpath: //*[@id="connexion_link"]' in '20' second(s)

2023-11-24 14:45:44 - [MESSAGE][INFO] - Checking object

2023-11-24 14:45:44 - [MESSAGE][INFO] - Checking timeout

2023-11-24 14:45:44 - [MESSAGE][INFO] - Finding web element from Test Object's properties

2023-11-24 14:45:44 - [MESSAGE][INFO] - Checking timeout

2023-11-24 14:45:44 - [MESSAGE][INFO] - Finding web element with id: 'Object Repository/Connexion Usager/Link_Se Connecter' located by 'By.xpath: //*[@id="connexion_link"]' in '5' second(s)

2023-11-24 14:45:44 - [MESSAGE][INFO] - Smart Wait Function is triggered

2023-11-24 14:45:44 - [MESSAGE][INFO] - Found 1 web elements with id: 'Object Repository/Connexion Usager/Link_Se Connecter' located by 'By.xpath: //*[@id="connexion_link"]' in '5' second(s)

2023-11-24 14:45:44 - [MESSAGE][INFO] - Clicking on object: 'Object Repository/Connexion Usager/Link_Se Connecter'

2023-11-24 14:45:47 - [MESSAGE][PASSED] - Object: 'Object Repository/Connexion Usager/Link_Se Connecter' is clicked on

2023-11-24 14:45:47 - [TEST_STEP][PASSED] - callTestCase(findTestCase("Test Reutilisable/Main/Erreur lie a la confidentialite"), [:], STOP_ON_FAILURE): Call Test Case 'Test Cases/Test Reutilisable/Main/Erreur lie a la confidentialite' successfully

2023-11-24 14:45:47 - [MESSAGE][INFO] - Checking called Test Case

2023-11-24 14:45:47 - [MESSAGE][INFO] - Starting to call Test Case 'Test Cases/Test Reutilisable/Main/Erreur lie a la confidentialite'

2023-11-24 14:45:47 - [TEST_CASE][PASSED] - Test Cases/Test Reutilisable/Main/Erreur lie a la confidentialite: Test Cases/Test Reutilisable/Main/Erreur lie a la confidentialite

2023-11-24 14:45:47 - [TEST_STEP][PASSED] - tools.WaitForLoadedPage.waitForElementRendering(): tools.WaitForLoadedPage.waitForElementRendering is PASSED

2023-11-24 14:45:47 - [MESSAGE][PASSED] - tools.WaitForLoadedPage.waitForElementRendering is PASSED

2023-11-24 14:45:47 - [TEST_STEP][PASSED] - "Call Highlight.on() automatically": null

2023-11-24 14:45:47 - [TEST_STEP][PASSED] - DriverName = DriverName: null

2023-11-24 14:45:47 - [TEST_STEP][PASSED] - if (DriverName == "CHROME_DRIVER" || "EDGE_CHROMIUM_DRIVER" || "HEADLESS_DRIVER"): null

2023-11-24 14:45:47 - [TEST_STEP][PASSED] - if (verifyElementPresent(findTestObject("Object Repository/Connexion Usager/Btn_Parametres Avances"), 2, OPTIONAL)): null

2023-11-24 14:45:47 - [MESSAGE][INFO] - Finding Test Object 'Object Repository/Connexion Usager/Btn_Parametres Avances'

2023-11-24 14:45:47 - [MESSAGE][INFO] - Checking object

2023-11-24 14:45:47 - [MESSAGE][INFO] - Finding web element from Test Object's properties

2023-11-24 14:45:47 - [MESSAGE][INFO] - Checking timeout

2023-11-24 14:45:47 - [MESSAGE][INFO] - Finding web element with id: 'Object Repository/Connexion Usager/Btn_Parametres Avances' located by 'By.xpath: //*[@id="details-button"]' in '2' second(s)

2023-11-24 14:45:47 - [MESSAGE][INFO] - Smart Wait Function is triggered

2023-11-24 14:45:47 - [MESSAGE][INFO] - Found 1 web elements with id: 'Object Repository/Connexion Usager/Btn_Parametres Avances' located by 'By.xpath: //*[@id="details-button"]' in '2' second(s)

2023-11-24 14:45:47 - [MESSAGE][PASSED] - Object 'Object Repository/Connexion Usager/Btn_Parametres Avances' is present

2023-11-24 14:45:47 - [TEST_STEP][PASSED] - click(findTestObject("Object Repository/Connexion Usager/Btn_Parametres Avances"), OPTIONAL): Object: 'Object Repository/Connexion Usager/Btn_Parametres Avances' is clicked on

2023-11-24 14:45:47 - [MESSAGE][INFO] - Finding Test Object 'Object Repository/Connexion Usager/Btn_Parametres Avances'

2023-11-24 14:45:47 - [MESSAGE][INFO] - Checking timeout

2023-11-24 14:45:47 - [MESSAGE][INFO] - Finding web element with id: 'Object Repository/Connexion Usager/Btn_Parametres Avances' located by 'By.xpath: //*[@id="details-button"]' in '20' second(s)

2023-11-24 14:45:47 - [MESSAGE][INFO] - Smart Wait Function is triggered

2023-11-24 14:45:47 - [MESSAGE][INFO] - Found 1 web elements with id: 'Object Repository/Connexion Usager/Btn_Parametres Avances' located by 'By.xpath: //*[@id="details-button"]' in '20' second(s)

2023-11-24 14:45:47 - [MESSAGE][INFO] - Checking object

2023-11-24 14:45:47 - [MESSAGE][INFO] - Checking timeout

2023-11-24 14:45:47 - [MESSAGE][INFO] - Finding web element from Test Object's properties

2023-11-24 14:45:47 - [MESSAGE][INFO] - Checking timeout

2023-11-24 14:45:47 - [MESSAGE][INFO] - Finding web element with id: 'Object Repository/Connexion Usager/Btn_Parametres Avances' located by 'By.xpath: //*[@id="details-button"]' in '5' second(s)

2023-11-24 14:45:47 - [MESSAGE][INFO] - Smart Wait Function is triggered

2023-11-24 14:45:47 - [MESSAGE][INFO] - Found 1 web elements with id: 'Object Repository/Connexion Usager/Btn_Parametres Avances' located by 'By.xpath: //*[@id="details-button"]' in '5' second(s)

2023-11-24 14:45:47 - [MESSAGE][INFO] - Clicking on object: 'Object Repository/Connexion Usager/Btn_Parametres Avances'

2023-11-24 14:45:49 - [MESSAGE][PASSED] - Object: 'Object Repository/Connexion Usager/Btn_Parametres Avances' is clicked on

2023-11-24 14:45:49 - [TEST_STEP][PASSED] - click(findTestObject("Object Repository/Connexion Usager/Link_Proceed-Link"), OPTIONAL): Object: 'Object Repository/Connexion Usager/Link_Proceed-Link' is clicked on

2023-11-24 14:45:49 - [MESSAGE][INFO] - Finding Test Object 'Object Repository/Connexion Usager/Link_Proceed-Link'

2023-11-24 14:45:49 - [MESSAGE][INFO] - Checking timeout

2023-11-24 14:45:49 - [MESSAGE][INFO] - Finding web element with id: 'Object Repository/Connexion Usager/Link_Proceed-Link' located by 'By.xpath: //*[@id="proceed-link"]' in '20' second(s)

2023-11-24 14:45:49 - [MESSAGE][INFO] - Smart Wait Function is triggered

2023-11-24 14:45:49 - [MESSAGE][INFO] - Found 1 web elements with id: 'Object Repository/Connexion Usager/Link_Proceed-Link' located by 'By.xpath: //*[@id="proceed-link"]' in '20' second(s)

2023-11-24 14:45:49 - [MESSAGE][INFO] - Checking object

2023-11-24 14:45:49 - [MESSAGE][INFO] - Checking timeout

2023-11-24 14:45:49 - [MESSAGE][INFO] - Finding web element from Test Object's properties

2023-11-24 14:45:49 - [MESSAGE][INFO] - Checking timeout

2023-11-24 14:45:49 - [MESSAGE][INFO] - Finding web element with id: 'Object Repository/Connexion Usager/Link_Proceed-Link' located by 'By.xpath: //*[@id="proceed-link"]' in '5' second(s)

2023-11-24 14:45:49 - [MESSAGE][INFO] - Smart Wait Function is triggered

2023-11-24 14:45:49 - [MESSAGE][INFO] - Found 1 web elements with id: 'Object Repository/Connexion Usager/Link_Proceed-Link' located by 'By.xpath: //*[@id="proceed-link"]' in '5' second(s)

2023-11-24 14:45:49 - [MESSAGE][INFO] - Clicking on object: 'Object Repository/Connexion Usager/Link_Proceed-Link'

2023-11-24 14:45:52 - [MESSAGE][PASSED] - Object: 'Object Repository/Connexion Usager/Link_Proceed-Link' is clicked on

2023-11-24 14:45:52 - [TEST_STEP][PASSED] - if (DriverName == "IE_DRIVER"): null

2023-11-24 14:45:52 - [TEST_STEP][PASSED] - delay(3): Delayed 3 second(s)

2023-11-24 14:45:52 - [MESSAGE][INFO] - Delaying browser in 3 second(s)

2023-11-24 14:45:55 - [MESSAGE][PASSED] - Delayed 3 second(s)

2023-11-24 14:45:55 - [MESSAGE][PASSED] - Call Test Case 'Test Cases/Test Reutilisable/Main/Erreur lie a la confidentialite' successfully

2023-11-24 14:45:55 - [TEST_STEP][PASSED] - delay(5): Delayed 5 second(s)

2023-11-24 14:45:55 - [MESSAGE][INFO] - Delaying browser in 5 second(s)

2023-11-24 14:46:00 - [MESSAGE][PASSED] - Delayed 5 second(s)

2023-11-24 14:46:00 - [TEST_STEP][PASSED] - setText(findTestObject("Object Repository/Connexion Usager/Input_Identifiant"), NumEtrangerVisa): Text '7703040879' is set on object 'Object Repository/Connexion Usager/Input_Identifiant'

2023-11-24 14:46:00 - [MESSAGE][INFO] - Finding Test Object 'Object Repository/Connexion Usager/Input_Identifiant'

2023-11-24 14:46:00 - [MESSAGE][INFO] - Checking timeout

2023-11-24 14:46:00 - [MESSAGE][INFO] - Finding web element with id: 'Object Repository/Connexion Usager/Input_Identifiant' located by 'By.xpath: //*[@id="login"]' in '20' second(s)

2023-11-24 14:46:00 - [MESSAGE][INFO] - Smart Wait Function is triggered

2023-11-24 14:46:01 - [MESSAGE][INFO] - Found 1 web elements with id: 'Object Repository/Connexion Usager/Input_Identifiant' located by 'By.xpath: //*[@id="login"]' in '20' second(s)

2023-11-24 14:46:01 - [MESSAGE][INFO] - Checking object

2023-11-24 14:46:01 - [MESSAGE][INFO] - Checking text

2023-11-24 14:46:01 - [MESSAGE][INFO] - Finding web element from Test Object's properties

2023-11-24 14:46:01 - [MESSAGE][INFO] - Checking timeout

2023-11-24 14:46:01 - [MESSAGE][INFO] - Finding web element with id: 'Object Repository/Connexion Usager/Input_Identifiant' located by 'By.xpath: //*[@id="login"]' in '5' second(s)

2023-11-24 14:46:01 - [MESSAGE][INFO] - Smart Wait Function is triggered

2023-11-24 14:46:01 - [MESSAGE][INFO] - Found 1 web elements with id: 'Object Repository/Connexion Usager/Input_Identifiant' located by 'By.xpath: //*[@id="login"]' in '5' second(s)

2023-11-24 14:46:01 - [MESSAGE][INFO] - Clearing text of object 'Object Repository/Connexion Usager/Input_Identifiant'

2023-11-24 14:46:03 - [MESSAGE][INFO] - Finding web element from Test Object's properties

2023-11-24 14:46:03 - [MESSAGE][INFO] - Checking timeout

2023-11-24 14:46:03 - [MESSAGE][INFO] - Finding web element with id: 'Object Repository/Connexion Usager/Input_Identifiant' located by 'By.xpath: //*[@id="login"]' in '5' second(s)

2023-11-24 14:46:03 - [MESSAGE][INFO] - Smart Wait Function is triggered

2023-11-24 14:46:03 - [MESSAGE][INFO] - Found 1 web elements with id: 'Object Repository/Connexion Usager/Input_Identifiant' located by 'By.xpath: //*[@id="login"]' in '5' second(s)

2023-11-24 14:46:03 - [MESSAGE][INFO] - Setting text of object 'Object Repository/Connexion Usager/Input_Identifiant' to value '7703040879'

2023-11-24 14:46:05 - [MESSAGE][PASSED] - Text '7703040879' is set on object 'Object Repository/Connexion Usager/Input_Identifiant'

2023-11-24 14:46:05 - [TEST_STEP][PASSED] - NumEtrangerVisa = NumEtrangerVisa: null

2023-11-24 14:46:05 - [TEST_STEP][PASSED] - setEncryptedText(findTestObject("Object Repository/Connexion Usager/Input_MDP"), Password): Text ****** has been set on object 'Object Repository/Connexion Usager/Input_MDP'

2023-11-24 14:46:05 - [MESSAGE][INFO] - Finding Test Object 'Object Repository/Connexion Usager/Input_MDP'

2023-11-24 14:46:05 - [MESSAGE][INFO] - Checking timeout

2023-11-24 14:46:05 - [MESSAGE][INFO] - Finding web element with id: 'Object Repository/Connexion Usager/Input_MDP' located by 'By.xpath: //*[@id="password"]' in '20' second(s)

2023-11-24 14:46:05 - [MESSAGE][INFO] - Smart Wait Function is triggered

2023-11-24 14:46:05 - [MESSAGE][INFO] - Found 1 web elements with id: 'Object Repository/Connexion Usager/Input_MDP' located by 'By.xpath: //*[@id="password"]' in '20' second(s)

2023-11-24 14:46:05 - [MESSAGE][INFO] - Checking object

2023-11-24 14:46:05 - [MESSAGE][INFO] - Checking text

2023-11-24 14:46:05 - [MESSAGE][INFO] - Finding web element from Test Object's properties

2023-11-24 14:46:05 - [MESSAGE][INFO] - Checking timeout

2023-11-24 14:46:05 - [MESSAGE][INFO] - Finding web element with id: 'Object Repository/Connexion Usager/Input_MDP' located by 'By.xpath: //*[@id="password"]' in '5' second(s)

2023-11-24 14:46:05 - [MESSAGE][INFO] - Smart Wait Function is triggered

2023-11-24 14:46:05 - [MESSAGE][INFO] - Found 1 web elements with id: 'Object Repository/Connexion Usager/Input_MDP' located by 'By.xpath: //*[@id="password"]' in '5' second(s)

2023-11-24 14:46:05 - [MESSAGE][INFO] - Clearing text of object 'Object Repository/Connexion Usager/Input_MDP'

2023-11-24 14:46:07 - [MESSAGE][INFO] - Setting  text of object 'Object Repository/Connexion Usager/Input_MDP' to value ******

2023-11-24 14:46:09 - [MESSAGE][PASSED] - Text ****** has been set on object 'Object Repository/Connexion Usager/Input_MDP'

2023-11-24 14:46:09 - [TEST_STEP][PASSED] - click(findTestObject("Object Repository/Connexion Usager/btn_Sidentifier")): Object: 'Object Repository/Connexion Usager/btn_Sidentifier' is clicked on

2023-11-24 14:46:09 - [MESSAGE][INFO] - Finding Test Object 'Object Repository/Connexion Usager/btn_Sidentifier'

2023-11-24 14:46:09 - [MESSAGE][INFO] - Checking timeout

2023-11-24 14:46:09 - [MESSAGE][INFO] - Finding web element with id: 'Object Repository/Connexion Usager/btn_Sidentifier' located by 'By.xpath: //*[@type= 'submit']' in '20' second(s)

2023-11-24 14:46:09 - [MESSAGE][INFO] - Smart Wait Function is triggered

2023-11-24 14:46:09 - [MESSAGE][INFO] - Found 1 web elements with id: 'Object Repository/Connexion Usager/btn_Sidentifier' located by 'By.xpath: //*[@type= 'submit']' in '20' second(s)

2023-11-24 14:46:09 - [MESSAGE][INFO] - Checking object

2023-11-24 14:46:09 - [MESSAGE][INFO] - Checking timeout

2023-11-24 14:46:09 - [MESSAGE][INFO] - Finding web element from Test Object's properties

2023-11-24 14:46:09 - [MESSAGE][INFO] - Checking timeout

2023-11-24 14:46:09 - [MESSAGE][INFO] - Finding web element with id: 'Object Repository/Connexion Usager/btn_Sidentifier' located by 'By.xpath: //*[@type= 'submit']' in '5' second(s)

2023-11-24 14:46:09 - [MESSAGE][INFO] - Smart Wait Function is triggered

2023-11-24 14:46:09 - [MESSAGE][INFO] - Found 1 web elements with id: 'Object Repository/Connexion Usager/btn_Sidentifier' located by 'By.xpath: //*[@type= 'submit']' in '5' second(s)

2023-11-24 14:46:09 - [MESSAGE][INFO] - Clicking on object: 'Object Repository/Connexion Usager/btn_Sidentifier'

2023-11-24 14:46:15 - [MESSAGE][PASSED] - Object: 'Object Repository/Connexion Usager/btn_Sidentifier' is clicked on

2023-11-24 14:46:15 - [TEST_STEP][PASSED] - delay(15): Delayed 15 second(s)

2023-11-24 14:46:15 - [MESSAGE][INFO] - Delaying browser in 15 second(s)

2023-11-24 14:46:30 - [MESSAGE][PASSED] - Delayed 15 second(s)

2023-11-24 14:46:30 - [TEST_STEP][PASSED] - verifyElementPresent(findTestObject("Object Repository/Page_Accueil_Usager/Span_MesNotifications"), 2, STOP_ON_FAILURE): Object 'Object Repository/Page_Accueil_Usager/Span_MesNotifications' is present

2023-11-24 14:46:30 - [MESSAGE][INFO] - Finding Test Object 'Object Repository/Page_Accueil_Usager/Span_MesNotifications'

2023-11-24 14:46:30 - [MESSAGE][INFO] - Checking object

2023-11-24 14:46:30 - [MESSAGE][INFO] - Finding web element from Test Object's properties

2023-11-24 14:46:30 - [MESSAGE][INFO] - Checking timeout

2023-11-24 14:46:30 - [MESSAGE][INFO] - Finding web element with id: 'Object Repository/Page_Accueil_Usager/Span_MesNotifications' located by 'By.xpath: //*[@id="navBar-new"]/nav/div[3]/div/div/ul/li[1]/a/span' in '2' second(s)

2023-11-24 14:46:30 - [MESSAGE][INFO] - Smart Wait Function is triggered

2023-11-24 14:46:30 - [MESSAGE][INFO] - Found 1 web elements with id: 'Object Repository/Page_Accueil_Usager/Span_MesNotifications' located by 'By.xpath: //*[@id="navBar-new"]/nav/div[3]/div/div/ul/li[1]/a/span' in '2' second(s)

2023-11-24 14:46:30 - [MESSAGE][PASSED] - Object 'Object Repository/Page_Accueil_Usager/Span_MesNotifications' is present

2023-11-24 14:46:30 - [TEST_STEP][PASSED] - if (Profiles == "Agent"): null

2023-11-24 14:46:30 - [TEST_STEP][PASSED] - else: null

2023-11-24 14:46:30 - [TEST_STEP][PASSED] - println("VÃ©rifier le Portail de votre connexion Usager ou Agent"): null

2023-11-24 14:46:30 - [MESSAGE][PASSED] - Call Test Case 'Test Cases/Test Reutilisable/Main/Identification' successfully

2023-11-24 14:46:30 - [TEST_STEP][PASSED] - callTestCase(findTestCase("Test Reutilisable/DemandeOuRenouvelle_TitreSejour/DemandeOuRenouvelleTitreSejour"), [:], STOP_ON_FAILURE): Call Test Case 'Test Cases/Test Reutilisable/DemandeOuRenouvelle_TitreSejour/DemandeOuRenouvelleTitreSejour' successfully

2023-11-24 14:46:30 - [MESSAGE][INFO] - Checking called Test Case

2023-11-24 14:46:30 - [MESSAGE][INFO] - Starting to call Test Case 'Test Cases/Test Reutilisable/DemandeOuRenouvelle_TitreSejour/DemandeOuRenouvelleTitreSejour'

2023-11-24 14:46:30 - [TEST_CASE][PASSED] - Test Cases/Test Reutilisable/DemandeOuRenouvelle_TitreSejour/DemandeOuRenouvelleTitreSejour: Test Cases/Test Reutilisable/DemandeOuRenouvelle_TitreSejour/DemandeOuRenouvelleTitreSejour

2023-11-24 14:46:30 - [TEST_STEP][PASSED] - com.kazurayam.ksbackyard.HighlightElement.pandemic(): com.kazurayam.ksbackyard.HighlightElement.pandemic is PASSED

2023-11-24 14:46:30 - [MESSAGE][PASSED] - com.kazurayam.ksbackyard.HighlightElement.pandemic is PASSED

2023-11-24 14:46:30 - [TEST_STEP][PASSED] - delay(3): Delayed 3 second(s)

2023-11-24 14:46:30 - [MESSAGE][INFO] - Delaying browser in 3 second(s)

2023-11-24 14:46:33 - [MESSAGE][PASSED] - Delayed 3 second(s)

2023-11-24 14:46:33 - [TEST_STEP][PASSED] - doubleClick(findTestObject("Object Repository/Page_Accueil_Usager/btn_DemandeOuRenouvelleTitreSejour")): Object: 'Object Repository/Page_Accueil_Usager/btn_DemandeOuRenouvelleTitreSejour' is double clicked on

2023-11-24 14:46:33 - [MESSAGE][INFO] - Finding Test Object 'Object Repository/Page_Accueil_Usager/btn_DemandeOuRenouvelleTitreSejour'

2023-11-24 14:46:34 - [MESSAGE][INFO] - Checking object

2023-11-24 14:46:34 - [MESSAGE][INFO] - Finding web element from Test Object's properties

2023-11-24 14:46:34 - [MESSAGE][INFO] - Checking timeout

2023-11-24 14:46:34 - [MESSAGE][INFO] - Finding web element with id: 'Object Repository/Page_Accueil_Usager/btn_DemandeOuRenouvelleTitreSejour' located by 'By.xpath: //app-portal//app-portal-root/app-default-root-content/div/div/anef-tile[1]/a/span/span[2]' in '5' second(s)

2023-11-24 14:46:34 - [MESSAGE][INFO] - Smart Wait Function is triggered

2023-11-24 14:46:34 - [MESSAGE][INFO] - Found 1 web elements with id: 'Object Repository/Page_Accueil_Usager/btn_DemandeOuRenouvelleTitreSejour' located by 'By.xpath: //app-portal//app-portal-root/app-default-root-content/div/div/anef-tile[1]/a/span/span[2]' in '5' second(s)

2023-11-24 14:46:34 - [MESSAGE][INFO] - Double clicking on object: 'Object Repository/Page_Accueil_Usager/btn_DemandeOuRenouvelleTitreSejour'

2023-11-24 14:46:34 - [MESSAGE][PASSED] - Object: 'Object Repository/Page_Accueil_Usager/btn_DemandeOuRenouvelleTitreSejour' is double clicked on

2023-11-24 14:46:34 - [TEST_STEP][PASSED] - delay(3): Delayed 3 second(s)

2023-11-24 14:46:34 - [MESSAGE][INFO] - Delaying browser in 3 second(s)

2023-11-24 14:46:37 - [MESSAGE][PASSED] - Delayed 3 second(s)

2023-11-24 14:46:37 - [TEST_STEP][PASSED] - switch (PourQui): null

2023-11-24 14:46:37 - [TEST_STEP][PASSED] - case "Moi-mÃªme":: null

2023-11-24 14:46:37 - [TEST_STEP][PASSED] - check(findTestObject("Object Repository/Page_Accueil_Usager/CheckBox_Moi-meme")): Object 'Object Repository/Page_Accueil_Usager/CheckBox_Moi-meme' is checked

2023-11-24 14:46:37 - [MESSAGE][INFO] - Finding Test Object 'Object Repository/Page_Accueil_Usager/CheckBox_Moi-meme'

2023-11-24 14:46:37 - [MESSAGE][INFO] - Checking object

2023-11-24 14:46:37 - [MESSAGE][INFO] - Finding web element from Test Object's properties

2023-11-24 14:46:37 - [MESSAGE][INFO] - Checking timeout

2023-11-24 14:46:37 - [MESSAGE][INFO] - Finding web element with id: 'Object Repository/Page_Accueil_Usager/CheckBox_Moi-meme' located by 'By.xpath: //*/div[1]/app-radio-tree-button/div/p-radiobutton/div/div[2]/span' in '5' second(s)

2023-11-24 14:46:37 - [MESSAGE][INFO] - Smart Wait Function is triggered

2023-11-24 14:46:37 - [MESSAGE][INFO] - Found 1 web elements with id: 'Object Repository/Page_Accueil_Usager/CheckBox_Moi-meme' located by 'By.xpath: //*/div[1]/app-radio-tree-button/div/p-radiobutton/div/div[2]/span' in '5' second(s)

2023-11-24 14:46:37 - [MESSAGE][INFO] - Checking on bject 'Object Repository/Page_Accueil_Usager/CheckBox_Moi-meme'

2023-11-24 14:46:39 - [MESSAGE][PASSED] - Object 'Object Repository/Page_Accueil_Usager/CheckBox_Moi-meme' is checked

2023-11-24 14:46:39 - [TEST_STEP][PASSED] - break: null

2023-11-24 14:46:39 - [TEST_STEP][PASSED] - click(findTestObject("Object Repository/Page_Accueil_Usager/btn_JeContinue")): Object: 'Object Repository/Page_Accueil_Usager/btn_JeContinue' is clicked on

2023-11-24 14:46:39 - [MESSAGE][INFO] - Finding Test Object 'Object Repository/Page_Accueil_Usager/btn_JeContinue'

2023-11-24 14:46:39 - [MESSAGE][INFO] - Checking timeout

2023-11-24 14:46:39 - [MESSAGE][INFO] - Finding web element with id: 'Object Repository/Page_Accueil_Usager/btn_JeContinue' located by 'By.xpath: //*[@ng-reflect-label='Je continue']|/html/body/app-root/div/app-portal/main/app-triage-demandeur/div/div/div/form/div[2]/button/span' in '20' second(s)

2023-11-24 14:46:39 - [MESSAGE][INFO] - Smart Wait Function is triggered

2023-11-24 14:46:39 - [MESSAGE][INFO] - Found 2 web elements with id: 'Object Repository/Page_Accueil_Usager/btn_JeContinue' located by 'By.xpath: //*[@ng-reflect-label='Je continue']|/html/body/app-root/div/app-portal/main/app-triage-demandeur/div/div/div/form/div[2]/button/span' in '20' second(s)

2023-11-24 14:46:39 - [MESSAGE][INFO] - Checking object

2023-11-24 14:46:39 - [MESSAGE][INFO] - Checking timeout

2023-11-24 14:46:39 - [MESSAGE][INFO] - Finding web element from Test Object's properties

2023-11-24 14:46:39 - [MESSAGE][INFO] - Checking timeout

2023-11-24 14:46:39 - [MESSAGE][INFO] - Finding web element with id: 'Object Repository/Page_Accueil_Usager/btn_JeContinue' located by 'By.xpath: //*[@ng-reflect-label='Je continue']|/html/body/app-root/div/app-portal/main/app-triage-demandeur/div/div/div/form/div[2]/button/span' in '5' second(s)

2023-11-24 14:46:39 - [MESSAGE][INFO] - Smart Wait Function is triggered

2023-11-24 14:46:39 - [MESSAGE][INFO] - Found 2 web elements with id: 'Object Repository/Page_Accueil_Usager/btn_JeContinue' located by 'By.xpath: //*[@ng-reflect-label='Je continue']|/html/body/app-root/div/app-portal/main/app-triage-demandeur/div/div/div/form/div[2]/button/span' in '5' second(s)

2023-11-24 14:46:39 - [MESSAGE][INFO] - Clicking on object: 'Object Repository/Page_Accueil_Usager/btn_JeContinue'

2023-11-24 14:46:41 - [MESSAGE][PASSED] - Object: 'Object Repository/Page_Accueil_Usager/btn_JeContinue' is clicked on

2023-11-24 14:46:41 - [MESSAGE][PASSED] - Call Test Case 'Test Cases/Test Reutilisable/DemandeOuRenouvelle_TitreSejour/DemandeOuRenouvelleTitreSejour' successfully

2023-11-24 14:46:41 - [TEST_STEP][PASSED] - callTestCase(findTestCase("Test Reutilisable/DemandeOuRenouvelle_TitreSejour/FormulaireTypeDeTitreDeSejour"), ["TypeTitreDeSejour":TypeTitreDeSejour, "Titre":Titre], STOP_ON_FAILURE): Call Test Case 'Test Cases/Test Reutilisable/DemandeOuRenouvelle_TitreSejour/FormulaireTypeDeTitreDeSejour' successfully

2023-11-24 14:46:41 - [MESSAGE][INFO] - Checking called Test Case

2023-11-24 14:46:41 - [MESSAGE][INFO] - Starting to call Test Case 'Test Cases/Test Reutilisable/DemandeOuRenouvelle_TitreSejour/FormulaireTypeDeTitreDeSejour'

2023-11-24 14:46:41 - [TEST_CASE][PASSED] - Test Cases/Test Reutilisable/DemandeOuRenouvelle_TitreSejour/FormulaireTypeDeTitreDeSejour: Test Cases/Test Reutilisable/DemandeOuRenouvelle_TitreSejour/FormulaireTypeDeTitreDeSejour

2023-11-24 14:46:42 - [TEST_STEP][PASSED] - com.kazurayam.ksbackyard.HighlightElement.pandemic(): com.kazurayam.ksbackyard.HighlightElement.pandemic is PASSED

2023-11-24 14:46:42 - [MESSAGE][PASSED] - com.kazurayam.ksbackyard.HighlightElement.pandemic is PASSED

2023-11-24 14:46:42 - [TEST_STEP][PASSED] - delay(10): Delayed 10 second(s)

2023-11-24 14:46:42 - [MESSAGE][INFO] - Delaying browser in 10 second(s)

2023-11-24 14:46:52 - [MESSAGE][PASSED] - Delayed 10 second(s)

2023-11-24 14:46:52 - [TEST_STEP][PASSED] - switch (TypeTitreDeSejour): null

2023-11-24 14:46:52 - [TEST_STEP][PASSED] - case "FrenchTechVisaForInvestors":: null

2023-11-24 14:46:52 - [TEST_STEP][PASSED] - if (Titre == "Visiteur" || Titre == "Etudiant"): Delayed 5 second(s)

2023-11-24 14:46:52 - [TEST_STEP][PASSED] - check(findTestObject("Object Repository/Page_DemarcheRenouvellement/CheckBox_SolliciteTS_PasseportTalent")): Object 'Object Repository/Page_DemarcheRenouvellement/CheckBox_SolliciteTS_PasseportTalent' is checked

2023-11-24 14:46:52 - [MESSAGE][INFO] - Finding Test Object 'Object Repository/Page_DemarcheRenouvellement/CheckBox_SolliciteTS_PasseportTalent'

2023-11-24 14:46:53 - [MESSAGE][INFO] - Checking object

2023-11-24 14:46:53 - [MESSAGE][INFO] - Finding web element from Test Object's properties

2023-11-24 14:46:53 - [MESSAGE][INFO] - Checking timeout

2023-11-24 14:46:53 - [MESSAGE][INFO] - Finding web element with id: 'Object Repository/Page_DemarcheRenouvellement/CheckBox_SolliciteTS_PasseportTalent' located by 'By.xpath: //*/div[3]/app-radio-tree-button/div/p-radiobutton/div/div[2]/span' in '5' second(s)

2023-11-24 14:46:53 - [MESSAGE][INFO] - Smart Wait Function is triggered

2023-11-24 14:46:53 - [MESSAGE][INFO] - Found 1 web elements with id: 'Object Repository/Page_DemarcheRenouvellement/CheckBox_SolliciteTS_PasseportTalent' located by 'By.xpath: //*/div[3]/app-radio-tree-button/div/p-radiobutton/div/div[2]/span' in '5' second(s)

2023-11-24 14:46:53 - [MESSAGE][INFO] - Checking on bject 'Object Repository/Page_DemarcheRenouvellement/CheckBox_SolliciteTS_PasseportTalent'

2023-11-24 14:46:55 - [MESSAGE][PASSED] - Object 'Object Repository/Page_DemarcheRenouvellement/CheckBox_SolliciteTS_PasseportTalent' is checked

2023-11-24 14:46:55 - [TEST_STEP][PASSED] - check(findTestObject("Object Repository/Page_DemarcheRenouvellement/CheckBox_SolliciteTS_InvestisseurOuPorteurProjetEconomique")): Object 'Object Repository/Page_DemarcheRenouvellement/CheckBox_SolliciteTS_InvestisseurOuPorteurProjetEconomique' is checked

2023-11-24 14:46:55 - [MESSAGE][INFO] - Finding Test Object 'Object Repository/Page_DemarcheRenouvellement/CheckBox_SolliciteTS_InvestisseurOuPorteurProjetEconomique'

2023-11-24 14:46:55 - [MESSAGE][INFO] - Checking object

2023-11-24 14:46:55 - [MESSAGE][INFO] - Finding web element from Test Object's properties

2023-11-24 14:46:55 - [MESSAGE][INFO] - Checking timeout

2023-11-24 14:46:55 - [MESSAGE][INFO] - Finding web element with id: 'Object Repository/Page_DemarcheRenouvellement/CheckBox_SolliciteTS_InvestisseurOuPorteurProjetEconomique' located by 'By.xpath: //div/form/div[1]/div[2]/fieldset/div[3]/app-radio-tree-button/div/div/div[3]/app-radio-tree-button/div/p-radiobutton/div/div[2]/span' in '5' second(s)

2023-11-24 14:46:55 - [MESSAGE][INFO] - Smart Wait Function is triggered

2023-11-24 14:46:55 - [MESSAGE][INFO] - Found 1 web elements with id: 'Object Repository/Page_DemarcheRenouvellement/CheckBox_SolliciteTS_InvestisseurOuPorteurProjetEconomique' located by 'By.xpath: //div/form/div[1]/div[2]/fieldset/div[3]/app-radio-tree-button/div/div/div[3]/app-radio-tree-button/div/p-radiobutton/div/div[2]/span' in '5' second(s)

2023-11-24 14:46:55 - [MESSAGE][INFO] - Checking on bject 'Object Repository/Page_DemarcheRenouvellement/CheckBox_SolliciteTS_InvestisseurOuPorteurProjetEconomique'

2023-11-24 14:46:57 - [MESSAGE][PASSED] - Object 'Object Repository/Page_DemarcheRenouvellement/CheckBox_SolliciteTS_InvestisseurOuPorteurProjetEconomique' is checked

2023-11-24 14:46:57 - [TEST_STEP][PASSED] - click(findTestObject("Object Repository/Page_DemarcheRenouvellement/btn_JeCommence")): Object: 'Object Repository/Page_DemarcheRenouvellement/btn_JeCommence' is clicked on

2023-11-24 14:46:57 - [MESSAGE][INFO] - Finding Test Object 'Object Repository/Page_DemarcheRenouvellement/btn_JeCommence'

2023-11-24 14:46:57 - [MESSAGE][INFO] - Checking timeout

2023-11-24 14:46:57 - [MESSAGE][INFO] - Finding web element with id: 'Object Repository/Page_DemarcheRenouvellement/btn_JeCommence' located by 'By.xpath: //app-informations-declaration//app-actions-bar//button/span[contains(.,'Je continue')]|//app-informations-demande-ptsq//app-actions-bar//button/span[contains(.,'Je continue')]|//*/div[2]/button/span|//button[@type="submit" and contains(., 'Je commence')]|//button[@type="submit" and contains(., 'Je continue')]' in '20' second(s)

2023-11-24 14:46:57 - [MESSAGE][INFO] - Smart Wait Function is triggered

2023-11-24 14:46:57 - [MESSAGE][INFO] - Found 1 web elements with id: 'Object Repository/Page_DemarcheRenouvellement/btn_JeCommence' located by 'By.xpath: //app-informations-declaration//app-actions-bar//button/span[contains(.,'Je continue')]|//app-informations-demande-ptsq//app-actions-bar//button/span[contains(.,'Je continue')]|//*/div[2]/button/span|//button[@type="submit" and contains(., 'Je commence')]|//button[@type="submit" and contains(., 'Je continue')]' in '20' second(s)

2023-11-24 14:46:57 - [MESSAGE][INFO] - Checking object

2023-11-24 14:46:57 - [MESSAGE][INFO] - Checking timeout

2023-11-24 14:46:57 - [MESSAGE][INFO] - Finding web element from Test Object's properties

2023-11-24 14:46:57 - [MESSAGE][INFO] - Checking timeout

2023-11-24 14:46:57 - [MESSAGE][INFO] - Finding web element with id: 'Object Repository/Page_DemarcheRenouvellement/btn_JeCommence' located by 'By.xpath: //app-informations-declaration//app-actions-bar//button/span[contains(.,'Je continue')]|//app-informations-demande-ptsq//app-actions-bar//button/span[contains(.,'Je continue')]|//*/div[2]/button/span|//button[@type="submit" and contains(., 'Je commence')]|//button[@type="submit" and contains(., 'Je continue')]' in '5' second(s)

2023-11-24 14:46:57 - [MESSAGE][INFO] - Smart Wait Function is triggered

2023-11-24 14:46:57 - [MESSAGE][INFO] - Found 1 web elements with id: 'Object Repository/Page_DemarcheRenouvellement/btn_JeCommence' located by 'By.xpath: //app-informations-declaration//app-actions-bar//button/span[contains(.,'Je continue')]|//app-informations-demande-ptsq//app-actions-bar//button/span[contains(.,'Je continue')]|//*/div[2]/button/span|//button[@type="submit" and contains(., 'Je commence')]|//button[@type="submit" and contains(., 'Je continue')]' in '5' second(s)

2023-11-24 14:46:57 - [MESSAGE][INFO] - Clicking on object: 'Object Repository/Page_DemarcheRenouvellement/btn_JeCommence'

2023-11-24 14:46:59 - [MESSAGE][PASSED] - Object: 'Object Repository/Page_DemarcheRenouvellement/btn_JeCommence' is clicked on

2023-11-24 14:46:59 - [TEST_STEP][PASSED] - check(findTestObject("Object Repository/Page_DemarcheRenouvellement/CheckBox_SolliciteTS_TS-PT-FrenchTechVisaForInvestors")): Object 'Object Repository/Page_DemarcheRenouvellement/CheckBox_SolliciteTS_TS-PT-FrenchTechVisaForInvestors' is checked

2023-11-24 14:46:59 - [MESSAGE][INFO] - Finding Test Object 'Object Repository/Page_DemarcheRenouvellement/CheckBox_SolliciteTS_TS-PT-FrenchTechVisaForInvestors'

2023-11-24 14:46:59 - [MESSAGE][INFO] - Checking object

2023-11-24 14:46:59 - [MESSAGE][INFO] - Finding web element from Test Object's properties

2023-11-24 14:46:59 - [MESSAGE][INFO] - Checking timeout

2023-11-24 14:46:59 - [MESSAGE][INFO] - Finding web element with id: 'Object Repository/Page_DemarcheRenouvellement/CheckBox_SolliciteTS_TS-PT-FrenchTechVisaForInvestors' located by 'By.xpath: /html/body/app-root/div/app-portal/main/app-theme-v2/div/app-triage-intermediaire/div/div/div/form/div/div[1]/p-radiobutton/div/div[2]/span' in '5' second(s)

2023-11-24 14:46:59 - [MESSAGE][INFO] - Smart Wait Function is triggered

2023-11-24 14:46:59 - [MESSAGE][INFO] - Smart Wait Function is triggered

2023-11-24 14:46:59 - [MESSAGE][INFO] - Smart Wait Function is triggered

2023-11-24 14:46:59 - [MESSAGE][INFO] - Smart Wait Function is triggered

2023-11-24 14:46:59 - [MESSAGE][INFO] - Smart Wait Function is triggered

2023-11-24 14:46:59 - [MESSAGE][INFO] - Smart Wait Function is triggered

2023-11-24 14:46:59 - [MESSAGE][INFO] - Smart Wait Function is triggered

2023-11-24 14:47:00 - [MESSAGE][INFO] - Smart Wait Function is triggered

2023-11-24 14:47:00 - [MESSAGE][INFO] - Smart Wait Function is triggered

2023-11-24 14:47:00 - [MESSAGE][INFO] - Smart Wait Function is triggered

2023-11-24 14:47:00 - [MESSAGE][INFO] - Smart Wait Function is triggered

2023-11-24 14:47:00 - [MESSAGE][INFO] - Smart Wait Function is triggered

2023-11-24 14:47:00 - [MESSAGE][INFO] - Smart Wait Function is triggered

2023-11-24 14:47:00 - [MESSAGE][INFO] - Smart Wait Function is triggered

2023-11-24 14:47:00 - [MESSAGE][INFO] - Smart Wait Function is triggered

2023-11-24 14:47:00 - [MESSAGE][INFO] - Smart Wait Function is triggered

2023-11-24 14:47:00 - [MESSAGE][INFO] - Smart Wait Function is triggered

2023-11-24 14:47:00 - [MESSAGE][INFO] - Smart Wait Function is triggered

2023-11-24 14:47:00 - [MESSAGE][INFO] - Smart Wait Function is triggered

2023-11-24 14:47:00 - [MESSAGE][INFO] - Smart Wait Function is triggered

2023-11-24 14:47:00 - [MESSAGE][INFO] - Smart Wait Function is triggered

2023-11-24 14:47:00 - [MESSAGE][INFO] - Smart Wait Function is triggered

2023-11-24 14:47:00 - [MESSAGE][INFO] - Smart Wait Function is triggered

2023-11-24 14:47:00 - [MESSAGE][INFO] - Smart Wait Function is triggered

2023-11-24 14:47:00 - [MESSAGE][INFO] - Smart Wait Function is triggered

2023-11-24 14:47:00 - [MESSAGE][INFO] - Smart Wait Function is triggered

2023-11-24 14:47:00 - [MESSAGE][INFO] - Smart Wait Function is triggered

2023-11-24 14:47:00 - [MESSAGE][INFO] - Smart Wait Function is triggered

2023-11-24 14:47:00 - [MESSAGE][INFO] - Smart Wait Function is triggered

2023-11-24 14:47:00 - [MESSAGE][INFO] - Smart Wait Function is triggered

2023-11-24 14:47:00 - [MESSAGE][INFO] - Smart Wait Function is triggered

2023-11-24 14:47:00 - [MESSAGE][INFO] - Smart Wait Function is triggered

2023-11-24 14:47:00 - [MESSAGE][INFO] - Smart Wait Function is triggered

2023-11-24 14:47:00 - [MESSAGE][INFO] - Smart Wait Function is triggered

2023-11-24 14:47:00 - [MESSAGE][INFO] - Smart Wait Function is triggered

2023-11-24 14:47:00 - [MESSAGE][INFO] - Found 1 web elements with id: 'Object Repository/Page_DemarcheRenouvellement/CheckBox_SolliciteTS_TS-PT-FrenchTechVisaForInvestors' located by 'By.xpath: /html/body/app-root/div/app-portal/main/app-theme-v2/div/app-triage-intermediaire/div/div/div/form/div/div[1]/p-radiobutton/div/div[2]/span' in '5' second(s)

2023-11-24 14:47:00 - [MESSAGE][INFO] - Checking on bject 'Object Repository/Page_DemarcheRenouvellement/CheckBox_SolliciteTS_TS-PT-FrenchTechVisaForInvestors'

2023-11-24 14:47:02 - [MESSAGE][PASSED] - Object 'Object Repository/Page_DemarcheRenouvellement/CheckBox_SolliciteTS_TS-PT-FrenchTechVisaForInvestors' is checked

2023-11-24 14:47:02 - [TEST_STEP][PASSED] - click(findTestObject("Object Repository/Page_DemarcheRenouvellement/btn_JeCommence")): Object: 'Object Repository/Page_DemarcheRenouvellement/btn_JeCommence' is clicked on

2023-11-24 14:47:02 - [MESSAGE][INFO] - Finding Test Object 'Object Repository/Page_DemarcheRenouvellement/btn_JeCommence'

2023-11-24 14:47:03 - [MESSAGE][INFO] - Checking timeout

2023-11-24 14:47:03 - [MESSAGE][INFO] - Finding web element with id: 'Object Repository/Page_DemarcheRenouvellement/btn_JeCommence' located by 'By.xpath: //app-informations-declaration//app-actions-bar//button/span[contains(.,'Je continue')]|//app-informations-demande-ptsq//app-actions-bar//button/span[contains(.,'Je continue')]|//*/div[2]/button/span|//button[@type="submit" and contains(., 'Je commence')]|//button[@type="submit" and contains(., 'Je continue')]' in '20' second(s)

2023-11-24 14:47:03 - [MESSAGE][INFO] - Smart Wait Function is triggered

2023-11-24 14:47:03 - [MESSAGE][INFO] - Found 1 web elements with id: 'Object Repository/Page_DemarcheRenouvellement/btn_JeCommence' located by 'By.xpath: //app-informations-declaration//app-actions-bar//button/span[contains(.,'Je continue')]|//app-informations-demande-ptsq//app-actions-bar//button/span[contains(.,'Je continue')]|//*/div[2]/button/span|//button[@type="submit" and contains(., 'Je commence')]|//button[@type="submit" and contains(., 'Je continue')]' in '20' second(s)

2023-11-24 14:47:03 - [MESSAGE][INFO] - Checking object

2023-11-24 14:47:03 - [MESSAGE][INFO] - Checking timeout

2023-11-24 14:47:03 - [MESSAGE][INFO] - Finding web element from Test Object's properties

2023-11-24 14:47:03 - [MESSAGE][INFO] - Checking timeout

2023-11-24 14:47:03 - [MESSAGE][INFO] - Finding web element with id: 'Object Repository/Page_DemarcheRenouvellement/btn_JeCommence' located by 'By.xpath: //app-informations-declaration//app-actions-bar//button/span[contains(.,'Je continue')]|//app-informations-demande-ptsq//app-actions-bar//button/span[contains(.,'Je continue')]|//*/div[2]/button/span|//button[@type="submit" and contains(., 'Je commence')]|//button[@type="submit" and contains(., 'Je continue')]' in '5' second(s)

2023-11-24 14:47:03 - [MESSAGE][INFO] - Smart Wait Function is triggered

2023-11-24 14:47:03 - [MESSAGE][INFO] - Found 1 web elements with id: 'Object Repository/Page_DemarcheRenouvellement/btn_JeCommence' located by 'By.xpath: //app-informations-declaration//app-actions-bar//button/span[contains(.,'Je continue')]|//app-informations-demande-ptsq//app-actions-bar//button/span[contains(.,'Je continue')]|//*/div[2]/button/span|//button[@type="submit" and contains(., 'Je commence')]|//button[@type="submit" and contains(., 'Je continue')]' in '5' second(s)

2023-11-24 14:47:03 - [MESSAGE][INFO] - Clicking on object: 'Object Repository/Page_DemarcheRenouvellement/btn_JeCommence'

2023-11-24 14:47:05 - [MESSAGE][PASSED] - Object: 'Object Repository/Page_DemarcheRenouvellement/btn_JeCommence' is clicked on

2023-11-24 14:47:05 - [TEST_STEP][PASSED] - delay(3): Delayed 3 second(s)

2023-11-24 14:47:05 - [MESSAGE][INFO] - Delaying browser in 3 second(s)

2023-11-24 14:47:08 - [MESSAGE][PASSED] - Delayed 3 second(s)

2023-11-24 14:47:08 - [TEST_STEP][PASSED] - click(findTestObject("Object Repository/Page_DemarcheRenouvellement/Btn_JeContinue")): Object: 'Object Repository/Page_DemarcheRenouvellement/Btn_JeContinue' is clicked on

2023-11-24 14:47:08 - [MESSAGE][INFO] - Finding Test Object 'Object Repository/Page_DemarcheRenouvellement/Btn_JeContinue'

2023-11-24 14:47:08 - [MESSAGE][INFO] - Checking timeout

2023-11-24 14:47:08 - [MESSAGE][INFO] - Finding web element with id: 'Object Repository/Page_DemarcheRenouvellement/Btn_JeContinue' located by 'By.xpath: //button[@type="submit" and contains(., 'Je commence')]|//span[@class="ui-button-text ui-clickable" and contains(., 'Je continue')]|//app-informations-declaration//app-actions-bar//button/span[contains(.,'Je continue')]|//app-informations-demande-ptch/div/app-actions-bar/div/div[2]/div/div[2]/button/span' in '20' second(s)

2023-11-24 14:47:08 - [MESSAGE][INFO] - Smart Wait Function is triggered

2023-11-24 14:47:08 - [MESSAGE][INFO] - Found 1 web elements with id: 'Object Repository/Page_DemarcheRenouvellement/Btn_JeContinue' located by 'By.xpath: //button[@type="submit" and contains(., 'Je commence')]|//span[@class="ui-button-text ui-clickable" and contains(., 'Je continue')]|//app-informations-declaration//app-actions-bar//button/span[contains(.,'Je continue')]|//app-informations-demande-ptch/div/app-actions-bar/div/div[2]/div/div[2]/button/span' in '20' second(s)

2023-11-24 14:47:08 - [MESSAGE][INFO] - Checking object

2023-11-24 14:47:08 - [MESSAGE][INFO] - Checking timeout

2023-11-24 14:47:08 - [MESSAGE][INFO] - Finding web element from Test Object's properties

2023-11-24 14:47:08 - [MESSAGE][INFO] - Checking timeout

2023-11-24 14:47:08 - [MESSAGE][INFO] - Finding web element with id: 'Object Repository/Page_DemarcheRenouvellement/Btn_JeContinue' located by 'By.xpath: //button[@type="submit" and contains(., 'Je commence')]|//span[@class="ui-button-text ui-clickable" and contains(., 'Je continue')]|//app-informations-declaration//app-actions-bar//button/span[contains(.,'Je continue')]|//app-informations-demande-ptch/div/app-actions-bar/div/div[2]/div/div[2]/button/span' in '5' second(s)

2023-11-24 14:47:08 - [MESSAGE][INFO] - Smart Wait Function is triggered

2023-11-24 14:47:08 - [MESSAGE][INFO] - Found 1 web elements with id: 'Object Repository/Page_DemarcheRenouvellement/Btn_JeContinue' located by 'By.xpath: //button[@type="submit" and contains(., 'Je commence')]|//span[@class="ui-button-text ui-clickable" and contains(., 'Je continue')]|//app-informations-declaration//app-actions-bar//button/span[contains(.,'Je continue')]|//app-informations-demande-ptch/div/app-actions-bar/div/div[2]/div/div[2]/button/span' in '5' second(s)

2023-11-24 14:47:08 - [MESSAGE][INFO] - Clicking on object: 'Object Repository/Page_DemarcheRenouvellement/Btn_JeContinue'

2023-11-24 14:47:10 - [MESSAGE][PASSED] - Object: 'Object Repository/Page_DemarcheRenouvellement/Btn_JeContinue' is clicked on

2023-11-24 14:47:10 - [TEST_STEP][PASSED] - delay(5): Delayed 5 second(s)

2023-11-24 14:47:10 - [MESSAGE][INFO] - Delaying browser in 5 second(s)

2023-11-24 14:47:15 - [MESSAGE][PASSED] - Delayed 5 second(s)

2023-11-24 14:47:15 - [TEST_STEP][PASSED] - break: null

2023-11-24 14:47:15 - [TEST_STEP][PASSED] - "VÃ©rification s il y a un message Erreur : Il est trop tÃ´t pour demander le renouvellement de votre titre.": null

2023-11-24 14:47:15 - [TEST_STEP][PASSED] - MsgAlertPresent = verifyElementPresent(findTestObject("Object Repository/Page_Accueil_Usager/Verif_PopUpTropTotPourDemanderLeRenouvellementDeVotreTitre"), 1, OPTIONAL): com.kms.katalon.core.webui.exception.WebElementNotFoundException: Web element with id: 'Object Repository/Page_Accueil_Usager/Verif_PopUpTropTotPourDemanderLeRenouvellementDeVotreTitre' located by '/html/body/app-root/div/app-portal/main/app-theme-v2/div/app-triage/div/div/div/form/div[2]/div/p-message/div/span[2]' not found (Root cause: com.kms.katalon.core.exception.StepFailedException: com.kms.katalon.core.webui.exception.WebElementNotFoundException: Web element with id: 'Object Repository/Page_Accueil_Usager/Verif_PopUpTropTotPourDemanderLeRenouvellementDeVotreTitre' located by '/html/body/app-root/div/app-portal/main/app-theme-v2/div/app-triage/div/div/div/form/div[2]/div/p-message/div/span[2]' not found
	at com.kms.katalon.core.webui.keyword.internal.WebUIKeywordMain.stepFailed(WebUIKeywordMain.groovy:64)
	at com.kms.katalon.core.webui.keyword.builtin.VerifyElementPresentKeyword$_verifyElementPresent_closure1.doCall(VerifyElementPresentKeyword.groovy:85)
	at com.kms.katalon.core.webui.keyword.builtin.VerifyElementPresentKeyword$_verifyElementPresent_closure1.call(VerifyElementPresentKeyword.groovy)
	at com.kms.katalon.core.webui.keyword.internal.WebUIKeywordMain.runKeyword(WebUIKeywordMain.groovy:20)
	at com.kms.katalon.core.webui.keyword.builtin.VerifyElementPresentKeyword.verifyElementPresent(VerifyElementPresentKeyword.groovy:92)
	at com.kms.katalon.core.webui.keyword.builtin.VerifyElementPresentKeyword.execute(VerifyElementPresentKeyword.groovy:68)
	at com.kms.katalon.core.keyword.internal.KeywordExecutor.executeKeywordForPlatform(KeywordExecutor.groovy:74)
	at com.kms.katalon.core.webui.keyword.WebUiBuiltInKeywords.verifyElementPresent(WebUiBuiltInKeywords.groovy:1448)
	at com.kazurayam.ksbackyard.HighlightElement$_pandemic_closure1.doCall(HighlightElement.groovy:105)
	at FormulaireTypeDeTitreDeSejour.run(FormulaireTypeDeTitreDeSejour:305)
	at com.kms.katalon.core.main.ScriptEngine.run(ScriptEngine.java:194)
	at com.kms.katalon.core.main.ScriptEngine.runScriptAsRawText(ScriptEngine.java:119)
	at com.kms.katalon.core.main.TestCaseExecutor.runScript(TestCaseExecutor.java:448)
	at com.kms.katalon.core.main.TestCaseExecutor.doExecute(TestCaseExecutor.java:439)
	at com.kms.katalon.core.main.TestCaseExecutor.processExecutionPhase(TestCaseExecutor.java:418)
	at com.kms.katalon.core.main.TestCaseExecutor.accessMainPhase(TestCaseExecutor.java:410)
	at com.kms.katalon.core.main.TestCaseExecutor.execute(TestCaseExecutor.java:285)
	at com.kms.katalon.core.main.TestCaseMain.runTestCase(TestCaseMain.java:144)
	at com.kms.katalon.core.keyword.builtin.CallTestCaseKeyword$_callTestCase_closure1.doCall(CallTestCaseKeyword.groovy:59)
	at com.kms.katalon.core.keyword.builtin.CallTestCaseKeyword$_callTestCase_closure1.call(CallTestCaseKeyword.groovy)
	at com.kms.katalon.core.keyword.internal.KeywordMain.runKeyword(KeywordMain.groovy:75)
	at com.kms.katalon.core.keyword.builtin.CallTestCaseKeyword.callTestCase(CallTestCaseKeyword.groovy:81)
	at com.kms.katalon.core.keyword.builtin.CallTestCaseKeyword.execute(CallTestCaseKeyword.groovy:44)
	at com.kms.katalon.core.keyword.internal.KeywordExecutor.executeKeywordForPlatform(KeywordExecutor.groovy:74)
	at com.kms.katalon.core.keyword.BuiltinKeywords.callTestCase(BuiltinKeywords.groovy:310)
	at com.kazurayam.ksbackyard.HighlightElement$_pandemic_closure1.doCall(HighlightElement.groovy:105)
	at TNR R.TSPT Supp90-Etudiant.run(TNR R.TSPT Supp90-Etudiant:43)
	at com.kms.katalon.core.main.ScriptEngine.run(ScriptEngine.java:194)
	at com.kms.katalon.core.main.ScriptEngine.runScriptAsRawText(ScriptEngine.java:119)
	at com.kms.katalon.core.main.TestCaseExecutor.runScript(TestCaseExecutor.java:448)
	at com.kms.katalon.core.main.TestCaseExecutor.doExecute(TestCaseExecutor.java:439)
	at com.kms.katalon.core.main.TestCaseExecutor.processExecutionPhase(TestCaseExecutor.java:418)
	at com.kms.katalon.core.main.TestCaseExecutor.accessMainPhase(TestCaseExecutor.java:410)
	at com.kms.katalon.core.main.TestCaseExecutor.execute(TestCaseExecutor.java:285)
	at com.kms.katalon.core.common.CommonExecutor.accessTestCaseMainPhase(CommonExecutor.java:65)
	at com.kms.katalon.core.main.TestSuiteExecutor.accessTestSuiteMainPhase(TestSuiteExecutor.java:148)
	at com.kms.katalon.core.main.TestSuiteExecutor.execute(TestSuiteExecutor.java:106)
	at com.kms.katalon.core.main.TestCaseMain.startTestSuite(TestCaseMain.java:187)
	at com.kms.katalon.core.main.TestCaseMain$startTestSuite$0.call(Unknown Source)
	at TempTestSuite1700833478897.run(TempTestSuite1700833478897.groovy:36)
)

2023-11-24 14:47:15 - [MESSAGE][INFO] - Finding Test Object 'Object Repository/Page_Accueil_Usager/Verif_PopUpTropTotPourDemanderLeRenouvellementDeVotreTitre'

2023-11-24 14:47:15 - [MESSAGE][INFO] - Checking object

2023-11-24 14:47:15 - [MESSAGE][INFO] - Finding web element from Test Object's properties

2023-11-24 14:47:15 - [MESSAGE][INFO] - Checking timeout

2023-11-24 14:47:15 - [MESSAGE][INFO] - Finding web element with id: 'Object Repository/Page_Accueil_Usager/Verif_PopUpTropTotPourDemanderLeRenouvellementDeVotreTitre' located by 'By.xpath: /html/body/app-root/div/app-portal/main/app-theme-v2/div/app-triage/div/div/div/form/div[2]/div/p-message/div/span[2]' in '1' second(s)

2023-11-24 14:47:15 - [MESSAGE][INFO] - Smart Wait Function is triggered

2023-11-24 14:47:15 - [MESSAGE][INFO] - Smart Wait Function is triggered

2023-11-24 14:47:15 - [MESSAGE][INFO] - Smart Wait Function is triggered

2023-11-24 14:47:15 - [MESSAGE][INFO] - Smart Wait Function is triggered

2023-11-24 14:47:15 - [MESSAGE][INFO] - Smart Wait Function is triggered

2023-11-24 14:47:15 - [MESSAGE][INFO] - Smart Wait Function is triggered

2023-11-24 14:47:15 - [MESSAGE][INFO] - Smart Wait Function is triggered

2023-11-24 14:47:15 - [MESSAGE][INFO] - Smart Wait Function is triggered

2023-11-24 14:47:15 - [MESSAGE][INFO] - Smart Wait Function is triggered

2023-11-24 14:47:15 - [MESSAGE][INFO] - Smart Wait Function is triggered

2023-11-24 14:47:15 - [MESSAGE][INFO] - Smart Wait Function is triggered

2023-11-24 14:47:15 - [MESSAGE][INFO] - Smart Wait Function is triggered

2023-11-24 14:47:15 - [MESSAGE][INFO] - Smart Wait Function is triggered

2023-11-24 14:47:15 - [MESSAGE][INFO] - Smart Wait Function is triggered

2023-11-24 14:47:15 - [MESSAGE][INFO] - Smart Wait Function is triggered

2023-11-24 14:47:15 - [MESSAGE][INFO] - Smart Wait Function is triggered

2023-11-24 14:47:15 - [MESSAGE][INFO] - Smart Wait Function is triggered

2023-11-24 14:47:15 - [MESSAGE][INFO] - Smart Wait Function is triggered

2023-11-24 14:47:15 - [MESSAGE][INFO] - Smart Wait Function is triggered

2023-11-24 14:47:15 - [MESSAGE][INFO] - Smart Wait Function is triggered

2023-11-24 14:47:15 - [MESSAGE][INFO] - Smart Wait Function is triggered

2023-11-24 14:47:15 - [MESSAGE][INFO] - Smart Wait Function is triggered

2023-11-24 14:47:15 - [MESSAGE][INFO] - Smart Wait Function is triggered

2023-11-24 14:47:16 - [MESSAGE][INFO] - Smart Wait Function is triggered

2023-11-24 14:47:16 - [MESSAGE][INFO] - Smart Wait Function is triggered

2023-11-24 14:47:16 - [MESSAGE][INFO] - Smart Wait Function is triggered

2023-11-24 14:47:16 - [MESSAGE][INFO] - Smart Wait Function is triggered

2023-11-24 14:47:16 - [MESSAGE][INFO] - Smart Wait Function is triggered

2023-11-24 14:47:16 - [MESSAGE][INFO] - Smart Wait Function is triggered

2023-11-24 14:47:16 - [MESSAGE][INFO] - Smart Wait Function is triggered

2023-11-24 14:47:16 - [MESSAGE][INFO] - Smart Wait Function is triggered

2023-11-24 14:47:16 - [MESSAGE][INFO] - Smart Wait Function is triggered

2023-11-24 14:47:16 - [MESSAGE][INFO] - Smart Wait Function is triggered

2023-11-24 14:47:16 - [MESSAGE][INFO] - Smart Wait Function is triggered

2023-11-24 14:47:16 - [MESSAGE][INFO] - Smart Wait Function is triggered

2023-11-24 14:47:16 - [MESSAGE][INFO] - Smart Wait Function is triggered

2023-11-24 14:47:16 - [MESSAGE][INFO] - Smart Wait Function is triggered

2023-11-24 14:47:16 - [MESSAGE][INFO] - Smart Wait Function is triggered

2023-11-24 14:47:16 - [MESSAGE][INFO] - Smart Wait Function is triggered

2023-11-24 14:47:16 - [MESSAGE][INFO] - Smart Wait Function is triggered

2023-11-24 14:47:16 - [MESSAGE][INFO] - Smart Wait Function is triggered

2023-11-24 14:47:16 - [MESSAGE][INFO] - Smart Wait Function is triggered

2023-11-24 14:47:16 - [MESSAGE][INFO] - Smart Wait Function is triggered

2023-11-24 14:47:16 - [MESSAGE][INFO] - Smart Wait Function is triggered

2023-11-24 14:47:16 - [MESSAGE][INFO] - Smart Wait Function is triggered

2023-11-24 14:47:16 - [MESSAGE][INFO] - Smart Wait Function is triggered

2023-11-24 14:47:16 - [MESSAGE][INFO] - Smart Wait Function is triggered

2023-11-24 14:47:16 - [MESSAGE][INFO] - Smart Wait Function is triggered

2023-11-24 14:47:16 - [MESSAGE][INFO] - Smart Wait Function is triggered

2023-11-24 14:47:16 - [MESSAGE][INFO] - Smart Wait Function is triggered

2023-11-24 14:47:16 - [MESSAGE][INFO] - Smart Wait Function is triggered

2023-11-24 14:47:16 - [MESSAGE][INFO] - Smart Wait Function is triggered

2023-11-24 14:47:16 - [MESSAGE][INFO] - Smart Wait Function is triggered

2023-11-24 14:47:16 - [MESSAGE][INFO] - Smart Wait Function is triggered

2023-11-24 14:47:16 - [MESSAGE][INFO] - Smart Wait Function is triggered

2023-11-24 14:47:16 - [MESSAGE][INFO] - Smart Wait Function is triggered

2023-11-24 14:47:16 - [MESSAGE][INFO] - Smart Wait Function is triggered

2023-11-24 14:47:16 - [MESSAGE][INFO] - Smart Wait Function is triggered

2023-11-24 14:47:16 - [MESSAGE][INFO] - Smart Wait Function is triggered

2023-11-24 14:47:16 - [MESSAGE][INFO] - Smart Wait Function is triggered

2023-11-24 14:47:16 - [MESSAGE][INFO] - Smart Wait Function is triggered

2023-11-24 14:47:16 - [MESSAGE][INFO] - Smart Wait Function is triggered

2023-11-24 14:47:16 - [MESSAGE][INFO] - Smart Wait Function is triggered

2023-11-24 14:47:16 - [MESSAGE][INFO] - Smart Wait Function is triggered

2023-11-24 14:47:16 - [MESSAGE][INFO] - Smart Wait Function is triggered

2023-11-24 14:47:16 - [MESSAGE][INFO] - Smart Wait Function is triggered

2023-11-24 14:47:16 - [MESSAGE][INFO] - Smart Wait Function is triggered

2023-11-24 14:47:16 - [MESSAGE][INFO] - Smart Wait Function is triggered

2023-11-24 14:47:16 - [MESSAGE][INFO] - Smart Wait Function is triggered

2023-11-24 14:47:16 - [MESSAGE][INFO] - Smart Wait Function is triggered

2023-11-24 14:47:16 - [MESSAGE][INFO] - Smart Wait Function is triggered

2023-11-24 14:47:17 - [MESSAGE][INFO] - Smart Wait Function is triggered

2023-11-24 14:47:17 - [MESSAGE][INFO] - Smart Wait Function is triggered

2023-11-24 14:47:17 - [MESSAGE][INFO] - Smart Wait Function is triggered

2023-11-24 14:47:17 - [MESSAGE][INFO] - Smart Wait Function is triggered

2023-11-24 14:47:17 - [MESSAGE][INFO] - Smart Wait Function is triggered

2023-11-24 14:47:17 - [MESSAGE][INFO] - Smart Wait Function is triggered

2023-11-24 14:47:17 - [MESSAGE][INFO] - Smart Wait Function is triggered

2023-11-24 14:47:17 - [MESSAGE][INFO] - Smart Wait Function is triggered

2023-11-24 14:47:17 - [MESSAGE][INFO] - Smart Wait Function is triggered

2023-11-24 14:47:17 - [MESSAGE][INFO] - Smart Wait Function is triggered

2023-11-24 14:47:17 - [MESSAGE][INFO] - Smart Wait Function is triggered

2023-11-24 14:47:17 - [MESSAGE][INFO] - Smart Wait Function is triggered

2023-11-24 14:47:17 - [MESSAGE][INFO] - Smart Wait Function is triggered

2023-11-24 14:47:17 - [MESSAGE][INFO] - Smart Wait Function is triggered

2023-11-24 14:47:17 - [MESSAGE][INFO] - Smart Wait Function is triggered

2023-11-24 14:47:17 - [MESSAGE][INFO] - Smart Wait Function is triggered

2023-11-24 14:47:17 - [MESSAGE][INFO] - Smart Wait Function is triggered

2023-11-24 14:47:17 - [MESSAGE][INFO] - Smart Wait Function is triggered

2023-11-24 14:47:17 - [MESSAGE][INFO] - Smart Wait Function is triggered

2023-11-24 14:47:17 - [MESSAGE][INFO] - Smart Wait Function is triggered

2023-11-24 14:47:17 - [MESSAGE][INFO] - Smart Wait Function is triggered

2023-11-24 14:47:17 - [MESSAGE][INFO] - Smart Wait Function is triggered

2023-11-24 14:47:17 - [MESSAGE][INFO] - Smart Wait Function is triggered

2023-11-24 14:47:17 - [MESSAGE][INFO] - Smart Wait Function is triggered

2023-11-24 14:47:17 - [MESSAGE][INFO] - Smart Wait Function is triggered

2023-11-24 14:47:17 - [MESSAGE][INFO] - Smart Wait Function is triggered

2023-11-24 14:47:17 - [MESSAGE][INFO] - Unable to find the element located by 'By.xpath: /html/body/app-root/div/app-portal/main/app-theme-v2/div/app-triage/div/div/div/form/div[2]/div/p-message/div/span[2]'. Please recheck the objects properties to make sure the desired element is located. 

2023-11-24 14:47:17 - [MESSAGE][WARNING] - com.kms.katalon.core.webui.exception.WebElementNotFoundException: Web element with id: 'Object Repository/Page_Accueil_Usager/Verif_PopUpTropTotPourDemanderLeRenouvellementDeVotreTitre' located by '/html/body/app-root/div/app-portal/main/app-theme-v2/div/app-triage/div/div/div/form/div[2]/div/p-message/div/span[2]' not found (Root cause: com.kms.katalon.core.exception.StepFailedException: com.kms.katalon.core.webui.exception.WebElementNotFoundException: Web element with id: 'Object Repository/Page_Accueil_Usager/Verif_PopUpTropTotPourDemanderLeRenouvellementDeVotreTitre' located by '/html/body/app-root/div/app-portal/main/app-theme-v2/div/app-triage/div/div/div/form/div[2]/div/p-message/div/span[2]' not found
	at com.kms.katalon.core.webui.keyword.internal.WebUIKeywordMain.stepFailed(WebUIKeywordMain.groovy:64)
	at com.kms.katalon.core.webui.keyword.builtin.VerifyElementPresentKeyword$_verifyElementPresent_closure1.doCall(VerifyElementPresentKeyword.groovy:85)
	at com.kms.katalon.core.webui.keyword.builtin.VerifyElementPresentKeyword$_verifyElementPresent_closure1.call(VerifyElementPresentKeyword.groovy)
	at com.kms.katalon.core.webui.keyword.internal.WebUIKeywordMain.runKeyword(WebUIKeywordMain.groovy:20)
	at com.kms.katalon.core.webui.keyword.builtin.VerifyElementPresentKeyword.verifyElementPresent(VerifyElementPresentKeyword.groovy:92)
	at com.kms.katalon.core.webui.keyword.builtin.VerifyElementPresentKeyword.execute(VerifyElementPresentKeyword.groovy:68)
	at com.kms.katalon.core.keyword.internal.KeywordExecutor.executeKeywordForPlatform(KeywordExecutor.groovy:74)
	at com.kms.katalon.core.webui.keyword.WebUiBuiltInKeywords.verifyElementPresent(WebUiBuiltInKeywords.groovy:1448)
	at com.kazurayam.ksbackyard.HighlightElement$_pandemic_closure1.doCall(HighlightElement.groovy:105)
	at FormulaireTypeDeTitreDeSejour.run(FormulaireTypeDeTitreDeSejour:305)
	at com.kms.katalon.core.main.ScriptEngine.run(ScriptEngine.java:194)
	at com.kms.katalon.core.main.ScriptEngine.runScriptAsRawText(ScriptEngine.java:119)
	at com.kms.katalon.core.main.TestCaseExecutor.runScript(TestCaseExecutor.java:448)
	at com.kms.katalon.core.main.TestCaseExecutor.doExecute(TestCaseExecutor.java:439)
	at com.kms.katalon.core.main.TestCaseExecutor.processExecutionPhase(TestCaseExecutor.java:418)
	at com.kms.katalon.core.main.TestCaseExecutor.accessMainPhase(TestCaseExecutor.java:410)
	at com.kms.katalon.core.main.TestCaseExecutor.execute(TestCaseExecutor.java:285)
	at com.kms.katalon.core.main.TestCaseMain.runTestCase(TestCaseMain.java:144)
	at com.kms.katalon.core.keyword.builtin.CallTestCaseKeyword$_callTestCase_closure1.doCall(CallTestCaseKeyword.groovy:59)
	at com.kms.katalon.core.keyword.builtin.CallTestCaseKeyword$_callTestCase_closure1.call(CallTestCaseKeyword.groovy)
	at com.kms.katalon.core.keyword.internal.KeywordMain.runKeyword(KeywordMain.groovy:75)
	at com.kms.katalon.core.keyword.builtin.CallTestCaseKeyword.callTestCase(CallTestCaseKeyword.groovy:81)
	at com.kms.katalon.core.keyword.builtin.CallTestCaseKeyword.execute(CallTestCaseKeyword.groovy:44)
	at com.kms.katalon.core.keyword.internal.KeywordExecutor.executeKeywordForPlatform(KeywordExecutor.groovy:74)
	at com.kms.katalon.core.keyword.BuiltinKeywords.callTestCase(BuiltinKeywords.groovy:310)
	at com.kazurayam.ksbackyard.HighlightElement$_pandemic_closure1.doCall(HighlightElement.groovy:105)
	at TNR R.TSPT Supp90-Etudiant.run(TNR R.TSPT Supp90-Etudiant:43)
	at com.kms.katalon.core.main.ScriptEngine.run(ScriptEngine.java:194)
	at com.kms.katalon.core.main.ScriptEngine.runScriptAsRawText(ScriptEngine.java:119)
	at com.kms.katalon.core.main.TestCaseExecutor.runScript(TestCaseExecutor.java:448)
	at com.kms.katalon.core.main.TestCaseExecutor.doExecute(TestCaseExecutor.java:439)
	at com.kms.katalon.core.main.TestCaseExecutor.processExecutionPhase(TestCaseExecutor.java:418)
	at com.kms.katalon.core.main.TestCaseExecutor.accessMainPhase(TestCaseExecutor.java:410)
	at com.kms.katalon.core.main.TestCaseExecutor.execute(TestCaseExecutor.java:285)
	at com.kms.katalon.core.common.CommonExecutor.accessTestCaseMainPhase(CommonExecutor.java:65)
	at com.kms.katalon.core.main.TestSuiteExecutor.accessTestSuiteMainPhase(TestSuiteExecutor.java:148)
	at com.kms.katalon.core.main.TestSuiteExecutor.execute(TestSuiteExecutor.java:106)
	at com.kms.katalon.core.main.TestCaseMain.startTestSuite(TestCaseMain.java:187)
	at com.kms.katalon.core.main.TestCaseMain$startTestSuite$0.call(Unknown Source)
	at TempTestSuite1700833478897.run(TempTestSuite1700833478897.groovy:36)
)
[[ATTACHMENT|C:\\Users\\ISSAM.RHARBAOUI\\git\\22_11\\ANEF-AutomatizationProject\\Reports\\20231124_144437\\TS_TNR_R.TSPT_Suppo90\\20231124_144438\\1700833637594.png]]

2023-11-24 14:47:17 - [TEST_STEP][PASSED] - if (MsgAlertPresent): null

2023-11-24 14:47:17 - [TEST_STEP][PASSED] - else:  C'est le bon Moment pour demander le renouvellement de votre titre.

2023-11-24 14:47:17 - [TEST_STEP][PASSED] - markPassed(" C'est le bon Moment pour demander le renouvellement de votre titre."):  C'est le bon Moment pour demander le renouvellement de votre titre.

2023-11-24 14:47:17 - [MESSAGE][PASSED] -  C'est le bon Moment pour demander le renouvellement de votre titre.

2023-11-24 14:47:17 - [MESSAGE][PASSED] - Call Test Case 'Test Cases/Test Reutilisable/DemandeOuRenouvelle_TitreSejour/FormulaireTypeDeTitreDeSejour' successfully

2023-11-24 14:47:17 - [TEST_STEP][PASSED] - callTestCase(findTestCase("Test Reutilisable/DemandeOuRenouvelle_TitreSejour/FormulaireInformationsPersonnelles"), ["AdresseUsager":AdresseUsager, "NumeroTelephoneUsager":NumeroTelephoneUsager], STOP_ON_FAILURE): Call Test Case 'Test Cases/Test Reutilisable/DemandeOuRenouvelle_TitreSejour/FormulaireInformationsPersonnelles' successfully

2023-11-24 14:47:17 - [MESSAGE][INFO] - Checking called Test Case

2023-11-24 14:47:17 - [MESSAGE][INFO] - Starting to call Test Case 'Test Cases/Test Reutilisable/DemandeOuRenouvelle_TitreSejour/FormulaireInformationsPersonnelles'

2023-11-24 14:47:17 - [TEST_CASE][PASSED] - Test Cases/Test Reutilisable/DemandeOuRenouvelle_TitreSejour/FormulaireInformationsPersonnelles: Test Cases/Test Reutilisable/DemandeOuRenouvelle_TitreSejour/FormulaireInformationsPersonnelles

2023-11-24 14:47:20 - [TEST_STEP][PASSED] - com.kazurayam.ksbackyard.HighlightElement.pandemic(): com.kazurayam.ksbackyard.HighlightElement.pandemic is PASSED

2023-11-24 14:47:20 - [MESSAGE][PASSED] - com.kazurayam.ksbackyard.HighlightElement.pandemic is PASSED

2023-11-24 14:47:20 - [TEST_STEP][PASSED] - if (verifyElementPresent(findTestObject("Object Repository/Page_InformationPersonnelles_Usager/CheckBox_liensPersonnelsFamiliaux_1_Non"), 1, OPTIONAL)): null

2023-11-24 14:47:20 - [MESSAGE][INFO] - Finding Test Object 'Object Repository/Page_InformationPersonnelles_Usager/CheckBox_liensPersonnelsFamiliaux_1_Non'

2023-11-24 14:47:20 - [MESSAGE][INFO] - Checking object

2023-11-24 14:47:20 - [MESSAGE][INFO] - Finding web element from Test Object's properties

2023-11-24 14:47:20 - [MESSAGE][INFO] - Checking timeout

2023-11-24 14:47:20 - [MESSAGE][INFO] - Finding web element with id: 'Object Repository/Page_InformationPersonnelles_Usager/CheckBox_liensPersonnelsFamiliaux_1_Non' located by 'By.xpath: //*[@id="ui-accordiontab-1-content"]/div/div/div[1]/div/anef-input-radio/div/div/fieldset/div/div[2]/p-radiobutton/div/div[2]/span|//*[@id="ui-accordiontab-9-content"]/div/app-has-enfants-charge/div/div/anef-input-radio/div/div/fieldset/div/div[2]/p-radiobutton/div/div[2]/span' in '1' second(s)

2023-11-24 14:47:20 - [MESSAGE][INFO] - Smart Wait Function is triggered

2023-11-24 14:47:20 - [MESSAGE][INFO] - Found 1 web elements with id: 'Object Repository/Page_InformationPersonnelles_Usager/CheckBox_liensPersonnelsFamiliaux_1_Non' located by 'By.xpath: //*[@id="ui-accordiontab-1-content"]/div/div/div[1]/div/anef-input-radio/div/div/fieldset/div/div[2]/p-radiobutton/div/div[2]/span|//*[@id="ui-accordiontab-9-content"]/div/app-has-enfants-charge/div/div/anef-input-radio/div/div/fieldset/div/div[2]/p-radiobutton/div/div[2]/span' in '1' second(s)

2023-11-24 14:47:20 - [MESSAGE][PASSED] - Object 'Object Repository/Page_InformationPersonnelles_Usager/CheckBox_liensPersonnelsFamiliaux_1_Non' is present

2023-11-24 14:47:20 - [TEST_STEP][PASSED] - check(findTestObject("Object Repository/Page_InformationPersonnelles_Usager/CheckBox_liensPersonnelsFamiliaux_1_Non"), OPTIONAL): Object 'Object Repository/Page_InformationPersonnelles_Usager/CheckBox_liensPersonnelsFamiliaux_1_Non' is checked

2023-11-24 14:47:20 - [MESSAGE][INFO] - Finding Test Object 'Object Repository/Page_InformationPersonnelles_Usager/CheckBox_liensPersonnelsFamiliaux_1_Non'

2023-11-24 14:47:20 - [MESSAGE][INFO] - Checking object

2023-11-24 14:47:20 - [MESSAGE][INFO] - Finding web element from Test Object's properties

2023-11-24 14:47:20 - [MESSAGE][INFO] - Checking timeout

2023-11-24 14:47:20 - [MESSAGE][INFO] - Finding web element with id: 'Object Repository/Page_InformationPersonnelles_Usager/CheckBox_liensPersonnelsFamiliaux_1_Non' located by 'By.xpath: //*[@id="ui-accordiontab-1-content"]/div/div/div[1]/div/anef-input-radio/div/div/fieldset/div/div[2]/p-radiobutton/div/div[2]/span|//*[@id="ui-accordiontab-9-content"]/div/app-has-enfants-charge/div/div/anef-input-radio/div/div/fieldset/div/div[2]/p-radiobutton/div/div[2]/span' in '5' second(s)

2023-11-24 14:47:20 - [MESSAGE][INFO] - Smart Wait Function is triggered

2023-11-24 14:47:20 - [MESSAGE][INFO] - Found 1 web elements with id: 'Object Repository/Page_InformationPersonnelles_Usager/CheckBox_liensPersonnelsFamiliaux_1_Non' located by 'By.xpath: //*[@id="ui-accordiontab-1-content"]/div/div/div[1]/div/anef-input-radio/div/div/fieldset/div/div[2]/p-radiobutton/div/div[2]/span|//*[@id="ui-accordiontab-9-content"]/div/app-has-enfants-charge/div/div/anef-input-radio/div/div/fieldset/div/div[2]/p-radiobutton/div/div[2]/span' in '5' second(s)

2023-11-24 14:47:20 - [MESSAGE][INFO] - Checking on bject 'Object Repository/Page_InformationPersonnelles_Usager/CheckBox_liensPersonnelsFamiliaux_1_Non'

2023-11-24 14:47:22 - [MESSAGE][PASSED] - Object 'Object Repository/Page_InformationPersonnelles_Usager/CheckBox_liensPersonnelsFamiliaux_1_Non' is checked

2023-11-24 14:47:22 - [TEST_STEP][PASSED] - delay(2): Delayed 2 second(s)

2023-11-24 14:47:22 - [MESSAGE][INFO] - Delaying browser in 2 second(s)

2023-11-24 14:47:24 - [MESSAGE][PASSED] - Delayed 2 second(s)

2023-11-24 14:47:24 - [TEST_STEP][PASSED] - if (verifyElementPresent(findTestObject("Object Repository/Page_InformationPersonnelles_Usager/CheckBox_liensPersonnelsFamiliaux_2_Non"), 1, OPTIONAL)): com.kms.katalon.core.webui.exception.WebElementNotFoundException: Web element with id: 'Object Repository/Page_InformationPersonnelles_Usager/CheckBox_liensPersonnelsFamiliaux_2_Non' located by '//*[@id="ui-accordiontab-1-content"]/div/div/div[2]/div/anef-input-radio/div/div/fieldset/div/div[2]/p-radiobutton/div/div[2]' not found (Root cause: com.kms.katalon.core.exception.StepFailedException: com.kms.katalon.core.webui.exception.WebElementNotFoundException: Web element with id: 'Object Repository/Page_InformationPersonnelles_Usager/CheckBox_liensPersonnelsFamiliaux_2_Non' located by '//*[@id="ui-accordiontab-1-content"]/div/div/div[2]/div/anef-input-radio/div/div/fieldset/div/div[2]/p-radiobutton/div/div[2]' not found
	at com.kms.katalon.core.webui.keyword.internal.WebUIKeywordMain.stepFailed(WebUIKeywordMain.groovy:64)
	at com.kms.katalon.core.webui.keyword.builtin.VerifyElementPresentKeyword$_verifyElementPresent_closure1.doCall(VerifyElementPresentKeyword.groovy:85)
	at com.kms.katalon.core.webui.keyword.builtin.VerifyElementPresentKeyword$_verifyElementPresent_closure1.call(VerifyElementPresentKeyword.groovy)
	at com.kms.katalon.core.webui.keyword.internal.WebUIKeywordMain.runKeyword(WebUIKeywordMain.groovy:20)
	at com.kms.katalon.core.webui.keyword.builtin.VerifyElementPresentKeyword.verifyElementPresent(VerifyElementPresentKeyword.groovy:92)
	at com.kms.katalon.core.webui.keyword.builtin.VerifyElementPresentKeyword.execute(VerifyElementPresentKeyword.groovy:68)
	at com.kms.katalon.core.keyword.internal.KeywordExecutor.executeKeywordForPlatform(KeywordExecutor.groovy:74)
	at com.kms.katalon.core.webui.keyword.WebUiBuiltInKeywords.verifyElementPresent(WebUiBuiltInKeywords.groovy:1448)
	at com.kazurayam.ksbackyard.HighlightElement$_pandemic_closure1.doCall(HighlightElement.groovy:105)
	at FormulaireInformationsPersonnelles.run(FormulaireInformationsPersonnelles:33)
	at com.kms.katalon.core.main.ScriptEngine.run(ScriptEngine.java:194)
	at com.kms.katalon.core.main.ScriptEngine.runScriptAsRawText(ScriptEngine.java:119)
	at com.kms.katalon.core.main.TestCaseExecutor.runScript(TestCaseExecutor.java:448)
	at com.kms.katalon.core.main.TestCaseExecutor.doExecute(TestCaseExecutor.java:439)
	at com.kms.katalon.core.main.TestCaseExecutor.processExecutionPhase(TestCaseExecutor.java:418)
	at com.kms.katalon.core.main.TestCaseExecutor.accessMainPhase(TestCaseExecutor.java:410)
	at com.kms.katalon.core.main.TestCaseExecutor.execute(TestCaseExecutor.java:285)
	at com.kms.katalon.core.main.TestCaseMain.runTestCase(TestCaseMain.java:144)
	at com.kms.katalon.core.keyword.builtin.CallTestCaseKeyword$_callTestCase_closure1.doCall(CallTestCaseKeyword.groovy:59)
	at com.kms.katalon.core.keyword.builtin.CallTestCaseKeyword$_callTestCase_closure1.call(CallTestCaseKeyword.groovy)
	at com.kms.katalon.core.keyword.internal.KeywordMain.runKeyword(KeywordMain.groovy:75)
	at com.kms.katalon.core.keyword.builtin.CallTestCaseKeyword.callTestCase(CallTestCaseKeyword.groovy:81)
	at com.kms.katalon.core.keyword.builtin.CallTestCaseKeyword.execute(CallTestCaseKeyword.groovy:44)
	at com.kms.katalon.core.keyword.internal.KeywordExecutor.executeKeywordForPlatform(KeywordExecutor.groovy:74)
	at com.kms.katalon.core.keyword.BuiltinKeywords.callTestCase(BuiltinKeywords.groovy:310)
	at com.kazurayam.ksbackyard.HighlightElement$_pandemic_closure1.doCall(HighlightElement.groovy:105)
	at TNR R.TSPT Supp90-Etudiant.run(TNR R.TSPT Supp90-Etudiant:47)
	at com.kms.katalon.core.main.ScriptEngine.run(ScriptEngine.java:194)
	at com.kms.katalon.core.main.ScriptEngine.runScriptAsRawText(ScriptEngine.java:119)
	at com.kms.katalon.core.main.TestCaseExecutor.runScript(TestCaseExecutor.java:448)
	at com.kms.katalon.core.main.TestCaseExecutor.doExecute(TestCaseExecutor.java:439)
	at com.kms.katalon.core.main.TestCaseExecutor.processExecutionPhase(TestCaseExecutor.java:418)
	at com.kms.katalon.core.main.TestCaseExecutor.accessMainPhase(TestCaseExecutor.java:410)
	at com.kms.katalon.core.main.TestCaseExecutor.execute(TestCaseExecutor.java:285)
	at com.kms.katalon.core.common.CommonExecutor.accessTestCaseMainPhase(CommonExecutor.java:65)
	at com.kms.katalon.core.main.TestSuiteExecutor.accessTestSuiteMainPhase(TestSuiteExecutor.java:148)
	at com.kms.katalon.core.main.TestSuiteExecutor.execute(TestSuiteExecutor.java:106)
	at com.kms.katalon.core.main.TestCaseMain.startTestSuite(TestCaseMain.java:187)
	at com.kms.katalon.core.main.TestCaseMain$startTestSuite$0.call(Unknown Source)
	at TempTestSuite1700833478897.run(TempTestSuite1700833478897.groovy:36)
)

2023-11-24 14:47:24 - [MESSAGE][INFO] - Finding Test Object 'Object Repository/Page_InformationPersonnelles_Usager/CheckBox_liensPersonnelsFamiliaux_2_Non'

2023-11-24 14:47:24 - [MESSAGE][INFO] - Checking object

2023-11-24 14:47:24 - [MESSAGE][INFO] - Finding web element from Test Object's properties

2023-11-24 14:47:24 - [MESSAGE][INFO] - Checking timeout

2023-11-24 14:47:24 - [MESSAGE][INFO] - Finding web element with id: 'Object Repository/Page_InformationPersonnelles_Usager/CheckBox_liensPersonnelsFamiliaux_2_Non' located by 'By.xpath: //*[@id="ui-accordiontab-1-content"]/div/div/div[2]/div/anef-input-radio/div/div/fieldset/div/div[2]/p-radiobutton/div/div[2]' in '1' second(s)

2023-11-24 14:47:24 - [MESSAGE][INFO] - Smart Wait Function is triggered

2023-11-24 14:47:24 - [MESSAGE][INFO] - Smart Wait Function is triggered

2023-11-24 14:47:24 - [MESSAGE][INFO] - Smart Wait Function is triggered

2023-11-24 14:47:24 - [MESSAGE][INFO] - Smart Wait Function is triggered

2023-11-24 14:47:24 - [MESSAGE][INFO] - Smart Wait Function is triggered

2023-11-24 14:47:24 - [MESSAGE][INFO] - Smart Wait Function is triggered

2023-11-24 14:47:24 - [MESSAGE][INFO] - Smart Wait Function is triggered

2023-11-24 14:47:24 - [MESSAGE][INFO] - Smart Wait Function is triggered

2023-11-24 14:47:24 - [MESSAGE][INFO] - Smart Wait Function is triggered

2023-11-24 14:47:24 - [MESSAGE][INFO] - Smart Wait Function is triggered

2023-11-24 14:47:25 - [MESSAGE][INFO] - Smart Wait Function is triggered

2023-11-24 14:47:25 - [MESSAGE][INFO] - Smart Wait Function is triggered

2023-11-24 14:47:25 - [MESSAGE][INFO] - Smart Wait Function is triggered

2023-11-24 14:47:25 - [MESSAGE][INFO] - Smart Wait Function is triggered

2023-11-24 14:47:25 - [MESSAGE][INFO] - Smart Wait Function is triggered

2023-11-24 14:47:25 - [MESSAGE][INFO] - Smart Wait Function is triggered

2023-11-24 14:47:25 - [MESSAGE][INFO] - Smart Wait Function is triggered

2023-11-24 14:47:25 - [MESSAGE][INFO] - Smart Wait Function is triggered

2023-11-24 14:47:25 - [MESSAGE][INFO] - Smart Wait Function is triggered

2023-11-24 14:47:25 - [MESSAGE][INFO] - Smart Wait Function is triggered

2023-11-24 14:47:25 - [MESSAGE][INFO] - Smart Wait Function is triggered

2023-11-24 14:47:25 - [MESSAGE][INFO] - Smart Wait Function is triggered

2023-11-24 14:47:25 - [MESSAGE][INFO] - Smart Wait Function is triggered

2023-11-24 14:47:25 - [MESSAGE][INFO] - Smart Wait Function is triggered

2023-11-24 14:47:25 - [MESSAGE][INFO] - Smart Wait Function is triggered

2023-11-24 14:47:25 - [MESSAGE][INFO] - Smart Wait Function is triggered

2023-11-24 14:47:25 - [MESSAGE][INFO] - Smart Wait Function is triggered

2023-11-24 14:47:25 - [MESSAGE][INFO] - Smart Wait Function is triggered

2023-11-24 14:47:25 - [MESSAGE][INFO] - Smart Wait Function is triggered

2023-11-24 14:47:25 - [MESSAGE][INFO] - Smart Wait Function is triggered

2023-11-24 14:47:25 - [MESSAGE][INFO] - Smart Wait Function is triggered

2023-11-24 14:47:25 - [MESSAGE][INFO] - Smart Wait Function is triggered

2023-11-24 14:47:25 - [MESSAGE][INFO] - Smart Wait Function is triggered

2023-11-24 14:47:25 - [MESSAGE][INFO] - Smart Wait Function is triggered

2023-11-24 14:47:25 - [MESSAGE][INFO] - Smart Wait Function is triggered

2023-11-24 14:47:25 - [MESSAGE][INFO] - Smart Wait Function is triggered

2023-11-24 14:47:25 - [MESSAGE][INFO] - Smart Wait Function is triggered

2023-11-24 14:47:25 - [MESSAGE][INFO] - Smart Wait Function is triggered

2023-11-24 14:47:25 - [MESSAGE][INFO] - Smart Wait Function is triggered

2023-11-24 14:47:25 - [MESSAGE][INFO] - Smart Wait Function is triggered

2023-11-24 14:47:25 - [MESSAGE][INFO] - Smart Wait Function is triggered

2023-11-24 14:47:25 - [MESSAGE][INFO] - Smart Wait Function is triggered

2023-11-24 14:47:25 - [MESSAGE][INFO] - Smart Wait Function is triggered

2023-11-24 14:47:25 - [MESSAGE][INFO] - Smart Wait Function is triggered

2023-11-24 14:47:25 - [MESSAGE][INFO] - Smart Wait Function is triggered

2023-11-24 14:47:25 - [MESSAGE][INFO] - Smart Wait Function is triggered

2023-11-24 14:47:25 - [MESSAGE][INFO] - Smart Wait Function is triggered

2023-11-24 14:47:25 - [MESSAGE][INFO] - Smart Wait Function is triggered

2023-11-24 14:47:25 - [MESSAGE][INFO] - Smart Wait Function is triggered

2023-11-24 14:47:25 - [MESSAGE][INFO] - Smart Wait Function is triggered

2023-11-24 14:47:25 - [MESSAGE][INFO] - Smart Wait Function is triggered

2023-11-24 14:47:25 - [MESSAGE][INFO] - Smart Wait Function is triggered

2023-11-24 14:47:25 - [MESSAGE][INFO] - Smart Wait Function is triggered

2023-11-24 14:47:25 - [MESSAGE][INFO] - Smart Wait Function is triggered

2023-11-24 14:47:25 - [MESSAGE][INFO] - Smart Wait Function is triggered

2023-11-24 14:47:25 - [MESSAGE][INFO] - Smart Wait Function is triggered

2023-11-24 14:47:25 - [MESSAGE][INFO] - Smart Wait Function is triggered

2023-11-24 14:47:25 - [MESSAGE][INFO] - Smart Wait Function is triggered

2023-11-24 14:47:25 - [MESSAGE][INFO] - Smart Wait Function is triggered

2023-11-24 14:47:25 - [MESSAGE][INFO] - Smart Wait Function is triggered

2023-11-24 14:47:26 - [MESSAGE][INFO] - Smart Wait Function is triggered

2023-11-24 14:47:26 - [MESSAGE][INFO] - Smart Wait Function is triggered

2023-11-24 14:47:26 - [MESSAGE][INFO] - Smart Wait Function is triggered

2023-11-24 14:47:26 - [MESSAGE][INFO] - Smart Wait Function is triggered

2023-11-24 14:47:26 - [MESSAGE][INFO] - Smart Wait Function is triggered

2023-11-24 14:47:26 - [MESSAGE][INFO] - Smart Wait Function is triggered

2023-11-24 14:47:26 - [MESSAGE][INFO] - Smart Wait Function is triggered

2023-11-24 14:47:26 - [MESSAGE][INFO] - Smart Wait Function is triggered

2023-11-24 14:47:26 - [MESSAGE][INFO] - Smart Wait Function is triggered

2023-11-24 14:47:26 - [MESSAGE][INFO] - Smart Wait Function is triggered

2023-11-24 14:47:26 - [MESSAGE][INFO] - Smart Wait Function is triggered

2023-11-24 14:47:26 - [MESSAGE][INFO] - Smart Wait Function is triggered

2023-11-24 14:47:26 - [MESSAGE][INFO] - Smart Wait Function is triggered

2023-11-24 14:47:26 - [MESSAGE][INFO] - Smart Wait Function is triggered

2023-11-24 14:47:26 - [MESSAGE][INFO] - Smart Wait Function is triggered

2023-11-24 14:47:26 - [MESSAGE][INFO] - Smart Wait Function is triggered

2023-11-24 14:47:26 - [MESSAGE][INFO] - Smart Wait Function is triggered

2023-11-24 14:47:26 - [MESSAGE][INFO] - Smart Wait Function is triggered

2023-11-24 14:47:26 - [MESSAGE][INFO] - Smart Wait Function is triggered

2023-11-24 14:47:26 - [MESSAGE][INFO] - Smart Wait Function is triggered

2023-11-24 14:47:26 - [MESSAGE][INFO] - Smart Wait Function is triggered

2023-11-24 14:47:26 - [MESSAGE][INFO] - Smart Wait Function is triggered

2023-11-24 14:47:26 - [MESSAGE][INFO] - Smart Wait Function is triggered

2023-11-24 14:47:26 - [MESSAGE][INFO] - Smart Wait Function is triggered

2023-11-24 14:47:26 - [MESSAGE][INFO] - Smart Wait Function is triggered

2023-11-24 14:47:26 - [MESSAGE][INFO] - Smart Wait Function is triggered

2023-11-24 14:47:26 - [MESSAGE][INFO] - Smart Wait Function is triggered

2023-11-24 14:47:26 - [MESSAGE][INFO] - Smart Wait Function is triggered

2023-11-24 14:47:26 - [MESSAGE][INFO] - Smart Wait Function is triggered

2023-11-24 14:47:26 - [MESSAGE][INFO] - Smart Wait Function is triggered

2023-11-24 14:47:26 - [MESSAGE][INFO] - Smart Wait Function is triggered

2023-11-24 14:47:26 - [MESSAGE][INFO] - Smart Wait Function is triggered

2023-11-24 14:47:26 - [MESSAGE][INFO] - Smart Wait Function is triggered

2023-11-24 14:47:26 - [MESSAGE][INFO] - Smart Wait Function is triggered

2023-11-24 14:47:26 - [MESSAGE][INFO] - Smart Wait Function is triggered

2023-11-24 14:47:26 - [MESSAGE][INFO] - Smart Wait Function is triggered

2023-11-24 14:47:26 - [MESSAGE][INFO] - Smart Wait Function is triggered

2023-11-24 14:47:26 - [MESSAGE][INFO] - Smart Wait Function is triggered

2023-11-24 14:47:26 - [MESSAGE][INFO] - Unable to find the element located by 'By.xpath: //*[@id="ui-accordiontab-1-content"]/div/div/div[2]/div/anef-input-radio/div/div/fieldset/div/div[2]/p-radiobutton/div/div[2]'. Please recheck the objects properties to make sure the desired element is located. 

2023-11-24 14:47:27 - [MESSAGE][WARNING] - com.kms.katalon.core.webui.exception.WebElementNotFoundException: Web element with id: 'Object Repository/Page_InformationPersonnelles_Usager/CheckBox_liensPersonnelsFamiliaux_2_Non' located by '//*[@id="ui-accordiontab-1-content"]/div/div/div[2]/div/anef-input-radio/div/div/fieldset/div/div[2]/p-radiobutton/div/div[2]' not found (Root cause: com.kms.katalon.core.exception.StepFailedException: com.kms.katalon.core.webui.exception.WebElementNotFoundException: Web element with id: 'Object Repository/Page_InformationPersonnelles_Usager/CheckBox_liensPersonnelsFamiliaux_2_Non' located by '//*[@id="ui-accordiontab-1-content"]/div/div/div[2]/div/anef-input-radio/div/div/fieldset/div/div[2]/p-radiobutton/div/div[2]' not found
	at com.kms.katalon.core.webui.keyword.internal.WebUIKeywordMain.stepFailed(WebUIKeywordMain.groovy:64)
	at com.kms.katalon.core.webui.keyword.builtin.VerifyElementPresentKeyword$_verifyElementPresent_closure1.doCall(VerifyElementPresentKeyword.groovy:85)
	at com.kms.katalon.core.webui.keyword.builtin.VerifyElementPresentKeyword$_verifyElementPresent_closure1.call(VerifyElementPresentKeyword.groovy)
	at com.kms.katalon.core.webui.keyword.internal.WebUIKeywordMain.runKeyword(WebUIKeywordMain.groovy:20)
	at com.kms.katalon.core.webui.keyword.builtin.VerifyElementPresentKeyword.verifyElementPresent(VerifyElementPresentKeyword.groovy:92)
	at com.kms.katalon.core.webui.keyword.builtin.VerifyElementPresentKeyword.execute(VerifyElementPresentKeyword.groovy:68)
	at com.kms.katalon.core.keyword.internal.KeywordExecutor.executeKeywordForPlatform(KeywordExecutor.groovy:74)
	at com.kms.katalon.core.webui.keyword.WebUiBuiltInKeywords.verifyElementPresent(WebUiBuiltInKeywords.groovy:1448)
	at com.kazurayam.ksbackyard.HighlightElement$_pandemic_closure1.doCall(HighlightElement.groovy:105)
	at FormulaireInformationsPersonnelles.run(FormulaireInformationsPersonnelles:33)
	at com.kms.katalon.core.main.ScriptEngine.run(ScriptEngine.java:194)
	at com.kms.katalon.core.main.ScriptEngine.runScriptAsRawText(ScriptEngine.java:119)
	at com.kms.katalon.core.main.TestCaseExecutor.runScript(TestCaseExecutor.java:448)
	at com.kms.katalon.core.main.TestCaseExecutor.doExecute(TestCaseExecutor.java:439)
	at com.kms.katalon.core.main.TestCaseExecutor.processExecutionPhase(TestCaseExecutor.java:418)
	at com.kms.katalon.core.main.TestCaseExecutor.accessMainPhase(TestCaseExecutor.java:410)
	at com.kms.katalon.core.main.TestCaseExecutor.execute(TestCaseExecutor.java:285)
	at com.kms.katalon.core.main.TestCaseMain.runTestCase(TestCaseMain.java:144)
	at com.kms.katalon.core.keyword.builtin.CallTestCaseKeyword$_callTestCase_closure1.doCall(CallTestCaseKeyword.groovy:59)
	at com.kms.katalon.core.keyword.builtin.CallTestCaseKeyword$_callTestCase_closure1.call(CallTestCaseKeyword.groovy)
	at com.kms.katalon.core.keyword.internal.KeywordMain.runKeyword(KeywordMain.groovy:75)
	at com.kms.katalon.core.keyword.builtin.CallTestCaseKeyword.callTestCase(CallTestCaseKeyword.groovy:81)
	at com.kms.katalon.core.keyword.builtin.CallTestCaseKeyword.execute(CallTestCaseKeyword.groovy:44)
	at com.kms.katalon.core.keyword.internal.KeywordExecutor.executeKeywordForPlatform(KeywordExecutor.groovy:74)
	at com.kms.katalon.core.keyword.BuiltinKeywords.callTestCase(BuiltinKeywords.groovy:310)
	at com.kazurayam.ksbackyard.HighlightElement$_pandemic_closure1.doCall(HighlightElement.groovy:105)
	at TNR R.TSPT Supp90-Etudiant.run(TNR R.TSPT Supp90-Etudiant:47)
	at com.kms.katalon.core.main.ScriptEngine.run(ScriptEngine.java:194)
	at com.kms.katalon.core.main.ScriptEngine.runScriptAsRawText(ScriptEngine.java:119)
	at com.kms.katalon.core.main.TestCaseExecutor.runScript(TestCaseExecutor.java:448)
	at com.kms.katalon.core.main.TestCaseExecutor.doExecute(TestCaseExecutor.java:439)
	at com.kms.katalon.core.main.TestCaseExecutor.processExecutionPhase(TestCaseExecutor.java:418)
	at com.kms.katalon.core.main.TestCaseExecutor.accessMainPhase(TestCaseExecutor.java:410)
	at com.kms.katalon.core.main.TestCaseExecutor.execute(TestCaseExecutor.java:285)
	at com.kms.katalon.core.common.CommonExecutor.accessTestCaseMainPhase(CommonExecutor.java:65)
	at com.kms.katalon.core.main.TestSuiteExecutor.accessTestSuiteMainPhase(TestSuiteExecutor.java:148)
	at com.kms.katalon.core.main.TestSuiteExecutor.execute(TestSuiteExecutor.java:106)
	at com.kms.katalon.core.main.TestCaseMain.startTestSuite(TestCaseMain.java:187)
	at com.kms.katalon.core.main.TestCaseMain$startTestSuite$0.call(Unknown Source)
	at TempTestSuite1700833478897.run(TempTestSuite1700833478897.groovy:36)
)
[[ATTACHMENT|C:\\Users\\ISSAM.RHARBAOUI\\git\\22_11\\ANEF-AutomatizationProject\\Reports\\20231124_144437\\TS_TNR_R.TSPT_Suppo90\\20231124_144438\\1700833646850.png]]

2023-11-24 14:47:27 - [TEST_STEP][PASSED] - delay(2): Delayed 2 second(s)

2023-11-24 14:47:27 - [MESSAGE][INFO] - Delaying browser in 2 second(s)

2023-11-24 14:47:29 - [MESSAGE][PASSED] - Delayed 2 second(s)

2023-11-24 14:47:29 - [TEST_STEP][PASSED] - if (verifyElementPresent(findTestObject("Object Repository/Page_InformationPersonnelles_Usager/CheckBox_DesEnfantsACharge_Non"), 1, OPTIONAL)): null

2023-11-24 14:47:29 - [MESSAGE][INFO] - Finding Test Object 'Object Repository/Page_InformationPersonnelles_Usager/CheckBox_DesEnfantsACharge_Non'

2023-11-24 14:47:29 - [MESSAGE][INFO] - Checking object

2023-11-24 14:47:29 - [MESSAGE][INFO] - Finding web element from Test Object's properties

2023-11-24 14:47:29 - [MESSAGE][INFO] - Checking timeout

2023-11-24 14:47:29 - [MESSAGE][INFO] - Finding web element with id: 'Object Repository/Page_InformationPersonnelles_Usager/CheckBox_DesEnfantsACharge_Non' located by 'By.xpath: //app-demande-ptsq//app-informations-personnelles-shared//app-has-enfants-charge//div//fieldset/div/div[2]/p-radiobutton/div/div[2]/span|//app-demande-visiteur//app-informations-personnelles-shared//app-has-enfants-charge/div/div/anef-input-radio/div/div/fieldset/div/div[2]/p-radiobutton/div/div[2]/span|//app-demande-ptch//app-informations-personnelles-shared//app-has-enfants-charge/div/div/anef-input-radio/div/div/fieldset/div/div[2]/p-radiobutton/div/div[2]/span|//div/app-has-enfants-charge/div/div/anef-input-radio/div/div/fieldset/div/div[2]/p-radiobutton/div/div[2]/span
' in '1' second(s)

2023-11-24 14:47:29 - [MESSAGE][INFO] - Smart Wait Function is triggered

2023-11-24 14:47:29 - [MESSAGE][INFO] - Found 1 web elements with id: 'Object Repository/Page_InformationPersonnelles_Usager/CheckBox_DesEnfantsACharge_Non' located by 'By.xpath: //app-demande-ptsq//app-informations-personnelles-shared//app-has-enfants-charge//div//fieldset/div/div[2]/p-radiobutton/div/div[2]/span|//app-demande-visiteur//app-informations-personnelles-shared//app-has-enfants-charge/div/div/anef-input-radio/div/div/fieldset/div/div[2]/p-radiobutton/div/div[2]/span|//app-demande-ptch//app-informations-personnelles-shared//app-has-enfants-charge/div/div/anef-input-radio/div/div/fieldset/div/div[2]/p-radiobutton/div/div[2]/span|//div/app-has-enfants-charge/div/div/anef-input-radio/div/div/fieldset/div/div[2]/p-radiobutton/div/div[2]/span
' in '1' second(s)

2023-11-24 14:47:29 - [MESSAGE][PASSED] - Object 'Object Repository/Page_InformationPersonnelles_Usager/CheckBox_DesEnfantsACharge_Non' is present

2023-11-24 14:47:29 - [TEST_STEP][PASSED] - check(findTestObject("Object Repository/Page_InformationPersonnelles_Usager/CheckBox_DesEnfantsACharge_Non"), OPTIONAL): Object 'Object Repository/Page_InformationPersonnelles_Usager/CheckBox_DesEnfantsACharge_Non' is checked

2023-11-24 14:47:29 - [MESSAGE][INFO] - Finding Test Object 'Object Repository/Page_InformationPersonnelles_Usager/CheckBox_DesEnfantsACharge_Non'

2023-11-24 14:47:29 - [MESSAGE][INFO] - Checking object

2023-11-24 14:47:29 - [MESSAGE][INFO] - Finding web element from Test Object's properties

2023-11-24 14:47:29 - [MESSAGE][INFO] - Checking timeout

2023-11-24 14:47:29 - [MESSAGE][INFO] - Finding web element with id: 'Object Repository/Page_InformationPersonnelles_Usager/CheckBox_DesEnfantsACharge_Non' located by 'By.xpath: //app-demande-ptsq//app-informations-personnelles-shared//app-has-enfants-charge//div//fieldset/div/div[2]/p-radiobutton/div/div[2]/span|//app-demande-visiteur//app-informations-personnelles-shared//app-has-enfants-charge/div/div/anef-input-radio/div/div/fieldset/div/div[2]/p-radiobutton/div/div[2]/span|//app-demande-ptch//app-informations-personnelles-shared//app-has-enfants-charge/div/div/anef-input-radio/div/div/fieldset/div/div[2]/p-radiobutton/div/div[2]/span|//div/app-has-enfants-charge/div/div/anef-input-radio/div/div/fieldset/div/div[2]/p-radiobutton/div/div[2]/span
' in '5' second(s)

2023-11-24 14:47:29 - [MESSAGE][INFO] - Smart Wait Function is triggered

2023-11-24 14:47:29 - [MESSAGE][INFO] - Found 1 web elements with id: 'Object Repository/Page_InformationPersonnelles_Usager/CheckBox_DesEnfantsACharge_Non' located by 'By.xpath: //app-demande-ptsq//app-informations-personnelles-shared//app-has-enfants-charge//div//fieldset/div/div[2]/p-radiobutton/div/div[2]/span|//app-demande-visiteur//app-informations-personnelles-shared//app-has-enfants-charge/div/div/anef-input-radio/div/div/fieldset/div/div[2]/p-radiobutton/div/div[2]/span|//app-demande-ptch//app-informations-personnelles-shared//app-has-enfants-charge/div/div/anef-input-radio/div/div/fieldset/div/div[2]/p-radiobutton/div/div[2]/span|//div/app-has-enfants-charge/div/div/anef-input-radio/div/div/fieldset/div/div[2]/p-radiobutton/div/div[2]/span
' in '5' second(s)

2023-11-24 14:47:29 - [MESSAGE][INFO] - Checking on bject 'Object Repository/Page_InformationPersonnelles_Usager/CheckBox_DesEnfantsACharge_Non'

2023-11-24 14:47:31 - [MESSAGE][PASSED] - Object 'Object Repository/Page_InformationPersonnelles_Usager/CheckBox_DesEnfantsACharge_Non' is checked

2023-11-24 14:47:31 - [TEST_STEP][PASSED] - delay(2): Delayed 2 second(s)

2023-11-24 14:47:31 - [MESSAGE][INFO] - Delaying browser in 2 second(s)

2023-11-24 14:47:33 - [MESSAGE][PASSED] - Delayed 2 second(s)

2023-11-24 14:47:33 - [TEST_STEP][PASSED] - setText(findTestObject("Object Repository/Page_InformationPersonnelles_Usager/Input_AdresseUsager"), AdresseUsager): Text '3 rue des 3 moulins 77000 melun' is set on object 'Object Repository/Page_InformationPersonnelles_Usager/Input_AdresseUsager'

2023-11-24 14:47:33 - [MESSAGE][INFO] - Finding Test Object 'Object Repository/Page_InformationPersonnelles_Usager/Input_AdresseUsager'

2023-11-24 14:47:33 - [MESSAGE][INFO] - Checking timeout

2023-11-24 14:47:33 - [MESSAGE][INFO] - Finding web element with id: 'Object Repository/Page_InformationPersonnelles_Usager/Input_AdresseUsager' located by 'By.xpath: //app-informations-personnelles//app-adresse-etalab//app-vls-ts-etalab//div/input|//app-informations-personnelles-shared//app-adresse-etalab//app-vls-ts-etalab//div/input' in '20' second(s)

2023-11-24 14:47:33 - [MESSAGE][INFO] - Smart Wait Function is triggered

2023-11-24 14:47:33 - [MESSAGE][INFO] - Found 1 web elements with id: 'Object Repository/Page_InformationPersonnelles_Usager/Input_AdresseUsager' located by 'By.xpath: //app-informations-personnelles//app-adresse-etalab//app-vls-ts-etalab//div/input|//app-informations-personnelles-shared//app-adresse-etalab//app-vls-ts-etalab//div/input' in '20' second(s)

2023-11-24 14:47:33 - [MESSAGE][INFO] - Checking object

2023-11-24 14:47:33 - [MESSAGE][INFO] - Checking text

2023-11-24 14:47:33 - [MESSAGE][INFO] - Finding web element from Test Object's properties

2023-11-24 14:47:33 - [MESSAGE][INFO] - Checking timeout

2023-11-24 14:47:33 - [MESSAGE][INFO] - Finding web element with id: 'Object Repository/Page_InformationPersonnelles_Usager/Input_AdresseUsager' located by 'By.xpath: //app-informations-personnelles//app-adresse-etalab//app-vls-ts-etalab//div/input|//app-informations-personnelles-shared//app-adresse-etalab//app-vls-ts-etalab//div/input' in '5' second(s)

2023-11-24 14:47:33 - [MESSAGE][INFO] - Smart Wait Function is triggered

2023-11-24 14:47:33 - [MESSAGE][INFO] - Found 1 web elements with id: 'Object Repository/Page_InformationPersonnelles_Usager/Input_AdresseUsager' located by 'By.xpath: //app-informations-personnelles//app-adresse-etalab//app-vls-ts-etalab//div/input|//app-informations-personnelles-shared//app-adresse-etalab//app-vls-ts-etalab//div/input' in '5' second(s)

2023-11-24 14:47:33 - [MESSAGE][INFO] - Clearing text of object 'Object Repository/Page_InformationPersonnelles_Usager/Input_AdresseUsager'

2023-11-24 14:47:35 - [MESSAGE][INFO] - Finding web element from Test Object's properties

2023-11-24 14:47:35 - [MESSAGE][INFO] - Checking timeout

2023-11-24 14:47:35 - [MESSAGE][INFO] - Finding web element with id: 'Object Repository/Page_InformationPersonnelles_Usager/Input_AdresseUsager' located by 'By.xpath: //app-informations-personnelles//app-adresse-etalab//app-vls-ts-etalab//div/input|//app-informations-personnelles-shared//app-adresse-etalab//app-vls-ts-etalab//div/input' in '5' second(s)

2023-11-24 14:47:35 - [MESSAGE][INFO] - Smart Wait Function is triggered

2023-11-24 14:47:35 - [MESSAGE][INFO] - Found 1 web elements with id: 'Object Repository/Page_InformationPersonnelles_Usager/Input_AdresseUsager' located by 'By.xpath: //app-informations-personnelles//app-adresse-etalab//app-vls-ts-etalab//div/input|//app-informations-personnelles-shared//app-adresse-etalab//app-vls-ts-etalab//div/input' in '5' second(s)

2023-11-24 14:47:35 - [MESSAGE][INFO] - Setting text of object 'Object Repository/Page_InformationPersonnelles_Usager/Input_AdresseUsager' to value '3 rue des 3 moulins 77000 melun'

2023-11-24 14:47:39 - [MESSAGE][PASSED] - Text '3 rue des 3 moulins 77000 melun' is set on object 'Object Repository/Page_InformationPersonnelles_Usager/Input_AdresseUsager'

2023-11-24 14:47:39 - [TEST_STEP][PASSED] - delay(2): Delayed 2 second(s)

2023-11-24 14:47:39 - [MESSAGE][INFO] - Delaying browser in 2 second(s)

2023-11-24 14:47:41 - [MESSAGE][PASSED] - Delayed 2 second(s)

2023-11-24 14:47:41 - [TEST_STEP][PASSED] - setText(findTestObject("Object Repository/Page_InformationPersonnelles_Usager/Input_NumeroDeTelephone"), NumeroTelephoneUsager): Text '0911223345' is set on object 'Object Repository/Page_InformationPersonnelles_Usager/Input_NumeroDeTelephone'

2023-11-24 14:47:41 - [MESSAGE][INFO] - Finding Test Object 'Object Repository/Page_InformationPersonnelles_Usager/Input_NumeroDeTelephone'

2023-11-24 14:47:41 - [MESSAGE][INFO] - Checking timeout

2023-11-24 14:47:41 - [MESSAGE][INFO] - Finding web element with id: 'Object Repository/Page_InformationPersonnelles_Usager/Input_NumeroDeTelephone' located by 'By.xpath: //*[@aria-labelledby="TELEPHONE_PORTABLE-label"]' in '20' second(s)

2023-11-24 14:47:41 - [MESSAGE][INFO] - Smart Wait Function is triggered

2023-11-24 14:47:41 - [MESSAGE][INFO] - Found 1 web elements with id: 'Object Repository/Page_InformationPersonnelles_Usager/Input_NumeroDeTelephone' located by 'By.xpath: //*[@aria-labelledby="TELEPHONE_PORTABLE-label"]' in '20' second(s)

2023-11-24 14:47:41 - [MESSAGE][INFO] - Checking object

2023-11-24 14:47:41 - [MESSAGE][INFO] - Checking text

2023-11-24 14:47:41 - [MESSAGE][INFO] - Finding web element from Test Object's properties

2023-11-24 14:47:41 - [MESSAGE][INFO] - Checking timeout

2023-11-24 14:47:41 - [MESSAGE][INFO] - Finding web element with id: 'Object Repository/Page_InformationPersonnelles_Usager/Input_NumeroDeTelephone' located by 'By.xpath: //*[@aria-labelledby="TELEPHONE_PORTABLE-label"]' in '5' second(s)

2023-11-24 14:47:41 - [MESSAGE][INFO] - Smart Wait Function is triggered

2023-11-24 14:47:41 - [MESSAGE][INFO] - Found 1 web elements with id: 'Object Repository/Page_InformationPersonnelles_Usager/Input_NumeroDeTelephone' located by 'By.xpath: //*[@aria-labelledby="TELEPHONE_PORTABLE-label"]' in '5' second(s)

2023-11-24 14:47:41 - [MESSAGE][INFO] - Clearing text of object 'Object Repository/Page_InformationPersonnelles_Usager/Input_NumeroDeTelephone'

2023-11-24 14:47:43 - [MESSAGE][INFO] - Finding web element from Test Object's properties

2023-11-24 14:47:43 - [MESSAGE][INFO] - Checking timeout

2023-11-24 14:47:43 - [MESSAGE][INFO] - Finding web element with id: 'Object Repository/Page_InformationPersonnelles_Usager/Input_NumeroDeTelephone' located by 'By.xpath: //*[@aria-labelledby="TELEPHONE_PORTABLE-label"]' in '5' second(s)

2023-11-24 14:47:43 - [MESSAGE][INFO] - Smart Wait Function is triggered

2023-11-24 14:47:43 - [MESSAGE][INFO] - Found 1 web elements with id: 'Object Repository/Page_InformationPersonnelles_Usager/Input_NumeroDeTelephone' located by 'By.xpath: //*[@aria-labelledby="TELEPHONE_PORTABLE-label"]' in '5' second(s)

2023-11-24 14:47:43 - [MESSAGE][INFO] - Setting text of object 'Object Repository/Page_InformationPersonnelles_Usager/Input_NumeroDeTelephone' to value '0911223345'

2023-11-24 14:47:46 - [MESSAGE][PASSED] - Text '0911223345' is set on object 'Object Repository/Page_InformationPersonnelles_Usager/Input_NumeroDeTelephone'

2023-11-24 14:47:46 - [TEST_STEP][PASSED] - click(findTestObject("Object Repository/Page_DemarcheRenouvellement/btn_EnregistrerEtPoursuivre")): Object: 'Object Repository/Page_DemarcheRenouvellement/btn_EnregistrerEtPoursuivre' is clicked on

2023-11-24 14:47:46 - [MESSAGE][INFO] - Finding Test Object 'Object Repository/Page_DemarcheRenouvellement/btn_EnregistrerEtPoursuivre'

2023-11-24 14:47:46 - [MESSAGE][INFO] - Checking timeout

2023-11-24 14:47:46 - [MESSAGE][INFO] - Finding web element with id: 'Object Repository/Page_DemarcheRenouvellement/btn_EnregistrerEtPoursuivre' located by 'By.xpath: //span[text()='Enregistrer et poursuivre >']' in '20' second(s)

2023-11-24 14:47:46 - [MESSAGE][INFO] - Smart Wait Function is triggered

2023-11-24 14:47:46 - [MESSAGE][INFO] - Found 1 web elements with id: 'Object Repository/Page_DemarcheRenouvellement/btn_EnregistrerEtPoursuivre' located by 'By.xpath: //span[text()='Enregistrer et poursuivre >']' in '20' second(s)

2023-11-24 14:47:46 - [MESSAGE][INFO] - Checking object

2023-11-24 14:47:46 - [MESSAGE][INFO] - Checking timeout

2023-11-24 14:47:46 - [MESSAGE][INFO] - Finding web element from Test Object's properties

2023-11-24 14:47:46 - [MESSAGE][INFO] - Checking timeout

2023-11-24 14:47:46 - [MESSAGE][INFO] - Finding web element with id: 'Object Repository/Page_DemarcheRenouvellement/btn_EnregistrerEtPoursuivre' located by 'By.xpath: //span[text()='Enregistrer et poursuivre >']' in '5' second(s)

2023-11-24 14:47:46 - [MESSAGE][INFO] - Smart Wait Function is triggered

2023-11-24 14:47:46 - [MESSAGE][INFO] - Found 1 web elements with id: 'Object Repository/Page_DemarcheRenouvellement/btn_EnregistrerEtPoursuivre' located by 'By.xpath: //span[text()='Enregistrer et poursuivre >']' in '5' second(s)

2023-11-24 14:47:46 - [MESSAGE][INFO] - Clicking on object: 'Object Repository/Page_DemarcheRenouvellement/btn_EnregistrerEtPoursuivre'

2023-11-24 14:47:48 - [MESSAGE][PASSED] - Object: 'Object Repository/Page_DemarcheRenouvellement/btn_EnregistrerEtPoursuivre' is clicked on

2023-11-24 14:47:48 - [MESSAGE][PASSED] - Call Test Case 'Test Cases/Test Reutilisable/DemandeOuRenouvelle_TitreSejour/FormulaireInformationsPersonnelles' successfully

2023-11-24 14:47:48 - [TEST_STEP][PASSED] - callTestCase(findTestCase("Test Reutilisable/DemandeOuRenouvelle_TitreSejour/FormulaireMotifDeLaDemande"), ["TypeTitreDeSejour":TypeTitreDeSejour, "Titre":Titre], STOP_ON_FAILURE): Call Test Case 'Test Cases/Test Reutilisable/DemandeOuRenouvelle_TitreSejour/FormulaireMotifDeLaDemande' successfully

2023-11-24 14:47:48 - [MESSAGE][INFO] - Checking called Test Case

2023-11-24 14:47:48 - [MESSAGE][INFO] - Starting to call Test Case 'Test Cases/Test Reutilisable/DemandeOuRenouvelle_TitreSejour/FormulaireMotifDeLaDemande'

2023-11-24 14:47:48 - [TEST_CASE][PASSED] - Test Cases/Test Reutilisable/DemandeOuRenouvelle_TitreSejour/FormulaireMotifDeLaDemande: Test Cases/Test Reutilisable/DemandeOuRenouvelle_TitreSejour/FormulaireMotifDeLaDemande

2023-11-24 14:47:50 - [TEST_STEP][PASSED] - com.kazurayam.ksbackyard.HighlightElement.pandemic(): com.kazurayam.ksbackyard.HighlightElement.pandemic is PASSED

2023-11-24 14:47:50 - [MESSAGE][PASSED] - com.kazurayam.ksbackyard.HighlightElement.pandemic is PASSED

2023-11-24 14:47:50 - [TEST_STEP][PASSED] - if (TypeTitreDeSejour == "RenouvellementDeTitreSejour" && Titre == "Etudiant"): null

2023-11-24 14:47:50 - [TEST_STEP][PASSED] - if (TypeTitreDeSejour == "Visiteur" && Titre == "Etudiant" || TypeTitreDeSejour == "RenouvellementDeTitreSejour" && Titre == "Visiteur"): null

2023-11-24 14:47:50 - [TEST_STEP][PASSED] - if (TypeTitreDeSejour == "TS-PT-SalarieQualifie" && Titre == "Visiteur" || Titre == "Etudiant"): null

2023-11-24 14:47:50 - [TEST_STEP][PASSED] - if (TypeTitreDeSejour == "TS-PT-SalarieEntrepriseInnovante" && Titre == "Visiteur" || Titre == "Etudiant"): null

2023-11-24 14:47:50 - [TEST_STEP][PASSED] - if (TypeTitreDeSejour == "TS-PT-CarteBleueEuropeenne" && Titre == "Visiteur" || Titre == "Etudiant"): null

2023-11-24 14:47:50 - [TEST_STEP][PASSED] - if (TypeTitreDeSejour == "TS-PT-SalarieEnMission" && Titre == "Visiteur" || Titre == "Etudiant"): null

2023-11-24 14:47:50 - [TEST_STEP][PASSED] - if (TypeTitreDeSejour == "ChercheurEtChercheurEnMobilite" && Titre == "Visiteur" || Titre == "Etudiant"): null

2023-11-24 14:47:50 - [TEST_STEP][PASSED] - if (TypeTitreDeSejour == "FrenchTechVisaForInvestors" && Titre == "Visiteur" || Titre == "Etudiant"): Object: 'Object Repository/Page_DemarcheRenouvellement/btn_EnregistrerEtPoursuivre' is clicked on

2023-11-24 14:47:50 - [TEST_STEP][PASSED] - click(findTestObject("Object Repository/Page_MotifDeLaDemande_Usager/CheckBox_InvestissementPersonnel")): Object: 'Object Repository/Page_MotifDeLaDemande_Usager/CheckBox_InvestissementPersonnel' is clicked on

2023-11-24 14:47:50 - [MESSAGE][INFO] - Finding Test Object 'Object Repository/Page_MotifDeLaDemande_Usager/CheckBox_InvestissementPersonnel'

2023-11-24 14:47:50 - [MESSAGE][INFO] - Checking timeout

2023-11-24 14:47:50 - [MESSAGE][INFO] - Finding web element with id: 'Object Repository/Page_MotifDeLaDemande_Usager/CheckBox_InvestissementPersonnel' located by 'By.xpath: //div/div[2]/div/div/div[1]/div/div/div/app-indent-wrapper/app-informations-investisseur-ptinv/div/div[1]/div/anef-input-radio/div/div/fieldset/div/div[1]/p-radiobutton/div/div[2]/span' in '20' second(s)

2023-11-24 14:47:50 - [MESSAGE][INFO] - Smart Wait Function is triggered

2023-11-24 14:47:50 - [MESSAGE][INFO] - Found 1 web elements with id: 'Object Repository/Page_MotifDeLaDemande_Usager/CheckBox_InvestissementPersonnel' located by 'By.xpath: //div/div[2]/div/div/div[1]/div/div/div/app-indent-wrapper/app-informations-investisseur-ptinv/div/div[1]/div/anef-input-radio/div/div/fieldset/div/div[1]/p-radiobutton/div/div[2]/span' in '20' second(s)

2023-11-24 14:47:50 - [MESSAGE][INFO] - Checking object

2023-11-24 14:47:50 - [MESSAGE][INFO] - Checking timeout

2023-11-24 14:47:50 - [MESSAGE][INFO] - Finding web element from Test Object's properties

2023-11-24 14:47:50 - [MESSAGE][INFO] - Checking timeout

2023-11-24 14:47:50 - [MESSAGE][INFO] - Finding web element with id: 'Object Repository/Page_MotifDeLaDemande_Usager/CheckBox_InvestissementPersonnel' located by 'By.xpath: //div/div[2]/div/div/div[1]/div/div/div/app-indent-wrapper/app-informations-investisseur-ptinv/div/div[1]/div/anef-input-radio/div/div/fieldset/div/div[1]/p-radiobutton/div/div[2]/span' in '5' second(s)

2023-11-24 14:47:50 - [MESSAGE][INFO] - Smart Wait Function is triggered

2023-11-24 14:47:50 - [MESSAGE][INFO] - Found 1 web elements with id: 'Object Repository/Page_MotifDeLaDemande_Usager/CheckBox_InvestissementPersonnel' located by 'By.xpath: //div/div[2]/div/div/div[1]/div/div/div/app-indent-wrapper/app-informations-investisseur-ptinv/div/div[1]/div/anef-input-radio/div/div/fieldset/div/div[1]/p-radiobutton/div/div[2]/span' in '5' second(s)

2023-11-24 14:47:50 - [MESSAGE][INFO] - Clicking on object: 'Object Repository/Page_MotifDeLaDemande_Usager/CheckBox_InvestissementPersonnel'

2023-11-24 14:47:52 - [MESSAGE][PASSED] - Object: 'Object Repository/Page_MotifDeLaDemande_Usager/CheckBox_InvestissementPersonnel' is clicked on

2023-11-24 14:47:52 - [TEST_STEP][PASSED] - setText(findTestObject("Object Repository/Page_MotifDeLaDemande_Usager/input_MontantInvestiEnFrance"), "400000"): Text '400000' is set on object 'Object Repository/Page_MotifDeLaDemande_Usager/input_MontantInvestiEnFrance'

2023-11-24 14:47:52 - [MESSAGE][INFO] - Finding Test Object 'Object Repository/Page_MotifDeLaDemande_Usager/input_MontantInvestiEnFrance'

2023-11-24 14:47:52 - [MESSAGE][INFO] - Checking timeout

2023-11-24 14:47:52 - [MESSAGE][INFO] - Finding web element with id: 'Object Repository/Page_MotifDeLaDemande_Usager/input_MontantInvestiEnFrance' located by 'By.xpath: //app-demande-ptinv//app-motif-sejour-ptinv//app-informations-investisseur-ptinv//anef-input-text/div/div/div[1]/div/input' in '20' second(s)

2023-11-24 14:47:52 - [MESSAGE][INFO] - Smart Wait Function is triggered

2023-11-24 14:47:52 - [MESSAGE][INFO] - Found 1 web elements with id: 'Object Repository/Page_MotifDeLaDemande_Usager/input_MontantInvestiEnFrance' located by 'By.xpath: //app-demande-ptinv//app-motif-sejour-ptinv//app-informations-investisseur-ptinv//anef-input-text/div/div/div[1]/div/input' in '20' second(s)

2023-11-24 14:47:52 - [MESSAGE][INFO] - Checking object

2023-11-24 14:47:52 - [MESSAGE][INFO] - Checking text

2023-11-24 14:47:52 - [MESSAGE][INFO] - Finding web element from Test Object's properties

2023-11-24 14:47:52 - [MESSAGE][INFO] - Checking timeout

2023-11-24 14:47:52 - [MESSAGE][INFO] - Finding web element with id: 'Object Repository/Page_MotifDeLaDemande_Usager/input_MontantInvestiEnFrance' located by 'By.xpath: //app-demande-ptinv//app-motif-sejour-ptinv//app-informations-investisseur-ptinv//anef-input-text/div/div/div[1]/div/input' in '5' second(s)

2023-11-24 14:47:52 - [MESSAGE][INFO] - Smart Wait Function is triggered

2023-11-24 14:47:52 - [MESSAGE][INFO] - Found 1 web elements with id: 'Object Repository/Page_MotifDeLaDemande_Usager/input_MontantInvestiEnFrance' located by 'By.xpath: //app-demande-ptinv//app-motif-sejour-ptinv//app-informations-investisseur-ptinv//anef-input-text/div/div/div[1]/div/input' in '5' second(s)

2023-11-24 14:47:52 - [MESSAGE][INFO] - Clearing text of object 'Object Repository/Page_MotifDeLaDemande_Usager/input_MontantInvestiEnFrance'

2023-11-24 14:47:54 - [MESSAGE][INFO] - Finding web element from Test Object's properties

2023-11-24 14:47:54 - [MESSAGE][INFO] - Checking timeout

2023-11-24 14:47:54 - [MESSAGE][INFO] - Finding web element with id: 'Object Repository/Page_MotifDeLaDemande_Usager/input_MontantInvestiEnFrance' located by 'By.xpath: //app-demande-ptinv//app-motif-sejour-ptinv//app-informations-investisseur-ptinv//anef-input-text/div/div/div[1]/div/input' in '5' second(s)

2023-11-24 14:47:54 - [MESSAGE][INFO] - Smart Wait Function is triggered

2023-11-24 14:47:54 - [MESSAGE][INFO] - Found 1 web elements with id: 'Object Repository/Page_MotifDeLaDemande_Usager/input_MontantInvestiEnFrance' located by 'By.xpath: //app-demande-ptinv//app-motif-sejour-ptinv//app-informations-investisseur-ptinv//anef-input-text/div/div/div[1]/div/input' in '5' second(s)

2023-11-24 14:47:54 - [MESSAGE][INFO] - Setting text of object 'Object Repository/Page_MotifDeLaDemande_Usager/input_MontantInvestiEnFrance' to value '400000'

2023-11-24 14:47:56 - [MESSAGE][PASSED] - Text '400000' is set on object 'Object Repository/Page_MotifDeLaDemande_Usager/input_MontantInvestiEnFrance'

2023-11-24 14:47:56 - [TEST_STEP][PASSED] - click(findTestObject("Object Repository/Page_DemarcheRenouvellement/btn_EnregistrerEtPoursuivre")): Object: 'Object Repository/Page_DemarcheRenouvellement/btn_EnregistrerEtPoursuivre' is clicked on

2023-11-24 14:47:56 - [MESSAGE][INFO] - Finding Test Object 'Object Repository/Page_DemarcheRenouvellement/btn_EnregistrerEtPoursuivre'

2023-11-24 14:47:57 - [MESSAGE][INFO] - Checking timeout

2023-11-24 14:47:57 - [MESSAGE][INFO] - Finding web element with id: 'Object Repository/Page_DemarcheRenouvellement/btn_EnregistrerEtPoursuivre' located by 'By.xpath: //span[text()='Enregistrer et poursuivre >']' in '20' second(s)

2023-11-24 14:47:57 - [MESSAGE][INFO] - Smart Wait Function is triggered

2023-11-24 14:47:57 - [MESSAGE][INFO] - Found 1 web elements with id: 'Object Repository/Page_DemarcheRenouvellement/btn_EnregistrerEtPoursuivre' located by 'By.xpath: //span[text()='Enregistrer et poursuivre >']' in '20' second(s)

2023-11-24 14:47:57 - [MESSAGE][INFO] - Checking object

2023-11-24 14:47:57 - [MESSAGE][INFO] - Checking timeout

2023-11-24 14:47:57 - [MESSAGE][INFO] - Finding web element from Test Object's properties

2023-11-24 14:47:57 - [MESSAGE][INFO] - Checking timeout

2023-11-24 14:47:57 - [MESSAGE][INFO] - Finding web element with id: 'Object Repository/Page_DemarcheRenouvellement/btn_EnregistrerEtPoursuivre' located by 'By.xpath: //span[text()='Enregistrer et poursuivre >']' in '5' second(s)

2023-11-24 14:47:57 - [MESSAGE][INFO] - Smart Wait Function is triggered

2023-11-24 14:47:57 - [MESSAGE][INFO] - Found 1 web elements with id: 'Object Repository/Page_DemarcheRenouvellement/btn_EnregistrerEtPoursuivre' located by 'By.xpath: //span[text()='Enregistrer et poursuivre >']' in '5' second(s)

2023-11-24 14:47:57 - [MESSAGE][INFO] - Clicking on object: 'Object Repository/Page_DemarcheRenouvellement/btn_EnregistrerEtPoursuivre'

2023-11-24 14:47:59 - [MESSAGE][PASSED] - Object: 'Object Repository/Page_DemarcheRenouvellement/btn_EnregistrerEtPoursuivre' is clicked on

2023-11-24 14:47:59 - [TEST_STEP][PASSED] - if (TypeTitreDeSejour == "CreateurDEntreprise" && Titre == "Visiteur" || TypeTitreDeSejour == "CreateurDEntreprise" && Titre == "Etudiant"): null

2023-11-24 14:47:59 - [TEST_STEP][PASSED] - if (TypeTitreDeSejour == "FrenchTechVisaForFounders" && Titre == "Etudiant" || TypeTitreDeSejour == "FrenchTechVisaForFounders" && Titre == "Visiteur"): null

2023-11-24 14:47:59 - [TEST_STEP][PASSED] - if (TypeTitreDeSejour == "MandataireSocial" && Titre == "Etudiant" || TypeTitreDeSejour == "MandataireSocial" && Titre == "Visiteur"): null

2023-11-24 14:47:59 - [TEST_STEP][PASSED] - if (TypeTitreDeSejour == "ArtisteNonSalarie" && Titre == "Etudiant" || TypeTitreDeSejour == "ArtisteNonSalarie" && Titre == "Visiteur"): null

2023-11-24 14:47:59 - [TEST_STEP][PASSED] - if (TypeTitreDeSejour == "ArtisteSalarie" && Titre == "Etudiant" || TypeTitreDeSejour == "ArtisteSalarie" && Titre == "Visiteur"): null

2023-11-24 14:47:59 - [TEST_STEP][PASSED] - if (TypeTitreDeSejour == "MembreDeFamillePasseportTalent_Conjoint" && Titre == "Etudiant" || TypeTitreDeSejour == "MembreDeFamillePasseportTalent_Conjoint" && Titre == "Visiteur"): null

2023-11-24 14:47:59 - [MESSAGE][PASSED] - Call Test Case 'Test Cases/Test Reutilisable/DemandeOuRenouvelle_TitreSejour/FormulaireMotifDeLaDemande' successfully

2023-11-24 14:47:59 - [TEST_STEP][PASSED] - if (TypeTitreDeSejour == "RenouvellementDeTitreSejour" || TypeTitreDeSejour == "Visiteur" && Titre == "Etudiant" || Titre == "Visiteur"): null

2023-11-24 14:47:59 - [TEST_STEP][PASSED] - callTestCase(findTestCase("Test Reutilisable/DemandeOuRenouvelle_TitreSejour/FormulaireJustificatifs"), ["TypeTitreDeSejour":TypeTitreDeSejour, "Titre":Titre, "NumEphoto":NumEphoto], STOP_ON_FAILURE): Call Test Case 'Test Cases/Test Reutilisable/DemandeOuRenouvelle_TitreSejour/FormulaireJustificatifs' successfully

2023-11-24 14:47:59 - [MESSAGE][INFO] - Checking called Test Case

2023-11-24 14:47:59 - [MESSAGE][INFO] - Starting to call Test Case 'Test Cases/Test Reutilisable/DemandeOuRenouvelle_TitreSejour/FormulaireJustificatifs'

2023-11-24 14:47:59 - [TEST_CASE][PASSED] - Test Cases/Test Reutilisable/DemandeOuRenouvelle_TitreSejour/FormulaireJustificatifs: Test Cases/Test Reutilisable/DemandeOuRenouvelle_TitreSejour/FormulaireJustificatifs

2023-11-24 14:48:01 - [TEST_STEP][PASSED] - com.kazurayam.ksbackyard.HighlightElement.pandemic(): com.kazurayam.ksbackyard.HighlightElement.pandemic is PASSED

2023-11-24 14:48:01 - [MESSAGE][PASSED] - com.kazurayam.ksbackyard.HighlightElement.pandemic is PASSED

2023-11-24 14:48:01 - [TEST_STEP][PASSED] - RunBrowserConfiguration = getExecutionProperties(): null

2023-11-24 14:48:01 - [TEST_STEP][PASSED] - DriverName = DriverName: null

2023-11-24 14:48:01 - [TEST_STEP][PASSED] - driver = getWebDriver(): null

2023-11-24 14:48:01 - [TEST_STEP][PASSED] - wrappedDriver = driver.getWrappedDriver(): null

2023-11-24 14:48:01 - [TEST_STEP][PASSED] - out.println(wrappedDriver.getClass()): null

2023-11-24 14:48:01 - [TEST_STEP][PASSED] - if (class == com.kms.katalon.selenium.driver.CRemoteWebDriver): null

2023-11-24 14:48:01 - [TEST_STEP][PASSED] - SpecificDownloadDirectory = "": null

2023-11-24 14:48:01 - [TEST_STEP][PASSED] - if (DriverName == "FIREFOX_DRIVER"): null

2023-11-24 14:48:01 - [TEST_STEP][PASSED] - else if (class == "CRemoteWebDriver"): null

2023-11-24 14:48:01 - [TEST_STEP][PASSED] - else: null

2023-11-24 14:48:01 - [TEST_STEP][PASSED] - SpecificDownloadDirectory = getProjectDir() + "/Data Files": null

2023-11-24 14:48:01 - [TEST_STEP][PASSED] - println("SpecificDownloadDirectory : " + SpecificDownloadDirectory): null

2023-11-24 14:48:01 - [TEST_STEP][PASSED] - if (TypeTitreDeSejour == "RenouvellementDeTitreSejour" && Titre == "Etudiant"): null

2023-11-24 14:48:01 - [TEST_STEP][PASSED] - if (TypeTitreDeSejour == "RenouvellementDeTitreSejour" && Titre == "Visiteur" || TypeTitreDeSejour == "Visiteur" && Titre == "Etudiant"): null

2023-11-24 14:48:01 - [TEST_STEP][PASSED] - println("TypeTitreDeSejour :" + TypeTitreDeSejour): null

2023-11-24 14:48:01 - [TEST_STEP][PASSED] - if (TypeTitreDeSejour == "TS-PT-CarteBleueEuropeenne" || TypeTitreDeSejour == "TS-PT-SalarieEnMission"): null

2023-11-24 14:48:01 - [TEST_STEP][PASSED] - if (TypeTitreDeSejour == "TS-PT-SalarieQualifie" || TypeTitreDeSejour == "TS-PT-SalarieEntrepriseInnovante" || TypeTitreDeSejour == "ChercheurEtChercheurEnMobilite"): null

2023-11-24 14:48:01 - [TEST_STEP][PASSED] - if (TypeTitreDeSejour == "FrenchTechVisaForInvestors" || TypeTitreDeSejour == "CreateurDEntreprise"): Object: 'Object Repository/Page_DemarcheRenouvellement/btn_EnregistrerEtPoursuivre' is clicked on

2023-11-24 14:48:01 - [TEST_STEP][PASSED] - uploadFile(findTestObject("Object Repository/Page_Justificatifs_Usager/Btn_ChoisirFichier_TitreSejourValide"), SpecificDownloadDirectory + "/EtatCivil.pdf"): File 'C:/Users/ISSAM.RHARBAOUI/git/22_11/ANEF-AutomatizationProject/Data Files/EtatCivil.pdf' sent to object: 'Object Repository/Page_Justificatifs_Usager/Btn_ChoisirFichier_TitreSejourValide'

2023-11-24 14:48:01 - [MESSAGE][INFO] - Finding Test Object 'Object Repository/Page_Justificatifs_Usager/Btn_ChoisirFichier_TitreSejourValide'

2023-11-24 14:48:01 - [MESSAGE][INFO] - Checking object

2023-11-24 14:48:01 - [MESSAGE][INFO] - Uploading file 'C:/Users/ISSAM.RHARBAOUI/git/22_11/ANEF-AutomatizationProject/Data Files/EtatCivil.pdf' to object: 'Object Repository/Page_Justificatifs_Usager/Btn_ChoisirFichier_TitreSejourValide'

2023-11-24 14:48:01 - [MESSAGE][INFO] - Finding web element from Test Object's properties

2023-11-24 14:48:01 - [MESSAGE][INFO] - Checking timeout

2023-11-24 14:48:01 - [MESSAGE][INFO] - Finding web element with id: 'Object Repository/Page_Justificatifs_Usager/Btn_ChoisirFichier_TitreSejourValide' located by 'By.xpath: //app-justificatifs-visiteur//app-justificatif-titre-sejour//app-pieces-jointes//span[1]/input|//app-justificatifs-ptsq//app-justificatif-titre-sejour//app-pieces-jointes//span[1]/input|//app-justificatifs/div[2]/div/p-accordion/div/p-accordiontab[1]/div[2]/div/div[1]/div/app-pieces-jointes[1]/div/span[1]/input|//div/div/div/app-justificatif-titre-sejour/div/app-pieces-jointes/div/span[1]/input
' in '5' second(s)

2023-11-24 14:48:01 - [MESSAGE][INFO] - Smart Wait Function is triggered

2023-11-24 14:48:01 - [MESSAGE][INFO] - Found 1 web elements with id: 'Object Repository/Page_Justificatifs_Usager/Btn_ChoisirFichier_TitreSejourValide' located by 'By.xpath: //app-justificatifs-visiteur//app-justificatif-titre-sejour//app-pieces-jointes//span[1]/input|//app-justificatifs-ptsq//app-justificatif-titre-sejour//app-pieces-jointes//span[1]/input|//app-justificatifs/div[2]/div/p-accordion/div/p-accordiontab[1]/div[2]/div/div[1]/div/app-pieces-jointes[1]/div/span[1]/input|//div/div/div/app-justificatif-titre-sejour/div/app-pieces-jointes/div/span[1]/input
' in '5' second(s)

2023-11-24 14:48:03 - [MESSAGE][PASSED] - File 'C:/Users/ISSAM.RHARBAOUI/git/22_11/ANEF-AutomatizationProject/Data Files/EtatCivil.pdf' sent to object: 'Object Repository/Page_Justificatifs_Usager/Btn_ChoisirFichier_TitreSejourValide'

2023-11-24 14:48:03 - [TEST_STEP][PASSED] - delay(5): Delayed 5 second(s)

2023-11-24 14:48:03 - [MESSAGE][INFO] - Delaying browser in 5 second(s)

2023-11-24 14:48:08 - [MESSAGE][PASSED] - Delayed 5 second(s)

2023-11-24 14:48:08 - [TEST_STEP][PASSED] - uploadFile(findTestObject("Object Repository/Page_Justificatifs_Usager/Btn_ChoisirFichier_Passeport"), SpecificDownloadDirectory + "/Passeport.pdf"): File 'C:/Users/ISSAM.RHARBAOUI/git/22_11/ANEF-AutomatizationProject/Data Files/Passeport.pdf' sent to object: 'Object Repository/Page_Justificatifs_Usager/Btn_ChoisirFichier_Passeport'

2023-11-24 14:48:08 - [MESSAGE][INFO] - Finding Test Object 'Object Repository/Page_Justificatifs_Usager/Btn_ChoisirFichier_Passeport'

2023-11-24 14:48:08 - [MESSAGE][INFO] - Checking object

2023-11-24 14:48:08 - [MESSAGE][INFO] - Uploading file 'C:/Users/ISSAM.RHARBAOUI/git/22_11/ANEF-AutomatizationProject/Data Files/Passeport.pdf' to object: 'Object Repository/Page_Justificatifs_Usager/Btn_ChoisirFichier_Passeport'

2023-11-24 14:48:08 - [MESSAGE][INFO] - Finding web element from Test Object's properties

2023-11-24 14:48:08 - [MESSAGE][INFO] - Checking timeout

2023-11-24 14:48:08 - [MESSAGE][INFO] - Finding web element with id: 'Object Repository/Page_Justificatifs_Usager/Btn_ChoisirFichier_Passeport' located by 'By.xpath: //app-justificatifs-visiteur//app-justificatif-passeport//app-pieces-jointes//span[1]/input|//app-justificatifs-ptsq//app-justificatif-passeport//app-pieces-jointes//span[1]/input|//app-justificatifs/div[2]/div/p-accordion/div/p-accordiontab[1]/div[2]/div/div[1]/div/app-pieces-jointes[2]/div/span[1]/input|//div/div/app-justificatif-passeport/div/app-pieces-jointes/div/span[1]/input' in '5' second(s)

2023-11-24 14:48:08 - [MESSAGE][INFO] - Smart Wait Function is triggered

2023-11-24 14:48:08 - [MESSAGE][INFO] - Found 1 web elements with id: 'Object Repository/Page_Justificatifs_Usager/Btn_ChoisirFichier_Passeport' located by 'By.xpath: //app-justificatifs-visiteur//app-justificatif-passeport//app-pieces-jointes//span[1]/input|//app-justificatifs-ptsq//app-justificatif-passeport//app-pieces-jointes//span[1]/input|//app-justificatifs/div[2]/div/p-accordion/div/p-accordiontab[1]/div[2]/div/div[1]/div/app-pieces-jointes[2]/div/span[1]/input|//div/div/app-justificatif-passeport/div/app-pieces-jointes/div/span[1]/input' in '5' second(s)

2023-11-24 14:48:10 - [MESSAGE][PASSED] - File 'C:/Users/ISSAM.RHARBAOUI/git/22_11/ANEF-AutomatizationProject/Data Files/Passeport.pdf' sent to object: 'Object Repository/Page_Justificatifs_Usager/Btn_ChoisirFichier_Passeport'

2023-11-24 14:48:10 - [TEST_STEP][PASSED] - delay(5): Delayed 5 second(s)

2023-11-24 14:48:10 - [MESSAGE][INFO] - Delaying browser in 5 second(s)

2023-11-24 14:48:15 - [MESSAGE][PASSED] - Delayed 5 second(s)

2023-11-24 14:48:15 - [TEST_STEP][PASSED] - setText(findTestObject("Object Repository/Page_Justificatifs_Usager/Input_Numero_Ephoto"), NumEphoto): Text '1PMTYE991215114515JY05' is set on object 'Object Repository/Page_Justificatifs_Usager/Input_Numero_Ephoto'

2023-11-24 14:48:15 - [MESSAGE][INFO] - Finding Test Object 'Object Repository/Page_Justificatifs_Usager/Input_Numero_Ephoto'

2023-11-24 14:48:15 - [MESSAGE][INFO] - Checking timeout

2023-11-24 14:48:15 - [MESSAGE][INFO] - Finding web element with id: 'Object Repository/Page_Justificatifs_Usager/Input_Numero_Ephoto' located by 'By.xpath: //*[@aria-labelledby="PHOTO_NUMBER-label" and @type ="text"]|//*[@aria-labelledby="PHOTO_IDENTITE-label" and @type ="text"]' in '20' second(s)

2023-11-24 14:48:15 - [MESSAGE][INFO] - Smart Wait Function is triggered

2023-11-24 14:48:15 - [MESSAGE][INFO] - Found 1 web elements with id: 'Object Repository/Page_Justificatifs_Usager/Input_Numero_Ephoto' located by 'By.xpath: //*[@aria-labelledby="PHOTO_NUMBER-label" and @type ="text"]|//*[@aria-labelledby="PHOTO_IDENTITE-label" and @type ="text"]' in '20' second(s)

2023-11-24 14:48:15 - [MESSAGE][INFO] - Checking object

2023-11-24 14:48:15 - [MESSAGE][INFO] - Checking text

2023-11-24 14:48:15 - [MESSAGE][INFO] - Finding web element from Test Object's properties

2023-11-24 14:48:15 - [MESSAGE][INFO] - Checking timeout

2023-11-24 14:48:15 - [MESSAGE][INFO] - Finding web element with id: 'Object Repository/Page_Justificatifs_Usager/Input_Numero_Ephoto' located by 'By.xpath: //*[@aria-labelledby="PHOTO_NUMBER-label" and @type ="text"]|//*[@aria-labelledby="PHOTO_IDENTITE-label" and @type ="text"]' in '5' second(s)

2023-11-24 14:48:15 - [MESSAGE][INFO] - Smart Wait Function is triggered

2023-11-24 14:48:15 - [MESSAGE][INFO] - Found 1 web elements with id: 'Object Repository/Page_Justificatifs_Usager/Input_Numero_Ephoto' located by 'By.xpath: //*[@aria-labelledby="PHOTO_NUMBER-label" and @type ="text"]|//*[@aria-labelledby="PHOTO_IDENTITE-label" and @type ="text"]' in '5' second(s)

2023-11-24 14:48:15 - [MESSAGE][INFO] - Clearing text of object 'Object Repository/Page_Justificatifs_Usager/Input_Numero_Ephoto'

2023-11-24 14:48:17 - [MESSAGE][INFO] - Finding web element from Test Object's properties

2023-11-24 14:48:17 - [MESSAGE][INFO] - Checking timeout

2023-11-24 14:48:17 - [MESSAGE][INFO] - Finding web element with id: 'Object Repository/Page_Justificatifs_Usager/Input_Numero_Ephoto' located by 'By.xpath: //*[@aria-labelledby="PHOTO_NUMBER-label" and @type ="text"]|//*[@aria-labelledby="PHOTO_IDENTITE-label" and @type ="text"]' in '5' second(s)

2023-11-24 14:48:17 - [MESSAGE][INFO] - Smart Wait Function is triggered

2023-11-24 14:48:17 - [MESSAGE][INFO] - Found 1 web elements with id: 'Object Repository/Page_Justificatifs_Usager/Input_Numero_Ephoto' located by 'By.xpath: //*[@aria-labelledby="PHOTO_NUMBER-label" and @type ="text"]|//*[@aria-labelledby="PHOTO_IDENTITE-label" and @type ="text"]' in '5' second(s)

2023-11-24 14:48:17 - [MESSAGE][INFO] - Setting text of object 'Object Repository/Page_Justificatifs_Usager/Input_Numero_Ephoto' to value '1PMTYE991215114515JY05'

2023-11-24 14:48:21 - [MESSAGE][PASSED] - Text '1PMTYE991215114515JY05' is set on object 'Object Repository/Page_Justificatifs_Usager/Input_Numero_Ephoto'

2023-11-24 14:48:21 - [TEST_STEP][PASSED] - click(findTestObject("Object Repository/Page_Justificatifs_Usager/Btn_ConfirmerNumeroEphoto")): Object: 'Object Repository/Page_Justificatifs_Usager/Btn_ConfirmerNumeroEphoto' is clicked on

2023-11-24 14:48:21 - [MESSAGE][INFO] - Finding Test Object 'Object Repository/Page_Justificatifs_Usager/Btn_ConfirmerNumeroEphoto'

2023-11-24 14:48:21 - [MESSAGE][INFO] - Checking timeout

2023-11-24 14:48:21 - [MESSAGE][INFO] - Finding web element with id: 'Object Repository/Page_Justificatifs_Usager/Btn_ConfirmerNumeroEphoto' located by 'By.xpath: //div/app-e-photo//div/button/span|//app-justificatifs/div[2]/div/p-accordion/div/p-accordiontab[1]/div[2]/div/div[1]/div/button/span' in '20' second(s)

2023-11-24 14:48:21 - [MESSAGE][INFO] - Smart Wait Function is triggered

2023-11-24 14:48:21 - [MESSAGE][INFO] - Found 1 web elements with id: 'Object Repository/Page_Justificatifs_Usager/Btn_ConfirmerNumeroEphoto' located by 'By.xpath: //div/app-e-photo//div/button/span|//app-justificatifs/div[2]/div/p-accordion/div/p-accordiontab[1]/div[2]/div/div[1]/div/button/span' in '20' second(s)

2023-11-24 14:48:21 - [MESSAGE][INFO] - Checking object

2023-11-24 14:48:21 - [MESSAGE][INFO] - Checking timeout

2023-11-24 14:48:21 - [MESSAGE][INFO] - Finding web element from Test Object's properties

2023-11-24 14:48:21 - [MESSAGE][INFO] - Checking timeout

2023-11-24 14:48:21 - [MESSAGE][INFO] - Finding web element with id: 'Object Repository/Page_Justificatifs_Usager/Btn_ConfirmerNumeroEphoto' located by 'By.xpath: //div/app-e-photo//div/button/span|//app-justificatifs/div[2]/div/p-accordion/div/p-accordiontab[1]/div[2]/div/div[1]/div/button/span' in '5' second(s)

2023-11-24 14:48:21 - [MESSAGE][INFO] - Smart Wait Function is triggered

2023-11-24 14:48:21 - [MESSAGE][INFO] - Found 1 web elements with id: 'Object Repository/Page_Justificatifs_Usager/Btn_ConfirmerNumeroEphoto' located by 'By.xpath: //div/app-e-photo//div/button/span|//app-justificatifs/div[2]/div/p-accordion/div/p-accordiontab[1]/div[2]/div/div[1]/div/button/span' in '5' second(s)

2023-11-24 14:48:21 - [MESSAGE][INFO] - Clicking on object: 'Object Repository/Page_Justificatifs_Usager/Btn_ConfirmerNumeroEphoto'

2023-11-24 14:48:23 - [MESSAGE][PASSED] - Object: 'Object Repository/Page_Justificatifs_Usager/Btn_ConfirmerNumeroEphoto' is clicked on

2023-11-24 14:48:23 - [TEST_STEP][PASSED] - delay(5): Delayed 5 second(s)

2023-11-24 14:48:23 - [MESSAGE][INFO] - Delaying browser in 5 second(s)

2023-11-24 14:48:28 - [MESSAGE][PASSED] - Delayed 5 second(s)

2023-11-24 14:48:28 - [TEST_STEP][PASSED] - uploadFile(findTestObject("Object Repository/Page_Justificatifs_Usager/Btn_ChoisirFichier_Domiciliation"), SpecificDownloadDirectory + "/Domiciliation.pdf"): File 'C:/Users/ISSAM.RHARBAOUI/git/22_11/ANEF-AutomatizationProject/Data Files/Domiciliation.pdf' sent to object: 'Object Repository/Page_Justificatifs_Usager/Btn_ChoisirFichier_Domiciliation'

2023-11-24 14:48:28 - [MESSAGE][INFO] - Finding Test Object 'Object Repository/Page_Justificatifs_Usager/Btn_ChoisirFichier_Domiciliation'

2023-11-24 14:48:28 - [MESSAGE][INFO] - Checking object

2023-11-24 14:48:28 - [MESSAGE][INFO] - Uploading file 'C:/Users/ISSAM.RHARBAOUI/git/22_11/ANEF-AutomatizationProject/Data Files/Domiciliation.pdf' to object: 'Object Repository/Page_Justificatifs_Usager/Btn_ChoisirFichier_Domiciliation'

2023-11-24 14:48:28 - [MESSAGE][INFO] - Finding web element from Test Object's properties

2023-11-24 14:48:28 - [MESSAGE][INFO] - Checking timeout

2023-11-24 14:48:28 - [MESSAGE][INFO] - Finding web element with id: 'Object Repository/Page_Justificatifs_Usager/Btn_ChoisirFichier_Domiciliation' located by 'By.xpath: //app-justificatifs-visiteur//app-justificatifs-domiciliation//app-pieces-jointes//span[1]/input|//app-justificatifs-ptsq//app-justificatifs-domiciliation//app-pieces-jointes//span[1]/input|//app-justificatifs/div[2]/div/p-accordion/div/p-accordiontab[1]/div[2]/div/div[2]/div/app-pieces-jointes/div/span[1]/input|//div/app-justificatifs-domiciliation/div/div/app-pieces-jointes/div/span[1]/input' in '5' second(s)

2023-11-24 14:48:28 - [MESSAGE][INFO] - Smart Wait Function is triggered

2023-11-24 14:48:28 - [MESSAGE][INFO] - Found 1 web elements with id: 'Object Repository/Page_Justificatifs_Usager/Btn_ChoisirFichier_Domiciliation' located by 'By.xpath: //app-justificatifs-visiteur//app-justificatifs-domiciliation//app-pieces-jointes//span[1]/input|//app-justificatifs-ptsq//app-justificatifs-domiciliation//app-pieces-jointes//span[1]/input|//app-justificatifs/div[2]/div/p-accordion/div/p-accordiontab[1]/div[2]/div/div[2]/div/app-pieces-jointes/div/span[1]/input|//div/app-justificatifs-domiciliation/div/div/app-pieces-jointes/div/span[1]/input' in '5' second(s)

2023-11-24 14:48:30 - [MESSAGE][PASSED] - File 'C:/Users/ISSAM.RHARBAOUI/git/22_11/ANEF-AutomatizationProject/Data Files/Domiciliation.pdf' sent to object: 'Object Repository/Page_Justificatifs_Usager/Btn_ChoisirFichier_Domiciliation'

2023-11-24 14:48:30 - [TEST_STEP][PASSED] - delay(5): Delayed 5 second(s)

2023-11-24 14:48:30 - [MESSAGE][INFO] - Delaying browser in 5 second(s)

2023-11-24 14:48:35 - [MESSAGE][PASSED] - Delayed 5 second(s)

2023-11-24 14:48:35 - [TEST_STEP][PASSED] - uploadFile(findTestObject("Object Repository/Page_Justificatifs_Usager/Btn_ChoisirFichier_JustificatifsInvestissement"), SpecificDownloadDirectory + "/JustificatifsInvestissement.pdf"): File 'C:/Users/ISSAM.RHARBAOUI/git/22_11/ANEF-AutomatizationProject/Data Files/JustificatifsInvestissement.pdf' sent to object: 'Object Repository/Page_Justificatifs_Usager/Btn_ChoisirFichier_JustificatifsInvestissement'

2023-11-24 14:48:35 - [MESSAGE][INFO] - Finding Test Object 'Object Repository/Page_Justificatifs_Usager/Btn_ChoisirFichier_JustificatifsInvestissement'

2023-11-24 14:48:35 - [MESSAGE][INFO] - Checking object

2023-11-24 14:48:35 - [MESSAGE][INFO] - Uploading file 'C:/Users/ISSAM.RHARBAOUI/git/22_11/ANEF-AutomatizationProject/Data Files/JustificatifsInvestissement.pdf' to object: 'Object Repository/Page_Justificatifs_Usager/Btn_ChoisirFichier_JustificatifsInvestissement'

2023-11-24 14:48:35 - [MESSAGE][INFO] - Finding web element from Test Object's properties

2023-11-24 14:48:35 - [MESSAGE][INFO] - Checking timeout

2023-11-24 14:48:35 - [MESSAGE][INFO] - Finding web element with id: 'Object Repository/Page_Justificatifs_Usager/Btn_ChoisirFichier_JustificatifsInvestissement' located by 'By.xpath: //div/div[9]/app-justificatifs-motif-sejour/div/app-pieces-jointes/div/span[1]/input|//div/div[1]/app-justificatifs-motif-sejour/div/app-pieces-jointes/div/span[1]/input
' in '5' second(s)

2023-11-24 14:48:35 - [MESSAGE][INFO] - Smart Wait Function is triggered

2023-11-24 14:48:35 - [MESSAGE][INFO] - Found 1 web elements with id: 'Object Repository/Page_Justificatifs_Usager/Btn_ChoisirFichier_JustificatifsInvestissement' located by 'By.xpath: //div/div[9]/app-justificatifs-motif-sejour/div/app-pieces-jointes/div/span[1]/input|//div/div[1]/app-justificatifs-motif-sejour/div/app-pieces-jointes/div/span[1]/input
' in '5' second(s)

2023-11-24 14:48:37 - [MESSAGE][PASSED] - File 'C:/Users/ISSAM.RHARBAOUI/git/22_11/ANEF-AutomatizationProject/Data Files/JustificatifsInvestissement.pdf' sent to object: 'Object Repository/Page_Justificatifs_Usager/Btn_ChoisirFichier_JustificatifsInvestissement'

2023-11-24 14:48:37 - [TEST_STEP][PASSED] - delay(5): Delayed 5 second(s)

2023-11-24 14:48:37 - [MESSAGE][INFO] - Delaying browser in 5 second(s)

2023-11-24 14:48:42 - [MESSAGE][PASSED] - Delayed 5 second(s)

2023-11-24 14:48:42 - [TEST_STEP][PASSED] - if (TypeTitreDeSejour == "CreateurDEntreprise"): null

2023-11-24 14:48:42 - [TEST_STEP][PASSED] - click(findTestObject("Object Repository/Page_DemarcheRenouvellement/btn_EnregistrerEtPoursuivre")): Object: 'Object Repository/Page_DemarcheRenouvellement/btn_EnregistrerEtPoursuivre' is clicked on

2023-11-24 14:48:42 - [MESSAGE][INFO] - Finding Test Object 'Object Repository/Page_DemarcheRenouvellement/btn_EnregistrerEtPoursuivre'

2023-11-24 14:48:42 - [MESSAGE][INFO] - Checking timeout

2023-11-24 14:48:42 - [MESSAGE][INFO] - Finding web element with id: 'Object Repository/Page_DemarcheRenouvellement/btn_EnregistrerEtPoursuivre' located by 'By.xpath: //span[text()='Enregistrer et poursuivre >']' in '20' second(s)

2023-11-24 14:48:42 - [MESSAGE][INFO] - Smart Wait Function is triggered

2023-11-24 14:48:42 - [MESSAGE][INFO] - Found 1 web elements with id: 'Object Repository/Page_DemarcheRenouvellement/btn_EnregistrerEtPoursuivre' located by 'By.xpath: //span[text()='Enregistrer et poursuivre >']' in '20' second(s)

2023-11-24 14:48:42 - [MESSAGE][INFO] - Checking object

2023-11-24 14:48:42 - [MESSAGE][INFO] - Checking timeout

2023-11-24 14:48:42 - [MESSAGE][INFO] - Finding web element from Test Object's properties

2023-11-24 14:48:42 - [MESSAGE][INFO] - Checking timeout

2023-11-24 14:48:42 - [MESSAGE][INFO] - Finding web element with id: 'Object Repository/Page_DemarcheRenouvellement/btn_EnregistrerEtPoursuivre' located by 'By.xpath: //span[text()='Enregistrer et poursuivre >']' in '5' second(s)

2023-11-24 14:48:42 - [MESSAGE][INFO] - Smart Wait Function is triggered

2023-11-24 14:48:42 - [MESSAGE][INFO] - Found 1 web elements with id: 'Object Repository/Page_DemarcheRenouvellement/btn_EnregistrerEtPoursuivre' located by 'By.xpath: //span[text()='Enregistrer et poursuivre >']' in '5' second(s)

2023-11-24 14:48:42 - [MESSAGE][INFO] - Clicking on object: 'Object Repository/Page_DemarcheRenouvellement/btn_EnregistrerEtPoursuivre'

2023-11-24 14:48:45 - [MESSAGE][PASSED] - Object: 'Object Repository/Page_DemarcheRenouvellement/btn_EnregistrerEtPoursuivre' is clicked on

2023-11-24 14:48:45 - [TEST_STEP][PASSED] - if (TypeTitreDeSejour == "CreateurDEntreprise" || TypeTitreDeSejour == "FrenchTechVisaForFounders"): null

2023-11-24 14:48:45 - [TEST_STEP][PASSED] - if (TypeTitreDeSejour == "MandataireSocial"): null

2023-11-24 14:48:45 - [TEST_STEP][PASSED] - if (TypeTitreDeSejour == "ArtisteNonSalarie" || TypeTitreDeSejour == "ArtisteSalarie"): null

2023-11-24 14:48:45 - [TEST_STEP][PASSED] - if (TypeTitreDeSejour == "MembreDeFamillePasseportTalent_Conjoint"): null

2023-11-24 14:48:45 - [MESSAGE][PASSED] - Call Test Case 'Test Cases/Test Reutilisable/DemandeOuRenouvelle_TitreSejour/FormulaireJustificatifs' successfully

2023-11-24 14:48:45 - [TEST_STEP][PASSED] - callTestCase(findTestCase("Test Reutilisable/DemandeOuRenouvelle_TitreSejour/FormulaireRecapitulatif"), ["Titre":Titre, "TypeTitreDeSejour":TypeTitreDeSejour], STOP_ON_FAILURE): Call Test Case 'Test Cases/Test Reutilisable/DemandeOuRenouvelle_TitreSejour/FormulaireRecapitulatif' successfully

2023-11-24 14:48:45 - [MESSAGE][INFO] - Checking called Test Case

2023-11-24 14:48:45 - [MESSAGE][INFO] - Starting to call Test Case 'Test Cases/Test Reutilisable/DemandeOuRenouvelle_TitreSejour/FormulaireRecapitulatif'

2023-11-24 14:48:45 - [TEST_CASE][PASSED] - Test Cases/Test Reutilisable/DemandeOuRenouvelle_TitreSejour/FormulaireRecapitulatif: Test Cases/Test Reutilisable/DemandeOuRenouvelle_TitreSejour/FormulaireRecapitulatif

2023-11-24 14:48:46 - [TEST_STEP][PASSED] - com.kazurayam.ksbackyard.HighlightElement.pandemic(): com.kazurayam.ksbackyard.HighlightElement.pandemic is PASSED

2023-11-24 14:48:46 - [MESSAGE][PASSED] - com.kazurayam.ksbackyard.HighlightElement.pandemic is PASSED

2023-11-24 14:48:46 - [TEST_STEP][PASSED] - delay(5): Delayed 5 second(s)

2023-11-24 14:48:46 - [MESSAGE][INFO] - Delaying browser in 5 second(s)

2023-11-24 14:48:51 - [MESSAGE][PASSED] - Delayed 5 second(s)

2023-11-24 14:48:51 - [TEST_STEP][PASSED] - if (TypeTitreDeSejour == "RenouvellementDeTitreSejour" || TypeTitreDeSejour == "Visiteur" && Titre == "Visiteur" || Titre == "Etudiant"): null

2023-11-24 14:48:51 - [TEST_STEP][PASSED] - else: Delayed 30 second(s)

2023-11-24 14:48:51 - [TEST_STEP][PASSED] - click(findTestObject("Object Repository/Page_Recapitulatif_Usager/Btn_ValiderEtVerifierLaSuiteDeMaSaisie_1sur4")): Object: 'Object Repository/Page_Recapitulatif_Usager/Btn_ValiderEtVerifierLaSuiteDeMaSaisie_1sur4' is clicked on

2023-11-24 14:48:51 - [MESSAGE][INFO] - Finding Test Object 'Object Repository/Page_Recapitulatif_Usager/Btn_ValiderEtVerifierLaSuiteDeMaSaisie_1sur4'

2023-11-24 14:48:51 - [MESSAGE][INFO] - Checking timeout

2023-11-24 14:48:51 - [MESSAGE][INFO] - Finding web element with id: 'Object Repository/Page_Recapitulatif_Usager/Btn_ValiderEtVerifierLaSuiteDeMaSaisie_1sur4' located by 'By.xpath: //div[2]/div/p-accordion/div/p-accordiontab[1]/div[2]/div/app-actions-bar/div/div[2]/button/span' in '20' second(s)

2023-11-24 14:48:51 - [MESSAGE][INFO] - Smart Wait Function is triggered

2023-11-24 14:48:51 - [MESSAGE][INFO] - Found 1 web elements with id: 'Object Repository/Page_Recapitulatif_Usager/Btn_ValiderEtVerifierLaSuiteDeMaSaisie_1sur4' located by 'By.xpath: //div[2]/div/p-accordion/div/p-accordiontab[1]/div[2]/div/app-actions-bar/div/div[2]/button/span' in '20' second(s)

2023-11-24 14:48:51 - [MESSAGE][INFO] - Checking object

2023-11-24 14:48:51 - [MESSAGE][INFO] - Checking timeout

2023-11-24 14:48:51 - [MESSAGE][INFO] - Finding web element from Test Object's properties

2023-11-24 14:48:51 - [MESSAGE][INFO] - Checking timeout

2023-11-24 14:48:51 - [MESSAGE][INFO] - Finding web element with id: 'Object Repository/Page_Recapitulatif_Usager/Btn_ValiderEtVerifierLaSuiteDeMaSaisie_1sur4' located by 'By.xpath: //div[2]/div/p-accordion/div/p-accordiontab[1]/div[2]/div/app-actions-bar/div/div[2]/button/span' in '5' second(s)

2023-11-24 14:48:51 - [MESSAGE][INFO] - Smart Wait Function is triggered

2023-11-24 14:48:51 - [MESSAGE][INFO] - Found 1 web elements with id: 'Object Repository/Page_Recapitulatif_Usager/Btn_ValiderEtVerifierLaSuiteDeMaSaisie_1sur4' located by 'By.xpath: //div[2]/div/p-accordion/div/p-accordiontab[1]/div[2]/div/app-actions-bar/div/div[2]/button/span' in '5' second(s)

2023-11-24 14:48:51 - [MESSAGE][INFO] - Clicking on object: 'Object Repository/Page_Recapitulatif_Usager/Btn_ValiderEtVerifierLaSuiteDeMaSaisie_1sur4'

2023-11-24 14:48:53 - [MESSAGE][PASSED] - Object: 'Object Repository/Page_Recapitulatif_Usager/Btn_ValiderEtVerifierLaSuiteDeMaSaisie_1sur4' is clicked on

2023-11-24 14:48:53 - [TEST_STEP][PASSED] - delay(2): Delayed 2 second(s)

2023-11-24 14:48:53 - [MESSAGE][INFO] - Delaying browser in 2 second(s)

2023-11-24 14:48:55 - [MESSAGE][PASSED] - Delayed 2 second(s)

2023-11-24 14:48:55 - [TEST_STEP][PASSED] - click(findTestObject("Object Repository/Page_Recapitulatif_Usager/Btn_ValiderEtVerifierLaSuiteDeMaSaisie_2sur4")): Object: 'Object Repository/Page_Recapitulatif_Usager/Btn_ValiderEtVerifierLaSuiteDeMaSaisie_2sur4' is clicked on

2023-11-24 14:48:55 - [MESSAGE][INFO] - Finding Test Object 'Object Repository/Page_Recapitulatif_Usager/Btn_ValiderEtVerifierLaSuiteDeMaSaisie_2sur4'

2023-11-24 14:48:55 - [MESSAGE][INFO] - Checking timeout

2023-11-24 14:48:55 - [MESSAGE][INFO] - Finding web element with id: 'Object Repository/Page_Recapitulatif_Usager/Btn_ValiderEtVerifierLaSuiteDeMaSaisie_2sur4' located by 'By.xpath: //div[2]/div/p-accordion/div/p-accordiontab[2]/div[2]/div/app-actions-bar/div/div[2]/button/span' in '20' second(s)

2023-11-24 14:48:55 - [MESSAGE][INFO] - Smart Wait Function is triggered

2023-11-24 14:48:55 - [MESSAGE][INFO] - Found 1 web elements with id: 'Object Repository/Page_Recapitulatif_Usager/Btn_ValiderEtVerifierLaSuiteDeMaSaisie_2sur4' located by 'By.xpath: //div[2]/div/p-accordion/div/p-accordiontab[2]/div[2]/div/app-actions-bar/div/div[2]/button/span' in '20' second(s)

2023-11-24 14:48:55 - [MESSAGE][INFO] - Checking object

2023-11-24 14:48:55 - [MESSAGE][INFO] - Checking timeout

2023-11-24 14:48:55 - [MESSAGE][INFO] - Finding web element from Test Object's properties

2023-11-24 14:48:55 - [MESSAGE][INFO] - Checking timeout

2023-11-24 14:48:55 - [MESSAGE][INFO] - Finding web element with id: 'Object Repository/Page_Recapitulatif_Usager/Btn_ValiderEtVerifierLaSuiteDeMaSaisie_2sur4' located by 'By.xpath: //div[2]/div/p-accordion/div/p-accordiontab[2]/div[2]/div/app-actions-bar/div/div[2]/button/span' in '5' second(s)

2023-11-24 14:48:55 - [MESSAGE][INFO] - Smart Wait Function is triggered

2023-11-24 14:48:55 - [MESSAGE][INFO] - Found 1 web elements with id: 'Object Repository/Page_Recapitulatif_Usager/Btn_ValiderEtVerifierLaSuiteDeMaSaisie_2sur4' located by 'By.xpath: //div[2]/div/p-accordion/div/p-accordiontab[2]/div[2]/div/app-actions-bar/div/div[2]/button/span' in '5' second(s)

2023-11-24 14:48:55 - [MESSAGE][INFO] - Clicking on object: 'Object Repository/Page_Recapitulatif_Usager/Btn_ValiderEtVerifierLaSuiteDeMaSaisie_2sur4'

2023-11-24 14:48:57 - [MESSAGE][PASSED] - Object: 'Object Repository/Page_Recapitulatif_Usager/Btn_ValiderEtVerifierLaSuiteDeMaSaisie_2sur4' is clicked on

2023-11-24 14:48:57 - [TEST_STEP][PASSED] - delay(2): Delayed 2 second(s)

2023-11-24 14:48:57 - [MESSAGE][INFO] - Delaying browser in 2 second(s)

2023-11-24 14:48:59 - [MESSAGE][PASSED] - Delayed 2 second(s)

2023-11-24 14:48:59 - [TEST_STEP][PASSED] - click(findTestObject("Object Repository/Page_Recapitulatif_Usager/Btn_ValiderEtVerifierLaSuiteDeMaSaisie_3sur4")): Object: 'Object Repository/Page_Recapitulatif_Usager/Btn_ValiderEtVerifierLaSuiteDeMaSaisie_3sur4' is clicked on

2023-11-24 14:48:59 - [MESSAGE][INFO] - Finding Test Object 'Object Repository/Page_Recapitulatif_Usager/Btn_ValiderEtVerifierLaSuiteDeMaSaisie_3sur4'

2023-11-24 14:48:59 - [MESSAGE][INFO] - Checking timeout

2023-11-24 14:48:59 - [MESSAGE][INFO] - Finding web element with id: 'Object Repository/Page_Recapitulatif_Usager/Btn_ValiderEtVerifierLaSuiteDeMaSaisie_3sur4' located by 'By.xpath: //div[2]/div/p-accordion/div/p-accordiontab[3]/div[2]/div/app-actions-bar/div/div[2]/button/span' in '20' second(s)

2023-11-24 14:48:59 - [MESSAGE][INFO] - Smart Wait Function is triggered

2023-11-24 14:48:59 - [MESSAGE][INFO] - Found 1 web elements with id: 'Object Repository/Page_Recapitulatif_Usager/Btn_ValiderEtVerifierLaSuiteDeMaSaisie_3sur4' located by 'By.xpath: //div[2]/div/p-accordion/div/p-accordiontab[3]/div[2]/div/app-actions-bar/div/div[2]/button/span' in '20' second(s)

2023-11-24 14:48:59 - [MESSAGE][INFO] - Checking object

2023-11-24 14:48:59 - [MESSAGE][INFO] - Checking timeout

2023-11-24 14:48:59 - [MESSAGE][INFO] - Finding web element from Test Object's properties

2023-11-24 14:48:59 - [MESSAGE][INFO] - Checking timeout

2023-11-24 14:48:59 - [MESSAGE][INFO] - Finding web element with id: 'Object Repository/Page_Recapitulatif_Usager/Btn_ValiderEtVerifierLaSuiteDeMaSaisie_3sur4' located by 'By.xpath: //div[2]/div/p-accordion/div/p-accordiontab[3]/div[2]/div/app-actions-bar/div/div[2]/button/span' in '5' second(s)

2023-11-24 14:48:59 - [MESSAGE][INFO] - Smart Wait Function is triggered

2023-11-24 14:48:59 - [MESSAGE][INFO] - Found 1 web elements with id: 'Object Repository/Page_Recapitulatif_Usager/Btn_ValiderEtVerifierLaSuiteDeMaSaisie_3sur4' located by 'By.xpath: //div[2]/div/p-accordion/div/p-accordiontab[3]/div[2]/div/app-actions-bar/div/div[2]/button/span' in '5' second(s)

2023-11-24 14:48:59 - [MESSAGE][INFO] - Clicking on object: 'Object Repository/Page_Recapitulatif_Usager/Btn_ValiderEtVerifierLaSuiteDeMaSaisie_3sur4'

2023-11-24 14:49:02 - [MESSAGE][PASSED] - Object: 'Object Repository/Page_Recapitulatif_Usager/Btn_ValiderEtVerifierLaSuiteDeMaSaisie_3sur4' is clicked on

2023-11-24 14:49:02 - [TEST_STEP][PASSED] - delay(2): Delayed 2 second(s)

2023-11-24 14:49:02 - [MESSAGE][INFO] - Delaying browser in 2 second(s)

2023-11-24 14:49:04 - [MESSAGE][PASSED] - Delayed 2 second(s)

2023-11-24 14:49:04 - [TEST_STEP][PASSED] - click(findTestObject("Object Repository/Page_Recapitulatif_Usager/Btn_ValiderEtTransmettreMaDemande")): Object: 'Object Repository/Page_Recapitulatif_Usager/Btn_ValiderEtTransmettreMaDemande' is clicked on

2023-11-24 14:49:04 - [MESSAGE][INFO] - Finding Test Object 'Object Repository/Page_Recapitulatif_Usager/Btn_ValiderEtTransmettreMaDemande'

2023-11-24 14:49:04 - [MESSAGE][INFO] - Checking timeout

2023-11-24 14:49:04 - [MESSAGE][INFO] - Finding web element with id: 'Object Repository/Page_Recapitulatif_Usager/Btn_ValiderEtTransmettreMaDemande' located by 'By.xpath: //app-demande/div/div[3]/app-actions-bar/div/div[2]/div/div[2]/button/span|//app-demande-ptsq/div/div[3]/app-actions-bar/div/div[2]/div/div[2]/button/span|//app-demande-visiteur/div/div[3]/app-actions-bar/div/div[2]/div/div[2]/button/span|/html/body/app-root/div/app-portal/main/app-theme-v2/div/app-demande-ptch/div/div[3]/app-actions-bar/div/div[2]/div/div[2]/button/span|//div/app-demande-ptinv/div/div[3]/app-actions-bar/div/div[2]/div/div[2]/button/span|//button/span[@class="ui-button-text ui-clickable" and contains(., 'Envoyer la demande')]
' in '20' second(s)

2023-11-24 14:49:04 - [MESSAGE][INFO] - Smart Wait Function is triggered

2023-11-24 14:49:04 - [MESSAGE][INFO] - Found 1 web elements with id: 'Object Repository/Page_Recapitulatif_Usager/Btn_ValiderEtTransmettreMaDemande' located by 'By.xpath: //app-demande/div/div[3]/app-actions-bar/div/div[2]/div/div[2]/button/span|//app-demande-ptsq/div/div[3]/app-actions-bar/div/div[2]/div/div[2]/button/span|//app-demande-visiteur/div/div[3]/app-actions-bar/div/div[2]/div/div[2]/button/span|/html/body/app-root/div/app-portal/main/app-theme-v2/div/app-demande-ptch/div/div[3]/app-actions-bar/div/div[2]/div/div[2]/button/span|//div/app-demande-ptinv/div/div[3]/app-actions-bar/div/div[2]/div/div[2]/button/span|//button/span[@class="ui-button-text ui-clickable" and contains(., 'Envoyer la demande')]
' in '20' second(s)

2023-11-24 14:49:04 - [MESSAGE][INFO] - Checking object

2023-11-24 14:49:04 - [MESSAGE][INFO] - Checking timeout

2023-11-24 14:49:04 - [MESSAGE][INFO] - Finding web element from Test Object's properties

2023-11-24 14:49:04 - [MESSAGE][INFO] - Checking timeout

2023-11-24 14:49:04 - [MESSAGE][INFO] - Finding web element with id: 'Object Repository/Page_Recapitulatif_Usager/Btn_ValiderEtTransmettreMaDemande' located by 'By.xpath: //app-demande/div/div[3]/app-actions-bar/div/div[2]/div/div[2]/button/span|//app-demande-ptsq/div/div[3]/app-actions-bar/div/div[2]/div/div[2]/button/span|//app-demande-visiteur/div/div[3]/app-actions-bar/div/div[2]/div/div[2]/button/span|/html/body/app-root/div/app-portal/main/app-theme-v2/div/app-demande-ptch/div/div[3]/app-actions-bar/div/div[2]/div/div[2]/button/span|//div/app-demande-ptinv/div/div[3]/app-actions-bar/div/div[2]/div/div[2]/button/span|//button/span[@class="ui-button-text ui-clickable" and contains(., 'Envoyer la demande')]
' in '5' second(s)

2023-11-24 14:49:04 - [MESSAGE][INFO] - Smart Wait Function is triggered

2023-11-24 14:49:04 - [MESSAGE][INFO] - Found 1 web elements with id: 'Object Repository/Page_Recapitulatif_Usager/Btn_ValiderEtTransmettreMaDemande' located by 'By.xpath: //app-demande/div/div[3]/app-actions-bar/div/div[2]/div/div[2]/button/span|//app-demande-ptsq/div/div[3]/app-actions-bar/div/div[2]/div/div[2]/button/span|//app-demande-visiteur/div/div[3]/app-actions-bar/div/div[2]/div/div[2]/button/span|/html/body/app-root/div/app-portal/main/app-theme-v2/div/app-demande-ptch/div/div[3]/app-actions-bar/div/div[2]/div/div[2]/button/span|//div/app-demande-ptinv/div/div[3]/app-actions-bar/div/div[2]/div/div[2]/button/span|//button/span[@class="ui-button-text ui-clickable" and contains(., 'Envoyer la demande')]
' in '5' second(s)

2023-11-24 14:49:04 - [MESSAGE][INFO] - Clicking on object: 'Object Repository/Page_Recapitulatif_Usager/Btn_ValiderEtTransmettreMaDemande'

2023-11-24 14:49:06 - [MESSAGE][PASSED] - Object: 'Object Repository/Page_Recapitulatif_Usager/Btn_ValiderEtTransmettreMaDemande' is clicked on

2023-11-24 14:49:06 - [TEST_STEP][PASSED] - delay(30): Delayed 30 second(s)

2023-11-24 14:49:06 - [MESSAGE][INFO] - Delaying browser in 30 second(s)

2023-11-24 14:49:36 - [MESSAGE][PASSED] - Delayed 30 second(s)

2023-11-24 14:49:36 - [MESSAGE][PASSED] - Call Test Case 'Test Cases/Test Reutilisable/DemandeOuRenouvelle_TitreSejour/FormulaireRecapitulatif' successfully

2023-11-24 14:49:36 - [TEST_STEP][PASSED] - callTestCase(findTestCase("Test Reutilisable/DemandeOuRenouvelle_TitreSejour/FormulaireConfirmation"), ["NumEtrangerVisa":NumEtrangerVisa, "TypeTitreDeSejour":TypeTitreDeSejour], STOP_ON_FAILURE): Call Test Case 'Test Cases/Test Reutilisable/DemandeOuRenouvelle_TitreSejour/FormulaireConfirmation' successfully

2023-11-24 14:49:36 - [MESSAGE][INFO] - Checking called Test Case

2023-11-24 14:49:36 - [MESSAGE][INFO] - Starting to call Test Case 'Test Cases/Test Reutilisable/DemandeOuRenouvelle_TitreSejour/FormulaireConfirmation'

2023-11-24 14:49:36 - [TEST_CASE][PASSED] - Test Cases/Test Reutilisable/DemandeOuRenouvelle_TitreSejour/FormulaireConfirmation: Test Cases/Test Reutilisable/DemandeOuRenouvelle_TitreSejour/FormulaireConfirmation

2023-11-24 14:49:41 - [TEST_STEP][PASSED] - com.kazurayam.ksbackyard.HighlightElement.pandemic(): com.kazurayam.ksbackyard.HighlightElement.pandemic is PASSED

2023-11-24 14:49:41 - [MESSAGE][PASSED] - com.kazurayam.ksbackyard.HighlightElement.pandemic is PASSED

2023-11-24 14:49:41 - [TEST_STEP][PASSED] - click(findTestObject("Object Repository/Page_Accueil_Agent/EspacePerso/link_EspacePerso")): Object: 'Object Repository/Page_Accueil_Agent/EspacePerso/link_EspacePerso' is clicked on

2023-11-24 14:49:41 - [MESSAGE][INFO] - Finding Test Object 'Object Repository/Page_Accueil_Agent/EspacePerso/link_EspacePerso'

2023-11-24 14:49:41 - [MESSAGE][INFO] - Checking timeout

2023-11-24 14:49:41 - [MESSAGE][INFO] - Finding web element with id: 'Object Repository/Page_Accueil_Agent/EspacePerso/link_EspacePerso' located by 'By.xpath: //*[@id="navBar-new"]/nav/div[3]/div/div/ul/li[3]/a/span[2]' in '20' second(s)

2023-11-24 14:49:41 - [MESSAGE][INFO] - Smart Wait Function is triggered

2023-11-24 14:49:41 - [MESSAGE][INFO] - Found 1 web elements with id: 'Object Repository/Page_Accueil_Agent/EspacePerso/link_EspacePerso' located by 'By.xpath: //*[@id="navBar-new"]/nav/div[3]/div/div/ul/li[3]/a/span[2]' in '20' second(s)

2023-11-24 14:49:41 - [MESSAGE][INFO] - Checking object

2023-11-24 14:49:41 - [MESSAGE][INFO] - Checking timeout

2023-11-24 14:49:41 - [MESSAGE][INFO] - Finding web element from Test Object's properties

2023-11-24 14:49:41 - [MESSAGE][INFO] - Checking timeout

2023-11-24 14:49:41 - [MESSAGE][INFO] - Finding web element with id: 'Object Repository/Page_Accueil_Agent/EspacePerso/link_EspacePerso' located by 'By.xpath: //*[@id="navBar-new"]/nav/div[3]/div/div/ul/li[3]/a/span[2]' in '5' second(s)

2023-11-24 14:49:41 - [MESSAGE][INFO] - Smart Wait Function is triggered

2023-11-24 14:49:41 - [MESSAGE][INFO] - Found 1 web elements with id: 'Object Repository/Page_Accueil_Agent/EspacePerso/link_EspacePerso' located by 'By.xpath: //*[@id="navBar-new"]/nav/div[3]/div/div/ul/li[3]/a/span[2]' in '5' second(s)

2023-11-24 14:49:41 - [MESSAGE][INFO] - Clicking on object: 'Object Repository/Page_Accueil_Agent/EspacePerso/link_EspacePerso'

2023-11-24 14:49:43 - [MESSAGE][PASSED] - Object: 'Object Repository/Page_Accueil_Agent/EspacePerso/link_EspacePerso' is clicked on

2023-11-24 14:49:43 - [TEST_STEP][PASSED] - click(findTestObject("Object Repository/Page_Accueil_Agent/EspacePerso/link_MonCompte")): Object: 'Object Repository/Page_Accueil_Agent/EspacePerso/link_MonCompte' is clicked on

2023-11-24 14:49:43 - [MESSAGE][INFO] - Finding Test Object 'Object Repository/Page_Accueil_Agent/EspacePerso/link_MonCompte'

2023-11-24 14:49:44 - [MESSAGE][INFO] - Checking timeout

2023-11-24 14:49:44 - [MESSAGE][INFO] - Finding web element with id: 'Object Repository/Page_Accueil_Agent/EspacePerso/link_MonCompte' located by 'By.xpath: //*[@id="logoutSubMenu"]/li[1]/a' in '20' second(s)

2023-11-24 14:49:44 - [MESSAGE][INFO] - Smart Wait Function is triggered

2023-11-24 14:49:44 - [MESSAGE][INFO] - Found 1 web elements with id: 'Object Repository/Page_Accueil_Agent/EspacePerso/link_MonCompte' located by 'By.xpath: //*[@id="logoutSubMenu"]/li[1]/a' in '20' second(s)

2023-11-24 14:49:44 - [MESSAGE][INFO] - Checking object

2023-11-24 14:49:44 - [MESSAGE][INFO] - Checking timeout

2023-11-24 14:49:44 - [MESSAGE][INFO] - Finding web element from Test Object's properties

2023-11-24 14:49:44 - [MESSAGE][INFO] - Checking timeout

2023-11-24 14:49:44 - [MESSAGE][INFO] - Finding web element with id: 'Object Repository/Page_Accueil_Agent/EspacePerso/link_MonCompte' located by 'By.xpath: //*[@id="logoutSubMenu"]/li[1]/a' in '5' second(s)

2023-11-24 14:49:44 - [MESSAGE][INFO] - Smart Wait Function is triggered

2023-11-24 14:49:44 - [MESSAGE][INFO] - Found 1 web elements with id: 'Object Repository/Page_Accueil_Agent/EspacePerso/link_MonCompte' located by 'By.xpath: //*[@id="logoutSubMenu"]/li[1]/a' in '5' second(s)

2023-11-24 14:49:44 - [MESSAGE][INFO] - Clicking on object: 'Object Repository/Page_Accueil_Agent/EspacePerso/link_MonCompte'

2023-11-24 14:49:46 - [MESSAGE][PASSED] - Object: 'Object Repository/Page_Accueil_Agent/EspacePerso/link_MonCompte' is clicked on

2023-11-24 14:49:46 - [TEST_STEP][PASSED] - SuividemandeNumEtranger = getText(findTestObject("Object Repository/Page_Accueil_Agent/EspacePerso/td_SuiviDemandeNumEtranger")): Text of object 'Object Repository/Page_Accueil_Agent/EspacePerso/td_SuiviDemandeNumEtranger' is: '7703040879'

2023-11-24 14:49:46 - [MESSAGE][INFO] - Finding Test Object 'Object Repository/Page_Accueil_Agent/EspacePerso/td_SuiviDemandeNumEtranger'

2023-11-24 14:49:46 - [MESSAGE][INFO] - Checking object

2023-11-24 14:49:46 - [MESSAGE][INFO] - Finding web element from Test Object's properties

2023-11-24 14:49:46 - [MESSAGE][INFO] - Checking timeout

2023-11-24 14:49:46 - [MESSAGE][INFO] - Finding web element with id: 'Object Repository/Page_Accueil_Agent/EspacePerso/td_SuiviDemandeNumEtranger' located by 'By.xpath: //*/app-ma-demande-sejour/div[1]/table/tbody/tr[1]/td[3]' in '5' second(s)

2023-11-24 14:49:46 - [MESSAGE][INFO] - Smart Wait Function is triggered

2023-11-24 14:49:46 - [MESSAGE][INFO] - Smart Wait Function is triggered

2023-11-24 14:49:46 - [MESSAGE][INFO] - Smart Wait Function is triggered

2023-11-24 14:49:46 - [MESSAGE][INFO] - Smart Wait Function is triggered

2023-11-24 14:49:46 - [MESSAGE][INFO] - Smart Wait Function is triggered

2023-11-24 14:49:46 - [MESSAGE][INFO] - Smart Wait Function is triggered

2023-11-24 14:49:46 - [MESSAGE][INFO] - Smart Wait Function is triggered

2023-11-24 14:49:46 - [MESSAGE][INFO] - Smart Wait Function is triggered

2023-11-24 14:49:46 - [MESSAGE][INFO] - Smart Wait Function is triggered

2023-11-24 14:49:46 - [MESSAGE][INFO] - Smart Wait Function is triggered

2023-11-24 14:49:46 - [MESSAGE][INFO] - Smart Wait Function is triggered

2023-11-24 14:49:46 - [MESSAGE][INFO] - Smart Wait Function is triggered

2023-11-24 14:49:46 - [MESSAGE][INFO] - Smart Wait Function is triggered

2023-11-24 14:49:46 - [MESSAGE][INFO] - Smart Wait Function is triggered

2023-11-24 14:49:46 - [MESSAGE][INFO] - Smart Wait Function is triggered

2023-11-24 14:49:46 - [MESSAGE][INFO] - Smart Wait Function is triggered

2023-11-24 14:49:46 - [MESSAGE][INFO] - Smart Wait Function is triggered

2023-11-24 14:49:46 - [MESSAGE][INFO] - Smart Wait Function is triggered

2023-11-24 14:49:46 - [MESSAGE][INFO] - Smart Wait Function is triggered

2023-11-24 14:49:46 - [MESSAGE][INFO] - Smart Wait Function is triggered

2023-11-24 14:49:46 - [MESSAGE][INFO] - Smart Wait Function is triggered

2023-11-24 14:49:46 - [MESSAGE][INFO] - Smart Wait Function is triggered

2023-11-24 14:49:46 - [MESSAGE][INFO] - Smart Wait Function is triggered

2023-11-24 14:49:46 - [MESSAGE][INFO] - Smart Wait Function is triggered

2023-11-24 14:49:46 - [MESSAGE][INFO] - Smart Wait Function is triggered

2023-11-24 14:49:46 - [MESSAGE][INFO] - Smart Wait Function is triggered

2023-11-24 14:49:46 - [MESSAGE][INFO] - Smart Wait Function is triggered

2023-11-24 14:49:46 - [MESSAGE][INFO] - Smart Wait Function is triggered

2023-11-24 14:49:46 - [MESSAGE][INFO] - Smart Wait Function is triggered

2023-11-24 14:49:46 - [MESSAGE][INFO] - Smart Wait Function is triggered

2023-11-24 14:49:46 - [MESSAGE][INFO] - Smart Wait Function is triggered

2023-11-24 14:49:46 - [MESSAGE][INFO] - Smart Wait Function is triggered

2023-11-24 14:49:46 - [MESSAGE][INFO] - Smart Wait Function is triggered

2023-11-24 14:49:46 - [MESSAGE][INFO] - Smart Wait Function is triggered

2023-11-24 14:49:47 - [MESSAGE][INFO] - Smart Wait Function is triggered

2023-11-24 14:49:47 - [MESSAGE][INFO] - Smart Wait Function is triggered

2023-11-24 14:49:47 - [MESSAGE][INFO] - Smart Wait Function is triggered

2023-11-24 14:49:47 - [MESSAGE][INFO] - Smart Wait Function is triggered

2023-11-24 14:49:47 - [MESSAGE][INFO] - Smart Wait Function is triggered

2023-11-24 14:49:47 - [MESSAGE][INFO] - Smart Wait Function is triggered

2023-11-24 14:49:47 - [MESSAGE][INFO] - Smart Wait Function is triggered

2023-11-24 14:49:47 - [MESSAGE][INFO] - Smart Wait Function is triggered

2023-11-24 14:49:47 - [MESSAGE][INFO] - Smart Wait Function is triggered

2023-11-24 14:49:47 - [MESSAGE][INFO] - Smart Wait Function is triggered

2023-11-24 14:49:47 - [MESSAGE][INFO] - Smart Wait Function is triggered

2023-11-24 14:49:47 - [MESSAGE][INFO] - Smart Wait Function is triggered

2023-11-24 14:49:47 - [MESSAGE][INFO] - Found 1 web elements with id: 'Object Repository/Page_Accueil_Agent/EspacePerso/td_SuiviDemandeNumEtranger' located by 'By.xpath: //*/app-ma-demande-sejour/div[1]/table/tbody/tr[1]/td[3]' in '5' second(s)

2023-11-24 14:49:47 - [MESSAGE][INFO] - Getting text of object 'Object Repository/Page_Accueil_Agent/EspacePerso/td_SuiviDemandeNumEtranger'

2023-11-24 14:49:47 - [MESSAGE][PASSED] - Text of object 'Object Repository/Page_Accueil_Agent/EspacePerso/td_SuiviDemandeNumEtranger' is: '7703040879'

2023-11-24 14:49:47 - [TEST_STEP][PASSED] - SuiviTypeDeSejour = getText(findTestObject("Object Repository/Page_Accueil_Agent/EspacePerso/td_TypeDeSejour")): Text of object 'Object Repository/Page_Accueil_Agent/EspacePerso/td_TypeDeSejour' is: 'Demande de titre passeport talent'

2023-11-24 14:49:47 - [MESSAGE][INFO] - Finding Test Object 'Object Repository/Page_Accueil_Agent/EspacePerso/td_TypeDeSejour'

2023-11-24 14:49:47 - [MESSAGE][INFO] - Checking object

2023-11-24 14:49:47 - [MESSAGE][INFO] - Finding web element from Test Object's properties

2023-11-24 14:49:47 - [MESSAGE][INFO] - Checking timeout

2023-11-24 14:49:47 - [MESSAGE][INFO] - Finding web element with id: 'Object Repository/Page_Accueil_Agent/EspacePerso/td_TypeDeSejour' located by 'By.xpath: //*/app-ma-demande-sejour/div[1]/table/tbody/tr[1]/td[2]' in '5' second(s)

2023-11-24 14:49:47 - [MESSAGE][INFO] - Smart Wait Function is triggered

2023-11-24 14:49:47 - [MESSAGE][INFO] - Found 1 web elements with id: 'Object Repository/Page_Accueil_Agent/EspacePerso/td_TypeDeSejour' located by 'By.xpath: //*/app-ma-demande-sejour/div[1]/table/tbody/tr[1]/td[2]' in '5' second(s)

2023-11-24 14:49:47 - [MESSAGE][INFO] - Getting text of object 'Object Repository/Page_Accueil_Agent/EspacePerso/td_TypeDeSejour'

2023-11-24 14:49:47 - [MESSAGE][PASSED] - Text of object 'Object Repository/Page_Accueil_Agent/EspacePerso/td_TypeDeSejour' is: 'Demande de titre passeport talent'

2023-11-24 14:49:47 - [TEST_STEP][PASSED] - if (SuividemandeNumEtranger == NumEtrangerVisa): Le Type Titre De Sejour est :Demande de titre passeport talent=FrenchTechVisaForInvestors

2023-11-24 14:49:47 - [TEST_STEP][PASSED] - markPassed("Le NumÃ©ro Etrangr est :" + NumEtrangerVisa + "=" + SuividemandeNumEtranger): Le NumÃ©ro Etrangr est :7703040879=7703040879

2023-11-24 14:49:47 - [MESSAGE][PASSED] - Le NumÃ©ro Etrangr est :7703040879=7703040879

2023-11-24 14:49:47 - [TEST_STEP][PASSED] - markPassed("Le Type Titre De Sejour est :" + SuiviTypeDeSejour + "=" + TypeTitreDeSejour): Le Type Titre De Sejour est :Demande de titre passeport talent=FrenchTechVisaForInvestors

2023-11-24 14:49:47 - [MESSAGE][PASSED] - Le Type Titre De Sejour est :Demande de titre passeport talent=FrenchTechVisaForInvestors

2023-11-24 14:49:47 - [TEST_STEP][PASSED] - delay(5): Delayed 5 second(s)

2023-11-24 14:49:47 - [MESSAGE][INFO] - Delaying browser in 5 second(s)

2023-11-24 14:49:52 - [MESSAGE][PASSED] - Delayed 5 second(s)

2023-11-24 14:49:52 - [MESSAGE][PASSED] - Call Test Case 'Test Cases/Test Reutilisable/DemandeOuRenouvelle_TitreSejour/FormulaireConfirmation' successfully

2023-11-24 14:49:55 - [TEST_STEP][PASSED] - Video: Video recording for test case 'Test Cases/Cas D Utilisations/Usager Etudiant/TNR R.TSPT Supp90-Etudiant' .

2023-11-24 14:49:55 - [MESSAGE][INFO] - Video recording for test case 'Test Cases/Cas D Utilisations/Usager Etudiant/TNR R.TSPT Supp90-Etudiant' .]]></system-out>
         <system-err><![CDATA[]]></system-err>
      </testcase>
      <system-out><![CDATA[2023-11-24 14:44:43 - [TEST_SUITE][PASSED] - TS_TNR_R.TSPT_Suppo90: Test Cases/Cas D Utilisations/Usager Etudiant/TNR R.TSPT Supp90-Etudiant]]></system-out>
      <system-err><![CDATA[]]></system-err>
   </testsuite>
</testsuites>
