<?xml version="1.0" encoding="UTF-8"?>
<testsuites name="TS_TNR_R.TSPT_Suppo90" time="210.597" tests="1" failures="1" errors="0">
   <testsuite name="TS_TNR_R.TSPT_Suppo90" tests="1" failures="1" errors="0" time="210.597" skipped="0" timestamp="2023-11-24 14:12:32" hostname="issam.rharbaoui - FR-L5448059.groupinfra.com" id="Test Suites/TS_TNR_R.TSPT_Suppo90">
      <properties>
         <property name="deviceName" value=""/>
         <property name="devicePlatform" value=""/>
         <property name="logFolder" value="C:\\Users\\ISSAM.RHARBAOUI\\git\\22_11\\ANEF-AutomatizationProject\\Reports\\20231124_141228\\TS_TNR_R.TSPT_Suppo90\\20231124_141228"/>
         <property name="logFiles" value="C:\\Users\\ISSAM.RHARBAOUI\\git\\22_11\\ANEF-AutomatizationProject\\Reports\\20231124_141228\\TS_TNR_R.TSPT_Suppo90\\20231124_141228\\execution0.log"/>
         <property name="attachments" value="C:\\Users\\ISSAM.RHARBAOUI\\git\\22_11\\ANEF-AutomatizationProject\\Reports\\20231124_141228\\TS_TNR_R.TSPT_Suppo90\\20231124_141228\\1700831716813.png, C:\\Users\\ISSAM.RHARBAOUI\\git\\22_11\\ANEF-AutomatizationProject\\Reports\\20231124_141228\\TS_TNR_R.TSPT_Suppo90\\20231124_141228\\1700831721480.png, C:\\Users\\ISSAM.RHARBAOUI\\git\\22_11\\ANEF-AutomatizationProject\\Reports\\20231124_141228\\TS_TNR_R.TSPT_Suppo90\\20231124_141228\\1700831725804.png, C:\\Users\\ISSAM.RHARBAOUI\\git\\22_11\\ANEF-AutomatizationProject\\Reports\\20231124_141228\\TS_TNR_R.TSPT_Suppo90\\20231124_141228\\1700831730226.png, C:\\Users\\ISSAM.RHARBAOUI\\git\\22_11\\ANEF-AutomatizationProject\\Reports\\20231124_141228\\TS_TNR_R.TSPT_Suppo90\\20231124_141228\\1700831759626.png"/>
         <property name="hostName" value="issam.rharbaoui - FR-L5448059.groupinfra.com"/>
         <property name="os" value="Windows 10 64bit"/>
         <property name="katalonVersion" value="8.6.5.208"/>
         <property name="browser" value="Chrome 119.0.0.0"/>
         <property name="hostAddress" value="192.168.1.134"/>
         <property name="sessionId" value="a208c126b119c583f9de24f0f1bb8c57"/>
         <property name="seleniumVersion" value="3.141.59"/>
         <property name="proxyInformation" value="ProxyInformation { proxyOption=NO_PROXY, proxyServerType=HTTP, username=, password=********, proxyServerAddress=, proxyServerPort=0, executionList=&quot;&quot;, isApplyToDesiredCapabilities=true }"/>
         <property name="platform" value="Windows 10"/>
      </properties>
      <testcase name="Test Cases/Cas D Utilisations/Usager Etudiant/TNR R.TSPT Supp90-Etudiant" time="209.652" classname="Test Cases/Cas D Utilisations/Usager Etudiant/TNR R.TSPT Supp90-Etudiant" status="FAILED">
         <failure type="FAILED" message="Test Cases/Cas D Utilisations/Usager Etudiant/TNR R.TSPT Supp90-Etudiant FAILED.
Reason:
com.kms.katalon.core.exception.StepFailedException: Call Test Case 'Test Cases/Test Reutilisable/DemandeOuRenouvelle_TitreSejour/FormulaireInformationsPersonnelles' failed
	at com.kms.katalon.core.keyword.builtin.CallTestCaseKeyword$_callTestCase_closure1.doCall(CallTestCaseKeyword.groovy:63)
	at com.kms.katalon.core.keyword.builtin.CallTestCaseKeyword$_callTestCase_closure1.call(CallTestCaseKeyword.groovy)
	at com.kms.katalon.core.keyword.internal.KeywordMain.runKeyword(KeywordMain.groovy:75)
	at com.kms.katalon.core.keyword.builtin.CallTestCaseKeyword.callTestCase(CallTestCaseKeyword.groovy:81)
	at com.kms.katalon.core.keyword.builtin.CallTestCaseKeyword.execute(CallTestCaseKeyword.groovy:44)
	at com.kms.katalon.core.keyword.internal.KeywordExecutor.executeKeywordForPlatform(KeywordExecutor.groovy:74)
	at com.kms.katalon.core.keyword.BuiltinKeywords.callTestCase(BuiltinKeywords.groovy:310)
	at com.kazurayam.ksbackyard.HighlightElement$_pandemic_closure1.doCall(HighlightElement.groovy:105)
	at TNR R.TSPT Supp90-Etudiant.run(TNR R.TSPT Supp90-Etudiant:47)
	at com.kms.katalon.core.main.ScriptEngine.run(ScriptEngine.java:194)
	at com.kms.katalon.core.main.ScriptEngine.runScriptAsRawText(ScriptEngine.java:119)
	at com.kms.katalon.core.main.TestCaseExecutor.runScript(TestCaseExecutor.java:448)
	at com.kms.katalon.core.main.TestCaseExecutor.doExecute(TestCaseExecutor.java:439)
	at com.kms.katalon.core.main.TestCaseExecutor.processExecutionPhase(TestCaseExecutor.java:418)
	at com.kms.katalon.core.main.TestCaseExecutor.accessMainPhase(TestCaseExecutor.java:410)
	at com.kms.katalon.core.main.TestCaseExecutor.execute(TestCaseExecutor.java:285)
	at com.kms.katalon.core.common.CommonExecutor.accessTestCaseMainPhase(CommonExecutor.java:65)
	at com.kms.katalon.core.main.TestSuiteExecutor.accessTestSuiteMainPhase(TestSuiteExecutor.java:148)
	at com.kms.katalon.core.main.TestSuiteExecutor.execute(TestSuiteExecutor.java:106)
	at com.kms.katalon.core.main.TestCaseMain.startTestSuite(TestCaseMain.java:187)
	at com.kms.katalon.core.main.TestCaseMain$startTestSuite$0.call(Unknown Source)
	at TempTestSuite1700831548882.run(TempTestSuite1700831548882.groovy:36)
Caused by: com.kms.katalon.core.exception.StepFailedException: Unable to set text '3 rue des 3 moulins 77000 melun' of object 'Object Repository/Page_InformationPersonnelles_Usager/Input_AdresseUsager'
	at com.kms.katalon.core.webui.keyword.internal.WebUIKeywordMain.stepFailed(WebUIKeywordMain.groovy:64)
	at com.kms.katalon.core.webui.keyword.internal.WebUIKeywordMain.runKeyword(WebUIKeywordMain.groovy:26)
	at com.kms.katalon.core.webui.keyword.builtin.SetTextKeyword.setText(SetTextKeyword.groovy:66)
	at com.kms.katalon.core.webui.keyword.builtin.SetTextKeyword.execute(SetTextKeyword.groovy:37)
	at com.kms.katalon.core.keyword.internal.KeywordExecutor.executeKeywordForPlatform(KeywordExecutor.groovy:74)
	at com.kms.katalon.core.webui.keyword.WebUiBuiltInKeywords.setText(WebUiBuiltInKeywords.groovy:980)
	at com.kazurayam.ksbackyard.HighlightElement$_pandemic_closure1.doCall(HighlightElement.groovy:105)
	at FormulaireInformationsPersonnelles.run(FormulaireInformationsPersonnelles:41)
	at com.kms.katalon.core.main.ScriptEngine.run(ScriptEngine.java:194)
	at com.kms.katalon.core.main.ScriptEngine.runScriptAsRawText(ScriptEngine.java:119)
	at com.kms.katalon.core.main.TestCaseExecutor.runScript(TestCaseExecutor.java:448)
	at com.kms.katalon.core.main.TestCaseExecutor.doExecute(TestCaseExecutor.java:439)
	at com.kms.katalon.core.main.TestCaseExecutor.processExecutionPhase(TestCaseExecutor.java:418)
	at com.kms.katalon.core.main.TestCaseExecutor.accessMainPhase(TestCaseExecutor.java:410)
	at com.kms.katalon.core.main.TestCaseExecutor.execute(TestCaseExecutor.java:285)
	at com.kms.katalon.core.main.TestCaseMain.runTestCase(TestCaseMain.java:144)
	at com.kms.katalon.core.keyword.builtin.CallTestCaseKeyword$_callTestCase_closure1.doCall(CallTestCaseKeyword.groovy:59)
	... 21 more
Caused by: com.kms.katalon.core.webui.exception.WebElementNotFoundException: Web element with id: 'Object Repository/Page_InformationPersonnelles_Usager/Input_AdresseUsager' located by '//app-informations-personnelles//app-adresse-etalab//app-vls-ts-etalab//div/input|//app-informations-personnelles-shared//app-adresse-etalab//app-vls-ts-etalab//div/input' not found
	at com.kms.katalon.core.webui.common.WebUiCommonHelper.findWebElement(WebUiCommonHelper.java:1381)
	at com.kms.katalon.core.webui.keyword.internal.WebUIAbstractKeyword.findWebElement(WebUIAbstractKeyword.groovy:27)
	at com.kms.katalon.core.webui.keyword.internal.WebUIAbstractKeyword.findWebElement(WebUIAbstractKeyword.groovy:26)
	at com.kms.katalon.core.webui.keyword.builtin.SetTextKeyword$_setText_closure1.doCall(SetTextKeyword.groovy:51)
	at com.kms.katalon.core.webui.keyword.builtin.SetTextKeyword$_setText_closure1.call(SetTextKeyword.groovy)
	at com.kms.katalon.core.webui.keyword.internal.WebUIKeywordMain.runKeyword(WebUIKeywordMain.groovy:20)
	... 36 more
"/>
         <system-out><![CDATA[2023-11-24 14:12:33 - [TEST_CASE][FAILED] - Test Cases/Cas D Utilisations/Usager Etudiant/TNR R.TSPT Supp90-Etudiant: Test Cases/Cas D Utilisations/Usager Etudiant/TNR R.TSPT Supp90-Etudiant FAILED.
Reason:
com.kms.katalon.core.exception.StepFailedException: Call Test Case 'Test Cases/Test Reutilisable/DemandeOuRenouvelle_TitreSejour/FormulaireInformationsPersonnelles' failed
	at com.kms.katalon.core.keyword.builtin.CallTestCaseKeyword$_callTestCase_closure1.doCall(CallTestCaseKeyword.groovy:63)
	at com.kms.katalon.core.keyword.builtin.CallTestCaseKeyword$_callTestCase_closure1.call(CallTestCaseKeyword.groovy)
	at com.kms.katalon.core.keyword.internal.KeywordMain.runKeyword(KeywordMain.groovy:75)
	at com.kms.katalon.core.keyword.builtin.CallTestCaseKeyword.callTestCase(CallTestCaseKeyword.groovy:81)
	at com.kms.katalon.core.keyword.builtin.CallTestCaseKeyword.execute(CallTestCaseKeyword.groovy:44)
	at com.kms.katalon.core.keyword.internal.KeywordExecutor.executeKeywordForPlatform(KeywordExecutor.groovy:74)
	at com.kms.katalon.core.keyword.BuiltinKeywords.callTestCase(BuiltinKeywords.groovy:310)
	at com.kazurayam.ksbackyard.HighlightElement$_pandemic_closure1.doCall(HighlightElement.groovy:105)
	at TNR R.TSPT Supp90-Etudiant.run(TNR R.TSPT Supp90-Etudiant:47)
	at com.kms.katalon.core.main.ScriptEngine.run(ScriptEngine.java:194)
	at com.kms.katalon.core.main.ScriptEngine.runScriptAsRawText(ScriptEngine.java:119)
	at com.kms.katalon.core.main.TestCaseExecutor.runScript(TestCaseExecutor.java:448)
	at com.kms.katalon.core.main.TestCaseExecutor.doExecute(TestCaseExecutor.java:439)
	at com.kms.katalon.core.main.TestCaseExecutor.processExecutionPhase(TestCaseExecutor.java:418)
	at com.kms.katalon.core.main.TestCaseExecutor.accessMainPhase(TestCaseExecutor.java:410)
	at com.kms.katalon.core.main.TestCaseExecutor.execute(TestCaseExecutor.java:285)
	at com.kms.katalon.core.common.CommonExecutor.accessTestCaseMainPhase(CommonExecutor.java:65)
	at com.kms.katalon.core.main.TestSuiteExecutor.accessTestSuiteMainPhase(TestSuiteExecutor.java:148)
	at com.kms.katalon.core.main.TestSuiteExecutor.execute(TestSuiteExecutor.java:106)
	at com.kms.katalon.core.main.TestCaseMain.startTestSuite(TestCaseMain.java:187)
	at com.kms.katalon.core.main.TestCaseMain$startTestSuite$0.call(Unknown Source)
	at TempTestSuite1700831548882.run(TempTestSuite1700831548882.groovy:36)
Caused by: com.kms.katalon.core.exception.StepFailedException: Unable to set text '3 rue des 3 moulins 77000 melun' of object 'Object Repository/Page_InformationPersonnelles_Usager/Input_AdresseUsager'
	at com.kms.katalon.core.webui.keyword.internal.WebUIKeywordMain.stepFailed(WebUIKeywordMain.groovy:64)
	at com.kms.katalon.core.webui.keyword.internal.WebUIKeywordMain.runKeyword(WebUIKeywordMain.groovy:26)
	at com.kms.katalon.core.webui.keyword.builtin.SetTextKeyword.setText(SetTextKeyword.groovy:66)
	at com.kms.katalon.core.webui.keyword.builtin.SetTextKeyword.execute(SetTextKeyword.groovy:37)
	at com.kms.katalon.core.keyword.internal.KeywordExecutor.executeKeywordForPlatform(KeywordExecutor.groovy:74)
	at com.kms.katalon.core.webui.keyword.WebUiBuiltInKeywords.setText(WebUiBuiltInKeywords.groovy:980)
	at com.kazurayam.ksbackyard.HighlightElement$_pandemic_closure1.doCall(HighlightElement.groovy:105)
	at FormulaireInformationsPersonnelles.run(FormulaireInformationsPersonnelles:41)
	at com.kms.katalon.core.main.ScriptEngine.run(ScriptEngine.java:194)
	at com.kms.katalon.core.main.ScriptEngine.runScriptAsRawText(ScriptEngine.java:119)
	at com.kms.katalon.core.main.TestCaseExecutor.runScript(TestCaseExecutor.java:448)
	at com.kms.katalon.core.main.TestCaseExecutor.doExecute(TestCaseExecutor.java:439)
	at com.kms.katalon.core.main.TestCaseExecutor.processExecutionPhase(TestCaseExecutor.java:418)
	at com.kms.katalon.core.main.TestCaseExecutor.accessMainPhase(TestCaseExecutor.java:410)
	at com.kms.katalon.core.main.TestCaseExecutor.execute(TestCaseExecutor.java:285)
	at com.kms.katalon.core.main.TestCaseMain.runTestCase(TestCaseMain.java:144)
	at com.kms.katalon.core.keyword.builtin.CallTestCaseKeyword$_callTestCase_closure1.doCall(CallTestCaseKeyword.groovy:59)
	... 21 more
Caused by: com.kms.katalon.core.webui.exception.WebElementNotFoundException: Web element with id: 'Object Repository/Page_InformationPersonnelles_Usager/Input_AdresseUsager' located by '//app-informations-personnelles//app-adresse-etalab//app-vls-ts-etalab//div/input|//app-informations-personnelles-shared//app-adresse-etalab//app-vls-ts-etalab//div/input' not found
	at com.kms.katalon.core.webui.common.WebUiCommonHelper.findWebElement(WebUiCommonHelper.java:1381)
	at com.kms.katalon.core.webui.keyword.internal.WebUIAbstractKeyword.findWebElement(WebUIAbstractKeyword.groovy:27)
	at com.kms.katalon.core.webui.keyword.internal.WebUIAbstractKeyword.findWebElement(WebUIAbstractKeyword.groovy:26)
	at com.kms.katalon.core.webui.keyword.builtin.SetTextKeyword$_setText_closure1.doCall(SetTextKeyword.groovy:51)
	at com.kms.katalon.core.webui.keyword.builtin.SetTextKeyword$_setText_closure1.call(SetTextKeyword.groovy)
	at com.kms.katalon.core.webui.keyword.internal.WebUIKeywordMain.runKeyword(WebUIKeywordMain.groovy:20)
	... 36 more


2023-11-24 14:12:35 - [TEST_STEP][PASSED] - com.kazurayam.ksbackyard.HighlightElement.pandemic(): com.kazurayam.ksbackyard.HighlightElement.pandemic is PASSED

2023-11-24 14:12:36 - [MESSAGE][PASSED] - com.kazurayam.ksbackyard.HighlightElement.pandemic is PASSED

2023-11-24 14:12:36 - [TEST_STEP][PASSED] - callTestCase(findTestCase("Test Reutilisable/Main/Lancer URL ANEF"), ["Profiles":"Usager", "EnvExec":EnvExec], STOP_ON_FAILURE): Call Test Case 'Test Cases/Test Reutilisable/Main/Lancer URL ANEF' successfully

2023-11-24 14:12:36 - [MESSAGE][INFO] - Checking called Test Case

2023-11-24 14:12:36 - [MESSAGE][INFO] - Starting to call Test Case 'Test Cases/Test Reutilisable/Main/Lancer URL ANEF'

2023-11-24 14:12:36 - [TEST_CASE][PASSED] - Test Cases/Test Reutilisable/Main/Lancer URL ANEF: Test Cases/Test Reutilisable/Main/Lancer URL ANEF

2023-11-24 14:12:43 - [TEST_STEP][PASSED] - "RunConfiguration: getProjectDir for LogDriver ": null

2023-11-24 14:12:43 - [TEST_STEP][PASSED] - RunBrowserConfiguration = getExecutionProperties(): null

2023-11-24 14:12:43 - [TEST_STEP][PASSED] - DriverName = "": null

2023-11-24 14:12:43 - [TEST_STEP][PASSED] - openBrowser(""): Browser is opened with url: ''

2023-11-24 14:12:43 - [MESSAGE][INFO] - Opening browser

2023-11-24 14:12:43 - [MESSAGE][INFO] - Starting 'Chrome' driver

2023-11-24 14:12:43 - [MESSAGE][INFO] - User set preference: ['args', '[--incognito, --start-maximized, --remote-allow-origins=*]']

2023-11-24 14:12:43 - [MESSAGE][INFO] - User set preference: ['prefs', '{download.default_directory=${GlobalVariable.downloadPath}, download_dir=${GlobalVariable.downloadPath}, download.prompt_for_download=false}']

2023-11-24 14:12:43 - [MESSAGE][INFO] - User set preference: ['loggingPrefs', '{browser=ALL}']

2023-11-24 14:12:43 - [MESSAGE][INFO] - Action delay is set to 2 000 milliseconds

2023-11-24 14:12:47 - [MESSAGE][PASSED] - Browser is opened with url: ''

2023-11-24 14:12:47 - [TEST_STEP][PASSED] - driver = getWebDriver(): null

2023-11-24 14:12:47 - [TEST_STEP][PASSED] - wrappedDriver = driver.getWrappedDriver(): null

2023-11-24 14:12:47 - [TEST_STEP][PASSED] - out.println(wrappedDriver.getClass()): null

2023-11-24 14:12:47 - [TEST_STEP][PASSED] - if (class == com.kms.katalon.selenium.driver.CRemoteWebDriver): null

2023-11-24 14:12:47 - [TEST_STEP][PASSED] - else: null

2023-11-24 14:12:47 - [TEST_STEP][PASSED] - DriverName = get("WebUI").get("browserType"): null

2023-11-24 14:12:47 - [TEST_STEP][PASSED] - println("DriverName :" + DriverName): null

2023-11-24 14:12:47 - [TEST_STEP][PASSED] - println("Driverpath :" + RunBrowserConfiguration.get("drivers")): null

2023-11-24 14:12:47 - [TEST_STEP][PASSED] - DriverName = DriverName: null

2023-11-24 14:12:49 - [TEST_STEP][PASSED] - delay(medium_wait): Delayed 3 second(s)

2023-11-24 14:12:49 - [MESSAGE][INFO] - Delaying browser in 3 second(s)

2023-11-24 14:12:52 - [MESSAGE][PASSED] - Delayed 3 second(s)

2023-11-24 14:12:52 - [TEST_STEP][PASSED] - executedBrowser = getExecutedBrowser(): null

2023-11-24 14:12:52 - [TEST_STEP][PASSED] - if (Profiles == "Usager"): null

2023-11-24 14:12:52 - [TEST_STEP][PASSED] - switch (DriverName): null

2023-11-24 14:12:52 - [TEST_STEP][PASSED] - case "CHROME_DRIVER":: null

2023-11-24 14:12:52 - [TEST_STEP][PASSED] - if (EnvExec == "URL_ANEFQualif"): Navigate to 'https://qualif.administration-etrangers-en-france.interieur.gouv.fr/particuliers/#/' successfully

2023-11-24 14:12:52 - [TEST_STEP][PASSED] - navigateToUrl(URL_ANEFQualif): Navigate to 'https://qualif.administration-etrangers-en-france.interieur.gouv.fr/particuliers/#/' successfully

2023-11-24 14:12:52 - [MESSAGE][INFO] - Checking url

2023-11-24 14:12:52 - [MESSAGE][INFO] - Navigating to 'https://qualif.administration-etrangers-en-france.interieur.gouv.fr/particuliers/#/'

2023-11-24 14:13:08 - [MESSAGE][PASSED] - Navigate to 'https://qualif.administration-etrangers-en-france.interieur.gouv.fr/particuliers/#/' successfully

2023-11-24 14:13:08 - [TEST_STEP][PASSED] - if (EnvExec == "URL_ANEFPreProd"): null

2023-11-24 14:13:08 - [TEST_STEP][PASSED] - maximizeWindow(): Current window maximized

2023-11-24 14:13:08 - [MESSAGE][INFO] - Maximizing current window

2023-11-24 14:13:08 - [MESSAGE][PASSED] - Current window maximized

2023-11-24 14:13:08 - [TEST_STEP][PASSED] - System.setProperty("webdriver.chrome.driver", getChromeDriverPath()): null

2023-11-24 14:13:08 - [TEST_STEP][PASSED] - System.setProperty("webdriver.chrome.logfile", getProjectDir() + "/Dump/chromedriver.log"): null

2023-11-24 14:13:08 - [TEST_STEP][PASSED] - callTestCase(findTestCase("Test Reutilisable/Main/Erreur lie a la confidentialite"), [:], STOP_ON_FAILURE): Call Test Case 'Test Cases/Test Reutilisable/Main/Erreur lie a la confidentialite' successfully

2023-11-24 14:13:08 - [MESSAGE][INFO] - Checking called Test Case

2023-11-24 14:13:08 - [MESSAGE][INFO] - Starting to call Test Case 'Test Cases/Test Reutilisable/Main/Erreur lie a la confidentialite'

2023-11-24 14:13:08 - [TEST_CASE][PASSED] - Test Cases/Test Reutilisable/Main/Erreur lie a la confidentialite: Test Cases/Test Reutilisable/Main/Erreur lie a la confidentialite

2023-11-24 14:13:10 - [TEST_STEP][PASSED] - tools.WaitForLoadedPage.waitForElementRendering(): tools.WaitForLoadedPage.waitForElementRendering is PASSED

2023-11-24 14:13:10 - [MESSAGE][PASSED] - tools.WaitForLoadedPage.waitForElementRendering is PASSED

2023-11-24 14:13:10 - [TEST_STEP][PASSED] - "Call Highlight.on() automatically": null

2023-11-24 14:13:10 - [TEST_STEP][PASSED] - DriverName = DriverName: null

2023-11-24 14:13:10 - [TEST_STEP][PASSED] - if (DriverName == "CHROME_DRIVER" || "EDGE_CHROMIUM_DRIVER" || "HEADLESS_DRIVER"): null

2023-11-24 14:13:10 - [TEST_STEP][PASSED] - if (verifyElementPresent(findTestObject("Object Repository/Connexion Usager/Btn_Parametres Avances"), 2, OPTIONAL)): null

2023-11-24 14:13:10 - [MESSAGE][INFO] - Finding Test Object 'Object Repository/Connexion Usager/Btn_Parametres Avances'

2023-11-24 14:13:10 - [MESSAGE][INFO] - Checking object

2023-11-24 14:13:10 - [MESSAGE][INFO] - Finding web element from Test Object's properties

2023-11-24 14:13:10 - [MESSAGE][INFO] - Checking timeout

2023-11-24 14:13:10 - [MESSAGE][INFO] - Finding web element with id: 'Object Repository/Connexion Usager/Btn_Parametres Avances' located by 'By.xpath: //*[@id="details-button"]' in '2' second(s)

2023-11-24 14:13:10 - [MESSAGE][INFO] - Smart Wait Function is triggered

2023-11-24 14:13:10 - [MESSAGE][INFO] - Found 1 web elements with id: 'Object Repository/Connexion Usager/Btn_Parametres Avances' located by 'By.xpath: //*[@id="details-button"]' in '2' second(s)

2023-11-24 14:13:10 - [MESSAGE][PASSED] - Object 'Object Repository/Connexion Usager/Btn_Parametres Avances' is present

2023-11-24 14:13:10 - [TEST_STEP][PASSED] - click(findTestObject("Object Repository/Connexion Usager/Btn_Parametres Avances"), OPTIONAL): Object: 'Object Repository/Connexion Usager/Btn_Parametres Avances' is clicked on

2023-11-24 14:13:10 - [MESSAGE][INFO] - Finding Test Object 'Object Repository/Connexion Usager/Btn_Parametres Avances'

2023-11-24 14:13:11 - [MESSAGE][INFO] - Checking timeout

2023-11-24 14:13:11 - [MESSAGE][INFO] - Finding web element with id: 'Object Repository/Connexion Usager/Btn_Parametres Avances' located by 'By.xpath: //*[@id="details-button"]' in '20' second(s)

2023-11-24 14:13:11 - [MESSAGE][INFO] - Smart Wait Function is triggered

2023-11-24 14:13:11 - [MESSAGE][INFO] - Found 1 web elements with id: 'Object Repository/Connexion Usager/Btn_Parametres Avances' located by 'By.xpath: //*[@id="details-button"]' in '20' second(s)

2023-11-24 14:13:11 - [MESSAGE][INFO] - Checking object

2023-11-24 14:13:11 - [MESSAGE][INFO] - Checking timeout

2023-11-24 14:13:11 - [MESSAGE][INFO] - Finding web element from Test Object's properties

2023-11-24 14:13:11 - [MESSAGE][INFO] - Checking timeout

2023-11-24 14:13:11 - [MESSAGE][INFO] - Finding web element with id: 'Object Repository/Connexion Usager/Btn_Parametres Avances' located by 'By.xpath: //*[@id="details-button"]' in '5' second(s)

2023-11-24 14:13:11 - [MESSAGE][INFO] - Smart Wait Function is triggered

2023-11-24 14:13:11 - [MESSAGE][INFO] - Found 1 web elements with id: 'Object Repository/Connexion Usager/Btn_Parametres Avances' located by 'By.xpath: //*[@id="details-button"]' in '5' second(s)

2023-11-24 14:13:11 - [MESSAGE][INFO] - Clicking on object: 'Object Repository/Connexion Usager/Btn_Parametres Avances'

2023-11-24 14:13:13 - [MESSAGE][PASSED] - Object: 'Object Repository/Connexion Usager/Btn_Parametres Avances' is clicked on

2023-11-24 14:13:13 - [TEST_STEP][PASSED] - click(findTestObject("Object Repository/Connexion Usager/Link_Proceed-Link"), OPTIONAL): Object: 'Object Repository/Connexion Usager/Link_Proceed-Link' is clicked on

2023-11-24 14:13:13 - [MESSAGE][INFO] - Finding Test Object 'Object Repository/Connexion Usager/Link_Proceed-Link'

2023-11-24 14:13:13 - [MESSAGE][INFO] - Checking timeout

2023-11-24 14:13:13 - [MESSAGE][INFO] - Finding web element with id: 'Object Repository/Connexion Usager/Link_Proceed-Link' located by 'By.xpath: //*[@id="proceed-link"]' in '20' second(s)

2023-11-24 14:13:13 - [MESSAGE][INFO] - Smart Wait Function is triggered

2023-11-24 14:13:13 - [MESSAGE][INFO] - Found 1 web elements with id: 'Object Repository/Connexion Usager/Link_Proceed-Link' located by 'By.xpath: //*[@id="proceed-link"]' in '20' second(s)

2023-11-24 14:13:13 - [MESSAGE][INFO] - Checking object

2023-11-24 14:13:13 - [MESSAGE][INFO] - Checking timeout

2023-11-24 14:13:13 - [MESSAGE][INFO] - Finding web element from Test Object's properties

2023-11-24 14:13:13 - [MESSAGE][INFO] - Checking timeout

2023-11-24 14:13:13 - [MESSAGE][INFO] - Finding web element with id: 'Object Repository/Connexion Usager/Link_Proceed-Link' located by 'By.xpath: //*[@id="proceed-link"]' in '5' second(s)

2023-11-24 14:13:13 - [MESSAGE][INFO] - Smart Wait Function is triggered

2023-11-24 14:13:13 - [MESSAGE][INFO] - Found 1 web elements with id: 'Object Repository/Connexion Usager/Link_Proceed-Link' located by 'By.xpath: //*[@id="proceed-link"]' in '5' second(s)

2023-11-24 14:13:13 - [MESSAGE][INFO] - Clicking on object: 'Object Repository/Connexion Usager/Link_Proceed-Link'

2023-11-24 14:13:20 - [MESSAGE][PASSED] - Object: 'Object Repository/Connexion Usager/Link_Proceed-Link' is clicked on

2023-11-24 14:13:20 - [TEST_STEP][PASSED] - if (DriverName == "IE_DRIVER"): null

2023-11-24 14:13:20 - [TEST_STEP][PASSED] - delay(3): Delayed 3 second(s)

2023-11-24 14:13:20 - [MESSAGE][INFO] - Delaying browser in 3 second(s)

2023-11-24 14:13:23 - [MESSAGE][PASSED] - Delayed 3 second(s)

2023-11-24 14:13:23 - [MESSAGE][PASSED] - Call Test Case 'Test Cases/Test Reutilisable/Main/Erreur lie a la confidentialite' successfully

2023-11-24 14:13:23 - [TEST_STEP][PASSED] - delay(5): Delayed 5 second(s)

2023-11-24 14:13:23 - [MESSAGE][INFO] - Delaying browser in 5 second(s)

2023-11-24 14:13:28 - [MESSAGE][PASSED] - Delayed 5 second(s)

2023-11-24 14:13:28 - [TEST_STEP][PASSED] - verifyElementVisible(findTestObject("Object Repository/Connexion Usager/Link_Se Connecter"), STOP_ON_FAILURE): Object 'Object Repository/Connexion Usager/Link_Se Connecter' is visible

2023-11-24 14:13:28 - [MESSAGE][INFO] - Finding Test Object 'Object Repository/Connexion Usager/Link_Se Connecter'

2023-11-24 14:13:28 - [MESSAGE][INFO] - Checking object

2023-11-24 14:13:28 - [MESSAGE][INFO] - Finding web element from Test Object's properties

2023-11-24 14:13:28 - [MESSAGE][INFO] - Checking timeout

2023-11-24 14:13:28 - [MESSAGE][INFO] - Finding web element with id: 'Object Repository/Connexion Usager/Link_Se Connecter' located by 'By.xpath: //*[@id="connexion_link"]' in '5' second(s)

2023-11-24 14:13:28 - [MESSAGE][INFO] - Smart Wait Function is triggered

2023-11-24 14:13:28 - [MESSAGE][INFO] - Found 1 web elements with id: 'Object Repository/Connexion Usager/Link_Se Connecter' located by 'By.xpath: //*[@id="connexion_link"]' in '5' second(s)

2023-11-24 14:13:28 - [MESSAGE][PASSED] - Object 'Object Repository/Connexion Usager/Link_Se Connecter' is visible

2023-11-24 14:13:28 - [TEST_STEP][PASSED] - break: null

2023-11-24 14:13:28 - [TEST_STEP][PASSED] - if (Profiles == "Agent"): null

2023-11-24 14:13:28 - [TEST_STEP][PASSED] - else: null

2023-11-24 14:13:28 - [TEST_STEP][PASSED] - println("Vérifier le Portail de votre connexion Usager ou Agent"): null

2023-11-24 14:13:28 - [MESSAGE][PASSED] - Call Test Case 'Test Cases/Test Reutilisable/Main/Lancer URL ANEF' successfully

2023-11-24 14:13:28 - [TEST_STEP][FAILED] - if (StopTestCase == false): Unable to call Test Case 'Test Cases/Test Reutilisable/DemandeOuRenouvelle_TitreSejour/FormulaireInformationsPersonnelles' (Root cause: com.kms.katalon.core.exception.StepFailedException: Call Test Case 'Test Cases/Test Reutilisable/DemandeOuRenouvelle_TitreSejour/FormulaireInformationsPersonnelles' failed
	at com.kms.katalon.core.keyword.builtin.CallTestCaseKeyword$_callTestCase_closure1.doCall(CallTestCaseKeyword.groovy:63)
	at com.kms.katalon.core.keyword.builtin.CallTestCaseKeyword$_callTestCase_closure1.call(CallTestCaseKeyword.groovy)
	at com.kms.katalon.core.keyword.internal.KeywordMain.runKeyword(KeywordMain.groovy:75)
	at com.kms.katalon.core.keyword.builtin.CallTestCaseKeyword.callTestCase(CallTestCaseKeyword.groovy:81)
	at com.kms.katalon.core.keyword.builtin.CallTestCaseKeyword.execute(CallTestCaseKeyword.groovy:44)
	at com.kms.katalon.core.keyword.internal.KeywordExecutor.executeKeywordForPlatform(KeywordExecutor.groovy:74)
	at com.kms.katalon.core.keyword.BuiltinKeywords.callTestCase(BuiltinKeywords.groovy:310)
	at com.kazurayam.ksbackyard.HighlightElement$_pandemic_closure1.doCall(HighlightElement.groovy:105)
	at TNR R.TSPT Supp90-Etudiant.run(TNR R.TSPT Supp90-Etudiant:47)
	at com.kms.katalon.core.main.ScriptEngine.run(ScriptEngine.java:194)
	at com.kms.katalon.core.main.ScriptEngine.runScriptAsRawText(ScriptEngine.java:119)
	at com.kms.katalon.core.main.TestCaseExecutor.runScript(TestCaseExecutor.java:448)
	at com.kms.katalon.core.main.TestCaseExecutor.doExecute(TestCaseExecutor.java:439)
	at com.kms.katalon.core.main.TestCaseExecutor.processExecutionPhase(TestCaseExecutor.java:418)
	at com.kms.katalon.core.main.TestCaseExecutor.accessMainPhase(TestCaseExecutor.java:410)
	at com.kms.katalon.core.main.TestCaseExecutor.execute(TestCaseExecutor.java:285)
	at com.kms.katalon.core.common.CommonExecutor.accessTestCaseMainPhase(CommonExecutor.java:65)
	at com.kms.katalon.core.main.TestSuiteExecutor.accessTestSuiteMainPhase(TestSuiteExecutor.java:148)
	at com.kms.katalon.core.main.TestSuiteExecutor.execute(TestSuiteExecutor.java:106)
	at com.kms.katalon.core.main.TestCaseMain.startTestSuite(TestCaseMain.java:187)
	at com.kms.katalon.core.main.TestCaseMain$startTestSuite$0.call(Unknown Source)
	at TempTestSuite1700831548882.run(TempTestSuite1700831548882.groovy:36)
Caused by: com.kms.katalon.core.exception.StepFailedException: Unable to set text '3 rue des 3 moulins 77000 melun' of object 'Object Repository/Page_InformationPersonnelles_Usager/Input_AdresseUsager'
	at com.kms.katalon.core.webui.keyword.internal.WebUIKeywordMain.stepFailed(WebUIKeywordMain.groovy:64)
	at com.kms.katalon.core.webui.keyword.internal.WebUIKeywordMain.runKeyword(WebUIKeywordMain.groovy:26)
	at com.kms.katalon.core.webui.keyword.builtin.SetTextKeyword.setText(SetTextKeyword.groovy:66)
	at com.kms.katalon.core.webui.keyword.builtin.SetTextKeyword.execute(SetTextKeyword.groovy:37)
	at com.kms.katalon.core.keyword.internal.KeywordExecutor.executeKeywordForPlatform(KeywordExecutor.groovy:74)
	at com.kms.katalon.core.webui.keyword.WebUiBuiltInKeywords.setText(WebUiBuiltInKeywords.groovy:980)
	at com.kazurayam.ksbackyard.HighlightElement$_pandemic_closure1.doCall(HighlightElement.groovy:105)
	at FormulaireInformationsPersonnelles.run(FormulaireInformationsPersonnelles:41)
	at com.kms.katalon.core.main.ScriptEngine.run(ScriptEngine.java:194)
	at com.kms.katalon.core.main.ScriptEngine.runScriptAsRawText(ScriptEngine.java:119)
	at com.kms.katalon.core.main.TestCaseExecutor.runScript(TestCaseExecutor.java:448)
	at com.kms.katalon.core.main.TestCaseExecutor.doExecute(TestCaseExecutor.java:439)
	at com.kms.katalon.core.main.TestCaseExecutor.processExecutionPhase(TestCaseExecutor.java:418)
	at com.kms.katalon.core.main.TestCaseExecutor.accessMainPhase(TestCaseExecutor.java:410)
	at com.kms.katalon.core.main.TestCaseExecutor.execute(TestCaseExecutor.java:285)
	at com.kms.katalon.core.main.TestCaseMain.runTestCase(TestCaseMain.java:144)
	at com.kms.katalon.core.keyword.builtin.CallTestCaseKeyword$_callTestCase_closure1.doCall(CallTestCaseKeyword.groovy:59)
	... 21 more
Caused by: com.kms.katalon.core.webui.exception.WebElementNotFoundException: Web element with id: 'Object Repository/Page_InformationPersonnelles_Usager/Input_AdresseUsager' located by '//app-informations-personnelles//app-adresse-etalab//app-vls-ts-etalab//div/input|//app-informations-personnelles-shared//app-adresse-etalab//app-vls-ts-etalab//div/input' not found
	at com.kms.katalon.core.webui.common.WebUiCommonHelper.findWebElement(WebUiCommonHelper.java:1381)
	at com.kms.katalon.core.webui.keyword.internal.WebUIAbstractKeyword.findWebElement(WebUIAbstractKeyword.groovy:27)
	at com.kms.katalon.core.webui.keyword.internal.WebUIAbstractKeyword.findWebElement(WebUIAbstractKeyword.groovy:26)
	at com.kms.katalon.core.webui.keyword.builtin.SetTextKeyword$_setText_closure1.doCall(SetTextKeyword.groovy:51)
	at com.kms.katalon.core.webui.keyword.builtin.SetTextKeyword$_setText_closure1.call(SetTextKeyword.groovy)
	at com.kms.katalon.core.webui.keyword.internal.WebUIKeywordMain.runKeyword(WebUIKeywordMain.groovy:20)
	... 36 more
)

2023-11-24 14:13:28 - [TEST_STEP][PASSED] - callTestCase(findTestCase("Test Reutilisable/Main/Identification"), ["Profiles":"Usager", "NumEtrangerVisa":NumEtrangerVisa], STOP_ON_FAILURE): Call Test Case 'Test Cases/Test Reutilisable/Main/Identification' successfully

2023-11-24 14:13:28 - [MESSAGE][INFO] - Checking called Test Case

2023-11-24 14:13:28 - [MESSAGE][INFO] - Starting to call Test Case 'Test Cases/Test Reutilisable/Main/Identification'

2023-11-24 14:13:28 - [TEST_CASE][PASSED] - Test Cases/Test Reutilisable/Main/Identification: Test Cases/Test Reutilisable/Main/Identification

2023-11-24 14:13:29 - [TEST_STEP][PASSED] - if (Profiles == "Usager"): Object 'Object Repository/Page_Accueil_Usager/Span_MesNotifications' is present

2023-11-24 14:13:29 - [TEST_STEP][PASSED] - delay(5): Delayed 5 second(s)

2023-11-24 14:13:29 - [MESSAGE][INFO] - Delaying browser in 5 second(s)

2023-11-24 14:13:34 - [MESSAGE][PASSED] - Delayed 5 second(s)

2023-11-24 14:13:34 - [TEST_STEP][PASSED] - click(findTestObject("Object Repository/Connexion Usager/Link_Se Connecter")): Object: 'Object Repository/Connexion Usager/Link_Se Connecter' is clicked on

2023-11-24 14:13:34 - [MESSAGE][INFO] - Finding Test Object 'Object Repository/Connexion Usager/Link_Se Connecter'

2023-11-24 14:13:34 - [MESSAGE][INFO] - Checking timeout

2023-11-24 14:13:34 - [MESSAGE][INFO] - Finding web element with id: 'Object Repository/Connexion Usager/Link_Se Connecter' located by 'By.xpath: //*[@id="connexion_link"]' in '20' second(s)

2023-11-24 14:13:34 - [MESSAGE][INFO] - Smart Wait Function is triggered

2023-11-24 14:13:34 - [MESSAGE][INFO] - Found 1 web elements with id: 'Object Repository/Connexion Usager/Link_Se Connecter' located by 'By.xpath: //*[@id="connexion_link"]' in '20' second(s)

2023-11-24 14:13:34 - [MESSAGE][INFO] - Checking object

2023-11-24 14:13:34 - [MESSAGE][INFO] - Checking timeout

2023-11-24 14:13:34 - [MESSAGE][INFO] - Finding web element from Test Object's properties

2023-11-24 14:13:34 - [MESSAGE][INFO] - Checking timeout

2023-11-24 14:13:34 - [MESSAGE][INFO] - Finding web element with id: 'Object Repository/Connexion Usager/Link_Se Connecter' located by 'By.xpath: //*[@id="connexion_link"]' in '5' second(s)

2023-11-24 14:13:34 - [MESSAGE][INFO] - Smart Wait Function is triggered

2023-11-24 14:13:34 - [MESSAGE][INFO] - Found 1 web elements with id: 'Object Repository/Connexion Usager/Link_Se Connecter' located by 'By.xpath: //*[@id="connexion_link"]' in '5' second(s)

2023-11-24 14:13:34 - [MESSAGE][INFO] - Clicking on object: 'Object Repository/Connexion Usager/Link_Se Connecter'

2023-11-24 14:13:37 - [MESSAGE][PASSED] - Object: 'Object Repository/Connexion Usager/Link_Se Connecter' is clicked on

2023-11-24 14:13:37 - [TEST_STEP][PASSED] - callTestCase(findTestCase("Test Reutilisable/Main/Erreur lie a la confidentialite"), [:], STOP_ON_FAILURE): Call Test Case 'Test Cases/Test Reutilisable/Main/Erreur lie a la confidentialite' successfully

2023-11-24 14:13:37 - [MESSAGE][INFO] - Checking called Test Case

2023-11-24 14:13:37 - [MESSAGE][INFO] - Starting to call Test Case 'Test Cases/Test Reutilisable/Main/Erreur lie a la confidentialite'

2023-11-24 14:13:37 - [TEST_CASE][PASSED] - Test Cases/Test Reutilisable/Main/Erreur lie a la confidentialite: Test Cases/Test Reutilisable/Main/Erreur lie a la confidentialite

2023-11-24 14:13:37 - [TEST_STEP][PASSED] - tools.WaitForLoadedPage.waitForElementRendering(): tools.WaitForLoadedPage.waitForElementRendering is PASSED

2023-11-24 14:13:37 - [MESSAGE][PASSED] - tools.WaitForLoadedPage.waitForElementRendering is PASSED

2023-11-24 14:13:37 - [TEST_STEP][PASSED] - "Call Highlight.on() automatically": null

2023-11-24 14:13:37 - [TEST_STEP][PASSED] - DriverName = DriverName: null

2023-11-24 14:13:37 - [TEST_STEP][PASSED] - if (DriverName == "CHROME_DRIVER" || "EDGE_CHROMIUM_DRIVER" || "HEADLESS_DRIVER"): null

2023-11-24 14:13:37 - [TEST_STEP][PASSED] - if (verifyElementPresent(findTestObject("Object Repository/Connexion Usager/Btn_Parametres Avances"), 2, OPTIONAL)): null

2023-11-24 14:13:37 - [MESSAGE][INFO] - Finding Test Object 'Object Repository/Connexion Usager/Btn_Parametres Avances'

2023-11-24 14:13:37 - [MESSAGE][INFO] - Checking object

2023-11-24 14:13:37 - [MESSAGE][INFO] - Finding web element from Test Object's properties

2023-11-24 14:13:37 - [MESSAGE][INFO] - Checking timeout

2023-11-24 14:13:37 - [MESSAGE][INFO] - Finding web element with id: 'Object Repository/Connexion Usager/Btn_Parametres Avances' located by 'By.xpath: //*[@id="details-button"]' in '2' second(s)

2023-11-24 14:13:37 - [MESSAGE][INFO] - Smart Wait Function is triggered

2023-11-24 14:13:37 - [MESSAGE][INFO] - Found 1 web elements with id: 'Object Repository/Connexion Usager/Btn_Parametres Avances' located by 'By.xpath: //*[@id="details-button"]' in '2' second(s)

2023-11-24 14:13:37 - [MESSAGE][PASSED] - Object 'Object Repository/Connexion Usager/Btn_Parametres Avances' is present

2023-11-24 14:13:37 - [TEST_STEP][PASSED] - click(findTestObject("Object Repository/Connexion Usager/Btn_Parametres Avances"), OPTIONAL): Object: 'Object Repository/Connexion Usager/Btn_Parametres Avances' is clicked on

2023-11-24 14:13:37 - [MESSAGE][INFO] - Finding Test Object 'Object Repository/Connexion Usager/Btn_Parametres Avances'

2023-11-24 14:13:38 - [MESSAGE][INFO] - Checking timeout

2023-11-24 14:13:38 - [MESSAGE][INFO] - Finding web element with id: 'Object Repository/Connexion Usager/Btn_Parametres Avances' located by 'By.xpath: //*[@id="details-button"]' in '20' second(s)

2023-11-24 14:13:38 - [MESSAGE][INFO] - Smart Wait Function is triggered

2023-11-24 14:13:38 - [MESSAGE][INFO] - Found 1 web elements with id: 'Object Repository/Connexion Usager/Btn_Parametres Avances' located by 'By.xpath: //*[@id="details-button"]' in '20' second(s)

2023-11-24 14:13:38 - [MESSAGE][INFO] - Checking object

2023-11-24 14:13:38 - [MESSAGE][INFO] - Checking timeout

2023-11-24 14:13:38 - [MESSAGE][INFO] - Finding web element from Test Object's properties

2023-11-24 14:13:38 - [MESSAGE][INFO] - Checking timeout

2023-11-24 14:13:38 - [MESSAGE][INFO] - Finding web element with id: 'Object Repository/Connexion Usager/Btn_Parametres Avances' located by 'By.xpath: //*[@id="details-button"]' in '5' second(s)

2023-11-24 14:13:38 - [MESSAGE][INFO] - Smart Wait Function is triggered

2023-11-24 14:13:38 - [MESSAGE][INFO] - Found 1 web elements with id: 'Object Repository/Connexion Usager/Btn_Parametres Avances' located by 'By.xpath: //*[@id="details-button"]' in '5' second(s)

2023-11-24 14:13:38 - [MESSAGE][INFO] - Clicking on object: 'Object Repository/Connexion Usager/Btn_Parametres Avances'

2023-11-24 14:13:40 - [MESSAGE][PASSED] - Object: 'Object Repository/Connexion Usager/Btn_Parametres Avances' is clicked on

2023-11-24 14:13:40 - [TEST_STEP][PASSED] - click(findTestObject("Object Repository/Connexion Usager/Link_Proceed-Link"), OPTIONAL): Object: 'Object Repository/Connexion Usager/Link_Proceed-Link' is clicked on

2023-11-24 14:13:40 - [MESSAGE][INFO] - Finding Test Object 'Object Repository/Connexion Usager/Link_Proceed-Link'

2023-11-24 14:13:40 - [MESSAGE][INFO] - Checking timeout

2023-11-24 14:13:40 - [MESSAGE][INFO] - Finding web element with id: 'Object Repository/Connexion Usager/Link_Proceed-Link' located by 'By.xpath: //*[@id="proceed-link"]' in '20' second(s)

2023-11-24 14:13:40 - [MESSAGE][INFO] - Smart Wait Function is triggered

2023-11-24 14:13:40 - [MESSAGE][INFO] - Found 1 web elements with id: 'Object Repository/Connexion Usager/Link_Proceed-Link' located by 'By.xpath: //*[@id="proceed-link"]' in '20' second(s)

2023-11-24 14:13:40 - [MESSAGE][INFO] - Checking object

2023-11-24 14:13:40 - [MESSAGE][INFO] - Checking timeout

2023-11-24 14:13:40 - [MESSAGE][INFO] - Finding web element from Test Object's properties

2023-11-24 14:13:40 - [MESSAGE][INFO] - Checking timeout

2023-11-24 14:13:40 - [MESSAGE][INFO] - Finding web element with id: 'Object Repository/Connexion Usager/Link_Proceed-Link' located by 'By.xpath: //*[@id="proceed-link"]' in '5' second(s)

2023-11-24 14:13:40 - [MESSAGE][INFO] - Smart Wait Function is triggered

2023-11-24 14:13:40 - [MESSAGE][INFO] - Found 1 web elements with id: 'Object Repository/Connexion Usager/Link_Proceed-Link' located by 'By.xpath: //*[@id="proceed-link"]' in '5' second(s)

2023-11-24 14:13:40 - [MESSAGE][INFO] - Clicking on object: 'Object Repository/Connexion Usager/Link_Proceed-Link'

2023-11-24 14:13:43 - [MESSAGE][PASSED] - Object: 'Object Repository/Connexion Usager/Link_Proceed-Link' is clicked on

2023-11-24 14:13:43 - [TEST_STEP][PASSED] - if (DriverName == "IE_DRIVER"): null

2023-11-24 14:13:43 - [TEST_STEP][PASSED] - delay(3): Delayed 3 second(s)

2023-11-24 14:13:43 - [MESSAGE][INFO] - Delaying browser in 3 second(s)

2023-11-24 14:13:46 - [MESSAGE][PASSED] - Delayed 3 second(s)

2023-11-24 14:13:46 - [MESSAGE][PASSED] - Call Test Case 'Test Cases/Test Reutilisable/Main/Erreur lie a la confidentialite' successfully

2023-11-24 14:13:46 - [TEST_STEP][PASSED] - delay(5): Delayed 5 second(s)

2023-11-24 14:13:46 - [MESSAGE][INFO] - Delaying browser in 5 second(s)

2023-11-24 14:13:51 - [MESSAGE][PASSED] - Delayed 5 second(s)

2023-11-24 14:13:51 - [TEST_STEP][PASSED] - setText(findTestObject("Object Repository/Connexion Usager/Input_Identifiant"), NumEtrangerVisa): Text '7703040879' is set on object 'Object Repository/Connexion Usager/Input_Identifiant'

2023-11-24 14:13:51 - [MESSAGE][INFO] - Finding Test Object 'Object Repository/Connexion Usager/Input_Identifiant'

2023-11-24 14:13:51 - [MESSAGE][INFO] - Checking timeout

2023-11-24 14:13:51 - [MESSAGE][INFO] - Finding web element with id: 'Object Repository/Connexion Usager/Input_Identifiant' located by 'By.xpath: //*[@id="login"]' in '20' second(s)

2023-11-24 14:13:51 - [MESSAGE][INFO] - Smart Wait Function is triggered

2023-11-24 14:13:51 - [MESSAGE][INFO] - Found 1 web elements with id: 'Object Repository/Connexion Usager/Input_Identifiant' located by 'By.xpath: //*[@id="login"]' in '20' second(s)

2023-11-24 14:13:51 - [MESSAGE][INFO] - Checking object

2023-11-24 14:13:51 - [MESSAGE][INFO] - Checking text

2023-11-24 14:13:51 - [MESSAGE][INFO] - Finding web element from Test Object's properties

2023-11-24 14:13:51 - [MESSAGE][INFO] - Checking timeout

2023-11-24 14:13:51 - [MESSAGE][INFO] - Finding web element with id: 'Object Repository/Connexion Usager/Input_Identifiant' located by 'By.xpath: //*[@id="login"]' in '5' second(s)

2023-11-24 14:13:51 - [MESSAGE][INFO] - Smart Wait Function is triggered

2023-11-24 14:13:51 - [MESSAGE][INFO] - Found 1 web elements with id: 'Object Repository/Connexion Usager/Input_Identifiant' located by 'By.xpath: //*[@id="login"]' in '5' second(s)

2023-11-24 14:13:51 - [MESSAGE][INFO] - Clearing text of object 'Object Repository/Connexion Usager/Input_Identifiant'

2023-11-24 14:13:53 - [MESSAGE][INFO] - Finding web element from Test Object's properties

2023-11-24 14:13:53 - [MESSAGE][INFO] - Checking timeout

2023-11-24 14:13:53 - [MESSAGE][INFO] - Finding web element with id: 'Object Repository/Connexion Usager/Input_Identifiant' located by 'By.xpath: //*[@id="login"]' in '5' second(s)

2023-11-24 14:13:53 - [MESSAGE][INFO] - Smart Wait Function is triggered

2023-11-24 14:13:53 - [MESSAGE][INFO] - Found 1 web elements with id: 'Object Repository/Connexion Usager/Input_Identifiant' located by 'By.xpath: //*[@id="login"]' in '5' second(s)

2023-11-24 14:13:53 - [MESSAGE][INFO] - Setting text of object 'Object Repository/Connexion Usager/Input_Identifiant' to value '7703040879'

2023-11-24 14:13:55 - [MESSAGE][PASSED] - Text '7703040879' is set on object 'Object Repository/Connexion Usager/Input_Identifiant'

2023-11-24 14:13:55 - [TEST_STEP][PASSED] - NumEtrangerVisa = NumEtrangerVisa: null

2023-11-24 14:13:55 - [TEST_STEP][PASSED] - setEncryptedText(findTestObject("Object Repository/Connexion Usager/Input_MDP"), Password): Text ****** has been set on object 'Object Repository/Connexion Usager/Input_MDP'

2023-11-24 14:13:55 - [MESSAGE][INFO] - Finding Test Object 'Object Repository/Connexion Usager/Input_MDP'

2023-11-24 14:13:55 - [MESSAGE][INFO] - Checking timeout

2023-11-24 14:13:55 - [MESSAGE][INFO] - Finding web element with id: 'Object Repository/Connexion Usager/Input_MDP' located by 'By.xpath: //*[@id="password"]' in '20' second(s)

2023-11-24 14:13:55 - [MESSAGE][INFO] - Smart Wait Function is triggered

2023-11-24 14:13:55 - [MESSAGE][INFO] - Found 1 web elements with id: 'Object Repository/Connexion Usager/Input_MDP' located by 'By.xpath: //*[@id="password"]' in '20' second(s)

2023-11-24 14:13:55 - [MESSAGE][INFO] - Checking object

2023-11-24 14:13:55 - [MESSAGE][INFO] - Checking text

2023-11-24 14:13:55 - [MESSAGE][INFO] - Finding web element from Test Object's properties

2023-11-24 14:13:55 - [MESSAGE][INFO] - Checking timeout

2023-11-24 14:13:55 - [MESSAGE][INFO] - Finding web element with id: 'Object Repository/Connexion Usager/Input_MDP' located by 'By.xpath: //*[@id="password"]' in '5' second(s)

2023-11-24 14:13:55 - [MESSAGE][INFO] - Smart Wait Function is triggered

2023-11-24 14:13:55 - [MESSAGE][INFO] - Found 1 web elements with id: 'Object Repository/Connexion Usager/Input_MDP' located by 'By.xpath: //*[@id="password"]' in '5' second(s)

2023-11-24 14:13:55 - [MESSAGE][INFO] - Clearing text of object 'Object Repository/Connexion Usager/Input_MDP'

2023-11-24 14:13:57 - [MESSAGE][INFO] - Setting  text of object 'Object Repository/Connexion Usager/Input_MDP' to value ******

2023-11-24 14:13:59 - [MESSAGE][PASSED] - Text ****** has been set on object 'Object Repository/Connexion Usager/Input_MDP'

2023-11-24 14:13:59 - [TEST_STEP][PASSED] - click(findTestObject("Object Repository/Connexion Usager/btn_Sidentifier")): Object: 'Object Repository/Connexion Usager/btn_Sidentifier' is clicked on

2023-11-24 14:13:59 - [MESSAGE][INFO] - Finding Test Object 'Object Repository/Connexion Usager/btn_Sidentifier'

2023-11-24 14:13:59 - [MESSAGE][INFO] - Checking timeout

2023-11-24 14:13:59 - [MESSAGE][INFO] - Finding web element with id: 'Object Repository/Connexion Usager/btn_Sidentifier' located by 'By.xpath: //*[@type= 'submit']' in '20' second(s)

2023-11-24 14:13:59 - [MESSAGE][INFO] - Smart Wait Function is triggered

2023-11-24 14:13:59 - [MESSAGE][INFO] - Found 1 web elements with id: 'Object Repository/Connexion Usager/btn_Sidentifier' located by 'By.xpath: //*[@type= 'submit']' in '20' second(s)

2023-11-24 14:14:00 - [MESSAGE][INFO] - Checking object

2023-11-24 14:14:00 - [MESSAGE][INFO] - Checking timeout

2023-11-24 14:14:00 - [MESSAGE][INFO] - Finding web element from Test Object's properties

2023-11-24 14:14:00 - [MESSAGE][INFO] - Checking timeout

2023-11-24 14:14:00 - [MESSAGE][INFO] - Finding web element with id: 'Object Repository/Connexion Usager/btn_Sidentifier' located by 'By.xpath: //*[@type= 'submit']' in '5' second(s)

2023-11-24 14:14:00 - [MESSAGE][INFO] - Smart Wait Function is triggered

2023-11-24 14:14:00 - [MESSAGE][INFO] - Found 1 web elements with id: 'Object Repository/Connexion Usager/btn_Sidentifier' located by 'By.xpath: //*[@type= 'submit']' in '5' second(s)

2023-11-24 14:14:00 - [MESSAGE][INFO] - Clicking on object: 'Object Repository/Connexion Usager/btn_Sidentifier'

2023-11-24 14:14:14 - [MESSAGE][PASSED] - Object: 'Object Repository/Connexion Usager/btn_Sidentifier' is clicked on

2023-11-24 14:14:14 - [TEST_STEP][PASSED] - delay(15): Delayed 15 second(s)

2023-11-24 14:14:14 - [MESSAGE][INFO] - Delaying browser in 15 second(s)

2023-11-24 14:14:29 - [MESSAGE][PASSED] - Delayed 15 second(s)

2023-11-24 14:14:29 - [TEST_STEP][PASSED] - verifyElementPresent(findTestObject("Object Repository/Page_Accueil_Usager/Span_MesNotifications"), 2, STOP_ON_FAILURE): Object 'Object Repository/Page_Accueil_Usager/Span_MesNotifications' is present

2023-11-24 14:14:29 - [MESSAGE][INFO] - Finding Test Object 'Object Repository/Page_Accueil_Usager/Span_MesNotifications'

2023-11-24 14:14:29 - [MESSAGE][INFO] - Checking object

2023-11-24 14:14:29 - [MESSAGE][INFO] - Finding web element from Test Object's properties

2023-11-24 14:14:29 - [MESSAGE][INFO] - Checking timeout

2023-11-24 14:14:29 - [MESSAGE][INFO] - Finding web element with id: 'Object Repository/Page_Accueil_Usager/Span_MesNotifications' located by 'By.xpath: //*[@id="navBar-new"]/nav/div[3]/div/div/ul/li[1]/a/span' in '2' second(s)

2023-11-24 14:14:29 - [MESSAGE][INFO] - Smart Wait Function is triggered

2023-11-24 14:14:29 - [MESSAGE][INFO] - Found 1 web elements with id: 'Object Repository/Page_Accueil_Usager/Span_MesNotifications' located by 'By.xpath: //*[@id="navBar-new"]/nav/div[3]/div/div/ul/li[1]/a/span' in '2' second(s)

2023-11-24 14:14:29 - [MESSAGE][PASSED] - Object 'Object Repository/Page_Accueil_Usager/Span_MesNotifications' is present

2023-11-24 14:14:29 - [TEST_STEP][PASSED] - if (Profiles == "Agent"): null

2023-11-24 14:14:29 - [TEST_STEP][PASSED] - else: null

2023-11-24 14:14:29 - [TEST_STEP][PASSED] - println("Vérifier le Portail de votre connexion Usager ou Agent"): null

2023-11-24 14:14:29 - [MESSAGE][PASSED] - Call Test Case 'Test Cases/Test Reutilisable/Main/Identification' successfully

2023-11-24 14:14:29 - [TEST_STEP][PASSED] - callTestCase(findTestCase("Test Reutilisable/DemandeOuRenouvelle_TitreSejour/DemandeOuRenouvelleTitreSejour"), [:], STOP_ON_FAILURE): Call Test Case 'Test Cases/Test Reutilisable/DemandeOuRenouvelle_TitreSejour/DemandeOuRenouvelleTitreSejour' successfully

2023-11-24 14:14:29 - [MESSAGE][INFO] - Checking called Test Case

2023-11-24 14:14:29 - [MESSAGE][INFO] - Starting to call Test Case 'Test Cases/Test Reutilisable/DemandeOuRenouvelle_TitreSejour/DemandeOuRenouvelleTitreSejour'

2023-11-24 14:14:29 - [TEST_CASE][PASSED] - Test Cases/Test Reutilisable/DemandeOuRenouvelle_TitreSejour/DemandeOuRenouvelleTitreSejour: Test Cases/Test Reutilisable/DemandeOuRenouvelle_TitreSejour/DemandeOuRenouvelleTitreSejour

2023-11-24 14:14:30 - [TEST_STEP][PASSED] - com.kazurayam.ksbackyard.HighlightElement.pandemic(): com.kazurayam.ksbackyard.HighlightElement.pandemic is PASSED

2023-11-24 14:14:30 - [MESSAGE][PASSED] - com.kazurayam.ksbackyard.HighlightElement.pandemic is PASSED

2023-11-24 14:14:30 - [TEST_STEP][PASSED] - delay(3): Delayed 3 second(s)

2023-11-24 14:14:30 - [MESSAGE][INFO] - Delaying browser in 3 second(s)

2023-11-24 14:14:33 - [MESSAGE][PASSED] - Delayed 3 second(s)

2023-11-24 14:14:33 - [TEST_STEP][PASSED] - doubleClick(findTestObject("Object Repository/Page_Accueil_Usager/btn_DemandeOuRenouvelleTitreSejour")): Object: 'Object Repository/Page_Accueil_Usager/btn_DemandeOuRenouvelleTitreSejour' is double clicked on

2023-11-24 14:14:33 - [MESSAGE][INFO] - Finding Test Object 'Object Repository/Page_Accueil_Usager/btn_DemandeOuRenouvelleTitreSejour'

2023-11-24 14:14:33 - [MESSAGE][INFO] - Checking object

2023-11-24 14:14:33 - [MESSAGE][INFO] - Finding web element from Test Object's properties

2023-11-24 14:14:33 - [MESSAGE][INFO] - Checking timeout

2023-11-24 14:14:33 - [MESSAGE][INFO] - Finding web element with id: 'Object Repository/Page_Accueil_Usager/btn_DemandeOuRenouvelleTitreSejour' located by 'By.xpath: //app-portal//app-portal-root/app-default-root-content/div/div/anef-tile[1]/a/span/span[2]' in '5' second(s)

2023-11-24 14:14:33 - [MESSAGE][INFO] - Smart Wait Function is triggered

2023-11-24 14:14:33 - [MESSAGE][INFO] - Found 1 web elements with id: 'Object Repository/Page_Accueil_Usager/btn_DemandeOuRenouvelleTitreSejour' located by 'By.xpath: //app-portal//app-portal-root/app-default-root-content/div/div/anef-tile[1]/a/span/span[2]' in '5' second(s)

2023-11-24 14:14:33 - [MESSAGE][INFO] - Double clicking on object: 'Object Repository/Page_Accueil_Usager/btn_DemandeOuRenouvelleTitreSejour'

2023-11-24 14:14:33 - [MESSAGE][PASSED] - Object: 'Object Repository/Page_Accueil_Usager/btn_DemandeOuRenouvelleTitreSejour' is double clicked on

2023-11-24 14:14:33 - [TEST_STEP][PASSED] - delay(3): Delayed 3 second(s)

2023-11-24 14:14:33 - [MESSAGE][INFO] - Delaying browser in 3 second(s)

2023-11-24 14:14:36 - [MESSAGE][PASSED] - Delayed 3 second(s)

2023-11-24 14:14:36 - [TEST_STEP][PASSED] - switch (PourQui): null

2023-11-24 14:14:36 - [TEST_STEP][PASSED] - case "Moi-même":: null

2023-11-24 14:14:36 - [TEST_STEP][PASSED] - check(findTestObject("Object Repository/Page_Accueil_Usager/CheckBox_Moi-meme")): Object 'Object Repository/Page_Accueil_Usager/CheckBox_Moi-meme' is checked

2023-11-24 14:14:36 - [MESSAGE][INFO] - Finding Test Object 'Object Repository/Page_Accueil_Usager/CheckBox_Moi-meme'

2023-11-24 14:14:36 - [MESSAGE][INFO] - Checking object

2023-11-24 14:14:36 - [MESSAGE][INFO] - Finding web element from Test Object's properties

2023-11-24 14:14:36 - [MESSAGE][INFO] - Checking timeout

2023-11-24 14:14:36 - [MESSAGE][INFO] - Finding web element with id: 'Object Repository/Page_Accueil_Usager/CheckBox_Moi-meme' located by 'By.xpath: //*/div[1]/app-radio-tree-button/div/p-radiobutton/div/div[2]/span' in '5' second(s)

2023-11-24 14:14:36 - [MESSAGE][INFO] - Smart Wait Function is triggered

2023-11-24 14:14:36 - [MESSAGE][INFO] - Found 1 web elements with id: 'Object Repository/Page_Accueil_Usager/CheckBox_Moi-meme' located by 'By.xpath: //*/div[1]/app-radio-tree-button/div/p-radiobutton/div/div[2]/span' in '5' second(s)

2023-11-24 14:14:36 - [MESSAGE][INFO] - Checking on bject 'Object Repository/Page_Accueil_Usager/CheckBox_Moi-meme'

2023-11-24 14:14:38 - [MESSAGE][PASSED] - Object 'Object Repository/Page_Accueil_Usager/CheckBox_Moi-meme' is checked

2023-11-24 14:14:38 - [TEST_STEP][PASSED] - break: null

2023-11-24 14:14:38 - [TEST_STEP][PASSED] - click(findTestObject("Object Repository/Page_Accueil_Usager/btn_JeContinue")): Object: 'Object Repository/Page_Accueil_Usager/btn_JeContinue' is clicked on

2023-11-24 14:14:38 - [MESSAGE][INFO] - Finding Test Object 'Object Repository/Page_Accueil_Usager/btn_JeContinue'

2023-11-24 14:14:38 - [MESSAGE][INFO] - Checking timeout

2023-11-24 14:14:38 - [MESSAGE][INFO] - Finding web element with id: 'Object Repository/Page_Accueil_Usager/btn_JeContinue' located by 'By.xpath: //*[@ng-reflect-label='Je continue']|/html/body/app-root/div/app-portal/main/app-triage-demandeur/div/div/div/form/div[2]/button/span' in '20' second(s)

2023-11-24 14:14:38 - [MESSAGE][INFO] - Smart Wait Function is triggered

2023-11-24 14:14:38 - [MESSAGE][INFO] - Found 2 web elements with id: 'Object Repository/Page_Accueil_Usager/btn_JeContinue' located by 'By.xpath: //*[@ng-reflect-label='Je continue']|/html/body/app-root/div/app-portal/main/app-triage-demandeur/div/div/div/form/div[2]/button/span' in '20' second(s)

2023-11-24 14:14:38 - [MESSAGE][INFO] - Checking object

2023-11-24 14:14:38 - [MESSAGE][INFO] - Checking timeout

2023-11-24 14:14:38 - [MESSAGE][INFO] - Finding web element from Test Object's properties

2023-11-24 14:14:38 - [MESSAGE][INFO] - Checking timeout

2023-11-24 14:14:38 - [MESSAGE][INFO] - Finding web element with id: 'Object Repository/Page_Accueil_Usager/btn_JeContinue' located by 'By.xpath: //*[@ng-reflect-label='Je continue']|/html/body/app-root/div/app-portal/main/app-triage-demandeur/div/div/div/form/div[2]/button/span' in '5' second(s)

2023-11-24 14:14:38 - [MESSAGE][INFO] - Smart Wait Function is triggered

2023-11-24 14:14:38 - [MESSAGE][INFO] - Found 2 web elements with id: 'Object Repository/Page_Accueil_Usager/btn_JeContinue' located by 'By.xpath: //*[@ng-reflect-label='Je continue']|/html/body/app-root/div/app-portal/main/app-triage-demandeur/div/div/div/form/div[2]/button/span' in '5' second(s)

2023-11-24 14:14:38 - [MESSAGE][INFO] - Clicking on object: 'Object Repository/Page_Accueil_Usager/btn_JeContinue'

2023-11-24 14:14:40 - [MESSAGE][PASSED] - Object: 'Object Repository/Page_Accueil_Usager/btn_JeContinue' is clicked on

2023-11-24 14:14:40 - [MESSAGE][PASSED] - Call Test Case 'Test Cases/Test Reutilisable/DemandeOuRenouvelle_TitreSejour/DemandeOuRenouvelleTitreSejour' successfully

2023-11-24 14:14:40 - [TEST_STEP][PASSED] - callTestCase(findTestCase("Test Reutilisable/DemandeOuRenouvelle_TitreSejour/FormulaireTypeDeTitreDeSejour"), ["TypeTitreDeSejour":TypeTitreDeSejour, "Titre":Titre], STOP_ON_FAILURE): Call Test Case 'Test Cases/Test Reutilisable/DemandeOuRenouvelle_TitreSejour/FormulaireTypeDeTitreDeSejour' successfully

2023-11-24 14:14:40 - [MESSAGE][INFO] - Checking called Test Case

2023-11-24 14:14:40 - [MESSAGE][INFO] - Starting to call Test Case 'Test Cases/Test Reutilisable/DemandeOuRenouvelle_TitreSejour/FormulaireTypeDeTitreDeSejour'

2023-11-24 14:14:41 - [TEST_CASE][PASSED] - Test Cases/Test Reutilisable/DemandeOuRenouvelle_TitreSejour/FormulaireTypeDeTitreDeSejour: Test Cases/Test Reutilisable/DemandeOuRenouvelle_TitreSejour/FormulaireTypeDeTitreDeSejour

2023-11-24 14:14:42 - [TEST_STEP][PASSED] - com.kazurayam.ksbackyard.HighlightElement.pandemic(): com.kazurayam.ksbackyard.HighlightElement.pandemic is PASSED

2023-11-24 14:14:42 - [MESSAGE][PASSED] - com.kazurayam.ksbackyard.HighlightElement.pandemic is PASSED

2023-11-24 14:14:42 - [TEST_STEP][PASSED] - delay(10): Delayed 10 second(s)

2023-11-24 14:14:42 - [MESSAGE][INFO] - Delaying browser in 10 second(s)

2023-11-24 14:14:52 - [MESSAGE][PASSED] - Delayed 10 second(s)

2023-11-24 14:14:52 - [TEST_STEP][PASSED] - switch (TypeTitreDeSejour): null

2023-11-24 14:14:52 - [TEST_STEP][PASSED] - case "FrenchTechVisaForInvestors":: null

2023-11-24 14:14:52 - [TEST_STEP][PASSED] - if (Titre == "Visiteur" || Titre == "Etudiant"): Delayed 5 second(s)

2023-11-24 14:14:52 - [TEST_STEP][PASSED] - check(findTestObject("Object Repository/Page_DemarcheRenouvellement/CheckBox_SolliciteTS_PasseportTalent")): Object 'Object Repository/Page_DemarcheRenouvellement/CheckBox_SolliciteTS_PasseportTalent' is checked

2023-11-24 14:14:52 - [MESSAGE][INFO] - Finding Test Object 'Object Repository/Page_DemarcheRenouvellement/CheckBox_SolliciteTS_PasseportTalent'

2023-11-24 14:14:52 - [MESSAGE][INFO] - Checking object

2023-11-24 14:14:52 - [MESSAGE][INFO] - Finding web element from Test Object's properties

2023-11-24 14:14:52 - [MESSAGE][INFO] - Checking timeout

2023-11-24 14:14:52 - [MESSAGE][INFO] - Finding web element with id: 'Object Repository/Page_DemarcheRenouvellement/CheckBox_SolliciteTS_PasseportTalent' located by 'By.xpath: //*/div[3]/app-radio-tree-button/div/p-radiobutton/div/div[2]/span' in '5' second(s)

2023-11-24 14:14:52 - [MESSAGE][INFO] - Smart Wait Function is triggered

2023-11-24 14:14:52 - [MESSAGE][INFO] - Found 1 web elements with id: 'Object Repository/Page_DemarcheRenouvellement/CheckBox_SolliciteTS_PasseportTalent' located by 'By.xpath: //*/div[3]/app-radio-tree-button/div/p-radiobutton/div/div[2]/span' in '5' second(s)

2023-11-24 14:14:52 - [MESSAGE][INFO] - Checking on bject 'Object Repository/Page_DemarcheRenouvellement/CheckBox_SolliciteTS_PasseportTalent'

2023-11-24 14:14:54 - [MESSAGE][PASSED] - Object 'Object Repository/Page_DemarcheRenouvellement/CheckBox_SolliciteTS_PasseportTalent' is checked

2023-11-24 14:14:54 - [TEST_STEP][PASSED] - check(findTestObject("Object Repository/Page_DemarcheRenouvellement/CheckBox_SolliciteTS_InvestisseurOuPorteurProjetEconomique")): Object 'Object Repository/Page_DemarcheRenouvellement/CheckBox_SolliciteTS_InvestisseurOuPorteurProjetEconomique' is checked

2023-11-24 14:14:54 - [MESSAGE][INFO] - Finding Test Object 'Object Repository/Page_DemarcheRenouvellement/CheckBox_SolliciteTS_InvestisseurOuPorteurProjetEconomique'

2023-11-24 14:14:54 - [MESSAGE][INFO] - Checking object

2023-11-24 14:14:54 - [MESSAGE][INFO] - Finding web element from Test Object's properties

2023-11-24 14:14:54 - [MESSAGE][INFO] - Checking timeout

2023-11-24 14:14:54 - [MESSAGE][INFO] - Finding web element with id: 'Object Repository/Page_DemarcheRenouvellement/CheckBox_SolliciteTS_InvestisseurOuPorteurProjetEconomique' located by 'By.xpath: //div/form/div[1]/div[2]/fieldset/div[3]/app-radio-tree-button/div/div/div[3]/app-radio-tree-button/div/p-radiobutton/div/div[2]/span' in '5' second(s)

2023-11-24 14:14:54 - [MESSAGE][INFO] - Smart Wait Function is triggered

2023-11-24 14:14:54 - [MESSAGE][INFO] - Found 1 web elements with id: 'Object Repository/Page_DemarcheRenouvellement/CheckBox_SolliciteTS_InvestisseurOuPorteurProjetEconomique' located by 'By.xpath: //div/form/div[1]/div[2]/fieldset/div[3]/app-radio-tree-button/div/div/div[3]/app-radio-tree-button/div/p-radiobutton/div/div[2]/span' in '5' second(s)

2023-11-24 14:14:54 - [MESSAGE][INFO] - Checking on bject 'Object Repository/Page_DemarcheRenouvellement/CheckBox_SolliciteTS_InvestisseurOuPorteurProjetEconomique'

2023-11-24 14:14:56 - [MESSAGE][PASSED] - Object 'Object Repository/Page_DemarcheRenouvellement/CheckBox_SolliciteTS_InvestisseurOuPorteurProjetEconomique' is checked

2023-11-24 14:14:56 - [TEST_STEP][PASSED] - click(findTestObject("Object Repository/Page_DemarcheRenouvellement/btn_JeCommence")): Object: 'Object Repository/Page_DemarcheRenouvellement/btn_JeCommence' is clicked on

2023-11-24 14:14:56 - [MESSAGE][INFO] - Finding Test Object 'Object Repository/Page_DemarcheRenouvellement/btn_JeCommence'

2023-11-24 14:14:56 - [MESSAGE][INFO] - Checking timeout

2023-11-24 14:14:56 - [MESSAGE][INFO] - Finding web element with id: 'Object Repository/Page_DemarcheRenouvellement/btn_JeCommence' located by 'By.xpath: //app-informations-declaration//app-actions-bar//button/span[contains(.,'Je continue')]|//app-informations-demande-ptsq//app-actions-bar//button/span[contains(.,'Je continue')]|//*/div[2]/button/span|//button[@type="submit" and contains(., 'Je commence')]|//button[@type="submit" and contains(., 'Je continue')]' in '20' second(s)

2023-11-24 14:14:56 - [MESSAGE][INFO] - Smart Wait Function is triggered

2023-11-24 14:14:56 - [MESSAGE][INFO] - Found 1 web elements with id: 'Object Repository/Page_DemarcheRenouvellement/btn_JeCommence' located by 'By.xpath: //app-informations-declaration//app-actions-bar//button/span[contains(.,'Je continue')]|//app-informations-demande-ptsq//app-actions-bar//button/span[contains(.,'Je continue')]|//*/div[2]/button/span|//button[@type="submit" and contains(., 'Je commence')]|//button[@type="submit" and contains(., 'Je continue')]' in '20' second(s)

2023-11-24 14:14:56 - [MESSAGE][INFO] - Checking object

2023-11-24 14:14:56 - [MESSAGE][INFO] - Checking timeout

2023-11-24 14:14:56 - [MESSAGE][INFO] - Finding web element from Test Object's properties

2023-11-24 14:14:56 - [MESSAGE][INFO] - Checking timeout

2023-11-24 14:14:56 - [MESSAGE][INFO] - Finding web element with id: 'Object Repository/Page_DemarcheRenouvellement/btn_JeCommence' located by 'By.xpath: //app-informations-declaration//app-actions-bar//button/span[contains(.,'Je continue')]|//app-informations-demande-ptsq//app-actions-bar//button/span[contains(.,'Je continue')]|//*/div[2]/button/span|//button[@type="submit" and contains(., 'Je commence')]|//button[@type="submit" and contains(., 'Je continue')]' in '5' second(s)

2023-11-24 14:14:56 - [MESSAGE][INFO] - Smart Wait Function is triggered

2023-11-24 14:14:56 - [MESSAGE][INFO] - Found 1 web elements with id: 'Object Repository/Page_DemarcheRenouvellement/btn_JeCommence' located by 'By.xpath: //app-informations-declaration//app-actions-bar//button/span[contains(.,'Je continue')]|//app-informations-demande-ptsq//app-actions-bar//button/span[contains(.,'Je continue')]|//*/div[2]/button/span|//button[@type="submit" and contains(., 'Je commence')]|//button[@type="submit" and contains(., 'Je continue')]' in '5' second(s)

2023-11-24 14:14:56 - [MESSAGE][INFO] - Clicking on object: 'Object Repository/Page_DemarcheRenouvellement/btn_JeCommence'

2023-11-24 14:14:59 - [MESSAGE][PASSED] - Object: 'Object Repository/Page_DemarcheRenouvellement/btn_JeCommence' is clicked on

2023-11-24 14:14:59 - [TEST_STEP][PASSED] - check(findTestObject("Object Repository/Page_DemarcheRenouvellement/CheckBox_SolliciteTS_TS-PT-FrenchTechVisaForInvestors")): Object 'Object Repository/Page_DemarcheRenouvellement/CheckBox_SolliciteTS_TS-PT-FrenchTechVisaForInvestors' is checked

2023-11-24 14:14:59 - [MESSAGE][INFO] - Finding Test Object 'Object Repository/Page_DemarcheRenouvellement/CheckBox_SolliciteTS_TS-PT-FrenchTechVisaForInvestors'

2023-11-24 14:14:59 - [MESSAGE][INFO] - Checking object

2023-11-24 14:14:59 - [MESSAGE][INFO] - Finding web element from Test Object's properties

2023-11-24 14:14:59 - [MESSAGE][INFO] - Checking timeout

2023-11-24 14:14:59 - [MESSAGE][INFO] - Finding web element with id: 'Object Repository/Page_DemarcheRenouvellement/CheckBox_SolliciteTS_TS-PT-FrenchTechVisaForInvestors' located by 'By.xpath: /html/body/app-root/div/app-portal/main/app-theme-v2/div/app-triage-intermediaire/div/div/div/form/div/div[1]/p-radiobutton/div/div[2]/span' in '5' second(s)

2023-11-24 14:14:59 - [MESSAGE][INFO] - Smart Wait Function is triggered

2023-11-24 14:14:59 - [MESSAGE][INFO] - Smart Wait Function is triggered

2023-11-24 14:14:59 - [MESSAGE][INFO] - Smart Wait Function is triggered

2023-11-24 14:14:59 - [MESSAGE][INFO] - Smart Wait Function is triggered

2023-11-24 14:14:59 - [MESSAGE][INFO] - Smart Wait Function is triggered

2023-11-24 14:14:59 - [MESSAGE][INFO] - Smart Wait Function is triggered

2023-11-24 14:14:59 - [MESSAGE][INFO] - Smart Wait Function is triggered

2023-11-24 14:14:59 - [MESSAGE][INFO] - Smart Wait Function is triggered

2023-11-24 14:14:59 - [MESSAGE][INFO] - Smart Wait Function is triggered

2023-11-24 14:14:59 - [MESSAGE][INFO] - Smart Wait Function is triggered

2023-11-24 14:14:59 - [MESSAGE][INFO] - Smart Wait Function is triggered

2023-11-24 14:14:59 - [MESSAGE][INFO] - Smart Wait Function is triggered

2023-11-24 14:14:59 - [MESSAGE][INFO] - Smart Wait Function is triggered

2023-11-24 14:14:59 - [MESSAGE][INFO] - Smart Wait Function is triggered

2023-11-24 14:14:59 - [MESSAGE][INFO] - Smart Wait Function is triggered

2023-11-24 14:14:59 - [MESSAGE][INFO] - Smart Wait Function is triggered

2023-11-24 14:14:59 - [MESSAGE][INFO] - Smart Wait Function is triggered

2023-11-24 14:14:59 - [MESSAGE][INFO] - Smart Wait Function is triggered

2023-11-24 14:14:59 - [MESSAGE][INFO] - Smart Wait Function is triggered

2023-11-24 14:14:59 - [MESSAGE][INFO] - Smart Wait Function is triggered

2023-11-24 14:14:59 - [MESSAGE][INFO] - Smart Wait Function is triggered

2023-11-24 14:14:59 - [MESSAGE][INFO] - Smart Wait Function is triggered

2023-11-24 14:14:59 - [MESSAGE][INFO] - Smart Wait Function is triggered

2023-11-24 14:14:59 - [MESSAGE][INFO] - Smart Wait Function is triggered

2023-11-24 14:14:59 - [MESSAGE][INFO] - Smart Wait Function is triggered

2023-11-24 14:14:59 - [MESSAGE][INFO] - Smart Wait Function is triggered

2023-11-24 14:14:59 - [MESSAGE][INFO] - Smart Wait Function is triggered

2023-11-24 14:14:59 - [MESSAGE][INFO] - Smart Wait Function is triggered

2023-11-24 14:14:59 - [MESSAGE][INFO] - Smart Wait Function is triggered

2023-11-24 14:14:59 - [MESSAGE][INFO] - Smart Wait Function is triggered

2023-11-24 14:14:59 - [MESSAGE][INFO] - Smart Wait Function is triggered

2023-11-24 14:14:59 - [MESSAGE][INFO] - Smart Wait Function is triggered

2023-11-24 14:14:59 - [MESSAGE][INFO] - Smart Wait Function is triggered

2023-11-24 14:14:59 - [MESSAGE][INFO] - Smart Wait Function is triggered

2023-11-24 14:14:59 - [MESSAGE][INFO] - Smart Wait Function is triggered

2023-11-24 14:15:00 - [MESSAGE][INFO] - Smart Wait Function is triggered

2023-11-24 14:15:00 - [MESSAGE][INFO] - Smart Wait Function is triggered

2023-11-24 14:15:00 - [MESSAGE][INFO] - Smart Wait Function is triggered

2023-11-24 14:15:00 - [MESSAGE][INFO] - Smart Wait Function is triggered

2023-11-24 14:15:00 - [MESSAGE][INFO] - Smart Wait Function is triggered

2023-11-24 14:15:00 - [MESSAGE][INFO] - Smart Wait Function is triggered

2023-11-24 14:15:00 - [MESSAGE][INFO] - Found 1 web elements with id: 'Object Repository/Page_DemarcheRenouvellement/CheckBox_SolliciteTS_TS-PT-FrenchTechVisaForInvestors' located by 'By.xpath: /html/body/app-root/div/app-portal/main/app-theme-v2/div/app-triage-intermediaire/div/div/div/form/div/div[1]/p-radiobutton/div/div[2]/span' in '5' second(s)

2023-11-24 14:15:00 - [MESSAGE][INFO] - Checking on bject 'Object Repository/Page_DemarcheRenouvellement/CheckBox_SolliciteTS_TS-PT-FrenchTechVisaForInvestors'

2023-11-24 14:15:02 - [MESSAGE][PASSED] - Object 'Object Repository/Page_DemarcheRenouvellement/CheckBox_SolliciteTS_TS-PT-FrenchTechVisaForInvestors' is checked

2023-11-24 14:15:02 - [TEST_STEP][PASSED] - click(findTestObject("Object Repository/Page_DemarcheRenouvellement/btn_JeCommence")): Object: 'Object Repository/Page_DemarcheRenouvellement/btn_JeCommence' is clicked on

2023-11-24 14:15:02 - [MESSAGE][INFO] - Finding Test Object 'Object Repository/Page_DemarcheRenouvellement/btn_JeCommence'

2023-11-24 14:15:02 - [MESSAGE][INFO] - Checking timeout

2023-11-24 14:15:02 - [MESSAGE][INFO] - Finding web element with id: 'Object Repository/Page_DemarcheRenouvellement/btn_JeCommence' located by 'By.xpath: //app-informations-declaration//app-actions-bar//button/span[contains(.,'Je continue')]|//app-informations-demande-ptsq//app-actions-bar//button/span[contains(.,'Je continue')]|//*/div[2]/button/span|//button[@type="submit" and contains(., 'Je commence')]|//button[@type="submit" and contains(., 'Je continue')]' in '20' second(s)

2023-11-24 14:15:02 - [MESSAGE][INFO] - Smart Wait Function is triggered

2023-11-24 14:15:02 - [MESSAGE][INFO] - Found 1 web elements with id: 'Object Repository/Page_DemarcheRenouvellement/btn_JeCommence' located by 'By.xpath: //app-informations-declaration//app-actions-bar//button/span[contains(.,'Je continue')]|//app-informations-demande-ptsq//app-actions-bar//button/span[contains(.,'Je continue')]|//*/div[2]/button/span|//button[@type="submit" and contains(., 'Je commence')]|//button[@type="submit" and contains(., 'Je continue')]' in '20' second(s)

2023-11-24 14:15:02 - [MESSAGE][INFO] - Checking object

2023-11-24 14:15:02 - [MESSAGE][INFO] - Checking timeout

2023-11-24 14:15:02 - [MESSAGE][INFO] - Finding web element from Test Object's properties

2023-11-24 14:15:02 - [MESSAGE][INFO] - Checking timeout

2023-11-24 14:15:02 - [MESSAGE][INFO] - Finding web element with id: 'Object Repository/Page_DemarcheRenouvellement/btn_JeCommence' located by 'By.xpath: //app-informations-declaration//app-actions-bar//button/span[contains(.,'Je continue')]|//app-informations-demande-ptsq//app-actions-bar//button/span[contains(.,'Je continue')]|//*/div[2]/button/span|//button[@type="submit" and contains(., 'Je commence')]|//button[@type="submit" and contains(., 'Je continue')]' in '5' second(s)

2023-11-24 14:15:02 - [MESSAGE][INFO] - Smart Wait Function is triggered

2023-11-24 14:15:02 - [MESSAGE][INFO] - Found 1 web elements with id: 'Object Repository/Page_DemarcheRenouvellement/btn_JeCommence' located by 'By.xpath: //app-informations-declaration//app-actions-bar//button/span[contains(.,'Je continue')]|//app-informations-demande-ptsq//app-actions-bar//button/span[contains(.,'Je continue')]|//*/div[2]/button/span|//button[@type="submit" and contains(., 'Je commence')]|//button[@type="submit" and contains(., 'Je continue')]' in '5' second(s)

2023-11-24 14:15:02 - [MESSAGE][INFO] - Clicking on object: 'Object Repository/Page_DemarcheRenouvellement/btn_JeCommence'

2023-11-24 14:15:04 - [MESSAGE][PASSED] - Object: 'Object Repository/Page_DemarcheRenouvellement/btn_JeCommence' is clicked on

2023-11-24 14:15:04 - [TEST_STEP][PASSED] - delay(3): Delayed 3 second(s)

2023-11-24 14:15:04 - [MESSAGE][INFO] - Delaying browser in 3 second(s)

2023-11-24 14:15:07 - [MESSAGE][PASSED] - Delayed 3 second(s)

2023-11-24 14:15:07 - [TEST_STEP][PASSED] - click(findTestObject("Object Repository/Page_DemarcheRenouvellement/Btn_JeContinue")): Object: 'Object Repository/Page_DemarcheRenouvellement/Btn_JeContinue' is clicked on

2023-11-24 14:15:07 - [MESSAGE][INFO] - Finding Test Object 'Object Repository/Page_DemarcheRenouvellement/Btn_JeContinue'

2023-11-24 14:15:07 - [MESSAGE][INFO] - Checking timeout

2023-11-24 14:15:07 - [MESSAGE][INFO] - Finding web element with id: 'Object Repository/Page_DemarcheRenouvellement/Btn_JeContinue' located by 'By.xpath: //button[@type="submit" and contains(., 'Je commence')]|//span[@class="ui-button-text ui-clickable" and contains(., 'Je continue')]|//app-informations-declaration//app-actions-bar//button/span[contains(.,'Je continue')]|//app-informations-demande-ptch/div/app-actions-bar/div/div[2]/div/div[2]/button/span' in '20' second(s)

2023-11-24 14:15:07 - [MESSAGE][INFO] - Smart Wait Function is triggered

2023-11-24 14:15:07 - [MESSAGE][INFO] - Found 1 web elements with id: 'Object Repository/Page_DemarcheRenouvellement/Btn_JeContinue' located by 'By.xpath: //button[@type="submit" and contains(., 'Je commence')]|//span[@class="ui-button-text ui-clickable" and contains(., 'Je continue')]|//app-informations-declaration//app-actions-bar//button/span[contains(.,'Je continue')]|//app-informations-demande-ptch/div/app-actions-bar/div/div[2]/div/div[2]/button/span' in '20' second(s)

2023-11-24 14:15:07 - [MESSAGE][INFO] - Checking object

2023-11-24 14:15:07 - [MESSAGE][INFO] - Checking timeout

2023-11-24 14:15:07 - [MESSAGE][INFO] - Finding web element from Test Object's properties

2023-11-24 14:15:07 - [MESSAGE][INFO] - Checking timeout

2023-11-24 14:15:07 - [MESSAGE][INFO] - Finding web element with id: 'Object Repository/Page_DemarcheRenouvellement/Btn_JeContinue' located by 'By.xpath: //button[@type="submit" and contains(., 'Je commence')]|//span[@class="ui-button-text ui-clickable" and contains(., 'Je continue')]|//app-informations-declaration//app-actions-bar//button/span[contains(.,'Je continue')]|//app-informations-demande-ptch/div/app-actions-bar/div/div[2]/div/div[2]/button/span' in '5' second(s)

2023-11-24 14:15:07 - [MESSAGE][INFO] - Smart Wait Function is triggered

2023-11-24 14:15:07 - [MESSAGE][INFO] - Found 1 web elements with id: 'Object Repository/Page_DemarcheRenouvellement/Btn_JeContinue' located by 'By.xpath: //button[@type="submit" and contains(., 'Je commence')]|//span[@class="ui-button-text ui-clickable" and contains(., 'Je continue')]|//app-informations-declaration//app-actions-bar//button/span[contains(.,'Je continue')]|//app-informations-demande-ptch/div/app-actions-bar/div/div[2]/div/div[2]/button/span' in '5' second(s)

2023-11-24 14:15:07 - [MESSAGE][INFO] - Clicking on object: 'Object Repository/Page_DemarcheRenouvellement/Btn_JeContinue'

2023-11-24 14:15:09 - [MESSAGE][PASSED] - Object: 'Object Repository/Page_DemarcheRenouvellement/Btn_JeContinue' is clicked on

2023-11-24 14:15:09 - [TEST_STEP][PASSED] - delay(5): Delayed 5 second(s)

2023-11-24 14:15:09 - [MESSAGE][INFO] - Delaying browser in 5 second(s)

2023-11-24 14:15:14 - [MESSAGE][PASSED] - Delayed 5 second(s)

2023-11-24 14:15:14 - [TEST_STEP][PASSED] - break: null

2023-11-24 14:15:14 - [TEST_STEP][PASSED] - "Vérification s il y a un message Erreur : Il est trop tôt pour demander le renouvellement de votre titre.": null

2023-11-24 14:15:14 - [TEST_STEP][PASSED] - MsgAlertPresent = verifyElementPresent(findTestObject("Object Repository/Page_Accueil_Usager/Verif_PopUpTropTotPourDemanderLeRenouvellementDeVotreTitre"), 1, OPTIONAL): com.kms.katalon.core.webui.exception.WebElementNotFoundException: Web element with id: 'Object Repository/Page_Accueil_Usager/Verif_PopUpTropTotPourDemanderLeRenouvellementDeVotreTitre' located by '/html/body/app-root/div/app-portal/main/app-theme-v2/div/app-triage/div/div/div/form/div[2]/div/p-message/div/span[2]' not found (Root cause: com.kms.katalon.core.exception.StepFailedException: com.kms.katalon.core.webui.exception.WebElementNotFoundException: Web element with id: 'Object Repository/Page_Accueil_Usager/Verif_PopUpTropTotPourDemanderLeRenouvellementDeVotreTitre' located by '/html/body/app-root/div/app-portal/main/app-theme-v2/div/app-triage/div/div/div/form/div[2]/div/p-message/div/span[2]' not found
	at com.kms.katalon.core.webui.keyword.internal.WebUIKeywordMain.stepFailed(WebUIKeywordMain.groovy:64)
	at com.kms.katalon.core.webui.keyword.builtin.VerifyElementPresentKeyword$_verifyElementPresent_closure1.doCall(VerifyElementPresentKeyword.groovy:85)
	at com.kms.katalon.core.webui.keyword.builtin.VerifyElementPresentKeyword$_verifyElementPresent_closure1.call(VerifyElementPresentKeyword.groovy)
	at com.kms.katalon.core.webui.keyword.internal.WebUIKeywordMain.runKeyword(WebUIKeywordMain.groovy:20)
	at com.kms.katalon.core.webui.keyword.builtin.VerifyElementPresentKeyword.verifyElementPresent(VerifyElementPresentKeyword.groovy:92)
	at com.kms.katalon.core.webui.keyword.builtin.VerifyElementPresentKeyword.execute(VerifyElementPresentKeyword.groovy:68)
	at com.kms.katalon.core.keyword.internal.KeywordExecutor.executeKeywordForPlatform(KeywordExecutor.groovy:74)
	at com.kms.katalon.core.webui.keyword.WebUiBuiltInKeywords.verifyElementPresent(WebUiBuiltInKeywords.groovy:1448)
	at com.kazurayam.ksbackyard.HighlightElement$_pandemic_closure1.doCall(HighlightElement.groovy:105)
	at FormulaireTypeDeTitreDeSejour.run(FormulaireTypeDeTitreDeSejour:305)
	at com.kms.katalon.core.main.ScriptEngine.run(ScriptEngine.java:194)
	at com.kms.katalon.core.main.ScriptEngine.runScriptAsRawText(ScriptEngine.java:119)
	at com.kms.katalon.core.main.TestCaseExecutor.runScript(TestCaseExecutor.java:448)
	at com.kms.katalon.core.main.TestCaseExecutor.doExecute(TestCaseExecutor.java:439)
	at com.kms.katalon.core.main.TestCaseExecutor.processExecutionPhase(TestCaseExecutor.java:418)
	at com.kms.katalon.core.main.TestCaseExecutor.accessMainPhase(TestCaseExecutor.java:410)
	at com.kms.katalon.core.main.TestCaseExecutor.execute(TestCaseExecutor.java:285)
	at com.kms.katalon.core.main.TestCaseMain.runTestCase(TestCaseMain.java:144)
	at com.kms.katalon.core.keyword.builtin.CallTestCaseKeyword$_callTestCase_closure1.doCall(CallTestCaseKeyword.groovy:59)
	at com.kms.katalon.core.keyword.builtin.CallTestCaseKeyword$_callTestCase_closure1.call(CallTestCaseKeyword.groovy)
	at com.kms.katalon.core.keyword.internal.KeywordMain.runKeyword(KeywordMain.groovy:75)
	at com.kms.katalon.core.keyword.builtin.CallTestCaseKeyword.callTestCase(CallTestCaseKeyword.groovy:81)
	at com.kms.katalon.core.keyword.builtin.CallTestCaseKeyword.execute(CallTestCaseKeyword.groovy:44)
	at com.kms.katalon.core.keyword.internal.KeywordExecutor.executeKeywordForPlatform(KeywordExecutor.groovy:74)
	at com.kms.katalon.core.keyword.BuiltinKeywords.callTestCase(BuiltinKeywords.groovy:310)
	at com.kazurayam.ksbackyard.HighlightElement$_pandemic_closure1.doCall(HighlightElement.groovy:105)
	at TNR R.TSPT Supp90-Etudiant.run(TNR R.TSPT Supp90-Etudiant:43)
	at com.kms.katalon.core.main.ScriptEngine.run(ScriptEngine.java:194)
	at com.kms.katalon.core.main.ScriptEngine.runScriptAsRawText(ScriptEngine.java:119)
	at com.kms.katalon.core.main.TestCaseExecutor.runScript(TestCaseExecutor.java:448)
	at com.kms.katalon.core.main.TestCaseExecutor.doExecute(TestCaseExecutor.java:439)
	at com.kms.katalon.core.main.TestCaseExecutor.processExecutionPhase(TestCaseExecutor.java:418)
	at com.kms.katalon.core.main.TestCaseExecutor.accessMainPhase(TestCaseExecutor.java:410)
	at com.kms.katalon.core.main.TestCaseExecutor.execute(TestCaseExecutor.java:285)
	at com.kms.katalon.core.common.CommonExecutor.accessTestCaseMainPhase(CommonExecutor.java:65)
	at com.kms.katalon.core.main.TestSuiteExecutor.accessTestSuiteMainPhase(TestSuiteExecutor.java:148)
	at com.kms.katalon.core.main.TestSuiteExecutor.execute(TestSuiteExecutor.java:106)
	at com.kms.katalon.core.main.TestCaseMain.startTestSuite(TestCaseMain.java:187)
	at com.kms.katalon.core.main.TestCaseMain$startTestSuite$0.call(Unknown Source)
	at TempTestSuite1700831548882.run(TempTestSuite1700831548882.groovy:36)
)

2023-11-24 14:15:14 - [MESSAGE][INFO] - Finding Test Object 'Object Repository/Page_Accueil_Usager/Verif_PopUpTropTotPourDemanderLeRenouvellementDeVotreTitre'

2023-11-24 14:15:14 - [MESSAGE][INFO] - Checking object

2023-11-24 14:15:14 - [MESSAGE][INFO] - Finding web element from Test Object's properties

2023-11-24 14:15:14 - [MESSAGE][INFO] - Checking timeout

2023-11-24 14:15:14 - [MESSAGE][INFO] - Finding web element with id: 'Object Repository/Page_Accueil_Usager/Verif_PopUpTropTotPourDemanderLeRenouvellementDeVotreTitre' located by 'By.xpath: /html/body/app-root/div/app-portal/main/app-theme-v2/div/app-triage/div/div/div/form/div[2]/div/p-message/div/span[2]' in '1' second(s)

2023-11-24 14:15:14 - [MESSAGE][INFO] - Smart Wait Function is triggered

2023-11-24 14:15:14 - [MESSAGE][INFO] - Smart Wait Function is triggered

2023-11-24 14:15:14 - [MESSAGE][INFO] - Smart Wait Function is triggered

2023-11-24 14:15:14 - [MESSAGE][INFO] - Smart Wait Function is triggered

2023-11-24 14:15:14 - [MESSAGE][INFO] - Smart Wait Function is triggered

2023-11-24 14:15:14 - [MESSAGE][INFO] - Smart Wait Function is triggered

2023-11-24 14:15:14 - [MESSAGE][INFO] - Smart Wait Function is triggered

2023-11-24 14:15:14 - [MESSAGE][INFO] - Smart Wait Function is triggered

2023-11-24 14:15:14 - [MESSAGE][INFO] - Smart Wait Function is triggered

2023-11-24 14:15:14 - [MESSAGE][INFO] - Smart Wait Function is triggered

2023-11-24 14:15:14 - [MESSAGE][INFO] - Smart Wait Function is triggered

2023-11-24 14:15:14 - [MESSAGE][INFO] - Smart Wait Function is triggered

2023-11-24 14:15:14 - [MESSAGE][INFO] - Smart Wait Function is triggered

2023-11-24 14:15:15 - [MESSAGE][INFO] - Smart Wait Function is triggered

2023-11-24 14:15:15 - [MESSAGE][INFO] - Smart Wait Function is triggered

2023-11-24 14:15:15 - [MESSAGE][INFO] - Smart Wait Function is triggered

2023-11-24 14:15:15 - [MESSAGE][INFO] - Smart Wait Function is triggered

2023-11-24 14:15:15 - [MESSAGE][INFO] - Smart Wait Function is triggered

2023-11-24 14:15:15 - [MESSAGE][INFO] - Smart Wait Function is triggered

2023-11-24 14:15:15 - [MESSAGE][INFO] - Smart Wait Function is triggered

2023-11-24 14:15:15 - [MESSAGE][INFO] - Smart Wait Function is triggered

2023-11-24 14:15:15 - [MESSAGE][INFO] - Smart Wait Function is triggered

2023-11-24 14:15:15 - [MESSAGE][INFO] - Smart Wait Function is triggered

2023-11-24 14:15:15 - [MESSAGE][INFO] - Smart Wait Function is triggered

2023-11-24 14:15:15 - [MESSAGE][INFO] - Smart Wait Function is triggered

2023-11-24 14:15:15 - [MESSAGE][INFO] - Smart Wait Function is triggered

2023-11-24 14:15:15 - [MESSAGE][INFO] - Smart Wait Function is triggered

2023-11-24 14:15:15 - [MESSAGE][INFO] - Smart Wait Function is triggered

2023-11-24 14:15:15 - [MESSAGE][INFO] - Smart Wait Function is triggered

2023-11-24 14:15:15 - [MESSAGE][INFO] - Smart Wait Function is triggered

2023-11-24 14:15:15 - [MESSAGE][INFO] - Smart Wait Function is triggered

2023-11-24 14:15:15 - [MESSAGE][INFO] - Smart Wait Function is triggered

2023-11-24 14:15:15 - [MESSAGE][INFO] - Smart Wait Function is triggered

2023-11-24 14:15:15 - [MESSAGE][INFO] - Smart Wait Function is triggered

2023-11-24 14:15:15 - [MESSAGE][INFO] - Smart Wait Function is triggered

2023-11-24 14:15:15 - [MESSAGE][INFO] - Smart Wait Function is triggered

2023-11-24 14:15:15 - [MESSAGE][INFO] - Smart Wait Function is triggered

2023-11-24 14:15:15 - [MESSAGE][INFO] - Smart Wait Function is triggered

2023-11-24 14:15:15 - [MESSAGE][INFO] - Smart Wait Function is triggered

2023-11-24 14:15:15 - [MESSAGE][INFO] - Smart Wait Function is triggered

2023-11-24 14:15:15 - [MESSAGE][INFO] - Smart Wait Function is triggered

2023-11-24 14:15:15 - [MESSAGE][INFO] - Smart Wait Function is triggered

2023-11-24 14:15:15 - [MESSAGE][INFO] - Smart Wait Function is triggered

2023-11-24 14:15:15 - [MESSAGE][INFO] - Smart Wait Function is triggered

2023-11-24 14:15:15 - [MESSAGE][INFO] - Smart Wait Function is triggered

2023-11-24 14:15:15 - [MESSAGE][INFO] - Smart Wait Function is triggered

2023-11-24 14:15:15 - [MESSAGE][INFO] - Smart Wait Function is triggered

2023-11-24 14:15:15 - [MESSAGE][INFO] - Smart Wait Function is triggered

2023-11-24 14:15:15 - [MESSAGE][INFO] - Smart Wait Function is triggered

2023-11-24 14:15:15 - [MESSAGE][INFO] - Smart Wait Function is triggered

2023-11-24 14:15:15 - [MESSAGE][INFO] - Smart Wait Function is triggered

2023-11-24 14:15:15 - [MESSAGE][INFO] - Smart Wait Function is triggered

2023-11-24 14:15:15 - [MESSAGE][INFO] - Smart Wait Function is triggered

2023-11-24 14:15:15 - [MESSAGE][INFO] - Smart Wait Function is triggered

2023-11-24 14:15:15 - [MESSAGE][INFO] - Smart Wait Function is triggered

2023-11-24 14:15:15 - [MESSAGE][INFO] - Smart Wait Function is triggered

2023-11-24 14:15:15 - [MESSAGE][INFO] - Smart Wait Function is triggered

2023-11-24 14:15:15 - [MESSAGE][INFO] - Smart Wait Function is triggered

2023-11-24 14:15:15 - [MESSAGE][INFO] - Smart Wait Function is triggered

2023-11-24 14:15:15 - [MESSAGE][INFO] - Smart Wait Function is triggered

2023-11-24 14:15:15 - [MESSAGE][INFO] - Smart Wait Function is triggered

2023-11-24 14:15:15 - [MESSAGE][INFO] - Smart Wait Function is triggered

2023-11-24 14:15:15 - [MESSAGE][INFO] - Smart Wait Function is triggered

2023-11-24 14:15:15 - [MESSAGE][INFO] - Smart Wait Function is triggered

2023-11-24 14:15:16 - [MESSAGE][INFO] - Smart Wait Function is triggered

2023-11-24 14:15:16 - [MESSAGE][INFO] - Smart Wait Function is triggered

2023-11-24 14:15:16 - [MESSAGE][INFO] - Smart Wait Function is triggered

2023-11-24 14:15:16 - [MESSAGE][INFO] - Smart Wait Function is triggered

2023-11-24 14:15:16 - [MESSAGE][INFO] - Smart Wait Function is triggered

2023-11-24 14:15:16 - [MESSAGE][INFO] - Smart Wait Function is triggered

2023-11-24 14:15:16 - [MESSAGE][INFO] - Smart Wait Function is triggered

2023-11-24 14:15:16 - [MESSAGE][INFO] - Smart Wait Function is triggered

2023-11-24 14:15:16 - [MESSAGE][INFO] - Smart Wait Function is triggered

2023-11-24 14:15:16 - [MESSAGE][INFO] - Smart Wait Function is triggered

2023-11-24 14:15:16 - [MESSAGE][INFO] - Smart Wait Function is triggered

2023-11-24 14:15:16 - [MESSAGE][INFO] - Smart Wait Function is triggered

2023-11-24 14:15:16 - [MESSAGE][INFO] - Smart Wait Function is triggered

2023-11-24 14:15:16 - [MESSAGE][INFO] - Smart Wait Function is triggered

2023-11-24 14:15:16 - [MESSAGE][INFO] - Smart Wait Function is triggered

2023-11-24 14:15:16 - [MESSAGE][INFO] - Smart Wait Function is triggered

2023-11-24 14:15:16 - [MESSAGE][INFO] - Smart Wait Function is triggered

2023-11-24 14:15:16 - [MESSAGE][INFO] - Smart Wait Function is triggered

2023-11-24 14:15:16 - [MESSAGE][INFO] - Smart Wait Function is triggered

2023-11-24 14:15:16 - [MESSAGE][INFO] - Smart Wait Function is triggered

2023-11-24 14:15:16 - [MESSAGE][INFO] - Smart Wait Function is triggered

2023-11-24 14:15:16 - [MESSAGE][INFO] - Smart Wait Function is triggered

2023-11-24 14:15:16 - [MESSAGE][INFO] - Smart Wait Function is triggered

2023-11-24 14:15:16 - [MESSAGE][INFO] - Smart Wait Function is triggered

2023-11-24 14:15:16 - [MESSAGE][INFO] - Smart Wait Function is triggered

2023-11-24 14:15:16 - [MESSAGE][INFO] - Smart Wait Function is triggered

2023-11-24 14:15:16 - [MESSAGE][INFO] - Smart Wait Function is triggered

2023-11-24 14:15:16 - [MESSAGE][INFO] - Smart Wait Function is triggered

2023-11-24 14:15:16 - [MESSAGE][INFO] - Smart Wait Function is triggered

2023-11-24 14:15:16 - [MESSAGE][INFO] - Smart Wait Function is triggered

2023-11-24 14:15:16 - [MESSAGE][INFO] - Smart Wait Function is triggered

2023-11-24 14:15:16 - [MESSAGE][INFO] - Smart Wait Function is triggered

2023-11-24 14:15:16 - [MESSAGE][INFO] - Smart Wait Function is triggered

2023-11-24 14:15:16 - [MESSAGE][INFO] - Smart Wait Function is triggered

2023-11-24 14:15:16 - [MESSAGE][INFO] - Smart Wait Function is triggered

2023-11-24 14:15:16 - [MESSAGE][INFO] - Unable to find the element located by 'By.xpath: /html/body/app-root/div/app-portal/main/app-theme-v2/div/app-triage/div/div/div/form/div[2]/div/p-message/div/span[2]'. Please recheck the objects properties to make sure the desired element is located. 

2023-11-24 14:15:17 - [MESSAGE][WARNING] - com.kms.katalon.core.webui.exception.WebElementNotFoundException: Web element with id: 'Object Repository/Page_Accueil_Usager/Verif_PopUpTropTotPourDemanderLeRenouvellementDeVotreTitre' located by '/html/body/app-root/div/app-portal/main/app-theme-v2/div/app-triage/div/div/div/form/div[2]/div/p-message/div/span[2]' not found (Root cause: com.kms.katalon.core.exception.StepFailedException: com.kms.katalon.core.webui.exception.WebElementNotFoundException: Web element with id: 'Object Repository/Page_Accueil_Usager/Verif_PopUpTropTotPourDemanderLeRenouvellementDeVotreTitre' located by '/html/body/app-root/div/app-portal/main/app-theme-v2/div/app-triage/div/div/div/form/div[2]/div/p-message/div/span[2]' not found
	at com.kms.katalon.core.webui.keyword.internal.WebUIKeywordMain.stepFailed(WebUIKeywordMain.groovy:64)
	at com.kms.katalon.core.webui.keyword.builtin.VerifyElementPresentKeyword$_verifyElementPresent_closure1.doCall(VerifyElementPresentKeyword.groovy:85)
	at com.kms.katalon.core.webui.keyword.builtin.VerifyElementPresentKeyword$_verifyElementPresent_closure1.call(VerifyElementPresentKeyword.groovy)
	at com.kms.katalon.core.webui.keyword.internal.WebUIKeywordMain.runKeyword(WebUIKeywordMain.groovy:20)
	at com.kms.katalon.core.webui.keyword.builtin.VerifyElementPresentKeyword.verifyElementPresent(VerifyElementPresentKeyword.groovy:92)
	at com.kms.katalon.core.webui.keyword.builtin.VerifyElementPresentKeyword.execute(VerifyElementPresentKeyword.groovy:68)
	at com.kms.katalon.core.keyword.internal.KeywordExecutor.executeKeywordForPlatform(KeywordExecutor.groovy:74)
	at com.kms.katalon.core.webui.keyword.WebUiBuiltInKeywords.verifyElementPresent(WebUiBuiltInKeywords.groovy:1448)
	at com.kazurayam.ksbackyard.HighlightElement$_pandemic_closure1.doCall(HighlightElement.groovy:105)
	at FormulaireTypeDeTitreDeSejour.run(FormulaireTypeDeTitreDeSejour:305)
	at com.kms.katalon.core.main.ScriptEngine.run(ScriptEngine.java:194)
	at com.kms.katalon.core.main.ScriptEngine.runScriptAsRawText(ScriptEngine.java:119)
	at com.kms.katalon.core.main.TestCaseExecutor.runScript(TestCaseExecutor.java:448)
	at com.kms.katalon.core.main.TestCaseExecutor.doExecute(TestCaseExecutor.java:439)
	at com.kms.katalon.core.main.TestCaseExecutor.processExecutionPhase(TestCaseExecutor.java:418)
	at com.kms.katalon.core.main.TestCaseExecutor.accessMainPhase(TestCaseExecutor.java:410)
	at com.kms.katalon.core.main.TestCaseExecutor.execute(TestCaseExecutor.java:285)
	at com.kms.katalon.core.main.TestCaseMain.runTestCase(TestCaseMain.java:144)
	at com.kms.katalon.core.keyword.builtin.CallTestCaseKeyword$_callTestCase_closure1.doCall(CallTestCaseKeyword.groovy:59)
	at com.kms.katalon.core.keyword.builtin.CallTestCaseKeyword$_callTestCase_closure1.call(CallTestCaseKeyword.groovy)
	at com.kms.katalon.core.keyword.internal.KeywordMain.runKeyword(KeywordMain.groovy:75)
	at com.kms.katalon.core.keyword.builtin.CallTestCaseKeyword.callTestCase(CallTestCaseKeyword.groovy:81)
	at com.kms.katalon.core.keyword.builtin.CallTestCaseKeyword.execute(CallTestCaseKeyword.groovy:44)
	at com.kms.katalon.core.keyword.internal.KeywordExecutor.executeKeywordForPlatform(KeywordExecutor.groovy:74)
	at com.kms.katalon.core.keyword.BuiltinKeywords.callTestCase(BuiltinKeywords.groovy:310)
	at com.kazurayam.ksbackyard.HighlightElement$_pandemic_closure1.doCall(HighlightElement.groovy:105)
	at TNR R.TSPT Supp90-Etudiant.run(TNR R.TSPT Supp90-Etudiant:43)
	at com.kms.katalon.core.main.ScriptEngine.run(ScriptEngine.java:194)
	at com.kms.katalon.core.main.ScriptEngine.runScriptAsRawText(ScriptEngine.java:119)
	at com.kms.katalon.core.main.TestCaseExecutor.runScript(TestCaseExecutor.java:448)
	at com.kms.katalon.core.main.TestCaseExecutor.doExecute(TestCaseExecutor.java:439)
	at com.kms.katalon.core.main.TestCaseExecutor.processExecutionPhase(TestCaseExecutor.java:418)
	at com.kms.katalon.core.main.TestCaseExecutor.accessMainPhase(TestCaseExecutor.java:410)
	at com.kms.katalon.core.main.TestCaseExecutor.execute(TestCaseExecutor.java:285)
	at com.kms.katalon.core.common.CommonExecutor.accessTestCaseMainPhase(CommonExecutor.java:65)
	at com.kms.katalon.core.main.TestSuiteExecutor.accessTestSuiteMainPhase(TestSuiteExecutor.java:148)
	at com.kms.katalon.core.main.TestSuiteExecutor.execute(TestSuiteExecutor.java:106)
	at com.kms.katalon.core.main.TestCaseMain.startTestSuite(TestCaseMain.java:187)
	at com.kms.katalon.core.main.TestCaseMain$startTestSuite$0.call(Unknown Source)
	at TempTestSuite1700831548882.run(TempTestSuite1700831548882.groovy:36)
)
[[ATTACHMENT|C:\\Users\\ISSAM.RHARBAOUI\\git\\22_11\\ANEF-AutomatizationProject\\Reports\\20231124_141228\\TS_TNR_R.TSPT_Suppo90\\20231124_141228\\1700831716813.png]]

2023-11-24 14:15:17 - [TEST_STEP][PASSED] - if (MsgAlertPresent): null

2023-11-24 14:15:17 - [TEST_STEP][PASSED] - else:  C'est le bon Moment pour demander le renouvellement de votre titre.

2023-11-24 14:15:17 - [TEST_STEP][PASSED] - markPassed(" C'est le bon Moment pour demander le renouvellement de votre titre."):  C'est le bon Moment pour demander le renouvellement de votre titre.

2023-11-24 14:15:17 - [MESSAGE][PASSED] -  C'est le bon Moment pour demander le renouvellement de votre titre.

2023-11-24 14:15:17 - [MESSAGE][PASSED] - Call Test Case 'Test Cases/Test Reutilisable/DemandeOuRenouvelle_TitreSejour/FormulaireTypeDeTitreDeSejour' successfully

2023-11-24 14:15:17 - [TEST_STEP][FAILED] - callTestCase(findTestCase("Test Reutilisable/DemandeOuRenouvelle_TitreSejour/FormulaireInformationsPersonnelles"), ["AdresseUsager":AdresseUsager, "NumeroTelephoneUsager":NumeroTelephoneUsager], STOP_ON_FAILURE): Unable to call Test Case 'Test Cases/Test Reutilisable/DemandeOuRenouvelle_TitreSejour/FormulaireInformationsPersonnelles' (Root cause: com.kms.katalon.core.exception.StepFailedException: Call Test Case 'Test Cases/Test Reutilisable/DemandeOuRenouvelle_TitreSejour/FormulaireInformationsPersonnelles' failed
	at com.kms.katalon.core.keyword.builtin.CallTestCaseKeyword$_callTestCase_closure1.doCall(CallTestCaseKeyword.groovy:63)
	at com.kms.katalon.core.keyword.builtin.CallTestCaseKeyword$_callTestCase_closure1.call(CallTestCaseKeyword.groovy)
	at com.kms.katalon.core.keyword.internal.KeywordMain.runKeyword(KeywordMain.groovy:75)
	at com.kms.katalon.core.keyword.builtin.CallTestCaseKeyword.callTestCase(CallTestCaseKeyword.groovy:81)
	at com.kms.katalon.core.keyword.builtin.CallTestCaseKeyword.execute(CallTestCaseKeyword.groovy:44)
	at com.kms.katalon.core.keyword.internal.KeywordExecutor.executeKeywordForPlatform(KeywordExecutor.groovy:74)
	at com.kms.katalon.core.keyword.BuiltinKeywords.callTestCase(BuiltinKeywords.groovy:310)
	at com.kazurayam.ksbackyard.HighlightElement$_pandemic_closure1.doCall(HighlightElement.groovy:105)
	at TNR R.TSPT Supp90-Etudiant.run(TNR R.TSPT Supp90-Etudiant:47)
	at com.kms.katalon.core.main.ScriptEngine.run(ScriptEngine.java:194)
	at com.kms.katalon.core.main.ScriptEngine.runScriptAsRawText(ScriptEngine.java:119)
	at com.kms.katalon.core.main.TestCaseExecutor.runScript(TestCaseExecutor.java:448)
	at com.kms.katalon.core.main.TestCaseExecutor.doExecute(TestCaseExecutor.java:439)
	at com.kms.katalon.core.main.TestCaseExecutor.processExecutionPhase(TestCaseExecutor.java:418)
	at com.kms.katalon.core.main.TestCaseExecutor.accessMainPhase(TestCaseExecutor.java:410)
	at com.kms.katalon.core.main.TestCaseExecutor.execute(TestCaseExecutor.java:285)
	at com.kms.katalon.core.common.CommonExecutor.accessTestCaseMainPhase(CommonExecutor.java:65)
	at com.kms.katalon.core.main.TestSuiteExecutor.accessTestSuiteMainPhase(TestSuiteExecutor.java:148)
	at com.kms.katalon.core.main.TestSuiteExecutor.execute(TestSuiteExecutor.java:106)
	at com.kms.katalon.core.main.TestCaseMain.startTestSuite(TestCaseMain.java:187)
	at com.kms.katalon.core.main.TestCaseMain$startTestSuite$0.call(Unknown Source)
	at TempTestSuite1700831548882.run(TempTestSuite1700831548882.groovy:36)
Caused by: com.kms.katalon.core.exception.StepFailedException: Unable to set text '3 rue des 3 moulins 77000 melun' of object 'Object Repository/Page_InformationPersonnelles_Usager/Input_AdresseUsager'
	at com.kms.katalon.core.webui.keyword.internal.WebUIKeywordMain.stepFailed(WebUIKeywordMain.groovy:64)
	at com.kms.katalon.core.webui.keyword.internal.WebUIKeywordMain.runKeyword(WebUIKeywordMain.groovy:26)
	at com.kms.katalon.core.webui.keyword.builtin.SetTextKeyword.setText(SetTextKeyword.groovy:66)
	at com.kms.katalon.core.webui.keyword.builtin.SetTextKeyword.execute(SetTextKeyword.groovy:37)
	at com.kms.katalon.core.keyword.internal.KeywordExecutor.executeKeywordForPlatform(KeywordExecutor.groovy:74)
	at com.kms.katalon.core.webui.keyword.WebUiBuiltInKeywords.setText(WebUiBuiltInKeywords.groovy:980)
	at com.kazurayam.ksbackyard.HighlightElement$_pandemic_closure1.doCall(HighlightElement.groovy:105)
	at FormulaireInformationsPersonnelles.run(FormulaireInformationsPersonnelles:41)
	at com.kms.katalon.core.main.ScriptEngine.run(ScriptEngine.java:194)
	at com.kms.katalon.core.main.ScriptEngine.runScriptAsRawText(ScriptEngine.java:119)
	at com.kms.katalon.core.main.TestCaseExecutor.runScript(TestCaseExecutor.java:448)
	at com.kms.katalon.core.main.TestCaseExecutor.doExecute(TestCaseExecutor.java:439)
	at com.kms.katalon.core.main.TestCaseExecutor.processExecutionPhase(TestCaseExecutor.java:418)
	at com.kms.katalon.core.main.TestCaseExecutor.accessMainPhase(TestCaseExecutor.java:410)
	at com.kms.katalon.core.main.TestCaseExecutor.execute(TestCaseExecutor.java:285)
	at com.kms.katalon.core.main.TestCaseMain.runTestCase(TestCaseMain.java:144)
	at com.kms.katalon.core.keyword.builtin.CallTestCaseKeyword$_callTestCase_closure1.doCall(CallTestCaseKeyword.groovy:59)
	... 21 more
Caused by: com.kms.katalon.core.webui.exception.WebElementNotFoundException: Web element with id: 'Object Repository/Page_InformationPersonnelles_Usager/Input_AdresseUsager' located by '//app-informations-personnelles//app-adresse-etalab//app-vls-ts-etalab//div/input|//app-informations-personnelles-shared//app-adresse-etalab//app-vls-ts-etalab//div/input' not found
	at com.kms.katalon.core.webui.common.WebUiCommonHelper.findWebElement(WebUiCommonHelper.java:1381)
	at com.kms.katalon.core.webui.keyword.internal.WebUIAbstractKeyword.findWebElement(WebUIAbstractKeyword.groovy:27)
	at com.kms.katalon.core.webui.keyword.internal.WebUIAbstractKeyword.findWebElement(WebUIAbstractKeyword.groovy:26)
	at com.kms.katalon.core.webui.keyword.builtin.SetTextKeyword$_setText_closure1.doCall(SetTextKeyword.groovy:51)
	at com.kms.katalon.core.webui.keyword.builtin.SetTextKeyword$_setText_closure1.call(SetTextKeyword.groovy)
	at com.kms.katalon.core.webui.keyword.internal.WebUIKeywordMain.runKeyword(WebUIKeywordMain.groovy:20)
	... 36 more
)

2023-11-24 14:15:17 - [MESSAGE][INFO] - Checking called Test Case

2023-11-24 14:15:17 - [MESSAGE][INFO] - Starting to call Test Case 'Test Cases/Test Reutilisable/DemandeOuRenouvelle_TitreSejour/FormulaireInformationsPersonnelles'

2023-11-24 14:15:17 - [TEST_CASE][FAILED] - Test Cases/Test Reutilisable/DemandeOuRenouvelle_TitreSejour/FormulaireInformationsPersonnelles: Test Cases/Test Reutilisable/DemandeOuRenouvelle_TitreSejour/FormulaireInformationsPersonnelles FAILED.
Reason:
com.kms.katalon.core.exception.StepFailedException: Unable to set text '3 rue des 3 moulins 77000 melun' of object 'Object Repository/Page_InformationPersonnelles_Usager/Input_AdresseUsager'
	at com.kms.katalon.core.webui.keyword.internal.WebUIKeywordMain.stepFailed(WebUIKeywordMain.groovy:64)
	at com.kms.katalon.core.webui.keyword.internal.WebUIKeywordMain.runKeyword(WebUIKeywordMain.groovy:26)
	at com.kms.katalon.core.webui.keyword.builtin.SetTextKeyword.setText(SetTextKeyword.groovy:66)
	at com.kms.katalon.core.webui.keyword.builtin.SetTextKeyword.execute(SetTextKeyword.groovy:37)
	at com.kms.katalon.core.keyword.internal.KeywordExecutor.executeKeywordForPlatform(KeywordExecutor.groovy:74)
	at com.kms.katalon.core.webui.keyword.WebUiBuiltInKeywords.setText(WebUiBuiltInKeywords.groovy:980)
	at com.kazurayam.ksbackyard.HighlightElement$_pandemic_closure1.doCall(HighlightElement.groovy:105)
	at FormulaireInformationsPersonnelles.run(FormulaireInformationsPersonnelles:41)
	at com.kms.katalon.core.main.ScriptEngine.run(ScriptEngine.java:194)
	at com.kms.katalon.core.main.ScriptEngine.runScriptAsRawText(ScriptEngine.java:119)
	at com.kms.katalon.core.main.TestCaseExecutor.runScript(TestCaseExecutor.java:448)
	at com.kms.katalon.core.main.TestCaseExecutor.doExecute(TestCaseExecutor.java:439)
	at com.kms.katalon.core.main.TestCaseExecutor.processExecutionPhase(TestCaseExecutor.java:418)
	at com.kms.katalon.core.main.TestCaseExecutor.accessMainPhase(TestCaseExecutor.java:410)
	at com.kms.katalon.core.main.TestCaseExecutor.execute(TestCaseExecutor.java:285)
	at com.kms.katalon.core.main.TestCaseMain.runTestCase(TestCaseMain.java:144)
	at com.kms.katalon.core.keyword.builtin.CallTestCaseKeyword$_callTestCase_closure1.doCall(CallTestCaseKeyword.groovy:59)
	at com.kms.katalon.core.keyword.builtin.CallTestCaseKeyword$_callTestCase_closure1.call(CallTestCaseKeyword.groovy)
	at com.kms.katalon.core.keyword.internal.KeywordMain.runKeyword(KeywordMain.groovy:75)
	at com.kms.katalon.core.keyword.builtin.CallTestCaseKeyword.callTestCase(CallTestCaseKeyword.groovy:81)
	at com.kms.katalon.core.keyword.builtin.CallTestCaseKeyword.execute(CallTestCaseKeyword.groovy:44)
	at com.kms.katalon.core.keyword.internal.KeywordExecutor.executeKeywordForPlatform(KeywordExecutor.groovy:74)
	at com.kms.katalon.core.keyword.BuiltinKeywords.callTestCase(BuiltinKeywords.groovy:310)
	at com.kazurayam.ksbackyard.HighlightElement$_pandemic_closure1.doCall(HighlightElement.groovy:105)
	at TNR R.TSPT Supp90-Etudiant.run(TNR R.TSPT Supp90-Etudiant:47)
	at com.kms.katalon.core.main.ScriptEngine.run(ScriptEngine.java:194)
	at com.kms.katalon.core.main.ScriptEngine.runScriptAsRawText(ScriptEngine.java:119)
	at com.kms.katalon.core.main.TestCaseExecutor.runScript(TestCaseExecutor.java:448)
	at com.kms.katalon.core.main.TestCaseExecutor.doExecute(TestCaseExecutor.java:439)
	at com.kms.katalon.core.main.TestCaseExecutor.processExecutionPhase(TestCaseExecutor.java:418)
	at com.kms.katalon.core.main.TestCaseExecutor.accessMainPhase(TestCaseExecutor.java:410)
	at com.kms.katalon.core.main.TestCaseExecutor.execute(TestCaseExecutor.java:285)
	at com.kms.katalon.core.common.CommonExecutor.accessTestCaseMainPhase(CommonExecutor.java:65)
	at com.kms.katalon.core.main.TestSuiteExecutor.accessTestSuiteMainPhase(TestSuiteExecutor.java:148)
	at com.kms.katalon.core.main.TestSuiteExecutor.execute(TestSuiteExecutor.java:106)
	at com.kms.katalon.core.main.TestCaseMain.startTestSuite(TestCaseMain.java:187)
	at com.kms.katalon.core.main.TestCaseMain$startTestSuite$0.call(Unknown Source)
	at TempTestSuite1700831548882.run(TempTestSuite1700831548882.groovy:36)
Caused by: com.kms.katalon.core.webui.exception.WebElementNotFoundException: Web element with id: 'Object Repository/Page_InformationPersonnelles_Usager/Input_AdresseUsager' located by '//app-informations-personnelles//app-adresse-etalab//app-vls-ts-etalab//div/input|//app-informations-personnelles-shared//app-adresse-etalab//app-vls-ts-etalab//div/input' not found
	at com.kms.katalon.core.webui.common.WebUiCommonHelper.findWebElement(WebUiCommonHelper.java:1381)
	at com.kms.katalon.core.webui.keyword.internal.WebUIAbstractKeyword.findWebElement(WebUIAbstractKeyword.groovy:27)
	at com.kms.katalon.core.webui.keyword.internal.WebUIAbstractKeyword.findWebElement(WebUIAbstractKeyword.groovy:26)
	at com.kms.katalon.core.webui.keyword.builtin.SetTextKeyword$_setText_closure1.doCall(SetTextKeyword.groovy:51)
	at com.kms.katalon.core.webui.keyword.builtin.SetTextKeyword$_setText_closure1.call(SetTextKeyword.groovy)
	at com.kms.katalon.core.webui.keyword.internal.WebUIKeywordMain.runKeyword(WebUIKeywordMain.groovy:20)
	... 36 more


2023-11-24 14:15:19 - [TEST_STEP][PASSED] - com.kazurayam.ksbackyard.HighlightElement.pandemic(): com.kazurayam.ksbackyard.HighlightElement.pandemic is PASSED

2023-11-24 14:15:19 - [MESSAGE][PASSED] - com.kazurayam.ksbackyard.HighlightElement.pandemic is PASSED

2023-11-24 14:15:19 - [TEST_STEP][PASSED] - if (verifyElementPresent(findTestObject("Object Repository/Page_InformationPersonnelles_Usager/CheckBox_liensPersonnelsFamiliaux_1_Non"), 1, OPTIONAL)): com.kms.katalon.core.webui.exception.WebElementNotFoundException: Web element with id: 'Object Repository/Page_InformationPersonnelles_Usager/CheckBox_liensPersonnelsFamiliaux_1_Non' located by '//*[@id="ui-accordiontab-1-content"]/div/div/div[1]/div/anef-input-radio/div/div/fieldset/div/div[2]/p-radiobutton/div/div[2]/span|//*[@id="ui-accordiontab-9-content"]/div/app-has-enfants-charge/div/div/anef-input-radio/div/div/fieldset/div/div[2]/p-radiobutton/div/div[2]/span' not found (Root cause: com.kms.katalon.core.exception.StepFailedException: com.kms.katalon.core.webui.exception.WebElementNotFoundException: Web element with id: 'Object Repository/Page_InformationPersonnelles_Usager/CheckBox_liensPersonnelsFamiliaux_1_Non' located by '//*[@id="ui-accordiontab-1-content"]/div/div/div[1]/div/anef-input-radio/div/div/fieldset/div/div[2]/p-radiobutton/div/div[2]/span|//*[@id="ui-accordiontab-9-content"]/div/app-has-enfants-charge/div/div/anef-input-radio/div/div/fieldset/div/div[2]/p-radiobutton/div/div[2]/span' not found
	at com.kms.katalon.core.webui.keyword.internal.WebUIKeywordMain.stepFailed(WebUIKeywordMain.groovy:64)
	at com.kms.katalon.core.webui.keyword.builtin.VerifyElementPresentKeyword$_verifyElementPresent_closure1.doCall(VerifyElementPresentKeyword.groovy:85)
	at com.kms.katalon.core.webui.keyword.builtin.VerifyElementPresentKeyword$_verifyElementPresent_closure1.call(VerifyElementPresentKeyword.groovy)
	at com.kms.katalon.core.webui.keyword.internal.WebUIKeywordMain.runKeyword(WebUIKeywordMain.groovy:20)
	at com.kms.katalon.core.webui.keyword.builtin.VerifyElementPresentKeyword.verifyElementPresent(VerifyElementPresentKeyword.groovy:92)
	at com.kms.katalon.core.webui.keyword.builtin.VerifyElementPresentKeyword.execute(VerifyElementPresentKeyword.groovy:68)
	at com.kms.katalon.core.keyword.internal.KeywordExecutor.executeKeywordForPlatform(KeywordExecutor.groovy:74)
	at com.kms.katalon.core.webui.keyword.WebUiBuiltInKeywords.verifyElementPresent(WebUiBuiltInKeywords.groovy:1448)
	at com.kazurayam.ksbackyard.HighlightElement$_pandemic_closure1.doCall(HighlightElement.groovy:105)
	at FormulaireInformationsPersonnelles.run(FormulaireInformationsPersonnelles:28)
	at com.kms.katalon.core.main.ScriptEngine.run(ScriptEngine.java:194)
	at com.kms.katalon.core.main.ScriptEngine.runScriptAsRawText(ScriptEngine.java:119)
	at com.kms.katalon.core.main.TestCaseExecutor.runScript(TestCaseExecutor.java:448)
	at com.kms.katalon.core.main.TestCaseExecutor.doExecute(TestCaseExecutor.java:439)
	at com.kms.katalon.core.main.TestCaseExecutor.processExecutionPhase(TestCaseExecutor.java:418)
	at com.kms.katalon.core.main.TestCaseExecutor.accessMainPhase(TestCaseExecutor.java:410)
	at com.kms.katalon.core.main.TestCaseExecutor.execute(TestCaseExecutor.java:285)
	at com.kms.katalon.core.main.TestCaseMain.runTestCase(TestCaseMain.java:144)
	at com.kms.katalon.core.keyword.builtin.CallTestCaseKeyword$_callTestCase_closure1.doCall(CallTestCaseKeyword.groovy:59)
	at com.kms.katalon.core.keyword.builtin.CallTestCaseKeyword$_callTestCase_closure1.call(CallTestCaseKeyword.groovy)
	at com.kms.katalon.core.keyword.internal.KeywordMain.runKeyword(KeywordMain.groovy:75)
	at com.kms.katalon.core.keyword.builtin.CallTestCaseKeyword.callTestCase(CallTestCaseKeyword.groovy:81)
	at com.kms.katalon.core.keyword.builtin.CallTestCaseKeyword.execute(CallTestCaseKeyword.groovy:44)
	at com.kms.katalon.core.keyword.internal.KeywordExecutor.executeKeywordForPlatform(KeywordExecutor.groovy:74)
	at com.kms.katalon.core.keyword.BuiltinKeywords.callTestCase(BuiltinKeywords.groovy:310)
	at com.kazurayam.ksbackyard.HighlightElement$_pandemic_closure1.doCall(HighlightElement.groovy:105)
	at TNR R.TSPT Supp90-Etudiant.run(TNR R.TSPT Supp90-Etudiant:47)
	at com.kms.katalon.core.main.ScriptEngine.run(ScriptEngine.java:194)
	at com.kms.katalon.core.main.ScriptEngine.runScriptAsRawText(ScriptEngine.java:119)
	at com.kms.katalon.core.main.TestCaseExecutor.runScript(TestCaseExecutor.java:448)
	at com.kms.katalon.core.main.TestCaseExecutor.doExecute(TestCaseExecutor.java:439)
	at com.kms.katalon.core.main.TestCaseExecutor.processExecutionPhase(TestCaseExecutor.java:418)
	at com.kms.katalon.core.main.TestCaseExecutor.accessMainPhase(TestCaseExecutor.java:410)
	at com.kms.katalon.core.main.TestCaseExecutor.execute(TestCaseExecutor.java:285)
	at com.kms.katalon.core.common.CommonExecutor.accessTestCaseMainPhase(CommonExecutor.java:65)
	at com.kms.katalon.core.main.TestSuiteExecutor.accessTestSuiteMainPhase(TestSuiteExecutor.java:148)
	at com.kms.katalon.core.main.TestSuiteExecutor.execute(TestSuiteExecutor.java:106)
	at com.kms.katalon.core.main.TestCaseMain.startTestSuite(TestCaseMain.java:187)
	at com.kms.katalon.core.main.TestCaseMain$startTestSuite$0.call(Unknown Source)
	at TempTestSuite1700831548882.run(TempTestSuite1700831548882.groovy:36)
)

2023-11-24 14:15:19 - [MESSAGE][INFO] - Finding Test Object 'Object Repository/Page_InformationPersonnelles_Usager/CheckBox_liensPersonnelsFamiliaux_1_Non'

2023-11-24 14:15:19 - [MESSAGE][INFO] - Checking object

2023-11-24 14:15:19 - [MESSAGE][INFO] - Finding web element from Test Object's properties

2023-11-24 14:15:19 - [MESSAGE][INFO] - Checking timeout

2023-11-24 14:15:19 - [MESSAGE][INFO] - Finding web element with id: 'Object Repository/Page_InformationPersonnelles_Usager/CheckBox_liensPersonnelsFamiliaux_1_Non' located by 'By.xpath: //*[@id="ui-accordiontab-1-content"]/div/div/div[1]/div/anef-input-radio/div/div/fieldset/div/div[2]/p-radiobutton/div/div[2]/span|//*[@id="ui-accordiontab-9-content"]/div/app-has-enfants-charge/div/div/anef-input-radio/div/div/fieldset/div/div[2]/p-radiobutton/div/div[2]/span' in '1' second(s)

2023-11-24 14:15:19 - [MESSAGE][INFO] - Smart Wait Function is triggered

2023-11-24 14:15:19 - [MESSAGE][INFO] - Smart Wait Function is triggered

2023-11-24 14:15:19 - [MESSAGE][INFO] - Smart Wait Function is triggered

2023-11-24 14:15:19 - [MESSAGE][INFO] - Smart Wait Function is triggered

2023-11-24 14:15:19 - [MESSAGE][INFO] - Smart Wait Function is triggered

2023-11-24 14:15:19 - [MESSAGE][INFO] - Smart Wait Function is triggered

2023-11-24 14:15:19 - [MESSAGE][INFO] - Smart Wait Function is triggered

2023-11-24 14:15:19 - [MESSAGE][INFO] - Smart Wait Function is triggered

2023-11-24 14:15:19 - [MESSAGE][INFO] - Smart Wait Function is triggered

2023-11-24 14:15:19 - [MESSAGE][INFO] - Smart Wait Function is triggered

2023-11-24 14:15:19 - [MESSAGE][INFO] - Smart Wait Function is triggered

2023-11-24 14:15:19 - [MESSAGE][INFO] - Smart Wait Function is triggered

2023-11-24 14:15:19 - [MESSAGE][INFO] - Smart Wait Function is triggered

2023-11-24 14:15:19 - [MESSAGE][INFO] - Smart Wait Function is triggered

2023-11-24 14:15:19 - [MESSAGE][INFO] - Smart Wait Function is triggered

2023-11-24 14:15:19 - [MESSAGE][INFO] - Smart Wait Function is triggered

2023-11-24 14:15:19 - [MESSAGE][INFO] - Smart Wait Function is triggered

2023-11-24 14:15:19 - [MESSAGE][INFO] - Smart Wait Function is triggered

2023-11-24 14:15:19 - [MESSAGE][INFO] - Smart Wait Function is triggered

2023-11-24 14:15:19 - [MESSAGE][INFO] - Smart Wait Function is triggered

2023-11-24 14:15:19 - [MESSAGE][INFO] - Smart Wait Function is triggered

2023-11-24 14:15:19 - [MESSAGE][INFO] - Smart Wait Function is triggered

2023-11-24 14:15:19 - [MESSAGE][INFO] - Smart Wait Function is triggered

2023-11-24 14:15:19 - [MESSAGE][INFO] - Smart Wait Function is triggered

2023-11-24 14:15:19 - [MESSAGE][INFO] - Smart Wait Function is triggered

2023-11-24 14:15:20 - [MESSAGE][INFO] - Smart Wait Function is triggered

2023-11-24 14:15:20 - [MESSAGE][INFO] - Smart Wait Function is triggered

2023-11-24 14:15:20 - [MESSAGE][INFO] - Smart Wait Function is triggered

2023-11-24 14:15:20 - [MESSAGE][INFO] - Smart Wait Function is triggered

2023-11-24 14:15:20 - [MESSAGE][INFO] - Smart Wait Function is triggered

2023-11-24 14:15:20 - [MESSAGE][INFO] - Smart Wait Function is triggered

2023-11-24 14:15:20 - [MESSAGE][INFO] - Smart Wait Function is triggered

2023-11-24 14:15:20 - [MESSAGE][INFO] - Smart Wait Function is triggered

2023-11-24 14:15:20 - [MESSAGE][INFO] - Smart Wait Function is triggered

2023-11-24 14:15:20 - [MESSAGE][INFO] - Smart Wait Function is triggered

2023-11-24 14:15:20 - [MESSAGE][INFO] - Smart Wait Function is triggered

2023-11-24 14:15:20 - [MESSAGE][INFO] - Smart Wait Function is triggered

2023-11-24 14:15:20 - [MESSAGE][INFO] - Smart Wait Function is triggered

2023-11-24 14:15:20 - [MESSAGE][INFO] - Smart Wait Function is triggered

2023-11-24 14:15:20 - [MESSAGE][INFO] - Smart Wait Function is triggered

2023-11-24 14:15:20 - [MESSAGE][INFO] - Smart Wait Function is triggered

2023-11-24 14:15:20 - [MESSAGE][INFO] - Smart Wait Function is triggered

2023-11-24 14:15:20 - [MESSAGE][INFO] - Smart Wait Function is triggered

2023-11-24 14:15:20 - [MESSAGE][INFO] - Smart Wait Function is triggered

2023-11-24 14:15:20 - [MESSAGE][INFO] - Smart Wait Function is triggered

2023-11-24 14:15:20 - [MESSAGE][INFO] - Smart Wait Function is triggered

2023-11-24 14:15:20 - [MESSAGE][INFO] - Smart Wait Function is triggered

2023-11-24 14:15:20 - [MESSAGE][INFO] - Smart Wait Function is triggered

2023-11-24 14:15:20 - [MESSAGE][INFO] - Smart Wait Function is triggered

2023-11-24 14:15:20 - [MESSAGE][INFO] - Smart Wait Function is triggered

2023-11-24 14:15:20 - [MESSAGE][INFO] - Smart Wait Function is triggered

2023-11-24 14:15:20 - [MESSAGE][INFO] - Smart Wait Function is triggered

2023-11-24 14:15:20 - [MESSAGE][INFO] - Smart Wait Function is triggered

2023-11-24 14:15:20 - [MESSAGE][INFO] - Smart Wait Function is triggered

2023-11-24 14:15:20 - [MESSAGE][INFO] - Smart Wait Function is triggered

2023-11-24 14:15:20 - [MESSAGE][INFO] - Smart Wait Function is triggered

2023-11-24 14:15:20 - [MESSAGE][INFO] - Smart Wait Function is triggered

2023-11-24 14:15:20 - [MESSAGE][INFO] - Smart Wait Function is triggered

2023-11-24 14:15:20 - [MESSAGE][INFO] - Smart Wait Function is triggered

2023-11-24 14:15:20 - [MESSAGE][INFO] - Smart Wait Function is triggered

2023-11-24 14:15:20 - [MESSAGE][INFO] - Smart Wait Function is triggered

2023-11-24 14:15:20 - [MESSAGE][INFO] - Smart Wait Function is triggered

2023-11-24 14:15:20 - [MESSAGE][INFO] - Smart Wait Function is triggered

2023-11-24 14:15:20 - [MESSAGE][INFO] - Smart Wait Function is triggered

2023-11-24 14:15:20 - [MESSAGE][INFO] - Smart Wait Function is triggered

2023-11-24 14:15:20 - [MESSAGE][INFO] - Smart Wait Function is triggered

2023-11-24 14:15:20 - [MESSAGE][INFO] - Smart Wait Function is triggered

2023-11-24 14:15:20 - [MESSAGE][INFO] - Smart Wait Function is triggered

2023-11-24 14:15:20 - [MESSAGE][INFO] - Smart Wait Function is triggered

2023-11-24 14:15:20 - [MESSAGE][INFO] - Smart Wait Function is triggered

2023-11-24 14:15:20 - [MESSAGE][INFO] - Smart Wait Function is triggered

2023-11-24 14:15:20 - [MESSAGE][INFO] - Smart Wait Function is triggered

2023-11-24 14:15:20 - [MESSAGE][INFO] - Smart Wait Function is triggered

2023-11-24 14:15:21 - [MESSAGE][INFO] - Smart Wait Function is triggered

2023-11-24 14:15:21 - [MESSAGE][INFO] - Smart Wait Function is triggered

2023-11-24 14:15:21 - [MESSAGE][INFO] - Smart Wait Function is triggered

2023-11-24 14:15:21 - [MESSAGE][INFO] - Smart Wait Function is triggered

2023-11-24 14:15:21 - [MESSAGE][INFO] - Smart Wait Function is triggered

2023-11-24 14:15:21 - [MESSAGE][INFO] - Smart Wait Function is triggered

2023-11-24 14:15:21 - [MESSAGE][INFO] - Smart Wait Function is triggered

2023-11-24 14:15:21 - [MESSAGE][INFO] - Smart Wait Function is triggered

2023-11-24 14:15:21 - [MESSAGE][INFO] - Smart Wait Function is triggered

2023-11-24 14:15:21 - [MESSAGE][INFO] - Smart Wait Function is triggered

2023-11-24 14:15:21 - [MESSAGE][INFO] - Smart Wait Function is triggered

2023-11-24 14:15:21 - [MESSAGE][INFO] - Smart Wait Function is triggered

2023-11-24 14:15:21 - [MESSAGE][INFO] - Smart Wait Function is triggered

2023-11-24 14:15:21 - [MESSAGE][INFO] - Smart Wait Function is triggered

2023-11-24 14:15:21 - [MESSAGE][INFO] - Smart Wait Function is triggered

2023-11-24 14:15:21 - [MESSAGE][INFO] - Smart Wait Function is triggered

2023-11-24 14:15:21 - [MESSAGE][INFO] - Smart Wait Function is triggered

2023-11-24 14:15:21 - [MESSAGE][INFO] - Smart Wait Function is triggered

2023-11-24 14:15:21 - [MESSAGE][INFO] - Smart Wait Function is triggered

2023-11-24 14:15:21 - [MESSAGE][INFO] - Smart Wait Function is triggered

2023-11-24 14:15:21 - [MESSAGE][INFO] - Smart Wait Function is triggered

2023-11-24 14:15:21 - [MESSAGE][INFO] - Smart Wait Function is triggered

2023-11-24 14:15:21 - [MESSAGE][INFO] - Smart Wait Function is triggered

2023-11-24 14:15:21 - [MESSAGE][INFO] - Smart Wait Function is triggered

2023-11-24 14:15:21 - [MESSAGE][INFO] - Unable to find the element located by 'By.xpath: //*[@id="ui-accordiontab-1-content"]/div/div/div[1]/div/anef-input-radio/div/div/fieldset/div/div[2]/p-radiobutton/div/div[2]/span|//*[@id="ui-accordiontab-9-content"]/div/app-has-enfants-charge/div/div/anef-input-radio/div/div/fieldset/div/div[2]/p-radiobutton/div/div[2]/span'. Please recheck the objects properties to make sure the desired element is located. 

2023-11-24 14:15:21 - [MESSAGE][WARNING] - com.kms.katalon.core.webui.exception.WebElementNotFoundException: Web element with id: 'Object Repository/Page_InformationPersonnelles_Usager/CheckBox_liensPersonnelsFamiliaux_1_Non' located by '//*[@id="ui-accordiontab-1-content"]/div/div/div[1]/div/anef-input-radio/div/div/fieldset/div/div[2]/p-radiobutton/div/div[2]/span|//*[@id="ui-accordiontab-9-content"]/div/app-has-enfants-charge/div/div/anef-input-radio/div/div/fieldset/div/div[2]/p-radiobutton/div/div[2]/span' not found (Root cause: com.kms.katalon.core.exception.StepFailedException: com.kms.katalon.core.webui.exception.WebElementNotFoundException: Web element with id: 'Object Repository/Page_InformationPersonnelles_Usager/CheckBox_liensPersonnelsFamiliaux_1_Non' located by '//*[@id="ui-accordiontab-1-content"]/div/div/div[1]/div/anef-input-radio/div/div/fieldset/div/div[2]/p-radiobutton/div/div[2]/span|//*[@id="ui-accordiontab-9-content"]/div/app-has-enfants-charge/div/div/anef-input-radio/div/div/fieldset/div/div[2]/p-radiobutton/div/div[2]/span' not found
	at com.kms.katalon.core.webui.keyword.internal.WebUIKeywordMain.stepFailed(WebUIKeywordMain.groovy:64)
	at com.kms.katalon.core.webui.keyword.builtin.VerifyElementPresentKeyword$_verifyElementPresent_closure1.doCall(VerifyElementPresentKeyword.groovy:85)
	at com.kms.katalon.core.webui.keyword.builtin.VerifyElementPresentKeyword$_verifyElementPresent_closure1.call(VerifyElementPresentKeyword.groovy)
	at com.kms.katalon.core.webui.keyword.internal.WebUIKeywordMain.runKeyword(WebUIKeywordMain.groovy:20)
	at com.kms.katalon.core.webui.keyword.builtin.VerifyElementPresentKeyword.verifyElementPresent(VerifyElementPresentKeyword.groovy:92)
	at com.kms.katalon.core.webui.keyword.builtin.VerifyElementPresentKeyword.execute(VerifyElementPresentKeyword.groovy:68)
	at com.kms.katalon.core.keyword.internal.KeywordExecutor.executeKeywordForPlatform(KeywordExecutor.groovy:74)
	at com.kms.katalon.core.webui.keyword.WebUiBuiltInKeywords.verifyElementPresent(WebUiBuiltInKeywords.groovy:1448)
	at com.kazurayam.ksbackyard.HighlightElement$_pandemic_closure1.doCall(HighlightElement.groovy:105)
	at FormulaireInformationsPersonnelles.run(FormulaireInformationsPersonnelles:28)
	at com.kms.katalon.core.main.ScriptEngine.run(ScriptEngine.java:194)
	at com.kms.katalon.core.main.ScriptEngine.runScriptAsRawText(ScriptEngine.java:119)
	at com.kms.katalon.core.main.TestCaseExecutor.runScript(TestCaseExecutor.java:448)
	at com.kms.katalon.core.main.TestCaseExecutor.doExecute(TestCaseExecutor.java:439)
	at com.kms.katalon.core.main.TestCaseExecutor.processExecutionPhase(TestCaseExecutor.java:418)
	at com.kms.katalon.core.main.TestCaseExecutor.accessMainPhase(TestCaseExecutor.java:410)
	at com.kms.katalon.core.main.TestCaseExecutor.execute(TestCaseExecutor.java:285)
	at com.kms.katalon.core.main.TestCaseMain.runTestCase(TestCaseMain.java:144)
	at com.kms.katalon.core.keyword.builtin.CallTestCaseKeyword$_callTestCase_closure1.doCall(CallTestCaseKeyword.groovy:59)
	at com.kms.katalon.core.keyword.builtin.CallTestCaseKeyword$_callTestCase_closure1.call(CallTestCaseKeyword.groovy)
	at com.kms.katalon.core.keyword.internal.KeywordMain.runKeyword(KeywordMain.groovy:75)
	at com.kms.katalon.core.keyword.builtin.CallTestCaseKeyword.callTestCase(CallTestCaseKeyword.groovy:81)
	at com.kms.katalon.core.keyword.builtin.CallTestCaseKeyword.execute(CallTestCaseKeyword.groovy:44)
	at com.kms.katalon.core.keyword.internal.KeywordExecutor.executeKeywordForPlatform(KeywordExecutor.groovy:74)
	at com.kms.katalon.core.keyword.BuiltinKeywords.callTestCase(BuiltinKeywords.groovy:310)
	at com.kazurayam.ksbackyard.HighlightElement$_pandemic_closure1.doCall(HighlightElement.groovy:105)
	at TNR R.TSPT Supp90-Etudiant.run(TNR R.TSPT Supp90-Etudiant:47)
	at com.kms.katalon.core.main.ScriptEngine.run(ScriptEngine.java:194)
	at com.kms.katalon.core.main.ScriptEngine.runScriptAsRawText(ScriptEngine.java:119)
	at com.kms.katalon.core.main.TestCaseExecutor.runScript(TestCaseExecutor.java:448)
	at com.kms.katalon.core.main.TestCaseExecutor.doExecute(TestCaseExecutor.java:439)
	at com.kms.katalon.core.main.TestCaseExecutor.processExecutionPhase(TestCaseExecutor.java:418)
	at com.kms.katalon.core.main.TestCaseExecutor.accessMainPhase(TestCaseExecutor.java:410)
	at com.kms.katalon.core.main.TestCaseExecutor.execute(TestCaseExecutor.java:285)
	at com.kms.katalon.core.common.CommonExecutor.accessTestCaseMainPhase(CommonExecutor.java:65)
	at com.kms.katalon.core.main.TestSuiteExecutor.accessTestSuiteMainPhase(TestSuiteExecutor.java:148)
	at com.kms.katalon.core.main.TestSuiteExecutor.execute(TestSuiteExecutor.java:106)
	at com.kms.katalon.core.main.TestCaseMain.startTestSuite(TestCaseMain.java:187)
	at com.kms.katalon.core.main.TestCaseMain$startTestSuite$0.call(Unknown Source)
	at TempTestSuite1700831548882.run(TempTestSuite1700831548882.groovy:36)
)
[[ATTACHMENT|C:\\Users\\ISSAM.RHARBAOUI\\git\\22_11\\ANEF-AutomatizationProject\\Reports\\20231124_141228\\TS_TNR_R.TSPT_Suppo90\\20231124_141228\\1700831721480.png]]

2023-11-24 14:15:21 - [TEST_STEP][PASSED] - delay(2): Delayed 2 second(s)

2023-11-24 14:15:21 - [MESSAGE][INFO] - Delaying browser in 2 second(s)

2023-11-24 14:15:23 - [MESSAGE][PASSED] - Delayed 2 second(s)

2023-11-24 14:15:23 - [TEST_STEP][PASSED] - if (verifyElementPresent(findTestObject("Object Repository/Page_InformationPersonnelles_Usager/CheckBox_liensPersonnelsFamiliaux_2_Non"), 1, OPTIONAL)): com.kms.katalon.core.webui.exception.WebElementNotFoundException: Web element with id: 'Object Repository/Page_InformationPersonnelles_Usager/CheckBox_liensPersonnelsFamiliaux_2_Non' located by '//*[@id="ui-accordiontab-1-content"]/div/div/div[2]/div/anef-input-radio/div/div/fieldset/div/div[2]/p-radiobutton/div/div[2]' not found (Root cause: com.kms.katalon.core.exception.StepFailedException: com.kms.katalon.core.webui.exception.WebElementNotFoundException: Web element with id: 'Object Repository/Page_InformationPersonnelles_Usager/CheckBox_liensPersonnelsFamiliaux_2_Non' located by '//*[@id="ui-accordiontab-1-content"]/div/div/div[2]/div/anef-input-radio/div/div/fieldset/div/div[2]/p-radiobutton/div/div[2]' not found
	at com.kms.katalon.core.webui.keyword.internal.WebUIKeywordMain.stepFailed(WebUIKeywordMain.groovy:64)
	at com.kms.katalon.core.webui.keyword.builtin.VerifyElementPresentKeyword$_verifyElementPresent_closure1.doCall(VerifyElementPresentKeyword.groovy:85)
	at com.kms.katalon.core.webui.keyword.builtin.VerifyElementPresentKeyword$_verifyElementPresent_closure1.call(VerifyElementPresentKeyword.groovy)
	at com.kms.katalon.core.webui.keyword.internal.WebUIKeywordMain.runKeyword(WebUIKeywordMain.groovy:20)
	at com.kms.katalon.core.webui.keyword.builtin.VerifyElementPresentKeyword.verifyElementPresent(VerifyElementPresentKeyword.groovy:92)
	at com.kms.katalon.core.webui.keyword.builtin.VerifyElementPresentKeyword.execute(VerifyElementPresentKeyword.groovy:68)
	at com.kms.katalon.core.keyword.internal.KeywordExecutor.executeKeywordForPlatform(KeywordExecutor.groovy:74)
	at com.kms.katalon.core.webui.keyword.WebUiBuiltInKeywords.verifyElementPresent(WebUiBuiltInKeywords.groovy:1448)
	at com.kazurayam.ksbackyard.HighlightElement$_pandemic_closure1.doCall(HighlightElement.groovy:105)
	at FormulaireInformationsPersonnelles.run(FormulaireInformationsPersonnelles:33)
	at com.kms.katalon.core.main.ScriptEngine.run(ScriptEngine.java:194)
	at com.kms.katalon.core.main.ScriptEngine.runScriptAsRawText(ScriptEngine.java:119)
	at com.kms.katalon.core.main.TestCaseExecutor.runScript(TestCaseExecutor.java:448)
	at com.kms.katalon.core.main.TestCaseExecutor.doExecute(TestCaseExecutor.java:439)
	at com.kms.katalon.core.main.TestCaseExecutor.processExecutionPhase(TestCaseExecutor.java:418)
	at com.kms.katalon.core.main.TestCaseExecutor.accessMainPhase(TestCaseExecutor.java:410)
	at com.kms.katalon.core.main.TestCaseExecutor.execute(TestCaseExecutor.java:285)
	at com.kms.katalon.core.main.TestCaseMain.runTestCase(TestCaseMain.java:144)
	at com.kms.katalon.core.keyword.builtin.CallTestCaseKeyword$_callTestCase_closure1.doCall(CallTestCaseKeyword.groovy:59)
	at com.kms.katalon.core.keyword.builtin.CallTestCaseKeyword$_callTestCase_closure1.call(CallTestCaseKeyword.groovy)
	at com.kms.katalon.core.keyword.internal.KeywordMain.runKeyword(KeywordMain.groovy:75)
	at com.kms.katalon.core.keyword.builtin.CallTestCaseKeyword.callTestCase(CallTestCaseKeyword.groovy:81)
	at com.kms.katalon.core.keyword.builtin.CallTestCaseKeyword.execute(CallTestCaseKeyword.groovy:44)
	at com.kms.katalon.core.keyword.internal.KeywordExecutor.executeKeywordForPlatform(KeywordExecutor.groovy:74)
	at com.kms.katalon.core.keyword.BuiltinKeywords.callTestCase(BuiltinKeywords.groovy:310)
	at com.kazurayam.ksbackyard.HighlightElement$_pandemic_closure1.doCall(HighlightElement.groovy:105)
	at TNR R.TSPT Supp90-Etudiant.run(TNR R.TSPT Supp90-Etudiant:47)
	at com.kms.katalon.core.main.ScriptEngine.run(ScriptEngine.java:194)
	at com.kms.katalon.core.main.ScriptEngine.runScriptAsRawText(ScriptEngine.java:119)
	at com.kms.katalon.core.main.TestCaseExecutor.runScript(TestCaseExecutor.java:448)
	at com.kms.katalon.core.main.TestCaseExecutor.doExecute(TestCaseExecutor.java:439)
	at com.kms.katalon.core.main.TestCaseExecutor.processExecutionPhase(TestCaseExecutor.java:418)
	at com.kms.katalon.core.main.TestCaseExecutor.accessMainPhase(TestCaseExecutor.java:410)
	at com.kms.katalon.core.main.TestCaseExecutor.execute(TestCaseExecutor.java:285)
	at com.kms.katalon.core.common.CommonExecutor.accessTestCaseMainPhase(CommonExecutor.java:65)
	at com.kms.katalon.core.main.TestSuiteExecutor.accessTestSuiteMainPhase(TestSuiteExecutor.java:148)
	at com.kms.katalon.core.main.TestSuiteExecutor.execute(TestSuiteExecutor.java:106)
	at com.kms.katalon.core.main.TestCaseMain.startTestSuite(TestCaseMain.java:187)
	at com.kms.katalon.core.main.TestCaseMain$startTestSuite$0.call(Unknown Source)
	at TempTestSuite1700831548882.run(TempTestSuite1700831548882.groovy:36)
)

2023-11-24 14:15:23 - [MESSAGE][INFO] - Finding Test Object 'Object Repository/Page_InformationPersonnelles_Usager/CheckBox_liensPersonnelsFamiliaux_2_Non'

2023-11-24 14:15:23 - [MESSAGE][INFO] - Checking object

2023-11-24 14:15:23 - [MESSAGE][INFO] - Finding web element from Test Object's properties

2023-11-24 14:15:23 - [MESSAGE][INFO] - Checking timeout

2023-11-24 14:15:23 - [MESSAGE][INFO] - Finding web element with id: 'Object Repository/Page_InformationPersonnelles_Usager/CheckBox_liensPersonnelsFamiliaux_2_Non' located by 'By.xpath: //*[@id="ui-accordiontab-1-content"]/div/div/div[2]/div/anef-input-radio/div/div/fieldset/div/div[2]/p-radiobutton/div/div[2]' in '1' second(s)

2023-11-24 14:15:23 - [MESSAGE][INFO] - Smart Wait Function is triggered

2023-11-24 14:15:23 - [MESSAGE][INFO] - Smart Wait Function is triggered

2023-11-24 14:15:23 - [MESSAGE][INFO] - Smart Wait Function is triggered

2023-11-24 14:15:23 - [MESSAGE][INFO] - Smart Wait Function is triggered

2023-11-24 14:15:23 - [MESSAGE][INFO] - Smart Wait Function is triggered

2023-11-24 14:15:23 - [MESSAGE][INFO] - Smart Wait Function is triggered

2023-11-24 14:15:23 - [MESSAGE][INFO] - Smart Wait Function is triggered

2023-11-24 14:15:23 - [MESSAGE][INFO] - Smart Wait Function is triggered

2023-11-24 14:15:23 - [MESSAGE][INFO] - Smart Wait Function is triggered

2023-11-24 14:15:23 - [MESSAGE][INFO] - Smart Wait Function is triggered

2023-11-24 14:15:23 - [MESSAGE][INFO] - Smart Wait Function is triggered

2023-11-24 14:15:23 - [MESSAGE][INFO] - Smart Wait Function is triggered

2023-11-24 14:15:23 - [MESSAGE][INFO] - Smart Wait Function is triggered

2023-11-24 14:15:24 - [MESSAGE][INFO] - Smart Wait Function is triggered

2023-11-24 14:15:24 - [MESSAGE][INFO] - Smart Wait Function is triggered

2023-11-24 14:15:24 - [MESSAGE][INFO] - Smart Wait Function is triggered

2023-11-24 14:15:24 - [MESSAGE][INFO] - Smart Wait Function is triggered

2023-11-24 14:15:24 - [MESSAGE][INFO] - Smart Wait Function is triggered

2023-11-24 14:15:24 - [MESSAGE][INFO] - Smart Wait Function is triggered

2023-11-24 14:15:24 - [MESSAGE][INFO] - Smart Wait Function is triggered

2023-11-24 14:15:24 - [MESSAGE][INFO] - Smart Wait Function is triggered

2023-11-24 14:15:24 - [MESSAGE][INFO] - Smart Wait Function is triggered

2023-11-24 14:15:24 - [MESSAGE][INFO] - Smart Wait Function is triggered

2023-11-24 14:15:24 - [MESSAGE][INFO] - Smart Wait Function is triggered

2023-11-24 14:15:24 - [MESSAGE][INFO] - Smart Wait Function is triggered

2023-11-24 14:15:24 - [MESSAGE][INFO] - Smart Wait Function is triggered

2023-11-24 14:15:24 - [MESSAGE][INFO] - Smart Wait Function is triggered

2023-11-24 14:15:24 - [MESSAGE][INFO] - Smart Wait Function is triggered

2023-11-24 14:15:24 - [MESSAGE][INFO] - Smart Wait Function is triggered

2023-11-24 14:15:24 - [MESSAGE][INFO] - Smart Wait Function is triggered

2023-11-24 14:15:24 - [MESSAGE][INFO] - Smart Wait Function is triggered

2023-11-24 14:15:24 - [MESSAGE][INFO] - Smart Wait Function is triggered

2023-11-24 14:15:24 - [MESSAGE][INFO] - Smart Wait Function is triggered

2023-11-24 14:15:24 - [MESSAGE][INFO] - Smart Wait Function is triggered

2023-11-24 14:15:24 - [MESSAGE][INFO] - Smart Wait Function is triggered

2023-11-24 14:15:24 - [MESSAGE][INFO] - Smart Wait Function is triggered

2023-11-24 14:15:24 - [MESSAGE][INFO] - Smart Wait Function is triggered

2023-11-24 14:15:24 - [MESSAGE][INFO] - Smart Wait Function is triggered

2023-11-24 14:15:24 - [MESSAGE][INFO] - Smart Wait Function is triggered

2023-11-24 14:15:24 - [MESSAGE][INFO] - Smart Wait Function is triggered

2023-11-24 14:15:24 - [MESSAGE][INFO] - Smart Wait Function is triggered

2023-11-24 14:15:24 - [MESSAGE][INFO] - Smart Wait Function is triggered

2023-11-24 14:15:24 - [MESSAGE][INFO] - Smart Wait Function is triggered

2023-11-24 14:15:24 - [MESSAGE][INFO] - Smart Wait Function is triggered

2023-11-24 14:15:24 - [MESSAGE][INFO] - Smart Wait Function is triggered

2023-11-24 14:15:24 - [MESSAGE][INFO] - Smart Wait Function is triggered

2023-11-24 14:15:24 - [MESSAGE][INFO] - Smart Wait Function is triggered

2023-11-24 14:15:24 - [MESSAGE][INFO] - Smart Wait Function is triggered

2023-11-24 14:15:24 - [MESSAGE][INFO] - Smart Wait Function is triggered

2023-11-24 14:15:24 - [MESSAGE][INFO] - Smart Wait Function is triggered

2023-11-24 14:15:24 - [MESSAGE][INFO] - Smart Wait Function is triggered

2023-11-24 14:15:24 - [MESSAGE][INFO] - Smart Wait Function is triggered

2023-11-24 14:15:24 - [MESSAGE][INFO] - Smart Wait Function is triggered

2023-11-24 14:15:24 - [MESSAGE][INFO] - Smart Wait Function is triggered

2023-11-24 14:15:24 - [MESSAGE][INFO] - Smart Wait Function is triggered

2023-11-24 14:15:24 - [MESSAGE][INFO] - Smart Wait Function is triggered

2023-11-24 14:15:24 - [MESSAGE][INFO] - Smart Wait Function is triggered

2023-11-24 14:15:24 - [MESSAGE][INFO] - Smart Wait Function is triggered

2023-11-24 14:15:24 - [MESSAGE][INFO] - Smart Wait Function is triggered

2023-11-24 14:15:24 - [MESSAGE][INFO] - Smart Wait Function is triggered

2023-11-24 14:15:24 - [MESSAGE][INFO] - Smart Wait Function is triggered

2023-11-24 14:15:24 - [MESSAGE][INFO] - Smart Wait Function is triggered

2023-11-24 14:15:24 - [MESSAGE][INFO] - Smart Wait Function is triggered

2023-11-24 14:15:24 - [MESSAGE][INFO] - Smart Wait Function is triggered

2023-11-24 14:15:24 - [MESSAGE][INFO] - Smart Wait Function is triggered

2023-11-24 14:15:25 - [MESSAGE][INFO] - Smart Wait Function is triggered

2023-11-24 14:15:25 - [MESSAGE][INFO] - Smart Wait Function is triggered

2023-11-24 14:15:25 - [MESSAGE][INFO] - Smart Wait Function is triggered

2023-11-24 14:15:25 - [MESSAGE][INFO] - Smart Wait Function is triggered

2023-11-24 14:15:25 - [MESSAGE][INFO] - Smart Wait Function is triggered

2023-11-24 14:15:25 - [MESSAGE][INFO] - Smart Wait Function is triggered

2023-11-24 14:15:25 - [MESSAGE][INFO] - Smart Wait Function is triggered

2023-11-24 14:15:25 - [MESSAGE][INFO] - Smart Wait Function is triggered

2023-11-24 14:15:25 - [MESSAGE][INFO] - Smart Wait Function is triggered

2023-11-24 14:15:25 - [MESSAGE][INFO] - Smart Wait Function is triggered

2023-11-24 14:15:25 - [MESSAGE][INFO] - Smart Wait Function is triggered

2023-11-24 14:15:25 - [MESSAGE][INFO] - Smart Wait Function is triggered

2023-11-24 14:15:25 - [MESSAGE][INFO] - Smart Wait Function is triggered

2023-11-24 14:15:25 - [MESSAGE][INFO] - Smart Wait Function is triggered

2023-11-24 14:15:25 - [MESSAGE][INFO] - Smart Wait Function is triggered

2023-11-24 14:15:25 - [MESSAGE][INFO] - Smart Wait Function is triggered

2023-11-24 14:15:25 - [MESSAGE][INFO] - Smart Wait Function is triggered

2023-11-24 14:15:25 - [MESSAGE][INFO] - Smart Wait Function is triggered

2023-11-24 14:15:25 - [MESSAGE][INFO] - Smart Wait Function is triggered

2023-11-24 14:15:25 - [MESSAGE][INFO] - Smart Wait Function is triggered

2023-11-24 14:15:25 - [MESSAGE][INFO] - Smart Wait Function is triggered

2023-11-24 14:15:25 - [MESSAGE][INFO] - Smart Wait Function is triggered

2023-11-24 14:15:25 - [MESSAGE][INFO] - Smart Wait Function is triggered

2023-11-24 14:15:25 - [MESSAGE][INFO] - Smart Wait Function is triggered

2023-11-24 14:15:25 - [MESSAGE][INFO] - Smart Wait Function is triggered

2023-11-24 14:15:25 - [MESSAGE][INFO] - Smart Wait Function is triggered

2023-11-24 14:15:25 - [MESSAGE][INFO] - Smart Wait Function is triggered

2023-11-24 14:15:25 - [MESSAGE][INFO] - Smart Wait Function is triggered

2023-11-24 14:15:25 - [MESSAGE][INFO] - Smart Wait Function is triggered

2023-11-24 14:15:25 - [MESSAGE][INFO] - Smart Wait Function is triggered

2023-11-24 14:15:25 - [MESSAGE][INFO] - Smart Wait Function is triggered

2023-11-24 14:15:25 - [MESSAGE][INFO] - Smart Wait Function is triggered

2023-11-24 14:15:25 - [MESSAGE][INFO] - Smart Wait Function is triggered

2023-11-24 14:15:25 - [MESSAGE][INFO] - Smart Wait Function is triggered

2023-11-24 14:15:25 - [MESSAGE][INFO] - Smart Wait Function is triggered

2023-11-24 14:15:25 - [MESSAGE][INFO] - Smart Wait Function is triggered

2023-11-24 14:15:25 - [MESSAGE][INFO] - Smart Wait Function is triggered

2023-11-24 14:15:25 - [MESSAGE][INFO] - Smart Wait Function is triggered

2023-11-24 14:15:25 - [MESSAGE][INFO] - Smart Wait Function is triggered

2023-11-24 14:15:25 - [MESSAGE][INFO] - Smart Wait Function is triggered

2023-11-24 14:15:25 - [MESSAGE][INFO] - Smart Wait Function is triggered

2023-11-24 14:15:25 - [MESSAGE][INFO] - Smart Wait Function is triggered

2023-11-24 14:15:25 - [MESSAGE][INFO] - Unable to find the element located by 'By.xpath: //*[@id="ui-accordiontab-1-content"]/div/div/div[2]/div/anef-input-radio/div/div/fieldset/div/div[2]/p-radiobutton/div/div[2]'. Please recheck the objects properties to make sure the desired element is located. 

2023-11-24 14:15:26 - [MESSAGE][WARNING] - com.kms.katalon.core.webui.exception.WebElementNotFoundException: Web element with id: 'Object Repository/Page_InformationPersonnelles_Usager/CheckBox_liensPersonnelsFamiliaux_2_Non' located by '//*[@id="ui-accordiontab-1-content"]/div/div/div[2]/div/anef-input-radio/div/div/fieldset/div/div[2]/p-radiobutton/div/div[2]' not found (Root cause: com.kms.katalon.core.exception.StepFailedException: com.kms.katalon.core.webui.exception.WebElementNotFoundException: Web element with id: 'Object Repository/Page_InformationPersonnelles_Usager/CheckBox_liensPersonnelsFamiliaux_2_Non' located by '//*[@id="ui-accordiontab-1-content"]/div/div/div[2]/div/anef-input-radio/div/div/fieldset/div/div[2]/p-radiobutton/div/div[2]' not found
	at com.kms.katalon.core.webui.keyword.internal.WebUIKeywordMain.stepFailed(WebUIKeywordMain.groovy:64)
	at com.kms.katalon.core.webui.keyword.builtin.VerifyElementPresentKeyword$_verifyElementPresent_closure1.doCall(VerifyElementPresentKeyword.groovy:85)
	at com.kms.katalon.core.webui.keyword.builtin.VerifyElementPresentKeyword$_verifyElementPresent_closure1.call(VerifyElementPresentKeyword.groovy)
	at com.kms.katalon.core.webui.keyword.internal.WebUIKeywordMain.runKeyword(WebUIKeywordMain.groovy:20)
	at com.kms.katalon.core.webui.keyword.builtin.VerifyElementPresentKeyword.verifyElementPresent(VerifyElementPresentKeyword.groovy:92)
	at com.kms.katalon.core.webui.keyword.builtin.VerifyElementPresentKeyword.execute(VerifyElementPresentKeyword.groovy:68)
	at com.kms.katalon.core.keyword.internal.KeywordExecutor.executeKeywordForPlatform(KeywordExecutor.groovy:74)
	at com.kms.katalon.core.webui.keyword.WebUiBuiltInKeywords.verifyElementPresent(WebUiBuiltInKeywords.groovy:1448)
	at com.kazurayam.ksbackyard.HighlightElement$_pandemic_closure1.doCall(HighlightElement.groovy:105)
	at FormulaireInformationsPersonnelles.run(FormulaireInformationsPersonnelles:33)
	at com.kms.katalon.core.main.ScriptEngine.run(ScriptEngine.java:194)
	at com.kms.katalon.core.main.ScriptEngine.runScriptAsRawText(ScriptEngine.java:119)
	at com.kms.katalon.core.main.TestCaseExecutor.runScript(TestCaseExecutor.java:448)
	at com.kms.katalon.core.main.TestCaseExecutor.doExecute(TestCaseExecutor.java:439)
	at com.kms.katalon.core.main.TestCaseExecutor.processExecutionPhase(TestCaseExecutor.java:418)
	at com.kms.katalon.core.main.TestCaseExecutor.accessMainPhase(TestCaseExecutor.java:410)
	at com.kms.katalon.core.main.TestCaseExecutor.execute(TestCaseExecutor.java:285)
	at com.kms.katalon.core.main.TestCaseMain.runTestCase(TestCaseMain.java:144)
	at com.kms.katalon.core.keyword.builtin.CallTestCaseKeyword$_callTestCase_closure1.doCall(CallTestCaseKeyword.groovy:59)
	at com.kms.katalon.core.keyword.builtin.CallTestCaseKeyword$_callTestCase_closure1.call(CallTestCaseKeyword.groovy)
	at com.kms.katalon.core.keyword.internal.KeywordMain.runKeyword(KeywordMain.groovy:75)
	at com.kms.katalon.core.keyword.builtin.CallTestCaseKeyword.callTestCase(CallTestCaseKeyword.groovy:81)
	at com.kms.katalon.core.keyword.builtin.CallTestCaseKeyword.execute(CallTestCaseKeyword.groovy:44)
	at com.kms.katalon.core.keyword.internal.KeywordExecutor.executeKeywordForPlatform(KeywordExecutor.groovy:74)
	at com.kms.katalon.core.keyword.BuiltinKeywords.callTestCase(BuiltinKeywords.groovy:310)
	at com.kazurayam.ksbackyard.HighlightElement$_pandemic_closure1.doCall(HighlightElement.groovy:105)
	at TNR R.TSPT Supp90-Etudiant.run(TNR R.TSPT Supp90-Etudiant:47)
	at com.kms.katalon.core.main.ScriptEngine.run(ScriptEngine.java:194)
	at com.kms.katalon.core.main.ScriptEngine.runScriptAsRawText(ScriptEngine.java:119)
	at com.kms.katalon.core.main.TestCaseExecutor.runScript(TestCaseExecutor.java:448)
	at com.kms.katalon.core.main.TestCaseExecutor.doExecute(TestCaseExecutor.java:439)
	at com.kms.katalon.core.main.TestCaseExecutor.processExecutionPhase(TestCaseExecutor.java:418)
	at com.kms.katalon.core.main.TestCaseExecutor.accessMainPhase(TestCaseExecutor.java:410)
	at com.kms.katalon.core.main.TestCaseExecutor.execute(TestCaseExecutor.java:285)
	at com.kms.katalon.core.common.CommonExecutor.accessTestCaseMainPhase(CommonExecutor.java:65)
	at com.kms.katalon.core.main.TestSuiteExecutor.accessTestSuiteMainPhase(TestSuiteExecutor.java:148)
	at com.kms.katalon.core.main.TestSuiteExecutor.execute(TestSuiteExecutor.java:106)
	at com.kms.katalon.core.main.TestCaseMain.startTestSuite(TestCaseMain.java:187)
	at com.kms.katalon.core.main.TestCaseMain$startTestSuite$0.call(Unknown Source)
	at TempTestSuite1700831548882.run(TempTestSuite1700831548882.groovy:36)
)
[[ATTACHMENT|C:\\Users\\ISSAM.RHARBAOUI\\git\\22_11\\ANEF-AutomatizationProject\\Reports\\20231124_141228\\TS_TNR_R.TSPT_Suppo90\\20231124_141228\\1700831725804.png]]

2023-11-24 14:15:26 - [TEST_STEP][PASSED] - delay(2): Delayed 2 second(s)

2023-11-24 14:15:26 - [MESSAGE][INFO] - Delaying browser in 2 second(s)

2023-11-24 14:15:28 - [MESSAGE][PASSED] - Delayed 2 second(s)

2023-11-24 14:15:28 - [TEST_STEP][PASSED] - if (verifyElementPresent(findTestObject("Object Repository/Page_InformationPersonnelles_Usager/CheckBox_DesEnfantsACharge_Non"), 1, OPTIONAL)): com.kms.katalon.core.webui.exception.WebElementNotFoundException: Web element with id: 'Object Repository/Page_InformationPersonnelles_Usager/CheckBox_DesEnfantsACharge_Non' located by '//app-demande-ptsq//app-informations-personnelles-shared//app-has-enfants-charge//div//fieldset/div/div[2]/p-radiobutton/div/div[2]/span|//app-demande-visiteur//app-informations-personnelles-shared//app-has-enfants-charge/div/div/anef-input-radio/div/div/fieldset/div/div[2]/p-radiobutton/div/div[2]/span|//app-demande-ptch//app-informations-personnelles-shared//app-has-enfants-charge/div/div/anef-input-radio/div/div/fieldset/div/div[2]/p-radiobutton/div/div[2]/span|//div/app-has-enfants-charge/div/div/anef-input-radio/div/div/fieldset/div/div[2]/p-radiobutton/div/div[2]/span
' not found (Root cause: com.kms.katalon.core.exception.StepFailedException: com.kms.katalon.core.webui.exception.WebElementNotFoundException: Web element with id: 'Object Repository/Page_InformationPersonnelles_Usager/CheckBox_DesEnfantsACharge_Non' located by '//app-demande-ptsq//app-informations-personnelles-shared//app-has-enfants-charge//div//fieldset/div/div[2]/p-radiobutton/div/div[2]/span|//app-demande-visiteur//app-informations-personnelles-shared//app-has-enfants-charge/div/div/anef-input-radio/div/div/fieldset/div/div[2]/p-radiobutton/div/div[2]/span|//app-demande-ptch//app-informations-personnelles-shared//app-has-enfants-charge/div/div/anef-input-radio/div/div/fieldset/div/div[2]/p-radiobutton/div/div[2]/span|//div/app-has-enfants-charge/div/div/anef-input-radio/div/div/fieldset/div/div[2]/p-radiobutton/div/div[2]/span
' not found
	at com.kms.katalon.core.webui.keyword.internal.WebUIKeywordMain.stepFailed(WebUIKeywordMain.groovy:64)
	at com.kms.katalon.core.webui.keyword.builtin.VerifyElementPresentKeyword$_verifyElementPresent_closure1.doCall(VerifyElementPresentKeyword.groovy:85)
	at com.kms.katalon.core.webui.keyword.builtin.VerifyElementPresentKeyword$_verifyElementPresent_closure1.call(VerifyElementPresentKeyword.groovy)
	at com.kms.katalon.core.webui.keyword.internal.WebUIKeywordMain.runKeyword(WebUIKeywordMain.groovy:20)
	at com.kms.katalon.core.webui.keyword.builtin.VerifyElementPresentKeyword.verifyElementPresent(VerifyElementPresentKeyword.groovy:92)
	at com.kms.katalon.core.webui.keyword.builtin.VerifyElementPresentKeyword.execute(VerifyElementPresentKeyword.groovy:68)
	at com.kms.katalon.core.keyword.internal.KeywordExecutor.executeKeywordForPlatform(KeywordExecutor.groovy:74)
	at com.kms.katalon.core.webui.keyword.WebUiBuiltInKeywords.verifyElementPresent(WebUiBuiltInKeywords.groovy:1448)
	at com.kazurayam.ksbackyard.HighlightElement$_pandemic_closure1.doCall(HighlightElement.groovy:105)
	at FormulaireInformationsPersonnelles.run(FormulaireInformationsPersonnelles:37)
	at com.kms.katalon.core.main.ScriptEngine.run(ScriptEngine.java:194)
	at com.kms.katalon.core.main.ScriptEngine.runScriptAsRawText(ScriptEngine.java:119)
	at com.kms.katalon.core.main.TestCaseExecutor.runScript(TestCaseExecutor.java:448)
	at com.kms.katalon.core.main.TestCaseExecutor.doExecute(TestCaseExecutor.java:439)
	at com.kms.katalon.core.main.TestCaseExecutor.processExecutionPhase(TestCaseExecutor.java:418)
	at com.kms.katalon.core.main.TestCaseExecutor.accessMainPhase(TestCaseExecutor.java:410)
	at com.kms.katalon.core.main.TestCaseExecutor.execute(TestCaseExecutor.java:285)
	at com.kms.katalon.core.main.TestCaseMain.runTestCase(TestCaseMain.java:144)
	at com.kms.katalon.core.keyword.builtin.CallTestCaseKeyword$_callTestCase_closure1.doCall(CallTestCaseKeyword.groovy:59)
	at com.kms.katalon.core.keyword.builtin.CallTestCaseKeyword$_callTestCase_closure1.call(CallTestCaseKeyword.groovy)
	at com.kms.katalon.core.keyword.internal.KeywordMain.runKeyword(KeywordMain.groovy:75)
	at com.kms.katalon.core.keyword.builtin.CallTestCaseKeyword.callTestCase(CallTestCaseKeyword.groovy:81)
	at com.kms.katalon.core.keyword.builtin.CallTestCaseKeyword.execute(CallTestCaseKeyword.groovy:44)
	at com.kms.katalon.core.keyword.internal.KeywordExecutor.executeKeywordForPlatform(KeywordExecutor.groovy:74)
	at com.kms.katalon.core.keyword.BuiltinKeywords.callTestCase(BuiltinKeywords.groovy:310)
	at com.kazurayam.ksbackyard.HighlightElement$_pandemic_closure1.doCall(HighlightElement.groovy:105)
	at TNR R.TSPT Supp90-Etudiant.run(TNR R.TSPT Supp90-Etudiant:47)
	at com.kms.katalon.core.main.ScriptEngine.run(ScriptEngine.java:194)
	at com.kms.katalon.core.main.ScriptEngine.runScriptAsRawText(ScriptEngine.java:119)
	at com.kms.katalon.core.main.TestCaseExecutor.runScript(TestCaseExecutor.java:448)
	at com.kms.katalon.core.main.TestCaseExecutor.doExecute(TestCaseExecutor.java:439)
	at com.kms.katalon.core.main.TestCaseExecutor.processExecutionPhase(TestCaseExecutor.java:418)
	at com.kms.katalon.core.main.TestCaseExecutor.accessMainPhase(TestCaseExecutor.java:410)
	at com.kms.katalon.core.main.TestCaseExecutor.execute(TestCaseExecutor.java:285)
	at com.kms.katalon.core.common.CommonExecutor.accessTestCaseMainPhase(CommonExecutor.java:65)
	at com.kms.katalon.core.main.TestSuiteExecutor.accessTestSuiteMainPhase(TestSuiteExecutor.java:148)
	at com.kms.katalon.core.main.TestSuiteExecutor.execute(TestSuiteExecutor.java:106)
	at com.kms.katalon.core.main.TestCaseMain.startTestSuite(TestCaseMain.java:187)
	at com.kms.katalon.core.main.TestCaseMain$startTestSuite$0.call(Unknown Source)
	at TempTestSuite1700831548882.run(TempTestSuite1700831548882.groovy:36)
)

2023-11-24 14:15:28 - [MESSAGE][INFO] - Finding Test Object 'Object Repository/Page_InformationPersonnelles_Usager/CheckBox_DesEnfantsACharge_Non'

2023-11-24 14:15:28 - [MESSAGE][INFO] - Checking object

2023-11-24 14:15:28 - [MESSAGE][INFO] - Finding web element from Test Object's properties

2023-11-24 14:15:28 - [MESSAGE][INFO] - Checking timeout

2023-11-24 14:15:28 - [MESSAGE][INFO] - Finding web element with id: 'Object Repository/Page_InformationPersonnelles_Usager/CheckBox_DesEnfantsACharge_Non' located by 'By.xpath: //app-demande-ptsq//app-informations-personnelles-shared//app-has-enfants-charge//div//fieldset/div/div[2]/p-radiobutton/div/div[2]/span|//app-demande-visiteur//app-informations-personnelles-shared//app-has-enfants-charge/div/div/anef-input-radio/div/div/fieldset/div/div[2]/p-radiobutton/div/div[2]/span|//app-demande-ptch//app-informations-personnelles-shared//app-has-enfants-charge/div/div/anef-input-radio/div/div/fieldset/div/div[2]/p-radiobutton/div/div[2]/span|//div/app-has-enfants-charge/div/div/anef-input-radio/div/div/fieldset/div/div[2]/p-radiobutton/div/div[2]/span
' in '1' second(s)

2023-11-24 14:15:28 - [MESSAGE][INFO] - Smart Wait Function is triggered

2023-11-24 14:15:28 - [MESSAGE][INFO] - Smart Wait Function is triggered

2023-11-24 14:15:28 - [MESSAGE][INFO] - Smart Wait Function is triggered

2023-11-24 14:15:28 - [MESSAGE][INFO] - Smart Wait Function is triggered

2023-11-24 14:15:28 - [MESSAGE][INFO] - Smart Wait Function is triggered

2023-11-24 14:15:28 - [MESSAGE][INFO] - Smart Wait Function is triggered

2023-11-24 14:15:28 - [MESSAGE][INFO] - Smart Wait Function is triggered

2023-11-24 14:15:28 - [MESSAGE][INFO] - Smart Wait Function is triggered

2023-11-24 14:15:28 - [MESSAGE][INFO] - Smart Wait Function is triggered

2023-11-24 14:15:28 - [MESSAGE][INFO] - Smart Wait Function is triggered

2023-11-24 14:15:28 - [MESSAGE][INFO] - Smart Wait Function is triggered

2023-11-24 14:15:28 - [MESSAGE][INFO] - Smart Wait Function is triggered

2023-11-24 14:15:28 - [MESSAGE][INFO] - Smart Wait Function is triggered

2023-11-24 14:15:28 - [MESSAGE][INFO] - Smart Wait Function is triggered

2023-11-24 14:15:28 - [MESSAGE][INFO] - Smart Wait Function is triggered

2023-11-24 14:15:28 - [MESSAGE][INFO] - Smart Wait Function is triggered

2023-11-24 14:15:28 - [MESSAGE][INFO] - Smart Wait Function is triggered

2023-11-24 14:15:28 - [MESSAGE][INFO] - Smart Wait Function is triggered

2023-11-24 14:15:28 - [MESSAGE][INFO] - Smart Wait Function is triggered

2023-11-24 14:15:28 - [MESSAGE][INFO] - Smart Wait Function is triggered

2023-11-24 14:15:28 - [MESSAGE][INFO] - Smart Wait Function is triggered

2023-11-24 14:15:28 - [MESSAGE][INFO] - Smart Wait Function is triggered

2023-11-24 14:15:28 - [MESSAGE][INFO] - Smart Wait Function is triggered

2023-11-24 14:15:28 - [MESSAGE][INFO] - Smart Wait Function is triggered

2023-11-24 14:15:28 - [MESSAGE][INFO] - Smart Wait Function is triggered

2023-11-24 14:15:28 - [MESSAGE][INFO] - Smart Wait Function is triggered

2023-11-24 14:15:28 - [MESSAGE][INFO] - Smart Wait Function is triggered

2023-11-24 14:15:28 - [MESSAGE][INFO] - Smart Wait Function is triggered

2023-11-24 14:15:28 - [MESSAGE][INFO] - Smart Wait Function is triggered

2023-11-24 14:15:28 - [MESSAGE][INFO] - Smart Wait Function is triggered

2023-11-24 14:15:28 - [MESSAGE][INFO] - Smart Wait Function is triggered

2023-11-24 14:15:28 - [MESSAGE][INFO] - Smart Wait Function is triggered

2023-11-24 14:15:28 - [MESSAGE][INFO] - Smart Wait Function is triggered

2023-11-24 14:15:28 - [MESSAGE][INFO] - Smart Wait Function is triggered

2023-11-24 14:15:28 - [MESSAGE][INFO] - Smart Wait Function is triggered

2023-11-24 14:15:28 - [MESSAGE][INFO] - Smart Wait Function is triggered

2023-11-24 14:15:28 - [MESSAGE][INFO] - Smart Wait Function is triggered

2023-11-24 14:15:28 - [MESSAGE][INFO] - Smart Wait Function is triggered

2023-11-24 14:15:28 - [MESSAGE][INFO] - Smart Wait Function is triggered

2023-11-24 14:15:28 - [MESSAGE][INFO] - Smart Wait Function is triggered

2023-11-24 14:15:28 - [MESSAGE][INFO] - Smart Wait Function is triggered

2023-11-24 14:15:29 - [MESSAGE][INFO] - Smart Wait Function is triggered

2023-11-24 14:15:29 - [MESSAGE][INFO] - Smart Wait Function is triggered

2023-11-24 14:15:29 - [MESSAGE][INFO] - Smart Wait Function is triggered

2023-11-24 14:15:29 - [MESSAGE][INFO] - Smart Wait Function is triggered

2023-11-24 14:15:29 - [MESSAGE][INFO] - Smart Wait Function is triggered

2023-11-24 14:15:29 - [MESSAGE][INFO] - Smart Wait Function is triggered

2023-11-24 14:15:29 - [MESSAGE][INFO] - Smart Wait Function is triggered

2023-11-24 14:15:29 - [MESSAGE][INFO] - Smart Wait Function is triggered

2023-11-24 14:15:29 - [MESSAGE][INFO] - Smart Wait Function is triggered

2023-11-24 14:15:29 - [MESSAGE][INFO] - Smart Wait Function is triggered

2023-11-24 14:15:29 - [MESSAGE][INFO] - Smart Wait Function is triggered

2023-11-24 14:15:29 - [MESSAGE][INFO] - Smart Wait Function is triggered

2023-11-24 14:15:29 - [MESSAGE][INFO] - Smart Wait Function is triggered

2023-11-24 14:15:29 - [MESSAGE][INFO] - Smart Wait Function is triggered

2023-11-24 14:15:29 - [MESSAGE][INFO] - Smart Wait Function is triggered

2023-11-24 14:15:29 - [MESSAGE][INFO] - Smart Wait Function is triggered

2023-11-24 14:15:29 - [MESSAGE][INFO] - Smart Wait Function is triggered

2023-11-24 14:15:29 - [MESSAGE][INFO] - Smart Wait Function is triggered

2023-11-24 14:15:29 - [MESSAGE][INFO] - Smart Wait Function is triggered

2023-11-24 14:15:29 - [MESSAGE][INFO] - Smart Wait Function is triggered

2023-11-24 14:15:29 - [MESSAGE][INFO] - Smart Wait Function is triggered

2023-11-24 14:15:29 - [MESSAGE][INFO] - Smart Wait Function is triggered

2023-11-24 14:15:29 - [MESSAGE][INFO] - Smart Wait Function is triggered

2023-11-24 14:15:29 - [MESSAGE][INFO] - Smart Wait Function is triggered

2023-11-24 14:15:29 - [MESSAGE][INFO] - Smart Wait Function is triggered

2023-11-24 14:15:29 - [MESSAGE][INFO] - Smart Wait Function is triggered

2023-11-24 14:15:29 - [MESSAGE][INFO] - Smart Wait Function is triggered

2023-11-24 14:15:29 - [MESSAGE][INFO] - Smart Wait Function is triggered

2023-11-24 14:15:29 - [MESSAGE][INFO] - Smart Wait Function is triggered

2023-11-24 14:15:29 - [MESSAGE][INFO] - Smart Wait Function is triggered

2023-11-24 14:15:29 - [MESSAGE][INFO] - Smart Wait Function is triggered

2023-11-24 14:15:29 - [MESSAGE][INFO] - Smart Wait Function is triggered

2023-11-24 14:15:29 - [MESSAGE][INFO] - Smart Wait Function is triggered

2023-11-24 14:15:29 - [MESSAGE][INFO] - Smart Wait Function is triggered

2023-11-24 14:15:29 - [MESSAGE][INFO] - Smart Wait Function is triggered

2023-11-24 14:15:29 - [MESSAGE][INFO] - Smart Wait Function is triggered

2023-11-24 14:15:29 - [MESSAGE][INFO] - Smart Wait Function is triggered

2023-11-24 14:15:29 - [MESSAGE][INFO] - Smart Wait Function is triggered

2023-11-24 14:15:29 - [MESSAGE][INFO] - Smart Wait Function is triggered

2023-11-24 14:15:29 - [MESSAGE][INFO] - Smart Wait Function is triggered

2023-11-24 14:15:29 - [MESSAGE][INFO] - Smart Wait Function is triggered

2023-11-24 14:15:29 - [MESSAGE][INFO] - Smart Wait Function is triggered

2023-11-24 14:15:29 - [MESSAGE][INFO] - Smart Wait Function is triggered

2023-11-24 14:15:29 - [MESSAGE][INFO] - Smart Wait Function is triggered

2023-11-24 14:15:29 - [MESSAGE][INFO] - Smart Wait Function is triggered

2023-11-24 14:15:29 - [MESSAGE][INFO] - Smart Wait Function is triggered

2023-11-24 14:15:30 - [MESSAGE][INFO] - Smart Wait Function is triggered

2023-11-24 14:15:30 - [MESSAGE][INFO] - Smart Wait Function is triggered

2023-11-24 14:15:30 - [MESSAGE][INFO] - Smart Wait Function is triggered

2023-11-24 14:15:30 - [MESSAGE][INFO] - Smart Wait Function is triggered

2023-11-24 14:15:30 - [MESSAGE][INFO] - Smart Wait Function is triggered

2023-11-24 14:15:30 - [MESSAGE][INFO] - Smart Wait Function is triggered

2023-11-24 14:15:30 - [MESSAGE][INFO] - Smart Wait Function is triggered

2023-11-24 14:15:30 - [MESSAGE][INFO] - Smart Wait Function is triggered

2023-11-24 14:15:30 - [MESSAGE][INFO] - Smart Wait Function is triggered

2023-11-24 14:15:30 - [MESSAGE][INFO] - Smart Wait Function is triggered

2023-11-24 14:15:30 - [MESSAGE][INFO] - Unable to find the element located by 'By.xpath: //app-demande-ptsq//app-informations-personnelles-shared//app-has-enfants-charge//div//fieldset/div/div[2]/p-radiobutton/div/div[2]/span|//app-demande-visiteur//app-informations-personnelles-shared//app-has-enfants-charge/div/div/anef-input-radio/div/div/fieldset/div/div[2]/p-radiobutton/div/div[2]/span|//app-demande-ptch//app-informations-personnelles-shared//app-has-enfants-charge/div/div/anef-input-radio/div/div/fieldset/div/div[2]/p-radiobutton/div/div[2]/span|//div/app-has-enfants-charge/div/div/anef-input-radio/div/div/fieldset/div/div[2]/p-radiobutton/div/div[2]/span
'. Please recheck the objects properties to make sure the desired element is located. 

2023-11-24 14:15:30 - [MESSAGE][WARNING] - com.kms.katalon.core.webui.exception.WebElementNotFoundException: Web element with id: 'Object Repository/Page_InformationPersonnelles_Usager/CheckBox_DesEnfantsACharge_Non' located by '//app-demande-ptsq//app-informations-personnelles-shared//app-has-enfants-charge//div//fieldset/div/div[2]/p-radiobutton/div/div[2]/span|//app-demande-visiteur//app-informations-personnelles-shared//app-has-enfants-charge/div/div/anef-input-radio/div/div/fieldset/div/div[2]/p-radiobutton/div/div[2]/span|//app-demande-ptch//app-informations-personnelles-shared//app-has-enfants-charge/div/div/anef-input-radio/div/div/fieldset/div/div[2]/p-radiobutton/div/div[2]/span|//div/app-has-enfants-charge/div/div/anef-input-radio/div/div/fieldset/div/div[2]/p-radiobutton/div/div[2]/span
' not found (Root cause: com.kms.katalon.core.exception.StepFailedException: com.kms.katalon.core.webui.exception.WebElementNotFoundException: Web element with id: 'Object Repository/Page_InformationPersonnelles_Usager/CheckBox_DesEnfantsACharge_Non' located by '//app-demande-ptsq//app-informations-personnelles-shared//app-has-enfants-charge//div//fieldset/div/div[2]/p-radiobutton/div/div[2]/span|//app-demande-visiteur//app-informations-personnelles-shared//app-has-enfants-charge/div/div/anef-input-radio/div/div/fieldset/div/div[2]/p-radiobutton/div/div[2]/span|//app-demande-ptch//app-informations-personnelles-shared//app-has-enfants-charge/div/div/anef-input-radio/div/div/fieldset/div/div[2]/p-radiobutton/div/div[2]/span|//div/app-has-enfants-charge/div/div/anef-input-radio/div/div/fieldset/div/div[2]/p-radiobutton/div/div[2]/span
' not found
	at com.kms.katalon.core.webui.keyword.internal.WebUIKeywordMain.stepFailed(WebUIKeywordMain.groovy:64)
	at com.kms.katalon.core.webui.keyword.builtin.VerifyElementPresentKeyword$_verifyElementPresent_closure1.doCall(VerifyElementPresentKeyword.groovy:85)
	at com.kms.katalon.core.webui.keyword.builtin.VerifyElementPresentKeyword$_verifyElementPresent_closure1.call(VerifyElementPresentKeyword.groovy)
	at com.kms.katalon.core.webui.keyword.internal.WebUIKeywordMain.runKeyword(WebUIKeywordMain.groovy:20)
	at com.kms.katalon.core.webui.keyword.builtin.VerifyElementPresentKeyword.verifyElementPresent(VerifyElementPresentKeyword.groovy:92)
	at com.kms.katalon.core.webui.keyword.builtin.VerifyElementPresentKeyword.execute(VerifyElementPresentKeyword.groovy:68)
	at com.kms.katalon.core.keyword.internal.KeywordExecutor.executeKeywordForPlatform(KeywordExecutor.groovy:74)
	at com.kms.katalon.core.webui.keyword.WebUiBuiltInKeywords.verifyElementPresent(WebUiBuiltInKeywords.groovy:1448)
	at com.kazurayam.ksbackyard.HighlightElement$_pandemic_closure1.doCall(HighlightElement.groovy:105)
	at FormulaireInformationsPersonnelles.run(FormulaireInformationsPersonnelles:37)
	at com.kms.katalon.core.main.ScriptEngine.run(ScriptEngine.java:194)
	at com.kms.katalon.core.main.ScriptEngine.runScriptAsRawText(ScriptEngine.java:119)
	at com.kms.katalon.core.main.TestCaseExecutor.runScript(TestCaseExecutor.java:448)
	at com.kms.katalon.core.main.TestCaseExecutor.doExecute(TestCaseExecutor.java:439)
	at com.kms.katalon.core.main.TestCaseExecutor.processExecutionPhase(TestCaseExecutor.java:418)
	at com.kms.katalon.core.main.TestCaseExecutor.accessMainPhase(TestCaseExecutor.java:410)
	at com.kms.katalon.core.main.TestCaseExecutor.execute(TestCaseExecutor.java:285)
	at com.kms.katalon.core.main.TestCaseMain.runTestCase(TestCaseMain.java:144)
	at com.kms.katalon.core.keyword.builtin.CallTestCaseKeyword$_callTestCase_closure1.doCall(CallTestCaseKeyword.groovy:59)
	at com.kms.katalon.core.keyword.builtin.CallTestCaseKeyword$_callTestCase_closure1.call(CallTestCaseKeyword.groovy)
	at com.kms.katalon.core.keyword.internal.KeywordMain.runKeyword(KeywordMain.groovy:75)
	at com.kms.katalon.core.keyword.builtin.CallTestCaseKeyword.callTestCase(CallTestCaseKeyword.groovy:81)
	at com.kms.katalon.core.keyword.builtin.CallTestCaseKeyword.execute(CallTestCaseKeyword.groovy:44)
	at com.kms.katalon.core.keyword.internal.KeywordExecutor.executeKeywordForPlatform(KeywordExecutor.groovy:74)
	at com.kms.katalon.core.keyword.BuiltinKeywords.callTestCase(BuiltinKeywords.groovy:310)
	at com.kazurayam.ksbackyard.HighlightElement$_pandemic_closure1.doCall(HighlightElement.groovy:105)
	at TNR R.TSPT Supp90-Etudiant.run(TNR R.TSPT Supp90-Etudiant:47)
	at com.kms.katalon.core.main.ScriptEngine.run(ScriptEngine.java:194)
	at com.kms.katalon.core.main.ScriptEngine.runScriptAsRawText(ScriptEngine.java:119)
	at com.kms.katalon.core.main.TestCaseExecutor.runScript(TestCaseExecutor.java:448)
	at com.kms.katalon.core.main.TestCaseExecutor.doExecute(TestCaseExecutor.java:439)
	at com.kms.katalon.core.main.TestCaseExecutor.processExecutionPhase(TestCaseExecutor.java:418)
	at com.kms.katalon.core.main.TestCaseExecutor.accessMainPhase(TestCaseExecutor.java:410)
	at com.kms.katalon.core.main.TestCaseExecutor.execute(TestCaseExecutor.java:285)
	at com.kms.katalon.core.common.CommonExecutor.accessTestCaseMainPhase(CommonExecutor.java:65)
	at com.kms.katalon.core.main.TestSuiteExecutor.accessTestSuiteMainPhase(TestSuiteExecutor.java:148)
	at com.kms.katalon.core.main.TestSuiteExecutor.execute(TestSuiteExecutor.java:106)
	at com.kms.katalon.core.main.TestCaseMain.startTestSuite(TestCaseMain.java:187)
	at com.kms.katalon.core.main.TestCaseMain$startTestSuite$0.call(Unknown Source)
	at TempTestSuite1700831548882.run(TempTestSuite1700831548882.groovy:36)
)
[[ATTACHMENT|C:\\Users\\ISSAM.RHARBAOUI\\git\\22_11\\ANEF-AutomatizationProject\\Reports\\20231124_141228\\TS_TNR_R.TSPT_Suppo90\\20231124_141228\\1700831730226.png]]

2023-11-24 14:15:30 - [TEST_STEP][PASSED] - delay(2): Delayed 2 second(s)

2023-11-24 14:15:30 - [MESSAGE][INFO] - Delaying browser in 2 second(s)

2023-11-24 14:15:32 - [MESSAGE][PASSED] - Delayed 2 second(s)

2023-11-24 14:15:32 - [TEST_STEP][FAILED] - setText(findTestObject("Object Repository/Page_InformationPersonnelles_Usager/Input_AdresseUsager"), AdresseUsager): Unable to set text '3 rue des 3 moulins 77000 melun' of object 'Object Repository/Page_InformationPersonnelles_Usager/Input_AdresseUsager' (Root cause: com.kms.katalon.core.exception.StepFailedException: Unable to set text '3 rue des 3 moulins 77000 melun' of object 'Object Repository/Page_InformationPersonnelles_Usager/Input_AdresseUsager'
	at com.kms.katalon.core.webui.keyword.internal.WebUIKeywordMain.stepFailed(WebUIKeywordMain.groovy:64)
	at com.kms.katalon.core.webui.keyword.internal.WebUIKeywordMain.runKeyword(WebUIKeywordMain.groovy:26)
	at com.kms.katalon.core.webui.keyword.builtin.SetTextKeyword.setText(SetTextKeyword.groovy:66)
	at com.kms.katalon.core.webui.keyword.builtin.SetTextKeyword.execute(SetTextKeyword.groovy:37)
	at com.kms.katalon.core.keyword.internal.KeywordExecutor.executeKeywordForPlatform(KeywordExecutor.groovy:74)
	at com.kms.katalon.core.webui.keyword.WebUiBuiltInKeywords.setText(WebUiBuiltInKeywords.groovy:980)
	at com.kazurayam.ksbackyard.HighlightElement$_pandemic_closure1.doCall(HighlightElement.groovy:105)
	at FormulaireInformationsPersonnelles.run(FormulaireInformationsPersonnelles:41)
	at com.kms.katalon.core.main.ScriptEngine.run(ScriptEngine.java:194)
	at com.kms.katalon.core.main.ScriptEngine.runScriptAsRawText(ScriptEngine.java:119)
	at com.kms.katalon.core.main.TestCaseExecutor.runScript(TestCaseExecutor.java:448)
	at com.kms.katalon.core.main.TestCaseExecutor.doExecute(TestCaseExecutor.java:439)
	at com.kms.katalon.core.main.TestCaseExecutor.processExecutionPhase(TestCaseExecutor.java:418)
	at com.kms.katalon.core.main.TestCaseExecutor.accessMainPhase(TestCaseExecutor.java:410)
	at com.kms.katalon.core.main.TestCaseExecutor.execute(TestCaseExecutor.java:285)
	at com.kms.katalon.core.main.TestCaseMain.runTestCase(TestCaseMain.java:144)
	at com.kms.katalon.core.keyword.builtin.CallTestCaseKeyword$_callTestCase_closure1.doCall(CallTestCaseKeyword.groovy:59)
	at com.kms.katalon.core.keyword.builtin.CallTestCaseKeyword$_callTestCase_closure1.call(CallTestCaseKeyword.groovy)
	at com.kms.katalon.core.keyword.internal.KeywordMain.runKeyword(KeywordMain.groovy:75)
	at com.kms.katalon.core.keyword.builtin.CallTestCaseKeyword.callTestCase(CallTestCaseKeyword.groovy:81)
	at com.kms.katalon.core.keyword.builtin.CallTestCaseKeyword.execute(CallTestCaseKeyword.groovy:44)
	at com.kms.katalon.core.keyword.internal.KeywordExecutor.executeKeywordForPlatform(KeywordExecutor.groovy:74)
	at com.kms.katalon.core.keyword.BuiltinKeywords.callTestCase(BuiltinKeywords.groovy:310)
	at com.kazurayam.ksbackyard.HighlightElement$_pandemic_closure1.doCall(HighlightElement.groovy:105)
	at TNR R.TSPT Supp90-Etudiant.run(TNR R.TSPT Supp90-Etudiant:47)
	at com.kms.katalon.core.main.ScriptEngine.run(ScriptEngine.java:194)
	at com.kms.katalon.core.main.ScriptEngine.runScriptAsRawText(ScriptEngine.java:119)
	at com.kms.katalon.core.main.TestCaseExecutor.runScript(TestCaseExecutor.java:448)
	at com.kms.katalon.core.main.TestCaseExecutor.doExecute(TestCaseExecutor.java:439)
	at com.kms.katalon.core.main.TestCaseExecutor.processExecutionPhase(TestCaseExecutor.java:418)
	at com.kms.katalon.core.main.TestCaseExecutor.accessMainPhase(TestCaseExecutor.java:410)
	at com.kms.katalon.core.main.TestCaseExecutor.execute(TestCaseExecutor.java:285)
	at com.kms.katalon.core.common.CommonExecutor.accessTestCaseMainPhase(CommonExecutor.java:65)
	at com.kms.katalon.core.main.TestSuiteExecutor.accessTestSuiteMainPhase(TestSuiteExecutor.java:148)
	at com.kms.katalon.core.main.TestSuiteExecutor.execute(TestSuiteExecutor.java:106)
	at com.kms.katalon.core.main.TestCaseMain.startTestSuite(TestCaseMain.java:187)
	at com.kms.katalon.core.main.TestCaseMain$startTestSuite$0.call(Unknown Source)
	at TempTestSuite1700831548882.run(TempTestSuite1700831548882.groovy:36)
Caused by: com.kms.katalon.core.webui.exception.WebElementNotFoundException: Web element with id: 'Object Repository/Page_InformationPersonnelles_Usager/Input_AdresseUsager' located by '//app-informations-personnelles//app-adresse-etalab//app-vls-ts-etalab//div/input|//app-informations-personnelles-shared//app-adresse-etalab//app-vls-ts-etalab//div/input' not found
	at com.kms.katalon.core.webui.common.WebUiCommonHelper.findWebElement(WebUiCommonHelper.java:1381)
	at com.kms.katalon.core.webui.keyword.internal.WebUIAbstractKeyword.findWebElement(WebUIAbstractKeyword.groovy:27)
	at com.kms.katalon.core.webui.keyword.internal.WebUIAbstractKeyword.findWebElement(WebUIAbstractKeyword.groovy:26)
	at com.kms.katalon.core.webui.keyword.builtin.SetTextKeyword$_setText_closure1.doCall(SetTextKeyword.groovy:51)
	at com.kms.katalon.core.webui.keyword.builtin.SetTextKeyword$_setText_closure1.call(SetTextKeyword.groovy)
	at com.kms.katalon.core.webui.keyword.internal.WebUIKeywordMain.runKeyword(WebUIKeywordMain.groovy:20)
	at com.kms.katalon.core.webui.keyword.builtin.SetTextKeyword.setText(SetTextKeyword.groovy:66)
	at com.kms.katalon.core.webui.keyword.builtin.SetTextKeyword.execute(SetTextKeyword.groovy:37)
	at com.kms.katalon.core.keyword.internal.KeywordExecutor.executeKeywordForPlatform(KeywordExecutor.groovy:74)
	at com.kms.katalon.core.webui.keyword.WebUiBuiltInKeywords.setText(WebUiBuiltInKeywords.groovy:980)
	at com.kazurayam.ksbackyard.HighlightElement$_pandemic_closure1.doCall(HighlightElement.groovy:105)
	at Script1695813884742.run(Script1695813884742.groovy:41)
	at com.kms.katalon.core.main.ScriptEngine.run(ScriptEngine.java:194)
	at com.kms.katalon.core.main.ScriptEngine.runScriptAsRawText(ScriptEngine.java:119)
	at com.kms.katalon.core.main.TestCaseExecutor.runScript(TestCaseExecutor.java:448)
	at com.kms.katalon.core.main.TestCaseExecutor.doExecute(TestCaseExecutor.java:439)
	at com.kms.katalon.core.main.TestCaseExecutor.processExecutionPhase(TestCaseExecutor.java:418)
	at com.kms.katalon.core.main.TestCaseExecutor.accessMainPhase(TestCaseExecutor.java:410)
	at com.kms.katalon.core.main.TestCaseExecutor.execute(TestCaseExecutor.java:285)
	at com.kms.katalon.core.main.TestCaseMain.runTestCase(TestCaseMain.java:144)
	at com.kms.katalon.core.keyword.builtin.CallTestCaseKeyword$_callTestCase_closure1.doCall(CallTestCaseKeyword.groovy:59)
	at com.kms.katalon.core.keyword.builtin.CallTestCaseKeyword$_callTestCase_closure1.call(CallTestCaseKeyword.groovy)
	at com.kms.katalon.core.keyword.internal.KeywordMain.runKeyword(KeywordMain.groovy:75)
	at com.kms.katalon.core.keyword.builtin.CallTestCaseKeyword.callTestCase(CallTestCaseKeyword.groovy:81)
	at com.kms.katalon.core.keyword.builtin.CallTestCaseKeyword.execute(CallTestCaseKeyword.groovy:44)
	at com.kms.katalon.core.keyword.internal.KeywordExecutor.executeKeywordForPlatform(KeywordExecutor.groovy:74)
	at com.kms.katalon.core.keyword.BuiltinKeywords.callTestCase(BuiltinKeywords.groovy:310)
	at com.kazurayam.ksbackyard.HighlightElement$_pandemic_closure1.doCall(HighlightElement.groovy:105)
	at Script1697546404945.run(Script1697546404945.groovy:47)
	... 13 more
)

2023-11-24 14:15:32 - [MESSAGE][INFO] - Finding Test Object 'Object Repository/Page_InformationPersonnelles_Usager/Input_AdresseUsager'

2023-11-24 14:15:32 - [MESSAGE][INFO] - Checking timeout

2023-11-24 14:15:32 - [MESSAGE][INFO] - Finding web element with id: 'Object Repository/Page_InformationPersonnelles_Usager/Input_AdresseUsager' located by 'By.xpath: //app-informations-personnelles//app-adresse-etalab//app-vls-ts-etalab//div/input|//app-informations-personnelles-shared//app-adresse-etalab//app-vls-ts-etalab//div/input' in '20' second(s)

2023-11-24 14:15:32 - [MESSAGE][INFO] - Smart Wait Function is triggered

2023-11-24 14:15:32 - [MESSAGE][INFO] - Smart Wait Function is triggered

2023-11-24 14:15:32 - [MESSAGE][INFO] - Smart Wait Function is triggered

2023-11-24 14:15:32 - [MESSAGE][INFO] - Smart Wait Function is triggered

2023-11-24 14:15:32 - [MESSAGE][INFO] - Smart Wait Function is triggered

2023-11-24 14:15:32 - [MESSAGE][INFO] - Smart Wait Function is triggered

2023-11-24 14:15:32 - [MESSAGE][INFO] - Smart Wait Function is triggered

2023-11-24 14:15:32 - [MESSAGE][INFO] - Smart Wait Function is triggered

2023-11-24 14:15:32 - [MESSAGE][INFO] - Smart Wait Function is triggered

2023-11-24 14:15:32 - [MESSAGE][INFO] - Smart Wait Function is triggered

2023-11-24 14:15:32 - [MESSAGE][INFO] - Smart Wait Function is triggered

2023-11-24 14:15:32 - [MESSAGE][INFO] - Smart Wait Function is triggered

2023-11-24 14:15:32 - [MESSAGE][INFO] - Smart Wait Function is triggered

2023-11-24 14:15:32 - [MESSAGE][INFO] - Smart Wait Function is triggered

2023-11-24 14:15:32 - [MESSAGE][INFO] - Smart Wait Function is triggered

2023-11-24 14:15:32 - [MESSAGE][INFO] - Smart Wait Function is triggered

2023-11-24 14:15:32 - [MESSAGE][INFO] - Smart Wait Function is triggered

2023-11-24 14:15:32 - [MESSAGE][INFO] - Smart Wait Function is triggered

2023-11-24 14:15:32 - [MESSAGE][INFO] - Smart Wait Function is triggered

2023-11-24 14:15:32 - [MESSAGE][INFO] - Smart Wait Function is triggered

2023-11-24 14:15:32 - [MESSAGE][INFO] - Smart Wait Function is triggered

2023-11-24 14:15:32 - [MESSAGE][INFO] - Smart Wait Function is triggered

2023-11-24 14:15:32 - [MESSAGE][INFO] - Smart Wait Function is triggered

2023-11-24 14:15:32 - [MESSAGE][INFO] - Smart Wait Function is triggered

2023-11-24 14:15:33 - [MESSAGE][INFO] - Smart Wait Function is triggered

2023-11-24 14:15:33 - [MESSAGE][INFO] - Smart Wait Function is triggered

2023-11-24 14:15:33 - [MESSAGE][INFO] - Smart Wait Function is triggered

2023-11-24 14:15:33 - [MESSAGE][INFO] - Smart Wait Function is triggered

2023-11-24 14:15:33 - [MESSAGE][INFO] - Smart Wait Function is triggered

2023-11-24 14:15:33 - [MESSAGE][INFO] - Smart Wait Function is triggered

2023-11-24 14:15:33 - [MESSAGE][INFO] - Smart Wait Function is triggered

2023-11-24 14:15:33 - [MESSAGE][INFO] - Smart Wait Function is triggered

2023-11-24 14:15:33 - [MESSAGE][INFO] - Smart Wait Function is triggered

2023-11-24 14:15:33 - [MESSAGE][INFO] - Smart Wait Function is triggered

2023-11-24 14:15:33 - [MESSAGE][INFO] - Smart Wait Function is triggered

2023-11-24 14:15:33 - [MESSAGE][INFO] - Smart Wait Function is triggered

2023-11-24 14:15:33 - [MESSAGE][INFO] - Smart Wait Function is triggered

2023-11-24 14:15:33 - [MESSAGE][INFO] - Smart Wait Function is triggered

2023-11-24 14:15:33 - [MESSAGE][INFO] - Smart Wait Function is triggered

2023-11-24 14:15:33 - [MESSAGE][INFO] - Smart Wait Function is triggered

2023-11-24 14:15:33 - [MESSAGE][INFO] - Smart Wait Function is triggered

2023-11-24 14:15:33 - [MESSAGE][INFO] - Smart Wait Function is triggered

2023-11-24 14:15:33 - [MESSAGE][INFO] - Smart Wait Function is triggered

2023-11-24 14:15:33 - [MESSAGE][INFO] - Smart Wait Function is triggered

2023-11-24 14:15:33 - [MESSAGE][INFO] - Smart Wait Function is triggered

2023-11-24 14:15:33 - [MESSAGE][INFO] - Smart Wait Function is triggered

2023-11-24 14:15:33 - [MESSAGE][INFO] - Smart Wait Function is triggered

2023-11-24 14:15:33 - [MESSAGE][INFO] - Smart Wait Function is triggered

2023-11-24 14:15:33 - [MESSAGE][INFO] - Smart Wait Function is triggered

2023-11-24 14:15:33 - [MESSAGE][INFO] - Smart Wait Function is triggered

2023-11-24 14:15:33 - [MESSAGE][INFO] - Smart Wait Function is triggered

2023-11-24 14:15:33 - [MESSAGE][INFO] - Smart Wait Function is triggered

2023-11-24 14:15:33 - [MESSAGE][INFO] - Smart Wait Function is triggered

2023-11-24 14:15:33 - [MESSAGE][INFO] - Smart Wait Function is triggered

2023-11-24 14:15:33 - [MESSAGE][INFO] - Smart Wait Function is triggered

2023-11-24 14:15:33 - [MESSAGE][INFO] - Smart Wait Function is triggered

2023-11-24 14:15:33 - [MESSAGE][INFO] - Smart Wait Function is triggered

2023-11-24 14:15:33 - [MESSAGE][INFO] - Smart Wait Function is triggered

2023-11-24 14:15:33 - [MESSAGE][INFO] - Smart Wait Function is triggered

2023-11-24 14:15:33 - [MESSAGE][INFO] - Smart Wait Function is triggered

2023-11-24 14:15:33 - [MESSAGE][INFO] - Smart Wait Function is triggered

2023-11-24 14:15:33 - [MESSAGE][INFO] - Smart Wait Function is triggered

2023-11-24 14:15:33 - [MESSAGE][INFO] - Smart Wait Function is triggered

2023-11-24 14:15:33 - [MESSAGE][INFO] - Smart Wait Function is triggered

2023-11-24 14:15:33 - [MESSAGE][INFO] - Smart Wait Function is triggered

2023-11-24 14:15:33 - [MESSAGE][INFO] - Smart Wait Function is triggered

2023-11-24 14:15:33 - [MESSAGE][INFO] - Smart Wait Function is triggered

2023-11-24 14:15:33 - [MESSAGE][INFO] - Smart Wait Function is triggered

2023-11-24 14:15:33 - [MESSAGE][INFO] - Smart Wait Function is triggered

2023-11-24 14:15:33 - [MESSAGE][INFO] - Smart Wait Function is triggered

2023-11-24 14:15:33 - [MESSAGE][INFO] - Smart Wait Function is triggered

2023-11-24 14:15:33 - [MESSAGE][INFO] - Smart Wait Function is triggered

2023-11-24 14:15:33 - [MESSAGE][INFO] - Smart Wait Function is triggered

2023-11-24 14:15:33 - [MESSAGE][INFO] - Smart Wait Function is triggered

2023-11-24 14:15:33 - [MESSAGE][INFO] - Smart Wait Function is triggered

2023-11-24 14:15:33 - [MESSAGE][INFO] - Smart Wait Function is triggered

2023-11-24 14:15:33 - [MESSAGE][INFO] - Smart Wait Function is triggered

2023-11-24 14:15:33 - [MESSAGE][INFO] - Smart Wait Function is triggered

2023-11-24 14:15:34 - [MESSAGE][INFO] - Smart Wait Function is triggered

2023-11-24 14:15:34 - [MESSAGE][INFO] - Smart Wait Function is triggered

2023-11-24 14:15:34 - [MESSAGE][INFO] - Smart Wait Function is triggered

2023-11-24 14:15:34 - [MESSAGE][INFO] - Smart Wait Function is triggered

2023-11-24 14:15:34 - [MESSAGE][INFO] - Smart Wait Function is triggered

2023-11-24 14:15:34 - [MESSAGE][INFO] - Smart Wait Function is triggered

2023-11-24 14:15:34 - [MESSAGE][INFO] - Smart Wait Function is triggered

2023-11-24 14:15:34 - [MESSAGE][INFO] - Smart Wait Function is triggered

2023-11-24 14:15:34 - [MESSAGE][INFO] - Smart Wait Function is triggered

2023-11-24 14:15:34 - [MESSAGE][INFO] - Smart Wait Function is triggered

2023-11-24 14:15:34 - [MESSAGE][INFO] - Smart Wait Function is triggered

2023-11-24 14:15:34 - [MESSAGE][INFO] - Smart Wait Function is triggered

2023-11-24 14:15:34 - [MESSAGE][INFO] - Smart Wait Function is triggered

2023-11-24 14:15:34 - [MESSAGE][INFO] - Smart Wait Function is triggered

2023-11-24 14:15:34 - [MESSAGE][INFO] - Smart Wait Function is triggered

2023-11-24 14:15:34 - [MESSAGE][INFO] - Smart Wait Function is triggered

2023-11-24 14:15:34 - [MESSAGE][INFO] - Smart Wait Function is triggered

2023-11-24 14:15:34 - [MESSAGE][INFO] - Smart Wait Function is triggered

2023-11-24 14:15:34 - [MESSAGE][INFO] - Smart Wait Function is triggered

2023-11-24 14:15:34 - [MESSAGE][INFO] - Smart Wait Function is triggered

2023-11-24 14:15:34 - [MESSAGE][INFO] - Smart Wait Function is triggered

2023-11-24 14:15:34 - [MESSAGE][INFO] - Smart Wait Function is triggered

2023-11-24 14:15:34 - [MESSAGE][INFO] - Smart Wait Function is triggered

2023-11-24 14:15:34 - [MESSAGE][INFO] - Smart Wait Function is triggered

2023-11-24 14:15:34 - [MESSAGE][INFO] - Smart Wait Function is triggered

2023-11-24 14:15:34 - [MESSAGE][INFO] - Smart Wait Function is triggered

2023-11-24 14:15:34 - [MESSAGE][INFO] - Smart Wait Function is triggered

2023-11-24 14:15:34 - [MESSAGE][INFO] - Smart Wait Function is triggered

2023-11-24 14:15:34 - [MESSAGE][INFO] - Smart Wait Function is triggered

2023-11-24 14:15:34 - [MESSAGE][INFO] - Smart Wait Function is triggered

2023-11-24 14:15:34 - [MESSAGE][INFO] - Smart Wait Function is triggered

2023-11-24 14:15:34 - [MESSAGE][INFO] - Smart Wait Function is triggered

2023-11-24 14:15:34 - [MESSAGE][INFO] - Smart Wait Function is triggered

2023-11-24 14:15:34 - [MESSAGE][INFO] - Smart Wait Function is triggered

2023-11-24 14:15:34 - [MESSAGE][INFO] - Smart Wait Function is triggered

2023-11-24 14:15:34 - [MESSAGE][INFO] - Smart Wait Function is triggered

2023-11-24 14:15:34 - [MESSAGE][INFO] - Smart Wait Function is triggered

2023-11-24 14:15:34 - [MESSAGE][INFO] - Smart Wait Function is triggered

2023-11-24 14:15:34 - [MESSAGE][INFO] - Smart Wait Function is triggered

2023-11-24 14:15:34 - [MESSAGE][INFO] - Smart Wait Function is triggered

2023-11-24 14:15:34 - [MESSAGE][INFO] - Smart Wait Function is triggered

2023-11-24 14:15:34 - [MESSAGE][INFO] - Smart Wait Function is triggered

2023-11-24 14:15:34 - [MESSAGE][INFO] - Smart Wait Function is triggered

2023-11-24 14:15:34 - [MESSAGE][INFO] - Smart Wait Function is triggered

2023-11-24 14:15:34 - [MESSAGE][INFO] - Smart Wait Function is triggered

2023-11-24 14:15:34 - [MESSAGE][INFO] - Smart Wait Function is triggered

2023-11-24 14:15:34 - [MESSAGE][INFO] - Smart Wait Function is triggered

2023-11-24 14:15:34 - [MESSAGE][INFO] - Smart Wait Function is triggered

2023-11-24 14:15:34 - [MESSAGE][INFO] - Smart Wait Function is triggered

2023-11-24 14:15:34 - [MESSAGE][INFO] - Smart Wait Function is triggered

2023-11-24 14:15:35 - [MESSAGE][INFO] - Smart Wait Function is triggered

2023-11-24 14:15:35 - [MESSAGE][INFO] - Smart Wait Function is triggered

2023-11-24 14:15:35 - [MESSAGE][INFO] - Smart Wait Function is triggered

2023-11-24 14:15:35 - [MESSAGE][INFO] - Smart Wait Function is triggered

2023-11-24 14:15:35 - [MESSAGE][INFO] - Smart Wait Function is triggered

2023-11-24 14:15:35 - [MESSAGE][INFO] - Smart Wait Function is triggered

2023-11-24 14:15:35 - [MESSAGE][INFO] - Smart Wait Function is triggered

2023-11-24 14:15:35 - [MESSAGE][INFO] - Smart Wait Function is triggered

2023-11-24 14:15:35 - [MESSAGE][INFO] - Smart Wait Function is triggered

2023-11-24 14:15:35 - [MESSAGE][INFO] - Smart Wait Function is triggered

2023-11-24 14:15:35 - [MESSAGE][INFO] - Smart Wait Function is triggered

2023-11-24 14:15:35 - [MESSAGE][INFO] - Smart Wait Function is triggered

2023-11-24 14:15:35 - [MESSAGE][INFO] - Smart Wait Function is triggered

2023-11-24 14:15:35 - [MESSAGE][INFO] - Smart Wait Function is triggered

2023-11-24 14:15:35 - [MESSAGE][INFO] - Smart Wait Function is triggered

2023-11-24 14:15:35 - [MESSAGE][INFO] - Smart Wait Function is triggered

2023-11-24 14:15:35 - [MESSAGE][INFO] - Smart Wait Function is triggered

2023-11-24 14:15:35 - [MESSAGE][INFO] - Smart Wait Function is triggered

2023-11-24 14:15:35 - [MESSAGE][INFO] - Smart Wait Function is triggered

2023-11-24 14:15:35 - [MESSAGE][INFO] - Smart Wait Function is triggered

2023-11-24 14:15:35 - [MESSAGE][INFO] - Smart Wait Function is triggered

2023-11-24 14:15:35 - [MESSAGE][INFO] - Smart Wait Function is triggered

2023-11-24 14:15:35 - [MESSAGE][INFO] - Smart Wait Function is triggered

2023-11-24 14:15:35 - [MESSAGE][INFO] - Smart Wait Function is triggered

2023-11-24 14:15:35 - [MESSAGE][INFO] - Smart Wait Function is triggered

2023-11-24 14:15:35 - [MESSAGE][INFO] - Smart Wait Function is triggered

2023-11-24 14:15:35 - [MESSAGE][INFO] - Smart Wait Function is triggered

2023-11-24 14:15:35 - [MESSAGE][INFO] - Smart Wait Function is triggered

2023-11-24 14:15:35 - [MESSAGE][INFO] - Smart Wait Function is triggered

2023-11-24 14:15:35 - [MESSAGE][INFO] - Smart Wait Function is triggered

2023-11-24 14:15:35 - [MESSAGE][INFO] - Smart Wait Function is triggered

2023-11-24 14:15:35 - [MESSAGE][INFO] - Smart Wait Function is triggered

2023-11-24 14:15:35 - [MESSAGE][INFO] - Smart Wait Function is triggered

2023-11-24 14:15:35 - [MESSAGE][INFO] - Smart Wait Function is triggered

2023-11-24 14:15:35 - [MESSAGE][INFO] - Smart Wait Function is triggered

2023-11-24 14:15:35 - [MESSAGE][INFO] - Smart Wait Function is triggered

2023-11-24 14:15:35 - [MESSAGE][INFO] - Smart Wait Function is triggered

2023-11-24 14:15:35 - [MESSAGE][INFO] - Smart Wait Function is triggered

2023-11-24 14:15:35 - [MESSAGE][INFO] - Smart Wait Function is triggered

2023-11-24 14:15:35 - [MESSAGE][INFO] - Smart Wait Function is triggered

2023-11-24 14:15:35 - [MESSAGE][INFO] - Smart Wait Function is triggered

2023-11-24 14:15:35 - [MESSAGE][INFO] - Smart Wait Function is triggered

2023-11-24 14:15:35 - [MESSAGE][INFO] - Smart Wait Function is triggered

2023-11-24 14:15:35 - [MESSAGE][INFO] - Smart Wait Function is triggered

2023-11-24 14:15:35 - [MESSAGE][INFO] - Smart Wait Function is triggered

2023-11-24 14:15:35 - [MESSAGE][INFO] - Smart Wait Function is triggered

2023-11-24 14:15:35 - [MESSAGE][INFO] - Smart Wait Function is triggered

2023-11-24 14:15:35 - [MESSAGE][INFO] - Smart Wait Function is triggered

2023-11-24 14:15:35 - [MESSAGE][INFO] - Smart Wait Function is triggered

2023-11-24 14:15:35 - [MESSAGE][INFO] - Smart Wait Function is triggered

2023-11-24 14:15:35 - [MESSAGE][INFO] - Smart Wait Function is triggered

2023-11-24 14:15:35 - [MESSAGE][INFO] - Smart Wait Function is triggered

2023-11-24 14:15:35 - [MESSAGE][INFO] - Smart Wait Function is triggered

2023-11-24 14:15:36 - [MESSAGE][INFO] - Smart Wait Function is triggered

2023-11-24 14:15:36 - [MESSAGE][INFO] - Smart Wait Function is triggered

2023-11-24 14:15:36 - [MESSAGE][INFO] - Smart Wait Function is triggered

2023-11-24 14:15:36 - [MESSAGE][INFO] - Smart Wait Function is triggered

2023-11-24 14:15:36 - [MESSAGE][INFO] - Smart Wait Function is triggered

2023-11-24 14:15:36 - [MESSAGE][INFO] - Smart Wait Function is triggered

2023-11-24 14:15:36 - [MESSAGE][INFO] - Smart Wait Function is triggered

2023-11-24 14:15:36 - [MESSAGE][INFO] - Smart Wait Function is triggered

2023-11-24 14:15:36 - [MESSAGE][INFO] - Smart Wait Function is triggered

2023-11-24 14:15:36 - [MESSAGE][INFO] - Smart Wait Function is triggered

2023-11-24 14:15:36 - [MESSAGE][INFO] - Smart Wait Function is triggered

2023-11-24 14:15:36 - [MESSAGE][INFO] - Smart Wait Function is triggered

2023-11-24 14:15:36 - [MESSAGE][INFO] - Smart Wait Function is triggered

2023-11-24 14:15:36 - [MESSAGE][INFO] - Smart Wait Function is triggered

2023-11-24 14:15:36 - [MESSAGE][INFO] - Smart Wait Function is triggered

2023-11-24 14:15:36 - [MESSAGE][INFO] - Smart Wait Function is triggered

2023-11-24 14:15:36 - [MESSAGE][INFO] - Smart Wait Function is triggered

2023-11-24 14:15:36 - [MESSAGE][INFO] - Smart Wait Function is triggered

2023-11-24 14:15:36 - [MESSAGE][INFO] - Smart Wait Function is triggered

2023-11-24 14:15:36 - [MESSAGE][INFO] - Smart Wait Function is triggered

2023-11-24 14:15:36 - [MESSAGE][INFO] - Smart Wait Function is triggered

2023-11-24 14:15:36 - [MESSAGE][INFO] - Smart Wait Function is triggered

2023-11-24 14:15:36 - [MESSAGE][INFO] - Smart Wait Function is triggered

2023-11-24 14:15:36 - [MESSAGE][INFO] - Smart Wait Function is triggered

2023-11-24 14:15:36 - [MESSAGE][INFO] - Smart Wait Function is triggered

2023-11-24 14:15:36 - [MESSAGE][INFO] - Smart Wait Function is triggered

2023-11-24 14:15:36 - [MESSAGE][INFO] - Smart Wait Function is triggered

2023-11-24 14:15:36 - [MESSAGE][INFO] - Smart Wait Function is triggered

2023-11-24 14:15:36 - [MESSAGE][INFO] - Smart Wait Function is triggered

2023-11-24 14:15:36 - [MESSAGE][INFO] - Smart Wait Function is triggered

2023-11-24 14:15:36 - [MESSAGE][INFO] - Smart Wait Function is triggered

2023-11-24 14:15:36 - [MESSAGE][INFO] - Smart Wait Function is triggered

2023-11-24 14:15:36 - [MESSAGE][INFO] - Smart Wait Function is triggered

2023-11-24 14:15:36 - [MESSAGE][INFO] - Smart Wait Function is triggered

2023-11-24 14:15:36 - [MESSAGE][INFO] - Smart Wait Function is triggered

2023-11-24 14:15:36 - [MESSAGE][INFO] - Smart Wait Function is triggered

2023-11-24 14:15:36 - [MESSAGE][INFO] - Smart Wait Function is triggered

2023-11-24 14:15:36 - [MESSAGE][INFO] - Smart Wait Function is triggered

2023-11-24 14:15:36 - [MESSAGE][INFO] - Smart Wait Function is triggered

2023-11-24 14:15:36 - [MESSAGE][INFO] - Smart Wait Function is triggered

2023-11-24 14:15:36 - [MESSAGE][INFO] - Smart Wait Function is triggered

2023-11-24 14:15:36 - [MESSAGE][INFO] - Smart Wait Function is triggered

2023-11-24 14:15:36 - [MESSAGE][INFO] - Smart Wait Function is triggered

2023-11-24 14:15:36 - [MESSAGE][INFO] - Smart Wait Function is triggered

2023-11-24 14:15:36 - [MESSAGE][INFO] - Smart Wait Function is triggered

2023-11-24 14:15:36 - [MESSAGE][INFO] - Smart Wait Function is triggered

2023-11-24 14:15:36 - [MESSAGE][INFO] - Smart Wait Function is triggered

2023-11-24 14:15:37 - [MESSAGE][INFO] - Smart Wait Function is triggered

2023-11-24 14:15:37 - [MESSAGE][INFO] - Smart Wait Function is triggered

2023-11-24 14:15:37 - [MESSAGE][INFO] - Smart Wait Function is triggered

2023-11-24 14:15:37 - [MESSAGE][INFO] - Smart Wait Function is triggered

2023-11-24 14:15:37 - [MESSAGE][INFO] - Smart Wait Function is triggered

2023-11-24 14:15:37 - [MESSAGE][INFO] - Smart Wait Function is triggered

2023-11-24 14:15:37 - [MESSAGE][INFO] - Smart Wait Function is triggered

2023-11-24 14:15:37 - [MESSAGE][INFO] - Smart Wait Function is triggered

2023-11-24 14:15:37 - [MESSAGE][INFO] - Smart Wait Function is triggered

2023-11-24 14:15:37 - [MESSAGE][INFO] - Smart Wait Function is triggered

2023-11-24 14:15:37 - [MESSAGE][INFO] - Smart Wait Function is triggered

2023-11-24 14:15:37 - [MESSAGE][INFO] - Smart Wait Function is triggered

2023-11-24 14:15:37 - [MESSAGE][INFO] - Smart Wait Function is triggered

2023-11-24 14:15:37 - [MESSAGE][INFO] - Smart Wait Function is triggered

2023-11-24 14:15:37 - [MESSAGE][INFO] - Smart Wait Function is triggered

2023-11-24 14:15:37 - [MESSAGE][INFO] - Smart Wait Function is triggered

2023-11-24 14:15:37 - [MESSAGE][INFO] - Smart Wait Function is triggered

2023-11-24 14:15:37 - [MESSAGE][INFO] - Smart Wait Function is triggered

2023-11-24 14:15:37 - [MESSAGE][INFO] - Smart Wait Function is triggered

2023-11-24 14:15:37 - [MESSAGE][INFO] - Smart Wait Function is triggered

2023-11-24 14:15:37 - [MESSAGE][INFO] - Smart Wait Function is triggered

2023-11-24 14:15:37 - [MESSAGE][INFO] - Smart Wait Function is triggered

2023-11-24 14:15:37 - [MESSAGE][INFO] - Smart Wait Function is triggered

2023-11-24 14:15:37 - [MESSAGE][INFO] - Smart Wait Function is triggered

2023-11-24 14:15:37 - [MESSAGE][INFO] - Smart Wait Function is triggered

2023-11-24 14:15:37 - [MESSAGE][INFO] - Smart Wait Function is triggered

2023-11-24 14:15:37 - [MESSAGE][INFO] - Smart Wait Function is triggered

2023-11-24 14:15:37 - [MESSAGE][INFO] - Smart Wait Function is triggered

2023-11-24 14:15:37 - [MESSAGE][INFO] - Smart Wait Function is triggered

2023-11-24 14:15:37 - [MESSAGE][INFO] - Smart Wait Function is triggered

2023-11-24 14:15:37 - [MESSAGE][INFO] - Smart Wait Function is triggered

2023-11-24 14:15:37 - [MESSAGE][INFO] - Smart Wait Function is triggered

2023-11-24 14:15:37 - [MESSAGE][INFO] - Smart Wait Function is triggered

2023-11-24 14:15:37 - [MESSAGE][INFO] - Smart Wait Function is triggered

2023-11-24 14:15:37 - [MESSAGE][INFO] - Smart Wait Function is triggered

2023-11-24 14:15:37 - [MESSAGE][INFO] - Smart Wait Function is triggered

2023-11-24 14:15:37 - [MESSAGE][INFO] - Smart Wait Function is triggered

2023-11-24 14:15:37 - [MESSAGE][INFO] - Smart Wait Function is triggered

2023-11-24 14:15:37 - [MESSAGE][INFO] - Smart Wait Function is triggered

2023-11-24 14:15:37 - [MESSAGE][INFO] - Smart Wait Function is triggered

2023-11-24 14:15:37 - [MESSAGE][INFO] - Smart Wait Function is triggered

2023-11-24 14:15:37 - [MESSAGE][INFO] - Smart Wait Function is triggered

2023-11-24 14:15:37 - [MESSAGE][INFO] - Smart Wait Function is triggered

2023-11-24 14:15:37 - [MESSAGE][INFO] - Smart Wait Function is triggered

2023-11-24 14:15:37 - [MESSAGE][INFO] - Smart Wait Function is triggered

2023-11-24 14:15:37 - [MESSAGE][INFO] - Smart Wait Function is triggered

2023-11-24 14:15:37 - [MESSAGE][INFO] - Smart Wait Function is triggered

2023-11-24 14:15:37 - [MESSAGE][INFO] - Smart Wait Function is triggered

2023-11-24 14:15:37 - [MESSAGE][INFO] - Smart Wait Function is triggered

2023-11-24 14:15:37 - [MESSAGE][INFO] - Smart Wait Function is triggered

2023-11-24 14:15:37 - [MESSAGE][INFO] - Smart Wait Function is triggered

2023-11-24 14:15:37 - [MESSAGE][INFO] - Smart Wait Function is triggered

2023-11-24 14:15:37 - [MESSAGE][INFO] - Smart Wait Function is triggered

2023-11-24 14:15:37 - [MESSAGE][INFO] - Smart Wait Function is triggered

2023-11-24 14:15:38 - [MESSAGE][INFO] - Smart Wait Function is triggered

2023-11-24 14:15:38 - [MESSAGE][INFO] - Smart Wait Function is triggered

2023-11-24 14:15:38 - [MESSAGE][INFO] - Smart Wait Function is triggered

2023-11-24 14:15:38 - [MESSAGE][INFO] - Smart Wait Function is triggered

2023-11-24 14:15:38 - [MESSAGE][INFO] - Smart Wait Function is triggered

2023-11-24 14:15:38 - [MESSAGE][INFO] - Smart Wait Function is triggered

2023-11-24 14:15:38 - [MESSAGE][INFO] - Smart Wait Function is triggered

2023-11-24 14:15:38 - [MESSAGE][INFO] - Smart Wait Function is triggered

2023-11-24 14:15:38 - [MESSAGE][INFO] - Smart Wait Function is triggered

2023-11-24 14:15:38 - [MESSAGE][INFO] - Smart Wait Function is triggered

2023-11-24 14:15:38 - [MESSAGE][INFO] - Smart Wait Function is triggered

2023-11-24 14:15:38 - [MESSAGE][INFO] - Smart Wait Function is triggered

2023-11-24 14:15:38 - [MESSAGE][INFO] - Smart Wait Function is triggered

2023-11-24 14:15:38 - [MESSAGE][INFO] - Smart Wait Function is triggered

2023-11-24 14:15:38 - [MESSAGE][INFO] - Smart Wait Function is triggered

2023-11-24 14:15:38 - [MESSAGE][INFO] - Smart Wait Function is triggered

2023-11-24 14:15:38 - [MESSAGE][INFO] - Smart Wait Function is triggered

2023-11-24 14:15:38 - [MESSAGE][INFO] - Smart Wait Function is triggered

2023-11-24 14:15:38 - [MESSAGE][INFO] - Smart Wait Function is triggered

2023-11-24 14:15:38 - [MESSAGE][INFO] - Smart Wait Function is triggered

2023-11-24 14:15:38 - [MESSAGE][INFO] - Smart Wait Function is triggered

2023-11-24 14:15:38 - [MESSAGE][INFO] - Smart Wait Function is triggered

2023-11-24 14:15:38 - [MESSAGE][INFO] - Smart Wait Function is triggered

2023-11-24 14:15:38 - [MESSAGE][INFO] - Smart Wait Function is triggered

2023-11-24 14:15:38 - [MESSAGE][INFO] - Smart Wait Function is triggered

2023-11-24 14:15:38 - [MESSAGE][INFO] - Smart Wait Function is triggered

2023-11-24 14:15:38 - [MESSAGE][INFO] - Smart Wait Function is triggered

2023-11-24 14:15:38 - [MESSAGE][INFO] - Smart Wait Function is triggered

2023-11-24 14:15:38 - [MESSAGE][INFO] - Smart Wait Function is triggered

2023-11-24 14:15:38 - [MESSAGE][INFO] - Smart Wait Function is triggered

2023-11-24 14:15:38 - [MESSAGE][INFO] - Smart Wait Function is triggered

2023-11-24 14:15:38 - [MESSAGE][INFO] - Smart Wait Function is triggered

2023-11-24 14:15:38 - [MESSAGE][INFO] - Smart Wait Function is triggered

2023-11-24 14:15:38 - [MESSAGE][INFO] - Smart Wait Function is triggered

2023-11-24 14:15:38 - [MESSAGE][INFO] - Smart Wait Function is triggered

2023-11-24 14:15:38 - [MESSAGE][INFO] - Smart Wait Function is triggered

2023-11-24 14:15:38 - [MESSAGE][INFO] - Smart Wait Function is triggered

2023-11-24 14:15:38 - [MESSAGE][INFO] - Smart Wait Function is triggered

2023-11-24 14:15:38 - [MESSAGE][INFO] - Smart Wait Function is triggered

2023-11-24 14:15:38 - [MESSAGE][INFO] - Smart Wait Function is triggered

2023-11-24 14:15:38 - [MESSAGE][INFO] - Smart Wait Function is triggered

2023-11-24 14:15:38 - [MESSAGE][INFO] - Smart Wait Function is triggered

2023-11-24 14:15:38 - [MESSAGE][INFO] - Smart Wait Function is triggered

2023-11-24 14:15:38 - [MESSAGE][INFO] - Smart Wait Function is triggered

2023-11-24 14:15:38 - [MESSAGE][INFO] - Smart Wait Function is triggered

2023-11-24 14:15:38 - [MESSAGE][INFO] - Smart Wait Function is triggered

2023-11-24 14:15:38 - [MESSAGE][INFO] - Smart Wait Function is triggered

2023-11-24 14:15:39 - [MESSAGE][INFO] - Smart Wait Function is triggered

2023-11-24 14:15:39 - [MESSAGE][INFO] - Smart Wait Function is triggered

2023-11-24 14:15:39 - [MESSAGE][INFO] - Smart Wait Function is triggered

2023-11-24 14:15:39 - [MESSAGE][INFO] - Smart Wait Function is triggered

2023-11-24 14:15:39 - [MESSAGE][INFO] - Smart Wait Function is triggered

2023-11-24 14:15:39 - [MESSAGE][INFO] - Smart Wait Function is triggered

2023-11-24 14:15:39 - [MESSAGE][INFO] - Smart Wait Function is triggered

2023-11-24 14:15:39 - [MESSAGE][INFO] - Smart Wait Function is triggered

2023-11-24 14:15:39 - [MESSAGE][INFO] - Smart Wait Function is triggered

2023-11-24 14:15:39 - [MESSAGE][INFO] - Smart Wait Function is triggered

2023-11-24 14:15:39 - [MESSAGE][INFO] - Smart Wait Function is triggered

2023-11-24 14:15:39 - [MESSAGE][INFO] - Smart Wait Function is triggered

2023-11-24 14:15:39 - [MESSAGE][INFO] - Smart Wait Function is triggered

2023-11-24 14:15:39 - [MESSAGE][INFO] - Smart Wait Function is triggered

2023-11-24 14:15:39 - [MESSAGE][INFO] - Smart Wait Function is triggered

2023-11-24 14:15:39 - [MESSAGE][INFO] - Smart Wait Function is triggered

2023-11-24 14:15:39 - [MESSAGE][INFO] - Smart Wait Function is triggered

2023-11-24 14:15:39 - [MESSAGE][INFO] - Smart Wait Function is triggered

2023-11-24 14:15:39 - [MESSAGE][INFO] - Smart Wait Function is triggered

2023-11-24 14:15:39 - [MESSAGE][INFO] - Smart Wait Function is triggered

2023-11-24 14:15:39 - [MESSAGE][INFO] - Smart Wait Function is triggered

2023-11-24 14:15:39 - [MESSAGE][INFO] - Smart Wait Function is triggered

2023-11-24 14:15:39 - [MESSAGE][INFO] - Smart Wait Function is triggered

2023-11-24 14:15:39 - [MESSAGE][INFO] - Smart Wait Function is triggered

2023-11-24 14:15:39 - [MESSAGE][INFO] - Smart Wait Function is triggered

2023-11-24 14:15:39 - [MESSAGE][INFO] - Smart Wait Function is triggered

2023-11-24 14:15:39 - [MESSAGE][INFO] - Smart Wait Function is triggered

2023-11-24 14:15:39 - [MESSAGE][INFO] - Smart Wait Function is triggered

2023-11-24 14:15:39 - [MESSAGE][INFO] - Smart Wait Function is triggered

2023-11-24 14:15:39 - [MESSAGE][INFO] - Smart Wait Function is triggered

2023-11-24 14:15:39 - [MESSAGE][INFO] - Smart Wait Function is triggered

2023-11-24 14:15:39 - [MESSAGE][INFO] - Smart Wait Function is triggered

2023-11-24 14:15:39 - [MESSAGE][INFO] - Smart Wait Function is triggered

2023-11-24 14:15:39 - [MESSAGE][INFO] - Smart Wait Function is triggered

2023-11-24 14:15:39 - [MESSAGE][INFO] - Smart Wait Function is triggered

2023-11-24 14:15:39 - [MESSAGE][INFO] - Smart Wait Function is triggered

2023-11-24 14:15:39 - [MESSAGE][INFO] - Smart Wait Function is triggered

2023-11-24 14:15:39 - [MESSAGE][INFO] - Smart Wait Function is triggered

2023-11-24 14:15:39 - [MESSAGE][INFO] - Smart Wait Function is triggered

2023-11-24 14:15:39 - [MESSAGE][INFO] - Smart Wait Function is triggered

2023-11-24 14:15:39 - [MESSAGE][INFO] - Smart Wait Function is triggered

2023-11-24 14:15:40 - [MESSAGE][INFO] - Smart Wait Function is triggered

2023-11-24 14:15:40 - [MESSAGE][INFO] - Smart Wait Function is triggered

2023-11-24 14:15:40 - [MESSAGE][INFO] - Smart Wait Function is triggered

2023-11-24 14:15:40 - [MESSAGE][INFO] - Smart Wait Function is triggered

2023-11-24 14:15:40 - [MESSAGE][INFO] - Smart Wait Function is triggered

2023-11-24 14:15:40 - [MESSAGE][INFO] - Smart Wait Function is triggered

2023-11-24 14:15:40 - [MESSAGE][INFO] - Smart Wait Function is triggered

2023-11-24 14:15:40 - [MESSAGE][INFO] - Smart Wait Function is triggered

2023-11-24 14:15:40 - [MESSAGE][INFO] - Smart Wait Function is triggered

2023-11-24 14:15:40 - [MESSAGE][INFO] - Smart Wait Function is triggered

2023-11-24 14:15:40 - [MESSAGE][INFO] - Smart Wait Function is triggered

2023-11-24 14:15:40 - [MESSAGE][INFO] - Smart Wait Function is triggered

2023-11-24 14:15:40 - [MESSAGE][INFO] - Smart Wait Function is triggered

2023-11-24 14:15:40 - [MESSAGE][INFO] - Smart Wait Function is triggered

2023-11-24 14:15:40 - [MESSAGE][INFO] - Smart Wait Function is triggered

2023-11-24 14:15:40 - [MESSAGE][INFO] - Smart Wait Function is triggered

2023-11-24 14:15:40 - [MESSAGE][INFO] - Smart Wait Function is triggered

2023-11-24 14:15:40 - [MESSAGE][INFO] - Smart Wait Function is triggered

2023-11-24 14:15:40 - [MESSAGE][INFO] - Smart Wait Function is triggered

2023-11-24 14:15:40 - [MESSAGE][INFO] - Smart Wait Function is triggered

2023-11-24 14:15:40 - [MESSAGE][INFO] - Smart Wait Function is triggered

2023-11-24 14:15:40 - [MESSAGE][INFO] - Smart Wait Function is triggered

2023-11-24 14:15:40 - [MESSAGE][INFO] - Smart Wait Function is triggered

2023-11-24 14:15:40 - [MESSAGE][INFO] - Smart Wait Function is triggered

2023-11-24 14:15:40 - [MESSAGE][INFO] - Smart Wait Function is triggered

2023-11-24 14:15:40 - [MESSAGE][INFO] - Smart Wait Function is triggered

2023-11-24 14:15:40 - [MESSAGE][INFO] - Smart Wait Function is triggered

2023-11-24 14:15:40 - [MESSAGE][INFO] - Smart Wait Function is triggered

2023-11-24 14:15:40 - [MESSAGE][INFO] - Smart Wait Function is triggered

2023-11-24 14:15:40 - [MESSAGE][INFO] - Smart Wait Function is triggered

2023-11-24 14:15:40 - [MESSAGE][INFO] - Smart Wait Function is triggered

2023-11-24 14:15:40 - [MESSAGE][INFO] - Smart Wait Function is triggered

2023-11-24 14:15:40 - [MESSAGE][INFO] - Smart Wait Function is triggered

2023-11-24 14:15:40 - [MESSAGE][INFO] - Smart Wait Function is triggered

2023-11-24 14:15:40 - [MESSAGE][INFO] - Smart Wait Function is triggered

2023-11-24 14:15:40 - [MESSAGE][INFO] - Smart Wait Function is triggered

2023-11-24 14:15:40 - [MESSAGE][INFO] - Smart Wait Function is triggered

2023-11-24 14:15:40 - [MESSAGE][INFO] - Smart Wait Function is triggered

2023-11-24 14:15:40 - [MESSAGE][INFO] - Smart Wait Function is triggered

2023-11-24 14:15:40 - [MESSAGE][INFO] - Smart Wait Function is triggered

2023-11-24 14:15:40 - [MESSAGE][INFO] - Smart Wait Function is triggered

2023-11-24 14:15:40 - [MESSAGE][INFO] - Smart Wait Function is triggered

2023-11-24 14:15:40 - [MESSAGE][INFO] - Smart Wait Function is triggered

2023-11-24 14:15:40 - [MESSAGE][INFO] - Smart Wait Function is triggered

2023-11-24 14:15:40 - [MESSAGE][INFO] - Smart Wait Function is triggered

2023-11-24 14:15:40 - [MESSAGE][INFO] - Smart Wait Function is triggered

2023-11-24 14:15:40 - [MESSAGE][INFO] - Smart Wait Function is triggered

2023-11-24 14:15:40 - [MESSAGE][INFO] - Smart Wait Function is triggered

2023-11-24 14:15:41 - [MESSAGE][INFO] - Smart Wait Function is triggered

2023-11-24 14:15:41 - [MESSAGE][INFO] - Smart Wait Function is triggered

2023-11-24 14:15:41 - [MESSAGE][INFO] - Smart Wait Function is triggered

2023-11-24 14:15:41 - [MESSAGE][INFO] - Smart Wait Function is triggered

2023-11-24 14:15:41 - [MESSAGE][INFO] - Smart Wait Function is triggered

2023-11-24 14:15:41 - [MESSAGE][INFO] - Smart Wait Function is triggered

2023-11-24 14:15:41 - [MESSAGE][INFO] - Smart Wait Function is triggered

2023-11-24 14:15:41 - [MESSAGE][INFO] - Smart Wait Function is triggered

2023-11-24 14:15:41 - [MESSAGE][INFO] - Smart Wait Function is triggered

2023-11-24 14:15:41 - [MESSAGE][INFO] - Smart Wait Function is triggered

2023-11-24 14:15:41 - [MESSAGE][INFO] - Smart Wait Function is triggered

2023-11-24 14:15:41 - [MESSAGE][INFO] - Smart Wait Function is triggered

2023-11-24 14:15:41 - [MESSAGE][INFO] - Smart Wait Function is triggered

2023-11-24 14:15:41 - [MESSAGE][INFO] - Smart Wait Function is triggered

2023-11-24 14:15:41 - [MESSAGE][INFO] - Smart Wait Function is triggered

2023-11-24 14:15:41 - [MESSAGE][INFO] - Smart Wait Function is triggered

2023-11-24 14:15:41 - [MESSAGE][INFO] - Smart Wait Function is triggered

2023-11-24 14:15:41 - [MESSAGE][INFO] - Smart Wait Function is triggered

2023-11-24 14:15:41 - [MESSAGE][INFO] - Smart Wait Function is triggered

2023-11-24 14:15:41 - [MESSAGE][INFO] - Smart Wait Function is triggered

2023-11-24 14:15:41 - [MESSAGE][INFO] - Smart Wait Function is triggered

2023-11-24 14:15:41 - [MESSAGE][INFO] - Smart Wait Function is triggered

2023-11-24 14:15:41 - [MESSAGE][INFO] - Smart Wait Function is triggered

2023-11-24 14:15:41 - [MESSAGE][INFO] - Smart Wait Function is triggered

2023-11-24 14:15:41 - [MESSAGE][INFO] - Smart Wait Function is triggered

2023-11-24 14:15:41 - [MESSAGE][INFO] - Smart Wait Function is triggered

2023-11-24 14:15:41 - [MESSAGE][INFO] - Smart Wait Function is triggered

2023-11-24 14:15:41 - [MESSAGE][INFO] - Smart Wait Function is triggered

2023-11-24 14:15:41 - [MESSAGE][INFO] - Smart Wait Function is triggered

2023-11-24 14:15:41 - [MESSAGE][INFO] - Smart Wait Function is triggered

2023-11-24 14:15:41 - [MESSAGE][INFO] - Smart Wait Function is triggered

2023-11-24 14:15:41 - [MESSAGE][INFO] - Smart Wait Function is triggered

2023-11-24 14:15:41 - [MESSAGE][INFO] - Smart Wait Function is triggered

2023-11-24 14:15:42 - [MESSAGE][INFO] - Smart Wait Function is triggered

2023-11-24 14:15:42 - [MESSAGE][INFO] - Smart Wait Function is triggered

2023-11-24 14:15:42 - [MESSAGE][INFO] - Smart Wait Function is triggered

2023-11-24 14:15:42 - [MESSAGE][INFO] - Smart Wait Function is triggered

2023-11-24 14:15:42 - [MESSAGE][INFO] - Smart Wait Function is triggered

2023-11-24 14:15:42 - [MESSAGE][INFO] - Smart Wait Function is triggered

2023-11-24 14:15:42 - [MESSAGE][INFO] - Smart Wait Function is triggered

2023-11-24 14:15:42 - [MESSAGE][INFO] - Smart Wait Function is triggered

2023-11-24 14:15:42 - [MESSAGE][INFO] - Smart Wait Function is triggered

2023-11-24 14:15:42 - [MESSAGE][INFO] - Smart Wait Function is triggered

2023-11-24 14:15:42 - [MESSAGE][INFO] - Smart Wait Function is triggered

2023-11-24 14:15:42 - [MESSAGE][INFO] - Smart Wait Function is triggered

2023-11-24 14:15:42 - [MESSAGE][INFO] - Smart Wait Function is triggered

2023-11-24 14:15:42 - [MESSAGE][INFO] - Smart Wait Function is triggered

2023-11-24 14:15:42 - [MESSAGE][INFO] - Smart Wait Function is triggered

2023-11-24 14:15:42 - [MESSAGE][INFO] - Smart Wait Function is triggered

2023-11-24 14:15:42 - [MESSAGE][INFO] - Smart Wait Function is triggered

2023-11-24 14:15:42 - [MESSAGE][INFO] - Smart Wait Function is triggered

2023-11-24 14:15:42 - [MESSAGE][INFO] - Smart Wait Function is triggered

2023-11-24 14:15:42 - [MESSAGE][INFO] - Smart Wait Function is triggered

2023-11-24 14:15:42 - [MESSAGE][INFO] - Smart Wait Function is triggered

2023-11-24 14:15:42 - [MESSAGE][INFO] - Smart Wait Function is triggered

2023-11-24 14:15:42 - [MESSAGE][INFO] - Smart Wait Function is triggered

2023-11-24 14:15:42 - [MESSAGE][INFO] - Smart Wait Function is triggered

2023-11-24 14:15:42 - [MESSAGE][INFO] - Smart Wait Function is triggered

2023-11-24 14:15:42 - [MESSAGE][INFO] - Smart Wait Function is triggered

2023-11-24 14:15:42 - [MESSAGE][INFO] - Smart Wait Function is triggered

2023-11-24 14:15:42 - [MESSAGE][INFO] - Smart Wait Function is triggered

2023-11-24 14:15:42 - [MESSAGE][INFO] - Smart Wait Function is triggered

2023-11-24 14:15:42 - [MESSAGE][INFO] - Smart Wait Function is triggered

2023-11-24 14:15:42 - [MESSAGE][INFO] - Smart Wait Function is triggered

2023-11-24 14:15:42 - [MESSAGE][INFO] - Smart Wait Function is triggered

2023-11-24 14:15:42 - [MESSAGE][INFO] - Smart Wait Function is triggered

2023-11-24 14:15:42 - [MESSAGE][INFO] - Smart Wait Function is triggered

2023-11-24 14:15:42 - [MESSAGE][INFO] - Smart Wait Function is triggered

2023-11-24 14:15:42 - [MESSAGE][INFO] - Smart Wait Function is triggered

2023-11-24 14:15:42 - [MESSAGE][INFO] - Smart Wait Function is triggered

2023-11-24 14:15:42 - [MESSAGE][INFO] - Smart Wait Function is triggered

2023-11-24 14:15:42 - [MESSAGE][INFO] - Smart Wait Function is triggered

2023-11-24 14:15:42 - [MESSAGE][INFO] - Smart Wait Function is triggered

2023-11-24 14:15:42 - [MESSAGE][INFO] - Smart Wait Function is triggered

2023-11-24 14:15:42 - [MESSAGE][INFO] - Smart Wait Function is triggered

2023-11-24 14:15:42 - [MESSAGE][INFO] - Smart Wait Function is triggered

2023-11-24 14:15:42 - [MESSAGE][INFO] - Smart Wait Function is triggered

2023-11-24 14:15:42 - [MESSAGE][INFO] - Smart Wait Function is triggered

2023-11-24 14:15:42 - [MESSAGE][INFO] - Smart Wait Function is triggered

2023-11-24 14:15:42 - [MESSAGE][INFO] - Smart Wait Function is triggered

2023-11-24 14:15:42 - [MESSAGE][INFO] - Smart Wait Function is triggered

2023-11-24 14:15:42 - [MESSAGE][INFO] - Smart Wait Function is triggered

2023-11-24 14:15:42 - [MESSAGE][INFO] - Smart Wait Function is triggered

2023-11-24 14:15:42 - [MESSAGE][INFO] - Smart Wait Function is triggered

2023-11-24 14:15:42 - [MESSAGE][INFO] - Smart Wait Function is triggered

2023-11-24 14:15:42 - [MESSAGE][INFO] - Smart Wait Function is triggered

2023-11-24 14:15:43 - [MESSAGE][INFO] - Smart Wait Function is triggered

2023-11-24 14:15:43 - [MESSAGE][INFO] - Smart Wait Function is triggered

2023-11-24 14:15:43 - [MESSAGE][INFO] - Smart Wait Function is triggered

2023-11-24 14:15:43 - [MESSAGE][INFO] - Smart Wait Function is triggered

2023-11-24 14:15:43 - [MESSAGE][INFO] - Smart Wait Function is triggered

2023-11-24 14:15:43 - [MESSAGE][INFO] - Smart Wait Function is triggered

2023-11-24 14:15:43 - [MESSAGE][INFO] - Smart Wait Function is triggered

2023-11-24 14:15:43 - [MESSAGE][INFO] - Smart Wait Function is triggered

2023-11-24 14:15:43 - [MESSAGE][INFO] - Smart Wait Function is triggered

2023-11-24 14:15:43 - [MESSAGE][INFO] - Smart Wait Function is triggered

2023-11-24 14:15:43 - [MESSAGE][INFO] - Smart Wait Function is triggered

2023-11-24 14:15:43 - [MESSAGE][INFO] - Smart Wait Function is triggered

2023-11-24 14:15:43 - [MESSAGE][INFO] - Smart Wait Function is triggered

2023-11-24 14:15:43 - [MESSAGE][INFO] - Smart Wait Function is triggered

2023-11-24 14:15:43 - [MESSAGE][INFO] - Smart Wait Function is triggered

2023-11-24 14:15:43 - [MESSAGE][INFO] - Smart Wait Function is triggered

2023-11-24 14:15:43 - [MESSAGE][INFO] - Smart Wait Function is triggered

2023-11-24 14:15:43 - [MESSAGE][INFO] - Smart Wait Function is triggered

2023-11-24 14:15:43 - [MESSAGE][INFO] - Smart Wait Function is triggered

2023-11-24 14:15:43 - [MESSAGE][INFO] - Smart Wait Function is triggered

2023-11-24 14:15:43 - [MESSAGE][INFO] - Smart Wait Function is triggered

2023-11-24 14:15:43 - [MESSAGE][INFO] - Smart Wait Function is triggered

2023-11-24 14:15:43 - [MESSAGE][INFO] - Smart Wait Function is triggered

2023-11-24 14:15:43 - [MESSAGE][INFO] - Smart Wait Function is triggered

2023-11-24 14:15:43 - [MESSAGE][INFO] - Smart Wait Function is triggered

2023-11-24 14:15:43 - [MESSAGE][INFO] - Smart Wait Function is triggered

2023-11-24 14:15:43 - [MESSAGE][INFO] - Smart Wait Function is triggered

2023-11-24 14:15:43 - [MESSAGE][INFO] - Smart Wait Function is triggered

2023-11-24 14:15:43 - [MESSAGE][INFO] - Smart Wait Function is triggered

2023-11-24 14:15:43 - [MESSAGE][INFO] - Smart Wait Function is triggered

2023-11-24 14:15:43 - [MESSAGE][INFO] - Smart Wait Function is triggered

2023-11-24 14:15:43 - [MESSAGE][INFO] - Smart Wait Function is triggered

2023-11-24 14:15:43 - [MESSAGE][INFO] - Smart Wait Function is triggered

2023-11-24 14:15:43 - [MESSAGE][INFO] - Smart Wait Function is triggered

2023-11-24 14:15:43 - [MESSAGE][INFO] - Smart Wait Function is triggered

2023-11-24 14:15:43 - [MESSAGE][INFO] - Smart Wait Function is triggered

2023-11-24 14:15:43 - [MESSAGE][INFO] - Smart Wait Function is triggered

2023-11-24 14:15:43 - [MESSAGE][INFO] - Smart Wait Function is triggered

2023-11-24 14:15:43 - [MESSAGE][INFO] - Smart Wait Function is triggered

2023-11-24 14:15:43 - [MESSAGE][INFO] - Smart Wait Function is triggered

2023-11-24 14:15:43 - [MESSAGE][INFO] - Smart Wait Function is triggered

2023-11-24 14:15:43 - [MESSAGE][INFO] - Smart Wait Function is triggered

2023-11-24 14:15:43 - [MESSAGE][INFO] - Smart Wait Function is triggered

2023-11-24 14:15:43 - [MESSAGE][INFO] - Smart Wait Function is triggered

2023-11-24 14:15:43 - [MESSAGE][INFO] - Smart Wait Function is triggered

2023-11-24 14:15:43 - [MESSAGE][INFO] - Smart Wait Function is triggered

2023-11-24 14:15:43 - [MESSAGE][INFO] - Smart Wait Function is triggered

2023-11-24 14:15:43 - [MESSAGE][INFO] - Smart Wait Function is triggered

2023-11-24 14:15:43 - [MESSAGE][INFO] - Smart Wait Function is triggered

2023-11-24 14:15:43 - [MESSAGE][INFO] - Smart Wait Function is triggered

2023-11-24 14:15:43 - [MESSAGE][INFO] - Smart Wait Function is triggered

2023-11-24 14:15:43 - [MESSAGE][INFO] - Smart Wait Function is triggered

2023-11-24 14:15:43 - [MESSAGE][INFO] - Smart Wait Function is triggered

2023-11-24 14:15:43 - [MESSAGE][INFO] - Smart Wait Function is triggered

2023-11-24 14:15:43 - [MESSAGE][INFO] - Smart Wait Function is triggered

2023-11-24 14:15:43 - [MESSAGE][INFO] - Smart Wait Function is triggered

2023-11-24 14:15:44 - [MESSAGE][INFO] - Smart Wait Function is triggered

2023-11-24 14:15:44 - [MESSAGE][INFO] - Smart Wait Function is triggered

2023-11-24 14:15:44 - [MESSAGE][INFO] - Smart Wait Function is triggered

2023-11-24 14:15:44 - [MESSAGE][INFO] - Smart Wait Function is triggered

2023-11-24 14:15:44 - [MESSAGE][INFO] - Smart Wait Function is triggered

2023-11-24 14:15:44 - [MESSAGE][INFO] - Smart Wait Function is triggered

2023-11-24 14:15:44 - [MESSAGE][INFO] - Smart Wait Function is triggered

2023-11-24 14:15:44 - [MESSAGE][INFO] - Smart Wait Function is triggered

2023-11-24 14:15:44 - [MESSAGE][INFO] - Smart Wait Function is triggered

2023-11-24 14:15:44 - [MESSAGE][INFO] - Smart Wait Function is triggered

2023-11-24 14:15:44 - [MESSAGE][INFO] - Smart Wait Function is triggered

2023-11-24 14:15:44 - [MESSAGE][INFO] - Smart Wait Function is triggered

2023-11-24 14:15:44 - [MESSAGE][INFO] - Smart Wait Function is triggered

2023-11-24 14:15:44 - [MESSAGE][INFO] - Smart Wait Function is triggered

2023-11-24 14:15:44 - [MESSAGE][INFO] - Smart Wait Function is triggered

2023-11-24 14:15:44 - [MESSAGE][INFO] - Smart Wait Function is triggered

2023-11-24 14:15:44 - [MESSAGE][INFO] - Smart Wait Function is triggered

2023-11-24 14:15:44 - [MESSAGE][INFO] - Smart Wait Function is triggered

2023-11-24 14:15:44 - [MESSAGE][INFO] - Smart Wait Function is triggered

2023-11-24 14:15:44 - [MESSAGE][INFO] - Smart Wait Function is triggered

2023-11-24 14:15:44 - [MESSAGE][INFO] - Smart Wait Function is triggered

2023-11-24 14:15:44 - [MESSAGE][INFO] - Smart Wait Function is triggered

2023-11-24 14:15:44 - [MESSAGE][INFO] - Smart Wait Function is triggered

2023-11-24 14:15:44 - [MESSAGE][INFO] - Smart Wait Function is triggered

2023-11-24 14:15:44 - [MESSAGE][INFO] - Smart Wait Function is triggered

2023-11-24 14:15:44 - [MESSAGE][INFO] - Smart Wait Function is triggered

2023-11-24 14:15:44 - [MESSAGE][INFO] - Smart Wait Function is triggered

2023-11-24 14:15:44 - [MESSAGE][INFO] - Smart Wait Function is triggered

2023-11-24 14:15:44 - [MESSAGE][INFO] - Smart Wait Function is triggered

2023-11-24 14:15:44 - [MESSAGE][INFO] - Smart Wait Function is triggered

2023-11-24 14:15:44 - [MESSAGE][INFO] - Smart Wait Function is triggered

2023-11-24 14:15:44 - [MESSAGE][INFO] - Smart Wait Function is triggered

2023-11-24 14:15:44 - [MESSAGE][INFO] - Smart Wait Function is triggered

2023-11-24 14:15:44 - [MESSAGE][INFO] - Smart Wait Function is triggered

2023-11-24 14:15:44 - [MESSAGE][INFO] - Smart Wait Function is triggered

2023-11-24 14:15:44 - [MESSAGE][INFO] - Smart Wait Function is triggered

2023-11-24 14:15:44 - [MESSAGE][INFO] - Smart Wait Function is triggered

2023-11-24 14:15:44 - [MESSAGE][INFO] - Smart Wait Function is triggered

2023-11-24 14:15:44 - [MESSAGE][INFO] - Smart Wait Function is triggered

2023-11-24 14:15:44 - [MESSAGE][INFO] - Smart Wait Function is triggered

2023-11-24 14:15:44 - [MESSAGE][INFO] - Smart Wait Function is triggered

2023-11-24 14:15:44 - [MESSAGE][INFO] - Smart Wait Function is triggered

2023-11-24 14:15:44 - [MESSAGE][INFO] - Smart Wait Function is triggered

2023-11-24 14:15:44 - [MESSAGE][INFO] - Smart Wait Function is triggered

2023-11-24 14:15:44 - [MESSAGE][INFO] - Smart Wait Function is triggered

2023-11-24 14:15:44 - [MESSAGE][INFO] - Smart Wait Function is triggered

2023-11-24 14:15:44 - [MESSAGE][INFO] - Smart Wait Function is triggered

2023-11-24 14:15:44 - [MESSAGE][INFO] - Smart Wait Function is triggered

2023-11-24 14:15:44 - [MESSAGE][INFO] - Smart Wait Function is triggered

2023-11-24 14:15:44 - [MESSAGE][INFO] - Smart Wait Function is triggered

2023-11-24 14:15:44 - [MESSAGE][INFO] - Smart Wait Function is triggered

2023-11-24 14:15:44 - [MESSAGE][INFO] - Smart Wait Function is triggered

2023-11-24 14:15:44 - [MESSAGE][INFO] - Smart Wait Function is triggered

2023-11-24 14:15:44 - [MESSAGE][INFO] - Smart Wait Function is triggered

2023-11-24 14:15:44 - [MESSAGE][INFO] - Smart Wait Function is triggered

2023-11-24 14:15:44 - [MESSAGE][INFO] - Smart Wait Function is triggered

2023-11-24 14:15:44 - [MESSAGE][INFO] - Smart Wait Function is triggered

2023-11-24 14:15:44 - [MESSAGE][INFO] - Smart Wait Function is triggered

2023-11-24 14:15:44 - [MESSAGE][INFO] - Smart Wait Function is triggered

2023-11-24 14:15:45 - [MESSAGE][INFO] - Smart Wait Function is triggered

2023-11-24 14:15:45 - [MESSAGE][INFO] - Smart Wait Function is triggered

2023-11-24 14:15:45 - [MESSAGE][INFO] - Smart Wait Function is triggered

2023-11-24 14:15:45 - [MESSAGE][INFO] - Smart Wait Function is triggered

2023-11-24 14:15:45 - [MESSAGE][INFO] - Smart Wait Function is triggered

2023-11-24 14:15:45 - [MESSAGE][INFO] - Smart Wait Function is triggered

2023-11-24 14:15:45 - [MESSAGE][INFO] - Smart Wait Function is triggered

2023-11-24 14:15:45 - [MESSAGE][INFO] - Smart Wait Function is triggered

2023-11-24 14:15:45 - [MESSAGE][INFO] - Smart Wait Function is triggered

2023-11-24 14:15:45 - [MESSAGE][INFO] - Smart Wait Function is triggered

2023-11-24 14:15:45 - [MESSAGE][INFO] - Smart Wait Function is triggered

2023-11-24 14:15:45 - [MESSAGE][INFO] - Smart Wait Function is triggered

2023-11-24 14:15:45 - [MESSAGE][INFO] - Smart Wait Function is triggered

2023-11-24 14:15:45 - [MESSAGE][INFO] - Smart Wait Function is triggered

2023-11-24 14:15:45 - [MESSAGE][INFO] - Smart Wait Function is triggered

2023-11-24 14:15:45 - [MESSAGE][INFO] - Smart Wait Function is triggered

2023-11-24 14:15:45 - [MESSAGE][INFO] - Smart Wait Function is triggered

2023-11-24 14:15:45 - [MESSAGE][INFO] - Smart Wait Function is triggered

2023-11-24 14:15:45 - [MESSAGE][INFO] - Smart Wait Function is triggered

2023-11-24 14:15:45 - [MESSAGE][INFO] - Smart Wait Function is triggered

2023-11-24 14:15:45 - [MESSAGE][INFO] - Smart Wait Function is triggered

2023-11-24 14:15:45 - [MESSAGE][INFO] - Smart Wait Function is triggered

2023-11-24 14:15:45 - [MESSAGE][INFO] - Smart Wait Function is triggered

2023-11-24 14:15:45 - [MESSAGE][INFO] - Smart Wait Function is triggered

2023-11-24 14:15:45 - [MESSAGE][INFO] - Smart Wait Function is triggered

2023-11-24 14:15:45 - [MESSAGE][INFO] - Smart Wait Function is triggered

2023-11-24 14:15:45 - [MESSAGE][INFO] - Smart Wait Function is triggered

2023-11-24 14:15:45 - [MESSAGE][INFO] - Smart Wait Function is triggered

2023-11-24 14:15:45 - [MESSAGE][INFO] - Smart Wait Function is triggered

2023-11-24 14:15:45 - [MESSAGE][INFO] - Smart Wait Function is triggered

2023-11-24 14:15:45 - [MESSAGE][INFO] - Smart Wait Function is triggered

2023-11-24 14:15:45 - [MESSAGE][INFO] - Smart Wait Function is triggered

2023-11-24 14:15:45 - [MESSAGE][INFO] - Smart Wait Function is triggered

2023-11-24 14:15:45 - [MESSAGE][INFO] - Smart Wait Function is triggered

2023-11-24 14:15:45 - [MESSAGE][INFO] - Smart Wait Function is triggered

2023-11-24 14:15:45 - [MESSAGE][INFO] - Smart Wait Function is triggered

2023-11-24 14:15:45 - [MESSAGE][INFO] - Smart Wait Function is triggered

2023-11-24 14:15:45 - [MESSAGE][INFO] - Smart Wait Function is triggered

2023-11-24 14:15:45 - [MESSAGE][INFO] - Smart Wait Function is triggered

2023-11-24 14:15:45 - [MESSAGE][INFO] - Smart Wait Function is triggered

2023-11-24 14:15:45 - [MESSAGE][INFO] - Smart Wait Function is triggered

2023-11-24 14:15:45 - [MESSAGE][INFO] - Smart Wait Function is triggered

2023-11-24 14:15:45 - [MESSAGE][INFO] - Smart Wait Function is triggered

2023-11-24 14:15:45 - [MESSAGE][INFO] - Smart Wait Function is triggered

2023-11-24 14:15:45 - [MESSAGE][INFO] - Smart Wait Function is triggered

2023-11-24 14:15:45 - [MESSAGE][INFO] - Smart Wait Function is triggered

2023-11-24 14:15:45 - [MESSAGE][INFO] - Smart Wait Function is triggered

2023-11-24 14:15:45 - [MESSAGE][INFO] - Smart Wait Function is triggered

2023-11-24 14:15:45 - [MESSAGE][INFO] - Smart Wait Function is triggered

2023-11-24 14:15:45 - [MESSAGE][INFO] - Smart Wait Function is triggered

2023-11-24 14:15:45 - [MESSAGE][INFO] - Smart Wait Function is triggered

2023-11-24 14:15:45 - [MESSAGE][INFO] - Smart Wait Function is triggered

2023-11-24 14:15:45 - [MESSAGE][INFO] - Smart Wait Function is triggered

2023-11-24 14:15:45 - [MESSAGE][INFO] - Smart Wait Function is triggered

2023-11-24 14:15:45 - [MESSAGE][INFO] - Smart Wait Function is triggered

2023-11-24 14:15:45 - [MESSAGE][INFO] - Smart Wait Function is triggered

2023-11-24 14:15:45 - [MESSAGE][INFO] - Smart Wait Function is triggered

2023-11-24 14:15:45 - [MESSAGE][INFO] - Smart Wait Function is triggered

2023-11-24 14:15:45 - [MESSAGE][INFO] - Smart Wait Function is triggered

2023-11-24 14:15:46 - [MESSAGE][INFO] - Smart Wait Function is triggered

2023-11-24 14:15:46 - [MESSAGE][INFO] - Smart Wait Function is triggered

2023-11-24 14:15:46 - [MESSAGE][INFO] - Smart Wait Function is triggered

2023-11-24 14:15:46 - [MESSAGE][INFO] - Smart Wait Function is triggered

2023-11-24 14:15:46 - [MESSAGE][INFO] - Smart Wait Function is triggered

2023-11-24 14:15:46 - [MESSAGE][INFO] - Smart Wait Function is triggered

2023-11-24 14:15:46 - [MESSAGE][INFO] - Smart Wait Function is triggered

2023-11-24 14:15:46 - [MESSAGE][INFO] - Smart Wait Function is triggered

2023-11-24 14:15:46 - [MESSAGE][INFO] - Smart Wait Function is triggered

2023-11-24 14:15:46 - [MESSAGE][INFO] - Smart Wait Function is triggered

2023-11-24 14:15:46 - [MESSAGE][INFO] - Smart Wait Function is triggered

2023-11-24 14:15:46 - [MESSAGE][INFO] - Smart Wait Function is triggered

2023-11-24 14:15:46 - [MESSAGE][INFO] - Smart Wait Function is triggered

2023-11-24 14:15:46 - [MESSAGE][INFO] - Smart Wait Function is triggered

2023-11-24 14:15:46 - [MESSAGE][INFO] - Smart Wait Function is triggered

2023-11-24 14:15:46 - [MESSAGE][INFO] - Smart Wait Function is triggered

2023-11-24 14:15:46 - [MESSAGE][INFO] - Smart Wait Function is triggered

2023-11-24 14:15:46 - [MESSAGE][INFO] - Smart Wait Function is triggered

2023-11-24 14:15:46 - [MESSAGE][INFO] - Smart Wait Function is triggered

2023-11-24 14:15:46 - [MESSAGE][INFO] - Smart Wait Function is triggered

2023-11-24 14:15:46 - [MESSAGE][INFO] - Smart Wait Function is triggered

2023-11-24 14:15:46 - [MESSAGE][INFO] - Smart Wait Function is triggered

2023-11-24 14:15:46 - [MESSAGE][INFO] - Smart Wait Function is triggered

2023-11-24 14:15:46 - [MESSAGE][INFO] - Smart Wait Function is triggered

2023-11-24 14:15:46 - [MESSAGE][INFO] - Smart Wait Function is triggered

2023-11-24 14:15:46 - [MESSAGE][INFO] - Smart Wait Function is triggered

2023-11-24 14:15:46 - [MESSAGE][INFO] - Smart Wait Function is triggered

2023-11-24 14:15:46 - [MESSAGE][INFO] - Smart Wait Function is triggered

2023-11-24 14:15:46 - [MESSAGE][INFO] - Smart Wait Function is triggered

2023-11-24 14:15:46 - [MESSAGE][INFO] - Smart Wait Function is triggered

2023-11-24 14:15:46 - [MESSAGE][INFO] - Smart Wait Function is triggered

2023-11-24 14:15:46 - [MESSAGE][INFO] - Smart Wait Function is triggered

2023-11-24 14:15:46 - [MESSAGE][INFO] - Smart Wait Function is triggered

2023-11-24 14:15:46 - [MESSAGE][INFO] - Smart Wait Function is triggered

2023-11-24 14:15:46 - [MESSAGE][INFO] - Smart Wait Function is triggered

2023-11-24 14:15:46 - [MESSAGE][INFO] - Smart Wait Function is triggered

2023-11-24 14:15:46 - [MESSAGE][INFO] - Smart Wait Function is triggered

2023-11-24 14:15:46 - [MESSAGE][INFO] - Smart Wait Function is triggered

2023-11-24 14:15:46 - [MESSAGE][INFO] - Smart Wait Function is triggered

2023-11-24 14:15:46 - [MESSAGE][INFO] - Smart Wait Function is triggered

2023-11-24 14:15:46 - [MESSAGE][INFO] - Smart Wait Function is triggered

2023-11-24 14:15:46 - [MESSAGE][INFO] - Smart Wait Function is triggered

2023-11-24 14:15:46 - [MESSAGE][INFO] - Smart Wait Function is triggered

2023-11-24 14:15:46 - [MESSAGE][INFO] - Smart Wait Function is triggered

2023-11-24 14:15:46 - [MESSAGE][INFO] - Smart Wait Function is triggered

2023-11-24 14:15:46 - [MESSAGE][INFO] - Smart Wait Function is triggered

2023-11-24 14:15:46 - [MESSAGE][INFO] - Smart Wait Function is triggered

2023-11-24 14:15:46 - [MESSAGE][INFO] - Smart Wait Function is triggered

2023-11-24 14:15:46 - [MESSAGE][INFO] - Smart Wait Function is triggered

2023-11-24 14:15:46 - [MESSAGE][INFO] - Smart Wait Function is triggered

2023-11-24 14:15:46 - [MESSAGE][INFO] - Smart Wait Function is triggered

2023-11-24 14:15:46 - [MESSAGE][INFO] - Smart Wait Function is triggered

2023-11-24 14:15:46 - [MESSAGE][INFO] - Smart Wait Function is triggered

2023-11-24 14:15:46 - [MESSAGE][INFO] - Smart Wait Function is triggered

2023-11-24 14:15:46 - [MESSAGE][INFO] - Smart Wait Function is triggered

2023-11-24 14:15:46 - [MESSAGE][INFO] - Smart Wait Function is triggered

2023-11-24 14:15:46 - [MESSAGE][INFO] - Smart Wait Function is triggered

2023-11-24 14:15:47 - [MESSAGE][INFO] - Smart Wait Function is triggered

2023-11-24 14:15:47 - [MESSAGE][INFO] - Smart Wait Function is triggered

2023-11-24 14:15:47 - [MESSAGE][INFO] - Smart Wait Function is triggered

2023-11-24 14:15:47 - [MESSAGE][INFO] - Smart Wait Function is triggered

2023-11-24 14:15:47 - [MESSAGE][INFO] - Smart Wait Function is triggered

2023-11-24 14:15:47 - [MESSAGE][INFO] - Smart Wait Function is triggered

2023-11-24 14:15:47 - [MESSAGE][INFO] - Smart Wait Function is triggered

2023-11-24 14:15:47 - [MESSAGE][INFO] - Smart Wait Function is triggered

2023-11-24 14:15:47 - [MESSAGE][INFO] - Smart Wait Function is triggered

2023-11-24 14:15:47 - [MESSAGE][INFO] - Smart Wait Function is triggered

2023-11-24 14:15:47 - [MESSAGE][INFO] - Smart Wait Function is triggered

2023-11-24 14:15:47 - [MESSAGE][INFO] - Smart Wait Function is triggered

2023-11-24 14:15:47 - [MESSAGE][INFO] - Smart Wait Function is triggered

2023-11-24 14:15:47 - [MESSAGE][INFO] - Smart Wait Function is triggered

2023-11-24 14:15:47 - [MESSAGE][INFO] - Smart Wait Function is triggered

2023-11-24 14:15:47 - [MESSAGE][INFO] - Smart Wait Function is triggered

2023-11-24 14:15:47 - [MESSAGE][INFO] - Smart Wait Function is triggered

2023-11-24 14:15:47 - [MESSAGE][INFO] - Smart Wait Function is triggered

2023-11-24 14:15:47 - [MESSAGE][INFO] - Smart Wait Function is triggered

2023-11-24 14:15:47 - [MESSAGE][INFO] - Smart Wait Function is triggered

2023-11-24 14:15:47 - [MESSAGE][INFO] - Smart Wait Function is triggered

2023-11-24 14:15:47 - [MESSAGE][INFO] - Smart Wait Function is triggered

2023-11-24 14:15:47 - [MESSAGE][INFO] - Smart Wait Function is triggered

2023-11-24 14:15:47 - [MESSAGE][INFO] - Smart Wait Function is triggered

2023-11-24 14:15:47 - [MESSAGE][INFO] - Smart Wait Function is triggered

2023-11-24 14:15:47 - [MESSAGE][INFO] - Smart Wait Function is triggered

2023-11-24 14:15:47 - [MESSAGE][INFO] - Smart Wait Function is triggered

2023-11-24 14:15:47 - [MESSAGE][INFO] - Smart Wait Function is triggered

2023-11-24 14:15:47 - [MESSAGE][INFO] - Smart Wait Function is triggered

2023-11-24 14:15:47 - [MESSAGE][INFO] - Smart Wait Function is triggered

2023-11-24 14:15:47 - [MESSAGE][INFO] - Smart Wait Function is triggered

2023-11-24 14:15:47 - [MESSAGE][INFO] - Smart Wait Function is triggered

2023-11-24 14:15:47 - [MESSAGE][INFO] - Smart Wait Function is triggered

2023-11-24 14:15:47 - [MESSAGE][INFO] - Smart Wait Function is triggered

2023-11-24 14:15:47 - [MESSAGE][INFO] - Smart Wait Function is triggered

2023-11-24 14:15:47 - [MESSAGE][INFO] - Smart Wait Function is triggered

2023-11-24 14:15:47 - [MESSAGE][INFO] - Smart Wait Function is triggered

2023-11-24 14:15:47 - [MESSAGE][INFO] - Smart Wait Function is triggered

2023-11-24 14:15:47 - [MESSAGE][INFO] - Smart Wait Function is triggered

2023-11-24 14:15:47 - [MESSAGE][INFO] - Smart Wait Function is triggered

2023-11-24 14:15:47 - [MESSAGE][INFO] - Smart Wait Function is triggered

2023-11-24 14:15:47 - [MESSAGE][INFO] - Smart Wait Function is triggered

2023-11-24 14:15:47 - [MESSAGE][INFO] - Smart Wait Function is triggered

2023-11-24 14:15:47 - [MESSAGE][INFO] - Smart Wait Function is triggered

2023-11-24 14:15:47 - [MESSAGE][INFO] - Smart Wait Function is triggered

2023-11-24 14:15:47 - [MESSAGE][INFO] - Smart Wait Function is triggered

2023-11-24 14:15:47 - [MESSAGE][INFO] - Smart Wait Function is triggered

2023-11-24 14:15:47 - [MESSAGE][INFO] - Smart Wait Function is triggered

2023-11-24 14:15:47 - [MESSAGE][INFO] - Smart Wait Function is triggered

2023-11-24 14:15:47 - [MESSAGE][INFO] - Smart Wait Function is triggered

2023-11-24 14:15:47 - [MESSAGE][INFO] - Smart Wait Function is triggered

2023-11-24 14:15:47 - [MESSAGE][INFO] - Smart Wait Function is triggered

2023-11-24 14:15:47 - [MESSAGE][INFO] - Smart Wait Function is triggered

2023-11-24 14:15:47 - [MESSAGE][INFO] - Smart Wait Function is triggered

2023-11-24 14:15:47 - [MESSAGE][INFO] - Smart Wait Function is triggered

2023-11-24 14:15:47 - [MESSAGE][INFO] - Smart Wait Function is triggered

2023-11-24 14:15:47 - [MESSAGE][INFO] - Smart Wait Function is triggered

2023-11-24 14:15:47 - [MESSAGE][INFO] - Smart Wait Function is triggered

2023-11-24 14:15:47 - [MESSAGE][INFO] - Smart Wait Function is triggered

2023-11-24 14:15:47 - [MESSAGE][INFO] - Smart Wait Function is triggered

2023-11-24 14:15:47 - [MESSAGE][INFO] - Smart Wait Function is triggered

2023-11-24 14:15:47 - [MESSAGE][INFO] - Smart Wait Function is triggered

2023-11-24 14:15:48 - [MESSAGE][INFO] - Smart Wait Function is triggered

2023-11-24 14:15:48 - [MESSAGE][INFO] - Smart Wait Function is triggered

2023-11-24 14:15:48 - [MESSAGE][INFO] - Smart Wait Function is triggered

2023-11-24 14:15:48 - [MESSAGE][INFO] - Smart Wait Function is triggered

2023-11-24 14:15:48 - [MESSAGE][INFO] - Smart Wait Function is triggered

2023-11-24 14:15:48 - [MESSAGE][INFO] - Smart Wait Function is triggered

2023-11-24 14:15:48 - [MESSAGE][INFO] - Smart Wait Function is triggered

2023-11-24 14:15:48 - [MESSAGE][INFO] - Smart Wait Function is triggered

2023-11-24 14:15:48 - [MESSAGE][INFO] - Smart Wait Function is triggered

2023-11-24 14:15:48 - [MESSAGE][INFO] - Smart Wait Function is triggered

2023-11-24 14:15:48 - [MESSAGE][INFO] - Smart Wait Function is triggered

2023-11-24 14:15:48 - [MESSAGE][INFO] - Smart Wait Function is triggered

2023-11-24 14:15:48 - [MESSAGE][INFO] - Smart Wait Function is triggered

2023-11-24 14:15:48 - [MESSAGE][INFO] - Smart Wait Function is triggered

2023-11-24 14:15:48 - [MESSAGE][INFO] - Smart Wait Function is triggered

2023-11-24 14:15:48 - [MESSAGE][INFO] - Smart Wait Function is triggered

2023-11-24 14:15:48 - [MESSAGE][INFO] - Smart Wait Function is triggered

2023-11-24 14:15:48 - [MESSAGE][INFO] - Smart Wait Function is triggered

2023-11-24 14:15:48 - [MESSAGE][INFO] - Smart Wait Function is triggered

2023-11-24 14:15:48 - [MESSAGE][INFO] - Smart Wait Function is triggered

2023-11-24 14:15:48 - [MESSAGE][INFO] - Smart Wait Function is triggered

2023-11-24 14:15:48 - [MESSAGE][INFO] - Smart Wait Function is triggered

2023-11-24 14:15:48 - [MESSAGE][INFO] - Smart Wait Function is triggered

2023-11-24 14:15:48 - [MESSAGE][INFO] - Smart Wait Function is triggered

2023-11-24 14:15:48 - [MESSAGE][INFO] - Smart Wait Function is triggered

2023-11-24 14:15:48 - [MESSAGE][INFO] - Smart Wait Function is triggered

2023-11-24 14:15:48 - [MESSAGE][INFO] - Smart Wait Function is triggered

2023-11-24 14:15:48 - [MESSAGE][INFO] - Smart Wait Function is triggered

2023-11-24 14:15:48 - [MESSAGE][INFO] - Smart Wait Function is triggered

2023-11-24 14:15:48 - [MESSAGE][INFO] - Smart Wait Function is triggered

2023-11-24 14:15:48 - [MESSAGE][INFO] - Smart Wait Function is triggered

2023-11-24 14:15:48 - [MESSAGE][INFO] - Smart Wait Function is triggered

2023-11-24 14:15:48 - [MESSAGE][INFO] - Smart Wait Function is triggered

2023-11-24 14:15:48 - [MESSAGE][INFO] - Smart Wait Function is triggered

2023-11-24 14:15:48 - [MESSAGE][INFO] - Smart Wait Function is triggered

2023-11-24 14:15:48 - [MESSAGE][INFO] - Smart Wait Function is triggered

2023-11-24 14:15:48 - [MESSAGE][INFO] - Smart Wait Function is triggered

2023-11-24 14:15:48 - [MESSAGE][INFO] - Smart Wait Function is triggered

2023-11-24 14:15:48 - [MESSAGE][INFO] - Smart Wait Function is triggered

2023-11-24 14:15:48 - [MESSAGE][INFO] - Smart Wait Function is triggered

2023-11-24 14:15:48 - [MESSAGE][INFO] - Smart Wait Function is triggered

2023-11-24 14:15:48 - [MESSAGE][INFO] - Smart Wait Function is triggered

2023-11-24 14:15:48 - [MESSAGE][INFO] - Smart Wait Function is triggered

2023-11-24 14:15:48 - [MESSAGE][INFO] - Smart Wait Function is triggered

2023-11-24 14:15:48 - [MESSAGE][INFO] - Smart Wait Function is triggered

2023-11-24 14:15:48 - [MESSAGE][INFO] - Smart Wait Function is triggered

2023-11-24 14:15:48 - [MESSAGE][INFO] - Smart Wait Function is triggered

2023-11-24 14:15:48 - [MESSAGE][INFO] - Smart Wait Function is triggered

2023-11-24 14:15:48 - [MESSAGE][INFO] - Smart Wait Function is triggered

2023-11-24 14:15:48 - [MESSAGE][INFO] - Smart Wait Function is triggered

2023-11-24 14:15:48 - [MESSAGE][INFO] - Smart Wait Function is triggered

2023-11-24 14:15:48 - [MESSAGE][INFO] - Smart Wait Function is triggered

2023-11-24 14:15:48 - [MESSAGE][INFO] - Smart Wait Function is triggered

2023-11-24 14:15:48 - [MESSAGE][INFO] - Smart Wait Function is triggered

2023-11-24 14:15:48 - [MESSAGE][INFO] - Smart Wait Function is triggered

2023-11-24 14:15:48 - [MESSAGE][INFO] - Smart Wait Function is triggered

2023-11-24 14:15:48 - [MESSAGE][INFO] - Smart Wait Function is triggered

2023-11-24 14:15:48 - [MESSAGE][INFO] - Smart Wait Function is triggered

2023-11-24 14:15:48 - [MESSAGE][INFO] - Smart Wait Function is triggered

2023-11-24 14:15:48 - [MESSAGE][INFO] - Smart Wait Function is triggered

2023-11-24 14:15:49 - [MESSAGE][INFO] - Smart Wait Function is triggered

2023-11-24 14:15:49 - [MESSAGE][INFO] - Smart Wait Function is triggered

2023-11-24 14:15:49 - [MESSAGE][INFO] - Smart Wait Function is triggered

2023-11-24 14:15:49 - [MESSAGE][INFO] - Smart Wait Function is triggered

2023-11-24 14:15:49 - [MESSAGE][INFO] - Smart Wait Function is triggered

2023-11-24 14:15:49 - [MESSAGE][INFO] - Smart Wait Function is triggered

2023-11-24 14:15:49 - [MESSAGE][INFO] - Smart Wait Function is triggered

2023-11-24 14:15:49 - [MESSAGE][INFO] - Smart Wait Function is triggered

2023-11-24 14:15:49 - [MESSAGE][INFO] - Smart Wait Function is triggered

2023-11-24 14:15:49 - [MESSAGE][INFO] - Smart Wait Function is triggered

2023-11-24 14:15:49 - [MESSAGE][INFO] - Smart Wait Function is triggered

2023-11-24 14:15:49 - [MESSAGE][INFO] - Smart Wait Function is triggered

2023-11-24 14:15:49 - [MESSAGE][INFO] - Smart Wait Function is triggered

2023-11-24 14:15:49 - [MESSAGE][INFO] - Smart Wait Function is triggered

2023-11-24 14:15:49 - [MESSAGE][INFO] - Smart Wait Function is triggered

2023-11-24 14:15:49 - [MESSAGE][INFO] - Smart Wait Function is triggered

2023-11-24 14:15:49 - [MESSAGE][INFO] - Smart Wait Function is triggered

2023-11-24 14:15:49 - [MESSAGE][INFO] - Smart Wait Function is triggered

2023-11-24 14:15:49 - [MESSAGE][INFO] - Smart Wait Function is triggered

2023-11-24 14:15:49 - [MESSAGE][INFO] - Smart Wait Function is triggered

2023-11-24 14:15:49 - [MESSAGE][INFO] - Smart Wait Function is triggered

2023-11-24 14:15:49 - [MESSAGE][INFO] - Smart Wait Function is triggered

2023-11-24 14:15:49 - [MESSAGE][INFO] - Smart Wait Function is triggered

2023-11-24 14:15:49 - [MESSAGE][INFO] - Smart Wait Function is triggered

2023-11-24 14:15:49 - [MESSAGE][INFO] - Smart Wait Function is triggered

2023-11-24 14:15:49 - [MESSAGE][INFO] - Smart Wait Function is triggered

2023-11-24 14:15:49 - [MESSAGE][INFO] - Smart Wait Function is triggered

2023-11-24 14:15:49 - [MESSAGE][INFO] - Smart Wait Function is triggered

2023-11-24 14:15:49 - [MESSAGE][INFO] - Smart Wait Function is triggered

2023-11-24 14:15:49 - [MESSAGE][INFO] - Smart Wait Function is triggered

2023-11-24 14:15:49 - [MESSAGE][INFO] - Smart Wait Function is triggered

2023-11-24 14:15:49 - [MESSAGE][INFO] - Smart Wait Function is triggered

2023-11-24 14:15:49 - [MESSAGE][INFO] - Smart Wait Function is triggered

2023-11-24 14:15:49 - [MESSAGE][INFO] - Smart Wait Function is triggered

2023-11-24 14:15:49 - [MESSAGE][INFO] - Smart Wait Function is triggered

2023-11-24 14:15:49 - [MESSAGE][INFO] - Smart Wait Function is triggered

2023-11-24 14:15:49 - [MESSAGE][INFO] - Smart Wait Function is triggered

2023-11-24 14:15:49 - [MESSAGE][INFO] - Smart Wait Function is triggered

2023-11-24 14:15:49 - [MESSAGE][INFO] - Smart Wait Function is triggered

2023-11-24 14:15:49 - [MESSAGE][INFO] - Smart Wait Function is triggered

2023-11-24 14:15:49 - [MESSAGE][INFO] - Smart Wait Function is triggered

2023-11-24 14:15:49 - [MESSAGE][INFO] - Smart Wait Function is triggered

2023-11-24 14:15:49 - [MESSAGE][INFO] - Smart Wait Function is triggered

2023-11-24 14:15:49 - [MESSAGE][INFO] - Smart Wait Function is triggered

2023-11-24 14:15:49 - [MESSAGE][INFO] - Smart Wait Function is triggered

2023-11-24 14:15:49 - [MESSAGE][INFO] - Smart Wait Function is triggered

2023-11-24 14:15:49 - [MESSAGE][INFO] - Smart Wait Function is triggered

2023-11-24 14:15:49 - [MESSAGE][INFO] - Smart Wait Function is triggered

2023-11-24 14:15:49 - [MESSAGE][INFO] - Smart Wait Function is triggered

2023-11-24 14:15:49 - [MESSAGE][INFO] - Smart Wait Function is triggered

2023-11-24 14:15:49 - [MESSAGE][INFO] - Smart Wait Function is triggered

2023-11-24 14:15:49 - [MESSAGE][INFO] - Smart Wait Function is triggered

2023-11-24 14:15:49 - [MESSAGE][INFO] - Smart Wait Function is triggered

2023-11-24 14:15:49 - [MESSAGE][INFO] - Smart Wait Function is triggered

2023-11-24 14:15:49 - [MESSAGE][INFO] - Smart Wait Function is triggered

2023-11-24 14:15:49 - [MESSAGE][INFO] - Smart Wait Function is triggered

2023-11-24 14:15:49 - [MESSAGE][INFO] - Smart Wait Function is triggered

2023-11-24 14:15:49 - [MESSAGE][INFO] - Smart Wait Function is triggered

2023-11-24 14:15:49 - [MESSAGE][INFO] - Smart Wait Function is triggered

2023-11-24 14:15:49 - [MESSAGE][INFO] - Smart Wait Function is triggered

2023-11-24 14:15:49 - [MESSAGE][INFO] - Smart Wait Function is triggered

2023-11-24 14:15:49 - [MESSAGE][INFO] - Smart Wait Function is triggered

2023-11-24 14:15:50 - [MESSAGE][INFO] - Smart Wait Function is triggered

2023-11-24 14:15:50 - [MESSAGE][INFO] - Smart Wait Function is triggered

2023-11-24 14:15:50 - [MESSAGE][INFO] - Smart Wait Function is triggered

2023-11-24 14:15:50 - [MESSAGE][INFO] - Smart Wait Function is triggered

2023-11-24 14:15:50 - [MESSAGE][INFO] - Smart Wait Function is triggered

2023-11-24 14:15:50 - [MESSAGE][INFO] - Smart Wait Function is triggered

2023-11-24 14:15:50 - [MESSAGE][INFO] - Smart Wait Function is triggered

2023-11-24 14:15:50 - [MESSAGE][INFO] - Smart Wait Function is triggered

2023-11-24 14:15:50 - [MESSAGE][INFO] - Smart Wait Function is triggered

2023-11-24 14:15:50 - [MESSAGE][INFO] - Smart Wait Function is triggered

2023-11-24 14:15:50 - [MESSAGE][INFO] - Smart Wait Function is triggered

2023-11-24 14:15:50 - [MESSAGE][INFO] - Smart Wait Function is triggered

2023-11-24 14:15:50 - [MESSAGE][INFO] - Smart Wait Function is triggered

2023-11-24 14:15:50 - [MESSAGE][INFO] - Smart Wait Function is triggered

2023-11-24 14:15:50 - [MESSAGE][INFO] - Smart Wait Function is triggered

2023-11-24 14:15:50 - [MESSAGE][INFO] - Smart Wait Function is triggered

2023-11-24 14:15:50 - [MESSAGE][INFO] - Smart Wait Function is triggered

2023-11-24 14:15:50 - [MESSAGE][INFO] - Smart Wait Function is triggered

2023-11-24 14:15:50 - [MESSAGE][INFO] - Smart Wait Function is triggered

2023-11-24 14:15:50 - [MESSAGE][INFO] - Smart Wait Function is triggered

2023-11-24 14:15:50 - [MESSAGE][INFO] - Smart Wait Function is triggered

2023-11-24 14:15:50 - [MESSAGE][INFO] - Smart Wait Function is triggered

2023-11-24 14:15:50 - [MESSAGE][INFO] - Smart Wait Function is triggered

2023-11-24 14:15:50 - [MESSAGE][INFO] - Smart Wait Function is triggered

2023-11-24 14:15:50 - [MESSAGE][INFO] - Smart Wait Function is triggered

2023-11-24 14:15:50 - [MESSAGE][INFO] - Smart Wait Function is triggered

2023-11-24 14:15:50 - [MESSAGE][INFO] - Smart Wait Function is triggered

2023-11-24 14:15:50 - [MESSAGE][INFO] - Smart Wait Function is triggered

2023-11-24 14:15:50 - [MESSAGE][INFO] - Smart Wait Function is triggered

2023-11-24 14:15:50 - [MESSAGE][INFO] - Smart Wait Function is triggered

2023-11-24 14:15:50 - [MESSAGE][INFO] - Smart Wait Function is triggered

2023-11-24 14:15:50 - [MESSAGE][INFO] - Smart Wait Function is triggered

2023-11-24 14:15:50 - [MESSAGE][INFO] - Smart Wait Function is triggered

2023-11-24 14:15:50 - [MESSAGE][INFO] - Smart Wait Function is triggered

2023-11-24 14:15:50 - [MESSAGE][INFO] - Smart Wait Function is triggered

2023-11-24 14:15:50 - [MESSAGE][INFO] - Smart Wait Function is triggered

2023-11-24 14:15:50 - [MESSAGE][INFO] - Smart Wait Function is triggered

2023-11-24 14:15:50 - [MESSAGE][INFO] - Smart Wait Function is triggered

2023-11-24 14:15:50 - [MESSAGE][INFO] - Smart Wait Function is triggered

2023-11-24 14:15:50 - [MESSAGE][INFO] - Smart Wait Function is triggered

2023-11-24 14:15:50 - [MESSAGE][INFO] - Smart Wait Function is triggered

2023-11-24 14:15:50 - [MESSAGE][INFO] - Smart Wait Function is triggered

2023-11-24 14:15:50 - [MESSAGE][INFO] - Smart Wait Function is triggered

2023-11-24 14:15:50 - [MESSAGE][INFO] - Smart Wait Function is triggered

2023-11-24 14:15:50 - [MESSAGE][INFO] - Smart Wait Function is triggered

2023-11-24 14:15:50 - [MESSAGE][INFO] - Smart Wait Function is triggered

2023-11-24 14:15:50 - [MESSAGE][INFO] - Smart Wait Function is triggered

2023-11-24 14:15:50 - [MESSAGE][INFO] - Smart Wait Function is triggered

2023-11-24 14:15:50 - [MESSAGE][INFO] - Smart Wait Function is triggered

2023-11-24 14:15:50 - [MESSAGE][INFO] - Smart Wait Function is triggered

2023-11-24 14:15:50 - [MESSAGE][INFO] - Smart Wait Function is triggered

2023-11-24 14:15:50 - [MESSAGE][INFO] - Smart Wait Function is triggered

2023-11-24 14:15:50 - [MESSAGE][INFO] - Smart Wait Function is triggered

2023-11-24 14:15:50 - [MESSAGE][INFO] - Smart Wait Function is triggered

2023-11-24 14:15:50 - [MESSAGE][INFO] - Smart Wait Function is triggered

2023-11-24 14:15:50 - [MESSAGE][INFO] - Smart Wait Function is triggered

2023-11-24 14:15:50 - [MESSAGE][INFO] - Smart Wait Function is triggered

2023-11-24 14:15:51 - [MESSAGE][INFO] - Smart Wait Function is triggered

2023-11-24 14:15:51 - [MESSAGE][INFO] - Smart Wait Function is triggered

2023-11-24 14:15:51 - [MESSAGE][INFO] - Smart Wait Function is triggered

2023-11-24 14:15:51 - [MESSAGE][INFO] - Smart Wait Function is triggered

2023-11-24 14:15:51 - [MESSAGE][INFO] - Smart Wait Function is triggered

2023-11-24 14:15:51 - [MESSAGE][INFO] - Smart Wait Function is triggered

2023-11-24 14:15:51 - [MESSAGE][INFO] - Smart Wait Function is triggered

2023-11-24 14:15:51 - [MESSAGE][INFO] - Smart Wait Function is triggered

2023-11-24 14:15:51 - [MESSAGE][INFO] - Smart Wait Function is triggered

2023-11-24 14:15:51 - [MESSAGE][INFO] - Smart Wait Function is triggered

2023-11-24 14:15:51 - [MESSAGE][INFO] - Smart Wait Function is triggered

2023-11-24 14:15:51 - [MESSAGE][INFO] - Smart Wait Function is triggered

2023-11-24 14:15:51 - [MESSAGE][INFO] - Smart Wait Function is triggered

2023-11-24 14:15:51 - [MESSAGE][INFO] - Smart Wait Function is triggered

2023-11-24 14:15:51 - [MESSAGE][INFO] - Smart Wait Function is triggered

2023-11-24 14:15:51 - [MESSAGE][INFO] - Smart Wait Function is triggered

2023-11-24 14:15:51 - [MESSAGE][INFO] - Smart Wait Function is triggered

2023-11-24 14:15:51 - [MESSAGE][INFO] - Smart Wait Function is triggered

2023-11-24 14:15:51 - [MESSAGE][INFO] - Smart Wait Function is triggered

2023-11-24 14:15:51 - [MESSAGE][INFO] - Smart Wait Function is triggered

2023-11-24 14:15:51 - [MESSAGE][INFO] - Smart Wait Function is triggered

2023-11-24 14:15:51 - [MESSAGE][INFO] - Smart Wait Function is triggered

2023-11-24 14:15:51 - [MESSAGE][INFO] - Smart Wait Function is triggered

2023-11-24 14:15:51 - [MESSAGE][INFO] - Smart Wait Function is triggered

2023-11-24 14:15:51 - [MESSAGE][INFO] - Smart Wait Function is triggered

2023-11-24 14:15:51 - [MESSAGE][INFO] - Smart Wait Function is triggered

2023-11-24 14:15:51 - [MESSAGE][INFO] - Smart Wait Function is triggered

2023-11-24 14:15:51 - [MESSAGE][INFO] - Smart Wait Function is triggered

2023-11-24 14:15:51 - [MESSAGE][INFO] - Smart Wait Function is triggered

2023-11-24 14:15:51 - [MESSAGE][INFO] - Smart Wait Function is triggered

2023-11-24 14:15:51 - [MESSAGE][INFO] - Smart Wait Function is triggered

2023-11-24 14:15:51 - [MESSAGE][INFO] - Smart Wait Function is triggered

2023-11-24 14:15:51 - [MESSAGE][INFO] - Smart Wait Function is triggered

2023-11-24 14:15:51 - [MESSAGE][INFO] - Smart Wait Function is triggered

2023-11-24 14:15:51 - [MESSAGE][INFO] - Smart Wait Function is triggered

2023-11-24 14:15:51 - [MESSAGE][INFO] - Smart Wait Function is triggered

2023-11-24 14:15:51 - [MESSAGE][INFO] - Smart Wait Function is triggered

2023-11-24 14:15:51 - [MESSAGE][INFO] - Smart Wait Function is triggered

2023-11-24 14:15:51 - [MESSAGE][INFO] - Smart Wait Function is triggered

2023-11-24 14:15:51 - [MESSAGE][INFO] - Smart Wait Function is triggered

2023-11-24 14:15:51 - [MESSAGE][INFO] - Smart Wait Function is triggered

2023-11-24 14:15:51 - [MESSAGE][INFO] - Smart Wait Function is triggered

2023-11-24 14:15:51 - [MESSAGE][INFO] - Smart Wait Function is triggered

2023-11-24 14:15:51 - [MESSAGE][INFO] - Smart Wait Function is triggered

2023-11-24 14:15:51 - [MESSAGE][INFO] - Smart Wait Function is triggered

2023-11-24 14:15:51 - [MESSAGE][INFO] - Smart Wait Function is triggered

2023-11-24 14:15:51 - [MESSAGE][INFO] - Smart Wait Function is triggered

2023-11-24 14:15:51 - [MESSAGE][INFO] - Smart Wait Function is triggered

2023-11-24 14:15:51 - [MESSAGE][INFO] - Smart Wait Function is triggered

2023-11-24 14:15:51 - [MESSAGE][INFO] - Smart Wait Function is triggered

2023-11-24 14:15:51 - [MESSAGE][INFO] - Smart Wait Function is triggered

2023-11-24 14:15:51 - [MESSAGE][INFO] - Smart Wait Function is triggered

2023-11-24 14:15:51 - [MESSAGE][INFO] - Smart Wait Function is triggered

2023-11-24 14:15:51 - [MESSAGE][INFO] - Smart Wait Function is triggered

2023-11-24 14:15:51 - [MESSAGE][INFO] - Smart Wait Function is triggered

2023-11-24 14:15:51 - [MESSAGE][INFO] - Smart Wait Function is triggered

2023-11-24 14:15:51 - [MESSAGE][INFO] - Smart Wait Function is triggered

2023-11-24 14:15:51 - [MESSAGE][INFO] - Smart Wait Function is triggered

2023-11-24 14:15:51 - [MESSAGE][INFO] - Smart Wait Function is triggered

2023-11-24 14:15:51 - [MESSAGE][INFO] - Smart Wait Function is triggered

2023-11-24 14:15:51 - [MESSAGE][INFO] - Smart Wait Function is triggered

2023-11-24 14:15:52 - [MESSAGE][INFO] - Smart Wait Function is triggered

2023-11-24 14:15:52 - [MESSAGE][INFO] - Smart Wait Function is triggered

2023-11-24 14:15:52 - [MESSAGE][INFO] - Smart Wait Function is triggered

2023-11-24 14:15:52 - [MESSAGE][INFO] - Smart Wait Function is triggered

2023-11-24 14:15:52 - [MESSAGE][INFO] - Smart Wait Function is triggered

2023-11-24 14:15:52 - [MESSAGE][INFO] - Smart Wait Function is triggered

2023-11-24 14:15:52 - [MESSAGE][INFO] - Smart Wait Function is triggered

2023-11-24 14:15:52 - [MESSAGE][INFO] - Smart Wait Function is triggered

2023-11-24 14:15:52 - [MESSAGE][INFO] - Smart Wait Function is triggered

2023-11-24 14:15:52 - [MESSAGE][INFO] - Smart Wait Function is triggered

2023-11-24 14:15:52 - [MESSAGE][INFO] - Smart Wait Function is triggered

2023-11-24 14:15:52 - [MESSAGE][INFO] - Smart Wait Function is triggered

2023-11-24 14:15:52 - [MESSAGE][INFO] - Smart Wait Function is triggered

2023-11-24 14:15:52 - [MESSAGE][INFO] - Smart Wait Function is triggered

2023-11-24 14:15:52 - [MESSAGE][INFO] - Smart Wait Function is triggered

2023-11-24 14:15:52 - [MESSAGE][INFO] - Smart Wait Function is triggered

2023-11-24 14:15:52 - [MESSAGE][INFO] - Smart Wait Function is triggered

2023-11-24 14:15:52 - [MESSAGE][INFO] - Smart Wait Function is triggered

2023-11-24 14:15:52 - [MESSAGE][INFO] - Smart Wait Function is triggered

2023-11-24 14:15:52 - [MESSAGE][INFO] - Smart Wait Function is triggered

2023-11-24 14:15:52 - [MESSAGE][INFO] - Smart Wait Function is triggered

2023-11-24 14:15:52 - [MESSAGE][INFO] - Smart Wait Function is triggered

2023-11-24 14:15:52 - [MESSAGE][INFO] - Smart Wait Function is triggered

2023-11-24 14:15:52 - [MESSAGE][INFO] - Smart Wait Function is triggered

2023-11-24 14:15:52 - [MESSAGE][INFO] - Smart Wait Function is triggered

2023-11-24 14:15:52 - [MESSAGE][INFO] - Smart Wait Function is triggered

2023-11-24 14:15:52 - [MESSAGE][INFO] - Smart Wait Function is triggered

2023-11-24 14:15:52 - [MESSAGE][INFO] - Smart Wait Function is triggered

2023-11-24 14:15:52 - [MESSAGE][INFO] - Smart Wait Function is triggered

2023-11-24 14:15:52 - [MESSAGE][INFO] - Smart Wait Function is triggered

2023-11-24 14:15:52 - [MESSAGE][INFO] - Smart Wait Function is triggered

2023-11-24 14:15:52 - [MESSAGE][INFO] - Smart Wait Function is triggered

2023-11-24 14:15:52 - [MESSAGE][INFO] - Smart Wait Function is triggered

2023-11-24 14:15:52 - [MESSAGE][INFO] - Smart Wait Function is triggered

2023-11-24 14:15:52 - [MESSAGE][INFO] - Smart Wait Function is triggered

2023-11-24 14:15:52 - [MESSAGE][INFO] - Smart Wait Function is triggered

2023-11-24 14:15:52 - [MESSAGE][INFO] - Smart Wait Function is triggered

2023-11-24 14:15:52 - [MESSAGE][INFO] - Smart Wait Function is triggered

2023-11-24 14:15:52 - [MESSAGE][INFO] - Smart Wait Function is triggered

2023-11-24 14:15:52 - [MESSAGE][INFO] - Smart Wait Function is triggered

2023-11-24 14:15:52 - [MESSAGE][INFO] - Smart Wait Function is triggered

2023-11-24 14:15:52 - [MESSAGE][INFO] - Smart Wait Function is triggered

2023-11-24 14:15:52 - [MESSAGE][INFO] - Smart Wait Function is triggered

2023-11-24 14:15:52 - [MESSAGE][INFO] - Smart Wait Function is triggered

2023-11-24 14:15:52 - [MESSAGE][INFO] - Smart Wait Function is triggered

2023-11-24 14:15:52 - [MESSAGE][INFO] - Smart Wait Function is triggered

2023-11-24 14:15:52 - [MESSAGE][INFO] - Smart Wait Function is triggered

2023-11-24 14:15:52 - [MESSAGE][INFO] - Smart Wait Function is triggered

2023-11-24 14:15:52 - [MESSAGE][INFO] - Smart Wait Function is triggered

2023-11-24 14:15:52 - [MESSAGE][INFO] - Smart Wait Function is triggered

2023-11-24 14:15:52 - [MESSAGE][INFO] - Smart Wait Function is triggered

2023-11-24 14:15:52 - [MESSAGE][INFO] - Smart Wait Function is triggered

2023-11-24 14:15:52 - [MESSAGE][INFO] - Smart Wait Function is triggered

2023-11-24 14:15:52 - [MESSAGE][INFO] - Smart Wait Function is triggered

2023-11-24 14:15:52 - [MESSAGE][INFO] - Smart Wait Function is triggered

2023-11-24 14:15:52 - [MESSAGE][INFO] - Smart Wait Function is triggered

2023-11-24 14:15:52 - [MESSAGE][INFO] - Smart Wait Function is triggered

2023-11-24 14:15:52 - [MESSAGE][INFO] - Smart Wait Function is triggered

2023-11-24 14:15:53 - [MESSAGE][INFO] - Smart Wait Function is triggered

2023-11-24 14:15:53 - [MESSAGE][INFO] - Smart Wait Function is triggered

2023-11-24 14:15:53 - [MESSAGE][INFO] - Smart Wait Function is triggered

2023-11-24 14:15:53 - [MESSAGE][INFO] - Smart Wait Function is triggered

2023-11-24 14:15:53 - [MESSAGE][INFO] - Smart Wait Function is triggered

2023-11-24 14:15:53 - [MESSAGE][INFO] - Smart Wait Function is triggered

2023-11-24 14:15:53 - [MESSAGE][INFO] - Smart Wait Function is triggered

2023-11-24 14:15:53 - [MESSAGE][INFO] - Smart Wait Function is triggered

2023-11-24 14:15:53 - [MESSAGE][INFO] - Smart Wait Function is triggered

2023-11-24 14:15:53 - [MESSAGE][INFO] - Smart Wait Function is triggered

2023-11-24 14:15:53 - [MESSAGE][INFO] - Smart Wait Function is triggered

2023-11-24 14:15:53 - [MESSAGE][INFO] - Smart Wait Function is triggered

2023-11-24 14:15:53 - [MESSAGE][INFO] - Smart Wait Function is triggered

2023-11-24 14:15:53 - [MESSAGE][INFO] - Smart Wait Function is triggered

2023-11-24 14:15:53 - [MESSAGE][INFO] - Smart Wait Function is triggered

2023-11-24 14:15:53 - [MESSAGE][INFO] - Smart Wait Function is triggered

2023-11-24 14:15:53 - [MESSAGE][INFO] - Smart Wait Function is triggered

2023-11-24 14:15:53 - [MESSAGE][INFO] - Smart Wait Function is triggered

2023-11-24 14:15:53 - [MESSAGE][INFO] - Smart Wait Function is triggered

2023-11-24 14:15:53 - [MESSAGE][INFO] - Smart Wait Function is triggered

2023-11-24 14:15:53 - [MESSAGE][INFO] - Smart Wait Function is triggered

2023-11-24 14:15:53 - [MESSAGE][INFO] - Smart Wait Function is triggered

2023-11-24 14:15:53 - [MESSAGE][INFO] - Smart Wait Function is triggered

2023-11-24 14:15:53 - [MESSAGE][INFO] - Smart Wait Function is triggered

2023-11-24 14:15:53 - [MESSAGE][INFO] - Smart Wait Function is triggered

2023-11-24 14:15:53 - [MESSAGE][INFO] - Smart Wait Function is triggered

2023-11-24 14:15:53 - [MESSAGE][INFO] - Smart Wait Function is triggered

2023-11-24 14:15:53 - [MESSAGE][INFO] - Smart Wait Function is triggered

2023-11-24 14:15:53 - [MESSAGE][INFO] - Smart Wait Function is triggered

2023-11-24 14:15:53 - [MESSAGE][INFO] - Smart Wait Function is triggered

2023-11-24 14:15:53 - [MESSAGE][INFO] - Smart Wait Function is triggered

2023-11-24 14:15:53 - [MESSAGE][INFO] - Smart Wait Function is triggered

2023-11-24 14:15:53 - [MESSAGE][INFO] - Smart Wait Function is triggered

2023-11-24 14:15:53 - [MESSAGE][INFO] - Unable to find the element located by 'By.xpath: //app-informations-personnelles//app-adresse-etalab//app-vls-ts-etalab//div/input|//app-informations-personnelles-shared//app-adresse-etalab//app-vls-ts-etalab//div/input'. Please recheck the objects properties to make sure the desired element is located. 

2023-11-24 14:15:53 - [MESSAGE][INFO] - Checking object

2023-11-24 14:15:53 - [MESSAGE][INFO] - Checking text

2023-11-24 14:15:53 - [MESSAGE][INFO] - Finding web element from Test Object's properties

2023-11-24 14:15:53 - [MESSAGE][INFO] - Checking timeout

2023-11-24 14:15:53 - [MESSAGE][INFO] - Finding web element with id: 'Object Repository/Page_InformationPersonnelles_Usager/Input_AdresseUsager' located by 'By.xpath: //app-informations-personnelles//app-adresse-etalab//app-vls-ts-etalab//div/input|//app-informations-personnelles-shared//app-adresse-etalab//app-vls-ts-etalab//div/input' in '5' second(s)

2023-11-24 14:15:53 - [MESSAGE][INFO] - Smart Wait Function is triggered

2023-11-24 14:15:53 - [MESSAGE][INFO] - Smart Wait Function is triggered

2023-11-24 14:15:53 - [MESSAGE][INFO] - Smart Wait Function is triggered

2023-11-24 14:15:53 - [MESSAGE][INFO] - Smart Wait Function is triggered

2023-11-24 14:15:53 - [MESSAGE][INFO] - Smart Wait Function is triggered

2023-11-24 14:15:53 - [MESSAGE][INFO] - Smart Wait Function is triggered

2023-11-24 14:15:53 - [MESSAGE][INFO] - Smart Wait Function is triggered

2023-11-24 14:15:53 - [MESSAGE][INFO] - Smart Wait Function is triggered

2023-11-24 14:15:53 - [MESSAGE][INFO] - Smart Wait Function is triggered

2023-11-24 14:15:53 - [MESSAGE][INFO] - Smart Wait Function is triggered

2023-11-24 14:15:53 - [MESSAGE][INFO] - Smart Wait Function is triggered

2023-11-24 14:15:53 - [MESSAGE][INFO] - Smart Wait Function is triggered

2023-11-24 14:15:53 - [MESSAGE][INFO] - Smart Wait Function is triggered

2023-11-24 14:15:53 - [MESSAGE][INFO] - Smart Wait Function is triggered

2023-11-24 14:15:53 - [MESSAGE][INFO] - Smart Wait Function is triggered

2023-11-24 14:15:53 - [MESSAGE][INFO] - Smart Wait Function is triggered

2023-11-24 14:15:53 - [MESSAGE][INFO] - Smart Wait Function is triggered

2023-11-24 14:15:53 - [MESSAGE][INFO] - Smart Wait Function is triggered

2023-11-24 14:15:53 - [MESSAGE][INFO] - Smart Wait Function is triggered

2023-11-24 14:15:53 - [MESSAGE][INFO] - Smart Wait Function is triggered

2023-11-24 14:15:53 - [MESSAGE][INFO] - Smart Wait Function is triggered

2023-11-24 14:15:53 - [MESSAGE][INFO] - Smart Wait Function is triggered

2023-11-24 14:15:53 - [MESSAGE][INFO] - Smart Wait Function is triggered

2023-11-24 14:15:53 - [MESSAGE][INFO] - Smart Wait Function is triggered

2023-11-24 14:15:53 - [MESSAGE][INFO] - Smart Wait Function is triggered

2023-11-24 14:15:53 - [MESSAGE][INFO] - Smart Wait Function is triggered

2023-11-24 14:15:54 - [MESSAGE][INFO] - Smart Wait Function is triggered

2023-11-24 14:15:54 - [MESSAGE][INFO] - Smart Wait Function is triggered

2023-11-24 14:15:54 - [MESSAGE][INFO] - Smart Wait Function is triggered

2023-11-24 14:15:54 - [MESSAGE][INFO] - Smart Wait Function is triggered

2023-11-24 14:15:54 - [MESSAGE][INFO] - Smart Wait Function is triggered

2023-11-24 14:15:54 - [MESSAGE][INFO] - Smart Wait Function is triggered

2023-11-24 14:15:54 - [MESSAGE][INFO] - Smart Wait Function is triggered

2023-11-24 14:15:54 - [MESSAGE][INFO] - Smart Wait Function is triggered

2023-11-24 14:15:54 - [MESSAGE][INFO] - Smart Wait Function is triggered

2023-11-24 14:15:54 - [MESSAGE][INFO] - Smart Wait Function is triggered

2023-11-24 14:15:54 - [MESSAGE][INFO] - Smart Wait Function is triggered

2023-11-24 14:15:54 - [MESSAGE][INFO] - Smart Wait Function is triggered

2023-11-24 14:15:54 - [MESSAGE][INFO] - Smart Wait Function is triggered

2023-11-24 14:15:54 - [MESSAGE][INFO] - Smart Wait Function is triggered

2023-11-24 14:15:54 - [MESSAGE][INFO] - Smart Wait Function is triggered

2023-11-24 14:15:54 - [MESSAGE][INFO] - Smart Wait Function is triggered

2023-11-24 14:15:54 - [MESSAGE][INFO] - Smart Wait Function is triggered

2023-11-24 14:15:54 - [MESSAGE][INFO] - Smart Wait Function is triggered

2023-11-24 14:15:54 - [MESSAGE][INFO] - Smart Wait Function is triggered

2023-11-24 14:15:54 - [MESSAGE][INFO] - Smart Wait Function is triggered

2023-11-24 14:15:54 - [MESSAGE][INFO] - Smart Wait Function is triggered

2023-11-24 14:15:54 - [MESSAGE][INFO] - Smart Wait Function is triggered

2023-11-24 14:15:54 - [MESSAGE][INFO] - Smart Wait Function is triggered

2023-11-24 14:15:54 - [MESSAGE][INFO] - Smart Wait Function is triggered

2023-11-24 14:15:54 - [MESSAGE][INFO] - Smart Wait Function is triggered

2023-11-24 14:15:54 - [MESSAGE][INFO] - Smart Wait Function is triggered

2023-11-24 14:15:54 - [MESSAGE][INFO] - Smart Wait Function is triggered

2023-11-24 14:15:54 - [MESSAGE][INFO] - Smart Wait Function is triggered

2023-11-24 14:15:54 - [MESSAGE][INFO] - Smart Wait Function is triggered

2023-11-24 14:15:54 - [MESSAGE][INFO] - Smart Wait Function is triggered

2023-11-24 14:15:54 - [MESSAGE][INFO] - Smart Wait Function is triggered

2023-11-24 14:15:54 - [MESSAGE][INFO] - Smart Wait Function is triggered

2023-11-24 14:15:54 - [MESSAGE][INFO] - Smart Wait Function is triggered

2023-11-24 14:15:54 - [MESSAGE][INFO] - Smart Wait Function is triggered

2023-11-24 14:15:54 - [MESSAGE][INFO] - Smart Wait Function is triggered

2023-11-24 14:15:54 - [MESSAGE][INFO] - Smart Wait Function is triggered

2023-11-24 14:15:54 - [MESSAGE][INFO] - Smart Wait Function is triggered

2023-11-24 14:15:54 - [MESSAGE][INFO] - Smart Wait Function is triggered

2023-11-24 14:15:54 - [MESSAGE][INFO] - Smart Wait Function is triggered

2023-11-24 14:15:54 - [MESSAGE][INFO] - Smart Wait Function is triggered

2023-11-24 14:15:54 - [MESSAGE][INFO] - Smart Wait Function is triggered

2023-11-24 14:15:54 - [MESSAGE][INFO] - Smart Wait Function is triggered

2023-11-24 14:15:54 - [MESSAGE][INFO] - Smart Wait Function is triggered

2023-11-24 14:15:54 - [MESSAGE][INFO] - Smart Wait Function is triggered

2023-11-24 14:15:54 - [MESSAGE][INFO] - Smart Wait Function is triggered

2023-11-24 14:15:54 - [MESSAGE][INFO] - Smart Wait Function is triggered

2023-11-24 14:15:54 - [MESSAGE][INFO] - Smart Wait Function is triggered

2023-11-24 14:15:54 - [MESSAGE][INFO] - Smart Wait Function is triggered

2023-11-24 14:15:54 - [MESSAGE][INFO] - Smart Wait Function is triggered

2023-11-24 14:15:54 - [MESSAGE][INFO] - Smart Wait Function is triggered

2023-11-24 14:15:54 - [MESSAGE][INFO] - Smart Wait Function is triggered

2023-11-24 14:15:54 - [MESSAGE][INFO] - Smart Wait Function is triggered

2023-11-24 14:15:54 - [MESSAGE][INFO] - Smart Wait Function is triggered

2023-11-24 14:15:54 - [MESSAGE][INFO] - Smart Wait Function is triggered

2023-11-24 14:15:54 - [MESSAGE][INFO] - Smart Wait Function is triggered

2023-11-24 14:15:54 - [MESSAGE][INFO] - Smart Wait Function is triggered

2023-11-24 14:15:54 - [MESSAGE][INFO] - Smart Wait Function is triggered

2023-11-24 14:15:54 - [MESSAGE][INFO] - Smart Wait Function is triggered

2023-11-24 14:15:54 - [MESSAGE][INFO] - Smart Wait Function is triggered

2023-11-24 14:15:54 - [MESSAGE][INFO] - Smart Wait Function is triggered

2023-11-24 14:15:54 - [MESSAGE][INFO] - Smart Wait Function is triggered

2023-11-24 14:15:54 - [MESSAGE][INFO] - Smart Wait Function is triggered

2023-11-24 14:15:55 - [MESSAGE][INFO] - Smart Wait Function is triggered

2023-11-24 14:15:55 - [MESSAGE][INFO] - Smart Wait Function is triggered

2023-11-24 14:15:55 - [MESSAGE][INFO] - Smart Wait Function is triggered

2023-11-24 14:15:55 - [MESSAGE][INFO] - Smart Wait Function is triggered

2023-11-24 14:15:55 - [MESSAGE][INFO] - Smart Wait Function is triggered

2023-11-24 14:15:55 - [MESSAGE][INFO] - Smart Wait Function is triggered

2023-11-24 14:15:55 - [MESSAGE][INFO] - Smart Wait Function is triggered

2023-11-24 14:15:55 - [MESSAGE][INFO] - Smart Wait Function is triggered

2023-11-24 14:15:55 - [MESSAGE][INFO] - Smart Wait Function is triggered

2023-11-24 14:15:55 - [MESSAGE][INFO] - Smart Wait Function is triggered

2023-11-24 14:15:55 - [MESSAGE][INFO] - Smart Wait Function is triggered

2023-11-24 14:15:55 - [MESSAGE][INFO] - Smart Wait Function is triggered

2023-11-24 14:15:55 - [MESSAGE][INFO] - Smart Wait Function is triggered

2023-11-24 14:15:55 - [MESSAGE][INFO] - Smart Wait Function is triggered

2023-11-24 14:15:55 - [MESSAGE][INFO] - Smart Wait Function is triggered

2023-11-24 14:15:55 - [MESSAGE][INFO] - Smart Wait Function is triggered

2023-11-24 14:15:55 - [MESSAGE][INFO] - Smart Wait Function is triggered

2023-11-24 14:15:55 - [MESSAGE][INFO] - Smart Wait Function is triggered

2023-11-24 14:15:55 - [MESSAGE][INFO] - Smart Wait Function is triggered

2023-11-24 14:15:55 - [MESSAGE][INFO] - Smart Wait Function is triggered

2023-11-24 14:15:55 - [MESSAGE][INFO] - Smart Wait Function is triggered

2023-11-24 14:15:55 - [MESSAGE][INFO] - Smart Wait Function is triggered

2023-11-24 14:15:55 - [MESSAGE][INFO] - Smart Wait Function is triggered

2023-11-24 14:15:55 - [MESSAGE][INFO] - Smart Wait Function is triggered

2023-11-24 14:15:55 - [MESSAGE][INFO] - Smart Wait Function is triggered

2023-11-24 14:15:55 - [MESSAGE][INFO] - Smart Wait Function is triggered

2023-11-24 14:15:55 - [MESSAGE][INFO] - Smart Wait Function is triggered

2023-11-24 14:15:55 - [MESSAGE][INFO] - Smart Wait Function is triggered

2023-11-24 14:15:55 - [MESSAGE][INFO] - Smart Wait Function is triggered

2023-11-24 14:15:55 - [MESSAGE][INFO] - Smart Wait Function is triggered

2023-11-24 14:15:55 - [MESSAGE][INFO] - Smart Wait Function is triggered

2023-11-24 14:15:55 - [MESSAGE][INFO] - Smart Wait Function is triggered

2023-11-24 14:15:55 - [MESSAGE][INFO] - Smart Wait Function is triggered

2023-11-24 14:15:55 - [MESSAGE][INFO] - Smart Wait Function is triggered

2023-11-24 14:15:55 - [MESSAGE][INFO] - Smart Wait Function is triggered

2023-11-24 14:15:55 - [MESSAGE][INFO] - Smart Wait Function is triggered

2023-11-24 14:15:55 - [MESSAGE][INFO] - Smart Wait Function is triggered

2023-11-24 14:15:55 - [MESSAGE][INFO] - Smart Wait Function is triggered

2023-11-24 14:15:55 - [MESSAGE][INFO] - Smart Wait Function is triggered

2023-11-24 14:15:55 - [MESSAGE][INFO] - Smart Wait Function is triggered

2023-11-24 14:15:55 - [MESSAGE][INFO] - Smart Wait Function is triggered

2023-11-24 14:15:55 - [MESSAGE][INFO] - Smart Wait Function is triggered

2023-11-24 14:15:55 - [MESSAGE][INFO] - Smart Wait Function is triggered

2023-11-24 14:15:55 - [MESSAGE][INFO] - Smart Wait Function is triggered

2023-11-24 14:15:55 - [MESSAGE][INFO] - Smart Wait Function is triggered

2023-11-24 14:15:55 - [MESSAGE][INFO] - Smart Wait Function is triggered

2023-11-24 14:15:55 - [MESSAGE][INFO] - Smart Wait Function is triggered

2023-11-24 14:15:55 - [MESSAGE][INFO] - Smart Wait Function is triggered

2023-11-24 14:15:55 - [MESSAGE][INFO] - Smart Wait Function is triggered

2023-11-24 14:15:55 - [MESSAGE][INFO] - Smart Wait Function is triggered

2023-11-24 14:15:55 - [MESSAGE][INFO] - Smart Wait Function is triggered

2023-11-24 14:15:55 - [MESSAGE][INFO] - Smart Wait Function is triggered

2023-11-24 14:15:55 - [MESSAGE][INFO] - Smart Wait Function is triggered

2023-11-24 14:15:55 - [MESSAGE][INFO] - Smart Wait Function is triggered

2023-11-24 14:15:55 - [MESSAGE][INFO] - Smart Wait Function is triggered

2023-11-24 14:15:55 - [MESSAGE][INFO] - Smart Wait Function is triggered

2023-11-24 14:15:55 - [MESSAGE][INFO] - Smart Wait Function is triggered

2023-11-24 14:15:55 - [MESSAGE][INFO] - Smart Wait Function is triggered

2023-11-24 14:15:55 - [MESSAGE][INFO] - Smart Wait Function is triggered

2023-11-24 14:15:55 - [MESSAGE][INFO] - Smart Wait Function is triggered

2023-11-24 14:15:55 - [MESSAGE][INFO] - Smart Wait Function is triggered

2023-11-24 14:15:55 - [MESSAGE][INFO] - Smart Wait Function is triggered

2023-11-24 14:15:55 - [MESSAGE][INFO] - Smart Wait Function is triggered

2023-11-24 14:15:55 - [MESSAGE][INFO] - Smart Wait Function is triggered

2023-11-24 14:15:55 - [MESSAGE][INFO] - Smart Wait Function is triggered

2023-11-24 14:15:55 - [MESSAGE][INFO] - Smart Wait Function is triggered

2023-11-24 14:15:56 - [MESSAGE][INFO] - Smart Wait Function is triggered

2023-11-24 14:15:56 - [MESSAGE][INFO] - Smart Wait Function is triggered

2023-11-24 14:15:56 - [MESSAGE][INFO] - Smart Wait Function is triggered

2023-11-24 14:15:56 - [MESSAGE][INFO] - Smart Wait Function is triggered

2023-11-24 14:15:56 - [MESSAGE][INFO] - Smart Wait Function is triggered

2023-11-24 14:15:56 - [MESSAGE][INFO] - Smart Wait Function is triggered

2023-11-24 14:15:56 - [MESSAGE][INFO] - Smart Wait Function is triggered

2023-11-24 14:15:56 - [MESSAGE][INFO] - Smart Wait Function is triggered

2023-11-24 14:15:56 - [MESSAGE][INFO] - Smart Wait Function is triggered

2023-11-24 14:15:56 - [MESSAGE][INFO] - Smart Wait Function is triggered

2023-11-24 14:15:56 - [MESSAGE][INFO] - Smart Wait Function is triggered

2023-11-24 14:15:56 - [MESSAGE][INFO] - Smart Wait Function is triggered

2023-11-24 14:15:56 - [MESSAGE][INFO] - Smart Wait Function is triggered

2023-11-24 14:15:56 - [MESSAGE][INFO] - Smart Wait Function is triggered

2023-11-24 14:15:56 - [MESSAGE][INFO] - Smart Wait Function is triggered

2023-11-24 14:15:56 - [MESSAGE][INFO] - Smart Wait Function is triggered

2023-11-24 14:15:56 - [MESSAGE][INFO] - Smart Wait Function is triggered

2023-11-24 14:15:56 - [MESSAGE][INFO] - Smart Wait Function is triggered

2023-11-24 14:15:56 - [MESSAGE][INFO] - Smart Wait Function is triggered

2023-11-24 14:15:56 - [MESSAGE][INFO] - Smart Wait Function is triggered

2023-11-24 14:15:56 - [MESSAGE][INFO] - Smart Wait Function is triggered

2023-11-24 14:15:56 - [MESSAGE][INFO] - Smart Wait Function is triggered

2023-11-24 14:15:56 - [MESSAGE][INFO] - Smart Wait Function is triggered

2023-11-24 14:15:56 - [MESSAGE][INFO] - Smart Wait Function is triggered

2023-11-24 14:15:56 - [MESSAGE][INFO] - Smart Wait Function is triggered

2023-11-24 14:15:56 - [MESSAGE][INFO] - Smart Wait Function is triggered

2023-11-24 14:15:56 - [MESSAGE][INFO] - Smart Wait Function is triggered

2023-11-24 14:15:56 - [MESSAGE][INFO] - Smart Wait Function is triggered

2023-11-24 14:15:56 - [MESSAGE][INFO] - Smart Wait Function is triggered

2023-11-24 14:15:56 - [MESSAGE][INFO] - Smart Wait Function is triggered

2023-11-24 14:15:56 - [MESSAGE][INFO] - Smart Wait Function is triggered

2023-11-24 14:15:56 - [MESSAGE][INFO] - Smart Wait Function is triggered

2023-11-24 14:15:56 - [MESSAGE][INFO] - Smart Wait Function is triggered

2023-11-24 14:15:56 - [MESSAGE][INFO] - Smart Wait Function is triggered

2023-11-24 14:15:56 - [MESSAGE][INFO] - Smart Wait Function is triggered

2023-11-24 14:15:56 - [MESSAGE][INFO] - Smart Wait Function is triggered

2023-11-24 14:15:56 - [MESSAGE][INFO] - Smart Wait Function is triggered

2023-11-24 14:15:56 - [MESSAGE][INFO] - Smart Wait Function is triggered

2023-11-24 14:15:56 - [MESSAGE][INFO] - Smart Wait Function is triggered

2023-11-24 14:15:56 - [MESSAGE][INFO] - Smart Wait Function is triggered

2023-11-24 14:15:56 - [MESSAGE][INFO] - Smart Wait Function is triggered

2023-11-24 14:15:56 - [MESSAGE][INFO] - Smart Wait Function is triggered

2023-11-24 14:15:56 - [MESSAGE][INFO] - Smart Wait Function is triggered

2023-11-24 14:15:56 - [MESSAGE][INFO] - Smart Wait Function is triggered

2023-11-24 14:15:56 - [MESSAGE][INFO] - Smart Wait Function is triggered

2023-11-24 14:15:56 - [MESSAGE][INFO] - Smart Wait Function is triggered

2023-11-24 14:15:56 - [MESSAGE][INFO] - Smart Wait Function is triggered

2023-11-24 14:15:56 - [MESSAGE][INFO] - Smart Wait Function is triggered

2023-11-24 14:15:56 - [MESSAGE][INFO] - Smart Wait Function is triggered

2023-11-24 14:15:56 - [MESSAGE][INFO] - Smart Wait Function is triggered

2023-11-24 14:15:56 - [MESSAGE][INFO] - Smart Wait Function is triggered

2023-11-24 14:15:56 - [MESSAGE][INFO] - Smart Wait Function is triggered

2023-11-24 14:15:56 - [MESSAGE][INFO] - Smart Wait Function is triggered

2023-11-24 14:15:56 - [MESSAGE][INFO] - Smart Wait Function is triggered

2023-11-24 14:15:56 - [MESSAGE][INFO] - Smart Wait Function is triggered

2023-11-24 14:15:56 - [MESSAGE][INFO] - Smart Wait Function is triggered

2023-11-24 14:15:56 - [MESSAGE][INFO] - Smart Wait Function is triggered

2023-11-24 14:15:56 - [MESSAGE][INFO] - Smart Wait Function is triggered

2023-11-24 14:15:56 - [MESSAGE][INFO] - Smart Wait Function is triggered

2023-11-24 14:15:56 - [MESSAGE][INFO] - Smart Wait Function is triggered

2023-11-24 14:15:56 - [MESSAGE][INFO] - Smart Wait Function is triggered

2023-11-24 14:15:56 - [MESSAGE][INFO] - Smart Wait Function is triggered

2023-11-24 14:15:56 - [MESSAGE][INFO] - Smart Wait Function is triggered

2023-11-24 14:15:56 - [MESSAGE][INFO] - Smart Wait Function is triggered

2023-11-24 14:15:56 - [MESSAGE][INFO] - Smart Wait Function is triggered

2023-11-24 14:15:56 - [MESSAGE][INFO] - Smart Wait Function is triggered

2023-11-24 14:15:56 - [MESSAGE][INFO] - Smart Wait Function is triggered

2023-11-24 14:15:56 - [MESSAGE][INFO] - Smart Wait Function is triggered

2023-11-24 14:15:56 - [MESSAGE][INFO] - Smart Wait Function is triggered

2023-11-24 14:15:56 - [MESSAGE][INFO] - Smart Wait Function is triggered

2023-11-24 14:15:57 - [MESSAGE][INFO] - Smart Wait Function is triggered

2023-11-24 14:15:57 - [MESSAGE][INFO] - Smart Wait Function is triggered

2023-11-24 14:15:57 - [MESSAGE][INFO] - Smart Wait Function is triggered

2023-11-24 14:15:57 - [MESSAGE][INFO] - Smart Wait Function is triggered

2023-11-24 14:15:57 - [MESSAGE][INFO] - Smart Wait Function is triggered

2023-11-24 14:15:57 - [MESSAGE][INFO] - Smart Wait Function is triggered

2023-11-24 14:15:57 - [MESSAGE][INFO] - Smart Wait Function is triggered

2023-11-24 14:15:57 - [MESSAGE][INFO] - Smart Wait Function is triggered

2023-11-24 14:15:57 - [MESSAGE][INFO] - Smart Wait Function is triggered

2023-11-24 14:15:57 - [MESSAGE][INFO] - Smart Wait Function is triggered

2023-11-24 14:15:57 - [MESSAGE][INFO] - Smart Wait Function is triggered

2023-11-24 14:15:57 - [MESSAGE][INFO] - Smart Wait Function is triggered

2023-11-24 14:15:57 - [MESSAGE][INFO] - Smart Wait Function is triggered

2023-11-24 14:15:57 - [MESSAGE][INFO] - Smart Wait Function is triggered

2023-11-24 14:15:57 - [MESSAGE][INFO] - Smart Wait Function is triggered

2023-11-24 14:15:57 - [MESSAGE][INFO] - Smart Wait Function is triggered

2023-11-24 14:15:57 - [MESSAGE][INFO] - Smart Wait Function is triggered

2023-11-24 14:15:57 - [MESSAGE][INFO] - Smart Wait Function is triggered

2023-11-24 14:15:57 - [MESSAGE][INFO] - Smart Wait Function is triggered

2023-11-24 14:15:57 - [MESSAGE][INFO] - Smart Wait Function is triggered

2023-11-24 14:15:57 - [MESSAGE][INFO] - Smart Wait Function is triggered

2023-11-24 14:15:57 - [MESSAGE][INFO] - Smart Wait Function is triggered

2023-11-24 14:15:57 - [MESSAGE][INFO] - Smart Wait Function is triggered

2023-11-24 14:15:57 - [MESSAGE][INFO] - Smart Wait Function is triggered

2023-11-24 14:15:57 - [MESSAGE][INFO] - Smart Wait Function is triggered

2023-11-24 14:15:57 - [MESSAGE][INFO] - Smart Wait Function is triggered

2023-11-24 14:15:57 - [MESSAGE][INFO] - Smart Wait Function is triggered

2023-11-24 14:15:57 - [MESSAGE][INFO] - Smart Wait Function is triggered

2023-11-24 14:15:57 - [MESSAGE][INFO] - Smart Wait Function is triggered

2023-11-24 14:15:57 - [MESSAGE][INFO] - Smart Wait Function is triggered

2023-11-24 14:15:57 - [MESSAGE][INFO] - Smart Wait Function is triggered

2023-11-24 14:15:57 - [MESSAGE][INFO] - Smart Wait Function is triggered

2023-11-24 14:15:57 - [MESSAGE][INFO] - Smart Wait Function is triggered

2023-11-24 14:15:57 - [MESSAGE][INFO] - Smart Wait Function is triggered

2023-11-24 14:15:57 - [MESSAGE][INFO] - Smart Wait Function is triggered

2023-11-24 14:15:57 - [MESSAGE][INFO] - Smart Wait Function is triggered

2023-11-24 14:15:57 - [MESSAGE][INFO] - Smart Wait Function is triggered

2023-11-24 14:15:57 - [MESSAGE][INFO] - Smart Wait Function is triggered

2023-11-24 14:15:57 - [MESSAGE][INFO] - Smart Wait Function is triggered

2023-11-24 14:15:57 - [MESSAGE][INFO] - Smart Wait Function is triggered

2023-11-24 14:15:57 - [MESSAGE][INFO] - Smart Wait Function is triggered

2023-11-24 14:15:57 - [MESSAGE][INFO] - Smart Wait Function is triggered

2023-11-24 14:15:57 - [MESSAGE][INFO] - Smart Wait Function is triggered

2023-11-24 14:15:57 - [MESSAGE][INFO] - Smart Wait Function is triggered

2023-11-24 14:15:57 - [MESSAGE][INFO] - Smart Wait Function is triggered

2023-11-24 14:15:57 - [MESSAGE][INFO] - Smart Wait Function is triggered

2023-11-24 14:15:57 - [MESSAGE][INFO] - Smart Wait Function is triggered

2023-11-24 14:15:57 - [MESSAGE][INFO] - Smart Wait Function is triggered

2023-11-24 14:15:57 - [MESSAGE][INFO] - Smart Wait Function is triggered

2023-11-24 14:15:57 - [MESSAGE][INFO] - Smart Wait Function is triggered

2023-11-24 14:15:57 - [MESSAGE][INFO] - Smart Wait Function is triggered

2023-11-24 14:15:57 - [MESSAGE][INFO] - Smart Wait Function is triggered

2023-11-24 14:15:57 - [MESSAGE][INFO] - Smart Wait Function is triggered

2023-11-24 14:15:57 - [MESSAGE][INFO] - Smart Wait Function is triggered

2023-11-24 14:15:57 - [MESSAGE][INFO] - Smart Wait Function is triggered

2023-11-24 14:15:57 - [MESSAGE][INFO] - Smart Wait Function is triggered

2023-11-24 14:15:57 - [MESSAGE][INFO] - Smart Wait Function is triggered

2023-11-24 14:15:57 - [MESSAGE][INFO] - Smart Wait Function is triggered

2023-11-24 14:15:57 - [MESSAGE][INFO] - Smart Wait Function is triggered

2023-11-24 14:15:57 - [MESSAGE][INFO] - Smart Wait Function is triggered

2023-11-24 14:15:57 - [MESSAGE][INFO] - Smart Wait Function is triggered

2023-11-24 14:15:57 - [MESSAGE][INFO] - Smart Wait Function is triggered

2023-11-24 14:15:57 - [MESSAGE][INFO] - Smart Wait Function is triggered

2023-11-24 14:15:57 - [MESSAGE][INFO] - Smart Wait Function is triggered

2023-11-24 14:15:57 - [MESSAGE][INFO] - Smart Wait Function is triggered

2023-11-24 14:15:57 - [MESSAGE][INFO] - Smart Wait Function is triggered

2023-11-24 14:15:57 - [MESSAGE][INFO] - Smart Wait Function is triggered

2023-11-24 14:15:57 - [MESSAGE][INFO] - Smart Wait Function is triggered

2023-11-24 14:15:57 - [MESSAGE][INFO] - Smart Wait Function is triggered

2023-11-24 14:15:57 - [MESSAGE][INFO] - Smart Wait Function is triggered

2023-11-24 14:15:58 - [MESSAGE][INFO] - Smart Wait Function is triggered

2023-11-24 14:15:58 - [MESSAGE][INFO] - Smart Wait Function is triggered

2023-11-24 14:15:58 - [MESSAGE][INFO] - Smart Wait Function is triggered

2023-11-24 14:15:58 - [MESSAGE][INFO] - Smart Wait Function is triggered

2023-11-24 14:15:58 - [MESSAGE][INFO] - Smart Wait Function is triggered

2023-11-24 14:15:58 - [MESSAGE][INFO] - Smart Wait Function is triggered

2023-11-24 14:15:58 - [MESSAGE][INFO] - Smart Wait Function is triggered

2023-11-24 14:15:58 - [MESSAGE][INFO] - Smart Wait Function is triggered

2023-11-24 14:15:58 - [MESSAGE][INFO] - Smart Wait Function is triggered

2023-11-24 14:15:58 - [MESSAGE][INFO] - Smart Wait Function is triggered

2023-11-24 14:15:58 - [MESSAGE][INFO] - Smart Wait Function is triggered

2023-11-24 14:15:58 - [MESSAGE][INFO] - Smart Wait Function is triggered

2023-11-24 14:15:58 - [MESSAGE][INFO] - Smart Wait Function is triggered

2023-11-24 14:15:58 - [MESSAGE][INFO] - Smart Wait Function is triggered

2023-11-24 14:15:58 - [MESSAGE][INFO] - Smart Wait Function is triggered

2023-11-24 14:15:58 - [MESSAGE][INFO] - Smart Wait Function is triggered

2023-11-24 14:15:58 - [MESSAGE][INFO] - Smart Wait Function is triggered

2023-11-24 14:15:58 - [MESSAGE][INFO] - Smart Wait Function is triggered

2023-11-24 14:15:58 - [MESSAGE][INFO] - Smart Wait Function is triggered

2023-11-24 14:15:58 - [MESSAGE][INFO] - Smart Wait Function is triggered

2023-11-24 14:15:58 - [MESSAGE][INFO] - Smart Wait Function is triggered

2023-11-24 14:15:58 - [MESSAGE][INFO] - Smart Wait Function is triggered

2023-11-24 14:15:58 - [MESSAGE][INFO] - Smart Wait Function is triggered

2023-11-24 14:15:58 - [MESSAGE][INFO] - Smart Wait Function is triggered

2023-11-24 14:15:58 - [MESSAGE][INFO] - Smart Wait Function is triggered

2023-11-24 14:15:58 - [MESSAGE][INFO] - Smart Wait Function is triggered

2023-11-24 14:15:58 - [MESSAGE][INFO] - Smart Wait Function is triggered

2023-11-24 14:15:58 - [MESSAGE][INFO] - Smart Wait Function is triggered

2023-11-24 14:15:58 - [MESSAGE][INFO] - Smart Wait Function is triggered

2023-11-24 14:15:58 - [MESSAGE][INFO] - Smart Wait Function is triggered

2023-11-24 14:15:58 - [MESSAGE][INFO] - Smart Wait Function is triggered

2023-11-24 14:15:58 - [MESSAGE][INFO] - Smart Wait Function is triggered

2023-11-24 14:15:58 - [MESSAGE][INFO] - Smart Wait Function is triggered

2023-11-24 14:15:58 - [MESSAGE][INFO] - Smart Wait Function is triggered

2023-11-24 14:15:58 - [MESSAGE][INFO] - Smart Wait Function is triggered

2023-11-24 14:15:58 - [MESSAGE][INFO] - Smart Wait Function is triggered

2023-11-24 14:15:58 - [MESSAGE][INFO] - Smart Wait Function is triggered

2023-11-24 14:15:58 - [MESSAGE][INFO] - Smart Wait Function is triggered

2023-11-24 14:15:58 - [MESSAGE][INFO] - Smart Wait Function is triggered

2023-11-24 14:15:58 - [MESSAGE][INFO] - Smart Wait Function is triggered

2023-11-24 14:15:58 - [MESSAGE][INFO] - Smart Wait Function is triggered

2023-11-24 14:15:58 - [MESSAGE][INFO] - Smart Wait Function is triggered

2023-11-24 14:15:58 - [MESSAGE][INFO] - Smart Wait Function is triggered

2023-11-24 14:15:58 - [MESSAGE][INFO] - Smart Wait Function is triggered

2023-11-24 14:15:58 - [MESSAGE][INFO] - Smart Wait Function is triggered

2023-11-24 14:15:58 - [MESSAGE][INFO] - Smart Wait Function is triggered

2023-11-24 14:15:58 - [MESSAGE][INFO] - Smart Wait Function is triggered

2023-11-24 14:15:58 - [MESSAGE][INFO] - Smart Wait Function is triggered

2023-11-24 14:15:58 - [MESSAGE][INFO] - Smart Wait Function is triggered

2023-11-24 14:15:58 - [MESSAGE][INFO] - Smart Wait Function is triggered

2023-11-24 14:15:58 - [MESSAGE][INFO] - Smart Wait Function is triggered

2023-11-24 14:15:58 - [MESSAGE][INFO] - Smart Wait Function is triggered

2023-11-24 14:15:58 - [MESSAGE][INFO] - Smart Wait Function is triggered

2023-11-24 14:15:58 - [MESSAGE][INFO] - Smart Wait Function is triggered

2023-11-24 14:15:58 - [MESSAGE][INFO] - Smart Wait Function is triggered

2023-11-24 14:15:58 - [MESSAGE][INFO] - Smart Wait Function is triggered

2023-11-24 14:15:58 - [MESSAGE][INFO] - Smart Wait Function is triggered

2023-11-24 14:15:58 - [MESSAGE][INFO] - Smart Wait Function is triggered

2023-11-24 14:15:58 - [MESSAGE][INFO] - Smart Wait Function is triggered

2023-11-24 14:15:58 - [MESSAGE][INFO] - Smart Wait Function is triggered

2023-11-24 14:15:58 - [MESSAGE][INFO] - Smart Wait Function is triggered

2023-11-24 14:15:58 - [MESSAGE][INFO] - Smart Wait Function is triggered

2023-11-24 14:15:58 - [MESSAGE][INFO] - Smart Wait Function is triggered

2023-11-24 14:15:58 - [MESSAGE][INFO] - Smart Wait Function is triggered

2023-11-24 14:15:58 - [MESSAGE][INFO] - Smart Wait Function is triggered

2023-11-24 14:15:58 - [MESSAGE][INFO] - Smart Wait Function is triggered

2023-11-24 14:15:58 - [MESSAGE][INFO] - Smart Wait Function is triggered

2023-11-24 14:15:59 - [MESSAGE][INFO] - Smart Wait Function is triggered

2023-11-24 14:15:59 - [MESSAGE][INFO] - Smart Wait Function is triggered

2023-11-24 14:15:59 - [MESSAGE][INFO] - Smart Wait Function is triggered

2023-11-24 14:15:59 - [MESSAGE][INFO] - Smart Wait Function is triggered

2023-11-24 14:15:59 - [MESSAGE][INFO] - Smart Wait Function is triggered

2023-11-24 14:15:59 - [MESSAGE][INFO] - Smart Wait Function is triggered

2023-11-24 14:15:59 - [MESSAGE][INFO] - Smart Wait Function is triggered

2023-11-24 14:15:59 - [MESSAGE][INFO] - Smart Wait Function is triggered

2023-11-24 14:15:59 - [MESSAGE][INFO] - Smart Wait Function is triggered

2023-11-24 14:15:59 - [MESSAGE][INFO] - Smart Wait Function is triggered

2023-11-24 14:15:59 - [MESSAGE][INFO] - Smart Wait Function is triggered

2023-11-24 14:15:59 - [MESSAGE][INFO] - Smart Wait Function is triggered

2023-11-24 14:15:59 - [MESSAGE][INFO] - Smart Wait Function is triggered

2023-11-24 14:15:59 - [MESSAGE][INFO] - Smart Wait Function is triggered

2023-11-24 14:15:59 - [MESSAGE][INFO] - Smart Wait Function is triggered

2023-11-24 14:15:59 - [MESSAGE][INFO] - Smart Wait Function is triggered

2023-11-24 14:15:59 - [MESSAGE][INFO] - Smart Wait Function is triggered

2023-11-24 14:15:59 - [MESSAGE][INFO] - Smart Wait Function is triggered

2023-11-24 14:15:59 - [MESSAGE][INFO] - Smart Wait Function is triggered

2023-11-24 14:15:59 - [MESSAGE][INFO] - Smart Wait Function is triggered

2023-11-24 14:15:59 - [MESSAGE][INFO] - Smart Wait Function is triggered

2023-11-24 14:15:59 - [MESSAGE][INFO] - Smart Wait Function is triggered

2023-11-24 14:15:59 - [MESSAGE][INFO] - Smart Wait Function is triggered

2023-11-24 14:15:59 - [MESSAGE][INFO] - Smart Wait Function is triggered

2023-11-24 14:15:59 - [MESSAGE][INFO] - Smart Wait Function is triggered

2023-11-24 14:15:59 - [MESSAGE][INFO] - Smart Wait Function is triggered

2023-11-24 14:15:59 - [MESSAGE][INFO] - Smart Wait Function is triggered

2023-11-24 14:15:59 - [MESSAGE][INFO] - Smart Wait Function is triggered

2023-11-24 14:15:59 - [MESSAGE][INFO] - Smart Wait Function is triggered

2023-11-24 14:15:59 - [MESSAGE][INFO] - Smart Wait Function is triggered

2023-11-24 14:15:59 - [MESSAGE][INFO] - Smart Wait Function is triggered

2023-11-24 14:15:59 - [MESSAGE][INFO] - Smart Wait Function is triggered

2023-11-24 14:15:59 - [MESSAGE][INFO] - Smart Wait Function is triggered

2023-11-24 14:15:59 - [MESSAGE][INFO] - Smart Wait Function is triggered

2023-11-24 14:15:59 - [MESSAGE][INFO] - Smart Wait Function is triggered

2023-11-24 14:15:59 - [MESSAGE][INFO] - Smart Wait Function is triggered

2023-11-24 14:15:59 - [MESSAGE][INFO] - Smart Wait Function is triggered

2023-11-24 14:15:59 - [MESSAGE][INFO] - Smart Wait Function is triggered

2023-11-24 14:15:59 - [MESSAGE][INFO] - Smart Wait Function is triggered

2023-11-24 14:15:59 - [MESSAGE][INFO] - Smart Wait Function is triggered

2023-11-24 14:15:59 - [MESSAGE][INFO] - Smart Wait Function is triggered

2023-11-24 14:15:59 - [MESSAGE][INFO] - Smart Wait Function is triggered

2023-11-24 14:15:59 - [MESSAGE][INFO] - Smart Wait Function is triggered

2023-11-24 14:15:59 - [MESSAGE][INFO] - Smart Wait Function is triggered

2023-11-24 14:15:59 - [MESSAGE][INFO] - Smart Wait Function is triggered

2023-11-24 14:15:59 - [MESSAGE][INFO] - Smart Wait Function is triggered

2023-11-24 14:15:59 - [MESSAGE][INFO] - Unable to find the element located by 'By.xpath: //app-informations-personnelles//app-adresse-etalab//app-vls-ts-etalab//div/input|//app-informations-personnelles-shared//app-adresse-etalab//app-vls-ts-etalab//div/input'. Please recheck the objects properties to make sure the desired element is located. 

2023-11-24 14:15:59 - [MESSAGE][FAILED] - Unable to set text '3 rue des 3 moulins 77000 melun' of object 'Object Repository/Page_InformationPersonnelles_Usager/Input_AdresseUsager' (Root cause: com.kms.katalon.core.exception.StepFailedException: Unable to set text '3 rue des 3 moulins 77000 melun' of object 'Object Repository/Page_InformationPersonnelles_Usager/Input_AdresseUsager'
	at com.kms.katalon.core.webui.keyword.internal.WebUIKeywordMain.stepFailed(WebUIKeywordMain.groovy:64)
	at com.kms.katalon.core.webui.keyword.internal.WebUIKeywordMain.runKeyword(WebUIKeywordMain.groovy:26)
	at com.kms.katalon.core.webui.keyword.builtin.SetTextKeyword.setText(SetTextKeyword.groovy:66)
	at com.kms.katalon.core.webui.keyword.builtin.SetTextKeyword.execute(SetTextKeyword.groovy:37)
	at com.kms.katalon.core.keyword.internal.KeywordExecutor.executeKeywordForPlatform(KeywordExecutor.groovy:74)
	at com.kms.katalon.core.webui.keyword.WebUiBuiltInKeywords.setText(WebUiBuiltInKeywords.groovy:980)
	at com.kazurayam.ksbackyard.HighlightElement$_pandemic_closure1.doCall(HighlightElement.groovy:105)
	at FormulaireInformationsPersonnelles.run(FormulaireInformationsPersonnelles:41)
	at com.kms.katalon.core.main.ScriptEngine.run(ScriptEngine.java:194)
	at com.kms.katalon.core.main.ScriptEngine.runScriptAsRawText(ScriptEngine.java:119)
	at com.kms.katalon.core.main.TestCaseExecutor.runScript(TestCaseExecutor.java:448)
	at com.kms.katalon.core.main.TestCaseExecutor.doExecute(TestCaseExecutor.java:439)
	at com.kms.katalon.core.main.TestCaseExecutor.processExecutionPhase(TestCaseExecutor.java:418)
	at com.kms.katalon.core.main.TestCaseExecutor.accessMainPhase(TestCaseExecutor.java:410)
	at com.kms.katalon.core.main.TestCaseExecutor.execute(TestCaseExecutor.java:285)
	at com.kms.katalon.core.main.TestCaseMain.runTestCase(TestCaseMain.java:144)
	at com.kms.katalon.core.keyword.builtin.CallTestCaseKeyword$_callTestCase_closure1.doCall(CallTestCaseKeyword.groovy:59)
	at com.kms.katalon.core.keyword.builtin.CallTestCaseKeyword$_callTestCase_closure1.call(CallTestCaseKeyword.groovy)
	at com.kms.katalon.core.keyword.internal.KeywordMain.runKeyword(KeywordMain.groovy:75)
	at com.kms.katalon.core.keyword.builtin.CallTestCaseKeyword.callTestCase(CallTestCaseKeyword.groovy:81)
	at com.kms.katalon.core.keyword.builtin.CallTestCaseKeyword.execute(CallTestCaseKeyword.groovy:44)
	at com.kms.katalon.core.keyword.internal.KeywordExecutor.executeKeywordForPlatform(KeywordExecutor.groovy:74)
	at com.kms.katalon.core.keyword.BuiltinKeywords.callTestCase(BuiltinKeywords.groovy:310)
	at com.kazurayam.ksbackyard.HighlightElement$_pandemic_closure1.doCall(HighlightElement.groovy:105)
	at TNR R.TSPT Supp90-Etudiant.run(TNR R.TSPT Supp90-Etudiant:47)
	at com.kms.katalon.core.main.ScriptEngine.run(ScriptEngine.java:194)
	at com.kms.katalon.core.main.ScriptEngine.runScriptAsRawText(ScriptEngine.java:119)
	at com.kms.katalon.core.main.TestCaseExecutor.runScript(TestCaseExecutor.java:448)
	at com.kms.katalon.core.main.TestCaseExecutor.doExecute(TestCaseExecutor.java:439)
	at com.kms.katalon.core.main.TestCaseExecutor.processExecutionPhase(TestCaseExecutor.java:418)
	at com.kms.katalon.core.main.TestCaseExecutor.accessMainPhase(TestCaseExecutor.java:410)
	at com.kms.katalon.core.main.TestCaseExecutor.execute(TestCaseExecutor.java:285)
	at com.kms.katalon.core.common.CommonExecutor.accessTestCaseMainPhase(CommonExecutor.java:65)
	at com.kms.katalon.core.main.TestSuiteExecutor.accessTestSuiteMainPhase(TestSuiteExecutor.java:148)
	at com.kms.katalon.core.main.TestSuiteExecutor.execute(TestSuiteExecutor.java:106)
	at com.kms.katalon.core.main.TestCaseMain.startTestSuite(TestCaseMain.java:187)
	at com.kms.katalon.core.main.TestCaseMain$startTestSuite$0.call(Unknown Source)
	at TempTestSuite1700831548882.run(TempTestSuite1700831548882.groovy:36)
Caused by: com.kms.katalon.core.webui.exception.WebElementNotFoundException: Web element with id: 'Object Repository/Page_InformationPersonnelles_Usager/Input_AdresseUsager' located by '//app-informations-personnelles//app-adresse-etalab//app-vls-ts-etalab//div/input|//app-informations-personnelles-shared//app-adresse-etalab//app-vls-ts-etalab//div/input' not found
	at com.kms.katalon.core.webui.common.WebUiCommonHelper.findWebElement(WebUiCommonHelper.java:1381)
	at com.kms.katalon.core.webui.keyword.internal.WebUIAbstractKeyword.findWebElement(WebUIAbstractKeyword.groovy:27)
	at com.kms.katalon.core.webui.keyword.internal.WebUIAbstractKeyword.findWebElement(WebUIAbstractKeyword.groovy:26)
	at com.kms.katalon.core.webui.keyword.builtin.SetTextKeyword$_setText_closure1.doCall(SetTextKeyword.groovy:51)
	at com.kms.katalon.core.webui.keyword.builtin.SetTextKeyword$_setText_closure1.call(SetTextKeyword.groovy)
	at com.kms.katalon.core.webui.keyword.internal.WebUIKeywordMain.runKeyword(WebUIKeywordMain.groovy:20)
	at com.kms.katalon.core.webui.keyword.builtin.SetTextKeyword.setText(SetTextKeyword.groovy:66)
	at com.kms.katalon.core.webui.keyword.builtin.SetTextKeyword.execute(SetTextKeyword.groovy:37)
	at com.kms.katalon.core.keyword.internal.KeywordExecutor.executeKeywordForPlatform(KeywordExecutor.groovy:74)
	at com.kms.katalon.core.webui.keyword.WebUiBuiltInKeywords.setText(WebUiBuiltInKeywords.groovy:980)
	at com.kazurayam.ksbackyard.HighlightElement$_pandemic_closure1.doCall(HighlightElement.groovy:105)
	at Script1695813884742.run(Script1695813884742.groovy:41)
	at com.kms.katalon.core.main.ScriptEngine.run(ScriptEngine.java:194)
	at com.kms.katalon.core.main.ScriptEngine.runScriptAsRawText(ScriptEngine.java:119)
	at com.kms.katalon.core.main.TestCaseExecutor.runScript(TestCaseExecutor.java:448)
	at com.kms.katalon.core.main.TestCaseExecutor.doExecute(TestCaseExecutor.java:439)
	at com.kms.katalon.core.main.TestCaseExecutor.processExecutionPhase(TestCaseExecutor.java:418)
	at com.kms.katalon.core.main.TestCaseExecutor.accessMainPhase(TestCaseExecutor.java:410)
	at com.kms.katalon.core.main.TestCaseExecutor.execute(TestCaseExecutor.java:285)
	at com.kms.katalon.core.main.TestCaseMain.runTestCase(TestCaseMain.java:144)
	at com.kms.katalon.core.keyword.builtin.CallTestCaseKeyword$_callTestCase_closure1.doCall(CallTestCaseKeyword.groovy:59)
	at com.kms.katalon.core.keyword.builtin.CallTestCaseKeyword$_callTestCase_closure1.call(CallTestCaseKeyword.groovy)
	at com.kms.katalon.core.keyword.internal.KeywordMain.runKeyword(KeywordMain.groovy:75)
	at com.kms.katalon.core.keyword.builtin.CallTestCaseKeyword.callTestCase(CallTestCaseKeyword.groovy:81)
	at com.kms.katalon.core.keyword.builtin.CallTestCaseKeyword.execute(CallTestCaseKeyword.groovy:44)
	at com.kms.katalon.core.keyword.internal.KeywordExecutor.executeKeywordForPlatform(KeywordExecutor.groovy:74)
	at com.kms.katalon.core.keyword.BuiltinKeywords.callTestCase(BuiltinKeywords.groovy:310)
	at com.kazurayam.ksbackyard.HighlightElement$_pandemic_closure1.doCall(HighlightElement.groovy:105)
	at Script1697546404945.run(Script1697546404945.groovy:47)
	... 13 more
)
[[ATTACHMENT|C:\\Users\\ISSAM.RHARBAOUI\\git\\22_11\\ANEF-AutomatizationProject\\Reports\\20231124_141228\\TS_TNR_R.TSPT_Suppo90\\20231124_141228\\1700831759626.png]]

2023-11-24 14:15:59 - [MESSAGE][FAILED] - Unable to call Test Case 'Test Cases/Test Reutilisable/DemandeOuRenouvelle_TitreSejour/FormulaireInformationsPersonnelles' (Root cause: com.kms.katalon.core.exception.StepFailedException: Call Test Case 'Test Cases/Test Reutilisable/DemandeOuRenouvelle_TitreSejour/FormulaireInformationsPersonnelles' failed
	at com.kms.katalon.core.keyword.builtin.CallTestCaseKeyword$_callTestCase_closure1.doCall(CallTestCaseKeyword.groovy:63)
	at com.kms.katalon.core.keyword.builtin.CallTestCaseKeyword$_callTestCase_closure1.call(CallTestCaseKeyword.groovy)
	at com.kms.katalon.core.keyword.internal.KeywordMain.runKeyword(KeywordMain.groovy:75)
	at com.kms.katalon.core.keyword.builtin.CallTestCaseKeyword.callTestCase(CallTestCaseKeyword.groovy:81)
	at com.kms.katalon.core.keyword.builtin.CallTestCaseKeyword.execute(CallTestCaseKeyword.groovy:44)
	at com.kms.katalon.core.keyword.internal.KeywordExecutor.executeKeywordForPlatform(KeywordExecutor.groovy:74)
	at com.kms.katalon.core.keyword.BuiltinKeywords.callTestCase(BuiltinKeywords.groovy:310)
	at com.kazurayam.ksbackyard.HighlightElement$_pandemic_closure1.doCall(HighlightElement.groovy:105)
	at TNR R.TSPT Supp90-Etudiant.run(TNR R.TSPT Supp90-Etudiant:47)
	at com.kms.katalon.core.main.ScriptEngine.run(ScriptEngine.java:194)
	at com.kms.katalon.core.main.ScriptEngine.runScriptAsRawText(ScriptEngine.java:119)
	at com.kms.katalon.core.main.TestCaseExecutor.runScript(TestCaseExecutor.java:448)
	at com.kms.katalon.core.main.TestCaseExecutor.doExecute(TestCaseExecutor.java:439)
	at com.kms.katalon.core.main.TestCaseExecutor.processExecutionPhase(TestCaseExecutor.java:418)
	at com.kms.katalon.core.main.TestCaseExecutor.accessMainPhase(TestCaseExecutor.java:410)
	at com.kms.katalon.core.main.TestCaseExecutor.execute(TestCaseExecutor.java:285)
	at com.kms.katalon.core.common.CommonExecutor.accessTestCaseMainPhase(CommonExecutor.java:65)
	at com.kms.katalon.core.main.TestSuiteExecutor.accessTestSuiteMainPhase(TestSuiteExecutor.java:148)
	at com.kms.katalon.core.main.TestSuiteExecutor.execute(TestSuiteExecutor.java:106)
	at com.kms.katalon.core.main.TestCaseMain.startTestSuite(TestCaseMain.java:187)
	at com.kms.katalon.core.main.TestCaseMain$startTestSuite$0.call(Unknown Source)
	at TempTestSuite1700831548882.run(TempTestSuite1700831548882.groovy:36)
Caused by: com.kms.katalon.core.exception.StepFailedException: Unable to set text '3 rue des 3 moulins 77000 melun' of object 'Object Repository/Page_InformationPersonnelles_Usager/Input_AdresseUsager'
	at com.kms.katalon.core.webui.keyword.internal.WebUIKeywordMain.stepFailed(WebUIKeywordMain.groovy:64)
	at com.kms.katalon.core.webui.keyword.internal.WebUIKeywordMain.runKeyword(WebUIKeywordMain.groovy:26)
	at com.kms.katalon.core.webui.keyword.builtin.SetTextKeyword.setText(SetTextKeyword.groovy:66)
	at com.kms.katalon.core.webui.keyword.builtin.SetTextKeyword.execute(SetTextKeyword.groovy:37)
	at com.kms.katalon.core.keyword.internal.KeywordExecutor.executeKeywordForPlatform(KeywordExecutor.groovy:74)
	at com.kms.katalon.core.webui.keyword.WebUiBuiltInKeywords.setText(WebUiBuiltInKeywords.groovy:980)
	at com.kazurayam.ksbackyard.HighlightElement$_pandemic_closure1.doCall(HighlightElement.groovy:105)
	at FormulaireInformationsPersonnelles.run(FormulaireInformationsPersonnelles:41)
	at com.kms.katalon.core.main.ScriptEngine.run(ScriptEngine.java:194)
	at com.kms.katalon.core.main.ScriptEngine.runScriptAsRawText(ScriptEngine.java:119)
	at com.kms.katalon.core.main.TestCaseExecutor.runScript(TestCaseExecutor.java:448)
	at com.kms.katalon.core.main.TestCaseExecutor.doExecute(TestCaseExecutor.java:439)
	at com.kms.katalon.core.main.TestCaseExecutor.processExecutionPhase(TestCaseExecutor.java:418)
	at com.kms.katalon.core.main.TestCaseExecutor.accessMainPhase(TestCaseExecutor.java:410)
	at com.kms.katalon.core.main.TestCaseExecutor.execute(TestCaseExecutor.java:285)
	at com.kms.katalon.core.main.TestCaseMain.runTestCase(TestCaseMain.java:144)
	at com.kms.katalon.core.keyword.builtin.CallTestCaseKeyword$_callTestCase_closure1.doCall(CallTestCaseKeyword.groovy:59)
	... 21 more
Caused by: com.kms.katalon.core.webui.exception.WebElementNotFoundException: Web element with id: 'Object Repository/Page_InformationPersonnelles_Usager/Input_AdresseUsager' located by '//app-informations-personnelles//app-adresse-etalab//app-vls-ts-etalab//div/input|//app-informations-personnelles-shared//app-adresse-etalab//app-vls-ts-etalab//div/input' not found
	at com.kms.katalon.core.webui.common.WebUiCommonHelper.findWebElement(WebUiCommonHelper.java:1381)
	at com.kms.katalon.core.webui.keyword.internal.WebUIAbstractKeyword.findWebElement(WebUIAbstractKeyword.groovy:27)
	at com.kms.katalon.core.webui.keyword.internal.WebUIAbstractKeyword.findWebElement(WebUIAbstractKeyword.groovy:26)
	at com.kms.katalon.core.webui.keyword.builtin.SetTextKeyword$_setText_closure1.doCall(SetTextKeyword.groovy:51)
	at com.kms.katalon.core.webui.keyword.builtin.SetTextKeyword$_setText_closure1.call(SetTextKeyword.groovy)
	at com.kms.katalon.core.webui.keyword.internal.WebUIKeywordMain.runKeyword(WebUIKeywordMain.groovy:20)
	... 36 more
)

2023-11-24 14:16:03 - [TEST_STEP][PASSED] - Video: Video recording for test case 'Test Cases/Cas D Utilisations/Usager Etudiant/TNR R.TSPT Supp90-Etudiant' .

2023-11-24 14:16:03 - [MESSAGE][INFO] - Video recording for test case 'Test Cases/Cas D Utilisations/Usager Etudiant/TNR R.TSPT Supp90-Etudiant' .]]></system-out>
         <system-err><![CDATA[2023-11-24 14:12:33 - [TEST_CASE][FAILED] - Test Cases/Cas D Utilisations/Usager Etudiant/TNR R.TSPT Supp90-Etudiant: Test Cases/Cas D Utilisations/Usager Etudiant/TNR R.TSPT Supp90-Etudiant FAILED.
Reason:
com.kms.katalon.core.exception.StepFailedException: Call Test Case 'Test Cases/Test Reutilisable/DemandeOuRenouvelle_TitreSejour/FormulaireInformationsPersonnelles' failed
	at com.kms.katalon.core.keyword.builtin.CallTestCaseKeyword$_callTestCase_closure1.doCall(CallTestCaseKeyword.groovy:63)
	at com.kms.katalon.core.keyword.builtin.CallTestCaseKeyword$_callTestCase_closure1.call(CallTestCaseKeyword.groovy)
	at com.kms.katalon.core.keyword.internal.KeywordMain.runKeyword(KeywordMain.groovy:75)
	at com.kms.katalon.core.keyword.builtin.CallTestCaseKeyword.callTestCase(CallTestCaseKeyword.groovy:81)
	at com.kms.katalon.core.keyword.builtin.CallTestCaseKeyword.execute(CallTestCaseKeyword.groovy:44)
	at com.kms.katalon.core.keyword.internal.KeywordExecutor.executeKeywordForPlatform(KeywordExecutor.groovy:74)
	at com.kms.katalon.core.keyword.BuiltinKeywords.callTestCase(BuiltinKeywords.groovy:310)
	at com.kazurayam.ksbackyard.HighlightElement$_pandemic_closure1.doCall(HighlightElement.groovy:105)
	at TNR R.TSPT Supp90-Etudiant.run(TNR R.TSPT Supp90-Etudiant:47)
	at com.kms.katalon.core.main.ScriptEngine.run(ScriptEngine.java:194)
	at com.kms.katalon.core.main.ScriptEngine.runScriptAsRawText(ScriptEngine.java:119)
	at com.kms.katalon.core.main.TestCaseExecutor.runScript(TestCaseExecutor.java:448)
	at com.kms.katalon.core.main.TestCaseExecutor.doExecute(TestCaseExecutor.java:439)
	at com.kms.katalon.core.main.TestCaseExecutor.processExecutionPhase(TestCaseExecutor.java:418)
	at com.kms.katalon.core.main.TestCaseExecutor.accessMainPhase(TestCaseExecutor.java:410)
	at com.kms.katalon.core.main.TestCaseExecutor.execute(TestCaseExecutor.java:285)
	at com.kms.katalon.core.common.CommonExecutor.accessTestCaseMainPhase(CommonExecutor.java:65)
	at com.kms.katalon.core.main.TestSuiteExecutor.accessTestSuiteMainPhase(TestSuiteExecutor.java:148)
	at com.kms.katalon.core.main.TestSuiteExecutor.execute(TestSuiteExecutor.java:106)
	at com.kms.katalon.core.main.TestCaseMain.startTestSuite(TestCaseMain.java:187)
	at com.kms.katalon.core.main.TestCaseMain$startTestSuite$0.call(Unknown Source)
	at TempTestSuite1700831548882.run(TempTestSuite1700831548882.groovy:36)
Caused by: com.kms.katalon.core.exception.StepFailedException: Unable to set text '3 rue des 3 moulins 77000 melun' of object 'Object Repository/Page_InformationPersonnelles_Usager/Input_AdresseUsager'
	at com.kms.katalon.core.webui.keyword.internal.WebUIKeywordMain.stepFailed(WebUIKeywordMain.groovy:64)
	at com.kms.katalon.core.webui.keyword.internal.WebUIKeywordMain.runKeyword(WebUIKeywordMain.groovy:26)
	at com.kms.katalon.core.webui.keyword.builtin.SetTextKeyword.setText(SetTextKeyword.groovy:66)
	at com.kms.katalon.core.webui.keyword.builtin.SetTextKeyword.execute(SetTextKeyword.groovy:37)
	at com.kms.katalon.core.keyword.internal.KeywordExecutor.executeKeywordForPlatform(KeywordExecutor.groovy:74)
	at com.kms.katalon.core.webui.keyword.WebUiBuiltInKeywords.setText(WebUiBuiltInKeywords.groovy:980)
	at com.kazurayam.ksbackyard.HighlightElement$_pandemic_closure1.doCall(HighlightElement.groovy:105)
	at FormulaireInformationsPersonnelles.run(FormulaireInformationsPersonnelles:41)
	at com.kms.katalon.core.main.ScriptEngine.run(ScriptEngine.java:194)
	at com.kms.katalon.core.main.ScriptEngine.runScriptAsRawText(ScriptEngine.java:119)
	at com.kms.katalon.core.main.TestCaseExecutor.runScript(TestCaseExecutor.java:448)
	at com.kms.katalon.core.main.TestCaseExecutor.doExecute(TestCaseExecutor.java:439)
	at com.kms.katalon.core.main.TestCaseExecutor.processExecutionPhase(TestCaseExecutor.java:418)
	at com.kms.katalon.core.main.TestCaseExecutor.accessMainPhase(TestCaseExecutor.java:410)
	at com.kms.katalon.core.main.TestCaseExecutor.execute(TestCaseExecutor.java:285)
	at com.kms.katalon.core.main.TestCaseMain.runTestCase(TestCaseMain.java:144)
	at com.kms.katalon.core.keyword.builtin.CallTestCaseKeyword$_callTestCase_closure1.doCall(CallTestCaseKeyword.groovy:59)
	... 21 more
Caused by: com.kms.katalon.core.webui.exception.WebElementNotFoundException: Web element with id: 'Object Repository/Page_InformationPersonnelles_Usager/Input_AdresseUsager' located by '//app-informations-personnelles//app-adresse-etalab//app-vls-ts-etalab//div/input|//app-informations-personnelles-shared//app-adresse-etalab//app-vls-ts-etalab//div/input' not found
	at com.kms.katalon.core.webui.common.WebUiCommonHelper.findWebElement(WebUiCommonHelper.java:1381)
	at com.kms.katalon.core.webui.keyword.internal.WebUIAbstractKeyword.findWebElement(WebUIAbstractKeyword.groovy:27)
	at com.kms.katalon.core.webui.keyword.internal.WebUIAbstractKeyword.findWebElement(WebUIAbstractKeyword.groovy:26)
	at com.kms.katalon.core.webui.keyword.builtin.SetTextKeyword$_setText_closure1.doCall(SetTextKeyword.groovy:51)
	at com.kms.katalon.core.webui.keyword.builtin.SetTextKeyword$_setText_closure1.call(SetTextKeyword.groovy)
	at com.kms.katalon.core.webui.keyword.internal.WebUIKeywordMain.runKeyword(WebUIKeywordMain.groovy:20)
	... 36 more]]></system-err>
      </testcase>
      <system-out><![CDATA[2023-11-24 14:12:32 - [TEST_SUITE][FAILED] - TS_TNR_R.TSPT_Suppo90: Test Cases/Cas D Utilisations/Usager Etudiant/TNR R.TSPT Supp90-Etudiant FAILED.
Reason:
com.kms.katalon.core.exception.StepFailedException: Call Test Case 'Test Cases/Test Reutilisable/DemandeOuRenouvelle_TitreSejour/FormulaireInformationsPersonnelles' failed
	at com.kms.katalon.core.keyword.builtin.CallTestCaseKeyword$_callTestCase_closure1.doCall(CallTestCaseKeyword.groovy:63)
	at com.kms.katalon.core.keyword.builtin.CallTestCaseKeyword$_callTestCase_closure1.call(CallTestCaseKeyword.groovy)
	at com.kms.katalon.core.keyword.internal.KeywordMain.runKeyword(KeywordMain.groovy:75)
	at com.kms.katalon.core.keyword.builtin.CallTestCaseKeyword.callTestCase(CallTestCaseKeyword.groovy:81)
	at com.kms.katalon.core.keyword.builtin.CallTestCaseKeyword.execute(CallTestCaseKeyword.groovy:44)
	at com.kms.katalon.core.keyword.internal.KeywordExecutor.executeKeywordForPlatform(KeywordExecutor.groovy:74)
	at com.kms.katalon.core.keyword.BuiltinKeywords.callTestCase(BuiltinKeywords.groovy:310)
	at com.kazurayam.ksbackyard.HighlightElement$_pandemic_closure1.doCall(HighlightElement.groovy:105)
	at TNR R.TSPT Supp90-Etudiant.run(TNR R.TSPT Supp90-Etudiant:47)
	at com.kms.katalon.core.main.ScriptEngine.run(ScriptEngine.java:194)
	at com.kms.katalon.core.main.ScriptEngine.runScriptAsRawText(ScriptEngine.java:119)
	at com.kms.katalon.core.main.TestCaseExecutor.runScript(TestCaseExecutor.java:448)
	at com.kms.katalon.core.main.TestCaseExecutor.doExecute(TestCaseExecutor.java:439)
	at com.kms.katalon.core.main.TestCaseExecutor.processExecutionPhase(TestCaseExecutor.java:418)
	at com.kms.katalon.core.main.TestCaseExecutor.accessMainPhase(TestCaseExecutor.java:410)
	at com.kms.katalon.core.main.TestCaseExecutor.execute(TestCaseExecutor.java:285)
	at com.kms.katalon.core.common.CommonExecutor.accessTestCaseMainPhase(CommonExecutor.java:65)
	at com.kms.katalon.core.main.TestSuiteExecutor.accessTestSuiteMainPhase(TestSuiteExecutor.java:148)
	at com.kms.katalon.core.main.TestSuiteExecutor.execute(TestSuiteExecutor.java:106)
	at com.kms.katalon.core.main.TestCaseMain.startTestSuite(TestCaseMain.java:187)
	at com.kms.katalon.core.main.TestCaseMain$startTestSuite$0.call(Unknown Source)
	at TempTestSuite1700831548882.run(TempTestSuite1700831548882.groovy:36)
Caused by: com.kms.katalon.core.exception.StepFailedException: Unable to set text '3 rue des 3 moulins 77000 melun' of object 'Object Repository/Page_InformationPersonnelles_Usager/Input_AdresseUsager'
	at com.kms.katalon.core.webui.keyword.internal.WebUIKeywordMain.stepFailed(WebUIKeywordMain.groovy:64)
	at com.kms.katalon.core.webui.keyword.internal.WebUIKeywordMain.runKeyword(WebUIKeywordMain.groovy:26)
	at com.kms.katalon.core.webui.keyword.builtin.SetTextKeyword.setText(SetTextKeyword.groovy:66)
	at com.kms.katalon.core.webui.keyword.builtin.SetTextKeyword.execute(SetTextKeyword.groovy:37)
	at com.kms.katalon.core.keyword.internal.KeywordExecutor.executeKeywordForPlatform(KeywordExecutor.groovy:74)
	at com.kms.katalon.core.webui.keyword.WebUiBuiltInKeywords.setText(WebUiBuiltInKeywords.groovy:980)
	at com.kazurayam.ksbackyard.HighlightElement$_pandemic_closure1.doCall(HighlightElement.groovy:105)
	at FormulaireInformationsPersonnelles.run(FormulaireInformationsPersonnelles:41)
	at com.kms.katalon.core.main.ScriptEngine.run(ScriptEngine.java:194)
	at com.kms.katalon.core.main.ScriptEngine.runScriptAsRawText(ScriptEngine.java:119)
	at com.kms.katalon.core.main.TestCaseExecutor.runScript(TestCaseExecutor.java:448)
	at com.kms.katalon.core.main.TestCaseExecutor.doExecute(TestCaseExecutor.java:439)
	at com.kms.katalon.core.main.TestCaseExecutor.processExecutionPhase(TestCaseExecutor.java:418)
	at com.kms.katalon.core.main.TestCaseExecutor.accessMainPhase(TestCaseExecutor.java:410)
	at com.kms.katalon.core.main.TestCaseExecutor.execute(TestCaseExecutor.java:285)
	at com.kms.katalon.core.main.TestCaseMain.runTestCase(TestCaseMain.java:144)
	at com.kms.katalon.core.keyword.builtin.CallTestCaseKeyword$_callTestCase_closure1.doCall(CallTestCaseKeyword.groovy:59)
	... 21 more
Caused by: com.kms.katalon.core.webui.exception.WebElementNotFoundException: Web element with id: 'Object Repository/Page_InformationPersonnelles_Usager/Input_AdresseUsager' located by '//app-informations-personnelles//app-adresse-etalab//app-vls-ts-etalab//div/input|//app-informations-personnelles-shared//app-adresse-etalab//app-vls-ts-etalab//div/input' not found
	at com.kms.katalon.core.webui.common.WebUiCommonHelper.findWebElement(WebUiCommonHelper.java:1381)
	at com.kms.katalon.core.webui.keyword.internal.WebUIAbstractKeyword.findWebElement(WebUIAbstractKeyword.groovy:27)
	at com.kms.katalon.core.webui.keyword.internal.WebUIAbstractKeyword.findWebElement(WebUIAbstractKeyword.groovy:26)
	at com.kms.katalon.core.webui.keyword.builtin.SetTextKeyword$_setText_closure1.doCall(SetTextKeyword.groovy:51)
	at com.kms.katalon.core.webui.keyword.builtin.SetTextKeyword$_setText_closure1.call(SetTextKeyword.groovy)
	at com.kms.katalon.core.webui.keyword.internal.WebUIKeywordMain.runKeyword(WebUIKeywordMain.groovy:20)
	... 36 more]]></system-out>
      <system-err><![CDATA[2023-11-24 14:12:32 - [TEST_SUITE][FAILED] - TS_TNR_R.TSPT_Suppo90: Test Cases/Cas D Utilisations/Usager Etudiant/TNR R.TSPT Supp90-Etudiant FAILED.
Reason:
com.kms.katalon.core.exception.StepFailedException: Call Test Case 'Test Cases/Test Reutilisable/DemandeOuRenouvelle_TitreSejour/FormulaireInformationsPersonnelles' failed
	at com.kms.katalon.core.keyword.builtin.CallTestCaseKeyword$_callTestCase_closure1.doCall(CallTestCaseKeyword.groovy:63)
	at com.kms.katalon.core.keyword.builtin.CallTestCaseKeyword$_callTestCase_closure1.call(CallTestCaseKeyword.groovy)
	at com.kms.katalon.core.keyword.internal.KeywordMain.runKeyword(KeywordMain.groovy:75)
	at com.kms.katalon.core.keyword.builtin.CallTestCaseKeyword.callTestCase(CallTestCaseKeyword.groovy:81)
	at com.kms.katalon.core.keyword.builtin.CallTestCaseKeyword.execute(CallTestCaseKeyword.groovy:44)
	at com.kms.katalon.core.keyword.internal.KeywordExecutor.executeKeywordForPlatform(KeywordExecutor.groovy:74)
	at com.kms.katalon.core.keyword.BuiltinKeywords.callTestCase(BuiltinKeywords.groovy:310)
	at com.kazurayam.ksbackyard.HighlightElement$_pandemic_closure1.doCall(HighlightElement.groovy:105)
	at TNR R.TSPT Supp90-Etudiant.run(TNR R.TSPT Supp90-Etudiant:47)
	at com.kms.katalon.core.main.ScriptEngine.run(ScriptEngine.java:194)
	at com.kms.katalon.core.main.ScriptEngine.runScriptAsRawText(ScriptEngine.java:119)
	at com.kms.katalon.core.main.TestCaseExecutor.runScript(TestCaseExecutor.java:448)
	at com.kms.katalon.core.main.TestCaseExecutor.doExecute(TestCaseExecutor.java:439)
	at com.kms.katalon.core.main.TestCaseExecutor.processExecutionPhase(TestCaseExecutor.java:418)
	at com.kms.katalon.core.main.TestCaseExecutor.accessMainPhase(TestCaseExecutor.java:410)
	at com.kms.katalon.core.main.TestCaseExecutor.execute(TestCaseExecutor.java:285)
	at com.kms.katalon.core.common.CommonExecutor.accessTestCaseMainPhase(CommonExecutor.java:65)
	at com.kms.katalon.core.main.TestSuiteExecutor.accessTestSuiteMainPhase(TestSuiteExecutor.java:148)
	at com.kms.katalon.core.main.TestSuiteExecutor.execute(TestSuiteExecutor.java:106)
	at com.kms.katalon.core.main.TestCaseMain.startTestSuite(TestCaseMain.java:187)
	at com.kms.katalon.core.main.TestCaseMain$startTestSuite$0.call(Unknown Source)
	at TempTestSuite1700831548882.run(TempTestSuite1700831548882.groovy:36)
Caused by: com.kms.katalon.core.exception.StepFailedException: Unable to set text '3 rue des 3 moulins 77000 melun' of object 'Object Repository/Page_InformationPersonnelles_Usager/Input_AdresseUsager'
	at com.kms.katalon.core.webui.keyword.internal.WebUIKeywordMain.stepFailed(WebUIKeywordMain.groovy:64)
	at com.kms.katalon.core.webui.keyword.internal.WebUIKeywordMain.runKeyword(WebUIKeywordMain.groovy:26)
	at com.kms.katalon.core.webui.keyword.builtin.SetTextKeyword.setText(SetTextKeyword.groovy:66)
	at com.kms.katalon.core.webui.keyword.builtin.SetTextKeyword.execute(SetTextKeyword.groovy:37)
	at com.kms.katalon.core.keyword.internal.KeywordExecutor.executeKeywordForPlatform(KeywordExecutor.groovy:74)
	at com.kms.katalon.core.webui.keyword.WebUiBuiltInKeywords.setText(WebUiBuiltInKeywords.groovy:980)
	at com.kazurayam.ksbackyard.HighlightElement$_pandemic_closure1.doCall(HighlightElement.groovy:105)
	at FormulaireInformationsPersonnelles.run(FormulaireInformationsPersonnelles:41)
	at com.kms.katalon.core.main.ScriptEngine.run(ScriptEngine.java:194)
	at com.kms.katalon.core.main.ScriptEngine.runScriptAsRawText(ScriptEngine.java:119)
	at com.kms.katalon.core.main.TestCaseExecutor.runScript(TestCaseExecutor.java:448)
	at com.kms.katalon.core.main.TestCaseExecutor.doExecute(TestCaseExecutor.java:439)
	at com.kms.katalon.core.main.TestCaseExecutor.processExecutionPhase(TestCaseExecutor.java:418)
	at com.kms.katalon.core.main.TestCaseExecutor.accessMainPhase(TestCaseExecutor.java:410)
	at com.kms.katalon.core.main.TestCaseExecutor.execute(TestCaseExecutor.java:285)
	at com.kms.katalon.core.main.TestCaseMain.runTestCase(TestCaseMain.java:144)
	at com.kms.katalon.core.keyword.builtin.CallTestCaseKeyword$_callTestCase_closure1.doCall(CallTestCaseKeyword.groovy:59)
	... 21 more
Caused by: com.kms.katalon.core.webui.exception.WebElementNotFoundException: Web element with id: 'Object Repository/Page_InformationPersonnelles_Usager/Input_AdresseUsager' located by '//app-informations-personnelles//app-adresse-etalab//app-vls-ts-etalab//div/input|//app-informations-personnelles-shared//app-adresse-etalab//app-vls-ts-etalab//div/input' not found
	at com.kms.katalon.core.webui.common.WebUiCommonHelper.findWebElement(WebUiCommonHelper.java:1381)
	at com.kms.katalon.core.webui.keyword.internal.WebUIAbstractKeyword.findWebElement(WebUIAbstractKeyword.groovy:27)
	at com.kms.katalon.core.webui.keyword.internal.WebUIAbstractKeyword.findWebElement(WebUIAbstractKeyword.groovy:26)
	at com.kms.katalon.core.webui.keyword.builtin.SetTextKeyword$_setText_closure1.doCall(SetTextKeyword.groovy:51)
	at com.kms.katalon.core.webui.keyword.builtin.SetTextKeyword$_setText_closure1.call(SetTextKeyword.groovy)
	at com.kms.katalon.core.webui.keyword.internal.WebUIKeywordMain.runKeyword(WebUIKeywordMain.groovy:20)
	... 36 more]]></system-err>
   </testsuite>
</testsuites>
