<?xml version="1.0" encoding="UTF-8"?>
<testsuites name="TS_TNR_R.TSPT_Suppo90" time="298.16" tests="2" failures="1" errors="0">
   <testsuite name="TS_TNR_R.TSPT_Suppo90" tests="2" failures="1" errors="0" time="298.16" skipped="0" timestamp="2023-11-22 09:54:01" hostname="hhizaoui - FRLFK0635000045.corp.capgemini.com" id="Test Suites/TS_TNR_R.TSPT_Suppo90">
      <properties>
         <property name="deviceName" value=""/>
         <property name="devicePlatform" value=""/>
         <property name="logFolder" value="C:\\Users\\hhizaoui\\.git\\NewProject29092023\\Nouveau dossier1\\21_11\\ANEF-AutomatizationProject\\Reports\\20231122_095358\\TS_TNR_R.TSPT_Suppo90\\20231122_095358"/>
         <property name="logFiles" value="C:\\Users\\hhizaoui\\.git\\NewProject29092023\\Nouveau dossier1\\21_11\\ANEF-AutomatizationProject\\Reports\\20231122_095358\\TS_TNR_R.TSPT_Suppo90\\20231122_095358\\execution0.log"/>
         <property name="attachments" value="C:\\Users\\hhizaoui\\.git\\NewProject29092023\\Nouveau dossier1\\21_11\\ANEF-AutomatizationProject\\Reports\\20231122_095358\\TS_TNR_R.TSPT_Suppo90\\20231122_095358\\1700643353621.png, C:\\Users\\hhizaoui\\.git\\NewProject29092023\\Nouveau dossier1\\21_11\\ANEF-AutomatizationProject\\Reports\\20231122_095358\\TS_TNR_R.TSPT_Suppo90\\20231122_095358\\1700643357522.png, C:\\Users\\hhizaoui\\.git\\NewProject29092023\\Nouveau dossier1\\21_11\\ANEF-AutomatizationProject\\Reports\\20231122_095358\\TS_TNR_R.TSPT_Suppo90\\20231122_095358\\1700643361808.png, C:\\Users\\hhizaoui\\.git\\NewProject29092023\\Nouveau dossier1\\21_11\\ANEF-AutomatizationProject\\Reports\\20231122_095358\\TS_TNR_R.TSPT_Suppo90\\20231122_095358\\1700643521705.png, C:\\Users\\hhizaoui\\.git\\NewProject29092023\\Nouveau dossier1\\21_11\\ANEF-AutomatizationProject\\Reports\\20231122_095358\\TS_TNR_R.TSPT_Suppo90\\20231122_095358\\1700643535967.png, C:\\Users\\hhizaoui\\.git\\NewProject29092023\\Nouveau dossier1\\21_11\\ANEF-AutomatizationProject\\Reports\\20231122_095358\\TS_TNR_R.TSPT_Suppo90\\20231122_095358\\1700643536138.png"/>
         <property name="hostName" value="hhizaoui - FRLFK0635000045.corp.capgemini.com"/>
         <property name="os" value="Windows 10 64bit"/>
         <property name="katalonVersion" value="8.6.6.208"/>
         <property name="browser" value="Chrome 119.0.0.0"/>
         <property name="hostAddress" value="192.168.0.14"/>
         <property name="sessionId" value="a9f9ea6d14dbf0abdc842c3c6c18b0fc"/>
         <property name="seleniumVersion" value="3.141.59"/>
         <property name="proxyInformation" value="ProxyInformation { proxyOption=USE_SYSTEM, proxyServerType=HTTP, username=, password=********, proxyServerAddress=127.0.0.1, proxyServerPort=8082, executionList=&quot;&quot;, isApplyToDesiredCapabilities=true }"/>
         <property name="platform" value="Windows 10"/>
      </properties>
      <testcase name="Test Cases/Cas D Utilisations/Usager Etudiant/TNR R.TSPT Supp90-Etudiant" time="267.893" classname="Test Cases/Cas D Utilisations/Usager Etudiant/TNR R.TSPT Supp90-Etudiant" status="PASSED">
         <system-out><![CDATA[2023-11-22 09:54:02 - [TEST_CASE][PASSED] - Test Cases/Cas D Utilisations/Usager Etudiant/TNR R.TSPT Supp90-Etudiant: Test Cases/Cas D Utilisations/Usager Etudiant/TNR R.TSPT Supp90-Etudiant

2023-11-22 09:54:03 - [TEST_STEP][PASSED] - com.kazurayam.ksbackyard.HighlightElement.pandemic(): com.kazurayam.ksbackyard.HighlightElement.pandemic is PASSED

2023-11-22 09:54:03 - [MESSAGE][PASSED] - com.kazurayam.ksbackyard.HighlightElement.pandemic is PASSED

2023-11-22 09:54:03 - [TEST_STEP][PASSED] - callTestCase(findTestCase("Test Reutilisable/Main/Lancer URL ANEF"), ["Profiles":"Usager", "EnvExec":EnvExec], STOP_ON_FAILURE): Call Test Case 'Test Cases/Test Reutilisable/Main/Lancer URL ANEF' successfully

2023-11-22 09:54:03 - [MESSAGE][INFO] - Checking called Test Case

2023-11-22 09:54:03 - [MESSAGE][INFO] - Starting to call Test Case 'Test Cases/Test Reutilisable/Main/Lancer URL ANEF'

2023-11-22 09:54:03 - [TEST_CASE][PASSED] - Test Cases/Test Reutilisable/Main/Lancer URL ANEF: Test Cases/Test Reutilisable/Main/Lancer URL ANEF

2023-11-22 09:54:06 - [TEST_STEP][PASSED] - "RunConfiguration: getProjectDir for LogDriver ": null

2023-11-22 09:54:06 - [TEST_STEP][PASSED] - RunBrowserConfiguration = getExecutionProperties(): null

2023-11-22 09:54:06 - [TEST_STEP][PASSED] - DriverName = "": null

2023-11-22 09:54:06 - [TEST_STEP][PASSED] - openBrowser(""): Browser is opened with url: ''

2023-11-22 09:54:06 - [MESSAGE][INFO] - Opening browser

2023-11-22 09:54:06 - [MESSAGE][INFO] - Starting 'Chrome' driver

2023-11-22 09:54:06 - [MESSAGE][INFO] - User set preference: ['args', '[--incognito, --start-maximized, --remote-allow-origins=*]']

2023-11-22 09:54:06 - [MESSAGE][INFO] - User set preference: ['prefs', '{download.default_directory=${GlobalVariable.downloadPath}, download_dir=${GlobalVariable.downloadPath}, download.prompt_for_download=false}']

2023-11-22 09:54:06 - [MESSAGE][INFO] - User set preference: ['loggingPrefs', '{browser=ALL}']

2023-11-22 09:54:06 - [MESSAGE][INFO] - Action delay is set to 2Â 000 milliseconds

2023-11-22 09:54:09 - [MESSAGE][PASSED] - Browser is opened with url: ''

2023-11-22 09:54:09 - [TEST_STEP][PASSED] - driver = getWebDriver(): null

2023-11-22 09:54:09 - [TEST_STEP][PASSED] - wrappedDriver = driver.getWrappedDriver(): null

2023-11-22 09:54:09 - [TEST_STEP][PASSED] - out.println(wrappedDriver.getClass()): null

2023-11-22 09:54:09 - [TEST_STEP][PASSED] - if (class == com.kms.katalon.selenium.driver.CRemoteWebDriver): null

2023-11-22 09:54:09 - [TEST_STEP][PASSED] - if (class == "CRemoteWebDriver"): null

2023-11-22 09:54:09 - [TEST_STEP][PASSED] - else: null

2023-11-22 09:54:09 - [TEST_STEP][PASSED] - DriverName = get("WebUI").get("browserType"): null

2023-11-22 09:54:09 - [TEST_STEP][PASSED] - println("DriverName :" + DriverName): null

2023-11-22 09:54:09 - [TEST_STEP][PASSED] - println("Driverpath :" + RunBrowserConfiguration.get("drivers")): null

2023-11-22 09:54:10 - [TEST_STEP][PASSED] - DriverName = DriverName: null

2023-11-22 09:54:10 - [TEST_STEP][PASSED] - delay(medium_wait): Delayed 3 second(s)

2023-11-22 09:54:10 - [MESSAGE][INFO] - Delaying browser in 3 second(s)

2023-11-22 09:54:13 - [MESSAGE][PASSED] - Delayed 3 second(s)

2023-11-22 09:54:13 - [TEST_STEP][PASSED] - executedBrowser = getExecutedBrowser(): null

2023-11-22 09:54:13 - [TEST_STEP][PASSED] - if (Profiles == "Usager"): null

2023-11-22 09:54:13 - [TEST_STEP][PASSED] - switch (DriverName): null

2023-11-22 09:54:13 - [TEST_STEP][PASSED] - case "CHROME_DRIVER":: null

2023-11-22 09:54:13 - [TEST_STEP][PASSED] - if (EnvExec == "URL_ANEFQualif"): Navigate to 'https://qualif.administration-etrangers-en-france.interieur.gouv.fr/particuliers/#/' successfully

2023-11-22 09:54:13 - [TEST_STEP][PASSED] - navigateToUrl(URL_ANEFQualif): Navigate to 'https://qualif.administration-etrangers-en-france.interieur.gouv.fr/particuliers/#/' successfully

2023-11-22 09:54:13 - [MESSAGE][INFO] - Checking url

2023-11-22 09:54:13 - [MESSAGE][INFO] - Navigating to 'https://qualif.administration-etrangers-en-france.interieur.gouv.fr/particuliers/#/'

2023-11-22 09:54:16 - [MESSAGE][PASSED] - Navigate to 'https://qualif.administration-etrangers-en-france.interieur.gouv.fr/particuliers/#/' successfully

2023-11-22 09:54:16 - [TEST_STEP][PASSED] - if (EnvExec == "URL_ANEFPreProd"): null

2023-11-22 09:54:16 - [TEST_STEP][PASSED] - maximizeWindow(): Current window maximized

2023-11-22 09:54:16 - [MESSAGE][INFO] - Maximizing current window

2023-11-22 09:54:16 - [MESSAGE][PASSED] - Current window maximized

2023-11-22 09:54:16 - [TEST_STEP][PASSED] - System.setProperty("webdriver.chrome.driver", getChromeDriverPath()): null

2023-11-22 09:54:16 - [TEST_STEP][PASSED] - System.setProperty("webdriver.chrome.logfile", getProjectDir() + "/Dump/chromedriver.log"): null

2023-11-22 09:54:16 - [TEST_STEP][PASSED] - callTestCase(findTestCase("Test Reutilisable/Main/Erreur lie a la confidentialite"), [:], STOP_ON_FAILURE): Call Test Case 'Test Cases/Test Reutilisable/Main/Erreur lie a la confidentialite' successfully

2023-11-22 09:54:16 - [MESSAGE][INFO] - Checking called Test Case

2023-11-22 09:54:16 - [MESSAGE][INFO] - Starting to call Test Case 'Test Cases/Test Reutilisable/Main/Erreur lie a la confidentialite'

2023-11-22 09:54:16 - [TEST_CASE][PASSED] - Test Cases/Test Reutilisable/Main/Erreur lie a la confidentialite: Test Cases/Test Reutilisable/Main/Erreur lie a la confidentialite

2023-11-22 09:54:17 - [TEST_STEP][PASSED] - tools.WaitForLoadedPage.waitForElementRendering(): tools.WaitForLoadedPage.waitForElementRendering is PASSED

2023-11-22 09:54:17 - [MESSAGE][PASSED] - tools.WaitForLoadedPage.waitForElementRendering is PASSED

2023-11-22 09:54:17 - [TEST_STEP][PASSED] - "Call Highlight.on() automatically": null

2023-11-22 09:54:17 - [TEST_STEP][PASSED] - DriverName = DriverName: null

2023-11-22 09:54:17 - [TEST_STEP][PASSED] - if (DriverName == "CHROME_DRIVER" || "EDGE_CHROMIUM_DRIVER" || "HEADLESS_DRIVER"): null

2023-11-22 09:54:17 - [TEST_STEP][PASSED] - if (verifyElementPresent(findTestObject("Object Repository/Connexion Usager/Btn_Parametres Avances"), 2, OPTIONAL)): null

2023-11-22 09:54:17 - [MESSAGE][INFO] - Finding Test Object 'Object Repository/Connexion Usager/Btn_Parametres Avances'

2023-11-22 09:54:17 - [MESSAGE][INFO] - Checking object

2023-11-22 09:54:17 - [MESSAGE][INFO] - Finding web element from Test Object's properties

2023-11-22 09:54:17 - [MESSAGE][INFO] - Checking timeout

2023-11-22 09:54:17 - [MESSAGE][INFO] - Finding web element with id: 'Object Repository/Connexion Usager/Btn_Parametres Avances' located by 'By.xpath: //*[@id="details-button"]' in '2' second(s)

2023-11-22 09:54:17 - [MESSAGE][INFO] - Smart Wait Function is triggered

2023-11-22 09:54:17 - [MESSAGE][INFO] - Found 1 web elements with id: 'Object Repository/Connexion Usager/Btn_Parametres Avances' located by 'By.xpath: //*[@id="details-button"]' in '2' second(s)

2023-11-22 09:54:17 - [MESSAGE][PASSED] - Object 'Object Repository/Connexion Usager/Btn_Parametres Avances' is present

2023-11-22 09:54:17 - [TEST_STEP][PASSED] - click(findTestObject("Object Repository/Connexion Usager/Btn_Parametres Avances"), OPTIONAL): Object: 'Object Repository/Connexion Usager/Btn_Parametres Avances' is clicked on

2023-11-22 09:54:17 - [MESSAGE][INFO] - Finding Test Object 'Object Repository/Connexion Usager/Btn_Parametres Avances'

2023-11-22 09:54:17 - [MESSAGE][INFO] - Checking timeout

2023-11-22 09:54:17 - [MESSAGE][INFO] - Finding web element with id: 'Object Repository/Connexion Usager/Btn_Parametres Avances' located by 'By.xpath: //*[@id="details-button"]' in '20' second(s)

2023-11-22 09:54:17 - [MESSAGE][INFO] - Smart Wait Function is triggered

2023-11-22 09:54:17 - [MESSAGE][INFO] - Found 1 web elements with id: 'Object Repository/Connexion Usager/Btn_Parametres Avances' located by 'By.xpath: //*[@id="details-button"]' in '20' second(s)

2023-11-22 09:54:17 - [MESSAGE][INFO] - Checking object

2023-11-22 09:54:17 - [MESSAGE][INFO] - Checking timeout

2023-11-22 09:54:17 - [MESSAGE][INFO] - Finding web element from Test Object's properties

2023-11-22 09:54:17 - [MESSAGE][INFO] - Checking timeout

2023-11-22 09:54:17 - [MESSAGE][INFO] - Finding web element with id: 'Object Repository/Connexion Usager/Btn_Parametres Avances' located by 'By.xpath: //*[@id="details-button"]' in '5' second(s)

2023-11-22 09:54:17 - [MESSAGE][INFO] - Smart Wait Function is triggered

2023-11-22 09:54:17 - [MESSAGE][INFO] - Found 1 web elements with id: 'Object Repository/Connexion Usager/Btn_Parametres Avances' located by 'By.xpath: //*[@id="details-button"]' in '5' second(s)

2023-11-22 09:54:17 - [MESSAGE][INFO] - Clicking on object: 'Object Repository/Connexion Usager/Btn_Parametres Avances'

2023-11-22 09:54:19 - [MESSAGE][PASSED] - Object: 'Object Repository/Connexion Usager/Btn_Parametres Avances' is clicked on

2023-11-22 09:54:19 - [TEST_STEP][PASSED] - click(findTestObject("Object Repository/Connexion Usager/Link_Proceed-Link"), OPTIONAL): Object: 'Object Repository/Connexion Usager/Link_Proceed-Link' is clicked on

2023-11-22 09:54:19 - [MESSAGE][INFO] - Finding Test Object 'Object Repository/Connexion Usager/Link_Proceed-Link'

2023-11-22 09:54:19 - [MESSAGE][INFO] - Checking timeout

2023-11-22 09:54:19 - [MESSAGE][INFO] - Finding web element with id: 'Object Repository/Connexion Usager/Link_Proceed-Link' located by 'By.xpath: //*[@id="proceed-link"]' in '20' second(s)

2023-11-22 09:54:19 - [MESSAGE][INFO] - Smart Wait Function is triggered

2023-11-22 09:54:19 - [MESSAGE][INFO] - Found 1 web elements with id: 'Object Repository/Connexion Usager/Link_Proceed-Link' located by 'By.xpath: //*[@id="proceed-link"]' in '20' second(s)

2023-11-22 09:54:19 - [MESSAGE][INFO] - Checking object

2023-11-22 09:54:19 - [MESSAGE][INFO] - Checking timeout

2023-11-22 09:54:19 - [MESSAGE][INFO] - Finding web element from Test Object's properties

2023-11-22 09:54:19 - [MESSAGE][INFO] - Checking timeout

2023-11-22 09:54:19 - [MESSAGE][INFO] - Finding web element with id: 'Object Repository/Connexion Usager/Link_Proceed-Link' located by 'By.xpath: //*[@id="proceed-link"]' in '5' second(s)

2023-11-22 09:54:19 - [MESSAGE][INFO] - Smart Wait Function is triggered

2023-11-22 09:54:19 - [MESSAGE][INFO] - Found 1 web elements with id: 'Object Repository/Connexion Usager/Link_Proceed-Link' located by 'By.xpath: //*[@id="proceed-link"]' in '5' second(s)

2023-11-22 09:54:19 - [MESSAGE][INFO] - Clicking on object: 'Object Repository/Connexion Usager/Link_Proceed-Link'

2023-11-22 09:54:21 - [MESSAGE][PASSED] - Object: 'Object Repository/Connexion Usager/Link_Proceed-Link' is clicked on

2023-11-22 09:54:21 - [TEST_STEP][PASSED] - if (DriverName == "IE_DRIVER"): null

2023-11-22 09:54:21 - [TEST_STEP][PASSED] - delay(3): Delayed 3 second(s)

2023-11-22 09:54:21 - [MESSAGE][INFO] - Delaying browser in 3 second(s)

2023-11-22 09:54:24 - [MESSAGE][PASSED] - Delayed 3 second(s)

2023-11-22 09:54:24 - [MESSAGE][PASSED] - Call Test Case 'Test Cases/Test Reutilisable/Main/Erreur lie a la confidentialite' successfully

2023-11-22 09:54:24 - [TEST_STEP][PASSED] - delay(5): Delayed 5 second(s)

2023-11-22 09:54:24 - [MESSAGE][INFO] - Delaying browser in 5 second(s)

2023-11-22 09:54:29 - [MESSAGE][PASSED] - Delayed 5 second(s)

2023-11-22 09:54:29 - [TEST_STEP][PASSED] - verifyElementVisible(findTestObject("Object Repository/Connexion Usager/Link_Se Connecter"), STOP_ON_FAILURE): Object 'Object Repository/Connexion Usager/Link_Se Connecter' is visible

2023-11-22 09:54:29 - [MESSAGE][INFO] - Finding Test Object 'Object Repository/Connexion Usager/Link_Se Connecter'

2023-11-22 09:54:30 - [MESSAGE][INFO] - Checking object

2023-11-22 09:54:30 - [MESSAGE][INFO] - Finding web element from Test Object's properties

2023-11-22 09:54:30 - [MESSAGE][INFO] - Checking timeout

2023-11-22 09:54:30 - [MESSAGE][INFO] - Finding web element with id: 'Object Repository/Connexion Usager/Link_Se Connecter' located by 'By.xpath: //*[@id="connexion_link"]' in '5' second(s)

2023-11-22 09:54:30 - [MESSAGE][INFO] - Smart Wait Function is triggered

2023-11-22 09:54:30 - [MESSAGE][INFO] - Found 1 web elements with id: 'Object Repository/Connexion Usager/Link_Se Connecter' located by 'By.xpath: //*[@id="connexion_link"]' in '5' second(s)

2023-11-22 09:54:30 - [MESSAGE][PASSED] - Object 'Object Repository/Connexion Usager/Link_Se Connecter' is visible

2023-11-22 09:54:30 - [TEST_STEP][PASSED] - break: null

2023-11-22 09:54:30 - [TEST_STEP][PASSED] - if (Profiles == "Agent"): null

2023-11-22 09:54:30 - [TEST_STEP][PASSED] - else: null

2023-11-22 09:54:30 - [TEST_STEP][PASSED] - println("VÃ©rifier le Portail de votre connexion Usager ou Agent"): null

2023-11-22 09:54:30 - [MESSAGE][PASSED] - Call Test Case 'Test Cases/Test Reutilisable/Main/Lancer URL ANEF' successfully

2023-11-22 09:54:30 - [TEST_STEP][PASSED] - if (StopTestCase == false): Call Test Case 'Test Cases/Test Reutilisable/DemandeOuRenouvelle_TitreSejour/FormulaireConfirmation' successfully

2023-11-22 09:54:30 - [TEST_STEP][PASSED] - callTestCase(findTestCase("Test Reutilisable/Main/Identification"), ["Profiles":"Usager", "NumEtrangerVisa":NumEtrangerVisa], STOP_ON_FAILURE): Call Test Case 'Test Cases/Test Reutilisable/Main/Identification' successfully

2023-11-22 09:54:30 - [MESSAGE][INFO] - Checking called Test Case

2023-11-22 09:54:30 - [MESSAGE][INFO] - Starting to call Test Case 'Test Cases/Test Reutilisable/Main/Identification'

2023-11-22 09:54:30 - [TEST_CASE][PASSED] - Test Cases/Test Reutilisable/Main/Identification: Test Cases/Test Reutilisable/Main/Identification

2023-11-22 09:54:30 - [TEST_STEP][PASSED] - if (Profiles == "Usager"): Object 'Object Repository/Page_Accueil_Usager/Span_MesNotifications' is present

2023-11-22 09:54:30 - [TEST_STEP][PASSED] - delay(5): Delayed 5 second(s)

2023-11-22 09:54:30 - [MESSAGE][INFO] - Delaying browser in 5 second(s)

2023-11-22 09:54:35 - [MESSAGE][PASSED] - Delayed 5 second(s)

2023-11-22 09:54:35 - [TEST_STEP][PASSED] - click(findTestObject("Object Repository/Connexion Usager/Link_Se Connecter")): Object: 'Object Repository/Connexion Usager/Link_Se Connecter' is clicked on

2023-11-22 09:54:35 - [MESSAGE][INFO] - Finding Test Object 'Object Repository/Connexion Usager/Link_Se Connecter'

2023-11-22 09:54:35 - [MESSAGE][INFO] - Checking timeout

2023-11-22 09:54:35 - [MESSAGE][INFO] - Finding web element with id: 'Object Repository/Connexion Usager/Link_Se Connecter' located by 'By.xpath: //*[@id="connexion_link"]' in '20' second(s)

2023-11-22 09:54:35 - [MESSAGE][INFO] - Smart Wait Function is triggered

2023-11-22 09:54:35 - [MESSAGE][INFO] - Found 1 web elements with id: 'Object Repository/Connexion Usager/Link_Se Connecter' located by 'By.xpath: //*[@id="connexion_link"]' in '20' second(s)

2023-11-22 09:54:35 - [MESSAGE][INFO] - Checking object

2023-11-22 09:54:35 - [MESSAGE][INFO] - Checking timeout

2023-11-22 09:54:35 - [MESSAGE][INFO] - Finding web element from Test Object's properties

2023-11-22 09:54:35 - [MESSAGE][INFO] - Checking timeout

2023-11-22 09:54:35 - [MESSAGE][INFO] - Finding web element with id: 'Object Repository/Connexion Usager/Link_Se Connecter' located by 'By.xpath: //*[@id="connexion_link"]' in '5' second(s)

2023-11-22 09:54:35 - [MESSAGE][INFO] - Smart Wait Function is triggered

2023-11-22 09:54:35 - [MESSAGE][INFO] - Found 1 web elements with id: 'Object Repository/Connexion Usager/Link_Se Connecter' located by 'By.xpath: //*[@id="connexion_link"]' in '5' second(s)

2023-11-22 09:54:35 - [MESSAGE][INFO] - Clicking on object: 'Object Repository/Connexion Usager/Link_Se Connecter'

2023-11-22 09:54:38 - [MESSAGE][PASSED] - Object: 'Object Repository/Connexion Usager/Link_Se Connecter' is clicked on

2023-11-22 09:54:38 - [TEST_STEP][PASSED] - callTestCase(findTestCase("Test Reutilisable/Main/Erreur lie a la confidentialite"), [:], STOP_ON_FAILURE): Call Test Case 'Test Cases/Test Reutilisable/Main/Erreur lie a la confidentialite' successfully

2023-11-22 09:54:38 - [MESSAGE][INFO] - Checking called Test Case

2023-11-22 09:54:38 - [MESSAGE][INFO] - Starting to call Test Case 'Test Cases/Test Reutilisable/Main/Erreur lie a la confidentialite'

2023-11-22 09:54:38 - [TEST_CASE][PASSED] - Test Cases/Test Reutilisable/Main/Erreur lie a la confidentialite: Test Cases/Test Reutilisable/Main/Erreur lie a la confidentialite

2023-11-22 09:54:38 - [TEST_STEP][PASSED] - tools.WaitForLoadedPage.waitForElementRendering(): tools.WaitForLoadedPage.waitForElementRendering is PASSED

2023-11-22 09:54:38 - [MESSAGE][PASSED] - tools.WaitForLoadedPage.waitForElementRendering is PASSED

2023-11-22 09:54:38 - [TEST_STEP][PASSED] - "Call Highlight.on() automatically": null

2023-11-22 09:54:38 - [TEST_STEP][PASSED] - DriverName = DriverName: null

2023-11-22 09:54:38 - [TEST_STEP][PASSED] - if (DriverName == "CHROME_DRIVER" || "EDGE_CHROMIUM_DRIVER" || "HEADLESS_DRIVER"): null

2023-11-22 09:54:38 - [TEST_STEP][PASSED] - if (verifyElementPresent(findTestObject("Object Repository/Connexion Usager/Btn_Parametres Avances"), 2, OPTIONAL)): null

2023-11-22 09:54:38 - [MESSAGE][INFO] - Finding Test Object 'Object Repository/Connexion Usager/Btn_Parametres Avances'

2023-11-22 09:54:38 - [MESSAGE][INFO] - Checking object

2023-11-22 09:54:38 - [MESSAGE][INFO] - Finding web element from Test Object's properties

2023-11-22 09:54:38 - [MESSAGE][INFO] - Checking timeout

2023-11-22 09:54:38 - [MESSAGE][INFO] - Finding web element with id: 'Object Repository/Connexion Usager/Btn_Parametres Avances' located by 'By.xpath: //*[@id="details-button"]' in '2' second(s)

2023-11-22 09:54:38 - [MESSAGE][INFO] - Smart Wait Function is triggered

2023-11-22 09:54:38 - [MESSAGE][INFO] - Found 1 web elements with id: 'Object Repository/Connexion Usager/Btn_Parametres Avances' located by 'By.xpath: //*[@id="details-button"]' in '2' second(s)

2023-11-22 09:54:38 - [MESSAGE][PASSED] - Object 'Object Repository/Connexion Usager/Btn_Parametres Avances' is present

2023-11-22 09:54:38 - [TEST_STEP][PASSED] - click(findTestObject("Object Repository/Connexion Usager/Btn_Parametres Avances"), OPTIONAL): Object: 'Object Repository/Connexion Usager/Btn_Parametres Avances' is clicked on

2023-11-22 09:54:38 - [MESSAGE][INFO] - Finding Test Object 'Object Repository/Connexion Usager/Btn_Parametres Avances'

2023-11-22 09:54:38 - [MESSAGE][INFO] - Checking timeout

2023-11-22 09:54:38 - [MESSAGE][INFO] - Finding web element with id: 'Object Repository/Connexion Usager/Btn_Parametres Avances' located by 'By.xpath: //*[@id="details-button"]' in '20' second(s)

2023-11-22 09:54:38 - [MESSAGE][INFO] - Smart Wait Function is triggered

2023-11-22 09:54:38 - [MESSAGE][INFO] - Found 1 web elements with id: 'Object Repository/Connexion Usager/Btn_Parametres Avances' located by 'By.xpath: //*[@id="details-button"]' in '20' second(s)

2023-11-22 09:54:38 - [MESSAGE][INFO] - Checking object

2023-11-22 09:54:38 - [MESSAGE][INFO] - Checking timeout

2023-11-22 09:54:38 - [MESSAGE][INFO] - Finding web element from Test Object's properties

2023-11-22 09:54:38 - [MESSAGE][INFO] - Checking timeout

2023-11-22 09:54:38 - [MESSAGE][INFO] - Finding web element with id: 'Object Repository/Connexion Usager/Btn_Parametres Avances' located by 'By.xpath: //*[@id="details-button"]' in '5' second(s)

2023-11-22 09:54:38 - [MESSAGE][INFO] - Smart Wait Function is triggered

2023-11-22 09:54:38 - [MESSAGE][INFO] - Found 1 web elements with id: 'Object Repository/Connexion Usager/Btn_Parametres Avances' located by 'By.xpath: //*[@id="details-button"]' in '5' second(s)

2023-11-22 09:54:38 - [MESSAGE][INFO] - Clicking on object: 'Object Repository/Connexion Usager/Btn_Parametres Avances'

2023-11-22 09:54:40 - [MESSAGE][PASSED] - Object: 'Object Repository/Connexion Usager/Btn_Parametres Avances' is clicked on

2023-11-22 09:54:40 - [TEST_STEP][PASSED] - click(findTestObject("Object Repository/Connexion Usager/Link_Proceed-Link"), OPTIONAL): Object: 'Object Repository/Connexion Usager/Link_Proceed-Link' is clicked on

2023-11-22 09:54:40 - [MESSAGE][INFO] - Finding Test Object 'Object Repository/Connexion Usager/Link_Proceed-Link'

2023-11-22 09:54:40 - [MESSAGE][INFO] - Checking timeout

2023-11-22 09:54:40 - [MESSAGE][INFO] - Finding web element with id: 'Object Repository/Connexion Usager/Link_Proceed-Link' located by 'By.xpath: //*[@id="proceed-link"]' in '20' second(s)

2023-11-22 09:54:40 - [MESSAGE][INFO] - Smart Wait Function is triggered

2023-11-22 09:54:40 - [MESSAGE][INFO] - Found 1 web elements with id: 'Object Repository/Connexion Usager/Link_Proceed-Link' located by 'By.xpath: //*[@id="proceed-link"]' in '20' second(s)

2023-11-22 09:54:40 - [MESSAGE][INFO] - Checking object

2023-11-22 09:54:40 - [MESSAGE][INFO] - Checking timeout

2023-11-22 09:54:40 - [MESSAGE][INFO] - Finding web element from Test Object's properties

2023-11-22 09:54:40 - [MESSAGE][INFO] - Checking timeout

2023-11-22 09:54:40 - [MESSAGE][INFO] - Finding web element with id: 'Object Repository/Connexion Usager/Link_Proceed-Link' located by 'By.xpath: //*[@id="proceed-link"]' in '5' second(s)

2023-11-22 09:54:40 - [MESSAGE][INFO] - Smart Wait Function is triggered

2023-11-22 09:54:40 - [MESSAGE][INFO] - Found 1 web elements with id: 'Object Repository/Connexion Usager/Link_Proceed-Link' located by 'By.xpath: //*[@id="proceed-link"]' in '5' second(s)

2023-11-22 09:54:40 - [MESSAGE][INFO] - Clicking on object: 'Object Repository/Connexion Usager/Link_Proceed-Link'

2023-11-22 09:54:43 - [MESSAGE][PASSED] - Object: 'Object Repository/Connexion Usager/Link_Proceed-Link' is clicked on

2023-11-22 09:54:43 - [TEST_STEP][PASSED] - if (DriverName == "IE_DRIVER"): null

2023-11-22 09:54:43 - [TEST_STEP][PASSED] - delay(3): Delayed 3 second(s)

2023-11-22 09:54:43 - [MESSAGE][INFO] - Delaying browser in 3 second(s)

2023-11-22 09:54:46 - [MESSAGE][PASSED] - Delayed 3 second(s)

2023-11-22 09:54:46 - [MESSAGE][PASSED] - Call Test Case 'Test Cases/Test Reutilisable/Main/Erreur lie a la confidentialite' successfully

2023-11-22 09:54:46 - [TEST_STEP][PASSED] - delay(5): Delayed 5 second(s)

2023-11-22 09:54:46 - [MESSAGE][INFO] - Delaying browser in 5 second(s)

2023-11-22 09:54:51 - [MESSAGE][PASSED] - Delayed 5 second(s)

2023-11-22 09:54:51 - [TEST_STEP][PASSED] - setText(findTestObject("Object Repository/Connexion Usager/Input_Identifiant"), NumEtrangerVisa): Text '7703040790' is set on object 'Object Repository/Connexion Usager/Input_Identifiant'

2023-11-22 09:54:51 - [MESSAGE][INFO] - Finding Test Object 'Object Repository/Connexion Usager/Input_Identifiant'

2023-11-22 09:54:51 - [MESSAGE][INFO] - Checking timeout

2023-11-22 09:54:51 - [MESSAGE][INFO] - Finding web element with id: 'Object Repository/Connexion Usager/Input_Identifiant' located by 'By.xpath: //*[@id="login"]' in '20' second(s)

2023-11-22 09:54:51 - [MESSAGE][INFO] - Smart Wait Function is triggered

2023-11-22 09:54:51 - [MESSAGE][INFO] - Found 1 web elements with id: 'Object Repository/Connexion Usager/Input_Identifiant' located by 'By.xpath: //*[@id="login"]' in '20' second(s)

2023-11-22 09:54:51 - [MESSAGE][INFO] - Checking object

2023-11-22 09:54:51 - [MESSAGE][INFO] - Checking text

2023-11-22 09:54:51 - [MESSAGE][INFO] - Finding web element from Test Object's properties

2023-11-22 09:54:51 - [MESSAGE][INFO] - Checking timeout

2023-11-22 09:54:51 - [MESSAGE][INFO] - Finding web element with id: 'Object Repository/Connexion Usager/Input_Identifiant' located by 'By.xpath: //*[@id="login"]' in '5' second(s)

2023-11-22 09:54:51 - [MESSAGE][INFO] - Smart Wait Function is triggered

2023-11-22 09:54:51 - [MESSAGE][INFO] - Found 1 web elements with id: 'Object Repository/Connexion Usager/Input_Identifiant' located by 'By.xpath: //*[@id="login"]' in '5' second(s)

2023-11-22 09:54:51 - [MESSAGE][INFO] - Clearing text of object 'Object Repository/Connexion Usager/Input_Identifiant'

2023-11-22 09:54:53 - [MESSAGE][INFO] - Finding web element from Test Object's properties

2023-11-22 09:54:53 - [MESSAGE][INFO] - Checking timeout

2023-11-22 09:54:53 - [MESSAGE][INFO] - Finding web element with id: 'Object Repository/Connexion Usager/Input_Identifiant' located by 'By.xpath: //*[@id="login"]' in '5' second(s)

2023-11-22 09:54:53 - [MESSAGE][INFO] - Smart Wait Function is triggered

2023-11-22 09:54:53 - [MESSAGE][INFO] - Found 1 web elements with id: 'Object Repository/Connexion Usager/Input_Identifiant' located by 'By.xpath: //*[@id="login"]' in '5' second(s)

2023-11-22 09:54:53 - [MESSAGE][INFO] - Setting text of object 'Object Repository/Connexion Usager/Input_Identifiant' to value '7703040790'

2023-11-22 09:54:55 - [MESSAGE][PASSED] - Text '7703040790' is set on object 'Object Repository/Connexion Usager/Input_Identifiant'

2023-11-22 09:54:55 - [TEST_STEP][PASSED] - NumEtrangerVisa = NumEtrangerVisa: null

2023-11-22 09:54:55 - [TEST_STEP][PASSED] - setEncryptedText(findTestObject("Object Repository/Connexion Usager/Input_MDP"), Password): Text ****** has been set on object 'Object Repository/Connexion Usager/Input_MDP'

2023-11-22 09:54:55 - [MESSAGE][INFO] - Finding Test Object 'Object Repository/Connexion Usager/Input_MDP'

2023-11-22 09:54:55 - [MESSAGE][INFO] - Checking timeout

2023-11-22 09:54:55 - [MESSAGE][INFO] - Finding web element with id: 'Object Repository/Connexion Usager/Input_MDP' located by 'By.xpath: //*[@id="password"]' in '20' second(s)

2023-11-22 09:54:55 - [MESSAGE][INFO] - Smart Wait Function is triggered

2023-11-22 09:54:55 - [MESSAGE][INFO] - Found 1 web elements with id: 'Object Repository/Connexion Usager/Input_MDP' located by 'By.xpath: //*[@id="password"]' in '20' second(s)

2023-11-22 09:54:55 - [MESSAGE][INFO] - Checking object

2023-11-22 09:54:55 - [MESSAGE][INFO] - Checking text

2023-11-22 09:54:55 - [MESSAGE][INFO] - Finding web element from Test Object's properties

2023-11-22 09:54:55 - [MESSAGE][INFO] - Checking timeout

2023-11-22 09:54:55 - [MESSAGE][INFO] - Finding web element with id: 'Object Repository/Connexion Usager/Input_MDP' located by 'By.xpath: //*[@id="password"]' in '5' second(s)

2023-11-22 09:54:55 - [MESSAGE][INFO] - Smart Wait Function is triggered

2023-11-22 09:54:55 - [MESSAGE][INFO] - Found 1 web elements with id: 'Object Repository/Connexion Usager/Input_MDP' located by 'By.xpath: //*[@id="password"]' in '5' second(s)

2023-11-22 09:54:55 - [MESSAGE][INFO] - Clearing text of object 'Object Repository/Connexion Usager/Input_MDP'

2023-11-22 09:54:57 - [MESSAGE][INFO] - Setting  text of object 'Object Repository/Connexion Usager/Input_MDP' to value ******

2023-11-22 09:54:59 - [MESSAGE][PASSED] - Text ****** has been set on object 'Object Repository/Connexion Usager/Input_MDP'

2023-11-22 09:54:59 - [TEST_STEP][PASSED] - click(findTestObject("Object Repository/Connexion Usager/btn_Sidentifier")): Object: 'Object Repository/Connexion Usager/btn_Sidentifier' is clicked on

2023-11-22 09:54:59 - [MESSAGE][INFO] - Finding Test Object 'Object Repository/Connexion Usager/btn_Sidentifier'

2023-11-22 09:54:59 - [MESSAGE][INFO] - Checking timeout

2023-11-22 09:54:59 - [MESSAGE][INFO] - Finding web element with id: 'Object Repository/Connexion Usager/btn_Sidentifier' located by 'By.xpath: //*[@type= 'submit']' in '20' second(s)

2023-11-22 09:54:59 - [MESSAGE][INFO] - Smart Wait Function is triggered

2023-11-22 09:54:59 - [MESSAGE][INFO] - Found 1 web elements with id: 'Object Repository/Connexion Usager/btn_Sidentifier' located by 'By.xpath: //*[@type= 'submit']' in '20' second(s)

2023-11-22 09:54:59 - [MESSAGE][INFO] - Checking object

2023-11-22 09:54:59 - [MESSAGE][INFO] - Checking timeout

2023-11-22 09:54:59 - [MESSAGE][INFO] - Finding web element from Test Object's properties

2023-11-22 09:54:59 - [MESSAGE][INFO] - Checking timeout

2023-11-22 09:54:59 - [MESSAGE][INFO] - Finding web element with id: 'Object Repository/Connexion Usager/btn_Sidentifier' located by 'By.xpath: //*[@type= 'submit']' in '5' second(s)

2023-11-22 09:54:59 - [MESSAGE][INFO] - Smart Wait Function is triggered

2023-11-22 09:54:59 - [MESSAGE][INFO] - Found 1 web elements with id: 'Object Repository/Connexion Usager/btn_Sidentifier' located by 'By.xpath: //*[@type= 'submit']' in '5' second(s)

2023-11-22 09:54:59 - [MESSAGE][INFO] - Clicking on object: 'Object Repository/Connexion Usager/btn_Sidentifier'

2023-11-22 09:55:03 - [MESSAGE][PASSED] - Object: 'Object Repository/Connexion Usager/btn_Sidentifier' is clicked on

2023-11-22 09:55:03 - [TEST_STEP][PASSED] - delay(15): Delayed 15 second(s)

2023-11-22 09:55:03 - [MESSAGE][INFO] - Delaying browser in 15 second(s)

2023-11-22 09:55:18 - [MESSAGE][PASSED] - Delayed 15 second(s)

2023-11-22 09:55:18 - [TEST_STEP][PASSED] - verifyElementPresent(findTestObject("Object Repository/Page_Accueil_Usager/Span_MesNotifications"), 2, STOP_ON_FAILURE): Object 'Object Repository/Page_Accueil_Usager/Span_MesNotifications' is present

2023-11-22 09:55:18 - [MESSAGE][INFO] - Finding Test Object 'Object Repository/Page_Accueil_Usager/Span_MesNotifications'

2023-11-22 09:55:18 - [MESSAGE][INFO] - Checking object

2023-11-22 09:55:18 - [MESSAGE][INFO] - Finding web element from Test Object's properties

2023-11-22 09:55:18 - [MESSAGE][INFO] - Checking timeout

2023-11-22 09:55:18 - [MESSAGE][INFO] - Finding web element with id: 'Object Repository/Page_Accueil_Usager/Span_MesNotifications' located by 'By.xpath: //*[@id="navBar-new"]/nav/div[3]/div/div/ul/li[1]/a/span' in '2' second(s)

2023-11-22 09:55:18 - [MESSAGE][INFO] - Smart Wait Function is triggered

2023-11-22 09:55:18 - [MESSAGE][INFO] - Found 1 web elements with id: 'Object Repository/Page_Accueil_Usager/Span_MesNotifications' located by 'By.xpath: //*[@id="navBar-new"]/nav/div[3]/div/div/ul/li[1]/a/span' in '2' second(s)

2023-11-22 09:55:18 - [MESSAGE][PASSED] - Object 'Object Repository/Page_Accueil_Usager/Span_MesNotifications' is present

2023-11-22 09:55:18 - [TEST_STEP][PASSED] - if (Profiles == "Agent"): null

2023-11-22 09:55:18 - [TEST_STEP][PASSED] - else: null

2023-11-22 09:55:18 - [TEST_STEP][PASSED] - println("VÃ©rifier le Portail de votre connexion Usager ou Agent"): null

2023-11-22 09:55:18 - [MESSAGE][PASSED] - Call Test Case 'Test Cases/Test Reutilisable/Main/Identification' successfully

2023-11-22 09:55:18 - [TEST_STEP][PASSED] - callTestCase(findTestCase("Test Reutilisable/DemandeOuRenouvelle_TitreSejour/DemandeOuRenouvelleTitreSejour"), [:], STOP_ON_FAILURE): Call Test Case 'Test Cases/Test Reutilisable/DemandeOuRenouvelle_TitreSejour/DemandeOuRenouvelleTitreSejour' successfully

2023-11-22 09:55:18 - [MESSAGE][INFO] - Checking called Test Case

2023-11-22 09:55:18 - [MESSAGE][INFO] - Starting to call Test Case 'Test Cases/Test Reutilisable/DemandeOuRenouvelle_TitreSejour/DemandeOuRenouvelleTitreSejour'

2023-11-22 09:55:18 - [TEST_CASE][PASSED] - Test Cases/Test Reutilisable/DemandeOuRenouvelle_TitreSejour/DemandeOuRenouvelleTitreSejour: Test Cases/Test Reutilisable/DemandeOuRenouvelle_TitreSejour/DemandeOuRenouvelleTitreSejour

2023-11-22 09:55:18 - [TEST_STEP][PASSED] - com.kazurayam.ksbackyard.HighlightElement.pandemic(): com.kazurayam.ksbackyard.HighlightElement.pandemic is PASSED

2023-11-22 09:55:18 - [MESSAGE][PASSED] - com.kazurayam.ksbackyard.HighlightElement.pandemic is PASSED

2023-11-22 09:55:18 - [TEST_STEP][PASSED] - delay(3): Delayed 3 second(s)

2023-11-22 09:55:18 - [MESSAGE][INFO] - Delaying browser in 3 second(s)

2023-11-22 09:55:21 - [MESSAGE][PASSED] - Delayed 3 second(s)

2023-11-22 09:55:21 - [TEST_STEP][PASSED] - doubleClick(findTestObject("Object Repository/Page_Accueil_Usager/btn_DemandeOuRenouvelleTitreSejour")): Object: 'Object Repository/Page_Accueil_Usager/btn_DemandeOuRenouvelleTitreSejour' is double clicked on

2023-11-22 09:55:21 - [MESSAGE][INFO] - Finding Test Object 'Object Repository/Page_Accueil_Usager/btn_DemandeOuRenouvelleTitreSejour'

2023-11-22 09:55:21 - [MESSAGE][INFO] - Checking object

2023-11-22 09:55:21 - [MESSAGE][INFO] - Finding web element from Test Object's properties

2023-11-22 09:55:21 - [MESSAGE][INFO] - Checking timeout

2023-11-22 09:55:21 - [MESSAGE][INFO] - Finding web element with id: 'Object Repository/Page_Accueil_Usager/btn_DemandeOuRenouvelleTitreSejour' located by 'By.xpath: //app-portal//app-portal-root/app-default-root-content/div/div/anef-tile[1]/a/span/span[2]' in '5' second(s)

2023-11-22 09:55:21 - [MESSAGE][INFO] - Smart Wait Function is triggered

2023-11-22 09:55:21 - [MESSAGE][INFO] - Found 1 web elements with id: 'Object Repository/Page_Accueil_Usager/btn_DemandeOuRenouvelleTitreSejour' located by 'By.xpath: //app-portal//app-portal-root/app-default-root-content/div/div/anef-tile[1]/a/span/span[2]' in '5' second(s)

2023-11-22 09:55:21 - [MESSAGE][INFO] - Double clicking on object: 'Object Repository/Page_Accueil_Usager/btn_DemandeOuRenouvelleTitreSejour'

2023-11-22 09:55:22 - [MESSAGE][PASSED] - Object: 'Object Repository/Page_Accueil_Usager/btn_DemandeOuRenouvelleTitreSejour' is double clicked on

2023-11-22 09:55:22 - [TEST_STEP][PASSED] - delay(3): Delayed 3 second(s)

2023-11-22 09:55:22 - [MESSAGE][INFO] - Delaying browser in 3 second(s)

2023-11-22 09:55:25 - [MESSAGE][PASSED] - Delayed 3 second(s)

2023-11-22 09:55:25 - [TEST_STEP][PASSED] - switch (PourQui): null

2023-11-22 09:55:25 - [TEST_STEP][PASSED] - case "Moi-mÃªme":: null

2023-11-22 09:55:25 - [TEST_STEP][PASSED] - check(findTestObject("Object Repository/Page_Accueil_Usager/CheckBox_Moi-meme")): Object 'Object Repository/Page_Accueil_Usager/CheckBox_Moi-meme' is checked

2023-11-22 09:55:25 - [MESSAGE][INFO] - Finding Test Object 'Object Repository/Page_Accueil_Usager/CheckBox_Moi-meme'

2023-11-22 09:55:25 - [MESSAGE][INFO] - Checking object

2023-11-22 09:55:25 - [MESSAGE][INFO] - Finding web element from Test Object's properties

2023-11-22 09:55:25 - [MESSAGE][INFO] - Checking timeout

2023-11-22 09:55:25 - [MESSAGE][INFO] - Finding web element with id: 'Object Repository/Page_Accueil_Usager/CheckBox_Moi-meme' located by 'By.xpath: //*/div[1]/app-radio-tree-button/div/p-radiobutton/div/div[2]/span' in '5' second(s)

2023-11-22 09:55:25 - [MESSAGE][INFO] - Smart Wait Function is triggered

2023-11-22 09:55:25 - [MESSAGE][INFO] - Found 1 web elements with id: 'Object Repository/Page_Accueil_Usager/CheckBox_Moi-meme' located by 'By.xpath: //*/div[1]/app-radio-tree-button/div/p-radiobutton/div/div[2]/span' in '5' second(s)

2023-11-22 09:55:25 - [MESSAGE][INFO] - Checking on bject 'Object Repository/Page_Accueil_Usager/CheckBox_Moi-meme'

2023-11-22 09:55:27 - [MESSAGE][PASSED] - Object 'Object Repository/Page_Accueil_Usager/CheckBox_Moi-meme' is checked

2023-11-22 09:55:27 - [TEST_STEP][PASSED] - break: null

2023-11-22 09:55:27 - [TEST_STEP][PASSED] - click(findTestObject("Object Repository/Page_Accueil_Usager/btn_JeContinue")): Object: 'Object Repository/Page_Accueil_Usager/btn_JeContinue' is clicked on

2023-11-22 09:55:27 - [MESSAGE][INFO] - Finding Test Object 'Object Repository/Page_Accueil_Usager/btn_JeContinue'

2023-11-22 09:55:27 - [MESSAGE][INFO] - Checking timeout

2023-11-22 09:55:27 - [MESSAGE][INFO] - Finding web element with id: 'Object Repository/Page_Accueil_Usager/btn_JeContinue' located by 'By.xpath: //*[@ng-reflect-label='Je continue']|/html/body/app-root/div/app-portal/main/app-triage-demandeur/div/div/div/form/div[2]/button/span' in '20' second(s)

2023-11-22 09:55:27 - [MESSAGE][INFO] - Smart Wait Function is triggered

2023-11-22 09:55:27 - [MESSAGE][INFO] - Found 2 web elements with id: 'Object Repository/Page_Accueil_Usager/btn_JeContinue' located by 'By.xpath: //*[@ng-reflect-label='Je continue']|/html/body/app-root/div/app-portal/main/app-triage-demandeur/div/div/div/form/div[2]/button/span' in '20' second(s)

2023-11-22 09:55:27 - [MESSAGE][INFO] - Checking object

2023-11-22 09:55:27 - [MESSAGE][INFO] - Checking timeout

2023-11-22 09:55:27 - [MESSAGE][INFO] - Finding web element from Test Object's properties

2023-11-22 09:55:27 - [MESSAGE][INFO] - Checking timeout

2023-11-22 09:55:27 - [MESSAGE][INFO] - Finding web element with id: 'Object Repository/Page_Accueil_Usager/btn_JeContinue' located by 'By.xpath: //*[@ng-reflect-label='Je continue']|/html/body/app-root/div/app-portal/main/app-triage-demandeur/div/div/div/form/div[2]/button/span' in '5' second(s)

2023-11-22 09:55:27 - [MESSAGE][INFO] - Smart Wait Function is triggered

2023-11-22 09:55:27 - [MESSAGE][INFO] - Found 2 web elements with id: 'Object Repository/Page_Accueil_Usager/btn_JeContinue' located by 'By.xpath: //*[@ng-reflect-label='Je continue']|/html/body/app-root/div/app-portal/main/app-triage-demandeur/div/div/div/form/div[2]/button/span' in '5' second(s)

2023-11-22 09:55:27 - [MESSAGE][INFO] - Clicking on object: 'Object Repository/Page_Accueil_Usager/btn_JeContinue'

2023-11-22 09:55:29 - [MESSAGE][PASSED] - Object: 'Object Repository/Page_Accueil_Usager/btn_JeContinue' is clicked on

2023-11-22 09:55:29 - [MESSAGE][PASSED] - Call Test Case 'Test Cases/Test Reutilisable/DemandeOuRenouvelle_TitreSejour/DemandeOuRenouvelleTitreSejour' successfully

2023-11-22 09:55:29 - [TEST_STEP][PASSED] - callTestCase(findTestCase("Test Reutilisable/DemandeOuRenouvelle_TitreSejour/FormulaireTypeDeTitreDeSejour"), ["TypeTitreDeSejour":TypeTitreDeSejour, "Titre":Titre], STOP_ON_FAILURE): Call Test Case 'Test Cases/Test Reutilisable/DemandeOuRenouvelle_TitreSejour/FormulaireTypeDeTitreDeSejour' successfully

2023-11-22 09:55:29 - [MESSAGE][INFO] - Checking called Test Case

2023-11-22 09:55:29 - [MESSAGE][INFO] - Starting to call Test Case 'Test Cases/Test Reutilisable/DemandeOuRenouvelle_TitreSejour/FormulaireTypeDeTitreDeSejour'

2023-11-22 09:55:29 - [TEST_CASE][PASSED] - Test Cases/Test Reutilisable/DemandeOuRenouvelle_TitreSejour/FormulaireTypeDeTitreDeSejour: Test Cases/Test Reutilisable/DemandeOuRenouvelle_TitreSejour/FormulaireTypeDeTitreDeSejour

2023-11-22 09:55:30 - [TEST_STEP][PASSED] - com.kazurayam.ksbackyard.HighlightElement.pandemic(): com.kazurayam.ksbackyard.HighlightElement.pandemic is PASSED

2023-11-22 09:55:30 - [MESSAGE][PASSED] - com.kazurayam.ksbackyard.HighlightElement.pandemic is PASSED

2023-11-22 09:55:30 - [TEST_STEP][PASSED] - delay(10): Delayed 10 second(s)

2023-11-22 09:55:30 - [MESSAGE][INFO] - Delaying browser in 10 second(s)

2023-11-22 09:55:40 - [MESSAGE][PASSED] - Delayed 10 second(s)

2023-11-22 09:55:40 - [TEST_STEP][PASSED] - switch (TypeTitreDeSejour): null

2023-11-22 09:55:40 - [TEST_STEP][PASSED] - case "ArtisteSalarie":: null

2023-11-22 09:55:40 - [TEST_STEP][PASSED] - if (Titre == "Visiteur" || Titre == "Etudiant"): Object: 'Object Repository/Page_DemarcheRenouvellement/Btn_JeContinue' is clicked on

2023-11-22 09:55:40 - [TEST_STEP][PASSED] - check(findTestObject("Object Repository/Page_DemarcheRenouvellement/CheckBox_SolliciteTS_PasseportTalent")): Object 'Object Repository/Page_DemarcheRenouvellement/CheckBox_SolliciteTS_PasseportTalent' is checked

2023-11-22 09:55:40 - [MESSAGE][INFO] - Finding Test Object 'Object Repository/Page_DemarcheRenouvellement/CheckBox_SolliciteTS_PasseportTalent'

2023-11-22 09:55:40 - [MESSAGE][INFO] - Checking object

2023-11-22 09:55:40 - [MESSAGE][INFO] - Finding web element from Test Object's properties

2023-11-22 09:55:40 - [MESSAGE][INFO] - Checking timeout

2023-11-22 09:55:40 - [MESSAGE][INFO] - Finding web element with id: 'Object Repository/Page_DemarcheRenouvellement/CheckBox_SolliciteTS_PasseportTalent' located by 'By.xpath: //*/div[3]/app-radio-tree-button/div/p-radiobutton/div/div[2]/span' in '5' second(s)

2023-11-22 09:55:40 - [MESSAGE][INFO] - Smart Wait Function is triggered

2023-11-22 09:55:40 - [MESSAGE][INFO] - Found 1 web elements with id: 'Object Repository/Page_DemarcheRenouvellement/CheckBox_SolliciteTS_PasseportTalent' located by 'By.xpath: //*/div[3]/app-radio-tree-button/div/p-radiobutton/div/div[2]/span' in '5' second(s)

2023-11-22 09:55:40 - [MESSAGE][INFO] - Checking on bject 'Object Repository/Page_DemarcheRenouvellement/CheckBox_SolliciteTS_PasseportTalent'

2023-11-22 09:55:42 - [MESSAGE][PASSED] - Object 'Object Repository/Page_DemarcheRenouvellement/CheckBox_SolliciteTS_PasseportTalent' is checked

2023-11-22 09:55:42 - [TEST_STEP][PASSED] - check(findTestObject("Object Repository/Page_DemarcheRenouvellement/CheckBox_SolliciteTS_Artiste")): Object 'Object Repository/Page_DemarcheRenouvellement/CheckBox_SolliciteTS_Artiste' is checked

2023-11-22 09:55:42 - [MESSAGE][INFO] - Finding Test Object 'Object Repository/Page_DemarcheRenouvellement/CheckBox_SolliciteTS_Artiste'

2023-11-22 09:55:42 - [MESSAGE][INFO] - Checking object

2023-11-22 09:55:42 - [MESSAGE][INFO] - Finding web element from Test Object's properties

2023-11-22 09:55:42 - [MESSAGE][INFO] - Checking timeout

2023-11-22 09:55:42 - [MESSAGE][INFO] - Finding web element with id: 'Object Repository/Page_DemarcheRenouvellement/CheckBox_SolliciteTS_Artiste' located by 'By.xpath: //div/form/div[1]/div[2]/fieldset/div[3]/app-radio-tree-button/div/div/div[4]/app-radio-tree-button/div/p-radiobutton/div/div[2]/span' in '5' second(s)

2023-11-22 09:55:42 - [MESSAGE][INFO] - Smart Wait Function is triggered

2023-11-22 09:55:42 - [MESSAGE][INFO] - Found 1 web elements with id: 'Object Repository/Page_DemarcheRenouvellement/CheckBox_SolliciteTS_Artiste' located by 'By.xpath: //div/form/div[1]/div[2]/fieldset/div[3]/app-radio-tree-button/div/div/div[4]/app-radio-tree-button/div/p-radiobutton/div/div[2]/span' in '5' second(s)

2023-11-22 09:55:42 - [MESSAGE][INFO] - Checking on bject 'Object Repository/Page_DemarcheRenouvellement/CheckBox_SolliciteTS_Artiste'

2023-11-22 09:55:44 - [MESSAGE][PASSED] - Object 'Object Repository/Page_DemarcheRenouvellement/CheckBox_SolliciteTS_Artiste' is checked

2023-11-22 09:55:44 - [TEST_STEP][PASSED] - click(findTestObject("Object Repository/Page_DemarcheRenouvellement/btn_JeCommence")): Object: 'Object Repository/Page_DemarcheRenouvellement/btn_JeCommence' is clicked on

2023-11-22 09:55:44 - [MESSAGE][INFO] - Finding Test Object 'Object Repository/Page_DemarcheRenouvellement/btn_JeCommence'

2023-11-22 09:55:45 - [MESSAGE][INFO] - Checking timeout

2023-11-22 09:55:45 - [MESSAGE][INFO] - Finding web element with id: 'Object Repository/Page_DemarcheRenouvellement/btn_JeCommence' located by 'By.xpath: //app-informations-declaration//app-actions-bar//button/span[contains(.,'Je continue')]|//app-informations-demande-ptsq//app-actions-bar//button/span[contains(.,'Je continue')]|//*/div[2]/button/span|//button[@type="submit" and contains(., 'Je commence')]|//button[@type="submit" and contains(., 'Je continue')]' in '20' second(s)

2023-11-22 09:55:45 - [MESSAGE][INFO] - Smart Wait Function is triggered

2023-11-22 09:55:45 - [MESSAGE][INFO] - Found 1 web elements with id: 'Object Repository/Page_DemarcheRenouvellement/btn_JeCommence' located by 'By.xpath: //app-informations-declaration//app-actions-bar//button/span[contains(.,'Je continue')]|//app-informations-demande-ptsq//app-actions-bar//button/span[contains(.,'Je continue')]|//*/div[2]/button/span|//button[@type="submit" and contains(., 'Je commence')]|//button[@type="submit" and contains(., 'Je continue')]' in '20' second(s)

2023-11-22 09:55:45 - [MESSAGE][INFO] - Checking object

2023-11-22 09:55:45 - [MESSAGE][INFO] - Checking timeout

2023-11-22 09:55:45 - [MESSAGE][INFO] - Finding web element from Test Object's properties

2023-11-22 09:55:45 - [MESSAGE][INFO] - Checking timeout

2023-11-22 09:55:45 - [MESSAGE][INFO] - Finding web element with id: 'Object Repository/Page_DemarcheRenouvellement/btn_JeCommence' located by 'By.xpath: //app-informations-declaration//app-actions-bar//button/span[contains(.,'Je continue')]|//app-informations-demande-ptsq//app-actions-bar//button/span[contains(.,'Je continue')]|//*/div[2]/button/span|//button[@type="submit" and contains(., 'Je commence')]|//button[@type="submit" and contains(., 'Je continue')]' in '5' second(s)

2023-11-22 09:55:45 - [MESSAGE][INFO] - Smart Wait Function is triggered

2023-11-22 09:55:45 - [MESSAGE][INFO] - Found 1 web elements with id: 'Object Repository/Page_DemarcheRenouvellement/btn_JeCommence' located by 'By.xpath: //app-informations-declaration//app-actions-bar//button/span[contains(.,'Je continue')]|//app-informations-demande-ptsq//app-actions-bar//button/span[contains(.,'Je continue')]|//*/div[2]/button/span|//button[@type="submit" and contains(., 'Je commence')]|//button[@type="submit" and contains(., 'Je continue')]' in '5' second(s)

2023-11-22 09:55:45 - [MESSAGE][INFO] - Clicking on object: 'Object Repository/Page_DemarcheRenouvellement/btn_JeCommence'

2023-11-22 09:55:47 - [MESSAGE][PASSED] - Object: 'Object Repository/Page_DemarcheRenouvellement/btn_JeCommence' is clicked on

2023-11-22 09:55:47 - [TEST_STEP][PASSED] - delay(2): Delayed 2 second(s)

2023-11-22 09:55:47 - [MESSAGE][INFO] - Delaying browser in 2 second(s)

2023-11-22 09:55:49 - [MESSAGE][PASSED] - Delayed 2 second(s)

2023-11-22 09:55:49 - [TEST_STEP][PASSED] - click(findTestObject("Object Repository/Page_DemarcheRenouvellement/Btn_JeContinue")): Object: 'Object Repository/Page_DemarcheRenouvellement/Btn_JeContinue' is clicked on

2023-11-22 09:55:49 - [MESSAGE][INFO] - Finding Test Object 'Object Repository/Page_DemarcheRenouvellement/Btn_JeContinue'

2023-11-22 09:55:49 - [MESSAGE][INFO] - Checking timeout

2023-11-22 09:55:49 - [MESSAGE][INFO] - Finding web element with id: 'Object Repository/Page_DemarcheRenouvellement/Btn_JeContinue' located by 'By.xpath: //button[@type="submit" and contains(., 'Je commence')]|//span[@class="ui-button-text ui-clickable" and contains(., 'Je continue')]|//app-informations-declaration//app-actions-bar//button/span[contains(.,'Je continue')]|//app-informations-demande-ptsq//app-actions-bar//button/span[contains(.,'Je continue')]|//*/div[2]/button/span' in '20' second(s)

2023-11-22 09:55:49 - [MESSAGE][INFO] - Smart Wait Function is triggered

2023-11-22 09:55:49 - [MESSAGE][INFO] - Found 1 web elements with id: 'Object Repository/Page_DemarcheRenouvellement/Btn_JeContinue' located by 'By.xpath: //button[@type="submit" and contains(., 'Je commence')]|//span[@class="ui-button-text ui-clickable" and contains(., 'Je continue')]|//app-informations-declaration//app-actions-bar//button/span[contains(.,'Je continue')]|//app-informations-demande-ptsq//app-actions-bar//button/span[contains(.,'Je continue')]|//*/div[2]/button/span' in '20' second(s)

2023-11-22 09:55:49 - [MESSAGE][INFO] - Checking object

2023-11-22 09:55:49 - [MESSAGE][INFO] - Checking timeout

2023-11-22 09:55:49 - [MESSAGE][INFO] - Finding web element from Test Object's properties

2023-11-22 09:55:49 - [MESSAGE][INFO] - Checking timeout

2023-11-22 09:55:49 - [MESSAGE][INFO] - Finding web element with id: 'Object Repository/Page_DemarcheRenouvellement/Btn_JeContinue' located by 'By.xpath: //button[@type="submit" and contains(., 'Je commence')]|//span[@class="ui-button-text ui-clickable" and contains(., 'Je continue')]|//app-informations-declaration//app-actions-bar//button/span[contains(.,'Je continue')]|//app-informations-demande-ptsq//app-actions-bar//button/span[contains(.,'Je continue')]|//*/div[2]/button/span' in '5' second(s)

2023-11-22 09:55:49 - [MESSAGE][INFO] - Smart Wait Function is triggered

2023-11-22 09:55:49 - [MESSAGE][INFO] - Found 1 web elements with id: 'Object Repository/Page_DemarcheRenouvellement/Btn_JeContinue' located by 'By.xpath: //button[@type="submit" and contains(., 'Je commence')]|//span[@class="ui-button-text ui-clickable" and contains(., 'Je continue')]|//app-informations-declaration//app-actions-bar//button/span[contains(.,'Je continue')]|//app-informations-demande-ptsq//app-actions-bar//button/span[contains(.,'Je continue')]|//*/div[2]/button/span' in '5' second(s)

2023-11-22 09:55:49 - [MESSAGE][INFO] - Clicking on object: 'Object Repository/Page_DemarcheRenouvellement/Btn_JeContinue'

2023-11-22 09:55:51 - [MESSAGE][PASSED] - Object: 'Object Repository/Page_DemarcheRenouvellement/Btn_JeContinue' is clicked on

2023-11-22 09:55:51 - [TEST_STEP][PASSED] - break: null

2023-11-22 09:55:51 - [TEST_STEP][PASSED] - "VÃ©rification s il y a un message Erreur : Il est trop tÃ´t pour demander le renouvellement de votre titre.": null

2023-11-22 09:55:51 - [TEST_STEP][PASSED] - MsgAlertPresent = verifyElementPresent(findTestObject("Object Repository/Page_Accueil_Usager/Verif_PopUpTropTotPourDemanderLeRenouvellementDeVotreTitre"), 1, OPTIONAL): com.kms.katalon.core.webui.exception.WebElementNotFoundException: Web element with id: 'Object Repository/Page_Accueil_Usager/Verif_PopUpTropTotPourDemanderLeRenouvellementDeVotreTitre' located by '/html/body/app-root/div/app-portal/main/app-theme-v2/div/app-triage/div/div/div/form/div[2]/div/p-message/div/span[2]' not found (Root cause: com.kms.katalon.core.exception.StepFailedException: com.kms.katalon.core.webui.exception.WebElementNotFoundException: Web element with id: 'Object Repository/Page_Accueil_Usager/Verif_PopUpTropTotPourDemanderLeRenouvellementDeVotreTitre' located by '/html/body/app-root/div/app-portal/main/app-theme-v2/div/app-triage/div/div/div/form/div[2]/div/p-message/div/span[2]' not found
	at com.kms.katalon.core.webui.keyword.internal.WebUIKeywordMain.stepFailed(WebUIKeywordMain.groovy:64)
	at com.kms.katalon.core.webui.keyword.builtin.VerifyElementPresentKeyword$_verifyElementPresent_closure1.doCall(VerifyElementPresentKeyword.groovy:85)
	at com.kms.katalon.core.webui.keyword.builtin.VerifyElementPresentKeyword$_verifyElementPresent_closure1.call(VerifyElementPresentKeyword.groovy)
	at com.kms.katalon.core.webui.keyword.internal.WebUIKeywordMain.runKeyword(WebUIKeywordMain.groovy:20)
	at com.kms.katalon.core.webui.keyword.builtin.VerifyElementPresentKeyword.verifyElementPresent(VerifyElementPresentKeyword.groovy:92)
	at com.kms.katalon.core.webui.keyword.builtin.VerifyElementPresentKeyword.execute(VerifyElementPresentKeyword.groovy:68)
	at com.kms.katalon.core.keyword.internal.KeywordExecutor.executeKeywordForPlatform(KeywordExecutor.groovy:74)
	at com.kms.katalon.core.webui.keyword.WebUiBuiltInKeywords.verifyElementPresent(WebUiBuiltInKeywords.groovy:1448)
	at com.kazurayam.ksbackyard.HighlightElement$_pandemic_closure1.doCall(HighlightElement.groovy:105)
	at FormulaireTypeDeTitreDeSejour.run(FormulaireTypeDeTitreDeSejour:290)
	at com.kms.katalon.core.main.ScriptEngine.run(ScriptEngine.java:194)
	at com.kms.katalon.core.main.ScriptEngine.runScriptAsRawText(ScriptEngine.java:119)
	at com.kms.katalon.core.main.TestCaseExecutor.runScript(TestCaseExecutor.java:448)
	at com.kms.katalon.core.main.TestCaseExecutor.doExecute(TestCaseExecutor.java:439)
	at com.kms.katalon.core.main.TestCaseExecutor.processExecutionPhase(TestCaseExecutor.java:418)
	at com.kms.katalon.core.main.TestCaseExecutor.accessMainPhase(TestCaseExecutor.java:410)
	at com.kms.katalon.core.main.TestCaseExecutor.execute(TestCaseExecutor.java:285)
	at com.kms.katalon.core.main.TestCaseMain.runTestCase(TestCaseMain.java:144)
	at com.kms.katalon.core.keyword.builtin.CallTestCaseKeyword$_callTestCase_closure1.doCall(CallTestCaseKeyword.groovy:59)
	at com.kms.katalon.core.keyword.builtin.CallTestCaseKeyword$_callTestCase_closure1.call(CallTestCaseKeyword.groovy)
	at com.kms.katalon.core.keyword.internal.KeywordMain.runKeyword(KeywordMain.groovy:75)
	at com.kms.katalon.core.keyword.builtin.CallTestCaseKeyword.callTestCase(CallTestCaseKeyword.groovy:81)
	at com.kms.katalon.core.keyword.builtin.CallTestCaseKeyword.execute(CallTestCaseKeyword.groovy:44)
	at com.kms.katalon.core.keyword.internal.KeywordExecutor.executeKeywordForPlatform(KeywordExecutor.groovy:74)
	at com.kms.katalon.core.keyword.BuiltinKeywords.callTestCase(BuiltinKeywords.groovy:310)
	at com.kazurayam.ksbackyard.HighlightElement$_pandemic_closure1.doCall(HighlightElement.groovy:105)
	at TNR R.TSPT Supp90-Etudiant.run(TNR R.TSPT Supp90-Etudiant:43)
	at com.kms.katalon.core.main.ScriptEngine.run(ScriptEngine.java:194)
	at com.kms.katalon.core.main.ScriptEngine.runScriptAsRawText(ScriptEngine.java:119)
	at com.kms.katalon.core.main.TestCaseExecutor.runScript(TestCaseExecutor.java:448)
	at com.kms.katalon.core.main.TestCaseExecutor.doExecute(TestCaseExecutor.java:439)
	at com.kms.katalon.core.main.TestCaseExecutor.processExecutionPhase(TestCaseExecutor.java:418)
	at com.kms.katalon.core.main.TestCaseExecutor.accessMainPhase(TestCaseExecutor.java:410)
	at com.kms.katalon.core.main.TestCaseExecutor.execute(TestCaseExecutor.java:285)
	at com.kms.katalon.core.common.CommonExecutor.accessTestCaseMainPhase(CommonExecutor.java:65)
	at com.kms.katalon.core.main.TestSuiteExecutor.accessTestSuiteMainPhase(TestSuiteExecutor.java:148)
	at com.kms.katalon.core.main.TestSuiteExecutor.execute(TestSuiteExecutor.java:106)
	at com.kms.katalon.core.main.TestCaseMain.startTestSuite(TestCaseMain.java:187)
	at com.kms.katalon.core.main.TestCaseMain$startTestSuite$0.call(Unknown Source)
	at TempTestSuite1700643238830.run(TempTestSuite1700643238830.groovy:36)
)

2023-11-22 09:55:51 - [MESSAGE][INFO] - Finding Test Object 'Object Repository/Page_Accueil_Usager/Verif_PopUpTropTotPourDemanderLeRenouvellementDeVotreTitre'

2023-11-22 09:55:51 - [MESSAGE][INFO] - Checking object

2023-11-22 09:55:51 - [MESSAGE][INFO] - Finding web element from Test Object's properties

2023-11-22 09:55:51 - [MESSAGE][INFO] - Checking timeout

2023-11-22 09:55:51 - [MESSAGE][INFO] - Finding web element with id: 'Object Repository/Page_Accueil_Usager/Verif_PopUpTropTotPourDemanderLeRenouvellementDeVotreTitre' located by 'By.xpath: /html/body/app-root/div/app-portal/main/app-theme-v2/div/app-triage/div/div/div/form/div[2]/div/p-message/div/span[2]' in '1' second(s)

2023-11-22 09:55:51 - [MESSAGE][INFO] - Smart Wait Function is triggered

2023-11-22 09:55:51 - [MESSAGE][INFO] - Smart Wait Function is triggered

2023-11-22 09:55:51 - [MESSAGE][INFO] - Smart Wait Function is triggered

2023-11-22 09:55:52 - [MESSAGE][INFO] - Smart Wait Function is triggered

2023-11-22 09:55:52 - [MESSAGE][INFO] - Smart Wait Function is triggered

2023-11-22 09:55:52 - [MESSAGE][INFO] - Smart Wait Function is triggered

2023-11-22 09:55:52 - [MESSAGE][INFO] - Smart Wait Function is triggered

2023-11-22 09:55:52 - [MESSAGE][INFO] - Smart Wait Function is triggered

2023-11-22 09:55:52 - [MESSAGE][INFO] - Smart Wait Function is triggered

2023-11-22 09:55:52 - [MESSAGE][INFO] - Smart Wait Function is triggered

2023-11-22 09:55:52 - [MESSAGE][INFO] - Smart Wait Function is triggered

2023-11-22 09:55:52 - [MESSAGE][INFO] - Smart Wait Function is triggered

2023-11-22 09:55:52 - [MESSAGE][INFO] - Smart Wait Function is triggered

2023-11-22 09:55:52 - [MESSAGE][INFO] - Smart Wait Function is triggered

2023-11-22 09:55:52 - [MESSAGE][INFO] - Smart Wait Function is triggered

2023-11-22 09:55:52 - [MESSAGE][INFO] - Smart Wait Function is triggered

2023-11-22 09:55:52 - [MESSAGE][INFO] - Smart Wait Function is triggered

2023-11-22 09:55:52 - [MESSAGE][INFO] - Smart Wait Function is triggered

2023-11-22 09:55:52 - [MESSAGE][INFO] - Smart Wait Function is triggered

2023-11-22 09:55:52 - [MESSAGE][INFO] - Smart Wait Function is triggered

2023-11-22 09:55:52 - [MESSAGE][INFO] - Smart Wait Function is triggered

2023-11-22 09:55:52 - [MESSAGE][INFO] - Smart Wait Function is triggered

2023-11-22 09:55:52 - [MESSAGE][INFO] - Smart Wait Function is triggered

2023-11-22 09:55:52 - [MESSAGE][INFO] - Smart Wait Function is triggered

2023-11-22 09:55:52 - [MESSAGE][INFO] - Smart Wait Function is triggered

2023-11-22 09:55:52 - [MESSAGE][INFO] - Smart Wait Function is triggered

2023-11-22 09:55:52 - [MESSAGE][INFO] - Smart Wait Function is triggered

2023-11-22 09:55:52 - [MESSAGE][INFO] - Smart Wait Function is triggered

2023-11-22 09:55:52 - [MESSAGE][INFO] - Smart Wait Function is triggered

2023-11-22 09:55:52 - [MESSAGE][INFO] - Smart Wait Function is triggered

2023-11-22 09:55:52 - [MESSAGE][INFO] - Smart Wait Function is triggered

2023-11-22 09:55:52 - [MESSAGE][INFO] - Smart Wait Function is triggered

2023-11-22 09:55:52 - [MESSAGE][INFO] - Smart Wait Function is triggered

2023-11-22 09:55:52 - [MESSAGE][INFO] - Smart Wait Function is triggered

2023-11-22 09:55:52 - [MESSAGE][INFO] - Smart Wait Function is triggered

2023-11-22 09:55:53 - [MESSAGE][INFO] - Smart Wait Function is triggered

2023-11-22 09:55:53 - [MESSAGE][INFO] - Smart Wait Function is triggered

2023-11-22 09:55:53 - [MESSAGE][INFO] - Smart Wait Function is triggered

2023-11-22 09:55:53 - [MESSAGE][INFO] - Smart Wait Function is triggered

2023-11-22 09:55:53 - [MESSAGE][INFO] - Smart Wait Function is triggered

2023-11-22 09:55:53 - [MESSAGE][INFO] - Smart Wait Function is triggered

2023-11-22 09:55:53 - [MESSAGE][INFO] - Smart Wait Function is triggered

2023-11-22 09:55:53 - [MESSAGE][INFO] - Smart Wait Function is triggered

2023-11-22 09:55:53 - [MESSAGE][INFO] - Smart Wait Function is triggered

2023-11-22 09:55:53 - [MESSAGE][INFO] - Smart Wait Function is triggered

2023-11-22 09:55:53 - [MESSAGE][INFO] - Smart Wait Function is triggered

2023-11-22 09:55:53 - [MESSAGE][INFO] - Smart Wait Function is triggered

2023-11-22 09:55:53 - [MESSAGE][INFO] - Smart Wait Function is triggered

2023-11-22 09:55:53 - [MESSAGE][INFO] - Smart Wait Function is triggered

2023-11-22 09:55:53 - [MESSAGE][INFO] - Smart Wait Function is triggered

2023-11-22 09:55:53 - [MESSAGE][INFO] - Smart Wait Function is triggered

2023-11-22 09:55:53 - [MESSAGE][INFO] - Smart Wait Function is triggered

2023-11-22 09:55:53 - [MESSAGE][INFO] - Smart Wait Function is triggered

2023-11-22 09:55:53 - [MESSAGE][INFO] - Smart Wait Function is triggered

2023-11-22 09:55:53 - [MESSAGE][INFO] - Unable to find the element located by 'By.xpath: /html/body/app-root/div/app-portal/main/app-theme-v2/div/app-triage/div/div/div/form/div[2]/div/p-message/div/span[2]'. Please recheck the objects properties to make sure the desired element is located. 

2023-11-22 09:55:53 - [MESSAGE][WARNING] - com.kms.katalon.core.webui.exception.WebElementNotFoundException: Web element with id: 'Object Repository/Page_Accueil_Usager/Verif_PopUpTropTotPourDemanderLeRenouvellementDeVotreTitre' located by '/html/body/app-root/div/app-portal/main/app-theme-v2/div/app-triage/div/div/div/form/div[2]/div/p-message/div/span[2]' not found (Root cause: com.kms.katalon.core.exception.StepFailedException: com.kms.katalon.core.webui.exception.WebElementNotFoundException: Web element with id: 'Object Repository/Page_Accueil_Usager/Verif_PopUpTropTotPourDemanderLeRenouvellementDeVotreTitre' located by '/html/body/app-root/div/app-portal/main/app-theme-v2/div/app-triage/div/div/div/form/div[2]/div/p-message/div/span[2]' not found
	at com.kms.katalon.core.webui.keyword.internal.WebUIKeywordMain.stepFailed(WebUIKeywordMain.groovy:64)
	at com.kms.katalon.core.webui.keyword.builtin.VerifyElementPresentKeyword$_verifyElementPresent_closure1.doCall(VerifyElementPresentKeyword.groovy:85)
	at com.kms.katalon.core.webui.keyword.builtin.VerifyElementPresentKeyword$_verifyElementPresent_closure1.call(VerifyElementPresentKeyword.groovy)
	at com.kms.katalon.core.webui.keyword.internal.WebUIKeywordMain.runKeyword(WebUIKeywordMain.groovy:20)
	at com.kms.katalon.core.webui.keyword.builtin.VerifyElementPresentKeyword.verifyElementPresent(VerifyElementPresentKeyword.groovy:92)
	at com.kms.katalon.core.webui.keyword.builtin.VerifyElementPresentKeyword.execute(VerifyElementPresentKeyword.groovy:68)
	at com.kms.katalon.core.keyword.internal.KeywordExecutor.executeKeywordForPlatform(KeywordExecutor.groovy:74)
	at com.kms.katalon.core.webui.keyword.WebUiBuiltInKeywords.verifyElementPresent(WebUiBuiltInKeywords.groovy:1448)
	at com.kazurayam.ksbackyard.HighlightElement$_pandemic_closure1.doCall(HighlightElement.groovy:105)
	at FormulaireTypeDeTitreDeSejour.run(FormulaireTypeDeTitreDeSejour:290)
	at com.kms.katalon.core.main.ScriptEngine.run(ScriptEngine.java:194)
	at com.kms.katalon.core.main.ScriptEngine.runScriptAsRawText(ScriptEngine.java:119)
	at com.kms.katalon.core.main.TestCaseExecutor.runScript(TestCaseExecutor.java:448)
	at com.kms.katalon.core.main.TestCaseExecutor.doExecute(TestCaseExecutor.java:439)
	at com.kms.katalon.core.main.TestCaseExecutor.processExecutionPhase(TestCaseExecutor.java:418)
	at com.kms.katalon.core.main.TestCaseExecutor.accessMainPhase(TestCaseExecutor.java:410)
	at com.kms.katalon.core.main.TestCaseExecutor.execute(TestCaseExecutor.java:285)
	at com.kms.katalon.core.main.TestCaseMain.runTestCase(TestCaseMain.java:144)
	at com.kms.katalon.core.keyword.builtin.CallTestCaseKeyword$_callTestCase_closure1.doCall(CallTestCaseKeyword.groovy:59)
	at com.kms.katalon.core.keyword.builtin.CallTestCaseKeyword$_callTestCase_closure1.call(CallTestCaseKeyword.groovy)
	at com.kms.katalon.core.keyword.internal.KeywordMain.runKeyword(KeywordMain.groovy:75)
	at com.kms.katalon.core.keyword.builtin.CallTestCaseKeyword.callTestCase(CallTestCaseKeyword.groovy:81)
	at com.kms.katalon.core.keyword.builtin.CallTestCaseKeyword.execute(CallTestCaseKeyword.groovy:44)
	at com.kms.katalon.core.keyword.internal.KeywordExecutor.executeKeywordForPlatform(KeywordExecutor.groovy:74)
	at com.kms.katalon.core.keyword.BuiltinKeywords.callTestCase(BuiltinKeywords.groovy:310)
	at com.kazurayam.ksbackyard.HighlightElement$_pandemic_closure1.doCall(HighlightElement.groovy:105)
	at TNR R.TSPT Supp90-Etudiant.run(TNR R.TSPT Supp90-Etudiant:43)
	at com.kms.katalon.core.main.ScriptEngine.run(ScriptEngine.java:194)
	at com.kms.katalon.core.main.ScriptEngine.runScriptAsRawText(ScriptEngine.java:119)
	at com.kms.katalon.core.main.TestCaseExecutor.runScript(TestCaseExecutor.java:448)
	at com.kms.katalon.core.main.TestCaseExecutor.doExecute(TestCaseExecutor.java:439)
	at com.kms.katalon.core.main.TestCaseExecutor.processExecutionPhase(TestCaseExecutor.java:418)
	at com.kms.katalon.core.main.TestCaseExecutor.accessMainPhase(TestCaseExecutor.java:410)
	at com.kms.katalon.core.main.TestCaseExecutor.execute(TestCaseExecutor.java:285)
	at com.kms.katalon.core.common.CommonExecutor.accessTestCaseMainPhase(CommonExecutor.java:65)
	at com.kms.katalon.core.main.TestSuiteExecutor.accessTestSuiteMainPhase(TestSuiteExecutor.java:148)
	at com.kms.katalon.core.main.TestSuiteExecutor.execute(TestSuiteExecutor.java:106)
	at com.kms.katalon.core.main.TestCaseMain.startTestSuite(TestCaseMain.java:187)
	at com.kms.katalon.core.main.TestCaseMain$startTestSuite$0.call(Unknown Source)
	at TempTestSuite1700643238830.run(TempTestSuite1700643238830.groovy:36)
)
[[ATTACHMENT|C:\\Users\\hhizaoui\\.git\\NewProject29092023\\Nouveau dossier1\\21_11\\ANEF-AutomatizationProject\\Reports\\20231122_095358\\TS_TNR_R.TSPT_Suppo90\\20231122_095358\\1700643353621.png]]

2023-11-22 09:55:53 - [TEST_STEP][PASSED] - if (MsgAlertPresent): null

2023-11-22 09:55:53 - [TEST_STEP][PASSED] - else:  C'est le bon Moment pour demander le renouvellement de votre titre.

2023-11-22 09:55:53 - [TEST_STEP][PASSED] - markPassed(" C'est le bon Moment pour demander le renouvellement de votre titre."):  C'est le bon Moment pour demander le renouvellement de votre titre.

2023-11-22 09:55:53 - [MESSAGE][PASSED] -  C'est le bon Moment pour demander le renouvellement de votre titre.

2023-11-22 09:55:53 - [MESSAGE][PASSED] - Call Test Case 'Test Cases/Test Reutilisable/DemandeOuRenouvelle_TitreSejour/FormulaireTypeDeTitreDeSejour' successfully

2023-11-22 09:55:53 - [TEST_STEP][PASSED] - callTestCase(findTestCase("Test Reutilisable/DemandeOuRenouvelle_TitreSejour/FormulaireInformationsPersonnelles"), ["AdresseUsager":AdresseUsager, "NumeroTelephoneUsager":NumeroTelephoneUsager], STOP_ON_FAILURE): Call Test Case 'Test Cases/Test Reutilisable/DemandeOuRenouvelle_TitreSejour/FormulaireInformationsPersonnelles' successfully

2023-11-22 09:55:53 - [MESSAGE][INFO] - Checking called Test Case

2023-11-22 09:55:53 - [MESSAGE][INFO] - Starting to call Test Case 'Test Cases/Test Reutilisable/DemandeOuRenouvelle_TitreSejour/FormulaireInformationsPersonnelles'

2023-11-22 09:55:53 - [TEST_CASE][PASSED] - Test Cases/Test Reutilisable/DemandeOuRenouvelle_TitreSejour/FormulaireInformationsPersonnelles: Test Cases/Test Reutilisable/DemandeOuRenouvelle_TitreSejour/FormulaireInformationsPersonnelles

2023-11-22 09:55:55 - [TEST_STEP][PASSED] - com.kazurayam.ksbackyard.HighlightElement.pandemic(): com.kazurayam.ksbackyard.HighlightElement.pandemic is PASSED

2023-11-22 09:55:55 - [MESSAGE][PASSED] - com.kazurayam.ksbackyard.HighlightElement.pandemic is PASSED

2023-11-22 09:55:55 - [TEST_STEP][PASSED] - if (verifyElementPresent(findTestObject("Object Repository/Page_InformationPersonnelles_Usager/CheckBox_liensPersonnelsFamiliaux_1_Non"), 1, OPTIONAL)): com.kms.katalon.core.webui.exception.WebElementNotFoundException: Web element with id: 'Object Repository/Page_InformationPersonnelles_Usager/CheckBox_liensPersonnelsFamiliaux_1_Non' located by '//*[@id="ui-accordiontab-1-content"]/div/div/div[1]/div/anef-input-radio/div/div/fieldset/div/div[2]/p-radiobutton/div/div[2]/span' not found (Root cause: com.kms.katalon.core.exception.StepFailedException: com.kms.katalon.core.webui.exception.WebElementNotFoundException: Web element with id: 'Object Repository/Page_InformationPersonnelles_Usager/CheckBox_liensPersonnelsFamiliaux_1_Non' located by '//*[@id="ui-accordiontab-1-content"]/div/div/div[1]/div/anef-input-radio/div/div/fieldset/div/div[2]/p-radiobutton/div/div[2]/span' not found
	at com.kms.katalon.core.webui.keyword.internal.WebUIKeywordMain.stepFailed(WebUIKeywordMain.groovy:64)
	at com.kms.katalon.core.webui.keyword.builtin.VerifyElementPresentKeyword$_verifyElementPresent_closure1.doCall(VerifyElementPresentKeyword.groovy:85)
	at com.kms.katalon.core.webui.keyword.builtin.VerifyElementPresentKeyword$_verifyElementPresent_closure1.call(VerifyElementPresentKeyword.groovy)
	at com.kms.katalon.core.webui.keyword.internal.WebUIKeywordMain.runKeyword(WebUIKeywordMain.groovy:20)
	at com.kms.katalon.core.webui.keyword.builtin.VerifyElementPresentKeyword.verifyElementPresent(VerifyElementPresentKeyword.groovy:92)
	at com.kms.katalon.core.webui.keyword.builtin.VerifyElementPresentKeyword.execute(VerifyElementPresentKeyword.groovy:68)
	at com.kms.katalon.core.keyword.internal.KeywordExecutor.executeKeywordForPlatform(KeywordExecutor.groovy:74)
	at com.kms.katalon.core.webui.keyword.WebUiBuiltInKeywords.verifyElementPresent(WebUiBuiltInKeywords.groovy:1448)
	at com.kazurayam.ksbackyard.HighlightElement$_pandemic_closure1.doCall(HighlightElement.groovy:105)
	at FormulaireInformationsPersonnelles.run(FormulaireInformationsPersonnelles:28)
	at com.kms.katalon.core.main.ScriptEngine.run(ScriptEngine.java:194)
	at com.kms.katalon.core.main.ScriptEngine.runScriptAsRawText(ScriptEngine.java:119)
	at com.kms.katalon.core.main.TestCaseExecutor.runScript(TestCaseExecutor.java:448)
	at com.kms.katalon.core.main.TestCaseExecutor.doExecute(TestCaseExecutor.java:439)
	at com.kms.katalon.core.main.TestCaseExecutor.processExecutionPhase(TestCaseExecutor.java:418)
	at com.kms.katalon.core.main.TestCaseExecutor.accessMainPhase(TestCaseExecutor.java:410)
	at com.kms.katalon.core.main.TestCaseExecutor.execute(TestCaseExecutor.java:285)
	at com.kms.katalon.core.main.TestCaseMain.runTestCase(TestCaseMain.java:144)
	at com.kms.katalon.core.keyword.builtin.CallTestCaseKeyword$_callTestCase_closure1.doCall(CallTestCaseKeyword.groovy:59)
	at com.kms.katalon.core.keyword.builtin.CallTestCaseKeyword$_callTestCase_closure1.call(CallTestCaseKeyword.groovy)
	at com.kms.katalon.core.keyword.internal.KeywordMain.runKeyword(KeywordMain.groovy:75)
	at com.kms.katalon.core.keyword.builtin.CallTestCaseKeyword.callTestCase(CallTestCaseKeyword.groovy:81)
	at com.kms.katalon.core.keyword.builtin.CallTestCaseKeyword.execute(CallTestCaseKeyword.groovy:44)
	at com.kms.katalon.core.keyword.internal.KeywordExecutor.executeKeywordForPlatform(KeywordExecutor.groovy:74)
	at com.kms.katalon.core.keyword.BuiltinKeywords.callTestCase(BuiltinKeywords.groovy:310)
	at com.kazurayam.ksbackyard.HighlightElement$_pandemic_closure1.doCall(HighlightElement.groovy:105)
	at TNR R.TSPT Supp90-Etudiant.run(TNR R.TSPT Supp90-Etudiant:47)
	at com.kms.katalon.core.main.ScriptEngine.run(ScriptEngine.java:194)
	at com.kms.katalon.core.main.ScriptEngine.runScriptAsRawText(ScriptEngine.java:119)
	at com.kms.katalon.core.main.TestCaseExecutor.runScript(TestCaseExecutor.java:448)
	at com.kms.katalon.core.main.TestCaseExecutor.doExecute(TestCaseExecutor.java:439)
	at com.kms.katalon.core.main.TestCaseExecutor.processExecutionPhase(TestCaseExecutor.java:418)
	at com.kms.katalon.core.main.TestCaseExecutor.accessMainPhase(TestCaseExecutor.java:410)
	at com.kms.katalon.core.main.TestCaseExecutor.execute(TestCaseExecutor.java:285)
	at com.kms.katalon.core.common.CommonExecutor.accessTestCaseMainPhase(CommonExecutor.java:65)
	at com.kms.katalon.core.main.TestSuiteExecutor.accessTestSuiteMainPhase(TestSuiteExecutor.java:148)
	at com.kms.katalon.core.main.TestSuiteExecutor.execute(TestSuiteExecutor.java:106)
	at com.kms.katalon.core.main.TestCaseMain.startTestSuite(TestCaseMain.java:187)
	at com.kms.katalon.core.main.TestCaseMain$startTestSuite$0.call(Unknown Source)
	at TempTestSuite1700643238830.run(TempTestSuite1700643238830.groovy:36)
)

2023-11-22 09:55:55 - [MESSAGE][INFO] - Finding Test Object 'Object Repository/Page_InformationPersonnelles_Usager/CheckBox_liensPersonnelsFamiliaux_1_Non'

2023-11-22 09:55:55 - [MESSAGE][INFO] - Checking object

2023-11-22 09:55:55 - [MESSAGE][INFO] - Finding web element from Test Object's properties

2023-11-22 09:55:55 - [MESSAGE][INFO] - Checking timeout

2023-11-22 09:55:55 - [MESSAGE][INFO] - Finding web element with id: 'Object Repository/Page_InformationPersonnelles_Usager/CheckBox_liensPersonnelsFamiliaux_1_Non' located by 'By.xpath: //*[@id="ui-accordiontab-1-content"]/div/div/div[1]/div/anef-input-radio/div/div/fieldset/div/div[2]/p-radiobutton/div/div[2]/span' in '1' second(s)

2023-11-22 09:55:55 - [MESSAGE][INFO] - Smart Wait Function is triggered

2023-11-22 09:55:55 - [MESSAGE][INFO] - Smart Wait Function is triggered

2023-11-22 09:55:55 - [MESSAGE][INFO] - Smart Wait Function is triggered

2023-11-22 09:55:55 - [MESSAGE][INFO] - Smart Wait Function is triggered

2023-11-22 09:55:55 - [MESSAGE][INFO] - Smart Wait Function is triggered

2023-11-22 09:55:55 - [MESSAGE][INFO] - Smart Wait Function is triggered

2023-11-22 09:55:55 - [MESSAGE][INFO] - Smart Wait Function is triggered

2023-11-22 09:55:55 - [MESSAGE][INFO] - Smart Wait Function is triggered

2023-11-22 09:55:55 - [MESSAGE][INFO] - Smart Wait Function is triggered

2023-11-22 09:55:55 - [MESSAGE][INFO] - Smart Wait Function is triggered

2023-11-22 09:55:55 - [MESSAGE][INFO] - Smart Wait Function is triggered

2023-11-22 09:55:55 - [MESSAGE][INFO] - Smart Wait Function is triggered

2023-11-22 09:55:55 - [MESSAGE][INFO] - Smart Wait Function is triggered

2023-11-22 09:55:55 - [MESSAGE][INFO] - Smart Wait Function is triggered

2023-11-22 09:55:55 - [MESSAGE][INFO] - Smart Wait Function is triggered

2023-11-22 09:55:55 - [MESSAGE][INFO] - Smart Wait Function is triggered

2023-11-22 09:55:55 - [MESSAGE][INFO] - Smart Wait Function is triggered

2023-11-22 09:55:56 - [MESSAGE][INFO] - Smart Wait Function is triggered

2023-11-22 09:55:56 - [MESSAGE][INFO] - Smart Wait Function is triggered

2023-11-22 09:55:56 - [MESSAGE][INFO] - Smart Wait Function is triggered

2023-11-22 09:55:56 - [MESSAGE][INFO] - Smart Wait Function is triggered

2023-11-22 09:55:56 - [MESSAGE][INFO] - Smart Wait Function is triggered

2023-11-22 09:55:56 - [MESSAGE][INFO] - Smart Wait Function is triggered

2023-11-22 09:55:56 - [MESSAGE][INFO] - Smart Wait Function is triggered

2023-11-22 09:55:56 - [MESSAGE][INFO] - Smart Wait Function is triggered

2023-11-22 09:55:56 - [MESSAGE][INFO] - Smart Wait Function is triggered

2023-11-22 09:55:56 - [MESSAGE][INFO] - Smart Wait Function is triggered

2023-11-22 09:55:56 - [MESSAGE][INFO] - Smart Wait Function is triggered

2023-11-22 09:55:56 - [MESSAGE][INFO] - Smart Wait Function is triggered

2023-11-22 09:55:56 - [MESSAGE][INFO] - Smart Wait Function is triggered

2023-11-22 09:55:56 - [MESSAGE][INFO] - Smart Wait Function is triggered

2023-11-22 09:55:56 - [MESSAGE][INFO] - Smart Wait Function is triggered

2023-11-22 09:55:56 - [MESSAGE][INFO] - Smart Wait Function is triggered

2023-11-22 09:55:56 - [MESSAGE][INFO] - Smart Wait Function is triggered

2023-11-22 09:55:56 - [MESSAGE][INFO] - Smart Wait Function is triggered

2023-11-22 09:55:56 - [MESSAGE][INFO] - Smart Wait Function is triggered

2023-11-22 09:55:56 - [MESSAGE][INFO] - Smart Wait Function is triggered

2023-11-22 09:55:56 - [MESSAGE][INFO] - Smart Wait Function is triggered

2023-11-22 09:55:56 - [MESSAGE][INFO] - Smart Wait Function is triggered

2023-11-22 09:55:56 - [MESSAGE][INFO] - Smart Wait Function is triggered

2023-11-22 09:55:56 - [MESSAGE][INFO] - Smart Wait Function is triggered

2023-11-22 09:55:56 - [MESSAGE][INFO] - Smart Wait Function is triggered

2023-11-22 09:55:56 - [MESSAGE][INFO] - Smart Wait Function is triggered

2023-11-22 09:55:56 - [MESSAGE][INFO] - Smart Wait Function is triggered

2023-11-22 09:55:56 - [MESSAGE][INFO] - Smart Wait Function is triggered

2023-11-22 09:55:56 - [MESSAGE][INFO] - Smart Wait Function is triggered

2023-11-22 09:55:56 - [MESSAGE][INFO] - Smart Wait Function is triggered

2023-11-22 09:55:56 - [MESSAGE][INFO] - Smart Wait Function is triggered

2023-11-22 09:55:56 - [MESSAGE][INFO] - Smart Wait Function is triggered

2023-11-22 09:55:57 - [MESSAGE][INFO] - Smart Wait Function is triggered

2023-11-22 09:55:57 - [MESSAGE][INFO] - Smart Wait Function is triggered

2023-11-22 09:55:57 - [MESSAGE][INFO] - Smart Wait Function is triggered

2023-11-22 09:55:57 - [MESSAGE][INFO] - Smart Wait Function is triggered

2023-11-22 09:55:57 - [MESSAGE][INFO] - Smart Wait Function is triggered

2023-11-22 09:55:57 - [MESSAGE][INFO] - Smart Wait Function is triggered

2023-11-22 09:55:57 - [MESSAGE][INFO] - Smart Wait Function is triggered

2023-11-22 09:55:57 - [MESSAGE][INFO] - Smart Wait Function is triggered

2023-11-22 09:55:57 - [MESSAGE][INFO] - Smart Wait Function is triggered

2023-11-22 09:55:57 - [MESSAGE][INFO] - Smart Wait Function is triggered

2023-11-22 09:55:57 - [MESSAGE][INFO] - Smart Wait Function is triggered

2023-11-22 09:55:57 - [MESSAGE][INFO] - Smart Wait Function is triggered

2023-11-22 09:55:57 - [MESSAGE][INFO] - Smart Wait Function is triggered

2023-11-22 09:55:57 - [MESSAGE][INFO] - Smart Wait Function is triggered

2023-11-22 09:55:57 - [MESSAGE][INFO] - Smart Wait Function is triggered

2023-11-22 09:55:57 - [MESSAGE][INFO] - Smart Wait Function is triggered

2023-11-22 09:55:57 - [MESSAGE][INFO] - Unable to find the element located by 'By.xpath: //*[@id="ui-accordiontab-1-content"]/div/div/div[1]/div/anef-input-radio/div/div/fieldset/div/div[2]/p-radiobutton/div/div[2]/span'. Please recheck the objects properties to make sure the desired element is located. 

2023-11-22 09:55:57 - [MESSAGE][WARNING] - com.kms.katalon.core.webui.exception.WebElementNotFoundException: Web element with id: 'Object Repository/Page_InformationPersonnelles_Usager/CheckBox_liensPersonnelsFamiliaux_1_Non' located by '//*[@id="ui-accordiontab-1-content"]/div/div/div[1]/div/anef-input-radio/div/div/fieldset/div/div[2]/p-radiobutton/div/div[2]/span' not found (Root cause: com.kms.katalon.core.exception.StepFailedException: com.kms.katalon.core.webui.exception.WebElementNotFoundException: Web element with id: 'Object Repository/Page_InformationPersonnelles_Usager/CheckBox_liensPersonnelsFamiliaux_1_Non' located by '//*[@id="ui-accordiontab-1-content"]/div/div/div[1]/div/anef-input-radio/div/div/fieldset/div/div[2]/p-radiobutton/div/div[2]/span' not found
	at com.kms.katalon.core.webui.keyword.internal.WebUIKeywordMain.stepFailed(WebUIKeywordMain.groovy:64)
	at com.kms.katalon.core.webui.keyword.builtin.VerifyElementPresentKeyword$_verifyElementPresent_closure1.doCall(VerifyElementPresentKeyword.groovy:85)
	at com.kms.katalon.core.webui.keyword.builtin.VerifyElementPresentKeyword$_verifyElementPresent_closure1.call(VerifyElementPresentKeyword.groovy)
	at com.kms.katalon.core.webui.keyword.internal.WebUIKeywordMain.runKeyword(WebUIKeywordMain.groovy:20)
	at com.kms.katalon.core.webui.keyword.builtin.VerifyElementPresentKeyword.verifyElementPresent(VerifyElementPresentKeyword.groovy:92)
	at com.kms.katalon.core.webui.keyword.builtin.VerifyElementPresentKeyword.execute(VerifyElementPresentKeyword.groovy:68)
	at com.kms.katalon.core.keyword.internal.KeywordExecutor.executeKeywordForPlatform(KeywordExecutor.groovy:74)
	at com.kms.katalon.core.webui.keyword.WebUiBuiltInKeywords.verifyElementPresent(WebUiBuiltInKeywords.groovy:1448)
	at com.kazurayam.ksbackyard.HighlightElement$_pandemic_closure1.doCall(HighlightElement.groovy:105)
	at FormulaireInformationsPersonnelles.run(FormulaireInformationsPersonnelles:28)
	at com.kms.katalon.core.main.ScriptEngine.run(ScriptEngine.java:194)
	at com.kms.katalon.core.main.ScriptEngine.runScriptAsRawText(ScriptEngine.java:119)
	at com.kms.katalon.core.main.TestCaseExecutor.runScript(TestCaseExecutor.java:448)
	at com.kms.katalon.core.main.TestCaseExecutor.doExecute(TestCaseExecutor.java:439)
	at com.kms.katalon.core.main.TestCaseExecutor.processExecutionPhase(TestCaseExecutor.java:418)
	at com.kms.katalon.core.main.TestCaseExecutor.accessMainPhase(TestCaseExecutor.java:410)
	at com.kms.katalon.core.main.TestCaseExecutor.execute(TestCaseExecutor.java:285)
	at com.kms.katalon.core.main.TestCaseMain.runTestCase(TestCaseMain.java:144)
	at com.kms.katalon.core.keyword.builtin.CallTestCaseKeyword$_callTestCase_closure1.doCall(CallTestCaseKeyword.groovy:59)
	at com.kms.katalon.core.keyword.builtin.CallTestCaseKeyword$_callTestCase_closure1.call(CallTestCaseKeyword.groovy)
	at com.kms.katalon.core.keyword.internal.KeywordMain.runKeyword(KeywordMain.groovy:75)
	at com.kms.katalon.core.keyword.builtin.CallTestCaseKeyword.callTestCase(CallTestCaseKeyword.groovy:81)
	at com.kms.katalon.core.keyword.builtin.CallTestCaseKeyword.execute(CallTestCaseKeyword.groovy:44)
	at com.kms.katalon.core.keyword.internal.KeywordExecutor.executeKeywordForPlatform(KeywordExecutor.groovy:74)
	at com.kms.katalon.core.keyword.BuiltinKeywords.callTestCase(BuiltinKeywords.groovy:310)
	at com.kazurayam.ksbackyard.HighlightElement$_pandemic_closure1.doCall(HighlightElement.groovy:105)
	at TNR R.TSPT Supp90-Etudiant.run(TNR R.TSPT Supp90-Etudiant:47)
	at com.kms.katalon.core.main.ScriptEngine.run(ScriptEngine.java:194)
	at com.kms.katalon.core.main.ScriptEngine.runScriptAsRawText(ScriptEngine.java:119)
	at com.kms.katalon.core.main.TestCaseExecutor.runScript(TestCaseExecutor.java:448)
	at com.kms.katalon.core.main.TestCaseExecutor.doExecute(TestCaseExecutor.java:439)
	at com.kms.katalon.core.main.TestCaseExecutor.processExecutionPhase(TestCaseExecutor.java:418)
	at com.kms.katalon.core.main.TestCaseExecutor.accessMainPhase(TestCaseExecutor.java:410)
	at com.kms.katalon.core.main.TestCaseExecutor.execute(TestCaseExecutor.java:285)
	at com.kms.katalon.core.common.CommonExecutor.accessTestCaseMainPhase(CommonExecutor.java:65)
	at com.kms.katalon.core.main.TestSuiteExecutor.accessTestSuiteMainPhase(TestSuiteExecutor.java:148)
	at com.kms.katalon.core.main.TestSuiteExecutor.execute(TestSuiteExecutor.java:106)
	at com.kms.katalon.core.main.TestCaseMain.startTestSuite(TestCaseMain.java:187)
	at com.kms.katalon.core.main.TestCaseMain$startTestSuite$0.call(Unknown Source)
	at TempTestSuite1700643238830.run(TempTestSuite1700643238830.groovy:36)
)
[[ATTACHMENT|C:\\Users\\hhizaoui\\.git\\NewProject29092023\\Nouveau dossier1\\21_11\\ANEF-AutomatizationProject\\Reports\\20231122_095358\\TS_TNR_R.TSPT_Suppo90\\20231122_095358\\1700643357522.png]]

2023-11-22 09:55:57 - [TEST_STEP][PASSED] - delay(2): Delayed 2 second(s)

2023-11-22 09:55:57 - [MESSAGE][INFO] - Delaying browser in 2 second(s)

2023-11-22 09:55:59 - [MESSAGE][PASSED] - Delayed 2 second(s)

2023-11-22 09:55:59 - [TEST_STEP][PASSED] - if (verifyElementPresent(findTestObject("Object Repository/Page_InformationPersonnelles_Usager/CheckBox_liensPersonnelsFamiliaux_2_Non"), 1, OPTIONAL)): com.kms.katalon.core.webui.exception.WebElementNotFoundException: Web element with id: 'Object Repository/Page_InformationPersonnelles_Usager/CheckBox_liensPersonnelsFamiliaux_2_Non' located by '//*[@id="ui-accordiontab-1-content"]/div/div/div[2]/div/anef-input-radio/div/div/fieldset/div/div[2]/p-radiobutton/div/div[2]' not found (Root cause: com.kms.katalon.core.exception.StepFailedException: com.kms.katalon.core.webui.exception.WebElementNotFoundException: Web element with id: 'Object Repository/Page_InformationPersonnelles_Usager/CheckBox_liensPersonnelsFamiliaux_2_Non' located by '//*[@id="ui-accordiontab-1-content"]/div/div/div[2]/div/anef-input-radio/div/div/fieldset/div/div[2]/p-radiobutton/div/div[2]' not found
	at com.kms.katalon.core.webui.keyword.internal.WebUIKeywordMain.stepFailed(WebUIKeywordMain.groovy:64)
	at com.kms.katalon.core.webui.keyword.builtin.VerifyElementPresentKeyword$_verifyElementPresent_closure1.doCall(VerifyElementPresentKeyword.groovy:85)
	at com.kms.katalon.core.webui.keyword.builtin.VerifyElementPresentKeyword$_verifyElementPresent_closure1.call(VerifyElementPresentKeyword.groovy)
	at com.kms.katalon.core.webui.keyword.internal.WebUIKeywordMain.runKeyword(WebUIKeywordMain.groovy:20)
	at com.kms.katalon.core.webui.keyword.builtin.VerifyElementPresentKeyword.verifyElementPresent(VerifyElementPresentKeyword.groovy:92)
	at com.kms.katalon.core.webui.keyword.builtin.VerifyElementPresentKeyword.execute(VerifyElementPresentKeyword.groovy:68)
	at com.kms.katalon.core.keyword.internal.KeywordExecutor.executeKeywordForPlatform(KeywordExecutor.groovy:74)
	at com.kms.katalon.core.webui.keyword.WebUiBuiltInKeywords.verifyElementPresent(WebUiBuiltInKeywords.groovy:1448)
	at com.kazurayam.ksbackyard.HighlightElement$_pandemic_closure1.doCall(HighlightElement.groovy:105)
	at FormulaireInformationsPersonnelles.run(FormulaireInformationsPersonnelles:33)
	at com.kms.katalon.core.main.ScriptEngine.run(ScriptEngine.java:194)
	at com.kms.katalon.core.main.ScriptEngine.runScriptAsRawText(ScriptEngine.java:119)
	at com.kms.katalon.core.main.TestCaseExecutor.runScript(TestCaseExecutor.java:448)
	at com.kms.katalon.core.main.TestCaseExecutor.doExecute(TestCaseExecutor.java:439)
	at com.kms.katalon.core.main.TestCaseExecutor.processExecutionPhase(TestCaseExecutor.java:418)
	at com.kms.katalon.core.main.TestCaseExecutor.accessMainPhase(TestCaseExecutor.java:410)
	at com.kms.katalon.core.main.TestCaseExecutor.execute(TestCaseExecutor.java:285)
	at com.kms.katalon.core.main.TestCaseMain.runTestCase(TestCaseMain.java:144)
	at com.kms.katalon.core.keyword.builtin.CallTestCaseKeyword$_callTestCase_closure1.doCall(CallTestCaseKeyword.groovy:59)
	at com.kms.katalon.core.keyword.builtin.CallTestCaseKeyword$_callTestCase_closure1.call(CallTestCaseKeyword.groovy)
	at com.kms.katalon.core.keyword.internal.KeywordMain.runKeyword(KeywordMain.groovy:75)
	at com.kms.katalon.core.keyword.builtin.CallTestCaseKeyword.callTestCase(CallTestCaseKeyword.groovy:81)
	at com.kms.katalon.core.keyword.builtin.CallTestCaseKeyword.execute(CallTestCaseKeyword.groovy:44)
	at com.kms.katalon.core.keyword.internal.KeywordExecutor.executeKeywordForPlatform(KeywordExecutor.groovy:74)
	at com.kms.katalon.core.keyword.BuiltinKeywords.callTestCase(BuiltinKeywords.groovy:310)
	at com.kazurayam.ksbackyard.HighlightElement$_pandemic_closure1.doCall(HighlightElement.groovy:105)
	at TNR R.TSPT Supp90-Etudiant.run(TNR R.TSPT Supp90-Etudiant:47)
	at com.kms.katalon.core.main.ScriptEngine.run(ScriptEngine.java:194)
	at com.kms.katalon.core.main.ScriptEngine.runScriptAsRawText(ScriptEngine.java:119)
	at com.kms.katalon.core.main.TestCaseExecutor.runScript(TestCaseExecutor.java:448)
	at com.kms.katalon.core.main.TestCaseExecutor.doExecute(TestCaseExecutor.java:439)
	at com.kms.katalon.core.main.TestCaseExecutor.processExecutionPhase(TestCaseExecutor.java:418)
	at com.kms.katalon.core.main.TestCaseExecutor.accessMainPhase(TestCaseExecutor.java:410)
	at com.kms.katalon.core.main.TestCaseExecutor.execute(TestCaseExecutor.java:285)
	at com.kms.katalon.core.common.CommonExecutor.accessTestCaseMainPhase(CommonExecutor.java:65)
	at com.kms.katalon.core.main.TestSuiteExecutor.accessTestSuiteMainPhase(TestSuiteExecutor.java:148)
	at com.kms.katalon.core.main.TestSuiteExecutor.execute(TestSuiteExecutor.java:106)
	at com.kms.katalon.core.main.TestCaseMain.startTestSuite(TestCaseMain.java:187)
	at com.kms.katalon.core.main.TestCaseMain$startTestSuite$0.call(Unknown Source)
	at TempTestSuite1700643238830.run(TempTestSuite1700643238830.groovy:36)
)

2023-11-22 09:55:59 - [MESSAGE][INFO] - Finding Test Object 'Object Repository/Page_InformationPersonnelles_Usager/CheckBox_liensPersonnelsFamiliaux_2_Non'

2023-11-22 09:55:59 - [MESSAGE][INFO] - Checking object

2023-11-22 09:55:59 - [MESSAGE][INFO] - Finding web element from Test Object's properties

2023-11-22 09:55:59 - [MESSAGE][INFO] - Checking timeout

2023-11-22 09:55:59 - [MESSAGE][INFO] - Finding web element with id: 'Object Repository/Page_InformationPersonnelles_Usager/CheckBox_liensPersonnelsFamiliaux_2_Non' located by 'By.xpath: //*[@id="ui-accordiontab-1-content"]/div/div/div[2]/div/anef-input-radio/div/div/fieldset/div/div[2]/p-radiobutton/div/div[2]' in '1' second(s)

2023-11-22 09:55:59 - [MESSAGE][INFO] - Smart Wait Function is triggered

2023-11-22 09:55:59 - [MESSAGE][INFO] - Smart Wait Function is triggered

2023-11-22 09:55:59 - [MESSAGE][INFO] - Smart Wait Function is triggered

2023-11-22 09:55:59 - [MESSAGE][INFO] - Smart Wait Function is triggered

2023-11-22 09:55:59 - [MESSAGE][INFO] - Smart Wait Function is triggered

2023-11-22 09:55:59 - [MESSAGE][INFO] - Smart Wait Function is triggered

2023-11-22 09:55:59 - [MESSAGE][INFO] - Smart Wait Function is triggered

2023-11-22 09:56:00 - [MESSAGE][INFO] - Smart Wait Function is triggered

2023-11-22 09:56:00 - [MESSAGE][INFO] - Smart Wait Function is triggered

2023-11-22 09:56:00 - [MESSAGE][INFO] - Smart Wait Function is triggered

2023-11-22 09:56:00 - [MESSAGE][INFO] - Smart Wait Function is triggered

2023-11-22 09:56:00 - [MESSAGE][INFO] - Smart Wait Function is triggered

2023-11-22 09:56:00 - [MESSAGE][INFO] - Smart Wait Function is triggered

2023-11-22 09:56:00 - [MESSAGE][INFO] - Smart Wait Function is triggered

2023-11-22 09:56:00 - [MESSAGE][INFO] - Smart Wait Function is triggered

2023-11-22 09:56:00 - [MESSAGE][INFO] - Smart Wait Function is triggered

2023-11-22 09:56:00 - [MESSAGE][INFO] - Smart Wait Function is triggered

2023-11-22 09:56:00 - [MESSAGE][INFO] - Smart Wait Function is triggered

2023-11-22 09:56:00 - [MESSAGE][INFO] - Smart Wait Function is triggered

2023-11-22 09:56:00 - [MESSAGE][INFO] - Smart Wait Function is triggered

2023-11-22 09:56:00 - [MESSAGE][INFO] - Smart Wait Function is triggered

2023-11-22 09:56:00 - [MESSAGE][INFO] - Smart Wait Function is triggered

2023-11-22 09:56:00 - [MESSAGE][INFO] - Smart Wait Function is triggered

2023-11-22 09:56:00 - [MESSAGE][INFO] - Smart Wait Function is triggered

2023-11-22 09:56:00 - [MESSAGE][INFO] - Smart Wait Function is triggered

2023-11-22 09:56:00 - [MESSAGE][INFO] - Smart Wait Function is triggered

2023-11-22 09:56:00 - [MESSAGE][INFO] - Smart Wait Function is triggered

2023-11-22 09:56:00 - [MESSAGE][INFO] - Smart Wait Function is triggered

2023-11-22 09:56:00 - [MESSAGE][INFO] - Smart Wait Function is triggered

2023-11-22 09:56:00 - [MESSAGE][INFO] - Smart Wait Function is triggered

2023-11-22 09:56:00 - [MESSAGE][INFO] - Smart Wait Function is triggered

2023-11-22 09:56:00 - [MESSAGE][INFO] - Smart Wait Function is triggered

2023-11-22 09:56:00 - [MESSAGE][INFO] - Smart Wait Function is triggered

2023-11-22 09:56:00 - [MESSAGE][INFO] - Smart Wait Function is triggered

2023-11-22 09:56:00 - [MESSAGE][INFO] - Smart Wait Function is triggered

2023-11-22 09:56:00 - [MESSAGE][INFO] - Smart Wait Function is triggered

2023-11-22 09:56:00 - [MESSAGE][INFO] - Smart Wait Function is triggered

2023-11-22 09:56:00 - [MESSAGE][INFO] - Smart Wait Function is triggered

2023-11-22 09:56:01 - [MESSAGE][INFO] - Smart Wait Function is triggered

2023-11-22 09:56:01 - [MESSAGE][INFO] - Smart Wait Function is triggered

2023-11-22 09:56:01 - [MESSAGE][INFO] - Smart Wait Function is triggered

2023-11-22 09:56:01 - [MESSAGE][INFO] - Smart Wait Function is triggered

2023-11-22 09:56:01 - [MESSAGE][INFO] - Smart Wait Function is triggered

2023-11-22 09:56:01 - [MESSAGE][INFO] - Smart Wait Function is triggered

2023-11-22 09:56:01 - [MESSAGE][INFO] - Smart Wait Function is triggered

2023-11-22 09:56:01 - [MESSAGE][INFO] - Smart Wait Function is triggered

2023-11-22 09:56:01 - [MESSAGE][INFO] - Smart Wait Function is triggered

2023-11-22 09:56:01 - [MESSAGE][INFO] - Smart Wait Function is triggered

2023-11-22 09:56:01 - [MESSAGE][INFO] - Smart Wait Function is triggered

2023-11-22 09:56:01 - [MESSAGE][INFO] - Smart Wait Function is triggered

2023-11-22 09:56:01 - [MESSAGE][INFO] - Smart Wait Function is triggered

2023-11-22 09:56:01 - [MESSAGE][INFO] - Smart Wait Function is triggered

2023-11-22 09:56:01 - [MESSAGE][INFO] - Smart Wait Function is triggered

2023-11-22 09:56:01 - [MESSAGE][INFO] - Smart Wait Function is triggered

2023-11-22 09:56:01 - [MESSAGE][INFO] - Smart Wait Function is triggered

2023-11-22 09:56:01 - [MESSAGE][INFO] - Smart Wait Function is triggered

2023-11-22 09:56:01 - [MESSAGE][INFO] - Smart Wait Function is triggered

2023-11-22 09:56:01 - [MESSAGE][INFO] - Smart Wait Function is triggered

2023-11-22 09:56:01 - [MESSAGE][INFO] - Smart Wait Function is triggered

2023-11-22 09:56:01 - [MESSAGE][INFO] - Smart Wait Function is triggered

2023-11-22 09:56:01 - [MESSAGE][INFO] - Smart Wait Function is triggered

2023-11-22 09:56:01 - [MESSAGE][INFO] - Smart Wait Function is triggered

2023-11-22 09:56:01 - [MESSAGE][INFO] - Smart Wait Function is triggered

2023-11-22 09:56:01 - [MESSAGE][INFO] - Smart Wait Function is triggered

2023-11-22 09:56:01 - [MESSAGE][INFO] - Unable to find the element located by 'By.xpath: //*[@id="ui-accordiontab-1-content"]/div/div/div[2]/div/anef-input-radio/div/div/fieldset/div/div[2]/p-radiobutton/div/div[2]'. Please recheck the objects properties to make sure the desired element is located. 

2023-11-22 09:56:01 - [MESSAGE][WARNING] - com.kms.katalon.core.webui.exception.WebElementNotFoundException: Web element with id: 'Object Repository/Page_InformationPersonnelles_Usager/CheckBox_liensPersonnelsFamiliaux_2_Non' located by '//*[@id="ui-accordiontab-1-content"]/div/div/div[2]/div/anef-input-radio/div/div/fieldset/div/div[2]/p-radiobutton/div/div[2]' not found (Root cause: com.kms.katalon.core.exception.StepFailedException: com.kms.katalon.core.webui.exception.WebElementNotFoundException: Web element with id: 'Object Repository/Page_InformationPersonnelles_Usager/CheckBox_liensPersonnelsFamiliaux_2_Non' located by '//*[@id="ui-accordiontab-1-content"]/div/div/div[2]/div/anef-input-radio/div/div/fieldset/div/div[2]/p-radiobutton/div/div[2]' not found
	at com.kms.katalon.core.webui.keyword.internal.WebUIKeywordMain.stepFailed(WebUIKeywordMain.groovy:64)
	at com.kms.katalon.core.webui.keyword.builtin.VerifyElementPresentKeyword$_verifyElementPresent_closure1.doCall(VerifyElementPresentKeyword.groovy:85)
	at com.kms.katalon.core.webui.keyword.builtin.VerifyElementPresentKeyword$_verifyElementPresent_closure1.call(VerifyElementPresentKeyword.groovy)
	at com.kms.katalon.core.webui.keyword.internal.WebUIKeywordMain.runKeyword(WebUIKeywordMain.groovy:20)
	at com.kms.katalon.core.webui.keyword.builtin.VerifyElementPresentKeyword.verifyElementPresent(VerifyElementPresentKeyword.groovy:92)
	at com.kms.katalon.core.webui.keyword.builtin.VerifyElementPresentKeyword.execute(VerifyElementPresentKeyword.groovy:68)
	at com.kms.katalon.core.keyword.internal.KeywordExecutor.executeKeywordForPlatform(KeywordExecutor.groovy:74)
	at com.kms.katalon.core.webui.keyword.WebUiBuiltInKeywords.verifyElementPresent(WebUiBuiltInKeywords.groovy:1448)
	at com.kazurayam.ksbackyard.HighlightElement$_pandemic_closure1.doCall(HighlightElement.groovy:105)
	at FormulaireInformationsPersonnelles.run(FormulaireInformationsPersonnelles:33)
	at com.kms.katalon.core.main.ScriptEngine.run(ScriptEngine.java:194)
	at com.kms.katalon.core.main.ScriptEngine.runScriptAsRawText(ScriptEngine.java:119)
	at com.kms.katalon.core.main.TestCaseExecutor.runScript(TestCaseExecutor.java:448)
	at com.kms.katalon.core.main.TestCaseExecutor.doExecute(TestCaseExecutor.java:439)
	at com.kms.katalon.core.main.TestCaseExecutor.processExecutionPhase(TestCaseExecutor.java:418)
	at com.kms.katalon.core.main.TestCaseExecutor.accessMainPhase(TestCaseExecutor.java:410)
	at com.kms.katalon.core.main.TestCaseExecutor.execute(TestCaseExecutor.java:285)
	at com.kms.katalon.core.main.TestCaseMain.runTestCase(TestCaseMain.java:144)
	at com.kms.katalon.core.keyword.builtin.CallTestCaseKeyword$_callTestCase_closure1.doCall(CallTestCaseKeyword.groovy:59)
	at com.kms.katalon.core.keyword.builtin.CallTestCaseKeyword$_callTestCase_closure1.call(CallTestCaseKeyword.groovy)
	at com.kms.katalon.core.keyword.internal.KeywordMain.runKeyword(KeywordMain.groovy:75)
	at com.kms.katalon.core.keyword.builtin.CallTestCaseKeyword.callTestCase(CallTestCaseKeyword.groovy:81)
	at com.kms.katalon.core.keyword.builtin.CallTestCaseKeyword.execute(CallTestCaseKeyword.groovy:44)
	at com.kms.katalon.core.keyword.internal.KeywordExecutor.executeKeywordForPlatform(KeywordExecutor.groovy:74)
	at com.kms.katalon.core.keyword.BuiltinKeywords.callTestCase(BuiltinKeywords.groovy:310)
	at com.kazurayam.ksbackyard.HighlightElement$_pandemic_closure1.doCall(HighlightElement.groovy:105)
	at TNR R.TSPT Supp90-Etudiant.run(TNR R.TSPT Supp90-Etudiant:47)
	at com.kms.katalon.core.main.ScriptEngine.run(ScriptEngine.java:194)
	at com.kms.katalon.core.main.ScriptEngine.runScriptAsRawText(ScriptEngine.java:119)
	at com.kms.katalon.core.main.TestCaseExecutor.runScript(TestCaseExecutor.java:448)
	at com.kms.katalon.core.main.TestCaseExecutor.doExecute(TestCaseExecutor.java:439)
	at com.kms.katalon.core.main.TestCaseExecutor.processExecutionPhase(TestCaseExecutor.java:418)
	at com.kms.katalon.core.main.TestCaseExecutor.accessMainPhase(TestCaseExecutor.java:410)
	at com.kms.katalon.core.main.TestCaseExecutor.execute(TestCaseExecutor.java:285)
	at com.kms.katalon.core.common.CommonExecutor.accessTestCaseMainPhase(CommonExecutor.java:65)
	at com.kms.katalon.core.main.TestSuiteExecutor.accessTestSuiteMainPhase(TestSuiteExecutor.java:148)
	at com.kms.katalon.core.main.TestSuiteExecutor.execute(TestSuiteExecutor.java:106)
	at com.kms.katalon.core.main.TestCaseMain.startTestSuite(TestCaseMain.java:187)
	at com.kms.katalon.core.main.TestCaseMain$startTestSuite$0.call(Unknown Source)
	at TempTestSuite1700643238830.run(TempTestSuite1700643238830.groovy:36)
)
[[ATTACHMENT|C:\\Users\\hhizaoui\\.git\\NewProject29092023\\Nouveau dossier1\\21_11\\ANEF-AutomatizationProject\\Reports\\20231122_095358\\TS_TNR_R.TSPT_Suppo90\\20231122_095358\\1700643361808.png]]

2023-11-22 09:56:01 - [TEST_STEP][PASSED] - delay(2): Delayed 2 second(s)

2023-11-22 09:56:01 - [MESSAGE][INFO] - Delaying browser in 2 second(s)

2023-11-22 09:56:03 - [MESSAGE][PASSED] - Delayed 2 second(s)

2023-11-22 09:56:03 - [TEST_STEP][PASSED] - if (verifyElementPresent(findTestObject("Object Repository/Page_InformationPersonnelles_Usager/CheckBox_DesEnfantsACharge_Non"), 1, OPTIONAL)): null

2023-11-22 09:56:03 - [MESSAGE][INFO] - Finding Test Object 'Object Repository/Page_InformationPersonnelles_Usager/CheckBox_DesEnfantsACharge_Non'

2023-11-22 09:56:04 - [MESSAGE][INFO] - Checking object

2023-11-22 09:56:04 - [MESSAGE][INFO] - Finding web element from Test Object's properties

2023-11-22 09:56:04 - [MESSAGE][INFO] - Checking timeout

2023-11-22 09:56:04 - [MESSAGE][INFO] - Finding web element with id: 'Object Repository/Page_InformationPersonnelles_Usager/CheckBox_DesEnfantsACharge_Non' located by 'By.xpath: //app-demande-ptsq//app-informations-personnelles-shared//app-has-enfants-charge//div//fieldset/div/div[2]/p-radiobutton/div/div[2]/span|//app-demande-visiteur//app-informations-personnelles-shared//app-has-enfants-charge/div/div/anef-input-radio/div/div/fieldset/div/div[2]/p-radiobutton/div/div[2]/span|//app-demande-ptch//app-informations-personnelles-shared//app-has-enfants-charge/div/div/anef-input-radio/div/div/fieldset/div/div[2]/p-radiobutton/div/div[2]/span|//div/app-has-enfants-charge/div/div/anef-input-radio/div/div/fieldset/div/div[2]/p-radiobutton/div/div[2]/span
' in '1' second(s)

2023-11-22 09:56:04 - [MESSAGE][INFO] - Smart Wait Function is triggered

2023-11-22 09:56:04 - [MESSAGE][INFO] - Found 1 web elements with id: 'Object Repository/Page_InformationPersonnelles_Usager/CheckBox_DesEnfantsACharge_Non' located by 'By.xpath: //app-demande-ptsq//app-informations-personnelles-shared//app-has-enfants-charge//div//fieldset/div/div[2]/p-radiobutton/div/div[2]/span|//app-demande-visiteur//app-informations-personnelles-shared//app-has-enfants-charge/div/div/anef-input-radio/div/div/fieldset/div/div[2]/p-radiobutton/div/div[2]/span|//app-demande-ptch//app-informations-personnelles-shared//app-has-enfants-charge/div/div/anef-input-radio/div/div/fieldset/div/div[2]/p-radiobutton/div/div[2]/span|//div/app-has-enfants-charge/div/div/anef-input-radio/div/div/fieldset/div/div[2]/p-radiobutton/div/div[2]/span
' in '1' second(s)

2023-11-22 09:56:04 - [MESSAGE][PASSED] - Object 'Object Repository/Page_InformationPersonnelles_Usager/CheckBox_DesEnfantsACharge_Non' is present

2023-11-22 09:56:04 - [TEST_STEP][PASSED] - check(findTestObject("Object Repository/Page_InformationPersonnelles_Usager/CheckBox_DesEnfantsACharge_Non"), OPTIONAL): Object 'Object Repository/Page_InformationPersonnelles_Usager/CheckBox_DesEnfantsACharge_Non' is checked

2023-11-22 09:56:04 - [MESSAGE][INFO] - Finding Test Object 'Object Repository/Page_InformationPersonnelles_Usager/CheckBox_DesEnfantsACharge_Non'

2023-11-22 09:56:04 - [MESSAGE][INFO] - Checking object

2023-11-22 09:56:04 - [MESSAGE][INFO] - Finding web element from Test Object's properties

2023-11-22 09:56:04 - [MESSAGE][INFO] - Checking timeout

2023-11-22 09:56:04 - [MESSAGE][INFO] - Finding web element with id: 'Object Repository/Page_InformationPersonnelles_Usager/CheckBox_DesEnfantsACharge_Non' located by 'By.xpath: //app-demande-ptsq//app-informations-personnelles-shared//app-has-enfants-charge//div//fieldset/div/div[2]/p-radiobutton/div/div[2]/span|//app-demande-visiteur//app-informations-personnelles-shared//app-has-enfants-charge/div/div/anef-input-radio/div/div/fieldset/div/div[2]/p-radiobutton/div/div[2]/span|//app-demande-ptch//app-informations-personnelles-shared//app-has-enfants-charge/div/div/anef-input-radio/div/div/fieldset/div/div[2]/p-radiobutton/div/div[2]/span|//div/app-has-enfants-charge/div/div/anef-input-radio/div/div/fieldset/div/div[2]/p-radiobutton/div/div[2]/span
' in '5' second(s)

2023-11-22 09:56:04 - [MESSAGE][INFO] - Smart Wait Function is triggered

2023-11-22 09:56:04 - [MESSAGE][INFO] - Found 1 web elements with id: 'Object Repository/Page_InformationPersonnelles_Usager/CheckBox_DesEnfantsACharge_Non' located by 'By.xpath: //app-demande-ptsq//app-informations-personnelles-shared//app-has-enfants-charge//div//fieldset/div/div[2]/p-radiobutton/div/div[2]/span|//app-demande-visiteur//app-informations-personnelles-shared//app-has-enfants-charge/div/div/anef-input-radio/div/div/fieldset/div/div[2]/p-radiobutton/div/div[2]/span|//app-demande-ptch//app-informations-personnelles-shared//app-has-enfants-charge/div/div/anef-input-radio/div/div/fieldset/div/div[2]/p-radiobutton/div/div[2]/span|//div/app-has-enfants-charge/div/div/anef-input-radio/div/div/fieldset/div/div[2]/p-radiobutton/div/div[2]/span
' in '5' second(s)

2023-11-22 09:56:04 - [MESSAGE][INFO] - Checking on bject 'Object Repository/Page_InformationPersonnelles_Usager/CheckBox_DesEnfantsACharge_Non'

2023-11-22 09:56:06 - [MESSAGE][PASSED] - Object 'Object Repository/Page_InformationPersonnelles_Usager/CheckBox_DesEnfantsACharge_Non' is checked

2023-11-22 09:56:06 - [TEST_STEP][PASSED] - delay(2): Delayed 2 second(s)

2023-11-22 09:56:06 - [MESSAGE][INFO] - Delaying browser in 2 second(s)

2023-11-22 09:56:08 - [MESSAGE][PASSED] - Delayed 2 second(s)

2023-11-22 09:56:08 - [TEST_STEP][PASSED] - setText(findTestObject("Object Repository/Page_InformationPersonnelles_Usager/Input_AdresseUsager"), AdresseUsager): Text '2 rue des 3 moulins 77000 melun' is set on object 'Object Repository/Page_InformationPersonnelles_Usager/Input_AdresseUsager'

2023-11-22 09:56:08 - [MESSAGE][INFO] - Finding Test Object 'Object Repository/Page_InformationPersonnelles_Usager/Input_AdresseUsager'

2023-11-22 09:56:08 - [MESSAGE][INFO] - Checking timeout

2023-11-22 09:56:08 - [MESSAGE][INFO] - Finding web element with id: 'Object Repository/Page_InformationPersonnelles_Usager/Input_AdresseUsager' located by 'By.xpath: //app-informations-personnelles//app-adresse-etalab//app-vls-ts-etalab//div/input|//app-informations-personnelles-shared//app-adresse-etalab//app-vls-ts-etalab//div/input' in '20' second(s)

2023-11-22 09:56:08 - [MESSAGE][INFO] - Smart Wait Function is triggered

2023-11-22 09:56:08 - [MESSAGE][INFO] - Found 1 web elements with id: 'Object Repository/Page_InformationPersonnelles_Usager/Input_AdresseUsager' located by 'By.xpath: //app-informations-personnelles//app-adresse-etalab//app-vls-ts-etalab//div/input|//app-informations-personnelles-shared//app-adresse-etalab//app-vls-ts-etalab//div/input' in '20' second(s)

2023-11-22 09:56:08 - [MESSAGE][INFO] - Checking object

2023-11-22 09:56:08 - [MESSAGE][INFO] - Checking text

2023-11-22 09:56:08 - [MESSAGE][INFO] - Finding web element from Test Object's properties

2023-11-22 09:56:08 - [MESSAGE][INFO] - Checking timeout

2023-11-22 09:56:08 - [MESSAGE][INFO] - Finding web element with id: 'Object Repository/Page_InformationPersonnelles_Usager/Input_AdresseUsager' located by 'By.xpath: //app-informations-personnelles//app-adresse-etalab//app-vls-ts-etalab//div/input|//app-informations-personnelles-shared//app-adresse-etalab//app-vls-ts-etalab//div/input' in '5' second(s)

2023-11-22 09:56:08 - [MESSAGE][INFO] - Smart Wait Function is triggered

2023-11-22 09:56:08 - [MESSAGE][INFO] - Found 1 web elements with id: 'Object Repository/Page_InformationPersonnelles_Usager/Input_AdresseUsager' located by 'By.xpath: //app-informations-personnelles//app-adresse-etalab//app-vls-ts-etalab//div/input|//app-informations-personnelles-shared//app-adresse-etalab//app-vls-ts-etalab//div/input' in '5' second(s)

2023-11-22 09:56:08 - [MESSAGE][INFO] - Clearing text of object 'Object Repository/Page_InformationPersonnelles_Usager/Input_AdresseUsager'

2023-11-22 09:56:10 - [MESSAGE][INFO] - Finding web element from Test Object's properties

2023-11-22 09:56:10 - [MESSAGE][INFO] - Checking timeout

2023-11-22 09:56:10 - [MESSAGE][INFO] - Finding web element with id: 'Object Repository/Page_InformationPersonnelles_Usager/Input_AdresseUsager' located by 'By.xpath: //app-informations-personnelles//app-adresse-etalab//app-vls-ts-etalab//div/input|//app-informations-personnelles-shared//app-adresse-etalab//app-vls-ts-etalab//div/input' in '5' second(s)

2023-11-22 09:56:10 - [MESSAGE][INFO] - Smart Wait Function is triggered

2023-11-22 09:56:10 - [MESSAGE][INFO] - Found 1 web elements with id: 'Object Repository/Page_InformationPersonnelles_Usager/Input_AdresseUsager' located by 'By.xpath: //app-informations-personnelles//app-adresse-etalab//app-vls-ts-etalab//div/input|//app-informations-personnelles-shared//app-adresse-etalab//app-vls-ts-etalab//div/input' in '5' second(s)

2023-11-22 09:56:10 - [MESSAGE][INFO] - Setting text of object 'Object Repository/Page_InformationPersonnelles_Usager/Input_AdresseUsager' to value '2 rue des 3 moulins 77000 melun'

2023-11-22 09:56:13 - [MESSAGE][PASSED] - Text '2 rue des 3 moulins 77000 melun' is set on object 'Object Repository/Page_InformationPersonnelles_Usager/Input_AdresseUsager'

2023-11-22 09:56:13 - [TEST_STEP][PASSED] - delay(2): Delayed 2 second(s)

2023-11-22 09:56:13 - [MESSAGE][INFO] - Delaying browser in 2 second(s)

2023-11-22 09:56:15 - [MESSAGE][PASSED] - Delayed 2 second(s)

2023-11-22 09:56:15 - [TEST_STEP][PASSED] - setText(findTestObject("Object Repository/Page_InformationPersonnelles_Usager/Input_NumeroDeTelephone"), NumeroTelephoneUsager): Text '0911223344' is set on object 'Object Repository/Page_InformationPersonnelles_Usager/Input_NumeroDeTelephone'

2023-11-22 09:56:15 - [MESSAGE][INFO] - Finding Test Object 'Object Repository/Page_InformationPersonnelles_Usager/Input_NumeroDeTelephone'

2023-11-22 09:56:15 - [MESSAGE][INFO] - Checking timeout

2023-11-22 09:56:15 - [MESSAGE][INFO] - Finding web element with id: 'Object Repository/Page_InformationPersonnelles_Usager/Input_NumeroDeTelephone' located by 'By.xpath: //*[@aria-labelledby="TELEPHONE_PORTABLE-label"]' in '20' second(s)

2023-11-22 09:56:15 - [MESSAGE][INFO] - Smart Wait Function is triggered

2023-11-22 09:56:15 - [MESSAGE][INFO] - Found 1 web elements with id: 'Object Repository/Page_InformationPersonnelles_Usager/Input_NumeroDeTelephone' located by 'By.xpath: //*[@aria-labelledby="TELEPHONE_PORTABLE-label"]' in '20' second(s)

2023-11-22 09:56:15 - [MESSAGE][INFO] - Checking object

2023-11-22 09:56:15 - [MESSAGE][INFO] - Checking text

2023-11-22 09:56:15 - [MESSAGE][INFO] - Finding web element from Test Object's properties

2023-11-22 09:56:15 - [MESSAGE][INFO] - Checking timeout

2023-11-22 09:56:15 - [MESSAGE][INFO] - Finding web element with id: 'Object Repository/Page_InformationPersonnelles_Usager/Input_NumeroDeTelephone' located by 'By.xpath: //*[@aria-labelledby="TELEPHONE_PORTABLE-label"]' in '5' second(s)

2023-11-22 09:56:15 - [MESSAGE][INFO] - Smart Wait Function is triggered

2023-11-22 09:56:15 - [MESSAGE][INFO] - Found 1 web elements with id: 'Object Repository/Page_InformationPersonnelles_Usager/Input_NumeroDeTelephone' located by 'By.xpath: //*[@aria-labelledby="TELEPHONE_PORTABLE-label"]' in '5' second(s)

2023-11-22 09:56:15 - [MESSAGE][INFO] - Clearing text of object 'Object Repository/Page_InformationPersonnelles_Usager/Input_NumeroDeTelephone'

2023-11-22 09:56:17 - [MESSAGE][INFO] - Finding web element from Test Object's properties

2023-11-22 09:56:17 - [MESSAGE][INFO] - Checking timeout

2023-11-22 09:56:17 - [MESSAGE][INFO] - Finding web element with id: 'Object Repository/Page_InformationPersonnelles_Usager/Input_NumeroDeTelephone' located by 'By.xpath: //*[@aria-labelledby="TELEPHONE_PORTABLE-label"]' in '5' second(s)

2023-11-22 09:56:17 - [MESSAGE][INFO] - Smart Wait Function is triggered

2023-11-22 09:56:17 - [MESSAGE][INFO] - Found 1 web elements with id: 'Object Repository/Page_InformationPersonnelles_Usager/Input_NumeroDeTelephone' located by 'By.xpath: //*[@aria-labelledby="TELEPHONE_PORTABLE-label"]' in '5' second(s)

2023-11-22 09:56:17 - [MESSAGE][INFO] - Setting text of object 'Object Repository/Page_InformationPersonnelles_Usager/Input_NumeroDeTelephone' to value '0911223344'

2023-11-22 09:56:20 - [MESSAGE][PASSED] - Text '0911223344' is set on object 'Object Repository/Page_InformationPersonnelles_Usager/Input_NumeroDeTelephone'

2023-11-22 09:56:20 - [TEST_STEP][PASSED] - click(findTestObject("Object Repository/Page_DemarcheRenouvellement/btn_EnregistrerEtPoursuivre")): Object: 'Object Repository/Page_DemarcheRenouvellement/btn_EnregistrerEtPoursuivre' is clicked on

2023-11-22 09:56:20 - [MESSAGE][INFO] - Finding Test Object 'Object Repository/Page_DemarcheRenouvellement/btn_EnregistrerEtPoursuivre'

2023-11-22 09:56:20 - [MESSAGE][INFO] - Checking timeout

2023-11-22 09:56:20 - [MESSAGE][INFO] - Finding web element with id: 'Object Repository/Page_DemarcheRenouvellement/btn_EnregistrerEtPoursuivre' located by 'By.xpath: //span[text()='Enregistrer et poursuivre >']' in '20' second(s)

2023-11-22 09:56:20 - [MESSAGE][INFO] - Smart Wait Function is triggered

2023-11-22 09:56:20 - [MESSAGE][INFO] - Found 1 web elements with id: 'Object Repository/Page_DemarcheRenouvellement/btn_EnregistrerEtPoursuivre' located by 'By.xpath: //span[text()='Enregistrer et poursuivre >']' in '20' second(s)

2023-11-22 09:56:20 - [MESSAGE][INFO] - Checking object

2023-11-22 09:56:20 - [MESSAGE][INFO] - Checking timeout

2023-11-22 09:56:20 - [MESSAGE][INFO] - Finding web element from Test Object's properties

2023-11-22 09:56:20 - [MESSAGE][INFO] - Checking timeout

2023-11-22 09:56:20 - [MESSAGE][INFO] - Finding web element with id: 'Object Repository/Page_DemarcheRenouvellement/btn_EnregistrerEtPoursuivre' located by 'By.xpath: //span[text()='Enregistrer et poursuivre >']' in '5' second(s)

2023-11-22 09:56:20 - [MESSAGE][INFO] - Smart Wait Function is triggered

2023-11-22 09:56:20 - [MESSAGE][INFO] - Found 1 web elements with id: 'Object Repository/Page_DemarcheRenouvellement/btn_EnregistrerEtPoursuivre' located by 'By.xpath: //span[text()='Enregistrer et poursuivre >']' in '5' second(s)

2023-11-22 09:56:20 - [MESSAGE][INFO] - Clicking on object: 'Object Repository/Page_DemarcheRenouvellement/btn_EnregistrerEtPoursuivre'

2023-11-22 09:56:22 - [MESSAGE][PASSED] - Object: 'Object Repository/Page_DemarcheRenouvellement/btn_EnregistrerEtPoursuivre' is clicked on

2023-11-22 09:56:22 - [MESSAGE][PASSED] - Call Test Case 'Test Cases/Test Reutilisable/DemandeOuRenouvelle_TitreSejour/FormulaireInformationsPersonnelles' successfully

2023-11-22 09:56:22 - [TEST_STEP][PASSED] - callTestCase(findTestCase("Test Reutilisable/DemandeOuRenouvelle_TitreSejour/FormulaireMotifDeLaDemande"), ["TypeTitreDeSejour":TypeTitreDeSejour, "Titre":Titre], STOP_ON_FAILURE): Call Test Case 'Test Cases/Test Reutilisable/DemandeOuRenouvelle_TitreSejour/FormulaireMotifDeLaDemande' successfully

2023-11-22 09:56:22 - [MESSAGE][INFO] - Checking called Test Case

2023-11-22 09:56:22 - [MESSAGE][INFO] - Starting to call Test Case 'Test Cases/Test Reutilisable/DemandeOuRenouvelle_TitreSejour/FormulaireMotifDeLaDemande'

2023-11-22 09:56:22 - [TEST_CASE][PASSED] - Test Cases/Test Reutilisable/DemandeOuRenouvelle_TitreSejour/FormulaireMotifDeLaDemande: Test Cases/Test Reutilisable/DemandeOuRenouvelle_TitreSejour/FormulaireMotifDeLaDemande

2023-11-22 09:56:23 - [TEST_STEP][PASSED] - com.kazurayam.ksbackyard.HighlightElement.pandemic(): com.kazurayam.ksbackyard.HighlightElement.pandemic is PASSED

2023-11-22 09:56:23 - [MESSAGE][PASSED] - com.kazurayam.ksbackyard.HighlightElement.pandemic is PASSED

2023-11-22 09:56:23 - [TEST_STEP][PASSED] - if (TypeTitreDeSejour == "RenouvellementDeTitreSejour" && Titre == "Etudiant"): null

2023-11-22 09:56:23 - [TEST_STEP][PASSED] - if (TypeTitreDeSejour == "Visiteur" && Titre == "Etudiant" || TypeTitreDeSejour == "RenouvellementDeTitreSejour" && Titre == "Visiteur"): null

2023-11-22 09:56:23 - [TEST_STEP][PASSED] - if (TypeTitreDeSejour == "TS-PT-SalarieQualifie" && Titre == "Visiteur" || Titre == "Etudiant"): null

2023-11-22 09:56:23 - [TEST_STEP][PASSED] - if (TypeTitreDeSejour == "TS-PT-SalarieEntrepriseInnovante" && Titre == "Visiteur" || Titre == "Etudiant"): null

2023-11-22 09:56:23 - [TEST_STEP][PASSED] - if (TypeTitreDeSejour == "TS-PT-CarteBleueEuropeenne" && Titre == "Visiteur" || Titre == "Etudiant"): null

2023-11-22 09:56:23 - [TEST_STEP][PASSED] - if (TypeTitreDeSejour == "TS-PT-SalarieEnMission" && Titre == "Visiteur" || Titre == "Etudiant"): null

2023-11-22 09:56:23 - [TEST_STEP][PASSED] - if (TypeTitreDeSejour == "ChercheurEtChercheurEnMobilite" && Titre == "Visiteur" || Titre == "Etudiant"): null

2023-11-22 09:56:23 - [TEST_STEP][PASSED] - if (TypeTitreDeSejour == "FrenchTechVisaForInvestors" && Titre == "Visiteur" || Titre == "Etudiant"): null

2023-11-22 09:56:23 - [TEST_STEP][PASSED] - if (TypeTitreDeSejour == "CreateurDEntreprise" && Titre == "Visiteur" || TypeTitreDeSejour == "CreateurDEntreprise" && Titre == "Etudiant"): null

2023-11-22 09:56:23 - [TEST_STEP][PASSED] - if (TypeTitreDeSejour == "FrenchTechVisaForFounders" && Titre == "Etudiant" || TypeTitreDeSejour == "FrenchTechVisaForFounders" && Titre == "Visiteur"): null

2023-11-22 09:56:23 - [TEST_STEP][PASSED] - if (TypeTitreDeSejour == "MandataireSocial" && Titre == "Etudiant" || TypeTitreDeSejour == "MandataireSocial" && Titre == "Visiteur"): null

2023-11-22 09:56:23 - [TEST_STEP][PASSED] - if (TypeTitreDeSejour == "ArtisteNonSalarie" && Titre == "Etudiant" || TypeTitreDeSejour == "ArtisteNonSalarie" && Titre == "Visiteur"): null

2023-11-22 09:56:23 - [TEST_STEP][PASSED] - if (TypeTitreDeSejour == "ArtisteSalarie" && Titre == "Etudiant" || TypeTitreDeSejour == "ArtisteSalarie" && Titre == "Visiteur"): Object: 'Object Repository/Page_DemarcheRenouvellement/btn_EnregistrerEtPoursuivre' is clicked on

2023-11-22 09:56:23 - [TEST_STEP][PASSED] - "Veuillez sÃ©lectionner l'option correspondant Ã  votre situation: Artiste salariÃ©": null

2023-11-22 09:56:23 - [TEST_STEP][PASSED] - click(findTestObject("Object Repository/Page_MotifDeLaDemande_Usager/CheckBox_Artiste_Salarie")): Object: 'Object Repository/Page_MotifDeLaDemande_Usager/CheckBox_Artiste_Salarie' is clicked on

2023-11-22 09:56:23 - [MESSAGE][INFO] - Finding Test Object 'Object Repository/Page_MotifDeLaDemande_Usager/CheckBox_Artiste_Salarie'

2023-11-22 09:56:23 - [MESSAGE][INFO] - Checking timeout

2023-11-22 09:56:23 - [MESSAGE][INFO] - Finding web element with id: 'Object Repository/Page_MotifDeLaDemande_Usager/CheckBox_Artiste_Salarie' located by 'By.xpath: //div/div/div[1]/p-radiobutton/div/div[2]/span' in '20' second(s)

2023-11-22 09:56:23 - [MESSAGE][INFO] - Smart Wait Function is triggered

2023-11-22 09:56:23 - [MESSAGE][INFO] - Found 1 web elements with id: 'Object Repository/Page_MotifDeLaDemande_Usager/CheckBox_Artiste_Salarie' located by 'By.xpath: //div/div/div[1]/p-radiobutton/div/div[2]/span' in '20' second(s)

2023-11-22 09:56:23 - [MESSAGE][INFO] - Checking object

2023-11-22 09:56:23 - [MESSAGE][INFO] - Checking timeout

2023-11-22 09:56:23 - [MESSAGE][INFO] - Finding web element from Test Object's properties

2023-11-22 09:56:23 - [MESSAGE][INFO] - Checking timeout

2023-11-22 09:56:23 - [MESSAGE][INFO] - Finding web element with id: 'Object Repository/Page_MotifDeLaDemande_Usager/CheckBox_Artiste_Salarie' located by 'By.xpath: //div/div/div[1]/p-radiobutton/div/div[2]/span' in '5' second(s)

2023-11-22 09:56:23 - [MESSAGE][INFO] - Smart Wait Function is triggered

2023-11-22 09:56:23 - [MESSAGE][INFO] - Found 1 web elements with id: 'Object Repository/Page_MotifDeLaDemande_Usager/CheckBox_Artiste_Salarie' located by 'By.xpath: //div/div/div[1]/p-radiobutton/div/div[2]/span' in '5' second(s)

2023-11-22 09:56:23 - [MESSAGE][INFO] - Clicking on object: 'Object Repository/Page_MotifDeLaDemande_Usager/CheckBox_Artiste_Salarie'

2023-11-22 09:56:25 - [MESSAGE][PASSED] - Object: 'Object Repository/Page_MotifDeLaDemande_Usager/CheckBox_Artiste_Salarie' is clicked on

2023-11-22 09:56:25 - [TEST_STEP][PASSED] - setText(findTestObject("Object Repository/Page_MotifDeLaDemande_Usager/input_IntituleDeLEmploi"), "IntituleDeLEmploi"): Text 'IntituleDeLEmploi' is set on object 'Object Repository/Page_MotifDeLaDemande_Usager/input_IntituleDeLEmploi'

2023-11-22 09:56:25 - [MESSAGE][INFO] - Finding Test Object 'Object Repository/Page_MotifDeLaDemande_Usager/input_IntituleDeLEmploi'

2023-11-22 09:56:25 - [MESSAGE][INFO] - Checking timeout

2023-11-22 09:56:25 - [MESSAGE][INFO] - Finding web element with id: 'Object Repository/Page_MotifDeLaDemande_Usager/input_IntituleDeLEmploi' located by 'By.xpath: //*[@aria-labelledby="INTITULE_EMPLOI-label"]' in '20' second(s)

2023-11-22 09:56:25 - [MESSAGE][INFO] - Smart Wait Function is triggered

2023-11-22 09:56:25 - [MESSAGE][INFO] - Found 1 web elements with id: 'Object Repository/Page_MotifDeLaDemande_Usager/input_IntituleDeLEmploi' located by 'By.xpath: //*[@aria-labelledby="INTITULE_EMPLOI-label"]' in '20' second(s)

2023-11-22 09:56:25 - [MESSAGE][INFO] - Checking object

2023-11-22 09:56:25 - [MESSAGE][INFO] - Checking text

2023-11-22 09:56:25 - [MESSAGE][INFO] - Finding web element from Test Object's properties

2023-11-22 09:56:25 - [MESSAGE][INFO] - Checking timeout

2023-11-22 09:56:25 - [MESSAGE][INFO] - Finding web element with id: 'Object Repository/Page_MotifDeLaDemande_Usager/input_IntituleDeLEmploi' located by 'By.xpath: //*[@aria-labelledby="INTITULE_EMPLOI-label"]' in '5' second(s)

2023-11-22 09:56:25 - [MESSAGE][INFO] - Smart Wait Function is triggered

2023-11-22 09:56:25 - [MESSAGE][INFO] - Found 1 web elements with id: 'Object Repository/Page_MotifDeLaDemande_Usager/input_IntituleDeLEmploi' located by 'By.xpath: //*[@aria-labelledby="INTITULE_EMPLOI-label"]' in '5' second(s)

2023-11-22 09:56:25 - [MESSAGE][INFO] - Clearing text of object 'Object Repository/Page_MotifDeLaDemande_Usager/input_IntituleDeLEmploi'

2023-11-22 09:56:28 - [MESSAGE][INFO] - Finding web element from Test Object's properties

2023-11-22 09:56:28 - [MESSAGE][INFO] - Checking timeout

2023-11-22 09:56:28 - [MESSAGE][INFO] - Finding web element with id: 'Object Repository/Page_MotifDeLaDemande_Usager/input_IntituleDeLEmploi' located by 'By.xpath: //*[@aria-labelledby="INTITULE_EMPLOI-label"]' in '5' second(s)

2023-11-22 09:56:28 - [MESSAGE][INFO] - Smart Wait Function is triggered

2023-11-22 09:56:28 - [MESSAGE][INFO] - Found 1 web elements with id: 'Object Repository/Page_MotifDeLaDemande_Usager/input_IntituleDeLEmploi' located by 'By.xpath: //*[@aria-labelledby="INTITULE_EMPLOI-label"]' in '5' second(s)

2023-11-22 09:56:28 - [MESSAGE][INFO] - Setting text of object 'Object Repository/Page_MotifDeLaDemande_Usager/input_IntituleDeLEmploi' to value 'IntituleDeLEmploi'

2023-11-22 09:56:30 - [MESSAGE][PASSED] - Text 'IntituleDeLEmploi' is set on object 'Object Repository/Page_MotifDeLaDemande_Usager/input_IntituleDeLEmploi'

2023-11-22 09:56:30 - [TEST_STEP][PASSED] - click(findTestObject("Object Repository/Page_MotifDeLaDemande_Usager/select_TypeDeContrat")): Object: 'Object Repository/Page_MotifDeLaDemande_Usager/select_TypeDeContrat' is clicked on

2023-11-22 09:56:30 - [MESSAGE][INFO] - Finding Test Object 'Object Repository/Page_MotifDeLaDemande_Usager/select_TypeDeContrat'

2023-11-22 09:56:30 - [MESSAGE][INFO] - Checking timeout

2023-11-22 09:56:30 - [MESSAGE][INFO] - Finding web element with id: 'Object Repository/Page_MotifDeLaDemande_Usager/select_TypeDeContrat' located by 'By.xpath: //*[@id="TYPE_CONTRAT"]/div/div[4]/span' in '20' second(s)

2023-11-22 09:56:30 - [MESSAGE][INFO] - Smart Wait Function is triggered

2023-11-22 09:56:30 - [MESSAGE][INFO] - Found 1 web elements with id: 'Object Repository/Page_MotifDeLaDemande_Usager/select_TypeDeContrat' located by 'By.xpath: //*[@id="TYPE_CONTRAT"]/div/div[4]/span' in '20' second(s)

2023-11-22 09:56:30 - [MESSAGE][INFO] - Checking object

2023-11-22 09:56:30 - [MESSAGE][INFO] - Checking timeout

2023-11-22 09:56:30 - [MESSAGE][INFO] - Finding web element from Test Object's properties

2023-11-22 09:56:30 - [MESSAGE][INFO] - Checking timeout

2023-11-22 09:56:30 - [MESSAGE][INFO] - Finding web element with id: 'Object Repository/Page_MotifDeLaDemande_Usager/select_TypeDeContrat' located by 'By.xpath: //*[@id="TYPE_CONTRAT"]/div/div[4]/span' in '5' second(s)

2023-11-22 09:56:30 - [MESSAGE][INFO] - Smart Wait Function is triggered

2023-11-22 09:56:30 - [MESSAGE][INFO] - Found 1 web elements with id: 'Object Repository/Page_MotifDeLaDemande_Usager/select_TypeDeContrat' located by 'By.xpath: //*[@id="TYPE_CONTRAT"]/div/div[4]/span' in '5' second(s)

2023-11-22 09:56:30 - [MESSAGE][INFO] - Clicking on object: 'Object Repository/Page_MotifDeLaDemande_Usager/select_TypeDeContrat'

2023-11-22 09:56:32 - [MESSAGE][PASSED] - Object: 'Object Repository/Page_MotifDeLaDemande_Usager/select_TypeDeContrat' is clicked on

2023-11-22 09:56:32 - [TEST_STEP][PASSED] - click(findTestObject("Object Repository/Page_MotifDeLaDemande_Usager/select_Value_TypeDeContrat")): Object: 'Object Repository/Page_MotifDeLaDemande_Usager/select_Value_TypeDeContrat' is clicked on

2023-11-22 09:56:32 - [MESSAGE][INFO] - Finding Test Object 'Object Repository/Page_MotifDeLaDemande_Usager/select_Value_TypeDeContrat'

2023-11-22 09:56:32 - [MESSAGE][INFO] - Checking timeout

2023-11-22 09:56:32 - [MESSAGE][INFO] - Finding web element with id: 'Object Repository/Page_MotifDeLaDemande_Usager/select_Value_TypeDeContrat' located by 'By.xpath: //*[@id="TYPE_CONTRAT"]/div/div[5]/div/ul/p-dropdownitem[2]/li' in '20' second(s)

2023-11-22 09:56:32 - [MESSAGE][INFO] - Smart Wait Function is triggered

2023-11-22 09:56:32 - [MESSAGE][INFO] - Found 1 web elements with id: 'Object Repository/Page_MotifDeLaDemande_Usager/select_Value_TypeDeContrat' located by 'By.xpath: //*[@id="TYPE_CONTRAT"]/div/div[5]/div/ul/p-dropdownitem[2]/li' in '20' second(s)

2023-11-22 09:56:33 - [MESSAGE][INFO] - Checking object

2023-11-22 09:56:33 - [MESSAGE][INFO] - Checking timeout

2023-11-22 09:56:33 - [MESSAGE][INFO] - Finding web element from Test Object's properties

2023-11-22 09:56:33 - [MESSAGE][INFO] - Checking timeout

2023-11-22 09:56:33 - [MESSAGE][INFO] - Finding web element with id: 'Object Repository/Page_MotifDeLaDemande_Usager/select_Value_TypeDeContrat' located by 'By.xpath: //*[@id="TYPE_CONTRAT"]/div/div[5]/div/ul/p-dropdownitem[2]/li' in '5' second(s)

2023-11-22 09:56:33 - [MESSAGE][INFO] - Smart Wait Function is triggered

2023-11-22 09:56:33 - [MESSAGE][INFO] - Found 1 web elements with id: 'Object Repository/Page_MotifDeLaDemande_Usager/select_Value_TypeDeContrat' located by 'By.xpath: //*[@id="TYPE_CONTRAT"]/div/div[5]/div/ul/p-dropdownitem[2]/li' in '5' second(s)

2023-11-22 09:56:33 - [MESSAGE][INFO] - Clicking on object: 'Object Repository/Page_MotifDeLaDemande_Usager/select_Value_TypeDeContrat'

2023-11-22 09:56:35 - [MESSAGE][PASSED] - Object: 'Object Repository/Page_MotifDeLaDemande_Usager/select_Value_TypeDeContrat' is clicked on

2023-11-22 09:56:35 - [TEST_STEP][PASSED] - setText(findTestObject("Object Repository/Page_MotifDeLaDemande_Usager/input_Jour_TypeDeContratCDI"), "22"): Text '22' is set on object 'Object Repository/Page_MotifDeLaDemande_Usager/input_Jour_TypeDeContratCDI'

2023-11-22 09:56:35 - [MESSAGE][INFO] - Finding Test Object 'Object Repository/Page_MotifDeLaDemande_Usager/input_Jour_TypeDeContratCDI'

2023-11-22 09:56:35 - [MESSAGE][INFO] - Checking timeout

2023-11-22 09:56:35 - [MESSAGE][INFO] - Finding web element with id: 'Object Repository/Page_MotifDeLaDemande_Usager/input_Jour_TypeDeContratCDI' located by 'By.xpath: //*[@id="JOUR"]' in '20' second(s)

2023-11-22 09:56:35 - [MESSAGE][INFO] - Smart Wait Function is triggered

2023-11-22 09:56:35 - [MESSAGE][INFO] - Found 1 web elements with id: 'Object Repository/Page_MotifDeLaDemande_Usager/input_Jour_TypeDeContratCDI' located by 'By.xpath: //*[@id="JOUR"]' in '20' second(s)

2023-11-22 09:56:35 - [MESSAGE][INFO] - Checking object

2023-11-22 09:56:35 - [MESSAGE][INFO] - Checking text

2023-11-22 09:56:35 - [MESSAGE][INFO] - Finding web element from Test Object's properties

2023-11-22 09:56:35 - [MESSAGE][INFO] - Checking timeout

2023-11-22 09:56:35 - [MESSAGE][INFO] - Finding web element with id: 'Object Repository/Page_MotifDeLaDemande_Usager/input_Jour_TypeDeContratCDI' located by 'By.xpath: //*[@id="JOUR"]' in '5' second(s)

2023-11-22 09:56:35 - [MESSAGE][INFO] - Smart Wait Function is triggered

2023-11-22 09:56:35 - [MESSAGE][INFO] - Found 1 web elements with id: 'Object Repository/Page_MotifDeLaDemande_Usager/input_Jour_TypeDeContratCDI' located by 'By.xpath: //*[@id="JOUR"]' in '5' second(s)

2023-11-22 09:56:35 - [MESSAGE][INFO] - Clearing text of object 'Object Repository/Page_MotifDeLaDemande_Usager/input_Jour_TypeDeContratCDI'

2023-11-22 09:56:37 - [MESSAGE][INFO] - Finding web element from Test Object's properties

2023-11-22 09:56:37 - [MESSAGE][INFO] - Checking timeout

2023-11-22 09:56:37 - [MESSAGE][INFO] - Finding web element with id: 'Object Repository/Page_MotifDeLaDemande_Usager/input_Jour_TypeDeContratCDI' located by 'By.xpath: //*[@id="JOUR"]' in '5' second(s)

2023-11-22 09:56:37 - [MESSAGE][INFO] - Smart Wait Function is triggered

2023-11-22 09:56:37 - [MESSAGE][INFO] - Found 1 web elements with id: 'Object Repository/Page_MotifDeLaDemande_Usager/input_Jour_TypeDeContratCDI' located by 'By.xpath: //*[@id="JOUR"]' in '5' second(s)

2023-11-22 09:56:37 - [MESSAGE][INFO] - Setting text of object 'Object Repository/Page_MotifDeLaDemande_Usager/input_Jour_TypeDeContratCDI' to value '22'

2023-11-22 09:56:39 - [MESSAGE][PASSED] - Text '22' is set on object 'Object Repository/Page_MotifDeLaDemande_Usager/input_Jour_TypeDeContratCDI'

2023-11-22 09:56:39 - [TEST_STEP][PASSED] - click(findTestObject("Object Repository/Page_MotifDeLaDemande_Usager/select_Mois_TypeDeContratCDI")): Object: 'Object Repository/Page_MotifDeLaDemande_Usager/select_Mois_TypeDeContratCDI' is clicked on

2023-11-22 09:56:39 - [MESSAGE][INFO] - Finding Test Object 'Object Repository/Page_MotifDeLaDemande_Usager/select_Mois_TypeDeContratCDI'

2023-11-22 09:56:39 - [MESSAGE][INFO] - Checking timeout

2023-11-22 09:56:39 - [MESSAGE][INFO] - Finding web element with id: 'Object Repository/Page_MotifDeLaDemande_Usager/select_Mois_TypeDeContratCDI' located by 'By.xpath: //*[@id="MOIS"]/div/div[4]/span' in '20' second(s)

2023-11-22 09:56:39 - [MESSAGE][INFO] - Smart Wait Function is triggered

2023-11-22 09:56:39 - [MESSAGE][INFO] - Found 1 web elements with id: 'Object Repository/Page_MotifDeLaDemande_Usager/select_Mois_TypeDeContratCDI' located by 'By.xpath: //*[@id="MOIS"]/div/div[4]/span' in '20' second(s)

2023-11-22 09:56:39 - [MESSAGE][INFO] - Checking object

2023-11-22 09:56:39 - [MESSAGE][INFO] - Checking timeout

2023-11-22 09:56:39 - [MESSAGE][INFO] - Finding web element from Test Object's properties

2023-11-22 09:56:39 - [MESSAGE][INFO] - Checking timeout

2023-11-22 09:56:39 - [MESSAGE][INFO] - Finding web element with id: 'Object Repository/Page_MotifDeLaDemande_Usager/select_Mois_TypeDeContratCDI' located by 'By.xpath: //*[@id="MOIS"]/div/div[4]/span' in '5' second(s)

2023-11-22 09:56:39 - [MESSAGE][INFO] - Smart Wait Function is triggered

2023-11-22 09:56:39 - [MESSAGE][INFO] - Found 1 web elements with id: 'Object Repository/Page_MotifDeLaDemande_Usager/select_Mois_TypeDeContratCDI' located by 'By.xpath: //*[@id="MOIS"]/div/div[4]/span' in '5' second(s)

2023-11-22 09:56:39 - [MESSAGE][INFO] - Clicking on object: 'Object Repository/Page_MotifDeLaDemande_Usager/select_Mois_TypeDeContratCDI'

2023-11-22 09:56:41 - [MESSAGE][PASSED] - Object: 'Object Repository/Page_MotifDeLaDemande_Usager/select_Mois_TypeDeContratCDI' is clicked on

2023-11-22 09:56:41 - [TEST_STEP][PASSED] - delay(2): Delayed 2 second(s)

2023-11-22 09:56:41 - [MESSAGE][INFO] - Delaying browser in 2 second(s)

2023-11-22 09:56:43 - [MESSAGE][PASSED] - Delayed 2 second(s)

2023-11-22 09:56:44 - [TEST_STEP][PASSED] - click(findTestObject("Object Repository/Page_MotifDeLaDemande_Usager/select_Value_Mois_TypeDeContratCDI")): Object: 'Object Repository/Page_MotifDeLaDemande_Usager/select_Value_Mois_TypeDeContratCDI' is clicked on

2023-11-22 09:56:44 - [MESSAGE][INFO] - Finding Test Object 'Object Repository/Page_MotifDeLaDemande_Usager/select_Value_Mois_TypeDeContratCDI'

2023-11-22 09:56:44 - [MESSAGE][INFO] - Checking timeout

2023-11-22 09:56:44 - [MESSAGE][INFO] - Finding web element with id: 'Object Repository/Page_MotifDeLaDemande_Usager/select_Value_Mois_TypeDeContratCDI' located by 'By.xpath: //*[@id="MOIS"]/div/div[5]/div/ul/p-dropdownitem[4]/li/span' in '20' second(s)

2023-11-22 09:56:44 - [MESSAGE][INFO] - Smart Wait Function is triggered

2023-11-22 09:56:44 - [MESSAGE][INFO] - Found 1 web elements with id: 'Object Repository/Page_MotifDeLaDemande_Usager/select_Value_Mois_TypeDeContratCDI' located by 'By.xpath: //*[@id="MOIS"]/div/div[5]/div/ul/p-dropdownitem[4]/li/span' in '20' second(s)

2023-11-22 09:56:44 - [MESSAGE][INFO] - Checking object

2023-11-22 09:56:44 - [MESSAGE][INFO] - Checking timeout

2023-11-22 09:56:44 - [MESSAGE][INFO] - Finding web element from Test Object's properties

2023-11-22 09:56:44 - [MESSAGE][INFO] - Checking timeout

2023-11-22 09:56:44 - [MESSAGE][INFO] - Finding web element with id: 'Object Repository/Page_MotifDeLaDemande_Usager/select_Value_Mois_TypeDeContratCDI' located by 'By.xpath: //*[@id="MOIS"]/div/div[5]/div/ul/p-dropdownitem[4]/li/span' in '5' second(s)

2023-11-22 09:56:44 - [MESSAGE][INFO] - Smart Wait Function is triggered

2023-11-22 09:56:44 - [MESSAGE][INFO] - Found 1 web elements with id: 'Object Repository/Page_MotifDeLaDemande_Usager/select_Value_Mois_TypeDeContratCDI' located by 'By.xpath: //*[@id="MOIS"]/div/div[5]/div/ul/p-dropdownitem[4]/li/span' in '5' second(s)

2023-11-22 09:56:44 - [MESSAGE][INFO] - Clicking on object: 'Object Repository/Page_MotifDeLaDemande_Usager/select_Value_Mois_TypeDeContratCDI'

2023-11-22 09:56:46 - [MESSAGE][PASSED] - Object: 'Object Repository/Page_MotifDeLaDemande_Usager/select_Value_Mois_TypeDeContratCDI' is clicked on

2023-11-22 09:56:46 - [TEST_STEP][PASSED] - setText(findTestObject("Object Repository/Page_MotifDeLaDemande_Usager/input_Annee_TypeDeContratCDI"), "2020"): Text '2020' is set on object 'Object Repository/Page_MotifDeLaDemande_Usager/input_Annee_TypeDeContratCDI'

2023-11-22 09:56:46 - [MESSAGE][INFO] - Finding Test Object 'Object Repository/Page_MotifDeLaDemande_Usager/input_Annee_TypeDeContratCDI'

2023-11-22 09:56:46 - [MESSAGE][INFO] - Checking timeout

2023-11-22 09:56:46 - [MESSAGE][INFO] - Finding web element with id: 'Object Repository/Page_MotifDeLaDemande_Usager/input_Annee_TypeDeContratCDI' located by 'By.xpath: //*[@id="ANNEE"]' in '20' second(s)

2023-11-22 09:56:46 - [MESSAGE][INFO] - Smart Wait Function is triggered

2023-11-22 09:56:46 - [MESSAGE][INFO] - Found 1 web elements with id: 'Object Repository/Page_MotifDeLaDemande_Usager/input_Annee_TypeDeContratCDI' located by 'By.xpath: //*[@id="ANNEE"]' in '20' second(s)

2023-11-22 09:56:46 - [MESSAGE][INFO] - Checking object

2023-11-22 09:56:46 - [MESSAGE][INFO] - Checking text

2023-11-22 09:56:46 - [MESSAGE][INFO] - Finding web element from Test Object's properties

2023-11-22 09:56:46 - [MESSAGE][INFO] - Checking timeout

2023-11-22 09:56:46 - [MESSAGE][INFO] - Finding web element with id: 'Object Repository/Page_MotifDeLaDemande_Usager/input_Annee_TypeDeContratCDI' located by 'By.xpath: //*[@id="ANNEE"]' in '5' second(s)

2023-11-22 09:56:46 - [MESSAGE][INFO] - Smart Wait Function is triggered

2023-11-22 09:56:46 - [MESSAGE][INFO] - Found 1 web elements with id: 'Object Repository/Page_MotifDeLaDemande_Usager/input_Annee_TypeDeContratCDI' located by 'By.xpath: //*[@id="ANNEE"]' in '5' second(s)

2023-11-22 09:56:46 - [MESSAGE][INFO] - Clearing text of object 'Object Repository/Page_MotifDeLaDemande_Usager/input_Annee_TypeDeContratCDI'

2023-11-22 09:56:48 - [MESSAGE][INFO] - Finding web element from Test Object's properties

2023-11-22 09:56:48 - [MESSAGE][INFO] - Checking timeout

2023-11-22 09:56:48 - [MESSAGE][INFO] - Finding web element with id: 'Object Repository/Page_MotifDeLaDemande_Usager/input_Annee_TypeDeContratCDI' located by 'By.xpath: //*[@id="ANNEE"]' in '5' second(s)

2023-11-22 09:56:48 - [MESSAGE][INFO] - Smart Wait Function is triggered

2023-11-22 09:56:48 - [MESSAGE][INFO] - Found 1 web elements with id: 'Object Repository/Page_MotifDeLaDemande_Usager/input_Annee_TypeDeContratCDI' located by 'By.xpath: //*[@id="ANNEE"]' in '5' second(s)

2023-11-22 09:56:48 - [MESSAGE][INFO] - Setting text of object 'Object Repository/Page_MotifDeLaDemande_Usager/input_Annee_TypeDeContratCDI' to value '2020'

2023-11-22 09:56:50 - [MESSAGE][PASSED] - Text '2020' is set on object 'Object Repository/Page_MotifDeLaDemande_Usager/input_Annee_TypeDeContratCDI'

2023-11-22 09:56:50 - [TEST_STEP][PASSED] - click(findTestObject("Object Repository/Page_MotifDeLaDemande_Usager/select_RESSOURCES")): Object: 'Object Repository/Page_MotifDeLaDemande_Usager/select_RESSOURCES' is clicked on

2023-11-22 09:56:50 - [MESSAGE][INFO] - Finding Test Object 'Object Repository/Page_MotifDeLaDemande_Usager/select_RESSOURCES'

2023-11-22 09:56:50 - [MESSAGE][INFO] - Checking timeout

2023-11-22 09:56:50 - [MESSAGE][INFO] - Finding web element with id: 'Object Repository/Page_MotifDeLaDemande_Usager/select_RESSOURCES' located by 'By.xpath: //*[@id="ORIGINE"]/div/div[4]/span' in '20' second(s)

2023-11-22 09:56:50 - [MESSAGE][INFO] - Smart Wait Function is triggered

2023-11-22 09:56:50 - [MESSAGE][INFO] - Found 1 web elements with id: 'Object Repository/Page_MotifDeLaDemande_Usager/select_RESSOURCES' located by 'By.xpath: //*[@id="ORIGINE"]/div/div[4]/span' in '20' second(s)

2023-11-22 09:56:50 - [MESSAGE][INFO] - Checking object

2023-11-22 09:56:50 - [MESSAGE][INFO] - Checking timeout

2023-11-22 09:56:50 - [MESSAGE][INFO] - Finding web element from Test Object's properties

2023-11-22 09:56:50 - [MESSAGE][INFO] - Checking timeout

2023-11-22 09:56:50 - [MESSAGE][INFO] - Finding web element with id: 'Object Repository/Page_MotifDeLaDemande_Usager/select_RESSOURCES' located by 'By.xpath: //*[@id="ORIGINE"]/div/div[4]/span' in '5' second(s)

2023-11-22 09:56:50 - [MESSAGE][INFO] - Smart Wait Function is triggered

2023-11-22 09:56:50 - [MESSAGE][INFO] - Found 1 web elements with id: 'Object Repository/Page_MotifDeLaDemande_Usager/select_RESSOURCES' located by 'By.xpath: //*[@id="ORIGINE"]/div/div[4]/span' in '5' second(s)

2023-11-22 09:56:50 - [MESSAGE][INFO] - Clicking on object: 'Object Repository/Page_MotifDeLaDemande_Usager/select_RESSOURCES'

2023-11-22 09:56:53 - [MESSAGE][PASSED] - Object: 'Object Repository/Page_MotifDeLaDemande_Usager/select_RESSOURCES' is clicked on

2023-11-22 09:56:53 - [TEST_STEP][PASSED] - click(findTestObject("Object Repository/Page_MotifDeLaDemande_Usager/select_Value_RESSOURCES")): Object: 'Object Repository/Page_MotifDeLaDemande_Usager/select_Value_RESSOURCES' is clicked on

2023-11-22 09:56:53 - [MESSAGE][INFO] - Finding Test Object 'Object Repository/Page_MotifDeLaDemande_Usager/select_Value_RESSOURCES'

2023-11-22 09:56:53 - [MESSAGE][INFO] - Checking timeout

2023-11-22 09:56:53 - [MESSAGE][INFO] - Finding web element with id: 'Object Repository/Page_MotifDeLaDemande_Usager/select_Value_RESSOURCES' located by 'By.xpath: //*[@id="ORIGINE"]/div/div[5]/div/ul/p-dropdownitem[2]/li/span|//*[@id="ORIGINE"]/div/div[5]/div/ul/p-dropdownitem[2]/li/span' in '20' second(s)

2023-11-22 09:56:53 - [MESSAGE][INFO] - Smart Wait Function is triggered

2023-11-22 09:56:53 - [MESSAGE][INFO] - Found 1 web elements with id: 'Object Repository/Page_MotifDeLaDemande_Usager/select_Value_RESSOURCES' located by 'By.xpath: //*[@id="ORIGINE"]/div/div[5]/div/ul/p-dropdownitem[2]/li/span|//*[@id="ORIGINE"]/div/div[5]/div/ul/p-dropdownitem[2]/li/span' in '20' second(s)

2023-11-22 09:56:53 - [MESSAGE][INFO] - Checking object

2023-11-22 09:56:53 - [MESSAGE][INFO] - Checking timeout

2023-11-22 09:56:53 - [MESSAGE][INFO] - Finding web element from Test Object's properties

2023-11-22 09:56:53 - [MESSAGE][INFO] - Checking timeout

2023-11-22 09:56:53 - [MESSAGE][INFO] - Finding web element with id: 'Object Repository/Page_MotifDeLaDemande_Usager/select_Value_RESSOURCES' located by 'By.xpath: //*[@id="ORIGINE"]/div/div[5]/div/ul/p-dropdownitem[2]/li/span|//*[@id="ORIGINE"]/div/div[5]/div/ul/p-dropdownitem[2]/li/span' in '5' second(s)

2023-11-22 09:56:53 - [MESSAGE][INFO] - Smart Wait Function is triggered

2023-11-22 09:56:53 - [MESSAGE][INFO] - Found 1 web elements with id: 'Object Repository/Page_MotifDeLaDemande_Usager/select_Value_RESSOURCES' located by 'By.xpath: //*[@id="ORIGINE"]/div/div[5]/div/ul/p-dropdownitem[2]/li/span|//*[@id="ORIGINE"]/div/div[5]/div/ul/p-dropdownitem[2]/li/span' in '5' second(s)

2023-11-22 09:56:53 - [MESSAGE][INFO] - Clicking on object: 'Object Repository/Page_MotifDeLaDemande_Usager/select_Value_RESSOURCES'

2023-11-22 09:56:55 - [MESSAGE][PASSED] - Object: 'Object Repository/Page_MotifDeLaDemande_Usager/select_Value_RESSOURCES' is clicked on

2023-11-22 09:56:55 - [TEST_STEP][PASSED] - setText(findTestObject("Object Repository/Page_MotifDeLaDemande_Usager/input_MontantParMois"), "1196.50"): Text '1196.50' is set on object 'Object Repository/Page_MotifDeLaDemande_Usager/input_MontantParMois'

2023-11-22 09:56:55 - [MESSAGE][INFO] - Finding Test Object 'Object Repository/Page_MotifDeLaDemande_Usager/input_MontantParMois'

2023-11-22 09:56:55 - [MESSAGE][INFO] - Checking timeout

2023-11-22 09:56:55 - [MESSAGE][INFO] - Finding web element with id: 'Object Repository/Page_MotifDeLaDemande_Usager/input_MontantParMois' located by 'By.xpath: //app-demande-ptinv//app-createur-entreprise//app-ressources-financieres-selector/div/div[1]/fieldset/div/app-ressource-financiere/div/div[2]/anef-input-text/div/div/div[1]/div/input|//app-demande-ptinv//app-informations-projet-innovant/div/form/app-ressources-financieres-selector/div/div[1]/fieldset/div/app-ressource-financiere/div/div[2]/anef-input-text/div/div/div[1]/div/input|//app-motif-sejour-ptart/div[2]//app-informations-artiste-non-salarie/div/form/app-ressources-financieres-selector/div/div[1]/fieldset/div/app-ressource-financiere/div/div[2]/anef-input-text/div/div/div[1]/div/input|//app-motif-sejour-ptart//app-informations-artiste-salarie//app-ressources-financieres-selector//anef-input-text/div/div/div[1]/div/input' in '20' second(s)

2023-11-22 09:56:55 - [MESSAGE][INFO] - Smart Wait Function is triggered

2023-11-22 09:56:55 - [MESSAGE][INFO] - Found 1 web elements with id: 'Object Repository/Page_MotifDeLaDemande_Usager/input_MontantParMois' located by 'By.xpath: //app-demande-ptinv//app-createur-entreprise//app-ressources-financieres-selector/div/div[1]/fieldset/div/app-ressource-financiere/div/div[2]/anef-input-text/div/div/div[1]/div/input|//app-demande-ptinv//app-informations-projet-innovant/div/form/app-ressources-financieres-selector/div/div[1]/fieldset/div/app-ressource-financiere/div/div[2]/anef-input-text/div/div/div[1]/div/input|//app-motif-sejour-ptart/div[2]//app-informations-artiste-non-salarie/div/form/app-ressources-financieres-selector/div/div[1]/fieldset/div/app-ressource-financiere/div/div[2]/anef-input-text/div/div/div[1]/div/input|//app-motif-sejour-ptart//app-informations-artiste-salarie//app-ressources-financieres-selector//anef-input-text/div/div/div[1]/div/input' in '20' second(s)

2023-11-22 09:56:55 - [MESSAGE][INFO] - Checking object

2023-11-22 09:56:55 - [MESSAGE][INFO] - Checking text

2023-11-22 09:56:55 - [MESSAGE][INFO] - Finding web element from Test Object's properties

2023-11-22 09:56:55 - [MESSAGE][INFO] - Checking timeout

2023-11-22 09:56:55 - [MESSAGE][INFO] - Finding web element with id: 'Object Repository/Page_MotifDeLaDemande_Usager/input_MontantParMois' located by 'By.xpath: //app-demande-ptinv//app-createur-entreprise//app-ressources-financieres-selector/div/div[1]/fieldset/div/app-ressource-financiere/div/div[2]/anef-input-text/div/div/div[1]/div/input|//app-demande-ptinv//app-informations-projet-innovant/div/form/app-ressources-financieres-selector/div/div[1]/fieldset/div/app-ressource-financiere/div/div[2]/anef-input-text/div/div/div[1]/div/input|//app-motif-sejour-ptart/div[2]//app-informations-artiste-non-salarie/div/form/app-ressources-financieres-selector/div/div[1]/fieldset/div/app-ressource-financiere/div/div[2]/anef-input-text/div/div/div[1]/div/input|//app-motif-sejour-ptart//app-informations-artiste-salarie//app-ressources-financieres-selector//anef-input-text/div/div/div[1]/div/input' in '5' second(s)

2023-11-22 09:56:55 - [MESSAGE][INFO] - Smart Wait Function is triggered

2023-11-22 09:56:55 - [MESSAGE][INFO] - Found 1 web elements with id: 'Object Repository/Page_MotifDeLaDemande_Usager/input_MontantParMois' located by 'By.xpath: //app-demande-ptinv//app-createur-entreprise//app-ressources-financieres-selector/div/div[1]/fieldset/div/app-ressource-financiere/div/div[2]/anef-input-text/div/div/div[1]/div/input|//app-demande-ptinv//app-informations-projet-innovant/div/form/app-ressources-financieres-selector/div/div[1]/fieldset/div/app-ressource-financiere/div/div[2]/anef-input-text/div/div/div[1]/div/input|//app-motif-sejour-ptart/div[2]//app-informations-artiste-non-salarie/div/form/app-ressources-financieres-selector/div/div[1]/fieldset/div/app-ressource-financiere/div/div[2]/anef-input-text/div/div/div[1]/div/input|//app-motif-sejour-ptart//app-informations-artiste-salarie//app-ressources-financieres-selector//anef-input-text/div/div/div[1]/div/input' in '5' second(s)

2023-11-22 09:56:55 - [MESSAGE][INFO] - Clearing text of object 'Object Repository/Page_MotifDeLaDemande_Usager/input_MontantParMois'

2023-11-22 09:56:57 - [MESSAGE][INFO] - Finding web element from Test Object's properties

2023-11-22 09:56:57 - [MESSAGE][INFO] - Checking timeout

2023-11-22 09:56:57 - [MESSAGE][INFO] - Finding web element with id: 'Object Repository/Page_MotifDeLaDemande_Usager/input_MontantParMois' located by 'By.xpath: //app-demande-ptinv//app-createur-entreprise//app-ressources-financieres-selector/div/div[1]/fieldset/div/app-ressource-financiere/div/div[2]/anef-input-text/div/div/div[1]/div/input|//app-demande-ptinv//app-informations-projet-innovant/div/form/app-ressources-financieres-selector/div/div[1]/fieldset/div/app-ressource-financiere/div/div[2]/anef-input-text/div/div/div[1]/div/input|//app-motif-sejour-ptart/div[2]//app-informations-artiste-non-salarie/div/form/app-ressources-financieres-selector/div/div[1]/fieldset/div/app-ressource-financiere/div/div[2]/anef-input-text/div/div/div[1]/div/input|//app-motif-sejour-ptart//app-informations-artiste-salarie//app-ressources-financieres-selector//anef-input-text/div/div/div[1]/div/input' in '5' second(s)

2023-11-22 09:56:57 - [MESSAGE][INFO] - Smart Wait Function is triggered

2023-11-22 09:56:57 - [MESSAGE][INFO] - Found 1 web elements with id: 'Object Repository/Page_MotifDeLaDemande_Usager/input_MontantParMois' located by 'By.xpath: //app-demande-ptinv//app-createur-entreprise//app-ressources-financieres-selector/div/div[1]/fieldset/div/app-ressource-financiere/div/div[2]/anef-input-text/div/div/div[1]/div/input|//app-demande-ptinv//app-informations-projet-innovant/div/form/app-ressources-financieres-selector/div/div[1]/fieldset/div/app-ressource-financiere/div/div[2]/anef-input-text/div/div/div[1]/div/input|//app-motif-sejour-ptart/div[2]//app-informations-artiste-non-salarie/div/form/app-ressources-financieres-selector/div/div[1]/fieldset/div/app-ressource-financiere/div/div[2]/anef-input-text/div/div/div[1]/div/input|//app-motif-sejour-ptart//app-informations-artiste-salarie//app-ressources-financieres-selector//anef-input-text/div/div/div[1]/div/input' in '5' second(s)

2023-11-22 09:56:57 - [MESSAGE][INFO] - Setting text of object 'Object Repository/Page_MotifDeLaDemande_Usager/input_MontantParMois' to value '1196.50'

2023-11-22 09:56:59 - [MESSAGE][PASSED] - Text '1196.50' is set on object 'Object Repository/Page_MotifDeLaDemande_Usager/input_MontantParMois'

2023-11-22 09:56:59 - [TEST_STEP][PASSED] - click(findTestObject("Object Repository/Page_DemarcheRenouvellement/btn_EnregistrerEtPoursuivre")): Object: 'Object Repository/Page_DemarcheRenouvellement/btn_EnregistrerEtPoursuivre' is clicked on

2023-11-22 09:56:59 - [MESSAGE][INFO] - Finding Test Object 'Object Repository/Page_DemarcheRenouvellement/btn_EnregistrerEtPoursuivre'

2023-11-22 09:57:00 - [MESSAGE][INFO] - Checking timeout

2023-11-22 09:57:00 - [MESSAGE][INFO] - Finding web element with id: 'Object Repository/Page_DemarcheRenouvellement/btn_EnregistrerEtPoursuivre' located by 'By.xpath: //span[text()='Enregistrer et poursuivre >']' in '20' second(s)

2023-11-22 09:57:00 - [MESSAGE][INFO] - Smart Wait Function is triggered

2023-11-22 09:57:00 - [MESSAGE][INFO] - Found 1 web elements with id: 'Object Repository/Page_DemarcheRenouvellement/btn_EnregistrerEtPoursuivre' located by 'By.xpath: //span[text()='Enregistrer et poursuivre >']' in '20' second(s)

2023-11-22 09:57:00 - [MESSAGE][INFO] - Checking object

2023-11-22 09:57:00 - [MESSAGE][INFO] - Checking timeout

2023-11-22 09:57:00 - [MESSAGE][INFO] - Finding web element from Test Object's properties

2023-11-22 09:57:00 - [MESSAGE][INFO] - Checking timeout

2023-11-22 09:57:00 - [MESSAGE][INFO] - Finding web element with id: 'Object Repository/Page_DemarcheRenouvellement/btn_EnregistrerEtPoursuivre' located by 'By.xpath: //span[text()='Enregistrer et poursuivre >']' in '5' second(s)

2023-11-22 09:57:00 - [MESSAGE][INFO] - Smart Wait Function is triggered

2023-11-22 09:57:00 - [MESSAGE][INFO] - Found 1 web elements with id: 'Object Repository/Page_DemarcheRenouvellement/btn_EnregistrerEtPoursuivre' located by 'By.xpath: //span[text()='Enregistrer et poursuivre >']' in '5' second(s)

2023-11-22 09:57:00 - [MESSAGE][INFO] - Clicking on object: 'Object Repository/Page_DemarcheRenouvellement/btn_EnregistrerEtPoursuivre'

2023-11-22 09:57:02 - [MESSAGE][PASSED] - Object: 'Object Repository/Page_DemarcheRenouvellement/btn_EnregistrerEtPoursuivre' is clicked on

2023-11-22 09:57:02 - [TEST_STEP][PASSED] - if (TypeTitreDeSejour == "MembreDeFamillePasseportTalent_Conjoint" && Titre == "Etudiant" || TypeTitreDeSejour == "MembreDeFamillePasseportTalent_Conjoint" && Titre == "Visiteur"): null

2023-11-22 09:57:02 - [MESSAGE][PASSED] - Call Test Case 'Test Cases/Test Reutilisable/DemandeOuRenouvelle_TitreSejour/FormulaireMotifDeLaDemande' successfully

2023-11-22 09:57:02 - [TEST_STEP][PASSED] - if (TypeTitreDeSejour == "RenouvellementDeTitreSejour" || TypeTitreDeSejour == "Visiteur" && Titre == "Etudiant" || Titre == "Visiteur"): null

2023-11-22 09:57:02 - [TEST_STEP][PASSED] - callTestCase(findTestCase("Test Reutilisable/DemandeOuRenouvelle_TitreSejour/FormulaireJustificatifs"), ["TypeTitreDeSejour":TypeTitreDeSejour, "Titre":Titre, "NumEphoto":NumEphoto], STOP_ON_FAILURE): Call Test Case 'Test Cases/Test Reutilisable/DemandeOuRenouvelle_TitreSejour/FormulaireJustificatifs' successfully

2023-11-22 09:57:02 - [MESSAGE][INFO] - Checking called Test Case

2023-11-22 09:57:02 - [MESSAGE][INFO] - Starting to call Test Case 'Test Cases/Test Reutilisable/DemandeOuRenouvelle_TitreSejour/FormulaireJustificatifs'

2023-11-22 09:57:02 - [TEST_CASE][PASSED] - Test Cases/Test Reutilisable/DemandeOuRenouvelle_TitreSejour/FormulaireJustificatifs: Test Cases/Test Reutilisable/DemandeOuRenouvelle_TitreSejour/FormulaireJustificatifs

2023-11-22 09:57:03 - [TEST_STEP][PASSED] - com.kazurayam.ksbackyard.HighlightElement.pandemic(): com.kazurayam.ksbackyard.HighlightElement.pandemic is PASSED

2023-11-22 09:57:03 - [MESSAGE][PASSED] - com.kazurayam.ksbackyard.HighlightElement.pandemic is PASSED

2023-11-22 09:57:03 - [TEST_STEP][PASSED] - RunBrowserConfiguration = getExecutionProperties(): null

2023-11-22 09:57:03 - [TEST_STEP][PASSED] - DriverName = DriverName: null

2023-11-22 09:57:03 - [TEST_STEP][PASSED] - driver = getWebDriver(): null

2023-11-22 09:57:03 - [TEST_STEP][PASSED] - wrappedDriver = driver.getWrappedDriver(): null

2023-11-22 09:57:03 - [TEST_STEP][PASSED] - out.println(wrappedDriver.getClass()): null

2023-11-22 09:57:03 - [TEST_STEP][PASSED] - if (class == com.kms.katalon.selenium.driver.CRemoteWebDriver): null

2023-11-22 09:57:03 - [TEST_STEP][PASSED] - SpecificDownloadDirectory = "": null

2023-11-22 09:57:03 - [TEST_STEP][PASSED] - if (DriverName == "FIREFOX_DRIVER"): null

2023-11-22 09:57:03 - [TEST_STEP][PASSED] - else if (class == "CRemoteWebDriver"): null

2023-11-22 09:57:03 - [TEST_STEP][PASSED] - else: null

2023-11-22 09:57:03 - [TEST_STEP][PASSED] - SpecificDownloadDirectory = getProjectDir() + "/Data Files": null

2023-11-22 09:57:03 - [TEST_STEP][PASSED] - println("SpecificDownloadDirectory : " + SpecificDownloadDirectory): null

2023-11-22 09:57:03 - [TEST_STEP][PASSED] - if (TypeTitreDeSejour == "RenouvellementDeTitreSejour" && Titre == "Etudiant"): null

2023-11-22 09:57:03 - [TEST_STEP][PASSED] - if (TypeTitreDeSejour == "RenouvellementDeTitreSejour" && Titre == "Visiteur" || TypeTitreDeSejour == "Visiteur" && Titre == "Etudiant"): null

2023-11-22 09:57:03 - [TEST_STEP][PASSED] - println("TypeTitreDeSejour :" + TypeTitreDeSejour): null

2023-11-22 09:57:03 - [TEST_STEP][PASSED] - if (TypeTitreDeSejour == "TS-PT-CarteBleueEuropeenne" || TypeTitreDeSejour == "TS-PT-SalarieEnMission"): null

2023-11-22 09:57:03 - [TEST_STEP][PASSED] - if (TypeTitreDeSejour == "TS-PT-SalarieQualifie" || TypeTitreDeSejour == "TS-PT-SalarieEntrepriseInnovante" || TypeTitreDeSejour == "ChercheurEtChercheurEnMobilite"): null

2023-11-22 09:57:03 - [TEST_STEP][PASSED] - if (TypeTitreDeSejour == "FrenchTechVisaForInvestors" || TypeTitreDeSejour == "CreateurDEntreprise"): null

2023-11-22 09:57:03 - [TEST_STEP][PASSED] - if (TypeTitreDeSejour == "CreateurDEntreprise" || TypeTitreDeSejour == "FrenchTechVisaForFounders"): null

2023-11-22 09:57:03 - [TEST_STEP][PASSED] - if (TypeTitreDeSejour == "MandataireSocial"): null

2023-11-22 09:57:03 - [TEST_STEP][PASSED] - if (TypeTitreDeSejour == "ArtisteNonSalarie" || TypeTitreDeSejour == "ArtisteSalarie"): Object: 'Object Repository/Page_DemarcheRenouvellement/btn_EnregistrerEtPoursuivre' is clicked on

2023-11-22 09:57:03 - [TEST_STEP][PASSED] - uploadFile(findTestObject("Object Repository/Page_Justificatifs_Usager/Btn_ChoisirFichier_TitreSejourValide"), SpecificDownloadDirectory + "/EtatCivil.pdf"): File 'C:/Users/hhizaoui/.git/NewProject29092023/Nouveau dossier1/21_11/ANEF-AutomatizationProject/Data Files/EtatCivil.pdf' sent to object: 'Object Repository/Page_Justificatifs_Usager/Btn_ChoisirFichier_TitreSejourValide'

2023-11-22 09:57:03 - [MESSAGE][INFO] - Finding Test Object 'Object Repository/Page_Justificatifs_Usager/Btn_ChoisirFichier_TitreSejourValide'

2023-11-22 09:57:03 - [MESSAGE][INFO] - Checking object

2023-11-22 09:57:03 - [MESSAGE][INFO] - Uploading file 'C:/Users/hhizaoui/.git/NewProject29092023/Nouveau dossier1/21_11/ANEF-AutomatizationProject/Data Files/EtatCivil.pdf' to object: 'Object Repository/Page_Justificatifs_Usager/Btn_ChoisirFichier_TitreSejourValide'

2023-11-22 09:57:03 - [MESSAGE][INFO] - Finding web element from Test Object's properties

2023-11-22 09:57:03 - [MESSAGE][INFO] - Checking timeout

2023-11-22 09:57:03 - [MESSAGE][INFO] - Finding web element with id: 'Object Repository/Page_Justificatifs_Usager/Btn_ChoisirFichier_TitreSejourValide' located by 'By.xpath: //app-justificatifs-visiteur//app-justificatif-titre-sejour//app-pieces-jointes//span[1]/input|//app-justificatifs-ptsq//app-justificatif-titre-sejour//app-pieces-jointes//span[1]/input|//app-justificatifs/div[2]/div/p-accordion/div/p-accordiontab[1]/div[2]/div/div[1]/div/app-pieces-jointes[1]/div/span[1]/input|//div/div/div/app-justificatif-titre-sejour/div/app-pieces-jointes/div/span[1]/input
' in '5' second(s)

2023-11-22 09:57:03 - [MESSAGE][INFO] - Smart Wait Function is triggered

2023-11-22 09:57:03 - [MESSAGE][INFO] - Found 1 web elements with id: 'Object Repository/Page_Justificatifs_Usager/Btn_ChoisirFichier_TitreSejourValide' located by 'By.xpath: //app-justificatifs-visiteur//app-justificatif-titre-sejour//app-pieces-jointes//span[1]/input|//app-justificatifs-ptsq//app-justificatif-titre-sejour//app-pieces-jointes//span[1]/input|//app-justificatifs/div[2]/div/p-accordion/div/p-accordiontab[1]/div[2]/div/div[1]/div/app-pieces-jointes[1]/div/span[1]/input|//div/div/div/app-justificatif-titre-sejour/div/app-pieces-jointes/div/span[1]/input
' in '5' second(s)

2023-11-22 09:57:05 - [MESSAGE][PASSED] - File 'C:/Users/hhizaoui/.git/NewProject29092023/Nouveau dossier1/21_11/ANEF-AutomatizationProject/Data Files/EtatCivil.pdf' sent to object: 'Object Repository/Page_Justificatifs_Usager/Btn_ChoisirFichier_TitreSejourValide'

2023-11-22 09:57:05 - [TEST_STEP][PASSED] - delay(2): Delayed 2 second(s)

2023-11-22 09:57:05 - [MESSAGE][INFO] - Delaying browser in 2 second(s)

2023-11-22 09:57:07 - [MESSAGE][PASSED] - Delayed 2 second(s)

2023-11-22 09:57:07 - [TEST_STEP][PASSED] - uploadFile(findTestObject("Object Repository/Page_Justificatifs_Usager/Btn_ChoisirFichier_Passeport"), SpecificDownloadDirectory + "/Passeport.pdf"): File 'C:/Users/hhizaoui/.git/NewProject29092023/Nouveau dossier1/21_11/ANEF-AutomatizationProject/Data Files/Passeport.pdf' sent to object: 'Object Repository/Page_Justificatifs_Usager/Btn_ChoisirFichier_Passeport'

2023-11-22 09:57:07 - [MESSAGE][INFO] - Finding Test Object 'Object Repository/Page_Justificatifs_Usager/Btn_ChoisirFichier_Passeport'

2023-11-22 09:57:07 - [MESSAGE][INFO] - Checking object

2023-11-22 09:57:07 - [MESSAGE][INFO] - Uploading file 'C:/Users/hhizaoui/.git/NewProject29092023/Nouveau dossier1/21_11/ANEF-AutomatizationProject/Data Files/Passeport.pdf' to object: 'Object Repository/Page_Justificatifs_Usager/Btn_ChoisirFichier_Passeport'

2023-11-22 09:57:07 - [MESSAGE][INFO] - Finding web element from Test Object's properties

2023-11-22 09:57:07 - [MESSAGE][INFO] - Checking timeout

2023-11-22 09:57:07 - [MESSAGE][INFO] - Finding web element with id: 'Object Repository/Page_Justificatifs_Usager/Btn_ChoisirFichier_Passeport' located by 'By.xpath: //app-justificatifs-visiteur//app-justificatif-passeport//app-pieces-jointes//span[1]/input|//app-justificatifs-ptsq//app-justificatif-passeport//app-pieces-jointes//span[1]/input|//app-justificatifs/div[2]/div/p-accordion/div/p-accordiontab[1]/div[2]/div/div[1]/div/app-pieces-jointes[2]/div/span[1]/input|//div/div/app-justificatif-passeport/div/app-pieces-jointes/div/span[1]/input' in '5' second(s)

2023-11-22 09:57:07 - [MESSAGE][INFO] - Smart Wait Function is triggered

2023-11-22 09:57:07 - [MESSAGE][INFO] - Found 1 web elements with id: 'Object Repository/Page_Justificatifs_Usager/Btn_ChoisirFichier_Passeport' located by 'By.xpath: //app-justificatifs-visiteur//app-justificatif-passeport//app-pieces-jointes//span[1]/input|//app-justificatifs-ptsq//app-justificatif-passeport//app-pieces-jointes//span[1]/input|//app-justificatifs/div[2]/div/p-accordion/div/p-accordiontab[1]/div[2]/div/div[1]/div/app-pieces-jointes[2]/div/span[1]/input|//div/div/app-justificatif-passeport/div/app-pieces-jointes/div/span[1]/input' in '5' second(s)

2023-11-22 09:57:09 - [MESSAGE][PASSED] - File 'C:/Users/hhizaoui/.git/NewProject29092023/Nouveau dossier1/21_11/ANEF-AutomatizationProject/Data Files/Passeport.pdf' sent to object: 'Object Repository/Page_Justificatifs_Usager/Btn_ChoisirFichier_Passeport'

2023-11-22 09:57:09 - [TEST_STEP][PASSED] - delay(2): Delayed 2 second(s)

2023-11-22 09:57:09 - [MESSAGE][INFO] - Delaying browser in 2 second(s)

2023-11-22 09:57:11 - [MESSAGE][PASSED] - Delayed 2 second(s)

2023-11-22 09:57:11 - [TEST_STEP][PASSED] - setText(findTestObject("Object Repository/Page_Justificatifs_Usager/Input_Numero_Ephoto"), NumEphoto): Text '1PMTYE991215114515JY05' is set on object 'Object Repository/Page_Justificatifs_Usager/Input_Numero_Ephoto'

2023-11-22 09:57:11 - [MESSAGE][INFO] - Finding Test Object 'Object Repository/Page_Justificatifs_Usager/Input_Numero_Ephoto'

2023-11-22 09:57:11 - [MESSAGE][INFO] - Checking timeout

2023-11-22 09:57:11 - [MESSAGE][INFO] - Finding web element with id: 'Object Repository/Page_Justificatifs_Usager/Input_Numero_Ephoto' located by 'By.xpath: //*[@aria-labelledby="PHOTO_NUMBER-label"]|//*[@aria-labelledby="PHOTO_IDENTITE-label"]' in '20' second(s)

2023-11-22 09:57:11 - [MESSAGE][INFO] - Smart Wait Function is triggered

2023-11-22 09:57:11 - [MESSAGE][INFO] - Found 1 web elements with id: 'Object Repository/Page_Justificatifs_Usager/Input_Numero_Ephoto' located by 'By.xpath: //*[@aria-labelledby="PHOTO_NUMBER-label"]|//*[@aria-labelledby="PHOTO_IDENTITE-label"]' in '20' second(s)

2023-11-22 09:57:11 - [MESSAGE][INFO] - Checking object

2023-11-22 09:57:11 - [MESSAGE][INFO] - Checking text

2023-11-22 09:57:11 - [MESSAGE][INFO] - Finding web element from Test Object's properties

2023-11-22 09:57:11 - [MESSAGE][INFO] - Checking timeout

2023-11-22 09:57:11 - [MESSAGE][INFO] - Finding web element with id: 'Object Repository/Page_Justificatifs_Usager/Input_Numero_Ephoto' located by 'By.xpath: //*[@aria-labelledby="PHOTO_NUMBER-label"]|//*[@aria-labelledby="PHOTO_IDENTITE-label"]' in '5' second(s)

2023-11-22 09:57:11 - [MESSAGE][INFO] - Smart Wait Function is triggered

2023-11-22 09:57:11 - [MESSAGE][INFO] - Found 1 web elements with id: 'Object Repository/Page_Justificatifs_Usager/Input_Numero_Ephoto' located by 'By.xpath: //*[@aria-labelledby="PHOTO_NUMBER-label"]|//*[@aria-labelledby="PHOTO_IDENTITE-label"]' in '5' second(s)

2023-11-22 09:57:11 - [MESSAGE][INFO] - Clearing text of object 'Object Repository/Page_Justificatifs_Usager/Input_Numero_Ephoto'

2023-11-22 09:57:13 - [MESSAGE][INFO] - Finding web element from Test Object's properties

2023-11-22 09:57:13 - [MESSAGE][INFO] - Checking timeout

2023-11-22 09:57:13 - [MESSAGE][INFO] - Finding web element with id: 'Object Repository/Page_Justificatifs_Usager/Input_Numero_Ephoto' located by 'By.xpath: //*[@aria-labelledby="PHOTO_NUMBER-label"]|//*[@aria-labelledby="PHOTO_IDENTITE-label"]' in '5' second(s)

2023-11-22 09:57:13 - [MESSAGE][INFO] - Smart Wait Function is triggered

2023-11-22 09:57:14 - [MESSAGE][INFO] - Found 1 web elements with id: 'Object Repository/Page_Justificatifs_Usager/Input_Numero_Ephoto' located by 'By.xpath: //*[@aria-labelledby="PHOTO_NUMBER-label"]|//*[@aria-labelledby="PHOTO_IDENTITE-label"]' in '5' second(s)

2023-11-22 09:57:14 - [MESSAGE][INFO] - Setting text of object 'Object Repository/Page_Justificatifs_Usager/Input_Numero_Ephoto' to value '1PMTYE991215114515JY05'

2023-11-22 09:57:16 - [MESSAGE][PASSED] - Text '1PMTYE991215114515JY05' is set on object 'Object Repository/Page_Justificatifs_Usager/Input_Numero_Ephoto'

2023-11-22 09:57:16 - [TEST_STEP][PASSED] - click(findTestObject("Object Repository/Page_Justificatifs_Usager/Btn_ConfirmerNumeroEphoto")): Object: 'Object Repository/Page_Justificatifs_Usager/Btn_ConfirmerNumeroEphoto' is clicked on

2023-11-22 09:57:16 - [MESSAGE][INFO] - Finding Test Object 'Object Repository/Page_Justificatifs_Usager/Btn_ConfirmerNumeroEphoto'

2023-11-22 09:57:16 - [MESSAGE][INFO] - Checking timeout

2023-11-22 09:57:16 - [MESSAGE][INFO] - Finding web element with id: 'Object Repository/Page_Justificatifs_Usager/Btn_ConfirmerNumeroEphoto' located by 'By.xpath: //div/app-e-photo//div/button/span|//app-justificatifs/div[2]/div/p-accordion/div/p-accordiontab[1]/div[2]/div/div[1]/div/button/span' in '20' second(s)

2023-11-22 09:57:16 - [MESSAGE][INFO] - Smart Wait Function is triggered

2023-11-22 09:57:16 - [MESSAGE][INFO] - Found 1 web elements with id: 'Object Repository/Page_Justificatifs_Usager/Btn_ConfirmerNumeroEphoto' located by 'By.xpath: //div/app-e-photo//div/button/span|//app-justificatifs/div[2]/div/p-accordion/div/p-accordiontab[1]/div[2]/div/div[1]/div/button/span' in '20' second(s)

2023-11-22 09:57:16 - [MESSAGE][INFO] - Checking object

2023-11-22 09:57:16 - [MESSAGE][INFO] - Checking timeout

2023-11-22 09:57:16 - [MESSAGE][INFO] - Finding web element from Test Object's properties

2023-11-22 09:57:16 - [MESSAGE][INFO] - Checking timeout

2023-11-22 09:57:16 - [MESSAGE][INFO] - Finding web element with id: 'Object Repository/Page_Justificatifs_Usager/Btn_ConfirmerNumeroEphoto' located by 'By.xpath: //div/app-e-photo//div/button/span|//app-justificatifs/div[2]/div/p-accordion/div/p-accordiontab[1]/div[2]/div/div[1]/div/button/span' in '5' second(s)

2023-11-22 09:57:16 - [MESSAGE][INFO] - Smart Wait Function is triggered

2023-11-22 09:57:16 - [MESSAGE][INFO] - Found 1 web elements with id: 'Object Repository/Page_Justificatifs_Usager/Btn_ConfirmerNumeroEphoto' located by 'By.xpath: //div/app-e-photo//div/button/span|//app-justificatifs/div[2]/div/p-accordion/div/p-accordiontab[1]/div[2]/div/div[1]/div/button/span' in '5' second(s)

2023-11-22 09:57:16 - [MESSAGE][INFO] - Clicking on object: 'Object Repository/Page_Justificatifs_Usager/Btn_ConfirmerNumeroEphoto'

2023-11-22 09:57:19 - [MESSAGE][PASSED] - Object: 'Object Repository/Page_Justificatifs_Usager/Btn_ConfirmerNumeroEphoto' is clicked on

2023-11-22 09:57:19 - [TEST_STEP][PASSED] - delay(2): Delayed 2 second(s)

2023-11-22 09:57:19 - [MESSAGE][INFO] - Delaying browser in 2 second(s)

2023-11-22 09:57:21 - [MESSAGE][PASSED] - Delayed 2 second(s)

2023-11-22 09:57:21 - [TEST_STEP][PASSED] - uploadFile(findTestObject("Object Repository/Page_Justificatifs_Usager/Btn_ChoisirFichier_Domiciliation"), SpecificDownloadDirectory + "/Domiciliation.pdf"): File 'C:/Users/hhizaoui/.git/NewProject29092023/Nouveau dossier1/21_11/ANEF-AutomatizationProject/Data Files/Domiciliation.pdf' sent to object: 'Object Repository/Page_Justificatifs_Usager/Btn_ChoisirFichier_Domiciliation'

2023-11-22 09:57:21 - [MESSAGE][INFO] - Finding Test Object 'Object Repository/Page_Justificatifs_Usager/Btn_ChoisirFichier_Domiciliation'

2023-11-22 09:57:21 - [MESSAGE][INFO] - Checking object

2023-11-22 09:57:21 - [MESSAGE][INFO] - Uploading file 'C:/Users/hhizaoui/.git/NewProject29092023/Nouveau dossier1/21_11/ANEF-AutomatizationProject/Data Files/Domiciliation.pdf' to object: 'Object Repository/Page_Justificatifs_Usager/Btn_ChoisirFichier_Domiciliation'

2023-11-22 09:57:21 - [MESSAGE][INFO] - Finding web element from Test Object's properties

2023-11-22 09:57:21 - [MESSAGE][INFO] - Checking timeout

2023-11-22 09:57:21 - [MESSAGE][INFO] - Finding web element with id: 'Object Repository/Page_Justificatifs_Usager/Btn_ChoisirFichier_Domiciliation' located by 'By.xpath: //app-justificatifs-visiteur//app-justificatifs-domiciliation//app-pieces-jointes//span[1]/input|//app-justificatifs-ptsq//app-justificatifs-domiciliation//app-pieces-jointes//span[1]/input|//app-justificatifs/div[2]/div/p-accordion/div/p-accordiontab[1]/div[2]/div/div[2]/div/app-pieces-jointes/div/span[1]/input|//div/app-justificatifs-domiciliation/div/div/app-pieces-jointes/div/span[1]/input' in '5' second(s)

2023-11-22 09:57:21 - [MESSAGE][INFO] - Smart Wait Function is triggered

2023-11-22 09:57:21 - [MESSAGE][INFO] - Found 1 web elements with id: 'Object Repository/Page_Justificatifs_Usager/Btn_ChoisirFichier_Domiciliation' located by 'By.xpath: //app-justificatifs-visiteur//app-justificatifs-domiciliation//app-pieces-jointes//span[1]/input|//app-justificatifs-ptsq//app-justificatifs-domiciliation//app-pieces-jointes//span[1]/input|//app-justificatifs/div[2]/div/p-accordion/div/p-accordiontab[1]/div[2]/div/div[2]/div/app-pieces-jointes/div/span[1]/input|//div/app-justificatifs-domiciliation/div/div/app-pieces-jointes/div/span[1]/input' in '5' second(s)

2023-11-22 09:57:23 - [MESSAGE][PASSED] - File 'C:/Users/hhizaoui/.git/NewProject29092023/Nouveau dossier1/21_11/ANEF-AutomatizationProject/Data Files/Domiciliation.pdf' sent to object: 'Object Repository/Page_Justificatifs_Usager/Btn_ChoisirFichier_Domiciliation'

2023-11-22 09:57:23 - [TEST_STEP][PASSED] - delay(2): Delayed 2 second(s)

2023-11-22 09:57:23 - [MESSAGE][INFO] - Delaying browser in 2 second(s)

2023-11-22 09:57:25 - [MESSAGE][PASSED] - Delayed 2 second(s)

2023-11-22 09:57:25 - [TEST_STEP][PASSED] - uploadFile(findTestObject("Object Repository/Page_Justificatifs_Usager/Btn_ChoisirFichier_ToutDocumentJustifiantLaRealisationDuProjet"), SpecificDownloadDirectory + "/ToutDocumentJustifiantLaRealisationDuProjet.pdf"): File 'C:/Users/hhizaoui/.git/NewProject29092023/Nouveau dossier1/21_11/ANEF-AutomatizationProject/Data Files/ToutDocumentJustifiantLaRealisationDuProjet.pdf' sent to object: 'Object Repository/Page_Justificatifs_Usager/Btn_ChoisirFichier_ToutDocumentJustifiantLaRealisationDuProjet'

2023-11-22 09:57:25 - [MESSAGE][INFO] - Finding Test Object 'Object Repository/Page_Justificatifs_Usager/Btn_ChoisirFichier_ToutDocumentJustifiantLaRealisationDuProjet'

2023-11-22 09:57:25 - [MESSAGE][INFO] - Checking object

2023-11-22 09:57:25 - [MESSAGE][INFO] - Uploading file 'C:/Users/hhizaoui/.git/NewProject29092023/Nouveau dossier1/21_11/ANEF-AutomatizationProject/Data Files/ToutDocumentJustifiantLaRealisationDuProjet.pdf' to object: 'Object Repository/Page_Justificatifs_Usager/Btn_ChoisirFichier_ToutDocumentJustifiantLaRealisationDuProjet'

2023-11-22 09:57:25 - [MESSAGE][INFO] - Finding web element from Test Object's properties

2023-11-22 09:57:25 - [MESSAGE][INFO] - Checking timeout

2023-11-22 09:57:25 - [MESSAGE][INFO] - Finding web element with id: 'Object Repository/Page_Justificatifs_Usager/Btn_ChoisirFichier_ToutDocumentJustifiantLaRealisationDuProjet' located by 'By.xpath: //div/div[1]/app-justificatifs-motif-sejour/div/app-pieces-jointes/div/span[1]/input|//div/div[3]/app-justificatifs-motif-sejour/div/app-pieces-jointes/div/span[1]/input|//div/div[12]/app-justificatifs-motif-sejour/div/app-pieces-jointes/div/span[1]/input' in '5' second(s)

2023-11-22 09:57:25 - [MESSAGE][INFO] - Smart Wait Function is triggered

2023-11-22 09:57:25 - [MESSAGE][INFO] - Found 1 web elements with id: 'Object Repository/Page_Justificatifs_Usager/Btn_ChoisirFichier_ToutDocumentJustifiantLaRealisationDuProjet' located by 'By.xpath: //div/div[1]/app-justificatifs-motif-sejour/div/app-pieces-jointes/div/span[1]/input|//div/div[3]/app-justificatifs-motif-sejour/div/app-pieces-jointes/div/span[1]/input|//div/div[12]/app-justificatifs-motif-sejour/div/app-pieces-jointes/div/span[1]/input' in '5' second(s)

2023-11-22 09:57:27 - [MESSAGE][PASSED] - File 'C:/Users/hhizaoui/.git/NewProject29092023/Nouveau dossier1/21_11/ANEF-AutomatizationProject/Data Files/ToutDocumentJustifiantLaRealisationDuProjet.pdf' sent to object: 'Object Repository/Page_Justificatifs_Usager/Btn_ChoisirFichier_ToutDocumentJustifiantLaRealisationDuProjet'

2023-11-22 09:57:27 - [TEST_STEP][PASSED] - delay(2): Delayed 2 second(s)

2023-11-22 09:57:27 - [MESSAGE][INFO] - Delaying browser in 2 second(s)

2023-11-22 09:57:29 - [MESSAGE][PASSED] - Delayed 2 second(s)

2023-11-22 09:57:29 - [TEST_STEP][PASSED] - uploadFile(findTestObject("Object Repository/Page_Justificatifs_Usager/Btn_ChoisirFichier_DernierAvisDImposition"), SpecificDownloadDirectory + "/DernierAvisDImposition.pdf"): File 'C:/Users/hhizaoui/.git/NewProject29092023/Nouveau dossier1/21_11/ANEF-AutomatizationProject/Data Files/DernierAvisDImposition.pdf' sent to object: 'Object Repository/Page_Justificatifs_Usager/Btn_ChoisirFichier_DernierAvisDImposition'

2023-11-22 09:57:29 - [MESSAGE][INFO] - Finding Test Object 'Object Repository/Page_Justificatifs_Usager/Btn_ChoisirFichier_DernierAvisDImposition'

2023-11-22 09:57:29 - [MESSAGE][INFO] - Checking object

2023-11-22 09:57:29 - [MESSAGE][INFO] - Uploading file 'C:/Users/hhizaoui/.git/NewProject29092023/Nouveau dossier1/21_11/ANEF-AutomatizationProject/Data Files/DernierAvisDImposition.pdf' to object: 'Object Repository/Page_Justificatifs_Usager/Btn_ChoisirFichier_DernierAvisDImposition'

2023-11-22 09:57:29 - [MESSAGE][INFO] - Finding web element from Test Object's properties

2023-11-22 09:57:29 - [MESSAGE][INFO] - Checking timeout

2023-11-22 09:57:29 - [MESSAGE][INFO] - Finding web element with id: 'Object Repository/Page_Justificatifs_Usager/Btn_ChoisirFichier_DernierAvisDImposition' located by 'By.xpath: //div/div[10]/app-justificatifs-motif-sejour/div/app-pieces-jointes/div/span[1]/input|//div/div[4]/app-justificatifs-motif-sejour/div/app-pieces-jointes/div/span[1]/input|//div/div[13]/app-justificatifs-motif-sejour/div/app-pieces-jointes/div/span[1]/input|//div/div[4]/app-justificatifs-motif-sejour/div/app-pieces-jointes/div/span[1]/input|//div/div[2]/app-justificatifs-motif-sejour/div/app-pieces-jointes/div/span[1]/input' in '5' second(s)

2023-11-22 09:57:29 - [MESSAGE][INFO] - Smart Wait Function is triggered

2023-11-22 09:57:29 - [MESSAGE][INFO] - Found 1 web elements with id: 'Object Repository/Page_Justificatifs_Usager/Btn_ChoisirFichier_DernierAvisDImposition' located by 'By.xpath: //div/div[10]/app-justificatifs-motif-sejour/div/app-pieces-jointes/div/span[1]/input|//div/div[4]/app-justificatifs-motif-sejour/div/app-pieces-jointes/div/span[1]/input|//div/div[13]/app-justificatifs-motif-sejour/div/app-pieces-jointes/div/span[1]/input|//div/div[4]/app-justificatifs-motif-sejour/div/app-pieces-jointes/div/span[1]/input|//div/div[2]/app-justificatifs-motif-sejour/div/app-pieces-jointes/div/span[1]/input' in '5' second(s)

2023-11-22 09:57:31 - [MESSAGE][PASSED] - File 'C:/Users/hhizaoui/.git/NewProject29092023/Nouveau dossier1/21_11/ANEF-AutomatizationProject/Data Files/DernierAvisDImposition.pdf' sent to object: 'Object Repository/Page_Justificatifs_Usager/Btn_ChoisirFichier_DernierAvisDImposition'

2023-11-22 09:57:31 - [TEST_STEP][PASSED] - delay(2): Delayed 2 second(s)

2023-11-22 09:57:31 - [MESSAGE][INFO] - Delaying browser in 2 second(s)

2023-11-22 09:57:33 - [MESSAGE][PASSED] - Delayed 2 second(s)

2023-11-22 09:57:33 - [TEST_STEP][PASSED] - click(findTestObject("Object Repository/Page_DemarcheRenouvellement/btn_EnregistrerEtPoursuivre")): Object: 'Object Repository/Page_DemarcheRenouvellement/btn_EnregistrerEtPoursuivre' is clicked on

2023-11-22 09:57:33 - [MESSAGE][INFO] - Finding Test Object 'Object Repository/Page_DemarcheRenouvellement/btn_EnregistrerEtPoursuivre'

2023-11-22 09:57:33 - [MESSAGE][INFO] - Checking timeout

2023-11-22 09:57:33 - [MESSAGE][INFO] - Finding web element with id: 'Object Repository/Page_DemarcheRenouvellement/btn_EnregistrerEtPoursuivre' located by 'By.xpath: //span[text()='Enregistrer et poursuivre >']' in '20' second(s)

2023-11-22 09:57:33 - [MESSAGE][INFO] - Smart Wait Function is triggered

2023-11-22 09:57:33 - [MESSAGE][INFO] - Found 1 web elements with id: 'Object Repository/Page_DemarcheRenouvellement/btn_EnregistrerEtPoursuivre' located by 'By.xpath: //span[text()='Enregistrer et poursuivre >']' in '20' second(s)

2023-11-22 09:57:33 - [MESSAGE][INFO] - Checking object

2023-11-22 09:57:33 - [MESSAGE][INFO] - Checking timeout

2023-11-22 09:57:33 - [MESSAGE][INFO] - Finding web element from Test Object's properties

2023-11-22 09:57:33 - [MESSAGE][INFO] - Checking timeout

2023-11-22 09:57:33 - [MESSAGE][INFO] - Finding web element with id: 'Object Repository/Page_DemarcheRenouvellement/btn_EnregistrerEtPoursuivre' located by 'By.xpath: //span[text()='Enregistrer et poursuivre >']' in '5' second(s)

2023-11-22 09:57:33 - [MESSAGE][INFO] - Smart Wait Function is triggered

2023-11-22 09:57:33 - [MESSAGE][INFO] - Found 1 web elements with id: 'Object Repository/Page_DemarcheRenouvellement/btn_EnregistrerEtPoursuivre' located by 'By.xpath: //span[text()='Enregistrer et poursuivre >']' in '5' second(s)

2023-11-22 09:57:33 - [MESSAGE][INFO] - Clicking on object: 'Object Repository/Page_DemarcheRenouvellement/btn_EnregistrerEtPoursuivre'

2023-11-22 09:57:35 - [MESSAGE][PASSED] - Object: 'Object Repository/Page_DemarcheRenouvellement/btn_EnregistrerEtPoursuivre' is clicked on

2023-11-22 09:57:35 - [TEST_STEP][PASSED] - if (TypeTitreDeSejour == "MembreDeFamillePasseportTalent_Conjoint"): null

2023-11-22 09:57:35 - [MESSAGE][PASSED] - Call Test Case 'Test Cases/Test Reutilisable/DemandeOuRenouvelle_TitreSejour/FormulaireJustificatifs' successfully

2023-11-22 09:57:35 - [TEST_STEP][PASSED] - callTestCase(findTestCase("Test Reutilisable/DemandeOuRenouvelle_TitreSejour/FormulaireRecapitulatif"), ["Titre":Titre, "TypeTitreDeSejour":TypeTitreDeSejour], STOP_ON_FAILURE): Call Test Case 'Test Cases/Test Reutilisable/DemandeOuRenouvelle_TitreSejour/FormulaireRecapitulatif' successfully

2023-11-22 09:57:35 - [MESSAGE][INFO] - Checking called Test Case

2023-11-22 09:57:35 - [MESSAGE][INFO] - Starting to call Test Case 'Test Cases/Test Reutilisable/DemandeOuRenouvelle_TitreSejour/FormulaireRecapitulatif'

2023-11-22 09:57:35 - [TEST_CASE][PASSED] - Test Cases/Test Reutilisable/DemandeOuRenouvelle_TitreSejour/FormulaireRecapitulatif: Test Cases/Test Reutilisable/DemandeOuRenouvelle_TitreSejour/FormulaireRecapitulatif

2023-11-22 09:57:36 - [TEST_STEP][PASSED] - com.kazurayam.ksbackyard.HighlightElement.pandemic(): com.kazurayam.ksbackyard.HighlightElement.pandemic is PASSED

2023-11-22 09:57:36 - [MESSAGE][PASSED] - com.kazurayam.ksbackyard.HighlightElement.pandemic is PASSED

2023-11-22 09:57:36 - [TEST_STEP][PASSED] - delay(5): Delayed 5 second(s)

2023-11-22 09:57:36 - [MESSAGE][INFO] - Delaying browser in 5 second(s)

2023-11-22 09:57:41 - [MESSAGE][PASSED] - Delayed 5 second(s)

2023-11-22 09:57:41 - [TEST_STEP][PASSED] - if (TypeTitreDeSejour == "RenouvellementDeTitreSejour" || TypeTitreDeSejour == "Visiteur" && Titre == "Visiteur" || Titre == "Etudiant"): null

2023-11-22 09:57:41 - [TEST_STEP][PASSED] - else: Delayed 15 second(s)

2023-11-22 09:57:41 - [TEST_STEP][PASSED] - click(findTestObject("Object Repository/Page_Recapitulatif_Usager/Btn_ValiderEtVerifierLaSuiteDeMaSaisie_1sur4")): Object: 'Object Repository/Page_Recapitulatif_Usager/Btn_ValiderEtVerifierLaSuiteDeMaSaisie_1sur4' is clicked on

2023-11-22 09:57:41 - [MESSAGE][INFO] - Finding Test Object 'Object Repository/Page_Recapitulatif_Usager/Btn_ValiderEtVerifierLaSuiteDeMaSaisie_1sur4'

2023-11-22 09:57:41 - [MESSAGE][INFO] - Checking timeout

2023-11-22 09:57:41 - [MESSAGE][INFO] - Finding web element with id: 'Object Repository/Page_Recapitulatif_Usager/Btn_ValiderEtVerifierLaSuiteDeMaSaisie_1sur4' located by 'By.xpath: //div[2]/div/p-accordion/div/p-accordiontab[1]/div[2]/div/app-actions-bar/div/div[2]/button/span' in '20' second(s)

2023-11-22 09:57:41 - [MESSAGE][INFO] - Smart Wait Function is triggered

2023-11-22 09:57:41 - [MESSAGE][INFO] - Found 1 web elements with id: 'Object Repository/Page_Recapitulatif_Usager/Btn_ValiderEtVerifierLaSuiteDeMaSaisie_1sur4' located by 'By.xpath: //div[2]/div/p-accordion/div/p-accordiontab[1]/div[2]/div/app-actions-bar/div/div[2]/button/span' in '20' second(s)

2023-11-22 09:57:41 - [MESSAGE][INFO] - Checking object

2023-11-22 09:57:41 - [MESSAGE][INFO] - Checking timeout

2023-11-22 09:57:41 - [MESSAGE][INFO] - Finding web element from Test Object's properties

2023-11-22 09:57:41 - [MESSAGE][INFO] - Checking timeout

2023-11-22 09:57:41 - [MESSAGE][INFO] - Finding web element with id: 'Object Repository/Page_Recapitulatif_Usager/Btn_ValiderEtVerifierLaSuiteDeMaSaisie_1sur4' located by 'By.xpath: //div[2]/div/p-accordion/div/p-accordiontab[1]/div[2]/div/app-actions-bar/div/div[2]/button/span' in '5' second(s)

2023-11-22 09:57:41 - [MESSAGE][INFO] - Smart Wait Function is triggered

2023-11-22 09:57:41 - [MESSAGE][INFO] - Found 1 web elements with id: 'Object Repository/Page_Recapitulatif_Usager/Btn_ValiderEtVerifierLaSuiteDeMaSaisie_1sur4' located by 'By.xpath: //div[2]/div/p-accordion/div/p-accordiontab[1]/div[2]/div/app-actions-bar/div/div[2]/button/span' in '5' second(s)

2023-11-22 09:57:41 - [MESSAGE][INFO] - Clicking on object: 'Object Repository/Page_Recapitulatif_Usager/Btn_ValiderEtVerifierLaSuiteDeMaSaisie_1sur4'

2023-11-22 09:57:43 - [MESSAGE][PASSED] - Object: 'Object Repository/Page_Recapitulatif_Usager/Btn_ValiderEtVerifierLaSuiteDeMaSaisie_1sur4' is clicked on

2023-11-22 09:57:43 - [TEST_STEP][PASSED] - delay(2): Delayed 2 second(s)

2023-11-22 09:57:43 - [MESSAGE][INFO] - Delaying browser in 2 second(s)

2023-11-22 09:57:45 - [MESSAGE][PASSED] - Delayed 2 second(s)

2023-11-22 09:57:45 - [TEST_STEP][PASSED] - click(findTestObject("Object Repository/Page_Recapitulatif_Usager/Btn_ValiderEtVerifierLaSuiteDeMaSaisie_2sur4")): Object: 'Object Repository/Page_Recapitulatif_Usager/Btn_ValiderEtVerifierLaSuiteDeMaSaisie_2sur4' is clicked on

2023-11-22 09:57:45 - [MESSAGE][INFO] - Finding Test Object 'Object Repository/Page_Recapitulatif_Usager/Btn_ValiderEtVerifierLaSuiteDeMaSaisie_2sur4'

2023-11-22 09:57:45 - [MESSAGE][INFO] - Checking timeout

2023-11-22 09:57:45 - [MESSAGE][INFO] - Finding web element with id: 'Object Repository/Page_Recapitulatif_Usager/Btn_ValiderEtVerifierLaSuiteDeMaSaisie_2sur4' located by 'By.xpath: //div[2]/div/p-accordion/div/p-accordiontab[2]/div[2]/div/app-actions-bar/div/div[2]/button/span' in '20' second(s)

2023-11-22 09:57:45 - [MESSAGE][INFO] - Smart Wait Function is triggered

2023-11-22 09:57:45 - [MESSAGE][INFO] - Found 1 web elements with id: 'Object Repository/Page_Recapitulatif_Usager/Btn_ValiderEtVerifierLaSuiteDeMaSaisie_2sur4' located by 'By.xpath: //div[2]/div/p-accordion/div/p-accordiontab[2]/div[2]/div/app-actions-bar/div/div[2]/button/span' in '20' second(s)

2023-11-22 09:57:46 - [MESSAGE][INFO] - Checking object

2023-11-22 09:57:46 - [MESSAGE][INFO] - Checking timeout

2023-11-22 09:57:46 - [MESSAGE][INFO] - Finding web element from Test Object's properties

2023-11-22 09:57:46 - [MESSAGE][INFO] - Checking timeout

2023-11-22 09:57:46 - [MESSAGE][INFO] - Finding web element with id: 'Object Repository/Page_Recapitulatif_Usager/Btn_ValiderEtVerifierLaSuiteDeMaSaisie_2sur4' located by 'By.xpath: //div[2]/div/p-accordion/div/p-accordiontab[2]/div[2]/div/app-actions-bar/div/div[2]/button/span' in '5' second(s)

2023-11-22 09:57:46 - [MESSAGE][INFO] - Smart Wait Function is triggered

2023-11-22 09:57:46 - [MESSAGE][INFO] - Found 1 web elements with id: 'Object Repository/Page_Recapitulatif_Usager/Btn_ValiderEtVerifierLaSuiteDeMaSaisie_2sur4' located by 'By.xpath: //div[2]/div/p-accordion/div/p-accordiontab[2]/div[2]/div/app-actions-bar/div/div[2]/button/span' in '5' second(s)

2023-11-22 09:57:46 - [MESSAGE][INFO] - Clicking on object: 'Object Repository/Page_Recapitulatif_Usager/Btn_ValiderEtVerifierLaSuiteDeMaSaisie_2sur4'

2023-11-22 09:57:48 - [MESSAGE][PASSED] - Object: 'Object Repository/Page_Recapitulatif_Usager/Btn_ValiderEtVerifierLaSuiteDeMaSaisie_2sur4' is clicked on

2023-11-22 09:57:48 - [TEST_STEP][PASSED] - delay(2): Delayed 2 second(s)

2023-11-22 09:57:48 - [MESSAGE][INFO] - Delaying browser in 2 second(s)

2023-11-22 09:57:50 - [MESSAGE][PASSED] - Delayed 2 second(s)

2023-11-22 09:57:50 - [TEST_STEP][PASSED] - click(findTestObject("Object Repository/Page_Recapitulatif_Usager/Btn_ValiderEtVerifierLaSuiteDeMaSaisie_3sur4")): Object: 'Object Repository/Page_Recapitulatif_Usager/Btn_ValiderEtVerifierLaSuiteDeMaSaisie_3sur4' is clicked on

2023-11-22 09:57:50 - [MESSAGE][INFO] - Finding Test Object 'Object Repository/Page_Recapitulatif_Usager/Btn_ValiderEtVerifierLaSuiteDeMaSaisie_3sur4'

2023-11-22 09:57:50 - [MESSAGE][INFO] - Checking timeout

2023-11-22 09:57:50 - [MESSAGE][INFO] - Finding web element with id: 'Object Repository/Page_Recapitulatif_Usager/Btn_ValiderEtVerifierLaSuiteDeMaSaisie_3sur4' located by 'By.xpath: //div[2]/div/p-accordion/div/p-accordiontab[3]/div[2]/div/app-actions-bar/div/div[2]/button/span' in '20' second(s)

2023-11-22 09:57:50 - [MESSAGE][INFO] - Smart Wait Function is triggered

2023-11-22 09:57:50 - [MESSAGE][INFO] - Found 1 web elements with id: 'Object Repository/Page_Recapitulatif_Usager/Btn_ValiderEtVerifierLaSuiteDeMaSaisie_3sur4' located by 'By.xpath: //div[2]/div/p-accordion/div/p-accordiontab[3]/div[2]/div/app-actions-bar/div/div[2]/button/span' in '20' second(s)

2023-11-22 09:57:50 - [MESSAGE][INFO] - Checking object

2023-11-22 09:57:50 - [MESSAGE][INFO] - Checking timeout

2023-11-22 09:57:50 - [MESSAGE][INFO] - Finding web element from Test Object's properties

2023-11-22 09:57:50 - [MESSAGE][INFO] - Checking timeout

2023-11-22 09:57:50 - [MESSAGE][INFO] - Finding web element with id: 'Object Repository/Page_Recapitulatif_Usager/Btn_ValiderEtVerifierLaSuiteDeMaSaisie_3sur4' located by 'By.xpath: //div[2]/div/p-accordion/div/p-accordiontab[3]/div[2]/div/app-actions-bar/div/div[2]/button/span' in '5' second(s)

2023-11-22 09:57:50 - [MESSAGE][INFO] - Smart Wait Function is triggered

2023-11-22 09:57:50 - [MESSAGE][INFO] - Found 1 web elements with id: 'Object Repository/Page_Recapitulatif_Usager/Btn_ValiderEtVerifierLaSuiteDeMaSaisie_3sur4' located by 'By.xpath: //div[2]/div/p-accordion/div/p-accordiontab[3]/div[2]/div/app-actions-bar/div/div[2]/button/span' in '5' second(s)

2023-11-22 09:57:50 - [MESSAGE][INFO] - Clicking on object: 'Object Repository/Page_Recapitulatif_Usager/Btn_ValiderEtVerifierLaSuiteDeMaSaisie_3sur4'

2023-11-22 09:57:52 - [MESSAGE][PASSED] - Object: 'Object Repository/Page_Recapitulatif_Usager/Btn_ValiderEtVerifierLaSuiteDeMaSaisie_3sur4' is clicked on

2023-11-22 09:57:52 - [TEST_STEP][PASSED] - delay(2): Delayed 2 second(s)

2023-11-22 09:57:52 - [MESSAGE][INFO] - Delaying browser in 2 second(s)

2023-11-22 09:57:54 - [MESSAGE][PASSED] - Delayed 2 second(s)

2023-11-22 09:57:54 - [TEST_STEP][PASSED] - click(findTestObject("Object Repository/Page_Recapitulatif_Usager/Btn_ValiderEtTransmettreMaDemande")): Object: 'Object Repository/Page_Recapitulatif_Usager/Btn_ValiderEtTransmettreMaDemande' is clicked on

2023-11-22 09:57:54 - [MESSAGE][INFO] - Finding Test Object 'Object Repository/Page_Recapitulatif_Usager/Btn_ValiderEtTransmettreMaDemande'

2023-11-22 09:57:54 - [MESSAGE][INFO] - Checking timeout

2023-11-22 09:57:54 - [MESSAGE][INFO] - Finding web element with id: 'Object Repository/Page_Recapitulatif_Usager/Btn_ValiderEtTransmettreMaDemande' located by 'By.xpath: //app-demande/div/div[3]/app-actions-bar/div/div[2]/div/div[2]/button/span|//app-demande-ptsq/div/div[3]/app-actions-bar/div/div[2]/div/div[2]/button/span|//app-demande-visiteur/div/div[3]/app-actions-bar/div/div[2]/div/div[2]/button/span|/html/body/app-root/div/app-portal/main/app-theme-v2/div/app-demande-ptch/div/div[3]/app-actions-bar/div/div[2]/div/div[2]/button/span|//div/app-demande-ptinv/div/div[3]/app-actions-bar/div/div[2]/div/div[2]/button/span|//button/span[@class="ui-button-text ui-clickable" and contains(., 'Envoyer la demande')]
' in '20' second(s)

2023-11-22 09:57:54 - [MESSAGE][INFO] - Smart Wait Function is triggered

2023-11-22 09:57:54 - [MESSAGE][INFO] - Found 1 web elements with id: 'Object Repository/Page_Recapitulatif_Usager/Btn_ValiderEtTransmettreMaDemande' located by 'By.xpath: //app-demande/div/div[3]/app-actions-bar/div/div[2]/div/div[2]/button/span|//app-demande-ptsq/div/div[3]/app-actions-bar/div/div[2]/div/div[2]/button/span|//app-demande-visiteur/div/div[3]/app-actions-bar/div/div[2]/div/div[2]/button/span|/html/body/app-root/div/app-portal/main/app-theme-v2/div/app-demande-ptch/div/div[3]/app-actions-bar/div/div[2]/div/div[2]/button/span|//div/app-demande-ptinv/div/div[3]/app-actions-bar/div/div[2]/div/div[2]/button/span|//button/span[@class="ui-button-text ui-clickable" and contains(., 'Envoyer la demande')]
' in '20' second(s)

2023-11-22 09:57:54 - [MESSAGE][INFO] - Checking object

2023-11-22 09:57:54 - [MESSAGE][INFO] - Checking timeout

2023-11-22 09:57:54 - [MESSAGE][INFO] - Finding web element from Test Object's properties

2023-11-22 09:57:54 - [MESSAGE][INFO] - Checking timeout

2023-11-22 09:57:54 - [MESSAGE][INFO] - Finding web element with id: 'Object Repository/Page_Recapitulatif_Usager/Btn_ValiderEtTransmettreMaDemande' located by 'By.xpath: //app-demande/div/div[3]/app-actions-bar/div/div[2]/div/div[2]/button/span|//app-demande-ptsq/div/div[3]/app-actions-bar/div/div[2]/div/div[2]/button/span|//app-demande-visiteur/div/div[3]/app-actions-bar/div/div[2]/div/div[2]/button/span|/html/body/app-root/div/app-portal/main/app-theme-v2/div/app-demande-ptch/div/div[3]/app-actions-bar/div/div[2]/div/div[2]/button/span|//div/app-demande-ptinv/div/div[3]/app-actions-bar/div/div[2]/div/div[2]/button/span|//button/span[@class="ui-button-text ui-clickable" and contains(., 'Envoyer la demande')]
' in '5' second(s)

2023-11-22 09:57:54 - [MESSAGE][INFO] - Smart Wait Function is triggered

2023-11-22 09:57:54 - [MESSAGE][INFO] - Found 1 web elements with id: 'Object Repository/Page_Recapitulatif_Usager/Btn_ValiderEtTransmettreMaDemande' located by 'By.xpath: //app-demande/div/div[3]/app-actions-bar/div/div[2]/div/div[2]/button/span|//app-demande-ptsq/div/div[3]/app-actions-bar/div/div[2]/div/div[2]/button/span|//app-demande-visiteur/div/div[3]/app-actions-bar/div/div[2]/div/div[2]/button/span|/html/body/app-root/div/app-portal/main/app-theme-v2/div/app-demande-ptch/div/div[3]/app-actions-bar/div/div[2]/div/div[2]/button/span|//div/app-demande-ptinv/div/div[3]/app-actions-bar/div/div[2]/div/div[2]/button/span|//button/span[@class="ui-button-text ui-clickable" and contains(., 'Envoyer la demande')]
' in '5' second(s)

2023-11-22 09:57:54 - [MESSAGE][INFO] - Clicking on object: 'Object Repository/Page_Recapitulatif_Usager/Btn_ValiderEtTransmettreMaDemande'

2023-11-22 09:57:56 - [MESSAGE][PASSED] - Object: 'Object Repository/Page_Recapitulatif_Usager/Btn_ValiderEtTransmettreMaDemande' is clicked on

2023-11-22 09:57:56 - [TEST_STEP][PASSED] - delay(15): Delayed 15 second(s)

2023-11-22 09:57:56 - [MESSAGE][INFO] - Delaying browser in 15 second(s)

2023-11-22 09:58:11 - [MESSAGE][PASSED] - Delayed 15 second(s)

2023-11-22 09:58:11 - [MESSAGE][PASSED] - Call Test Case 'Test Cases/Test Reutilisable/DemandeOuRenouvelle_TitreSejour/FormulaireRecapitulatif' successfully

2023-11-22 09:58:11 - [TEST_STEP][PASSED] - callTestCase(findTestCase("Test Reutilisable/DemandeOuRenouvelle_TitreSejour/FormulaireConfirmation"), ["NumEtrangerVisa":NumEtrangerVisa, "TypeTitreDeSejour":TypeTitreDeSejour], STOP_ON_FAILURE): Call Test Case 'Test Cases/Test Reutilisable/DemandeOuRenouvelle_TitreSejour/FormulaireConfirmation' successfully

2023-11-22 09:58:11 - [MESSAGE][INFO] - Checking called Test Case

2023-11-22 09:58:11 - [MESSAGE][INFO] - Starting to call Test Case 'Test Cases/Test Reutilisable/DemandeOuRenouvelle_TitreSejour/FormulaireConfirmation'

2023-11-22 09:58:11 - [TEST_CASE][PASSED] - Test Cases/Test Reutilisable/DemandeOuRenouvelle_TitreSejour/FormulaireConfirmation: Test Cases/Test Reutilisable/DemandeOuRenouvelle_TitreSejour/FormulaireConfirmation

2023-11-22 09:58:15 - [TEST_STEP][PASSED] - com.kazurayam.ksbackyard.HighlightElement.pandemic(): com.kazurayam.ksbackyard.HighlightElement.pandemic is PASSED

2023-11-22 09:58:15 - [MESSAGE][PASSED] - com.kazurayam.ksbackyard.HighlightElement.pandemic is PASSED

2023-11-22 09:58:15 - [TEST_STEP][PASSED] - RunBrowserConfiguration = getExecutionProperties(): null

2023-11-22 09:58:15 - [TEST_STEP][PASSED] - DriverName = get("WebUI").get("browserType"): null

2023-11-22 09:58:15 - [TEST_STEP][PASSED] - OuvrirMaConfirmationDeDÃ©pÃ´tDeDemandePDF = findTestObject("Object Repository/Page_Confirmation_Usager/Btn_OuvrirMaConfirmationDeDepotDeDemande(PDF)"): Finding Test Object 'Object Repository/Page_Confirmation_Usager/Btn_OuvrirMaConfirmationDeDepotDeDemande(PDF)'

2023-11-22 09:58:15 - [MESSAGE][INFO] - Finding Test Object 'Object Repository/Page_Confirmation_Usager/Btn_OuvrirMaConfirmationDeDepotDeDemande(PDF)'

2023-11-22 09:58:15 - [TEST_STEP][PASSED] - click(OuvrirMaConfirmationDeDÃ©pÃ´tDeDemandePDF): Object: 'Object Repository/Page_Confirmation_Usager/Btn_OuvrirMaConfirmationDeDepotDeDemande(PDF)' is clicked on

2023-11-22 09:58:15 - [MESSAGE][INFO] - Checking timeout

2023-11-22 09:58:15 - [MESSAGE][INFO] - Finding web element with id: 'Object Repository/Page_Confirmation_Usager/Btn_OuvrirMaConfirmationDeDepotDeDemande(PDF)' located by 'By.xpath: //button[@class='btn-primary' and contains(., 'ma confirmation de dÃ©pÃ´t de demande')]' in '20' second(s)

2023-11-22 09:58:15 - [MESSAGE][INFO] - Smart Wait Function is triggered

2023-11-22 09:58:15 - [MESSAGE][INFO] - Found 1 web elements with id: 'Object Repository/Page_Confirmation_Usager/Btn_OuvrirMaConfirmationDeDepotDeDemande(PDF)' located by 'By.xpath: //button[@class='btn-primary' and contains(., 'ma confirmation de dÃ©pÃ´t de demande')]' in '20' second(s)

2023-11-22 09:58:15 - [MESSAGE][INFO] - Checking object

2023-11-22 09:58:15 - [MESSAGE][INFO] - Checking timeout

2023-11-22 09:58:15 - [MESSAGE][INFO] - Finding web element from Test Object's properties

2023-11-22 09:58:15 - [MESSAGE][INFO] - Checking timeout

2023-11-22 09:58:15 - [MESSAGE][INFO] - Finding web element with id: 'Object Repository/Page_Confirmation_Usager/Btn_OuvrirMaConfirmationDeDepotDeDemande(PDF)' located by 'By.xpath: //button[@class='btn-primary' and contains(., 'ma confirmation de dÃ©pÃ´t de demande')]' in '5' second(s)

2023-11-22 09:58:15 - [MESSAGE][INFO] - Smart Wait Function is triggered

2023-11-22 09:58:15 - [MESSAGE][INFO] - Found 1 web elements with id: 'Object Repository/Page_Confirmation_Usager/Btn_OuvrirMaConfirmationDeDepotDeDemande(PDF)' located by 'By.xpath: //button[@class='btn-primary' and contains(., 'ma confirmation de dÃ©pÃ´t de demande')]' in '5' second(s)

2023-11-22 09:58:15 - [MESSAGE][INFO] - Clicking on object: 'Object Repository/Page_Confirmation_Usager/Btn_OuvrirMaConfirmationDeDepotDeDemande(PDF)'

2023-11-22 09:58:17 - [MESSAGE][PASSED] - Object: 'Object Repository/Page_Confirmation_Usager/Btn_OuvrirMaConfirmationDeDepotDeDemande(PDF)' is clicked on

2023-11-22 09:58:17 - [TEST_STEP][PASSED] - NumEtrangerVisa = NumEtrangerVisa.toString(): null

2023-11-22 09:58:17 - [TEST_STEP][PASSED] - if (DriverName == "FIREFOX_DRIVER"): null

2023-11-22 09:58:17 - [TEST_STEP][PASSED] - click(findTestObject("Object Repository/Page_Accueil_Agent/EspacePerso/link_EspacePerso")): Object: 'Object Repository/Page_Accueil_Agent/EspacePerso/link_EspacePerso' is clicked on

2023-11-22 09:58:17 - [MESSAGE][INFO] - Finding Test Object 'Object Repository/Page_Accueil_Agent/EspacePerso/link_EspacePerso'

2023-11-22 09:58:17 - [MESSAGE][INFO] - Checking timeout

2023-11-22 09:58:17 - [MESSAGE][INFO] - Finding web element with id: 'Object Repository/Page_Accueil_Agent/EspacePerso/link_EspacePerso' located by 'By.xpath: //*[@id="navBar-new"]/nav/div[3]/div/div/ul/li[3]/a/span[2]' in '20' second(s)

2023-11-22 09:58:17 - [MESSAGE][INFO] - Smart Wait Function is triggered

2023-11-22 09:58:17 - [MESSAGE][INFO] - Found 1 web elements with id: 'Object Repository/Page_Accueil_Agent/EspacePerso/link_EspacePerso' located by 'By.xpath: //*[@id="navBar-new"]/nav/div[3]/div/div/ul/li[3]/a/span[2]' in '20' second(s)

2023-11-22 09:58:17 - [MESSAGE][INFO] - Checking object

2023-11-22 09:58:17 - [MESSAGE][INFO] - Checking timeout

2023-11-22 09:58:17 - [MESSAGE][INFO] - Finding web element from Test Object's properties

2023-11-22 09:58:17 - [MESSAGE][INFO] - Checking timeout

2023-11-22 09:58:17 - [MESSAGE][INFO] - Finding web element with id: 'Object Repository/Page_Accueil_Agent/EspacePerso/link_EspacePerso' located by 'By.xpath: //*[@id="navBar-new"]/nav/div[3]/div/div/ul/li[3]/a/span[2]' in '5' second(s)

2023-11-22 09:58:17 - [MESSAGE][INFO] - Smart Wait Function is triggered

2023-11-22 09:58:17 - [MESSAGE][INFO] - Found 1 web elements with id: 'Object Repository/Page_Accueil_Agent/EspacePerso/link_EspacePerso' located by 'By.xpath: //*[@id="navBar-new"]/nav/div[3]/div/div/ul/li[3]/a/span[2]' in '5' second(s)

2023-11-22 09:58:17 - [MESSAGE][INFO] - Clicking on object: 'Object Repository/Page_Accueil_Agent/EspacePerso/link_EspacePerso'

2023-11-22 09:58:19 - [MESSAGE][PASSED] - Object: 'Object Repository/Page_Accueil_Agent/EspacePerso/link_EspacePerso' is clicked on

2023-11-22 09:58:19 - [TEST_STEP][PASSED] - click(findTestObject("Object Repository/Page_Accueil_Agent/EspacePerso/link_MonCompte")): Object: 'Object Repository/Page_Accueil_Agent/EspacePerso/link_MonCompte' is clicked on

2023-11-22 09:58:19 - [MESSAGE][INFO] - Finding Test Object 'Object Repository/Page_Accueil_Agent/EspacePerso/link_MonCompte'

2023-11-22 09:58:19 - [MESSAGE][INFO] - Checking timeout

2023-11-22 09:58:19 - [MESSAGE][INFO] - Finding web element with id: 'Object Repository/Page_Accueil_Agent/EspacePerso/link_MonCompte' located by 'By.xpath: //*[@id="logoutSubMenu"]/li[1]/a' in '20' second(s)

2023-11-22 09:58:19 - [MESSAGE][INFO] - Smart Wait Function is triggered

2023-11-22 09:58:20 - [MESSAGE][INFO] - Found 1 web elements with id: 'Object Repository/Page_Accueil_Agent/EspacePerso/link_MonCompte' located by 'By.xpath: //*[@id="logoutSubMenu"]/li[1]/a' in '20' second(s)

2023-11-22 09:58:20 - [MESSAGE][INFO] - Checking object

2023-11-22 09:58:20 - [MESSAGE][INFO] - Checking timeout

2023-11-22 09:58:20 - [MESSAGE][INFO] - Finding web element from Test Object's properties

2023-11-22 09:58:20 - [MESSAGE][INFO] - Checking timeout

2023-11-22 09:58:20 - [MESSAGE][INFO] - Finding web element with id: 'Object Repository/Page_Accueil_Agent/EspacePerso/link_MonCompte' located by 'By.xpath: //*[@id="logoutSubMenu"]/li[1]/a' in '5' second(s)

2023-11-22 09:58:20 - [MESSAGE][INFO] - Smart Wait Function is triggered

2023-11-22 09:58:20 - [MESSAGE][INFO] - Found 1 web elements with id: 'Object Repository/Page_Accueil_Agent/EspacePerso/link_MonCompte' located by 'By.xpath: //*[@id="logoutSubMenu"]/li[1]/a' in '5' second(s)

2023-11-22 09:58:20 - [MESSAGE][INFO] - Clicking on object: 'Object Repository/Page_Accueil_Agent/EspacePerso/link_MonCompte'

2023-11-22 09:58:22 - [MESSAGE][PASSED] - Object: 'Object Repository/Page_Accueil_Agent/EspacePerso/link_MonCompte' is clicked on

2023-11-22 09:58:22 - [TEST_STEP][PASSED] - SuividemandeNumEtranger = getText(findTestObject("Object Repository/Page_Accueil_Agent/EspacePerso/td_SuiviDemandeNumEtranger")): Text of object 'Object Repository/Page_Accueil_Agent/EspacePerso/td_SuiviDemandeNumEtranger' is: '7703040790'

2023-11-22 09:58:22 - [MESSAGE][INFO] - Finding Test Object 'Object Repository/Page_Accueil_Agent/EspacePerso/td_SuiviDemandeNumEtranger'

2023-11-22 09:58:22 - [MESSAGE][INFO] - Checking object

2023-11-22 09:58:22 - [MESSAGE][INFO] - Finding web element from Test Object's properties

2023-11-22 09:58:22 - [MESSAGE][INFO] - Checking timeout

2023-11-22 09:58:22 - [MESSAGE][INFO] - Finding web element with id: 'Object Repository/Page_Accueil_Agent/EspacePerso/td_SuiviDemandeNumEtranger' located by 'By.xpath: //*/app-ma-demande-sejour/div[1]/table/tbody/tr[1]/td[3]' in '5' second(s)

2023-11-22 09:58:22 - [MESSAGE][INFO] - Smart Wait Function is triggered

2023-11-22 09:58:22 - [MESSAGE][INFO] - Found 1 web elements with id: 'Object Repository/Page_Accueil_Agent/EspacePerso/td_SuiviDemandeNumEtranger' located by 'By.xpath: //*/app-ma-demande-sejour/div[1]/table/tbody/tr[1]/td[3]' in '5' second(s)

2023-11-22 09:58:22 - [MESSAGE][INFO] - Getting text of object 'Object Repository/Page_Accueil_Agent/EspacePerso/td_SuiviDemandeNumEtranger'

2023-11-22 09:58:22 - [MESSAGE][PASSED] - Text of object 'Object Repository/Page_Accueil_Agent/EspacePerso/td_SuiviDemandeNumEtranger' is: '7703040790'

2023-11-22 09:58:22 - [TEST_STEP][PASSED] - SuiviTypeDeSejour = getText(findTestObject("Object Repository/Page_Accueil_Agent/EspacePerso/td_TypeDeSejour")): Text of object 'Object Repository/Page_Accueil_Agent/EspacePerso/td_TypeDeSejour' is: 'Demande de titre passeport talent'

2023-11-22 09:58:22 - [MESSAGE][INFO] - Finding Test Object 'Object Repository/Page_Accueil_Agent/EspacePerso/td_TypeDeSejour'

2023-11-22 09:58:22 - [MESSAGE][INFO] - Checking object

2023-11-22 09:58:22 - [MESSAGE][INFO] - Finding web element from Test Object's properties

2023-11-22 09:58:22 - [MESSAGE][INFO] - Checking timeout

2023-11-22 09:58:22 - [MESSAGE][INFO] - Finding web element with id: 'Object Repository/Page_Accueil_Agent/EspacePerso/td_TypeDeSejour' located by 'By.xpath: //*/app-ma-demande-sejour/div[1]/table/tbody/tr[1]/td[2]' in '5' second(s)

2023-11-22 09:58:22 - [MESSAGE][INFO] - Smart Wait Function is triggered

2023-11-22 09:58:22 - [MESSAGE][INFO] - Found 1 web elements with id: 'Object Repository/Page_Accueil_Agent/EspacePerso/td_TypeDeSejour' located by 'By.xpath: //*/app-ma-demande-sejour/div[1]/table/tbody/tr[1]/td[2]' in '5' second(s)

2023-11-22 09:58:22 - [MESSAGE][INFO] - Getting text of object 'Object Repository/Page_Accueil_Agent/EspacePerso/td_TypeDeSejour'

2023-11-22 09:58:22 - [MESSAGE][PASSED] - Text of object 'Object Repository/Page_Accueil_Agent/EspacePerso/td_TypeDeSejour' is: 'Demande de titre passeport talent'

2023-11-22 09:58:22 - [TEST_STEP][PASSED] - if (SuividemandeNumEtranger == NumEtrangerVisa): Le Type Titre De Sejour est :Demande de titre passeport talent=ArtisteSalarie

2023-11-22 09:58:22 - [TEST_STEP][PASSED] - markPassed("Le NumÃ©ro Etrangr est :" + NumEtrangerVisa + "=" + SuividemandeNumEtranger): Le NumÃ©ro Etrangr est :7703040790=7703040790

2023-11-22 09:58:22 - [MESSAGE][PASSED] - Le NumÃ©ro Etrangr est :7703040790=7703040790

2023-11-22 09:58:22 - [TEST_STEP][PASSED] - markPassed("Le Type Titre De Sejour est :" + SuiviTypeDeSejour + "=" + TypeTitreDeSejour): Le Type Titre De Sejour est :Demande de titre passeport talent=ArtisteSalarie

2023-11-22 09:58:22 - [MESSAGE][PASSED] - Le Type Titre De Sejour est :Demande de titre passeport talent=ArtisteSalarie

2023-11-22 09:58:22 - [TEST_STEP][PASSED] - delay(5): Delayed 5 second(s)

2023-11-22 09:58:22 - [MESSAGE][INFO] - Delaying browser in 5 second(s)

2023-11-22 09:58:27 - [MESSAGE][PASSED] - Delayed 5 second(s)

2023-11-22 09:58:27 - [MESSAGE][PASSED] - Call Test Case 'Test Cases/Test Reutilisable/DemandeOuRenouvelle_TitreSejour/FormulaireConfirmation' successfully

2023-11-22 09:58:30 - [TEST_STEP][PASSED] - Video: Video recording for test case 'Test Cases/Cas D Utilisations/Usager Etudiant/TNR R.TSPT Supp90-Etudiant' .

2023-11-22 09:58:30 - [MESSAGE][INFO] - Video recording for test case 'Test Cases/Cas D Utilisations/Usager Etudiant/TNR R.TSPT Supp90-Etudiant' .]]></system-out>
         <system-err><![CDATA[]]></system-err>
      </testcase>
      <testcase name="Test Cases/Cas D Utilisations/Usager Etudiant/TNR R.TSPT Supp90-Visiteur" time="29.673" classname="Test Cases/Cas D Utilisations/Usager Etudiant/TNR R.TSPT Supp90-Visiteur" status="FAILED">
         <failure type="FAILED" message="Test Cases/Cas D Utilisations/Usager Etudiant/TNR R.TSPT Supp90-Visiteur FAILED.
Reason:
com.kms.katalon.core.exception.StepFailedException: Call Test Case 'Test Cases/Test Reutilisable/Main/Lancer URL ANEF' failed
	at com.kms.katalon.core.keyword.builtin.CallTestCaseKeyword$_callTestCase_closure1.doCall(CallTestCaseKeyword.groovy:63)
	at com.kms.katalon.core.keyword.builtin.CallTestCaseKeyword$_callTestCase_closure1.call(CallTestCaseKeyword.groovy)
	at com.kms.katalon.core.keyword.internal.KeywordMain.runKeyword(KeywordMain.groovy:75)
	at com.kms.katalon.core.keyword.builtin.CallTestCaseKeyword.callTestCase(CallTestCaseKeyword.groovy:81)
	at com.kms.katalon.core.keyword.builtin.CallTestCaseKeyword.execute(CallTestCaseKeyword.groovy:44)
	at com.kms.katalon.core.keyword.internal.KeywordExecutor.executeKeywordForPlatform(KeywordExecutor.groovy:74)
	at com.kms.katalon.core.keyword.BuiltinKeywords.callTestCase(BuiltinKeywords.groovy:310)
	at com.kazurayam.ksbackyard.HighlightElement$_pandemic_closure1.doCall(HighlightElement.groovy:105)
	at TNR R.TSPT Supp90-Visiteur.run(TNR R.TSPT Supp90-Visiteur:27)
	at com.kms.katalon.core.main.ScriptEngine.run(ScriptEngine.java:194)
	at com.kms.katalon.core.main.ScriptEngine.runScriptAsRawText(ScriptEngine.java:119)
	at com.kms.katalon.core.main.TestCaseExecutor.runScript(TestCaseExecutor.java:448)
	at com.kms.katalon.core.main.TestCaseExecutor.doExecute(TestCaseExecutor.java:439)
	at com.kms.katalon.core.main.TestCaseExecutor.processExecutionPhase(TestCaseExecutor.java:418)
	at com.kms.katalon.core.main.TestCaseExecutor.accessMainPhase(TestCaseExecutor.java:410)
	at com.kms.katalon.core.main.TestCaseExecutor.execute(TestCaseExecutor.java:285)
	at com.kms.katalon.core.common.CommonExecutor.accessTestCaseMainPhase(CommonExecutor.java:65)
	at com.kms.katalon.core.main.TestSuiteExecutor.accessTestSuiteMainPhase(TestSuiteExecutor.java:148)
	at com.kms.katalon.core.main.TestSuiteExecutor.execute(TestSuiteExecutor.java:106)
	at com.kms.katalon.core.main.TestCaseMain.startTestSuite(TestCaseMain.java:187)
	at com.kms.katalon.core.main.TestCaseMain$startTestSuite$0.call(Unknown Source)
	at TempTestSuite1700643238830.run(TempTestSuite1700643238830.groovy:36)
Caused by: com.kms.katalon.core.exception.StepFailedException: Unable to verify object 'Object Repository/Connexion Usager/Link_Se Connecter' is visible
	at com.kms.katalon.core.webui.keyword.internal.WebUIKeywordMain.stepFailed(WebUIKeywordMain.groovy:64)
	at com.kms.katalon.core.webui.keyword.internal.WebUIKeywordMain.runKeyword(WebUIKeywordMain.groovy:26)
	at com.kms.katalon.core.webui.keyword.builtin.VerifyElementVisibleKeyword.verifyElementVisible(VerifyElementVisibleKeyword.groovy:97)
	at com.kms.katalon.core.webui.keyword.builtin.VerifyElementVisibleKeyword.execute(VerifyElementVisibleKeyword.groovy:67)
	at com.kms.katalon.core.keyword.internal.KeywordExecutor.executeKeywordForPlatform(KeywordExecutor.groovy:74)
	at com.kms.katalon.core.webui.keyword.WebUiBuiltInKeywords.verifyElementVisible(WebUiBuiltInKeywords.groovy:362)
	at com.kazurayam.ksbackyard.HighlightElement$_pandemic_closure1.doCall(HighlightElement.groovy:105)
	at Lancer URL ANEF.run(Lancer URL ANEF:333)
	at com.kms.katalon.core.main.ScriptEngine.run(ScriptEngine.java:194)
	at com.kms.katalon.core.main.ScriptEngine.runScriptAsRawText(ScriptEngine.java:119)
	at com.kms.katalon.core.main.TestCaseExecutor.runScript(TestCaseExecutor.java:448)
	at com.kms.katalon.core.main.TestCaseExecutor.doExecute(TestCaseExecutor.java:439)
	at com.kms.katalon.core.main.TestCaseExecutor.processExecutionPhase(TestCaseExecutor.java:418)
	at com.kms.katalon.core.main.TestCaseExecutor.accessMainPhase(TestCaseExecutor.java:410)
	at com.kms.katalon.core.main.TestCaseExecutor.execute(TestCaseExecutor.java:285)
	at com.kms.katalon.core.main.TestCaseMain.runTestCase(TestCaseMain.java:144)
	at com.kms.katalon.core.keyword.builtin.CallTestCaseKeyword$_callTestCase_closure1.doCall(CallTestCaseKeyword.groovy:59)
	... 21 more
Caused by: com.kms.katalon.core.exception.StepFailedException: Web element with id: 'Object Repository/Connexion Usager/Link_Se Connecter' located by '//*[@id=&quot;connexion_link&quot;]' not found
	at com.kms.katalon.core.webui.keyword.internal.WebUIKeywordMain.stepFailed(WebUIKeywordMain.groovy:64)
	at com.kms.katalon.core.webui.keyword.builtin.VerifyElementVisibleKeyword$_verifyElementVisible_closure1.doCall(VerifyElementVisibleKeyword.groovy:89)
	at com.kms.katalon.core.webui.keyword.builtin.VerifyElementVisibleKeyword$_verifyElementVisible_closure1.call(VerifyElementVisibleKeyword.groovy)
	at com.kms.katalon.core.webui.keyword.internal.WebUIKeywordMain.runKeyword(WebUIKeywordMain.groovy:20)
	... 36 more
"/>
         <system-out><![CDATA[2023-11-22 09:58:30 - [TEST_CASE][FAILED] - Test Cases/Cas D Utilisations/Usager Etudiant/TNR R.TSPT Supp90-Visiteur: Test Cases/Cas D Utilisations/Usager Etudiant/TNR R.TSPT Supp90-Visiteur FAILED.
Reason:
com.kms.katalon.core.exception.StepFailedException: Call Test Case 'Test Cases/Test Reutilisable/Main/Lancer URL ANEF' failed
	at com.kms.katalon.core.keyword.builtin.CallTestCaseKeyword$_callTestCase_closure1.doCall(CallTestCaseKeyword.groovy:63)
	at com.kms.katalon.core.keyword.builtin.CallTestCaseKeyword$_callTestCase_closure1.call(CallTestCaseKeyword.groovy)
	at com.kms.katalon.core.keyword.internal.KeywordMain.runKeyword(KeywordMain.groovy:75)
	at com.kms.katalon.core.keyword.builtin.CallTestCaseKeyword.callTestCase(CallTestCaseKeyword.groovy:81)
	at com.kms.katalon.core.keyword.builtin.CallTestCaseKeyword.execute(CallTestCaseKeyword.groovy:44)
	at com.kms.katalon.core.keyword.internal.KeywordExecutor.executeKeywordForPlatform(KeywordExecutor.groovy:74)
	at com.kms.katalon.core.keyword.BuiltinKeywords.callTestCase(BuiltinKeywords.groovy:310)
	at com.kazurayam.ksbackyard.HighlightElement$_pandemic_closure1.doCall(HighlightElement.groovy:105)
	at TNR R.TSPT Supp90-Visiteur.run(TNR R.TSPT Supp90-Visiteur:27)
	at com.kms.katalon.core.main.ScriptEngine.run(ScriptEngine.java:194)
	at com.kms.katalon.core.main.ScriptEngine.runScriptAsRawText(ScriptEngine.java:119)
	at com.kms.katalon.core.main.TestCaseExecutor.runScript(TestCaseExecutor.java:448)
	at com.kms.katalon.core.main.TestCaseExecutor.doExecute(TestCaseExecutor.java:439)
	at com.kms.katalon.core.main.TestCaseExecutor.processExecutionPhase(TestCaseExecutor.java:418)
	at com.kms.katalon.core.main.TestCaseExecutor.accessMainPhase(TestCaseExecutor.java:410)
	at com.kms.katalon.core.main.TestCaseExecutor.execute(TestCaseExecutor.java:285)
	at com.kms.katalon.core.common.CommonExecutor.accessTestCaseMainPhase(CommonExecutor.java:65)
	at com.kms.katalon.core.main.TestSuiteExecutor.accessTestSuiteMainPhase(TestSuiteExecutor.java:148)
	at com.kms.katalon.core.main.TestSuiteExecutor.execute(TestSuiteExecutor.java:106)
	at com.kms.katalon.core.main.TestCaseMain.startTestSuite(TestCaseMain.java:187)
	at com.kms.katalon.core.main.TestCaseMain$startTestSuite$0.call(Unknown Source)
	at TempTestSuite1700643238830.run(TempTestSuite1700643238830.groovy:36)
Caused by: com.kms.katalon.core.exception.StepFailedException: Unable to verify object 'Object Repository/Connexion Usager/Link_Se Connecter' is visible
	at com.kms.katalon.core.webui.keyword.internal.WebUIKeywordMain.stepFailed(WebUIKeywordMain.groovy:64)
	at com.kms.katalon.core.webui.keyword.internal.WebUIKeywordMain.runKeyword(WebUIKeywordMain.groovy:26)
	at com.kms.katalon.core.webui.keyword.builtin.VerifyElementVisibleKeyword.verifyElementVisible(VerifyElementVisibleKeyword.groovy:97)
	at com.kms.katalon.core.webui.keyword.builtin.VerifyElementVisibleKeyword.execute(VerifyElementVisibleKeyword.groovy:67)
	at com.kms.katalon.core.keyword.internal.KeywordExecutor.executeKeywordForPlatform(KeywordExecutor.groovy:74)
	at com.kms.katalon.core.webui.keyword.WebUiBuiltInKeywords.verifyElementVisible(WebUiBuiltInKeywords.groovy:362)
	at com.kazurayam.ksbackyard.HighlightElement$_pandemic_closure1.doCall(HighlightElement.groovy:105)
	at Lancer URL ANEF.run(Lancer URL ANEF:333)
	at com.kms.katalon.core.main.ScriptEngine.run(ScriptEngine.java:194)
	at com.kms.katalon.core.main.ScriptEngine.runScriptAsRawText(ScriptEngine.java:119)
	at com.kms.katalon.core.main.TestCaseExecutor.runScript(TestCaseExecutor.java:448)
	at com.kms.katalon.core.main.TestCaseExecutor.doExecute(TestCaseExecutor.java:439)
	at com.kms.katalon.core.main.TestCaseExecutor.processExecutionPhase(TestCaseExecutor.java:418)
	at com.kms.katalon.core.main.TestCaseExecutor.accessMainPhase(TestCaseExecutor.java:410)
	at com.kms.katalon.core.main.TestCaseExecutor.execute(TestCaseExecutor.java:285)
	at com.kms.katalon.core.main.TestCaseMain.runTestCase(TestCaseMain.java:144)
	at com.kms.katalon.core.keyword.builtin.CallTestCaseKeyword$_callTestCase_closure1.doCall(CallTestCaseKeyword.groovy:59)
	... 21 more
Caused by: com.kms.katalon.core.exception.StepFailedException: Web element with id: 'Object Repository/Connexion Usager/Link_Se Connecter' located by '//*[@id="connexion_link"]' not found
	at com.kms.katalon.core.webui.keyword.internal.WebUIKeywordMain.stepFailed(WebUIKeywordMain.groovy:64)
	at com.kms.katalon.core.webui.keyword.builtin.VerifyElementVisibleKeyword$_verifyElementVisible_closure1.doCall(VerifyElementVisibleKeyword.groovy:89)
	at com.kms.katalon.core.webui.keyword.builtin.VerifyElementVisibleKeyword$_verifyElementVisible_closure1.call(VerifyElementVisibleKeyword.groovy)
	at com.kms.katalon.core.webui.keyword.internal.WebUIKeywordMain.runKeyword(WebUIKeywordMain.groovy:20)
	... 36 more


2023-11-22 09:58:31 - [TEST_STEP][PASSED] - com.kazurayam.ksbackyard.HighlightElement.pandemic(): com.kazurayam.ksbackyard.HighlightElement.pandemic is PASSED

2023-11-22 09:58:31 - [MESSAGE][PASSED] - com.kazurayam.ksbackyard.HighlightElement.pandemic is PASSED

2023-11-22 09:58:31 - [TEST_STEP][FAILED] - callTestCase(findTestCase("Test Reutilisable/Main/Lancer URL ANEF"), ["Profiles":"Usager"], STOP_ON_FAILURE): Unable to call Test Case 'Test Cases/Test Reutilisable/Main/Lancer URL ANEF' (Root cause: com.kms.katalon.core.exception.StepFailedException: Call Test Case 'Test Cases/Test Reutilisable/Main/Lancer URL ANEF' failed
	at com.kms.katalon.core.keyword.builtin.CallTestCaseKeyword$_callTestCase_closure1.doCall(CallTestCaseKeyword.groovy:63)
	at com.kms.katalon.core.keyword.builtin.CallTestCaseKeyword$_callTestCase_closure1.call(CallTestCaseKeyword.groovy)
	at com.kms.katalon.core.keyword.internal.KeywordMain.runKeyword(KeywordMain.groovy:75)
	at com.kms.katalon.core.keyword.builtin.CallTestCaseKeyword.callTestCase(CallTestCaseKeyword.groovy:81)
	at com.kms.katalon.core.keyword.builtin.CallTestCaseKeyword.execute(CallTestCaseKeyword.groovy:44)
	at com.kms.katalon.core.keyword.internal.KeywordExecutor.executeKeywordForPlatform(KeywordExecutor.groovy:74)
	at com.kms.katalon.core.keyword.BuiltinKeywords.callTestCase(BuiltinKeywords.groovy:310)
	at com.kazurayam.ksbackyard.HighlightElement$_pandemic_closure1.doCall(HighlightElement.groovy:105)
	at TNR R.TSPT Supp90-Visiteur.run(TNR R.TSPT Supp90-Visiteur:27)
	at com.kms.katalon.core.main.ScriptEngine.run(ScriptEngine.java:194)
	at com.kms.katalon.core.main.ScriptEngine.runScriptAsRawText(ScriptEngine.java:119)
	at com.kms.katalon.core.main.TestCaseExecutor.runScript(TestCaseExecutor.java:448)
	at com.kms.katalon.core.main.TestCaseExecutor.doExecute(TestCaseExecutor.java:439)
	at com.kms.katalon.core.main.TestCaseExecutor.processExecutionPhase(TestCaseExecutor.java:418)
	at com.kms.katalon.core.main.TestCaseExecutor.accessMainPhase(TestCaseExecutor.java:410)
	at com.kms.katalon.core.main.TestCaseExecutor.execute(TestCaseExecutor.java:285)
	at com.kms.katalon.core.common.CommonExecutor.accessTestCaseMainPhase(CommonExecutor.java:65)
	at com.kms.katalon.core.main.TestSuiteExecutor.accessTestSuiteMainPhase(TestSuiteExecutor.java:148)
	at com.kms.katalon.core.main.TestSuiteExecutor.execute(TestSuiteExecutor.java:106)
	at com.kms.katalon.core.main.TestCaseMain.startTestSuite(TestCaseMain.java:187)
	at com.kms.katalon.core.main.TestCaseMain$startTestSuite$0.call(Unknown Source)
	at TempTestSuite1700643238830.run(TempTestSuite1700643238830.groovy:36)
Caused by: com.kms.katalon.core.exception.StepFailedException: Unable to verify object 'Object Repository/Connexion Usager/Link_Se Connecter' is visible
	at com.kms.katalon.core.webui.keyword.internal.WebUIKeywordMain.stepFailed(WebUIKeywordMain.groovy:64)
	at com.kms.katalon.core.webui.keyword.internal.WebUIKeywordMain.runKeyword(WebUIKeywordMain.groovy:26)
	at com.kms.katalon.core.webui.keyword.builtin.VerifyElementVisibleKeyword.verifyElementVisible(VerifyElementVisibleKeyword.groovy:97)
	at com.kms.katalon.core.webui.keyword.builtin.VerifyElementVisibleKeyword.execute(VerifyElementVisibleKeyword.groovy:67)
	at com.kms.katalon.core.keyword.internal.KeywordExecutor.executeKeywordForPlatform(KeywordExecutor.groovy:74)
	at com.kms.katalon.core.webui.keyword.WebUiBuiltInKeywords.verifyElementVisible(WebUiBuiltInKeywords.groovy:362)
	at com.kazurayam.ksbackyard.HighlightElement$_pandemic_closure1.doCall(HighlightElement.groovy:105)
	at Lancer URL ANEF.run(Lancer URL ANEF:333)
	at com.kms.katalon.core.main.ScriptEngine.run(ScriptEngine.java:194)
	at com.kms.katalon.core.main.ScriptEngine.runScriptAsRawText(ScriptEngine.java:119)
	at com.kms.katalon.core.main.TestCaseExecutor.runScript(TestCaseExecutor.java:448)
	at com.kms.katalon.core.main.TestCaseExecutor.doExecute(TestCaseExecutor.java:439)
	at com.kms.katalon.core.main.TestCaseExecutor.processExecutionPhase(TestCaseExecutor.java:418)
	at com.kms.katalon.core.main.TestCaseExecutor.accessMainPhase(TestCaseExecutor.java:410)
	at com.kms.katalon.core.main.TestCaseExecutor.execute(TestCaseExecutor.java:285)
	at com.kms.katalon.core.main.TestCaseMain.runTestCase(TestCaseMain.java:144)
	at com.kms.katalon.core.keyword.builtin.CallTestCaseKeyword$_callTestCase_closure1.doCall(CallTestCaseKeyword.groovy:59)
	... 21 more
Caused by: com.kms.katalon.core.exception.StepFailedException: Web element with id: 'Object Repository/Connexion Usager/Link_Se Connecter' located by '//*[@id="connexion_link"]' not found
	at com.kms.katalon.core.webui.keyword.internal.WebUIKeywordMain.stepFailed(WebUIKeywordMain.groovy:64)
	at com.kms.katalon.core.webui.keyword.builtin.VerifyElementVisibleKeyword$_verifyElementVisible_closure1.doCall(VerifyElementVisibleKeyword.groovy:89)
	at com.kms.katalon.core.webui.keyword.builtin.VerifyElementVisibleKeyword$_verifyElementVisible_closure1.call(VerifyElementVisibleKeyword.groovy)
	at com.kms.katalon.core.webui.keyword.internal.WebUIKeywordMain.runKeyword(WebUIKeywordMain.groovy:20)
	... 36 more
)

2023-11-22 09:58:31 - [MESSAGE][INFO] - Checking called Test Case

2023-11-22 09:58:31 - [MESSAGE][INFO] - Starting to call Test Case 'Test Cases/Test Reutilisable/Main/Lancer URL ANEF'

2023-11-22 09:58:31 - [TEST_CASE][FAILED] - Test Cases/Test Reutilisable/Main/Lancer URL ANEF: Test Cases/Test Reutilisable/Main/Lancer URL ANEF FAILED.
Reason:
com.kms.katalon.core.exception.StepFailedException: Unable to verify object 'Object Repository/Connexion Usager/Link_Se Connecter' is visible
	at com.kms.katalon.core.webui.keyword.internal.WebUIKeywordMain.stepFailed(WebUIKeywordMain.groovy:64)
	at com.kms.katalon.core.webui.keyword.internal.WebUIKeywordMain.runKeyword(WebUIKeywordMain.groovy:26)
	at com.kms.katalon.core.webui.keyword.builtin.VerifyElementVisibleKeyword.verifyElementVisible(VerifyElementVisibleKeyword.groovy:97)
	at com.kms.katalon.core.webui.keyword.builtin.VerifyElementVisibleKeyword.execute(VerifyElementVisibleKeyword.groovy:67)
	at com.kms.katalon.core.keyword.internal.KeywordExecutor.executeKeywordForPlatform(KeywordExecutor.groovy:74)
	at com.kms.katalon.core.webui.keyword.WebUiBuiltInKeywords.verifyElementVisible(WebUiBuiltInKeywords.groovy:362)
	at com.kazurayam.ksbackyard.HighlightElement$_pandemic_closure1.doCall(HighlightElement.groovy:105)
	at Lancer URL ANEF.run(Lancer URL ANEF:333)
	at com.kms.katalon.core.main.ScriptEngine.run(ScriptEngine.java:194)
	at com.kms.katalon.core.main.ScriptEngine.runScriptAsRawText(ScriptEngine.java:119)
	at com.kms.katalon.core.main.TestCaseExecutor.runScript(TestCaseExecutor.java:448)
	at com.kms.katalon.core.main.TestCaseExecutor.doExecute(TestCaseExecutor.java:439)
	at com.kms.katalon.core.main.TestCaseExecutor.processExecutionPhase(TestCaseExecutor.java:418)
	at com.kms.katalon.core.main.TestCaseExecutor.accessMainPhase(TestCaseExecutor.java:410)
	at com.kms.katalon.core.main.TestCaseExecutor.execute(TestCaseExecutor.java:285)
	at com.kms.katalon.core.main.TestCaseMain.runTestCase(TestCaseMain.java:144)
	at com.kms.katalon.core.keyword.builtin.CallTestCaseKeyword$_callTestCase_closure1.doCall(CallTestCaseKeyword.groovy:59)
	at com.kms.katalon.core.keyword.builtin.CallTestCaseKeyword$_callTestCase_closure1.call(CallTestCaseKeyword.groovy)
	at com.kms.katalon.core.keyword.internal.KeywordMain.runKeyword(KeywordMain.groovy:75)
	at com.kms.katalon.core.keyword.builtin.CallTestCaseKeyword.callTestCase(CallTestCaseKeyword.groovy:81)
	at com.kms.katalon.core.keyword.builtin.CallTestCaseKeyword.execute(CallTestCaseKeyword.groovy:44)
	at com.kms.katalon.core.keyword.internal.KeywordExecutor.executeKeywordForPlatform(KeywordExecutor.groovy:74)
	at com.kms.katalon.core.keyword.BuiltinKeywords.callTestCase(BuiltinKeywords.groovy:310)
	at com.kazurayam.ksbackyard.HighlightElement$_pandemic_closure1.doCall(HighlightElement.groovy:105)
	at TNR R.TSPT Supp90-Visiteur.run(TNR R.TSPT Supp90-Visiteur:27)
	at com.kms.katalon.core.main.ScriptEngine.run(ScriptEngine.java:194)
	at com.kms.katalon.core.main.ScriptEngine.runScriptAsRawText(ScriptEngine.java:119)
	at com.kms.katalon.core.main.TestCaseExecutor.runScript(TestCaseExecutor.java:448)
	at com.kms.katalon.core.main.TestCaseExecutor.doExecute(TestCaseExecutor.java:439)
	at com.kms.katalon.core.main.TestCaseExecutor.processExecutionPhase(TestCaseExecutor.java:418)
	at com.kms.katalon.core.main.TestCaseExecutor.accessMainPhase(TestCaseExecutor.java:410)
	at com.kms.katalon.core.main.TestCaseExecutor.execute(TestCaseExecutor.java:285)
	at com.kms.katalon.core.common.CommonExecutor.accessTestCaseMainPhase(CommonExecutor.java:65)
	at com.kms.katalon.core.main.TestSuiteExecutor.accessTestSuiteMainPhase(TestSuiteExecutor.java:148)
	at com.kms.katalon.core.main.TestSuiteExecutor.execute(TestSuiteExecutor.java:106)
	at com.kms.katalon.core.main.TestCaseMain.startTestSuite(TestCaseMain.java:187)
	at com.kms.katalon.core.main.TestCaseMain$startTestSuite$0.call(Unknown Source)
	at TempTestSuite1700643238830.run(TempTestSuite1700643238830.groovy:36)
Caused by: com.kms.katalon.core.exception.StepFailedException: Web element with id: 'Object Repository/Connexion Usager/Link_Se Connecter' located by '//*[@id="connexion_link"]' not found
	at com.kms.katalon.core.webui.keyword.internal.WebUIKeywordMain.stepFailed(WebUIKeywordMain.groovy:64)
	at com.kms.katalon.core.webui.keyword.builtin.VerifyElementVisibleKeyword$_verifyElementVisible_closure1.doCall(VerifyElementVisibleKeyword.groovy:89)
	at com.kms.katalon.core.webui.keyword.builtin.VerifyElementVisibleKeyword$_verifyElementVisible_closure1.call(VerifyElementVisibleKeyword.groovy)
	at com.kms.katalon.core.webui.keyword.internal.WebUIKeywordMain.runKeyword(WebUIKeywordMain.groovy:20)
	... 36 more


2023-11-22 09:58:31 - [TEST_STEP][PASSED] - "RunConfiguration: getProjectDir for LogDriver ": null

2023-11-22 09:58:31 - [TEST_STEP][PASSED] - RunBrowserConfiguration = getExecutionProperties(): null

2023-11-22 09:58:31 - [TEST_STEP][PASSED] - DriverName = "": null

2023-11-22 09:58:31 - [TEST_STEP][PASSED] - openBrowser(""): Browser is opened with url: ''

2023-11-22 09:58:31 - [MESSAGE][INFO] - Opening browser

2023-11-22 09:58:31 - [MESSAGE][WARNING] - A browser is already opened. Closing browser and opening a new one

2023-11-22 09:58:32 - [MESSAGE][INFO] - Starting 'Chrome' driver

2023-11-22 09:58:32 - [MESSAGE][INFO] - User set preference: ['args', '[--incognito, --start-maximized, --remote-allow-origins=*]']

2023-11-22 09:58:32 - [MESSAGE][INFO] - User set preference: ['prefs', '{download.default_directory=${GlobalVariable.downloadPath}, download_dir=${GlobalVariable.downloadPath}, download.prompt_for_download=false}']

2023-11-22 09:58:32 - [MESSAGE][INFO] - User set preference: ['loggingPrefs', '{browser=ALL}']

2023-11-22 09:58:32 - [MESSAGE][INFO] - Action delay is set to 2Â 000 milliseconds

2023-11-22 09:58:35 - [MESSAGE][PASSED] - Browser is opened with url: ''

2023-11-22 09:58:35 - [TEST_STEP][PASSED] - driver = getWebDriver(): null

2023-11-22 09:58:35 - [TEST_STEP][PASSED] - wrappedDriver = driver.getWrappedDriver(): null

2023-11-22 09:58:35 - [TEST_STEP][PASSED] - out.println(wrappedDriver.getClass()): null

2023-11-22 09:58:35 - [TEST_STEP][PASSED] - if (class == com.kms.katalon.selenium.driver.CRemoteWebDriver): null

2023-11-22 09:58:35 - [TEST_STEP][PASSED] - if (class == "CRemoteWebDriver"): null

2023-11-22 09:58:35 - [TEST_STEP][PASSED] - else: null

2023-11-22 09:58:35 - [TEST_STEP][PASSED] - DriverName = get("WebUI").get("browserType"): null

2023-11-22 09:58:35 - [TEST_STEP][PASSED] - println("DriverName :" + DriverName): null

2023-11-22 09:58:35 - [TEST_STEP][PASSED] - println("Driverpath :" + RunBrowserConfiguration.get("drivers")): null

2023-11-22 09:58:35 - [TEST_STEP][PASSED] - DriverName = DriverName: null

2023-11-22 09:58:35 - [TEST_STEP][PASSED] - delay(medium_wait): Delayed 3 second(s)

2023-11-22 09:58:35 - [MESSAGE][INFO] - Delaying browser in 3 second(s)

2023-11-22 09:58:38 - [MESSAGE][PASSED] - Delayed 3 second(s)

2023-11-22 09:58:38 - [TEST_STEP][PASSED] - executedBrowser = getExecutedBrowser(): null

2023-11-22 09:58:38 - [TEST_STEP][FAILED] - if (Profiles == "Usager"): Unable to verify object 'Object Repository/Connexion Usager/Link_Se Connecter' is visible (Root cause: com.kms.katalon.core.exception.StepFailedException: Unable to verify object 'Object Repository/Connexion Usager/Link_Se Connecter' is visible
	at com.kms.katalon.core.webui.keyword.internal.WebUIKeywordMain.stepFailed(WebUIKeywordMain.groovy:64)
	at com.kms.katalon.core.webui.keyword.internal.WebUIKeywordMain.runKeyword(WebUIKeywordMain.groovy:26)
	at com.kms.katalon.core.webui.keyword.builtin.VerifyElementVisibleKeyword.verifyElementVisible(VerifyElementVisibleKeyword.groovy:97)
	at com.kms.katalon.core.webui.keyword.builtin.VerifyElementVisibleKeyword.execute(VerifyElementVisibleKeyword.groovy:67)
	at com.kms.katalon.core.keyword.internal.KeywordExecutor.executeKeywordForPlatform(KeywordExecutor.groovy:74)
	at com.kms.katalon.core.webui.keyword.WebUiBuiltInKeywords.verifyElementVisible(WebUiBuiltInKeywords.groovy:362)
	at com.kazurayam.ksbackyard.HighlightElement$_pandemic_closure1.doCall(HighlightElement.groovy:105)
	at Lancer URL ANEF.run(Lancer URL ANEF:333)
	at com.kms.katalon.core.main.ScriptEngine.run(ScriptEngine.java:194)
	at com.kms.katalon.core.main.ScriptEngine.runScriptAsRawText(ScriptEngine.java:119)
	at com.kms.katalon.core.main.TestCaseExecutor.runScript(TestCaseExecutor.java:448)
	at com.kms.katalon.core.main.TestCaseExecutor.doExecute(TestCaseExecutor.java:439)
	at com.kms.katalon.core.main.TestCaseExecutor.processExecutionPhase(TestCaseExecutor.java:418)
	at com.kms.katalon.core.main.TestCaseExecutor.accessMainPhase(TestCaseExecutor.java:410)
	at com.kms.katalon.core.main.TestCaseExecutor.execute(TestCaseExecutor.java:285)
	at com.kms.katalon.core.main.TestCaseMain.runTestCase(TestCaseMain.java:144)
	at com.kms.katalon.core.keyword.builtin.CallTestCaseKeyword$_callTestCase_closure1.doCall(CallTestCaseKeyword.groovy:59)
	at com.kms.katalon.core.keyword.builtin.CallTestCaseKeyword$_callTestCase_closure1.call(CallTestCaseKeyword.groovy)
	at com.kms.katalon.core.keyword.internal.KeywordMain.runKeyword(KeywordMain.groovy:75)
	at com.kms.katalon.core.keyword.builtin.CallTestCaseKeyword.callTestCase(CallTestCaseKeyword.groovy:81)
	at com.kms.katalon.core.keyword.builtin.CallTestCaseKeyword.execute(CallTestCaseKeyword.groovy:44)
	at com.kms.katalon.core.keyword.internal.KeywordExecutor.executeKeywordForPlatform(KeywordExecutor.groovy:74)
	at com.kms.katalon.core.keyword.BuiltinKeywords.callTestCase(BuiltinKeywords.groovy:310)
	at com.kazurayam.ksbackyard.HighlightElement$_pandemic_closure1.doCall(HighlightElement.groovy:105)
	at TNR R.TSPT Supp90-Visiteur.run(TNR R.TSPT Supp90-Visiteur:27)
	at com.kms.katalon.core.main.ScriptEngine.run(ScriptEngine.java:194)
	at com.kms.katalon.core.main.ScriptEngine.runScriptAsRawText(ScriptEngine.java:119)
	at com.kms.katalon.core.main.TestCaseExecutor.runScript(TestCaseExecutor.java:448)
	at com.kms.katalon.core.main.TestCaseExecutor.doExecute(TestCaseExecutor.java:439)
	at com.kms.katalon.core.main.TestCaseExecutor.processExecutionPhase(TestCaseExecutor.java:418)
	at com.kms.katalon.core.main.TestCaseExecutor.accessMainPhase(TestCaseExecutor.java:410)
	at com.kms.katalon.core.main.TestCaseExecutor.execute(TestCaseExecutor.java:285)
	at com.kms.katalon.core.common.CommonExecutor.accessTestCaseMainPhase(CommonExecutor.java:65)
	at com.kms.katalon.core.main.TestSuiteExecutor.accessTestSuiteMainPhase(TestSuiteExecutor.java:148)
	at com.kms.katalon.core.main.TestSuiteExecutor.execute(TestSuiteExecutor.java:106)
	at com.kms.katalon.core.main.TestCaseMain.startTestSuite(TestCaseMain.java:187)
	at com.kms.katalon.core.main.TestCaseMain$startTestSuite$0.call(Unknown Source)
	at TempTestSuite1700643238830.run(TempTestSuite1700643238830.groovy:36)
Caused by: com.kms.katalon.core.exception.StepFailedException: Web element with id: 'Object Repository/Connexion Usager/Link_Se Connecter' located by '//*[@id="connexion_link"]' not found
	at com.kms.katalon.core.webui.keyword.internal.WebUIKeywordMain.stepFailed(WebUIKeywordMain.groovy:64)
	at com.kms.katalon.core.webui.keyword.builtin.VerifyElementVisibleKeyword$_verifyElementVisible_closure1.doCall(VerifyElementVisibleKeyword.groovy:89)
	at com.kms.katalon.core.webui.keyword.builtin.VerifyElementVisibleKeyword$_verifyElementVisible_closure1.call(VerifyElementVisibleKeyword.groovy)
	at com.kms.katalon.core.webui.keyword.internal.WebUIKeywordMain.runKeyword(WebUIKeywordMain.groovy:20)
	... 36 more
)

2023-11-22 09:58:38 - [TEST_STEP][FAILED] - switch (DriverName): Unable to verify object 'Object Repository/Connexion Usager/Link_Se Connecter' is visible (Root cause: com.kms.katalon.core.exception.StepFailedException: Unable to verify object 'Object Repository/Connexion Usager/Link_Se Connecter' is visible
	at com.kms.katalon.core.webui.keyword.internal.WebUIKeywordMain.stepFailed(WebUIKeywordMain.groovy:64)
	at com.kms.katalon.core.webui.keyword.internal.WebUIKeywordMain.runKeyword(WebUIKeywordMain.groovy:26)
	at com.kms.katalon.core.webui.keyword.builtin.VerifyElementVisibleKeyword.verifyElementVisible(VerifyElementVisibleKeyword.groovy:97)
	at com.kms.katalon.core.webui.keyword.builtin.VerifyElementVisibleKeyword.execute(VerifyElementVisibleKeyword.groovy:67)
	at com.kms.katalon.core.keyword.internal.KeywordExecutor.executeKeywordForPlatform(KeywordExecutor.groovy:74)
	at com.kms.katalon.core.webui.keyword.WebUiBuiltInKeywords.verifyElementVisible(WebUiBuiltInKeywords.groovy:362)
	at com.kazurayam.ksbackyard.HighlightElement$_pandemic_closure1.doCall(HighlightElement.groovy:105)
	at Lancer URL ANEF.run(Lancer URL ANEF:333)
	at com.kms.katalon.core.main.ScriptEngine.run(ScriptEngine.java:194)
	at com.kms.katalon.core.main.ScriptEngine.runScriptAsRawText(ScriptEngine.java:119)
	at com.kms.katalon.core.main.TestCaseExecutor.runScript(TestCaseExecutor.java:448)
	at com.kms.katalon.core.main.TestCaseExecutor.doExecute(TestCaseExecutor.java:439)
	at com.kms.katalon.core.main.TestCaseExecutor.processExecutionPhase(TestCaseExecutor.java:418)
	at com.kms.katalon.core.main.TestCaseExecutor.accessMainPhase(TestCaseExecutor.java:410)
	at com.kms.katalon.core.main.TestCaseExecutor.execute(TestCaseExecutor.java:285)
	at com.kms.katalon.core.main.TestCaseMain.runTestCase(TestCaseMain.java:144)
	at com.kms.katalon.core.keyword.builtin.CallTestCaseKeyword$_callTestCase_closure1.doCall(CallTestCaseKeyword.groovy:59)
	at com.kms.katalon.core.keyword.builtin.CallTestCaseKeyword$_callTestCase_closure1.call(CallTestCaseKeyword.groovy)
	at com.kms.katalon.core.keyword.internal.KeywordMain.runKeyword(KeywordMain.groovy:75)
	at com.kms.katalon.core.keyword.builtin.CallTestCaseKeyword.callTestCase(CallTestCaseKeyword.groovy:81)
	at com.kms.katalon.core.keyword.builtin.CallTestCaseKeyword.execute(CallTestCaseKeyword.groovy:44)
	at com.kms.katalon.core.keyword.internal.KeywordExecutor.executeKeywordForPlatform(KeywordExecutor.groovy:74)
	at com.kms.katalon.core.keyword.BuiltinKeywords.callTestCase(BuiltinKeywords.groovy:310)
	at com.kazurayam.ksbackyard.HighlightElement$_pandemic_closure1.doCall(HighlightElement.groovy:105)
	at TNR R.TSPT Supp90-Visiteur.run(TNR R.TSPT Supp90-Visiteur:27)
	at com.kms.katalon.core.main.ScriptEngine.run(ScriptEngine.java:194)
	at com.kms.katalon.core.main.ScriptEngine.runScriptAsRawText(ScriptEngine.java:119)
	at com.kms.katalon.core.main.TestCaseExecutor.runScript(TestCaseExecutor.java:448)
	at com.kms.katalon.core.main.TestCaseExecutor.doExecute(TestCaseExecutor.java:439)
	at com.kms.katalon.core.main.TestCaseExecutor.processExecutionPhase(TestCaseExecutor.java:418)
	at com.kms.katalon.core.main.TestCaseExecutor.accessMainPhase(TestCaseExecutor.java:410)
	at com.kms.katalon.core.main.TestCaseExecutor.execute(TestCaseExecutor.java:285)
	at com.kms.katalon.core.common.CommonExecutor.accessTestCaseMainPhase(CommonExecutor.java:65)
	at com.kms.katalon.core.main.TestSuiteExecutor.accessTestSuiteMainPhase(TestSuiteExecutor.java:148)
	at com.kms.katalon.core.main.TestSuiteExecutor.execute(TestSuiteExecutor.java:106)
	at com.kms.katalon.core.main.TestCaseMain.startTestSuite(TestCaseMain.java:187)
	at com.kms.katalon.core.main.TestCaseMain$startTestSuite$0.call(Unknown Source)
	at TempTestSuite1700643238830.run(TempTestSuite1700643238830.groovy:36)
Caused by: com.kms.katalon.core.exception.StepFailedException: Web element with id: 'Object Repository/Connexion Usager/Link_Se Connecter' located by '//*[@id="connexion_link"]' not found
	at com.kms.katalon.core.webui.keyword.internal.WebUIKeywordMain.stepFailed(WebUIKeywordMain.groovy:64)
	at com.kms.katalon.core.webui.keyword.builtin.VerifyElementVisibleKeyword$_verifyElementVisible_closure1.doCall(VerifyElementVisibleKeyword.groovy:89)
	at com.kms.katalon.core.webui.keyword.builtin.VerifyElementVisibleKeyword$_verifyElementVisible_closure1.call(VerifyElementVisibleKeyword.groovy)
	at com.kms.katalon.core.webui.keyword.internal.WebUIKeywordMain.runKeyword(WebUIKeywordMain.groovy:20)
	... 36 more
)

2023-11-22 09:58:38 - [TEST_STEP][FAILED] - case "CHROME_DRIVER":: Unable to verify object 'Object Repository/Connexion Usager/Link_Se Connecter' is visible (Root cause: com.kms.katalon.core.exception.StepFailedException: Unable to verify object 'Object Repository/Connexion Usager/Link_Se Connecter' is visible
	at com.kms.katalon.core.webui.keyword.internal.WebUIKeywordMain.stepFailed(WebUIKeywordMain.groovy:64)
	at com.kms.katalon.core.webui.keyword.internal.WebUIKeywordMain.runKeyword(WebUIKeywordMain.groovy:26)
	at com.kms.katalon.core.webui.keyword.builtin.VerifyElementVisibleKeyword.verifyElementVisible(VerifyElementVisibleKeyword.groovy:97)
	at com.kms.katalon.core.webui.keyword.builtin.VerifyElementVisibleKeyword.execute(VerifyElementVisibleKeyword.groovy:67)
	at com.kms.katalon.core.keyword.internal.KeywordExecutor.executeKeywordForPlatform(KeywordExecutor.groovy:74)
	at com.kms.katalon.core.webui.keyword.WebUiBuiltInKeywords.verifyElementVisible(WebUiBuiltInKeywords.groovy:362)
	at com.kazurayam.ksbackyard.HighlightElement$_pandemic_closure1.doCall(HighlightElement.groovy:105)
	at Lancer URL ANEF.run(Lancer URL ANEF:333)
	at com.kms.katalon.core.main.ScriptEngine.run(ScriptEngine.java:194)
	at com.kms.katalon.core.main.ScriptEngine.runScriptAsRawText(ScriptEngine.java:119)
	at com.kms.katalon.core.main.TestCaseExecutor.runScript(TestCaseExecutor.java:448)
	at com.kms.katalon.core.main.TestCaseExecutor.doExecute(TestCaseExecutor.java:439)
	at com.kms.katalon.core.main.TestCaseExecutor.processExecutionPhase(TestCaseExecutor.java:418)
	at com.kms.katalon.core.main.TestCaseExecutor.accessMainPhase(TestCaseExecutor.java:410)
	at com.kms.katalon.core.main.TestCaseExecutor.execute(TestCaseExecutor.java:285)
	at com.kms.katalon.core.main.TestCaseMain.runTestCase(TestCaseMain.java:144)
	at com.kms.katalon.core.keyword.builtin.CallTestCaseKeyword$_callTestCase_closure1.doCall(CallTestCaseKeyword.groovy:59)
	at com.kms.katalon.core.keyword.builtin.CallTestCaseKeyword$_callTestCase_closure1.call(CallTestCaseKeyword.groovy)
	at com.kms.katalon.core.keyword.internal.KeywordMain.runKeyword(KeywordMain.groovy:75)
	at com.kms.katalon.core.keyword.builtin.CallTestCaseKeyword.callTestCase(CallTestCaseKeyword.groovy:81)
	at com.kms.katalon.core.keyword.builtin.CallTestCaseKeyword.execute(CallTestCaseKeyword.groovy:44)
	at com.kms.katalon.core.keyword.internal.KeywordExecutor.executeKeywordForPlatform(KeywordExecutor.groovy:74)
	at com.kms.katalon.core.keyword.BuiltinKeywords.callTestCase(BuiltinKeywords.groovy:310)
	at com.kazurayam.ksbackyard.HighlightElement$_pandemic_closure1.doCall(HighlightElement.groovy:105)
	at TNR R.TSPT Supp90-Visiteur.run(TNR R.TSPT Supp90-Visiteur:27)
	at com.kms.katalon.core.main.ScriptEngine.run(ScriptEngine.java:194)
	at com.kms.katalon.core.main.ScriptEngine.runScriptAsRawText(ScriptEngine.java:119)
	at com.kms.katalon.core.main.TestCaseExecutor.runScript(TestCaseExecutor.java:448)
	at com.kms.katalon.core.main.TestCaseExecutor.doExecute(TestCaseExecutor.java:439)
	at com.kms.katalon.core.main.TestCaseExecutor.processExecutionPhase(TestCaseExecutor.java:418)
	at com.kms.katalon.core.main.TestCaseExecutor.accessMainPhase(TestCaseExecutor.java:410)
	at com.kms.katalon.core.main.TestCaseExecutor.execute(TestCaseExecutor.java:285)
	at com.kms.katalon.core.common.CommonExecutor.accessTestCaseMainPhase(CommonExecutor.java:65)
	at com.kms.katalon.core.main.TestSuiteExecutor.accessTestSuiteMainPhase(TestSuiteExecutor.java:148)
	at com.kms.katalon.core.main.TestSuiteExecutor.execute(TestSuiteExecutor.java:106)
	at com.kms.katalon.core.main.TestCaseMain.startTestSuite(TestCaseMain.java:187)
	at com.kms.katalon.core.main.TestCaseMain$startTestSuite$0.call(Unknown Source)
	at TempTestSuite1700643238830.run(TempTestSuite1700643238830.groovy:36)
Caused by: com.kms.katalon.core.exception.StepFailedException: Web element with id: 'Object Repository/Connexion Usager/Link_Se Connecter' located by '//*[@id="connexion_link"]' not found
	at com.kms.katalon.core.webui.keyword.internal.WebUIKeywordMain.stepFailed(WebUIKeywordMain.groovy:64)
	at com.kms.katalon.core.webui.keyword.builtin.VerifyElementVisibleKeyword$_verifyElementVisible_closure1.doCall(VerifyElementVisibleKeyword.groovy:89)
	at com.kms.katalon.core.webui.keyword.builtin.VerifyElementVisibleKeyword$_verifyElementVisible_closure1.call(VerifyElementVisibleKeyword.groovy)
	at com.kms.katalon.core.webui.keyword.internal.WebUIKeywordMain.runKeyword(WebUIKeywordMain.groovy:20)
	... 36 more
)

2023-11-22 09:58:38 - [TEST_STEP][PASSED] - if (EnvExec == "URL_ANEFQualif"): null

2023-11-22 09:58:38 - [TEST_STEP][PASSED] - if (EnvExec == "URL_ANEFPreProd"): null

2023-11-22 09:58:38 - [TEST_STEP][PASSED] - maximizeWindow(): Current window maximized

2023-11-22 09:58:38 - [MESSAGE][INFO] - Maximizing current window

2023-11-22 09:58:38 - [MESSAGE][PASSED] - Current window maximized

2023-11-22 09:58:38 - [TEST_STEP][PASSED] - System.setProperty("webdriver.chrome.driver", getChromeDriverPath()): null

2023-11-22 09:58:38 - [TEST_STEP][PASSED] - System.setProperty("webdriver.chrome.logfile", getProjectDir() + "/Dump/chromedriver.log"): null

2023-11-22 09:58:38 - [TEST_STEP][PASSED] - callTestCase(findTestCase("Test Reutilisable/Main/Erreur lie a la confidentialite"), [:], STOP_ON_FAILURE): Call Test Case 'Test Cases/Test Reutilisable/Main/Erreur lie a la confidentialite' successfully

2023-11-22 09:58:38 - [MESSAGE][INFO] - Checking called Test Case

2023-11-22 09:58:38 - [MESSAGE][INFO] - Starting to call Test Case 'Test Cases/Test Reutilisable/Main/Erreur lie a la confidentialite'

2023-11-22 09:58:38 - [TEST_CASE][PASSED] - Test Cases/Test Reutilisable/Main/Erreur lie a la confidentialite: Test Cases/Test Reutilisable/Main/Erreur lie a la confidentialite

2023-11-22 09:58:38 - [TEST_STEP][PASSED] - tools.WaitForLoadedPage.waitForElementRendering(): tools.WaitForLoadedPage.waitForElementRendering is PASSED

2023-11-22 09:58:38 - [MESSAGE][PASSED] - tools.WaitForLoadedPage.waitForElementRendering is PASSED

2023-11-22 09:58:38 - [TEST_STEP][PASSED] - "Call Highlight.on() automatically": null

2023-11-22 09:58:38 - [TEST_STEP][PASSED] - DriverName = DriverName: null

2023-11-22 09:58:38 - [TEST_STEP][PASSED] - if (DriverName == "CHROME_DRIVER" || "EDGE_CHROMIUM_DRIVER" || "HEADLESS_DRIVER"): com.kms.katalon.core.webui.exception.WebElementNotFoundException: Web element with id: 'Object Repository/Connexion Usager/Btn_Parametres Avances' located by '//*[@id="details-button"]' not found (Root cause: com.kms.katalon.core.exception.StepFailedException: com.kms.katalon.core.webui.exception.WebElementNotFoundException: Web element with id: 'Object Repository/Connexion Usager/Btn_Parametres Avances' located by '//*[@id="details-button"]' not found
	at com.kms.katalon.core.webui.keyword.internal.WebUIKeywordMain.stepFailed(WebUIKeywordMain.groovy:64)
	at com.kms.katalon.core.webui.keyword.builtin.VerifyElementPresentKeyword$_verifyElementPresent_closure1.doCall(VerifyElementPresentKeyword.groovy:85)
	at com.kms.katalon.core.webui.keyword.builtin.VerifyElementPresentKeyword$_verifyElementPresent_closure1.call(VerifyElementPresentKeyword.groovy)
	at com.kms.katalon.core.webui.keyword.internal.WebUIKeywordMain.runKeyword(WebUIKeywordMain.groovy:20)
	at com.kms.katalon.core.webui.keyword.builtin.VerifyElementPresentKeyword.verifyElementPresent(VerifyElementPresentKeyword.groovy:92)
	at com.kms.katalon.core.webui.keyword.builtin.VerifyElementPresentKeyword.execute(VerifyElementPresentKeyword.groovy:68)
	at com.kms.katalon.core.keyword.internal.KeywordExecutor.executeKeywordForPlatform(KeywordExecutor.groovy:74)
	at com.kms.katalon.core.webui.keyword.WebUiBuiltInKeywords.verifyElementPresent(WebUiBuiltInKeywords.groovy:1448)
	at com.kazurayam.ksbackyard.HighlightElement$_pandemic_closure1.doCall(HighlightElement.groovy:105)
	at Erreur lie a la confidentialite.run(Erreur lie a la confidentialite:43)
	at com.kms.katalon.core.main.ScriptEngine.run(ScriptEngine.java:194)
	at com.kms.katalon.core.main.ScriptEngine.runScriptAsRawText(ScriptEngine.java:119)
	at com.kms.katalon.core.main.TestCaseExecutor.runScript(TestCaseExecutor.java:448)
	at com.kms.katalon.core.main.TestCaseExecutor.doExecute(TestCaseExecutor.java:439)
	at com.kms.katalon.core.main.TestCaseExecutor.processExecutionPhase(TestCaseExecutor.java:418)
	at com.kms.katalon.core.main.TestCaseExecutor.accessMainPhase(TestCaseExecutor.java:410)
	at com.kms.katalon.core.main.TestCaseExecutor.execute(TestCaseExecutor.java:285)
	at com.kms.katalon.core.main.TestCaseMain.runTestCase(TestCaseMain.java:144)
	at com.kms.katalon.core.keyword.builtin.CallTestCaseKeyword$_callTestCase_closure1.doCall(CallTestCaseKeyword.groovy:59)
	at com.kms.katalon.core.keyword.builtin.CallTestCaseKeyword$_callTestCase_closure1.call(CallTestCaseKeyword.groovy)
	at com.kms.katalon.core.keyword.internal.KeywordMain.runKeyword(KeywordMain.groovy:75)
	at com.kms.katalon.core.keyword.builtin.CallTestCaseKeyword.callTestCase(CallTestCaseKeyword.groovy:81)
	at com.kms.katalon.core.keyword.builtin.CallTestCaseKeyword.execute(CallTestCaseKeyword.groovy:44)
	at com.kms.katalon.core.keyword.internal.KeywordExecutor.executeKeywordForPlatform(KeywordExecutor.groovy:74)
	at com.kms.katalon.core.keyword.BuiltinKeywords.callTestCase(BuiltinKeywords.groovy:310)
	at com.kazurayam.ksbackyard.HighlightElement$_pandemic_closure1.doCall(HighlightElement.groovy:105)
	at Lancer URL ANEF.run(Lancer URL ANEF:330)
	at com.kms.katalon.core.main.ScriptEngine.run(ScriptEngine.java:194)
	at com.kms.katalon.core.main.ScriptEngine.runScriptAsRawText(ScriptEngine.java:119)
	at com.kms.katalon.core.main.TestCaseExecutor.runScript(TestCaseExecutor.java:448)
	at com.kms.katalon.core.main.TestCaseExecutor.doExecute(TestCaseExecutor.java:439)
	at com.kms.katalon.core.main.TestCaseExecutor.processExecutionPhase(TestCaseExecutor.java:418)
	at com.kms.katalon.core.main.TestCaseExecutor.accessMainPhase(TestCaseExecutor.java:410)
	at com.kms.katalon.core.main.TestCaseExecutor.execute(TestCaseExecutor.java:285)
	at com.kms.katalon.core.main.TestCaseMain.runTestCase(TestCaseMain.java:144)
	at com.kms.katalon.core.keyword.builtin.CallTestCaseKeyword$_callTestCase_closure1.doCall(CallTestCaseKeyword.groovy:59)
	at com.kms.katalon.core.keyword.builtin.CallTestCaseKeyword$_callTestCase_closure1.call(CallTestCaseKeyword.groovy)
	at com.kms.katalon.core.keyword.internal.KeywordMain.runKeyword(KeywordMain.groovy:75)
	at com.kms.katalon.core.keyword.builtin.CallTestCaseKeyword.callTestCase(CallTestCaseKeyword.groovy:81)
	at com.kms.katalon.core.keyword.builtin.CallTestCaseKeyword.execute(CallTestCaseKeyword.groovy:44)
	at com.kms.katalon.core.keyword.internal.KeywordExecutor.executeKeywordForPlatform(KeywordExecutor.groovy:74)
	at com.kms.katalon.core.keyword.BuiltinKeywords.callTestCase(BuiltinKeywords.groovy:310)
	at com.kazurayam.ksbackyard.HighlightElement$_pandemic_closure1.doCall(HighlightElement.groovy:105)
	at TNR R.TSPT Supp90-Visiteur.run(TNR R.TSPT Supp90-Visiteur:27)
	at com.kms.katalon.core.main.ScriptEngine.run(ScriptEngine.java:194)
	at com.kms.katalon.core.main.ScriptEngine.runScriptAsRawText(ScriptEngine.java:119)
	at com.kms.katalon.core.main.TestCaseExecutor.runScript(TestCaseExecutor.java:448)
	at com.kms.katalon.core.main.TestCaseExecutor.doExecute(TestCaseExecutor.java:439)
	at com.kms.katalon.core.main.TestCaseExecutor.processExecutionPhase(TestCaseExecutor.java:418)
	at com.kms.katalon.core.main.TestCaseExecutor.accessMainPhase(TestCaseExecutor.java:410)
	at com.kms.katalon.core.main.TestCaseExecutor.execute(TestCaseExecutor.java:285)
	at com.kms.katalon.core.common.CommonExecutor.accessTestCaseMainPhase(CommonExecutor.java:65)
	at com.kms.katalon.core.main.TestSuiteExecutor.accessTestSuiteMainPhase(TestSuiteExecutor.java:148)
	at com.kms.katalon.core.main.TestSuiteExecutor.execute(TestSuiteExecutor.java:106)
	at com.kms.katalon.core.main.TestCaseMain.startTestSuite(TestCaseMain.java:187)
	at com.kms.katalon.core.main.TestCaseMain$startTestSuite$0.call(Unknown Source)
	at TempTestSuite1700643238830.run(TempTestSuite1700643238830.groovy:36)
)

2023-11-22 09:58:38 - [TEST_STEP][PASSED] - if (verifyElementPresent(findTestObject("Object Repository/Connexion Usager/Btn_Parametres Avances"), 2, OPTIONAL)): com.kms.katalon.core.webui.exception.WebElementNotFoundException: Web element with id: 'Object Repository/Connexion Usager/Btn_Parametres Avances' located by '//*[@id="details-button"]' not found (Root cause: com.kms.katalon.core.exception.StepFailedException: com.kms.katalon.core.webui.exception.WebElementNotFoundException: Web element with id: 'Object Repository/Connexion Usager/Btn_Parametres Avances' located by '//*[@id="details-button"]' not found
	at com.kms.katalon.core.webui.keyword.internal.WebUIKeywordMain.stepFailed(WebUIKeywordMain.groovy:64)
	at com.kms.katalon.core.webui.keyword.builtin.VerifyElementPresentKeyword$_verifyElementPresent_closure1.doCall(VerifyElementPresentKeyword.groovy:85)
	at com.kms.katalon.core.webui.keyword.builtin.VerifyElementPresentKeyword$_verifyElementPresent_closure1.call(VerifyElementPresentKeyword.groovy)
	at com.kms.katalon.core.webui.keyword.internal.WebUIKeywordMain.runKeyword(WebUIKeywordMain.groovy:20)
	at com.kms.katalon.core.webui.keyword.builtin.VerifyElementPresentKeyword.verifyElementPresent(VerifyElementPresentKeyword.groovy:92)
	at com.kms.katalon.core.webui.keyword.builtin.VerifyElementPresentKeyword.execute(VerifyElementPresentKeyword.groovy:68)
	at com.kms.katalon.core.keyword.internal.KeywordExecutor.executeKeywordForPlatform(KeywordExecutor.groovy:74)
	at com.kms.katalon.core.webui.keyword.WebUiBuiltInKeywords.verifyElementPresent(WebUiBuiltInKeywords.groovy:1448)
	at com.kazurayam.ksbackyard.HighlightElement$_pandemic_closure1.doCall(HighlightElement.groovy:105)
	at Erreur lie a la confidentialite.run(Erreur lie a la confidentialite:43)
	at com.kms.katalon.core.main.ScriptEngine.run(ScriptEngine.java:194)
	at com.kms.katalon.core.main.ScriptEngine.runScriptAsRawText(ScriptEngine.java:119)
	at com.kms.katalon.core.main.TestCaseExecutor.runScript(TestCaseExecutor.java:448)
	at com.kms.katalon.core.main.TestCaseExecutor.doExecute(TestCaseExecutor.java:439)
	at com.kms.katalon.core.main.TestCaseExecutor.processExecutionPhase(TestCaseExecutor.java:418)
	at com.kms.katalon.core.main.TestCaseExecutor.accessMainPhase(TestCaseExecutor.java:410)
	at com.kms.katalon.core.main.TestCaseExecutor.execute(TestCaseExecutor.java:285)
	at com.kms.katalon.core.main.TestCaseMain.runTestCase(TestCaseMain.java:144)
	at com.kms.katalon.core.keyword.builtin.CallTestCaseKeyword$_callTestCase_closure1.doCall(CallTestCaseKeyword.groovy:59)
	at com.kms.katalon.core.keyword.builtin.CallTestCaseKeyword$_callTestCase_closure1.call(CallTestCaseKeyword.groovy)
	at com.kms.katalon.core.keyword.internal.KeywordMain.runKeyword(KeywordMain.groovy:75)
	at com.kms.katalon.core.keyword.builtin.CallTestCaseKeyword.callTestCase(CallTestCaseKeyword.groovy:81)
	at com.kms.katalon.core.keyword.builtin.CallTestCaseKeyword.execute(CallTestCaseKeyword.groovy:44)
	at com.kms.katalon.core.keyword.internal.KeywordExecutor.executeKeywordForPlatform(KeywordExecutor.groovy:74)
	at com.kms.katalon.core.keyword.BuiltinKeywords.callTestCase(BuiltinKeywords.groovy:310)
	at com.kazurayam.ksbackyard.HighlightElement$_pandemic_closure1.doCall(HighlightElement.groovy:105)
	at Lancer URL ANEF.run(Lancer URL ANEF:330)
	at com.kms.katalon.core.main.ScriptEngine.run(ScriptEngine.java:194)
	at com.kms.katalon.core.main.ScriptEngine.runScriptAsRawText(ScriptEngine.java:119)
	at com.kms.katalon.core.main.TestCaseExecutor.runScript(TestCaseExecutor.java:448)
	at com.kms.katalon.core.main.TestCaseExecutor.doExecute(TestCaseExecutor.java:439)
	at com.kms.katalon.core.main.TestCaseExecutor.processExecutionPhase(TestCaseExecutor.java:418)
	at com.kms.katalon.core.main.TestCaseExecutor.accessMainPhase(TestCaseExecutor.java:410)
	at com.kms.katalon.core.main.TestCaseExecutor.execute(TestCaseExecutor.java:285)
	at com.kms.katalon.core.main.TestCaseMain.runTestCase(TestCaseMain.java:144)
	at com.kms.katalon.core.keyword.builtin.CallTestCaseKeyword$_callTestCase_closure1.doCall(CallTestCaseKeyword.groovy:59)
	at com.kms.katalon.core.keyword.builtin.CallTestCaseKeyword$_callTestCase_closure1.call(CallTestCaseKeyword.groovy)
	at com.kms.katalon.core.keyword.internal.KeywordMain.runKeyword(KeywordMain.groovy:75)
	at com.kms.katalon.core.keyword.builtin.CallTestCaseKeyword.callTestCase(CallTestCaseKeyword.groovy:81)
	at com.kms.katalon.core.keyword.builtin.CallTestCaseKeyword.execute(CallTestCaseKeyword.groovy:44)
	at com.kms.katalon.core.keyword.internal.KeywordExecutor.executeKeywordForPlatform(KeywordExecutor.groovy:74)
	at com.kms.katalon.core.keyword.BuiltinKeywords.callTestCase(BuiltinKeywords.groovy:310)
	at com.kazurayam.ksbackyard.HighlightElement$_pandemic_closure1.doCall(HighlightElement.groovy:105)
	at TNR R.TSPT Supp90-Visiteur.run(TNR R.TSPT Supp90-Visiteur:27)
	at com.kms.katalon.core.main.ScriptEngine.run(ScriptEngine.java:194)
	at com.kms.katalon.core.main.ScriptEngine.runScriptAsRawText(ScriptEngine.java:119)
	at com.kms.katalon.core.main.TestCaseExecutor.runScript(TestCaseExecutor.java:448)
	at com.kms.katalon.core.main.TestCaseExecutor.doExecute(TestCaseExecutor.java:439)
	at com.kms.katalon.core.main.TestCaseExecutor.processExecutionPhase(TestCaseExecutor.java:418)
	at com.kms.katalon.core.main.TestCaseExecutor.accessMainPhase(TestCaseExecutor.java:410)
	at com.kms.katalon.core.main.TestCaseExecutor.execute(TestCaseExecutor.java:285)
	at com.kms.katalon.core.common.CommonExecutor.accessTestCaseMainPhase(CommonExecutor.java:65)
	at com.kms.katalon.core.main.TestSuiteExecutor.accessTestSuiteMainPhase(TestSuiteExecutor.java:148)
	at com.kms.katalon.core.main.TestSuiteExecutor.execute(TestSuiteExecutor.java:106)
	at com.kms.katalon.core.main.TestCaseMain.startTestSuite(TestCaseMain.java:187)
	at com.kms.katalon.core.main.TestCaseMain$startTestSuite$0.call(Unknown Source)
	at TempTestSuite1700643238830.run(TempTestSuite1700643238830.groovy:36)
)

2023-11-22 09:58:38 - [MESSAGE][INFO] - Finding Test Object 'Object Repository/Connexion Usager/Btn_Parametres Avances'

2023-11-22 09:58:38 - [MESSAGE][INFO] - Checking object

2023-11-22 09:58:38 - [MESSAGE][INFO] - Finding web element from Test Object's properties

2023-11-22 09:58:38 - [MESSAGE][INFO] - Checking timeout

2023-11-22 09:58:38 - [MESSAGE][INFO] - Finding web element with id: 'Object Repository/Connexion Usager/Btn_Parametres Avances' located by 'By.xpath: //*[@id="details-button"]' in '2' second(s)

2023-11-22 09:58:38 - [MESSAGE][INFO] - Smart Wait Function is triggered

2023-11-22 09:58:38 - [MESSAGE][INFO] - Smart Wait Function is triggered

2023-11-22 09:58:38 - [MESSAGE][INFO] - Smart Wait Function is triggered

2023-11-22 09:58:38 - [MESSAGE][INFO] - Smart Wait Function is triggered

2023-11-22 09:58:38 - [MESSAGE][INFO] - Smart Wait Function is triggered

2023-11-22 09:58:38 - [MESSAGE][INFO] - Smart Wait Function is triggered

2023-11-22 09:58:38 - [MESSAGE][INFO] - Smart Wait Function is triggered

2023-11-22 09:58:38 - [MESSAGE][INFO] - Smart Wait Function is triggered

2023-11-22 09:58:38 - [MESSAGE][INFO] - Smart Wait Function is triggered

2023-11-22 09:58:38 - [MESSAGE][INFO] - Smart Wait Function is triggered

2023-11-22 09:58:39 - [MESSAGE][INFO] - Smart Wait Function is triggered

2023-11-22 09:58:39 - [MESSAGE][INFO] - Smart Wait Function is triggered

2023-11-22 09:58:39 - [MESSAGE][INFO] - Smart Wait Function is triggered

2023-11-22 09:58:39 - [MESSAGE][INFO] - Smart Wait Function is triggered

2023-11-22 09:58:39 - [MESSAGE][INFO] - Smart Wait Function is triggered

2023-11-22 09:58:39 - [MESSAGE][INFO] - Smart Wait Function is triggered

2023-11-22 09:58:39 - [MESSAGE][INFO] - Smart Wait Function is triggered

2023-11-22 09:58:39 - [MESSAGE][INFO] - Smart Wait Function is triggered

2023-11-22 09:58:39 - [MESSAGE][INFO] - Smart Wait Function is triggered

2023-11-22 09:58:39 - [MESSAGE][INFO] - Smart Wait Function is triggered

2023-11-22 09:58:39 - [MESSAGE][INFO] - Smart Wait Function is triggered

2023-11-22 09:58:39 - [MESSAGE][INFO] - Smart Wait Function is triggered

2023-11-22 09:58:39 - [MESSAGE][INFO] - Smart Wait Function is triggered

2023-11-22 09:58:39 - [MESSAGE][INFO] - Smart Wait Function is triggered

2023-11-22 09:58:39 - [MESSAGE][INFO] - Smart Wait Function is triggered

2023-11-22 09:58:39 - [MESSAGE][INFO] - Smart Wait Function is triggered

2023-11-22 09:58:39 - [MESSAGE][INFO] - Smart Wait Function is triggered

2023-11-22 09:58:39 - [MESSAGE][INFO] - Smart Wait Function is triggered

2023-11-22 09:58:39 - [MESSAGE][INFO] - Smart Wait Function is triggered

2023-11-22 09:58:39 - [MESSAGE][INFO] - Smart Wait Function is triggered

2023-11-22 09:58:39 - [MESSAGE][INFO] - Smart Wait Function is triggered

2023-11-22 09:58:39 - [MESSAGE][INFO] - Smart Wait Function is triggered

2023-11-22 09:58:39 - [MESSAGE][INFO] - Smart Wait Function is triggered

2023-11-22 09:58:39 - [MESSAGE][INFO] - Smart Wait Function is triggered

2023-11-22 09:58:39 - [MESSAGE][INFO] - Smart Wait Function is triggered

2023-11-22 09:58:39 - [MESSAGE][INFO] - Smart Wait Function is triggered

2023-11-22 09:58:39 - [MESSAGE][INFO] - Smart Wait Function is triggered

2023-11-22 09:58:39 - [MESSAGE][INFO] - Smart Wait Function is triggered

2023-11-22 09:58:39 - [MESSAGE][INFO] - Smart Wait Function is triggered

2023-11-22 09:58:39 - [MESSAGE][INFO] - Smart Wait Function is triggered

2023-11-22 09:58:39 - [MESSAGE][INFO] - Smart Wait Function is triggered

2023-11-22 09:58:40 - [MESSAGE][INFO] - Smart Wait Function is triggered

2023-11-22 09:58:40 - [MESSAGE][INFO] - Smart Wait Function is triggered

2023-11-22 09:58:40 - [MESSAGE][INFO] - Smart Wait Function is triggered

2023-11-22 09:58:40 - [MESSAGE][INFO] - Smart Wait Function is triggered

2023-11-22 09:58:40 - [MESSAGE][INFO] - Smart Wait Function is triggered

2023-11-22 09:58:40 - [MESSAGE][INFO] - Smart Wait Function is triggered

2023-11-22 09:58:40 - [MESSAGE][INFO] - Smart Wait Function is triggered

2023-11-22 09:58:40 - [MESSAGE][INFO] - Smart Wait Function is triggered

2023-11-22 09:58:40 - [MESSAGE][INFO] - Smart Wait Function is triggered

2023-11-22 09:58:40 - [MESSAGE][INFO] - Smart Wait Function is triggered

2023-11-22 09:58:40 - [MESSAGE][INFO] - Smart Wait Function is triggered

2023-11-22 09:58:40 - [MESSAGE][INFO] - Smart Wait Function is triggered

2023-11-22 09:58:40 - [MESSAGE][INFO] - Smart Wait Function is triggered

2023-11-22 09:58:40 - [MESSAGE][INFO] - Smart Wait Function is triggered

2023-11-22 09:58:40 - [MESSAGE][INFO] - Smart Wait Function is triggered

2023-11-22 09:58:40 - [MESSAGE][INFO] - Smart Wait Function is triggered

2023-11-22 09:58:40 - [MESSAGE][INFO] - Smart Wait Function is triggered

2023-11-22 09:58:40 - [MESSAGE][INFO] - Smart Wait Function is triggered

2023-11-22 09:58:40 - [MESSAGE][INFO] - Smart Wait Function is triggered

2023-11-22 09:58:40 - [MESSAGE][INFO] - Smart Wait Function is triggered

2023-11-22 09:58:40 - [MESSAGE][INFO] - Smart Wait Function is triggered

2023-11-22 09:58:40 - [MESSAGE][INFO] - Smart Wait Function is triggered

2023-11-22 09:58:40 - [MESSAGE][INFO] - Smart Wait Function is triggered

2023-11-22 09:58:40 - [MESSAGE][INFO] - Smart Wait Function is triggered

2023-11-22 09:58:40 - [MESSAGE][INFO] - Smart Wait Function is triggered

2023-11-22 09:58:40 - [MESSAGE][INFO] - Smart Wait Function is triggered

2023-11-22 09:58:41 - [MESSAGE][INFO] - Smart Wait Function is triggered

2023-11-22 09:58:41 - [MESSAGE][INFO] - Smart Wait Function is triggered

2023-11-22 09:58:41 - [MESSAGE][INFO] - Smart Wait Function is triggered

2023-11-22 09:58:41 - [MESSAGE][INFO] - Smart Wait Function is triggered

2023-11-22 09:58:41 - [MESSAGE][INFO] - Smart Wait Function is triggered

2023-11-22 09:58:41 - [MESSAGE][INFO] - Smart Wait Function is triggered

2023-11-22 09:58:41 - [MESSAGE][INFO] - Smart Wait Function is triggered

2023-11-22 09:58:41 - [MESSAGE][INFO] - Smart Wait Function is triggered

2023-11-22 09:58:41 - [MESSAGE][INFO] - Smart Wait Function is triggered

2023-11-22 09:58:41 - [MESSAGE][INFO] - Smart Wait Function is triggered

2023-11-22 09:58:41 - [MESSAGE][INFO] - Smart Wait Function is triggered

2023-11-22 09:58:41 - [MESSAGE][INFO] - Smart Wait Function is triggered

2023-11-22 09:58:41 - [MESSAGE][INFO] - Smart Wait Function is triggered

2023-11-22 09:58:41 - [MESSAGE][INFO] - Smart Wait Function is triggered

2023-11-22 09:58:41 - [MESSAGE][INFO] - Smart Wait Function is triggered

2023-11-22 09:58:41 - [MESSAGE][INFO] - Unable to find the element located by 'By.xpath: //*[@id="details-button"]'. Please recheck the objects properties to make sure the desired element is located. 

2023-11-22 09:58:41 - [MESSAGE][WARNING] - com.kms.katalon.core.webui.exception.WebElementNotFoundException: Web element with id: 'Object Repository/Connexion Usager/Btn_Parametres Avances' located by '//*[@id="details-button"]' not found (Root cause: com.kms.katalon.core.exception.StepFailedException: com.kms.katalon.core.webui.exception.WebElementNotFoundException: Web element with id: 'Object Repository/Connexion Usager/Btn_Parametres Avances' located by '//*[@id="details-button"]' not found
	at com.kms.katalon.core.webui.keyword.internal.WebUIKeywordMain.stepFailed(WebUIKeywordMain.groovy:64)
	at com.kms.katalon.core.webui.keyword.builtin.VerifyElementPresentKeyword$_verifyElementPresent_closure1.doCall(VerifyElementPresentKeyword.groovy:85)
	at com.kms.katalon.core.webui.keyword.builtin.VerifyElementPresentKeyword$_verifyElementPresent_closure1.call(VerifyElementPresentKeyword.groovy)
	at com.kms.katalon.core.webui.keyword.internal.WebUIKeywordMain.runKeyword(WebUIKeywordMain.groovy:20)
	at com.kms.katalon.core.webui.keyword.builtin.VerifyElementPresentKeyword.verifyElementPresent(VerifyElementPresentKeyword.groovy:92)
	at com.kms.katalon.core.webui.keyword.builtin.VerifyElementPresentKeyword.execute(VerifyElementPresentKeyword.groovy:68)
	at com.kms.katalon.core.keyword.internal.KeywordExecutor.executeKeywordForPlatform(KeywordExecutor.groovy:74)
	at com.kms.katalon.core.webui.keyword.WebUiBuiltInKeywords.verifyElementPresent(WebUiBuiltInKeywords.groovy:1448)
	at com.kazurayam.ksbackyard.HighlightElement$_pandemic_closure1.doCall(HighlightElement.groovy:105)
	at Erreur lie a la confidentialite.run(Erreur lie a la confidentialite:43)
	at com.kms.katalon.core.main.ScriptEngine.run(ScriptEngine.java:194)
	at com.kms.katalon.core.main.ScriptEngine.runScriptAsRawText(ScriptEngine.java:119)
	at com.kms.katalon.core.main.TestCaseExecutor.runScript(TestCaseExecutor.java:448)
	at com.kms.katalon.core.main.TestCaseExecutor.doExecute(TestCaseExecutor.java:439)
	at com.kms.katalon.core.main.TestCaseExecutor.processExecutionPhase(TestCaseExecutor.java:418)
	at com.kms.katalon.core.main.TestCaseExecutor.accessMainPhase(TestCaseExecutor.java:410)
	at com.kms.katalon.core.main.TestCaseExecutor.execute(TestCaseExecutor.java:285)
	at com.kms.katalon.core.main.TestCaseMain.runTestCase(TestCaseMain.java:144)
	at com.kms.katalon.core.keyword.builtin.CallTestCaseKeyword$_callTestCase_closure1.doCall(CallTestCaseKeyword.groovy:59)
	at com.kms.katalon.core.keyword.builtin.CallTestCaseKeyword$_callTestCase_closure1.call(CallTestCaseKeyword.groovy)
	at com.kms.katalon.core.keyword.internal.KeywordMain.runKeyword(KeywordMain.groovy:75)
	at com.kms.katalon.core.keyword.builtin.CallTestCaseKeyword.callTestCase(CallTestCaseKeyword.groovy:81)
	at com.kms.katalon.core.keyword.builtin.CallTestCaseKeyword.execute(CallTestCaseKeyword.groovy:44)
	at com.kms.katalon.core.keyword.internal.KeywordExecutor.executeKeywordForPlatform(KeywordExecutor.groovy:74)
	at com.kms.katalon.core.keyword.BuiltinKeywords.callTestCase(BuiltinKeywords.groovy:310)
	at com.kazurayam.ksbackyard.HighlightElement$_pandemic_closure1.doCall(HighlightElement.groovy:105)
	at Lancer URL ANEF.run(Lancer URL ANEF:330)
	at com.kms.katalon.core.main.ScriptEngine.run(ScriptEngine.java:194)
	at com.kms.katalon.core.main.ScriptEngine.runScriptAsRawText(ScriptEngine.java:119)
	at com.kms.katalon.core.main.TestCaseExecutor.runScript(TestCaseExecutor.java:448)
	at com.kms.katalon.core.main.TestCaseExecutor.doExecute(TestCaseExecutor.java:439)
	at com.kms.katalon.core.main.TestCaseExecutor.processExecutionPhase(TestCaseExecutor.java:418)
	at com.kms.katalon.core.main.TestCaseExecutor.accessMainPhase(TestCaseExecutor.java:410)
	at com.kms.katalon.core.main.TestCaseExecutor.execute(TestCaseExecutor.java:285)
	at com.kms.katalon.core.main.TestCaseMain.runTestCase(TestCaseMain.java:144)
	at com.kms.katalon.core.keyword.builtin.CallTestCaseKeyword$_callTestCase_closure1.doCall(CallTestCaseKeyword.groovy:59)
	at com.kms.katalon.core.keyword.builtin.CallTestCaseKeyword$_callTestCase_closure1.call(CallTestCaseKeyword.groovy)
	at com.kms.katalon.core.keyword.internal.KeywordMain.runKeyword(KeywordMain.groovy:75)
	at com.kms.katalon.core.keyword.builtin.CallTestCaseKeyword.callTestCase(CallTestCaseKeyword.groovy:81)
	at com.kms.katalon.core.keyword.builtin.CallTestCaseKeyword.execute(CallTestCaseKeyword.groovy:44)
	at com.kms.katalon.core.keyword.internal.KeywordExecutor.executeKeywordForPlatform(KeywordExecutor.groovy:74)
	at com.kms.katalon.core.keyword.BuiltinKeywords.callTestCase(BuiltinKeywords.groovy:310)
	at com.kazurayam.ksbackyard.HighlightElement$_pandemic_closure1.doCall(HighlightElement.groovy:105)
	at TNR R.TSPT Supp90-Visiteur.run(TNR R.TSPT Supp90-Visiteur:27)
	at com.kms.katalon.core.main.ScriptEngine.run(ScriptEngine.java:194)
	at com.kms.katalon.core.main.ScriptEngine.runScriptAsRawText(ScriptEngine.java:119)
	at com.kms.katalon.core.main.TestCaseExecutor.runScript(TestCaseExecutor.java:448)
	at com.kms.katalon.core.main.TestCaseExecutor.doExecute(TestCaseExecutor.java:439)
	at com.kms.katalon.core.main.TestCaseExecutor.processExecutionPhase(TestCaseExecutor.java:418)
	at com.kms.katalon.core.main.TestCaseExecutor.accessMainPhase(TestCaseExecutor.java:410)
	at com.kms.katalon.core.main.TestCaseExecutor.execute(TestCaseExecutor.java:285)
	at com.kms.katalon.core.common.CommonExecutor.accessTestCaseMainPhase(CommonExecutor.java:65)
	at com.kms.katalon.core.main.TestSuiteExecutor.accessTestSuiteMainPhase(TestSuiteExecutor.java:148)
	at com.kms.katalon.core.main.TestSuiteExecutor.execute(TestSuiteExecutor.java:106)
	at com.kms.katalon.core.main.TestCaseMain.startTestSuite(TestCaseMain.java:187)
	at com.kms.katalon.core.main.TestCaseMain$startTestSuite$0.call(Unknown Source)
	at TempTestSuite1700643238830.run(TempTestSuite1700643238830.groovy:36)
)
[[ATTACHMENT|C:\\Users\\hhizaoui\\.git\\NewProject29092023\\Nouveau dossier1\\21_11\\ANEF-AutomatizationProject\\Reports\\20231122_095358\\TS_TNR_R.TSPT_Suppo90\\20231122_095358\\1700643521705.png]]

2023-11-22 09:58:41 - [TEST_STEP][PASSED] - if (DriverName == "IE_DRIVER"): null

2023-11-22 09:58:41 - [TEST_STEP][PASSED] - delay(3): Delayed 3 second(s)

2023-11-22 09:58:41 - [MESSAGE][INFO] - Delaying browser in 3 second(s)

2023-11-22 09:58:44 - [MESSAGE][PASSED] - Delayed 3 second(s)

2023-11-22 09:58:44 - [MESSAGE][PASSED] - Call Test Case 'Test Cases/Test Reutilisable/Main/Erreur lie a la confidentialite' successfully

2023-11-22 09:58:44 - [TEST_STEP][PASSED] - delay(5): Delayed 5 second(s)

2023-11-22 09:58:44 - [MESSAGE][INFO] - Delaying browser in 5 second(s)

2023-11-22 09:58:49 - [MESSAGE][PASSED] - Delayed 5 second(s)

2023-11-22 09:58:49 - [TEST_STEP][FAILED] - verifyElementVisible(findTestObject("Object Repository/Connexion Usager/Link_Se Connecter"), STOP_ON_FAILURE): Unable to verify object 'Object Repository/Connexion Usager/Link_Se Connecter' is visible (Root cause: com.kms.katalon.core.exception.StepFailedException: Unable to verify object 'Object Repository/Connexion Usager/Link_Se Connecter' is visible
	at com.kms.katalon.core.webui.keyword.internal.WebUIKeywordMain.stepFailed(WebUIKeywordMain.groovy:64)
	at com.kms.katalon.core.webui.keyword.internal.WebUIKeywordMain.runKeyword(WebUIKeywordMain.groovy:26)
	at com.kms.katalon.core.webui.keyword.builtin.VerifyElementVisibleKeyword.verifyElementVisible(VerifyElementVisibleKeyword.groovy:97)
	at com.kms.katalon.core.webui.keyword.builtin.VerifyElementVisibleKeyword.execute(VerifyElementVisibleKeyword.groovy:67)
	at com.kms.katalon.core.keyword.internal.KeywordExecutor.executeKeywordForPlatform(KeywordExecutor.groovy:74)
	at com.kms.katalon.core.webui.keyword.WebUiBuiltInKeywords.verifyElementVisible(WebUiBuiltInKeywords.groovy:362)
	at com.kazurayam.ksbackyard.HighlightElement$_pandemic_closure1.doCall(HighlightElement.groovy:105)
	at Lancer URL ANEF.run(Lancer URL ANEF:333)
	at com.kms.katalon.core.main.ScriptEngine.run(ScriptEngine.java:194)
	at com.kms.katalon.core.main.ScriptEngine.runScriptAsRawText(ScriptEngine.java:119)
	at com.kms.katalon.core.main.TestCaseExecutor.runScript(TestCaseExecutor.java:448)
	at com.kms.katalon.core.main.TestCaseExecutor.doExecute(TestCaseExecutor.java:439)
	at com.kms.katalon.core.main.TestCaseExecutor.processExecutionPhase(TestCaseExecutor.java:418)
	at com.kms.katalon.core.main.TestCaseExecutor.accessMainPhase(TestCaseExecutor.java:410)
	at com.kms.katalon.core.main.TestCaseExecutor.execute(TestCaseExecutor.java:285)
	at com.kms.katalon.core.main.TestCaseMain.runTestCase(TestCaseMain.java:144)
	at com.kms.katalon.core.keyword.builtin.CallTestCaseKeyword$_callTestCase_closure1.doCall(CallTestCaseKeyword.groovy:59)
	at com.kms.katalon.core.keyword.builtin.CallTestCaseKeyword$_callTestCase_closure1.call(CallTestCaseKeyword.groovy)
	at com.kms.katalon.core.keyword.internal.KeywordMain.runKeyword(KeywordMain.groovy:75)
	at com.kms.katalon.core.keyword.builtin.CallTestCaseKeyword.callTestCase(CallTestCaseKeyword.groovy:81)
	at com.kms.katalon.core.keyword.builtin.CallTestCaseKeyword.execute(CallTestCaseKeyword.groovy:44)
	at com.kms.katalon.core.keyword.internal.KeywordExecutor.executeKeywordForPlatform(KeywordExecutor.groovy:74)
	at com.kms.katalon.core.keyword.BuiltinKeywords.callTestCase(BuiltinKeywords.groovy:310)
	at com.kazurayam.ksbackyard.HighlightElement$_pandemic_closure1.doCall(HighlightElement.groovy:105)
	at TNR R.TSPT Supp90-Visiteur.run(TNR R.TSPT Supp90-Visiteur:27)
	at com.kms.katalon.core.main.ScriptEngine.run(ScriptEngine.java:194)
	at com.kms.katalon.core.main.ScriptEngine.runScriptAsRawText(ScriptEngine.java:119)
	at com.kms.katalon.core.main.TestCaseExecutor.runScript(TestCaseExecutor.java:448)
	at com.kms.katalon.core.main.TestCaseExecutor.doExecute(TestCaseExecutor.java:439)
	at com.kms.katalon.core.main.TestCaseExecutor.processExecutionPhase(TestCaseExecutor.java:418)
	at com.kms.katalon.core.main.TestCaseExecutor.accessMainPhase(TestCaseExecutor.java:410)
	at com.kms.katalon.core.main.TestCaseExecutor.execute(TestCaseExecutor.java:285)
	at com.kms.katalon.core.common.CommonExecutor.accessTestCaseMainPhase(CommonExecutor.java:65)
	at com.kms.katalon.core.main.TestSuiteExecutor.accessTestSuiteMainPhase(TestSuiteExecutor.java:148)
	at com.kms.katalon.core.main.TestSuiteExecutor.execute(TestSuiteExecutor.java:106)
	at com.kms.katalon.core.main.TestCaseMain.startTestSuite(TestCaseMain.java:187)
	at com.kms.katalon.core.main.TestCaseMain$startTestSuite$0.call(Unknown Source)
	at TempTestSuite1700643238830.run(TempTestSuite1700643238830.groovy:36)
Caused by: com.kms.katalon.core.exception.StepFailedException: Web element with id: 'Object Repository/Connexion Usager/Link_Se Connecter' located by '//*[@id="connexion_link"]' not found
	at com.kms.katalon.core.webui.keyword.internal.WebUIKeywordMain.stepFailed(WebUIKeywordMain.groovy:64)
	at com.kms.katalon.core.webui.keyword.builtin.VerifyElementVisibleKeyword$_verifyElementVisible_closure1.doCall(VerifyElementVisibleKeyword.groovy:89)
	at com.kms.katalon.core.webui.keyword.builtin.VerifyElementVisibleKeyword$_verifyElementVisible_closure1.call(VerifyElementVisibleKeyword.groovy)
	at com.kms.katalon.core.webui.keyword.internal.WebUIKeywordMain.runKeyword(WebUIKeywordMain.groovy:20)
	... 36 more
)

2023-11-22 09:58:49 - [MESSAGE][INFO] - Finding Test Object 'Object Repository/Connexion Usager/Link_Se Connecter'

2023-11-22 09:58:49 - [MESSAGE][INFO] - Checking object

2023-11-22 09:58:49 - [MESSAGE][INFO] - Finding web element from Test Object's properties

2023-11-22 09:58:49 - [MESSAGE][INFO] - Checking timeout

2023-11-22 09:58:49 - [MESSAGE][INFO] - Finding web element with id: 'Object Repository/Connexion Usager/Link_Se Connecter' located by 'By.xpath: //*[@id="connexion_link"]' in '5' second(s)

2023-11-22 09:58:49 - [MESSAGE][INFO] - Smart Wait Function is triggered

2023-11-22 09:58:49 - [MESSAGE][INFO] - Smart Wait Function is triggered

2023-11-22 09:58:50 - [MESSAGE][INFO] - Smart Wait Function is triggered

2023-11-22 09:58:50 - [MESSAGE][INFO] - Smart Wait Function is triggered

2023-11-22 09:58:50 - [MESSAGE][INFO] - Smart Wait Function is triggered

2023-11-22 09:58:50 - [MESSAGE][INFO] - Smart Wait Function is triggered

2023-11-22 09:58:50 - [MESSAGE][INFO] - Smart Wait Function is triggered

2023-11-22 09:58:50 - [MESSAGE][INFO] - Smart Wait Function is triggered

2023-11-22 09:58:50 - [MESSAGE][INFO] - Smart Wait Function is triggered

2023-11-22 09:58:50 - [MESSAGE][INFO] - Smart Wait Function is triggered

2023-11-22 09:58:50 - [MESSAGE][INFO] - Smart Wait Function is triggered

2023-11-22 09:58:50 - [MESSAGE][INFO] - Smart Wait Function is triggered

2023-11-22 09:58:50 - [MESSAGE][INFO] - Smart Wait Function is triggered

2023-11-22 09:58:50 - [MESSAGE][INFO] - Smart Wait Function is triggered

2023-11-22 09:58:50 - [MESSAGE][INFO] - Smart Wait Function is triggered

2023-11-22 09:58:50 - [MESSAGE][INFO] - Smart Wait Function is triggered

2023-11-22 09:58:50 - [MESSAGE][INFO] - Smart Wait Function is triggered

2023-11-22 09:58:50 - [MESSAGE][INFO] - Smart Wait Function is triggered

2023-11-22 09:58:50 - [MESSAGE][INFO] - Smart Wait Function is triggered

2023-11-22 09:58:50 - [MESSAGE][INFO] - Smart Wait Function is triggered

2023-11-22 09:58:50 - [MESSAGE][INFO] - Smart Wait Function is triggered

2023-11-22 09:58:50 - [MESSAGE][INFO] - Smart Wait Function is triggered

2023-11-22 09:58:50 - [MESSAGE][INFO] - Smart Wait Function is triggered

2023-11-22 09:58:50 - [MESSAGE][INFO] - Smart Wait Function is triggered

2023-11-22 09:58:50 - [MESSAGE][INFO] - Smart Wait Function is triggered

2023-11-22 09:58:50 - [MESSAGE][INFO] - Smart Wait Function is triggered

2023-11-22 09:58:50 - [MESSAGE][INFO] - Smart Wait Function is triggered

2023-11-22 09:58:50 - [MESSAGE][INFO] - Smart Wait Function is triggered

2023-11-22 09:58:50 - [MESSAGE][INFO] - Smart Wait Function is triggered

2023-11-22 09:58:50 - [MESSAGE][INFO] - Smart Wait Function is triggered

2023-11-22 09:58:51 - [MESSAGE][INFO] - Smart Wait Function is triggered

2023-11-22 09:58:51 - [MESSAGE][INFO] - Smart Wait Function is triggered

2023-11-22 09:58:51 - [MESSAGE][INFO] - Smart Wait Function is triggered

2023-11-22 09:58:51 - [MESSAGE][INFO] - Smart Wait Function is triggered

2023-11-22 09:58:51 - [MESSAGE][INFO] - Smart Wait Function is triggered

2023-11-22 09:58:51 - [MESSAGE][INFO] - Smart Wait Function is triggered

2023-11-22 09:58:51 - [MESSAGE][INFO] - Smart Wait Function is triggered

2023-11-22 09:58:51 - [MESSAGE][INFO] - Smart Wait Function is triggered

2023-11-22 09:58:51 - [MESSAGE][INFO] - Smart Wait Function is triggered

2023-11-22 09:58:51 - [MESSAGE][INFO] - Smart Wait Function is triggered

2023-11-22 09:58:51 - [MESSAGE][INFO] - Smart Wait Function is triggered

2023-11-22 09:58:51 - [MESSAGE][INFO] - Smart Wait Function is triggered

2023-11-22 09:58:51 - [MESSAGE][INFO] - Smart Wait Function is triggered

2023-11-22 09:58:51 - [MESSAGE][INFO] - Smart Wait Function is triggered

2023-11-22 09:58:51 - [MESSAGE][INFO] - Smart Wait Function is triggered

2023-11-22 09:58:51 - [MESSAGE][INFO] - Smart Wait Function is triggered

2023-11-22 09:58:51 - [MESSAGE][INFO] - Smart Wait Function is triggered

2023-11-22 09:58:51 - [MESSAGE][INFO] - Smart Wait Function is triggered

2023-11-22 09:58:51 - [MESSAGE][INFO] - Smart Wait Function is triggered

2023-11-22 09:58:51 - [MESSAGE][INFO] - Smart Wait Function is triggered

2023-11-22 09:58:51 - [MESSAGE][INFO] - Smart Wait Function is triggered

2023-11-22 09:58:51 - [MESSAGE][INFO] - Smart Wait Function is triggered

2023-11-22 09:58:51 - [MESSAGE][INFO] - Smart Wait Function is triggered

2023-11-22 09:58:51 - [MESSAGE][INFO] - Smart Wait Function is triggered

2023-11-22 09:58:51 - [MESSAGE][INFO] - Smart Wait Function is triggered

2023-11-22 09:58:52 - [MESSAGE][INFO] - Smart Wait Function is triggered

2023-11-22 09:58:52 - [MESSAGE][INFO] - Smart Wait Function is triggered

2023-11-22 09:58:52 - [MESSAGE][INFO] - Smart Wait Function is triggered

2023-11-22 09:58:52 - [MESSAGE][INFO] - Smart Wait Function is triggered

2023-11-22 09:58:52 - [MESSAGE][INFO] - Smart Wait Function is triggered

2023-11-22 09:58:52 - [MESSAGE][INFO] - Smart Wait Function is triggered

2023-11-22 09:58:52 - [MESSAGE][INFO] - Smart Wait Function is triggered

2023-11-22 09:58:52 - [MESSAGE][INFO] - Smart Wait Function is triggered

2023-11-22 09:58:52 - [MESSAGE][INFO] - Smart Wait Function is triggered

2023-11-22 09:58:52 - [MESSAGE][INFO] - Smart Wait Function is triggered

2023-11-22 09:58:52 - [MESSAGE][INFO] - Smart Wait Function is triggered

2023-11-22 09:58:52 - [MESSAGE][INFO] - Smart Wait Function is triggered

2023-11-22 09:58:52 - [MESSAGE][INFO] - Smart Wait Function is triggered

2023-11-22 09:58:52 - [MESSAGE][INFO] - Smart Wait Function is triggered

2023-11-22 09:58:52 - [MESSAGE][INFO] - Smart Wait Function is triggered

2023-11-22 09:58:52 - [MESSAGE][INFO] - Smart Wait Function is triggered

2023-11-22 09:58:52 - [MESSAGE][INFO] - Smart Wait Function is triggered

2023-11-22 09:58:52 - [MESSAGE][INFO] - Smart Wait Function is triggered

2023-11-22 09:58:52 - [MESSAGE][INFO] - Smart Wait Function is triggered

2023-11-22 09:58:52 - [MESSAGE][INFO] - Smart Wait Function is triggered

2023-11-22 09:58:52 - [MESSAGE][INFO] - Smart Wait Function is triggered

2023-11-22 09:58:52 - [MESSAGE][INFO] - Smart Wait Function is triggered

2023-11-22 09:58:52 - [MESSAGE][INFO] - Smart Wait Function is triggered

2023-11-22 09:58:52 - [MESSAGE][INFO] - Smart Wait Function is triggered

2023-11-22 09:58:52 - [MESSAGE][INFO] - Smart Wait Function is triggered

2023-11-22 09:58:52 - [MESSAGE][INFO] - Smart Wait Function is triggered

2023-11-22 09:58:52 - [MESSAGE][INFO] - Smart Wait Function is triggered

2023-11-22 09:58:52 - [MESSAGE][INFO] - Smart Wait Function is triggered

2023-11-22 09:58:52 - [MESSAGE][INFO] - Smart Wait Function is triggered

2023-11-22 09:58:52 - [MESSAGE][INFO] - Smart Wait Function is triggered

2023-11-22 09:58:52 - [MESSAGE][INFO] - Smart Wait Function is triggered

2023-11-22 09:58:53 - [MESSAGE][INFO] - Smart Wait Function is triggered

2023-11-22 09:58:53 - [MESSAGE][INFO] - Smart Wait Function is triggered

2023-11-22 09:58:53 - [MESSAGE][INFO] - Smart Wait Function is triggered

2023-11-22 09:58:53 - [MESSAGE][INFO] - Smart Wait Function is triggered

2023-11-22 09:58:53 - [MESSAGE][INFO] - Smart Wait Function is triggered

2023-11-22 09:58:53 - [MESSAGE][INFO] - Smart Wait Function is triggered

2023-11-22 09:58:53 - [MESSAGE][INFO] - Smart Wait Function is triggered

2023-11-22 09:58:53 - [MESSAGE][INFO] - Smart Wait Function is triggered

2023-11-22 09:58:53 - [MESSAGE][INFO] - Smart Wait Function is triggered

2023-11-22 09:58:53 - [MESSAGE][INFO] - Smart Wait Function is triggered

2023-11-22 09:58:53 - [MESSAGE][INFO] - Smart Wait Function is triggered

2023-11-22 09:58:53 - [MESSAGE][INFO] - Smart Wait Function is triggered

2023-11-22 09:58:53 - [MESSAGE][INFO] - Smart Wait Function is triggered

2023-11-22 09:58:53 - [MESSAGE][INFO] - Smart Wait Function is triggered

2023-11-22 09:58:53 - [MESSAGE][INFO] - Smart Wait Function is triggered

2023-11-22 09:58:53 - [MESSAGE][INFO] - Smart Wait Function is triggered

2023-11-22 09:58:53 - [MESSAGE][INFO] - Smart Wait Function is triggered

2023-11-22 09:58:53 - [MESSAGE][INFO] - Smart Wait Function is triggered

2023-11-22 09:58:53 - [MESSAGE][INFO] - Smart Wait Function is triggered

2023-11-22 09:58:53 - [MESSAGE][INFO] - Smart Wait Function is triggered

2023-11-22 09:58:53 - [MESSAGE][INFO] - Smart Wait Function is triggered

2023-11-22 09:58:53 - [MESSAGE][INFO] - Smart Wait Function is triggered

2023-11-22 09:58:53 - [MESSAGE][INFO] - Smart Wait Function is triggered

2023-11-22 09:58:53 - [MESSAGE][INFO] - Smart Wait Function is triggered

2023-11-22 09:58:53 - [MESSAGE][INFO] - Smart Wait Function is triggered

2023-11-22 09:58:53 - [MESSAGE][INFO] - Smart Wait Function is triggered

2023-11-22 09:58:53 - [MESSAGE][INFO] - Smart Wait Function is triggered

2023-11-22 09:58:53 - [MESSAGE][INFO] - Smart Wait Function is triggered

2023-11-22 09:58:53 - [MESSAGE][INFO] - Smart Wait Function is triggered

2023-11-22 09:58:53 - [MESSAGE][INFO] - Smart Wait Function is triggered

2023-11-22 09:58:53 - [MESSAGE][INFO] - Smart Wait Function is triggered

2023-11-22 09:58:53 - [MESSAGE][INFO] - Smart Wait Function is triggered

2023-11-22 09:58:54 - [MESSAGE][INFO] - Smart Wait Function is triggered

2023-11-22 09:58:54 - [MESSAGE][INFO] - Smart Wait Function is triggered

2023-11-22 09:58:54 - [MESSAGE][INFO] - Smart Wait Function is triggered

2023-11-22 09:58:54 - [MESSAGE][INFO] - Smart Wait Function is triggered

2023-11-22 09:58:54 - [MESSAGE][INFO] - Smart Wait Function is triggered

2023-11-22 09:58:54 - [MESSAGE][INFO] - Smart Wait Function is triggered

2023-11-22 09:58:54 - [MESSAGE][INFO] - Smart Wait Function is triggered

2023-11-22 09:58:54 - [MESSAGE][INFO] - Smart Wait Function is triggered

2023-11-22 09:58:54 - [MESSAGE][INFO] - Smart Wait Function is triggered

2023-11-22 09:58:54 - [MESSAGE][INFO] - Smart Wait Function is triggered

2023-11-22 09:58:54 - [MESSAGE][INFO] - Smart Wait Function is triggered

2023-11-22 09:58:54 - [MESSAGE][INFO] - Smart Wait Function is triggered

2023-11-22 09:58:54 - [MESSAGE][INFO] - Smart Wait Function is triggered

2023-11-22 09:58:54 - [MESSAGE][INFO] - Smart Wait Function is triggered

2023-11-22 09:58:54 - [MESSAGE][INFO] - Smart Wait Function is triggered

2023-11-22 09:58:54 - [MESSAGE][INFO] - Smart Wait Function is triggered

2023-11-22 09:58:54 - [MESSAGE][INFO] - Smart Wait Function is triggered

2023-11-22 09:58:54 - [MESSAGE][INFO] - Smart Wait Function is triggered

2023-11-22 09:58:54 - [MESSAGE][INFO] - Smart Wait Function is triggered

2023-11-22 09:58:54 - [MESSAGE][INFO] - Smart Wait Function is triggered

2023-11-22 09:58:54 - [MESSAGE][INFO] - Smart Wait Function is triggered

2023-11-22 09:58:54 - [MESSAGE][INFO] - Smart Wait Function is triggered

2023-11-22 09:58:54 - [MESSAGE][INFO] - Smart Wait Function is triggered

2023-11-22 09:58:54 - [MESSAGE][INFO] - Smart Wait Function is triggered

2023-11-22 09:58:54 - [MESSAGE][INFO] - Smart Wait Function is triggered

2023-11-22 09:58:54 - [MESSAGE][INFO] - Smart Wait Function is triggered

2023-11-22 09:58:54 - [MESSAGE][INFO] - Smart Wait Function is triggered

2023-11-22 09:58:54 - [MESSAGE][INFO] - Smart Wait Function is triggered

2023-11-22 09:58:54 - [MESSAGE][INFO] - Smart Wait Function is triggered

2023-11-22 09:58:54 - [MESSAGE][INFO] - Smart Wait Function is triggered

2023-11-22 09:58:54 - [MESSAGE][INFO] - Smart Wait Function is triggered

2023-11-22 09:58:55 - [MESSAGE][INFO] - Smart Wait Function is triggered

2023-11-22 09:58:55 - [MESSAGE][INFO] - Smart Wait Function is triggered

2023-11-22 09:58:55 - [MESSAGE][INFO] - Smart Wait Function is triggered

2023-11-22 09:58:55 - [MESSAGE][INFO] - Smart Wait Function is triggered

2023-11-22 09:58:55 - [MESSAGE][INFO] - Smart Wait Function is triggered

2023-11-22 09:58:55 - [MESSAGE][INFO] - Smart Wait Function is triggered

2023-11-22 09:58:55 - [MESSAGE][INFO] - Smart Wait Function is triggered

2023-11-22 09:58:55 - [MESSAGE][INFO] - Smart Wait Function is triggered

2023-11-22 09:58:55 - [MESSAGE][INFO] - Smart Wait Function is triggered

2023-11-22 09:58:55 - [MESSAGE][INFO] - Smart Wait Function is triggered

2023-11-22 09:58:55 - [MESSAGE][INFO] - Smart Wait Function is triggered

2023-11-22 09:58:55 - [MESSAGE][INFO] - Smart Wait Function is triggered

2023-11-22 09:58:55 - [MESSAGE][INFO] - Smart Wait Function is triggered

2023-11-22 09:58:55 - [MESSAGE][INFO] - Smart Wait Function is triggered

2023-11-22 09:58:55 - [MESSAGE][INFO] - Smart Wait Function is triggered

2023-11-22 09:58:55 - [MESSAGE][INFO] - Smart Wait Function is triggered

2023-11-22 09:58:55 - [MESSAGE][INFO] - Smart Wait Function is triggered

2023-11-22 09:58:55 - [MESSAGE][INFO] - Smart Wait Function is triggered

2023-11-22 09:58:55 - [MESSAGE][INFO] - Smart Wait Function is triggered

2023-11-22 09:58:55 - [MESSAGE][INFO] - Smart Wait Function is triggered

2023-11-22 09:58:55 - [MESSAGE][INFO] - Smart Wait Function is triggered

2023-11-22 09:58:55 - [MESSAGE][INFO] - Smart Wait Function is triggered

2023-11-22 09:58:55 - [MESSAGE][INFO] - Smart Wait Function is triggered

2023-11-22 09:58:55 - [MESSAGE][INFO] - Smart Wait Function is triggered

2023-11-22 09:58:55 - [MESSAGE][INFO] - Smart Wait Function is triggered

2023-11-22 09:58:55 - [MESSAGE][INFO] - Smart Wait Function is triggered

2023-11-22 09:58:55 - [MESSAGE][INFO] - Smart Wait Function is triggered

2023-11-22 09:58:55 - [MESSAGE][INFO] - Smart Wait Function is triggered

2023-11-22 09:58:55 - [MESSAGE][INFO] - Smart Wait Function is triggered

2023-11-22 09:58:55 - [MESSAGE][INFO] - Smart Wait Function is triggered

2023-11-22 09:58:55 - [MESSAGE][INFO] - Smart Wait Function is triggered

2023-11-22 09:58:55 - [MESSAGE][INFO] - Unable to find the element located by 'By.xpath: //*[@id="connexion_link"]'. Please recheck the objects properties to make sure the desired element is located. 

2023-11-22 09:58:56 - [MESSAGE][FAILED] - Web element with id: 'Object Repository/Connexion Usager/Link_Se Connecter' located by '//*[@id="connexion_link"]' not found (Root cause: com.kms.katalon.core.exception.StepFailedException: Web element with id: 'Object Repository/Connexion Usager/Link_Se Connecter' located by '//*[@id="connexion_link"]' not found
	at com.kms.katalon.core.webui.keyword.internal.WebUIKeywordMain.stepFailed(WebUIKeywordMain.groovy:64)
	at com.kms.katalon.core.webui.keyword.builtin.VerifyElementVisibleKeyword$_verifyElementVisible_closure1.doCall(VerifyElementVisibleKeyword.groovy:89)
	at com.kms.katalon.core.webui.keyword.builtin.VerifyElementVisibleKeyword$_verifyElementVisible_closure1.call(VerifyElementVisibleKeyword.groovy)
	at com.kms.katalon.core.webui.keyword.internal.WebUIKeywordMain.runKeyword(WebUIKeywordMain.groovy:20)
	at com.kms.katalon.core.webui.keyword.builtin.VerifyElementVisibleKeyword.verifyElementVisible(VerifyElementVisibleKeyword.groovy:97)
	at com.kms.katalon.core.webui.keyword.builtin.VerifyElementVisibleKeyword.execute(VerifyElementVisibleKeyword.groovy:67)
	at com.kms.katalon.core.keyword.internal.KeywordExecutor.executeKeywordForPlatform(KeywordExecutor.groovy:74)
	at com.kms.katalon.core.webui.keyword.WebUiBuiltInKeywords.verifyElementVisible(WebUiBuiltInKeywords.groovy:362)
	at com.kazurayam.ksbackyard.HighlightElement$_pandemic_closure1.doCall(HighlightElement.groovy:105)
	at Lancer URL ANEF.run(Lancer URL ANEF:333)
	at com.kms.katalon.core.main.ScriptEngine.run(ScriptEngine.java:194)
	at com.kms.katalon.core.main.ScriptEngine.runScriptAsRawText(ScriptEngine.java:119)
	at com.kms.katalon.core.main.TestCaseExecutor.runScript(TestCaseExecutor.java:448)
	at com.kms.katalon.core.main.TestCaseExecutor.doExecute(TestCaseExecutor.java:439)
	at com.kms.katalon.core.main.TestCaseExecutor.processExecutionPhase(TestCaseExecutor.java:418)
	at com.kms.katalon.core.main.TestCaseExecutor.accessMainPhase(TestCaseExecutor.java:410)
	at com.kms.katalon.core.main.TestCaseExecutor.execute(TestCaseExecutor.java:285)
	at com.kms.katalon.core.main.TestCaseMain.runTestCase(TestCaseMain.java:144)
	at com.kms.katalon.core.keyword.builtin.CallTestCaseKeyword$_callTestCase_closure1.doCall(CallTestCaseKeyword.groovy:59)
	at com.kms.katalon.core.keyword.builtin.CallTestCaseKeyword$_callTestCase_closure1.call(CallTestCaseKeyword.groovy)
	at com.kms.katalon.core.keyword.internal.KeywordMain.runKeyword(KeywordMain.groovy:75)
	at com.kms.katalon.core.keyword.builtin.CallTestCaseKeyword.callTestCase(CallTestCaseKeyword.groovy:81)
	at com.kms.katalon.core.keyword.builtin.CallTestCaseKeyword.execute(CallTestCaseKeyword.groovy:44)
	at com.kms.katalon.core.keyword.internal.KeywordExecutor.executeKeywordForPlatform(KeywordExecutor.groovy:74)
	at com.kms.katalon.core.keyword.BuiltinKeywords.callTestCase(BuiltinKeywords.groovy:310)
	at com.kazurayam.ksbackyard.HighlightElement$_pandemic_closure1.doCall(HighlightElement.groovy:105)
	at TNR R.TSPT Supp90-Visiteur.run(TNR R.TSPT Supp90-Visiteur:27)
	at com.kms.katalon.core.main.ScriptEngine.run(ScriptEngine.java:194)
	at com.kms.katalon.core.main.ScriptEngine.runScriptAsRawText(ScriptEngine.java:119)
	at com.kms.katalon.core.main.TestCaseExecutor.runScript(TestCaseExecutor.java:448)
	at com.kms.katalon.core.main.TestCaseExecutor.doExecute(TestCaseExecutor.java:439)
	at com.kms.katalon.core.main.TestCaseExecutor.processExecutionPhase(TestCaseExecutor.java:418)
	at com.kms.katalon.core.main.TestCaseExecutor.accessMainPhase(TestCaseExecutor.java:410)
	at com.kms.katalon.core.main.TestCaseExecutor.execute(TestCaseExecutor.java:285)
	at com.kms.katalon.core.common.CommonExecutor.accessTestCaseMainPhase(CommonExecutor.java:65)
	at com.kms.katalon.core.main.TestSuiteExecutor.accessTestSuiteMainPhase(TestSuiteExecutor.java:148)
	at com.kms.katalon.core.main.TestSuiteExecutor.execute(TestSuiteExecutor.java:106)
	at com.kms.katalon.core.main.TestCaseMain.startTestSuite(TestCaseMain.java:187)
	at com.kms.katalon.core.main.TestCaseMain$startTestSuite$0.call(Unknown Source)
	at TempTestSuite1700643238830.run(TempTestSuite1700643238830.groovy:36)
)
[[ATTACHMENT|C:\\Users\\hhizaoui\\.git\\NewProject29092023\\Nouveau dossier1\\21_11\\ANEF-AutomatizationProject\\Reports\\20231122_095358\\TS_TNR_R.TSPT_Suppo90\\20231122_095358\\1700643535967.png]]

2023-11-22 09:58:56 - [MESSAGE][FAILED] - Unable to verify object 'Object Repository/Connexion Usager/Link_Se Connecter' is visible (Root cause: com.kms.katalon.core.exception.StepFailedException: Unable to verify object 'Object Repository/Connexion Usager/Link_Se Connecter' is visible
	at com.kms.katalon.core.webui.keyword.internal.WebUIKeywordMain.stepFailed(WebUIKeywordMain.groovy:64)
	at com.kms.katalon.core.webui.keyword.internal.WebUIKeywordMain.runKeyword(WebUIKeywordMain.groovy:26)
	at com.kms.katalon.core.webui.keyword.builtin.VerifyElementVisibleKeyword.verifyElementVisible(VerifyElementVisibleKeyword.groovy:97)
	at com.kms.katalon.core.webui.keyword.builtin.VerifyElementVisibleKeyword.execute(VerifyElementVisibleKeyword.groovy:67)
	at com.kms.katalon.core.keyword.internal.KeywordExecutor.executeKeywordForPlatform(KeywordExecutor.groovy:74)
	at com.kms.katalon.core.webui.keyword.WebUiBuiltInKeywords.verifyElementVisible(WebUiBuiltInKeywords.groovy:362)
	at com.kazurayam.ksbackyard.HighlightElement$_pandemic_closure1.doCall(HighlightElement.groovy:105)
	at Lancer URL ANEF.run(Lancer URL ANEF:333)
	at com.kms.katalon.core.main.ScriptEngine.run(ScriptEngine.java:194)
	at com.kms.katalon.core.main.ScriptEngine.runScriptAsRawText(ScriptEngine.java:119)
	at com.kms.katalon.core.main.TestCaseExecutor.runScript(TestCaseExecutor.java:448)
	at com.kms.katalon.core.main.TestCaseExecutor.doExecute(TestCaseExecutor.java:439)
	at com.kms.katalon.core.main.TestCaseExecutor.processExecutionPhase(TestCaseExecutor.java:418)
	at com.kms.katalon.core.main.TestCaseExecutor.accessMainPhase(TestCaseExecutor.java:410)
	at com.kms.katalon.core.main.TestCaseExecutor.execute(TestCaseExecutor.java:285)
	at com.kms.katalon.core.main.TestCaseMain.runTestCase(TestCaseMain.java:144)
	at com.kms.katalon.core.keyword.builtin.CallTestCaseKeyword$_callTestCase_closure1.doCall(CallTestCaseKeyword.groovy:59)
	at com.kms.katalon.core.keyword.builtin.CallTestCaseKeyword$_callTestCase_closure1.call(CallTestCaseKeyword.groovy)
	at com.kms.katalon.core.keyword.internal.KeywordMain.runKeyword(KeywordMain.groovy:75)
	at com.kms.katalon.core.keyword.builtin.CallTestCaseKeyword.callTestCase(CallTestCaseKeyword.groovy:81)
	at com.kms.katalon.core.keyword.builtin.CallTestCaseKeyword.execute(CallTestCaseKeyword.groovy:44)
	at com.kms.katalon.core.keyword.internal.KeywordExecutor.executeKeywordForPlatform(KeywordExecutor.groovy:74)
	at com.kms.katalon.core.keyword.BuiltinKeywords.callTestCase(BuiltinKeywords.groovy:310)
	at com.kazurayam.ksbackyard.HighlightElement$_pandemic_closure1.doCall(HighlightElement.groovy:105)
	at TNR R.TSPT Supp90-Visiteur.run(TNR R.TSPT Supp90-Visiteur:27)
	at com.kms.katalon.core.main.ScriptEngine.run(ScriptEngine.java:194)
	at com.kms.katalon.core.main.ScriptEngine.runScriptAsRawText(ScriptEngine.java:119)
	at com.kms.katalon.core.main.TestCaseExecutor.runScript(TestCaseExecutor.java:448)
	at com.kms.katalon.core.main.TestCaseExecutor.doExecute(TestCaseExecutor.java:439)
	at com.kms.katalon.core.main.TestCaseExecutor.processExecutionPhase(TestCaseExecutor.java:418)
	at com.kms.katalon.core.main.TestCaseExecutor.accessMainPhase(TestCaseExecutor.java:410)
	at com.kms.katalon.core.main.TestCaseExecutor.execute(TestCaseExecutor.java:285)
	at com.kms.katalon.core.common.CommonExecutor.accessTestCaseMainPhase(CommonExecutor.java:65)
	at com.kms.katalon.core.main.TestSuiteExecutor.accessTestSuiteMainPhase(TestSuiteExecutor.java:148)
	at com.kms.katalon.core.main.TestSuiteExecutor.execute(TestSuiteExecutor.java:106)
	at com.kms.katalon.core.main.TestCaseMain.startTestSuite(TestCaseMain.java:187)
	at com.kms.katalon.core.main.TestCaseMain$startTestSuite$0.call(Unknown Source)
	at TempTestSuite1700643238830.run(TempTestSuite1700643238830.groovy:36)
Caused by: com.kms.katalon.core.exception.StepFailedException: Web element with id: 'Object Repository/Connexion Usager/Link_Se Connecter' located by '//*[@id="connexion_link"]' not found
	at com.kms.katalon.core.webui.keyword.internal.WebUIKeywordMain.stepFailed(WebUIKeywordMain.groovy:64)
	at com.kms.katalon.core.webui.keyword.builtin.VerifyElementVisibleKeyword$_verifyElementVisible_closure1.doCall(VerifyElementVisibleKeyword.groovy:89)
	at com.kms.katalon.core.webui.keyword.builtin.VerifyElementVisibleKeyword$_verifyElementVisible_closure1.call(VerifyElementVisibleKeyword.groovy)
	at com.kms.katalon.core.webui.keyword.internal.WebUIKeywordMain.runKeyword(WebUIKeywordMain.groovy:20)
	... 36 more
)
[[ATTACHMENT|C:\\Users\\hhizaoui\\.git\\NewProject29092023\\Nouveau dossier1\\21_11\\ANEF-AutomatizationProject\\Reports\\20231122_095358\\TS_TNR_R.TSPT_Suppo90\\20231122_095358\\1700643536138.png]]

2023-11-22 09:58:57 - [MESSAGE][FAILED] - Unable to call Test Case 'Test Cases/Test Reutilisable/Main/Lancer URL ANEF' (Root cause: com.kms.katalon.core.exception.StepFailedException: Call Test Case 'Test Cases/Test Reutilisable/Main/Lancer URL ANEF' failed
	at com.kms.katalon.core.keyword.builtin.CallTestCaseKeyword$_callTestCase_closure1.doCall(CallTestCaseKeyword.groovy:63)
	at com.kms.katalon.core.keyword.builtin.CallTestCaseKeyword$_callTestCase_closure1.call(CallTestCaseKeyword.groovy)
	at com.kms.katalon.core.keyword.internal.KeywordMain.runKeyword(KeywordMain.groovy:75)
	at com.kms.katalon.core.keyword.builtin.CallTestCaseKeyword.callTestCase(CallTestCaseKeyword.groovy:81)
	at com.kms.katalon.core.keyword.builtin.CallTestCaseKeyword.execute(CallTestCaseKeyword.groovy:44)
	at com.kms.katalon.core.keyword.internal.KeywordExecutor.executeKeywordForPlatform(KeywordExecutor.groovy:74)
	at com.kms.katalon.core.keyword.BuiltinKeywords.callTestCase(BuiltinKeywords.groovy:310)
	at com.kazurayam.ksbackyard.HighlightElement$_pandemic_closure1.doCall(HighlightElement.groovy:105)
	at TNR R.TSPT Supp90-Visiteur.run(TNR R.TSPT Supp90-Visiteur:27)
	at com.kms.katalon.core.main.ScriptEngine.run(ScriptEngine.java:194)
	at com.kms.katalon.core.main.ScriptEngine.runScriptAsRawText(ScriptEngine.java:119)
	at com.kms.katalon.core.main.TestCaseExecutor.runScript(TestCaseExecutor.java:448)
	at com.kms.katalon.core.main.TestCaseExecutor.doExecute(TestCaseExecutor.java:439)
	at com.kms.katalon.core.main.TestCaseExecutor.processExecutionPhase(TestCaseExecutor.java:418)
	at com.kms.katalon.core.main.TestCaseExecutor.accessMainPhase(TestCaseExecutor.java:410)
	at com.kms.katalon.core.main.TestCaseExecutor.execute(TestCaseExecutor.java:285)
	at com.kms.katalon.core.common.CommonExecutor.accessTestCaseMainPhase(CommonExecutor.java:65)
	at com.kms.katalon.core.main.TestSuiteExecutor.accessTestSuiteMainPhase(TestSuiteExecutor.java:148)
	at com.kms.katalon.core.main.TestSuiteExecutor.execute(TestSuiteExecutor.java:106)
	at com.kms.katalon.core.main.TestCaseMain.startTestSuite(TestCaseMain.java:187)
	at com.kms.katalon.core.main.TestCaseMain$startTestSuite$0.call(Unknown Source)
	at TempTestSuite1700643238830.run(TempTestSuite1700643238830.groovy:36)
Caused by: com.kms.katalon.core.exception.StepFailedException: Unable to verify object 'Object Repository/Connexion Usager/Link_Se Connecter' is visible
	at com.kms.katalon.core.webui.keyword.internal.WebUIKeywordMain.stepFailed(WebUIKeywordMain.groovy:64)
	at com.kms.katalon.core.webui.keyword.internal.WebUIKeywordMain.runKeyword(WebUIKeywordMain.groovy:26)
	at com.kms.katalon.core.webui.keyword.builtin.VerifyElementVisibleKeyword.verifyElementVisible(VerifyElementVisibleKeyword.groovy:97)
	at com.kms.katalon.core.webui.keyword.builtin.VerifyElementVisibleKeyword.execute(VerifyElementVisibleKeyword.groovy:67)
	at com.kms.katalon.core.keyword.internal.KeywordExecutor.executeKeywordForPlatform(KeywordExecutor.groovy:74)
	at com.kms.katalon.core.webui.keyword.WebUiBuiltInKeywords.verifyElementVisible(WebUiBuiltInKeywords.groovy:362)
	at com.kazurayam.ksbackyard.HighlightElement$_pandemic_closure1.doCall(HighlightElement.groovy:105)
	at Lancer URL ANEF.run(Lancer URL ANEF:333)
	at com.kms.katalon.core.main.ScriptEngine.run(ScriptEngine.java:194)
	at com.kms.katalon.core.main.ScriptEngine.runScriptAsRawText(ScriptEngine.java:119)
	at com.kms.katalon.core.main.TestCaseExecutor.runScript(TestCaseExecutor.java:448)
	at com.kms.katalon.core.main.TestCaseExecutor.doExecute(TestCaseExecutor.java:439)
	at com.kms.katalon.core.main.TestCaseExecutor.processExecutionPhase(TestCaseExecutor.java:418)
	at com.kms.katalon.core.main.TestCaseExecutor.accessMainPhase(TestCaseExecutor.java:410)
	at com.kms.katalon.core.main.TestCaseExecutor.execute(TestCaseExecutor.java:285)
	at com.kms.katalon.core.main.TestCaseMain.runTestCase(TestCaseMain.java:144)
	at com.kms.katalon.core.keyword.builtin.CallTestCaseKeyword$_callTestCase_closure1.doCall(CallTestCaseKeyword.groovy:59)
	... 21 more
Caused by: com.kms.katalon.core.exception.StepFailedException: Web element with id: 'Object Repository/Connexion Usager/Link_Se Connecter' located by '//*[@id="connexion_link"]' not found
	at com.kms.katalon.core.webui.keyword.internal.WebUIKeywordMain.stepFailed(WebUIKeywordMain.groovy:64)
	at com.kms.katalon.core.webui.keyword.builtin.VerifyElementVisibleKeyword$_verifyElementVisible_closure1.doCall(VerifyElementVisibleKeyword.groovy:89)
	at com.kms.katalon.core.webui.keyword.builtin.VerifyElementVisibleKeyword$_verifyElementVisible_closure1.call(VerifyElementVisibleKeyword.groovy)
	at com.kms.katalon.core.webui.keyword.internal.WebUIKeywordMain.runKeyword(WebUIKeywordMain.groovy:20)
	... 36 more
)

2023-11-22 09:59:00 - [TEST_STEP][PASSED] - Video: Video recording for test case 'Test Cases/Cas D Utilisations/Usager Etudiant/TNR R.TSPT Supp90-Visiteur' .

2023-11-22 09:59:00 - [MESSAGE][INFO] - Video recording for test case 'Test Cases/Cas D Utilisations/Usager Etudiant/TNR R.TSPT Supp90-Visiteur' .]]></system-out>
         <system-err><![CDATA[2023-11-22 09:58:30 - [TEST_CASE][FAILED] - Test Cases/Cas D Utilisations/Usager Etudiant/TNR R.TSPT Supp90-Visiteur: Test Cases/Cas D Utilisations/Usager Etudiant/TNR R.TSPT Supp90-Visiteur FAILED.
Reason:
com.kms.katalon.core.exception.StepFailedException: Call Test Case 'Test Cases/Test Reutilisable/Main/Lancer URL ANEF' failed
	at com.kms.katalon.core.keyword.builtin.CallTestCaseKeyword$_callTestCase_closure1.doCall(CallTestCaseKeyword.groovy:63)
	at com.kms.katalon.core.keyword.builtin.CallTestCaseKeyword$_callTestCase_closure1.call(CallTestCaseKeyword.groovy)
	at com.kms.katalon.core.keyword.internal.KeywordMain.runKeyword(KeywordMain.groovy:75)
	at com.kms.katalon.core.keyword.builtin.CallTestCaseKeyword.callTestCase(CallTestCaseKeyword.groovy:81)
	at com.kms.katalon.core.keyword.builtin.CallTestCaseKeyword.execute(CallTestCaseKeyword.groovy:44)
	at com.kms.katalon.core.keyword.internal.KeywordExecutor.executeKeywordForPlatform(KeywordExecutor.groovy:74)
	at com.kms.katalon.core.keyword.BuiltinKeywords.callTestCase(BuiltinKeywords.groovy:310)
	at com.kazurayam.ksbackyard.HighlightElement$_pandemic_closure1.doCall(HighlightElement.groovy:105)
	at TNR R.TSPT Supp90-Visiteur.run(TNR R.TSPT Supp90-Visiteur:27)
	at com.kms.katalon.core.main.ScriptEngine.run(ScriptEngine.java:194)
	at com.kms.katalon.core.main.ScriptEngine.runScriptAsRawText(ScriptEngine.java:119)
	at com.kms.katalon.core.main.TestCaseExecutor.runScript(TestCaseExecutor.java:448)
	at com.kms.katalon.core.main.TestCaseExecutor.doExecute(TestCaseExecutor.java:439)
	at com.kms.katalon.core.main.TestCaseExecutor.processExecutionPhase(TestCaseExecutor.java:418)
	at com.kms.katalon.core.main.TestCaseExecutor.accessMainPhase(TestCaseExecutor.java:410)
	at com.kms.katalon.core.main.TestCaseExecutor.execute(TestCaseExecutor.java:285)
	at com.kms.katalon.core.common.CommonExecutor.accessTestCaseMainPhase(CommonExecutor.java:65)
	at com.kms.katalon.core.main.TestSuiteExecutor.accessTestSuiteMainPhase(TestSuiteExecutor.java:148)
	at com.kms.katalon.core.main.TestSuiteExecutor.execute(TestSuiteExecutor.java:106)
	at com.kms.katalon.core.main.TestCaseMain.startTestSuite(TestCaseMain.java:187)
	at com.kms.katalon.core.main.TestCaseMain$startTestSuite$0.call(Unknown Source)
	at TempTestSuite1700643238830.run(TempTestSuite1700643238830.groovy:36)
Caused by: com.kms.katalon.core.exception.StepFailedException: Unable to verify object 'Object Repository/Connexion Usager/Link_Se Connecter' is visible
	at com.kms.katalon.core.webui.keyword.internal.WebUIKeywordMain.stepFailed(WebUIKeywordMain.groovy:64)
	at com.kms.katalon.core.webui.keyword.internal.WebUIKeywordMain.runKeyword(WebUIKeywordMain.groovy:26)
	at com.kms.katalon.core.webui.keyword.builtin.VerifyElementVisibleKeyword.verifyElementVisible(VerifyElementVisibleKeyword.groovy:97)
	at com.kms.katalon.core.webui.keyword.builtin.VerifyElementVisibleKeyword.execute(VerifyElementVisibleKeyword.groovy:67)
	at com.kms.katalon.core.keyword.internal.KeywordExecutor.executeKeywordForPlatform(KeywordExecutor.groovy:74)
	at com.kms.katalon.core.webui.keyword.WebUiBuiltInKeywords.verifyElementVisible(WebUiBuiltInKeywords.groovy:362)
	at com.kazurayam.ksbackyard.HighlightElement$_pandemic_closure1.doCall(HighlightElement.groovy:105)
	at Lancer URL ANEF.run(Lancer URL ANEF:333)
	at com.kms.katalon.core.main.ScriptEngine.run(ScriptEngine.java:194)
	at com.kms.katalon.core.main.ScriptEngine.runScriptAsRawText(ScriptEngine.java:119)
	at com.kms.katalon.core.main.TestCaseExecutor.runScript(TestCaseExecutor.java:448)
	at com.kms.katalon.core.main.TestCaseExecutor.doExecute(TestCaseExecutor.java:439)
	at com.kms.katalon.core.main.TestCaseExecutor.processExecutionPhase(TestCaseExecutor.java:418)
	at com.kms.katalon.core.main.TestCaseExecutor.accessMainPhase(TestCaseExecutor.java:410)
	at com.kms.katalon.core.main.TestCaseExecutor.execute(TestCaseExecutor.java:285)
	at com.kms.katalon.core.main.TestCaseMain.runTestCase(TestCaseMain.java:144)
	at com.kms.katalon.core.keyword.builtin.CallTestCaseKeyword$_callTestCase_closure1.doCall(CallTestCaseKeyword.groovy:59)
	... 21 more
Caused by: com.kms.katalon.core.exception.StepFailedException: Web element with id: 'Object Repository/Connexion Usager/Link_Se Connecter' located by '//*[@id="connexion_link"]' not found
	at com.kms.katalon.core.webui.keyword.internal.WebUIKeywordMain.stepFailed(WebUIKeywordMain.groovy:64)
	at com.kms.katalon.core.webui.keyword.builtin.VerifyElementVisibleKeyword$_verifyElementVisible_closure1.doCall(VerifyElementVisibleKeyword.groovy:89)
	at com.kms.katalon.core.webui.keyword.builtin.VerifyElementVisibleKeyword$_verifyElementVisible_closure1.call(VerifyElementVisibleKeyword.groovy)
	at com.kms.katalon.core.webui.keyword.internal.WebUIKeywordMain.runKeyword(WebUIKeywordMain.groovy:20)
	... 36 more]]></system-err>
      </testcase>
      <system-out><![CDATA[2023-11-22 09:54:01 - [TEST_SUITE][FAILED] - TS_TNR_R.TSPT_Suppo90: Test Cases/Cas D Utilisations/Usager Etudiant/TNR R.TSPT Supp90-Visiteur FAILED.
Reason:
com.kms.katalon.core.exception.StepFailedException: Call Test Case 'Test Cases/Test Reutilisable/Main/Lancer URL ANEF' failed
	at com.kms.katalon.core.keyword.builtin.CallTestCaseKeyword$_callTestCase_closure1.doCall(CallTestCaseKeyword.groovy:63)
	at com.kms.katalon.core.keyword.builtin.CallTestCaseKeyword$_callTestCase_closure1.call(CallTestCaseKeyword.groovy)
	at com.kms.katalon.core.keyword.internal.KeywordMain.runKeyword(KeywordMain.groovy:75)
	at com.kms.katalon.core.keyword.builtin.CallTestCaseKeyword.callTestCase(CallTestCaseKeyword.groovy:81)
	at com.kms.katalon.core.keyword.builtin.CallTestCaseKeyword.execute(CallTestCaseKeyword.groovy:44)
	at com.kms.katalon.core.keyword.internal.KeywordExecutor.executeKeywordForPlatform(KeywordExecutor.groovy:74)
	at com.kms.katalon.core.keyword.BuiltinKeywords.callTestCase(BuiltinKeywords.groovy:310)
	at com.kazurayam.ksbackyard.HighlightElement$_pandemic_closure1.doCall(HighlightElement.groovy:105)
	at TNR R.TSPT Supp90-Visiteur.run(TNR R.TSPT Supp90-Visiteur:27)
	at com.kms.katalon.core.main.ScriptEngine.run(ScriptEngine.java:194)
	at com.kms.katalon.core.main.ScriptEngine.runScriptAsRawText(ScriptEngine.java:119)
	at com.kms.katalon.core.main.TestCaseExecutor.runScript(TestCaseExecutor.java:448)
	at com.kms.katalon.core.main.TestCaseExecutor.doExecute(TestCaseExecutor.java:439)
	at com.kms.katalon.core.main.TestCaseExecutor.processExecutionPhase(TestCaseExecutor.java:418)
	at com.kms.katalon.core.main.TestCaseExecutor.accessMainPhase(TestCaseExecutor.java:410)
	at com.kms.katalon.core.main.TestCaseExecutor.execute(TestCaseExecutor.java:285)
	at com.kms.katalon.core.common.CommonExecutor.accessTestCaseMainPhase(CommonExecutor.java:65)
	at com.kms.katalon.core.main.TestSuiteExecutor.accessTestSuiteMainPhase(TestSuiteExecutor.java:148)
	at com.kms.katalon.core.main.TestSuiteExecutor.execute(TestSuiteExecutor.java:106)
	at com.kms.katalon.core.main.TestCaseMain.startTestSuite(TestCaseMain.java:187)
	at com.kms.katalon.core.main.TestCaseMain$startTestSuite$0.call(Unknown Source)
	at TempTestSuite1700643238830.run(TempTestSuite1700643238830.groovy:36)
Caused by: com.kms.katalon.core.exception.StepFailedException: Unable to verify object 'Object Repository/Connexion Usager/Link_Se Connecter' is visible
	at com.kms.katalon.core.webui.keyword.internal.WebUIKeywordMain.stepFailed(WebUIKeywordMain.groovy:64)
	at com.kms.katalon.core.webui.keyword.internal.WebUIKeywordMain.runKeyword(WebUIKeywordMain.groovy:26)
	at com.kms.katalon.core.webui.keyword.builtin.VerifyElementVisibleKeyword.verifyElementVisible(VerifyElementVisibleKeyword.groovy:97)
	at com.kms.katalon.core.webui.keyword.builtin.VerifyElementVisibleKeyword.execute(VerifyElementVisibleKeyword.groovy:67)
	at com.kms.katalon.core.keyword.internal.KeywordExecutor.executeKeywordForPlatform(KeywordExecutor.groovy:74)
	at com.kms.katalon.core.webui.keyword.WebUiBuiltInKeywords.verifyElementVisible(WebUiBuiltInKeywords.groovy:362)
	at com.kazurayam.ksbackyard.HighlightElement$_pandemic_closure1.doCall(HighlightElement.groovy:105)
	at Lancer URL ANEF.run(Lancer URL ANEF:333)
	at com.kms.katalon.core.main.ScriptEngine.run(ScriptEngine.java:194)
	at com.kms.katalon.core.main.ScriptEngine.runScriptAsRawText(ScriptEngine.java:119)
	at com.kms.katalon.core.main.TestCaseExecutor.runScript(TestCaseExecutor.java:448)
	at com.kms.katalon.core.main.TestCaseExecutor.doExecute(TestCaseExecutor.java:439)
	at com.kms.katalon.core.main.TestCaseExecutor.processExecutionPhase(TestCaseExecutor.java:418)
	at com.kms.katalon.core.main.TestCaseExecutor.accessMainPhase(TestCaseExecutor.java:410)
	at com.kms.katalon.core.main.TestCaseExecutor.execute(TestCaseExecutor.java:285)
	at com.kms.katalon.core.main.TestCaseMain.runTestCase(TestCaseMain.java:144)
	at com.kms.katalon.core.keyword.builtin.CallTestCaseKeyword$_callTestCase_closure1.doCall(CallTestCaseKeyword.groovy:59)
	... 21 more
Caused by: com.kms.katalon.core.exception.StepFailedException: Web element with id: 'Object Repository/Connexion Usager/Link_Se Connecter' located by '//*[@id="connexion_link"]' not found
	at com.kms.katalon.core.webui.keyword.internal.WebUIKeywordMain.stepFailed(WebUIKeywordMain.groovy:64)
	at com.kms.katalon.core.webui.keyword.builtin.VerifyElementVisibleKeyword$_verifyElementVisible_closure1.doCall(VerifyElementVisibleKeyword.groovy:89)
	at com.kms.katalon.core.webui.keyword.builtin.VerifyElementVisibleKeyword$_verifyElementVisible_closure1.call(VerifyElementVisibleKeyword.groovy)
	at com.kms.katalon.core.webui.keyword.internal.WebUIKeywordMain.runKeyword(WebUIKeywordMain.groovy:20)
	... 36 more]]></system-out>
      <system-err><![CDATA[2023-11-22 09:54:01 - [TEST_SUITE][FAILED] - TS_TNR_R.TSPT_Suppo90: Test Cases/Cas D Utilisations/Usager Etudiant/TNR R.TSPT Supp90-Visiteur FAILED.
Reason:
com.kms.katalon.core.exception.StepFailedException: Call Test Case 'Test Cases/Test Reutilisable/Main/Lancer URL ANEF' failed
	at com.kms.katalon.core.keyword.builtin.CallTestCaseKeyword$_callTestCase_closure1.doCall(CallTestCaseKeyword.groovy:63)
	at com.kms.katalon.core.keyword.builtin.CallTestCaseKeyword$_callTestCase_closure1.call(CallTestCaseKeyword.groovy)
	at com.kms.katalon.core.keyword.internal.KeywordMain.runKeyword(KeywordMain.groovy:75)
	at com.kms.katalon.core.keyword.builtin.CallTestCaseKeyword.callTestCase(CallTestCaseKeyword.groovy:81)
	at com.kms.katalon.core.keyword.builtin.CallTestCaseKeyword.execute(CallTestCaseKeyword.groovy:44)
	at com.kms.katalon.core.keyword.internal.KeywordExecutor.executeKeywordForPlatform(KeywordExecutor.groovy:74)
	at com.kms.katalon.core.keyword.BuiltinKeywords.callTestCase(BuiltinKeywords.groovy:310)
	at com.kazurayam.ksbackyard.HighlightElement$_pandemic_closure1.doCall(HighlightElement.groovy:105)
	at TNR R.TSPT Supp90-Visiteur.run(TNR R.TSPT Supp90-Visiteur:27)
	at com.kms.katalon.core.main.ScriptEngine.run(ScriptEngine.java:194)
	at com.kms.katalon.core.main.ScriptEngine.runScriptAsRawText(ScriptEngine.java:119)
	at com.kms.katalon.core.main.TestCaseExecutor.runScript(TestCaseExecutor.java:448)
	at com.kms.katalon.core.main.TestCaseExecutor.doExecute(TestCaseExecutor.java:439)
	at com.kms.katalon.core.main.TestCaseExecutor.processExecutionPhase(TestCaseExecutor.java:418)
	at com.kms.katalon.core.main.TestCaseExecutor.accessMainPhase(TestCaseExecutor.java:410)
	at com.kms.katalon.core.main.TestCaseExecutor.execute(TestCaseExecutor.java:285)
	at com.kms.katalon.core.common.CommonExecutor.accessTestCaseMainPhase(CommonExecutor.java:65)
	at com.kms.katalon.core.main.TestSuiteExecutor.accessTestSuiteMainPhase(TestSuiteExecutor.java:148)
	at com.kms.katalon.core.main.TestSuiteExecutor.execute(TestSuiteExecutor.java:106)
	at com.kms.katalon.core.main.TestCaseMain.startTestSuite(TestCaseMain.java:187)
	at com.kms.katalon.core.main.TestCaseMain$startTestSuite$0.call(Unknown Source)
	at TempTestSuite1700643238830.run(TempTestSuite1700643238830.groovy:36)
Caused by: com.kms.katalon.core.exception.StepFailedException: Unable to verify object 'Object Repository/Connexion Usager/Link_Se Connecter' is visible
	at com.kms.katalon.core.webui.keyword.internal.WebUIKeywordMain.stepFailed(WebUIKeywordMain.groovy:64)
	at com.kms.katalon.core.webui.keyword.internal.WebUIKeywordMain.runKeyword(WebUIKeywordMain.groovy:26)
	at com.kms.katalon.core.webui.keyword.builtin.VerifyElementVisibleKeyword.verifyElementVisible(VerifyElementVisibleKeyword.groovy:97)
	at com.kms.katalon.core.webui.keyword.builtin.VerifyElementVisibleKeyword.execute(VerifyElementVisibleKeyword.groovy:67)
	at com.kms.katalon.core.keyword.internal.KeywordExecutor.executeKeywordForPlatform(KeywordExecutor.groovy:74)
	at com.kms.katalon.core.webui.keyword.WebUiBuiltInKeywords.verifyElementVisible(WebUiBuiltInKeywords.groovy:362)
	at com.kazurayam.ksbackyard.HighlightElement$_pandemic_closure1.doCall(HighlightElement.groovy:105)
	at Lancer URL ANEF.run(Lancer URL ANEF:333)
	at com.kms.katalon.core.main.ScriptEngine.run(ScriptEngine.java:194)
	at com.kms.katalon.core.main.ScriptEngine.runScriptAsRawText(ScriptEngine.java:119)
	at com.kms.katalon.core.main.TestCaseExecutor.runScript(TestCaseExecutor.java:448)
	at com.kms.katalon.core.main.TestCaseExecutor.doExecute(TestCaseExecutor.java:439)
	at com.kms.katalon.core.main.TestCaseExecutor.processExecutionPhase(TestCaseExecutor.java:418)
	at com.kms.katalon.core.main.TestCaseExecutor.accessMainPhase(TestCaseExecutor.java:410)
	at com.kms.katalon.core.main.TestCaseExecutor.execute(TestCaseExecutor.java:285)
	at com.kms.katalon.core.main.TestCaseMain.runTestCase(TestCaseMain.java:144)
	at com.kms.katalon.core.keyword.builtin.CallTestCaseKeyword$_callTestCase_closure1.doCall(CallTestCaseKeyword.groovy:59)
	... 21 more
Caused by: com.kms.katalon.core.exception.StepFailedException: Web element with id: 'Object Repository/Connexion Usager/Link_Se Connecter' located by '//*[@id="connexion_link"]' not found
	at com.kms.katalon.core.webui.keyword.internal.WebUIKeywordMain.stepFailed(WebUIKeywordMain.groovy:64)
	at com.kms.katalon.core.webui.keyword.builtin.VerifyElementVisibleKeyword$_verifyElementVisible_closure1.doCall(VerifyElementVisibleKeyword.groovy:89)
	at com.kms.katalon.core.webui.keyword.builtin.VerifyElementVisibleKeyword$_verifyElementVisible_closure1.call(VerifyElementVisibleKeyword.groovy)
	at com.kms.katalon.core.webui.keyword.internal.WebUIKeywordMain.runKeyword(WebUIKeywordMain.groovy:20)
	... 36 more]]></system-err>
   </testsuite>
</testsuites>
