<?xml version="1.0" encoding="UTF-8"?>
<testsuites name="TS_TNR_R.TSPT_Suppo90" time="1413.878" tests="3" failures="1" errors="0">
   <testsuite name="TS_TNR_R.TSPT_Suppo90" tests="3" failures="1" errors="0" time="1413.878" skipped="0" timestamp="2023-11-23 14:56:01" hostname="issam.rharbaoui - FR-L5448059.groupinfra.com" id="Test Suites/TS_TNR_R.TSPT_Suppo90">
      <properties>
         <property name="deviceName" value=""/>
         <property name="devicePlatform" value=""/>
         <property name="logFolder" value="C:\\Users\\ISSAM.RHARBAOUI\\git\\22_11\\ANEF-AutomatizationProject\\Reports\\20231123_145557\\TS_TNR_R.TSPT_Suppo90\\20231123_145557"/>
         <property name="logFiles" value="C:\\Users\\ISSAM.RHARBAOUI\\git\\22_11\\ANEF-AutomatizationProject\\Reports\\20231123_145557\\TS_TNR_R.TSPT_Suppo90\\20231123_145557\\execution0.log"/>
         <property name="attachments" value="C:\\Users\\ISSAM.RHARBAOUI\\git\\22_11\\ANEF-AutomatizationProject\\Reports\\20231123_145557\\TS_TNR_R.TSPT_Suppo90\\20231123_145557\\1700747859589.png, C:\\Users\\ISSAM.RHARBAOUI\\git\\22_11\\ANEF-AutomatizationProject\\Reports\\20231123_145557\\TS_TNR_R.TSPT_Suppo90\\20231123_145557\\1700747867655.png, C:\\Users\\ISSAM.RHARBAOUI\\git\\22_11\\ANEF-AutomatizationProject\\Reports\\20231123_145557\\TS_TNR_R.TSPT_Suppo90\\20231123_145557\\1700747984272.png, C:\\Users\\ISSAM.RHARBAOUI\\git\\22_11\\ANEF-AutomatizationProject\\Reports\\20231123_145557\\TS_TNR_R.TSPT_Suppo90\\20231123_145557\\1700748072186.png, C:\\Users\\ISSAM.RHARBAOUI\\git\\22_11\\ANEF-AutomatizationProject\\Reports\\20231123_145557\\TS_TNR_R.TSPT_Suppo90\\20231123_145557\\1700748076606.png, C:\\Users\\ISSAM.RHARBAOUI\\git\\22_11\\ANEF-AutomatizationProject\\Reports\\20231123_145557\\TS_TNR_R.TSPT_Suppo90\\20231123_145557\\1700748080939.png, C:\\Users\\ISSAM.RHARBAOUI\\git\\22_11\\ANEF-AutomatizationProject\\Reports\\20231123_145557\\TS_TNR_R.TSPT_Suppo90\\20231123_145557\\1700748347785.png, C:\\Users\\ISSAM.RHARBAOUI\\git\\22_11\\ANEF-AutomatizationProject\\Reports\\20231123_145557\\TS_TNR_R.TSPT_Suppo90\\20231123_145557\\1700748354319.png, C:\\Users\\ISSAM.RHARBAOUI\\git\\22_11\\ANEF-AutomatizationProject\\Reports\\20231123_145557\\TS_TNR_R.TSPT_Suppo90\\20231123_145557\\1700748472949.png, C:\\Users\\ISSAM.RHARBAOUI\\git\\22_11\\ANEF-AutomatizationProject\\Reports\\20231123_145557\\TS_TNR_R.TSPT_Suppo90\\20231123_145557\\1700748549238.png, C:\\Users\\ISSAM.RHARBAOUI\\git\\22_11\\ANEF-AutomatizationProject\\Reports\\20231123_145557\\TS_TNR_R.TSPT_Suppo90\\20231123_145557\\1700748551797.png, C:\\Users\\ISSAM.RHARBAOUI\\git\\22_11\\ANEF-AutomatizationProject\\Reports\\20231123_145557\\TS_TNR_R.TSPT_Suppo90\\20231123_145557\\1700748556123.png, C:\\Users\\ISSAM.RHARBAOUI\\git\\22_11\\ANEF-AutomatizationProject\\Reports\\20231123_145557\\TS_TNR_R.TSPT_Suppo90\\20231123_145557\\1700748725357.png, C:\\Users\\ISSAM.RHARBAOUI\\git\\22_11\\ANEF-AutomatizationProject\\Reports\\20231123_145557\\TS_TNR_R.TSPT_Suppo90\\20231123_145557\\1700748813442.png, C:\\Users\\ISSAM.RHARBAOUI\\git\\22_11\\ANEF-AutomatizationProject\\Reports\\20231123_145557\\TS_TNR_R.TSPT_Suppo90\\20231123_145557\\1700748819843.png, C:\\Users\\ISSAM.RHARBAOUI\\git\\22_11\\ANEF-AutomatizationProject\\Reports\\20231123_145557\\TS_TNR_R.TSPT_Suppo90\\20231123_145557\\1700748933026.png, C:\\Users\\ISSAM.RHARBAOUI\\git\\22_11\\ANEF-AutomatizationProject\\Reports\\20231123_145557\\TS_TNR_R.TSPT_Suppo90\\20231123_145557\\1700748999086.png, C:\\Users\\ISSAM.RHARBAOUI\\git\\22_11\\ANEF-AutomatizationProject\\Reports\\20231123_145557\\TS_TNR_R.TSPT_Suppo90\\20231123_145557\\1700749001727.png, C:\\Users\\ISSAM.RHARBAOUI\\git\\22_11\\ANEF-AutomatizationProject\\Reports\\20231123_145557\\TS_TNR_R.TSPT_Suppo90\\20231123_145557\\1700749006166.png"/>
         <property name="hostName" value="issam.rharbaoui - FR-L5448059.groupinfra.com"/>
         <property name="os" value="Windows 10 64bit"/>
         <property name="katalonVersion" value="8.6.5.208"/>
         <property name="browser" value="Chrome 119.0.0.0"/>
         <property name="hostAddress" value="192.168.1.134"/>
         <property name="sessionId" value="2f5f96004ecf0b8d752fa75b69f1501b"/>
         <property name="seleniumVersion" value="3.141.59"/>
         <property name="proxyInformation" value="ProxyInformation { proxyOption=NO_PROXY, proxyServerType=HTTP, username=, password=********, proxyServerAddress=, proxyServerPort=0, executionList=&quot;&quot;, isApplyToDesiredCapabilities=true }"/>
         <property name="platform" value="Windows 10"/>
      </properties>
      <testcase name="Test Cases/Cas D Utilisations/Usager Etudiant/TNR R.TSPT Supp90-Etudiant" time="502.578" classname="Test Cases/Cas D Utilisations/Usager Etudiant/TNR R.TSPT Supp90-Etudiant" status="PASSED">
         <system-out><![CDATA[2023-11-23 14:56:02 - [TEST_CASE][PASSED] - Test Cases/Cas D Utilisations/Usager Etudiant/TNR R.TSPT Supp90-Etudiant: Test Cases/Cas D Utilisations/Usager Etudiant/TNR R.TSPT Supp90-Etudiant

2023-11-23 14:56:04 - [TEST_STEP][PASSED] - com.kazurayam.ksbackyard.HighlightElement.pandemic(): com.kazurayam.ksbackyard.HighlightElement.pandemic is PASSED

2023-11-23 14:56:04 - [MESSAGE][PASSED] - com.kazurayam.ksbackyard.HighlightElement.pandemic is PASSED

2023-11-23 14:56:05 - [TEST_STEP][PASSED] - callTestCase(findTestCase("Test Reutilisable/Main/Lancer URL ANEF"), ["Profiles":"Usager", "EnvExec":EnvExec], STOP_ON_FAILURE): Call Test Case 'Test Cases/Test Reutilisable/Main/Lancer URL ANEF' successfully

2023-11-23 14:56:05 - [MESSAGE][INFO] - Checking called Test Case

2023-11-23 14:56:05 - [MESSAGE][INFO] - Starting to call Test Case 'Test Cases/Test Reutilisable/Main/Lancer URL ANEF'

2023-11-23 14:56:05 - [TEST_CASE][PASSED] - Test Cases/Test Reutilisable/Main/Lancer URL ANEF: Test Cases/Test Reutilisable/Main/Lancer URL ANEF

2023-11-23 14:56:11 - [TEST_STEP][PASSED] - "RunConfiguration: getProjectDir for LogDriver ": null

2023-11-23 14:56:11 - [TEST_STEP][PASSED] - RunBrowserConfiguration = getExecutionProperties(): null

2023-11-23 14:56:11 - [TEST_STEP][PASSED] - DriverName = "": null

2023-11-23 14:56:11 - [TEST_STEP][PASSED] - openBrowser(""): Browser is opened with url: ''

2023-11-23 14:56:11 - [MESSAGE][INFO] - Opening browser

2023-11-23 14:56:11 - [MESSAGE][INFO] - Starting 'Chrome' driver

2023-11-23 14:56:11 - [MESSAGE][INFO] - User set preference: ['args', '[--incognito, --start-maximized, --remote-allow-origins=*]']

2023-11-23 14:56:11 - [MESSAGE][INFO] - User set preference: ['prefs', '{download.default_directory=${GlobalVariable.downloadPath}, download_dir=${GlobalVariable.downloadPath}, download.prompt_for_download=false}']

2023-11-23 14:56:11 - [MESSAGE][INFO] - User set preference: ['loggingPrefs', '{browser=ALL}']

2023-11-23 14:56:11 - [MESSAGE][INFO] - Action delay is set to 2Â 000 milliseconds

2023-11-23 14:56:15 - [MESSAGE][PASSED] - Browser is opened with url: ''

2023-11-23 14:56:15 - [TEST_STEP][PASSED] - driver = getWebDriver(): null

2023-11-23 14:56:15 - [TEST_STEP][PASSED] - wrappedDriver = driver.getWrappedDriver(): null

2023-11-23 14:56:15 - [TEST_STEP][PASSED] - out.println(wrappedDriver.getClass()): null

2023-11-23 14:56:15 - [TEST_STEP][PASSED] - if (class == com.kms.katalon.selenium.driver.CRemoteWebDriver): null

2023-11-23 14:56:15 - [TEST_STEP][PASSED] - else: null

2023-11-23 14:56:15 - [TEST_STEP][PASSED] - DriverName = get("WebUI").get("browserType"): null

2023-11-23 14:56:15 - [TEST_STEP][PASSED] - println("DriverName :" + DriverName): null

2023-11-23 14:56:15 - [TEST_STEP][PASSED] - println("Driverpath :" + RunBrowserConfiguration.get("drivers")): null

2023-11-23 14:56:15 - [TEST_STEP][PASSED] - DriverName = DriverName: null

2023-11-23 14:56:16 - [TEST_STEP][PASSED] - delay(medium_wait): Delayed 3 second(s)

2023-11-23 14:56:16 - [MESSAGE][INFO] - Delaying browser in 3 second(s)

2023-11-23 14:56:19 - [MESSAGE][PASSED] - Delayed 3 second(s)

2023-11-23 14:56:19 - [TEST_STEP][PASSED] - executedBrowser = getExecutedBrowser(): null

2023-11-23 14:56:19 - [TEST_STEP][PASSED] - if (Profiles == "Usager"): null

2023-11-23 14:56:19 - [TEST_STEP][PASSED] - switch (DriverName): null

2023-11-23 14:56:19 - [TEST_STEP][PASSED] - case "CHROME_DRIVER":: null

2023-11-23 14:56:19 - [TEST_STEP][PASSED] - if (EnvExec == "URL_ANEFQualif"): null

2023-11-23 14:56:19 - [TEST_STEP][PASSED] - if (EnvExec == "URL_ANEFPreProd"): Navigate to 'https://preprod.administration-etrangers-en-france.interieur.gouv.fr/particuliers/#/' successfully

2023-11-23 14:56:19 - [TEST_STEP][PASSED] - navigateToUrl(URL_ANEFPreProd): Navigate to 'https://preprod.administration-etrangers-en-france.interieur.gouv.fr/particuliers/#/' successfully

2023-11-23 14:56:19 - [MESSAGE][INFO] - Checking url

2023-11-23 14:56:19 - [MESSAGE][INFO] - Navigating to 'https://preprod.administration-etrangers-en-france.interieur.gouv.fr/particuliers/#/'

2023-11-23 14:56:36 - [MESSAGE][PASSED] - Navigate to 'https://preprod.administration-etrangers-en-france.interieur.gouv.fr/particuliers/#/' successfully

2023-11-23 14:56:36 - [TEST_STEP][PASSED] - maximizeWindow(): Current window maximized

2023-11-23 14:56:36 - [MESSAGE][INFO] - Maximizing current window

2023-11-23 14:56:36 - [MESSAGE][PASSED] - Current window maximized

2023-11-23 14:56:36 - [TEST_STEP][PASSED] - System.setProperty("webdriver.chrome.driver", getChromeDriverPath()): null

2023-11-23 14:56:36 - [TEST_STEP][PASSED] - System.setProperty("webdriver.chrome.logfile", getProjectDir() + "/Dump/chromedriver.log"): null

2023-11-23 14:56:36 - [TEST_STEP][PASSED] - callTestCase(findTestCase("Test Reutilisable/Main/Erreur lie a la confidentialite"), [:], STOP_ON_FAILURE): Call Test Case 'Test Cases/Test Reutilisable/Main/Erreur lie a la confidentialite' successfully

2023-11-23 14:56:36 - [MESSAGE][INFO] - Checking called Test Case

2023-11-23 14:56:36 - [MESSAGE][INFO] - Starting to call Test Case 'Test Cases/Test Reutilisable/Main/Erreur lie a la confidentialite'

2023-11-23 14:56:36 - [TEST_CASE][PASSED] - Test Cases/Test Reutilisable/Main/Erreur lie a la confidentialite: Test Cases/Test Reutilisable/Main/Erreur lie a la confidentialite

2023-11-23 14:56:37 - [TEST_STEP][PASSED] - tools.WaitForLoadedPage.waitForElementRendering(): tools.WaitForLoadedPage.waitForElementRendering is PASSED

2023-11-23 14:56:37 - [MESSAGE][PASSED] - tools.WaitForLoadedPage.waitForElementRendering is PASSED

2023-11-23 14:56:37 - [TEST_STEP][PASSED] - "Call Highlight.on() automatically": null

2023-11-23 14:56:37 - [TEST_STEP][PASSED] - DriverName = DriverName: null

2023-11-23 14:56:37 - [TEST_STEP][PASSED] - if (DriverName == "CHROME_DRIVER" || "EDGE_CHROMIUM_DRIVER" || "HEADLESS_DRIVER"): null

2023-11-23 14:56:37 - [TEST_STEP][PASSED] - if (verifyElementPresent(findTestObject("Object Repository/Connexion Usager/Btn_Parametres Avances"), 2, OPTIONAL)): null

2023-11-23 14:56:37 - [MESSAGE][INFO] - Finding Test Object 'Object Repository/Connexion Usager/Btn_Parametres Avances'

2023-11-23 14:56:38 - [MESSAGE][INFO] - Checking object

2023-11-23 14:56:38 - [MESSAGE][INFO] - Finding web element from Test Object's properties

2023-11-23 14:56:38 - [MESSAGE][INFO] - Checking timeout

2023-11-23 14:56:38 - [MESSAGE][INFO] - Finding web element with id: 'Object Repository/Connexion Usager/Btn_Parametres Avances' located by 'By.xpath: //*[@id="details-button"]' in '2' second(s)

2023-11-23 14:56:38 - [MESSAGE][INFO] - Smart Wait Function is triggered

2023-11-23 14:56:38 - [MESSAGE][INFO] - Found 1 web elements with id: 'Object Repository/Connexion Usager/Btn_Parametres Avances' located by 'By.xpath: //*[@id="details-button"]' in '2' second(s)

2023-11-23 14:56:38 - [MESSAGE][PASSED] - Object 'Object Repository/Connexion Usager/Btn_Parametres Avances' is present

2023-11-23 14:56:38 - [TEST_STEP][PASSED] - click(findTestObject("Object Repository/Connexion Usager/Btn_Parametres Avances"), OPTIONAL): Object: 'Object Repository/Connexion Usager/Btn_Parametres Avances' is clicked on

2023-11-23 14:56:38 - [MESSAGE][INFO] - Finding Test Object 'Object Repository/Connexion Usager/Btn_Parametres Avances'

2023-11-23 14:56:38 - [MESSAGE][INFO] - Checking timeout

2023-11-23 14:56:38 - [MESSAGE][INFO] - Finding web element with id: 'Object Repository/Connexion Usager/Btn_Parametres Avances' located by 'By.xpath: //*[@id="details-button"]' in '20' second(s)

2023-11-23 14:56:38 - [MESSAGE][INFO] - Smart Wait Function is triggered

2023-11-23 14:56:38 - [MESSAGE][INFO] - Found 1 web elements with id: 'Object Repository/Connexion Usager/Btn_Parametres Avances' located by 'By.xpath: //*[@id="details-button"]' in '20' second(s)

2023-11-23 14:56:38 - [MESSAGE][INFO] - Checking object

2023-11-23 14:56:38 - [MESSAGE][INFO] - Checking timeout

2023-11-23 14:56:38 - [MESSAGE][INFO] - Finding web element from Test Object's properties

2023-11-23 14:56:38 - [MESSAGE][INFO] - Checking timeout

2023-11-23 14:56:38 - [MESSAGE][INFO] - Finding web element with id: 'Object Repository/Connexion Usager/Btn_Parametres Avances' located by 'By.xpath: //*[@id="details-button"]' in '5' second(s)

2023-11-23 14:56:38 - [MESSAGE][INFO] - Smart Wait Function is triggered

2023-11-23 14:56:38 - [MESSAGE][INFO] - Found 1 web elements with id: 'Object Repository/Connexion Usager/Btn_Parametres Avances' located by 'By.xpath: //*[@id="details-button"]' in '5' second(s)

2023-11-23 14:56:38 - [MESSAGE][INFO] - Clicking on object: 'Object Repository/Connexion Usager/Btn_Parametres Avances'

2023-11-23 14:56:40 - [MESSAGE][PASSED] - Object: 'Object Repository/Connexion Usager/Btn_Parametres Avances' is clicked on

2023-11-23 14:56:40 - [TEST_STEP][PASSED] - click(findTestObject("Object Repository/Connexion Usager/Link_Proceed-Link"), OPTIONAL): Object: 'Object Repository/Connexion Usager/Link_Proceed-Link' is clicked on

2023-11-23 14:56:40 - [MESSAGE][INFO] - Finding Test Object 'Object Repository/Connexion Usager/Link_Proceed-Link'

2023-11-23 14:56:40 - [MESSAGE][INFO] - Checking timeout

2023-11-23 14:56:40 - [MESSAGE][INFO] - Finding web element with id: 'Object Repository/Connexion Usager/Link_Proceed-Link' located by 'By.xpath: //*[@id="proceed-link"]' in '20' second(s)

2023-11-23 14:56:40 - [MESSAGE][INFO] - Smart Wait Function is triggered

2023-11-23 14:56:40 - [MESSAGE][INFO] - Found 1 web elements with id: 'Object Repository/Connexion Usager/Link_Proceed-Link' located by 'By.xpath: //*[@id="proceed-link"]' in '20' second(s)

2023-11-23 14:56:40 - [MESSAGE][INFO] - Checking object

2023-11-23 14:56:40 - [MESSAGE][INFO] - Checking timeout

2023-11-23 14:56:40 - [MESSAGE][INFO] - Finding web element from Test Object's properties

2023-11-23 14:56:40 - [MESSAGE][INFO] - Checking timeout

2023-11-23 14:56:40 - [MESSAGE][INFO] - Finding web element with id: 'Object Repository/Connexion Usager/Link_Proceed-Link' located by 'By.xpath: //*[@id="proceed-link"]' in '5' second(s)

2023-11-23 14:56:40 - [MESSAGE][INFO] - Smart Wait Function is triggered

2023-11-23 14:56:41 - [MESSAGE][INFO] - Found 1 web elements with id: 'Object Repository/Connexion Usager/Link_Proceed-Link' located by 'By.xpath: //*[@id="proceed-link"]' in '5' second(s)

2023-11-23 14:56:41 - [MESSAGE][INFO] - Clicking on object: 'Object Repository/Connexion Usager/Link_Proceed-Link'

2023-11-23 14:56:43 - [MESSAGE][PASSED] - Object: 'Object Repository/Connexion Usager/Link_Proceed-Link' is clicked on

2023-11-23 14:56:43 - [TEST_STEP][PASSED] - if (DriverName == "IE_DRIVER"): null

2023-11-23 14:56:43 - [TEST_STEP][PASSED] - delay(3): Delayed 3 second(s)

2023-11-23 14:56:43 - [MESSAGE][INFO] - Delaying browser in 3 second(s)

2023-11-23 14:56:46 - [MESSAGE][PASSED] - Delayed 3 second(s)

2023-11-23 14:56:46 - [MESSAGE][PASSED] - Call Test Case 'Test Cases/Test Reutilisable/Main/Erreur lie a la confidentialite' successfully

2023-11-23 14:56:46 - [TEST_STEP][PASSED] - delay(5): Delayed 5 second(s)

2023-11-23 14:56:46 - [MESSAGE][INFO] - Delaying browser in 5 second(s)

2023-11-23 14:56:51 - [MESSAGE][PASSED] - Delayed 5 second(s)

2023-11-23 14:56:51 - [TEST_STEP][PASSED] - verifyElementVisible(findTestObject("Object Repository/Connexion Usager/Link_Se Connecter"), STOP_ON_FAILURE): Object 'Object Repository/Connexion Usager/Link_Se Connecter' is visible

2023-11-23 14:56:51 - [MESSAGE][INFO] - Finding Test Object 'Object Repository/Connexion Usager/Link_Se Connecter'

2023-11-23 14:56:51 - [MESSAGE][INFO] - Checking object

2023-11-23 14:56:51 - [MESSAGE][INFO] - Finding web element from Test Object's properties

2023-11-23 14:56:51 - [MESSAGE][INFO] - Checking timeout

2023-11-23 14:56:51 - [MESSAGE][INFO] - Finding web element with id: 'Object Repository/Connexion Usager/Link_Se Connecter' located by 'By.xpath: //*[@id="connexion_link"]' in '5' second(s)

2023-11-23 14:56:51 - [MESSAGE][INFO] - Smart Wait Function is triggered

2023-11-23 14:56:51 - [MESSAGE][INFO] - Found 1 web elements with id: 'Object Repository/Connexion Usager/Link_Se Connecter' located by 'By.xpath: //*[@id="connexion_link"]' in '5' second(s)

2023-11-23 14:56:51 - [MESSAGE][PASSED] - Object 'Object Repository/Connexion Usager/Link_Se Connecter' is visible

2023-11-23 14:56:51 - [TEST_STEP][PASSED] - break: null

2023-11-23 14:56:51 - [TEST_STEP][PASSED] - if (Profiles == "Agent"): null

2023-11-23 14:56:51 - [TEST_STEP][PASSED] - else: null

2023-11-23 14:56:51 - [TEST_STEP][PASSED] - println("VÃ©rifier le Portail de votre connexion Usager ou Agent"): null

2023-11-23 14:56:51 - [MESSAGE][PASSED] - Call Test Case 'Test Cases/Test Reutilisable/Main/Lancer URL ANEF' successfully

2023-11-23 14:56:51 - [TEST_STEP][PASSED] - callTestCase(findTestCase("Test Reutilisable/Main/Creer Votre Compte"), ["NumEtrangerVisa":NumEtrangerVisa, "DateDebut":DateDebut, "DateFin":DateFin, "EnvExec":EnvExec], STOP_ON_FAILURE): Call Test Case 'Test Cases/Test Reutilisable/Main/Creer Votre Compte' successfully

2023-11-23 14:56:51 - [MESSAGE][INFO] - Checking called Test Case

2023-11-23 14:56:51 - [MESSAGE][INFO] - Starting to call Test Case 'Test Cases/Test Reutilisable/Main/Creer Votre Compte'

2023-11-23 14:56:51 - [TEST_CASE][PASSED] - Test Cases/Test Reutilisable/Main/Creer Votre Compte: Test Cases/Test Reutilisable/Main/Creer Votre Compte

2023-11-23 14:56:53 - [TEST_STEP][PASSED] - "waiting for the number of elements in the DOM to stop changing": null

2023-11-23 14:56:53 - [TEST_STEP][PASSED] - com.kazurayam.ksbackyard.HighlightElement.pandemic(): com.kazurayam.ksbackyard.HighlightElement.pandemic is PASSED

2023-11-23 14:56:53 - [MESSAGE][PASSED] - com.kazurayam.ksbackyard.HighlightElement.pandemic is PASSED

2023-11-23 14:56:53 - [TEST_STEP][PASSED] - waitForPageLoad(5): Wait for page load successfully

2023-11-23 14:56:53 - [MESSAGE][INFO] - Checking timeout

2023-11-23 14:56:53 - [MESSAGE][PASSED] - Wait for page load successfully

2023-11-23 14:56:53 - [TEST_STEP][PASSED] - click(findTestObject("Object Repository/Connexion Usager/Link_Se Connecter")): Object: 'Object Repository/Connexion Usager/Link_Se Connecter' is clicked on

2023-11-23 14:56:53 - [MESSAGE][INFO] - Finding Test Object 'Object Repository/Connexion Usager/Link_Se Connecter'

2023-11-23 14:56:53 - [MESSAGE][INFO] - Checking timeout

2023-11-23 14:56:53 - [MESSAGE][INFO] - Finding web element with id: 'Object Repository/Connexion Usager/Link_Se Connecter' located by 'By.xpath: //*[@id="connexion_link"]' in '20' second(s)

2023-11-23 14:56:53 - [MESSAGE][INFO] - Smart Wait Function is triggered

2023-11-23 14:56:53 - [MESSAGE][INFO] - Found 1 web elements with id: 'Object Repository/Connexion Usager/Link_Se Connecter' located by 'By.xpath: //*[@id="connexion_link"]' in '20' second(s)

2023-11-23 14:56:53 - [MESSAGE][INFO] - Checking object

2023-11-23 14:56:53 - [MESSAGE][INFO] - Checking timeout

2023-11-23 14:56:53 - [MESSAGE][INFO] - Finding web element from Test Object's properties

2023-11-23 14:56:53 - [MESSAGE][INFO] - Checking timeout

2023-11-23 14:56:53 - [MESSAGE][INFO] - Finding web element with id: 'Object Repository/Connexion Usager/Link_Se Connecter' located by 'By.xpath: //*[@id="connexion_link"]' in '5' second(s)

2023-11-23 14:56:53 - [MESSAGE][INFO] - Smart Wait Function is triggered

2023-11-23 14:56:53 - [MESSAGE][INFO] - Found 1 web elements with id: 'Object Repository/Connexion Usager/Link_Se Connecter' located by 'By.xpath: //*[@id="connexion_link"]' in '5' second(s)

2023-11-23 14:56:53 - [MESSAGE][INFO] - Clicking on object: 'Object Repository/Connexion Usager/Link_Se Connecter'

2023-11-23 14:56:56 - [MESSAGE][PASSED] - Object: 'Object Repository/Connexion Usager/Link_Se Connecter' is clicked on

2023-11-23 14:56:56 - [TEST_STEP][PASSED] - if (EnvExec == "URL_ANEFQualif"): null

2023-11-23 14:56:56 - [TEST_STEP][PASSED] - click(findTestObject("Object Repository/Connexion Usager/Link_Creer Votre Compte")): Object: 'Object Repository/Connexion Usager/Link_Creer Votre Compte' is clicked on

2023-11-23 14:56:56 - [MESSAGE][INFO] - Finding Test Object 'Object Repository/Connexion Usager/Link_Creer Votre Compte'

2023-11-23 14:56:56 - [MESSAGE][INFO] - Checking timeout

2023-11-23 14:56:56 - [MESSAGE][INFO] - Finding web element with id: 'Object Repository/Connexion Usager/Link_Creer Votre Compte' located by 'By.xpath: /html/body/div/main/div[2]/a' in '20' second(s)

2023-11-23 14:56:56 - [MESSAGE][INFO] - Smart Wait Function is triggered

2023-11-23 14:56:56 - [MESSAGE][INFO] - Found 1 web elements with id: 'Object Repository/Connexion Usager/Link_Creer Votre Compte' located by 'By.xpath: /html/body/div/main/div[2]/a' in '20' second(s)

2023-11-23 14:56:56 - [MESSAGE][INFO] - Checking object

2023-11-23 14:56:56 - [MESSAGE][INFO] - Checking timeout

2023-11-23 14:56:56 - [MESSAGE][INFO] - Finding web element from Test Object's properties

2023-11-23 14:56:56 - [MESSAGE][INFO] - Checking timeout

2023-11-23 14:56:56 - [MESSAGE][INFO] - Finding web element with id: 'Object Repository/Connexion Usager/Link_Creer Votre Compte' located by 'By.xpath: /html/body/div/main/div[2]/a' in '5' second(s)

2023-11-23 14:56:56 - [MESSAGE][INFO] - Smart Wait Function is triggered

2023-11-23 14:56:56 - [MESSAGE][INFO] - Found 1 web elements with id: 'Object Repository/Connexion Usager/Link_Creer Votre Compte' located by 'By.xpath: /html/body/div/main/div[2]/a' in '5' second(s)

2023-11-23 14:56:56 - [MESSAGE][INFO] - Clicking on object: 'Object Repository/Connexion Usager/Link_Creer Votre Compte'

2023-11-23 14:56:59 - [MESSAGE][PASSED] - Object: 'Object Repository/Connexion Usager/Link_Creer Votre Compte' is clicked on

2023-11-23 14:56:59 - [TEST_STEP][PASSED] - waitForPageLoad(5): Wait for page load successfully

2023-11-23 14:56:59 - [MESSAGE][INFO] - Checking timeout

2023-11-23 14:56:59 - [MESSAGE][PASSED] - Wait for page load successfully

2023-11-23 14:56:59 - [TEST_STEP][PASSED] - println("NumEtrangerVisa = " + NumEtrangerVisa): null

2023-11-23 14:56:59 - [TEST_STEP][PASSED] - setText(findTestObject("Object Repository/Connexion Usager/Input_Numero etranger_Visa"), NumEtrangerVisa): Text '7703040872' is set on object 'Object Repository/Connexion Usager/Input_Numero etranger_Visa'

2023-11-23 14:56:59 - [MESSAGE][INFO] - Finding Test Object 'Object Repository/Connexion Usager/Input_Numero etranger_Visa'

2023-11-23 14:56:59 - [MESSAGE][INFO] - Checking timeout

2023-11-23 14:56:59 - [MESSAGE][INFO] - Finding web element with id: 'Object Repository/Connexion Usager/Input_Numero etranger_Visa' located by 'By.xpath: //*[@placeholder="Exemple : 9999999999" and @type = 'text']' in '20' second(s)

2023-11-23 14:56:59 - [MESSAGE][INFO] - Smart Wait Function is triggered

2023-11-23 14:56:59 - [MESSAGE][INFO] - Smart Wait Function is triggered

2023-11-23 14:57:00 - [MESSAGE][INFO] - Found 1 web elements with id: 'Object Repository/Connexion Usager/Input_Numero etranger_Visa' located by 'By.xpath: //*[@placeholder="Exemple : 9999999999" and @type = 'text']' in '20' second(s)

2023-11-23 14:57:00 - [MESSAGE][INFO] - Checking object

2023-11-23 14:57:00 - [MESSAGE][INFO] - Checking text

2023-11-23 14:57:00 - [MESSAGE][INFO] - Finding web element from Test Object's properties

2023-11-23 14:57:00 - [MESSAGE][INFO] - Checking timeout

2023-11-23 14:57:00 - [MESSAGE][INFO] - Finding web element with id: 'Object Repository/Connexion Usager/Input_Numero etranger_Visa' located by 'By.xpath: //*[@placeholder="Exemple : 9999999999" and @type = 'text']' in '5' second(s)

2023-11-23 14:57:00 - [MESSAGE][INFO] - Smart Wait Function is triggered

2023-11-23 14:57:00 - [MESSAGE][INFO] - Found 1 web elements with id: 'Object Repository/Connexion Usager/Input_Numero etranger_Visa' located by 'By.xpath: //*[@placeholder="Exemple : 9999999999" and @type = 'text']' in '5' second(s)

2023-11-23 14:57:00 - [MESSAGE][INFO] - Clearing text of object 'Object Repository/Connexion Usager/Input_Numero etranger_Visa'

2023-11-23 14:57:02 - [MESSAGE][INFO] - Finding web element from Test Object's properties

2023-11-23 14:57:02 - [MESSAGE][INFO] - Checking timeout

2023-11-23 14:57:02 - [MESSAGE][INFO] - Finding web element with id: 'Object Repository/Connexion Usager/Input_Numero etranger_Visa' located by 'By.xpath: //*[@placeholder="Exemple : 9999999999" and @type = 'text']' in '5' second(s)

2023-11-23 14:57:02 - [MESSAGE][INFO] - Smart Wait Function is triggered

2023-11-23 14:57:02 - [MESSAGE][INFO] - Found 1 web elements with id: 'Object Repository/Connexion Usager/Input_Numero etranger_Visa' located by 'By.xpath: //*[@placeholder="Exemple : 9999999999" and @type = 'text']' in '5' second(s)

2023-11-23 14:57:02 - [MESSAGE][INFO] - Setting text of object 'Object Repository/Connexion Usager/Input_Numero etranger_Visa' to value '7703040872'

2023-11-23 14:57:04 - [MESSAGE][PASSED] - Text '7703040872' is set on object 'Object Repository/Connexion Usager/Input_Numero etranger_Visa'

2023-11-23 14:57:04 - [TEST_STEP][PASSED] - DateDebut = DateDebut: null

2023-11-23 14:57:04 - [TEST_STEP][PASSED] - DateDebut = tools.MyStringTools.ParsedDateDebut(): tools.MyStringTools.ParsedDateDebut is PASSED

2023-11-23 14:57:04 - [MESSAGE][PASSED] - tools.MyStringTools.ParsedDateDebut is PASSED

2023-11-23 14:57:04 - [TEST_STEP][PASSED] - ParsedDateDebut = tools.MyStringTools.ParsedDateDebut(): tools.MyStringTools.ParsedDateDebut is PASSED

2023-11-23 14:57:04 - [MESSAGE][PASSED] - tools.MyStringTools.ParsedDateDebut is PASSED

2023-11-23 14:57:04 - [TEST_STEP][PASSED] - setText(findTestObject("Object Repository/Connexion Usager/Date Debut Validite/Input_Jour"), ParsedDateDebut[0]): Text '24' is set on object 'Object Repository/Connexion Usager/Date Debut Validite/Input_Jour'

2023-11-23 14:57:04 - [MESSAGE][INFO] - Finding Test Object 'Object Repository/Connexion Usager/Date Debut Validite/Input_Jour'

2023-11-23 14:57:04 - [MESSAGE][INFO] - Checking timeout

2023-11-23 14:57:04 - [MESSAGE][INFO] - Finding web element with id: 'Object Repository/Connexion Usager/Date Debut Validite/Input_Jour' located by 'By.xpath: /html/body/app-root/div/app-root/main/app-registration/div/div[3]/app-identification/form/div[2]/app-date[1]/fieldset/div[2]/div[1]/input' in '20' second(s)

2023-11-23 14:57:04 - [MESSAGE][INFO] - Smart Wait Function is triggered

2023-11-23 14:57:04 - [MESSAGE][INFO] - Found 1 web elements with id: 'Object Repository/Connexion Usager/Date Debut Validite/Input_Jour' located by 'By.xpath: /html/body/app-root/div/app-root/main/app-registration/div/div[3]/app-identification/form/div[2]/app-date[1]/fieldset/div[2]/div[1]/input' in '20' second(s)

2023-11-23 14:57:04 - [MESSAGE][INFO] - Checking object

2023-11-23 14:57:04 - [MESSAGE][INFO] - Checking text

2023-11-23 14:57:04 - [MESSAGE][INFO] - Finding web element from Test Object's properties

2023-11-23 14:57:04 - [MESSAGE][INFO] - Checking timeout

2023-11-23 14:57:04 - [MESSAGE][INFO] - Finding web element with id: 'Object Repository/Connexion Usager/Date Debut Validite/Input_Jour' located by 'By.xpath: /html/body/app-root/div/app-root/main/app-registration/div/div[3]/app-identification/form/div[2]/app-date[1]/fieldset/div[2]/div[1]/input' in '5' second(s)

2023-11-23 14:57:04 - [MESSAGE][INFO] - Smart Wait Function is triggered

2023-11-23 14:57:04 - [MESSAGE][INFO] - Found 1 web elements with id: 'Object Repository/Connexion Usager/Date Debut Validite/Input_Jour' located by 'By.xpath: /html/body/app-root/div/app-root/main/app-registration/div/div[3]/app-identification/form/div[2]/app-date[1]/fieldset/div[2]/div[1]/input' in '5' second(s)

2023-11-23 14:57:04 - [MESSAGE][INFO] - Clearing text of object 'Object Repository/Connexion Usager/Date Debut Validite/Input_Jour'

2023-11-23 14:57:06 - [MESSAGE][INFO] - Finding web element from Test Object's properties

2023-11-23 14:57:06 - [MESSAGE][INFO] - Checking timeout

2023-11-23 14:57:06 - [MESSAGE][INFO] - Finding web element with id: 'Object Repository/Connexion Usager/Date Debut Validite/Input_Jour' located by 'By.xpath: /html/body/app-root/div/app-root/main/app-registration/div/div[3]/app-identification/form/div[2]/app-date[1]/fieldset/div[2]/div[1]/input' in '5' second(s)

2023-11-23 14:57:06 - [MESSAGE][INFO] - Smart Wait Function is triggered

2023-11-23 14:57:06 - [MESSAGE][INFO] - Found 1 web elements with id: 'Object Repository/Connexion Usager/Date Debut Validite/Input_Jour' located by 'By.xpath: /html/body/app-root/div/app-root/main/app-registration/div/div[3]/app-identification/form/div[2]/app-date[1]/fieldset/div[2]/div[1]/input' in '5' second(s)

2023-11-23 14:57:06 - [MESSAGE][INFO] - Setting text of object 'Object Repository/Connexion Usager/Date Debut Validite/Input_Jour' to value '24'

2023-11-23 14:57:08 - [MESSAGE][PASSED] - Text '24' is set on object 'Object Repository/Connexion Usager/Date Debut Validite/Input_Jour'

2023-11-23 14:57:08 - [TEST_STEP][PASSED] - selectOptionByIndex(findTestObject("Object Repository/Connexion Usager/Date Debut Validite/Select_Mois"), ParsedDateDebut[1]): All options with index in [12] are selected on object 'Object Repository/Connexion Usager/Date Debut Validite/Select_Mois'

2023-11-23 14:57:08 - [MESSAGE][INFO] - Finding Test Object 'Object Repository/Connexion Usager/Date Debut Validite/Select_Mois'

2023-11-23 14:57:08 - [MESSAGE][INFO] - Checking timeout

2023-11-23 14:57:08 - [MESSAGE][INFO] - Finding web element with id: 'Object Repository/Connexion Usager/Date Debut Validite/Select_Mois' located by 'By.xpath: /html/body/app-root/div/app-root/main/app-registration/div/div[3]/app-identification/form/div[2]/app-date[1]/fieldset/div[2]/div[2]/select' in '20' second(s)

2023-11-23 14:57:08 - [MESSAGE][INFO] - Smart Wait Function is triggered

2023-11-23 14:57:08 - [MESSAGE][INFO] - Found 1 web elements with id: 'Object Repository/Connexion Usager/Date Debut Validite/Select_Mois' located by 'By.xpath: /html/body/app-root/div/app-root/main/app-registration/div/div[3]/app-identification/form/div[2]/app-date[1]/fieldset/div[2]/div[2]/select' in '20' second(s)

2023-11-23 14:57:08 - [MESSAGE][INFO] - Checking object

2023-11-23 14:57:08 - [MESSAGE][INFO] - Checking index range

2023-11-23 14:57:08 - [MESSAGE][INFO] - Converting range parameter '12' to index array

2023-11-23 14:57:08 - [MESSAGE][INFO] - Range parameter '12' is converted to index array [12]

2023-11-23 14:57:08 - [MESSAGE][INFO] - Finding web element from Test Object's properties

2023-11-23 14:57:08 - [MESSAGE][INFO] - Checking timeout

2023-11-23 14:57:08 - [MESSAGE][INFO] - Finding web element with id: 'Object Repository/Connexion Usager/Date Debut Validite/Select_Mois' located by 'By.xpath: /html/body/app-root/div/app-root/main/app-registration/div/div[3]/app-identification/form/div[2]/app-date[1]/fieldset/div[2]/div[2]/select' in '5' second(s)

2023-11-23 14:57:08 - [MESSAGE][INFO] - Smart Wait Function is triggered

2023-11-23 14:57:08 - [MESSAGE][INFO] - Found 1 web elements with id: 'Object Repository/Connexion Usager/Date Debut Validite/Select_Mois' located by 'By.xpath: /html/body/app-root/div/app-root/main/app-registration/div/div[3]/app-identification/form/div[2]/app-date[1]/fieldset/div[2]/div[2]/select' in '5' second(s)

2023-11-23 14:57:08 - [MESSAGE][INFO] - Checking index parameters

2023-11-23 14:57:08 - [MESSAGE][INFO] - Smart Wait Function is triggered

2023-11-23 14:57:09 - [MESSAGE][INFO] - Selecting options on object 'Object Repository/Connexion Usager/Date Debut Validite/Select_Mois' with index in [12]

2023-11-23 14:57:09 - [MESSAGE][INFO] - Smart Wait Function is triggered

2023-11-23 14:57:11 - [MESSAGE][INFO] - Option with index 12 is selected

2023-11-23 14:57:11 - [MESSAGE][PASSED] - All options with index in [12] are selected on object 'Object Repository/Connexion Usager/Date Debut Validite/Select_Mois'

2023-11-23 14:57:11 - [TEST_STEP][PASSED] - setText(findTestObject("Object Repository/Connexion Usager/Date Debut Validite/Input_Annee"), ParsedDateDebut[2]): Text '2022' is set on object 'Object Repository/Connexion Usager/Date Debut Validite/Input_Annee'

2023-11-23 14:57:11 - [MESSAGE][INFO] - Finding Test Object 'Object Repository/Connexion Usager/Date Debut Validite/Input_Annee'

2023-11-23 14:57:11 - [MESSAGE][INFO] - Checking timeout

2023-11-23 14:57:11 - [MESSAGE][INFO] - Finding web element with id: 'Object Repository/Connexion Usager/Date Debut Validite/Input_Annee' located by 'By.xpath: /html/body/app-root/div/app-root/main/app-registration/div/div[3]/app-identification/form/div[2]/app-date[1]/fieldset/div[2]/div[3]/input' in '20' second(s)

2023-11-23 14:57:11 - [MESSAGE][INFO] - Smart Wait Function is triggered

2023-11-23 14:57:11 - [MESSAGE][INFO] - Found 1 web elements with id: 'Object Repository/Connexion Usager/Date Debut Validite/Input_Annee' located by 'By.xpath: /html/body/app-root/div/app-root/main/app-registration/div/div[3]/app-identification/form/div[2]/app-date[1]/fieldset/div[2]/div[3]/input' in '20' second(s)

2023-11-23 14:57:11 - [MESSAGE][INFO] - Checking object

2023-11-23 14:57:11 - [MESSAGE][INFO] - Checking text

2023-11-23 14:57:11 - [MESSAGE][INFO] - Finding web element from Test Object's properties

2023-11-23 14:57:11 - [MESSAGE][INFO] - Checking timeout

2023-11-23 14:57:11 - [MESSAGE][INFO] - Finding web element with id: 'Object Repository/Connexion Usager/Date Debut Validite/Input_Annee' located by 'By.xpath: /html/body/app-root/div/app-root/main/app-registration/div/div[3]/app-identification/form/div[2]/app-date[1]/fieldset/div[2]/div[3]/input' in '5' second(s)

2023-11-23 14:57:11 - [MESSAGE][INFO] - Smart Wait Function is triggered

2023-11-23 14:57:11 - [MESSAGE][INFO] - Found 1 web elements with id: 'Object Repository/Connexion Usager/Date Debut Validite/Input_Annee' located by 'By.xpath: /html/body/app-root/div/app-root/main/app-registration/div/div[3]/app-identification/form/div[2]/app-date[1]/fieldset/div[2]/div[3]/input' in '5' second(s)

2023-11-23 14:57:11 - [MESSAGE][INFO] - Clearing text of object 'Object Repository/Connexion Usager/Date Debut Validite/Input_Annee'

2023-11-23 14:57:13 - [MESSAGE][INFO] - Finding web element from Test Object's properties

2023-11-23 14:57:13 - [MESSAGE][INFO] - Checking timeout

2023-11-23 14:57:13 - [MESSAGE][INFO] - Finding web element with id: 'Object Repository/Connexion Usager/Date Debut Validite/Input_Annee' located by 'By.xpath: /html/body/app-root/div/app-root/main/app-registration/div/div[3]/app-identification/form/div[2]/app-date[1]/fieldset/div[2]/div[3]/input' in '5' second(s)

2023-11-23 14:57:13 - [MESSAGE][INFO] - Smart Wait Function is triggered

2023-11-23 14:57:13 - [MESSAGE][INFO] - Found 1 web elements with id: 'Object Repository/Connexion Usager/Date Debut Validite/Input_Annee' located by 'By.xpath: /html/body/app-root/div/app-root/main/app-registration/div/div[3]/app-identification/form/div[2]/app-date[1]/fieldset/div[2]/div[3]/input' in '5' second(s)

2023-11-23 14:57:13 - [MESSAGE][INFO] - Setting text of object 'Object Repository/Connexion Usager/Date Debut Validite/Input_Annee' to value '2022'

2023-11-23 14:57:15 - [MESSAGE][PASSED] - Text '2022' is set on object 'Object Repository/Connexion Usager/Date Debut Validite/Input_Annee'

2023-11-23 14:57:15 - [TEST_STEP][PASSED] - DateFin = DateFin: null

2023-11-23 14:57:15 - [TEST_STEP][PASSED] - DateFin = tools.MyStringTools.ParsedDateFin(): tools.MyStringTools.ParsedDateFin is PASSED

2023-11-23 14:57:15 - [MESSAGE][PASSED] - tools.MyStringTools.ParsedDateFin is PASSED

2023-11-23 14:57:15 - [TEST_STEP][PASSED] - ParsedDateFin = tools.MyStringTools.ParsedDateFin(): tools.MyStringTools.ParsedDateFin is PASSED

2023-11-23 14:57:15 - [MESSAGE][PASSED] - tools.MyStringTools.ParsedDateFin is PASSED

2023-11-23 14:57:15 - [TEST_STEP][PASSED] - setText(findTestObject("Object Repository/Connexion Usager/Date Fin Validite/Input_Jour"), ParsedDateFin[0]): Text '23' is set on object 'Object Repository/Connexion Usager/Date Fin Validite/Input_Jour'

2023-11-23 14:57:15 - [MESSAGE][INFO] - Finding Test Object 'Object Repository/Connexion Usager/Date Fin Validite/Input_Jour'

2023-11-23 14:57:15 - [MESSAGE][INFO] - Checking timeout

2023-11-23 14:57:15 - [MESSAGE][INFO] - Finding web element with id: 'Object Repository/Connexion Usager/Date Fin Validite/Input_Jour' located by 'By.xpath: /html/body/app-root/div/app-root/main/app-registration/div/div[3]/app-identification/form/div[2]/app-date[2]/fieldset/div[2]/div[1]/input' in '20' second(s)

2023-11-23 14:57:15 - [MESSAGE][INFO] - Smart Wait Function is triggered

2023-11-23 14:57:15 - [MESSAGE][INFO] - Found 1 web elements with id: 'Object Repository/Connexion Usager/Date Fin Validite/Input_Jour' located by 'By.xpath: /html/body/app-root/div/app-root/main/app-registration/div/div[3]/app-identification/form/div[2]/app-date[2]/fieldset/div[2]/div[1]/input' in '20' second(s)

2023-11-23 14:57:15 - [MESSAGE][INFO] - Checking object

2023-11-23 14:57:15 - [MESSAGE][INFO] - Checking text

2023-11-23 14:57:15 - [MESSAGE][INFO] - Finding web element from Test Object's properties

2023-11-23 14:57:15 - [MESSAGE][INFO] - Checking timeout

2023-11-23 14:57:15 - [MESSAGE][INFO] - Finding web element with id: 'Object Repository/Connexion Usager/Date Fin Validite/Input_Jour' located by 'By.xpath: /html/body/app-root/div/app-root/main/app-registration/div/div[3]/app-identification/form/div[2]/app-date[2]/fieldset/div[2]/div[1]/input' in '5' second(s)

2023-11-23 14:57:15 - [MESSAGE][INFO] - Smart Wait Function is triggered

2023-11-23 14:57:15 - [MESSAGE][INFO] - Found 1 web elements with id: 'Object Repository/Connexion Usager/Date Fin Validite/Input_Jour' located by 'By.xpath: /html/body/app-root/div/app-root/main/app-registration/div/div[3]/app-identification/form/div[2]/app-date[2]/fieldset/div[2]/div[1]/input' in '5' second(s)

2023-11-23 14:57:15 - [MESSAGE][INFO] - Clearing text of object 'Object Repository/Connexion Usager/Date Fin Validite/Input_Jour'

2023-11-23 14:57:17 - [MESSAGE][INFO] - Finding web element from Test Object's properties

2023-11-23 14:57:17 - [MESSAGE][INFO] - Checking timeout

2023-11-23 14:57:17 - [MESSAGE][INFO] - Finding web element with id: 'Object Repository/Connexion Usager/Date Fin Validite/Input_Jour' located by 'By.xpath: /html/body/app-root/div/app-root/main/app-registration/div/div[3]/app-identification/form/div[2]/app-date[2]/fieldset/div[2]/div[1]/input' in '5' second(s)

2023-11-23 14:57:17 - [MESSAGE][INFO] - Smart Wait Function is triggered

2023-11-23 14:57:17 - [MESSAGE][INFO] - Found 1 web elements with id: 'Object Repository/Connexion Usager/Date Fin Validite/Input_Jour' located by 'By.xpath: /html/body/app-root/div/app-root/main/app-registration/div/div[3]/app-identification/form/div[2]/app-date[2]/fieldset/div[2]/div[1]/input' in '5' second(s)

2023-11-23 14:57:17 - [MESSAGE][INFO] - Setting text of object 'Object Repository/Connexion Usager/Date Fin Validite/Input_Jour' to value '23'

2023-11-23 14:57:20 - [MESSAGE][PASSED] - Text '23' is set on object 'Object Repository/Connexion Usager/Date Fin Validite/Input_Jour'

2023-11-23 14:57:20 - [TEST_STEP][PASSED] - selectOptionByIndex(findTestObject("Object Repository/Connexion Usager/Date Fin Validite/Select_Mois"), ParsedDateFin[1]): All options with index in [12] are selected on object 'Object Repository/Connexion Usager/Date Fin Validite/Select_Mois'

2023-11-23 14:57:20 - [MESSAGE][INFO] - Finding Test Object 'Object Repository/Connexion Usager/Date Fin Validite/Select_Mois'

2023-11-23 14:57:20 - [MESSAGE][INFO] - Checking timeout

2023-11-23 14:57:20 - [MESSAGE][INFO] - Finding web element with id: 'Object Repository/Connexion Usager/Date Fin Validite/Select_Mois' located by 'By.xpath: /html/body/app-root/div/app-root/main/app-registration/div/div[3]/app-identification/form/div[2]/app-date[2]/fieldset/div[2]/div[2]/select' in '20' second(s)

2023-11-23 14:57:20 - [MESSAGE][INFO] - Smart Wait Function is triggered

2023-11-23 14:57:20 - [MESSAGE][INFO] - Found 1 web elements with id: 'Object Repository/Connexion Usager/Date Fin Validite/Select_Mois' located by 'By.xpath: /html/body/app-root/div/app-root/main/app-registration/div/div[3]/app-identification/form/div[2]/app-date[2]/fieldset/div[2]/div[2]/select' in '20' second(s)

2023-11-23 14:57:20 - [MESSAGE][INFO] - Checking object

2023-11-23 14:57:20 - [MESSAGE][INFO] - Checking index range

2023-11-23 14:57:20 - [MESSAGE][INFO] - Converting range parameter '12' to index array

2023-11-23 14:57:20 - [MESSAGE][INFO] - Range parameter '12' is converted to index array [12]

2023-11-23 14:57:20 - [MESSAGE][INFO] - Finding web element from Test Object's properties

2023-11-23 14:57:20 - [MESSAGE][INFO] - Checking timeout

2023-11-23 14:57:20 - [MESSAGE][INFO] - Finding web element with id: 'Object Repository/Connexion Usager/Date Fin Validite/Select_Mois' located by 'By.xpath: /html/body/app-root/div/app-root/main/app-registration/div/div[3]/app-identification/form/div[2]/app-date[2]/fieldset/div[2]/div[2]/select' in '5' second(s)

2023-11-23 14:57:20 - [MESSAGE][INFO] - Smart Wait Function is triggered

2023-11-23 14:57:20 - [MESSAGE][INFO] - Found 1 web elements with id: 'Object Repository/Connexion Usager/Date Fin Validite/Select_Mois' located by 'By.xpath: /html/body/app-root/div/app-root/main/app-registration/div/div[3]/app-identification/form/div[2]/app-date[2]/fieldset/div[2]/div[2]/select' in '5' second(s)

2023-11-23 14:57:20 - [MESSAGE][INFO] - Checking index parameters

2023-11-23 14:57:20 - [MESSAGE][INFO] - Smart Wait Function is triggered

2023-11-23 14:57:20 - [MESSAGE][INFO] - Selecting options on object 'Object Repository/Connexion Usager/Date Fin Validite/Select_Mois' with index in [12]

2023-11-23 14:57:20 - [MESSAGE][INFO] - Smart Wait Function is triggered

2023-11-23 14:57:22 - [MESSAGE][INFO] - Option with index 12 is selected

2023-11-23 14:57:22 - [MESSAGE][PASSED] - All options with index in [12] are selected on object 'Object Repository/Connexion Usager/Date Fin Validite/Select_Mois'

2023-11-23 14:57:22 - [TEST_STEP][PASSED] - setText(findTestObject("Object Repository/Connexion Usager/Date Fin Validite/Input_Annee"), ParsedDateFin[2]): Text '2023' is set on object 'Object Repository/Connexion Usager/Date Fin Validite/Input_Annee'

2023-11-23 14:57:22 - [MESSAGE][INFO] - Finding Test Object 'Object Repository/Connexion Usager/Date Fin Validite/Input_Annee'

2023-11-23 14:57:22 - [MESSAGE][INFO] - Checking timeout

2023-11-23 14:57:22 - [MESSAGE][INFO] - Finding web element with id: 'Object Repository/Connexion Usager/Date Fin Validite/Input_Annee' located by 'By.xpath: /html/body/app-root/div/app-root/main/app-registration/div/div[3]/app-identification/form/div[2]/app-date[2]/fieldset/div[2]/div[3]/input' in '20' second(s)

2023-11-23 14:57:22 - [MESSAGE][INFO] - Smart Wait Function is triggered

2023-11-23 14:57:22 - [MESSAGE][INFO] - Found 1 web elements with id: 'Object Repository/Connexion Usager/Date Fin Validite/Input_Annee' located by 'By.xpath: /html/body/app-root/div/app-root/main/app-registration/div/div[3]/app-identification/form/div[2]/app-date[2]/fieldset/div[2]/div[3]/input' in '20' second(s)

2023-11-23 14:57:22 - [MESSAGE][INFO] - Checking object

2023-11-23 14:57:22 - [MESSAGE][INFO] - Checking text

2023-11-23 14:57:22 - [MESSAGE][INFO] - Finding web element from Test Object's properties

2023-11-23 14:57:22 - [MESSAGE][INFO] - Checking timeout

2023-11-23 14:57:22 - [MESSAGE][INFO] - Finding web element with id: 'Object Repository/Connexion Usager/Date Fin Validite/Input_Annee' located by 'By.xpath: /html/body/app-root/div/app-root/main/app-registration/div/div[3]/app-identification/form/div[2]/app-date[2]/fieldset/div[2]/div[3]/input' in '5' second(s)

2023-11-23 14:57:22 - [MESSAGE][INFO] - Smart Wait Function is triggered

2023-11-23 14:57:22 - [MESSAGE][INFO] - Found 1 web elements with id: 'Object Repository/Connexion Usager/Date Fin Validite/Input_Annee' located by 'By.xpath: /html/body/app-root/div/app-root/main/app-registration/div/div[3]/app-identification/form/div[2]/app-date[2]/fieldset/div[2]/div[3]/input' in '5' second(s)

2023-11-23 14:57:22 - [MESSAGE][INFO] - Clearing text of object 'Object Repository/Connexion Usager/Date Fin Validite/Input_Annee'

2023-11-23 14:57:24 - [MESSAGE][INFO] - Finding web element from Test Object's properties

2023-11-23 14:57:24 - [MESSAGE][INFO] - Checking timeout

2023-11-23 14:57:24 - [MESSAGE][INFO] - Finding web element with id: 'Object Repository/Connexion Usager/Date Fin Validite/Input_Annee' located by 'By.xpath: /html/body/app-root/div/app-root/main/app-registration/div/div[3]/app-identification/form/div[2]/app-date[2]/fieldset/div[2]/div[3]/input' in '5' second(s)

2023-11-23 14:57:24 - [MESSAGE][INFO] - Smart Wait Function is triggered

2023-11-23 14:57:24 - [MESSAGE][INFO] - Found 1 web elements with id: 'Object Repository/Connexion Usager/Date Fin Validite/Input_Annee' located by 'By.xpath: /html/body/app-root/div/app-root/main/app-registration/div/div[3]/app-identification/form/div[2]/app-date[2]/fieldset/div[2]/div[3]/input' in '5' second(s)

2023-11-23 14:57:24 - [MESSAGE][INFO] - Setting text of object 'Object Repository/Connexion Usager/Date Fin Validite/Input_Annee' to value '2023'

2023-11-23 14:57:26 - [MESSAGE][PASSED] - Text '2023' is set on object 'Object Repository/Connexion Usager/Date Fin Validite/Input_Annee'

2023-11-23 14:57:26 - [TEST_STEP][PASSED] - click(findTestObject("Object Repository/Connexion Usager/Btn_Creer Un Compte")): Object: 'Object Repository/Connexion Usager/Btn_Creer Un Compte' is clicked on

2023-11-23 14:57:26 - [MESSAGE][INFO] - Finding Test Object 'Object Repository/Connexion Usager/Btn_Creer Un Compte'

2023-11-23 14:57:26 - [MESSAGE][INFO] - Checking timeout

2023-11-23 14:57:26 - [MESSAGE][INFO] - Finding web element with id: 'Object Repository/Connexion Usager/Btn_Creer Un Compte' located by 'By.xpath: /html/body/app-root/div/app-root/main/app-registration/div/div[3]/app-identification/form/p-button/button' in '20' second(s)

2023-11-23 14:57:26 - [MESSAGE][INFO] - Smart Wait Function is triggered

2023-11-23 14:57:27 - [MESSAGE][INFO] - Found 1 web elements with id: 'Object Repository/Connexion Usager/Btn_Creer Un Compte' located by 'By.xpath: /html/body/app-root/div/app-root/main/app-registration/div/div[3]/app-identification/form/p-button/button' in '20' second(s)

2023-11-23 14:57:27 - [MESSAGE][INFO] - Checking object

2023-11-23 14:57:27 - [MESSAGE][INFO] - Checking timeout

2023-11-23 14:57:27 - [MESSAGE][INFO] - Finding web element from Test Object's properties

2023-11-23 14:57:27 - [MESSAGE][INFO] - Checking timeout

2023-11-23 14:57:27 - [MESSAGE][INFO] - Finding web element with id: 'Object Repository/Connexion Usager/Btn_Creer Un Compte' located by 'By.xpath: /html/body/app-root/div/app-root/main/app-registration/div/div[3]/app-identification/form/p-button/button' in '5' second(s)

2023-11-23 14:57:27 - [MESSAGE][INFO] - Smart Wait Function is triggered

2023-11-23 14:57:27 - [MESSAGE][INFO] - Found 1 web elements with id: 'Object Repository/Connexion Usager/Btn_Creer Un Compte' located by 'By.xpath: /html/body/app-root/div/app-root/main/app-registration/div/div[3]/app-identification/form/p-button/button' in '5' second(s)

2023-11-23 14:57:27 - [MESSAGE][INFO] - Clicking on object: 'Object Repository/Connexion Usager/Btn_Creer Un Compte'

2023-11-23 14:57:29 - [MESSAGE][PASSED] - Object: 'Object Repository/Connexion Usager/Btn_Creer Un Compte' is clicked on

2023-11-23 14:57:29 - [TEST_STEP][PASSED] - "VÃ©rification si Certaines informations que vous avez saisies sont incorrectes. Veuillez vÃ©rifier votre saisie. pb serveur AGERDF": null

2023-11-23 14:57:29 - [TEST_STEP][PASSED] - callTestCase(findTestCase("Test Cases/Test Reutilisable/Main/VerificationCertainesInformationsSontIncorrectes"), [:], OPTIONAL): Call Test Case 'Test Cases/Test Reutilisable/Main/VerificationCertainesInformationsSontIncorrectes' successfully

2023-11-23 14:57:29 - [MESSAGE][INFO] - Checking called Test Case

2023-11-23 14:57:29 - [MESSAGE][INFO] - Starting to call Test Case 'Test Cases/Test Reutilisable/Main/VerificationCertainesInformationsSontIncorrectes'

2023-11-23 14:57:29 - [TEST_CASE][PASSED] - Test Cases/Test Reutilisable/Main/VerificationCertainesInformationsSontIncorrectes: Test Cases/Test Reutilisable/Main/VerificationCertainesInformationsSontIncorrectes

2023-11-23 14:57:30 - [TEST_STEP][PASSED] - "VÃ©rification si Certaines informations que vous avez saisies sont incorrectes. Veuillez vÃ©rifier votre saisie. pb serveur AGERDF": null

2023-11-23 14:57:30 - [TEST_STEP][PASSED] - delay(3): Delayed 3 second(s)

2023-11-23 14:57:30 - [MESSAGE][INFO] - Delaying browser in 3 second(s)

2023-11-23 14:57:33 - [MESSAGE][PASSED] - Delayed 3 second(s)

2023-11-23 14:57:33 - [TEST_STEP][PASSED] - StopTestCase = false: null

2023-11-23 14:57:33 - [TEST_STEP][PASSED] - MsgAlertPresent = verifyElementVisible(findTestObject("Object Repository/Connexion Usager/lbl_CertainesInformationsSaisiesSontIncorrectes"), OPTIONAL): Web element with id: 'Object Repository/Connexion Usager/lbl_CertainesInformationsSaisiesSontIncorrectes' located by '//p' not found (Root cause: com.kms.katalon.core.exception.StepFailedException: Web element with id: 'Object Repository/Connexion Usager/lbl_CertainesInformationsSaisiesSontIncorrectes' located by '//p' not found
	at com.kms.katalon.core.webui.keyword.internal.WebUIKeywordMain.stepFailed(WebUIKeywordMain.groovy:64)
	at com.kms.katalon.core.webui.keyword.builtin.VerifyElementVisibleKeyword$_verifyElementVisible_closure1.doCall(VerifyElementVisibleKeyword.groovy:89)
	at com.kms.katalon.core.webui.keyword.builtin.VerifyElementVisibleKeyword$_verifyElementVisible_closure1.call(VerifyElementVisibleKeyword.groovy)
	at com.kms.katalon.core.webui.keyword.internal.WebUIKeywordMain.runKeyword(WebUIKeywordMain.groovy:20)
	at com.kms.katalon.core.webui.keyword.builtin.VerifyElementVisibleKeyword.verifyElementVisible(VerifyElementVisibleKeyword.groovy:97)
	at com.kms.katalon.core.webui.keyword.builtin.VerifyElementVisibleKeyword.execute(VerifyElementVisibleKeyword.groovy:67)
	at com.kms.katalon.core.keyword.internal.KeywordExecutor.executeKeywordForPlatform(KeywordExecutor.groovy:74)
	at com.kms.katalon.core.webui.keyword.WebUiBuiltInKeywords.verifyElementVisible(WebUiBuiltInKeywords.groovy:362)
	at com.kazurayam.ksbackyard.HighlightElement$_pandemic_closure1.doCall(HighlightElement.groovy:105)
	at VerificationCertainesInformationsSontIncorrectes.run(VerificationCertainesInformationsSontIncorrectes:85)
	at com.kms.katalon.core.main.ScriptEngine.run(ScriptEngine.java:194)
	at com.kms.katalon.core.main.ScriptEngine.runScriptAsRawText(ScriptEngine.java:119)
	at com.kms.katalon.core.main.TestCaseExecutor.runScript(TestCaseExecutor.java:448)
	at com.kms.katalon.core.main.TestCaseExecutor.doExecute(TestCaseExecutor.java:439)
	at com.kms.katalon.core.main.TestCaseExecutor.processExecutionPhase(TestCaseExecutor.java:418)
	at com.kms.katalon.core.main.TestCaseExecutor.accessMainPhase(TestCaseExecutor.java:410)
	at com.kms.katalon.core.main.TestCaseExecutor.execute(TestCaseExecutor.java:285)
	at com.kms.katalon.core.main.TestCaseMain.runTestCase(TestCaseMain.java:144)
	at com.kms.katalon.core.keyword.builtin.CallTestCaseKeyword$_callTestCase_closure1.doCall(CallTestCaseKeyword.groovy:59)
	at com.kms.katalon.core.keyword.builtin.CallTestCaseKeyword$_callTestCase_closure1.call(CallTestCaseKeyword.groovy)
	at com.kms.katalon.core.keyword.internal.KeywordMain.runKeyword(KeywordMain.groovy:75)
	at com.kms.katalon.core.keyword.builtin.CallTestCaseKeyword.callTestCase(CallTestCaseKeyword.groovy:81)
	at com.kms.katalon.core.keyword.builtin.CallTestCaseKeyword.execute(CallTestCaseKeyword.groovy:44)
	at com.kms.katalon.core.keyword.internal.KeywordExecutor.executeKeywordForPlatform(KeywordExecutor.groovy:74)
	at com.kms.katalon.core.keyword.BuiltinKeywords.callTestCase(BuiltinKeywords.groovy:310)
	at com.kazurayam.ksbackyard.HighlightElement$_pandemic_closure1.doCall(HighlightElement.groovy:105)
	at Creer Votre Compte.run(Creer Votre Compte:109)
	at com.kms.katalon.core.main.ScriptEngine.run(ScriptEngine.java:194)
	at com.kms.katalon.core.main.ScriptEngine.runScriptAsRawText(ScriptEngine.java:119)
	at com.kms.katalon.core.main.TestCaseExecutor.runScript(TestCaseExecutor.java:448)
	at com.kms.katalon.core.main.TestCaseExecutor.doExecute(TestCaseExecutor.java:439)
	at com.kms.katalon.core.main.TestCaseExecutor.processExecutionPhase(TestCaseExecutor.java:418)
	at com.kms.katalon.core.main.TestCaseExecutor.accessMainPhase(TestCaseExecutor.java:410)
	at com.kms.katalon.core.main.TestCaseExecutor.execute(TestCaseExecutor.java:285)
	at com.kms.katalon.core.main.TestCaseMain.runTestCase(TestCaseMain.java:144)
	at com.kms.katalon.core.keyword.builtin.CallTestCaseKeyword$_callTestCase_closure1.doCall(CallTestCaseKeyword.groovy:59)
	at com.kms.katalon.core.keyword.builtin.CallTestCaseKeyword$_callTestCase_closure1.call(CallTestCaseKeyword.groovy)
	at com.kms.katalon.core.keyword.internal.KeywordMain.runKeyword(KeywordMain.groovy:75)
	at com.kms.katalon.core.keyword.builtin.CallTestCaseKeyword.callTestCase(CallTestCaseKeyword.groovy:81)
	at com.kms.katalon.core.keyword.builtin.CallTestCaseKeyword.execute(CallTestCaseKeyword.groovy:44)
	at com.kms.katalon.core.keyword.internal.KeywordExecutor.executeKeywordForPlatform(KeywordExecutor.groovy:74)
	at com.kms.katalon.core.keyword.BuiltinKeywords.callTestCase(BuiltinKeywords.groovy:310)
	at com.kazurayam.ksbackyard.HighlightElement$_pandemic_closure1.doCall(HighlightElement.groovy:105)
	at TNR R.TSPT Supp90-Etudiant.run(TNR R.TSPT Supp90-Etudiant:30)
	at com.kms.katalon.core.main.ScriptEngine.run(ScriptEngine.java:194)
	at com.kms.katalon.core.main.ScriptEngine.runScriptAsRawText(ScriptEngine.java:119)
	at com.kms.katalon.core.main.TestCaseExecutor.runScript(TestCaseExecutor.java:448)
	at com.kms.katalon.core.main.TestCaseExecutor.doExecute(TestCaseExecutor.java:439)
	at com.kms.katalon.core.main.TestCaseExecutor.processExecutionPhase(TestCaseExecutor.java:418)
	at com.kms.katalon.core.main.TestCaseExecutor.accessMainPhase(TestCaseExecutor.java:410)
	at com.kms.katalon.core.main.TestCaseExecutor.execute(TestCaseExecutor.java:285)
	at com.kms.katalon.core.common.CommonExecutor.accessTestCaseMainPhase(CommonExecutor.java:65)
	at com.kms.katalon.core.main.TestSuiteExecutor.accessTestSuiteMainPhase(TestSuiteExecutor.java:148)
	at com.kms.katalon.core.main.TestSuiteExecutor.execute(TestSuiteExecutor.java:106)
	at com.kms.katalon.core.main.TestCaseMain.startTestSuite(TestCaseMain.java:187)
	at com.kms.katalon.core.main.TestCaseMain$startTestSuite$0.call(Unknown Source)
	at TempTestSuite1700747757013.run(TempTestSuite1700747757013.groovy:36)
)

2023-11-23 14:57:33 - [MESSAGE][INFO] - Finding Test Object 'Object Repository/Connexion Usager/lbl_CertainesInformationsSaisiesSontIncorrectes'

2023-11-23 14:57:33 - [MESSAGE][INFO] - Checking object

2023-11-23 14:57:33 - [MESSAGE][INFO] - Finding web element from Test Object's properties

2023-11-23 14:57:33 - [MESSAGE][INFO] - Checking timeout

2023-11-23 14:57:33 - [MESSAGE][INFO] - Finding web element with id: 'Object Repository/Connexion Usager/lbl_CertainesInformationsSaisiesSontIncorrectes' located by 'By.xpath: //p' in '5' second(s)

2023-11-23 14:57:33 - [MESSAGE][INFO] - Smart Wait Function is triggered

2023-11-23 14:57:33 - [MESSAGE][INFO] - Smart Wait Function is triggered

2023-11-23 14:57:33 - [MESSAGE][INFO] - Smart Wait Function is triggered

2023-11-23 14:57:33 - [MESSAGE][INFO] - Smart Wait Function is triggered

2023-11-23 14:57:33 - [MESSAGE][INFO] - Smart Wait Function is triggered

2023-11-23 14:57:33 - [MESSAGE][INFO] - Smart Wait Function is triggered

2023-11-23 14:57:33 - [MESSAGE][INFO] - Smart Wait Function is triggered

2023-11-23 14:57:33 - [MESSAGE][INFO] - Smart Wait Function is triggered

2023-11-23 14:57:33 - [MESSAGE][INFO] - Smart Wait Function is triggered

2023-11-23 14:57:33 - [MESSAGE][INFO] - Smart Wait Function is triggered

2023-11-23 14:57:33 - [MESSAGE][INFO] - Smart Wait Function is triggered

2023-11-23 14:57:33 - [MESSAGE][INFO] - Smart Wait Function is triggered

2023-11-23 14:57:33 - [MESSAGE][INFO] - Smart Wait Function is triggered

2023-11-23 14:57:33 - [MESSAGE][INFO] - Smart Wait Function is triggered

2023-11-23 14:57:34 - [MESSAGE][INFO] - Smart Wait Function is triggered

2023-11-23 14:57:34 - [MESSAGE][INFO] - Smart Wait Function is triggered

2023-11-23 14:57:34 - [MESSAGE][INFO] - Smart Wait Function is triggered

2023-11-23 14:57:34 - [MESSAGE][INFO] - Smart Wait Function is triggered

2023-11-23 14:57:34 - [MESSAGE][INFO] - Smart Wait Function is triggered

2023-11-23 14:57:34 - [MESSAGE][INFO] - Smart Wait Function is triggered

2023-11-23 14:57:34 - [MESSAGE][INFO] - Smart Wait Function is triggered

2023-11-23 14:57:34 - [MESSAGE][INFO] - Smart Wait Function is triggered

2023-11-23 14:57:34 - [MESSAGE][INFO] - Smart Wait Function is triggered

2023-11-23 14:57:34 - [MESSAGE][INFO] - Smart Wait Function is triggered

2023-11-23 14:57:34 - [MESSAGE][INFO] - Smart Wait Function is triggered

2023-11-23 14:57:34 - [MESSAGE][INFO] - Smart Wait Function is triggered

2023-11-23 14:57:34 - [MESSAGE][INFO] - Smart Wait Function is triggered

2023-11-23 14:57:34 - [MESSAGE][INFO] - Smart Wait Function is triggered

2023-11-23 14:57:34 - [MESSAGE][INFO] - Smart Wait Function is triggered

2023-11-23 14:57:34 - [MESSAGE][INFO] - Smart Wait Function is triggered

2023-11-23 14:57:34 - [MESSAGE][INFO] - Smart Wait Function is triggered

2023-11-23 14:57:34 - [MESSAGE][INFO] - Smart Wait Function is triggered

2023-11-23 14:57:34 - [MESSAGE][INFO] - Smart Wait Function is triggered

2023-11-23 14:57:34 - [MESSAGE][INFO] - Smart Wait Function is triggered

2023-11-23 14:57:34 - [MESSAGE][INFO] - Smart Wait Function is triggered

2023-11-23 14:57:34 - [MESSAGE][INFO] - Smart Wait Function is triggered

2023-11-23 14:57:34 - [MESSAGE][INFO] - Smart Wait Function is triggered

2023-11-23 14:57:34 - [MESSAGE][INFO] - Smart Wait Function is triggered

2023-11-23 14:57:34 - [MESSAGE][INFO] - Smart Wait Function is triggered

2023-11-23 14:57:34 - [MESSAGE][INFO] - Smart Wait Function is triggered

2023-11-23 14:57:34 - [MESSAGE][INFO] - Smart Wait Function is triggered

2023-11-23 14:57:34 - [MESSAGE][INFO] - Smart Wait Function is triggered

2023-11-23 14:57:34 - [MESSAGE][INFO] - Smart Wait Function is triggered

2023-11-23 14:57:34 - [MESSAGE][INFO] - Smart Wait Function is triggered

2023-11-23 14:57:34 - [MESSAGE][INFO] - Smart Wait Function is triggered

2023-11-23 14:57:35 - [MESSAGE][INFO] - Smart Wait Function is triggered

2023-11-23 14:57:35 - [MESSAGE][INFO] - Smart Wait Function is triggered

2023-11-23 14:57:35 - [MESSAGE][INFO] - Smart Wait Function is triggered

2023-11-23 14:57:35 - [MESSAGE][INFO] - Smart Wait Function is triggered

2023-11-23 14:57:35 - [MESSAGE][INFO] - Smart Wait Function is triggered

2023-11-23 14:57:35 - [MESSAGE][INFO] - Smart Wait Function is triggered

2023-11-23 14:57:35 - [MESSAGE][INFO] - Smart Wait Function is triggered

2023-11-23 14:57:35 - [MESSAGE][INFO] - Smart Wait Function is triggered

2023-11-23 14:57:35 - [MESSAGE][INFO] - Smart Wait Function is triggered

2023-11-23 14:57:35 - [MESSAGE][INFO] - Smart Wait Function is triggered

2023-11-23 14:57:35 - [MESSAGE][INFO] - Smart Wait Function is triggered

2023-11-23 14:57:35 - [MESSAGE][INFO] - Smart Wait Function is triggered

2023-11-23 14:57:35 - [MESSAGE][INFO] - Smart Wait Function is triggered

2023-11-23 14:57:35 - [MESSAGE][INFO] - Smart Wait Function is triggered

2023-11-23 14:57:35 - [MESSAGE][INFO] - Smart Wait Function is triggered

2023-11-23 14:57:35 - [MESSAGE][INFO] - Smart Wait Function is triggered

2023-11-23 14:57:35 - [MESSAGE][INFO] - Smart Wait Function is triggered

2023-11-23 14:57:35 - [MESSAGE][INFO] - Smart Wait Function is triggered

2023-11-23 14:57:35 - [MESSAGE][INFO] - Smart Wait Function is triggered

2023-11-23 14:57:35 - [MESSAGE][INFO] - Smart Wait Function is triggered

2023-11-23 14:57:35 - [MESSAGE][INFO] - Smart Wait Function is triggered

2023-11-23 14:57:35 - [MESSAGE][INFO] - Smart Wait Function is triggered

2023-11-23 14:57:35 - [MESSAGE][INFO] - Smart Wait Function is triggered

2023-11-23 14:57:35 - [MESSAGE][INFO] - Smart Wait Function is triggered

2023-11-23 14:57:35 - [MESSAGE][INFO] - Smart Wait Function is triggered

2023-11-23 14:57:35 - [MESSAGE][INFO] - Smart Wait Function is triggered

2023-11-23 14:57:35 - [MESSAGE][INFO] - Smart Wait Function is triggered

2023-11-23 14:57:35 - [MESSAGE][INFO] - Smart Wait Function is triggered

2023-11-23 14:57:35 - [MESSAGE][INFO] - Smart Wait Function is triggered

2023-11-23 14:57:35 - [MESSAGE][INFO] - Smart Wait Function is triggered

2023-11-23 14:57:35 - [MESSAGE][INFO] - Smart Wait Function is triggered

2023-11-23 14:57:36 - [MESSAGE][INFO] - Smart Wait Function is triggered

2023-11-23 14:57:36 - [MESSAGE][INFO] - Smart Wait Function is triggered

2023-11-23 14:57:36 - [MESSAGE][INFO] - Smart Wait Function is triggered

2023-11-23 14:57:36 - [MESSAGE][INFO] - Smart Wait Function is triggered

2023-11-23 14:57:36 - [MESSAGE][INFO] - Smart Wait Function is triggered

2023-11-23 14:57:36 - [MESSAGE][INFO] - Smart Wait Function is triggered

2023-11-23 14:57:36 - [MESSAGE][INFO] - Smart Wait Function is triggered

2023-11-23 14:57:36 - [MESSAGE][INFO] - Smart Wait Function is triggered

2023-11-23 14:57:36 - [MESSAGE][INFO] - Smart Wait Function is triggered

2023-11-23 14:57:36 - [MESSAGE][INFO] - Smart Wait Function is triggered

2023-11-23 14:57:36 - [MESSAGE][INFO] - Smart Wait Function is triggered

2023-11-23 14:57:36 - [MESSAGE][INFO] - Smart Wait Function is triggered

2023-11-23 14:57:36 - [MESSAGE][INFO] - Smart Wait Function is triggered

2023-11-23 14:57:36 - [MESSAGE][INFO] - Smart Wait Function is triggered

2023-11-23 14:57:36 - [MESSAGE][INFO] - Smart Wait Function is triggered

2023-11-23 14:57:36 - [MESSAGE][INFO] - Smart Wait Function is triggered

2023-11-23 14:57:36 - [MESSAGE][INFO] - Smart Wait Function is triggered

2023-11-23 14:57:36 - [MESSAGE][INFO] - Smart Wait Function is triggered

2023-11-23 14:57:36 - [MESSAGE][INFO] - Smart Wait Function is triggered

2023-11-23 14:57:36 - [MESSAGE][INFO] - Smart Wait Function is triggered

2023-11-23 14:57:36 - [MESSAGE][INFO] - Smart Wait Function is triggered

2023-11-23 14:57:36 - [MESSAGE][INFO] - Smart Wait Function is triggered

2023-11-23 14:57:36 - [MESSAGE][INFO] - Smart Wait Function is triggered

2023-11-23 14:57:36 - [MESSAGE][INFO] - Smart Wait Function is triggered

2023-11-23 14:57:36 - [MESSAGE][INFO] - Smart Wait Function is triggered

2023-11-23 14:57:36 - [MESSAGE][INFO] - Smart Wait Function is triggered

2023-11-23 14:57:36 - [MESSAGE][INFO] - Smart Wait Function is triggered

2023-11-23 14:57:36 - [MESSAGE][INFO] - Smart Wait Function is triggered

2023-11-23 14:57:36 - [MESSAGE][INFO] - Smart Wait Function is triggered

2023-11-23 14:57:36 - [MESSAGE][INFO] - Smart Wait Function is triggered

2023-11-23 14:57:36 - [MESSAGE][INFO] - Smart Wait Function is triggered

2023-11-23 14:57:37 - [MESSAGE][INFO] - Smart Wait Function is triggered

2023-11-23 14:57:37 - [MESSAGE][INFO] - Smart Wait Function is triggered

2023-11-23 14:57:37 - [MESSAGE][INFO] - Smart Wait Function is triggered

2023-11-23 14:57:37 - [MESSAGE][INFO] - Smart Wait Function is triggered

2023-11-23 14:57:37 - [MESSAGE][INFO] - Smart Wait Function is triggered

2023-11-23 14:57:37 - [MESSAGE][INFO] - Smart Wait Function is triggered

2023-11-23 14:57:37 - [MESSAGE][INFO] - Smart Wait Function is triggered

2023-11-23 14:57:37 - [MESSAGE][INFO] - Smart Wait Function is triggered

2023-11-23 14:57:37 - [MESSAGE][INFO] - Smart Wait Function is triggered

2023-11-23 14:57:37 - [MESSAGE][INFO] - Smart Wait Function is triggered

2023-11-23 14:57:37 - [MESSAGE][INFO] - Smart Wait Function is triggered

2023-11-23 14:57:37 - [MESSAGE][INFO] - Smart Wait Function is triggered

2023-11-23 14:57:37 - [MESSAGE][INFO] - Smart Wait Function is triggered

2023-11-23 14:57:37 - [MESSAGE][INFO] - Smart Wait Function is triggered

2023-11-23 14:57:37 - [MESSAGE][INFO] - Smart Wait Function is triggered

2023-11-23 14:57:37 - [MESSAGE][INFO] - Smart Wait Function is triggered

2023-11-23 14:57:37 - [MESSAGE][INFO] - Smart Wait Function is triggered

2023-11-23 14:57:37 - [MESSAGE][INFO] - Smart Wait Function is triggered

2023-11-23 14:57:37 - [MESSAGE][INFO] - Smart Wait Function is triggered

2023-11-23 14:57:37 - [MESSAGE][INFO] - Smart Wait Function is triggered

2023-11-23 14:57:37 - [MESSAGE][INFO] - Smart Wait Function is triggered

2023-11-23 14:57:37 - [MESSAGE][INFO] - Smart Wait Function is triggered

2023-11-23 14:57:37 - [MESSAGE][INFO] - Smart Wait Function is triggered

2023-11-23 14:57:37 - [MESSAGE][INFO] - Smart Wait Function is triggered

2023-11-23 14:57:37 - [MESSAGE][INFO] - Smart Wait Function is triggered

2023-11-23 14:57:37 - [MESSAGE][INFO] - Smart Wait Function is triggered

2023-11-23 14:57:37 - [MESSAGE][INFO] - Smart Wait Function is triggered

2023-11-23 14:57:37 - [MESSAGE][INFO] - Smart Wait Function is triggered

2023-11-23 14:57:37 - [MESSAGE][INFO] - Smart Wait Function is triggered

2023-11-23 14:57:38 - [MESSAGE][INFO] - Smart Wait Function is triggered

2023-11-23 14:57:38 - [MESSAGE][INFO] - Smart Wait Function is triggered

2023-11-23 14:57:38 - [MESSAGE][INFO] - Smart Wait Function is triggered

2023-11-23 14:57:38 - [MESSAGE][INFO] - Smart Wait Function is triggered

2023-11-23 14:57:38 - [MESSAGE][INFO] - Smart Wait Function is triggered

2023-11-23 14:57:38 - [MESSAGE][INFO] - Smart Wait Function is triggered

2023-11-23 14:57:38 - [MESSAGE][INFO] - Smart Wait Function is triggered

2023-11-23 14:57:38 - [MESSAGE][INFO] - Smart Wait Function is triggered

2023-11-23 14:57:38 - [MESSAGE][INFO] - Smart Wait Function is triggered

2023-11-23 14:57:38 - [MESSAGE][INFO] - Smart Wait Function is triggered

2023-11-23 14:57:38 - [MESSAGE][INFO] - Smart Wait Function is triggered

2023-11-23 14:57:38 - [MESSAGE][INFO] - Smart Wait Function is triggered

2023-11-23 14:57:38 - [MESSAGE][INFO] - Smart Wait Function is triggered

2023-11-23 14:57:38 - [MESSAGE][INFO] - Smart Wait Function is triggered

2023-11-23 14:57:38 - [MESSAGE][INFO] - Smart Wait Function is triggered

2023-11-23 14:57:38 - [MESSAGE][INFO] - Smart Wait Function is triggered

2023-11-23 14:57:38 - [MESSAGE][INFO] - Smart Wait Function is triggered

2023-11-23 14:57:38 - [MESSAGE][INFO] - Smart Wait Function is triggered

2023-11-23 14:57:38 - [MESSAGE][INFO] - Smart Wait Function is triggered

2023-11-23 14:57:38 - [MESSAGE][INFO] - Smart Wait Function is triggered

2023-11-23 14:57:38 - [MESSAGE][INFO] - Smart Wait Function is triggered

2023-11-23 14:57:38 - [MESSAGE][INFO] - Smart Wait Function is triggered

2023-11-23 14:57:38 - [MESSAGE][INFO] - Smart Wait Function is triggered

2023-11-23 14:57:38 - [MESSAGE][INFO] - Smart Wait Function is triggered

2023-11-23 14:57:38 - [MESSAGE][INFO] - Smart Wait Function is triggered

2023-11-23 14:57:38 - [MESSAGE][INFO] - Smart Wait Function is triggered

2023-11-23 14:57:38 - [MESSAGE][INFO] - Smart Wait Function is triggered

2023-11-23 14:57:38 - [MESSAGE][INFO] - Smart Wait Function is triggered

2023-11-23 14:57:38 - [MESSAGE][INFO] - Smart Wait Function is triggered

2023-11-23 14:57:38 - [MESSAGE][INFO] - Smart Wait Function is triggered

2023-11-23 14:57:38 - [MESSAGE][INFO] - Smart Wait Function is triggered

2023-11-23 14:57:38 - [MESSAGE][INFO] - Smart Wait Function is triggered

2023-11-23 14:57:39 - [MESSAGE][INFO] - Smart Wait Function is triggered

2023-11-23 14:57:39 - [MESSAGE][INFO] - Smart Wait Function is triggered

2023-11-23 14:57:39 - [MESSAGE][INFO] - Smart Wait Function is triggered

2023-11-23 14:57:39 - [MESSAGE][INFO] - Smart Wait Function is triggered

2023-11-23 14:57:39 - [MESSAGE][INFO] - Smart Wait Function is triggered

2023-11-23 14:57:39 - [MESSAGE][INFO] - Smart Wait Function is triggered

2023-11-23 14:57:39 - [MESSAGE][INFO] - Smart Wait Function is triggered

2023-11-23 14:57:39 - [MESSAGE][INFO] - Smart Wait Function is triggered

2023-11-23 14:57:39 - [MESSAGE][INFO] - Smart Wait Function is triggered

2023-11-23 14:57:39 - [MESSAGE][INFO] - Smart Wait Function is triggered

2023-11-23 14:57:39 - [MESSAGE][INFO] - Smart Wait Function is triggered

2023-11-23 14:57:39 - [MESSAGE][INFO] - Smart Wait Function is triggered

2023-11-23 14:57:39 - [MESSAGE][INFO] - Smart Wait Function is triggered

2023-11-23 14:57:39 - [MESSAGE][INFO] - Smart Wait Function is triggered

2023-11-23 14:57:39 - [MESSAGE][INFO] - Smart Wait Function is triggered

2023-11-23 14:57:39 - [MESSAGE][INFO] - Smart Wait Function is triggered

2023-11-23 14:57:39 - [MESSAGE][INFO] - Smart Wait Function is triggered

2023-11-23 14:57:39 - [MESSAGE][INFO] - Smart Wait Function is triggered

2023-11-23 14:57:39 - [MESSAGE][INFO] - Unable to find the element located by 'By.xpath: //p'. Please recheck the objects properties to make sure the desired element is located. 

2023-11-23 14:57:39 - [MESSAGE][WARNING] - Web element with id: 'Object Repository/Connexion Usager/lbl_CertainesInformationsSaisiesSontIncorrectes' located by '//p' not found (Root cause: com.kms.katalon.core.exception.StepFailedException: Web element with id: 'Object Repository/Connexion Usager/lbl_CertainesInformationsSaisiesSontIncorrectes' located by '//p' not found
	at com.kms.katalon.core.webui.keyword.internal.WebUIKeywordMain.stepFailed(WebUIKeywordMain.groovy:64)
	at com.kms.katalon.core.webui.keyword.builtin.VerifyElementVisibleKeyword$_verifyElementVisible_closure1.doCall(VerifyElementVisibleKeyword.groovy:89)
	at com.kms.katalon.core.webui.keyword.builtin.VerifyElementVisibleKeyword$_verifyElementVisible_closure1.call(VerifyElementVisibleKeyword.groovy)
	at com.kms.katalon.core.webui.keyword.internal.WebUIKeywordMain.runKeyword(WebUIKeywordMain.groovy:20)
	at com.kms.katalon.core.webui.keyword.builtin.VerifyElementVisibleKeyword.verifyElementVisible(VerifyElementVisibleKeyword.groovy:97)
	at com.kms.katalon.core.webui.keyword.builtin.VerifyElementVisibleKeyword.execute(VerifyElementVisibleKeyword.groovy:67)
	at com.kms.katalon.core.keyword.internal.KeywordExecutor.executeKeywordForPlatform(KeywordExecutor.groovy:74)
	at com.kms.katalon.core.webui.keyword.WebUiBuiltInKeywords.verifyElementVisible(WebUiBuiltInKeywords.groovy:362)
	at com.kazurayam.ksbackyard.HighlightElement$_pandemic_closure1.doCall(HighlightElement.groovy:105)
	at VerificationCertainesInformationsSontIncorrectes.run(VerificationCertainesInformationsSontIncorrectes:85)
	at com.kms.katalon.core.main.ScriptEngine.run(ScriptEngine.java:194)
	at com.kms.katalon.core.main.ScriptEngine.runScriptAsRawText(ScriptEngine.java:119)
	at com.kms.katalon.core.main.TestCaseExecutor.runScript(TestCaseExecutor.java:448)
	at com.kms.katalon.core.main.TestCaseExecutor.doExecute(TestCaseExecutor.java:439)
	at com.kms.katalon.core.main.TestCaseExecutor.processExecutionPhase(TestCaseExecutor.java:418)
	at com.kms.katalon.core.main.TestCaseExecutor.accessMainPhase(TestCaseExecutor.java:410)
	at com.kms.katalon.core.main.TestCaseExecutor.execute(TestCaseExecutor.java:285)
	at com.kms.katalon.core.main.TestCaseMain.runTestCase(TestCaseMain.java:144)
	at com.kms.katalon.core.keyword.builtin.CallTestCaseKeyword$_callTestCase_closure1.doCall(CallTestCaseKeyword.groovy:59)
	at com.kms.katalon.core.keyword.builtin.CallTestCaseKeyword$_callTestCase_closure1.call(CallTestCaseKeyword.groovy)
	at com.kms.katalon.core.keyword.internal.KeywordMain.runKeyword(KeywordMain.groovy:75)
	at com.kms.katalon.core.keyword.builtin.CallTestCaseKeyword.callTestCase(CallTestCaseKeyword.groovy:81)
	at com.kms.katalon.core.keyword.builtin.CallTestCaseKeyword.execute(CallTestCaseKeyword.groovy:44)
	at com.kms.katalon.core.keyword.internal.KeywordExecutor.executeKeywordForPlatform(KeywordExecutor.groovy:74)
	at com.kms.katalon.core.keyword.BuiltinKeywords.callTestCase(BuiltinKeywords.groovy:310)
	at com.kazurayam.ksbackyard.HighlightElement$_pandemic_closure1.doCall(HighlightElement.groovy:105)
	at Creer Votre Compte.run(Creer Votre Compte:109)
	at com.kms.katalon.core.main.ScriptEngine.run(ScriptEngine.java:194)
	at com.kms.katalon.core.main.ScriptEngine.runScriptAsRawText(ScriptEngine.java:119)
	at com.kms.katalon.core.main.TestCaseExecutor.runScript(TestCaseExecutor.java:448)
	at com.kms.katalon.core.main.TestCaseExecutor.doExecute(TestCaseExecutor.java:439)
	at com.kms.katalon.core.main.TestCaseExecutor.processExecutionPhase(TestCaseExecutor.java:418)
	at com.kms.katalon.core.main.TestCaseExecutor.accessMainPhase(TestCaseExecutor.java:410)
	at com.kms.katalon.core.main.TestCaseExecutor.execute(TestCaseExecutor.java:285)
	at com.kms.katalon.core.main.TestCaseMain.runTestCase(TestCaseMain.java:144)
	at com.kms.katalon.core.keyword.builtin.CallTestCaseKeyword$_callTestCase_closure1.doCall(CallTestCaseKeyword.groovy:59)
	at com.kms.katalon.core.keyword.builtin.CallTestCaseKeyword$_callTestCase_closure1.call(CallTestCaseKeyword.groovy)
	at com.kms.katalon.core.keyword.internal.KeywordMain.runKeyword(KeywordMain.groovy:75)
	at com.kms.katalon.core.keyword.builtin.CallTestCaseKeyword.callTestCase(CallTestCaseKeyword.groovy:81)
	at com.kms.katalon.core.keyword.builtin.CallTestCaseKeyword.execute(CallTestCaseKeyword.groovy:44)
	at com.kms.katalon.core.keyword.internal.KeywordExecutor.executeKeywordForPlatform(KeywordExecutor.groovy:74)
	at com.kms.katalon.core.keyword.BuiltinKeywords.callTestCase(BuiltinKeywords.groovy:310)
	at com.kazurayam.ksbackyard.HighlightElement$_pandemic_closure1.doCall(HighlightElement.groovy:105)
	at TNR R.TSPT Supp90-Etudiant.run(TNR R.TSPT Supp90-Etudiant:30)
	at com.kms.katalon.core.main.ScriptEngine.run(ScriptEngine.java:194)
	at com.kms.katalon.core.main.ScriptEngine.runScriptAsRawText(ScriptEngine.java:119)
	at com.kms.katalon.core.main.TestCaseExecutor.runScript(TestCaseExecutor.java:448)
	at com.kms.katalon.core.main.TestCaseExecutor.doExecute(TestCaseExecutor.java:439)
	at com.kms.katalon.core.main.TestCaseExecutor.processExecutionPhase(TestCaseExecutor.java:418)
	at com.kms.katalon.core.main.TestCaseExecutor.accessMainPhase(TestCaseExecutor.java:410)
	at com.kms.katalon.core.main.TestCaseExecutor.execute(TestCaseExecutor.java:285)
	at com.kms.katalon.core.common.CommonExecutor.accessTestCaseMainPhase(CommonExecutor.java:65)
	at com.kms.katalon.core.main.TestSuiteExecutor.accessTestSuiteMainPhase(TestSuiteExecutor.java:148)
	at com.kms.katalon.core.main.TestSuiteExecutor.execute(TestSuiteExecutor.java:106)
	at com.kms.katalon.core.main.TestCaseMain.startTestSuite(TestCaseMain.java:187)
	at com.kms.katalon.core.main.TestCaseMain$startTestSuite$0.call(Unknown Source)
	at TempTestSuite1700747757013.run(TempTestSuite1700747757013.groovy:36)
)
[[ATTACHMENT|C:\\Users\\ISSAM.RHARBAOUI\\git\\22_11\\ANEF-AutomatizationProject\\Reports\\20231123_145557\\TS_TNR_R.TSPT_Suppo90\\20231123_145557\\1700747859589.png]]

2023-11-23 14:57:39 - [TEST_STEP][PASSED] - if (MsgAlertPresent): null

2023-11-23 14:57:39 - [TEST_STEP][PASSED] - else: Vos informations ne sont pas associÃ©es Ã  un compte ==>> CrÃ©ation d'un nouveau Compte avec ces Informations.

2023-11-23 14:57:39 - [TEST_STEP][PASSED] - markPassed("Vos informations ne sont pas associÃ©es Ã  un compte ==>> CrÃ©ation d'un nouveau Compte avec ces Informations."): Vos informations ne sont pas associÃ©es Ã  un compte ==>> CrÃ©ation d'un nouveau Compte avec ces Informations.

2023-11-23 14:57:39 - [MESSAGE][PASSED] - Vos informations ne sont pas associÃ©es Ã  un compte ==>> CrÃ©ation d'un nouveau Compte avec ces Informations.

2023-11-23 14:57:39 - [TEST_STEP][PASSED] - waitForPageLoad(2): Wait for page load successfully

2023-11-23 14:57:39 - [MESSAGE][INFO] - Checking timeout

2023-11-23 14:57:39 - [MESSAGE][PASSED] - Wait for page load successfully

2023-11-23 14:57:39 - [MESSAGE][PASSED] - Call Test Case 'Test Cases/Test Reutilisable/Main/VerificationCertainesInformationsSontIncorrectes' successfully

2023-11-23 14:57:39 - [TEST_STEP][PASSED] - if (StopTestCase == true): null

2023-11-23 14:57:39 - [TEST_STEP][PASSED] - "VÃ©rification si le compte existe dÃ©jÃ (message Erreur : Il semblerait que vos informations soient dÃ©jÃ  associÃ©es Ã  un compte.)": null

2023-11-23 14:57:39 - [TEST_STEP][PASSED] - callTestCase(findTestCase("Test Cases/Test Reutilisable/Main/VerificationSiCompteExisteDeja"), [:], OPTIONAL): Call Test Case 'Test Cases/Test Reutilisable/Main/VerificationSiCompteExisteDeja' successfully

2023-11-23 14:57:39 - [MESSAGE][INFO] - Checking called Test Case

2023-11-23 14:57:39 - [MESSAGE][INFO] - Starting to call Test Case 'Test Cases/Test Reutilisable/Main/VerificationSiCompteExisteDeja'

2023-11-23 14:57:39 - [TEST_CASE][PASSED] - Test Cases/Test Reutilisable/Main/VerificationSiCompteExisteDeja: Test Cases/Test Reutilisable/Main/VerificationSiCompteExisteDeja

2023-11-23 14:57:41 - [TEST_STEP][PASSED] - "VÃ©rification si le compte existe dÃ©jÃ (message Erreur : Il semblerait que vos informations soient dÃ©jÃ  associÃ©es Ã  un compte.)": null

2023-11-23 14:57:41 - [TEST_STEP][PASSED] - delay(3): Delayed 3 second(s)

2023-11-23 14:57:41 - [MESSAGE][INFO] - Delaying browser in 3 second(s)

2023-11-23 14:57:44 - [MESSAGE][PASSED] - Delayed 3 second(s)

2023-11-23 14:57:44 - [TEST_STEP][PASSED] - StopTestCase = false: null

2023-11-23 14:57:44 - [TEST_STEP][PASSED] - MsgAlertPresent = verifyElementPresent(findTestObject("Object Repository/Connexion Usager/Verif_PopUpCompteExisteDeja"), 2, OPTIONAL): com.kms.katalon.core.webui.exception.WebElementNotFoundException: Web element with id: 'Object Repository/Connexion Usager/Verif_PopUpCompteExisteDeja' located by '/html/body/div[1]/div[1]/p[1]' not found (Root cause: com.kms.katalon.core.exception.StepFailedException: com.kms.katalon.core.webui.exception.WebElementNotFoundException: Web element with id: 'Object Repository/Connexion Usager/Verif_PopUpCompteExisteDeja' located by '/html/body/div[1]/div[1]/p[1]' not found
	at com.kms.katalon.core.webui.keyword.internal.WebUIKeywordMain.stepFailed(WebUIKeywordMain.groovy:64)
	at com.kms.katalon.core.webui.keyword.builtin.VerifyElementPresentKeyword$_verifyElementPresent_closure1.doCall(VerifyElementPresentKeyword.groovy:85)
	at com.kms.katalon.core.webui.keyword.builtin.VerifyElementPresentKeyword$_verifyElementPresent_closure1.call(VerifyElementPresentKeyword.groovy)
	at com.kms.katalon.core.webui.keyword.internal.WebUIKeywordMain.runKeyword(WebUIKeywordMain.groovy:20)
	at com.kms.katalon.core.webui.keyword.builtin.VerifyElementPresentKeyword.verifyElementPresent(VerifyElementPresentKeyword.groovy:92)
	at com.kms.katalon.core.webui.keyword.builtin.VerifyElementPresentKeyword.execute(VerifyElementPresentKeyword.groovy:68)
	at com.kms.katalon.core.keyword.internal.KeywordExecutor.executeKeywordForPlatform(KeywordExecutor.groovy:74)
	at com.kms.katalon.core.webui.keyword.WebUiBuiltInKeywords.verifyElementPresent(WebUiBuiltInKeywords.groovy:1448)
	at com.kazurayam.ksbackyard.HighlightElement$_pandemic_closure1.doCall(HighlightElement.groovy:105)
	at VerificationSiCompteExisteDeja.run(VerificationSiCompteExisteDeja:69)
	at com.kms.katalon.core.main.ScriptEngine.run(ScriptEngine.java:194)
	at com.kms.katalon.core.main.ScriptEngine.runScriptAsRawText(ScriptEngine.java:119)
	at com.kms.katalon.core.main.TestCaseExecutor.runScript(TestCaseExecutor.java:448)
	at com.kms.katalon.core.main.TestCaseExecutor.doExecute(TestCaseExecutor.java:439)
	at com.kms.katalon.core.main.TestCaseExecutor.processExecutionPhase(TestCaseExecutor.java:418)
	at com.kms.katalon.core.main.TestCaseExecutor.accessMainPhase(TestCaseExecutor.java:410)
	at com.kms.katalon.core.main.TestCaseExecutor.execute(TestCaseExecutor.java:285)
	at com.kms.katalon.core.main.TestCaseMain.runTestCase(TestCaseMain.java:144)
	at com.kms.katalon.core.keyword.builtin.CallTestCaseKeyword$_callTestCase_closure1.doCall(CallTestCaseKeyword.groovy:59)
	at com.kms.katalon.core.keyword.builtin.CallTestCaseKeyword$_callTestCase_closure1.call(CallTestCaseKeyword.groovy)
	at com.kms.katalon.core.keyword.internal.KeywordMain.runKeyword(KeywordMain.groovy:75)
	at com.kms.katalon.core.keyword.builtin.CallTestCaseKeyword.callTestCase(CallTestCaseKeyword.groovy:81)
	at com.kms.katalon.core.keyword.builtin.CallTestCaseKeyword.execute(CallTestCaseKeyword.groovy:44)
	at com.kms.katalon.core.keyword.internal.KeywordExecutor.executeKeywordForPlatform(KeywordExecutor.groovy:74)
	at com.kms.katalon.core.keyword.BuiltinKeywords.callTestCase(BuiltinKeywords.groovy:310)
	at com.kazurayam.ksbackyard.HighlightElement$_pandemic_closure1.doCall(HighlightElement.groovy:105)
	at Creer Votre Compte.run(Creer Votre Compte:117)
	at com.kms.katalon.core.main.ScriptEngine.run(ScriptEngine.java:194)
	at com.kms.katalon.core.main.ScriptEngine.runScriptAsRawText(ScriptEngine.java:119)
	at com.kms.katalon.core.main.TestCaseExecutor.runScript(TestCaseExecutor.java:448)
	at com.kms.katalon.core.main.TestCaseExecutor.doExecute(TestCaseExecutor.java:439)
	at com.kms.katalon.core.main.TestCaseExecutor.processExecutionPhase(TestCaseExecutor.java:418)
	at com.kms.katalon.core.main.TestCaseExecutor.accessMainPhase(TestCaseExecutor.java:410)
	at com.kms.katalon.core.main.TestCaseExecutor.execute(TestCaseExecutor.java:285)
	at com.kms.katalon.core.main.TestCaseMain.runTestCase(TestCaseMain.java:144)
	at com.kms.katalon.core.keyword.builtin.CallTestCaseKeyword$_callTestCase_closure1.doCall(CallTestCaseKeyword.groovy:59)
	at com.kms.katalon.core.keyword.builtin.CallTestCaseKeyword$_callTestCase_closure1.call(CallTestCaseKeyword.groovy)
	at com.kms.katalon.core.keyword.internal.KeywordMain.runKeyword(KeywordMain.groovy:75)
	at com.kms.katalon.core.keyword.builtin.CallTestCaseKeyword.callTestCase(CallTestCaseKeyword.groovy:81)
	at com.kms.katalon.core.keyword.builtin.CallTestCaseKeyword.execute(CallTestCaseKeyword.groovy:44)
	at com.kms.katalon.core.keyword.internal.KeywordExecutor.executeKeywordForPlatform(KeywordExecutor.groovy:74)
	at com.kms.katalon.core.keyword.BuiltinKeywords.callTestCase(BuiltinKeywords.groovy:310)
	at com.kazurayam.ksbackyard.HighlightElement$_pandemic_closure1.doCall(HighlightElement.groovy:105)
	at TNR R.TSPT Supp90-Etudiant.run(TNR R.TSPT Supp90-Etudiant:30)
	at com.kms.katalon.core.main.ScriptEngine.run(ScriptEngine.java:194)
	at com.kms.katalon.core.main.ScriptEngine.runScriptAsRawText(ScriptEngine.java:119)
	at com.kms.katalon.core.main.TestCaseExecutor.runScript(TestCaseExecutor.java:448)
	at com.kms.katalon.core.main.TestCaseExecutor.doExecute(TestCaseExecutor.java:439)
	at com.kms.katalon.core.main.TestCaseExecutor.processExecutionPhase(TestCaseExecutor.java:418)
	at com.kms.katalon.core.main.TestCaseExecutor.accessMainPhase(TestCaseExecutor.java:410)
	at com.kms.katalon.core.main.TestCaseExecutor.execute(TestCaseExecutor.java:285)
	at com.kms.katalon.core.common.CommonExecutor.accessTestCaseMainPhase(CommonExecutor.java:65)
	at com.kms.katalon.core.main.TestSuiteExecutor.accessTestSuiteMainPhase(TestSuiteExecutor.java:148)
	at com.kms.katalon.core.main.TestSuiteExecutor.execute(TestSuiteExecutor.java:106)
	at com.kms.katalon.core.main.TestCaseMain.startTestSuite(TestCaseMain.java:187)
	at com.kms.katalon.core.main.TestCaseMain$startTestSuite$0.call(Unknown Source)
	at TempTestSuite1700747757013.run(TempTestSuite1700747757013.groovy:36)
)

2023-11-23 14:57:44 - [MESSAGE][INFO] - Finding Test Object 'Object Repository/Connexion Usager/Verif_PopUpCompteExisteDeja'

2023-11-23 14:57:44 - [MESSAGE][INFO] - Checking object

2023-11-23 14:57:44 - [MESSAGE][INFO] - Finding web element from Test Object's properties

2023-11-23 14:57:44 - [MESSAGE][INFO] - Checking timeout

2023-11-23 14:57:44 - [MESSAGE][INFO] - Finding web element with id: 'Object Repository/Connexion Usager/Verif_PopUpCompteExisteDeja' located by 'By.xpath: /html/body/div[1]/div[1]/p[1]' in '2' second(s)

2023-11-23 14:57:44 - [MESSAGE][INFO] - Smart Wait Function is triggered

2023-11-23 14:57:44 - [MESSAGE][INFO] - Smart Wait Function is triggered

2023-11-23 14:57:44 - [MESSAGE][INFO] - Smart Wait Function is triggered

2023-11-23 14:57:44 - [MESSAGE][INFO] - Smart Wait Function is triggered

2023-11-23 14:57:44 - [MESSAGE][INFO] - Smart Wait Function is triggered

2023-11-23 14:57:44 - [MESSAGE][INFO] - Smart Wait Function is triggered

2023-11-23 14:57:44 - [MESSAGE][INFO] - Smart Wait Function is triggered

2023-11-23 14:57:44 - [MESSAGE][INFO] - Smart Wait Function is triggered

2023-11-23 14:57:44 - [MESSAGE][INFO] - Smart Wait Function is triggered

2023-11-23 14:57:44 - [MESSAGE][INFO] - Smart Wait Function is triggered

2023-11-23 14:57:44 - [MESSAGE][INFO] - Smart Wait Function is triggered

2023-11-23 14:57:44 - [MESSAGE][INFO] - Smart Wait Function is triggered

2023-11-23 14:57:45 - [MESSAGE][INFO] - Smart Wait Function is triggered

2023-11-23 14:57:45 - [MESSAGE][INFO] - Smart Wait Function is triggered

2023-11-23 14:57:45 - [MESSAGE][INFO] - Smart Wait Function is triggered

2023-11-23 14:57:45 - [MESSAGE][INFO] - Smart Wait Function is triggered

2023-11-23 14:57:45 - [MESSAGE][INFO] - Smart Wait Function is triggered

2023-11-23 14:57:45 - [MESSAGE][INFO] - Smart Wait Function is triggered

2023-11-23 14:57:45 - [MESSAGE][INFO] - Smart Wait Function is triggered

2023-11-23 14:57:45 - [MESSAGE][INFO] - Smart Wait Function is triggered

2023-11-23 14:57:45 - [MESSAGE][INFO] - Smart Wait Function is triggered

2023-11-23 14:57:45 - [MESSAGE][INFO] - Smart Wait Function is triggered

2023-11-23 14:57:45 - [MESSAGE][INFO] - Smart Wait Function is triggered

2023-11-23 14:57:45 - [MESSAGE][INFO] - Smart Wait Function is triggered

2023-11-23 14:57:45 - [MESSAGE][INFO] - Smart Wait Function is triggered

2023-11-23 14:57:45 - [MESSAGE][INFO] - Smart Wait Function is triggered

2023-11-23 14:57:45 - [MESSAGE][INFO] - Smart Wait Function is triggered

2023-11-23 14:57:45 - [MESSAGE][INFO] - Smart Wait Function is triggered

2023-11-23 14:57:45 - [MESSAGE][INFO] - Smart Wait Function is triggered

2023-11-23 14:57:45 - [MESSAGE][INFO] - Smart Wait Function is triggered

2023-11-23 14:57:45 - [MESSAGE][INFO] - Smart Wait Function is triggered

2023-11-23 14:57:45 - [MESSAGE][INFO] - Smart Wait Function is triggered

2023-11-23 14:57:45 - [MESSAGE][INFO] - Smart Wait Function is triggered

2023-11-23 14:57:45 - [MESSAGE][INFO] - Smart Wait Function is triggered

2023-11-23 14:57:45 - [MESSAGE][INFO] - Smart Wait Function is triggered

2023-11-23 14:57:45 - [MESSAGE][INFO] - Smart Wait Function is triggered

2023-11-23 14:57:45 - [MESSAGE][INFO] - Smart Wait Function is triggered

2023-11-23 14:57:45 - [MESSAGE][INFO] - Smart Wait Function is triggered

2023-11-23 14:57:45 - [MESSAGE][INFO] - Smart Wait Function is triggered

2023-11-23 14:57:45 - [MESSAGE][INFO] - Smart Wait Function is triggered

2023-11-23 14:57:45 - [MESSAGE][INFO] - Smart Wait Function is triggered

2023-11-23 14:57:45 - [MESSAGE][INFO] - Smart Wait Function is triggered

2023-11-23 14:57:45 - [MESSAGE][INFO] - Smart Wait Function is triggered

2023-11-23 14:57:46 - [MESSAGE][INFO] - Smart Wait Function is triggered

2023-11-23 14:57:46 - [MESSAGE][INFO] - Smart Wait Function is triggered

2023-11-23 14:57:46 - [MESSAGE][INFO] - Smart Wait Function is triggered

2023-11-23 14:57:46 - [MESSAGE][INFO] - Smart Wait Function is triggered

2023-11-23 14:57:46 - [MESSAGE][INFO] - Smart Wait Function is triggered

2023-11-23 14:57:46 - [MESSAGE][INFO] - Smart Wait Function is triggered

2023-11-23 14:57:46 - [MESSAGE][INFO] - Smart Wait Function is triggered

2023-11-23 14:57:46 - [MESSAGE][INFO] - Smart Wait Function is triggered

2023-11-23 14:57:46 - [MESSAGE][INFO] - Smart Wait Function is triggered

2023-11-23 14:57:46 - [MESSAGE][INFO] - Smart Wait Function is triggered

2023-11-23 14:57:46 - [MESSAGE][INFO] - Smart Wait Function is triggered

2023-11-23 14:57:46 - [MESSAGE][INFO] - Smart Wait Function is triggered

2023-11-23 14:57:46 - [MESSAGE][INFO] - Smart Wait Function is triggered

2023-11-23 14:57:46 - [MESSAGE][INFO] - Smart Wait Function is triggered

2023-11-23 14:57:46 - [MESSAGE][INFO] - Smart Wait Function is triggered

2023-11-23 14:57:46 - [MESSAGE][INFO] - Smart Wait Function is triggered

2023-11-23 14:57:46 - [MESSAGE][INFO] - Smart Wait Function is triggered

2023-11-23 14:57:46 - [MESSAGE][INFO] - Smart Wait Function is triggered

2023-11-23 14:57:46 - [MESSAGE][INFO] - Smart Wait Function is triggered

2023-11-23 14:57:46 - [MESSAGE][INFO] - Smart Wait Function is triggered

2023-11-23 14:57:46 - [MESSAGE][INFO] - Smart Wait Function is triggered

2023-11-23 14:57:46 - [MESSAGE][INFO] - Smart Wait Function is triggered

2023-11-23 14:57:46 - [MESSAGE][INFO] - Smart Wait Function is triggered

2023-11-23 14:57:46 - [MESSAGE][INFO] - Smart Wait Function is triggered

2023-11-23 14:57:46 - [MESSAGE][INFO] - Smart Wait Function is triggered

2023-11-23 14:57:46 - [MESSAGE][INFO] - Smart Wait Function is triggered

2023-11-23 14:57:46 - [MESSAGE][INFO] - Smart Wait Function is triggered

2023-11-23 14:57:46 - [MESSAGE][INFO] - Smart Wait Function is triggered

2023-11-23 14:57:46 - [MESSAGE][INFO] - Smart Wait Function is triggered

2023-11-23 14:57:46 - [MESSAGE][INFO] - Smart Wait Function is triggered

2023-11-23 14:57:46 - [MESSAGE][INFO] - Smart Wait Function is triggered

2023-11-23 14:57:46 - [MESSAGE][INFO] - Smart Wait Function is triggered

2023-11-23 14:57:47 - [MESSAGE][INFO] - Smart Wait Function is triggered

2023-11-23 14:57:47 - [MESSAGE][INFO] - Smart Wait Function is triggered

2023-11-23 14:57:47 - [MESSAGE][INFO] - Smart Wait Function is triggered

2023-11-23 14:57:47 - [MESSAGE][INFO] - Smart Wait Function is triggered

2023-11-23 14:57:47 - [MESSAGE][INFO] - Smart Wait Function is triggered

2023-11-23 14:57:47 - [MESSAGE][INFO] - Smart Wait Function is triggered

2023-11-23 14:57:47 - [MESSAGE][INFO] - Smart Wait Function is triggered

2023-11-23 14:57:47 - [MESSAGE][INFO] - Smart Wait Function is triggered

2023-11-23 14:57:47 - [MESSAGE][INFO] - Smart Wait Function is triggered

2023-11-23 14:57:47 - [MESSAGE][INFO] - Smart Wait Function is triggered

2023-11-23 14:57:47 - [MESSAGE][INFO] - Smart Wait Function is triggered

2023-11-23 14:57:47 - [MESSAGE][INFO] - Smart Wait Function is triggered

2023-11-23 14:57:47 - [MESSAGE][INFO] - Smart Wait Function is triggered

2023-11-23 14:57:47 - [MESSAGE][INFO] - Smart Wait Function is triggered

2023-11-23 14:57:47 - [MESSAGE][INFO] - Smart Wait Function is triggered

2023-11-23 14:57:47 - [MESSAGE][INFO] - Smart Wait Function is triggered

2023-11-23 14:57:47 - [MESSAGE][INFO] - Smart Wait Function is triggered

2023-11-23 14:57:47 - [MESSAGE][INFO] - Smart Wait Function is triggered

2023-11-23 14:57:47 - [MESSAGE][INFO] - Smart Wait Function is triggered

2023-11-23 14:57:47 - [MESSAGE][INFO] - Smart Wait Function is triggered

2023-11-23 14:57:47 - [MESSAGE][INFO] - Unable to find the element located by 'By.xpath: /html/body/div[1]/div[1]/p[1]'. Please recheck the objects properties to make sure the desired element is located. 

2023-11-23 14:57:47 - [MESSAGE][WARNING] - com.kms.katalon.core.webui.exception.WebElementNotFoundException: Web element with id: 'Object Repository/Connexion Usager/Verif_PopUpCompteExisteDeja' located by '/html/body/div[1]/div[1]/p[1]' not found (Root cause: com.kms.katalon.core.exception.StepFailedException: com.kms.katalon.core.webui.exception.WebElementNotFoundException: Web element with id: 'Object Repository/Connexion Usager/Verif_PopUpCompteExisteDeja' located by '/html/body/div[1]/div[1]/p[1]' not found
	at com.kms.katalon.core.webui.keyword.internal.WebUIKeywordMain.stepFailed(WebUIKeywordMain.groovy:64)
	at com.kms.katalon.core.webui.keyword.builtin.VerifyElementPresentKeyword$_verifyElementPresent_closure1.doCall(VerifyElementPresentKeyword.groovy:85)
	at com.kms.katalon.core.webui.keyword.builtin.VerifyElementPresentKeyword$_verifyElementPresent_closure1.call(VerifyElementPresentKeyword.groovy)
	at com.kms.katalon.core.webui.keyword.internal.WebUIKeywordMain.runKeyword(WebUIKeywordMain.groovy:20)
	at com.kms.katalon.core.webui.keyword.builtin.VerifyElementPresentKeyword.verifyElementPresent(VerifyElementPresentKeyword.groovy:92)
	at com.kms.katalon.core.webui.keyword.builtin.VerifyElementPresentKeyword.execute(VerifyElementPresentKeyword.groovy:68)
	at com.kms.katalon.core.keyword.internal.KeywordExecutor.executeKeywordForPlatform(KeywordExecutor.groovy:74)
	at com.kms.katalon.core.webui.keyword.WebUiBuiltInKeywords.verifyElementPresent(WebUiBuiltInKeywords.groovy:1448)
	at com.kazurayam.ksbackyard.HighlightElement$_pandemic_closure1.doCall(HighlightElement.groovy:105)
	at VerificationSiCompteExisteDeja.run(VerificationSiCompteExisteDeja:69)
	at com.kms.katalon.core.main.ScriptEngine.run(ScriptEngine.java:194)
	at com.kms.katalon.core.main.ScriptEngine.runScriptAsRawText(ScriptEngine.java:119)
	at com.kms.katalon.core.main.TestCaseExecutor.runScript(TestCaseExecutor.java:448)
	at com.kms.katalon.core.main.TestCaseExecutor.doExecute(TestCaseExecutor.java:439)
	at com.kms.katalon.core.main.TestCaseExecutor.processExecutionPhase(TestCaseExecutor.java:418)
	at com.kms.katalon.core.main.TestCaseExecutor.accessMainPhase(TestCaseExecutor.java:410)
	at com.kms.katalon.core.main.TestCaseExecutor.execute(TestCaseExecutor.java:285)
	at com.kms.katalon.core.main.TestCaseMain.runTestCase(TestCaseMain.java:144)
	at com.kms.katalon.core.keyword.builtin.CallTestCaseKeyword$_callTestCase_closure1.doCall(CallTestCaseKeyword.groovy:59)
	at com.kms.katalon.core.keyword.builtin.CallTestCaseKeyword$_callTestCase_closure1.call(CallTestCaseKeyword.groovy)
	at com.kms.katalon.core.keyword.internal.KeywordMain.runKeyword(KeywordMain.groovy:75)
	at com.kms.katalon.core.keyword.builtin.CallTestCaseKeyword.callTestCase(CallTestCaseKeyword.groovy:81)
	at com.kms.katalon.core.keyword.builtin.CallTestCaseKeyword.execute(CallTestCaseKeyword.groovy:44)
	at com.kms.katalon.core.keyword.internal.KeywordExecutor.executeKeywordForPlatform(KeywordExecutor.groovy:74)
	at com.kms.katalon.core.keyword.BuiltinKeywords.callTestCase(BuiltinKeywords.groovy:310)
	at com.kazurayam.ksbackyard.HighlightElement$_pandemic_closure1.doCall(HighlightElement.groovy:105)
	at Creer Votre Compte.run(Creer Votre Compte:117)
	at com.kms.katalon.core.main.ScriptEngine.run(ScriptEngine.java:194)
	at com.kms.katalon.core.main.ScriptEngine.runScriptAsRawText(ScriptEngine.java:119)
	at com.kms.katalon.core.main.TestCaseExecutor.runScript(TestCaseExecutor.java:448)
	at com.kms.katalon.core.main.TestCaseExecutor.doExecute(TestCaseExecutor.java:439)
	at com.kms.katalon.core.main.TestCaseExecutor.processExecutionPhase(TestCaseExecutor.java:418)
	at com.kms.katalon.core.main.TestCaseExecutor.accessMainPhase(TestCaseExecutor.java:410)
	at com.kms.katalon.core.main.TestCaseExecutor.execute(TestCaseExecutor.java:285)
	at com.kms.katalon.core.main.TestCaseMain.runTestCase(TestCaseMain.java:144)
	at com.kms.katalon.core.keyword.builtin.CallTestCaseKeyword$_callTestCase_closure1.doCall(CallTestCaseKeyword.groovy:59)
	at com.kms.katalon.core.keyword.builtin.CallTestCaseKeyword$_callTestCase_closure1.call(CallTestCaseKeyword.groovy)
	at com.kms.katalon.core.keyword.internal.KeywordMain.runKeyword(KeywordMain.groovy:75)
	at com.kms.katalon.core.keyword.builtin.CallTestCaseKeyword.callTestCase(CallTestCaseKeyword.groovy:81)
	at com.kms.katalon.core.keyword.builtin.CallTestCaseKeyword.execute(CallTestCaseKeyword.groovy:44)
	at com.kms.katalon.core.keyword.internal.KeywordExecutor.executeKeywordForPlatform(KeywordExecutor.groovy:74)
	at com.kms.katalon.core.keyword.BuiltinKeywords.callTestCase(BuiltinKeywords.groovy:310)
	at com.kazurayam.ksbackyard.HighlightElement$_pandemic_closure1.doCall(HighlightElement.groovy:105)
	at TNR R.TSPT Supp90-Etudiant.run(TNR R.TSPT Supp90-Etudiant:30)
	at com.kms.katalon.core.main.ScriptEngine.run(ScriptEngine.java:194)
	at com.kms.katalon.core.main.ScriptEngine.runScriptAsRawText(ScriptEngine.java:119)
	at com.kms.katalon.core.main.TestCaseExecutor.runScript(TestCaseExecutor.java:448)
	at com.kms.katalon.core.main.TestCaseExecutor.doExecute(TestCaseExecutor.java:439)
	at com.kms.katalon.core.main.TestCaseExecutor.processExecutionPhase(TestCaseExecutor.java:418)
	at com.kms.katalon.core.main.TestCaseExecutor.accessMainPhase(TestCaseExecutor.java:410)
	at com.kms.katalon.core.main.TestCaseExecutor.execute(TestCaseExecutor.java:285)
	at com.kms.katalon.core.common.CommonExecutor.accessTestCaseMainPhase(CommonExecutor.java:65)
	at com.kms.katalon.core.main.TestSuiteExecutor.accessTestSuiteMainPhase(TestSuiteExecutor.java:148)
	at com.kms.katalon.core.main.TestSuiteExecutor.execute(TestSuiteExecutor.java:106)
	at com.kms.katalon.core.main.TestCaseMain.startTestSuite(TestCaseMain.java:187)
	at com.kms.katalon.core.main.TestCaseMain$startTestSuite$0.call(Unknown Source)
	at TempTestSuite1700747757013.run(TempTestSuite1700747757013.groovy:36)
)
[[ATTACHMENT|C:\\Users\\ISSAM.RHARBAOUI\\git\\22_11\\ANEF-AutomatizationProject\\Reports\\20231123_145557\\TS_TNR_R.TSPT_Suppo90\\20231123_145557\\1700747867655.png]]

2023-11-23 14:57:47 - [TEST_STEP][PASSED] - if (MsgAlertPresent): null

2023-11-23 14:57:47 - [TEST_STEP][PASSED] - else: Vos informations ne sont pas associÃ©es Ã  un compte ==>> CrÃ©ation d'un nouveau Compte avec ces Informations.

2023-11-23 14:57:47 - [TEST_STEP][PASSED] - markPassed("Vos informations ne sont pas associÃ©es Ã  un compte ==>> CrÃ©ation d'un nouveau Compte avec ces Informations."): Vos informations ne sont pas associÃ©es Ã  un compte ==>> CrÃ©ation d'un nouveau Compte avec ces Informations.

2023-11-23 14:57:47 - [MESSAGE][PASSED] - Vos informations ne sont pas associÃ©es Ã  un compte ==>> CrÃ©ation d'un nouveau Compte avec ces Informations.

2023-11-23 14:57:47 - [TEST_STEP][PASSED] - waitForPageLoad(2): Wait for page load successfully

2023-11-23 14:57:47 - [MESSAGE][INFO] - Checking timeout

2023-11-23 14:57:47 - [MESSAGE][PASSED] - Wait for page load successfully

2023-11-23 14:57:47 - [MESSAGE][PASSED] - Call Test Case 'Test Cases/Test Reutilisable/Main/VerificationSiCompteExisteDeja' successfully

2023-11-23 14:57:47 - [TEST_STEP][PASSED] - if (StopTestCase == true): null

2023-11-23 14:57:47 - [TEST_STEP][PASSED] - MonEmail = NumEtrangerVisa + "@yopmail.com": null

2023-11-23 14:57:47 - [TEST_STEP][PASSED] - delay(2): Delayed 2 second(s)

2023-11-23 14:57:47 - [MESSAGE][INFO] - Delaying browser in 2 second(s)

2023-11-23 14:57:49 - [MESSAGE][PASSED] - Delayed 2 second(s)

2023-11-23 14:57:49 - [TEST_STEP][PASSED] - setText(findTestObject("Object Repository/Connexion Usager/Input_Email"), MonEmail): Text '7703040872@yopmail.com' is set on object 'Object Repository/Connexion Usager/Input_Email'

2023-11-23 14:57:49 - [MESSAGE][INFO] - Finding Test Object 'Object Repository/Connexion Usager/Input_Email'

2023-11-23 14:57:49 - [MESSAGE][INFO] - Checking timeout

2023-11-23 14:57:49 - [MESSAGE][INFO] - Finding web element with id: 'Object Repository/Connexion Usager/Input_Email' located by 'By.xpath: //*/div/app-input[1]/div/div/input [@type = 'email']' in '20' second(s)

2023-11-23 14:57:49 - [MESSAGE][INFO] - Smart Wait Function is triggered

2023-11-23 14:57:50 - [MESSAGE][INFO] - Found 1 web elements with id: 'Object Repository/Connexion Usager/Input_Email' located by 'By.xpath: //*/div/app-input[1]/div/div/input [@type = 'email']' in '20' second(s)

2023-11-23 14:57:50 - [MESSAGE][INFO] - Checking object

2023-11-23 14:57:50 - [MESSAGE][INFO] - Checking text

2023-11-23 14:57:50 - [MESSAGE][INFO] - Finding web element from Test Object's properties

2023-11-23 14:57:50 - [MESSAGE][INFO] - Checking timeout

2023-11-23 14:57:50 - [MESSAGE][INFO] - Finding web element with id: 'Object Repository/Connexion Usager/Input_Email' located by 'By.xpath: //*/div/app-input[1]/div/div/input [@type = 'email']' in '5' second(s)

2023-11-23 14:57:50 - [MESSAGE][INFO] - Smart Wait Function is triggered

2023-11-23 14:57:50 - [MESSAGE][INFO] - Found 1 web elements with id: 'Object Repository/Connexion Usager/Input_Email' located by 'By.xpath: //*/div/app-input[1]/div/div/input [@type = 'email']' in '5' second(s)

2023-11-23 14:57:50 - [MESSAGE][INFO] - Clearing text of object 'Object Repository/Connexion Usager/Input_Email'

2023-11-23 14:57:52 - [MESSAGE][INFO] - Finding web element from Test Object's properties

2023-11-23 14:57:52 - [MESSAGE][INFO] - Checking timeout

2023-11-23 14:57:52 - [MESSAGE][INFO] - Finding web element with id: 'Object Repository/Connexion Usager/Input_Email' located by 'By.xpath: //*/div/app-input[1]/div/div/input [@type = 'email']' in '5' second(s)

2023-11-23 14:57:52 - [MESSAGE][INFO] - Smart Wait Function is triggered

2023-11-23 14:57:52 - [MESSAGE][INFO] - Found 1 web elements with id: 'Object Repository/Connexion Usager/Input_Email' located by 'By.xpath: //*/div/app-input[1]/div/div/input [@type = 'email']' in '5' second(s)

2023-11-23 14:57:52 - [MESSAGE][INFO] - Setting text of object 'Object Repository/Connexion Usager/Input_Email' to value '7703040872@yopmail.com'

2023-11-23 14:57:54 - [MESSAGE][PASSED] - Text '7703040872@yopmail.com' is set on object 'Object Repository/Connexion Usager/Input_Email'

2023-11-23 14:57:54 - [TEST_STEP][PASSED] - setText(findTestObject("Object Repository/Connexion Usager/Input_ConfirmeEmail"), MonEmail): Text '7703040872@yopmail.com' is set on object 'Object Repository/Connexion Usager/Input_ConfirmeEmail'

2023-11-23 14:57:54 - [MESSAGE][INFO] - Finding Test Object 'Object Repository/Connexion Usager/Input_ConfirmeEmail'

2023-11-23 14:57:54 - [MESSAGE][INFO] - Checking timeout

2023-11-23 14:57:54 - [MESSAGE][INFO] - Finding web element with id: 'Object Repository/Connexion Usager/Input_ConfirmeEmail' located by 'By.xpath: //*/div/app-input[2]/div/div/input [@type = 'email']' in '20' second(s)

2023-11-23 14:57:54 - [MESSAGE][INFO] - Smart Wait Function is triggered

2023-11-23 14:57:54 - [MESSAGE][INFO] - Found 1 web elements with id: 'Object Repository/Connexion Usager/Input_ConfirmeEmail' located by 'By.xpath: //*/div/app-input[2]/div/div/input [@type = 'email']' in '20' second(s)

2023-11-23 14:57:54 - [MESSAGE][INFO] - Checking object

2023-11-23 14:57:54 - [MESSAGE][INFO] - Checking text

2023-11-23 14:57:54 - [MESSAGE][INFO] - Finding web element from Test Object's properties

2023-11-23 14:57:54 - [MESSAGE][INFO] - Checking timeout

2023-11-23 14:57:54 - [MESSAGE][INFO] - Finding web element with id: 'Object Repository/Connexion Usager/Input_ConfirmeEmail' located by 'By.xpath: //*/div/app-input[2]/div/div/input [@type = 'email']' in '5' second(s)

2023-11-23 14:57:54 - [MESSAGE][INFO] - Smart Wait Function is triggered

2023-11-23 14:57:54 - [MESSAGE][INFO] - Found 1 web elements with id: 'Object Repository/Connexion Usager/Input_ConfirmeEmail' located by 'By.xpath: //*/div/app-input[2]/div/div/input [@type = 'email']' in '5' second(s)

2023-11-23 14:57:54 - [MESSAGE][INFO] - Clearing text of object 'Object Repository/Connexion Usager/Input_ConfirmeEmail'

2023-11-23 14:57:56 - [MESSAGE][INFO] - Finding web element from Test Object's properties

2023-11-23 14:57:56 - [MESSAGE][INFO] - Checking timeout

2023-11-23 14:57:56 - [MESSAGE][INFO] - Finding web element with id: 'Object Repository/Connexion Usager/Input_ConfirmeEmail' located by 'By.xpath: //*/div/app-input[2]/div/div/input [@type = 'email']' in '5' second(s)

2023-11-23 14:57:56 - [MESSAGE][INFO] - Smart Wait Function is triggered

2023-11-23 14:57:56 - [MESSAGE][INFO] - Found 1 web elements with id: 'Object Repository/Connexion Usager/Input_ConfirmeEmail' located by 'By.xpath: //*/div/app-input[2]/div/div/input [@type = 'email']' in '5' second(s)

2023-11-23 14:57:56 - [MESSAGE][INFO] - Setting text of object 'Object Repository/Connexion Usager/Input_ConfirmeEmail' to value '7703040872@yopmail.com'

2023-11-23 14:57:58 - [MESSAGE][PASSED] - Text '7703040872@yopmail.com' is set on object 'Object Repository/Connexion Usager/Input_ConfirmeEmail'

2023-11-23 14:57:58 - [TEST_STEP][PASSED] - click(findTestObject("Object Repository/Connexion Usager/span_btn_ValiderEmail")): Object: 'Object Repository/Connexion Usager/span_btn_ValiderEmail' is clicked on

2023-11-23 14:57:58 - [MESSAGE][INFO] - Finding Test Object 'Object Repository/Connexion Usager/span_btn_ValiderEmail'

2023-11-23 14:57:58 - [MESSAGE][INFO] - Checking timeout

2023-11-23 14:57:58 - [MESSAGE][INFO] - Finding web element with id: 'Object Repository/Connexion Usager/span_btn_ValiderEmail' located by 'By.xpath: //span[(text() = 'Valider' or . = 'Valider')]' in '20' second(s)

2023-11-23 14:57:58 - [MESSAGE][INFO] - Smart Wait Function is triggered

2023-11-23 14:57:58 - [MESSAGE][INFO] - Found 1 web elements with id: 'Object Repository/Connexion Usager/span_btn_ValiderEmail' located by 'By.xpath: //span[(text() = 'Valider' or . = 'Valider')]' in '20' second(s)

2023-11-23 14:57:58 - [MESSAGE][INFO] - Checking object

2023-11-23 14:57:58 - [MESSAGE][INFO] - Checking timeout

2023-11-23 14:57:58 - [MESSAGE][INFO] - Finding web element from Test Object's properties

2023-11-23 14:57:58 - [MESSAGE][INFO] - Checking timeout

2023-11-23 14:57:58 - [MESSAGE][INFO] - Finding web element with id: 'Object Repository/Connexion Usager/span_btn_ValiderEmail' located by 'By.xpath: //span[(text() = 'Valider' or . = 'Valider')]' in '5' second(s)

2023-11-23 14:57:58 - [MESSAGE][INFO] - Smart Wait Function is triggered

2023-11-23 14:57:58 - [MESSAGE][INFO] - Found 1 web elements with id: 'Object Repository/Connexion Usager/span_btn_ValiderEmail' located by 'By.xpath: //span[(text() = 'Valider' or . = 'Valider')]' in '5' second(s)

2023-11-23 14:57:58 - [MESSAGE][INFO] - Clicking on object: 'Object Repository/Connexion Usager/span_btn_ValiderEmail'

2023-11-23 14:58:00 - [MESSAGE][PASSED] - Object: 'Object Repository/Connexion Usager/span_btn_ValiderEmail' is clicked on

2023-11-23 14:58:00 - [TEST_STEP][PASSED] - delay(2): Delayed 2 second(s)

2023-11-23 14:58:00 - [MESSAGE][INFO] - Delaying browser in 2 second(s)

2023-11-23 14:58:02 - [MESSAGE][PASSED] - Delayed 2 second(s)

2023-11-23 14:58:02 - [TEST_STEP][PASSED] - click(findTestObject("Object Repository/Connexion Usager/btn_span_RetourAccueil")): Object: 'Object Repository/Connexion Usager/btn_span_RetourAccueil' is clicked on

2023-11-23 14:58:02 - [MESSAGE][INFO] - Finding Test Object 'Object Repository/Connexion Usager/btn_span_RetourAccueil'

2023-11-23 14:58:03 - [MESSAGE][INFO] - Checking timeout

2023-11-23 14:58:03 - [MESSAGE][INFO] - Finding web element with id: 'Object Repository/Connexion Usager/btn_span_RetourAccueil' located by 'By.xpath: (.//*[normalize-space(text()) and normalize-space(.)='CRÃATION DE COMPTE'])[1]/following::span[2]' in '20' second(s)

2023-11-23 14:58:03 - [MESSAGE][INFO] - Smart Wait Function is triggered

2023-11-23 14:58:03 - [MESSAGE][INFO] - Found 1 web elements with id: 'Object Repository/Connexion Usager/btn_span_RetourAccueil' located by 'By.xpath: (.//*[normalize-space(text()) and normalize-space(.)='CRÃATION DE COMPTE'])[1]/following::span[2]' in '20' second(s)

2023-11-23 14:58:03 - [MESSAGE][INFO] - Checking object

2023-11-23 14:58:03 - [MESSAGE][INFO] - Checking timeout

2023-11-23 14:58:03 - [MESSAGE][INFO] - Finding web element from Test Object's properties

2023-11-23 14:58:03 - [MESSAGE][INFO] - Checking timeout

2023-11-23 14:58:03 - [MESSAGE][INFO] - Finding web element with id: 'Object Repository/Connexion Usager/btn_span_RetourAccueil' located by 'By.xpath: (.//*[normalize-space(text()) and normalize-space(.)='CRÃATION DE COMPTE'])[1]/following::span[2]' in '5' second(s)

2023-11-23 14:58:03 - [MESSAGE][INFO] - Smart Wait Function is triggered

2023-11-23 14:58:03 - [MESSAGE][INFO] - Found 1 web elements with id: 'Object Repository/Connexion Usager/btn_span_RetourAccueil' located by 'By.xpath: (.//*[normalize-space(text()) and normalize-space(.)='CRÃATION DE COMPTE'])[1]/following::span[2]' in '5' second(s)

2023-11-23 14:58:03 - [MESSAGE][INFO] - Clicking on object: 'Object Repository/Connexion Usager/btn_span_RetourAccueil'

2023-11-23 14:58:05 - [MESSAGE][PASSED] - Object: 'Object Repository/Connexion Usager/btn_span_RetourAccueil' is clicked on

2023-11-23 14:58:05 - [TEST_STEP][PASSED] - delay(2): Delayed 2 second(s)

2023-11-23 14:58:05 - [MESSAGE][INFO] - Delaying browser in 2 second(s)

2023-11-23 14:58:07 - [MESSAGE][PASSED] - Delayed 2 second(s)

2023-11-23 14:58:07 - [TEST_STEP][PASSED] - tools.GetWebCookieByNamedCollected.GetWebCookie(): tools.GetWebCookieByNamedCollected.GetWebCookie is PASSED

2023-11-23 14:58:07 - [MESSAGE][PASSED] - tools.GetWebCookieByNamedCollected.GetWebCookie is PASSED

2023-11-23 14:58:07 - [TEST_STEP][PASSED] - if (EnvExec == "URL_ANEFQualif"): null

2023-11-23 14:58:07 - [TEST_STEP][PASSED] - if (EnvExec == "URL_ANEFPreProd"): Navigate to 'https://preprod.administration-etrangers-en-france.interieur.gouv.fr/particuliers/#/espace-personnel/inscription/mot-de-passe?token=eyJ0eXAiOiJKV1QiLCJhbGciOiJIUzI1NiJ9.eyJpYXQiOjE3MDA3NDc4NDUuNTkyMDYsImV4cCI6MTcwMDgzNDI0NS41OTIwNiwibG9naW4iOjQwMDI1MDY5LCJzdWIiOiJyZWdpc3RlciIsInVybF9wcmVmaXgiOiIvdXNhZ2VyIn0.MhqnnzOAaXW7yCOfJ6IZDahEufsgQNUHFm3_vNeVMzM' successfully

2023-11-23 14:58:07 - [TEST_STEP][PASSED] - URL_CreationMDP = URLpwPreProd + Token: null

2023-11-23 14:58:07 - [TEST_STEP][PASSED] - navigateToUrl(URL_CreationMDP): Navigate to 'https://preprod.administration-etrangers-en-france.interieur.gouv.fr/particuliers/#/espace-personnel/inscription/mot-de-passe?token=eyJ0eXAiOiJKV1QiLCJhbGciOiJIUzI1NiJ9.eyJpYXQiOjE3MDA3NDc4NDUuNTkyMDYsImV4cCI6MTcwMDgzNDI0NS41OTIwNiwibG9naW4iOjQwMDI1MDY5LCJzdWIiOiJyZWdpc3RlciIsInVybF9wcmVmaXgiOiIvdXNhZ2VyIn0.MhqnnzOAaXW7yCOfJ6IZDahEufsgQNUHFm3_vNeVMzM' successfully

2023-11-23 14:58:07 - [MESSAGE][INFO] - Checking url

2023-11-23 14:58:07 - [MESSAGE][INFO] - Navigating to 'https://preprod.administration-etrangers-en-france.interieur.gouv.fr/particuliers/#/espace-personnel/inscription/mot-de-passe?token=eyJ0eXAiOiJKV1QiLCJhbGciOiJIUzI1NiJ9.eyJpYXQiOjE3MDA3NDc4NDUuNTkyMDYsImV4cCI6MTcwMDgzNDI0NS41OTIwNiwibG9naW4iOjQwMDI1MDY5LCJzdWIiOiJyZWdpc3RlciIsInVybF9wcmVmaXgiOiIvdXNhZ2VyIn0.MhqnnzOAaXW7yCOfJ6IZDahEufsgQNUHFm3_vNeVMzM'

2023-11-23 14:58:09 - [MESSAGE][PASSED] - Navigate to 'https://preprod.administration-etrangers-en-france.interieur.gouv.fr/particuliers/#/espace-personnel/inscription/mot-de-passe?token=eyJ0eXAiOiJKV1QiLCJhbGciOiJIUzI1NiJ9.eyJpYXQiOjE3MDA3NDc4NDUuNTkyMDYsImV4cCI6MTcwMDgzNDI0NS41OTIwNiwibG9naW4iOjQwMDI1MDY5LCJzdWIiOiJyZWdpc3RlciIsInVybF9wcmVmaXgiOiIvdXNhZ2VyIn0.MhqnnzOAaXW7yCOfJ6IZDahEufsgQNUHFm3_vNeVMzM' successfully

2023-11-23 14:58:09 - [TEST_STEP][PASSED] - callTestCase(findTestCase("Test Reutilisable/Main/Verif_FormatNewPW"), [:], STOP_ON_FAILURE): Call Test Case 'Test Cases/Test Reutilisable/Main/Verif_FormatNewPW' successfully

2023-11-23 14:58:09 - [MESSAGE][INFO] - Checking called Test Case

2023-11-23 14:58:09 - [MESSAGE][INFO] - Starting to call Test Case 'Test Cases/Test Reutilisable/Main/Verif_FormatNewPW'

2023-11-23 14:58:09 - [TEST_CASE][PASSED] - Test Cases/Test Reutilisable/Main/Verif_FormatNewPW: Test Cases/Test Reutilisable/Main/Verif_FormatNewPW

2023-11-23 14:58:10 - [TEST_STEP][PASSED] - com.kazurayam.ksbackyard.HighlightElement.pandemic(): com.kazurayam.ksbackyard.HighlightElement.pandemic is PASSED

2023-11-23 14:58:10 - [MESSAGE][PASSED] - com.kazurayam.ksbackyard.HighlightElement.pandemic is PASSED

2023-11-23 14:58:10 - [TEST_STEP][PASSED] - println("CrÃ©er un mot de passe sans majuscule"): null

2023-11-23 14:58:10 - [TEST_STEP][PASSED] - setText(findTestObject("Object Repository/Connexion Usager/Input_Password"), "hhizaoui001!"): Text 'hhizaoui001!' is set on object 'Object Repository/Connexion Usager/Input_Password'

2023-11-23 14:58:10 - [MESSAGE][INFO] - Finding Test Object 'Object Repository/Connexion Usager/Input_Password'

2023-11-23 14:58:10 - [MESSAGE][INFO] - Checking timeout

2023-11-23 14:58:10 - [MESSAGE][INFO] - Finding web element with id: 'Object Repository/Connexion Usager/Input_Password' located by 'By.xpath: //*/app-input[1]/div/div/input [@type = 'password']' in '20' second(s)

2023-11-23 14:58:10 - [MESSAGE][INFO] - Smart Wait Function is triggered

2023-11-23 14:58:10 - [MESSAGE][INFO] - Found 1 web elements with id: 'Object Repository/Connexion Usager/Input_Password' located by 'By.xpath: //*/app-input[1]/div/div/input [@type = 'password']' in '20' second(s)

2023-11-23 14:58:10 - [MESSAGE][INFO] - Checking object

2023-11-23 14:58:10 - [MESSAGE][INFO] - Checking text

2023-11-23 14:58:10 - [MESSAGE][INFO] - Finding web element from Test Object's properties

2023-11-23 14:58:10 - [MESSAGE][INFO] - Checking timeout

2023-11-23 14:58:10 - [MESSAGE][INFO] - Finding web element with id: 'Object Repository/Connexion Usager/Input_Password' located by 'By.xpath: //*/app-input[1]/div/div/input [@type = 'password']' in '5' second(s)

2023-11-23 14:58:10 - [MESSAGE][INFO] - Smart Wait Function is triggered

2023-11-23 14:58:10 - [MESSAGE][INFO] - Found 1 web elements with id: 'Object Repository/Connexion Usager/Input_Password' located by 'By.xpath: //*/app-input[1]/div/div/input [@type = 'password']' in '5' second(s)

2023-11-23 14:58:10 - [MESSAGE][INFO] - Clearing text of object 'Object Repository/Connexion Usager/Input_Password'

2023-11-23 14:58:12 - [MESSAGE][INFO] - Finding web element from Test Object's properties

2023-11-23 14:58:12 - [MESSAGE][INFO] - Checking timeout

2023-11-23 14:58:12 - [MESSAGE][INFO] - Finding web element with id: 'Object Repository/Connexion Usager/Input_Password' located by 'By.xpath: //*/app-input[1]/div/div/input [@type = 'password']' in '5' second(s)

2023-11-23 14:58:12 - [MESSAGE][INFO] - Smart Wait Function is triggered

2023-11-23 14:58:12 - [MESSAGE][INFO] - Found 1 web elements with id: 'Object Repository/Connexion Usager/Input_Password' located by 'By.xpath: //*/app-input[1]/div/div/input [@type = 'password']' in '5' second(s)

2023-11-23 14:58:12 - [MESSAGE][INFO] - Setting text of object 'Object Repository/Connexion Usager/Input_Password' to value 'hhizaoui001!'

2023-11-23 14:58:14 - [MESSAGE][PASSED] - Text 'hhizaoui001!' is set on object 'Object Repository/Connexion Usager/Input_Password'

2023-11-23 14:58:14 - [TEST_STEP][PASSED] - setText(findTestObject("Object Repository/Connexion Usager/Input_ConfirmePassword"), "hhizaoui001!"): Text 'hhizaoui001!' is set on object 'Object Repository/Connexion Usager/Input_ConfirmePassword'

2023-11-23 14:58:14 - [MESSAGE][INFO] - Finding Test Object 'Object Repository/Connexion Usager/Input_ConfirmePassword'

2023-11-23 14:58:14 - [MESSAGE][INFO] - Checking timeout

2023-11-23 14:58:14 - [MESSAGE][INFO] - Finding web element with id: 'Object Repository/Connexion Usager/Input_ConfirmePassword' located by 'By.xpath: //*/app-input[2]/div/div/input [@type = 'password']' in '20' second(s)

2023-11-23 14:58:14 - [MESSAGE][INFO] - Smart Wait Function is triggered

2023-11-23 14:58:15 - [MESSAGE][INFO] - Found 1 web elements with id: 'Object Repository/Connexion Usager/Input_ConfirmePassword' located by 'By.xpath: //*/app-input[2]/div/div/input [@type = 'password']' in '20' second(s)

2023-11-23 14:58:15 - [MESSAGE][INFO] - Checking object

2023-11-23 14:58:15 - [MESSAGE][INFO] - Checking text

2023-11-23 14:58:15 - [MESSAGE][INFO] - Finding web element from Test Object's properties

2023-11-23 14:58:15 - [MESSAGE][INFO] - Checking timeout

2023-11-23 14:58:15 - [MESSAGE][INFO] - Finding web element with id: 'Object Repository/Connexion Usager/Input_ConfirmePassword' located by 'By.xpath: //*/app-input[2]/div/div/input [@type = 'password']' in '5' second(s)

2023-11-23 14:58:15 - [MESSAGE][INFO] - Smart Wait Function is triggered

2023-11-23 14:58:15 - [MESSAGE][INFO] - Found 1 web elements with id: 'Object Repository/Connexion Usager/Input_ConfirmePassword' located by 'By.xpath: //*/app-input[2]/div/div/input [@type = 'password']' in '5' second(s)

2023-11-23 14:58:15 - [MESSAGE][INFO] - Clearing text of object 'Object Repository/Connexion Usager/Input_ConfirmePassword'

2023-11-23 14:58:17 - [MESSAGE][INFO] - Finding web element from Test Object's properties

2023-11-23 14:58:17 - [MESSAGE][INFO] - Checking timeout

2023-11-23 14:58:17 - [MESSAGE][INFO] - Finding web element with id: 'Object Repository/Connexion Usager/Input_ConfirmePassword' located by 'By.xpath: //*/app-input[2]/div/div/input [@type = 'password']' in '5' second(s)

2023-11-23 14:58:17 - [MESSAGE][INFO] - Smart Wait Function is triggered

2023-11-23 14:58:17 - [MESSAGE][INFO] - Found 1 web elements with id: 'Object Repository/Connexion Usager/Input_ConfirmePassword' located by 'By.xpath: //*/app-input[2]/div/div/input [@type = 'password']' in '5' second(s)

2023-11-23 14:58:17 - [MESSAGE][INFO] - Setting text of object 'Object Repository/Connexion Usager/Input_ConfirmePassword' to value 'hhizaoui001!'

2023-11-23 14:58:19 - [MESSAGE][PASSED] - Text 'hhizaoui001!' is set on object 'Object Repository/Connexion Usager/Input_ConfirmePassword'

2023-11-23 14:58:19 - [TEST_STEP][PASSED] - click(findTestObject("Object Repository/Connexion Usager/btn_CreerMDP")): Object: 'Object Repository/Connexion Usager/btn_CreerMDP' is clicked on

2023-11-23 14:58:19 - [MESSAGE][INFO] - Finding Test Object 'Object Repository/Connexion Usager/btn_CreerMDP'

2023-11-23 14:58:19 - [MESSAGE][INFO] - Checking timeout

2023-11-23 14:58:19 - [MESSAGE][INFO] - Finding web element with id: 'Object Repository/Connexion Usager/btn_CreerMDP' located by 'By.xpath: //*/div/p-button/button [@type= 'button']' in '20' second(s)

2023-11-23 14:58:19 - [MESSAGE][INFO] - Smart Wait Function is triggered

2023-11-23 14:58:19 - [MESSAGE][INFO] - Found 1 web elements with id: 'Object Repository/Connexion Usager/btn_CreerMDP' located by 'By.xpath: //*/div/p-button/button [@type= 'button']' in '20' second(s)

2023-11-23 14:58:19 - [MESSAGE][INFO] - Checking object

2023-11-23 14:58:19 - [MESSAGE][INFO] - Checking timeout

2023-11-23 14:58:19 - [MESSAGE][INFO] - Finding web element from Test Object's properties

2023-11-23 14:58:19 - [MESSAGE][INFO] - Checking timeout

2023-11-23 14:58:19 - [MESSAGE][INFO] - Finding web element with id: 'Object Repository/Connexion Usager/btn_CreerMDP' located by 'By.xpath: //*/div/p-button/button [@type= 'button']' in '5' second(s)

2023-11-23 14:58:19 - [MESSAGE][INFO] - Smart Wait Function is triggered

2023-11-23 14:58:19 - [MESSAGE][INFO] - Found 1 web elements with id: 'Object Repository/Connexion Usager/btn_CreerMDP' located by 'By.xpath: //*/div/p-button/button [@type= 'button']' in '5' second(s)

2023-11-23 14:58:19 - [MESSAGE][INFO] - Clicking on object: 'Object Repository/Connexion Usager/btn_CreerMDP'

2023-11-23 14:58:21 - [MESSAGE][PASSED] - Object: 'Object Repository/Connexion Usager/btn_CreerMDP' is clicked on

2023-11-23 14:58:21 - [TEST_STEP][PASSED] - verifyElementPresent(findTestObject("Object Repository/Connexion Usager/div_MSG_FormatNonRespecte"), 1): Object 'Object Repository/Connexion Usager/div_MSG_FormatNonRespecte' is present

2023-11-23 14:58:21 - [MESSAGE][INFO] - Finding Test Object 'Object Repository/Connexion Usager/div_MSG_FormatNonRespecte'

2023-11-23 14:58:21 - [MESSAGE][INFO] - Checking object

2023-11-23 14:58:21 - [MESSAGE][INFO] - Finding web element from Test Object's properties

2023-11-23 14:58:21 - [MESSAGE][INFO] - Checking timeout

2023-11-23 14:58:21 - [MESSAGE][INFO] - Finding web element with id: 'Object Repository/Connexion Usager/div_MSG_FormatNonRespecte' located by 'By.xpath: //*/app-input[1]/div/div/div[1]/div[2]/div/span[2]' in '1' second(s)

2023-11-23 14:58:21 - [MESSAGE][INFO] - Smart Wait Function is triggered

2023-11-23 14:58:21 - [MESSAGE][INFO] - Found 1 web elements with id: 'Object Repository/Connexion Usager/div_MSG_FormatNonRespecte' located by 'By.xpath: //*/app-input[1]/div/div/div[1]/div[2]/div/span[2]' in '1' second(s)

2023-11-23 14:58:21 - [MESSAGE][PASSED] - Object 'Object Repository/Connexion Usager/div_MSG_FormatNonRespecte' is present

2023-11-23 14:58:21 - [TEST_STEP][PASSED] - println("CrÃ©er un mot de passe sans minuscule"): null

2023-11-23 14:58:21 - [TEST_STEP][PASSED] - setText(findTestObject("Object Repository/Connexion Usager/Input_Password"), "HHIZAOUI001!"): Text 'HHIZAOUI001!' is set on object 'Object Repository/Connexion Usager/Input_Password'

2023-11-23 14:58:21 - [MESSAGE][INFO] - Finding Test Object 'Object Repository/Connexion Usager/Input_Password'

2023-11-23 14:58:22 - [MESSAGE][INFO] - Checking timeout

2023-11-23 14:58:22 - [MESSAGE][INFO] - Finding web element with id: 'Object Repository/Connexion Usager/Input_Password' located by 'By.xpath: //*/app-input[1]/div/div/input [@type = 'password']' in '20' second(s)

2023-11-23 14:58:22 - [MESSAGE][INFO] - Smart Wait Function is triggered

2023-11-23 14:58:22 - [MESSAGE][INFO] - Found 1 web elements with id: 'Object Repository/Connexion Usager/Input_Password' located by 'By.xpath: //*/app-input[1]/div/div/input [@type = 'password']' in '20' second(s)

2023-11-23 14:58:22 - [MESSAGE][INFO] - Checking object

2023-11-23 14:58:22 - [MESSAGE][INFO] - Checking text

2023-11-23 14:58:22 - [MESSAGE][INFO] - Finding web element from Test Object's properties

2023-11-23 14:58:22 - [MESSAGE][INFO] - Checking timeout

2023-11-23 14:58:22 - [MESSAGE][INFO] - Finding web element with id: 'Object Repository/Connexion Usager/Input_Password' located by 'By.xpath: //*/app-input[1]/div/div/input [@type = 'password']' in '5' second(s)

2023-11-23 14:58:22 - [MESSAGE][INFO] - Smart Wait Function is triggered

2023-11-23 14:58:22 - [MESSAGE][INFO] - Found 1 web elements with id: 'Object Repository/Connexion Usager/Input_Password' located by 'By.xpath: //*/app-input[1]/div/div/input [@type = 'password']' in '5' second(s)

2023-11-23 14:58:22 - [MESSAGE][INFO] - Clearing text of object 'Object Repository/Connexion Usager/Input_Password'

2023-11-23 14:58:24 - [MESSAGE][INFO] - Finding web element from Test Object's properties

2023-11-23 14:58:24 - [MESSAGE][INFO] - Checking timeout

2023-11-23 14:58:24 - [MESSAGE][INFO] - Finding web element with id: 'Object Repository/Connexion Usager/Input_Password' located by 'By.xpath: //*/app-input[1]/div/div/input [@type = 'password']' in '5' second(s)

2023-11-23 14:58:24 - [MESSAGE][INFO] - Smart Wait Function is triggered

2023-11-23 14:58:24 - [MESSAGE][INFO] - Found 1 web elements with id: 'Object Repository/Connexion Usager/Input_Password' located by 'By.xpath: //*/app-input[1]/div/div/input [@type = 'password']' in '5' second(s)

2023-11-23 14:58:24 - [MESSAGE][INFO] - Setting text of object 'Object Repository/Connexion Usager/Input_Password' to value 'HHIZAOUI001!'

2023-11-23 14:58:26 - [MESSAGE][PASSED] - Text 'HHIZAOUI001!' is set on object 'Object Repository/Connexion Usager/Input_Password'

2023-11-23 14:58:26 - [TEST_STEP][PASSED] - setText(findTestObject("Object Repository/Connexion Usager/Input_ConfirmePassword"), "HHIZAOUI001!"): Text 'HHIZAOUI001!' is set on object 'Object Repository/Connexion Usager/Input_ConfirmePassword'

2023-11-23 14:58:26 - [MESSAGE][INFO] - Finding Test Object 'Object Repository/Connexion Usager/Input_ConfirmePassword'

2023-11-23 14:58:26 - [MESSAGE][INFO] - Checking timeout

2023-11-23 14:58:26 - [MESSAGE][INFO] - Finding web element with id: 'Object Repository/Connexion Usager/Input_ConfirmePassword' located by 'By.xpath: //*/app-input[2]/div/div/input [@type = 'password']' in '20' second(s)

2023-11-23 14:58:26 - [MESSAGE][INFO] - Smart Wait Function is triggered

2023-11-23 14:58:26 - [MESSAGE][INFO] - Found 1 web elements with id: 'Object Repository/Connexion Usager/Input_ConfirmePassword' located by 'By.xpath: //*/app-input[2]/div/div/input [@type = 'password']' in '20' second(s)

2023-11-23 14:58:26 - [MESSAGE][INFO] - Checking object

2023-11-23 14:58:26 - [MESSAGE][INFO] - Checking text

2023-11-23 14:58:26 - [MESSAGE][INFO] - Finding web element from Test Object's properties

2023-11-23 14:58:26 - [MESSAGE][INFO] - Checking timeout

2023-11-23 14:58:26 - [MESSAGE][INFO] - Finding web element with id: 'Object Repository/Connexion Usager/Input_ConfirmePassword' located by 'By.xpath: //*/app-input[2]/div/div/input [@type = 'password']' in '5' second(s)

2023-11-23 14:58:26 - [MESSAGE][INFO] - Smart Wait Function is triggered

2023-11-23 14:58:26 - [MESSAGE][INFO] - Found 1 web elements with id: 'Object Repository/Connexion Usager/Input_ConfirmePassword' located by 'By.xpath: //*/app-input[2]/div/div/input [@type = 'password']' in '5' second(s)

2023-11-23 14:58:26 - [MESSAGE][INFO] - Clearing text of object 'Object Repository/Connexion Usager/Input_ConfirmePassword'

2023-11-23 14:58:28 - [MESSAGE][INFO] - Finding web element from Test Object's properties

2023-11-23 14:58:28 - [MESSAGE][INFO] - Checking timeout

2023-11-23 14:58:28 - [MESSAGE][INFO] - Finding web element with id: 'Object Repository/Connexion Usager/Input_ConfirmePassword' located by 'By.xpath: //*/app-input[2]/div/div/input [@type = 'password']' in '5' second(s)

2023-11-23 14:58:28 - [MESSAGE][INFO] - Smart Wait Function is triggered

2023-11-23 14:58:28 - [MESSAGE][INFO] - Found 1 web elements with id: 'Object Repository/Connexion Usager/Input_ConfirmePassword' located by 'By.xpath: //*/app-input[2]/div/div/input [@type = 'password']' in '5' second(s)

2023-11-23 14:58:28 - [MESSAGE][INFO] - Setting text of object 'Object Repository/Connexion Usager/Input_ConfirmePassword' to value 'HHIZAOUI001!'

2023-11-23 14:58:30 - [MESSAGE][PASSED] - Text 'HHIZAOUI001!' is set on object 'Object Repository/Connexion Usager/Input_ConfirmePassword'

2023-11-23 14:58:30 - [TEST_STEP][PASSED] - click(findTestObject("Object Repository/Connexion Usager/btn_CreerMDP")): Object: 'Object Repository/Connexion Usager/btn_CreerMDP' is clicked on

2023-11-23 14:58:30 - [MESSAGE][INFO] - Finding Test Object 'Object Repository/Connexion Usager/btn_CreerMDP'

2023-11-23 14:58:30 - [MESSAGE][INFO] - Checking timeout

2023-11-23 14:58:30 - [MESSAGE][INFO] - Finding web element with id: 'Object Repository/Connexion Usager/btn_CreerMDP' located by 'By.xpath: //*/div/p-button/button [@type= 'button']' in '20' second(s)

2023-11-23 14:58:30 - [MESSAGE][INFO] - Smart Wait Function is triggered

2023-11-23 14:58:30 - [MESSAGE][INFO] - Found 1 web elements with id: 'Object Repository/Connexion Usager/btn_CreerMDP' located by 'By.xpath: //*/div/p-button/button [@type= 'button']' in '20' second(s)

2023-11-23 14:58:30 - [MESSAGE][INFO] - Checking object

2023-11-23 14:58:30 - [MESSAGE][INFO] - Checking timeout

2023-11-23 14:58:30 - [MESSAGE][INFO] - Finding web element from Test Object's properties

2023-11-23 14:58:30 - [MESSAGE][INFO] - Checking timeout

2023-11-23 14:58:30 - [MESSAGE][INFO] - Finding web element with id: 'Object Repository/Connexion Usager/btn_CreerMDP' located by 'By.xpath: //*/div/p-button/button [@type= 'button']' in '5' second(s)

2023-11-23 14:58:30 - [MESSAGE][INFO] - Smart Wait Function is triggered

2023-11-23 14:58:30 - [MESSAGE][INFO] - Found 1 web elements with id: 'Object Repository/Connexion Usager/btn_CreerMDP' located by 'By.xpath: //*/div/p-button/button [@type= 'button']' in '5' second(s)

2023-11-23 14:58:30 - [MESSAGE][INFO] - Clicking on object: 'Object Repository/Connexion Usager/btn_CreerMDP'

2023-11-23 14:58:32 - [MESSAGE][PASSED] - Object: 'Object Repository/Connexion Usager/btn_CreerMDP' is clicked on

2023-11-23 14:58:32 - [TEST_STEP][PASSED] - verifyElementPresent(findTestObject("Object Repository/Connexion Usager/div_MSG_FormatNonRespecte"), 1): Object 'Object Repository/Connexion Usager/div_MSG_FormatNonRespecte' is present

2023-11-23 14:58:32 - [MESSAGE][INFO] - Finding Test Object 'Object Repository/Connexion Usager/div_MSG_FormatNonRespecte'

2023-11-23 14:58:33 - [MESSAGE][INFO] - Checking object

2023-11-23 14:58:33 - [MESSAGE][INFO] - Finding web element from Test Object's properties

2023-11-23 14:58:33 - [MESSAGE][INFO] - Checking timeout

2023-11-23 14:58:33 - [MESSAGE][INFO] - Finding web element with id: 'Object Repository/Connexion Usager/div_MSG_FormatNonRespecte' located by 'By.xpath: //*/app-input[1]/div/div/div[1]/div[2]/div/span[2]' in '1' second(s)

2023-11-23 14:58:33 - [MESSAGE][INFO] - Smart Wait Function is triggered

2023-11-23 14:58:33 - [MESSAGE][INFO] - Found 1 web elements with id: 'Object Repository/Connexion Usager/div_MSG_FormatNonRespecte' located by 'By.xpath: //*/app-input[1]/div/div/div[1]/div[2]/div/span[2]' in '1' second(s)

2023-11-23 14:58:33 - [MESSAGE][PASSED] - Object 'Object Repository/Connexion Usager/div_MSG_FormatNonRespecte' is present

2023-11-23 14:58:33 - [TEST_STEP][PASSED] - println("CrÃ©er un mot de passe sans caractÃ¨re spÃ©cial"): null

2023-11-23 14:58:33 - [TEST_STEP][PASSED] - setText(findTestObject("Object Repository/Connexion Usager/Input_Password"), "HHizaoui0010"): Text 'HHizaoui0010' is set on object 'Object Repository/Connexion Usager/Input_Password'

2023-11-23 14:58:33 - [MESSAGE][INFO] - Finding Test Object 'Object Repository/Connexion Usager/Input_Password'

2023-11-23 14:58:33 - [MESSAGE][INFO] - Checking timeout

2023-11-23 14:58:33 - [MESSAGE][INFO] - Finding web element with id: 'Object Repository/Connexion Usager/Input_Password' located by 'By.xpath: //*/app-input[1]/div/div/input [@type = 'password']' in '20' second(s)

2023-11-23 14:58:33 - [MESSAGE][INFO] - Smart Wait Function is triggered

2023-11-23 14:58:33 - [MESSAGE][INFO] - Found 1 web elements with id: 'Object Repository/Connexion Usager/Input_Password' located by 'By.xpath: //*/app-input[1]/div/div/input [@type = 'password']' in '20' second(s)

2023-11-23 14:58:33 - [MESSAGE][INFO] - Checking object

2023-11-23 14:58:33 - [MESSAGE][INFO] - Checking text

2023-11-23 14:58:33 - [MESSAGE][INFO] - Finding web element from Test Object's properties

2023-11-23 14:58:33 - [MESSAGE][INFO] - Checking timeout

2023-11-23 14:58:33 - [MESSAGE][INFO] - Finding web element with id: 'Object Repository/Connexion Usager/Input_Password' located by 'By.xpath: //*/app-input[1]/div/div/input [@type = 'password']' in '5' second(s)

2023-11-23 14:58:33 - [MESSAGE][INFO] - Smart Wait Function is triggered

2023-11-23 14:58:33 - [MESSAGE][INFO] - Found 1 web elements with id: 'Object Repository/Connexion Usager/Input_Password' located by 'By.xpath: //*/app-input[1]/div/div/input [@type = 'password']' in '5' second(s)

2023-11-23 14:58:33 - [MESSAGE][INFO] - Clearing text of object 'Object Repository/Connexion Usager/Input_Password'

2023-11-23 14:58:35 - [MESSAGE][INFO] - Finding web element from Test Object's properties

2023-11-23 14:58:35 - [MESSAGE][INFO] - Checking timeout

2023-11-23 14:58:35 - [MESSAGE][INFO] - Finding web element with id: 'Object Repository/Connexion Usager/Input_Password' located by 'By.xpath: //*/app-input[1]/div/div/input [@type = 'password']' in '5' second(s)

2023-11-23 14:58:35 - [MESSAGE][INFO] - Smart Wait Function is triggered

2023-11-23 14:58:35 - [MESSAGE][INFO] - Found 1 web elements with id: 'Object Repository/Connexion Usager/Input_Password' located by 'By.xpath: //*/app-input[1]/div/div/input [@type = 'password']' in '5' second(s)

2023-11-23 14:58:35 - [MESSAGE][INFO] - Setting text of object 'Object Repository/Connexion Usager/Input_Password' to value 'HHizaoui0010'

2023-11-23 14:58:37 - [MESSAGE][PASSED] - Text 'HHizaoui0010' is set on object 'Object Repository/Connexion Usager/Input_Password'

2023-11-23 14:58:37 - [TEST_STEP][PASSED] - setText(findTestObject("Object Repository/Connexion Usager/Input_ConfirmePassword"), "HHizaoui0010"): Text 'HHizaoui0010' is set on object 'Object Repository/Connexion Usager/Input_ConfirmePassword'

2023-11-23 14:58:37 - [MESSAGE][INFO] - Finding Test Object 'Object Repository/Connexion Usager/Input_ConfirmePassword'

2023-11-23 14:58:37 - [MESSAGE][INFO] - Checking timeout

2023-11-23 14:58:37 - [MESSAGE][INFO] - Finding web element with id: 'Object Repository/Connexion Usager/Input_ConfirmePassword' located by 'By.xpath: //*/app-input[2]/div/div/input [@type = 'password']' in '20' second(s)

2023-11-23 14:58:37 - [MESSAGE][INFO] - Smart Wait Function is triggered

2023-11-23 14:58:37 - [MESSAGE][INFO] - Found 1 web elements with id: 'Object Repository/Connexion Usager/Input_ConfirmePassword' located by 'By.xpath: //*/app-input[2]/div/div/input [@type = 'password']' in '20' second(s)

2023-11-23 14:58:37 - [MESSAGE][INFO] - Checking object

2023-11-23 14:58:37 - [MESSAGE][INFO] - Checking text

2023-11-23 14:58:37 - [MESSAGE][INFO] - Finding web element from Test Object's properties

2023-11-23 14:58:37 - [MESSAGE][INFO] - Checking timeout

2023-11-23 14:58:37 - [MESSAGE][INFO] - Finding web element with id: 'Object Repository/Connexion Usager/Input_ConfirmePassword' located by 'By.xpath: //*/app-input[2]/div/div/input [@type = 'password']' in '5' second(s)

2023-11-23 14:58:37 - [MESSAGE][INFO] - Smart Wait Function is triggered

2023-11-23 14:58:37 - [MESSAGE][INFO] - Found 1 web elements with id: 'Object Repository/Connexion Usager/Input_ConfirmePassword' located by 'By.xpath: //*/app-input[2]/div/div/input [@type = 'password']' in '5' second(s)

2023-11-23 14:58:37 - [MESSAGE][INFO] - Clearing text of object 'Object Repository/Connexion Usager/Input_ConfirmePassword'

2023-11-23 14:58:39 - [MESSAGE][INFO] - Finding web element from Test Object's properties

2023-11-23 14:58:39 - [MESSAGE][INFO] - Checking timeout

2023-11-23 14:58:39 - [MESSAGE][INFO] - Finding web element with id: 'Object Repository/Connexion Usager/Input_ConfirmePassword' located by 'By.xpath: //*/app-input[2]/div/div/input [@type = 'password']' in '5' second(s)

2023-11-23 14:58:39 - [MESSAGE][INFO] - Smart Wait Function is triggered

2023-11-23 14:58:39 - [MESSAGE][INFO] - Found 1 web elements with id: 'Object Repository/Connexion Usager/Input_ConfirmePassword' located by 'By.xpath: //*/app-input[2]/div/div/input [@type = 'password']' in '5' second(s)

2023-11-23 14:58:39 - [MESSAGE][INFO] - Setting text of object 'Object Repository/Connexion Usager/Input_ConfirmePassword' to value 'HHizaoui0010'

2023-11-23 14:58:41 - [MESSAGE][PASSED] - Text 'HHizaoui0010' is set on object 'Object Repository/Connexion Usager/Input_ConfirmePassword'

2023-11-23 14:58:41 - [TEST_STEP][PASSED] - click(findTestObject("Object Repository/Connexion Usager/btn_CreerMDP")): Object: 'Object Repository/Connexion Usager/btn_CreerMDP' is clicked on

2023-11-23 14:58:41 - [MESSAGE][INFO] - Finding Test Object 'Object Repository/Connexion Usager/btn_CreerMDP'

2023-11-23 14:58:42 - [MESSAGE][INFO] - Checking timeout

2023-11-23 14:58:42 - [MESSAGE][INFO] - Finding web element with id: 'Object Repository/Connexion Usager/btn_CreerMDP' located by 'By.xpath: //*/div/p-button/button [@type= 'button']' in '20' second(s)

2023-11-23 14:58:42 - [MESSAGE][INFO] - Smart Wait Function is triggered

2023-11-23 14:58:42 - [MESSAGE][INFO] - Found 1 web elements with id: 'Object Repository/Connexion Usager/btn_CreerMDP' located by 'By.xpath: //*/div/p-button/button [@type= 'button']' in '20' second(s)

2023-11-23 14:58:42 - [MESSAGE][INFO] - Checking object

2023-11-23 14:58:42 - [MESSAGE][INFO] - Checking timeout

2023-11-23 14:58:42 - [MESSAGE][INFO] - Finding web element from Test Object's properties

2023-11-23 14:58:42 - [MESSAGE][INFO] - Checking timeout

2023-11-23 14:58:42 - [MESSAGE][INFO] - Finding web element with id: 'Object Repository/Connexion Usager/btn_CreerMDP' located by 'By.xpath: //*/div/p-button/button [@type= 'button']' in '5' second(s)

2023-11-23 14:58:42 - [MESSAGE][INFO] - Smart Wait Function is triggered

2023-11-23 14:58:42 - [MESSAGE][INFO] - Found 1 web elements with id: 'Object Repository/Connexion Usager/btn_CreerMDP' located by 'By.xpath: //*/div/p-button/button [@type= 'button']' in '5' second(s)

2023-11-23 14:58:42 - [MESSAGE][INFO] - Clicking on object: 'Object Repository/Connexion Usager/btn_CreerMDP'

2023-11-23 14:58:44 - [MESSAGE][PASSED] - Object: 'Object Repository/Connexion Usager/btn_CreerMDP' is clicked on

2023-11-23 14:58:44 - [TEST_STEP][PASSED] - verifyElementPresent(findTestObject("Object Repository/Connexion Usager/div_MSG_FormatNonRespecte"), 1): Object 'Object Repository/Connexion Usager/div_MSG_FormatNonRespecte' is present

2023-11-23 14:58:44 - [MESSAGE][INFO] - Finding Test Object 'Object Repository/Connexion Usager/div_MSG_FormatNonRespecte'

2023-11-23 14:58:44 - [MESSAGE][INFO] - Checking object

2023-11-23 14:58:44 - [MESSAGE][INFO] - Finding web element from Test Object's properties

2023-11-23 14:58:44 - [MESSAGE][INFO] - Checking timeout

2023-11-23 14:58:44 - [MESSAGE][INFO] - Finding web element with id: 'Object Repository/Connexion Usager/div_MSG_FormatNonRespecte' located by 'By.xpath: //*/app-input[1]/div/div/div[1]/div[2]/div/span[2]' in '1' second(s)

2023-11-23 14:58:44 - [MESSAGE][INFO] - Smart Wait Function is triggered

2023-11-23 14:58:44 - [MESSAGE][INFO] - Found 1 web elements with id: 'Object Repository/Connexion Usager/div_MSG_FormatNonRespecte' located by 'By.xpath: //*/app-input[1]/div/div/div[1]/div[2]/div/span[2]' in '1' second(s)

2023-11-23 14:58:44 - [MESSAGE][PASSED] - Object 'Object Repository/Connexion Usager/div_MSG_FormatNonRespecte' is present

2023-11-23 14:58:44 - [TEST_STEP][PASSED] - println("CrÃ©er un mot de passe sans chiffre"): null

2023-11-23 14:58:44 - [TEST_STEP][PASSED] - setText(findTestObject("Object Repository/Connexion Usager/Input_Password"), "HHizaouihiza!"): Text 'HHizaouihiza!' is set on object 'Object Repository/Connexion Usager/Input_Password'

2023-11-23 14:58:44 - [MESSAGE][INFO] - Finding Test Object 'Object Repository/Connexion Usager/Input_Password'

2023-11-23 14:58:44 - [MESSAGE][INFO] - Checking timeout

2023-11-23 14:58:44 - [MESSAGE][INFO] - Finding web element with id: 'Object Repository/Connexion Usager/Input_Password' located by 'By.xpath: //*/app-input[1]/div/div/input [@type = 'password']' in '20' second(s)

2023-11-23 14:58:44 - [MESSAGE][INFO] - Smart Wait Function is triggered

2023-11-23 14:58:44 - [MESSAGE][INFO] - Found 1 web elements with id: 'Object Repository/Connexion Usager/Input_Password' located by 'By.xpath: //*/app-input[1]/div/div/input [@type = 'password']' in '20' second(s)

2023-11-23 14:58:44 - [MESSAGE][INFO] - Checking object

2023-11-23 14:58:44 - [MESSAGE][INFO] - Checking text

2023-11-23 14:58:44 - [MESSAGE][INFO] - Finding web element from Test Object's properties

2023-11-23 14:58:44 - [MESSAGE][INFO] - Checking timeout

2023-11-23 14:58:44 - [MESSAGE][INFO] - Finding web element with id: 'Object Repository/Connexion Usager/Input_Password' located by 'By.xpath: //*/app-input[1]/div/div/input [@type = 'password']' in '5' second(s)

2023-11-23 14:58:44 - [MESSAGE][INFO] - Smart Wait Function is triggered

2023-11-23 14:58:44 - [MESSAGE][INFO] - Found 1 web elements with id: 'Object Repository/Connexion Usager/Input_Password' located by 'By.xpath: //*/app-input[1]/div/div/input [@type = 'password']' in '5' second(s)

2023-11-23 14:58:44 - [MESSAGE][INFO] - Clearing text of object 'Object Repository/Connexion Usager/Input_Password'

2023-11-23 14:58:46 - [MESSAGE][INFO] - Finding web element from Test Object's properties

2023-11-23 14:58:46 - [MESSAGE][INFO] - Checking timeout

2023-11-23 14:58:46 - [MESSAGE][INFO] - Finding web element with id: 'Object Repository/Connexion Usager/Input_Password' located by 'By.xpath: //*/app-input[1]/div/div/input [@type = 'password']' in '5' second(s)

2023-11-23 14:58:46 - [MESSAGE][INFO] - Smart Wait Function is triggered

2023-11-23 14:58:46 - [MESSAGE][INFO] - Found 1 web elements with id: 'Object Repository/Connexion Usager/Input_Password' located by 'By.xpath: //*/app-input[1]/div/div/input [@type = 'password']' in '5' second(s)

2023-11-23 14:58:46 - [MESSAGE][INFO] - Setting text of object 'Object Repository/Connexion Usager/Input_Password' to value 'HHizaouihiza!'

2023-11-23 14:58:48 - [MESSAGE][PASSED] - Text 'HHizaouihiza!' is set on object 'Object Repository/Connexion Usager/Input_Password'

2023-11-23 14:58:48 - [TEST_STEP][PASSED] - setText(findTestObject("Object Repository/Connexion Usager/Input_ConfirmePassword"), "HHizaouihiza!"): Text 'HHizaouihiza!' is set on object 'Object Repository/Connexion Usager/Input_ConfirmePassword'

2023-11-23 14:58:48 - [MESSAGE][INFO] - Finding Test Object 'Object Repository/Connexion Usager/Input_ConfirmePassword'

2023-11-23 14:58:48 - [MESSAGE][INFO] - Checking timeout

2023-11-23 14:58:48 - [MESSAGE][INFO] - Finding web element with id: 'Object Repository/Connexion Usager/Input_ConfirmePassword' located by 'By.xpath: //*/app-input[2]/div/div/input [@type = 'password']' in '20' second(s)

2023-11-23 14:58:48 - [MESSAGE][INFO] - Smart Wait Function is triggered

2023-11-23 14:58:48 - [MESSAGE][INFO] - Found 1 web elements with id: 'Object Repository/Connexion Usager/Input_ConfirmePassword' located by 'By.xpath: //*/app-input[2]/div/div/input [@type = 'password']' in '20' second(s)

2023-11-23 14:58:48 - [MESSAGE][INFO] - Checking object

2023-11-23 14:58:48 - [MESSAGE][INFO] - Checking text

2023-11-23 14:58:48 - [MESSAGE][INFO] - Finding web element from Test Object's properties

2023-11-23 14:58:48 - [MESSAGE][INFO] - Checking timeout

2023-11-23 14:58:48 - [MESSAGE][INFO] - Finding web element with id: 'Object Repository/Connexion Usager/Input_ConfirmePassword' located by 'By.xpath: //*/app-input[2]/div/div/input [@type = 'password']' in '5' second(s)

2023-11-23 14:58:48 - [MESSAGE][INFO] - Smart Wait Function is triggered

2023-11-23 14:58:48 - [MESSAGE][INFO] - Found 1 web elements with id: 'Object Repository/Connexion Usager/Input_ConfirmePassword' located by 'By.xpath: //*/app-input[2]/div/div/input [@type = 'password']' in '5' second(s)

2023-11-23 14:58:48 - [MESSAGE][INFO] - Clearing text of object 'Object Repository/Connexion Usager/Input_ConfirmePassword'

2023-11-23 14:58:50 - [MESSAGE][INFO] - Finding web element from Test Object's properties

2023-11-23 14:58:50 - [MESSAGE][INFO] - Checking timeout

2023-11-23 14:58:50 - [MESSAGE][INFO] - Finding web element with id: 'Object Repository/Connexion Usager/Input_ConfirmePassword' located by 'By.xpath: //*/app-input[2]/div/div/input [@type = 'password']' in '5' second(s)

2023-11-23 14:58:50 - [MESSAGE][INFO] - Smart Wait Function is triggered

2023-11-23 14:58:50 - [MESSAGE][INFO] - Found 1 web elements with id: 'Object Repository/Connexion Usager/Input_ConfirmePassword' located by 'By.xpath: //*/app-input[2]/div/div/input [@type = 'password']' in '5' second(s)

2023-11-23 14:58:50 - [MESSAGE][INFO] - Setting text of object 'Object Repository/Connexion Usager/Input_ConfirmePassword' to value 'HHizaouihiza!'

2023-11-23 14:58:53 - [MESSAGE][PASSED] - Text 'HHizaouihiza!' is set on object 'Object Repository/Connexion Usager/Input_ConfirmePassword'

2023-11-23 14:58:53 - [TEST_STEP][PASSED] - click(findTestObject("Object Repository/Connexion Usager/btn_CreerMDP")): Object: 'Object Repository/Connexion Usager/btn_CreerMDP' is clicked on

2023-11-23 14:58:53 - [MESSAGE][INFO] - Finding Test Object 'Object Repository/Connexion Usager/btn_CreerMDP'

2023-11-23 14:58:53 - [MESSAGE][INFO] - Checking timeout

2023-11-23 14:58:53 - [MESSAGE][INFO] - Finding web element with id: 'Object Repository/Connexion Usager/btn_CreerMDP' located by 'By.xpath: //*/div/p-button/button [@type= 'button']' in '20' second(s)

2023-11-23 14:58:53 - [MESSAGE][INFO] - Smart Wait Function is triggered

2023-11-23 14:58:53 - [MESSAGE][INFO] - Found 1 web elements with id: 'Object Repository/Connexion Usager/btn_CreerMDP' located by 'By.xpath: //*/div/p-button/button [@type= 'button']' in '20' second(s)

2023-11-23 14:58:53 - [MESSAGE][INFO] - Checking object

2023-11-23 14:58:53 - [MESSAGE][INFO] - Checking timeout

2023-11-23 14:58:53 - [MESSAGE][INFO] - Finding web element from Test Object's properties

2023-11-23 14:58:53 - [MESSAGE][INFO] - Checking timeout

2023-11-23 14:58:53 - [MESSAGE][INFO] - Finding web element with id: 'Object Repository/Connexion Usager/btn_CreerMDP' located by 'By.xpath: //*/div/p-button/button [@type= 'button']' in '5' second(s)

2023-11-23 14:58:53 - [MESSAGE][INFO] - Smart Wait Function is triggered

2023-11-23 14:58:53 - [MESSAGE][INFO] - Found 1 web elements with id: 'Object Repository/Connexion Usager/btn_CreerMDP' located by 'By.xpath: //*/div/p-button/button [@type= 'button']' in '5' second(s)

2023-11-23 14:58:53 - [MESSAGE][INFO] - Clicking on object: 'Object Repository/Connexion Usager/btn_CreerMDP'

2023-11-23 14:58:55 - [MESSAGE][PASSED] - Object: 'Object Repository/Connexion Usager/btn_CreerMDP' is clicked on

2023-11-23 14:58:55 - [TEST_STEP][PASSED] - verifyElementPresent(findTestObject("Object Repository/Connexion Usager/div_MSG_FormatNonRespecte"), 1): Object 'Object Repository/Connexion Usager/div_MSG_FormatNonRespecte' is present

2023-11-23 14:58:55 - [MESSAGE][INFO] - Finding Test Object 'Object Repository/Connexion Usager/div_MSG_FormatNonRespecte'

2023-11-23 14:58:55 - [MESSAGE][INFO] - Checking object

2023-11-23 14:58:55 - [MESSAGE][INFO] - Finding web element from Test Object's properties

2023-11-23 14:58:55 - [MESSAGE][INFO] - Checking timeout

2023-11-23 14:58:55 - [MESSAGE][INFO] - Finding web element with id: 'Object Repository/Connexion Usager/div_MSG_FormatNonRespecte' located by 'By.xpath: //*/app-input[1]/div/div/div[1]/div[2]/div/span[2]' in '1' second(s)

2023-11-23 14:58:55 - [MESSAGE][INFO] - Smart Wait Function is triggered

2023-11-23 14:58:55 - [MESSAGE][INFO] - Found 1 web elements with id: 'Object Repository/Connexion Usager/div_MSG_FormatNonRespecte' located by 'By.xpath: //*/app-input[1]/div/div/div[1]/div[2]/div/span[2]' in '1' second(s)

2023-11-23 14:58:55 - [MESSAGE][PASSED] - Object 'Object Repository/Connexion Usager/div_MSG_FormatNonRespecte' is present

2023-11-23 14:58:55 - [TEST_STEP][PASSED] - println("Saisir 2 mots de passe diffÃ©rents"): null

2023-11-23 14:58:55 - [TEST_STEP][PASSED] - setText(findTestObject("Object Repository/Connexion Usager/Input_Password"), "HHizaoui001!"): Text 'HHizaoui001!' is set on object 'Object Repository/Connexion Usager/Input_Password'

2023-11-23 14:58:55 - [MESSAGE][INFO] - Finding Test Object 'Object Repository/Connexion Usager/Input_Password'

2023-11-23 14:58:55 - [MESSAGE][INFO] - Checking timeout

2023-11-23 14:58:55 - [MESSAGE][INFO] - Finding web element with id: 'Object Repository/Connexion Usager/Input_Password' located by 'By.xpath: //*/app-input[1]/div/div/input [@type = 'password']' in '20' second(s)

2023-11-23 14:58:55 - [MESSAGE][INFO] - Smart Wait Function is triggered

2023-11-23 14:58:55 - [MESSAGE][INFO] - Found 1 web elements with id: 'Object Repository/Connexion Usager/Input_Password' located by 'By.xpath: //*/app-input[1]/div/div/input [@type = 'password']' in '20' second(s)

2023-11-23 14:58:55 - [MESSAGE][INFO] - Checking object

2023-11-23 14:58:55 - [MESSAGE][INFO] - Checking text

2023-11-23 14:58:55 - [MESSAGE][INFO] - Finding web element from Test Object's properties

2023-11-23 14:58:55 - [MESSAGE][INFO] - Checking timeout

2023-11-23 14:58:55 - [MESSAGE][INFO] - Finding web element with id: 'Object Repository/Connexion Usager/Input_Password' located by 'By.xpath: //*/app-input[1]/div/div/input [@type = 'password']' in '5' second(s)

2023-11-23 14:58:55 - [MESSAGE][INFO] - Smart Wait Function is triggered

2023-11-23 14:58:55 - [MESSAGE][INFO] - Found 1 web elements with id: 'Object Repository/Connexion Usager/Input_Password' located by 'By.xpath: //*/app-input[1]/div/div/input [@type = 'password']' in '5' second(s)

2023-11-23 14:58:55 - [MESSAGE][INFO] - Clearing text of object 'Object Repository/Connexion Usager/Input_Password'

2023-11-23 14:58:57 - [MESSAGE][INFO] - Finding web element from Test Object's properties

2023-11-23 14:58:57 - [MESSAGE][INFO] - Checking timeout

2023-11-23 14:58:57 - [MESSAGE][INFO] - Finding web element with id: 'Object Repository/Connexion Usager/Input_Password' located by 'By.xpath: //*/app-input[1]/div/div/input [@type = 'password']' in '5' second(s)

2023-11-23 14:58:57 - [MESSAGE][INFO] - Smart Wait Function is triggered

2023-11-23 14:58:57 - [MESSAGE][INFO] - Found 1 web elements with id: 'Object Repository/Connexion Usager/Input_Password' located by 'By.xpath: //*/app-input[1]/div/div/input [@type = 'password']' in '5' second(s)

2023-11-23 14:58:57 - [MESSAGE][INFO] - Setting text of object 'Object Repository/Connexion Usager/Input_Password' to value 'HHizaoui001!'

2023-11-23 14:58:59 - [MESSAGE][PASSED] - Text 'HHizaoui001!' is set on object 'Object Repository/Connexion Usager/Input_Password'

2023-11-23 14:58:59 - [TEST_STEP][PASSED] - setText(findTestObject("Object Repository/Connexion Usager/Input_ConfirmePassword"), "HHizaoui001!def"): Text 'HHizaoui001!def' is set on object 'Object Repository/Connexion Usager/Input_ConfirmePassword'

2023-11-23 14:58:59 - [MESSAGE][INFO] - Finding Test Object 'Object Repository/Connexion Usager/Input_ConfirmePassword'

2023-11-23 14:58:59 - [MESSAGE][INFO] - Checking timeout

2023-11-23 14:58:59 - [MESSAGE][INFO] - Finding web element with id: 'Object Repository/Connexion Usager/Input_ConfirmePassword' located by 'By.xpath: //*/app-input[2]/div/div/input [@type = 'password']' in '20' second(s)

2023-11-23 14:58:59 - [MESSAGE][INFO] - Smart Wait Function is triggered

2023-11-23 14:58:59 - [MESSAGE][INFO] - Found 1 web elements with id: 'Object Repository/Connexion Usager/Input_ConfirmePassword' located by 'By.xpath: //*/app-input[2]/div/div/input [@type = 'password']' in '20' second(s)

2023-11-23 14:58:59 - [MESSAGE][INFO] - Checking object

2023-11-23 14:58:59 - [MESSAGE][INFO] - Checking text

2023-11-23 14:58:59 - [MESSAGE][INFO] - Finding web element from Test Object's properties

2023-11-23 14:58:59 - [MESSAGE][INFO] - Checking timeout

2023-11-23 14:58:59 - [MESSAGE][INFO] - Finding web element with id: 'Object Repository/Connexion Usager/Input_ConfirmePassword' located by 'By.xpath: //*/app-input[2]/div/div/input [@type = 'password']' in '5' second(s)

2023-11-23 14:58:59 - [MESSAGE][INFO] - Smart Wait Function is triggered

2023-11-23 14:59:00 - [MESSAGE][INFO] - Found 1 web elements with id: 'Object Repository/Connexion Usager/Input_ConfirmePassword' located by 'By.xpath: //*/app-input[2]/div/div/input [@type = 'password']' in '5' second(s)

2023-11-23 14:59:00 - [MESSAGE][INFO] - Clearing text of object 'Object Repository/Connexion Usager/Input_ConfirmePassword'

2023-11-23 14:59:02 - [MESSAGE][INFO] - Finding web element from Test Object's properties

2023-11-23 14:59:02 - [MESSAGE][INFO] - Checking timeout

2023-11-23 14:59:02 - [MESSAGE][INFO] - Finding web element with id: 'Object Repository/Connexion Usager/Input_ConfirmePassword' located by 'By.xpath: //*/app-input[2]/div/div/input [@type = 'password']' in '5' second(s)

2023-11-23 14:59:02 - [MESSAGE][INFO] - Smart Wait Function is triggered

2023-11-23 14:59:02 - [MESSAGE][INFO] - Found 1 web elements with id: 'Object Repository/Connexion Usager/Input_ConfirmePassword' located by 'By.xpath: //*/app-input[2]/div/div/input [@type = 'password']' in '5' second(s)

2023-11-23 14:59:02 - [MESSAGE][INFO] - Setting text of object 'Object Repository/Connexion Usager/Input_ConfirmePassword' to value 'HHizaoui001!def'

2023-11-23 14:59:04 - [MESSAGE][PASSED] - Text 'HHizaoui001!def' is set on object 'Object Repository/Connexion Usager/Input_ConfirmePassword'

2023-11-23 14:59:04 - [TEST_STEP][PASSED] - click(findTestObject("Object Repository/Connexion Usager/btn_CreerMDP")): Object: 'Object Repository/Connexion Usager/btn_CreerMDP' is clicked on

2023-11-23 14:59:04 - [MESSAGE][INFO] - Finding Test Object 'Object Repository/Connexion Usager/btn_CreerMDP'

2023-11-23 14:59:04 - [MESSAGE][INFO] - Checking timeout

2023-11-23 14:59:04 - [MESSAGE][INFO] - Finding web element with id: 'Object Repository/Connexion Usager/btn_CreerMDP' located by 'By.xpath: //*/div/p-button/button [@type= 'button']' in '20' second(s)

2023-11-23 14:59:04 - [MESSAGE][INFO] - Smart Wait Function is triggered

2023-11-23 14:59:04 - [MESSAGE][INFO] - Found 1 web elements with id: 'Object Repository/Connexion Usager/btn_CreerMDP' located by 'By.xpath: //*/div/p-button/button [@type= 'button']' in '20' second(s)

2023-11-23 14:59:04 - [MESSAGE][INFO] - Checking object

2023-11-23 14:59:04 - [MESSAGE][INFO] - Checking timeout

2023-11-23 14:59:04 - [MESSAGE][INFO] - Finding web element from Test Object's properties

2023-11-23 14:59:04 - [MESSAGE][INFO] - Checking timeout

2023-11-23 14:59:04 - [MESSAGE][INFO] - Finding web element with id: 'Object Repository/Connexion Usager/btn_CreerMDP' located by 'By.xpath: //*/div/p-button/button [@type= 'button']' in '5' second(s)

2023-11-23 14:59:04 - [MESSAGE][INFO] - Smart Wait Function is triggered

2023-11-23 14:59:04 - [MESSAGE][INFO] - Found 1 web elements with id: 'Object Repository/Connexion Usager/btn_CreerMDP' located by 'By.xpath: //*/div/p-button/button [@type= 'button']' in '5' second(s)

2023-11-23 14:59:04 - [MESSAGE][INFO] - Clicking on object: 'Object Repository/Connexion Usager/btn_CreerMDP'

2023-11-23 14:59:06 - [MESSAGE][PASSED] - Object: 'Object Repository/Connexion Usager/btn_CreerMDP' is clicked on

2023-11-23 14:59:06 - [TEST_STEP][PASSED] - verifyElementPresent(findTestObject("Object Repository/Connexion Usager/div_ MSG_ChampsDoiventEtreIdentiques"), 1): Object 'Object Repository/Connexion Usager/div_ MSG_ChampsDoiventEtreIdentiques' is present

2023-11-23 14:59:06 - [MESSAGE][INFO] - Finding Test Object 'Object Repository/Connexion Usager/div_ MSG_ChampsDoiventEtreIdentiques'

2023-11-23 14:59:06 - [MESSAGE][INFO] - Checking object

2023-11-23 14:59:06 - [MESSAGE][INFO] - Finding web element from Test Object's properties

2023-11-23 14:59:06 - [MESSAGE][INFO] - Checking timeout

2023-11-23 14:59:06 - [MESSAGE][INFO] - Finding web element with id: 'Object Repository/Connexion Usager/div_ MSG_ChampsDoiventEtreIdentiques' located by 'By.xpath: //*/div[2]/div/div[1]/p/span' in '1' second(s)

2023-11-23 14:59:06 - [MESSAGE][INFO] - Smart Wait Function is triggered

2023-11-23 14:59:06 - [MESSAGE][INFO] - Found 1 web elements with id: 'Object Repository/Connexion Usager/div_ MSG_ChampsDoiventEtreIdentiques' located by 'By.xpath: //*/div[2]/div/div[1]/p/span' in '1' second(s)

2023-11-23 14:59:06 - [MESSAGE][PASSED] - Object 'Object Repository/Connexion Usager/div_ MSG_ChampsDoiventEtreIdentiques' is present

2023-11-23 14:59:06 - [TEST_STEP][PASSED] - println("CrÃ©er un mot de passe moins de 12 caractÃ¨res"): null

2023-11-23 14:59:06 - [TEST_STEP][PASSED] - setText(findTestObject("Object Repository/Connexion Usager/Input_Password"), "HHiza001!"): Text 'HHiza001!' is set on object 'Object Repository/Connexion Usager/Input_Password'

2023-11-23 14:59:06 - [MESSAGE][INFO] - Finding Test Object 'Object Repository/Connexion Usager/Input_Password'

2023-11-23 14:59:06 - [MESSAGE][INFO] - Checking timeout

2023-11-23 14:59:06 - [MESSAGE][INFO] - Finding web element with id: 'Object Repository/Connexion Usager/Input_Password' located by 'By.xpath: //*/app-input[1]/div/div/input [@type = 'password']' in '20' second(s)

2023-11-23 14:59:06 - [MESSAGE][INFO] - Smart Wait Function is triggered

2023-11-23 14:59:06 - [MESSAGE][INFO] - Found 1 web elements with id: 'Object Repository/Connexion Usager/Input_Password' located by 'By.xpath: //*/app-input[1]/div/div/input [@type = 'password']' in '20' second(s)

2023-11-23 14:59:06 - [MESSAGE][INFO] - Checking object

2023-11-23 14:59:06 - [MESSAGE][INFO] - Checking text

2023-11-23 14:59:06 - [MESSAGE][INFO] - Finding web element from Test Object's properties

2023-11-23 14:59:06 - [MESSAGE][INFO] - Checking timeout

2023-11-23 14:59:06 - [MESSAGE][INFO] - Finding web element with id: 'Object Repository/Connexion Usager/Input_Password' located by 'By.xpath: //*/app-input[1]/div/div/input [@type = 'password']' in '5' second(s)

2023-11-23 14:59:06 - [MESSAGE][INFO] - Smart Wait Function is triggered

2023-11-23 14:59:06 - [MESSAGE][INFO] - Found 1 web elements with id: 'Object Repository/Connexion Usager/Input_Password' located by 'By.xpath: //*/app-input[1]/div/div/input [@type = 'password']' in '5' second(s)

2023-11-23 14:59:06 - [MESSAGE][INFO] - Clearing text of object 'Object Repository/Connexion Usager/Input_Password'

2023-11-23 14:59:08 - [MESSAGE][INFO] - Finding web element from Test Object's properties

2023-11-23 14:59:08 - [MESSAGE][INFO] - Checking timeout

2023-11-23 14:59:08 - [MESSAGE][INFO] - Finding web element with id: 'Object Repository/Connexion Usager/Input_Password' located by 'By.xpath: //*/app-input[1]/div/div/input [@type = 'password']' in '5' second(s)

2023-11-23 14:59:08 - [MESSAGE][INFO] - Smart Wait Function is triggered

2023-11-23 14:59:08 - [MESSAGE][INFO] - Found 1 web elements with id: 'Object Repository/Connexion Usager/Input_Password' located by 'By.xpath: //*/app-input[1]/div/div/input [@type = 'password']' in '5' second(s)

2023-11-23 14:59:08 - [MESSAGE][INFO] - Setting text of object 'Object Repository/Connexion Usager/Input_Password' to value 'HHiza001!'

2023-11-23 14:59:11 - [MESSAGE][PASSED] - Text 'HHiza001!' is set on object 'Object Repository/Connexion Usager/Input_Password'

2023-11-23 14:59:11 - [TEST_STEP][PASSED] - setText(findTestObject("Object Repository/Connexion Usager/Input_ConfirmePassword"), "HHiza001!"): Text 'HHiza001!' is set on object 'Object Repository/Connexion Usager/Input_ConfirmePassword'

2023-11-23 14:59:11 - [MESSAGE][INFO] - Finding Test Object 'Object Repository/Connexion Usager/Input_ConfirmePassword'

2023-11-23 14:59:11 - [MESSAGE][INFO] - Checking timeout

2023-11-23 14:59:11 - [MESSAGE][INFO] - Finding web element with id: 'Object Repository/Connexion Usager/Input_ConfirmePassword' located by 'By.xpath: //*/app-input[2]/div/div/input [@type = 'password']' in '20' second(s)

2023-11-23 14:59:11 - [MESSAGE][INFO] - Smart Wait Function is triggered

2023-11-23 14:59:11 - [MESSAGE][INFO] - Found 1 web elements with id: 'Object Repository/Connexion Usager/Input_ConfirmePassword' located by 'By.xpath: //*/app-input[2]/div/div/input [@type = 'password']' in '20' second(s)

2023-11-23 14:59:11 - [MESSAGE][INFO] - Checking object

2023-11-23 14:59:11 - [MESSAGE][INFO] - Checking text

2023-11-23 14:59:11 - [MESSAGE][INFO] - Finding web element from Test Object's properties

2023-11-23 14:59:11 - [MESSAGE][INFO] - Checking timeout

2023-11-23 14:59:11 - [MESSAGE][INFO] - Finding web element with id: 'Object Repository/Connexion Usager/Input_ConfirmePassword' located by 'By.xpath: //*/app-input[2]/div/div/input [@type = 'password']' in '5' second(s)

2023-11-23 14:59:11 - [MESSAGE][INFO] - Smart Wait Function is triggered

2023-11-23 14:59:11 - [MESSAGE][INFO] - Found 1 web elements with id: 'Object Repository/Connexion Usager/Input_ConfirmePassword' located by 'By.xpath: //*/app-input[2]/div/div/input [@type = 'password']' in '5' second(s)

2023-11-23 14:59:11 - [MESSAGE][INFO] - Clearing text of object 'Object Repository/Connexion Usager/Input_ConfirmePassword'

2023-11-23 14:59:13 - [MESSAGE][INFO] - Finding web element from Test Object's properties

2023-11-23 14:59:13 - [MESSAGE][INFO] - Checking timeout

2023-11-23 14:59:13 - [MESSAGE][INFO] - Finding web element with id: 'Object Repository/Connexion Usager/Input_ConfirmePassword' located by 'By.xpath: //*/app-input[2]/div/div/input [@type = 'password']' in '5' second(s)

2023-11-23 14:59:13 - [MESSAGE][INFO] - Smart Wait Function is triggered

2023-11-23 14:59:13 - [MESSAGE][INFO] - Found 1 web elements with id: 'Object Repository/Connexion Usager/Input_ConfirmePassword' located by 'By.xpath: //*/app-input[2]/div/div/input [@type = 'password']' in '5' second(s)

2023-11-23 14:59:13 - [MESSAGE][INFO] - Setting text of object 'Object Repository/Connexion Usager/Input_ConfirmePassword' to value 'HHiza001!'

2023-11-23 14:59:15 - [MESSAGE][PASSED] - Text 'HHiza001!' is set on object 'Object Repository/Connexion Usager/Input_ConfirmePassword'

2023-11-23 14:59:15 - [TEST_STEP][PASSED] - click(findTestObject("Object Repository/Connexion Usager/btn_CreerMDP")): Object: 'Object Repository/Connexion Usager/btn_CreerMDP' is clicked on

2023-11-23 14:59:15 - [MESSAGE][INFO] - Finding Test Object 'Object Repository/Connexion Usager/btn_CreerMDP'

2023-11-23 14:59:15 - [MESSAGE][INFO] - Checking timeout

2023-11-23 14:59:15 - [MESSAGE][INFO] - Finding web element with id: 'Object Repository/Connexion Usager/btn_CreerMDP' located by 'By.xpath: //*/div/p-button/button [@type= 'button']' in '20' second(s)

2023-11-23 14:59:15 - [MESSAGE][INFO] - Smart Wait Function is triggered

2023-11-23 14:59:15 - [MESSAGE][INFO] - Found 1 web elements with id: 'Object Repository/Connexion Usager/btn_CreerMDP' located by 'By.xpath: //*/div/p-button/button [@type= 'button']' in '20' second(s)

2023-11-23 14:59:15 - [MESSAGE][INFO] - Checking object

2023-11-23 14:59:15 - [MESSAGE][INFO] - Checking timeout

2023-11-23 14:59:15 - [MESSAGE][INFO] - Finding web element from Test Object's properties

2023-11-23 14:59:15 - [MESSAGE][INFO] - Checking timeout

2023-11-23 14:59:15 - [MESSAGE][INFO] - Finding web element with id: 'Object Repository/Connexion Usager/btn_CreerMDP' located by 'By.xpath: //*/div/p-button/button [@type= 'button']' in '5' second(s)

2023-11-23 14:59:15 - [MESSAGE][INFO] - Smart Wait Function is triggered

2023-11-23 14:59:15 - [MESSAGE][INFO] - Found 1 web elements with id: 'Object Repository/Connexion Usager/btn_CreerMDP' located by 'By.xpath: //*/div/p-button/button [@type= 'button']' in '5' second(s)

2023-11-23 14:59:15 - [MESSAGE][INFO] - Clicking on object: 'Object Repository/Connexion Usager/btn_CreerMDP'

2023-11-23 14:59:17 - [MESSAGE][PASSED] - Object: 'Object Repository/Connexion Usager/btn_CreerMDP' is clicked on

2023-11-23 14:59:17 - [TEST_STEP][PASSED] - verifyElementPresent(findTestObject("Object Repository/Connexion Usager/div_MSG_FormatNonRespecte"), 1): Object 'Object Repository/Connexion Usager/div_MSG_FormatNonRespecte' is present

2023-11-23 14:59:17 - [MESSAGE][INFO] - Finding Test Object 'Object Repository/Connexion Usager/div_MSG_FormatNonRespecte'

2023-11-23 14:59:17 - [MESSAGE][INFO] - Checking object

2023-11-23 14:59:17 - [MESSAGE][INFO] - Finding web element from Test Object's properties

2023-11-23 14:59:17 - [MESSAGE][INFO] - Checking timeout

2023-11-23 14:59:17 - [MESSAGE][INFO] - Finding web element with id: 'Object Repository/Connexion Usager/div_MSG_FormatNonRespecte' located by 'By.xpath: //*/app-input[1]/div/div/div[1]/div[2]/div/span[2]' in '1' second(s)

2023-11-23 14:59:17 - [MESSAGE][INFO] - Smart Wait Function is triggered

2023-11-23 14:59:17 - [MESSAGE][INFO] - Found 1 web elements with id: 'Object Repository/Connexion Usager/div_MSG_FormatNonRespecte' located by 'By.xpath: //*/app-input[1]/div/div/div[1]/div[2]/div/span[2]' in '1' second(s)

2023-11-23 14:59:17 - [MESSAGE][PASSED] - Object 'Object Repository/Connexion Usager/div_MSG_FormatNonRespecte' is present

2023-11-23 14:59:17 - [MESSAGE][PASSED] - Call Test Case 'Test Cases/Test Reutilisable/Main/Verif_FormatNewPW' successfully

2023-11-23 14:59:17 - [TEST_STEP][PASSED] - setEncryptedText(findTestObject("Object Repository/Connexion Usager/Input_Password"), Password): Text ****** has been set on object 'Object Repository/Connexion Usager/Input_Password'

2023-11-23 14:59:17 - [MESSAGE][INFO] - Finding Test Object 'Object Repository/Connexion Usager/Input_Password'

2023-11-23 14:59:17 - [MESSAGE][INFO] - Checking timeout

2023-11-23 14:59:17 - [MESSAGE][INFO] - Finding web element with id: 'Object Repository/Connexion Usager/Input_Password' located by 'By.xpath: //*/app-input[1]/div/div/input [@type = 'password']' in '20' second(s)

2023-11-23 14:59:17 - [MESSAGE][INFO] - Smart Wait Function is triggered

2023-11-23 14:59:17 - [MESSAGE][INFO] - Found 1 web elements with id: 'Object Repository/Connexion Usager/Input_Password' located by 'By.xpath: //*/app-input[1]/div/div/input [@type = 'password']' in '20' second(s)

2023-11-23 14:59:17 - [MESSAGE][INFO] - Checking object

2023-11-23 14:59:17 - [MESSAGE][INFO] - Checking text

2023-11-23 14:59:18 - [MESSAGE][INFO] - Finding web element from Test Object's properties

2023-11-23 14:59:18 - [MESSAGE][INFO] - Checking timeout

2023-11-23 14:59:18 - [MESSAGE][INFO] - Finding web element with id: 'Object Repository/Connexion Usager/Input_Password' located by 'By.xpath: //*/app-input[1]/div/div/input [@type = 'password']' in '5' second(s)

2023-11-23 14:59:18 - [MESSAGE][INFO] - Smart Wait Function is triggered

2023-11-23 14:59:18 - [MESSAGE][INFO] - Found 1 web elements with id: 'Object Repository/Connexion Usager/Input_Password' located by 'By.xpath: //*/app-input[1]/div/div/input [@type = 'password']' in '5' second(s)

2023-11-23 14:59:18 - [MESSAGE][INFO] - Clearing text of object 'Object Repository/Connexion Usager/Input_Password'

2023-11-23 14:59:20 - [MESSAGE][INFO] - Setting  text of object 'Object Repository/Connexion Usager/Input_Password' to value ******

2023-11-23 14:59:22 - [MESSAGE][PASSED] - Text ****** has been set on object 'Object Repository/Connexion Usager/Input_Password'

2023-11-23 14:59:22 - [TEST_STEP][PASSED] - setEncryptedText(findTestObject("Object Repository/Connexion Usager/Input_ConfirmePassword"), Password): Text ****** has been set on object 'Object Repository/Connexion Usager/Input_ConfirmePassword'

2023-11-23 14:59:22 - [MESSAGE][INFO] - Finding Test Object 'Object Repository/Connexion Usager/Input_ConfirmePassword'

2023-11-23 14:59:22 - [MESSAGE][INFO] - Checking timeout

2023-11-23 14:59:22 - [MESSAGE][INFO] - Finding web element with id: 'Object Repository/Connexion Usager/Input_ConfirmePassword' located by 'By.xpath: //*/app-input[2]/div/div/input [@type = 'password']' in '20' second(s)

2023-11-23 14:59:22 - [MESSAGE][INFO] - Smart Wait Function is triggered

2023-11-23 14:59:22 - [MESSAGE][INFO] - Found 1 web elements with id: 'Object Repository/Connexion Usager/Input_ConfirmePassword' located by 'By.xpath: //*/app-input[2]/div/div/input [@type = 'password']' in '20' second(s)

2023-11-23 14:59:22 - [MESSAGE][INFO] - Checking object

2023-11-23 14:59:22 - [MESSAGE][INFO] - Checking text

2023-11-23 14:59:22 - [MESSAGE][INFO] - Finding web element from Test Object's properties

2023-11-23 14:59:22 - [MESSAGE][INFO] - Checking timeout

2023-11-23 14:59:22 - [MESSAGE][INFO] - Finding web element with id: 'Object Repository/Connexion Usager/Input_ConfirmePassword' located by 'By.xpath: //*/app-input[2]/div/div/input [@type = 'password']' in '5' second(s)

2023-11-23 14:59:22 - [MESSAGE][INFO] - Smart Wait Function is triggered

2023-11-23 14:59:22 - [MESSAGE][INFO] - Found 1 web elements with id: 'Object Repository/Connexion Usager/Input_ConfirmePassword' located by 'By.xpath: //*/app-input[2]/div/div/input [@type = 'password']' in '5' second(s)

2023-11-23 14:59:22 - [MESSAGE][INFO] - Clearing text of object 'Object Repository/Connexion Usager/Input_ConfirmePassword'

2023-11-23 14:59:24 - [MESSAGE][INFO] - Setting  text of object 'Object Repository/Connexion Usager/Input_ConfirmePassword' to value ******

2023-11-23 14:59:26 - [MESSAGE][PASSED] - Text ****** has been set on object 'Object Repository/Connexion Usager/Input_ConfirmePassword'

2023-11-23 14:59:26 - [TEST_STEP][PASSED] - click(findTestObject("Object Repository/Connexion Usager/btn_CreerMDP")): Object: 'Object Repository/Connexion Usager/btn_CreerMDP' is clicked on

2023-11-23 14:59:26 - [MESSAGE][INFO] - Finding Test Object 'Object Repository/Connexion Usager/btn_CreerMDP'

2023-11-23 14:59:26 - [MESSAGE][INFO] - Checking timeout

2023-11-23 14:59:26 - [MESSAGE][INFO] - Finding web element with id: 'Object Repository/Connexion Usager/btn_CreerMDP' located by 'By.xpath: //*/div/p-button/button [@type= 'button']' in '20' second(s)

2023-11-23 14:59:26 - [MESSAGE][INFO] - Smart Wait Function is triggered

2023-11-23 14:59:26 - [MESSAGE][INFO] - Found 1 web elements with id: 'Object Repository/Connexion Usager/btn_CreerMDP' located by 'By.xpath: //*/div/p-button/button [@type= 'button']' in '20' second(s)

2023-11-23 14:59:26 - [MESSAGE][INFO] - Checking object

2023-11-23 14:59:26 - [MESSAGE][INFO] - Checking timeout

2023-11-23 14:59:26 - [MESSAGE][INFO] - Finding web element from Test Object's properties

2023-11-23 14:59:26 - [MESSAGE][INFO] - Checking timeout

2023-11-23 14:59:26 - [MESSAGE][INFO] - Finding web element with id: 'Object Repository/Connexion Usager/btn_CreerMDP' located by 'By.xpath: //*/div/p-button/button [@type= 'button']' in '5' second(s)

2023-11-23 14:59:26 - [MESSAGE][INFO] - Smart Wait Function is triggered

2023-11-23 14:59:26 - [MESSAGE][INFO] - Found 1 web elements with id: 'Object Repository/Connexion Usager/btn_CreerMDP' located by 'By.xpath: //*/div/p-button/button [@type= 'button']' in '5' second(s)

2023-11-23 14:59:26 - [MESSAGE][INFO] - Clicking on object: 'Object Repository/Connexion Usager/btn_CreerMDP'

2023-11-23 14:59:28 - [MESSAGE][PASSED] - Object: 'Object Repository/Connexion Usager/btn_CreerMDP' is clicked on

2023-11-23 14:59:28 - [TEST_STEP][PASSED] - click(findTestObject("Object Repository/Connexion Usager/btn_span_RetourAccueil")): Object: 'Object Repository/Connexion Usager/btn_span_RetourAccueil' is clicked on

2023-11-23 14:59:28 - [MESSAGE][INFO] - Finding Test Object 'Object Repository/Connexion Usager/btn_span_RetourAccueil'

2023-11-23 14:59:28 - [MESSAGE][INFO] - Checking timeout

2023-11-23 14:59:28 - [MESSAGE][INFO] - Finding web element with id: 'Object Repository/Connexion Usager/btn_span_RetourAccueil' located by 'By.xpath: (.//*[normalize-space(text()) and normalize-space(.)='CRÃATION DE COMPTE'])[1]/following::span[2]' in '20' second(s)

2023-11-23 14:59:28 - [MESSAGE][INFO] - Smart Wait Function is triggered

2023-11-23 14:59:28 - [MESSAGE][INFO] - Smart Wait Function is triggered

2023-11-23 14:59:29 - [MESSAGE][INFO] - Smart Wait Function is triggered

2023-11-23 14:59:29 - [MESSAGE][INFO] - Smart Wait Function is triggered

2023-11-23 14:59:29 - [MESSAGE][INFO] - Smart Wait Function is triggered

2023-11-23 14:59:29 - [MESSAGE][INFO] - Smart Wait Function is triggered

2023-11-23 14:59:29 - [MESSAGE][INFO] - Smart Wait Function is triggered

2023-11-23 14:59:29 - [MESSAGE][INFO] - Smart Wait Function is triggered

2023-11-23 14:59:29 - [MESSAGE][INFO] - Smart Wait Function is triggered

2023-11-23 14:59:29 - [MESSAGE][INFO] - Smart Wait Function is triggered

2023-11-23 14:59:29 - [MESSAGE][INFO] - Smart Wait Function is triggered

2023-11-23 14:59:29 - [MESSAGE][INFO] - Smart Wait Function is triggered

2023-11-23 14:59:29 - [MESSAGE][INFO] - Smart Wait Function is triggered

2023-11-23 14:59:29 - [MESSAGE][INFO] - Smart Wait Function is triggered

2023-11-23 14:59:29 - [MESSAGE][INFO] - Smart Wait Function is triggered

2023-11-23 14:59:29 - [MESSAGE][INFO] - Smart Wait Function is triggered

2023-11-23 14:59:29 - [MESSAGE][INFO] - Smart Wait Function is triggered

2023-11-23 14:59:29 - [MESSAGE][INFO] - Smart Wait Function is triggered

2023-11-23 14:59:29 - [MESSAGE][INFO] - Smart Wait Function is triggered

2023-11-23 14:59:29 - [MESSAGE][INFO] - Smart Wait Function is triggered

2023-11-23 14:59:29 - [MESSAGE][INFO] - Smart Wait Function is triggered

2023-11-23 14:59:29 - [MESSAGE][INFO] - Smart Wait Function is triggered

2023-11-23 14:59:29 - [MESSAGE][INFO] - Smart Wait Function is triggered

2023-11-23 14:59:29 - [MESSAGE][INFO] - Smart Wait Function is triggered

2023-11-23 14:59:29 - [MESSAGE][INFO] - Smart Wait Function is triggered

2023-11-23 14:59:29 - [MESSAGE][INFO] - Smart Wait Function is triggered

2023-11-23 14:59:29 - [MESSAGE][INFO] - Smart Wait Function is triggered

2023-11-23 14:59:29 - [MESSAGE][INFO] - Smart Wait Function is triggered

2023-11-23 14:59:29 - [MESSAGE][INFO] - Smart Wait Function is triggered

2023-11-23 14:59:29 - [MESSAGE][INFO] - Smart Wait Function is triggered

2023-11-23 14:59:29 - [MESSAGE][INFO] - Smart Wait Function is triggered

2023-11-23 14:59:29 - [MESSAGE][INFO] - Smart Wait Function is triggered

2023-11-23 14:59:30 - [MESSAGE][INFO] - Smart Wait Function is triggered

2023-11-23 14:59:30 - [MESSAGE][INFO] - Smart Wait Function is triggered

2023-11-23 14:59:30 - [MESSAGE][INFO] - Smart Wait Function is triggered

2023-11-23 14:59:30 - [MESSAGE][INFO] - Smart Wait Function is triggered

2023-11-23 14:59:30 - [MESSAGE][INFO] - Smart Wait Function is triggered

2023-11-23 14:59:30 - [MESSAGE][INFO] - Smart Wait Function is triggered

2023-11-23 14:59:30 - [MESSAGE][INFO] - Smart Wait Function is triggered

2023-11-23 14:59:30 - [MESSAGE][INFO] - Smart Wait Function is triggered

2023-11-23 14:59:30 - [MESSAGE][INFO] - Found 1 web elements with id: 'Object Repository/Connexion Usager/btn_span_RetourAccueil' located by 'By.xpath: (.//*[normalize-space(text()) and normalize-space(.)='CRÃATION DE COMPTE'])[1]/following::span[2]' in '20' second(s)

2023-11-23 14:59:30 - [MESSAGE][INFO] - Checking object

2023-11-23 14:59:30 - [MESSAGE][INFO] - Checking timeout

2023-11-23 14:59:30 - [MESSAGE][INFO] - Finding web element from Test Object's properties

2023-11-23 14:59:30 - [MESSAGE][INFO] - Checking timeout

2023-11-23 14:59:30 - [MESSAGE][INFO] - Finding web element with id: 'Object Repository/Connexion Usager/btn_span_RetourAccueil' located by 'By.xpath: (.//*[normalize-space(text()) and normalize-space(.)='CRÃATION DE COMPTE'])[1]/following::span[2]' in '5' second(s)

2023-11-23 14:59:30 - [MESSAGE][INFO] - Smart Wait Function is triggered

2023-11-23 14:59:30 - [MESSAGE][INFO] - Found 1 web elements with id: 'Object Repository/Connexion Usager/btn_span_RetourAccueil' located by 'By.xpath: (.//*[normalize-space(text()) and normalize-space(.)='CRÃATION DE COMPTE'])[1]/following::span[2]' in '5' second(s)

2023-11-23 14:59:30 - [MESSAGE][INFO] - Clicking on object: 'Object Repository/Connexion Usager/btn_span_RetourAccueil'

2023-11-23 14:59:32 - [MESSAGE][PASSED] - Object: 'Object Repository/Connexion Usager/btn_span_RetourAccueil' is clicked on

2023-11-23 14:59:32 - [TEST_STEP][PASSED] - waitForPageLoad(5): Wait for page load successfully

2023-11-23 14:59:32 - [MESSAGE][INFO] - Checking timeout

2023-11-23 14:59:32 - [MESSAGE][PASSED] - Wait for page load successfully

2023-11-23 14:59:32 - [MESSAGE][PASSED] - Call Test Case 'Test Cases/Test Reutilisable/Main/Creer Votre Compte' successfully

2023-11-23 14:59:32 - [TEST_STEP][PASSED] - if (StopTestCase == false): Call Test Case 'Test Cases/Test Reutilisable/DemandeOuRenouvelle_TitreSejour/FormulaireConfirmation' successfully

2023-11-23 14:59:32 - [TEST_STEP][PASSED] - callTestCase(findTestCase("Test Reutilisable/Main/Identification"), ["Profiles":"Usager", "NumEtrangerVisa":NumEtrangerVisa], STOP_ON_FAILURE): Call Test Case 'Test Cases/Test Reutilisable/Main/Identification' successfully

2023-11-23 14:59:32 - [MESSAGE][INFO] - Checking called Test Case

2023-11-23 14:59:32 - [MESSAGE][INFO] - Starting to call Test Case 'Test Cases/Test Reutilisable/Main/Identification'

2023-11-23 14:59:32 - [TEST_CASE][PASSED] - Test Cases/Test Reutilisable/Main/Identification: Test Cases/Test Reutilisable/Main/Identification

2023-11-23 14:59:33 - [TEST_STEP][PASSED] - if (Profiles == "Usager"): Object 'Object Repository/Page_Accueil_Usager/Span_MesNotifications' is present

2023-11-23 14:59:33 - [TEST_STEP][PASSED] - delay(5): Delayed 5 second(s)

2023-11-23 14:59:33 - [MESSAGE][INFO] - Delaying browser in 5 second(s)

2023-11-23 14:59:38 - [MESSAGE][PASSED] - Delayed 5 second(s)

2023-11-23 14:59:38 - [TEST_STEP][PASSED] - click(findTestObject("Object Repository/Connexion Usager/Link_Se Connecter")): Object: 'Object Repository/Connexion Usager/Link_Se Connecter' is clicked on

2023-11-23 14:59:38 - [MESSAGE][INFO] - Finding Test Object 'Object Repository/Connexion Usager/Link_Se Connecter'

2023-11-23 14:59:38 - [MESSAGE][INFO] - Checking timeout

2023-11-23 14:59:38 - [MESSAGE][INFO] - Finding web element with id: 'Object Repository/Connexion Usager/Link_Se Connecter' located by 'By.xpath: //*[@id="connexion_link"]' in '20' second(s)

2023-11-23 14:59:38 - [MESSAGE][INFO] - Smart Wait Function is triggered

2023-11-23 14:59:38 - [MESSAGE][INFO] - Found 1 web elements with id: 'Object Repository/Connexion Usager/Link_Se Connecter' located by 'By.xpath: //*[@id="connexion_link"]' in '20' second(s)

2023-11-23 14:59:38 - [MESSAGE][INFO] - Checking object

2023-11-23 14:59:38 - [MESSAGE][INFO] - Checking timeout

2023-11-23 14:59:38 - [MESSAGE][INFO] - Finding web element from Test Object's properties

2023-11-23 14:59:38 - [MESSAGE][INFO] - Checking timeout

2023-11-23 14:59:38 - [MESSAGE][INFO] - Finding web element with id: 'Object Repository/Connexion Usager/Link_Se Connecter' located by 'By.xpath: //*[@id="connexion_link"]' in '5' second(s)

2023-11-23 14:59:38 - [MESSAGE][INFO] - Smart Wait Function is triggered

2023-11-23 14:59:38 - [MESSAGE][INFO] - Found 1 web elements with id: 'Object Repository/Connexion Usager/Link_Se Connecter' located by 'By.xpath: //*[@id="connexion_link"]' in '5' second(s)

2023-11-23 14:59:38 - [MESSAGE][INFO] - Clicking on object: 'Object Repository/Connexion Usager/Link_Se Connecter'

2023-11-23 14:59:41 - [MESSAGE][PASSED] - Object: 'Object Repository/Connexion Usager/Link_Se Connecter' is clicked on

2023-11-23 14:59:41 - [TEST_STEP][PASSED] - callTestCase(findTestCase("Test Reutilisable/Main/Erreur lie a la confidentialite"), [:], STOP_ON_FAILURE): Call Test Case 'Test Cases/Test Reutilisable/Main/Erreur lie a la confidentialite' successfully

2023-11-23 14:59:41 - [MESSAGE][INFO] - Checking called Test Case

2023-11-23 14:59:41 - [MESSAGE][INFO] - Starting to call Test Case 'Test Cases/Test Reutilisable/Main/Erreur lie a la confidentialite'

2023-11-23 14:59:41 - [TEST_CASE][PASSED] - Test Cases/Test Reutilisable/Main/Erreur lie a la confidentialite: Test Cases/Test Reutilisable/Main/Erreur lie a la confidentialite

2023-11-23 14:59:41 - [TEST_STEP][PASSED] - tools.WaitForLoadedPage.waitForElementRendering(): tools.WaitForLoadedPage.waitForElementRendering is PASSED

2023-11-23 14:59:41 - [MESSAGE][PASSED] - tools.WaitForLoadedPage.waitForElementRendering is PASSED

2023-11-23 14:59:41 - [TEST_STEP][PASSED] - "Call Highlight.on() automatically": null

2023-11-23 14:59:41 - [TEST_STEP][PASSED] - DriverName = DriverName: null

2023-11-23 14:59:41 - [TEST_STEP][PASSED] - if (DriverName == "CHROME_DRIVER" || "EDGE_CHROMIUM_DRIVER" || "HEADLESS_DRIVER"): com.kms.katalon.core.webui.exception.WebElementNotFoundException: Web element with id: 'Object Repository/Connexion Usager/Btn_Parametres Avances' located by '//*[@id="details-button"]' not found (Root cause: com.kms.katalon.core.exception.StepFailedException: com.kms.katalon.core.webui.exception.WebElementNotFoundException: Web element with id: 'Object Repository/Connexion Usager/Btn_Parametres Avances' located by '//*[@id="details-button"]' not found
	at com.kms.katalon.core.webui.keyword.internal.WebUIKeywordMain.stepFailed(WebUIKeywordMain.groovy:64)
	at com.kms.katalon.core.webui.keyword.builtin.VerifyElementPresentKeyword$_verifyElementPresent_closure1.doCall(VerifyElementPresentKeyword.groovy:85)
	at com.kms.katalon.core.webui.keyword.builtin.VerifyElementPresentKeyword$_verifyElementPresent_closure1.call(VerifyElementPresentKeyword.groovy)
	at com.kms.katalon.core.webui.keyword.internal.WebUIKeywordMain.runKeyword(WebUIKeywordMain.groovy:20)
	at com.kms.katalon.core.webui.keyword.builtin.VerifyElementPresentKeyword.verifyElementPresent(VerifyElementPresentKeyword.groovy:92)
	at com.kms.katalon.core.webui.keyword.builtin.VerifyElementPresentKeyword.execute(VerifyElementPresentKeyword.groovy:68)
	at com.kms.katalon.core.keyword.internal.KeywordExecutor.executeKeywordForPlatform(KeywordExecutor.groovy:74)
	at com.kms.katalon.core.webui.keyword.WebUiBuiltInKeywords.verifyElementPresent(WebUiBuiltInKeywords.groovy:1448)
	at com.kazurayam.ksbackyard.HighlightElement$_pandemic_closure1.doCall(HighlightElement.groovy:105)
	at Erreur lie a la confidentialite.run(Erreur lie a la confidentialite:43)
	at com.kms.katalon.core.main.ScriptEngine.run(ScriptEngine.java:194)
	at com.kms.katalon.core.main.ScriptEngine.runScriptAsRawText(ScriptEngine.java:119)
	at com.kms.katalon.core.main.TestCaseExecutor.runScript(TestCaseExecutor.java:448)
	at com.kms.katalon.core.main.TestCaseExecutor.doExecute(TestCaseExecutor.java:439)
	at com.kms.katalon.core.main.TestCaseExecutor.processExecutionPhase(TestCaseExecutor.java:418)
	at com.kms.katalon.core.main.TestCaseExecutor.accessMainPhase(TestCaseExecutor.java:410)
	at com.kms.katalon.core.main.TestCaseExecutor.execute(TestCaseExecutor.java:285)
	at com.kms.katalon.core.main.TestCaseMain.runTestCase(TestCaseMain.java:144)
	at com.kms.katalon.core.keyword.builtin.CallTestCaseKeyword$_callTestCase_closure1.doCall(CallTestCaseKeyword.groovy:59)
	at com.kms.katalon.core.keyword.builtin.CallTestCaseKeyword$_callTestCase_closure1.call(CallTestCaseKeyword.groovy)
	at com.kms.katalon.core.keyword.internal.KeywordMain.runKeyword(KeywordMain.groovy:75)
	at com.kms.katalon.core.keyword.builtin.CallTestCaseKeyword.callTestCase(CallTestCaseKeyword.groovy:81)
	at com.kms.katalon.core.keyword.builtin.CallTestCaseKeyword.execute(CallTestCaseKeyword.groovy:44)
	at com.kms.katalon.core.keyword.internal.KeywordExecutor.executeKeywordForPlatform(KeywordExecutor.groovy:74)
	at com.kms.katalon.core.keyword.BuiltinKeywords.callTestCase(BuiltinKeywords.groovy:310)
	at com.kazurayam.ksbackyard.HighlightElement$_pandemic_closure1.doCall(HighlightElement.groovy:105)
	at Identification.run(Identification:35)
	at com.kms.katalon.core.main.ScriptEngine.run(ScriptEngine.java:194)
	at com.kms.katalon.core.main.ScriptEngine.runScriptAsRawText(ScriptEngine.java:119)
	at com.kms.katalon.core.main.TestCaseExecutor.runScript(TestCaseExecutor.java:448)
	at com.kms.katalon.core.main.TestCaseExecutor.doExecute(TestCaseExecutor.java:439)
	at com.kms.katalon.core.main.TestCaseExecutor.processExecutionPhase(TestCaseExecutor.java:418)
	at com.kms.katalon.core.main.TestCaseExecutor.accessMainPhase(TestCaseExecutor.java:410)
	at com.kms.katalon.core.main.TestCaseExecutor.execute(TestCaseExecutor.java:285)
	at com.kms.katalon.core.main.TestCaseMain.runTestCase(TestCaseMain.java:144)
	at com.kms.katalon.core.keyword.builtin.CallTestCaseKeyword$_callTestCase_closure1.doCall(CallTestCaseKeyword.groovy:59)
	at com.kms.katalon.core.keyword.builtin.CallTestCaseKeyword$_callTestCase_closure1.call(CallTestCaseKeyword.groovy)
	at com.kms.katalon.core.keyword.internal.KeywordMain.runKeyword(KeywordMain.groovy:75)
	at com.kms.katalon.core.keyword.builtin.CallTestCaseKeyword.callTestCase(CallTestCaseKeyword.groovy:81)
	at com.kms.katalon.core.keyword.builtin.CallTestCaseKeyword.execute(CallTestCaseKeyword.groovy:44)
	at com.kms.katalon.core.keyword.internal.KeywordExecutor.executeKeywordForPlatform(KeywordExecutor.groovy:74)
	at com.kms.katalon.core.keyword.BuiltinKeywords.callTestCase(BuiltinKeywords.groovy:310)
	at com.kazurayam.ksbackyard.HighlightElement$_pandemic_closure1.doCall(HighlightElement.groovy:105)
	at TNR R.TSPT Supp90-Etudiant.run(TNR R.TSPT Supp90-Etudiant:35)
	at com.kms.katalon.core.main.ScriptEngine.run(ScriptEngine.java:194)
	at com.kms.katalon.core.main.ScriptEngine.runScriptAsRawText(ScriptEngine.java:119)
	at com.kms.katalon.core.main.TestCaseExecutor.runScript(TestCaseExecutor.java:448)
	at com.kms.katalon.core.main.TestCaseExecutor.doExecute(TestCaseExecutor.java:439)
	at com.kms.katalon.core.main.TestCaseExecutor.processExecutionPhase(TestCaseExecutor.java:418)
	at com.kms.katalon.core.main.TestCaseExecutor.accessMainPhase(TestCaseExecutor.java:410)
	at com.kms.katalon.core.main.TestCaseExecutor.execute(TestCaseExecutor.java:285)
	at com.kms.katalon.core.common.CommonExecutor.accessTestCaseMainPhase(CommonExecutor.java:65)
	at com.kms.katalon.core.main.TestSuiteExecutor.accessTestSuiteMainPhase(TestSuiteExecutor.java:148)
	at com.kms.katalon.core.main.TestSuiteExecutor.execute(TestSuiteExecutor.java:106)
	at com.kms.katalon.core.main.TestCaseMain.startTestSuite(TestCaseMain.java:187)
	at com.kms.katalon.core.main.TestCaseMain$startTestSuite$0.call(Unknown Source)
	at TempTestSuite1700747757013.run(TempTestSuite1700747757013.groovy:36)
)

2023-11-23 14:59:41 - [TEST_STEP][PASSED] - if (verifyElementPresent(findTestObject("Object Repository/Connexion Usager/Btn_Parametres Avances"), 2, OPTIONAL)): com.kms.katalon.core.webui.exception.WebElementNotFoundException: Web element with id: 'Object Repository/Connexion Usager/Btn_Parametres Avances' located by '//*[@id="details-button"]' not found (Root cause: com.kms.katalon.core.exception.StepFailedException: com.kms.katalon.core.webui.exception.WebElementNotFoundException: Web element with id: 'Object Repository/Connexion Usager/Btn_Parametres Avances' located by '//*[@id="details-button"]' not found
	at com.kms.katalon.core.webui.keyword.internal.WebUIKeywordMain.stepFailed(WebUIKeywordMain.groovy:64)
	at com.kms.katalon.core.webui.keyword.builtin.VerifyElementPresentKeyword$_verifyElementPresent_closure1.doCall(VerifyElementPresentKeyword.groovy:85)
	at com.kms.katalon.core.webui.keyword.builtin.VerifyElementPresentKeyword$_verifyElementPresent_closure1.call(VerifyElementPresentKeyword.groovy)
	at com.kms.katalon.core.webui.keyword.internal.WebUIKeywordMain.runKeyword(WebUIKeywordMain.groovy:20)
	at com.kms.katalon.core.webui.keyword.builtin.VerifyElementPresentKeyword.verifyElementPresent(VerifyElementPresentKeyword.groovy:92)
	at com.kms.katalon.core.webui.keyword.builtin.VerifyElementPresentKeyword.execute(VerifyElementPresentKeyword.groovy:68)
	at com.kms.katalon.core.keyword.internal.KeywordExecutor.executeKeywordForPlatform(KeywordExecutor.groovy:74)
	at com.kms.katalon.core.webui.keyword.WebUiBuiltInKeywords.verifyElementPresent(WebUiBuiltInKeywords.groovy:1448)
	at com.kazurayam.ksbackyard.HighlightElement$_pandemic_closure1.doCall(HighlightElement.groovy:105)
	at Erreur lie a la confidentialite.run(Erreur lie a la confidentialite:43)
	at com.kms.katalon.core.main.ScriptEngine.run(ScriptEngine.java:194)
	at com.kms.katalon.core.main.ScriptEngine.runScriptAsRawText(ScriptEngine.java:119)
	at com.kms.katalon.core.main.TestCaseExecutor.runScript(TestCaseExecutor.java:448)
	at com.kms.katalon.core.main.TestCaseExecutor.doExecute(TestCaseExecutor.java:439)
	at com.kms.katalon.core.main.TestCaseExecutor.processExecutionPhase(TestCaseExecutor.java:418)
	at com.kms.katalon.core.main.TestCaseExecutor.accessMainPhase(TestCaseExecutor.java:410)
	at com.kms.katalon.core.main.TestCaseExecutor.execute(TestCaseExecutor.java:285)
	at com.kms.katalon.core.main.TestCaseMain.runTestCase(TestCaseMain.java:144)
	at com.kms.katalon.core.keyword.builtin.CallTestCaseKeyword$_callTestCase_closure1.doCall(CallTestCaseKeyword.groovy:59)
	at com.kms.katalon.core.keyword.builtin.CallTestCaseKeyword$_callTestCase_closure1.call(CallTestCaseKeyword.groovy)
	at com.kms.katalon.core.keyword.internal.KeywordMain.runKeyword(KeywordMain.groovy:75)
	at com.kms.katalon.core.keyword.builtin.CallTestCaseKeyword.callTestCase(CallTestCaseKeyword.groovy:81)
	at com.kms.katalon.core.keyword.builtin.CallTestCaseKeyword.execute(CallTestCaseKeyword.groovy:44)
	at com.kms.katalon.core.keyword.internal.KeywordExecutor.executeKeywordForPlatform(KeywordExecutor.groovy:74)
	at com.kms.katalon.core.keyword.BuiltinKeywords.callTestCase(BuiltinKeywords.groovy:310)
	at com.kazurayam.ksbackyard.HighlightElement$_pandemic_closure1.doCall(HighlightElement.groovy:105)
	at Identification.run(Identification:35)
	at com.kms.katalon.core.main.ScriptEngine.run(ScriptEngine.java:194)
	at com.kms.katalon.core.main.ScriptEngine.runScriptAsRawText(ScriptEngine.java:119)
	at com.kms.katalon.core.main.TestCaseExecutor.runScript(TestCaseExecutor.java:448)
	at com.kms.katalon.core.main.TestCaseExecutor.doExecute(TestCaseExecutor.java:439)
	at com.kms.katalon.core.main.TestCaseExecutor.processExecutionPhase(TestCaseExecutor.java:418)
	at com.kms.katalon.core.main.TestCaseExecutor.accessMainPhase(TestCaseExecutor.java:410)
	at com.kms.katalon.core.main.TestCaseExecutor.execute(TestCaseExecutor.java:285)
	at com.kms.katalon.core.main.TestCaseMain.runTestCase(TestCaseMain.java:144)
	at com.kms.katalon.core.keyword.builtin.CallTestCaseKeyword$_callTestCase_closure1.doCall(CallTestCaseKeyword.groovy:59)
	at com.kms.katalon.core.keyword.builtin.CallTestCaseKeyword$_callTestCase_closure1.call(CallTestCaseKeyword.groovy)
	at com.kms.katalon.core.keyword.internal.KeywordMain.runKeyword(KeywordMain.groovy:75)
	at com.kms.katalon.core.keyword.builtin.CallTestCaseKeyword.callTestCase(CallTestCaseKeyword.groovy:81)
	at com.kms.katalon.core.keyword.builtin.CallTestCaseKeyword.execute(CallTestCaseKeyword.groovy:44)
	at com.kms.katalon.core.keyword.internal.KeywordExecutor.executeKeywordForPlatform(KeywordExecutor.groovy:74)
	at com.kms.katalon.core.keyword.BuiltinKeywords.callTestCase(BuiltinKeywords.groovy:310)
	at com.kazurayam.ksbackyard.HighlightElement$_pandemic_closure1.doCall(HighlightElement.groovy:105)
	at TNR R.TSPT Supp90-Etudiant.run(TNR R.TSPT Supp90-Etudiant:35)
	at com.kms.katalon.core.main.ScriptEngine.run(ScriptEngine.java:194)
	at com.kms.katalon.core.main.ScriptEngine.runScriptAsRawText(ScriptEngine.java:119)
	at com.kms.katalon.core.main.TestCaseExecutor.runScript(TestCaseExecutor.java:448)
	at com.kms.katalon.core.main.TestCaseExecutor.doExecute(TestCaseExecutor.java:439)
	at com.kms.katalon.core.main.TestCaseExecutor.processExecutionPhase(TestCaseExecutor.java:418)
	at com.kms.katalon.core.main.TestCaseExecutor.accessMainPhase(TestCaseExecutor.java:410)
	at com.kms.katalon.core.main.TestCaseExecutor.execute(TestCaseExecutor.java:285)
	at com.kms.katalon.core.common.CommonExecutor.accessTestCaseMainPhase(CommonExecutor.java:65)
	at com.kms.katalon.core.main.TestSuiteExecutor.accessTestSuiteMainPhase(TestSuiteExecutor.java:148)
	at com.kms.katalon.core.main.TestSuiteExecutor.execute(TestSuiteExecutor.java:106)
	at com.kms.katalon.core.main.TestCaseMain.startTestSuite(TestCaseMain.java:187)
	at com.kms.katalon.core.main.TestCaseMain$startTestSuite$0.call(Unknown Source)
	at TempTestSuite1700747757013.run(TempTestSuite1700747757013.groovy:36)
)

2023-11-23 14:59:41 - [MESSAGE][INFO] - Finding Test Object 'Object Repository/Connexion Usager/Btn_Parametres Avances'

2023-11-23 14:59:41 - [MESSAGE][INFO] - Checking object

2023-11-23 14:59:41 - [MESSAGE][INFO] - Finding web element from Test Object's properties

2023-11-23 14:59:41 - [MESSAGE][INFO] - Checking timeout

2023-11-23 14:59:41 - [MESSAGE][INFO] - Finding web element with id: 'Object Repository/Connexion Usager/Btn_Parametres Avances' located by 'By.xpath: //*[@id="details-button"]' in '2' second(s)

2023-11-23 14:59:41 - [MESSAGE][INFO] - Smart Wait Function is triggered

2023-11-23 14:59:41 - [MESSAGE][INFO] - Smart Wait Function is triggered

2023-11-23 14:59:41 - [MESSAGE][INFO] - Smart Wait Function is triggered

2023-11-23 14:59:41 - [MESSAGE][INFO] - Smart Wait Function is triggered

2023-11-23 14:59:41 - [MESSAGE][INFO] - Smart Wait Function is triggered

2023-11-23 14:59:41 - [MESSAGE][INFO] - Smart Wait Function is triggered

2023-11-23 14:59:41 - [MESSAGE][INFO] - Smart Wait Function is triggered

2023-11-23 14:59:41 - [MESSAGE][INFO] - Smart Wait Function is triggered

2023-11-23 14:59:41 - [MESSAGE][INFO] - Smart Wait Function is triggered

2023-11-23 14:59:41 - [MESSAGE][INFO] - Smart Wait Function is triggered

2023-11-23 14:59:41 - [MESSAGE][INFO] - Smart Wait Function is triggered

2023-11-23 14:59:41 - [MESSAGE][INFO] - Smart Wait Function is triggered

2023-11-23 14:59:41 - [MESSAGE][INFO] - Smart Wait Function is triggered

2023-11-23 14:59:41 - [MESSAGE][INFO] - Smart Wait Function is triggered

2023-11-23 14:59:41 - [MESSAGE][INFO] - Smart Wait Function is triggered

2023-11-23 14:59:41 - [MESSAGE][INFO] - Smart Wait Function is triggered

2023-11-23 14:59:41 - [MESSAGE][INFO] - Smart Wait Function is triggered

2023-11-23 14:59:41 - [MESSAGE][INFO] - Smart Wait Function is triggered

2023-11-23 14:59:41 - [MESSAGE][INFO] - Smart Wait Function is triggered

2023-11-23 14:59:41 - [MESSAGE][INFO] - Smart Wait Function is triggered

2023-11-23 14:59:41 - [MESSAGE][INFO] - Smart Wait Function is triggered

2023-11-23 14:59:41 - [MESSAGE][INFO] - Smart Wait Function is triggered

2023-11-23 14:59:41 - [MESSAGE][INFO] - Smart Wait Function is triggered

2023-11-23 14:59:41 - [MESSAGE][INFO] - Smart Wait Function is triggered

2023-11-23 14:59:41 - [MESSAGE][INFO] - Smart Wait Function is triggered

2023-11-23 14:59:42 - [MESSAGE][INFO] - Smart Wait Function is triggered

2023-11-23 14:59:42 - [MESSAGE][INFO] - Smart Wait Function is triggered

2023-11-23 14:59:42 - [MESSAGE][INFO] - Smart Wait Function is triggered

2023-11-23 14:59:42 - [MESSAGE][INFO] - Smart Wait Function is triggered

2023-11-23 14:59:42 - [MESSAGE][INFO] - Smart Wait Function is triggered

2023-11-23 14:59:42 - [MESSAGE][INFO] - Smart Wait Function is triggered

2023-11-23 14:59:42 - [MESSAGE][INFO] - Smart Wait Function is triggered

2023-11-23 14:59:42 - [MESSAGE][INFO] - Smart Wait Function is triggered

2023-11-23 14:59:42 - [MESSAGE][INFO] - Smart Wait Function is triggered

2023-11-23 14:59:42 - [MESSAGE][INFO] - Smart Wait Function is triggered

2023-11-23 14:59:42 - [MESSAGE][INFO] - Smart Wait Function is triggered

2023-11-23 14:59:42 - [MESSAGE][INFO] - Smart Wait Function is triggered

2023-11-23 14:59:42 - [MESSAGE][INFO] - Smart Wait Function is triggered

2023-11-23 14:59:42 - [MESSAGE][INFO] - Smart Wait Function is triggered

2023-11-23 14:59:42 - [MESSAGE][INFO] - Smart Wait Function is triggered

2023-11-23 14:59:42 - [MESSAGE][INFO] - Smart Wait Function is triggered

2023-11-23 14:59:42 - [MESSAGE][INFO] - Smart Wait Function is triggered

2023-11-23 14:59:42 - [MESSAGE][INFO] - Smart Wait Function is triggered

2023-11-23 14:59:42 - [MESSAGE][INFO] - Smart Wait Function is triggered

2023-11-23 14:59:42 - [MESSAGE][INFO] - Smart Wait Function is triggered

2023-11-23 14:59:42 - [MESSAGE][INFO] - Smart Wait Function is triggered

2023-11-23 14:59:42 - [MESSAGE][INFO] - Smart Wait Function is triggered

2023-11-23 14:59:42 - [MESSAGE][INFO] - Smart Wait Function is triggered

2023-11-23 14:59:42 - [MESSAGE][INFO] - Smart Wait Function is triggered

2023-11-23 14:59:42 - [MESSAGE][INFO] - Smart Wait Function is triggered

2023-11-23 14:59:42 - [MESSAGE][INFO] - Smart Wait Function is triggered

2023-11-23 14:59:42 - [MESSAGE][INFO] - Smart Wait Function is triggered

2023-11-23 14:59:42 - [MESSAGE][INFO] - Smart Wait Function is triggered

2023-11-23 14:59:42 - [MESSAGE][INFO] - Smart Wait Function is triggered

2023-11-23 14:59:43 - [MESSAGE][INFO] - Smart Wait Function is triggered

2023-11-23 14:59:43 - [MESSAGE][INFO] - Smart Wait Function is triggered

2023-11-23 14:59:43 - [MESSAGE][INFO] - Smart Wait Function is triggered

2023-11-23 14:59:43 - [MESSAGE][INFO] - Smart Wait Function is triggered

2023-11-23 14:59:43 - [MESSAGE][INFO] - Smart Wait Function is triggered

2023-11-23 14:59:43 - [MESSAGE][INFO] - Smart Wait Function is triggered

2023-11-23 14:59:43 - [MESSAGE][INFO] - Smart Wait Function is triggered

2023-11-23 14:59:43 - [MESSAGE][INFO] - Smart Wait Function is triggered

2023-11-23 14:59:43 - [MESSAGE][INFO] - Smart Wait Function is triggered

2023-11-23 14:59:43 - [MESSAGE][INFO] - Smart Wait Function is triggered

2023-11-23 14:59:43 - [MESSAGE][INFO] - Smart Wait Function is triggered

2023-11-23 14:59:43 - [MESSAGE][INFO] - Smart Wait Function is triggered

2023-11-23 14:59:43 - [MESSAGE][INFO] - Smart Wait Function is triggered

2023-11-23 14:59:43 - [MESSAGE][INFO] - Smart Wait Function is triggered

2023-11-23 14:59:43 - [MESSAGE][INFO] - Smart Wait Function is triggered

2023-11-23 14:59:43 - [MESSAGE][INFO] - Smart Wait Function is triggered

2023-11-23 14:59:43 - [MESSAGE][INFO] - Smart Wait Function is triggered

2023-11-23 14:59:43 - [MESSAGE][INFO] - Smart Wait Function is triggered

2023-11-23 14:59:43 - [MESSAGE][INFO] - Smart Wait Function is triggered

2023-11-23 14:59:43 - [MESSAGE][INFO] - Smart Wait Function is triggered

2023-11-23 14:59:43 - [MESSAGE][INFO] - Smart Wait Function is triggered

2023-11-23 14:59:43 - [MESSAGE][INFO] - Smart Wait Function is triggered

2023-11-23 14:59:43 - [MESSAGE][INFO] - Smart Wait Function is triggered

2023-11-23 14:59:43 - [MESSAGE][INFO] - Smart Wait Function is triggered

2023-11-23 14:59:43 - [MESSAGE][INFO] - Smart Wait Function is triggered

2023-11-23 14:59:43 - [MESSAGE][INFO] - Smart Wait Function is triggered

2023-11-23 14:59:43 - [MESSAGE][INFO] - Smart Wait Function is triggered

2023-11-23 14:59:43 - [MESSAGE][INFO] - Smart Wait Function is triggered

2023-11-23 14:59:43 - [MESSAGE][INFO] - Smart Wait Function is triggered

2023-11-23 14:59:43 - [MESSAGE][INFO] - Smart Wait Function is triggered

2023-11-23 14:59:43 - [MESSAGE][INFO] - Smart Wait Function is triggered

2023-11-23 14:59:43 - [MESSAGE][INFO] - Smart Wait Function is triggered

2023-11-23 14:59:44 - [MESSAGE][INFO] - Smart Wait Function is triggered

2023-11-23 14:59:44 - [MESSAGE][INFO] - Smart Wait Function is triggered

2023-11-23 14:59:44 - [MESSAGE][INFO] - Smart Wait Function is triggered

2023-11-23 14:59:44 - [MESSAGE][INFO] - Smart Wait Function is triggered

2023-11-23 14:59:44 - [MESSAGE][INFO] - Smart Wait Function is triggered

2023-11-23 14:59:44 - [MESSAGE][INFO] - Smart Wait Function is triggered

2023-11-23 14:59:44 - [MESSAGE][INFO] - Smart Wait Function is triggered

2023-11-23 14:59:44 - [MESSAGE][INFO] - Smart Wait Function is triggered

2023-11-23 14:59:44 - [MESSAGE][INFO] - Unable to find the element located by 'By.xpath: //*[@id="details-button"]'. Please recheck the objects properties to make sure the desired element is located. 

2023-11-23 14:59:44 - [MESSAGE][WARNING] - com.kms.katalon.core.webui.exception.WebElementNotFoundException: Web element with id: 'Object Repository/Connexion Usager/Btn_Parametres Avances' located by '//*[@id="details-button"]' not found (Root cause: com.kms.katalon.core.exception.StepFailedException: com.kms.katalon.core.webui.exception.WebElementNotFoundException: Web element with id: 'Object Repository/Connexion Usager/Btn_Parametres Avances' located by '//*[@id="details-button"]' not found
	at com.kms.katalon.core.webui.keyword.internal.WebUIKeywordMain.stepFailed(WebUIKeywordMain.groovy:64)
	at com.kms.katalon.core.webui.keyword.builtin.VerifyElementPresentKeyword$_verifyElementPresent_closure1.doCall(VerifyElementPresentKeyword.groovy:85)
	at com.kms.katalon.core.webui.keyword.builtin.VerifyElementPresentKeyword$_verifyElementPresent_closure1.call(VerifyElementPresentKeyword.groovy)
	at com.kms.katalon.core.webui.keyword.internal.WebUIKeywordMain.runKeyword(WebUIKeywordMain.groovy:20)
	at com.kms.katalon.core.webui.keyword.builtin.VerifyElementPresentKeyword.verifyElementPresent(VerifyElementPresentKeyword.groovy:92)
	at com.kms.katalon.core.webui.keyword.builtin.VerifyElementPresentKeyword.execute(VerifyElementPresentKeyword.groovy:68)
	at com.kms.katalon.core.keyword.internal.KeywordExecutor.executeKeywordForPlatform(KeywordExecutor.groovy:74)
	at com.kms.katalon.core.webui.keyword.WebUiBuiltInKeywords.verifyElementPresent(WebUiBuiltInKeywords.groovy:1448)
	at com.kazurayam.ksbackyard.HighlightElement$_pandemic_closure1.doCall(HighlightElement.groovy:105)
	at Erreur lie a la confidentialite.run(Erreur lie a la confidentialite:43)
	at com.kms.katalon.core.main.ScriptEngine.run(ScriptEngine.java:194)
	at com.kms.katalon.core.main.ScriptEngine.runScriptAsRawText(ScriptEngine.java:119)
	at com.kms.katalon.core.main.TestCaseExecutor.runScript(TestCaseExecutor.java:448)
	at com.kms.katalon.core.main.TestCaseExecutor.doExecute(TestCaseExecutor.java:439)
	at com.kms.katalon.core.main.TestCaseExecutor.processExecutionPhase(TestCaseExecutor.java:418)
	at com.kms.katalon.core.main.TestCaseExecutor.accessMainPhase(TestCaseExecutor.java:410)
	at com.kms.katalon.core.main.TestCaseExecutor.execute(TestCaseExecutor.java:285)
	at com.kms.katalon.core.main.TestCaseMain.runTestCase(TestCaseMain.java:144)
	at com.kms.katalon.core.keyword.builtin.CallTestCaseKeyword$_callTestCase_closure1.doCall(CallTestCaseKeyword.groovy:59)
	at com.kms.katalon.core.keyword.builtin.CallTestCaseKeyword$_callTestCase_closure1.call(CallTestCaseKeyword.groovy)
	at com.kms.katalon.core.keyword.internal.KeywordMain.runKeyword(KeywordMain.groovy:75)
	at com.kms.katalon.core.keyword.builtin.CallTestCaseKeyword.callTestCase(CallTestCaseKeyword.groovy:81)
	at com.kms.katalon.core.keyword.builtin.CallTestCaseKeyword.execute(CallTestCaseKeyword.groovy:44)
	at com.kms.katalon.core.keyword.internal.KeywordExecutor.executeKeywordForPlatform(KeywordExecutor.groovy:74)
	at com.kms.katalon.core.keyword.BuiltinKeywords.callTestCase(BuiltinKeywords.groovy:310)
	at com.kazurayam.ksbackyard.HighlightElement$_pandemic_closure1.doCall(HighlightElement.groovy:105)
	at Identification.run(Identification:35)
	at com.kms.katalon.core.main.ScriptEngine.run(ScriptEngine.java:194)
	at com.kms.katalon.core.main.ScriptEngine.runScriptAsRawText(ScriptEngine.java:119)
	at com.kms.katalon.core.main.TestCaseExecutor.runScript(TestCaseExecutor.java:448)
	at com.kms.katalon.core.main.TestCaseExecutor.doExecute(TestCaseExecutor.java:439)
	at com.kms.katalon.core.main.TestCaseExecutor.processExecutionPhase(TestCaseExecutor.java:418)
	at com.kms.katalon.core.main.TestCaseExecutor.accessMainPhase(TestCaseExecutor.java:410)
	at com.kms.katalon.core.main.TestCaseExecutor.execute(TestCaseExecutor.java:285)
	at com.kms.katalon.core.main.TestCaseMain.runTestCase(TestCaseMain.java:144)
	at com.kms.katalon.core.keyword.builtin.CallTestCaseKeyword$_callTestCase_closure1.doCall(CallTestCaseKeyword.groovy:59)
	at com.kms.katalon.core.keyword.builtin.CallTestCaseKeyword$_callTestCase_closure1.call(CallTestCaseKeyword.groovy)
	at com.kms.katalon.core.keyword.internal.KeywordMain.runKeyword(KeywordMain.groovy:75)
	at com.kms.katalon.core.keyword.builtin.CallTestCaseKeyword.callTestCase(CallTestCaseKeyword.groovy:81)
	at com.kms.katalon.core.keyword.builtin.CallTestCaseKeyword.execute(CallTestCaseKeyword.groovy:44)
	at com.kms.katalon.core.keyword.internal.KeywordExecutor.executeKeywordForPlatform(KeywordExecutor.groovy:74)
	at com.kms.katalon.core.keyword.BuiltinKeywords.callTestCase(BuiltinKeywords.groovy:310)
	at com.kazurayam.ksbackyard.HighlightElement$_pandemic_closure1.doCall(HighlightElement.groovy:105)
	at TNR R.TSPT Supp90-Etudiant.run(TNR R.TSPT Supp90-Etudiant:35)
	at com.kms.katalon.core.main.ScriptEngine.run(ScriptEngine.java:194)
	at com.kms.katalon.core.main.ScriptEngine.runScriptAsRawText(ScriptEngine.java:119)
	at com.kms.katalon.core.main.TestCaseExecutor.runScript(TestCaseExecutor.java:448)
	at com.kms.katalon.core.main.TestCaseExecutor.doExecute(TestCaseExecutor.java:439)
	at com.kms.katalon.core.main.TestCaseExecutor.processExecutionPhase(TestCaseExecutor.java:418)
	at com.kms.katalon.core.main.TestCaseExecutor.accessMainPhase(TestCaseExecutor.java:410)
	at com.kms.katalon.core.main.TestCaseExecutor.execute(TestCaseExecutor.java:285)
	at com.kms.katalon.core.common.CommonExecutor.accessTestCaseMainPhase(CommonExecutor.java:65)
	at com.kms.katalon.core.main.TestSuiteExecutor.accessTestSuiteMainPhase(TestSuiteExecutor.java:148)
	at com.kms.katalon.core.main.TestSuiteExecutor.execute(TestSuiteExecutor.java:106)
	at com.kms.katalon.core.main.TestCaseMain.startTestSuite(TestCaseMain.java:187)
	at com.kms.katalon.core.main.TestCaseMain$startTestSuite$0.call(Unknown Source)
	at TempTestSuite1700747757013.run(TempTestSuite1700747757013.groovy:36)
)
[[ATTACHMENT|C:\\Users\\ISSAM.RHARBAOUI\\git\\22_11\\ANEF-AutomatizationProject\\Reports\\20231123_145557\\TS_TNR_R.TSPT_Suppo90\\20231123_145557\\1700747984272.png]]

2023-11-23 14:59:44 - [TEST_STEP][PASSED] - if (DriverName == "IE_DRIVER"): null

2023-11-23 14:59:44 - [TEST_STEP][PASSED] - delay(3): Delayed 3 second(s)

2023-11-23 14:59:44 - [MESSAGE][INFO] - Delaying browser in 3 second(s)

2023-11-23 14:59:47 - [MESSAGE][PASSED] - Delayed 3 second(s)

2023-11-23 14:59:47 - [MESSAGE][PASSED] - Call Test Case 'Test Cases/Test Reutilisable/Main/Erreur lie a la confidentialite' successfully

2023-11-23 14:59:47 - [TEST_STEP][PASSED] - delay(5): Delayed 5 second(s)

2023-11-23 14:59:47 - [MESSAGE][INFO] - Delaying browser in 5 second(s)

2023-11-23 14:59:52 - [MESSAGE][PASSED] - Delayed 5 second(s)

2023-11-23 14:59:52 - [TEST_STEP][PASSED] - setText(findTestObject("Object Repository/Connexion Usager/Input_Identifiant"), NumEtrangerVisa): Text '7703040872' is set on object 'Object Repository/Connexion Usager/Input_Identifiant'

2023-11-23 14:59:52 - [MESSAGE][INFO] - Finding Test Object 'Object Repository/Connexion Usager/Input_Identifiant'

2023-11-23 14:59:52 - [MESSAGE][INFO] - Checking timeout

2023-11-23 14:59:52 - [MESSAGE][INFO] - Finding web element with id: 'Object Repository/Connexion Usager/Input_Identifiant' located by 'By.xpath: //*[@id="login"]' in '20' second(s)

2023-11-23 14:59:52 - [MESSAGE][INFO] - Smart Wait Function is triggered

2023-11-23 14:59:52 - [MESSAGE][INFO] - Found 1 web elements with id: 'Object Repository/Connexion Usager/Input_Identifiant' located by 'By.xpath: //*[@id="login"]' in '20' second(s)

2023-11-23 14:59:52 - [MESSAGE][INFO] - Checking object

2023-11-23 14:59:52 - [MESSAGE][INFO] - Checking text

2023-11-23 14:59:52 - [MESSAGE][INFO] - Finding web element from Test Object's properties

2023-11-23 14:59:52 - [MESSAGE][INFO] - Checking timeout

2023-11-23 14:59:52 - [MESSAGE][INFO] - Finding web element with id: 'Object Repository/Connexion Usager/Input_Identifiant' located by 'By.xpath: //*[@id="login"]' in '5' second(s)

2023-11-23 14:59:52 - [MESSAGE][INFO] - Smart Wait Function is triggered

2023-11-23 14:59:52 - [MESSAGE][INFO] - Found 1 web elements with id: 'Object Repository/Connexion Usager/Input_Identifiant' located by 'By.xpath: //*[@id="login"]' in '5' second(s)

2023-11-23 14:59:52 - [MESSAGE][INFO] - Clearing text of object 'Object Repository/Connexion Usager/Input_Identifiant'

2023-11-23 14:59:54 - [MESSAGE][INFO] - Finding web element from Test Object's properties

2023-11-23 14:59:54 - [MESSAGE][INFO] - Checking timeout

2023-11-23 14:59:54 - [MESSAGE][INFO] - Finding web element with id: 'Object Repository/Connexion Usager/Input_Identifiant' located by 'By.xpath: //*[@id="login"]' in '5' second(s)

2023-11-23 14:59:54 - [MESSAGE][INFO] - Smart Wait Function is triggered

2023-11-23 14:59:54 - [MESSAGE][INFO] - Found 1 web elements with id: 'Object Repository/Connexion Usager/Input_Identifiant' located by 'By.xpath: //*[@id="login"]' in '5' second(s)

2023-11-23 14:59:54 - [MESSAGE][INFO] - Setting text of object 'Object Repository/Connexion Usager/Input_Identifiant' to value '7703040872'

2023-11-23 14:59:56 - [MESSAGE][PASSED] - Text '7703040872' is set on object 'Object Repository/Connexion Usager/Input_Identifiant'

2023-11-23 14:59:56 - [TEST_STEP][PASSED] - NumEtrangerVisa = NumEtrangerVisa: null

2023-11-23 14:59:56 - [TEST_STEP][PASSED] - setEncryptedText(findTestObject("Object Repository/Connexion Usager/Input_MDP"), Password): Text ****** has been set on object 'Object Repository/Connexion Usager/Input_MDP'

2023-11-23 14:59:56 - [MESSAGE][INFO] - Finding Test Object 'Object Repository/Connexion Usager/Input_MDP'

2023-11-23 14:59:56 - [MESSAGE][INFO] - Checking timeout

2023-11-23 14:59:56 - [MESSAGE][INFO] - Finding web element with id: 'Object Repository/Connexion Usager/Input_MDP' located by 'By.xpath: //*[@id="password"]' in '20' second(s)

2023-11-23 14:59:56 - [MESSAGE][INFO] - Smart Wait Function is triggered

2023-11-23 14:59:56 - [MESSAGE][INFO] - Found 1 web elements with id: 'Object Repository/Connexion Usager/Input_MDP' located by 'By.xpath: //*[@id="password"]' in '20' second(s)

2023-11-23 14:59:56 - [MESSAGE][INFO] - Checking object

2023-11-23 14:59:56 - [MESSAGE][INFO] - Checking text

2023-11-23 14:59:56 - [MESSAGE][INFO] - Finding web element from Test Object's properties

2023-11-23 14:59:56 - [MESSAGE][INFO] - Checking timeout

2023-11-23 14:59:56 - [MESSAGE][INFO] - Finding web element with id: 'Object Repository/Connexion Usager/Input_MDP' located by 'By.xpath: //*[@id="password"]' in '5' second(s)

2023-11-23 14:59:56 - [MESSAGE][INFO] - Smart Wait Function is triggered

2023-11-23 14:59:56 - [MESSAGE][INFO] - Found 1 web elements with id: 'Object Repository/Connexion Usager/Input_MDP' located by 'By.xpath: //*[@id="password"]' in '5' second(s)

2023-11-23 14:59:56 - [MESSAGE][INFO] - Clearing text of object 'Object Repository/Connexion Usager/Input_MDP'

2023-11-23 14:59:58 - [MESSAGE][INFO] - Setting  text of object 'Object Repository/Connexion Usager/Input_MDP' to value ******

2023-11-23 15:00:01 - [MESSAGE][PASSED] - Text ****** has been set on object 'Object Repository/Connexion Usager/Input_MDP'

2023-11-23 15:00:01 - [TEST_STEP][PASSED] - click(findTestObject("Object Repository/Connexion Usager/btn_Sidentifier")): Object: 'Object Repository/Connexion Usager/btn_Sidentifier' is clicked on

2023-11-23 15:00:01 - [MESSAGE][INFO] - Finding Test Object 'Object Repository/Connexion Usager/btn_Sidentifier'

2023-11-23 15:00:01 - [MESSAGE][INFO] - Checking timeout

2023-11-23 15:00:01 - [MESSAGE][INFO] - Finding web element with id: 'Object Repository/Connexion Usager/btn_Sidentifier' located by 'By.xpath: //*[@type= 'submit']' in '20' second(s)

2023-11-23 15:00:01 - [MESSAGE][INFO] - Smart Wait Function is triggered

2023-11-23 15:00:01 - [MESSAGE][INFO] - Found 1 web elements with id: 'Object Repository/Connexion Usager/btn_Sidentifier' located by 'By.xpath: //*[@type= 'submit']' in '20' second(s)

2023-11-23 15:00:01 - [MESSAGE][INFO] - Checking object

2023-11-23 15:00:01 - [MESSAGE][INFO] - Checking timeout

2023-11-23 15:00:01 - [MESSAGE][INFO] - Finding web element from Test Object's properties

2023-11-23 15:00:01 - [MESSAGE][INFO] - Checking timeout

2023-11-23 15:00:01 - [MESSAGE][INFO] - Finding web element with id: 'Object Repository/Connexion Usager/btn_Sidentifier' located by 'By.xpath: //*[@type= 'submit']' in '5' second(s)

2023-11-23 15:00:01 - [MESSAGE][INFO] - Smart Wait Function is triggered

2023-11-23 15:00:01 - [MESSAGE][INFO] - Found 1 web elements with id: 'Object Repository/Connexion Usager/btn_Sidentifier' located by 'By.xpath: //*[@type= 'submit']' in '5' second(s)

2023-11-23 15:00:01 - [MESSAGE][INFO] - Clicking on object: 'Object Repository/Connexion Usager/btn_Sidentifier'

2023-11-23 15:00:04 - [MESSAGE][PASSED] - Object: 'Object Repository/Connexion Usager/btn_Sidentifier' is clicked on

2023-11-23 15:00:04 - [TEST_STEP][PASSED] - delay(15): Delayed 15 second(s)

2023-11-23 15:00:04 - [MESSAGE][INFO] - Delaying browser in 15 second(s)

2023-11-23 15:00:19 - [MESSAGE][PASSED] - Delayed 15 second(s)

2023-11-23 15:00:19 - [TEST_STEP][PASSED] - verifyElementPresent(findTestObject("Object Repository/Page_Accueil_Usager/Span_MesNotifications"), 2, STOP_ON_FAILURE): Object 'Object Repository/Page_Accueil_Usager/Span_MesNotifications' is present

2023-11-23 15:00:19 - [MESSAGE][INFO] - Finding Test Object 'Object Repository/Page_Accueil_Usager/Span_MesNotifications'

2023-11-23 15:00:19 - [MESSAGE][INFO] - Checking object

2023-11-23 15:00:19 - [MESSAGE][INFO] - Finding web element from Test Object's properties

2023-11-23 15:00:19 - [MESSAGE][INFO] - Checking timeout

2023-11-23 15:00:19 - [MESSAGE][INFO] - Finding web element with id: 'Object Repository/Page_Accueil_Usager/Span_MesNotifications' located by 'By.xpath: //*[@id="navBar-new"]/nav/div[3]/div/div/ul/li[1]/a/span' in '2' second(s)

2023-11-23 15:00:19 - [MESSAGE][INFO] - Smart Wait Function is triggered

2023-11-23 15:00:19 - [MESSAGE][INFO] - Found 1 web elements with id: 'Object Repository/Page_Accueil_Usager/Span_MesNotifications' located by 'By.xpath: //*[@id="navBar-new"]/nav/div[3]/div/div/ul/li[1]/a/span' in '2' second(s)

2023-11-23 15:00:19 - [MESSAGE][PASSED] - Object 'Object Repository/Page_Accueil_Usager/Span_MesNotifications' is present

2023-11-23 15:00:19 - [TEST_STEP][PASSED] - if (Profiles == "Agent"): null

2023-11-23 15:00:19 - [TEST_STEP][PASSED] - else: null

2023-11-23 15:00:19 - [TEST_STEP][PASSED] - println("VÃ©rifier le Portail de votre connexion Usager ou Agent"): null

2023-11-23 15:00:19 - [MESSAGE][PASSED] - Call Test Case 'Test Cases/Test Reutilisable/Main/Identification' successfully

2023-11-23 15:00:19 - [TEST_STEP][PASSED] - callTestCase(findTestCase("Test Reutilisable/DemandeOuRenouvelle_TitreSejour/DemandeOuRenouvelleTitreSejour"), [:], STOP_ON_FAILURE): Call Test Case 'Test Cases/Test Reutilisable/DemandeOuRenouvelle_TitreSejour/DemandeOuRenouvelleTitreSejour' successfully

2023-11-23 15:00:19 - [MESSAGE][INFO] - Checking called Test Case

2023-11-23 15:00:19 - [MESSAGE][INFO] - Starting to call Test Case 'Test Cases/Test Reutilisable/DemandeOuRenouvelle_TitreSejour/DemandeOuRenouvelleTitreSejour'

2023-11-23 15:00:19 - [TEST_CASE][PASSED] - Test Cases/Test Reutilisable/DemandeOuRenouvelle_TitreSejour/DemandeOuRenouvelleTitreSejour: Test Cases/Test Reutilisable/DemandeOuRenouvelle_TitreSejour/DemandeOuRenouvelleTitreSejour

2023-11-23 15:00:20 - [TEST_STEP][PASSED] - com.kazurayam.ksbackyard.HighlightElement.pandemic(): com.kazurayam.ksbackyard.HighlightElement.pandemic is PASSED

2023-11-23 15:00:20 - [MESSAGE][PASSED] - com.kazurayam.ksbackyard.HighlightElement.pandemic is PASSED

2023-11-23 15:00:20 - [TEST_STEP][PASSED] - delay(3): Delayed 3 second(s)

2023-11-23 15:00:20 - [MESSAGE][INFO] - Delaying browser in 3 second(s)

2023-11-23 15:00:23 - [MESSAGE][PASSED] - Delayed 3 second(s)

2023-11-23 15:00:23 - [TEST_STEP][PASSED] - doubleClick(findTestObject("Object Repository/Page_Accueil_Usager/btn_DemandeOuRenouvelleTitreSejour")): Object: 'Object Repository/Page_Accueil_Usager/btn_DemandeOuRenouvelleTitreSejour' is double clicked on

2023-11-23 15:00:23 - [MESSAGE][INFO] - Finding Test Object 'Object Repository/Page_Accueil_Usager/btn_DemandeOuRenouvelleTitreSejour'

2023-11-23 15:00:23 - [MESSAGE][INFO] - Checking object

2023-11-23 15:00:23 - [MESSAGE][INFO] - Finding web element from Test Object's properties

2023-11-23 15:00:23 - [MESSAGE][INFO] - Checking timeout

2023-11-23 15:00:23 - [MESSAGE][INFO] - Finding web element with id: 'Object Repository/Page_Accueil_Usager/btn_DemandeOuRenouvelleTitreSejour' located by 'By.xpath: //app-portal//app-portal-root/app-default-root-content/div/div/anef-tile[1]/a/span/span[2]' in '5' second(s)

2023-11-23 15:00:23 - [MESSAGE][INFO] - Smart Wait Function is triggered

2023-11-23 15:00:23 - [MESSAGE][INFO] - Found 1 web elements with id: 'Object Repository/Page_Accueil_Usager/btn_DemandeOuRenouvelleTitreSejour' located by 'By.xpath: //app-portal//app-portal-root/app-default-root-content/div/div/anef-tile[1]/a/span/span[2]' in '5' second(s)

2023-11-23 15:00:23 - [MESSAGE][INFO] - Double clicking on object: 'Object Repository/Page_Accueil_Usager/btn_DemandeOuRenouvelleTitreSejour'

2023-11-23 15:00:24 - [MESSAGE][PASSED] - Object: 'Object Repository/Page_Accueil_Usager/btn_DemandeOuRenouvelleTitreSejour' is double clicked on

2023-11-23 15:00:24 - [TEST_STEP][PASSED] - delay(3): Delayed 3 second(s)

2023-11-23 15:00:24 - [MESSAGE][INFO] - Delaying browser in 3 second(s)

2023-11-23 15:00:27 - [MESSAGE][PASSED] - Delayed 3 second(s)

2023-11-23 15:00:27 - [TEST_STEP][PASSED] - switch (PourQui): null

2023-11-23 15:00:27 - [TEST_STEP][PASSED] - case "Moi-mÃªme":: null

2023-11-23 15:00:27 - [TEST_STEP][PASSED] - check(findTestObject("Object Repository/Page_Accueil_Usager/CheckBox_Moi-meme")): Object 'Object Repository/Page_Accueil_Usager/CheckBox_Moi-meme' is checked

2023-11-23 15:00:27 - [MESSAGE][INFO] - Finding Test Object 'Object Repository/Page_Accueil_Usager/CheckBox_Moi-meme'

2023-11-23 15:00:27 - [MESSAGE][INFO] - Checking object

2023-11-23 15:00:27 - [MESSAGE][INFO] - Finding web element from Test Object's properties

2023-11-23 15:00:27 - [MESSAGE][INFO] - Checking timeout

2023-11-23 15:00:27 - [MESSAGE][INFO] - Finding web element with id: 'Object Repository/Page_Accueil_Usager/CheckBox_Moi-meme' located by 'By.xpath: //*/div[1]/app-radio-tree-button/div/p-radiobutton/div/div[2]/span' in '5' second(s)

2023-11-23 15:00:27 - [MESSAGE][INFO] - Smart Wait Function is triggered

2023-11-23 15:00:27 - [MESSAGE][INFO] - Found 1 web elements with id: 'Object Repository/Page_Accueil_Usager/CheckBox_Moi-meme' located by 'By.xpath: //*/div[1]/app-radio-tree-button/div/p-radiobutton/div/div[2]/span' in '5' second(s)

2023-11-23 15:00:27 - [MESSAGE][INFO] - Checking on bject 'Object Repository/Page_Accueil_Usager/CheckBox_Moi-meme'

2023-11-23 15:00:29 - [MESSAGE][PASSED] - Object 'Object Repository/Page_Accueil_Usager/CheckBox_Moi-meme' is checked

2023-11-23 15:00:29 - [TEST_STEP][PASSED] - break: null

2023-11-23 15:00:29 - [TEST_STEP][PASSED] - click(findTestObject("Object Repository/Page_Accueil_Usager/btn_JeContinue")): Object: 'Object Repository/Page_Accueil_Usager/btn_JeContinue' is clicked on

2023-11-23 15:00:29 - [MESSAGE][INFO] - Finding Test Object 'Object Repository/Page_Accueil_Usager/btn_JeContinue'

2023-11-23 15:00:29 - [MESSAGE][INFO] - Checking timeout

2023-11-23 15:00:29 - [MESSAGE][INFO] - Finding web element with id: 'Object Repository/Page_Accueil_Usager/btn_JeContinue' located by 'By.xpath: //*[@ng-reflect-label='Je continue']|/html/body/app-root/div/app-portal/main/app-triage-demandeur/div/div/div/form/div[2]/button/span' in '20' second(s)

2023-11-23 15:00:29 - [MESSAGE][INFO] - Smart Wait Function is triggered

2023-11-23 15:00:29 - [MESSAGE][INFO] - Found 1 web elements with id: 'Object Repository/Page_Accueil_Usager/btn_JeContinue' located by 'By.xpath: //*[@ng-reflect-label='Je continue']|/html/body/app-root/div/app-portal/main/app-triage-demandeur/div/div/div/form/div[2]/button/span' in '20' second(s)

2023-11-23 15:00:29 - [MESSAGE][INFO] - Checking object

2023-11-23 15:00:29 - [MESSAGE][INFO] - Checking timeout

2023-11-23 15:00:29 - [MESSAGE][INFO] - Finding web element from Test Object's properties

2023-11-23 15:00:29 - [MESSAGE][INFO] - Checking timeout

2023-11-23 15:00:29 - [MESSAGE][INFO] - Finding web element with id: 'Object Repository/Page_Accueil_Usager/btn_JeContinue' located by 'By.xpath: //*[@ng-reflect-label='Je continue']|/html/body/app-root/div/app-portal/main/app-triage-demandeur/div/div/div/form/div[2]/button/span' in '5' second(s)

2023-11-23 15:00:29 - [MESSAGE][INFO] - Smart Wait Function is triggered

2023-11-23 15:00:29 - [MESSAGE][INFO] - Found 1 web elements with id: 'Object Repository/Page_Accueil_Usager/btn_JeContinue' located by 'By.xpath: //*[@ng-reflect-label='Je continue']|/html/body/app-root/div/app-portal/main/app-triage-demandeur/div/div/div/form/div[2]/button/span' in '5' second(s)

2023-11-23 15:00:29 - [MESSAGE][INFO] - Clicking on object: 'Object Repository/Page_Accueil_Usager/btn_JeContinue'

2023-11-23 15:00:46 - [MESSAGE][PASSED] - Object: 'Object Repository/Page_Accueil_Usager/btn_JeContinue' is clicked on

2023-11-23 15:00:46 - [MESSAGE][PASSED] - Call Test Case 'Test Cases/Test Reutilisable/DemandeOuRenouvelle_TitreSejour/DemandeOuRenouvelleTitreSejour' successfully

2023-11-23 15:00:46 - [TEST_STEP][PASSED] - callTestCase(findTestCase("Test Reutilisable/DemandeOuRenouvelle_TitreSejour/FormulaireTypeDeTitreDeSejour"), ["TypeTitreDeSejour":TypeTitreDeSejour, "Titre":Titre], STOP_ON_FAILURE): Call Test Case 'Test Cases/Test Reutilisable/DemandeOuRenouvelle_TitreSejour/FormulaireTypeDeTitreDeSejour' successfully

2023-11-23 15:00:46 - [MESSAGE][INFO] - Checking called Test Case

2023-11-23 15:00:46 - [MESSAGE][INFO] - Starting to call Test Case 'Test Cases/Test Reutilisable/DemandeOuRenouvelle_TitreSejour/FormulaireTypeDeTitreDeSejour'

2023-11-23 15:00:46 - [TEST_CASE][PASSED] - Test Cases/Test Reutilisable/DemandeOuRenouvelle_TitreSejour/FormulaireTypeDeTitreDeSejour: Test Cases/Test Reutilisable/DemandeOuRenouvelle_TitreSejour/FormulaireTypeDeTitreDeSejour

2023-11-23 15:00:48 - [TEST_STEP][PASSED] - com.kazurayam.ksbackyard.HighlightElement.pandemic(): com.kazurayam.ksbackyard.HighlightElement.pandemic is PASSED

2023-11-23 15:00:48 - [MESSAGE][PASSED] - com.kazurayam.ksbackyard.HighlightElement.pandemic is PASSED

2023-11-23 15:00:48 - [TEST_STEP][PASSED] - delay(10): Delayed 10 second(s)

2023-11-23 15:00:48 - [MESSAGE][INFO] - Delaying browser in 10 second(s)

2023-11-23 15:00:58 - [MESSAGE][PASSED] - Delayed 10 second(s)

2023-11-23 15:00:58 - [TEST_STEP][PASSED] - switch (TypeTitreDeSejour): null

2023-11-23 15:00:58 - [TEST_STEP][PASSED] - case "ChercheurEtChercheurEnMobilite":: null

2023-11-23 15:00:58 - [TEST_STEP][PASSED] - if (Titre == "Visiteur" || Titre == "Etudiant"): Object: 'Object Repository/Page_DemarcheRenouvellement/Btn_JeContinue' is clicked on

2023-11-23 15:00:58 - [TEST_STEP][PASSED] - check(findTestObject("Object Repository/Page_DemarcheRenouvellement/CheckBox_SolliciteTS_PasseportTalent")): Object 'Object Repository/Page_DemarcheRenouvellement/CheckBox_SolliciteTS_PasseportTalent' is checked

2023-11-23 15:00:58 - [MESSAGE][INFO] - Finding Test Object 'Object Repository/Page_DemarcheRenouvellement/CheckBox_SolliciteTS_PasseportTalent'

2023-11-23 15:00:58 - [MESSAGE][INFO] - Checking object

2023-11-23 15:00:58 - [MESSAGE][INFO] - Finding web element from Test Object's properties

2023-11-23 15:00:58 - [MESSAGE][INFO] - Checking timeout

2023-11-23 15:00:58 - [MESSAGE][INFO] - Finding web element with id: 'Object Repository/Page_DemarcheRenouvellement/CheckBox_SolliciteTS_PasseportTalent' located by 'By.xpath: //*/div[3]/app-radio-tree-button/div/p-radiobutton/div/div[2]/span' in '5' second(s)

2023-11-23 15:00:58 - [MESSAGE][INFO] - Smart Wait Function is triggered

2023-11-23 15:00:58 - [MESSAGE][INFO] - Found 1 web elements with id: 'Object Repository/Page_DemarcheRenouvellement/CheckBox_SolliciteTS_PasseportTalent' located by 'By.xpath: //*/div[3]/app-radio-tree-button/div/p-radiobutton/div/div[2]/span' in '5' second(s)

2023-11-23 15:00:58 - [MESSAGE][INFO] - Checking on bject 'Object Repository/Page_DemarcheRenouvellement/CheckBox_SolliciteTS_PasseportTalent'

2023-11-23 15:01:00 - [MESSAGE][PASSED] - Object 'Object Repository/Page_DemarcheRenouvellement/CheckBox_SolliciteTS_PasseportTalent' is checked

2023-11-23 15:01:00 - [TEST_STEP][PASSED] - check(findTestObject("Object Repository/Page_DemarcheRenouvellement/CheckBox_SolliciteTS_ChercheurEtChercheurEnMobilite")): Object 'Object Repository/Page_DemarcheRenouvellement/CheckBox_SolliciteTS_ChercheurEtChercheurEnMobilite' is checked

2023-11-23 15:01:00 - [MESSAGE][INFO] - Finding Test Object 'Object Repository/Page_DemarcheRenouvellement/CheckBox_SolliciteTS_ChercheurEtChercheurEnMobilite'

2023-11-23 15:01:00 - [MESSAGE][INFO] - Checking object

2023-11-23 15:01:00 - [MESSAGE][INFO] - Finding web element from Test Object's properties

2023-11-23 15:01:00 - [MESSAGE][INFO] - Checking timeout

2023-11-23 15:01:00 - [MESSAGE][INFO] - Finding web element with id: 'Object Repository/Page_DemarcheRenouvellement/CheckBox_SolliciteTS_ChercheurEtChercheurEnMobilite' located by 'By.xpath: //div/form/div[1]/div[2]/fieldset/div[3]/app-radio-tree-button/div/div/div[2]/app-radio-tree-button/div/p-radiobutton/div/div[2]/span' in '5' second(s)

2023-11-23 15:01:00 - [MESSAGE][INFO] - Smart Wait Function is triggered

2023-11-23 15:01:00 - [MESSAGE][INFO] - Found 1 web elements with id: 'Object Repository/Page_DemarcheRenouvellement/CheckBox_SolliciteTS_ChercheurEtChercheurEnMobilite' located by 'By.xpath: //div/form/div[1]/div[2]/fieldset/div[3]/app-radio-tree-button/div/div/div[2]/app-radio-tree-button/div/p-radiobutton/div/div[2]/span' in '5' second(s)

2023-11-23 15:01:00 - [MESSAGE][INFO] - Checking on bject 'Object Repository/Page_DemarcheRenouvellement/CheckBox_SolliciteTS_ChercheurEtChercheurEnMobilite'

2023-11-23 15:01:02 - [MESSAGE][PASSED] - Object 'Object Repository/Page_DemarcheRenouvellement/CheckBox_SolliciteTS_ChercheurEtChercheurEnMobilite' is checked

2023-11-23 15:01:02 - [TEST_STEP][PASSED] - click(findTestObject("Object Repository/Page_DemarcheRenouvellement/btn_JeCommence")): Object: 'Object Repository/Page_DemarcheRenouvellement/btn_JeCommence' is clicked on

2023-11-23 15:01:02 - [MESSAGE][INFO] - Finding Test Object 'Object Repository/Page_DemarcheRenouvellement/btn_JeCommence'

2023-11-23 15:01:02 - [MESSAGE][INFO] - Checking timeout

2023-11-23 15:01:02 - [MESSAGE][INFO] - Finding web element with id: 'Object Repository/Page_DemarcheRenouvellement/btn_JeCommence' located by 'By.xpath: //app-informations-declaration//app-actions-bar//button/span[contains(.,'Je continue')]|//app-informations-demande-ptsq//app-actions-bar//button/span[contains(.,'Je continue')]|//*/div[2]/button/span|//button[@type="submit" and contains(., 'Je commence')]|//button[@type="submit" and contains(., 'Je continue')]' in '20' second(s)

2023-11-23 15:01:02 - [MESSAGE][INFO] - Smart Wait Function is triggered

2023-11-23 15:01:02 - [MESSAGE][INFO] - Found 1 web elements with id: 'Object Repository/Page_DemarcheRenouvellement/btn_JeCommence' located by 'By.xpath: //app-informations-declaration//app-actions-bar//button/span[contains(.,'Je continue')]|//app-informations-demande-ptsq//app-actions-bar//button/span[contains(.,'Je continue')]|//*/div[2]/button/span|//button[@type="submit" and contains(., 'Je commence')]|//button[@type="submit" and contains(., 'Je continue')]' in '20' second(s)

2023-11-23 15:01:02 - [MESSAGE][INFO] - Checking object

2023-11-23 15:01:02 - [MESSAGE][INFO] - Checking timeout

2023-11-23 15:01:02 - [MESSAGE][INFO] - Finding web element from Test Object's properties

2023-11-23 15:01:02 - [MESSAGE][INFO] - Checking timeout

2023-11-23 15:01:02 - [MESSAGE][INFO] - Finding web element with id: 'Object Repository/Page_DemarcheRenouvellement/btn_JeCommence' located by 'By.xpath: //app-informations-declaration//app-actions-bar//button/span[contains(.,'Je continue')]|//app-informations-demande-ptsq//app-actions-bar//button/span[contains(.,'Je continue')]|//*/div[2]/button/span|//button[@type="submit" and contains(., 'Je commence')]|//button[@type="submit" and contains(., 'Je continue')]' in '5' second(s)

2023-11-23 15:01:02 - [MESSAGE][INFO] - Smart Wait Function is triggered

2023-11-23 15:01:02 - [MESSAGE][INFO] - Found 1 web elements with id: 'Object Repository/Page_DemarcheRenouvellement/btn_JeCommence' located by 'By.xpath: //app-informations-declaration//app-actions-bar//button/span[contains(.,'Je continue')]|//app-informations-demande-ptsq//app-actions-bar//button/span[contains(.,'Je continue')]|//*/div[2]/button/span|//button[@type="submit" and contains(., 'Je commence')]|//button[@type="submit" and contains(., 'Je continue')]' in '5' second(s)

2023-11-23 15:01:02 - [MESSAGE][INFO] - Clicking on object: 'Object Repository/Page_DemarcheRenouvellement/btn_JeCommence'

2023-11-23 15:01:04 - [MESSAGE][PASSED] - Object: 'Object Repository/Page_DemarcheRenouvellement/btn_JeCommence' is clicked on

2023-11-23 15:01:04 - [TEST_STEP][PASSED] - delay(3): Delayed 3 second(s)

2023-11-23 15:01:04 - [MESSAGE][INFO] - Delaying browser in 3 second(s)

2023-11-23 15:01:07 - [MESSAGE][PASSED] - Delayed 3 second(s)

2023-11-23 15:01:07 - [TEST_STEP][PASSED] - click(findTestObject("Object Repository/Page_DemarcheRenouvellement/Btn_JeContinue")): Object: 'Object Repository/Page_DemarcheRenouvellement/Btn_JeContinue' is clicked on

2023-11-23 15:01:07 - [MESSAGE][INFO] - Finding Test Object 'Object Repository/Page_DemarcheRenouvellement/Btn_JeContinue'

2023-11-23 15:01:07 - [MESSAGE][INFO] - Checking timeout

2023-11-23 15:01:07 - [MESSAGE][INFO] - Finding web element with id: 'Object Repository/Page_DemarcheRenouvellement/Btn_JeContinue' located by 'By.xpath: //button[@type="submit" and contains(., 'Je commence')]|//span[@class="ui-button-text ui-clickable" and contains(., 'Je continue')]|//app-informations-declaration//app-actions-bar//button/span[contains(.,'Je continue')]|//app-informations-demande-ptch/div/app-actions-bar/div/div[2]/div/div[2]/button/span' in '20' second(s)

2023-11-23 15:01:07 - [MESSAGE][INFO] - Smart Wait Function is triggered

2023-11-23 15:01:07 - [MESSAGE][INFO] - Found 1 web elements with id: 'Object Repository/Page_DemarcheRenouvellement/Btn_JeContinue' located by 'By.xpath: //button[@type="submit" and contains(., 'Je commence')]|//span[@class="ui-button-text ui-clickable" and contains(., 'Je continue')]|//app-informations-declaration//app-actions-bar//button/span[contains(.,'Je continue')]|//app-informations-demande-ptch/div/app-actions-bar/div/div[2]/div/div[2]/button/span' in '20' second(s)

2023-11-23 15:01:07 - [MESSAGE][INFO] - Checking object

2023-11-23 15:01:07 - [MESSAGE][INFO] - Checking timeout

2023-11-23 15:01:07 - [MESSAGE][INFO] - Finding web element from Test Object's properties

2023-11-23 15:01:07 - [MESSAGE][INFO] - Checking timeout

2023-11-23 15:01:07 - [MESSAGE][INFO] - Finding web element with id: 'Object Repository/Page_DemarcheRenouvellement/Btn_JeContinue' located by 'By.xpath: //button[@type="submit" and contains(., 'Je commence')]|//span[@class="ui-button-text ui-clickable" and contains(., 'Je continue')]|//app-informations-declaration//app-actions-bar//button/span[contains(.,'Je continue')]|//app-informations-demande-ptch/div/app-actions-bar/div/div[2]/div/div[2]/button/span' in '5' second(s)

2023-11-23 15:01:07 - [MESSAGE][INFO] - Smart Wait Function is triggered

2023-11-23 15:01:07 - [MESSAGE][INFO] - Found 1 web elements with id: 'Object Repository/Page_DemarcheRenouvellement/Btn_JeContinue' located by 'By.xpath: //button[@type="submit" and contains(., 'Je commence')]|//span[@class="ui-button-text ui-clickable" and contains(., 'Je continue')]|//app-informations-declaration//app-actions-bar//button/span[contains(.,'Je continue')]|//app-informations-demande-ptch/div/app-actions-bar/div/div[2]/div/div[2]/button/span' in '5' second(s)

2023-11-23 15:01:07 - [MESSAGE][INFO] - Clicking on object: 'Object Repository/Page_DemarcheRenouvellement/Btn_JeContinue'

2023-11-23 15:01:10 - [MESSAGE][PASSED] - Object: 'Object Repository/Page_DemarcheRenouvellement/Btn_JeContinue' is clicked on

2023-11-23 15:01:10 - [TEST_STEP][PASSED] - break: null

2023-11-23 15:01:10 - [TEST_STEP][PASSED] - "VÃ©rification s il y a un message Erreur : Il est trop tÃ´t pour demander le renouvellement de votre titre.": null

2023-11-23 15:01:10 - [TEST_STEP][PASSED] - MsgAlertPresent = verifyElementPresent(findTestObject("Object Repository/Page_Accueil_Usager/Verif_PopUpTropTotPourDemanderLeRenouvellementDeVotreTitre"), 1, OPTIONAL): com.kms.katalon.core.webui.exception.WebElementNotFoundException: Web element with id: 'Object Repository/Page_Accueil_Usager/Verif_PopUpTropTotPourDemanderLeRenouvellementDeVotreTitre' located by '/html/body/app-root/div/app-portal/main/app-theme-v2/div/app-triage/div/div/div/form/div[2]/div/p-message/div/span[2]' not found (Root cause: com.kms.katalon.core.exception.StepFailedException: com.kms.katalon.core.webui.exception.WebElementNotFoundException: Web element with id: 'Object Repository/Page_Accueil_Usager/Verif_PopUpTropTotPourDemanderLeRenouvellementDeVotreTitre' located by '/html/body/app-root/div/app-portal/main/app-theme-v2/div/app-triage/div/div/div/form/div[2]/div/p-message/div/span[2]' not found
	at com.kms.katalon.core.webui.keyword.internal.WebUIKeywordMain.stepFailed(WebUIKeywordMain.groovy:64)
	at com.kms.katalon.core.webui.keyword.builtin.VerifyElementPresentKeyword$_verifyElementPresent_closure1.doCall(VerifyElementPresentKeyword.groovy:85)
	at com.kms.katalon.core.webui.keyword.builtin.VerifyElementPresentKeyword$_verifyElementPresent_closure1.call(VerifyElementPresentKeyword.groovy)
	at com.kms.katalon.core.webui.keyword.internal.WebUIKeywordMain.runKeyword(WebUIKeywordMain.groovy:20)
	at com.kms.katalon.core.webui.keyword.builtin.VerifyElementPresentKeyword.verifyElementPresent(VerifyElementPresentKeyword.groovy:92)
	at com.kms.katalon.core.webui.keyword.builtin.VerifyElementPresentKeyword.execute(VerifyElementPresentKeyword.groovy:68)
	at com.kms.katalon.core.keyword.internal.KeywordExecutor.executeKeywordForPlatform(KeywordExecutor.groovy:74)
	at com.kms.katalon.core.webui.keyword.WebUiBuiltInKeywords.verifyElementPresent(WebUiBuiltInKeywords.groovy:1448)
	at com.kazurayam.ksbackyard.HighlightElement$_pandemic_closure1.doCall(HighlightElement.groovy:105)
	at FormulaireTypeDeTitreDeSejour.run(FormulaireTypeDeTitreDeSejour:302)
	at com.kms.katalon.core.main.ScriptEngine.run(ScriptEngine.java:194)
	at com.kms.katalon.core.main.ScriptEngine.runScriptAsRawText(ScriptEngine.java:119)
	at com.kms.katalon.core.main.TestCaseExecutor.runScript(TestCaseExecutor.java:448)
	at com.kms.katalon.core.main.TestCaseExecutor.doExecute(TestCaseExecutor.java:439)
	at com.kms.katalon.core.main.TestCaseExecutor.processExecutionPhase(TestCaseExecutor.java:418)
	at com.kms.katalon.core.main.TestCaseExecutor.accessMainPhase(TestCaseExecutor.java:410)
	at com.kms.katalon.core.main.TestCaseExecutor.execute(TestCaseExecutor.java:285)
	at com.kms.katalon.core.main.TestCaseMain.runTestCase(TestCaseMain.java:144)
	at com.kms.katalon.core.keyword.builtin.CallTestCaseKeyword$_callTestCase_closure1.doCall(CallTestCaseKeyword.groovy:59)
	at com.kms.katalon.core.keyword.builtin.CallTestCaseKeyword$_callTestCase_closure1.call(CallTestCaseKeyword.groovy)
	at com.kms.katalon.core.keyword.internal.KeywordMain.runKeyword(KeywordMain.groovy:75)
	at com.kms.katalon.core.keyword.builtin.CallTestCaseKeyword.callTestCase(CallTestCaseKeyword.groovy:81)
	at com.kms.katalon.core.keyword.builtin.CallTestCaseKeyword.execute(CallTestCaseKeyword.groovy:44)
	at com.kms.katalon.core.keyword.internal.KeywordExecutor.executeKeywordForPlatform(KeywordExecutor.groovy:74)
	at com.kms.katalon.core.keyword.BuiltinKeywords.callTestCase(BuiltinKeywords.groovy:310)
	at com.kazurayam.ksbackyard.HighlightElement$_pandemic_closure1.doCall(HighlightElement.groovy:105)
	at TNR R.TSPT Supp90-Etudiant.run(TNR R.TSPT Supp90-Etudiant:43)
	at com.kms.katalon.core.main.ScriptEngine.run(ScriptEngine.java:194)
	at com.kms.katalon.core.main.ScriptEngine.runScriptAsRawText(ScriptEngine.java:119)
	at com.kms.katalon.core.main.TestCaseExecutor.runScript(TestCaseExecutor.java:448)
	at com.kms.katalon.core.main.TestCaseExecutor.doExecute(TestCaseExecutor.java:439)
	at com.kms.katalon.core.main.TestCaseExecutor.processExecutionPhase(TestCaseExecutor.java:418)
	at com.kms.katalon.core.main.TestCaseExecutor.accessMainPhase(TestCaseExecutor.java:410)
	at com.kms.katalon.core.main.TestCaseExecutor.execute(TestCaseExecutor.java:285)
	at com.kms.katalon.core.common.CommonExecutor.accessTestCaseMainPhase(CommonExecutor.java:65)
	at com.kms.katalon.core.main.TestSuiteExecutor.accessTestSuiteMainPhase(TestSuiteExecutor.java:148)
	at com.kms.katalon.core.main.TestSuiteExecutor.execute(TestSuiteExecutor.java:106)
	at com.kms.katalon.core.main.TestCaseMain.startTestSuite(TestCaseMain.java:187)
	at com.kms.katalon.core.main.TestCaseMain$startTestSuite$0.call(Unknown Source)
	at TempTestSuite1700747757013.run(TempTestSuite1700747757013.groovy:36)
)

2023-11-23 15:01:10 - [MESSAGE][INFO] - Finding Test Object 'Object Repository/Page_Accueil_Usager/Verif_PopUpTropTotPourDemanderLeRenouvellementDeVotreTitre'

2023-11-23 15:01:10 - [MESSAGE][INFO] - Checking object

2023-11-23 15:01:10 - [MESSAGE][INFO] - Finding web element from Test Object's properties

2023-11-23 15:01:10 - [MESSAGE][INFO] - Checking timeout

2023-11-23 15:01:10 - [MESSAGE][INFO] - Finding web element with id: 'Object Repository/Page_Accueil_Usager/Verif_PopUpTropTotPourDemanderLeRenouvellementDeVotreTitre' located by 'By.xpath: /html/body/app-root/div/app-portal/main/app-theme-v2/div/app-triage/div/div/div/form/div[2]/div/p-message/div/span[2]' in '1' second(s)

2023-11-23 15:01:10 - [MESSAGE][INFO] - Smart Wait Function is triggered

2023-11-23 15:01:10 - [MESSAGE][INFO] - Smart Wait Function is triggered

2023-11-23 15:01:10 - [MESSAGE][INFO] - Smart Wait Function is triggered

2023-11-23 15:01:10 - [MESSAGE][INFO] - Smart Wait Function is triggered

2023-11-23 15:01:10 - [MESSAGE][INFO] - Smart Wait Function is triggered

2023-11-23 15:01:10 - [MESSAGE][INFO] - Smart Wait Function is triggered

2023-11-23 15:01:10 - [MESSAGE][INFO] - Smart Wait Function is triggered

2023-11-23 15:01:10 - [MESSAGE][INFO] - Smart Wait Function is triggered

2023-11-23 15:01:10 - [MESSAGE][INFO] - Smart Wait Function is triggered

2023-11-23 15:01:10 - [MESSAGE][INFO] - Smart Wait Function is triggered

2023-11-23 15:01:10 - [MESSAGE][INFO] - Smart Wait Function is triggered

2023-11-23 15:01:10 - [MESSAGE][INFO] - Smart Wait Function is triggered

2023-11-23 15:01:10 - [MESSAGE][INFO] - Smart Wait Function is triggered

2023-11-23 15:01:10 - [MESSAGE][INFO] - Smart Wait Function is triggered

2023-11-23 15:01:10 - [MESSAGE][INFO] - Smart Wait Function is triggered

2023-11-23 15:01:10 - [MESSAGE][INFO] - Smart Wait Function is triggered

2023-11-23 15:01:10 - [MESSAGE][INFO] - Smart Wait Function is triggered

2023-11-23 15:01:10 - [MESSAGE][INFO] - Smart Wait Function is triggered

2023-11-23 15:01:11 - [MESSAGE][INFO] - Smart Wait Function is triggered

2023-11-23 15:01:11 - [MESSAGE][INFO] - Smart Wait Function is triggered

2023-11-23 15:01:11 - [MESSAGE][INFO] - Smart Wait Function is triggered

2023-11-23 15:01:11 - [MESSAGE][INFO] - Smart Wait Function is triggered

2023-11-23 15:01:11 - [MESSAGE][INFO] - Smart Wait Function is triggered

2023-11-23 15:01:11 - [MESSAGE][INFO] - Smart Wait Function is triggered

2023-11-23 15:01:11 - [MESSAGE][INFO] - Smart Wait Function is triggered

2023-11-23 15:01:11 - [MESSAGE][INFO] - Smart Wait Function is triggered

2023-11-23 15:01:11 - [MESSAGE][INFO] - Smart Wait Function is triggered

2023-11-23 15:01:11 - [MESSAGE][INFO] - Smart Wait Function is triggered

2023-11-23 15:01:11 - [MESSAGE][INFO] - Smart Wait Function is triggered

2023-11-23 15:01:11 - [MESSAGE][INFO] - Smart Wait Function is triggered

2023-11-23 15:01:11 - [MESSAGE][INFO] - Smart Wait Function is triggered

2023-11-23 15:01:11 - [MESSAGE][INFO] - Smart Wait Function is triggered

2023-11-23 15:01:11 - [MESSAGE][INFO] - Smart Wait Function is triggered

2023-11-23 15:01:11 - [MESSAGE][INFO] - Smart Wait Function is triggered

2023-11-23 15:01:11 - [MESSAGE][INFO] - Smart Wait Function is triggered

2023-11-23 15:01:11 - [MESSAGE][INFO] - Smart Wait Function is triggered

2023-11-23 15:01:11 - [MESSAGE][INFO] - Smart Wait Function is triggered

2023-11-23 15:01:11 - [MESSAGE][INFO] - Smart Wait Function is triggered

2023-11-23 15:01:11 - [MESSAGE][INFO] - Smart Wait Function is triggered

2023-11-23 15:01:11 - [MESSAGE][INFO] - Smart Wait Function is triggered

2023-11-23 15:01:11 - [MESSAGE][INFO] - Smart Wait Function is triggered

2023-11-23 15:01:11 - [MESSAGE][INFO] - Smart Wait Function is triggered

2023-11-23 15:01:11 - [MESSAGE][INFO] - Smart Wait Function is triggered

2023-11-23 15:01:11 - [MESSAGE][INFO] - Smart Wait Function is triggered

2023-11-23 15:01:11 - [MESSAGE][INFO] - Smart Wait Function is triggered

2023-11-23 15:01:11 - [MESSAGE][INFO] - Smart Wait Function is triggered

2023-11-23 15:01:11 - [MESSAGE][INFO] - Smart Wait Function is triggered

2023-11-23 15:01:11 - [MESSAGE][INFO] - Smart Wait Function is triggered

2023-11-23 15:01:11 - [MESSAGE][INFO] - Smart Wait Function is triggered

2023-11-23 15:01:11 - [MESSAGE][INFO] - Smart Wait Function is triggered

2023-11-23 15:01:12 - [MESSAGE][INFO] - Smart Wait Function is triggered

2023-11-23 15:01:12 - [MESSAGE][INFO] - Smart Wait Function is triggered

2023-11-23 15:01:12 - [MESSAGE][INFO] - Smart Wait Function is triggered

2023-11-23 15:01:12 - [MESSAGE][INFO] - Smart Wait Function is triggered

2023-11-23 15:01:12 - [MESSAGE][INFO] - Smart Wait Function is triggered

2023-11-23 15:01:12 - [MESSAGE][INFO] - Unable to find the element located by 'By.xpath: /html/body/app-root/div/app-portal/main/app-theme-v2/div/app-triage/div/div/div/form/div[2]/div/p-message/div/span[2]'. Please recheck the objects properties to make sure the desired element is located. 

2023-11-23 15:01:12 - [MESSAGE][WARNING] - com.kms.katalon.core.webui.exception.WebElementNotFoundException: Web element with id: 'Object Repository/Page_Accueil_Usager/Verif_PopUpTropTotPourDemanderLeRenouvellementDeVotreTitre' located by '/html/body/app-root/div/app-portal/main/app-theme-v2/div/app-triage/div/div/div/form/div[2]/div/p-message/div/span[2]' not found (Root cause: com.kms.katalon.core.exception.StepFailedException: com.kms.katalon.core.webui.exception.WebElementNotFoundException: Web element with id: 'Object Repository/Page_Accueil_Usager/Verif_PopUpTropTotPourDemanderLeRenouvellementDeVotreTitre' located by '/html/body/app-root/div/app-portal/main/app-theme-v2/div/app-triage/div/div/div/form/div[2]/div/p-message/div/span[2]' not found
	at com.kms.katalon.core.webui.keyword.internal.WebUIKeywordMain.stepFailed(WebUIKeywordMain.groovy:64)
	at com.kms.katalon.core.webui.keyword.builtin.VerifyElementPresentKeyword$_verifyElementPresent_closure1.doCall(VerifyElementPresentKeyword.groovy:85)
	at com.kms.katalon.core.webui.keyword.builtin.VerifyElementPresentKeyword$_verifyElementPresent_closure1.call(VerifyElementPresentKeyword.groovy)
	at com.kms.katalon.core.webui.keyword.internal.WebUIKeywordMain.runKeyword(WebUIKeywordMain.groovy:20)
	at com.kms.katalon.core.webui.keyword.builtin.VerifyElementPresentKeyword.verifyElementPresent(VerifyElementPresentKeyword.groovy:92)
	at com.kms.katalon.core.webui.keyword.builtin.VerifyElementPresentKeyword.execute(VerifyElementPresentKeyword.groovy:68)
	at com.kms.katalon.core.keyword.internal.KeywordExecutor.executeKeywordForPlatform(KeywordExecutor.groovy:74)
	at com.kms.katalon.core.webui.keyword.WebUiBuiltInKeywords.verifyElementPresent(WebUiBuiltInKeywords.groovy:1448)
	at com.kazurayam.ksbackyard.HighlightElement$_pandemic_closure1.doCall(HighlightElement.groovy:105)
	at FormulaireTypeDeTitreDeSejour.run(FormulaireTypeDeTitreDeSejour:302)
	at com.kms.katalon.core.main.ScriptEngine.run(ScriptEngine.java:194)
	at com.kms.katalon.core.main.ScriptEngine.runScriptAsRawText(ScriptEngine.java:119)
	at com.kms.katalon.core.main.TestCaseExecutor.runScript(TestCaseExecutor.java:448)
	at com.kms.katalon.core.main.TestCaseExecutor.doExecute(TestCaseExecutor.java:439)
	at com.kms.katalon.core.main.TestCaseExecutor.processExecutionPhase(TestCaseExecutor.java:418)
	at com.kms.katalon.core.main.TestCaseExecutor.accessMainPhase(TestCaseExecutor.java:410)
	at com.kms.katalon.core.main.TestCaseExecutor.execute(TestCaseExecutor.java:285)
	at com.kms.katalon.core.main.TestCaseMain.runTestCase(TestCaseMain.java:144)
	at com.kms.katalon.core.keyword.builtin.CallTestCaseKeyword$_callTestCase_closure1.doCall(CallTestCaseKeyword.groovy:59)
	at com.kms.katalon.core.keyword.builtin.CallTestCaseKeyword$_callTestCase_closure1.call(CallTestCaseKeyword.groovy)
	at com.kms.katalon.core.keyword.internal.KeywordMain.runKeyword(KeywordMain.groovy:75)
	at com.kms.katalon.core.keyword.builtin.CallTestCaseKeyword.callTestCase(CallTestCaseKeyword.groovy:81)
	at com.kms.katalon.core.keyword.builtin.CallTestCaseKeyword.execute(CallTestCaseKeyword.groovy:44)
	at com.kms.katalon.core.keyword.internal.KeywordExecutor.executeKeywordForPlatform(KeywordExecutor.groovy:74)
	at com.kms.katalon.core.keyword.BuiltinKeywords.callTestCase(BuiltinKeywords.groovy:310)
	at com.kazurayam.ksbackyard.HighlightElement$_pandemic_closure1.doCall(HighlightElement.groovy:105)
	at TNR R.TSPT Supp90-Etudiant.run(TNR R.TSPT Supp90-Etudiant:43)
	at com.kms.katalon.core.main.ScriptEngine.run(ScriptEngine.java:194)
	at com.kms.katalon.core.main.ScriptEngine.runScriptAsRawText(ScriptEngine.java:119)
	at com.kms.katalon.core.main.TestCaseExecutor.runScript(TestCaseExecutor.java:448)
	at com.kms.katalon.core.main.TestCaseExecutor.doExecute(TestCaseExecutor.java:439)
	at com.kms.katalon.core.main.TestCaseExecutor.processExecutionPhase(TestCaseExecutor.java:418)
	at com.kms.katalon.core.main.TestCaseExecutor.accessMainPhase(TestCaseExecutor.java:410)
	at com.kms.katalon.core.main.TestCaseExecutor.execute(TestCaseExecutor.java:285)
	at com.kms.katalon.core.common.CommonExecutor.accessTestCaseMainPhase(CommonExecutor.java:65)
	at com.kms.katalon.core.main.TestSuiteExecutor.accessTestSuiteMainPhase(TestSuiteExecutor.java:148)
	at com.kms.katalon.core.main.TestSuiteExecutor.execute(TestSuiteExecutor.java:106)
	at com.kms.katalon.core.main.TestCaseMain.startTestSuite(TestCaseMain.java:187)
	at com.kms.katalon.core.main.TestCaseMain$startTestSuite$0.call(Unknown Source)
	at TempTestSuite1700747757013.run(TempTestSuite1700747757013.groovy:36)
)
[[ATTACHMENT|C:\\Users\\ISSAM.RHARBAOUI\\git\\22_11\\ANEF-AutomatizationProject\\Reports\\20231123_145557\\TS_TNR_R.TSPT_Suppo90\\20231123_145557\\1700748072186.png]]

2023-11-23 15:01:12 - [TEST_STEP][PASSED] - if (MsgAlertPresent): null

2023-11-23 15:01:12 - [TEST_STEP][PASSED] - else:  C'est le bon Moment pour demander le renouvellement de votre titre.

2023-11-23 15:01:12 - [TEST_STEP][PASSED] - markPassed(" C'est le bon Moment pour demander le renouvellement de votre titre."):  C'est le bon Moment pour demander le renouvellement de votre titre.

2023-11-23 15:01:12 - [MESSAGE][PASSED] -  C'est le bon Moment pour demander le renouvellement de votre titre.

2023-11-23 15:01:12 - [MESSAGE][PASSED] - Call Test Case 'Test Cases/Test Reutilisable/DemandeOuRenouvelle_TitreSejour/FormulaireTypeDeTitreDeSejour' successfully

2023-11-23 15:01:12 - [TEST_STEP][PASSED] - callTestCase(findTestCase("Test Reutilisable/DemandeOuRenouvelle_TitreSejour/FormulaireInformationsPersonnelles"), ["AdresseUsager":AdresseUsager, "NumeroTelephoneUsager":NumeroTelephoneUsager], STOP_ON_FAILURE): Call Test Case 'Test Cases/Test Reutilisable/DemandeOuRenouvelle_TitreSejour/FormulaireInformationsPersonnelles' successfully

2023-11-23 15:01:12 - [MESSAGE][INFO] - Checking called Test Case

2023-11-23 15:01:12 - [MESSAGE][INFO] - Starting to call Test Case 'Test Cases/Test Reutilisable/DemandeOuRenouvelle_TitreSejour/FormulaireInformationsPersonnelles'

2023-11-23 15:01:12 - [TEST_CASE][PASSED] - Test Cases/Test Reutilisable/DemandeOuRenouvelle_TitreSejour/FormulaireInformationsPersonnelles: Test Cases/Test Reutilisable/DemandeOuRenouvelle_TitreSejour/FormulaireInformationsPersonnelles

2023-11-23 15:01:14 - [TEST_STEP][PASSED] - com.kazurayam.ksbackyard.HighlightElement.pandemic(): com.kazurayam.ksbackyard.HighlightElement.pandemic is PASSED

2023-11-23 15:01:14 - [MESSAGE][PASSED] - com.kazurayam.ksbackyard.HighlightElement.pandemic is PASSED

2023-11-23 15:01:14 - [TEST_STEP][PASSED] - if (verifyElementPresent(findTestObject("Object Repository/Page_InformationPersonnelles_Usager/CheckBox_liensPersonnelsFamiliaux_1_Non"), 1, OPTIONAL)): com.kms.katalon.core.webui.exception.WebElementNotFoundException: Web element with id: 'Object Repository/Page_InformationPersonnelles_Usager/CheckBox_liensPersonnelsFamiliaux_1_Non' located by '//*[@id="ui-accordiontab-1-content"]/div/div/div[1]/div/anef-input-radio/div/div/fieldset/div/div[2]/p-radiobutton/div/div[2]/span' not found (Root cause: com.kms.katalon.core.exception.StepFailedException: com.kms.katalon.core.webui.exception.WebElementNotFoundException: Web element with id: 'Object Repository/Page_InformationPersonnelles_Usager/CheckBox_liensPersonnelsFamiliaux_1_Non' located by '//*[@id="ui-accordiontab-1-content"]/div/div/div[1]/div/anef-input-radio/div/div/fieldset/div/div[2]/p-radiobutton/div/div[2]/span' not found
	at com.kms.katalon.core.webui.keyword.internal.WebUIKeywordMain.stepFailed(WebUIKeywordMain.groovy:64)
	at com.kms.katalon.core.webui.keyword.builtin.VerifyElementPresentKeyword$_verifyElementPresent_closure1.doCall(VerifyElementPresentKeyword.groovy:85)
	at com.kms.katalon.core.webui.keyword.builtin.VerifyElementPresentKeyword$_verifyElementPresent_closure1.call(VerifyElementPresentKeyword.groovy)
	at com.kms.katalon.core.webui.keyword.internal.WebUIKeywordMain.runKeyword(WebUIKeywordMain.groovy:20)
	at com.kms.katalon.core.webui.keyword.builtin.VerifyElementPresentKeyword.verifyElementPresent(VerifyElementPresentKeyword.groovy:92)
	at com.kms.katalon.core.webui.keyword.builtin.VerifyElementPresentKeyword.execute(VerifyElementPresentKeyword.groovy:68)
	at com.kms.katalon.core.keyword.internal.KeywordExecutor.executeKeywordForPlatform(KeywordExecutor.groovy:74)
	at com.kms.katalon.core.webui.keyword.WebUiBuiltInKeywords.verifyElementPresent(WebUiBuiltInKeywords.groovy:1448)
	at com.kazurayam.ksbackyard.HighlightElement$_pandemic_closure1.doCall(HighlightElement.groovy:105)
	at FormulaireInformationsPersonnelles.run(FormulaireInformationsPersonnelles:28)
	at com.kms.katalon.core.main.ScriptEngine.run(ScriptEngine.java:194)
	at com.kms.katalon.core.main.ScriptEngine.runScriptAsRawText(ScriptEngine.java:119)
	at com.kms.katalon.core.main.TestCaseExecutor.runScript(TestCaseExecutor.java:448)
	at com.kms.katalon.core.main.TestCaseExecutor.doExecute(TestCaseExecutor.java:439)
	at com.kms.katalon.core.main.TestCaseExecutor.processExecutionPhase(TestCaseExecutor.java:418)
	at com.kms.katalon.core.main.TestCaseExecutor.accessMainPhase(TestCaseExecutor.java:410)
	at com.kms.katalon.core.main.TestCaseExecutor.execute(TestCaseExecutor.java:285)
	at com.kms.katalon.core.main.TestCaseMain.runTestCase(TestCaseMain.java:144)
	at com.kms.katalon.core.keyword.builtin.CallTestCaseKeyword$_callTestCase_closure1.doCall(CallTestCaseKeyword.groovy:59)
	at com.kms.katalon.core.keyword.builtin.CallTestCaseKeyword$_callTestCase_closure1.call(CallTestCaseKeyword.groovy)
	at com.kms.katalon.core.keyword.internal.KeywordMain.runKeyword(KeywordMain.groovy:75)
	at com.kms.katalon.core.keyword.builtin.CallTestCaseKeyword.callTestCase(CallTestCaseKeyword.groovy:81)
	at com.kms.katalon.core.keyword.builtin.CallTestCaseKeyword.execute(CallTestCaseKeyword.groovy:44)
	at com.kms.katalon.core.keyword.internal.KeywordExecutor.executeKeywordForPlatform(KeywordExecutor.groovy:74)
	at com.kms.katalon.core.keyword.BuiltinKeywords.callTestCase(BuiltinKeywords.groovy:310)
	at com.kazurayam.ksbackyard.HighlightElement$_pandemic_closure1.doCall(HighlightElement.groovy:105)
	at TNR R.TSPT Supp90-Etudiant.run(TNR R.TSPT Supp90-Etudiant:47)
	at com.kms.katalon.core.main.ScriptEngine.run(ScriptEngine.java:194)
	at com.kms.katalon.core.main.ScriptEngine.runScriptAsRawText(ScriptEngine.java:119)
	at com.kms.katalon.core.main.TestCaseExecutor.runScript(TestCaseExecutor.java:448)
	at com.kms.katalon.core.main.TestCaseExecutor.doExecute(TestCaseExecutor.java:439)
	at com.kms.katalon.core.main.TestCaseExecutor.processExecutionPhase(TestCaseExecutor.java:418)
	at com.kms.katalon.core.main.TestCaseExecutor.accessMainPhase(TestCaseExecutor.java:410)
	at com.kms.katalon.core.main.TestCaseExecutor.execute(TestCaseExecutor.java:285)
	at com.kms.katalon.core.common.CommonExecutor.accessTestCaseMainPhase(CommonExecutor.java:65)
	at com.kms.katalon.core.main.TestSuiteExecutor.accessTestSuiteMainPhase(TestSuiteExecutor.java:148)
	at com.kms.katalon.core.main.TestSuiteExecutor.execute(TestSuiteExecutor.java:106)
	at com.kms.katalon.core.main.TestCaseMain.startTestSuite(TestCaseMain.java:187)
	at com.kms.katalon.core.main.TestCaseMain$startTestSuite$0.call(Unknown Source)
	at TempTestSuite1700747757013.run(TempTestSuite1700747757013.groovy:36)
)

2023-11-23 15:01:14 - [MESSAGE][INFO] - Finding Test Object 'Object Repository/Page_InformationPersonnelles_Usager/CheckBox_liensPersonnelsFamiliaux_1_Non'

2023-11-23 15:01:14 - [MESSAGE][INFO] - Checking object

2023-11-23 15:01:14 - [MESSAGE][INFO] - Finding web element from Test Object's properties

2023-11-23 15:01:14 - [MESSAGE][INFO] - Checking timeout

2023-11-23 15:01:14 - [MESSAGE][INFO] - Finding web element with id: 'Object Repository/Page_InformationPersonnelles_Usager/CheckBox_liensPersonnelsFamiliaux_1_Non' located by 'By.xpath: //*[@id="ui-accordiontab-1-content"]/div/div/div[1]/div/anef-input-radio/div/div/fieldset/div/div[2]/p-radiobutton/div/div[2]/span' in '1' second(s)

2023-11-23 15:01:14 - [MESSAGE][INFO] - Smart Wait Function is triggered

2023-11-23 15:01:14 - [MESSAGE][INFO] - Smart Wait Function is triggered

2023-11-23 15:01:14 - [MESSAGE][INFO] - Smart Wait Function is triggered

2023-11-23 15:01:14 - [MESSAGE][INFO] - Smart Wait Function is triggered

2023-11-23 15:01:14 - [MESSAGE][INFO] - Smart Wait Function is triggered

2023-11-23 15:01:14 - [MESSAGE][INFO] - Smart Wait Function is triggered

2023-11-23 15:01:14 - [MESSAGE][INFO] - Smart Wait Function is triggered

2023-11-23 15:01:14 - [MESSAGE][INFO] - Smart Wait Function is triggered

2023-11-23 15:01:14 - [MESSAGE][INFO] - Smart Wait Function is triggered

2023-11-23 15:01:14 - [MESSAGE][INFO] - Smart Wait Function is triggered

2023-11-23 15:01:14 - [MESSAGE][INFO] - Smart Wait Function is triggered

2023-11-23 15:01:14 - [MESSAGE][INFO] - Smart Wait Function is triggered

2023-11-23 15:01:15 - [MESSAGE][INFO] - Smart Wait Function is triggered

2023-11-23 15:01:15 - [MESSAGE][INFO] - Smart Wait Function is triggered

2023-11-23 15:01:15 - [MESSAGE][INFO] - Smart Wait Function is triggered

2023-11-23 15:01:15 - [MESSAGE][INFO] - Smart Wait Function is triggered

2023-11-23 15:01:15 - [MESSAGE][INFO] - Smart Wait Function is triggered

2023-11-23 15:01:15 - [MESSAGE][INFO] - Smart Wait Function is triggered

2023-11-23 15:01:15 - [MESSAGE][INFO] - Smart Wait Function is triggered

2023-11-23 15:01:15 - [MESSAGE][INFO] - Smart Wait Function is triggered

2023-11-23 15:01:15 - [MESSAGE][INFO] - Smart Wait Function is triggered

2023-11-23 15:01:15 - [MESSAGE][INFO] - Smart Wait Function is triggered

2023-11-23 15:01:15 - [MESSAGE][INFO] - Smart Wait Function is triggered

2023-11-23 15:01:15 - [MESSAGE][INFO] - Smart Wait Function is triggered

2023-11-23 15:01:15 - [MESSAGE][INFO] - Smart Wait Function is triggered

2023-11-23 15:01:15 - [MESSAGE][INFO] - Smart Wait Function is triggered

2023-11-23 15:01:15 - [MESSAGE][INFO] - Smart Wait Function is triggered

2023-11-23 15:01:15 - [MESSAGE][INFO] - Smart Wait Function is triggered

2023-11-23 15:01:15 - [MESSAGE][INFO] - Smart Wait Function is triggered

2023-11-23 15:01:15 - [MESSAGE][INFO] - Smart Wait Function is triggered

2023-11-23 15:01:15 - [MESSAGE][INFO] - Smart Wait Function is triggered

2023-11-23 15:01:15 - [MESSAGE][INFO] - Smart Wait Function is triggered

2023-11-23 15:01:15 - [MESSAGE][INFO] - Smart Wait Function is triggered

2023-11-23 15:01:15 - [MESSAGE][INFO] - Smart Wait Function is triggered

2023-11-23 15:01:15 - [MESSAGE][INFO] - Smart Wait Function is triggered

2023-11-23 15:01:15 - [MESSAGE][INFO] - Smart Wait Function is triggered

2023-11-23 15:01:15 - [MESSAGE][INFO] - Smart Wait Function is triggered

2023-11-23 15:01:15 - [MESSAGE][INFO] - Smart Wait Function is triggered

2023-11-23 15:01:15 - [MESSAGE][INFO] - Smart Wait Function is triggered

2023-11-23 15:01:15 - [MESSAGE][INFO] - Smart Wait Function is triggered

2023-11-23 15:01:15 - [MESSAGE][INFO] - Smart Wait Function is triggered

2023-11-23 15:01:15 - [MESSAGE][INFO] - Smart Wait Function is triggered

2023-11-23 15:01:15 - [MESSAGE][INFO] - Smart Wait Function is triggered

2023-11-23 15:01:16 - [MESSAGE][INFO] - Smart Wait Function is triggered

2023-11-23 15:01:16 - [MESSAGE][INFO] - Smart Wait Function is triggered

2023-11-23 15:01:16 - [MESSAGE][INFO] - Smart Wait Function is triggered

2023-11-23 15:01:16 - [MESSAGE][INFO] - Smart Wait Function is triggered

2023-11-23 15:01:16 - [MESSAGE][INFO] - Smart Wait Function is triggered

2023-11-23 15:01:16 - [MESSAGE][INFO] - Smart Wait Function is triggered

2023-11-23 15:01:16 - [MESSAGE][INFO] - Smart Wait Function is triggered

2023-11-23 15:01:16 - [MESSAGE][INFO] - Smart Wait Function is triggered

2023-11-23 15:01:16 - [MESSAGE][INFO] - Smart Wait Function is triggered

2023-11-23 15:01:16 - [MESSAGE][INFO] - Smart Wait Function is triggered

2023-11-23 15:01:16 - [MESSAGE][INFO] - Smart Wait Function is triggered

2023-11-23 15:01:16 - [MESSAGE][INFO] - Smart Wait Function is triggered

2023-11-23 15:01:16 - [MESSAGE][INFO] - Smart Wait Function is triggered

2023-11-23 15:01:16 - [MESSAGE][INFO] - Smart Wait Function is triggered

2023-11-23 15:01:16 - [MESSAGE][INFO] - Smart Wait Function is triggered

2023-11-23 15:01:16 - [MESSAGE][INFO] - Smart Wait Function is triggered

2023-11-23 15:01:16 - [MESSAGE][INFO] - Smart Wait Function is triggered

2023-11-23 15:01:16 - [MESSAGE][INFO] - Smart Wait Function is triggered

2023-11-23 15:01:16 - [MESSAGE][INFO] - Unable to find the element located by 'By.xpath: //*[@id="ui-accordiontab-1-content"]/div/div/div[1]/div/anef-input-radio/div/div/fieldset/div/div[2]/p-radiobutton/div/div[2]/span'. Please recheck the objects properties to make sure the desired element is located. 

2023-11-23 15:01:16 - [MESSAGE][WARNING] - com.kms.katalon.core.webui.exception.WebElementNotFoundException: Web element with id: 'Object Repository/Page_InformationPersonnelles_Usager/CheckBox_liensPersonnelsFamiliaux_1_Non' located by '//*[@id="ui-accordiontab-1-content"]/div/div/div[1]/div/anef-input-radio/div/div/fieldset/div/div[2]/p-radiobutton/div/div[2]/span' not found (Root cause: com.kms.katalon.core.exception.StepFailedException: com.kms.katalon.core.webui.exception.WebElementNotFoundException: Web element with id: 'Object Repository/Page_InformationPersonnelles_Usager/CheckBox_liensPersonnelsFamiliaux_1_Non' located by '//*[@id="ui-accordiontab-1-content"]/div/div/div[1]/div/anef-input-radio/div/div/fieldset/div/div[2]/p-radiobutton/div/div[2]/span' not found
	at com.kms.katalon.core.webui.keyword.internal.WebUIKeywordMain.stepFailed(WebUIKeywordMain.groovy:64)
	at com.kms.katalon.core.webui.keyword.builtin.VerifyElementPresentKeyword$_verifyElementPresent_closure1.doCall(VerifyElementPresentKeyword.groovy:85)
	at com.kms.katalon.core.webui.keyword.builtin.VerifyElementPresentKeyword$_verifyElementPresent_closure1.call(VerifyElementPresentKeyword.groovy)
	at com.kms.katalon.core.webui.keyword.internal.WebUIKeywordMain.runKeyword(WebUIKeywordMain.groovy:20)
	at com.kms.katalon.core.webui.keyword.builtin.VerifyElementPresentKeyword.verifyElementPresent(VerifyElementPresentKeyword.groovy:92)
	at com.kms.katalon.core.webui.keyword.builtin.VerifyElementPresentKeyword.execute(VerifyElementPresentKeyword.groovy:68)
	at com.kms.katalon.core.keyword.internal.KeywordExecutor.executeKeywordForPlatform(KeywordExecutor.groovy:74)
	at com.kms.katalon.core.webui.keyword.WebUiBuiltInKeywords.verifyElementPresent(WebUiBuiltInKeywords.groovy:1448)
	at com.kazurayam.ksbackyard.HighlightElement$_pandemic_closure1.doCall(HighlightElement.groovy:105)
	at FormulaireInformationsPersonnelles.run(FormulaireInformationsPersonnelles:28)
	at com.kms.katalon.core.main.ScriptEngine.run(ScriptEngine.java:194)
	at com.kms.katalon.core.main.ScriptEngine.runScriptAsRawText(ScriptEngine.java:119)
	at com.kms.katalon.core.main.TestCaseExecutor.runScript(TestCaseExecutor.java:448)
	at com.kms.katalon.core.main.TestCaseExecutor.doExecute(TestCaseExecutor.java:439)
	at com.kms.katalon.core.main.TestCaseExecutor.processExecutionPhase(TestCaseExecutor.java:418)
	at com.kms.katalon.core.main.TestCaseExecutor.accessMainPhase(TestCaseExecutor.java:410)
	at com.kms.katalon.core.main.TestCaseExecutor.execute(TestCaseExecutor.java:285)
	at com.kms.katalon.core.main.TestCaseMain.runTestCase(TestCaseMain.java:144)
	at com.kms.katalon.core.keyword.builtin.CallTestCaseKeyword$_callTestCase_closure1.doCall(CallTestCaseKeyword.groovy:59)
	at com.kms.katalon.core.keyword.builtin.CallTestCaseKeyword$_callTestCase_closure1.call(CallTestCaseKeyword.groovy)
	at com.kms.katalon.core.keyword.internal.KeywordMain.runKeyword(KeywordMain.groovy:75)
	at com.kms.katalon.core.keyword.builtin.CallTestCaseKeyword.callTestCase(CallTestCaseKeyword.groovy:81)
	at com.kms.katalon.core.keyword.builtin.CallTestCaseKeyword.execute(CallTestCaseKeyword.groovy:44)
	at com.kms.katalon.core.keyword.internal.KeywordExecutor.executeKeywordForPlatform(KeywordExecutor.groovy:74)
	at com.kms.katalon.core.keyword.BuiltinKeywords.callTestCase(BuiltinKeywords.groovy:310)
	at com.kazurayam.ksbackyard.HighlightElement$_pandemic_closure1.doCall(HighlightElement.groovy:105)
	at TNR R.TSPT Supp90-Etudiant.run(TNR R.TSPT Supp90-Etudiant:47)
	at com.kms.katalon.core.main.ScriptEngine.run(ScriptEngine.java:194)
	at com.kms.katalon.core.main.ScriptEngine.runScriptAsRawText(ScriptEngine.java:119)
	at com.kms.katalon.core.main.TestCaseExecutor.runScript(TestCaseExecutor.java:448)
	at com.kms.katalon.core.main.TestCaseExecutor.doExecute(TestCaseExecutor.java:439)
	at com.kms.katalon.core.main.TestCaseExecutor.processExecutionPhase(TestCaseExecutor.java:418)
	at com.kms.katalon.core.main.TestCaseExecutor.accessMainPhase(TestCaseExecutor.java:410)
	at com.kms.katalon.core.main.TestCaseExecutor.execute(TestCaseExecutor.java:285)
	at com.kms.katalon.core.common.CommonExecutor.accessTestCaseMainPhase(CommonExecutor.java:65)
	at com.kms.katalon.core.main.TestSuiteExecutor.accessTestSuiteMainPhase(TestSuiteExecutor.java:148)
	at com.kms.katalon.core.main.TestSuiteExecutor.execute(TestSuiteExecutor.java:106)
	at com.kms.katalon.core.main.TestCaseMain.startTestSuite(TestCaseMain.java:187)
	at com.kms.katalon.core.main.TestCaseMain$startTestSuite$0.call(Unknown Source)
	at TempTestSuite1700747757013.run(TempTestSuite1700747757013.groovy:36)
)
[[ATTACHMENT|C:\\Users\\ISSAM.RHARBAOUI\\git\\22_11\\ANEF-AutomatizationProject\\Reports\\20231123_145557\\TS_TNR_R.TSPT_Suppo90\\20231123_145557\\1700748076606.png]]

2023-11-23 15:01:16 - [TEST_STEP][PASSED] - delay(2): Delayed 2 second(s)

2023-11-23 15:01:16 - [MESSAGE][INFO] - Delaying browser in 2 second(s)

2023-11-23 15:01:18 - [MESSAGE][PASSED] - Delayed 2 second(s)

2023-11-23 15:01:18 - [TEST_STEP][PASSED] - if (verifyElementPresent(findTestObject("Object Repository/Page_InformationPersonnelles_Usager/CheckBox_liensPersonnelsFamiliaux_2_Non"), 1, OPTIONAL)): com.kms.katalon.core.webui.exception.WebElementNotFoundException: Web element with id: 'Object Repository/Page_InformationPersonnelles_Usager/CheckBox_liensPersonnelsFamiliaux_2_Non' located by '//*[@id="ui-accordiontab-1-content"]/div/div/div[2]/div/anef-input-radio/div/div/fieldset/div/div[2]/p-radiobutton/div/div[2]' not found (Root cause: com.kms.katalon.core.exception.StepFailedException: com.kms.katalon.core.webui.exception.WebElementNotFoundException: Web element with id: 'Object Repository/Page_InformationPersonnelles_Usager/CheckBox_liensPersonnelsFamiliaux_2_Non' located by '//*[@id="ui-accordiontab-1-content"]/div/div/div[2]/div/anef-input-radio/div/div/fieldset/div/div[2]/p-radiobutton/div/div[2]' not found
	at com.kms.katalon.core.webui.keyword.internal.WebUIKeywordMain.stepFailed(WebUIKeywordMain.groovy:64)
	at com.kms.katalon.core.webui.keyword.builtin.VerifyElementPresentKeyword$_verifyElementPresent_closure1.doCall(VerifyElementPresentKeyword.groovy:85)
	at com.kms.katalon.core.webui.keyword.builtin.VerifyElementPresentKeyword$_verifyElementPresent_closure1.call(VerifyElementPresentKeyword.groovy)
	at com.kms.katalon.core.webui.keyword.internal.WebUIKeywordMain.runKeyword(WebUIKeywordMain.groovy:20)
	at com.kms.katalon.core.webui.keyword.builtin.VerifyElementPresentKeyword.verifyElementPresent(VerifyElementPresentKeyword.groovy:92)
	at com.kms.katalon.core.webui.keyword.builtin.VerifyElementPresentKeyword.execute(VerifyElementPresentKeyword.groovy:68)
	at com.kms.katalon.core.keyword.internal.KeywordExecutor.executeKeywordForPlatform(KeywordExecutor.groovy:74)
	at com.kms.katalon.core.webui.keyword.WebUiBuiltInKeywords.verifyElementPresent(WebUiBuiltInKeywords.groovy:1448)
	at com.kazurayam.ksbackyard.HighlightElement$_pandemic_closure1.doCall(HighlightElement.groovy:105)
	at FormulaireInformationsPersonnelles.run(FormulaireInformationsPersonnelles:33)
	at com.kms.katalon.core.main.ScriptEngine.run(ScriptEngine.java:194)
	at com.kms.katalon.core.main.ScriptEngine.runScriptAsRawText(ScriptEngine.java:119)
	at com.kms.katalon.core.main.TestCaseExecutor.runScript(TestCaseExecutor.java:448)
	at com.kms.katalon.core.main.TestCaseExecutor.doExecute(TestCaseExecutor.java:439)
	at com.kms.katalon.core.main.TestCaseExecutor.processExecutionPhase(TestCaseExecutor.java:418)
	at com.kms.katalon.core.main.TestCaseExecutor.accessMainPhase(TestCaseExecutor.java:410)
	at com.kms.katalon.core.main.TestCaseExecutor.execute(TestCaseExecutor.java:285)
	at com.kms.katalon.core.main.TestCaseMain.runTestCase(TestCaseMain.java:144)
	at com.kms.katalon.core.keyword.builtin.CallTestCaseKeyword$_callTestCase_closure1.doCall(CallTestCaseKeyword.groovy:59)
	at com.kms.katalon.core.keyword.builtin.CallTestCaseKeyword$_callTestCase_closure1.call(CallTestCaseKeyword.groovy)
	at com.kms.katalon.core.keyword.internal.KeywordMain.runKeyword(KeywordMain.groovy:75)
	at com.kms.katalon.core.keyword.builtin.CallTestCaseKeyword.callTestCase(CallTestCaseKeyword.groovy:81)
	at com.kms.katalon.core.keyword.builtin.CallTestCaseKeyword.execute(CallTestCaseKeyword.groovy:44)
	at com.kms.katalon.core.keyword.internal.KeywordExecutor.executeKeywordForPlatform(KeywordExecutor.groovy:74)
	at com.kms.katalon.core.keyword.BuiltinKeywords.callTestCase(BuiltinKeywords.groovy:310)
	at com.kazurayam.ksbackyard.HighlightElement$_pandemic_closure1.doCall(HighlightElement.groovy:105)
	at TNR R.TSPT Supp90-Etudiant.run(TNR R.TSPT Supp90-Etudiant:47)
	at com.kms.katalon.core.main.ScriptEngine.run(ScriptEngine.java:194)
	at com.kms.katalon.core.main.ScriptEngine.runScriptAsRawText(ScriptEngine.java:119)
	at com.kms.katalon.core.main.TestCaseExecutor.runScript(TestCaseExecutor.java:448)
	at com.kms.katalon.core.main.TestCaseExecutor.doExecute(TestCaseExecutor.java:439)
	at com.kms.katalon.core.main.TestCaseExecutor.processExecutionPhase(TestCaseExecutor.java:418)
	at com.kms.katalon.core.main.TestCaseExecutor.accessMainPhase(TestCaseExecutor.java:410)
	at com.kms.katalon.core.main.TestCaseExecutor.execute(TestCaseExecutor.java:285)
	at com.kms.katalon.core.common.CommonExecutor.accessTestCaseMainPhase(CommonExecutor.java:65)
	at com.kms.katalon.core.main.TestSuiteExecutor.accessTestSuiteMainPhase(TestSuiteExecutor.java:148)
	at com.kms.katalon.core.main.TestSuiteExecutor.execute(TestSuiteExecutor.java:106)
	at com.kms.katalon.core.main.TestCaseMain.startTestSuite(TestCaseMain.java:187)
	at com.kms.katalon.core.main.TestCaseMain$startTestSuite$0.call(Unknown Source)
	at TempTestSuite1700747757013.run(TempTestSuite1700747757013.groovy:36)
)

2023-11-23 15:01:18 - [MESSAGE][INFO] - Finding Test Object 'Object Repository/Page_InformationPersonnelles_Usager/CheckBox_liensPersonnelsFamiliaux_2_Non'

2023-11-23 15:01:18 - [MESSAGE][INFO] - Checking object

2023-11-23 15:01:18 - [MESSAGE][INFO] - Finding web element from Test Object's properties

2023-11-23 15:01:18 - [MESSAGE][INFO] - Checking timeout

2023-11-23 15:01:18 - [MESSAGE][INFO] - Finding web element with id: 'Object Repository/Page_InformationPersonnelles_Usager/CheckBox_liensPersonnelsFamiliaux_2_Non' located by 'By.xpath: //*[@id="ui-accordiontab-1-content"]/div/div/div[2]/div/anef-input-radio/div/div/fieldset/div/div[2]/p-radiobutton/div/div[2]' in '1' second(s)

2023-11-23 15:01:18 - [MESSAGE][INFO] - Smart Wait Function is triggered

2023-11-23 15:01:18 - [MESSAGE][INFO] - Smart Wait Function is triggered

2023-11-23 15:01:18 - [MESSAGE][INFO] - Smart Wait Function is triggered

2023-11-23 15:01:19 - [MESSAGE][INFO] - Smart Wait Function is triggered

2023-11-23 15:01:19 - [MESSAGE][INFO] - Smart Wait Function is triggered

2023-11-23 15:01:19 - [MESSAGE][INFO] - Smart Wait Function is triggered

2023-11-23 15:01:19 - [MESSAGE][INFO] - Smart Wait Function is triggered

2023-11-23 15:01:19 - [MESSAGE][INFO] - Smart Wait Function is triggered

2023-11-23 15:01:19 - [MESSAGE][INFO] - Smart Wait Function is triggered

2023-11-23 15:01:19 - [MESSAGE][INFO] - Smart Wait Function is triggered

2023-11-23 15:01:19 - [MESSAGE][INFO] - Smart Wait Function is triggered

2023-11-23 15:01:19 - [MESSAGE][INFO] - Smart Wait Function is triggered

2023-11-23 15:01:19 - [MESSAGE][INFO] - Smart Wait Function is triggered

2023-11-23 15:01:19 - [MESSAGE][INFO] - Smart Wait Function is triggered

2023-11-23 15:01:19 - [MESSAGE][INFO] - Smart Wait Function is triggered

2023-11-23 15:01:19 - [MESSAGE][INFO] - Smart Wait Function is triggered

2023-11-23 15:01:19 - [MESSAGE][INFO] - Smart Wait Function is triggered

2023-11-23 15:01:19 - [MESSAGE][INFO] - Smart Wait Function is triggered

2023-11-23 15:01:19 - [MESSAGE][INFO] - Smart Wait Function is triggered

2023-11-23 15:01:19 - [MESSAGE][INFO] - Smart Wait Function is triggered

2023-11-23 15:01:19 - [MESSAGE][INFO] - Smart Wait Function is triggered

2023-11-23 15:01:19 - [MESSAGE][INFO] - Smart Wait Function is triggered

2023-11-23 15:01:19 - [MESSAGE][INFO] - Smart Wait Function is triggered

2023-11-23 15:01:19 - [MESSAGE][INFO] - Smart Wait Function is triggered

2023-11-23 15:01:19 - [MESSAGE][INFO] - Smart Wait Function is triggered

2023-11-23 15:01:19 - [MESSAGE][INFO] - Smart Wait Function is triggered

2023-11-23 15:01:19 - [MESSAGE][INFO] - Smart Wait Function is triggered

2023-11-23 15:01:19 - [MESSAGE][INFO] - Smart Wait Function is triggered

2023-11-23 15:01:19 - [MESSAGE][INFO] - Smart Wait Function is triggered

2023-11-23 15:01:19 - [MESSAGE][INFO] - Smart Wait Function is triggered

2023-11-23 15:01:19 - [MESSAGE][INFO] - Smart Wait Function is triggered

2023-11-23 15:01:19 - [MESSAGE][INFO] - Smart Wait Function is triggered

2023-11-23 15:01:19 - [MESSAGE][INFO] - Smart Wait Function is triggered

2023-11-23 15:01:19 - [MESSAGE][INFO] - Smart Wait Function is triggered

2023-11-23 15:01:20 - [MESSAGE][INFO] - Smart Wait Function is triggered

2023-11-23 15:01:20 - [MESSAGE][INFO] - Smart Wait Function is triggered

2023-11-23 15:01:20 - [MESSAGE][INFO] - Smart Wait Function is triggered

2023-11-23 15:01:20 - [MESSAGE][INFO] - Smart Wait Function is triggered

2023-11-23 15:01:20 - [MESSAGE][INFO] - Smart Wait Function is triggered

2023-11-23 15:01:20 - [MESSAGE][INFO] - Smart Wait Function is triggered

2023-11-23 15:01:20 - [MESSAGE][INFO] - Smart Wait Function is triggered

2023-11-23 15:01:20 - [MESSAGE][INFO] - Smart Wait Function is triggered

2023-11-23 15:01:20 - [MESSAGE][INFO] - Smart Wait Function is triggered

2023-11-23 15:01:20 - [MESSAGE][INFO] - Smart Wait Function is triggered

2023-11-23 15:01:20 - [MESSAGE][INFO] - Smart Wait Function is triggered

2023-11-23 15:01:20 - [MESSAGE][INFO] - Smart Wait Function is triggered

2023-11-23 15:01:20 - [MESSAGE][INFO] - Smart Wait Function is triggered

2023-11-23 15:01:20 - [MESSAGE][INFO] - Smart Wait Function is triggered

2023-11-23 15:01:20 - [MESSAGE][INFO] - Smart Wait Function is triggered

2023-11-23 15:01:20 - [MESSAGE][INFO] - Smart Wait Function is triggered

2023-11-23 15:01:20 - [MESSAGE][INFO] - Smart Wait Function is triggered

2023-11-23 15:01:20 - [MESSAGE][INFO] - Smart Wait Function is triggered

2023-11-23 15:01:20 - [MESSAGE][INFO] - Smart Wait Function is triggered

2023-11-23 15:01:20 - [MESSAGE][INFO] - Smart Wait Function is triggered

2023-11-23 15:01:20 - [MESSAGE][INFO] - Smart Wait Function is triggered

2023-11-23 15:01:20 - [MESSAGE][INFO] - Smart Wait Function is triggered

2023-11-23 15:01:20 - [MESSAGE][INFO] - Smart Wait Function is triggered

2023-11-23 15:01:20 - [MESSAGE][INFO] - Smart Wait Function is triggered

2023-11-23 15:01:20 - [MESSAGE][INFO] - Smart Wait Function is triggered

2023-11-23 15:01:20 - [MESSAGE][INFO] - Smart Wait Function is triggered

2023-11-23 15:01:20 - [MESSAGE][INFO] - Smart Wait Function is triggered

2023-11-23 15:01:20 - [MESSAGE][INFO] - Smart Wait Function is triggered

2023-11-23 15:01:20 - [MESSAGE][INFO] - Unable to find the element located by 'By.xpath: //*[@id="ui-accordiontab-1-content"]/div/div/div[2]/div/anef-input-radio/div/div/fieldset/div/div[2]/p-radiobutton/div/div[2]'. Please recheck the objects properties to make sure the desired element is located. 

2023-11-23 15:01:21 - [MESSAGE][WARNING] - com.kms.katalon.core.webui.exception.WebElementNotFoundException: Web element with id: 'Object Repository/Page_InformationPersonnelles_Usager/CheckBox_liensPersonnelsFamiliaux_2_Non' located by '//*[@id="ui-accordiontab-1-content"]/div/div/div[2]/div/anef-input-radio/div/div/fieldset/div/div[2]/p-radiobutton/div/div[2]' not found (Root cause: com.kms.katalon.core.exception.StepFailedException: com.kms.katalon.core.webui.exception.WebElementNotFoundException: Web element with id: 'Object Repository/Page_InformationPersonnelles_Usager/CheckBox_liensPersonnelsFamiliaux_2_Non' located by '//*[@id="ui-accordiontab-1-content"]/div/div/div[2]/div/anef-input-radio/div/div/fieldset/div/div[2]/p-radiobutton/div/div[2]' not found
	at com.kms.katalon.core.webui.keyword.internal.WebUIKeywordMain.stepFailed(WebUIKeywordMain.groovy:64)
	at com.kms.katalon.core.webui.keyword.builtin.VerifyElementPresentKeyword$_verifyElementPresent_closure1.doCall(VerifyElementPresentKeyword.groovy:85)
	at com.kms.katalon.core.webui.keyword.builtin.VerifyElementPresentKeyword$_verifyElementPresent_closure1.call(VerifyElementPresentKeyword.groovy)
	at com.kms.katalon.core.webui.keyword.internal.WebUIKeywordMain.runKeyword(WebUIKeywordMain.groovy:20)
	at com.kms.katalon.core.webui.keyword.builtin.VerifyElementPresentKeyword.verifyElementPresent(VerifyElementPresentKeyword.groovy:92)
	at com.kms.katalon.core.webui.keyword.builtin.VerifyElementPresentKeyword.execute(VerifyElementPresentKeyword.groovy:68)
	at com.kms.katalon.core.keyword.internal.KeywordExecutor.executeKeywordForPlatform(KeywordExecutor.groovy:74)
	at com.kms.katalon.core.webui.keyword.WebUiBuiltInKeywords.verifyElementPresent(WebUiBuiltInKeywords.groovy:1448)
	at com.kazurayam.ksbackyard.HighlightElement$_pandemic_closure1.doCall(HighlightElement.groovy:105)
	at FormulaireInformationsPersonnelles.run(FormulaireInformationsPersonnelles:33)
	at com.kms.katalon.core.main.ScriptEngine.run(ScriptEngine.java:194)
	at com.kms.katalon.core.main.ScriptEngine.runScriptAsRawText(ScriptEngine.java:119)
	at com.kms.katalon.core.main.TestCaseExecutor.runScript(TestCaseExecutor.java:448)
	at com.kms.katalon.core.main.TestCaseExecutor.doExecute(TestCaseExecutor.java:439)
	at com.kms.katalon.core.main.TestCaseExecutor.processExecutionPhase(TestCaseExecutor.java:418)
	at com.kms.katalon.core.main.TestCaseExecutor.accessMainPhase(TestCaseExecutor.java:410)
	at com.kms.katalon.core.main.TestCaseExecutor.execute(TestCaseExecutor.java:285)
	at com.kms.katalon.core.main.TestCaseMain.runTestCase(TestCaseMain.java:144)
	at com.kms.katalon.core.keyword.builtin.CallTestCaseKeyword$_callTestCase_closure1.doCall(CallTestCaseKeyword.groovy:59)
	at com.kms.katalon.core.keyword.builtin.CallTestCaseKeyword$_callTestCase_closure1.call(CallTestCaseKeyword.groovy)
	at com.kms.katalon.core.keyword.internal.KeywordMain.runKeyword(KeywordMain.groovy:75)
	at com.kms.katalon.core.keyword.builtin.CallTestCaseKeyword.callTestCase(CallTestCaseKeyword.groovy:81)
	at com.kms.katalon.core.keyword.builtin.CallTestCaseKeyword.execute(CallTestCaseKeyword.groovy:44)
	at com.kms.katalon.core.keyword.internal.KeywordExecutor.executeKeywordForPlatform(KeywordExecutor.groovy:74)
	at com.kms.katalon.core.keyword.BuiltinKeywords.callTestCase(BuiltinKeywords.groovy:310)
	at com.kazurayam.ksbackyard.HighlightElement$_pandemic_closure1.doCall(HighlightElement.groovy:105)
	at TNR R.TSPT Supp90-Etudiant.run(TNR R.TSPT Supp90-Etudiant:47)
	at com.kms.katalon.core.main.ScriptEngine.run(ScriptEngine.java:194)
	at com.kms.katalon.core.main.ScriptEngine.runScriptAsRawText(ScriptEngine.java:119)
	at com.kms.katalon.core.main.TestCaseExecutor.runScript(TestCaseExecutor.java:448)
	at com.kms.katalon.core.main.TestCaseExecutor.doExecute(TestCaseExecutor.java:439)
	at com.kms.katalon.core.main.TestCaseExecutor.processExecutionPhase(TestCaseExecutor.java:418)
	at com.kms.katalon.core.main.TestCaseExecutor.accessMainPhase(TestCaseExecutor.java:410)
	at com.kms.katalon.core.main.TestCaseExecutor.execute(TestCaseExecutor.java:285)
	at com.kms.katalon.core.common.CommonExecutor.accessTestCaseMainPhase(CommonExecutor.java:65)
	at com.kms.katalon.core.main.TestSuiteExecutor.accessTestSuiteMainPhase(TestSuiteExecutor.java:148)
	at com.kms.katalon.core.main.TestSuiteExecutor.execute(TestSuiteExecutor.java:106)
	at com.kms.katalon.core.main.TestCaseMain.startTestSuite(TestCaseMain.java:187)
	at com.kms.katalon.core.main.TestCaseMain$startTestSuite$0.call(Unknown Source)
	at TempTestSuite1700747757013.run(TempTestSuite1700747757013.groovy:36)
)
[[ATTACHMENT|C:\\Users\\ISSAM.RHARBAOUI\\git\\22_11\\ANEF-AutomatizationProject\\Reports\\20231123_145557\\TS_TNR_R.TSPT_Suppo90\\20231123_145557\\1700748080939.png]]

2023-11-23 15:01:21 - [TEST_STEP][PASSED] - delay(2): Delayed 2 second(s)

2023-11-23 15:01:21 - [MESSAGE][INFO] - Delaying browser in 2 second(s)

2023-11-23 15:01:23 - [MESSAGE][PASSED] - Delayed 2 second(s)

2023-11-23 15:01:23 - [TEST_STEP][PASSED] - if (verifyElementPresent(findTestObject("Object Repository/Page_InformationPersonnelles_Usager/CheckBox_DesEnfantsACharge_Non"), 1, OPTIONAL)): null

2023-11-23 15:01:23 - [MESSAGE][INFO] - Finding Test Object 'Object Repository/Page_InformationPersonnelles_Usager/CheckBox_DesEnfantsACharge_Non'

2023-11-23 15:01:23 - [MESSAGE][INFO] - Checking object

2023-11-23 15:01:23 - [MESSAGE][INFO] - Finding web element from Test Object's properties

2023-11-23 15:01:23 - [MESSAGE][INFO] - Checking timeout

2023-11-23 15:01:23 - [MESSAGE][INFO] - Finding web element with id: 'Object Repository/Page_InformationPersonnelles_Usager/CheckBox_DesEnfantsACharge_Non' located by 'By.xpath: //app-demande-ptsq//app-informations-personnelles-shared//app-has-enfants-charge//div//fieldset/div/div[2]/p-radiobutton/div/div[2]/span|//app-demande-visiteur//app-informations-personnelles-shared//app-has-enfants-charge/div/div/anef-input-radio/div/div/fieldset/div/div[2]/p-radiobutton/div/div[2]/span|//app-demande-ptch//app-informations-personnelles-shared//app-has-enfants-charge/div/div/anef-input-radio/div/div/fieldset/div/div[2]/p-radiobutton/div/div[2]/span|//div/app-has-enfants-charge/div/div/anef-input-radio/div/div/fieldset/div/div[2]/p-radiobutton/div/div[2]/span
' in '1' second(s)

2023-11-23 15:01:23 - [MESSAGE][INFO] - Smart Wait Function is triggered

2023-11-23 15:01:23 - [MESSAGE][INFO] - Found 1 web elements with id: 'Object Repository/Page_InformationPersonnelles_Usager/CheckBox_DesEnfantsACharge_Non' located by 'By.xpath: //app-demande-ptsq//app-informations-personnelles-shared//app-has-enfants-charge//div//fieldset/div/div[2]/p-radiobutton/div/div[2]/span|//app-demande-visiteur//app-informations-personnelles-shared//app-has-enfants-charge/div/div/anef-input-radio/div/div/fieldset/div/div[2]/p-radiobutton/div/div[2]/span|//app-demande-ptch//app-informations-personnelles-shared//app-has-enfants-charge/div/div/anef-input-radio/div/div/fieldset/div/div[2]/p-radiobutton/div/div[2]/span|//div/app-has-enfants-charge/div/div/anef-input-radio/div/div/fieldset/div/div[2]/p-radiobutton/div/div[2]/span
' in '1' second(s)

2023-11-23 15:01:23 - [MESSAGE][PASSED] - Object 'Object Repository/Page_InformationPersonnelles_Usager/CheckBox_DesEnfantsACharge_Non' is present

2023-11-23 15:01:23 - [TEST_STEP][PASSED] - check(findTestObject("Object Repository/Page_InformationPersonnelles_Usager/CheckBox_DesEnfantsACharge_Non"), OPTIONAL): Object 'Object Repository/Page_InformationPersonnelles_Usager/CheckBox_DesEnfantsACharge_Non' is checked

2023-11-23 15:01:23 - [MESSAGE][INFO] - Finding Test Object 'Object Repository/Page_InformationPersonnelles_Usager/CheckBox_DesEnfantsACharge_Non'

2023-11-23 15:01:23 - [MESSAGE][INFO] - Checking object

2023-11-23 15:01:23 - [MESSAGE][INFO] - Finding web element from Test Object's properties

2023-11-23 15:01:23 - [MESSAGE][INFO] - Checking timeout

2023-11-23 15:01:23 - [MESSAGE][INFO] - Finding web element with id: 'Object Repository/Page_InformationPersonnelles_Usager/CheckBox_DesEnfantsACharge_Non' located by 'By.xpath: //app-demande-ptsq//app-informations-personnelles-shared//app-has-enfants-charge//div//fieldset/div/div[2]/p-radiobutton/div/div[2]/span|//app-demande-visiteur//app-informations-personnelles-shared//app-has-enfants-charge/div/div/anef-input-radio/div/div/fieldset/div/div[2]/p-radiobutton/div/div[2]/span|//app-demande-ptch//app-informations-personnelles-shared//app-has-enfants-charge/div/div/anef-input-radio/div/div/fieldset/div/div[2]/p-radiobutton/div/div[2]/span|//div/app-has-enfants-charge/div/div/anef-input-radio/div/div/fieldset/div/div[2]/p-radiobutton/div/div[2]/span
' in '5' second(s)

2023-11-23 15:01:23 - [MESSAGE][INFO] - Smart Wait Function is triggered

2023-11-23 15:01:23 - [MESSAGE][INFO] - Found 1 web elements with id: 'Object Repository/Page_InformationPersonnelles_Usager/CheckBox_DesEnfantsACharge_Non' located by 'By.xpath: //app-demande-ptsq//app-informations-personnelles-shared//app-has-enfants-charge//div//fieldset/div/div[2]/p-radiobutton/div/div[2]/span|//app-demande-visiteur//app-informations-personnelles-shared//app-has-enfants-charge/div/div/anef-input-radio/div/div/fieldset/div/div[2]/p-radiobutton/div/div[2]/span|//app-demande-ptch//app-informations-personnelles-shared//app-has-enfants-charge/div/div/anef-input-radio/div/div/fieldset/div/div[2]/p-radiobutton/div/div[2]/span|//div/app-has-enfants-charge/div/div/anef-input-radio/div/div/fieldset/div/div[2]/p-radiobutton/div/div[2]/span
' in '5' second(s)

2023-11-23 15:01:23 - [MESSAGE][INFO] - Checking on bject 'Object Repository/Page_InformationPersonnelles_Usager/CheckBox_DesEnfantsACharge_Non'

2023-11-23 15:01:25 - [MESSAGE][PASSED] - Object 'Object Repository/Page_InformationPersonnelles_Usager/CheckBox_DesEnfantsACharge_Non' is checked

2023-11-23 15:01:25 - [TEST_STEP][PASSED] - delay(2): Delayed 2 second(s)

2023-11-23 15:01:25 - [MESSAGE][INFO] - Delaying browser in 2 second(s)

2023-11-23 15:01:27 - [MESSAGE][PASSED] - Delayed 2 second(s)

2023-11-23 15:01:27 - [TEST_STEP][PASSED] - setText(findTestObject("Object Repository/Page_InformationPersonnelles_Usager/Input_AdresseUsager"), AdresseUsager): Text '2 rue des 3 moulins 77000 melun' is set on object 'Object Repository/Page_InformationPersonnelles_Usager/Input_AdresseUsager'

2023-11-23 15:01:27 - [MESSAGE][INFO] - Finding Test Object 'Object Repository/Page_InformationPersonnelles_Usager/Input_AdresseUsager'

2023-11-23 15:01:27 - [MESSAGE][INFO] - Checking timeout

2023-11-23 15:01:27 - [MESSAGE][INFO] - Finding web element with id: 'Object Repository/Page_InformationPersonnelles_Usager/Input_AdresseUsager' located by 'By.xpath: //app-informations-personnelles//app-adresse-etalab//app-vls-ts-etalab//div/input|//app-informations-personnelles-shared//app-adresse-etalab//app-vls-ts-etalab//div/input' in '20' second(s)

2023-11-23 15:01:27 - [MESSAGE][INFO] - Smart Wait Function is triggered

2023-11-23 15:01:27 - [MESSAGE][INFO] - Found 1 web elements with id: 'Object Repository/Page_InformationPersonnelles_Usager/Input_AdresseUsager' located by 'By.xpath: //app-informations-personnelles//app-adresse-etalab//app-vls-ts-etalab//div/input|//app-informations-personnelles-shared//app-adresse-etalab//app-vls-ts-etalab//div/input' in '20' second(s)

2023-11-23 15:01:27 - [MESSAGE][INFO] - Checking object

2023-11-23 15:01:27 - [MESSAGE][INFO] - Checking text

2023-11-23 15:01:27 - [MESSAGE][INFO] - Finding web element from Test Object's properties

2023-11-23 15:01:27 - [MESSAGE][INFO] - Checking timeout

2023-11-23 15:01:27 - [MESSAGE][INFO] - Finding web element with id: 'Object Repository/Page_InformationPersonnelles_Usager/Input_AdresseUsager' located by 'By.xpath: //app-informations-personnelles//app-adresse-etalab//app-vls-ts-etalab//div/input|//app-informations-personnelles-shared//app-adresse-etalab//app-vls-ts-etalab//div/input' in '5' second(s)

2023-11-23 15:01:27 - [MESSAGE][INFO] - Smart Wait Function is triggered

2023-11-23 15:01:27 - [MESSAGE][INFO] - Found 1 web elements with id: 'Object Repository/Page_InformationPersonnelles_Usager/Input_AdresseUsager' located by 'By.xpath: //app-informations-personnelles//app-adresse-etalab//app-vls-ts-etalab//div/input|//app-informations-personnelles-shared//app-adresse-etalab//app-vls-ts-etalab//div/input' in '5' second(s)

2023-11-23 15:01:27 - [MESSAGE][INFO] - Clearing text of object 'Object Repository/Page_InformationPersonnelles_Usager/Input_AdresseUsager'

2023-11-23 15:01:29 - [MESSAGE][INFO] - Finding web element from Test Object's properties

2023-11-23 15:01:29 - [MESSAGE][INFO] - Checking timeout

2023-11-23 15:01:29 - [MESSAGE][INFO] - Finding web element with id: 'Object Repository/Page_InformationPersonnelles_Usager/Input_AdresseUsager' located by 'By.xpath: //app-informations-personnelles//app-adresse-etalab//app-vls-ts-etalab//div/input|//app-informations-personnelles-shared//app-adresse-etalab//app-vls-ts-etalab//div/input' in '5' second(s)

2023-11-23 15:01:29 - [MESSAGE][INFO] - Smart Wait Function is triggered

2023-11-23 15:01:29 - [MESSAGE][INFO] - Found 1 web elements with id: 'Object Repository/Page_InformationPersonnelles_Usager/Input_AdresseUsager' located by 'By.xpath: //app-informations-personnelles//app-adresse-etalab//app-vls-ts-etalab//div/input|//app-informations-personnelles-shared//app-adresse-etalab//app-vls-ts-etalab//div/input' in '5' second(s)

2023-11-23 15:01:29 - [MESSAGE][INFO] - Setting text of object 'Object Repository/Page_InformationPersonnelles_Usager/Input_AdresseUsager' to value '2 rue des 3 moulins 77000 melun'

2023-11-23 15:01:32 - [MESSAGE][PASSED] - Text '2 rue des 3 moulins 77000 melun' is set on object 'Object Repository/Page_InformationPersonnelles_Usager/Input_AdresseUsager'

2023-11-23 15:01:32 - [TEST_STEP][PASSED] - delay(2): Delayed 2 second(s)

2023-11-23 15:01:32 - [MESSAGE][INFO] - Delaying browser in 2 second(s)

2023-11-23 15:01:34 - [MESSAGE][PASSED] - Delayed 2 second(s)

2023-11-23 15:01:34 - [TEST_STEP][PASSED] - setText(findTestObject("Object Repository/Page_InformationPersonnelles_Usager/Input_NumeroDeTelephone"), NumeroTelephoneUsager): Text '0911223344' is set on object 'Object Repository/Page_InformationPersonnelles_Usager/Input_NumeroDeTelephone'

2023-11-23 15:01:34 - [MESSAGE][INFO] - Finding Test Object 'Object Repository/Page_InformationPersonnelles_Usager/Input_NumeroDeTelephone'

2023-11-23 15:01:34 - [MESSAGE][INFO] - Checking timeout

2023-11-23 15:01:34 - [MESSAGE][INFO] - Finding web element with id: 'Object Repository/Page_InformationPersonnelles_Usager/Input_NumeroDeTelephone' located by 'By.xpath: //*[@aria-labelledby="TELEPHONE_PORTABLE-label"]' in '20' second(s)

2023-11-23 15:01:34 - [MESSAGE][INFO] - Smart Wait Function is triggered

2023-11-23 15:01:34 - [MESSAGE][INFO] - Found 1 web elements with id: 'Object Repository/Page_InformationPersonnelles_Usager/Input_NumeroDeTelephone' located by 'By.xpath: //*[@aria-labelledby="TELEPHONE_PORTABLE-label"]' in '20' second(s)

2023-11-23 15:01:34 - [MESSAGE][INFO] - Checking object

2023-11-23 15:01:34 - [MESSAGE][INFO] - Checking text

2023-11-23 15:01:34 - [MESSAGE][INFO] - Finding web element from Test Object's properties

2023-11-23 15:01:34 - [MESSAGE][INFO] - Checking timeout

2023-11-23 15:01:34 - [MESSAGE][INFO] - Finding web element with id: 'Object Repository/Page_InformationPersonnelles_Usager/Input_NumeroDeTelephone' located by 'By.xpath: //*[@aria-labelledby="TELEPHONE_PORTABLE-label"]' in '5' second(s)

2023-11-23 15:01:34 - [MESSAGE][INFO] - Smart Wait Function is triggered

2023-11-23 15:01:34 - [MESSAGE][INFO] - Found 1 web elements with id: 'Object Repository/Page_InformationPersonnelles_Usager/Input_NumeroDeTelephone' located by 'By.xpath: //*[@aria-labelledby="TELEPHONE_PORTABLE-label"]' in '5' second(s)

2023-11-23 15:01:34 - [MESSAGE][INFO] - Clearing text of object 'Object Repository/Page_InformationPersonnelles_Usager/Input_NumeroDeTelephone'

2023-11-23 15:01:36 - [MESSAGE][INFO] - Finding web element from Test Object's properties

2023-11-23 15:01:36 - [MESSAGE][INFO] - Checking timeout

2023-11-23 15:01:36 - [MESSAGE][INFO] - Finding web element with id: 'Object Repository/Page_InformationPersonnelles_Usager/Input_NumeroDeTelephone' located by 'By.xpath: //*[@aria-labelledby="TELEPHONE_PORTABLE-label"]' in '5' second(s)

2023-11-23 15:01:36 - [MESSAGE][INFO] - Smart Wait Function is triggered

2023-11-23 15:01:36 - [MESSAGE][INFO] - Found 1 web elements with id: 'Object Repository/Page_InformationPersonnelles_Usager/Input_NumeroDeTelephone' located by 'By.xpath: //*[@aria-labelledby="TELEPHONE_PORTABLE-label"]' in '5' second(s)

2023-11-23 15:01:36 - [MESSAGE][INFO] - Setting text of object 'Object Repository/Page_InformationPersonnelles_Usager/Input_NumeroDeTelephone' to value '0911223344'

2023-11-23 15:01:39 - [MESSAGE][PASSED] - Text '0911223344' is set on object 'Object Repository/Page_InformationPersonnelles_Usager/Input_NumeroDeTelephone'

2023-11-23 15:01:39 - [TEST_STEP][PASSED] - click(findTestObject("Object Repository/Page_DemarcheRenouvellement/btn_EnregistrerEtPoursuivre")): Object: 'Object Repository/Page_DemarcheRenouvellement/btn_EnregistrerEtPoursuivre' is clicked on

2023-11-23 15:01:39 - [MESSAGE][INFO] - Finding Test Object 'Object Repository/Page_DemarcheRenouvellement/btn_EnregistrerEtPoursuivre'

2023-11-23 15:01:39 - [MESSAGE][INFO] - Checking timeout

2023-11-23 15:01:39 - [MESSAGE][INFO] - Finding web element with id: 'Object Repository/Page_DemarcheRenouvellement/btn_EnregistrerEtPoursuivre' located by 'By.xpath: //span[text()='Enregistrer et poursuivre >']' in '20' second(s)

2023-11-23 15:01:39 - [MESSAGE][INFO] - Smart Wait Function is triggered

2023-11-23 15:01:39 - [MESSAGE][INFO] - Found 1 web elements with id: 'Object Repository/Page_DemarcheRenouvellement/btn_EnregistrerEtPoursuivre' located by 'By.xpath: //span[text()='Enregistrer et poursuivre >']' in '20' second(s)

2023-11-23 15:01:39 - [MESSAGE][INFO] - Checking object

2023-11-23 15:01:39 - [MESSAGE][INFO] - Checking timeout

2023-11-23 15:01:39 - [MESSAGE][INFO] - Finding web element from Test Object's properties

2023-11-23 15:01:39 - [MESSAGE][INFO] - Checking timeout

2023-11-23 15:01:39 - [MESSAGE][INFO] - Finding web element with id: 'Object Repository/Page_DemarcheRenouvellement/btn_EnregistrerEtPoursuivre' located by 'By.xpath: //span[text()='Enregistrer et poursuivre >']' in '5' second(s)

2023-11-23 15:01:39 - [MESSAGE][INFO] - Smart Wait Function is triggered

2023-11-23 15:01:39 - [MESSAGE][INFO] - Found 1 web elements with id: 'Object Repository/Page_DemarcheRenouvellement/btn_EnregistrerEtPoursuivre' located by 'By.xpath: //span[text()='Enregistrer et poursuivre >']' in '5' second(s)

2023-11-23 15:01:39 - [MESSAGE][INFO] - Clicking on object: 'Object Repository/Page_DemarcheRenouvellement/btn_EnregistrerEtPoursuivre'

2023-11-23 15:01:41 - [MESSAGE][PASSED] - Object: 'Object Repository/Page_DemarcheRenouvellement/btn_EnregistrerEtPoursuivre' is clicked on

2023-11-23 15:01:41 - [MESSAGE][PASSED] - Call Test Case 'Test Cases/Test Reutilisable/DemandeOuRenouvelle_TitreSejour/FormulaireInformationsPersonnelles' successfully

2023-11-23 15:01:41 - [TEST_STEP][PASSED] - callTestCase(findTestCase("Test Reutilisable/DemandeOuRenouvelle_TitreSejour/FormulaireMotifDeLaDemande"), ["TypeTitreDeSejour":TypeTitreDeSejour, "Titre":Titre], STOP_ON_FAILURE): Call Test Case 'Test Cases/Test Reutilisable/DemandeOuRenouvelle_TitreSejour/FormulaireMotifDeLaDemande' successfully

2023-11-23 15:01:41 - [MESSAGE][INFO] - Checking called Test Case

2023-11-23 15:01:41 - [MESSAGE][INFO] - Starting to call Test Case 'Test Cases/Test Reutilisable/DemandeOuRenouvelle_TitreSejour/FormulaireMotifDeLaDemande'

2023-11-23 15:01:41 - [TEST_CASE][PASSED] - Test Cases/Test Reutilisable/DemandeOuRenouvelle_TitreSejour/FormulaireMotifDeLaDemande: Test Cases/Test Reutilisable/DemandeOuRenouvelle_TitreSejour/FormulaireMotifDeLaDemande

2023-11-23 15:01:42 - [TEST_STEP][PASSED] - com.kazurayam.ksbackyard.HighlightElement.pandemic(): com.kazurayam.ksbackyard.HighlightElement.pandemic is PASSED

2023-11-23 15:01:42 - [MESSAGE][PASSED] - com.kazurayam.ksbackyard.HighlightElement.pandemic is PASSED

2023-11-23 15:01:42 - [TEST_STEP][PASSED] - if (TypeTitreDeSejour == "RenouvellementDeTitreSejour" && Titre == "Etudiant"): null

2023-11-23 15:01:42 - [TEST_STEP][PASSED] - if (TypeTitreDeSejour == "Visiteur" && Titre == "Etudiant" || TypeTitreDeSejour == "RenouvellementDeTitreSejour" && Titre == "Visiteur"): null

2023-11-23 15:01:42 - [TEST_STEP][PASSED] - if (TypeTitreDeSejour == "TS-PT-SalarieQualifie" && Titre == "Visiteur" || Titre == "Etudiant"): null

2023-11-23 15:01:42 - [TEST_STEP][PASSED] - if (TypeTitreDeSejour == "TS-PT-SalarieEntrepriseInnovante" && Titre == "Visiteur" || Titre == "Etudiant"): null

2023-11-23 15:01:42 - [TEST_STEP][PASSED] - if (TypeTitreDeSejour == "TS-PT-CarteBleueEuropeenne" && Titre == "Visiteur" || Titre == "Etudiant"): null

2023-11-23 15:01:42 - [TEST_STEP][PASSED] - if (TypeTitreDeSejour == "TS-PT-SalarieEnMission" && Titre == "Visiteur" || Titre == "Etudiant"): null

2023-11-23 15:01:42 - [TEST_STEP][PASSED] - if (TypeTitreDeSejour == "ChercheurEtChercheurEnMobilite" && Titre == "Visiteur" || Titre == "Etudiant"): Delayed 2 second(s)

2023-11-23 15:01:42 - [TEST_STEP][PASSED] - setText(findTestObject("Object Repository/Page_MotifDeLaDemande_Usager/Input_IntituleDuDiplome"), "IntitulÃ© du diplÃ´me "): Text 'IntitulÃ© du diplÃ´me ' is set on object 'Object Repository/Page_MotifDeLaDemande_Usager/Input_IntituleDuDiplome'

2023-11-23 15:01:42 - [MESSAGE][INFO] - Finding Test Object 'Object Repository/Page_MotifDeLaDemande_Usager/Input_IntituleDuDiplome'

2023-11-23 15:01:43 - [MESSAGE][INFO] - Checking timeout

2023-11-23 15:01:43 - [MESSAGE][INFO] - Finding web element with id: 'Object Repository/Page_MotifDeLaDemande_Usager/Input_IntituleDuDiplome' located by 'By.xpath: //div[2]/div/div/div[1]/div/div/div/app-indent-wrapper/app-information-relatives-qualification/div/div[1]/div/anef-input-text/div/div/div[1]/div/input|//app-demande-ptch/div/div[3]/app-motif-sejour-ptch//app-information-relatives-chercheur/div[1]/div/anef-input-text/div/div/div[1]/div/input' in '20' second(s)

2023-11-23 15:01:43 - [MESSAGE][INFO] - Smart Wait Function is triggered

2023-11-23 15:01:43 - [MESSAGE][INFO] - Found 1 web elements with id: 'Object Repository/Page_MotifDeLaDemande_Usager/Input_IntituleDuDiplome' located by 'By.xpath: //div[2]/div/div/div[1]/div/div/div/app-indent-wrapper/app-information-relatives-qualification/div/div[1]/div/anef-input-text/div/div/div[1]/div/input|//app-demande-ptch/div/div[3]/app-motif-sejour-ptch//app-information-relatives-chercheur/div[1]/div/anef-input-text/div/div/div[1]/div/input' in '20' second(s)

2023-11-23 15:01:43 - [MESSAGE][INFO] - Checking object

2023-11-23 15:01:43 - [MESSAGE][INFO] - Checking text

2023-11-23 15:01:43 - [MESSAGE][INFO] - Finding web element from Test Object's properties

2023-11-23 15:01:43 - [MESSAGE][INFO] - Checking timeout

2023-11-23 15:01:43 - [MESSAGE][INFO] - Finding web element with id: 'Object Repository/Page_MotifDeLaDemande_Usager/Input_IntituleDuDiplome' located by 'By.xpath: //div[2]/div/div/div[1]/div/div/div/app-indent-wrapper/app-information-relatives-qualification/div/div[1]/div/anef-input-text/div/div/div[1]/div/input|//app-demande-ptch/div/div[3]/app-motif-sejour-ptch//app-information-relatives-chercheur/div[1]/div/anef-input-text/div/div/div[1]/div/input' in '5' second(s)

2023-11-23 15:01:43 - [MESSAGE][INFO] - Smart Wait Function is triggered

2023-11-23 15:01:43 - [MESSAGE][INFO] - Found 1 web elements with id: 'Object Repository/Page_MotifDeLaDemande_Usager/Input_IntituleDuDiplome' located by 'By.xpath: //div[2]/div/div/div[1]/div/div/div/app-indent-wrapper/app-information-relatives-qualification/div/div[1]/div/anef-input-text/div/div/div[1]/div/input|//app-demande-ptch/div/div[3]/app-motif-sejour-ptch//app-information-relatives-chercheur/div[1]/div/anef-input-text/div/div/div[1]/div/input' in '5' second(s)

2023-11-23 15:01:43 - [MESSAGE][INFO] - Clearing text of object 'Object Repository/Page_MotifDeLaDemande_Usager/Input_IntituleDuDiplome'

2023-11-23 15:01:45 - [MESSAGE][INFO] - Finding web element from Test Object's properties

2023-11-23 15:01:45 - [MESSAGE][INFO] - Checking timeout

2023-11-23 15:01:45 - [MESSAGE][INFO] - Finding web element with id: 'Object Repository/Page_MotifDeLaDemande_Usager/Input_IntituleDuDiplome' located by 'By.xpath: //div[2]/div/div/div[1]/div/div/div/app-indent-wrapper/app-information-relatives-qualification/div/div[1]/div/anef-input-text/div/div/div[1]/div/input|//app-demande-ptch/div/div[3]/app-motif-sejour-ptch//app-information-relatives-chercheur/div[1]/div/anef-input-text/div/div/div[1]/div/input' in '5' second(s)

2023-11-23 15:01:45 - [MESSAGE][INFO] - Smart Wait Function is triggered

2023-11-23 15:01:45 - [MESSAGE][INFO] - Found 1 web elements with id: 'Object Repository/Page_MotifDeLaDemande_Usager/Input_IntituleDuDiplome' located by 'By.xpath: //div[2]/div/div/div[1]/div/div/div/app-indent-wrapper/app-information-relatives-qualification/div/div[1]/div/anef-input-text/div/div/div[1]/div/input|//app-demande-ptch/div/div[3]/app-motif-sejour-ptch//app-information-relatives-chercheur/div[1]/div/anef-input-text/div/div/div[1]/div/input' in '5' second(s)

2023-11-23 15:01:45 - [MESSAGE][INFO] - Setting text of object 'Object Repository/Page_MotifDeLaDemande_Usager/Input_IntituleDuDiplome' to value 'IntitulÃ© du diplÃ´me '

2023-11-23 15:01:47 - [MESSAGE][PASSED] - Text 'IntitulÃ© du diplÃ´me ' is set on object 'Object Repository/Page_MotifDeLaDemande_Usager/Input_IntituleDuDiplome'

2023-11-23 15:01:47 - [TEST_STEP][PASSED] - setText(findTestObject("Object Repository/Page_MotifDeLaDemande_Usager/Input_DateDeDelivrance_JJ"), "10"): Text '10' is set on object 'Object Repository/Page_MotifDeLaDemande_Usager/Input_DateDeDelivrance_JJ'

2023-11-23 15:01:47 - [MESSAGE][INFO] - Finding Test Object 'Object Repository/Page_MotifDeLaDemande_Usager/Input_DateDeDelivrance_JJ'

2023-11-23 15:01:47 - [MESSAGE][INFO] - Checking timeout

2023-11-23 15:01:47 - [MESSAGE][INFO] - Finding web element with id: 'Object Repository/Page_MotifDeLaDemande_Usager/Input_DateDeDelivrance_JJ' located by 'By.xpath: //div[2]/div/div/div[1]/div/div/div/app-indent-wrapper/app-information-relatives-qualification/div/div[2]/div/anef-input-date/div/div/fieldset/div/div[1]/div/div/input|//*[@id="JOUR"]' in '20' second(s)

2023-11-23 15:01:47 - [MESSAGE][INFO] - Smart Wait Function is triggered

2023-11-23 15:01:48 - [MESSAGE][INFO] - Found 1 web elements with id: 'Object Repository/Page_MotifDeLaDemande_Usager/Input_DateDeDelivrance_JJ' located by 'By.xpath: //div[2]/div/div/div[1]/div/div/div/app-indent-wrapper/app-information-relatives-qualification/div/div[2]/div/anef-input-date/div/div/fieldset/div/div[1]/div/div/input|//*[@id="JOUR"]' in '20' second(s)

2023-11-23 15:01:48 - [MESSAGE][INFO] - Checking object

2023-11-23 15:01:48 - [MESSAGE][INFO] - Checking text

2023-11-23 15:01:48 - [MESSAGE][INFO] - Finding web element from Test Object's properties

2023-11-23 15:01:48 - [MESSAGE][INFO] - Checking timeout

2023-11-23 15:01:48 - [MESSAGE][INFO] - Finding web element with id: 'Object Repository/Page_MotifDeLaDemande_Usager/Input_DateDeDelivrance_JJ' located by 'By.xpath: //div[2]/div/div/div[1]/div/div/div/app-indent-wrapper/app-information-relatives-qualification/div/div[2]/div/anef-input-date/div/div/fieldset/div/div[1]/div/div/input|//*[@id="JOUR"]' in '5' second(s)

2023-11-23 15:01:48 - [MESSAGE][INFO] - Smart Wait Function is triggered

2023-11-23 15:01:48 - [MESSAGE][INFO] - Found 1 web elements with id: 'Object Repository/Page_MotifDeLaDemande_Usager/Input_DateDeDelivrance_JJ' located by 'By.xpath: //div[2]/div/div/div[1]/div/div/div/app-indent-wrapper/app-information-relatives-qualification/div/div[2]/div/anef-input-date/div/div/fieldset/div/div[1]/div/div/input|//*[@id="JOUR"]' in '5' second(s)

2023-11-23 15:01:48 - [MESSAGE][INFO] - Clearing text of object 'Object Repository/Page_MotifDeLaDemande_Usager/Input_DateDeDelivrance_JJ'

2023-11-23 15:01:50 - [MESSAGE][INFO] - Finding web element from Test Object's properties

2023-11-23 15:01:50 - [MESSAGE][INFO] - Checking timeout

2023-11-23 15:01:50 - [MESSAGE][INFO] - Finding web element with id: 'Object Repository/Page_MotifDeLaDemande_Usager/Input_DateDeDelivrance_JJ' located by 'By.xpath: //div[2]/div/div/div[1]/div/div/div/app-indent-wrapper/app-information-relatives-qualification/div/div[2]/div/anef-input-date/div/div/fieldset/div/div[1]/div/div/input|//*[@id="JOUR"]' in '5' second(s)

2023-11-23 15:01:50 - [MESSAGE][INFO] - Smart Wait Function is triggered

2023-11-23 15:01:50 - [MESSAGE][INFO] - Found 1 web elements with id: 'Object Repository/Page_MotifDeLaDemande_Usager/Input_DateDeDelivrance_JJ' located by 'By.xpath: //div[2]/div/div/div[1]/div/div/div/app-indent-wrapper/app-information-relatives-qualification/div/div[2]/div/anef-input-date/div/div/fieldset/div/div[1]/div/div/input|//*[@id="JOUR"]' in '5' second(s)

2023-11-23 15:01:50 - [MESSAGE][INFO] - Setting text of object 'Object Repository/Page_MotifDeLaDemande_Usager/Input_DateDeDelivrance_JJ' to value '10'

2023-11-23 15:01:52 - [MESSAGE][PASSED] - Text '10' is set on object 'Object Repository/Page_MotifDeLaDemande_Usager/Input_DateDeDelivrance_JJ'

2023-11-23 15:01:52 - [TEST_STEP][PASSED] - click(findTestObject("Object Repository/Page_MotifDeLaDemande_Usager/select_DateDeDelivrance_MM")): Object: 'Object Repository/Page_MotifDeLaDemande_Usager/select_DateDeDelivrance_MM' is clicked on

2023-11-23 15:01:52 - [MESSAGE][INFO] - Finding Test Object 'Object Repository/Page_MotifDeLaDemande_Usager/select_DateDeDelivrance_MM'

2023-11-23 15:01:52 - [MESSAGE][INFO] - Checking timeout

2023-11-23 15:01:52 - [MESSAGE][INFO] - Finding web element with id: 'Object Repository/Page_MotifDeLaDemande_Usager/select_DateDeDelivrance_MM' located by 'By.xpath: /html/body/app-root/div/app-portal/main/app-theme-v2/div/app-demande-ptsq/div/div[3]/app-motif-sejour-ptsq/div[2]/div/p-accordion/div/form/p-accordiontab/div[2]/div/div/div[1]/div/div/div/app-indent-wrapper/app-information-relatives-qualification/div/div[2]/div/anef-input-date/div/div/fieldset/div[1]/div[2]/div/div/p-dropdown/div/div[2]|//*[@id="MOIS"]/div/div[2]' in '20' second(s)

2023-11-23 15:01:52 - [MESSAGE][INFO] - Smart Wait Function is triggered

2023-11-23 15:01:52 - [MESSAGE][INFO] - Found 1 web elements with id: 'Object Repository/Page_MotifDeLaDemande_Usager/select_DateDeDelivrance_MM' located by 'By.xpath: /html/body/app-root/div/app-portal/main/app-theme-v2/div/app-demande-ptsq/div/div[3]/app-motif-sejour-ptsq/div[2]/div/p-accordion/div/form/p-accordiontab/div[2]/div/div/div[1]/div/div/div/app-indent-wrapper/app-information-relatives-qualification/div/div[2]/div/anef-input-date/div/div/fieldset/div[1]/div[2]/div/div/p-dropdown/div/div[2]|//*[@id="MOIS"]/div/div[2]' in '20' second(s)

2023-11-23 15:01:52 - [MESSAGE][INFO] - Checking object

2023-11-23 15:01:52 - [MESSAGE][INFO] - Checking timeout

2023-11-23 15:01:52 - [MESSAGE][INFO] - Finding web element from Test Object's properties

2023-11-23 15:01:52 - [MESSAGE][INFO] - Checking timeout

2023-11-23 15:01:52 - [MESSAGE][INFO] - Finding web element with id: 'Object Repository/Page_MotifDeLaDemande_Usager/select_DateDeDelivrance_MM' located by 'By.xpath: /html/body/app-root/div/app-portal/main/app-theme-v2/div/app-demande-ptsq/div/div[3]/app-motif-sejour-ptsq/div[2]/div/p-accordion/div/form/p-accordiontab/div[2]/div/div/div[1]/div/div/div/app-indent-wrapper/app-information-relatives-qualification/div/div[2]/div/anef-input-date/div/div/fieldset/div[1]/div[2]/div/div/p-dropdown/div/div[2]|//*[@id="MOIS"]/div/div[2]' in '5' second(s)

2023-11-23 15:01:52 - [MESSAGE][INFO] - Smart Wait Function is triggered

2023-11-23 15:01:52 - [MESSAGE][INFO] - Found 1 web elements with id: 'Object Repository/Page_MotifDeLaDemande_Usager/select_DateDeDelivrance_MM' located by 'By.xpath: /html/body/app-root/div/app-portal/main/app-theme-v2/div/app-demande-ptsq/div/div[3]/app-motif-sejour-ptsq/div[2]/div/p-accordion/div/form/p-accordiontab/div[2]/div/div/div[1]/div/div/div/app-indent-wrapper/app-information-relatives-qualification/div/div[2]/div/anef-input-date/div/div/fieldset/div[1]/div[2]/div/div/p-dropdown/div/div[2]|//*[@id="MOIS"]/div/div[2]' in '5' second(s)

2023-11-23 15:01:52 - [MESSAGE][INFO] - Clicking on object: 'Object Repository/Page_MotifDeLaDemande_Usager/select_DateDeDelivrance_MM'

2023-11-23 15:01:54 - [MESSAGE][PASSED] - Object: 'Object Repository/Page_MotifDeLaDemande_Usager/select_DateDeDelivrance_MM' is clicked on

2023-11-23 15:01:54 - [TEST_STEP][PASSED] - click(findTestObject("Object Repository/Page_MotifDeLaDemande_Usager/click-select_DateDeDelivrance_MM")): Object: 'Object Repository/Page_MotifDeLaDemande_Usager/click-select_DateDeDelivrance_MM' is clicked on

2023-11-23 15:01:54 - [MESSAGE][INFO] - Finding Test Object 'Object Repository/Page_MotifDeLaDemande_Usager/click-select_DateDeDelivrance_MM'

2023-11-23 15:01:54 - [MESSAGE][INFO] - Checking timeout

2023-11-23 15:01:54 - [MESSAGE][INFO] - Finding web element with id: 'Object Repository/Page_MotifDeLaDemande_Usager/click-select_DateDeDelivrance_MM' located by 'By.xpath: /html/body/app-root/div/app-portal/main/app-theme-v2/div/app-demande-ptsq/div/div[3]/app-motif-sejour-ptsq/div[2]/div/p-accordion/div/form/p-accordiontab/div[2]/div/div/div[1]/div/div/div/app-indent-wrapper/app-information-relatives-qualification/div/div[2]/div/anef-input-date/div/div/fieldset/div[1]/div[2]/div/div/p-dropdown/div/div[5]/div/ul/p-dropdownitem[3]/li/span|//*[@id="MOIS"]/div/div[5]/div/ul/p-dropdownitem[3]/li' in '20' second(s)

2023-11-23 15:01:54 - [MESSAGE][INFO] - Smart Wait Function is triggered

2023-11-23 15:01:54 - [MESSAGE][INFO] - Found 1 web elements with id: 'Object Repository/Page_MotifDeLaDemande_Usager/click-select_DateDeDelivrance_MM' located by 'By.xpath: /html/body/app-root/div/app-portal/main/app-theme-v2/div/app-demande-ptsq/div/div[3]/app-motif-sejour-ptsq/div[2]/div/p-accordion/div/form/p-accordiontab/div[2]/div/div/div[1]/div/div/div/app-indent-wrapper/app-information-relatives-qualification/div/div[2]/div/anef-input-date/div/div/fieldset/div[1]/div[2]/div/div/p-dropdown/div/div[5]/div/ul/p-dropdownitem[3]/li/span|//*[@id="MOIS"]/div/div[5]/div/ul/p-dropdownitem[3]/li' in '20' second(s)

2023-11-23 15:01:54 - [MESSAGE][INFO] - Checking object

2023-11-23 15:01:54 - [MESSAGE][INFO] - Checking timeout

2023-11-23 15:01:54 - [MESSAGE][INFO] - Finding web element from Test Object's properties

2023-11-23 15:01:54 - [MESSAGE][INFO] - Checking timeout

2023-11-23 15:01:54 - [MESSAGE][INFO] - Finding web element with id: 'Object Repository/Page_MotifDeLaDemande_Usager/click-select_DateDeDelivrance_MM' located by 'By.xpath: /html/body/app-root/div/app-portal/main/app-theme-v2/div/app-demande-ptsq/div/div[3]/app-motif-sejour-ptsq/div[2]/div/p-accordion/div/form/p-accordiontab/div[2]/div/div/div[1]/div/div/div/app-indent-wrapper/app-information-relatives-qualification/div/div[2]/div/anef-input-date/div/div/fieldset/div[1]/div[2]/div/div/p-dropdown/div/div[5]/div/ul/p-dropdownitem[3]/li/span|//*[@id="MOIS"]/div/div[5]/div/ul/p-dropdownitem[3]/li' in '5' second(s)

2023-11-23 15:01:54 - [MESSAGE][INFO] - Smart Wait Function is triggered

2023-11-23 15:01:54 - [MESSAGE][INFO] - Found 1 web elements with id: 'Object Repository/Page_MotifDeLaDemande_Usager/click-select_DateDeDelivrance_MM' located by 'By.xpath: /html/body/app-root/div/app-portal/main/app-theme-v2/div/app-demande-ptsq/div/div[3]/app-motif-sejour-ptsq/div[2]/div/p-accordion/div/form/p-accordiontab/div[2]/div/div/div[1]/div/div/div/app-indent-wrapper/app-information-relatives-qualification/div/div[2]/div/anef-input-date/div/div/fieldset/div[1]/div[2]/div/div/p-dropdown/div/div[5]/div/ul/p-dropdownitem[3]/li/span|//*[@id="MOIS"]/div/div[5]/div/ul/p-dropdownitem[3]/li' in '5' second(s)

2023-11-23 15:01:54 - [MESSAGE][INFO] - Clicking on object: 'Object Repository/Page_MotifDeLaDemande_Usager/click-select_DateDeDelivrance_MM'

2023-11-23 15:01:56 - [MESSAGE][PASSED] - Object: 'Object Repository/Page_MotifDeLaDemande_Usager/click-select_DateDeDelivrance_MM' is clicked on

2023-11-23 15:01:56 - [TEST_STEP][PASSED] - setText(findTestObject("Object Repository/Page_MotifDeLaDemande_Usager/Input_DateDeDelivrance_AAAA"), "2010"): Text '2010' is set on object 'Object Repository/Page_MotifDeLaDemande_Usager/Input_DateDeDelivrance_AAAA'

2023-11-23 15:01:56 - [MESSAGE][INFO] - Finding Test Object 'Object Repository/Page_MotifDeLaDemande_Usager/Input_DateDeDelivrance_AAAA'

2023-11-23 15:01:57 - [MESSAGE][INFO] - Checking timeout

2023-11-23 15:01:57 - [MESSAGE][INFO] - Finding web element with id: 'Object Repository/Page_MotifDeLaDemande_Usager/Input_DateDeDelivrance_AAAA' located by 'By.xpath: //div/form/p-accordiontab/div[2]/div/div/div[1]/div/div/div/app-indent-wrapper/app-information-relatives-qualification/div/div[2]/div/anef-input-date/div/div/fieldset/div/div[3]/div/div/input|//*[@id="ANNEE"]' in '20' second(s)

2023-11-23 15:01:57 - [MESSAGE][INFO] - Smart Wait Function is triggered

2023-11-23 15:01:57 - [MESSAGE][INFO] - Found 1 web elements with id: 'Object Repository/Page_MotifDeLaDemande_Usager/Input_DateDeDelivrance_AAAA' located by 'By.xpath: //div/form/p-accordiontab/div[2]/div/div/div[1]/div/div/div/app-indent-wrapper/app-information-relatives-qualification/div/div[2]/div/anef-input-date/div/div/fieldset/div/div[3]/div/div/input|//*[@id="ANNEE"]' in '20' second(s)

2023-11-23 15:01:57 - [MESSAGE][INFO] - Checking object

2023-11-23 15:01:57 - [MESSAGE][INFO] - Checking text

2023-11-23 15:01:57 - [MESSAGE][INFO] - Finding web element from Test Object's properties

2023-11-23 15:01:57 - [MESSAGE][INFO] - Checking timeout

2023-11-23 15:01:57 - [MESSAGE][INFO] - Finding web element with id: 'Object Repository/Page_MotifDeLaDemande_Usager/Input_DateDeDelivrance_AAAA' located by 'By.xpath: //div/form/p-accordiontab/div[2]/div/div/div[1]/div/div/div/app-indent-wrapper/app-information-relatives-qualification/div/div[2]/div/anef-input-date/div/div/fieldset/div/div[3]/div/div/input|//*[@id="ANNEE"]' in '5' second(s)

2023-11-23 15:01:57 - [MESSAGE][INFO] - Smart Wait Function is triggered

2023-11-23 15:01:57 - [MESSAGE][INFO] - Found 1 web elements with id: 'Object Repository/Page_MotifDeLaDemande_Usager/Input_DateDeDelivrance_AAAA' located by 'By.xpath: //div/form/p-accordiontab/div[2]/div/div/div[1]/div/div/div/app-indent-wrapper/app-information-relatives-qualification/div/div[2]/div/anef-input-date/div/div/fieldset/div/div[3]/div/div/input|//*[@id="ANNEE"]' in '5' second(s)

2023-11-23 15:01:57 - [MESSAGE][INFO] - Clearing text of object 'Object Repository/Page_MotifDeLaDemande_Usager/Input_DateDeDelivrance_AAAA'

2023-11-23 15:01:59 - [MESSAGE][INFO] - Finding web element from Test Object's properties

2023-11-23 15:01:59 - [MESSAGE][INFO] - Checking timeout

2023-11-23 15:01:59 - [MESSAGE][INFO] - Finding web element with id: 'Object Repository/Page_MotifDeLaDemande_Usager/Input_DateDeDelivrance_AAAA' located by 'By.xpath: //div/form/p-accordiontab/div[2]/div/div/div[1]/div/div/div/app-indent-wrapper/app-information-relatives-qualification/div/div[2]/div/anef-input-date/div/div/fieldset/div/div[3]/div/div/input|//*[@id="ANNEE"]' in '5' second(s)

2023-11-23 15:01:59 - [MESSAGE][INFO] - Smart Wait Function is triggered

2023-11-23 15:01:59 - [MESSAGE][INFO] - Found 1 web elements with id: 'Object Repository/Page_MotifDeLaDemande_Usager/Input_DateDeDelivrance_AAAA' located by 'By.xpath: //div/form/p-accordiontab/div[2]/div/div/div[1]/div/div/div/app-indent-wrapper/app-information-relatives-qualification/div/div[2]/div/anef-input-date/div/div/fieldset/div/div[3]/div/div/input|//*[@id="ANNEE"]' in '5' second(s)

2023-11-23 15:01:59 - [MESSAGE][INFO] - Setting text of object 'Object Repository/Page_MotifDeLaDemande_Usager/Input_DateDeDelivrance_AAAA' to value '2010'

2023-11-23 15:02:01 - [MESSAGE][PASSED] - Text '2010' is set on object 'Object Repository/Page_MotifDeLaDemande_Usager/Input_DateDeDelivrance_AAAA'

2023-11-23 15:02:01 - [TEST_STEP][PASSED] - setText(findTestObject("Object Repository/Page_MotifDeLaDemande_Usager/Input_EtablissementDeDelivrance"), "Ãtablissement De DÃ©livrance"): Text 'Ãtablissement De DÃ©livrance' is set on object 'Object Repository/Page_MotifDeLaDemande_Usager/Input_EtablissementDeDelivrance'

2023-11-23 15:02:01 - [MESSAGE][INFO] - Finding Test Object 'Object Repository/Page_MotifDeLaDemande_Usager/Input_EtablissementDeDelivrance'

2023-11-23 15:02:01 - [MESSAGE][INFO] - Checking timeout

2023-11-23 15:02:01 - [MESSAGE][INFO] - Finding web element with id: 'Object Repository/Page_MotifDeLaDemande_Usager/Input_EtablissementDeDelivrance' located by 'By.xpath: //*[@aria-labelledby="ETABLISSEMENT_DELIVRANCE-label"]' in '20' second(s)

2023-11-23 15:02:01 - [MESSAGE][INFO] - Smart Wait Function is triggered

2023-11-23 15:02:01 - [MESSAGE][INFO] - Found 1 web elements with id: 'Object Repository/Page_MotifDeLaDemande_Usager/Input_EtablissementDeDelivrance' located by 'By.xpath: //*[@aria-labelledby="ETABLISSEMENT_DELIVRANCE-label"]' in '20' second(s)

2023-11-23 15:02:01 - [MESSAGE][INFO] - Checking object

2023-11-23 15:02:01 - [MESSAGE][INFO] - Checking text

2023-11-23 15:02:01 - [MESSAGE][INFO] - Finding web element from Test Object's properties

2023-11-23 15:02:01 - [MESSAGE][INFO] - Checking timeout

2023-11-23 15:02:01 - [MESSAGE][INFO] - Finding web element with id: 'Object Repository/Page_MotifDeLaDemande_Usager/Input_EtablissementDeDelivrance' located by 'By.xpath: //*[@aria-labelledby="ETABLISSEMENT_DELIVRANCE-label"]' in '5' second(s)

2023-11-23 15:02:01 - [MESSAGE][INFO] - Smart Wait Function is triggered

2023-11-23 15:02:01 - [MESSAGE][INFO] - Found 1 web elements with id: 'Object Repository/Page_MotifDeLaDemande_Usager/Input_EtablissementDeDelivrance' located by 'By.xpath: //*[@aria-labelledby="ETABLISSEMENT_DELIVRANCE-label"]' in '5' second(s)

2023-11-23 15:02:01 - [MESSAGE][INFO] - Clearing text of object 'Object Repository/Page_MotifDeLaDemande_Usager/Input_EtablissementDeDelivrance'

2023-11-23 15:02:03 - [MESSAGE][INFO] - Finding web element from Test Object's properties

2023-11-23 15:02:03 - [MESSAGE][INFO] - Checking timeout

2023-11-23 15:02:03 - [MESSAGE][INFO] - Finding web element with id: 'Object Repository/Page_MotifDeLaDemande_Usager/Input_EtablissementDeDelivrance' located by 'By.xpath: //*[@aria-labelledby="ETABLISSEMENT_DELIVRANCE-label"]' in '5' second(s)

2023-11-23 15:02:03 - [MESSAGE][INFO] - Smart Wait Function is triggered

2023-11-23 15:02:03 - [MESSAGE][INFO] - Found 1 web elements with id: 'Object Repository/Page_MotifDeLaDemande_Usager/Input_EtablissementDeDelivrance' located by 'By.xpath: //*[@aria-labelledby="ETABLISSEMENT_DELIVRANCE-label"]' in '5' second(s)

2023-11-23 15:02:03 - [MESSAGE][INFO] - Setting text of object 'Object Repository/Page_MotifDeLaDemande_Usager/Input_EtablissementDeDelivrance' to value 'Ãtablissement De DÃ©livrance'

2023-11-23 15:02:05 - [MESSAGE][PASSED] - Text 'Ãtablissement De DÃ©livrance' is set on object 'Object Repository/Page_MotifDeLaDemande_Usager/Input_EtablissementDeDelivrance'

2023-11-23 15:02:05 - [TEST_STEP][PASSED] - "INFORMATIONS RELATIVES Ã LâACTIVITÃ DE RECHERCHE :": null

2023-11-23 15:02:05 - [TEST_STEP][PASSED] - setText(findTestObject("Object Repository/Page_MotifDeLaDemande_Usager/input_OrganismeDAccueil"), "Organisme Accueil"): Text 'Organisme Accueil' is set on object 'Object Repository/Page_MotifDeLaDemande_Usager/input_OrganismeDAccueil'

2023-11-23 15:02:05 - [MESSAGE][INFO] - Finding Test Object 'Object Repository/Page_MotifDeLaDemande_Usager/input_OrganismeDAccueil'

2023-11-23 15:02:06 - [MESSAGE][INFO] - Checking timeout

2023-11-23 15:02:06 - [MESSAGE][INFO] - Finding web element with id: 'Object Repository/Page_MotifDeLaDemande_Usager/input_OrganismeDAccueil' located by 'By.xpath: /html/body/app-root/div/app-portal/main/app-theme-v2/div/app-demande-ptch/div/div[3]/app-motif-sejour-ptch/div[2]/div/p-accordion/div/form/p-accordiontab/div[2]/div/app-information-relatives-activite-recherche/div[1]/div/anef-input-text/div/div/div[1]/div/input' in '20' second(s)

2023-11-23 15:02:06 - [MESSAGE][INFO] - Smart Wait Function is triggered

2023-11-23 15:02:06 - [MESSAGE][INFO] - Found 1 web elements with id: 'Object Repository/Page_MotifDeLaDemande_Usager/input_OrganismeDAccueil' located by 'By.xpath: /html/body/app-root/div/app-portal/main/app-theme-v2/div/app-demande-ptch/div/div[3]/app-motif-sejour-ptch/div[2]/div/p-accordion/div/form/p-accordiontab/div[2]/div/app-information-relatives-activite-recherche/div[1]/div/anef-input-text/div/div/div[1]/div/input' in '20' second(s)

2023-11-23 15:02:06 - [MESSAGE][INFO] - Checking object

2023-11-23 15:02:06 - [MESSAGE][INFO] - Checking text

2023-11-23 15:02:06 - [MESSAGE][INFO] - Finding web element from Test Object's properties

2023-11-23 15:02:06 - [MESSAGE][INFO] - Checking timeout

2023-11-23 15:02:06 - [MESSAGE][INFO] - Finding web element with id: 'Object Repository/Page_MotifDeLaDemande_Usager/input_OrganismeDAccueil' located by 'By.xpath: /html/body/app-root/div/app-portal/main/app-theme-v2/div/app-demande-ptch/div/div[3]/app-motif-sejour-ptch/div[2]/div/p-accordion/div/form/p-accordiontab/div[2]/div/app-information-relatives-activite-recherche/div[1]/div/anef-input-text/div/div/div[1]/div/input' in '5' second(s)

2023-11-23 15:02:06 - [MESSAGE][INFO] - Smart Wait Function is triggered

2023-11-23 15:02:06 - [MESSAGE][INFO] - Found 1 web elements with id: 'Object Repository/Page_MotifDeLaDemande_Usager/input_OrganismeDAccueil' located by 'By.xpath: /html/body/app-root/div/app-portal/main/app-theme-v2/div/app-demande-ptch/div/div[3]/app-motif-sejour-ptch/div[2]/div/p-accordion/div/form/p-accordiontab/div[2]/div/app-information-relatives-activite-recherche/div[1]/div/anef-input-text/div/div/div[1]/div/input' in '5' second(s)

2023-11-23 15:02:06 - [MESSAGE][INFO] - Clearing text of object 'Object Repository/Page_MotifDeLaDemande_Usager/input_OrganismeDAccueil'

2023-11-23 15:02:08 - [MESSAGE][INFO] - Finding web element from Test Object's properties

2023-11-23 15:02:08 - [MESSAGE][INFO] - Checking timeout

2023-11-23 15:02:08 - [MESSAGE][INFO] - Finding web element with id: 'Object Repository/Page_MotifDeLaDemande_Usager/input_OrganismeDAccueil' located by 'By.xpath: /html/body/app-root/div/app-portal/main/app-theme-v2/div/app-demande-ptch/div/div[3]/app-motif-sejour-ptch/div[2]/div/p-accordion/div/form/p-accordiontab/div[2]/div/app-information-relatives-activite-recherche/div[1]/div/anef-input-text/div/div/div[1]/div/input' in '5' second(s)

2023-11-23 15:02:08 - [MESSAGE][INFO] - Smart Wait Function is triggered

2023-11-23 15:02:08 - [MESSAGE][INFO] - Found 1 web elements with id: 'Object Repository/Page_MotifDeLaDemande_Usager/input_OrganismeDAccueil' located by 'By.xpath: /html/body/app-root/div/app-portal/main/app-theme-v2/div/app-demande-ptch/div/div[3]/app-motif-sejour-ptch/div[2]/div/p-accordion/div/form/p-accordiontab/div[2]/div/app-information-relatives-activite-recherche/div[1]/div/anef-input-text/div/div/div[1]/div/input' in '5' second(s)

2023-11-23 15:02:08 - [MESSAGE][INFO] - Setting text of object 'Object Repository/Page_MotifDeLaDemande_Usager/input_OrganismeDAccueil' to value 'Organisme Accueil'

2023-11-23 15:02:10 - [MESSAGE][PASSED] - Text 'Organisme Accueil' is set on object 'Object Repository/Page_MotifDeLaDemande_Usager/input_OrganismeDAccueil'

2023-11-23 15:02:10 - [TEST_STEP][PASSED] - click(findTestObject("Object Repository/Page_MotifDeLaDemande_Usager/CheckBox_ProgrammeDeMobiliteDansUnionEuropeenne_Non")): Object: 'Object Repository/Page_MotifDeLaDemande_Usager/CheckBox_ProgrammeDeMobiliteDansUnionEuropeenne_Non' is clicked on

2023-11-23 15:02:10 - [MESSAGE][INFO] - Finding Test Object 'Object Repository/Page_MotifDeLaDemande_Usager/CheckBox_ProgrammeDeMobiliteDansUnionEuropeenne_Non'

2023-11-23 15:02:10 - [MESSAGE][INFO] - Checking timeout

2023-11-23 15:02:10 - [MESSAGE][INFO] - Finding web element with id: 'Object Repository/Page_MotifDeLaDemande_Usager/CheckBox_ProgrammeDeMobiliteDansUnionEuropeenne_Non' located by 'By.xpath: //div/app-information-relatives-activite-recherche/div[2]/div/anef-input-radio/div/div/fieldset/div/div[2]/p-radiobutton/div/div[2]/span' in '20' second(s)

2023-11-23 15:02:10 - [MESSAGE][INFO] - Smart Wait Function is triggered

2023-11-23 15:02:10 - [MESSAGE][INFO] - Found 1 web elements with id: 'Object Repository/Page_MotifDeLaDemande_Usager/CheckBox_ProgrammeDeMobiliteDansUnionEuropeenne_Non' located by 'By.xpath: //div/app-information-relatives-activite-recherche/div[2]/div/anef-input-radio/div/div/fieldset/div/div[2]/p-radiobutton/div/div[2]/span' in '20' second(s)

2023-11-23 15:02:10 - [MESSAGE][INFO] - Checking object

2023-11-23 15:02:10 - [MESSAGE][INFO] - Checking timeout

2023-11-23 15:02:10 - [MESSAGE][INFO] - Finding web element from Test Object's properties

2023-11-23 15:02:10 - [MESSAGE][INFO] - Checking timeout

2023-11-23 15:02:10 - [MESSAGE][INFO] - Finding web element with id: 'Object Repository/Page_MotifDeLaDemande_Usager/CheckBox_ProgrammeDeMobiliteDansUnionEuropeenne_Non' located by 'By.xpath: //div/app-information-relatives-activite-recherche/div[2]/div/anef-input-radio/div/div/fieldset/div/div[2]/p-radiobutton/div/div[2]/span' in '5' second(s)

2023-11-23 15:02:10 - [MESSAGE][INFO] - Smart Wait Function is triggered

2023-11-23 15:02:10 - [MESSAGE][INFO] - Found 1 web elements with id: 'Object Repository/Page_MotifDeLaDemande_Usager/CheckBox_ProgrammeDeMobiliteDansUnionEuropeenne_Non' located by 'By.xpath: //div/app-information-relatives-activite-recherche/div[2]/div/anef-input-radio/div/div/fieldset/div/div[2]/p-radiobutton/div/div[2]/span' in '5' second(s)

2023-11-23 15:02:10 - [MESSAGE][INFO] - Clicking on object: 'Object Repository/Page_MotifDeLaDemande_Usager/CheckBox_ProgrammeDeMobiliteDansUnionEuropeenne_Non'

2023-11-23 15:02:12 - [MESSAGE][PASSED] - Object: 'Object Repository/Page_MotifDeLaDemande_Usager/CheckBox_ProgrammeDeMobiliteDansUnionEuropeenne_Non' is clicked on

2023-11-23 15:02:12 - [TEST_STEP][PASSED] - click(findTestObject("Object Repository/Page_MotifDeLaDemande_Usager/Click_Select_NatureDuLienOrganismeAccueil")): Object: 'Object Repository/Page_MotifDeLaDemande_Usager/Click_Select_NatureDuLienOrganismeAccueil' is clicked on

2023-11-23 15:02:12 - [MESSAGE][INFO] - Finding Test Object 'Object Repository/Page_MotifDeLaDemande_Usager/Click_Select_NatureDuLienOrganismeAccueil'

2023-11-23 15:02:12 - [MESSAGE][INFO] - Checking timeout

2023-11-23 15:02:12 - [MESSAGE][INFO] - Finding web element with id: 'Object Repository/Page_MotifDeLaDemande_Usager/Click_Select_NatureDuLienOrganismeAccueil' located by 'By.xpath: //*[@id="NATURE_ORGANISME_ACCUEIL"]/div/div[3]/label' in '20' second(s)

2023-11-23 15:02:12 - [MESSAGE][INFO] - Smart Wait Function is triggered

2023-11-23 15:02:12 - [MESSAGE][INFO] - Found 1 web elements with id: 'Object Repository/Page_MotifDeLaDemande_Usager/Click_Select_NatureDuLienOrganismeAccueil' located by 'By.xpath: //*[@id="NATURE_ORGANISME_ACCUEIL"]/div/div[3]/label' in '20' second(s)

2023-11-23 15:02:12 - [MESSAGE][INFO] - Checking object

2023-11-23 15:02:12 - [MESSAGE][INFO] - Checking timeout

2023-11-23 15:02:12 - [MESSAGE][INFO] - Finding web element from Test Object's properties

2023-11-23 15:02:12 - [MESSAGE][INFO] - Checking timeout

2023-11-23 15:02:12 - [MESSAGE][INFO] - Finding web element with id: 'Object Repository/Page_MotifDeLaDemande_Usager/Click_Select_NatureDuLienOrganismeAccueil' located by 'By.xpath: //*[@id="NATURE_ORGANISME_ACCUEIL"]/div/div[3]/label' in '5' second(s)

2023-11-23 15:02:12 - [MESSAGE][INFO] - Smart Wait Function is triggered

2023-11-23 15:02:12 - [MESSAGE][INFO] - Found 1 web elements with id: 'Object Repository/Page_MotifDeLaDemande_Usager/Click_Select_NatureDuLienOrganismeAccueil' located by 'By.xpath: //*[@id="NATURE_ORGANISME_ACCUEIL"]/div/div[3]/label' in '5' second(s)

2023-11-23 15:02:12 - [MESSAGE][INFO] - Clicking on object: 'Object Repository/Page_MotifDeLaDemande_Usager/Click_Select_NatureDuLienOrganismeAccueil'

2023-11-23 15:02:15 - [MESSAGE][PASSED] - Object: 'Object Repository/Page_MotifDeLaDemande_Usager/Click_Select_NatureDuLienOrganismeAccueil' is clicked on

2023-11-23 15:02:15 - [TEST_STEP][PASSED] - click(findTestObject("Object Repository/Page_MotifDeLaDemande_Usager/Click_Select_Value_NatureDuLienOrganismeAccueil")): Object: 'Object Repository/Page_MotifDeLaDemande_Usager/Click_Select_Value_NatureDuLienOrganismeAccueil' is clicked on

2023-11-23 15:02:15 - [MESSAGE][INFO] - Finding Test Object 'Object Repository/Page_MotifDeLaDemande_Usager/Click_Select_Value_NatureDuLienOrganismeAccueil'

2023-11-23 15:02:15 - [MESSAGE][INFO] - Checking timeout

2023-11-23 15:02:15 - [MESSAGE][INFO] - Finding web element with id: 'Object Repository/Page_MotifDeLaDemande_Usager/Click_Select_Value_NatureDuLienOrganismeAccueil' located by 'By.xpath: //*[@id="NATURE_ORGANISME_ACCUEIL"]/div/div[5]/div/ul/p-dropdownitem[2]/li/span' in '20' second(s)

2023-11-23 15:02:15 - [MESSAGE][INFO] - Smart Wait Function is triggered

2023-11-23 15:02:15 - [MESSAGE][INFO] - Found 1 web elements with id: 'Object Repository/Page_MotifDeLaDemande_Usager/Click_Select_Value_NatureDuLienOrganismeAccueil' located by 'By.xpath: //*[@id="NATURE_ORGANISME_ACCUEIL"]/div/div[5]/div/ul/p-dropdownitem[2]/li/span' in '20' second(s)

2023-11-23 15:02:15 - [MESSAGE][INFO] - Checking object

2023-11-23 15:02:15 - [MESSAGE][INFO] - Checking timeout

2023-11-23 15:02:15 - [MESSAGE][INFO] - Finding web element from Test Object's properties

2023-11-23 15:02:15 - [MESSAGE][INFO] - Checking timeout

2023-11-23 15:02:15 - [MESSAGE][INFO] - Finding web element with id: 'Object Repository/Page_MotifDeLaDemande_Usager/Click_Select_Value_NatureDuLienOrganismeAccueil' located by 'By.xpath: //*[@id="NATURE_ORGANISME_ACCUEIL"]/div/div[5]/div/ul/p-dropdownitem[2]/li/span' in '5' second(s)

2023-11-23 15:02:15 - [MESSAGE][INFO] - Smart Wait Function is triggered

2023-11-23 15:02:15 - [MESSAGE][INFO] - Found 1 web elements with id: 'Object Repository/Page_MotifDeLaDemande_Usager/Click_Select_Value_NatureDuLienOrganismeAccueil' located by 'By.xpath: //*[@id="NATURE_ORGANISME_ACCUEIL"]/div/div[5]/div/ul/p-dropdownitem[2]/li/span' in '5' second(s)

2023-11-23 15:02:15 - [MESSAGE][INFO] - Clicking on object: 'Object Repository/Page_MotifDeLaDemande_Usager/Click_Select_Value_NatureDuLienOrganismeAccueil'

2023-11-23 15:02:17 - [MESSAGE][PASSED] - Object: 'Object Repository/Page_MotifDeLaDemande_Usager/Click_Select_Value_NatureDuLienOrganismeAccueil' is clicked on

2023-11-23 15:02:17 - [TEST_STEP][PASSED] - click(findTestObject("Object Repository/Page_DemarcheRenouvellement/btn_EnregistrerEtPoursuivre")): Object: 'Object Repository/Page_DemarcheRenouvellement/btn_EnregistrerEtPoursuivre' is clicked on

2023-11-23 15:02:17 - [MESSAGE][INFO] - Finding Test Object 'Object Repository/Page_DemarcheRenouvellement/btn_EnregistrerEtPoursuivre'

2023-11-23 15:02:17 - [MESSAGE][INFO] - Checking timeout

2023-11-23 15:02:17 - [MESSAGE][INFO] - Finding web element with id: 'Object Repository/Page_DemarcheRenouvellement/btn_EnregistrerEtPoursuivre' located by 'By.xpath: //span[text()='Enregistrer et poursuivre >']' in '20' second(s)

2023-11-23 15:02:17 - [MESSAGE][INFO] - Smart Wait Function is triggered

2023-11-23 15:02:17 - [MESSAGE][INFO] - Found 1 web elements with id: 'Object Repository/Page_DemarcheRenouvellement/btn_EnregistrerEtPoursuivre' located by 'By.xpath: //span[text()='Enregistrer et poursuivre >']' in '20' second(s)

2023-11-23 15:02:17 - [MESSAGE][INFO] - Checking object

2023-11-23 15:02:17 - [MESSAGE][INFO] - Checking timeout

2023-11-23 15:02:17 - [MESSAGE][INFO] - Finding web element from Test Object's properties

2023-11-23 15:02:17 - [MESSAGE][INFO] - Checking timeout

2023-11-23 15:02:17 - [MESSAGE][INFO] - Finding web element with id: 'Object Repository/Page_DemarcheRenouvellement/btn_EnregistrerEtPoursuivre' located by 'By.xpath: //span[text()='Enregistrer et poursuivre >']' in '5' second(s)

2023-11-23 15:02:17 - [MESSAGE][INFO] - Smart Wait Function is triggered

2023-11-23 15:02:17 - [MESSAGE][INFO] - Found 1 web elements with id: 'Object Repository/Page_DemarcheRenouvellement/btn_EnregistrerEtPoursuivre' located by 'By.xpath: //span[text()='Enregistrer et poursuivre >']' in '5' second(s)

2023-11-23 15:02:17 - [MESSAGE][INFO] - Clicking on object: 'Object Repository/Page_DemarcheRenouvellement/btn_EnregistrerEtPoursuivre'

2023-11-23 15:02:19 - [MESSAGE][PASSED] - Object: 'Object Repository/Page_DemarcheRenouvellement/btn_EnregistrerEtPoursuivre' is clicked on

2023-11-23 15:02:19 - [TEST_STEP][PASSED] - delay(2): Delayed 2 second(s)

2023-11-23 15:02:19 - [MESSAGE][INFO] - Delaying browser in 2 second(s)

2023-11-23 15:02:21 - [MESSAGE][PASSED] - Delayed 2 second(s)

2023-11-23 15:02:21 - [TEST_STEP][PASSED] - if (TypeTitreDeSejour == "FrenchTechVisaForInvestors" && Titre == "Visiteur" || Titre == "Etudiant"): null

2023-11-23 15:02:21 - [TEST_STEP][PASSED] - if (TypeTitreDeSejour == "CreateurDEntreprise" && Titre == "Visiteur" || TypeTitreDeSejour == "CreateurDEntreprise" && Titre == "Etudiant"): null

2023-11-23 15:02:21 - [TEST_STEP][PASSED] - if (TypeTitreDeSejour == "FrenchTechVisaForFounders" && Titre == "Etudiant" || TypeTitreDeSejour == "FrenchTechVisaForFounders" && Titre == "Visiteur"): null

2023-11-23 15:02:21 - [TEST_STEP][PASSED] - if (TypeTitreDeSejour == "MandataireSocial" && Titre == "Etudiant" || TypeTitreDeSejour == "MandataireSocial" && Titre == "Visiteur"): null

2023-11-23 15:02:21 - [TEST_STEP][PASSED] - if (TypeTitreDeSejour == "ArtisteNonSalarie" && Titre == "Etudiant" || TypeTitreDeSejour == "ArtisteNonSalarie" && Titre == "Visiteur"): null

2023-11-23 15:02:21 - [TEST_STEP][PASSED] - if (TypeTitreDeSejour == "ArtisteSalarie" && Titre == "Etudiant" || TypeTitreDeSejour == "ArtisteSalarie" && Titre == "Visiteur"): null

2023-11-23 15:02:21 - [TEST_STEP][PASSED] - if (TypeTitreDeSejour == "MembreDeFamillePasseportTalent_Conjoint" && Titre == "Etudiant" || TypeTitreDeSejour == "MembreDeFamillePasseportTalent_Conjoint" && Titre == "Visiteur"): null

2023-11-23 15:02:21 - [MESSAGE][PASSED] - Call Test Case 'Test Cases/Test Reutilisable/DemandeOuRenouvelle_TitreSejour/FormulaireMotifDeLaDemande' successfully

2023-11-23 15:02:21 - [TEST_STEP][PASSED] - if (TypeTitreDeSejour == "RenouvellementDeTitreSejour" || TypeTitreDeSejour == "Visiteur" && Titre == "Etudiant" || Titre == "Visiteur"): null

2023-11-23 15:02:21 - [TEST_STEP][PASSED] - callTestCase(findTestCase("Test Reutilisable/DemandeOuRenouvelle_TitreSejour/FormulaireJustificatifs"), ["TypeTitreDeSejour":TypeTitreDeSejour, "Titre":Titre, "NumEphoto":NumEphoto], STOP_ON_FAILURE): Call Test Case 'Test Cases/Test Reutilisable/DemandeOuRenouvelle_TitreSejour/FormulaireJustificatifs' successfully

2023-11-23 15:02:21 - [MESSAGE][INFO] - Checking called Test Case

2023-11-23 15:02:21 - [MESSAGE][INFO] - Starting to call Test Case 'Test Cases/Test Reutilisable/DemandeOuRenouvelle_TitreSejour/FormulaireJustificatifs'

2023-11-23 15:02:21 - [TEST_CASE][PASSED] - Test Cases/Test Reutilisable/DemandeOuRenouvelle_TitreSejour/FormulaireJustificatifs: Test Cases/Test Reutilisable/DemandeOuRenouvelle_TitreSejour/FormulaireJustificatifs

2023-11-23 15:02:23 - [TEST_STEP][PASSED] - com.kazurayam.ksbackyard.HighlightElement.pandemic(): com.kazurayam.ksbackyard.HighlightElement.pandemic is PASSED

2023-11-23 15:02:23 - [MESSAGE][PASSED] - com.kazurayam.ksbackyard.HighlightElement.pandemic is PASSED

2023-11-23 15:02:23 - [TEST_STEP][PASSED] - RunBrowserConfiguration = getExecutionProperties(): null

2023-11-23 15:02:23 - [TEST_STEP][PASSED] - DriverName = DriverName: null

2023-11-23 15:02:23 - [TEST_STEP][PASSED] - driver = getWebDriver(): null

2023-11-23 15:02:23 - [TEST_STEP][PASSED] - wrappedDriver = driver.getWrappedDriver(): null

2023-11-23 15:02:23 - [TEST_STEP][PASSED] - out.println(wrappedDriver.getClass()): null

2023-11-23 15:02:23 - [TEST_STEP][PASSED] - if (class == com.kms.katalon.selenium.driver.CRemoteWebDriver): null

2023-11-23 15:02:23 - [TEST_STEP][PASSED] - SpecificDownloadDirectory = "": null

2023-11-23 15:02:23 - [TEST_STEP][PASSED] - if (DriverName == "FIREFOX_DRIVER"): null

2023-11-23 15:02:23 - [TEST_STEP][PASSED] - else if (class == "CRemoteWebDriver"): null

2023-11-23 15:02:23 - [TEST_STEP][PASSED] - else: null

2023-11-23 15:02:23 - [TEST_STEP][PASSED] - SpecificDownloadDirectory = getProjectDir() + "/Data Files": null

2023-11-23 15:02:23 - [TEST_STEP][PASSED] - println("SpecificDownloadDirectory : " + SpecificDownloadDirectory): null

2023-11-23 15:02:23 - [TEST_STEP][PASSED] - if (TypeTitreDeSejour == "RenouvellementDeTitreSejour" && Titre == "Etudiant"): null

2023-11-23 15:02:23 - [TEST_STEP][PASSED] - if (TypeTitreDeSejour == "RenouvellementDeTitreSejour" && Titre == "Visiteur" || TypeTitreDeSejour == "Visiteur" && Titre == "Etudiant"): null

2023-11-23 15:02:23 - [TEST_STEP][PASSED] - println("TypeTitreDeSejour :" + TypeTitreDeSejour): null

2023-11-23 15:02:23 - [TEST_STEP][PASSED] - if (TypeTitreDeSejour == "TS-PT-CarteBleueEuropeenne" || TypeTitreDeSejour == "TS-PT-SalarieEnMission"): null

2023-11-23 15:02:23 - [TEST_STEP][PASSED] - if (TypeTitreDeSejour == "TS-PT-SalarieQualifie" || TypeTitreDeSejour == "TS-PT-SalarieEntrepriseInnovante" || TypeTitreDeSejour == "ChercheurEtChercheurEnMobilite"): Object: 'Object Repository/Page_DemarcheRenouvellement/btn_EnregistrerEtPoursuivre' is clicked on

2023-11-23 15:02:23 - [TEST_STEP][PASSED] - uploadFile(findTestObject("Object Repository/Page_Justificatifs_Usager/Btn_ChoisirFichier_TitreSejourValide"), SpecificDownloadDirectory + "/EtatCivil.pdf"): File 'C:/Users/ISSAM.RHARBAOUI/git/22_11/ANEF-AutomatizationProject/Data Files/EtatCivil.pdf' sent to object: 'Object Repository/Page_Justificatifs_Usager/Btn_ChoisirFichier_TitreSejourValide'

2023-11-23 15:02:23 - [MESSAGE][INFO] - Finding Test Object 'Object Repository/Page_Justificatifs_Usager/Btn_ChoisirFichier_TitreSejourValide'

2023-11-23 15:02:23 - [MESSAGE][INFO] - Checking object

2023-11-23 15:02:23 - [MESSAGE][INFO] - Uploading file 'C:/Users/ISSAM.RHARBAOUI/git/22_11/ANEF-AutomatizationProject/Data Files/EtatCivil.pdf' to object: 'Object Repository/Page_Justificatifs_Usager/Btn_ChoisirFichier_TitreSejourValide'

2023-11-23 15:02:23 - [MESSAGE][INFO] - Finding web element from Test Object's properties

2023-11-23 15:02:23 - [MESSAGE][INFO] - Checking timeout

2023-11-23 15:02:23 - [MESSAGE][INFO] - Finding web element with id: 'Object Repository/Page_Justificatifs_Usager/Btn_ChoisirFichier_TitreSejourValide' located by 'By.xpath: //app-justificatifs-visiteur//app-justificatif-titre-sejour//app-pieces-jointes//span[1]/input|//app-justificatifs-ptsq//app-justificatif-titre-sejour//app-pieces-jointes//span[1]/input|//app-justificatifs/div[2]/div/p-accordion/div/p-accordiontab[1]/div[2]/div/div[1]/div/app-pieces-jointes[1]/div/span[1]/input|//div/div/div/app-justificatif-titre-sejour/div/app-pieces-jointes/div/span[1]/input
' in '5' second(s)

2023-11-23 15:02:23 - [MESSAGE][INFO] - Smart Wait Function is triggered

2023-11-23 15:02:23 - [MESSAGE][INFO] - Found 1 web elements with id: 'Object Repository/Page_Justificatifs_Usager/Btn_ChoisirFichier_TitreSejourValide' located by 'By.xpath: //app-justificatifs-visiteur//app-justificatif-titre-sejour//app-pieces-jointes//span[1]/input|//app-justificatifs-ptsq//app-justificatif-titre-sejour//app-pieces-jointes//span[1]/input|//app-justificatifs/div[2]/div/p-accordion/div/p-accordiontab[1]/div[2]/div/div[1]/div/app-pieces-jointes[1]/div/span[1]/input|//div/div/div/app-justificatif-titre-sejour/div/app-pieces-jointes/div/span[1]/input
' in '5' second(s)

2023-11-23 15:02:25 - [MESSAGE][PASSED] - File 'C:/Users/ISSAM.RHARBAOUI/git/22_11/ANEF-AutomatizationProject/Data Files/EtatCivil.pdf' sent to object: 'Object Repository/Page_Justificatifs_Usager/Btn_ChoisirFichier_TitreSejourValide'

2023-11-23 15:02:25 - [TEST_STEP][PASSED] - delay(5): Delayed 5 second(s)

2023-11-23 15:02:25 - [MESSAGE][INFO] - Delaying browser in 5 second(s)

2023-11-23 15:02:30 - [MESSAGE][PASSED] - Delayed 5 second(s)

2023-11-23 15:02:30 - [TEST_STEP][PASSED] - uploadFile(findTestObject("Object Repository/Page_Justificatifs_Usager/Btn_ChoisirFichier_Passeport"), SpecificDownloadDirectory + "/Passeport.pdf"): File 'C:/Users/ISSAM.RHARBAOUI/git/22_11/ANEF-AutomatizationProject/Data Files/Passeport.pdf' sent to object: 'Object Repository/Page_Justificatifs_Usager/Btn_ChoisirFichier_Passeport'

2023-11-23 15:02:30 - [MESSAGE][INFO] - Finding Test Object 'Object Repository/Page_Justificatifs_Usager/Btn_ChoisirFichier_Passeport'

2023-11-23 15:02:30 - [MESSAGE][INFO] - Checking object

2023-11-23 15:02:30 - [MESSAGE][INFO] - Uploading file 'C:/Users/ISSAM.RHARBAOUI/git/22_11/ANEF-AutomatizationProject/Data Files/Passeport.pdf' to object: 'Object Repository/Page_Justificatifs_Usager/Btn_ChoisirFichier_Passeport'

2023-11-23 15:02:30 - [MESSAGE][INFO] - Finding web element from Test Object's properties

2023-11-23 15:02:30 - [MESSAGE][INFO] - Checking timeout

2023-11-23 15:02:30 - [MESSAGE][INFO] - Finding web element with id: 'Object Repository/Page_Justificatifs_Usager/Btn_ChoisirFichier_Passeport' located by 'By.xpath: //app-justificatifs-visiteur//app-justificatif-passeport//app-pieces-jointes//span[1]/input|//app-justificatifs-ptsq//app-justificatif-passeport//app-pieces-jointes//span[1]/input|//app-justificatifs/div[2]/div/p-accordion/div/p-accordiontab[1]/div[2]/div/div[1]/div/app-pieces-jointes[2]/div/span[1]/input|//div/div/app-justificatif-passeport/div/app-pieces-jointes/div/span[1]/input' in '5' second(s)

2023-11-23 15:02:30 - [MESSAGE][INFO] - Smart Wait Function is triggered

2023-11-23 15:02:30 - [MESSAGE][INFO] - Found 1 web elements with id: 'Object Repository/Page_Justificatifs_Usager/Btn_ChoisirFichier_Passeport' located by 'By.xpath: //app-justificatifs-visiteur//app-justificatif-passeport//app-pieces-jointes//span[1]/input|//app-justificatifs-ptsq//app-justificatif-passeport//app-pieces-jointes//span[1]/input|//app-justificatifs/div[2]/div/p-accordion/div/p-accordiontab[1]/div[2]/div/div[1]/div/app-pieces-jointes[2]/div/span[1]/input|//div/div/app-justificatif-passeport/div/app-pieces-jointes/div/span[1]/input' in '5' second(s)

2023-11-23 15:02:32 - [MESSAGE][PASSED] - File 'C:/Users/ISSAM.RHARBAOUI/git/22_11/ANEF-AutomatizationProject/Data Files/Passeport.pdf' sent to object: 'Object Repository/Page_Justificatifs_Usager/Btn_ChoisirFichier_Passeport'

2023-11-23 15:02:32 - [TEST_STEP][PASSED] - delay(5): Delayed 5 second(s)

2023-11-23 15:02:32 - [MESSAGE][INFO] - Delaying browser in 5 second(s)

2023-11-23 15:02:37 - [MESSAGE][PASSED] - Delayed 5 second(s)

2023-11-23 15:02:37 - [TEST_STEP][PASSED] - setText(findTestObject("Object Repository/Page_Justificatifs_Usager/Input_Numero_Ephoto"), NumEphoto): Text '1PMTYE991215114515JY05' is set on object 'Object Repository/Page_Justificatifs_Usager/Input_Numero_Ephoto'

2023-11-23 15:02:37 - [MESSAGE][INFO] - Finding Test Object 'Object Repository/Page_Justificatifs_Usager/Input_Numero_Ephoto'

2023-11-23 15:02:37 - [MESSAGE][INFO] - Checking timeout

2023-11-23 15:02:37 - [MESSAGE][INFO] - Finding web element with id: 'Object Repository/Page_Justificatifs_Usager/Input_Numero_Ephoto' located by 'By.xpath: //*[@aria-labelledby="PHOTO_NUMBER-label" and @type ="text"]|//*[@aria-labelledby="PHOTO_IDENTITE-label" and @type ="text"]' in '20' second(s)

2023-11-23 15:02:37 - [MESSAGE][INFO] - Smart Wait Function is triggered

2023-11-23 15:02:37 - [MESSAGE][INFO] - Found 1 web elements with id: 'Object Repository/Page_Justificatifs_Usager/Input_Numero_Ephoto' located by 'By.xpath: //*[@aria-labelledby="PHOTO_NUMBER-label" and @type ="text"]|//*[@aria-labelledby="PHOTO_IDENTITE-label" and @type ="text"]' in '20' second(s)

2023-11-23 15:02:37 - [MESSAGE][INFO] - Checking object

2023-11-23 15:02:37 - [MESSAGE][INFO] - Checking text

2023-11-23 15:02:37 - [MESSAGE][INFO] - Finding web element from Test Object's properties

2023-11-23 15:02:37 - [MESSAGE][INFO] - Checking timeout

2023-11-23 15:02:37 - [MESSAGE][INFO] - Finding web element with id: 'Object Repository/Page_Justificatifs_Usager/Input_Numero_Ephoto' located by 'By.xpath: //*[@aria-labelledby="PHOTO_NUMBER-label" and @type ="text"]|//*[@aria-labelledby="PHOTO_IDENTITE-label" and @type ="text"]' in '5' second(s)

2023-11-23 15:02:37 - [MESSAGE][INFO] - Smart Wait Function is triggered

2023-11-23 15:02:37 - [MESSAGE][INFO] - Found 1 web elements with id: 'Object Repository/Page_Justificatifs_Usager/Input_Numero_Ephoto' located by 'By.xpath: //*[@aria-labelledby="PHOTO_NUMBER-label" and @type ="text"]|//*[@aria-labelledby="PHOTO_IDENTITE-label" and @type ="text"]' in '5' second(s)

2023-11-23 15:02:37 - [MESSAGE][INFO] - Clearing text of object 'Object Repository/Page_Justificatifs_Usager/Input_Numero_Ephoto'

2023-11-23 15:02:39 - [MESSAGE][INFO] - Finding web element from Test Object's properties

2023-11-23 15:02:39 - [MESSAGE][INFO] - Checking timeout

2023-11-23 15:02:39 - [MESSAGE][INFO] - Finding web element with id: 'Object Repository/Page_Justificatifs_Usager/Input_Numero_Ephoto' located by 'By.xpath: //*[@aria-labelledby="PHOTO_NUMBER-label" and @type ="text"]|//*[@aria-labelledby="PHOTO_IDENTITE-label" and @type ="text"]' in '5' second(s)

2023-11-23 15:02:39 - [MESSAGE][INFO] - Smart Wait Function is triggered

2023-11-23 15:02:39 - [MESSAGE][INFO] - Found 1 web elements with id: 'Object Repository/Page_Justificatifs_Usager/Input_Numero_Ephoto' located by 'By.xpath: //*[@aria-labelledby="PHOTO_NUMBER-label" and @type ="text"]|//*[@aria-labelledby="PHOTO_IDENTITE-label" and @type ="text"]' in '5' second(s)

2023-11-23 15:02:39 - [MESSAGE][INFO] - Setting text of object 'Object Repository/Page_Justificatifs_Usager/Input_Numero_Ephoto' to value '1PMTYE991215114515JY05'

2023-11-23 15:02:42 - [MESSAGE][PASSED] - Text '1PMTYE991215114515JY05' is set on object 'Object Repository/Page_Justificatifs_Usager/Input_Numero_Ephoto'

2023-11-23 15:02:42 - [TEST_STEP][PASSED] - click(findTestObject("Object Repository/Page_Justificatifs_Usager/Btn_ConfirmerNumeroEphoto")): Object: 'Object Repository/Page_Justificatifs_Usager/Btn_ConfirmerNumeroEphoto' is clicked on

2023-11-23 15:02:42 - [MESSAGE][INFO] - Finding Test Object 'Object Repository/Page_Justificatifs_Usager/Btn_ConfirmerNumeroEphoto'

2023-11-23 15:02:42 - [MESSAGE][INFO] - Checking timeout

2023-11-23 15:02:42 - [MESSAGE][INFO] - Finding web element with id: 'Object Repository/Page_Justificatifs_Usager/Btn_ConfirmerNumeroEphoto' located by 'By.xpath: //div/app-e-photo//div/button/span|//app-justificatifs/div[2]/div/p-accordion/div/p-accordiontab[1]/div[2]/div/div[1]/div/button/span' in '20' second(s)

2023-11-23 15:02:42 - [MESSAGE][INFO] - Smart Wait Function is triggered

2023-11-23 15:02:42 - [MESSAGE][INFO] - Found 1 web elements with id: 'Object Repository/Page_Justificatifs_Usager/Btn_ConfirmerNumeroEphoto' located by 'By.xpath: //div/app-e-photo//div/button/span|//app-justificatifs/div[2]/div/p-accordion/div/p-accordiontab[1]/div[2]/div/div[1]/div/button/span' in '20' second(s)

2023-11-23 15:02:42 - [MESSAGE][INFO] - Checking object

2023-11-23 15:02:42 - [MESSAGE][INFO] - Checking timeout

2023-11-23 15:02:42 - [MESSAGE][INFO] - Finding web element from Test Object's properties

2023-11-23 15:02:42 - [MESSAGE][INFO] - Checking timeout

2023-11-23 15:02:42 - [MESSAGE][INFO] - Finding web element with id: 'Object Repository/Page_Justificatifs_Usager/Btn_ConfirmerNumeroEphoto' located by 'By.xpath: //div/app-e-photo//div/button/span|//app-justificatifs/div[2]/div/p-accordion/div/p-accordiontab[1]/div[2]/div/div[1]/div/button/span' in '5' second(s)

2023-11-23 15:02:42 - [MESSAGE][INFO] - Smart Wait Function is triggered

2023-11-23 15:02:42 - [MESSAGE][INFO] - Found 1 web elements with id: 'Object Repository/Page_Justificatifs_Usager/Btn_ConfirmerNumeroEphoto' located by 'By.xpath: //div/app-e-photo//div/button/span|//app-justificatifs/div[2]/div/p-accordion/div/p-accordiontab[1]/div[2]/div/div[1]/div/button/span' in '5' second(s)

2023-11-23 15:02:42 - [MESSAGE][INFO] - Clicking on object: 'Object Repository/Page_Justificatifs_Usager/Btn_ConfirmerNumeroEphoto'

2023-11-23 15:02:44 - [MESSAGE][PASSED] - Object: 'Object Repository/Page_Justificatifs_Usager/Btn_ConfirmerNumeroEphoto' is clicked on

2023-11-23 15:02:44 - [TEST_STEP][PASSED] - delay(5): Delayed 5 second(s)

2023-11-23 15:02:44 - [MESSAGE][INFO] - Delaying browser in 5 second(s)

2023-11-23 15:02:49 - [MESSAGE][PASSED] - Delayed 5 second(s)

2023-11-23 15:02:49 - [TEST_STEP][PASSED] - uploadFile(findTestObject("Object Repository/Page_Justificatifs_Usager/Btn_ChoisirFichier_Domiciliation"), SpecificDownloadDirectory + "/Domiciliation.pdf"): File 'C:/Users/ISSAM.RHARBAOUI/git/22_11/ANEF-AutomatizationProject/Data Files/Domiciliation.pdf' sent to object: 'Object Repository/Page_Justificatifs_Usager/Btn_ChoisirFichier_Domiciliation'

2023-11-23 15:02:49 - [MESSAGE][INFO] - Finding Test Object 'Object Repository/Page_Justificatifs_Usager/Btn_ChoisirFichier_Domiciliation'

2023-11-23 15:02:49 - [MESSAGE][INFO] - Checking object

2023-11-23 15:02:49 - [MESSAGE][INFO] - Uploading file 'C:/Users/ISSAM.RHARBAOUI/git/22_11/ANEF-AutomatizationProject/Data Files/Domiciliation.pdf' to object: 'Object Repository/Page_Justificatifs_Usager/Btn_ChoisirFichier_Domiciliation'

2023-11-23 15:02:49 - [MESSAGE][INFO] - Finding web element from Test Object's properties

2023-11-23 15:02:49 - [MESSAGE][INFO] - Checking timeout

2023-11-23 15:02:49 - [MESSAGE][INFO] - Finding web element with id: 'Object Repository/Page_Justificatifs_Usager/Btn_ChoisirFichier_Domiciliation' located by 'By.xpath: //app-justificatifs-visiteur//app-justificatifs-domiciliation//app-pieces-jointes//span[1]/input|//app-justificatifs-ptsq//app-justificatifs-domiciliation//app-pieces-jointes//span[1]/input|//app-justificatifs/div[2]/div/p-accordion/div/p-accordiontab[1]/div[2]/div/div[2]/div/app-pieces-jointes/div/span[1]/input|//div/app-justificatifs-domiciliation/div/div/app-pieces-jointes/div/span[1]/input' in '5' second(s)

2023-11-23 15:02:49 - [MESSAGE][INFO] - Smart Wait Function is triggered

2023-11-23 15:02:49 - [MESSAGE][INFO] - Found 2 web elements with id: 'Object Repository/Page_Justificatifs_Usager/Btn_ChoisirFichier_Domiciliation' located by 'By.xpath: //app-justificatifs-visiteur//app-justificatifs-domiciliation//app-pieces-jointes//span[1]/input|//app-justificatifs-ptsq//app-justificatifs-domiciliation//app-pieces-jointes//span[1]/input|//app-justificatifs/div[2]/div/p-accordion/div/p-accordiontab[1]/div[2]/div/div[2]/div/app-pieces-jointes/div/span[1]/input|//div/app-justificatifs-domiciliation/div/div/app-pieces-jointes/div/span[1]/input' in '5' second(s)

2023-11-23 15:02:51 - [MESSAGE][PASSED] - File 'C:/Users/ISSAM.RHARBAOUI/git/22_11/ANEF-AutomatizationProject/Data Files/Domiciliation.pdf' sent to object: 'Object Repository/Page_Justificatifs_Usager/Btn_ChoisirFichier_Domiciliation'

2023-11-23 15:02:51 - [TEST_STEP][PASSED] - delay(5): Delayed 5 second(s)

2023-11-23 15:02:51 - [MESSAGE][INFO] - Delaying browser in 5 second(s)

2023-11-23 15:02:56 - [MESSAGE][PASSED] - Delayed 5 second(s)

2023-11-23 15:02:56 - [TEST_STEP][PASSED] - uploadFile(findTestObject("Object Repository/Page_Justificatifs_Usager/Btn_ChoisirFichier_DiplomeObtenuEnFrance"), SpecificDownloadDirectory + "/DiplomeObtenuEnFrance.pdf"): File 'C:/Users/ISSAM.RHARBAOUI/git/22_11/ANEF-AutomatizationProject/Data Files/DiplomeObtenuEnFrance.pdf' sent to object: 'Object Repository/Page_Justificatifs_Usager/Btn_ChoisirFichier_DiplomeObtenuEnFrance'

2023-11-23 15:02:56 - [MESSAGE][INFO] - Finding Test Object 'Object Repository/Page_Justificatifs_Usager/Btn_ChoisirFichier_DiplomeObtenuEnFrance'

2023-11-23 15:02:56 - [MESSAGE][INFO] - Checking object

2023-11-23 15:02:56 - [MESSAGE][INFO] - Uploading file 'C:/Users/ISSAM.RHARBAOUI/git/22_11/ANEF-AutomatizationProject/Data Files/DiplomeObtenuEnFrance.pdf' to object: 'Object Repository/Page_Justificatifs_Usager/Btn_ChoisirFichier_DiplomeObtenuEnFrance'

2023-11-23 15:02:56 - [MESSAGE][INFO] - Finding web element from Test Object's properties

2023-11-23 15:02:56 - [MESSAGE][INFO] - Checking timeout

2023-11-23 15:02:56 - [MESSAGE][INFO] - Finding web element with id: 'Object Repository/Page_Justificatifs_Usager/Btn_ChoisirFichier_DiplomeObtenuEnFrance' located by 'By.xpath: //app-justificatifs-visiteur//p-accordiontab[2]//div[2]/app-pieces-jointes//span[1]/input|//app-justificatifs-ptsq//p-accordiontab[2]//div[2]/app-pieces-jointes//span[1]/input|//app-justificatifs/div[2]/div/p-accordion/div/p-accordiontab[2]/div[2]/div/app-pieces-jointes[3]/div/span[1]/input|//div/div/app-justificatif-diplome-chercheur/div/app-pieces-jointes/div/span[1]/input
' in '5' second(s)

2023-11-23 15:02:56 - [MESSAGE][INFO] - Smart Wait Function is triggered

2023-11-23 15:02:56 - [MESSAGE][INFO] - Found 1 web elements with id: 'Object Repository/Page_Justificatifs_Usager/Btn_ChoisirFichier_DiplomeObtenuEnFrance' located by 'By.xpath: //app-justificatifs-visiteur//p-accordiontab[2]//div[2]/app-pieces-jointes//span[1]/input|//app-justificatifs-ptsq//p-accordiontab[2]//div[2]/app-pieces-jointes//span[1]/input|//app-justificatifs/div[2]/div/p-accordion/div/p-accordiontab[2]/div[2]/div/app-pieces-jointes[3]/div/span[1]/input|//div/div/app-justificatif-diplome-chercheur/div/app-pieces-jointes/div/span[1]/input
' in '5' second(s)

2023-11-23 15:02:59 - [MESSAGE][PASSED] - File 'C:/Users/ISSAM.RHARBAOUI/git/22_11/ANEF-AutomatizationProject/Data Files/DiplomeObtenuEnFrance.pdf' sent to object: 'Object Repository/Page_Justificatifs_Usager/Btn_ChoisirFichier_DiplomeObtenuEnFrance'

2023-11-23 15:02:59 - [TEST_STEP][PASSED] - delay(5): Delayed 5 second(s)

2023-11-23 15:02:59 - [MESSAGE][INFO] - Delaying browser in 5 second(s)

2023-11-23 15:03:04 - [MESSAGE][PASSED] - Delayed 5 second(s)

2023-11-23 15:03:04 - [TEST_STEP][PASSED] - uploadFile(findTestObject("Object Repository/Page_Justificatifs_Usager/Btn_ChoisirFichier_AttestationDEmployeur"), SpecificDownloadDirectory + "/AttestationEmployeur.pdf"): File 'C:/Users/ISSAM.RHARBAOUI/git/22_11/ANEF-AutomatizationProject/Data Files/AttestationEmployeur.pdf' sent to object: 'Object Repository/Page_Justificatifs_Usager/Btn_ChoisirFichier_AttestationDEmployeur'

2023-11-23 15:03:04 - [MESSAGE][INFO] - Finding Test Object 'Object Repository/Page_Justificatifs_Usager/Btn_ChoisirFichier_AttestationDEmployeur'

2023-11-23 15:03:04 - [MESSAGE][INFO] - Checking object

2023-11-23 15:03:04 - [MESSAGE][INFO] - Uploading file 'C:/Users/ISSAM.RHARBAOUI/git/22_11/ANEF-AutomatizationProject/Data Files/AttestationEmployeur.pdf' to object: 'Object Repository/Page_Justificatifs_Usager/Btn_ChoisirFichier_AttestationDEmployeur'

2023-11-23 15:03:04 - [MESSAGE][INFO] - Finding web element from Test Object's properties

2023-11-23 15:03:04 - [MESSAGE][INFO] - Checking timeout

2023-11-23 15:03:04 - [MESSAGE][INFO] - Finding web element with id: 'Object Repository/Page_Justificatifs_Usager/Btn_ChoisirFichier_AttestationDEmployeur' located by 'By.xpath: //app-justificatifs-visiteur//p-accordiontab[2]//div[1]/app-pieces-jointes//span[1]/input|//app-justificatifs-ptsq//p-accordiontab[2]//div[1]/app-pieces-jointes//span[1]/input|//div/div/app-justificatif-organisme-recherche/div/app-pieces-jointes/div/span[1]/input|//div/div[14]/app-justificatifs-motif-sejour/div/app-pieces-jointes/div/span[1]/input' in '5' second(s)

2023-11-23 15:03:04 - [MESSAGE][INFO] - Smart Wait Function is triggered

2023-11-23 15:03:04 - [MESSAGE][INFO] - Found 1 web elements with id: 'Object Repository/Page_Justificatifs_Usager/Btn_ChoisirFichier_AttestationDEmployeur' located by 'By.xpath: //app-justificatifs-visiteur//p-accordiontab[2]//div[1]/app-pieces-jointes//span[1]/input|//app-justificatifs-ptsq//p-accordiontab[2]//div[1]/app-pieces-jointes//span[1]/input|//div/div/app-justificatif-organisme-recherche/div/app-pieces-jointes/div/span[1]/input|//div/div[14]/app-justificatifs-motif-sejour/div/app-pieces-jointes/div/span[1]/input' in '5' second(s)

2023-11-23 15:03:06 - [MESSAGE][PASSED] - File 'C:/Users/ISSAM.RHARBAOUI/git/22_11/ANEF-AutomatizationProject/Data Files/AttestationEmployeur.pdf' sent to object: 'Object Repository/Page_Justificatifs_Usager/Btn_ChoisirFichier_AttestationDEmployeur'

2023-11-23 15:03:06 - [TEST_STEP][PASSED] - delay(5): Delayed 5 second(s)

2023-11-23 15:03:06 - [MESSAGE][INFO] - Delaying browser in 5 second(s)

2023-11-23 15:03:11 - [MESSAGE][PASSED] - Delayed 5 second(s)

2023-11-23 15:03:11 - [TEST_STEP][PASSED] - click(findTestObject("Object Repository/Page_DemarcheRenouvellement/btn_EnregistrerEtPoursuivre")): Object: 'Object Repository/Page_DemarcheRenouvellement/btn_EnregistrerEtPoursuivre' is clicked on

2023-11-23 15:03:11 - [MESSAGE][INFO] - Finding Test Object 'Object Repository/Page_DemarcheRenouvellement/btn_EnregistrerEtPoursuivre'

2023-11-23 15:03:11 - [MESSAGE][INFO] - Checking timeout

2023-11-23 15:03:11 - [MESSAGE][INFO] - Finding web element with id: 'Object Repository/Page_DemarcheRenouvellement/btn_EnregistrerEtPoursuivre' located by 'By.xpath: //span[text()='Enregistrer et poursuivre >']' in '20' second(s)

2023-11-23 15:03:11 - [MESSAGE][INFO] - Smart Wait Function is triggered

2023-11-23 15:03:11 - [MESSAGE][INFO] - Found 1 web elements with id: 'Object Repository/Page_DemarcheRenouvellement/btn_EnregistrerEtPoursuivre' located by 'By.xpath: //span[text()='Enregistrer et poursuivre >']' in '20' second(s)

2023-11-23 15:03:11 - [MESSAGE][INFO] - Checking object

2023-11-23 15:03:11 - [MESSAGE][INFO] - Checking timeout

2023-11-23 15:03:11 - [MESSAGE][INFO] - Finding web element from Test Object's properties

2023-11-23 15:03:11 - [MESSAGE][INFO] - Checking timeout

2023-11-23 15:03:11 - [MESSAGE][INFO] - Finding web element with id: 'Object Repository/Page_DemarcheRenouvellement/btn_EnregistrerEtPoursuivre' located by 'By.xpath: //span[text()='Enregistrer et poursuivre >']' in '5' second(s)

2023-11-23 15:03:11 - [MESSAGE][INFO] - Smart Wait Function is triggered

2023-11-23 15:03:11 - [MESSAGE][INFO] - Found 1 web elements with id: 'Object Repository/Page_DemarcheRenouvellement/btn_EnregistrerEtPoursuivre' located by 'By.xpath: //span[text()='Enregistrer et poursuivre >']' in '5' second(s)

2023-11-23 15:03:11 - [MESSAGE][INFO] - Clicking on object: 'Object Repository/Page_DemarcheRenouvellement/btn_EnregistrerEtPoursuivre'

2023-11-23 15:03:13 - [MESSAGE][PASSED] - Object: 'Object Repository/Page_DemarcheRenouvellement/btn_EnregistrerEtPoursuivre' is clicked on

2023-11-23 15:03:13 - [TEST_STEP][PASSED] - if (TypeTitreDeSejour == "FrenchTechVisaForInvestors" || TypeTitreDeSejour == "CreateurDEntreprise"): null

2023-11-23 15:03:13 - [TEST_STEP][PASSED] - if (TypeTitreDeSejour == "CreateurDEntreprise" || TypeTitreDeSejour == "FrenchTechVisaForFounders"): null

2023-11-23 15:03:13 - [TEST_STEP][PASSED] - if (TypeTitreDeSejour == "MandataireSocial"): null

2023-11-23 15:03:13 - [TEST_STEP][PASSED] - if (TypeTitreDeSejour == "ArtisteNonSalarie" || TypeTitreDeSejour == "ArtisteSalarie"): null

2023-11-23 15:03:13 - [TEST_STEP][PASSED] - if (TypeTitreDeSejour == "MembreDeFamillePasseportTalent_Conjoint"): null

2023-11-23 15:03:13 - [MESSAGE][PASSED] - Call Test Case 'Test Cases/Test Reutilisable/DemandeOuRenouvelle_TitreSejour/FormulaireJustificatifs' successfully

2023-11-23 15:03:13 - [TEST_STEP][PASSED] - callTestCase(findTestCase("Test Reutilisable/DemandeOuRenouvelle_TitreSejour/FormulaireRecapitulatif"), ["Titre":Titre, "TypeTitreDeSejour":TypeTitreDeSejour], STOP_ON_FAILURE): Call Test Case 'Test Cases/Test Reutilisable/DemandeOuRenouvelle_TitreSejour/FormulaireRecapitulatif' successfully

2023-11-23 15:03:13 - [MESSAGE][INFO] - Checking called Test Case

2023-11-23 15:03:13 - [MESSAGE][INFO] - Starting to call Test Case 'Test Cases/Test Reutilisable/DemandeOuRenouvelle_TitreSejour/FormulaireRecapitulatif'

2023-11-23 15:03:13 - [TEST_CASE][PASSED] - Test Cases/Test Reutilisable/DemandeOuRenouvelle_TitreSejour/FormulaireRecapitulatif: Test Cases/Test Reutilisable/DemandeOuRenouvelle_TitreSejour/FormulaireRecapitulatif

2023-11-23 15:03:14 - [TEST_STEP][PASSED] - com.kazurayam.ksbackyard.HighlightElement.pandemic(): com.kazurayam.ksbackyard.HighlightElement.pandemic is PASSED

2023-11-23 15:03:14 - [MESSAGE][PASSED] - com.kazurayam.ksbackyard.HighlightElement.pandemic is PASSED

2023-11-23 15:03:14 - [TEST_STEP][PASSED] - delay(5): Delayed 5 second(s)

2023-11-23 15:03:14 - [MESSAGE][INFO] - Delaying browser in 5 second(s)

2023-11-23 15:03:19 - [MESSAGE][PASSED] - Delayed 5 second(s)

2023-11-23 15:03:19 - [TEST_STEP][PASSED] - if (TypeTitreDeSejour == "RenouvellementDeTitreSejour" || TypeTitreDeSejour == "Visiteur" && Titre == "Visiteur" || Titre == "Etudiant"): null

2023-11-23 15:03:19 - [TEST_STEP][PASSED] - else: Delayed 30 second(s)

2023-11-23 15:03:19 - [TEST_STEP][PASSED] - click(findTestObject("Object Repository/Page_Recapitulatif_Usager/Btn_ValiderEtVerifierLaSuiteDeMaSaisie_1sur4")): Object: 'Object Repository/Page_Recapitulatif_Usager/Btn_ValiderEtVerifierLaSuiteDeMaSaisie_1sur4' is clicked on

2023-11-23 15:03:19 - [MESSAGE][INFO] - Finding Test Object 'Object Repository/Page_Recapitulatif_Usager/Btn_ValiderEtVerifierLaSuiteDeMaSaisie_1sur4'

2023-11-23 15:03:20 - [MESSAGE][INFO] - Checking timeout

2023-11-23 15:03:20 - [MESSAGE][INFO] - Finding web element with id: 'Object Repository/Page_Recapitulatif_Usager/Btn_ValiderEtVerifierLaSuiteDeMaSaisie_1sur4' located by 'By.xpath: //div[2]/div/p-accordion/div/p-accordiontab[1]/div[2]/div/app-actions-bar/div/div[2]/button/span' in '20' second(s)

2023-11-23 15:03:20 - [MESSAGE][INFO] - Smart Wait Function is triggered

2023-11-23 15:03:20 - [MESSAGE][INFO] - Found 1 web elements with id: 'Object Repository/Page_Recapitulatif_Usager/Btn_ValiderEtVerifierLaSuiteDeMaSaisie_1sur4' located by 'By.xpath: //div[2]/div/p-accordion/div/p-accordiontab[1]/div[2]/div/app-actions-bar/div/div[2]/button/span' in '20' second(s)

2023-11-23 15:03:20 - [MESSAGE][INFO] - Checking object

2023-11-23 15:03:20 - [MESSAGE][INFO] - Checking timeout

2023-11-23 15:03:20 - [MESSAGE][INFO] - Finding web element from Test Object's properties

2023-11-23 15:03:20 - [MESSAGE][INFO] - Checking timeout

2023-11-23 15:03:20 - [MESSAGE][INFO] - Finding web element with id: 'Object Repository/Page_Recapitulatif_Usager/Btn_ValiderEtVerifierLaSuiteDeMaSaisie_1sur4' located by 'By.xpath: //div[2]/div/p-accordion/div/p-accordiontab[1]/div[2]/div/app-actions-bar/div/div[2]/button/span' in '5' second(s)

2023-11-23 15:03:20 - [MESSAGE][INFO] - Smart Wait Function is triggered

2023-11-23 15:03:20 - [MESSAGE][INFO] - Found 1 web elements with id: 'Object Repository/Page_Recapitulatif_Usager/Btn_ValiderEtVerifierLaSuiteDeMaSaisie_1sur4' located by 'By.xpath: //div[2]/div/p-accordion/div/p-accordiontab[1]/div[2]/div/app-actions-bar/div/div[2]/button/span' in '5' second(s)

2023-11-23 15:03:20 - [MESSAGE][INFO] - Clicking on object: 'Object Repository/Page_Recapitulatif_Usager/Btn_ValiderEtVerifierLaSuiteDeMaSaisie_1sur4'

2023-11-23 15:03:22 - [MESSAGE][PASSED] - Object: 'Object Repository/Page_Recapitulatif_Usager/Btn_ValiderEtVerifierLaSuiteDeMaSaisie_1sur4' is clicked on

2023-11-23 15:03:22 - [TEST_STEP][PASSED] - delay(2): Delayed 2 second(s)

2023-11-23 15:03:22 - [MESSAGE][INFO] - Delaying browser in 2 second(s)

2023-11-23 15:03:24 - [MESSAGE][PASSED] - Delayed 2 second(s)

2023-11-23 15:03:24 - [TEST_STEP][PASSED] - click(findTestObject("Object Repository/Page_Recapitulatif_Usager/Btn_ValiderEtVerifierLaSuiteDeMaSaisie_2sur4")): Object: 'Object Repository/Page_Recapitulatif_Usager/Btn_ValiderEtVerifierLaSuiteDeMaSaisie_2sur4' is clicked on

2023-11-23 15:03:24 - [MESSAGE][INFO] - Finding Test Object 'Object Repository/Page_Recapitulatif_Usager/Btn_ValiderEtVerifierLaSuiteDeMaSaisie_2sur4'

2023-11-23 15:03:24 - [MESSAGE][INFO] - Checking timeout

2023-11-23 15:03:24 - [MESSAGE][INFO] - Finding web element with id: 'Object Repository/Page_Recapitulatif_Usager/Btn_ValiderEtVerifierLaSuiteDeMaSaisie_2sur4' located by 'By.xpath: //div[2]/div/p-accordion/div/p-accordiontab[2]/div[2]/div/app-actions-bar/div/div[2]/button/span' in '20' second(s)

2023-11-23 15:03:24 - [MESSAGE][INFO] - Smart Wait Function is triggered

2023-11-23 15:03:24 - [MESSAGE][INFO] - Found 1 web elements with id: 'Object Repository/Page_Recapitulatif_Usager/Btn_ValiderEtVerifierLaSuiteDeMaSaisie_2sur4' located by 'By.xpath: //div[2]/div/p-accordion/div/p-accordiontab[2]/div[2]/div/app-actions-bar/div/div[2]/button/span' in '20' second(s)

2023-11-23 15:03:24 - [MESSAGE][INFO] - Checking object

2023-11-23 15:03:24 - [MESSAGE][INFO] - Checking timeout

2023-11-23 15:03:24 - [MESSAGE][INFO] - Finding web element from Test Object's properties

2023-11-23 15:03:24 - [MESSAGE][INFO] - Checking timeout

2023-11-23 15:03:24 - [MESSAGE][INFO] - Finding web element with id: 'Object Repository/Page_Recapitulatif_Usager/Btn_ValiderEtVerifierLaSuiteDeMaSaisie_2sur4' located by 'By.xpath: //div[2]/div/p-accordion/div/p-accordiontab[2]/div[2]/div/app-actions-bar/div/div[2]/button/span' in '5' second(s)

2023-11-23 15:03:24 - [MESSAGE][INFO] - Smart Wait Function is triggered

2023-11-23 15:03:24 - [MESSAGE][INFO] - Found 1 web elements with id: 'Object Repository/Page_Recapitulatif_Usager/Btn_ValiderEtVerifierLaSuiteDeMaSaisie_2sur4' located by 'By.xpath: //div[2]/div/p-accordion/div/p-accordiontab[2]/div[2]/div/app-actions-bar/div/div[2]/button/span' in '5' second(s)

2023-11-23 15:03:24 - [MESSAGE][INFO] - Clicking on object: 'Object Repository/Page_Recapitulatif_Usager/Btn_ValiderEtVerifierLaSuiteDeMaSaisie_2sur4'

2023-11-23 15:03:26 - [MESSAGE][PASSED] - Object: 'Object Repository/Page_Recapitulatif_Usager/Btn_ValiderEtVerifierLaSuiteDeMaSaisie_2sur4' is clicked on

2023-11-23 15:03:26 - [TEST_STEP][PASSED] - delay(2): Delayed 2 second(s)

2023-11-23 15:03:26 - [MESSAGE][INFO] - Delaying browser in 2 second(s)

2023-11-23 15:03:28 - [MESSAGE][PASSED] - Delayed 2 second(s)

2023-11-23 15:03:28 - [TEST_STEP][PASSED] - click(findTestObject("Object Repository/Page_Recapitulatif_Usager/Btn_ValiderEtVerifierLaSuiteDeMaSaisie_3sur4")): Object: 'Object Repository/Page_Recapitulatif_Usager/Btn_ValiderEtVerifierLaSuiteDeMaSaisie_3sur4' is clicked on

2023-11-23 15:03:28 - [MESSAGE][INFO] - Finding Test Object 'Object Repository/Page_Recapitulatif_Usager/Btn_ValiderEtVerifierLaSuiteDeMaSaisie_3sur4'

2023-11-23 15:03:28 - [MESSAGE][INFO] - Checking timeout

2023-11-23 15:03:28 - [MESSAGE][INFO] - Finding web element with id: 'Object Repository/Page_Recapitulatif_Usager/Btn_ValiderEtVerifierLaSuiteDeMaSaisie_3sur4' located by 'By.xpath: //div[2]/div/p-accordion/div/p-accordiontab[3]/div[2]/div/app-actions-bar/div/div[2]/button/span' in '20' second(s)

2023-11-23 15:03:28 - [MESSAGE][INFO] - Smart Wait Function is triggered

2023-11-23 15:03:28 - [MESSAGE][INFO] - Found 1 web elements with id: 'Object Repository/Page_Recapitulatif_Usager/Btn_ValiderEtVerifierLaSuiteDeMaSaisie_3sur4' located by 'By.xpath: //div[2]/div/p-accordion/div/p-accordiontab[3]/div[2]/div/app-actions-bar/div/div[2]/button/span' in '20' second(s)

2023-11-23 15:03:28 - [MESSAGE][INFO] - Checking object

2023-11-23 15:03:28 - [MESSAGE][INFO] - Checking timeout

2023-11-23 15:03:28 - [MESSAGE][INFO] - Finding web element from Test Object's properties

2023-11-23 15:03:28 - [MESSAGE][INFO] - Checking timeout

2023-11-23 15:03:28 - [MESSAGE][INFO] - Finding web element with id: 'Object Repository/Page_Recapitulatif_Usager/Btn_ValiderEtVerifierLaSuiteDeMaSaisie_3sur4' located by 'By.xpath: //div[2]/div/p-accordion/div/p-accordiontab[3]/div[2]/div/app-actions-bar/div/div[2]/button/span' in '5' second(s)

2023-11-23 15:03:28 - [MESSAGE][INFO] - Smart Wait Function is triggered

2023-11-23 15:03:28 - [MESSAGE][INFO] - Found 1 web elements with id: 'Object Repository/Page_Recapitulatif_Usager/Btn_ValiderEtVerifierLaSuiteDeMaSaisie_3sur4' located by 'By.xpath: //div[2]/div/p-accordion/div/p-accordiontab[3]/div[2]/div/app-actions-bar/div/div[2]/button/span' in '5' second(s)

2023-11-23 15:03:28 - [MESSAGE][INFO] - Clicking on object: 'Object Repository/Page_Recapitulatif_Usager/Btn_ValiderEtVerifierLaSuiteDeMaSaisie_3sur4'

2023-11-23 15:03:30 - [MESSAGE][PASSED] - Object: 'Object Repository/Page_Recapitulatif_Usager/Btn_ValiderEtVerifierLaSuiteDeMaSaisie_3sur4' is clicked on

2023-11-23 15:03:30 - [TEST_STEP][PASSED] - delay(2): Delayed 2 second(s)

2023-11-23 15:03:30 - [MESSAGE][INFO] - Delaying browser in 2 second(s)

2023-11-23 15:03:32 - [MESSAGE][PASSED] - Delayed 2 second(s)

2023-11-23 15:03:32 - [TEST_STEP][PASSED] - click(findTestObject("Object Repository/Page_Recapitulatif_Usager/Btn_ValiderEtTransmettreMaDemande")): Object: 'Object Repository/Page_Recapitulatif_Usager/Btn_ValiderEtTransmettreMaDemande' is clicked on

2023-11-23 15:03:32 - [MESSAGE][INFO] - Finding Test Object 'Object Repository/Page_Recapitulatif_Usager/Btn_ValiderEtTransmettreMaDemande'

2023-11-23 15:03:32 - [MESSAGE][INFO] - Checking timeout

2023-11-23 15:03:32 - [MESSAGE][INFO] - Finding web element with id: 'Object Repository/Page_Recapitulatif_Usager/Btn_ValiderEtTransmettreMaDemande' located by 'By.xpath: //app-demande/div/div[3]/app-actions-bar/div/div[2]/div/div[2]/button/span|//app-demande-ptsq/div/div[3]/app-actions-bar/div/div[2]/div/div[2]/button/span|//app-demande-visiteur/div/div[3]/app-actions-bar/div/div[2]/div/div[2]/button/span|/html/body/app-root/div/app-portal/main/app-theme-v2/div/app-demande-ptch/div/div[3]/app-actions-bar/div/div[2]/div/div[2]/button/span|//div/app-demande-ptinv/div/div[3]/app-actions-bar/div/div[2]/div/div[2]/button/span|//button/span[@class="ui-button-text ui-clickable" and contains(., 'Envoyer la demande')]
' in '20' second(s)

2023-11-23 15:03:32 - [MESSAGE][INFO] - Smart Wait Function is triggered

2023-11-23 15:03:32 - [MESSAGE][INFO] - Found 1 web elements with id: 'Object Repository/Page_Recapitulatif_Usager/Btn_ValiderEtTransmettreMaDemande' located by 'By.xpath: //app-demande/div/div[3]/app-actions-bar/div/div[2]/div/div[2]/button/span|//app-demande-ptsq/div/div[3]/app-actions-bar/div/div[2]/div/div[2]/button/span|//app-demande-visiteur/div/div[3]/app-actions-bar/div/div[2]/div/div[2]/button/span|/html/body/app-root/div/app-portal/main/app-theme-v2/div/app-demande-ptch/div/div[3]/app-actions-bar/div/div[2]/div/div[2]/button/span|//div/app-demande-ptinv/div/div[3]/app-actions-bar/div/div[2]/div/div[2]/button/span|//button/span[@class="ui-button-text ui-clickable" and contains(., 'Envoyer la demande')]
' in '20' second(s)

2023-11-23 15:03:32 - [MESSAGE][INFO] - Checking object

2023-11-23 15:03:32 - [MESSAGE][INFO] - Checking timeout

2023-11-23 15:03:32 - [MESSAGE][INFO] - Finding web element from Test Object's properties

2023-11-23 15:03:32 - [MESSAGE][INFO] - Checking timeout

2023-11-23 15:03:32 - [MESSAGE][INFO] - Finding web element with id: 'Object Repository/Page_Recapitulatif_Usager/Btn_ValiderEtTransmettreMaDemande' located by 'By.xpath: //app-demande/div/div[3]/app-actions-bar/div/div[2]/div/div[2]/button/span|//app-demande-ptsq/div/div[3]/app-actions-bar/div/div[2]/div/div[2]/button/span|//app-demande-visiteur/div/div[3]/app-actions-bar/div/div[2]/div/div[2]/button/span|/html/body/app-root/div/app-portal/main/app-theme-v2/div/app-demande-ptch/div/div[3]/app-actions-bar/div/div[2]/div/div[2]/button/span|//div/app-demande-ptinv/div/div[3]/app-actions-bar/div/div[2]/div/div[2]/button/span|//button/span[@class="ui-button-text ui-clickable" and contains(., 'Envoyer la demande')]
' in '5' second(s)

2023-11-23 15:03:32 - [MESSAGE][INFO] - Smart Wait Function is triggered

2023-11-23 15:03:32 - [MESSAGE][INFO] - Found 1 web elements with id: 'Object Repository/Page_Recapitulatif_Usager/Btn_ValiderEtTransmettreMaDemande' located by 'By.xpath: //app-demande/div/div[3]/app-actions-bar/div/div[2]/div/div[2]/button/span|//app-demande-ptsq/div/div[3]/app-actions-bar/div/div[2]/div/div[2]/button/span|//app-demande-visiteur/div/div[3]/app-actions-bar/div/div[2]/div/div[2]/button/span|/html/body/app-root/div/app-portal/main/app-theme-v2/div/app-demande-ptch/div/div[3]/app-actions-bar/div/div[2]/div/div[2]/button/span|//div/app-demande-ptinv/div/div[3]/app-actions-bar/div/div[2]/div/div[2]/button/span|//button/span[@class="ui-button-text ui-clickable" and contains(., 'Envoyer la demande')]
' in '5' second(s)

2023-11-23 15:03:32 - [MESSAGE][INFO] - Clicking on object: 'Object Repository/Page_Recapitulatif_Usager/Btn_ValiderEtTransmettreMaDemande'

2023-11-23 15:03:34 - [MESSAGE][PASSED] - Object: 'Object Repository/Page_Recapitulatif_Usager/Btn_ValiderEtTransmettreMaDemande' is clicked on

2023-11-23 15:03:35 - [TEST_STEP][PASSED] - delay(30): Delayed 30 second(s)

2023-11-23 15:03:35 - [MESSAGE][INFO] - Delaying browser in 30 second(s)

2023-11-23 15:04:05 - [MESSAGE][PASSED] - Delayed 30 second(s)

2023-11-23 15:04:05 - [MESSAGE][PASSED] - Call Test Case 'Test Cases/Test Reutilisable/DemandeOuRenouvelle_TitreSejour/FormulaireRecapitulatif' successfully

2023-11-23 15:04:05 - [TEST_STEP][PASSED] - callTestCase(findTestCase("Test Reutilisable/DemandeOuRenouvelle_TitreSejour/FormulaireConfirmation"), ["NumEtrangerVisa":NumEtrangerVisa, "TypeTitreDeSejour":TypeTitreDeSejour], STOP_ON_FAILURE): Call Test Case 'Test Cases/Test Reutilisable/DemandeOuRenouvelle_TitreSejour/FormulaireConfirmation' successfully

2023-11-23 15:04:05 - [MESSAGE][INFO] - Checking called Test Case

2023-11-23 15:04:05 - [MESSAGE][INFO] - Starting to call Test Case 'Test Cases/Test Reutilisable/DemandeOuRenouvelle_TitreSejour/FormulaireConfirmation'

2023-11-23 15:04:05 - [TEST_CASE][PASSED] - Test Cases/Test Reutilisable/DemandeOuRenouvelle_TitreSejour/FormulaireConfirmation: Test Cases/Test Reutilisable/DemandeOuRenouvelle_TitreSejour/FormulaireConfirmation

2023-11-23 15:04:11 - [TEST_STEP][PASSED] - com.kazurayam.ksbackyard.HighlightElement.pandemic(): com.kazurayam.ksbackyard.HighlightElement.pandemic is PASSED

2023-11-23 15:04:11 - [MESSAGE][PASSED] - com.kazurayam.ksbackyard.HighlightElement.pandemic is PASSED

2023-11-23 15:04:11 - [TEST_STEP][PASSED] - click(findTestObject("Object Repository/Page_Accueil_Agent/EspacePerso/link_EspacePerso")): Object: 'Object Repository/Page_Accueil_Agent/EspacePerso/link_EspacePerso' is clicked on

2023-11-23 15:04:11 - [MESSAGE][INFO] - Finding Test Object 'Object Repository/Page_Accueil_Agent/EspacePerso/link_EspacePerso'

2023-11-23 15:04:11 - [MESSAGE][INFO] - Checking timeout

2023-11-23 15:04:11 - [MESSAGE][INFO] - Finding web element with id: 'Object Repository/Page_Accueil_Agent/EspacePerso/link_EspacePerso' located by 'By.xpath: //*[@id="navBar-new"]/nav/div[3]/div/div/ul/li[3]/a/span[2]' in '20' second(s)

2023-11-23 15:04:11 - [MESSAGE][INFO] - Smart Wait Function is triggered

2023-11-23 15:04:11 - [MESSAGE][INFO] - Found 1 web elements with id: 'Object Repository/Page_Accueil_Agent/EspacePerso/link_EspacePerso' located by 'By.xpath: //*[@id="navBar-new"]/nav/div[3]/div/div/ul/li[3]/a/span[2]' in '20' second(s)

2023-11-23 15:04:11 - [MESSAGE][INFO] - Checking object

2023-11-23 15:04:11 - [MESSAGE][INFO] - Checking timeout

2023-11-23 15:04:11 - [MESSAGE][INFO] - Finding web element from Test Object's properties

2023-11-23 15:04:11 - [MESSAGE][INFO] - Checking timeout

2023-11-23 15:04:11 - [MESSAGE][INFO] - Finding web element with id: 'Object Repository/Page_Accueil_Agent/EspacePerso/link_EspacePerso' located by 'By.xpath: //*[@id="navBar-new"]/nav/div[3]/div/div/ul/li[3]/a/span[2]' in '5' second(s)

2023-11-23 15:04:11 - [MESSAGE][INFO] - Smart Wait Function is triggered

2023-11-23 15:04:11 - [MESSAGE][INFO] - Found 1 web elements with id: 'Object Repository/Page_Accueil_Agent/EspacePerso/link_EspacePerso' located by 'By.xpath: //*[@id="navBar-new"]/nav/div[3]/div/div/ul/li[3]/a/span[2]' in '5' second(s)

2023-11-23 15:04:11 - [MESSAGE][INFO] - Clicking on object: 'Object Repository/Page_Accueil_Agent/EspacePerso/link_EspacePerso'

2023-11-23 15:04:13 - [MESSAGE][PASSED] - Object: 'Object Repository/Page_Accueil_Agent/EspacePerso/link_EspacePerso' is clicked on

2023-11-23 15:04:13 - [TEST_STEP][PASSED] - click(findTestObject("Object Repository/Page_Accueil_Agent/EspacePerso/link_MonCompte")): Object: 'Object Repository/Page_Accueil_Agent/EspacePerso/link_MonCompte' is clicked on

2023-11-23 15:04:13 - [MESSAGE][INFO] - Finding Test Object 'Object Repository/Page_Accueil_Agent/EspacePerso/link_MonCompte'

2023-11-23 15:04:13 - [MESSAGE][INFO] - Checking timeout

2023-11-23 15:04:13 - [MESSAGE][INFO] - Finding web element with id: 'Object Repository/Page_Accueil_Agent/EspacePerso/link_MonCompte' located by 'By.xpath: //*[@id="logoutSubMenu"]/li[1]/a' in '20' second(s)

2023-11-23 15:04:13 - [MESSAGE][INFO] - Smart Wait Function is triggered

2023-11-23 15:04:13 - [MESSAGE][INFO] - Found 1 web elements with id: 'Object Repository/Page_Accueil_Agent/EspacePerso/link_MonCompte' located by 'By.xpath: //*[@id="logoutSubMenu"]/li[1]/a' in '20' second(s)

2023-11-23 15:04:13 - [MESSAGE][INFO] - Checking object

2023-11-23 15:04:13 - [MESSAGE][INFO] - Checking timeout

2023-11-23 15:04:13 - [MESSAGE][INFO] - Finding web element from Test Object's properties

2023-11-23 15:04:13 - [MESSAGE][INFO] - Checking timeout

2023-11-23 15:04:13 - [MESSAGE][INFO] - Finding web element with id: 'Object Repository/Page_Accueil_Agent/EspacePerso/link_MonCompte' located by 'By.xpath: //*[@id="logoutSubMenu"]/li[1]/a' in '5' second(s)

2023-11-23 15:04:13 - [MESSAGE][INFO] - Smart Wait Function is triggered

2023-11-23 15:04:13 - [MESSAGE][INFO] - Found 1 web elements with id: 'Object Repository/Page_Accueil_Agent/EspacePerso/link_MonCompte' located by 'By.xpath: //*[@id="logoutSubMenu"]/li[1]/a' in '5' second(s)

2023-11-23 15:04:13 - [MESSAGE][INFO] - Clicking on object: 'Object Repository/Page_Accueil_Agent/EspacePerso/link_MonCompte'

2023-11-23 15:04:15 - [MESSAGE][PASSED] - Object: 'Object Repository/Page_Accueil_Agent/EspacePerso/link_MonCompte' is clicked on

2023-11-23 15:04:15 - [TEST_STEP][PASSED] - SuividemandeNumEtranger = getText(findTestObject("Object Repository/Page_Accueil_Agent/EspacePerso/td_SuiviDemandeNumEtranger")): Text of object 'Object Repository/Page_Accueil_Agent/EspacePerso/td_SuiviDemandeNumEtranger' is: '7703040872'

2023-11-23 15:04:15 - [MESSAGE][INFO] - Finding Test Object 'Object Repository/Page_Accueil_Agent/EspacePerso/td_SuiviDemandeNumEtranger'

2023-11-23 15:04:15 - [MESSAGE][INFO] - Checking object

2023-11-23 15:04:15 - [MESSAGE][INFO] - Finding web element from Test Object's properties

2023-11-23 15:04:15 - [MESSAGE][INFO] - Checking timeout

2023-11-23 15:04:15 - [MESSAGE][INFO] - Finding web element with id: 'Object Repository/Page_Accueil_Agent/EspacePerso/td_SuiviDemandeNumEtranger' located by 'By.xpath: //*/app-ma-demande-sejour/div[1]/table/tbody/tr[1]/td[3]' in '5' second(s)

2023-11-23 15:04:15 - [MESSAGE][INFO] - Smart Wait Function is triggered

2023-11-23 15:04:15 - [MESSAGE][INFO] - Smart Wait Function is triggered

2023-11-23 15:04:15 - [MESSAGE][INFO] - Smart Wait Function is triggered

2023-11-23 15:04:15 - [MESSAGE][INFO] - Smart Wait Function is triggered

2023-11-23 15:04:15 - [MESSAGE][INFO] - Smart Wait Function is triggered

2023-11-23 15:04:15 - [MESSAGE][INFO] - Smart Wait Function is triggered

2023-11-23 15:04:16 - [MESSAGE][INFO] - Smart Wait Function is triggered

2023-11-23 15:04:16 - [MESSAGE][INFO] - Smart Wait Function is triggered

2023-11-23 15:04:16 - [MESSAGE][INFO] - Smart Wait Function is triggered

2023-11-23 15:04:16 - [MESSAGE][INFO] - Smart Wait Function is triggered

2023-11-23 15:04:16 - [MESSAGE][INFO] - Smart Wait Function is triggered

2023-11-23 15:04:16 - [MESSAGE][INFO] - Smart Wait Function is triggered

2023-11-23 15:04:16 - [MESSAGE][INFO] - Smart Wait Function is triggered

2023-11-23 15:04:16 - [MESSAGE][INFO] - Smart Wait Function is triggered

2023-11-23 15:04:16 - [MESSAGE][INFO] - Smart Wait Function is triggered

2023-11-23 15:04:16 - [MESSAGE][INFO] - Smart Wait Function is triggered

2023-11-23 15:04:16 - [MESSAGE][INFO] - Smart Wait Function is triggered

2023-11-23 15:04:16 - [MESSAGE][INFO] - Smart Wait Function is triggered

2023-11-23 15:04:16 - [MESSAGE][INFO] - Smart Wait Function is triggered

2023-11-23 15:04:16 - [MESSAGE][INFO] - Smart Wait Function is triggered

2023-11-23 15:04:16 - [MESSAGE][INFO] - Smart Wait Function is triggered

2023-11-23 15:04:16 - [MESSAGE][INFO] - Smart Wait Function is triggered

2023-11-23 15:04:16 - [MESSAGE][INFO] - Smart Wait Function is triggered

2023-11-23 15:04:16 - [MESSAGE][INFO] - Smart Wait Function is triggered

2023-11-23 15:04:16 - [MESSAGE][INFO] - Smart Wait Function is triggered

2023-11-23 15:04:16 - [MESSAGE][INFO] - Smart Wait Function is triggered

2023-11-23 15:04:16 - [MESSAGE][INFO] - Smart Wait Function is triggered

2023-11-23 15:04:16 - [MESSAGE][INFO] - Smart Wait Function is triggered

2023-11-23 15:04:16 - [MESSAGE][INFO] - Smart Wait Function is triggered

2023-11-23 15:04:16 - [MESSAGE][INFO] - Smart Wait Function is triggered

2023-11-23 15:04:16 - [MESSAGE][INFO] - Smart Wait Function is triggered

2023-11-23 15:04:16 - [MESSAGE][INFO] - Smart Wait Function is triggered

2023-11-23 15:04:16 - [MESSAGE][INFO] - Smart Wait Function is triggered

2023-11-23 15:04:16 - [MESSAGE][INFO] - Smart Wait Function is triggered

2023-11-23 15:04:16 - [MESSAGE][INFO] - Smart Wait Function is triggered

2023-11-23 15:04:16 - [MESSAGE][INFO] - Smart Wait Function is triggered

2023-11-23 15:04:16 - [MESSAGE][INFO] - Found 1 web elements with id: 'Object Repository/Page_Accueil_Agent/EspacePerso/td_SuiviDemandeNumEtranger' located by 'By.xpath: //*/app-ma-demande-sejour/div[1]/table/tbody/tr[1]/td[3]' in '5' second(s)

2023-11-23 15:04:16 - [MESSAGE][INFO] - Getting text of object 'Object Repository/Page_Accueil_Agent/EspacePerso/td_SuiviDemandeNumEtranger'

2023-11-23 15:04:16 - [MESSAGE][PASSED] - Text of object 'Object Repository/Page_Accueil_Agent/EspacePerso/td_SuiviDemandeNumEtranger' is: '7703040872'

2023-11-23 15:04:16 - [TEST_STEP][PASSED] - SuiviTypeDeSejour = getText(findTestObject("Object Repository/Page_Accueil_Agent/EspacePerso/td_TypeDeSejour")): Text of object 'Object Repository/Page_Accueil_Agent/EspacePerso/td_TypeDeSejour' is: 'Demande de titre passeport talent'

2023-11-23 15:04:16 - [MESSAGE][INFO] - Finding Test Object 'Object Repository/Page_Accueil_Agent/EspacePerso/td_TypeDeSejour'

2023-11-23 15:04:17 - [MESSAGE][INFO] - Checking object

2023-11-23 15:04:17 - [MESSAGE][INFO] - Finding web element from Test Object's properties

2023-11-23 15:04:17 - [MESSAGE][INFO] - Checking timeout

2023-11-23 15:04:17 - [MESSAGE][INFO] - Finding web element with id: 'Object Repository/Page_Accueil_Agent/EspacePerso/td_TypeDeSejour' located by 'By.xpath: //*/app-ma-demande-sejour/div[1]/table/tbody/tr[1]/td[2]' in '5' second(s)

2023-11-23 15:04:17 - [MESSAGE][INFO] - Smart Wait Function is triggered

2023-11-23 15:04:17 - [MESSAGE][INFO] - Found 1 web elements with id: 'Object Repository/Page_Accueil_Agent/EspacePerso/td_TypeDeSejour' located by 'By.xpath: //*/app-ma-demande-sejour/div[1]/table/tbody/tr[1]/td[2]' in '5' second(s)

2023-11-23 15:04:17 - [MESSAGE][INFO] - Getting text of object 'Object Repository/Page_Accueil_Agent/EspacePerso/td_TypeDeSejour'

2023-11-23 15:04:17 - [MESSAGE][PASSED] - Text of object 'Object Repository/Page_Accueil_Agent/EspacePerso/td_TypeDeSejour' is: 'Demande de titre passeport talent'

2023-11-23 15:04:17 - [TEST_STEP][PASSED] - if (SuividemandeNumEtranger == NumEtrangerVisa): Le Type Titre De Sejour est :Demande de titre passeport talent=ChercheurEtChercheurEnMobilite

2023-11-23 15:04:17 - [TEST_STEP][PASSED] - markPassed("Le NumÃ©ro Etrangr est :" + NumEtrangerVisa + "=" + SuividemandeNumEtranger): Le NumÃ©ro Etrangr est :7703040872=7703040872

2023-11-23 15:04:17 - [MESSAGE][PASSED] - Le NumÃ©ro Etrangr est :7703040872=7703040872

2023-11-23 15:04:17 - [TEST_STEP][PASSED] - markPassed("Le Type Titre De Sejour est :" + SuiviTypeDeSejour + "=" + TypeTitreDeSejour): Le Type Titre De Sejour est :Demande de titre passeport talent=ChercheurEtChercheurEnMobilite

2023-11-23 15:04:17 - [MESSAGE][PASSED] - Le Type Titre De Sejour est :Demande de titre passeport talent=ChercheurEtChercheurEnMobilite

2023-11-23 15:04:17 - [TEST_STEP][PASSED] - delay(5): Delayed 5 second(s)

2023-11-23 15:04:17 - [MESSAGE][INFO] - Delaying browser in 5 second(s)

2023-11-23 15:04:22 - [MESSAGE][PASSED] - Delayed 5 second(s)

2023-11-23 15:04:22 - [MESSAGE][PASSED] - Call Test Case 'Test Cases/Test Reutilisable/DemandeOuRenouvelle_TitreSejour/FormulaireConfirmation' successfully

2023-11-23 15:04:25 - [TEST_STEP][PASSED] - Video: Video recording for test case 'Test Cases/Cas D Utilisations/Usager Etudiant/TNR R.TSPT Supp90-Etudiant' .

2023-11-23 15:04:25 - [MESSAGE][INFO] - Video recording for test case 'Test Cases/Cas D Utilisations/Usager Etudiant/TNR R.TSPT Supp90-Etudiant' .]]></system-out>
         <system-err><![CDATA[]]></system-err>
      </testcase>
      <testcase name="Test Cases/Cas D Utilisations/Usager Etudiant/TNR R.TSPT Supp90-Etudiant" time="465.724" classname="Test Cases/Cas D Utilisations/Usager Etudiant/TNR R.TSPT Supp90-Etudiant" status="FAILED">
         <failure type="FAILED" message="Test Cases/Cas D Utilisations/Usager Etudiant/TNR R.TSPT Supp90-Etudiant FAILED.
Reason:
com.kms.katalon.core.exception.StepFailedException: Call Test Case 'Test Cases/Test Reutilisable/DemandeOuRenouvelle_TitreSejour/FormulaireJustificatifs' failed
	at com.kms.katalon.core.keyword.builtin.CallTestCaseKeyword$_callTestCase_closure1.doCall(CallTestCaseKeyword.groovy:63)
	at com.kms.katalon.core.keyword.builtin.CallTestCaseKeyword$_callTestCase_closure1.call(CallTestCaseKeyword.groovy)
	at com.kms.katalon.core.keyword.internal.KeywordMain.runKeyword(KeywordMain.groovy:75)
	at com.kms.katalon.core.keyword.builtin.CallTestCaseKeyword.callTestCase(CallTestCaseKeyword.groovy:81)
	at com.kms.katalon.core.keyword.builtin.CallTestCaseKeyword.execute(CallTestCaseKeyword.groovy:44)
	at com.kms.katalon.core.keyword.internal.KeywordExecutor.executeKeywordForPlatform(KeywordExecutor.groovy:74)
	at com.kms.katalon.core.keyword.BuiltinKeywords.callTestCase(BuiltinKeywords.groovy:310)
	at com.kazurayam.ksbackyard.HighlightElement$_pandemic_closure1.doCall(HighlightElement.groovy:105)
	at TNR R.TSPT Supp90-Etudiant.run(TNR R.TSPT Supp90-Etudiant:62)
	at com.kms.katalon.core.main.ScriptEngine.run(ScriptEngine.java:194)
	at com.kms.katalon.core.main.ScriptEngine.runScriptAsRawText(ScriptEngine.java:119)
	at com.kms.katalon.core.main.TestCaseExecutor.runScript(TestCaseExecutor.java:448)
	at com.kms.katalon.core.main.TestCaseExecutor.doExecute(TestCaseExecutor.java:439)
	at com.kms.katalon.core.main.TestCaseExecutor.processExecutionPhase(TestCaseExecutor.java:418)
	at com.kms.katalon.core.main.TestCaseExecutor.accessMainPhase(TestCaseExecutor.java:410)
	at com.kms.katalon.core.main.TestCaseExecutor.execute(TestCaseExecutor.java:285)
	at com.kms.katalon.core.common.CommonExecutor.accessTestCaseMainPhase(CommonExecutor.java:65)
	at com.kms.katalon.core.main.TestSuiteExecutor.accessTestSuiteMainPhase(TestSuiteExecutor.java:148)
	at com.kms.katalon.core.main.TestSuiteExecutor.execute(TestSuiteExecutor.java:106)
	at com.kms.katalon.core.main.TestCaseMain.startTestSuite(TestCaseMain.java:187)
	at com.kms.katalon.core.main.TestCaseMain$startTestSuite$0.call(Unknown Source)
	at TempTestSuite1700747757013.run(TempTestSuite1700747757013.groovy:36)
Caused by: com.kms.katalon.core.exception.StepFailedException: Unable to set text '1PMTYE991215114515JY05' of object 'Object Repository/Page_Justificatifs_Usager/Input_Numero_Ephoto'
	at com.kms.katalon.core.webui.keyword.internal.WebUIKeywordMain.stepFailed(WebUIKeywordMain.groovy:64)
	at com.kms.katalon.core.webui.keyword.internal.WebUIKeywordMain.runKeyword(WebUIKeywordMain.groovy:26)
	at com.kms.katalon.core.webui.keyword.builtin.SetTextKeyword.setText(SetTextKeyword.groovy:66)
	at com.kms.katalon.core.webui.keyword.builtin.SetTextKeyword.execute(SetTextKeyword.groovy:37)
	at com.kms.katalon.core.keyword.internal.KeywordExecutor.executeKeywordForPlatform(KeywordExecutor.groovy:74)
	at com.kms.katalon.core.webui.keyword.WebUiBuiltInKeywords.setText(WebUiBuiltInKeywords.groovy:980)
	at com.kazurayam.ksbackyard.HighlightElement$_pandemic_closure1.doCall(HighlightElement.groovy:105)
	at FormulaireJustificatifs.run(FormulaireJustificatifs:281)
	at com.kms.katalon.core.main.ScriptEngine.run(ScriptEngine.java:194)
	at com.kms.katalon.core.main.ScriptEngine.runScriptAsRawText(ScriptEngine.java:119)
	at com.kms.katalon.core.main.TestCaseExecutor.runScript(TestCaseExecutor.java:448)
	at com.kms.katalon.core.main.TestCaseExecutor.doExecute(TestCaseExecutor.java:439)
	at com.kms.katalon.core.main.TestCaseExecutor.processExecutionPhase(TestCaseExecutor.java:418)
	at com.kms.katalon.core.main.TestCaseExecutor.accessMainPhase(TestCaseExecutor.java:410)
	at com.kms.katalon.core.main.TestCaseExecutor.execute(TestCaseExecutor.java:285)
	at com.kms.katalon.core.main.TestCaseMain.runTestCase(TestCaseMain.java:144)
	at com.kms.katalon.core.keyword.builtin.CallTestCaseKeyword$_callTestCase_closure1.doCall(CallTestCaseKeyword.groovy:59)
	... 21 more
Caused by: com.kms.katalon.core.webui.exception.WebElementNotFoundException: Web element with id: 'Object Repository/Page_Justificatifs_Usager/Input_Numero_Ephoto' located by '//*[@aria-labelledby=&quot;PHOTO_NUMBER-label&quot; and @type =&quot;text&quot;]|//*[@aria-labelledby=&quot;PHOTO_IDENTITE-label&quot; and @type =&quot;text&quot;]' not found
	at com.kms.katalon.core.webui.common.WebUiCommonHelper.findWebElement(WebUiCommonHelper.java:1381)
	at com.kms.katalon.core.webui.keyword.internal.WebUIAbstractKeyword.findWebElement(WebUIAbstractKeyword.groovy:27)
	at com.kms.katalon.core.webui.keyword.internal.WebUIAbstractKeyword.findWebElement(WebUIAbstractKeyword.groovy:26)
	at com.kms.katalon.core.webui.keyword.builtin.SetTextKeyword$_setText_closure1.doCall(SetTextKeyword.groovy:51)
	at com.kms.katalon.core.webui.keyword.builtin.SetTextKeyword$_setText_closure1.call(SetTextKeyword.groovy)
	at com.kms.katalon.core.webui.keyword.internal.WebUIKeywordMain.runKeyword(WebUIKeywordMain.groovy:20)
	... 36 more
"/>
         <system-out><![CDATA[2023-11-23 15:04:25 - [TEST_CASE][FAILED] - Test Cases/Cas D Utilisations/Usager Etudiant/TNR R.TSPT Supp90-Etudiant: Test Cases/Cas D Utilisations/Usager Etudiant/TNR R.TSPT Supp90-Etudiant FAILED.
Reason:
com.kms.katalon.core.exception.StepFailedException: Call Test Case 'Test Cases/Test Reutilisable/DemandeOuRenouvelle_TitreSejour/FormulaireJustificatifs' failed
	at com.kms.katalon.core.keyword.builtin.CallTestCaseKeyword$_callTestCase_closure1.doCall(CallTestCaseKeyword.groovy:63)
	at com.kms.katalon.core.keyword.builtin.CallTestCaseKeyword$_callTestCase_closure1.call(CallTestCaseKeyword.groovy)
	at com.kms.katalon.core.keyword.internal.KeywordMain.runKeyword(KeywordMain.groovy:75)
	at com.kms.katalon.core.keyword.builtin.CallTestCaseKeyword.callTestCase(CallTestCaseKeyword.groovy:81)
	at com.kms.katalon.core.keyword.builtin.CallTestCaseKeyword.execute(CallTestCaseKeyword.groovy:44)
	at com.kms.katalon.core.keyword.internal.KeywordExecutor.executeKeywordForPlatform(KeywordExecutor.groovy:74)
	at com.kms.katalon.core.keyword.BuiltinKeywords.callTestCase(BuiltinKeywords.groovy:310)
	at com.kazurayam.ksbackyard.HighlightElement$_pandemic_closure1.doCall(HighlightElement.groovy:105)
	at TNR R.TSPT Supp90-Etudiant.run(TNR R.TSPT Supp90-Etudiant:62)
	at com.kms.katalon.core.main.ScriptEngine.run(ScriptEngine.java:194)
	at com.kms.katalon.core.main.ScriptEngine.runScriptAsRawText(ScriptEngine.java:119)
	at com.kms.katalon.core.main.TestCaseExecutor.runScript(TestCaseExecutor.java:448)
	at com.kms.katalon.core.main.TestCaseExecutor.doExecute(TestCaseExecutor.java:439)
	at com.kms.katalon.core.main.TestCaseExecutor.processExecutionPhase(TestCaseExecutor.java:418)
	at com.kms.katalon.core.main.TestCaseExecutor.accessMainPhase(TestCaseExecutor.java:410)
	at com.kms.katalon.core.main.TestCaseExecutor.execute(TestCaseExecutor.java:285)
	at com.kms.katalon.core.common.CommonExecutor.accessTestCaseMainPhase(CommonExecutor.java:65)
	at com.kms.katalon.core.main.TestSuiteExecutor.accessTestSuiteMainPhase(TestSuiteExecutor.java:148)
	at com.kms.katalon.core.main.TestSuiteExecutor.execute(TestSuiteExecutor.java:106)
	at com.kms.katalon.core.main.TestCaseMain.startTestSuite(TestCaseMain.java:187)
	at com.kms.katalon.core.main.TestCaseMain$startTestSuite$0.call(Unknown Source)
	at TempTestSuite1700747757013.run(TempTestSuite1700747757013.groovy:36)
Caused by: com.kms.katalon.core.exception.StepFailedException: Unable to set text '1PMTYE991215114515JY05' of object 'Object Repository/Page_Justificatifs_Usager/Input_Numero_Ephoto'
	at com.kms.katalon.core.webui.keyword.internal.WebUIKeywordMain.stepFailed(WebUIKeywordMain.groovy:64)
	at com.kms.katalon.core.webui.keyword.internal.WebUIKeywordMain.runKeyword(WebUIKeywordMain.groovy:26)
	at com.kms.katalon.core.webui.keyword.builtin.SetTextKeyword.setText(SetTextKeyword.groovy:66)
	at com.kms.katalon.core.webui.keyword.builtin.SetTextKeyword.execute(SetTextKeyword.groovy:37)
	at com.kms.katalon.core.keyword.internal.KeywordExecutor.executeKeywordForPlatform(KeywordExecutor.groovy:74)
	at com.kms.katalon.core.webui.keyword.WebUiBuiltInKeywords.setText(WebUiBuiltInKeywords.groovy:980)
	at com.kazurayam.ksbackyard.HighlightElement$_pandemic_closure1.doCall(HighlightElement.groovy:105)
	at FormulaireJustificatifs.run(FormulaireJustificatifs:281)
	at com.kms.katalon.core.main.ScriptEngine.run(ScriptEngine.java:194)
	at com.kms.katalon.core.main.ScriptEngine.runScriptAsRawText(ScriptEngine.java:119)
	at com.kms.katalon.core.main.TestCaseExecutor.runScript(TestCaseExecutor.java:448)
	at com.kms.katalon.core.main.TestCaseExecutor.doExecute(TestCaseExecutor.java:439)
	at com.kms.katalon.core.main.TestCaseExecutor.processExecutionPhase(TestCaseExecutor.java:418)
	at com.kms.katalon.core.main.TestCaseExecutor.accessMainPhase(TestCaseExecutor.java:410)
	at com.kms.katalon.core.main.TestCaseExecutor.execute(TestCaseExecutor.java:285)
	at com.kms.katalon.core.main.TestCaseMain.runTestCase(TestCaseMain.java:144)
	at com.kms.katalon.core.keyword.builtin.CallTestCaseKeyword$_callTestCase_closure1.doCall(CallTestCaseKeyword.groovy:59)
	... 21 more
Caused by: com.kms.katalon.core.webui.exception.WebElementNotFoundException: Web element with id: 'Object Repository/Page_Justificatifs_Usager/Input_Numero_Ephoto' located by '//*[@aria-labelledby="PHOTO_NUMBER-label" and @type ="text"]|//*[@aria-labelledby="PHOTO_IDENTITE-label" and @type ="text"]' not found
	at com.kms.katalon.core.webui.common.WebUiCommonHelper.findWebElement(WebUiCommonHelper.java:1381)
	at com.kms.katalon.core.webui.keyword.internal.WebUIAbstractKeyword.findWebElement(WebUIAbstractKeyword.groovy:27)
	at com.kms.katalon.core.webui.keyword.internal.WebUIAbstractKeyword.findWebElement(WebUIAbstractKeyword.groovy:26)
	at com.kms.katalon.core.webui.keyword.builtin.SetTextKeyword$_setText_closure1.doCall(SetTextKeyword.groovy:51)
	at com.kms.katalon.core.webui.keyword.builtin.SetTextKeyword$_setText_closure1.call(SetTextKeyword.groovy)
	at com.kms.katalon.core.webui.keyword.internal.WebUIKeywordMain.runKeyword(WebUIKeywordMain.groovy:20)
	... 36 more


2023-11-23 15:04:25 - [TEST_STEP][PASSED] - com.kazurayam.ksbackyard.HighlightElement.pandemic(): com.kazurayam.ksbackyard.HighlightElement.pandemic is PASSED

2023-11-23 15:04:25 - [MESSAGE][PASSED] - com.kazurayam.ksbackyard.HighlightElement.pandemic is PASSED

2023-11-23 15:04:25 - [TEST_STEP][PASSED] - callTestCase(findTestCase("Test Reutilisable/Main/Lancer URL ANEF"), ["Profiles":"Usager", "EnvExec":EnvExec], STOP_ON_FAILURE): Call Test Case 'Test Cases/Test Reutilisable/Main/Lancer URL ANEF' successfully

2023-11-23 15:04:25 - [MESSAGE][INFO] - Checking called Test Case

2023-11-23 15:04:25 - [MESSAGE][INFO] - Starting to call Test Case 'Test Cases/Test Reutilisable/Main/Lancer URL ANEF'

2023-11-23 15:04:25 - [TEST_CASE][PASSED] - Test Cases/Test Reutilisable/Main/Lancer URL ANEF: Test Cases/Test Reutilisable/Main/Lancer URL ANEF

2023-11-23 15:04:25 - [TEST_STEP][PASSED] - "RunConfiguration: getProjectDir for LogDriver ": null

2023-11-23 15:04:25 - [TEST_STEP][PASSED] - RunBrowserConfiguration = getExecutionProperties(): null

2023-11-23 15:04:25 - [TEST_STEP][PASSED] - DriverName = "": null

2023-11-23 15:04:25 - [TEST_STEP][PASSED] - openBrowser(""): Browser is opened with url: ''

2023-11-23 15:04:25 - [MESSAGE][INFO] - Opening browser

2023-11-23 15:04:25 - [MESSAGE][WARNING] - A browser is already opened. Closing browser and opening a new one

2023-11-23 15:04:26 - [MESSAGE][INFO] - Starting 'Chrome' driver

2023-11-23 15:04:26 - [MESSAGE][INFO] - User set preference: ['args', '[--incognito, --start-maximized, --remote-allow-origins=*]']

2023-11-23 15:04:26 - [MESSAGE][INFO] - User set preference: ['prefs', '{download.default_directory=${GlobalVariable.downloadPath}, download_dir=${GlobalVariable.downloadPath}, download.prompt_for_download=false}']

2023-11-23 15:04:26 - [MESSAGE][INFO] - User set preference: ['loggingPrefs', '{browser=ALL}']

2023-11-23 15:04:26 - [MESSAGE][INFO] - Action delay is set to 2Â 000 milliseconds

2023-11-23 15:04:28 - [MESSAGE][PASSED] - Browser is opened with url: ''

2023-11-23 15:04:28 - [TEST_STEP][PASSED] - driver = getWebDriver(): null

2023-11-23 15:04:28 - [TEST_STEP][PASSED] - wrappedDriver = driver.getWrappedDriver(): null

2023-11-23 15:04:28 - [TEST_STEP][PASSED] - out.println(wrappedDriver.getClass()): null

2023-11-23 15:04:28 - [TEST_STEP][PASSED] - if (class == com.kms.katalon.selenium.driver.CRemoteWebDriver): null

2023-11-23 15:04:28 - [TEST_STEP][PASSED] - else: null

2023-11-23 15:04:28 - [TEST_STEP][PASSED] - DriverName = get("WebUI").get("browserType"): null

2023-11-23 15:04:28 - [TEST_STEP][PASSED] - println("DriverName :" + DriverName): null

2023-11-23 15:04:28 - [TEST_STEP][PASSED] - println("Driverpath :" + RunBrowserConfiguration.get("drivers")): null

2023-11-23 15:04:28 - [TEST_STEP][PASSED] - DriverName = DriverName: null

2023-11-23 15:04:28 - [TEST_STEP][PASSED] - delay(medium_wait): Delayed 3 second(s)

2023-11-23 15:04:28 - [MESSAGE][INFO] - Delaying browser in 3 second(s)

2023-11-23 15:04:31 - [MESSAGE][PASSED] - Delayed 3 second(s)

2023-11-23 15:04:31 - [TEST_STEP][PASSED] - executedBrowser = getExecutedBrowser(): null

2023-11-23 15:04:31 - [TEST_STEP][PASSED] - if (Profiles == "Usager"): null

2023-11-23 15:04:31 - [TEST_STEP][PASSED] - switch (DriverName): null

2023-11-23 15:04:31 - [TEST_STEP][PASSED] - case "CHROME_DRIVER":: null

2023-11-23 15:04:31 - [TEST_STEP][PASSED] - if (EnvExec == "URL_ANEFQualif"): null

2023-11-23 15:04:31 - [TEST_STEP][PASSED] - if (EnvExec == "URL_ANEFPreProd"): Navigate to 'https://preprod.administration-etrangers-en-france.interieur.gouv.fr/particuliers/#/' successfully

2023-11-23 15:04:31 - [TEST_STEP][PASSED] - navigateToUrl(URL_ANEFPreProd): Navigate to 'https://preprod.administration-etrangers-en-france.interieur.gouv.fr/particuliers/#/' successfully

2023-11-23 15:04:31 - [MESSAGE][INFO] - Checking url

2023-11-23 15:04:31 - [MESSAGE][INFO] - Navigating to 'https://preprod.administration-etrangers-en-france.interieur.gouv.fr/particuliers/#/'

2023-11-23 15:04:49 - [MESSAGE][PASSED] - Navigate to 'https://preprod.administration-etrangers-en-france.interieur.gouv.fr/particuliers/#/' successfully

2023-11-23 15:04:49 - [TEST_STEP][PASSED] - maximizeWindow(): Current window maximized

2023-11-23 15:04:49 - [MESSAGE][INFO] - Maximizing current window

2023-11-23 15:04:49 - [MESSAGE][PASSED] - Current window maximized

2023-11-23 15:04:49 - [TEST_STEP][PASSED] - System.setProperty("webdriver.chrome.driver", getChromeDriverPath()): null

2023-11-23 15:04:49 - [TEST_STEP][PASSED] - System.setProperty("webdriver.chrome.logfile", getProjectDir() + "/Dump/chromedriver.log"): null

2023-11-23 15:04:49 - [TEST_STEP][PASSED] - callTestCase(findTestCase("Test Reutilisable/Main/Erreur lie a la confidentialite"), [:], STOP_ON_FAILURE): Call Test Case 'Test Cases/Test Reutilisable/Main/Erreur lie a la confidentialite' successfully

2023-11-23 15:04:49 - [MESSAGE][INFO] - Checking called Test Case

2023-11-23 15:04:49 - [MESSAGE][INFO] - Starting to call Test Case 'Test Cases/Test Reutilisable/Main/Erreur lie a la confidentialite'

2023-11-23 15:04:49 - [TEST_CASE][PASSED] - Test Cases/Test Reutilisable/Main/Erreur lie a la confidentialite: Test Cases/Test Reutilisable/Main/Erreur lie a la confidentialite

2023-11-23 15:04:49 - [TEST_STEP][PASSED] - tools.WaitForLoadedPage.waitForElementRendering(): tools.WaitForLoadedPage.waitForElementRendering is PASSED

2023-11-23 15:04:49 - [MESSAGE][PASSED] - tools.WaitForLoadedPage.waitForElementRendering is PASSED

2023-11-23 15:04:49 - [TEST_STEP][PASSED] - "Call Highlight.on() automatically": null

2023-11-23 15:04:49 - [TEST_STEP][PASSED] - DriverName = DriverName: null

2023-11-23 15:04:49 - [TEST_STEP][PASSED] - if (DriverName == "CHROME_DRIVER" || "EDGE_CHROMIUM_DRIVER" || "HEADLESS_DRIVER"): null

2023-11-23 15:04:49 - [TEST_STEP][PASSED] - if (verifyElementPresent(findTestObject("Object Repository/Connexion Usager/Btn_Parametres Avances"), 2, OPTIONAL)): null

2023-11-23 15:04:49 - [MESSAGE][INFO] - Finding Test Object 'Object Repository/Connexion Usager/Btn_Parametres Avances'

2023-11-23 15:04:49 - [MESSAGE][INFO] - Checking object

2023-11-23 15:04:49 - [MESSAGE][INFO] - Finding web element from Test Object's properties

2023-11-23 15:04:49 - [MESSAGE][INFO] - Checking timeout

2023-11-23 15:04:49 - [MESSAGE][INFO] - Finding web element with id: 'Object Repository/Connexion Usager/Btn_Parametres Avances' located by 'By.xpath: //*[@id="details-button"]' in '2' second(s)

2023-11-23 15:04:49 - [MESSAGE][INFO] - Smart Wait Function is triggered

2023-11-23 15:04:49 - [MESSAGE][INFO] - Found 1 web elements with id: 'Object Repository/Connexion Usager/Btn_Parametres Avances' located by 'By.xpath: //*[@id="details-button"]' in '2' second(s)

2023-11-23 15:04:49 - [MESSAGE][PASSED] - Object 'Object Repository/Connexion Usager/Btn_Parametres Avances' is present

2023-11-23 15:04:49 - [TEST_STEP][PASSED] - click(findTestObject("Object Repository/Connexion Usager/Btn_Parametres Avances"), OPTIONAL): Object: 'Object Repository/Connexion Usager/Btn_Parametres Avances' is clicked on

2023-11-23 15:04:49 - [MESSAGE][INFO] - Finding Test Object 'Object Repository/Connexion Usager/Btn_Parametres Avances'

2023-11-23 15:04:50 - [MESSAGE][INFO] - Checking timeout

2023-11-23 15:04:50 - [MESSAGE][INFO] - Finding web element with id: 'Object Repository/Connexion Usager/Btn_Parametres Avances' located by 'By.xpath: //*[@id="details-button"]' in '20' second(s)

2023-11-23 15:04:50 - [MESSAGE][INFO] - Smart Wait Function is triggered

2023-11-23 15:04:50 - [MESSAGE][INFO] - Found 1 web elements with id: 'Object Repository/Connexion Usager/Btn_Parametres Avances' located by 'By.xpath: //*[@id="details-button"]' in '20' second(s)

2023-11-23 15:04:50 - [MESSAGE][INFO] - Checking object

2023-11-23 15:04:50 - [MESSAGE][INFO] - Checking timeout

2023-11-23 15:04:50 - [MESSAGE][INFO] - Finding web element from Test Object's properties

2023-11-23 15:04:50 - [MESSAGE][INFO] - Checking timeout

2023-11-23 15:04:50 - [MESSAGE][INFO] - Finding web element with id: 'Object Repository/Connexion Usager/Btn_Parametres Avances' located by 'By.xpath: //*[@id="details-button"]' in '5' second(s)

2023-11-23 15:04:50 - [MESSAGE][INFO] - Smart Wait Function is triggered

2023-11-23 15:04:50 - [MESSAGE][INFO] - Found 1 web elements with id: 'Object Repository/Connexion Usager/Btn_Parametres Avances' located by 'By.xpath: //*[@id="details-button"]' in '5' second(s)

2023-11-23 15:04:50 - [MESSAGE][INFO] - Clicking on object: 'Object Repository/Connexion Usager/Btn_Parametres Avances'

2023-11-23 15:04:52 - [MESSAGE][PASSED] - Object: 'Object Repository/Connexion Usager/Btn_Parametres Avances' is clicked on

2023-11-23 15:04:52 - [TEST_STEP][PASSED] - click(findTestObject("Object Repository/Connexion Usager/Link_Proceed-Link"), OPTIONAL): Object: 'Object Repository/Connexion Usager/Link_Proceed-Link' is clicked on

2023-11-23 15:04:52 - [MESSAGE][INFO] - Finding Test Object 'Object Repository/Connexion Usager/Link_Proceed-Link'

2023-11-23 15:04:52 - [MESSAGE][INFO] - Checking timeout

2023-11-23 15:04:52 - [MESSAGE][INFO] - Finding web element with id: 'Object Repository/Connexion Usager/Link_Proceed-Link' located by 'By.xpath: //*[@id="proceed-link"]' in '20' second(s)

2023-11-23 15:04:52 - [MESSAGE][INFO] - Smart Wait Function is triggered

2023-11-23 15:04:52 - [MESSAGE][INFO] - Found 1 web elements with id: 'Object Repository/Connexion Usager/Link_Proceed-Link' located by 'By.xpath: //*[@id="proceed-link"]' in '20' second(s)

2023-11-23 15:04:52 - [MESSAGE][INFO] - Checking object

2023-11-23 15:04:52 - [MESSAGE][INFO] - Checking timeout

2023-11-23 15:04:52 - [MESSAGE][INFO] - Finding web element from Test Object's properties

2023-11-23 15:04:52 - [MESSAGE][INFO] - Checking timeout

2023-11-23 15:04:52 - [MESSAGE][INFO] - Finding web element with id: 'Object Repository/Connexion Usager/Link_Proceed-Link' located by 'By.xpath: //*[@id="proceed-link"]' in '5' second(s)

2023-11-23 15:04:52 - [MESSAGE][INFO] - Smart Wait Function is triggered

2023-11-23 15:04:52 - [MESSAGE][INFO] - Found 1 web elements with id: 'Object Repository/Connexion Usager/Link_Proceed-Link' located by 'By.xpath: //*[@id="proceed-link"]' in '5' second(s)

2023-11-23 15:04:52 - [MESSAGE][INFO] - Clicking on object: 'Object Repository/Connexion Usager/Link_Proceed-Link'

2023-11-23 15:04:55 - [MESSAGE][PASSED] - Object: 'Object Repository/Connexion Usager/Link_Proceed-Link' is clicked on

2023-11-23 15:04:55 - [TEST_STEP][PASSED] - if (DriverName == "IE_DRIVER"): null

2023-11-23 15:04:55 - [TEST_STEP][PASSED] - delay(3): Delayed 3 second(s)

2023-11-23 15:04:55 - [MESSAGE][INFO] - Delaying browser in 3 second(s)

2023-11-23 15:04:58 - [MESSAGE][PASSED] - Delayed 3 second(s)

2023-11-23 15:04:58 - [MESSAGE][PASSED] - Call Test Case 'Test Cases/Test Reutilisable/Main/Erreur lie a la confidentialite' successfully

2023-11-23 15:04:58 - [TEST_STEP][PASSED] - delay(5): Delayed 5 second(s)

2023-11-23 15:04:58 - [MESSAGE][INFO] - Delaying browser in 5 second(s)

2023-11-23 15:05:03 - [MESSAGE][PASSED] - Delayed 5 second(s)

2023-11-23 15:05:03 - [TEST_STEP][PASSED] - verifyElementVisible(findTestObject("Object Repository/Connexion Usager/Link_Se Connecter"), STOP_ON_FAILURE): Object 'Object Repository/Connexion Usager/Link_Se Connecter' is visible

2023-11-23 15:05:03 - [MESSAGE][INFO] - Finding Test Object 'Object Repository/Connexion Usager/Link_Se Connecter'

2023-11-23 15:05:03 - [MESSAGE][INFO] - Checking object

2023-11-23 15:05:03 - [MESSAGE][INFO] - Finding web element from Test Object's properties

2023-11-23 15:05:03 - [MESSAGE][INFO] - Checking timeout

2023-11-23 15:05:03 - [MESSAGE][INFO] - Finding web element with id: 'Object Repository/Connexion Usager/Link_Se Connecter' located by 'By.xpath: //*[@id="connexion_link"]' in '5' second(s)

2023-11-23 15:05:03 - [MESSAGE][INFO] - Smart Wait Function is triggered

2023-11-23 15:05:03 - [MESSAGE][INFO] - Found 1 web elements with id: 'Object Repository/Connexion Usager/Link_Se Connecter' located by 'By.xpath: //*[@id="connexion_link"]' in '5' second(s)

2023-11-23 15:05:03 - [MESSAGE][PASSED] - Object 'Object Repository/Connexion Usager/Link_Se Connecter' is visible

2023-11-23 15:05:03 - [TEST_STEP][PASSED] - break: null

2023-11-23 15:05:03 - [TEST_STEP][PASSED] - if (Profiles == "Agent"): null

2023-11-23 15:05:03 - [TEST_STEP][PASSED] - else: null

2023-11-23 15:05:03 - [TEST_STEP][PASSED] - println("VÃ©rifier le Portail de votre connexion Usager ou Agent"): null

2023-11-23 15:05:03 - [MESSAGE][PASSED] - Call Test Case 'Test Cases/Test Reutilisable/Main/Lancer URL ANEF' successfully

2023-11-23 15:05:03 - [TEST_STEP][PASSED] - callTestCase(findTestCase("Test Reutilisable/Main/Creer Votre Compte"), ["NumEtrangerVisa":NumEtrangerVisa, "DateDebut":DateDebut, "DateFin":DateFin, "EnvExec":EnvExec], STOP_ON_FAILURE): Call Test Case 'Test Cases/Test Reutilisable/Main/Creer Votre Compte' successfully

2023-11-23 15:05:03 - [MESSAGE][INFO] - Checking called Test Case

2023-11-23 15:05:03 - [MESSAGE][INFO] - Starting to call Test Case 'Test Cases/Test Reutilisable/Main/Creer Votre Compte'

2023-11-23 15:05:03 - [TEST_CASE][PASSED] - Test Cases/Test Reutilisable/Main/Creer Votre Compte: Test Cases/Test Reutilisable/Main/Creer Votre Compte

2023-11-23 15:05:03 - [TEST_STEP][PASSED] - "waiting for the number of elements in the DOM to stop changing": null

2023-11-23 15:05:03 - [TEST_STEP][PASSED] - com.kazurayam.ksbackyard.HighlightElement.pandemic(): com.kazurayam.ksbackyard.HighlightElement.pandemic is PASSED

2023-11-23 15:05:03 - [MESSAGE][PASSED] - com.kazurayam.ksbackyard.HighlightElement.pandemic is PASSED

2023-11-23 15:05:03 - [TEST_STEP][PASSED] - waitForPageLoad(5): Wait for page load successfully

2023-11-23 15:05:03 - [MESSAGE][INFO] - Checking timeout

2023-11-23 15:05:03 - [MESSAGE][PASSED] - Wait for page load successfully

2023-11-23 15:05:03 - [TEST_STEP][PASSED] - click(findTestObject("Object Repository/Connexion Usager/Link_Se Connecter")): Object: 'Object Repository/Connexion Usager/Link_Se Connecter' is clicked on

2023-11-23 15:05:03 - [MESSAGE][INFO] - Finding Test Object 'Object Repository/Connexion Usager/Link_Se Connecter'

2023-11-23 15:05:03 - [MESSAGE][INFO] - Checking timeout

2023-11-23 15:05:03 - [MESSAGE][INFO] - Finding web element with id: 'Object Repository/Connexion Usager/Link_Se Connecter' located by 'By.xpath: //*[@id="connexion_link"]' in '20' second(s)

2023-11-23 15:05:03 - [MESSAGE][INFO] - Smart Wait Function is triggered

2023-11-23 15:05:03 - [MESSAGE][INFO] - Found 1 web elements with id: 'Object Repository/Connexion Usager/Link_Se Connecter' located by 'By.xpath: //*[@id="connexion_link"]' in '20' second(s)

2023-11-23 15:05:03 - [MESSAGE][INFO] - Checking object

2023-11-23 15:05:03 - [MESSAGE][INFO] - Checking timeout

2023-11-23 15:05:03 - [MESSAGE][INFO] - Finding web element from Test Object's properties

2023-11-23 15:05:03 - [MESSAGE][INFO] - Checking timeout

2023-11-23 15:05:03 - [MESSAGE][INFO] - Finding web element with id: 'Object Repository/Connexion Usager/Link_Se Connecter' located by 'By.xpath: //*[@id="connexion_link"]' in '5' second(s)

2023-11-23 15:05:03 - [MESSAGE][INFO] - Smart Wait Function is triggered

2023-11-23 15:05:03 - [MESSAGE][INFO] - Found 1 web elements with id: 'Object Repository/Connexion Usager/Link_Se Connecter' located by 'By.xpath: //*[@id="connexion_link"]' in '5' second(s)

2023-11-23 15:05:03 - [MESSAGE][INFO] - Clicking on object: 'Object Repository/Connexion Usager/Link_Se Connecter'

2023-11-23 15:05:06 - [MESSAGE][PASSED] - Object: 'Object Repository/Connexion Usager/Link_Se Connecter' is clicked on

2023-11-23 15:05:06 - [TEST_STEP][PASSED] - if (EnvExec == "URL_ANEFQualif"): null

2023-11-23 15:05:06 - [TEST_STEP][PASSED] - click(findTestObject("Object Repository/Connexion Usager/Link_Creer Votre Compte")): Object: 'Object Repository/Connexion Usager/Link_Creer Votre Compte' is clicked on

2023-11-23 15:05:06 - [MESSAGE][INFO] - Finding Test Object 'Object Repository/Connexion Usager/Link_Creer Votre Compte'

2023-11-23 15:05:06 - [MESSAGE][INFO] - Checking timeout

2023-11-23 15:05:06 - [MESSAGE][INFO] - Finding web element with id: 'Object Repository/Connexion Usager/Link_Creer Votre Compte' located by 'By.xpath: /html/body/div/main/div[2]/a' in '20' second(s)

2023-11-23 15:05:06 - [MESSAGE][INFO] - Smart Wait Function is triggered

2023-11-23 15:05:06 - [MESSAGE][INFO] - Found 1 web elements with id: 'Object Repository/Connexion Usager/Link_Creer Votre Compte' located by 'By.xpath: /html/body/div/main/div[2]/a' in '20' second(s)

2023-11-23 15:05:06 - [MESSAGE][INFO] - Checking object

2023-11-23 15:05:06 - [MESSAGE][INFO] - Checking timeout

2023-11-23 15:05:06 - [MESSAGE][INFO] - Finding web element from Test Object's properties

2023-11-23 15:05:06 - [MESSAGE][INFO] - Checking timeout

2023-11-23 15:05:06 - [MESSAGE][INFO] - Finding web element with id: 'Object Repository/Connexion Usager/Link_Creer Votre Compte' located by 'By.xpath: /html/body/div/main/div[2]/a' in '5' second(s)

2023-11-23 15:05:06 - [MESSAGE][INFO] - Smart Wait Function is triggered

2023-11-23 15:05:06 - [MESSAGE][INFO] - Found 1 web elements with id: 'Object Repository/Connexion Usager/Link_Creer Votre Compte' located by 'By.xpath: /html/body/div/main/div[2]/a' in '5' second(s)

2023-11-23 15:05:06 - [MESSAGE][INFO] - Clicking on object: 'Object Repository/Connexion Usager/Link_Creer Votre Compte'

2023-11-23 15:05:09 - [MESSAGE][PASSED] - Object: 'Object Repository/Connexion Usager/Link_Creer Votre Compte' is clicked on

2023-11-23 15:05:09 - [TEST_STEP][PASSED] - waitForPageLoad(5): Wait for page load successfully

2023-11-23 15:05:09 - [MESSAGE][INFO] - Checking timeout

2023-11-23 15:05:09 - [MESSAGE][PASSED] - Wait for page load successfully

2023-11-23 15:05:09 - [TEST_STEP][PASSED] - println("NumEtrangerVisa = " + NumEtrangerVisa): null

2023-11-23 15:05:09 - [TEST_STEP][PASSED] - setText(findTestObject("Object Repository/Connexion Usager/Input_Numero etranger_Visa"), NumEtrangerVisa): Text '7703040873' is set on object 'Object Repository/Connexion Usager/Input_Numero etranger_Visa'

2023-11-23 15:05:09 - [MESSAGE][INFO] - Finding Test Object 'Object Repository/Connexion Usager/Input_Numero etranger_Visa'

2023-11-23 15:05:09 - [MESSAGE][INFO] - Checking timeout

2023-11-23 15:05:09 - [MESSAGE][INFO] - Finding web element with id: 'Object Repository/Connexion Usager/Input_Numero etranger_Visa' located by 'By.xpath: //*[@placeholder="Exemple : 9999999999" and @type = 'text']' in '20' second(s)

2023-11-23 15:05:09 - [MESSAGE][INFO] - Smart Wait Function is triggered

2023-11-23 15:05:09 - [MESSAGE][INFO] - Found 1 web elements with id: 'Object Repository/Connexion Usager/Input_Numero etranger_Visa' located by 'By.xpath: //*[@placeholder="Exemple : 9999999999" and @type = 'text']' in '20' second(s)

2023-11-23 15:05:09 - [MESSAGE][INFO] - Checking object

2023-11-23 15:05:09 - [MESSAGE][INFO] - Checking text

2023-11-23 15:05:09 - [MESSAGE][INFO] - Finding web element from Test Object's properties

2023-11-23 15:05:09 - [MESSAGE][INFO] - Checking timeout

2023-11-23 15:05:09 - [MESSAGE][INFO] - Finding web element with id: 'Object Repository/Connexion Usager/Input_Numero etranger_Visa' located by 'By.xpath: //*[@placeholder="Exemple : 9999999999" and @type = 'text']' in '5' second(s)

2023-11-23 15:05:09 - [MESSAGE][INFO] - Smart Wait Function is triggered

2023-11-23 15:05:09 - [MESSAGE][INFO] - Found 1 web elements with id: 'Object Repository/Connexion Usager/Input_Numero etranger_Visa' located by 'By.xpath: //*[@placeholder="Exemple : 9999999999" and @type = 'text']' in '5' second(s)

2023-11-23 15:05:09 - [MESSAGE][INFO] - Clearing text of object 'Object Repository/Connexion Usager/Input_Numero etranger_Visa'

2023-11-23 15:05:11 - [MESSAGE][INFO] - Finding web element from Test Object's properties

2023-11-23 15:05:11 - [MESSAGE][INFO] - Checking timeout

2023-11-23 15:05:11 - [MESSAGE][INFO] - Finding web element with id: 'Object Repository/Connexion Usager/Input_Numero etranger_Visa' located by 'By.xpath: //*[@placeholder="Exemple : 9999999999" and @type = 'text']' in '5' second(s)

2023-11-23 15:05:11 - [MESSAGE][INFO] - Smart Wait Function is triggered

2023-11-23 15:05:11 - [MESSAGE][INFO] - Found 1 web elements with id: 'Object Repository/Connexion Usager/Input_Numero etranger_Visa' located by 'By.xpath: //*[@placeholder="Exemple : 9999999999" and @type = 'text']' in '5' second(s)

2023-11-23 15:05:11 - [MESSAGE][INFO] - Setting text of object 'Object Repository/Connexion Usager/Input_Numero etranger_Visa' to value '7703040873'

2023-11-23 15:05:14 - [MESSAGE][PASSED] - Text '7703040873' is set on object 'Object Repository/Connexion Usager/Input_Numero etranger_Visa'

2023-11-23 15:05:14 - [TEST_STEP][PASSED] - DateDebut = DateDebut: null

2023-11-23 15:05:14 - [TEST_STEP][PASSED] - DateDebut = tools.MyStringTools.ParsedDateDebut(): tools.MyStringTools.ParsedDateDebut is PASSED

2023-11-23 15:05:14 - [MESSAGE][PASSED] - tools.MyStringTools.ParsedDateDebut is PASSED

2023-11-23 15:05:14 - [TEST_STEP][PASSED] - ParsedDateDebut = tools.MyStringTools.ParsedDateDebut(): tools.MyStringTools.ParsedDateDebut is PASSED

2023-11-23 15:05:14 - [MESSAGE][PASSED] - tools.MyStringTools.ParsedDateDebut is PASSED

2023-11-23 15:05:14 - [TEST_STEP][PASSED] - setText(findTestObject("Object Repository/Connexion Usager/Date Debut Validite/Input_Jour"), ParsedDateDebut[0]): Text '24' is set on object 'Object Repository/Connexion Usager/Date Debut Validite/Input_Jour'

2023-11-23 15:05:14 - [MESSAGE][INFO] - Finding Test Object 'Object Repository/Connexion Usager/Date Debut Validite/Input_Jour'

2023-11-23 15:05:14 - [MESSAGE][INFO] - Checking timeout

2023-11-23 15:05:14 - [MESSAGE][INFO] - Finding web element with id: 'Object Repository/Connexion Usager/Date Debut Validite/Input_Jour' located by 'By.xpath: /html/body/app-root/div/app-root/main/app-registration/div/div[3]/app-identification/form/div[2]/app-date[1]/fieldset/div[2]/div[1]/input' in '20' second(s)

2023-11-23 15:05:14 - [MESSAGE][INFO] - Smart Wait Function is triggered

2023-11-23 15:05:14 - [MESSAGE][INFO] - Found 1 web elements with id: 'Object Repository/Connexion Usager/Date Debut Validite/Input_Jour' located by 'By.xpath: /html/body/app-root/div/app-root/main/app-registration/div/div[3]/app-identification/form/div[2]/app-date[1]/fieldset/div[2]/div[1]/input' in '20' second(s)

2023-11-23 15:05:14 - [MESSAGE][INFO] - Checking object

2023-11-23 15:05:14 - [MESSAGE][INFO] - Checking text

2023-11-23 15:05:14 - [MESSAGE][INFO] - Finding web element from Test Object's properties

2023-11-23 15:05:14 - [MESSAGE][INFO] - Checking timeout

2023-11-23 15:05:14 - [MESSAGE][INFO] - Finding web element with id: 'Object Repository/Connexion Usager/Date Debut Validite/Input_Jour' located by 'By.xpath: /html/body/app-root/div/app-root/main/app-registration/div/div[3]/app-identification/form/div[2]/app-date[1]/fieldset/div[2]/div[1]/input' in '5' second(s)

2023-11-23 15:05:14 - [MESSAGE][INFO] - Smart Wait Function is triggered

2023-11-23 15:05:14 - [MESSAGE][INFO] - Found 1 web elements with id: 'Object Repository/Connexion Usager/Date Debut Validite/Input_Jour' located by 'By.xpath: /html/body/app-root/div/app-root/main/app-registration/div/div[3]/app-identification/form/div[2]/app-date[1]/fieldset/div[2]/div[1]/input' in '5' second(s)

2023-11-23 15:05:14 - [MESSAGE][INFO] - Clearing text of object 'Object Repository/Connexion Usager/Date Debut Validite/Input_Jour'

2023-11-23 15:05:16 - [MESSAGE][INFO] - Finding web element from Test Object's properties

2023-11-23 15:05:16 - [MESSAGE][INFO] - Checking timeout

2023-11-23 15:05:16 - [MESSAGE][INFO] - Finding web element with id: 'Object Repository/Connexion Usager/Date Debut Validite/Input_Jour' located by 'By.xpath: /html/body/app-root/div/app-root/main/app-registration/div/div[3]/app-identification/form/div[2]/app-date[1]/fieldset/div[2]/div[1]/input' in '5' second(s)

2023-11-23 15:05:16 - [MESSAGE][INFO] - Smart Wait Function is triggered

2023-11-23 15:05:16 - [MESSAGE][INFO] - Found 1 web elements with id: 'Object Repository/Connexion Usager/Date Debut Validite/Input_Jour' located by 'By.xpath: /html/body/app-root/div/app-root/main/app-registration/div/div[3]/app-identification/form/div[2]/app-date[1]/fieldset/div[2]/div[1]/input' in '5' second(s)

2023-11-23 15:05:16 - [MESSAGE][INFO] - Setting text of object 'Object Repository/Connexion Usager/Date Debut Validite/Input_Jour' to value '24'

2023-11-23 15:05:18 - [MESSAGE][PASSED] - Text '24' is set on object 'Object Repository/Connexion Usager/Date Debut Validite/Input_Jour'

2023-11-23 15:05:18 - [TEST_STEP][PASSED] - selectOptionByIndex(findTestObject("Object Repository/Connexion Usager/Date Debut Validite/Select_Mois"), ParsedDateDebut[1]): All options with index in [12] are selected on object 'Object Repository/Connexion Usager/Date Debut Validite/Select_Mois'

2023-11-23 15:05:18 - [MESSAGE][INFO] - Finding Test Object 'Object Repository/Connexion Usager/Date Debut Validite/Select_Mois'

2023-11-23 15:05:18 - [MESSAGE][INFO] - Checking timeout

2023-11-23 15:05:18 - [MESSAGE][INFO] - Finding web element with id: 'Object Repository/Connexion Usager/Date Debut Validite/Select_Mois' located by 'By.xpath: /html/body/app-root/div/app-root/main/app-registration/div/div[3]/app-identification/form/div[2]/app-date[1]/fieldset/div[2]/div[2]/select' in '20' second(s)

2023-11-23 15:05:18 - [MESSAGE][INFO] - Smart Wait Function is triggered

2023-11-23 15:05:18 - [MESSAGE][INFO] - Found 1 web elements with id: 'Object Repository/Connexion Usager/Date Debut Validite/Select_Mois' located by 'By.xpath: /html/body/app-root/div/app-root/main/app-registration/div/div[3]/app-identification/form/div[2]/app-date[1]/fieldset/div[2]/div[2]/select' in '20' second(s)

2023-11-23 15:05:18 - [MESSAGE][INFO] - Checking object

2023-11-23 15:05:18 - [MESSAGE][INFO] - Checking index range

2023-11-23 15:05:18 - [MESSAGE][INFO] - Converting range parameter '12' to index array

2023-11-23 15:05:18 - [MESSAGE][INFO] - Range parameter '12' is converted to index array [12]

2023-11-23 15:05:18 - [MESSAGE][INFO] - Finding web element from Test Object's properties

2023-11-23 15:05:18 - [MESSAGE][INFO] - Checking timeout

2023-11-23 15:05:18 - [MESSAGE][INFO] - Finding web element with id: 'Object Repository/Connexion Usager/Date Debut Validite/Select_Mois' located by 'By.xpath: /html/body/app-root/div/app-root/main/app-registration/div/div[3]/app-identification/form/div[2]/app-date[1]/fieldset/div[2]/div[2]/select' in '5' second(s)

2023-11-23 15:05:18 - [MESSAGE][INFO] - Smart Wait Function is triggered

2023-11-23 15:05:18 - [MESSAGE][INFO] - Found 1 web elements with id: 'Object Repository/Connexion Usager/Date Debut Validite/Select_Mois' located by 'By.xpath: /html/body/app-root/div/app-root/main/app-registration/div/div[3]/app-identification/form/div[2]/app-date[1]/fieldset/div[2]/div[2]/select' in '5' second(s)

2023-11-23 15:05:18 - [MESSAGE][INFO] - Checking index parameters

2023-11-23 15:05:18 - [MESSAGE][INFO] - Smart Wait Function is triggered

2023-11-23 15:05:18 - [MESSAGE][INFO] - Selecting options on object 'Object Repository/Connexion Usager/Date Debut Validite/Select_Mois' with index in [12]

2023-11-23 15:05:18 - [MESSAGE][INFO] - Smart Wait Function is triggered

2023-11-23 15:05:20 - [MESSAGE][INFO] - Option with index 12 is selected

2023-11-23 15:05:20 - [MESSAGE][PASSED] - All options with index in [12] are selected on object 'Object Repository/Connexion Usager/Date Debut Validite/Select_Mois'

2023-11-23 15:05:20 - [TEST_STEP][PASSED] - setText(findTestObject("Object Repository/Connexion Usager/Date Debut Validite/Input_Annee"), ParsedDateDebut[2]): Text '2022' is set on object 'Object Repository/Connexion Usager/Date Debut Validite/Input_Annee'

2023-11-23 15:05:20 - [MESSAGE][INFO] - Finding Test Object 'Object Repository/Connexion Usager/Date Debut Validite/Input_Annee'

2023-11-23 15:05:21 - [MESSAGE][INFO] - Checking timeout

2023-11-23 15:05:21 - [MESSAGE][INFO] - Finding web element with id: 'Object Repository/Connexion Usager/Date Debut Validite/Input_Annee' located by 'By.xpath: /html/body/app-root/div/app-root/main/app-registration/div/div[3]/app-identification/form/div[2]/app-date[1]/fieldset/div[2]/div[3]/input' in '20' second(s)

2023-11-23 15:05:21 - [MESSAGE][INFO] - Smart Wait Function is triggered

2023-11-23 15:05:21 - [MESSAGE][INFO] - Found 1 web elements with id: 'Object Repository/Connexion Usager/Date Debut Validite/Input_Annee' located by 'By.xpath: /html/body/app-root/div/app-root/main/app-registration/div/div[3]/app-identification/form/div[2]/app-date[1]/fieldset/div[2]/div[3]/input' in '20' second(s)

2023-11-23 15:05:21 - [MESSAGE][INFO] - Checking object

2023-11-23 15:05:21 - [MESSAGE][INFO] - Checking text

2023-11-23 15:05:21 - [MESSAGE][INFO] - Finding web element from Test Object's properties

2023-11-23 15:05:21 - [MESSAGE][INFO] - Checking timeout

2023-11-23 15:05:21 - [MESSAGE][INFO] - Finding web element with id: 'Object Repository/Connexion Usager/Date Debut Validite/Input_Annee' located by 'By.xpath: /html/body/app-root/div/app-root/main/app-registration/div/div[3]/app-identification/form/div[2]/app-date[1]/fieldset/div[2]/div[3]/input' in '5' second(s)

2023-11-23 15:05:21 - [MESSAGE][INFO] - Smart Wait Function is triggered

2023-11-23 15:05:21 - [MESSAGE][INFO] - Found 1 web elements with id: 'Object Repository/Connexion Usager/Date Debut Validite/Input_Annee' located by 'By.xpath: /html/body/app-root/div/app-root/main/app-registration/div/div[3]/app-identification/form/div[2]/app-date[1]/fieldset/div[2]/div[3]/input' in '5' second(s)

2023-11-23 15:05:21 - [MESSAGE][INFO] - Clearing text of object 'Object Repository/Connexion Usager/Date Debut Validite/Input_Annee'

2023-11-23 15:05:23 - [MESSAGE][INFO] - Finding web element from Test Object's properties

2023-11-23 15:05:23 - [MESSAGE][INFO] - Checking timeout

2023-11-23 15:05:23 - [MESSAGE][INFO] - Finding web element with id: 'Object Repository/Connexion Usager/Date Debut Validite/Input_Annee' located by 'By.xpath: /html/body/app-root/div/app-root/main/app-registration/div/div[3]/app-identification/form/div[2]/app-date[1]/fieldset/div[2]/div[3]/input' in '5' second(s)

2023-11-23 15:05:23 - [MESSAGE][INFO] - Smart Wait Function is triggered

2023-11-23 15:05:23 - [MESSAGE][INFO] - Found 1 web elements with id: 'Object Repository/Connexion Usager/Date Debut Validite/Input_Annee' located by 'By.xpath: /html/body/app-root/div/app-root/main/app-registration/div/div[3]/app-identification/form/div[2]/app-date[1]/fieldset/div[2]/div[3]/input' in '5' second(s)

2023-11-23 15:05:23 - [MESSAGE][INFO] - Setting text of object 'Object Repository/Connexion Usager/Date Debut Validite/Input_Annee' to value '2022'

2023-11-23 15:05:25 - [MESSAGE][PASSED] - Text '2022' is set on object 'Object Repository/Connexion Usager/Date Debut Validite/Input_Annee'

2023-11-23 15:05:25 - [TEST_STEP][PASSED] - DateFin = DateFin: null

2023-11-23 15:05:25 - [TEST_STEP][PASSED] - DateFin = tools.MyStringTools.ParsedDateFin(): tools.MyStringTools.ParsedDateFin is PASSED

2023-11-23 15:05:25 - [MESSAGE][PASSED] - tools.MyStringTools.ParsedDateFin is PASSED

2023-11-23 15:05:25 - [TEST_STEP][PASSED] - ParsedDateFin = tools.MyStringTools.ParsedDateFin(): tools.MyStringTools.ParsedDateFin is PASSED

2023-11-23 15:05:25 - [MESSAGE][PASSED] - tools.MyStringTools.ParsedDateFin is PASSED

2023-11-23 15:05:25 - [TEST_STEP][PASSED] - setText(findTestObject("Object Repository/Connexion Usager/Date Fin Validite/Input_Jour"), ParsedDateFin[0]): Text '23' is set on object 'Object Repository/Connexion Usager/Date Fin Validite/Input_Jour'

2023-11-23 15:05:25 - [MESSAGE][INFO] - Finding Test Object 'Object Repository/Connexion Usager/Date Fin Validite/Input_Jour'

2023-11-23 15:05:25 - [MESSAGE][INFO] - Checking timeout

2023-11-23 15:05:25 - [MESSAGE][INFO] - Finding web element with id: 'Object Repository/Connexion Usager/Date Fin Validite/Input_Jour' located by 'By.xpath: /html/body/app-root/div/app-root/main/app-registration/div/div[3]/app-identification/form/div[2]/app-date[2]/fieldset/div[2]/div[1]/input' in '20' second(s)

2023-11-23 15:05:25 - [MESSAGE][INFO] - Smart Wait Function is triggered

2023-11-23 15:05:25 - [MESSAGE][INFO] - Found 1 web elements with id: 'Object Repository/Connexion Usager/Date Fin Validite/Input_Jour' located by 'By.xpath: /html/body/app-root/div/app-root/main/app-registration/div/div[3]/app-identification/form/div[2]/app-date[2]/fieldset/div[2]/div[1]/input' in '20' second(s)

2023-11-23 15:05:25 - [MESSAGE][INFO] - Checking object

2023-11-23 15:05:25 - [MESSAGE][INFO] - Checking text

2023-11-23 15:05:25 - [MESSAGE][INFO] - Finding web element from Test Object's properties

2023-11-23 15:05:25 - [MESSAGE][INFO] - Checking timeout

2023-11-23 15:05:25 - [MESSAGE][INFO] - Finding web element with id: 'Object Repository/Connexion Usager/Date Fin Validite/Input_Jour' located by 'By.xpath: /html/body/app-root/div/app-root/main/app-registration/div/div[3]/app-identification/form/div[2]/app-date[2]/fieldset/div[2]/div[1]/input' in '5' second(s)

2023-11-23 15:05:25 - [MESSAGE][INFO] - Smart Wait Function is triggered

2023-11-23 15:05:25 - [MESSAGE][INFO] - Found 1 web elements with id: 'Object Repository/Connexion Usager/Date Fin Validite/Input_Jour' located by 'By.xpath: /html/body/app-root/div/app-root/main/app-registration/div/div[3]/app-identification/form/div[2]/app-date[2]/fieldset/div[2]/div[1]/input' in '5' second(s)

2023-11-23 15:05:25 - [MESSAGE][INFO] - Clearing text of object 'Object Repository/Connexion Usager/Date Fin Validite/Input_Jour'

2023-11-23 15:05:27 - [MESSAGE][INFO] - Finding web element from Test Object's properties

2023-11-23 15:05:27 - [MESSAGE][INFO] - Checking timeout

2023-11-23 15:05:27 - [MESSAGE][INFO] - Finding web element with id: 'Object Repository/Connexion Usager/Date Fin Validite/Input_Jour' located by 'By.xpath: /html/body/app-root/div/app-root/main/app-registration/div/div[3]/app-identification/form/div[2]/app-date[2]/fieldset/div[2]/div[1]/input' in '5' second(s)

2023-11-23 15:05:27 - [MESSAGE][INFO] - Smart Wait Function is triggered

2023-11-23 15:05:27 - [MESSAGE][INFO] - Found 1 web elements with id: 'Object Repository/Connexion Usager/Date Fin Validite/Input_Jour' located by 'By.xpath: /html/body/app-root/div/app-root/main/app-registration/div/div[3]/app-identification/form/div[2]/app-date[2]/fieldset/div[2]/div[1]/input' in '5' second(s)

2023-11-23 15:05:27 - [MESSAGE][INFO] - Setting text of object 'Object Repository/Connexion Usager/Date Fin Validite/Input_Jour' to value '23'

2023-11-23 15:05:29 - [MESSAGE][PASSED] - Text '23' is set on object 'Object Repository/Connexion Usager/Date Fin Validite/Input_Jour'

2023-11-23 15:05:29 - [TEST_STEP][PASSED] - selectOptionByIndex(findTestObject("Object Repository/Connexion Usager/Date Fin Validite/Select_Mois"), ParsedDateFin[1]): All options with index in [12] are selected on object 'Object Repository/Connexion Usager/Date Fin Validite/Select_Mois'

2023-11-23 15:05:29 - [MESSAGE][INFO] - Finding Test Object 'Object Repository/Connexion Usager/Date Fin Validite/Select_Mois'

2023-11-23 15:05:29 - [MESSAGE][INFO] - Checking timeout

2023-11-23 15:05:29 - [MESSAGE][INFO] - Finding web element with id: 'Object Repository/Connexion Usager/Date Fin Validite/Select_Mois' located by 'By.xpath: /html/body/app-root/div/app-root/main/app-registration/div/div[3]/app-identification/form/div[2]/app-date[2]/fieldset/div[2]/div[2]/select' in '20' second(s)

2023-11-23 15:05:29 - [MESSAGE][INFO] - Smart Wait Function is triggered

2023-11-23 15:05:29 - [MESSAGE][INFO] - Found 1 web elements with id: 'Object Repository/Connexion Usager/Date Fin Validite/Select_Mois' located by 'By.xpath: /html/body/app-root/div/app-root/main/app-registration/div/div[3]/app-identification/form/div[2]/app-date[2]/fieldset/div[2]/div[2]/select' in '20' second(s)

2023-11-23 15:05:29 - [MESSAGE][INFO] - Checking object

2023-11-23 15:05:29 - [MESSAGE][INFO] - Checking index range

2023-11-23 15:05:29 - [MESSAGE][INFO] - Converting range parameter '12' to index array

2023-11-23 15:05:29 - [MESSAGE][INFO] - Range parameter '12' is converted to index array [12]

2023-11-23 15:05:29 - [MESSAGE][INFO] - Finding web element from Test Object's properties

2023-11-23 15:05:29 - [MESSAGE][INFO] - Checking timeout

2023-11-23 15:05:29 - [MESSAGE][INFO] - Finding web element with id: 'Object Repository/Connexion Usager/Date Fin Validite/Select_Mois' located by 'By.xpath: /html/body/app-root/div/app-root/main/app-registration/div/div[3]/app-identification/form/div[2]/app-date[2]/fieldset/div[2]/div[2]/select' in '5' second(s)

2023-11-23 15:05:29 - [MESSAGE][INFO] - Smart Wait Function is triggered

2023-11-23 15:05:29 - [MESSAGE][INFO] - Found 1 web elements with id: 'Object Repository/Connexion Usager/Date Fin Validite/Select_Mois' located by 'By.xpath: /html/body/app-root/div/app-root/main/app-registration/div/div[3]/app-identification/form/div[2]/app-date[2]/fieldset/div[2]/div[2]/select' in '5' second(s)

2023-11-23 15:05:29 - [MESSAGE][INFO] - Checking index parameters

2023-11-23 15:05:29 - [MESSAGE][INFO] - Smart Wait Function is triggered

2023-11-23 15:05:29 - [MESSAGE][INFO] - Selecting options on object 'Object Repository/Connexion Usager/Date Fin Validite/Select_Mois' with index in [12]

2023-11-23 15:05:29 - [MESSAGE][INFO] - Smart Wait Function is triggered

2023-11-23 15:05:32 - [MESSAGE][INFO] - Option with index 12 is selected

2023-11-23 15:05:32 - [MESSAGE][PASSED] - All options with index in [12] are selected on object 'Object Repository/Connexion Usager/Date Fin Validite/Select_Mois'

2023-11-23 15:05:32 - [TEST_STEP][PASSED] - setText(findTestObject("Object Repository/Connexion Usager/Date Fin Validite/Input_Annee"), ParsedDateFin[2]): Text '2023' is set on object 'Object Repository/Connexion Usager/Date Fin Validite/Input_Annee'

2023-11-23 15:05:32 - [MESSAGE][INFO] - Finding Test Object 'Object Repository/Connexion Usager/Date Fin Validite/Input_Annee'

2023-11-23 15:05:32 - [MESSAGE][INFO] - Checking timeout

2023-11-23 15:05:32 - [MESSAGE][INFO] - Finding web element with id: 'Object Repository/Connexion Usager/Date Fin Validite/Input_Annee' located by 'By.xpath: /html/body/app-root/div/app-root/main/app-registration/div/div[3]/app-identification/form/div[2]/app-date[2]/fieldset/div[2]/div[3]/input' in '20' second(s)

2023-11-23 15:05:32 - [MESSAGE][INFO] - Smart Wait Function is triggered

2023-11-23 15:05:32 - [MESSAGE][INFO] - Found 1 web elements with id: 'Object Repository/Connexion Usager/Date Fin Validite/Input_Annee' located by 'By.xpath: /html/body/app-root/div/app-root/main/app-registration/div/div[3]/app-identification/form/div[2]/app-date[2]/fieldset/div[2]/div[3]/input' in '20' second(s)

2023-11-23 15:05:32 - [MESSAGE][INFO] - Checking object

2023-11-23 15:05:32 - [MESSAGE][INFO] - Checking text

2023-11-23 15:05:32 - [MESSAGE][INFO] - Finding web element from Test Object's properties

2023-11-23 15:05:32 - [MESSAGE][INFO] - Checking timeout

2023-11-23 15:05:32 - [MESSAGE][INFO] - Finding web element with id: 'Object Repository/Connexion Usager/Date Fin Validite/Input_Annee' located by 'By.xpath: /html/body/app-root/div/app-root/main/app-registration/div/div[3]/app-identification/form/div[2]/app-date[2]/fieldset/div[2]/div[3]/input' in '5' second(s)

2023-11-23 15:05:32 - [MESSAGE][INFO] - Smart Wait Function is triggered

2023-11-23 15:05:32 - [MESSAGE][INFO] - Found 1 web elements with id: 'Object Repository/Connexion Usager/Date Fin Validite/Input_Annee' located by 'By.xpath: /html/body/app-root/div/app-root/main/app-registration/div/div[3]/app-identification/form/div[2]/app-date[2]/fieldset/div[2]/div[3]/input' in '5' second(s)

2023-11-23 15:05:32 - [MESSAGE][INFO] - Clearing text of object 'Object Repository/Connexion Usager/Date Fin Validite/Input_Annee'

2023-11-23 15:05:34 - [MESSAGE][INFO] - Finding web element from Test Object's properties

2023-11-23 15:05:34 - [MESSAGE][INFO] - Checking timeout

2023-11-23 15:05:34 - [MESSAGE][INFO] - Finding web element with id: 'Object Repository/Connexion Usager/Date Fin Validite/Input_Annee' located by 'By.xpath: /html/body/app-root/div/app-root/main/app-registration/div/div[3]/app-identification/form/div[2]/app-date[2]/fieldset/div[2]/div[3]/input' in '5' second(s)

2023-11-23 15:05:34 - [MESSAGE][INFO] - Smart Wait Function is triggered

2023-11-23 15:05:34 - [MESSAGE][INFO] - Found 1 web elements with id: 'Object Repository/Connexion Usager/Date Fin Validite/Input_Annee' located by 'By.xpath: /html/body/app-root/div/app-root/main/app-registration/div/div[3]/app-identification/form/div[2]/app-date[2]/fieldset/div[2]/div[3]/input' in '5' second(s)

2023-11-23 15:05:34 - [MESSAGE][INFO] - Setting text of object 'Object Repository/Connexion Usager/Date Fin Validite/Input_Annee' to value '2023'

2023-11-23 15:05:36 - [MESSAGE][PASSED] - Text '2023' is set on object 'Object Repository/Connexion Usager/Date Fin Validite/Input_Annee'

2023-11-23 15:05:36 - [TEST_STEP][PASSED] - click(findTestObject("Object Repository/Connexion Usager/Btn_Creer Un Compte")): Object: 'Object Repository/Connexion Usager/Btn_Creer Un Compte' is clicked on

2023-11-23 15:05:36 - [MESSAGE][INFO] - Finding Test Object 'Object Repository/Connexion Usager/Btn_Creer Un Compte'

2023-11-23 15:05:36 - [MESSAGE][INFO] - Checking timeout

2023-11-23 15:05:36 - [MESSAGE][INFO] - Finding web element with id: 'Object Repository/Connexion Usager/Btn_Creer Un Compte' located by 'By.xpath: /html/body/app-root/div/app-root/main/app-registration/div/div[3]/app-identification/form/p-button/button' in '20' second(s)

2023-11-23 15:05:36 - [MESSAGE][INFO] - Smart Wait Function is triggered

2023-11-23 15:05:36 - [MESSAGE][INFO] - Found 1 web elements with id: 'Object Repository/Connexion Usager/Btn_Creer Un Compte' located by 'By.xpath: /html/body/app-root/div/app-root/main/app-registration/div/div[3]/app-identification/form/p-button/button' in '20' second(s)

2023-11-23 15:05:36 - [MESSAGE][INFO] - Checking object

2023-11-23 15:05:36 - [MESSAGE][INFO] - Checking timeout

2023-11-23 15:05:36 - [MESSAGE][INFO] - Finding web element from Test Object's properties

2023-11-23 15:05:36 - [MESSAGE][INFO] - Checking timeout

2023-11-23 15:05:36 - [MESSAGE][INFO] - Finding web element with id: 'Object Repository/Connexion Usager/Btn_Creer Un Compte' located by 'By.xpath: /html/body/app-root/div/app-root/main/app-registration/div/div[3]/app-identification/form/p-button/button' in '5' second(s)

2023-11-23 15:05:36 - [MESSAGE][INFO] - Smart Wait Function is triggered

2023-11-23 15:05:36 - [MESSAGE][INFO] - Found 1 web elements with id: 'Object Repository/Connexion Usager/Btn_Creer Un Compte' located by 'By.xpath: /html/body/app-root/div/app-root/main/app-registration/div/div[3]/app-identification/form/p-button/button' in '5' second(s)

2023-11-23 15:05:36 - [MESSAGE][INFO] - Clicking on object: 'Object Repository/Connexion Usager/Btn_Creer Un Compte'

2023-11-23 15:05:38 - [MESSAGE][PASSED] - Object: 'Object Repository/Connexion Usager/Btn_Creer Un Compte' is clicked on

2023-11-23 15:05:38 - [TEST_STEP][PASSED] - "VÃ©rification si Certaines informations que vous avez saisies sont incorrectes. Veuillez vÃ©rifier votre saisie. pb serveur AGERDF": null

2023-11-23 15:05:38 - [TEST_STEP][PASSED] - callTestCase(findTestCase("Test Cases/Test Reutilisable/Main/VerificationCertainesInformationsSontIncorrectes"), [:], OPTIONAL): Call Test Case 'Test Cases/Test Reutilisable/Main/VerificationCertainesInformationsSontIncorrectes' successfully

2023-11-23 15:05:38 - [MESSAGE][INFO] - Checking called Test Case

2023-11-23 15:05:38 - [MESSAGE][INFO] - Starting to call Test Case 'Test Cases/Test Reutilisable/Main/VerificationCertainesInformationsSontIncorrectes'

2023-11-23 15:05:38 - [TEST_CASE][PASSED] - Test Cases/Test Reutilisable/Main/VerificationCertainesInformationsSontIncorrectes: Test Cases/Test Reutilisable/Main/VerificationCertainesInformationsSontIncorrectes

2023-11-23 15:05:38 - [TEST_STEP][PASSED] - "VÃ©rification si Certaines informations que vous avez saisies sont incorrectes. Veuillez vÃ©rifier votre saisie. pb serveur AGERDF": null

2023-11-23 15:05:38 - [TEST_STEP][PASSED] - delay(3): Delayed 3 second(s)

2023-11-23 15:05:38 - [MESSAGE][INFO] - Delaying browser in 3 second(s)

2023-11-23 15:05:41 - [MESSAGE][PASSED] - Delayed 3 second(s)

2023-11-23 15:05:41 - [TEST_STEP][PASSED] - StopTestCase = false: null

2023-11-23 15:05:41 - [TEST_STEP][PASSED] - MsgAlertPresent = verifyElementVisible(findTestObject("Object Repository/Connexion Usager/lbl_CertainesInformationsSaisiesSontIncorrectes"), OPTIONAL): Web element with id: 'Object Repository/Connexion Usager/lbl_CertainesInformationsSaisiesSontIncorrectes' located by '//p' not found (Root cause: com.kms.katalon.core.exception.StepFailedException: Web element with id: 'Object Repository/Connexion Usager/lbl_CertainesInformationsSaisiesSontIncorrectes' located by '//p' not found
	at com.kms.katalon.core.webui.keyword.internal.WebUIKeywordMain.stepFailed(WebUIKeywordMain.groovy:64)
	at com.kms.katalon.core.webui.keyword.builtin.VerifyElementVisibleKeyword$_verifyElementVisible_closure1.doCall(VerifyElementVisibleKeyword.groovy:89)
	at com.kms.katalon.core.webui.keyword.builtin.VerifyElementVisibleKeyword$_verifyElementVisible_closure1.call(VerifyElementVisibleKeyword.groovy)
	at com.kms.katalon.core.webui.keyword.internal.WebUIKeywordMain.runKeyword(WebUIKeywordMain.groovy:20)
	at com.kms.katalon.core.webui.keyword.builtin.VerifyElementVisibleKeyword.verifyElementVisible(VerifyElementVisibleKeyword.groovy:97)
	at com.kms.katalon.core.webui.keyword.builtin.VerifyElementVisibleKeyword.execute(VerifyElementVisibleKeyword.groovy:67)
	at com.kms.katalon.core.keyword.internal.KeywordExecutor.executeKeywordForPlatform(KeywordExecutor.groovy:74)
	at com.kms.katalon.core.webui.keyword.WebUiBuiltInKeywords.verifyElementVisible(WebUiBuiltInKeywords.groovy:362)
	at com.kazurayam.ksbackyard.HighlightElement$_pandemic_closure1.doCall(HighlightElement.groovy:105)
	at VerificationCertainesInformationsSontIncorrectes.run(VerificationCertainesInformationsSontIncorrectes:85)
	at com.kms.katalon.core.main.ScriptEngine.run(ScriptEngine.java:194)
	at com.kms.katalon.core.main.ScriptEngine.runScriptAsRawText(ScriptEngine.java:119)
	at com.kms.katalon.core.main.TestCaseExecutor.runScript(TestCaseExecutor.java:448)
	at com.kms.katalon.core.main.TestCaseExecutor.doExecute(TestCaseExecutor.java:439)
	at com.kms.katalon.core.main.TestCaseExecutor.processExecutionPhase(TestCaseExecutor.java:418)
	at com.kms.katalon.core.main.TestCaseExecutor.accessMainPhase(TestCaseExecutor.java:410)
	at com.kms.katalon.core.main.TestCaseExecutor.execute(TestCaseExecutor.java:285)
	at com.kms.katalon.core.main.TestCaseMain.runTestCase(TestCaseMain.java:144)
	at com.kms.katalon.core.keyword.builtin.CallTestCaseKeyword$_callTestCase_closure1.doCall(CallTestCaseKeyword.groovy:59)
	at com.kms.katalon.core.keyword.builtin.CallTestCaseKeyword$_callTestCase_closure1.call(CallTestCaseKeyword.groovy)
	at com.kms.katalon.core.keyword.internal.KeywordMain.runKeyword(KeywordMain.groovy:75)
	at com.kms.katalon.core.keyword.builtin.CallTestCaseKeyword.callTestCase(CallTestCaseKeyword.groovy:81)
	at com.kms.katalon.core.keyword.builtin.CallTestCaseKeyword.execute(CallTestCaseKeyword.groovy:44)
	at com.kms.katalon.core.keyword.internal.KeywordExecutor.executeKeywordForPlatform(KeywordExecutor.groovy:74)
	at com.kms.katalon.core.keyword.BuiltinKeywords.callTestCase(BuiltinKeywords.groovy:310)
	at com.kazurayam.ksbackyard.HighlightElement$_pandemic_closure1.doCall(HighlightElement.groovy:105)
	at Creer Votre Compte.run(Creer Votre Compte:109)
	at com.kms.katalon.core.main.ScriptEngine.run(ScriptEngine.java:194)
	at com.kms.katalon.core.main.ScriptEngine.runScriptAsRawText(ScriptEngine.java:119)
	at com.kms.katalon.core.main.TestCaseExecutor.runScript(TestCaseExecutor.java:448)
	at com.kms.katalon.core.main.TestCaseExecutor.doExecute(TestCaseExecutor.java:439)
	at com.kms.katalon.core.main.TestCaseExecutor.processExecutionPhase(TestCaseExecutor.java:418)
	at com.kms.katalon.core.main.TestCaseExecutor.accessMainPhase(TestCaseExecutor.java:410)
	at com.kms.katalon.core.main.TestCaseExecutor.execute(TestCaseExecutor.java:285)
	at com.kms.katalon.core.main.TestCaseMain.runTestCase(TestCaseMain.java:144)
	at com.kms.katalon.core.keyword.builtin.CallTestCaseKeyword$_callTestCase_closure1.doCall(CallTestCaseKeyword.groovy:59)
	at com.kms.katalon.core.keyword.builtin.CallTestCaseKeyword$_callTestCase_closure1.call(CallTestCaseKeyword.groovy)
	at com.kms.katalon.core.keyword.internal.KeywordMain.runKeyword(KeywordMain.groovy:75)
	at com.kms.katalon.core.keyword.builtin.CallTestCaseKeyword.callTestCase(CallTestCaseKeyword.groovy:81)
	at com.kms.katalon.core.keyword.builtin.CallTestCaseKeyword.execute(CallTestCaseKeyword.groovy:44)
	at com.kms.katalon.core.keyword.internal.KeywordExecutor.executeKeywordForPlatform(KeywordExecutor.groovy:74)
	at com.kms.katalon.core.keyword.BuiltinKeywords.callTestCase(BuiltinKeywords.groovy:310)
	at com.kazurayam.ksbackyard.HighlightElement$_pandemic_closure1.doCall(HighlightElement.groovy:105)
	at TNR R.TSPT Supp90-Etudiant.run(TNR R.TSPT Supp90-Etudiant:30)
	at com.kms.katalon.core.main.ScriptEngine.run(ScriptEngine.java:194)
	at com.kms.katalon.core.main.ScriptEngine.runScriptAsRawText(ScriptEngine.java:119)
	at com.kms.katalon.core.main.TestCaseExecutor.runScript(TestCaseExecutor.java:448)
	at com.kms.katalon.core.main.TestCaseExecutor.doExecute(TestCaseExecutor.java:439)
	at com.kms.katalon.core.main.TestCaseExecutor.processExecutionPhase(TestCaseExecutor.java:418)
	at com.kms.katalon.core.main.TestCaseExecutor.accessMainPhase(TestCaseExecutor.java:410)
	at com.kms.katalon.core.main.TestCaseExecutor.execute(TestCaseExecutor.java:285)
	at com.kms.katalon.core.common.CommonExecutor.accessTestCaseMainPhase(CommonExecutor.java:65)
	at com.kms.katalon.core.main.TestSuiteExecutor.accessTestSuiteMainPhase(TestSuiteExecutor.java:148)
	at com.kms.katalon.core.main.TestSuiteExecutor.execute(TestSuiteExecutor.java:106)
	at com.kms.katalon.core.main.TestCaseMain.startTestSuite(TestCaseMain.java:187)
	at com.kms.katalon.core.main.TestCaseMain$startTestSuite$0.call(Unknown Source)
	at TempTestSuite1700747757013.run(TempTestSuite1700747757013.groovy:36)
)

2023-11-23 15:05:41 - [MESSAGE][INFO] - Finding Test Object 'Object Repository/Connexion Usager/lbl_CertainesInformationsSaisiesSontIncorrectes'

2023-11-23 15:05:41 - [MESSAGE][INFO] - Checking object

2023-11-23 15:05:41 - [MESSAGE][INFO] - Finding web element from Test Object's properties

2023-11-23 15:05:41 - [MESSAGE][INFO] - Checking timeout

2023-11-23 15:05:41 - [MESSAGE][INFO] - Finding web element with id: 'Object Repository/Connexion Usager/lbl_CertainesInformationsSaisiesSontIncorrectes' located by 'By.xpath: //p' in '5' second(s)

2023-11-23 15:05:41 - [MESSAGE][INFO] - Smart Wait Function is triggered

2023-11-23 15:05:41 - [MESSAGE][INFO] - Smart Wait Function is triggered

2023-11-23 15:05:41 - [MESSAGE][INFO] - Smart Wait Function is triggered

2023-11-23 15:05:41 - [MESSAGE][INFO] - Smart Wait Function is triggered

2023-11-23 15:05:41 - [MESSAGE][INFO] - Smart Wait Function is triggered

2023-11-23 15:05:41 - [MESSAGE][INFO] - Smart Wait Function is triggered

2023-11-23 15:05:41 - [MESSAGE][INFO] - Smart Wait Function is triggered

2023-11-23 15:05:41 - [MESSAGE][INFO] - Smart Wait Function is triggered

2023-11-23 15:05:42 - [MESSAGE][INFO] - Smart Wait Function is triggered

2023-11-23 15:05:42 - [MESSAGE][INFO] - Smart Wait Function is triggered

2023-11-23 15:05:42 - [MESSAGE][INFO] - Smart Wait Function is triggered

2023-11-23 15:05:42 - [MESSAGE][INFO] - Smart Wait Function is triggered

2023-11-23 15:05:42 - [MESSAGE][INFO] - Smart Wait Function is triggered

2023-11-23 15:05:42 - [MESSAGE][INFO] - Smart Wait Function is triggered

2023-11-23 15:05:42 - [MESSAGE][INFO] - Smart Wait Function is triggered

2023-11-23 15:05:42 - [MESSAGE][INFO] - Smart Wait Function is triggered

2023-11-23 15:05:42 - [MESSAGE][INFO] - Smart Wait Function is triggered

2023-11-23 15:05:42 - [MESSAGE][INFO] - Smart Wait Function is triggered

2023-11-23 15:05:42 - [MESSAGE][INFO] - Smart Wait Function is triggered

2023-11-23 15:05:42 - [MESSAGE][INFO] - Smart Wait Function is triggered

2023-11-23 15:05:42 - [MESSAGE][INFO] - Smart Wait Function is triggered

2023-11-23 15:05:42 - [MESSAGE][INFO] - Smart Wait Function is triggered

2023-11-23 15:05:42 - [MESSAGE][INFO] - Smart Wait Function is triggered

2023-11-23 15:05:42 - [MESSAGE][INFO] - Smart Wait Function is triggered

2023-11-23 15:05:42 - [MESSAGE][INFO] - Smart Wait Function is triggered

2023-11-23 15:05:42 - [MESSAGE][INFO] - Smart Wait Function is triggered

2023-11-23 15:05:42 - [MESSAGE][INFO] - Smart Wait Function is triggered

2023-11-23 15:05:42 - [MESSAGE][INFO] - Smart Wait Function is triggered

2023-11-23 15:05:42 - [MESSAGE][INFO] - Smart Wait Function is triggered

2023-11-23 15:05:42 - [MESSAGE][INFO] - Smart Wait Function is triggered

2023-11-23 15:05:42 - [MESSAGE][INFO] - Smart Wait Function is triggered

2023-11-23 15:05:42 - [MESSAGE][INFO] - Smart Wait Function is triggered

2023-11-23 15:05:42 - [MESSAGE][INFO] - Smart Wait Function is triggered

2023-11-23 15:05:42 - [MESSAGE][INFO] - Smart Wait Function is triggered

2023-11-23 15:05:42 - [MESSAGE][INFO] - Smart Wait Function is triggered

2023-11-23 15:05:42 - [MESSAGE][INFO] - Smart Wait Function is triggered

2023-11-23 15:05:42 - [MESSAGE][INFO] - Smart Wait Function is triggered

2023-11-23 15:05:42 - [MESSAGE][INFO] - Smart Wait Function is triggered

2023-11-23 15:05:42 - [MESSAGE][INFO] - Smart Wait Function is triggered

2023-11-23 15:05:43 - [MESSAGE][INFO] - Smart Wait Function is triggered

2023-11-23 15:05:43 - [MESSAGE][INFO] - Smart Wait Function is triggered

2023-11-23 15:05:43 - [MESSAGE][INFO] - Smart Wait Function is triggered

2023-11-23 15:05:43 - [MESSAGE][INFO] - Smart Wait Function is triggered

2023-11-23 15:05:43 - [MESSAGE][INFO] - Smart Wait Function is triggered

2023-11-23 15:05:43 - [MESSAGE][INFO] - Smart Wait Function is triggered

2023-11-23 15:05:43 - [MESSAGE][INFO] - Smart Wait Function is triggered

2023-11-23 15:05:43 - [MESSAGE][INFO] - Smart Wait Function is triggered

2023-11-23 15:05:43 - [MESSAGE][INFO] - Smart Wait Function is triggered

2023-11-23 15:05:43 - [MESSAGE][INFO] - Smart Wait Function is triggered

2023-11-23 15:05:43 - [MESSAGE][INFO] - Smart Wait Function is triggered

2023-11-23 15:05:43 - [MESSAGE][INFO] - Smart Wait Function is triggered

2023-11-23 15:05:43 - [MESSAGE][INFO] - Smart Wait Function is triggered

2023-11-23 15:05:43 - [MESSAGE][INFO] - Smart Wait Function is triggered

2023-11-23 15:05:43 - [MESSAGE][INFO] - Smart Wait Function is triggered

2023-11-23 15:05:43 - [MESSAGE][INFO] - Smart Wait Function is triggered

2023-11-23 15:05:43 - [MESSAGE][INFO] - Smart Wait Function is triggered

2023-11-23 15:05:43 - [MESSAGE][INFO] - Smart Wait Function is triggered

2023-11-23 15:05:43 - [MESSAGE][INFO] - Smart Wait Function is triggered

2023-11-23 15:05:43 - [MESSAGE][INFO] - Smart Wait Function is triggered

2023-11-23 15:05:43 - [MESSAGE][INFO] - Smart Wait Function is triggered

2023-11-23 15:05:43 - [MESSAGE][INFO] - Smart Wait Function is triggered

2023-11-23 15:05:43 - [MESSAGE][INFO] - Smart Wait Function is triggered

2023-11-23 15:05:43 - [MESSAGE][INFO] - Smart Wait Function is triggered

2023-11-23 15:05:43 - [MESSAGE][INFO] - Smart Wait Function is triggered

2023-11-23 15:05:43 - [MESSAGE][INFO] - Smart Wait Function is triggered

2023-11-23 15:05:43 - [MESSAGE][INFO] - Smart Wait Function is triggered

2023-11-23 15:05:43 - [MESSAGE][INFO] - Smart Wait Function is triggered

2023-11-23 15:05:43 - [MESSAGE][INFO] - Smart Wait Function is triggered

2023-11-23 15:05:43 - [MESSAGE][INFO] - Smart Wait Function is triggered

2023-11-23 15:05:43 - [MESSAGE][INFO] - Smart Wait Function is triggered

2023-11-23 15:05:44 - [MESSAGE][INFO] - Smart Wait Function is triggered

2023-11-23 15:05:44 - [MESSAGE][INFO] - Smart Wait Function is triggered

2023-11-23 15:05:44 - [MESSAGE][INFO] - Smart Wait Function is triggered

2023-11-23 15:05:44 - [MESSAGE][INFO] - Smart Wait Function is triggered

2023-11-23 15:05:44 - [MESSAGE][INFO] - Smart Wait Function is triggered

2023-11-23 15:05:44 - [MESSAGE][INFO] - Smart Wait Function is triggered

2023-11-23 15:05:44 - [MESSAGE][INFO] - Smart Wait Function is triggered

2023-11-23 15:05:44 - [MESSAGE][INFO] - Smart Wait Function is triggered

2023-11-23 15:05:44 - [MESSAGE][INFO] - Smart Wait Function is triggered

2023-11-23 15:05:44 - [MESSAGE][INFO] - Smart Wait Function is triggered

2023-11-23 15:05:44 - [MESSAGE][INFO] - Smart Wait Function is triggered

2023-11-23 15:05:44 - [MESSAGE][INFO] - Smart Wait Function is triggered

2023-11-23 15:05:44 - [MESSAGE][INFO] - Smart Wait Function is triggered

2023-11-23 15:05:44 - [MESSAGE][INFO] - Smart Wait Function is triggered

2023-11-23 15:05:44 - [MESSAGE][INFO] - Smart Wait Function is triggered

2023-11-23 15:05:44 - [MESSAGE][INFO] - Smart Wait Function is triggered

2023-11-23 15:05:44 - [MESSAGE][INFO] - Smart Wait Function is triggered

2023-11-23 15:05:44 - [MESSAGE][INFO] - Smart Wait Function is triggered

2023-11-23 15:05:44 - [MESSAGE][INFO] - Smart Wait Function is triggered

2023-11-23 15:05:44 - [MESSAGE][INFO] - Smart Wait Function is triggered

2023-11-23 15:05:44 - [MESSAGE][INFO] - Smart Wait Function is triggered

2023-11-23 15:05:44 - [MESSAGE][INFO] - Smart Wait Function is triggered

2023-11-23 15:05:44 - [MESSAGE][INFO] - Smart Wait Function is triggered

2023-11-23 15:05:44 - [MESSAGE][INFO] - Smart Wait Function is triggered

2023-11-23 15:05:44 - [MESSAGE][INFO] - Smart Wait Function is triggered

2023-11-23 15:05:44 - [MESSAGE][INFO] - Smart Wait Function is triggered

2023-11-23 15:05:44 - [MESSAGE][INFO] - Smart Wait Function is triggered

2023-11-23 15:05:44 - [MESSAGE][INFO] - Smart Wait Function is triggered

2023-11-23 15:05:44 - [MESSAGE][INFO] - Smart Wait Function is triggered

2023-11-23 15:05:44 - [MESSAGE][INFO] - Smart Wait Function is triggered

2023-11-23 15:05:44 - [MESSAGE][INFO] - Smart Wait Function is triggered

2023-11-23 15:05:44 - [MESSAGE][INFO] - Smart Wait Function is triggered

2023-11-23 15:05:45 - [MESSAGE][INFO] - Smart Wait Function is triggered

2023-11-23 15:05:45 - [MESSAGE][INFO] - Smart Wait Function is triggered

2023-11-23 15:05:45 - [MESSAGE][INFO] - Smart Wait Function is triggered

2023-11-23 15:05:45 - [MESSAGE][INFO] - Smart Wait Function is triggered

2023-11-23 15:05:45 - [MESSAGE][INFO] - Smart Wait Function is triggered

2023-11-23 15:05:45 - [MESSAGE][INFO] - Smart Wait Function is triggered

2023-11-23 15:05:45 - [MESSAGE][INFO] - Smart Wait Function is triggered

2023-11-23 15:05:45 - [MESSAGE][INFO] - Smart Wait Function is triggered

2023-11-23 15:05:45 - [MESSAGE][INFO] - Smart Wait Function is triggered

2023-11-23 15:05:45 - [MESSAGE][INFO] - Smart Wait Function is triggered

2023-11-23 15:05:45 - [MESSAGE][INFO] - Smart Wait Function is triggered

2023-11-23 15:05:45 - [MESSAGE][INFO] - Smart Wait Function is triggered

2023-11-23 15:05:45 - [MESSAGE][INFO] - Smart Wait Function is triggered

2023-11-23 15:05:45 - [MESSAGE][INFO] - Smart Wait Function is triggered

2023-11-23 15:05:45 - [MESSAGE][INFO] - Smart Wait Function is triggered

2023-11-23 15:05:45 - [MESSAGE][INFO] - Smart Wait Function is triggered

2023-11-23 15:05:45 - [MESSAGE][INFO] - Smart Wait Function is triggered

2023-11-23 15:05:45 - [MESSAGE][INFO] - Smart Wait Function is triggered

2023-11-23 15:05:45 - [MESSAGE][INFO] - Smart Wait Function is triggered

2023-11-23 15:05:45 - [MESSAGE][INFO] - Smart Wait Function is triggered

2023-11-23 15:05:45 - [MESSAGE][INFO] - Smart Wait Function is triggered

2023-11-23 15:05:45 - [MESSAGE][INFO] - Smart Wait Function is triggered

2023-11-23 15:05:45 - [MESSAGE][INFO] - Smart Wait Function is triggered

2023-11-23 15:05:45 - [MESSAGE][INFO] - Smart Wait Function is triggered

2023-11-23 15:05:45 - [MESSAGE][INFO] - Smart Wait Function is triggered

2023-11-23 15:05:45 - [MESSAGE][INFO] - Smart Wait Function is triggered

2023-11-23 15:05:45 - [MESSAGE][INFO] - Smart Wait Function is triggered

2023-11-23 15:05:45 - [MESSAGE][INFO] - Smart Wait Function is triggered

2023-11-23 15:05:45 - [MESSAGE][INFO] - Smart Wait Function is triggered

2023-11-23 15:05:45 - [MESSAGE][INFO] - Smart Wait Function is triggered

2023-11-23 15:05:45 - [MESSAGE][INFO] - Smart Wait Function is triggered

2023-11-23 15:05:45 - [MESSAGE][INFO] - Smart Wait Function is triggered

2023-11-23 15:05:46 - [MESSAGE][INFO] - Smart Wait Function is triggered

2023-11-23 15:05:46 - [MESSAGE][INFO] - Smart Wait Function is triggered

2023-11-23 15:05:46 - [MESSAGE][INFO] - Smart Wait Function is triggered

2023-11-23 15:05:46 - [MESSAGE][INFO] - Smart Wait Function is triggered

2023-11-23 15:05:46 - [MESSAGE][INFO] - Smart Wait Function is triggered

2023-11-23 15:05:46 - [MESSAGE][INFO] - Smart Wait Function is triggered

2023-11-23 15:05:46 - [MESSAGE][INFO] - Smart Wait Function is triggered

2023-11-23 15:05:46 - [MESSAGE][INFO] - Smart Wait Function is triggered

2023-11-23 15:05:46 - [MESSAGE][INFO] - Smart Wait Function is triggered

2023-11-23 15:05:46 - [MESSAGE][INFO] - Smart Wait Function is triggered

2023-11-23 15:05:46 - [MESSAGE][INFO] - Smart Wait Function is triggered

2023-11-23 15:05:46 - [MESSAGE][INFO] - Smart Wait Function is triggered

2023-11-23 15:05:46 - [MESSAGE][INFO] - Smart Wait Function is triggered

2023-11-23 15:05:46 - [MESSAGE][INFO] - Smart Wait Function is triggered

2023-11-23 15:05:46 - [MESSAGE][INFO] - Smart Wait Function is triggered

2023-11-23 15:05:46 - [MESSAGE][INFO] - Smart Wait Function is triggered

2023-11-23 15:05:46 - [MESSAGE][INFO] - Smart Wait Function is triggered

2023-11-23 15:05:46 - [MESSAGE][INFO] - Smart Wait Function is triggered

2023-11-23 15:05:46 - [MESSAGE][INFO] - Smart Wait Function is triggered

2023-11-23 15:05:46 - [MESSAGE][INFO] - Smart Wait Function is triggered

2023-11-23 15:05:46 - [MESSAGE][INFO] - Smart Wait Function is triggered

2023-11-23 15:05:46 - [MESSAGE][INFO] - Smart Wait Function is triggered

2023-11-23 15:05:46 - [MESSAGE][INFO] - Smart Wait Function is triggered

2023-11-23 15:05:46 - [MESSAGE][INFO] - Smart Wait Function is triggered

2023-11-23 15:05:46 - [MESSAGE][INFO] - Smart Wait Function is triggered

2023-11-23 15:05:46 - [MESSAGE][INFO] - Smart Wait Function is triggered

2023-11-23 15:05:46 - [MESSAGE][INFO] - Smart Wait Function is triggered

2023-11-23 15:05:46 - [MESSAGE][INFO] - Smart Wait Function is triggered

2023-11-23 15:05:46 - [MESSAGE][INFO] - Smart Wait Function is triggered

2023-11-23 15:05:46 - [MESSAGE][INFO] - Smart Wait Function is triggered

2023-11-23 15:05:46 - [MESSAGE][INFO] - Smart Wait Function is triggered

2023-11-23 15:05:46 - [MESSAGE][INFO] - Smart Wait Function is triggered

2023-11-23 15:05:47 - [MESSAGE][INFO] - Smart Wait Function is triggered

2023-11-23 15:05:47 - [MESSAGE][INFO] - Smart Wait Function is triggered

2023-11-23 15:05:47 - [MESSAGE][INFO] - Smart Wait Function is triggered

2023-11-23 15:05:47 - [MESSAGE][INFO] - Smart Wait Function is triggered

2023-11-23 15:05:47 - [MESSAGE][INFO] - Smart Wait Function is triggered

2023-11-23 15:05:47 - [MESSAGE][INFO] - Smart Wait Function is triggered

2023-11-23 15:05:47 - [MESSAGE][INFO] - Smart Wait Function is triggered

2023-11-23 15:05:47 - [MESSAGE][INFO] - Smart Wait Function is triggered

2023-11-23 15:05:47 - [MESSAGE][INFO] - Smart Wait Function is triggered

2023-11-23 15:05:47 - [MESSAGE][INFO] - Smart Wait Function is triggered

2023-11-23 15:05:47 - [MESSAGE][INFO] - Smart Wait Function is triggered

2023-11-23 15:05:47 - [MESSAGE][INFO] - Smart Wait Function is triggered

2023-11-23 15:05:47 - [MESSAGE][INFO] - Smart Wait Function is triggered

2023-11-23 15:05:47 - [MESSAGE][INFO] - Smart Wait Function is triggered

2023-11-23 15:05:47 - [MESSAGE][INFO] - Smart Wait Function is triggered

2023-11-23 15:05:47 - [MESSAGE][INFO] - Smart Wait Function is triggered

2023-11-23 15:05:47 - [MESSAGE][INFO] - Smart Wait Function is triggered

2023-11-23 15:05:47 - [MESSAGE][INFO] - Smart Wait Function is triggered

2023-11-23 15:05:47 - [MESSAGE][INFO] - Smart Wait Function is triggered

2023-11-23 15:05:47 - [MESSAGE][INFO] - Smart Wait Function is triggered

2023-11-23 15:05:47 - [MESSAGE][INFO] - Smart Wait Function is triggered

2023-11-23 15:05:47 - [MESSAGE][INFO] - Smart Wait Function is triggered

2023-11-23 15:05:47 - [MESSAGE][INFO] - Smart Wait Function is triggered

2023-11-23 15:05:47 - [MESSAGE][INFO] - Smart Wait Function is triggered

2023-11-23 15:05:47 - [MESSAGE][INFO] - Unable to find the element located by 'By.xpath: //p'. Please recheck the objects properties to make sure the desired element is located. 

2023-11-23 15:05:48 - [MESSAGE][WARNING] - Web element with id: 'Object Repository/Connexion Usager/lbl_CertainesInformationsSaisiesSontIncorrectes' located by '//p' not found (Root cause: com.kms.katalon.core.exception.StepFailedException: Web element with id: 'Object Repository/Connexion Usager/lbl_CertainesInformationsSaisiesSontIncorrectes' located by '//p' not found
	at com.kms.katalon.core.webui.keyword.internal.WebUIKeywordMain.stepFailed(WebUIKeywordMain.groovy:64)
	at com.kms.katalon.core.webui.keyword.builtin.VerifyElementVisibleKeyword$_verifyElementVisible_closure1.doCall(VerifyElementVisibleKeyword.groovy:89)
	at com.kms.katalon.core.webui.keyword.builtin.VerifyElementVisibleKeyword$_verifyElementVisible_closure1.call(VerifyElementVisibleKeyword.groovy)
	at com.kms.katalon.core.webui.keyword.internal.WebUIKeywordMain.runKeyword(WebUIKeywordMain.groovy:20)
	at com.kms.katalon.core.webui.keyword.builtin.VerifyElementVisibleKeyword.verifyElementVisible(VerifyElementVisibleKeyword.groovy:97)
	at com.kms.katalon.core.webui.keyword.builtin.VerifyElementVisibleKeyword.execute(VerifyElementVisibleKeyword.groovy:67)
	at com.kms.katalon.core.keyword.internal.KeywordExecutor.executeKeywordForPlatform(KeywordExecutor.groovy:74)
	at com.kms.katalon.core.webui.keyword.WebUiBuiltInKeywords.verifyElementVisible(WebUiBuiltInKeywords.groovy:362)
	at com.kazurayam.ksbackyard.HighlightElement$_pandemic_closure1.doCall(HighlightElement.groovy:105)
	at VerificationCertainesInformationsSontIncorrectes.run(VerificationCertainesInformationsSontIncorrectes:85)
	at com.kms.katalon.core.main.ScriptEngine.run(ScriptEngine.java:194)
	at com.kms.katalon.core.main.ScriptEngine.runScriptAsRawText(ScriptEngine.java:119)
	at com.kms.katalon.core.main.TestCaseExecutor.runScript(TestCaseExecutor.java:448)
	at com.kms.katalon.core.main.TestCaseExecutor.doExecute(TestCaseExecutor.java:439)
	at com.kms.katalon.core.main.TestCaseExecutor.processExecutionPhase(TestCaseExecutor.java:418)
	at com.kms.katalon.core.main.TestCaseExecutor.accessMainPhase(TestCaseExecutor.java:410)
	at com.kms.katalon.core.main.TestCaseExecutor.execute(TestCaseExecutor.java:285)
	at com.kms.katalon.core.main.TestCaseMain.runTestCase(TestCaseMain.java:144)
	at com.kms.katalon.core.keyword.builtin.CallTestCaseKeyword$_callTestCase_closure1.doCall(CallTestCaseKeyword.groovy:59)
	at com.kms.katalon.core.keyword.builtin.CallTestCaseKeyword$_callTestCase_closure1.call(CallTestCaseKeyword.groovy)
	at com.kms.katalon.core.keyword.internal.KeywordMain.runKeyword(KeywordMain.groovy:75)
	at com.kms.katalon.core.keyword.builtin.CallTestCaseKeyword.callTestCase(CallTestCaseKeyword.groovy:81)
	at com.kms.katalon.core.keyword.builtin.CallTestCaseKeyword.execute(CallTestCaseKeyword.groovy:44)
	at com.kms.katalon.core.keyword.internal.KeywordExecutor.executeKeywordForPlatform(KeywordExecutor.groovy:74)
	at com.kms.katalon.core.keyword.BuiltinKeywords.callTestCase(BuiltinKeywords.groovy:310)
	at com.kazurayam.ksbackyard.HighlightElement$_pandemic_closure1.doCall(HighlightElement.groovy:105)
	at Creer Votre Compte.run(Creer Votre Compte:109)
	at com.kms.katalon.core.main.ScriptEngine.run(ScriptEngine.java:194)
	at com.kms.katalon.core.main.ScriptEngine.runScriptAsRawText(ScriptEngine.java:119)
	at com.kms.katalon.core.main.TestCaseExecutor.runScript(TestCaseExecutor.java:448)
	at com.kms.katalon.core.main.TestCaseExecutor.doExecute(TestCaseExecutor.java:439)
	at com.kms.katalon.core.main.TestCaseExecutor.processExecutionPhase(TestCaseExecutor.java:418)
	at com.kms.katalon.core.main.TestCaseExecutor.accessMainPhase(TestCaseExecutor.java:410)
	at com.kms.katalon.core.main.TestCaseExecutor.execute(TestCaseExecutor.java:285)
	at com.kms.katalon.core.main.TestCaseMain.runTestCase(TestCaseMain.java:144)
	at com.kms.katalon.core.keyword.builtin.CallTestCaseKeyword$_callTestCase_closure1.doCall(CallTestCaseKeyword.groovy:59)
	at com.kms.katalon.core.keyword.builtin.CallTestCaseKeyword$_callTestCase_closure1.call(CallTestCaseKeyword.groovy)
	at com.kms.katalon.core.keyword.internal.KeywordMain.runKeyword(KeywordMain.groovy:75)
	at com.kms.katalon.core.keyword.builtin.CallTestCaseKeyword.callTestCase(CallTestCaseKeyword.groovy:81)
	at com.kms.katalon.core.keyword.builtin.CallTestCaseKeyword.execute(CallTestCaseKeyword.groovy:44)
	at com.kms.katalon.core.keyword.internal.KeywordExecutor.executeKeywordForPlatform(KeywordExecutor.groovy:74)
	at com.kms.katalon.core.keyword.BuiltinKeywords.callTestCase(BuiltinKeywords.groovy:310)
	at com.kazurayam.ksbackyard.HighlightElement$_pandemic_closure1.doCall(HighlightElement.groovy:105)
	at TNR R.TSPT Supp90-Etudiant.run(TNR R.TSPT Supp90-Etudiant:30)
	at com.kms.katalon.core.main.ScriptEngine.run(ScriptEngine.java:194)
	at com.kms.katalon.core.main.ScriptEngine.runScriptAsRawText(ScriptEngine.java:119)
	at com.kms.katalon.core.main.TestCaseExecutor.runScript(TestCaseExecutor.java:448)
	at com.kms.katalon.core.main.TestCaseExecutor.doExecute(TestCaseExecutor.java:439)
	at com.kms.katalon.core.main.TestCaseExecutor.processExecutionPhase(TestCaseExecutor.java:418)
	at com.kms.katalon.core.main.TestCaseExecutor.accessMainPhase(TestCaseExecutor.java:410)
	at com.kms.katalon.core.main.TestCaseExecutor.execute(TestCaseExecutor.java:285)
	at com.kms.katalon.core.common.CommonExecutor.accessTestCaseMainPhase(CommonExecutor.java:65)
	at com.kms.katalon.core.main.TestSuiteExecutor.accessTestSuiteMainPhase(TestSuiteExecutor.java:148)
	at com.kms.katalon.core.main.TestSuiteExecutor.execute(TestSuiteExecutor.java:106)
	at com.kms.katalon.core.main.TestCaseMain.startTestSuite(TestCaseMain.java:187)
	at com.kms.katalon.core.main.TestCaseMain$startTestSuite$0.call(Unknown Source)
	at TempTestSuite1700747757013.run(TempTestSuite1700747757013.groovy:36)
)
[[ATTACHMENT|C:\\Users\\ISSAM.RHARBAOUI\\git\\22_11\\ANEF-AutomatizationProject\\Reports\\20231123_145557\\TS_TNR_R.TSPT_Suppo90\\20231123_145557\\1700748347785.png]]

2023-11-23 15:05:48 - [TEST_STEP][PASSED] - if (MsgAlertPresent): null

2023-11-23 15:05:48 - [TEST_STEP][PASSED] - else: Vos informations ne sont pas associÃ©es Ã  un compte ==>> CrÃ©ation d'un nouveau Compte avec ces Informations.

2023-11-23 15:05:48 - [TEST_STEP][PASSED] - markPassed("Vos informations ne sont pas associÃ©es Ã  un compte ==>> CrÃ©ation d'un nouveau Compte avec ces Informations."): Vos informations ne sont pas associÃ©es Ã  un compte ==>> CrÃ©ation d'un nouveau Compte avec ces Informations.

2023-11-23 15:05:48 - [MESSAGE][PASSED] - Vos informations ne sont pas associÃ©es Ã  un compte ==>> CrÃ©ation d'un nouveau Compte avec ces Informations.

2023-11-23 15:05:48 - [TEST_STEP][PASSED] - waitForPageLoad(2): Wait for page load successfully

2023-11-23 15:05:48 - [MESSAGE][INFO] - Checking timeout

2023-11-23 15:05:48 - [MESSAGE][PASSED] - Wait for page load successfully

2023-11-23 15:05:48 - [MESSAGE][PASSED] - Call Test Case 'Test Cases/Test Reutilisable/Main/VerificationCertainesInformationsSontIncorrectes' successfully

2023-11-23 15:05:48 - [TEST_STEP][PASSED] - if (StopTestCase == true): null

2023-11-23 15:05:48 - [TEST_STEP][PASSED] - "VÃ©rification si le compte existe dÃ©jÃ (message Erreur : Il semblerait que vos informations soient dÃ©jÃ  associÃ©es Ã  un compte.)": null

2023-11-23 15:05:48 - [TEST_STEP][PASSED] - callTestCase(findTestCase("Test Cases/Test Reutilisable/Main/VerificationSiCompteExisteDeja"), [:], OPTIONAL): Call Test Case 'Test Cases/Test Reutilisable/Main/VerificationSiCompteExisteDeja' successfully

2023-11-23 15:05:48 - [MESSAGE][INFO] - Checking called Test Case

2023-11-23 15:05:48 - [MESSAGE][INFO] - Starting to call Test Case 'Test Cases/Test Reutilisable/Main/VerificationSiCompteExisteDeja'

2023-11-23 15:05:48 - [TEST_CASE][PASSED] - Test Cases/Test Reutilisable/Main/VerificationSiCompteExisteDeja: Test Cases/Test Reutilisable/Main/VerificationSiCompteExisteDeja

2023-11-23 15:05:48 - [TEST_STEP][PASSED] - "VÃ©rification si le compte existe dÃ©jÃ (message Erreur : Il semblerait que vos informations soient dÃ©jÃ  associÃ©es Ã  un compte.)": null

2023-11-23 15:05:48 - [TEST_STEP][PASSED] - delay(3): Delayed 3 second(s)

2023-11-23 15:05:48 - [MESSAGE][INFO] - Delaying browser in 3 second(s)

2023-11-23 15:05:51 - [MESSAGE][PASSED] - Delayed 3 second(s)

2023-11-23 15:05:51 - [TEST_STEP][PASSED] - StopTestCase = false: null

2023-11-23 15:05:51 - [TEST_STEP][PASSED] - MsgAlertPresent = verifyElementPresent(findTestObject("Object Repository/Connexion Usager/Verif_PopUpCompteExisteDeja"), 2, OPTIONAL): com.kms.katalon.core.webui.exception.WebElementNotFoundException: Web element with id: 'Object Repository/Connexion Usager/Verif_PopUpCompteExisteDeja' located by '/html/body/div[1]/div[1]/p[1]' not found (Root cause: com.kms.katalon.core.exception.StepFailedException: com.kms.katalon.core.webui.exception.WebElementNotFoundException: Web element with id: 'Object Repository/Connexion Usager/Verif_PopUpCompteExisteDeja' located by '/html/body/div[1]/div[1]/p[1]' not found
	at com.kms.katalon.core.webui.keyword.internal.WebUIKeywordMain.stepFailed(WebUIKeywordMain.groovy:64)
	at com.kms.katalon.core.webui.keyword.builtin.VerifyElementPresentKeyword$_verifyElementPresent_closure1.doCall(VerifyElementPresentKeyword.groovy:85)
	at com.kms.katalon.core.webui.keyword.builtin.VerifyElementPresentKeyword$_verifyElementPresent_closure1.call(VerifyElementPresentKeyword.groovy)
	at com.kms.katalon.core.webui.keyword.internal.WebUIKeywordMain.runKeyword(WebUIKeywordMain.groovy:20)
	at com.kms.katalon.core.webui.keyword.builtin.VerifyElementPresentKeyword.verifyElementPresent(VerifyElementPresentKeyword.groovy:92)
	at com.kms.katalon.core.webui.keyword.builtin.VerifyElementPresentKeyword.execute(VerifyElementPresentKeyword.groovy:68)
	at com.kms.katalon.core.keyword.internal.KeywordExecutor.executeKeywordForPlatform(KeywordExecutor.groovy:74)
	at com.kms.katalon.core.webui.keyword.WebUiBuiltInKeywords.verifyElementPresent(WebUiBuiltInKeywords.groovy:1448)
	at com.kazurayam.ksbackyard.HighlightElement$_pandemic_closure1.doCall(HighlightElement.groovy:105)
	at VerificationSiCompteExisteDeja.run(VerificationSiCompteExisteDeja:69)
	at com.kms.katalon.core.main.ScriptEngine.run(ScriptEngine.java:194)
	at com.kms.katalon.core.main.ScriptEngine.runScriptAsRawText(ScriptEngine.java:119)
	at com.kms.katalon.core.main.TestCaseExecutor.runScript(TestCaseExecutor.java:448)
	at com.kms.katalon.core.main.TestCaseExecutor.doExecute(TestCaseExecutor.java:439)
	at com.kms.katalon.core.main.TestCaseExecutor.processExecutionPhase(TestCaseExecutor.java:418)
	at com.kms.katalon.core.main.TestCaseExecutor.accessMainPhase(TestCaseExecutor.java:410)
	at com.kms.katalon.core.main.TestCaseExecutor.execute(TestCaseExecutor.java:285)
	at com.kms.katalon.core.main.TestCaseMain.runTestCase(TestCaseMain.java:144)
	at com.kms.katalon.core.keyword.builtin.CallTestCaseKeyword$_callTestCase_closure1.doCall(CallTestCaseKeyword.groovy:59)
	at com.kms.katalon.core.keyword.builtin.CallTestCaseKeyword$_callTestCase_closure1.call(CallTestCaseKeyword.groovy)
	at com.kms.katalon.core.keyword.internal.KeywordMain.runKeyword(KeywordMain.groovy:75)
	at com.kms.katalon.core.keyword.builtin.CallTestCaseKeyword.callTestCase(CallTestCaseKeyword.groovy:81)
	at com.kms.katalon.core.keyword.builtin.CallTestCaseKeyword.execute(CallTestCaseKeyword.groovy:44)
	at com.kms.katalon.core.keyword.internal.KeywordExecutor.executeKeywordForPlatform(KeywordExecutor.groovy:74)
	at com.kms.katalon.core.keyword.BuiltinKeywords.callTestCase(BuiltinKeywords.groovy:310)
	at com.kazurayam.ksbackyard.HighlightElement$_pandemic_closure1.doCall(HighlightElement.groovy:105)
	at Creer Votre Compte.run(Creer Votre Compte:117)
	at com.kms.katalon.core.main.ScriptEngine.run(ScriptEngine.java:194)
	at com.kms.katalon.core.main.ScriptEngine.runScriptAsRawText(ScriptEngine.java:119)
	at com.kms.katalon.core.main.TestCaseExecutor.runScript(TestCaseExecutor.java:448)
	at com.kms.katalon.core.main.TestCaseExecutor.doExecute(TestCaseExecutor.java:439)
	at com.kms.katalon.core.main.TestCaseExecutor.processExecutionPhase(TestCaseExecutor.java:418)
	at com.kms.katalon.core.main.TestCaseExecutor.accessMainPhase(TestCaseExecutor.java:410)
	at com.kms.katalon.core.main.TestCaseExecutor.execute(TestCaseExecutor.java:285)
	at com.kms.katalon.core.main.TestCaseMain.runTestCase(TestCaseMain.java:144)
	at com.kms.katalon.core.keyword.builtin.CallTestCaseKeyword$_callTestCase_closure1.doCall(CallTestCaseKeyword.groovy:59)
	at com.kms.katalon.core.keyword.builtin.CallTestCaseKeyword$_callTestCase_closure1.call(CallTestCaseKeyword.groovy)
	at com.kms.katalon.core.keyword.internal.KeywordMain.runKeyword(KeywordMain.groovy:75)
	at com.kms.katalon.core.keyword.builtin.CallTestCaseKeyword.callTestCase(CallTestCaseKeyword.groovy:81)
	at com.kms.katalon.core.keyword.builtin.CallTestCaseKeyword.execute(CallTestCaseKeyword.groovy:44)
	at com.kms.katalon.core.keyword.internal.KeywordExecutor.executeKeywordForPlatform(KeywordExecutor.groovy:74)
	at com.kms.katalon.core.keyword.BuiltinKeywords.callTestCase(BuiltinKeywords.groovy:310)
	at com.kazurayam.ksbackyard.HighlightElement$_pandemic_closure1.doCall(HighlightElement.groovy:105)
	at TNR R.TSPT Supp90-Etudiant.run(TNR R.TSPT Supp90-Etudiant:30)
	at com.kms.katalon.core.main.ScriptEngine.run(ScriptEngine.java:194)
	at com.kms.katalon.core.main.ScriptEngine.runScriptAsRawText(ScriptEngine.java:119)
	at com.kms.katalon.core.main.TestCaseExecutor.runScript(TestCaseExecutor.java:448)
	at com.kms.katalon.core.main.TestCaseExecutor.doExecute(TestCaseExecutor.java:439)
	at com.kms.katalon.core.main.TestCaseExecutor.processExecutionPhase(TestCaseExecutor.java:418)
	at com.kms.katalon.core.main.TestCaseExecutor.accessMainPhase(TestCaseExecutor.java:410)
	at com.kms.katalon.core.main.TestCaseExecutor.execute(TestCaseExecutor.java:285)
	at com.kms.katalon.core.common.CommonExecutor.accessTestCaseMainPhase(CommonExecutor.java:65)
	at com.kms.katalon.core.main.TestSuiteExecutor.accessTestSuiteMainPhase(TestSuiteExecutor.java:148)
	at com.kms.katalon.core.main.TestSuiteExecutor.execute(TestSuiteExecutor.java:106)
	at com.kms.katalon.core.main.TestCaseMain.startTestSuite(TestCaseMain.java:187)
	at com.kms.katalon.core.main.TestCaseMain$startTestSuite$0.call(Unknown Source)
	at TempTestSuite1700747757013.run(TempTestSuite1700747757013.groovy:36)
)

2023-11-23 15:05:51 - [MESSAGE][INFO] - Finding Test Object 'Object Repository/Connexion Usager/Verif_PopUpCompteExisteDeja'

2023-11-23 15:05:51 - [MESSAGE][INFO] - Checking object

2023-11-23 15:05:51 - [MESSAGE][INFO] - Finding web element from Test Object's properties

2023-11-23 15:05:51 - [MESSAGE][INFO] - Checking timeout

2023-11-23 15:05:51 - [MESSAGE][INFO] - Finding web element with id: 'Object Repository/Connexion Usager/Verif_PopUpCompteExisteDeja' located by 'By.xpath: /html/body/div[1]/div[1]/p[1]' in '2' second(s)

2023-11-23 15:05:51 - [MESSAGE][INFO] - Smart Wait Function is triggered

2023-11-23 15:05:51 - [MESSAGE][INFO] - Smart Wait Function is triggered

2023-11-23 15:05:51 - [MESSAGE][INFO] - Smart Wait Function is triggered

2023-11-23 15:05:51 - [MESSAGE][INFO] - Smart Wait Function is triggered

2023-11-23 15:05:51 - [MESSAGE][INFO] - Smart Wait Function is triggered

2023-11-23 15:05:51 - [MESSAGE][INFO] - Smart Wait Function is triggered

2023-11-23 15:05:51 - [MESSAGE][INFO] - Smart Wait Function is triggered

2023-11-23 15:05:51 - [MESSAGE][INFO] - Smart Wait Function is triggered

2023-11-23 15:05:51 - [MESSAGE][INFO] - Smart Wait Function is triggered

2023-11-23 15:05:51 - [MESSAGE][INFO] - Smart Wait Function is triggered

2023-11-23 15:05:51 - [MESSAGE][INFO] - Smart Wait Function is triggered

2023-11-23 15:05:51 - [MESSAGE][INFO] - Smart Wait Function is triggered

2023-11-23 15:05:51 - [MESSAGE][INFO] - Smart Wait Function is triggered

2023-11-23 15:05:51 - [MESSAGE][INFO] - Smart Wait Function is triggered

2023-11-23 15:05:51 - [MESSAGE][INFO] - Smart Wait Function is triggered

2023-11-23 15:05:51 - [MESSAGE][INFO] - Smart Wait Function is triggered

2023-11-23 15:05:51 - [MESSAGE][INFO] - Smart Wait Function is triggered

2023-11-23 15:05:51 - [MESSAGE][INFO] - Smart Wait Function is triggered

2023-11-23 15:05:51 - [MESSAGE][INFO] - Smart Wait Function is triggered

2023-11-23 15:05:51 - [MESSAGE][INFO] - Smart Wait Function is triggered

2023-11-23 15:05:51 - [MESSAGE][INFO] - Smart Wait Function is triggered

2023-11-23 15:05:51 - [MESSAGE][INFO] - Smart Wait Function is triggered

2023-11-23 15:05:52 - [MESSAGE][INFO] - Smart Wait Function is triggered

2023-11-23 15:05:52 - [MESSAGE][INFO] - Smart Wait Function is triggered

2023-11-23 15:05:52 - [MESSAGE][INFO] - Smart Wait Function is triggered

2023-11-23 15:05:52 - [MESSAGE][INFO] - Smart Wait Function is triggered

2023-11-23 15:05:52 - [MESSAGE][INFO] - Smart Wait Function is triggered

2023-11-23 15:05:52 - [MESSAGE][INFO] - Smart Wait Function is triggered

2023-11-23 15:05:52 - [MESSAGE][INFO] - Smart Wait Function is triggered

2023-11-23 15:05:52 - [MESSAGE][INFO] - Smart Wait Function is triggered

2023-11-23 15:05:52 - [MESSAGE][INFO] - Smart Wait Function is triggered

2023-11-23 15:05:52 - [MESSAGE][INFO] - Smart Wait Function is triggered

2023-11-23 15:05:52 - [MESSAGE][INFO] - Smart Wait Function is triggered

2023-11-23 15:05:52 - [MESSAGE][INFO] - Smart Wait Function is triggered

2023-11-23 15:05:52 - [MESSAGE][INFO] - Smart Wait Function is triggered

2023-11-23 15:05:52 - [MESSAGE][INFO] - Smart Wait Function is triggered

2023-11-23 15:05:52 - [MESSAGE][INFO] - Smart Wait Function is triggered

2023-11-23 15:05:52 - [MESSAGE][INFO] - Smart Wait Function is triggered

2023-11-23 15:05:52 - [MESSAGE][INFO] - Smart Wait Function is triggered

2023-11-23 15:05:52 - [MESSAGE][INFO] - Smart Wait Function is triggered

2023-11-23 15:05:52 - [MESSAGE][INFO] - Smart Wait Function is triggered

2023-11-23 15:05:52 - [MESSAGE][INFO] - Smart Wait Function is triggered

2023-11-23 15:05:52 - [MESSAGE][INFO] - Smart Wait Function is triggered

2023-11-23 15:05:52 - [MESSAGE][INFO] - Smart Wait Function is triggered

2023-11-23 15:05:52 - [MESSAGE][INFO] - Smart Wait Function is triggered

2023-11-23 15:05:52 - [MESSAGE][INFO] - Smart Wait Function is triggered

2023-11-23 15:05:52 - [MESSAGE][INFO] - Smart Wait Function is triggered

2023-11-23 15:05:52 - [MESSAGE][INFO] - Smart Wait Function is triggered

2023-11-23 15:05:52 - [MESSAGE][INFO] - Smart Wait Function is triggered

2023-11-23 15:05:52 - [MESSAGE][INFO] - Smart Wait Function is triggered

2023-11-23 15:05:52 - [MESSAGE][INFO] - Smart Wait Function is triggered

2023-11-23 15:05:52 - [MESSAGE][INFO] - Smart Wait Function is triggered

2023-11-23 15:05:52 - [MESSAGE][INFO] - Smart Wait Function is triggered

2023-11-23 15:05:52 - [MESSAGE][INFO] - Smart Wait Function is triggered

2023-11-23 15:05:53 - [MESSAGE][INFO] - Smart Wait Function is triggered

2023-11-23 15:05:53 - [MESSAGE][INFO] - Smart Wait Function is triggered

2023-11-23 15:05:53 - [MESSAGE][INFO] - Smart Wait Function is triggered

2023-11-23 15:05:53 - [MESSAGE][INFO] - Smart Wait Function is triggered

2023-11-23 15:05:53 - [MESSAGE][INFO] - Smart Wait Function is triggered

2023-11-23 15:05:53 - [MESSAGE][INFO] - Smart Wait Function is triggered

2023-11-23 15:05:53 - [MESSAGE][INFO] - Smart Wait Function is triggered

2023-11-23 15:05:53 - [MESSAGE][INFO] - Smart Wait Function is triggered

2023-11-23 15:05:53 - [MESSAGE][INFO] - Smart Wait Function is triggered

2023-11-23 15:05:53 - [MESSAGE][INFO] - Smart Wait Function is triggered

2023-11-23 15:05:53 - [MESSAGE][INFO] - Smart Wait Function is triggered

2023-11-23 15:05:53 - [MESSAGE][INFO] - Smart Wait Function is triggered

2023-11-23 15:05:53 - [MESSAGE][INFO] - Smart Wait Function is triggered

2023-11-23 15:05:53 - [MESSAGE][INFO] - Smart Wait Function is triggered

2023-11-23 15:05:53 - [MESSAGE][INFO] - Smart Wait Function is triggered

2023-11-23 15:05:53 - [MESSAGE][INFO] - Smart Wait Function is triggered

2023-11-23 15:05:53 - [MESSAGE][INFO] - Smart Wait Function is triggered

2023-11-23 15:05:53 - [MESSAGE][INFO] - Smart Wait Function is triggered

2023-11-23 15:05:53 - [MESSAGE][INFO] - Smart Wait Function is triggered

2023-11-23 15:05:53 - [MESSAGE][INFO] - Smart Wait Function is triggered

2023-11-23 15:05:53 - [MESSAGE][INFO] - Smart Wait Function is triggered

2023-11-23 15:05:53 - [MESSAGE][INFO] - Smart Wait Function is triggered

2023-11-23 15:05:53 - [MESSAGE][INFO] - Smart Wait Function is triggered

2023-11-23 15:05:53 - [MESSAGE][INFO] - Smart Wait Function is triggered

2023-11-23 15:05:53 - [MESSAGE][INFO] - Smart Wait Function is triggered

2023-11-23 15:05:53 - [MESSAGE][INFO] - Smart Wait Function is triggered

2023-11-23 15:05:53 - [MESSAGE][INFO] - Smart Wait Function is triggered

2023-11-23 15:05:53 - [MESSAGE][INFO] - Smart Wait Function is triggered

2023-11-23 15:05:53 - [MESSAGE][INFO] - Smart Wait Function is triggered

2023-11-23 15:05:53 - [MESSAGE][INFO] - Smart Wait Function is triggered

2023-11-23 15:05:53 - [MESSAGE][INFO] - Smart Wait Function is triggered

2023-11-23 15:05:54 - [MESSAGE][INFO] - Smart Wait Function is triggered

2023-11-23 15:05:54 - [MESSAGE][INFO] - Smart Wait Function is triggered

2023-11-23 15:05:54 - [MESSAGE][INFO] - Smart Wait Function is triggered

2023-11-23 15:05:54 - [MESSAGE][INFO] - Smart Wait Function is triggered

2023-11-23 15:05:54 - [MESSAGE][INFO] - Smart Wait Function is triggered

2023-11-23 15:05:54 - [MESSAGE][INFO] - Smart Wait Function is triggered

2023-11-23 15:05:54 - [MESSAGE][INFO] - Smart Wait Function is triggered

2023-11-23 15:05:54 - [MESSAGE][INFO] - Smart Wait Function is triggered

2023-11-23 15:05:54 - [MESSAGE][INFO] - Smart Wait Function is triggered

2023-11-23 15:05:54 - [MESSAGE][INFO] - Smart Wait Function is triggered

2023-11-23 15:05:54 - [MESSAGE][INFO] - Unable to find the element located by 'By.xpath: /html/body/div[1]/div[1]/p[1]'. Please recheck the objects properties to make sure the desired element is located. 

2023-11-23 15:05:54 - [MESSAGE][WARNING] - com.kms.katalon.core.webui.exception.WebElementNotFoundException: Web element with id: 'Object Repository/Connexion Usager/Verif_PopUpCompteExisteDeja' located by '/html/body/div[1]/div[1]/p[1]' not found (Root cause: com.kms.katalon.core.exception.StepFailedException: com.kms.katalon.core.webui.exception.WebElementNotFoundException: Web element with id: 'Object Repository/Connexion Usager/Verif_PopUpCompteExisteDeja' located by '/html/body/div[1]/div[1]/p[1]' not found
	at com.kms.katalon.core.webui.keyword.internal.WebUIKeywordMain.stepFailed(WebUIKeywordMain.groovy:64)
	at com.kms.katalon.core.webui.keyword.builtin.VerifyElementPresentKeyword$_verifyElementPresent_closure1.doCall(VerifyElementPresentKeyword.groovy:85)
	at com.kms.katalon.core.webui.keyword.builtin.VerifyElementPresentKeyword$_verifyElementPresent_closure1.call(VerifyElementPresentKeyword.groovy)
	at com.kms.katalon.core.webui.keyword.internal.WebUIKeywordMain.runKeyword(WebUIKeywordMain.groovy:20)
	at com.kms.katalon.core.webui.keyword.builtin.VerifyElementPresentKeyword.verifyElementPresent(VerifyElementPresentKeyword.groovy:92)
	at com.kms.katalon.core.webui.keyword.builtin.VerifyElementPresentKeyword.execute(VerifyElementPresentKeyword.groovy:68)
	at com.kms.katalon.core.keyword.internal.KeywordExecutor.executeKeywordForPlatform(KeywordExecutor.groovy:74)
	at com.kms.katalon.core.webui.keyword.WebUiBuiltInKeywords.verifyElementPresent(WebUiBuiltInKeywords.groovy:1448)
	at com.kazurayam.ksbackyard.HighlightElement$_pandemic_closure1.doCall(HighlightElement.groovy:105)
	at VerificationSiCompteExisteDeja.run(VerificationSiCompteExisteDeja:69)
	at com.kms.katalon.core.main.ScriptEngine.run(ScriptEngine.java:194)
	at com.kms.katalon.core.main.ScriptEngine.runScriptAsRawText(ScriptEngine.java:119)
	at com.kms.katalon.core.main.TestCaseExecutor.runScript(TestCaseExecutor.java:448)
	at com.kms.katalon.core.main.TestCaseExecutor.doExecute(TestCaseExecutor.java:439)
	at com.kms.katalon.core.main.TestCaseExecutor.processExecutionPhase(TestCaseExecutor.java:418)
	at com.kms.katalon.core.main.TestCaseExecutor.accessMainPhase(TestCaseExecutor.java:410)
	at com.kms.katalon.core.main.TestCaseExecutor.execute(TestCaseExecutor.java:285)
	at com.kms.katalon.core.main.TestCaseMain.runTestCase(TestCaseMain.java:144)
	at com.kms.katalon.core.keyword.builtin.CallTestCaseKeyword$_callTestCase_closure1.doCall(CallTestCaseKeyword.groovy:59)
	at com.kms.katalon.core.keyword.builtin.CallTestCaseKeyword$_callTestCase_closure1.call(CallTestCaseKeyword.groovy)
	at com.kms.katalon.core.keyword.internal.KeywordMain.runKeyword(KeywordMain.groovy:75)
	at com.kms.katalon.core.keyword.builtin.CallTestCaseKeyword.callTestCase(CallTestCaseKeyword.groovy:81)
	at com.kms.katalon.core.keyword.builtin.CallTestCaseKeyword.execute(CallTestCaseKeyword.groovy:44)
	at com.kms.katalon.core.keyword.internal.KeywordExecutor.executeKeywordForPlatform(KeywordExecutor.groovy:74)
	at com.kms.katalon.core.keyword.BuiltinKeywords.callTestCase(BuiltinKeywords.groovy:310)
	at com.kazurayam.ksbackyard.HighlightElement$_pandemic_closure1.doCall(HighlightElement.groovy:105)
	at Creer Votre Compte.run(Creer Votre Compte:117)
	at com.kms.katalon.core.main.ScriptEngine.run(ScriptEngine.java:194)
	at com.kms.katalon.core.main.ScriptEngine.runScriptAsRawText(ScriptEngine.java:119)
	at com.kms.katalon.core.main.TestCaseExecutor.runScript(TestCaseExecutor.java:448)
	at com.kms.katalon.core.main.TestCaseExecutor.doExecute(TestCaseExecutor.java:439)
	at com.kms.katalon.core.main.TestCaseExecutor.processExecutionPhase(TestCaseExecutor.java:418)
	at com.kms.katalon.core.main.TestCaseExecutor.accessMainPhase(TestCaseExecutor.java:410)
	at com.kms.katalon.core.main.TestCaseExecutor.execute(TestCaseExecutor.java:285)
	at com.kms.katalon.core.main.TestCaseMain.runTestCase(TestCaseMain.java:144)
	at com.kms.katalon.core.keyword.builtin.CallTestCaseKeyword$_callTestCase_closure1.doCall(CallTestCaseKeyword.groovy:59)
	at com.kms.katalon.core.keyword.builtin.CallTestCaseKeyword$_callTestCase_closure1.call(CallTestCaseKeyword.groovy)
	at com.kms.katalon.core.keyword.internal.KeywordMain.runKeyword(KeywordMain.groovy:75)
	at com.kms.katalon.core.keyword.builtin.CallTestCaseKeyword.callTestCase(CallTestCaseKeyword.groovy:81)
	at com.kms.katalon.core.keyword.builtin.CallTestCaseKeyword.execute(CallTestCaseKeyword.groovy:44)
	at com.kms.katalon.core.keyword.internal.KeywordExecutor.executeKeywordForPlatform(KeywordExecutor.groovy:74)
	at com.kms.katalon.core.keyword.BuiltinKeywords.callTestCase(BuiltinKeywords.groovy:310)
	at com.kazurayam.ksbackyard.HighlightElement$_pandemic_closure1.doCall(HighlightElement.groovy:105)
	at TNR R.TSPT Supp90-Etudiant.run(TNR R.TSPT Supp90-Etudiant:30)
	at com.kms.katalon.core.main.ScriptEngine.run(ScriptEngine.java:194)
	at com.kms.katalon.core.main.ScriptEngine.runScriptAsRawText(ScriptEngine.java:119)
	at com.kms.katalon.core.main.TestCaseExecutor.runScript(TestCaseExecutor.java:448)
	at com.kms.katalon.core.main.TestCaseExecutor.doExecute(TestCaseExecutor.java:439)
	at com.kms.katalon.core.main.TestCaseExecutor.processExecutionPhase(TestCaseExecutor.java:418)
	at com.kms.katalon.core.main.TestCaseExecutor.accessMainPhase(TestCaseExecutor.java:410)
	at com.kms.katalon.core.main.TestCaseExecutor.execute(TestCaseExecutor.java:285)
	at com.kms.katalon.core.common.CommonExecutor.accessTestCaseMainPhase(CommonExecutor.java:65)
	at com.kms.katalon.core.main.TestSuiteExecutor.accessTestSuiteMainPhase(TestSuiteExecutor.java:148)
	at com.kms.katalon.core.main.TestSuiteExecutor.execute(TestSuiteExecutor.java:106)
	at com.kms.katalon.core.main.TestCaseMain.startTestSuite(TestCaseMain.java:187)
	at com.kms.katalon.core.main.TestCaseMain$startTestSuite$0.call(Unknown Source)
	at TempTestSuite1700747757013.run(TempTestSuite1700747757013.groovy:36)
)
[[ATTACHMENT|C:\\Users\\ISSAM.RHARBAOUI\\git\\22_11\\ANEF-AutomatizationProject\\Reports\\20231123_145557\\TS_TNR_R.TSPT_Suppo90\\20231123_145557\\1700748354319.png]]

2023-11-23 15:05:54 - [TEST_STEP][PASSED] - if (MsgAlertPresent): null

2023-11-23 15:05:54 - [TEST_STEP][PASSED] - else: Vos informations ne sont pas associÃ©es Ã  un compte ==>> CrÃ©ation d'un nouveau Compte avec ces Informations.

2023-11-23 15:05:54 - [TEST_STEP][PASSED] - markPassed("Vos informations ne sont pas associÃ©es Ã  un compte ==>> CrÃ©ation d'un nouveau Compte avec ces Informations."): Vos informations ne sont pas associÃ©es Ã  un compte ==>> CrÃ©ation d'un nouveau Compte avec ces Informations.

2023-11-23 15:05:54 - [MESSAGE][PASSED] - Vos informations ne sont pas associÃ©es Ã  un compte ==>> CrÃ©ation d'un nouveau Compte avec ces Informations.

2023-11-23 15:05:54 - [TEST_STEP][PASSED] - waitForPageLoad(2): Wait for page load successfully

2023-11-23 15:05:54 - [MESSAGE][INFO] - Checking timeout

2023-11-23 15:05:54 - [MESSAGE][PASSED] - Wait for page load successfully

2023-11-23 15:05:54 - [MESSAGE][PASSED] - Call Test Case 'Test Cases/Test Reutilisable/Main/VerificationSiCompteExisteDeja' successfully

2023-11-23 15:05:54 - [TEST_STEP][PASSED] - if (StopTestCase == true): null

2023-11-23 15:05:54 - [TEST_STEP][PASSED] - MonEmail = NumEtrangerVisa + "@yopmail.com": null

2023-11-23 15:05:54 - [TEST_STEP][PASSED] - delay(2): Delayed 2 second(s)

2023-11-23 15:05:54 - [MESSAGE][INFO] - Delaying browser in 2 second(s)

2023-11-23 15:05:56 - [MESSAGE][PASSED] - Delayed 2 second(s)

2023-11-23 15:05:56 - [TEST_STEP][PASSED] - setText(findTestObject("Object Repository/Connexion Usager/Input_Email"), MonEmail): Text '7703040873@yopmail.com' is set on object 'Object Repository/Connexion Usager/Input_Email'

2023-11-23 15:05:56 - [MESSAGE][INFO] - Finding Test Object 'Object Repository/Connexion Usager/Input_Email'

2023-11-23 15:05:56 - [MESSAGE][INFO] - Checking timeout

2023-11-23 15:05:56 - [MESSAGE][INFO] - Finding web element with id: 'Object Repository/Connexion Usager/Input_Email' located by 'By.xpath: //*/div/app-input[1]/div/div/input [@type = 'email']' in '20' second(s)

2023-11-23 15:05:56 - [MESSAGE][INFO] - Smart Wait Function is triggered

2023-11-23 15:05:56 - [MESSAGE][INFO] - Found 1 web elements with id: 'Object Repository/Connexion Usager/Input_Email' located by 'By.xpath: //*/div/app-input[1]/div/div/input [@type = 'email']' in '20' second(s)

2023-11-23 15:05:56 - [MESSAGE][INFO] - Checking object

2023-11-23 15:05:56 - [MESSAGE][INFO] - Checking text

2023-11-23 15:05:56 - [MESSAGE][INFO] - Finding web element from Test Object's properties

2023-11-23 15:05:56 - [MESSAGE][INFO] - Checking timeout

2023-11-23 15:05:56 - [MESSAGE][INFO] - Finding web element with id: 'Object Repository/Connexion Usager/Input_Email' located by 'By.xpath: //*/div/app-input[1]/div/div/input [@type = 'email']' in '5' second(s)

2023-11-23 15:05:56 - [MESSAGE][INFO] - Smart Wait Function is triggered

2023-11-23 15:05:56 - [MESSAGE][INFO] - Found 1 web elements with id: 'Object Repository/Connexion Usager/Input_Email' located by 'By.xpath: //*/div/app-input[1]/div/div/input [@type = 'email']' in '5' second(s)

2023-11-23 15:05:56 - [MESSAGE][INFO] - Clearing text of object 'Object Repository/Connexion Usager/Input_Email'

2023-11-23 15:05:58 - [MESSAGE][INFO] - Finding web element from Test Object's properties

2023-11-23 15:05:58 - [MESSAGE][INFO] - Checking timeout

2023-11-23 15:05:58 - [MESSAGE][INFO] - Finding web element with id: 'Object Repository/Connexion Usager/Input_Email' located by 'By.xpath: //*/div/app-input[1]/div/div/input [@type = 'email']' in '5' second(s)

2023-11-23 15:05:58 - [MESSAGE][INFO] - Smart Wait Function is triggered

2023-11-23 15:05:58 - [MESSAGE][INFO] - Found 1 web elements with id: 'Object Repository/Connexion Usager/Input_Email' located by 'By.xpath: //*/div/app-input[1]/div/div/input [@type = 'email']' in '5' second(s)

2023-11-23 15:05:58 - [MESSAGE][INFO] - Setting text of object 'Object Repository/Connexion Usager/Input_Email' to value '7703040873@yopmail.com'

2023-11-23 15:06:00 - [MESSAGE][PASSED] - Text '7703040873@yopmail.com' is set on object 'Object Repository/Connexion Usager/Input_Email'

2023-11-23 15:06:00 - [TEST_STEP][PASSED] - setText(findTestObject("Object Repository/Connexion Usager/Input_ConfirmeEmail"), MonEmail): Text '7703040873@yopmail.com' is set on object 'Object Repository/Connexion Usager/Input_ConfirmeEmail'

2023-11-23 15:06:00 - [MESSAGE][INFO] - Finding Test Object 'Object Repository/Connexion Usager/Input_ConfirmeEmail'

2023-11-23 15:06:01 - [MESSAGE][INFO] - Checking timeout

2023-11-23 15:06:01 - [MESSAGE][INFO] - Finding web element with id: 'Object Repository/Connexion Usager/Input_ConfirmeEmail' located by 'By.xpath: //*/div/app-input[2]/div/div/input [@type = 'email']' in '20' second(s)

2023-11-23 15:06:01 - [MESSAGE][INFO] - Smart Wait Function is triggered

2023-11-23 15:06:01 - [MESSAGE][INFO] - Found 1 web elements with id: 'Object Repository/Connexion Usager/Input_ConfirmeEmail' located by 'By.xpath: //*/div/app-input[2]/div/div/input [@type = 'email']' in '20' second(s)

2023-11-23 15:06:01 - [MESSAGE][INFO] - Checking object

2023-11-23 15:06:01 - [MESSAGE][INFO] - Checking text

2023-11-23 15:06:01 - [MESSAGE][INFO] - Finding web element from Test Object's properties

2023-11-23 15:06:01 - [MESSAGE][INFO] - Checking timeout

2023-11-23 15:06:01 - [MESSAGE][INFO] - Finding web element with id: 'Object Repository/Connexion Usager/Input_ConfirmeEmail' located by 'By.xpath: //*/div/app-input[2]/div/div/input [@type = 'email']' in '5' second(s)

2023-11-23 15:06:01 - [MESSAGE][INFO] - Smart Wait Function is triggered

2023-11-23 15:06:01 - [MESSAGE][INFO] - Found 1 web elements with id: 'Object Repository/Connexion Usager/Input_ConfirmeEmail' located by 'By.xpath: //*/div/app-input[2]/div/div/input [@type = 'email']' in '5' second(s)

2023-11-23 15:06:01 - [MESSAGE][INFO] - Clearing text of object 'Object Repository/Connexion Usager/Input_ConfirmeEmail'

2023-11-23 15:06:03 - [MESSAGE][INFO] - Finding web element from Test Object's properties

2023-11-23 15:06:03 - [MESSAGE][INFO] - Checking timeout

2023-11-23 15:06:03 - [MESSAGE][INFO] - Finding web element with id: 'Object Repository/Connexion Usager/Input_ConfirmeEmail' located by 'By.xpath: //*/div/app-input[2]/div/div/input [@type = 'email']' in '5' second(s)

2023-11-23 15:06:03 - [MESSAGE][INFO] - Smart Wait Function is triggered

2023-11-23 15:06:03 - [MESSAGE][INFO] - Found 1 web elements with id: 'Object Repository/Connexion Usager/Input_ConfirmeEmail' located by 'By.xpath: //*/div/app-input[2]/div/div/input [@type = 'email']' in '5' second(s)

2023-11-23 15:06:03 - [MESSAGE][INFO] - Setting text of object 'Object Repository/Connexion Usager/Input_ConfirmeEmail' to value '7703040873@yopmail.com'

2023-11-23 15:06:05 - [MESSAGE][PASSED] - Text '7703040873@yopmail.com' is set on object 'Object Repository/Connexion Usager/Input_ConfirmeEmail'

2023-11-23 15:06:05 - [TEST_STEP][PASSED] - click(findTestObject("Object Repository/Connexion Usager/span_btn_ValiderEmail")): Object: 'Object Repository/Connexion Usager/span_btn_ValiderEmail' is clicked on

2023-11-23 15:06:05 - [MESSAGE][INFO] - Finding Test Object 'Object Repository/Connexion Usager/span_btn_ValiderEmail'

2023-11-23 15:06:05 - [MESSAGE][INFO] - Checking timeout

2023-11-23 15:06:05 - [MESSAGE][INFO] - Finding web element with id: 'Object Repository/Connexion Usager/span_btn_ValiderEmail' located by 'By.xpath: //span[(text() = 'Valider' or . = 'Valider')]' in '20' second(s)

2023-11-23 15:06:05 - [MESSAGE][INFO] - Smart Wait Function is triggered

2023-11-23 15:06:05 - [MESSAGE][INFO] - Found 1 web elements with id: 'Object Repository/Connexion Usager/span_btn_ValiderEmail' located by 'By.xpath: //span[(text() = 'Valider' or . = 'Valider')]' in '20' second(s)

2023-11-23 15:06:05 - [MESSAGE][INFO] - Checking object

2023-11-23 15:06:05 - [MESSAGE][INFO] - Checking timeout

2023-11-23 15:06:05 - [MESSAGE][INFO] - Finding web element from Test Object's properties

2023-11-23 15:06:05 - [MESSAGE][INFO] - Checking timeout

2023-11-23 15:06:05 - [MESSAGE][INFO] - Finding web element with id: 'Object Repository/Connexion Usager/span_btn_ValiderEmail' located by 'By.xpath: //span[(text() = 'Valider' or . = 'Valider')]' in '5' second(s)

2023-11-23 15:06:05 - [MESSAGE][INFO] - Smart Wait Function is triggered

2023-11-23 15:06:05 - [MESSAGE][INFO] - Found 1 web elements with id: 'Object Repository/Connexion Usager/span_btn_ValiderEmail' located by 'By.xpath: //span[(text() = 'Valider' or . = 'Valider')]' in '5' second(s)

2023-11-23 15:06:05 - [MESSAGE][INFO] - Clicking on object: 'Object Repository/Connexion Usager/span_btn_ValiderEmail'

2023-11-23 15:06:07 - [MESSAGE][PASSED] - Object: 'Object Repository/Connexion Usager/span_btn_ValiderEmail' is clicked on

2023-11-23 15:06:07 - [TEST_STEP][PASSED] - delay(2): Delayed 2 second(s)

2023-11-23 15:06:07 - [MESSAGE][INFO] - Delaying browser in 2 second(s)

2023-11-23 15:06:09 - [MESSAGE][PASSED] - Delayed 2 second(s)

2023-11-23 15:06:09 - [TEST_STEP][PASSED] - click(findTestObject("Object Repository/Connexion Usager/btn_span_RetourAccueil")): Object: 'Object Repository/Connexion Usager/btn_span_RetourAccueil' is clicked on

2023-11-23 15:06:09 - [MESSAGE][INFO] - Finding Test Object 'Object Repository/Connexion Usager/btn_span_RetourAccueil'

2023-11-23 15:06:09 - [MESSAGE][INFO] - Checking timeout

2023-11-23 15:06:09 - [MESSAGE][INFO] - Finding web element with id: 'Object Repository/Connexion Usager/btn_span_RetourAccueil' located by 'By.xpath: (.//*[normalize-space(text()) and normalize-space(.)='CRÃATION DE COMPTE'])[1]/following::span[2]' in '20' second(s)

2023-11-23 15:06:09 - [MESSAGE][INFO] - Smart Wait Function is triggered

2023-11-23 15:06:09 - [MESSAGE][INFO] - Found 1 web elements with id: 'Object Repository/Connexion Usager/btn_span_RetourAccueil' located by 'By.xpath: (.//*[normalize-space(text()) and normalize-space(.)='CRÃATION DE COMPTE'])[1]/following::span[2]' in '20' second(s)

2023-11-23 15:06:09 - [MESSAGE][INFO] - Checking object

2023-11-23 15:06:09 - [MESSAGE][INFO] - Checking timeout

2023-11-23 15:06:09 - [MESSAGE][INFO] - Finding web element from Test Object's properties

2023-11-23 15:06:09 - [MESSAGE][INFO] - Checking timeout

2023-11-23 15:06:09 - [MESSAGE][INFO] - Finding web element with id: 'Object Repository/Connexion Usager/btn_span_RetourAccueil' located by 'By.xpath: (.//*[normalize-space(text()) and normalize-space(.)='CRÃATION DE COMPTE'])[1]/following::span[2]' in '5' second(s)

2023-11-23 15:06:09 - [MESSAGE][INFO] - Smart Wait Function is triggered

2023-11-23 15:06:09 - [MESSAGE][INFO] - Found 1 web elements with id: 'Object Repository/Connexion Usager/btn_span_RetourAccueil' located by 'By.xpath: (.//*[normalize-space(text()) and normalize-space(.)='CRÃATION DE COMPTE'])[1]/following::span[2]' in '5' second(s)

2023-11-23 15:06:09 - [MESSAGE][INFO] - Clicking on object: 'Object Repository/Connexion Usager/btn_span_RetourAccueil'

2023-11-23 15:06:12 - [MESSAGE][PASSED] - Object: 'Object Repository/Connexion Usager/btn_span_RetourAccueil' is clicked on

2023-11-23 15:06:12 - [TEST_STEP][PASSED] - delay(2): Delayed 2 second(s)

2023-11-23 15:06:12 - [MESSAGE][INFO] - Delaying browser in 2 second(s)

2023-11-23 15:06:14 - [MESSAGE][PASSED] - Delayed 2 second(s)

2023-11-23 15:06:14 - [TEST_STEP][PASSED] - tools.GetWebCookieByNamedCollected.GetWebCookie(): tools.GetWebCookieByNamedCollected.GetWebCookie is PASSED

2023-11-23 15:06:14 - [MESSAGE][PASSED] - tools.GetWebCookieByNamedCollected.GetWebCookie is PASSED

2023-11-23 15:06:14 - [TEST_STEP][PASSED] - if (EnvExec == "URL_ANEFQualif"): null

2023-11-23 15:06:14 - [TEST_STEP][PASSED] - if (EnvExec == "URL_ANEFPreProd"): Navigate to 'https://preprod.administration-etrangers-en-france.interieur.gouv.fr/particuliers/#/espace-personnel/inscription/mot-de-passe?token=eyJ0eXAiOiJKV1QiLCJhbGciOiJIUzI1NiJ9.eyJpYXQiOjE3MDA3NDgzMzYuMjk3MTY0LCJleHAiOjE3MDA4MzQ3MzYuMjk3MTY0LCJsb2dpbiI6NDAwMjUwNzAsInN1YiI6InJlZ2lzdGVyIiwidXJsX3ByZWZpeCI6Ii91c2FnZXIifQ.o1uVIf5WLHM-heBq06koxoJ-vd6eVSnYJJaUSk20ZdM' successfully

2023-11-23 15:06:14 - [TEST_STEP][PASSED] - URL_CreationMDP = URLpwPreProd + Token: null

2023-11-23 15:06:14 - [TEST_STEP][PASSED] - navigateToUrl(URL_CreationMDP): Navigate to 'https://preprod.administration-etrangers-en-france.interieur.gouv.fr/particuliers/#/espace-personnel/inscription/mot-de-passe?token=eyJ0eXAiOiJKV1QiLCJhbGciOiJIUzI1NiJ9.eyJpYXQiOjE3MDA3NDgzMzYuMjk3MTY0LCJleHAiOjE3MDA4MzQ3MzYuMjk3MTY0LCJsb2dpbiI6NDAwMjUwNzAsInN1YiI6InJlZ2lzdGVyIiwidXJsX3ByZWZpeCI6Ii91c2FnZXIifQ.o1uVIf5WLHM-heBq06koxoJ-vd6eVSnYJJaUSk20ZdM' successfully

2023-11-23 15:06:14 - [MESSAGE][INFO] - Checking url

2023-11-23 15:06:14 - [MESSAGE][INFO] - Navigating to 'https://preprod.administration-etrangers-en-france.interieur.gouv.fr/particuliers/#/espace-personnel/inscription/mot-de-passe?token=eyJ0eXAiOiJKV1QiLCJhbGciOiJIUzI1NiJ9.eyJpYXQiOjE3MDA3NDgzMzYuMjk3MTY0LCJleHAiOjE3MDA4MzQ3MzYuMjk3MTY0LCJsb2dpbiI6NDAwMjUwNzAsInN1YiI6InJlZ2lzdGVyIiwidXJsX3ByZWZpeCI6Ii91c2FnZXIifQ.o1uVIf5WLHM-heBq06koxoJ-vd6eVSnYJJaUSk20ZdM'

2023-11-23 15:06:16 - [MESSAGE][PASSED] - Navigate to 'https://preprod.administration-etrangers-en-france.interieur.gouv.fr/particuliers/#/espace-personnel/inscription/mot-de-passe?token=eyJ0eXAiOiJKV1QiLCJhbGciOiJIUzI1NiJ9.eyJpYXQiOjE3MDA3NDgzMzYuMjk3MTY0LCJleHAiOjE3MDA4MzQ3MzYuMjk3MTY0LCJsb2dpbiI6NDAwMjUwNzAsInN1YiI6InJlZ2lzdGVyIiwidXJsX3ByZWZpeCI6Ii91c2FnZXIifQ.o1uVIf5WLHM-heBq06koxoJ-vd6eVSnYJJaUSk20ZdM' successfully

2023-11-23 15:06:16 - [TEST_STEP][PASSED] - callTestCase(findTestCase("Test Reutilisable/Main/Verif_FormatNewPW"), [:], STOP_ON_FAILURE): Call Test Case 'Test Cases/Test Reutilisable/Main/Verif_FormatNewPW' successfully

2023-11-23 15:06:16 - [MESSAGE][INFO] - Checking called Test Case

2023-11-23 15:06:16 - [MESSAGE][INFO] - Starting to call Test Case 'Test Cases/Test Reutilisable/Main/Verif_FormatNewPW'

2023-11-23 15:06:16 - [TEST_CASE][PASSED] - Test Cases/Test Reutilisable/Main/Verif_FormatNewPW: Test Cases/Test Reutilisable/Main/Verif_FormatNewPW

2023-11-23 15:06:16 - [TEST_STEP][PASSED] - com.kazurayam.ksbackyard.HighlightElement.pandemic(): com.kazurayam.ksbackyard.HighlightElement.pandemic is PASSED

2023-11-23 15:06:16 - [MESSAGE][PASSED] - com.kazurayam.ksbackyard.HighlightElement.pandemic is PASSED

2023-11-23 15:06:16 - [TEST_STEP][PASSED] - println("CrÃ©er un mot de passe sans majuscule"): null

2023-11-23 15:06:16 - [TEST_STEP][PASSED] - setText(findTestObject("Object Repository/Connexion Usager/Input_Password"), "hhizaoui001!"): Text 'hhizaoui001!' is set on object 'Object Repository/Connexion Usager/Input_Password'

2023-11-23 15:06:16 - [MESSAGE][INFO] - Finding Test Object 'Object Repository/Connexion Usager/Input_Password'

2023-11-23 15:06:16 - [MESSAGE][INFO] - Checking timeout

2023-11-23 15:06:16 - [MESSAGE][INFO] - Finding web element with id: 'Object Repository/Connexion Usager/Input_Password' located by 'By.xpath: //*/app-input[1]/div/div/input [@type = 'password']' in '20' second(s)

2023-11-23 15:06:16 - [MESSAGE][INFO] - Smart Wait Function is triggered

2023-11-23 15:06:16 - [MESSAGE][INFO] - Found 1 web elements with id: 'Object Repository/Connexion Usager/Input_Password' located by 'By.xpath: //*/app-input[1]/div/div/input [@type = 'password']' in '20' second(s)

2023-11-23 15:06:16 - [MESSAGE][INFO] - Checking object

2023-11-23 15:06:16 - [MESSAGE][INFO] - Checking text

2023-11-23 15:06:16 - [MESSAGE][INFO] - Finding web element from Test Object's properties

2023-11-23 15:06:16 - [MESSAGE][INFO] - Checking timeout

2023-11-23 15:06:16 - [MESSAGE][INFO] - Finding web element with id: 'Object Repository/Connexion Usager/Input_Password' located by 'By.xpath: //*/app-input[1]/div/div/input [@type = 'password']' in '5' second(s)

2023-11-23 15:06:16 - [MESSAGE][INFO] - Smart Wait Function is triggered

2023-11-23 15:06:16 - [MESSAGE][INFO] - Found 1 web elements with id: 'Object Repository/Connexion Usager/Input_Password' located by 'By.xpath: //*/app-input[1]/div/div/input [@type = 'password']' in '5' second(s)

2023-11-23 15:06:16 - [MESSAGE][INFO] - Clearing text of object 'Object Repository/Connexion Usager/Input_Password'

2023-11-23 15:06:18 - [MESSAGE][INFO] - Finding web element from Test Object's properties

2023-11-23 15:06:18 - [MESSAGE][INFO] - Checking timeout

2023-11-23 15:06:18 - [MESSAGE][INFO] - Finding web element with id: 'Object Repository/Connexion Usager/Input_Password' located by 'By.xpath: //*/app-input[1]/div/div/input [@type = 'password']' in '5' second(s)

2023-11-23 15:06:18 - [MESSAGE][INFO] - Smart Wait Function is triggered

2023-11-23 15:06:18 - [MESSAGE][INFO] - Found 1 web elements with id: 'Object Repository/Connexion Usager/Input_Password' located by 'By.xpath: //*/app-input[1]/div/div/input [@type = 'password']' in '5' second(s)

2023-11-23 15:06:18 - [MESSAGE][INFO] - Setting text of object 'Object Repository/Connexion Usager/Input_Password' to value 'hhizaoui001!'

2023-11-23 15:06:20 - [MESSAGE][PASSED] - Text 'hhizaoui001!' is set on object 'Object Repository/Connexion Usager/Input_Password'

2023-11-23 15:06:20 - [TEST_STEP][PASSED] - setText(findTestObject("Object Repository/Connexion Usager/Input_ConfirmePassword"), "hhizaoui001!"): Text 'hhizaoui001!' is set on object 'Object Repository/Connexion Usager/Input_ConfirmePassword'

2023-11-23 15:06:20 - [MESSAGE][INFO] - Finding Test Object 'Object Repository/Connexion Usager/Input_ConfirmePassword'

2023-11-23 15:06:20 - [MESSAGE][INFO] - Checking timeout

2023-11-23 15:06:20 - [MESSAGE][INFO] - Finding web element with id: 'Object Repository/Connexion Usager/Input_ConfirmePassword' located by 'By.xpath: //*/app-input[2]/div/div/input [@type = 'password']' in '20' second(s)

2023-11-23 15:06:20 - [MESSAGE][INFO] - Smart Wait Function is triggered

2023-11-23 15:06:20 - [MESSAGE][INFO] - Found 1 web elements with id: 'Object Repository/Connexion Usager/Input_ConfirmePassword' located by 'By.xpath: //*/app-input[2]/div/div/input [@type = 'password']' in '20' second(s)

2023-11-23 15:06:20 - [MESSAGE][INFO] - Checking object

2023-11-23 15:06:20 - [MESSAGE][INFO] - Checking text

2023-11-23 15:06:20 - [MESSAGE][INFO] - Finding web element from Test Object's properties

2023-11-23 15:06:20 - [MESSAGE][INFO] - Checking timeout

2023-11-23 15:06:20 - [MESSAGE][INFO] - Finding web element with id: 'Object Repository/Connexion Usager/Input_ConfirmePassword' located by 'By.xpath: //*/app-input[2]/div/div/input [@type = 'password']' in '5' second(s)

2023-11-23 15:06:20 - [MESSAGE][INFO] - Smart Wait Function is triggered

2023-11-23 15:06:20 - [MESSAGE][INFO] - Found 1 web elements with id: 'Object Repository/Connexion Usager/Input_ConfirmePassword' located by 'By.xpath: //*/app-input[2]/div/div/input [@type = 'password']' in '5' second(s)

2023-11-23 15:06:20 - [MESSAGE][INFO] - Clearing text of object 'Object Repository/Connexion Usager/Input_ConfirmePassword'

2023-11-23 15:06:22 - [MESSAGE][INFO] - Finding web element from Test Object's properties

2023-11-23 15:06:22 - [MESSAGE][INFO] - Checking timeout

2023-11-23 15:06:22 - [MESSAGE][INFO] - Finding web element with id: 'Object Repository/Connexion Usager/Input_ConfirmePassword' located by 'By.xpath: //*/app-input[2]/div/div/input [@type = 'password']' in '5' second(s)

2023-11-23 15:06:22 - [MESSAGE][INFO] - Smart Wait Function is triggered

2023-11-23 15:06:22 - [MESSAGE][INFO] - Found 1 web elements with id: 'Object Repository/Connexion Usager/Input_ConfirmePassword' located by 'By.xpath: //*/app-input[2]/div/div/input [@type = 'password']' in '5' second(s)

2023-11-23 15:06:22 - [MESSAGE][INFO] - Setting text of object 'Object Repository/Connexion Usager/Input_ConfirmePassword' to value 'hhizaoui001!'

2023-11-23 15:06:25 - [MESSAGE][PASSED] - Text 'hhizaoui001!' is set on object 'Object Repository/Connexion Usager/Input_ConfirmePassword'

2023-11-23 15:06:25 - [TEST_STEP][PASSED] - click(findTestObject("Object Repository/Connexion Usager/btn_CreerMDP")): Object: 'Object Repository/Connexion Usager/btn_CreerMDP' is clicked on

2023-11-23 15:06:25 - [MESSAGE][INFO] - Finding Test Object 'Object Repository/Connexion Usager/btn_CreerMDP'

2023-11-23 15:06:25 - [MESSAGE][INFO] - Checking timeout

2023-11-23 15:06:25 - [MESSAGE][INFO] - Finding web element with id: 'Object Repository/Connexion Usager/btn_CreerMDP' located by 'By.xpath: //*/div/p-button/button [@type= 'button']' in '20' second(s)

2023-11-23 15:06:25 - [MESSAGE][INFO] - Smart Wait Function is triggered

2023-11-23 15:06:25 - [MESSAGE][INFO] - Found 1 web elements with id: 'Object Repository/Connexion Usager/btn_CreerMDP' located by 'By.xpath: //*/div/p-button/button [@type= 'button']' in '20' second(s)

2023-11-23 15:06:25 - [MESSAGE][INFO] - Checking object

2023-11-23 15:06:25 - [MESSAGE][INFO] - Checking timeout

2023-11-23 15:06:25 - [MESSAGE][INFO] - Finding web element from Test Object's properties

2023-11-23 15:06:25 - [MESSAGE][INFO] - Checking timeout

2023-11-23 15:06:25 - [MESSAGE][INFO] - Finding web element with id: 'Object Repository/Connexion Usager/btn_CreerMDP' located by 'By.xpath: //*/div/p-button/button [@type= 'button']' in '5' second(s)

2023-11-23 15:06:25 - [MESSAGE][INFO] - Smart Wait Function is triggered

2023-11-23 15:06:25 - [MESSAGE][INFO] - Found 1 web elements with id: 'Object Repository/Connexion Usager/btn_CreerMDP' located by 'By.xpath: //*/div/p-button/button [@type= 'button']' in '5' second(s)

2023-11-23 15:06:25 - [MESSAGE][INFO] - Clicking on object: 'Object Repository/Connexion Usager/btn_CreerMDP'

2023-11-23 15:06:27 - [MESSAGE][PASSED] - Object: 'Object Repository/Connexion Usager/btn_CreerMDP' is clicked on

2023-11-23 15:06:27 - [TEST_STEP][PASSED] - verifyElementPresent(findTestObject("Object Repository/Connexion Usager/div_MSG_FormatNonRespecte"), 1): Object 'Object Repository/Connexion Usager/div_MSG_FormatNonRespecte' is present

2023-11-23 15:06:27 - [MESSAGE][INFO] - Finding Test Object 'Object Repository/Connexion Usager/div_MSG_FormatNonRespecte'

2023-11-23 15:06:27 - [MESSAGE][INFO] - Checking object

2023-11-23 15:06:27 - [MESSAGE][INFO] - Finding web element from Test Object's properties

2023-11-23 15:06:27 - [MESSAGE][INFO] - Checking timeout

2023-11-23 15:06:27 - [MESSAGE][INFO] - Finding web element with id: 'Object Repository/Connexion Usager/div_MSG_FormatNonRespecte' located by 'By.xpath: //*/app-input[1]/div/div/div[1]/div[2]/div/span[2]' in '1' second(s)

2023-11-23 15:06:27 - [MESSAGE][INFO] - Smart Wait Function is triggered

2023-11-23 15:06:27 - [MESSAGE][INFO] - Found 1 web elements with id: 'Object Repository/Connexion Usager/div_MSG_FormatNonRespecte' located by 'By.xpath: //*/app-input[1]/div/div/div[1]/div[2]/div/span[2]' in '1' second(s)

2023-11-23 15:06:27 - [MESSAGE][PASSED] - Object 'Object Repository/Connexion Usager/div_MSG_FormatNonRespecte' is present

2023-11-23 15:06:27 - [TEST_STEP][PASSED] - println("CrÃ©er un mot de passe sans minuscule"): null

2023-11-23 15:06:27 - [TEST_STEP][PASSED] - setText(findTestObject("Object Repository/Connexion Usager/Input_Password"), "HHIZAOUI001!"): Text 'HHIZAOUI001!' is set on object 'Object Repository/Connexion Usager/Input_Password'

2023-11-23 15:06:27 - [MESSAGE][INFO] - Finding Test Object 'Object Repository/Connexion Usager/Input_Password'

2023-11-23 15:06:27 - [MESSAGE][INFO] - Checking timeout

2023-11-23 15:06:27 - [MESSAGE][INFO] - Finding web element with id: 'Object Repository/Connexion Usager/Input_Password' located by 'By.xpath: //*/app-input[1]/div/div/input [@type = 'password']' in '20' second(s)

2023-11-23 15:06:27 - [MESSAGE][INFO] - Smart Wait Function is triggered

2023-11-23 15:06:27 - [MESSAGE][INFO] - Found 1 web elements with id: 'Object Repository/Connexion Usager/Input_Password' located by 'By.xpath: //*/app-input[1]/div/div/input [@type = 'password']' in '20' second(s)

2023-11-23 15:06:27 - [MESSAGE][INFO] - Checking object

2023-11-23 15:06:27 - [MESSAGE][INFO] - Checking text

2023-11-23 15:06:27 - [MESSAGE][INFO] - Finding web element from Test Object's properties

2023-11-23 15:06:27 - [MESSAGE][INFO] - Checking timeout

2023-11-23 15:06:27 - [MESSAGE][INFO] - Finding web element with id: 'Object Repository/Connexion Usager/Input_Password' located by 'By.xpath: //*/app-input[1]/div/div/input [@type = 'password']' in '5' second(s)

2023-11-23 15:06:27 - [MESSAGE][INFO] - Smart Wait Function is triggered

2023-11-23 15:06:27 - [MESSAGE][INFO] - Found 1 web elements with id: 'Object Repository/Connexion Usager/Input_Password' located by 'By.xpath: //*/app-input[1]/div/div/input [@type = 'password']' in '5' second(s)

2023-11-23 15:06:27 - [MESSAGE][INFO] - Clearing text of object 'Object Repository/Connexion Usager/Input_Password'

2023-11-23 15:06:29 - [MESSAGE][INFO] - Finding web element from Test Object's properties

2023-11-23 15:06:29 - [MESSAGE][INFO] - Checking timeout

2023-11-23 15:06:29 - [MESSAGE][INFO] - Finding web element with id: 'Object Repository/Connexion Usager/Input_Password' located by 'By.xpath: //*/app-input[1]/div/div/input [@type = 'password']' in '5' second(s)

2023-11-23 15:06:29 - [MESSAGE][INFO] - Smart Wait Function is triggered

2023-11-23 15:06:29 - [MESSAGE][INFO] - Found 1 web elements with id: 'Object Repository/Connexion Usager/Input_Password' located by 'By.xpath: //*/app-input[1]/div/div/input [@type = 'password']' in '5' second(s)

2023-11-23 15:06:29 - [MESSAGE][INFO] - Setting text of object 'Object Repository/Connexion Usager/Input_Password' to value 'HHIZAOUI001!'

2023-11-23 15:06:32 - [MESSAGE][PASSED] - Text 'HHIZAOUI001!' is set on object 'Object Repository/Connexion Usager/Input_Password'

2023-11-23 15:06:32 - [TEST_STEP][PASSED] - setText(findTestObject("Object Repository/Connexion Usager/Input_ConfirmePassword"), "HHIZAOUI001!"): Text 'HHIZAOUI001!' is set on object 'Object Repository/Connexion Usager/Input_ConfirmePassword'

2023-11-23 15:06:32 - [MESSAGE][INFO] - Finding Test Object 'Object Repository/Connexion Usager/Input_ConfirmePassword'

2023-11-23 15:06:32 - [MESSAGE][INFO] - Checking timeout

2023-11-23 15:06:32 - [MESSAGE][INFO] - Finding web element with id: 'Object Repository/Connexion Usager/Input_ConfirmePassword' located by 'By.xpath: //*/app-input[2]/div/div/input [@type = 'password']' in '20' second(s)

2023-11-23 15:06:32 - [MESSAGE][INFO] - Smart Wait Function is triggered

2023-11-23 15:06:32 - [MESSAGE][INFO] - Found 1 web elements with id: 'Object Repository/Connexion Usager/Input_ConfirmePassword' located by 'By.xpath: //*/app-input[2]/div/div/input [@type = 'password']' in '20' second(s)

2023-11-23 15:06:32 - [MESSAGE][INFO] - Checking object

2023-11-23 15:06:32 - [MESSAGE][INFO] - Checking text

2023-11-23 15:06:32 - [MESSAGE][INFO] - Finding web element from Test Object's properties

2023-11-23 15:06:32 - [MESSAGE][INFO] - Checking timeout

2023-11-23 15:06:32 - [MESSAGE][INFO] - Finding web element with id: 'Object Repository/Connexion Usager/Input_ConfirmePassword' located by 'By.xpath: //*/app-input[2]/div/div/input [@type = 'password']' in '5' second(s)

2023-11-23 15:06:32 - [MESSAGE][INFO] - Smart Wait Function is triggered

2023-11-23 15:06:32 - [MESSAGE][INFO] - Found 1 web elements with id: 'Object Repository/Connexion Usager/Input_ConfirmePassword' located by 'By.xpath: //*/app-input[2]/div/div/input [@type = 'password']' in '5' second(s)

2023-11-23 15:06:32 - [MESSAGE][INFO] - Clearing text of object 'Object Repository/Connexion Usager/Input_ConfirmePassword'

2023-11-23 15:06:34 - [MESSAGE][INFO] - Finding web element from Test Object's properties

2023-11-23 15:06:34 - [MESSAGE][INFO] - Checking timeout

2023-11-23 15:06:34 - [MESSAGE][INFO] - Finding web element with id: 'Object Repository/Connexion Usager/Input_ConfirmePassword' located by 'By.xpath: //*/app-input[2]/div/div/input [@type = 'password']' in '5' second(s)

2023-11-23 15:06:34 - [MESSAGE][INFO] - Smart Wait Function is triggered

2023-11-23 15:06:34 - [MESSAGE][INFO] - Found 1 web elements with id: 'Object Repository/Connexion Usager/Input_ConfirmePassword' located by 'By.xpath: //*/app-input[2]/div/div/input [@type = 'password']' in '5' second(s)

2023-11-23 15:06:34 - [MESSAGE][INFO] - Setting text of object 'Object Repository/Connexion Usager/Input_ConfirmePassword' to value 'HHIZAOUI001!'

2023-11-23 15:06:36 - [MESSAGE][PASSED] - Text 'HHIZAOUI001!' is set on object 'Object Repository/Connexion Usager/Input_ConfirmePassword'

2023-11-23 15:06:36 - [TEST_STEP][PASSED] - click(findTestObject("Object Repository/Connexion Usager/btn_CreerMDP")): Object: 'Object Repository/Connexion Usager/btn_CreerMDP' is clicked on

2023-11-23 15:06:36 - [MESSAGE][INFO] - Finding Test Object 'Object Repository/Connexion Usager/btn_CreerMDP'

2023-11-23 15:06:36 - [MESSAGE][INFO] - Checking timeout

2023-11-23 15:06:36 - [MESSAGE][INFO] - Finding web element with id: 'Object Repository/Connexion Usager/btn_CreerMDP' located by 'By.xpath: //*/div/p-button/button [@type= 'button']' in '20' second(s)

2023-11-23 15:06:36 - [MESSAGE][INFO] - Smart Wait Function is triggered

2023-11-23 15:06:36 - [MESSAGE][INFO] - Found 1 web elements with id: 'Object Repository/Connexion Usager/btn_CreerMDP' located by 'By.xpath: //*/div/p-button/button [@type= 'button']' in '20' second(s)

2023-11-23 15:06:36 - [MESSAGE][INFO] - Checking object

2023-11-23 15:06:36 - [MESSAGE][INFO] - Checking timeout

2023-11-23 15:06:36 - [MESSAGE][INFO] - Finding web element from Test Object's properties

2023-11-23 15:06:36 - [MESSAGE][INFO] - Checking timeout

2023-11-23 15:06:36 - [MESSAGE][INFO] - Finding web element with id: 'Object Repository/Connexion Usager/btn_CreerMDP' located by 'By.xpath: //*/div/p-button/button [@type= 'button']' in '5' second(s)

2023-11-23 15:06:36 - [MESSAGE][INFO] - Smart Wait Function is triggered

2023-11-23 15:06:36 - [MESSAGE][INFO] - Found 1 web elements with id: 'Object Repository/Connexion Usager/btn_CreerMDP' located by 'By.xpath: //*/div/p-button/button [@type= 'button']' in '5' second(s)

2023-11-23 15:06:36 - [MESSAGE][INFO] - Clicking on object: 'Object Repository/Connexion Usager/btn_CreerMDP'

2023-11-23 15:06:38 - [MESSAGE][PASSED] - Object: 'Object Repository/Connexion Usager/btn_CreerMDP' is clicked on

2023-11-23 15:06:38 - [TEST_STEP][PASSED] - verifyElementPresent(findTestObject("Object Repository/Connexion Usager/div_MSG_FormatNonRespecte"), 1): Object 'Object Repository/Connexion Usager/div_MSG_FormatNonRespecte' is present

2023-11-23 15:06:38 - [MESSAGE][INFO] - Finding Test Object 'Object Repository/Connexion Usager/div_MSG_FormatNonRespecte'

2023-11-23 15:06:39 - [MESSAGE][INFO] - Checking object

2023-11-23 15:06:39 - [MESSAGE][INFO] - Finding web element from Test Object's properties

2023-11-23 15:06:39 - [MESSAGE][INFO] - Checking timeout

2023-11-23 15:06:39 - [MESSAGE][INFO] - Finding web element with id: 'Object Repository/Connexion Usager/div_MSG_FormatNonRespecte' located by 'By.xpath: //*/app-input[1]/div/div/div[1]/div[2]/div/span[2]' in '1' second(s)

2023-11-23 15:06:39 - [MESSAGE][INFO] - Smart Wait Function is triggered

2023-11-23 15:06:39 - [MESSAGE][INFO] - Found 1 web elements with id: 'Object Repository/Connexion Usager/div_MSG_FormatNonRespecte' located by 'By.xpath: //*/app-input[1]/div/div/div[1]/div[2]/div/span[2]' in '1' second(s)

2023-11-23 15:06:39 - [MESSAGE][PASSED] - Object 'Object Repository/Connexion Usager/div_MSG_FormatNonRespecte' is present

2023-11-23 15:06:39 - [TEST_STEP][PASSED] - println("CrÃ©er un mot de passe sans caractÃ¨re spÃ©cial"): null

2023-11-23 15:06:39 - [TEST_STEP][PASSED] - setText(findTestObject("Object Repository/Connexion Usager/Input_Password"), "HHizaoui0010"): Text 'HHizaoui0010' is set on object 'Object Repository/Connexion Usager/Input_Password'

2023-11-23 15:06:39 - [MESSAGE][INFO] - Finding Test Object 'Object Repository/Connexion Usager/Input_Password'

2023-11-23 15:06:39 - [MESSAGE][INFO] - Checking timeout

2023-11-23 15:06:39 - [MESSAGE][INFO] - Finding web element with id: 'Object Repository/Connexion Usager/Input_Password' located by 'By.xpath: //*/app-input[1]/div/div/input [@type = 'password']' in '20' second(s)

2023-11-23 15:06:39 - [MESSAGE][INFO] - Smart Wait Function is triggered

2023-11-23 15:06:39 - [MESSAGE][INFO] - Found 1 web elements with id: 'Object Repository/Connexion Usager/Input_Password' located by 'By.xpath: //*/app-input[1]/div/div/input [@type = 'password']' in '20' second(s)

2023-11-23 15:06:39 - [MESSAGE][INFO] - Checking object

2023-11-23 15:06:39 - [MESSAGE][INFO] - Checking text

2023-11-23 15:06:39 - [MESSAGE][INFO] - Finding web element from Test Object's properties

2023-11-23 15:06:39 - [MESSAGE][INFO] - Checking timeout

2023-11-23 15:06:39 - [MESSAGE][INFO] - Finding web element with id: 'Object Repository/Connexion Usager/Input_Password' located by 'By.xpath: //*/app-input[1]/div/div/input [@type = 'password']' in '5' second(s)

2023-11-23 15:06:39 - [MESSAGE][INFO] - Smart Wait Function is triggered

2023-11-23 15:06:39 - [MESSAGE][INFO] - Found 1 web elements with id: 'Object Repository/Connexion Usager/Input_Password' located by 'By.xpath: //*/app-input[1]/div/div/input [@type = 'password']' in '5' second(s)

2023-11-23 15:06:39 - [MESSAGE][INFO] - Clearing text of object 'Object Repository/Connexion Usager/Input_Password'

2023-11-23 15:06:41 - [MESSAGE][INFO] - Finding web element from Test Object's properties

2023-11-23 15:06:41 - [MESSAGE][INFO] - Checking timeout

2023-11-23 15:06:41 - [MESSAGE][INFO] - Finding web element with id: 'Object Repository/Connexion Usager/Input_Password' located by 'By.xpath: //*/app-input[1]/div/div/input [@type = 'password']' in '5' second(s)

2023-11-23 15:06:41 - [MESSAGE][INFO] - Smart Wait Function is triggered

2023-11-23 15:06:41 - [MESSAGE][INFO] - Found 1 web elements with id: 'Object Repository/Connexion Usager/Input_Password' located by 'By.xpath: //*/app-input[1]/div/div/input [@type = 'password']' in '5' second(s)

2023-11-23 15:06:41 - [MESSAGE][INFO] - Setting text of object 'Object Repository/Connexion Usager/Input_Password' to value 'HHizaoui0010'

2023-11-23 15:06:43 - [MESSAGE][PASSED] - Text 'HHizaoui0010' is set on object 'Object Repository/Connexion Usager/Input_Password'

2023-11-23 15:06:43 - [TEST_STEP][PASSED] - setText(findTestObject("Object Repository/Connexion Usager/Input_ConfirmePassword"), "HHizaoui0010"): Text 'HHizaoui0010' is set on object 'Object Repository/Connexion Usager/Input_ConfirmePassword'

2023-11-23 15:06:43 - [MESSAGE][INFO] - Finding Test Object 'Object Repository/Connexion Usager/Input_ConfirmePassword'

2023-11-23 15:06:43 - [MESSAGE][INFO] - Checking timeout

2023-11-23 15:06:43 - [MESSAGE][INFO] - Finding web element with id: 'Object Repository/Connexion Usager/Input_ConfirmePassword' located by 'By.xpath: //*/app-input[2]/div/div/input [@type = 'password']' in '20' second(s)

2023-11-23 15:06:43 - [MESSAGE][INFO] - Smart Wait Function is triggered

2023-11-23 15:06:43 - [MESSAGE][INFO] - Found 1 web elements with id: 'Object Repository/Connexion Usager/Input_ConfirmePassword' located by 'By.xpath: //*/app-input[2]/div/div/input [@type = 'password']' in '20' second(s)

2023-11-23 15:06:43 - [MESSAGE][INFO] - Checking object

2023-11-23 15:06:43 - [MESSAGE][INFO] - Checking text

2023-11-23 15:06:43 - [MESSAGE][INFO] - Finding web element from Test Object's properties

2023-11-23 15:06:43 - [MESSAGE][INFO] - Checking timeout

2023-11-23 15:06:43 - [MESSAGE][INFO] - Finding web element with id: 'Object Repository/Connexion Usager/Input_ConfirmePassword' located by 'By.xpath: //*/app-input[2]/div/div/input [@type = 'password']' in '5' second(s)

2023-11-23 15:06:43 - [MESSAGE][INFO] - Smart Wait Function is triggered

2023-11-23 15:06:43 - [MESSAGE][INFO] - Found 1 web elements with id: 'Object Repository/Connexion Usager/Input_ConfirmePassword' located by 'By.xpath: //*/app-input[2]/div/div/input [@type = 'password']' in '5' second(s)

2023-11-23 15:06:43 - [MESSAGE][INFO] - Clearing text of object 'Object Repository/Connexion Usager/Input_ConfirmePassword'

2023-11-23 15:06:45 - [MESSAGE][INFO] - Finding web element from Test Object's properties

2023-11-23 15:06:45 - [MESSAGE][INFO] - Checking timeout

2023-11-23 15:06:45 - [MESSAGE][INFO] - Finding web element with id: 'Object Repository/Connexion Usager/Input_ConfirmePassword' located by 'By.xpath: //*/app-input[2]/div/div/input [@type = 'password']' in '5' second(s)

2023-11-23 15:06:45 - [MESSAGE][INFO] - Smart Wait Function is triggered

2023-11-23 15:06:45 - [MESSAGE][INFO] - Found 1 web elements with id: 'Object Repository/Connexion Usager/Input_ConfirmePassword' located by 'By.xpath: //*/app-input[2]/div/div/input [@type = 'password']' in '5' second(s)

2023-11-23 15:06:45 - [MESSAGE][INFO] - Setting text of object 'Object Repository/Connexion Usager/Input_ConfirmePassword' to value 'HHizaoui0010'

2023-11-23 15:06:47 - [MESSAGE][PASSED] - Text 'HHizaoui0010' is set on object 'Object Repository/Connexion Usager/Input_ConfirmePassword'

2023-11-23 15:06:47 - [TEST_STEP][PASSED] - click(findTestObject("Object Repository/Connexion Usager/btn_CreerMDP")): Object: 'Object Repository/Connexion Usager/btn_CreerMDP' is clicked on

2023-11-23 15:06:47 - [MESSAGE][INFO] - Finding Test Object 'Object Repository/Connexion Usager/btn_CreerMDP'

2023-11-23 15:06:48 - [MESSAGE][INFO] - Checking timeout

2023-11-23 15:06:48 - [MESSAGE][INFO] - Finding web element with id: 'Object Repository/Connexion Usager/btn_CreerMDP' located by 'By.xpath: //*/div/p-button/button [@type= 'button']' in '20' second(s)

2023-11-23 15:06:48 - [MESSAGE][INFO] - Smart Wait Function is triggered

2023-11-23 15:06:48 - [MESSAGE][INFO] - Found 1 web elements with id: 'Object Repository/Connexion Usager/btn_CreerMDP' located by 'By.xpath: //*/div/p-button/button [@type= 'button']' in '20' second(s)

2023-11-23 15:06:48 - [MESSAGE][INFO] - Checking object

2023-11-23 15:06:48 - [MESSAGE][INFO] - Checking timeout

2023-11-23 15:06:48 - [MESSAGE][INFO] - Finding web element from Test Object's properties

2023-11-23 15:06:48 - [MESSAGE][INFO] - Checking timeout

2023-11-23 15:06:48 - [MESSAGE][INFO] - Finding web element with id: 'Object Repository/Connexion Usager/btn_CreerMDP' located by 'By.xpath: //*/div/p-button/button [@type= 'button']' in '5' second(s)

2023-11-23 15:06:48 - [MESSAGE][INFO] - Smart Wait Function is triggered

2023-11-23 15:06:48 - [MESSAGE][INFO] - Found 1 web elements with id: 'Object Repository/Connexion Usager/btn_CreerMDP' located by 'By.xpath: //*/div/p-button/button [@type= 'button']' in '5' second(s)

2023-11-23 15:06:48 - [MESSAGE][INFO] - Clicking on object: 'Object Repository/Connexion Usager/btn_CreerMDP'

2023-11-23 15:06:50 - [MESSAGE][PASSED] - Object: 'Object Repository/Connexion Usager/btn_CreerMDP' is clicked on

2023-11-23 15:06:50 - [TEST_STEP][PASSED] - verifyElementPresent(findTestObject("Object Repository/Connexion Usager/div_MSG_FormatNonRespecte"), 1): Object 'Object Repository/Connexion Usager/div_MSG_FormatNonRespecte' is present

2023-11-23 15:06:50 - [MESSAGE][INFO] - Finding Test Object 'Object Repository/Connexion Usager/div_MSG_FormatNonRespecte'

2023-11-23 15:06:50 - [MESSAGE][INFO] - Checking object

2023-11-23 15:06:50 - [MESSAGE][INFO] - Finding web element from Test Object's properties

2023-11-23 15:06:50 - [MESSAGE][INFO] - Checking timeout

2023-11-23 15:06:50 - [MESSAGE][INFO] - Finding web element with id: 'Object Repository/Connexion Usager/div_MSG_FormatNonRespecte' located by 'By.xpath: //*/app-input[1]/div/div/div[1]/div[2]/div/span[2]' in '1' second(s)

2023-11-23 15:06:50 - [MESSAGE][INFO] - Smart Wait Function is triggered

2023-11-23 15:06:50 - [MESSAGE][INFO] - Found 1 web elements with id: 'Object Repository/Connexion Usager/div_MSG_FormatNonRespecte' located by 'By.xpath: //*/app-input[1]/div/div/div[1]/div[2]/div/span[2]' in '1' second(s)

2023-11-23 15:06:50 - [MESSAGE][PASSED] - Object 'Object Repository/Connexion Usager/div_MSG_FormatNonRespecte' is present

2023-11-23 15:06:50 - [TEST_STEP][PASSED] - println("CrÃ©er un mot de passe sans chiffre"): null

2023-11-23 15:06:50 - [TEST_STEP][PASSED] - setText(findTestObject("Object Repository/Connexion Usager/Input_Password"), "HHizaouihiza!"): Text 'HHizaouihiza!' is set on object 'Object Repository/Connexion Usager/Input_Password'

2023-11-23 15:06:50 - [MESSAGE][INFO] - Finding Test Object 'Object Repository/Connexion Usager/Input_Password'

2023-11-23 15:06:50 - [MESSAGE][INFO] - Checking timeout

2023-11-23 15:06:50 - [MESSAGE][INFO] - Finding web element with id: 'Object Repository/Connexion Usager/Input_Password' located by 'By.xpath: //*/app-input[1]/div/div/input [@type = 'password']' in '20' second(s)

2023-11-23 15:06:50 - [MESSAGE][INFO] - Smart Wait Function is triggered

2023-11-23 15:06:50 - [MESSAGE][INFO] - Found 1 web elements with id: 'Object Repository/Connexion Usager/Input_Password' located by 'By.xpath: //*/app-input[1]/div/div/input [@type = 'password']' in '20' second(s)

2023-11-23 15:06:50 - [MESSAGE][INFO] - Checking object

2023-11-23 15:06:50 - [MESSAGE][INFO] - Checking text

2023-11-23 15:06:50 - [MESSAGE][INFO] - Finding web element from Test Object's properties

2023-11-23 15:06:50 - [MESSAGE][INFO] - Checking timeout

2023-11-23 15:06:50 - [MESSAGE][INFO] - Finding web element with id: 'Object Repository/Connexion Usager/Input_Password' located by 'By.xpath: //*/app-input[1]/div/div/input [@type = 'password']' in '5' second(s)

2023-11-23 15:06:50 - [MESSAGE][INFO] - Smart Wait Function is triggered

2023-11-23 15:06:50 - [MESSAGE][INFO] - Found 1 web elements with id: 'Object Repository/Connexion Usager/Input_Password' located by 'By.xpath: //*/app-input[1]/div/div/input [@type = 'password']' in '5' second(s)

2023-11-23 15:06:50 - [MESSAGE][INFO] - Clearing text of object 'Object Repository/Connexion Usager/Input_Password'

2023-11-23 15:06:52 - [MESSAGE][INFO] - Finding web element from Test Object's properties

2023-11-23 15:06:52 - [MESSAGE][INFO] - Checking timeout

2023-11-23 15:06:52 - [MESSAGE][INFO] - Finding web element with id: 'Object Repository/Connexion Usager/Input_Password' located by 'By.xpath: //*/app-input[1]/div/div/input [@type = 'password']' in '5' second(s)

2023-11-23 15:06:52 - [MESSAGE][INFO] - Smart Wait Function is triggered

2023-11-23 15:06:52 - [MESSAGE][INFO] - Found 1 web elements with id: 'Object Repository/Connexion Usager/Input_Password' located by 'By.xpath: //*/app-input[1]/div/div/input [@type = 'password']' in '5' second(s)

2023-11-23 15:06:52 - [MESSAGE][INFO] - Setting text of object 'Object Repository/Connexion Usager/Input_Password' to value 'HHizaouihiza!'

2023-11-23 15:06:54 - [MESSAGE][PASSED] - Text 'HHizaouihiza!' is set on object 'Object Repository/Connexion Usager/Input_Password'

2023-11-23 15:06:54 - [TEST_STEP][PASSED] - setText(findTestObject("Object Repository/Connexion Usager/Input_ConfirmePassword"), "HHizaouihiza!"): Text 'HHizaouihiza!' is set on object 'Object Repository/Connexion Usager/Input_ConfirmePassword'

2023-11-23 15:06:54 - [MESSAGE][INFO] - Finding Test Object 'Object Repository/Connexion Usager/Input_ConfirmePassword'

2023-11-23 15:06:54 - [MESSAGE][INFO] - Checking timeout

2023-11-23 15:06:54 - [MESSAGE][INFO] - Finding web element with id: 'Object Repository/Connexion Usager/Input_ConfirmePassword' located by 'By.xpath: //*/app-input[2]/div/div/input [@type = 'password']' in '20' second(s)

2023-11-23 15:06:54 - [MESSAGE][INFO] - Smart Wait Function is triggered

2023-11-23 15:06:54 - [MESSAGE][INFO] - Found 1 web elements with id: 'Object Repository/Connexion Usager/Input_ConfirmePassword' located by 'By.xpath: //*/app-input[2]/div/div/input [@type = 'password']' in '20' second(s)

2023-11-23 15:06:54 - [MESSAGE][INFO] - Checking object

2023-11-23 15:06:54 - [MESSAGE][INFO] - Checking text

2023-11-23 15:06:54 - [MESSAGE][INFO] - Finding web element from Test Object's properties

2023-11-23 15:06:54 - [MESSAGE][INFO] - Checking timeout

2023-11-23 15:06:54 - [MESSAGE][INFO] - Finding web element with id: 'Object Repository/Connexion Usager/Input_ConfirmePassword' located by 'By.xpath: //*/app-input[2]/div/div/input [@type = 'password']' in '5' second(s)

2023-11-23 15:06:54 - [MESSAGE][INFO] - Smart Wait Function is triggered

2023-11-23 15:06:54 - [MESSAGE][INFO] - Found 1 web elements with id: 'Object Repository/Connexion Usager/Input_ConfirmePassword' located by 'By.xpath: //*/app-input[2]/div/div/input [@type = 'password']' in '5' second(s)

2023-11-23 15:06:54 - [MESSAGE][INFO] - Clearing text of object 'Object Repository/Connexion Usager/Input_ConfirmePassword'

2023-11-23 15:06:56 - [MESSAGE][INFO] - Finding web element from Test Object's properties

2023-11-23 15:06:56 - [MESSAGE][INFO] - Checking timeout

2023-11-23 15:06:56 - [MESSAGE][INFO] - Finding web element with id: 'Object Repository/Connexion Usager/Input_ConfirmePassword' located by 'By.xpath: //*/app-input[2]/div/div/input [@type = 'password']' in '5' second(s)

2023-11-23 15:06:56 - [MESSAGE][INFO] - Smart Wait Function is triggered

2023-11-23 15:06:56 - [MESSAGE][INFO] - Found 1 web elements with id: 'Object Repository/Connexion Usager/Input_ConfirmePassword' located by 'By.xpath: //*/app-input[2]/div/div/input [@type = 'password']' in '5' second(s)

2023-11-23 15:06:56 - [MESSAGE][INFO] - Setting text of object 'Object Repository/Connexion Usager/Input_ConfirmePassword' to value 'HHizaouihiza!'

2023-11-23 15:06:59 - [MESSAGE][PASSED] - Text 'HHizaouihiza!' is set on object 'Object Repository/Connexion Usager/Input_ConfirmePassword'

2023-11-23 15:06:59 - [TEST_STEP][PASSED] - click(findTestObject("Object Repository/Connexion Usager/btn_CreerMDP")): Object: 'Object Repository/Connexion Usager/btn_CreerMDP' is clicked on

2023-11-23 15:06:59 - [MESSAGE][INFO] - Finding Test Object 'Object Repository/Connexion Usager/btn_CreerMDP'

2023-11-23 15:06:59 - [MESSAGE][INFO] - Checking timeout

2023-11-23 15:06:59 - [MESSAGE][INFO] - Finding web element with id: 'Object Repository/Connexion Usager/btn_CreerMDP' located by 'By.xpath: //*/div/p-button/button [@type= 'button']' in '20' second(s)

2023-11-23 15:06:59 - [MESSAGE][INFO] - Smart Wait Function is triggered

2023-11-23 15:06:59 - [MESSAGE][INFO] - Found 1 web elements with id: 'Object Repository/Connexion Usager/btn_CreerMDP' located by 'By.xpath: //*/div/p-button/button [@type= 'button']' in '20' second(s)

2023-11-23 15:06:59 - [MESSAGE][INFO] - Checking object

2023-11-23 15:06:59 - [MESSAGE][INFO] - Checking timeout

2023-11-23 15:06:59 - [MESSAGE][INFO] - Finding web element from Test Object's properties

2023-11-23 15:06:59 - [MESSAGE][INFO] - Checking timeout

2023-11-23 15:06:59 - [MESSAGE][INFO] - Finding web element with id: 'Object Repository/Connexion Usager/btn_CreerMDP' located by 'By.xpath: //*/div/p-button/button [@type= 'button']' in '5' second(s)

2023-11-23 15:06:59 - [MESSAGE][INFO] - Smart Wait Function is triggered

2023-11-23 15:06:59 - [MESSAGE][INFO] - Found 1 web elements with id: 'Object Repository/Connexion Usager/btn_CreerMDP' located by 'By.xpath: //*/div/p-button/button [@type= 'button']' in '5' second(s)

2023-11-23 15:06:59 - [MESSAGE][INFO] - Clicking on object: 'Object Repository/Connexion Usager/btn_CreerMDP'

2023-11-23 15:07:01 - [MESSAGE][PASSED] - Object: 'Object Repository/Connexion Usager/btn_CreerMDP' is clicked on

2023-11-23 15:07:01 - [TEST_STEP][PASSED] - verifyElementPresent(findTestObject("Object Repository/Connexion Usager/div_MSG_FormatNonRespecte"), 1): Object 'Object Repository/Connexion Usager/div_MSG_FormatNonRespecte' is present

2023-11-23 15:07:01 - [MESSAGE][INFO] - Finding Test Object 'Object Repository/Connexion Usager/div_MSG_FormatNonRespecte'

2023-11-23 15:07:01 - [MESSAGE][INFO] - Checking object

2023-11-23 15:07:01 - [MESSAGE][INFO] - Finding web element from Test Object's properties

2023-11-23 15:07:01 - [MESSAGE][INFO] - Checking timeout

2023-11-23 15:07:01 - [MESSAGE][INFO] - Finding web element with id: 'Object Repository/Connexion Usager/div_MSG_FormatNonRespecte' located by 'By.xpath: //*/app-input[1]/div/div/div[1]/div[2]/div/span[2]' in '1' second(s)

2023-11-23 15:07:01 - [MESSAGE][INFO] - Smart Wait Function is triggered

2023-11-23 15:07:01 - [MESSAGE][INFO] - Found 1 web elements with id: 'Object Repository/Connexion Usager/div_MSG_FormatNonRespecte' located by 'By.xpath: //*/app-input[1]/div/div/div[1]/div[2]/div/span[2]' in '1' second(s)

2023-11-23 15:07:01 - [MESSAGE][PASSED] - Object 'Object Repository/Connexion Usager/div_MSG_FormatNonRespecte' is present

2023-11-23 15:07:01 - [TEST_STEP][PASSED] - println("Saisir 2 mots de passe diffÃ©rents"): null

2023-11-23 15:07:01 - [TEST_STEP][PASSED] - setText(findTestObject("Object Repository/Connexion Usager/Input_Password"), "HHizaoui001!"): Text 'HHizaoui001!' is set on object 'Object Repository/Connexion Usager/Input_Password'

2023-11-23 15:07:01 - [MESSAGE][INFO] - Finding Test Object 'Object Repository/Connexion Usager/Input_Password'

2023-11-23 15:07:01 - [MESSAGE][INFO] - Checking timeout

2023-11-23 15:07:01 - [MESSAGE][INFO] - Finding web element with id: 'Object Repository/Connexion Usager/Input_Password' located by 'By.xpath: //*/app-input[1]/div/div/input [@type = 'password']' in '20' second(s)

2023-11-23 15:07:01 - [MESSAGE][INFO] - Smart Wait Function is triggered

2023-11-23 15:07:01 - [MESSAGE][INFO] - Found 1 web elements with id: 'Object Repository/Connexion Usager/Input_Password' located by 'By.xpath: //*/app-input[1]/div/div/input [@type = 'password']' in '20' second(s)

2023-11-23 15:07:01 - [MESSAGE][INFO] - Checking object

2023-11-23 15:07:01 - [MESSAGE][INFO] - Checking text

2023-11-23 15:07:01 - [MESSAGE][INFO] - Finding web element from Test Object's properties

2023-11-23 15:07:01 - [MESSAGE][INFO] - Checking timeout

2023-11-23 15:07:01 - [MESSAGE][INFO] - Finding web element with id: 'Object Repository/Connexion Usager/Input_Password' located by 'By.xpath: //*/app-input[1]/div/div/input [@type = 'password']' in '5' second(s)

2023-11-23 15:07:01 - [MESSAGE][INFO] - Smart Wait Function is triggered

2023-11-23 15:07:01 - [MESSAGE][INFO] - Found 1 web elements with id: 'Object Repository/Connexion Usager/Input_Password' located by 'By.xpath: //*/app-input[1]/div/div/input [@type = 'password']' in '5' second(s)

2023-11-23 15:07:01 - [MESSAGE][INFO] - Clearing text of object 'Object Repository/Connexion Usager/Input_Password'

2023-11-23 15:07:03 - [MESSAGE][INFO] - Finding web element from Test Object's properties

2023-11-23 15:07:03 - [MESSAGE][INFO] - Checking timeout

2023-11-23 15:07:03 - [MESSAGE][INFO] - Finding web element with id: 'Object Repository/Connexion Usager/Input_Password' located by 'By.xpath: //*/app-input[1]/div/div/input [@type = 'password']' in '5' second(s)

2023-11-23 15:07:03 - [MESSAGE][INFO] - Smart Wait Function is triggered

2023-11-23 15:07:03 - [MESSAGE][INFO] - Found 1 web elements with id: 'Object Repository/Connexion Usager/Input_Password' located by 'By.xpath: //*/app-input[1]/div/div/input [@type = 'password']' in '5' second(s)

2023-11-23 15:07:03 - [MESSAGE][INFO] - Setting text of object 'Object Repository/Connexion Usager/Input_Password' to value 'HHizaoui001!'

2023-11-23 15:07:05 - [MESSAGE][PASSED] - Text 'HHizaoui001!' is set on object 'Object Repository/Connexion Usager/Input_Password'

2023-11-23 15:07:05 - [TEST_STEP][PASSED] - setText(findTestObject("Object Repository/Connexion Usager/Input_ConfirmePassword"), "HHizaoui001!def"): Text 'HHizaoui001!def' is set on object 'Object Repository/Connexion Usager/Input_ConfirmePassword'

2023-11-23 15:07:05 - [MESSAGE][INFO] - Finding Test Object 'Object Repository/Connexion Usager/Input_ConfirmePassword'

2023-11-23 15:07:06 - [MESSAGE][INFO] - Checking timeout

2023-11-23 15:07:06 - [MESSAGE][INFO] - Finding web element with id: 'Object Repository/Connexion Usager/Input_ConfirmePassword' located by 'By.xpath: //*/app-input[2]/div/div/input [@type = 'password']' in '20' second(s)

2023-11-23 15:07:06 - [MESSAGE][INFO] - Smart Wait Function is triggered

2023-11-23 15:07:06 - [MESSAGE][INFO] - Found 1 web elements with id: 'Object Repository/Connexion Usager/Input_ConfirmePassword' located by 'By.xpath: //*/app-input[2]/div/div/input [@type = 'password']' in '20' second(s)

2023-11-23 15:07:06 - [MESSAGE][INFO] - Checking object

2023-11-23 15:07:06 - [MESSAGE][INFO] - Checking text

2023-11-23 15:07:06 - [MESSAGE][INFO] - Finding web element from Test Object's properties

2023-11-23 15:07:06 - [MESSAGE][INFO] - Checking timeout

2023-11-23 15:07:06 - [MESSAGE][INFO] - Finding web element with id: 'Object Repository/Connexion Usager/Input_ConfirmePassword' located by 'By.xpath: //*/app-input[2]/div/div/input [@type = 'password']' in '5' second(s)

2023-11-23 15:07:06 - [MESSAGE][INFO] - Smart Wait Function is triggered

2023-11-23 15:07:06 - [MESSAGE][INFO] - Found 1 web elements with id: 'Object Repository/Connexion Usager/Input_ConfirmePassword' located by 'By.xpath: //*/app-input[2]/div/div/input [@type = 'password']' in '5' second(s)

2023-11-23 15:07:06 - [MESSAGE][INFO] - Clearing text of object 'Object Repository/Connexion Usager/Input_ConfirmePassword'

2023-11-23 15:07:08 - [MESSAGE][INFO] - Finding web element from Test Object's properties

2023-11-23 15:07:08 - [MESSAGE][INFO] - Checking timeout

2023-11-23 15:07:08 - [MESSAGE][INFO] - Finding web element with id: 'Object Repository/Connexion Usager/Input_ConfirmePassword' located by 'By.xpath: //*/app-input[2]/div/div/input [@type = 'password']' in '5' second(s)

2023-11-23 15:07:08 - [MESSAGE][INFO] - Smart Wait Function is triggered

2023-11-23 15:07:08 - [MESSAGE][INFO] - Found 1 web elements with id: 'Object Repository/Connexion Usager/Input_ConfirmePassword' located by 'By.xpath: //*/app-input[2]/div/div/input [@type = 'password']' in '5' second(s)

2023-11-23 15:07:08 - [MESSAGE][INFO] - Setting text of object 'Object Repository/Connexion Usager/Input_ConfirmePassword' to value 'HHizaoui001!def'

2023-11-23 15:07:10 - [MESSAGE][PASSED] - Text 'HHizaoui001!def' is set on object 'Object Repository/Connexion Usager/Input_ConfirmePassword'

2023-11-23 15:07:10 - [TEST_STEP][PASSED] - click(findTestObject("Object Repository/Connexion Usager/btn_CreerMDP")): Object: 'Object Repository/Connexion Usager/btn_CreerMDP' is clicked on

2023-11-23 15:07:10 - [MESSAGE][INFO] - Finding Test Object 'Object Repository/Connexion Usager/btn_CreerMDP'

2023-11-23 15:07:10 - [MESSAGE][INFO] - Checking timeout

2023-11-23 15:07:10 - [MESSAGE][INFO] - Finding web element with id: 'Object Repository/Connexion Usager/btn_CreerMDP' located by 'By.xpath: //*/div/p-button/button [@type= 'button']' in '20' second(s)

2023-11-23 15:07:10 - [MESSAGE][INFO] - Smart Wait Function is triggered

2023-11-23 15:07:10 - [MESSAGE][INFO] - Found 1 web elements with id: 'Object Repository/Connexion Usager/btn_CreerMDP' located by 'By.xpath: //*/div/p-button/button [@type= 'button']' in '20' second(s)

2023-11-23 15:07:10 - [MESSAGE][INFO] - Checking object

2023-11-23 15:07:10 - [MESSAGE][INFO] - Checking timeout

2023-11-23 15:07:10 - [MESSAGE][INFO] - Finding web element from Test Object's properties

2023-11-23 15:07:10 - [MESSAGE][INFO] - Checking timeout

2023-11-23 15:07:10 - [MESSAGE][INFO] - Finding web element with id: 'Object Repository/Connexion Usager/btn_CreerMDP' located by 'By.xpath: //*/div/p-button/button [@type= 'button']' in '5' second(s)

2023-11-23 15:07:10 - [MESSAGE][INFO] - Smart Wait Function is triggered

2023-11-23 15:07:10 - [MESSAGE][INFO] - Found 1 web elements with id: 'Object Repository/Connexion Usager/btn_CreerMDP' located by 'By.xpath: //*/div/p-button/button [@type= 'button']' in '5' second(s)

2023-11-23 15:07:10 - [MESSAGE][INFO] - Clicking on object: 'Object Repository/Connexion Usager/btn_CreerMDP'

2023-11-23 15:07:13 - [MESSAGE][PASSED] - Object: 'Object Repository/Connexion Usager/btn_CreerMDP' is clicked on

2023-11-23 15:07:13 - [TEST_STEP][PASSED] - verifyElementPresent(findTestObject("Object Repository/Connexion Usager/div_ MSG_ChampsDoiventEtreIdentiques"), 1): Object 'Object Repository/Connexion Usager/div_ MSG_ChampsDoiventEtreIdentiques' is present

2023-11-23 15:07:13 - [MESSAGE][INFO] - Finding Test Object 'Object Repository/Connexion Usager/div_ MSG_ChampsDoiventEtreIdentiques'

2023-11-23 15:07:13 - [MESSAGE][INFO] - Checking object

2023-11-23 15:07:13 - [MESSAGE][INFO] - Finding web element from Test Object's properties

2023-11-23 15:07:13 - [MESSAGE][INFO] - Checking timeout

2023-11-23 15:07:13 - [MESSAGE][INFO] - Finding web element with id: 'Object Repository/Connexion Usager/div_ MSG_ChampsDoiventEtreIdentiques' located by 'By.xpath: //*/div[2]/div/div[1]/p/span' in '1' second(s)

2023-11-23 15:07:13 - [MESSAGE][INFO] - Smart Wait Function is triggered

2023-11-23 15:07:13 - [MESSAGE][INFO] - Found 1 web elements with id: 'Object Repository/Connexion Usager/div_ MSG_ChampsDoiventEtreIdentiques' located by 'By.xpath: //*/div[2]/div/div[1]/p/span' in '1' second(s)

2023-11-23 15:07:13 - [MESSAGE][PASSED] - Object 'Object Repository/Connexion Usager/div_ MSG_ChampsDoiventEtreIdentiques' is present

2023-11-23 15:07:13 - [TEST_STEP][PASSED] - println("CrÃ©er un mot de passe moins de 12 caractÃ¨res"): null

2023-11-23 15:07:13 - [TEST_STEP][PASSED] - setText(findTestObject("Object Repository/Connexion Usager/Input_Password"), "HHiza001!"): Text 'HHiza001!' is set on object 'Object Repository/Connexion Usager/Input_Password'

2023-11-23 15:07:13 - [MESSAGE][INFO] - Finding Test Object 'Object Repository/Connexion Usager/Input_Password'

2023-11-23 15:07:13 - [MESSAGE][INFO] - Checking timeout

2023-11-23 15:07:13 - [MESSAGE][INFO] - Finding web element with id: 'Object Repository/Connexion Usager/Input_Password' located by 'By.xpath: //*/app-input[1]/div/div/input [@type = 'password']' in '20' second(s)

2023-11-23 15:07:13 - [MESSAGE][INFO] - Smart Wait Function is triggered

2023-11-23 15:07:13 - [MESSAGE][INFO] - Found 1 web elements with id: 'Object Repository/Connexion Usager/Input_Password' located by 'By.xpath: //*/app-input[1]/div/div/input [@type = 'password']' in '20' second(s)

2023-11-23 15:07:13 - [MESSAGE][INFO] - Checking object

2023-11-23 15:07:13 - [MESSAGE][INFO] - Checking text

2023-11-23 15:07:13 - [MESSAGE][INFO] - Finding web element from Test Object's properties

2023-11-23 15:07:13 - [MESSAGE][INFO] - Checking timeout

2023-11-23 15:07:13 - [MESSAGE][INFO] - Finding web element with id: 'Object Repository/Connexion Usager/Input_Password' located by 'By.xpath: //*/app-input[1]/div/div/input [@type = 'password']' in '5' second(s)

2023-11-23 15:07:13 - [MESSAGE][INFO] - Smart Wait Function is triggered

2023-11-23 15:07:13 - [MESSAGE][INFO] - Found 1 web elements with id: 'Object Repository/Connexion Usager/Input_Password' located by 'By.xpath: //*/app-input[1]/div/div/input [@type = 'password']' in '5' second(s)

2023-11-23 15:07:13 - [MESSAGE][INFO] - Clearing text of object 'Object Repository/Connexion Usager/Input_Password'

2023-11-23 15:07:15 - [MESSAGE][INFO] - Finding web element from Test Object's properties

2023-11-23 15:07:15 - [MESSAGE][INFO] - Checking timeout

2023-11-23 15:07:15 - [MESSAGE][INFO] - Finding web element with id: 'Object Repository/Connexion Usager/Input_Password' located by 'By.xpath: //*/app-input[1]/div/div/input [@type = 'password']' in '5' second(s)

2023-11-23 15:07:15 - [MESSAGE][INFO] - Smart Wait Function is triggered

2023-11-23 15:07:15 - [MESSAGE][INFO] - Found 1 web elements with id: 'Object Repository/Connexion Usager/Input_Password' located by 'By.xpath: //*/app-input[1]/div/div/input [@type = 'password']' in '5' second(s)

2023-11-23 15:07:15 - [MESSAGE][INFO] - Setting text of object 'Object Repository/Connexion Usager/Input_Password' to value 'HHiza001!'

2023-11-23 15:07:18 - [MESSAGE][PASSED] - Text 'HHiza001!' is set on object 'Object Repository/Connexion Usager/Input_Password'

2023-11-23 15:07:18 - [TEST_STEP][PASSED] - setText(findTestObject("Object Repository/Connexion Usager/Input_ConfirmePassword"), "HHiza001!"): Text 'HHiza001!' is set on object 'Object Repository/Connexion Usager/Input_ConfirmePassword'

2023-11-23 15:07:18 - [MESSAGE][INFO] - Finding Test Object 'Object Repository/Connexion Usager/Input_ConfirmePassword'

2023-11-23 15:07:18 - [MESSAGE][INFO] - Checking timeout

2023-11-23 15:07:18 - [MESSAGE][INFO] - Finding web element with id: 'Object Repository/Connexion Usager/Input_ConfirmePassword' located by 'By.xpath: //*/app-input[2]/div/div/input [@type = 'password']' in '20' second(s)

2023-11-23 15:07:18 - [MESSAGE][INFO] - Smart Wait Function is triggered

2023-11-23 15:07:18 - [MESSAGE][INFO] - Found 1 web elements with id: 'Object Repository/Connexion Usager/Input_ConfirmePassword' located by 'By.xpath: //*/app-input[2]/div/div/input [@type = 'password']' in '20' second(s)

2023-11-23 15:07:18 - [MESSAGE][INFO] - Checking object

2023-11-23 15:07:18 - [MESSAGE][INFO] - Checking text

2023-11-23 15:07:18 - [MESSAGE][INFO] - Finding web element from Test Object's properties

2023-11-23 15:07:18 - [MESSAGE][INFO] - Checking timeout

2023-11-23 15:07:18 - [MESSAGE][INFO] - Finding web element with id: 'Object Repository/Connexion Usager/Input_ConfirmePassword' located by 'By.xpath: //*/app-input[2]/div/div/input [@type = 'password']' in '5' second(s)

2023-11-23 15:07:18 - [MESSAGE][INFO] - Smart Wait Function is triggered

2023-11-23 15:07:18 - [MESSAGE][INFO] - Found 1 web elements with id: 'Object Repository/Connexion Usager/Input_ConfirmePassword' located by 'By.xpath: //*/app-input[2]/div/div/input [@type = 'password']' in '5' second(s)

2023-11-23 15:07:18 - [MESSAGE][INFO] - Clearing text of object 'Object Repository/Connexion Usager/Input_ConfirmePassword'

2023-11-23 15:07:20 - [MESSAGE][INFO] - Finding web element from Test Object's properties

2023-11-23 15:07:20 - [MESSAGE][INFO] - Checking timeout

2023-11-23 15:07:20 - [MESSAGE][INFO] - Finding web element with id: 'Object Repository/Connexion Usager/Input_ConfirmePassword' located by 'By.xpath: //*/app-input[2]/div/div/input [@type = 'password']' in '5' second(s)

2023-11-23 15:07:20 - [MESSAGE][INFO] - Smart Wait Function is triggered

2023-11-23 15:07:20 - [MESSAGE][INFO] - Found 1 web elements with id: 'Object Repository/Connexion Usager/Input_ConfirmePassword' located by 'By.xpath: //*/app-input[2]/div/div/input [@type = 'password']' in '5' second(s)

2023-11-23 15:07:20 - [MESSAGE][INFO] - Setting text of object 'Object Repository/Connexion Usager/Input_ConfirmePassword' to value 'HHiza001!'

2023-11-23 15:07:22 - [MESSAGE][PASSED] - Text 'HHiza001!' is set on object 'Object Repository/Connexion Usager/Input_ConfirmePassword'

2023-11-23 15:07:22 - [TEST_STEP][PASSED] - click(findTestObject("Object Repository/Connexion Usager/btn_CreerMDP")): Object: 'Object Repository/Connexion Usager/btn_CreerMDP' is clicked on

2023-11-23 15:07:22 - [MESSAGE][INFO] - Finding Test Object 'Object Repository/Connexion Usager/btn_CreerMDP'

2023-11-23 15:07:23 - [MESSAGE][INFO] - Checking timeout

2023-11-23 15:07:23 - [MESSAGE][INFO] - Finding web element with id: 'Object Repository/Connexion Usager/btn_CreerMDP' located by 'By.xpath: //*/div/p-button/button [@type= 'button']' in '20' second(s)

2023-11-23 15:07:23 - [MESSAGE][INFO] - Smart Wait Function is triggered

2023-11-23 15:07:23 - [MESSAGE][INFO] - Found 1 web elements with id: 'Object Repository/Connexion Usager/btn_CreerMDP' located by 'By.xpath: //*/div/p-button/button [@type= 'button']' in '20' second(s)

2023-11-23 15:07:23 - [MESSAGE][INFO] - Checking object

2023-11-23 15:07:23 - [MESSAGE][INFO] - Checking timeout

2023-11-23 15:07:23 - [MESSAGE][INFO] - Finding web element from Test Object's properties

2023-11-23 15:07:23 - [MESSAGE][INFO] - Checking timeout

2023-11-23 15:07:23 - [MESSAGE][INFO] - Finding web element with id: 'Object Repository/Connexion Usager/btn_CreerMDP' located by 'By.xpath: //*/div/p-button/button [@type= 'button']' in '5' second(s)

2023-11-23 15:07:23 - [MESSAGE][INFO] - Smart Wait Function is triggered

2023-11-23 15:07:23 - [MESSAGE][INFO] - Found 1 web elements with id: 'Object Repository/Connexion Usager/btn_CreerMDP' located by 'By.xpath: //*/div/p-button/button [@type= 'button']' in '5' second(s)

2023-11-23 15:07:23 - [MESSAGE][INFO] - Clicking on object: 'Object Repository/Connexion Usager/btn_CreerMDP'

2023-11-23 15:07:25 - [MESSAGE][PASSED] - Object: 'Object Repository/Connexion Usager/btn_CreerMDP' is clicked on

2023-11-23 15:07:25 - [TEST_STEP][PASSED] - verifyElementPresent(findTestObject("Object Repository/Connexion Usager/div_MSG_FormatNonRespecte"), 1): Object 'Object Repository/Connexion Usager/div_MSG_FormatNonRespecte' is present

2023-11-23 15:07:25 - [MESSAGE][INFO] - Finding Test Object 'Object Repository/Connexion Usager/div_MSG_FormatNonRespecte'

2023-11-23 15:07:25 - [MESSAGE][INFO] - Checking object

2023-11-23 15:07:25 - [MESSAGE][INFO] - Finding web element from Test Object's properties

2023-11-23 15:07:25 - [MESSAGE][INFO] - Checking timeout

2023-11-23 15:07:25 - [MESSAGE][INFO] - Finding web element with id: 'Object Repository/Connexion Usager/div_MSG_FormatNonRespecte' located by 'By.xpath: //*/app-input[1]/div/div/div[1]/div[2]/div/span[2]' in '1' second(s)

2023-11-23 15:07:25 - [MESSAGE][INFO] - Smart Wait Function is triggered

2023-11-23 15:07:25 - [MESSAGE][INFO] - Found 1 web elements with id: 'Object Repository/Connexion Usager/div_MSG_FormatNonRespecte' located by 'By.xpath: //*/app-input[1]/div/div/div[1]/div[2]/div/span[2]' in '1' second(s)

2023-11-23 15:07:25 - [MESSAGE][PASSED] - Object 'Object Repository/Connexion Usager/div_MSG_FormatNonRespecte' is present

2023-11-23 15:07:25 - [MESSAGE][PASSED] - Call Test Case 'Test Cases/Test Reutilisable/Main/Verif_FormatNewPW' successfully

2023-11-23 15:07:25 - [TEST_STEP][PASSED] - setEncryptedText(findTestObject("Object Repository/Connexion Usager/Input_Password"), Password): Text ****** has been set on object 'Object Repository/Connexion Usager/Input_Password'

2023-11-23 15:07:25 - [MESSAGE][INFO] - Finding Test Object 'Object Repository/Connexion Usager/Input_Password'

2023-11-23 15:07:25 - [MESSAGE][INFO] - Checking timeout

2023-11-23 15:07:25 - [MESSAGE][INFO] - Finding web element with id: 'Object Repository/Connexion Usager/Input_Password' located by 'By.xpath: //*/app-input[1]/div/div/input [@type = 'password']' in '20' second(s)

2023-11-23 15:07:25 - [MESSAGE][INFO] - Smart Wait Function is triggered

2023-11-23 15:07:25 - [MESSAGE][INFO] - Found 1 web elements with id: 'Object Repository/Connexion Usager/Input_Password' located by 'By.xpath: //*/app-input[1]/div/div/input [@type = 'password']' in '20' second(s)

2023-11-23 15:07:25 - [MESSAGE][INFO] - Checking object

2023-11-23 15:07:25 - [MESSAGE][INFO] - Checking text

2023-11-23 15:07:25 - [MESSAGE][INFO] - Finding web element from Test Object's properties

2023-11-23 15:07:25 - [MESSAGE][INFO] - Checking timeout

2023-11-23 15:07:25 - [MESSAGE][INFO] - Finding web element with id: 'Object Repository/Connexion Usager/Input_Password' located by 'By.xpath: //*/app-input[1]/div/div/input [@type = 'password']' in '5' second(s)

2023-11-23 15:07:25 - [MESSAGE][INFO] - Smart Wait Function is triggered

2023-11-23 15:07:25 - [MESSAGE][INFO] - Found 1 web elements with id: 'Object Repository/Connexion Usager/Input_Password' located by 'By.xpath: //*/app-input[1]/div/div/input [@type = 'password']' in '5' second(s)

2023-11-23 15:07:25 - [MESSAGE][INFO] - Clearing text of object 'Object Repository/Connexion Usager/Input_Password'

2023-11-23 15:07:27 - [MESSAGE][INFO] - Setting  text of object 'Object Repository/Connexion Usager/Input_Password' to value ******

2023-11-23 15:07:30 - [MESSAGE][PASSED] - Text ****** has been set on object 'Object Repository/Connexion Usager/Input_Password'

2023-11-23 15:07:30 - [TEST_STEP][PASSED] - setEncryptedText(findTestObject("Object Repository/Connexion Usager/Input_ConfirmePassword"), Password): Text ****** has been set on object 'Object Repository/Connexion Usager/Input_ConfirmePassword'

2023-11-23 15:07:30 - [MESSAGE][INFO] - Finding Test Object 'Object Repository/Connexion Usager/Input_ConfirmePassword'

2023-11-23 15:07:30 - [MESSAGE][INFO] - Checking timeout

2023-11-23 15:07:30 - [MESSAGE][INFO] - Finding web element with id: 'Object Repository/Connexion Usager/Input_ConfirmePassword' located by 'By.xpath: //*/app-input[2]/div/div/input [@type = 'password']' in '20' second(s)

2023-11-23 15:07:30 - [MESSAGE][INFO] - Smart Wait Function is triggered

2023-11-23 15:07:30 - [MESSAGE][INFO] - Found 1 web elements with id: 'Object Repository/Connexion Usager/Input_ConfirmePassword' located by 'By.xpath: //*/app-input[2]/div/div/input [@type = 'password']' in '20' second(s)

2023-11-23 15:07:30 - [MESSAGE][INFO] - Checking object

2023-11-23 15:07:30 - [MESSAGE][INFO] - Checking text

2023-11-23 15:07:30 - [MESSAGE][INFO] - Finding web element from Test Object's properties

2023-11-23 15:07:30 - [MESSAGE][INFO] - Checking timeout

2023-11-23 15:07:30 - [MESSAGE][INFO] - Finding web element with id: 'Object Repository/Connexion Usager/Input_ConfirmePassword' located by 'By.xpath: //*/app-input[2]/div/div/input [@type = 'password']' in '5' second(s)

2023-11-23 15:07:30 - [MESSAGE][INFO] - Smart Wait Function is triggered

2023-11-23 15:07:30 - [MESSAGE][INFO] - Found 1 web elements with id: 'Object Repository/Connexion Usager/Input_ConfirmePassword' located by 'By.xpath: //*/app-input[2]/div/div/input [@type = 'password']' in '5' second(s)

2023-11-23 15:07:30 - [MESSAGE][INFO] - Clearing text of object 'Object Repository/Connexion Usager/Input_ConfirmePassword'

2023-11-23 15:07:32 - [MESSAGE][INFO] - Setting  text of object 'Object Repository/Connexion Usager/Input_ConfirmePassword' to value ******

2023-11-23 15:07:34 - [MESSAGE][PASSED] - Text ****** has been set on object 'Object Repository/Connexion Usager/Input_ConfirmePassword'

2023-11-23 15:07:34 - [TEST_STEP][PASSED] - click(findTestObject("Object Repository/Connexion Usager/btn_CreerMDP")): Object: 'Object Repository/Connexion Usager/btn_CreerMDP' is clicked on

2023-11-23 15:07:34 - [MESSAGE][INFO] - Finding Test Object 'Object Repository/Connexion Usager/btn_CreerMDP'

2023-11-23 15:07:34 - [MESSAGE][INFO] - Checking timeout

2023-11-23 15:07:34 - [MESSAGE][INFO] - Finding web element with id: 'Object Repository/Connexion Usager/btn_CreerMDP' located by 'By.xpath: //*/div/p-button/button [@type= 'button']' in '20' second(s)

2023-11-23 15:07:34 - [MESSAGE][INFO] - Smart Wait Function is triggered

2023-11-23 15:07:35 - [MESSAGE][INFO] - Found 1 web elements with id: 'Object Repository/Connexion Usager/btn_CreerMDP' located by 'By.xpath: //*/div/p-button/button [@type= 'button']' in '20' second(s)

2023-11-23 15:07:35 - [MESSAGE][INFO] - Checking object

2023-11-23 15:07:35 - [MESSAGE][INFO] - Checking timeout

2023-11-23 15:07:35 - [MESSAGE][INFO] - Finding web element from Test Object's properties

2023-11-23 15:07:35 - [MESSAGE][INFO] - Checking timeout

2023-11-23 15:07:35 - [MESSAGE][INFO] - Finding web element with id: 'Object Repository/Connexion Usager/btn_CreerMDP' located by 'By.xpath: //*/div/p-button/button [@type= 'button']' in '5' second(s)

2023-11-23 15:07:35 - [MESSAGE][INFO] - Smart Wait Function is triggered

2023-11-23 15:07:35 - [MESSAGE][INFO] - Found 1 web elements with id: 'Object Repository/Connexion Usager/btn_CreerMDP' located by 'By.xpath: //*/div/p-button/button [@type= 'button']' in '5' second(s)

2023-11-23 15:07:35 - [MESSAGE][INFO] - Clicking on object: 'Object Repository/Connexion Usager/btn_CreerMDP'

2023-11-23 15:07:37 - [MESSAGE][PASSED] - Object: 'Object Repository/Connexion Usager/btn_CreerMDP' is clicked on

2023-11-23 15:07:37 - [TEST_STEP][PASSED] - click(findTestObject("Object Repository/Connexion Usager/btn_span_RetourAccueil")): Object: 'Object Repository/Connexion Usager/btn_span_RetourAccueil' is clicked on

2023-11-23 15:07:37 - [MESSAGE][INFO] - Finding Test Object 'Object Repository/Connexion Usager/btn_span_RetourAccueil'

2023-11-23 15:07:37 - [MESSAGE][INFO] - Checking timeout

2023-11-23 15:07:37 - [MESSAGE][INFO] - Finding web element with id: 'Object Repository/Connexion Usager/btn_span_RetourAccueil' located by 'By.xpath: (.//*[normalize-space(text()) and normalize-space(.)='CRÃATION DE COMPTE'])[1]/following::span[2]' in '20' second(s)

2023-11-23 15:07:37 - [MESSAGE][INFO] - Smart Wait Function is triggered

2023-11-23 15:07:37 - [MESSAGE][INFO] - Smart Wait Function is triggered

2023-11-23 15:07:37 - [MESSAGE][INFO] - Smart Wait Function is triggered

2023-11-23 15:07:37 - [MESSAGE][INFO] - Smart Wait Function is triggered

2023-11-23 15:07:37 - [MESSAGE][INFO] - Smart Wait Function is triggered

2023-11-23 15:07:37 - [MESSAGE][INFO] - Smart Wait Function is triggered

2023-11-23 15:07:37 - [MESSAGE][INFO] - Smart Wait Function is triggered

2023-11-23 15:07:37 - [MESSAGE][INFO] - Smart Wait Function is triggered

2023-11-23 15:07:37 - [MESSAGE][INFO] - Smart Wait Function is triggered

2023-11-23 15:07:37 - [MESSAGE][INFO] - Smart Wait Function is triggered

2023-11-23 15:07:37 - [MESSAGE][INFO] - Smart Wait Function is triggered

2023-11-23 15:07:37 - [MESSAGE][INFO] - Smart Wait Function is triggered

2023-11-23 15:07:37 - [MESSAGE][INFO] - Smart Wait Function is triggered

2023-11-23 15:07:37 - [MESSAGE][INFO] - Smart Wait Function is triggered

2023-11-23 15:07:37 - [MESSAGE][INFO] - Smart Wait Function is triggered

2023-11-23 15:07:37 - [MESSAGE][INFO] - Smart Wait Function is triggered

2023-11-23 15:07:37 - [MESSAGE][INFO] - Smart Wait Function is triggered

2023-11-23 15:07:37 - [MESSAGE][INFO] - Smart Wait Function is triggered

2023-11-23 15:07:37 - [MESSAGE][INFO] - Smart Wait Function is triggered

2023-11-23 15:07:37 - [MESSAGE][INFO] - Smart Wait Function is triggered

2023-11-23 15:07:37 - [MESSAGE][INFO] - Smart Wait Function is triggered

2023-11-23 15:07:37 - [MESSAGE][INFO] - Smart Wait Function is triggered

2023-11-23 15:07:38 - [MESSAGE][INFO] - Smart Wait Function is triggered

2023-11-23 15:07:38 - [MESSAGE][INFO] - Smart Wait Function is triggered

2023-11-23 15:07:38 - [MESSAGE][INFO] - Smart Wait Function is triggered

2023-11-23 15:07:38 - [MESSAGE][INFO] - Smart Wait Function is triggered

2023-11-23 15:07:38 - [MESSAGE][INFO] - Smart Wait Function is triggered

2023-11-23 15:07:38 - [MESSAGE][INFO] - Smart Wait Function is triggered

2023-11-23 15:07:38 - [MESSAGE][INFO] - Smart Wait Function is triggered

2023-11-23 15:07:38 - [MESSAGE][INFO] - Smart Wait Function is triggered

2023-11-23 15:07:38 - [MESSAGE][INFO] - Smart Wait Function is triggered

2023-11-23 15:07:38 - [MESSAGE][INFO] - Smart Wait Function is triggered

2023-11-23 15:07:38 - [MESSAGE][INFO] - Smart Wait Function is triggered

2023-11-23 15:07:38 - [MESSAGE][INFO] - Smart Wait Function is triggered

2023-11-23 15:07:38 - [MESSAGE][INFO] - Smart Wait Function is triggered

2023-11-23 15:07:38 - [MESSAGE][INFO] - Smart Wait Function is triggered

2023-11-23 15:07:38 - [MESSAGE][INFO] - Smart Wait Function is triggered

2023-11-23 15:07:38 - [MESSAGE][INFO] - Smart Wait Function is triggered

2023-11-23 15:07:38 - [MESSAGE][INFO] - Smart Wait Function is triggered

2023-11-23 15:07:38 - [MESSAGE][INFO] - Smart Wait Function is triggered

2023-11-23 15:07:38 - [MESSAGE][INFO] - Smart Wait Function is triggered

2023-11-23 15:07:38 - [MESSAGE][INFO] - Smart Wait Function is triggered

2023-11-23 15:07:38 - [MESSAGE][INFO] - Smart Wait Function is triggered

2023-11-23 15:07:38 - [MESSAGE][INFO] - Smart Wait Function is triggered

2023-11-23 15:07:38 - [MESSAGE][INFO] - Smart Wait Function is triggered

2023-11-23 15:07:38 - [MESSAGE][INFO] - Smart Wait Function is triggered

2023-11-23 15:07:38 - [MESSAGE][INFO] - Smart Wait Function is triggered

2023-11-23 15:07:38 - [MESSAGE][INFO] - Smart Wait Function is triggered

2023-11-23 15:07:38 - [MESSAGE][INFO] - Smart Wait Function is triggered

2023-11-23 15:07:38 - [MESSAGE][INFO] - Smart Wait Function is triggered

2023-11-23 15:07:38 - [MESSAGE][INFO] - Smart Wait Function is triggered

2023-11-23 15:07:38 - [MESSAGE][INFO] - Smart Wait Function is triggered

2023-11-23 15:07:39 - [MESSAGE][INFO] - Smart Wait Function is triggered

2023-11-23 15:07:39 - [MESSAGE][INFO] - Smart Wait Function is triggered

2023-11-23 15:07:39 - [MESSAGE][INFO] - Smart Wait Function is triggered

2023-11-23 15:07:39 - [MESSAGE][INFO] - Smart Wait Function is triggered

2023-11-23 15:07:39 - [MESSAGE][INFO] - Smart Wait Function is triggered

2023-11-23 15:07:39 - [MESSAGE][INFO] - Found 1 web elements with id: 'Object Repository/Connexion Usager/btn_span_RetourAccueil' located by 'By.xpath: (.//*[normalize-space(text()) and normalize-space(.)='CRÃATION DE COMPTE'])[1]/following::span[2]' in '20' second(s)

2023-11-23 15:07:39 - [MESSAGE][INFO] - Checking object

2023-11-23 15:07:39 - [MESSAGE][INFO] - Checking timeout

2023-11-23 15:07:39 - [MESSAGE][INFO] - Finding web element from Test Object's properties

2023-11-23 15:07:39 - [MESSAGE][INFO] - Checking timeout

2023-11-23 15:07:39 - [MESSAGE][INFO] - Finding web element with id: 'Object Repository/Connexion Usager/btn_span_RetourAccueil' located by 'By.xpath: (.//*[normalize-space(text()) and normalize-space(.)='CRÃATION DE COMPTE'])[1]/following::span[2]' in '5' second(s)

2023-11-23 15:07:39 - [MESSAGE][INFO] - Smart Wait Function is triggered

2023-11-23 15:07:39 - [MESSAGE][INFO] - Found 1 web elements with id: 'Object Repository/Connexion Usager/btn_span_RetourAccueil' located by 'By.xpath: (.//*[normalize-space(text()) and normalize-space(.)='CRÃATION DE COMPTE'])[1]/following::span[2]' in '5' second(s)

2023-11-23 15:07:39 - [MESSAGE][INFO] - Clicking on object: 'Object Repository/Connexion Usager/btn_span_RetourAccueil'

2023-11-23 15:07:41 - [MESSAGE][PASSED] - Object: 'Object Repository/Connexion Usager/btn_span_RetourAccueil' is clicked on

2023-11-23 15:07:41 - [TEST_STEP][PASSED] - waitForPageLoad(5): Wait for page load successfully

2023-11-23 15:07:41 - [MESSAGE][INFO] - Checking timeout

2023-11-23 15:07:41 - [MESSAGE][PASSED] - Wait for page load successfully

2023-11-23 15:07:41 - [MESSAGE][PASSED] - Call Test Case 'Test Cases/Test Reutilisable/Main/Creer Votre Compte' successfully

2023-11-23 15:07:41 - [TEST_STEP][FAILED] - if (StopTestCase == false): Unable to call Test Case 'Test Cases/Test Reutilisable/DemandeOuRenouvelle_TitreSejour/FormulaireJustificatifs' (Root cause: com.kms.katalon.core.exception.StepFailedException: Call Test Case 'Test Cases/Test Reutilisable/DemandeOuRenouvelle_TitreSejour/FormulaireJustificatifs' failed
	at com.kms.katalon.core.keyword.builtin.CallTestCaseKeyword$_callTestCase_closure1.doCall(CallTestCaseKeyword.groovy:63)
	at com.kms.katalon.core.keyword.builtin.CallTestCaseKeyword$_callTestCase_closure1.call(CallTestCaseKeyword.groovy)
	at com.kms.katalon.core.keyword.internal.KeywordMain.runKeyword(KeywordMain.groovy:75)
	at com.kms.katalon.core.keyword.builtin.CallTestCaseKeyword.callTestCase(CallTestCaseKeyword.groovy:81)
	at com.kms.katalon.core.keyword.builtin.CallTestCaseKeyword.execute(CallTestCaseKeyword.groovy:44)
	at com.kms.katalon.core.keyword.internal.KeywordExecutor.executeKeywordForPlatform(KeywordExecutor.groovy:74)
	at com.kms.katalon.core.keyword.BuiltinKeywords.callTestCase(BuiltinKeywords.groovy:310)
	at com.kazurayam.ksbackyard.HighlightElement$_pandemic_closure1.doCall(HighlightElement.groovy:105)
	at TNR R.TSPT Supp90-Etudiant.run(TNR R.TSPT Supp90-Etudiant:62)
	at com.kms.katalon.core.main.ScriptEngine.run(ScriptEngine.java:194)
	at com.kms.katalon.core.main.ScriptEngine.runScriptAsRawText(ScriptEngine.java:119)
	at com.kms.katalon.core.main.TestCaseExecutor.runScript(TestCaseExecutor.java:448)
	at com.kms.katalon.core.main.TestCaseExecutor.doExecute(TestCaseExecutor.java:439)
	at com.kms.katalon.core.main.TestCaseExecutor.processExecutionPhase(TestCaseExecutor.java:418)
	at com.kms.katalon.core.main.TestCaseExecutor.accessMainPhase(TestCaseExecutor.java:410)
	at com.kms.katalon.core.main.TestCaseExecutor.execute(TestCaseExecutor.java:285)
	at com.kms.katalon.core.common.CommonExecutor.accessTestCaseMainPhase(CommonExecutor.java:65)
	at com.kms.katalon.core.main.TestSuiteExecutor.accessTestSuiteMainPhase(TestSuiteExecutor.java:148)
	at com.kms.katalon.core.main.TestSuiteExecutor.execute(TestSuiteExecutor.java:106)
	at com.kms.katalon.core.main.TestCaseMain.startTestSuite(TestCaseMain.java:187)
	at com.kms.katalon.core.main.TestCaseMain$startTestSuite$0.call(Unknown Source)
	at TempTestSuite1700747757013.run(TempTestSuite1700747757013.groovy:36)
Caused by: com.kms.katalon.core.exception.StepFailedException: Unable to set text '1PMTYE991215114515JY05' of object 'Object Repository/Page_Justificatifs_Usager/Input_Numero_Ephoto'
	at com.kms.katalon.core.webui.keyword.internal.WebUIKeywordMain.stepFailed(WebUIKeywordMain.groovy:64)
	at com.kms.katalon.core.webui.keyword.internal.WebUIKeywordMain.runKeyword(WebUIKeywordMain.groovy:26)
	at com.kms.katalon.core.webui.keyword.builtin.SetTextKeyword.setText(SetTextKeyword.groovy:66)
	at com.kms.katalon.core.webui.keyword.builtin.SetTextKeyword.execute(SetTextKeyword.groovy:37)
	at com.kms.katalon.core.keyword.internal.KeywordExecutor.executeKeywordForPlatform(KeywordExecutor.groovy:74)
	at com.kms.katalon.core.webui.keyword.WebUiBuiltInKeywords.setText(WebUiBuiltInKeywords.groovy:980)
	at com.kazurayam.ksbackyard.HighlightElement$_pandemic_closure1.doCall(HighlightElement.groovy:105)
	at FormulaireJustificatifs.run(FormulaireJustificatifs:281)
	at com.kms.katalon.core.main.ScriptEngine.run(ScriptEngine.java:194)
	at com.kms.katalon.core.main.ScriptEngine.runScriptAsRawText(ScriptEngine.java:119)
	at com.kms.katalon.core.main.TestCaseExecutor.runScript(TestCaseExecutor.java:448)
	at com.kms.katalon.core.main.TestCaseExecutor.doExecute(TestCaseExecutor.java:439)
	at com.kms.katalon.core.main.TestCaseExecutor.processExecutionPhase(TestCaseExecutor.java:418)
	at com.kms.katalon.core.main.TestCaseExecutor.accessMainPhase(TestCaseExecutor.java:410)
	at com.kms.katalon.core.main.TestCaseExecutor.execute(TestCaseExecutor.java:285)
	at com.kms.katalon.core.main.TestCaseMain.runTestCase(TestCaseMain.java:144)
	at com.kms.katalon.core.keyword.builtin.CallTestCaseKeyword$_callTestCase_closure1.doCall(CallTestCaseKeyword.groovy:59)
	... 21 more
Caused by: com.kms.katalon.core.webui.exception.WebElementNotFoundException: Web element with id: 'Object Repository/Page_Justificatifs_Usager/Input_Numero_Ephoto' located by '//*[@aria-labelledby="PHOTO_NUMBER-label" and @type ="text"]|//*[@aria-labelledby="PHOTO_IDENTITE-label" and @type ="text"]' not found
	at com.kms.katalon.core.webui.common.WebUiCommonHelper.findWebElement(WebUiCommonHelper.java:1381)
	at com.kms.katalon.core.webui.keyword.internal.WebUIAbstractKeyword.findWebElement(WebUIAbstractKeyword.groovy:27)
	at com.kms.katalon.core.webui.keyword.internal.WebUIAbstractKeyword.findWebElement(WebUIAbstractKeyword.groovy:26)
	at com.kms.katalon.core.webui.keyword.builtin.SetTextKeyword$_setText_closure1.doCall(SetTextKeyword.groovy:51)
	at com.kms.katalon.core.webui.keyword.builtin.SetTextKeyword$_setText_closure1.call(SetTextKeyword.groovy)
	at com.kms.katalon.core.webui.keyword.internal.WebUIKeywordMain.runKeyword(WebUIKeywordMain.groovy:20)
	... 36 more
)

2023-11-23 15:07:41 - [TEST_STEP][PASSED] - callTestCase(findTestCase("Test Reutilisable/Main/Identification"), ["Profiles":"Usager", "NumEtrangerVisa":NumEtrangerVisa], STOP_ON_FAILURE): Call Test Case 'Test Cases/Test Reutilisable/Main/Identification' successfully

2023-11-23 15:07:41 - [MESSAGE][INFO] - Checking called Test Case

2023-11-23 15:07:41 - [MESSAGE][INFO] - Starting to call Test Case 'Test Cases/Test Reutilisable/Main/Identification'

2023-11-23 15:07:41 - [TEST_CASE][PASSED] - Test Cases/Test Reutilisable/Main/Identification: Test Cases/Test Reutilisable/Main/Identification

2023-11-23 15:07:41 - [TEST_STEP][PASSED] - if (Profiles == "Usager"): Object 'Object Repository/Page_Accueil_Usager/Span_MesNotifications' is present

2023-11-23 15:07:41 - [TEST_STEP][PASSED] - delay(5): Delayed 5 second(s)

2023-11-23 15:07:41 - [MESSAGE][INFO] - Delaying browser in 5 second(s)

2023-11-23 15:07:46 - [MESSAGE][PASSED] - Delayed 5 second(s)

2023-11-23 15:07:46 - [TEST_STEP][PASSED] - click(findTestObject("Object Repository/Connexion Usager/Link_Se Connecter")): Object: 'Object Repository/Connexion Usager/Link_Se Connecter' is clicked on

2023-11-23 15:07:46 - [MESSAGE][INFO] - Finding Test Object 'Object Repository/Connexion Usager/Link_Se Connecter'

2023-11-23 15:07:46 - [MESSAGE][INFO] - Checking timeout

2023-11-23 15:07:46 - [MESSAGE][INFO] - Finding web element with id: 'Object Repository/Connexion Usager/Link_Se Connecter' located by 'By.xpath: //*[@id="connexion_link"]' in '20' second(s)

2023-11-23 15:07:46 - [MESSAGE][INFO] - Smart Wait Function is triggered

2023-11-23 15:07:46 - [MESSAGE][INFO] - Found 1 web elements with id: 'Object Repository/Connexion Usager/Link_Se Connecter' located by 'By.xpath: //*[@id="connexion_link"]' in '20' second(s)

2023-11-23 15:07:46 - [MESSAGE][INFO] - Checking object

2023-11-23 15:07:46 - [MESSAGE][INFO] - Checking timeout

2023-11-23 15:07:46 - [MESSAGE][INFO] - Finding web element from Test Object's properties

2023-11-23 15:07:46 - [MESSAGE][INFO] - Checking timeout

2023-11-23 15:07:46 - [MESSAGE][INFO] - Finding web element with id: 'Object Repository/Connexion Usager/Link_Se Connecter' located by 'By.xpath: //*[@id="connexion_link"]' in '5' second(s)

2023-11-23 15:07:46 - [MESSAGE][INFO] - Smart Wait Function is triggered

2023-11-23 15:07:46 - [MESSAGE][INFO] - Found 1 web elements with id: 'Object Repository/Connexion Usager/Link_Se Connecter' located by 'By.xpath: //*[@id="connexion_link"]' in '5' second(s)

2023-11-23 15:07:46 - [MESSAGE][INFO] - Clicking on object: 'Object Repository/Connexion Usager/Link_Se Connecter'

2023-11-23 15:07:49 - [MESSAGE][PASSED] - Object: 'Object Repository/Connexion Usager/Link_Se Connecter' is clicked on

2023-11-23 15:07:49 - [TEST_STEP][PASSED] - callTestCase(findTestCase("Test Reutilisable/Main/Erreur lie a la confidentialite"), [:], STOP_ON_FAILURE): Call Test Case 'Test Cases/Test Reutilisable/Main/Erreur lie a la confidentialite' successfully

2023-11-23 15:07:49 - [MESSAGE][INFO] - Checking called Test Case

2023-11-23 15:07:49 - [MESSAGE][INFO] - Starting to call Test Case 'Test Cases/Test Reutilisable/Main/Erreur lie a la confidentialite'

2023-11-23 15:07:49 - [TEST_CASE][PASSED] - Test Cases/Test Reutilisable/Main/Erreur lie a la confidentialite: Test Cases/Test Reutilisable/Main/Erreur lie a la confidentialite

2023-11-23 15:07:49 - [TEST_STEP][PASSED] - tools.WaitForLoadedPage.waitForElementRendering(): tools.WaitForLoadedPage.waitForElementRendering is PASSED

2023-11-23 15:07:49 - [MESSAGE][PASSED] - tools.WaitForLoadedPage.waitForElementRendering is PASSED

2023-11-23 15:07:49 - [TEST_STEP][PASSED] - "Call Highlight.on() automatically": null

2023-11-23 15:07:49 - [TEST_STEP][PASSED] - DriverName = DriverName: null

2023-11-23 15:07:49 - [TEST_STEP][PASSED] - if (DriverName == "CHROME_DRIVER" || "EDGE_CHROMIUM_DRIVER" || "HEADLESS_DRIVER"): com.kms.katalon.core.webui.exception.WebElementNotFoundException: Web element with id: 'Object Repository/Connexion Usager/Btn_Parametres Avances' located by '//*[@id="details-button"]' not found (Root cause: com.kms.katalon.core.exception.StepFailedException: com.kms.katalon.core.webui.exception.WebElementNotFoundException: Web element with id: 'Object Repository/Connexion Usager/Btn_Parametres Avances' located by '//*[@id="details-button"]' not found
	at com.kms.katalon.core.webui.keyword.internal.WebUIKeywordMain.stepFailed(WebUIKeywordMain.groovy:64)
	at com.kms.katalon.core.webui.keyword.builtin.VerifyElementPresentKeyword$_verifyElementPresent_closure1.doCall(VerifyElementPresentKeyword.groovy:85)
	at com.kms.katalon.core.webui.keyword.builtin.VerifyElementPresentKeyword$_verifyElementPresent_closure1.call(VerifyElementPresentKeyword.groovy)
	at com.kms.katalon.core.webui.keyword.internal.WebUIKeywordMain.runKeyword(WebUIKeywordMain.groovy:20)
	at com.kms.katalon.core.webui.keyword.builtin.VerifyElementPresentKeyword.verifyElementPresent(VerifyElementPresentKeyword.groovy:92)
	at com.kms.katalon.core.webui.keyword.builtin.VerifyElementPresentKeyword.execute(VerifyElementPresentKeyword.groovy:68)
	at com.kms.katalon.core.keyword.internal.KeywordExecutor.executeKeywordForPlatform(KeywordExecutor.groovy:74)
	at com.kms.katalon.core.webui.keyword.WebUiBuiltInKeywords.verifyElementPresent(WebUiBuiltInKeywords.groovy:1448)
	at com.kazurayam.ksbackyard.HighlightElement$_pandemic_closure1.doCall(HighlightElement.groovy:105)
	at Erreur lie a la confidentialite.run(Erreur lie a la confidentialite:43)
	at com.kms.katalon.core.main.ScriptEngine.run(ScriptEngine.java:194)
	at com.kms.katalon.core.main.ScriptEngine.runScriptAsRawText(ScriptEngine.java:119)
	at com.kms.katalon.core.main.TestCaseExecutor.runScript(TestCaseExecutor.java:448)
	at com.kms.katalon.core.main.TestCaseExecutor.doExecute(TestCaseExecutor.java:439)
	at com.kms.katalon.core.main.TestCaseExecutor.processExecutionPhase(TestCaseExecutor.java:418)
	at com.kms.katalon.core.main.TestCaseExecutor.accessMainPhase(TestCaseExecutor.java:410)
	at com.kms.katalon.core.main.TestCaseExecutor.execute(TestCaseExecutor.java:285)
	at com.kms.katalon.core.main.TestCaseMain.runTestCase(TestCaseMain.java:144)
	at com.kms.katalon.core.keyword.builtin.CallTestCaseKeyword$_callTestCase_closure1.doCall(CallTestCaseKeyword.groovy:59)
	at com.kms.katalon.core.keyword.builtin.CallTestCaseKeyword$_callTestCase_closure1.call(CallTestCaseKeyword.groovy)
	at com.kms.katalon.core.keyword.internal.KeywordMain.runKeyword(KeywordMain.groovy:75)
	at com.kms.katalon.core.keyword.builtin.CallTestCaseKeyword.callTestCase(CallTestCaseKeyword.groovy:81)
	at com.kms.katalon.core.keyword.builtin.CallTestCaseKeyword.execute(CallTestCaseKeyword.groovy:44)
	at com.kms.katalon.core.keyword.internal.KeywordExecutor.executeKeywordForPlatform(KeywordExecutor.groovy:74)
	at com.kms.katalon.core.keyword.BuiltinKeywords.callTestCase(BuiltinKeywords.groovy:310)
	at com.kazurayam.ksbackyard.HighlightElement$_pandemic_closure1.doCall(HighlightElement.groovy:105)
	at Identification.run(Identification:35)
	at com.kms.katalon.core.main.ScriptEngine.run(ScriptEngine.java:194)
	at com.kms.katalon.core.main.ScriptEngine.runScriptAsRawText(ScriptEngine.java:119)
	at com.kms.katalon.core.main.TestCaseExecutor.runScript(TestCaseExecutor.java:448)
	at com.kms.katalon.core.main.TestCaseExecutor.doExecute(TestCaseExecutor.java:439)
	at com.kms.katalon.core.main.TestCaseExecutor.processExecutionPhase(TestCaseExecutor.java:418)
	at com.kms.katalon.core.main.TestCaseExecutor.accessMainPhase(TestCaseExecutor.java:410)
	at com.kms.katalon.core.main.TestCaseExecutor.execute(TestCaseExecutor.java:285)
	at com.kms.katalon.core.main.TestCaseMain.runTestCase(TestCaseMain.java:144)
	at com.kms.katalon.core.keyword.builtin.CallTestCaseKeyword$_callTestCase_closure1.doCall(CallTestCaseKeyword.groovy:59)
	at com.kms.katalon.core.keyword.builtin.CallTestCaseKeyword$_callTestCase_closure1.call(CallTestCaseKeyword.groovy)
	at com.kms.katalon.core.keyword.internal.KeywordMain.runKeyword(KeywordMain.groovy:75)
	at com.kms.katalon.core.keyword.builtin.CallTestCaseKeyword.callTestCase(CallTestCaseKeyword.groovy:81)
	at com.kms.katalon.core.keyword.builtin.CallTestCaseKeyword.execute(CallTestCaseKeyword.groovy:44)
	at com.kms.katalon.core.keyword.internal.KeywordExecutor.executeKeywordForPlatform(KeywordExecutor.groovy:74)
	at com.kms.katalon.core.keyword.BuiltinKeywords.callTestCase(BuiltinKeywords.groovy:310)
	at com.kazurayam.ksbackyard.HighlightElement$_pandemic_closure1.doCall(HighlightElement.groovy:105)
	at TNR R.TSPT Supp90-Etudiant.run(TNR R.TSPT Supp90-Etudiant:35)
	at com.kms.katalon.core.main.ScriptEngine.run(ScriptEngine.java:194)
	at com.kms.katalon.core.main.ScriptEngine.runScriptAsRawText(ScriptEngine.java:119)
	at com.kms.katalon.core.main.TestCaseExecutor.runScript(TestCaseExecutor.java:448)
	at com.kms.katalon.core.main.TestCaseExecutor.doExecute(TestCaseExecutor.java:439)
	at com.kms.katalon.core.main.TestCaseExecutor.processExecutionPhase(TestCaseExecutor.java:418)
	at com.kms.katalon.core.main.TestCaseExecutor.accessMainPhase(TestCaseExecutor.java:410)
	at com.kms.katalon.core.main.TestCaseExecutor.execute(TestCaseExecutor.java:285)
	at com.kms.katalon.core.common.CommonExecutor.accessTestCaseMainPhase(CommonExecutor.java:65)
	at com.kms.katalon.core.main.TestSuiteExecutor.accessTestSuiteMainPhase(TestSuiteExecutor.java:148)
	at com.kms.katalon.core.main.TestSuiteExecutor.execute(TestSuiteExecutor.java:106)
	at com.kms.katalon.core.main.TestCaseMain.startTestSuite(TestCaseMain.java:187)
	at com.kms.katalon.core.main.TestCaseMain$startTestSuite$0.call(Unknown Source)
	at TempTestSuite1700747757013.run(TempTestSuite1700747757013.groovy:36)
)

2023-11-23 15:07:49 - [TEST_STEP][PASSED] - if (verifyElementPresent(findTestObject("Object Repository/Connexion Usager/Btn_Parametres Avances"), 2, OPTIONAL)): com.kms.katalon.core.webui.exception.WebElementNotFoundException: Web element with id: 'Object Repository/Connexion Usager/Btn_Parametres Avances' located by '//*[@id="details-button"]' not found (Root cause: com.kms.katalon.core.exception.StepFailedException: com.kms.katalon.core.webui.exception.WebElementNotFoundException: Web element with id: 'Object Repository/Connexion Usager/Btn_Parametres Avances' located by '//*[@id="details-button"]' not found
	at com.kms.katalon.core.webui.keyword.internal.WebUIKeywordMain.stepFailed(WebUIKeywordMain.groovy:64)
	at com.kms.katalon.core.webui.keyword.builtin.VerifyElementPresentKeyword$_verifyElementPresent_closure1.doCall(VerifyElementPresentKeyword.groovy:85)
	at com.kms.katalon.core.webui.keyword.builtin.VerifyElementPresentKeyword$_verifyElementPresent_closure1.call(VerifyElementPresentKeyword.groovy)
	at com.kms.katalon.core.webui.keyword.internal.WebUIKeywordMain.runKeyword(WebUIKeywordMain.groovy:20)
	at com.kms.katalon.core.webui.keyword.builtin.VerifyElementPresentKeyword.verifyElementPresent(VerifyElementPresentKeyword.groovy:92)
	at com.kms.katalon.core.webui.keyword.builtin.VerifyElementPresentKeyword.execute(VerifyElementPresentKeyword.groovy:68)
	at com.kms.katalon.core.keyword.internal.KeywordExecutor.executeKeywordForPlatform(KeywordExecutor.groovy:74)
	at com.kms.katalon.core.webui.keyword.WebUiBuiltInKeywords.verifyElementPresent(WebUiBuiltInKeywords.groovy:1448)
	at com.kazurayam.ksbackyard.HighlightElement$_pandemic_closure1.doCall(HighlightElement.groovy:105)
	at Erreur lie a la confidentialite.run(Erreur lie a la confidentialite:43)
	at com.kms.katalon.core.main.ScriptEngine.run(ScriptEngine.java:194)
	at com.kms.katalon.core.main.ScriptEngine.runScriptAsRawText(ScriptEngine.java:119)
	at com.kms.katalon.core.main.TestCaseExecutor.runScript(TestCaseExecutor.java:448)
	at com.kms.katalon.core.main.TestCaseExecutor.doExecute(TestCaseExecutor.java:439)
	at com.kms.katalon.core.main.TestCaseExecutor.processExecutionPhase(TestCaseExecutor.java:418)
	at com.kms.katalon.core.main.TestCaseExecutor.accessMainPhase(TestCaseExecutor.java:410)
	at com.kms.katalon.core.main.TestCaseExecutor.execute(TestCaseExecutor.java:285)
	at com.kms.katalon.core.main.TestCaseMain.runTestCase(TestCaseMain.java:144)
	at com.kms.katalon.core.keyword.builtin.CallTestCaseKeyword$_callTestCase_closure1.doCall(CallTestCaseKeyword.groovy:59)
	at com.kms.katalon.core.keyword.builtin.CallTestCaseKeyword$_callTestCase_closure1.call(CallTestCaseKeyword.groovy)
	at com.kms.katalon.core.keyword.internal.KeywordMain.runKeyword(KeywordMain.groovy:75)
	at com.kms.katalon.core.keyword.builtin.CallTestCaseKeyword.callTestCase(CallTestCaseKeyword.groovy:81)
	at com.kms.katalon.core.keyword.builtin.CallTestCaseKeyword.execute(CallTestCaseKeyword.groovy:44)
	at com.kms.katalon.core.keyword.internal.KeywordExecutor.executeKeywordForPlatform(KeywordExecutor.groovy:74)
	at com.kms.katalon.core.keyword.BuiltinKeywords.callTestCase(BuiltinKeywords.groovy:310)
	at com.kazurayam.ksbackyard.HighlightElement$_pandemic_closure1.doCall(HighlightElement.groovy:105)
	at Identification.run(Identification:35)
	at com.kms.katalon.core.main.ScriptEngine.run(ScriptEngine.java:194)
	at com.kms.katalon.core.main.ScriptEngine.runScriptAsRawText(ScriptEngine.java:119)
	at com.kms.katalon.core.main.TestCaseExecutor.runScript(TestCaseExecutor.java:448)
	at com.kms.katalon.core.main.TestCaseExecutor.doExecute(TestCaseExecutor.java:439)
	at com.kms.katalon.core.main.TestCaseExecutor.processExecutionPhase(TestCaseExecutor.java:418)
	at com.kms.katalon.core.main.TestCaseExecutor.accessMainPhase(TestCaseExecutor.java:410)
	at com.kms.katalon.core.main.TestCaseExecutor.execute(TestCaseExecutor.java:285)
	at com.kms.katalon.core.main.TestCaseMain.runTestCase(TestCaseMain.java:144)
	at com.kms.katalon.core.keyword.builtin.CallTestCaseKeyword$_callTestCase_closure1.doCall(CallTestCaseKeyword.groovy:59)
	at com.kms.katalon.core.keyword.builtin.CallTestCaseKeyword$_callTestCase_closure1.call(CallTestCaseKeyword.groovy)
	at com.kms.katalon.core.keyword.internal.KeywordMain.runKeyword(KeywordMain.groovy:75)
	at com.kms.katalon.core.keyword.builtin.CallTestCaseKeyword.callTestCase(CallTestCaseKeyword.groovy:81)
	at com.kms.katalon.core.keyword.builtin.CallTestCaseKeyword.execute(CallTestCaseKeyword.groovy:44)
	at com.kms.katalon.core.keyword.internal.KeywordExecutor.executeKeywordForPlatform(KeywordExecutor.groovy:74)
	at com.kms.katalon.core.keyword.BuiltinKeywords.callTestCase(BuiltinKeywords.groovy:310)
	at com.kazurayam.ksbackyard.HighlightElement$_pandemic_closure1.doCall(HighlightElement.groovy:105)
	at TNR R.TSPT Supp90-Etudiant.run(TNR R.TSPT Supp90-Etudiant:35)
	at com.kms.katalon.core.main.ScriptEngine.run(ScriptEngine.java:194)
	at com.kms.katalon.core.main.ScriptEngine.runScriptAsRawText(ScriptEngine.java:119)
	at com.kms.katalon.core.main.TestCaseExecutor.runScript(TestCaseExecutor.java:448)
	at com.kms.katalon.core.main.TestCaseExecutor.doExecute(TestCaseExecutor.java:439)
	at com.kms.katalon.core.main.TestCaseExecutor.processExecutionPhase(TestCaseExecutor.java:418)
	at com.kms.katalon.core.main.TestCaseExecutor.accessMainPhase(TestCaseExecutor.java:410)
	at com.kms.katalon.core.main.TestCaseExecutor.execute(TestCaseExecutor.java:285)
	at com.kms.katalon.core.common.CommonExecutor.accessTestCaseMainPhase(CommonExecutor.java:65)
	at com.kms.katalon.core.main.TestSuiteExecutor.accessTestSuiteMainPhase(TestSuiteExecutor.java:148)
	at com.kms.katalon.core.main.TestSuiteExecutor.execute(TestSuiteExecutor.java:106)
	at com.kms.katalon.core.main.TestCaseMain.startTestSuite(TestCaseMain.java:187)
	at com.kms.katalon.core.main.TestCaseMain$startTestSuite$0.call(Unknown Source)
	at TempTestSuite1700747757013.run(TempTestSuite1700747757013.groovy:36)
)

2023-11-23 15:07:49 - [MESSAGE][INFO] - Finding Test Object 'Object Repository/Connexion Usager/Btn_Parametres Avances'

2023-11-23 15:07:49 - [MESSAGE][INFO] - Checking object

2023-11-23 15:07:49 - [MESSAGE][INFO] - Finding web element from Test Object's properties

2023-11-23 15:07:49 - [MESSAGE][INFO] - Checking timeout

2023-11-23 15:07:49 - [MESSAGE][INFO] - Finding web element with id: 'Object Repository/Connexion Usager/Btn_Parametres Avances' located by 'By.xpath: //*[@id="details-button"]' in '2' second(s)

2023-11-23 15:07:49 - [MESSAGE][INFO] - Smart Wait Function is triggered

2023-11-23 15:07:49 - [MESSAGE][INFO] - Smart Wait Function is triggered

2023-11-23 15:07:50 - [MESSAGE][INFO] - Smart Wait Function is triggered

2023-11-23 15:07:50 - [MESSAGE][INFO] - Smart Wait Function is triggered

2023-11-23 15:07:50 - [MESSAGE][INFO] - Smart Wait Function is triggered

2023-11-23 15:07:50 - [MESSAGE][INFO] - Smart Wait Function is triggered

2023-11-23 15:07:50 - [MESSAGE][INFO] - Smart Wait Function is triggered

2023-11-23 15:07:50 - [MESSAGE][INFO] - Smart Wait Function is triggered

2023-11-23 15:07:50 - [MESSAGE][INFO] - Smart Wait Function is triggered

2023-11-23 15:07:50 - [MESSAGE][INFO] - Smart Wait Function is triggered

2023-11-23 15:07:50 - [MESSAGE][INFO] - Smart Wait Function is triggered

2023-11-23 15:07:50 - [MESSAGE][INFO] - Smart Wait Function is triggered

2023-11-23 15:07:50 - [MESSAGE][INFO] - Smart Wait Function is triggered

2023-11-23 15:07:50 - [MESSAGE][INFO] - Smart Wait Function is triggered

2023-11-23 15:07:50 - [MESSAGE][INFO] - Smart Wait Function is triggered

2023-11-23 15:07:50 - [MESSAGE][INFO] - Smart Wait Function is triggered

2023-11-23 15:07:50 - [MESSAGE][INFO] - Smart Wait Function is triggered

2023-11-23 15:07:50 - [MESSAGE][INFO] - Smart Wait Function is triggered

2023-11-23 15:07:50 - [MESSAGE][INFO] - Smart Wait Function is triggered

2023-11-23 15:07:50 - [MESSAGE][INFO] - Smart Wait Function is triggered

2023-11-23 15:07:50 - [MESSAGE][INFO] - Smart Wait Function is triggered

2023-11-23 15:07:50 - [MESSAGE][INFO] - Smart Wait Function is triggered

2023-11-23 15:07:50 - [MESSAGE][INFO] - Smart Wait Function is triggered

2023-11-23 15:07:50 - [MESSAGE][INFO] - Smart Wait Function is triggered

2023-11-23 15:07:50 - [MESSAGE][INFO] - Smart Wait Function is triggered

2023-11-23 15:07:50 - [MESSAGE][INFO] - Smart Wait Function is triggered

2023-11-23 15:07:50 - [MESSAGE][INFO] - Smart Wait Function is triggered

2023-11-23 15:07:50 - [MESSAGE][INFO] - Smart Wait Function is triggered

2023-11-23 15:07:50 - [MESSAGE][INFO] - Smart Wait Function is triggered

2023-11-23 15:07:50 - [MESSAGE][INFO] - Smart Wait Function is triggered

2023-11-23 15:07:50 - [MESSAGE][INFO] - Smart Wait Function is triggered

2023-11-23 15:07:50 - [MESSAGE][INFO] - Smart Wait Function is triggered

2023-11-23 15:07:50 - [MESSAGE][INFO] - Smart Wait Function is triggered

2023-11-23 15:07:50 - [MESSAGE][INFO] - Smart Wait Function is triggered

2023-11-23 15:07:51 - [MESSAGE][INFO] - Smart Wait Function is triggered

2023-11-23 15:07:51 - [MESSAGE][INFO] - Smart Wait Function is triggered

2023-11-23 15:07:51 - [MESSAGE][INFO] - Smart Wait Function is triggered

2023-11-23 15:07:51 - [MESSAGE][INFO] - Smart Wait Function is triggered

2023-11-23 15:07:51 - [MESSAGE][INFO] - Smart Wait Function is triggered

2023-11-23 15:07:51 - [MESSAGE][INFO] - Smart Wait Function is triggered

2023-11-23 15:07:51 - [MESSAGE][INFO] - Smart Wait Function is triggered

2023-11-23 15:07:51 - [MESSAGE][INFO] - Smart Wait Function is triggered

2023-11-23 15:07:51 - [MESSAGE][INFO] - Smart Wait Function is triggered

2023-11-23 15:07:51 - [MESSAGE][INFO] - Smart Wait Function is triggered

2023-11-23 15:07:51 - [MESSAGE][INFO] - Smart Wait Function is triggered

2023-11-23 15:07:51 - [MESSAGE][INFO] - Smart Wait Function is triggered

2023-11-23 15:07:51 - [MESSAGE][INFO] - Smart Wait Function is triggered

2023-11-23 15:07:51 - [MESSAGE][INFO] - Smart Wait Function is triggered

2023-11-23 15:07:51 - [MESSAGE][INFO] - Smart Wait Function is triggered

2023-11-23 15:07:51 - [MESSAGE][INFO] - Smart Wait Function is triggered

2023-11-23 15:07:51 - [MESSAGE][INFO] - Smart Wait Function is triggered

2023-11-23 15:07:51 - [MESSAGE][INFO] - Smart Wait Function is triggered

2023-11-23 15:07:51 - [MESSAGE][INFO] - Smart Wait Function is triggered

2023-11-23 15:07:51 - [MESSAGE][INFO] - Smart Wait Function is triggered

2023-11-23 15:07:51 - [MESSAGE][INFO] - Smart Wait Function is triggered

2023-11-23 15:07:51 - [MESSAGE][INFO] - Smart Wait Function is triggered

2023-11-23 15:07:51 - [MESSAGE][INFO] - Smart Wait Function is triggered

2023-11-23 15:07:51 - [MESSAGE][INFO] - Smart Wait Function is triggered

2023-11-23 15:07:51 - [MESSAGE][INFO] - Smart Wait Function is triggered

2023-11-23 15:07:51 - [MESSAGE][INFO] - Smart Wait Function is triggered

2023-11-23 15:07:51 - [MESSAGE][INFO] - Smart Wait Function is triggered

2023-11-23 15:07:51 - [MESSAGE][INFO] - Smart Wait Function is triggered

2023-11-23 15:07:51 - [MESSAGE][INFO] - Smart Wait Function is triggered

2023-11-23 15:07:51 - [MESSAGE][INFO] - Smart Wait Function is triggered

2023-11-23 15:07:51 - [MESSAGE][INFO] - Smart Wait Function is triggered

2023-11-23 15:07:51 - [MESSAGE][INFO] - Smart Wait Function is triggered

2023-11-23 15:07:52 - [MESSAGE][INFO] - Smart Wait Function is triggered

2023-11-23 15:07:52 - [MESSAGE][INFO] - Smart Wait Function is triggered

2023-11-23 15:07:52 - [MESSAGE][INFO] - Smart Wait Function is triggered

2023-11-23 15:07:52 - [MESSAGE][INFO] - Smart Wait Function is triggered

2023-11-23 15:07:52 - [MESSAGE][INFO] - Smart Wait Function is triggered

2023-11-23 15:07:52 - [MESSAGE][INFO] - Smart Wait Function is triggered

2023-11-23 15:07:52 - [MESSAGE][INFO] - Smart Wait Function is triggered

2023-11-23 15:07:52 - [MESSAGE][INFO] - Smart Wait Function is triggered

2023-11-23 15:07:52 - [MESSAGE][INFO] - Smart Wait Function is triggered

2023-11-23 15:07:52 - [MESSAGE][INFO] - Smart Wait Function is triggered

2023-11-23 15:07:52 - [MESSAGE][INFO] - Smart Wait Function is triggered

2023-11-23 15:07:52 - [MESSAGE][INFO] - Smart Wait Function is triggered

2023-11-23 15:07:52 - [MESSAGE][INFO] - Smart Wait Function is triggered

2023-11-23 15:07:52 - [MESSAGE][INFO] - Smart Wait Function is triggered

2023-11-23 15:07:52 - [MESSAGE][INFO] - Smart Wait Function is triggered

2023-11-23 15:07:52 - [MESSAGE][INFO] - Smart Wait Function is triggered

2023-11-23 15:07:52 - [MESSAGE][INFO] - Smart Wait Function is triggered

2023-11-23 15:07:52 - [MESSAGE][INFO] - Smart Wait Function is triggered

2023-11-23 15:07:52 - [MESSAGE][INFO] - Smart Wait Function is triggered

2023-11-23 15:07:52 - [MESSAGE][INFO] - Smart Wait Function is triggered

2023-11-23 15:07:52 - [MESSAGE][INFO] - Smart Wait Function is triggered

2023-11-23 15:07:52 - [MESSAGE][INFO] - Smart Wait Function is triggered

2023-11-23 15:07:52 - [MESSAGE][INFO] - Smart Wait Function is triggered

2023-11-23 15:07:52 - [MESSAGE][INFO] - Smart Wait Function is triggered

2023-11-23 15:07:52 - [MESSAGE][INFO] - Smart Wait Function is triggered

2023-11-23 15:07:52 - [MESSAGE][INFO] - Smart Wait Function is triggered

2023-11-23 15:07:52 - [MESSAGE][INFO] - Smart Wait Function is triggered

2023-11-23 15:07:52 - [MESSAGE][INFO] - Smart Wait Function is triggered

2023-11-23 15:07:52 - [MESSAGE][INFO] - Smart Wait Function is triggered

2023-11-23 15:07:52 - [MESSAGE][INFO] - Unable to find the element located by 'By.xpath: //*[@id="details-button"]'. Please recheck the objects properties to make sure the desired element is located. 

2023-11-23 15:07:53 - [MESSAGE][WARNING] - com.kms.katalon.core.webui.exception.WebElementNotFoundException: Web element with id: 'Object Repository/Connexion Usager/Btn_Parametres Avances' located by '//*[@id="details-button"]' not found (Root cause: com.kms.katalon.core.exception.StepFailedException: com.kms.katalon.core.webui.exception.WebElementNotFoundException: Web element with id: 'Object Repository/Connexion Usager/Btn_Parametres Avances' located by '//*[@id="details-button"]' not found
	at com.kms.katalon.core.webui.keyword.internal.WebUIKeywordMain.stepFailed(WebUIKeywordMain.groovy:64)
	at com.kms.katalon.core.webui.keyword.builtin.VerifyElementPresentKeyword$_verifyElementPresent_closure1.doCall(VerifyElementPresentKeyword.groovy:85)
	at com.kms.katalon.core.webui.keyword.builtin.VerifyElementPresentKeyword$_verifyElementPresent_closure1.call(VerifyElementPresentKeyword.groovy)
	at com.kms.katalon.core.webui.keyword.internal.WebUIKeywordMain.runKeyword(WebUIKeywordMain.groovy:20)
	at com.kms.katalon.core.webui.keyword.builtin.VerifyElementPresentKeyword.verifyElementPresent(VerifyElementPresentKeyword.groovy:92)
	at com.kms.katalon.core.webui.keyword.builtin.VerifyElementPresentKeyword.execute(VerifyElementPresentKeyword.groovy:68)
	at com.kms.katalon.core.keyword.internal.KeywordExecutor.executeKeywordForPlatform(KeywordExecutor.groovy:74)
	at com.kms.katalon.core.webui.keyword.WebUiBuiltInKeywords.verifyElementPresent(WebUiBuiltInKeywords.groovy:1448)
	at com.kazurayam.ksbackyard.HighlightElement$_pandemic_closure1.doCall(HighlightElement.groovy:105)
	at Erreur lie a la confidentialite.run(Erreur lie a la confidentialite:43)
	at com.kms.katalon.core.main.ScriptEngine.run(ScriptEngine.java:194)
	at com.kms.katalon.core.main.ScriptEngine.runScriptAsRawText(ScriptEngine.java:119)
	at com.kms.katalon.core.main.TestCaseExecutor.runScript(TestCaseExecutor.java:448)
	at com.kms.katalon.core.main.TestCaseExecutor.doExecute(TestCaseExecutor.java:439)
	at com.kms.katalon.core.main.TestCaseExecutor.processExecutionPhase(TestCaseExecutor.java:418)
	at com.kms.katalon.core.main.TestCaseExecutor.accessMainPhase(TestCaseExecutor.java:410)
	at com.kms.katalon.core.main.TestCaseExecutor.execute(TestCaseExecutor.java:285)
	at com.kms.katalon.core.main.TestCaseMain.runTestCase(TestCaseMain.java:144)
	at com.kms.katalon.core.keyword.builtin.CallTestCaseKeyword$_callTestCase_closure1.doCall(CallTestCaseKeyword.groovy:59)
	at com.kms.katalon.core.keyword.builtin.CallTestCaseKeyword$_callTestCase_closure1.call(CallTestCaseKeyword.groovy)
	at com.kms.katalon.core.keyword.internal.KeywordMain.runKeyword(KeywordMain.groovy:75)
	at com.kms.katalon.core.keyword.builtin.CallTestCaseKeyword.callTestCase(CallTestCaseKeyword.groovy:81)
	at com.kms.katalon.core.keyword.builtin.CallTestCaseKeyword.execute(CallTestCaseKeyword.groovy:44)
	at com.kms.katalon.core.keyword.internal.KeywordExecutor.executeKeywordForPlatform(KeywordExecutor.groovy:74)
	at com.kms.katalon.core.keyword.BuiltinKeywords.callTestCase(BuiltinKeywords.groovy:310)
	at com.kazurayam.ksbackyard.HighlightElement$_pandemic_closure1.doCall(HighlightElement.groovy:105)
	at Identification.run(Identification:35)
	at com.kms.katalon.core.main.ScriptEngine.run(ScriptEngine.java:194)
	at com.kms.katalon.core.main.ScriptEngine.runScriptAsRawText(ScriptEngine.java:119)
	at com.kms.katalon.core.main.TestCaseExecutor.runScript(TestCaseExecutor.java:448)
	at com.kms.katalon.core.main.TestCaseExecutor.doExecute(TestCaseExecutor.java:439)
	at com.kms.katalon.core.main.TestCaseExecutor.processExecutionPhase(TestCaseExecutor.java:418)
	at com.kms.katalon.core.main.TestCaseExecutor.accessMainPhase(TestCaseExecutor.java:410)
	at com.kms.katalon.core.main.TestCaseExecutor.execute(TestCaseExecutor.java:285)
	at com.kms.katalon.core.main.TestCaseMain.runTestCase(TestCaseMain.java:144)
	at com.kms.katalon.core.keyword.builtin.CallTestCaseKeyword$_callTestCase_closure1.doCall(CallTestCaseKeyword.groovy:59)
	at com.kms.katalon.core.keyword.builtin.CallTestCaseKeyword$_callTestCase_closure1.call(CallTestCaseKeyword.groovy)
	at com.kms.katalon.core.keyword.internal.KeywordMain.runKeyword(KeywordMain.groovy:75)
	at com.kms.katalon.core.keyword.builtin.CallTestCaseKeyword.callTestCase(CallTestCaseKeyword.groovy:81)
	at com.kms.katalon.core.keyword.builtin.CallTestCaseKeyword.execute(CallTestCaseKeyword.groovy:44)
	at com.kms.katalon.core.keyword.internal.KeywordExecutor.executeKeywordForPlatform(KeywordExecutor.groovy:74)
	at com.kms.katalon.core.keyword.BuiltinKeywords.callTestCase(BuiltinKeywords.groovy:310)
	at com.kazurayam.ksbackyard.HighlightElement$_pandemic_closure1.doCall(HighlightElement.groovy:105)
	at TNR R.TSPT Supp90-Etudiant.run(TNR R.TSPT Supp90-Etudiant:35)
	at com.kms.katalon.core.main.ScriptEngine.run(ScriptEngine.java:194)
	at com.kms.katalon.core.main.ScriptEngine.runScriptAsRawText(ScriptEngine.java:119)
	at com.kms.katalon.core.main.TestCaseExecutor.runScript(TestCaseExecutor.java:448)
	at com.kms.katalon.core.main.TestCaseExecutor.doExecute(TestCaseExecutor.java:439)
	at com.kms.katalon.core.main.TestCaseExecutor.processExecutionPhase(TestCaseExecutor.java:418)
	at com.kms.katalon.core.main.TestCaseExecutor.accessMainPhase(TestCaseExecutor.java:410)
	at com.kms.katalon.core.main.TestCaseExecutor.execute(TestCaseExecutor.java:285)
	at com.kms.katalon.core.common.CommonExecutor.accessTestCaseMainPhase(CommonExecutor.java:65)
	at com.kms.katalon.core.main.TestSuiteExecutor.accessTestSuiteMainPhase(TestSuiteExecutor.java:148)
	at com.kms.katalon.core.main.TestSuiteExecutor.execute(TestSuiteExecutor.java:106)
	at com.kms.katalon.core.main.TestCaseMain.startTestSuite(TestCaseMain.java:187)
	at com.kms.katalon.core.main.TestCaseMain$startTestSuite$0.call(Unknown Source)
	at TempTestSuite1700747757013.run(TempTestSuite1700747757013.groovy:36)
)
[[ATTACHMENT|C:\\Users\\ISSAM.RHARBAOUI\\git\\22_11\\ANEF-AutomatizationProject\\Reports\\20231123_145557\\TS_TNR_R.TSPT_Suppo90\\20231123_145557\\1700748472949.png]]

2023-11-23 15:07:53 - [TEST_STEP][PASSED] - if (DriverName == "IE_DRIVER"): null

2023-11-23 15:07:53 - [TEST_STEP][PASSED] - delay(3): Delayed 3 second(s)

2023-11-23 15:07:53 - [MESSAGE][INFO] - Delaying browser in 3 second(s)

2023-11-23 15:07:56 - [MESSAGE][PASSED] - Delayed 3 second(s)

2023-11-23 15:07:56 - [MESSAGE][PASSED] - Call Test Case 'Test Cases/Test Reutilisable/Main/Erreur lie a la confidentialite' successfully

2023-11-23 15:07:56 - [TEST_STEP][PASSED] - delay(5): Delayed 5 second(s)

2023-11-23 15:07:56 - [MESSAGE][INFO] - Delaying browser in 5 second(s)

2023-11-23 15:08:01 - [MESSAGE][PASSED] - Delayed 5 second(s)

2023-11-23 15:08:01 - [TEST_STEP][PASSED] - setText(findTestObject("Object Repository/Connexion Usager/Input_Identifiant"), NumEtrangerVisa): Text '7703040873' is set on object 'Object Repository/Connexion Usager/Input_Identifiant'

2023-11-23 15:08:01 - [MESSAGE][INFO] - Finding Test Object 'Object Repository/Connexion Usager/Input_Identifiant'

2023-11-23 15:08:01 - [MESSAGE][INFO] - Checking timeout

2023-11-23 15:08:01 - [MESSAGE][INFO] - Finding web element with id: 'Object Repository/Connexion Usager/Input_Identifiant' located by 'By.xpath: //*[@id="login"]' in '20' second(s)

2023-11-23 15:08:01 - [MESSAGE][INFO] - Smart Wait Function is triggered

2023-11-23 15:08:01 - [MESSAGE][INFO] - Found 1 web elements with id: 'Object Repository/Connexion Usager/Input_Identifiant' located by 'By.xpath: //*[@id="login"]' in '20' second(s)

2023-11-23 15:08:01 - [MESSAGE][INFO] - Checking object

2023-11-23 15:08:01 - [MESSAGE][INFO] - Checking text

2023-11-23 15:08:01 - [MESSAGE][INFO] - Finding web element from Test Object's properties

2023-11-23 15:08:01 - [MESSAGE][INFO] - Checking timeout

2023-11-23 15:08:01 - [MESSAGE][INFO] - Finding web element with id: 'Object Repository/Connexion Usager/Input_Identifiant' located by 'By.xpath: //*[@id="login"]' in '5' second(s)

2023-11-23 15:08:01 - [MESSAGE][INFO] - Smart Wait Function is triggered

2023-11-23 15:08:01 - [MESSAGE][INFO] - Found 1 web elements with id: 'Object Repository/Connexion Usager/Input_Identifiant' located by 'By.xpath: //*[@id="login"]' in '5' second(s)

2023-11-23 15:08:01 - [MESSAGE][INFO] - Clearing text of object 'Object Repository/Connexion Usager/Input_Identifiant'

2023-11-23 15:08:03 - [MESSAGE][INFO] - Finding web element from Test Object's properties

2023-11-23 15:08:03 - [MESSAGE][INFO] - Checking timeout

2023-11-23 15:08:03 - [MESSAGE][INFO] - Finding web element with id: 'Object Repository/Connexion Usager/Input_Identifiant' located by 'By.xpath: //*[@id="login"]' in '5' second(s)

2023-11-23 15:08:03 - [MESSAGE][INFO] - Smart Wait Function is triggered

2023-11-23 15:08:03 - [MESSAGE][INFO] - Found 1 web elements with id: 'Object Repository/Connexion Usager/Input_Identifiant' located by 'By.xpath: //*[@id="login"]' in '5' second(s)

2023-11-23 15:08:03 - [MESSAGE][INFO] - Setting text of object 'Object Repository/Connexion Usager/Input_Identifiant' to value '7703040873'

2023-11-23 15:08:05 - [MESSAGE][PASSED] - Text '7703040873' is set on object 'Object Repository/Connexion Usager/Input_Identifiant'

2023-11-23 15:08:05 - [TEST_STEP][PASSED] - NumEtrangerVisa = NumEtrangerVisa: null

2023-11-23 15:08:05 - [TEST_STEP][PASSED] - setEncryptedText(findTestObject("Object Repository/Connexion Usager/Input_MDP"), Password): Text ****** has been set on object 'Object Repository/Connexion Usager/Input_MDP'

2023-11-23 15:08:05 - [MESSAGE][INFO] - Finding Test Object 'Object Repository/Connexion Usager/Input_MDP'

2023-11-23 15:08:05 - [MESSAGE][INFO] - Checking timeout

2023-11-23 15:08:05 - [MESSAGE][INFO] - Finding web element with id: 'Object Repository/Connexion Usager/Input_MDP' located by 'By.xpath: //*[@id="password"]' in '20' second(s)

2023-11-23 15:08:05 - [MESSAGE][INFO] - Smart Wait Function is triggered

2023-11-23 15:08:05 - [MESSAGE][INFO] - Found 1 web elements with id: 'Object Repository/Connexion Usager/Input_MDP' located by 'By.xpath: //*[@id="password"]' in '20' second(s)

2023-11-23 15:08:05 - [MESSAGE][INFO] - Checking object

2023-11-23 15:08:05 - [MESSAGE][INFO] - Checking text

2023-11-23 15:08:05 - [MESSAGE][INFO] - Finding web element from Test Object's properties

2023-11-23 15:08:05 - [MESSAGE][INFO] - Checking timeout

2023-11-23 15:08:05 - [MESSAGE][INFO] - Finding web element with id: 'Object Repository/Connexion Usager/Input_MDP' located by 'By.xpath: //*[@id="password"]' in '5' second(s)

2023-11-23 15:08:05 - [MESSAGE][INFO] - Smart Wait Function is triggered

2023-11-23 15:08:05 - [MESSAGE][INFO] - Found 1 web elements with id: 'Object Repository/Connexion Usager/Input_MDP' located by 'By.xpath: //*[@id="password"]' in '5' second(s)

2023-11-23 15:08:05 - [MESSAGE][INFO] - Clearing text of object 'Object Repository/Connexion Usager/Input_MDP'

2023-11-23 15:08:07 - [MESSAGE][INFO] - Setting  text of object 'Object Repository/Connexion Usager/Input_MDP' to value ******

2023-11-23 15:08:09 - [MESSAGE][PASSED] - Text ****** has been set on object 'Object Repository/Connexion Usager/Input_MDP'

2023-11-23 15:08:09 - [TEST_STEP][PASSED] - click(findTestObject("Object Repository/Connexion Usager/btn_Sidentifier")): Object: 'Object Repository/Connexion Usager/btn_Sidentifier' is clicked on

2023-11-23 15:08:09 - [MESSAGE][INFO] - Finding Test Object 'Object Repository/Connexion Usager/btn_Sidentifier'

2023-11-23 15:08:09 - [MESSAGE][INFO] - Checking timeout

2023-11-23 15:08:09 - [MESSAGE][INFO] - Finding web element with id: 'Object Repository/Connexion Usager/btn_Sidentifier' located by 'By.xpath: //*[@type= 'submit']' in '20' second(s)

2023-11-23 15:08:09 - [MESSAGE][INFO] - Smart Wait Function is triggered

2023-11-23 15:08:09 - [MESSAGE][INFO] - Found 1 web elements with id: 'Object Repository/Connexion Usager/btn_Sidentifier' located by 'By.xpath: //*[@type= 'submit']' in '20' second(s)

2023-11-23 15:08:09 - [MESSAGE][INFO] - Checking object

2023-11-23 15:08:09 - [MESSAGE][INFO] - Checking timeout

2023-11-23 15:08:09 - [MESSAGE][INFO] - Finding web element from Test Object's properties

2023-11-23 15:08:09 - [MESSAGE][INFO] - Checking timeout

2023-11-23 15:08:09 - [MESSAGE][INFO] - Finding web element with id: 'Object Repository/Connexion Usager/btn_Sidentifier' located by 'By.xpath: //*[@type= 'submit']' in '5' second(s)

2023-11-23 15:08:09 - [MESSAGE][INFO] - Smart Wait Function is triggered

2023-11-23 15:08:09 - [MESSAGE][INFO] - Found 1 web elements with id: 'Object Repository/Connexion Usager/btn_Sidentifier' located by 'By.xpath: //*[@type= 'submit']' in '5' second(s)

2023-11-23 15:08:09 - [MESSAGE][INFO] - Clicking on object: 'Object Repository/Connexion Usager/btn_Sidentifier'

2023-11-23 15:08:13 - [MESSAGE][PASSED] - Object: 'Object Repository/Connexion Usager/btn_Sidentifier' is clicked on

2023-11-23 15:08:13 - [TEST_STEP][PASSED] - delay(15): Delayed 15 second(s)

2023-11-23 15:08:13 - [MESSAGE][INFO] - Delaying browser in 15 second(s)

2023-11-23 15:08:28 - [MESSAGE][PASSED] - Delayed 15 second(s)

2023-11-23 15:08:28 - [TEST_STEP][PASSED] - verifyElementPresent(findTestObject("Object Repository/Page_Accueil_Usager/Span_MesNotifications"), 2, STOP_ON_FAILURE): Object 'Object Repository/Page_Accueil_Usager/Span_MesNotifications' is present

2023-11-23 15:08:28 - [MESSAGE][INFO] - Finding Test Object 'Object Repository/Page_Accueil_Usager/Span_MesNotifications'

2023-11-23 15:08:28 - [MESSAGE][INFO] - Checking object

2023-11-23 15:08:28 - [MESSAGE][INFO] - Finding web element from Test Object's properties

2023-11-23 15:08:28 - [MESSAGE][INFO] - Checking timeout

2023-11-23 15:08:28 - [MESSAGE][INFO] - Finding web element with id: 'Object Repository/Page_Accueil_Usager/Span_MesNotifications' located by 'By.xpath: //*[@id="navBar-new"]/nav/div[3]/div/div/ul/li[1]/a/span' in '2' second(s)

2023-11-23 15:08:28 - [MESSAGE][INFO] - Smart Wait Function is triggered

2023-11-23 15:08:28 - [MESSAGE][INFO] - Found 1 web elements with id: 'Object Repository/Page_Accueil_Usager/Span_MesNotifications' located by 'By.xpath: //*[@id="navBar-new"]/nav/div[3]/div/div/ul/li[1]/a/span' in '2' second(s)

2023-11-23 15:08:28 - [MESSAGE][PASSED] - Object 'Object Repository/Page_Accueil_Usager/Span_MesNotifications' is present

2023-11-23 15:08:28 - [TEST_STEP][PASSED] - if (Profiles == "Agent"): null

2023-11-23 15:08:28 - [TEST_STEP][PASSED] - else: null

2023-11-23 15:08:28 - [TEST_STEP][PASSED] - println("VÃ©rifier le Portail de votre connexion Usager ou Agent"): null

2023-11-23 15:08:28 - [MESSAGE][PASSED] - Call Test Case 'Test Cases/Test Reutilisable/Main/Identification' successfully

2023-11-23 15:08:28 - [TEST_STEP][PASSED] - callTestCase(findTestCase("Test Reutilisable/DemandeOuRenouvelle_TitreSejour/DemandeOuRenouvelleTitreSejour"), [:], STOP_ON_FAILURE): Call Test Case 'Test Cases/Test Reutilisable/DemandeOuRenouvelle_TitreSejour/DemandeOuRenouvelleTitreSejour' successfully

2023-11-23 15:08:28 - [MESSAGE][INFO] - Checking called Test Case

2023-11-23 15:08:28 - [MESSAGE][INFO] - Starting to call Test Case 'Test Cases/Test Reutilisable/DemandeOuRenouvelle_TitreSejour/DemandeOuRenouvelleTitreSejour'

2023-11-23 15:08:28 - [TEST_CASE][PASSED] - Test Cases/Test Reutilisable/DemandeOuRenouvelle_TitreSejour/DemandeOuRenouvelleTitreSejour: Test Cases/Test Reutilisable/DemandeOuRenouvelle_TitreSejour/DemandeOuRenouvelleTitreSejour

2023-11-23 15:08:28 - [TEST_STEP][PASSED] - com.kazurayam.ksbackyard.HighlightElement.pandemic(): com.kazurayam.ksbackyard.HighlightElement.pandemic is PASSED

2023-11-23 15:08:28 - [MESSAGE][PASSED] - com.kazurayam.ksbackyard.HighlightElement.pandemic is PASSED

2023-11-23 15:08:28 - [TEST_STEP][PASSED] - delay(3): Delayed 3 second(s)

2023-11-23 15:08:28 - [MESSAGE][INFO] - Delaying browser in 3 second(s)

2023-11-23 15:08:31 - [MESSAGE][PASSED] - Delayed 3 second(s)

2023-11-23 15:08:31 - [TEST_STEP][PASSED] - doubleClick(findTestObject("Object Repository/Page_Accueil_Usager/btn_DemandeOuRenouvelleTitreSejour")): Object: 'Object Repository/Page_Accueil_Usager/btn_DemandeOuRenouvelleTitreSejour' is double clicked on

2023-11-23 15:08:31 - [MESSAGE][INFO] - Finding Test Object 'Object Repository/Page_Accueil_Usager/btn_DemandeOuRenouvelleTitreSejour'

2023-11-23 15:08:31 - [MESSAGE][INFO] - Checking object

2023-11-23 15:08:31 - [MESSAGE][INFO] - Finding web element from Test Object's properties

2023-11-23 15:08:31 - [MESSAGE][INFO] - Checking timeout

2023-11-23 15:08:31 - [MESSAGE][INFO] - Finding web element with id: 'Object Repository/Page_Accueil_Usager/btn_DemandeOuRenouvelleTitreSejour' located by 'By.xpath: //app-portal//app-portal-root/app-default-root-content/div/div/anef-tile[1]/a/span/span[2]' in '5' second(s)

2023-11-23 15:08:31 - [MESSAGE][INFO] - Smart Wait Function is triggered

2023-11-23 15:08:31 - [MESSAGE][INFO] - Found 1 web elements with id: 'Object Repository/Page_Accueil_Usager/btn_DemandeOuRenouvelleTitreSejour' located by 'By.xpath: //app-portal//app-portal-root/app-default-root-content/div/div/anef-tile[1]/a/span/span[2]' in '5' second(s)

2023-11-23 15:08:31 - [MESSAGE][INFO] - Double clicking on object: 'Object Repository/Page_Accueil_Usager/btn_DemandeOuRenouvelleTitreSejour'

2023-11-23 15:08:32 - [MESSAGE][PASSED] - Object: 'Object Repository/Page_Accueil_Usager/btn_DemandeOuRenouvelleTitreSejour' is double clicked on

2023-11-23 15:08:32 - [TEST_STEP][PASSED] - delay(3): Delayed 3 second(s)

2023-11-23 15:08:32 - [MESSAGE][INFO] - Delaying browser in 3 second(s)

2023-11-23 15:08:35 - [MESSAGE][PASSED] - Delayed 3 second(s)

2023-11-23 15:08:35 - [TEST_STEP][PASSED] - switch (PourQui): null

2023-11-23 15:08:35 - [TEST_STEP][PASSED] - case "Moi-mÃªme":: null

2023-11-23 15:08:35 - [TEST_STEP][PASSED] - check(findTestObject("Object Repository/Page_Accueil_Usager/CheckBox_Moi-meme")): Object 'Object Repository/Page_Accueil_Usager/CheckBox_Moi-meme' is checked

2023-11-23 15:08:35 - [MESSAGE][INFO] - Finding Test Object 'Object Repository/Page_Accueil_Usager/CheckBox_Moi-meme'

2023-11-23 15:08:35 - [MESSAGE][INFO] - Checking object

2023-11-23 15:08:35 - [MESSAGE][INFO] - Finding web element from Test Object's properties

2023-11-23 15:08:35 - [MESSAGE][INFO] - Checking timeout

2023-11-23 15:08:35 - [MESSAGE][INFO] - Finding web element with id: 'Object Repository/Page_Accueil_Usager/CheckBox_Moi-meme' located by 'By.xpath: //*/div[1]/app-radio-tree-button/div/p-radiobutton/div/div[2]/span' in '5' second(s)

2023-11-23 15:08:35 - [MESSAGE][INFO] - Smart Wait Function is triggered

2023-11-23 15:08:35 - [MESSAGE][INFO] - Found 1 web elements with id: 'Object Repository/Page_Accueil_Usager/CheckBox_Moi-meme' located by 'By.xpath: //*/div[1]/app-radio-tree-button/div/p-radiobutton/div/div[2]/span' in '5' second(s)

2023-11-23 15:08:35 - [MESSAGE][INFO] - Checking on bject 'Object Repository/Page_Accueil_Usager/CheckBox_Moi-meme'

2023-11-23 15:08:37 - [MESSAGE][PASSED] - Object 'Object Repository/Page_Accueil_Usager/CheckBox_Moi-meme' is checked

2023-11-23 15:08:37 - [TEST_STEP][PASSED] - break: null

2023-11-23 15:08:37 - [TEST_STEP][PASSED] - click(findTestObject("Object Repository/Page_Accueil_Usager/btn_JeContinue")): Object: 'Object Repository/Page_Accueil_Usager/btn_JeContinue' is clicked on

2023-11-23 15:08:37 - [MESSAGE][INFO] - Finding Test Object 'Object Repository/Page_Accueil_Usager/btn_JeContinue'

2023-11-23 15:08:37 - [MESSAGE][INFO] - Checking timeout

2023-11-23 15:08:37 - [MESSAGE][INFO] - Finding web element with id: 'Object Repository/Page_Accueil_Usager/btn_JeContinue' located by 'By.xpath: //*[@ng-reflect-label='Je continue']|/html/body/app-root/div/app-portal/main/app-triage-demandeur/div/div/div/form/div[2]/button/span' in '20' second(s)

2023-11-23 15:08:37 - [MESSAGE][INFO] - Smart Wait Function is triggered

2023-11-23 15:08:37 - [MESSAGE][INFO] - Found 1 web elements with id: 'Object Repository/Page_Accueil_Usager/btn_JeContinue' located by 'By.xpath: //*[@ng-reflect-label='Je continue']|/html/body/app-root/div/app-portal/main/app-triage-demandeur/div/div/div/form/div[2]/button/span' in '20' second(s)

2023-11-23 15:08:37 - [MESSAGE][INFO] - Checking object

2023-11-23 15:08:37 - [MESSAGE][INFO] - Checking timeout

2023-11-23 15:08:37 - [MESSAGE][INFO] - Finding web element from Test Object's properties

2023-11-23 15:08:37 - [MESSAGE][INFO] - Checking timeout

2023-11-23 15:08:37 - [MESSAGE][INFO] - Finding web element with id: 'Object Repository/Page_Accueil_Usager/btn_JeContinue' located by 'By.xpath: //*[@ng-reflect-label='Je continue']|/html/body/app-root/div/app-portal/main/app-triage-demandeur/div/div/div/form/div[2]/button/span' in '5' second(s)

2023-11-23 15:08:37 - [MESSAGE][INFO] - Smart Wait Function is triggered

2023-11-23 15:08:37 - [MESSAGE][INFO] - Found 1 web elements with id: 'Object Repository/Page_Accueil_Usager/btn_JeContinue' located by 'By.xpath: //*[@ng-reflect-label='Je continue']|/html/body/app-root/div/app-portal/main/app-triage-demandeur/div/div/div/form/div[2]/button/span' in '5' second(s)

2023-11-23 15:08:37 - [MESSAGE][INFO] - Clicking on object: 'Object Repository/Page_Accueil_Usager/btn_JeContinue'

2023-11-23 15:08:39 - [MESSAGE][PASSED] - Object: 'Object Repository/Page_Accueil_Usager/btn_JeContinue' is clicked on

2023-11-23 15:08:39 - [MESSAGE][PASSED] - Call Test Case 'Test Cases/Test Reutilisable/DemandeOuRenouvelle_TitreSejour/DemandeOuRenouvelleTitreSejour' successfully

2023-11-23 15:08:39 - [TEST_STEP][PASSED] - callTestCase(findTestCase("Test Reutilisable/DemandeOuRenouvelle_TitreSejour/FormulaireTypeDeTitreDeSejour"), ["TypeTitreDeSejour":TypeTitreDeSejour, "Titre":Titre], STOP_ON_FAILURE): Call Test Case 'Test Cases/Test Reutilisable/DemandeOuRenouvelle_TitreSejour/FormulaireTypeDeTitreDeSejour' successfully

2023-11-23 15:08:39 - [MESSAGE][INFO] - Checking called Test Case

2023-11-23 15:08:39 - [MESSAGE][INFO] - Starting to call Test Case 'Test Cases/Test Reutilisable/DemandeOuRenouvelle_TitreSejour/FormulaireTypeDeTitreDeSejour'

2023-11-23 15:08:39 - [TEST_CASE][PASSED] - Test Cases/Test Reutilisable/DemandeOuRenouvelle_TitreSejour/FormulaireTypeDeTitreDeSejour: Test Cases/Test Reutilisable/DemandeOuRenouvelle_TitreSejour/FormulaireTypeDeTitreDeSejour

2023-11-23 15:08:39 - [TEST_STEP][PASSED] - com.kazurayam.ksbackyard.HighlightElement.pandemic(): com.kazurayam.ksbackyard.HighlightElement.pandemic is PASSED

2023-11-23 15:08:39 - [MESSAGE][PASSED] - com.kazurayam.ksbackyard.HighlightElement.pandemic is PASSED

2023-11-23 15:08:39 - [TEST_STEP][PASSED] - delay(10): Delayed 10 second(s)

2023-11-23 15:08:39 - [MESSAGE][INFO] - Delaying browser in 10 second(s)

2023-11-23 15:08:49 - [MESSAGE][PASSED] - Delayed 10 second(s)

2023-11-23 15:08:49 - [TEST_STEP][PASSED] - switch (TypeTitreDeSejour): null

2023-11-23 15:08:49 - [TEST_STEP][PASSED] - case "CreateurDEntreprise":: null

2023-11-23 15:08:49 - [TEST_STEP][PASSED] - if (Titre == "Visiteur" || Titre == "Etudiant"): Object: 'Object Repository/Page_DemarcheRenouvellement/Btn_JeContinue' is clicked on

2023-11-23 15:08:49 - [TEST_STEP][PASSED] - check(findTestObject("Object Repository/Page_DemarcheRenouvellement/CheckBox_SolliciteTS_PasseportTalent")): Object 'Object Repository/Page_DemarcheRenouvellement/CheckBox_SolliciteTS_PasseportTalent' is checked

2023-11-23 15:08:49 - [MESSAGE][INFO] - Finding Test Object 'Object Repository/Page_DemarcheRenouvellement/CheckBox_SolliciteTS_PasseportTalent'

2023-11-23 15:08:49 - [MESSAGE][INFO] - Checking object

2023-11-23 15:08:49 - [MESSAGE][INFO] - Finding web element from Test Object's properties

2023-11-23 15:08:49 - [MESSAGE][INFO] - Checking timeout

2023-11-23 15:08:49 - [MESSAGE][INFO] - Finding web element with id: 'Object Repository/Page_DemarcheRenouvellement/CheckBox_SolliciteTS_PasseportTalent' located by 'By.xpath: //*/div[3]/app-radio-tree-button/div/p-radiobutton/div/div[2]/span' in '5' second(s)

2023-11-23 15:08:49 - [MESSAGE][INFO] - Smart Wait Function is triggered

2023-11-23 15:08:49 - [MESSAGE][INFO] - Found 1 web elements with id: 'Object Repository/Page_DemarcheRenouvellement/CheckBox_SolliciteTS_PasseportTalent' located by 'By.xpath: //*/div[3]/app-radio-tree-button/div/p-radiobutton/div/div[2]/span' in '5' second(s)

2023-11-23 15:08:49 - [MESSAGE][INFO] - Checking on bject 'Object Repository/Page_DemarcheRenouvellement/CheckBox_SolliciteTS_PasseportTalent'

2023-11-23 15:08:52 - [MESSAGE][PASSED] - Object 'Object Repository/Page_DemarcheRenouvellement/CheckBox_SolliciteTS_PasseportTalent' is checked

2023-11-23 15:08:52 - [TEST_STEP][PASSED] - check(findTestObject("Object Repository/Page_DemarcheRenouvellement/CheckBox_SolliciteTS_InvestisseurOuPorteurProjetEconomique")): Object 'Object Repository/Page_DemarcheRenouvellement/CheckBox_SolliciteTS_InvestisseurOuPorteurProjetEconomique' is checked

2023-11-23 15:08:52 - [MESSAGE][INFO] - Finding Test Object 'Object Repository/Page_DemarcheRenouvellement/CheckBox_SolliciteTS_InvestisseurOuPorteurProjetEconomique'

2023-11-23 15:08:52 - [MESSAGE][INFO] - Checking object

2023-11-23 15:08:52 - [MESSAGE][INFO] - Finding web element from Test Object's properties

2023-11-23 15:08:52 - [MESSAGE][INFO] - Checking timeout

2023-11-23 15:08:52 - [MESSAGE][INFO] - Finding web element with id: 'Object Repository/Page_DemarcheRenouvellement/CheckBox_SolliciteTS_InvestisseurOuPorteurProjetEconomique' located by 'By.xpath: //div/form/div[1]/div[2]/fieldset/div[3]/app-radio-tree-button/div/div/div[3]/app-radio-tree-button/div/p-radiobutton/div/div[2]/span' in '5' second(s)

2023-11-23 15:08:52 - [MESSAGE][INFO] - Smart Wait Function is triggered

2023-11-23 15:08:52 - [MESSAGE][INFO] - Found 1 web elements with id: 'Object Repository/Page_DemarcheRenouvellement/CheckBox_SolliciteTS_InvestisseurOuPorteurProjetEconomique' located by 'By.xpath: //div/form/div[1]/div[2]/fieldset/div[3]/app-radio-tree-button/div/div/div[3]/app-radio-tree-button/div/p-radiobutton/div/div[2]/span' in '5' second(s)

2023-11-23 15:08:52 - [MESSAGE][INFO] - Checking on bject 'Object Repository/Page_DemarcheRenouvellement/CheckBox_SolliciteTS_InvestisseurOuPorteurProjetEconomique'

2023-11-23 15:08:54 - [MESSAGE][PASSED] - Object 'Object Repository/Page_DemarcheRenouvellement/CheckBox_SolliciteTS_InvestisseurOuPorteurProjetEconomique' is checked

2023-11-23 15:08:54 - [TEST_STEP][PASSED] - click(findTestObject("Object Repository/Page_DemarcheRenouvellement/btn_JeCommence")): Object: 'Object Repository/Page_DemarcheRenouvellement/btn_JeCommence' is clicked on

2023-11-23 15:08:54 - [MESSAGE][INFO] - Finding Test Object 'Object Repository/Page_DemarcheRenouvellement/btn_JeCommence'

2023-11-23 15:08:54 - [MESSAGE][INFO] - Checking timeout

2023-11-23 15:08:54 - [MESSAGE][INFO] - Finding web element with id: 'Object Repository/Page_DemarcheRenouvellement/btn_JeCommence' located by 'By.xpath: //app-informations-declaration//app-actions-bar//button/span[contains(.,'Je continue')]|//app-informations-demande-ptsq//app-actions-bar//button/span[contains(.,'Je continue')]|//*/div[2]/button/span|//button[@type="submit" and contains(., 'Je commence')]|//button[@type="submit" and contains(., 'Je continue')]' in '20' second(s)

2023-11-23 15:08:54 - [MESSAGE][INFO] - Smart Wait Function is triggered

2023-11-23 15:08:54 - [MESSAGE][INFO] - Found 1 web elements with id: 'Object Repository/Page_DemarcheRenouvellement/btn_JeCommence' located by 'By.xpath: //app-informations-declaration//app-actions-bar//button/span[contains(.,'Je continue')]|//app-informations-demande-ptsq//app-actions-bar//button/span[contains(.,'Je continue')]|//*/div[2]/button/span|//button[@type="submit" and contains(., 'Je commence')]|//button[@type="submit" and contains(., 'Je continue')]' in '20' second(s)

2023-11-23 15:08:54 - [MESSAGE][INFO] - Checking object

2023-11-23 15:08:54 - [MESSAGE][INFO] - Checking timeout

2023-11-23 15:08:54 - [MESSAGE][INFO] - Finding web element from Test Object's properties

2023-11-23 15:08:54 - [MESSAGE][INFO] - Checking timeout

2023-11-23 15:08:54 - [MESSAGE][INFO] - Finding web element with id: 'Object Repository/Page_DemarcheRenouvellement/btn_JeCommence' located by 'By.xpath: //app-informations-declaration//app-actions-bar//button/span[contains(.,'Je continue')]|//app-informations-demande-ptsq//app-actions-bar//button/span[contains(.,'Je continue')]|//*/div[2]/button/span|//button[@type="submit" and contains(., 'Je commence')]|//button[@type="submit" and contains(., 'Je continue')]' in '5' second(s)

2023-11-23 15:08:54 - [MESSAGE][INFO] - Smart Wait Function is triggered

2023-11-23 15:08:54 - [MESSAGE][INFO] - Found 1 web elements with id: 'Object Repository/Page_DemarcheRenouvellement/btn_JeCommence' located by 'By.xpath: //app-informations-declaration//app-actions-bar//button/span[contains(.,'Je continue')]|//app-informations-demande-ptsq//app-actions-bar//button/span[contains(.,'Je continue')]|//*/div[2]/button/span|//button[@type="submit" and contains(., 'Je commence')]|//button[@type="submit" and contains(., 'Je continue')]' in '5' second(s)

2023-11-23 15:08:54 - [MESSAGE][INFO] - Clicking on object: 'Object Repository/Page_DemarcheRenouvellement/btn_JeCommence'

2023-11-23 15:08:56 - [MESSAGE][PASSED] - Object: 'Object Repository/Page_DemarcheRenouvellement/btn_JeCommence' is clicked on

2023-11-23 15:08:56 - [TEST_STEP][PASSED] - check(findTestObject("Object Repository/Page_DemarcheRenouvellement/CheckBox_SolliciteTS_TS-PT-CreateurDEntreprise")): Object 'Object Repository/Page_DemarcheRenouvellement/CheckBox_SolliciteTS_TS-PT-CreateurDEntreprise' is checked

2023-11-23 15:08:56 - [MESSAGE][INFO] - Finding Test Object 'Object Repository/Page_DemarcheRenouvellement/CheckBox_SolliciteTS_TS-PT-CreateurDEntreprise'

2023-11-23 15:08:56 - [MESSAGE][INFO] - Checking object

2023-11-23 15:08:56 - [MESSAGE][INFO] - Finding web element from Test Object's properties

2023-11-23 15:08:56 - [MESSAGE][INFO] - Checking timeout

2023-11-23 15:08:56 - [MESSAGE][INFO] - Finding web element with id: 'Object Repository/Page_DemarcheRenouvellement/CheckBox_SolliciteTS_TS-PT-CreateurDEntreprise' located by 'By.xpath: /html/body/app-root/div/app-portal/main/app-theme-v2/div/app-triage-intermediaire/div/div/div/form/div/div[2]/p-radiobutton/div/div[2]/span' in '5' second(s)

2023-11-23 15:08:56 - [MESSAGE][INFO] - Smart Wait Function is triggered

2023-11-23 15:08:56 - [MESSAGE][INFO] - Smart Wait Function is triggered

2023-11-23 15:08:56 - [MESSAGE][INFO] - Smart Wait Function is triggered

2023-11-23 15:08:56 - [MESSAGE][INFO] - Smart Wait Function is triggered

2023-11-23 15:08:57 - [MESSAGE][INFO] - Smart Wait Function is triggered

2023-11-23 15:08:57 - [MESSAGE][INFO] - Smart Wait Function is triggered

2023-11-23 15:08:57 - [MESSAGE][INFO] - Smart Wait Function is triggered

2023-11-23 15:08:57 - [MESSAGE][INFO] - Smart Wait Function is triggered

2023-11-23 15:08:57 - [MESSAGE][INFO] - Smart Wait Function is triggered

2023-11-23 15:08:57 - [MESSAGE][INFO] - Smart Wait Function is triggered

2023-11-23 15:08:57 - [MESSAGE][INFO] - Smart Wait Function is triggered

2023-11-23 15:08:57 - [MESSAGE][INFO] - Smart Wait Function is triggered

2023-11-23 15:08:57 - [MESSAGE][INFO] - Smart Wait Function is triggered

2023-11-23 15:08:57 - [MESSAGE][INFO] - Smart Wait Function is triggered

2023-11-23 15:08:57 - [MESSAGE][INFO] - Smart Wait Function is triggered

2023-11-23 15:08:57 - [MESSAGE][INFO] - Smart Wait Function is triggered

2023-11-23 15:08:57 - [MESSAGE][INFO] - Smart Wait Function is triggered

2023-11-23 15:08:57 - [MESSAGE][INFO] - Found 1 web elements with id: 'Object Repository/Page_DemarcheRenouvellement/CheckBox_SolliciteTS_TS-PT-CreateurDEntreprise' located by 'By.xpath: /html/body/app-root/div/app-portal/main/app-theme-v2/div/app-triage-intermediaire/div/div/div/form/div/div[2]/p-radiobutton/div/div[2]/span' in '5' second(s)

2023-11-23 15:08:57 - [MESSAGE][INFO] - Checking on bject 'Object Repository/Page_DemarcheRenouvellement/CheckBox_SolliciteTS_TS-PT-CreateurDEntreprise'

2023-11-23 15:08:59 - [MESSAGE][PASSED] - Object 'Object Repository/Page_DemarcheRenouvellement/CheckBox_SolliciteTS_TS-PT-CreateurDEntreprise' is checked

2023-11-23 15:08:59 - [TEST_STEP][PASSED] - click(findTestObject("Object Repository/Page_DemarcheRenouvellement/btn_JeCommence")): Object: 'Object Repository/Page_DemarcheRenouvellement/btn_JeCommence' is clicked on

2023-11-23 15:08:59 - [MESSAGE][INFO] - Finding Test Object 'Object Repository/Page_DemarcheRenouvellement/btn_JeCommence'

2023-11-23 15:08:59 - [MESSAGE][INFO] - Checking timeout

2023-11-23 15:08:59 - [MESSAGE][INFO] - Finding web element with id: 'Object Repository/Page_DemarcheRenouvellement/btn_JeCommence' located by 'By.xpath: //app-informations-declaration//app-actions-bar//button/span[contains(.,'Je continue')]|//app-informations-demande-ptsq//app-actions-bar//button/span[contains(.,'Je continue')]|//*/div[2]/button/span|//button[@type="submit" and contains(., 'Je commence')]|//button[@type="submit" and contains(., 'Je continue')]' in '20' second(s)

2023-11-23 15:08:59 - [MESSAGE][INFO] - Smart Wait Function is triggered

2023-11-23 15:08:59 - [MESSAGE][INFO] - Found 1 web elements with id: 'Object Repository/Page_DemarcheRenouvellement/btn_JeCommence' located by 'By.xpath: //app-informations-declaration//app-actions-bar//button/span[contains(.,'Je continue')]|//app-informations-demande-ptsq//app-actions-bar//button/span[contains(.,'Je continue')]|//*/div[2]/button/span|//button[@type="submit" and contains(., 'Je commence')]|//button[@type="submit" and contains(., 'Je continue')]' in '20' second(s)

2023-11-23 15:08:59 - [MESSAGE][INFO] - Checking object

2023-11-23 15:08:59 - [MESSAGE][INFO] - Checking timeout

2023-11-23 15:08:59 - [MESSAGE][INFO] - Finding web element from Test Object's properties

2023-11-23 15:08:59 - [MESSAGE][INFO] - Checking timeout

2023-11-23 15:08:59 - [MESSAGE][INFO] - Finding web element with id: 'Object Repository/Page_DemarcheRenouvellement/btn_JeCommence' located by 'By.xpath: //app-informations-declaration//app-actions-bar//button/span[contains(.,'Je continue')]|//app-informations-demande-ptsq//app-actions-bar//button/span[contains(.,'Je continue')]|//*/div[2]/button/span|//button[@type="submit" and contains(., 'Je commence')]|//button[@type="submit" and contains(., 'Je continue')]' in '5' second(s)

2023-11-23 15:08:59 - [MESSAGE][INFO] - Smart Wait Function is triggered

2023-11-23 15:08:59 - [MESSAGE][INFO] - Found 1 web elements with id: 'Object Repository/Page_DemarcheRenouvellement/btn_JeCommence' located by 'By.xpath: //app-informations-declaration//app-actions-bar//button/span[contains(.,'Je continue')]|//app-informations-demande-ptsq//app-actions-bar//button/span[contains(.,'Je continue')]|//*/div[2]/button/span|//button[@type="submit" and contains(., 'Je commence')]|//button[@type="submit" and contains(., 'Je continue')]' in '5' second(s)

2023-11-23 15:08:59 - [MESSAGE][INFO] - Clicking on object: 'Object Repository/Page_DemarcheRenouvellement/btn_JeCommence'

2023-11-23 15:09:01 - [MESSAGE][PASSED] - Object: 'Object Repository/Page_DemarcheRenouvellement/btn_JeCommence' is clicked on

2023-11-23 15:09:01 - [TEST_STEP][PASSED] - delay(3): Delayed 3 second(s)

2023-11-23 15:09:01 - [MESSAGE][INFO] - Delaying browser in 3 second(s)

2023-11-23 15:09:04 - [MESSAGE][PASSED] - Delayed 3 second(s)

2023-11-23 15:09:04 - [TEST_STEP][PASSED] - click(findTestObject("Object Repository/Page_DemarcheRenouvellement/Btn_JeContinue")): Object: 'Object Repository/Page_DemarcheRenouvellement/Btn_JeContinue' is clicked on

2023-11-23 15:09:04 - [MESSAGE][INFO] - Finding Test Object 'Object Repository/Page_DemarcheRenouvellement/Btn_JeContinue'

2023-11-23 15:09:04 - [MESSAGE][INFO] - Checking timeout

2023-11-23 15:09:04 - [MESSAGE][INFO] - Finding web element with id: 'Object Repository/Page_DemarcheRenouvellement/Btn_JeContinue' located by 'By.xpath: //button[@type="submit" and contains(., 'Je commence')]|//span[@class="ui-button-text ui-clickable" and contains(., 'Je continue')]|//app-informations-declaration//app-actions-bar//button/span[contains(.,'Je continue')]|//app-informations-demande-ptch/div/app-actions-bar/div/div[2]/div/div[2]/button/span' in '20' second(s)

2023-11-23 15:09:04 - [MESSAGE][INFO] - Smart Wait Function is triggered

2023-11-23 15:09:05 - [MESSAGE][INFO] - Found 1 web elements with id: 'Object Repository/Page_DemarcheRenouvellement/Btn_JeContinue' located by 'By.xpath: //button[@type="submit" and contains(., 'Je commence')]|//span[@class="ui-button-text ui-clickable" and contains(., 'Je continue')]|//app-informations-declaration//app-actions-bar//button/span[contains(.,'Je continue')]|//app-informations-demande-ptch/div/app-actions-bar/div/div[2]/div/div[2]/button/span' in '20' second(s)

2023-11-23 15:09:05 - [MESSAGE][INFO] - Checking object

2023-11-23 15:09:05 - [MESSAGE][INFO] - Checking timeout

2023-11-23 15:09:05 - [MESSAGE][INFO] - Finding web element from Test Object's properties

2023-11-23 15:09:05 - [MESSAGE][INFO] - Checking timeout

2023-11-23 15:09:05 - [MESSAGE][INFO] - Finding web element with id: 'Object Repository/Page_DemarcheRenouvellement/Btn_JeContinue' located by 'By.xpath: //button[@type="submit" and contains(., 'Je commence')]|//span[@class="ui-button-text ui-clickable" and contains(., 'Je continue')]|//app-informations-declaration//app-actions-bar//button/span[contains(.,'Je continue')]|//app-informations-demande-ptch/div/app-actions-bar/div/div[2]/div/div[2]/button/span' in '5' second(s)

2023-11-23 15:09:05 - [MESSAGE][INFO] - Smart Wait Function is triggered

2023-11-23 15:09:05 - [MESSAGE][INFO] - Found 1 web elements with id: 'Object Repository/Page_DemarcheRenouvellement/Btn_JeContinue' located by 'By.xpath: //button[@type="submit" and contains(., 'Je commence')]|//span[@class="ui-button-text ui-clickable" and contains(., 'Je continue')]|//app-informations-declaration//app-actions-bar//button/span[contains(.,'Je continue')]|//app-informations-demande-ptch/div/app-actions-bar/div/div[2]/div/div[2]/button/span' in '5' second(s)

2023-11-23 15:09:05 - [MESSAGE][INFO] - Clicking on object: 'Object Repository/Page_DemarcheRenouvellement/Btn_JeContinue'

2023-11-23 15:09:07 - [MESSAGE][PASSED] - Object: 'Object Repository/Page_DemarcheRenouvellement/Btn_JeContinue' is clicked on

2023-11-23 15:09:07 - [TEST_STEP][PASSED] - break: null

2023-11-23 15:09:07 - [TEST_STEP][PASSED] - "VÃ©rification s il y a un message Erreur : Il est trop tÃ´t pour demander le renouvellement de votre titre.": null

2023-11-23 15:09:07 - [TEST_STEP][PASSED] - MsgAlertPresent = verifyElementPresent(findTestObject("Object Repository/Page_Accueil_Usager/Verif_PopUpTropTotPourDemanderLeRenouvellementDeVotreTitre"), 1, OPTIONAL): com.kms.katalon.core.webui.exception.WebElementNotFoundException: Web element with id: 'Object Repository/Page_Accueil_Usager/Verif_PopUpTropTotPourDemanderLeRenouvellementDeVotreTitre' located by '/html/body/app-root/div/app-portal/main/app-theme-v2/div/app-triage/div/div/div/form/div[2]/div/p-message/div/span[2]' not found (Root cause: com.kms.katalon.core.exception.StepFailedException: com.kms.katalon.core.webui.exception.WebElementNotFoundException: Web element with id: 'Object Repository/Page_Accueil_Usager/Verif_PopUpTropTotPourDemanderLeRenouvellementDeVotreTitre' located by '/html/body/app-root/div/app-portal/main/app-theme-v2/div/app-triage/div/div/div/form/div[2]/div/p-message/div/span[2]' not found
	at com.kms.katalon.core.webui.keyword.internal.WebUIKeywordMain.stepFailed(WebUIKeywordMain.groovy:64)
	at com.kms.katalon.core.webui.keyword.builtin.VerifyElementPresentKeyword$_verifyElementPresent_closure1.doCall(VerifyElementPresentKeyword.groovy:85)
	at com.kms.katalon.core.webui.keyword.builtin.VerifyElementPresentKeyword$_verifyElementPresent_closure1.call(VerifyElementPresentKeyword.groovy)
	at com.kms.katalon.core.webui.keyword.internal.WebUIKeywordMain.runKeyword(WebUIKeywordMain.groovy:20)
	at com.kms.katalon.core.webui.keyword.builtin.VerifyElementPresentKeyword.verifyElementPresent(VerifyElementPresentKeyword.groovy:92)
	at com.kms.katalon.core.webui.keyword.builtin.VerifyElementPresentKeyword.execute(VerifyElementPresentKeyword.groovy:68)
	at com.kms.katalon.core.keyword.internal.KeywordExecutor.executeKeywordForPlatform(KeywordExecutor.groovy:74)
	at com.kms.katalon.core.webui.keyword.WebUiBuiltInKeywords.verifyElementPresent(WebUiBuiltInKeywords.groovy:1448)
	at com.kazurayam.ksbackyard.HighlightElement$_pandemic_closure1.doCall(HighlightElement.groovy:105)
	at FormulaireTypeDeTitreDeSejour.run(FormulaireTypeDeTitreDeSejour:302)
	at com.kms.katalon.core.main.ScriptEngine.run(ScriptEngine.java:194)
	at com.kms.katalon.core.main.ScriptEngine.runScriptAsRawText(ScriptEngine.java:119)
	at com.kms.katalon.core.main.TestCaseExecutor.runScript(TestCaseExecutor.java:448)
	at com.kms.katalon.core.main.TestCaseExecutor.doExecute(TestCaseExecutor.java:439)
	at com.kms.katalon.core.main.TestCaseExecutor.processExecutionPhase(TestCaseExecutor.java:418)
	at com.kms.katalon.core.main.TestCaseExecutor.accessMainPhase(TestCaseExecutor.java:410)
	at com.kms.katalon.core.main.TestCaseExecutor.execute(TestCaseExecutor.java:285)
	at com.kms.katalon.core.main.TestCaseMain.runTestCase(TestCaseMain.java:144)
	at com.kms.katalon.core.keyword.builtin.CallTestCaseKeyword$_callTestCase_closure1.doCall(CallTestCaseKeyword.groovy:59)
	at com.kms.katalon.core.keyword.builtin.CallTestCaseKeyword$_callTestCase_closure1.call(CallTestCaseKeyword.groovy)
	at com.kms.katalon.core.keyword.internal.KeywordMain.runKeyword(KeywordMain.groovy:75)
	at com.kms.katalon.core.keyword.builtin.CallTestCaseKeyword.callTestCase(CallTestCaseKeyword.groovy:81)
	at com.kms.katalon.core.keyword.builtin.CallTestCaseKeyword.execute(CallTestCaseKeyword.groovy:44)
	at com.kms.katalon.core.keyword.internal.KeywordExecutor.executeKeywordForPlatform(KeywordExecutor.groovy:74)
	at com.kms.katalon.core.keyword.BuiltinKeywords.callTestCase(BuiltinKeywords.groovy:310)
	at com.kazurayam.ksbackyard.HighlightElement$_pandemic_closure1.doCall(HighlightElement.groovy:105)
	at TNR R.TSPT Supp90-Etudiant.run(TNR R.TSPT Supp90-Etudiant:43)
	at com.kms.katalon.core.main.ScriptEngine.run(ScriptEngine.java:194)
	at com.kms.katalon.core.main.ScriptEngine.runScriptAsRawText(ScriptEngine.java:119)
	at com.kms.katalon.core.main.TestCaseExecutor.runScript(TestCaseExecutor.java:448)
	at com.kms.katalon.core.main.TestCaseExecutor.doExecute(TestCaseExecutor.java:439)
	at com.kms.katalon.core.main.TestCaseExecutor.processExecutionPhase(TestCaseExecutor.java:418)
	at com.kms.katalon.core.main.TestCaseExecutor.accessMainPhase(TestCaseExecutor.java:410)
	at com.kms.katalon.core.main.TestCaseExecutor.execute(TestCaseExecutor.java:285)
	at com.kms.katalon.core.common.CommonExecutor.accessTestCaseMainPhase(CommonExecutor.java:65)
	at com.kms.katalon.core.main.TestSuiteExecutor.accessTestSuiteMainPhase(TestSuiteExecutor.java:148)
	at com.kms.katalon.core.main.TestSuiteExecutor.execute(TestSuiteExecutor.java:106)
	at com.kms.katalon.core.main.TestCaseMain.startTestSuite(TestCaseMain.java:187)
	at com.kms.katalon.core.main.TestCaseMain$startTestSuite$0.call(Unknown Source)
	at TempTestSuite1700747757013.run(TempTestSuite1700747757013.groovy:36)
)

2023-11-23 15:09:07 - [MESSAGE][INFO] - Finding Test Object 'Object Repository/Page_Accueil_Usager/Verif_PopUpTropTotPourDemanderLeRenouvellementDeVotreTitre'

2023-11-23 15:09:07 - [MESSAGE][INFO] - Checking object

2023-11-23 15:09:07 - [MESSAGE][INFO] - Finding web element from Test Object's properties

2023-11-23 15:09:07 - [MESSAGE][INFO] - Checking timeout

2023-11-23 15:09:07 - [MESSAGE][INFO] - Finding web element with id: 'Object Repository/Page_Accueil_Usager/Verif_PopUpTropTotPourDemanderLeRenouvellementDeVotreTitre' located by 'By.xpath: /html/body/app-root/div/app-portal/main/app-theme-v2/div/app-triage/div/div/div/form/div[2]/div/p-message/div/span[2]' in '1' second(s)

2023-11-23 15:09:07 - [MESSAGE][INFO] - Smart Wait Function is triggered

2023-11-23 15:09:07 - [MESSAGE][INFO] - Smart Wait Function is triggered

2023-11-23 15:09:07 - [MESSAGE][INFO] - Smart Wait Function is triggered

2023-11-23 15:09:07 - [MESSAGE][INFO] - Smart Wait Function is triggered

2023-11-23 15:09:07 - [MESSAGE][INFO] - Smart Wait Function is triggered

2023-11-23 15:09:07 - [MESSAGE][INFO] - Smart Wait Function is triggered

2023-11-23 15:09:07 - [MESSAGE][INFO] - Smart Wait Function is triggered

2023-11-23 15:09:07 - [MESSAGE][INFO] - Smart Wait Function is triggered

2023-11-23 15:09:07 - [MESSAGE][INFO] - Smart Wait Function is triggered

2023-11-23 15:09:07 - [MESSAGE][INFO] - Smart Wait Function is triggered

2023-11-23 15:09:07 - [MESSAGE][INFO] - Smart Wait Function is triggered

2023-11-23 15:09:07 - [MESSAGE][INFO] - Smart Wait Function is triggered

2023-11-23 15:09:08 - [MESSAGE][INFO] - Smart Wait Function is triggered

2023-11-23 15:09:08 - [MESSAGE][INFO] - Smart Wait Function is triggered

2023-11-23 15:09:08 - [MESSAGE][INFO] - Smart Wait Function is triggered

2023-11-23 15:09:08 - [MESSAGE][INFO] - Smart Wait Function is triggered

2023-11-23 15:09:08 - [MESSAGE][INFO] - Smart Wait Function is triggered

2023-11-23 15:09:08 - [MESSAGE][INFO] - Smart Wait Function is triggered

2023-11-23 15:09:08 - [MESSAGE][INFO] - Smart Wait Function is triggered

2023-11-23 15:09:08 - [MESSAGE][INFO] - Smart Wait Function is triggered

2023-11-23 15:09:08 - [MESSAGE][INFO] - Smart Wait Function is triggered

2023-11-23 15:09:08 - [MESSAGE][INFO] - Smart Wait Function is triggered

2023-11-23 15:09:08 - [MESSAGE][INFO] - Smart Wait Function is triggered

2023-11-23 15:09:08 - [MESSAGE][INFO] - Smart Wait Function is triggered

2023-11-23 15:09:08 - [MESSAGE][INFO] - Smart Wait Function is triggered

2023-11-23 15:09:08 - [MESSAGE][INFO] - Smart Wait Function is triggered

2023-11-23 15:09:08 - [MESSAGE][INFO] - Smart Wait Function is triggered

2023-11-23 15:09:08 - [MESSAGE][INFO] - Smart Wait Function is triggered

2023-11-23 15:09:08 - [MESSAGE][INFO] - Smart Wait Function is triggered

2023-11-23 15:09:08 - [MESSAGE][INFO] - Smart Wait Function is triggered

2023-11-23 15:09:08 - [MESSAGE][INFO] - Smart Wait Function is triggered

2023-11-23 15:09:08 - [MESSAGE][INFO] - Smart Wait Function is triggered

2023-11-23 15:09:08 - [MESSAGE][INFO] - Smart Wait Function is triggered

2023-11-23 15:09:08 - [MESSAGE][INFO] - Smart Wait Function is triggered

2023-11-23 15:09:08 - [MESSAGE][INFO] - Smart Wait Function is triggered

2023-11-23 15:09:08 - [MESSAGE][INFO] - Smart Wait Function is triggered

2023-11-23 15:09:08 - [MESSAGE][INFO] - Smart Wait Function is triggered

2023-11-23 15:09:08 - [MESSAGE][INFO] - Smart Wait Function is triggered

2023-11-23 15:09:08 - [MESSAGE][INFO] - Smart Wait Function is triggered

2023-11-23 15:09:08 - [MESSAGE][INFO] - Smart Wait Function is triggered

2023-11-23 15:09:08 - [MESSAGE][INFO] - Smart Wait Function is triggered

2023-11-23 15:09:08 - [MESSAGE][INFO] - Smart Wait Function is triggered

2023-11-23 15:09:08 - [MESSAGE][INFO] - Smart Wait Function is triggered

2023-11-23 15:09:09 - [MESSAGE][INFO] - Smart Wait Function is triggered

2023-11-23 15:09:09 - [MESSAGE][INFO] - Smart Wait Function is triggered

2023-11-23 15:09:09 - [MESSAGE][INFO] - Smart Wait Function is triggered

2023-11-23 15:09:09 - [MESSAGE][INFO] - Smart Wait Function is triggered

2023-11-23 15:09:09 - [MESSAGE][INFO] - Smart Wait Function is triggered

2023-11-23 15:09:09 - [MESSAGE][INFO] - Smart Wait Function is triggered

2023-11-23 15:09:09 - [MESSAGE][INFO] - Smart Wait Function is triggered

2023-11-23 15:09:09 - [MESSAGE][INFO] - Unable to find the element located by 'By.xpath: /html/body/app-root/div/app-portal/main/app-theme-v2/div/app-triage/div/div/div/form/div[2]/div/p-message/div/span[2]'. Please recheck the objects properties to make sure the desired element is located. 

2023-11-23 15:09:09 - [MESSAGE][WARNING] - com.kms.katalon.core.webui.exception.WebElementNotFoundException: Web element with id: 'Object Repository/Page_Accueil_Usager/Verif_PopUpTropTotPourDemanderLeRenouvellementDeVotreTitre' located by '/html/body/app-root/div/app-portal/main/app-theme-v2/div/app-triage/div/div/div/form/div[2]/div/p-message/div/span[2]' not found (Root cause: com.kms.katalon.core.exception.StepFailedException: com.kms.katalon.core.webui.exception.WebElementNotFoundException: Web element with id: 'Object Repository/Page_Accueil_Usager/Verif_PopUpTropTotPourDemanderLeRenouvellementDeVotreTitre' located by '/html/body/app-root/div/app-portal/main/app-theme-v2/div/app-triage/div/div/div/form/div[2]/div/p-message/div/span[2]' not found
	at com.kms.katalon.core.webui.keyword.internal.WebUIKeywordMain.stepFailed(WebUIKeywordMain.groovy:64)
	at com.kms.katalon.core.webui.keyword.builtin.VerifyElementPresentKeyword$_verifyElementPresent_closure1.doCall(VerifyElementPresentKeyword.groovy:85)
	at com.kms.katalon.core.webui.keyword.builtin.VerifyElementPresentKeyword$_verifyElementPresent_closure1.call(VerifyElementPresentKeyword.groovy)
	at com.kms.katalon.core.webui.keyword.internal.WebUIKeywordMain.runKeyword(WebUIKeywordMain.groovy:20)
	at com.kms.katalon.core.webui.keyword.builtin.VerifyElementPresentKeyword.verifyElementPresent(VerifyElementPresentKeyword.groovy:92)
	at com.kms.katalon.core.webui.keyword.builtin.VerifyElementPresentKeyword.execute(VerifyElementPresentKeyword.groovy:68)
	at com.kms.katalon.core.keyword.internal.KeywordExecutor.executeKeywordForPlatform(KeywordExecutor.groovy:74)
	at com.kms.katalon.core.webui.keyword.WebUiBuiltInKeywords.verifyElementPresent(WebUiBuiltInKeywords.groovy:1448)
	at com.kazurayam.ksbackyard.HighlightElement$_pandemic_closure1.doCall(HighlightElement.groovy:105)
	at FormulaireTypeDeTitreDeSejour.run(FormulaireTypeDeTitreDeSejour:302)
	at com.kms.katalon.core.main.ScriptEngine.run(ScriptEngine.java:194)
	at com.kms.katalon.core.main.ScriptEngine.runScriptAsRawText(ScriptEngine.java:119)
	at com.kms.katalon.core.main.TestCaseExecutor.runScript(TestCaseExecutor.java:448)
	at com.kms.katalon.core.main.TestCaseExecutor.doExecute(TestCaseExecutor.java:439)
	at com.kms.katalon.core.main.TestCaseExecutor.processExecutionPhase(TestCaseExecutor.java:418)
	at com.kms.katalon.core.main.TestCaseExecutor.accessMainPhase(TestCaseExecutor.java:410)
	at com.kms.katalon.core.main.TestCaseExecutor.execute(TestCaseExecutor.java:285)
	at com.kms.katalon.core.main.TestCaseMain.runTestCase(TestCaseMain.java:144)
	at com.kms.katalon.core.keyword.builtin.CallTestCaseKeyword$_callTestCase_closure1.doCall(CallTestCaseKeyword.groovy:59)
	at com.kms.katalon.core.keyword.builtin.CallTestCaseKeyword$_callTestCase_closure1.call(CallTestCaseKeyword.groovy)
	at com.kms.katalon.core.keyword.internal.KeywordMain.runKeyword(KeywordMain.groovy:75)
	at com.kms.katalon.core.keyword.builtin.CallTestCaseKeyword.callTestCase(CallTestCaseKeyword.groovy:81)
	at com.kms.katalon.core.keyword.builtin.CallTestCaseKeyword.execute(CallTestCaseKeyword.groovy:44)
	at com.kms.katalon.core.keyword.internal.KeywordExecutor.executeKeywordForPlatform(KeywordExecutor.groovy:74)
	at com.kms.katalon.core.keyword.BuiltinKeywords.callTestCase(BuiltinKeywords.groovy:310)
	at com.kazurayam.ksbackyard.HighlightElement$_pandemic_closure1.doCall(HighlightElement.groovy:105)
	at TNR R.TSPT Supp90-Etudiant.run(TNR R.TSPT Supp90-Etudiant:43)
	at com.kms.katalon.core.main.ScriptEngine.run(ScriptEngine.java:194)
	at com.kms.katalon.core.main.ScriptEngine.runScriptAsRawText(ScriptEngine.java:119)
	at com.kms.katalon.core.main.TestCaseExecutor.runScript(TestCaseExecutor.java:448)
	at com.kms.katalon.core.main.TestCaseExecutor.doExecute(TestCaseExecutor.java:439)
	at com.kms.katalon.core.main.TestCaseExecutor.processExecutionPhase(TestCaseExecutor.java:418)
	at com.kms.katalon.core.main.TestCaseExecutor.accessMainPhase(TestCaseExecutor.java:410)
	at com.kms.katalon.core.main.TestCaseExecutor.execute(TestCaseExecutor.java:285)
	at com.kms.katalon.core.common.CommonExecutor.accessTestCaseMainPhase(CommonExecutor.java:65)
	at com.kms.katalon.core.main.TestSuiteExecutor.accessTestSuiteMainPhase(TestSuiteExecutor.java:148)
	at com.kms.katalon.core.main.TestSuiteExecutor.execute(TestSuiteExecutor.java:106)
	at com.kms.katalon.core.main.TestCaseMain.startTestSuite(TestCaseMain.java:187)
	at com.kms.katalon.core.main.TestCaseMain$startTestSuite$0.call(Unknown Source)
	at TempTestSuite1700747757013.run(TempTestSuite1700747757013.groovy:36)
)
[[ATTACHMENT|C:\\Users\\ISSAM.RHARBAOUI\\git\\22_11\\ANEF-AutomatizationProject\\Reports\\20231123_145557\\TS_TNR_R.TSPT_Suppo90\\20231123_145557\\1700748549238.png]]

2023-11-23 15:09:09 - [TEST_STEP][PASSED] - if (MsgAlertPresent): null

2023-11-23 15:09:09 - [TEST_STEP][PASSED] - else:  C'est le bon Moment pour demander le renouvellement de votre titre.

2023-11-23 15:09:09 - [TEST_STEP][PASSED] - markPassed(" C'est le bon Moment pour demander le renouvellement de votre titre."):  C'est le bon Moment pour demander le renouvellement de votre titre.

2023-11-23 15:09:09 - [MESSAGE][PASSED] -  C'est le bon Moment pour demander le renouvellement de votre titre.

2023-11-23 15:09:09 - [MESSAGE][PASSED] - Call Test Case 'Test Cases/Test Reutilisable/DemandeOuRenouvelle_TitreSejour/FormulaireTypeDeTitreDeSejour' successfully

2023-11-23 15:09:09 - [TEST_STEP][PASSED] - callTestCase(findTestCase("Test Reutilisable/DemandeOuRenouvelle_TitreSejour/FormulaireInformationsPersonnelles"), ["AdresseUsager":AdresseUsager, "NumeroTelephoneUsager":NumeroTelephoneUsager], STOP_ON_FAILURE): Call Test Case 'Test Cases/Test Reutilisable/DemandeOuRenouvelle_TitreSejour/FormulaireInformationsPersonnelles' successfully

2023-11-23 15:09:09 - [MESSAGE][INFO] - Checking called Test Case

2023-11-23 15:09:09 - [MESSAGE][INFO] - Starting to call Test Case 'Test Cases/Test Reutilisable/DemandeOuRenouvelle_TitreSejour/FormulaireInformationsPersonnelles'

2023-11-23 15:09:09 - [TEST_CASE][PASSED] - Test Cases/Test Reutilisable/DemandeOuRenouvelle_TitreSejour/FormulaireInformationsPersonnelles: Test Cases/Test Reutilisable/DemandeOuRenouvelle_TitreSejour/FormulaireInformationsPersonnelles

2023-11-23 15:09:09 - [TEST_STEP][PASSED] - com.kazurayam.ksbackyard.HighlightElement.pandemic(): com.kazurayam.ksbackyard.HighlightElement.pandemic is PASSED

2023-11-23 15:09:09 - [MESSAGE][PASSED] - com.kazurayam.ksbackyard.HighlightElement.pandemic is PASSED

2023-11-23 15:09:09 - [TEST_STEP][PASSED] - if (verifyElementPresent(findTestObject("Object Repository/Page_InformationPersonnelles_Usager/CheckBox_liensPersonnelsFamiliaux_1_Non"), 1, OPTIONAL)): com.kms.katalon.core.webui.exception.WebElementNotFoundException: Web element with id: 'Object Repository/Page_InformationPersonnelles_Usager/CheckBox_liensPersonnelsFamiliaux_1_Non' located by '//*[@id="ui-accordiontab-1-content"]/div/div/div[1]/div/anef-input-radio/div/div/fieldset/div/div[2]/p-radiobutton/div/div[2]/span' not found (Root cause: com.kms.katalon.core.exception.StepFailedException: com.kms.katalon.core.webui.exception.WebElementNotFoundException: Web element with id: 'Object Repository/Page_InformationPersonnelles_Usager/CheckBox_liensPersonnelsFamiliaux_1_Non' located by '//*[@id="ui-accordiontab-1-content"]/div/div/div[1]/div/anef-input-radio/div/div/fieldset/div/div[2]/p-radiobutton/div/div[2]/span' not found
	at com.kms.katalon.core.webui.keyword.internal.WebUIKeywordMain.stepFailed(WebUIKeywordMain.groovy:64)
	at com.kms.katalon.core.webui.keyword.builtin.VerifyElementPresentKeyword$_verifyElementPresent_closure1.doCall(VerifyElementPresentKeyword.groovy:85)
	at com.kms.katalon.core.webui.keyword.builtin.VerifyElementPresentKeyword$_verifyElementPresent_closure1.call(VerifyElementPresentKeyword.groovy)
	at com.kms.katalon.core.webui.keyword.internal.WebUIKeywordMain.runKeyword(WebUIKeywordMain.groovy:20)
	at com.kms.katalon.core.webui.keyword.builtin.VerifyElementPresentKeyword.verifyElementPresent(VerifyElementPresentKeyword.groovy:92)
	at com.kms.katalon.core.webui.keyword.builtin.VerifyElementPresentKeyword.execute(VerifyElementPresentKeyword.groovy:68)
	at com.kms.katalon.core.keyword.internal.KeywordExecutor.executeKeywordForPlatform(KeywordExecutor.groovy:74)
	at com.kms.katalon.core.webui.keyword.WebUiBuiltInKeywords.verifyElementPresent(WebUiBuiltInKeywords.groovy:1448)
	at com.kazurayam.ksbackyard.HighlightElement$_pandemic_closure1.doCall(HighlightElement.groovy:105)
	at FormulaireInformationsPersonnelles.run(FormulaireInformationsPersonnelles:28)
	at com.kms.katalon.core.main.ScriptEngine.run(ScriptEngine.java:194)
	at com.kms.katalon.core.main.ScriptEngine.runScriptAsRawText(ScriptEngine.java:119)
	at com.kms.katalon.core.main.TestCaseExecutor.runScript(TestCaseExecutor.java:448)
	at com.kms.katalon.core.main.TestCaseExecutor.doExecute(TestCaseExecutor.java:439)
	at com.kms.katalon.core.main.TestCaseExecutor.processExecutionPhase(TestCaseExecutor.java:418)
	at com.kms.katalon.core.main.TestCaseExecutor.accessMainPhase(TestCaseExecutor.java:410)
	at com.kms.katalon.core.main.TestCaseExecutor.execute(TestCaseExecutor.java:285)
	at com.kms.katalon.core.main.TestCaseMain.runTestCase(TestCaseMain.java:144)
	at com.kms.katalon.core.keyword.builtin.CallTestCaseKeyword$_callTestCase_closure1.doCall(CallTestCaseKeyword.groovy:59)
	at com.kms.katalon.core.keyword.builtin.CallTestCaseKeyword$_callTestCase_closure1.call(CallTestCaseKeyword.groovy)
	at com.kms.katalon.core.keyword.internal.KeywordMain.runKeyword(KeywordMain.groovy:75)
	at com.kms.katalon.core.keyword.builtin.CallTestCaseKeyword.callTestCase(CallTestCaseKeyword.groovy:81)
	at com.kms.katalon.core.keyword.builtin.CallTestCaseKeyword.execute(CallTestCaseKeyword.groovy:44)
	at com.kms.katalon.core.keyword.internal.KeywordExecutor.executeKeywordForPlatform(KeywordExecutor.groovy:74)
	at com.kms.katalon.core.keyword.BuiltinKeywords.callTestCase(BuiltinKeywords.groovy:310)
	at com.kazurayam.ksbackyard.HighlightElement$_pandemic_closure1.doCall(HighlightElement.groovy:105)
	at TNR R.TSPT Supp90-Etudiant.run(TNR R.TSPT Supp90-Etudiant:47)
	at com.kms.katalon.core.main.ScriptEngine.run(ScriptEngine.java:194)
	at com.kms.katalon.core.main.ScriptEngine.runScriptAsRawText(ScriptEngine.java:119)
	at com.kms.katalon.core.main.TestCaseExecutor.runScript(TestCaseExecutor.java:448)
	at com.kms.katalon.core.main.TestCaseExecutor.doExecute(TestCaseExecutor.java:439)
	at com.kms.katalon.core.main.TestCaseExecutor.processExecutionPhase(TestCaseExecutor.java:418)
	at com.kms.katalon.core.main.TestCaseExecutor.accessMainPhase(TestCaseExecutor.java:410)
	at com.kms.katalon.core.main.TestCaseExecutor.execute(TestCaseExecutor.java:285)
	at com.kms.katalon.core.common.CommonExecutor.accessTestCaseMainPhase(CommonExecutor.java:65)
	at com.kms.katalon.core.main.TestSuiteExecutor.accessTestSuiteMainPhase(TestSuiteExecutor.java:148)
	at com.kms.katalon.core.main.TestSuiteExecutor.execute(TestSuiteExecutor.java:106)
	at com.kms.katalon.core.main.TestCaseMain.startTestSuite(TestCaseMain.java:187)
	at com.kms.katalon.core.main.TestCaseMain$startTestSuite$0.call(Unknown Source)
	at TempTestSuite1700747757013.run(TempTestSuite1700747757013.groovy:36)
)

2023-11-23 15:09:09 - [MESSAGE][INFO] - Finding Test Object 'Object Repository/Page_InformationPersonnelles_Usager/CheckBox_liensPersonnelsFamiliaux_1_Non'

2023-11-23 15:09:09 - [MESSAGE][INFO] - Checking object

2023-11-23 15:09:09 - [MESSAGE][INFO] - Finding web element from Test Object's properties

2023-11-23 15:09:09 - [MESSAGE][INFO] - Checking timeout

2023-11-23 15:09:09 - [MESSAGE][INFO] - Finding web element with id: 'Object Repository/Page_InformationPersonnelles_Usager/CheckBox_liensPersonnelsFamiliaux_1_Non' located by 'By.xpath: //*[@id="ui-accordiontab-1-content"]/div/div/div[1]/div/anef-input-radio/div/div/fieldset/div/div[2]/p-radiobutton/div/div[2]/span' in '1' second(s)

2023-11-23 15:09:09 - [MESSAGE][INFO] - Smart Wait Function is triggered

2023-11-23 15:09:09 - [MESSAGE][INFO] - Smart Wait Function is triggered

2023-11-23 15:09:09 - [MESSAGE][INFO] - Smart Wait Function is triggered

2023-11-23 15:09:09 - [MESSAGE][INFO] - Smart Wait Function is triggered

2023-11-23 15:09:09 - [MESSAGE][INFO] - Smart Wait Function is triggered

2023-11-23 15:09:09 - [MESSAGE][INFO] - Smart Wait Function is triggered

2023-11-23 15:09:09 - [MESSAGE][INFO] - Smart Wait Function is triggered

2023-11-23 15:09:10 - [MESSAGE][INFO] - Smart Wait Function is triggered

2023-11-23 15:09:10 - [MESSAGE][INFO] - Smart Wait Function is triggered

2023-11-23 15:09:10 - [MESSAGE][INFO] - Smart Wait Function is triggered

2023-11-23 15:09:10 - [MESSAGE][INFO] - Smart Wait Function is triggered

2023-11-23 15:09:10 - [MESSAGE][INFO] - Smart Wait Function is triggered

2023-11-23 15:09:10 - [MESSAGE][INFO] - Smart Wait Function is triggered

2023-11-23 15:09:10 - [MESSAGE][INFO] - Smart Wait Function is triggered

2023-11-23 15:09:10 - [MESSAGE][INFO] - Smart Wait Function is triggered

2023-11-23 15:09:10 - [MESSAGE][INFO] - Smart Wait Function is triggered

2023-11-23 15:09:10 - [MESSAGE][INFO] - Smart Wait Function is triggered

2023-11-23 15:09:10 - [MESSAGE][INFO] - Smart Wait Function is triggered

2023-11-23 15:09:10 - [MESSAGE][INFO] - Smart Wait Function is triggered

2023-11-23 15:09:10 - [MESSAGE][INFO] - Smart Wait Function is triggered

2023-11-23 15:09:10 - [MESSAGE][INFO] - Smart Wait Function is triggered

2023-11-23 15:09:10 - [MESSAGE][INFO] - Smart Wait Function is triggered

2023-11-23 15:09:10 - [MESSAGE][INFO] - Smart Wait Function is triggered

2023-11-23 15:09:10 - [MESSAGE][INFO] - Smart Wait Function is triggered

2023-11-23 15:09:10 - [MESSAGE][INFO] - Smart Wait Function is triggered

2023-11-23 15:09:10 - [MESSAGE][INFO] - Smart Wait Function is triggered

2023-11-23 15:09:10 - [MESSAGE][INFO] - Smart Wait Function is triggered

2023-11-23 15:09:10 - [MESSAGE][INFO] - Smart Wait Function is triggered

2023-11-23 15:09:10 - [MESSAGE][INFO] - Smart Wait Function is triggered

2023-11-23 15:09:10 - [MESSAGE][INFO] - Smart Wait Function is triggered

2023-11-23 15:09:10 - [MESSAGE][INFO] - Smart Wait Function is triggered

2023-11-23 15:09:10 - [MESSAGE][INFO] - Smart Wait Function is triggered

2023-11-23 15:09:10 - [MESSAGE][INFO] - Smart Wait Function is triggered

2023-11-23 15:09:10 - [MESSAGE][INFO] - Smart Wait Function is triggered

2023-11-23 15:09:10 - [MESSAGE][INFO] - Smart Wait Function is triggered

2023-11-23 15:09:10 - [MESSAGE][INFO] - Smart Wait Function is triggered

2023-11-23 15:09:10 - [MESSAGE][INFO] - Smart Wait Function is triggered

2023-11-23 15:09:10 - [MESSAGE][INFO] - Smart Wait Function is triggered

2023-11-23 15:09:11 - [MESSAGE][INFO] - Smart Wait Function is triggered

2023-11-23 15:09:11 - [MESSAGE][INFO] - Smart Wait Function is triggered

2023-11-23 15:09:11 - [MESSAGE][INFO] - Smart Wait Function is triggered

2023-11-23 15:09:11 - [MESSAGE][INFO] - Smart Wait Function is triggered

2023-11-23 15:09:11 - [MESSAGE][INFO] - Smart Wait Function is triggered

2023-11-23 15:09:11 - [MESSAGE][INFO] - Smart Wait Function is triggered

2023-11-23 15:09:11 - [MESSAGE][INFO] - Smart Wait Function is triggered

2023-11-23 15:09:11 - [MESSAGE][INFO] - Smart Wait Function is triggered

2023-11-23 15:09:11 - [MESSAGE][INFO] - Smart Wait Function is triggered

2023-11-23 15:09:11 - [MESSAGE][INFO] - Smart Wait Function is triggered

2023-11-23 15:09:11 - [MESSAGE][INFO] - Smart Wait Function is triggered

2023-11-23 15:09:11 - [MESSAGE][INFO] - Smart Wait Function is triggered

2023-11-23 15:09:11 - [MESSAGE][INFO] - Smart Wait Function is triggered

2023-11-23 15:09:11 - [MESSAGE][INFO] - Smart Wait Function is triggered

2023-11-23 15:09:11 - [MESSAGE][INFO] - Smart Wait Function is triggered

2023-11-23 15:09:11 - [MESSAGE][INFO] - Smart Wait Function is triggered

2023-11-23 15:09:11 - [MESSAGE][INFO] - Smart Wait Function is triggered

2023-11-23 15:09:11 - [MESSAGE][INFO] - Smart Wait Function is triggered

2023-11-23 15:09:11 - [MESSAGE][INFO] - Smart Wait Function is triggered

2023-11-23 15:09:11 - [MESSAGE][INFO] - Smart Wait Function is triggered

2023-11-23 15:09:11 - [MESSAGE][INFO] - Smart Wait Function is triggered

2023-11-23 15:09:11 - [MESSAGE][INFO] - Smart Wait Function is triggered

2023-11-23 15:09:11 - [MESSAGE][INFO] - Smart Wait Function is triggered

2023-11-23 15:09:11 - [MESSAGE][INFO] - Smart Wait Function is triggered

2023-11-23 15:09:11 - [MESSAGE][INFO] - Unable to find the element located by 'By.xpath: //*[@id="ui-accordiontab-1-content"]/div/div/div[1]/div/anef-input-radio/div/div/fieldset/div/div[2]/p-radiobutton/div/div[2]/span'. Please recheck the objects properties to make sure the desired element is located. 

2023-11-23 15:09:11 - [MESSAGE][WARNING] - com.kms.katalon.core.webui.exception.WebElementNotFoundException: Web element with id: 'Object Repository/Page_InformationPersonnelles_Usager/CheckBox_liensPersonnelsFamiliaux_1_Non' located by '//*[@id="ui-accordiontab-1-content"]/div/div/div[1]/div/anef-input-radio/div/div/fieldset/div/div[2]/p-radiobutton/div/div[2]/span' not found (Root cause: com.kms.katalon.core.exception.StepFailedException: com.kms.katalon.core.webui.exception.WebElementNotFoundException: Web element with id: 'Object Repository/Page_InformationPersonnelles_Usager/CheckBox_liensPersonnelsFamiliaux_1_Non' located by '//*[@id="ui-accordiontab-1-content"]/div/div/div[1]/div/anef-input-radio/div/div/fieldset/div/div[2]/p-radiobutton/div/div[2]/span' not found
	at com.kms.katalon.core.webui.keyword.internal.WebUIKeywordMain.stepFailed(WebUIKeywordMain.groovy:64)
	at com.kms.katalon.core.webui.keyword.builtin.VerifyElementPresentKeyword$_verifyElementPresent_closure1.doCall(VerifyElementPresentKeyword.groovy:85)
	at com.kms.katalon.core.webui.keyword.builtin.VerifyElementPresentKeyword$_verifyElementPresent_closure1.call(VerifyElementPresentKeyword.groovy)
	at com.kms.katalon.core.webui.keyword.internal.WebUIKeywordMain.runKeyword(WebUIKeywordMain.groovy:20)
	at com.kms.katalon.core.webui.keyword.builtin.VerifyElementPresentKeyword.verifyElementPresent(VerifyElementPresentKeyword.groovy:92)
	at com.kms.katalon.core.webui.keyword.builtin.VerifyElementPresentKeyword.execute(VerifyElementPresentKeyword.groovy:68)
	at com.kms.katalon.core.keyword.internal.KeywordExecutor.executeKeywordForPlatform(KeywordExecutor.groovy:74)
	at com.kms.katalon.core.webui.keyword.WebUiBuiltInKeywords.verifyElementPresent(WebUiBuiltInKeywords.groovy:1448)
	at com.kazurayam.ksbackyard.HighlightElement$_pandemic_closure1.doCall(HighlightElement.groovy:105)
	at FormulaireInformationsPersonnelles.run(FormulaireInformationsPersonnelles:28)
	at com.kms.katalon.core.main.ScriptEngine.run(ScriptEngine.java:194)
	at com.kms.katalon.core.main.ScriptEngine.runScriptAsRawText(ScriptEngine.java:119)
	at com.kms.katalon.core.main.TestCaseExecutor.runScript(TestCaseExecutor.java:448)
	at com.kms.katalon.core.main.TestCaseExecutor.doExecute(TestCaseExecutor.java:439)
	at com.kms.katalon.core.main.TestCaseExecutor.processExecutionPhase(TestCaseExecutor.java:418)
	at com.kms.katalon.core.main.TestCaseExecutor.accessMainPhase(TestCaseExecutor.java:410)
	at com.kms.katalon.core.main.TestCaseExecutor.execute(TestCaseExecutor.java:285)
	at com.kms.katalon.core.main.TestCaseMain.runTestCase(TestCaseMain.java:144)
	at com.kms.katalon.core.keyword.builtin.CallTestCaseKeyword$_callTestCase_closure1.doCall(CallTestCaseKeyword.groovy:59)
	at com.kms.katalon.core.keyword.builtin.CallTestCaseKeyword$_callTestCase_closure1.call(CallTestCaseKeyword.groovy)
	at com.kms.katalon.core.keyword.internal.KeywordMain.runKeyword(KeywordMain.groovy:75)
	at com.kms.katalon.core.keyword.builtin.CallTestCaseKeyword.callTestCase(CallTestCaseKeyword.groovy:81)
	at com.kms.katalon.core.keyword.builtin.CallTestCaseKeyword.execute(CallTestCaseKeyword.groovy:44)
	at com.kms.katalon.core.keyword.internal.KeywordExecutor.executeKeywordForPlatform(KeywordExecutor.groovy:74)
	at com.kms.katalon.core.keyword.BuiltinKeywords.callTestCase(BuiltinKeywords.groovy:310)
	at com.kazurayam.ksbackyard.HighlightElement$_pandemic_closure1.doCall(HighlightElement.groovy:105)
	at TNR R.TSPT Supp90-Etudiant.run(TNR R.TSPT Supp90-Etudiant:47)
	at com.kms.katalon.core.main.ScriptEngine.run(ScriptEngine.java:194)
	at com.kms.katalon.core.main.ScriptEngine.runScriptAsRawText(ScriptEngine.java:119)
	at com.kms.katalon.core.main.TestCaseExecutor.runScript(TestCaseExecutor.java:448)
	at com.kms.katalon.core.main.TestCaseExecutor.doExecute(TestCaseExecutor.java:439)
	at com.kms.katalon.core.main.TestCaseExecutor.processExecutionPhase(TestCaseExecutor.java:418)
	at com.kms.katalon.core.main.TestCaseExecutor.accessMainPhase(TestCaseExecutor.java:410)
	at com.kms.katalon.core.main.TestCaseExecutor.execute(TestCaseExecutor.java:285)
	at com.kms.katalon.core.common.CommonExecutor.accessTestCaseMainPhase(CommonExecutor.java:65)
	at com.kms.katalon.core.main.TestSuiteExecutor.accessTestSuiteMainPhase(TestSuiteExecutor.java:148)
	at com.kms.katalon.core.main.TestSuiteExecutor.execute(TestSuiteExecutor.java:106)
	at com.kms.katalon.core.main.TestCaseMain.startTestSuite(TestCaseMain.java:187)
	at com.kms.katalon.core.main.TestCaseMain$startTestSuite$0.call(Unknown Source)
	at TempTestSuite1700747757013.run(TempTestSuite1700747757013.groovy:36)
)
[[ATTACHMENT|C:\\Users\\ISSAM.RHARBAOUI\\git\\22_11\\ANEF-AutomatizationProject\\Reports\\20231123_145557\\TS_TNR_R.TSPT_Suppo90\\20231123_145557\\1700748551797.png]]

2023-11-23 15:09:11 - [TEST_STEP][PASSED] - delay(2): Delayed 2 second(s)

2023-11-23 15:09:11 - [MESSAGE][INFO] - Delaying browser in 2 second(s)

2023-11-23 15:09:14 - [MESSAGE][PASSED] - Delayed 2 second(s)

2023-11-23 15:09:14 - [TEST_STEP][PASSED] - if (verifyElementPresent(findTestObject("Object Repository/Page_InformationPersonnelles_Usager/CheckBox_liensPersonnelsFamiliaux_2_Non"), 1, OPTIONAL)): com.kms.katalon.core.webui.exception.WebElementNotFoundException: Web element with id: 'Object Repository/Page_InformationPersonnelles_Usager/CheckBox_liensPersonnelsFamiliaux_2_Non' located by '//*[@id="ui-accordiontab-1-content"]/div/div/div[2]/div/anef-input-radio/div/div/fieldset/div/div[2]/p-radiobutton/div/div[2]' not found (Root cause: com.kms.katalon.core.exception.StepFailedException: com.kms.katalon.core.webui.exception.WebElementNotFoundException: Web element with id: 'Object Repository/Page_InformationPersonnelles_Usager/CheckBox_liensPersonnelsFamiliaux_2_Non' located by '//*[@id="ui-accordiontab-1-content"]/div/div/div[2]/div/anef-input-radio/div/div/fieldset/div/div[2]/p-radiobutton/div/div[2]' not found
	at com.kms.katalon.core.webui.keyword.internal.WebUIKeywordMain.stepFailed(WebUIKeywordMain.groovy:64)
	at com.kms.katalon.core.webui.keyword.builtin.VerifyElementPresentKeyword$_verifyElementPresent_closure1.doCall(VerifyElementPresentKeyword.groovy:85)
	at com.kms.katalon.core.webui.keyword.builtin.VerifyElementPresentKeyword$_verifyElementPresent_closure1.call(VerifyElementPresentKeyword.groovy)
	at com.kms.katalon.core.webui.keyword.internal.WebUIKeywordMain.runKeyword(WebUIKeywordMain.groovy:20)
	at com.kms.katalon.core.webui.keyword.builtin.VerifyElementPresentKeyword.verifyElementPresent(VerifyElementPresentKeyword.groovy:92)
	at com.kms.katalon.core.webui.keyword.builtin.VerifyElementPresentKeyword.execute(VerifyElementPresentKeyword.groovy:68)
	at com.kms.katalon.core.keyword.internal.KeywordExecutor.executeKeywordForPlatform(KeywordExecutor.groovy:74)
	at com.kms.katalon.core.webui.keyword.WebUiBuiltInKeywords.verifyElementPresent(WebUiBuiltInKeywords.groovy:1448)
	at com.kazurayam.ksbackyard.HighlightElement$_pandemic_closure1.doCall(HighlightElement.groovy:105)
	at FormulaireInformationsPersonnelles.run(FormulaireInformationsPersonnelles:33)
	at com.kms.katalon.core.main.ScriptEngine.run(ScriptEngine.java:194)
	at com.kms.katalon.core.main.ScriptEngine.runScriptAsRawText(ScriptEngine.java:119)
	at com.kms.katalon.core.main.TestCaseExecutor.runScript(TestCaseExecutor.java:448)
	at com.kms.katalon.core.main.TestCaseExecutor.doExecute(TestCaseExecutor.java:439)
	at com.kms.katalon.core.main.TestCaseExecutor.processExecutionPhase(TestCaseExecutor.java:418)
	at com.kms.katalon.core.main.TestCaseExecutor.accessMainPhase(TestCaseExecutor.java:410)
	at com.kms.katalon.core.main.TestCaseExecutor.execute(TestCaseExecutor.java:285)
	at com.kms.katalon.core.main.TestCaseMain.runTestCase(TestCaseMain.java:144)
	at com.kms.katalon.core.keyword.builtin.CallTestCaseKeyword$_callTestCase_closure1.doCall(CallTestCaseKeyword.groovy:59)
	at com.kms.katalon.core.keyword.builtin.CallTestCaseKeyword$_callTestCase_closure1.call(CallTestCaseKeyword.groovy)
	at com.kms.katalon.core.keyword.internal.KeywordMain.runKeyword(KeywordMain.groovy:75)
	at com.kms.katalon.core.keyword.builtin.CallTestCaseKeyword.callTestCase(CallTestCaseKeyword.groovy:81)
	at com.kms.katalon.core.keyword.builtin.CallTestCaseKeyword.execute(CallTestCaseKeyword.groovy:44)
	at com.kms.katalon.core.keyword.internal.KeywordExecutor.executeKeywordForPlatform(KeywordExecutor.groovy:74)
	at com.kms.katalon.core.keyword.BuiltinKeywords.callTestCase(BuiltinKeywords.groovy:310)
	at com.kazurayam.ksbackyard.HighlightElement$_pandemic_closure1.doCall(HighlightElement.groovy:105)
	at TNR R.TSPT Supp90-Etudiant.run(TNR R.TSPT Supp90-Etudiant:47)
	at com.kms.katalon.core.main.ScriptEngine.run(ScriptEngine.java:194)
	at com.kms.katalon.core.main.ScriptEngine.runScriptAsRawText(ScriptEngine.java:119)
	at com.kms.katalon.core.main.TestCaseExecutor.runScript(TestCaseExecutor.java:448)
	at com.kms.katalon.core.main.TestCaseExecutor.doExecute(TestCaseExecutor.java:439)
	at com.kms.katalon.core.main.TestCaseExecutor.processExecutionPhase(TestCaseExecutor.java:418)
	at com.kms.katalon.core.main.TestCaseExecutor.accessMainPhase(TestCaseExecutor.java:410)
	at com.kms.katalon.core.main.TestCaseExecutor.execute(TestCaseExecutor.java:285)
	at com.kms.katalon.core.common.CommonExecutor.accessTestCaseMainPhase(CommonExecutor.java:65)
	at com.kms.katalon.core.main.TestSuiteExecutor.accessTestSuiteMainPhase(TestSuiteExecutor.java:148)
	at com.kms.katalon.core.main.TestSuiteExecutor.execute(TestSuiteExecutor.java:106)
	at com.kms.katalon.core.main.TestCaseMain.startTestSuite(TestCaseMain.java:187)
	at com.kms.katalon.core.main.TestCaseMain$startTestSuite$0.call(Unknown Source)
	at TempTestSuite1700747757013.run(TempTestSuite1700747757013.groovy:36)
)

2023-11-23 15:09:14 - [MESSAGE][INFO] - Finding Test Object 'Object Repository/Page_InformationPersonnelles_Usager/CheckBox_liensPersonnelsFamiliaux_2_Non'

2023-11-23 15:09:14 - [MESSAGE][INFO] - Checking object

2023-11-23 15:09:14 - [MESSAGE][INFO] - Finding web element from Test Object's properties

2023-11-23 15:09:14 - [MESSAGE][INFO] - Checking timeout

2023-11-23 15:09:14 - [MESSAGE][INFO] - Finding web element with id: 'Object Repository/Page_InformationPersonnelles_Usager/CheckBox_liensPersonnelsFamiliaux_2_Non' located by 'By.xpath: //*[@id="ui-accordiontab-1-content"]/div/div/div[2]/div/anef-input-radio/div/div/fieldset/div/div[2]/p-radiobutton/div/div[2]' in '1' second(s)

2023-11-23 15:09:14 - [MESSAGE][INFO] - Smart Wait Function is triggered

2023-11-23 15:09:14 - [MESSAGE][INFO] - Smart Wait Function is triggered

2023-11-23 15:09:14 - [MESSAGE][INFO] - Smart Wait Function is triggered

2023-11-23 15:09:14 - [MESSAGE][INFO] - Smart Wait Function is triggered

2023-11-23 15:09:14 - [MESSAGE][INFO] - Smart Wait Function is triggered

2023-11-23 15:09:14 - [MESSAGE][INFO] - Smart Wait Function is triggered

2023-11-23 15:09:14 - [MESSAGE][INFO] - Smart Wait Function is triggered

2023-11-23 15:09:14 - [MESSAGE][INFO] - Smart Wait Function is triggered

2023-11-23 15:09:14 - [MESSAGE][INFO] - Smart Wait Function is triggered

2023-11-23 15:09:14 - [MESSAGE][INFO] - Smart Wait Function is triggered

2023-11-23 15:09:14 - [MESSAGE][INFO] - Smart Wait Function is triggered

2023-11-23 15:09:14 - [MESSAGE][INFO] - Smart Wait Function is triggered

2023-11-23 15:09:14 - [MESSAGE][INFO] - Smart Wait Function is triggered

2023-11-23 15:09:14 - [MESSAGE][INFO] - Smart Wait Function is triggered

2023-11-23 15:09:14 - [MESSAGE][INFO] - Smart Wait Function is triggered

2023-11-23 15:09:14 - [MESSAGE][INFO] - Smart Wait Function is triggered

2023-11-23 15:09:14 - [MESSAGE][INFO] - Smart Wait Function is triggered

2023-11-23 15:09:14 - [MESSAGE][INFO] - Smart Wait Function is triggered

2023-11-23 15:09:14 - [MESSAGE][INFO] - Smart Wait Function is triggered

2023-11-23 15:09:14 - [MESSAGE][INFO] - Smart Wait Function is triggered

2023-11-23 15:09:14 - [MESSAGE][INFO] - Smart Wait Function is triggered

2023-11-23 15:09:14 - [MESSAGE][INFO] - Smart Wait Function is triggered

2023-11-23 15:09:14 - [MESSAGE][INFO] - Smart Wait Function is triggered

2023-11-23 15:09:14 - [MESSAGE][INFO] - Smart Wait Function is triggered

2023-11-23 15:09:14 - [MESSAGE][INFO] - Smart Wait Function is triggered

2023-11-23 15:09:14 - [MESSAGE][INFO] - Smart Wait Function is triggered

2023-11-23 15:09:14 - [MESSAGE][INFO] - Smart Wait Function is triggered

2023-11-23 15:09:15 - [MESSAGE][INFO] - Smart Wait Function is triggered

2023-11-23 15:09:15 - [MESSAGE][INFO] - Smart Wait Function is triggered

2023-11-23 15:09:15 - [MESSAGE][INFO] - Smart Wait Function is triggered

2023-11-23 15:09:15 - [MESSAGE][INFO] - Smart Wait Function is triggered

2023-11-23 15:09:15 - [MESSAGE][INFO] - Smart Wait Function is triggered

2023-11-23 15:09:15 - [MESSAGE][INFO] - Smart Wait Function is triggered

2023-11-23 15:09:15 - [MESSAGE][INFO] - Smart Wait Function is triggered

2023-11-23 15:09:15 - [MESSAGE][INFO] - Smart Wait Function is triggered

2023-11-23 15:09:15 - [MESSAGE][INFO] - Smart Wait Function is triggered

2023-11-23 15:09:15 - [MESSAGE][INFO] - Smart Wait Function is triggered

2023-11-23 15:09:15 - [MESSAGE][INFO] - Smart Wait Function is triggered

2023-11-23 15:09:15 - [MESSAGE][INFO] - Smart Wait Function is triggered

2023-11-23 15:09:15 - [MESSAGE][INFO] - Smart Wait Function is triggered

2023-11-23 15:09:15 - [MESSAGE][INFO] - Smart Wait Function is triggered

2023-11-23 15:09:15 - [MESSAGE][INFO] - Smart Wait Function is triggered

2023-11-23 15:09:15 - [MESSAGE][INFO] - Smart Wait Function is triggered

2023-11-23 15:09:15 - [MESSAGE][INFO] - Smart Wait Function is triggered

2023-11-23 15:09:15 - [MESSAGE][INFO] - Smart Wait Function is triggered

2023-11-23 15:09:15 - [MESSAGE][INFO] - Smart Wait Function is triggered

2023-11-23 15:09:15 - [MESSAGE][INFO] - Smart Wait Function is triggered

2023-11-23 15:09:15 - [MESSAGE][INFO] - Smart Wait Function is triggered

2023-11-23 15:09:15 - [MESSAGE][INFO] - Smart Wait Function is triggered

2023-11-23 15:09:15 - [MESSAGE][INFO] - Smart Wait Function is triggered

2023-11-23 15:09:15 - [MESSAGE][INFO] - Smart Wait Function is triggered

2023-11-23 15:09:15 - [MESSAGE][INFO] - Smart Wait Function is triggered

2023-11-23 15:09:15 - [MESSAGE][INFO] - Smart Wait Function is triggered

2023-11-23 15:09:15 - [MESSAGE][INFO] - Smart Wait Function is triggered

2023-11-23 15:09:15 - [MESSAGE][INFO] - Smart Wait Function is triggered

2023-11-23 15:09:15 - [MESSAGE][INFO] - Smart Wait Function is triggered

2023-11-23 15:09:15 - [MESSAGE][INFO] - Smart Wait Function is triggered

2023-11-23 15:09:15 - [MESSAGE][INFO] - Smart Wait Function is triggered

2023-11-23 15:09:16 - [MESSAGE][INFO] - Smart Wait Function is triggered

2023-11-23 15:09:16 - [MESSAGE][INFO] - Smart Wait Function is triggered

2023-11-23 15:09:16 - [MESSAGE][INFO] - Smart Wait Function is triggered

2023-11-23 15:09:16 - [MESSAGE][INFO] - Unable to find the element located by 'By.xpath: //*[@id="ui-accordiontab-1-content"]/div/div/div[2]/div/anef-input-radio/div/div/fieldset/div/div[2]/p-radiobutton/div/div[2]'. Please recheck the objects properties to make sure the desired element is located. 

2023-11-23 15:09:16 - [MESSAGE][WARNING] - com.kms.katalon.core.webui.exception.WebElementNotFoundException: Web element with id: 'Object Repository/Page_InformationPersonnelles_Usager/CheckBox_liensPersonnelsFamiliaux_2_Non' located by '//*[@id="ui-accordiontab-1-content"]/div/div/div[2]/div/anef-input-radio/div/div/fieldset/div/div[2]/p-radiobutton/div/div[2]' not found (Root cause: com.kms.katalon.core.exception.StepFailedException: com.kms.katalon.core.webui.exception.WebElementNotFoundException: Web element with id: 'Object Repository/Page_InformationPersonnelles_Usager/CheckBox_liensPersonnelsFamiliaux_2_Non' located by '//*[@id="ui-accordiontab-1-content"]/div/div/div[2]/div/anef-input-radio/div/div/fieldset/div/div[2]/p-radiobutton/div/div[2]' not found
	at com.kms.katalon.core.webui.keyword.internal.WebUIKeywordMain.stepFailed(WebUIKeywordMain.groovy:64)
	at com.kms.katalon.core.webui.keyword.builtin.VerifyElementPresentKeyword$_verifyElementPresent_closure1.doCall(VerifyElementPresentKeyword.groovy:85)
	at com.kms.katalon.core.webui.keyword.builtin.VerifyElementPresentKeyword$_verifyElementPresent_closure1.call(VerifyElementPresentKeyword.groovy)
	at com.kms.katalon.core.webui.keyword.internal.WebUIKeywordMain.runKeyword(WebUIKeywordMain.groovy:20)
	at com.kms.katalon.core.webui.keyword.builtin.VerifyElementPresentKeyword.verifyElementPresent(VerifyElementPresentKeyword.groovy:92)
	at com.kms.katalon.core.webui.keyword.builtin.VerifyElementPresentKeyword.execute(VerifyElementPresentKeyword.groovy:68)
	at com.kms.katalon.core.keyword.internal.KeywordExecutor.executeKeywordForPlatform(KeywordExecutor.groovy:74)
	at com.kms.katalon.core.webui.keyword.WebUiBuiltInKeywords.verifyElementPresent(WebUiBuiltInKeywords.groovy:1448)
	at com.kazurayam.ksbackyard.HighlightElement$_pandemic_closure1.doCall(HighlightElement.groovy:105)
	at FormulaireInformationsPersonnelles.run(FormulaireInformationsPersonnelles:33)
	at com.kms.katalon.core.main.ScriptEngine.run(ScriptEngine.java:194)
	at com.kms.katalon.core.main.ScriptEngine.runScriptAsRawText(ScriptEngine.java:119)
	at com.kms.katalon.core.main.TestCaseExecutor.runScript(TestCaseExecutor.java:448)
	at com.kms.katalon.core.main.TestCaseExecutor.doExecute(TestCaseExecutor.java:439)
	at com.kms.katalon.core.main.TestCaseExecutor.processExecutionPhase(TestCaseExecutor.java:418)
	at com.kms.katalon.core.main.TestCaseExecutor.accessMainPhase(TestCaseExecutor.java:410)
	at com.kms.katalon.core.main.TestCaseExecutor.execute(TestCaseExecutor.java:285)
	at com.kms.katalon.core.main.TestCaseMain.runTestCase(TestCaseMain.java:144)
	at com.kms.katalon.core.keyword.builtin.CallTestCaseKeyword$_callTestCase_closure1.doCall(CallTestCaseKeyword.groovy:59)
	at com.kms.katalon.core.keyword.builtin.CallTestCaseKeyword$_callTestCase_closure1.call(CallTestCaseKeyword.groovy)
	at com.kms.katalon.core.keyword.internal.KeywordMain.runKeyword(KeywordMain.groovy:75)
	at com.kms.katalon.core.keyword.builtin.CallTestCaseKeyword.callTestCase(CallTestCaseKeyword.groovy:81)
	at com.kms.katalon.core.keyword.builtin.CallTestCaseKeyword.execute(CallTestCaseKeyword.groovy:44)
	at com.kms.katalon.core.keyword.internal.KeywordExecutor.executeKeywordForPlatform(KeywordExecutor.groovy:74)
	at com.kms.katalon.core.keyword.BuiltinKeywords.callTestCase(BuiltinKeywords.groovy:310)
	at com.kazurayam.ksbackyard.HighlightElement$_pandemic_closure1.doCall(HighlightElement.groovy:105)
	at TNR R.TSPT Supp90-Etudiant.run(TNR R.TSPT Supp90-Etudiant:47)
	at com.kms.katalon.core.main.ScriptEngine.run(ScriptEngine.java:194)
	at com.kms.katalon.core.main.ScriptEngine.runScriptAsRawText(ScriptEngine.java:119)
	at com.kms.katalon.core.main.TestCaseExecutor.runScript(TestCaseExecutor.java:448)
	at com.kms.katalon.core.main.TestCaseExecutor.doExecute(TestCaseExecutor.java:439)
	at com.kms.katalon.core.main.TestCaseExecutor.processExecutionPhase(TestCaseExecutor.java:418)
	at com.kms.katalon.core.main.TestCaseExecutor.accessMainPhase(TestCaseExecutor.java:410)
	at com.kms.katalon.core.main.TestCaseExecutor.execute(TestCaseExecutor.java:285)
	at com.kms.katalon.core.common.CommonExecutor.accessTestCaseMainPhase(CommonExecutor.java:65)
	at com.kms.katalon.core.main.TestSuiteExecutor.accessTestSuiteMainPhase(TestSuiteExecutor.java:148)
	at com.kms.katalon.core.main.TestSuiteExecutor.execute(TestSuiteExecutor.java:106)
	at com.kms.katalon.core.main.TestCaseMain.startTestSuite(TestCaseMain.java:187)
	at com.kms.katalon.core.main.TestCaseMain$startTestSuite$0.call(Unknown Source)
	at TempTestSuite1700747757013.run(TempTestSuite1700747757013.groovy:36)
)
[[ATTACHMENT|C:\\Users\\ISSAM.RHARBAOUI\\git\\22_11\\ANEF-AutomatizationProject\\Reports\\20231123_145557\\TS_TNR_R.TSPT_Suppo90\\20231123_145557\\1700748556123.png]]

2023-11-23 15:09:16 - [TEST_STEP][PASSED] - delay(2): Delayed 2 second(s)

2023-11-23 15:09:16 - [MESSAGE][INFO] - Delaying browser in 2 second(s)

2023-11-23 15:09:18 - [MESSAGE][PASSED] - Delayed 2 second(s)

2023-11-23 15:09:18 - [TEST_STEP][PASSED] - if (verifyElementPresent(findTestObject("Object Repository/Page_InformationPersonnelles_Usager/CheckBox_DesEnfantsACharge_Non"), 1, OPTIONAL)): null

2023-11-23 15:09:18 - [MESSAGE][INFO] - Finding Test Object 'Object Repository/Page_InformationPersonnelles_Usager/CheckBox_DesEnfantsACharge_Non'

2023-11-23 15:09:18 - [MESSAGE][INFO] - Checking object

2023-11-23 15:09:18 - [MESSAGE][INFO] - Finding web element from Test Object's properties

2023-11-23 15:09:18 - [MESSAGE][INFO] - Checking timeout

2023-11-23 15:09:18 - [MESSAGE][INFO] - Finding web element with id: 'Object Repository/Page_InformationPersonnelles_Usager/CheckBox_DesEnfantsACharge_Non' located by 'By.xpath: //app-demande-ptsq//app-informations-personnelles-shared//app-has-enfants-charge//div//fieldset/div/div[2]/p-radiobutton/div/div[2]/span|//app-demande-visiteur//app-informations-personnelles-shared//app-has-enfants-charge/div/div/anef-input-radio/div/div/fieldset/div/div[2]/p-radiobutton/div/div[2]/span|//app-demande-ptch//app-informations-personnelles-shared//app-has-enfants-charge/div/div/anef-input-radio/div/div/fieldset/div/div[2]/p-radiobutton/div/div[2]/span|//div/app-has-enfants-charge/div/div/anef-input-radio/div/div/fieldset/div/div[2]/p-radiobutton/div/div[2]/span
' in '1' second(s)

2023-11-23 15:09:18 - [MESSAGE][INFO] - Smart Wait Function is triggered

2023-11-23 15:09:18 - [MESSAGE][INFO] - Found 1 web elements with id: 'Object Repository/Page_InformationPersonnelles_Usager/CheckBox_DesEnfantsACharge_Non' located by 'By.xpath: //app-demande-ptsq//app-informations-personnelles-shared//app-has-enfants-charge//div//fieldset/div/div[2]/p-radiobutton/div/div[2]/span|//app-demande-visiteur//app-informations-personnelles-shared//app-has-enfants-charge/div/div/anef-input-radio/div/div/fieldset/div/div[2]/p-radiobutton/div/div[2]/span|//app-demande-ptch//app-informations-personnelles-shared//app-has-enfants-charge/div/div/anef-input-radio/div/div/fieldset/div/div[2]/p-radiobutton/div/div[2]/span|//div/app-has-enfants-charge/div/div/anef-input-radio/div/div/fieldset/div/div[2]/p-radiobutton/div/div[2]/span
' in '1' second(s)

2023-11-23 15:09:18 - [MESSAGE][PASSED] - Object 'Object Repository/Page_InformationPersonnelles_Usager/CheckBox_DesEnfantsACharge_Non' is present

2023-11-23 15:09:18 - [TEST_STEP][PASSED] - check(findTestObject("Object Repository/Page_InformationPersonnelles_Usager/CheckBox_DesEnfantsACharge_Non"), OPTIONAL): Object 'Object Repository/Page_InformationPersonnelles_Usager/CheckBox_DesEnfantsACharge_Non' is checked

2023-11-23 15:09:18 - [MESSAGE][INFO] - Finding Test Object 'Object Repository/Page_InformationPersonnelles_Usager/CheckBox_DesEnfantsACharge_Non'

2023-11-23 15:09:18 - [MESSAGE][INFO] - Checking object

2023-11-23 15:09:18 - [MESSAGE][INFO] - Finding web element from Test Object's properties

2023-11-23 15:09:18 - [MESSAGE][INFO] - Checking timeout

2023-11-23 15:09:18 - [MESSAGE][INFO] - Finding web element with id: 'Object Repository/Page_InformationPersonnelles_Usager/CheckBox_DesEnfantsACharge_Non' located by 'By.xpath: //app-demande-ptsq//app-informations-personnelles-shared//app-has-enfants-charge//div//fieldset/div/div[2]/p-radiobutton/div/div[2]/span|//app-demande-visiteur//app-informations-personnelles-shared//app-has-enfants-charge/div/div/anef-input-radio/div/div/fieldset/div/div[2]/p-radiobutton/div/div[2]/span|//app-demande-ptch//app-informations-personnelles-shared//app-has-enfants-charge/div/div/anef-input-radio/div/div/fieldset/div/div[2]/p-radiobutton/div/div[2]/span|//div/app-has-enfants-charge/div/div/anef-input-radio/div/div/fieldset/div/div[2]/p-radiobutton/div/div[2]/span
' in '5' second(s)

2023-11-23 15:09:18 - [MESSAGE][INFO] - Smart Wait Function is triggered

2023-11-23 15:09:18 - [MESSAGE][INFO] - Found 1 web elements with id: 'Object Repository/Page_InformationPersonnelles_Usager/CheckBox_DesEnfantsACharge_Non' located by 'By.xpath: //app-demande-ptsq//app-informations-personnelles-shared//app-has-enfants-charge//div//fieldset/div/div[2]/p-radiobutton/div/div[2]/span|//app-demande-visiteur//app-informations-personnelles-shared//app-has-enfants-charge/div/div/anef-input-radio/div/div/fieldset/div/div[2]/p-radiobutton/div/div[2]/span|//app-demande-ptch//app-informations-personnelles-shared//app-has-enfants-charge/div/div/anef-input-radio/div/div/fieldset/div/div[2]/p-radiobutton/div/div[2]/span|//div/app-has-enfants-charge/div/div/anef-input-radio/div/div/fieldset/div/div[2]/p-radiobutton/div/div[2]/span
' in '5' second(s)

2023-11-23 15:09:18 - [MESSAGE][INFO] - Checking on bject 'Object Repository/Page_InformationPersonnelles_Usager/CheckBox_DesEnfantsACharge_Non'

2023-11-23 15:09:20 - [MESSAGE][PASSED] - Object 'Object Repository/Page_InformationPersonnelles_Usager/CheckBox_DesEnfantsACharge_Non' is checked

2023-11-23 15:09:20 - [TEST_STEP][PASSED] - delay(2): Delayed 2 second(s)

2023-11-23 15:09:20 - [MESSAGE][INFO] - Delaying browser in 2 second(s)

2023-11-23 15:09:22 - [MESSAGE][PASSED] - Delayed 2 second(s)

2023-11-23 15:09:22 - [TEST_STEP][PASSED] - setText(findTestObject("Object Repository/Page_InformationPersonnelles_Usager/Input_AdresseUsager"), AdresseUsager): Text '3 rue des 3 moulins 77000 melun' is set on object 'Object Repository/Page_InformationPersonnelles_Usager/Input_AdresseUsager'

2023-11-23 15:09:22 - [MESSAGE][INFO] - Finding Test Object 'Object Repository/Page_InformationPersonnelles_Usager/Input_AdresseUsager'

2023-11-23 15:09:22 - [MESSAGE][INFO] - Checking timeout

2023-11-23 15:09:22 - [MESSAGE][INFO] - Finding web element with id: 'Object Repository/Page_InformationPersonnelles_Usager/Input_AdresseUsager' located by 'By.xpath: //app-informations-personnelles//app-adresse-etalab//app-vls-ts-etalab//div/input|//app-informations-personnelles-shared//app-adresse-etalab//app-vls-ts-etalab//div/input' in '20' second(s)

2023-11-23 15:09:22 - [MESSAGE][INFO] - Smart Wait Function is triggered

2023-11-23 15:09:22 - [MESSAGE][INFO] - Found 1 web elements with id: 'Object Repository/Page_InformationPersonnelles_Usager/Input_AdresseUsager' located by 'By.xpath: //app-informations-personnelles//app-adresse-etalab//app-vls-ts-etalab//div/input|//app-informations-personnelles-shared//app-adresse-etalab//app-vls-ts-etalab//div/input' in '20' second(s)

2023-11-23 15:09:22 - [MESSAGE][INFO] - Checking object

2023-11-23 15:09:22 - [MESSAGE][INFO] - Checking text

2023-11-23 15:09:22 - [MESSAGE][INFO] - Finding web element from Test Object's properties

2023-11-23 15:09:22 - [MESSAGE][INFO] - Checking timeout

2023-11-23 15:09:22 - [MESSAGE][INFO] - Finding web element with id: 'Object Repository/Page_InformationPersonnelles_Usager/Input_AdresseUsager' located by 'By.xpath: //app-informations-personnelles//app-adresse-etalab//app-vls-ts-etalab//div/input|//app-informations-personnelles-shared//app-adresse-etalab//app-vls-ts-etalab//div/input' in '5' second(s)

2023-11-23 15:09:22 - [MESSAGE][INFO] - Smart Wait Function is triggered

2023-11-23 15:09:22 - [MESSAGE][INFO] - Found 1 web elements with id: 'Object Repository/Page_InformationPersonnelles_Usager/Input_AdresseUsager' located by 'By.xpath: //app-informations-personnelles//app-adresse-etalab//app-vls-ts-etalab//div/input|//app-informations-personnelles-shared//app-adresse-etalab//app-vls-ts-etalab//div/input' in '5' second(s)

2023-11-23 15:09:22 - [MESSAGE][INFO] - Clearing text of object 'Object Repository/Page_InformationPersonnelles_Usager/Input_AdresseUsager'

2023-11-23 15:09:24 - [MESSAGE][INFO] - Finding web element from Test Object's properties

2023-11-23 15:09:24 - [MESSAGE][INFO] - Checking timeout

2023-11-23 15:09:24 - [MESSAGE][INFO] - Finding web element with id: 'Object Repository/Page_InformationPersonnelles_Usager/Input_AdresseUsager' located by 'By.xpath: //app-informations-personnelles//app-adresse-etalab//app-vls-ts-etalab//div/input|//app-informations-personnelles-shared//app-adresse-etalab//app-vls-ts-etalab//div/input' in '5' second(s)

2023-11-23 15:09:24 - [MESSAGE][INFO] - Smart Wait Function is triggered

2023-11-23 15:09:24 - [MESSAGE][INFO] - Found 1 web elements with id: 'Object Repository/Page_InformationPersonnelles_Usager/Input_AdresseUsager' located by 'By.xpath: //app-informations-personnelles//app-adresse-etalab//app-vls-ts-etalab//div/input|//app-informations-personnelles-shared//app-adresse-etalab//app-vls-ts-etalab//div/input' in '5' second(s)

2023-11-23 15:09:24 - [MESSAGE][INFO] - Setting text of object 'Object Repository/Page_InformationPersonnelles_Usager/Input_AdresseUsager' to value '3 rue des 3 moulins 77000 melun'

2023-11-23 15:09:28 - [MESSAGE][PASSED] - Text '3 rue des 3 moulins 77000 melun' is set on object 'Object Repository/Page_InformationPersonnelles_Usager/Input_AdresseUsager'

2023-11-23 15:09:28 - [TEST_STEP][PASSED] - delay(2): Delayed 2 second(s)

2023-11-23 15:09:28 - [MESSAGE][INFO] - Delaying browser in 2 second(s)

2023-11-23 15:09:30 - [MESSAGE][PASSED] - Delayed 2 second(s)

2023-11-23 15:09:30 - [TEST_STEP][PASSED] - setText(findTestObject("Object Repository/Page_InformationPersonnelles_Usager/Input_NumeroDeTelephone"), NumeroTelephoneUsager): Text '0911223345' is set on object 'Object Repository/Page_InformationPersonnelles_Usager/Input_NumeroDeTelephone'

2023-11-23 15:09:30 - [MESSAGE][INFO] - Finding Test Object 'Object Repository/Page_InformationPersonnelles_Usager/Input_NumeroDeTelephone'

2023-11-23 15:09:30 - [MESSAGE][INFO] - Checking timeout

2023-11-23 15:09:30 - [MESSAGE][INFO] - Finding web element with id: 'Object Repository/Page_InformationPersonnelles_Usager/Input_NumeroDeTelephone' located by 'By.xpath: //*[@aria-labelledby="TELEPHONE_PORTABLE-label"]' in '20' second(s)

2023-11-23 15:09:30 - [MESSAGE][INFO] - Smart Wait Function is triggered

2023-11-23 15:09:30 - [MESSAGE][INFO] - Found 1 web elements with id: 'Object Repository/Page_InformationPersonnelles_Usager/Input_NumeroDeTelephone' located by 'By.xpath: //*[@aria-labelledby="TELEPHONE_PORTABLE-label"]' in '20' second(s)

2023-11-23 15:09:30 - [MESSAGE][INFO] - Checking object

2023-11-23 15:09:30 - [MESSAGE][INFO] - Checking text

2023-11-23 15:09:30 - [MESSAGE][INFO] - Finding web element from Test Object's properties

2023-11-23 15:09:30 - [MESSAGE][INFO] - Checking timeout

2023-11-23 15:09:30 - [MESSAGE][INFO] - Finding web element with id: 'Object Repository/Page_InformationPersonnelles_Usager/Input_NumeroDeTelephone' located by 'By.xpath: //*[@aria-labelledby="TELEPHONE_PORTABLE-label"]' in '5' second(s)

2023-11-23 15:09:30 - [MESSAGE][INFO] - Smart Wait Function is triggered

2023-11-23 15:09:30 - [MESSAGE][INFO] - Found 1 web elements with id: 'Object Repository/Page_InformationPersonnelles_Usager/Input_NumeroDeTelephone' located by 'By.xpath: //*[@aria-labelledby="TELEPHONE_PORTABLE-label"]' in '5' second(s)

2023-11-23 15:09:30 - [MESSAGE][INFO] - Clearing text of object 'Object Repository/Page_InformationPersonnelles_Usager/Input_NumeroDeTelephone'

2023-11-23 15:09:32 - [MESSAGE][INFO] - Finding web element from Test Object's properties

2023-11-23 15:09:32 - [MESSAGE][INFO] - Checking timeout

2023-11-23 15:09:32 - [MESSAGE][INFO] - Finding web element with id: 'Object Repository/Page_InformationPersonnelles_Usager/Input_NumeroDeTelephone' located by 'By.xpath: //*[@aria-labelledby="TELEPHONE_PORTABLE-label"]' in '5' second(s)

2023-11-23 15:09:32 - [MESSAGE][INFO] - Smart Wait Function is triggered

2023-11-23 15:09:32 - [MESSAGE][INFO] - Found 1 web elements with id: 'Object Repository/Page_InformationPersonnelles_Usager/Input_NumeroDeTelephone' located by 'By.xpath: //*[@aria-labelledby="TELEPHONE_PORTABLE-label"]' in '5' second(s)

2023-11-23 15:09:32 - [MESSAGE][INFO] - Setting text of object 'Object Repository/Page_InformationPersonnelles_Usager/Input_NumeroDeTelephone' to value '0911223345'

2023-11-23 15:09:34 - [MESSAGE][PASSED] - Text '0911223345' is set on object 'Object Repository/Page_InformationPersonnelles_Usager/Input_NumeroDeTelephone'

2023-11-23 15:09:34 - [TEST_STEP][PASSED] - click(findTestObject("Object Repository/Page_DemarcheRenouvellement/btn_EnregistrerEtPoursuivre")): Object: 'Object Repository/Page_DemarcheRenouvellement/btn_EnregistrerEtPoursuivre' is clicked on

2023-11-23 15:09:34 - [MESSAGE][INFO] - Finding Test Object 'Object Repository/Page_DemarcheRenouvellement/btn_EnregistrerEtPoursuivre'

2023-11-23 15:09:34 - [MESSAGE][INFO] - Checking timeout

2023-11-23 15:09:34 - [MESSAGE][INFO] - Finding web element with id: 'Object Repository/Page_DemarcheRenouvellement/btn_EnregistrerEtPoursuivre' located by 'By.xpath: //span[text()='Enregistrer et poursuivre >']' in '20' second(s)

2023-11-23 15:09:34 - [MESSAGE][INFO] - Smart Wait Function is triggered

2023-11-23 15:09:34 - [MESSAGE][INFO] - Found 1 web elements with id: 'Object Repository/Page_DemarcheRenouvellement/btn_EnregistrerEtPoursuivre' located by 'By.xpath: //span[text()='Enregistrer et poursuivre >']' in '20' second(s)

2023-11-23 15:09:34 - [MESSAGE][INFO] - Checking object

2023-11-23 15:09:34 - [MESSAGE][INFO] - Checking timeout

2023-11-23 15:09:34 - [MESSAGE][INFO] - Finding web element from Test Object's properties

2023-11-23 15:09:34 - [MESSAGE][INFO] - Checking timeout

2023-11-23 15:09:34 - [MESSAGE][INFO] - Finding web element with id: 'Object Repository/Page_DemarcheRenouvellement/btn_EnregistrerEtPoursuivre' located by 'By.xpath: //span[text()='Enregistrer et poursuivre >']' in '5' second(s)

2023-11-23 15:09:34 - [MESSAGE][INFO] - Smart Wait Function is triggered

2023-11-23 15:09:35 - [MESSAGE][INFO] - Found 1 web elements with id: 'Object Repository/Page_DemarcheRenouvellement/btn_EnregistrerEtPoursuivre' located by 'By.xpath: //span[text()='Enregistrer et poursuivre >']' in '5' second(s)

2023-11-23 15:09:35 - [MESSAGE][INFO] - Clicking on object: 'Object Repository/Page_DemarcheRenouvellement/btn_EnregistrerEtPoursuivre'

2023-11-23 15:09:37 - [MESSAGE][PASSED] - Object: 'Object Repository/Page_DemarcheRenouvellement/btn_EnregistrerEtPoursuivre' is clicked on

2023-11-23 15:09:37 - [MESSAGE][PASSED] - Call Test Case 'Test Cases/Test Reutilisable/DemandeOuRenouvelle_TitreSejour/FormulaireInformationsPersonnelles' successfully

2023-11-23 15:09:37 - [TEST_STEP][PASSED] - callTestCase(findTestCase("Test Reutilisable/DemandeOuRenouvelle_TitreSejour/FormulaireMotifDeLaDemande"), ["TypeTitreDeSejour":TypeTitreDeSejour, "Titre":Titre], STOP_ON_FAILURE): Call Test Case 'Test Cases/Test Reutilisable/DemandeOuRenouvelle_TitreSejour/FormulaireMotifDeLaDemande' successfully

2023-11-23 15:09:37 - [MESSAGE][INFO] - Checking called Test Case

2023-11-23 15:09:37 - [MESSAGE][INFO] - Starting to call Test Case 'Test Cases/Test Reutilisable/DemandeOuRenouvelle_TitreSejour/FormulaireMotifDeLaDemande'

2023-11-23 15:09:37 - [TEST_CASE][PASSED] - Test Cases/Test Reutilisable/DemandeOuRenouvelle_TitreSejour/FormulaireMotifDeLaDemande: Test Cases/Test Reutilisable/DemandeOuRenouvelle_TitreSejour/FormulaireMotifDeLaDemande

2023-11-23 15:09:37 - [TEST_STEP][PASSED] - com.kazurayam.ksbackyard.HighlightElement.pandemic(): com.kazurayam.ksbackyard.HighlightElement.pandemic is PASSED

2023-11-23 15:09:37 - [MESSAGE][PASSED] - com.kazurayam.ksbackyard.HighlightElement.pandemic is PASSED

2023-11-23 15:09:37 - [TEST_STEP][PASSED] - if (TypeTitreDeSejour == "RenouvellementDeTitreSejour" && Titre == "Etudiant"): null

2023-11-23 15:09:37 - [TEST_STEP][PASSED] - if (TypeTitreDeSejour == "Visiteur" && Titre == "Etudiant" || TypeTitreDeSejour == "RenouvellementDeTitreSejour" && Titre == "Visiteur"): null

2023-11-23 15:09:37 - [TEST_STEP][PASSED] - if (TypeTitreDeSejour == "TS-PT-SalarieQualifie" && Titre == "Visiteur" || Titre == "Etudiant"): null

2023-11-23 15:09:37 - [TEST_STEP][PASSED] - if (TypeTitreDeSejour == "TS-PT-SalarieEntrepriseInnovante" && Titre == "Visiteur" || Titre == "Etudiant"): null

2023-11-23 15:09:37 - [TEST_STEP][PASSED] - if (TypeTitreDeSejour == "TS-PT-CarteBleueEuropeenne" && Titre == "Visiteur" || Titre == "Etudiant"): null

2023-11-23 15:09:37 - [TEST_STEP][PASSED] - if (TypeTitreDeSejour == "TS-PT-SalarieEnMission" && Titre == "Visiteur" || Titre == "Etudiant"): null

2023-11-23 15:09:37 - [TEST_STEP][PASSED] - if (TypeTitreDeSejour == "ChercheurEtChercheurEnMobilite" && Titre == "Visiteur" || Titre == "Etudiant"): null

2023-11-23 15:09:37 - [TEST_STEP][PASSED] - if (TypeTitreDeSejour == "FrenchTechVisaForInvestors" && Titre == "Visiteur" || Titre == "Etudiant"): null

2023-11-23 15:09:37 - [TEST_STEP][PASSED] - if (TypeTitreDeSejour == "CreateurDEntreprise" && Titre == "Visiteur" || TypeTitreDeSejour == "CreateurDEntreprise" && Titre == "Etudiant"): Object: 'Object Repository/Page_DemarcheRenouvellement/btn_EnregistrerEtPoursuivre' is clicked on

2023-11-23 15:09:37 - [TEST_STEP][PASSED] - click(findTestObject("Object Repository/Page_MotifDeLaDemande_Usager/CheckBox_DiplomeDeNiveauMaster_Non")): Object: 'Object Repository/Page_MotifDeLaDemande_Usager/CheckBox_DiplomeDeNiveauMaster_Non' is clicked on

2023-11-23 15:09:37 - [MESSAGE][INFO] - Finding Test Object 'Object Repository/Page_MotifDeLaDemande_Usager/CheckBox_DiplomeDeNiveauMaster_Non'

2023-11-23 15:09:37 - [MESSAGE][INFO] - Checking timeout

2023-11-23 15:09:37 - [MESSAGE][INFO] - Finding web element with id: 'Object Repository/Page_MotifDeLaDemande_Usager/CheckBox_DiplomeDeNiveauMaster_Non' located by 'By.xpath: //app-createur-entreprise//app-informations-relatives-qualification/div/div/div/anef-input-radio/div/div/fieldset/div/div[2]/p-radiobutton/div/div[2]/span' in '20' second(s)

2023-11-23 15:09:37 - [MESSAGE][INFO] - Smart Wait Function is triggered

2023-11-23 15:09:37 - [MESSAGE][INFO] - Found 1 web elements with id: 'Object Repository/Page_MotifDeLaDemande_Usager/CheckBox_DiplomeDeNiveauMaster_Non' located by 'By.xpath: //app-createur-entreprise//app-informations-relatives-qualification/div/div/div/anef-input-radio/div/div/fieldset/div/div[2]/p-radiobutton/div/div[2]/span' in '20' second(s)

2023-11-23 15:09:37 - [MESSAGE][INFO] - Checking object

2023-11-23 15:09:37 - [MESSAGE][INFO] - Checking timeout

2023-11-23 15:09:37 - [MESSAGE][INFO] - Finding web element from Test Object's properties

2023-11-23 15:09:37 - [MESSAGE][INFO] - Checking timeout

2023-11-23 15:09:37 - [MESSAGE][INFO] - Finding web element with id: 'Object Repository/Page_MotifDeLaDemande_Usager/CheckBox_DiplomeDeNiveauMaster_Non' located by 'By.xpath: //app-createur-entreprise//app-informations-relatives-qualification/div/div/div/anef-input-radio/div/div/fieldset/div/div[2]/p-radiobutton/div/div[2]/span' in '5' second(s)

2023-11-23 15:09:37 - [MESSAGE][INFO] - Smart Wait Function is triggered

2023-11-23 15:09:37 - [MESSAGE][INFO] - Found 1 web elements with id: 'Object Repository/Page_MotifDeLaDemande_Usager/CheckBox_DiplomeDeNiveauMaster_Non' located by 'By.xpath: //app-createur-entreprise//app-informations-relatives-qualification/div/div/div/anef-input-radio/div/div/fieldset/div/div[2]/p-radiobutton/div/div[2]/span' in '5' second(s)

2023-11-23 15:09:37 - [MESSAGE][INFO] - Clicking on object: 'Object Repository/Page_MotifDeLaDemande_Usager/CheckBox_DiplomeDeNiveauMaster_Non'

2023-11-23 15:09:39 - [MESSAGE][PASSED] - Object: 'Object Repository/Page_MotifDeLaDemande_Usager/CheckBox_DiplomeDeNiveauMaster_Non' is clicked on

2023-11-23 15:09:39 - [TEST_STEP][PASSED] - setText(findTestObject("Object Repository/Page_MotifDeLaDemande_Usager/input_NombreEntreprisesGerees"), "0"): Text '0' is set on object 'Object Repository/Page_MotifDeLaDemande_Usager/input_NombreEntreprisesGerees'

2023-11-23 15:09:39 - [MESSAGE][INFO] - Finding Test Object 'Object Repository/Page_MotifDeLaDemande_Usager/input_NombreEntreprisesGerees'

2023-11-23 15:09:39 - [MESSAGE][INFO] - Checking timeout

2023-11-23 15:09:39 - [MESSAGE][INFO] - Finding web element with id: 'Object Repository/Page_MotifDeLaDemande_Usager/input_NombreEntreprisesGerees' located by 'By.xpath: //app-motif-sejour-ptinv//app-createur-entreprise/div/app-indent-wrapper/app-experience-pro/div/div/anef-repeat-form/div/div/div[1]/div[1]/anef-input-text/div/div/div[1]/div/input' in '20' second(s)

2023-11-23 15:09:39 - [MESSAGE][INFO] - Smart Wait Function is triggered

2023-11-23 15:09:39 - [MESSAGE][INFO] - Found 1 web elements with id: 'Object Repository/Page_MotifDeLaDemande_Usager/input_NombreEntreprisesGerees' located by 'By.xpath: //app-motif-sejour-ptinv//app-createur-entreprise/div/app-indent-wrapper/app-experience-pro/div/div/anef-repeat-form/div/div/div[1]/div[1]/anef-input-text/div/div/div[1]/div/input' in '20' second(s)

2023-11-23 15:09:39 - [MESSAGE][INFO] - Checking object

2023-11-23 15:09:39 - [MESSAGE][INFO] - Checking text

2023-11-23 15:09:39 - [MESSAGE][INFO] - Finding web element from Test Object's properties

2023-11-23 15:09:39 - [MESSAGE][INFO] - Checking timeout

2023-11-23 15:09:39 - [MESSAGE][INFO] - Finding web element with id: 'Object Repository/Page_MotifDeLaDemande_Usager/input_NombreEntreprisesGerees' located by 'By.xpath: //app-motif-sejour-ptinv//app-createur-entreprise/div/app-indent-wrapper/app-experience-pro/div/div/anef-repeat-form/div/div/div[1]/div[1]/anef-input-text/div/div/div[1]/div/input' in '5' second(s)

2023-11-23 15:09:39 - [MESSAGE][INFO] - Smart Wait Function is triggered

2023-11-23 15:09:39 - [MESSAGE][INFO] - Found 1 web elements with id: 'Object Repository/Page_MotifDeLaDemande_Usager/input_NombreEntreprisesGerees' located by 'By.xpath: //app-motif-sejour-ptinv//app-createur-entreprise/div/app-indent-wrapper/app-experience-pro/div/div/anef-repeat-form/div/div/div[1]/div[1]/anef-input-text/div/div/div[1]/div/input' in '5' second(s)

2023-11-23 15:09:39 - [MESSAGE][INFO] - Clearing text of object 'Object Repository/Page_MotifDeLaDemande_Usager/input_NombreEntreprisesGerees'

2023-11-23 15:09:41 - [MESSAGE][INFO] - Finding web element from Test Object's properties

2023-11-23 15:09:41 - [MESSAGE][INFO] - Checking timeout

2023-11-23 15:09:41 - [MESSAGE][INFO] - Finding web element with id: 'Object Repository/Page_MotifDeLaDemande_Usager/input_NombreEntreprisesGerees' located by 'By.xpath: //app-motif-sejour-ptinv//app-createur-entreprise/div/app-indent-wrapper/app-experience-pro/div/div/anef-repeat-form/div/div/div[1]/div[1]/anef-input-text/div/div/div[1]/div/input' in '5' second(s)

2023-11-23 15:09:41 - [MESSAGE][INFO] - Smart Wait Function is triggered

2023-11-23 15:09:41 - [MESSAGE][INFO] - Found 1 web elements with id: 'Object Repository/Page_MotifDeLaDemande_Usager/input_NombreEntreprisesGerees' located by 'By.xpath: //app-motif-sejour-ptinv//app-createur-entreprise/div/app-indent-wrapper/app-experience-pro/div/div/anef-repeat-form/div/div/div[1]/div[1]/anef-input-text/div/div/div[1]/div/input' in '5' second(s)

2023-11-23 15:09:41 - [MESSAGE][INFO] - Setting text of object 'Object Repository/Page_MotifDeLaDemande_Usager/input_NombreEntreprisesGerees' to value '0'

2023-11-23 15:09:44 - [MESSAGE][PASSED] - Text '0' is set on object 'Object Repository/Page_MotifDeLaDemande_Usager/input_NombreEntreprisesGerees'

2023-11-23 15:09:44 - [TEST_STEP][PASSED] - delay(2): Delayed 2 second(s)

2023-11-23 15:09:44 - [MESSAGE][INFO] - Delaying browser in 2 second(s)

2023-11-23 15:09:46 - [MESSAGE][PASSED] - Delayed 2 second(s)

2023-11-23 15:09:46 - [TEST_STEP][PASSED] - click(findTestObject("Object Repository/Page_MotifDeLaDemande_Usager/btn_ConfirmerNombreEntreprises")): Object: 'Object Repository/Page_MotifDeLaDemande_Usager/btn_ConfirmerNombreEntreprises' is clicked on

2023-11-23 15:09:46 - [MESSAGE][INFO] - Finding Test Object 'Object Repository/Page_MotifDeLaDemande_Usager/btn_ConfirmerNombreEntreprises'

2023-11-23 15:09:46 - [MESSAGE][INFO] - Checking timeout

2023-11-23 15:09:46 - [MESSAGE][INFO] - Finding web element with id: 'Object Repository/Page_MotifDeLaDemande_Usager/btn_ConfirmerNombreEntreprises' located by 'By.xpath: //app-createur-entreprise//app-indent-wrapper/app-experience-pro/div/div/anef-repeat-form/div/div/div[2]/button/span' in '20' second(s)

2023-11-23 15:09:46 - [MESSAGE][INFO] - Smart Wait Function is triggered

2023-11-23 15:09:46 - [MESSAGE][INFO] - Found 1 web elements with id: 'Object Repository/Page_MotifDeLaDemande_Usager/btn_ConfirmerNombreEntreprises' located by 'By.xpath: //app-createur-entreprise//app-indent-wrapper/app-experience-pro/div/div/anef-repeat-form/div/div/div[2]/button/span' in '20' second(s)

2023-11-23 15:09:46 - [MESSAGE][INFO] - Checking object

2023-11-23 15:09:46 - [MESSAGE][INFO] - Checking timeout

2023-11-23 15:09:46 - [MESSAGE][INFO] - Finding web element from Test Object's properties

2023-11-23 15:09:46 - [MESSAGE][INFO] - Checking timeout

2023-11-23 15:09:46 - [MESSAGE][INFO] - Finding web element with id: 'Object Repository/Page_MotifDeLaDemande_Usager/btn_ConfirmerNombreEntreprises' located by 'By.xpath: //app-createur-entreprise//app-indent-wrapper/app-experience-pro/div/div/anef-repeat-form/div/div/div[2]/button/span' in '5' second(s)

2023-11-23 15:09:46 - [MESSAGE][INFO] - Smart Wait Function is triggered

2023-11-23 15:09:46 - [MESSAGE][INFO] - Found 1 web elements with id: 'Object Repository/Page_MotifDeLaDemande_Usager/btn_ConfirmerNombreEntreprises' located by 'By.xpath: //app-createur-entreprise//app-indent-wrapper/app-experience-pro/div/div/anef-repeat-form/div/div/div[2]/button/span' in '5' second(s)

2023-11-23 15:09:46 - [MESSAGE][INFO] - Clicking on object: 'Object Repository/Page_MotifDeLaDemande_Usager/btn_ConfirmerNombreEntreprises'

2023-11-23 15:09:48 - [MESSAGE][PASSED] - Object: 'Object Repository/Page_MotifDeLaDemande_Usager/btn_ConfirmerNombreEntreprises' is clicked on

2023-11-23 15:09:48 - [TEST_STEP][PASSED] - delay(2): Delayed 2 second(s)

2023-11-23 15:09:48 - [MESSAGE][INFO] - Delaying browser in 2 second(s)

2023-11-23 15:09:50 - [MESSAGE][PASSED] - Delayed 2 second(s)

2023-11-23 15:09:50 - [TEST_STEP][PASSED] - click(findTestObject("Object Repository/Page_MotifDeLaDemande_Usager/CheckBox_EntrepriseANumeroSiret")): Object: 'Object Repository/Page_MotifDeLaDemande_Usager/CheckBox_EntrepriseANumeroSiret' is clicked on

2023-11-23 15:09:50 - [MESSAGE][INFO] - Finding Test Object 'Object Repository/Page_MotifDeLaDemande_Usager/CheckBox_EntrepriseANumeroSiret'

2023-11-23 15:09:50 - [MESSAGE][INFO] - Checking timeout

2023-11-23 15:09:50 - [MESSAGE][INFO] - Finding web element with id: 'Object Repository/Page_MotifDeLaDemande_Usager/CheckBox_EntrepriseANumeroSiret' located by 'By.xpath: //app-createur-entreprise//app-informations-relatives-entreprise-creee/div/div/div[1]/div/div/p-radiobutton/div/div[2]/span' in '20' second(s)

2023-11-23 15:09:50 - [MESSAGE][INFO] - Smart Wait Function is triggered

2023-11-23 15:09:50 - [MESSAGE][INFO] - Found 1 web elements with id: 'Object Repository/Page_MotifDeLaDemande_Usager/CheckBox_EntrepriseANumeroSiret' located by 'By.xpath: //app-createur-entreprise//app-informations-relatives-entreprise-creee/div/div/div[1]/div/div/p-radiobutton/div/div[2]/span' in '20' second(s)

2023-11-23 15:09:50 - [MESSAGE][INFO] - Checking object

2023-11-23 15:09:50 - [MESSAGE][INFO] - Checking timeout

2023-11-23 15:09:50 - [MESSAGE][INFO] - Finding web element from Test Object's properties

2023-11-23 15:09:50 - [MESSAGE][INFO] - Checking timeout

2023-11-23 15:09:50 - [MESSAGE][INFO] - Finding web element with id: 'Object Repository/Page_MotifDeLaDemande_Usager/CheckBox_EntrepriseANumeroSiret' located by 'By.xpath: //app-createur-entreprise//app-informations-relatives-entreprise-creee/div/div/div[1]/div/div/p-radiobutton/div/div[2]/span' in '5' second(s)

2023-11-23 15:09:50 - [MESSAGE][INFO] - Smart Wait Function is triggered

2023-11-23 15:09:50 - [MESSAGE][INFO] - Found 1 web elements with id: 'Object Repository/Page_MotifDeLaDemande_Usager/CheckBox_EntrepriseANumeroSiret' located by 'By.xpath: //app-createur-entreprise//app-informations-relatives-entreprise-creee/div/div/div[1]/div/div/p-radiobutton/div/div[2]/span' in '5' second(s)

2023-11-23 15:09:50 - [MESSAGE][INFO] - Clicking on object: 'Object Repository/Page_MotifDeLaDemande_Usager/CheckBox_EntrepriseANumeroSiret'

2023-11-23 15:09:52 - [MESSAGE][PASSED] - Object: 'Object Repository/Page_MotifDeLaDemande_Usager/CheckBox_EntrepriseANumeroSiret' is clicked on

2023-11-23 15:09:52 - [TEST_STEP][PASSED] - setText(findTestObject("Object Repository/Page_MotifDeLaDemande_Usager/input_NumeroSiret"), "47976684200724"): Text '47976684200724' is set on object 'Object Repository/Page_MotifDeLaDemande_Usager/input_NumeroSiret'

2023-11-23 15:09:52 - [MESSAGE][INFO] - Finding Test Object 'Object Repository/Page_MotifDeLaDemande_Usager/input_NumeroSiret'

2023-11-23 15:09:52 - [MESSAGE][INFO] - Checking timeout

2023-11-23 15:09:52 - [MESSAGE][INFO] - Finding web element with id: 'Object Repository/Page_MotifDeLaDemande_Usager/input_NumeroSiret' located by 'By.xpath: //app-demande-ptinv//app-motif-sejour-ptinv//app-createur-entreprise/div/app-indent-wrapper/app-informations-relatives-entreprise-creee/div/div/div[2]/div[1]/div/anef-input-text/div/div/div[1]/div/input' in '20' second(s)

2023-11-23 15:09:52 - [MESSAGE][INFO] - Smart Wait Function is triggered

2023-11-23 15:09:52 - [MESSAGE][INFO] - Found 1 web elements with id: 'Object Repository/Page_MotifDeLaDemande_Usager/input_NumeroSiret' located by 'By.xpath: //app-demande-ptinv//app-motif-sejour-ptinv//app-createur-entreprise/div/app-indent-wrapper/app-informations-relatives-entreprise-creee/div/div/div[2]/div[1]/div/anef-input-text/div/div/div[1]/div/input' in '20' second(s)

2023-11-23 15:09:52 - [MESSAGE][INFO] - Checking object

2023-11-23 15:09:52 - [MESSAGE][INFO] - Checking text

2023-11-23 15:09:52 - [MESSAGE][INFO] - Finding web element from Test Object's properties

2023-11-23 15:09:52 - [MESSAGE][INFO] - Checking timeout

2023-11-23 15:09:52 - [MESSAGE][INFO] - Finding web element with id: 'Object Repository/Page_MotifDeLaDemande_Usager/input_NumeroSiret' located by 'By.xpath: //app-demande-ptinv//app-motif-sejour-ptinv//app-createur-entreprise/div/app-indent-wrapper/app-informations-relatives-entreprise-creee/div/div/div[2]/div[1]/div/anef-input-text/div/div/div[1]/div/input' in '5' second(s)

2023-11-23 15:09:52 - [MESSAGE][INFO] - Smart Wait Function is triggered

2023-11-23 15:09:52 - [MESSAGE][INFO] - Found 1 web elements with id: 'Object Repository/Page_MotifDeLaDemande_Usager/input_NumeroSiret' located by 'By.xpath: //app-demande-ptinv//app-motif-sejour-ptinv//app-createur-entreprise/div/app-indent-wrapper/app-informations-relatives-entreprise-creee/div/div/div[2]/div[1]/div/anef-input-text/div/div/div[1]/div/input' in '5' second(s)

2023-11-23 15:09:52 - [MESSAGE][INFO] - Clearing text of object 'Object Repository/Page_MotifDeLaDemande_Usager/input_NumeroSiret'

2023-11-23 15:09:54 - [MESSAGE][INFO] - Finding web element from Test Object's properties

2023-11-23 15:09:54 - [MESSAGE][INFO] - Checking timeout

2023-11-23 15:09:54 - [MESSAGE][INFO] - Finding web element with id: 'Object Repository/Page_MotifDeLaDemande_Usager/input_NumeroSiret' located by 'By.xpath: //app-demande-ptinv//app-motif-sejour-ptinv//app-createur-entreprise/div/app-indent-wrapper/app-informations-relatives-entreprise-creee/div/div/div[2]/div[1]/div/anef-input-text/div/div/div[1]/div/input' in '5' second(s)

2023-11-23 15:09:54 - [MESSAGE][INFO] - Smart Wait Function is triggered

2023-11-23 15:09:54 - [MESSAGE][INFO] - Found 1 web elements with id: 'Object Repository/Page_MotifDeLaDemande_Usager/input_NumeroSiret' located by 'By.xpath: //app-demande-ptinv//app-motif-sejour-ptinv//app-createur-entreprise/div/app-indent-wrapper/app-informations-relatives-entreprise-creee/div/div/div[2]/div[1]/div/anef-input-text/div/div/div[1]/div/input' in '5' second(s)

2023-11-23 15:09:54 - [MESSAGE][INFO] - Setting text of object 'Object Repository/Page_MotifDeLaDemande_Usager/input_NumeroSiret' to value '47976684200724'

2023-11-23 15:09:57 - [MESSAGE][PASSED] - Text '47976684200724' is set on object 'Object Repository/Page_MotifDeLaDemande_Usager/input_NumeroSiret'

2023-11-23 15:09:57 - [TEST_STEP][PASSED] - click(findTestObject("Object Repository/Page_MotifDeLaDemande_Usager/btn_ConfirmerNumeroSiret")): Object: 'Object Repository/Page_MotifDeLaDemande_Usager/btn_ConfirmerNumeroSiret' is clicked on

2023-11-23 15:09:57 - [MESSAGE][INFO] - Finding Test Object 'Object Repository/Page_MotifDeLaDemande_Usager/btn_ConfirmerNumeroSiret'

2023-11-23 15:09:57 - [MESSAGE][INFO] - Checking timeout

2023-11-23 15:09:57 - [MESSAGE][INFO] - Finding web element with id: 'Object Repository/Page_MotifDeLaDemande_Usager/btn_ConfirmerNumeroSiret' located by 'By.xpath: //app-demande-ptinv//app-motif-sejour-ptinv//app-createur-entreprise/div/app-indent-wrapper/app-informations-relatives-entreprise-creee/div/div/div[2]/div[2]/div/button' in '20' second(s)

2023-11-23 15:09:57 - [MESSAGE][INFO] - Smart Wait Function is triggered

2023-11-23 15:09:57 - [MESSAGE][INFO] - Found 1 web elements with id: 'Object Repository/Page_MotifDeLaDemande_Usager/btn_ConfirmerNumeroSiret' located by 'By.xpath: //app-demande-ptinv//app-motif-sejour-ptinv//app-createur-entreprise/div/app-indent-wrapper/app-informations-relatives-entreprise-creee/div/div/div[2]/div[2]/div/button' in '20' second(s)

2023-11-23 15:09:57 - [MESSAGE][INFO] - Checking object

2023-11-23 15:09:57 - [MESSAGE][INFO] - Checking timeout

2023-11-23 15:09:57 - [MESSAGE][INFO] - Finding web element from Test Object's properties

2023-11-23 15:09:57 - [MESSAGE][INFO] - Checking timeout

2023-11-23 15:09:57 - [MESSAGE][INFO] - Finding web element with id: 'Object Repository/Page_MotifDeLaDemande_Usager/btn_ConfirmerNumeroSiret' located by 'By.xpath: //app-demande-ptinv//app-motif-sejour-ptinv//app-createur-entreprise/div/app-indent-wrapper/app-informations-relatives-entreprise-creee/div/div/div[2]/div[2]/div/button' in '5' second(s)

2023-11-23 15:09:57 - [MESSAGE][INFO] - Smart Wait Function is triggered

2023-11-23 15:09:57 - [MESSAGE][INFO] - Found 1 web elements with id: 'Object Repository/Page_MotifDeLaDemande_Usager/btn_ConfirmerNumeroSiret' located by 'By.xpath: //app-demande-ptinv//app-motif-sejour-ptinv//app-createur-entreprise/div/app-indent-wrapper/app-informations-relatives-entreprise-creee/div/div/div[2]/div[2]/div/button' in '5' second(s)

2023-11-23 15:09:57 - [MESSAGE][INFO] - Clicking on object: 'Object Repository/Page_MotifDeLaDemande_Usager/btn_ConfirmerNumeroSiret'

2023-11-23 15:09:59 - [MESSAGE][PASSED] - Object: 'Object Repository/Page_MotifDeLaDemande_Usager/btn_ConfirmerNumeroSiret' is clicked on

2023-11-23 15:09:59 - [TEST_STEP][PASSED] - click(findTestObject("Object Repository/Page_MotifDeLaDemande_Usager/select_NatureDesActivites")): Object: 'Object Repository/Page_MotifDeLaDemande_Usager/select_NatureDesActivites' is clicked on

2023-11-23 15:09:59 - [MESSAGE][INFO] - Finding Test Object 'Object Repository/Page_MotifDeLaDemande_Usager/select_NatureDesActivites'

2023-11-23 15:09:59 - [MESSAGE][INFO] - Checking timeout

2023-11-23 15:09:59 - [MESSAGE][INFO] - Finding web element with id: 'Object Repository/Page_MotifDeLaDemande_Usager/select_NatureDesActivites' located by 'By.xpath: //*[@id="NATURE_ACTIVITE"]/div/div[4]' in '20' second(s)

2023-11-23 15:09:59 - [MESSAGE][INFO] - Smart Wait Function is triggered

2023-11-23 15:09:59 - [MESSAGE][INFO] - Found 1 web elements with id: 'Object Repository/Page_MotifDeLaDemande_Usager/select_NatureDesActivites' located by 'By.xpath: //*[@id="NATURE_ACTIVITE"]/div/div[4]' in '20' second(s)

2023-11-23 15:09:59 - [MESSAGE][INFO] - Checking object

2023-11-23 15:09:59 - [MESSAGE][INFO] - Checking timeout

2023-11-23 15:09:59 - [MESSAGE][INFO] - Finding web element from Test Object's properties

2023-11-23 15:09:59 - [MESSAGE][INFO] - Checking timeout

2023-11-23 15:09:59 - [MESSAGE][INFO] - Finding web element with id: 'Object Repository/Page_MotifDeLaDemande_Usager/select_NatureDesActivites' located by 'By.xpath: //*[@id="NATURE_ACTIVITE"]/div/div[4]' in '5' second(s)

2023-11-23 15:09:59 - [MESSAGE][INFO] - Smart Wait Function is triggered

2023-11-23 15:09:59 - [MESSAGE][INFO] - Found 1 web elements with id: 'Object Repository/Page_MotifDeLaDemande_Usager/select_NatureDesActivites' located by 'By.xpath: //*[@id="NATURE_ACTIVITE"]/div/div[4]' in '5' second(s)

2023-11-23 15:09:59 - [MESSAGE][INFO] - Clicking on object: 'Object Repository/Page_MotifDeLaDemande_Usager/select_NatureDesActivites'

2023-11-23 15:10:01 - [MESSAGE][PASSED] - Object: 'Object Repository/Page_MotifDeLaDemande_Usager/select_NatureDesActivites' is clicked on

2023-11-23 15:10:01 - [TEST_STEP][PASSED] - click(findTestObject("Object Repository/Page_MotifDeLaDemande_Usager/select_Value_NatureDesActivites")): Object: 'Object Repository/Page_MotifDeLaDemande_Usager/select_Value_NatureDesActivites' is clicked on

2023-11-23 15:10:01 - [MESSAGE][INFO] - Finding Test Object 'Object Repository/Page_MotifDeLaDemande_Usager/select_Value_NatureDesActivites'

2023-11-23 15:10:02 - [MESSAGE][INFO] - Checking timeout

2023-11-23 15:10:02 - [MESSAGE][INFO] - Finding web element with id: 'Object Repository/Page_MotifDeLaDemande_Usager/select_Value_NatureDesActivites' located by 'By.xpath: //*[@id="NATURE_ACTIVITE"]/div/div[5]/div/ul/p-dropdownitem[1]/li/span' in '20' second(s)

2023-11-23 15:10:02 - [MESSAGE][INFO] - Smart Wait Function is triggered

2023-11-23 15:10:02 - [MESSAGE][INFO] - Found 1 web elements with id: 'Object Repository/Page_MotifDeLaDemande_Usager/select_Value_NatureDesActivites' located by 'By.xpath: //*[@id="NATURE_ACTIVITE"]/div/div[5]/div/ul/p-dropdownitem[1]/li/span' in '20' second(s)

2023-11-23 15:10:02 - [MESSAGE][INFO] - Checking object

2023-11-23 15:10:02 - [MESSAGE][INFO] - Checking timeout

2023-11-23 15:10:02 - [MESSAGE][INFO] - Finding web element from Test Object's properties

2023-11-23 15:10:02 - [MESSAGE][INFO] - Checking timeout

2023-11-23 15:10:02 - [MESSAGE][INFO] - Finding web element with id: 'Object Repository/Page_MotifDeLaDemande_Usager/select_Value_NatureDesActivites' located by 'By.xpath: //*[@id="NATURE_ACTIVITE"]/div/div[5]/div/ul/p-dropdownitem[1]/li/span' in '5' second(s)

2023-11-23 15:10:02 - [MESSAGE][INFO] - Smart Wait Function is triggered

2023-11-23 15:10:02 - [MESSAGE][INFO] - Found 1 web elements with id: 'Object Repository/Page_MotifDeLaDemande_Usager/select_Value_NatureDesActivites' located by 'By.xpath: //*[@id="NATURE_ACTIVITE"]/div/div[5]/div/ul/p-dropdownitem[1]/li/span' in '5' second(s)

2023-11-23 15:10:02 - [MESSAGE][INFO] - Clicking on object: 'Object Repository/Page_MotifDeLaDemande_Usager/select_Value_NatureDesActivites'

2023-11-23 15:10:04 - [MESSAGE][PASSED] - Object: 'Object Repository/Page_MotifDeLaDemande_Usager/select_Value_NatureDesActivites' is clicked on

2023-11-23 15:10:04 - [TEST_STEP][PASSED] - click(findTestObject("Object Repository/Page_MotifDeLaDemande_Usager/CheckBox_ActivitesSoumisesAutorisationExercice_Non")): Object: 'Object Repository/Page_MotifDeLaDemande_Usager/CheckBox_ActivitesSoumisesAutorisationExercice_Non' is clicked on

2023-11-23 15:10:04 - [MESSAGE][INFO] - Finding Test Object 'Object Repository/Page_MotifDeLaDemande_Usager/CheckBox_ActivitesSoumisesAutorisationExercice_Non'

2023-11-23 15:10:04 - [MESSAGE][INFO] - Checking timeout

2023-11-23 15:10:04 - [MESSAGE][INFO] - Finding web element with id: 'Object Repository/Page_MotifDeLaDemande_Usager/CheckBox_ActivitesSoumisesAutorisationExercice_Non' located by 'By.xpath: //app-createur-entreprise/div/app-indent-wrapper/app-informations-relatives-entreprise-creee/div/div/div[5]/div/anef-input-radio/div/div/fieldset/div/div[2]/p-radiobutton/div/div[2]/span' in '20' second(s)

2023-11-23 15:10:04 - [MESSAGE][INFO] - Smart Wait Function is triggered

2023-11-23 15:10:04 - [MESSAGE][INFO] - Found 1 web elements with id: 'Object Repository/Page_MotifDeLaDemande_Usager/CheckBox_ActivitesSoumisesAutorisationExercice_Non' located by 'By.xpath: //app-createur-entreprise/div/app-indent-wrapper/app-informations-relatives-entreprise-creee/div/div/div[5]/div/anef-input-radio/div/div/fieldset/div/div[2]/p-radiobutton/div/div[2]/span' in '20' second(s)

2023-11-23 15:10:04 - [MESSAGE][INFO] - Checking object

2023-11-23 15:10:04 - [MESSAGE][INFO] - Checking timeout

2023-11-23 15:10:04 - [MESSAGE][INFO] - Finding web element from Test Object's properties

2023-11-23 15:10:04 - [MESSAGE][INFO] - Checking timeout

2023-11-23 15:10:04 - [MESSAGE][INFO] - Finding web element with id: 'Object Repository/Page_MotifDeLaDemande_Usager/CheckBox_ActivitesSoumisesAutorisationExercice_Non' located by 'By.xpath: //app-createur-entreprise/div/app-indent-wrapper/app-informations-relatives-entreprise-creee/div/div/div[5]/div/anef-input-radio/div/div/fieldset/div/div[2]/p-radiobutton/div/div[2]/span' in '5' second(s)

2023-11-23 15:10:04 - [MESSAGE][INFO] - Smart Wait Function is triggered

2023-11-23 15:10:04 - [MESSAGE][INFO] - Found 1 web elements with id: 'Object Repository/Page_MotifDeLaDemande_Usager/CheckBox_ActivitesSoumisesAutorisationExercice_Non' located by 'By.xpath: //app-createur-entreprise/div/app-indent-wrapper/app-informations-relatives-entreprise-creee/div/div/div[5]/div/anef-input-radio/div/div/fieldset/div/div[2]/p-radiobutton/div/div[2]/span' in '5' second(s)

2023-11-23 15:10:04 - [MESSAGE][INFO] - Clicking on object: 'Object Repository/Page_MotifDeLaDemande_Usager/CheckBox_ActivitesSoumisesAutorisationExercice_Non'

2023-11-23 15:10:06 - [MESSAGE][PASSED] - Object: 'Object Repository/Page_MotifDeLaDemande_Usager/CheckBox_ActivitesSoumisesAutorisationExercice_Non' is clicked on

2023-11-23 15:10:06 - [TEST_STEP][PASSED] - setText(findTestObject("Object Repository/Page_MotifDeLaDemande_Usager/input_FonctionExerceeDansLaSociete"), "FonctionExerceeDansLaSociete"): Text 'FonctionExerceeDansLaSociete' is set on object 'Object Repository/Page_MotifDeLaDemande_Usager/input_FonctionExerceeDansLaSociete'

2023-11-23 15:10:06 - [MESSAGE][INFO] - Finding Test Object 'Object Repository/Page_MotifDeLaDemande_Usager/input_FonctionExerceeDansLaSociete'

2023-11-23 15:10:06 - [MESSAGE][INFO] - Checking timeout

2023-11-23 15:10:06 - [MESSAGE][INFO] - Finding web element with id: 'Object Repository/Page_MotifDeLaDemande_Usager/input_FonctionExerceeDansLaSociete' located by 'By.xpath: //app-demande-ptinv//app-motif-sejour-ptinv//div/app-createur-entreprise//app-informations-relatives-entreprise-creee/div/div/div[6]/div/anef-input-text/div/div/div[1]/div/input' in '20' second(s)

2023-11-23 15:10:06 - [MESSAGE][INFO] - Smart Wait Function is triggered

2023-11-23 15:10:06 - [MESSAGE][INFO] - Found 1 web elements with id: 'Object Repository/Page_MotifDeLaDemande_Usager/input_FonctionExerceeDansLaSociete' located by 'By.xpath: //app-demande-ptinv//app-motif-sejour-ptinv//div/app-createur-entreprise//app-informations-relatives-entreprise-creee/div/div/div[6]/div/anef-input-text/div/div/div[1]/div/input' in '20' second(s)

2023-11-23 15:10:06 - [MESSAGE][INFO] - Checking object

2023-11-23 15:10:06 - [MESSAGE][INFO] - Checking text

2023-11-23 15:10:06 - [MESSAGE][INFO] - Finding web element from Test Object's properties

2023-11-23 15:10:06 - [MESSAGE][INFO] - Checking timeout

2023-11-23 15:10:06 - [MESSAGE][INFO] - Finding web element with id: 'Object Repository/Page_MotifDeLaDemande_Usager/input_FonctionExerceeDansLaSociete' located by 'By.xpath: //app-demande-ptinv//app-motif-sejour-ptinv//div/app-createur-entreprise//app-informations-relatives-entreprise-creee/div/div/div[6]/div/anef-input-text/div/div/div[1]/div/input' in '5' second(s)

2023-11-23 15:10:06 - [MESSAGE][INFO] - Smart Wait Function is triggered

2023-11-23 15:10:06 - [MESSAGE][INFO] - Found 1 web elements with id: 'Object Repository/Page_MotifDeLaDemande_Usager/input_FonctionExerceeDansLaSociete' located by 'By.xpath: //app-demande-ptinv//app-motif-sejour-ptinv//div/app-createur-entreprise//app-informations-relatives-entreprise-creee/div/div/div[6]/div/anef-input-text/div/div/div[1]/div/input' in '5' second(s)

2023-11-23 15:10:06 - [MESSAGE][INFO] - Clearing text of object 'Object Repository/Page_MotifDeLaDemande_Usager/input_FonctionExerceeDansLaSociete'

2023-11-23 15:10:08 - [MESSAGE][INFO] - Finding web element from Test Object's properties

2023-11-23 15:10:08 - [MESSAGE][INFO] - Checking timeout

2023-11-23 15:10:08 - [MESSAGE][INFO] - Finding web element with id: 'Object Repository/Page_MotifDeLaDemande_Usager/input_FonctionExerceeDansLaSociete' located by 'By.xpath: //app-demande-ptinv//app-motif-sejour-ptinv//div/app-createur-entreprise//app-informations-relatives-entreprise-creee/div/div/div[6]/div/anef-input-text/div/div/div[1]/div/input' in '5' second(s)

2023-11-23 15:10:08 - [MESSAGE][INFO] - Smart Wait Function is triggered

2023-11-23 15:10:08 - [MESSAGE][INFO] - Found 1 web elements with id: 'Object Repository/Page_MotifDeLaDemande_Usager/input_FonctionExerceeDansLaSociete' located by 'By.xpath: //app-demande-ptinv//app-motif-sejour-ptinv//div/app-createur-entreprise//app-informations-relatives-entreprise-creee/div/div/div[6]/div/anef-input-text/div/div/div[1]/div/input' in '5' second(s)

2023-11-23 15:10:08 - [MESSAGE][INFO] - Setting text of object 'Object Repository/Page_MotifDeLaDemande_Usager/input_FonctionExerceeDansLaSociete' to value 'FonctionExerceeDansLaSociete'

2023-11-23 15:10:11 - [MESSAGE][PASSED] - Text 'FonctionExerceeDansLaSociete' is set on object 'Object Repository/Page_MotifDeLaDemande_Usager/input_FonctionExerceeDansLaSociete'

2023-11-23 15:10:11 - [TEST_STEP][PASSED] - click(findTestObject("Object Repository/Page_MotifDeLaDemande_Usager/CheckBox_MandateParSocieteAEtranger_Non")): Object: 'Object Repository/Page_MotifDeLaDemande_Usager/CheckBox_MandateParSocieteAEtranger_Non' is clicked on

2023-11-23 15:10:11 - [MESSAGE][INFO] - Finding Test Object 'Object Repository/Page_MotifDeLaDemande_Usager/CheckBox_MandateParSocieteAEtranger_Non'

2023-11-23 15:10:11 - [MESSAGE][INFO] - Checking timeout

2023-11-23 15:10:11 - [MESSAGE][INFO] - Finding web element with id: 'Object Repository/Page_MotifDeLaDemande_Usager/CheckBox_MandateParSocieteAEtranger_Non' located by 'By.xpath: //app-createur-entreprise//app-informations-relatives-entreprise-creee/div/div/div[7]/div/anef-input-radio/div/div/fieldset/div/div[2]/p-radiobutton/div/div[2]/span' in '20' second(s)

2023-11-23 15:10:11 - [MESSAGE][INFO] - Smart Wait Function is triggered

2023-11-23 15:10:11 - [MESSAGE][INFO] - Found 1 web elements with id: 'Object Repository/Page_MotifDeLaDemande_Usager/CheckBox_MandateParSocieteAEtranger_Non' located by 'By.xpath: //app-createur-entreprise//app-informations-relatives-entreprise-creee/div/div/div[7]/div/anef-input-radio/div/div/fieldset/div/div[2]/p-radiobutton/div/div[2]/span' in '20' second(s)

2023-11-23 15:10:11 - [MESSAGE][INFO] - Checking object

2023-11-23 15:10:11 - [MESSAGE][INFO] - Checking timeout

2023-11-23 15:10:11 - [MESSAGE][INFO] - Finding web element from Test Object's properties

2023-11-23 15:10:11 - [MESSAGE][INFO] - Checking timeout

2023-11-23 15:10:11 - [MESSAGE][INFO] - Finding web element with id: 'Object Repository/Page_MotifDeLaDemande_Usager/CheckBox_MandateParSocieteAEtranger_Non' located by 'By.xpath: //app-createur-entreprise//app-informations-relatives-entreprise-creee/div/div/div[7]/div/anef-input-radio/div/div/fieldset/div/div[2]/p-radiobutton/div/div[2]/span' in '5' second(s)

2023-11-23 15:10:11 - [MESSAGE][INFO] - Smart Wait Function is triggered

2023-11-23 15:10:11 - [MESSAGE][INFO] - Found 1 web elements with id: 'Object Repository/Page_MotifDeLaDemande_Usager/CheckBox_MandateParSocieteAEtranger_Non' located by 'By.xpath: //app-createur-entreprise//app-informations-relatives-entreprise-creee/div/div/div[7]/div/anef-input-radio/div/div/fieldset/div/div[2]/p-radiobutton/div/div[2]/span' in '5' second(s)

2023-11-23 15:10:11 - [MESSAGE][INFO] - Clicking on object: 'Object Repository/Page_MotifDeLaDemande_Usager/CheckBox_MandateParSocieteAEtranger_Non'

2023-11-23 15:10:14 - [MESSAGE][PASSED] - Object: 'Object Repository/Page_MotifDeLaDemande_Usager/CheckBox_MandateParSocieteAEtranger_Non' is clicked on

2023-11-23 15:10:14 - [TEST_STEP][PASSED] - "MOYENS FINANCIERS Ã DESTINATION DE L'ENTREPRISE CRÃÃE": null

2023-11-23 15:10:14 - [TEST_STEP][PASSED] - setText(findTestObject("Object Repository/Page_MotifDeLaDemande_Usager/input_NombreDeComptes"), "1"): Text '1' is set on object 'Object Repository/Page_MotifDeLaDemande_Usager/input_NombreDeComptes'

2023-11-23 15:10:14 - [MESSAGE][INFO] - Finding Test Object 'Object Repository/Page_MotifDeLaDemande_Usager/input_NombreDeComptes'

2023-11-23 15:10:14 - [MESSAGE][INFO] - Checking timeout

2023-11-23 15:10:14 - [MESSAGE][INFO] - Finding web element with id: 'Object Repository/Page_MotifDeLaDemande_Usager/input_NombreDeComptes' located by 'By.xpath: //app-demande-ptinv//app-motif-sejour-ptinv//app-createur-entreprise//app-indent-wrapper/app-moyens-financiers/div[2]/div/anef-repeat-form/div/div/div[1]/div[1]/anef-input-text/div/div/div[1]/div/input' in '20' second(s)

2023-11-23 15:10:14 - [MESSAGE][INFO] - Smart Wait Function is triggered

2023-11-23 15:10:14 - [MESSAGE][INFO] - Found 1 web elements with id: 'Object Repository/Page_MotifDeLaDemande_Usager/input_NombreDeComptes' located by 'By.xpath: //app-demande-ptinv//app-motif-sejour-ptinv//app-createur-entreprise//app-indent-wrapper/app-moyens-financiers/div[2]/div/anef-repeat-form/div/div/div[1]/div[1]/anef-input-text/div/div/div[1]/div/input' in '20' second(s)

2023-11-23 15:10:14 - [MESSAGE][INFO] - Checking object

2023-11-23 15:10:14 - [MESSAGE][INFO] - Checking text

2023-11-23 15:10:14 - [MESSAGE][INFO] - Finding web element from Test Object's properties

2023-11-23 15:10:14 - [MESSAGE][INFO] - Checking timeout

2023-11-23 15:10:14 - [MESSAGE][INFO] - Finding web element with id: 'Object Repository/Page_MotifDeLaDemande_Usager/input_NombreDeComptes' located by 'By.xpath: //app-demande-ptinv//app-motif-sejour-ptinv//app-createur-entreprise//app-indent-wrapper/app-moyens-financiers/div[2]/div/anef-repeat-form/div/div/div[1]/div[1]/anef-input-text/div/div/div[1]/div/input' in '5' second(s)

2023-11-23 15:10:14 - [MESSAGE][INFO] - Smart Wait Function is triggered

2023-11-23 15:10:14 - [MESSAGE][INFO] - Found 1 web elements with id: 'Object Repository/Page_MotifDeLaDemande_Usager/input_NombreDeComptes' located by 'By.xpath: //app-demande-ptinv//app-motif-sejour-ptinv//app-createur-entreprise//app-indent-wrapper/app-moyens-financiers/div[2]/div/anef-repeat-form/div/div/div[1]/div[1]/anef-input-text/div/div/div[1]/div/input' in '5' second(s)

2023-11-23 15:10:14 - [MESSAGE][INFO] - Clearing text of object 'Object Repository/Page_MotifDeLaDemande_Usager/input_NombreDeComptes'

2023-11-23 15:10:16 - [MESSAGE][INFO] - Finding web element from Test Object's properties

2023-11-23 15:10:16 - [MESSAGE][INFO] - Checking timeout

2023-11-23 15:10:16 - [MESSAGE][INFO] - Finding web element with id: 'Object Repository/Page_MotifDeLaDemande_Usager/input_NombreDeComptes' located by 'By.xpath: //app-demande-ptinv//app-motif-sejour-ptinv//app-createur-entreprise//app-indent-wrapper/app-moyens-financiers/div[2]/div/anef-repeat-form/div/div/div[1]/div[1]/anef-input-text/div/div/div[1]/div/input' in '5' second(s)

2023-11-23 15:10:16 - [MESSAGE][INFO] - Smart Wait Function is triggered

2023-11-23 15:10:16 - [MESSAGE][INFO] - Found 1 web elements with id: 'Object Repository/Page_MotifDeLaDemande_Usager/input_NombreDeComptes' located by 'By.xpath: //app-demande-ptinv//app-motif-sejour-ptinv//app-createur-entreprise//app-indent-wrapper/app-moyens-financiers/div[2]/div/anef-repeat-form/div/div/div[1]/div[1]/anef-input-text/div/div/div[1]/div/input' in '5' second(s)

2023-11-23 15:10:16 - [MESSAGE][INFO] - Setting text of object 'Object Repository/Page_MotifDeLaDemande_Usager/input_NombreDeComptes' to value '1'

2023-11-23 15:10:18 - [MESSAGE][PASSED] - Text '1' is set on object 'Object Repository/Page_MotifDeLaDemande_Usager/input_NombreDeComptes'

2023-11-23 15:10:18 - [TEST_STEP][PASSED] - click(findTestObject("Object Repository/Page_MotifDeLaDemande_Usager/btn_confirmerNombreDeComptes")): Object: 'Object Repository/Page_MotifDeLaDemande_Usager/btn_confirmerNombreDeComptes' is clicked on

2023-11-23 15:10:18 - [MESSAGE][INFO] - Finding Test Object 'Object Repository/Page_MotifDeLaDemande_Usager/btn_confirmerNombreDeComptes'

2023-11-23 15:10:18 - [MESSAGE][INFO] - Checking timeout

2023-11-23 15:10:18 - [MESSAGE][INFO] - Finding web element with id: 'Object Repository/Page_MotifDeLaDemande_Usager/btn_confirmerNombreDeComptes' located by 'By.xpath: //app-createur-entreprise//app-moyens-financiers/div[2]/div/anef-repeat-form/div/div/div[2]/button/span' in '20' second(s)

2023-11-23 15:10:18 - [MESSAGE][INFO] - Smart Wait Function is triggered

2023-11-23 15:10:18 - [MESSAGE][INFO] - Found 1 web elements with id: 'Object Repository/Page_MotifDeLaDemande_Usager/btn_confirmerNombreDeComptes' located by 'By.xpath: //app-createur-entreprise//app-moyens-financiers/div[2]/div/anef-repeat-form/div/div/div[2]/button/span' in '20' second(s)

2023-11-23 15:10:18 - [MESSAGE][INFO] - Checking object

2023-11-23 15:10:18 - [MESSAGE][INFO] - Checking timeout

2023-11-23 15:10:18 - [MESSAGE][INFO] - Finding web element from Test Object's properties

2023-11-23 15:10:18 - [MESSAGE][INFO] - Checking timeout

2023-11-23 15:10:18 - [MESSAGE][INFO] - Finding web element with id: 'Object Repository/Page_MotifDeLaDemande_Usager/btn_confirmerNombreDeComptes' located by 'By.xpath: //app-createur-entreprise//app-moyens-financiers/div[2]/div/anef-repeat-form/div/div/div[2]/button/span' in '5' second(s)

2023-11-23 15:10:18 - [MESSAGE][INFO] - Smart Wait Function is triggered

2023-11-23 15:10:18 - [MESSAGE][INFO] - Found 1 web elements with id: 'Object Repository/Page_MotifDeLaDemande_Usager/btn_confirmerNombreDeComptes' located by 'By.xpath: //app-createur-entreprise//app-moyens-financiers/div[2]/div/anef-repeat-form/div/div/div[2]/button/span' in '5' second(s)

2023-11-23 15:10:18 - [MESSAGE][INFO] - Clicking on object: 'Object Repository/Page_MotifDeLaDemande_Usager/btn_confirmerNombreDeComptes'

2023-11-23 15:10:20 - [MESSAGE][PASSED] - Object: 'Object Repository/Page_MotifDeLaDemande_Usager/btn_confirmerNombreDeComptes' is clicked on

2023-11-23 15:10:20 - [TEST_STEP][PASSED] - "Informations sur le compte": null

2023-11-23 15:10:20 - [TEST_STEP][PASSED] - click(findTestObject("Object Repository/Page_MotifDeLaDemande_Usager/select_NatureDuDepot")): Object: 'Object Repository/Page_MotifDeLaDemande_Usager/select_NatureDuDepot' is clicked on

2023-11-23 15:10:20 - [MESSAGE][INFO] - Finding Test Object 'Object Repository/Page_MotifDeLaDemande_Usager/select_NatureDuDepot'

2023-11-23 15:10:20 - [MESSAGE][INFO] - Checking timeout

2023-11-23 15:10:20 - [MESSAGE][INFO] - Finding web element with id: 'Object Repository/Page_MotifDeLaDemande_Usager/select_NatureDuDepot' located by 'By.xpath: //*[@id="NATURE_DEPOT0"]/div/div[4]/span' in '20' second(s)

2023-11-23 15:10:20 - [MESSAGE][INFO] - Smart Wait Function is triggered

2023-11-23 15:10:20 - [MESSAGE][INFO] - Found 1 web elements with id: 'Object Repository/Page_MotifDeLaDemande_Usager/select_NatureDuDepot' located by 'By.xpath: //*[@id="NATURE_DEPOT0"]/div/div[4]/span' in '20' second(s)

2023-11-23 15:10:20 - [MESSAGE][INFO] - Checking object

2023-11-23 15:10:20 - [MESSAGE][INFO] - Checking timeout

2023-11-23 15:10:20 - [MESSAGE][INFO] - Finding web element from Test Object's properties

2023-11-23 15:10:20 - [MESSAGE][INFO] - Checking timeout

2023-11-23 15:10:20 - [MESSAGE][INFO] - Finding web element with id: 'Object Repository/Page_MotifDeLaDemande_Usager/select_NatureDuDepot' located by 'By.xpath: //*[@id="NATURE_DEPOT0"]/div/div[4]/span' in '5' second(s)

2023-11-23 15:10:20 - [MESSAGE][INFO] - Smart Wait Function is triggered

2023-11-23 15:10:20 - [MESSAGE][INFO] - Found 1 web elements with id: 'Object Repository/Page_MotifDeLaDemande_Usager/select_NatureDuDepot' located by 'By.xpath: //*[@id="NATURE_DEPOT0"]/div/div[4]/span' in '5' second(s)

2023-11-23 15:10:20 - [MESSAGE][INFO] - Clicking on object: 'Object Repository/Page_MotifDeLaDemande_Usager/select_NatureDuDepot'

2023-11-23 15:10:22 - [MESSAGE][PASSED] - Object: 'Object Repository/Page_MotifDeLaDemande_Usager/select_NatureDuDepot' is clicked on

2023-11-23 15:10:22 - [TEST_STEP][PASSED] - click(findTestObject("Object Repository/Page_MotifDeLaDemande_Usager/select_Value_NatureDuDepot")): Object: 'Object Repository/Page_MotifDeLaDemande_Usager/select_Value_NatureDuDepot' is clicked on

2023-11-23 15:10:22 - [MESSAGE][INFO] - Finding Test Object 'Object Repository/Page_MotifDeLaDemande_Usager/select_Value_NatureDuDepot'

2023-11-23 15:10:23 - [MESSAGE][INFO] - Checking timeout

2023-11-23 15:10:23 - [MESSAGE][INFO] - Finding web element with id: 'Object Repository/Page_MotifDeLaDemande_Usager/select_Value_NatureDuDepot' located by 'By.xpath: //*[@id="NATURE_DEPOT0"]/div/div[5]/div/ul/p-dropdownitem[2]/li/span' in '20' second(s)

2023-11-23 15:10:23 - [MESSAGE][INFO] - Smart Wait Function is triggered

2023-11-23 15:10:23 - [MESSAGE][INFO] - Found 1 web elements with id: 'Object Repository/Page_MotifDeLaDemande_Usager/select_Value_NatureDuDepot' located by 'By.xpath: //*[@id="NATURE_DEPOT0"]/div/div[5]/div/ul/p-dropdownitem[2]/li/span' in '20' second(s)

2023-11-23 15:10:23 - [MESSAGE][INFO] - Checking object

2023-11-23 15:10:23 - [MESSAGE][INFO] - Checking timeout

2023-11-23 15:10:23 - [MESSAGE][INFO] - Finding web element from Test Object's properties

2023-11-23 15:10:23 - [MESSAGE][INFO] - Checking timeout

2023-11-23 15:10:23 - [MESSAGE][INFO] - Finding web element with id: 'Object Repository/Page_MotifDeLaDemande_Usager/select_Value_NatureDuDepot' located by 'By.xpath: //*[@id="NATURE_DEPOT0"]/div/div[5]/div/ul/p-dropdownitem[2]/li/span' in '5' second(s)

2023-11-23 15:10:23 - [MESSAGE][INFO] - Smart Wait Function is triggered

2023-11-23 15:10:23 - [MESSAGE][INFO] - Found 1 web elements with id: 'Object Repository/Page_MotifDeLaDemande_Usager/select_Value_NatureDuDepot' located by 'By.xpath: //*[@id="NATURE_DEPOT0"]/div/div[5]/div/ul/p-dropdownitem[2]/li/span' in '5' second(s)

2023-11-23 15:10:23 - [MESSAGE][INFO] - Clicking on object: 'Object Repository/Page_MotifDeLaDemande_Usager/select_Value_NatureDuDepot'

2023-11-23 15:10:25 - [MESSAGE][PASSED] - Object: 'Object Repository/Page_MotifDeLaDemande_Usager/select_Value_NatureDuDepot' is clicked on

2023-11-23 15:10:25 - [TEST_STEP][PASSED] - setText(findTestObject("Object Repository/Page_MotifDeLaDemande_Usager/input_Montant"), "300000"): Text '300000' is set on object 'Object Repository/Page_MotifDeLaDemande_Usager/input_Montant'

2023-11-23 15:10:25 - [MESSAGE][INFO] - Finding Test Object 'Object Repository/Page_MotifDeLaDemande_Usager/input_Montant'

2023-11-23 15:10:25 - [MESSAGE][INFO] - Checking timeout

2023-11-23 15:10:25 - [MESSAGE][INFO] - Finding web element with id: 'Object Repository/Page_MotifDeLaDemande_Usager/input_Montant' located by 'By.xpath: //app-demande-ptinv//app-motif-sejour-ptinv//app-createur-entreprise//app-moyens-financiers/div[2]/div/anef-repeat-form/div/div[2]/fieldset/app-moyens-financiers-compte/fieldset/div[2]/div/anef-input-text/div/div/div[1]/div/input' in '20' second(s)

2023-11-23 15:10:25 - [MESSAGE][INFO] - Smart Wait Function is triggered

2023-11-23 15:10:25 - [MESSAGE][INFO] - Found 1 web elements with id: 'Object Repository/Page_MotifDeLaDemande_Usager/input_Montant' located by 'By.xpath: //app-demande-ptinv//app-motif-sejour-ptinv//app-createur-entreprise//app-moyens-financiers/div[2]/div/anef-repeat-form/div/div[2]/fieldset/app-moyens-financiers-compte/fieldset/div[2]/div/anef-input-text/div/div/div[1]/div/input' in '20' second(s)

2023-11-23 15:10:25 - [MESSAGE][INFO] - Checking object

2023-11-23 15:10:25 - [MESSAGE][INFO] - Checking text

2023-11-23 15:10:25 - [MESSAGE][INFO] - Finding web element from Test Object's properties

2023-11-23 15:10:25 - [MESSAGE][INFO] - Checking timeout

2023-11-23 15:10:25 - [MESSAGE][INFO] - Finding web element with id: 'Object Repository/Page_MotifDeLaDemande_Usager/input_Montant' located by 'By.xpath: //app-demande-ptinv//app-motif-sejour-ptinv//app-createur-entreprise//app-moyens-financiers/div[2]/div/anef-repeat-form/div/div[2]/fieldset/app-moyens-financiers-compte/fieldset/div[2]/div/anef-input-text/div/div/div[1]/div/input' in '5' second(s)

2023-11-23 15:10:25 - [MESSAGE][INFO] - Smart Wait Function is triggered

2023-11-23 15:10:25 - [MESSAGE][INFO] - Found 1 web elements with id: 'Object Repository/Page_MotifDeLaDemande_Usager/input_Montant' located by 'By.xpath: //app-demande-ptinv//app-motif-sejour-ptinv//app-createur-entreprise//app-moyens-financiers/div[2]/div/anef-repeat-form/div/div[2]/fieldset/app-moyens-financiers-compte/fieldset/div[2]/div/anef-input-text/div/div/div[1]/div/input' in '5' second(s)

2023-11-23 15:10:25 - [MESSAGE][INFO] - Clearing text of object 'Object Repository/Page_MotifDeLaDemande_Usager/input_Montant'

2023-11-23 15:10:27 - [MESSAGE][INFO] - Finding web element from Test Object's properties

2023-11-23 15:10:27 - [MESSAGE][INFO] - Checking timeout

2023-11-23 15:10:27 - [MESSAGE][INFO] - Finding web element with id: 'Object Repository/Page_MotifDeLaDemande_Usager/input_Montant' located by 'By.xpath: //app-demande-ptinv//app-motif-sejour-ptinv//app-createur-entreprise//app-moyens-financiers/div[2]/div/anef-repeat-form/div/div[2]/fieldset/app-moyens-financiers-compte/fieldset/div[2]/div/anef-input-text/div/div/div[1]/div/input' in '5' second(s)

2023-11-23 15:10:27 - [MESSAGE][INFO] - Smart Wait Function is triggered

2023-11-23 15:10:27 - [MESSAGE][INFO] - Found 1 web elements with id: 'Object Repository/Page_MotifDeLaDemande_Usager/input_Montant' located by 'By.xpath: //app-demande-ptinv//app-motif-sejour-ptinv//app-createur-entreprise//app-moyens-financiers/div[2]/div/anef-repeat-form/div/div[2]/fieldset/app-moyens-financiers-compte/fieldset/div[2]/div/anef-input-text/div/div/div[1]/div/input' in '5' second(s)

2023-11-23 15:10:27 - [MESSAGE][INFO] - Setting text of object 'Object Repository/Page_MotifDeLaDemande_Usager/input_Montant' to value '300000'

2023-11-23 15:10:29 - [MESSAGE][PASSED] - Text '300000' is set on object 'Object Repository/Page_MotifDeLaDemande_Usager/input_Montant'

2023-11-23 15:10:29 - [TEST_STEP][PASSED] - setText(findTestObject("Object Repository/Page_MotifDeLaDemande_Usager/input_DenominationDeOrganismetenantCompte"), "DenominationDeOrganismetenantCompte"): Text 'DenominationDeOrganismetenantCompte' is set on object 'Object Repository/Page_MotifDeLaDemande_Usager/input_DenominationDeOrganismetenantCompte'

2023-11-23 15:10:29 - [MESSAGE][INFO] - Finding Test Object 'Object Repository/Page_MotifDeLaDemande_Usager/input_DenominationDeOrganismetenantCompte'

2023-11-23 15:10:29 - [MESSAGE][INFO] - Checking timeout

2023-11-23 15:10:29 - [MESSAGE][INFO] - Finding web element with id: 'Object Repository/Page_MotifDeLaDemande_Usager/input_DenominationDeOrganismetenantCompte' located by 'By.xpath: //app-motif-sejour-ptinv//app-createur-entreprise//app-moyens-financiers/div[2]/div/anef-repeat-form/div/div[2]/fieldset/app-moyens-financiers-compte/fieldset/div[3]/div/anef-input-text/div/div/div[1]/div/input' in '20' second(s)

2023-11-23 15:10:29 - [MESSAGE][INFO] - Smart Wait Function is triggered

2023-11-23 15:10:29 - [MESSAGE][INFO] - Found 1 web elements with id: 'Object Repository/Page_MotifDeLaDemande_Usager/input_DenominationDeOrganismetenantCompte' located by 'By.xpath: //app-motif-sejour-ptinv//app-createur-entreprise//app-moyens-financiers/div[2]/div/anef-repeat-form/div/div[2]/fieldset/app-moyens-financiers-compte/fieldset/div[3]/div/anef-input-text/div/div/div[1]/div/input' in '20' second(s)

2023-11-23 15:10:29 - [MESSAGE][INFO] - Checking object

2023-11-23 15:10:29 - [MESSAGE][INFO] - Checking text

2023-11-23 15:10:29 - [MESSAGE][INFO] - Finding web element from Test Object's properties

2023-11-23 15:10:29 - [MESSAGE][INFO] - Checking timeout

2023-11-23 15:10:29 - [MESSAGE][INFO] - Finding web element with id: 'Object Repository/Page_MotifDeLaDemande_Usager/input_DenominationDeOrganismetenantCompte' located by 'By.xpath: //app-motif-sejour-ptinv//app-createur-entreprise//app-moyens-financiers/div[2]/div/anef-repeat-form/div/div[2]/fieldset/app-moyens-financiers-compte/fieldset/div[3]/div/anef-input-text/div/div/div[1]/div/input' in '5' second(s)

2023-11-23 15:10:29 - [MESSAGE][INFO] - Smart Wait Function is triggered

2023-11-23 15:10:29 - [MESSAGE][INFO] - Found 1 web elements with id: 'Object Repository/Page_MotifDeLaDemande_Usager/input_DenominationDeOrganismetenantCompte' located by 'By.xpath: //app-motif-sejour-ptinv//app-createur-entreprise//app-moyens-financiers/div[2]/div/anef-repeat-form/div/div[2]/fieldset/app-moyens-financiers-compte/fieldset/div[3]/div/anef-input-text/div/div/div[1]/div/input' in '5' second(s)

2023-11-23 15:10:29 - [MESSAGE][INFO] - Clearing text of object 'Object Repository/Page_MotifDeLaDemande_Usager/input_DenominationDeOrganismetenantCompte'

2023-11-23 15:10:31 - [MESSAGE][INFO] - Finding web element from Test Object's properties

2023-11-23 15:10:31 - [MESSAGE][INFO] - Checking timeout

2023-11-23 15:10:31 - [MESSAGE][INFO] - Finding web element with id: 'Object Repository/Page_MotifDeLaDemande_Usager/input_DenominationDeOrganismetenantCompte' located by 'By.xpath: //app-motif-sejour-ptinv//app-createur-entreprise//app-moyens-financiers/div[2]/div/anef-repeat-form/div/div[2]/fieldset/app-moyens-financiers-compte/fieldset/div[3]/div/anef-input-text/div/div/div[1]/div/input' in '5' second(s)

2023-11-23 15:10:31 - [MESSAGE][INFO] - Smart Wait Function is triggered

2023-11-23 15:10:31 - [MESSAGE][INFO] - Found 1 web elements with id: 'Object Repository/Page_MotifDeLaDemande_Usager/input_DenominationDeOrganismetenantCompte' located by 'By.xpath: //app-motif-sejour-ptinv//app-createur-entreprise//app-moyens-financiers/div[2]/div/anef-repeat-form/div/div[2]/fieldset/app-moyens-financiers-compte/fieldset/div[3]/div/anef-input-text/div/div/div[1]/div/input' in '5' second(s)

2023-11-23 15:10:31 - [MESSAGE][INFO] - Setting text of object 'Object Repository/Page_MotifDeLaDemande_Usager/input_DenominationDeOrganismetenantCompte' to value 'DenominationDeOrganismetenantCompte'

2023-11-23 15:10:35 - [MESSAGE][PASSED] - Text 'DenominationDeOrganismetenantCompte' is set on object 'Object Repository/Page_MotifDeLaDemande_Usager/input_DenominationDeOrganismetenantCompte'

2023-11-23 15:10:35 - [TEST_STEP][PASSED] - setText(findTestObject("Object Repository/Page_MotifDeLaDemande_Usager/input_AdresseOrganismeTenantCompte"), "AdresseOrganismeTenantCompte"): Text 'AdresseOrganismeTenantCompte' is set on object 'Object Repository/Page_MotifDeLaDemande_Usager/input_AdresseOrganismeTenantCompte'

2023-11-23 15:10:35 - [MESSAGE][INFO] - Finding Test Object 'Object Repository/Page_MotifDeLaDemande_Usager/input_AdresseOrganismeTenantCompte'

2023-11-23 15:10:35 - [MESSAGE][INFO] - Checking timeout

2023-11-23 15:10:35 - [MESSAGE][INFO] - Finding web element with id: 'Object Repository/Page_MotifDeLaDemande_Usager/input_AdresseOrganismeTenantCompte' located by 'By.xpath: //app-motif-sejour-ptinv//app-createur-entreprise//app-indent-wrapper/app-moyens-financiers/div[2]/div/anef-repeat-form/div/div[2]/fieldset/app-moyens-financiers-compte/fieldset/div[4]/div/anef-input-text/div/div/div[1]/div/input' in '20' second(s)

2023-11-23 15:10:35 - [MESSAGE][INFO] - Smart Wait Function is triggered

2023-11-23 15:10:35 - [MESSAGE][INFO] - Found 1 web elements with id: 'Object Repository/Page_MotifDeLaDemande_Usager/input_AdresseOrganismeTenantCompte' located by 'By.xpath: //app-motif-sejour-ptinv//app-createur-entreprise//app-indent-wrapper/app-moyens-financiers/div[2]/div/anef-repeat-form/div/div[2]/fieldset/app-moyens-financiers-compte/fieldset/div[4]/div/anef-input-text/div/div/div[1]/div/input' in '20' second(s)

2023-11-23 15:10:35 - [MESSAGE][INFO] - Checking object

2023-11-23 15:10:35 - [MESSAGE][INFO] - Checking text

2023-11-23 15:10:35 - [MESSAGE][INFO] - Finding web element from Test Object's properties

2023-11-23 15:10:35 - [MESSAGE][INFO] - Checking timeout

2023-11-23 15:10:35 - [MESSAGE][INFO] - Finding web element with id: 'Object Repository/Page_MotifDeLaDemande_Usager/input_AdresseOrganismeTenantCompte' located by 'By.xpath: //app-motif-sejour-ptinv//app-createur-entreprise//app-indent-wrapper/app-moyens-financiers/div[2]/div/anef-repeat-form/div/div[2]/fieldset/app-moyens-financiers-compte/fieldset/div[4]/div/anef-input-text/div/div/div[1]/div/input' in '5' second(s)

2023-11-23 15:10:35 - [MESSAGE][INFO] - Smart Wait Function is triggered

2023-11-23 15:10:35 - [MESSAGE][INFO] - Found 1 web elements with id: 'Object Repository/Page_MotifDeLaDemande_Usager/input_AdresseOrganismeTenantCompte' located by 'By.xpath: //app-motif-sejour-ptinv//app-createur-entreprise//app-indent-wrapper/app-moyens-financiers/div[2]/div/anef-repeat-form/div/div[2]/fieldset/app-moyens-financiers-compte/fieldset/div[4]/div/anef-input-text/div/div/div[1]/div/input' in '5' second(s)

2023-11-23 15:10:35 - [MESSAGE][INFO] - Clearing text of object 'Object Repository/Page_MotifDeLaDemande_Usager/input_AdresseOrganismeTenantCompte'

2023-11-23 15:10:37 - [MESSAGE][INFO] - Finding web element from Test Object's properties

2023-11-23 15:10:37 - [MESSAGE][INFO] - Checking timeout

2023-11-23 15:10:37 - [MESSAGE][INFO] - Finding web element with id: 'Object Repository/Page_MotifDeLaDemande_Usager/input_AdresseOrganismeTenantCompte' located by 'By.xpath: //app-motif-sejour-ptinv//app-createur-entreprise//app-indent-wrapper/app-moyens-financiers/div[2]/div/anef-repeat-form/div/div[2]/fieldset/app-moyens-financiers-compte/fieldset/div[4]/div/anef-input-text/div/div/div[1]/div/input' in '5' second(s)

2023-11-23 15:10:37 - [MESSAGE][INFO] - Smart Wait Function is triggered

2023-11-23 15:10:37 - [MESSAGE][INFO] - Found 1 web elements with id: 'Object Repository/Page_MotifDeLaDemande_Usager/input_AdresseOrganismeTenantCompte' located by 'By.xpath: //app-motif-sejour-ptinv//app-createur-entreprise//app-indent-wrapper/app-moyens-financiers/div[2]/div/anef-repeat-form/div/div[2]/fieldset/app-moyens-financiers-compte/fieldset/div[4]/div/anef-input-text/div/div/div[1]/div/input' in '5' second(s)

2023-11-23 15:10:37 - [MESSAGE][INFO] - Setting text of object 'Object Repository/Page_MotifDeLaDemande_Usager/input_AdresseOrganismeTenantCompte' to value 'AdresseOrganismeTenantCompte'

2023-11-23 15:10:40 - [MESSAGE][PASSED] - Text 'AdresseOrganismeTenantCompte' is set on object 'Object Repository/Page_MotifDeLaDemande_Usager/input_AdresseOrganismeTenantCompte'

2023-11-23 15:10:40 - [TEST_STEP][PASSED] - setText(findTestObject("Object Repository/Page_MotifDeLaDemande_Usager/input_NumeroDuCompte"), "NumeroDuCompte"): Text 'NumeroDuCompte' is set on object 'Object Repository/Page_MotifDeLaDemande_Usager/input_NumeroDuCompte'

2023-11-23 15:10:40 - [MESSAGE][INFO] - Finding Test Object 'Object Repository/Page_MotifDeLaDemande_Usager/input_NumeroDuCompte'

2023-11-23 15:10:40 - [MESSAGE][INFO] - Checking timeout

2023-11-23 15:10:40 - [MESSAGE][INFO] - Finding web element with id: 'Object Repository/Page_MotifDeLaDemande_Usager/input_NumeroDuCompte' located by 'By.xpath: //app-motif-sejour-ptinv//app-createur-entreprise//app-indent-wrapper/app-moyens-financiers/div[2]/div/anef-repeat-form/div/div[2]/fieldset/app-moyens-financiers-compte/fieldset/div[5]/div/anef-input-text/div/div/div[1]/div/input' in '20' second(s)

2023-11-23 15:10:40 - [MESSAGE][INFO] - Smart Wait Function is triggered

2023-11-23 15:10:40 - [MESSAGE][INFO] - Found 1 web elements with id: 'Object Repository/Page_MotifDeLaDemande_Usager/input_NumeroDuCompte' located by 'By.xpath: //app-motif-sejour-ptinv//app-createur-entreprise//app-indent-wrapper/app-moyens-financiers/div[2]/div/anef-repeat-form/div/div[2]/fieldset/app-moyens-financiers-compte/fieldset/div[5]/div/anef-input-text/div/div/div[1]/div/input' in '20' second(s)

2023-11-23 15:10:40 - [MESSAGE][INFO] - Checking object

2023-11-23 15:10:40 - [MESSAGE][INFO] - Checking text

2023-11-23 15:10:40 - [MESSAGE][INFO] - Finding web element from Test Object's properties

2023-11-23 15:10:40 - [MESSAGE][INFO] - Checking timeout

2023-11-23 15:10:40 - [MESSAGE][INFO] - Finding web element with id: 'Object Repository/Page_MotifDeLaDemande_Usager/input_NumeroDuCompte' located by 'By.xpath: //app-motif-sejour-ptinv//app-createur-entreprise//app-indent-wrapper/app-moyens-financiers/div[2]/div/anef-repeat-form/div/div[2]/fieldset/app-moyens-financiers-compte/fieldset/div[5]/div/anef-input-text/div/div/div[1]/div/input' in '5' second(s)

2023-11-23 15:10:40 - [MESSAGE][INFO] - Smart Wait Function is triggered

2023-11-23 15:10:40 - [MESSAGE][INFO] - Found 1 web elements with id: 'Object Repository/Page_MotifDeLaDemande_Usager/input_NumeroDuCompte' located by 'By.xpath: //app-motif-sejour-ptinv//app-createur-entreprise//app-indent-wrapper/app-moyens-financiers/div[2]/div/anef-repeat-form/div/div[2]/fieldset/app-moyens-financiers-compte/fieldset/div[5]/div/anef-input-text/div/div/div[1]/div/input' in '5' second(s)

2023-11-23 15:10:40 - [MESSAGE][INFO] - Clearing text of object 'Object Repository/Page_MotifDeLaDemande_Usager/input_NumeroDuCompte'

2023-11-23 15:10:42 - [MESSAGE][INFO] - Finding web element from Test Object's properties

2023-11-23 15:10:42 - [MESSAGE][INFO] - Checking timeout

2023-11-23 15:10:42 - [MESSAGE][INFO] - Finding web element with id: 'Object Repository/Page_MotifDeLaDemande_Usager/input_NumeroDuCompte' located by 'By.xpath: //app-motif-sejour-ptinv//app-createur-entreprise//app-indent-wrapper/app-moyens-financiers/div[2]/div/anef-repeat-form/div/div[2]/fieldset/app-moyens-financiers-compte/fieldset/div[5]/div/anef-input-text/div/div/div[1]/div/input' in '5' second(s)

2023-11-23 15:10:42 - [MESSAGE][INFO] - Smart Wait Function is triggered

2023-11-23 15:10:42 - [MESSAGE][INFO] - Found 1 web elements with id: 'Object Repository/Page_MotifDeLaDemande_Usager/input_NumeroDuCompte' located by 'By.xpath: //app-motif-sejour-ptinv//app-createur-entreprise//app-indent-wrapper/app-moyens-financiers/div[2]/div/anef-repeat-form/div/div[2]/fieldset/app-moyens-financiers-compte/fieldset/div[5]/div/anef-input-text/div/div/div[1]/div/input' in '5' second(s)

2023-11-23 15:10:42 - [MESSAGE][INFO] - Setting text of object 'Object Repository/Page_MotifDeLaDemande_Usager/input_NumeroDuCompte' to value 'NumeroDuCompte'

2023-11-23 15:10:44 - [MESSAGE][PASSED] - Text 'NumeroDuCompte' is set on object 'Object Repository/Page_MotifDeLaDemande_Usager/input_NumeroDuCompte'

2023-11-23 15:10:44 - [TEST_STEP][PASSED] - click(findTestObject("Object Repository/Page_MotifDeLaDemande_Usager/select_RESSOURCES")): Object: 'Object Repository/Page_MotifDeLaDemande_Usager/select_RESSOURCES' is clicked on

2023-11-23 15:10:44 - [MESSAGE][INFO] - Finding Test Object 'Object Repository/Page_MotifDeLaDemande_Usager/select_RESSOURCES'

2023-11-23 15:10:45 - [MESSAGE][INFO] - Checking timeout

2023-11-23 15:10:45 - [MESSAGE][INFO] - Finding web element with id: 'Object Repository/Page_MotifDeLaDemande_Usager/select_RESSOURCES' located by 'By.xpath: //*[@id="ORIGINE"]/div/div[4]/span' in '20' second(s)

2023-11-23 15:10:45 - [MESSAGE][INFO] - Smart Wait Function is triggered

2023-11-23 15:10:45 - [MESSAGE][INFO] - Found 1 web elements with id: 'Object Repository/Page_MotifDeLaDemande_Usager/select_RESSOURCES' located by 'By.xpath: //*[@id="ORIGINE"]/div/div[4]/span' in '20' second(s)

2023-11-23 15:10:45 - [MESSAGE][INFO] - Checking object

2023-11-23 15:10:45 - [MESSAGE][INFO] - Checking timeout

2023-11-23 15:10:45 - [MESSAGE][INFO] - Finding web element from Test Object's properties

2023-11-23 15:10:45 - [MESSAGE][INFO] - Checking timeout

2023-11-23 15:10:45 - [MESSAGE][INFO] - Finding web element with id: 'Object Repository/Page_MotifDeLaDemande_Usager/select_RESSOURCES' located by 'By.xpath: //*[@id="ORIGINE"]/div/div[4]/span' in '5' second(s)

2023-11-23 15:10:45 - [MESSAGE][INFO] - Smart Wait Function is triggered

2023-11-23 15:10:45 - [MESSAGE][INFO] - Found 1 web elements with id: 'Object Repository/Page_MotifDeLaDemande_Usager/select_RESSOURCES' located by 'By.xpath: //*[@id="ORIGINE"]/div/div[4]/span' in '5' second(s)

2023-11-23 15:10:45 - [MESSAGE][INFO] - Clicking on object: 'Object Repository/Page_MotifDeLaDemande_Usager/select_RESSOURCES'

2023-11-23 15:10:47 - [MESSAGE][PASSED] - Object: 'Object Repository/Page_MotifDeLaDemande_Usager/select_RESSOURCES' is clicked on

2023-11-23 15:10:47 - [TEST_STEP][PASSED] - click(findTestObject("Object Repository/Page_MotifDeLaDemande_Usager/select_Value_RESSOURCES")): Object: 'Object Repository/Page_MotifDeLaDemande_Usager/select_Value_RESSOURCES' is clicked on

2023-11-23 15:10:47 - [MESSAGE][INFO] - Finding Test Object 'Object Repository/Page_MotifDeLaDemande_Usager/select_Value_RESSOURCES'

2023-11-23 15:10:47 - [MESSAGE][INFO] - Checking timeout

2023-11-23 15:10:47 - [MESSAGE][INFO] - Finding web element with id: 'Object Repository/Page_MotifDeLaDemande_Usager/select_Value_RESSOURCES' located by 'By.xpath: //*[@id="ORIGINE"]/div/div[5]/div/ul/p-dropdownitem[2]/li/span|//*[@id="ORIGINE"]/div/div[5]/div/ul/p-dropdownitem[2]/li/span' in '20' second(s)

2023-11-23 15:10:47 - [MESSAGE][INFO] - Smart Wait Function is triggered

2023-11-23 15:10:47 - [MESSAGE][INFO] - Found 1 web elements with id: 'Object Repository/Page_MotifDeLaDemande_Usager/select_Value_RESSOURCES' located by 'By.xpath: //*[@id="ORIGINE"]/div/div[5]/div/ul/p-dropdownitem[2]/li/span|//*[@id="ORIGINE"]/div/div[5]/div/ul/p-dropdownitem[2]/li/span' in '20' second(s)

2023-11-23 15:10:47 - [MESSAGE][INFO] - Checking object

2023-11-23 15:10:47 - [MESSAGE][INFO] - Checking timeout

2023-11-23 15:10:47 - [MESSAGE][INFO] - Finding web element from Test Object's properties

2023-11-23 15:10:47 - [MESSAGE][INFO] - Checking timeout

2023-11-23 15:10:47 - [MESSAGE][INFO] - Finding web element with id: 'Object Repository/Page_MotifDeLaDemande_Usager/select_Value_RESSOURCES' located by 'By.xpath: //*[@id="ORIGINE"]/div/div[5]/div/ul/p-dropdownitem[2]/li/span|//*[@id="ORIGINE"]/div/div[5]/div/ul/p-dropdownitem[2]/li/span' in '5' second(s)

2023-11-23 15:10:47 - [MESSAGE][INFO] - Smart Wait Function is triggered

2023-11-23 15:10:47 - [MESSAGE][INFO] - Found 1 web elements with id: 'Object Repository/Page_MotifDeLaDemande_Usager/select_Value_RESSOURCES' located by 'By.xpath: //*[@id="ORIGINE"]/div/div[5]/div/ul/p-dropdownitem[2]/li/span|//*[@id="ORIGINE"]/div/div[5]/div/ul/p-dropdownitem[2]/li/span' in '5' second(s)

2023-11-23 15:10:47 - [MESSAGE][INFO] - Clicking on object: 'Object Repository/Page_MotifDeLaDemande_Usager/select_Value_RESSOURCES'

2023-11-23 15:10:49 - [MESSAGE][PASSED] - Object: 'Object Repository/Page_MotifDeLaDemande_Usager/select_Value_RESSOURCES' is clicked on

2023-11-23 15:10:49 - [TEST_STEP][PASSED] - setText(findTestObject("Object Repository/Page_MotifDeLaDemande_Usager/input_MontantParMois"), "2500"): Text '2500' is set on object 'Object Repository/Page_MotifDeLaDemande_Usager/input_MontantParMois'

2023-11-23 15:10:49 - [MESSAGE][INFO] - Finding Test Object 'Object Repository/Page_MotifDeLaDemande_Usager/input_MontantParMois'

2023-11-23 15:10:49 - [MESSAGE][INFO] - Checking timeout

2023-11-23 15:10:49 - [MESSAGE][INFO] - Finding web element with id: 'Object Repository/Page_MotifDeLaDemande_Usager/input_MontantParMois' located by 'By.xpath: //app-demande-ptinv//app-createur-entreprise//app-ressources-financieres-selector/div/div[1]/fieldset/div/app-ressource-financiere/div/div[2]/anef-input-text/div/div/div[1]/div/input|//app-demande-ptinv//app-informations-projet-innovant/div/form/app-ressources-financieres-selector/div/div[1]/fieldset/div/app-ressource-financiere/div/div[2]/anef-input-text/div/div/div[1]/div/input|//app-motif-sejour-ptart/div[2]//app-informations-artiste-non-salarie/div/form/app-ressources-financieres-selector/div/div[1]/fieldset/div/app-ressource-financiere/div/div[2]/anef-input-text/div/div/div[1]/div/input|//app-motif-sejour-ptart//app-informations-artiste-salarie//app-ressources-financieres-selector//anef-input-text/div/div/div[1]/div/input' in '20' second(s)

2023-11-23 15:10:49 - [MESSAGE][INFO] - Smart Wait Function is triggered

2023-11-23 15:10:49 - [MESSAGE][INFO] - Found 1 web elements with id: 'Object Repository/Page_MotifDeLaDemande_Usager/input_MontantParMois' located by 'By.xpath: //app-demande-ptinv//app-createur-entreprise//app-ressources-financieres-selector/div/div[1]/fieldset/div/app-ressource-financiere/div/div[2]/anef-input-text/div/div/div[1]/div/input|//app-demande-ptinv//app-informations-projet-innovant/div/form/app-ressources-financieres-selector/div/div[1]/fieldset/div/app-ressource-financiere/div/div[2]/anef-input-text/div/div/div[1]/div/input|//app-motif-sejour-ptart/div[2]//app-informations-artiste-non-salarie/div/form/app-ressources-financieres-selector/div/div[1]/fieldset/div/app-ressource-financiere/div/div[2]/anef-input-text/div/div/div[1]/div/input|//app-motif-sejour-ptart//app-informations-artiste-salarie//app-ressources-financieres-selector//anef-input-text/div/div/div[1]/div/input' in '20' second(s)

2023-11-23 15:10:49 - [MESSAGE][INFO] - Checking object

2023-11-23 15:10:49 - [MESSAGE][INFO] - Checking text

2023-11-23 15:10:49 - [MESSAGE][INFO] - Finding web element from Test Object's properties

2023-11-23 15:10:49 - [MESSAGE][INFO] - Checking timeout

2023-11-23 15:10:49 - [MESSAGE][INFO] - Finding web element with id: 'Object Repository/Page_MotifDeLaDemande_Usager/input_MontantParMois' located by 'By.xpath: //app-demande-ptinv//app-createur-entreprise//app-ressources-financieres-selector/div/div[1]/fieldset/div/app-ressource-financiere/div/div[2]/anef-input-text/div/div/div[1]/div/input|//app-demande-ptinv//app-informations-projet-innovant/div/form/app-ressources-financieres-selector/div/div[1]/fieldset/div/app-ressource-financiere/div/div[2]/anef-input-text/div/div/div[1]/div/input|//app-motif-sejour-ptart/div[2]//app-informations-artiste-non-salarie/div/form/app-ressources-financieres-selector/div/div[1]/fieldset/div/app-ressource-financiere/div/div[2]/anef-input-text/div/div/div[1]/div/input|//app-motif-sejour-ptart//app-informations-artiste-salarie//app-ressources-financieres-selector//anef-input-text/div/div/div[1]/div/input' in '5' second(s)

2023-11-23 15:10:49 - [MESSAGE][INFO] - Smart Wait Function is triggered

2023-11-23 15:10:49 - [MESSAGE][INFO] - Found 1 web elements with id: 'Object Repository/Page_MotifDeLaDemande_Usager/input_MontantParMois' located by 'By.xpath: //app-demande-ptinv//app-createur-entreprise//app-ressources-financieres-selector/div/div[1]/fieldset/div/app-ressource-financiere/div/div[2]/anef-input-text/div/div/div[1]/div/input|//app-demande-ptinv//app-informations-projet-innovant/div/form/app-ressources-financieres-selector/div/div[1]/fieldset/div/app-ressource-financiere/div/div[2]/anef-input-text/div/div/div[1]/div/input|//app-motif-sejour-ptart/div[2]//app-informations-artiste-non-salarie/div/form/app-ressources-financieres-selector/div/div[1]/fieldset/div/app-ressource-financiere/div/div[2]/anef-input-text/div/div/div[1]/div/input|//app-motif-sejour-ptart//app-informations-artiste-salarie//app-ressources-financieres-selector//anef-input-text/div/div/div[1]/div/input' in '5' second(s)

2023-11-23 15:10:49 - [MESSAGE][INFO] - Clearing text of object 'Object Repository/Page_MotifDeLaDemande_Usager/input_MontantParMois'

2023-11-23 15:10:51 - [MESSAGE][INFO] - Finding web element from Test Object's properties

2023-11-23 15:10:51 - [MESSAGE][INFO] - Checking timeout

2023-11-23 15:10:51 - [MESSAGE][INFO] - Finding web element with id: 'Object Repository/Page_MotifDeLaDemande_Usager/input_MontantParMois' located by 'By.xpath: //app-demande-ptinv//app-createur-entreprise//app-ressources-financieres-selector/div/div[1]/fieldset/div/app-ressource-financiere/div/div[2]/anef-input-text/div/div/div[1]/div/input|//app-demande-ptinv//app-informations-projet-innovant/div/form/app-ressources-financieres-selector/div/div[1]/fieldset/div/app-ressource-financiere/div/div[2]/anef-input-text/div/div/div[1]/div/input|//app-motif-sejour-ptart/div[2]//app-informations-artiste-non-salarie/div/form/app-ressources-financieres-selector/div/div[1]/fieldset/div/app-ressource-financiere/div/div[2]/anef-input-text/div/div/div[1]/div/input|//app-motif-sejour-ptart//app-informations-artiste-salarie//app-ressources-financieres-selector//anef-input-text/div/div/div[1]/div/input' in '5' second(s)

2023-11-23 15:10:51 - [MESSAGE][INFO] - Smart Wait Function is triggered

2023-11-23 15:10:51 - [MESSAGE][INFO] - Found 1 web elements with id: 'Object Repository/Page_MotifDeLaDemande_Usager/input_MontantParMois' located by 'By.xpath: //app-demande-ptinv//app-createur-entreprise//app-ressources-financieres-selector/div/div[1]/fieldset/div/app-ressource-financiere/div/div[2]/anef-input-text/div/div/div[1]/div/input|//app-demande-ptinv//app-informations-projet-innovant/div/form/app-ressources-financieres-selector/div/div[1]/fieldset/div/app-ressource-financiere/div/div[2]/anef-input-text/div/div/div[1]/div/input|//app-motif-sejour-ptart/div[2]//app-informations-artiste-non-salarie/div/form/app-ressources-financieres-selector/div/div[1]/fieldset/div/app-ressource-financiere/div/div[2]/anef-input-text/div/div/div[1]/div/input|//app-motif-sejour-ptart//app-informations-artiste-salarie//app-ressources-financieres-selector//anef-input-text/div/div/div[1]/div/input' in '5' second(s)

2023-11-23 15:10:51 - [MESSAGE][INFO] - Setting text of object 'Object Repository/Page_MotifDeLaDemande_Usager/input_MontantParMois' to value '2500'

2023-11-23 15:10:54 - [MESSAGE][PASSED] - Text '2500' is set on object 'Object Repository/Page_MotifDeLaDemande_Usager/input_MontantParMois'

2023-11-23 15:10:54 - [TEST_STEP][PASSED] - click(findTestObject("Object Repository/Page_DemarcheRenouvellement/btn_EnregistrerEtPoursuivre")): Object: 'Object Repository/Page_DemarcheRenouvellement/btn_EnregistrerEtPoursuivre' is clicked on

2023-11-23 15:10:54 - [MESSAGE][INFO] - Finding Test Object 'Object Repository/Page_DemarcheRenouvellement/btn_EnregistrerEtPoursuivre'

2023-11-23 15:10:54 - [MESSAGE][INFO] - Checking timeout

2023-11-23 15:10:54 - [MESSAGE][INFO] - Finding web element with id: 'Object Repository/Page_DemarcheRenouvellement/btn_EnregistrerEtPoursuivre' located by 'By.xpath: //span[text()='Enregistrer et poursuivre >']' in '20' second(s)

2023-11-23 15:10:54 - [MESSAGE][INFO] - Smart Wait Function is triggered

2023-11-23 15:10:54 - [MESSAGE][INFO] - Found 1 web elements with id: 'Object Repository/Page_DemarcheRenouvellement/btn_EnregistrerEtPoursuivre' located by 'By.xpath: //span[text()='Enregistrer et poursuivre >']' in '20' second(s)

2023-11-23 15:10:54 - [MESSAGE][INFO] - Checking object

2023-11-23 15:10:54 - [MESSAGE][INFO] - Checking timeout

2023-11-23 15:10:54 - [MESSAGE][INFO] - Finding web element from Test Object's properties

2023-11-23 15:10:54 - [MESSAGE][INFO] - Checking timeout

2023-11-23 15:10:54 - [MESSAGE][INFO] - Finding web element with id: 'Object Repository/Page_DemarcheRenouvellement/btn_EnregistrerEtPoursuivre' located by 'By.xpath: //span[text()='Enregistrer et poursuivre >']' in '5' second(s)

2023-11-23 15:10:54 - [MESSAGE][INFO] - Smart Wait Function is triggered

2023-11-23 15:10:54 - [MESSAGE][INFO] - Found 1 web elements with id: 'Object Repository/Page_DemarcheRenouvellement/btn_EnregistrerEtPoursuivre' located by 'By.xpath: //span[text()='Enregistrer et poursuivre >']' in '5' second(s)

2023-11-23 15:10:54 - [MESSAGE][INFO] - Clicking on object: 'Object Repository/Page_DemarcheRenouvellement/btn_EnregistrerEtPoursuivre'

2023-11-23 15:10:56 - [MESSAGE][PASSED] - Object: 'Object Repository/Page_DemarcheRenouvellement/btn_EnregistrerEtPoursuivre' is clicked on

2023-11-23 15:10:56 - [TEST_STEP][PASSED] - if (TypeTitreDeSejour == "FrenchTechVisaForFounders" && Titre == "Etudiant" || TypeTitreDeSejour == "FrenchTechVisaForFounders" && Titre == "Visiteur"): null

2023-11-23 15:10:56 - [TEST_STEP][PASSED] - if (TypeTitreDeSejour == "MandataireSocial" && Titre == "Etudiant" || TypeTitreDeSejour == "MandataireSocial" && Titre == "Visiteur"): null

2023-11-23 15:10:56 - [TEST_STEP][PASSED] - if (TypeTitreDeSejour == "ArtisteNonSalarie" && Titre == "Etudiant" || TypeTitreDeSejour == "ArtisteNonSalarie" && Titre == "Visiteur"): null

2023-11-23 15:10:56 - [TEST_STEP][PASSED] - if (TypeTitreDeSejour == "ArtisteSalarie" && Titre == "Etudiant" || TypeTitreDeSejour == "ArtisteSalarie" && Titre == "Visiteur"): null

2023-11-23 15:10:56 - [TEST_STEP][PASSED] - if (TypeTitreDeSejour == "MembreDeFamillePasseportTalent_Conjoint" && Titre == "Etudiant" || TypeTitreDeSejour == "MembreDeFamillePasseportTalent_Conjoint" && Titre == "Visiteur"): null

2023-11-23 15:10:56 - [MESSAGE][PASSED] - Call Test Case 'Test Cases/Test Reutilisable/DemandeOuRenouvelle_TitreSejour/FormulaireMotifDeLaDemande' successfully

2023-11-23 15:10:56 - [TEST_STEP][PASSED] - if (TypeTitreDeSejour == "RenouvellementDeTitreSejour" || TypeTitreDeSejour == "Visiteur" && Titre == "Etudiant" || Titre == "Visiteur"): null

2023-11-23 15:10:56 - [TEST_STEP][FAILED] - callTestCase(findTestCase("Test Reutilisable/DemandeOuRenouvelle_TitreSejour/FormulaireJustificatifs"), ["TypeTitreDeSejour":TypeTitreDeSejour, "Titre":Titre, "NumEphoto":NumEphoto], STOP_ON_FAILURE): Unable to call Test Case 'Test Cases/Test Reutilisable/DemandeOuRenouvelle_TitreSejour/FormulaireJustificatifs' (Root cause: com.kms.katalon.core.exception.StepFailedException: Call Test Case 'Test Cases/Test Reutilisable/DemandeOuRenouvelle_TitreSejour/FormulaireJustificatifs' failed
	at com.kms.katalon.core.keyword.builtin.CallTestCaseKeyword$_callTestCase_closure1.doCall(CallTestCaseKeyword.groovy:63)
	at com.kms.katalon.core.keyword.builtin.CallTestCaseKeyword$_callTestCase_closure1.call(CallTestCaseKeyword.groovy)
	at com.kms.katalon.core.keyword.internal.KeywordMain.runKeyword(KeywordMain.groovy:75)
	at com.kms.katalon.core.keyword.builtin.CallTestCaseKeyword.callTestCase(CallTestCaseKeyword.groovy:81)
	at com.kms.katalon.core.keyword.builtin.CallTestCaseKeyword.execute(CallTestCaseKeyword.groovy:44)
	at com.kms.katalon.core.keyword.internal.KeywordExecutor.executeKeywordForPlatform(KeywordExecutor.groovy:74)
	at com.kms.katalon.core.keyword.BuiltinKeywords.callTestCase(BuiltinKeywords.groovy:310)
	at com.kazurayam.ksbackyard.HighlightElement$_pandemic_closure1.doCall(HighlightElement.groovy:105)
	at TNR R.TSPT Supp90-Etudiant.run(TNR R.TSPT Supp90-Etudiant:62)
	at com.kms.katalon.core.main.ScriptEngine.run(ScriptEngine.java:194)
	at com.kms.katalon.core.main.ScriptEngine.runScriptAsRawText(ScriptEngine.java:119)
	at com.kms.katalon.core.main.TestCaseExecutor.runScript(TestCaseExecutor.java:448)
	at com.kms.katalon.core.main.TestCaseExecutor.doExecute(TestCaseExecutor.java:439)
	at com.kms.katalon.core.main.TestCaseExecutor.processExecutionPhase(TestCaseExecutor.java:418)
	at com.kms.katalon.core.main.TestCaseExecutor.accessMainPhase(TestCaseExecutor.java:410)
	at com.kms.katalon.core.main.TestCaseExecutor.execute(TestCaseExecutor.java:285)
	at com.kms.katalon.core.common.CommonExecutor.accessTestCaseMainPhase(CommonExecutor.java:65)
	at com.kms.katalon.core.main.TestSuiteExecutor.accessTestSuiteMainPhase(TestSuiteExecutor.java:148)
	at com.kms.katalon.core.main.TestSuiteExecutor.execute(TestSuiteExecutor.java:106)
	at com.kms.katalon.core.main.TestCaseMain.startTestSuite(TestCaseMain.java:187)
	at com.kms.katalon.core.main.TestCaseMain$startTestSuite$0.call(Unknown Source)
	at TempTestSuite1700747757013.run(TempTestSuite1700747757013.groovy:36)
Caused by: com.kms.katalon.core.exception.StepFailedException: Unable to set text '1PMTYE991215114515JY05' of object 'Object Repository/Page_Justificatifs_Usager/Input_Numero_Ephoto'
	at com.kms.katalon.core.webui.keyword.internal.WebUIKeywordMain.stepFailed(WebUIKeywordMain.groovy:64)
	at com.kms.katalon.core.webui.keyword.internal.WebUIKeywordMain.runKeyword(WebUIKeywordMain.groovy:26)
	at com.kms.katalon.core.webui.keyword.builtin.SetTextKeyword.setText(SetTextKeyword.groovy:66)
	at com.kms.katalon.core.webui.keyword.builtin.SetTextKeyword.execute(SetTextKeyword.groovy:37)
	at com.kms.katalon.core.keyword.internal.KeywordExecutor.executeKeywordForPlatform(KeywordExecutor.groovy:74)
	at com.kms.katalon.core.webui.keyword.WebUiBuiltInKeywords.setText(WebUiBuiltInKeywords.groovy:980)
	at com.kazurayam.ksbackyard.HighlightElement$_pandemic_closure1.doCall(HighlightElement.groovy:105)
	at FormulaireJustificatifs.run(FormulaireJustificatifs:281)
	at com.kms.katalon.core.main.ScriptEngine.run(ScriptEngine.java:194)
	at com.kms.katalon.core.main.ScriptEngine.runScriptAsRawText(ScriptEngine.java:119)
	at com.kms.katalon.core.main.TestCaseExecutor.runScript(TestCaseExecutor.java:448)
	at com.kms.katalon.core.main.TestCaseExecutor.doExecute(TestCaseExecutor.java:439)
	at com.kms.katalon.core.main.TestCaseExecutor.processExecutionPhase(TestCaseExecutor.java:418)
	at com.kms.katalon.core.main.TestCaseExecutor.accessMainPhase(TestCaseExecutor.java:410)
	at com.kms.katalon.core.main.TestCaseExecutor.execute(TestCaseExecutor.java:285)
	at com.kms.katalon.core.main.TestCaseMain.runTestCase(TestCaseMain.java:144)
	at com.kms.katalon.core.keyword.builtin.CallTestCaseKeyword$_callTestCase_closure1.doCall(CallTestCaseKeyword.groovy:59)
	... 21 more
Caused by: com.kms.katalon.core.webui.exception.WebElementNotFoundException: Web element with id: 'Object Repository/Page_Justificatifs_Usager/Input_Numero_Ephoto' located by '//*[@aria-labelledby="PHOTO_NUMBER-label" and @type ="text"]|//*[@aria-labelledby="PHOTO_IDENTITE-label" and @type ="text"]' not found
	at com.kms.katalon.core.webui.common.WebUiCommonHelper.findWebElement(WebUiCommonHelper.java:1381)
	at com.kms.katalon.core.webui.keyword.internal.WebUIAbstractKeyword.findWebElement(WebUIAbstractKeyword.groovy:27)
	at com.kms.katalon.core.webui.keyword.internal.WebUIAbstractKeyword.findWebElement(WebUIAbstractKeyword.groovy:26)
	at com.kms.katalon.core.webui.keyword.builtin.SetTextKeyword$_setText_closure1.doCall(SetTextKeyword.groovy:51)
	at com.kms.katalon.core.webui.keyword.builtin.SetTextKeyword$_setText_closure1.call(SetTextKeyword.groovy)
	at com.kms.katalon.core.webui.keyword.internal.WebUIKeywordMain.runKeyword(WebUIKeywordMain.groovy:20)
	... 36 more
)

2023-11-23 15:10:56 - [MESSAGE][INFO] - Checking called Test Case

2023-11-23 15:10:56 - [MESSAGE][INFO] - Starting to call Test Case 'Test Cases/Test Reutilisable/DemandeOuRenouvelle_TitreSejour/FormulaireJustificatifs'

2023-11-23 15:10:56 - [TEST_CASE][FAILED] - Test Cases/Test Reutilisable/DemandeOuRenouvelle_TitreSejour/FormulaireJustificatifs: Test Cases/Test Reutilisable/DemandeOuRenouvelle_TitreSejour/FormulaireJustificatifs FAILED.
Reason:
com.kms.katalon.core.exception.StepFailedException: Unable to set text '1PMTYE991215114515JY05' of object 'Object Repository/Page_Justificatifs_Usager/Input_Numero_Ephoto'
	at com.kms.katalon.core.webui.keyword.internal.WebUIKeywordMain.stepFailed(WebUIKeywordMain.groovy:64)
	at com.kms.katalon.core.webui.keyword.internal.WebUIKeywordMain.runKeyword(WebUIKeywordMain.groovy:26)
	at com.kms.katalon.core.webui.keyword.builtin.SetTextKeyword.setText(SetTextKeyword.groovy:66)
	at com.kms.katalon.core.webui.keyword.builtin.SetTextKeyword.execute(SetTextKeyword.groovy:37)
	at com.kms.katalon.core.keyword.internal.KeywordExecutor.executeKeywordForPlatform(KeywordExecutor.groovy:74)
	at com.kms.katalon.core.webui.keyword.WebUiBuiltInKeywords.setText(WebUiBuiltInKeywords.groovy:980)
	at com.kazurayam.ksbackyard.HighlightElement$_pandemic_closure1.doCall(HighlightElement.groovy:105)
	at FormulaireJustificatifs.run(FormulaireJustificatifs:281)
	at com.kms.katalon.core.main.ScriptEngine.run(ScriptEngine.java:194)
	at com.kms.katalon.core.main.ScriptEngine.runScriptAsRawText(ScriptEngine.java:119)
	at com.kms.katalon.core.main.TestCaseExecutor.runScript(TestCaseExecutor.java:448)
	at com.kms.katalon.core.main.TestCaseExecutor.doExecute(TestCaseExecutor.java:439)
	at com.kms.katalon.core.main.TestCaseExecutor.processExecutionPhase(TestCaseExecutor.java:418)
	at com.kms.katalon.core.main.TestCaseExecutor.accessMainPhase(TestCaseExecutor.java:410)
	at com.kms.katalon.core.main.TestCaseExecutor.execute(TestCaseExecutor.java:285)
	at com.kms.katalon.core.main.TestCaseMain.runTestCase(TestCaseMain.java:144)
	at com.kms.katalon.core.keyword.builtin.CallTestCaseKeyword$_callTestCase_closure1.doCall(CallTestCaseKeyword.groovy:59)
	at com.kms.katalon.core.keyword.builtin.CallTestCaseKeyword$_callTestCase_closure1.call(CallTestCaseKeyword.groovy)
	at com.kms.katalon.core.keyword.internal.KeywordMain.runKeyword(KeywordMain.groovy:75)
	at com.kms.katalon.core.keyword.builtin.CallTestCaseKeyword.callTestCase(CallTestCaseKeyword.groovy:81)
	at com.kms.katalon.core.keyword.builtin.CallTestCaseKeyword.execute(CallTestCaseKeyword.groovy:44)
	at com.kms.katalon.core.keyword.internal.KeywordExecutor.executeKeywordForPlatform(KeywordExecutor.groovy:74)
	at com.kms.katalon.core.keyword.BuiltinKeywords.callTestCase(BuiltinKeywords.groovy:310)
	at com.kazurayam.ksbackyard.HighlightElement$_pandemic_closure1.doCall(HighlightElement.groovy:105)
	at TNR R.TSPT Supp90-Etudiant.run(TNR R.TSPT Supp90-Etudiant:62)
	at com.kms.katalon.core.main.ScriptEngine.run(ScriptEngine.java:194)
	at com.kms.katalon.core.main.ScriptEngine.runScriptAsRawText(ScriptEngine.java:119)
	at com.kms.katalon.core.main.TestCaseExecutor.runScript(TestCaseExecutor.java:448)
	at com.kms.katalon.core.main.TestCaseExecutor.doExecute(TestCaseExecutor.java:439)
	at com.kms.katalon.core.main.TestCaseExecutor.processExecutionPhase(TestCaseExecutor.java:418)
	at com.kms.katalon.core.main.TestCaseExecutor.accessMainPhase(TestCaseExecutor.java:410)
	at com.kms.katalon.core.main.TestCaseExecutor.execute(TestCaseExecutor.java:285)
	at com.kms.katalon.core.common.CommonExecutor.accessTestCaseMainPhase(CommonExecutor.java:65)
	at com.kms.katalon.core.main.TestSuiteExecutor.accessTestSuiteMainPhase(TestSuiteExecutor.java:148)
	at com.kms.katalon.core.main.TestSuiteExecutor.execute(TestSuiteExecutor.java:106)
	at com.kms.katalon.core.main.TestCaseMain.startTestSuite(TestCaseMain.java:187)
	at com.kms.katalon.core.main.TestCaseMain$startTestSuite$0.call(Unknown Source)
	at TempTestSuite1700747757013.run(TempTestSuite1700747757013.groovy:36)
Caused by: com.kms.katalon.core.webui.exception.WebElementNotFoundException: Web element with id: 'Object Repository/Page_Justificatifs_Usager/Input_Numero_Ephoto' located by '//*[@aria-labelledby="PHOTO_NUMBER-label" and @type ="text"]|//*[@aria-labelledby="PHOTO_IDENTITE-label" and @type ="text"]' not found
	at com.kms.katalon.core.webui.common.WebUiCommonHelper.findWebElement(WebUiCommonHelper.java:1381)
	at com.kms.katalon.core.webui.keyword.internal.WebUIAbstractKeyword.findWebElement(WebUIAbstractKeyword.groovy:27)
	at com.kms.katalon.core.webui.keyword.internal.WebUIAbstractKeyword.findWebElement(WebUIAbstractKeyword.groovy:26)
	at com.kms.katalon.core.webui.keyword.builtin.SetTextKeyword$_setText_closure1.doCall(SetTextKeyword.groovy:51)
	at com.kms.katalon.core.webui.keyword.builtin.SetTextKeyword$_setText_closure1.call(SetTextKeyword.groovy)
	at com.kms.katalon.core.webui.keyword.internal.WebUIKeywordMain.runKeyword(WebUIKeywordMain.groovy:20)
	... 36 more


2023-11-23 15:10:56 - [TEST_STEP][PASSED] - com.kazurayam.ksbackyard.HighlightElement.pandemic(): com.kazurayam.ksbackyard.HighlightElement.pandemic is PASSED

2023-11-23 15:10:56 - [MESSAGE][PASSED] - com.kazurayam.ksbackyard.HighlightElement.pandemic is PASSED

2023-11-23 15:10:56 - [TEST_STEP][PASSED] - RunBrowserConfiguration = getExecutionProperties(): null

2023-11-23 15:10:56 - [TEST_STEP][PASSED] - DriverName = DriverName: null

2023-11-23 15:10:56 - [TEST_STEP][PASSED] - driver = getWebDriver(): null

2023-11-23 15:10:56 - [TEST_STEP][PASSED] - wrappedDriver = driver.getWrappedDriver(): null

2023-11-23 15:10:56 - [TEST_STEP][PASSED] - out.println(wrappedDriver.getClass()): null

2023-11-23 15:10:56 - [TEST_STEP][PASSED] - if (class == com.kms.katalon.selenium.driver.CRemoteWebDriver): null

2023-11-23 15:10:56 - [TEST_STEP][PASSED] - SpecificDownloadDirectory = "": null

2023-11-23 15:10:56 - [TEST_STEP][PASSED] - if (DriverName == "FIREFOX_DRIVER"): null

2023-11-23 15:10:56 - [TEST_STEP][PASSED] - else if (class == "CRemoteWebDriver"): null

2023-11-23 15:10:56 - [TEST_STEP][PASSED] - else: null

2023-11-23 15:10:56 - [TEST_STEP][PASSED] - SpecificDownloadDirectory = getProjectDir() + "/Data Files": null

2023-11-23 15:10:56 - [TEST_STEP][PASSED] - println("SpecificDownloadDirectory : " + SpecificDownloadDirectory): null

2023-11-23 15:10:56 - [TEST_STEP][PASSED] - if (TypeTitreDeSejour == "RenouvellementDeTitreSejour" && Titre == "Etudiant"): null

2023-11-23 15:10:56 - [TEST_STEP][PASSED] - if (TypeTitreDeSejour == "RenouvellementDeTitreSejour" && Titre == "Visiteur" || TypeTitreDeSejour == "Visiteur" && Titre == "Etudiant"): null

2023-11-23 15:10:56 - [TEST_STEP][PASSED] - println("TypeTitreDeSejour :" + TypeTitreDeSejour): null

2023-11-23 15:10:56 - [TEST_STEP][PASSED] - if (TypeTitreDeSejour == "TS-PT-CarteBleueEuropeenne" || TypeTitreDeSejour == "TS-PT-SalarieEnMission"): null

2023-11-23 15:10:56 - [TEST_STEP][PASSED] - if (TypeTitreDeSejour == "TS-PT-SalarieQualifie" || TypeTitreDeSejour == "TS-PT-SalarieEntrepriseInnovante" || TypeTitreDeSejour == "ChercheurEtChercheurEnMobilite"): null

2023-11-23 15:10:56 - [TEST_STEP][FAILED] - if (TypeTitreDeSejour == "FrenchTechVisaForInvestors" || TypeTitreDeSejour == "CreateurDEntreprise"): Unable to set text '1PMTYE991215114515JY05' of object 'Object Repository/Page_Justificatifs_Usager/Input_Numero_Ephoto' (Root cause: com.kms.katalon.core.exception.StepFailedException: Unable to set text '1PMTYE991215114515JY05' of object 'Object Repository/Page_Justificatifs_Usager/Input_Numero_Ephoto'
	at com.kms.katalon.core.webui.keyword.internal.WebUIKeywordMain.stepFailed(WebUIKeywordMain.groovy:64)
	at com.kms.katalon.core.webui.keyword.internal.WebUIKeywordMain.runKeyword(WebUIKeywordMain.groovy:26)
	at com.kms.katalon.core.webui.keyword.builtin.SetTextKeyword.setText(SetTextKeyword.groovy:66)
	at com.kms.katalon.core.webui.keyword.builtin.SetTextKeyword.execute(SetTextKeyword.groovy:37)
	at com.kms.katalon.core.keyword.internal.KeywordExecutor.executeKeywordForPlatform(KeywordExecutor.groovy:74)
	at com.kms.katalon.core.webui.keyword.WebUiBuiltInKeywords.setText(WebUiBuiltInKeywords.groovy:980)
	at com.kazurayam.ksbackyard.HighlightElement$_pandemic_closure1.doCall(HighlightElement.groovy:105)
	at FormulaireJustificatifs.run(FormulaireJustificatifs:281)
	at com.kms.katalon.core.main.ScriptEngine.run(ScriptEngine.java:194)
	at com.kms.katalon.core.main.ScriptEngine.runScriptAsRawText(ScriptEngine.java:119)
	at com.kms.katalon.core.main.TestCaseExecutor.runScript(TestCaseExecutor.java:448)
	at com.kms.katalon.core.main.TestCaseExecutor.doExecute(TestCaseExecutor.java:439)
	at com.kms.katalon.core.main.TestCaseExecutor.processExecutionPhase(TestCaseExecutor.java:418)
	at com.kms.katalon.core.main.TestCaseExecutor.accessMainPhase(TestCaseExecutor.java:410)
	at com.kms.katalon.core.main.TestCaseExecutor.execute(TestCaseExecutor.java:285)
	at com.kms.katalon.core.main.TestCaseMain.runTestCase(TestCaseMain.java:144)
	at com.kms.katalon.core.keyword.builtin.CallTestCaseKeyword$_callTestCase_closure1.doCall(CallTestCaseKeyword.groovy:59)
	at com.kms.katalon.core.keyword.builtin.CallTestCaseKeyword$_callTestCase_closure1.call(CallTestCaseKeyword.groovy)
	at com.kms.katalon.core.keyword.internal.KeywordMain.runKeyword(KeywordMain.groovy:75)
	at com.kms.katalon.core.keyword.builtin.CallTestCaseKeyword.callTestCase(CallTestCaseKeyword.groovy:81)
	at com.kms.katalon.core.keyword.builtin.CallTestCaseKeyword.execute(CallTestCaseKeyword.groovy:44)
	at com.kms.katalon.core.keyword.internal.KeywordExecutor.executeKeywordForPlatform(KeywordExecutor.groovy:74)
	at com.kms.katalon.core.keyword.BuiltinKeywords.callTestCase(BuiltinKeywords.groovy:310)
	at com.kazurayam.ksbackyard.HighlightElement$_pandemic_closure1.doCall(HighlightElement.groovy:105)
	at TNR R.TSPT Supp90-Etudiant.run(TNR R.TSPT Supp90-Etudiant:62)
	at com.kms.katalon.core.main.ScriptEngine.run(ScriptEngine.java:194)
	at com.kms.katalon.core.main.ScriptEngine.runScriptAsRawText(ScriptEngine.java:119)
	at com.kms.katalon.core.main.TestCaseExecutor.runScript(TestCaseExecutor.java:448)
	at com.kms.katalon.core.main.TestCaseExecutor.doExecute(TestCaseExecutor.java:439)
	at com.kms.katalon.core.main.TestCaseExecutor.processExecutionPhase(TestCaseExecutor.java:418)
	at com.kms.katalon.core.main.TestCaseExecutor.accessMainPhase(TestCaseExecutor.java:410)
	at com.kms.katalon.core.main.TestCaseExecutor.execute(TestCaseExecutor.java:285)
	at com.kms.katalon.core.common.CommonExecutor.accessTestCaseMainPhase(CommonExecutor.java:65)
	at com.kms.katalon.core.main.TestSuiteExecutor.accessTestSuiteMainPhase(TestSuiteExecutor.java:148)
	at com.kms.katalon.core.main.TestSuiteExecutor.execute(TestSuiteExecutor.java:106)
	at com.kms.katalon.core.main.TestCaseMain.startTestSuite(TestCaseMain.java:187)
	at com.kms.katalon.core.main.TestCaseMain$startTestSuite$0.call(Unknown Source)
	at TempTestSuite1700747757013.run(TempTestSuite1700747757013.groovy:36)
Caused by: com.kms.katalon.core.webui.exception.WebElementNotFoundException: Web element with id: 'Object Repository/Page_Justificatifs_Usager/Input_Numero_Ephoto' located by '//*[@aria-labelledby="PHOTO_NUMBER-label" and @type ="text"]|//*[@aria-labelledby="PHOTO_IDENTITE-label" and @type ="text"]' not found
	at com.kms.katalon.core.webui.common.WebUiCommonHelper.findWebElement(WebUiCommonHelper.java:1381)
	at com.kms.katalon.core.webui.keyword.internal.WebUIAbstractKeyword.findWebElement(WebUIAbstractKeyword.groovy:27)
	at com.kms.katalon.core.webui.keyword.internal.WebUIAbstractKeyword.findWebElement(WebUIAbstractKeyword.groovy:26)
	at com.kms.katalon.core.webui.keyword.builtin.SetTextKeyword$_setText_closure1.doCall(SetTextKeyword.groovy:51)
	at com.kms.katalon.core.webui.keyword.builtin.SetTextKeyword$_setText_closure1.call(SetTextKeyword.groovy)
	at com.kms.katalon.core.webui.keyword.internal.WebUIKeywordMain.runKeyword(WebUIKeywordMain.groovy:20)
	at com.kms.katalon.core.webui.keyword.builtin.SetTextKeyword.setText(SetTextKeyword.groovy:66)
	at com.kms.katalon.core.webui.keyword.builtin.SetTextKeyword.execute(SetTextKeyword.groovy:37)
	at com.kms.katalon.core.keyword.internal.KeywordExecutor.executeKeywordForPlatform(KeywordExecutor.groovy:74)
	at com.kms.katalon.core.webui.keyword.WebUiBuiltInKeywords.setText(WebUiBuiltInKeywords.groovy:980)
	at com.kazurayam.ksbackyard.HighlightElement$_pandemic_closure1.doCall(HighlightElement.groovy:105)
	at Script1695813884754.run(Script1695813884754.groovy:281)
	at com.kms.katalon.core.main.ScriptEngine.run(ScriptEngine.java:194)
	at com.kms.katalon.core.main.ScriptEngine.runScriptAsRawText(ScriptEngine.java:119)
	at com.kms.katalon.core.main.TestCaseExecutor.runScript(TestCaseExecutor.java:448)
	at com.kms.katalon.core.main.TestCaseExecutor.doExecute(TestCaseExecutor.java:439)
	at com.kms.katalon.core.main.TestCaseExecutor.processExecutionPhase(TestCaseExecutor.java:418)
	at com.kms.katalon.core.main.TestCaseExecutor.accessMainPhase(TestCaseExecutor.java:410)
	at com.kms.katalon.core.main.TestCaseExecutor.execute(TestCaseExecutor.java:285)
	at com.kms.katalon.core.main.TestCaseMain.runTestCase(TestCaseMain.java:144)
	at com.kms.katalon.core.keyword.builtin.CallTestCaseKeyword$_callTestCase_closure1.doCall(CallTestCaseKeyword.groovy:59)
	at com.kms.katalon.core.keyword.builtin.CallTestCaseKeyword$_callTestCase_closure1.call(CallTestCaseKeyword.groovy)
	at com.kms.katalon.core.keyword.internal.KeywordMain.runKeyword(KeywordMain.groovy:75)
	at com.kms.katalon.core.keyword.builtin.CallTestCaseKeyword.callTestCase(CallTestCaseKeyword.groovy:81)
	at com.kms.katalon.core.keyword.builtin.CallTestCaseKeyword.execute(CallTestCaseKeyword.groovy:44)
	at com.kms.katalon.core.keyword.internal.KeywordExecutor.executeKeywordForPlatform(KeywordExecutor.groovy:74)
	at com.kms.katalon.core.keyword.BuiltinKeywords.callTestCase(BuiltinKeywords.groovy:310)
	at com.kazurayam.ksbackyard.HighlightElement$_pandemic_closure1.doCall(HighlightElement.groovy:105)
	at Script1697546404945.run(Script1697546404945.groovy:62)
	... 13 more
)

2023-11-23 15:10:56 - [TEST_STEP][PASSED] - uploadFile(findTestObject("Object Repository/Page_Justificatifs_Usager/Btn_ChoisirFichier_TitreSejourValide"), SpecificDownloadDirectory + "/EtatCivil.pdf"): File 'C:/Users/ISSAM.RHARBAOUI/git/22_11/ANEF-AutomatizationProject/Data Files/EtatCivil.pdf' sent to object: 'Object Repository/Page_Justificatifs_Usager/Btn_ChoisirFichier_TitreSejourValide'

2023-11-23 15:10:56 - [MESSAGE][INFO] - Finding Test Object 'Object Repository/Page_Justificatifs_Usager/Btn_ChoisirFichier_TitreSejourValide'

2023-11-23 15:10:56 - [MESSAGE][INFO] - Checking object

2023-11-23 15:10:56 - [MESSAGE][INFO] - Uploading file 'C:/Users/ISSAM.RHARBAOUI/git/22_11/ANEF-AutomatizationProject/Data Files/EtatCivil.pdf' to object: 'Object Repository/Page_Justificatifs_Usager/Btn_ChoisirFichier_TitreSejourValide'

2023-11-23 15:10:56 - [MESSAGE][INFO] - Finding web element from Test Object's properties

2023-11-23 15:10:56 - [MESSAGE][INFO] - Checking timeout

2023-11-23 15:10:56 - [MESSAGE][INFO] - Finding web element with id: 'Object Repository/Page_Justificatifs_Usager/Btn_ChoisirFichier_TitreSejourValide' located by 'By.xpath: //app-justificatifs-visiteur//app-justificatif-titre-sejour//app-pieces-jointes//span[1]/input|//app-justificatifs-ptsq//app-justificatif-titre-sejour//app-pieces-jointes//span[1]/input|//app-justificatifs/div[2]/div/p-accordion/div/p-accordiontab[1]/div[2]/div/div[1]/div/app-pieces-jointes[1]/div/span[1]/input|//div/div/div/app-justificatif-titre-sejour/div/app-pieces-jointes/div/span[1]/input
' in '5' second(s)

2023-11-23 15:10:56 - [MESSAGE][INFO] - Smart Wait Function is triggered

2023-11-23 15:10:56 - [MESSAGE][INFO] - Found 1 web elements with id: 'Object Repository/Page_Justificatifs_Usager/Btn_ChoisirFichier_TitreSejourValide' located by 'By.xpath: //app-justificatifs-visiteur//app-justificatif-titre-sejour//app-pieces-jointes//span[1]/input|//app-justificatifs-ptsq//app-justificatif-titre-sejour//app-pieces-jointes//span[1]/input|//app-justificatifs/div[2]/div/p-accordion/div/p-accordiontab[1]/div[2]/div/div[1]/div/app-pieces-jointes[1]/div/span[1]/input|//div/div/div/app-justificatif-titre-sejour/div/app-pieces-jointes/div/span[1]/input
' in '5' second(s)

2023-11-23 15:10:58 - [MESSAGE][PASSED] - File 'C:/Users/ISSAM.RHARBAOUI/git/22_11/ANEF-AutomatizationProject/Data Files/EtatCivil.pdf' sent to object: 'Object Repository/Page_Justificatifs_Usager/Btn_ChoisirFichier_TitreSejourValide'

2023-11-23 15:10:58 - [TEST_STEP][PASSED] - delay(5): Delayed 5 second(s)

2023-11-23 15:10:58 - [MESSAGE][INFO] - Delaying browser in 5 second(s)

2023-11-23 15:11:03 - [MESSAGE][PASSED] - Delayed 5 second(s)

2023-11-23 15:11:03 - [TEST_STEP][PASSED] - uploadFile(findTestObject("Object Repository/Page_Justificatifs_Usager/Btn_ChoisirFichier_Passeport"), SpecificDownloadDirectory + "/Passeport.pdf"): File 'C:/Users/ISSAM.RHARBAOUI/git/22_11/ANEF-AutomatizationProject/Data Files/Passeport.pdf' sent to object: 'Object Repository/Page_Justificatifs_Usager/Btn_ChoisirFichier_Passeport'

2023-11-23 15:11:03 - [MESSAGE][INFO] - Finding Test Object 'Object Repository/Page_Justificatifs_Usager/Btn_ChoisirFichier_Passeport'

2023-11-23 15:11:03 - [MESSAGE][INFO] - Checking object

2023-11-23 15:11:03 - [MESSAGE][INFO] - Uploading file 'C:/Users/ISSAM.RHARBAOUI/git/22_11/ANEF-AutomatizationProject/Data Files/Passeport.pdf' to object: 'Object Repository/Page_Justificatifs_Usager/Btn_ChoisirFichier_Passeport'

2023-11-23 15:11:03 - [MESSAGE][INFO] - Finding web element from Test Object's properties

2023-11-23 15:11:03 - [MESSAGE][INFO] - Checking timeout

2023-11-23 15:11:03 - [MESSAGE][INFO] - Finding web element with id: 'Object Repository/Page_Justificatifs_Usager/Btn_ChoisirFichier_Passeport' located by 'By.xpath: //app-justificatifs-visiteur//app-justificatif-passeport//app-pieces-jointes//span[1]/input|//app-justificatifs-ptsq//app-justificatif-passeport//app-pieces-jointes//span[1]/input|//app-justificatifs/div[2]/div/p-accordion/div/p-accordiontab[1]/div[2]/div/div[1]/div/app-pieces-jointes[2]/div/span[1]/input|//div/div/app-justificatif-passeport/div/app-pieces-jointes/div/span[1]/input' in '5' second(s)

2023-11-23 15:11:03 - [MESSAGE][INFO] - Smart Wait Function is triggered

2023-11-23 15:11:04 - [MESSAGE][INFO] - Found 1 web elements with id: 'Object Repository/Page_Justificatifs_Usager/Btn_ChoisirFichier_Passeport' located by 'By.xpath: //app-justificatifs-visiteur//app-justificatif-passeport//app-pieces-jointes//span[1]/input|//app-justificatifs-ptsq//app-justificatif-passeport//app-pieces-jointes//span[1]/input|//app-justificatifs/div[2]/div/p-accordion/div/p-accordiontab[1]/div[2]/div/div[1]/div/app-pieces-jointes[2]/div/span[1]/input|//div/div/app-justificatif-passeport/div/app-pieces-jointes/div/span[1]/input' in '5' second(s)

2023-11-23 15:11:06 - [MESSAGE][PASSED] - File 'C:/Users/ISSAM.RHARBAOUI/git/22_11/ANEF-AutomatizationProject/Data Files/Passeport.pdf' sent to object: 'Object Repository/Page_Justificatifs_Usager/Btn_ChoisirFichier_Passeport'

2023-11-23 15:11:06 - [TEST_STEP][PASSED] - delay(5): Delayed 5 second(s)

2023-11-23 15:11:06 - [MESSAGE][INFO] - Delaying browser in 5 second(s)

2023-11-23 15:11:11 - [MESSAGE][PASSED] - Delayed 5 second(s)

2023-11-23 15:11:11 - [TEST_STEP][PASSED] - setText(findTestObject("Object Repository/Page_Justificatifs_Usager/Input_Numero_Ephoto"), NumEphoto): Text '1PMTYE991215114515JY05' is set on object 'Object Repository/Page_Justificatifs_Usager/Input_Numero_Ephoto'

2023-11-23 15:11:11 - [MESSAGE][INFO] - Finding Test Object 'Object Repository/Page_Justificatifs_Usager/Input_Numero_Ephoto'

2023-11-23 15:11:11 - [MESSAGE][INFO] - Checking timeout

2023-11-23 15:11:11 - [MESSAGE][INFO] - Finding web element with id: 'Object Repository/Page_Justificatifs_Usager/Input_Numero_Ephoto' located by 'By.xpath: //*[@aria-labelledby="PHOTO_NUMBER-label" and @type ="text"]|//*[@aria-labelledby="PHOTO_IDENTITE-label" and @type ="text"]' in '20' second(s)

2023-11-23 15:11:11 - [MESSAGE][INFO] - Smart Wait Function is triggered

2023-11-23 15:11:11 - [MESSAGE][INFO] - Found 1 web elements with id: 'Object Repository/Page_Justificatifs_Usager/Input_Numero_Ephoto' located by 'By.xpath: //*[@aria-labelledby="PHOTO_NUMBER-label" and @type ="text"]|//*[@aria-labelledby="PHOTO_IDENTITE-label" and @type ="text"]' in '20' second(s)

2023-11-23 15:11:11 - [MESSAGE][INFO] - Checking object

2023-11-23 15:11:11 - [MESSAGE][INFO] - Checking text

2023-11-23 15:11:11 - [MESSAGE][INFO] - Finding web element from Test Object's properties

2023-11-23 15:11:11 - [MESSAGE][INFO] - Checking timeout

2023-11-23 15:11:11 - [MESSAGE][INFO] - Finding web element with id: 'Object Repository/Page_Justificatifs_Usager/Input_Numero_Ephoto' located by 'By.xpath: //*[@aria-labelledby="PHOTO_NUMBER-label" and @type ="text"]|//*[@aria-labelledby="PHOTO_IDENTITE-label" and @type ="text"]' in '5' second(s)

2023-11-23 15:11:11 - [MESSAGE][INFO] - Smart Wait Function is triggered

2023-11-23 15:11:11 - [MESSAGE][INFO] - Found 1 web elements with id: 'Object Repository/Page_Justificatifs_Usager/Input_Numero_Ephoto' located by 'By.xpath: //*[@aria-labelledby="PHOTO_NUMBER-label" and @type ="text"]|//*[@aria-labelledby="PHOTO_IDENTITE-label" and @type ="text"]' in '5' second(s)

2023-11-23 15:11:11 - [MESSAGE][INFO] - Clearing text of object 'Object Repository/Page_Justificatifs_Usager/Input_Numero_Ephoto'

2023-11-23 15:11:13 - [MESSAGE][INFO] - Finding web element from Test Object's properties

2023-11-23 15:11:13 - [MESSAGE][INFO] - Checking timeout

2023-11-23 15:11:13 - [MESSAGE][INFO] - Finding web element with id: 'Object Repository/Page_Justificatifs_Usager/Input_Numero_Ephoto' located by 'By.xpath: //*[@aria-labelledby="PHOTO_NUMBER-label" and @type ="text"]|//*[@aria-labelledby="PHOTO_IDENTITE-label" and @type ="text"]' in '5' second(s)

2023-11-23 15:11:13 - [MESSAGE][INFO] - Smart Wait Function is triggered

2023-11-23 15:11:13 - [MESSAGE][INFO] - Found 1 web elements with id: 'Object Repository/Page_Justificatifs_Usager/Input_Numero_Ephoto' located by 'By.xpath: //*[@aria-labelledby="PHOTO_NUMBER-label" and @type ="text"]|//*[@aria-labelledby="PHOTO_IDENTITE-label" and @type ="text"]' in '5' second(s)

2023-11-23 15:11:13 - [MESSAGE][INFO] - Setting text of object 'Object Repository/Page_Justificatifs_Usager/Input_Numero_Ephoto' to value '1PMTYE991215114515JY05'

2023-11-23 15:11:16 - [MESSAGE][PASSED] - Text '1PMTYE991215114515JY05' is set on object 'Object Repository/Page_Justificatifs_Usager/Input_Numero_Ephoto'

2023-11-23 15:11:16 - [TEST_STEP][PASSED] - click(findTestObject("Object Repository/Page_Justificatifs_Usager/Btn_ConfirmerNumeroEphoto")): Object: 'Object Repository/Page_Justificatifs_Usager/Btn_ConfirmerNumeroEphoto' is clicked on

2023-11-23 15:11:16 - [MESSAGE][INFO] - Finding Test Object 'Object Repository/Page_Justificatifs_Usager/Btn_ConfirmerNumeroEphoto'

2023-11-23 15:11:16 - [MESSAGE][INFO] - Checking timeout

2023-11-23 15:11:16 - [MESSAGE][INFO] - Finding web element with id: 'Object Repository/Page_Justificatifs_Usager/Btn_ConfirmerNumeroEphoto' located by 'By.xpath: //div/app-e-photo//div/button/span|//app-justificatifs/div[2]/div/p-accordion/div/p-accordiontab[1]/div[2]/div/div[1]/div/button/span' in '20' second(s)

2023-11-23 15:11:16 - [MESSAGE][INFO] - Smart Wait Function is triggered

2023-11-23 15:11:16 - [MESSAGE][INFO] - Found 1 web elements with id: 'Object Repository/Page_Justificatifs_Usager/Btn_ConfirmerNumeroEphoto' located by 'By.xpath: //div/app-e-photo//div/button/span|//app-justificatifs/div[2]/div/p-accordion/div/p-accordiontab[1]/div[2]/div/div[1]/div/button/span' in '20' second(s)

2023-11-23 15:11:16 - [MESSAGE][INFO] - Checking object

2023-11-23 15:11:16 - [MESSAGE][INFO] - Checking timeout

2023-11-23 15:11:16 - [MESSAGE][INFO] - Finding web element from Test Object's properties

2023-11-23 15:11:16 - [MESSAGE][INFO] - Checking timeout

2023-11-23 15:11:16 - [MESSAGE][INFO] - Finding web element with id: 'Object Repository/Page_Justificatifs_Usager/Btn_ConfirmerNumeroEphoto' located by 'By.xpath: //div/app-e-photo//div/button/span|//app-justificatifs/div[2]/div/p-accordion/div/p-accordiontab[1]/div[2]/div/div[1]/div/button/span' in '5' second(s)

2023-11-23 15:11:16 - [MESSAGE][INFO] - Smart Wait Function is triggered

2023-11-23 15:11:16 - [MESSAGE][INFO] - Found 1 web elements with id: 'Object Repository/Page_Justificatifs_Usager/Btn_ConfirmerNumeroEphoto' located by 'By.xpath: //div/app-e-photo//div/button/span|//app-justificatifs/div[2]/div/p-accordion/div/p-accordiontab[1]/div[2]/div/div[1]/div/button/span' in '5' second(s)

2023-11-23 15:11:16 - [MESSAGE][INFO] - Clicking on object: 'Object Repository/Page_Justificatifs_Usager/Btn_ConfirmerNumeroEphoto'

2023-11-23 15:11:18 - [MESSAGE][PASSED] - Object: 'Object Repository/Page_Justificatifs_Usager/Btn_ConfirmerNumeroEphoto' is clicked on

2023-11-23 15:11:18 - [TEST_STEP][PASSED] - delay(5): Delayed 5 second(s)

2023-11-23 15:11:18 - [MESSAGE][INFO] - Delaying browser in 5 second(s)

2023-11-23 15:11:23 - [MESSAGE][PASSED] - Delayed 5 second(s)

2023-11-23 15:11:23 - [TEST_STEP][PASSED] - uploadFile(findTestObject("Object Repository/Page_Justificatifs_Usager/Btn_ChoisirFichier_Domiciliation"), SpecificDownloadDirectory + "/Domiciliation.pdf"): File 'C:/Users/ISSAM.RHARBAOUI/git/22_11/ANEF-AutomatizationProject/Data Files/Domiciliation.pdf' sent to object: 'Object Repository/Page_Justificatifs_Usager/Btn_ChoisirFichier_Domiciliation'

2023-11-23 15:11:23 - [MESSAGE][INFO] - Finding Test Object 'Object Repository/Page_Justificatifs_Usager/Btn_ChoisirFichier_Domiciliation'

2023-11-23 15:11:23 - [MESSAGE][INFO] - Checking object

2023-11-23 15:11:23 - [MESSAGE][INFO] - Uploading file 'C:/Users/ISSAM.RHARBAOUI/git/22_11/ANEF-AutomatizationProject/Data Files/Domiciliation.pdf' to object: 'Object Repository/Page_Justificatifs_Usager/Btn_ChoisirFichier_Domiciliation'

2023-11-23 15:11:23 - [MESSAGE][INFO] - Finding web element from Test Object's properties

2023-11-23 15:11:23 - [MESSAGE][INFO] - Checking timeout

2023-11-23 15:11:23 - [MESSAGE][INFO] - Finding web element with id: 'Object Repository/Page_Justificatifs_Usager/Btn_ChoisirFichier_Domiciliation' located by 'By.xpath: //app-justificatifs-visiteur//app-justificatifs-domiciliation//app-pieces-jointes//span[1]/input|//app-justificatifs-ptsq//app-justificatifs-domiciliation//app-pieces-jointes//span[1]/input|//app-justificatifs/div[2]/div/p-accordion/div/p-accordiontab[1]/div[2]/div/div[2]/div/app-pieces-jointes/div/span[1]/input|//div/app-justificatifs-domiciliation/div/div/app-pieces-jointes/div/span[1]/input' in '5' second(s)

2023-11-23 15:11:23 - [MESSAGE][INFO] - Smart Wait Function is triggered

2023-11-23 15:11:23 - [MESSAGE][INFO] - Found 1 web elements with id: 'Object Repository/Page_Justificatifs_Usager/Btn_ChoisirFichier_Domiciliation' located by 'By.xpath: //app-justificatifs-visiteur//app-justificatifs-domiciliation//app-pieces-jointes//span[1]/input|//app-justificatifs-ptsq//app-justificatifs-domiciliation//app-pieces-jointes//span[1]/input|//app-justificatifs/div[2]/div/p-accordion/div/p-accordiontab[1]/div[2]/div/div[2]/div/app-pieces-jointes/div/span[1]/input|//div/app-justificatifs-domiciliation/div/div/app-pieces-jointes/div/span[1]/input' in '5' second(s)

2023-11-23 15:11:26 - [MESSAGE][PASSED] - File 'C:/Users/ISSAM.RHARBAOUI/git/22_11/ANEF-AutomatizationProject/Data Files/Domiciliation.pdf' sent to object: 'Object Repository/Page_Justificatifs_Usager/Btn_ChoisirFichier_Domiciliation'

2023-11-23 15:11:26 - [TEST_STEP][PASSED] - delay(5): Delayed 5 second(s)

2023-11-23 15:11:26 - [MESSAGE][INFO] - Delaying browser in 5 second(s)

2023-11-23 15:11:31 - [MESSAGE][PASSED] - Delayed 5 second(s)

2023-11-23 15:11:31 - [TEST_STEP][PASSED] - uploadFile(findTestObject("Object Repository/Page_Justificatifs_Usager/Btn_ChoisirFichier_JustificatifsInvestissement"), SpecificDownloadDirectory + "/JustificatifsInvestissement.pdf"): File 'C:/Users/ISSAM.RHARBAOUI/git/22_11/ANEF-AutomatizationProject/Data Files/JustificatifsInvestissement.pdf' sent to object: 'Object Repository/Page_Justificatifs_Usager/Btn_ChoisirFichier_JustificatifsInvestissement'

2023-11-23 15:11:31 - [MESSAGE][INFO] - Finding Test Object 'Object Repository/Page_Justificatifs_Usager/Btn_ChoisirFichier_JustificatifsInvestissement'

2023-11-23 15:11:31 - [MESSAGE][INFO] - Checking object

2023-11-23 15:11:31 - [MESSAGE][INFO] - Uploading file 'C:/Users/ISSAM.RHARBAOUI/git/22_11/ANEF-AutomatizationProject/Data Files/JustificatifsInvestissement.pdf' to object: 'Object Repository/Page_Justificatifs_Usager/Btn_ChoisirFichier_JustificatifsInvestissement'

2023-11-23 15:11:31 - [MESSAGE][INFO] - Finding web element from Test Object's properties

2023-11-23 15:11:31 - [MESSAGE][INFO] - Checking timeout

2023-11-23 15:11:31 - [MESSAGE][INFO] - Finding web element with id: 'Object Repository/Page_Justificatifs_Usager/Btn_ChoisirFichier_JustificatifsInvestissement' located by 'By.xpath: //div/div[9]/app-justificatifs-motif-sejour/div/app-pieces-jointes/div/span[1]/input' in '5' second(s)

2023-11-23 15:11:31 - [MESSAGE][INFO] - Smart Wait Function is triggered

2023-11-23 15:11:31 - [MESSAGE][INFO] - Found 1 web elements with id: 'Object Repository/Page_Justificatifs_Usager/Btn_ChoisirFichier_JustificatifsInvestissement' located by 'By.xpath: //div/div[9]/app-justificatifs-motif-sejour/div/app-pieces-jointes/div/span[1]/input' in '5' second(s)

2023-11-23 15:11:33 - [MESSAGE][PASSED] - File 'C:/Users/ISSAM.RHARBAOUI/git/22_11/ANEF-AutomatizationProject/Data Files/JustificatifsInvestissement.pdf' sent to object: 'Object Repository/Page_Justificatifs_Usager/Btn_ChoisirFichier_JustificatifsInvestissement'

2023-11-23 15:11:33 - [TEST_STEP][PASSED] - delay(5): Delayed 5 second(s)

2023-11-23 15:11:33 - [MESSAGE][INFO] - Delaying browser in 5 second(s)

2023-11-23 15:11:38 - [MESSAGE][PASSED] - Delayed 5 second(s)

2023-11-23 15:11:38 - [TEST_STEP][FAILED] - if (TypeTitreDeSejour == "CreateurDEntreprise"): Unable to set text '1PMTYE991215114515JY05' of object 'Object Repository/Page_Justificatifs_Usager/Input_Numero_Ephoto' (Root cause: com.kms.katalon.core.exception.StepFailedException: Unable to set text '1PMTYE991215114515JY05' of object 'Object Repository/Page_Justificatifs_Usager/Input_Numero_Ephoto'
	at com.kms.katalon.core.webui.keyword.internal.WebUIKeywordMain.stepFailed(WebUIKeywordMain.groovy:64)
	at com.kms.katalon.core.webui.keyword.internal.WebUIKeywordMain.runKeyword(WebUIKeywordMain.groovy:26)
	at com.kms.katalon.core.webui.keyword.builtin.SetTextKeyword.setText(SetTextKeyword.groovy:66)
	at com.kms.katalon.core.webui.keyword.builtin.SetTextKeyword.execute(SetTextKeyword.groovy:37)
	at com.kms.katalon.core.keyword.internal.KeywordExecutor.executeKeywordForPlatform(KeywordExecutor.groovy:74)
	at com.kms.katalon.core.webui.keyword.WebUiBuiltInKeywords.setText(WebUiBuiltInKeywords.groovy:980)
	at com.kazurayam.ksbackyard.HighlightElement$_pandemic_closure1.doCall(HighlightElement.groovy:105)
	at FormulaireJustificatifs.run(FormulaireJustificatifs:281)
	at com.kms.katalon.core.main.ScriptEngine.run(ScriptEngine.java:194)
	at com.kms.katalon.core.main.ScriptEngine.runScriptAsRawText(ScriptEngine.java:119)
	at com.kms.katalon.core.main.TestCaseExecutor.runScript(TestCaseExecutor.java:448)
	at com.kms.katalon.core.main.TestCaseExecutor.doExecute(TestCaseExecutor.java:439)
	at com.kms.katalon.core.main.TestCaseExecutor.processExecutionPhase(TestCaseExecutor.java:418)
	at com.kms.katalon.core.main.TestCaseExecutor.accessMainPhase(TestCaseExecutor.java:410)
	at com.kms.katalon.core.main.TestCaseExecutor.execute(TestCaseExecutor.java:285)
	at com.kms.katalon.core.main.TestCaseMain.runTestCase(TestCaseMain.java:144)
	at com.kms.katalon.core.keyword.builtin.CallTestCaseKeyword$_callTestCase_closure1.doCall(CallTestCaseKeyword.groovy:59)
	at com.kms.katalon.core.keyword.builtin.CallTestCaseKeyword$_callTestCase_closure1.call(CallTestCaseKeyword.groovy)
	at com.kms.katalon.core.keyword.internal.KeywordMain.runKeyword(KeywordMain.groovy:75)
	at com.kms.katalon.core.keyword.builtin.CallTestCaseKeyword.callTestCase(CallTestCaseKeyword.groovy:81)
	at com.kms.katalon.core.keyword.builtin.CallTestCaseKeyword.execute(CallTestCaseKeyword.groovy:44)
	at com.kms.katalon.core.keyword.internal.KeywordExecutor.executeKeywordForPlatform(KeywordExecutor.groovy:74)
	at com.kms.katalon.core.keyword.BuiltinKeywords.callTestCase(BuiltinKeywords.groovy:310)
	at com.kazurayam.ksbackyard.HighlightElement$_pandemic_closure1.doCall(HighlightElement.groovy:105)
	at TNR R.TSPT Supp90-Etudiant.run(TNR R.TSPT Supp90-Etudiant:62)
	at com.kms.katalon.core.main.ScriptEngine.run(ScriptEngine.java:194)
	at com.kms.katalon.core.main.ScriptEngine.runScriptAsRawText(ScriptEngine.java:119)
	at com.kms.katalon.core.main.TestCaseExecutor.runScript(TestCaseExecutor.java:448)
	at com.kms.katalon.core.main.TestCaseExecutor.doExecute(TestCaseExecutor.java:439)
	at com.kms.katalon.core.main.TestCaseExecutor.processExecutionPhase(TestCaseExecutor.java:418)
	at com.kms.katalon.core.main.TestCaseExecutor.accessMainPhase(TestCaseExecutor.java:410)
	at com.kms.katalon.core.main.TestCaseExecutor.execute(TestCaseExecutor.java:285)
	at com.kms.katalon.core.common.CommonExecutor.accessTestCaseMainPhase(CommonExecutor.java:65)
	at com.kms.katalon.core.main.TestSuiteExecutor.accessTestSuiteMainPhase(TestSuiteExecutor.java:148)
	at com.kms.katalon.core.main.TestSuiteExecutor.execute(TestSuiteExecutor.java:106)
	at com.kms.katalon.core.main.TestCaseMain.startTestSuite(TestCaseMain.java:187)
	at com.kms.katalon.core.main.TestCaseMain$startTestSuite$0.call(Unknown Source)
	at TempTestSuite1700747757013.run(TempTestSuite1700747757013.groovy:36)
Caused by: com.kms.katalon.core.webui.exception.WebElementNotFoundException: Web element with id: 'Object Repository/Page_Justificatifs_Usager/Input_Numero_Ephoto' located by '//*[@aria-labelledby="PHOTO_NUMBER-label" and @type ="text"]|//*[@aria-labelledby="PHOTO_IDENTITE-label" and @type ="text"]' not found
	at com.kms.katalon.core.webui.common.WebUiCommonHelper.findWebElement(WebUiCommonHelper.java:1381)
	at com.kms.katalon.core.webui.keyword.internal.WebUIAbstractKeyword.findWebElement(WebUIAbstractKeyword.groovy:27)
	at com.kms.katalon.core.webui.keyword.internal.WebUIAbstractKeyword.findWebElement(WebUIAbstractKeyword.groovy:26)
	at com.kms.katalon.core.webui.keyword.builtin.SetTextKeyword$_setText_closure1.doCall(SetTextKeyword.groovy:51)
	at com.kms.katalon.core.webui.keyword.builtin.SetTextKeyword$_setText_closure1.call(SetTextKeyword.groovy)
	at com.kms.katalon.core.webui.keyword.internal.WebUIKeywordMain.runKeyword(WebUIKeywordMain.groovy:20)
	at com.kms.katalon.core.webui.keyword.builtin.SetTextKeyword.setText(SetTextKeyword.groovy:66)
	at com.kms.katalon.core.webui.keyword.builtin.SetTextKeyword.execute(SetTextKeyword.groovy:37)
	at com.kms.katalon.core.keyword.internal.KeywordExecutor.executeKeywordForPlatform(KeywordExecutor.groovy:74)
	at com.kms.katalon.core.webui.keyword.WebUiBuiltInKeywords.setText(WebUiBuiltInKeywords.groovy:980)
	at com.kazurayam.ksbackyard.HighlightElement$_pandemic_closure1.doCall(HighlightElement.groovy:105)
	at Script1695813884754.run(Script1695813884754.groovy:281)
	at com.kms.katalon.core.main.ScriptEngine.run(ScriptEngine.java:194)
	at com.kms.katalon.core.main.ScriptEngine.runScriptAsRawText(ScriptEngine.java:119)
	at com.kms.katalon.core.main.TestCaseExecutor.runScript(TestCaseExecutor.java:448)
	at com.kms.katalon.core.main.TestCaseExecutor.doExecute(TestCaseExecutor.java:439)
	at com.kms.katalon.core.main.TestCaseExecutor.processExecutionPhase(TestCaseExecutor.java:418)
	at com.kms.katalon.core.main.TestCaseExecutor.accessMainPhase(TestCaseExecutor.java:410)
	at com.kms.katalon.core.main.TestCaseExecutor.execute(TestCaseExecutor.java:285)
	at com.kms.katalon.core.main.TestCaseMain.runTestCase(TestCaseMain.java:144)
	at com.kms.katalon.core.keyword.builtin.CallTestCaseKeyword$_callTestCase_closure1.doCall(CallTestCaseKeyword.groovy:59)
	at com.kms.katalon.core.keyword.builtin.CallTestCaseKeyword$_callTestCase_closure1.call(CallTestCaseKeyword.groovy)
	at com.kms.katalon.core.keyword.internal.KeywordMain.runKeyword(KeywordMain.groovy:75)
	at com.kms.katalon.core.keyword.builtin.CallTestCaseKeyword.callTestCase(CallTestCaseKeyword.groovy:81)
	at com.kms.katalon.core.keyword.builtin.CallTestCaseKeyword.execute(CallTestCaseKeyword.groovy:44)
	at com.kms.katalon.core.keyword.internal.KeywordExecutor.executeKeywordForPlatform(KeywordExecutor.groovy:74)
	at com.kms.katalon.core.keyword.BuiltinKeywords.callTestCase(BuiltinKeywords.groovy:310)
	at com.kazurayam.ksbackyard.HighlightElement$_pandemic_closure1.doCall(HighlightElement.groovy:105)
	at Script1697546404945.run(Script1697546404945.groovy:62)
	... 13 more
)

2023-11-23 15:11:38 - [TEST_STEP][FAILED] - setText(findTestObject("Object Repository/Page_Justificatifs_Usager/Input_Numero_Ephoto"), NumEphoto): Unable to set text '1PMTYE991215114515JY05' of object 'Object Repository/Page_Justificatifs_Usager/Input_Numero_Ephoto' (Root cause: com.kms.katalon.core.exception.StepFailedException: Unable to set text '1PMTYE991215114515JY05' of object 'Object Repository/Page_Justificatifs_Usager/Input_Numero_Ephoto'
	at com.kms.katalon.core.webui.keyword.internal.WebUIKeywordMain.stepFailed(WebUIKeywordMain.groovy:64)
	at com.kms.katalon.core.webui.keyword.internal.WebUIKeywordMain.runKeyword(WebUIKeywordMain.groovy:26)
	at com.kms.katalon.core.webui.keyword.builtin.SetTextKeyword.setText(SetTextKeyword.groovy:66)
	at com.kms.katalon.core.webui.keyword.builtin.SetTextKeyword.execute(SetTextKeyword.groovy:37)
	at com.kms.katalon.core.keyword.internal.KeywordExecutor.executeKeywordForPlatform(KeywordExecutor.groovy:74)
	at com.kms.katalon.core.webui.keyword.WebUiBuiltInKeywords.setText(WebUiBuiltInKeywords.groovy:980)
	at com.kazurayam.ksbackyard.HighlightElement$_pandemic_closure1.doCall(HighlightElement.groovy:105)
	at FormulaireJustificatifs.run(FormulaireJustificatifs:281)
	at com.kms.katalon.core.main.ScriptEngine.run(ScriptEngine.java:194)
	at com.kms.katalon.core.main.ScriptEngine.runScriptAsRawText(ScriptEngine.java:119)
	at com.kms.katalon.core.main.TestCaseExecutor.runScript(TestCaseExecutor.java:448)
	at com.kms.katalon.core.main.TestCaseExecutor.doExecute(TestCaseExecutor.java:439)
	at com.kms.katalon.core.main.TestCaseExecutor.processExecutionPhase(TestCaseExecutor.java:418)
	at com.kms.katalon.core.main.TestCaseExecutor.accessMainPhase(TestCaseExecutor.java:410)
	at com.kms.katalon.core.main.TestCaseExecutor.execute(TestCaseExecutor.java:285)
	at com.kms.katalon.core.main.TestCaseMain.runTestCase(TestCaseMain.java:144)
	at com.kms.katalon.core.keyword.builtin.CallTestCaseKeyword$_callTestCase_closure1.doCall(CallTestCaseKeyword.groovy:59)
	at com.kms.katalon.core.keyword.builtin.CallTestCaseKeyword$_callTestCase_closure1.call(CallTestCaseKeyword.groovy)
	at com.kms.katalon.core.keyword.internal.KeywordMain.runKeyword(KeywordMain.groovy:75)
	at com.kms.katalon.core.keyword.builtin.CallTestCaseKeyword.callTestCase(CallTestCaseKeyword.groovy:81)
	at com.kms.katalon.core.keyword.builtin.CallTestCaseKeyword.execute(CallTestCaseKeyword.groovy:44)
	at com.kms.katalon.core.keyword.internal.KeywordExecutor.executeKeywordForPlatform(KeywordExecutor.groovy:74)
	at com.kms.katalon.core.keyword.BuiltinKeywords.callTestCase(BuiltinKeywords.groovy:310)
	at com.kazurayam.ksbackyard.HighlightElement$_pandemic_closure1.doCall(HighlightElement.groovy:105)
	at TNR R.TSPT Supp90-Etudiant.run(TNR R.TSPT Supp90-Etudiant:62)
	at com.kms.katalon.core.main.ScriptEngine.run(ScriptEngine.java:194)
	at com.kms.katalon.core.main.ScriptEngine.runScriptAsRawText(ScriptEngine.java:119)
	at com.kms.katalon.core.main.TestCaseExecutor.runScript(TestCaseExecutor.java:448)
	at com.kms.katalon.core.main.TestCaseExecutor.doExecute(TestCaseExecutor.java:439)
	at com.kms.katalon.core.main.TestCaseExecutor.processExecutionPhase(TestCaseExecutor.java:418)
	at com.kms.katalon.core.main.TestCaseExecutor.accessMainPhase(TestCaseExecutor.java:410)
	at com.kms.katalon.core.main.TestCaseExecutor.execute(TestCaseExecutor.java:285)
	at com.kms.katalon.core.common.CommonExecutor.accessTestCaseMainPhase(CommonExecutor.java:65)
	at com.kms.katalon.core.main.TestSuiteExecutor.accessTestSuiteMainPhase(TestSuiteExecutor.java:148)
	at com.kms.katalon.core.main.TestSuiteExecutor.execute(TestSuiteExecutor.java:106)
	at com.kms.katalon.core.main.TestCaseMain.startTestSuite(TestCaseMain.java:187)
	at com.kms.katalon.core.main.TestCaseMain$startTestSuite$0.call(Unknown Source)
	at TempTestSuite1700747757013.run(TempTestSuite1700747757013.groovy:36)
Caused by: com.kms.katalon.core.webui.exception.WebElementNotFoundException: Web element with id: 'Object Repository/Page_Justificatifs_Usager/Input_Numero_Ephoto' located by '//*[@aria-labelledby="PHOTO_NUMBER-label" and @type ="text"]|//*[@aria-labelledby="PHOTO_IDENTITE-label" and @type ="text"]' not found
	at com.kms.katalon.core.webui.common.WebUiCommonHelper.findWebElement(WebUiCommonHelper.java:1381)
	at com.kms.katalon.core.webui.keyword.internal.WebUIAbstractKeyword.findWebElement(WebUIAbstractKeyword.groovy:27)
	at com.kms.katalon.core.webui.keyword.internal.WebUIAbstractKeyword.findWebElement(WebUIAbstractKeyword.groovy:26)
	at com.kms.katalon.core.webui.keyword.builtin.SetTextKeyword$_setText_closure1.doCall(SetTextKeyword.groovy:51)
	at com.kms.katalon.core.webui.keyword.builtin.SetTextKeyword$_setText_closure1.call(SetTextKeyword.groovy)
	at com.kms.katalon.core.webui.keyword.internal.WebUIKeywordMain.runKeyword(WebUIKeywordMain.groovy:20)
	at com.kms.katalon.core.webui.keyword.builtin.SetTextKeyword.setText(SetTextKeyword.groovy:66)
	at com.kms.katalon.core.webui.keyword.builtin.SetTextKeyword.execute(SetTextKeyword.groovy:37)
	at com.kms.katalon.core.keyword.internal.KeywordExecutor.executeKeywordForPlatform(KeywordExecutor.groovy:74)
	at com.kms.katalon.core.webui.keyword.WebUiBuiltInKeywords.setText(WebUiBuiltInKeywords.groovy:980)
	at com.kazurayam.ksbackyard.HighlightElement$_pandemic_closure1.doCall(HighlightElement.groovy:105)
	at Script1695813884754.run(Script1695813884754.groovy:281)
	at com.kms.katalon.core.main.ScriptEngine.run(ScriptEngine.java:194)
	at com.kms.katalon.core.main.ScriptEngine.runScriptAsRawText(ScriptEngine.java:119)
	at com.kms.katalon.core.main.TestCaseExecutor.runScript(TestCaseExecutor.java:448)
	at com.kms.katalon.core.main.TestCaseExecutor.doExecute(TestCaseExecutor.java:439)
	at com.kms.katalon.core.main.TestCaseExecutor.processExecutionPhase(TestCaseExecutor.java:418)
	at com.kms.katalon.core.main.TestCaseExecutor.accessMainPhase(TestCaseExecutor.java:410)
	at com.kms.katalon.core.main.TestCaseExecutor.execute(TestCaseExecutor.java:285)
	at com.kms.katalon.core.main.TestCaseMain.runTestCase(TestCaseMain.java:144)
	at com.kms.katalon.core.keyword.builtin.CallTestCaseKeyword$_callTestCase_closure1.doCall(CallTestCaseKeyword.groovy:59)
	at com.kms.katalon.core.keyword.builtin.CallTestCaseKeyword$_callTestCase_closure1.call(CallTestCaseKeyword.groovy)
	at com.kms.katalon.core.keyword.internal.KeywordMain.runKeyword(KeywordMain.groovy:75)
	at com.kms.katalon.core.keyword.builtin.CallTestCaseKeyword.callTestCase(CallTestCaseKeyword.groovy:81)
	at com.kms.katalon.core.keyword.builtin.CallTestCaseKeyword.execute(CallTestCaseKeyword.groovy:44)
	at com.kms.katalon.core.keyword.internal.KeywordExecutor.executeKeywordForPlatform(KeywordExecutor.groovy:74)
	at com.kms.katalon.core.keyword.BuiltinKeywords.callTestCase(BuiltinKeywords.groovy:310)
	at com.kazurayam.ksbackyard.HighlightElement$_pandemic_closure1.doCall(HighlightElement.groovy:105)
	at Script1697546404945.run(Script1697546404945.groovy:62)
	... 13 more
)

2023-11-23 15:11:38 - [MESSAGE][INFO] - Finding Test Object 'Object Repository/Page_Justificatifs_Usager/Input_Numero_Ephoto'

2023-11-23 15:11:38 - [MESSAGE][INFO] - Checking timeout

2023-11-23 15:11:38 - [MESSAGE][INFO] - Finding web element with id: 'Object Repository/Page_Justificatifs_Usager/Input_Numero_Ephoto' located by 'By.xpath: //*[@aria-labelledby="PHOTO_NUMBER-label" and @type ="text"]|//*[@aria-labelledby="PHOTO_IDENTITE-label" and @type ="text"]' in '20' second(s)

2023-11-23 15:11:38 - [MESSAGE][INFO] - Smart Wait Function is triggered

2023-11-23 15:11:38 - [MESSAGE][INFO] - Smart Wait Function is triggered

2023-11-23 15:11:38 - [MESSAGE][INFO] - Smart Wait Function is triggered

2023-11-23 15:11:38 - [MESSAGE][INFO] - Smart Wait Function is triggered

2023-11-23 15:11:38 - [MESSAGE][INFO] - Smart Wait Function is triggered

2023-11-23 15:11:38 - [MESSAGE][INFO] - Smart Wait Function is triggered

2023-11-23 15:11:38 - [MESSAGE][INFO] - Smart Wait Function is triggered

2023-11-23 15:11:38 - [MESSAGE][INFO] - Smart Wait Function is triggered

2023-11-23 15:11:38 - [MESSAGE][INFO] - Smart Wait Function is triggered

2023-11-23 15:11:38 - [MESSAGE][INFO] - Smart Wait Function is triggered

2023-11-23 15:11:38 - [MESSAGE][INFO] - Smart Wait Function is triggered

2023-11-23 15:11:38 - [MESSAGE][INFO] - Smart Wait Function is triggered

2023-11-23 15:11:38 - [MESSAGE][INFO] - Smart Wait Function is triggered

2023-11-23 15:11:38 - [MESSAGE][INFO] - Smart Wait Function is triggered

2023-11-23 15:11:38 - [MESSAGE][INFO] - Smart Wait Function is triggered

2023-11-23 15:11:38 - [MESSAGE][INFO] - Smart Wait Function is triggered

2023-11-23 15:11:38 - [MESSAGE][INFO] - Smart Wait Function is triggered

2023-11-23 15:11:38 - [MESSAGE][INFO] - Smart Wait Function is triggered

2023-11-23 15:11:38 - [MESSAGE][INFO] - Smart Wait Function is triggered

2023-11-23 15:11:38 - [MESSAGE][INFO] - Smart Wait Function is triggered

2023-11-23 15:11:38 - [MESSAGE][INFO] - Smart Wait Function is triggered

2023-11-23 15:11:38 - [MESSAGE][INFO] - Smart Wait Function is triggered

2023-11-23 15:11:39 - [MESSAGE][INFO] - Smart Wait Function is triggered

2023-11-23 15:11:39 - [MESSAGE][INFO] - Smart Wait Function is triggered

2023-11-23 15:11:39 - [MESSAGE][INFO] - Smart Wait Function is triggered

2023-11-23 15:11:39 - [MESSAGE][INFO] - Smart Wait Function is triggered

2023-11-23 15:11:39 - [MESSAGE][INFO] - Smart Wait Function is triggered

2023-11-23 15:11:39 - [MESSAGE][INFO] - Smart Wait Function is triggered

2023-11-23 15:11:39 - [MESSAGE][INFO] - Smart Wait Function is triggered

2023-11-23 15:11:39 - [MESSAGE][INFO] - Smart Wait Function is triggered

2023-11-23 15:11:39 - [MESSAGE][INFO] - Smart Wait Function is triggered

2023-11-23 15:11:39 - [MESSAGE][INFO] - Smart Wait Function is triggered

2023-11-23 15:11:39 - [MESSAGE][INFO] - Smart Wait Function is triggered

2023-11-23 15:11:39 - [MESSAGE][INFO] - Smart Wait Function is triggered

2023-11-23 15:11:39 - [MESSAGE][INFO] - Smart Wait Function is triggered

2023-11-23 15:11:39 - [MESSAGE][INFO] - Smart Wait Function is triggered

2023-11-23 15:11:39 - [MESSAGE][INFO] - Smart Wait Function is triggered

2023-11-23 15:11:39 - [MESSAGE][INFO] - Smart Wait Function is triggered

2023-11-23 15:11:39 - [MESSAGE][INFO] - Smart Wait Function is triggered

2023-11-23 15:11:39 - [MESSAGE][INFO] - Smart Wait Function is triggered

2023-11-23 15:11:39 - [MESSAGE][INFO] - Smart Wait Function is triggered

2023-11-23 15:11:39 - [MESSAGE][INFO] - Smart Wait Function is triggered

2023-11-23 15:11:39 - [MESSAGE][INFO] - Smart Wait Function is triggered

2023-11-23 15:11:39 - [MESSAGE][INFO] - Smart Wait Function is triggered

2023-11-23 15:11:39 - [MESSAGE][INFO] - Smart Wait Function is triggered

2023-11-23 15:11:39 - [MESSAGE][INFO] - Smart Wait Function is triggered

2023-11-23 15:11:39 - [MESSAGE][INFO] - Smart Wait Function is triggered

2023-11-23 15:11:39 - [MESSAGE][INFO] - Smart Wait Function is triggered

2023-11-23 15:11:39 - [MESSAGE][INFO] - Smart Wait Function is triggered

2023-11-23 15:11:39 - [MESSAGE][INFO] - Smart Wait Function is triggered

2023-11-23 15:11:39 - [MESSAGE][INFO] - Smart Wait Function is triggered

2023-11-23 15:11:39 - [MESSAGE][INFO] - Smart Wait Function is triggered

2023-11-23 15:11:40 - [MESSAGE][INFO] - Smart Wait Function is triggered

2023-11-23 15:11:40 - [MESSAGE][INFO] - Smart Wait Function is triggered

2023-11-23 15:11:40 - [MESSAGE][INFO] - Smart Wait Function is triggered

2023-11-23 15:11:40 - [MESSAGE][INFO] - Smart Wait Function is triggered

2023-11-23 15:11:40 - [MESSAGE][INFO] - Smart Wait Function is triggered

2023-11-23 15:11:40 - [MESSAGE][INFO] - Smart Wait Function is triggered

2023-11-23 15:11:40 - [MESSAGE][INFO] - Smart Wait Function is triggered

2023-11-23 15:11:40 - [MESSAGE][INFO] - Smart Wait Function is triggered

2023-11-23 15:11:40 - [MESSAGE][INFO] - Smart Wait Function is triggered

2023-11-23 15:11:40 - [MESSAGE][INFO] - Smart Wait Function is triggered

2023-11-23 15:11:40 - [MESSAGE][INFO] - Smart Wait Function is triggered

2023-11-23 15:11:40 - [MESSAGE][INFO] - Smart Wait Function is triggered

2023-11-23 15:11:40 - [MESSAGE][INFO] - Smart Wait Function is triggered

2023-11-23 15:11:40 - [MESSAGE][INFO] - Smart Wait Function is triggered

2023-11-23 15:11:40 - [MESSAGE][INFO] - Smart Wait Function is triggered

2023-11-23 15:11:40 - [MESSAGE][INFO] - Smart Wait Function is triggered

2023-11-23 15:11:40 - [MESSAGE][INFO] - Smart Wait Function is triggered

2023-11-23 15:11:40 - [MESSAGE][INFO] - Smart Wait Function is triggered

2023-11-23 15:11:40 - [MESSAGE][INFO] - Smart Wait Function is triggered

2023-11-23 15:11:40 - [MESSAGE][INFO] - Smart Wait Function is triggered

2023-11-23 15:11:40 - [MESSAGE][INFO] - Smart Wait Function is triggered

2023-11-23 15:11:40 - [MESSAGE][INFO] - Smart Wait Function is triggered

2023-11-23 15:11:40 - [MESSAGE][INFO] - Smart Wait Function is triggered

2023-11-23 15:11:40 - [MESSAGE][INFO] - Smart Wait Function is triggered

2023-11-23 15:11:40 - [MESSAGE][INFO] - Smart Wait Function is triggered

2023-11-23 15:11:40 - [MESSAGE][INFO] - Smart Wait Function is triggered

2023-11-23 15:11:40 - [MESSAGE][INFO] - Smart Wait Function is triggered

2023-11-23 15:11:40 - [MESSAGE][INFO] - Smart Wait Function is triggered

2023-11-23 15:11:40 - [MESSAGE][INFO] - Smart Wait Function is triggered

2023-11-23 15:11:40 - [MESSAGE][INFO] - Smart Wait Function is triggered

2023-11-23 15:11:40 - [MESSAGE][INFO] - Smart Wait Function is triggered

2023-11-23 15:11:41 - [MESSAGE][INFO] - Smart Wait Function is triggered

2023-11-23 15:11:41 - [MESSAGE][INFO] - Smart Wait Function is triggered

2023-11-23 15:11:41 - [MESSAGE][INFO] - Smart Wait Function is triggered

2023-11-23 15:11:41 - [MESSAGE][INFO] - Smart Wait Function is triggered

2023-11-23 15:11:41 - [MESSAGE][INFO] - Smart Wait Function is triggered

2023-11-23 15:11:41 - [MESSAGE][INFO] - Smart Wait Function is triggered

2023-11-23 15:11:41 - [MESSAGE][INFO] - Smart Wait Function is triggered

2023-11-23 15:11:41 - [MESSAGE][INFO] - Smart Wait Function is triggered

2023-11-23 15:11:41 - [MESSAGE][INFO] - Smart Wait Function is triggered

2023-11-23 15:11:41 - [MESSAGE][INFO] - Smart Wait Function is triggered

2023-11-23 15:11:41 - [MESSAGE][INFO] - Smart Wait Function is triggered

2023-11-23 15:11:41 - [MESSAGE][INFO] - Smart Wait Function is triggered

2023-11-23 15:11:41 - [MESSAGE][INFO] - Smart Wait Function is triggered

2023-11-23 15:11:41 - [MESSAGE][INFO] - Smart Wait Function is triggered

2023-11-23 15:11:41 - [MESSAGE][INFO] - Smart Wait Function is triggered

2023-11-23 15:11:41 - [MESSAGE][INFO] - Smart Wait Function is triggered

2023-11-23 15:11:41 - [MESSAGE][INFO] - Smart Wait Function is triggered

2023-11-23 15:11:41 - [MESSAGE][INFO] - Smart Wait Function is triggered

2023-11-23 15:11:41 - [MESSAGE][INFO] - Smart Wait Function is triggered

2023-11-23 15:11:41 - [MESSAGE][INFO] - Smart Wait Function is triggered

2023-11-23 15:11:41 - [MESSAGE][INFO] - Smart Wait Function is triggered

2023-11-23 15:11:41 - [MESSAGE][INFO] - Smart Wait Function is triggered

2023-11-23 15:11:41 - [MESSAGE][INFO] - Smart Wait Function is triggered

2023-11-23 15:11:41 - [MESSAGE][INFO] - Smart Wait Function is triggered

2023-11-23 15:11:41 - [MESSAGE][INFO] - Smart Wait Function is triggered

2023-11-23 15:11:41 - [MESSAGE][INFO] - Smart Wait Function is triggered

2023-11-23 15:11:41 - [MESSAGE][INFO] - Smart Wait Function is triggered

2023-11-23 15:11:41 - [MESSAGE][INFO] - Smart Wait Function is triggered

2023-11-23 15:11:41 - [MESSAGE][INFO] - Smart Wait Function is triggered

2023-11-23 15:11:41 - [MESSAGE][INFO] - Smart Wait Function is triggered

2023-11-23 15:11:41 - [MESSAGE][INFO] - Smart Wait Function is triggered

2023-11-23 15:11:42 - [MESSAGE][INFO] - Smart Wait Function is triggered

2023-11-23 15:11:42 - [MESSAGE][INFO] - Smart Wait Function is triggered

2023-11-23 15:11:42 - [MESSAGE][INFO] - Smart Wait Function is triggered

2023-11-23 15:11:42 - [MESSAGE][INFO] - Smart Wait Function is triggered

2023-11-23 15:11:42 - [MESSAGE][INFO] - Smart Wait Function is triggered

2023-11-23 15:11:42 - [MESSAGE][INFO] - Smart Wait Function is triggered

2023-11-23 15:11:42 - [MESSAGE][INFO] - Smart Wait Function is triggered

2023-11-23 15:11:42 - [MESSAGE][INFO] - Smart Wait Function is triggered

2023-11-23 15:11:42 - [MESSAGE][INFO] - Smart Wait Function is triggered

2023-11-23 15:11:42 - [MESSAGE][INFO] - Smart Wait Function is triggered

2023-11-23 15:11:42 - [MESSAGE][INFO] - Smart Wait Function is triggered

2023-11-23 15:11:42 - [MESSAGE][INFO] - Smart Wait Function is triggered

2023-11-23 15:11:42 - [MESSAGE][INFO] - Smart Wait Function is triggered

2023-11-23 15:11:42 - [MESSAGE][INFO] - Smart Wait Function is triggered

2023-11-23 15:11:42 - [MESSAGE][INFO] - Smart Wait Function is triggered

2023-11-23 15:11:42 - [MESSAGE][INFO] - Smart Wait Function is triggered

2023-11-23 15:11:42 - [MESSAGE][INFO] - Smart Wait Function is triggered

2023-11-23 15:11:42 - [MESSAGE][INFO] - Smart Wait Function is triggered

2023-11-23 15:11:42 - [MESSAGE][INFO] - Smart Wait Function is triggered

2023-11-23 15:11:42 - [MESSAGE][INFO] - Smart Wait Function is triggered

2023-11-23 15:11:42 - [MESSAGE][INFO] - Smart Wait Function is triggered

2023-11-23 15:11:42 - [MESSAGE][INFO] - Smart Wait Function is triggered

2023-11-23 15:11:42 - [MESSAGE][INFO] - Smart Wait Function is triggered

2023-11-23 15:11:42 - [MESSAGE][INFO] - Smart Wait Function is triggered

2023-11-23 15:11:42 - [MESSAGE][INFO] - Smart Wait Function is triggered

2023-11-23 15:11:42 - [MESSAGE][INFO] - Smart Wait Function is triggered

2023-11-23 15:11:42 - [MESSAGE][INFO] - Smart Wait Function is triggered

2023-11-23 15:11:42 - [MESSAGE][INFO] - Smart Wait Function is triggered

2023-11-23 15:11:42 - [MESSAGE][INFO] - Smart Wait Function is triggered

2023-11-23 15:11:42 - [MESSAGE][INFO] - Smart Wait Function is triggered

2023-11-23 15:11:43 - [MESSAGE][INFO] - Smart Wait Function is triggered

2023-11-23 15:11:43 - [MESSAGE][INFO] - Smart Wait Function is triggered

2023-11-23 15:11:43 - [MESSAGE][INFO] - Smart Wait Function is triggered

2023-11-23 15:11:43 - [MESSAGE][INFO] - Smart Wait Function is triggered

2023-11-23 15:11:43 - [MESSAGE][INFO] - Smart Wait Function is triggered

2023-11-23 15:11:43 - [MESSAGE][INFO] - Smart Wait Function is triggered

2023-11-23 15:11:43 - [MESSAGE][INFO] - Smart Wait Function is triggered

2023-11-23 15:11:43 - [MESSAGE][INFO] - Smart Wait Function is triggered

2023-11-23 15:11:43 - [MESSAGE][INFO] - Smart Wait Function is triggered

2023-11-23 15:11:43 - [MESSAGE][INFO] - Smart Wait Function is triggered

2023-11-23 15:11:43 - [MESSAGE][INFO] - Smart Wait Function is triggered

2023-11-23 15:11:43 - [MESSAGE][INFO] - Smart Wait Function is triggered

2023-11-23 15:11:43 - [MESSAGE][INFO] - Smart Wait Function is triggered

2023-11-23 15:11:43 - [MESSAGE][INFO] - Smart Wait Function is triggered

2023-11-23 15:11:43 - [MESSAGE][INFO] - Smart Wait Function is triggered

2023-11-23 15:11:43 - [MESSAGE][INFO] - Smart Wait Function is triggered

2023-11-23 15:11:43 - [MESSAGE][INFO] - Smart Wait Function is triggered

2023-11-23 15:11:43 - [MESSAGE][INFO] - Smart Wait Function is triggered

2023-11-23 15:11:43 - [MESSAGE][INFO] - Smart Wait Function is triggered

2023-11-23 15:11:43 - [MESSAGE][INFO] - Smart Wait Function is triggered

2023-11-23 15:11:43 - [MESSAGE][INFO] - Smart Wait Function is triggered

2023-11-23 15:11:43 - [MESSAGE][INFO] - Smart Wait Function is triggered

2023-11-23 15:11:43 - [MESSAGE][INFO] - Smart Wait Function is triggered

2023-11-23 15:11:43 - [MESSAGE][INFO] - Smart Wait Function is triggered

2023-11-23 15:11:43 - [MESSAGE][INFO] - Smart Wait Function is triggered

2023-11-23 15:11:43 - [MESSAGE][INFO] - Smart Wait Function is triggered

2023-11-23 15:11:43 - [MESSAGE][INFO] - Smart Wait Function is triggered

2023-11-23 15:11:43 - [MESSAGE][INFO] - Smart Wait Function is triggered

2023-11-23 15:11:43 - [MESSAGE][INFO] - Smart Wait Function is triggered

2023-11-23 15:11:44 - [MESSAGE][INFO] - Smart Wait Function is triggered

2023-11-23 15:11:44 - [MESSAGE][INFO] - Smart Wait Function is triggered

2023-11-23 15:11:44 - [MESSAGE][INFO] - Smart Wait Function is triggered

2023-11-23 15:11:44 - [MESSAGE][INFO] - Smart Wait Function is triggered

2023-11-23 15:11:44 - [MESSAGE][INFO] - Smart Wait Function is triggered

2023-11-23 15:11:44 - [MESSAGE][INFO] - Smart Wait Function is triggered

2023-11-23 15:11:44 - [MESSAGE][INFO] - Smart Wait Function is triggered

2023-11-23 15:11:44 - [MESSAGE][INFO] - Smart Wait Function is triggered

2023-11-23 15:11:44 - [MESSAGE][INFO] - Smart Wait Function is triggered

2023-11-23 15:11:44 - [MESSAGE][INFO] - Smart Wait Function is triggered

2023-11-23 15:11:44 - [MESSAGE][INFO] - Smart Wait Function is triggered

2023-11-23 15:11:44 - [MESSAGE][INFO] - Smart Wait Function is triggered

2023-11-23 15:11:44 - [MESSAGE][INFO] - Smart Wait Function is triggered

2023-11-23 15:11:44 - [MESSAGE][INFO] - Smart Wait Function is triggered

2023-11-23 15:11:44 - [MESSAGE][INFO] - Smart Wait Function is triggered

2023-11-23 15:11:44 - [MESSAGE][INFO] - Smart Wait Function is triggered

2023-11-23 15:11:44 - [MESSAGE][INFO] - Smart Wait Function is triggered

2023-11-23 15:11:44 - [MESSAGE][INFO] - Smart Wait Function is triggered

2023-11-23 15:11:44 - [MESSAGE][INFO] - Smart Wait Function is triggered

2023-11-23 15:11:44 - [MESSAGE][INFO] - Smart Wait Function is triggered

2023-11-23 15:11:44 - [MESSAGE][INFO] - Smart Wait Function is triggered

2023-11-23 15:11:44 - [MESSAGE][INFO] - Smart Wait Function is triggered

2023-11-23 15:11:44 - [MESSAGE][INFO] - Smart Wait Function is triggered

2023-11-23 15:11:44 - [MESSAGE][INFO] - Smart Wait Function is triggered

2023-11-23 15:11:44 - [MESSAGE][INFO] - Smart Wait Function is triggered

2023-11-23 15:11:44 - [MESSAGE][INFO] - Smart Wait Function is triggered

2023-11-23 15:11:44 - [MESSAGE][INFO] - Smart Wait Function is triggered

2023-11-23 15:11:44 - [MESSAGE][INFO] - Smart Wait Function is triggered

2023-11-23 15:11:44 - [MESSAGE][INFO] - Smart Wait Function is triggered

2023-11-23 15:11:44 - [MESSAGE][INFO] - Smart Wait Function is triggered

2023-11-23 15:11:45 - [MESSAGE][INFO] - Smart Wait Function is triggered

2023-11-23 15:11:45 - [MESSAGE][INFO] - Smart Wait Function is triggered

2023-11-23 15:11:45 - [MESSAGE][INFO] - Smart Wait Function is triggered

2023-11-23 15:11:45 - [MESSAGE][INFO] - Smart Wait Function is triggered

2023-11-23 15:11:45 - [MESSAGE][INFO] - Smart Wait Function is triggered

2023-11-23 15:11:45 - [MESSAGE][INFO] - Smart Wait Function is triggered

2023-11-23 15:11:45 - [MESSAGE][INFO] - Smart Wait Function is triggered

2023-11-23 15:11:45 - [MESSAGE][INFO] - Smart Wait Function is triggered

2023-11-23 15:11:45 - [MESSAGE][INFO] - Smart Wait Function is triggered

2023-11-23 15:11:45 - [MESSAGE][INFO] - Smart Wait Function is triggered

2023-11-23 15:11:45 - [MESSAGE][INFO] - Smart Wait Function is triggered

2023-11-23 15:11:45 - [MESSAGE][INFO] - Smart Wait Function is triggered

2023-11-23 15:11:45 - [MESSAGE][INFO] - Smart Wait Function is triggered

2023-11-23 15:11:45 - [MESSAGE][INFO] - Smart Wait Function is triggered

2023-11-23 15:11:45 - [MESSAGE][INFO] - Smart Wait Function is triggered

2023-11-23 15:11:45 - [MESSAGE][INFO] - Smart Wait Function is triggered

2023-11-23 15:11:45 - [MESSAGE][INFO] - Smart Wait Function is triggered

2023-11-23 15:11:45 - [MESSAGE][INFO] - Smart Wait Function is triggered

2023-11-23 15:11:45 - [MESSAGE][INFO] - Smart Wait Function is triggered

2023-11-23 15:11:45 - [MESSAGE][INFO] - Smart Wait Function is triggered

2023-11-23 15:11:45 - [MESSAGE][INFO] - Smart Wait Function is triggered

2023-11-23 15:11:45 - [MESSAGE][INFO] - Smart Wait Function is triggered

2023-11-23 15:11:45 - [MESSAGE][INFO] - Smart Wait Function is triggered

2023-11-23 15:11:45 - [MESSAGE][INFO] - Smart Wait Function is triggered

2023-11-23 15:11:45 - [MESSAGE][INFO] - Smart Wait Function is triggered

2023-11-23 15:11:45 - [MESSAGE][INFO] - Smart Wait Function is triggered

2023-11-23 15:11:45 - [MESSAGE][INFO] - Smart Wait Function is triggered

2023-11-23 15:11:45 - [MESSAGE][INFO] - Smart Wait Function is triggered

2023-11-23 15:11:45 - [MESSAGE][INFO] - Smart Wait Function is triggered

2023-11-23 15:11:45 - [MESSAGE][INFO] - Smart Wait Function is triggered

2023-11-23 15:11:46 - [MESSAGE][INFO] - Smart Wait Function is triggered

2023-11-23 15:11:46 - [MESSAGE][INFO] - Smart Wait Function is triggered

2023-11-23 15:11:46 - [MESSAGE][INFO] - Smart Wait Function is triggered

2023-11-23 15:11:46 - [MESSAGE][INFO] - Smart Wait Function is triggered

2023-11-23 15:11:46 - [MESSAGE][INFO] - Smart Wait Function is triggered

2023-11-23 15:11:46 - [MESSAGE][INFO] - Smart Wait Function is triggered

2023-11-23 15:11:46 - [MESSAGE][INFO] - Smart Wait Function is triggered

2023-11-23 15:11:46 - [MESSAGE][INFO] - Smart Wait Function is triggered

2023-11-23 15:11:46 - [MESSAGE][INFO] - Smart Wait Function is triggered

2023-11-23 15:11:46 - [MESSAGE][INFO] - Smart Wait Function is triggered

2023-11-23 15:11:46 - [MESSAGE][INFO] - Smart Wait Function is triggered

2023-11-23 15:11:46 - [MESSAGE][INFO] - Smart Wait Function is triggered

2023-11-23 15:11:46 - [MESSAGE][INFO] - Smart Wait Function is triggered

2023-11-23 15:11:46 - [MESSAGE][INFO] - Smart Wait Function is triggered

2023-11-23 15:11:46 - [MESSAGE][INFO] - Smart Wait Function is triggered

2023-11-23 15:11:46 - [MESSAGE][INFO] - Smart Wait Function is triggered

2023-11-23 15:11:46 - [MESSAGE][INFO] - Smart Wait Function is triggered

2023-11-23 15:11:46 - [MESSAGE][INFO] - Smart Wait Function is triggered

2023-11-23 15:11:46 - [MESSAGE][INFO] - Smart Wait Function is triggered

2023-11-23 15:11:46 - [MESSAGE][INFO] - Smart Wait Function is triggered

2023-11-23 15:11:46 - [MESSAGE][INFO] - Smart Wait Function is triggered

2023-11-23 15:11:46 - [MESSAGE][INFO] - Smart Wait Function is triggered

2023-11-23 15:11:46 - [MESSAGE][INFO] - Smart Wait Function is triggered

2023-11-23 15:11:46 - [MESSAGE][INFO] - Smart Wait Function is triggered

2023-11-23 15:11:46 - [MESSAGE][INFO] - Smart Wait Function is triggered

2023-11-23 15:11:46 - [MESSAGE][INFO] - Smart Wait Function is triggered

2023-11-23 15:11:46 - [MESSAGE][INFO] - Smart Wait Function is triggered

2023-11-23 15:11:46 - [MESSAGE][INFO] - Smart Wait Function is triggered

2023-11-23 15:11:46 - [MESSAGE][INFO] - Smart Wait Function is triggered

2023-11-23 15:11:46 - [MESSAGE][INFO] - Smart Wait Function is triggered

2023-11-23 15:11:46 - [MESSAGE][INFO] - Smart Wait Function is triggered

2023-11-23 15:11:47 - [MESSAGE][INFO] - Smart Wait Function is triggered

2023-11-23 15:11:47 - [MESSAGE][INFO] - Smart Wait Function is triggered

2023-11-23 15:11:47 - [MESSAGE][INFO] - Smart Wait Function is triggered

2023-11-23 15:11:47 - [MESSAGE][INFO] - Smart Wait Function is triggered

2023-11-23 15:11:47 - [MESSAGE][INFO] - Smart Wait Function is triggered

2023-11-23 15:11:47 - [MESSAGE][INFO] - Smart Wait Function is triggered

2023-11-23 15:11:47 - [MESSAGE][INFO] - Smart Wait Function is triggered

2023-11-23 15:11:47 - [MESSAGE][INFO] - Smart Wait Function is triggered

2023-11-23 15:11:47 - [MESSAGE][INFO] - Smart Wait Function is triggered

2023-11-23 15:11:47 - [MESSAGE][INFO] - Smart Wait Function is triggered

2023-11-23 15:11:47 - [MESSAGE][INFO] - Smart Wait Function is triggered

2023-11-23 15:11:47 - [MESSAGE][INFO] - Smart Wait Function is triggered

2023-11-23 15:11:47 - [MESSAGE][INFO] - Smart Wait Function is triggered

2023-11-23 15:11:47 - [MESSAGE][INFO] - Smart Wait Function is triggered

2023-11-23 15:11:47 - [MESSAGE][INFO] - Smart Wait Function is triggered

2023-11-23 15:11:47 - [MESSAGE][INFO] - Smart Wait Function is triggered

2023-11-23 15:11:47 - [MESSAGE][INFO] - Smart Wait Function is triggered

2023-11-23 15:11:47 - [MESSAGE][INFO] - Smart Wait Function is triggered

2023-11-23 15:11:47 - [MESSAGE][INFO] - Smart Wait Function is triggered

2023-11-23 15:11:47 - [MESSAGE][INFO] - Smart Wait Function is triggered

2023-11-23 15:11:47 - [MESSAGE][INFO] - Smart Wait Function is triggered

2023-11-23 15:11:47 - [MESSAGE][INFO] - Smart Wait Function is triggered

2023-11-23 15:11:47 - [MESSAGE][INFO] - Smart Wait Function is triggered

2023-11-23 15:11:47 - [MESSAGE][INFO] - Smart Wait Function is triggered

2023-11-23 15:11:47 - [MESSAGE][INFO] - Smart Wait Function is triggered

2023-11-23 15:11:47 - [MESSAGE][INFO] - Smart Wait Function is triggered

2023-11-23 15:11:47 - [MESSAGE][INFO] - Smart Wait Function is triggered

2023-11-23 15:11:47 - [MESSAGE][INFO] - Smart Wait Function is triggered

2023-11-23 15:11:47 - [MESSAGE][INFO] - Smart Wait Function is triggered

2023-11-23 15:11:47 - [MESSAGE][INFO] - Smart Wait Function is triggered

2023-11-23 15:11:48 - [MESSAGE][INFO] - Smart Wait Function is triggered

2023-11-23 15:11:48 - [MESSAGE][INFO] - Smart Wait Function is triggered

2023-11-23 15:11:48 - [MESSAGE][INFO] - Smart Wait Function is triggered

2023-11-23 15:11:48 - [MESSAGE][INFO] - Smart Wait Function is triggered

2023-11-23 15:11:48 - [MESSAGE][INFO] - Smart Wait Function is triggered

2023-11-23 15:11:48 - [MESSAGE][INFO] - Smart Wait Function is triggered

2023-11-23 15:11:48 - [MESSAGE][INFO] - Smart Wait Function is triggered

2023-11-23 15:11:48 - [MESSAGE][INFO] - Smart Wait Function is triggered

2023-11-23 15:11:48 - [MESSAGE][INFO] - Smart Wait Function is triggered

2023-11-23 15:11:48 - [MESSAGE][INFO] - Smart Wait Function is triggered

2023-11-23 15:11:48 - [MESSAGE][INFO] - Smart Wait Function is triggered

2023-11-23 15:11:48 - [MESSAGE][INFO] - Smart Wait Function is triggered

2023-11-23 15:11:48 - [MESSAGE][INFO] - Smart Wait Function is triggered

2023-11-23 15:11:48 - [MESSAGE][INFO] - Smart Wait Function is triggered

2023-11-23 15:11:48 - [MESSAGE][INFO] - Smart Wait Function is triggered

2023-11-23 15:11:48 - [MESSAGE][INFO] - Smart Wait Function is triggered

2023-11-23 15:11:48 - [MESSAGE][INFO] - Smart Wait Function is triggered

2023-11-23 15:11:48 - [MESSAGE][INFO] - Smart Wait Function is triggered

2023-11-23 15:11:48 - [MESSAGE][INFO] - Smart Wait Function is triggered

2023-11-23 15:11:48 - [MESSAGE][INFO] - Smart Wait Function is triggered

2023-11-23 15:11:48 - [MESSAGE][INFO] - Smart Wait Function is triggered

2023-11-23 15:11:48 - [MESSAGE][INFO] - Smart Wait Function is triggered

2023-11-23 15:11:48 - [MESSAGE][INFO] - Smart Wait Function is triggered

2023-11-23 15:11:48 - [MESSAGE][INFO] - Smart Wait Function is triggered

2023-11-23 15:11:48 - [MESSAGE][INFO] - Smart Wait Function is triggered

2023-11-23 15:11:48 - [MESSAGE][INFO] - Smart Wait Function is triggered

2023-11-23 15:11:48 - [MESSAGE][INFO] - Smart Wait Function is triggered

2023-11-23 15:11:48 - [MESSAGE][INFO] - Smart Wait Function is triggered

2023-11-23 15:11:48 - [MESSAGE][INFO] - Smart Wait Function is triggered

2023-11-23 15:11:48 - [MESSAGE][INFO] - Smart Wait Function is triggered

2023-11-23 15:11:48 - [MESSAGE][INFO] - Smart Wait Function is triggered

2023-11-23 15:11:49 - [MESSAGE][INFO] - Smart Wait Function is triggered

2023-11-23 15:11:49 - [MESSAGE][INFO] - Smart Wait Function is triggered

2023-11-23 15:11:49 - [MESSAGE][INFO] - Smart Wait Function is triggered

2023-11-23 15:11:49 - [MESSAGE][INFO] - Smart Wait Function is triggered

2023-11-23 15:11:49 - [MESSAGE][INFO] - Smart Wait Function is triggered

2023-11-23 15:11:49 - [MESSAGE][INFO] - Smart Wait Function is triggered

2023-11-23 15:11:49 - [MESSAGE][INFO] - Smart Wait Function is triggered

2023-11-23 15:11:49 - [MESSAGE][INFO] - Smart Wait Function is triggered

2023-11-23 15:11:49 - [MESSAGE][INFO] - Smart Wait Function is triggered

2023-11-23 15:11:49 - [MESSAGE][INFO] - Smart Wait Function is triggered

2023-11-23 15:11:49 - [MESSAGE][INFO] - Smart Wait Function is triggered

2023-11-23 15:11:49 - [MESSAGE][INFO] - Smart Wait Function is triggered

2023-11-23 15:11:49 - [MESSAGE][INFO] - Smart Wait Function is triggered

2023-11-23 15:11:49 - [MESSAGE][INFO] - Smart Wait Function is triggered

2023-11-23 15:11:49 - [MESSAGE][INFO] - Smart Wait Function is triggered

2023-11-23 15:11:49 - [MESSAGE][INFO] - Smart Wait Function is triggered

2023-11-23 15:11:49 - [MESSAGE][INFO] - Smart Wait Function is triggered

2023-11-23 15:11:49 - [MESSAGE][INFO] - Smart Wait Function is triggered

2023-11-23 15:11:49 - [MESSAGE][INFO] - Smart Wait Function is triggered

2023-11-23 15:11:49 - [MESSAGE][INFO] - Smart Wait Function is triggered

2023-11-23 15:11:49 - [MESSAGE][INFO] - Smart Wait Function is triggered

2023-11-23 15:11:49 - [MESSAGE][INFO] - Smart Wait Function is triggered

2023-11-23 15:11:49 - [MESSAGE][INFO] - Smart Wait Function is triggered

2023-11-23 15:11:49 - [MESSAGE][INFO] - Smart Wait Function is triggered

2023-11-23 15:11:49 - [MESSAGE][INFO] - Smart Wait Function is triggered

2023-11-23 15:11:49 - [MESSAGE][INFO] - Smart Wait Function is triggered

2023-11-23 15:11:49 - [MESSAGE][INFO] - Smart Wait Function is triggered

2023-11-23 15:11:49 - [MESSAGE][INFO] - Smart Wait Function is triggered

2023-11-23 15:11:49 - [MESSAGE][INFO] - Smart Wait Function is triggered

2023-11-23 15:11:49 - [MESSAGE][INFO] - Smart Wait Function is triggered

2023-11-23 15:11:49 - [MESSAGE][INFO] - Smart Wait Function is triggered

2023-11-23 15:11:50 - [MESSAGE][INFO] - Smart Wait Function is triggered

2023-11-23 15:11:50 - [MESSAGE][INFO] - Smart Wait Function is triggered

2023-11-23 15:11:50 - [MESSAGE][INFO] - Smart Wait Function is triggered

2023-11-23 15:11:50 - [MESSAGE][INFO] - Smart Wait Function is triggered

2023-11-23 15:11:50 - [MESSAGE][INFO] - Smart Wait Function is triggered

2023-11-23 15:11:50 - [MESSAGE][INFO] - Smart Wait Function is triggered

2023-11-23 15:11:50 - [MESSAGE][INFO] - Smart Wait Function is triggered

2023-11-23 15:11:50 - [MESSAGE][INFO] - Smart Wait Function is triggered

2023-11-23 15:11:50 - [MESSAGE][INFO] - Smart Wait Function is triggered

2023-11-23 15:11:50 - [MESSAGE][INFO] - Smart Wait Function is triggered

2023-11-23 15:11:50 - [MESSAGE][INFO] - Smart Wait Function is triggered

2023-11-23 15:11:50 - [MESSAGE][INFO] - Smart Wait Function is triggered

2023-11-23 15:11:50 - [MESSAGE][INFO] - Smart Wait Function is triggered

2023-11-23 15:11:50 - [MESSAGE][INFO] - Smart Wait Function is triggered

2023-11-23 15:11:50 - [MESSAGE][INFO] - Smart Wait Function is triggered

2023-11-23 15:11:50 - [MESSAGE][INFO] - Smart Wait Function is triggered

2023-11-23 15:11:50 - [MESSAGE][INFO] - Smart Wait Function is triggered

2023-11-23 15:11:50 - [MESSAGE][INFO] - Smart Wait Function is triggered

2023-11-23 15:11:50 - [MESSAGE][INFO] - Smart Wait Function is triggered

2023-11-23 15:11:50 - [MESSAGE][INFO] - Smart Wait Function is triggered

2023-11-23 15:11:50 - [MESSAGE][INFO] - Smart Wait Function is triggered

2023-11-23 15:11:50 - [MESSAGE][INFO] - Smart Wait Function is triggered

2023-11-23 15:11:50 - [MESSAGE][INFO] - Smart Wait Function is triggered

2023-11-23 15:11:50 - [MESSAGE][INFO] - Smart Wait Function is triggered

2023-11-23 15:11:50 - [MESSAGE][INFO] - Smart Wait Function is triggered

2023-11-23 15:11:50 - [MESSAGE][INFO] - Smart Wait Function is triggered

2023-11-23 15:11:50 - [MESSAGE][INFO] - Smart Wait Function is triggered

2023-11-23 15:11:50 - [MESSAGE][INFO] - Smart Wait Function is triggered

2023-11-23 15:11:50 - [MESSAGE][INFO] - Smart Wait Function is triggered

2023-11-23 15:11:50 - [MESSAGE][INFO] - Smart Wait Function is triggered

2023-11-23 15:11:51 - [MESSAGE][INFO] - Smart Wait Function is triggered

2023-11-23 15:11:51 - [MESSAGE][INFO] - Smart Wait Function is triggered

2023-11-23 15:11:51 - [MESSAGE][INFO] - Smart Wait Function is triggered

2023-11-23 15:11:51 - [MESSAGE][INFO] - Smart Wait Function is triggered

2023-11-23 15:11:51 - [MESSAGE][INFO] - Smart Wait Function is triggered

2023-11-23 15:11:51 - [MESSAGE][INFO] - Smart Wait Function is triggered

2023-11-23 15:11:51 - [MESSAGE][INFO] - Smart Wait Function is triggered

2023-11-23 15:11:51 - [MESSAGE][INFO] - Smart Wait Function is triggered

2023-11-23 15:11:51 - [MESSAGE][INFO] - Smart Wait Function is triggered

2023-11-23 15:11:51 - [MESSAGE][INFO] - Smart Wait Function is triggered

2023-11-23 15:11:51 - [MESSAGE][INFO] - Smart Wait Function is triggered

2023-11-23 15:11:51 - [MESSAGE][INFO] - Smart Wait Function is triggered

2023-11-23 15:11:51 - [MESSAGE][INFO] - Smart Wait Function is triggered

2023-11-23 15:11:51 - [MESSAGE][INFO] - Smart Wait Function is triggered

2023-11-23 15:11:51 - [MESSAGE][INFO] - Smart Wait Function is triggered

2023-11-23 15:11:51 - [MESSAGE][INFO] - Smart Wait Function is triggered

2023-11-23 15:11:51 - [MESSAGE][INFO] - Smart Wait Function is triggered

2023-11-23 15:11:51 - [MESSAGE][INFO] - Smart Wait Function is triggered

2023-11-23 15:11:51 - [MESSAGE][INFO] - Smart Wait Function is triggered

2023-11-23 15:11:51 - [MESSAGE][INFO] - Smart Wait Function is triggered

2023-11-23 15:11:51 - [MESSAGE][INFO] - Smart Wait Function is triggered

2023-11-23 15:11:51 - [MESSAGE][INFO] - Smart Wait Function is triggered

2023-11-23 15:11:51 - [MESSAGE][INFO] - Smart Wait Function is triggered

2023-11-23 15:11:51 - [MESSAGE][INFO] - Smart Wait Function is triggered

2023-11-23 15:11:51 - [MESSAGE][INFO] - Smart Wait Function is triggered

2023-11-23 15:11:51 - [MESSAGE][INFO] - Smart Wait Function is triggered

2023-11-23 15:11:51 - [MESSAGE][INFO] - Smart Wait Function is triggered

2023-11-23 15:11:51 - [MESSAGE][INFO] - Smart Wait Function is triggered

2023-11-23 15:11:51 - [MESSAGE][INFO] - Smart Wait Function is triggered

2023-11-23 15:11:51 - [MESSAGE][INFO] - Smart Wait Function is triggered

2023-11-23 15:11:52 - [MESSAGE][INFO] - Smart Wait Function is triggered

2023-11-23 15:11:52 - [MESSAGE][INFO] - Smart Wait Function is triggered

2023-11-23 15:11:52 - [MESSAGE][INFO] - Smart Wait Function is triggered

2023-11-23 15:11:52 - [MESSAGE][INFO] - Smart Wait Function is triggered

2023-11-23 15:11:52 - [MESSAGE][INFO] - Smart Wait Function is triggered

2023-11-23 15:11:52 - [MESSAGE][INFO] - Smart Wait Function is triggered

2023-11-23 15:11:52 - [MESSAGE][INFO] - Smart Wait Function is triggered

2023-11-23 15:11:52 - [MESSAGE][INFO] - Smart Wait Function is triggered

2023-11-23 15:11:52 - [MESSAGE][INFO] - Smart Wait Function is triggered

2023-11-23 15:11:52 - [MESSAGE][INFO] - Smart Wait Function is triggered

2023-11-23 15:11:52 - [MESSAGE][INFO] - Smart Wait Function is triggered

2023-11-23 15:11:52 - [MESSAGE][INFO] - Smart Wait Function is triggered

2023-11-23 15:11:52 - [MESSAGE][INFO] - Smart Wait Function is triggered

2023-11-23 15:11:52 - [MESSAGE][INFO] - Smart Wait Function is triggered

2023-11-23 15:11:52 - [MESSAGE][INFO] - Smart Wait Function is triggered

2023-11-23 15:11:52 - [MESSAGE][INFO] - Smart Wait Function is triggered

2023-11-23 15:11:52 - [MESSAGE][INFO] - Smart Wait Function is triggered

2023-11-23 15:11:52 - [MESSAGE][INFO] - Smart Wait Function is triggered

2023-11-23 15:11:52 - [MESSAGE][INFO] - Smart Wait Function is triggered

2023-11-23 15:11:52 - [MESSAGE][INFO] - Smart Wait Function is triggered

2023-11-23 15:11:52 - [MESSAGE][INFO] - Smart Wait Function is triggered

2023-11-23 15:11:52 - [MESSAGE][INFO] - Smart Wait Function is triggered

2023-11-23 15:11:52 - [MESSAGE][INFO] - Smart Wait Function is triggered

2023-11-23 15:11:52 - [MESSAGE][INFO] - Smart Wait Function is triggered

2023-11-23 15:11:52 - [MESSAGE][INFO] - Smart Wait Function is triggered

2023-11-23 15:11:52 - [MESSAGE][INFO] - Smart Wait Function is triggered

2023-11-23 15:11:52 - [MESSAGE][INFO] - Smart Wait Function is triggered

2023-11-23 15:11:52 - [MESSAGE][INFO] - Smart Wait Function is triggered

2023-11-23 15:11:52 - [MESSAGE][INFO] - Smart Wait Function is triggered

2023-11-23 15:11:52 - [MESSAGE][INFO] - Smart Wait Function is triggered

2023-11-23 15:11:52 - [MESSAGE][INFO] - Smart Wait Function is triggered

2023-11-23 15:11:53 - [MESSAGE][INFO] - Smart Wait Function is triggered

2023-11-23 15:11:53 - [MESSAGE][INFO] - Smart Wait Function is triggered

2023-11-23 15:11:53 - [MESSAGE][INFO] - Smart Wait Function is triggered

2023-11-23 15:11:53 - [MESSAGE][INFO] - Smart Wait Function is triggered

2023-11-23 15:11:53 - [MESSAGE][INFO] - Smart Wait Function is triggered

2023-11-23 15:11:53 - [MESSAGE][INFO] - Smart Wait Function is triggered

2023-11-23 15:11:53 - [MESSAGE][INFO] - Smart Wait Function is triggered

2023-11-23 15:11:53 - [MESSAGE][INFO] - Smart Wait Function is triggered

2023-11-23 15:11:53 - [MESSAGE][INFO] - Smart Wait Function is triggered

2023-11-23 15:11:53 - [MESSAGE][INFO] - Smart Wait Function is triggered

2023-11-23 15:11:53 - [MESSAGE][INFO] - Smart Wait Function is triggered

2023-11-23 15:11:53 - [MESSAGE][INFO] - Smart Wait Function is triggered

2023-11-23 15:11:53 - [MESSAGE][INFO] - Smart Wait Function is triggered

2023-11-23 15:11:53 - [MESSAGE][INFO] - Smart Wait Function is triggered

2023-11-23 15:11:53 - [MESSAGE][INFO] - Smart Wait Function is triggered

2023-11-23 15:11:53 - [MESSAGE][INFO] - Smart Wait Function is triggered

2023-11-23 15:11:53 - [MESSAGE][INFO] - Smart Wait Function is triggered

2023-11-23 15:11:53 - [MESSAGE][INFO] - Smart Wait Function is triggered

2023-11-23 15:11:53 - [MESSAGE][INFO] - Smart Wait Function is triggered

2023-11-23 15:11:53 - [MESSAGE][INFO] - Smart Wait Function is triggered

2023-11-23 15:11:53 - [MESSAGE][INFO] - Smart Wait Function is triggered

2023-11-23 15:11:53 - [MESSAGE][INFO] - Smart Wait Function is triggered

2023-11-23 15:11:53 - [MESSAGE][INFO] - Smart Wait Function is triggered

2023-11-23 15:11:53 - [MESSAGE][INFO] - Smart Wait Function is triggered

2023-11-23 15:11:53 - [MESSAGE][INFO] - Smart Wait Function is triggered

2023-11-23 15:11:53 - [MESSAGE][INFO] - Smart Wait Function is triggered

2023-11-23 15:11:53 - [MESSAGE][INFO] - Smart Wait Function is triggered

2023-11-23 15:11:53 - [MESSAGE][INFO] - Smart Wait Function is triggered

2023-11-23 15:11:53 - [MESSAGE][INFO] - Smart Wait Function is triggered

2023-11-23 15:11:53 - [MESSAGE][INFO] - Smart Wait Function is triggered

2023-11-23 15:11:53 - [MESSAGE][INFO] - Smart Wait Function is triggered

2023-11-23 15:11:54 - [MESSAGE][INFO] - Smart Wait Function is triggered

2023-11-23 15:11:54 - [MESSAGE][INFO] - Smart Wait Function is triggered

2023-11-23 15:11:54 - [MESSAGE][INFO] - Smart Wait Function is triggered

2023-11-23 15:11:54 - [MESSAGE][INFO] - Smart Wait Function is triggered

2023-11-23 15:11:54 - [MESSAGE][INFO] - Smart Wait Function is triggered

2023-11-23 15:11:54 - [MESSAGE][INFO] - Smart Wait Function is triggered

2023-11-23 15:11:54 - [MESSAGE][INFO] - Smart Wait Function is triggered

2023-11-23 15:11:54 - [MESSAGE][INFO] - Smart Wait Function is triggered

2023-11-23 15:11:54 - [MESSAGE][INFO] - Smart Wait Function is triggered

2023-11-23 15:11:54 - [MESSAGE][INFO] - Smart Wait Function is triggered

2023-11-23 15:11:54 - [MESSAGE][INFO] - Smart Wait Function is triggered

2023-11-23 15:11:54 - [MESSAGE][INFO] - Smart Wait Function is triggered

2023-11-23 15:11:54 - [MESSAGE][INFO] - Smart Wait Function is triggered

2023-11-23 15:11:54 - [MESSAGE][INFO] - Smart Wait Function is triggered

2023-11-23 15:11:54 - [MESSAGE][INFO] - Smart Wait Function is triggered

2023-11-23 15:11:54 - [MESSAGE][INFO] - Smart Wait Function is triggered

2023-11-23 15:11:54 - [MESSAGE][INFO] - Smart Wait Function is triggered

2023-11-23 15:11:54 - [MESSAGE][INFO] - Smart Wait Function is triggered

2023-11-23 15:11:54 - [MESSAGE][INFO] - Smart Wait Function is triggered

2023-11-23 15:11:54 - [MESSAGE][INFO] - Smart Wait Function is triggered

2023-11-23 15:11:54 - [MESSAGE][INFO] - Smart Wait Function is triggered

2023-11-23 15:11:54 - [MESSAGE][INFO] - Smart Wait Function is triggered

2023-11-23 15:11:54 - [MESSAGE][INFO] - Smart Wait Function is triggered

2023-11-23 15:11:54 - [MESSAGE][INFO] - Smart Wait Function is triggered

2023-11-23 15:11:54 - [MESSAGE][INFO] - Smart Wait Function is triggered

2023-11-23 15:11:54 - [MESSAGE][INFO] - Smart Wait Function is triggered

2023-11-23 15:11:54 - [MESSAGE][INFO] - Smart Wait Function is triggered

2023-11-23 15:11:54 - [MESSAGE][INFO] - Smart Wait Function is triggered

2023-11-23 15:11:54 - [MESSAGE][INFO] - Smart Wait Function is triggered

2023-11-23 15:11:55 - [MESSAGE][INFO] - Smart Wait Function is triggered

2023-11-23 15:11:55 - [MESSAGE][INFO] - Smart Wait Function is triggered

2023-11-23 15:11:55 - [MESSAGE][INFO] - Smart Wait Function is triggered

2023-11-23 15:11:55 - [MESSAGE][INFO] - Smart Wait Function is triggered

2023-11-23 15:11:55 - [MESSAGE][INFO] - Smart Wait Function is triggered

2023-11-23 15:11:55 - [MESSAGE][INFO] - Smart Wait Function is triggered

2023-11-23 15:11:55 - [MESSAGE][INFO] - Smart Wait Function is triggered

2023-11-23 15:11:55 - [MESSAGE][INFO] - Smart Wait Function is triggered

2023-11-23 15:11:55 - [MESSAGE][INFO] - Smart Wait Function is triggered

2023-11-23 15:11:55 - [MESSAGE][INFO] - Smart Wait Function is triggered

2023-11-23 15:11:55 - [MESSAGE][INFO] - Smart Wait Function is triggered

2023-11-23 15:11:55 - [MESSAGE][INFO] - Smart Wait Function is triggered

2023-11-23 15:11:55 - [MESSAGE][INFO] - Smart Wait Function is triggered

2023-11-23 15:11:55 - [MESSAGE][INFO] - Smart Wait Function is triggered

2023-11-23 15:11:55 - [MESSAGE][INFO] - Smart Wait Function is triggered

2023-11-23 15:11:55 - [MESSAGE][INFO] - Smart Wait Function is triggered

2023-11-23 15:11:55 - [MESSAGE][INFO] - Smart Wait Function is triggered

2023-11-23 15:11:55 - [MESSAGE][INFO] - Smart Wait Function is triggered

2023-11-23 15:11:55 - [MESSAGE][INFO] - Smart Wait Function is triggered

2023-11-23 15:11:55 - [MESSAGE][INFO] - Smart Wait Function is triggered

2023-11-23 15:11:55 - [MESSAGE][INFO] - Smart Wait Function is triggered

2023-11-23 15:11:55 - [MESSAGE][INFO] - Smart Wait Function is triggered

2023-11-23 15:11:55 - [MESSAGE][INFO] - Smart Wait Function is triggered

2023-11-23 15:11:55 - [MESSAGE][INFO] - Smart Wait Function is triggered

2023-11-23 15:11:55 - [MESSAGE][INFO] - Smart Wait Function is triggered

2023-11-23 15:11:55 - [MESSAGE][INFO] - Smart Wait Function is triggered

2023-11-23 15:11:55 - [MESSAGE][INFO] - Smart Wait Function is triggered

2023-11-23 15:11:55 - [MESSAGE][INFO] - Smart Wait Function is triggered

2023-11-23 15:11:55 - [MESSAGE][INFO] - Smart Wait Function is triggered

2023-11-23 15:11:55 - [MESSAGE][INFO] - Smart Wait Function is triggered

2023-11-23 15:11:55 - [MESSAGE][INFO] - Smart Wait Function is triggered

2023-11-23 15:11:56 - [MESSAGE][INFO] - Smart Wait Function is triggered

2023-11-23 15:11:56 - [MESSAGE][INFO] - Smart Wait Function is triggered

2023-11-23 15:11:56 - [MESSAGE][INFO] - Smart Wait Function is triggered

2023-11-23 15:11:56 - [MESSAGE][INFO] - Smart Wait Function is triggered

2023-11-23 15:11:56 - [MESSAGE][INFO] - Smart Wait Function is triggered

2023-11-23 15:11:56 - [MESSAGE][INFO] - Smart Wait Function is triggered

2023-11-23 15:11:56 - [MESSAGE][INFO] - Smart Wait Function is triggered

2023-11-23 15:11:56 - [MESSAGE][INFO] - Smart Wait Function is triggered

2023-11-23 15:11:56 - [MESSAGE][INFO] - Smart Wait Function is triggered

2023-11-23 15:11:56 - [MESSAGE][INFO] - Smart Wait Function is triggered

2023-11-23 15:11:56 - [MESSAGE][INFO] - Smart Wait Function is triggered

2023-11-23 15:11:56 - [MESSAGE][INFO] - Smart Wait Function is triggered

2023-11-23 15:11:56 - [MESSAGE][INFO] - Smart Wait Function is triggered

2023-11-23 15:11:56 - [MESSAGE][INFO] - Smart Wait Function is triggered

2023-11-23 15:11:56 - [MESSAGE][INFO] - Smart Wait Function is triggered

2023-11-23 15:11:56 - [MESSAGE][INFO] - Smart Wait Function is triggered

2023-11-23 15:11:56 - [MESSAGE][INFO] - Smart Wait Function is triggered

2023-11-23 15:11:56 - [MESSAGE][INFO] - Smart Wait Function is triggered

2023-11-23 15:11:56 - [MESSAGE][INFO] - Smart Wait Function is triggered

2023-11-23 15:11:56 - [MESSAGE][INFO] - Smart Wait Function is triggered

2023-11-23 15:11:56 - [MESSAGE][INFO] - Smart Wait Function is triggered

2023-11-23 15:11:56 - [MESSAGE][INFO] - Smart Wait Function is triggered

2023-11-23 15:11:56 - [MESSAGE][INFO] - Smart Wait Function is triggered

2023-11-23 15:11:56 - [MESSAGE][INFO] - Smart Wait Function is triggered

2023-11-23 15:11:56 - [MESSAGE][INFO] - Smart Wait Function is triggered

2023-11-23 15:11:56 - [MESSAGE][INFO] - Smart Wait Function is triggered

2023-11-23 15:11:56 - [MESSAGE][INFO] - Smart Wait Function is triggered

2023-11-23 15:11:56 - [MESSAGE][INFO] - Smart Wait Function is triggered

2023-11-23 15:11:56 - [MESSAGE][INFO] - Smart Wait Function is triggered

2023-11-23 15:11:56 - [MESSAGE][INFO] - Smart Wait Function is triggered

2023-11-23 15:11:57 - [MESSAGE][INFO] - Smart Wait Function is triggered

2023-11-23 15:11:57 - [MESSAGE][INFO] - Smart Wait Function is triggered

2023-11-23 15:11:57 - [MESSAGE][INFO] - Smart Wait Function is triggered

2023-11-23 15:11:57 - [MESSAGE][INFO] - Smart Wait Function is triggered

2023-11-23 15:11:57 - [MESSAGE][INFO] - Smart Wait Function is triggered

2023-11-23 15:11:57 - [MESSAGE][INFO] - Smart Wait Function is triggered

2023-11-23 15:11:57 - [MESSAGE][INFO] - Smart Wait Function is triggered

2023-11-23 15:11:57 - [MESSAGE][INFO] - Smart Wait Function is triggered

2023-11-23 15:11:57 - [MESSAGE][INFO] - Smart Wait Function is triggered

2023-11-23 15:11:57 - [MESSAGE][INFO] - Smart Wait Function is triggered

2023-11-23 15:11:57 - [MESSAGE][INFO] - Smart Wait Function is triggered

2023-11-23 15:11:57 - [MESSAGE][INFO] - Smart Wait Function is triggered

2023-11-23 15:11:57 - [MESSAGE][INFO] - Smart Wait Function is triggered

2023-11-23 15:11:57 - [MESSAGE][INFO] - Smart Wait Function is triggered

2023-11-23 15:11:57 - [MESSAGE][INFO] - Smart Wait Function is triggered

2023-11-23 15:11:57 - [MESSAGE][INFO] - Smart Wait Function is triggered

2023-11-23 15:11:57 - [MESSAGE][INFO] - Smart Wait Function is triggered

2023-11-23 15:11:57 - [MESSAGE][INFO] - Smart Wait Function is triggered

2023-11-23 15:11:57 - [MESSAGE][INFO] - Smart Wait Function is triggered

2023-11-23 15:11:57 - [MESSAGE][INFO] - Smart Wait Function is triggered

2023-11-23 15:11:57 - [MESSAGE][INFO] - Smart Wait Function is triggered

2023-11-23 15:11:57 - [MESSAGE][INFO] - Smart Wait Function is triggered

2023-11-23 15:11:57 - [MESSAGE][INFO] - Smart Wait Function is triggered

2023-11-23 15:11:57 - [MESSAGE][INFO] - Smart Wait Function is triggered

2023-11-23 15:11:57 - [MESSAGE][INFO] - Smart Wait Function is triggered

2023-11-23 15:11:57 - [MESSAGE][INFO] - Smart Wait Function is triggered

2023-11-23 15:11:57 - [MESSAGE][INFO] - Smart Wait Function is triggered

2023-11-23 15:11:57 - [MESSAGE][INFO] - Smart Wait Function is triggered

2023-11-23 15:11:57 - [MESSAGE][INFO] - Smart Wait Function is triggered

2023-11-23 15:11:57 - [MESSAGE][INFO] - Smart Wait Function is triggered

2023-11-23 15:11:57 - [MESSAGE][INFO] - Smart Wait Function is triggered

2023-11-23 15:11:58 - [MESSAGE][INFO] - Smart Wait Function is triggered

2023-11-23 15:11:58 - [MESSAGE][INFO] - Smart Wait Function is triggered

2023-11-23 15:11:58 - [MESSAGE][INFO] - Smart Wait Function is triggered

2023-11-23 15:11:58 - [MESSAGE][INFO] - Smart Wait Function is triggered

2023-11-23 15:11:58 - [MESSAGE][INFO] - Smart Wait Function is triggered

2023-11-23 15:11:58 - [MESSAGE][INFO] - Smart Wait Function is triggered

2023-11-23 15:11:58 - [MESSAGE][INFO] - Smart Wait Function is triggered

2023-11-23 15:11:58 - [MESSAGE][INFO] - Smart Wait Function is triggered

2023-11-23 15:11:58 - [MESSAGE][INFO] - Smart Wait Function is triggered

2023-11-23 15:11:58 - [MESSAGE][INFO] - Smart Wait Function is triggered

2023-11-23 15:11:58 - [MESSAGE][INFO] - Smart Wait Function is triggered

2023-11-23 15:11:58 - [MESSAGE][INFO] - Smart Wait Function is triggered

2023-11-23 15:11:58 - [MESSAGE][INFO] - Smart Wait Function is triggered

2023-11-23 15:11:58 - [MESSAGE][INFO] - Smart Wait Function is triggered

2023-11-23 15:11:58 - [MESSAGE][INFO] - Smart Wait Function is triggered

2023-11-23 15:11:58 - [MESSAGE][INFO] - Smart Wait Function is triggered

2023-11-23 15:11:58 - [MESSAGE][INFO] - Smart Wait Function is triggered

2023-11-23 15:11:58 - [MESSAGE][INFO] - Smart Wait Function is triggered

2023-11-23 15:11:58 - [MESSAGE][INFO] - Smart Wait Function is triggered

2023-11-23 15:11:58 - [MESSAGE][INFO] - Smart Wait Function is triggered

2023-11-23 15:11:58 - [MESSAGE][INFO] - Smart Wait Function is triggered

2023-11-23 15:11:58 - [MESSAGE][INFO] - Smart Wait Function is triggered

2023-11-23 15:11:58 - [MESSAGE][INFO] - Smart Wait Function is triggered

2023-11-23 15:11:58 - [MESSAGE][INFO] - Smart Wait Function is triggered

2023-11-23 15:11:58 - [MESSAGE][INFO] - Smart Wait Function is triggered

2023-11-23 15:11:58 - [MESSAGE][INFO] - Smart Wait Function is triggered

2023-11-23 15:11:58 - [MESSAGE][INFO] - Smart Wait Function is triggered

2023-11-23 15:11:58 - [MESSAGE][INFO] - Smart Wait Function is triggered

2023-11-23 15:11:58 - [MESSAGE][INFO] - Smart Wait Function is triggered

2023-11-23 15:11:59 - [MESSAGE][INFO] - Smart Wait Function is triggered

2023-11-23 15:11:59 - [MESSAGE][INFO] - Smart Wait Function is triggered

2023-11-23 15:11:59 - [MESSAGE][INFO] - Smart Wait Function is triggered

2023-11-23 15:11:59 - [MESSAGE][INFO] - Smart Wait Function is triggered

2023-11-23 15:11:59 - [MESSAGE][INFO] - Smart Wait Function is triggered

2023-11-23 15:11:59 - [MESSAGE][INFO] - Smart Wait Function is triggered

2023-11-23 15:11:59 - [MESSAGE][INFO] - Smart Wait Function is triggered

2023-11-23 15:11:59 - [MESSAGE][INFO] - Smart Wait Function is triggered

2023-11-23 15:11:59 - [MESSAGE][INFO] - Smart Wait Function is triggered

2023-11-23 15:11:59 - [MESSAGE][INFO] - Smart Wait Function is triggered

2023-11-23 15:11:59 - [MESSAGE][INFO] - Unable to find the element located by 'By.xpath: //*[@aria-labelledby="PHOTO_NUMBER-label" and @type ="text"]|//*[@aria-labelledby="PHOTO_IDENTITE-label" and @type ="text"]'. Please recheck the objects properties to make sure the desired element is located. 

2023-11-23 15:11:59 - [MESSAGE][INFO] - Checking object

2023-11-23 15:11:59 - [MESSAGE][INFO] - Checking text

2023-11-23 15:11:59 - [MESSAGE][INFO] - Finding web element from Test Object's properties

2023-11-23 15:11:59 - [MESSAGE][INFO] - Checking timeout

2023-11-23 15:11:59 - [MESSAGE][INFO] - Finding web element with id: 'Object Repository/Page_Justificatifs_Usager/Input_Numero_Ephoto' located by 'By.xpath: //*[@aria-labelledby="PHOTO_NUMBER-label" and @type ="text"]|//*[@aria-labelledby="PHOTO_IDENTITE-label" and @type ="text"]' in '5' second(s)

2023-11-23 15:11:59 - [MESSAGE][INFO] - Smart Wait Function is triggered

2023-11-23 15:11:59 - [MESSAGE][INFO] - Smart Wait Function is triggered

2023-11-23 15:11:59 - [MESSAGE][INFO] - Smart Wait Function is triggered

2023-11-23 15:11:59 - [MESSAGE][INFO] - Smart Wait Function is triggered

2023-11-23 15:11:59 - [MESSAGE][INFO] - Smart Wait Function is triggered

2023-11-23 15:11:59 - [MESSAGE][INFO] - Smart Wait Function is triggered

2023-11-23 15:11:59 - [MESSAGE][INFO] - Smart Wait Function is triggered

2023-11-23 15:11:59 - [MESSAGE][INFO] - Smart Wait Function is triggered

2023-11-23 15:11:59 - [MESSAGE][INFO] - Smart Wait Function is triggered

2023-11-23 15:11:59 - [MESSAGE][INFO] - Smart Wait Function is triggered

2023-11-23 15:11:59 - [MESSAGE][INFO] - Smart Wait Function is triggered

2023-11-23 15:11:59 - [MESSAGE][INFO] - Smart Wait Function is triggered

2023-11-23 15:11:59 - [MESSAGE][INFO] - Smart Wait Function is triggered

2023-11-23 15:11:59 - [MESSAGE][INFO] - Smart Wait Function is triggered

2023-11-23 15:11:59 - [MESSAGE][INFO] - Smart Wait Function is triggered

2023-11-23 15:11:59 - [MESSAGE][INFO] - Smart Wait Function is triggered

2023-11-23 15:11:59 - [MESSAGE][INFO] - Smart Wait Function is triggered

2023-11-23 15:11:59 - [MESSAGE][INFO] - Smart Wait Function is triggered

2023-11-23 15:11:59 - [MESSAGE][INFO] - Smart Wait Function is triggered

2023-11-23 15:11:59 - [MESSAGE][INFO] - Smart Wait Function is triggered

2023-11-23 15:12:00 - [MESSAGE][INFO] - Smart Wait Function is triggered

2023-11-23 15:12:00 - [MESSAGE][INFO] - Smart Wait Function is triggered

2023-11-23 15:12:00 - [MESSAGE][INFO] - Smart Wait Function is triggered

2023-11-23 15:12:00 - [MESSAGE][INFO] - Smart Wait Function is triggered

2023-11-23 15:12:00 - [MESSAGE][INFO] - Smart Wait Function is triggered

2023-11-23 15:12:00 - [MESSAGE][INFO] - Smart Wait Function is triggered

2023-11-23 15:12:00 - [MESSAGE][INFO] - Smart Wait Function is triggered

2023-11-23 15:12:00 - [MESSAGE][INFO] - Smart Wait Function is triggered

2023-11-23 15:12:00 - [MESSAGE][INFO] - Smart Wait Function is triggered

2023-11-23 15:12:00 - [MESSAGE][INFO] - Smart Wait Function is triggered

2023-11-23 15:12:00 - [MESSAGE][INFO] - Smart Wait Function is triggered

2023-11-23 15:12:00 - [MESSAGE][INFO] - Smart Wait Function is triggered

2023-11-23 15:12:00 - [MESSAGE][INFO] - Smart Wait Function is triggered

2023-11-23 15:12:00 - [MESSAGE][INFO] - Smart Wait Function is triggered

2023-11-23 15:12:00 - [MESSAGE][INFO] - Smart Wait Function is triggered

2023-11-23 15:12:00 - [MESSAGE][INFO] - Smart Wait Function is triggered

2023-11-23 15:12:00 - [MESSAGE][INFO] - Smart Wait Function is triggered

2023-11-23 15:12:00 - [MESSAGE][INFO] - Smart Wait Function is triggered

2023-11-23 15:12:00 - [MESSAGE][INFO] - Smart Wait Function is triggered

2023-11-23 15:12:00 - [MESSAGE][INFO] - Smart Wait Function is triggered

2023-11-23 15:12:00 - [MESSAGE][INFO] - Smart Wait Function is triggered

2023-11-23 15:12:00 - [MESSAGE][INFO] - Smart Wait Function is triggered

2023-11-23 15:12:00 - [MESSAGE][INFO] - Smart Wait Function is triggered

2023-11-23 15:12:00 - [MESSAGE][INFO] - Smart Wait Function is triggered

2023-11-23 15:12:00 - [MESSAGE][INFO] - Smart Wait Function is triggered

2023-11-23 15:12:00 - [MESSAGE][INFO] - Smart Wait Function is triggered

2023-11-23 15:12:00 - [MESSAGE][INFO] - Smart Wait Function is triggered

2023-11-23 15:12:00 - [MESSAGE][INFO] - Smart Wait Function is triggered

2023-11-23 15:12:00 - [MESSAGE][INFO] - Smart Wait Function is triggered

2023-11-23 15:12:00 - [MESSAGE][INFO] - Smart Wait Function is triggered

2023-11-23 15:12:01 - [MESSAGE][INFO] - Smart Wait Function is triggered

2023-11-23 15:12:01 - [MESSAGE][INFO] - Smart Wait Function is triggered

2023-11-23 15:12:01 - [MESSAGE][INFO] - Smart Wait Function is triggered

2023-11-23 15:12:01 - [MESSAGE][INFO] - Smart Wait Function is triggered

2023-11-23 15:12:01 - [MESSAGE][INFO] - Smart Wait Function is triggered

2023-11-23 15:12:01 - [MESSAGE][INFO] - Smart Wait Function is triggered

2023-11-23 15:12:01 - [MESSAGE][INFO] - Smart Wait Function is triggered

2023-11-23 15:12:01 - [MESSAGE][INFO] - Smart Wait Function is triggered

2023-11-23 15:12:01 - [MESSAGE][INFO] - Smart Wait Function is triggered

2023-11-23 15:12:01 - [MESSAGE][INFO] - Smart Wait Function is triggered

2023-11-23 15:12:01 - [MESSAGE][INFO] - Smart Wait Function is triggered

2023-11-23 15:12:01 - [MESSAGE][INFO] - Smart Wait Function is triggered

2023-11-23 15:12:01 - [MESSAGE][INFO] - Smart Wait Function is triggered

2023-11-23 15:12:01 - [MESSAGE][INFO] - Smart Wait Function is triggered

2023-11-23 15:12:01 - [MESSAGE][INFO] - Smart Wait Function is triggered

2023-11-23 15:12:01 - [MESSAGE][INFO] - Smart Wait Function is triggered

2023-11-23 15:12:01 - [MESSAGE][INFO] - Smart Wait Function is triggered

2023-11-23 15:12:01 - [MESSAGE][INFO] - Smart Wait Function is triggered

2023-11-23 15:12:01 - [MESSAGE][INFO] - Smart Wait Function is triggered

2023-11-23 15:12:01 - [MESSAGE][INFO] - Smart Wait Function is triggered

2023-11-23 15:12:01 - [MESSAGE][INFO] - Smart Wait Function is triggered

2023-11-23 15:12:01 - [MESSAGE][INFO] - Smart Wait Function is triggered

2023-11-23 15:12:01 - [MESSAGE][INFO] - Smart Wait Function is triggered

2023-11-23 15:12:01 - [MESSAGE][INFO] - Smart Wait Function is triggered

2023-11-23 15:12:01 - [MESSAGE][INFO] - Smart Wait Function is triggered

2023-11-23 15:12:01 - [MESSAGE][INFO] - Smart Wait Function is triggered

2023-11-23 15:12:01 - [MESSAGE][INFO] - Smart Wait Function is triggered

2023-11-23 15:12:01 - [MESSAGE][INFO] - Smart Wait Function is triggered

2023-11-23 15:12:01 - [MESSAGE][INFO] - Smart Wait Function is triggered

2023-11-23 15:12:01 - [MESSAGE][INFO] - Smart Wait Function is triggered

2023-11-23 15:12:01 - [MESSAGE][INFO] - Smart Wait Function is triggered

2023-11-23 15:12:02 - [MESSAGE][INFO] - Smart Wait Function is triggered

2023-11-23 15:12:02 - [MESSAGE][INFO] - Smart Wait Function is triggered

2023-11-23 15:12:02 - [MESSAGE][INFO] - Smart Wait Function is triggered

2023-11-23 15:12:02 - [MESSAGE][INFO] - Smart Wait Function is triggered

2023-11-23 15:12:02 - [MESSAGE][INFO] - Smart Wait Function is triggered

2023-11-23 15:12:02 - [MESSAGE][INFO] - Smart Wait Function is triggered

2023-11-23 15:12:02 - [MESSAGE][INFO] - Smart Wait Function is triggered

2023-11-23 15:12:02 - [MESSAGE][INFO] - Smart Wait Function is triggered

2023-11-23 15:12:02 - [MESSAGE][INFO] - Smart Wait Function is triggered

2023-11-23 15:12:02 - [MESSAGE][INFO] - Smart Wait Function is triggered

2023-11-23 15:12:02 - [MESSAGE][INFO] - Smart Wait Function is triggered

2023-11-23 15:12:02 - [MESSAGE][INFO] - Smart Wait Function is triggered

2023-11-23 15:12:02 - [MESSAGE][INFO] - Smart Wait Function is triggered

2023-11-23 15:12:02 - [MESSAGE][INFO] - Smart Wait Function is triggered

2023-11-23 15:12:02 - [MESSAGE][INFO] - Smart Wait Function is triggered

2023-11-23 15:12:02 - [MESSAGE][INFO] - Smart Wait Function is triggered

2023-11-23 15:12:02 - [MESSAGE][INFO] - Smart Wait Function is triggered

2023-11-23 15:12:02 - [MESSAGE][INFO] - Smart Wait Function is triggered

2023-11-23 15:12:02 - [MESSAGE][INFO] - Smart Wait Function is triggered

2023-11-23 15:12:02 - [MESSAGE][INFO] - Smart Wait Function is triggered

2023-11-23 15:12:02 - [MESSAGE][INFO] - Smart Wait Function is triggered

2023-11-23 15:12:02 - [MESSAGE][INFO] - Smart Wait Function is triggered

2023-11-23 15:12:02 - [MESSAGE][INFO] - Smart Wait Function is triggered

2023-11-23 15:12:02 - [MESSAGE][INFO] - Smart Wait Function is triggered

2023-11-23 15:12:02 - [MESSAGE][INFO] - Smart Wait Function is triggered

2023-11-23 15:12:02 - [MESSAGE][INFO] - Smart Wait Function is triggered

2023-11-23 15:12:02 - [MESSAGE][INFO] - Smart Wait Function is triggered

2023-11-23 15:12:02 - [MESSAGE][INFO] - Smart Wait Function is triggered

2023-11-23 15:12:02 - [MESSAGE][INFO] - Smart Wait Function is triggered

2023-11-23 15:12:02 - [MESSAGE][INFO] - Smart Wait Function is triggered

2023-11-23 15:12:02 - [MESSAGE][INFO] - Smart Wait Function is triggered

2023-11-23 15:12:03 - [MESSAGE][INFO] - Smart Wait Function is triggered

2023-11-23 15:12:03 - [MESSAGE][INFO] - Smart Wait Function is triggered

2023-11-23 15:12:03 - [MESSAGE][INFO] - Smart Wait Function is triggered

2023-11-23 15:12:03 - [MESSAGE][INFO] - Smart Wait Function is triggered

2023-11-23 15:12:03 - [MESSAGE][INFO] - Smart Wait Function is triggered

2023-11-23 15:12:03 - [MESSAGE][INFO] - Smart Wait Function is triggered

2023-11-23 15:12:03 - [MESSAGE][INFO] - Smart Wait Function is triggered

2023-11-23 15:12:03 - [MESSAGE][INFO] - Smart Wait Function is triggered

2023-11-23 15:12:03 - [MESSAGE][INFO] - Smart Wait Function is triggered

2023-11-23 15:12:03 - [MESSAGE][INFO] - Smart Wait Function is triggered

2023-11-23 15:12:03 - [MESSAGE][INFO] - Smart Wait Function is triggered

2023-11-23 15:12:03 - [MESSAGE][INFO] - Smart Wait Function is triggered

2023-11-23 15:12:03 - [MESSAGE][INFO] - Smart Wait Function is triggered

2023-11-23 15:12:03 - [MESSAGE][INFO] - Smart Wait Function is triggered

2023-11-23 15:12:03 - [MESSAGE][INFO] - Smart Wait Function is triggered

2023-11-23 15:12:03 - [MESSAGE][INFO] - Smart Wait Function is triggered

2023-11-23 15:12:03 - [MESSAGE][INFO] - Smart Wait Function is triggered

2023-11-23 15:12:03 - [MESSAGE][INFO] - Smart Wait Function is triggered

2023-11-23 15:12:03 - [MESSAGE][INFO] - Smart Wait Function is triggered

2023-11-23 15:12:03 - [MESSAGE][INFO] - Smart Wait Function is triggered

2023-11-23 15:12:03 - [MESSAGE][INFO] - Smart Wait Function is triggered

2023-11-23 15:12:03 - [MESSAGE][INFO] - Smart Wait Function is triggered

2023-11-23 15:12:03 - [MESSAGE][INFO] - Smart Wait Function is triggered

2023-11-23 15:12:03 - [MESSAGE][INFO] - Smart Wait Function is triggered

2023-11-23 15:12:03 - [MESSAGE][INFO] - Smart Wait Function is triggered

2023-11-23 15:12:03 - [MESSAGE][INFO] - Smart Wait Function is triggered

2023-11-23 15:12:03 - [MESSAGE][INFO] - Smart Wait Function is triggered

2023-11-23 15:12:03 - [MESSAGE][INFO] - Smart Wait Function is triggered

2023-11-23 15:12:03 - [MESSAGE][INFO] - Smart Wait Function is triggered

2023-11-23 15:12:03 - [MESSAGE][INFO] - Smart Wait Function is triggered

2023-11-23 15:12:03 - [MESSAGE][INFO] - Smart Wait Function is triggered

2023-11-23 15:12:04 - [MESSAGE][INFO] - Smart Wait Function is triggered

2023-11-23 15:12:04 - [MESSAGE][INFO] - Smart Wait Function is triggered

2023-11-23 15:12:04 - [MESSAGE][INFO] - Smart Wait Function is triggered

2023-11-23 15:12:04 - [MESSAGE][INFO] - Smart Wait Function is triggered

2023-11-23 15:12:04 - [MESSAGE][INFO] - Smart Wait Function is triggered

2023-11-23 15:12:04 - [MESSAGE][INFO] - Smart Wait Function is triggered

2023-11-23 15:12:04 - [MESSAGE][INFO] - Smart Wait Function is triggered

2023-11-23 15:12:04 - [MESSAGE][INFO] - Smart Wait Function is triggered

2023-11-23 15:12:04 - [MESSAGE][INFO] - Smart Wait Function is triggered

2023-11-23 15:12:04 - [MESSAGE][INFO] - Smart Wait Function is triggered

2023-11-23 15:12:04 - [MESSAGE][INFO] - Smart Wait Function is triggered

2023-11-23 15:12:04 - [MESSAGE][INFO] - Smart Wait Function is triggered

2023-11-23 15:12:04 - [MESSAGE][INFO] - Smart Wait Function is triggered

2023-11-23 15:12:04 - [MESSAGE][INFO] - Smart Wait Function is triggered

2023-11-23 15:12:04 - [MESSAGE][INFO] - Smart Wait Function is triggered

2023-11-23 15:12:04 - [MESSAGE][INFO] - Smart Wait Function is triggered

2023-11-23 15:12:04 - [MESSAGE][INFO] - Smart Wait Function is triggered

2023-11-23 15:12:04 - [MESSAGE][INFO] - Smart Wait Function is triggered

2023-11-23 15:12:04 - [MESSAGE][INFO] - Smart Wait Function is triggered

2023-11-23 15:12:04 - [MESSAGE][INFO] - Smart Wait Function is triggered

2023-11-23 15:12:04 - [MESSAGE][INFO] - Smart Wait Function is triggered

2023-11-23 15:12:04 - [MESSAGE][INFO] - Smart Wait Function is triggered

2023-11-23 15:12:04 - [MESSAGE][INFO] - Smart Wait Function is triggered

2023-11-23 15:12:04 - [MESSAGE][INFO] - Smart Wait Function is triggered

2023-11-23 15:12:04 - [MESSAGE][INFO] - Smart Wait Function is triggered

2023-11-23 15:12:04 - [MESSAGE][INFO] - Smart Wait Function is triggered

2023-11-23 15:12:04 - [MESSAGE][INFO] - Smart Wait Function is triggered

2023-11-23 15:12:04 - [MESSAGE][INFO] - Smart Wait Function is triggered

2023-11-23 15:12:05 - [MESSAGE][INFO] - Smart Wait Function is triggered

2023-11-23 15:12:05 - [MESSAGE][INFO] - Smart Wait Function is triggered

2023-11-23 15:12:05 - [MESSAGE][INFO] - Smart Wait Function is triggered

2023-11-23 15:12:05 - [MESSAGE][INFO] - Smart Wait Function is triggered

2023-11-23 15:12:05 - [MESSAGE][INFO] - Smart Wait Function is triggered

2023-11-23 15:12:05 - [MESSAGE][INFO] - Smart Wait Function is triggered

2023-11-23 15:12:05 - [MESSAGE][INFO] - Smart Wait Function is triggered

2023-11-23 15:12:05 - [MESSAGE][INFO] - Smart Wait Function is triggered

2023-11-23 15:12:05 - [MESSAGE][INFO] - Smart Wait Function is triggered

2023-11-23 15:12:05 - [MESSAGE][INFO] - Unable to find the element located by 'By.xpath: //*[@aria-labelledby="PHOTO_NUMBER-label" and @type ="text"]|//*[@aria-labelledby="PHOTO_IDENTITE-label" and @type ="text"]'. Please recheck the objects properties to make sure the desired element is located. 

2023-11-23 15:12:05 - [MESSAGE][FAILED] - Unable to set text '1PMTYE991215114515JY05' of object 'Object Repository/Page_Justificatifs_Usager/Input_Numero_Ephoto' (Root cause: com.kms.katalon.core.exception.StepFailedException: Unable to set text '1PMTYE991215114515JY05' of object 'Object Repository/Page_Justificatifs_Usager/Input_Numero_Ephoto'
	at com.kms.katalon.core.webui.keyword.internal.WebUIKeywordMain.stepFailed(WebUIKeywordMain.groovy:64)
	at com.kms.katalon.core.webui.keyword.internal.WebUIKeywordMain.runKeyword(WebUIKeywordMain.groovy:26)
	at com.kms.katalon.core.webui.keyword.builtin.SetTextKeyword.setText(SetTextKeyword.groovy:66)
	at com.kms.katalon.core.webui.keyword.builtin.SetTextKeyword.execute(SetTextKeyword.groovy:37)
	at com.kms.katalon.core.keyword.internal.KeywordExecutor.executeKeywordForPlatform(KeywordExecutor.groovy:74)
	at com.kms.katalon.core.webui.keyword.WebUiBuiltInKeywords.setText(WebUiBuiltInKeywords.groovy:980)
	at com.kazurayam.ksbackyard.HighlightElement$_pandemic_closure1.doCall(HighlightElement.groovy:105)
	at FormulaireJustificatifs.run(FormulaireJustificatifs:281)
	at com.kms.katalon.core.main.ScriptEngine.run(ScriptEngine.java:194)
	at com.kms.katalon.core.main.ScriptEngine.runScriptAsRawText(ScriptEngine.java:119)
	at com.kms.katalon.core.main.TestCaseExecutor.runScript(TestCaseExecutor.java:448)
	at com.kms.katalon.core.main.TestCaseExecutor.doExecute(TestCaseExecutor.java:439)
	at com.kms.katalon.core.main.TestCaseExecutor.processExecutionPhase(TestCaseExecutor.java:418)
	at com.kms.katalon.core.main.TestCaseExecutor.accessMainPhase(TestCaseExecutor.java:410)
	at com.kms.katalon.core.main.TestCaseExecutor.execute(TestCaseExecutor.java:285)
	at com.kms.katalon.core.main.TestCaseMain.runTestCase(TestCaseMain.java:144)
	at com.kms.katalon.core.keyword.builtin.CallTestCaseKeyword$_callTestCase_closure1.doCall(CallTestCaseKeyword.groovy:59)
	at com.kms.katalon.core.keyword.builtin.CallTestCaseKeyword$_callTestCase_closure1.call(CallTestCaseKeyword.groovy)
	at com.kms.katalon.core.keyword.internal.KeywordMain.runKeyword(KeywordMain.groovy:75)
	at com.kms.katalon.core.keyword.builtin.CallTestCaseKeyword.callTestCase(CallTestCaseKeyword.groovy:81)
	at com.kms.katalon.core.keyword.builtin.CallTestCaseKeyword.execute(CallTestCaseKeyword.groovy:44)
	at com.kms.katalon.core.keyword.internal.KeywordExecutor.executeKeywordForPlatform(KeywordExecutor.groovy:74)
	at com.kms.katalon.core.keyword.BuiltinKeywords.callTestCase(BuiltinKeywords.groovy:310)
	at com.kazurayam.ksbackyard.HighlightElement$_pandemic_closure1.doCall(HighlightElement.groovy:105)
	at TNR R.TSPT Supp90-Etudiant.run(TNR R.TSPT Supp90-Etudiant:62)
	at com.kms.katalon.core.main.ScriptEngine.run(ScriptEngine.java:194)
	at com.kms.katalon.core.main.ScriptEngine.runScriptAsRawText(ScriptEngine.java:119)
	at com.kms.katalon.core.main.TestCaseExecutor.runScript(TestCaseExecutor.java:448)
	at com.kms.katalon.core.main.TestCaseExecutor.doExecute(TestCaseExecutor.java:439)
	at com.kms.katalon.core.main.TestCaseExecutor.processExecutionPhase(TestCaseExecutor.java:418)
	at com.kms.katalon.core.main.TestCaseExecutor.accessMainPhase(TestCaseExecutor.java:410)
	at com.kms.katalon.core.main.TestCaseExecutor.execute(TestCaseExecutor.java:285)
	at com.kms.katalon.core.common.CommonExecutor.accessTestCaseMainPhase(CommonExecutor.java:65)
	at com.kms.katalon.core.main.TestSuiteExecutor.accessTestSuiteMainPhase(TestSuiteExecutor.java:148)
	at com.kms.katalon.core.main.TestSuiteExecutor.execute(TestSuiteExecutor.java:106)
	at com.kms.katalon.core.main.TestCaseMain.startTestSuite(TestCaseMain.java:187)
	at com.kms.katalon.core.main.TestCaseMain$startTestSuite$0.call(Unknown Source)
	at TempTestSuite1700747757013.run(TempTestSuite1700747757013.groovy:36)
Caused by: com.kms.katalon.core.webui.exception.WebElementNotFoundException: Web element with id: 'Object Repository/Page_Justificatifs_Usager/Input_Numero_Ephoto' located by '//*[@aria-labelledby="PHOTO_NUMBER-label" and @type ="text"]|//*[@aria-labelledby="PHOTO_IDENTITE-label" and @type ="text"]' not found
	at com.kms.katalon.core.webui.common.WebUiCommonHelper.findWebElement(WebUiCommonHelper.java:1381)
	at com.kms.katalon.core.webui.keyword.internal.WebUIAbstractKeyword.findWebElement(WebUIAbstractKeyword.groovy:27)
	at com.kms.katalon.core.webui.keyword.internal.WebUIAbstractKeyword.findWebElement(WebUIAbstractKeyword.groovy:26)
	at com.kms.katalon.core.webui.keyword.builtin.SetTextKeyword$_setText_closure1.doCall(SetTextKeyword.groovy:51)
	at com.kms.katalon.core.webui.keyword.builtin.SetTextKeyword$_setText_closure1.call(SetTextKeyword.groovy)
	at com.kms.katalon.core.webui.keyword.internal.WebUIKeywordMain.runKeyword(WebUIKeywordMain.groovy:20)
	at com.kms.katalon.core.webui.keyword.builtin.SetTextKeyword.setText(SetTextKeyword.groovy:66)
	at com.kms.katalon.core.webui.keyword.builtin.SetTextKeyword.execute(SetTextKeyword.groovy:37)
	at com.kms.katalon.core.keyword.internal.KeywordExecutor.executeKeywordForPlatform(KeywordExecutor.groovy:74)
	at com.kms.katalon.core.webui.keyword.WebUiBuiltInKeywords.setText(WebUiBuiltInKeywords.groovy:980)
	at com.kazurayam.ksbackyard.HighlightElement$_pandemic_closure1.doCall(HighlightElement.groovy:105)
	at Script1695813884754.run(Script1695813884754.groovy:281)
	at com.kms.katalon.core.main.ScriptEngine.run(ScriptEngine.java:194)
	at com.kms.katalon.core.main.ScriptEngine.runScriptAsRawText(ScriptEngine.java:119)
	at com.kms.katalon.core.main.TestCaseExecutor.runScript(TestCaseExecutor.java:448)
	at com.kms.katalon.core.main.TestCaseExecutor.doExecute(TestCaseExecutor.java:439)
	at com.kms.katalon.core.main.TestCaseExecutor.processExecutionPhase(TestCaseExecutor.java:418)
	at com.kms.katalon.core.main.TestCaseExecutor.accessMainPhase(TestCaseExecutor.java:410)
	at com.kms.katalon.core.main.TestCaseExecutor.execute(TestCaseExecutor.java:285)
	at com.kms.katalon.core.main.TestCaseMain.runTestCase(TestCaseMain.java:144)
	at com.kms.katalon.core.keyword.builtin.CallTestCaseKeyword$_callTestCase_closure1.doCall(CallTestCaseKeyword.groovy:59)
	at com.kms.katalon.core.keyword.builtin.CallTestCaseKeyword$_callTestCase_closure1.call(CallTestCaseKeyword.groovy)
	at com.kms.katalon.core.keyword.internal.KeywordMain.runKeyword(KeywordMain.groovy:75)
	at com.kms.katalon.core.keyword.builtin.CallTestCaseKeyword.callTestCase(CallTestCaseKeyword.groovy:81)
	at com.kms.katalon.core.keyword.builtin.CallTestCaseKeyword.execute(CallTestCaseKeyword.groovy:44)
	at com.kms.katalon.core.keyword.internal.KeywordExecutor.executeKeywordForPlatform(KeywordExecutor.groovy:74)
	at com.kms.katalon.core.keyword.BuiltinKeywords.callTestCase(BuiltinKeywords.groovy:310)
	at com.kazurayam.ksbackyard.HighlightElement$_pandemic_closure1.doCall(HighlightElement.groovy:105)
	at Script1697546404945.run(Script1697546404945.groovy:62)
	... 13 more
)
[[ATTACHMENT|C:\\Users\\ISSAM.RHARBAOUI\\git\\22_11\\ANEF-AutomatizationProject\\Reports\\20231123_145557\\TS_TNR_R.TSPT_Suppo90\\20231123_145557\\1700748725357.png]]

2023-11-23 15:12:05 - [MESSAGE][FAILED] - Unable to call Test Case 'Test Cases/Test Reutilisable/DemandeOuRenouvelle_TitreSejour/FormulaireJustificatifs' (Root cause: com.kms.katalon.core.exception.StepFailedException: Call Test Case 'Test Cases/Test Reutilisable/DemandeOuRenouvelle_TitreSejour/FormulaireJustificatifs' failed
	at com.kms.katalon.core.keyword.builtin.CallTestCaseKeyword$_callTestCase_closure1.doCall(CallTestCaseKeyword.groovy:63)
	at com.kms.katalon.core.keyword.builtin.CallTestCaseKeyword$_callTestCase_closure1.call(CallTestCaseKeyword.groovy)
	at com.kms.katalon.core.keyword.internal.KeywordMain.runKeyword(KeywordMain.groovy:75)
	at com.kms.katalon.core.keyword.builtin.CallTestCaseKeyword.callTestCase(CallTestCaseKeyword.groovy:81)
	at com.kms.katalon.core.keyword.builtin.CallTestCaseKeyword.execute(CallTestCaseKeyword.groovy:44)
	at com.kms.katalon.core.keyword.internal.KeywordExecutor.executeKeywordForPlatform(KeywordExecutor.groovy:74)
	at com.kms.katalon.core.keyword.BuiltinKeywords.callTestCase(BuiltinKeywords.groovy:310)
	at com.kazurayam.ksbackyard.HighlightElement$_pandemic_closure1.doCall(HighlightElement.groovy:105)
	at TNR R.TSPT Supp90-Etudiant.run(TNR R.TSPT Supp90-Etudiant:62)
	at com.kms.katalon.core.main.ScriptEngine.run(ScriptEngine.java:194)
	at com.kms.katalon.core.main.ScriptEngine.runScriptAsRawText(ScriptEngine.java:119)
	at com.kms.katalon.core.main.TestCaseExecutor.runScript(TestCaseExecutor.java:448)
	at com.kms.katalon.core.main.TestCaseExecutor.doExecute(TestCaseExecutor.java:439)
	at com.kms.katalon.core.main.TestCaseExecutor.processExecutionPhase(TestCaseExecutor.java:418)
	at com.kms.katalon.core.main.TestCaseExecutor.accessMainPhase(TestCaseExecutor.java:410)
	at com.kms.katalon.core.main.TestCaseExecutor.execute(TestCaseExecutor.java:285)
	at com.kms.katalon.core.common.CommonExecutor.accessTestCaseMainPhase(CommonExecutor.java:65)
	at com.kms.katalon.core.main.TestSuiteExecutor.accessTestSuiteMainPhase(TestSuiteExecutor.java:148)
	at com.kms.katalon.core.main.TestSuiteExecutor.execute(TestSuiteExecutor.java:106)
	at com.kms.katalon.core.main.TestCaseMain.startTestSuite(TestCaseMain.java:187)
	at com.kms.katalon.core.main.TestCaseMain$startTestSuite$0.call(Unknown Source)
	at TempTestSuite1700747757013.run(TempTestSuite1700747757013.groovy:36)
Caused by: com.kms.katalon.core.exception.StepFailedException: Unable to set text '1PMTYE991215114515JY05' of object 'Object Repository/Page_Justificatifs_Usager/Input_Numero_Ephoto'
	at com.kms.katalon.core.webui.keyword.internal.WebUIKeywordMain.stepFailed(WebUIKeywordMain.groovy:64)
	at com.kms.katalon.core.webui.keyword.internal.WebUIKeywordMain.runKeyword(WebUIKeywordMain.groovy:26)
	at com.kms.katalon.core.webui.keyword.builtin.SetTextKeyword.setText(SetTextKeyword.groovy:66)
	at com.kms.katalon.core.webui.keyword.builtin.SetTextKeyword.execute(SetTextKeyword.groovy:37)
	at com.kms.katalon.core.keyword.internal.KeywordExecutor.executeKeywordForPlatform(KeywordExecutor.groovy:74)
	at com.kms.katalon.core.webui.keyword.WebUiBuiltInKeywords.setText(WebUiBuiltInKeywords.groovy:980)
	at com.kazurayam.ksbackyard.HighlightElement$_pandemic_closure1.doCall(HighlightElement.groovy:105)
	at FormulaireJustificatifs.run(FormulaireJustificatifs:281)
	at com.kms.katalon.core.main.ScriptEngine.run(ScriptEngine.java:194)
	at com.kms.katalon.core.main.ScriptEngine.runScriptAsRawText(ScriptEngine.java:119)
	at com.kms.katalon.core.main.TestCaseExecutor.runScript(TestCaseExecutor.java:448)
	at com.kms.katalon.core.main.TestCaseExecutor.doExecute(TestCaseExecutor.java:439)
	at com.kms.katalon.core.main.TestCaseExecutor.processExecutionPhase(TestCaseExecutor.java:418)
	at com.kms.katalon.core.main.TestCaseExecutor.accessMainPhase(TestCaseExecutor.java:410)
	at com.kms.katalon.core.main.TestCaseExecutor.execute(TestCaseExecutor.java:285)
	at com.kms.katalon.core.main.TestCaseMain.runTestCase(TestCaseMain.java:144)
	at com.kms.katalon.core.keyword.builtin.CallTestCaseKeyword$_callTestCase_closure1.doCall(CallTestCaseKeyword.groovy:59)
	... 21 more
Caused by: com.kms.katalon.core.webui.exception.WebElementNotFoundException: Web element with id: 'Object Repository/Page_Justificatifs_Usager/Input_Numero_Ephoto' located by '//*[@aria-labelledby="PHOTO_NUMBER-label" and @type ="text"]|//*[@aria-labelledby="PHOTO_IDENTITE-label" and @type ="text"]' not found
	at com.kms.katalon.core.webui.common.WebUiCommonHelper.findWebElement(WebUiCommonHelper.java:1381)
	at com.kms.katalon.core.webui.keyword.internal.WebUIAbstractKeyword.findWebElement(WebUIAbstractKeyword.groovy:27)
	at com.kms.katalon.core.webui.keyword.internal.WebUIAbstractKeyword.findWebElement(WebUIAbstractKeyword.groovy:26)
	at com.kms.katalon.core.webui.keyword.builtin.SetTextKeyword$_setText_closure1.doCall(SetTextKeyword.groovy:51)
	at com.kms.katalon.core.webui.keyword.builtin.SetTextKeyword$_setText_closure1.call(SetTextKeyword.groovy)
	at com.kms.katalon.core.webui.keyword.internal.WebUIKeywordMain.runKeyword(WebUIKeywordMain.groovy:20)
	... 36 more
)

2023-11-23 15:12:10 - [TEST_STEP][PASSED] - Video: Video recording for test case 'Test Cases/Cas D Utilisations/Usager Etudiant/TNR R.TSPT Supp90-Etudiant' .

2023-11-23 15:12:10 - [MESSAGE][INFO] - Video recording for test case 'Test Cases/Cas D Utilisations/Usager Etudiant/TNR R.TSPT Supp90-Etudiant' .]]></system-out>
         <system-err><![CDATA[2023-11-23 15:04:25 - [TEST_CASE][FAILED] - Test Cases/Cas D Utilisations/Usager Etudiant/TNR R.TSPT Supp90-Etudiant: Test Cases/Cas D Utilisations/Usager Etudiant/TNR R.TSPT Supp90-Etudiant FAILED.
Reason:
com.kms.katalon.core.exception.StepFailedException: Call Test Case 'Test Cases/Test Reutilisable/DemandeOuRenouvelle_TitreSejour/FormulaireJustificatifs' failed
	at com.kms.katalon.core.keyword.builtin.CallTestCaseKeyword$_callTestCase_closure1.doCall(CallTestCaseKeyword.groovy:63)
	at com.kms.katalon.core.keyword.builtin.CallTestCaseKeyword$_callTestCase_closure1.call(CallTestCaseKeyword.groovy)
	at com.kms.katalon.core.keyword.internal.KeywordMain.runKeyword(KeywordMain.groovy:75)
	at com.kms.katalon.core.keyword.builtin.CallTestCaseKeyword.callTestCase(CallTestCaseKeyword.groovy:81)
	at com.kms.katalon.core.keyword.builtin.CallTestCaseKeyword.execute(CallTestCaseKeyword.groovy:44)
	at com.kms.katalon.core.keyword.internal.KeywordExecutor.executeKeywordForPlatform(KeywordExecutor.groovy:74)
	at com.kms.katalon.core.keyword.BuiltinKeywords.callTestCase(BuiltinKeywords.groovy:310)
	at com.kazurayam.ksbackyard.HighlightElement$_pandemic_closure1.doCall(HighlightElement.groovy:105)
	at TNR R.TSPT Supp90-Etudiant.run(TNR R.TSPT Supp90-Etudiant:62)
	at com.kms.katalon.core.main.ScriptEngine.run(ScriptEngine.java:194)
	at com.kms.katalon.core.main.ScriptEngine.runScriptAsRawText(ScriptEngine.java:119)
	at com.kms.katalon.core.main.TestCaseExecutor.runScript(TestCaseExecutor.java:448)
	at com.kms.katalon.core.main.TestCaseExecutor.doExecute(TestCaseExecutor.java:439)
	at com.kms.katalon.core.main.TestCaseExecutor.processExecutionPhase(TestCaseExecutor.java:418)
	at com.kms.katalon.core.main.TestCaseExecutor.accessMainPhase(TestCaseExecutor.java:410)
	at com.kms.katalon.core.main.TestCaseExecutor.execute(TestCaseExecutor.java:285)
	at com.kms.katalon.core.common.CommonExecutor.accessTestCaseMainPhase(CommonExecutor.java:65)
	at com.kms.katalon.core.main.TestSuiteExecutor.accessTestSuiteMainPhase(TestSuiteExecutor.java:148)
	at com.kms.katalon.core.main.TestSuiteExecutor.execute(TestSuiteExecutor.java:106)
	at com.kms.katalon.core.main.TestCaseMain.startTestSuite(TestCaseMain.java:187)
	at com.kms.katalon.core.main.TestCaseMain$startTestSuite$0.call(Unknown Source)
	at TempTestSuite1700747757013.run(TempTestSuite1700747757013.groovy:36)
Caused by: com.kms.katalon.core.exception.StepFailedException: Unable to set text '1PMTYE991215114515JY05' of object 'Object Repository/Page_Justificatifs_Usager/Input_Numero_Ephoto'
	at com.kms.katalon.core.webui.keyword.internal.WebUIKeywordMain.stepFailed(WebUIKeywordMain.groovy:64)
	at com.kms.katalon.core.webui.keyword.internal.WebUIKeywordMain.runKeyword(WebUIKeywordMain.groovy:26)
	at com.kms.katalon.core.webui.keyword.builtin.SetTextKeyword.setText(SetTextKeyword.groovy:66)
	at com.kms.katalon.core.webui.keyword.builtin.SetTextKeyword.execute(SetTextKeyword.groovy:37)
	at com.kms.katalon.core.keyword.internal.KeywordExecutor.executeKeywordForPlatform(KeywordExecutor.groovy:74)
	at com.kms.katalon.core.webui.keyword.WebUiBuiltInKeywords.setText(WebUiBuiltInKeywords.groovy:980)
	at com.kazurayam.ksbackyard.HighlightElement$_pandemic_closure1.doCall(HighlightElement.groovy:105)
	at FormulaireJustificatifs.run(FormulaireJustificatifs:281)
	at com.kms.katalon.core.main.ScriptEngine.run(ScriptEngine.java:194)
	at com.kms.katalon.core.main.ScriptEngine.runScriptAsRawText(ScriptEngine.java:119)
	at com.kms.katalon.core.main.TestCaseExecutor.runScript(TestCaseExecutor.java:448)
	at com.kms.katalon.core.main.TestCaseExecutor.doExecute(TestCaseExecutor.java:439)
	at com.kms.katalon.core.main.TestCaseExecutor.processExecutionPhase(TestCaseExecutor.java:418)
	at com.kms.katalon.core.main.TestCaseExecutor.accessMainPhase(TestCaseExecutor.java:410)
	at com.kms.katalon.core.main.TestCaseExecutor.execute(TestCaseExecutor.java:285)
	at com.kms.katalon.core.main.TestCaseMain.runTestCase(TestCaseMain.java:144)
	at com.kms.katalon.core.keyword.builtin.CallTestCaseKeyword$_callTestCase_closure1.doCall(CallTestCaseKeyword.groovy:59)
	... 21 more
Caused by: com.kms.katalon.core.webui.exception.WebElementNotFoundException: Web element with id: 'Object Repository/Page_Justificatifs_Usager/Input_Numero_Ephoto' located by '//*[@aria-labelledby="PHOTO_NUMBER-label" and @type ="text"]|//*[@aria-labelledby="PHOTO_IDENTITE-label" and @type ="text"]' not found
	at com.kms.katalon.core.webui.common.WebUiCommonHelper.findWebElement(WebUiCommonHelper.java:1381)
	at com.kms.katalon.core.webui.keyword.internal.WebUIAbstractKeyword.findWebElement(WebUIAbstractKeyword.groovy:27)
	at com.kms.katalon.core.webui.keyword.internal.WebUIAbstractKeyword.findWebElement(WebUIAbstractKeyword.groovy:26)
	at com.kms.katalon.core.webui.keyword.builtin.SetTextKeyword$_setText_closure1.doCall(SetTextKeyword.groovy:51)
	at com.kms.katalon.core.webui.keyword.builtin.SetTextKeyword$_setText_closure1.call(SetTextKeyword.groovy)
	at com.kms.katalon.core.webui.keyword.internal.WebUIKeywordMain.runKeyword(WebUIKeywordMain.groovy:20)
	... 36 more]]></system-err>
      </testcase>
      <testcase name="Test Cases/Cas D Utilisations/Usager Etudiant/TNR R.TSPT Supp90-Etudiant" time="444.301" classname="Test Cases/Cas D Utilisations/Usager Etudiant/TNR R.TSPT Supp90-Etudiant" status="PASSED">
         <system-out><![CDATA[2023-11-23 15:12:11 - [TEST_CASE][PASSED] - Test Cases/Cas D Utilisations/Usager Etudiant/TNR R.TSPT Supp90-Etudiant: Test Cases/Cas D Utilisations/Usager Etudiant/TNR R.TSPT Supp90-Etudiant

2023-11-23 15:12:11 - [TEST_STEP][PASSED] - com.kazurayam.ksbackyard.HighlightElement.pandemic(): com.kazurayam.ksbackyard.HighlightElement.pandemic is PASSED

2023-11-23 15:12:11 - [MESSAGE][PASSED] - com.kazurayam.ksbackyard.HighlightElement.pandemic is PASSED

2023-11-23 15:12:11 - [TEST_STEP][PASSED] - callTestCase(findTestCase("Test Reutilisable/Main/Lancer URL ANEF"), ["Profiles":"Usager", "EnvExec":EnvExec], STOP_ON_FAILURE): Call Test Case 'Test Cases/Test Reutilisable/Main/Lancer URL ANEF' successfully

2023-11-23 15:12:11 - [MESSAGE][INFO] - Checking called Test Case

2023-11-23 15:12:11 - [MESSAGE][INFO] - Starting to call Test Case 'Test Cases/Test Reutilisable/Main/Lancer URL ANEF'

2023-11-23 15:12:11 - [TEST_CASE][PASSED] - Test Cases/Test Reutilisable/Main/Lancer URL ANEF: Test Cases/Test Reutilisable/Main/Lancer URL ANEF

2023-11-23 15:12:11 - [TEST_STEP][PASSED] - "RunConfiguration: getProjectDir for LogDriver ": null

2023-11-23 15:12:11 - [TEST_STEP][PASSED] - RunBrowserConfiguration = getExecutionProperties(): null

2023-11-23 15:12:11 - [TEST_STEP][PASSED] - DriverName = "": null

2023-11-23 15:12:11 - [TEST_STEP][PASSED] - openBrowser(""): Browser is opened with url: ''

2023-11-23 15:12:11 - [MESSAGE][INFO] - Opening browser

2023-11-23 15:12:11 - [MESSAGE][WARNING] - A browser is already opened. Closing browser and opening a new one

2023-11-23 15:12:12 - [MESSAGE][INFO] - Starting 'Chrome' driver

2023-11-23 15:12:12 - [MESSAGE][INFO] - User set preference: ['args', '[--incognito, --start-maximized, --remote-allow-origins=*]']

2023-11-23 15:12:12 - [MESSAGE][INFO] - User set preference: ['prefs', '{download.default_directory=${GlobalVariable.downloadPath}, download_dir=${GlobalVariable.downloadPath}, download.prompt_for_download=false}']

2023-11-23 15:12:12 - [MESSAGE][INFO] - User set preference: ['loggingPrefs', '{browser=ALL}']

2023-11-23 15:12:12 - [MESSAGE][INFO] - Action delay is set to 2Â 000 milliseconds

2023-11-23 15:12:14 - [MESSAGE][PASSED] - Browser is opened with url: ''

2023-11-23 15:12:14 - [TEST_STEP][PASSED] - driver = getWebDriver(): null

2023-11-23 15:12:14 - [TEST_STEP][PASSED] - wrappedDriver = driver.getWrappedDriver(): null

2023-11-23 15:12:14 - [TEST_STEP][PASSED] - out.println(wrappedDriver.getClass()): null

2023-11-23 15:12:14 - [TEST_STEP][PASSED] - if (class == com.kms.katalon.selenium.driver.CRemoteWebDriver): null

2023-11-23 15:12:14 - [TEST_STEP][PASSED] - else: null

2023-11-23 15:12:14 - [TEST_STEP][PASSED] - DriverName = get("WebUI").get("browserType"): null

2023-11-23 15:12:14 - [TEST_STEP][PASSED] - println("DriverName :" + DriverName): null

2023-11-23 15:12:14 - [TEST_STEP][PASSED] - println("Driverpath :" + RunBrowserConfiguration.get("drivers")): null

2023-11-23 15:12:14 - [TEST_STEP][PASSED] - DriverName = DriverName: null

2023-11-23 15:12:14 - [TEST_STEP][PASSED] - delay(medium_wait): Delayed 3 second(s)

2023-11-23 15:12:14 - [MESSAGE][INFO] - Delaying browser in 3 second(s)

2023-11-23 15:12:17 - [MESSAGE][PASSED] - Delayed 3 second(s)

2023-11-23 15:12:17 - [TEST_STEP][PASSED] - executedBrowser = getExecutedBrowser(): null

2023-11-23 15:12:17 - [TEST_STEP][PASSED] - if (Profiles == "Usager"): null

2023-11-23 15:12:17 - [TEST_STEP][PASSED] - switch (DriverName): null

2023-11-23 15:12:17 - [TEST_STEP][PASSED] - case "CHROME_DRIVER":: null

2023-11-23 15:12:17 - [TEST_STEP][PASSED] - if (EnvExec == "URL_ANEFQualif"): null

2023-11-23 15:12:17 - [TEST_STEP][PASSED] - if (EnvExec == "URL_ANEFPreProd"): Navigate to 'https://preprod.administration-etrangers-en-france.interieur.gouv.fr/particuliers/#/' successfully

2023-11-23 15:12:17 - [TEST_STEP][PASSED] - navigateToUrl(URL_ANEFPreProd): Navigate to 'https://preprod.administration-etrangers-en-france.interieur.gouv.fr/particuliers/#/' successfully

2023-11-23 15:12:17 - [MESSAGE][INFO] - Checking url

2023-11-23 15:12:17 - [MESSAGE][INFO] - Navigating to 'https://preprod.administration-etrangers-en-france.interieur.gouv.fr/particuliers/#/'

2023-11-23 15:12:35 - [MESSAGE][PASSED] - Navigate to 'https://preprod.administration-etrangers-en-france.interieur.gouv.fr/particuliers/#/' successfully

2023-11-23 15:12:35 - [TEST_STEP][PASSED] - maximizeWindow(): Current window maximized

2023-11-23 15:12:35 - [MESSAGE][INFO] - Maximizing current window

2023-11-23 15:12:35 - [MESSAGE][PASSED] - Current window maximized

2023-11-23 15:12:35 - [TEST_STEP][PASSED] - System.setProperty("webdriver.chrome.driver", getChromeDriverPath()): null

2023-11-23 15:12:35 - [TEST_STEP][PASSED] - System.setProperty("webdriver.chrome.logfile", getProjectDir() + "/Dump/chromedriver.log"): null

2023-11-23 15:12:35 - [TEST_STEP][PASSED] - callTestCase(findTestCase("Test Reutilisable/Main/Erreur lie a la confidentialite"), [:], STOP_ON_FAILURE): Call Test Case 'Test Cases/Test Reutilisable/Main/Erreur lie a la confidentialite' successfully

2023-11-23 15:12:35 - [MESSAGE][INFO] - Checking called Test Case

2023-11-23 15:12:35 - [MESSAGE][INFO] - Starting to call Test Case 'Test Cases/Test Reutilisable/Main/Erreur lie a la confidentialite'

2023-11-23 15:12:35 - [TEST_CASE][PASSED] - Test Cases/Test Reutilisable/Main/Erreur lie a la confidentialite: Test Cases/Test Reutilisable/Main/Erreur lie a la confidentialite

2023-11-23 15:12:35 - [TEST_STEP][PASSED] - tools.WaitForLoadedPage.waitForElementRendering(): tools.WaitForLoadedPage.waitForElementRendering is PASSED

2023-11-23 15:12:35 - [MESSAGE][PASSED] - tools.WaitForLoadedPage.waitForElementRendering is PASSED

2023-11-23 15:12:35 - [TEST_STEP][PASSED] - "Call Highlight.on() automatically": null

2023-11-23 15:12:35 - [TEST_STEP][PASSED] - DriverName = DriverName: null

2023-11-23 15:12:35 - [TEST_STEP][PASSED] - if (DriverName == "CHROME_DRIVER" || "EDGE_CHROMIUM_DRIVER" || "HEADLESS_DRIVER"): null

2023-11-23 15:12:35 - [TEST_STEP][PASSED] - if (verifyElementPresent(findTestObject("Object Repository/Connexion Usager/Btn_Parametres Avances"), 2, OPTIONAL)): null

2023-11-23 15:12:35 - [MESSAGE][INFO] - Finding Test Object 'Object Repository/Connexion Usager/Btn_Parametres Avances'

2023-11-23 15:12:35 - [MESSAGE][INFO] - Checking object

2023-11-23 15:12:35 - [MESSAGE][INFO] - Finding web element from Test Object's properties

2023-11-23 15:12:35 - [MESSAGE][INFO] - Checking timeout

2023-11-23 15:12:35 - [MESSAGE][INFO] - Finding web element with id: 'Object Repository/Connexion Usager/Btn_Parametres Avances' located by 'By.xpath: //*[@id="details-button"]' in '2' second(s)

2023-11-23 15:12:35 - [MESSAGE][INFO] - Smart Wait Function is triggered

2023-11-23 15:12:36 - [MESSAGE][INFO] - Found 1 web elements with id: 'Object Repository/Connexion Usager/Btn_Parametres Avances' located by 'By.xpath: //*[@id="details-button"]' in '2' second(s)

2023-11-23 15:12:36 - [MESSAGE][PASSED] - Object 'Object Repository/Connexion Usager/Btn_Parametres Avances' is present

2023-11-23 15:12:36 - [TEST_STEP][PASSED] - click(findTestObject("Object Repository/Connexion Usager/Btn_Parametres Avances"), OPTIONAL): Object: 'Object Repository/Connexion Usager/Btn_Parametres Avances' is clicked on

2023-11-23 15:12:36 - [MESSAGE][INFO] - Finding Test Object 'Object Repository/Connexion Usager/Btn_Parametres Avances'

2023-11-23 15:12:36 - [MESSAGE][INFO] - Checking timeout

2023-11-23 15:12:36 - [MESSAGE][INFO] - Finding web element with id: 'Object Repository/Connexion Usager/Btn_Parametres Avances' located by 'By.xpath: //*[@id="details-button"]' in '20' second(s)

2023-11-23 15:12:36 - [MESSAGE][INFO] - Smart Wait Function is triggered

2023-11-23 15:12:36 - [MESSAGE][INFO] - Found 1 web elements with id: 'Object Repository/Connexion Usager/Btn_Parametres Avances' located by 'By.xpath: //*[@id="details-button"]' in '20' second(s)

2023-11-23 15:12:36 - [MESSAGE][INFO] - Checking object

2023-11-23 15:12:36 - [MESSAGE][INFO] - Checking timeout

2023-11-23 15:12:36 - [MESSAGE][INFO] - Finding web element from Test Object's properties

2023-11-23 15:12:36 - [MESSAGE][INFO] - Checking timeout

2023-11-23 15:12:36 - [MESSAGE][INFO] - Finding web element with id: 'Object Repository/Connexion Usager/Btn_Parametres Avances' located by 'By.xpath: //*[@id="details-button"]' in '5' second(s)

2023-11-23 15:12:36 - [MESSAGE][INFO] - Smart Wait Function is triggered

2023-11-23 15:12:36 - [MESSAGE][INFO] - Found 1 web elements with id: 'Object Repository/Connexion Usager/Btn_Parametres Avances' located by 'By.xpath: //*[@id="details-button"]' in '5' second(s)

2023-11-23 15:12:36 - [MESSAGE][INFO] - Clicking on object: 'Object Repository/Connexion Usager/Btn_Parametres Avances'

2023-11-23 15:12:38 - [MESSAGE][PASSED] - Object: 'Object Repository/Connexion Usager/Btn_Parametres Avances' is clicked on

2023-11-23 15:12:38 - [TEST_STEP][PASSED] - click(findTestObject("Object Repository/Connexion Usager/Link_Proceed-Link"), OPTIONAL): Object: 'Object Repository/Connexion Usager/Link_Proceed-Link' is clicked on

2023-11-23 15:12:38 - [MESSAGE][INFO] - Finding Test Object 'Object Repository/Connexion Usager/Link_Proceed-Link'

2023-11-23 15:12:38 - [MESSAGE][INFO] - Checking timeout

2023-11-23 15:12:38 - [MESSAGE][INFO] - Finding web element with id: 'Object Repository/Connexion Usager/Link_Proceed-Link' located by 'By.xpath: //*[@id="proceed-link"]' in '20' second(s)

2023-11-23 15:12:38 - [MESSAGE][INFO] - Smart Wait Function is triggered

2023-11-23 15:12:38 - [MESSAGE][INFO] - Found 1 web elements with id: 'Object Repository/Connexion Usager/Link_Proceed-Link' located by 'By.xpath: //*[@id="proceed-link"]' in '20' second(s)

2023-11-23 15:12:38 - [MESSAGE][INFO] - Checking object

2023-11-23 15:12:38 - [MESSAGE][INFO] - Checking timeout

2023-11-23 15:12:38 - [MESSAGE][INFO] - Finding web element from Test Object's properties

2023-11-23 15:12:38 - [MESSAGE][INFO] - Checking timeout

2023-11-23 15:12:38 - [MESSAGE][INFO] - Finding web element with id: 'Object Repository/Connexion Usager/Link_Proceed-Link' located by 'By.xpath: //*[@id="proceed-link"]' in '5' second(s)

2023-11-23 15:12:38 - [MESSAGE][INFO] - Smart Wait Function is triggered

2023-11-23 15:12:38 - [MESSAGE][INFO] - Found 1 web elements with id: 'Object Repository/Connexion Usager/Link_Proceed-Link' located by 'By.xpath: //*[@id="proceed-link"]' in '5' second(s)

2023-11-23 15:12:38 - [MESSAGE][INFO] - Clicking on object: 'Object Repository/Connexion Usager/Link_Proceed-Link'

2023-11-23 15:12:41 - [MESSAGE][PASSED] - Object: 'Object Repository/Connexion Usager/Link_Proceed-Link' is clicked on

2023-11-23 15:12:41 - [TEST_STEP][PASSED] - if (DriverName == "IE_DRIVER"): null

2023-11-23 15:12:41 - [TEST_STEP][PASSED] - delay(3): Delayed 3 second(s)

2023-11-23 15:12:41 - [MESSAGE][INFO] - Delaying browser in 3 second(s)

2023-11-23 15:12:44 - [MESSAGE][PASSED] - Delayed 3 second(s)

2023-11-23 15:12:44 - [MESSAGE][PASSED] - Call Test Case 'Test Cases/Test Reutilisable/Main/Erreur lie a la confidentialite' successfully

2023-11-23 15:12:44 - [TEST_STEP][PASSED] - delay(5): Delayed 5 second(s)

2023-11-23 15:12:44 - [MESSAGE][INFO] - Delaying browser in 5 second(s)

2023-11-23 15:12:49 - [MESSAGE][PASSED] - Delayed 5 second(s)

2023-11-23 15:12:49 - [TEST_STEP][PASSED] - verifyElementVisible(findTestObject("Object Repository/Connexion Usager/Link_Se Connecter"), STOP_ON_FAILURE): Object 'Object Repository/Connexion Usager/Link_Se Connecter' is visible

2023-11-23 15:12:49 - [MESSAGE][INFO] - Finding Test Object 'Object Repository/Connexion Usager/Link_Se Connecter'

2023-11-23 15:12:49 - [MESSAGE][INFO] - Checking object

2023-11-23 15:12:49 - [MESSAGE][INFO] - Finding web element from Test Object's properties

2023-11-23 15:12:49 - [MESSAGE][INFO] - Checking timeout

2023-11-23 15:12:49 - [MESSAGE][INFO] - Finding web element with id: 'Object Repository/Connexion Usager/Link_Se Connecter' located by 'By.xpath: //*[@id="connexion_link"]' in '5' second(s)

2023-11-23 15:12:49 - [MESSAGE][INFO] - Smart Wait Function is triggered

2023-11-23 15:12:49 - [MESSAGE][INFO] - Found 1 web elements with id: 'Object Repository/Connexion Usager/Link_Se Connecter' located by 'By.xpath: //*[@id="connexion_link"]' in '5' second(s)

2023-11-23 15:12:49 - [MESSAGE][PASSED] - Object 'Object Repository/Connexion Usager/Link_Se Connecter' is visible

2023-11-23 15:12:49 - [TEST_STEP][PASSED] - break: null

2023-11-23 15:12:49 - [TEST_STEP][PASSED] - if (Profiles == "Agent"): null

2023-11-23 15:12:49 - [TEST_STEP][PASSED] - else: null

2023-11-23 15:12:49 - [TEST_STEP][PASSED] - println("VÃ©rifier le Portail de votre connexion Usager ou Agent"): null

2023-11-23 15:12:49 - [MESSAGE][PASSED] - Call Test Case 'Test Cases/Test Reutilisable/Main/Lancer URL ANEF' successfully

2023-11-23 15:12:49 - [TEST_STEP][PASSED] - callTestCase(findTestCase("Test Reutilisable/Main/Creer Votre Compte"), ["NumEtrangerVisa":NumEtrangerVisa, "DateDebut":DateDebut, "DateFin":DateFin, "EnvExec":EnvExec], STOP_ON_FAILURE): Call Test Case 'Test Cases/Test Reutilisable/Main/Creer Votre Compte' successfully

2023-11-23 15:12:49 - [MESSAGE][INFO] - Checking called Test Case

2023-11-23 15:12:49 - [MESSAGE][INFO] - Starting to call Test Case 'Test Cases/Test Reutilisable/Main/Creer Votre Compte'

2023-11-23 15:12:49 - [TEST_CASE][PASSED] - Test Cases/Test Reutilisable/Main/Creer Votre Compte: Test Cases/Test Reutilisable/Main/Creer Votre Compte

2023-11-23 15:12:49 - [TEST_STEP][PASSED] - "waiting for the number of elements in the DOM to stop changing": null

2023-11-23 15:12:49 - [TEST_STEP][PASSED] - com.kazurayam.ksbackyard.HighlightElement.pandemic(): com.kazurayam.ksbackyard.HighlightElement.pandemic is PASSED

2023-11-23 15:12:49 - [MESSAGE][PASSED] - com.kazurayam.ksbackyard.HighlightElement.pandemic is PASSED

2023-11-23 15:12:49 - [TEST_STEP][PASSED] - waitForPageLoad(5): Wait for page load successfully

2023-11-23 15:12:49 - [MESSAGE][INFO] - Checking timeout

2023-11-23 15:12:49 - [MESSAGE][PASSED] - Wait for page load successfully

2023-11-23 15:12:49 - [TEST_STEP][PASSED] - click(findTestObject("Object Repository/Connexion Usager/Link_Se Connecter")): Object: 'Object Repository/Connexion Usager/Link_Se Connecter' is clicked on

2023-11-23 15:12:49 - [MESSAGE][INFO] - Finding Test Object 'Object Repository/Connexion Usager/Link_Se Connecter'

2023-11-23 15:12:49 - [MESSAGE][INFO] - Checking timeout

2023-11-23 15:12:49 - [MESSAGE][INFO] - Finding web element with id: 'Object Repository/Connexion Usager/Link_Se Connecter' located by 'By.xpath: //*[@id="connexion_link"]' in '20' second(s)

2023-11-23 15:12:49 - [MESSAGE][INFO] - Smart Wait Function is triggered

2023-11-23 15:12:49 - [MESSAGE][INFO] - Found 1 web elements with id: 'Object Repository/Connexion Usager/Link_Se Connecter' located by 'By.xpath: //*[@id="connexion_link"]' in '20' second(s)

2023-11-23 15:12:49 - [MESSAGE][INFO] - Checking object

2023-11-23 15:12:49 - [MESSAGE][INFO] - Checking timeout

2023-11-23 15:12:49 - [MESSAGE][INFO] - Finding web element from Test Object's properties

2023-11-23 15:12:49 - [MESSAGE][INFO] - Checking timeout

2023-11-23 15:12:49 - [MESSAGE][INFO] - Finding web element with id: 'Object Repository/Connexion Usager/Link_Se Connecter' located by 'By.xpath: //*[@id="connexion_link"]' in '5' second(s)

2023-11-23 15:12:49 - [MESSAGE][INFO] - Smart Wait Function is triggered

2023-11-23 15:12:49 - [MESSAGE][INFO] - Found 1 web elements with id: 'Object Repository/Connexion Usager/Link_Se Connecter' located by 'By.xpath: //*[@id="connexion_link"]' in '5' second(s)

2023-11-23 15:12:49 - [MESSAGE][INFO] - Clicking on object: 'Object Repository/Connexion Usager/Link_Se Connecter'

2023-11-23 15:12:52 - [MESSAGE][PASSED] - Object: 'Object Repository/Connexion Usager/Link_Se Connecter' is clicked on

2023-11-23 15:12:52 - [TEST_STEP][PASSED] - if (EnvExec == "URL_ANEFQualif"): null

2023-11-23 15:12:52 - [TEST_STEP][PASSED] - click(findTestObject("Object Repository/Connexion Usager/Link_Creer Votre Compte")): Object: 'Object Repository/Connexion Usager/Link_Creer Votre Compte' is clicked on

2023-11-23 15:12:52 - [MESSAGE][INFO] - Finding Test Object 'Object Repository/Connexion Usager/Link_Creer Votre Compte'

2023-11-23 15:12:52 - [MESSAGE][INFO] - Checking timeout

2023-11-23 15:12:52 - [MESSAGE][INFO] - Finding web element with id: 'Object Repository/Connexion Usager/Link_Creer Votre Compte' located by 'By.xpath: /html/body/div/main/div[2]/a' in '20' second(s)

2023-11-23 15:12:52 - [MESSAGE][INFO] - Smart Wait Function is triggered

2023-11-23 15:12:52 - [MESSAGE][INFO] - Found 1 web elements with id: 'Object Repository/Connexion Usager/Link_Creer Votre Compte' located by 'By.xpath: /html/body/div/main/div[2]/a' in '20' second(s)

2023-11-23 15:12:52 - [MESSAGE][INFO] - Checking object

2023-11-23 15:12:52 - [MESSAGE][INFO] - Checking timeout

2023-11-23 15:12:52 - [MESSAGE][INFO] - Finding web element from Test Object's properties

2023-11-23 15:12:52 - [MESSAGE][INFO] - Checking timeout

2023-11-23 15:12:52 - [MESSAGE][INFO] - Finding web element with id: 'Object Repository/Connexion Usager/Link_Creer Votre Compte' located by 'By.xpath: /html/body/div/main/div[2]/a' in '5' second(s)

2023-11-23 15:12:52 - [MESSAGE][INFO] - Smart Wait Function is triggered

2023-11-23 15:12:52 - [MESSAGE][INFO] - Found 1 web elements with id: 'Object Repository/Connexion Usager/Link_Creer Votre Compte' located by 'By.xpath: /html/body/div/main/div[2]/a' in '5' second(s)

2023-11-23 15:12:52 - [MESSAGE][INFO] - Clicking on object: 'Object Repository/Connexion Usager/Link_Creer Votre Compte'

2023-11-23 15:12:55 - [MESSAGE][PASSED] - Object: 'Object Repository/Connexion Usager/Link_Creer Votre Compte' is clicked on

2023-11-23 15:12:55 - [TEST_STEP][PASSED] - waitForPageLoad(5): Wait for page load successfully

2023-11-23 15:12:55 - [MESSAGE][INFO] - Checking timeout

2023-11-23 15:12:55 - [MESSAGE][PASSED] - Wait for page load successfully

2023-11-23 15:12:55 - [TEST_STEP][PASSED] - println("NumEtrangerVisa = " + NumEtrangerVisa): null

2023-11-23 15:12:55 - [TEST_STEP][PASSED] - setText(findTestObject("Object Repository/Connexion Usager/Input_Numero etranger_Visa"), NumEtrangerVisa): Text '7703040874' is set on object 'Object Repository/Connexion Usager/Input_Numero etranger_Visa'

2023-11-23 15:12:55 - [MESSAGE][INFO] - Finding Test Object 'Object Repository/Connexion Usager/Input_Numero etranger_Visa'

2023-11-23 15:12:55 - [MESSAGE][INFO] - Checking timeout

2023-11-23 15:12:55 - [MESSAGE][INFO] - Finding web element with id: 'Object Repository/Connexion Usager/Input_Numero etranger_Visa' located by 'By.xpath: //*[@placeholder="Exemple : 9999999999" and @type = 'text']' in '20' second(s)

2023-11-23 15:12:55 - [MESSAGE][INFO] - Smart Wait Function is triggered

2023-11-23 15:12:55 - [MESSAGE][INFO] - Smart Wait Function is triggered

2023-11-23 15:12:55 - [MESSAGE][INFO] - Smart Wait Function is triggered

2023-11-23 15:12:55 - [MESSAGE][INFO] - Smart Wait Function is triggered

2023-11-23 15:12:55 - [MESSAGE][INFO] - Found 1 web elements with id: 'Object Repository/Connexion Usager/Input_Numero etranger_Visa' located by 'By.xpath: //*[@placeholder="Exemple : 9999999999" and @type = 'text']' in '20' second(s)

2023-11-23 15:12:55 - [MESSAGE][INFO] - Checking object

2023-11-23 15:12:55 - [MESSAGE][INFO] - Checking text

2023-11-23 15:12:55 - [MESSAGE][INFO] - Finding web element from Test Object's properties

2023-11-23 15:12:55 - [MESSAGE][INFO] - Checking timeout

2023-11-23 15:12:55 - [MESSAGE][INFO] - Finding web element with id: 'Object Repository/Connexion Usager/Input_Numero etranger_Visa' located by 'By.xpath: //*[@placeholder="Exemple : 9999999999" and @type = 'text']' in '5' second(s)

2023-11-23 15:12:55 - [MESSAGE][INFO] - Smart Wait Function is triggered

2023-11-23 15:12:55 - [MESSAGE][INFO] - Found 1 web elements with id: 'Object Repository/Connexion Usager/Input_Numero etranger_Visa' located by 'By.xpath: //*[@placeholder="Exemple : 9999999999" and @type = 'text']' in '5' second(s)

2023-11-23 15:12:55 - [MESSAGE][INFO] - Clearing text of object 'Object Repository/Connexion Usager/Input_Numero etranger_Visa'

2023-11-23 15:12:57 - [MESSAGE][INFO] - Finding web element from Test Object's properties

2023-11-23 15:12:57 - [MESSAGE][INFO] - Checking timeout

2023-11-23 15:12:57 - [MESSAGE][INFO] - Finding web element with id: 'Object Repository/Connexion Usager/Input_Numero etranger_Visa' located by 'By.xpath: //*[@placeholder="Exemple : 9999999999" and @type = 'text']' in '5' second(s)

2023-11-23 15:12:57 - [MESSAGE][INFO] - Smart Wait Function is triggered

2023-11-23 15:12:57 - [MESSAGE][INFO] - Found 1 web elements with id: 'Object Repository/Connexion Usager/Input_Numero etranger_Visa' located by 'By.xpath: //*[@placeholder="Exemple : 9999999999" and @type = 'text']' in '5' second(s)

2023-11-23 15:12:57 - [MESSAGE][INFO] - Setting text of object 'Object Repository/Connexion Usager/Input_Numero etranger_Visa' to value '7703040874'

2023-11-23 15:12:59 - [MESSAGE][PASSED] - Text '7703040874' is set on object 'Object Repository/Connexion Usager/Input_Numero etranger_Visa'

2023-11-23 15:12:59 - [TEST_STEP][PASSED] - DateDebut = DateDebut: null

2023-11-23 15:12:59 - [TEST_STEP][PASSED] - DateDebut = tools.MyStringTools.ParsedDateDebut(): tools.MyStringTools.ParsedDateDebut is PASSED

2023-11-23 15:12:59 - [MESSAGE][PASSED] - tools.MyStringTools.ParsedDateDebut is PASSED

2023-11-23 15:12:59 - [TEST_STEP][PASSED] - ParsedDateDebut = tools.MyStringTools.ParsedDateDebut(): tools.MyStringTools.ParsedDateDebut is PASSED

2023-11-23 15:12:59 - [MESSAGE][PASSED] - tools.MyStringTools.ParsedDateDebut is PASSED

2023-11-23 15:12:59 - [TEST_STEP][PASSED] - setText(findTestObject("Object Repository/Connexion Usager/Date Debut Validite/Input_Jour"), ParsedDateDebut[0]): Text '24' is set on object 'Object Repository/Connexion Usager/Date Debut Validite/Input_Jour'

2023-11-23 15:12:59 - [MESSAGE][INFO] - Finding Test Object 'Object Repository/Connexion Usager/Date Debut Validite/Input_Jour'

2023-11-23 15:12:59 - [MESSAGE][INFO] - Checking timeout

2023-11-23 15:12:59 - [MESSAGE][INFO] - Finding web element with id: 'Object Repository/Connexion Usager/Date Debut Validite/Input_Jour' located by 'By.xpath: /html/body/app-root/div/app-root/main/app-registration/div/div[3]/app-identification/form/div[2]/app-date[1]/fieldset/div[2]/div[1]/input' in '20' second(s)

2023-11-23 15:12:59 - [MESSAGE][INFO] - Smart Wait Function is triggered

2023-11-23 15:13:00 - [MESSAGE][INFO] - Found 1 web elements with id: 'Object Repository/Connexion Usager/Date Debut Validite/Input_Jour' located by 'By.xpath: /html/body/app-root/div/app-root/main/app-registration/div/div[3]/app-identification/form/div[2]/app-date[1]/fieldset/div[2]/div[1]/input' in '20' second(s)

2023-11-23 15:13:00 - [MESSAGE][INFO] - Checking object

2023-11-23 15:13:00 - [MESSAGE][INFO] - Checking text

2023-11-23 15:13:00 - [MESSAGE][INFO] - Finding web element from Test Object's properties

2023-11-23 15:13:00 - [MESSAGE][INFO] - Checking timeout

2023-11-23 15:13:00 - [MESSAGE][INFO] - Finding web element with id: 'Object Repository/Connexion Usager/Date Debut Validite/Input_Jour' located by 'By.xpath: /html/body/app-root/div/app-root/main/app-registration/div/div[3]/app-identification/form/div[2]/app-date[1]/fieldset/div[2]/div[1]/input' in '5' second(s)

2023-11-23 15:13:00 - [MESSAGE][INFO] - Smart Wait Function is triggered

2023-11-23 15:13:00 - [MESSAGE][INFO] - Found 1 web elements with id: 'Object Repository/Connexion Usager/Date Debut Validite/Input_Jour' located by 'By.xpath: /html/body/app-root/div/app-root/main/app-registration/div/div[3]/app-identification/form/div[2]/app-date[1]/fieldset/div[2]/div[1]/input' in '5' second(s)

2023-11-23 15:13:00 - [MESSAGE][INFO] - Clearing text of object 'Object Repository/Connexion Usager/Date Debut Validite/Input_Jour'

2023-11-23 15:13:02 - [MESSAGE][INFO] - Finding web element from Test Object's properties

2023-11-23 15:13:02 - [MESSAGE][INFO] - Checking timeout

2023-11-23 15:13:02 - [MESSAGE][INFO] - Finding web element with id: 'Object Repository/Connexion Usager/Date Debut Validite/Input_Jour' located by 'By.xpath: /html/body/app-root/div/app-root/main/app-registration/div/div[3]/app-identification/form/div[2]/app-date[1]/fieldset/div[2]/div[1]/input' in '5' second(s)

2023-11-23 15:13:02 - [MESSAGE][INFO] - Smart Wait Function is triggered

2023-11-23 15:13:02 - [MESSAGE][INFO] - Found 1 web elements with id: 'Object Repository/Connexion Usager/Date Debut Validite/Input_Jour' located by 'By.xpath: /html/body/app-root/div/app-root/main/app-registration/div/div[3]/app-identification/form/div[2]/app-date[1]/fieldset/div[2]/div[1]/input' in '5' second(s)

2023-11-23 15:13:02 - [MESSAGE][INFO] - Setting text of object 'Object Repository/Connexion Usager/Date Debut Validite/Input_Jour' to value '24'

2023-11-23 15:13:04 - [MESSAGE][PASSED] - Text '24' is set on object 'Object Repository/Connexion Usager/Date Debut Validite/Input_Jour'

2023-11-23 15:13:04 - [TEST_STEP][PASSED] - selectOptionByIndex(findTestObject("Object Repository/Connexion Usager/Date Debut Validite/Select_Mois"), ParsedDateDebut[1]): All options with index in [12] are selected on object 'Object Repository/Connexion Usager/Date Debut Validite/Select_Mois'

2023-11-23 15:13:04 - [MESSAGE][INFO] - Finding Test Object 'Object Repository/Connexion Usager/Date Debut Validite/Select_Mois'

2023-11-23 15:13:04 - [MESSAGE][INFO] - Checking timeout

2023-11-23 15:13:04 - [MESSAGE][INFO] - Finding web element with id: 'Object Repository/Connexion Usager/Date Debut Validite/Select_Mois' located by 'By.xpath: /html/body/app-root/div/app-root/main/app-registration/div/div[3]/app-identification/form/div[2]/app-date[1]/fieldset/div[2]/div[2]/select' in '20' second(s)

2023-11-23 15:13:04 - [MESSAGE][INFO] - Smart Wait Function is triggered

2023-11-23 15:13:04 - [MESSAGE][INFO] - Found 1 web elements with id: 'Object Repository/Connexion Usager/Date Debut Validite/Select_Mois' located by 'By.xpath: /html/body/app-root/div/app-root/main/app-registration/div/div[3]/app-identification/form/div[2]/app-date[1]/fieldset/div[2]/div[2]/select' in '20' second(s)

2023-11-23 15:13:04 - [MESSAGE][INFO] - Checking object

2023-11-23 15:13:04 - [MESSAGE][INFO] - Checking index range

2023-11-23 15:13:04 - [MESSAGE][INFO] - Converting range parameter '12' to index array

2023-11-23 15:13:04 - [MESSAGE][INFO] - Range parameter '12' is converted to index array [12]

2023-11-23 15:13:04 - [MESSAGE][INFO] - Finding web element from Test Object's properties

2023-11-23 15:13:04 - [MESSAGE][INFO] - Checking timeout

2023-11-23 15:13:04 - [MESSAGE][INFO] - Finding web element with id: 'Object Repository/Connexion Usager/Date Debut Validite/Select_Mois' located by 'By.xpath: /html/body/app-root/div/app-root/main/app-registration/div/div[3]/app-identification/form/div[2]/app-date[1]/fieldset/div[2]/div[2]/select' in '5' second(s)

2023-11-23 15:13:04 - [MESSAGE][INFO] - Smart Wait Function is triggered

2023-11-23 15:13:04 - [MESSAGE][INFO] - Found 1 web elements with id: 'Object Repository/Connexion Usager/Date Debut Validite/Select_Mois' located by 'By.xpath: /html/body/app-root/div/app-root/main/app-registration/div/div[3]/app-identification/form/div[2]/app-date[1]/fieldset/div[2]/div[2]/select' in '5' second(s)

2023-11-23 15:13:04 - [MESSAGE][INFO] - Checking index parameters

2023-11-23 15:13:04 - [MESSAGE][INFO] - Smart Wait Function is triggered

2023-11-23 15:13:04 - [MESSAGE][INFO] - Selecting options on object 'Object Repository/Connexion Usager/Date Debut Validite/Select_Mois' with index in [12]

2023-11-23 15:13:04 - [MESSAGE][INFO] - Smart Wait Function is triggered

2023-11-23 15:13:06 - [MESSAGE][INFO] - Option with index 12 is selected

2023-11-23 15:13:06 - [MESSAGE][PASSED] - All options with index in [12] are selected on object 'Object Repository/Connexion Usager/Date Debut Validite/Select_Mois'

2023-11-23 15:13:06 - [TEST_STEP][PASSED] - setText(findTestObject("Object Repository/Connexion Usager/Date Debut Validite/Input_Annee"), ParsedDateDebut[2]): Text '2022' is set on object 'Object Repository/Connexion Usager/Date Debut Validite/Input_Annee'

2023-11-23 15:13:06 - [MESSAGE][INFO] - Finding Test Object 'Object Repository/Connexion Usager/Date Debut Validite/Input_Annee'

2023-11-23 15:13:06 - [MESSAGE][INFO] - Checking timeout

2023-11-23 15:13:06 - [MESSAGE][INFO] - Finding web element with id: 'Object Repository/Connexion Usager/Date Debut Validite/Input_Annee' located by 'By.xpath: /html/body/app-root/div/app-root/main/app-registration/div/div[3]/app-identification/form/div[2]/app-date[1]/fieldset/div[2]/div[3]/input' in '20' second(s)

2023-11-23 15:13:06 - [MESSAGE][INFO] - Smart Wait Function is triggered

2023-11-23 15:13:06 - [MESSAGE][INFO] - Found 1 web elements with id: 'Object Repository/Connexion Usager/Date Debut Validite/Input_Annee' located by 'By.xpath: /html/body/app-root/div/app-root/main/app-registration/div/div[3]/app-identification/form/div[2]/app-date[1]/fieldset/div[2]/div[3]/input' in '20' second(s)

2023-11-23 15:13:06 - [MESSAGE][INFO] - Checking object

2023-11-23 15:13:06 - [MESSAGE][INFO] - Checking text

2023-11-23 15:13:06 - [MESSAGE][INFO] - Finding web element from Test Object's properties

2023-11-23 15:13:06 - [MESSAGE][INFO] - Checking timeout

2023-11-23 15:13:06 - [MESSAGE][INFO] - Finding web element with id: 'Object Repository/Connexion Usager/Date Debut Validite/Input_Annee' located by 'By.xpath: /html/body/app-root/div/app-root/main/app-registration/div/div[3]/app-identification/form/div[2]/app-date[1]/fieldset/div[2]/div[3]/input' in '5' second(s)

2023-11-23 15:13:06 - [MESSAGE][INFO] - Smart Wait Function is triggered

2023-11-23 15:13:06 - [MESSAGE][INFO] - Found 1 web elements with id: 'Object Repository/Connexion Usager/Date Debut Validite/Input_Annee' located by 'By.xpath: /html/body/app-root/div/app-root/main/app-registration/div/div[3]/app-identification/form/div[2]/app-date[1]/fieldset/div[2]/div[3]/input' in '5' second(s)

2023-11-23 15:13:06 - [MESSAGE][INFO] - Clearing text of object 'Object Repository/Connexion Usager/Date Debut Validite/Input_Annee'

2023-11-23 15:13:08 - [MESSAGE][INFO] - Finding web element from Test Object's properties

2023-11-23 15:13:08 - [MESSAGE][INFO] - Checking timeout

2023-11-23 15:13:08 - [MESSAGE][INFO] - Finding web element with id: 'Object Repository/Connexion Usager/Date Debut Validite/Input_Annee' located by 'By.xpath: /html/body/app-root/div/app-root/main/app-registration/div/div[3]/app-identification/form/div[2]/app-date[1]/fieldset/div[2]/div[3]/input' in '5' second(s)

2023-11-23 15:13:08 - [MESSAGE][INFO] - Smart Wait Function is triggered

2023-11-23 15:13:08 - [MESSAGE][INFO] - Found 1 web elements with id: 'Object Repository/Connexion Usager/Date Debut Validite/Input_Annee' located by 'By.xpath: /html/body/app-root/div/app-root/main/app-registration/div/div[3]/app-identification/form/div[2]/app-date[1]/fieldset/div[2]/div[3]/input' in '5' second(s)

2023-11-23 15:13:08 - [MESSAGE][INFO] - Setting text of object 'Object Repository/Connexion Usager/Date Debut Validite/Input_Annee' to value '2022'

2023-11-23 15:13:10 - [MESSAGE][PASSED] - Text '2022' is set on object 'Object Repository/Connexion Usager/Date Debut Validite/Input_Annee'

2023-11-23 15:13:10 - [TEST_STEP][PASSED] - DateFin = DateFin: null

2023-11-23 15:13:10 - [TEST_STEP][PASSED] - DateFin = tools.MyStringTools.ParsedDateFin(): tools.MyStringTools.ParsedDateFin is PASSED

2023-11-23 15:13:10 - [MESSAGE][PASSED] - tools.MyStringTools.ParsedDateFin is PASSED

2023-11-23 15:13:10 - [TEST_STEP][PASSED] - ParsedDateFin = tools.MyStringTools.ParsedDateFin(): tools.MyStringTools.ParsedDateFin is PASSED

2023-11-23 15:13:10 - [MESSAGE][PASSED] - tools.MyStringTools.ParsedDateFin is PASSED

2023-11-23 15:13:10 - [TEST_STEP][PASSED] - setText(findTestObject("Object Repository/Connexion Usager/Date Fin Validite/Input_Jour"), ParsedDateFin[0]): Text '23' is set on object 'Object Repository/Connexion Usager/Date Fin Validite/Input_Jour'

2023-11-23 15:13:10 - [MESSAGE][INFO] - Finding Test Object 'Object Repository/Connexion Usager/Date Fin Validite/Input_Jour'

2023-11-23 15:13:11 - [MESSAGE][INFO] - Checking timeout

2023-11-23 15:13:11 - [MESSAGE][INFO] - Finding web element with id: 'Object Repository/Connexion Usager/Date Fin Validite/Input_Jour' located by 'By.xpath: /html/body/app-root/div/app-root/main/app-registration/div/div[3]/app-identification/form/div[2]/app-date[2]/fieldset/div[2]/div[1]/input' in '20' second(s)

2023-11-23 15:13:11 - [MESSAGE][INFO] - Smart Wait Function is triggered

2023-11-23 15:13:11 - [MESSAGE][INFO] - Found 1 web elements with id: 'Object Repository/Connexion Usager/Date Fin Validite/Input_Jour' located by 'By.xpath: /html/body/app-root/div/app-root/main/app-registration/div/div[3]/app-identification/form/div[2]/app-date[2]/fieldset/div[2]/div[1]/input' in '20' second(s)

2023-11-23 15:13:11 - [MESSAGE][INFO] - Checking object

2023-11-23 15:13:11 - [MESSAGE][INFO] - Checking text

2023-11-23 15:13:11 - [MESSAGE][INFO] - Finding web element from Test Object's properties

2023-11-23 15:13:11 - [MESSAGE][INFO] - Checking timeout

2023-11-23 15:13:11 - [MESSAGE][INFO] - Finding web element with id: 'Object Repository/Connexion Usager/Date Fin Validite/Input_Jour' located by 'By.xpath: /html/body/app-root/div/app-root/main/app-registration/div/div[3]/app-identification/form/div[2]/app-date[2]/fieldset/div[2]/div[1]/input' in '5' second(s)

2023-11-23 15:13:11 - [MESSAGE][INFO] - Smart Wait Function is triggered

2023-11-23 15:13:11 - [MESSAGE][INFO] - Found 1 web elements with id: 'Object Repository/Connexion Usager/Date Fin Validite/Input_Jour' located by 'By.xpath: /html/body/app-root/div/app-root/main/app-registration/div/div[3]/app-identification/form/div[2]/app-date[2]/fieldset/div[2]/div[1]/input' in '5' second(s)

2023-11-23 15:13:11 - [MESSAGE][INFO] - Clearing text of object 'Object Repository/Connexion Usager/Date Fin Validite/Input_Jour'

2023-11-23 15:13:13 - [MESSAGE][INFO] - Finding web element from Test Object's properties

2023-11-23 15:13:13 - [MESSAGE][INFO] - Checking timeout

2023-11-23 15:13:13 - [MESSAGE][INFO] - Finding web element with id: 'Object Repository/Connexion Usager/Date Fin Validite/Input_Jour' located by 'By.xpath: /html/body/app-root/div/app-root/main/app-registration/div/div[3]/app-identification/form/div[2]/app-date[2]/fieldset/div[2]/div[1]/input' in '5' second(s)

2023-11-23 15:13:13 - [MESSAGE][INFO] - Smart Wait Function is triggered

2023-11-23 15:13:13 - [MESSAGE][INFO] - Found 1 web elements with id: 'Object Repository/Connexion Usager/Date Fin Validite/Input_Jour' located by 'By.xpath: /html/body/app-root/div/app-root/main/app-registration/div/div[3]/app-identification/form/div[2]/app-date[2]/fieldset/div[2]/div[1]/input' in '5' second(s)

2023-11-23 15:13:13 - [MESSAGE][INFO] - Setting text of object 'Object Repository/Connexion Usager/Date Fin Validite/Input_Jour' to value '23'

2023-11-23 15:13:15 - [MESSAGE][PASSED] - Text '23' is set on object 'Object Repository/Connexion Usager/Date Fin Validite/Input_Jour'

2023-11-23 15:13:15 - [TEST_STEP][PASSED] - selectOptionByIndex(findTestObject("Object Repository/Connexion Usager/Date Fin Validite/Select_Mois"), ParsedDateFin[1]): All options with index in [12] are selected on object 'Object Repository/Connexion Usager/Date Fin Validite/Select_Mois'

2023-11-23 15:13:15 - [MESSAGE][INFO] - Finding Test Object 'Object Repository/Connexion Usager/Date Fin Validite/Select_Mois'

2023-11-23 15:13:15 - [MESSAGE][INFO] - Checking timeout

2023-11-23 15:13:15 - [MESSAGE][INFO] - Finding web element with id: 'Object Repository/Connexion Usager/Date Fin Validite/Select_Mois' located by 'By.xpath: /html/body/app-root/div/app-root/main/app-registration/div/div[3]/app-identification/form/div[2]/app-date[2]/fieldset/div[2]/div[2]/select' in '20' second(s)

2023-11-23 15:13:15 - [MESSAGE][INFO] - Smart Wait Function is triggered

2023-11-23 15:13:15 - [MESSAGE][INFO] - Found 1 web elements with id: 'Object Repository/Connexion Usager/Date Fin Validite/Select_Mois' located by 'By.xpath: /html/body/app-root/div/app-root/main/app-registration/div/div[3]/app-identification/form/div[2]/app-date[2]/fieldset/div[2]/div[2]/select' in '20' second(s)

2023-11-23 15:13:15 - [MESSAGE][INFO] - Checking object

2023-11-23 15:13:15 - [MESSAGE][INFO] - Checking index range

2023-11-23 15:13:15 - [MESSAGE][INFO] - Converting range parameter '12' to index array

2023-11-23 15:13:15 - [MESSAGE][INFO] - Range parameter '12' is converted to index array [12]

2023-11-23 15:13:15 - [MESSAGE][INFO] - Finding web element from Test Object's properties

2023-11-23 15:13:15 - [MESSAGE][INFO] - Checking timeout

2023-11-23 15:13:15 - [MESSAGE][INFO] - Finding web element with id: 'Object Repository/Connexion Usager/Date Fin Validite/Select_Mois' located by 'By.xpath: /html/body/app-root/div/app-root/main/app-registration/div/div[3]/app-identification/form/div[2]/app-date[2]/fieldset/div[2]/div[2]/select' in '5' second(s)

2023-11-23 15:13:15 - [MESSAGE][INFO] - Smart Wait Function is triggered

2023-11-23 15:13:15 - [MESSAGE][INFO] - Found 1 web elements with id: 'Object Repository/Connexion Usager/Date Fin Validite/Select_Mois' located by 'By.xpath: /html/body/app-root/div/app-root/main/app-registration/div/div[3]/app-identification/form/div[2]/app-date[2]/fieldset/div[2]/div[2]/select' in '5' second(s)

2023-11-23 15:13:15 - [MESSAGE][INFO] - Checking index parameters

2023-11-23 15:13:15 - [MESSAGE][INFO] - Smart Wait Function is triggered

2023-11-23 15:13:15 - [MESSAGE][INFO] - Selecting options on object 'Object Repository/Connexion Usager/Date Fin Validite/Select_Mois' with index in [12]

2023-11-23 15:13:15 - [MESSAGE][INFO] - Smart Wait Function is triggered

2023-11-23 15:13:17 - [MESSAGE][INFO] - Option with index 12 is selected

2023-11-23 15:13:17 - [MESSAGE][PASSED] - All options with index in [12] are selected on object 'Object Repository/Connexion Usager/Date Fin Validite/Select_Mois'

2023-11-23 15:13:17 - [TEST_STEP][PASSED] - setText(findTestObject("Object Repository/Connexion Usager/Date Fin Validite/Input_Annee"), ParsedDateFin[2]): Text '2023' is set on object 'Object Repository/Connexion Usager/Date Fin Validite/Input_Annee'

2023-11-23 15:13:17 - [MESSAGE][INFO] - Finding Test Object 'Object Repository/Connexion Usager/Date Fin Validite/Input_Annee'

2023-11-23 15:13:17 - [MESSAGE][INFO] - Checking timeout

2023-11-23 15:13:17 - [MESSAGE][INFO] - Finding web element with id: 'Object Repository/Connexion Usager/Date Fin Validite/Input_Annee' located by 'By.xpath: /html/body/app-root/div/app-root/main/app-registration/div/div[3]/app-identification/form/div[2]/app-date[2]/fieldset/div[2]/div[3]/input' in '20' second(s)

2023-11-23 15:13:17 - [MESSAGE][INFO] - Smart Wait Function is triggered

2023-11-23 15:13:17 - [MESSAGE][INFO] - Found 1 web elements with id: 'Object Repository/Connexion Usager/Date Fin Validite/Input_Annee' located by 'By.xpath: /html/body/app-root/div/app-root/main/app-registration/div/div[3]/app-identification/form/div[2]/app-date[2]/fieldset/div[2]/div[3]/input' in '20' second(s)

2023-11-23 15:13:17 - [MESSAGE][INFO] - Checking object

2023-11-23 15:13:17 - [MESSAGE][INFO] - Checking text

2023-11-23 15:13:17 - [MESSAGE][INFO] - Finding web element from Test Object's properties

2023-11-23 15:13:17 - [MESSAGE][INFO] - Checking timeout

2023-11-23 15:13:17 - [MESSAGE][INFO] - Finding web element with id: 'Object Repository/Connexion Usager/Date Fin Validite/Input_Annee' located by 'By.xpath: /html/body/app-root/div/app-root/main/app-registration/div/div[3]/app-identification/form/div[2]/app-date[2]/fieldset/div[2]/div[3]/input' in '5' second(s)

2023-11-23 15:13:17 - [MESSAGE][INFO] - Smart Wait Function is triggered

2023-11-23 15:13:17 - [MESSAGE][INFO] - Found 1 web elements with id: 'Object Repository/Connexion Usager/Date Fin Validite/Input_Annee' located by 'By.xpath: /html/body/app-root/div/app-root/main/app-registration/div/div[3]/app-identification/form/div[2]/app-date[2]/fieldset/div[2]/div[3]/input' in '5' second(s)

2023-11-23 15:13:17 - [MESSAGE][INFO] - Clearing text of object 'Object Repository/Connexion Usager/Date Fin Validite/Input_Annee'

2023-11-23 15:13:19 - [MESSAGE][INFO] - Finding web element from Test Object's properties

2023-11-23 15:13:19 - [MESSAGE][INFO] - Checking timeout

2023-11-23 15:13:19 - [MESSAGE][INFO] - Finding web element with id: 'Object Repository/Connexion Usager/Date Fin Validite/Input_Annee' located by 'By.xpath: /html/body/app-root/div/app-root/main/app-registration/div/div[3]/app-identification/form/div[2]/app-date[2]/fieldset/div[2]/div[3]/input' in '5' second(s)

2023-11-23 15:13:19 - [MESSAGE][INFO] - Smart Wait Function is triggered

2023-11-23 15:13:19 - [MESSAGE][INFO] - Found 1 web elements with id: 'Object Repository/Connexion Usager/Date Fin Validite/Input_Annee' located by 'By.xpath: /html/body/app-root/div/app-root/main/app-registration/div/div[3]/app-identification/form/div[2]/app-date[2]/fieldset/div[2]/div[3]/input' in '5' second(s)

2023-11-23 15:13:19 - [MESSAGE][INFO] - Setting text of object 'Object Repository/Connexion Usager/Date Fin Validite/Input_Annee' to value '2023'

2023-11-23 15:13:22 - [MESSAGE][PASSED] - Text '2023' is set on object 'Object Repository/Connexion Usager/Date Fin Validite/Input_Annee'

2023-11-23 15:13:22 - [TEST_STEP][PASSED] - click(findTestObject("Object Repository/Connexion Usager/Btn_Creer Un Compte")): Object: 'Object Repository/Connexion Usager/Btn_Creer Un Compte' is clicked on

2023-11-23 15:13:22 - [MESSAGE][INFO] - Finding Test Object 'Object Repository/Connexion Usager/Btn_Creer Un Compte'

2023-11-23 15:13:22 - [MESSAGE][INFO] - Checking timeout

2023-11-23 15:13:22 - [MESSAGE][INFO] - Finding web element with id: 'Object Repository/Connexion Usager/Btn_Creer Un Compte' located by 'By.xpath: /html/body/app-root/div/app-root/main/app-registration/div/div[3]/app-identification/form/p-button/button' in '20' second(s)

2023-11-23 15:13:22 - [MESSAGE][INFO] - Smart Wait Function is triggered

2023-11-23 15:13:22 - [MESSAGE][INFO] - Found 1 web elements with id: 'Object Repository/Connexion Usager/Btn_Creer Un Compte' located by 'By.xpath: /html/body/app-root/div/app-root/main/app-registration/div/div[3]/app-identification/form/p-button/button' in '20' second(s)

2023-11-23 15:13:22 - [MESSAGE][INFO] - Checking object

2023-11-23 15:13:22 - [MESSAGE][INFO] - Checking timeout

2023-11-23 15:13:22 - [MESSAGE][INFO] - Finding web element from Test Object's properties

2023-11-23 15:13:22 - [MESSAGE][INFO] - Checking timeout

2023-11-23 15:13:22 - [MESSAGE][INFO] - Finding web element with id: 'Object Repository/Connexion Usager/Btn_Creer Un Compte' located by 'By.xpath: /html/body/app-root/div/app-root/main/app-registration/div/div[3]/app-identification/form/p-button/button' in '5' second(s)

2023-11-23 15:13:22 - [MESSAGE][INFO] - Smart Wait Function is triggered

2023-11-23 15:13:22 - [MESSAGE][INFO] - Found 1 web elements with id: 'Object Repository/Connexion Usager/Btn_Creer Un Compte' located by 'By.xpath: /html/body/app-root/div/app-root/main/app-registration/div/div[3]/app-identification/form/p-button/button' in '5' second(s)

2023-11-23 15:13:22 - [MESSAGE][INFO] - Clicking on object: 'Object Repository/Connexion Usager/Btn_Creer Un Compte'

2023-11-23 15:13:24 - [MESSAGE][PASSED] - Object: 'Object Repository/Connexion Usager/Btn_Creer Un Compte' is clicked on

2023-11-23 15:13:24 - [TEST_STEP][PASSED] - "VÃ©rification si Certaines informations que vous avez saisies sont incorrectes. Veuillez vÃ©rifier votre saisie. pb serveur AGERDF": null

2023-11-23 15:13:24 - [TEST_STEP][PASSED] - callTestCase(findTestCase("Test Cases/Test Reutilisable/Main/VerificationCertainesInformationsSontIncorrectes"), [:], OPTIONAL): Call Test Case 'Test Cases/Test Reutilisable/Main/VerificationCertainesInformationsSontIncorrectes' successfully

2023-11-23 15:13:24 - [MESSAGE][INFO] - Checking called Test Case

2023-11-23 15:13:24 - [MESSAGE][INFO] - Starting to call Test Case 'Test Cases/Test Reutilisable/Main/VerificationCertainesInformationsSontIncorrectes'

2023-11-23 15:13:24 - [TEST_CASE][PASSED] - Test Cases/Test Reutilisable/Main/VerificationCertainesInformationsSontIncorrectes: Test Cases/Test Reutilisable/Main/VerificationCertainesInformationsSontIncorrectes

2023-11-23 15:13:24 - [TEST_STEP][PASSED] - "VÃ©rification si Certaines informations que vous avez saisies sont incorrectes. Veuillez vÃ©rifier votre saisie. pb serveur AGERDF": null

2023-11-23 15:13:24 - [TEST_STEP][PASSED] - delay(3): Delayed 3 second(s)

2023-11-23 15:13:24 - [MESSAGE][INFO] - Delaying browser in 3 second(s)

2023-11-23 15:13:27 - [MESSAGE][PASSED] - Delayed 3 second(s)

2023-11-23 15:13:27 - [TEST_STEP][PASSED] - StopTestCase = false: null

2023-11-23 15:13:27 - [TEST_STEP][PASSED] - MsgAlertPresent = verifyElementVisible(findTestObject("Object Repository/Connexion Usager/lbl_CertainesInformationsSaisiesSontIncorrectes"), OPTIONAL): Web element with id: 'Object Repository/Connexion Usager/lbl_CertainesInformationsSaisiesSontIncorrectes' located by '//p' not found (Root cause: com.kms.katalon.core.exception.StepFailedException: Web element with id: 'Object Repository/Connexion Usager/lbl_CertainesInformationsSaisiesSontIncorrectes' located by '//p' not found
	at com.kms.katalon.core.webui.keyword.internal.WebUIKeywordMain.stepFailed(WebUIKeywordMain.groovy:64)
	at com.kms.katalon.core.webui.keyword.builtin.VerifyElementVisibleKeyword$_verifyElementVisible_closure1.doCall(VerifyElementVisibleKeyword.groovy:89)
	at com.kms.katalon.core.webui.keyword.builtin.VerifyElementVisibleKeyword$_verifyElementVisible_closure1.call(VerifyElementVisibleKeyword.groovy)
	at com.kms.katalon.core.webui.keyword.internal.WebUIKeywordMain.runKeyword(WebUIKeywordMain.groovy:20)
	at com.kms.katalon.core.webui.keyword.builtin.VerifyElementVisibleKeyword.verifyElementVisible(VerifyElementVisibleKeyword.groovy:97)
	at com.kms.katalon.core.webui.keyword.builtin.VerifyElementVisibleKeyword.execute(VerifyElementVisibleKeyword.groovy:67)
	at com.kms.katalon.core.keyword.internal.KeywordExecutor.executeKeywordForPlatform(KeywordExecutor.groovy:74)
	at com.kms.katalon.core.webui.keyword.WebUiBuiltInKeywords.verifyElementVisible(WebUiBuiltInKeywords.groovy:362)
	at com.kazurayam.ksbackyard.HighlightElement$_pandemic_closure1.doCall(HighlightElement.groovy:105)
	at VerificationCertainesInformationsSontIncorrectes.run(VerificationCertainesInformationsSontIncorrectes:85)
	at com.kms.katalon.core.main.ScriptEngine.run(ScriptEngine.java:194)
	at com.kms.katalon.core.main.ScriptEngine.runScriptAsRawText(ScriptEngine.java:119)
	at com.kms.katalon.core.main.TestCaseExecutor.runScript(TestCaseExecutor.java:448)
	at com.kms.katalon.core.main.TestCaseExecutor.doExecute(TestCaseExecutor.java:439)
	at com.kms.katalon.core.main.TestCaseExecutor.processExecutionPhase(TestCaseExecutor.java:418)
	at com.kms.katalon.core.main.TestCaseExecutor.accessMainPhase(TestCaseExecutor.java:410)
	at com.kms.katalon.core.main.TestCaseExecutor.execute(TestCaseExecutor.java:285)
	at com.kms.katalon.core.main.TestCaseMain.runTestCase(TestCaseMain.java:144)
	at com.kms.katalon.core.keyword.builtin.CallTestCaseKeyword$_callTestCase_closure1.doCall(CallTestCaseKeyword.groovy:59)
	at com.kms.katalon.core.keyword.builtin.CallTestCaseKeyword$_callTestCase_closure1.call(CallTestCaseKeyword.groovy)
	at com.kms.katalon.core.keyword.internal.KeywordMain.runKeyword(KeywordMain.groovy:75)
	at com.kms.katalon.core.keyword.builtin.CallTestCaseKeyword.callTestCase(CallTestCaseKeyword.groovy:81)
	at com.kms.katalon.core.keyword.builtin.CallTestCaseKeyword.execute(CallTestCaseKeyword.groovy:44)
	at com.kms.katalon.core.keyword.internal.KeywordExecutor.executeKeywordForPlatform(KeywordExecutor.groovy:74)
	at com.kms.katalon.core.keyword.BuiltinKeywords.callTestCase(BuiltinKeywords.groovy:310)
	at com.kazurayam.ksbackyard.HighlightElement$_pandemic_closure1.doCall(HighlightElement.groovy:105)
	at Creer Votre Compte.run(Creer Votre Compte:109)
	at com.kms.katalon.core.main.ScriptEngine.run(ScriptEngine.java:194)
	at com.kms.katalon.core.main.ScriptEngine.runScriptAsRawText(ScriptEngine.java:119)
	at com.kms.katalon.core.main.TestCaseExecutor.runScript(TestCaseExecutor.java:448)
	at com.kms.katalon.core.main.TestCaseExecutor.doExecute(TestCaseExecutor.java:439)
	at com.kms.katalon.core.main.TestCaseExecutor.processExecutionPhase(TestCaseExecutor.java:418)
	at com.kms.katalon.core.main.TestCaseExecutor.accessMainPhase(TestCaseExecutor.java:410)
	at com.kms.katalon.core.main.TestCaseExecutor.execute(TestCaseExecutor.java:285)
	at com.kms.katalon.core.main.TestCaseMain.runTestCase(TestCaseMain.java:144)
	at com.kms.katalon.core.keyword.builtin.CallTestCaseKeyword$_callTestCase_closure1.doCall(CallTestCaseKeyword.groovy:59)
	at com.kms.katalon.core.keyword.builtin.CallTestCaseKeyword$_callTestCase_closure1.call(CallTestCaseKeyword.groovy)
	at com.kms.katalon.core.keyword.internal.KeywordMain.runKeyword(KeywordMain.groovy:75)
	at com.kms.katalon.core.keyword.builtin.CallTestCaseKeyword.callTestCase(CallTestCaseKeyword.groovy:81)
	at com.kms.katalon.core.keyword.builtin.CallTestCaseKeyword.execute(CallTestCaseKeyword.groovy:44)
	at com.kms.katalon.core.keyword.internal.KeywordExecutor.executeKeywordForPlatform(KeywordExecutor.groovy:74)
	at com.kms.katalon.core.keyword.BuiltinKeywords.callTestCase(BuiltinKeywords.groovy:310)
	at com.kazurayam.ksbackyard.HighlightElement$_pandemic_closure1.doCall(HighlightElement.groovy:105)
	at TNR R.TSPT Supp90-Etudiant.run(TNR R.TSPT Supp90-Etudiant:30)
	at com.kms.katalon.core.main.ScriptEngine.run(ScriptEngine.java:194)
	at com.kms.katalon.core.main.ScriptEngine.runScriptAsRawText(ScriptEngine.java:119)
	at com.kms.katalon.core.main.TestCaseExecutor.runScript(TestCaseExecutor.java:448)
	at com.kms.katalon.core.main.TestCaseExecutor.doExecute(TestCaseExecutor.java:439)
	at com.kms.katalon.core.main.TestCaseExecutor.processExecutionPhase(TestCaseExecutor.java:418)
	at com.kms.katalon.core.main.TestCaseExecutor.accessMainPhase(TestCaseExecutor.java:410)
	at com.kms.katalon.core.main.TestCaseExecutor.execute(TestCaseExecutor.java:285)
	at com.kms.katalon.core.common.CommonExecutor.accessTestCaseMainPhase(CommonExecutor.java:65)
	at com.kms.katalon.core.main.TestSuiteExecutor.accessTestSuiteMainPhase(TestSuiteExecutor.java:148)
	at com.kms.katalon.core.main.TestSuiteExecutor.execute(TestSuiteExecutor.java:106)
	at com.kms.katalon.core.main.TestCaseMain.startTestSuite(TestCaseMain.java:187)
	at com.kms.katalon.core.main.TestCaseMain$startTestSuite$0.call(Unknown Source)
	at TempTestSuite1700747757013.run(TempTestSuite1700747757013.groovy:36)
)

2023-11-23 15:13:27 - [MESSAGE][INFO] - Finding Test Object 'Object Repository/Connexion Usager/lbl_CertainesInformationsSaisiesSontIncorrectes'

2023-11-23 15:13:27 - [MESSAGE][INFO] - Checking object

2023-11-23 15:13:27 - [MESSAGE][INFO] - Finding web element from Test Object's properties

2023-11-23 15:13:27 - [MESSAGE][INFO] - Checking timeout

2023-11-23 15:13:27 - [MESSAGE][INFO] - Finding web element with id: 'Object Repository/Connexion Usager/lbl_CertainesInformationsSaisiesSontIncorrectes' located by 'By.xpath: //p' in '5' second(s)

2023-11-23 15:13:27 - [MESSAGE][INFO] - Smart Wait Function is triggered

2023-11-23 15:13:27 - [MESSAGE][INFO] - Smart Wait Function is triggered

2023-11-23 15:13:27 - [MESSAGE][INFO] - Smart Wait Function is triggered

2023-11-23 15:13:27 - [MESSAGE][INFO] - Smart Wait Function is triggered

2023-11-23 15:13:27 - [MESSAGE][INFO] - Smart Wait Function is triggered

2023-11-23 15:13:27 - [MESSAGE][INFO] - Smart Wait Function is triggered

2023-11-23 15:13:27 - [MESSAGE][INFO] - Smart Wait Function is triggered

2023-11-23 15:13:27 - [MESSAGE][INFO] - Smart Wait Function is triggered

2023-11-23 15:13:27 - [MESSAGE][INFO] - Smart Wait Function is triggered

2023-11-23 15:13:27 - [MESSAGE][INFO] - Smart Wait Function is triggered

2023-11-23 15:13:27 - [MESSAGE][INFO] - Smart Wait Function is triggered

2023-11-23 15:13:27 - [MESSAGE][INFO] - Smart Wait Function is triggered

2023-11-23 15:13:27 - [MESSAGE][INFO] - Smart Wait Function is triggered

2023-11-23 15:13:27 - [MESSAGE][INFO] - Smart Wait Function is triggered

2023-11-23 15:13:27 - [MESSAGE][INFO] - Smart Wait Function is triggered

2023-11-23 15:13:27 - [MESSAGE][INFO] - Smart Wait Function is triggered

2023-11-23 15:13:27 - [MESSAGE][INFO] - Smart Wait Function is triggered

2023-11-23 15:13:27 - [MESSAGE][INFO] - Smart Wait Function is triggered

2023-11-23 15:13:27 - [MESSAGE][INFO] - Smart Wait Function is triggered

2023-11-23 15:13:28 - [MESSAGE][INFO] - Smart Wait Function is triggered

2023-11-23 15:13:28 - [MESSAGE][INFO] - Smart Wait Function is triggered

2023-11-23 15:13:28 - [MESSAGE][INFO] - Smart Wait Function is triggered

2023-11-23 15:13:28 - [MESSAGE][INFO] - Smart Wait Function is triggered

2023-11-23 15:13:28 - [MESSAGE][INFO] - Smart Wait Function is triggered

2023-11-23 15:13:28 - [MESSAGE][INFO] - Smart Wait Function is triggered

2023-11-23 15:13:28 - [MESSAGE][INFO] - Smart Wait Function is triggered

2023-11-23 15:13:28 - [MESSAGE][INFO] - Smart Wait Function is triggered

2023-11-23 15:13:28 - [MESSAGE][INFO] - Smart Wait Function is triggered

2023-11-23 15:13:28 - [MESSAGE][INFO] - Smart Wait Function is triggered

2023-11-23 15:13:28 - [MESSAGE][INFO] - Smart Wait Function is triggered

2023-11-23 15:13:28 - [MESSAGE][INFO] - Smart Wait Function is triggered

2023-11-23 15:13:28 - [MESSAGE][INFO] - Smart Wait Function is triggered

2023-11-23 15:13:28 - [MESSAGE][INFO] - Smart Wait Function is triggered

2023-11-23 15:13:28 - [MESSAGE][INFO] - Smart Wait Function is triggered

2023-11-23 15:13:28 - [MESSAGE][INFO] - Smart Wait Function is triggered

2023-11-23 15:13:28 - [MESSAGE][INFO] - Smart Wait Function is triggered

2023-11-23 15:13:28 - [MESSAGE][INFO] - Smart Wait Function is triggered

2023-11-23 15:13:28 - [MESSAGE][INFO] - Smart Wait Function is triggered

2023-11-23 15:13:28 - [MESSAGE][INFO] - Smart Wait Function is triggered

2023-11-23 15:13:28 - [MESSAGE][INFO] - Smart Wait Function is triggered

2023-11-23 15:13:28 - [MESSAGE][INFO] - Smart Wait Function is triggered

2023-11-23 15:13:28 - [MESSAGE][INFO] - Smart Wait Function is triggered

2023-11-23 15:13:28 - [MESSAGE][INFO] - Smart Wait Function is triggered

2023-11-23 15:13:28 - [MESSAGE][INFO] - Smart Wait Function is triggered

2023-11-23 15:13:28 - [MESSAGE][INFO] - Smart Wait Function is triggered

2023-11-23 15:13:28 - [MESSAGE][INFO] - Smart Wait Function is triggered

2023-11-23 15:13:28 - [MESSAGE][INFO] - Smart Wait Function is triggered

2023-11-23 15:13:28 - [MESSAGE][INFO] - Smart Wait Function is triggered

2023-11-23 15:13:28 - [MESSAGE][INFO] - Smart Wait Function is triggered

2023-11-23 15:13:28 - [MESSAGE][INFO] - Smart Wait Function is triggered

2023-11-23 15:13:29 - [MESSAGE][INFO] - Smart Wait Function is triggered

2023-11-23 15:13:29 - [MESSAGE][INFO] - Smart Wait Function is triggered

2023-11-23 15:13:29 - [MESSAGE][INFO] - Smart Wait Function is triggered

2023-11-23 15:13:29 - [MESSAGE][INFO] - Smart Wait Function is triggered

2023-11-23 15:13:29 - [MESSAGE][INFO] - Smart Wait Function is triggered

2023-11-23 15:13:29 - [MESSAGE][INFO] - Smart Wait Function is triggered

2023-11-23 15:13:29 - [MESSAGE][INFO] - Smart Wait Function is triggered

2023-11-23 15:13:29 - [MESSAGE][INFO] - Smart Wait Function is triggered

2023-11-23 15:13:29 - [MESSAGE][INFO] - Smart Wait Function is triggered

2023-11-23 15:13:29 - [MESSAGE][INFO] - Smart Wait Function is triggered

2023-11-23 15:13:29 - [MESSAGE][INFO] - Smart Wait Function is triggered

2023-11-23 15:13:29 - [MESSAGE][INFO] - Smart Wait Function is triggered

2023-11-23 15:13:29 - [MESSAGE][INFO] - Smart Wait Function is triggered

2023-11-23 15:13:29 - [MESSAGE][INFO] - Smart Wait Function is triggered

2023-11-23 15:13:29 - [MESSAGE][INFO] - Smart Wait Function is triggered

2023-11-23 15:13:29 - [MESSAGE][INFO] - Smart Wait Function is triggered

2023-11-23 15:13:29 - [MESSAGE][INFO] - Smart Wait Function is triggered

2023-11-23 15:13:29 - [MESSAGE][INFO] - Smart Wait Function is triggered

2023-11-23 15:13:29 - [MESSAGE][INFO] - Smart Wait Function is triggered

2023-11-23 15:13:29 - [MESSAGE][INFO] - Smart Wait Function is triggered

2023-11-23 15:13:29 - [MESSAGE][INFO] - Smart Wait Function is triggered

2023-11-23 15:13:29 - [MESSAGE][INFO] - Smart Wait Function is triggered

2023-11-23 15:13:29 - [MESSAGE][INFO] - Smart Wait Function is triggered

2023-11-23 15:13:29 - [MESSAGE][INFO] - Smart Wait Function is triggered

2023-11-23 15:13:29 - [MESSAGE][INFO] - Smart Wait Function is triggered

2023-11-23 15:13:29 - [MESSAGE][INFO] - Smart Wait Function is triggered

2023-11-23 15:13:29 - [MESSAGE][INFO] - Smart Wait Function is triggered

2023-11-23 15:13:29 - [MESSAGE][INFO] - Smart Wait Function is triggered

2023-11-23 15:13:29 - [MESSAGE][INFO] - Smart Wait Function is triggered

2023-11-23 15:13:29 - [MESSAGE][INFO] - Smart Wait Function is triggered

2023-11-23 15:13:29 - [MESSAGE][INFO] - Smart Wait Function is triggered

2023-11-23 15:13:29 - [MESSAGE][INFO] - Smart Wait Function is triggered

2023-11-23 15:13:30 - [MESSAGE][INFO] - Smart Wait Function is triggered

2023-11-23 15:13:30 - [MESSAGE][INFO] - Smart Wait Function is triggered

2023-11-23 15:13:30 - [MESSAGE][INFO] - Smart Wait Function is triggered

2023-11-23 15:13:30 - [MESSAGE][INFO] - Smart Wait Function is triggered

2023-11-23 15:13:30 - [MESSAGE][INFO] - Smart Wait Function is triggered

2023-11-23 15:13:30 - [MESSAGE][INFO] - Smart Wait Function is triggered

2023-11-23 15:13:30 - [MESSAGE][INFO] - Smart Wait Function is triggered

2023-11-23 15:13:30 - [MESSAGE][INFO] - Smart Wait Function is triggered

2023-11-23 15:13:30 - [MESSAGE][INFO] - Smart Wait Function is triggered

2023-11-23 15:13:30 - [MESSAGE][INFO] - Smart Wait Function is triggered

2023-11-23 15:13:30 - [MESSAGE][INFO] - Smart Wait Function is triggered

2023-11-23 15:13:30 - [MESSAGE][INFO] - Smart Wait Function is triggered

2023-11-23 15:13:30 - [MESSAGE][INFO] - Smart Wait Function is triggered

2023-11-23 15:13:30 - [MESSAGE][INFO] - Smart Wait Function is triggered

2023-11-23 15:13:30 - [MESSAGE][INFO] - Smart Wait Function is triggered

2023-11-23 15:13:30 - [MESSAGE][INFO] - Smart Wait Function is triggered

2023-11-23 15:13:30 - [MESSAGE][INFO] - Smart Wait Function is triggered

2023-11-23 15:13:30 - [MESSAGE][INFO] - Smart Wait Function is triggered

2023-11-23 15:13:30 - [MESSAGE][INFO] - Smart Wait Function is triggered

2023-11-23 15:13:30 - [MESSAGE][INFO] - Smart Wait Function is triggered

2023-11-23 15:13:30 - [MESSAGE][INFO] - Smart Wait Function is triggered

2023-11-23 15:13:30 - [MESSAGE][INFO] - Smart Wait Function is triggered

2023-11-23 15:13:30 - [MESSAGE][INFO] - Smart Wait Function is triggered

2023-11-23 15:13:30 - [MESSAGE][INFO] - Smart Wait Function is triggered

2023-11-23 15:13:30 - [MESSAGE][INFO] - Smart Wait Function is triggered

2023-11-23 15:13:30 - [MESSAGE][INFO] - Smart Wait Function is triggered

2023-11-23 15:13:30 - [MESSAGE][INFO] - Smart Wait Function is triggered

2023-11-23 15:13:30 - [MESSAGE][INFO] - Smart Wait Function is triggered

2023-11-23 15:13:30 - [MESSAGE][INFO] - Smart Wait Function is triggered

2023-11-23 15:13:30 - [MESSAGE][INFO] - Smart Wait Function is triggered

2023-11-23 15:13:30 - [MESSAGE][INFO] - Smart Wait Function is triggered

2023-11-23 15:13:31 - [MESSAGE][INFO] - Smart Wait Function is triggered

2023-11-23 15:13:31 - [MESSAGE][INFO] - Smart Wait Function is triggered

2023-11-23 15:13:31 - [MESSAGE][INFO] - Smart Wait Function is triggered

2023-11-23 15:13:31 - [MESSAGE][INFO] - Smart Wait Function is triggered

2023-11-23 15:13:31 - [MESSAGE][INFO] - Smart Wait Function is triggered

2023-11-23 15:13:31 - [MESSAGE][INFO] - Smart Wait Function is triggered

2023-11-23 15:13:31 - [MESSAGE][INFO] - Smart Wait Function is triggered

2023-11-23 15:13:31 - [MESSAGE][INFO] - Smart Wait Function is triggered

2023-11-23 15:13:31 - [MESSAGE][INFO] - Smart Wait Function is triggered

2023-11-23 15:13:31 - [MESSAGE][INFO] - Smart Wait Function is triggered

2023-11-23 15:13:31 - [MESSAGE][INFO] - Smart Wait Function is triggered

2023-11-23 15:13:31 - [MESSAGE][INFO] - Smart Wait Function is triggered

2023-11-23 15:13:31 - [MESSAGE][INFO] - Smart Wait Function is triggered

2023-11-23 15:13:31 - [MESSAGE][INFO] - Smart Wait Function is triggered

2023-11-23 15:13:31 - [MESSAGE][INFO] - Smart Wait Function is triggered

2023-11-23 15:13:31 - [MESSAGE][INFO] - Smart Wait Function is triggered

2023-11-23 15:13:31 - [MESSAGE][INFO] - Smart Wait Function is triggered

2023-11-23 15:13:31 - [MESSAGE][INFO] - Smart Wait Function is triggered

2023-11-23 15:13:31 - [MESSAGE][INFO] - Smart Wait Function is triggered

2023-11-23 15:13:31 - [MESSAGE][INFO] - Smart Wait Function is triggered

2023-11-23 15:13:31 - [MESSAGE][INFO] - Smart Wait Function is triggered

2023-11-23 15:13:31 - [MESSAGE][INFO] - Smart Wait Function is triggered

2023-11-23 15:13:31 - [MESSAGE][INFO] - Smart Wait Function is triggered

2023-11-23 15:13:31 - [MESSAGE][INFO] - Smart Wait Function is triggered

2023-11-23 15:13:31 - [MESSAGE][INFO] - Smart Wait Function is triggered

2023-11-23 15:13:31 - [MESSAGE][INFO] - Smart Wait Function is triggered

2023-11-23 15:13:31 - [MESSAGE][INFO] - Smart Wait Function is triggered

2023-11-23 15:13:31 - [MESSAGE][INFO] - Smart Wait Function is triggered

2023-11-23 15:13:31 - [MESSAGE][INFO] - Smart Wait Function is triggered

2023-11-23 15:13:31 - [MESSAGE][INFO] - Smart Wait Function is triggered

2023-11-23 15:13:31 - [MESSAGE][INFO] - Smart Wait Function is triggered

2023-11-23 15:13:31 - [MESSAGE][INFO] - Smart Wait Function is triggered

2023-11-23 15:13:32 - [MESSAGE][INFO] - Smart Wait Function is triggered

2023-11-23 15:13:32 - [MESSAGE][INFO] - Smart Wait Function is triggered

2023-11-23 15:13:32 - [MESSAGE][INFO] - Smart Wait Function is triggered

2023-11-23 15:13:32 - [MESSAGE][INFO] - Smart Wait Function is triggered

2023-11-23 15:13:32 - [MESSAGE][INFO] - Smart Wait Function is triggered

2023-11-23 15:13:32 - [MESSAGE][INFO] - Smart Wait Function is triggered

2023-11-23 15:13:32 - [MESSAGE][INFO] - Smart Wait Function is triggered

2023-11-23 15:13:32 - [MESSAGE][INFO] - Smart Wait Function is triggered

2023-11-23 15:13:32 - [MESSAGE][INFO] - Smart Wait Function is triggered

2023-11-23 15:13:32 - [MESSAGE][INFO] - Smart Wait Function is triggered

2023-11-23 15:13:32 - [MESSAGE][INFO] - Smart Wait Function is triggered

2023-11-23 15:13:32 - [MESSAGE][INFO] - Smart Wait Function is triggered

2023-11-23 15:13:32 - [MESSAGE][INFO] - Smart Wait Function is triggered

2023-11-23 15:13:32 - [MESSAGE][INFO] - Smart Wait Function is triggered

2023-11-23 15:13:32 - [MESSAGE][INFO] - Smart Wait Function is triggered

2023-11-23 15:13:32 - [MESSAGE][INFO] - Smart Wait Function is triggered

2023-11-23 15:13:32 - [MESSAGE][INFO] - Smart Wait Function is triggered

2023-11-23 15:13:32 - [MESSAGE][INFO] - Smart Wait Function is triggered

2023-11-23 15:13:32 - [MESSAGE][INFO] - Smart Wait Function is triggered

2023-11-23 15:13:32 - [MESSAGE][INFO] - Smart Wait Function is triggered

2023-11-23 15:13:32 - [MESSAGE][INFO] - Smart Wait Function is triggered

2023-11-23 15:13:32 - [MESSAGE][INFO] - Smart Wait Function is triggered

2023-11-23 15:13:32 - [MESSAGE][INFO] - Smart Wait Function is triggered

2023-11-23 15:13:32 - [MESSAGE][INFO] - Smart Wait Function is triggered

2023-11-23 15:13:32 - [MESSAGE][INFO] - Smart Wait Function is triggered

2023-11-23 15:13:32 - [MESSAGE][INFO] - Smart Wait Function is triggered

2023-11-23 15:13:32 - [MESSAGE][INFO] - Smart Wait Function is triggered

2023-11-23 15:13:32 - [MESSAGE][INFO] - Smart Wait Function is triggered

2023-11-23 15:13:32 - [MESSAGE][INFO] - Smart Wait Function is triggered

2023-11-23 15:13:32 - [MESSAGE][INFO] - Smart Wait Function is triggered

2023-11-23 15:13:32 - [MESSAGE][INFO] - Smart Wait Function is triggered

2023-11-23 15:13:33 - [MESSAGE][INFO] - Smart Wait Function is triggered

2023-11-23 15:13:33 - [MESSAGE][INFO] - Smart Wait Function is triggered

2023-11-23 15:13:33 - [MESSAGE][INFO] - Smart Wait Function is triggered

2023-11-23 15:13:33 - [MESSAGE][INFO] - Smart Wait Function is triggered

2023-11-23 15:13:33 - [MESSAGE][INFO] - Smart Wait Function is triggered

2023-11-23 15:13:33 - [MESSAGE][INFO] - Smart Wait Function is triggered

2023-11-23 15:13:33 - [MESSAGE][INFO] - Smart Wait Function is triggered

2023-11-23 15:13:33 - [MESSAGE][INFO] - Smart Wait Function is triggered

2023-11-23 15:13:33 - [MESSAGE][INFO] - Smart Wait Function is triggered

2023-11-23 15:13:33 - [MESSAGE][INFO] - Smart Wait Function is triggered

2023-11-23 15:13:33 - [MESSAGE][INFO] - Smart Wait Function is triggered

2023-11-23 15:13:33 - [MESSAGE][INFO] - Smart Wait Function is triggered

2023-11-23 15:13:33 - [MESSAGE][INFO] - Smart Wait Function is triggered

2023-11-23 15:13:33 - [MESSAGE][INFO] - Smart Wait Function is triggered

2023-11-23 15:13:33 - [MESSAGE][INFO] - Unable to find the element located by 'By.xpath: //p'. Please recheck the objects properties to make sure the desired element is located. 

2023-11-23 15:13:33 - [MESSAGE][WARNING] - Web element with id: 'Object Repository/Connexion Usager/lbl_CertainesInformationsSaisiesSontIncorrectes' located by '//p' not found (Root cause: com.kms.katalon.core.exception.StepFailedException: Web element with id: 'Object Repository/Connexion Usager/lbl_CertainesInformationsSaisiesSontIncorrectes' located by '//p' not found
	at com.kms.katalon.core.webui.keyword.internal.WebUIKeywordMain.stepFailed(WebUIKeywordMain.groovy:64)
	at com.kms.katalon.core.webui.keyword.builtin.VerifyElementVisibleKeyword$_verifyElementVisible_closure1.doCall(VerifyElementVisibleKeyword.groovy:89)
	at com.kms.katalon.core.webui.keyword.builtin.VerifyElementVisibleKeyword$_verifyElementVisible_closure1.call(VerifyElementVisibleKeyword.groovy)
	at com.kms.katalon.core.webui.keyword.internal.WebUIKeywordMain.runKeyword(WebUIKeywordMain.groovy:20)
	at com.kms.katalon.core.webui.keyword.builtin.VerifyElementVisibleKeyword.verifyElementVisible(VerifyElementVisibleKeyword.groovy:97)
	at com.kms.katalon.core.webui.keyword.builtin.VerifyElementVisibleKeyword.execute(VerifyElementVisibleKeyword.groovy:67)
	at com.kms.katalon.core.keyword.internal.KeywordExecutor.executeKeywordForPlatform(KeywordExecutor.groovy:74)
	at com.kms.katalon.core.webui.keyword.WebUiBuiltInKeywords.verifyElementVisible(WebUiBuiltInKeywords.groovy:362)
	at com.kazurayam.ksbackyard.HighlightElement$_pandemic_closure1.doCall(HighlightElement.groovy:105)
	at VerificationCertainesInformationsSontIncorrectes.run(VerificationCertainesInformationsSontIncorrectes:85)
	at com.kms.katalon.core.main.ScriptEngine.run(ScriptEngine.java:194)
	at com.kms.katalon.core.main.ScriptEngine.runScriptAsRawText(ScriptEngine.java:119)
	at com.kms.katalon.core.main.TestCaseExecutor.runScript(TestCaseExecutor.java:448)
	at com.kms.katalon.core.main.TestCaseExecutor.doExecute(TestCaseExecutor.java:439)
	at com.kms.katalon.core.main.TestCaseExecutor.processExecutionPhase(TestCaseExecutor.java:418)
	at com.kms.katalon.core.main.TestCaseExecutor.accessMainPhase(TestCaseExecutor.java:410)
	at com.kms.katalon.core.main.TestCaseExecutor.execute(TestCaseExecutor.java:285)
	at com.kms.katalon.core.main.TestCaseMain.runTestCase(TestCaseMain.java:144)
	at com.kms.katalon.core.keyword.builtin.CallTestCaseKeyword$_callTestCase_closure1.doCall(CallTestCaseKeyword.groovy:59)
	at com.kms.katalon.core.keyword.builtin.CallTestCaseKeyword$_callTestCase_closure1.call(CallTestCaseKeyword.groovy)
	at com.kms.katalon.core.keyword.internal.KeywordMain.runKeyword(KeywordMain.groovy:75)
	at com.kms.katalon.core.keyword.builtin.CallTestCaseKeyword.callTestCase(CallTestCaseKeyword.groovy:81)
	at com.kms.katalon.core.keyword.builtin.CallTestCaseKeyword.execute(CallTestCaseKeyword.groovy:44)
	at com.kms.katalon.core.keyword.internal.KeywordExecutor.executeKeywordForPlatform(KeywordExecutor.groovy:74)
	at com.kms.katalon.core.keyword.BuiltinKeywords.callTestCase(BuiltinKeywords.groovy:310)
	at com.kazurayam.ksbackyard.HighlightElement$_pandemic_closure1.doCall(HighlightElement.groovy:105)
	at Creer Votre Compte.run(Creer Votre Compte:109)
	at com.kms.katalon.core.main.ScriptEngine.run(ScriptEngine.java:194)
	at com.kms.katalon.core.main.ScriptEngine.runScriptAsRawText(ScriptEngine.java:119)
	at com.kms.katalon.core.main.TestCaseExecutor.runScript(TestCaseExecutor.java:448)
	at com.kms.katalon.core.main.TestCaseExecutor.doExecute(TestCaseExecutor.java:439)
	at com.kms.katalon.core.main.TestCaseExecutor.processExecutionPhase(TestCaseExecutor.java:418)
	at com.kms.katalon.core.main.TestCaseExecutor.accessMainPhase(TestCaseExecutor.java:410)
	at com.kms.katalon.core.main.TestCaseExecutor.execute(TestCaseExecutor.java:285)
	at com.kms.katalon.core.main.TestCaseMain.runTestCase(TestCaseMain.java:144)
	at com.kms.katalon.core.keyword.builtin.CallTestCaseKeyword$_callTestCase_closure1.doCall(CallTestCaseKeyword.groovy:59)
	at com.kms.katalon.core.keyword.builtin.CallTestCaseKeyword$_callTestCase_closure1.call(CallTestCaseKeyword.groovy)
	at com.kms.katalon.core.keyword.internal.KeywordMain.runKeyword(KeywordMain.groovy:75)
	at com.kms.katalon.core.keyword.builtin.CallTestCaseKeyword.callTestCase(CallTestCaseKeyword.groovy:81)
	at com.kms.katalon.core.keyword.builtin.CallTestCaseKeyword.execute(CallTestCaseKeyword.groovy:44)
	at com.kms.katalon.core.keyword.internal.KeywordExecutor.executeKeywordForPlatform(KeywordExecutor.groovy:74)
	at com.kms.katalon.core.keyword.BuiltinKeywords.callTestCase(BuiltinKeywords.groovy:310)
	at com.kazurayam.ksbackyard.HighlightElement$_pandemic_closure1.doCall(HighlightElement.groovy:105)
	at TNR R.TSPT Supp90-Etudiant.run(TNR R.TSPT Supp90-Etudiant:30)
	at com.kms.katalon.core.main.ScriptEngine.run(ScriptEngine.java:194)
	at com.kms.katalon.core.main.ScriptEngine.runScriptAsRawText(ScriptEngine.java:119)
	at com.kms.katalon.core.main.TestCaseExecutor.runScript(TestCaseExecutor.java:448)
	at com.kms.katalon.core.main.TestCaseExecutor.doExecute(TestCaseExecutor.java:439)
	at com.kms.katalon.core.main.TestCaseExecutor.processExecutionPhase(TestCaseExecutor.java:418)
	at com.kms.katalon.core.main.TestCaseExecutor.accessMainPhase(TestCaseExecutor.java:410)
	at com.kms.katalon.core.main.TestCaseExecutor.execute(TestCaseExecutor.java:285)
	at com.kms.katalon.core.common.CommonExecutor.accessTestCaseMainPhase(CommonExecutor.java:65)
	at com.kms.katalon.core.main.TestSuiteExecutor.accessTestSuiteMainPhase(TestSuiteExecutor.java:148)
	at com.kms.katalon.core.main.TestSuiteExecutor.execute(TestSuiteExecutor.java:106)
	at com.kms.katalon.core.main.TestCaseMain.startTestSuite(TestCaseMain.java:187)
	at com.kms.katalon.core.main.TestCaseMain$startTestSuite$0.call(Unknown Source)
	at TempTestSuite1700747757013.run(TempTestSuite1700747757013.groovy:36)
)
[[ATTACHMENT|C:\\Users\\ISSAM.RHARBAOUI\\git\\22_11\\ANEF-AutomatizationProject\\Reports\\20231123_145557\\TS_TNR_R.TSPT_Suppo90\\20231123_145557\\1700748813442.png]]

2023-11-23 15:13:33 - [TEST_STEP][PASSED] - if (MsgAlertPresent): null

2023-11-23 15:13:33 - [TEST_STEP][PASSED] - else: Vos informations ne sont pas associÃ©es Ã  un compte ==>> CrÃ©ation d'un nouveau Compte avec ces Informations.

2023-11-23 15:13:33 - [TEST_STEP][PASSED] - markPassed("Vos informations ne sont pas associÃ©es Ã  un compte ==>> CrÃ©ation d'un nouveau Compte avec ces Informations."): Vos informations ne sont pas associÃ©es Ã  un compte ==>> CrÃ©ation d'un nouveau Compte avec ces Informations.

2023-11-23 15:13:33 - [MESSAGE][PASSED] - Vos informations ne sont pas associÃ©es Ã  un compte ==>> CrÃ©ation d'un nouveau Compte avec ces Informations.

2023-11-23 15:13:33 - [TEST_STEP][PASSED] - waitForPageLoad(2): Wait for page load successfully

2023-11-23 15:13:33 - [MESSAGE][INFO] - Checking timeout

2023-11-23 15:13:33 - [MESSAGE][PASSED] - Wait for page load successfully

2023-11-23 15:13:33 - [MESSAGE][PASSED] - Call Test Case 'Test Cases/Test Reutilisable/Main/VerificationCertainesInformationsSontIncorrectes' successfully

2023-11-23 15:13:33 - [TEST_STEP][PASSED] - if (StopTestCase == true): null

2023-11-23 15:13:33 - [TEST_STEP][PASSED] - "VÃ©rification si le compte existe dÃ©jÃ (message Erreur : Il semblerait que vos informations soient dÃ©jÃ  associÃ©es Ã  un compte.)": null

2023-11-23 15:13:33 - [TEST_STEP][PASSED] - callTestCase(findTestCase("Test Cases/Test Reutilisable/Main/VerificationSiCompteExisteDeja"), [:], OPTIONAL): Call Test Case 'Test Cases/Test Reutilisable/Main/VerificationSiCompteExisteDeja' successfully

2023-11-23 15:13:33 - [MESSAGE][INFO] - Checking called Test Case

2023-11-23 15:13:33 - [MESSAGE][INFO] - Starting to call Test Case 'Test Cases/Test Reutilisable/Main/VerificationSiCompteExisteDeja'

2023-11-23 15:13:33 - [TEST_CASE][PASSED] - Test Cases/Test Reutilisable/Main/VerificationSiCompteExisteDeja: Test Cases/Test Reutilisable/Main/VerificationSiCompteExisteDeja

2023-11-23 15:13:33 - [TEST_STEP][PASSED] - "VÃ©rification si le compte existe dÃ©jÃ (message Erreur : Il semblerait que vos informations soient dÃ©jÃ  associÃ©es Ã  un compte.)": null

2023-11-23 15:13:33 - [TEST_STEP][PASSED] - delay(3): Delayed 3 second(s)

2023-11-23 15:13:33 - [MESSAGE][INFO] - Delaying browser in 3 second(s)

2023-11-23 15:13:36 - [MESSAGE][PASSED] - Delayed 3 second(s)

2023-11-23 15:13:36 - [TEST_STEP][PASSED] - StopTestCase = false: null

2023-11-23 15:13:36 - [TEST_STEP][PASSED] - MsgAlertPresent = verifyElementPresent(findTestObject("Object Repository/Connexion Usager/Verif_PopUpCompteExisteDeja"), 2, OPTIONAL): com.kms.katalon.core.webui.exception.WebElementNotFoundException: Web element with id: 'Object Repository/Connexion Usager/Verif_PopUpCompteExisteDeja' located by '/html/body/div[1]/div[1]/p[1]' not found (Root cause: com.kms.katalon.core.exception.StepFailedException: com.kms.katalon.core.webui.exception.WebElementNotFoundException: Web element with id: 'Object Repository/Connexion Usager/Verif_PopUpCompteExisteDeja' located by '/html/body/div[1]/div[1]/p[1]' not found
	at com.kms.katalon.core.webui.keyword.internal.WebUIKeywordMain.stepFailed(WebUIKeywordMain.groovy:64)
	at com.kms.katalon.core.webui.keyword.builtin.VerifyElementPresentKeyword$_verifyElementPresent_closure1.doCall(VerifyElementPresentKeyword.groovy:85)
	at com.kms.katalon.core.webui.keyword.builtin.VerifyElementPresentKeyword$_verifyElementPresent_closure1.call(VerifyElementPresentKeyword.groovy)
	at com.kms.katalon.core.webui.keyword.internal.WebUIKeywordMain.runKeyword(WebUIKeywordMain.groovy:20)
	at com.kms.katalon.core.webui.keyword.builtin.VerifyElementPresentKeyword.verifyElementPresent(VerifyElementPresentKeyword.groovy:92)
	at com.kms.katalon.core.webui.keyword.builtin.VerifyElementPresentKeyword.execute(VerifyElementPresentKeyword.groovy:68)
	at com.kms.katalon.core.keyword.internal.KeywordExecutor.executeKeywordForPlatform(KeywordExecutor.groovy:74)
	at com.kms.katalon.core.webui.keyword.WebUiBuiltInKeywords.verifyElementPresent(WebUiBuiltInKeywords.groovy:1448)
	at com.kazurayam.ksbackyard.HighlightElement$_pandemic_closure1.doCall(HighlightElement.groovy:105)
	at VerificationSiCompteExisteDeja.run(VerificationSiCompteExisteDeja:69)
	at com.kms.katalon.core.main.ScriptEngine.run(ScriptEngine.java:194)
	at com.kms.katalon.core.main.ScriptEngine.runScriptAsRawText(ScriptEngine.java:119)
	at com.kms.katalon.core.main.TestCaseExecutor.runScript(TestCaseExecutor.java:448)
	at com.kms.katalon.core.main.TestCaseExecutor.doExecute(TestCaseExecutor.java:439)
	at com.kms.katalon.core.main.TestCaseExecutor.processExecutionPhase(TestCaseExecutor.java:418)
	at com.kms.katalon.core.main.TestCaseExecutor.accessMainPhase(TestCaseExecutor.java:410)
	at com.kms.katalon.core.main.TestCaseExecutor.execute(TestCaseExecutor.java:285)
	at com.kms.katalon.core.main.TestCaseMain.runTestCase(TestCaseMain.java:144)
	at com.kms.katalon.core.keyword.builtin.CallTestCaseKeyword$_callTestCase_closure1.doCall(CallTestCaseKeyword.groovy:59)
	at com.kms.katalon.core.keyword.builtin.CallTestCaseKeyword$_callTestCase_closure1.call(CallTestCaseKeyword.groovy)
	at com.kms.katalon.core.keyword.internal.KeywordMain.runKeyword(KeywordMain.groovy:75)
	at com.kms.katalon.core.keyword.builtin.CallTestCaseKeyword.callTestCase(CallTestCaseKeyword.groovy:81)
	at com.kms.katalon.core.keyword.builtin.CallTestCaseKeyword.execute(CallTestCaseKeyword.groovy:44)
	at com.kms.katalon.core.keyword.internal.KeywordExecutor.executeKeywordForPlatform(KeywordExecutor.groovy:74)
	at com.kms.katalon.core.keyword.BuiltinKeywords.callTestCase(BuiltinKeywords.groovy:310)
	at com.kazurayam.ksbackyard.HighlightElement$_pandemic_closure1.doCall(HighlightElement.groovy:105)
	at Creer Votre Compte.run(Creer Votre Compte:117)
	at com.kms.katalon.core.main.ScriptEngine.run(ScriptEngine.java:194)
	at com.kms.katalon.core.main.ScriptEngine.runScriptAsRawText(ScriptEngine.java:119)
	at com.kms.katalon.core.main.TestCaseExecutor.runScript(TestCaseExecutor.java:448)
	at com.kms.katalon.core.main.TestCaseExecutor.doExecute(TestCaseExecutor.java:439)
	at com.kms.katalon.core.main.TestCaseExecutor.processExecutionPhase(TestCaseExecutor.java:418)
	at com.kms.katalon.core.main.TestCaseExecutor.accessMainPhase(TestCaseExecutor.java:410)
	at com.kms.katalon.core.main.TestCaseExecutor.execute(TestCaseExecutor.java:285)
	at com.kms.katalon.core.main.TestCaseMain.runTestCase(TestCaseMain.java:144)
	at com.kms.katalon.core.keyword.builtin.CallTestCaseKeyword$_callTestCase_closure1.doCall(CallTestCaseKeyword.groovy:59)
	at com.kms.katalon.core.keyword.builtin.CallTestCaseKeyword$_callTestCase_closure1.call(CallTestCaseKeyword.groovy)
	at com.kms.katalon.core.keyword.internal.KeywordMain.runKeyword(KeywordMain.groovy:75)
	at com.kms.katalon.core.keyword.builtin.CallTestCaseKeyword.callTestCase(CallTestCaseKeyword.groovy:81)
	at com.kms.katalon.core.keyword.builtin.CallTestCaseKeyword.execute(CallTestCaseKeyword.groovy:44)
	at com.kms.katalon.core.keyword.internal.KeywordExecutor.executeKeywordForPlatform(KeywordExecutor.groovy:74)
	at com.kms.katalon.core.keyword.BuiltinKeywords.callTestCase(BuiltinKeywords.groovy:310)
	at com.kazurayam.ksbackyard.HighlightElement$_pandemic_closure1.doCall(HighlightElement.groovy:105)
	at TNR R.TSPT Supp90-Etudiant.run(TNR R.TSPT Supp90-Etudiant:30)
	at com.kms.katalon.core.main.ScriptEngine.run(ScriptEngine.java:194)
	at com.kms.katalon.core.main.ScriptEngine.runScriptAsRawText(ScriptEngine.java:119)
	at com.kms.katalon.core.main.TestCaseExecutor.runScript(TestCaseExecutor.java:448)
	at com.kms.katalon.core.main.TestCaseExecutor.doExecute(TestCaseExecutor.java:439)
	at com.kms.katalon.core.main.TestCaseExecutor.processExecutionPhase(TestCaseExecutor.java:418)
	at com.kms.katalon.core.main.TestCaseExecutor.accessMainPhase(TestCaseExecutor.java:410)
	at com.kms.katalon.core.main.TestCaseExecutor.execute(TestCaseExecutor.java:285)
	at com.kms.katalon.core.common.CommonExecutor.accessTestCaseMainPhase(CommonExecutor.java:65)
	at com.kms.katalon.core.main.TestSuiteExecutor.accessTestSuiteMainPhase(TestSuiteExecutor.java:148)
	at com.kms.katalon.core.main.TestSuiteExecutor.execute(TestSuiteExecutor.java:106)
	at com.kms.katalon.core.main.TestCaseMain.startTestSuite(TestCaseMain.java:187)
	at com.kms.katalon.core.main.TestCaseMain$startTestSuite$0.call(Unknown Source)
	at TempTestSuite1700747757013.run(TempTestSuite1700747757013.groovy:36)
)

2023-11-23 15:13:36 - [MESSAGE][INFO] - Finding Test Object 'Object Repository/Connexion Usager/Verif_PopUpCompteExisteDeja'

2023-11-23 15:13:36 - [MESSAGE][INFO] - Checking object

2023-11-23 15:13:36 - [MESSAGE][INFO] - Finding web element from Test Object's properties

2023-11-23 15:13:36 - [MESSAGE][INFO] - Checking timeout

2023-11-23 15:13:36 - [MESSAGE][INFO] - Finding web element with id: 'Object Repository/Connexion Usager/Verif_PopUpCompteExisteDeja' located by 'By.xpath: /html/body/div[1]/div[1]/p[1]' in '2' second(s)

2023-11-23 15:13:36 - [MESSAGE][INFO] - Smart Wait Function is triggered

2023-11-23 15:13:36 - [MESSAGE][INFO] - Smart Wait Function is triggered

2023-11-23 15:13:36 - [MESSAGE][INFO] - Smart Wait Function is triggered

2023-11-23 15:13:36 - [MESSAGE][INFO] - Smart Wait Function is triggered

2023-11-23 15:13:36 - [MESSAGE][INFO] - Smart Wait Function is triggered

2023-11-23 15:13:36 - [MESSAGE][INFO] - Smart Wait Function is triggered

2023-11-23 15:13:37 - [MESSAGE][INFO] - Smart Wait Function is triggered

2023-11-23 15:13:37 - [MESSAGE][INFO] - Smart Wait Function is triggered

2023-11-23 15:13:37 - [MESSAGE][INFO] - Smart Wait Function is triggered

2023-11-23 15:13:37 - [MESSAGE][INFO] - Smart Wait Function is triggered

2023-11-23 15:13:37 - [MESSAGE][INFO] - Smart Wait Function is triggered

2023-11-23 15:13:37 - [MESSAGE][INFO] - Smart Wait Function is triggered

2023-11-23 15:13:37 - [MESSAGE][INFO] - Smart Wait Function is triggered

2023-11-23 15:13:37 - [MESSAGE][INFO] - Smart Wait Function is triggered

2023-11-23 15:13:37 - [MESSAGE][INFO] - Smart Wait Function is triggered

2023-11-23 15:13:37 - [MESSAGE][INFO] - Smart Wait Function is triggered

2023-11-23 15:13:37 - [MESSAGE][INFO] - Smart Wait Function is triggered

2023-11-23 15:13:37 - [MESSAGE][INFO] - Smart Wait Function is triggered

2023-11-23 15:13:37 - [MESSAGE][INFO] - Smart Wait Function is triggered

2023-11-23 15:13:37 - [MESSAGE][INFO] - Smart Wait Function is triggered

2023-11-23 15:13:37 - [MESSAGE][INFO] - Smart Wait Function is triggered

2023-11-23 15:13:37 - [MESSAGE][INFO] - Smart Wait Function is triggered

2023-11-23 15:13:37 - [MESSAGE][INFO] - Smart Wait Function is triggered

2023-11-23 15:13:37 - [MESSAGE][INFO] - Smart Wait Function is triggered

2023-11-23 15:13:37 - [MESSAGE][INFO] - Smart Wait Function is triggered

2023-11-23 15:13:37 - [MESSAGE][INFO] - Smart Wait Function is triggered

2023-11-23 15:13:37 - [MESSAGE][INFO] - Smart Wait Function is triggered

2023-11-23 15:13:37 - [MESSAGE][INFO] - Smart Wait Function is triggered

2023-11-23 15:13:37 - [MESSAGE][INFO] - Smart Wait Function is triggered

2023-11-23 15:13:37 - [MESSAGE][INFO] - Smart Wait Function is triggered

2023-11-23 15:13:37 - [MESSAGE][INFO] - Smart Wait Function is triggered

2023-11-23 15:13:37 - [MESSAGE][INFO] - Smart Wait Function is triggered

2023-11-23 15:13:37 - [MESSAGE][INFO] - Smart Wait Function is triggered

2023-11-23 15:13:37 - [MESSAGE][INFO] - Smart Wait Function is triggered

2023-11-23 15:13:37 - [MESSAGE][INFO] - Smart Wait Function is triggered

2023-11-23 15:13:37 - [MESSAGE][INFO] - Smart Wait Function is triggered

2023-11-23 15:13:37 - [MESSAGE][INFO] - Smart Wait Function is triggered

2023-11-23 15:13:38 - [MESSAGE][INFO] - Smart Wait Function is triggered

2023-11-23 15:13:38 - [MESSAGE][INFO] - Smart Wait Function is triggered

2023-11-23 15:13:38 - [MESSAGE][INFO] - Smart Wait Function is triggered

2023-11-23 15:13:38 - [MESSAGE][INFO] - Smart Wait Function is triggered

2023-11-23 15:13:38 - [MESSAGE][INFO] - Smart Wait Function is triggered

2023-11-23 15:13:38 - [MESSAGE][INFO] - Smart Wait Function is triggered

2023-11-23 15:13:38 - [MESSAGE][INFO] - Smart Wait Function is triggered

2023-11-23 15:13:38 - [MESSAGE][INFO] - Smart Wait Function is triggered

2023-11-23 15:13:38 - [MESSAGE][INFO] - Smart Wait Function is triggered

2023-11-23 15:13:38 - [MESSAGE][INFO] - Smart Wait Function is triggered

2023-11-23 15:13:38 - [MESSAGE][INFO] - Smart Wait Function is triggered

2023-11-23 15:13:38 - [MESSAGE][INFO] - Smart Wait Function is triggered

2023-11-23 15:13:38 - [MESSAGE][INFO] - Smart Wait Function is triggered

2023-11-23 15:13:38 - [MESSAGE][INFO] - Smart Wait Function is triggered

2023-11-23 15:13:38 - [MESSAGE][INFO] - Smart Wait Function is triggered

2023-11-23 15:13:38 - [MESSAGE][INFO] - Smart Wait Function is triggered

2023-11-23 15:13:38 - [MESSAGE][INFO] - Smart Wait Function is triggered

2023-11-23 15:13:38 - [MESSAGE][INFO] - Smart Wait Function is triggered

2023-11-23 15:13:38 - [MESSAGE][INFO] - Smart Wait Function is triggered

2023-11-23 15:13:38 - [MESSAGE][INFO] - Smart Wait Function is triggered

2023-11-23 15:13:38 - [MESSAGE][INFO] - Smart Wait Function is triggered

2023-11-23 15:13:38 - [MESSAGE][INFO] - Smart Wait Function is triggered

2023-11-23 15:13:38 - [MESSAGE][INFO] - Smart Wait Function is triggered

2023-11-23 15:13:38 - [MESSAGE][INFO] - Smart Wait Function is triggered

2023-11-23 15:13:38 - [MESSAGE][INFO] - Smart Wait Function is triggered

2023-11-23 15:13:38 - [MESSAGE][INFO] - Smart Wait Function is triggered

2023-11-23 15:13:38 - [MESSAGE][INFO] - Smart Wait Function is triggered

2023-11-23 15:13:38 - [MESSAGE][INFO] - Smart Wait Function is triggered

2023-11-23 15:13:38 - [MESSAGE][INFO] - Smart Wait Function is triggered

2023-11-23 15:13:38 - [MESSAGE][INFO] - Smart Wait Function is triggered

2023-11-23 15:13:38 - [MESSAGE][INFO] - Smart Wait Function is triggered

2023-11-23 15:13:38 - [MESSAGE][INFO] - Smart Wait Function is triggered

2023-11-23 15:13:39 - [MESSAGE][INFO] - Smart Wait Function is triggered

2023-11-23 15:13:39 - [MESSAGE][INFO] - Smart Wait Function is triggered

2023-11-23 15:13:39 - [MESSAGE][INFO] - Smart Wait Function is triggered

2023-11-23 15:13:39 - [MESSAGE][INFO] - Smart Wait Function is triggered

2023-11-23 15:13:39 - [MESSAGE][INFO] - Smart Wait Function is triggered

2023-11-23 15:13:39 - [MESSAGE][INFO] - Smart Wait Function is triggered

2023-11-23 15:13:39 - [MESSAGE][INFO] - Smart Wait Function is triggered

2023-11-23 15:13:39 - [MESSAGE][INFO] - Smart Wait Function is triggered

2023-11-23 15:13:39 - [MESSAGE][INFO] - Smart Wait Function is triggered

2023-11-23 15:13:39 - [MESSAGE][INFO] - Smart Wait Function is triggered

2023-11-23 15:13:39 - [MESSAGE][INFO] - Smart Wait Function is triggered

2023-11-23 15:13:39 - [MESSAGE][INFO] - Smart Wait Function is triggered

2023-11-23 15:13:39 - [MESSAGE][INFO] - Smart Wait Function is triggered

2023-11-23 15:13:39 - [MESSAGE][INFO] - Smart Wait Function is triggered

2023-11-23 15:13:39 - [MESSAGE][INFO] - Smart Wait Function is triggered

2023-11-23 15:13:39 - [MESSAGE][INFO] - Smart Wait Function is triggered

2023-11-23 15:13:39 - [MESSAGE][INFO] - Smart Wait Function is triggered

2023-11-23 15:13:39 - [MESSAGE][INFO] - Smart Wait Function is triggered

2023-11-23 15:13:39 - [MESSAGE][INFO] - Smart Wait Function is triggered

2023-11-23 15:13:39 - [MESSAGE][INFO] - Smart Wait Function is triggered

2023-11-23 15:13:39 - [MESSAGE][INFO] - Smart Wait Function is triggered

2023-11-23 15:13:39 - [MESSAGE][INFO] - Smart Wait Function is triggered

2023-11-23 15:13:39 - [MESSAGE][INFO] - Smart Wait Function is triggered

2023-11-23 15:13:39 - [MESSAGE][INFO] - Smart Wait Function is triggered

2023-11-23 15:13:39 - [MESSAGE][INFO] - Smart Wait Function is triggered

2023-11-23 15:13:39 - [MESSAGE][INFO] - Smart Wait Function is triggered

2023-11-23 15:13:39 - [MESSAGE][INFO] - Unable to find the element located by 'By.xpath: /html/body/div[1]/div[1]/p[1]'. Please recheck the objects properties to make sure the desired element is located. 

2023-11-23 15:13:40 - [MESSAGE][WARNING] - com.kms.katalon.core.webui.exception.WebElementNotFoundException: Web element with id: 'Object Repository/Connexion Usager/Verif_PopUpCompteExisteDeja' located by '/html/body/div[1]/div[1]/p[1]' not found (Root cause: com.kms.katalon.core.exception.StepFailedException: com.kms.katalon.core.webui.exception.WebElementNotFoundException: Web element with id: 'Object Repository/Connexion Usager/Verif_PopUpCompteExisteDeja' located by '/html/body/div[1]/div[1]/p[1]' not found
	at com.kms.katalon.core.webui.keyword.internal.WebUIKeywordMain.stepFailed(WebUIKeywordMain.groovy:64)
	at com.kms.katalon.core.webui.keyword.builtin.VerifyElementPresentKeyword$_verifyElementPresent_closure1.doCall(VerifyElementPresentKeyword.groovy:85)
	at com.kms.katalon.core.webui.keyword.builtin.VerifyElementPresentKeyword$_verifyElementPresent_closure1.call(VerifyElementPresentKeyword.groovy)
	at com.kms.katalon.core.webui.keyword.internal.WebUIKeywordMain.runKeyword(WebUIKeywordMain.groovy:20)
	at com.kms.katalon.core.webui.keyword.builtin.VerifyElementPresentKeyword.verifyElementPresent(VerifyElementPresentKeyword.groovy:92)
	at com.kms.katalon.core.webui.keyword.builtin.VerifyElementPresentKeyword.execute(VerifyElementPresentKeyword.groovy:68)
	at com.kms.katalon.core.keyword.internal.KeywordExecutor.executeKeywordForPlatform(KeywordExecutor.groovy:74)
	at com.kms.katalon.core.webui.keyword.WebUiBuiltInKeywords.verifyElementPresent(WebUiBuiltInKeywords.groovy:1448)
	at com.kazurayam.ksbackyard.HighlightElement$_pandemic_closure1.doCall(HighlightElement.groovy:105)
	at VerificationSiCompteExisteDeja.run(VerificationSiCompteExisteDeja:69)
	at com.kms.katalon.core.main.ScriptEngine.run(ScriptEngine.java:194)
	at com.kms.katalon.core.main.ScriptEngine.runScriptAsRawText(ScriptEngine.java:119)
	at com.kms.katalon.core.main.TestCaseExecutor.runScript(TestCaseExecutor.java:448)
	at com.kms.katalon.core.main.TestCaseExecutor.doExecute(TestCaseExecutor.java:439)
	at com.kms.katalon.core.main.TestCaseExecutor.processExecutionPhase(TestCaseExecutor.java:418)
	at com.kms.katalon.core.main.TestCaseExecutor.accessMainPhase(TestCaseExecutor.java:410)
	at com.kms.katalon.core.main.TestCaseExecutor.execute(TestCaseExecutor.java:285)
	at com.kms.katalon.core.main.TestCaseMain.runTestCase(TestCaseMain.java:144)
	at com.kms.katalon.core.keyword.builtin.CallTestCaseKeyword$_callTestCase_closure1.doCall(CallTestCaseKeyword.groovy:59)
	at com.kms.katalon.core.keyword.builtin.CallTestCaseKeyword$_callTestCase_closure1.call(CallTestCaseKeyword.groovy)
	at com.kms.katalon.core.keyword.internal.KeywordMain.runKeyword(KeywordMain.groovy:75)
	at com.kms.katalon.core.keyword.builtin.CallTestCaseKeyword.callTestCase(CallTestCaseKeyword.groovy:81)
	at com.kms.katalon.core.keyword.builtin.CallTestCaseKeyword.execute(CallTestCaseKeyword.groovy:44)
	at com.kms.katalon.core.keyword.internal.KeywordExecutor.executeKeywordForPlatform(KeywordExecutor.groovy:74)
	at com.kms.katalon.core.keyword.BuiltinKeywords.callTestCase(BuiltinKeywords.groovy:310)
	at com.kazurayam.ksbackyard.HighlightElement$_pandemic_closure1.doCall(HighlightElement.groovy:105)
	at Creer Votre Compte.run(Creer Votre Compte:117)
	at com.kms.katalon.core.main.ScriptEngine.run(ScriptEngine.java:194)
	at com.kms.katalon.core.main.ScriptEngine.runScriptAsRawText(ScriptEngine.java:119)
	at com.kms.katalon.core.main.TestCaseExecutor.runScript(TestCaseExecutor.java:448)
	at com.kms.katalon.core.main.TestCaseExecutor.doExecute(TestCaseExecutor.java:439)
	at com.kms.katalon.core.main.TestCaseExecutor.processExecutionPhase(TestCaseExecutor.java:418)
	at com.kms.katalon.core.main.TestCaseExecutor.accessMainPhase(TestCaseExecutor.java:410)
	at com.kms.katalon.core.main.TestCaseExecutor.execute(TestCaseExecutor.java:285)
	at com.kms.katalon.core.main.TestCaseMain.runTestCase(TestCaseMain.java:144)
	at com.kms.katalon.core.keyword.builtin.CallTestCaseKeyword$_callTestCase_closure1.doCall(CallTestCaseKeyword.groovy:59)
	at com.kms.katalon.core.keyword.builtin.CallTestCaseKeyword$_callTestCase_closure1.call(CallTestCaseKeyword.groovy)
	at com.kms.katalon.core.keyword.internal.KeywordMain.runKeyword(KeywordMain.groovy:75)
	at com.kms.katalon.core.keyword.builtin.CallTestCaseKeyword.callTestCase(CallTestCaseKeyword.groovy:81)
	at com.kms.katalon.core.keyword.builtin.CallTestCaseKeyword.execute(CallTestCaseKeyword.groovy:44)
	at com.kms.katalon.core.keyword.internal.KeywordExecutor.executeKeywordForPlatform(KeywordExecutor.groovy:74)
	at com.kms.katalon.core.keyword.BuiltinKeywords.callTestCase(BuiltinKeywords.groovy:310)
	at com.kazurayam.ksbackyard.HighlightElement$_pandemic_closure1.doCall(HighlightElement.groovy:105)
	at TNR R.TSPT Supp90-Etudiant.run(TNR R.TSPT Supp90-Etudiant:30)
	at com.kms.katalon.core.main.ScriptEngine.run(ScriptEngine.java:194)
	at com.kms.katalon.core.main.ScriptEngine.runScriptAsRawText(ScriptEngine.java:119)
	at com.kms.katalon.core.main.TestCaseExecutor.runScript(TestCaseExecutor.java:448)
	at com.kms.katalon.core.main.TestCaseExecutor.doExecute(TestCaseExecutor.java:439)
	at com.kms.katalon.core.main.TestCaseExecutor.processExecutionPhase(TestCaseExecutor.java:418)
	at com.kms.katalon.core.main.TestCaseExecutor.accessMainPhase(TestCaseExecutor.java:410)
	at com.kms.katalon.core.main.TestCaseExecutor.execute(TestCaseExecutor.java:285)
	at com.kms.katalon.core.common.CommonExecutor.accessTestCaseMainPhase(CommonExecutor.java:65)
	at com.kms.katalon.core.main.TestSuiteExecutor.accessTestSuiteMainPhase(TestSuiteExecutor.java:148)
	at com.kms.katalon.core.main.TestSuiteExecutor.execute(TestSuiteExecutor.java:106)
	at com.kms.katalon.core.main.TestCaseMain.startTestSuite(TestCaseMain.java:187)
	at com.kms.katalon.core.main.TestCaseMain$startTestSuite$0.call(Unknown Source)
	at TempTestSuite1700747757013.run(TempTestSuite1700747757013.groovy:36)
)
[[ATTACHMENT|C:\\Users\\ISSAM.RHARBAOUI\\git\\22_11\\ANEF-AutomatizationProject\\Reports\\20231123_145557\\TS_TNR_R.TSPT_Suppo90\\20231123_145557\\1700748819843.png]]

2023-11-23 15:13:40 - [TEST_STEP][PASSED] - if (MsgAlertPresent): null

2023-11-23 15:13:40 - [TEST_STEP][PASSED] - else: Vos informations ne sont pas associÃ©es Ã  un compte ==>> CrÃ©ation d'un nouveau Compte avec ces Informations.

2023-11-23 15:13:40 - [TEST_STEP][PASSED] - markPassed("Vos informations ne sont pas associÃ©es Ã  un compte ==>> CrÃ©ation d'un nouveau Compte avec ces Informations."): Vos informations ne sont pas associÃ©es Ã  un compte ==>> CrÃ©ation d'un nouveau Compte avec ces Informations.

2023-11-23 15:13:40 - [MESSAGE][PASSED] - Vos informations ne sont pas associÃ©es Ã  un compte ==>> CrÃ©ation d'un nouveau Compte avec ces Informations.

2023-11-23 15:13:40 - [TEST_STEP][PASSED] - waitForPageLoad(2): Wait for page load successfully

2023-11-23 15:13:40 - [MESSAGE][INFO] - Checking timeout

2023-11-23 15:13:40 - [MESSAGE][PASSED] - Wait for page load successfully

2023-11-23 15:13:40 - [MESSAGE][PASSED] - Call Test Case 'Test Cases/Test Reutilisable/Main/VerificationSiCompteExisteDeja' successfully

2023-11-23 15:13:40 - [TEST_STEP][PASSED] - if (StopTestCase == true): null

2023-11-23 15:13:40 - [TEST_STEP][PASSED] - MonEmail = NumEtrangerVisa + "@yopmail.com": null

2023-11-23 15:13:40 - [TEST_STEP][PASSED] - delay(2): Delayed 2 second(s)

2023-11-23 15:13:40 - [MESSAGE][INFO] - Delaying browser in 2 second(s)

2023-11-23 15:13:42 - [MESSAGE][PASSED] - Delayed 2 second(s)

2023-11-23 15:13:42 - [TEST_STEP][PASSED] - setText(findTestObject("Object Repository/Connexion Usager/Input_Email"), MonEmail): Text '7703040874@yopmail.com' is set on object 'Object Repository/Connexion Usager/Input_Email'

2023-11-23 15:13:42 - [MESSAGE][INFO] - Finding Test Object 'Object Repository/Connexion Usager/Input_Email'

2023-11-23 15:13:42 - [MESSAGE][INFO] - Checking timeout

2023-11-23 15:13:42 - [MESSAGE][INFO] - Finding web element with id: 'Object Repository/Connexion Usager/Input_Email' located by 'By.xpath: //*/div/app-input[1]/div/div/input [@type = 'email']' in '20' second(s)

2023-11-23 15:13:42 - [MESSAGE][INFO] - Smart Wait Function is triggered

2023-11-23 15:13:42 - [MESSAGE][INFO] - Found 1 web elements with id: 'Object Repository/Connexion Usager/Input_Email' located by 'By.xpath: //*/div/app-input[1]/div/div/input [@type = 'email']' in '20' second(s)

2023-11-23 15:13:42 - [MESSAGE][INFO] - Checking object

2023-11-23 15:13:42 - [MESSAGE][INFO] - Checking text

2023-11-23 15:13:42 - [MESSAGE][INFO] - Finding web element from Test Object's properties

2023-11-23 15:13:42 - [MESSAGE][INFO] - Checking timeout

2023-11-23 15:13:42 - [MESSAGE][INFO] - Finding web element with id: 'Object Repository/Connexion Usager/Input_Email' located by 'By.xpath: //*/div/app-input[1]/div/div/input [@type = 'email']' in '5' second(s)

2023-11-23 15:13:42 - [MESSAGE][INFO] - Smart Wait Function is triggered

2023-11-23 15:13:42 - [MESSAGE][INFO] - Found 1 web elements with id: 'Object Repository/Connexion Usager/Input_Email' located by 'By.xpath: //*/div/app-input[1]/div/div/input [@type = 'email']' in '5' second(s)

2023-11-23 15:13:42 - [MESSAGE][INFO] - Clearing text of object 'Object Repository/Connexion Usager/Input_Email'

2023-11-23 15:13:44 - [MESSAGE][INFO] - Finding web element from Test Object's properties

2023-11-23 15:13:44 - [MESSAGE][INFO] - Checking timeout

2023-11-23 15:13:44 - [MESSAGE][INFO] - Finding web element with id: 'Object Repository/Connexion Usager/Input_Email' located by 'By.xpath: //*/div/app-input[1]/div/div/input [@type = 'email']' in '5' second(s)

2023-11-23 15:13:44 - [MESSAGE][INFO] - Smart Wait Function is triggered

2023-11-23 15:13:44 - [MESSAGE][INFO] - Found 1 web elements with id: 'Object Repository/Connexion Usager/Input_Email' located by 'By.xpath: //*/div/app-input[1]/div/div/input [@type = 'email']' in '5' second(s)

2023-11-23 15:13:44 - [MESSAGE][INFO] - Setting text of object 'Object Repository/Connexion Usager/Input_Email' to value '7703040874@yopmail.com'

2023-11-23 15:13:46 - [MESSAGE][PASSED] - Text '7703040874@yopmail.com' is set on object 'Object Repository/Connexion Usager/Input_Email'

2023-11-23 15:13:46 - [TEST_STEP][PASSED] - setText(findTestObject("Object Repository/Connexion Usager/Input_ConfirmeEmail"), MonEmail): Text '7703040874@yopmail.com' is set on object 'Object Repository/Connexion Usager/Input_ConfirmeEmail'

2023-11-23 15:13:46 - [MESSAGE][INFO] - Finding Test Object 'Object Repository/Connexion Usager/Input_ConfirmeEmail'

2023-11-23 15:13:46 - [MESSAGE][INFO] - Checking timeout

2023-11-23 15:13:46 - [MESSAGE][INFO] - Finding web element with id: 'Object Repository/Connexion Usager/Input_ConfirmeEmail' located by 'By.xpath: //*/div/app-input[2]/div/div/input [@type = 'email']' in '20' second(s)

2023-11-23 15:13:46 - [MESSAGE][INFO] - Smart Wait Function is triggered

2023-11-23 15:13:46 - [MESSAGE][INFO] - Found 1 web elements with id: 'Object Repository/Connexion Usager/Input_ConfirmeEmail' located by 'By.xpath: //*/div/app-input[2]/div/div/input [@type = 'email']' in '20' second(s)

2023-11-23 15:13:46 - [MESSAGE][INFO] - Checking object

2023-11-23 15:13:46 - [MESSAGE][INFO] - Checking text

2023-11-23 15:13:46 - [MESSAGE][INFO] - Finding web element from Test Object's properties

2023-11-23 15:13:46 - [MESSAGE][INFO] - Checking timeout

2023-11-23 15:13:46 - [MESSAGE][INFO] - Finding web element with id: 'Object Repository/Connexion Usager/Input_ConfirmeEmail' located by 'By.xpath: //*/div/app-input[2]/div/div/input [@type = 'email']' in '5' second(s)

2023-11-23 15:13:46 - [MESSAGE][INFO] - Smart Wait Function is triggered

2023-11-23 15:13:46 - [MESSAGE][INFO] - Found 1 web elements with id: 'Object Repository/Connexion Usager/Input_ConfirmeEmail' located by 'By.xpath: //*/div/app-input[2]/div/div/input [@type = 'email']' in '5' second(s)

2023-11-23 15:13:46 - [MESSAGE][INFO] - Clearing text of object 'Object Repository/Connexion Usager/Input_ConfirmeEmail'

2023-11-23 15:13:48 - [MESSAGE][INFO] - Finding web element from Test Object's properties

2023-11-23 15:13:48 - [MESSAGE][INFO] - Checking timeout

2023-11-23 15:13:48 - [MESSAGE][INFO] - Finding web element with id: 'Object Repository/Connexion Usager/Input_ConfirmeEmail' located by 'By.xpath: //*/div/app-input[2]/div/div/input [@type = 'email']' in '5' second(s)

2023-11-23 15:13:48 - [MESSAGE][INFO] - Smart Wait Function is triggered

2023-11-23 15:13:48 - [MESSAGE][INFO] - Found 1 web elements with id: 'Object Repository/Connexion Usager/Input_ConfirmeEmail' located by 'By.xpath: //*/div/app-input[2]/div/div/input [@type = 'email']' in '5' second(s)

2023-11-23 15:13:48 - [MESSAGE][INFO] - Setting text of object 'Object Repository/Connexion Usager/Input_ConfirmeEmail' to value '7703040874@yopmail.com'

2023-11-23 15:13:50 - [MESSAGE][PASSED] - Text '7703040874@yopmail.com' is set on object 'Object Repository/Connexion Usager/Input_ConfirmeEmail'

2023-11-23 15:13:50 - [TEST_STEP][PASSED] - click(findTestObject("Object Repository/Connexion Usager/span_btn_ValiderEmail")): Object: 'Object Repository/Connexion Usager/span_btn_ValiderEmail' is clicked on

2023-11-23 15:13:50 - [MESSAGE][INFO] - Finding Test Object 'Object Repository/Connexion Usager/span_btn_ValiderEmail'

2023-11-23 15:13:50 - [MESSAGE][INFO] - Checking timeout

2023-11-23 15:13:50 - [MESSAGE][INFO] - Finding web element with id: 'Object Repository/Connexion Usager/span_btn_ValiderEmail' located by 'By.xpath: //span[(text() = 'Valider' or . = 'Valider')]' in '20' second(s)

2023-11-23 15:13:50 - [MESSAGE][INFO] - Smart Wait Function is triggered

2023-11-23 15:13:50 - [MESSAGE][INFO] - Found 1 web elements with id: 'Object Repository/Connexion Usager/span_btn_ValiderEmail' located by 'By.xpath: //span[(text() = 'Valider' or . = 'Valider')]' in '20' second(s)

2023-11-23 15:13:50 - [MESSAGE][INFO] - Checking object

2023-11-23 15:13:50 - [MESSAGE][INFO] - Checking timeout

2023-11-23 15:13:50 - [MESSAGE][INFO] - Finding web element from Test Object's properties

2023-11-23 15:13:50 - [MESSAGE][INFO] - Checking timeout

2023-11-23 15:13:50 - [MESSAGE][INFO] - Finding web element with id: 'Object Repository/Connexion Usager/span_btn_ValiderEmail' located by 'By.xpath: //span[(text() = 'Valider' or . = 'Valider')]' in '5' second(s)

2023-11-23 15:13:50 - [MESSAGE][INFO] - Smart Wait Function is triggered

2023-11-23 15:13:50 - [MESSAGE][INFO] - Found 1 web elements with id: 'Object Repository/Connexion Usager/span_btn_ValiderEmail' located by 'By.xpath: //span[(text() = 'Valider' or . = 'Valider')]' in '5' second(s)

2023-11-23 15:13:50 - [MESSAGE][INFO] - Clicking on object: 'Object Repository/Connexion Usager/span_btn_ValiderEmail'

2023-11-23 15:13:53 - [MESSAGE][PASSED] - Object: 'Object Repository/Connexion Usager/span_btn_ValiderEmail' is clicked on

2023-11-23 15:13:53 - [TEST_STEP][PASSED] - delay(2): Delayed 2 second(s)

2023-11-23 15:13:53 - [MESSAGE][INFO] - Delaying browser in 2 second(s)

2023-11-23 15:13:55 - [MESSAGE][PASSED] - Delayed 2 second(s)

2023-11-23 15:13:55 - [TEST_STEP][PASSED] - click(findTestObject("Object Repository/Connexion Usager/btn_span_RetourAccueil")): Object: 'Object Repository/Connexion Usager/btn_span_RetourAccueil' is clicked on

2023-11-23 15:13:55 - [MESSAGE][INFO] - Finding Test Object 'Object Repository/Connexion Usager/btn_span_RetourAccueil'

2023-11-23 15:13:55 - [MESSAGE][INFO] - Checking timeout

2023-11-23 15:13:55 - [MESSAGE][INFO] - Finding web element with id: 'Object Repository/Connexion Usager/btn_span_RetourAccueil' located by 'By.xpath: (.//*[normalize-space(text()) and normalize-space(.)='CRÃATION DE COMPTE'])[1]/following::span[2]' in '20' second(s)

2023-11-23 15:13:55 - [MESSAGE][INFO] - Smart Wait Function is triggered

2023-11-23 15:13:55 - [MESSAGE][INFO] - Found 1 web elements with id: 'Object Repository/Connexion Usager/btn_span_RetourAccueil' located by 'By.xpath: (.//*[normalize-space(text()) and normalize-space(.)='CRÃATION DE COMPTE'])[1]/following::span[2]' in '20' second(s)

2023-11-23 15:13:55 - [MESSAGE][INFO] - Checking object

2023-11-23 15:13:55 - [MESSAGE][INFO] - Checking timeout

2023-11-23 15:13:55 - [MESSAGE][INFO] - Finding web element from Test Object's properties

2023-11-23 15:13:55 - [MESSAGE][INFO] - Checking timeout

2023-11-23 15:13:55 - [MESSAGE][INFO] - Finding web element with id: 'Object Repository/Connexion Usager/btn_span_RetourAccueil' located by 'By.xpath: (.//*[normalize-space(text()) and normalize-space(.)='CRÃATION DE COMPTE'])[1]/following::span[2]' in '5' second(s)

2023-11-23 15:13:55 - [MESSAGE][INFO] - Smart Wait Function is triggered

2023-11-23 15:13:55 - [MESSAGE][INFO] - Found 1 web elements with id: 'Object Repository/Connexion Usager/btn_span_RetourAccueil' located by 'By.xpath: (.//*[normalize-space(text()) and normalize-space(.)='CRÃATION DE COMPTE'])[1]/following::span[2]' in '5' second(s)

2023-11-23 15:13:55 - [MESSAGE][INFO] - Clicking on object: 'Object Repository/Connexion Usager/btn_span_RetourAccueil'

2023-11-23 15:13:57 - [MESSAGE][PASSED] - Object: 'Object Repository/Connexion Usager/btn_span_RetourAccueil' is clicked on

2023-11-23 15:13:57 - [TEST_STEP][PASSED] - delay(2): Delayed 2 second(s)

2023-11-23 15:13:57 - [MESSAGE][INFO] - Delaying browser in 2 second(s)

2023-11-23 15:13:59 - [MESSAGE][PASSED] - Delayed 2 second(s)

2023-11-23 15:13:59 - [TEST_STEP][PASSED] - tools.GetWebCookieByNamedCollected.GetWebCookie(): tools.GetWebCookieByNamedCollected.GetWebCookie is PASSED

2023-11-23 15:13:59 - [MESSAGE][PASSED] - tools.GetWebCookieByNamedCollected.GetWebCookie is PASSED

2023-11-23 15:13:59 - [TEST_STEP][PASSED] - if (EnvExec == "URL_ANEFQualif"): null

2023-11-23 15:13:59 - [TEST_STEP][PASSED] - if (EnvExec == "URL_ANEFPreProd"): Navigate to 'https://preprod.administration-etrangers-en-france.interieur.gouv.fr/particuliers/#/espace-personnel/inscription/mot-de-passe?token=eyJ0eXAiOiJKV1QiLCJhbGciOiJIUzI1NiJ9.eyJpYXQiOjE3MDA3NDg4MDAuNjcyMTU4LCJleHAiOjE3MDA4MzUyMDAuNjcyMTU4LCJsb2dpbiI6NDAwMjUwNzEsInN1YiI6InJlZ2lzdGVyIiwidXJsX3ByZWZpeCI6Ii91c2FnZXIifQ.zpI8uwMkS5umKAfpQ4EPzZ1EBvsXq42saQhnmpX8W8I' successfully

2023-11-23 15:13:59 - [TEST_STEP][PASSED] - URL_CreationMDP = URLpwPreProd + Token: null

2023-11-23 15:13:59 - [TEST_STEP][PASSED] - navigateToUrl(URL_CreationMDP): Navigate to 'https://preprod.administration-etrangers-en-france.interieur.gouv.fr/particuliers/#/espace-personnel/inscription/mot-de-passe?token=eyJ0eXAiOiJKV1QiLCJhbGciOiJIUzI1NiJ9.eyJpYXQiOjE3MDA3NDg4MDAuNjcyMTU4LCJleHAiOjE3MDA4MzUyMDAuNjcyMTU4LCJsb2dpbiI6NDAwMjUwNzEsInN1YiI6InJlZ2lzdGVyIiwidXJsX3ByZWZpeCI6Ii91c2FnZXIifQ.zpI8uwMkS5umKAfpQ4EPzZ1EBvsXq42saQhnmpX8W8I' successfully

2023-11-23 15:13:59 - [MESSAGE][INFO] - Checking url

2023-11-23 15:13:59 - [MESSAGE][INFO] - Navigating to 'https://preprod.administration-etrangers-en-france.interieur.gouv.fr/particuliers/#/espace-personnel/inscription/mot-de-passe?token=eyJ0eXAiOiJKV1QiLCJhbGciOiJIUzI1NiJ9.eyJpYXQiOjE3MDA3NDg4MDAuNjcyMTU4LCJleHAiOjE3MDA4MzUyMDAuNjcyMTU4LCJsb2dpbiI6NDAwMjUwNzEsInN1YiI6InJlZ2lzdGVyIiwidXJsX3ByZWZpeCI6Ii91c2FnZXIifQ.zpI8uwMkS5umKAfpQ4EPzZ1EBvsXq42saQhnmpX8W8I'

2023-11-23 15:14:01 - [MESSAGE][PASSED] - Navigate to 'https://preprod.administration-etrangers-en-france.interieur.gouv.fr/particuliers/#/espace-personnel/inscription/mot-de-passe?token=eyJ0eXAiOiJKV1QiLCJhbGciOiJIUzI1NiJ9.eyJpYXQiOjE3MDA3NDg4MDAuNjcyMTU4LCJleHAiOjE3MDA4MzUyMDAuNjcyMTU4LCJsb2dpbiI6NDAwMjUwNzEsInN1YiI6InJlZ2lzdGVyIiwidXJsX3ByZWZpeCI6Ii91c2FnZXIifQ.zpI8uwMkS5umKAfpQ4EPzZ1EBvsXq42saQhnmpX8W8I' successfully

2023-11-23 15:14:01 - [TEST_STEP][PASSED] - callTestCase(findTestCase("Test Reutilisable/Main/Verif_FormatNewPW"), [:], STOP_ON_FAILURE): Call Test Case 'Test Cases/Test Reutilisable/Main/Verif_FormatNewPW' successfully

2023-11-23 15:14:01 - [MESSAGE][INFO] - Checking called Test Case

2023-11-23 15:14:01 - [MESSAGE][INFO] - Starting to call Test Case 'Test Cases/Test Reutilisable/Main/Verif_FormatNewPW'

2023-11-23 15:14:01 - [TEST_CASE][PASSED] - Test Cases/Test Reutilisable/Main/Verif_FormatNewPW: Test Cases/Test Reutilisable/Main/Verif_FormatNewPW

2023-11-23 15:14:01 - [TEST_STEP][PASSED] - com.kazurayam.ksbackyard.HighlightElement.pandemic(): com.kazurayam.ksbackyard.HighlightElement.pandemic is PASSED

2023-11-23 15:14:01 - [MESSAGE][PASSED] - com.kazurayam.ksbackyard.HighlightElement.pandemic is PASSED

2023-11-23 15:14:01 - [TEST_STEP][PASSED] - println("CrÃ©er un mot de passe sans majuscule"): null

2023-11-23 15:14:01 - [TEST_STEP][PASSED] - setText(findTestObject("Object Repository/Connexion Usager/Input_Password"), "hhizaoui001!"): Text 'hhizaoui001!' is set on object 'Object Repository/Connexion Usager/Input_Password'

2023-11-23 15:14:01 - [MESSAGE][INFO] - Finding Test Object 'Object Repository/Connexion Usager/Input_Password'

2023-11-23 15:14:01 - [MESSAGE][INFO] - Checking timeout

2023-11-23 15:14:01 - [MESSAGE][INFO] - Finding web element with id: 'Object Repository/Connexion Usager/Input_Password' located by 'By.xpath: //*/app-input[1]/div/div/input [@type = 'password']' in '20' second(s)

2023-11-23 15:14:01 - [MESSAGE][INFO] - Smart Wait Function is triggered

2023-11-23 15:14:01 - [MESSAGE][INFO] - Found 1 web elements with id: 'Object Repository/Connexion Usager/Input_Password' located by 'By.xpath: //*/app-input[1]/div/div/input [@type = 'password']' in '20' second(s)

2023-11-23 15:14:01 - [MESSAGE][INFO] - Checking object

2023-11-23 15:14:01 - [MESSAGE][INFO] - Checking text

2023-11-23 15:14:01 - [MESSAGE][INFO] - Finding web element from Test Object's properties

2023-11-23 15:14:01 - [MESSAGE][INFO] - Checking timeout

2023-11-23 15:14:01 - [MESSAGE][INFO] - Finding web element with id: 'Object Repository/Connexion Usager/Input_Password' located by 'By.xpath: //*/app-input[1]/div/div/input [@type = 'password']' in '5' second(s)

2023-11-23 15:14:01 - [MESSAGE][INFO] - Smart Wait Function is triggered

2023-11-23 15:14:01 - [MESSAGE][INFO] - Found 1 web elements with id: 'Object Repository/Connexion Usager/Input_Password' located by 'By.xpath: //*/app-input[1]/div/div/input [@type = 'password']' in '5' second(s)

2023-11-23 15:14:01 - [MESSAGE][INFO] - Clearing text of object 'Object Repository/Connexion Usager/Input_Password'

2023-11-23 15:14:03 - [MESSAGE][INFO] - Finding web element from Test Object's properties

2023-11-23 15:14:03 - [MESSAGE][INFO] - Checking timeout

2023-11-23 15:14:03 - [MESSAGE][INFO] - Finding web element with id: 'Object Repository/Connexion Usager/Input_Password' located by 'By.xpath: //*/app-input[1]/div/div/input [@type = 'password']' in '5' second(s)

2023-11-23 15:14:03 - [MESSAGE][INFO] - Smart Wait Function is triggered

2023-11-23 15:14:03 - [MESSAGE][INFO] - Found 1 web elements with id: 'Object Repository/Connexion Usager/Input_Password' located by 'By.xpath: //*/app-input[1]/div/div/input [@type = 'password']' in '5' second(s)

2023-11-23 15:14:03 - [MESSAGE][INFO] - Setting text of object 'Object Repository/Connexion Usager/Input_Password' to value 'hhizaoui001!'

2023-11-23 15:14:05 - [MESSAGE][PASSED] - Text 'hhizaoui001!' is set on object 'Object Repository/Connexion Usager/Input_Password'

2023-11-23 15:14:05 - [TEST_STEP][PASSED] - setText(findTestObject("Object Repository/Connexion Usager/Input_ConfirmePassword"), "hhizaoui001!"): Text 'hhizaoui001!' is set on object 'Object Repository/Connexion Usager/Input_ConfirmePassword'

2023-11-23 15:14:05 - [MESSAGE][INFO] - Finding Test Object 'Object Repository/Connexion Usager/Input_ConfirmePassword'

2023-11-23 15:14:05 - [MESSAGE][INFO] - Checking timeout

2023-11-23 15:14:05 - [MESSAGE][INFO] - Finding web element with id: 'Object Repository/Connexion Usager/Input_ConfirmePassword' located by 'By.xpath: //*/app-input[2]/div/div/input [@type = 'password']' in '20' second(s)

2023-11-23 15:14:05 - [MESSAGE][INFO] - Smart Wait Function is triggered

2023-11-23 15:14:05 - [MESSAGE][INFO] - Found 1 web elements with id: 'Object Repository/Connexion Usager/Input_ConfirmePassword' located by 'By.xpath: //*/app-input[2]/div/div/input [@type = 'password']' in '20' second(s)

2023-11-23 15:14:05 - [MESSAGE][INFO] - Checking object

2023-11-23 15:14:05 - [MESSAGE][INFO] - Checking text

2023-11-23 15:14:05 - [MESSAGE][INFO] - Finding web element from Test Object's properties

2023-11-23 15:14:05 - [MESSAGE][INFO] - Checking timeout

2023-11-23 15:14:05 - [MESSAGE][INFO] - Finding web element with id: 'Object Repository/Connexion Usager/Input_ConfirmePassword' located by 'By.xpath: //*/app-input[2]/div/div/input [@type = 'password']' in '5' second(s)

2023-11-23 15:14:05 - [MESSAGE][INFO] - Smart Wait Function is triggered

2023-11-23 15:14:05 - [MESSAGE][INFO] - Found 1 web elements with id: 'Object Repository/Connexion Usager/Input_ConfirmePassword' located by 'By.xpath: //*/app-input[2]/div/div/input [@type = 'password']' in '5' second(s)

2023-11-23 15:14:05 - [MESSAGE][INFO] - Clearing text of object 'Object Repository/Connexion Usager/Input_ConfirmePassword'

2023-11-23 15:14:07 - [MESSAGE][INFO] - Finding web element from Test Object's properties

2023-11-23 15:14:07 - [MESSAGE][INFO] - Checking timeout

2023-11-23 15:14:07 - [MESSAGE][INFO] - Finding web element with id: 'Object Repository/Connexion Usager/Input_ConfirmePassword' located by 'By.xpath: //*/app-input[2]/div/div/input [@type = 'password']' in '5' second(s)

2023-11-23 15:14:07 - [MESSAGE][INFO] - Smart Wait Function is triggered

2023-11-23 15:14:07 - [MESSAGE][INFO] - Found 1 web elements with id: 'Object Repository/Connexion Usager/Input_ConfirmePassword' located by 'By.xpath: //*/app-input[2]/div/div/input [@type = 'password']' in '5' second(s)

2023-11-23 15:14:07 - [MESSAGE][INFO] - Setting text of object 'Object Repository/Connexion Usager/Input_ConfirmePassword' to value 'hhizaoui001!'

2023-11-23 15:14:10 - [MESSAGE][PASSED] - Text 'hhizaoui001!' is set on object 'Object Repository/Connexion Usager/Input_ConfirmePassword'

2023-11-23 15:14:10 - [TEST_STEP][PASSED] - click(findTestObject("Object Repository/Connexion Usager/btn_CreerMDP")): Object: 'Object Repository/Connexion Usager/btn_CreerMDP' is clicked on

2023-11-23 15:14:10 - [MESSAGE][INFO] - Finding Test Object 'Object Repository/Connexion Usager/btn_CreerMDP'

2023-11-23 15:14:10 - [MESSAGE][INFO] - Checking timeout

2023-11-23 15:14:10 - [MESSAGE][INFO] - Finding web element with id: 'Object Repository/Connexion Usager/btn_CreerMDP' located by 'By.xpath: //*/div/p-button/button [@type= 'button']' in '20' second(s)

2023-11-23 15:14:10 - [MESSAGE][INFO] - Smart Wait Function is triggered

2023-11-23 15:14:10 - [MESSAGE][INFO] - Found 1 web elements with id: 'Object Repository/Connexion Usager/btn_CreerMDP' located by 'By.xpath: //*/div/p-button/button [@type= 'button']' in '20' second(s)

2023-11-23 15:14:10 - [MESSAGE][INFO] - Checking object

2023-11-23 15:14:10 - [MESSAGE][INFO] - Checking timeout

2023-11-23 15:14:10 - [MESSAGE][INFO] - Finding web element from Test Object's properties

2023-11-23 15:14:10 - [MESSAGE][INFO] - Checking timeout

2023-11-23 15:14:10 - [MESSAGE][INFO] - Finding web element with id: 'Object Repository/Connexion Usager/btn_CreerMDP' located by 'By.xpath: //*/div/p-button/button [@type= 'button']' in '5' second(s)

2023-11-23 15:14:10 - [MESSAGE][INFO] - Smart Wait Function is triggered

2023-11-23 15:14:10 - [MESSAGE][INFO] - Found 1 web elements with id: 'Object Repository/Connexion Usager/btn_CreerMDP' located by 'By.xpath: //*/div/p-button/button [@type= 'button']' in '5' second(s)

2023-11-23 15:14:10 - [MESSAGE][INFO] - Clicking on object: 'Object Repository/Connexion Usager/btn_CreerMDP'

2023-11-23 15:14:12 - [MESSAGE][PASSED] - Object: 'Object Repository/Connexion Usager/btn_CreerMDP' is clicked on

2023-11-23 15:14:12 - [TEST_STEP][PASSED] - verifyElementPresent(findTestObject("Object Repository/Connexion Usager/div_MSG_FormatNonRespecte"), 1): Object 'Object Repository/Connexion Usager/div_MSG_FormatNonRespecte' is present

2023-11-23 15:14:12 - [MESSAGE][INFO] - Finding Test Object 'Object Repository/Connexion Usager/div_MSG_FormatNonRespecte'

2023-11-23 15:14:12 - [MESSAGE][INFO] - Checking object

2023-11-23 15:14:12 - [MESSAGE][INFO] - Finding web element from Test Object's properties

2023-11-23 15:14:12 - [MESSAGE][INFO] - Checking timeout

2023-11-23 15:14:12 - [MESSAGE][INFO] - Finding web element with id: 'Object Repository/Connexion Usager/div_MSG_FormatNonRespecte' located by 'By.xpath: //*/app-input[1]/div/div/div[1]/div[2]/div/span[2]' in '1' second(s)

2023-11-23 15:14:12 - [MESSAGE][INFO] - Smart Wait Function is triggered

2023-11-23 15:14:12 - [MESSAGE][INFO] - Found 1 web elements with id: 'Object Repository/Connexion Usager/div_MSG_FormatNonRespecte' located by 'By.xpath: //*/app-input[1]/div/div/div[1]/div[2]/div/span[2]' in '1' second(s)

2023-11-23 15:14:12 - [MESSAGE][PASSED] - Object 'Object Repository/Connexion Usager/div_MSG_FormatNonRespecte' is present

2023-11-23 15:14:12 - [TEST_STEP][PASSED] - println("CrÃ©er un mot de passe sans minuscule"): null

2023-11-23 15:14:12 - [TEST_STEP][PASSED] - setText(findTestObject("Object Repository/Connexion Usager/Input_Password"), "HHIZAOUI001!"): Text 'HHIZAOUI001!' is set on object 'Object Repository/Connexion Usager/Input_Password'

2023-11-23 15:14:12 - [MESSAGE][INFO] - Finding Test Object 'Object Repository/Connexion Usager/Input_Password'

2023-11-23 15:14:12 - [MESSAGE][INFO] - Checking timeout

2023-11-23 15:14:12 - [MESSAGE][INFO] - Finding web element with id: 'Object Repository/Connexion Usager/Input_Password' located by 'By.xpath: //*/app-input[1]/div/div/input [@type = 'password']' in '20' second(s)

2023-11-23 15:14:12 - [MESSAGE][INFO] - Smart Wait Function is triggered

2023-11-23 15:14:12 - [MESSAGE][INFO] - Found 1 web elements with id: 'Object Repository/Connexion Usager/Input_Password' located by 'By.xpath: //*/app-input[1]/div/div/input [@type = 'password']' in '20' second(s)

2023-11-23 15:14:12 - [MESSAGE][INFO] - Checking object

2023-11-23 15:14:12 - [MESSAGE][INFO] - Checking text

2023-11-23 15:14:12 - [MESSAGE][INFO] - Finding web element from Test Object's properties

2023-11-23 15:14:12 - [MESSAGE][INFO] - Checking timeout

2023-11-23 15:14:12 - [MESSAGE][INFO] - Finding web element with id: 'Object Repository/Connexion Usager/Input_Password' located by 'By.xpath: //*/app-input[1]/div/div/input [@type = 'password']' in '5' second(s)

2023-11-23 15:14:12 - [MESSAGE][INFO] - Smart Wait Function is triggered

2023-11-23 15:14:12 - [MESSAGE][INFO] - Found 1 web elements with id: 'Object Repository/Connexion Usager/Input_Password' located by 'By.xpath: //*/app-input[1]/div/div/input [@type = 'password']' in '5' second(s)

2023-11-23 15:14:12 - [MESSAGE][INFO] - Clearing text of object 'Object Repository/Connexion Usager/Input_Password'

2023-11-23 15:14:14 - [MESSAGE][INFO] - Finding web element from Test Object's properties

2023-11-23 15:14:14 - [MESSAGE][INFO] - Checking timeout

2023-11-23 15:14:14 - [MESSAGE][INFO] - Finding web element with id: 'Object Repository/Connexion Usager/Input_Password' located by 'By.xpath: //*/app-input[1]/div/div/input [@type = 'password']' in '5' second(s)

2023-11-23 15:14:14 - [MESSAGE][INFO] - Smart Wait Function is triggered

2023-11-23 15:14:14 - [MESSAGE][INFO] - Found 1 web elements with id: 'Object Repository/Connexion Usager/Input_Password' located by 'By.xpath: //*/app-input[1]/div/div/input [@type = 'password']' in '5' second(s)

2023-11-23 15:14:14 - [MESSAGE][INFO] - Setting text of object 'Object Repository/Connexion Usager/Input_Password' to value 'HHIZAOUI001!'

2023-11-23 15:14:16 - [MESSAGE][PASSED] - Text 'HHIZAOUI001!' is set on object 'Object Repository/Connexion Usager/Input_Password'

2023-11-23 15:14:16 - [TEST_STEP][PASSED] - setText(findTestObject("Object Repository/Connexion Usager/Input_ConfirmePassword"), "HHIZAOUI001!"): Text 'HHIZAOUI001!' is set on object 'Object Repository/Connexion Usager/Input_ConfirmePassword'

2023-11-23 15:14:16 - [MESSAGE][INFO] - Finding Test Object 'Object Repository/Connexion Usager/Input_ConfirmePassword'

2023-11-23 15:14:16 - [MESSAGE][INFO] - Checking timeout

2023-11-23 15:14:16 - [MESSAGE][INFO] - Finding web element with id: 'Object Repository/Connexion Usager/Input_ConfirmePassword' located by 'By.xpath: //*/app-input[2]/div/div/input [@type = 'password']' in '20' second(s)

2023-11-23 15:14:16 - [MESSAGE][INFO] - Smart Wait Function is triggered

2023-11-23 15:14:16 - [MESSAGE][INFO] - Found 1 web elements with id: 'Object Repository/Connexion Usager/Input_ConfirmePassword' located by 'By.xpath: //*/app-input[2]/div/div/input [@type = 'password']' in '20' second(s)

2023-11-23 15:14:16 - [MESSAGE][INFO] - Checking object

2023-11-23 15:14:16 - [MESSAGE][INFO] - Checking text

2023-11-23 15:14:16 - [MESSAGE][INFO] - Finding web element from Test Object's properties

2023-11-23 15:14:16 - [MESSAGE][INFO] - Checking timeout

2023-11-23 15:14:16 - [MESSAGE][INFO] - Finding web element with id: 'Object Repository/Connexion Usager/Input_ConfirmePassword' located by 'By.xpath: //*/app-input[2]/div/div/input [@type = 'password']' in '5' second(s)

2023-11-23 15:14:16 - [MESSAGE][INFO] - Smart Wait Function is triggered

2023-11-23 15:14:17 - [MESSAGE][INFO] - Found 1 web elements with id: 'Object Repository/Connexion Usager/Input_ConfirmePassword' located by 'By.xpath: //*/app-input[2]/div/div/input [@type = 'password']' in '5' second(s)

2023-11-23 15:14:17 - [MESSAGE][INFO] - Clearing text of object 'Object Repository/Connexion Usager/Input_ConfirmePassword'

2023-11-23 15:14:19 - [MESSAGE][INFO] - Finding web element from Test Object's properties

2023-11-23 15:14:19 - [MESSAGE][INFO] - Checking timeout

2023-11-23 15:14:19 - [MESSAGE][INFO] - Finding web element with id: 'Object Repository/Connexion Usager/Input_ConfirmePassword' located by 'By.xpath: //*/app-input[2]/div/div/input [@type = 'password']' in '5' second(s)

2023-11-23 15:14:19 - [MESSAGE][INFO] - Smart Wait Function is triggered

2023-11-23 15:14:19 - [MESSAGE][INFO] - Found 1 web elements with id: 'Object Repository/Connexion Usager/Input_ConfirmePassword' located by 'By.xpath: //*/app-input[2]/div/div/input [@type = 'password']' in '5' second(s)

2023-11-23 15:14:19 - [MESSAGE][INFO] - Setting text of object 'Object Repository/Connexion Usager/Input_ConfirmePassword' to value 'HHIZAOUI001!'

2023-11-23 15:14:21 - [MESSAGE][PASSED] - Text 'HHIZAOUI001!' is set on object 'Object Repository/Connexion Usager/Input_ConfirmePassword'

2023-11-23 15:14:21 - [TEST_STEP][PASSED] - click(findTestObject("Object Repository/Connexion Usager/btn_CreerMDP")): Object: 'Object Repository/Connexion Usager/btn_CreerMDP' is clicked on

2023-11-23 15:14:21 - [MESSAGE][INFO] - Finding Test Object 'Object Repository/Connexion Usager/btn_CreerMDP'

2023-11-23 15:14:21 - [MESSAGE][INFO] - Checking timeout

2023-11-23 15:14:21 - [MESSAGE][INFO] - Finding web element with id: 'Object Repository/Connexion Usager/btn_CreerMDP' located by 'By.xpath: //*/div/p-button/button [@type= 'button']' in '20' second(s)

2023-11-23 15:14:21 - [MESSAGE][INFO] - Smart Wait Function is triggered

2023-11-23 15:14:21 - [MESSAGE][INFO] - Found 1 web elements with id: 'Object Repository/Connexion Usager/btn_CreerMDP' located by 'By.xpath: //*/div/p-button/button [@type= 'button']' in '20' second(s)

2023-11-23 15:14:21 - [MESSAGE][INFO] - Checking object

2023-11-23 15:14:21 - [MESSAGE][INFO] - Checking timeout

2023-11-23 15:14:21 - [MESSAGE][INFO] - Finding web element from Test Object's properties

2023-11-23 15:14:21 - [MESSAGE][INFO] - Checking timeout

2023-11-23 15:14:21 - [MESSAGE][INFO] - Finding web element with id: 'Object Repository/Connexion Usager/btn_CreerMDP' located by 'By.xpath: //*/div/p-button/button [@type= 'button']' in '5' second(s)

2023-11-23 15:14:21 - [MESSAGE][INFO] - Smart Wait Function is triggered

2023-11-23 15:14:21 - [MESSAGE][INFO] - Found 1 web elements with id: 'Object Repository/Connexion Usager/btn_CreerMDP' located by 'By.xpath: //*/div/p-button/button [@type= 'button']' in '5' second(s)

2023-11-23 15:14:21 - [MESSAGE][INFO] - Clicking on object: 'Object Repository/Connexion Usager/btn_CreerMDP'

2023-11-23 15:14:23 - [MESSAGE][PASSED] - Object: 'Object Repository/Connexion Usager/btn_CreerMDP' is clicked on

2023-11-23 15:14:23 - [TEST_STEP][PASSED] - verifyElementPresent(findTestObject("Object Repository/Connexion Usager/div_MSG_FormatNonRespecte"), 1): Object 'Object Repository/Connexion Usager/div_MSG_FormatNonRespecte' is present

2023-11-23 15:14:23 - [MESSAGE][INFO] - Finding Test Object 'Object Repository/Connexion Usager/div_MSG_FormatNonRespecte'

2023-11-23 15:14:23 - [MESSAGE][INFO] - Checking object

2023-11-23 15:14:23 - [MESSAGE][INFO] - Finding web element from Test Object's properties

2023-11-23 15:14:23 - [MESSAGE][INFO] - Checking timeout

2023-11-23 15:14:23 - [MESSAGE][INFO] - Finding web element with id: 'Object Repository/Connexion Usager/div_MSG_FormatNonRespecte' located by 'By.xpath: //*/app-input[1]/div/div/div[1]/div[2]/div/span[2]' in '1' second(s)

2023-11-23 15:14:23 - [MESSAGE][INFO] - Smart Wait Function is triggered

2023-11-23 15:14:23 - [MESSAGE][INFO] - Found 1 web elements with id: 'Object Repository/Connexion Usager/div_MSG_FormatNonRespecte' located by 'By.xpath: //*/app-input[1]/div/div/div[1]/div[2]/div/span[2]' in '1' second(s)

2023-11-23 15:14:23 - [MESSAGE][PASSED] - Object 'Object Repository/Connexion Usager/div_MSG_FormatNonRespecte' is present

2023-11-23 15:14:23 - [TEST_STEP][PASSED] - println("CrÃ©er un mot de passe sans caractÃ¨re spÃ©cial"): null

2023-11-23 15:14:23 - [TEST_STEP][PASSED] - setText(findTestObject("Object Repository/Connexion Usager/Input_Password"), "HHizaoui0010"): Text 'HHizaoui0010' is set on object 'Object Repository/Connexion Usager/Input_Password'

2023-11-23 15:14:23 - [MESSAGE][INFO] - Finding Test Object 'Object Repository/Connexion Usager/Input_Password'

2023-11-23 15:14:23 - [MESSAGE][INFO] - Checking timeout

2023-11-23 15:14:23 - [MESSAGE][INFO] - Finding web element with id: 'Object Repository/Connexion Usager/Input_Password' located by 'By.xpath: //*/app-input[1]/div/div/input [@type = 'password']' in '20' second(s)

2023-11-23 15:14:23 - [MESSAGE][INFO] - Smart Wait Function is triggered

2023-11-23 15:14:23 - [MESSAGE][INFO] - Found 1 web elements with id: 'Object Repository/Connexion Usager/Input_Password' located by 'By.xpath: //*/app-input[1]/div/div/input [@type = 'password']' in '20' second(s)

2023-11-23 15:14:23 - [MESSAGE][INFO] - Checking object

2023-11-23 15:14:23 - [MESSAGE][INFO] - Checking text

2023-11-23 15:14:23 - [MESSAGE][INFO] - Finding web element from Test Object's properties

2023-11-23 15:14:23 - [MESSAGE][INFO] - Checking timeout

2023-11-23 15:14:23 - [MESSAGE][INFO] - Finding web element with id: 'Object Repository/Connexion Usager/Input_Password' located by 'By.xpath: //*/app-input[1]/div/div/input [@type = 'password']' in '5' second(s)

2023-11-23 15:14:23 - [MESSAGE][INFO] - Smart Wait Function is triggered

2023-11-23 15:14:23 - [MESSAGE][INFO] - Found 1 web elements with id: 'Object Repository/Connexion Usager/Input_Password' located by 'By.xpath: //*/app-input[1]/div/div/input [@type = 'password']' in '5' second(s)

2023-11-23 15:14:23 - [MESSAGE][INFO] - Clearing text of object 'Object Repository/Connexion Usager/Input_Password'

2023-11-23 15:14:25 - [MESSAGE][INFO] - Finding web element from Test Object's properties

2023-11-23 15:14:25 - [MESSAGE][INFO] - Checking timeout

2023-11-23 15:14:25 - [MESSAGE][INFO] - Finding web element with id: 'Object Repository/Connexion Usager/Input_Password' located by 'By.xpath: //*/app-input[1]/div/div/input [@type = 'password']' in '5' second(s)

2023-11-23 15:14:25 - [MESSAGE][INFO] - Smart Wait Function is triggered

2023-11-23 15:14:25 - [MESSAGE][INFO] - Found 1 web elements with id: 'Object Repository/Connexion Usager/Input_Password' located by 'By.xpath: //*/app-input[1]/div/div/input [@type = 'password']' in '5' second(s)

2023-11-23 15:14:25 - [MESSAGE][INFO] - Setting text of object 'Object Repository/Connexion Usager/Input_Password' to value 'HHizaoui0010'

2023-11-23 15:14:27 - [MESSAGE][PASSED] - Text 'HHizaoui0010' is set on object 'Object Repository/Connexion Usager/Input_Password'

2023-11-23 15:14:27 - [TEST_STEP][PASSED] - setText(findTestObject("Object Repository/Connexion Usager/Input_ConfirmePassword"), "HHizaoui0010"): Text 'HHizaoui0010' is set on object 'Object Repository/Connexion Usager/Input_ConfirmePassword'

2023-11-23 15:14:27 - [MESSAGE][INFO] - Finding Test Object 'Object Repository/Connexion Usager/Input_ConfirmePassword'

2023-11-23 15:14:27 - [MESSAGE][INFO] - Checking timeout

2023-11-23 15:14:27 - [MESSAGE][INFO] - Finding web element with id: 'Object Repository/Connexion Usager/Input_ConfirmePassword' located by 'By.xpath: //*/app-input[2]/div/div/input [@type = 'password']' in '20' second(s)

2023-11-23 15:14:27 - [MESSAGE][INFO] - Smart Wait Function is triggered

2023-11-23 15:14:27 - [MESSAGE][INFO] - Found 1 web elements with id: 'Object Repository/Connexion Usager/Input_ConfirmePassword' located by 'By.xpath: //*/app-input[2]/div/div/input [@type = 'password']' in '20' second(s)

2023-11-23 15:14:27 - [MESSAGE][INFO] - Checking object

2023-11-23 15:14:27 - [MESSAGE][INFO] - Checking text

2023-11-23 15:14:27 - [MESSAGE][INFO] - Finding web element from Test Object's properties

2023-11-23 15:14:27 - [MESSAGE][INFO] - Checking timeout

2023-11-23 15:14:27 - [MESSAGE][INFO] - Finding web element with id: 'Object Repository/Connexion Usager/Input_ConfirmePassword' located by 'By.xpath: //*/app-input[2]/div/div/input [@type = 'password']' in '5' second(s)

2023-11-23 15:14:27 - [MESSAGE][INFO] - Smart Wait Function is triggered

2023-11-23 15:14:28 - [MESSAGE][INFO] - Found 1 web elements with id: 'Object Repository/Connexion Usager/Input_ConfirmePassword' located by 'By.xpath: //*/app-input[2]/div/div/input [@type = 'password']' in '5' second(s)

2023-11-23 15:14:28 - [MESSAGE][INFO] - Clearing text of object 'Object Repository/Connexion Usager/Input_ConfirmePassword'

2023-11-23 15:14:30 - [MESSAGE][INFO] - Finding web element from Test Object's properties

2023-11-23 15:14:30 - [MESSAGE][INFO] - Checking timeout

2023-11-23 15:14:30 - [MESSAGE][INFO] - Finding web element with id: 'Object Repository/Connexion Usager/Input_ConfirmePassword' located by 'By.xpath: //*/app-input[2]/div/div/input [@type = 'password']' in '5' second(s)

2023-11-23 15:14:30 - [MESSAGE][INFO] - Smart Wait Function is triggered

2023-11-23 15:14:30 - [MESSAGE][INFO] - Found 1 web elements with id: 'Object Repository/Connexion Usager/Input_ConfirmePassword' located by 'By.xpath: //*/app-input[2]/div/div/input [@type = 'password']' in '5' second(s)

2023-11-23 15:14:30 - [MESSAGE][INFO] - Setting text of object 'Object Repository/Connexion Usager/Input_ConfirmePassword' to value 'HHizaoui0010'

2023-11-23 15:14:32 - [MESSAGE][PASSED] - Text 'HHizaoui0010' is set on object 'Object Repository/Connexion Usager/Input_ConfirmePassword'

2023-11-23 15:14:32 - [TEST_STEP][PASSED] - click(findTestObject("Object Repository/Connexion Usager/btn_CreerMDP")): Object: 'Object Repository/Connexion Usager/btn_CreerMDP' is clicked on

2023-11-23 15:14:32 - [MESSAGE][INFO] - Finding Test Object 'Object Repository/Connexion Usager/btn_CreerMDP'

2023-11-23 15:14:32 - [MESSAGE][INFO] - Checking timeout

2023-11-23 15:14:32 - [MESSAGE][INFO] - Finding web element with id: 'Object Repository/Connexion Usager/btn_CreerMDP' located by 'By.xpath: //*/div/p-button/button [@type= 'button']' in '20' second(s)

2023-11-23 15:14:32 - [MESSAGE][INFO] - Smart Wait Function is triggered

2023-11-23 15:14:32 - [MESSAGE][INFO] - Found 1 web elements with id: 'Object Repository/Connexion Usager/btn_CreerMDP' located by 'By.xpath: //*/div/p-button/button [@type= 'button']' in '20' second(s)

2023-11-23 15:14:32 - [MESSAGE][INFO] - Checking object

2023-11-23 15:14:32 - [MESSAGE][INFO] - Checking timeout

2023-11-23 15:14:32 - [MESSAGE][INFO] - Finding web element from Test Object's properties

2023-11-23 15:14:32 - [MESSAGE][INFO] - Checking timeout

2023-11-23 15:14:32 - [MESSAGE][INFO] - Finding web element with id: 'Object Repository/Connexion Usager/btn_CreerMDP' located by 'By.xpath: //*/div/p-button/button [@type= 'button']' in '5' second(s)

2023-11-23 15:14:32 - [MESSAGE][INFO] - Smart Wait Function is triggered

2023-11-23 15:14:32 - [MESSAGE][INFO] - Found 1 web elements with id: 'Object Repository/Connexion Usager/btn_CreerMDP' located by 'By.xpath: //*/div/p-button/button [@type= 'button']' in '5' second(s)

2023-11-23 15:14:32 - [MESSAGE][INFO] - Clicking on object: 'Object Repository/Connexion Usager/btn_CreerMDP'

2023-11-23 15:14:34 - [MESSAGE][PASSED] - Object: 'Object Repository/Connexion Usager/btn_CreerMDP' is clicked on

2023-11-23 15:14:34 - [TEST_STEP][PASSED] - verifyElementPresent(findTestObject("Object Repository/Connexion Usager/div_MSG_FormatNonRespecte"), 1): Object 'Object Repository/Connexion Usager/div_MSG_FormatNonRespecte' is present

2023-11-23 15:14:34 - [MESSAGE][INFO] - Finding Test Object 'Object Repository/Connexion Usager/div_MSG_FormatNonRespecte'

2023-11-23 15:14:34 - [MESSAGE][INFO] - Checking object

2023-11-23 15:14:34 - [MESSAGE][INFO] - Finding web element from Test Object's properties

2023-11-23 15:14:34 - [MESSAGE][INFO] - Checking timeout

2023-11-23 15:14:34 - [MESSAGE][INFO] - Finding web element with id: 'Object Repository/Connexion Usager/div_MSG_FormatNonRespecte' located by 'By.xpath: //*/app-input[1]/div/div/div[1]/div[2]/div/span[2]' in '1' second(s)

2023-11-23 15:14:34 - [MESSAGE][INFO] - Smart Wait Function is triggered

2023-11-23 15:14:34 - [MESSAGE][INFO] - Found 1 web elements with id: 'Object Repository/Connexion Usager/div_MSG_FormatNonRespecte' located by 'By.xpath: //*/app-input[1]/div/div/div[1]/div[2]/div/span[2]' in '1' second(s)

2023-11-23 15:14:34 - [MESSAGE][PASSED] - Object 'Object Repository/Connexion Usager/div_MSG_FormatNonRespecte' is present

2023-11-23 15:14:34 - [TEST_STEP][PASSED] - println("CrÃ©er un mot de passe sans chiffre"): null

2023-11-23 15:14:34 - [TEST_STEP][PASSED] - setText(findTestObject("Object Repository/Connexion Usager/Input_Password"), "HHizaouihiza!"): Text 'HHizaouihiza!' is set on object 'Object Repository/Connexion Usager/Input_Password'

2023-11-23 15:14:34 - [MESSAGE][INFO] - Finding Test Object 'Object Repository/Connexion Usager/Input_Password'

2023-11-23 15:14:34 - [MESSAGE][INFO] - Checking timeout

2023-11-23 15:14:34 - [MESSAGE][INFO] - Finding web element with id: 'Object Repository/Connexion Usager/Input_Password' located by 'By.xpath: //*/app-input[1]/div/div/input [@type = 'password']' in '20' second(s)

2023-11-23 15:14:34 - [MESSAGE][INFO] - Smart Wait Function is triggered

2023-11-23 15:14:34 - [MESSAGE][INFO] - Found 1 web elements with id: 'Object Repository/Connexion Usager/Input_Password' located by 'By.xpath: //*/app-input[1]/div/div/input [@type = 'password']' in '20' second(s)

2023-11-23 15:14:34 - [MESSAGE][INFO] - Checking object

2023-11-23 15:14:34 - [MESSAGE][INFO] - Checking text

2023-11-23 15:14:34 - [MESSAGE][INFO] - Finding web element from Test Object's properties

2023-11-23 15:14:34 - [MESSAGE][INFO] - Checking timeout

2023-11-23 15:14:34 - [MESSAGE][INFO] - Finding web element with id: 'Object Repository/Connexion Usager/Input_Password' located by 'By.xpath: //*/app-input[1]/div/div/input [@type = 'password']' in '5' second(s)

2023-11-23 15:14:34 - [MESSAGE][INFO] - Smart Wait Function is triggered

2023-11-23 15:14:34 - [MESSAGE][INFO] - Found 1 web elements with id: 'Object Repository/Connexion Usager/Input_Password' located by 'By.xpath: //*/app-input[1]/div/div/input [@type = 'password']' in '5' second(s)

2023-11-23 15:14:34 - [MESSAGE][INFO] - Clearing text of object 'Object Repository/Connexion Usager/Input_Password'

2023-11-23 15:14:36 - [MESSAGE][INFO] - Finding web element from Test Object's properties

2023-11-23 15:14:36 - [MESSAGE][INFO] - Checking timeout

2023-11-23 15:14:36 - [MESSAGE][INFO] - Finding web element with id: 'Object Repository/Connexion Usager/Input_Password' located by 'By.xpath: //*/app-input[1]/div/div/input [@type = 'password']' in '5' second(s)

2023-11-23 15:14:36 - [MESSAGE][INFO] - Smart Wait Function is triggered

2023-11-23 15:14:36 - [MESSAGE][INFO] - Found 1 web elements with id: 'Object Repository/Connexion Usager/Input_Password' located by 'By.xpath: //*/app-input[1]/div/div/input [@type = 'password']' in '5' second(s)

2023-11-23 15:14:36 - [MESSAGE][INFO] - Setting text of object 'Object Repository/Connexion Usager/Input_Password' to value 'HHizaouihiza!'

2023-11-23 15:14:38 - [MESSAGE][PASSED] - Text 'HHizaouihiza!' is set on object 'Object Repository/Connexion Usager/Input_Password'

2023-11-23 15:14:38 - [TEST_STEP][PASSED] - setText(findTestObject("Object Repository/Connexion Usager/Input_ConfirmePassword"), "HHizaouihiza!"): Text 'HHizaouihiza!' is set on object 'Object Repository/Connexion Usager/Input_ConfirmePassword'

2023-11-23 15:14:38 - [MESSAGE][INFO] - Finding Test Object 'Object Repository/Connexion Usager/Input_ConfirmePassword'

2023-11-23 15:14:38 - [MESSAGE][INFO] - Checking timeout

2023-11-23 15:14:38 - [MESSAGE][INFO] - Finding web element with id: 'Object Repository/Connexion Usager/Input_ConfirmePassword' located by 'By.xpath: //*/app-input[2]/div/div/input [@type = 'password']' in '20' second(s)

2023-11-23 15:14:38 - [MESSAGE][INFO] - Smart Wait Function is triggered

2023-11-23 15:14:38 - [MESSAGE][INFO] - Found 1 web elements with id: 'Object Repository/Connexion Usager/Input_ConfirmePassword' located by 'By.xpath: //*/app-input[2]/div/div/input [@type = 'password']' in '20' second(s)

2023-11-23 15:14:39 - [MESSAGE][INFO] - Checking object

2023-11-23 15:14:39 - [MESSAGE][INFO] - Checking text

2023-11-23 15:14:39 - [MESSAGE][INFO] - Finding web element from Test Object's properties

2023-11-23 15:14:39 - [MESSAGE][INFO] - Checking timeout

2023-11-23 15:14:39 - [MESSAGE][INFO] - Finding web element with id: 'Object Repository/Connexion Usager/Input_ConfirmePassword' located by 'By.xpath: //*/app-input[2]/div/div/input [@type = 'password']' in '5' second(s)

2023-11-23 15:14:39 - [MESSAGE][INFO] - Smart Wait Function is triggered

2023-11-23 15:14:39 - [MESSAGE][INFO] - Found 1 web elements with id: 'Object Repository/Connexion Usager/Input_ConfirmePassword' located by 'By.xpath: //*/app-input[2]/div/div/input [@type = 'password']' in '5' second(s)

2023-11-23 15:14:39 - [MESSAGE][INFO] - Clearing text of object 'Object Repository/Connexion Usager/Input_ConfirmePassword'

2023-11-23 15:14:41 - [MESSAGE][INFO] - Finding web element from Test Object's properties

2023-11-23 15:14:41 - [MESSAGE][INFO] - Checking timeout

2023-11-23 15:14:41 - [MESSAGE][INFO] - Finding web element with id: 'Object Repository/Connexion Usager/Input_ConfirmePassword' located by 'By.xpath: //*/app-input[2]/div/div/input [@type = 'password']' in '5' second(s)

2023-11-23 15:14:41 - [MESSAGE][INFO] - Smart Wait Function is triggered

2023-11-23 15:14:41 - [MESSAGE][INFO] - Found 1 web elements with id: 'Object Repository/Connexion Usager/Input_ConfirmePassword' located by 'By.xpath: //*/app-input[2]/div/div/input [@type = 'password']' in '5' second(s)

2023-11-23 15:14:41 - [MESSAGE][INFO] - Setting text of object 'Object Repository/Connexion Usager/Input_ConfirmePassword' to value 'HHizaouihiza!'

2023-11-23 15:14:43 - [MESSAGE][PASSED] - Text 'HHizaouihiza!' is set on object 'Object Repository/Connexion Usager/Input_ConfirmePassword'

2023-11-23 15:14:43 - [TEST_STEP][PASSED] - click(findTestObject("Object Repository/Connexion Usager/btn_CreerMDP")): Object: 'Object Repository/Connexion Usager/btn_CreerMDP' is clicked on

2023-11-23 15:14:43 - [MESSAGE][INFO] - Finding Test Object 'Object Repository/Connexion Usager/btn_CreerMDP'

2023-11-23 15:14:43 - [MESSAGE][INFO] - Checking timeout

2023-11-23 15:14:43 - [MESSAGE][INFO] - Finding web element with id: 'Object Repository/Connexion Usager/btn_CreerMDP' located by 'By.xpath: //*/div/p-button/button [@type= 'button']' in '20' second(s)

2023-11-23 15:14:43 - [MESSAGE][INFO] - Smart Wait Function is triggered

2023-11-23 15:14:43 - [MESSAGE][INFO] - Found 1 web elements with id: 'Object Repository/Connexion Usager/btn_CreerMDP' located by 'By.xpath: //*/div/p-button/button [@type= 'button']' in '20' second(s)

2023-11-23 15:14:43 - [MESSAGE][INFO] - Checking object

2023-11-23 15:14:43 - [MESSAGE][INFO] - Checking timeout

2023-11-23 15:14:43 - [MESSAGE][INFO] - Finding web element from Test Object's properties

2023-11-23 15:14:43 - [MESSAGE][INFO] - Checking timeout

2023-11-23 15:14:43 - [MESSAGE][INFO] - Finding web element with id: 'Object Repository/Connexion Usager/btn_CreerMDP' located by 'By.xpath: //*/div/p-button/button [@type= 'button']' in '5' second(s)

2023-11-23 15:14:43 - [MESSAGE][INFO] - Smart Wait Function is triggered

2023-11-23 15:14:43 - [MESSAGE][INFO] - Found 1 web elements with id: 'Object Repository/Connexion Usager/btn_CreerMDP' located by 'By.xpath: //*/div/p-button/button [@type= 'button']' in '5' second(s)

2023-11-23 15:14:43 - [MESSAGE][INFO] - Clicking on object: 'Object Repository/Connexion Usager/btn_CreerMDP'

2023-11-23 15:14:45 - [MESSAGE][PASSED] - Object: 'Object Repository/Connexion Usager/btn_CreerMDP' is clicked on

2023-11-23 15:14:45 - [TEST_STEP][PASSED] - verifyElementPresent(findTestObject("Object Repository/Connexion Usager/div_MSG_FormatNonRespecte"), 1): Object 'Object Repository/Connexion Usager/div_MSG_FormatNonRespecte' is present

2023-11-23 15:14:45 - [MESSAGE][INFO] - Finding Test Object 'Object Repository/Connexion Usager/div_MSG_FormatNonRespecte'

2023-11-23 15:14:45 - [MESSAGE][INFO] - Checking object

2023-11-23 15:14:45 - [MESSAGE][INFO] - Finding web element from Test Object's properties

2023-11-23 15:14:45 - [MESSAGE][INFO] - Checking timeout

2023-11-23 15:14:45 - [MESSAGE][INFO] - Finding web element with id: 'Object Repository/Connexion Usager/div_MSG_FormatNonRespecte' located by 'By.xpath: //*/app-input[1]/div/div/div[1]/div[2]/div/span[2]' in '1' second(s)

2023-11-23 15:14:45 - [MESSAGE][INFO] - Smart Wait Function is triggered

2023-11-23 15:14:45 - [MESSAGE][INFO] - Found 1 web elements with id: 'Object Repository/Connexion Usager/div_MSG_FormatNonRespecte' located by 'By.xpath: //*/app-input[1]/div/div/div[1]/div[2]/div/span[2]' in '1' second(s)

2023-11-23 15:14:45 - [MESSAGE][PASSED] - Object 'Object Repository/Connexion Usager/div_MSG_FormatNonRespecte' is present

2023-11-23 15:14:45 - [TEST_STEP][PASSED] - println("Saisir 2 mots de passe diffÃ©rents"): null

2023-11-23 15:14:45 - [TEST_STEP][PASSED] - setText(findTestObject("Object Repository/Connexion Usager/Input_Password"), "HHizaoui001!"): Text 'HHizaoui001!' is set on object 'Object Repository/Connexion Usager/Input_Password'

2023-11-23 15:14:45 - [MESSAGE][INFO] - Finding Test Object 'Object Repository/Connexion Usager/Input_Password'

2023-11-23 15:14:45 - [MESSAGE][INFO] - Checking timeout

2023-11-23 15:14:45 - [MESSAGE][INFO] - Finding web element with id: 'Object Repository/Connexion Usager/Input_Password' located by 'By.xpath: //*/app-input[1]/div/div/input [@type = 'password']' in '20' second(s)

2023-11-23 15:14:45 - [MESSAGE][INFO] - Smart Wait Function is triggered

2023-11-23 15:14:45 - [MESSAGE][INFO] - Found 1 web elements with id: 'Object Repository/Connexion Usager/Input_Password' located by 'By.xpath: //*/app-input[1]/div/div/input [@type = 'password']' in '20' second(s)

2023-11-23 15:14:45 - [MESSAGE][INFO] - Checking object

2023-11-23 15:14:45 - [MESSAGE][INFO] - Checking text

2023-11-23 15:14:45 - [MESSAGE][INFO] - Finding web element from Test Object's properties

2023-11-23 15:14:45 - [MESSAGE][INFO] - Checking timeout

2023-11-23 15:14:45 - [MESSAGE][INFO] - Finding web element with id: 'Object Repository/Connexion Usager/Input_Password' located by 'By.xpath: //*/app-input[1]/div/div/input [@type = 'password']' in '5' second(s)

2023-11-23 15:14:45 - [MESSAGE][INFO] - Smart Wait Function is triggered

2023-11-23 15:14:45 - [MESSAGE][INFO] - Found 1 web elements with id: 'Object Repository/Connexion Usager/Input_Password' located by 'By.xpath: //*/app-input[1]/div/div/input [@type = 'password']' in '5' second(s)

2023-11-23 15:14:45 - [MESSAGE][INFO] - Clearing text of object 'Object Repository/Connexion Usager/Input_Password'

2023-11-23 15:14:47 - [MESSAGE][INFO] - Finding web element from Test Object's properties

2023-11-23 15:14:47 - [MESSAGE][INFO] - Checking timeout

2023-11-23 15:14:47 - [MESSAGE][INFO] - Finding web element with id: 'Object Repository/Connexion Usager/Input_Password' located by 'By.xpath: //*/app-input[1]/div/div/input [@type = 'password']' in '5' second(s)

2023-11-23 15:14:47 - [MESSAGE][INFO] - Smart Wait Function is triggered

2023-11-23 15:14:47 - [MESSAGE][INFO] - Found 1 web elements with id: 'Object Repository/Connexion Usager/Input_Password' located by 'By.xpath: //*/app-input[1]/div/div/input [@type = 'password']' in '5' second(s)

2023-11-23 15:14:47 - [MESSAGE][INFO] - Setting text of object 'Object Repository/Connexion Usager/Input_Password' to value 'HHizaoui001!'

2023-11-23 15:14:50 - [MESSAGE][PASSED] - Text 'HHizaoui001!' is set on object 'Object Repository/Connexion Usager/Input_Password'

2023-11-23 15:14:50 - [TEST_STEP][PASSED] - setText(findTestObject("Object Repository/Connexion Usager/Input_ConfirmePassword"), "HHizaoui001!def"): Text 'HHizaoui001!def' is set on object 'Object Repository/Connexion Usager/Input_ConfirmePassword'

2023-11-23 15:14:50 - [MESSAGE][INFO] - Finding Test Object 'Object Repository/Connexion Usager/Input_ConfirmePassword'

2023-11-23 15:14:50 - [MESSAGE][INFO] - Checking timeout

2023-11-23 15:14:50 - [MESSAGE][INFO] - Finding web element with id: 'Object Repository/Connexion Usager/Input_ConfirmePassword' located by 'By.xpath: //*/app-input[2]/div/div/input [@type = 'password']' in '20' second(s)

2023-11-23 15:14:50 - [MESSAGE][INFO] - Smart Wait Function is triggered

2023-11-23 15:14:50 - [MESSAGE][INFO] - Found 1 web elements with id: 'Object Repository/Connexion Usager/Input_ConfirmePassword' located by 'By.xpath: //*/app-input[2]/div/div/input [@type = 'password']' in '20' second(s)

2023-11-23 15:14:50 - [MESSAGE][INFO] - Checking object

2023-11-23 15:14:50 - [MESSAGE][INFO] - Checking text

2023-11-23 15:14:50 - [MESSAGE][INFO] - Finding web element from Test Object's properties

2023-11-23 15:14:50 - [MESSAGE][INFO] - Checking timeout

2023-11-23 15:14:50 - [MESSAGE][INFO] - Finding web element with id: 'Object Repository/Connexion Usager/Input_ConfirmePassword' located by 'By.xpath: //*/app-input[2]/div/div/input [@type = 'password']' in '5' second(s)

2023-11-23 15:14:50 - [MESSAGE][INFO] - Smart Wait Function is triggered

2023-11-23 15:14:50 - [MESSAGE][INFO] - Found 1 web elements with id: 'Object Repository/Connexion Usager/Input_ConfirmePassword' located by 'By.xpath: //*/app-input[2]/div/div/input [@type = 'password']' in '5' second(s)

2023-11-23 15:14:50 - [MESSAGE][INFO] - Clearing text of object 'Object Repository/Connexion Usager/Input_ConfirmePassword'

2023-11-23 15:14:52 - [MESSAGE][INFO] - Finding web element from Test Object's properties

2023-11-23 15:14:52 - [MESSAGE][INFO] - Checking timeout

2023-11-23 15:14:52 - [MESSAGE][INFO] - Finding web element with id: 'Object Repository/Connexion Usager/Input_ConfirmePassword' located by 'By.xpath: //*/app-input[2]/div/div/input [@type = 'password']' in '5' second(s)

2023-11-23 15:14:52 - [MESSAGE][INFO] - Smart Wait Function is triggered

2023-11-23 15:14:52 - [MESSAGE][INFO] - Found 1 web elements with id: 'Object Repository/Connexion Usager/Input_ConfirmePassword' located by 'By.xpath: //*/app-input[2]/div/div/input [@type = 'password']' in '5' second(s)

2023-11-23 15:14:52 - [MESSAGE][INFO] - Setting text of object 'Object Repository/Connexion Usager/Input_ConfirmePassword' to value 'HHizaoui001!def'

2023-11-23 15:14:54 - [MESSAGE][PASSED] - Text 'HHizaoui001!def' is set on object 'Object Repository/Connexion Usager/Input_ConfirmePassword'

2023-11-23 15:14:54 - [TEST_STEP][PASSED] - click(findTestObject("Object Repository/Connexion Usager/btn_CreerMDP")): Object: 'Object Repository/Connexion Usager/btn_CreerMDP' is clicked on

2023-11-23 15:14:54 - [MESSAGE][INFO] - Finding Test Object 'Object Repository/Connexion Usager/btn_CreerMDP'

2023-11-23 15:14:54 - [MESSAGE][INFO] - Checking timeout

2023-11-23 15:14:54 - [MESSAGE][INFO] - Finding web element with id: 'Object Repository/Connexion Usager/btn_CreerMDP' located by 'By.xpath: //*/div/p-button/button [@type= 'button']' in '20' second(s)

2023-11-23 15:14:54 - [MESSAGE][INFO] - Smart Wait Function is triggered

2023-11-23 15:14:54 - [MESSAGE][INFO] - Found 1 web elements with id: 'Object Repository/Connexion Usager/btn_CreerMDP' located by 'By.xpath: //*/div/p-button/button [@type= 'button']' in '20' second(s)

2023-11-23 15:14:54 - [MESSAGE][INFO] - Checking object

2023-11-23 15:14:54 - [MESSAGE][INFO] - Checking timeout

2023-11-23 15:14:54 - [MESSAGE][INFO] - Finding web element from Test Object's properties

2023-11-23 15:14:54 - [MESSAGE][INFO] - Checking timeout

2023-11-23 15:14:54 - [MESSAGE][INFO] - Finding web element with id: 'Object Repository/Connexion Usager/btn_CreerMDP' located by 'By.xpath: //*/div/p-button/button [@type= 'button']' in '5' second(s)

2023-11-23 15:14:54 - [MESSAGE][INFO] - Smart Wait Function is triggered

2023-11-23 15:14:54 - [MESSAGE][INFO] - Found 1 web elements with id: 'Object Repository/Connexion Usager/btn_CreerMDP' located by 'By.xpath: //*/div/p-button/button [@type= 'button']' in '5' second(s)

2023-11-23 15:14:54 - [MESSAGE][INFO] - Clicking on object: 'Object Repository/Connexion Usager/btn_CreerMDP'

2023-11-23 15:14:56 - [MESSAGE][PASSED] - Object: 'Object Repository/Connexion Usager/btn_CreerMDP' is clicked on

2023-11-23 15:14:56 - [TEST_STEP][PASSED] - verifyElementPresent(findTestObject("Object Repository/Connexion Usager/div_ MSG_ChampsDoiventEtreIdentiques"), 1): Object 'Object Repository/Connexion Usager/div_ MSG_ChampsDoiventEtreIdentiques' is present

2023-11-23 15:14:56 - [MESSAGE][INFO] - Finding Test Object 'Object Repository/Connexion Usager/div_ MSG_ChampsDoiventEtreIdentiques'

2023-11-23 15:14:56 - [MESSAGE][INFO] - Checking object

2023-11-23 15:14:56 - [MESSAGE][INFO] - Finding web element from Test Object's properties

2023-11-23 15:14:56 - [MESSAGE][INFO] - Checking timeout

2023-11-23 15:14:56 - [MESSAGE][INFO] - Finding web element with id: 'Object Repository/Connexion Usager/div_ MSG_ChampsDoiventEtreIdentiques' located by 'By.xpath: //*/div[2]/div/div[1]/p/span' in '1' second(s)

2023-11-23 15:14:56 - [MESSAGE][INFO] - Smart Wait Function is triggered

2023-11-23 15:14:56 - [MESSAGE][INFO] - Found 1 web elements with id: 'Object Repository/Connexion Usager/div_ MSG_ChampsDoiventEtreIdentiques' located by 'By.xpath: //*/div[2]/div/div[1]/p/span' in '1' second(s)

2023-11-23 15:14:56 - [MESSAGE][PASSED] - Object 'Object Repository/Connexion Usager/div_ MSG_ChampsDoiventEtreIdentiques' is present

2023-11-23 15:14:56 - [TEST_STEP][PASSED] - println("CrÃ©er un mot de passe moins de 12 caractÃ¨res"): null

2023-11-23 15:14:56 - [TEST_STEP][PASSED] - setText(findTestObject("Object Repository/Connexion Usager/Input_Password"), "HHiza001!"): Text 'HHiza001!' is set on object 'Object Repository/Connexion Usager/Input_Password'

2023-11-23 15:14:56 - [MESSAGE][INFO] - Finding Test Object 'Object Repository/Connexion Usager/Input_Password'

2023-11-23 15:14:56 - [MESSAGE][INFO] - Checking timeout

2023-11-23 15:14:56 - [MESSAGE][INFO] - Finding web element with id: 'Object Repository/Connexion Usager/Input_Password' located by 'By.xpath: //*/app-input[1]/div/div/input [@type = 'password']' in '20' second(s)

2023-11-23 15:14:56 - [MESSAGE][INFO] - Smart Wait Function is triggered

2023-11-23 15:14:56 - [MESSAGE][INFO] - Found 1 web elements with id: 'Object Repository/Connexion Usager/Input_Password' located by 'By.xpath: //*/app-input[1]/div/div/input [@type = 'password']' in '20' second(s)

2023-11-23 15:14:56 - [MESSAGE][INFO] - Checking object

2023-11-23 15:14:56 - [MESSAGE][INFO] - Checking text

2023-11-23 15:14:56 - [MESSAGE][INFO] - Finding web element from Test Object's properties

2023-11-23 15:14:56 - [MESSAGE][INFO] - Checking timeout

2023-11-23 15:14:56 - [MESSAGE][INFO] - Finding web element with id: 'Object Repository/Connexion Usager/Input_Password' located by 'By.xpath: //*/app-input[1]/div/div/input [@type = 'password']' in '5' second(s)

2023-11-23 15:14:56 - [MESSAGE][INFO] - Smart Wait Function is triggered

2023-11-23 15:14:56 - [MESSAGE][INFO] - Found 1 web elements with id: 'Object Repository/Connexion Usager/Input_Password' located by 'By.xpath: //*/app-input[1]/div/div/input [@type = 'password']' in '5' second(s)

2023-11-23 15:14:56 - [MESSAGE][INFO] - Clearing text of object 'Object Repository/Connexion Usager/Input_Password'

2023-11-23 15:14:58 - [MESSAGE][INFO] - Finding web element from Test Object's properties

2023-11-23 15:14:58 - [MESSAGE][INFO] - Checking timeout

2023-11-23 15:14:58 - [MESSAGE][INFO] - Finding web element with id: 'Object Repository/Connexion Usager/Input_Password' located by 'By.xpath: //*/app-input[1]/div/div/input [@type = 'password']' in '5' second(s)

2023-11-23 15:14:58 - [MESSAGE][INFO] - Smart Wait Function is triggered

2023-11-23 15:14:58 - [MESSAGE][INFO] - Found 1 web elements with id: 'Object Repository/Connexion Usager/Input_Password' located by 'By.xpath: //*/app-input[1]/div/div/input [@type = 'password']' in '5' second(s)

2023-11-23 15:14:58 - [MESSAGE][INFO] - Setting text of object 'Object Repository/Connexion Usager/Input_Password' to value 'HHiza001!'

2023-11-23 15:15:01 - [MESSAGE][PASSED] - Text 'HHiza001!' is set on object 'Object Repository/Connexion Usager/Input_Password'

2023-11-23 15:15:01 - [TEST_STEP][PASSED] - setText(findTestObject("Object Repository/Connexion Usager/Input_ConfirmePassword"), "HHiza001!"): Text 'HHiza001!' is set on object 'Object Repository/Connexion Usager/Input_ConfirmePassword'

2023-11-23 15:15:01 - [MESSAGE][INFO] - Finding Test Object 'Object Repository/Connexion Usager/Input_ConfirmePassword'

2023-11-23 15:15:01 - [MESSAGE][INFO] - Checking timeout

2023-11-23 15:15:01 - [MESSAGE][INFO] - Finding web element with id: 'Object Repository/Connexion Usager/Input_ConfirmePassword' located by 'By.xpath: //*/app-input[2]/div/div/input [@type = 'password']' in '20' second(s)

2023-11-23 15:15:01 - [MESSAGE][INFO] - Smart Wait Function is triggered

2023-11-23 15:15:01 - [MESSAGE][INFO] - Found 1 web elements with id: 'Object Repository/Connexion Usager/Input_ConfirmePassword' located by 'By.xpath: //*/app-input[2]/div/div/input [@type = 'password']' in '20' second(s)

2023-11-23 15:15:01 - [MESSAGE][INFO] - Checking object

2023-11-23 15:15:01 - [MESSAGE][INFO] - Checking text

2023-11-23 15:15:01 - [MESSAGE][INFO] - Finding web element from Test Object's properties

2023-11-23 15:15:01 - [MESSAGE][INFO] - Checking timeout

2023-11-23 15:15:01 - [MESSAGE][INFO] - Finding web element with id: 'Object Repository/Connexion Usager/Input_ConfirmePassword' located by 'By.xpath: //*/app-input[2]/div/div/input [@type = 'password']' in '5' second(s)

2023-11-23 15:15:01 - [MESSAGE][INFO] - Smart Wait Function is triggered

2023-11-23 15:15:01 - [MESSAGE][INFO] - Found 1 web elements with id: 'Object Repository/Connexion Usager/Input_ConfirmePassword' located by 'By.xpath: //*/app-input[2]/div/div/input [@type = 'password']' in '5' second(s)

2023-11-23 15:15:01 - [MESSAGE][INFO] - Clearing text of object 'Object Repository/Connexion Usager/Input_ConfirmePassword'

2023-11-23 15:15:03 - [MESSAGE][INFO] - Finding web element from Test Object's properties

2023-11-23 15:15:03 - [MESSAGE][INFO] - Checking timeout

2023-11-23 15:15:03 - [MESSAGE][INFO] - Finding web element with id: 'Object Repository/Connexion Usager/Input_ConfirmePassword' located by 'By.xpath: //*/app-input[2]/div/div/input [@type = 'password']' in '5' second(s)

2023-11-23 15:15:03 - [MESSAGE][INFO] - Smart Wait Function is triggered

2023-11-23 15:15:03 - [MESSAGE][INFO] - Found 1 web elements with id: 'Object Repository/Connexion Usager/Input_ConfirmePassword' located by 'By.xpath: //*/app-input[2]/div/div/input [@type = 'password']' in '5' second(s)

2023-11-23 15:15:03 - [MESSAGE][INFO] - Setting text of object 'Object Repository/Connexion Usager/Input_ConfirmePassword' to value 'HHiza001!'

2023-11-23 15:15:05 - [MESSAGE][PASSED] - Text 'HHiza001!' is set on object 'Object Repository/Connexion Usager/Input_ConfirmePassword'

2023-11-23 15:15:05 - [TEST_STEP][PASSED] - click(findTestObject("Object Repository/Connexion Usager/btn_CreerMDP")): Object: 'Object Repository/Connexion Usager/btn_CreerMDP' is clicked on

2023-11-23 15:15:05 - [MESSAGE][INFO] - Finding Test Object 'Object Repository/Connexion Usager/btn_CreerMDP'

2023-11-23 15:15:05 - [MESSAGE][INFO] - Checking timeout

2023-11-23 15:15:05 - [MESSAGE][INFO] - Finding web element with id: 'Object Repository/Connexion Usager/btn_CreerMDP' located by 'By.xpath: //*/div/p-button/button [@type= 'button']' in '20' second(s)

2023-11-23 15:15:05 - [MESSAGE][INFO] - Smart Wait Function is triggered

2023-11-23 15:15:05 - [MESSAGE][INFO] - Found 1 web elements with id: 'Object Repository/Connexion Usager/btn_CreerMDP' located by 'By.xpath: //*/div/p-button/button [@type= 'button']' in '20' second(s)

2023-11-23 15:15:05 - [MESSAGE][INFO] - Checking object

2023-11-23 15:15:05 - [MESSAGE][INFO] - Checking timeout

2023-11-23 15:15:05 - [MESSAGE][INFO] - Finding web element from Test Object's properties

2023-11-23 15:15:05 - [MESSAGE][INFO] - Checking timeout

2023-11-23 15:15:05 - [MESSAGE][INFO] - Finding web element with id: 'Object Repository/Connexion Usager/btn_CreerMDP' located by 'By.xpath: //*/div/p-button/button [@type= 'button']' in '5' second(s)

2023-11-23 15:15:05 - [MESSAGE][INFO] - Smart Wait Function is triggered

2023-11-23 15:15:05 - [MESSAGE][INFO] - Found 1 web elements with id: 'Object Repository/Connexion Usager/btn_CreerMDP' located by 'By.xpath: //*/div/p-button/button [@type= 'button']' in '5' second(s)

2023-11-23 15:15:05 - [MESSAGE][INFO] - Clicking on object: 'Object Repository/Connexion Usager/btn_CreerMDP'

2023-11-23 15:15:07 - [MESSAGE][PASSED] - Object: 'Object Repository/Connexion Usager/btn_CreerMDP' is clicked on

2023-11-23 15:15:07 - [TEST_STEP][PASSED] - verifyElementPresent(findTestObject("Object Repository/Connexion Usager/div_MSG_FormatNonRespecte"), 1): Object 'Object Repository/Connexion Usager/div_MSG_FormatNonRespecte' is present

2023-11-23 15:15:07 - [MESSAGE][INFO] - Finding Test Object 'Object Repository/Connexion Usager/div_MSG_FormatNonRespecte'

2023-11-23 15:15:07 - [MESSAGE][INFO] - Checking object

2023-11-23 15:15:07 - [MESSAGE][INFO] - Finding web element from Test Object's properties

2023-11-23 15:15:07 - [MESSAGE][INFO] - Checking timeout

2023-11-23 15:15:07 - [MESSAGE][INFO] - Finding web element with id: 'Object Repository/Connexion Usager/div_MSG_FormatNonRespecte' located by 'By.xpath: //*/app-input[1]/div/div/div[1]/div[2]/div/span[2]' in '1' second(s)

2023-11-23 15:15:07 - [MESSAGE][INFO] - Smart Wait Function is triggered

2023-11-23 15:15:07 - [MESSAGE][INFO] - Found 1 web elements with id: 'Object Repository/Connexion Usager/div_MSG_FormatNonRespecte' located by 'By.xpath: //*/app-input[1]/div/div/div[1]/div[2]/div/span[2]' in '1' second(s)

2023-11-23 15:15:07 - [MESSAGE][PASSED] - Object 'Object Repository/Connexion Usager/div_MSG_FormatNonRespecte' is present

2023-11-23 15:15:07 - [MESSAGE][PASSED] - Call Test Case 'Test Cases/Test Reutilisable/Main/Verif_FormatNewPW' successfully

2023-11-23 15:15:07 - [TEST_STEP][PASSED] - setEncryptedText(findTestObject("Object Repository/Connexion Usager/Input_Password"), Password): Text ****** has been set on object 'Object Repository/Connexion Usager/Input_Password'

2023-11-23 15:15:07 - [MESSAGE][INFO] - Finding Test Object 'Object Repository/Connexion Usager/Input_Password'

2023-11-23 15:15:07 - [MESSAGE][INFO] - Checking timeout

2023-11-23 15:15:07 - [MESSAGE][INFO] - Finding web element with id: 'Object Repository/Connexion Usager/Input_Password' located by 'By.xpath: //*/app-input[1]/div/div/input [@type = 'password']' in '20' second(s)

2023-11-23 15:15:07 - [MESSAGE][INFO] - Smart Wait Function is triggered

2023-11-23 15:15:07 - [MESSAGE][INFO] - Found 1 web elements with id: 'Object Repository/Connexion Usager/Input_Password' located by 'By.xpath: //*/app-input[1]/div/div/input [@type = 'password']' in '20' second(s)

2023-11-23 15:15:07 - [MESSAGE][INFO] - Checking object

2023-11-23 15:15:07 - [MESSAGE][INFO] - Checking text

2023-11-23 15:15:07 - [MESSAGE][INFO] - Finding web element from Test Object's properties

2023-11-23 15:15:07 - [MESSAGE][INFO] - Checking timeout

2023-11-23 15:15:07 - [MESSAGE][INFO] - Finding web element with id: 'Object Repository/Connexion Usager/Input_Password' located by 'By.xpath: //*/app-input[1]/div/div/input [@type = 'password']' in '5' second(s)

2023-11-23 15:15:07 - [MESSAGE][INFO] - Smart Wait Function is triggered

2023-11-23 15:15:07 - [MESSAGE][INFO] - Found 1 web elements with id: 'Object Repository/Connexion Usager/Input_Password' located by 'By.xpath: //*/app-input[1]/div/div/input [@type = 'password']' in '5' second(s)

2023-11-23 15:15:07 - [MESSAGE][INFO] - Clearing text of object 'Object Repository/Connexion Usager/Input_Password'

2023-11-23 15:15:09 - [MESSAGE][INFO] - Setting  text of object 'Object Repository/Connexion Usager/Input_Password' to value ******

2023-11-23 15:15:11 - [MESSAGE][PASSED] - Text ****** has been set on object 'Object Repository/Connexion Usager/Input_Password'

2023-11-23 15:15:11 - [TEST_STEP][PASSED] - setEncryptedText(findTestObject("Object Repository/Connexion Usager/Input_ConfirmePassword"), Password): Text ****** has been set on object 'Object Repository/Connexion Usager/Input_ConfirmePassword'

2023-11-23 15:15:11 - [MESSAGE][INFO] - Finding Test Object 'Object Repository/Connexion Usager/Input_ConfirmePassword'

2023-11-23 15:15:12 - [MESSAGE][INFO] - Checking timeout

2023-11-23 15:15:12 - [MESSAGE][INFO] - Finding web element with id: 'Object Repository/Connexion Usager/Input_ConfirmePassword' located by 'By.xpath: //*/app-input[2]/div/div/input [@type = 'password']' in '20' second(s)

2023-11-23 15:15:12 - [MESSAGE][INFO] - Smart Wait Function is triggered

2023-11-23 15:15:12 - [MESSAGE][INFO] - Found 1 web elements with id: 'Object Repository/Connexion Usager/Input_ConfirmePassword' located by 'By.xpath: //*/app-input[2]/div/div/input [@type = 'password']' in '20' second(s)

2023-11-23 15:15:12 - [MESSAGE][INFO] - Checking object

2023-11-23 15:15:12 - [MESSAGE][INFO] - Checking text

2023-11-23 15:15:12 - [MESSAGE][INFO] - Finding web element from Test Object's properties

2023-11-23 15:15:12 - [MESSAGE][INFO] - Checking timeout

2023-11-23 15:15:12 - [MESSAGE][INFO] - Finding web element with id: 'Object Repository/Connexion Usager/Input_ConfirmePassword' located by 'By.xpath: //*/app-input[2]/div/div/input [@type = 'password']' in '5' second(s)

2023-11-23 15:15:12 - [MESSAGE][INFO] - Smart Wait Function is triggered

2023-11-23 15:15:12 - [MESSAGE][INFO] - Found 1 web elements with id: 'Object Repository/Connexion Usager/Input_ConfirmePassword' located by 'By.xpath: //*/app-input[2]/div/div/input [@type = 'password']' in '5' second(s)

2023-11-23 15:15:12 - [MESSAGE][INFO] - Clearing text of object 'Object Repository/Connexion Usager/Input_ConfirmePassword'

2023-11-23 15:15:14 - [MESSAGE][INFO] - Setting  text of object 'Object Repository/Connexion Usager/Input_ConfirmePassword' to value ******

2023-11-23 15:15:16 - [MESSAGE][PASSED] - Text ****** has been set on object 'Object Repository/Connexion Usager/Input_ConfirmePassword'

2023-11-23 15:15:16 - [TEST_STEP][PASSED] - click(findTestObject("Object Repository/Connexion Usager/btn_CreerMDP")): Object: 'Object Repository/Connexion Usager/btn_CreerMDP' is clicked on

2023-11-23 15:15:16 - [MESSAGE][INFO] - Finding Test Object 'Object Repository/Connexion Usager/btn_CreerMDP'

2023-11-23 15:15:16 - [MESSAGE][INFO] - Checking timeout

2023-11-23 15:15:16 - [MESSAGE][INFO] - Finding web element with id: 'Object Repository/Connexion Usager/btn_CreerMDP' located by 'By.xpath: //*/div/p-button/button [@type= 'button']' in '20' second(s)

2023-11-23 15:15:16 - [MESSAGE][INFO] - Smart Wait Function is triggered

2023-11-23 15:15:16 - [MESSAGE][INFO] - Found 1 web elements with id: 'Object Repository/Connexion Usager/btn_CreerMDP' located by 'By.xpath: //*/div/p-button/button [@type= 'button']' in '20' second(s)

2023-11-23 15:15:16 - [MESSAGE][INFO] - Checking object

2023-11-23 15:15:16 - [MESSAGE][INFO] - Checking timeout

2023-11-23 15:15:16 - [MESSAGE][INFO] - Finding web element from Test Object's properties

2023-11-23 15:15:16 - [MESSAGE][INFO] - Checking timeout

2023-11-23 15:15:16 - [MESSAGE][INFO] - Finding web element with id: 'Object Repository/Connexion Usager/btn_CreerMDP' located by 'By.xpath: //*/div/p-button/button [@type= 'button']' in '5' second(s)

2023-11-23 15:15:16 - [MESSAGE][INFO] - Smart Wait Function is triggered

2023-11-23 15:15:16 - [MESSAGE][INFO] - Found 1 web elements with id: 'Object Repository/Connexion Usager/btn_CreerMDP' located by 'By.xpath: //*/div/p-button/button [@type= 'button']' in '5' second(s)

2023-11-23 15:15:16 - [MESSAGE][INFO] - Clicking on object: 'Object Repository/Connexion Usager/btn_CreerMDP'

2023-11-23 15:15:18 - [MESSAGE][PASSED] - Object: 'Object Repository/Connexion Usager/btn_CreerMDP' is clicked on

2023-11-23 15:15:18 - [TEST_STEP][PASSED] - click(findTestObject("Object Repository/Connexion Usager/btn_span_RetourAccueil")): Object: 'Object Repository/Connexion Usager/btn_span_RetourAccueil' is clicked on

2023-11-23 15:15:18 - [MESSAGE][INFO] - Finding Test Object 'Object Repository/Connexion Usager/btn_span_RetourAccueil'

2023-11-23 15:15:18 - [MESSAGE][INFO] - Checking timeout

2023-11-23 15:15:18 - [MESSAGE][INFO] - Finding web element with id: 'Object Repository/Connexion Usager/btn_span_RetourAccueil' located by 'By.xpath: (.//*[normalize-space(text()) and normalize-space(.)='CRÃATION DE COMPTE'])[1]/following::span[2]' in '20' second(s)

2023-11-23 15:15:18 - [MESSAGE][INFO] - Smart Wait Function is triggered

2023-11-23 15:15:18 - [MESSAGE][INFO] - Smart Wait Function is triggered

2023-11-23 15:15:18 - [MESSAGE][INFO] - Smart Wait Function is triggered

2023-11-23 15:15:18 - [MESSAGE][INFO] - Smart Wait Function is triggered

2023-11-23 15:15:18 - [MESSAGE][INFO] - Smart Wait Function is triggered

2023-11-23 15:15:18 - [MESSAGE][INFO] - Smart Wait Function is triggered

2023-11-23 15:15:18 - [MESSAGE][INFO] - Smart Wait Function is triggered

2023-11-23 15:15:18 - [MESSAGE][INFO] - Smart Wait Function is triggered

2023-11-23 15:15:18 - [MESSAGE][INFO] - Smart Wait Function is triggered

2023-11-23 15:15:18 - [MESSAGE][INFO] - Smart Wait Function is triggered

2023-11-23 15:15:18 - [MESSAGE][INFO] - Smart Wait Function is triggered

2023-11-23 15:15:18 - [MESSAGE][INFO] - Smart Wait Function is triggered

2023-11-23 15:15:18 - [MESSAGE][INFO] - Smart Wait Function is triggered

2023-11-23 15:15:19 - [MESSAGE][INFO] - Smart Wait Function is triggered

2023-11-23 15:15:19 - [MESSAGE][INFO] - Smart Wait Function is triggered

2023-11-23 15:15:19 - [MESSAGE][INFO] - Smart Wait Function is triggered

2023-11-23 15:15:19 - [MESSAGE][INFO] - Smart Wait Function is triggered

2023-11-23 15:15:19 - [MESSAGE][INFO] - Smart Wait Function is triggered

2023-11-23 15:15:19 - [MESSAGE][INFO] - Smart Wait Function is triggered

2023-11-23 15:15:19 - [MESSAGE][INFO] - Smart Wait Function is triggered

2023-11-23 15:15:19 - [MESSAGE][INFO] - Smart Wait Function is triggered

2023-11-23 15:15:19 - [MESSAGE][INFO] - Smart Wait Function is triggered

2023-11-23 15:15:19 - [MESSAGE][INFO] - Smart Wait Function is triggered

2023-11-23 15:15:19 - [MESSAGE][INFO] - Smart Wait Function is triggered

2023-11-23 15:15:19 - [MESSAGE][INFO] - Smart Wait Function is triggered

2023-11-23 15:15:19 - [MESSAGE][INFO] - Smart Wait Function is triggered

2023-11-23 15:15:19 - [MESSAGE][INFO] - Smart Wait Function is triggered

2023-11-23 15:15:19 - [MESSAGE][INFO] - Smart Wait Function is triggered

2023-11-23 15:15:19 - [MESSAGE][INFO] - Smart Wait Function is triggered

2023-11-23 15:15:19 - [MESSAGE][INFO] - Smart Wait Function is triggered

2023-11-23 15:15:19 - [MESSAGE][INFO] - Smart Wait Function is triggered

2023-11-23 15:15:19 - [MESSAGE][INFO] - Smart Wait Function is triggered

2023-11-23 15:15:19 - [MESSAGE][INFO] - Smart Wait Function is triggered

2023-11-23 15:15:19 - [MESSAGE][INFO] - Smart Wait Function is triggered

2023-11-23 15:15:19 - [MESSAGE][INFO] - Smart Wait Function is triggered

2023-11-23 15:15:19 - [MESSAGE][INFO] - Smart Wait Function is triggered

2023-11-23 15:15:19 - [MESSAGE][INFO] - Smart Wait Function is triggered

2023-11-23 15:15:19 - [MESSAGE][INFO] - Smart Wait Function is triggered

2023-11-23 15:15:19 - [MESSAGE][INFO] - Smart Wait Function is triggered

2023-11-23 15:15:19 - [MESSAGE][INFO] - Smart Wait Function is triggered

2023-11-23 15:15:19 - [MESSAGE][INFO] - Found 1 web elements with id: 'Object Repository/Connexion Usager/btn_span_RetourAccueil' located by 'By.xpath: (.//*[normalize-space(text()) and normalize-space(.)='CRÃATION DE COMPTE'])[1]/following::span[2]' in '20' second(s)

2023-11-23 15:15:19 - [MESSAGE][INFO] - Checking object

2023-11-23 15:15:19 - [MESSAGE][INFO] - Checking timeout

2023-11-23 15:15:19 - [MESSAGE][INFO] - Finding web element from Test Object's properties

2023-11-23 15:15:19 - [MESSAGE][INFO] - Checking timeout

2023-11-23 15:15:19 - [MESSAGE][INFO] - Finding web element with id: 'Object Repository/Connexion Usager/btn_span_RetourAccueil' located by 'By.xpath: (.//*[normalize-space(text()) and normalize-space(.)='CRÃATION DE COMPTE'])[1]/following::span[2]' in '5' second(s)

2023-11-23 15:15:19 - [MESSAGE][INFO] - Smart Wait Function is triggered

2023-11-23 15:15:19 - [MESSAGE][INFO] - Found 1 web elements with id: 'Object Repository/Connexion Usager/btn_span_RetourAccueil' located by 'By.xpath: (.//*[normalize-space(text()) and normalize-space(.)='CRÃATION DE COMPTE'])[1]/following::span[2]' in '5' second(s)

2023-11-23 15:15:19 - [MESSAGE][INFO] - Clicking on object: 'Object Repository/Connexion Usager/btn_span_RetourAccueil'

2023-11-23 15:15:21 - [MESSAGE][PASSED] - Object: 'Object Repository/Connexion Usager/btn_span_RetourAccueil' is clicked on

2023-11-23 15:15:21 - [TEST_STEP][PASSED] - waitForPageLoad(5): Wait for page load successfully

2023-11-23 15:15:22 - [MESSAGE][INFO] - Checking timeout

2023-11-23 15:15:22 - [MESSAGE][PASSED] - Wait for page load successfully

2023-11-23 15:15:22 - [MESSAGE][PASSED] - Call Test Case 'Test Cases/Test Reutilisable/Main/Creer Votre Compte' successfully

2023-11-23 15:15:22 - [TEST_STEP][PASSED] - if (StopTestCase == false): Call Test Case 'Test Cases/Test Reutilisable/DemandeOuRenouvelle_TitreSejour/FormulaireConfirmation' successfully

2023-11-23 15:15:22 - [TEST_STEP][PASSED] - callTestCase(findTestCase("Test Reutilisable/Main/Identification"), ["Profiles":"Usager", "NumEtrangerVisa":NumEtrangerVisa], STOP_ON_FAILURE): Call Test Case 'Test Cases/Test Reutilisable/Main/Identification' successfully

2023-11-23 15:15:22 - [MESSAGE][INFO] - Checking called Test Case

2023-11-23 15:15:22 - [MESSAGE][INFO] - Starting to call Test Case 'Test Cases/Test Reutilisable/Main/Identification'

2023-11-23 15:15:22 - [TEST_CASE][PASSED] - Test Cases/Test Reutilisable/Main/Identification: Test Cases/Test Reutilisable/Main/Identification

2023-11-23 15:15:22 - [TEST_STEP][PASSED] - if (Profiles == "Usager"): Object 'Object Repository/Page_Accueil_Usager/Span_MesNotifications' is present

2023-11-23 15:15:22 - [TEST_STEP][PASSED] - delay(5): Delayed 5 second(s)

2023-11-23 15:15:22 - [MESSAGE][INFO] - Delaying browser in 5 second(s)

2023-11-23 15:15:27 - [MESSAGE][PASSED] - Delayed 5 second(s)

2023-11-23 15:15:27 - [TEST_STEP][PASSED] - click(findTestObject("Object Repository/Connexion Usager/Link_Se Connecter")): Object: 'Object Repository/Connexion Usager/Link_Se Connecter' is clicked on

2023-11-23 15:15:27 - [MESSAGE][INFO] - Finding Test Object 'Object Repository/Connexion Usager/Link_Se Connecter'

2023-11-23 15:15:27 - [MESSAGE][INFO] - Checking timeout

2023-11-23 15:15:27 - [MESSAGE][INFO] - Finding web element with id: 'Object Repository/Connexion Usager/Link_Se Connecter' located by 'By.xpath: //*[@id="connexion_link"]' in '20' second(s)

2023-11-23 15:15:27 - [MESSAGE][INFO] - Smart Wait Function is triggered

2023-11-23 15:15:27 - [MESSAGE][INFO] - Found 1 web elements with id: 'Object Repository/Connexion Usager/Link_Se Connecter' located by 'By.xpath: //*[@id="connexion_link"]' in '20' second(s)

2023-11-23 15:15:27 - [MESSAGE][INFO] - Checking object

2023-11-23 15:15:27 - [MESSAGE][INFO] - Checking timeout

2023-11-23 15:15:27 - [MESSAGE][INFO] - Finding web element from Test Object's properties

2023-11-23 15:15:27 - [MESSAGE][INFO] - Checking timeout

2023-11-23 15:15:27 - [MESSAGE][INFO] - Finding web element with id: 'Object Repository/Connexion Usager/Link_Se Connecter' located by 'By.xpath: //*[@id="connexion_link"]' in '5' second(s)

2023-11-23 15:15:27 - [MESSAGE][INFO] - Smart Wait Function is triggered

2023-11-23 15:15:27 - [MESSAGE][INFO] - Found 1 web elements with id: 'Object Repository/Connexion Usager/Link_Se Connecter' located by 'By.xpath: //*[@id="connexion_link"]' in '5' second(s)

2023-11-23 15:15:27 - [MESSAGE][INFO] - Clicking on object: 'Object Repository/Connexion Usager/Link_Se Connecter'

2023-11-23 15:15:29 - [MESSAGE][PASSED] - Object: 'Object Repository/Connexion Usager/Link_Se Connecter' is clicked on

2023-11-23 15:15:29 - [TEST_STEP][PASSED] - callTestCase(findTestCase("Test Reutilisable/Main/Erreur lie a la confidentialite"), [:], STOP_ON_FAILURE): Call Test Case 'Test Cases/Test Reutilisable/Main/Erreur lie a la confidentialite' successfully

2023-11-23 15:15:29 - [MESSAGE][INFO] - Checking called Test Case

2023-11-23 15:15:29 - [MESSAGE][INFO] - Starting to call Test Case 'Test Cases/Test Reutilisable/Main/Erreur lie a la confidentialite'

2023-11-23 15:15:29 - [TEST_CASE][PASSED] - Test Cases/Test Reutilisable/Main/Erreur lie a la confidentialite: Test Cases/Test Reutilisable/Main/Erreur lie a la confidentialite

2023-11-23 15:15:29 - [TEST_STEP][PASSED] - tools.WaitForLoadedPage.waitForElementRendering(): tools.WaitForLoadedPage.waitForElementRendering is PASSED

2023-11-23 15:15:29 - [MESSAGE][PASSED] - tools.WaitForLoadedPage.waitForElementRendering is PASSED

2023-11-23 15:15:29 - [TEST_STEP][PASSED] - "Call Highlight.on() automatically": null

2023-11-23 15:15:29 - [TEST_STEP][PASSED] - DriverName = DriverName: null

2023-11-23 15:15:29 - [TEST_STEP][PASSED] - if (DriverName == "CHROME_DRIVER" || "EDGE_CHROMIUM_DRIVER" || "HEADLESS_DRIVER"): com.kms.katalon.core.webui.exception.WebElementNotFoundException: Web element with id: 'Object Repository/Connexion Usager/Btn_Parametres Avances' located by '//*[@id="details-button"]' not found (Root cause: com.kms.katalon.core.exception.StepFailedException: com.kms.katalon.core.webui.exception.WebElementNotFoundException: Web element with id: 'Object Repository/Connexion Usager/Btn_Parametres Avances' located by '//*[@id="details-button"]' not found
	at com.kms.katalon.core.webui.keyword.internal.WebUIKeywordMain.stepFailed(WebUIKeywordMain.groovy:64)
	at com.kms.katalon.core.webui.keyword.builtin.VerifyElementPresentKeyword$_verifyElementPresent_closure1.doCall(VerifyElementPresentKeyword.groovy:85)
	at com.kms.katalon.core.webui.keyword.builtin.VerifyElementPresentKeyword$_verifyElementPresent_closure1.call(VerifyElementPresentKeyword.groovy)
	at com.kms.katalon.core.webui.keyword.internal.WebUIKeywordMain.runKeyword(WebUIKeywordMain.groovy:20)
	at com.kms.katalon.core.webui.keyword.builtin.VerifyElementPresentKeyword.verifyElementPresent(VerifyElementPresentKeyword.groovy:92)
	at com.kms.katalon.core.webui.keyword.builtin.VerifyElementPresentKeyword.execute(VerifyElementPresentKeyword.groovy:68)
	at com.kms.katalon.core.keyword.internal.KeywordExecutor.executeKeywordForPlatform(KeywordExecutor.groovy:74)
	at com.kms.katalon.core.webui.keyword.WebUiBuiltInKeywords.verifyElementPresent(WebUiBuiltInKeywords.groovy:1448)
	at com.kazurayam.ksbackyard.HighlightElement$_pandemic_closure1.doCall(HighlightElement.groovy:105)
	at Erreur lie a la confidentialite.run(Erreur lie a la confidentialite:43)
	at com.kms.katalon.core.main.ScriptEngine.run(ScriptEngine.java:194)
	at com.kms.katalon.core.main.ScriptEngine.runScriptAsRawText(ScriptEngine.java:119)
	at com.kms.katalon.core.main.TestCaseExecutor.runScript(TestCaseExecutor.java:448)
	at com.kms.katalon.core.main.TestCaseExecutor.doExecute(TestCaseExecutor.java:439)
	at com.kms.katalon.core.main.TestCaseExecutor.processExecutionPhase(TestCaseExecutor.java:418)
	at com.kms.katalon.core.main.TestCaseExecutor.accessMainPhase(TestCaseExecutor.java:410)
	at com.kms.katalon.core.main.TestCaseExecutor.execute(TestCaseExecutor.java:285)
	at com.kms.katalon.core.main.TestCaseMain.runTestCase(TestCaseMain.java:144)
	at com.kms.katalon.core.keyword.builtin.CallTestCaseKeyword$_callTestCase_closure1.doCall(CallTestCaseKeyword.groovy:59)
	at com.kms.katalon.core.keyword.builtin.CallTestCaseKeyword$_callTestCase_closure1.call(CallTestCaseKeyword.groovy)
	at com.kms.katalon.core.keyword.internal.KeywordMain.runKeyword(KeywordMain.groovy:75)
	at com.kms.katalon.core.keyword.builtin.CallTestCaseKeyword.callTestCase(CallTestCaseKeyword.groovy:81)
	at com.kms.katalon.core.keyword.builtin.CallTestCaseKeyword.execute(CallTestCaseKeyword.groovy:44)
	at com.kms.katalon.core.keyword.internal.KeywordExecutor.executeKeywordForPlatform(KeywordExecutor.groovy:74)
	at com.kms.katalon.core.keyword.BuiltinKeywords.callTestCase(BuiltinKeywords.groovy:310)
	at com.kazurayam.ksbackyard.HighlightElement$_pandemic_closure1.doCall(HighlightElement.groovy:105)
	at Identification.run(Identification:35)
	at com.kms.katalon.core.main.ScriptEngine.run(ScriptEngine.java:194)
	at com.kms.katalon.core.main.ScriptEngine.runScriptAsRawText(ScriptEngine.java:119)
	at com.kms.katalon.core.main.TestCaseExecutor.runScript(TestCaseExecutor.java:448)
	at com.kms.katalon.core.main.TestCaseExecutor.doExecute(TestCaseExecutor.java:439)
	at com.kms.katalon.core.main.TestCaseExecutor.processExecutionPhase(TestCaseExecutor.java:418)
	at com.kms.katalon.core.main.TestCaseExecutor.accessMainPhase(TestCaseExecutor.java:410)
	at com.kms.katalon.core.main.TestCaseExecutor.execute(TestCaseExecutor.java:285)
	at com.kms.katalon.core.main.TestCaseMain.runTestCase(TestCaseMain.java:144)
	at com.kms.katalon.core.keyword.builtin.CallTestCaseKeyword$_callTestCase_closure1.doCall(CallTestCaseKeyword.groovy:59)
	at com.kms.katalon.core.keyword.builtin.CallTestCaseKeyword$_callTestCase_closure1.call(CallTestCaseKeyword.groovy)
	at com.kms.katalon.core.keyword.internal.KeywordMain.runKeyword(KeywordMain.groovy:75)
	at com.kms.katalon.core.keyword.builtin.CallTestCaseKeyword.callTestCase(CallTestCaseKeyword.groovy:81)
	at com.kms.katalon.core.keyword.builtin.CallTestCaseKeyword.execute(CallTestCaseKeyword.groovy:44)
	at com.kms.katalon.core.keyword.internal.KeywordExecutor.executeKeywordForPlatform(KeywordExecutor.groovy:74)
	at com.kms.katalon.core.keyword.BuiltinKeywords.callTestCase(BuiltinKeywords.groovy:310)
	at com.kazurayam.ksbackyard.HighlightElement$_pandemic_closure1.doCall(HighlightElement.groovy:105)
	at TNR R.TSPT Supp90-Etudiant.run(TNR R.TSPT Supp90-Etudiant:35)
	at com.kms.katalon.core.main.ScriptEngine.run(ScriptEngine.java:194)
	at com.kms.katalon.core.main.ScriptEngine.runScriptAsRawText(ScriptEngine.java:119)
	at com.kms.katalon.core.main.TestCaseExecutor.runScript(TestCaseExecutor.java:448)
	at com.kms.katalon.core.main.TestCaseExecutor.doExecute(TestCaseExecutor.java:439)
	at com.kms.katalon.core.main.TestCaseExecutor.processExecutionPhase(TestCaseExecutor.java:418)
	at com.kms.katalon.core.main.TestCaseExecutor.accessMainPhase(TestCaseExecutor.java:410)
	at com.kms.katalon.core.main.TestCaseExecutor.execute(TestCaseExecutor.java:285)
	at com.kms.katalon.core.common.CommonExecutor.accessTestCaseMainPhase(CommonExecutor.java:65)
	at com.kms.katalon.core.main.TestSuiteExecutor.accessTestSuiteMainPhase(TestSuiteExecutor.java:148)
	at com.kms.katalon.core.main.TestSuiteExecutor.execute(TestSuiteExecutor.java:106)
	at com.kms.katalon.core.main.TestCaseMain.startTestSuite(TestCaseMain.java:187)
	at com.kms.katalon.core.main.TestCaseMain$startTestSuite$0.call(Unknown Source)
	at TempTestSuite1700747757013.run(TempTestSuite1700747757013.groovy:36)
)

2023-11-23 15:15:29 - [TEST_STEP][PASSED] - if (verifyElementPresent(findTestObject("Object Repository/Connexion Usager/Btn_Parametres Avances"), 2, OPTIONAL)): com.kms.katalon.core.webui.exception.WebElementNotFoundException: Web element with id: 'Object Repository/Connexion Usager/Btn_Parametres Avances' located by '//*[@id="details-button"]' not found (Root cause: com.kms.katalon.core.exception.StepFailedException: com.kms.katalon.core.webui.exception.WebElementNotFoundException: Web element with id: 'Object Repository/Connexion Usager/Btn_Parametres Avances' located by '//*[@id="details-button"]' not found
	at com.kms.katalon.core.webui.keyword.internal.WebUIKeywordMain.stepFailed(WebUIKeywordMain.groovy:64)
	at com.kms.katalon.core.webui.keyword.builtin.VerifyElementPresentKeyword$_verifyElementPresent_closure1.doCall(VerifyElementPresentKeyword.groovy:85)
	at com.kms.katalon.core.webui.keyword.builtin.VerifyElementPresentKeyword$_verifyElementPresent_closure1.call(VerifyElementPresentKeyword.groovy)
	at com.kms.katalon.core.webui.keyword.internal.WebUIKeywordMain.runKeyword(WebUIKeywordMain.groovy:20)
	at com.kms.katalon.core.webui.keyword.builtin.VerifyElementPresentKeyword.verifyElementPresent(VerifyElementPresentKeyword.groovy:92)
	at com.kms.katalon.core.webui.keyword.builtin.VerifyElementPresentKeyword.execute(VerifyElementPresentKeyword.groovy:68)
	at com.kms.katalon.core.keyword.internal.KeywordExecutor.executeKeywordForPlatform(KeywordExecutor.groovy:74)
	at com.kms.katalon.core.webui.keyword.WebUiBuiltInKeywords.verifyElementPresent(WebUiBuiltInKeywords.groovy:1448)
	at com.kazurayam.ksbackyard.HighlightElement$_pandemic_closure1.doCall(HighlightElement.groovy:105)
	at Erreur lie a la confidentialite.run(Erreur lie a la confidentialite:43)
	at com.kms.katalon.core.main.ScriptEngine.run(ScriptEngine.java:194)
	at com.kms.katalon.core.main.ScriptEngine.runScriptAsRawText(ScriptEngine.java:119)
	at com.kms.katalon.core.main.TestCaseExecutor.runScript(TestCaseExecutor.java:448)
	at com.kms.katalon.core.main.TestCaseExecutor.doExecute(TestCaseExecutor.java:439)
	at com.kms.katalon.core.main.TestCaseExecutor.processExecutionPhase(TestCaseExecutor.java:418)
	at com.kms.katalon.core.main.TestCaseExecutor.accessMainPhase(TestCaseExecutor.java:410)
	at com.kms.katalon.core.main.TestCaseExecutor.execute(TestCaseExecutor.java:285)
	at com.kms.katalon.core.main.TestCaseMain.runTestCase(TestCaseMain.java:144)
	at com.kms.katalon.core.keyword.builtin.CallTestCaseKeyword$_callTestCase_closure1.doCall(CallTestCaseKeyword.groovy:59)
	at com.kms.katalon.core.keyword.builtin.CallTestCaseKeyword$_callTestCase_closure1.call(CallTestCaseKeyword.groovy)
	at com.kms.katalon.core.keyword.internal.KeywordMain.runKeyword(KeywordMain.groovy:75)
	at com.kms.katalon.core.keyword.builtin.CallTestCaseKeyword.callTestCase(CallTestCaseKeyword.groovy:81)
	at com.kms.katalon.core.keyword.builtin.CallTestCaseKeyword.execute(CallTestCaseKeyword.groovy:44)
	at com.kms.katalon.core.keyword.internal.KeywordExecutor.executeKeywordForPlatform(KeywordExecutor.groovy:74)
	at com.kms.katalon.core.keyword.BuiltinKeywords.callTestCase(BuiltinKeywords.groovy:310)
	at com.kazurayam.ksbackyard.HighlightElement$_pandemic_closure1.doCall(HighlightElement.groovy:105)
	at Identification.run(Identification:35)
	at com.kms.katalon.core.main.ScriptEngine.run(ScriptEngine.java:194)
	at com.kms.katalon.core.main.ScriptEngine.runScriptAsRawText(ScriptEngine.java:119)
	at com.kms.katalon.core.main.TestCaseExecutor.runScript(TestCaseExecutor.java:448)
	at com.kms.katalon.core.main.TestCaseExecutor.doExecute(TestCaseExecutor.java:439)
	at com.kms.katalon.core.main.TestCaseExecutor.processExecutionPhase(TestCaseExecutor.java:418)
	at com.kms.katalon.core.main.TestCaseExecutor.accessMainPhase(TestCaseExecutor.java:410)
	at com.kms.katalon.core.main.TestCaseExecutor.execute(TestCaseExecutor.java:285)
	at com.kms.katalon.core.main.TestCaseMain.runTestCase(TestCaseMain.java:144)
	at com.kms.katalon.core.keyword.builtin.CallTestCaseKeyword$_callTestCase_closure1.doCall(CallTestCaseKeyword.groovy:59)
	at com.kms.katalon.core.keyword.builtin.CallTestCaseKeyword$_callTestCase_closure1.call(CallTestCaseKeyword.groovy)
	at com.kms.katalon.core.keyword.internal.KeywordMain.runKeyword(KeywordMain.groovy:75)
	at com.kms.katalon.core.keyword.builtin.CallTestCaseKeyword.callTestCase(CallTestCaseKeyword.groovy:81)
	at com.kms.katalon.core.keyword.builtin.CallTestCaseKeyword.execute(CallTestCaseKeyword.groovy:44)
	at com.kms.katalon.core.keyword.internal.KeywordExecutor.executeKeywordForPlatform(KeywordExecutor.groovy:74)
	at com.kms.katalon.core.keyword.BuiltinKeywords.callTestCase(BuiltinKeywords.groovy:310)
	at com.kazurayam.ksbackyard.HighlightElement$_pandemic_closure1.doCall(HighlightElement.groovy:105)
	at TNR R.TSPT Supp90-Etudiant.run(TNR R.TSPT Supp90-Etudiant:35)
	at com.kms.katalon.core.main.ScriptEngine.run(ScriptEngine.java:194)
	at com.kms.katalon.core.main.ScriptEngine.runScriptAsRawText(ScriptEngine.java:119)
	at com.kms.katalon.core.main.TestCaseExecutor.runScript(TestCaseExecutor.java:448)
	at com.kms.katalon.core.main.TestCaseExecutor.doExecute(TestCaseExecutor.java:439)
	at com.kms.katalon.core.main.TestCaseExecutor.processExecutionPhase(TestCaseExecutor.java:418)
	at com.kms.katalon.core.main.TestCaseExecutor.accessMainPhase(TestCaseExecutor.java:410)
	at com.kms.katalon.core.main.TestCaseExecutor.execute(TestCaseExecutor.java:285)
	at com.kms.katalon.core.common.CommonExecutor.accessTestCaseMainPhase(CommonExecutor.java:65)
	at com.kms.katalon.core.main.TestSuiteExecutor.accessTestSuiteMainPhase(TestSuiteExecutor.java:148)
	at com.kms.katalon.core.main.TestSuiteExecutor.execute(TestSuiteExecutor.java:106)
	at com.kms.katalon.core.main.TestCaseMain.startTestSuite(TestCaseMain.java:187)
	at com.kms.katalon.core.main.TestCaseMain$startTestSuite$0.call(Unknown Source)
	at TempTestSuite1700747757013.run(TempTestSuite1700747757013.groovy:36)
)

2023-11-23 15:15:29 - [MESSAGE][INFO] - Finding Test Object 'Object Repository/Connexion Usager/Btn_Parametres Avances'

2023-11-23 15:15:30 - [MESSAGE][INFO] - Checking object

2023-11-23 15:15:30 - [MESSAGE][INFO] - Finding web element from Test Object's properties

2023-11-23 15:15:30 - [MESSAGE][INFO] - Checking timeout

2023-11-23 15:15:30 - [MESSAGE][INFO] - Finding web element with id: 'Object Repository/Connexion Usager/Btn_Parametres Avances' located by 'By.xpath: //*[@id="details-button"]' in '2' second(s)

2023-11-23 15:15:30 - [MESSAGE][INFO] - Smart Wait Function is triggered

2023-11-23 15:15:30 - [MESSAGE][INFO] - Smart Wait Function is triggered

2023-11-23 15:15:30 - [MESSAGE][INFO] - Smart Wait Function is triggered

2023-11-23 15:15:30 - [MESSAGE][INFO] - Smart Wait Function is triggered

2023-11-23 15:15:30 - [MESSAGE][INFO] - Smart Wait Function is triggered

2023-11-23 15:15:30 - [MESSAGE][INFO] - Smart Wait Function is triggered

2023-11-23 15:15:30 - [MESSAGE][INFO] - Smart Wait Function is triggered

2023-11-23 15:15:30 - [MESSAGE][INFO] - Smart Wait Function is triggered

2023-11-23 15:15:30 - [MESSAGE][INFO] - Smart Wait Function is triggered

2023-11-23 15:15:30 - [MESSAGE][INFO] - Smart Wait Function is triggered

2023-11-23 15:15:30 - [MESSAGE][INFO] - Smart Wait Function is triggered

2023-11-23 15:15:30 - [MESSAGE][INFO] - Smart Wait Function is triggered

2023-11-23 15:15:30 - [MESSAGE][INFO] - Smart Wait Function is triggered

2023-11-23 15:15:30 - [MESSAGE][INFO] - Smart Wait Function is triggered

2023-11-23 15:15:30 - [MESSAGE][INFO] - Smart Wait Function is triggered

2023-11-23 15:15:30 - [MESSAGE][INFO] - Smart Wait Function is triggered

2023-11-23 15:15:30 - [MESSAGE][INFO] - Smart Wait Function is triggered

2023-11-23 15:15:30 - [MESSAGE][INFO] - Smart Wait Function is triggered

2023-11-23 15:15:30 - [MESSAGE][INFO] - Smart Wait Function is triggered

2023-11-23 15:15:30 - [MESSAGE][INFO] - Smart Wait Function is triggered

2023-11-23 15:15:30 - [MESSAGE][INFO] - Smart Wait Function is triggered

2023-11-23 15:15:30 - [MESSAGE][INFO] - Smart Wait Function is triggered

2023-11-23 15:15:30 - [MESSAGE][INFO] - Smart Wait Function is triggered

2023-11-23 15:15:30 - [MESSAGE][INFO] - Smart Wait Function is triggered

2023-11-23 15:15:30 - [MESSAGE][INFO] - Smart Wait Function is triggered

2023-11-23 15:15:30 - [MESSAGE][INFO] - Smart Wait Function is triggered

2023-11-23 15:15:30 - [MESSAGE][INFO] - Smart Wait Function is triggered

2023-11-23 15:15:30 - [MESSAGE][INFO] - Smart Wait Function is triggered

2023-11-23 15:15:30 - [MESSAGE][INFO] - Smart Wait Function is triggered

2023-11-23 15:15:30 - [MESSAGE][INFO] - Smart Wait Function is triggered

2023-11-23 15:15:30 - [MESSAGE][INFO] - Smart Wait Function is triggered

2023-11-23 15:15:30 - [MESSAGE][INFO] - Smart Wait Function is triggered

2023-11-23 15:15:31 - [MESSAGE][INFO] - Smart Wait Function is triggered

2023-11-23 15:15:31 - [MESSAGE][INFO] - Smart Wait Function is triggered

2023-11-23 15:15:31 - [MESSAGE][INFO] - Smart Wait Function is triggered

2023-11-23 15:15:31 - [MESSAGE][INFO] - Smart Wait Function is triggered

2023-11-23 15:15:31 - [MESSAGE][INFO] - Smart Wait Function is triggered

2023-11-23 15:15:31 - [MESSAGE][INFO] - Smart Wait Function is triggered

2023-11-23 15:15:31 - [MESSAGE][INFO] - Smart Wait Function is triggered

2023-11-23 15:15:31 - [MESSAGE][INFO] - Smart Wait Function is triggered

2023-11-23 15:15:31 - [MESSAGE][INFO] - Smart Wait Function is triggered

2023-11-23 15:15:31 - [MESSAGE][INFO] - Smart Wait Function is triggered

2023-11-23 15:15:31 - [MESSAGE][INFO] - Smart Wait Function is triggered

2023-11-23 15:15:31 - [MESSAGE][INFO] - Smart Wait Function is triggered

2023-11-23 15:15:31 - [MESSAGE][INFO] - Smart Wait Function is triggered

2023-11-23 15:15:31 - [MESSAGE][INFO] - Smart Wait Function is triggered

2023-11-23 15:15:31 - [MESSAGE][INFO] - Smart Wait Function is triggered

2023-11-23 15:15:31 - [MESSAGE][INFO] - Smart Wait Function is triggered

2023-11-23 15:15:31 - [MESSAGE][INFO] - Smart Wait Function is triggered

2023-11-23 15:15:31 - [MESSAGE][INFO] - Smart Wait Function is triggered

2023-11-23 15:15:31 - [MESSAGE][INFO] - Smart Wait Function is triggered

2023-11-23 15:15:31 - [MESSAGE][INFO] - Smart Wait Function is triggered

2023-11-23 15:15:31 - [MESSAGE][INFO] - Smart Wait Function is triggered

2023-11-23 15:15:31 - [MESSAGE][INFO] - Smart Wait Function is triggered

2023-11-23 15:15:31 - [MESSAGE][INFO] - Smart Wait Function is triggered

2023-11-23 15:15:31 - [MESSAGE][INFO] - Smart Wait Function is triggered

2023-11-23 15:15:31 - [MESSAGE][INFO] - Smart Wait Function is triggered

2023-11-23 15:15:31 - [MESSAGE][INFO] - Smart Wait Function is triggered

2023-11-23 15:15:31 - [MESSAGE][INFO] - Smart Wait Function is triggered

2023-11-23 15:15:31 - [MESSAGE][INFO] - Smart Wait Function is triggered

2023-11-23 15:15:31 - [MESSAGE][INFO] - Smart Wait Function is triggered

2023-11-23 15:15:31 - [MESSAGE][INFO] - Smart Wait Function is triggered

2023-11-23 15:15:32 - [MESSAGE][INFO] - Smart Wait Function is triggered

2023-11-23 15:15:32 - [MESSAGE][INFO] - Smart Wait Function is triggered

2023-11-23 15:15:32 - [MESSAGE][INFO] - Smart Wait Function is triggered

2023-11-23 15:15:32 - [MESSAGE][INFO] - Smart Wait Function is triggered

2023-11-23 15:15:32 - [MESSAGE][INFO] - Smart Wait Function is triggered

2023-11-23 15:15:32 - [MESSAGE][INFO] - Smart Wait Function is triggered

2023-11-23 15:15:32 - [MESSAGE][INFO] - Smart Wait Function is triggered

2023-11-23 15:15:32 - [MESSAGE][INFO] - Smart Wait Function is triggered

2023-11-23 15:15:32 - [MESSAGE][INFO] - Smart Wait Function is triggered

2023-11-23 15:15:32 - [MESSAGE][INFO] - Smart Wait Function is triggered

2023-11-23 15:15:32 - [MESSAGE][INFO] - Smart Wait Function is triggered

2023-11-23 15:15:32 - [MESSAGE][INFO] - Smart Wait Function is triggered

2023-11-23 15:15:32 - [MESSAGE][INFO] - Smart Wait Function is triggered

2023-11-23 15:15:32 - [MESSAGE][INFO] - Smart Wait Function is triggered

2023-11-23 15:15:32 - [MESSAGE][INFO] - Smart Wait Function is triggered

2023-11-23 15:15:32 - [MESSAGE][INFO] - Smart Wait Function is triggered

2023-11-23 15:15:32 - [MESSAGE][INFO] - Smart Wait Function is triggered

2023-11-23 15:15:32 - [MESSAGE][INFO] - Smart Wait Function is triggered

2023-11-23 15:15:32 - [MESSAGE][INFO] - Smart Wait Function is triggered

2023-11-23 15:15:32 - [MESSAGE][INFO] - Smart Wait Function is triggered

2023-11-23 15:15:32 - [MESSAGE][INFO] - Smart Wait Function is triggered

2023-11-23 15:15:32 - [MESSAGE][INFO] - Smart Wait Function is triggered

2023-11-23 15:15:32 - [MESSAGE][INFO] - Smart Wait Function is triggered

2023-11-23 15:15:32 - [MESSAGE][INFO] - Smart Wait Function is triggered

2023-11-23 15:15:32 - [MESSAGE][INFO] - Smart Wait Function is triggered

2023-11-23 15:15:32 - [MESSAGE][INFO] - Smart Wait Function is triggered

2023-11-23 15:15:32 - [MESSAGE][INFO] - Smart Wait Function is triggered

2023-11-23 15:15:32 - [MESSAGE][INFO] - Smart Wait Function is triggered

2023-11-23 15:15:32 - [MESSAGE][INFO] - Smart Wait Function is triggered

2023-11-23 15:15:32 - [MESSAGE][INFO] - Smart Wait Function is triggered

2023-11-23 15:15:32 - [MESSAGE][INFO] - Smart Wait Function is triggered

2023-11-23 15:15:32 - [MESSAGE][INFO] - Smart Wait Function is triggered

2023-11-23 15:15:33 - [MESSAGE][INFO] - Unable to find the element located by 'By.xpath: //*[@id="details-button"]'. Please recheck the objects properties to make sure the desired element is located. 

2023-11-23 15:15:33 - [MESSAGE][WARNING] - com.kms.katalon.core.webui.exception.WebElementNotFoundException: Web element with id: 'Object Repository/Connexion Usager/Btn_Parametres Avances' located by '//*[@id="details-button"]' not found (Root cause: com.kms.katalon.core.exception.StepFailedException: com.kms.katalon.core.webui.exception.WebElementNotFoundException: Web element with id: 'Object Repository/Connexion Usager/Btn_Parametres Avances' located by '//*[@id="details-button"]' not found
	at com.kms.katalon.core.webui.keyword.internal.WebUIKeywordMain.stepFailed(WebUIKeywordMain.groovy:64)
	at com.kms.katalon.core.webui.keyword.builtin.VerifyElementPresentKeyword$_verifyElementPresent_closure1.doCall(VerifyElementPresentKeyword.groovy:85)
	at com.kms.katalon.core.webui.keyword.builtin.VerifyElementPresentKeyword$_verifyElementPresent_closure1.call(VerifyElementPresentKeyword.groovy)
	at com.kms.katalon.core.webui.keyword.internal.WebUIKeywordMain.runKeyword(WebUIKeywordMain.groovy:20)
	at com.kms.katalon.core.webui.keyword.builtin.VerifyElementPresentKeyword.verifyElementPresent(VerifyElementPresentKeyword.groovy:92)
	at com.kms.katalon.core.webui.keyword.builtin.VerifyElementPresentKeyword.execute(VerifyElementPresentKeyword.groovy:68)
	at com.kms.katalon.core.keyword.internal.KeywordExecutor.executeKeywordForPlatform(KeywordExecutor.groovy:74)
	at com.kms.katalon.core.webui.keyword.WebUiBuiltInKeywords.verifyElementPresent(WebUiBuiltInKeywords.groovy:1448)
	at com.kazurayam.ksbackyard.HighlightElement$_pandemic_closure1.doCall(HighlightElement.groovy:105)
	at Erreur lie a la confidentialite.run(Erreur lie a la confidentialite:43)
	at com.kms.katalon.core.main.ScriptEngine.run(ScriptEngine.java:194)
	at com.kms.katalon.core.main.ScriptEngine.runScriptAsRawText(ScriptEngine.java:119)
	at com.kms.katalon.core.main.TestCaseExecutor.runScript(TestCaseExecutor.java:448)
	at com.kms.katalon.core.main.TestCaseExecutor.doExecute(TestCaseExecutor.java:439)
	at com.kms.katalon.core.main.TestCaseExecutor.processExecutionPhase(TestCaseExecutor.java:418)
	at com.kms.katalon.core.main.TestCaseExecutor.accessMainPhase(TestCaseExecutor.java:410)
	at com.kms.katalon.core.main.TestCaseExecutor.execute(TestCaseExecutor.java:285)
	at com.kms.katalon.core.main.TestCaseMain.runTestCase(TestCaseMain.java:144)
	at com.kms.katalon.core.keyword.builtin.CallTestCaseKeyword$_callTestCase_closure1.doCall(CallTestCaseKeyword.groovy:59)
	at com.kms.katalon.core.keyword.builtin.CallTestCaseKeyword$_callTestCase_closure1.call(CallTestCaseKeyword.groovy)
	at com.kms.katalon.core.keyword.internal.KeywordMain.runKeyword(KeywordMain.groovy:75)
	at com.kms.katalon.core.keyword.builtin.CallTestCaseKeyword.callTestCase(CallTestCaseKeyword.groovy:81)
	at com.kms.katalon.core.keyword.builtin.CallTestCaseKeyword.execute(CallTestCaseKeyword.groovy:44)
	at com.kms.katalon.core.keyword.internal.KeywordExecutor.executeKeywordForPlatform(KeywordExecutor.groovy:74)
	at com.kms.katalon.core.keyword.BuiltinKeywords.callTestCase(BuiltinKeywords.groovy:310)
	at com.kazurayam.ksbackyard.HighlightElement$_pandemic_closure1.doCall(HighlightElement.groovy:105)
	at Identification.run(Identification:35)
	at com.kms.katalon.core.main.ScriptEngine.run(ScriptEngine.java:194)
	at com.kms.katalon.core.main.ScriptEngine.runScriptAsRawText(ScriptEngine.java:119)
	at com.kms.katalon.core.main.TestCaseExecutor.runScript(TestCaseExecutor.java:448)
	at com.kms.katalon.core.main.TestCaseExecutor.doExecute(TestCaseExecutor.java:439)
	at com.kms.katalon.core.main.TestCaseExecutor.processExecutionPhase(TestCaseExecutor.java:418)
	at com.kms.katalon.core.main.TestCaseExecutor.accessMainPhase(TestCaseExecutor.java:410)
	at com.kms.katalon.core.main.TestCaseExecutor.execute(TestCaseExecutor.java:285)
	at com.kms.katalon.core.main.TestCaseMain.runTestCase(TestCaseMain.java:144)
	at com.kms.katalon.core.keyword.builtin.CallTestCaseKeyword$_callTestCase_closure1.doCall(CallTestCaseKeyword.groovy:59)
	at com.kms.katalon.core.keyword.builtin.CallTestCaseKeyword$_callTestCase_closure1.call(CallTestCaseKeyword.groovy)
	at com.kms.katalon.core.keyword.internal.KeywordMain.runKeyword(KeywordMain.groovy:75)
	at com.kms.katalon.core.keyword.builtin.CallTestCaseKeyword.callTestCase(CallTestCaseKeyword.groovy:81)
	at com.kms.katalon.core.keyword.builtin.CallTestCaseKeyword.execute(CallTestCaseKeyword.groovy:44)
	at com.kms.katalon.core.keyword.internal.KeywordExecutor.executeKeywordForPlatform(KeywordExecutor.groovy:74)
	at com.kms.katalon.core.keyword.BuiltinKeywords.callTestCase(BuiltinKeywords.groovy:310)
	at com.kazurayam.ksbackyard.HighlightElement$_pandemic_closure1.doCall(HighlightElement.groovy:105)
	at TNR R.TSPT Supp90-Etudiant.run(TNR R.TSPT Supp90-Etudiant:35)
	at com.kms.katalon.core.main.ScriptEngine.run(ScriptEngine.java:194)
	at com.kms.katalon.core.main.ScriptEngine.runScriptAsRawText(ScriptEngine.java:119)
	at com.kms.katalon.core.main.TestCaseExecutor.runScript(TestCaseExecutor.java:448)
	at com.kms.katalon.core.main.TestCaseExecutor.doExecute(TestCaseExecutor.java:439)
	at com.kms.katalon.core.main.TestCaseExecutor.processExecutionPhase(TestCaseExecutor.java:418)
	at com.kms.katalon.core.main.TestCaseExecutor.accessMainPhase(TestCaseExecutor.java:410)
	at com.kms.katalon.core.main.TestCaseExecutor.execute(TestCaseExecutor.java:285)
	at com.kms.katalon.core.common.CommonExecutor.accessTestCaseMainPhase(CommonExecutor.java:65)
	at com.kms.katalon.core.main.TestSuiteExecutor.accessTestSuiteMainPhase(TestSuiteExecutor.java:148)
	at com.kms.katalon.core.main.TestSuiteExecutor.execute(TestSuiteExecutor.java:106)
	at com.kms.katalon.core.main.TestCaseMain.startTestSuite(TestCaseMain.java:187)
	at com.kms.katalon.core.main.TestCaseMain$startTestSuite$0.call(Unknown Source)
	at TempTestSuite1700747757013.run(TempTestSuite1700747757013.groovy:36)
)
[[ATTACHMENT|C:\\Users\\ISSAM.RHARBAOUI\\git\\22_11\\ANEF-AutomatizationProject\\Reports\\20231123_145557\\TS_TNR_R.TSPT_Suppo90\\20231123_145557\\1700748933026.png]]

2023-11-23 15:15:33 - [TEST_STEP][PASSED] - if (DriverName == "IE_DRIVER"): null

2023-11-23 15:15:33 - [TEST_STEP][PASSED] - delay(3): Delayed 3 second(s)

2023-11-23 15:15:33 - [MESSAGE][INFO] - Delaying browser in 3 second(s)

2023-11-23 15:15:36 - [MESSAGE][PASSED] - Delayed 3 second(s)

2023-11-23 15:15:36 - [MESSAGE][PASSED] - Call Test Case 'Test Cases/Test Reutilisable/Main/Erreur lie a la confidentialite' successfully

2023-11-23 15:15:36 - [TEST_STEP][PASSED] - delay(5): Delayed 5 second(s)

2023-11-23 15:15:36 - [MESSAGE][INFO] - Delaying browser in 5 second(s)

2023-11-23 15:15:41 - [MESSAGE][PASSED] - Delayed 5 second(s)

2023-11-23 15:15:41 - [TEST_STEP][PASSED] - setText(findTestObject("Object Repository/Connexion Usager/Input_Identifiant"), NumEtrangerVisa): Text '7703040874' is set on object 'Object Repository/Connexion Usager/Input_Identifiant'

2023-11-23 15:15:41 - [MESSAGE][INFO] - Finding Test Object 'Object Repository/Connexion Usager/Input_Identifiant'

2023-11-23 15:15:41 - [MESSAGE][INFO] - Checking timeout

2023-11-23 15:15:41 - [MESSAGE][INFO] - Finding web element with id: 'Object Repository/Connexion Usager/Input_Identifiant' located by 'By.xpath: //*[@id="login"]' in '20' second(s)

2023-11-23 15:15:41 - [MESSAGE][INFO] - Smart Wait Function is triggered

2023-11-23 15:15:41 - [MESSAGE][INFO] - Found 1 web elements with id: 'Object Repository/Connexion Usager/Input_Identifiant' located by 'By.xpath: //*[@id="login"]' in '20' second(s)

2023-11-23 15:15:41 - [MESSAGE][INFO] - Checking object

2023-11-23 15:15:41 - [MESSAGE][INFO] - Checking text

2023-11-23 15:15:41 - [MESSAGE][INFO] - Finding web element from Test Object's properties

2023-11-23 15:15:41 - [MESSAGE][INFO] - Checking timeout

2023-11-23 15:15:41 - [MESSAGE][INFO] - Finding web element with id: 'Object Repository/Connexion Usager/Input_Identifiant' located by 'By.xpath: //*[@id="login"]' in '5' second(s)

2023-11-23 15:15:41 - [MESSAGE][INFO] - Smart Wait Function is triggered

2023-11-23 15:15:41 - [MESSAGE][INFO] - Found 1 web elements with id: 'Object Repository/Connexion Usager/Input_Identifiant' located by 'By.xpath: //*[@id="login"]' in '5' second(s)

2023-11-23 15:15:41 - [MESSAGE][INFO] - Clearing text of object 'Object Repository/Connexion Usager/Input_Identifiant'

2023-11-23 15:15:43 - [MESSAGE][INFO] - Finding web element from Test Object's properties

2023-11-23 15:15:43 - [MESSAGE][INFO] - Checking timeout

2023-11-23 15:15:43 - [MESSAGE][INFO] - Finding web element with id: 'Object Repository/Connexion Usager/Input_Identifiant' located by 'By.xpath: //*[@id="login"]' in '5' second(s)

2023-11-23 15:15:43 - [MESSAGE][INFO] - Smart Wait Function is triggered

2023-11-23 15:15:43 - [MESSAGE][INFO] - Found 1 web elements with id: 'Object Repository/Connexion Usager/Input_Identifiant' located by 'By.xpath: //*[@id="login"]' in '5' second(s)

2023-11-23 15:15:43 - [MESSAGE][INFO] - Setting text of object 'Object Repository/Connexion Usager/Input_Identifiant' to value '7703040874'

2023-11-23 15:15:45 - [MESSAGE][PASSED] - Text '7703040874' is set on object 'Object Repository/Connexion Usager/Input_Identifiant'

2023-11-23 15:15:45 - [TEST_STEP][PASSED] - NumEtrangerVisa = NumEtrangerVisa: null

2023-11-23 15:15:45 - [TEST_STEP][PASSED] - setEncryptedText(findTestObject("Object Repository/Connexion Usager/Input_MDP"), Password): Text ****** has been set on object 'Object Repository/Connexion Usager/Input_MDP'

2023-11-23 15:15:45 - [MESSAGE][INFO] - Finding Test Object 'Object Repository/Connexion Usager/Input_MDP'

2023-11-23 15:15:45 - [MESSAGE][INFO] - Checking timeout

2023-11-23 15:15:45 - [MESSAGE][INFO] - Finding web element with id: 'Object Repository/Connexion Usager/Input_MDP' located by 'By.xpath: //*[@id="password"]' in '20' second(s)

2023-11-23 15:15:45 - [MESSAGE][INFO] - Smart Wait Function is triggered

2023-11-23 15:15:45 - [MESSAGE][INFO] - Found 1 web elements with id: 'Object Repository/Connexion Usager/Input_MDP' located by 'By.xpath: //*[@id="password"]' in '20' second(s)

2023-11-23 15:15:45 - [MESSAGE][INFO] - Checking object

2023-11-23 15:15:45 - [MESSAGE][INFO] - Checking text

2023-11-23 15:15:45 - [MESSAGE][INFO] - Finding web element from Test Object's properties

2023-11-23 15:15:45 - [MESSAGE][INFO] - Checking timeout

2023-11-23 15:15:45 - [MESSAGE][INFO] - Finding web element with id: 'Object Repository/Connexion Usager/Input_MDP' located by 'By.xpath: //*[@id="password"]' in '5' second(s)

2023-11-23 15:15:45 - [MESSAGE][INFO] - Smart Wait Function is triggered

2023-11-23 15:15:45 - [MESSAGE][INFO] - Found 1 web elements with id: 'Object Repository/Connexion Usager/Input_MDP' located by 'By.xpath: //*[@id="password"]' in '5' second(s)

2023-11-23 15:15:45 - [MESSAGE][INFO] - Clearing text of object 'Object Repository/Connexion Usager/Input_MDP'

2023-11-23 15:15:47 - [MESSAGE][INFO] - Setting  text of object 'Object Repository/Connexion Usager/Input_MDP' to value ******

2023-11-23 15:15:49 - [MESSAGE][PASSED] - Text ****** has been set on object 'Object Repository/Connexion Usager/Input_MDP'

2023-11-23 15:15:49 - [TEST_STEP][PASSED] - click(findTestObject("Object Repository/Connexion Usager/btn_Sidentifier")): Object: 'Object Repository/Connexion Usager/btn_Sidentifier' is clicked on

2023-11-23 15:15:49 - [MESSAGE][INFO] - Finding Test Object 'Object Repository/Connexion Usager/btn_Sidentifier'

2023-11-23 15:15:49 - [MESSAGE][INFO] - Checking timeout

2023-11-23 15:15:49 - [MESSAGE][INFO] - Finding web element with id: 'Object Repository/Connexion Usager/btn_Sidentifier' located by 'By.xpath: //*[@type= 'submit']' in '20' second(s)

2023-11-23 15:15:49 - [MESSAGE][INFO] - Smart Wait Function is triggered

2023-11-23 15:15:49 - [MESSAGE][INFO] - Found 1 web elements with id: 'Object Repository/Connexion Usager/btn_Sidentifier' located by 'By.xpath: //*[@type= 'submit']' in '20' second(s)

2023-11-23 15:15:49 - [MESSAGE][INFO] - Checking object

2023-11-23 15:15:49 - [MESSAGE][INFO] - Checking timeout

2023-11-23 15:15:49 - [MESSAGE][INFO] - Finding web element from Test Object's properties

2023-11-23 15:15:49 - [MESSAGE][INFO] - Checking timeout

2023-11-23 15:15:49 - [MESSAGE][INFO] - Finding web element with id: 'Object Repository/Connexion Usager/btn_Sidentifier' located by 'By.xpath: //*[@type= 'submit']' in '5' second(s)

2023-11-23 15:15:49 - [MESSAGE][INFO] - Smart Wait Function is triggered

2023-11-23 15:15:49 - [MESSAGE][INFO] - Found 1 web elements with id: 'Object Repository/Connexion Usager/btn_Sidentifier' located by 'By.xpath: //*[@type= 'submit']' in '5' second(s)

2023-11-23 15:15:49 - [MESSAGE][INFO] - Clicking on object: 'Object Repository/Connexion Usager/btn_Sidentifier'

2023-11-23 15:15:53 - [MESSAGE][PASSED] - Object: 'Object Repository/Connexion Usager/btn_Sidentifier' is clicked on

2023-11-23 15:15:53 - [TEST_STEP][PASSED] - delay(15): Delayed 15 second(s)

2023-11-23 15:15:53 - [MESSAGE][INFO] - Delaying browser in 15 second(s)

2023-11-23 15:16:08 - [MESSAGE][PASSED] - Delayed 15 second(s)

2023-11-23 15:16:08 - [TEST_STEP][PASSED] - verifyElementPresent(findTestObject("Object Repository/Page_Accueil_Usager/Span_MesNotifications"), 2, STOP_ON_FAILURE): Object 'Object Repository/Page_Accueil_Usager/Span_MesNotifications' is present

2023-11-23 15:16:08 - [MESSAGE][INFO] - Finding Test Object 'Object Repository/Page_Accueil_Usager/Span_MesNotifications'

2023-11-23 15:16:08 - [MESSAGE][INFO] - Checking object

2023-11-23 15:16:08 - [MESSAGE][INFO] - Finding web element from Test Object's properties

2023-11-23 15:16:08 - [MESSAGE][INFO] - Checking timeout

2023-11-23 15:16:08 - [MESSAGE][INFO] - Finding web element with id: 'Object Repository/Page_Accueil_Usager/Span_MesNotifications' located by 'By.xpath: //*[@id="navBar-new"]/nav/div[3]/div/div/ul/li[1]/a/span' in '2' second(s)

2023-11-23 15:16:08 - [MESSAGE][INFO] - Smart Wait Function is triggered

2023-11-23 15:16:08 - [MESSAGE][INFO] - Found 1 web elements with id: 'Object Repository/Page_Accueil_Usager/Span_MesNotifications' located by 'By.xpath: //*[@id="navBar-new"]/nav/div[3]/div/div/ul/li[1]/a/span' in '2' second(s)

2023-11-23 15:16:08 - [MESSAGE][PASSED] - Object 'Object Repository/Page_Accueil_Usager/Span_MesNotifications' is present

2023-11-23 15:16:08 - [TEST_STEP][PASSED] - if (Profiles == "Agent"): null

2023-11-23 15:16:08 - [TEST_STEP][PASSED] - else: null

2023-11-23 15:16:08 - [TEST_STEP][PASSED] - println("VÃ©rifier le Portail de votre connexion Usager ou Agent"): null

2023-11-23 15:16:08 - [MESSAGE][PASSED] - Call Test Case 'Test Cases/Test Reutilisable/Main/Identification' successfully

2023-11-23 15:16:08 - [TEST_STEP][PASSED] - callTestCase(findTestCase("Test Reutilisable/DemandeOuRenouvelle_TitreSejour/DemandeOuRenouvelleTitreSejour"), [:], STOP_ON_FAILURE): Call Test Case 'Test Cases/Test Reutilisable/DemandeOuRenouvelle_TitreSejour/DemandeOuRenouvelleTitreSejour' successfully

2023-11-23 15:16:08 - [MESSAGE][INFO] - Checking called Test Case

2023-11-23 15:16:08 - [MESSAGE][INFO] - Starting to call Test Case 'Test Cases/Test Reutilisable/DemandeOuRenouvelle_TitreSejour/DemandeOuRenouvelleTitreSejour'

2023-11-23 15:16:08 - [TEST_CASE][PASSED] - Test Cases/Test Reutilisable/DemandeOuRenouvelle_TitreSejour/DemandeOuRenouvelleTitreSejour: Test Cases/Test Reutilisable/DemandeOuRenouvelle_TitreSejour/DemandeOuRenouvelleTitreSejour

2023-11-23 15:16:08 - [TEST_STEP][PASSED] - com.kazurayam.ksbackyard.HighlightElement.pandemic(): com.kazurayam.ksbackyard.HighlightElement.pandemic is PASSED

2023-11-23 15:16:08 - [MESSAGE][PASSED] - com.kazurayam.ksbackyard.HighlightElement.pandemic is PASSED

2023-11-23 15:16:08 - [TEST_STEP][PASSED] - delay(3): Delayed 3 second(s)

2023-11-23 15:16:08 - [MESSAGE][INFO] - Delaying browser in 3 second(s)

2023-11-23 15:16:11 - [MESSAGE][PASSED] - Delayed 3 second(s)

2023-11-23 15:16:11 - [TEST_STEP][PASSED] - doubleClick(findTestObject("Object Repository/Page_Accueil_Usager/btn_DemandeOuRenouvelleTitreSejour")): Object: 'Object Repository/Page_Accueil_Usager/btn_DemandeOuRenouvelleTitreSejour' is double clicked on

2023-11-23 15:16:11 - [MESSAGE][INFO] - Finding Test Object 'Object Repository/Page_Accueil_Usager/btn_DemandeOuRenouvelleTitreSejour'

2023-11-23 15:16:11 - [MESSAGE][INFO] - Checking object

2023-11-23 15:16:11 - [MESSAGE][INFO] - Finding web element from Test Object's properties

2023-11-23 15:16:11 - [MESSAGE][INFO] - Checking timeout

2023-11-23 15:16:11 - [MESSAGE][INFO] - Finding web element with id: 'Object Repository/Page_Accueil_Usager/btn_DemandeOuRenouvelleTitreSejour' located by 'By.xpath: //app-portal//app-portal-root/app-default-root-content/div/div/anef-tile[1]/a/span/span[2]' in '5' second(s)

2023-11-23 15:16:11 - [MESSAGE][INFO] - Smart Wait Function is triggered

2023-11-23 15:16:11 - [MESSAGE][INFO] - Found 1 web elements with id: 'Object Repository/Page_Accueil_Usager/btn_DemandeOuRenouvelleTitreSejour' located by 'By.xpath: //app-portal//app-portal-root/app-default-root-content/div/div/anef-tile[1]/a/span/span[2]' in '5' second(s)

2023-11-23 15:16:11 - [MESSAGE][INFO] - Double clicking on object: 'Object Repository/Page_Accueil_Usager/btn_DemandeOuRenouvelleTitreSejour'

2023-11-23 15:16:11 - [MESSAGE][PASSED] - Object: 'Object Repository/Page_Accueil_Usager/btn_DemandeOuRenouvelleTitreSejour' is double clicked on

2023-11-23 15:16:11 - [TEST_STEP][PASSED] - delay(3): Delayed 3 second(s)

2023-11-23 15:16:11 - [MESSAGE][INFO] - Delaying browser in 3 second(s)

2023-11-23 15:16:14 - [MESSAGE][PASSED] - Delayed 3 second(s)

2023-11-23 15:16:14 - [TEST_STEP][PASSED] - switch (PourQui): null

2023-11-23 15:16:14 - [TEST_STEP][PASSED] - case "Moi-mÃªme":: null

2023-11-23 15:16:14 - [TEST_STEP][PASSED] - check(findTestObject("Object Repository/Page_Accueil_Usager/CheckBox_Moi-meme")): Object 'Object Repository/Page_Accueil_Usager/CheckBox_Moi-meme' is checked

2023-11-23 15:16:14 - [MESSAGE][INFO] - Finding Test Object 'Object Repository/Page_Accueil_Usager/CheckBox_Moi-meme'

2023-11-23 15:16:14 - [MESSAGE][INFO] - Checking object

2023-11-23 15:16:14 - [MESSAGE][INFO] - Finding web element from Test Object's properties

2023-11-23 15:16:14 - [MESSAGE][INFO] - Checking timeout

2023-11-23 15:16:14 - [MESSAGE][INFO] - Finding web element with id: 'Object Repository/Page_Accueil_Usager/CheckBox_Moi-meme' located by 'By.xpath: //*/div[1]/app-radio-tree-button/div/p-radiobutton/div/div[2]/span' in '5' second(s)

2023-11-23 15:16:14 - [MESSAGE][INFO] - Smart Wait Function is triggered

2023-11-23 15:16:14 - [MESSAGE][INFO] - Found 1 web elements with id: 'Object Repository/Page_Accueil_Usager/CheckBox_Moi-meme' located by 'By.xpath: //*/div[1]/app-radio-tree-button/div/p-radiobutton/div/div[2]/span' in '5' second(s)

2023-11-23 15:16:14 - [MESSAGE][INFO] - Checking on bject 'Object Repository/Page_Accueil_Usager/CheckBox_Moi-meme'

2023-11-23 15:16:17 - [MESSAGE][PASSED] - Object 'Object Repository/Page_Accueil_Usager/CheckBox_Moi-meme' is checked

2023-11-23 15:16:17 - [TEST_STEP][PASSED] - break: null

2023-11-23 15:16:17 - [TEST_STEP][PASSED] - click(findTestObject("Object Repository/Page_Accueil_Usager/btn_JeContinue")): Object: 'Object Repository/Page_Accueil_Usager/btn_JeContinue' is clicked on

2023-11-23 15:16:17 - [MESSAGE][INFO] - Finding Test Object 'Object Repository/Page_Accueil_Usager/btn_JeContinue'

2023-11-23 15:16:17 - [MESSAGE][INFO] - Checking timeout

2023-11-23 15:16:17 - [MESSAGE][INFO] - Finding web element with id: 'Object Repository/Page_Accueil_Usager/btn_JeContinue' located by 'By.xpath: //*[@ng-reflect-label='Je continue']|/html/body/app-root/div/app-portal/main/app-triage-demandeur/div/div/div/form/div[2]/button/span' in '20' second(s)

2023-11-23 15:16:17 - [MESSAGE][INFO] - Smart Wait Function is triggered

2023-11-23 15:16:17 - [MESSAGE][INFO] - Found 1 web elements with id: 'Object Repository/Page_Accueil_Usager/btn_JeContinue' located by 'By.xpath: //*[@ng-reflect-label='Je continue']|/html/body/app-root/div/app-portal/main/app-triage-demandeur/div/div/div/form/div[2]/button/span' in '20' second(s)

2023-11-23 15:16:17 - [MESSAGE][INFO] - Checking object

2023-11-23 15:16:17 - [MESSAGE][INFO] - Checking timeout

2023-11-23 15:16:17 - [MESSAGE][INFO] - Finding web element from Test Object's properties

2023-11-23 15:16:17 - [MESSAGE][INFO] - Checking timeout

2023-11-23 15:16:17 - [MESSAGE][INFO] - Finding web element with id: 'Object Repository/Page_Accueil_Usager/btn_JeContinue' located by 'By.xpath: //*[@ng-reflect-label='Je continue']|/html/body/app-root/div/app-portal/main/app-triage-demandeur/div/div/div/form/div[2]/button/span' in '5' second(s)

2023-11-23 15:16:17 - [MESSAGE][INFO] - Smart Wait Function is triggered

2023-11-23 15:16:17 - [MESSAGE][INFO] - Found 1 web elements with id: 'Object Repository/Page_Accueil_Usager/btn_JeContinue' located by 'By.xpath: //*[@ng-reflect-label='Je continue']|/html/body/app-root/div/app-portal/main/app-triage-demandeur/div/div/div/form/div[2]/button/span' in '5' second(s)

2023-11-23 15:16:17 - [MESSAGE][INFO] - Clicking on object: 'Object Repository/Page_Accueil_Usager/btn_JeContinue'

2023-11-23 15:16:19 - [MESSAGE][PASSED] - Object: 'Object Repository/Page_Accueil_Usager/btn_JeContinue' is clicked on

2023-11-23 15:16:19 - [MESSAGE][PASSED] - Call Test Case 'Test Cases/Test Reutilisable/DemandeOuRenouvelle_TitreSejour/DemandeOuRenouvelleTitreSejour' successfully

2023-11-23 15:16:19 - [TEST_STEP][PASSED] - callTestCase(findTestCase("Test Reutilisable/DemandeOuRenouvelle_TitreSejour/FormulaireTypeDeTitreDeSejour"), ["TypeTitreDeSejour":TypeTitreDeSejour, "Titre":Titre], STOP_ON_FAILURE): Call Test Case 'Test Cases/Test Reutilisable/DemandeOuRenouvelle_TitreSejour/FormulaireTypeDeTitreDeSejour' successfully

2023-11-23 15:16:19 - [MESSAGE][INFO] - Checking called Test Case

2023-11-23 15:16:19 - [MESSAGE][INFO] - Starting to call Test Case 'Test Cases/Test Reutilisable/DemandeOuRenouvelle_TitreSejour/FormulaireTypeDeTitreDeSejour'

2023-11-23 15:16:19 - [TEST_CASE][PASSED] - Test Cases/Test Reutilisable/DemandeOuRenouvelle_TitreSejour/FormulaireTypeDeTitreDeSejour: Test Cases/Test Reutilisable/DemandeOuRenouvelle_TitreSejour/FormulaireTypeDeTitreDeSejour

2023-11-23 15:16:19 - [TEST_STEP][PASSED] - com.kazurayam.ksbackyard.HighlightElement.pandemic(): com.kazurayam.ksbackyard.HighlightElement.pandemic is PASSED

2023-11-23 15:16:19 - [MESSAGE][PASSED] - com.kazurayam.ksbackyard.HighlightElement.pandemic is PASSED

2023-11-23 15:16:19 - [TEST_STEP][PASSED] - delay(10): Delayed 10 second(s)

2023-11-23 15:16:19 - [MESSAGE][INFO] - Delaying browser in 10 second(s)

2023-11-23 15:16:29 - [MESSAGE][PASSED] - Delayed 10 second(s)

2023-11-23 15:16:29 - [TEST_STEP][PASSED] - switch (TypeTitreDeSejour): null

2023-11-23 15:16:29 - [TEST_STEP][PASSED] - case "Visiteur":: null

2023-11-23 15:16:29 - [TEST_STEP][PASSED] - if (Titre == "Visiteur"): null

2023-11-23 15:16:29 - [TEST_STEP][PASSED] - else: Object: 'Object Repository/Page_DemarcheRenouvellement/Btn_JeContinue' is double clicked on

2023-11-23 15:16:29 - [TEST_STEP][PASSED] - check(findTestObject("Object Repository/Page_DemarcheRenouvellement/CheckBox_SolliciteTS_Visiteur")): Object 'Object Repository/Page_DemarcheRenouvellement/CheckBox_SolliciteTS_Visiteur' is checked

2023-11-23 15:16:29 - [MESSAGE][INFO] - Finding Test Object 'Object Repository/Page_DemarcheRenouvellement/CheckBox_SolliciteTS_Visiteur'

2023-11-23 15:16:29 - [MESSAGE][INFO] - Checking object

2023-11-23 15:16:29 - [MESSAGE][INFO] - Finding web element from Test Object's properties

2023-11-23 15:16:29 - [MESSAGE][INFO] - Checking timeout

2023-11-23 15:16:29 - [MESSAGE][INFO] - Finding web element with id: 'Object Repository/Page_DemarcheRenouvellement/CheckBox_SolliciteTS_Visiteur' located by 'By.xpath: //*/div[2]/app-radio-tree-button/div/p-radiobutton/div/div[2]/span' in '5' second(s)

2023-11-23 15:16:29 - [MESSAGE][INFO] - Smart Wait Function is triggered

2023-11-23 15:16:29 - [MESSAGE][INFO] - Found 1 web elements with id: 'Object Repository/Page_DemarcheRenouvellement/CheckBox_SolliciteTS_Visiteur' located by 'By.xpath: //*/div[2]/app-radio-tree-button/div/p-radiobutton/div/div[2]/span' in '5' second(s)

2023-11-23 15:16:29 - [MESSAGE][INFO] - Checking on bject 'Object Repository/Page_DemarcheRenouvellement/CheckBox_SolliciteTS_Visiteur'

2023-11-23 15:16:31 - [MESSAGE][PASSED] - Object 'Object Repository/Page_DemarcheRenouvellement/CheckBox_SolliciteTS_Visiteur' is checked

2023-11-23 15:16:31 - [TEST_STEP][PASSED] - click(findTestObject("Object Repository/Page_DemarcheRenouvellement/btn_JeCommence")): Object: 'Object Repository/Page_DemarcheRenouvellement/btn_JeCommence' is clicked on

2023-11-23 15:16:31 - [MESSAGE][INFO] - Finding Test Object 'Object Repository/Page_DemarcheRenouvellement/btn_JeCommence'

2023-11-23 15:16:31 - [MESSAGE][INFO] - Checking timeout

2023-11-23 15:16:31 - [MESSAGE][INFO] - Finding web element with id: 'Object Repository/Page_DemarcheRenouvellement/btn_JeCommence' located by 'By.xpath: //app-informations-declaration//app-actions-bar//button/span[contains(.,'Je continue')]|//app-informations-demande-ptsq//app-actions-bar//button/span[contains(.,'Je continue')]|//*/div[2]/button/span|//button[@type="submit" and contains(., 'Je commence')]|//button[@type="submit" and contains(., 'Je continue')]' in '20' second(s)

2023-11-23 15:16:31 - [MESSAGE][INFO] - Smart Wait Function is triggered

2023-11-23 15:16:31 - [MESSAGE][INFO] - Found 1 web elements with id: 'Object Repository/Page_DemarcheRenouvellement/btn_JeCommence' located by 'By.xpath: //app-informations-declaration//app-actions-bar//button/span[contains(.,'Je continue')]|//app-informations-demande-ptsq//app-actions-bar//button/span[contains(.,'Je continue')]|//*/div[2]/button/span|//button[@type="submit" and contains(., 'Je commence')]|//button[@type="submit" and contains(., 'Je continue')]' in '20' second(s)

2023-11-23 15:16:31 - [MESSAGE][INFO] - Checking object

2023-11-23 15:16:31 - [MESSAGE][INFO] - Checking timeout

2023-11-23 15:16:31 - [MESSAGE][INFO] - Finding web element from Test Object's properties

2023-11-23 15:16:31 - [MESSAGE][INFO] - Checking timeout

2023-11-23 15:16:31 - [MESSAGE][INFO] - Finding web element with id: 'Object Repository/Page_DemarcheRenouvellement/btn_JeCommence' located by 'By.xpath: //app-informations-declaration//app-actions-bar//button/span[contains(.,'Je continue')]|//app-informations-demande-ptsq//app-actions-bar//button/span[contains(.,'Je continue')]|//*/div[2]/button/span|//button[@type="submit" and contains(., 'Je commence')]|//button[@type="submit" and contains(., 'Je continue')]' in '5' second(s)

2023-11-23 15:16:31 - [MESSAGE][INFO] - Smart Wait Function is triggered

2023-11-23 15:16:31 - [MESSAGE][INFO] - Found 1 web elements with id: 'Object Repository/Page_DemarcheRenouvellement/btn_JeCommence' located by 'By.xpath: //app-informations-declaration//app-actions-bar//button/span[contains(.,'Je continue')]|//app-informations-demande-ptsq//app-actions-bar//button/span[contains(.,'Je continue')]|//*/div[2]/button/span|//button[@type="submit" and contains(., 'Je commence')]|//button[@type="submit" and contains(., 'Je continue')]' in '5' second(s)

2023-11-23 15:16:31 - [MESSAGE][INFO] - Clicking on object: 'Object Repository/Page_DemarcheRenouvellement/btn_JeCommence'

2023-11-23 15:16:33 - [MESSAGE][PASSED] - Object: 'Object Repository/Page_DemarcheRenouvellement/btn_JeCommence' is clicked on

2023-11-23 15:16:33 - [TEST_STEP][PASSED] - delay(3): Delayed 3 second(s)

2023-11-23 15:16:33 - [MESSAGE][INFO] - Delaying browser in 3 second(s)

2023-11-23 15:16:36 - [MESSAGE][PASSED] - Delayed 3 second(s)

2023-11-23 15:16:36 - [TEST_STEP][PASSED] - doubleClick(findTestObject("Object Repository/Page_DemarcheRenouvellement/Btn_JeContinue")): Object: 'Object Repository/Page_DemarcheRenouvellement/Btn_JeContinue' is double clicked on

2023-11-23 15:16:36 - [MESSAGE][INFO] - Finding Test Object 'Object Repository/Page_DemarcheRenouvellement/Btn_JeContinue'

2023-11-23 15:16:36 - [MESSAGE][INFO] - Checking object

2023-11-23 15:16:36 - [MESSAGE][INFO] - Finding web element from Test Object's properties

2023-11-23 15:16:36 - [MESSAGE][INFO] - Checking timeout

2023-11-23 15:16:36 - [MESSAGE][INFO] - Finding web element with id: 'Object Repository/Page_DemarcheRenouvellement/Btn_JeContinue' located by 'By.xpath: //button[@type="submit" and contains(., 'Je commence')]|//span[@class="ui-button-text ui-clickable" and contains(., 'Je continue')]|//app-informations-declaration//app-actions-bar//button/span[contains(.,'Je continue')]|//app-informations-demande-ptch/div/app-actions-bar/div/div[2]/div/div[2]/button/span' in '5' second(s)

2023-11-23 15:16:36 - [MESSAGE][INFO] - Smart Wait Function is triggered

2023-11-23 15:16:36 - [MESSAGE][INFO] - Found 1 web elements with id: 'Object Repository/Page_DemarcheRenouvellement/Btn_JeContinue' located by 'By.xpath: //button[@type="submit" and contains(., 'Je commence')]|//span[@class="ui-button-text ui-clickable" and contains(., 'Je continue')]|//app-informations-declaration//app-actions-bar//button/span[contains(.,'Je continue')]|//app-informations-demande-ptch/div/app-actions-bar/div/div[2]/div/div[2]/button/span' in '5' second(s)

2023-11-23 15:16:36 - [MESSAGE][INFO] - Double clicking on object: 'Object Repository/Page_DemarcheRenouvellement/Btn_JeContinue'

2023-11-23 15:16:36 - [MESSAGE][PASSED] - Object: 'Object Repository/Page_DemarcheRenouvellement/Btn_JeContinue' is double clicked on

2023-11-23 15:16:36 - [TEST_STEP][PASSED] - break: null

2023-11-23 15:16:36 - [TEST_STEP][PASSED] - "VÃ©rification s il y a un message Erreur : Il est trop tÃ´t pour demander le renouvellement de votre titre.": null

2023-11-23 15:16:36 - [TEST_STEP][PASSED] - MsgAlertPresent = verifyElementPresent(findTestObject("Object Repository/Page_Accueil_Usager/Verif_PopUpTropTotPourDemanderLeRenouvellementDeVotreTitre"), 1, OPTIONAL): com.kms.katalon.core.webui.exception.WebElementNotFoundException: Web element with id: 'Object Repository/Page_Accueil_Usager/Verif_PopUpTropTotPourDemanderLeRenouvellementDeVotreTitre' located by '/html/body/app-root/div/app-portal/main/app-theme-v2/div/app-triage/div/div/div/form/div[2]/div/p-message/div/span[2]' not found (Root cause: com.kms.katalon.core.exception.StepFailedException: com.kms.katalon.core.webui.exception.WebElementNotFoundException: Web element with id: 'Object Repository/Page_Accueil_Usager/Verif_PopUpTropTotPourDemanderLeRenouvellementDeVotreTitre' located by '/html/body/app-root/div/app-portal/main/app-theme-v2/div/app-triage/div/div/div/form/div[2]/div/p-message/div/span[2]' not found
	at com.kms.katalon.core.webui.keyword.internal.WebUIKeywordMain.stepFailed(WebUIKeywordMain.groovy:64)
	at com.kms.katalon.core.webui.keyword.builtin.VerifyElementPresentKeyword$_verifyElementPresent_closure1.doCall(VerifyElementPresentKeyword.groovy:85)
	at com.kms.katalon.core.webui.keyword.builtin.VerifyElementPresentKeyword$_verifyElementPresent_closure1.call(VerifyElementPresentKeyword.groovy)
	at com.kms.katalon.core.webui.keyword.internal.WebUIKeywordMain.runKeyword(WebUIKeywordMain.groovy:20)
	at com.kms.katalon.core.webui.keyword.builtin.VerifyElementPresentKeyword.verifyElementPresent(VerifyElementPresentKeyword.groovy:92)
	at com.kms.katalon.core.webui.keyword.builtin.VerifyElementPresentKeyword.execute(VerifyElementPresentKeyword.groovy:68)
	at com.kms.katalon.core.keyword.internal.KeywordExecutor.executeKeywordForPlatform(KeywordExecutor.groovy:74)
	at com.kms.katalon.core.webui.keyword.WebUiBuiltInKeywords.verifyElementPresent(WebUiBuiltInKeywords.groovy:1448)
	at com.kazurayam.ksbackyard.HighlightElement$_pandemic_closure1.doCall(HighlightElement.groovy:105)
	at FormulaireTypeDeTitreDeSejour.run(FormulaireTypeDeTitreDeSejour:302)
	at com.kms.katalon.core.main.ScriptEngine.run(ScriptEngine.java:194)
	at com.kms.katalon.core.main.ScriptEngine.runScriptAsRawText(ScriptEngine.java:119)
	at com.kms.katalon.core.main.TestCaseExecutor.runScript(TestCaseExecutor.java:448)
	at com.kms.katalon.core.main.TestCaseExecutor.doExecute(TestCaseExecutor.java:439)
	at com.kms.katalon.core.main.TestCaseExecutor.processExecutionPhase(TestCaseExecutor.java:418)
	at com.kms.katalon.core.main.TestCaseExecutor.accessMainPhase(TestCaseExecutor.java:410)
	at com.kms.katalon.core.main.TestCaseExecutor.execute(TestCaseExecutor.java:285)
	at com.kms.katalon.core.main.TestCaseMain.runTestCase(TestCaseMain.java:144)
	at com.kms.katalon.core.keyword.builtin.CallTestCaseKeyword$_callTestCase_closure1.doCall(CallTestCaseKeyword.groovy:59)
	at com.kms.katalon.core.keyword.builtin.CallTestCaseKeyword$_callTestCase_closure1.call(CallTestCaseKeyword.groovy)
	at com.kms.katalon.core.keyword.internal.KeywordMain.runKeyword(KeywordMain.groovy:75)
	at com.kms.katalon.core.keyword.builtin.CallTestCaseKeyword.callTestCase(CallTestCaseKeyword.groovy:81)
	at com.kms.katalon.core.keyword.builtin.CallTestCaseKeyword.execute(CallTestCaseKeyword.groovy:44)
	at com.kms.katalon.core.keyword.internal.KeywordExecutor.executeKeywordForPlatform(KeywordExecutor.groovy:74)
	at com.kms.katalon.core.keyword.BuiltinKeywords.callTestCase(BuiltinKeywords.groovy:310)
	at com.kazurayam.ksbackyard.HighlightElement$_pandemic_closure1.doCall(HighlightElement.groovy:105)
	at TNR R.TSPT Supp90-Etudiant.run(TNR R.TSPT Supp90-Etudiant:43)
	at com.kms.katalon.core.main.ScriptEngine.run(ScriptEngine.java:194)
	at com.kms.katalon.core.main.ScriptEngine.runScriptAsRawText(ScriptEngine.java:119)
	at com.kms.katalon.core.main.TestCaseExecutor.runScript(TestCaseExecutor.java:448)
	at com.kms.katalon.core.main.TestCaseExecutor.doExecute(TestCaseExecutor.java:439)
	at com.kms.katalon.core.main.TestCaseExecutor.processExecutionPhase(TestCaseExecutor.java:418)
	at com.kms.katalon.core.main.TestCaseExecutor.accessMainPhase(TestCaseExecutor.java:410)
	at com.kms.katalon.core.main.TestCaseExecutor.execute(TestCaseExecutor.java:285)
	at com.kms.katalon.core.common.CommonExecutor.accessTestCaseMainPhase(CommonExecutor.java:65)
	at com.kms.katalon.core.main.TestSuiteExecutor.accessTestSuiteMainPhase(TestSuiteExecutor.java:148)
	at com.kms.katalon.core.main.TestSuiteExecutor.execute(TestSuiteExecutor.java:106)
	at com.kms.katalon.core.main.TestCaseMain.startTestSuite(TestCaseMain.java:187)
	at com.kms.katalon.core.main.TestCaseMain$startTestSuite$0.call(Unknown Source)
	at TempTestSuite1700747757013.run(TempTestSuite1700747757013.groovy:36)
)

2023-11-23 15:16:36 - [MESSAGE][INFO] - Finding Test Object 'Object Repository/Page_Accueil_Usager/Verif_PopUpTropTotPourDemanderLeRenouvellementDeVotreTitre'

2023-11-23 15:16:37 - [MESSAGE][INFO] - Checking object

2023-11-23 15:16:37 - [MESSAGE][INFO] - Finding web element from Test Object's properties

2023-11-23 15:16:37 - [MESSAGE][INFO] - Checking timeout

2023-11-23 15:16:37 - [MESSAGE][INFO] - Finding web element with id: 'Object Repository/Page_Accueil_Usager/Verif_PopUpTropTotPourDemanderLeRenouvellementDeVotreTitre' located by 'By.xpath: /html/body/app-root/div/app-portal/main/app-theme-v2/div/app-triage/div/div/div/form/div[2]/div/p-message/div/span[2]' in '1' second(s)

2023-11-23 15:16:37 - [MESSAGE][INFO] - Smart Wait Function is triggered

2023-11-23 15:16:37 - [MESSAGE][INFO] - Smart Wait Function is triggered

2023-11-23 15:16:37 - [MESSAGE][INFO] - Smart Wait Function is triggered

2023-11-23 15:16:37 - [MESSAGE][INFO] - Smart Wait Function is triggered

2023-11-23 15:16:37 - [MESSAGE][INFO] - Smart Wait Function is triggered

2023-11-23 15:16:37 - [MESSAGE][INFO] - Smart Wait Function is triggered

2023-11-23 15:16:37 - [MESSAGE][INFO] - Smart Wait Function is triggered

2023-11-23 15:16:37 - [MESSAGE][INFO] - Smart Wait Function is triggered

2023-11-23 15:16:37 - [MESSAGE][INFO] - Smart Wait Function is triggered

2023-11-23 15:16:37 - [MESSAGE][INFO] - Smart Wait Function is triggered

2023-11-23 15:16:37 - [MESSAGE][INFO] - Smart Wait Function is triggered

2023-11-23 15:16:37 - [MESSAGE][INFO] - Smart Wait Function is triggered

2023-11-23 15:16:37 - [MESSAGE][INFO] - Smart Wait Function is triggered

2023-11-23 15:16:37 - [MESSAGE][INFO] - Smart Wait Function is triggered

2023-11-23 15:16:37 - [MESSAGE][INFO] - Smart Wait Function is triggered

2023-11-23 15:16:37 - [MESSAGE][INFO] - Smart Wait Function is triggered

2023-11-23 15:16:37 - [MESSAGE][INFO] - Smart Wait Function is triggered

2023-11-23 15:16:37 - [MESSAGE][INFO] - Smart Wait Function is triggered

2023-11-23 15:16:37 - [MESSAGE][INFO] - Smart Wait Function is triggered

2023-11-23 15:16:37 - [MESSAGE][INFO] - Smart Wait Function is triggered

2023-11-23 15:16:37 - [MESSAGE][INFO] - Smart Wait Function is triggered

2023-11-23 15:16:37 - [MESSAGE][INFO] - Smart Wait Function is triggered

2023-11-23 15:16:37 - [MESSAGE][INFO] - Smart Wait Function is triggered

2023-11-23 15:16:37 - [MESSAGE][INFO] - Smart Wait Function is triggered

2023-11-23 15:16:38 - [MESSAGE][INFO] - Smart Wait Function is triggered

2023-11-23 15:16:38 - [MESSAGE][INFO] - Smart Wait Function is triggered

2023-11-23 15:16:38 - [MESSAGE][INFO] - Smart Wait Function is triggered

2023-11-23 15:16:38 - [MESSAGE][INFO] - Smart Wait Function is triggered

2023-11-23 15:16:38 - [MESSAGE][INFO] - Smart Wait Function is triggered

2023-11-23 15:16:38 - [MESSAGE][INFO] - Smart Wait Function is triggered

2023-11-23 15:16:38 - [MESSAGE][INFO] - Smart Wait Function is triggered

2023-11-23 15:16:38 - [MESSAGE][INFO] - Smart Wait Function is triggered

2023-11-23 15:16:38 - [MESSAGE][INFO] - Smart Wait Function is triggered

2023-11-23 15:16:38 - [MESSAGE][INFO] - Smart Wait Function is triggered

2023-11-23 15:16:38 - [MESSAGE][INFO] - Smart Wait Function is triggered

2023-11-23 15:16:38 - [MESSAGE][INFO] - Smart Wait Function is triggered

2023-11-23 15:16:38 - [MESSAGE][INFO] - Smart Wait Function is triggered

2023-11-23 15:16:38 - [MESSAGE][INFO] - Smart Wait Function is triggered

2023-11-23 15:16:38 - [MESSAGE][INFO] - Smart Wait Function is triggered

2023-11-23 15:16:38 - [MESSAGE][INFO] - Smart Wait Function is triggered

2023-11-23 15:16:38 - [MESSAGE][INFO] - Smart Wait Function is triggered

2023-11-23 15:16:38 - [MESSAGE][INFO] - Smart Wait Function is triggered

2023-11-23 15:16:38 - [MESSAGE][INFO] - Smart Wait Function is triggered

2023-11-23 15:16:38 - [MESSAGE][INFO] - Smart Wait Function is triggered

2023-11-23 15:16:38 - [MESSAGE][INFO] - Smart Wait Function is triggered

2023-11-23 15:16:38 - [MESSAGE][INFO] - Smart Wait Function is triggered

2023-11-23 15:16:38 - [MESSAGE][INFO] - Smart Wait Function is triggered

2023-11-23 15:16:38 - [MESSAGE][INFO] - Smart Wait Function is triggered

2023-11-23 15:16:38 - [MESSAGE][INFO] - Smart Wait Function is triggered

2023-11-23 15:16:38 - [MESSAGE][INFO] - Smart Wait Function is triggered

2023-11-23 15:16:38 - [MESSAGE][INFO] - Smart Wait Function is triggered

2023-11-23 15:16:38 - [MESSAGE][INFO] - Smart Wait Function is triggered

2023-11-23 15:16:38 - [MESSAGE][INFO] - Smart Wait Function is triggered

2023-11-23 15:16:38 - [MESSAGE][INFO] - Smart Wait Function is triggered

2023-11-23 15:16:38 - [MESSAGE][INFO] - Smart Wait Function is triggered

2023-11-23 15:16:39 - [MESSAGE][INFO] - Smart Wait Function is triggered

2023-11-23 15:16:39 - [MESSAGE][INFO] - Smart Wait Function is triggered

2023-11-23 15:16:39 - [MESSAGE][INFO] - Unable to find the element located by 'By.xpath: /html/body/app-root/div/app-portal/main/app-theme-v2/div/app-triage/div/div/div/form/div[2]/div/p-message/div/span[2]'. Please recheck the objects properties to make sure the desired element is located. 

2023-11-23 15:16:39 - [MESSAGE][WARNING] - com.kms.katalon.core.webui.exception.WebElementNotFoundException: Web element with id: 'Object Repository/Page_Accueil_Usager/Verif_PopUpTropTotPourDemanderLeRenouvellementDeVotreTitre' located by '/html/body/app-root/div/app-portal/main/app-theme-v2/div/app-triage/div/div/div/form/div[2]/div/p-message/div/span[2]' not found (Root cause: com.kms.katalon.core.exception.StepFailedException: com.kms.katalon.core.webui.exception.WebElementNotFoundException: Web element with id: 'Object Repository/Page_Accueil_Usager/Verif_PopUpTropTotPourDemanderLeRenouvellementDeVotreTitre' located by '/html/body/app-root/div/app-portal/main/app-theme-v2/div/app-triage/div/div/div/form/div[2]/div/p-message/div/span[2]' not found
	at com.kms.katalon.core.webui.keyword.internal.WebUIKeywordMain.stepFailed(WebUIKeywordMain.groovy:64)
	at com.kms.katalon.core.webui.keyword.builtin.VerifyElementPresentKeyword$_verifyElementPresent_closure1.doCall(VerifyElementPresentKeyword.groovy:85)
	at com.kms.katalon.core.webui.keyword.builtin.VerifyElementPresentKeyword$_verifyElementPresent_closure1.call(VerifyElementPresentKeyword.groovy)
	at com.kms.katalon.core.webui.keyword.internal.WebUIKeywordMain.runKeyword(WebUIKeywordMain.groovy:20)
	at com.kms.katalon.core.webui.keyword.builtin.VerifyElementPresentKeyword.verifyElementPresent(VerifyElementPresentKeyword.groovy:92)
	at com.kms.katalon.core.webui.keyword.builtin.VerifyElementPresentKeyword.execute(VerifyElementPresentKeyword.groovy:68)
	at com.kms.katalon.core.keyword.internal.KeywordExecutor.executeKeywordForPlatform(KeywordExecutor.groovy:74)
	at com.kms.katalon.core.webui.keyword.WebUiBuiltInKeywords.verifyElementPresent(WebUiBuiltInKeywords.groovy:1448)
	at com.kazurayam.ksbackyard.HighlightElement$_pandemic_closure1.doCall(HighlightElement.groovy:105)
	at FormulaireTypeDeTitreDeSejour.run(FormulaireTypeDeTitreDeSejour:302)
	at com.kms.katalon.core.main.ScriptEngine.run(ScriptEngine.java:194)
	at com.kms.katalon.core.main.ScriptEngine.runScriptAsRawText(ScriptEngine.java:119)
	at com.kms.katalon.core.main.TestCaseExecutor.runScript(TestCaseExecutor.java:448)
	at com.kms.katalon.core.main.TestCaseExecutor.doExecute(TestCaseExecutor.java:439)
	at com.kms.katalon.core.main.TestCaseExecutor.processExecutionPhase(TestCaseExecutor.java:418)
	at com.kms.katalon.core.main.TestCaseExecutor.accessMainPhase(TestCaseExecutor.java:410)
	at com.kms.katalon.core.main.TestCaseExecutor.execute(TestCaseExecutor.java:285)
	at com.kms.katalon.core.main.TestCaseMain.runTestCase(TestCaseMain.java:144)
	at com.kms.katalon.core.keyword.builtin.CallTestCaseKeyword$_callTestCase_closure1.doCall(CallTestCaseKeyword.groovy:59)
	at com.kms.katalon.core.keyword.builtin.CallTestCaseKeyword$_callTestCase_closure1.call(CallTestCaseKeyword.groovy)
	at com.kms.katalon.core.keyword.internal.KeywordMain.runKeyword(KeywordMain.groovy:75)
	at com.kms.katalon.core.keyword.builtin.CallTestCaseKeyword.callTestCase(CallTestCaseKeyword.groovy:81)
	at com.kms.katalon.core.keyword.builtin.CallTestCaseKeyword.execute(CallTestCaseKeyword.groovy:44)
	at com.kms.katalon.core.keyword.internal.KeywordExecutor.executeKeywordForPlatform(KeywordExecutor.groovy:74)
	at com.kms.katalon.core.keyword.BuiltinKeywords.callTestCase(BuiltinKeywords.groovy:310)
	at com.kazurayam.ksbackyard.HighlightElement$_pandemic_closure1.doCall(HighlightElement.groovy:105)
	at TNR R.TSPT Supp90-Etudiant.run(TNR R.TSPT Supp90-Etudiant:43)
	at com.kms.katalon.core.main.ScriptEngine.run(ScriptEngine.java:194)
	at com.kms.katalon.core.main.ScriptEngine.runScriptAsRawText(ScriptEngine.java:119)
	at com.kms.katalon.core.main.TestCaseExecutor.runScript(TestCaseExecutor.java:448)
	at com.kms.katalon.core.main.TestCaseExecutor.doExecute(TestCaseExecutor.java:439)
	at com.kms.katalon.core.main.TestCaseExecutor.processExecutionPhase(TestCaseExecutor.java:418)
	at com.kms.katalon.core.main.TestCaseExecutor.accessMainPhase(TestCaseExecutor.java:410)
	at com.kms.katalon.core.main.TestCaseExecutor.execute(TestCaseExecutor.java:285)
	at com.kms.katalon.core.common.CommonExecutor.accessTestCaseMainPhase(CommonExecutor.java:65)
	at com.kms.katalon.core.main.TestSuiteExecutor.accessTestSuiteMainPhase(TestSuiteExecutor.java:148)
	at com.kms.katalon.core.main.TestSuiteExecutor.execute(TestSuiteExecutor.java:106)
	at com.kms.katalon.core.main.TestCaseMain.startTestSuite(TestCaseMain.java:187)
	at com.kms.katalon.core.main.TestCaseMain$startTestSuite$0.call(Unknown Source)
	at TempTestSuite1700747757013.run(TempTestSuite1700747757013.groovy:36)
)
[[ATTACHMENT|C:\\Users\\ISSAM.RHARBAOUI\\git\\22_11\\ANEF-AutomatizationProject\\Reports\\20231123_145557\\TS_TNR_R.TSPT_Suppo90\\20231123_145557\\1700748999086.png]]

2023-11-23 15:16:39 - [TEST_STEP][PASSED] - if (MsgAlertPresent): null

2023-11-23 15:16:39 - [TEST_STEP][PASSED] - else:  C'est le bon Moment pour demander le renouvellement de votre titre.

2023-11-23 15:16:39 - [TEST_STEP][PASSED] - markPassed(" C'est le bon Moment pour demander le renouvellement de votre titre."):  C'est le bon Moment pour demander le renouvellement de votre titre.

2023-11-23 15:16:39 - [MESSAGE][PASSED] -  C'est le bon Moment pour demander le renouvellement de votre titre.

2023-11-23 15:16:39 - [MESSAGE][PASSED] - Call Test Case 'Test Cases/Test Reutilisable/DemandeOuRenouvelle_TitreSejour/FormulaireTypeDeTitreDeSejour' successfully

2023-11-23 15:16:39 - [TEST_STEP][PASSED] - callTestCase(findTestCase("Test Reutilisable/DemandeOuRenouvelle_TitreSejour/FormulaireInformationsPersonnelles"), ["AdresseUsager":AdresseUsager, "NumeroTelephoneUsager":NumeroTelephoneUsager], STOP_ON_FAILURE): Call Test Case 'Test Cases/Test Reutilisable/DemandeOuRenouvelle_TitreSejour/FormulaireInformationsPersonnelles' successfully

2023-11-23 15:16:39 - [MESSAGE][INFO] - Checking called Test Case

2023-11-23 15:16:39 - [MESSAGE][INFO] - Starting to call Test Case 'Test Cases/Test Reutilisable/DemandeOuRenouvelle_TitreSejour/FormulaireInformationsPersonnelles'

2023-11-23 15:16:39 - [TEST_CASE][PASSED] - Test Cases/Test Reutilisable/DemandeOuRenouvelle_TitreSejour/FormulaireInformationsPersonnelles: Test Cases/Test Reutilisable/DemandeOuRenouvelle_TitreSejour/FormulaireInformationsPersonnelles

2023-11-23 15:16:39 - [TEST_STEP][PASSED] - com.kazurayam.ksbackyard.HighlightElement.pandemic(): com.kazurayam.ksbackyard.HighlightElement.pandemic is PASSED

2023-11-23 15:16:39 - [MESSAGE][PASSED] - com.kazurayam.ksbackyard.HighlightElement.pandemic is PASSED

2023-11-23 15:16:39 - [TEST_STEP][PASSED] - if (verifyElementPresent(findTestObject("Object Repository/Page_InformationPersonnelles_Usager/CheckBox_liensPersonnelsFamiliaux_1_Non"), 1, OPTIONAL)): com.kms.katalon.core.webui.exception.WebElementNotFoundException: Web element with id: 'Object Repository/Page_InformationPersonnelles_Usager/CheckBox_liensPersonnelsFamiliaux_1_Non' located by '//*[@id="ui-accordiontab-1-content"]/div/div/div[1]/div/anef-input-radio/div/div/fieldset/div/div[2]/p-radiobutton/div/div[2]/span' not found (Root cause: com.kms.katalon.core.exception.StepFailedException: com.kms.katalon.core.webui.exception.WebElementNotFoundException: Web element with id: 'Object Repository/Page_InformationPersonnelles_Usager/CheckBox_liensPersonnelsFamiliaux_1_Non' located by '//*[@id="ui-accordiontab-1-content"]/div/div/div[1]/div/anef-input-radio/div/div/fieldset/div/div[2]/p-radiobutton/div/div[2]/span' not found
	at com.kms.katalon.core.webui.keyword.internal.WebUIKeywordMain.stepFailed(WebUIKeywordMain.groovy:64)
	at com.kms.katalon.core.webui.keyword.builtin.VerifyElementPresentKeyword$_verifyElementPresent_closure1.doCall(VerifyElementPresentKeyword.groovy:85)
	at com.kms.katalon.core.webui.keyword.builtin.VerifyElementPresentKeyword$_verifyElementPresent_closure1.call(VerifyElementPresentKeyword.groovy)
	at com.kms.katalon.core.webui.keyword.internal.WebUIKeywordMain.runKeyword(WebUIKeywordMain.groovy:20)
	at com.kms.katalon.core.webui.keyword.builtin.VerifyElementPresentKeyword.verifyElementPresent(VerifyElementPresentKeyword.groovy:92)
	at com.kms.katalon.core.webui.keyword.builtin.VerifyElementPresentKeyword.execute(VerifyElementPresentKeyword.groovy:68)
	at com.kms.katalon.core.keyword.internal.KeywordExecutor.executeKeywordForPlatform(KeywordExecutor.groovy:74)
	at com.kms.katalon.core.webui.keyword.WebUiBuiltInKeywords.verifyElementPresent(WebUiBuiltInKeywords.groovy:1448)
	at com.kazurayam.ksbackyard.HighlightElement$_pandemic_closure1.doCall(HighlightElement.groovy:105)
	at FormulaireInformationsPersonnelles.run(FormulaireInformationsPersonnelles:28)
	at com.kms.katalon.core.main.ScriptEngine.run(ScriptEngine.java:194)
	at com.kms.katalon.core.main.ScriptEngine.runScriptAsRawText(ScriptEngine.java:119)
	at com.kms.katalon.core.main.TestCaseExecutor.runScript(TestCaseExecutor.java:448)
	at com.kms.katalon.core.main.TestCaseExecutor.doExecute(TestCaseExecutor.java:439)
	at com.kms.katalon.core.main.TestCaseExecutor.processExecutionPhase(TestCaseExecutor.java:418)
	at com.kms.katalon.core.main.TestCaseExecutor.accessMainPhase(TestCaseExecutor.java:410)
	at com.kms.katalon.core.main.TestCaseExecutor.execute(TestCaseExecutor.java:285)
	at com.kms.katalon.core.main.TestCaseMain.runTestCase(TestCaseMain.java:144)
	at com.kms.katalon.core.keyword.builtin.CallTestCaseKeyword$_callTestCase_closure1.doCall(CallTestCaseKeyword.groovy:59)
	at com.kms.katalon.core.keyword.builtin.CallTestCaseKeyword$_callTestCase_closure1.call(CallTestCaseKeyword.groovy)
	at com.kms.katalon.core.keyword.internal.KeywordMain.runKeyword(KeywordMain.groovy:75)
	at com.kms.katalon.core.keyword.builtin.CallTestCaseKeyword.callTestCase(CallTestCaseKeyword.groovy:81)
	at com.kms.katalon.core.keyword.builtin.CallTestCaseKeyword.execute(CallTestCaseKeyword.groovy:44)
	at com.kms.katalon.core.keyword.internal.KeywordExecutor.executeKeywordForPlatform(KeywordExecutor.groovy:74)
	at com.kms.katalon.core.keyword.BuiltinKeywords.callTestCase(BuiltinKeywords.groovy:310)
	at com.kazurayam.ksbackyard.HighlightElement$_pandemic_closure1.doCall(HighlightElement.groovy:105)
	at TNR R.TSPT Supp90-Etudiant.run(TNR R.TSPT Supp90-Etudiant:47)
	at com.kms.katalon.core.main.ScriptEngine.run(ScriptEngine.java:194)
	at com.kms.katalon.core.main.ScriptEngine.runScriptAsRawText(ScriptEngine.java:119)
	at com.kms.katalon.core.main.TestCaseExecutor.runScript(TestCaseExecutor.java:448)
	at com.kms.katalon.core.main.TestCaseExecutor.doExecute(TestCaseExecutor.java:439)
	at com.kms.katalon.core.main.TestCaseExecutor.processExecutionPhase(TestCaseExecutor.java:418)
	at com.kms.katalon.core.main.TestCaseExecutor.accessMainPhase(TestCaseExecutor.java:410)
	at com.kms.katalon.core.main.TestCaseExecutor.execute(TestCaseExecutor.java:285)
	at com.kms.katalon.core.common.CommonExecutor.accessTestCaseMainPhase(CommonExecutor.java:65)
	at com.kms.katalon.core.main.TestSuiteExecutor.accessTestSuiteMainPhase(TestSuiteExecutor.java:148)
	at com.kms.katalon.core.main.TestSuiteExecutor.execute(TestSuiteExecutor.java:106)
	at com.kms.katalon.core.main.TestCaseMain.startTestSuite(TestCaseMain.java:187)
	at com.kms.katalon.core.main.TestCaseMain$startTestSuite$0.call(Unknown Source)
	at TempTestSuite1700747757013.run(TempTestSuite1700747757013.groovy:36)
)

2023-11-23 15:16:39 - [MESSAGE][INFO] - Finding Test Object 'Object Repository/Page_InformationPersonnelles_Usager/CheckBox_liensPersonnelsFamiliaux_1_Non'

2023-11-23 15:16:39 - [MESSAGE][INFO] - Checking object

2023-11-23 15:16:39 - [MESSAGE][INFO] - Finding web element from Test Object's properties

2023-11-23 15:16:39 - [MESSAGE][INFO] - Checking timeout

2023-11-23 15:16:39 - [MESSAGE][INFO] - Finding web element with id: 'Object Repository/Page_InformationPersonnelles_Usager/CheckBox_liensPersonnelsFamiliaux_1_Non' located by 'By.xpath: //*[@id="ui-accordiontab-1-content"]/div/div/div[1]/div/anef-input-radio/div/div/fieldset/div/div[2]/p-radiobutton/div/div[2]/span' in '1' second(s)

2023-11-23 15:16:39 - [MESSAGE][INFO] - Smart Wait Function is triggered

2023-11-23 15:16:39 - [MESSAGE][INFO] - Smart Wait Function is triggered

2023-11-23 15:16:39 - [MESSAGE][INFO] - Smart Wait Function is triggered

2023-11-23 15:16:39 - [MESSAGE][INFO] - Smart Wait Function is triggered

2023-11-23 15:16:39 - [MESSAGE][INFO] - Smart Wait Function is triggered

2023-11-23 15:16:39 - [MESSAGE][INFO] - Smart Wait Function is triggered

2023-11-23 15:16:39 - [MESSAGE][INFO] - Smart Wait Function is triggered

2023-11-23 15:16:39 - [MESSAGE][INFO] - Smart Wait Function is triggered

2023-11-23 15:16:39 - [MESSAGE][INFO] - Smart Wait Function is triggered

2023-11-23 15:16:39 - [MESSAGE][INFO] - Smart Wait Function is triggered

2023-11-23 15:16:40 - [MESSAGE][INFO] - Smart Wait Function is triggered

2023-11-23 15:16:40 - [MESSAGE][INFO] - Smart Wait Function is triggered

2023-11-23 15:16:40 - [MESSAGE][INFO] - Smart Wait Function is triggered

2023-11-23 15:16:40 - [MESSAGE][INFO] - Smart Wait Function is triggered

2023-11-23 15:16:40 - [MESSAGE][INFO] - Smart Wait Function is triggered

2023-11-23 15:16:40 - [MESSAGE][INFO] - Smart Wait Function is triggered

2023-11-23 15:16:40 - [MESSAGE][INFO] - Smart Wait Function is triggered

2023-11-23 15:16:40 - [MESSAGE][INFO] - Smart Wait Function is triggered

2023-11-23 15:16:40 - [MESSAGE][INFO] - Smart Wait Function is triggered

2023-11-23 15:16:40 - [MESSAGE][INFO] - Smart Wait Function is triggered

2023-11-23 15:16:40 - [MESSAGE][INFO] - Smart Wait Function is triggered

2023-11-23 15:16:40 - [MESSAGE][INFO] - Smart Wait Function is triggered

2023-11-23 15:16:40 - [MESSAGE][INFO] - Smart Wait Function is triggered

2023-11-23 15:16:40 - [MESSAGE][INFO] - Smart Wait Function is triggered

2023-11-23 15:16:40 - [MESSAGE][INFO] - Smart Wait Function is triggered

2023-11-23 15:16:40 - [MESSAGE][INFO] - Smart Wait Function is triggered

2023-11-23 15:16:40 - [MESSAGE][INFO] - Smart Wait Function is triggered

2023-11-23 15:16:40 - [MESSAGE][INFO] - Smart Wait Function is triggered

2023-11-23 15:16:40 - [MESSAGE][INFO] - Smart Wait Function is triggered

2023-11-23 15:16:40 - [MESSAGE][INFO] - Smart Wait Function is triggered

2023-11-23 15:16:40 - [MESSAGE][INFO] - Smart Wait Function is triggered

2023-11-23 15:16:40 - [MESSAGE][INFO] - Smart Wait Function is triggered

2023-11-23 15:16:40 - [MESSAGE][INFO] - Smart Wait Function is triggered

2023-11-23 15:16:40 - [MESSAGE][INFO] - Smart Wait Function is triggered

2023-11-23 15:16:41 - [MESSAGE][INFO] - Smart Wait Function is triggered

2023-11-23 15:16:41 - [MESSAGE][INFO] - Smart Wait Function is triggered

2023-11-23 15:16:41 - [MESSAGE][INFO] - Smart Wait Function is triggered

2023-11-23 15:16:41 - [MESSAGE][INFO] - Smart Wait Function is triggered

2023-11-23 15:16:41 - [MESSAGE][INFO] - Smart Wait Function is triggered

2023-11-23 15:16:41 - [MESSAGE][INFO] - Smart Wait Function is triggered

2023-11-23 15:16:41 - [MESSAGE][INFO] - Smart Wait Function is triggered

2023-11-23 15:16:41 - [MESSAGE][INFO] - Smart Wait Function is triggered

2023-11-23 15:16:41 - [MESSAGE][INFO] - Smart Wait Function is triggered

2023-11-23 15:16:41 - [MESSAGE][INFO] - Smart Wait Function is triggered

2023-11-23 15:16:41 - [MESSAGE][INFO] - Smart Wait Function is triggered

2023-11-23 15:16:41 - [MESSAGE][INFO] - Smart Wait Function is triggered

2023-11-23 15:16:41 - [MESSAGE][INFO] - Smart Wait Function is triggered

2023-11-23 15:16:41 - [MESSAGE][INFO] - Smart Wait Function is triggered

2023-11-23 15:16:41 - [MESSAGE][INFO] - Smart Wait Function is triggered

2023-11-23 15:16:41 - [MESSAGE][INFO] - Smart Wait Function is triggered

2023-11-23 15:16:41 - [MESSAGE][INFO] - Smart Wait Function is triggered

2023-11-23 15:16:41 - [MESSAGE][INFO] - Smart Wait Function is triggered

2023-11-23 15:16:41 - [MESSAGE][INFO] - Smart Wait Function is triggered

2023-11-23 15:16:41 - [MESSAGE][INFO] - Smart Wait Function is triggered

2023-11-23 15:16:41 - [MESSAGE][INFO] - Unable to find the element located by 'By.xpath: //*[@id="ui-accordiontab-1-content"]/div/div/div[1]/div/anef-input-radio/div/div/fieldset/div/div[2]/p-radiobutton/div/div[2]/span'. Please recheck the objects properties to make sure the desired element is located. 

2023-11-23 15:16:42 - [MESSAGE][WARNING] - com.kms.katalon.core.webui.exception.WebElementNotFoundException: Web element with id: 'Object Repository/Page_InformationPersonnelles_Usager/CheckBox_liensPersonnelsFamiliaux_1_Non' located by '//*[@id="ui-accordiontab-1-content"]/div/div/div[1]/div/anef-input-radio/div/div/fieldset/div/div[2]/p-radiobutton/div/div[2]/span' not found (Root cause: com.kms.katalon.core.exception.StepFailedException: com.kms.katalon.core.webui.exception.WebElementNotFoundException: Web element with id: 'Object Repository/Page_InformationPersonnelles_Usager/CheckBox_liensPersonnelsFamiliaux_1_Non' located by '//*[@id="ui-accordiontab-1-content"]/div/div/div[1]/div/anef-input-radio/div/div/fieldset/div/div[2]/p-radiobutton/div/div[2]/span' not found
	at com.kms.katalon.core.webui.keyword.internal.WebUIKeywordMain.stepFailed(WebUIKeywordMain.groovy:64)
	at com.kms.katalon.core.webui.keyword.builtin.VerifyElementPresentKeyword$_verifyElementPresent_closure1.doCall(VerifyElementPresentKeyword.groovy:85)
	at com.kms.katalon.core.webui.keyword.builtin.VerifyElementPresentKeyword$_verifyElementPresent_closure1.call(VerifyElementPresentKeyword.groovy)
	at com.kms.katalon.core.webui.keyword.internal.WebUIKeywordMain.runKeyword(WebUIKeywordMain.groovy:20)
	at com.kms.katalon.core.webui.keyword.builtin.VerifyElementPresentKeyword.verifyElementPresent(VerifyElementPresentKeyword.groovy:92)
	at com.kms.katalon.core.webui.keyword.builtin.VerifyElementPresentKeyword.execute(VerifyElementPresentKeyword.groovy:68)
	at com.kms.katalon.core.keyword.internal.KeywordExecutor.executeKeywordForPlatform(KeywordExecutor.groovy:74)
	at com.kms.katalon.core.webui.keyword.WebUiBuiltInKeywords.verifyElementPresent(WebUiBuiltInKeywords.groovy:1448)
	at com.kazurayam.ksbackyard.HighlightElement$_pandemic_closure1.doCall(HighlightElement.groovy:105)
	at FormulaireInformationsPersonnelles.run(FormulaireInformationsPersonnelles:28)
	at com.kms.katalon.core.main.ScriptEngine.run(ScriptEngine.java:194)
	at com.kms.katalon.core.main.ScriptEngine.runScriptAsRawText(ScriptEngine.java:119)
	at com.kms.katalon.core.main.TestCaseExecutor.runScript(TestCaseExecutor.java:448)
	at com.kms.katalon.core.main.TestCaseExecutor.doExecute(TestCaseExecutor.java:439)
	at com.kms.katalon.core.main.TestCaseExecutor.processExecutionPhase(TestCaseExecutor.java:418)
	at com.kms.katalon.core.main.TestCaseExecutor.accessMainPhase(TestCaseExecutor.java:410)
	at com.kms.katalon.core.main.TestCaseExecutor.execute(TestCaseExecutor.java:285)
	at com.kms.katalon.core.main.TestCaseMain.runTestCase(TestCaseMain.java:144)
	at com.kms.katalon.core.keyword.builtin.CallTestCaseKeyword$_callTestCase_closure1.doCall(CallTestCaseKeyword.groovy:59)
	at com.kms.katalon.core.keyword.builtin.CallTestCaseKeyword$_callTestCase_closure1.call(CallTestCaseKeyword.groovy)
	at com.kms.katalon.core.keyword.internal.KeywordMain.runKeyword(KeywordMain.groovy:75)
	at com.kms.katalon.core.keyword.builtin.CallTestCaseKeyword.callTestCase(CallTestCaseKeyword.groovy:81)
	at com.kms.katalon.core.keyword.builtin.CallTestCaseKeyword.execute(CallTestCaseKeyword.groovy:44)
	at com.kms.katalon.core.keyword.internal.KeywordExecutor.executeKeywordForPlatform(KeywordExecutor.groovy:74)
	at com.kms.katalon.core.keyword.BuiltinKeywords.callTestCase(BuiltinKeywords.groovy:310)
	at com.kazurayam.ksbackyard.HighlightElement$_pandemic_closure1.doCall(HighlightElement.groovy:105)
	at TNR R.TSPT Supp90-Etudiant.run(TNR R.TSPT Supp90-Etudiant:47)
	at com.kms.katalon.core.main.ScriptEngine.run(ScriptEngine.java:194)
	at com.kms.katalon.core.main.ScriptEngine.runScriptAsRawText(ScriptEngine.java:119)
	at com.kms.katalon.core.main.TestCaseExecutor.runScript(TestCaseExecutor.java:448)
	at com.kms.katalon.core.main.TestCaseExecutor.doExecute(TestCaseExecutor.java:439)
	at com.kms.katalon.core.main.TestCaseExecutor.processExecutionPhase(TestCaseExecutor.java:418)
	at com.kms.katalon.core.main.TestCaseExecutor.accessMainPhase(TestCaseExecutor.java:410)
	at com.kms.katalon.core.main.TestCaseExecutor.execute(TestCaseExecutor.java:285)
	at com.kms.katalon.core.common.CommonExecutor.accessTestCaseMainPhase(CommonExecutor.java:65)
	at com.kms.katalon.core.main.TestSuiteExecutor.accessTestSuiteMainPhase(TestSuiteExecutor.java:148)
	at com.kms.katalon.core.main.TestSuiteExecutor.execute(TestSuiteExecutor.java:106)
	at com.kms.katalon.core.main.TestCaseMain.startTestSuite(TestCaseMain.java:187)
	at com.kms.katalon.core.main.TestCaseMain$startTestSuite$0.call(Unknown Source)
	at TempTestSuite1700747757013.run(TempTestSuite1700747757013.groovy:36)
)
[[ATTACHMENT|C:\\Users\\ISSAM.RHARBAOUI\\git\\22_11\\ANEF-AutomatizationProject\\Reports\\20231123_145557\\TS_TNR_R.TSPT_Suppo90\\20231123_145557\\1700749001727.png]]

2023-11-23 15:16:42 - [TEST_STEP][PASSED] - delay(2): Delayed 2 second(s)

2023-11-23 15:16:42 - [MESSAGE][INFO] - Delaying browser in 2 second(s)

2023-11-23 15:16:44 - [MESSAGE][PASSED] - Delayed 2 second(s)

2023-11-23 15:16:44 - [TEST_STEP][PASSED] - if (verifyElementPresent(findTestObject("Object Repository/Page_InformationPersonnelles_Usager/CheckBox_liensPersonnelsFamiliaux_2_Non"), 1, OPTIONAL)): com.kms.katalon.core.webui.exception.WebElementNotFoundException: Web element with id: 'Object Repository/Page_InformationPersonnelles_Usager/CheckBox_liensPersonnelsFamiliaux_2_Non' located by '//*[@id="ui-accordiontab-1-content"]/div/div/div[2]/div/anef-input-radio/div/div/fieldset/div/div[2]/p-radiobutton/div/div[2]' not found (Root cause: com.kms.katalon.core.exception.StepFailedException: com.kms.katalon.core.webui.exception.WebElementNotFoundException: Web element with id: 'Object Repository/Page_InformationPersonnelles_Usager/CheckBox_liensPersonnelsFamiliaux_2_Non' located by '//*[@id="ui-accordiontab-1-content"]/div/div/div[2]/div/anef-input-radio/div/div/fieldset/div/div[2]/p-radiobutton/div/div[2]' not found
	at com.kms.katalon.core.webui.keyword.internal.WebUIKeywordMain.stepFailed(WebUIKeywordMain.groovy:64)
	at com.kms.katalon.core.webui.keyword.builtin.VerifyElementPresentKeyword$_verifyElementPresent_closure1.doCall(VerifyElementPresentKeyword.groovy:85)
	at com.kms.katalon.core.webui.keyword.builtin.VerifyElementPresentKeyword$_verifyElementPresent_closure1.call(VerifyElementPresentKeyword.groovy)
	at com.kms.katalon.core.webui.keyword.internal.WebUIKeywordMain.runKeyword(WebUIKeywordMain.groovy:20)
	at com.kms.katalon.core.webui.keyword.builtin.VerifyElementPresentKeyword.verifyElementPresent(VerifyElementPresentKeyword.groovy:92)
	at com.kms.katalon.core.webui.keyword.builtin.VerifyElementPresentKeyword.execute(VerifyElementPresentKeyword.groovy:68)
	at com.kms.katalon.core.keyword.internal.KeywordExecutor.executeKeywordForPlatform(KeywordExecutor.groovy:74)
	at com.kms.katalon.core.webui.keyword.WebUiBuiltInKeywords.verifyElementPresent(WebUiBuiltInKeywords.groovy:1448)
	at com.kazurayam.ksbackyard.HighlightElement$_pandemic_closure1.doCall(HighlightElement.groovy:105)
	at FormulaireInformationsPersonnelles.run(FormulaireInformationsPersonnelles:33)
	at com.kms.katalon.core.main.ScriptEngine.run(ScriptEngine.java:194)
	at com.kms.katalon.core.main.ScriptEngine.runScriptAsRawText(ScriptEngine.java:119)
	at com.kms.katalon.core.main.TestCaseExecutor.runScript(TestCaseExecutor.java:448)
	at com.kms.katalon.core.main.TestCaseExecutor.doExecute(TestCaseExecutor.java:439)
	at com.kms.katalon.core.main.TestCaseExecutor.processExecutionPhase(TestCaseExecutor.java:418)
	at com.kms.katalon.core.main.TestCaseExecutor.accessMainPhase(TestCaseExecutor.java:410)
	at com.kms.katalon.core.main.TestCaseExecutor.execute(TestCaseExecutor.java:285)
	at com.kms.katalon.core.main.TestCaseMain.runTestCase(TestCaseMain.java:144)
	at com.kms.katalon.core.keyword.builtin.CallTestCaseKeyword$_callTestCase_closure1.doCall(CallTestCaseKeyword.groovy:59)
	at com.kms.katalon.core.keyword.builtin.CallTestCaseKeyword$_callTestCase_closure1.call(CallTestCaseKeyword.groovy)
	at com.kms.katalon.core.keyword.internal.KeywordMain.runKeyword(KeywordMain.groovy:75)
	at com.kms.katalon.core.keyword.builtin.CallTestCaseKeyword.callTestCase(CallTestCaseKeyword.groovy:81)
	at com.kms.katalon.core.keyword.builtin.CallTestCaseKeyword.execute(CallTestCaseKeyword.groovy:44)
	at com.kms.katalon.core.keyword.internal.KeywordExecutor.executeKeywordForPlatform(KeywordExecutor.groovy:74)
	at com.kms.katalon.core.keyword.BuiltinKeywords.callTestCase(BuiltinKeywords.groovy:310)
	at com.kazurayam.ksbackyard.HighlightElement$_pandemic_closure1.doCall(HighlightElement.groovy:105)
	at TNR R.TSPT Supp90-Etudiant.run(TNR R.TSPT Supp90-Etudiant:47)
	at com.kms.katalon.core.main.ScriptEngine.run(ScriptEngine.java:194)
	at com.kms.katalon.core.main.ScriptEngine.runScriptAsRawText(ScriptEngine.java:119)
	at com.kms.katalon.core.main.TestCaseExecutor.runScript(TestCaseExecutor.java:448)
	at com.kms.katalon.core.main.TestCaseExecutor.doExecute(TestCaseExecutor.java:439)
	at com.kms.katalon.core.main.TestCaseExecutor.processExecutionPhase(TestCaseExecutor.java:418)
	at com.kms.katalon.core.main.TestCaseExecutor.accessMainPhase(TestCaseExecutor.java:410)
	at com.kms.katalon.core.main.TestCaseExecutor.execute(TestCaseExecutor.java:285)
	at com.kms.katalon.core.common.CommonExecutor.accessTestCaseMainPhase(CommonExecutor.java:65)
	at com.kms.katalon.core.main.TestSuiteExecutor.accessTestSuiteMainPhase(TestSuiteExecutor.java:148)
	at com.kms.katalon.core.main.TestSuiteExecutor.execute(TestSuiteExecutor.java:106)
	at com.kms.katalon.core.main.TestCaseMain.startTestSuite(TestCaseMain.java:187)
	at com.kms.katalon.core.main.TestCaseMain$startTestSuite$0.call(Unknown Source)
	at TempTestSuite1700747757013.run(TempTestSuite1700747757013.groovy:36)
)

2023-11-23 15:16:44 - [MESSAGE][INFO] - Finding Test Object 'Object Repository/Page_InformationPersonnelles_Usager/CheckBox_liensPersonnelsFamiliaux_2_Non'

2023-11-23 15:16:44 - [MESSAGE][INFO] - Checking object

2023-11-23 15:16:44 - [MESSAGE][INFO] - Finding web element from Test Object's properties

2023-11-23 15:16:44 - [MESSAGE][INFO] - Checking timeout

2023-11-23 15:16:44 - [MESSAGE][INFO] - Finding web element with id: 'Object Repository/Page_InformationPersonnelles_Usager/CheckBox_liensPersonnelsFamiliaux_2_Non' located by 'By.xpath: //*[@id="ui-accordiontab-1-content"]/div/div/div[2]/div/anef-input-radio/div/div/fieldset/div/div[2]/p-radiobutton/div/div[2]' in '1' second(s)

2023-11-23 15:16:44 - [MESSAGE][INFO] - Smart Wait Function is triggered

2023-11-23 15:16:44 - [MESSAGE][INFO] - Smart Wait Function is triggered

2023-11-23 15:16:44 - [MESSAGE][INFO] - Smart Wait Function is triggered

2023-11-23 15:16:44 - [MESSAGE][INFO] - Smart Wait Function is triggered

2023-11-23 15:16:44 - [MESSAGE][INFO] - Smart Wait Function is triggered

2023-11-23 15:16:44 - [MESSAGE][INFO] - Smart Wait Function is triggered

2023-11-23 15:16:44 - [MESSAGE][INFO] - Smart Wait Function is triggered

2023-11-23 15:16:44 - [MESSAGE][INFO] - Smart Wait Function is triggered

2023-11-23 15:16:44 - [MESSAGE][INFO] - Smart Wait Function is triggered

2023-11-23 15:16:44 - [MESSAGE][INFO] - Smart Wait Function is triggered

2023-11-23 15:16:44 - [MESSAGE][INFO] - Smart Wait Function is triggered

2023-11-23 15:16:44 - [MESSAGE][INFO] - Smart Wait Function is triggered

2023-11-23 15:16:44 - [MESSAGE][INFO] - Smart Wait Function is triggered

2023-11-23 15:16:44 - [MESSAGE][INFO] - Smart Wait Function is triggered

2023-11-23 15:16:44 - [MESSAGE][INFO] - Smart Wait Function is triggered

2023-11-23 15:16:44 - [MESSAGE][INFO] - Smart Wait Function is triggered

2023-11-23 15:16:44 - [MESSAGE][INFO] - Smart Wait Function is triggered

2023-11-23 15:16:44 - [MESSAGE][INFO] - Smart Wait Function is triggered

2023-11-23 15:16:44 - [MESSAGE][INFO] - Smart Wait Function is triggered

2023-11-23 15:16:44 - [MESSAGE][INFO] - Smart Wait Function is triggered

2023-11-23 15:16:44 - [MESSAGE][INFO] - Smart Wait Function is triggered

2023-11-23 15:16:44 - [MESSAGE][INFO] - Smart Wait Function is triggered

2023-11-23 15:16:44 - [MESSAGE][INFO] - Smart Wait Function is triggered

2023-11-23 15:16:44 - [MESSAGE][INFO] - Smart Wait Function is triggered

2023-11-23 15:16:44 - [MESSAGE][INFO] - Smart Wait Function is triggered

2023-11-23 15:16:44 - [MESSAGE][INFO] - Smart Wait Function is triggered

2023-11-23 15:16:44 - [MESSAGE][INFO] - Smart Wait Function is triggered

2023-11-23 15:16:44 - [MESSAGE][INFO] - Smart Wait Function is triggered

2023-11-23 15:16:45 - [MESSAGE][INFO] - Smart Wait Function is triggered

2023-11-23 15:16:45 - [MESSAGE][INFO] - Smart Wait Function is triggered

2023-11-23 15:16:45 - [MESSAGE][INFO] - Smart Wait Function is triggered

2023-11-23 15:16:45 - [MESSAGE][INFO] - Smart Wait Function is triggered

2023-11-23 15:16:45 - [MESSAGE][INFO] - Smart Wait Function is triggered

2023-11-23 15:16:45 - [MESSAGE][INFO] - Smart Wait Function is triggered

2023-11-23 15:16:45 - [MESSAGE][INFO] - Smart Wait Function is triggered

2023-11-23 15:16:45 - [MESSAGE][INFO] - Smart Wait Function is triggered

2023-11-23 15:16:45 - [MESSAGE][INFO] - Smart Wait Function is triggered

2023-11-23 15:16:45 - [MESSAGE][INFO] - Smart Wait Function is triggered

2023-11-23 15:16:45 - [MESSAGE][INFO] - Smart Wait Function is triggered

2023-11-23 15:16:45 - [MESSAGE][INFO] - Smart Wait Function is triggered

2023-11-23 15:16:45 - [MESSAGE][INFO] - Smart Wait Function is triggered

2023-11-23 15:16:45 - [MESSAGE][INFO] - Smart Wait Function is triggered

2023-11-23 15:16:45 - [MESSAGE][INFO] - Smart Wait Function is triggered

2023-11-23 15:16:45 - [MESSAGE][INFO] - Smart Wait Function is triggered

2023-11-23 15:16:45 - [MESSAGE][INFO] - Smart Wait Function is triggered

2023-11-23 15:16:45 - [MESSAGE][INFO] - Smart Wait Function is triggered

2023-11-23 15:16:45 - [MESSAGE][INFO] - Smart Wait Function is triggered

2023-11-23 15:16:45 - [MESSAGE][INFO] - Smart Wait Function is triggered

2023-11-23 15:16:45 - [MESSAGE][INFO] - Smart Wait Function is triggered

2023-11-23 15:16:45 - [MESSAGE][INFO] - Smart Wait Function is triggered

2023-11-23 15:16:45 - [MESSAGE][INFO] - Smart Wait Function is triggered

2023-11-23 15:16:45 - [MESSAGE][INFO] - Smart Wait Function is triggered

2023-11-23 15:16:45 - [MESSAGE][INFO] - Smart Wait Function is triggered

2023-11-23 15:16:45 - [MESSAGE][INFO] - Smart Wait Function is triggered

2023-11-23 15:16:45 - [MESSAGE][INFO] - Smart Wait Function is triggered

2023-11-23 15:16:45 - [MESSAGE][INFO] - Smart Wait Function is triggered

2023-11-23 15:16:45 - [MESSAGE][INFO] - Smart Wait Function is triggered

2023-11-23 15:16:45 - [MESSAGE][INFO] - Smart Wait Function is triggered

2023-11-23 15:16:46 - [MESSAGE][INFO] - Smart Wait Function is triggered

2023-11-23 15:16:46 - [MESSAGE][INFO] - Smart Wait Function is triggered

2023-11-23 15:16:46 - [MESSAGE][INFO] - Smart Wait Function is triggered

2023-11-23 15:16:46 - [MESSAGE][INFO] - Smart Wait Function is triggered

2023-11-23 15:16:46 - [MESSAGE][INFO] - Smart Wait Function is triggered

2023-11-23 15:16:46 - [MESSAGE][INFO] - Unable to find the element located by 'By.xpath: //*[@id="ui-accordiontab-1-content"]/div/div/div[2]/div/anef-input-radio/div/div/fieldset/div/div[2]/p-radiobutton/div/div[2]'. Please recheck the objects properties to make sure the desired element is located. 

2023-11-23 15:16:46 - [MESSAGE][WARNING] - com.kms.katalon.core.webui.exception.WebElementNotFoundException: Web element with id: 'Object Repository/Page_InformationPersonnelles_Usager/CheckBox_liensPersonnelsFamiliaux_2_Non' located by '//*[@id="ui-accordiontab-1-content"]/div/div/div[2]/div/anef-input-radio/div/div/fieldset/div/div[2]/p-radiobutton/div/div[2]' not found (Root cause: com.kms.katalon.core.exception.StepFailedException: com.kms.katalon.core.webui.exception.WebElementNotFoundException: Web element with id: 'Object Repository/Page_InformationPersonnelles_Usager/CheckBox_liensPersonnelsFamiliaux_2_Non' located by '//*[@id="ui-accordiontab-1-content"]/div/div/div[2]/div/anef-input-radio/div/div/fieldset/div/div[2]/p-radiobutton/div/div[2]' not found
	at com.kms.katalon.core.webui.keyword.internal.WebUIKeywordMain.stepFailed(WebUIKeywordMain.groovy:64)
	at com.kms.katalon.core.webui.keyword.builtin.VerifyElementPresentKeyword$_verifyElementPresent_closure1.doCall(VerifyElementPresentKeyword.groovy:85)
	at com.kms.katalon.core.webui.keyword.builtin.VerifyElementPresentKeyword$_verifyElementPresent_closure1.call(VerifyElementPresentKeyword.groovy)
	at com.kms.katalon.core.webui.keyword.internal.WebUIKeywordMain.runKeyword(WebUIKeywordMain.groovy:20)
	at com.kms.katalon.core.webui.keyword.builtin.VerifyElementPresentKeyword.verifyElementPresent(VerifyElementPresentKeyword.groovy:92)
	at com.kms.katalon.core.webui.keyword.builtin.VerifyElementPresentKeyword.execute(VerifyElementPresentKeyword.groovy:68)
	at com.kms.katalon.core.keyword.internal.KeywordExecutor.executeKeywordForPlatform(KeywordExecutor.groovy:74)
	at com.kms.katalon.core.webui.keyword.WebUiBuiltInKeywords.verifyElementPresent(WebUiBuiltInKeywords.groovy:1448)
	at com.kazurayam.ksbackyard.HighlightElement$_pandemic_closure1.doCall(HighlightElement.groovy:105)
	at FormulaireInformationsPersonnelles.run(FormulaireInformationsPersonnelles:33)
	at com.kms.katalon.core.main.ScriptEngine.run(ScriptEngine.java:194)
	at com.kms.katalon.core.main.ScriptEngine.runScriptAsRawText(ScriptEngine.java:119)
	at com.kms.katalon.core.main.TestCaseExecutor.runScript(TestCaseExecutor.java:448)
	at com.kms.katalon.core.main.TestCaseExecutor.doExecute(TestCaseExecutor.java:439)
	at com.kms.katalon.core.main.TestCaseExecutor.processExecutionPhase(TestCaseExecutor.java:418)
	at com.kms.katalon.core.main.TestCaseExecutor.accessMainPhase(TestCaseExecutor.java:410)
	at com.kms.katalon.core.main.TestCaseExecutor.execute(TestCaseExecutor.java:285)
	at com.kms.katalon.core.main.TestCaseMain.runTestCase(TestCaseMain.java:144)
	at com.kms.katalon.core.keyword.builtin.CallTestCaseKeyword$_callTestCase_closure1.doCall(CallTestCaseKeyword.groovy:59)
	at com.kms.katalon.core.keyword.builtin.CallTestCaseKeyword$_callTestCase_closure1.call(CallTestCaseKeyword.groovy)
	at com.kms.katalon.core.keyword.internal.KeywordMain.runKeyword(KeywordMain.groovy:75)
	at com.kms.katalon.core.keyword.builtin.CallTestCaseKeyword.callTestCase(CallTestCaseKeyword.groovy:81)
	at com.kms.katalon.core.keyword.builtin.CallTestCaseKeyword.execute(CallTestCaseKeyword.groovy:44)
	at com.kms.katalon.core.keyword.internal.KeywordExecutor.executeKeywordForPlatform(KeywordExecutor.groovy:74)
	at com.kms.katalon.core.keyword.BuiltinKeywords.callTestCase(BuiltinKeywords.groovy:310)
	at com.kazurayam.ksbackyard.HighlightElement$_pandemic_closure1.doCall(HighlightElement.groovy:105)
	at TNR R.TSPT Supp90-Etudiant.run(TNR R.TSPT Supp90-Etudiant:47)
	at com.kms.katalon.core.main.ScriptEngine.run(ScriptEngine.java:194)
	at com.kms.katalon.core.main.ScriptEngine.runScriptAsRawText(ScriptEngine.java:119)
	at com.kms.katalon.core.main.TestCaseExecutor.runScript(TestCaseExecutor.java:448)
	at com.kms.katalon.core.main.TestCaseExecutor.doExecute(TestCaseExecutor.java:439)
	at com.kms.katalon.core.main.TestCaseExecutor.processExecutionPhase(TestCaseExecutor.java:418)
	at com.kms.katalon.core.main.TestCaseExecutor.accessMainPhase(TestCaseExecutor.java:410)
	at com.kms.katalon.core.main.TestCaseExecutor.execute(TestCaseExecutor.java:285)
	at com.kms.katalon.core.common.CommonExecutor.accessTestCaseMainPhase(CommonExecutor.java:65)
	at com.kms.katalon.core.main.TestSuiteExecutor.accessTestSuiteMainPhase(TestSuiteExecutor.java:148)
	at com.kms.katalon.core.main.TestSuiteExecutor.execute(TestSuiteExecutor.java:106)
	at com.kms.katalon.core.main.TestCaseMain.startTestSuite(TestCaseMain.java:187)
	at com.kms.katalon.core.main.TestCaseMain$startTestSuite$0.call(Unknown Source)
	at TempTestSuite1700747757013.run(TempTestSuite1700747757013.groovy:36)
)
[[ATTACHMENT|C:\\Users\\ISSAM.RHARBAOUI\\git\\22_11\\ANEF-AutomatizationProject\\Reports\\20231123_145557\\TS_TNR_R.TSPT_Suppo90\\20231123_145557\\1700749006166.png]]

2023-11-23 15:16:46 - [TEST_STEP][PASSED] - delay(2): Delayed 2 second(s)

2023-11-23 15:16:46 - [MESSAGE][INFO] - Delaying browser in 2 second(s)

2023-11-23 15:16:48 - [MESSAGE][PASSED] - Delayed 2 second(s)

2023-11-23 15:16:48 - [TEST_STEP][PASSED] - if (verifyElementPresent(findTestObject("Object Repository/Page_InformationPersonnelles_Usager/CheckBox_DesEnfantsACharge_Non"), 1, OPTIONAL)): null

2023-11-23 15:16:48 - [MESSAGE][INFO] - Finding Test Object 'Object Repository/Page_InformationPersonnelles_Usager/CheckBox_DesEnfantsACharge_Non'

2023-11-23 15:16:48 - [MESSAGE][INFO] - Checking object

2023-11-23 15:16:48 - [MESSAGE][INFO] - Finding web element from Test Object's properties

2023-11-23 15:16:48 - [MESSAGE][INFO] - Checking timeout

2023-11-23 15:16:48 - [MESSAGE][INFO] - Finding web element with id: 'Object Repository/Page_InformationPersonnelles_Usager/CheckBox_DesEnfantsACharge_Non' located by 'By.xpath: //app-demande-ptsq//app-informations-personnelles-shared//app-has-enfants-charge//div//fieldset/div/div[2]/p-radiobutton/div/div[2]/span|//app-demande-visiteur//app-informations-personnelles-shared//app-has-enfants-charge/div/div/anef-input-radio/div/div/fieldset/div/div[2]/p-radiobutton/div/div[2]/span|//app-demande-ptch//app-informations-personnelles-shared//app-has-enfants-charge/div/div/anef-input-radio/div/div/fieldset/div/div[2]/p-radiobutton/div/div[2]/span|//div/app-has-enfants-charge/div/div/anef-input-radio/div/div/fieldset/div/div[2]/p-radiobutton/div/div[2]/span
' in '1' second(s)

2023-11-23 15:16:48 - [MESSAGE][INFO] - Smart Wait Function is triggered

2023-11-23 15:16:48 - [MESSAGE][INFO] - Found 1 web elements with id: 'Object Repository/Page_InformationPersonnelles_Usager/CheckBox_DesEnfantsACharge_Non' located by 'By.xpath: //app-demande-ptsq//app-informations-personnelles-shared//app-has-enfants-charge//div//fieldset/div/div[2]/p-radiobutton/div/div[2]/span|//app-demande-visiteur//app-informations-personnelles-shared//app-has-enfants-charge/div/div/anef-input-radio/div/div/fieldset/div/div[2]/p-radiobutton/div/div[2]/span|//app-demande-ptch//app-informations-personnelles-shared//app-has-enfants-charge/div/div/anef-input-radio/div/div/fieldset/div/div[2]/p-radiobutton/div/div[2]/span|//div/app-has-enfants-charge/div/div/anef-input-radio/div/div/fieldset/div/div[2]/p-radiobutton/div/div[2]/span
' in '1' second(s)

2023-11-23 15:16:48 - [MESSAGE][PASSED] - Object 'Object Repository/Page_InformationPersonnelles_Usager/CheckBox_DesEnfantsACharge_Non' is present

2023-11-23 15:16:48 - [TEST_STEP][PASSED] - check(findTestObject("Object Repository/Page_InformationPersonnelles_Usager/CheckBox_DesEnfantsACharge_Non"), OPTIONAL): Object 'Object Repository/Page_InformationPersonnelles_Usager/CheckBox_DesEnfantsACharge_Non' is checked

2023-11-23 15:16:48 - [MESSAGE][INFO] - Finding Test Object 'Object Repository/Page_InformationPersonnelles_Usager/CheckBox_DesEnfantsACharge_Non'

2023-11-23 15:16:48 - [MESSAGE][INFO] - Checking object

2023-11-23 15:16:48 - [MESSAGE][INFO] - Finding web element from Test Object's properties

2023-11-23 15:16:48 - [MESSAGE][INFO] - Checking timeout

2023-11-23 15:16:48 - [MESSAGE][INFO] - Finding web element with id: 'Object Repository/Page_InformationPersonnelles_Usager/CheckBox_DesEnfantsACharge_Non' located by 'By.xpath: //app-demande-ptsq//app-informations-personnelles-shared//app-has-enfants-charge//div//fieldset/div/div[2]/p-radiobutton/div/div[2]/span|//app-demande-visiteur//app-informations-personnelles-shared//app-has-enfants-charge/div/div/anef-input-radio/div/div/fieldset/div/div[2]/p-radiobutton/div/div[2]/span|//app-demande-ptch//app-informations-personnelles-shared//app-has-enfants-charge/div/div/anef-input-radio/div/div/fieldset/div/div[2]/p-radiobutton/div/div[2]/span|//div/app-has-enfants-charge/div/div/anef-input-radio/div/div/fieldset/div/div[2]/p-radiobutton/div/div[2]/span
' in '5' second(s)

2023-11-23 15:16:48 - [MESSAGE][INFO] - Smart Wait Function is triggered

2023-11-23 15:16:48 - [MESSAGE][INFO] - Found 1 web elements with id: 'Object Repository/Page_InformationPersonnelles_Usager/CheckBox_DesEnfantsACharge_Non' located by 'By.xpath: //app-demande-ptsq//app-informations-personnelles-shared//app-has-enfants-charge//div//fieldset/div/div[2]/p-radiobutton/div/div[2]/span|//app-demande-visiteur//app-informations-personnelles-shared//app-has-enfants-charge/div/div/anef-input-radio/div/div/fieldset/div/div[2]/p-radiobutton/div/div[2]/span|//app-demande-ptch//app-informations-personnelles-shared//app-has-enfants-charge/div/div/anef-input-radio/div/div/fieldset/div/div[2]/p-radiobutton/div/div[2]/span|//div/app-has-enfants-charge/div/div/anef-input-radio/div/div/fieldset/div/div[2]/p-radiobutton/div/div[2]/span
' in '5' second(s)

2023-11-23 15:16:48 - [MESSAGE][INFO] - Checking on bject 'Object Repository/Page_InformationPersonnelles_Usager/CheckBox_DesEnfantsACharge_Non'

2023-11-23 15:16:50 - [MESSAGE][PASSED] - Object 'Object Repository/Page_InformationPersonnelles_Usager/CheckBox_DesEnfantsACharge_Non' is checked

2023-11-23 15:16:50 - [TEST_STEP][PASSED] - delay(2): Delayed 2 second(s)

2023-11-23 15:16:50 - [MESSAGE][INFO] - Delaying browser in 2 second(s)

2023-11-23 15:16:52 - [MESSAGE][PASSED] - Delayed 2 second(s)

2023-11-23 15:16:52 - [TEST_STEP][PASSED] - setText(findTestObject("Object Repository/Page_InformationPersonnelles_Usager/Input_AdresseUsager"), AdresseUsager): Text '2 rue des 3 moulins 77000 melun' is set on object 'Object Repository/Page_InformationPersonnelles_Usager/Input_AdresseUsager'

2023-11-23 15:16:52 - [MESSAGE][INFO] - Finding Test Object 'Object Repository/Page_InformationPersonnelles_Usager/Input_AdresseUsager'

2023-11-23 15:16:52 - [MESSAGE][INFO] - Checking timeout

2023-11-23 15:16:52 - [MESSAGE][INFO] - Finding web element with id: 'Object Repository/Page_InformationPersonnelles_Usager/Input_AdresseUsager' located by 'By.xpath: //app-informations-personnelles//app-adresse-etalab//app-vls-ts-etalab//div/input|//app-informations-personnelles-shared//app-adresse-etalab//app-vls-ts-etalab//div/input' in '20' second(s)

2023-11-23 15:16:52 - [MESSAGE][INFO] - Smart Wait Function is triggered

2023-11-23 15:16:52 - [MESSAGE][INFO] - Found 1 web elements with id: 'Object Repository/Page_InformationPersonnelles_Usager/Input_AdresseUsager' located by 'By.xpath: //app-informations-personnelles//app-adresse-etalab//app-vls-ts-etalab//div/input|//app-informations-personnelles-shared//app-adresse-etalab//app-vls-ts-etalab//div/input' in '20' second(s)

2023-11-23 15:16:52 - [MESSAGE][INFO] - Checking object

2023-11-23 15:16:52 - [MESSAGE][INFO] - Checking text

2023-11-23 15:16:52 - [MESSAGE][INFO] - Finding web element from Test Object's properties

2023-11-23 15:16:52 - [MESSAGE][INFO] - Checking timeout

2023-11-23 15:16:52 - [MESSAGE][INFO] - Finding web element with id: 'Object Repository/Page_InformationPersonnelles_Usager/Input_AdresseUsager' located by 'By.xpath: //app-informations-personnelles//app-adresse-etalab//app-vls-ts-etalab//div/input|//app-informations-personnelles-shared//app-adresse-etalab//app-vls-ts-etalab//div/input' in '5' second(s)

2023-11-23 15:16:52 - [MESSAGE][INFO] - Smart Wait Function is triggered

2023-11-23 15:16:52 - [MESSAGE][INFO] - Found 1 web elements with id: 'Object Repository/Page_InformationPersonnelles_Usager/Input_AdresseUsager' located by 'By.xpath: //app-informations-personnelles//app-adresse-etalab//app-vls-ts-etalab//div/input|//app-informations-personnelles-shared//app-adresse-etalab//app-vls-ts-etalab//div/input' in '5' second(s)

2023-11-23 15:16:52 - [MESSAGE][INFO] - Clearing text of object 'Object Repository/Page_InformationPersonnelles_Usager/Input_AdresseUsager'

2023-11-23 15:16:54 - [MESSAGE][INFO] - Finding web element from Test Object's properties

2023-11-23 15:16:54 - [MESSAGE][INFO] - Checking timeout

2023-11-23 15:16:54 - [MESSAGE][INFO] - Finding web element with id: 'Object Repository/Page_InformationPersonnelles_Usager/Input_AdresseUsager' located by 'By.xpath: //app-informations-personnelles//app-adresse-etalab//app-vls-ts-etalab//div/input|//app-informations-personnelles-shared//app-adresse-etalab//app-vls-ts-etalab//div/input' in '5' second(s)

2023-11-23 15:16:54 - [MESSAGE][INFO] - Smart Wait Function is triggered

2023-11-23 15:16:54 - [MESSAGE][INFO] - Found 1 web elements with id: 'Object Repository/Page_InformationPersonnelles_Usager/Input_AdresseUsager' located by 'By.xpath: //app-informations-personnelles//app-adresse-etalab//app-vls-ts-etalab//div/input|//app-informations-personnelles-shared//app-adresse-etalab//app-vls-ts-etalab//div/input' in '5' second(s)

2023-11-23 15:16:54 - [MESSAGE][INFO] - Setting text of object 'Object Repository/Page_InformationPersonnelles_Usager/Input_AdresseUsager' to value '2 rue des 3 moulins 77000 melun'

2023-11-23 15:16:57 - [MESSAGE][PASSED] - Text '2 rue des 3 moulins 77000 melun' is set on object 'Object Repository/Page_InformationPersonnelles_Usager/Input_AdresseUsager'

2023-11-23 15:16:57 - [TEST_STEP][PASSED] - delay(2): Delayed 2 second(s)

2023-11-23 15:16:57 - [MESSAGE][INFO] - Delaying browser in 2 second(s)

2023-11-23 15:16:59 - [MESSAGE][PASSED] - Delayed 2 second(s)

2023-11-23 15:16:59 - [TEST_STEP][PASSED] - setText(findTestObject("Object Repository/Page_InformationPersonnelles_Usager/Input_NumeroDeTelephone"), NumeroTelephoneUsager): Text '0911223344' is set on object 'Object Repository/Page_InformationPersonnelles_Usager/Input_NumeroDeTelephone'

2023-11-23 15:16:59 - [MESSAGE][INFO] - Finding Test Object 'Object Repository/Page_InformationPersonnelles_Usager/Input_NumeroDeTelephone'

2023-11-23 15:16:59 - [MESSAGE][INFO] - Checking timeout

2023-11-23 15:16:59 - [MESSAGE][INFO] - Finding web element with id: 'Object Repository/Page_InformationPersonnelles_Usager/Input_NumeroDeTelephone' located by 'By.xpath: //*[@aria-labelledby="TELEPHONE_PORTABLE-label"]' in '20' second(s)

2023-11-23 15:16:59 - [MESSAGE][INFO] - Smart Wait Function is triggered

2023-11-23 15:16:59 - [MESSAGE][INFO] - Found 1 web elements with id: 'Object Repository/Page_InformationPersonnelles_Usager/Input_NumeroDeTelephone' located by 'By.xpath: //*[@aria-labelledby="TELEPHONE_PORTABLE-label"]' in '20' second(s)

2023-11-23 15:16:59 - [MESSAGE][INFO] - Checking object

2023-11-23 15:16:59 - [MESSAGE][INFO] - Checking text

2023-11-23 15:16:59 - [MESSAGE][INFO] - Finding web element from Test Object's properties

2023-11-23 15:16:59 - [MESSAGE][INFO] - Checking timeout

2023-11-23 15:16:59 - [MESSAGE][INFO] - Finding web element with id: 'Object Repository/Page_InformationPersonnelles_Usager/Input_NumeroDeTelephone' located by 'By.xpath: //*[@aria-labelledby="TELEPHONE_PORTABLE-label"]' in '5' second(s)

2023-11-23 15:16:59 - [MESSAGE][INFO] - Smart Wait Function is triggered

2023-11-23 15:16:59 - [MESSAGE][INFO] - Found 1 web elements with id: 'Object Repository/Page_InformationPersonnelles_Usager/Input_NumeroDeTelephone' located by 'By.xpath: //*[@aria-labelledby="TELEPHONE_PORTABLE-label"]' in '5' second(s)

2023-11-23 15:16:59 - [MESSAGE][INFO] - Clearing text of object 'Object Repository/Page_InformationPersonnelles_Usager/Input_NumeroDeTelephone'

2023-11-23 15:17:01 - [MESSAGE][INFO] - Finding web element from Test Object's properties

2023-11-23 15:17:01 - [MESSAGE][INFO] - Checking timeout

2023-11-23 15:17:01 - [MESSAGE][INFO] - Finding web element with id: 'Object Repository/Page_InformationPersonnelles_Usager/Input_NumeroDeTelephone' located by 'By.xpath: //*[@aria-labelledby="TELEPHONE_PORTABLE-label"]' in '5' second(s)

2023-11-23 15:17:01 - [MESSAGE][INFO] - Smart Wait Function is triggered

2023-11-23 15:17:01 - [MESSAGE][INFO] - Found 1 web elements with id: 'Object Repository/Page_InformationPersonnelles_Usager/Input_NumeroDeTelephone' located by 'By.xpath: //*[@aria-labelledby="TELEPHONE_PORTABLE-label"]' in '5' second(s)

2023-11-23 15:17:01 - [MESSAGE][INFO] - Setting text of object 'Object Repository/Page_InformationPersonnelles_Usager/Input_NumeroDeTelephone' to value '0911223344'

2023-11-23 15:17:03 - [MESSAGE][PASSED] - Text '0911223344' is set on object 'Object Repository/Page_InformationPersonnelles_Usager/Input_NumeroDeTelephone'

2023-11-23 15:17:03 - [TEST_STEP][PASSED] - click(findTestObject("Object Repository/Page_DemarcheRenouvellement/btn_EnregistrerEtPoursuivre")): Object: 'Object Repository/Page_DemarcheRenouvellement/btn_EnregistrerEtPoursuivre' is clicked on

2023-11-23 15:17:03 - [MESSAGE][INFO] - Finding Test Object 'Object Repository/Page_DemarcheRenouvellement/btn_EnregistrerEtPoursuivre'

2023-11-23 15:17:03 - [MESSAGE][INFO] - Checking timeout

2023-11-23 15:17:03 - [MESSAGE][INFO] - Finding web element with id: 'Object Repository/Page_DemarcheRenouvellement/btn_EnregistrerEtPoursuivre' located by 'By.xpath: //span[text()='Enregistrer et poursuivre >']' in '20' second(s)

2023-11-23 15:17:03 - [MESSAGE][INFO] - Smart Wait Function is triggered

2023-11-23 15:17:03 - [MESSAGE][INFO] - Found 1 web elements with id: 'Object Repository/Page_DemarcheRenouvellement/btn_EnregistrerEtPoursuivre' located by 'By.xpath: //span[text()='Enregistrer et poursuivre >']' in '20' second(s)

2023-11-23 15:17:03 - [MESSAGE][INFO] - Checking object

2023-11-23 15:17:03 - [MESSAGE][INFO] - Checking timeout

2023-11-23 15:17:03 - [MESSAGE][INFO] - Finding web element from Test Object's properties

2023-11-23 15:17:03 - [MESSAGE][INFO] - Checking timeout

2023-11-23 15:17:03 - [MESSAGE][INFO] - Finding web element with id: 'Object Repository/Page_DemarcheRenouvellement/btn_EnregistrerEtPoursuivre' located by 'By.xpath: //span[text()='Enregistrer et poursuivre >']' in '5' second(s)

2023-11-23 15:17:03 - [MESSAGE][INFO] - Smart Wait Function is triggered

2023-11-23 15:17:03 - [MESSAGE][INFO] - Found 1 web elements with id: 'Object Repository/Page_DemarcheRenouvellement/btn_EnregistrerEtPoursuivre' located by 'By.xpath: //span[text()='Enregistrer et poursuivre >']' in '5' second(s)

2023-11-23 15:17:03 - [MESSAGE][INFO] - Clicking on object: 'Object Repository/Page_DemarcheRenouvellement/btn_EnregistrerEtPoursuivre'

2023-11-23 15:17:05 - [MESSAGE][PASSED] - Object: 'Object Repository/Page_DemarcheRenouvellement/btn_EnregistrerEtPoursuivre' is clicked on

2023-11-23 15:17:05 - [MESSAGE][PASSED] - Call Test Case 'Test Cases/Test Reutilisable/DemandeOuRenouvelle_TitreSejour/FormulaireInformationsPersonnelles' successfully

2023-11-23 15:17:05 - [TEST_STEP][PASSED] - callTestCase(findTestCase("Test Reutilisable/DemandeOuRenouvelle_TitreSejour/FormulaireMotifDeLaDemande"), ["TypeTitreDeSejour":TypeTitreDeSejour, "Titre":Titre], STOP_ON_FAILURE): Call Test Case 'Test Cases/Test Reutilisable/DemandeOuRenouvelle_TitreSejour/FormulaireMotifDeLaDemande' successfully

2023-11-23 15:17:05 - [MESSAGE][INFO] - Checking called Test Case

2023-11-23 15:17:05 - [MESSAGE][INFO] - Starting to call Test Case 'Test Cases/Test Reutilisable/DemandeOuRenouvelle_TitreSejour/FormulaireMotifDeLaDemande'

2023-11-23 15:17:05 - [TEST_CASE][PASSED] - Test Cases/Test Reutilisable/DemandeOuRenouvelle_TitreSejour/FormulaireMotifDeLaDemande: Test Cases/Test Reutilisable/DemandeOuRenouvelle_TitreSejour/FormulaireMotifDeLaDemande

2023-11-23 15:17:05 - [TEST_STEP][PASSED] - com.kazurayam.ksbackyard.HighlightElement.pandemic(): com.kazurayam.ksbackyard.HighlightElement.pandemic is PASSED

2023-11-23 15:17:05 - [MESSAGE][PASSED] - com.kazurayam.ksbackyard.HighlightElement.pandemic is PASSED

2023-11-23 15:17:05 - [TEST_STEP][PASSED] - if (TypeTitreDeSejour == "RenouvellementDeTitreSejour" && Titre == "Etudiant"): null

2023-11-23 15:17:05 - [TEST_STEP][PASSED] - if (TypeTitreDeSejour == "Visiteur" && Titre == "Etudiant" || TypeTitreDeSejour == "RenouvellementDeTitreSejour" && Titre == "Visiteur"): Delayed 2 second(s)

2023-11-23 15:17:05 - [TEST_STEP][PASSED] - click(findTestObject("Object Repository/Page_MotifDeLaDemande_Usager/CheckBox_NePasVivreEnPolygamie")): Object: 'Object Repository/Page_MotifDeLaDemande_Usager/CheckBox_NePasVivreEnPolygamie' is clicked on

2023-11-23 15:17:05 - [MESSAGE][INFO] - Finding Test Object 'Object Repository/Page_MotifDeLaDemande_Usager/CheckBox_NePasVivreEnPolygamie'

2023-11-23 15:17:06 - [MESSAGE][INFO] - Checking timeout

2023-11-23 15:17:06 - [MESSAGE][INFO] - Finding web element with id: 'Object Repository/Page_MotifDeLaDemande_Usager/CheckBox_NePasVivreEnPolygamie' located by 'By.xpath: //app-demande-visiteur//app-motif-sejour-visiteur//p-accordiontab[1]/div[2]/div/div/div[2]/anef-input-check/div/div/p-checkbox/div/div[2]' in '20' second(s)

2023-11-23 15:17:06 - [MESSAGE][INFO] - Smart Wait Function is triggered

2023-11-23 15:17:06 - [MESSAGE][INFO] - Found 1 web elements with id: 'Object Repository/Page_MotifDeLaDemande_Usager/CheckBox_NePasVivreEnPolygamie' located by 'By.xpath: //app-demande-visiteur//app-motif-sejour-visiteur//p-accordiontab[1]/div[2]/div/div/div[2]/anef-input-check/div/div/p-checkbox/div/div[2]' in '20' second(s)

2023-11-23 15:17:06 - [MESSAGE][INFO] - Checking object

2023-11-23 15:17:06 - [MESSAGE][INFO] - Checking timeout

2023-11-23 15:17:06 - [MESSAGE][INFO] - Finding web element from Test Object's properties

2023-11-23 15:17:06 - [MESSAGE][INFO] - Checking timeout

2023-11-23 15:17:06 - [MESSAGE][INFO] - Finding web element with id: 'Object Repository/Page_MotifDeLaDemande_Usager/CheckBox_NePasVivreEnPolygamie' located by 'By.xpath: //app-demande-visiteur//app-motif-sejour-visiteur//p-accordiontab[1]/div[2]/div/div/div[2]/anef-input-check/div/div/p-checkbox/div/div[2]' in '5' second(s)

2023-11-23 15:17:06 - [MESSAGE][INFO] - Smart Wait Function is triggered

2023-11-23 15:17:06 - [MESSAGE][INFO] - Found 1 web elements with id: 'Object Repository/Page_MotifDeLaDemande_Usager/CheckBox_NePasVivreEnPolygamie' located by 'By.xpath: //app-demande-visiteur//app-motif-sejour-visiteur//p-accordiontab[1]/div[2]/div/div/div[2]/anef-input-check/div/div/p-checkbox/div/div[2]' in '5' second(s)

2023-11-23 15:17:06 - [MESSAGE][INFO] - Clicking on object: 'Object Repository/Page_MotifDeLaDemande_Usager/CheckBox_NePasVivreEnPolygamie'

2023-11-23 15:17:08 - [MESSAGE][PASSED] - Object: 'Object Repository/Page_MotifDeLaDemande_Usager/CheckBox_NePasVivreEnPolygamie' is clicked on

2023-11-23 15:17:08 - [TEST_STEP][PASSED] - click(findTestObject("Object Repository/Page_MotifDeLaDemande_Usager/CheckBox_NExercerAucuneActiviteProfessionnelle")): Object: 'Object Repository/Page_MotifDeLaDemande_Usager/CheckBox_NExercerAucuneActiviteProfessionnelle' is clicked on

2023-11-23 15:17:08 - [MESSAGE][INFO] - Finding Test Object 'Object Repository/Page_MotifDeLaDemande_Usager/CheckBox_NExercerAucuneActiviteProfessionnelle'

2023-11-23 15:17:08 - [MESSAGE][INFO] - Checking timeout

2023-11-23 15:17:08 - [MESSAGE][INFO] - Finding web element with id: 'Object Repository/Page_MotifDeLaDemande_Usager/CheckBox_NExercerAucuneActiviteProfessionnelle' located by 'By.xpath: //app-demande-visiteur//app-motif-sejour-visiteur//p-accordiontab[1]/div[2]/div/div/div[3]/anef-input-check/div/div/p-checkbox/div/div[2]' in '20' second(s)

2023-11-23 15:17:08 - [MESSAGE][INFO] - Smart Wait Function is triggered

2023-11-23 15:17:08 - [MESSAGE][INFO] - Found 1 web elements with id: 'Object Repository/Page_MotifDeLaDemande_Usager/CheckBox_NExercerAucuneActiviteProfessionnelle' located by 'By.xpath: //app-demande-visiteur//app-motif-sejour-visiteur//p-accordiontab[1]/div[2]/div/div/div[3]/anef-input-check/div/div/p-checkbox/div/div[2]' in '20' second(s)

2023-11-23 15:17:08 - [MESSAGE][INFO] - Checking object

2023-11-23 15:17:08 - [MESSAGE][INFO] - Checking timeout

2023-11-23 15:17:08 - [MESSAGE][INFO] - Finding web element from Test Object's properties

2023-11-23 15:17:08 - [MESSAGE][INFO] - Checking timeout

2023-11-23 15:17:08 - [MESSAGE][INFO] - Finding web element with id: 'Object Repository/Page_MotifDeLaDemande_Usager/CheckBox_NExercerAucuneActiviteProfessionnelle' located by 'By.xpath: //app-demande-visiteur//app-motif-sejour-visiteur//p-accordiontab[1]/div[2]/div/div/div[3]/anef-input-check/div/div/p-checkbox/div/div[2]' in '5' second(s)

2023-11-23 15:17:08 - [MESSAGE][INFO] - Smart Wait Function is triggered

2023-11-23 15:17:08 - [MESSAGE][INFO] - Found 1 web elements with id: 'Object Repository/Page_MotifDeLaDemande_Usager/CheckBox_NExercerAucuneActiviteProfessionnelle' located by 'By.xpath: //app-demande-visiteur//app-motif-sejour-visiteur//p-accordiontab[1]/div[2]/div/div/div[3]/anef-input-check/div/div/p-checkbox/div/div[2]' in '5' second(s)

2023-11-23 15:17:08 - [MESSAGE][INFO] - Clicking on object: 'Object Repository/Page_MotifDeLaDemande_Usager/CheckBox_NExercerAucuneActiviteProfessionnelle'

2023-11-23 15:17:10 - [MESSAGE][PASSED] - Object: 'Object Repository/Page_MotifDeLaDemande_Usager/CheckBox_NExercerAucuneActiviteProfessionnelle' is clicked on

2023-11-23 15:17:10 - [TEST_STEP][PASSED] - click(findTestObject("Object Repository/Page_MotifDeLaDemande_Usager/CheckBox_AvoirConnaissanceDesSanctionsPenalesFausseAttestation")): Object: 'Object Repository/Page_MotifDeLaDemande_Usager/CheckBox_AvoirConnaissanceDesSanctionsPenalesFausseAttestation' is clicked on

2023-11-23 15:17:10 - [MESSAGE][INFO] - Finding Test Object 'Object Repository/Page_MotifDeLaDemande_Usager/CheckBox_AvoirConnaissanceDesSanctionsPenalesFausseAttestation'

2023-11-23 15:17:10 - [MESSAGE][INFO] - Checking timeout

2023-11-23 15:17:10 - [MESSAGE][INFO] - Finding web element with id: 'Object Repository/Page_MotifDeLaDemande_Usager/CheckBox_AvoirConnaissanceDesSanctionsPenalesFausseAttestation' located by 'By.xpath: //app-demande-visiteur//app-motif-sejour-visiteur//p-accordiontab[1]/div[2]/div/div/div[4]/anef-input-check/div/div/p-checkbox/div/div[2]' in '20' second(s)

2023-11-23 15:17:10 - [MESSAGE][INFO] - Smart Wait Function is triggered

2023-11-23 15:17:10 - [MESSAGE][INFO] - Found 1 web elements with id: 'Object Repository/Page_MotifDeLaDemande_Usager/CheckBox_AvoirConnaissanceDesSanctionsPenalesFausseAttestation' located by 'By.xpath: //app-demande-visiteur//app-motif-sejour-visiteur//p-accordiontab[1]/div[2]/div/div/div[4]/anef-input-check/div/div/p-checkbox/div/div[2]' in '20' second(s)

2023-11-23 15:17:10 - [MESSAGE][INFO] - Checking object

2023-11-23 15:17:10 - [MESSAGE][INFO] - Checking timeout

2023-11-23 15:17:10 - [MESSAGE][INFO] - Finding web element from Test Object's properties

2023-11-23 15:17:10 - [MESSAGE][INFO] - Checking timeout

2023-11-23 15:17:10 - [MESSAGE][INFO] - Finding web element with id: 'Object Repository/Page_MotifDeLaDemande_Usager/CheckBox_AvoirConnaissanceDesSanctionsPenalesFausseAttestation' located by 'By.xpath: //app-demande-visiteur//app-motif-sejour-visiteur//p-accordiontab[1]/div[2]/div/div/div[4]/anef-input-check/div/div/p-checkbox/div/div[2]' in '5' second(s)

2023-11-23 15:17:10 - [MESSAGE][INFO] - Smart Wait Function is triggered

2023-11-23 15:17:10 - [MESSAGE][INFO] - Found 1 web elements with id: 'Object Repository/Page_MotifDeLaDemande_Usager/CheckBox_AvoirConnaissanceDesSanctionsPenalesFausseAttestation' located by 'By.xpath: //app-demande-visiteur//app-motif-sejour-visiteur//p-accordiontab[1]/div[2]/div/div/div[4]/anef-input-check/div/div/p-checkbox/div/div[2]' in '5' second(s)

2023-11-23 15:17:10 - [MESSAGE][INFO] - Clicking on object: 'Object Repository/Page_MotifDeLaDemande_Usager/CheckBox_AvoirConnaissanceDesSanctionsPenalesFausseAttestation'

2023-11-23 15:17:12 - [MESSAGE][PASSED] - Object: 'Object Repository/Page_MotifDeLaDemande_Usager/CheckBox_AvoirConnaissanceDesSanctionsPenalesFausseAttestation' is clicked on

2023-11-23 15:17:12 - [TEST_STEP][PASSED] - click(findTestObject("Object Repository/Page_MotifDeLaDemande_Usager/CheckBox_AvoirSouscritAUneAssuranceMaladie")): Object: 'Object Repository/Page_MotifDeLaDemande_Usager/CheckBox_AvoirSouscritAUneAssuranceMaladie' is clicked on

2023-11-23 15:17:12 - [MESSAGE][INFO] - Finding Test Object 'Object Repository/Page_MotifDeLaDemande_Usager/CheckBox_AvoirSouscritAUneAssuranceMaladie'

2023-11-23 15:17:12 - [MESSAGE][INFO] - Checking timeout

2023-11-23 15:17:12 - [MESSAGE][INFO] - Finding web element with id: 'Object Repository/Page_MotifDeLaDemande_Usager/CheckBox_AvoirSouscritAUneAssuranceMaladie' located by 'By.xpath: //app-demande-visiteur//app-motif-sejour-visiteur//p-accordiontab[2]/div[2]//p-checkbox/div/div[2]' in '20' second(s)

2023-11-23 15:17:12 - [MESSAGE][INFO] - Smart Wait Function is triggered

2023-11-23 15:17:12 - [MESSAGE][INFO] - Found 1 web elements with id: 'Object Repository/Page_MotifDeLaDemande_Usager/CheckBox_AvoirSouscritAUneAssuranceMaladie' located by 'By.xpath: //app-demande-visiteur//app-motif-sejour-visiteur//p-accordiontab[2]/div[2]//p-checkbox/div/div[2]' in '20' second(s)

2023-11-23 15:17:12 - [MESSAGE][INFO] - Checking object

2023-11-23 15:17:12 - [MESSAGE][INFO] - Checking timeout

2023-11-23 15:17:12 - [MESSAGE][INFO] - Finding web element from Test Object's properties

2023-11-23 15:17:12 - [MESSAGE][INFO] - Checking timeout

2023-11-23 15:17:12 - [MESSAGE][INFO] - Finding web element with id: 'Object Repository/Page_MotifDeLaDemande_Usager/CheckBox_AvoirSouscritAUneAssuranceMaladie' located by 'By.xpath: //app-demande-visiteur//app-motif-sejour-visiteur//p-accordiontab[2]/div[2]//p-checkbox/div/div[2]' in '5' second(s)

2023-11-23 15:17:12 - [MESSAGE][INFO] - Smart Wait Function is triggered

2023-11-23 15:17:12 - [MESSAGE][INFO] - Found 1 web elements with id: 'Object Repository/Page_MotifDeLaDemande_Usager/CheckBox_AvoirSouscritAUneAssuranceMaladie' located by 'By.xpath: //app-demande-visiteur//app-motif-sejour-visiteur//p-accordiontab[2]/div[2]//p-checkbox/div/div[2]' in '5' second(s)

2023-11-23 15:17:12 - [MESSAGE][INFO] - Clicking on object: 'Object Repository/Page_MotifDeLaDemande_Usager/CheckBox_AvoirSouscritAUneAssuranceMaladie'

2023-11-23 15:17:14 - [MESSAGE][PASSED] - Object: 'Object Repository/Page_MotifDeLaDemande_Usager/CheckBox_AvoirSouscritAUneAssuranceMaladie' is clicked on

2023-11-23 15:17:14 - [TEST_STEP][PASSED] - click(findTestObject("Object Repository/Page_DemarcheRenouvellement/btn_EnregistrerEtPoursuivre")): Object: 'Object Repository/Page_DemarcheRenouvellement/btn_EnregistrerEtPoursuivre' is clicked on

2023-11-23 15:17:14 - [MESSAGE][INFO] - Finding Test Object 'Object Repository/Page_DemarcheRenouvellement/btn_EnregistrerEtPoursuivre'

2023-11-23 15:17:14 - [MESSAGE][INFO] - Checking timeout

2023-11-23 15:17:14 - [MESSAGE][INFO] - Finding web element with id: 'Object Repository/Page_DemarcheRenouvellement/btn_EnregistrerEtPoursuivre' located by 'By.xpath: //span[text()='Enregistrer et poursuivre >']' in '20' second(s)

2023-11-23 15:17:14 - [MESSAGE][INFO] - Smart Wait Function is triggered

2023-11-23 15:17:14 - [MESSAGE][INFO] - Found 1 web elements with id: 'Object Repository/Page_DemarcheRenouvellement/btn_EnregistrerEtPoursuivre' located by 'By.xpath: //span[text()='Enregistrer et poursuivre >']' in '20' second(s)

2023-11-23 15:17:14 - [MESSAGE][INFO] - Checking object

2023-11-23 15:17:14 - [MESSAGE][INFO] - Checking timeout

2023-11-23 15:17:14 - [MESSAGE][INFO] - Finding web element from Test Object's properties

2023-11-23 15:17:14 - [MESSAGE][INFO] - Checking timeout

2023-11-23 15:17:14 - [MESSAGE][INFO] - Finding web element with id: 'Object Repository/Page_DemarcheRenouvellement/btn_EnregistrerEtPoursuivre' located by 'By.xpath: //span[text()='Enregistrer et poursuivre >']' in '5' second(s)

2023-11-23 15:17:14 - [MESSAGE][INFO] - Smart Wait Function is triggered

2023-11-23 15:17:15 - [MESSAGE][INFO] - Found 1 web elements with id: 'Object Repository/Page_DemarcheRenouvellement/btn_EnregistrerEtPoursuivre' located by 'By.xpath: //span[text()='Enregistrer et poursuivre >']' in '5' second(s)

2023-11-23 15:17:15 - [MESSAGE][INFO] - Clicking on object: 'Object Repository/Page_DemarcheRenouvellement/btn_EnregistrerEtPoursuivre'

2023-11-23 15:17:17 - [MESSAGE][PASSED] - Object: 'Object Repository/Page_DemarcheRenouvellement/btn_EnregistrerEtPoursuivre' is clicked on

2023-11-23 15:17:17 - [TEST_STEP][PASSED] - delay(2): Delayed 2 second(s)

2023-11-23 15:17:17 - [MESSAGE][INFO] - Delaying browser in 2 second(s)

2023-11-23 15:17:19 - [MESSAGE][PASSED] - Delayed 2 second(s)

2023-11-23 15:17:19 - [TEST_STEP][PASSED] - if (TypeTitreDeSejour == "TS-PT-SalarieQualifie" && Titre == "Visiteur" || Titre == "Etudiant"): null

2023-11-23 15:17:19 - [TEST_STEP][PASSED] - if (TypeTitreDeSejour == "TS-PT-SalarieEntrepriseInnovante" && Titre == "Visiteur" || Titre == "Etudiant"): null

2023-11-23 15:17:19 - [TEST_STEP][PASSED] - if (TypeTitreDeSejour == "TS-PT-CarteBleueEuropeenne" && Titre == "Visiteur" || Titre == "Etudiant"): null

2023-11-23 15:17:19 - [TEST_STEP][PASSED] - if (TypeTitreDeSejour == "TS-PT-SalarieEnMission" && Titre == "Visiteur" || Titre == "Etudiant"): null

2023-11-23 15:17:19 - [TEST_STEP][PASSED] - if (TypeTitreDeSejour == "ChercheurEtChercheurEnMobilite" && Titre == "Visiteur" || Titre == "Etudiant"): null

2023-11-23 15:17:19 - [TEST_STEP][PASSED] - if (TypeTitreDeSejour == "FrenchTechVisaForInvestors" && Titre == "Visiteur" || Titre == "Etudiant"): null

2023-11-23 15:17:19 - [TEST_STEP][PASSED] - if (TypeTitreDeSejour == "CreateurDEntreprise" && Titre == "Visiteur" || TypeTitreDeSejour == "CreateurDEntreprise" && Titre == "Etudiant"): null

2023-11-23 15:17:19 - [TEST_STEP][PASSED] - if (TypeTitreDeSejour == "FrenchTechVisaForFounders" && Titre == "Etudiant" || TypeTitreDeSejour == "FrenchTechVisaForFounders" && Titre == "Visiteur"): null

2023-11-23 15:17:19 - [TEST_STEP][PASSED] - if (TypeTitreDeSejour == "MandataireSocial" && Titre == "Etudiant" || TypeTitreDeSejour == "MandataireSocial" && Titre == "Visiteur"): null

2023-11-23 15:17:19 - [TEST_STEP][PASSED] - if (TypeTitreDeSejour == "ArtisteNonSalarie" && Titre == "Etudiant" || TypeTitreDeSejour == "ArtisteNonSalarie" && Titre == "Visiteur"): null

2023-11-23 15:17:19 - [TEST_STEP][PASSED] - if (TypeTitreDeSejour == "ArtisteSalarie" && Titre == "Etudiant" || TypeTitreDeSejour == "ArtisteSalarie" && Titre == "Visiteur"): null

2023-11-23 15:17:19 - [TEST_STEP][PASSED] - if (TypeTitreDeSejour == "MembreDeFamillePasseportTalent_Conjoint" && Titre == "Etudiant" || TypeTitreDeSejour == "MembreDeFamillePasseportTalent_Conjoint" && Titre == "Visiteur"): null

2023-11-23 15:17:19 - [MESSAGE][PASSED] - Call Test Case 'Test Cases/Test Reutilisable/DemandeOuRenouvelle_TitreSejour/FormulaireMotifDeLaDemande' successfully

2023-11-23 15:17:19 - [TEST_STEP][PASSED] - if (TypeTitreDeSejour == "RenouvellementDeTitreSejour" || TypeTitreDeSejour == "Visiteur" && Titre == "Etudiant" || Titre == "Visiteur"): Call Test Case 'Test Cases/Test Reutilisable/DemandeOuRenouvelle_TitreSejour/FormulaireRessources' successfully

2023-11-23 15:17:19 - [TEST_STEP][PASSED] - callTestCase(findTestCase("Test Reutilisable/DemandeOuRenouvelle_TitreSejour/FormulaireRessources"), [:], STOP_ON_FAILURE): Call Test Case 'Test Cases/Test Reutilisable/DemandeOuRenouvelle_TitreSejour/FormulaireRessources' successfully

2023-11-23 15:17:19 - [MESSAGE][INFO] - Checking called Test Case

2023-11-23 15:17:19 - [MESSAGE][INFO] - Starting to call Test Case 'Test Cases/Test Reutilisable/DemandeOuRenouvelle_TitreSejour/FormulaireRessources'

2023-11-23 15:17:19 - [TEST_CASE][PASSED] - Test Cases/Test Reutilisable/DemandeOuRenouvelle_TitreSejour/FormulaireRessources: Test Cases/Test Reutilisable/DemandeOuRenouvelle_TitreSejour/FormulaireRessources

2023-11-23 15:17:19 - [TEST_STEP][PASSED] - com.kazurayam.ksbackyard.HighlightElement.pandemic(): com.kazurayam.ksbackyard.HighlightElement.pandemic is PASSED

2023-11-23 15:17:19 - [MESSAGE][PASSED] - com.kazurayam.ksbackyard.HighlightElement.pandemic is PASSED

2023-11-23 15:17:19 - [TEST_STEP][PASSED] - click(findTestObject("Object Repository/Page_Ressources_Usager/span_DropDown_OrigineDesRessources")): Object: 'Object Repository/Page_Ressources_Usager/span_DropDown_OrigineDesRessources' is clicked on

2023-11-23 15:17:19 - [MESSAGE][INFO] - Finding Test Object 'Object Repository/Page_Ressources_Usager/span_DropDown_OrigineDesRessources'

2023-11-23 15:17:19 - [MESSAGE][INFO] - Checking timeout

2023-11-23 15:17:19 - [MESSAGE][INFO] - Finding web element with id: 'Object Repository/Page_Ressources_Usager/span_DropDown_OrigineDesRessources' located by 'By.xpath: //*[@id="ORIGINE"]/div/div[4]/span' in '20' second(s)

2023-11-23 15:17:19 - [MESSAGE][INFO] - Smart Wait Function is triggered

2023-11-23 15:17:19 - [MESSAGE][INFO] - Found 1 web elements with id: 'Object Repository/Page_Ressources_Usager/span_DropDown_OrigineDesRessources' located by 'By.xpath: //*[@id="ORIGINE"]/div/div[4]/span' in '20' second(s)

2023-11-23 15:17:19 - [MESSAGE][INFO] - Checking object

2023-11-23 15:17:19 - [MESSAGE][INFO] - Checking timeout

2023-11-23 15:17:19 - [MESSAGE][INFO] - Finding web element from Test Object's properties

2023-11-23 15:17:19 - [MESSAGE][INFO] - Checking timeout

2023-11-23 15:17:19 - [MESSAGE][INFO] - Finding web element with id: 'Object Repository/Page_Ressources_Usager/span_DropDown_OrigineDesRessources' located by 'By.xpath: //*[@id="ORIGINE"]/div/div[4]/span' in '5' second(s)

2023-11-23 15:17:19 - [MESSAGE][INFO] - Smart Wait Function is triggered

2023-11-23 15:17:19 - [MESSAGE][INFO] - Found 1 web elements with id: 'Object Repository/Page_Ressources_Usager/span_DropDown_OrigineDesRessources' located by 'By.xpath: //*[@id="ORIGINE"]/div/div[4]/span' in '5' second(s)

2023-11-23 15:17:19 - [MESSAGE][INFO] - Clicking on object: 'Object Repository/Page_Ressources_Usager/span_DropDown_OrigineDesRessources'

2023-11-23 15:17:22 - [MESSAGE][PASSED] - Object: 'Object Repository/Page_Ressources_Usager/span_DropDown_OrigineDesRessources' is clicked on

2023-11-23 15:17:22 - [TEST_STEP][PASSED] - click(findTestObject("Object Repository/Page_Ressources_Usager/List_OrigineDesRessources")): Object: 'Object Repository/Page_Ressources_Usager/List_OrigineDesRessources' is clicked on

2023-11-23 15:17:22 - [MESSAGE][INFO] - Finding Test Object 'Object Repository/Page_Ressources_Usager/List_OrigineDesRessources'

2023-11-23 15:17:22 - [MESSAGE][INFO] - Checking timeout

2023-11-23 15:17:22 - [MESSAGE][INFO] - Finding web element with id: 'Object Repository/Page_Ressources_Usager/List_OrigineDesRessources' located by 'By.xpath: //*[@id="ORIGINE"]/div/div[5]/div/ul/p-dropdownitem[3]/li' in '20' second(s)

2023-11-23 15:17:22 - [MESSAGE][INFO] - Smart Wait Function is triggered

2023-11-23 15:17:22 - [MESSAGE][INFO] - Found 1 web elements with id: 'Object Repository/Page_Ressources_Usager/List_OrigineDesRessources' located by 'By.xpath: //*[@id="ORIGINE"]/div/div[5]/div/ul/p-dropdownitem[3]/li' in '20' second(s)

2023-11-23 15:17:22 - [MESSAGE][INFO] - Checking object

2023-11-23 15:17:22 - [MESSAGE][INFO] - Checking timeout

2023-11-23 15:17:22 - [MESSAGE][INFO] - Finding web element from Test Object's properties

2023-11-23 15:17:22 - [MESSAGE][INFO] - Checking timeout

2023-11-23 15:17:22 - [MESSAGE][INFO] - Finding web element with id: 'Object Repository/Page_Ressources_Usager/List_OrigineDesRessources' located by 'By.xpath: //*[@id="ORIGINE"]/div/div[5]/div/ul/p-dropdownitem[3]/li' in '5' second(s)

2023-11-23 15:17:22 - [MESSAGE][INFO] - Smart Wait Function is triggered

2023-11-23 15:17:22 - [MESSAGE][INFO] - Found 1 web elements with id: 'Object Repository/Page_Ressources_Usager/List_OrigineDesRessources' located by 'By.xpath: //*[@id="ORIGINE"]/div/div[5]/div/ul/p-dropdownitem[3]/li' in '5' second(s)

2023-11-23 15:17:22 - [MESSAGE][INFO] - Clicking on object: 'Object Repository/Page_Ressources_Usager/List_OrigineDesRessources'

2023-11-23 15:17:24 - [MESSAGE][PASSED] - Object: 'Object Repository/Page_Ressources_Usager/List_OrigineDesRessources' is clicked on

2023-11-23 15:17:24 - [TEST_STEP][PASSED] - setText(findTestObject("Object Repository/Page_Ressources_Usager/Input_MontantParMois"), "1500"): Text '1500' is set on object 'Object Repository/Page_Ressources_Usager/Input_MontantParMois'

2023-11-23 15:17:24 - [MESSAGE][INFO] - Finding Test Object 'Object Repository/Page_Ressources_Usager/Input_MontantParMois'

2023-11-23 15:17:24 - [MESSAGE][INFO] - Checking timeout

2023-11-23 15:17:24 - [MESSAGE][INFO] - Finding web element with id: 'Object Repository/Page_Ressources_Usager/Input_MontantParMois' located by 'By.xpath: /html/body/app-root/div/app-portal/main/app-theme-v2/div/app-demande/div/div[3]/app-ressources/div[2]/div/p-accordion/div/p-accordiontab/div[2]/div/form/app-ressources-financieres-selector/div/div[1]/fieldset/div/app-ressource-financiere/div/div[2]/anef-input-text/div/div/div[1]/div/input|//*[@aria-labelledby="MONTANT-label"]' in '20' second(s)

2023-11-23 15:17:24 - [MESSAGE][INFO] - Smart Wait Function is triggered

2023-11-23 15:17:24 - [MESSAGE][INFO] - Found 1 web elements with id: 'Object Repository/Page_Ressources_Usager/Input_MontantParMois' located by 'By.xpath: /html/body/app-root/div/app-portal/main/app-theme-v2/div/app-demande/div/div[3]/app-ressources/div[2]/div/p-accordion/div/p-accordiontab/div[2]/div/form/app-ressources-financieres-selector/div/div[1]/fieldset/div/app-ressource-financiere/div/div[2]/anef-input-text/div/div/div[1]/div/input|//*[@aria-labelledby="MONTANT-label"]' in '20' second(s)

2023-11-23 15:17:24 - [MESSAGE][INFO] - Checking object

2023-11-23 15:17:24 - [MESSAGE][INFO] - Checking text

2023-11-23 15:17:24 - [MESSAGE][INFO] - Finding web element from Test Object's properties

2023-11-23 15:17:24 - [MESSAGE][INFO] - Checking timeout

2023-11-23 15:17:24 - [MESSAGE][INFO] - Finding web element with id: 'Object Repository/Page_Ressources_Usager/Input_MontantParMois' located by 'By.xpath: /html/body/app-root/div/app-portal/main/app-theme-v2/div/app-demande/div/div[3]/app-ressources/div[2]/div/p-accordion/div/p-accordiontab/div[2]/div/form/app-ressources-financieres-selector/div/div[1]/fieldset/div/app-ressource-financiere/div/div[2]/anef-input-text/div/div/div[1]/div/input|//*[@aria-labelledby="MONTANT-label"]' in '5' second(s)

2023-11-23 15:17:24 - [MESSAGE][INFO] - Smart Wait Function is triggered

2023-11-23 15:17:24 - [MESSAGE][INFO] - Found 1 web elements with id: 'Object Repository/Page_Ressources_Usager/Input_MontantParMois' located by 'By.xpath: /html/body/app-root/div/app-portal/main/app-theme-v2/div/app-demande/div/div[3]/app-ressources/div[2]/div/p-accordion/div/p-accordiontab/div[2]/div/form/app-ressources-financieres-selector/div/div[1]/fieldset/div/app-ressource-financiere/div/div[2]/anef-input-text/div/div/div[1]/div/input|//*[@aria-labelledby="MONTANT-label"]' in '5' second(s)

2023-11-23 15:17:24 - [MESSAGE][INFO] - Clearing text of object 'Object Repository/Page_Ressources_Usager/Input_MontantParMois'

2023-11-23 15:17:26 - [MESSAGE][INFO] - Finding web element from Test Object's properties

2023-11-23 15:17:26 - [MESSAGE][INFO] - Checking timeout

2023-11-23 15:17:26 - [MESSAGE][INFO] - Finding web element with id: 'Object Repository/Page_Ressources_Usager/Input_MontantParMois' located by 'By.xpath: /html/body/app-root/div/app-portal/main/app-theme-v2/div/app-demande/div/div[3]/app-ressources/div[2]/div/p-accordion/div/p-accordiontab/div[2]/div/form/app-ressources-financieres-selector/div/div[1]/fieldset/div/app-ressource-financiere/div/div[2]/anef-input-text/div/div/div[1]/div/input|//*[@aria-labelledby="MONTANT-label"]' in '5' second(s)

2023-11-23 15:17:26 - [MESSAGE][INFO] - Smart Wait Function is triggered

2023-11-23 15:17:26 - [MESSAGE][INFO] - Found 1 web elements with id: 'Object Repository/Page_Ressources_Usager/Input_MontantParMois' located by 'By.xpath: /html/body/app-root/div/app-portal/main/app-theme-v2/div/app-demande/div/div[3]/app-ressources/div[2]/div/p-accordion/div/p-accordiontab/div[2]/div/form/app-ressources-financieres-selector/div/div[1]/fieldset/div/app-ressource-financiere/div/div[2]/anef-input-text/div/div/div[1]/div/input|//*[@aria-labelledby="MONTANT-label"]' in '5' second(s)

2023-11-23 15:17:26 - [MESSAGE][INFO] - Setting text of object 'Object Repository/Page_Ressources_Usager/Input_MontantParMois' to value '1500'

2023-11-23 15:17:28 - [MESSAGE][PASSED] - Text '1500' is set on object 'Object Repository/Page_Ressources_Usager/Input_MontantParMois'

2023-11-23 15:17:28 - [TEST_STEP][PASSED] - check(findTestObject("Object Repository/Page_Ressources_Usager/Check_HebergeTitreGratuit")): Object 'Object Repository/Page_Ressources_Usager/Check_HebergeTitreGratuit' is checked

2023-11-23 15:17:28 - [MESSAGE][INFO] - Finding Test Object 'Object Repository/Page_Ressources_Usager/Check_HebergeTitreGratuit'

2023-11-23 15:17:28 - [MESSAGE][INFO] - Checking object

2023-11-23 15:17:28 - [MESSAGE][INFO] - Finding web element from Test Object's properties

2023-11-23 15:17:28 - [MESSAGE][INFO] - Checking timeout

2023-11-23 15:17:28 - [MESSAGE][INFO] - Finding web element with id: 'Object Repository/Page_Ressources_Usager/Check_HebergeTitreGratuit' located by 'By.xpath: //app-demande//app-ressources//anef-input-check/div/div/p-checkbox/div/div[2]|//app-demande-visiteur//app-ressources-visiteur//anef-input-check//p-checkbox/div/div[2]' in '5' second(s)

2023-11-23 15:17:28 - [MESSAGE][INFO] - Smart Wait Function is triggered

2023-11-23 15:17:28 - [MESSAGE][INFO] - Found 1 web elements with id: 'Object Repository/Page_Ressources_Usager/Check_HebergeTitreGratuit' located by 'By.xpath: //app-demande//app-ressources//anef-input-check/div/div/p-checkbox/div/div[2]|//app-demande-visiteur//app-ressources-visiteur//anef-input-check//p-checkbox/div/div[2]' in '5' second(s)

2023-11-23 15:17:28 - [MESSAGE][INFO] - Checking on bject 'Object Repository/Page_Ressources_Usager/Check_HebergeTitreGratuit'

2023-11-23 15:17:30 - [MESSAGE][PASSED] - Object 'Object Repository/Page_Ressources_Usager/Check_HebergeTitreGratuit' is checked

2023-11-23 15:17:30 - [TEST_STEP][PASSED] - click(findTestObject("Object Repository/Page_DemarcheRenouvellement/btn_EnregistrerEtPoursuivre")): Object: 'Object Repository/Page_DemarcheRenouvellement/btn_EnregistrerEtPoursuivre' is clicked on

2023-11-23 15:17:30 - [MESSAGE][INFO] - Finding Test Object 'Object Repository/Page_DemarcheRenouvellement/btn_EnregistrerEtPoursuivre'

2023-11-23 15:17:30 - [MESSAGE][INFO] - Checking timeout

2023-11-23 15:17:30 - [MESSAGE][INFO] - Finding web element with id: 'Object Repository/Page_DemarcheRenouvellement/btn_EnregistrerEtPoursuivre' located by 'By.xpath: //span[text()='Enregistrer et poursuivre >']' in '20' second(s)

2023-11-23 15:17:30 - [MESSAGE][INFO] - Smart Wait Function is triggered

2023-11-23 15:17:30 - [MESSAGE][INFO] - Found 1 web elements with id: 'Object Repository/Page_DemarcheRenouvellement/btn_EnregistrerEtPoursuivre' located by 'By.xpath: //span[text()='Enregistrer et poursuivre >']' in '20' second(s)

2023-11-23 15:17:30 - [MESSAGE][INFO] - Checking object

2023-11-23 15:17:30 - [MESSAGE][INFO] - Checking timeout

2023-11-23 15:17:30 - [MESSAGE][INFO] - Finding web element from Test Object's properties

2023-11-23 15:17:30 - [MESSAGE][INFO] - Checking timeout

2023-11-23 15:17:30 - [MESSAGE][INFO] - Finding web element with id: 'Object Repository/Page_DemarcheRenouvellement/btn_EnregistrerEtPoursuivre' located by 'By.xpath: //span[text()='Enregistrer et poursuivre >']' in '5' second(s)

2023-11-23 15:17:30 - [MESSAGE][INFO] - Smart Wait Function is triggered

2023-11-23 15:17:30 - [MESSAGE][INFO] - Found 1 web elements with id: 'Object Repository/Page_DemarcheRenouvellement/btn_EnregistrerEtPoursuivre' located by 'By.xpath: //span[text()='Enregistrer et poursuivre >']' in '5' second(s)

2023-11-23 15:17:30 - [MESSAGE][INFO] - Clicking on object: 'Object Repository/Page_DemarcheRenouvellement/btn_EnregistrerEtPoursuivre'

2023-11-23 15:17:32 - [MESSAGE][PASSED] - Object: 'Object Repository/Page_DemarcheRenouvellement/btn_EnregistrerEtPoursuivre' is clicked on

2023-11-23 15:17:32 - [MESSAGE][PASSED] - Call Test Case 'Test Cases/Test Reutilisable/DemandeOuRenouvelle_TitreSejour/FormulaireRessources' successfully

2023-11-23 15:17:32 - [TEST_STEP][PASSED] - callTestCase(findTestCase("Test Reutilisable/DemandeOuRenouvelle_TitreSejour/FormulaireJustificatifs"), ["TypeTitreDeSejour":TypeTitreDeSejour, "Titre":Titre, "NumEphoto":NumEphoto], STOP_ON_FAILURE): Call Test Case 'Test Cases/Test Reutilisable/DemandeOuRenouvelle_TitreSejour/FormulaireJustificatifs' successfully

2023-11-23 15:17:33 - [MESSAGE][INFO] - Checking called Test Case

2023-11-23 15:17:33 - [MESSAGE][INFO] - Starting to call Test Case 'Test Cases/Test Reutilisable/DemandeOuRenouvelle_TitreSejour/FormulaireJustificatifs'

2023-11-23 15:17:33 - [TEST_CASE][PASSED] - Test Cases/Test Reutilisable/DemandeOuRenouvelle_TitreSejour/FormulaireJustificatifs: Test Cases/Test Reutilisable/DemandeOuRenouvelle_TitreSejour/FormulaireJustificatifs

2023-11-23 15:17:33 - [TEST_STEP][PASSED] - com.kazurayam.ksbackyard.HighlightElement.pandemic(): com.kazurayam.ksbackyard.HighlightElement.pandemic is PASSED

2023-11-23 15:17:33 - [MESSAGE][PASSED] - com.kazurayam.ksbackyard.HighlightElement.pandemic is PASSED

2023-11-23 15:17:33 - [TEST_STEP][PASSED] - RunBrowserConfiguration = getExecutionProperties(): null

2023-11-23 15:17:33 - [TEST_STEP][PASSED] - DriverName = DriverName: null

2023-11-23 15:17:33 - [TEST_STEP][PASSED] - driver = getWebDriver(): null

2023-11-23 15:17:33 - [TEST_STEP][PASSED] - wrappedDriver = driver.getWrappedDriver(): null

2023-11-23 15:17:33 - [TEST_STEP][PASSED] - out.println(wrappedDriver.getClass()): null

2023-11-23 15:17:33 - [TEST_STEP][PASSED] - if (class == com.kms.katalon.selenium.driver.CRemoteWebDriver): null

2023-11-23 15:17:33 - [TEST_STEP][PASSED] - SpecificDownloadDirectory = "": null

2023-11-23 15:17:33 - [TEST_STEP][PASSED] - if (DriverName == "FIREFOX_DRIVER"): null

2023-11-23 15:17:33 - [TEST_STEP][PASSED] - else if (class == "CRemoteWebDriver"): null

2023-11-23 15:17:33 - [TEST_STEP][PASSED] - else: null

2023-11-23 15:17:33 - [TEST_STEP][PASSED] - SpecificDownloadDirectory = getProjectDir() + "/Data Files": null

2023-11-23 15:17:33 - [TEST_STEP][PASSED] - println("SpecificDownloadDirectory : " + SpecificDownloadDirectory): null

2023-11-23 15:17:33 - [TEST_STEP][PASSED] - if (TypeTitreDeSejour == "RenouvellementDeTitreSejour" && Titre == "Etudiant"): null

2023-11-23 15:17:33 - [TEST_STEP][PASSED] - if (TypeTitreDeSejour == "RenouvellementDeTitreSejour" && Titre == "Visiteur" || TypeTitreDeSejour == "Visiteur" && Titre == "Etudiant"): Delayed 5 second(s)

2023-11-23 15:17:33 - [TEST_STEP][PASSED] - uploadFile(findTestObject("Object Repository/Page_Justificatifs_Usager/Btn_ChoisirFichier_TitreSejourValide"), SpecificDownloadDirectory + "/EtatCivil.pdf"): File 'C:/Users/ISSAM.RHARBAOUI/git/22_11/ANEF-AutomatizationProject/Data Files/EtatCivil.pdf' sent to object: 'Object Repository/Page_Justificatifs_Usager/Btn_ChoisirFichier_TitreSejourValide'

2023-11-23 15:17:33 - [MESSAGE][INFO] - Finding Test Object 'Object Repository/Page_Justificatifs_Usager/Btn_ChoisirFichier_TitreSejourValide'

2023-11-23 15:17:33 - [MESSAGE][INFO] - Checking object

2023-11-23 15:17:33 - [MESSAGE][INFO] - Uploading file 'C:/Users/ISSAM.RHARBAOUI/git/22_11/ANEF-AutomatizationProject/Data Files/EtatCivil.pdf' to object: 'Object Repository/Page_Justificatifs_Usager/Btn_ChoisirFichier_TitreSejourValide'

2023-11-23 15:17:33 - [MESSAGE][INFO] - Finding web element from Test Object's properties

2023-11-23 15:17:33 - [MESSAGE][INFO] - Checking timeout

2023-11-23 15:17:33 - [MESSAGE][INFO] - Finding web element with id: 'Object Repository/Page_Justificatifs_Usager/Btn_ChoisirFichier_TitreSejourValide' located by 'By.xpath: //app-justificatifs-visiteur//app-justificatif-titre-sejour//app-pieces-jointes//span[1]/input|//app-justificatifs-ptsq//app-justificatif-titre-sejour//app-pieces-jointes//span[1]/input|//app-justificatifs/div[2]/div/p-accordion/div/p-accordiontab[1]/div[2]/div/div[1]/div/app-pieces-jointes[1]/div/span[1]/input|//div/div/div/app-justificatif-titre-sejour/div/app-pieces-jointes/div/span[1]/input
' in '5' second(s)

2023-11-23 15:17:33 - [MESSAGE][INFO] - Smart Wait Function is triggered

2023-11-23 15:17:33 - [MESSAGE][INFO] - Found 1 web elements with id: 'Object Repository/Page_Justificatifs_Usager/Btn_ChoisirFichier_TitreSejourValide' located by 'By.xpath: //app-justificatifs-visiteur//app-justificatif-titre-sejour//app-pieces-jointes//span[1]/input|//app-justificatifs-ptsq//app-justificatif-titre-sejour//app-pieces-jointes//span[1]/input|//app-justificatifs/div[2]/div/p-accordion/div/p-accordiontab[1]/div[2]/div/div[1]/div/app-pieces-jointes[1]/div/span[1]/input|//div/div/div/app-justificatif-titre-sejour/div/app-pieces-jointes/div/span[1]/input
' in '5' second(s)

2023-11-23 15:17:35 - [MESSAGE][PASSED] - File 'C:/Users/ISSAM.RHARBAOUI/git/22_11/ANEF-AutomatizationProject/Data Files/EtatCivil.pdf' sent to object: 'Object Repository/Page_Justificatifs_Usager/Btn_ChoisirFichier_TitreSejourValide'

2023-11-23 15:17:35 - [TEST_STEP][PASSED] - delay(5): Delayed 5 second(s)

2023-11-23 15:17:35 - [MESSAGE][INFO] - Delaying browser in 5 second(s)

2023-11-23 15:17:40 - [MESSAGE][PASSED] - Delayed 5 second(s)

2023-11-23 15:17:40 - [TEST_STEP][PASSED] - uploadFile(findTestObject("Object Repository/Page_Justificatifs_Usager/Btn_ChoisirFichier_Passeport"), SpecificDownloadDirectory + "/Passeport.pdf"): File 'C:/Users/ISSAM.RHARBAOUI/git/22_11/ANEF-AutomatizationProject/Data Files/Passeport.pdf' sent to object: 'Object Repository/Page_Justificatifs_Usager/Btn_ChoisirFichier_Passeport'

2023-11-23 15:17:40 - [MESSAGE][INFO] - Finding Test Object 'Object Repository/Page_Justificatifs_Usager/Btn_ChoisirFichier_Passeport'

2023-11-23 15:17:40 - [MESSAGE][INFO] - Checking object

2023-11-23 15:17:40 - [MESSAGE][INFO] - Uploading file 'C:/Users/ISSAM.RHARBAOUI/git/22_11/ANEF-AutomatizationProject/Data Files/Passeport.pdf' to object: 'Object Repository/Page_Justificatifs_Usager/Btn_ChoisirFichier_Passeport'

2023-11-23 15:17:40 - [MESSAGE][INFO] - Finding web element from Test Object's properties

2023-11-23 15:17:40 - [MESSAGE][INFO] - Checking timeout

2023-11-23 15:17:40 - [MESSAGE][INFO] - Finding web element with id: 'Object Repository/Page_Justificatifs_Usager/Btn_ChoisirFichier_Passeport' located by 'By.xpath: //app-justificatifs-visiteur//app-justificatif-passeport//app-pieces-jointes//span[1]/input|//app-justificatifs-ptsq//app-justificatif-passeport//app-pieces-jointes//span[1]/input|//app-justificatifs/div[2]/div/p-accordion/div/p-accordiontab[1]/div[2]/div/div[1]/div/app-pieces-jointes[2]/div/span[1]/input|//div/div/app-justificatif-passeport/div/app-pieces-jointes/div/span[1]/input' in '5' second(s)

2023-11-23 15:17:40 - [MESSAGE][INFO] - Smart Wait Function is triggered

2023-11-23 15:17:40 - [MESSAGE][INFO] - Found 1 web elements with id: 'Object Repository/Page_Justificatifs_Usager/Btn_ChoisirFichier_Passeport' located by 'By.xpath: //app-justificatifs-visiteur//app-justificatif-passeport//app-pieces-jointes//span[1]/input|//app-justificatifs-ptsq//app-justificatif-passeport//app-pieces-jointes//span[1]/input|//app-justificatifs/div[2]/div/p-accordion/div/p-accordiontab[1]/div[2]/div/div[1]/div/app-pieces-jointes[2]/div/span[1]/input|//div/div/app-justificatif-passeport/div/app-pieces-jointes/div/span[1]/input' in '5' second(s)

2023-11-23 15:17:42 - [MESSAGE][PASSED] - File 'C:/Users/ISSAM.RHARBAOUI/git/22_11/ANEF-AutomatizationProject/Data Files/Passeport.pdf' sent to object: 'Object Repository/Page_Justificatifs_Usager/Btn_ChoisirFichier_Passeport'

2023-11-23 15:17:42 - [TEST_STEP][PASSED] - delay(5): Delayed 5 second(s)

2023-11-23 15:17:42 - [MESSAGE][INFO] - Delaying browser in 5 second(s)

2023-11-23 15:17:47 - [MESSAGE][PASSED] - Delayed 5 second(s)

2023-11-23 15:17:47 - [TEST_STEP][PASSED] - setText(findTestObject("Object Repository/Page_Justificatifs_Usager/Input_Numero_Ephoto"), NumEphoto): Text '1PMTYE991215114515JY05' is set on object 'Object Repository/Page_Justificatifs_Usager/Input_Numero_Ephoto'

2023-11-23 15:17:47 - [MESSAGE][INFO] - Finding Test Object 'Object Repository/Page_Justificatifs_Usager/Input_Numero_Ephoto'

2023-11-23 15:17:47 - [MESSAGE][INFO] - Checking timeout

2023-11-23 15:17:47 - [MESSAGE][INFO] - Finding web element with id: 'Object Repository/Page_Justificatifs_Usager/Input_Numero_Ephoto' located by 'By.xpath: //*[@aria-labelledby="PHOTO_NUMBER-label" and @type ="text"]|//*[@aria-labelledby="PHOTO_IDENTITE-label" and @type ="text"]' in '20' second(s)

2023-11-23 15:17:47 - [MESSAGE][INFO] - Smart Wait Function is triggered

2023-11-23 15:17:47 - [MESSAGE][INFO] - Found 1 web elements with id: 'Object Repository/Page_Justificatifs_Usager/Input_Numero_Ephoto' located by 'By.xpath: //*[@aria-labelledby="PHOTO_NUMBER-label" and @type ="text"]|//*[@aria-labelledby="PHOTO_IDENTITE-label" and @type ="text"]' in '20' second(s)

2023-11-23 15:17:47 - [MESSAGE][INFO] - Checking object

2023-11-23 15:17:47 - [MESSAGE][INFO] - Checking text

2023-11-23 15:17:47 - [MESSAGE][INFO] - Finding web element from Test Object's properties

2023-11-23 15:17:47 - [MESSAGE][INFO] - Checking timeout

2023-11-23 15:17:47 - [MESSAGE][INFO] - Finding web element with id: 'Object Repository/Page_Justificatifs_Usager/Input_Numero_Ephoto' located by 'By.xpath: //*[@aria-labelledby="PHOTO_NUMBER-label" and @type ="text"]|//*[@aria-labelledby="PHOTO_IDENTITE-label" and @type ="text"]' in '5' second(s)

2023-11-23 15:17:47 - [MESSAGE][INFO] - Smart Wait Function is triggered

2023-11-23 15:17:47 - [MESSAGE][INFO] - Found 1 web elements with id: 'Object Repository/Page_Justificatifs_Usager/Input_Numero_Ephoto' located by 'By.xpath: //*[@aria-labelledby="PHOTO_NUMBER-label" and @type ="text"]|//*[@aria-labelledby="PHOTO_IDENTITE-label" and @type ="text"]' in '5' second(s)

2023-11-23 15:17:47 - [MESSAGE][INFO] - Clearing text of object 'Object Repository/Page_Justificatifs_Usager/Input_Numero_Ephoto'

2023-11-23 15:17:49 - [MESSAGE][INFO] - Finding web element from Test Object's properties

2023-11-23 15:17:49 - [MESSAGE][INFO] - Checking timeout

2023-11-23 15:17:49 - [MESSAGE][INFO] - Finding web element with id: 'Object Repository/Page_Justificatifs_Usager/Input_Numero_Ephoto' located by 'By.xpath: //*[@aria-labelledby="PHOTO_NUMBER-label" and @type ="text"]|//*[@aria-labelledby="PHOTO_IDENTITE-label" and @type ="text"]' in '5' second(s)

2023-11-23 15:17:49 - [MESSAGE][INFO] - Smart Wait Function is triggered

2023-11-23 15:17:49 - [MESSAGE][INFO] - Found 1 web elements with id: 'Object Repository/Page_Justificatifs_Usager/Input_Numero_Ephoto' located by 'By.xpath: //*[@aria-labelledby="PHOTO_NUMBER-label" and @type ="text"]|//*[@aria-labelledby="PHOTO_IDENTITE-label" and @type ="text"]' in '5' second(s)

2023-11-23 15:17:49 - [MESSAGE][INFO] - Setting text of object 'Object Repository/Page_Justificatifs_Usager/Input_Numero_Ephoto' to value '1PMTYE991215114515JY05'

2023-11-23 15:17:52 - [MESSAGE][PASSED] - Text '1PMTYE991215114515JY05' is set on object 'Object Repository/Page_Justificatifs_Usager/Input_Numero_Ephoto'

2023-11-23 15:17:52 - [TEST_STEP][PASSED] - click(findTestObject("Object Repository/Page_Justificatifs_Usager/Btn_ConfirmerNumeroEphoto")): Object: 'Object Repository/Page_Justificatifs_Usager/Btn_ConfirmerNumeroEphoto' is clicked on

2023-11-23 15:17:52 - [MESSAGE][INFO] - Finding Test Object 'Object Repository/Page_Justificatifs_Usager/Btn_ConfirmerNumeroEphoto'

2023-11-23 15:17:52 - [MESSAGE][INFO] - Checking timeout

2023-11-23 15:17:52 - [MESSAGE][INFO] - Finding web element with id: 'Object Repository/Page_Justificatifs_Usager/Btn_ConfirmerNumeroEphoto' located by 'By.xpath: //div/app-e-photo//div/button/span|//app-justificatifs/div[2]/div/p-accordion/div/p-accordiontab[1]/div[2]/div/div[1]/div/button/span' in '20' second(s)

2023-11-23 15:17:52 - [MESSAGE][INFO] - Smart Wait Function is triggered

2023-11-23 15:17:52 - [MESSAGE][INFO] - Found 1 web elements with id: 'Object Repository/Page_Justificatifs_Usager/Btn_ConfirmerNumeroEphoto' located by 'By.xpath: //div/app-e-photo//div/button/span|//app-justificatifs/div[2]/div/p-accordion/div/p-accordiontab[1]/div[2]/div/div[1]/div/button/span' in '20' second(s)

2023-11-23 15:17:52 - [MESSAGE][INFO] - Checking object

2023-11-23 15:17:52 - [MESSAGE][INFO] - Checking timeout

2023-11-23 15:17:52 - [MESSAGE][INFO] - Finding web element from Test Object's properties

2023-11-23 15:17:52 - [MESSAGE][INFO] - Checking timeout

2023-11-23 15:17:52 - [MESSAGE][INFO] - Finding web element with id: 'Object Repository/Page_Justificatifs_Usager/Btn_ConfirmerNumeroEphoto' located by 'By.xpath: //div/app-e-photo//div/button/span|//app-justificatifs/div[2]/div/p-accordion/div/p-accordiontab[1]/div[2]/div/div[1]/div/button/span' in '5' second(s)

2023-11-23 15:17:52 - [MESSAGE][INFO] - Smart Wait Function is triggered

2023-11-23 15:17:52 - [MESSAGE][INFO] - Found 1 web elements with id: 'Object Repository/Page_Justificatifs_Usager/Btn_ConfirmerNumeroEphoto' located by 'By.xpath: //div/app-e-photo//div/button/span|//app-justificatifs/div[2]/div/p-accordion/div/p-accordiontab[1]/div[2]/div/div[1]/div/button/span' in '5' second(s)

2023-11-23 15:17:52 - [MESSAGE][INFO] - Clicking on object: 'Object Repository/Page_Justificatifs_Usager/Btn_ConfirmerNumeroEphoto'

2023-11-23 15:17:54 - [MESSAGE][PASSED] - Object: 'Object Repository/Page_Justificatifs_Usager/Btn_ConfirmerNumeroEphoto' is clicked on

2023-11-23 15:17:54 - [TEST_STEP][PASSED] - delay(5): Delayed 5 second(s)

2023-11-23 15:17:54 - [MESSAGE][INFO] - Delaying browser in 5 second(s)

2023-11-23 15:17:59 - [MESSAGE][PASSED] - Delayed 5 second(s)

2023-11-23 15:17:59 - [TEST_STEP][PASSED] - uploadFile(findTestObject("Object Repository/Page_Justificatifs_Usager/Btn_ChoisirFichier_Domiciliation"), SpecificDownloadDirectory + "/Domiciliation.pdf"): File 'C:/Users/ISSAM.RHARBAOUI/git/22_11/ANEF-AutomatizationProject/Data Files/Domiciliation.pdf' sent to object: 'Object Repository/Page_Justificatifs_Usager/Btn_ChoisirFichier_Domiciliation'

2023-11-23 15:17:59 - [MESSAGE][INFO] - Finding Test Object 'Object Repository/Page_Justificatifs_Usager/Btn_ChoisirFichier_Domiciliation'

2023-11-23 15:17:59 - [MESSAGE][INFO] - Checking object

2023-11-23 15:17:59 - [MESSAGE][INFO] - Uploading file 'C:/Users/ISSAM.RHARBAOUI/git/22_11/ANEF-AutomatizationProject/Data Files/Domiciliation.pdf' to object: 'Object Repository/Page_Justificatifs_Usager/Btn_ChoisirFichier_Domiciliation'

2023-11-23 15:17:59 - [MESSAGE][INFO] - Finding web element from Test Object's properties

2023-11-23 15:17:59 - [MESSAGE][INFO] - Checking timeout

2023-11-23 15:17:59 - [MESSAGE][INFO] - Finding web element with id: 'Object Repository/Page_Justificatifs_Usager/Btn_ChoisirFichier_Domiciliation' located by 'By.xpath: //app-justificatifs-visiteur//app-justificatifs-domiciliation//app-pieces-jointes//span[1]/input|//app-justificatifs-ptsq//app-justificatifs-domiciliation//app-pieces-jointes//span[1]/input|//app-justificatifs/div[2]/div/p-accordion/div/p-accordiontab[1]/div[2]/div/div[2]/div/app-pieces-jointes/div/span[1]/input|//div/app-justificatifs-domiciliation/div/div/app-pieces-jointes/div/span[1]/input' in '5' second(s)

2023-11-23 15:17:59 - [MESSAGE][INFO] - Smart Wait Function is triggered

2023-11-23 15:17:59 - [MESSAGE][INFO] - Found 1 web elements with id: 'Object Repository/Page_Justificatifs_Usager/Btn_ChoisirFichier_Domiciliation' located by 'By.xpath: //app-justificatifs-visiteur//app-justificatifs-domiciliation//app-pieces-jointes//span[1]/input|//app-justificatifs-ptsq//app-justificatifs-domiciliation//app-pieces-jointes//span[1]/input|//app-justificatifs/div[2]/div/p-accordion/div/p-accordiontab[1]/div[2]/div/div[2]/div/app-pieces-jointes/div/span[1]/input|//div/app-justificatifs-domiciliation/div/div/app-pieces-jointes/div/span[1]/input' in '5' second(s)

2023-11-23 15:18:01 - [MESSAGE][PASSED] - File 'C:/Users/ISSAM.RHARBAOUI/git/22_11/ANEF-AutomatizationProject/Data Files/Domiciliation.pdf' sent to object: 'Object Repository/Page_Justificatifs_Usager/Btn_ChoisirFichier_Domiciliation'

2023-11-23 15:18:01 - [TEST_STEP][PASSED] - delay(5): Delayed 5 second(s)

2023-11-23 15:18:01 - [MESSAGE][INFO] - Delaying browser in 5 second(s)

2023-11-23 15:18:06 - [MESSAGE][PASSED] - Delayed 5 second(s)

2023-11-23 15:18:06 - [TEST_STEP][PASSED] - uploadFile(findTestObject("Object Repository/Page_Justificatifs_Usager/Btn_ChoisirFichier_SouscriptionAssurance"), SpecificDownloadDirectory + "/SouscriptionAssurance.pdf"): File 'C:/Users/ISSAM.RHARBAOUI/git/22_11/ANEF-AutomatizationProject/Data Files/SouscriptionAssurance.pdf' sent to object: 'Object Repository/Page_Justificatifs_Usager/Btn_ChoisirFichier_SouscriptionAssurance'

2023-11-23 15:18:06 - [MESSAGE][INFO] - Finding Test Object 'Object Repository/Page_Justificatifs_Usager/Btn_ChoisirFichier_SouscriptionAssurance'

2023-11-23 15:18:06 - [MESSAGE][INFO] - Checking object

2023-11-23 15:18:06 - [MESSAGE][INFO] - Uploading file 'C:/Users/ISSAM.RHARBAOUI/git/22_11/ANEF-AutomatizationProject/Data Files/SouscriptionAssurance.pdf' to object: 'Object Repository/Page_Justificatifs_Usager/Btn_ChoisirFichier_SouscriptionAssurance'

2023-11-23 15:18:06 - [MESSAGE][INFO] - Finding web element from Test Object's properties

2023-11-23 15:18:06 - [MESSAGE][INFO] - Checking timeout

2023-11-23 15:18:06 - [MESSAGE][INFO] - Finding web element with id: 'Object Repository/Page_Justificatifs_Usager/Btn_ChoisirFichier_SouscriptionAssurance' located by 'By.xpath: //app-demande-visiteur//app-justificatifs-visiteur//p-accordiontab[2]/div[2]/div/app-justificatif-assurance-maladie/div/app-pieces-jointes/div/span[1]/input' in '5' second(s)

2023-11-23 15:18:06 - [MESSAGE][INFO] - Smart Wait Function is triggered

2023-11-23 15:18:06 - [MESSAGE][INFO] - Found 1 web elements with id: 'Object Repository/Page_Justificatifs_Usager/Btn_ChoisirFichier_SouscriptionAssurance' located by 'By.xpath: //app-demande-visiteur//app-justificatifs-visiteur//p-accordiontab[2]/div[2]/div/app-justificatif-assurance-maladie/div/app-pieces-jointes/div/span[1]/input' in '5' second(s)

2023-11-23 15:18:08 - [MESSAGE][PASSED] - File 'C:/Users/ISSAM.RHARBAOUI/git/22_11/ANEF-AutomatizationProject/Data Files/SouscriptionAssurance.pdf' sent to object: 'Object Repository/Page_Justificatifs_Usager/Btn_ChoisirFichier_SouscriptionAssurance'

2023-11-23 15:18:08 - [TEST_STEP][PASSED] - delay(5): Delayed 5 second(s)

2023-11-23 15:18:08 - [MESSAGE][INFO] - Delaying browser in 5 second(s)

2023-11-23 15:18:13 - [MESSAGE][PASSED] - Delayed 5 second(s)

2023-11-23 15:18:13 - [TEST_STEP][PASSED] - uploadFile(findTestObject("Object Repository/Page_Justificatifs_Usager/Btn_ChoisirFichier_PrisEnChargeParUnTiers"), SpecificDownloadDirectory + "/PrisEnChargeParUnTiers.pdf"): File 'C:/Users/ISSAM.RHARBAOUI/git/22_11/ANEF-AutomatizationProject/Data Files/PrisEnChargeParUnTiers.pdf' sent to object: 'Object Repository/Page_Justificatifs_Usager/Btn_ChoisirFichier_PrisEnChargeParUnTiers'

2023-11-23 15:18:13 - [MESSAGE][INFO] - Finding Test Object 'Object Repository/Page_Justificatifs_Usager/Btn_ChoisirFichier_PrisEnChargeParUnTiers'

2023-11-23 15:18:13 - [MESSAGE][INFO] - Checking object

2023-11-23 15:18:13 - [MESSAGE][INFO] - Uploading file 'C:/Users/ISSAM.RHARBAOUI/git/22_11/ANEF-AutomatizationProject/Data Files/PrisEnChargeParUnTiers.pdf' to object: 'Object Repository/Page_Justificatifs_Usager/Btn_ChoisirFichier_PrisEnChargeParUnTiers'

2023-11-23 15:18:13 - [MESSAGE][INFO] - Finding web element from Test Object's properties

2023-11-23 15:18:13 - [MESSAGE][INFO] - Checking timeout

2023-11-23 15:18:13 - [MESSAGE][INFO] - Finding web element with id: 'Object Repository/Page_Justificatifs_Usager/Btn_ChoisirFichier_PrisEnChargeParUnTiers' located by 'By.xpath: //app-justificatifs/div[2]/div/p-accordion/div/p-accordiontab[3]/div[2]/div/div[2]/app-pieces-jointes[1]/div/span[1]/input|//app-demande-visiteur//app-justificatifs-visiteur//p-accordiontab[3]/div[2]/div/div[2]/div/app-pieces-jointes/div/span[1]/input' in '5' second(s)

2023-11-23 15:18:13 - [MESSAGE][INFO] - Smart Wait Function is triggered

2023-11-23 15:18:13 - [MESSAGE][INFO] - Found 1 web elements with id: 'Object Repository/Page_Justificatifs_Usager/Btn_ChoisirFichier_PrisEnChargeParUnTiers' located by 'By.xpath: //app-justificatifs/div[2]/div/p-accordion/div/p-accordiontab[3]/div[2]/div/div[2]/app-pieces-jointes[1]/div/span[1]/input|//app-demande-visiteur//app-justificatifs-visiteur//p-accordiontab[3]/div[2]/div/div[2]/div/app-pieces-jointes/div/span[1]/input' in '5' second(s)

2023-11-23 15:18:15 - [MESSAGE][PASSED] - File 'C:/Users/ISSAM.RHARBAOUI/git/22_11/ANEF-AutomatizationProject/Data Files/PrisEnChargeParUnTiers.pdf' sent to object: 'Object Repository/Page_Justificatifs_Usager/Btn_ChoisirFichier_PrisEnChargeParUnTiers'

2023-11-23 15:18:15 - [TEST_STEP][PASSED] - delay(5): Delayed 5 second(s)

2023-11-23 15:18:15 - [MESSAGE][INFO] - Delaying browser in 5 second(s)

2023-11-23 15:18:20 - [MESSAGE][PASSED] - Delayed 5 second(s)

2023-11-23 15:18:20 - [TEST_STEP][PASSED] - click(findTestObject("Object Repository/Page_DemarcheRenouvellement/btn_EnregistrerEtPoursuivre")): Object: 'Object Repository/Page_DemarcheRenouvellement/btn_EnregistrerEtPoursuivre' is clicked on

2023-11-23 15:18:20 - [MESSAGE][INFO] - Finding Test Object 'Object Repository/Page_DemarcheRenouvellement/btn_EnregistrerEtPoursuivre'

2023-11-23 15:18:20 - [MESSAGE][INFO] - Checking timeout

2023-11-23 15:18:20 - [MESSAGE][INFO] - Finding web element with id: 'Object Repository/Page_DemarcheRenouvellement/btn_EnregistrerEtPoursuivre' located by 'By.xpath: //span[text()='Enregistrer et poursuivre >']' in '20' second(s)

2023-11-23 15:18:20 - [MESSAGE][INFO] - Smart Wait Function is triggered

2023-11-23 15:18:20 - [MESSAGE][INFO] - Found 1 web elements with id: 'Object Repository/Page_DemarcheRenouvellement/btn_EnregistrerEtPoursuivre' located by 'By.xpath: //span[text()='Enregistrer et poursuivre >']' in '20' second(s)

2023-11-23 15:18:20 - [MESSAGE][INFO] - Checking object

2023-11-23 15:18:20 - [MESSAGE][INFO] - Checking timeout

2023-11-23 15:18:20 - [MESSAGE][INFO] - Finding web element from Test Object's properties

2023-11-23 15:18:20 - [MESSAGE][INFO] - Checking timeout

2023-11-23 15:18:20 - [MESSAGE][INFO] - Finding web element with id: 'Object Repository/Page_DemarcheRenouvellement/btn_EnregistrerEtPoursuivre' located by 'By.xpath: //span[text()='Enregistrer et poursuivre >']' in '5' second(s)

2023-11-23 15:18:20 - [MESSAGE][INFO] - Smart Wait Function is triggered

2023-11-23 15:18:20 - [MESSAGE][INFO] - Found 1 web elements with id: 'Object Repository/Page_DemarcheRenouvellement/btn_EnregistrerEtPoursuivre' located by 'By.xpath: //span[text()='Enregistrer et poursuivre >']' in '5' second(s)

2023-11-23 15:18:20 - [MESSAGE][INFO] - Clicking on object: 'Object Repository/Page_DemarcheRenouvellement/btn_EnregistrerEtPoursuivre'

2023-11-23 15:18:22 - [MESSAGE][PASSED] - Object: 'Object Repository/Page_DemarcheRenouvellement/btn_EnregistrerEtPoursuivre' is clicked on

2023-11-23 15:18:22 - [TEST_STEP][PASSED] - delay(5): Delayed 5 second(s)

2023-11-23 15:18:22 - [MESSAGE][INFO] - Delaying browser in 5 second(s)

2023-11-23 15:18:27 - [MESSAGE][PASSED] - Delayed 5 second(s)

2023-11-23 15:18:27 - [TEST_STEP][PASSED] - println("TypeTitreDeSejour :" + TypeTitreDeSejour): null

2023-11-23 15:18:27 - [TEST_STEP][PASSED] - if (TypeTitreDeSejour == "TS-PT-CarteBleueEuropeenne" || TypeTitreDeSejour == "TS-PT-SalarieEnMission"): null

2023-11-23 15:18:27 - [TEST_STEP][PASSED] - if (TypeTitreDeSejour == "TS-PT-SalarieQualifie" || TypeTitreDeSejour == "TS-PT-SalarieEntrepriseInnovante" || TypeTitreDeSejour == "ChercheurEtChercheurEnMobilite"): null

2023-11-23 15:18:27 - [TEST_STEP][PASSED] - if (TypeTitreDeSejour == "FrenchTechVisaForInvestors" || TypeTitreDeSejour == "CreateurDEntreprise"): null

2023-11-23 15:18:28 - [TEST_STEP][PASSED] - if (TypeTitreDeSejour == "CreateurDEntreprise" || TypeTitreDeSejour == "FrenchTechVisaForFounders"): null

2023-11-23 15:18:28 - [TEST_STEP][PASSED] - if (TypeTitreDeSejour == "MandataireSocial"): null

2023-11-23 15:18:28 - [TEST_STEP][PASSED] - if (TypeTitreDeSejour == "ArtisteNonSalarie" || TypeTitreDeSejour == "ArtisteSalarie"): null

2023-11-23 15:18:28 - [TEST_STEP][PASSED] - if (TypeTitreDeSejour == "MembreDeFamillePasseportTalent_Conjoint"): null

2023-11-23 15:18:28 - [MESSAGE][PASSED] - Call Test Case 'Test Cases/Test Reutilisable/DemandeOuRenouvelle_TitreSejour/FormulaireJustificatifs' successfully

2023-11-23 15:18:28 - [TEST_STEP][PASSED] - callTestCase(findTestCase("Test Reutilisable/DemandeOuRenouvelle_TitreSejour/FormulaireRecapitulatif"), ["Titre":Titre, "TypeTitreDeSejour":TypeTitreDeSejour], STOP_ON_FAILURE): Call Test Case 'Test Cases/Test Reutilisable/DemandeOuRenouvelle_TitreSejour/FormulaireRecapitulatif' successfully

2023-11-23 15:18:28 - [MESSAGE][INFO] - Checking called Test Case

2023-11-23 15:18:28 - [MESSAGE][INFO] - Starting to call Test Case 'Test Cases/Test Reutilisable/DemandeOuRenouvelle_TitreSejour/FormulaireRecapitulatif'

2023-11-23 15:18:28 - [TEST_CASE][PASSED] - Test Cases/Test Reutilisable/DemandeOuRenouvelle_TitreSejour/FormulaireRecapitulatif: Test Cases/Test Reutilisable/DemandeOuRenouvelle_TitreSejour/FormulaireRecapitulatif

2023-11-23 15:18:28 - [TEST_STEP][PASSED] - com.kazurayam.ksbackyard.HighlightElement.pandemic(): com.kazurayam.ksbackyard.HighlightElement.pandemic is PASSED

2023-11-23 15:18:28 - [MESSAGE][PASSED] - com.kazurayam.ksbackyard.HighlightElement.pandemic is PASSED

2023-11-23 15:18:28 - [TEST_STEP][PASSED] - delay(5): Delayed 5 second(s)

2023-11-23 15:18:28 - [MESSAGE][INFO] - Delaying browser in 5 second(s)

2023-11-23 15:18:33 - [MESSAGE][PASSED] - Delayed 5 second(s)

2023-11-23 15:18:33 - [TEST_STEP][PASSED] - if (TypeTitreDeSejour == "RenouvellementDeTitreSejour" || TypeTitreDeSejour == "Visiteur" && Titre == "Visiteur" || Titre == "Etudiant"): Delayed 30 second(s)

2023-11-23 15:18:33 - [TEST_STEP][PASSED] - click(findTestObject("Object Repository/Page_Recapitulatif_Usager/Btn_ValiderEtVerifierLaSuiteDeMaSaisie_1sur4")): Object: 'Object Repository/Page_Recapitulatif_Usager/Btn_ValiderEtVerifierLaSuiteDeMaSaisie_1sur4' is clicked on

2023-11-23 15:18:33 - [MESSAGE][INFO] - Finding Test Object 'Object Repository/Page_Recapitulatif_Usager/Btn_ValiderEtVerifierLaSuiteDeMaSaisie_1sur4'

2023-11-23 15:18:33 - [MESSAGE][INFO] - Checking timeout

2023-11-23 15:18:33 - [MESSAGE][INFO] - Finding web element with id: 'Object Repository/Page_Recapitulatif_Usager/Btn_ValiderEtVerifierLaSuiteDeMaSaisie_1sur4' located by 'By.xpath: //div[2]/div/p-accordion/div/p-accordiontab[1]/div[2]/div/app-actions-bar/div/div[2]/button/span' in '20' second(s)

2023-11-23 15:18:33 - [MESSAGE][INFO] - Smart Wait Function is triggered

2023-11-23 15:18:33 - [MESSAGE][INFO] - Found 1 web elements with id: 'Object Repository/Page_Recapitulatif_Usager/Btn_ValiderEtVerifierLaSuiteDeMaSaisie_1sur4' located by 'By.xpath: //div[2]/div/p-accordion/div/p-accordiontab[1]/div[2]/div/app-actions-bar/div/div[2]/button/span' in '20' second(s)

2023-11-23 15:18:33 - [MESSAGE][INFO] - Checking object

2023-11-23 15:18:33 - [MESSAGE][INFO] - Checking timeout

2023-11-23 15:18:33 - [MESSAGE][INFO] - Finding web element from Test Object's properties

2023-11-23 15:18:33 - [MESSAGE][INFO] - Checking timeout

2023-11-23 15:18:33 - [MESSAGE][INFO] - Finding web element with id: 'Object Repository/Page_Recapitulatif_Usager/Btn_ValiderEtVerifierLaSuiteDeMaSaisie_1sur4' located by 'By.xpath: //div[2]/div/p-accordion/div/p-accordiontab[1]/div[2]/div/app-actions-bar/div/div[2]/button/span' in '5' second(s)

2023-11-23 15:18:33 - [MESSAGE][INFO] - Smart Wait Function is triggered

2023-11-23 15:18:33 - [MESSAGE][INFO] - Found 1 web elements with id: 'Object Repository/Page_Recapitulatif_Usager/Btn_ValiderEtVerifierLaSuiteDeMaSaisie_1sur4' located by 'By.xpath: //div[2]/div/p-accordion/div/p-accordiontab[1]/div[2]/div/app-actions-bar/div/div[2]/button/span' in '5' second(s)

2023-11-23 15:18:33 - [MESSAGE][INFO] - Clicking on object: 'Object Repository/Page_Recapitulatif_Usager/Btn_ValiderEtVerifierLaSuiteDeMaSaisie_1sur4'

2023-11-23 15:18:35 - [MESSAGE][PASSED] - Object: 'Object Repository/Page_Recapitulatif_Usager/Btn_ValiderEtVerifierLaSuiteDeMaSaisie_1sur4' is clicked on

2023-11-23 15:18:35 - [TEST_STEP][PASSED] - delay(2): Delayed 2 second(s)

2023-11-23 15:18:35 - [MESSAGE][INFO] - Delaying browser in 2 second(s)

2023-11-23 15:18:37 - [MESSAGE][PASSED] - Delayed 2 second(s)

2023-11-23 15:18:37 - [TEST_STEP][PASSED] - click(findTestObject("Object Repository/Page_Recapitulatif_Usager/Btn_ValiderEtVerifierLaSuiteDeMaSaisie_2sur4")): Object: 'Object Repository/Page_Recapitulatif_Usager/Btn_ValiderEtVerifierLaSuiteDeMaSaisie_2sur4' is clicked on

2023-11-23 15:18:37 - [MESSAGE][INFO] - Finding Test Object 'Object Repository/Page_Recapitulatif_Usager/Btn_ValiderEtVerifierLaSuiteDeMaSaisie_2sur4'

2023-11-23 15:18:37 - [MESSAGE][INFO] - Checking timeout

2023-11-23 15:18:37 - [MESSAGE][INFO] - Finding web element with id: 'Object Repository/Page_Recapitulatif_Usager/Btn_ValiderEtVerifierLaSuiteDeMaSaisie_2sur4' located by 'By.xpath: //div[2]/div/p-accordion/div/p-accordiontab[2]/div[2]/div/app-actions-bar/div/div[2]/button/span' in '20' second(s)

2023-11-23 15:18:37 - [MESSAGE][INFO] - Smart Wait Function is triggered

2023-11-23 15:18:37 - [MESSAGE][INFO] - Found 1 web elements with id: 'Object Repository/Page_Recapitulatif_Usager/Btn_ValiderEtVerifierLaSuiteDeMaSaisie_2sur4' located by 'By.xpath: //div[2]/div/p-accordion/div/p-accordiontab[2]/div[2]/div/app-actions-bar/div/div[2]/button/span' in '20' second(s)

2023-11-23 15:18:37 - [MESSAGE][INFO] - Checking object

2023-11-23 15:18:37 - [MESSAGE][INFO] - Checking timeout

2023-11-23 15:18:37 - [MESSAGE][INFO] - Finding web element from Test Object's properties

2023-11-23 15:18:37 - [MESSAGE][INFO] - Checking timeout

2023-11-23 15:18:37 - [MESSAGE][INFO] - Finding web element with id: 'Object Repository/Page_Recapitulatif_Usager/Btn_ValiderEtVerifierLaSuiteDeMaSaisie_2sur4' located by 'By.xpath: //div[2]/div/p-accordion/div/p-accordiontab[2]/div[2]/div/app-actions-bar/div/div[2]/button/span' in '5' second(s)

2023-11-23 15:18:37 - [MESSAGE][INFO] - Smart Wait Function is triggered

2023-11-23 15:18:37 - [MESSAGE][INFO] - Found 1 web elements with id: 'Object Repository/Page_Recapitulatif_Usager/Btn_ValiderEtVerifierLaSuiteDeMaSaisie_2sur4' located by 'By.xpath: //div[2]/div/p-accordion/div/p-accordiontab[2]/div[2]/div/app-actions-bar/div/div[2]/button/span' in '5' second(s)

2023-11-23 15:18:37 - [MESSAGE][INFO] - Clicking on object: 'Object Repository/Page_Recapitulatif_Usager/Btn_ValiderEtVerifierLaSuiteDeMaSaisie_2sur4'

2023-11-23 15:18:39 - [MESSAGE][PASSED] - Object: 'Object Repository/Page_Recapitulatif_Usager/Btn_ValiderEtVerifierLaSuiteDeMaSaisie_2sur4' is clicked on

2023-11-23 15:18:39 - [TEST_STEP][PASSED] - delay(2): Delayed 2 second(s)

2023-11-23 15:18:39 - [MESSAGE][INFO] - Delaying browser in 2 second(s)

2023-11-23 15:18:41 - [MESSAGE][PASSED] - Delayed 2 second(s)

2023-11-23 15:18:41 - [TEST_STEP][PASSED] - click(findTestObject("Object Repository/Page_Recapitulatif_Usager/Btn_ValiderEtVerifierLaSuiteDeMaSaisie_3sur4")): Object: 'Object Repository/Page_Recapitulatif_Usager/Btn_ValiderEtVerifierLaSuiteDeMaSaisie_3sur4' is clicked on

2023-11-23 15:18:41 - [MESSAGE][INFO] - Finding Test Object 'Object Repository/Page_Recapitulatif_Usager/Btn_ValiderEtVerifierLaSuiteDeMaSaisie_3sur4'

2023-11-23 15:18:41 - [MESSAGE][INFO] - Checking timeout

2023-11-23 15:18:41 - [MESSAGE][INFO] - Finding web element with id: 'Object Repository/Page_Recapitulatif_Usager/Btn_ValiderEtVerifierLaSuiteDeMaSaisie_3sur4' located by 'By.xpath: //div[2]/div/p-accordion/div/p-accordiontab[3]/div[2]/div/app-actions-bar/div/div[2]/button/span' in '20' second(s)

2023-11-23 15:18:41 - [MESSAGE][INFO] - Smart Wait Function is triggered

2023-11-23 15:18:41 - [MESSAGE][INFO] - Found 1 web elements with id: 'Object Repository/Page_Recapitulatif_Usager/Btn_ValiderEtVerifierLaSuiteDeMaSaisie_3sur4' located by 'By.xpath: //div[2]/div/p-accordion/div/p-accordiontab[3]/div[2]/div/app-actions-bar/div/div[2]/button/span' in '20' second(s)

2023-11-23 15:18:41 - [MESSAGE][INFO] - Checking object

2023-11-23 15:18:41 - [MESSAGE][INFO] - Checking timeout

2023-11-23 15:18:41 - [MESSAGE][INFO] - Finding web element from Test Object's properties

2023-11-23 15:18:41 - [MESSAGE][INFO] - Checking timeout

2023-11-23 15:18:41 - [MESSAGE][INFO] - Finding web element with id: 'Object Repository/Page_Recapitulatif_Usager/Btn_ValiderEtVerifierLaSuiteDeMaSaisie_3sur4' located by 'By.xpath: //div[2]/div/p-accordion/div/p-accordiontab[3]/div[2]/div/app-actions-bar/div/div[2]/button/span' in '5' second(s)

2023-11-23 15:18:41 - [MESSAGE][INFO] - Smart Wait Function is triggered

2023-11-23 15:18:41 - [MESSAGE][INFO] - Found 1 web elements with id: 'Object Repository/Page_Recapitulatif_Usager/Btn_ValiderEtVerifierLaSuiteDeMaSaisie_3sur4' located by 'By.xpath: //div[2]/div/p-accordion/div/p-accordiontab[3]/div[2]/div/app-actions-bar/div/div[2]/button/span' in '5' second(s)

2023-11-23 15:18:41 - [MESSAGE][INFO] - Clicking on object: 'Object Repository/Page_Recapitulatif_Usager/Btn_ValiderEtVerifierLaSuiteDeMaSaisie_3sur4'

2023-11-23 15:18:43 - [MESSAGE][PASSED] - Object: 'Object Repository/Page_Recapitulatif_Usager/Btn_ValiderEtVerifierLaSuiteDeMaSaisie_3sur4' is clicked on

2023-11-23 15:18:43 - [TEST_STEP][PASSED] - delay(2): Delayed 2 second(s)

2023-11-23 15:18:43 - [MESSAGE][INFO] - Delaying browser in 2 second(s)

2023-11-23 15:18:45 - [MESSAGE][PASSED] - Delayed 2 second(s)

2023-11-23 15:18:45 - [TEST_STEP][PASSED] - click(findTestObject("Object Repository/Page_Recapitulatif_Usager/Btn_ValiderEtVerifierLaSuiteDeMaSaisie_4sur4")): Object: 'Object Repository/Page_Recapitulatif_Usager/Btn_ValiderEtVerifierLaSuiteDeMaSaisie_4sur4' is clicked on

2023-11-23 15:18:45 - [MESSAGE][INFO] - Finding Test Object 'Object Repository/Page_Recapitulatif_Usager/Btn_ValiderEtVerifierLaSuiteDeMaSaisie_4sur4'

2023-11-23 15:18:45 - [MESSAGE][INFO] - Checking timeout

2023-11-23 15:18:45 - [MESSAGE][INFO] - Finding web element with id: 'Object Repository/Page_Recapitulatif_Usager/Btn_ValiderEtVerifierLaSuiteDeMaSaisie_4sur4' located by 'By.xpath: //div[2]/div/p-accordion/div/p-accordiontab[4]/div[2]/div/app-actions-bar/div/div[2]/button/span' in '20' second(s)

2023-11-23 15:18:45 - [MESSAGE][INFO] - Smart Wait Function is triggered

2023-11-23 15:18:45 - [MESSAGE][INFO] - Found 1 web elements with id: 'Object Repository/Page_Recapitulatif_Usager/Btn_ValiderEtVerifierLaSuiteDeMaSaisie_4sur4' located by 'By.xpath: //div[2]/div/p-accordion/div/p-accordiontab[4]/div[2]/div/app-actions-bar/div/div[2]/button/span' in '20' second(s)

2023-11-23 15:18:45 - [MESSAGE][INFO] - Checking object

2023-11-23 15:18:45 - [MESSAGE][INFO] - Checking timeout

2023-11-23 15:18:45 - [MESSAGE][INFO] - Finding web element from Test Object's properties

2023-11-23 15:18:45 - [MESSAGE][INFO] - Checking timeout

2023-11-23 15:18:45 - [MESSAGE][INFO] - Finding web element with id: 'Object Repository/Page_Recapitulatif_Usager/Btn_ValiderEtVerifierLaSuiteDeMaSaisie_4sur4' located by 'By.xpath: //div[2]/div/p-accordion/div/p-accordiontab[4]/div[2]/div/app-actions-bar/div/div[2]/button/span' in '5' second(s)

2023-11-23 15:18:45 - [MESSAGE][INFO] - Smart Wait Function is triggered

2023-11-23 15:18:45 - [MESSAGE][INFO] - Found 1 web elements with id: 'Object Repository/Page_Recapitulatif_Usager/Btn_ValiderEtVerifierLaSuiteDeMaSaisie_4sur4' located by 'By.xpath: //div[2]/div/p-accordion/div/p-accordiontab[4]/div[2]/div/app-actions-bar/div/div[2]/button/span' in '5' second(s)

2023-11-23 15:18:45 - [MESSAGE][INFO] - Clicking on object: 'Object Repository/Page_Recapitulatif_Usager/Btn_ValiderEtVerifierLaSuiteDeMaSaisie_4sur4'

2023-11-23 15:18:48 - [MESSAGE][PASSED] - Object: 'Object Repository/Page_Recapitulatif_Usager/Btn_ValiderEtVerifierLaSuiteDeMaSaisie_4sur4' is clicked on

2023-11-23 15:18:48 - [TEST_STEP][PASSED] - delay(2): Delayed 2 second(s)

2023-11-23 15:18:48 - [MESSAGE][INFO] - Delaying browser in 2 second(s)

2023-11-23 15:18:50 - [MESSAGE][PASSED] - Delayed 2 second(s)

2023-11-23 15:18:50 - [TEST_STEP][PASSED] - click(findTestObject("Object Repository/Page_Recapitulatif_Usager/Btn_ValiderEtTransmettreMaDemande")): Object: 'Object Repository/Page_Recapitulatif_Usager/Btn_ValiderEtTransmettreMaDemande' is clicked on

2023-11-23 15:18:50 - [MESSAGE][INFO] - Finding Test Object 'Object Repository/Page_Recapitulatif_Usager/Btn_ValiderEtTransmettreMaDemande'

2023-11-23 15:18:50 - [MESSAGE][INFO] - Checking timeout

2023-11-23 15:18:50 - [MESSAGE][INFO] - Finding web element with id: 'Object Repository/Page_Recapitulatif_Usager/Btn_ValiderEtTransmettreMaDemande' located by 'By.xpath: //app-demande/div/div[3]/app-actions-bar/div/div[2]/div/div[2]/button/span|//app-demande-ptsq/div/div[3]/app-actions-bar/div/div[2]/div/div[2]/button/span|//app-demande-visiteur/div/div[3]/app-actions-bar/div/div[2]/div/div[2]/button/span|/html/body/app-root/div/app-portal/main/app-theme-v2/div/app-demande-ptch/div/div[3]/app-actions-bar/div/div[2]/div/div[2]/button/span|//div/app-demande-ptinv/div/div[3]/app-actions-bar/div/div[2]/div/div[2]/button/span|//button/span[@class="ui-button-text ui-clickable" and contains(., 'Envoyer la demande')]
' in '20' second(s)

2023-11-23 15:18:50 - [MESSAGE][INFO] - Smart Wait Function is triggered

2023-11-23 15:18:50 - [MESSAGE][INFO] - Found 1 web elements with id: 'Object Repository/Page_Recapitulatif_Usager/Btn_ValiderEtTransmettreMaDemande' located by 'By.xpath: //app-demande/div/div[3]/app-actions-bar/div/div[2]/div/div[2]/button/span|//app-demande-ptsq/div/div[3]/app-actions-bar/div/div[2]/div/div[2]/button/span|//app-demande-visiteur/div/div[3]/app-actions-bar/div/div[2]/div/div[2]/button/span|/html/body/app-root/div/app-portal/main/app-theme-v2/div/app-demande-ptch/div/div[3]/app-actions-bar/div/div[2]/div/div[2]/button/span|//div/app-demande-ptinv/div/div[3]/app-actions-bar/div/div[2]/div/div[2]/button/span|//button/span[@class="ui-button-text ui-clickable" and contains(., 'Envoyer la demande')]
' in '20' second(s)

2023-11-23 15:18:50 - [MESSAGE][INFO] - Checking object

2023-11-23 15:18:50 - [MESSAGE][INFO] - Checking timeout

2023-11-23 15:18:50 - [MESSAGE][INFO] - Finding web element from Test Object's properties

2023-11-23 15:18:50 - [MESSAGE][INFO] - Checking timeout

2023-11-23 15:18:50 - [MESSAGE][INFO] - Finding web element with id: 'Object Repository/Page_Recapitulatif_Usager/Btn_ValiderEtTransmettreMaDemande' located by 'By.xpath: //app-demande/div/div[3]/app-actions-bar/div/div[2]/div/div[2]/button/span|//app-demande-ptsq/div/div[3]/app-actions-bar/div/div[2]/div/div[2]/button/span|//app-demande-visiteur/div/div[3]/app-actions-bar/div/div[2]/div/div[2]/button/span|/html/body/app-root/div/app-portal/main/app-theme-v2/div/app-demande-ptch/div/div[3]/app-actions-bar/div/div[2]/div/div[2]/button/span|//div/app-demande-ptinv/div/div[3]/app-actions-bar/div/div[2]/div/div[2]/button/span|//button/span[@class="ui-button-text ui-clickable" and contains(., 'Envoyer la demande')]
' in '5' second(s)

2023-11-23 15:18:50 - [MESSAGE][INFO] - Smart Wait Function is triggered

2023-11-23 15:18:50 - [MESSAGE][INFO] - Found 1 web elements with id: 'Object Repository/Page_Recapitulatif_Usager/Btn_ValiderEtTransmettreMaDemande' located by 'By.xpath: //app-demande/div/div[3]/app-actions-bar/div/div[2]/div/div[2]/button/span|//app-demande-ptsq/div/div[3]/app-actions-bar/div/div[2]/div/div[2]/button/span|//app-demande-visiteur/div/div[3]/app-actions-bar/div/div[2]/div/div[2]/button/span|/html/body/app-root/div/app-portal/main/app-theme-v2/div/app-demande-ptch/div/div[3]/app-actions-bar/div/div[2]/div/div[2]/button/span|//div/app-demande-ptinv/div/div[3]/app-actions-bar/div/div[2]/div/div[2]/button/span|//button/span[@class="ui-button-text ui-clickable" and contains(., 'Envoyer la demande')]
' in '5' second(s)

2023-11-23 15:18:50 - [MESSAGE][INFO] - Clicking on object: 'Object Repository/Page_Recapitulatif_Usager/Btn_ValiderEtTransmettreMaDemande'

2023-11-23 15:18:52 - [MESSAGE][PASSED] - Object: 'Object Repository/Page_Recapitulatif_Usager/Btn_ValiderEtTransmettreMaDemande' is clicked on

2023-11-23 15:18:52 - [TEST_STEP][PASSED] - delay(30): Delayed 30 second(s)

2023-11-23 15:18:52 - [MESSAGE][INFO] - Delaying browser in 30 second(s)

2023-11-23 15:19:22 - [MESSAGE][PASSED] - Delayed 30 second(s)

2023-11-23 15:19:22 - [MESSAGE][PASSED] - Call Test Case 'Test Cases/Test Reutilisable/DemandeOuRenouvelle_TitreSejour/FormulaireRecapitulatif' successfully

2023-11-23 15:19:22 - [TEST_STEP][PASSED] - callTestCase(findTestCase("Test Reutilisable/DemandeOuRenouvelle_TitreSejour/FormulaireConfirmation"), ["NumEtrangerVisa":NumEtrangerVisa, "TypeTitreDeSejour":TypeTitreDeSejour], STOP_ON_FAILURE): Call Test Case 'Test Cases/Test Reutilisable/DemandeOuRenouvelle_TitreSejour/FormulaireConfirmation' successfully

2023-11-23 15:19:22 - [MESSAGE][INFO] - Checking called Test Case

2023-11-23 15:19:22 - [MESSAGE][INFO] - Starting to call Test Case 'Test Cases/Test Reutilisable/DemandeOuRenouvelle_TitreSejour/FormulaireConfirmation'

2023-11-23 15:19:22 - [TEST_CASE][PASSED] - Test Cases/Test Reutilisable/DemandeOuRenouvelle_TitreSejour/FormulaireConfirmation: Test Cases/Test Reutilisable/DemandeOuRenouvelle_TitreSejour/FormulaireConfirmation

2023-11-23 15:19:22 - [TEST_STEP][PASSED] - com.kazurayam.ksbackyard.HighlightElement.pandemic(): com.kazurayam.ksbackyard.HighlightElement.pandemic is PASSED

2023-11-23 15:19:22 - [MESSAGE][PASSED] - com.kazurayam.ksbackyard.HighlightElement.pandemic is PASSED

2023-11-23 15:19:22 - [TEST_STEP][PASSED] - click(findTestObject("Object Repository/Page_Accueil_Agent/EspacePerso/link_EspacePerso")): Object: 'Object Repository/Page_Accueil_Agent/EspacePerso/link_EspacePerso' is clicked on

2023-11-23 15:19:22 - [MESSAGE][INFO] - Finding Test Object 'Object Repository/Page_Accueil_Agent/EspacePerso/link_EspacePerso'

2023-11-23 15:19:22 - [MESSAGE][INFO] - Checking timeout

2023-11-23 15:19:22 - [MESSAGE][INFO] - Finding web element with id: 'Object Repository/Page_Accueil_Agent/EspacePerso/link_EspacePerso' located by 'By.xpath: //*[@id="navBar-new"]/nav/div[3]/div/div/ul/li[3]/a/span[2]' in '20' second(s)

2023-11-23 15:19:22 - [MESSAGE][INFO] - Smart Wait Function is triggered

2023-11-23 15:19:22 - [MESSAGE][INFO] - Found 1 web elements with id: 'Object Repository/Page_Accueil_Agent/EspacePerso/link_EspacePerso' located by 'By.xpath: //*[@id="navBar-new"]/nav/div[3]/div/div/ul/li[3]/a/span[2]' in '20' second(s)

2023-11-23 15:19:22 - [MESSAGE][INFO] - Checking object

2023-11-23 15:19:22 - [MESSAGE][INFO] - Checking timeout

2023-11-23 15:19:22 - [MESSAGE][INFO] - Finding web element from Test Object's properties

2023-11-23 15:19:22 - [MESSAGE][INFO] - Checking timeout

2023-11-23 15:19:22 - [MESSAGE][INFO] - Finding web element with id: 'Object Repository/Page_Accueil_Agent/EspacePerso/link_EspacePerso' located by 'By.xpath: //*[@id="navBar-new"]/nav/div[3]/div/div/ul/li[3]/a/span[2]' in '5' second(s)

2023-11-23 15:19:22 - [MESSAGE][INFO] - Smart Wait Function is triggered

2023-11-23 15:19:22 - [MESSAGE][INFO] - Found 1 web elements with id: 'Object Repository/Page_Accueil_Agent/EspacePerso/link_EspacePerso' located by 'By.xpath: //*[@id="navBar-new"]/nav/div[3]/div/div/ul/li[3]/a/span[2]' in '5' second(s)

2023-11-23 15:19:22 - [MESSAGE][INFO] - Clicking on object: 'Object Repository/Page_Accueil_Agent/EspacePerso/link_EspacePerso'

2023-11-23 15:19:24 - [MESSAGE][PASSED] - Object: 'Object Repository/Page_Accueil_Agent/EspacePerso/link_EspacePerso' is clicked on

2023-11-23 15:19:24 - [TEST_STEP][PASSED] - click(findTestObject("Object Repository/Page_Accueil_Agent/EspacePerso/link_MonCompte")): Object: 'Object Repository/Page_Accueil_Agent/EspacePerso/link_MonCompte' is clicked on

2023-11-23 15:19:24 - [MESSAGE][INFO] - Finding Test Object 'Object Repository/Page_Accueil_Agent/EspacePerso/link_MonCompte'

2023-11-23 15:19:24 - [MESSAGE][INFO] - Checking timeout

2023-11-23 15:19:24 - [MESSAGE][INFO] - Finding web element with id: 'Object Repository/Page_Accueil_Agent/EspacePerso/link_MonCompte' located by 'By.xpath: //*[@id="logoutSubMenu"]/li[1]/a' in '20' second(s)

2023-11-23 15:19:24 - [MESSAGE][INFO] - Smart Wait Function is triggered

2023-11-23 15:19:24 - [MESSAGE][INFO] - Found 1 web elements with id: 'Object Repository/Page_Accueil_Agent/EspacePerso/link_MonCompte' located by 'By.xpath: //*[@id="logoutSubMenu"]/li[1]/a' in '20' second(s)

2023-11-23 15:19:24 - [MESSAGE][INFO] - Checking object

2023-11-23 15:19:24 - [MESSAGE][INFO] - Checking timeout

2023-11-23 15:19:24 - [MESSAGE][INFO] - Finding web element from Test Object's properties

2023-11-23 15:19:24 - [MESSAGE][INFO] - Checking timeout

2023-11-23 15:19:24 - [MESSAGE][INFO] - Finding web element with id: 'Object Repository/Page_Accueil_Agent/EspacePerso/link_MonCompte' located by 'By.xpath: //*[@id="logoutSubMenu"]/li[1]/a' in '5' second(s)

2023-11-23 15:19:24 - [MESSAGE][INFO] - Smart Wait Function is triggered

2023-11-23 15:19:24 - [MESSAGE][INFO] - Found 1 web elements with id: 'Object Repository/Page_Accueil_Agent/EspacePerso/link_MonCompte' located by 'By.xpath: //*[@id="logoutSubMenu"]/li[1]/a' in '5' second(s)

2023-11-23 15:19:24 - [MESSAGE][INFO] - Clicking on object: 'Object Repository/Page_Accueil_Agent/EspacePerso/link_MonCompte'

2023-11-23 15:19:26 - [MESSAGE][PASSED] - Object: 'Object Repository/Page_Accueil_Agent/EspacePerso/link_MonCompte' is clicked on

2023-11-23 15:19:26 - [TEST_STEP][PASSED] - SuividemandeNumEtranger = getText(findTestObject("Object Repository/Page_Accueil_Agent/EspacePerso/td_SuiviDemandeNumEtranger")): Text of object 'Object Repository/Page_Accueil_Agent/EspacePerso/td_SuiviDemandeNumEtranger' is: '7703040874'

2023-11-23 15:19:26 - [MESSAGE][INFO] - Finding Test Object 'Object Repository/Page_Accueil_Agent/EspacePerso/td_SuiviDemandeNumEtranger'

2023-11-23 15:19:26 - [MESSAGE][INFO] - Checking object

2023-11-23 15:19:26 - [MESSAGE][INFO] - Finding web element from Test Object's properties

2023-11-23 15:19:26 - [MESSAGE][INFO] - Checking timeout

2023-11-23 15:19:26 - [MESSAGE][INFO] - Finding web element with id: 'Object Repository/Page_Accueil_Agent/EspacePerso/td_SuiviDemandeNumEtranger' located by 'By.xpath: //*/app-ma-demande-sejour/div[1]/table/tbody/tr[1]/td[3]' in '5' second(s)

2023-11-23 15:19:26 - [MESSAGE][INFO] - Smart Wait Function is triggered

2023-11-23 15:19:26 - [MESSAGE][INFO] - Smart Wait Function is triggered

2023-11-23 15:19:26 - [MESSAGE][INFO] - Smart Wait Function is triggered

2023-11-23 15:19:27 - [MESSAGE][INFO] - Smart Wait Function is triggered

2023-11-23 15:19:27 - [MESSAGE][INFO] - Smart Wait Function is triggered

2023-11-23 15:19:27 - [MESSAGE][INFO] - Smart Wait Function is triggered

2023-11-23 15:19:27 - [MESSAGE][INFO] - Smart Wait Function is triggered

2023-11-23 15:19:27 - [MESSAGE][INFO] - Smart Wait Function is triggered

2023-11-23 15:19:27 - [MESSAGE][INFO] - Smart Wait Function is triggered

2023-11-23 15:19:27 - [MESSAGE][INFO] - Smart Wait Function is triggered

2023-11-23 15:19:27 - [MESSAGE][INFO] - Smart Wait Function is triggered

2023-11-23 15:19:27 - [MESSAGE][INFO] - Smart Wait Function is triggered

2023-11-23 15:19:27 - [MESSAGE][INFO] - Smart Wait Function is triggered

2023-11-23 15:19:27 - [MESSAGE][INFO] - Smart Wait Function is triggered

2023-11-23 15:19:27 - [MESSAGE][INFO] - Smart Wait Function is triggered

2023-11-23 15:19:27 - [MESSAGE][INFO] - Smart Wait Function is triggered

2023-11-23 15:19:27 - [MESSAGE][INFO] - Smart Wait Function is triggered

2023-11-23 15:19:27 - [MESSAGE][INFO] - Smart Wait Function is triggered

2023-11-23 15:19:27 - [MESSAGE][INFO] - Smart Wait Function is triggered

2023-11-23 15:19:27 - [MESSAGE][INFO] - Smart Wait Function is triggered

2023-11-23 15:19:27 - [MESSAGE][INFO] - Smart Wait Function is triggered

2023-11-23 15:19:27 - [MESSAGE][INFO] - Smart Wait Function is triggered

2023-11-23 15:19:27 - [MESSAGE][INFO] - Smart Wait Function is triggered

2023-11-23 15:19:27 - [MESSAGE][INFO] - Smart Wait Function is triggered

2023-11-23 15:19:27 - [MESSAGE][INFO] - Smart Wait Function is triggered

2023-11-23 15:19:27 - [MESSAGE][INFO] - Found 1 web elements with id: 'Object Repository/Page_Accueil_Agent/EspacePerso/td_SuiviDemandeNumEtranger' located by 'By.xpath: //*/app-ma-demande-sejour/div[1]/table/tbody/tr[1]/td[3]' in '5' second(s)

2023-11-23 15:19:27 - [MESSAGE][INFO] - Getting text of object 'Object Repository/Page_Accueil_Agent/EspacePerso/td_SuiviDemandeNumEtranger'

2023-11-23 15:19:27 - [MESSAGE][PASSED] - Text of object 'Object Repository/Page_Accueil_Agent/EspacePerso/td_SuiviDemandeNumEtranger' is: '7703040874'

2023-11-23 15:19:27 - [TEST_STEP][PASSED] - SuiviTypeDeSejour = getText(findTestObject("Object Repository/Page_Accueil_Agent/EspacePerso/td_TypeDeSejour")): Text of object 'Object Repository/Page_Accueil_Agent/EspacePerso/td_TypeDeSejour' is: 'Demande de titre visiteur'

2023-11-23 15:19:27 - [MESSAGE][INFO] - Finding Test Object 'Object Repository/Page_Accueil_Agent/EspacePerso/td_TypeDeSejour'

2023-11-23 15:19:27 - [MESSAGE][INFO] - Checking object

2023-11-23 15:19:27 - [MESSAGE][INFO] - Finding web element from Test Object's properties

2023-11-23 15:19:27 - [MESSAGE][INFO] - Checking timeout

2023-11-23 15:19:27 - [MESSAGE][INFO] - Finding web element with id: 'Object Repository/Page_Accueil_Agent/EspacePerso/td_TypeDeSejour' located by 'By.xpath: //*/app-ma-demande-sejour/div[1]/table/tbody/tr[1]/td[2]' in '5' second(s)

2023-11-23 15:19:27 - [MESSAGE][INFO] - Smart Wait Function is triggered

2023-11-23 15:19:27 - [MESSAGE][INFO] - Found 1 web elements with id: 'Object Repository/Page_Accueil_Agent/EspacePerso/td_TypeDeSejour' located by 'By.xpath: //*/app-ma-demande-sejour/div[1]/table/tbody/tr[1]/td[2]' in '5' second(s)

2023-11-23 15:19:27 - [MESSAGE][INFO] - Getting text of object 'Object Repository/Page_Accueil_Agent/EspacePerso/td_TypeDeSejour'

2023-11-23 15:19:27 - [MESSAGE][PASSED] - Text of object 'Object Repository/Page_Accueil_Agent/EspacePerso/td_TypeDeSejour' is: 'Demande de titre visiteur'

2023-11-23 15:19:27 - [TEST_STEP][PASSED] - if (SuividemandeNumEtranger == NumEtrangerVisa): Le Type Titre De Sejour est :Demande de titre visiteur=Visiteur

2023-11-23 15:19:27 - [TEST_STEP][PASSED] - markPassed("Le NumÃ©ro Etrangr est :" + NumEtrangerVisa + "=" + SuividemandeNumEtranger): Le NumÃ©ro Etrangr est :7703040874=7703040874

2023-11-23 15:19:27 - [MESSAGE][PASSED] - Le NumÃ©ro Etrangr est :7703040874=7703040874

2023-11-23 15:19:27 - [TEST_STEP][PASSED] - markPassed("Le Type Titre De Sejour est :" + SuiviTypeDeSejour + "=" + TypeTitreDeSejour): Le Type Titre De Sejour est :Demande de titre visiteur=Visiteur

2023-11-23 15:19:27 - [MESSAGE][PASSED] - Le Type Titre De Sejour est :Demande de titre visiteur=Visiteur

2023-11-23 15:19:27 - [TEST_STEP][PASSED] - delay(5): Delayed 5 second(s)

2023-11-23 15:19:27 - [MESSAGE][INFO] - Delaying browser in 5 second(s)

2023-11-23 15:19:32 - [MESSAGE][PASSED] - Delayed 5 second(s)

2023-11-23 15:19:32 - [MESSAGE][PASSED] - Call Test Case 'Test Cases/Test Reutilisable/DemandeOuRenouvelle_TitreSejour/FormulaireConfirmation' successfully

2023-11-23 15:19:35 - [TEST_STEP][PASSED] - Video: Video recording for test case 'Test Cases/Cas D Utilisations/Usager Etudiant/TNR R.TSPT Supp90-Etudiant' .

2023-11-23 15:19:35 - [MESSAGE][INFO] - Video recording for test case 'Test Cases/Cas D Utilisations/Usager Etudiant/TNR R.TSPT Supp90-Etudiant' .]]></system-out>
         <system-err><![CDATA[]]></system-err>
      </testcase>
      <system-out><![CDATA[2023-11-23 14:56:01 - [TEST_SUITE][FAILED] - TS_TNR_R.TSPT_Suppo90: Test Cases/Cas D Utilisations/Usager Etudiant/TNR R.TSPT Supp90-Etudiant FAILED.
Reason:
com.kms.katalon.core.exception.StepFailedException: Call Test Case 'Test Cases/Test Reutilisable/DemandeOuRenouvelle_TitreSejour/FormulaireJustificatifs' failed
	at com.kms.katalon.core.keyword.builtin.CallTestCaseKeyword$_callTestCase_closure1.doCall(CallTestCaseKeyword.groovy:63)
	at com.kms.katalon.core.keyword.builtin.CallTestCaseKeyword$_callTestCase_closure1.call(CallTestCaseKeyword.groovy)
	at com.kms.katalon.core.keyword.internal.KeywordMain.runKeyword(KeywordMain.groovy:75)
	at com.kms.katalon.core.keyword.builtin.CallTestCaseKeyword.callTestCase(CallTestCaseKeyword.groovy:81)
	at com.kms.katalon.core.keyword.builtin.CallTestCaseKeyword.execute(CallTestCaseKeyword.groovy:44)
	at com.kms.katalon.core.keyword.internal.KeywordExecutor.executeKeywordForPlatform(KeywordExecutor.groovy:74)
	at com.kms.katalon.core.keyword.BuiltinKeywords.callTestCase(BuiltinKeywords.groovy:310)
	at com.kazurayam.ksbackyard.HighlightElement$_pandemic_closure1.doCall(HighlightElement.groovy:105)
	at TNR R.TSPT Supp90-Etudiant.run(TNR R.TSPT Supp90-Etudiant:62)
	at com.kms.katalon.core.main.ScriptEngine.run(ScriptEngine.java:194)
	at com.kms.katalon.core.main.ScriptEngine.runScriptAsRawText(ScriptEngine.java:119)
	at com.kms.katalon.core.main.TestCaseExecutor.runScript(TestCaseExecutor.java:448)
	at com.kms.katalon.core.main.TestCaseExecutor.doExecute(TestCaseExecutor.java:439)
	at com.kms.katalon.core.main.TestCaseExecutor.processExecutionPhase(TestCaseExecutor.java:418)
	at com.kms.katalon.core.main.TestCaseExecutor.accessMainPhase(TestCaseExecutor.java:410)
	at com.kms.katalon.core.main.TestCaseExecutor.execute(TestCaseExecutor.java:285)
	at com.kms.katalon.core.common.CommonExecutor.accessTestCaseMainPhase(CommonExecutor.java:65)
	at com.kms.katalon.core.main.TestSuiteExecutor.accessTestSuiteMainPhase(TestSuiteExecutor.java:148)
	at com.kms.katalon.core.main.TestSuiteExecutor.execute(TestSuiteExecutor.java:106)
	at com.kms.katalon.core.main.TestCaseMain.startTestSuite(TestCaseMain.java:187)
	at com.kms.katalon.core.main.TestCaseMain$startTestSuite$0.call(Unknown Source)
	at TempTestSuite1700747757013.run(TempTestSuite1700747757013.groovy:36)
Caused by: com.kms.katalon.core.exception.StepFailedException: Unable to set text '1PMTYE991215114515JY05' of object 'Object Repository/Page_Justificatifs_Usager/Input_Numero_Ephoto'
	at com.kms.katalon.core.webui.keyword.internal.WebUIKeywordMain.stepFailed(WebUIKeywordMain.groovy:64)
	at com.kms.katalon.core.webui.keyword.internal.WebUIKeywordMain.runKeyword(WebUIKeywordMain.groovy:26)
	at com.kms.katalon.core.webui.keyword.builtin.SetTextKeyword.setText(SetTextKeyword.groovy:66)
	at com.kms.katalon.core.webui.keyword.builtin.SetTextKeyword.execute(SetTextKeyword.groovy:37)
	at com.kms.katalon.core.keyword.internal.KeywordExecutor.executeKeywordForPlatform(KeywordExecutor.groovy:74)
	at com.kms.katalon.core.webui.keyword.WebUiBuiltInKeywords.setText(WebUiBuiltInKeywords.groovy:980)
	at com.kazurayam.ksbackyard.HighlightElement$_pandemic_closure1.doCall(HighlightElement.groovy:105)
	at FormulaireJustificatifs.run(FormulaireJustificatifs:281)
	at com.kms.katalon.core.main.ScriptEngine.run(ScriptEngine.java:194)
	at com.kms.katalon.core.main.ScriptEngine.runScriptAsRawText(ScriptEngine.java:119)
	at com.kms.katalon.core.main.TestCaseExecutor.runScript(TestCaseExecutor.java:448)
	at com.kms.katalon.core.main.TestCaseExecutor.doExecute(TestCaseExecutor.java:439)
	at com.kms.katalon.core.main.TestCaseExecutor.processExecutionPhase(TestCaseExecutor.java:418)
	at com.kms.katalon.core.main.TestCaseExecutor.accessMainPhase(TestCaseExecutor.java:410)
	at com.kms.katalon.core.main.TestCaseExecutor.execute(TestCaseExecutor.java:285)
	at com.kms.katalon.core.main.TestCaseMain.runTestCase(TestCaseMain.java:144)
	at com.kms.katalon.core.keyword.builtin.CallTestCaseKeyword$_callTestCase_closure1.doCall(CallTestCaseKeyword.groovy:59)
	... 21 more
Caused by: com.kms.katalon.core.webui.exception.WebElementNotFoundException: Web element with id: 'Object Repository/Page_Justificatifs_Usager/Input_Numero_Ephoto' located by '//*[@aria-labelledby="PHOTO_NUMBER-label" and @type ="text"]|//*[@aria-labelledby="PHOTO_IDENTITE-label" and @type ="text"]' not found
	at com.kms.katalon.core.webui.common.WebUiCommonHelper.findWebElement(WebUiCommonHelper.java:1381)
	at com.kms.katalon.core.webui.keyword.internal.WebUIAbstractKeyword.findWebElement(WebUIAbstractKeyword.groovy:27)
	at com.kms.katalon.core.webui.keyword.internal.WebUIAbstractKeyword.findWebElement(WebUIAbstractKeyword.groovy:26)
	at com.kms.katalon.core.webui.keyword.builtin.SetTextKeyword$_setText_closure1.doCall(SetTextKeyword.groovy:51)
	at com.kms.katalon.core.webui.keyword.builtin.SetTextKeyword$_setText_closure1.call(SetTextKeyword.groovy)
	at com.kms.katalon.core.webui.keyword.internal.WebUIKeywordMain.runKeyword(WebUIKeywordMain.groovy:20)
	... 36 more]]></system-out>
      <system-err><![CDATA[2023-11-23 14:56:01 - [TEST_SUITE][FAILED] - TS_TNR_R.TSPT_Suppo90: Test Cases/Cas D Utilisations/Usager Etudiant/TNR R.TSPT Supp90-Etudiant FAILED.
Reason:
com.kms.katalon.core.exception.StepFailedException: Call Test Case 'Test Cases/Test Reutilisable/DemandeOuRenouvelle_TitreSejour/FormulaireJustificatifs' failed
	at com.kms.katalon.core.keyword.builtin.CallTestCaseKeyword$_callTestCase_closure1.doCall(CallTestCaseKeyword.groovy:63)
	at com.kms.katalon.core.keyword.builtin.CallTestCaseKeyword$_callTestCase_closure1.call(CallTestCaseKeyword.groovy)
	at com.kms.katalon.core.keyword.internal.KeywordMain.runKeyword(KeywordMain.groovy:75)
	at com.kms.katalon.core.keyword.builtin.CallTestCaseKeyword.callTestCase(CallTestCaseKeyword.groovy:81)
	at com.kms.katalon.core.keyword.builtin.CallTestCaseKeyword.execute(CallTestCaseKeyword.groovy:44)
	at com.kms.katalon.core.keyword.internal.KeywordExecutor.executeKeywordForPlatform(KeywordExecutor.groovy:74)
	at com.kms.katalon.core.keyword.BuiltinKeywords.callTestCase(BuiltinKeywords.groovy:310)
	at com.kazurayam.ksbackyard.HighlightElement$_pandemic_closure1.doCall(HighlightElement.groovy:105)
	at TNR R.TSPT Supp90-Etudiant.run(TNR R.TSPT Supp90-Etudiant:62)
	at com.kms.katalon.core.main.ScriptEngine.run(ScriptEngine.java:194)
	at com.kms.katalon.core.main.ScriptEngine.runScriptAsRawText(ScriptEngine.java:119)
	at com.kms.katalon.core.main.TestCaseExecutor.runScript(TestCaseExecutor.java:448)
	at com.kms.katalon.core.main.TestCaseExecutor.doExecute(TestCaseExecutor.java:439)
	at com.kms.katalon.core.main.TestCaseExecutor.processExecutionPhase(TestCaseExecutor.java:418)
	at com.kms.katalon.core.main.TestCaseExecutor.accessMainPhase(TestCaseExecutor.java:410)
	at com.kms.katalon.core.main.TestCaseExecutor.execute(TestCaseExecutor.java:285)
	at com.kms.katalon.core.common.CommonExecutor.accessTestCaseMainPhase(CommonExecutor.java:65)
	at com.kms.katalon.core.main.TestSuiteExecutor.accessTestSuiteMainPhase(TestSuiteExecutor.java:148)
	at com.kms.katalon.core.main.TestSuiteExecutor.execute(TestSuiteExecutor.java:106)
	at com.kms.katalon.core.main.TestCaseMain.startTestSuite(TestCaseMain.java:187)
	at com.kms.katalon.core.main.TestCaseMain$startTestSuite$0.call(Unknown Source)
	at TempTestSuite1700747757013.run(TempTestSuite1700747757013.groovy:36)
Caused by: com.kms.katalon.core.exception.StepFailedException: Unable to set text '1PMTYE991215114515JY05' of object 'Object Repository/Page_Justificatifs_Usager/Input_Numero_Ephoto'
	at com.kms.katalon.core.webui.keyword.internal.WebUIKeywordMain.stepFailed(WebUIKeywordMain.groovy:64)
	at com.kms.katalon.core.webui.keyword.internal.WebUIKeywordMain.runKeyword(WebUIKeywordMain.groovy:26)
	at com.kms.katalon.core.webui.keyword.builtin.SetTextKeyword.setText(SetTextKeyword.groovy:66)
	at com.kms.katalon.core.webui.keyword.builtin.SetTextKeyword.execute(SetTextKeyword.groovy:37)
	at com.kms.katalon.core.keyword.internal.KeywordExecutor.executeKeywordForPlatform(KeywordExecutor.groovy:74)
	at com.kms.katalon.core.webui.keyword.WebUiBuiltInKeywords.setText(WebUiBuiltInKeywords.groovy:980)
	at com.kazurayam.ksbackyard.HighlightElement$_pandemic_closure1.doCall(HighlightElement.groovy:105)
	at FormulaireJustificatifs.run(FormulaireJustificatifs:281)
	at com.kms.katalon.core.main.ScriptEngine.run(ScriptEngine.java:194)
	at com.kms.katalon.core.main.ScriptEngine.runScriptAsRawText(ScriptEngine.java:119)
	at com.kms.katalon.core.main.TestCaseExecutor.runScript(TestCaseExecutor.java:448)
	at com.kms.katalon.core.main.TestCaseExecutor.doExecute(TestCaseExecutor.java:439)
	at com.kms.katalon.core.main.TestCaseExecutor.processExecutionPhase(TestCaseExecutor.java:418)
	at com.kms.katalon.core.main.TestCaseExecutor.accessMainPhase(TestCaseExecutor.java:410)
	at com.kms.katalon.core.main.TestCaseExecutor.execute(TestCaseExecutor.java:285)
	at com.kms.katalon.core.main.TestCaseMain.runTestCase(TestCaseMain.java:144)
	at com.kms.katalon.core.keyword.builtin.CallTestCaseKeyword$_callTestCase_closure1.doCall(CallTestCaseKeyword.groovy:59)
	... 21 more
Caused by: com.kms.katalon.core.webui.exception.WebElementNotFoundException: Web element with id: 'Object Repository/Page_Justificatifs_Usager/Input_Numero_Ephoto' located by '//*[@aria-labelledby="PHOTO_NUMBER-label" and @type ="text"]|//*[@aria-labelledby="PHOTO_IDENTITE-label" and @type ="text"]' not found
	at com.kms.katalon.core.webui.common.WebUiCommonHelper.findWebElement(WebUiCommonHelper.java:1381)
	at com.kms.katalon.core.webui.keyword.internal.WebUIAbstractKeyword.findWebElement(WebUIAbstractKeyword.groovy:27)
	at com.kms.katalon.core.webui.keyword.internal.WebUIAbstractKeyword.findWebElement(WebUIAbstractKeyword.groovy:26)
	at com.kms.katalon.core.webui.keyword.builtin.SetTextKeyword$_setText_closure1.doCall(SetTextKeyword.groovy:51)
	at com.kms.katalon.core.webui.keyword.builtin.SetTextKeyword$_setText_closure1.call(SetTextKeyword.groovy)
	at com.kms.katalon.core.webui.keyword.internal.WebUIKeywordMain.runKeyword(WebUIKeywordMain.groovy:20)
	... 36 more]]></system-err>
   </testsuite>
</testsuites>
