<?xml version="1.0" encoding="UTF-8"?>
<testsuites name="TS_TNR_R.TSPT_Suppo90" time="666.621" tests="2" failures="1" errors="0">
   <testsuite name="TS_TNR_R.TSPT_Suppo90" tests="2" failures="1" errors="0" time="666.621" skipped="0" timestamp="2023-11-24 14:53:29" hostname="issam.rharbaoui - FR-L5448059.groupinfra.com" id="Test Suites/TS_TNR_R.TSPT_Suppo90">
      <properties>
         <property name="deviceName" value=""/>
         <property name="devicePlatform" value=""/>
         <property name="logFolder" value="C:\\Users\\ISSAM.RHARBAOUI\\git\\22_11\\ANEF-AutomatizationProject\\Reports\\20231124_145325\\TS_TNR_R.TSPT_Suppo90\\20231124_145325"/>
         <property name="logFiles" value="C:\\Users\\ISSAM.RHARBAOUI\\git\\22_11\\ANEF-AutomatizationProject\\Reports\\20231124_145325\\TS_TNR_R.TSPT_Suppo90\\20231124_145325\\execution0.log"/>
         <property name="attachments" value="C:\\Users\\ISSAM.RHARBAOUI\\git\\22_11\\ANEF-AutomatizationProject\\Reports\\20231124_145325\\TS_TNR_R.TSPT_Suppo90\\20231124_145325\\1700834150833.png, C:\\Users\\ISSAM.RHARBAOUI\\git\\22_11\\ANEF-AutomatizationProject\\Reports\\20231124_145325\\TS_TNR_R.TSPT_Suppo90\\20231124_145325\\1700834160269.png, C:\\Users\\ISSAM.RHARBAOUI\\git\\22_11\\ANEF-AutomatizationProject\\Reports\\20231124_145325\\TS_TNR_R.TSPT_Suppo90\\20231124_145325\\1700834488903.png, C:\\Users\\ISSAM.RHARBAOUI\\git\\22_11\\ANEF-AutomatizationProject\\Reports\\20231124_145325\\TS_TNR_R.TSPT_Suppo90\\20231124_145325\\1700834496373.png, C:\\Users\\ISSAM.RHARBAOUI\\git\\22_11\\ANEF-AutomatizationProject\\Reports\\20231124_145325\\TS_TNR_R.TSPT_Suppo90\\20231124_145325\\1700834670917.png"/>
         <property name="hostName" value="issam.rharbaoui - FR-L5448059.groupinfra.com"/>
         <property name="os" value="Windows 10 64bit"/>
         <property name="katalonVersion" value="8.6.5.208"/>
         <property name="browser" value="Chrome 119.0.0.0"/>
         <property name="hostAddress" value="192.168.1.134"/>
         <property name="sessionId" value="7b9982775f4af688176a2b923bb85f67"/>
         <property name="seleniumVersion" value="3.141.59"/>
         <property name="proxyInformation" value="ProxyInformation { proxyOption=NO_PROXY, proxyServerType=HTTP, username=, password=********, proxyServerAddress=, proxyServerPort=0, executionList=&quot;&quot;, isApplyToDesiredCapabilities=true }"/>
         <property name="platform" value="Windows 10"/>
      </properties>
      <testcase name="Test Cases/Cas D Utilisations/Usager Etudiant/TNR R.TSPT Supp90-Etudiant" time="338.717" classname="Test Cases/Cas D Utilisations/Usager Etudiant/TNR R.TSPT Supp90-Etudiant" status="PASSED">
         <system-out><![CDATA[2023-11-24 14:53:30 - [TEST_CASE][PASSED] - Test Cases/Cas D Utilisations/Usager Etudiant/TNR R.TSPT Supp90-Etudiant: Test Cases/Cas D Utilisations/Usager Etudiant/TNR R.TSPT Supp90-Etudiant

2023-11-24 14:53:32 - [TEST_STEP][PASSED] - com.kazurayam.ksbackyard.HighlightElement.pandemic(): com.kazurayam.ksbackyard.HighlightElement.pandemic is PASSED

2023-11-24 14:53:33 - [MESSAGE][PASSED] - com.kazurayam.ksbackyard.HighlightElement.pandemic is PASSED

2023-11-24 14:53:33 - [TEST_STEP][PASSED] - callTestCase(findTestCase("Test Reutilisable/Main/Lancer URL ANEF"), ["Profiles":"Usager", "EnvExec":EnvExec], STOP_ON_FAILURE): Call Test Case 'Test Cases/Test Reutilisable/Main/Lancer URL ANEF' successfully

2023-11-24 14:53:33 - [MESSAGE][INFO] - Checking called Test Case

2023-11-24 14:53:33 - [MESSAGE][INFO] - Starting to call Test Case 'Test Cases/Test Reutilisable/Main/Lancer URL ANEF'

2023-11-24 14:53:33 - [TEST_CASE][PASSED] - Test Cases/Test Reutilisable/Main/Lancer URL ANEF: Test Cases/Test Reutilisable/Main/Lancer URL ANEF

2023-11-24 14:53:39 - [TEST_STEP][PASSED] - "RunConfiguration: getProjectDir for LogDriver ": null

2023-11-24 14:53:39 - [TEST_STEP][PASSED] - RunBrowserConfiguration = getExecutionProperties(): null

2023-11-24 14:53:39 - [TEST_STEP][PASSED] - DriverName = "": null

2023-11-24 14:53:39 - [TEST_STEP][PASSED] - openBrowser(""): Browser is opened with url: ''

2023-11-24 14:53:40 - [MESSAGE][INFO] - Opening browser

2023-11-24 14:53:40 - [MESSAGE][INFO] - Starting 'Chrome' driver

2023-11-24 14:53:40 - [MESSAGE][INFO] - User set preference: ['args', '[--incognito, --start-maximized, --remote-allow-origins=*]']

2023-11-24 14:53:40 - [MESSAGE][INFO] - User set preference: ['prefs', '{download.default_directory=${GlobalVariable.downloadPath}, download_dir=${GlobalVariable.downloadPath}, download.prompt_for_download=false}']

2023-11-24 14:53:40 - [MESSAGE][INFO] - User set preference: ['loggingPrefs', '{browser=ALL}']

2023-11-24 14:53:40 - [MESSAGE][INFO] - Action delay is set to 2Â 000 milliseconds

2023-11-24 14:53:43 - [MESSAGE][PASSED] - Browser is opened with url: ''

2023-11-24 14:53:43 - [TEST_STEP][PASSED] - driver = getWebDriver(): null

2023-11-24 14:53:43 - [TEST_STEP][PASSED] - wrappedDriver = driver.getWrappedDriver(): null

2023-11-24 14:53:43 - [TEST_STEP][PASSED] - out.println(wrappedDriver.getClass()): null

2023-11-24 14:53:43 - [TEST_STEP][PASSED] - if (class == com.kms.katalon.selenium.driver.CRemoteWebDriver): null

2023-11-24 14:53:43 - [TEST_STEP][PASSED] - else: null

2023-11-24 14:53:43 - [TEST_STEP][PASSED] - DriverName = get("WebUI").get("browserType"): null

2023-11-24 14:53:44 - [TEST_STEP][PASSED] - println("DriverName :" + DriverName): null

2023-11-24 14:53:44 - [TEST_STEP][PASSED] - println("Driverpath :" + RunBrowserConfiguration.get("drivers")): null

2023-11-24 14:53:44 - [TEST_STEP][PASSED] - DriverName = DriverName: null

2023-11-24 14:53:45 - [TEST_STEP][PASSED] - delay(medium_wait): Delayed 3 second(s)

2023-11-24 14:53:45 - [MESSAGE][INFO] - Delaying browser in 3 second(s)

2023-11-24 14:53:48 - [MESSAGE][PASSED] - Delayed 3 second(s)

2023-11-24 14:53:48 - [TEST_STEP][PASSED] - executedBrowser = getExecutedBrowser(): null

2023-11-24 14:53:48 - [TEST_STEP][PASSED] - if (Profiles == "Usager"): null

2023-11-24 14:53:48 - [TEST_STEP][PASSED] - switch (DriverName): null

2023-11-24 14:53:48 - [TEST_STEP][PASSED] - case "CHROME_DRIVER":: null

2023-11-24 14:53:48 - [TEST_STEP][PASSED] - if (EnvExec == "URL_ANEFQualif"): Navigate to 'https://qualif.administration-etrangers-en-france.interieur.gouv.fr/particuliers/#/' successfully

2023-11-24 14:53:48 - [TEST_STEP][PASSED] - navigateToUrl(URL_ANEFQualif): Navigate to 'https://qualif.administration-etrangers-en-france.interieur.gouv.fr/particuliers/#/' successfully

2023-11-24 14:53:48 - [MESSAGE][INFO] - Checking url

2023-11-24 14:53:48 - [MESSAGE][INFO] - Navigating to 'https://qualif.administration-etrangers-en-france.interieur.gouv.fr/particuliers/#/'

2023-11-24 14:54:04 - [MESSAGE][PASSED] - Navigate to 'https://qualif.administration-etrangers-en-france.interieur.gouv.fr/particuliers/#/' successfully

2023-11-24 14:54:04 - [TEST_STEP][PASSED] - if (EnvExec == "URL_ANEFPreProd"): null

2023-11-24 14:54:04 - [TEST_STEP][PASSED] - maximizeWindow(): Current window maximized

2023-11-24 14:54:04 - [MESSAGE][INFO] - Maximizing current window

2023-11-24 14:54:04 - [MESSAGE][PASSED] - Current window maximized

2023-11-24 14:54:04 - [TEST_STEP][PASSED] - System.setProperty("webdriver.chrome.driver", getChromeDriverPath()): null

2023-11-24 14:54:04 - [TEST_STEP][PASSED] - System.setProperty("webdriver.chrome.logfile", getProjectDir() + "/Dump/chromedriver.log"): null

2023-11-24 14:54:04 - [TEST_STEP][PASSED] - callTestCase(findTestCase("Test Reutilisable/Main/Erreur lie a la confidentialite"), [:], STOP_ON_FAILURE): Call Test Case 'Test Cases/Test Reutilisable/Main/Erreur lie a la confidentialite' successfully

2023-11-24 14:54:04 - [MESSAGE][INFO] - Checking called Test Case

2023-11-24 14:54:04 - [MESSAGE][INFO] - Starting to call Test Case 'Test Cases/Test Reutilisable/Main/Erreur lie a la confidentialite'

2023-11-24 14:54:05 - [TEST_CASE][PASSED] - Test Cases/Test Reutilisable/Main/Erreur lie a la confidentialite: Test Cases/Test Reutilisable/Main/Erreur lie a la confidentialite

2023-11-24 14:54:06 - [TEST_STEP][PASSED] - tools.WaitForLoadedPage.waitForElementRendering(): tools.WaitForLoadedPage.waitForElementRendering is PASSED

2023-11-24 14:54:06 - [MESSAGE][PASSED] - tools.WaitForLoadedPage.waitForElementRendering is PASSED

2023-11-24 14:54:06 - [TEST_STEP][PASSED] - "Call Highlight.on() automatically": null

2023-11-24 14:54:06 - [TEST_STEP][PASSED] - DriverName = DriverName: null

2023-11-24 14:54:06 - [TEST_STEP][PASSED] - if (DriverName == "CHROME_DRIVER" || "EDGE_CHROMIUM_DRIVER" || "HEADLESS_DRIVER"): null

2023-11-24 14:54:06 - [TEST_STEP][PASSED] - if (verifyElementPresent(findTestObject("Object Repository/Connexion Usager/Btn_Parametres Avances"), 2, OPTIONAL)): null

2023-11-24 14:54:06 - [MESSAGE][INFO] - Finding Test Object 'Object Repository/Connexion Usager/Btn_Parametres Avances'

2023-11-24 14:54:06 - [MESSAGE][INFO] - Checking object

2023-11-24 14:54:06 - [MESSAGE][INFO] - Finding web element from Test Object's properties

2023-11-24 14:54:06 - [MESSAGE][INFO] - Checking timeout

2023-11-24 14:54:06 - [MESSAGE][INFO] - Finding web element with id: 'Object Repository/Connexion Usager/Btn_Parametres Avances' located by 'By.xpath: //*[@id="details-button"]' in '2' second(s)

2023-11-24 14:54:06 - [MESSAGE][INFO] - Smart Wait Function is triggered

2023-11-24 14:54:06 - [MESSAGE][INFO] - Found 1 web elements with id: 'Object Repository/Connexion Usager/Btn_Parametres Avances' located by 'By.xpath: //*[@id="details-button"]' in '2' second(s)

2023-11-24 14:54:06 - [MESSAGE][PASSED] - Object 'Object Repository/Connexion Usager/Btn_Parametres Avances' is present

2023-11-24 14:54:06 - [TEST_STEP][PASSED] - click(findTestObject("Object Repository/Connexion Usager/Btn_Parametres Avances"), OPTIONAL): Object: 'Object Repository/Connexion Usager/Btn_Parametres Avances' is clicked on

2023-11-24 14:54:06 - [MESSAGE][INFO] - Finding Test Object 'Object Repository/Connexion Usager/Btn_Parametres Avances'

2023-11-24 14:54:06 - [MESSAGE][INFO] - Checking timeout

2023-11-24 14:54:06 - [MESSAGE][INFO] - Finding web element with id: 'Object Repository/Connexion Usager/Btn_Parametres Avances' located by 'By.xpath: //*[@id="details-button"]' in '20' second(s)

2023-11-24 14:54:06 - [MESSAGE][INFO] - Smart Wait Function is triggered

2023-11-24 14:54:06 - [MESSAGE][INFO] - Found 1 web elements with id: 'Object Repository/Connexion Usager/Btn_Parametres Avances' located by 'By.xpath: //*[@id="details-button"]' in '20' second(s)

2023-11-24 14:54:06 - [MESSAGE][INFO] - Checking object

2023-11-24 14:54:06 - [MESSAGE][INFO] - Checking timeout

2023-11-24 14:54:06 - [MESSAGE][INFO] - Finding web element from Test Object's properties

2023-11-24 14:54:06 - [MESSAGE][INFO] - Checking timeout

2023-11-24 14:54:06 - [MESSAGE][INFO] - Finding web element with id: 'Object Repository/Connexion Usager/Btn_Parametres Avances' located by 'By.xpath: //*[@id="details-button"]' in '5' second(s)

2023-11-24 14:54:06 - [MESSAGE][INFO] - Smart Wait Function is triggered

2023-11-24 14:54:06 - [MESSAGE][INFO] - Found 1 web elements with id: 'Object Repository/Connexion Usager/Btn_Parametres Avances' located by 'By.xpath: //*[@id="details-button"]' in '5' second(s)

2023-11-24 14:54:06 - [MESSAGE][INFO] - Clicking on object: 'Object Repository/Connexion Usager/Btn_Parametres Avances'

2023-11-24 14:54:09 - [MESSAGE][PASSED] - Object: 'Object Repository/Connexion Usager/Btn_Parametres Avances' is clicked on

2023-11-24 14:54:09 - [TEST_STEP][PASSED] - click(findTestObject("Object Repository/Connexion Usager/Link_Proceed-Link"), OPTIONAL): Object: 'Object Repository/Connexion Usager/Link_Proceed-Link' is clicked on

2023-11-24 14:54:09 - [MESSAGE][INFO] - Finding Test Object 'Object Repository/Connexion Usager/Link_Proceed-Link'

2023-11-24 14:54:09 - [MESSAGE][INFO] - Checking timeout

2023-11-24 14:54:09 - [MESSAGE][INFO] - Finding web element with id: 'Object Repository/Connexion Usager/Link_Proceed-Link' located by 'By.xpath: //*[@id="proceed-link"]' in '20' second(s)

2023-11-24 14:54:09 - [MESSAGE][INFO] - Smart Wait Function is triggered

2023-11-24 14:54:09 - [MESSAGE][INFO] - Found 1 web elements with id: 'Object Repository/Connexion Usager/Link_Proceed-Link' located by 'By.xpath: //*[@id="proceed-link"]' in '20' second(s)

2023-11-24 14:54:09 - [MESSAGE][INFO] - Checking object

2023-11-24 14:54:09 - [MESSAGE][INFO] - Checking timeout

2023-11-24 14:54:09 - [MESSAGE][INFO] - Finding web element from Test Object's properties

2023-11-24 14:54:09 - [MESSAGE][INFO] - Checking timeout

2023-11-24 14:54:09 - [MESSAGE][INFO] - Finding web element with id: 'Object Repository/Connexion Usager/Link_Proceed-Link' located by 'By.xpath: //*[@id="proceed-link"]' in '5' second(s)

2023-11-24 14:54:09 - [MESSAGE][INFO] - Smart Wait Function is triggered

2023-11-24 14:54:09 - [MESSAGE][INFO] - Found 1 web elements with id: 'Object Repository/Connexion Usager/Link_Proceed-Link' located by 'By.xpath: //*[@id="proceed-link"]' in '5' second(s)

2023-11-24 14:54:09 - [MESSAGE][INFO] - Clicking on object: 'Object Repository/Connexion Usager/Link_Proceed-Link'

2023-11-24 14:54:14 - [MESSAGE][PASSED] - Object: 'Object Repository/Connexion Usager/Link_Proceed-Link' is clicked on

2023-11-24 14:54:14 - [TEST_STEP][PASSED] - if (DriverName == "IE_DRIVER"): null

2023-11-24 14:54:14 - [TEST_STEP][PASSED] - delay(3): Delayed 3 second(s)

2023-11-24 14:54:14 - [MESSAGE][INFO] - Delaying browser in 3 second(s)

2023-11-24 14:54:17 - [MESSAGE][PASSED] - Delayed 3 second(s)

2023-11-24 14:54:17 - [MESSAGE][PASSED] - Call Test Case 'Test Cases/Test Reutilisable/Main/Erreur lie a la confidentialite' successfully

2023-11-24 14:54:17 - [TEST_STEP][PASSED] - delay(5): Delayed 5 second(s)

2023-11-24 14:54:17 - [MESSAGE][INFO] - Delaying browser in 5 second(s)

2023-11-24 14:54:22 - [MESSAGE][PASSED] - Delayed 5 second(s)

2023-11-24 14:54:22 - [TEST_STEP][PASSED] - verifyElementVisible(findTestObject("Object Repository/Connexion Usager/Link_Se Connecter"), STOP_ON_FAILURE): Object 'Object Repository/Connexion Usager/Link_Se Connecter' is visible

2023-11-24 14:54:22 - [MESSAGE][INFO] - Finding Test Object 'Object Repository/Connexion Usager/Link_Se Connecter'

2023-11-24 14:54:22 - [MESSAGE][INFO] - Checking object

2023-11-24 14:54:22 - [MESSAGE][INFO] - Finding web element from Test Object's properties

2023-11-24 14:54:22 - [MESSAGE][INFO] - Checking timeout

2023-11-24 14:54:22 - [MESSAGE][INFO] - Finding web element with id: 'Object Repository/Connexion Usager/Link_Se Connecter' located by 'By.xpath: //*[@id="connexion_link"]' in '5' second(s)

2023-11-24 14:54:22 - [MESSAGE][INFO] - Smart Wait Function is triggered

2023-11-24 14:54:22 - [MESSAGE][INFO] - Found 1 web elements with id: 'Object Repository/Connexion Usager/Link_Se Connecter' located by 'By.xpath: //*[@id="connexion_link"]' in '5' second(s)

2023-11-24 14:54:22 - [MESSAGE][PASSED] - Object 'Object Repository/Connexion Usager/Link_Se Connecter' is visible

2023-11-24 14:54:22 - [TEST_STEP][PASSED] - break: null

2023-11-24 14:54:22 - [TEST_STEP][PASSED] - if (Profiles == "Agent"): null

2023-11-24 14:54:22 - [TEST_STEP][PASSED] - else: null

2023-11-24 14:54:22 - [TEST_STEP][PASSED] - println("VÃ©rifier le Portail de votre connexion Usager ou Agent"): null

2023-11-24 14:54:22 - [MESSAGE][PASSED] - Call Test Case 'Test Cases/Test Reutilisable/Main/Lancer URL ANEF' successfully

2023-11-24 14:54:22 - [TEST_STEP][PASSED] - if (StopTestCase == false): Call Test Case 'Test Cases/Test Reutilisable/DemandeOuRenouvelle_TitreSejour/FormulaireConfirmation' successfully

2023-11-24 14:54:22 - [TEST_STEP][PASSED] - callTestCase(findTestCase("Test Reutilisable/Main/Identification"), ["Profiles":"Usager", "NumEtrangerVisa":NumEtrangerVisa], STOP_ON_FAILURE): Call Test Case 'Test Cases/Test Reutilisable/Main/Identification' successfully

2023-11-24 14:54:22 - [MESSAGE][INFO] - Checking called Test Case

2023-11-24 14:54:22 - [MESSAGE][INFO] - Starting to call Test Case 'Test Cases/Test Reutilisable/Main/Identification'

2023-11-24 14:54:22 - [TEST_CASE][PASSED] - Test Cases/Test Reutilisable/Main/Identification: Test Cases/Test Reutilisable/Main/Identification

2023-11-24 14:54:23 - [TEST_STEP][PASSED] - if (Profiles == "Usager"): Object 'Object Repository/Page_Accueil_Usager/Span_MesNotifications' is present

2023-11-24 14:54:23 - [TEST_STEP][PASSED] - delay(5): Delayed 5 second(s)

2023-11-24 14:54:23 - [MESSAGE][INFO] - Delaying browser in 5 second(s)

2023-11-24 14:54:28 - [MESSAGE][PASSED] - Delayed 5 second(s)

2023-11-24 14:54:28 - [TEST_STEP][PASSED] - click(findTestObject("Object Repository/Connexion Usager/Link_Se Connecter")): Object: 'Object Repository/Connexion Usager/Link_Se Connecter' is clicked on

2023-11-24 14:54:28 - [MESSAGE][INFO] - Finding Test Object 'Object Repository/Connexion Usager/Link_Se Connecter'

2023-11-24 14:54:28 - [MESSAGE][INFO] - Checking timeout

2023-11-24 14:54:28 - [MESSAGE][INFO] - Finding web element with id: 'Object Repository/Connexion Usager/Link_Se Connecter' located by 'By.xpath: //*[@id="connexion_link"]' in '20' second(s)

2023-11-24 14:54:28 - [MESSAGE][INFO] - Smart Wait Function is triggered

2023-11-24 14:54:28 - [MESSAGE][INFO] - Found 1 web elements with id: 'Object Repository/Connexion Usager/Link_Se Connecter' located by 'By.xpath: //*[@id="connexion_link"]' in '20' second(s)

2023-11-24 14:54:28 - [MESSAGE][INFO] - Checking object

2023-11-24 14:54:28 - [MESSAGE][INFO] - Checking timeout

2023-11-24 14:54:28 - [MESSAGE][INFO] - Finding web element from Test Object's properties

2023-11-24 14:54:28 - [MESSAGE][INFO] - Checking timeout

2023-11-24 14:54:28 - [MESSAGE][INFO] - Finding web element with id: 'Object Repository/Connexion Usager/Link_Se Connecter' located by 'By.xpath: //*[@id="connexion_link"]' in '5' second(s)

2023-11-24 14:54:28 - [MESSAGE][INFO] - Smart Wait Function is triggered

2023-11-24 14:54:28 - [MESSAGE][INFO] - Found 1 web elements with id: 'Object Repository/Connexion Usager/Link_Se Connecter' located by 'By.xpath: //*[@id="connexion_link"]' in '5' second(s)

2023-11-24 14:54:28 - [MESSAGE][INFO] - Clicking on object: 'Object Repository/Connexion Usager/Link_Se Connecter'

2023-11-24 14:54:30 - [MESSAGE][PASSED] - Object: 'Object Repository/Connexion Usager/Link_Se Connecter' is clicked on

2023-11-24 14:54:30 - [TEST_STEP][PASSED] - callTestCase(findTestCase("Test Reutilisable/Main/Erreur lie a la confidentialite"), [:], STOP_ON_FAILURE): Call Test Case 'Test Cases/Test Reutilisable/Main/Erreur lie a la confidentialite' successfully

2023-11-24 14:54:31 - [MESSAGE][INFO] - Checking called Test Case

2023-11-24 14:54:31 - [MESSAGE][INFO] - Starting to call Test Case 'Test Cases/Test Reutilisable/Main/Erreur lie a la confidentialite'

2023-11-24 14:54:31 - [TEST_CASE][PASSED] - Test Cases/Test Reutilisable/Main/Erreur lie a la confidentialite: Test Cases/Test Reutilisable/Main/Erreur lie a la confidentialite

2023-11-24 14:54:31 - [TEST_STEP][PASSED] - tools.WaitForLoadedPage.waitForElementRendering(): tools.WaitForLoadedPage.waitForElementRendering is PASSED

2023-11-24 14:54:31 - [MESSAGE][PASSED] - tools.WaitForLoadedPage.waitForElementRendering is PASSED

2023-11-24 14:54:31 - [TEST_STEP][PASSED] - "Call Highlight.on() automatically": null

2023-11-24 14:54:31 - [TEST_STEP][PASSED] - DriverName = DriverName: null

2023-11-24 14:54:31 - [TEST_STEP][PASSED] - if (DriverName == "CHROME_DRIVER" || "EDGE_CHROMIUM_DRIVER" || "HEADLESS_DRIVER"): null

2023-11-24 14:54:31 - [TEST_STEP][PASSED] - if (verifyElementPresent(findTestObject("Object Repository/Connexion Usager/Btn_Parametres Avances"), 2, OPTIONAL)): null

2023-11-24 14:54:31 - [MESSAGE][INFO] - Finding Test Object 'Object Repository/Connexion Usager/Btn_Parametres Avances'

2023-11-24 14:54:31 - [MESSAGE][INFO] - Checking object

2023-11-24 14:54:31 - [MESSAGE][INFO] - Finding web element from Test Object's properties

2023-11-24 14:54:31 - [MESSAGE][INFO] - Checking timeout

2023-11-24 14:54:31 - [MESSAGE][INFO] - Finding web element with id: 'Object Repository/Connexion Usager/Btn_Parametres Avances' located by 'By.xpath: //*[@id="details-button"]' in '2' second(s)

2023-11-24 14:54:31 - [MESSAGE][INFO] - Smart Wait Function is triggered

2023-11-24 14:54:31 - [MESSAGE][INFO] - Found 1 web elements with id: 'Object Repository/Connexion Usager/Btn_Parametres Avances' located by 'By.xpath: //*[@id="details-button"]' in '2' second(s)

2023-11-24 14:54:31 - [MESSAGE][PASSED] - Object 'Object Repository/Connexion Usager/Btn_Parametres Avances' is present

2023-11-24 14:54:31 - [TEST_STEP][PASSED] - click(findTestObject("Object Repository/Connexion Usager/Btn_Parametres Avances"), OPTIONAL): Object: 'Object Repository/Connexion Usager/Btn_Parametres Avances' is clicked on

2023-11-24 14:54:31 - [MESSAGE][INFO] - Finding Test Object 'Object Repository/Connexion Usager/Btn_Parametres Avances'

2023-11-24 14:54:31 - [MESSAGE][INFO] - Checking timeout

2023-11-24 14:54:31 - [MESSAGE][INFO] - Finding web element with id: 'Object Repository/Connexion Usager/Btn_Parametres Avances' located by 'By.xpath: //*[@id="details-button"]' in '20' second(s)

2023-11-24 14:54:31 - [MESSAGE][INFO] - Smart Wait Function is triggered

2023-11-24 14:54:31 - [MESSAGE][INFO] - Found 1 web elements with id: 'Object Repository/Connexion Usager/Btn_Parametres Avances' located by 'By.xpath: //*[@id="details-button"]' in '20' second(s)

2023-11-24 14:54:31 - [MESSAGE][INFO] - Checking object

2023-11-24 14:54:31 - [MESSAGE][INFO] - Checking timeout

2023-11-24 14:54:31 - [MESSAGE][INFO] - Finding web element from Test Object's properties

2023-11-24 14:54:31 - [MESSAGE][INFO] - Checking timeout

2023-11-24 14:54:31 - [MESSAGE][INFO] - Finding web element with id: 'Object Repository/Connexion Usager/Btn_Parametres Avances' located by 'By.xpath: //*[@id="details-button"]' in '5' second(s)

2023-11-24 14:54:31 - [MESSAGE][INFO] - Smart Wait Function is triggered

2023-11-24 14:54:31 - [MESSAGE][INFO] - Found 1 web elements with id: 'Object Repository/Connexion Usager/Btn_Parametres Avances' located by 'By.xpath: //*[@id="details-button"]' in '5' second(s)

2023-11-24 14:54:31 - [MESSAGE][INFO] - Clicking on object: 'Object Repository/Connexion Usager/Btn_Parametres Avances'

2023-11-24 14:54:33 - [MESSAGE][PASSED] - Object: 'Object Repository/Connexion Usager/Btn_Parametres Avances' is clicked on

2023-11-24 14:54:33 - [TEST_STEP][PASSED] - click(findTestObject("Object Repository/Connexion Usager/Link_Proceed-Link"), OPTIONAL): Object: 'Object Repository/Connexion Usager/Link_Proceed-Link' is clicked on

2023-11-24 14:54:33 - [MESSAGE][INFO] - Finding Test Object 'Object Repository/Connexion Usager/Link_Proceed-Link'

2023-11-24 14:54:33 - [MESSAGE][INFO] - Checking timeout

2023-11-24 14:54:33 - [MESSAGE][INFO] - Finding web element with id: 'Object Repository/Connexion Usager/Link_Proceed-Link' located by 'By.xpath: //*[@id="proceed-link"]' in '20' second(s)

2023-11-24 14:54:33 - [MESSAGE][INFO] - Smart Wait Function is triggered

2023-11-24 14:54:33 - [MESSAGE][INFO] - Found 1 web elements with id: 'Object Repository/Connexion Usager/Link_Proceed-Link' located by 'By.xpath: //*[@id="proceed-link"]' in '20' second(s)

2023-11-24 14:54:33 - [MESSAGE][INFO] - Checking object

2023-11-24 14:54:33 - [MESSAGE][INFO] - Checking timeout

2023-11-24 14:54:33 - [MESSAGE][INFO] - Finding web element from Test Object's properties

2023-11-24 14:54:33 - [MESSAGE][INFO] - Checking timeout

2023-11-24 14:54:33 - [MESSAGE][INFO] - Finding web element with id: 'Object Repository/Connexion Usager/Link_Proceed-Link' located by 'By.xpath: //*[@id="proceed-link"]' in '5' second(s)

2023-11-24 14:54:33 - [MESSAGE][INFO] - Smart Wait Function is triggered

2023-11-24 14:54:33 - [MESSAGE][INFO] - Found 1 web elements with id: 'Object Repository/Connexion Usager/Link_Proceed-Link' located by 'By.xpath: //*[@id="proceed-link"]' in '5' second(s)

2023-11-24 14:54:33 - [MESSAGE][INFO] - Clicking on object: 'Object Repository/Connexion Usager/Link_Proceed-Link'

2023-11-24 14:54:36 - [MESSAGE][PASSED] - Object: 'Object Repository/Connexion Usager/Link_Proceed-Link' is clicked on

2023-11-24 14:54:36 - [TEST_STEP][PASSED] - if (DriverName == "IE_DRIVER"): null

2023-11-24 14:54:36 - [TEST_STEP][PASSED] - delay(3): Delayed 3 second(s)

2023-11-24 14:54:36 - [MESSAGE][INFO] - Delaying browser in 3 second(s)

2023-11-24 14:54:39 - [MESSAGE][PASSED] - Delayed 3 second(s)

2023-11-24 14:54:39 - [MESSAGE][PASSED] - Call Test Case 'Test Cases/Test Reutilisable/Main/Erreur lie a la confidentialite' successfully

2023-11-24 14:54:39 - [TEST_STEP][PASSED] - delay(5): Delayed 5 second(s)

2023-11-24 14:54:39 - [MESSAGE][INFO] - Delaying browser in 5 second(s)

2023-11-24 14:54:44 - [MESSAGE][PASSED] - Delayed 5 second(s)

2023-11-24 14:54:44 - [TEST_STEP][PASSED] - setText(findTestObject("Object Repository/Connexion Usager/Input_Identifiant"), NumEtrangerVisa): Text '7703040877' is set on object 'Object Repository/Connexion Usager/Input_Identifiant'

2023-11-24 14:54:44 - [MESSAGE][INFO] - Finding Test Object 'Object Repository/Connexion Usager/Input_Identifiant'

2023-11-24 14:54:44 - [MESSAGE][INFO] - Checking timeout

2023-11-24 14:54:44 - [MESSAGE][INFO] - Finding web element with id: 'Object Repository/Connexion Usager/Input_Identifiant' located by 'By.xpath: //*[@id="login"]' in '20' second(s)

2023-11-24 14:54:44 - [MESSAGE][INFO] - Smart Wait Function is triggered

2023-11-24 14:54:44 - [MESSAGE][INFO] - Found 1 web elements with id: 'Object Repository/Connexion Usager/Input_Identifiant' located by 'By.xpath: //*[@id="login"]' in '20' second(s)

2023-11-24 14:54:45 - [MESSAGE][INFO] - Checking object

2023-11-24 14:54:45 - [MESSAGE][INFO] - Checking text

2023-11-24 14:54:45 - [MESSAGE][INFO] - Finding web element from Test Object's properties

2023-11-24 14:54:45 - [MESSAGE][INFO] - Checking timeout

2023-11-24 14:54:45 - [MESSAGE][INFO] - Finding web element with id: 'Object Repository/Connexion Usager/Input_Identifiant' located by 'By.xpath: //*[@id="login"]' in '5' second(s)

2023-11-24 14:54:45 - [MESSAGE][INFO] - Smart Wait Function is triggered

2023-11-24 14:54:45 - [MESSAGE][INFO] - Found 1 web elements with id: 'Object Repository/Connexion Usager/Input_Identifiant' located by 'By.xpath: //*[@id="login"]' in '5' second(s)

2023-11-24 14:54:45 - [MESSAGE][INFO] - Clearing text of object 'Object Repository/Connexion Usager/Input_Identifiant'

2023-11-24 14:54:47 - [MESSAGE][INFO] - Finding web element from Test Object's properties

2023-11-24 14:54:47 - [MESSAGE][INFO] - Checking timeout

2023-11-24 14:54:47 - [MESSAGE][INFO] - Finding web element with id: 'Object Repository/Connexion Usager/Input_Identifiant' located by 'By.xpath: //*[@id="login"]' in '5' second(s)

2023-11-24 14:54:47 - [MESSAGE][INFO] - Smart Wait Function is triggered

2023-11-24 14:54:47 - [MESSAGE][INFO] - Found 1 web elements with id: 'Object Repository/Connexion Usager/Input_Identifiant' located by 'By.xpath: //*[@id="login"]' in '5' second(s)

2023-11-24 14:54:47 - [MESSAGE][INFO] - Setting text of object 'Object Repository/Connexion Usager/Input_Identifiant' to value '7703040877'

2023-11-24 14:54:49 - [MESSAGE][PASSED] - Text '7703040877' is set on object 'Object Repository/Connexion Usager/Input_Identifiant'

2023-11-24 14:54:49 - [TEST_STEP][PASSED] - NumEtrangerVisa = NumEtrangerVisa: null

2023-11-24 14:54:49 - [TEST_STEP][PASSED] - setEncryptedText(findTestObject("Object Repository/Connexion Usager/Input_MDP"), Password): Text ****** has been set on object 'Object Repository/Connexion Usager/Input_MDP'

2023-11-24 14:54:49 - [MESSAGE][INFO] - Finding Test Object 'Object Repository/Connexion Usager/Input_MDP'

2023-11-24 14:54:49 - [MESSAGE][INFO] - Checking timeout

2023-11-24 14:54:49 - [MESSAGE][INFO] - Finding web element with id: 'Object Repository/Connexion Usager/Input_MDP' located by 'By.xpath: //*[@id="password"]' in '20' second(s)

2023-11-24 14:54:49 - [MESSAGE][INFO] - Smart Wait Function is triggered

2023-11-24 14:54:49 - [MESSAGE][INFO] - Found 1 web elements with id: 'Object Repository/Connexion Usager/Input_MDP' located by 'By.xpath: //*[@id="password"]' in '20' second(s)

2023-11-24 14:54:49 - [MESSAGE][INFO] - Checking object

2023-11-24 14:54:49 - [MESSAGE][INFO] - Checking text

2023-11-24 14:54:49 - [MESSAGE][INFO] - Finding web element from Test Object's properties

2023-11-24 14:54:49 - [MESSAGE][INFO] - Checking timeout

2023-11-24 14:54:49 - [MESSAGE][INFO] - Finding web element with id: 'Object Repository/Connexion Usager/Input_MDP' located by 'By.xpath: //*[@id="password"]' in '5' second(s)

2023-11-24 14:54:49 - [MESSAGE][INFO] - Smart Wait Function is triggered

2023-11-24 14:54:49 - [MESSAGE][INFO] - Found 1 web elements with id: 'Object Repository/Connexion Usager/Input_MDP' located by 'By.xpath: //*[@id="password"]' in '5' second(s)

2023-11-24 14:54:49 - [MESSAGE][INFO] - Clearing text of object 'Object Repository/Connexion Usager/Input_MDP'

2023-11-24 14:54:51 - [MESSAGE][INFO] - Setting  text of object 'Object Repository/Connexion Usager/Input_MDP' to value ******

2023-11-24 14:54:53 - [MESSAGE][PASSED] - Text ****** has been set on object 'Object Repository/Connexion Usager/Input_MDP'

2023-11-24 14:54:53 - [TEST_STEP][PASSED] - click(findTestObject("Object Repository/Connexion Usager/btn_Sidentifier")): Object: 'Object Repository/Connexion Usager/btn_Sidentifier' is clicked on

2023-11-24 14:54:53 - [MESSAGE][INFO] - Finding Test Object 'Object Repository/Connexion Usager/btn_Sidentifier'

2023-11-24 14:54:53 - [MESSAGE][INFO] - Checking timeout

2023-11-24 14:54:53 - [MESSAGE][INFO] - Finding web element with id: 'Object Repository/Connexion Usager/btn_Sidentifier' located by 'By.xpath: //*[@type= 'submit']' in '20' second(s)

2023-11-24 14:54:53 - [MESSAGE][INFO] - Smart Wait Function is triggered

2023-11-24 14:54:53 - [MESSAGE][INFO] - Found 1 web elements with id: 'Object Repository/Connexion Usager/btn_Sidentifier' located by 'By.xpath: //*[@type= 'submit']' in '20' second(s)

2023-11-24 14:54:53 - [MESSAGE][INFO] - Checking object

2023-11-24 14:54:53 - [MESSAGE][INFO] - Checking timeout

2023-11-24 14:54:53 - [MESSAGE][INFO] - Finding web element from Test Object's properties

2023-11-24 14:54:53 - [MESSAGE][INFO] - Checking timeout

2023-11-24 14:54:53 - [MESSAGE][INFO] - Finding web element with id: 'Object Repository/Connexion Usager/btn_Sidentifier' located by 'By.xpath: //*[@type= 'submit']' in '5' second(s)

2023-11-24 14:54:53 - [MESSAGE][INFO] - Smart Wait Function is triggered

2023-11-24 14:54:53 - [MESSAGE][INFO] - Found 1 web elements with id: 'Object Repository/Connexion Usager/btn_Sidentifier' located by 'By.xpath: //*[@type= 'submit']' in '5' second(s)

2023-11-24 14:54:53 - [MESSAGE][INFO] - Clicking on object: 'Object Repository/Connexion Usager/btn_Sidentifier'

2023-11-24 14:54:58 - [MESSAGE][PASSED] - Object: 'Object Repository/Connexion Usager/btn_Sidentifier' is clicked on

2023-11-24 14:54:58 - [TEST_STEP][PASSED] - delay(15): Delayed 15 second(s)

2023-11-24 14:54:58 - [MESSAGE][INFO] - Delaying browser in 15 second(s)

2023-11-24 14:55:13 - [MESSAGE][PASSED] - Delayed 15 second(s)

2023-11-24 14:55:13 - [TEST_STEP][PASSED] - verifyElementPresent(findTestObject("Object Repository/Page_Accueil_Usager/Span_MesNotifications"), 2, STOP_ON_FAILURE): Object 'Object Repository/Page_Accueil_Usager/Span_MesNotifications' is present

2023-11-24 14:55:13 - [MESSAGE][INFO] - Finding Test Object 'Object Repository/Page_Accueil_Usager/Span_MesNotifications'

2023-11-24 14:55:13 - [MESSAGE][INFO] - Checking object

2023-11-24 14:55:13 - [MESSAGE][INFO] - Finding web element from Test Object's properties

2023-11-24 14:55:13 - [MESSAGE][INFO] - Checking timeout

2023-11-24 14:55:13 - [MESSAGE][INFO] - Finding web element with id: 'Object Repository/Page_Accueil_Usager/Span_MesNotifications' located by 'By.xpath: //*[@id="navBar-new"]/nav/div[3]/div/div/ul/li[1]/a/span' in '2' second(s)

2023-11-24 14:55:13 - [MESSAGE][INFO] - Smart Wait Function is triggered

2023-11-24 14:55:13 - [MESSAGE][INFO] - Found 1 web elements with id: 'Object Repository/Page_Accueil_Usager/Span_MesNotifications' located by 'By.xpath: //*[@id="navBar-new"]/nav/div[3]/div/div/ul/li[1]/a/span' in '2' second(s)

2023-11-24 14:55:13 - [MESSAGE][PASSED] - Object 'Object Repository/Page_Accueil_Usager/Span_MesNotifications' is present

2023-11-24 14:55:13 - [TEST_STEP][PASSED] - if (Profiles == "Agent"): null

2023-11-24 14:55:13 - [TEST_STEP][PASSED] - else: null

2023-11-24 14:55:13 - [TEST_STEP][PASSED] - println("VÃ©rifier le Portail de votre connexion Usager ou Agent"): null

2023-11-24 14:55:13 - [MESSAGE][PASSED] - Call Test Case 'Test Cases/Test Reutilisable/Main/Identification' successfully

2023-11-24 14:55:13 - [TEST_STEP][PASSED] - callTestCase(findTestCase("Test Reutilisable/DemandeOuRenouvelle_TitreSejour/DemandeOuRenouvelleTitreSejour"), [:], STOP_ON_FAILURE): Call Test Case 'Test Cases/Test Reutilisable/DemandeOuRenouvelle_TitreSejour/DemandeOuRenouvelleTitreSejour' successfully

2023-11-24 14:55:13 - [MESSAGE][INFO] - Checking called Test Case

2023-11-24 14:55:13 - [MESSAGE][INFO] - Starting to call Test Case 'Test Cases/Test Reutilisable/DemandeOuRenouvelle_TitreSejour/DemandeOuRenouvelleTitreSejour'

2023-11-24 14:55:13 - [TEST_CASE][PASSED] - Test Cases/Test Reutilisable/DemandeOuRenouvelle_TitreSejour/DemandeOuRenouvelleTitreSejour: Test Cases/Test Reutilisable/DemandeOuRenouvelle_TitreSejour/DemandeOuRenouvelleTitreSejour

2023-11-24 14:55:14 - [TEST_STEP][PASSED] - com.kazurayam.ksbackyard.HighlightElement.pandemic(): com.kazurayam.ksbackyard.HighlightElement.pandemic is PASSED

2023-11-24 14:55:14 - [MESSAGE][PASSED] - com.kazurayam.ksbackyard.HighlightElement.pandemic is PASSED

2023-11-24 14:55:14 - [TEST_STEP][PASSED] - delay(3): Delayed 3 second(s)

2023-11-24 14:55:14 - [MESSAGE][INFO] - Delaying browser in 3 second(s)

2023-11-24 14:55:17 - [MESSAGE][PASSED] - Delayed 3 second(s)

2023-11-24 14:55:17 - [TEST_STEP][PASSED] - doubleClick(findTestObject("Object Repository/Page_Accueil_Usager/btn_DemandeOuRenouvelleTitreSejour")): Object: 'Object Repository/Page_Accueil_Usager/btn_DemandeOuRenouvelleTitreSejour' is double clicked on

2023-11-24 14:55:17 - [MESSAGE][INFO] - Finding Test Object 'Object Repository/Page_Accueil_Usager/btn_DemandeOuRenouvelleTitreSejour'

2023-11-24 14:55:17 - [MESSAGE][INFO] - Checking object

2023-11-24 14:55:17 - [MESSAGE][INFO] - Finding web element from Test Object's properties

2023-11-24 14:55:17 - [MESSAGE][INFO] - Checking timeout

2023-11-24 14:55:17 - [MESSAGE][INFO] - Finding web element with id: 'Object Repository/Page_Accueil_Usager/btn_DemandeOuRenouvelleTitreSejour' located by 'By.xpath: //app-portal//app-portal-root/app-default-root-content/div/div/anef-tile[1]/a/span/span[2]' in '5' second(s)

2023-11-24 14:55:17 - [MESSAGE][INFO] - Smart Wait Function is triggered

2023-11-24 14:55:17 - [MESSAGE][INFO] - Found 1 web elements with id: 'Object Repository/Page_Accueil_Usager/btn_DemandeOuRenouvelleTitreSejour' located by 'By.xpath: //app-portal//app-portal-root/app-default-root-content/div/div/anef-tile[1]/a/span/span[2]' in '5' second(s)

2023-11-24 14:55:17 - [MESSAGE][INFO] - Double clicking on object: 'Object Repository/Page_Accueil_Usager/btn_DemandeOuRenouvelleTitreSejour'

2023-11-24 14:55:17 - [MESSAGE][PASSED] - Object: 'Object Repository/Page_Accueil_Usager/btn_DemandeOuRenouvelleTitreSejour' is double clicked on

2023-11-24 14:55:18 - [TEST_STEP][PASSED] - delay(3): Delayed 3 second(s)

2023-11-24 14:55:18 - [MESSAGE][INFO] - Delaying browser in 3 second(s)

2023-11-24 14:55:21 - [MESSAGE][PASSED] - Delayed 3 second(s)

2023-11-24 14:55:21 - [TEST_STEP][PASSED] - switch (PourQui): null

2023-11-24 14:55:21 - [TEST_STEP][PASSED] - case "Moi-mÃªme":: null

2023-11-24 14:55:21 - [TEST_STEP][PASSED] - check(findTestObject("Object Repository/Page_Accueil_Usager/CheckBox_Moi-meme")): Object 'Object Repository/Page_Accueil_Usager/CheckBox_Moi-meme' is checked

2023-11-24 14:55:21 - [MESSAGE][INFO] - Finding Test Object 'Object Repository/Page_Accueil_Usager/CheckBox_Moi-meme'

2023-11-24 14:55:21 - [MESSAGE][INFO] - Checking object

2023-11-24 14:55:21 - [MESSAGE][INFO] - Finding web element from Test Object's properties

2023-11-24 14:55:21 - [MESSAGE][INFO] - Checking timeout

2023-11-24 14:55:21 - [MESSAGE][INFO] - Finding web element with id: 'Object Repository/Page_Accueil_Usager/CheckBox_Moi-meme' located by 'By.xpath: //*/div[1]/app-radio-tree-button/div/p-radiobutton/div/div[2]/span' in '5' second(s)

2023-11-24 14:55:21 - [MESSAGE][INFO] - Smart Wait Function is triggered

2023-11-24 14:55:21 - [MESSAGE][INFO] - Found 1 web elements with id: 'Object Repository/Page_Accueil_Usager/CheckBox_Moi-meme' located by 'By.xpath: //*/div[1]/app-radio-tree-button/div/p-radiobutton/div/div[2]/span' in '5' second(s)

2023-11-24 14:55:21 - [MESSAGE][INFO] - Checking on bject 'Object Repository/Page_Accueil_Usager/CheckBox_Moi-meme'

2023-11-24 14:55:23 - [MESSAGE][PASSED] - Object 'Object Repository/Page_Accueil_Usager/CheckBox_Moi-meme' is checked

2023-11-24 14:55:23 - [TEST_STEP][PASSED] - break: null

2023-11-24 14:55:23 - [TEST_STEP][PASSED] - click(findTestObject("Object Repository/Page_Accueil_Usager/btn_JeContinue")): Object: 'Object Repository/Page_Accueil_Usager/btn_JeContinue' is clicked on

2023-11-24 14:55:23 - [MESSAGE][INFO] - Finding Test Object 'Object Repository/Page_Accueil_Usager/btn_JeContinue'

2023-11-24 14:55:23 - [MESSAGE][INFO] - Checking timeout

2023-11-24 14:55:23 - [MESSAGE][INFO] - Finding web element with id: 'Object Repository/Page_Accueil_Usager/btn_JeContinue' located by 'By.xpath: //*[@ng-reflect-label='Je continue']|/html/body/app-root/div/app-portal/main/app-triage-demandeur/div/div/div/form/div[2]/button/span' in '20' second(s)

2023-11-24 14:55:23 - [MESSAGE][INFO] - Smart Wait Function is triggered

2023-11-24 14:55:23 - [MESSAGE][INFO] - Found 2 web elements with id: 'Object Repository/Page_Accueil_Usager/btn_JeContinue' located by 'By.xpath: //*[@ng-reflect-label='Je continue']|/html/body/app-root/div/app-portal/main/app-triage-demandeur/div/div/div/form/div[2]/button/span' in '20' second(s)

2023-11-24 14:55:23 - [MESSAGE][INFO] - Checking object

2023-11-24 14:55:23 - [MESSAGE][INFO] - Checking timeout

2023-11-24 14:55:23 - [MESSAGE][INFO] - Finding web element from Test Object's properties

2023-11-24 14:55:23 - [MESSAGE][INFO] - Checking timeout

2023-11-24 14:55:23 - [MESSAGE][INFO] - Finding web element with id: 'Object Repository/Page_Accueil_Usager/btn_JeContinue' located by 'By.xpath: //*[@ng-reflect-label='Je continue']|/html/body/app-root/div/app-portal/main/app-triage-demandeur/div/div/div/form/div[2]/button/span' in '5' second(s)

2023-11-24 14:55:23 - [MESSAGE][INFO] - Smart Wait Function is triggered

2023-11-24 14:55:23 - [MESSAGE][INFO] - Found 2 web elements with id: 'Object Repository/Page_Accueil_Usager/btn_JeContinue' located by 'By.xpath: //*[@ng-reflect-label='Je continue']|/html/body/app-root/div/app-portal/main/app-triage-demandeur/div/div/div/form/div[2]/button/span' in '5' second(s)

2023-11-24 14:55:23 - [MESSAGE][INFO] - Clicking on object: 'Object Repository/Page_Accueil_Usager/btn_JeContinue'

2023-11-24 14:55:25 - [MESSAGE][PASSED] - Object: 'Object Repository/Page_Accueil_Usager/btn_JeContinue' is clicked on

2023-11-24 14:55:25 - [MESSAGE][PASSED] - Call Test Case 'Test Cases/Test Reutilisable/DemandeOuRenouvelle_TitreSejour/DemandeOuRenouvelleTitreSejour' successfully

2023-11-24 14:55:25 - [TEST_STEP][PASSED] - callTestCase(findTestCase("Test Reutilisable/DemandeOuRenouvelle_TitreSejour/FormulaireTypeDeTitreDeSejour"), ["TypeTitreDeSejour":TypeTitreDeSejour, "Titre":Titre], STOP_ON_FAILURE): Call Test Case 'Test Cases/Test Reutilisable/DemandeOuRenouvelle_TitreSejour/FormulaireTypeDeTitreDeSejour' successfully

2023-11-24 14:55:25 - [MESSAGE][INFO] - Checking called Test Case

2023-11-24 14:55:25 - [MESSAGE][INFO] - Starting to call Test Case 'Test Cases/Test Reutilisable/DemandeOuRenouvelle_TitreSejour/FormulaireTypeDeTitreDeSejour'

2023-11-24 14:55:25 - [TEST_CASE][PASSED] - Test Cases/Test Reutilisable/DemandeOuRenouvelle_TitreSejour/FormulaireTypeDeTitreDeSejour: Test Cases/Test Reutilisable/DemandeOuRenouvelle_TitreSejour/FormulaireTypeDeTitreDeSejour

2023-11-24 14:55:26 - [TEST_STEP][PASSED] - com.kazurayam.ksbackyard.HighlightElement.pandemic(): com.kazurayam.ksbackyard.HighlightElement.pandemic is PASSED

2023-11-24 14:55:26 - [MESSAGE][PASSED] - com.kazurayam.ksbackyard.HighlightElement.pandemic is PASSED

2023-11-24 14:55:26 - [TEST_STEP][PASSED] - delay(10): Delayed 10 second(s)

2023-11-24 14:55:26 - [MESSAGE][INFO] - Delaying browser in 10 second(s)

2023-11-24 14:55:36 - [MESSAGE][PASSED] - Delayed 10 second(s)

2023-11-24 14:55:36 - [TEST_STEP][PASSED] - switch (TypeTitreDeSejour): null

2023-11-24 14:55:36 - [TEST_STEP][PASSED] - case "ChercheurEtChercheurEnMobilite":: null

2023-11-24 14:55:36 - [TEST_STEP][PASSED] - if (Titre == "Visiteur" || Titre == "Etudiant"): Object: 'Object Repository/Page_DemarcheRenouvellement/Btn_JeContinue' is clicked on

2023-11-24 14:55:36 - [TEST_STEP][PASSED] - check(findTestObject("Object Repository/Page_DemarcheRenouvellement/CheckBox_SolliciteTS_PasseportTalent")): Object 'Object Repository/Page_DemarcheRenouvellement/CheckBox_SolliciteTS_PasseportTalent' is checked

2023-11-24 14:55:36 - [MESSAGE][INFO] - Finding Test Object 'Object Repository/Page_DemarcheRenouvellement/CheckBox_SolliciteTS_PasseportTalent'

2023-11-24 14:55:36 - [MESSAGE][INFO] - Checking object

2023-11-24 14:55:36 - [MESSAGE][INFO] - Finding web element from Test Object's properties

2023-11-24 14:55:36 - [MESSAGE][INFO] - Checking timeout

2023-11-24 14:55:36 - [MESSAGE][INFO] - Finding web element with id: 'Object Repository/Page_DemarcheRenouvellement/CheckBox_SolliciteTS_PasseportTalent' located by 'By.xpath: //*/div[3]/app-radio-tree-button/div/p-radiobutton/div/div[2]/span' in '5' second(s)

2023-11-24 14:55:36 - [MESSAGE][INFO] - Smart Wait Function is triggered

2023-11-24 14:55:36 - [MESSAGE][INFO] - Found 1 web elements with id: 'Object Repository/Page_DemarcheRenouvellement/CheckBox_SolliciteTS_PasseportTalent' located by 'By.xpath: //*/div[3]/app-radio-tree-button/div/p-radiobutton/div/div[2]/span' in '5' second(s)

2023-11-24 14:55:36 - [MESSAGE][INFO] - Checking on bject 'Object Repository/Page_DemarcheRenouvellement/CheckBox_SolliciteTS_PasseportTalent'

2023-11-24 14:55:38 - [MESSAGE][PASSED] - Object 'Object Repository/Page_DemarcheRenouvellement/CheckBox_SolliciteTS_PasseportTalent' is checked

2023-11-24 14:55:38 - [TEST_STEP][PASSED] - check(findTestObject("Object Repository/Page_DemarcheRenouvellement/CheckBox_SolliciteTS_ChercheurEtChercheurEnMobilite")): Object 'Object Repository/Page_DemarcheRenouvellement/CheckBox_SolliciteTS_ChercheurEtChercheurEnMobilite' is checked

2023-11-24 14:55:38 - [MESSAGE][INFO] - Finding Test Object 'Object Repository/Page_DemarcheRenouvellement/CheckBox_SolliciteTS_ChercheurEtChercheurEnMobilite'

2023-11-24 14:55:38 - [MESSAGE][INFO] - Checking object

2023-11-24 14:55:38 - [MESSAGE][INFO] - Finding web element from Test Object's properties

2023-11-24 14:55:38 - [MESSAGE][INFO] - Checking timeout

2023-11-24 14:55:38 - [MESSAGE][INFO] - Finding web element with id: 'Object Repository/Page_DemarcheRenouvellement/CheckBox_SolliciteTS_ChercheurEtChercheurEnMobilite' located by 'By.xpath: //div/form/div[1]/div[2]/fieldset/div[3]/app-radio-tree-button/div/div/div[2]/app-radio-tree-button/div/p-radiobutton/div/div[2]/span' in '5' second(s)

2023-11-24 14:55:38 - [MESSAGE][INFO] - Smart Wait Function is triggered

2023-11-24 14:55:38 - [MESSAGE][INFO] - Found 1 web elements with id: 'Object Repository/Page_DemarcheRenouvellement/CheckBox_SolliciteTS_ChercheurEtChercheurEnMobilite' located by 'By.xpath: //div/form/div[1]/div[2]/fieldset/div[3]/app-radio-tree-button/div/div/div[2]/app-radio-tree-button/div/p-radiobutton/div/div[2]/span' in '5' second(s)

2023-11-24 14:55:38 - [MESSAGE][INFO] - Checking on bject 'Object Repository/Page_DemarcheRenouvellement/CheckBox_SolliciteTS_ChercheurEtChercheurEnMobilite'

2023-11-24 14:55:41 - [MESSAGE][PASSED] - Object 'Object Repository/Page_DemarcheRenouvellement/CheckBox_SolliciteTS_ChercheurEtChercheurEnMobilite' is checked

2023-11-24 14:55:41 - [TEST_STEP][PASSED] - click(findTestObject("Object Repository/Page_DemarcheRenouvellement/btn_JeCommence")): Object: 'Object Repository/Page_DemarcheRenouvellement/btn_JeCommence' is clicked on

2023-11-24 14:55:41 - [MESSAGE][INFO] - Finding Test Object 'Object Repository/Page_DemarcheRenouvellement/btn_JeCommence'

2023-11-24 14:55:41 - [MESSAGE][INFO] - Checking timeout

2023-11-24 14:55:41 - [MESSAGE][INFO] - Finding web element with id: 'Object Repository/Page_DemarcheRenouvellement/btn_JeCommence' located by 'By.xpath: //app-informations-declaration//app-actions-bar//button/span[contains(.,'Je continue')]|//app-informations-demande-ptsq//app-actions-bar//button/span[contains(.,'Je continue')]|//*/div[2]/button/span|//button[@type="submit" and contains(., 'Je commence')]|//button[@type="submit" and contains(., 'Je continue')]' in '20' second(s)

2023-11-24 14:55:41 - [MESSAGE][INFO] - Smart Wait Function is triggered

2023-11-24 14:55:41 - [MESSAGE][INFO] - Found 1 web elements with id: 'Object Repository/Page_DemarcheRenouvellement/btn_JeCommence' located by 'By.xpath: //app-informations-declaration//app-actions-bar//button/span[contains(.,'Je continue')]|//app-informations-demande-ptsq//app-actions-bar//button/span[contains(.,'Je continue')]|//*/div[2]/button/span|//button[@type="submit" and contains(., 'Je commence')]|//button[@type="submit" and contains(., 'Je continue')]' in '20' second(s)

2023-11-24 14:55:41 - [MESSAGE][INFO] - Checking object

2023-11-24 14:55:41 - [MESSAGE][INFO] - Checking timeout

2023-11-24 14:55:41 - [MESSAGE][INFO] - Finding web element from Test Object's properties

2023-11-24 14:55:41 - [MESSAGE][INFO] - Checking timeout

2023-11-24 14:55:41 - [MESSAGE][INFO] - Finding web element with id: 'Object Repository/Page_DemarcheRenouvellement/btn_JeCommence' located by 'By.xpath: //app-informations-declaration//app-actions-bar//button/span[contains(.,'Je continue')]|//app-informations-demande-ptsq//app-actions-bar//button/span[contains(.,'Je continue')]|//*/div[2]/button/span|//button[@type="submit" and contains(., 'Je commence')]|//button[@type="submit" and contains(., 'Je continue')]' in '5' second(s)

2023-11-24 14:55:41 - [MESSAGE][INFO] - Smart Wait Function is triggered

2023-11-24 14:55:41 - [MESSAGE][INFO] - Found 1 web elements with id: 'Object Repository/Page_DemarcheRenouvellement/btn_JeCommence' located by 'By.xpath: //app-informations-declaration//app-actions-bar//button/span[contains(.,'Je continue')]|//app-informations-demande-ptsq//app-actions-bar//button/span[contains(.,'Je continue')]|//*/div[2]/button/span|//button[@type="submit" and contains(., 'Je commence')]|//button[@type="submit" and contains(., 'Je continue')]' in '5' second(s)

2023-11-24 14:55:41 - [MESSAGE][INFO] - Clicking on object: 'Object Repository/Page_DemarcheRenouvellement/btn_JeCommence'

2023-11-24 14:55:43 - [MESSAGE][PASSED] - Object: 'Object Repository/Page_DemarcheRenouvellement/btn_JeCommence' is clicked on

2023-11-24 14:55:43 - [TEST_STEP][PASSED] - delay(3): Delayed 3 second(s)

2023-11-24 14:55:43 - [MESSAGE][INFO] - Delaying browser in 3 second(s)

2023-11-24 14:55:46 - [MESSAGE][PASSED] - Delayed 3 second(s)

2023-11-24 14:55:46 - [TEST_STEP][PASSED] - click(findTestObject("Object Repository/Page_DemarcheRenouvellement/Btn_JeContinue")): Object: 'Object Repository/Page_DemarcheRenouvellement/Btn_JeContinue' is clicked on

2023-11-24 14:55:46 - [MESSAGE][INFO] - Finding Test Object 'Object Repository/Page_DemarcheRenouvellement/Btn_JeContinue'

2023-11-24 14:55:46 - [MESSAGE][INFO] - Checking timeout

2023-11-24 14:55:46 - [MESSAGE][INFO] - Finding web element with id: 'Object Repository/Page_DemarcheRenouvellement/Btn_JeContinue' located by 'By.xpath: //button[@type="submit" and contains(., 'Je commence')]|//span[@class="ui-button-text ui-clickable" and contains(., 'Je continue')]|//app-informations-declaration//app-actions-bar//button/span[contains(.,'Je continue')]|//app-informations-demande-ptch/div/app-actions-bar/div/div[2]/div/div[2]/button/span' in '20' second(s)

2023-11-24 14:55:46 - [MESSAGE][INFO] - Smart Wait Function is triggered

2023-11-24 14:55:46 - [MESSAGE][INFO] - Found 1 web elements with id: 'Object Repository/Page_DemarcheRenouvellement/Btn_JeContinue' located by 'By.xpath: //button[@type="submit" and contains(., 'Je commence')]|//span[@class="ui-button-text ui-clickable" and contains(., 'Je continue')]|//app-informations-declaration//app-actions-bar//button/span[contains(.,'Je continue')]|//app-informations-demande-ptch/div/app-actions-bar/div/div[2]/div/div[2]/button/span' in '20' second(s)

2023-11-24 14:55:46 - [MESSAGE][INFO] - Checking object

2023-11-24 14:55:46 - [MESSAGE][INFO] - Checking timeout

2023-11-24 14:55:46 - [MESSAGE][INFO] - Finding web element from Test Object's properties

2023-11-24 14:55:46 - [MESSAGE][INFO] - Checking timeout

2023-11-24 14:55:46 - [MESSAGE][INFO] - Finding web element with id: 'Object Repository/Page_DemarcheRenouvellement/Btn_JeContinue' located by 'By.xpath: //button[@type="submit" and contains(., 'Je commence')]|//span[@class="ui-button-text ui-clickable" and contains(., 'Je continue')]|//app-informations-declaration//app-actions-bar//button/span[contains(.,'Je continue')]|//app-informations-demande-ptch/div/app-actions-bar/div/div[2]/div/div[2]/button/span' in '5' second(s)

2023-11-24 14:55:46 - [MESSAGE][INFO] - Smart Wait Function is triggered

2023-11-24 14:55:46 - [MESSAGE][INFO] - Found 1 web elements with id: 'Object Repository/Page_DemarcheRenouvellement/Btn_JeContinue' located by 'By.xpath: //button[@type="submit" and contains(., 'Je commence')]|//span[@class="ui-button-text ui-clickable" and contains(., 'Je continue')]|//app-informations-declaration//app-actions-bar//button/span[contains(.,'Je continue')]|//app-informations-demande-ptch/div/app-actions-bar/div/div[2]/div/div[2]/button/span' in '5' second(s)

2023-11-24 14:55:46 - [MESSAGE][INFO] - Clicking on object: 'Object Repository/Page_DemarcheRenouvellement/Btn_JeContinue'

2023-11-24 14:55:48 - [MESSAGE][PASSED] - Object: 'Object Repository/Page_DemarcheRenouvellement/Btn_JeContinue' is clicked on

2023-11-24 14:55:48 - [TEST_STEP][PASSED] - break: null

2023-11-24 14:55:48 - [TEST_STEP][PASSED] - "VÃ©rification s il y a un message Erreur : Il est trop tÃ´t pour demander le renouvellement de votre titre.": null

2023-11-24 14:55:48 - [TEST_STEP][PASSED] - MsgAlertPresent = verifyElementPresent(findTestObject("Object Repository/Page_Accueil_Usager/Verif_PopUpTropTotPourDemanderLeRenouvellementDeVotreTitre"), 1, OPTIONAL): com.kms.katalon.core.webui.exception.WebElementNotFoundException: Web element with id: 'Object Repository/Page_Accueil_Usager/Verif_PopUpTropTotPourDemanderLeRenouvellementDeVotreTitre' located by '/html/body/app-root/div/app-portal/main/app-theme-v2/div/app-triage/div/div/div/form/div[2]/div/p-message/div/span[2]' not found (Root cause: com.kms.katalon.core.exception.StepFailedException: com.kms.katalon.core.webui.exception.WebElementNotFoundException: Web element with id: 'Object Repository/Page_Accueil_Usager/Verif_PopUpTropTotPourDemanderLeRenouvellementDeVotreTitre' located by '/html/body/app-root/div/app-portal/main/app-theme-v2/div/app-triage/div/div/div/form/div[2]/div/p-message/div/span[2]' not found
	at com.kms.katalon.core.webui.keyword.internal.WebUIKeywordMain.stepFailed(WebUIKeywordMain.groovy:64)
	at com.kms.katalon.core.webui.keyword.builtin.VerifyElementPresentKeyword$_verifyElementPresent_closure1.doCall(VerifyElementPresentKeyword.groovy:85)
	at com.kms.katalon.core.webui.keyword.builtin.VerifyElementPresentKeyword$_verifyElementPresent_closure1.call(VerifyElementPresentKeyword.groovy)
	at com.kms.katalon.core.webui.keyword.internal.WebUIKeywordMain.runKeyword(WebUIKeywordMain.groovy:20)
	at com.kms.katalon.core.webui.keyword.builtin.VerifyElementPresentKeyword.verifyElementPresent(VerifyElementPresentKeyword.groovy:92)
	at com.kms.katalon.core.webui.keyword.builtin.VerifyElementPresentKeyword.execute(VerifyElementPresentKeyword.groovy:68)
	at com.kms.katalon.core.keyword.internal.KeywordExecutor.executeKeywordForPlatform(KeywordExecutor.groovy:74)
	at com.kms.katalon.core.webui.keyword.WebUiBuiltInKeywords.verifyElementPresent(WebUiBuiltInKeywords.groovy:1448)
	at com.kazurayam.ksbackyard.HighlightElement$_pandemic_closure1.doCall(HighlightElement.groovy:105)
	at FormulaireTypeDeTitreDeSejour.run(FormulaireTypeDeTitreDeSejour:305)
	at com.kms.katalon.core.main.ScriptEngine.run(ScriptEngine.java:194)
	at com.kms.katalon.core.main.ScriptEngine.runScriptAsRawText(ScriptEngine.java:119)
	at com.kms.katalon.core.main.TestCaseExecutor.runScript(TestCaseExecutor.java:448)
	at com.kms.katalon.core.main.TestCaseExecutor.doExecute(TestCaseExecutor.java:439)
	at com.kms.katalon.core.main.TestCaseExecutor.processExecutionPhase(TestCaseExecutor.java:418)
	at com.kms.katalon.core.main.TestCaseExecutor.accessMainPhase(TestCaseExecutor.java:410)
	at com.kms.katalon.core.main.TestCaseExecutor.execute(TestCaseExecutor.java:285)
	at com.kms.katalon.core.main.TestCaseMain.runTestCase(TestCaseMain.java:144)
	at com.kms.katalon.core.keyword.builtin.CallTestCaseKeyword$_callTestCase_closure1.doCall(CallTestCaseKeyword.groovy:59)
	at com.kms.katalon.core.keyword.builtin.CallTestCaseKeyword$_callTestCase_closure1.call(CallTestCaseKeyword.groovy)
	at com.kms.katalon.core.keyword.internal.KeywordMain.runKeyword(KeywordMain.groovy:75)
	at com.kms.katalon.core.keyword.builtin.CallTestCaseKeyword.callTestCase(CallTestCaseKeyword.groovy:81)
	at com.kms.katalon.core.keyword.builtin.CallTestCaseKeyword.execute(CallTestCaseKeyword.groovy:44)
	at com.kms.katalon.core.keyword.internal.KeywordExecutor.executeKeywordForPlatform(KeywordExecutor.groovy:74)
	at com.kms.katalon.core.keyword.BuiltinKeywords.callTestCase(BuiltinKeywords.groovy:310)
	at com.kazurayam.ksbackyard.HighlightElement$_pandemic_closure1.doCall(HighlightElement.groovy:105)
	at TNR R.TSPT Supp90-Etudiant.run(TNR R.TSPT Supp90-Etudiant:43)
	at com.kms.katalon.core.main.ScriptEngine.run(ScriptEngine.java:194)
	at com.kms.katalon.core.main.ScriptEngine.runScriptAsRawText(ScriptEngine.java:119)
	at com.kms.katalon.core.main.TestCaseExecutor.runScript(TestCaseExecutor.java:448)
	at com.kms.katalon.core.main.TestCaseExecutor.doExecute(TestCaseExecutor.java:439)
	at com.kms.katalon.core.main.TestCaseExecutor.processExecutionPhase(TestCaseExecutor.java:418)
	at com.kms.katalon.core.main.TestCaseExecutor.accessMainPhase(TestCaseExecutor.java:410)
	at com.kms.katalon.core.main.TestCaseExecutor.execute(TestCaseExecutor.java:285)
	at com.kms.katalon.core.common.CommonExecutor.accessTestCaseMainPhase(CommonExecutor.java:65)
	at com.kms.katalon.core.main.TestSuiteExecutor.accessTestSuiteMainPhase(TestSuiteExecutor.java:148)
	at com.kms.katalon.core.main.TestSuiteExecutor.execute(TestSuiteExecutor.java:106)
	at com.kms.katalon.core.main.TestCaseMain.startTestSuite(TestCaseMain.java:187)
	at com.kms.katalon.core.main.TestCaseMain$startTestSuite$0.call(Unknown Source)
	at TempTestSuite1700834005381.run(TempTestSuite1700834005381.groovy:36)
)

2023-11-24 14:55:48 - [MESSAGE][INFO] - Finding Test Object 'Object Repository/Page_Accueil_Usager/Verif_PopUpTropTotPourDemanderLeRenouvellementDeVotreTitre'

2023-11-24 14:55:48 - [MESSAGE][INFO] - Checking object

2023-11-24 14:55:48 - [MESSAGE][INFO] - Finding web element from Test Object's properties

2023-11-24 14:55:48 - [MESSAGE][INFO] - Checking timeout

2023-11-24 14:55:48 - [MESSAGE][INFO] - Finding web element with id: 'Object Repository/Page_Accueil_Usager/Verif_PopUpTropTotPourDemanderLeRenouvellementDeVotreTitre' located by 'By.xpath: /html/body/app-root/div/app-portal/main/app-theme-v2/div/app-triage/div/div/div/form/div[2]/div/p-message/div/span[2]' in '1' second(s)

2023-11-24 14:55:48 - [MESSAGE][INFO] - Smart Wait Function is triggered

2023-11-24 14:55:49 - [MESSAGE][INFO] - Smart Wait Function is triggered

2023-11-24 14:55:49 - [MESSAGE][INFO] - Smart Wait Function is triggered

2023-11-24 14:55:49 - [MESSAGE][INFO] - Smart Wait Function is triggered

2023-11-24 14:55:49 - [MESSAGE][INFO] - Smart Wait Function is triggered

2023-11-24 14:55:49 - [MESSAGE][INFO] - Smart Wait Function is triggered

2023-11-24 14:55:49 - [MESSAGE][INFO] - Smart Wait Function is triggered

2023-11-24 14:55:49 - [MESSAGE][INFO] - Smart Wait Function is triggered

2023-11-24 14:55:49 - [MESSAGE][INFO] - Smart Wait Function is triggered

2023-11-24 14:55:49 - [MESSAGE][INFO] - Smart Wait Function is triggered

2023-11-24 14:55:49 - [MESSAGE][INFO] - Smart Wait Function is triggered

2023-11-24 14:55:49 - [MESSAGE][INFO] - Smart Wait Function is triggered

2023-11-24 14:55:49 - [MESSAGE][INFO] - Smart Wait Function is triggered

2023-11-24 14:55:49 - [MESSAGE][INFO] - Smart Wait Function is triggered

2023-11-24 14:55:49 - [MESSAGE][INFO] - Smart Wait Function is triggered

2023-11-24 14:55:49 - [MESSAGE][INFO] - Smart Wait Function is triggered

2023-11-24 14:55:49 - [MESSAGE][INFO] - Smart Wait Function is triggered

2023-11-24 14:55:49 - [MESSAGE][INFO] - Smart Wait Function is triggered

2023-11-24 14:55:49 - [MESSAGE][INFO] - Smart Wait Function is triggered

2023-11-24 14:55:49 - [MESSAGE][INFO] - Smart Wait Function is triggered

2023-11-24 14:55:49 - [MESSAGE][INFO] - Smart Wait Function is triggered

2023-11-24 14:55:49 - [MESSAGE][INFO] - Smart Wait Function is triggered

2023-11-24 14:55:49 - [MESSAGE][INFO] - Smart Wait Function is triggered

2023-11-24 14:55:49 - [MESSAGE][INFO] - Smart Wait Function is triggered

2023-11-24 14:55:49 - [MESSAGE][INFO] - Smart Wait Function is triggered

2023-11-24 14:55:49 - [MESSAGE][INFO] - Smart Wait Function is triggered

2023-11-24 14:55:49 - [MESSAGE][INFO] - Smart Wait Function is triggered

2023-11-24 14:55:49 - [MESSAGE][INFO] - Smart Wait Function is triggered

2023-11-24 14:55:49 - [MESSAGE][INFO] - Smart Wait Function is triggered

2023-11-24 14:55:50 - [MESSAGE][INFO] - Smart Wait Function is triggered

2023-11-24 14:55:50 - [MESSAGE][INFO] - Smart Wait Function is triggered

2023-11-24 14:55:50 - [MESSAGE][INFO] - Smart Wait Function is triggered

2023-11-24 14:55:50 - [MESSAGE][INFO] - Smart Wait Function is triggered

2023-11-24 14:55:50 - [MESSAGE][INFO] - Smart Wait Function is triggered

2023-11-24 14:55:50 - [MESSAGE][INFO] - Smart Wait Function is triggered

2023-11-24 14:55:50 - [MESSAGE][INFO] - Smart Wait Function is triggered

2023-11-24 14:55:50 - [MESSAGE][INFO] - Smart Wait Function is triggered

2023-11-24 14:55:50 - [MESSAGE][INFO] - Smart Wait Function is triggered

2023-11-24 14:55:50 - [MESSAGE][INFO] - Smart Wait Function is triggered

2023-11-24 14:55:50 - [MESSAGE][INFO] - Smart Wait Function is triggered

2023-11-24 14:55:50 - [MESSAGE][INFO] - Smart Wait Function is triggered

2023-11-24 14:55:50 - [MESSAGE][INFO] - Smart Wait Function is triggered

2023-11-24 14:55:50 - [MESSAGE][INFO] - Smart Wait Function is triggered

2023-11-24 14:55:50 - [MESSAGE][INFO] - Smart Wait Function is triggered

2023-11-24 14:55:50 - [MESSAGE][INFO] - Smart Wait Function is triggered

2023-11-24 14:55:50 - [MESSAGE][INFO] - Smart Wait Function is triggered

2023-11-24 14:55:50 - [MESSAGE][INFO] - Smart Wait Function is triggered

2023-11-24 14:55:50 - [MESSAGE][INFO] - Smart Wait Function is triggered

2023-11-24 14:55:50 - [MESSAGE][INFO] - Smart Wait Function is triggered

2023-11-24 14:55:50 - [MESSAGE][INFO] - Smart Wait Function is triggered

2023-11-24 14:55:50 - [MESSAGE][INFO] - Smart Wait Function is triggered

2023-11-24 14:55:50 - [MESSAGE][INFO] - Smart Wait Function is triggered

2023-11-24 14:55:50 - [MESSAGE][INFO] - Smart Wait Function is triggered

2023-11-24 14:55:50 - [MESSAGE][INFO] - Smart Wait Function is triggered

2023-11-24 14:55:50 - [MESSAGE][INFO] - Smart Wait Function is triggered

2023-11-24 14:55:50 - [MESSAGE][INFO] - Smart Wait Function is triggered

2023-11-24 14:55:50 - [MESSAGE][INFO] - Smart Wait Function is triggered

2023-11-24 14:55:50 - [MESSAGE][INFO] - Smart Wait Function is triggered

2023-11-24 14:55:50 - [MESSAGE][INFO] - Smart Wait Function is triggered

2023-11-24 14:55:50 - [MESSAGE][INFO] - Smart Wait Function is triggered

2023-11-24 14:55:50 - [MESSAGE][INFO] - Smart Wait Function is triggered

2023-11-24 14:55:50 - [MESSAGE][INFO] - Smart Wait Function is triggered

2023-11-24 14:55:50 - [MESSAGE][INFO] - Smart Wait Function is triggered

2023-11-24 14:55:50 - [MESSAGE][INFO] - Smart Wait Function is triggered

2023-11-24 14:55:50 - [MESSAGE][INFO] - Unable to find the element located by 'By.xpath: /html/body/app-root/div/app-portal/main/app-theme-v2/div/app-triage/div/div/div/form/div[2]/div/p-message/div/span[2]'. Please recheck the objects properties to make sure the desired element is located. 

2023-11-24 14:55:51 - [MESSAGE][WARNING] - com.kms.katalon.core.webui.exception.WebElementNotFoundException: Web element with id: 'Object Repository/Page_Accueil_Usager/Verif_PopUpTropTotPourDemanderLeRenouvellementDeVotreTitre' located by '/html/body/app-root/div/app-portal/main/app-theme-v2/div/app-triage/div/div/div/form/div[2]/div/p-message/div/span[2]' not found (Root cause: com.kms.katalon.core.exception.StepFailedException: com.kms.katalon.core.webui.exception.WebElementNotFoundException: Web element with id: 'Object Repository/Page_Accueil_Usager/Verif_PopUpTropTotPourDemanderLeRenouvellementDeVotreTitre' located by '/html/body/app-root/div/app-portal/main/app-theme-v2/div/app-triage/div/div/div/form/div[2]/div/p-message/div/span[2]' not found
	at com.kms.katalon.core.webui.keyword.internal.WebUIKeywordMain.stepFailed(WebUIKeywordMain.groovy:64)
	at com.kms.katalon.core.webui.keyword.builtin.VerifyElementPresentKeyword$_verifyElementPresent_closure1.doCall(VerifyElementPresentKeyword.groovy:85)
	at com.kms.katalon.core.webui.keyword.builtin.VerifyElementPresentKeyword$_verifyElementPresent_closure1.call(VerifyElementPresentKeyword.groovy)
	at com.kms.katalon.core.webui.keyword.internal.WebUIKeywordMain.runKeyword(WebUIKeywordMain.groovy:20)
	at com.kms.katalon.core.webui.keyword.builtin.VerifyElementPresentKeyword.verifyElementPresent(VerifyElementPresentKeyword.groovy:92)
	at com.kms.katalon.core.webui.keyword.builtin.VerifyElementPresentKeyword.execute(VerifyElementPresentKeyword.groovy:68)
	at com.kms.katalon.core.keyword.internal.KeywordExecutor.executeKeywordForPlatform(KeywordExecutor.groovy:74)
	at com.kms.katalon.core.webui.keyword.WebUiBuiltInKeywords.verifyElementPresent(WebUiBuiltInKeywords.groovy:1448)
	at com.kazurayam.ksbackyard.HighlightElement$_pandemic_closure1.doCall(HighlightElement.groovy:105)
	at FormulaireTypeDeTitreDeSejour.run(FormulaireTypeDeTitreDeSejour:305)
	at com.kms.katalon.core.main.ScriptEngine.run(ScriptEngine.java:194)
	at com.kms.katalon.core.main.ScriptEngine.runScriptAsRawText(ScriptEngine.java:119)
	at com.kms.katalon.core.main.TestCaseExecutor.runScript(TestCaseExecutor.java:448)
	at com.kms.katalon.core.main.TestCaseExecutor.doExecute(TestCaseExecutor.java:439)
	at com.kms.katalon.core.main.TestCaseExecutor.processExecutionPhase(TestCaseExecutor.java:418)
	at com.kms.katalon.core.main.TestCaseExecutor.accessMainPhase(TestCaseExecutor.java:410)
	at com.kms.katalon.core.main.TestCaseExecutor.execute(TestCaseExecutor.java:285)
	at com.kms.katalon.core.main.TestCaseMain.runTestCase(TestCaseMain.java:144)
	at com.kms.katalon.core.keyword.builtin.CallTestCaseKeyword$_callTestCase_closure1.doCall(CallTestCaseKeyword.groovy:59)
	at com.kms.katalon.core.keyword.builtin.CallTestCaseKeyword$_callTestCase_closure1.call(CallTestCaseKeyword.groovy)
	at com.kms.katalon.core.keyword.internal.KeywordMain.runKeyword(KeywordMain.groovy:75)
	at com.kms.katalon.core.keyword.builtin.CallTestCaseKeyword.callTestCase(CallTestCaseKeyword.groovy:81)
	at com.kms.katalon.core.keyword.builtin.CallTestCaseKeyword.execute(CallTestCaseKeyword.groovy:44)
	at com.kms.katalon.core.keyword.internal.KeywordExecutor.executeKeywordForPlatform(KeywordExecutor.groovy:74)
	at com.kms.katalon.core.keyword.BuiltinKeywords.callTestCase(BuiltinKeywords.groovy:310)
	at com.kazurayam.ksbackyard.HighlightElement$_pandemic_closure1.doCall(HighlightElement.groovy:105)
	at TNR R.TSPT Supp90-Etudiant.run(TNR R.TSPT Supp90-Etudiant:43)
	at com.kms.katalon.core.main.ScriptEngine.run(ScriptEngine.java:194)
	at com.kms.katalon.core.main.ScriptEngine.runScriptAsRawText(ScriptEngine.java:119)
	at com.kms.katalon.core.main.TestCaseExecutor.runScript(TestCaseExecutor.java:448)
	at com.kms.katalon.core.main.TestCaseExecutor.doExecute(TestCaseExecutor.java:439)
	at com.kms.katalon.core.main.TestCaseExecutor.processExecutionPhase(TestCaseExecutor.java:418)
	at com.kms.katalon.core.main.TestCaseExecutor.accessMainPhase(TestCaseExecutor.java:410)
	at com.kms.katalon.core.main.TestCaseExecutor.execute(TestCaseExecutor.java:285)
	at com.kms.katalon.core.common.CommonExecutor.accessTestCaseMainPhase(CommonExecutor.java:65)
	at com.kms.katalon.core.main.TestSuiteExecutor.accessTestSuiteMainPhase(TestSuiteExecutor.java:148)
	at com.kms.katalon.core.main.TestSuiteExecutor.execute(TestSuiteExecutor.java:106)
	at com.kms.katalon.core.main.TestCaseMain.startTestSuite(TestCaseMain.java:187)
	at com.kms.katalon.core.main.TestCaseMain$startTestSuite$0.call(Unknown Source)
	at TempTestSuite1700834005381.run(TempTestSuite1700834005381.groovy:36)
)
[[ATTACHMENT|C:\\Users\\ISSAM.RHARBAOUI\\git\\22_11\\ANEF-AutomatizationProject\\Reports\\20231124_145325\\TS_TNR_R.TSPT_Suppo90\\20231124_145325\\1700834150833.png]]

2023-11-24 14:55:51 - [TEST_STEP][PASSED] - if (MsgAlertPresent): null

2023-11-24 14:55:51 - [TEST_STEP][PASSED] - else:  C'est le bon Moment pour demander le renouvellement de votre titre.

2023-11-24 14:55:51 - [TEST_STEP][PASSED] - markPassed(" C'est le bon Moment pour demander le renouvellement de votre titre."):  C'est le bon Moment pour demander le renouvellement de votre titre.

2023-11-24 14:55:51 - [MESSAGE][PASSED] -  C'est le bon Moment pour demander le renouvellement de votre titre.

2023-11-24 14:55:51 - [MESSAGE][PASSED] - Call Test Case 'Test Cases/Test Reutilisable/DemandeOuRenouvelle_TitreSejour/FormulaireTypeDeTitreDeSejour' successfully

2023-11-24 14:55:51 - [TEST_STEP][PASSED] - callTestCase(findTestCase("Test Reutilisable/DemandeOuRenouvelle_TitreSejour/FormulaireInformationsPersonnelles"), ["AdresseUsager":AdresseUsager, "NumeroTelephoneUsager":NumeroTelephoneUsager], STOP_ON_FAILURE): Call Test Case 'Test Cases/Test Reutilisable/DemandeOuRenouvelle_TitreSejour/FormulaireInformationsPersonnelles' successfully

2023-11-24 14:55:51 - [MESSAGE][INFO] - Checking called Test Case

2023-11-24 14:55:51 - [MESSAGE][INFO] - Starting to call Test Case 'Test Cases/Test Reutilisable/DemandeOuRenouvelle_TitreSejour/FormulaireInformationsPersonnelles'

2023-11-24 14:55:51 - [TEST_CASE][PASSED] - Test Cases/Test Reutilisable/DemandeOuRenouvelle_TitreSejour/FormulaireInformationsPersonnelles: Test Cases/Test Reutilisable/DemandeOuRenouvelle_TitreSejour/FormulaireInformationsPersonnelles

2023-11-24 14:55:53 - [TEST_STEP][PASSED] - com.kazurayam.ksbackyard.HighlightElement.pandemic(): com.kazurayam.ksbackyard.HighlightElement.pandemic is PASSED

2023-11-24 14:55:53 - [MESSAGE][PASSED] - com.kazurayam.ksbackyard.HighlightElement.pandemic is PASSED

2023-11-24 14:55:53 - [TEST_STEP][PASSED] - if (verifyElementPresent(findTestObject("Object Repository/Page_InformationPersonnelles_Usager/CheckBox_liensPersonnelsFamiliaux_1_Non"), 1, OPTIONAL)): null

2023-11-24 14:55:53 - [MESSAGE][INFO] - Finding Test Object 'Object Repository/Page_InformationPersonnelles_Usager/CheckBox_liensPersonnelsFamiliaux_1_Non'

2023-11-24 14:55:53 - [MESSAGE][INFO] - Checking object

2023-11-24 14:55:53 - [MESSAGE][INFO] - Finding web element from Test Object's properties

2023-11-24 14:55:53 - [MESSAGE][INFO] - Checking timeout

2023-11-24 14:55:53 - [MESSAGE][INFO] - Finding web element with id: 'Object Repository/Page_InformationPersonnelles_Usager/CheckBox_liensPersonnelsFamiliaux_1_Non' located by 'By.xpath: //*[@id="ui-accordiontab-1-content"]/div/div/div[1]/div/anef-input-radio/div/div/fieldset/div/div[2]/p-radiobutton/div/div[2]/span|//*[@id="ui-accordiontab-9-content"]/div/app-has-enfants-charge/div/div/anef-input-radio/div/div/fieldset/div/div[2]/p-radiobutton/div/div[2]/span' in '1' second(s)

2023-11-24 14:55:53 - [MESSAGE][INFO] - Smart Wait Function is triggered

2023-11-24 14:55:53 - [MESSAGE][INFO] - Found 1 web elements with id: 'Object Repository/Page_InformationPersonnelles_Usager/CheckBox_liensPersonnelsFamiliaux_1_Non' located by 'By.xpath: //*[@id="ui-accordiontab-1-content"]/div/div/div[1]/div/anef-input-radio/div/div/fieldset/div/div[2]/p-radiobutton/div/div[2]/span|//*[@id="ui-accordiontab-9-content"]/div/app-has-enfants-charge/div/div/anef-input-radio/div/div/fieldset/div/div[2]/p-radiobutton/div/div[2]/span' in '1' second(s)

2023-11-24 14:55:53 - [MESSAGE][PASSED] - Object 'Object Repository/Page_InformationPersonnelles_Usager/CheckBox_liensPersonnelsFamiliaux_1_Non' is present

2023-11-24 14:55:53 - [TEST_STEP][PASSED] - check(findTestObject("Object Repository/Page_InformationPersonnelles_Usager/CheckBox_liensPersonnelsFamiliaux_1_Non"), OPTIONAL): Object 'Object Repository/Page_InformationPersonnelles_Usager/CheckBox_liensPersonnelsFamiliaux_1_Non' is checked

2023-11-24 14:55:53 - [MESSAGE][INFO] - Finding Test Object 'Object Repository/Page_InformationPersonnelles_Usager/CheckBox_liensPersonnelsFamiliaux_1_Non'

2023-11-24 14:55:54 - [MESSAGE][INFO] - Checking object

2023-11-24 14:55:54 - [MESSAGE][INFO] - Finding web element from Test Object's properties

2023-11-24 14:55:54 - [MESSAGE][INFO] - Checking timeout

2023-11-24 14:55:54 - [MESSAGE][INFO] - Finding web element with id: 'Object Repository/Page_InformationPersonnelles_Usager/CheckBox_liensPersonnelsFamiliaux_1_Non' located by 'By.xpath: //*[@id="ui-accordiontab-1-content"]/div/div/div[1]/div/anef-input-radio/div/div/fieldset/div/div[2]/p-radiobutton/div/div[2]/span|//*[@id="ui-accordiontab-9-content"]/div/app-has-enfants-charge/div/div/anef-input-radio/div/div/fieldset/div/div[2]/p-radiobutton/div/div[2]/span' in '5' second(s)

2023-11-24 14:55:54 - [MESSAGE][INFO] - Smart Wait Function is triggered

2023-11-24 14:55:54 - [MESSAGE][INFO] - Found 1 web elements with id: 'Object Repository/Page_InformationPersonnelles_Usager/CheckBox_liensPersonnelsFamiliaux_1_Non' located by 'By.xpath: //*[@id="ui-accordiontab-1-content"]/div/div/div[1]/div/anef-input-radio/div/div/fieldset/div/div[2]/p-radiobutton/div/div[2]/span|//*[@id="ui-accordiontab-9-content"]/div/app-has-enfants-charge/div/div/anef-input-radio/div/div/fieldset/div/div[2]/p-radiobutton/div/div[2]/span' in '5' second(s)

2023-11-24 14:55:54 - [MESSAGE][INFO] - Checking on bject 'Object Repository/Page_InformationPersonnelles_Usager/CheckBox_liensPersonnelsFamiliaux_1_Non'

2023-11-24 14:55:56 - [MESSAGE][PASSED] - Object 'Object Repository/Page_InformationPersonnelles_Usager/CheckBox_liensPersonnelsFamiliaux_1_Non' is checked

2023-11-24 14:55:56 - [TEST_STEP][PASSED] - delay(2): Delayed 2 second(s)

2023-11-24 14:55:56 - [MESSAGE][INFO] - Delaying browser in 2 second(s)

2023-11-24 14:55:58 - [MESSAGE][PASSED] - Delayed 2 second(s)

2023-11-24 14:55:58 - [TEST_STEP][PASSED] - if (verifyElementPresent(findTestObject("Object Repository/Page_InformationPersonnelles_Usager/CheckBox_liensPersonnelsFamiliaux_2_Non"), 1, OPTIONAL)): com.kms.katalon.core.webui.exception.WebElementNotFoundException: Web element with id: 'Object Repository/Page_InformationPersonnelles_Usager/CheckBox_liensPersonnelsFamiliaux_2_Non' located by '//*[@id="ui-accordiontab-1-content"]/div/div/div[2]/div/anef-input-radio/div/div/fieldset/div/div[2]/p-radiobutton/div/div[2]' not found (Root cause: com.kms.katalon.core.exception.StepFailedException: com.kms.katalon.core.webui.exception.WebElementNotFoundException: Web element with id: 'Object Repository/Page_InformationPersonnelles_Usager/CheckBox_liensPersonnelsFamiliaux_2_Non' located by '//*[@id="ui-accordiontab-1-content"]/div/div/div[2]/div/anef-input-radio/div/div/fieldset/div/div[2]/p-radiobutton/div/div[2]' not found
	at com.kms.katalon.core.webui.keyword.internal.WebUIKeywordMain.stepFailed(WebUIKeywordMain.groovy:64)
	at com.kms.katalon.core.webui.keyword.builtin.VerifyElementPresentKeyword$_verifyElementPresent_closure1.doCall(VerifyElementPresentKeyword.groovy:85)
	at com.kms.katalon.core.webui.keyword.builtin.VerifyElementPresentKeyword$_verifyElementPresent_closure1.call(VerifyElementPresentKeyword.groovy)
	at com.kms.katalon.core.webui.keyword.internal.WebUIKeywordMain.runKeyword(WebUIKeywordMain.groovy:20)
	at com.kms.katalon.core.webui.keyword.builtin.VerifyElementPresentKeyword.verifyElementPresent(VerifyElementPresentKeyword.groovy:92)
	at com.kms.katalon.core.webui.keyword.builtin.VerifyElementPresentKeyword.execute(VerifyElementPresentKeyword.groovy:68)
	at com.kms.katalon.core.keyword.internal.KeywordExecutor.executeKeywordForPlatform(KeywordExecutor.groovy:74)
	at com.kms.katalon.core.webui.keyword.WebUiBuiltInKeywords.verifyElementPresent(WebUiBuiltInKeywords.groovy:1448)
	at com.kazurayam.ksbackyard.HighlightElement$_pandemic_closure1.doCall(HighlightElement.groovy:105)
	at FormulaireInformationsPersonnelles.run(FormulaireInformationsPersonnelles:33)
	at com.kms.katalon.core.main.ScriptEngine.run(ScriptEngine.java:194)
	at com.kms.katalon.core.main.ScriptEngine.runScriptAsRawText(ScriptEngine.java:119)
	at com.kms.katalon.core.main.TestCaseExecutor.runScript(TestCaseExecutor.java:448)
	at com.kms.katalon.core.main.TestCaseExecutor.doExecute(TestCaseExecutor.java:439)
	at com.kms.katalon.core.main.TestCaseExecutor.processExecutionPhase(TestCaseExecutor.java:418)
	at com.kms.katalon.core.main.TestCaseExecutor.accessMainPhase(TestCaseExecutor.java:410)
	at com.kms.katalon.core.main.TestCaseExecutor.execute(TestCaseExecutor.java:285)
	at com.kms.katalon.core.main.TestCaseMain.runTestCase(TestCaseMain.java:144)
	at com.kms.katalon.core.keyword.builtin.CallTestCaseKeyword$_callTestCase_closure1.doCall(CallTestCaseKeyword.groovy:59)
	at com.kms.katalon.core.keyword.builtin.CallTestCaseKeyword$_callTestCase_closure1.call(CallTestCaseKeyword.groovy)
	at com.kms.katalon.core.keyword.internal.KeywordMain.runKeyword(KeywordMain.groovy:75)
	at com.kms.katalon.core.keyword.builtin.CallTestCaseKeyword.callTestCase(CallTestCaseKeyword.groovy:81)
	at com.kms.katalon.core.keyword.builtin.CallTestCaseKeyword.execute(CallTestCaseKeyword.groovy:44)
	at com.kms.katalon.core.keyword.internal.KeywordExecutor.executeKeywordForPlatform(KeywordExecutor.groovy:74)
	at com.kms.katalon.core.keyword.BuiltinKeywords.callTestCase(BuiltinKeywords.groovy:310)
	at com.kazurayam.ksbackyard.HighlightElement$_pandemic_closure1.doCall(HighlightElement.groovy:105)
	at TNR R.TSPT Supp90-Etudiant.run(TNR R.TSPT Supp90-Etudiant:47)
	at com.kms.katalon.core.main.ScriptEngine.run(ScriptEngine.java:194)
	at com.kms.katalon.core.main.ScriptEngine.runScriptAsRawText(ScriptEngine.java:119)
	at com.kms.katalon.core.main.TestCaseExecutor.runScript(TestCaseExecutor.java:448)
	at com.kms.katalon.core.main.TestCaseExecutor.doExecute(TestCaseExecutor.java:439)
	at com.kms.katalon.core.main.TestCaseExecutor.processExecutionPhase(TestCaseExecutor.java:418)
	at com.kms.katalon.core.main.TestCaseExecutor.accessMainPhase(TestCaseExecutor.java:410)
	at com.kms.katalon.core.main.TestCaseExecutor.execute(TestCaseExecutor.java:285)
	at com.kms.katalon.core.common.CommonExecutor.accessTestCaseMainPhase(CommonExecutor.java:65)
	at com.kms.katalon.core.main.TestSuiteExecutor.accessTestSuiteMainPhase(TestSuiteExecutor.java:148)
	at com.kms.katalon.core.main.TestSuiteExecutor.execute(TestSuiteExecutor.java:106)
	at com.kms.katalon.core.main.TestCaseMain.startTestSuite(TestCaseMain.java:187)
	at com.kms.katalon.core.main.TestCaseMain$startTestSuite$0.call(Unknown Source)
	at TempTestSuite1700834005381.run(TempTestSuite1700834005381.groovy:36)
)

2023-11-24 14:55:58 - [MESSAGE][INFO] - Finding Test Object 'Object Repository/Page_InformationPersonnelles_Usager/CheckBox_liensPersonnelsFamiliaux_2_Non'

2023-11-24 14:55:58 - [MESSAGE][INFO] - Checking object

2023-11-24 14:55:58 - [MESSAGE][INFO] - Finding web element from Test Object's properties

2023-11-24 14:55:58 - [MESSAGE][INFO] - Checking timeout

2023-11-24 14:55:58 - [MESSAGE][INFO] - Finding web element with id: 'Object Repository/Page_InformationPersonnelles_Usager/CheckBox_liensPersonnelsFamiliaux_2_Non' located by 'By.xpath: //*[@id="ui-accordiontab-1-content"]/div/div/div[2]/div/anef-input-radio/div/div/fieldset/div/div[2]/p-radiobutton/div/div[2]' in '1' second(s)

2023-11-24 14:55:58 - [MESSAGE][INFO] - Smart Wait Function is triggered

2023-11-24 14:55:58 - [MESSAGE][INFO] - Smart Wait Function is triggered

2023-11-24 14:55:58 - [MESSAGE][INFO] - Smart Wait Function is triggered

2023-11-24 14:55:58 - [MESSAGE][INFO] - Smart Wait Function is triggered

2023-11-24 14:55:58 - [MESSAGE][INFO] - Smart Wait Function is triggered

2023-11-24 14:55:58 - [MESSAGE][INFO] - Smart Wait Function is triggered

2023-11-24 14:55:58 - [MESSAGE][INFO] - Smart Wait Function is triggered

2023-11-24 14:55:58 - [MESSAGE][INFO] - Smart Wait Function is triggered

2023-11-24 14:55:58 - [MESSAGE][INFO] - Smart Wait Function is triggered

2023-11-24 14:55:58 - [MESSAGE][INFO] - Smart Wait Function is triggered

2023-11-24 14:55:58 - [MESSAGE][INFO] - Smart Wait Function is triggered

2023-11-24 14:55:58 - [MESSAGE][INFO] - Smart Wait Function is triggered

2023-11-24 14:55:58 - [MESSAGE][INFO] - Smart Wait Function is triggered

2023-11-24 14:55:58 - [MESSAGE][INFO] - Smart Wait Function is triggered

2023-11-24 14:55:58 - [MESSAGE][INFO] - Smart Wait Function is triggered

2023-11-24 14:55:58 - [MESSAGE][INFO] - Smart Wait Function is triggered

2023-11-24 14:55:58 - [MESSAGE][INFO] - Smart Wait Function is triggered

2023-11-24 14:55:58 - [MESSAGE][INFO] - Smart Wait Function is triggered

2023-11-24 14:55:58 - [MESSAGE][INFO] - Smart Wait Function is triggered

2023-11-24 14:55:58 - [MESSAGE][INFO] - Smart Wait Function is triggered

2023-11-24 14:55:58 - [MESSAGE][INFO] - Smart Wait Function is triggered

2023-11-24 14:55:58 - [MESSAGE][INFO] - Smart Wait Function is triggered

2023-11-24 14:55:58 - [MESSAGE][INFO] - Smart Wait Function is triggered

2023-11-24 14:55:58 - [MESSAGE][INFO] - Smart Wait Function is triggered

2023-11-24 14:55:58 - [MESSAGE][INFO] - Smart Wait Function is triggered

2023-11-24 14:55:58 - [MESSAGE][INFO] - Smart Wait Function is triggered

2023-11-24 14:55:58 - [MESSAGE][INFO] - Smart Wait Function is triggered

2023-11-24 14:55:58 - [MESSAGE][INFO] - Smart Wait Function is triggered

2023-11-24 14:55:58 - [MESSAGE][INFO] - Smart Wait Function is triggered

2023-11-24 14:55:58 - [MESSAGE][INFO] - Smart Wait Function is triggered

2023-11-24 14:55:58 - [MESSAGE][INFO] - Smart Wait Function is triggered

2023-11-24 14:55:58 - [MESSAGE][INFO] - Smart Wait Function is triggered

2023-11-24 14:55:58 - [MESSAGE][INFO] - Smart Wait Function is triggered

2023-11-24 14:55:58 - [MESSAGE][INFO] - Smart Wait Function is triggered

2023-11-24 14:55:58 - [MESSAGE][INFO] - Smart Wait Function is triggered

2023-11-24 14:55:58 - [MESSAGE][INFO] - Smart Wait Function is triggered

2023-11-24 14:55:58 - [MESSAGE][INFO] - Smart Wait Function is triggered

2023-11-24 14:55:58 - [MESSAGE][INFO] - Smart Wait Function is triggered

2023-11-24 14:55:58 - [MESSAGE][INFO] - Smart Wait Function is triggered

2023-11-24 14:55:58 - [MESSAGE][INFO] - Smart Wait Function is triggered

2023-11-24 14:55:59 - [MESSAGE][INFO] - Smart Wait Function is triggered

2023-11-24 14:55:59 - [MESSAGE][INFO] - Smart Wait Function is triggered

2023-11-24 14:55:59 - [MESSAGE][INFO] - Smart Wait Function is triggered

2023-11-24 14:55:59 - [MESSAGE][INFO] - Smart Wait Function is triggered

2023-11-24 14:55:59 - [MESSAGE][INFO] - Smart Wait Function is triggered

2023-11-24 14:55:59 - [MESSAGE][INFO] - Smart Wait Function is triggered

2023-11-24 14:55:59 - [MESSAGE][INFO] - Smart Wait Function is triggered

2023-11-24 14:55:59 - [MESSAGE][INFO] - Smart Wait Function is triggered

2023-11-24 14:55:59 - [MESSAGE][INFO] - Smart Wait Function is triggered

2023-11-24 14:55:59 - [MESSAGE][INFO] - Smart Wait Function is triggered

2023-11-24 14:55:59 - [MESSAGE][INFO] - Smart Wait Function is triggered

2023-11-24 14:55:59 - [MESSAGE][INFO] - Smart Wait Function is triggered

2023-11-24 14:55:59 - [MESSAGE][INFO] - Smart Wait Function is triggered

2023-11-24 14:55:59 - [MESSAGE][INFO] - Smart Wait Function is triggered

2023-11-24 14:55:59 - [MESSAGE][INFO] - Smart Wait Function is triggered

2023-11-24 14:55:59 - [MESSAGE][INFO] - Smart Wait Function is triggered

2023-11-24 14:55:59 - [MESSAGE][INFO] - Smart Wait Function is triggered

2023-11-24 14:55:59 - [MESSAGE][INFO] - Smart Wait Function is triggered

2023-11-24 14:55:59 - [MESSAGE][INFO] - Smart Wait Function is triggered

2023-11-24 14:55:59 - [MESSAGE][INFO] - Smart Wait Function is triggered

2023-11-24 14:55:59 - [MESSAGE][INFO] - Smart Wait Function is triggered

2023-11-24 14:55:59 - [MESSAGE][INFO] - Smart Wait Function is triggered

2023-11-24 14:55:59 - [MESSAGE][INFO] - Smart Wait Function is triggered

2023-11-24 14:55:59 - [MESSAGE][INFO] - Smart Wait Function is triggered

2023-11-24 14:55:59 - [MESSAGE][INFO] - Smart Wait Function is triggered

2023-11-24 14:55:59 - [MESSAGE][INFO] - Smart Wait Function is triggered

2023-11-24 14:55:59 - [MESSAGE][INFO] - Smart Wait Function is triggered

2023-11-24 14:55:59 - [MESSAGE][INFO] - Smart Wait Function is triggered

2023-11-24 14:55:59 - [MESSAGE][INFO] - Smart Wait Function is triggered

2023-11-24 14:55:59 - [MESSAGE][INFO] - Smart Wait Function is triggered

2023-11-24 14:55:59 - [MESSAGE][INFO] - Smart Wait Function is triggered

2023-11-24 14:55:59 - [MESSAGE][INFO] - Smart Wait Function is triggered

2023-11-24 14:55:59 - [MESSAGE][INFO] - Smart Wait Function is triggered

2023-11-24 14:55:59 - [MESSAGE][INFO] - Smart Wait Function is triggered

2023-11-24 14:55:59 - [MESSAGE][INFO] - Smart Wait Function is triggered

2023-11-24 14:55:59 - [MESSAGE][INFO] - Smart Wait Function is triggered

2023-11-24 14:55:59 - [MESSAGE][INFO] - Smart Wait Function is triggered

2023-11-24 14:55:59 - [MESSAGE][INFO] - Smart Wait Function is triggered

2023-11-24 14:55:59 - [MESSAGE][INFO] - Smart Wait Function is triggered

2023-11-24 14:55:59 - [MESSAGE][INFO] - Smart Wait Function is triggered

2023-11-24 14:55:59 - [MESSAGE][INFO] - Smart Wait Function is triggered

2023-11-24 14:56:00 - [MESSAGE][INFO] - Smart Wait Function is triggered

2023-11-24 14:56:00 - [MESSAGE][INFO] - Smart Wait Function is triggered

2023-11-24 14:56:00 - [MESSAGE][INFO] - Smart Wait Function is triggered

2023-11-24 14:56:00 - [MESSAGE][INFO] - Smart Wait Function is triggered

2023-11-24 14:56:00 - [MESSAGE][INFO] - Smart Wait Function is triggered

2023-11-24 14:56:00 - [MESSAGE][INFO] - Smart Wait Function is triggered

2023-11-24 14:56:00 - [MESSAGE][INFO] - Smart Wait Function is triggered

2023-11-24 14:56:00 - [MESSAGE][INFO] - Smart Wait Function is triggered

2023-11-24 14:56:00 - [MESSAGE][INFO] - Smart Wait Function is triggered

2023-11-24 14:56:00 - [MESSAGE][INFO] - Smart Wait Function is triggered

2023-11-24 14:56:00 - [MESSAGE][INFO] - Smart Wait Function is triggered

2023-11-24 14:56:00 - [MESSAGE][INFO] - Smart Wait Function is triggered

2023-11-24 14:56:00 - [MESSAGE][INFO] - Unable to find the element located by 'By.xpath: //*[@id="ui-accordiontab-1-content"]/div/div/div[2]/div/anef-input-radio/div/div/fieldset/div/div[2]/p-radiobutton/div/div[2]'. Please recheck the objects properties to make sure the desired element is located. 

2023-11-24 14:56:00 - [MESSAGE][WARNING] - com.kms.katalon.core.webui.exception.WebElementNotFoundException: Web element with id: 'Object Repository/Page_InformationPersonnelles_Usager/CheckBox_liensPersonnelsFamiliaux_2_Non' located by '//*[@id="ui-accordiontab-1-content"]/div/div/div[2]/div/anef-input-radio/div/div/fieldset/div/div[2]/p-radiobutton/div/div[2]' not found (Root cause: com.kms.katalon.core.exception.StepFailedException: com.kms.katalon.core.webui.exception.WebElementNotFoundException: Web element with id: 'Object Repository/Page_InformationPersonnelles_Usager/CheckBox_liensPersonnelsFamiliaux_2_Non' located by '//*[@id="ui-accordiontab-1-content"]/div/div/div[2]/div/anef-input-radio/div/div/fieldset/div/div[2]/p-radiobutton/div/div[2]' not found
	at com.kms.katalon.core.webui.keyword.internal.WebUIKeywordMain.stepFailed(WebUIKeywordMain.groovy:64)
	at com.kms.katalon.core.webui.keyword.builtin.VerifyElementPresentKeyword$_verifyElementPresent_closure1.doCall(VerifyElementPresentKeyword.groovy:85)
	at com.kms.katalon.core.webui.keyword.builtin.VerifyElementPresentKeyword$_verifyElementPresent_closure1.call(VerifyElementPresentKeyword.groovy)
	at com.kms.katalon.core.webui.keyword.internal.WebUIKeywordMain.runKeyword(WebUIKeywordMain.groovy:20)
	at com.kms.katalon.core.webui.keyword.builtin.VerifyElementPresentKeyword.verifyElementPresent(VerifyElementPresentKeyword.groovy:92)
	at com.kms.katalon.core.webui.keyword.builtin.VerifyElementPresentKeyword.execute(VerifyElementPresentKeyword.groovy:68)
	at com.kms.katalon.core.keyword.internal.KeywordExecutor.executeKeywordForPlatform(KeywordExecutor.groovy:74)
	at com.kms.katalon.core.webui.keyword.WebUiBuiltInKeywords.verifyElementPresent(WebUiBuiltInKeywords.groovy:1448)
	at com.kazurayam.ksbackyard.HighlightElement$_pandemic_closure1.doCall(HighlightElement.groovy:105)
	at FormulaireInformationsPersonnelles.run(FormulaireInformationsPersonnelles:33)
	at com.kms.katalon.core.main.ScriptEngine.run(ScriptEngine.java:194)
	at com.kms.katalon.core.main.ScriptEngine.runScriptAsRawText(ScriptEngine.java:119)
	at com.kms.katalon.core.main.TestCaseExecutor.runScript(TestCaseExecutor.java:448)
	at com.kms.katalon.core.main.TestCaseExecutor.doExecute(TestCaseExecutor.java:439)
	at com.kms.katalon.core.main.TestCaseExecutor.processExecutionPhase(TestCaseExecutor.java:418)
	at com.kms.katalon.core.main.TestCaseExecutor.accessMainPhase(TestCaseExecutor.java:410)
	at com.kms.katalon.core.main.TestCaseExecutor.execute(TestCaseExecutor.java:285)
	at com.kms.katalon.core.main.TestCaseMain.runTestCase(TestCaseMain.java:144)
	at com.kms.katalon.core.keyword.builtin.CallTestCaseKeyword$_callTestCase_closure1.doCall(CallTestCaseKeyword.groovy:59)
	at com.kms.katalon.core.keyword.builtin.CallTestCaseKeyword$_callTestCase_closure1.call(CallTestCaseKeyword.groovy)
	at com.kms.katalon.core.keyword.internal.KeywordMain.runKeyword(KeywordMain.groovy:75)
	at com.kms.katalon.core.keyword.builtin.CallTestCaseKeyword.callTestCase(CallTestCaseKeyword.groovy:81)
	at com.kms.katalon.core.keyword.builtin.CallTestCaseKeyword.execute(CallTestCaseKeyword.groovy:44)
	at com.kms.katalon.core.keyword.internal.KeywordExecutor.executeKeywordForPlatform(KeywordExecutor.groovy:74)
	at com.kms.katalon.core.keyword.BuiltinKeywords.callTestCase(BuiltinKeywords.groovy:310)
	at com.kazurayam.ksbackyard.HighlightElement$_pandemic_closure1.doCall(HighlightElement.groovy:105)
	at TNR R.TSPT Supp90-Etudiant.run(TNR R.TSPT Supp90-Etudiant:47)
	at com.kms.katalon.core.main.ScriptEngine.run(ScriptEngine.java:194)
	at com.kms.katalon.core.main.ScriptEngine.runScriptAsRawText(ScriptEngine.java:119)
	at com.kms.katalon.core.main.TestCaseExecutor.runScript(TestCaseExecutor.java:448)
	at com.kms.katalon.core.main.TestCaseExecutor.doExecute(TestCaseExecutor.java:439)
	at com.kms.katalon.core.main.TestCaseExecutor.processExecutionPhase(TestCaseExecutor.java:418)
	at com.kms.katalon.core.main.TestCaseExecutor.accessMainPhase(TestCaseExecutor.java:410)
	at com.kms.katalon.core.main.TestCaseExecutor.execute(TestCaseExecutor.java:285)
	at com.kms.katalon.core.common.CommonExecutor.accessTestCaseMainPhase(CommonExecutor.java:65)
	at com.kms.katalon.core.main.TestSuiteExecutor.accessTestSuiteMainPhase(TestSuiteExecutor.java:148)
	at com.kms.katalon.core.main.TestSuiteExecutor.execute(TestSuiteExecutor.java:106)
	at com.kms.katalon.core.main.TestCaseMain.startTestSuite(TestCaseMain.java:187)
	at com.kms.katalon.core.main.TestCaseMain$startTestSuite$0.call(Unknown Source)
	at TempTestSuite1700834005381.run(TempTestSuite1700834005381.groovy:36)
)
[[ATTACHMENT|C:\\Users\\ISSAM.RHARBAOUI\\git\\22_11\\ANEF-AutomatizationProject\\Reports\\20231124_145325\\TS_TNR_R.TSPT_Suppo90\\20231124_145325\\1700834160269.png]]

2023-11-24 14:56:00 - [TEST_STEP][PASSED] - delay(2): Delayed 2 second(s)

2023-11-24 14:56:00 - [MESSAGE][INFO] - Delaying browser in 2 second(s)

2023-11-24 14:56:02 - [MESSAGE][PASSED] - Delayed 2 second(s)

2023-11-24 14:56:02 - [TEST_STEP][PASSED] - if (verifyElementPresent(findTestObject("Object Repository/Page_InformationPersonnelles_Usager/CheckBox_DesEnfantsACharge_Non"), 1, OPTIONAL)): null

2023-11-24 14:56:02 - [MESSAGE][INFO] - Finding Test Object 'Object Repository/Page_InformationPersonnelles_Usager/CheckBox_DesEnfantsACharge_Non'

2023-11-24 14:56:02 - [MESSAGE][INFO] - Checking object

2023-11-24 14:56:02 - [MESSAGE][INFO] - Finding web element from Test Object's properties

2023-11-24 14:56:02 - [MESSAGE][INFO] - Checking timeout

2023-11-24 14:56:02 - [MESSAGE][INFO] - Finding web element with id: 'Object Repository/Page_InformationPersonnelles_Usager/CheckBox_DesEnfantsACharge_Non' located by 'By.xpath: //app-demande-ptsq//app-informations-personnelles-shared//app-has-enfants-charge//div//fieldset/div/div[2]/p-radiobutton/div/div[2]/span|//app-demande-visiteur//app-informations-personnelles-shared//app-has-enfants-charge/div/div/anef-input-radio/div/div/fieldset/div/div[2]/p-radiobutton/div/div[2]/span|//app-demande-ptch//app-informations-personnelles-shared//app-has-enfants-charge/div/div/anef-input-radio/div/div/fieldset/div/div[2]/p-radiobutton/div/div[2]/span|//div/app-has-enfants-charge/div/div/anef-input-radio/div/div/fieldset/div/div[2]/p-radiobutton/div/div[2]/span
' in '1' second(s)

2023-11-24 14:56:02 - [MESSAGE][INFO] - Smart Wait Function is triggered

2023-11-24 14:56:02 - [MESSAGE][INFO] - Found 1 web elements with id: 'Object Repository/Page_InformationPersonnelles_Usager/CheckBox_DesEnfantsACharge_Non' located by 'By.xpath: //app-demande-ptsq//app-informations-personnelles-shared//app-has-enfants-charge//div//fieldset/div/div[2]/p-radiobutton/div/div[2]/span|//app-demande-visiteur//app-informations-personnelles-shared//app-has-enfants-charge/div/div/anef-input-radio/div/div/fieldset/div/div[2]/p-radiobutton/div/div[2]/span|//app-demande-ptch//app-informations-personnelles-shared//app-has-enfants-charge/div/div/anef-input-radio/div/div/fieldset/div/div[2]/p-radiobutton/div/div[2]/span|//div/app-has-enfants-charge/div/div/anef-input-radio/div/div/fieldset/div/div[2]/p-radiobutton/div/div[2]/span
' in '1' second(s)

2023-11-24 14:56:02 - [MESSAGE][PASSED] - Object 'Object Repository/Page_InformationPersonnelles_Usager/CheckBox_DesEnfantsACharge_Non' is present

2023-11-24 14:56:02 - [TEST_STEP][PASSED] - check(findTestObject("Object Repository/Page_InformationPersonnelles_Usager/CheckBox_DesEnfantsACharge_Non"), OPTIONAL): Object 'Object Repository/Page_InformationPersonnelles_Usager/CheckBox_DesEnfantsACharge_Non' is checked

2023-11-24 14:56:02 - [MESSAGE][INFO] - Finding Test Object 'Object Repository/Page_InformationPersonnelles_Usager/CheckBox_DesEnfantsACharge_Non'

2023-11-24 14:56:02 - [MESSAGE][INFO] - Checking object

2023-11-24 14:56:02 - [MESSAGE][INFO] - Finding web element from Test Object's properties

2023-11-24 14:56:02 - [MESSAGE][INFO] - Checking timeout

2023-11-24 14:56:02 - [MESSAGE][INFO] - Finding web element with id: 'Object Repository/Page_InformationPersonnelles_Usager/CheckBox_DesEnfantsACharge_Non' located by 'By.xpath: //app-demande-ptsq//app-informations-personnelles-shared//app-has-enfants-charge//div//fieldset/div/div[2]/p-radiobutton/div/div[2]/span|//app-demande-visiteur//app-informations-personnelles-shared//app-has-enfants-charge/div/div/anef-input-radio/div/div/fieldset/div/div[2]/p-radiobutton/div/div[2]/span|//app-demande-ptch//app-informations-personnelles-shared//app-has-enfants-charge/div/div/anef-input-radio/div/div/fieldset/div/div[2]/p-radiobutton/div/div[2]/span|//div/app-has-enfants-charge/div/div/anef-input-radio/div/div/fieldset/div/div[2]/p-radiobutton/div/div[2]/span
' in '5' second(s)

2023-11-24 14:56:02 - [MESSAGE][INFO] - Smart Wait Function is triggered

2023-11-24 14:56:02 - [MESSAGE][INFO] - Found 1 web elements with id: 'Object Repository/Page_InformationPersonnelles_Usager/CheckBox_DesEnfantsACharge_Non' located by 'By.xpath: //app-demande-ptsq//app-informations-personnelles-shared//app-has-enfants-charge//div//fieldset/div/div[2]/p-radiobutton/div/div[2]/span|//app-demande-visiteur//app-informations-personnelles-shared//app-has-enfants-charge/div/div/anef-input-radio/div/div/fieldset/div/div[2]/p-radiobutton/div/div[2]/span|//app-demande-ptch//app-informations-personnelles-shared//app-has-enfants-charge/div/div/anef-input-radio/div/div/fieldset/div/div[2]/p-radiobutton/div/div[2]/span|//div/app-has-enfants-charge/div/div/anef-input-radio/div/div/fieldset/div/div[2]/p-radiobutton/div/div[2]/span
' in '5' second(s)

2023-11-24 14:56:02 - [MESSAGE][INFO] - Checking on bject 'Object Repository/Page_InformationPersonnelles_Usager/CheckBox_DesEnfantsACharge_Non'

2023-11-24 14:56:04 - [MESSAGE][PASSED] - Object 'Object Repository/Page_InformationPersonnelles_Usager/CheckBox_DesEnfantsACharge_Non' is checked

2023-11-24 14:56:04 - [TEST_STEP][PASSED] - delay(2): Delayed 2 second(s)

2023-11-24 14:56:04 - [MESSAGE][INFO] - Delaying browser in 2 second(s)

2023-11-24 14:56:06 - [MESSAGE][PASSED] - Delayed 2 second(s)

2023-11-24 14:56:06 - [TEST_STEP][PASSED] - setText(findTestObject("Object Repository/Page_InformationPersonnelles_Usager/Input_AdresseUsager"), AdresseUsager): Text '2 rue des 3 moulins 77000 melun' is set on object 'Object Repository/Page_InformationPersonnelles_Usager/Input_AdresseUsager'

2023-11-24 14:56:06 - [MESSAGE][INFO] - Finding Test Object 'Object Repository/Page_InformationPersonnelles_Usager/Input_AdresseUsager'

2023-11-24 14:56:06 - [MESSAGE][INFO] - Checking timeout

2023-11-24 14:56:06 - [MESSAGE][INFO] - Finding web element with id: 'Object Repository/Page_InformationPersonnelles_Usager/Input_AdresseUsager' located by 'By.xpath: //app-informations-personnelles//app-adresse-etalab//app-vls-ts-etalab//div/input|//app-informations-personnelles-shared//app-adresse-etalab//app-vls-ts-etalab//div/input' in '20' second(s)

2023-11-24 14:56:06 - [MESSAGE][INFO] - Smart Wait Function is triggered

2023-11-24 14:56:06 - [MESSAGE][INFO] - Found 1 web elements with id: 'Object Repository/Page_InformationPersonnelles_Usager/Input_AdresseUsager' located by 'By.xpath: //app-informations-personnelles//app-adresse-etalab//app-vls-ts-etalab//div/input|//app-informations-personnelles-shared//app-adresse-etalab//app-vls-ts-etalab//div/input' in '20' second(s)

2023-11-24 14:56:07 - [MESSAGE][INFO] - Checking object

2023-11-24 14:56:07 - [MESSAGE][INFO] - Checking text

2023-11-24 14:56:07 - [MESSAGE][INFO] - Finding web element from Test Object's properties

2023-11-24 14:56:07 - [MESSAGE][INFO] - Checking timeout

2023-11-24 14:56:07 - [MESSAGE][INFO] - Finding web element with id: 'Object Repository/Page_InformationPersonnelles_Usager/Input_AdresseUsager' located by 'By.xpath: //app-informations-personnelles//app-adresse-etalab//app-vls-ts-etalab//div/input|//app-informations-personnelles-shared//app-adresse-etalab//app-vls-ts-etalab//div/input' in '5' second(s)

2023-11-24 14:56:07 - [MESSAGE][INFO] - Smart Wait Function is triggered

2023-11-24 14:56:07 - [MESSAGE][INFO] - Found 1 web elements with id: 'Object Repository/Page_InformationPersonnelles_Usager/Input_AdresseUsager' located by 'By.xpath: //app-informations-personnelles//app-adresse-etalab//app-vls-ts-etalab//div/input|//app-informations-personnelles-shared//app-adresse-etalab//app-vls-ts-etalab//div/input' in '5' second(s)

2023-11-24 14:56:07 - [MESSAGE][INFO] - Clearing text of object 'Object Repository/Page_InformationPersonnelles_Usager/Input_AdresseUsager'

2023-11-24 14:56:09 - [MESSAGE][INFO] - Finding web element from Test Object's properties

2023-11-24 14:56:09 - [MESSAGE][INFO] - Checking timeout

2023-11-24 14:56:09 - [MESSAGE][INFO] - Finding web element with id: 'Object Repository/Page_InformationPersonnelles_Usager/Input_AdresseUsager' located by 'By.xpath: //app-informations-personnelles//app-adresse-etalab//app-vls-ts-etalab//div/input|//app-informations-personnelles-shared//app-adresse-etalab//app-vls-ts-etalab//div/input' in '5' second(s)

2023-11-24 14:56:09 - [MESSAGE][INFO] - Smart Wait Function is triggered

2023-11-24 14:56:09 - [MESSAGE][INFO] - Found 1 web elements with id: 'Object Repository/Page_InformationPersonnelles_Usager/Input_AdresseUsager' located by 'By.xpath: //app-informations-personnelles//app-adresse-etalab//app-vls-ts-etalab//div/input|//app-informations-personnelles-shared//app-adresse-etalab//app-vls-ts-etalab//div/input' in '5' second(s)

2023-11-24 14:56:09 - [MESSAGE][INFO] - Setting text of object 'Object Repository/Page_InformationPersonnelles_Usager/Input_AdresseUsager' to value '2 rue des 3 moulins 77000 melun'

2023-11-24 14:56:12 - [MESSAGE][PASSED] - Text '2 rue des 3 moulins 77000 melun' is set on object 'Object Repository/Page_InformationPersonnelles_Usager/Input_AdresseUsager'

2023-11-24 14:56:12 - [TEST_STEP][PASSED] - delay(2): Delayed 2 second(s)

2023-11-24 14:56:12 - [MESSAGE][INFO] - Delaying browser in 2 second(s)

2023-11-24 14:56:14 - [MESSAGE][PASSED] - Delayed 2 second(s)

2023-11-24 14:56:14 - [TEST_STEP][PASSED] - setText(findTestObject("Object Repository/Page_InformationPersonnelles_Usager/Input_NumeroDeTelephone"), NumeroTelephoneUsager): Text '0911223344' is set on object 'Object Repository/Page_InformationPersonnelles_Usager/Input_NumeroDeTelephone'

2023-11-24 14:56:14 - [MESSAGE][INFO] - Finding Test Object 'Object Repository/Page_InformationPersonnelles_Usager/Input_NumeroDeTelephone'

2023-11-24 14:56:14 - [MESSAGE][INFO] - Checking timeout

2023-11-24 14:56:14 - [MESSAGE][INFO] - Finding web element with id: 'Object Repository/Page_InformationPersonnelles_Usager/Input_NumeroDeTelephone' located by 'By.xpath: //*[@aria-labelledby="TELEPHONE_PORTABLE-label"]' in '20' second(s)

2023-11-24 14:56:14 - [MESSAGE][INFO] - Smart Wait Function is triggered

2023-11-24 14:56:14 - [MESSAGE][INFO] - Found 1 web elements with id: 'Object Repository/Page_InformationPersonnelles_Usager/Input_NumeroDeTelephone' located by 'By.xpath: //*[@aria-labelledby="TELEPHONE_PORTABLE-label"]' in '20' second(s)

2023-11-24 14:56:14 - [MESSAGE][INFO] - Checking object

2023-11-24 14:56:14 - [MESSAGE][INFO] - Checking text

2023-11-24 14:56:14 - [MESSAGE][INFO] - Finding web element from Test Object's properties

2023-11-24 14:56:14 - [MESSAGE][INFO] - Checking timeout

2023-11-24 14:56:14 - [MESSAGE][INFO] - Finding web element with id: 'Object Repository/Page_InformationPersonnelles_Usager/Input_NumeroDeTelephone' located by 'By.xpath: //*[@aria-labelledby="TELEPHONE_PORTABLE-label"]' in '5' second(s)

2023-11-24 14:56:14 - [MESSAGE][INFO] - Smart Wait Function is triggered

2023-11-24 14:56:14 - [MESSAGE][INFO] - Found 1 web elements with id: 'Object Repository/Page_InformationPersonnelles_Usager/Input_NumeroDeTelephone' located by 'By.xpath: //*[@aria-labelledby="TELEPHONE_PORTABLE-label"]' in '5' second(s)

2023-11-24 14:56:14 - [MESSAGE][INFO] - Clearing text of object 'Object Repository/Page_InformationPersonnelles_Usager/Input_NumeroDeTelephone'

2023-11-24 14:56:16 - [MESSAGE][INFO] - Finding web element from Test Object's properties

2023-11-24 14:56:16 - [MESSAGE][INFO] - Checking timeout

2023-11-24 14:56:16 - [MESSAGE][INFO] - Finding web element with id: 'Object Repository/Page_InformationPersonnelles_Usager/Input_NumeroDeTelephone' located by 'By.xpath: //*[@aria-labelledby="TELEPHONE_PORTABLE-label"]' in '5' second(s)

2023-11-24 14:56:16 - [MESSAGE][INFO] - Smart Wait Function is triggered

2023-11-24 14:56:16 - [MESSAGE][INFO] - Found 1 web elements with id: 'Object Repository/Page_InformationPersonnelles_Usager/Input_NumeroDeTelephone' located by 'By.xpath: //*[@aria-labelledby="TELEPHONE_PORTABLE-label"]' in '5' second(s)

2023-11-24 14:56:16 - [MESSAGE][INFO] - Setting text of object 'Object Repository/Page_InformationPersonnelles_Usager/Input_NumeroDeTelephone' to value '0911223344'

2023-11-24 14:56:18 - [MESSAGE][PASSED] - Text '0911223344' is set on object 'Object Repository/Page_InformationPersonnelles_Usager/Input_NumeroDeTelephone'

2023-11-24 14:56:18 - [TEST_STEP][PASSED] - click(findTestObject("Object Repository/Page_DemarcheRenouvellement/btn_EnregistrerEtPoursuivre")): Object: 'Object Repository/Page_DemarcheRenouvellement/btn_EnregistrerEtPoursuivre' is clicked on

2023-11-24 14:56:18 - [MESSAGE][INFO] - Finding Test Object 'Object Repository/Page_DemarcheRenouvellement/btn_EnregistrerEtPoursuivre'

2023-11-24 14:56:18 - [MESSAGE][INFO] - Checking timeout

2023-11-24 14:56:18 - [MESSAGE][INFO] - Finding web element with id: 'Object Repository/Page_DemarcheRenouvellement/btn_EnregistrerEtPoursuivre' located by 'By.xpath: //span[text()='Enregistrer et poursuivre >']' in '20' second(s)

2023-11-24 14:56:18 - [MESSAGE][INFO] - Smart Wait Function is triggered

2023-11-24 14:56:19 - [MESSAGE][INFO] - Found 1 web elements with id: 'Object Repository/Page_DemarcheRenouvellement/btn_EnregistrerEtPoursuivre' located by 'By.xpath: //span[text()='Enregistrer et poursuivre >']' in '20' second(s)

2023-11-24 14:56:19 - [MESSAGE][INFO] - Checking object

2023-11-24 14:56:19 - [MESSAGE][INFO] - Checking timeout

2023-11-24 14:56:19 - [MESSAGE][INFO] - Finding web element from Test Object's properties

2023-11-24 14:56:19 - [MESSAGE][INFO] - Checking timeout

2023-11-24 14:56:19 - [MESSAGE][INFO] - Finding web element with id: 'Object Repository/Page_DemarcheRenouvellement/btn_EnregistrerEtPoursuivre' located by 'By.xpath: //span[text()='Enregistrer et poursuivre >']' in '5' second(s)

2023-11-24 14:56:19 - [MESSAGE][INFO] - Smart Wait Function is triggered

2023-11-24 14:56:19 - [MESSAGE][INFO] - Found 1 web elements with id: 'Object Repository/Page_DemarcheRenouvellement/btn_EnregistrerEtPoursuivre' located by 'By.xpath: //span[text()='Enregistrer et poursuivre >']' in '5' second(s)

2023-11-24 14:56:19 - [MESSAGE][INFO] - Clicking on object: 'Object Repository/Page_DemarcheRenouvellement/btn_EnregistrerEtPoursuivre'

2023-11-24 14:56:21 - [MESSAGE][PASSED] - Object: 'Object Repository/Page_DemarcheRenouvellement/btn_EnregistrerEtPoursuivre' is clicked on

2023-11-24 14:56:21 - [MESSAGE][PASSED] - Call Test Case 'Test Cases/Test Reutilisable/DemandeOuRenouvelle_TitreSejour/FormulaireInformationsPersonnelles' successfully

2023-11-24 14:56:21 - [TEST_STEP][PASSED] - callTestCase(findTestCase("Test Reutilisable/DemandeOuRenouvelle_TitreSejour/FormulaireMotifDeLaDemande"), ["TypeTitreDeSejour":TypeTitreDeSejour, "Titre":Titre], STOP_ON_FAILURE): Call Test Case 'Test Cases/Test Reutilisable/DemandeOuRenouvelle_TitreSejour/FormulaireMotifDeLaDemande' successfully

2023-11-24 14:56:21 - [MESSAGE][INFO] - Checking called Test Case

2023-11-24 14:56:21 - [MESSAGE][INFO] - Starting to call Test Case 'Test Cases/Test Reutilisable/DemandeOuRenouvelle_TitreSejour/FormulaireMotifDeLaDemande'

2023-11-24 14:56:21 - [TEST_CASE][PASSED] - Test Cases/Test Reutilisable/DemandeOuRenouvelle_TitreSejour/FormulaireMotifDeLaDemande: Test Cases/Test Reutilisable/DemandeOuRenouvelle_TitreSejour/FormulaireMotifDeLaDemande

2023-11-24 14:56:22 - [TEST_STEP][PASSED] - com.kazurayam.ksbackyard.HighlightElement.pandemic(): com.kazurayam.ksbackyard.HighlightElement.pandemic is PASSED

2023-11-24 14:56:22 - [MESSAGE][PASSED] - com.kazurayam.ksbackyard.HighlightElement.pandemic is PASSED

2023-11-24 14:56:22 - [TEST_STEP][PASSED] - if (TypeTitreDeSejour == "RenouvellementDeTitreSejour" && Titre == "Etudiant"): null

2023-11-24 14:56:22 - [TEST_STEP][PASSED] - if (TypeTitreDeSejour == "Visiteur" && Titre == "Etudiant" || TypeTitreDeSejour == "RenouvellementDeTitreSejour" && Titre == "Visiteur"): null

2023-11-24 14:56:22 - [TEST_STEP][PASSED] - if (TypeTitreDeSejour == "TS-PT-SalarieQualifie" && Titre == "Visiteur" || Titre == "Etudiant"): null

2023-11-24 14:56:22 - [TEST_STEP][PASSED] - if (TypeTitreDeSejour == "TS-PT-SalarieEntrepriseInnovante" && Titre == "Visiteur" || Titre == "Etudiant"): null

2023-11-24 14:56:22 - [TEST_STEP][PASSED] - if (TypeTitreDeSejour == "TS-PT-CarteBleueEuropeenne" && Titre == "Visiteur" || Titre == "Etudiant"): null

2023-11-24 14:56:22 - [TEST_STEP][PASSED] - if (TypeTitreDeSejour == "TS-PT-SalarieEnMission" && Titre == "Visiteur" || Titre == "Etudiant"): null

2023-11-24 14:56:22 - [TEST_STEP][PASSED] - if (TypeTitreDeSejour == "ChercheurEtChercheurEnMobilite" && Titre == "Visiteur" || Titre == "Etudiant"): Delayed 2 second(s)

2023-11-24 14:56:22 - [TEST_STEP][PASSED] - setText(findTestObject("Object Repository/Page_MotifDeLaDemande_Usager/Input_IntituleDuDiplome"), "IntitulÃ© du diplÃ´me "): Text 'IntitulÃ© du diplÃ´me ' is set on object 'Object Repository/Page_MotifDeLaDemande_Usager/Input_IntituleDuDiplome'

2023-11-24 14:56:22 - [MESSAGE][INFO] - Finding Test Object 'Object Repository/Page_MotifDeLaDemande_Usager/Input_IntituleDuDiplome'

2023-11-24 14:56:22 - [MESSAGE][INFO] - Checking timeout

2023-11-24 14:56:22 - [MESSAGE][INFO] - Finding web element with id: 'Object Repository/Page_MotifDeLaDemande_Usager/Input_IntituleDuDiplome' located by 'By.xpath: //div[2]/div/div/div[1]/div/div/div/app-indent-wrapper/app-information-relatives-qualification/div/div[1]/div/anef-input-text/div/div/div[1]/div/input|//app-demande-ptch/div/div[3]/app-motif-sejour-ptch//app-information-relatives-chercheur/div[1]/div/anef-input-text/div/div/div[1]/div/input' in '20' second(s)

2023-11-24 14:56:22 - [MESSAGE][INFO] - Smart Wait Function is triggered

2023-11-24 14:56:22 - [MESSAGE][INFO] - Found 1 web elements with id: 'Object Repository/Page_MotifDeLaDemande_Usager/Input_IntituleDuDiplome' located by 'By.xpath: //div[2]/div/div/div[1]/div/div/div/app-indent-wrapper/app-information-relatives-qualification/div/div[1]/div/anef-input-text/div/div/div[1]/div/input|//app-demande-ptch/div/div[3]/app-motif-sejour-ptch//app-information-relatives-chercheur/div[1]/div/anef-input-text/div/div/div[1]/div/input' in '20' second(s)

2023-11-24 14:56:22 - [MESSAGE][INFO] - Checking object

2023-11-24 14:56:22 - [MESSAGE][INFO] - Checking text

2023-11-24 14:56:22 - [MESSAGE][INFO] - Finding web element from Test Object's properties

2023-11-24 14:56:22 - [MESSAGE][INFO] - Checking timeout

2023-11-24 14:56:22 - [MESSAGE][INFO] - Finding web element with id: 'Object Repository/Page_MotifDeLaDemande_Usager/Input_IntituleDuDiplome' located by 'By.xpath: //div[2]/div/div/div[1]/div/div/div/app-indent-wrapper/app-information-relatives-qualification/div/div[1]/div/anef-input-text/div/div/div[1]/div/input|//app-demande-ptch/div/div[3]/app-motif-sejour-ptch//app-information-relatives-chercheur/div[1]/div/anef-input-text/div/div/div[1]/div/input' in '5' second(s)

2023-11-24 14:56:22 - [MESSAGE][INFO] - Smart Wait Function is triggered

2023-11-24 14:56:22 - [MESSAGE][INFO] - Found 1 web elements with id: 'Object Repository/Page_MotifDeLaDemande_Usager/Input_IntituleDuDiplome' located by 'By.xpath: //div[2]/div/div/div[1]/div/div/div/app-indent-wrapper/app-information-relatives-qualification/div/div[1]/div/anef-input-text/div/div/div[1]/div/input|//app-demande-ptch/div/div[3]/app-motif-sejour-ptch//app-information-relatives-chercheur/div[1]/div/anef-input-text/div/div/div[1]/div/input' in '5' second(s)

2023-11-24 14:56:22 - [MESSAGE][INFO] - Clearing text of object 'Object Repository/Page_MotifDeLaDemande_Usager/Input_IntituleDuDiplome'

2023-11-24 14:56:25 - [MESSAGE][INFO] - Finding web element from Test Object's properties

2023-11-24 14:56:25 - [MESSAGE][INFO] - Checking timeout

2023-11-24 14:56:25 - [MESSAGE][INFO] - Finding web element with id: 'Object Repository/Page_MotifDeLaDemande_Usager/Input_IntituleDuDiplome' located by 'By.xpath: //div[2]/div/div/div[1]/div/div/div/app-indent-wrapper/app-information-relatives-qualification/div/div[1]/div/anef-input-text/div/div/div[1]/div/input|//app-demande-ptch/div/div[3]/app-motif-sejour-ptch//app-information-relatives-chercheur/div[1]/div/anef-input-text/div/div/div[1]/div/input' in '5' second(s)

2023-11-24 14:56:25 - [MESSAGE][INFO] - Smart Wait Function is triggered

2023-11-24 14:56:25 - [MESSAGE][INFO] - Found 1 web elements with id: 'Object Repository/Page_MotifDeLaDemande_Usager/Input_IntituleDuDiplome' located by 'By.xpath: //div[2]/div/div/div[1]/div/div/div/app-indent-wrapper/app-information-relatives-qualification/div/div[1]/div/anef-input-text/div/div/div[1]/div/input|//app-demande-ptch/div/div[3]/app-motif-sejour-ptch//app-information-relatives-chercheur/div[1]/div/anef-input-text/div/div/div[1]/div/input' in '5' second(s)

2023-11-24 14:56:25 - [MESSAGE][INFO] - Setting text of object 'Object Repository/Page_MotifDeLaDemande_Usager/Input_IntituleDuDiplome' to value 'IntitulÃ© du diplÃ´me '

2023-11-24 14:56:27 - [MESSAGE][PASSED] - Text 'IntitulÃ© du diplÃ´me ' is set on object 'Object Repository/Page_MotifDeLaDemande_Usager/Input_IntituleDuDiplome'

2023-11-24 14:56:27 - [TEST_STEP][PASSED] - setText(findTestObject("Object Repository/Page_MotifDeLaDemande_Usager/Input_DateDeDelivrance_JJ"), "10"): Text '10' is set on object 'Object Repository/Page_MotifDeLaDemande_Usager/Input_DateDeDelivrance_JJ'

2023-11-24 14:56:27 - [MESSAGE][INFO] - Finding Test Object 'Object Repository/Page_MotifDeLaDemande_Usager/Input_DateDeDelivrance_JJ'

2023-11-24 14:56:27 - [MESSAGE][INFO] - Checking timeout

2023-11-24 14:56:27 - [MESSAGE][INFO] - Finding web element with id: 'Object Repository/Page_MotifDeLaDemande_Usager/Input_DateDeDelivrance_JJ' located by 'By.xpath: //div[2]/div/div/div[1]/div/div/div/app-indent-wrapper/app-information-relatives-qualification/div/div[2]/div/anef-input-date/div/div/fieldset/div/div[1]/div/div/input|//*[@id="JOUR"]' in '20' second(s)

2023-11-24 14:56:27 - [MESSAGE][INFO] - Smart Wait Function is triggered

2023-11-24 14:56:27 - [MESSAGE][INFO] - Found 1 web elements with id: 'Object Repository/Page_MotifDeLaDemande_Usager/Input_DateDeDelivrance_JJ' located by 'By.xpath: //div[2]/div/div/div[1]/div/div/div/app-indent-wrapper/app-information-relatives-qualification/div/div[2]/div/anef-input-date/div/div/fieldset/div/div[1]/div/div/input|//*[@id="JOUR"]' in '20' second(s)

2023-11-24 14:56:27 - [MESSAGE][INFO] - Checking object

2023-11-24 14:56:27 - [MESSAGE][INFO] - Checking text

2023-11-24 14:56:27 - [MESSAGE][INFO] - Finding web element from Test Object's properties

2023-11-24 14:56:27 - [MESSAGE][INFO] - Checking timeout

2023-11-24 14:56:27 - [MESSAGE][INFO] - Finding web element with id: 'Object Repository/Page_MotifDeLaDemande_Usager/Input_DateDeDelivrance_JJ' located by 'By.xpath: //div[2]/div/div/div[1]/div/div/div/app-indent-wrapper/app-information-relatives-qualification/div/div[2]/div/anef-input-date/div/div/fieldset/div/div[1]/div/div/input|//*[@id="JOUR"]' in '5' second(s)

2023-11-24 14:56:27 - [MESSAGE][INFO] - Smart Wait Function is triggered

2023-11-24 14:56:27 - [MESSAGE][INFO] - Found 1 web elements with id: 'Object Repository/Page_MotifDeLaDemande_Usager/Input_DateDeDelivrance_JJ' located by 'By.xpath: //div[2]/div/div/div[1]/div/div/div/app-indent-wrapper/app-information-relatives-qualification/div/div[2]/div/anef-input-date/div/div/fieldset/div/div[1]/div/div/input|//*[@id="JOUR"]' in '5' second(s)

2023-11-24 14:56:27 - [MESSAGE][INFO] - Clearing text of object 'Object Repository/Page_MotifDeLaDemande_Usager/Input_DateDeDelivrance_JJ'

2023-11-24 14:56:29 - [MESSAGE][INFO] - Finding web element from Test Object's properties

2023-11-24 14:56:29 - [MESSAGE][INFO] - Checking timeout

2023-11-24 14:56:29 - [MESSAGE][INFO] - Finding web element with id: 'Object Repository/Page_MotifDeLaDemande_Usager/Input_DateDeDelivrance_JJ' located by 'By.xpath: //div[2]/div/div/div[1]/div/div/div/app-indent-wrapper/app-information-relatives-qualification/div/div[2]/div/anef-input-date/div/div/fieldset/div/div[1]/div/div/input|//*[@id="JOUR"]' in '5' second(s)

2023-11-24 14:56:29 - [MESSAGE][INFO] - Smart Wait Function is triggered

2023-11-24 14:56:29 - [MESSAGE][INFO] - Found 1 web elements with id: 'Object Repository/Page_MotifDeLaDemande_Usager/Input_DateDeDelivrance_JJ' located by 'By.xpath: //div[2]/div/div/div[1]/div/div/div/app-indent-wrapper/app-information-relatives-qualification/div/div[2]/div/anef-input-date/div/div/fieldset/div/div[1]/div/div/input|//*[@id="JOUR"]' in '5' second(s)

2023-11-24 14:56:29 - [MESSAGE][INFO] - Setting text of object 'Object Repository/Page_MotifDeLaDemande_Usager/Input_DateDeDelivrance_JJ' to value '10'

2023-11-24 14:56:31 - [MESSAGE][PASSED] - Text '10' is set on object 'Object Repository/Page_MotifDeLaDemande_Usager/Input_DateDeDelivrance_JJ'

2023-11-24 14:56:32 - [TEST_STEP][PASSED] - click(findTestObject("Object Repository/Page_MotifDeLaDemande_Usager/select_DateDeDelivrance_MM")): Object: 'Object Repository/Page_MotifDeLaDemande_Usager/select_DateDeDelivrance_MM' is clicked on

2023-11-24 14:56:32 - [MESSAGE][INFO] - Finding Test Object 'Object Repository/Page_MotifDeLaDemande_Usager/select_DateDeDelivrance_MM'

2023-11-24 14:56:32 - [MESSAGE][INFO] - Checking timeout

2023-11-24 14:56:32 - [MESSAGE][INFO] - Finding web element with id: 'Object Repository/Page_MotifDeLaDemande_Usager/select_DateDeDelivrance_MM' located by 'By.xpath: /html/body/app-root/div/app-portal/main/app-theme-v2/div/app-demande-ptsq/div/div[3]/app-motif-sejour-ptsq/div[2]/div/p-accordion/div/form/p-accordiontab/div[2]/div/div/div[1]/div/div/div/app-indent-wrapper/app-information-relatives-qualification/div/div[2]/div/anef-input-date/div/div/fieldset/div[1]/div[2]/div/div/p-dropdown/div/div[2]|//*[@id="MOIS"]/div/div[2]' in '20' second(s)

2023-11-24 14:56:32 - [MESSAGE][INFO] - Smart Wait Function is triggered

2023-11-24 14:56:32 - [MESSAGE][INFO] - Found 1 web elements with id: 'Object Repository/Page_MotifDeLaDemande_Usager/select_DateDeDelivrance_MM' located by 'By.xpath: /html/body/app-root/div/app-portal/main/app-theme-v2/div/app-demande-ptsq/div/div[3]/app-motif-sejour-ptsq/div[2]/div/p-accordion/div/form/p-accordiontab/div[2]/div/div/div[1]/div/div/div/app-indent-wrapper/app-information-relatives-qualification/div/div[2]/div/anef-input-date/div/div/fieldset/div[1]/div[2]/div/div/p-dropdown/div/div[2]|//*[@id="MOIS"]/div/div[2]' in '20' second(s)

2023-11-24 14:56:32 - [MESSAGE][INFO] - Checking object

2023-11-24 14:56:32 - [MESSAGE][INFO] - Checking timeout

2023-11-24 14:56:32 - [MESSAGE][INFO] - Finding web element from Test Object's properties

2023-11-24 14:56:32 - [MESSAGE][INFO] - Checking timeout

2023-11-24 14:56:32 - [MESSAGE][INFO] - Finding web element with id: 'Object Repository/Page_MotifDeLaDemande_Usager/select_DateDeDelivrance_MM' located by 'By.xpath: /html/body/app-root/div/app-portal/main/app-theme-v2/div/app-demande-ptsq/div/div[3]/app-motif-sejour-ptsq/div[2]/div/p-accordion/div/form/p-accordiontab/div[2]/div/div/div[1]/div/div/div/app-indent-wrapper/app-information-relatives-qualification/div/div[2]/div/anef-input-date/div/div/fieldset/div[1]/div[2]/div/div/p-dropdown/div/div[2]|//*[@id="MOIS"]/div/div[2]' in '5' second(s)

2023-11-24 14:56:32 - [MESSAGE][INFO] - Smart Wait Function is triggered

2023-11-24 14:56:32 - [MESSAGE][INFO] - Found 1 web elements with id: 'Object Repository/Page_MotifDeLaDemande_Usager/select_DateDeDelivrance_MM' located by 'By.xpath: /html/body/app-root/div/app-portal/main/app-theme-v2/div/app-demande-ptsq/div/div[3]/app-motif-sejour-ptsq/div[2]/div/p-accordion/div/form/p-accordiontab/div[2]/div/div/div[1]/div/div/div/app-indent-wrapper/app-information-relatives-qualification/div/div[2]/div/anef-input-date/div/div/fieldset/div[1]/div[2]/div/div/p-dropdown/div/div[2]|//*[@id="MOIS"]/div/div[2]' in '5' second(s)

2023-11-24 14:56:32 - [MESSAGE][INFO] - Clicking on object: 'Object Repository/Page_MotifDeLaDemande_Usager/select_DateDeDelivrance_MM'

2023-11-24 14:56:34 - [MESSAGE][PASSED] - Object: 'Object Repository/Page_MotifDeLaDemande_Usager/select_DateDeDelivrance_MM' is clicked on

2023-11-24 14:56:34 - [TEST_STEP][PASSED] - click(findTestObject("Object Repository/Page_MotifDeLaDemande_Usager/click-select_DateDeDelivrance_MM")): Object: 'Object Repository/Page_MotifDeLaDemande_Usager/click-select_DateDeDelivrance_MM' is clicked on

2023-11-24 14:56:34 - [MESSAGE][INFO] - Finding Test Object 'Object Repository/Page_MotifDeLaDemande_Usager/click-select_DateDeDelivrance_MM'

2023-11-24 14:56:34 - [MESSAGE][INFO] - Checking timeout

2023-11-24 14:56:34 - [MESSAGE][INFO] - Finding web element with id: 'Object Repository/Page_MotifDeLaDemande_Usager/click-select_DateDeDelivrance_MM' located by 'By.xpath: /html/body/app-root/div/app-portal/main/app-theme-v2/div/app-demande-ptsq/div/div[3]/app-motif-sejour-ptsq/div[2]/div/p-accordion/div/form/p-accordiontab/div[2]/div/div/div[1]/div/div/div/app-indent-wrapper/app-information-relatives-qualification/div/div[2]/div/anef-input-date/div/div/fieldset/div[1]/div[2]/div/div/p-dropdown/div/div[5]/div/ul/p-dropdownitem[3]/li/span|//*[@id="MOIS"]/div/div[5]/div/ul/p-dropdownitem[3]/li' in '20' second(s)

2023-11-24 14:56:34 - [MESSAGE][INFO] - Smart Wait Function is triggered

2023-11-24 14:56:34 - [MESSAGE][INFO] - Found 1 web elements with id: 'Object Repository/Page_MotifDeLaDemande_Usager/click-select_DateDeDelivrance_MM' located by 'By.xpath: /html/body/app-root/div/app-portal/main/app-theme-v2/div/app-demande-ptsq/div/div[3]/app-motif-sejour-ptsq/div[2]/div/p-accordion/div/form/p-accordiontab/div[2]/div/div/div[1]/div/div/div/app-indent-wrapper/app-information-relatives-qualification/div/div[2]/div/anef-input-date/div/div/fieldset/div[1]/div[2]/div/div/p-dropdown/div/div[5]/div/ul/p-dropdownitem[3]/li/span|//*[@id="MOIS"]/div/div[5]/div/ul/p-dropdownitem[3]/li' in '20' second(s)

2023-11-24 14:56:34 - [MESSAGE][INFO] - Checking object

2023-11-24 14:56:34 - [MESSAGE][INFO] - Checking timeout

2023-11-24 14:56:34 - [MESSAGE][INFO] - Finding web element from Test Object's properties

2023-11-24 14:56:34 - [MESSAGE][INFO] - Checking timeout

2023-11-24 14:56:34 - [MESSAGE][INFO] - Finding web element with id: 'Object Repository/Page_MotifDeLaDemande_Usager/click-select_DateDeDelivrance_MM' located by 'By.xpath: /html/body/app-root/div/app-portal/main/app-theme-v2/div/app-demande-ptsq/div/div[3]/app-motif-sejour-ptsq/div[2]/div/p-accordion/div/form/p-accordiontab/div[2]/div/div/div[1]/div/div/div/app-indent-wrapper/app-information-relatives-qualification/div/div[2]/div/anef-input-date/div/div/fieldset/div[1]/div[2]/div/div/p-dropdown/div/div[5]/div/ul/p-dropdownitem[3]/li/span|//*[@id="MOIS"]/div/div[5]/div/ul/p-dropdownitem[3]/li' in '5' second(s)

2023-11-24 14:56:34 - [MESSAGE][INFO] - Smart Wait Function is triggered

2023-11-24 14:56:34 - [MESSAGE][INFO] - Found 1 web elements with id: 'Object Repository/Page_MotifDeLaDemande_Usager/click-select_DateDeDelivrance_MM' located by 'By.xpath: /html/body/app-root/div/app-portal/main/app-theme-v2/div/app-demande-ptsq/div/div[3]/app-motif-sejour-ptsq/div[2]/div/p-accordion/div/form/p-accordiontab/div[2]/div/div/div[1]/div/div/div/app-indent-wrapper/app-information-relatives-qualification/div/div[2]/div/anef-input-date/div/div/fieldset/div[1]/div[2]/div/div/p-dropdown/div/div[5]/div/ul/p-dropdownitem[3]/li/span|//*[@id="MOIS"]/div/div[5]/div/ul/p-dropdownitem[3]/li' in '5' second(s)

2023-11-24 14:56:34 - [MESSAGE][INFO] - Clicking on object: 'Object Repository/Page_MotifDeLaDemande_Usager/click-select_DateDeDelivrance_MM'

2023-11-24 14:56:36 - [MESSAGE][PASSED] - Object: 'Object Repository/Page_MotifDeLaDemande_Usager/click-select_DateDeDelivrance_MM' is clicked on

2023-11-24 14:56:36 - [TEST_STEP][PASSED] - setText(findTestObject("Object Repository/Page_MotifDeLaDemande_Usager/Input_DateDeDelivrance_AAAA"), "2010"): Text '2010' is set on object 'Object Repository/Page_MotifDeLaDemande_Usager/Input_DateDeDelivrance_AAAA'

2023-11-24 14:56:36 - [MESSAGE][INFO] - Finding Test Object 'Object Repository/Page_MotifDeLaDemande_Usager/Input_DateDeDelivrance_AAAA'

2023-11-24 14:56:36 - [MESSAGE][INFO] - Checking timeout

2023-11-24 14:56:36 - [MESSAGE][INFO] - Finding web element with id: 'Object Repository/Page_MotifDeLaDemande_Usager/Input_DateDeDelivrance_AAAA' located by 'By.xpath: //div/form/p-accordiontab/div[2]/div/div/div[1]/div/div/div/app-indent-wrapper/app-information-relatives-qualification/div/div[2]/div/anef-input-date/div/div/fieldset/div/div[3]/div/div/input|//*[@id="ANNEE"]' in '20' second(s)

2023-11-24 14:56:36 - [MESSAGE][INFO] - Smart Wait Function is triggered

2023-11-24 14:56:36 - [MESSAGE][INFO] - Found 1 web elements with id: 'Object Repository/Page_MotifDeLaDemande_Usager/Input_DateDeDelivrance_AAAA' located by 'By.xpath: //div/form/p-accordiontab/div[2]/div/div/div[1]/div/div/div/app-indent-wrapper/app-information-relatives-qualification/div/div[2]/div/anef-input-date/div/div/fieldset/div/div[3]/div/div/input|//*[@id="ANNEE"]' in '20' second(s)

2023-11-24 14:56:36 - [MESSAGE][INFO] - Checking object

2023-11-24 14:56:36 - [MESSAGE][INFO] - Checking text

2023-11-24 14:56:36 - [MESSAGE][INFO] - Finding web element from Test Object's properties

2023-11-24 14:56:36 - [MESSAGE][INFO] - Checking timeout

2023-11-24 14:56:36 - [MESSAGE][INFO] - Finding web element with id: 'Object Repository/Page_MotifDeLaDemande_Usager/Input_DateDeDelivrance_AAAA' located by 'By.xpath: //div/form/p-accordiontab/div[2]/div/div/div[1]/div/div/div/app-indent-wrapper/app-information-relatives-qualification/div/div[2]/div/anef-input-date/div/div/fieldset/div/div[3]/div/div/input|//*[@id="ANNEE"]' in '5' second(s)

2023-11-24 14:56:36 - [MESSAGE][INFO] - Smart Wait Function is triggered

2023-11-24 14:56:36 - [MESSAGE][INFO] - Found 1 web elements with id: 'Object Repository/Page_MotifDeLaDemande_Usager/Input_DateDeDelivrance_AAAA' located by 'By.xpath: //div/form/p-accordiontab/div[2]/div/div/div[1]/div/div/div/app-indent-wrapper/app-information-relatives-qualification/div/div[2]/div/anef-input-date/div/div/fieldset/div/div[3]/div/div/input|//*[@id="ANNEE"]' in '5' second(s)

2023-11-24 14:56:36 - [MESSAGE][INFO] - Clearing text of object 'Object Repository/Page_MotifDeLaDemande_Usager/Input_DateDeDelivrance_AAAA'

2023-11-24 14:56:38 - [MESSAGE][INFO] - Finding web element from Test Object's properties

2023-11-24 14:56:38 - [MESSAGE][INFO] - Checking timeout

2023-11-24 14:56:38 - [MESSAGE][INFO] - Finding web element with id: 'Object Repository/Page_MotifDeLaDemande_Usager/Input_DateDeDelivrance_AAAA' located by 'By.xpath: //div/form/p-accordiontab/div[2]/div/div/div[1]/div/div/div/app-indent-wrapper/app-information-relatives-qualification/div/div[2]/div/anef-input-date/div/div/fieldset/div/div[3]/div/div/input|//*[@id="ANNEE"]' in '5' second(s)

2023-11-24 14:56:38 - [MESSAGE][INFO] - Smart Wait Function is triggered

2023-11-24 14:56:38 - [MESSAGE][INFO] - Found 1 web elements with id: 'Object Repository/Page_MotifDeLaDemande_Usager/Input_DateDeDelivrance_AAAA' located by 'By.xpath: //div/form/p-accordiontab/div[2]/div/div/div[1]/div/div/div/app-indent-wrapper/app-information-relatives-qualification/div/div[2]/div/anef-input-date/div/div/fieldset/div/div[3]/div/div/input|//*[@id="ANNEE"]' in '5' second(s)

2023-11-24 14:56:38 - [MESSAGE][INFO] - Setting text of object 'Object Repository/Page_MotifDeLaDemande_Usager/Input_DateDeDelivrance_AAAA' to value '2010'

2023-11-24 14:56:40 - [MESSAGE][PASSED] - Text '2010' is set on object 'Object Repository/Page_MotifDeLaDemande_Usager/Input_DateDeDelivrance_AAAA'

2023-11-24 14:56:40 - [TEST_STEP][PASSED] - setText(findTestObject("Object Repository/Page_MotifDeLaDemande_Usager/Input_EtablissementDeDelivrance"), "Ãtablissement De DÃ©livrance"): Text 'Ãtablissement De DÃ©livrance' is set on object 'Object Repository/Page_MotifDeLaDemande_Usager/Input_EtablissementDeDelivrance'

2023-11-24 14:56:40 - [MESSAGE][INFO] - Finding Test Object 'Object Repository/Page_MotifDeLaDemande_Usager/Input_EtablissementDeDelivrance'

2023-11-24 14:56:41 - [MESSAGE][INFO] - Checking timeout

2023-11-24 14:56:41 - [MESSAGE][INFO] - Finding web element with id: 'Object Repository/Page_MotifDeLaDemande_Usager/Input_EtablissementDeDelivrance' located by 'By.xpath: //*[@aria-labelledby="ETABLISSEMENT_DELIVRANCE-label"]' in '20' second(s)

2023-11-24 14:56:41 - [MESSAGE][INFO] - Smart Wait Function is triggered

2023-11-24 14:56:41 - [MESSAGE][INFO] - Found 1 web elements with id: 'Object Repository/Page_MotifDeLaDemande_Usager/Input_EtablissementDeDelivrance' located by 'By.xpath: //*[@aria-labelledby="ETABLISSEMENT_DELIVRANCE-label"]' in '20' second(s)

2023-11-24 14:56:41 - [MESSAGE][INFO] - Checking object

2023-11-24 14:56:41 - [MESSAGE][INFO] - Checking text

2023-11-24 14:56:41 - [MESSAGE][INFO] - Finding web element from Test Object's properties

2023-11-24 14:56:41 - [MESSAGE][INFO] - Checking timeout

2023-11-24 14:56:41 - [MESSAGE][INFO] - Finding web element with id: 'Object Repository/Page_MotifDeLaDemande_Usager/Input_EtablissementDeDelivrance' located by 'By.xpath: //*[@aria-labelledby="ETABLISSEMENT_DELIVRANCE-label"]' in '5' second(s)

2023-11-24 14:56:41 - [MESSAGE][INFO] - Smart Wait Function is triggered

2023-11-24 14:56:41 - [MESSAGE][INFO] - Found 1 web elements with id: 'Object Repository/Page_MotifDeLaDemande_Usager/Input_EtablissementDeDelivrance' located by 'By.xpath: //*[@aria-labelledby="ETABLISSEMENT_DELIVRANCE-label"]' in '5' second(s)

2023-11-24 14:56:41 - [MESSAGE][INFO] - Clearing text of object 'Object Repository/Page_MotifDeLaDemande_Usager/Input_EtablissementDeDelivrance'

2023-11-24 14:56:43 - [MESSAGE][INFO] - Finding web element from Test Object's properties

2023-11-24 14:56:43 - [MESSAGE][INFO] - Checking timeout

2023-11-24 14:56:43 - [MESSAGE][INFO] - Finding web element with id: 'Object Repository/Page_MotifDeLaDemande_Usager/Input_EtablissementDeDelivrance' located by 'By.xpath: //*[@aria-labelledby="ETABLISSEMENT_DELIVRANCE-label"]' in '5' second(s)

2023-11-24 14:56:43 - [MESSAGE][INFO] - Smart Wait Function is triggered

2023-11-24 14:56:43 - [MESSAGE][INFO] - Found 1 web elements with id: 'Object Repository/Page_MotifDeLaDemande_Usager/Input_EtablissementDeDelivrance' located by 'By.xpath: //*[@aria-labelledby="ETABLISSEMENT_DELIVRANCE-label"]' in '5' second(s)

2023-11-24 14:56:43 - [MESSAGE][INFO] - Setting text of object 'Object Repository/Page_MotifDeLaDemande_Usager/Input_EtablissementDeDelivrance' to value 'Ãtablissement De DÃ©livrance'

2023-11-24 14:56:46 - [MESSAGE][PASSED] - Text 'Ãtablissement De DÃ©livrance' is set on object 'Object Repository/Page_MotifDeLaDemande_Usager/Input_EtablissementDeDelivrance'

2023-11-24 14:56:46 - [TEST_STEP][PASSED] - "INFORMATIONS RELATIVES Ã LâACTIVITÃ DE RECHERCHE :": null

2023-11-24 14:56:46 - [TEST_STEP][PASSED] - setText(findTestObject("Object Repository/Page_MotifDeLaDemande_Usager/input_OrganismeDAccueil"), "Organisme Accueil"): Text 'Organisme Accueil' is set on object 'Object Repository/Page_MotifDeLaDemande_Usager/input_OrganismeDAccueil'

2023-11-24 14:56:46 - [MESSAGE][INFO] - Finding Test Object 'Object Repository/Page_MotifDeLaDemande_Usager/input_OrganismeDAccueil'

2023-11-24 14:56:46 - [MESSAGE][INFO] - Checking timeout

2023-11-24 14:56:46 - [MESSAGE][INFO] - Finding web element with id: 'Object Repository/Page_MotifDeLaDemande_Usager/input_OrganismeDAccueil' located by 'By.xpath: /html/body/app-root/div/app-portal/main/app-theme-v2/div/app-demande-ptch/div/div[3]/app-motif-sejour-ptch/div[2]/div/p-accordion/div/form/p-accordiontab/div[2]/div/app-information-relatives-activite-recherche/div[1]/div/anef-input-text/div/div/div[1]/div/input' in '20' second(s)

2023-11-24 14:56:46 - [MESSAGE][INFO] - Smart Wait Function is triggered

2023-11-24 14:56:46 - [MESSAGE][INFO] - Found 1 web elements with id: 'Object Repository/Page_MotifDeLaDemande_Usager/input_OrganismeDAccueil' located by 'By.xpath: /html/body/app-root/div/app-portal/main/app-theme-v2/div/app-demande-ptch/div/div[3]/app-motif-sejour-ptch/div[2]/div/p-accordion/div/form/p-accordiontab/div[2]/div/app-information-relatives-activite-recherche/div[1]/div/anef-input-text/div/div/div[1]/div/input' in '20' second(s)

2023-11-24 14:56:46 - [MESSAGE][INFO] - Checking object

2023-11-24 14:56:46 - [MESSAGE][INFO] - Checking text

2023-11-24 14:56:46 - [MESSAGE][INFO] - Finding web element from Test Object's properties

2023-11-24 14:56:46 - [MESSAGE][INFO] - Checking timeout

2023-11-24 14:56:46 - [MESSAGE][INFO] - Finding web element with id: 'Object Repository/Page_MotifDeLaDemande_Usager/input_OrganismeDAccueil' located by 'By.xpath: /html/body/app-root/div/app-portal/main/app-theme-v2/div/app-demande-ptch/div/div[3]/app-motif-sejour-ptch/div[2]/div/p-accordion/div/form/p-accordiontab/div[2]/div/app-information-relatives-activite-recherche/div[1]/div/anef-input-text/div/div/div[1]/div/input' in '5' second(s)

2023-11-24 14:56:46 - [MESSAGE][INFO] - Smart Wait Function is triggered

2023-11-24 14:56:46 - [MESSAGE][INFO] - Found 1 web elements with id: 'Object Repository/Page_MotifDeLaDemande_Usager/input_OrganismeDAccueil' located by 'By.xpath: /html/body/app-root/div/app-portal/main/app-theme-v2/div/app-demande-ptch/div/div[3]/app-motif-sejour-ptch/div[2]/div/p-accordion/div/form/p-accordiontab/div[2]/div/app-information-relatives-activite-recherche/div[1]/div/anef-input-text/div/div/div[1]/div/input' in '5' second(s)

2023-11-24 14:56:46 - [MESSAGE][INFO] - Clearing text of object 'Object Repository/Page_MotifDeLaDemande_Usager/input_OrganismeDAccueil'

2023-11-24 14:56:48 - [MESSAGE][INFO] - Finding web element from Test Object's properties

2023-11-24 14:56:48 - [MESSAGE][INFO] - Checking timeout

2023-11-24 14:56:48 - [MESSAGE][INFO] - Finding web element with id: 'Object Repository/Page_MotifDeLaDemande_Usager/input_OrganismeDAccueil' located by 'By.xpath: /html/body/app-root/div/app-portal/main/app-theme-v2/div/app-demande-ptch/div/div[3]/app-motif-sejour-ptch/div[2]/div/p-accordion/div/form/p-accordiontab/div[2]/div/app-information-relatives-activite-recherche/div[1]/div/anef-input-text/div/div/div[1]/div/input' in '5' second(s)

2023-11-24 14:56:48 - [MESSAGE][INFO] - Smart Wait Function is triggered

2023-11-24 14:56:48 - [MESSAGE][INFO] - Found 1 web elements with id: 'Object Repository/Page_MotifDeLaDemande_Usager/input_OrganismeDAccueil' located by 'By.xpath: /html/body/app-root/div/app-portal/main/app-theme-v2/div/app-demande-ptch/div/div[3]/app-motif-sejour-ptch/div[2]/div/p-accordion/div/form/p-accordiontab/div[2]/div/app-information-relatives-activite-recherche/div[1]/div/anef-input-text/div/div/div[1]/div/input' in '5' second(s)

2023-11-24 14:56:48 - [MESSAGE][INFO] - Setting text of object 'Object Repository/Page_MotifDeLaDemande_Usager/input_OrganismeDAccueil' to value 'Organisme Accueil'

2023-11-24 14:56:50 - [MESSAGE][PASSED] - Text 'Organisme Accueil' is set on object 'Object Repository/Page_MotifDeLaDemande_Usager/input_OrganismeDAccueil'

2023-11-24 14:56:50 - [TEST_STEP][PASSED] - click(findTestObject("Object Repository/Page_MotifDeLaDemande_Usager/CheckBox_ProgrammeDeMobiliteDansUnionEuropeenne_Non")): Object: 'Object Repository/Page_MotifDeLaDemande_Usager/CheckBox_ProgrammeDeMobiliteDansUnionEuropeenne_Non' is clicked on

2023-11-24 14:56:50 - [MESSAGE][INFO] - Finding Test Object 'Object Repository/Page_MotifDeLaDemande_Usager/CheckBox_ProgrammeDeMobiliteDansUnionEuropeenne_Non'

2023-11-24 14:56:50 - [MESSAGE][INFO] - Checking timeout

2023-11-24 14:56:50 - [MESSAGE][INFO] - Finding web element with id: 'Object Repository/Page_MotifDeLaDemande_Usager/CheckBox_ProgrammeDeMobiliteDansUnionEuropeenne_Non' located by 'By.xpath: //div/app-information-relatives-activite-recherche/div[2]/div/anef-input-radio/div/div/fieldset/div/div[2]/p-radiobutton/div/div[2]/span' in '20' second(s)

2023-11-24 14:56:50 - [MESSAGE][INFO] - Smart Wait Function is triggered

2023-11-24 14:56:50 - [MESSAGE][INFO] - Found 1 web elements with id: 'Object Repository/Page_MotifDeLaDemande_Usager/CheckBox_ProgrammeDeMobiliteDansUnionEuropeenne_Non' located by 'By.xpath: //div/app-information-relatives-activite-recherche/div[2]/div/anef-input-radio/div/div/fieldset/div/div[2]/p-radiobutton/div/div[2]/span' in '20' second(s)

2023-11-24 14:56:50 - [MESSAGE][INFO] - Checking object

2023-11-24 14:56:50 - [MESSAGE][INFO] - Checking timeout

2023-11-24 14:56:50 - [MESSAGE][INFO] - Finding web element from Test Object's properties

2023-11-24 14:56:50 - [MESSAGE][INFO] - Checking timeout

2023-11-24 14:56:50 - [MESSAGE][INFO] - Finding web element with id: 'Object Repository/Page_MotifDeLaDemande_Usager/CheckBox_ProgrammeDeMobiliteDansUnionEuropeenne_Non' located by 'By.xpath: //div/app-information-relatives-activite-recherche/div[2]/div/anef-input-radio/div/div/fieldset/div/div[2]/p-radiobutton/div/div[2]/span' in '5' second(s)

2023-11-24 14:56:50 - [MESSAGE][INFO] - Smart Wait Function is triggered

2023-11-24 14:56:50 - [MESSAGE][INFO] - Found 1 web elements with id: 'Object Repository/Page_MotifDeLaDemande_Usager/CheckBox_ProgrammeDeMobiliteDansUnionEuropeenne_Non' located by 'By.xpath: //div/app-information-relatives-activite-recherche/div[2]/div/anef-input-radio/div/div/fieldset/div/div[2]/p-radiobutton/div/div[2]/span' in '5' second(s)

2023-11-24 14:56:50 - [MESSAGE][INFO] - Clicking on object: 'Object Repository/Page_MotifDeLaDemande_Usager/CheckBox_ProgrammeDeMobiliteDansUnionEuropeenne_Non'

2023-11-24 14:56:53 - [MESSAGE][PASSED] - Object: 'Object Repository/Page_MotifDeLaDemande_Usager/CheckBox_ProgrammeDeMobiliteDansUnionEuropeenne_Non' is clicked on

2023-11-24 14:56:53 - [TEST_STEP][PASSED] - click(findTestObject("Object Repository/Page_MotifDeLaDemande_Usager/Click_Select_NatureDuLienOrganismeAccueil")): Object: 'Object Repository/Page_MotifDeLaDemande_Usager/Click_Select_NatureDuLienOrganismeAccueil' is clicked on

2023-11-24 14:56:53 - [MESSAGE][INFO] - Finding Test Object 'Object Repository/Page_MotifDeLaDemande_Usager/Click_Select_NatureDuLienOrganismeAccueil'

2023-11-24 14:56:53 - [MESSAGE][INFO] - Checking timeout

2023-11-24 14:56:53 - [MESSAGE][INFO] - Finding web element with id: 'Object Repository/Page_MotifDeLaDemande_Usager/Click_Select_NatureDuLienOrganismeAccueil' located by 'By.xpath: //*[@id="NATURE_ORGANISME_ACCUEIL"]/div/div[3]/label' in '20' second(s)

2023-11-24 14:56:53 - [MESSAGE][INFO] - Smart Wait Function is triggered

2023-11-24 14:56:53 - [MESSAGE][INFO] - Found 1 web elements with id: 'Object Repository/Page_MotifDeLaDemande_Usager/Click_Select_NatureDuLienOrganismeAccueil' located by 'By.xpath: //*[@id="NATURE_ORGANISME_ACCUEIL"]/div/div[3]/label' in '20' second(s)

2023-11-24 14:56:53 - [MESSAGE][INFO] - Checking object

2023-11-24 14:56:53 - [MESSAGE][INFO] - Checking timeout

2023-11-24 14:56:53 - [MESSAGE][INFO] - Finding web element from Test Object's properties

2023-11-24 14:56:53 - [MESSAGE][INFO] - Checking timeout

2023-11-24 14:56:53 - [MESSAGE][INFO] - Finding web element with id: 'Object Repository/Page_MotifDeLaDemande_Usager/Click_Select_NatureDuLienOrganismeAccueil' located by 'By.xpath: //*[@id="NATURE_ORGANISME_ACCUEIL"]/div/div[3]/label' in '5' second(s)

2023-11-24 14:56:53 - [MESSAGE][INFO] - Smart Wait Function is triggered

2023-11-24 14:56:53 - [MESSAGE][INFO] - Found 1 web elements with id: 'Object Repository/Page_MotifDeLaDemande_Usager/Click_Select_NatureDuLienOrganismeAccueil' located by 'By.xpath: //*[@id="NATURE_ORGANISME_ACCUEIL"]/div/div[3]/label' in '5' second(s)

2023-11-24 14:56:53 - [MESSAGE][INFO] - Clicking on object: 'Object Repository/Page_MotifDeLaDemande_Usager/Click_Select_NatureDuLienOrganismeAccueil'

2023-11-24 14:56:55 - [MESSAGE][PASSED] - Object: 'Object Repository/Page_MotifDeLaDemande_Usager/Click_Select_NatureDuLienOrganismeAccueil' is clicked on

2023-11-24 14:56:55 - [TEST_STEP][PASSED] - click(findTestObject("Object Repository/Page_MotifDeLaDemande_Usager/Click_Select_Value_NatureDuLienOrganismeAccueil")): Object: 'Object Repository/Page_MotifDeLaDemande_Usager/Click_Select_Value_NatureDuLienOrganismeAccueil' is clicked on

2023-11-24 14:56:55 - [MESSAGE][INFO] - Finding Test Object 'Object Repository/Page_MotifDeLaDemande_Usager/Click_Select_Value_NatureDuLienOrganismeAccueil'

2023-11-24 14:56:55 - [MESSAGE][INFO] - Checking timeout

2023-11-24 14:56:55 - [MESSAGE][INFO] - Finding web element with id: 'Object Repository/Page_MotifDeLaDemande_Usager/Click_Select_Value_NatureDuLienOrganismeAccueil' located by 'By.xpath: //*[@id="NATURE_ORGANISME_ACCUEIL"]/div/div[5]/div/ul/p-dropdownitem[2]/li/span' in '20' second(s)

2023-11-24 14:56:55 - [MESSAGE][INFO] - Smart Wait Function is triggered

2023-11-24 14:56:55 - [MESSAGE][INFO] - Found 1 web elements with id: 'Object Repository/Page_MotifDeLaDemande_Usager/Click_Select_Value_NatureDuLienOrganismeAccueil' located by 'By.xpath: //*[@id="NATURE_ORGANISME_ACCUEIL"]/div/div[5]/div/ul/p-dropdownitem[2]/li/span' in '20' second(s)

2023-11-24 14:56:55 - [MESSAGE][INFO] - Checking object

2023-11-24 14:56:55 - [MESSAGE][INFO] - Checking timeout

2023-11-24 14:56:55 - [MESSAGE][INFO] - Finding web element from Test Object's properties

2023-11-24 14:56:55 - [MESSAGE][INFO] - Checking timeout

2023-11-24 14:56:55 - [MESSAGE][INFO] - Finding web element with id: 'Object Repository/Page_MotifDeLaDemande_Usager/Click_Select_Value_NatureDuLienOrganismeAccueil' located by 'By.xpath: //*[@id="NATURE_ORGANISME_ACCUEIL"]/div/div[5]/div/ul/p-dropdownitem[2]/li/span' in '5' second(s)

2023-11-24 14:56:55 - [MESSAGE][INFO] - Smart Wait Function is triggered

2023-11-24 14:56:55 - [MESSAGE][INFO] - Found 1 web elements with id: 'Object Repository/Page_MotifDeLaDemande_Usager/Click_Select_Value_NatureDuLienOrganismeAccueil' located by 'By.xpath: //*[@id="NATURE_ORGANISME_ACCUEIL"]/div/div[5]/div/ul/p-dropdownitem[2]/li/span' in '5' second(s)

2023-11-24 14:56:55 - [MESSAGE][INFO] - Clicking on object: 'Object Repository/Page_MotifDeLaDemande_Usager/Click_Select_Value_NatureDuLienOrganismeAccueil'

2023-11-24 14:56:57 - [MESSAGE][PASSED] - Object: 'Object Repository/Page_MotifDeLaDemande_Usager/Click_Select_Value_NatureDuLienOrganismeAccueil' is clicked on

2023-11-24 14:56:57 - [TEST_STEP][PASSED] - click(findTestObject("Object Repository/Page_DemarcheRenouvellement/btn_EnregistrerEtPoursuivre")): Object: 'Object Repository/Page_DemarcheRenouvellement/btn_EnregistrerEtPoursuivre' is clicked on

2023-11-24 14:56:57 - [MESSAGE][INFO] - Finding Test Object 'Object Repository/Page_DemarcheRenouvellement/btn_EnregistrerEtPoursuivre'

2023-11-24 14:56:57 - [MESSAGE][INFO] - Checking timeout

2023-11-24 14:56:57 - [MESSAGE][INFO] - Finding web element with id: 'Object Repository/Page_DemarcheRenouvellement/btn_EnregistrerEtPoursuivre' located by 'By.xpath: //span[text()='Enregistrer et poursuivre >']' in '20' second(s)

2023-11-24 14:56:57 - [MESSAGE][INFO] - Smart Wait Function is triggered

2023-11-24 14:56:57 - [MESSAGE][INFO] - Found 1 web elements with id: 'Object Repository/Page_DemarcheRenouvellement/btn_EnregistrerEtPoursuivre' located by 'By.xpath: //span[text()='Enregistrer et poursuivre >']' in '20' second(s)

2023-11-24 14:56:57 - [MESSAGE][INFO] - Checking object

2023-11-24 14:56:57 - [MESSAGE][INFO] - Checking timeout

2023-11-24 14:56:57 - [MESSAGE][INFO] - Finding web element from Test Object's properties

2023-11-24 14:56:57 - [MESSAGE][INFO] - Checking timeout

2023-11-24 14:56:57 - [MESSAGE][INFO] - Finding web element with id: 'Object Repository/Page_DemarcheRenouvellement/btn_EnregistrerEtPoursuivre' located by 'By.xpath: //span[text()='Enregistrer et poursuivre >']' in '5' second(s)

2023-11-24 14:56:57 - [MESSAGE][INFO] - Smart Wait Function is triggered

2023-11-24 14:56:57 - [MESSAGE][INFO] - Found 1 web elements with id: 'Object Repository/Page_DemarcheRenouvellement/btn_EnregistrerEtPoursuivre' located by 'By.xpath: //span[text()='Enregistrer et poursuivre >']' in '5' second(s)

2023-11-24 14:56:57 - [MESSAGE][INFO] - Clicking on object: 'Object Repository/Page_DemarcheRenouvellement/btn_EnregistrerEtPoursuivre'

2023-11-24 14:56:59 - [MESSAGE][PASSED] - Object: 'Object Repository/Page_DemarcheRenouvellement/btn_EnregistrerEtPoursuivre' is clicked on

2023-11-24 14:56:59 - [TEST_STEP][PASSED] - delay(2): Delayed 2 second(s)

2023-11-24 14:56:59 - [MESSAGE][INFO] - Delaying browser in 2 second(s)

2023-11-24 14:57:01 - [MESSAGE][PASSED] - Delayed 2 second(s)

2023-11-24 14:57:01 - [TEST_STEP][PASSED] - if (TypeTitreDeSejour == "FrenchTechVisaForInvestors" && Titre == "Visiteur" || Titre == "Etudiant"): null

2023-11-24 14:57:01 - [TEST_STEP][PASSED] - if (TypeTitreDeSejour == "CreateurDEntreprise" && Titre == "Visiteur" || TypeTitreDeSejour == "CreateurDEntreprise" && Titre == "Etudiant"): null

2023-11-24 14:57:01 - [TEST_STEP][PASSED] - if (TypeTitreDeSejour == "FrenchTechVisaForFounders" && Titre == "Etudiant" || TypeTitreDeSejour == "FrenchTechVisaForFounders" && Titre == "Visiteur"): null

2023-11-24 14:57:01 - [TEST_STEP][PASSED] - if (TypeTitreDeSejour == "MandataireSocial" && Titre == "Etudiant" || TypeTitreDeSejour == "MandataireSocial" && Titre == "Visiteur"): null

2023-11-24 14:57:01 - [TEST_STEP][PASSED] - if (TypeTitreDeSejour == "ArtisteNonSalarie" && Titre == "Etudiant" || TypeTitreDeSejour == "ArtisteNonSalarie" && Titre == "Visiteur"): null

2023-11-24 14:57:01 - [TEST_STEP][PASSED] - if (TypeTitreDeSejour == "ArtisteSalarie" && Titre == "Etudiant" || TypeTitreDeSejour == "ArtisteSalarie" && Titre == "Visiteur"): null

2023-11-24 14:57:01 - [TEST_STEP][PASSED] - if (TypeTitreDeSejour == "MembreDeFamillePasseportTalent_Conjoint" && Titre == "Etudiant" || TypeTitreDeSejour == "MembreDeFamillePasseportTalent_Conjoint" && Titre == "Visiteur"): null

2023-11-24 14:57:01 - [MESSAGE][PASSED] - Call Test Case 'Test Cases/Test Reutilisable/DemandeOuRenouvelle_TitreSejour/FormulaireMotifDeLaDemande' successfully

2023-11-24 14:57:01 - [TEST_STEP][PASSED] - if (TypeTitreDeSejour == "RenouvellementDeTitreSejour" || TypeTitreDeSejour == "Visiteur" && Titre == "Etudiant" || Titre == "Visiteur"): null

2023-11-24 14:57:01 - [TEST_STEP][PASSED] - callTestCase(findTestCase("Test Reutilisable/DemandeOuRenouvelle_TitreSejour/FormulaireJustificatifs"), ["TypeTitreDeSejour":TypeTitreDeSejour, "Titre":Titre, "NumEphoto":NumEphoto], STOP_ON_FAILURE): Call Test Case 'Test Cases/Test Reutilisable/DemandeOuRenouvelle_TitreSejour/FormulaireJustificatifs' successfully

2023-11-24 14:57:01 - [MESSAGE][INFO] - Checking called Test Case

2023-11-24 14:57:01 - [MESSAGE][INFO] - Starting to call Test Case 'Test Cases/Test Reutilisable/DemandeOuRenouvelle_TitreSejour/FormulaireJustificatifs'

2023-11-24 14:57:01 - [TEST_CASE][PASSED] - Test Cases/Test Reutilisable/DemandeOuRenouvelle_TitreSejour/FormulaireJustificatifs: Test Cases/Test Reutilisable/DemandeOuRenouvelle_TitreSejour/FormulaireJustificatifs

2023-11-24 14:57:03 - [TEST_STEP][PASSED] - com.kazurayam.ksbackyard.HighlightElement.pandemic(): com.kazurayam.ksbackyard.HighlightElement.pandemic is PASSED

2023-11-24 14:57:03 - [MESSAGE][PASSED] - com.kazurayam.ksbackyard.HighlightElement.pandemic is PASSED

2023-11-24 14:57:03 - [TEST_STEP][PASSED] - RunBrowserConfiguration = getExecutionProperties(): null

2023-11-24 14:57:03 - [TEST_STEP][PASSED] - DriverName = DriverName: null

2023-11-24 14:57:03 - [TEST_STEP][PASSED] - driver = getWebDriver(): null

2023-11-24 14:57:03 - [TEST_STEP][PASSED] - wrappedDriver = driver.getWrappedDriver(): null

2023-11-24 14:57:03 - [TEST_STEP][PASSED] - out.println(wrappedDriver.getClass()): null

2023-11-24 14:57:03 - [TEST_STEP][PASSED] - if (class == com.kms.katalon.selenium.driver.CRemoteWebDriver): null

2023-11-24 14:57:03 - [TEST_STEP][PASSED] - SpecificDownloadDirectory = "": null

2023-11-24 14:57:03 - [TEST_STEP][PASSED] - if (DriverName == "FIREFOX_DRIVER"): null

2023-11-24 14:57:03 - [TEST_STEP][PASSED] - else if (class == "CRemoteWebDriver"): null

2023-11-24 14:57:03 - [TEST_STEP][PASSED] - else: null

2023-11-24 14:57:03 - [TEST_STEP][PASSED] - SpecificDownloadDirectory = getProjectDir() + "/Data Files": null

2023-11-24 14:57:03 - [TEST_STEP][PASSED] - println("SpecificDownloadDirectory : " + SpecificDownloadDirectory): null

2023-11-24 14:57:03 - [TEST_STEP][PASSED] - if (TypeTitreDeSejour == "RenouvellementDeTitreSejour" && Titre == "Etudiant"): null

2023-11-24 14:57:03 - [TEST_STEP][PASSED] - if (TypeTitreDeSejour == "RenouvellementDeTitreSejour" && Titre == "Visiteur" || TypeTitreDeSejour == "Visiteur" && Titre == "Etudiant"): null

2023-11-24 14:57:03 - [TEST_STEP][PASSED] - println("TypeTitreDeSejour :" + TypeTitreDeSejour): null

2023-11-24 14:57:03 - [TEST_STEP][PASSED] - if (TypeTitreDeSejour == "TS-PT-CarteBleueEuropeenne" || TypeTitreDeSejour == "TS-PT-SalarieEnMission"): null

2023-11-24 14:57:03 - [TEST_STEP][PASSED] - if (TypeTitreDeSejour == "TS-PT-SalarieQualifie" || TypeTitreDeSejour == "TS-PT-SalarieEntrepriseInnovante" || TypeTitreDeSejour == "ChercheurEtChercheurEnMobilite"): Object: 'Object Repository/Page_DemarcheRenouvellement/btn_EnregistrerEtPoursuivre' is clicked on

2023-11-24 14:57:03 - [TEST_STEP][PASSED] - uploadFile(findTestObject("Object Repository/Page_Justificatifs_Usager/Btn_ChoisirFichier_TitreSejourValide"), SpecificDownloadDirectory + "/EtatCivil.pdf"): File 'C:/Users/ISSAM.RHARBAOUI/git/22_11/ANEF-AutomatizationProject/Data Files/EtatCivil.pdf' sent to object: 'Object Repository/Page_Justificatifs_Usager/Btn_ChoisirFichier_TitreSejourValide'

2023-11-24 14:57:03 - [MESSAGE][INFO] - Finding Test Object 'Object Repository/Page_Justificatifs_Usager/Btn_ChoisirFichier_TitreSejourValide'

2023-11-24 14:57:03 - [MESSAGE][INFO] - Checking object

2023-11-24 14:57:03 - [MESSAGE][INFO] - Uploading file 'C:/Users/ISSAM.RHARBAOUI/git/22_11/ANEF-AutomatizationProject/Data Files/EtatCivil.pdf' to object: 'Object Repository/Page_Justificatifs_Usager/Btn_ChoisirFichier_TitreSejourValide'

2023-11-24 14:57:03 - [MESSAGE][INFO] - Finding web element from Test Object's properties

2023-11-24 14:57:03 - [MESSAGE][INFO] - Checking timeout

2023-11-24 14:57:03 - [MESSAGE][INFO] - Finding web element with id: 'Object Repository/Page_Justificatifs_Usager/Btn_ChoisirFichier_TitreSejourValide' located by 'By.xpath: //app-justificatifs-visiteur//app-justificatif-titre-sejour//app-pieces-jointes//span[1]/input|//app-justificatifs-ptsq//app-justificatif-titre-sejour//app-pieces-jointes//span[1]/input|//app-justificatifs/div[2]/div/p-accordion/div/p-accordiontab[1]/div[2]/div/div[1]/div/app-pieces-jointes[1]/div/span[1]/input|//div/div/div/app-justificatif-titre-sejour/div/app-pieces-jointes/div/span[1]/input
' in '5' second(s)

2023-11-24 14:57:03 - [MESSAGE][INFO] - Smart Wait Function is triggered

2023-11-24 14:57:03 - [MESSAGE][INFO] - Found 1 web elements with id: 'Object Repository/Page_Justificatifs_Usager/Btn_ChoisirFichier_TitreSejourValide' located by 'By.xpath: //app-justificatifs-visiteur//app-justificatif-titre-sejour//app-pieces-jointes//span[1]/input|//app-justificatifs-ptsq//app-justificatif-titre-sejour//app-pieces-jointes//span[1]/input|//app-justificatifs/div[2]/div/p-accordion/div/p-accordiontab[1]/div[2]/div/div[1]/div/app-pieces-jointes[1]/div/span[1]/input|//div/div/div/app-justificatif-titre-sejour/div/app-pieces-jointes/div/span[1]/input
' in '5' second(s)

2023-11-24 14:57:05 - [MESSAGE][PASSED] - File 'C:/Users/ISSAM.RHARBAOUI/git/22_11/ANEF-AutomatizationProject/Data Files/EtatCivil.pdf' sent to object: 'Object Repository/Page_Justificatifs_Usager/Btn_ChoisirFichier_TitreSejourValide'

2023-11-24 14:57:05 - [TEST_STEP][PASSED] - delay(5): Delayed 5 second(s)

2023-11-24 14:57:05 - [MESSAGE][INFO] - Delaying browser in 5 second(s)

2023-11-24 14:57:10 - [MESSAGE][PASSED] - Delayed 5 second(s)

2023-11-24 14:57:10 - [TEST_STEP][PASSED] - uploadFile(findTestObject("Object Repository/Page_Justificatifs_Usager/Btn_ChoisirFichier_Passeport"), SpecificDownloadDirectory + "/Passeport.pdf"): File 'C:/Users/ISSAM.RHARBAOUI/git/22_11/ANEF-AutomatizationProject/Data Files/Passeport.pdf' sent to object: 'Object Repository/Page_Justificatifs_Usager/Btn_ChoisirFichier_Passeport'

2023-11-24 14:57:10 - [MESSAGE][INFO] - Finding Test Object 'Object Repository/Page_Justificatifs_Usager/Btn_ChoisirFichier_Passeport'

2023-11-24 14:57:10 - [MESSAGE][INFO] - Checking object

2023-11-24 14:57:10 - [MESSAGE][INFO] - Uploading file 'C:/Users/ISSAM.RHARBAOUI/git/22_11/ANEF-AutomatizationProject/Data Files/Passeport.pdf' to object: 'Object Repository/Page_Justificatifs_Usager/Btn_ChoisirFichier_Passeport'

2023-11-24 14:57:10 - [MESSAGE][INFO] - Finding web element from Test Object's properties

2023-11-24 14:57:10 - [MESSAGE][INFO] - Checking timeout

2023-11-24 14:57:10 - [MESSAGE][INFO] - Finding web element with id: 'Object Repository/Page_Justificatifs_Usager/Btn_ChoisirFichier_Passeport' located by 'By.xpath: //app-justificatifs-visiteur//app-justificatif-passeport//app-pieces-jointes//span[1]/input|//app-justificatifs-ptsq//app-justificatif-passeport//app-pieces-jointes//span[1]/input|//app-justificatifs/div[2]/div/p-accordion/div/p-accordiontab[1]/div[2]/div/div[1]/div/app-pieces-jointes[2]/div/span[1]/input|//div/div/app-justificatif-passeport/div/app-pieces-jointes/div/span[1]/input' in '5' second(s)

2023-11-24 14:57:10 - [MESSAGE][INFO] - Smart Wait Function is triggered

2023-11-24 14:57:10 - [MESSAGE][INFO] - Found 1 web elements with id: 'Object Repository/Page_Justificatifs_Usager/Btn_ChoisirFichier_Passeport' located by 'By.xpath: //app-justificatifs-visiteur//app-justificatif-passeport//app-pieces-jointes//span[1]/input|//app-justificatifs-ptsq//app-justificatif-passeport//app-pieces-jointes//span[1]/input|//app-justificatifs/div[2]/div/p-accordion/div/p-accordiontab[1]/div[2]/div/div[1]/div/app-pieces-jointes[2]/div/span[1]/input|//div/div/app-justificatif-passeport/div/app-pieces-jointes/div/span[1]/input' in '5' second(s)

2023-11-24 14:57:12 - [MESSAGE][PASSED] - File 'C:/Users/ISSAM.RHARBAOUI/git/22_11/ANEF-AutomatizationProject/Data Files/Passeport.pdf' sent to object: 'Object Repository/Page_Justificatifs_Usager/Btn_ChoisirFichier_Passeport'

2023-11-24 14:57:12 - [TEST_STEP][PASSED] - delay(5): Delayed 5 second(s)

2023-11-24 14:57:12 - [MESSAGE][INFO] - Delaying browser in 5 second(s)

2023-11-24 14:57:17 - [MESSAGE][PASSED] - Delayed 5 second(s)

2023-11-24 14:57:17 - [TEST_STEP][PASSED] - setText(findTestObject("Object Repository/Page_Justificatifs_Usager/Input_Numero_Ephoto"), NumEphoto): Text '1PMTYE991215114515JY05' is set on object 'Object Repository/Page_Justificatifs_Usager/Input_Numero_Ephoto'

2023-11-24 14:57:17 - [MESSAGE][INFO] - Finding Test Object 'Object Repository/Page_Justificatifs_Usager/Input_Numero_Ephoto'

2023-11-24 14:57:17 - [MESSAGE][INFO] - Checking timeout

2023-11-24 14:57:17 - [MESSAGE][INFO] - Finding web element with id: 'Object Repository/Page_Justificatifs_Usager/Input_Numero_Ephoto' located by 'By.xpath: //*[@aria-labelledby="PHOTO_NUMBER-label" and @type ="text"]|//*[@aria-labelledby="PHOTO_IDENTITE-label" and @type ="text"]' in '20' second(s)

2023-11-24 14:57:17 - [MESSAGE][INFO] - Smart Wait Function is triggered

2023-11-24 14:57:17 - [MESSAGE][INFO] - Found 1 web elements with id: 'Object Repository/Page_Justificatifs_Usager/Input_Numero_Ephoto' located by 'By.xpath: //*[@aria-labelledby="PHOTO_NUMBER-label" and @type ="text"]|//*[@aria-labelledby="PHOTO_IDENTITE-label" and @type ="text"]' in '20' second(s)

2023-11-24 14:57:17 - [MESSAGE][INFO] - Checking object

2023-11-24 14:57:17 - [MESSAGE][INFO] - Checking text

2023-11-24 14:57:17 - [MESSAGE][INFO] - Finding web element from Test Object's properties

2023-11-24 14:57:17 - [MESSAGE][INFO] - Checking timeout

2023-11-24 14:57:17 - [MESSAGE][INFO] - Finding web element with id: 'Object Repository/Page_Justificatifs_Usager/Input_Numero_Ephoto' located by 'By.xpath: //*[@aria-labelledby="PHOTO_NUMBER-label" and @type ="text"]|//*[@aria-labelledby="PHOTO_IDENTITE-label" and @type ="text"]' in '5' second(s)

2023-11-24 14:57:17 - [MESSAGE][INFO] - Smart Wait Function is triggered

2023-11-24 14:57:17 - [MESSAGE][INFO] - Found 1 web elements with id: 'Object Repository/Page_Justificatifs_Usager/Input_Numero_Ephoto' located by 'By.xpath: //*[@aria-labelledby="PHOTO_NUMBER-label" and @type ="text"]|//*[@aria-labelledby="PHOTO_IDENTITE-label" and @type ="text"]' in '5' second(s)

2023-11-24 14:57:17 - [MESSAGE][INFO] - Clearing text of object 'Object Repository/Page_Justificatifs_Usager/Input_Numero_Ephoto'

2023-11-24 14:57:19 - [MESSAGE][INFO] - Finding web element from Test Object's properties

2023-11-24 14:57:19 - [MESSAGE][INFO] - Checking timeout

2023-11-24 14:57:19 - [MESSAGE][INFO] - Finding web element with id: 'Object Repository/Page_Justificatifs_Usager/Input_Numero_Ephoto' located by 'By.xpath: //*[@aria-labelledby="PHOTO_NUMBER-label" and @type ="text"]|//*[@aria-labelledby="PHOTO_IDENTITE-label" and @type ="text"]' in '5' second(s)

2023-11-24 14:57:19 - [MESSAGE][INFO] - Smart Wait Function is triggered

2023-11-24 14:57:19 - [MESSAGE][INFO] - Found 1 web elements with id: 'Object Repository/Page_Justificatifs_Usager/Input_Numero_Ephoto' located by 'By.xpath: //*[@aria-labelledby="PHOTO_NUMBER-label" and @type ="text"]|//*[@aria-labelledby="PHOTO_IDENTITE-label" and @type ="text"]' in '5' second(s)

2023-11-24 14:57:19 - [MESSAGE][INFO] - Setting text of object 'Object Repository/Page_Justificatifs_Usager/Input_Numero_Ephoto' to value '1PMTYE991215114515JY05'

2023-11-24 14:57:23 - [MESSAGE][PASSED] - Text '1PMTYE991215114515JY05' is set on object 'Object Repository/Page_Justificatifs_Usager/Input_Numero_Ephoto'

2023-11-24 14:57:23 - [TEST_STEP][PASSED] - click(findTestObject("Object Repository/Page_Justificatifs_Usager/Btn_ConfirmerNumeroEphoto")): Object: 'Object Repository/Page_Justificatifs_Usager/Btn_ConfirmerNumeroEphoto' is clicked on

2023-11-24 14:57:23 - [MESSAGE][INFO] - Finding Test Object 'Object Repository/Page_Justificatifs_Usager/Btn_ConfirmerNumeroEphoto'

2023-11-24 14:57:23 - [MESSAGE][INFO] - Checking timeout

2023-11-24 14:57:23 - [MESSAGE][INFO] - Finding web element with id: 'Object Repository/Page_Justificatifs_Usager/Btn_ConfirmerNumeroEphoto' located by 'By.xpath: //div/app-e-photo//div/button/span|//app-justificatifs/div[2]/div/p-accordion/div/p-accordiontab[1]/div[2]/div/div[1]/div/button/span' in '20' second(s)

2023-11-24 14:57:23 - [MESSAGE][INFO] - Smart Wait Function is triggered

2023-11-24 14:57:23 - [MESSAGE][INFO] - Found 1 web elements with id: 'Object Repository/Page_Justificatifs_Usager/Btn_ConfirmerNumeroEphoto' located by 'By.xpath: //div/app-e-photo//div/button/span|//app-justificatifs/div[2]/div/p-accordion/div/p-accordiontab[1]/div[2]/div/div[1]/div/button/span' in '20' second(s)

2023-11-24 14:57:23 - [MESSAGE][INFO] - Checking object

2023-11-24 14:57:23 - [MESSAGE][INFO] - Checking timeout

2023-11-24 14:57:23 - [MESSAGE][INFO] - Finding web element from Test Object's properties

2023-11-24 14:57:23 - [MESSAGE][INFO] - Checking timeout

2023-11-24 14:57:23 - [MESSAGE][INFO] - Finding web element with id: 'Object Repository/Page_Justificatifs_Usager/Btn_ConfirmerNumeroEphoto' located by 'By.xpath: //div/app-e-photo//div/button/span|//app-justificatifs/div[2]/div/p-accordion/div/p-accordiontab[1]/div[2]/div/div[1]/div/button/span' in '5' second(s)

2023-11-24 14:57:23 - [MESSAGE][INFO] - Smart Wait Function is triggered

2023-11-24 14:57:23 - [MESSAGE][INFO] - Found 1 web elements with id: 'Object Repository/Page_Justificatifs_Usager/Btn_ConfirmerNumeroEphoto' located by 'By.xpath: //div/app-e-photo//div/button/span|//app-justificatifs/div[2]/div/p-accordion/div/p-accordiontab[1]/div[2]/div/div[1]/div/button/span' in '5' second(s)

2023-11-24 14:57:23 - [MESSAGE][INFO] - Clicking on object: 'Object Repository/Page_Justificatifs_Usager/Btn_ConfirmerNumeroEphoto'

2023-11-24 14:57:25 - [MESSAGE][PASSED] - Object: 'Object Repository/Page_Justificatifs_Usager/Btn_ConfirmerNumeroEphoto' is clicked on

2023-11-24 14:57:25 - [TEST_STEP][PASSED] - delay(5): Delayed 5 second(s)

2023-11-24 14:57:25 - [MESSAGE][INFO] - Delaying browser in 5 second(s)

2023-11-24 14:57:30 - [MESSAGE][PASSED] - Delayed 5 second(s)

2023-11-24 14:57:30 - [TEST_STEP][PASSED] - uploadFile(findTestObject("Object Repository/Page_Justificatifs_Usager/Btn_ChoisirFichier_Domiciliation"), SpecificDownloadDirectory + "/Domiciliation.pdf"): File 'C:/Users/ISSAM.RHARBAOUI/git/22_11/ANEF-AutomatizationProject/Data Files/Domiciliation.pdf' sent to object: 'Object Repository/Page_Justificatifs_Usager/Btn_ChoisirFichier_Domiciliation'

2023-11-24 14:57:30 - [MESSAGE][INFO] - Finding Test Object 'Object Repository/Page_Justificatifs_Usager/Btn_ChoisirFichier_Domiciliation'

2023-11-24 14:57:30 - [MESSAGE][INFO] - Checking object

2023-11-24 14:57:30 - [MESSAGE][INFO] - Uploading file 'C:/Users/ISSAM.RHARBAOUI/git/22_11/ANEF-AutomatizationProject/Data Files/Domiciliation.pdf' to object: 'Object Repository/Page_Justificatifs_Usager/Btn_ChoisirFichier_Domiciliation'

2023-11-24 14:57:30 - [MESSAGE][INFO] - Finding web element from Test Object's properties

2023-11-24 14:57:30 - [MESSAGE][INFO] - Checking timeout

2023-11-24 14:57:30 - [MESSAGE][INFO] - Finding web element with id: 'Object Repository/Page_Justificatifs_Usager/Btn_ChoisirFichier_Domiciliation' located by 'By.xpath: //app-justificatifs-visiteur//app-justificatifs-domiciliation//app-pieces-jointes//span[1]/input|//app-justificatifs-ptsq//app-justificatifs-domiciliation//app-pieces-jointes//span[1]/input|//app-justificatifs/div[2]/div/p-accordion/div/p-accordiontab[1]/div[2]/div/div[2]/div/app-pieces-jointes/div/span[1]/input|//div/app-justificatifs-domiciliation/div/div/app-pieces-jointes/div/span[1]/input' in '5' second(s)

2023-11-24 14:57:30 - [MESSAGE][INFO] - Smart Wait Function is triggered

2023-11-24 14:57:30 - [MESSAGE][INFO] - Found 2 web elements with id: 'Object Repository/Page_Justificatifs_Usager/Btn_ChoisirFichier_Domiciliation' located by 'By.xpath: //app-justificatifs-visiteur//app-justificatifs-domiciliation//app-pieces-jointes//span[1]/input|//app-justificatifs-ptsq//app-justificatifs-domiciliation//app-pieces-jointes//span[1]/input|//app-justificatifs/div[2]/div/p-accordion/div/p-accordiontab[1]/div[2]/div/div[2]/div/app-pieces-jointes/div/span[1]/input|//div/app-justificatifs-domiciliation/div/div/app-pieces-jointes/div/span[1]/input' in '5' second(s)

2023-11-24 14:57:32 - [MESSAGE][PASSED] - File 'C:/Users/ISSAM.RHARBAOUI/git/22_11/ANEF-AutomatizationProject/Data Files/Domiciliation.pdf' sent to object: 'Object Repository/Page_Justificatifs_Usager/Btn_ChoisirFichier_Domiciliation'

2023-11-24 14:57:32 - [TEST_STEP][PASSED] - delay(5): Delayed 5 second(s)

2023-11-24 14:57:32 - [MESSAGE][INFO] - Delaying browser in 5 second(s)

2023-11-24 14:57:37 - [MESSAGE][PASSED] - Delayed 5 second(s)

2023-11-24 14:57:37 - [TEST_STEP][PASSED] - uploadFile(findTestObject("Object Repository/Page_Justificatifs_Usager/Btn_ChoisirFichier_DiplomeObtenuEnFrance"), SpecificDownloadDirectory + "/DiplomeObtenuEnFrance.pdf"): File 'C:/Users/ISSAM.RHARBAOUI/git/22_11/ANEF-AutomatizationProject/Data Files/DiplomeObtenuEnFrance.pdf' sent to object: 'Object Repository/Page_Justificatifs_Usager/Btn_ChoisirFichier_DiplomeObtenuEnFrance'

2023-11-24 14:57:37 - [MESSAGE][INFO] - Finding Test Object 'Object Repository/Page_Justificatifs_Usager/Btn_ChoisirFichier_DiplomeObtenuEnFrance'

2023-11-24 14:57:37 - [MESSAGE][INFO] - Checking object

2023-11-24 14:57:37 - [MESSAGE][INFO] - Uploading file 'C:/Users/ISSAM.RHARBAOUI/git/22_11/ANEF-AutomatizationProject/Data Files/DiplomeObtenuEnFrance.pdf' to object: 'Object Repository/Page_Justificatifs_Usager/Btn_ChoisirFichier_DiplomeObtenuEnFrance'

2023-11-24 14:57:37 - [MESSAGE][INFO] - Finding web element from Test Object's properties

2023-11-24 14:57:37 - [MESSAGE][INFO] - Checking timeout

2023-11-24 14:57:37 - [MESSAGE][INFO] - Finding web element with id: 'Object Repository/Page_Justificatifs_Usager/Btn_ChoisirFichier_DiplomeObtenuEnFrance' located by 'By.xpath: //app-justificatifs-visiteur//p-accordiontab[2]//div[2]/app-pieces-jointes//span[1]/input|//app-justificatifs-ptsq//p-accordiontab[2]//div[2]/app-pieces-jointes//span[1]/input|//app-justificatifs/div[2]/div/p-accordion/div/p-accordiontab[2]/div[2]/div/app-pieces-jointes[3]/div/span[1]/input|//div/div/app-justificatif-diplome-chercheur/div/app-pieces-jointes/div/span[1]/input
' in '5' second(s)

2023-11-24 14:57:37 - [MESSAGE][INFO] - Smart Wait Function is triggered

2023-11-24 14:57:37 - [MESSAGE][INFO] - Found 1 web elements with id: 'Object Repository/Page_Justificatifs_Usager/Btn_ChoisirFichier_DiplomeObtenuEnFrance' located by 'By.xpath: //app-justificatifs-visiteur//p-accordiontab[2]//div[2]/app-pieces-jointes//span[1]/input|//app-justificatifs-ptsq//p-accordiontab[2]//div[2]/app-pieces-jointes//span[1]/input|//app-justificatifs/div[2]/div/p-accordion/div/p-accordiontab[2]/div[2]/div/app-pieces-jointes[3]/div/span[1]/input|//div/div/app-justificatif-diplome-chercheur/div/app-pieces-jointes/div/span[1]/input
' in '5' second(s)

2023-11-24 14:57:39 - [MESSAGE][PASSED] - File 'C:/Users/ISSAM.RHARBAOUI/git/22_11/ANEF-AutomatizationProject/Data Files/DiplomeObtenuEnFrance.pdf' sent to object: 'Object Repository/Page_Justificatifs_Usager/Btn_ChoisirFichier_DiplomeObtenuEnFrance'

2023-11-24 14:57:39 - [TEST_STEP][PASSED] - delay(5): Delayed 5 second(s)

2023-11-24 14:57:39 - [MESSAGE][INFO] - Delaying browser in 5 second(s)

2023-11-24 14:57:44 - [MESSAGE][PASSED] - Delayed 5 second(s)

2023-11-24 14:57:44 - [TEST_STEP][PASSED] - uploadFile(findTestObject("Object Repository/Page_Justificatifs_Usager/Btn_ChoisirFichier_AttestationDEmployeur"), SpecificDownloadDirectory + "/AttestationEmployeur.pdf"): File 'C:/Users/ISSAM.RHARBAOUI/git/22_11/ANEF-AutomatizationProject/Data Files/AttestationEmployeur.pdf' sent to object: 'Object Repository/Page_Justificatifs_Usager/Btn_ChoisirFichier_AttestationDEmployeur'

2023-11-24 14:57:44 - [MESSAGE][INFO] - Finding Test Object 'Object Repository/Page_Justificatifs_Usager/Btn_ChoisirFichier_AttestationDEmployeur'

2023-11-24 14:57:44 - [MESSAGE][INFO] - Checking object

2023-11-24 14:57:44 - [MESSAGE][INFO] - Uploading file 'C:/Users/ISSAM.RHARBAOUI/git/22_11/ANEF-AutomatizationProject/Data Files/AttestationEmployeur.pdf' to object: 'Object Repository/Page_Justificatifs_Usager/Btn_ChoisirFichier_AttestationDEmployeur'

2023-11-24 14:57:44 - [MESSAGE][INFO] - Finding web element from Test Object's properties

2023-11-24 14:57:44 - [MESSAGE][INFO] - Checking timeout

2023-11-24 14:57:44 - [MESSAGE][INFO] - Finding web element with id: 'Object Repository/Page_Justificatifs_Usager/Btn_ChoisirFichier_AttestationDEmployeur' located by 'By.xpath: //app-justificatifs-visiteur//p-accordiontab[2]//div[1]/app-pieces-jointes//span[1]/input|//app-justificatifs-ptsq//p-accordiontab[2]//div[1]/app-pieces-jointes//span[1]/input|//div/div/app-justificatif-organisme-recherche/div/app-pieces-jointes/div/span[1]/input|//div/div[14]/app-justificatifs-motif-sejour/div/app-pieces-jointes/div/span[1]/input' in '5' second(s)

2023-11-24 14:57:44 - [MESSAGE][INFO] - Smart Wait Function is triggered

2023-11-24 14:57:44 - [MESSAGE][INFO] - Found 1 web elements with id: 'Object Repository/Page_Justificatifs_Usager/Btn_ChoisirFichier_AttestationDEmployeur' located by 'By.xpath: //app-justificatifs-visiteur//p-accordiontab[2]//div[1]/app-pieces-jointes//span[1]/input|//app-justificatifs-ptsq//p-accordiontab[2]//div[1]/app-pieces-jointes//span[1]/input|//div/div/app-justificatif-organisme-recherche/div/app-pieces-jointes/div/span[1]/input|//div/div[14]/app-justificatifs-motif-sejour/div/app-pieces-jointes/div/span[1]/input' in '5' second(s)

2023-11-24 14:57:46 - [MESSAGE][PASSED] - File 'C:/Users/ISSAM.RHARBAOUI/git/22_11/ANEF-AutomatizationProject/Data Files/AttestationEmployeur.pdf' sent to object: 'Object Repository/Page_Justificatifs_Usager/Btn_ChoisirFichier_AttestationDEmployeur'

2023-11-24 14:57:46 - [TEST_STEP][PASSED] - delay(5): Delayed 5 second(s)

2023-11-24 14:57:46 - [MESSAGE][INFO] - Delaying browser in 5 second(s)

2023-11-24 14:57:51 - [MESSAGE][PASSED] - Delayed 5 second(s)

2023-11-24 14:57:51 - [TEST_STEP][PASSED] - click(findTestObject("Object Repository/Page_DemarcheRenouvellement/btn_EnregistrerEtPoursuivre")): Object: 'Object Repository/Page_DemarcheRenouvellement/btn_EnregistrerEtPoursuivre' is clicked on

2023-11-24 14:57:51 - [MESSAGE][INFO] - Finding Test Object 'Object Repository/Page_DemarcheRenouvellement/btn_EnregistrerEtPoursuivre'

2023-11-24 14:57:52 - [MESSAGE][INFO] - Checking timeout

2023-11-24 14:57:52 - [MESSAGE][INFO] - Finding web element with id: 'Object Repository/Page_DemarcheRenouvellement/btn_EnregistrerEtPoursuivre' located by 'By.xpath: //span[text()='Enregistrer et poursuivre >']' in '20' second(s)

2023-11-24 14:57:52 - [MESSAGE][INFO] - Smart Wait Function is triggered

2023-11-24 14:57:52 - [MESSAGE][INFO] - Found 1 web elements with id: 'Object Repository/Page_DemarcheRenouvellement/btn_EnregistrerEtPoursuivre' located by 'By.xpath: //span[text()='Enregistrer et poursuivre >']' in '20' second(s)

2023-11-24 14:57:52 - [MESSAGE][INFO] - Checking object

2023-11-24 14:57:52 - [MESSAGE][INFO] - Checking timeout

2023-11-24 14:57:52 - [MESSAGE][INFO] - Finding web element from Test Object's properties

2023-11-24 14:57:52 - [MESSAGE][INFO] - Checking timeout

2023-11-24 14:57:52 - [MESSAGE][INFO] - Finding web element with id: 'Object Repository/Page_DemarcheRenouvellement/btn_EnregistrerEtPoursuivre' located by 'By.xpath: //span[text()='Enregistrer et poursuivre >']' in '5' second(s)

2023-11-24 14:57:52 - [MESSAGE][INFO] - Smart Wait Function is triggered

2023-11-24 14:57:52 - [MESSAGE][INFO] - Found 1 web elements with id: 'Object Repository/Page_DemarcheRenouvellement/btn_EnregistrerEtPoursuivre' located by 'By.xpath: //span[text()='Enregistrer et poursuivre >']' in '5' second(s)

2023-11-24 14:57:52 - [MESSAGE][INFO] - Clicking on object: 'Object Repository/Page_DemarcheRenouvellement/btn_EnregistrerEtPoursuivre'

2023-11-24 14:57:54 - [MESSAGE][PASSED] - Object: 'Object Repository/Page_DemarcheRenouvellement/btn_EnregistrerEtPoursuivre' is clicked on

2023-11-24 14:57:54 - [TEST_STEP][PASSED] - if (TypeTitreDeSejour == "FrenchTechVisaForInvestors" || TypeTitreDeSejour == "CreateurDEntreprise"): null

2023-11-24 14:57:54 - [TEST_STEP][PASSED] - if (TypeTitreDeSejour == "CreateurDEntreprise" || TypeTitreDeSejour == "FrenchTechVisaForFounders"): null

2023-11-24 14:57:54 - [TEST_STEP][PASSED] - if (TypeTitreDeSejour == "MandataireSocial"): null

2023-11-24 14:57:54 - [TEST_STEP][PASSED] - if (TypeTitreDeSejour == "ArtisteNonSalarie" || TypeTitreDeSejour == "ArtisteSalarie"): null

2023-11-24 14:57:54 - [TEST_STEP][PASSED] - if (TypeTitreDeSejour == "MembreDeFamillePasseportTalent_Conjoint"): null

2023-11-24 14:57:54 - [MESSAGE][PASSED] - Call Test Case 'Test Cases/Test Reutilisable/DemandeOuRenouvelle_TitreSejour/FormulaireJustificatifs' successfully

2023-11-24 14:57:54 - [TEST_STEP][PASSED] - callTestCase(findTestCase("Test Reutilisable/DemandeOuRenouvelle_TitreSejour/FormulaireRecapitulatif"), ["Titre":Titre, "TypeTitreDeSejour":TypeTitreDeSejour], STOP_ON_FAILURE): Call Test Case 'Test Cases/Test Reutilisable/DemandeOuRenouvelle_TitreSejour/FormulaireRecapitulatif' successfully

2023-11-24 14:57:54 - [MESSAGE][INFO] - Checking called Test Case

2023-11-24 14:57:54 - [MESSAGE][INFO] - Starting to call Test Case 'Test Cases/Test Reutilisable/DemandeOuRenouvelle_TitreSejour/FormulaireRecapitulatif'

2023-11-24 14:57:54 - [TEST_CASE][PASSED] - Test Cases/Test Reutilisable/DemandeOuRenouvelle_TitreSejour/FormulaireRecapitulatif: Test Cases/Test Reutilisable/DemandeOuRenouvelle_TitreSejour/FormulaireRecapitulatif

2023-11-24 14:57:55 - [TEST_STEP][PASSED] - com.kazurayam.ksbackyard.HighlightElement.pandemic(): com.kazurayam.ksbackyard.HighlightElement.pandemic is PASSED

2023-11-24 14:57:55 - [MESSAGE][PASSED] - com.kazurayam.ksbackyard.HighlightElement.pandemic is PASSED

2023-11-24 14:57:55 - [TEST_STEP][PASSED] - delay(5): Delayed 5 second(s)

2023-11-24 14:57:55 - [MESSAGE][INFO] - Delaying browser in 5 second(s)

2023-11-24 14:58:00 - [MESSAGE][PASSED] - Delayed 5 second(s)

2023-11-24 14:58:00 - [TEST_STEP][PASSED] - if (TypeTitreDeSejour == "RenouvellementDeTitreSejour" || TypeTitreDeSejour == "Visiteur" && Titre == "Visiteur" || Titre == "Etudiant"): null

2023-11-24 14:58:00 - [TEST_STEP][PASSED] - else: Delayed 30 second(s)

2023-11-24 14:58:00 - [TEST_STEP][PASSED] - click(findTestObject("Object Repository/Page_Recapitulatif_Usager/Btn_ValiderEtVerifierLaSuiteDeMaSaisie_1sur4")): Object: 'Object Repository/Page_Recapitulatif_Usager/Btn_ValiderEtVerifierLaSuiteDeMaSaisie_1sur4' is clicked on

2023-11-24 14:58:00 - [MESSAGE][INFO] - Finding Test Object 'Object Repository/Page_Recapitulatif_Usager/Btn_ValiderEtVerifierLaSuiteDeMaSaisie_1sur4'

2023-11-24 14:58:00 - [MESSAGE][INFO] - Checking timeout

2023-11-24 14:58:00 - [MESSAGE][INFO] - Finding web element with id: 'Object Repository/Page_Recapitulatif_Usager/Btn_ValiderEtVerifierLaSuiteDeMaSaisie_1sur4' located by 'By.xpath: //div[2]/div/p-accordion/div/p-accordiontab[1]/div[2]/div/app-actions-bar/div/div[2]/button/span' in '20' second(s)

2023-11-24 14:58:00 - [MESSAGE][INFO] - Smart Wait Function is triggered

2023-11-24 14:58:00 - [MESSAGE][INFO] - Found 1 web elements with id: 'Object Repository/Page_Recapitulatif_Usager/Btn_ValiderEtVerifierLaSuiteDeMaSaisie_1sur4' located by 'By.xpath: //div[2]/div/p-accordion/div/p-accordiontab[1]/div[2]/div/app-actions-bar/div/div[2]/button/span' in '20' second(s)

2023-11-24 14:58:00 - [MESSAGE][INFO] - Checking object

2023-11-24 14:58:00 - [MESSAGE][INFO] - Checking timeout

2023-11-24 14:58:00 - [MESSAGE][INFO] - Finding web element from Test Object's properties

2023-11-24 14:58:00 - [MESSAGE][INFO] - Checking timeout

2023-11-24 14:58:00 - [MESSAGE][INFO] - Finding web element with id: 'Object Repository/Page_Recapitulatif_Usager/Btn_ValiderEtVerifierLaSuiteDeMaSaisie_1sur4' located by 'By.xpath: //div[2]/div/p-accordion/div/p-accordiontab[1]/div[2]/div/app-actions-bar/div/div[2]/button/span' in '5' second(s)

2023-11-24 14:58:00 - [MESSAGE][INFO] - Smart Wait Function is triggered

2023-11-24 14:58:00 - [MESSAGE][INFO] - Found 1 web elements with id: 'Object Repository/Page_Recapitulatif_Usager/Btn_ValiderEtVerifierLaSuiteDeMaSaisie_1sur4' located by 'By.xpath: //div[2]/div/p-accordion/div/p-accordiontab[1]/div[2]/div/app-actions-bar/div/div[2]/button/span' in '5' second(s)

2023-11-24 14:58:00 - [MESSAGE][INFO] - Clicking on object: 'Object Repository/Page_Recapitulatif_Usager/Btn_ValiderEtVerifierLaSuiteDeMaSaisie_1sur4'

2023-11-24 14:58:02 - [MESSAGE][PASSED] - Object: 'Object Repository/Page_Recapitulatif_Usager/Btn_ValiderEtVerifierLaSuiteDeMaSaisie_1sur4' is clicked on

2023-11-24 14:58:03 - [TEST_STEP][PASSED] - delay(2): Delayed 2 second(s)

2023-11-24 14:58:03 - [MESSAGE][INFO] - Delaying browser in 2 second(s)

2023-11-24 14:58:05 - [MESSAGE][PASSED] - Delayed 2 second(s)

2023-11-24 14:58:05 - [TEST_STEP][PASSED] - click(findTestObject("Object Repository/Page_Recapitulatif_Usager/Btn_ValiderEtVerifierLaSuiteDeMaSaisie_2sur4")): Object: 'Object Repository/Page_Recapitulatif_Usager/Btn_ValiderEtVerifierLaSuiteDeMaSaisie_2sur4' is clicked on

2023-11-24 14:58:05 - [MESSAGE][INFO] - Finding Test Object 'Object Repository/Page_Recapitulatif_Usager/Btn_ValiderEtVerifierLaSuiteDeMaSaisie_2sur4'

2023-11-24 14:58:05 - [MESSAGE][INFO] - Checking timeout

2023-11-24 14:58:05 - [MESSAGE][INFO] - Finding web element with id: 'Object Repository/Page_Recapitulatif_Usager/Btn_ValiderEtVerifierLaSuiteDeMaSaisie_2sur4' located by 'By.xpath: //div[2]/div/p-accordion/div/p-accordiontab[2]/div[2]/div/app-actions-bar/div/div[2]/button/span' in '20' second(s)

2023-11-24 14:58:05 - [MESSAGE][INFO] - Smart Wait Function is triggered

2023-11-24 14:58:05 - [MESSAGE][INFO] - Found 1 web elements with id: 'Object Repository/Page_Recapitulatif_Usager/Btn_ValiderEtVerifierLaSuiteDeMaSaisie_2sur4' located by 'By.xpath: //div[2]/div/p-accordion/div/p-accordiontab[2]/div[2]/div/app-actions-bar/div/div[2]/button/span' in '20' second(s)

2023-11-24 14:58:05 - [MESSAGE][INFO] - Checking object

2023-11-24 14:58:05 - [MESSAGE][INFO] - Checking timeout

2023-11-24 14:58:05 - [MESSAGE][INFO] - Finding web element from Test Object's properties

2023-11-24 14:58:05 - [MESSAGE][INFO] - Checking timeout

2023-11-24 14:58:05 - [MESSAGE][INFO] - Finding web element with id: 'Object Repository/Page_Recapitulatif_Usager/Btn_ValiderEtVerifierLaSuiteDeMaSaisie_2sur4' located by 'By.xpath: //div[2]/div/p-accordion/div/p-accordiontab[2]/div[2]/div/app-actions-bar/div/div[2]/button/span' in '5' second(s)

2023-11-24 14:58:05 - [MESSAGE][INFO] - Smart Wait Function is triggered

2023-11-24 14:58:05 - [MESSAGE][INFO] - Found 1 web elements with id: 'Object Repository/Page_Recapitulatif_Usager/Btn_ValiderEtVerifierLaSuiteDeMaSaisie_2sur4' located by 'By.xpath: //div[2]/div/p-accordion/div/p-accordiontab[2]/div[2]/div/app-actions-bar/div/div[2]/button/span' in '5' second(s)

2023-11-24 14:58:05 - [MESSAGE][INFO] - Clicking on object: 'Object Repository/Page_Recapitulatif_Usager/Btn_ValiderEtVerifierLaSuiteDeMaSaisie_2sur4'

2023-11-24 14:58:07 - [MESSAGE][PASSED] - Object: 'Object Repository/Page_Recapitulatif_Usager/Btn_ValiderEtVerifierLaSuiteDeMaSaisie_2sur4' is clicked on

2023-11-24 14:58:07 - [TEST_STEP][PASSED] - delay(2): Delayed 2 second(s)

2023-11-24 14:58:07 - [MESSAGE][INFO] - Delaying browser in 2 second(s)

2023-11-24 14:58:09 - [MESSAGE][PASSED] - Delayed 2 second(s)

2023-11-24 14:58:09 - [TEST_STEP][PASSED] - click(findTestObject("Object Repository/Page_Recapitulatif_Usager/Btn_ValiderEtVerifierLaSuiteDeMaSaisie_3sur4")): Object: 'Object Repository/Page_Recapitulatif_Usager/Btn_ValiderEtVerifierLaSuiteDeMaSaisie_3sur4' is clicked on

2023-11-24 14:58:09 - [MESSAGE][INFO] - Finding Test Object 'Object Repository/Page_Recapitulatif_Usager/Btn_ValiderEtVerifierLaSuiteDeMaSaisie_3sur4'

2023-11-24 14:58:09 - [MESSAGE][INFO] - Checking timeout

2023-11-24 14:58:09 - [MESSAGE][INFO] - Finding web element with id: 'Object Repository/Page_Recapitulatif_Usager/Btn_ValiderEtVerifierLaSuiteDeMaSaisie_3sur4' located by 'By.xpath: //div[2]/div/p-accordion/div/p-accordiontab[3]/div[2]/div/app-actions-bar/div/div[2]/button/span' in '20' second(s)

2023-11-24 14:58:09 - [MESSAGE][INFO] - Smart Wait Function is triggered

2023-11-24 14:58:09 - [MESSAGE][INFO] - Found 1 web elements with id: 'Object Repository/Page_Recapitulatif_Usager/Btn_ValiderEtVerifierLaSuiteDeMaSaisie_3sur4' located by 'By.xpath: //div[2]/div/p-accordion/div/p-accordiontab[3]/div[2]/div/app-actions-bar/div/div[2]/button/span' in '20' second(s)

2023-11-24 14:58:09 - [MESSAGE][INFO] - Checking object

2023-11-24 14:58:09 - [MESSAGE][INFO] - Checking timeout

2023-11-24 14:58:09 - [MESSAGE][INFO] - Finding web element from Test Object's properties

2023-11-24 14:58:09 - [MESSAGE][INFO] - Checking timeout

2023-11-24 14:58:09 - [MESSAGE][INFO] - Finding web element with id: 'Object Repository/Page_Recapitulatif_Usager/Btn_ValiderEtVerifierLaSuiteDeMaSaisie_3sur4' located by 'By.xpath: //div[2]/div/p-accordion/div/p-accordiontab[3]/div[2]/div/app-actions-bar/div/div[2]/button/span' in '5' second(s)

2023-11-24 14:58:09 - [MESSAGE][INFO] - Smart Wait Function is triggered

2023-11-24 14:58:09 - [MESSAGE][INFO] - Found 1 web elements with id: 'Object Repository/Page_Recapitulatif_Usager/Btn_ValiderEtVerifierLaSuiteDeMaSaisie_3sur4' located by 'By.xpath: //div[2]/div/p-accordion/div/p-accordiontab[3]/div[2]/div/app-actions-bar/div/div[2]/button/span' in '5' second(s)

2023-11-24 14:58:09 - [MESSAGE][INFO] - Clicking on object: 'Object Repository/Page_Recapitulatif_Usager/Btn_ValiderEtVerifierLaSuiteDeMaSaisie_3sur4'

2023-11-24 14:58:11 - [MESSAGE][PASSED] - Object: 'Object Repository/Page_Recapitulatif_Usager/Btn_ValiderEtVerifierLaSuiteDeMaSaisie_3sur4' is clicked on

2023-11-24 14:58:11 - [TEST_STEP][PASSED] - delay(2): Delayed 2 second(s)

2023-11-24 14:58:11 - [MESSAGE][INFO] - Delaying browser in 2 second(s)

2023-11-24 14:58:13 - [MESSAGE][PASSED] - Delayed 2 second(s)

2023-11-24 14:58:13 - [TEST_STEP][PASSED] - click(findTestObject("Object Repository/Page_Recapitulatif_Usager/Btn_ValiderEtTransmettreMaDemande")): Object: 'Object Repository/Page_Recapitulatif_Usager/Btn_ValiderEtTransmettreMaDemande' is clicked on

2023-11-24 14:58:13 - [MESSAGE][INFO] - Finding Test Object 'Object Repository/Page_Recapitulatif_Usager/Btn_ValiderEtTransmettreMaDemande'

2023-11-24 14:58:13 - [MESSAGE][INFO] - Checking timeout

2023-11-24 14:58:13 - [MESSAGE][INFO] - Finding web element with id: 'Object Repository/Page_Recapitulatif_Usager/Btn_ValiderEtTransmettreMaDemande' located by 'By.xpath: //app-demande/div/div[3]/app-actions-bar/div/div[2]/div/div[2]/button/span|//app-demande-ptsq/div/div[3]/app-actions-bar/div/div[2]/div/div[2]/button/span|//app-demande-visiteur/div/div[3]/app-actions-bar/div/div[2]/div/div[2]/button/span|/html/body/app-root/div/app-portal/main/app-theme-v2/div/app-demande-ptch/div/div[3]/app-actions-bar/div/div[2]/div/div[2]/button/span|//div/app-demande-ptinv/div/div[3]/app-actions-bar/div/div[2]/div/div[2]/button/span|//button/span[@class="ui-button-text ui-clickable" and contains(., 'Envoyer la demande')]
' in '20' second(s)

2023-11-24 14:58:13 - [MESSAGE][INFO] - Smart Wait Function is triggered

2023-11-24 14:58:13 - [MESSAGE][INFO] - Found 1 web elements with id: 'Object Repository/Page_Recapitulatif_Usager/Btn_ValiderEtTransmettreMaDemande' located by 'By.xpath: //app-demande/div/div[3]/app-actions-bar/div/div[2]/div/div[2]/button/span|//app-demande-ptsq/div/div[3]/app-actions-bar/div/div[2]/div/div[2]/button/span|//app-demande-visiteur/div/div[3]/app-actions-bar/div/div[2]/div/div[2]/button/span|/html/body/app-root/div/app-portal/main/app-theme-v2/div/app-demande-ptch/div/div[3]/app-actions-bar/div/div[2]/div/div[2]/button/span|//div/app-demande-ptinv/div/div[3]/app-actions-bar/div/div[2]/div/div[2]/button/span|//button/span[@class="ui-button-text ui-clickable" and contains(., 'Envoyer la demande')]
' in '20' second(s)

2023-11-24 14:58:13 - [MESSAGE][INFO] - Checking object

2023-11-24 14:58:13 - [MESSAGE][INFO] - Checking timeout

2023-11-24 14:58:13 - [MESSAGE][INFO] - Finding web element from Test Object's properties

2023-11-24 14:58:13 - [MESSAGE][INFO] - Checking timeout

2023-11-24 14:58:13 - [MESSAGE][INFO] - Finding web element with id: 'Object Repository/Page_Recapitulatif_Usager/Btn_ValiderEtTransmettreMaDemande' located by 'By.xpath: //app-demande/div/div[3]/app-actions-bar/div/div[2]/div/div[2]/button/span|//app-demande-ptsq/div/div[3]/app-actions-bar/div/div[2]/div/div[2]/button/span|//app-demande-visiteur/div/div[3]/app-actions-bar/div/div[2]/div/div[2]/button/span|/html/body/app-root/div/app-portal/main/app-theme-v2/div/app-demande-ptch/div/div[3]/app-actions-bar/div/div[2]/div/div[2]/button/span|//div/app-demande-ptinv/div/div[3]/app-actions-bar/div/div[2]/div/div[2]/button/span|//button/span[@class="ui-button-text ui-clickable" and contains(., 'Envoyer la demande')]
' in '5' second(s)

2023-11-24 14:58:13 - [MESSAGE][INFO] - Smart Wait Function is triggered

2023-11-24 14:58:13 - [MESSAGE][INFO] - Found 1 web elements with id: 'Object Repository/Page_Recapitulatif_Usager/Btn_ValiderEtTransmettreMaDemande' located by 'By.xpath: //app-demande/div/div[3]/app-actions-bar/div/div[2]/div/div[2]/button/span|//app-demande-ptsq/div/div[3]/app-actions-bar/div/div[2]/div/div[2]/button/span|//app-demande-visiteur/div/div[3]/app-actions-bar/div/div[2]/div/div[2]/button/span|/html/body/app-root/div/app-portal/main/app-theme-v2/div/app-demande-ptch/div/div[3]/app-actions-bar/div/div[2]/div/div[2]/button/span|//div/app-demande-ptinv/div/div[3]/app-actions-bar/div/div[2]/div/div[2]/button/span|//button/span[@class="ui-button-text ui-clickable" and contains(., 'Envoyer la demande')]
' in '5' second(s)

2023-11-24 14:58:13 - [MESSAGE][INFO] - Clicking on object: 'Object Repository/Page_Recapitulatif_Usager/Btn_ValiderEtTransmettreMaDemande'

2023-11-24 14:58:16 - [MESSAGE][PASSED] - Object: 'Object Repository/Page_Recapitulatif_Usager/Btn_ValiderEtTransmettreMaDemande' is clicked on

2023-11-24 14:58:16 - [TEST_STEP][PASSED] - delay(30): Delayed 30 second(s)

2023-11-24 14:58:16 - [MESSAGE][INFO] - Delaying browser in 30 second(s)

2023-11-24 14:58:46 - [MESSAGE][PASSED] - Delayed 30 second(s)

2023-11-24 14:58:46 - [MESSAGE][PASSED] - Call Test Case 'Test Cases/Test Reutilisable/DemandeOuRenouvelle_TitreSejour/FormulaireRecapitulatif' successfully

2023-11-24 14:58:46 - [TEST_STEP][PASSED] - callTestCase(findTestCase("Test Reutilisable/DemandeOuRenouvelle_TitreSejour/FormulaireConfirmation"), ["NumEtrangerVisa":NumEtrangerVisa, "TypeTitreDeSejour":TypeTitreDeSejour], STOP_ON_FAILURE): Call Test Case 'Test Cases/Test Reutilisable/DemandeOuRenouvelle_TitreSejour/FormulaireConfirmation' successfully

2023-11-24 14:58:46 - [MESSAGE][INFO] - Checking called Test Case

2023-11-24 14:58:46 - [MESSAGE][INFO] - Starting to call Test Case 'Test Cases/Test Reutilisable/DemandeOuRenouvelle_TitreSejour/FormulaireConfirmation'

2023-11-24 14:58:46 - [TEST_CASE][PASSED] - Test Cases/Test Reutilisable/DemandeOuRenouvelle_TitreSejour/FormulaireConfirmation: Test Cases/Test Reutilisable/DemandeOuRenouvelle_TitreSejour/FormulaireConfirmation

2023-11-24 14:58:52 - [TEST_STEP][PASSED] - com.kazurayam.ksbackyard.HighlightElement.pandemic(): com.kazurayam.ksbackyard.HighlightElement.pandemic is PASSED

2023-11-24 14:58:52 - [MESSAGE][PASSED] - com.kazurayam.ksbackyard.HighlightElement.pandemic is PASSED

2023-11-24 14:58:52 - [TEST_STEP][PASSED] - click(findTestObject("Object Repository/Page_Accueil_Agent/EspacePerso/link_EspacePerso")): Object: 'Object Repository/Page_Accueil_Agent/EspacePerso/link_EspacePerso' is clicked on

2023-11-24 14:58:52 - [MESSAGE][INFO] - Finding Test Object 'Object Repository/Page_Accueil_Agent/EspacePerso/link_EspacePerso'

2023-11-24 14:58:52 - [MESSAGE][INFO] - Checking timeout

2023-11-24 14:58:52 - [MESSAGE][INFO] - Finding web element with id: 'Object Repository/Page_Accueil_Agent/EspacePerso/link_EspacePerso' located by 'By.xpath: //*[@id="navBar-new"]/nav/div[3]/div/div/ul/li[3]/a/span[2]' in '20' second(s)

2023-11-24 14:58:52 - [MESSAGE][INFO] - Smart Wait Function is triggered

2023-11-24 14:58:52 - [MESSAGE][INFO] - Found 1 web elements with id: 'Object Repository/Page_Accueil_Agent/EspacePerso/link_EspacePerso' located by 'By.xpath: //*[@id="navBar-new"]/nav/div[3]/div/div/ul/li[3]/a/span[2]' in '20' second(s)

2023-11-24 14:58:52 - [MESSAGE][INFO] - Checking object

2023-11-24 14:58:52 - [MESSAGE][INFO] - Checking timeout

2023-11-24 14:58:52 - [MESSAGE][INFO] - Finding web element from Test Object's properties

2023-11-24 14:58:52 - [MESSAGE][INFO] - Checking timeout

2023-11-24 14:58:52 - [MESSAGE][INFO] - Finding web element with id: 'Object Repository/Page_Accueil_Agent/EspacePerso/link_EspacePerso' located by 'By.xpath: //*[@id="navBar-new"]/nav/div[3]/div/div/ul/li[3]/a/span[2]' in '5' second(s)

2023-11-24 14:58:52 - [MESSAGE][INFO] - Smart Wait Function is triggered

2023-11-24 14:58:52 - [MESSAGE][INFO] - Found 1 web elements with id: 'Object Repository/Page_Accueil_Agent/EspacePerso/link_EspacePerso' located by 'By.xpath: //*[@id="navBar-new"]/nav/div[3]/div/div/ul/li[3]/a/span[2]' in '5' second(s)

2023-11-24 14:58:52 - [MESSAGE][INFO] - Clicking on object: 'Object Repository/Page_Accueil_Agent/EspacePerso/link_EspacePerso'

2023-11-24 14:58:55 - [MESSAGE][INFO] - Unable to click the Test Object, 5 second(s) remain to retry.

2023-11-24 14:58:58 - [MESSAGE][PASSED] - Object: 'Object Repository/Page_Accueil_Agent/EspacePerso/link_EspacePerso' is clicked on

2023-11-24 14:58:58 - [TEST_STEP][PASSED] - click(findTestObject("Object Repository/Page_Accueil_Agent/EspacePerso/link_MonCompte")): Object: 'Object Repository/Page_Accueil_Agent/EspacePerso/link_MonCompte' is clicked on

2023-11-24 14:58:58 - [MESSAGE][INFO] - Finding Test Object 'Object Repository/Page_Accueil_Agent/EspacePerso/link_MonCompte'

2023-11-24 14:58:58 - [MESSAGE][INFO] - Checking timeout

2023-11-24 14:58:58 - [MESSAGE][INFO] - Finding web element with id: 'Object Repository/Page_Accueil_Agent/EspacePerso/link_MonCompte' located by 'By.xpath: //*[@id="logoutSubMenu"]/li[1]/a' in '20' second(s)

2023-11-24 14:58:58 - [MESSAGE][INFO] - Smart Wait Function is triggered

2023-11-24 14:58:58 - [MESSAGE][INFO] - Found 1 web elements with id: 'Object Repository/Page_Accueil_Agent/EspacePerso/link_MonCompte' located by 'By.xpath: //*[@id="logoutSubMenu"]/li[1]/a' in '20' second(s)

2023-11-24 14:58:58 - [MESSAGE][INFO] - Checking object

2023-11-24 14:58:58 - [MESSAGE][INFO] - Checking timeout

2023-11-24 14:58:58 - [MESSAGE][INFO] - Finding web element from Test Object's properties

2023-11-24 14:58:58 - [MESSAGE][INFO] - Checking timeout

2023-11-24 14:58:58 - [MESSAGE][INFO] - Finding web element with id: 'Object Repository/Page_Accueil_Agent/EspacePerso/link_MonCompte' located by 'By.xpath: //*[@id="logoutSubMenu"]/li[1]/a' in '5' second(s)

2023-11-24 14:58:58 - [MESSAGE][INFO] - Smart Wait Function is triggered

2023-11-24 14:58:58 - [MESSAGE][INFO] - Found 1 web elements with id: 'Object Repository/Page_Accueil_Agent/EspacePerso/link_MonCompte' located by 'By.xpath: //*[@id="logoutSubMenu"]/li[1]/a' in '5' second(s)

2023-11-24 14:58:58 - [MESSAGE][INFO] - Clicking on object: 'Object Repository/Page_Accueil_Agent/EspacePerso/link_MonCompte'

2023-11-24 14:59:01 - [MESSAGE][PASSED] - Object: 'Object Repository/Page_Accueil_Agent/EspacePerso/link_MonCompte' is clicked on

2023-11-24 14:59:01 - [TEST_STEP][PASSED] - SuividemandeNumEtranger = getText(findTestObject("Object Repository/Page_Accueil_Agent/EspacePerso/td_SuiviDemandeNumEtranger")): Text of object 'Object Repository/Page_Accueil_Agent/EspacePerso/td_SuiviDemandeNumEtranger' is: '7703040877'

2023-11-24 14:59:01 - [MESSAGE][INFO] - Finding Test Object 'Object Repository/Page_Accueil_Agent/EspacePerso/td_SuiviDemandeNumEtranger'

2023-11-24 14:59:01 - [MESSAGE][INFO] - Checking object

2023-11-24 14:59:01 - [MESSAGE][INFO] - Finding web element from Test Object's properties

2023-11-24 14:59:01 - [MESSAGE][INFO] - Checking timeout

2023-11-24 14:59:01 - [MESSAGE][INFO] - Finding web element with id: 'Object Repository/Page_Accueil_Agent/EspacePerso/td_SuiviDemandeNumEtranger' located by 'By.xpath: //*/app-ma-demande-sejour/div[1]/table/tbody/tr[1]/td[3]' in '5' second(s)

2023-11-24 14:59:01 - [MESSAGE][INFO] - Smart Wait Function is triggered

2023-11-24 14:59:01 - [MESSAGE][INFO] - Found 1 web elements with id: 'Object Repository/Page_Accueil_Agent/EspacePerso/td_SuiviDemandeNumEtranger' located by 'By.xpath: //*/app-ma-demande-sejour/div[1]/table/tbody/tr[1]/td[3]' in '5' second(s)

2023-11-24 14:59:01 - [MESSAGE][INFO] - Getting text of object 'Object Repository/Page_Accueil_Agent/EspacePerso/td_SuiviDemandeNumEtranger'

2023-11-24 14:59:01 - [MESSAGE][PASSED] - Text of object 'Object Repository/Page_Accueil_Agent/EspacePerso/td_SuiviDemandeNumEtranger' is: '7703040877'

2023-11-24 14:59:01 - [TEST_STEP][PASSED] - SuiviTypeDeSejour = getText(findTestObject("Object Repository/Page_Accueil_Agent/EspacePerso/td_TypeDeSejour")): Text of object 'Object Repository/Page_Accueil_Agent/EspacePerso/td_TypeDeSejour' is: 'Demande de titre passeport talent'

2023-11-24 14:59:01 - [MESSAGE][INFO] - Finding Test Object 'Object Repository/Page_Accueil_Agent/EspacePerso/td_TypeDeSejour'

2023-11-24 14:59:01 - [MESSAGE][INFO] - Checking object

2023-11-24 14:59:01 - [MESSAGE][INFO] - Finding web element from Test Object's properties

2023-11-24 14:59:01 - [MESSAGE][INFO] - Checking timeout

2023-11-24 14:59:01 - [MESSAGE][INFO] - Finding web element with id: 'Object Repository/Page_Accueil_Agent/EspacePerso/td_TypeDeSejour' located by 'By.xpath: //*/app-ma-demande-sejour/div[1]/table/tbody/tr[1]/td[2]' in '5' second(s)

2023-11-24 14:59:01 - [MESSAGE][INFO] - Smart Wait Function is triggered

2023-11-24 14:59:01 - [MESSAGE][INFO] - Found 1 web elements with id: 'Object Repository/Page_Accueil_Agent/EspacePerso/td_TypeDeSejour' located by 'By.xpath: //*/app-ma-demande-sejour/div[1]/table/tbody/tr[1]/td[2]' in '5' second(s)

2023-11-24 14:59:01 - [MESSAGE][INFO] - Getting text of object 'Object Repository/Page_Accueil_Agent/EspacePerso/td_TypeDeSejour'

2023-11-24 14:59:01 - [MESSAGE][PASSED] - Text of object 'Object Repository/Page_Accueil_Agent/EspacePerso/td_TypeDeSejour' is: 'Demande de titre passeport talent'

2023-11-24 14:59:01 - [TEST_STEP][PASSED] - if (SuividemandeNumEtranger == NumEtrangerVisa): Le Type Titre De Sejour est :Demande de titre passeport talent=ChercheurEtChercheurEnMobilite

2023-11-24 14:59:01 - [TEST_STEP][PASSED] - markPassed("Le NumÃ©ro Etrangr est :" + NumEtrangerVisa + "=" + SuividemandeNumEtranger): Le NumÃ©ro Etrangr est :7703040877=7703040877

2023-11-24 14:59:01 - [MESSAGE][PASSED] - Le NumÃ©ro Etrangr est :7703040877=7703040877

2023-11-24 14:59:01 - [TEST_STEP][PASSED] - markPassed("Le Type Titre De Sejour est :" + SuiviTypeDeSejour + "=" + TypeTitreDeSejour): Le Type Titre De Sejour est :Demande de titre passeport talent=ChercheurEtChercheurEnMobilite

2023-11-24 14:59:01 - [MESSAGE][PASSED] - Le Type Titre De Sejour est :Demande de titre passeport talent=ChercheurEtChercheurEnMobilite

2023-11-24 14:59:01 - [TEST_STEP][PASSED] - delay(5): Delayed 5 second(s)

2023-11-24 14:59:01 - [MESSAGE][INFO] - Delaying browser in 5 second(s)

2023-11-24 14:59:06 - [MESSAGE][PASSED] - Delayed 5 second(s)

2023-11-24 14:59:06 - [MESSAGE][PASSED] - Call Test Case 'Test Cases/Test Reutilisable/DemandeOuRenouvelle_TitreSejour/FormulaireConfirmation' successfully

2023-11-24 14:59:08 - [TEST_STEP][PASSED] - Video: Video recording for test case 'Test Cases/Cas D Utilisations/Usager Etudiant/TNR R.TSPT Supp90-Etudiant' .

2023-11-24 14:59:08 - [MESSAGE][INFO] - Video recording for test case 'Test Cases/Cas D Utilisations/Usager Etudiant/TNR R.TSPT Supp90-Etudiant' .]]></system-out>
         <system-err><![CDATA[]]></system-err>
      </testcase>
      <testcase name="Test Cases/Cas D Utilisations/Usager Etudiant/TNR R.TSPT Supp90-Etudiant" time="326.842" classname="Test Cases/Cas D Utilisations/Usager Etudiant/TNR R.TSPT Supp90-Etudiant" status="FAILED">
         <failure type="FAILED" message="Test Cases/Cas D Utilisations/Usager Etudiant/TNR R.TSPT Supp90-Etudiant FAILED.
Reason:
com.kms.katalon.core.exception.StepFailedException: Call Test Case 'Test Cases/Test Reutilisable/DemandeOuRenouvelle_TitreSejour/FormulaireJustificatifs' failed
	at com.kms.katalon.core.keyword.builtin.CallTestCaseKeyword$_callTestCase_closure1.doCall(CallTestCaseKeyword.groovy:63)
	at com.kms.katalon.core.keyword.builtin.CallTestCaseKeyword$_callTestCase_closure1.call(CallTestCaseKeyword.groovy)
	at com.kms.katalon.core.keyword.internal.KeywordMain.runKeyword(KeywordMain.groovy:75)
	at com.kms.katalon.core.keyword.builtin.CallTestCaseKeyword.callTestCase(CallTestCaseKeyword.groovy:81)
	at com.kms.katalon.core.keyword.builtin.CallTestCaseKeyword.execute(CallTestCaseKeyword.groovy:44)
	at com.kms.katalon.core.keyword.internal.KeywordExecutor.executeKeywordForPlatform(KeywordExecutor.groovy:74)
	at com.kms.katalon.core.keyword.BuiltinKeywords.callTestCase(BuiltinKeywords.groovy:310)
	at com.kazurayam.ksbackyard.HighlightElement$_pandemic_closure1.doCall(HighlightElement.groovy:105)
	at TNR R.TSPT Supp90-Etudiant.run(TNR R.TSPT Supp90-Etudiant:62)
	at com.kms.katalon.core.main.ScriptEngine.run(ScriptEngine.java:194)
	at com.kms.katalon.core.main.ScriptEngine.runScriptAsRawText(ScriptEngine.java:119)
	at com.kms.katalon.core.main.TestCaseExecutor.runScript(TestCaseExecutor.java:448)
	at com.kms.katalon.core.main.TestCaseExecutor.doExecute(TestCaseExecutor.java:439)
	at com.kms.katalon.core.main.TestCaseExecutor.processExecutionPhase(TestCaseExecutor.java:418)
	at com.kms.katalon.core.main.TestCaseExecutor.accessMainPhase(TestCaseExecutor.java:410)
	at com.kms.katalon.core.main.TestCaseExecutor.execute(TestCaseExecutor.java:285)
	at com.kms.katalon.core.common.CommonExecutor.accessTestCaseMainPhase(CommonExecutor.java:65)
	at com.kms.katalon.core.main.TestSuiteExecutor.accessTestSuiteMainPhase(TestSuiteExecutor.java:148)
	at com.kms.katalon.core.main.TestSuiteExecutor.execute(TestSuiteExecutor.java:106)
	at com.kms.katalon.core.main.TestCaseMain.startTestSuite(TestCaseMain.java:187)
	at com.kms.katalon.core.main.TestCaseMain$startTestSuite$0.call(Unknown Source)
	at TempTestSuite1700834005381.run(TempTestSuite1700834005381.groovy:36)
Caused by: com.kms.katalon.core.exception.StepFailedException: Unable to set text '1PMTYE991215114515JY05' of object 'Object Repository/Page_Justificatifs_Usager/Input_Numero_Ephoto'
	at com.kms.katalon.core.webui.keyword.internal.WebUIKeywordMain.stepFailed(WebUIKeywordMain.groovy:64)
	at com.kms.katalon.core.webui.keyword.internal.WebUIKeywordMain.runKeyword(WebUIKeywordMain.groovy:26)
	at com.kms.katalon.core.webui.keyword.builtin.SetTextKeyword.setText(SetTextKeyword.groovy:66)
	at com.kms.katalon.core.webui.keyword.builtin.SetTextKeyword.execute(SetTextKeyword.groovy:37)
	at com.kms.katalon.core.keyword.internal.KeywordExecutor.executeKeywordForPlatform(KeywordExecutor.groovy:74)
	at com.kms.katalon.core.webui.keyword.WebUiBuiltInKeywords.setText(WebUiBuiltInKeywords.groovy:980)
	at com.kazurayam.ksbackyard.HighlightElement$_pandemic_closure1.doCall(HighlightElement.groovy:105)
	at FormulaireJustificatifs.run(FormulaireJustificatifs:281)
	at com.kms.katalon.core.main.ScriptEngine.run(ScriptEngine.java:194)
	at com.kms.katalon.core.main.ScriptEngine.runScriptAsRawText(ScriptEngine.java:119)
	at com.kms.katalon.core.main.TestCaseExecutor.runScript(TestCaseExecutor.java:448)
	at com.kms.katalon.core.main.TestCaseExecutor.doExecute(TestCaseExecutor.java:439)
	at com.kms.katalon.core.main.TestCaseExecutor.processExecutionPhase(TestCaseExecutor.java:418)
	at com.kms.katalon.core.main.TestCaseExecutor.accessMainPhase(TestCaseExecutor.java:410)
	at com.kms.katalon.core.main.TestCaseExecutor.execute(TestCaseExecutor.java:285)
	at com.kms.katalon.core.main.TestCaseMain.runTestCase(TestCaseMain.java:144)
	at com.kms.katalon.core.keyword.builtin.CallTestCaseKeyword$_callTestCase_closure1.doCall(CallTestCaseKeyword.groovy:59)
	... 21 more
Caused by: com.kms.katalon.core.webui.exception.WebElementNotFoundException: Web element with id: 'Object Repository/Page_Justificatifs_Usager/Input_Numero_Ephoto' located by '//*[@aria-labelledby=&quot;PHOTO_NUMBER-label&quot; and @type =&quot;text&quot;]|//*[@aria-labelledby=&quot;PHOTO_IDENTITE-label&quot; and @type =&quot;text&quot;]' not found
	at com.kms.katalon.core.webui.common.WebUiCommonHelper.findWebElement(WebUiCommonHelper.java:1381)
	at com.kms.katalon.core.webui.keyword.internal.WebUIAbstractKeyword.findWebElement(WebUIAbstractKeyword.groovy:27)
	at com.kms.katalon.core.webui.keyword.internal.WebUIAbstractKeyword.findWebElement(WebUIAbstractKeyword.groovy:26)
	at com.kms.katalon.core.webui.keyword.builtin.SetTextKeyword$_setText_closure1.doCall(SetTextKeyword.groovy:51)
	at com.kms.katalon.core.webui.keyword.builtin.SetTextKeyword$_setText_closure1.call(SetTextKeyword.groovy)
	at com.kms.katalon.core.webui.keyword.internal.WebUIKeywordMain.runKeyword(WebUIKeywordMain.groovy:20)
	... 36 more
"/>
         <system-out><![CDATA[2023-11-24 14:59:09 - [TEST_CASE][FAILED] - Test Cases/Cas D Utilisations/Usager Etudiant/TNR R.TSPT Supp90-Etudiant: Test Cases/Cas D Utilisations/Usager Etudiant/TNR R.TSPT Supp90-Etudiant FAILED.
Reason:
com.kms.katalon.core.exception.StepFailedException: Call Test Case 'Test Cases/Test Reutilisable/DemandeOuRenouvelle_TitreSejour/FormulaireJustificatifs' failed
	at com.kms.katalon.core.keyword.builtin.CallTestCaseKeyword$_callTestCase_closure1.doCall(CallTestCaseKeyword.groovy:63)
	at com.kms.katalon.core.keyword.builtin.CallTestCaseKeyword$_callTestCase_closure1.call(CallTestCaseKeyword.groovy)
	at com.kms.katalon.core.keyword.internal.KeywordMain.runKeyword(KeywordMain.groovy:75)
	at com.kms.katalon.core.keyword.builtin.CallTestCaseKeyword.callTestCase(CallTestCaseKeyword.groovy:81)
	at com.kms.katalon.core.keyword.builtin.CallTestCaseKeyword.execute(CallTestCaseKeyword.groovy:44)
	at com.kms.katalon.core.keyword.internal.KeywordExecutor.executeKeywordForPlatform(KeywordExecutor.groovy:74)
	at com.kms.katalon.core.keyword.BuiltinKeywords.callTestCase(BuiltinKeywords.groovy:310)
	at com.kazurayam.ksbackyard.HighlightElement$_pandemic_closure1.doCall(HighlightElement.groovy:105)
	at TNR R.TSPT Supp90-Etudiant.run(TNR R.TSPT Supp90-Etudiant:62)
	at com.kms.katalon.core.main.ScriptEngine.run(ScriptEngine.java:194)
	at com.kms.katalon.core.main.ScriptEngine.runScriptAsRawText(ScriptEngine.java:119)
	at com.kms.katalon.core.main.TestCaseExecutor.runScript(TestCaseExecutor.java:448)
	at com.kms.katalon.core.main.TestCaseExecutor.doExecute(TestCaseExecutor.java:439)
	at com.kms.katalon.core.main.TestCaseExecutor.processExecutionPhase(TestCaseExecutor.java:418)
	at com.kms.katalon.core.main.TestCaseExecutor.accessMainPhase(TestCaseExecutor.java:410)
	at com.kms.katalon.core.main.TestCaseExecutor.execute(TestCaseExecutor.java:285)
	at com.kms.katalon.core.common.CommonExecutor.accessTestCaseMainPhase(CommonExecutor.java:65)
	at com.kms.katalon.core.main.TestSuiteExecutor.accessTestSuiteMainPhase(TestSuiteExecutor.java:148)
	at com.kms.katalon.core.main.TestSuiteExecutor.execute(TestSuiteExecutor.java:106)
	at com.kms.katalon.core.main.TestCaseMain.startTestSuite(TestCaseMain.java:187)
	at com.kms.katalon.core.main.TestCaseMain$startTestSuite$0.call(Unknown Source)
	at TempTestSuite1700834005381.run(TempTestSuite1700834005381.groovy:36)
Caused by: com.kms.katalon.core.exception.StepFailedException: Unable to set text '1PMTYE991215114515JY05' of object 'Object Repository/Page_Justificatifs_Usager/Input_Numero_Ephoto'
	at com.kms.katalon.core.webui.keyword.internal.WebUIKeywordMain.stepFailed(WebUIKeywordMain.groovy:64)
	at com.kms.katalon.core.webui.keyword.internal.WebUIKeywordMain.runKeyword(WebUIKeywordMain.groovy:26)
	at com.kms.katalon.core.webui.keyword.builtin.SetTextKeyword.setText(SetTextKeyword.groovy:66)
	at com.kms.katalon.core.webui.keyword.builtin.SetTextKeyword.execute(SetTextKeyword.groovy:37)
	at com.kms.katalon.core.keyword.internal.KeywordExecutor.executeKeywordForPlatform(KeywordExecutor.groovy:74)
	at com.kms.katalon.core.webui.keyword.WebUiBuiltInKeywords.setText(WebUiBuiltInKeywords.groovy:980)
	at com.kazurayam.ksbackyard.HighlightElement$_pandemic_closure1.doCall(HighlightElement.groovy:105)
	at FormulaireJustificatifs.run(FormulaireJustificatifs:281)
	at com.kms.katalon.core.main.ScriptEngine.run(ScriptEngine.java:194)
	at com.kms.katalon.core.main.ScriptEngine.runScriptAsRawText(ScriptEngine.java:119)
	at com.kms.katalon.core.main.TestCaseExecutor.runScript(TestCaseExecutor.java:448)
	at com.kms.katalon.core.main.TestCaseExecutor.doExecute(TestCaseExecutor.java:439)
	at com.kms.katalon.core.main.TestCaseExecutor.processExecutionPhase(TestCaseExecutor.java:418)
	at com.kms.katalon.core.main.TestCaseExecutor.accessMainPhase(TestCaseExecutor.java:410)
	at com.kms.katalon.core.main.TestCaseExecutor.execute(TestCaseExecutor.java:285)
	at com.kms.katalon.core.main.TestCaseMain.runTestCase(TestCaseMain.java:144)
	at com.kms.katalon.core.keyword.builtin.CallTestCaseKeyword$_callTestCase_closure1.doCall(CallTestCaseKeyword.groovy:59)
	... 21 more
Caused by: com.kms.katalon.core.webui.exception.WebElementNotFoundException: Web element with id: 'Object Repository/Page_Justificatifs_Usager/Input_Numero_Ephoto' located by '//*[@aria-labelledby="PHOTO_NUMBER-label" and @type ="text"]|//*[@aria-labelledby="PHOTO_IDENTITE-label" and @type ="text"]' not found
	at com.kms.katalon.core.webui.common.WebUiCommonHelper.findWebElement(WebUiCommonHelper.java:1381)
	at com.kms.katalon.core.webui.keyword.internal.WebUIAbstractKeyword.findWebElement(WebUIAbstractKeyword.groovy:27)
	at com.kms.katalon.core.webui.keyword.internal.WebUIAbstractKeyword.findWebElement(WebUIAbstractKeyword.groovy:26)
	at com.kms.katalon.core.webui.keyword.builtin.SetTextKeyword$_setText_closure1.doCall(SetTextKeyword.groovy:51)
	at com.kms.katalon.core.webui.keyword.builtin.SetTextKeyword$_setText_closure1.call(SetTextKeyword.groovy)
	at com.kms.katalon.core.webui.keyword.internal.WebUIKeywordMain.runKeyword(WebUIKeywordMain.groovy:20)
	... 36 more


2023-11-24 14:59:09 - [TEST_STEP][PASSED] - com.kazurayam.ksbackyard.HighlightElement.pandemic(): com.kazurayam.ksbackyard.HighlightElement.pandemic is PASSED

2023-11-24 14:59:09 - [MESSAGE][PASSED] - com.kazurayam.ksbackyard.HighlightElement.pandemic is PASSED

2023-11-24 14:59:09 - [TEST_STEP][PASSED] - callTestCase(findTestCase("Test Reutilisable/Main/Lancer URL ANEF"), ["Profiles":"Usager", "EnvExec":EnvExec], STOP_ON_FAILURE): Call Test Case 'Test Cases/Test Reutilisable/Main/Lancer URL ANEF' successfully

2023-11-24 14:59:09 - [MESSAGE][INFO] - Checking called Test Case

2023-11-24 14:59:09 - [MESSAGE][INFO] - Starting to call Test Case 'Test Cases/Test Reutilisable/Main/Lancer URL ANEF'

2023-11-24 14:59:09 - [TEST_CASE][PASSED] - Test Cases/Test Reutilisable/Main/Lancer URL ANEF: Test Cases/Test Reutilisable/Main/Lancer URL ANEF

2023-11-24 14:59:09 - [TEST_STEP][PASSED] - "RunConfiguration: getProjectDir for LogDriver ": null

2023-11-24 14:59:09 - [TEST_STEP][PASSED] - RunBrowserConfiguration = getExecutionProperties(): null

2023-11-24 14:59:09 - [TEST_STEP][PASSED] - DriverName = "": null

2023-11-24 14:59:09 - [TEST_STEP][PASSED] - openBrowser(""): Browser is opened with url: ''

2023-11-24 14:59:09 - [MESSAGE][INFO] - Opening browser

2023-11-24 14:59:09 - [MESSAGE][WARNING] - A browser is already opened. Closing browser and opening a new one

2023-11-24 14:59:10 - [MESSAGE][INFO] - Starting 'Chrome' driver

2023-11-24 14:59:10 - [MESSAGE][INFO] - User set preference: ['args', '[--incognito, --start-maximized, --remote-allow-origins=*]']

2023-11-24 14:59:10 - [MESSAGE][INFO] - User set preference: ['prefs', '{download.default_directory=${GlobalVariable.downloadPath}, download_dir=${GlobalVariable.downloadPath}, download.prompt_for_download=false}']

2023-11-24 14:59:10 - [MESSAGE][INFO] - User set preference: ['loggingPrefs', '{browser=ALL}']

2023-11-24 14:59:10 - [MESSAGE][INFO] - Action delay is set to 2Â 000 milliseconds

2023-11-24 14:59:13 - [MESSAGE][PASSED] - Browser is opened with url: ''

2023-11-24 14:59:13 - [TEST_STEP][PASSED] - driver = getWebDriver(): null

2023-11-24 14:59:13 - [TEST_STEP][PASSED] - wrappedDriver = driver.getWrappedDriver(): null

2023-11-24 14:59:13 - [TEST_STEP][PASSED] - out.println(wrappedDriver.getClass()): null

2023-11-24 14:59:13 - [TEST_STEP][PASSED] - if (class == com.kms.katalon.selenium.driver.CRemoteWebDriver): null

2023-11-24 14:59:13 - [TEST_STEP][PASSED] - else: null

2023-11-24 14:59:13 - [TEST_STEP][PASSED] - DriverName = get("WebUI").get("browserType"): null

2023-11-24 14:59:13 - [TEST_STEP][PASSED] - println("DriverName :" + DriverName): null

2023-11-24 14:59:13 - [TEST_STEP][PASSED] - println("Driverpath :" + RunBrowserConfiguration.get("drivers")): null

2023-11-24 14:59:13 - [TEST_STEP][PASSED] - DriverName = DriverName: null

2023-11-24 14:59:13 - [TEST_STEP][PASSED] - delay(medium_wait): Delayed 3 second(s)

2023-11-24 14:59:13 - [MESSAGE][INFO] - Delaying browser in 3 second(s)

2023-11-24 14:59:16 - [MESSAGE][PASSED] - Delayed 3 second(s)

2023-11-24 14:59:16 - [TEST_STEP][PASSED] - executedBrowser = getExecutedBrowser(): null

2023-11-24 14:59:16 - [TEST_STEP][PASSED] - if (Profiles == "Usager"): null

2023-11-24 14:59:16 - [TEST_STEP][PASSED] - switch (DriverName): null

2023-11-24 14:59:16 - [TEST_STEP][PASSED] - case "CHROME_DRIVER":: null

2023-11-24 14:59:16 - [TEST_STEP][PASSED] - if (EnvExec == "URL_ANEFQualif"): Navigate to 'https://qualif.administration-etrangers-en-france.interieur.gouv.fr/particuliers/#/' successfully

2023-11-24 14:59:16 - [TEST_STEP][PASSED] - navigateToUrl(URL_ANEFQualif): Navigate to 'https://qualif.administration-etrangers-en-france.interieur.gouv.fr/particuliers/#/' successfully

2023-11-24 14:59:16 - [MESSAGE][INFO] - Checking url

2023-11-24 14:59:16 - [MESSAGE][INFO] - Navigating to 'https://qualif.administration-etrangers-en-france.interieur.gouv.fr/particuliers/#/'

2023-11-24 14:59:34 - [MESSAGE][PASSED] - Navigate to 'https://qualif.administration-etrangers-en-france.interieur.gouv.fr/particuliers/#/' successfully

2023-11-24 14:59:34 - [TEST_STEP][PASSED] - if (EnvExec == "URL_ANEFPreProd"): null

2023-11-24 14:59:34 - [TEST_STEP][PASSED] - maximizeWindow(): Current window maximized

2023-11-24 14:59:34 - [MESSAGE][INFO] - Maximizing current window

2023-11-24 14:59:34 - [MESSAGE][PASSED] - Current window maximized

2023-11-24 14:59:34 - [TEST_STEP][PASSED] - System.setProperty("webdriver.chrome.driver", getChromeDriverPath()): null

2023-11-24 14:59:34 - [TEST_STEP][PASSED] - System.setProperty("webdriver.chrome.logfile", getProjectDir() + "/Dump/chromedriver.log"): null

2023-11-24 14:59:34 - [TEST_STEP][PASSED] - callTestCase(findTestCase("Test Reutilisable/Main/Erreur lie a la confidentialite"), [:], STOP_ON_FAILURE): Call Test Case 'Test Cases/Test Reutilisable/Main/Erreur lie a la confidentialite' successfully

2023-11-24 14:59:34 - [MESSAGE][INFO] - Checking called Test Case

2023-11-24 14:59:34 - [MESSAGE][INFO] - Starting to call Test Case 'Test Cases/Test Reutilisable/Main/Erreur lie a la confidentialite'

2023-11-24 14:59:34 - [TEST_CASE][PASSED] - Test Cases/Test Reutilisable/Main/Erreur lie a la confidentialite: Test Cases/Test Reutilisable/Main/Erreur lie a la confidentialite

2023-11-24 14:59:34 - [TEST_STEP][PASSED] - tools.WaitForLoadedPage.waitForElementRendering(): tools.WaitForLoadedPage.waitForElementRendering is PASSED

2023-11-24 14:59:34 - [MESSAGE][PASSED] - tools.WaitForLoadedPage.waitForElementRendering is PASSED

2023-11-24 14:59:34 - [TEST_STEP][PASSED] - "Call Highlight.on() automatically": null

2023-11-24 14:59:34 - [TEST_STEP][PASSED] - DriverName = DriverName: null

2023-11-24 14:59:34 - [TEST_STEP][PASSED] - if (DriverName == "CHROME_DRIVER" || "EDGE_CHROMIUM_DRIVER" || "HEADLESS_DRIVER"): null

2023-11-24 14:59:34 - [TEST_STEP][PASSED] - if (verifyElementPresent(findTestObject("Object Repository/Connexion Usager/Btn_Parametres Avances"), 2, OPTIONAL)): null

2023-11-24 14:59:34 - [MESSAGE][INFO] - Finding Test Object 'Object Repository/Connexion Usager/Btn_Parametres Avances'

2023-11-24 14:59:34 - [MESSAGE][INFO] - Checking object

2023-11-24 14:59:34 - [MESSAGE][INFO] - Finding web element from Test Object's properties

2023-11-24 14:59:34 - [MESSAGE][INFO] - Checking timeout

2023-11-24 14:59:34 - [MESSAGE][INFO] - Finding web element with id: 'Object Repository/Connexion Usager/Btn_Parametres Avances' located by 'By.xpath: //*[@id="details-button"]' in '2' second(s)

2023-11-24 14:59:34 - [MESSAGE][INFO] - Smart Wait Function is triggered

2023-11-24 14:59:34 - [MESSAGE][INFO] - Found 1 web elements with id: 'Object Repository/Connexion Usager/Btn_Parametres Avances' located by 'By.xpath: //*[@id="details-button"]' in '2' second(s)

2023-11-24 14:59:34 - [MESSAGE][PASSED] - Object 'Object Repository/Connexion Usager/Btn_Parametres Avances' is present

2023-11-24 14:59:34 - [TEST_STEP][PASSED] - click(findTestObject("Object Repository/Connexion Usager/Btn_Parametres Avances"), OPTIONAL): Object: 'Object Repository/Connexion Usager/Btn_Parametres Avances' is clicked on

2023-11-24 14:59:34 - [MESSAGE][INFO] - Finding Test Object 'Object Repository/Connexion Usager/Btn_Parametres Avances'

2023-11-24 14:59:34 - [MESSAGE][INFO] - Checking timeout

2023-11-24 14:59:34 - [MESSAGE][INFO] - Finding web element with id: 'Object Repository/Connexion Usager/Btn_Parametres Avances' located by 'By.xpath: //*[@id="details-button"]' in '20' second(s)

2023-11-24 14:59:34 - [MESSAGE][INFO] - Smart Wait Function is triggered

2023-11-24 14:59:34 - [MESSAGE][INFO] - Found 1 web elements with id: 'Object Repository/Connexion Usager/Btn_Parametres Avances' located by 'By.xpath: //*[@id="details-button"]' in '20' second(s)

2023-11-24 14:59:35 - [MESSAGE][INFO] - Checking object

2023-11-24 14:59:35 - [MESSAGE][INFO] - Checking timeout

2023-11-24 14:59:35 - [MESSAGE][INFO] - Finding web element from Test Object's properties

2023-11-24 14:59:35 - [MESSAGE][INFO] - Checking timeout

2023-11-24 14:59:35 - [MESSAGE][INFO] - Finding web element with id: 'Object Repository/Connexion Usager/Btn_Parametres Avances' located by 'By.xpath: //*[@id="details-button"]' in '5' second(s)

2023-11-24 14:59:35 - [MESSAGE][INFO] - Smart Wait Function is triggered

2023-11-24 14:59:35 - [MESSAGE][INFO] - Found 1 web elements with id: 'Object Repository/Connexion Usager/Btn_Parametres Avances' located by 'By.xpath: //*[@id="details-button"]' in '5' second(s)

2023-11-24 14:59:35 - [MESSAGE][INFO] - Clicking on object: 'Object Repository/Connexion Usager/Btn_Parametres Avances'

2023-11-24 14:59:37 - [MESSAGE][PASSED] - Object: 'Object Repository/Connexion Usager/Btn_Parametres Avances' is clicked on

2023-11-24 14:59:37 - [TEST_STEP][PASSED] - click(findTestObject("Object Repository/Connexion Usager/Link_Proceed-Link"), OPTIONAL): Object: 'Object Repository/Connexion Usager/Link_Proceed-Link' is clicked on

2023-11-24 14:59:37 - [MESSAGE][INFO] - Finding Test Object 'Object Repository/Connexion Usager/Link_Proceed-Link'

2023-11-24 14:59:37 - [MESSAGE][INFO] - Checking timeout

2023-11-24 14:59:37 - [MESSAGE][INFO] - Finding web element with id: 'Object Repository/Connexion Usager/Link_Proceed-Link' located by 'By.xpath: //*[@id="proceed-link"]' in '20' second(s)

2023-11-24 14:59:37 - [MESSAGE][INFO] - Smart Wait Function is triggered

2023-11-24 14:59:37 - [MESSAGE][INFO] - Found 1 web elements with id: 'Object Repository/Connexion Usager/Link_Proceed-Link' located by 'By.xpath: //*[@id="proceed-link"]' in '20' second(s)

2023-11-24 14:59:37 - [MESSAGE][INFO] - Checking object

2023-11-24 14:59:37 - [MESSAGE][INFO] - Checking timeout

2023-11-24 14:59:37 - [MESSAGE][INFO] - Finding web element from Test Object's properties

2023-11-24 14:59:37 - [MESSAGE][INFO] - Checking timeout

2023-11-24 14:59:37 - [MESSAGE][INFO] - Finding web element with id: 'Object Repository/Connexion Usager/Link_Proceed-Link' located by 'By.xpath: //*[@id="proceed-link"]' in '5' second(s)

2023-11-24 14:59:37 - [MESSAGE][INFO] - Smart Wait Function is triggered

2023-11-24 14:59:37 - [MESSAGE][INFO] - Found 1 web elements with id: 'Object Repository/Connexion Usager/Link_Proceed-Link' located by 'By.xpath: //*[@id="proceed-link"]' in '5' second(s)

2023-11-24 14:59:37 - [MESSAGE][INFO] - Clicking on object: 'Object Repository/Connexion Usager/Link_Proceed-Link'

2023-11-24 14:59:42 - [MESSAGE][PASSED] - Object: 'Object Repository/Connexion Usager/Link_Proceed-Link' is clicked on

2023-11-24 14:59:42 - [TEST_STEP][PASSED] - if (DriverName == "IE_DRIVER"): null

2023-11-24 14:59:42 - [TEST_STEP][PASSED] - delay(3): Delayed 3 second(s)

2023-11-24 14:59:42 - [MESSAGE][INFO] - Delaying browser in 3 second(s)

2023-11-24 14:59:45 - [MESSAGE][PASSED] - Delayed 3 second(s)

2023-11-24 14:59:45 - [MESSAGE][PASSED] - Call Test Case 'Test Cases/Test Reutilisable/Main/Erreur lie a la confidentialite' successfully

2023-11-24 14:59:45 - [TEST_STEP][PASSED] - delay(5): Delayed 5 second(s)

2023-11-24 14:59:45 - [MESSAGE][INFO] - Delaying browser in 5 second(s)

2023-11-24 14:59:50 - [MESSAGE][PASSED] - Delayed 5 second(s)

2023-11-24 14:59:50 - [TEST_STEP][PASSED] - verifyElementVisible(findTestObject("Object Repository/Connexion Usager/Link_Se Connecter"), STOP_ON_FAILURE): Object 'Object Repository/Connexion Usager/Link_Se Connecter' is visible

2023-11-24 14:59:50 - [MESSAGE][INFO] - Finding Test Object 'Object Repository/Connexion Usager/Link_Se Connecter'

2023-11-24 14:59:50 - [MESSAGE][INFO] - Checking object

2023-11-24 14:59:50 - [MESSAGE][INFO] - Finding web element from Test Object's properties

2023-11-24 14:59:50 - [MESSAGE][INFO] - Checking timeout

2023-11-24 14:59:50 - [MESSAGE][INFO] - Finding web element with id: 'Object Repository/Connexion Usager/Link_Se Connecter' located by 'By.xpath: //*[@id="connexion_link"]' in '5' second(s)

2023-11-24 14:59:50 - [MESSAGE][INFO] - Smart Wait Function is triggered

2023-11-24 14:59:50 - [MESSAGE][INFO] - Found 1 web elements with id: 'Object Repository/Connexion Usager/Link_Se Connecter' located by 'By.xpath: //*[@id="connexion_link"]' in '5' second(s)

2023-11-24 14:59:50 - [MESSAGE][PASSED] - Object 'Object Repository/Connexion Usager/Link_Se Connecter' is visible

2023-11-24 14:59:50 - [TEST_STEP][PASSED] - break: null

2023-11-24 14:59:50 - [TEST_STEP][PASSED] - if (Profiles == "Agent"): null

2023-11-24 14:59:50 - [TEST_STEP][PASSED] - else: null

2023-11-24 14:59:50 - [TEST_STEP][PASSED] - println("VÃ©rifier le Portail de votre connexion Usager ou Agent"): null

2023-11-24 14:59:50 - [MESSAGE][PASSED] - Call Test Case 'Test Cases/Test Reutilisable/Main/Lancer URL ANEF' successfully

2023-11-24 14:59:50 - [TEST_STEP][FAILED] - if (StopTestCase == false): Unable to call Test Case 'Test Cases/Test Reutilisable/DemandeOuRenouvelle_TitreSejour/FormulaireJustificatifs' (Root cause: com.kms.katalon.core.exception.StepFailedException: Call Test Case 'Test Cases/Test Reutilisable/DemandeOuRenouvelle_TitreSejour/FormulaireJustificatifs' failed
	at com.kms.katalon.core.keyword.builtin.CallTestCaseKeyword$_callTestCase_closure1.doCall(CallTestCaseKeyword.groovy:63)
	at com.kms.katalon.core.keyword.builtin.CallTestCaseKeyword$_callTestCase_closure1.call(CallTestCaseKeyword.groovy)
	at com.kms.katalon.core.keyword.internal.KeywordMain.runKeyword(KeywordMain.groovy:75)
	at com.kms.katalon.core.keyword.builtin.CallTestCaseKeyword.callTestCase(CallTestCaseKeyword.groovy:81)
	at com.kms.katalon.core.keyword.builtin.CallTestCaseKeyword.execute(CallTestCaseKeyword.groovy:44)
	at com.kms.katalon.core.keyword.internal.KeywordExecutor.executeKeywordForPlatform(KeywordExecutor.groovy:74)
	at com.kms.katalon.core.keyword.BuiltinKeywords.callTestCase(BuiltinKeywords.groovy:310)
	at com.kazurayam.ksbackyard.HighlightElement$_pandemic_closure1.doCall(HighlightElement.groovy:105)
	at TNR R.TSPT Supp90-Etudiant.run(TNR R.TSPT Supp90-Etudiant:62)
	at com.kms.katalon.core.main.ScriptEngine.run(ScriptEngine.java:194)
	at com.kms.katalon.core.main.ScriptEngine.runScriptAsRawText(ScriptEngine.java:119)
	at com.kms.katalon.core.main.TestCaseExecutor.runScript(TestCaseExecutor.java:448)
	at com.kms.katalon.core.main.TestCaseExecutor.doExecute(TestCaseExecutor.java:439)
	at com.kms.katalon.core.main.TestCaseExecutor.processExecutionPhase(TestCaseExecutor.java:418)
	at com.kms.katalon.core.main.TestCaseExecutor.accessMainPhase(TestCaseExecutor.java:410)
	at com.kms.katalon.core.main.TestCaseExecutor.execute(TestCaseExecutor.java:285)
	at com.kms.katalon.core.common.CommonExecutor.accessTestCaseMainPhase(CommonExecutor.java:65)
	at com.kms.katalon.core.main.TestSuiteExecutor.accessTestSuiteMainPhase(TestSuiteExecutor.java:148)
	at com.kms.katalon.core.main.TestSuiteExecutor.execute(TestSuiteExecutor.java:106)
	at com.kms.katalon.core.main.TestCaseMain.startTestSuite(TestCaseMain.java:187)
	at com.kms.katalon.core.main.TestCaseMain$startTestSuite$0.call(Unknown Source)
	at TempTestSuite1700834005381.run(TempTestSuite1700834005381.groovy:36)
Caused by: com.kms.katalon.core.exception.StepFailedException: Unable to set text '1PMTYE991215114515JY05' of object 'Object Repository/Page_Justificatifs_Usager/Input_Numero_Ephoto'
	at com.kms.katalon.core.webui.keyword.internal.WebUIKeywordMain.stepFailed(WebUIKeywordMain.groovy:64)
	at com.kms.katalon.core.webui.keyword.internal.WebUIKeywordMain.runKeyword(WebUIKeywordMain.groovy:26)
	at com.kms.katalon.core.webui.keyword.builtin.SetTextKeyword.setText(SetTextKeyword.groovy:66)
	at com.kms.katalon.core.webui.keyword.builtin.SetTextKeyword.execute(SetTextKeyword.groovy:37)
	at com.kms.katalon.core.keyword.internal.KeywordExecutor.executeKeywordForPlatform(KeywordExecutor.groovy:74)
	at com.kms.katalon.core.webui.keyword.WebUiBuiltInKeywords.setText(WebUiBuiltInKeywords.groovy:980)
	at com.kazurayam.ksbackyard.HighlightElement$_pandemic_closure1.doCall(HighlightElement.groovy:105)
	at FormulaireJustificatifs.run(FormulaireJustificatifs:281)
	at com.kms.katalon.core.main.ScriptEngine.run(ScriptEngine.java:194)
	at com.kms.katalon.core.main.ScriptEngine.runScriptAsRawText(ScriptEngine.java:119)
	at com.kms.katalon.core.main.TestCaseExecutor.runScript(TestCaseExecutor.java:448)
	at com.kms.katalon.core.main.TestCaseExecutor.doExecute(TestCaseExecutor.java:439)
	at com.kms.katalon.core.main.TestCaseExecutor.processExecutionPhase(TestCaseExecutor.java:418)
	at com.kms.katalon.core.main.TestCaseExecutor.accessMainPhase(TestCaseExecutor.java:410)
	at com.kms.katalon.core.main.TestCaseExecutor.execute(TestCaseExecutor.java:285)
	at com.kms.katalon.core.main.TestCaseMain.runTestCase(TestCaseMain.java:144)
	at com.kms.katalon.core.keyword.builtin.CallTestCaseKeyword$_callTestCase_closure1.doCall(CallTestCaseKeyword.groovy:59)
	... 21 more
Caused by: com.kms.katalon.core.webui.exception.WebElementNotFoundException: Web element with id: 'Object Repository/Page_Justificatifs_Usager/Input_Numero_Ephoto' located by '//*[@aria-labelledby="PHOTO_NUMBER-label" and @type ="text"]|//*[@aria-labelledby="PHOTO_IDENTITE-label" and @type ="text"]' not found
	at com.kms.katalon.core.webui.common.WebUiCommonHelper.findWebElement(WebUiCommonHelper.java:1381)
	at com.kms.katalon.core.webui.keyword.internal.WebUIAbstractKeyword.findWebElement(WebUIAbstractKeyword.groovy:27)
	at com.kms.katalon.core.webui.keyword.internal.WebUIAbstractKeyword.findWebElement(WebUIAbstractKeyword.groovy:26)
	at com.kms.katalon.core.webui.keyword.builtin.SetTextKeyword$_setText_closure1.doCall(SetTextKeyword.groovy:51)
	at com.kms.katalon.core.webui.keyword.builtin.SetTextKeyword$_setText_closure1.call(SetTextKeyword.groovy)
	at com.kms.katalon.core.webui.keyword.internal.WebUIKeywordMain.runKeyword(WebUIKeywordMain.groovy:20)
	... 36 more
)

2023-11-24 14:59:50 - [TEST_STEP][PASSED] - callTestCase(findTestCase("Test Reutilisable/Main/Identification"), ["Profiles":"Usager", "NumEtrangerVisa":NumEtrangerVisa], STOP_ON_FAILURE): Call Test Case 'Test Cases/Test Reutilisable/Main/Identification' successfully

2023-11-24 14:59:50 - [MESSAGE][INFO] - Checking called Test Case

2023-11-24 14:59:50 - [MESSAGE][INFO] - Starting to call Test Case 'Test Cases/Test Reutilisable/Main/Identification'

2023-11-24 14:59:50 - [TEST_CASE][PASSED] - Test Cases/Test Reutilisable/Main/Identification: Test Cases/Test Reutilisable/Main/Identification

2023-11-24 14:59:50 - [TEST_STEP][PASSED] - if (Profiles == "Usager"): Object 'Object Repository/Page_Accueil_Usager/Span_MesNotifications' is present

2023-11-24 14:59:50 - [TEST_STEP][PASSED] - delay(5): Delayed 5 second(s)

2023-11-24 14:59:50 - [MESSAGE][INFO] - Delaying browser in 5 second(s)

2023-11-24 14:59:55 - [MESSAGE][PASSED] - Delayed 5 second(s)

2023-11-24 14:59:55 - [TEST_STEP][PASSED] - click(findTestObject("Object Repository/Connexion Usager/Link_Se Connecter")): Object: 'Object Repository/Connexion Usager/Link_Se Connecter' is clicked on

2023-11-24 14:59:55 - [MESSAGE][INFO] - Finding Test Object 'Object Repository/Connexion Usager/Link_Se Connecter'

2023-11-24 14:59:56 - [MESSAGE][INFO] - Checking timeout

2023-11-24 14:59:56 - [MESSAGE][INFO] - Finding web element with id: 'Object Repository/Connexion Usager/Link_Se Connecter' located by 'By.xpath: //*[@id="connexion_link"]' in '20' second(s)

2023-11-24 14:59:56 - [MESSAGE][INFO] - Smart Wait Function is triggered

2023-11-24 14:59:56 - [MESSAGE][INFO] - Found 1 web elements with id: 'Object Repository/Connexion Usager/Link_Se Connecter' located by 'By.xpath: //*[@id="connexion_link"]' in '20' second(s)

2023-11-24 14:59:56 - [MESSAGE][INFO] - Checking object

2023-11-24 14:59:56 - [MESSAGE][INFO] - Checking timeout

2023-11-24 14:59:56 - [MESSAGE][INFO] - Finding web element from Test Object's properties

2023-11-24 14:59:56 - [MESSAGE][INFO] - Checking timeout

2023-11-24 14:59:56 - [MESSAGE][INFO] - Finding web element with id: 'Object Repository/Connexion Usager/Link_Se Connecter' located by 'By.xpath: //*[@id="connexion_link"]' in '5' second(s)

2023-11-24 14:59:56 - [MESSAGE][INFO] - Smart Wait Function is triggered

2023-11-24 14:59:56 - [MESSAGE][INFO] - Found 1 web elements with id: 'Object Repository/Connexion Usager/Link_Se Connecter' located by 'By.xpath: //*[@id="connexion_link"]' in '5' second(s)

2023-11-24 14:59:56 - [MESSAGE][INFO] - Clicking on object: 'Object Repository/Connexion Usager/Link_Se Connecter'

2023-11-24 14:59:58 - [MESSAGE][PASSED] - Object: 'Object Repository/Connexion Usager/Link_Se Connecter' is clicked on

2023-11-24 14:59:58 - [TEST_STEP][PASSED] - callTestCase(findTestCase("Test Reutilisable/Main/Erreur lie a la confidentialite"), [:], STOP_ON_FAILURE): Call Test Case 'Test Cases/Test Reutilisable/Main/Erreur lie a la confidentialite' successfully

2023-11-24 14:59:58 - [MESSAGE][INFO] - Checking called Test Case

2023-11-24 14:59:58 - [MESSAGE][INFO] - Starting to call Test Case 'Test Cases/Test Reutilisable/Main/Erreur lie a la confidentialite'

2023-11-24 14:59:58 - [TEST_CASE][PASSED] - Test Cases/Test Reutilisable/Main/Erreur lie a la confidentialite: Test Cases/Test Reutilisable/Main/Erreur lie a la confidentialite

2023-11-24 14:59:58 - [TEST_STEP][PASSED] - tools.WaitForLoadedPage.waitForElementRendering(): tools.WaitForLoadedPage.waitForElementRendering is PASSED

2023-11-24 14:59:58 - [MESSAGE][PASSED] - tools.WaitForLoadedPage.waitForElementRendering is PASSED

2023-11-24 14:59:58 - [TEST_STEP][PASSED] - "Call Highlight.on() automatically": null

2023-11-24 14:59:58 - [TEST_STEP][PASSED] - DriverName = DriverName: null

2023-11-24 14:59:58 - [TEST_STEP][PASSED] - if (DriverName == "CHROME_DRIVER" || "EDGE_CHROMIUM_DRIVER" || "HEADLESS_DRIVER"): null

2023-11-24 14:59:58 - [TEST_STEP][PASSED] - if (verifyElementPresent(findTestObject("Object Repository/Connexion Usager/Btn_Parametres Avances"), 2, OPTIONAL)): null

2023-11-24 14:59:58 - [MESSAGE][INFO] - Finding Test Object 'Object Repository/Connexion Usager/Btn_Parametres Avances'

2023-11-24 14:59:59 - [MESSAGE][INFO] - Checking object

2023-11-24 14:59:59 - [MESSAGE][INFO] - Finding web element from Test Object's properties

2023-11-24 14:59:59 - [MESSAGE][INFO] - Checking timeout

2023-11-24 14:59:59 - [MESSAGE][INFO] - Finding web element with id: 'Object Repository/Connexion Usager/Btn_Parametres Avances' located by 'By.xpath: //*[@id="details-button"]' in '2' second(s)

2023-11-24 14:59:59 - [MESSAGE][INFO] - Smart Wait Function is triggered

2023-11-24 14:59:59 - [MESSAGE][INFO] - Found 1 web elements with id: 'Object Repository/Connexion Usager/Btn_Parametres Avances' located by 'By.xpath: //*[@id="details-button"]' in '2' second(s)

2023-11-24 14:59:59 - [MESSAGE][PASSED] - Object 'Object Repository/Connexion Usager/Btn_Parametres Avances' is present

2023-11-24 14:59:59 - [TEST_STEP][PASSED] - click(findTestObject("Object Repository/Connexion Usager/Btn_Parametres Avances"), OPTIONAL): Object: 'Object Repository/Connexion Usager/Btn_Parametres Avances' is clicked on

2023-11-24 14:59:59 - [MESSAGE][INFO] - Finding Test Object 'Object Repository/Connexion Usager/Btn_Parametres Avances'

2023-11-24 14:59:59 - [MESSAGE][INFO] - Checking timeout

2023-11-24 14:59:59 - [MESSAGE][INFO] - Finding web element with id: 'Object Repository/Connexion Usager/Btn_Parametres Avances' located by 'By.xpath: //*[@id="details-button"]' in '20' second(s)

2023-11-24 14:59:59 - [MESSAGE][INFO] - Smart Wait Function is triggered

2023-11-24 14:59:59 - [MESSAGE][INFO] - Found 1 web elements with id: 'Object Repository/Connexion Usager/Btn_Parametres Avances' located by 'By.xpath: //*[@id="details-button"]' in '20' second(s)

2023-11-24 14:59:59 - [MESSAGE][INFO] - Checking object

2023-11-24 14:59:59 - [MESSAGE][INFO] - Checking timeout

2023-11-24 14:59:59 - [MESSAGE][INFO] - Finding web element from Test Object's properties

2023-11-24 14:59:59 - [MESSAGE][INFO] - Checking timeout

2023-11-24 14:59:59 - [MESSAGE][INFO] - Finding web element with id: 'Object Repository/Connexion Usager/Btn_Parametres Avances' located by 'By.xpath: //*[@id="details-button"]' in '5' second(s)

2023-11-24 14:59:59 - [MESSAGE][INFO] - Smart Wait Function is triggered

2023-11-24 14:59:59 - [MESSAGE][INFO] - Found 1 web elements with id: 'Object Repository/Connexion Usager/Btn_Parametres Avances' located by 'By.xpath: //*[@id="details-button"]' in '5' second(s)

2023-11-24 14:59:59 - [MESSAGE][INFO] - Clicking on object: 'Object Repository/Connexion Usager/Btn_Parametres Avances'

2023-11-24 15:00:01 - [MESSAGE][PASSED] - Object: 'Object Repository/Connexion Usager/Btn_Parametres Avances' is clicked on

2023-11-24 15:00:01 - [TEST_STEP][PASSED] - click(findTestObject("Object Repository/Connexion Usager/Link_Proceed-Link"), OPTIONAL): Object: 'Object Repository/Connexion Usager/Link_Proceed-Link' is clicked on

2023-11-24 15:00:01 - [MESSAGE][INFO] - Finding Test Object 'Object Repository/Connexion Usager/Link_Proceed-Link'

2023-11-24 15:00:01 - [MESSAGE][INFO] - Checking timeout

2023-11-24 15:00:01 - [MESSAGE][INFO] - Finding web element with id: 'Object Repository/Connexion Usager/Link_Proceed-Link' located by 'By.xpath: //*[@id="proceed-link"]' in '20' second(s)

2023-11-24 15:00:01 - [MESSAGE][INFO] - Smart Wait Function is triggered

2023-11-24 15:00:01 - [MESSAGE][INFO] - Found 1 web elements with id: 'Object Repository/Connexion Usager/Link_Proceed-Link' located by 'By.xpath: //*[@id="proceed-link"]' in '20' second(s)

2023-11-24 15:00:01 - [MESSAGE][INFO] - Checking object

2023-11-24 15:00:01 - [MESSAGE][INFO] - Checking timeout

2023-11-24 15:00:01 - [MESSAGE][INFO] - Finding web element from Test Object's properties

2023-11-24 15:00:01 - [MESSAGE][INFO] - Checking timeout

2023-11-24 15:00:01 - [MESSAGE][INFO] - Finding web element with id: 'Object Repository/Connexion Usager/Link_Proceed-Link' located by 'By.xpath: //*[@id="proceed-link"]' in '5' second(s)

2023-11-24 15:00:01 - [MESSAGE][INFO] - Smart Wait Function is triggered

2023-11-24 15:00:01 - [MESSAGE][INFO] - Found 1 web elements with id: 'Object Repository/Connexion Usager/Link_Proceed-Link' located by 'By.xpath: //*[@id="proceed-link"]' in '5' second(s)

2023-11-24 15:00:01 - [MESSAGE][INFO] - Clicking on object: 'Object Repository/Connexion Usager/Link_Proceed-Link'

2023-11-24 15:00:04 - [MESSAGE][PASSED] - Object: 'Object Repository/Connexion Usager/Link_Proceed-Link' is clicked on

2023-11-24 15:00:04 - [TEST_STEP][PASSED] - if (DriverName == "IE_DRIVER"): null

2023-11-24 15:00:04 - [TEST_STEP][PASSED] - delay(3): Delayed 3 second(s)

2023-11-24 15:00:04 - [MESSAGE][INFO] - Delaying browser in 3 second(s)

2023-11-24 15:00:07 - [MESSAGE][PASSED] - Delayed 3 second(s)

2023-11-24 15:00:07 - [MESSAGE][PASSED] - Call Test Case 'Test Cases/Test Reutilisable/Main/Erreur lie a la confidentialite' successfully

2023-11-24 15:00:07 - [TEST_STEP][PASSED] - delay(5): Delayed 5 second(s)

2023-11-24 15:00:07 - [MESSAGE][INFO] - Delaying browser in 5 second(s)

2023-11-24 15:00:12 - [MESSAGE][PASSED] - Delayed 5 second(s)

2023-11-24 15:00:12 - [TEST_STEP][PASSED] - setText(findTestObject("Object Repository/Connexion Usager/Input_Identifiant"), NumEtrangerVisa): Text '7703040878' is set on object 'Object Repository/Connexion Usager/Input_Identifiant'

2023-11-24 15:00:12 - [MESSAGE][INFO] - Finding Test Object 'Object Repository/Connexion Usager/Input_Identifiant'

2023-11-24 15:00:12 - [MESSAGE][INFO] - Checking timeout

2023-11-24 15:00:12 - [MESSAGE][INFO] - Finding web element with id: 'Object Repository/Connexion Usager/Input_Identifiant' located by 'By.xpath: //*[@id="login"]' in '20' second(s)

2023-11-24 15:00:12 - [MESSAGE][INFO] - Smart Wait Function is triggered

2023-11-24 15:00:12 - [MESSAGE][INFO] - Found 1 web elements with id: 'Object Repository/Connexion Usager/Input_Identifiant' located by 'By.xpath: //*[@id="login"]' in '20' second(s)

2023-11-24 15:00:12 - [MESSAGE][INFO] - Checking object

2023-11-24 15:00:12 - [MESSAGE][INFO] - Checking text

2023-11-24 15:00:12 - [MESSAGE][INFO] - Finding web element from Test Object's properties

2023-11-24 15:00:12 - [MESSAGE][INFO] - Checking timeout

2023-11-24 15:00:12 - [MESSAGE][INFO] - Finding web element with id: 'Object Repository/Connexion Usager/Input_Identifiant' located by 'By.xpath: //*[@id="login"]' in '5' second(s)

2023-11-24 15:00:12 - [MESSAGE][INFO] - Smart Wait Function is triggered

2023-11-24 15:00:12 - [MESSAGE][INFO] - Found 1 web elements with id: 'Object Repository/Connexion Usager/Input_Identifiant' located by 'By.xpath: //*[@id="login"]' in '5' second(s)

2023-11-24 15:00:12 - [MESSAGE][INFO] - Clearing text of object 'Object Repository/Connexion Usager/Input_Identifiant'

2023-11-24 15:00:14 - [MESSAGE][INFO] - Finding web element from Test Object's properties

2023-11-24 15:00:14 - [MESSAGE][INFO] - Checking timeout

2023-11-24 15:00:14 - [MESSAGE][INFO] - Finding web element with id: 'Object Repository/Connexion Usager/Input_Identifiant' located by 'By.xpath: //*[@id="login"]' in '5' second(s)

2023-11-24 15:00:14 - [MESSAGE][INFO] - Smart Wait Function is triggered

2023-11-24 15:00:14 - [MESSAGE][INFO] - Found 1 web elements with id: 'Object Repository/Connexion Usager/Input_Identifiant' located by 'By.xpath: //*[@id="login"]' in '5' second(s)

2023-11-24 15:00:14 - [MESSAGE][INFO] - Setting text of object 'Object Repository/Connexion Usager/Input_Identifiant' to value '7703040878'

2023-11-24 15:00:16 - [MESSAGE][PASSED] - Text '7703040878' is set on object 'Object Repository/Connexion Usager/Input_Identifiant'

2023-11-24 15:00:16 - [TEST_STEP][PASSED] - NumEtrangerVisa = NumEtrangerVisa: null

2023-11-24 15:00:16 - [TEST_STEP][PASSED] - setEncryptedText(findTestObject("Object Repository/Connexion Usager/Input_MDP"), Password): Text ****** has been set on object 'Object Repository/Connexion Usager/Input_MDP'

2023-11-24 15:00:16 - [MESSAGE][INFO] - Finding Test Object 'Object Repository/Connexion Usager/Input_MDP'

2023-11-24 15:00:16 - [MESSAGE][INFO] - Checking timeout

2023-11-24 15:00:16 - [MESSAGE][INFO] - Finding web element with id: 'Object Repository/Connexion Usager/Input_MDP' located by 'By.xpath: //*[@id="password"]' in '20' second(s)

2023-11-24 15:00:16 - [MESSAGE][INFO] - Smart Wait Function is triggered

2023-11-24 15:00:16 - [MESSAGE][INFO] - Found 1 web elements with id: 'Object Repository/Connexion Usager/Input_MDP' located by 'By.xpath: //*[@id="password"]' in '20' second(s)

2023-11-24 15:00:16 - [MESSAGE][INFO] - Checking object

2023-11-24 15:00:16 - [MESSAGE][INFO] - Checking text

2023-11-24 15:00:16 - [MESSAGE][INFO] - Finding web element from Test Object's properties

2023-11-24 15:00:16 - [MESSAGE][INFO] - Checking timeout

2023-11-24 15:00:16 - [MESSAGE][INFO] - Finding web element with id: 'Object Repository/Connexion Usager/Input_MDP' located by 'By.xpath: //*[@id="password"]' in '5' second(s)

2023-11-24 15:00:16 - [MESSAGE][INFO] - Smart Wait Function is triggered

2023-11-24 15:00:16 - [MESSAGE][INFO] - Found 1 web elements with id: 'Object Repository/Connexion Usager/Input_MDP' located by 'By.xpath: //*[@id="password"]' in '5' second(s)

2023-11-24 15:00:16 - [MESSAGE][INFO] - Clearing text of object 'Object Repository/Connexion Usager/Input_MDP'

2023-11-24 15:00:18 - [MESSAGE][INFO] - Setting  text of object 'Object Repository/Connexion Usager/Input_MDP' to value ******

2023-11-24 15:00:20 - [MESSAGE][PASSED] - Text ****** has been set on object 'Object Repository/Connexion Usager/Input_MDP'

2023-11-24 15:00:20 - [TEST_STEP][PASSED] - click(findTestObject("Object Repository/Connexion Usager/btn_Sidentifier")): Object: 'Object Repository/Connexion Usager/btn_Sidentifier' is clicked on

2023-11-24 15:00:20 - [MESSAGE][INFO] - Finding Test Object 'Object Repository/Connexion Usager/btn_Sidentifier'

2023-11-24 15:00:21 - [MESSAGE][INFO] - Checking timeout

2023-11-24 15:00:21 - [MESSAGE][INFO] - Finding web element with id: 'Object Repository/Connexion Usager/btn_Sidentifier' located by 'By.xpath: //*[@type= 'submit']' in '20' second(s)

2023-11-24 15:00:21 - [MESSAGE][INFO] - Smart Wait Function is triggered

2023-11-24 15:00:21 - [MESSAGE][INFO] - Found 1 web elements with id: 'Object Repository/Connexion Usager/btn_Sidentifier' located by 'By.xpath: //*[@type= 'submit']' in '20' second(s)

2023-11-24 15:00:21 - [MESSAGE][INFO] - Checking object

2023-11-24 15:00:21 - [MESSAGE][INFO] - Checking timeout

2023-11-24 15:00:21 - [MESSAGE][INFO] - Finding web element from Test Object's properties

2023-11-24 15:00:21 - [MESSAGE][INFO] - Checking timeout

2023-11-24 15:00:21 - [MESSAGE][INFO] - Finding web element with id: 'Object Repository/Connexion Usager/btn_Sidentifier' located by 'By.xpath: //*[@type= 'submit']' in '5' second(s)

2023-11-24 15:00:21 - [MESSAGE][INFO] - Smart Wait Function is triggered

2023-11-24 15:00:21 - [MESSAGE][INFO] - Found 1 web elements with id: 'Object Repository/Connexion Usager/btn_Sidentifier' located by 'By.xpath: //*[@type= 'submit']' in '5' second(s)

2023-11-24 15:00:21 - [MESSAGE][INFO] - Clicking on object: 'Object Repository/Connexion Usager/btn_Sidentifier'

2023-11-24 15:00:25 - [MESSAGE][PASSED] - Object: 'Object Repository/Connexion Usager/btn_Sidentifier' is clicked on

2023-11-24 15:00:25 - [TEST_STEP][PASSED] - delay(15): Delayed 15 second(s)

2023-11-24 15:00:25 - [MESSAGE][INFO] - Delaying browser in 15 second(s)

2023-11-24 15:00:40 - [MESSAGE][PASSED] - Delayed 15 second(s)

2023-11-24 15:00:40 - [TEST_STEP][PASSED] - verifyElementPresent(findTestObject("Object Repository/Page_Accueil_Usager/Span_MesNotifications"), 2, STOP_ON_FAILURE): Object 'Object Repository/Page_Accueil_Usager/Span_MesNotifications' is present

2023-11-24 15:00:40 - [MESSAGE][INFO] - Finding Test Object 'Object Repository/Page_Accueil_Usager/Span_MesNotifications'

2023-11-24 15:00:41 - [MESSAGE][INFO] - Checking object

2023-11-24 15:00:41 - [MESSAGE][INFO] - Finding web element from Test Object's properties

2023-11-24 15:00:41 - [MESSAGE][INFO] - Checking timeout

2023-11-24 15:00:41 - [MESSAGE][INFO] - Finding web element with id: 'Object Repository/Page_Accueil_Usager/Span_MesNotifications' located by 'By.xpath: //*[@id="navBar-new"]/nav/div[3]/div/div/ul/li[1]/a/span' in '2' second(s)

2023-11-24 15:00:41 - [MESSAGE][INFO] - Smart Wait Function is triggered

2023-11-24 15:00:41 - [MESSAGE][INFO] - Found 1 web elements with id: 'Object Repository/Page_Accueil_Usager/Span_MesNotifications' located by 'By.xpath: //*[@id="navBar-new"]/nav/div[3]/div/div/ul/li[1]/a/span' in '2' second(s)

2023-11-24 15:00:41 - [MESSAGE][PASSED] - Object 'Object Repository/Page_Accueil_Usager/Span_MesNotifications' is present

2023-11-24 15:00:41 - [TEST_STEP][PASSED] - if (Profiles == "Agent"): null

2023-11-24 15:00:41 - [TEST_STEP][PASSED] - else: null

2023-11-24 15:00:41 - [TEST_STEP][PASSED] - println("VÃ©rifier le Portail de votre connexion Usager ou Agent"): null

2023-11-24 15:00:41 - [MESSAGE][PASSED] - Call Test Case 'Test Cases/Test Reutilisable/Main/Identification' successfully

2023-11-24 15:00:41 - [TEST_STEP][PASSED] - callTestCase(findTestCase("Test Reutilisable/DemandeOuRenouvelle_TitreSejour/DemandeOuRenouvelleTitreSejour"), [:], STOP_ON_FAILURE): Call Test Case 'Test Cases/Test Reutilisable/DemandeOuRenouvelle_TitreSejour/DemandeOuRenouvelleTitreSejour' successfully

2023-11-24 15:00:41 - [MESSAGE][INFO] - Checking called Test Case

2023-11-24 15:00:41 - [MESSAGE][INFO] - Starting to call Test Case 'Test Cases/Test Reutilisable/DemandeOuRenouvelle_TitreSejour/DemandeOuRenouvelleTitreSejour'

2023-11-24 15:00:41 - [TEST_CASE][PASSED] - Test Cases/Test Reutilisable/DemandeOuRenouvelle_TitreSejour/DemandeOuRenouvelleTitreSejour: Test Cases/Test Reutilisable/DemandeOuRenouvelle_TitreSejour/DemandeOuRenouvelleTitreSejour

2023-11-24 15:00:41 - [TEST_STEP][PASSED] - com.kazurayam.ksbackyard.HighlightElement.pandemic(): com.kazurayam.ksbackyard.HighlightElement.pandemic is PASSED

2023-11-24 15:00:41 - [MESSAGE][PASSED] - com.kazurayam.ksbackyard.HighlightElement.pandemic is PASSED

2023-11-24 15:00:41 - [TEST_STEP][PASSED] - delay(3): Delayed 3 second(s)

2023-11-24 15:00:41 - [MESSAGE][INFO] - Delaying browser in 3 second(s)

2023-11-24 15:00:44 - [MESSAGE][PASSED] - Delayed 3 second(s)

2023-11-24 15:00:44 - [TEST_STEP][PASSED] - doubleClick(findTestObject("Object Repository/Page_Accueil_Usager/btn_DemandeOuRenouvelleTitreSejour")): Object: 'Object Repository/Page_Accueil_Usager/btn_DemandeOuRenouvelleTitreSejour' is double clicked on

2023-11-24 15:00:44 - [MESSAGE][INFO] - Finding Test Object 'Object Repository/Page_Accueil_Usager/btn_DemandeOuRenouvelleTitreSejour'

2023-11-24 15:00:44 - [MESSAGE][INFO] - Checking object

2023-11-24 15:00:44 - [MESSAGE][INFO] - Finding web element from Test Object's properties

2023-11-24 15:00:44 - [MESSAGE][INFO] - Checking timeout

2023-11-24 15:00:44 - [MESSAGE][INFO] - Finding web element with id: 'Object Repository/Page_Accueil_Usager/btn_DemandeOuRenouvelleTitreSejour' located by 'By.xpath: //app-portal//app-portal-root/app-default-root-content/div/div/anef-tile[1]/a/span/span[2]' in '5' second(s)

2023-11-24 15:00:44 - [MESSAGE][INFO] - Smart Wait Function is triggered

2023-11-24 15:00:44 - [MESSAGE][INFO] - Found 1 web elements with id: 'Object Repository/Page_Accueil_Usager/btn_DemandeOuRenouvelleTitreSejour' located by 'By.xpath: //app-portal//app-portal-root/app-default-root-content/div/div/anef-tile[1]/a/span/span[2]' in '5' second(s)

2023-11-24 15:00:44 - [MESSAGE][INFO] - Double clicking on object: 'Object Repository/Page_Accueil_Usager/btn_DemandeOuRenouvelleTitreSejour'

2023-11-24 15:00:44 - [MESSAGE][PASSED] - Object: 'Object Repository/Page_Accueil_Usager/btn_DemandeOuRenouvelleTitreSejour' is double clicked on

2023-11-24 15:00:44 - [TEST_STEP][PASSED] - delay(3): Delayed 3 second(s)

2023-11-24 15:00:44 - [MESSAGE][INFO] - Delaying browser in 3 second(s)

2023-11-24 15:00:47 - [MESSAGE][PASSED] - Delayed 3 second(s)

2023-11-24 15:00:47 - [TEST_STEP][PASSED] - switch (PourQui): null

2023-11-24 15:00:47 - [TEST_STEP][PASSED] - case "Moi-mÃªme":: null

2023-11-24 15:00:47 - [TEST_STEP][PASSED] - check(findTestObject("Object Repository/Page_Accueil_Usager/CheckBox_Moi-meme")): Object 'Object Repository/Page_Accueil_Usager/CheckBox_Moi-meme' is checked

2023-11-24 15:00:47 - [MESSAGE][INFO] - Finding Test Object 'Object Repository/Page_Accueil_Usager/CheckBox_Moi-meme'

2023-11-24 15:00:47 - [MESSAGE][INFO] - Checking object

2023-11-24 15:00:47 - [MESSAGE][INFO] - Finding web element from Test Object's properties

2023-11-24 15:00:47 - [MESSAGE][INFO] - Checking timeout

2023-11-24 15:00:47 - [MESSAGE][INFO] - Finding web element with id: 'Object Repository/Page_Accueil_Usager/CheckBox_Moi-meme' located by 'By.xpath: //*/div[1]/app-radio-tree-button/div/p-radiobutton/div/div[2]/span' in '5' second(s)

2023-11-24 15:00:47 - [MESSAGE][INFO] - Smart Wait Function is triggered

2023-11-24 15:00:47 - [MESSAGE][INFO] - Found 1 web elements with id: 'Object Repository/Page_Accueil_Usager/CheckBox_Moi-meme' located by 'By.xpath: //*/div[1]/app-radio-tree-button/div/p-radiobutton/div/div[2]/span' in '5' second(s)

2023-11-24 15:00:47 - [MESSAGE][INFO] - Checking on bject 'Object Repository/Page_Accueil_Usager/CheckBox_Moi-meme'

2023-11-24 15:00:49 - [MESSAGE][PASSED] - Object 'Object Repository/Page_Accueil_Usager/CheckBox_Moi-meme' is checked

2023-11-24 15:00:49 - [TEST_STEP][PASSED] - break: null

2023-11-24 15:00:49 - [TEST_STEP][PASSED] - click(findTestObject("Object Repository/Page_Accueil_Usager/btn_JeContinue")): Object: 'Object Repository/Page_Accueil_Usager/btn_JeContinue' is clicked on

2023-11-24 15:00:49 - [MESSAGE][INFO] - Finding Test Object 'Object Repository/Page_Accueil_Usager/btn_JeContinue'

2023-11-24 15:00:50 - [MESSAGE][INFO] - Checking timeout

2023-11-24 15:00:50 - [MESSAGE][INFO] - Finding web element with id: 'Object Repository/Page_Accueil_Usager/btn_JeContinue' located by 'By.xpath: //*[@ng-reflect-label='Je continue']|/html/body/app-root/div/app-portal/main/app-triage-demandeur/div/div/div/form/div[2]/button/span' in '20' second(s)

2023-11-24 15:00:50 - [MESSAGE][INFO] - Smart Wait Function is triggered

2023-11-24 15:00:50 - [MESSAGE][INFO] - Found 2 web elements with id: 'Object Repository/Page_Accueil_Usager/btn_JeContinue' located by 'By.xpath: //*[@ng-reflect-label='Je continue']|/html/body/app-root/div/app-portal/main/app-triage-demandeur/div/div/div/form/div[2]/button/span' in '20' second(s)

2023-11-24 15:00:50 - [MESSAGE][INFO] - Checking object

2023-11-24 15:00:50 - [MESSAGE][INFO] - Checking timeout

2023-11-24 15:00:50 - [MESSAGE][INFO] - Finding web element from Test Object's properties

2023-11-24 15:00:50 - [MESSAGE][INFO] - Checking timeout

2023-11-24 15:00:50 - [MESSAGE][INFO] - Finding web element with id: 'Object Repository/Page_Accueil_Usager/btn_JeContinue' located by 'By.xpath: //*[@ng-reflect-label='Je continue']|/html/body/app-root/div/app-portal/main/app-triage-demandeur/div/div/div/form/div[2]/button/span' in '5' second(s)

2023-11-24 15:00:50 - [MESSAGE][INFO] - Smart Wait Function is triggered

2023-11-24 15:00:50 - [MESSAGE][INFO] - Found 2 web elements with id: 'Object Repository/Page_Accueil_Usager/btn_JeContinue' located by 'By.xpath: //*[@ng-reflect-label='Je continue']|/html/body/app-root/div/app-portal/main/app-triage-demandeur/div/div/div/form/div[2]/button/span' in '5' second(s)

2023-11-24 15:00:50 - [MESSAGE][INFO] - Clicking on object: 'Object Repository/Page_Accueil_Usager/btn_JeContinue'

2023-11-24 15:00:52 - [MESSAGE][PASSED] - Object: 'Object Repository/Page_Accueil_Usager/btn_JeContinue' is clicked on

2023-11-24 15:00:52 - [MESSAGE][PASSED] - Call Test Case 'Test Cases/Test Reutilisable/DemandeOuRenouvelle_TitreSejour/DemandeOuRenouvelleTitreSejour' successfully

2023-11-24 15:00:52 - [TEST_STEP][PASSED] - callTestCase(findTestCase("Test Reutilisable/DemandeOuRenouvelle_TitreSejour/FormulaireTypeDeTitreDeSejour"), ["TypeTitreDeSejour":TypeTitreDeSejour, "Titre":Titre], STOP_ON_FAILURE): Call Test Case 'Test Cases/Test Reutilisable/DemandeOuRenouvelle_TitreSejour/FormulaireTypeDeTitreDeSejour' successfully

2023-11-24 15:00:52 - [MESSAGE][INFO] - Checking called Test Case

2023-11-24 15:00:52 - [MESSAGE][INFO] - Starting to call Test Case 'Test Cases/Test Reutilisable/DemandeOuRenouvelle_TitreSejour/FormulaireTypeDeTitreDeSejour'

2023-11-24 15:00:52 - [TEST_CASE][PASSED] - Test Cases/Test Reutilisable/DemandeOuRenouvelle_TitreSejour/FormulaireTypeDeTitreDeSejour: Test Cases/Test Reutilisable/DemandeOuRenouvelle_TitreSejour/FormulaireTypeDeTitreDeSejour

2023-11-24 15:00:52 - [TEST_STEP][PASSED] - com.kazurayam.ksbackyard.HighlightElement.pandemic(): com.kazurayam.ksbackyard.HighlightElement.pandemic is PASSED

2023-11-24 15:00:52 - [MESSAGE][PASSED] - com.kazurayam.ksbackyard.HighlightElement.pandemic is PASSED

2023-11-24 15:00:52 - [TEST_STEP][PASSED] - delay(10): Delayed 10 second(s)

2023-11-24 15:00:52 - [MESSAGE][INFO] - Delaying browser in 10 second(s)

2023-11-24 15:01:02 - [MESSAGE][PASSED] - Delayed 10 second(s)

2023-11-24 15:01:02 - [TEST_STEP][PASSED] - switch (TypeTitreDeSejour): null

2023-11-24 15:01:02 - [TEST_STEP][PASSED] - case "CreateurDEntreprise":: null

2023-11-24 15:01:02 - [TEST_STEP][PASSED] - if (Titre == "Visiteur" || Titre == "Etudiant"): Delayed 5 second(s)

2023-11-24 15:01:02 - [TEST_STEP][PASSED] - check(findTestObject("Object Repository/Page_DemarcheRenouvellement/CheckBox_SolliciteTS_PasseportTalent")): Object 'Object Repository/Page_DemarcheRenouvellement/CheckBox_SolliciteTS_PasseportTalent' is checked

2023-11-24 15:01:02 - [MESSAGE][INFO] - Finding Test Object 'Object Repository/Page_DemarcheRenouvellement/CheckBox_SolliciteTS_PasseportTalent'

2023-11-24 15:01:02 - [MESSAGE][INFO] - Checking object

2023-11-24 15:01:02 - [MESSAGE][INFO] - Finding web element from Test Object's properties

2023-11-24 15:01:02 - [MESSAGE][INFO] - Checking timeout

2023-11-24 15:01:02 - [MESSAGE][INFO] - Finding web element with id: 'Object Repository/Page_DemarcheRenouvellement/CheckBox_SolliciteTS_PasseportTalent' located by 'By.xpath: //*/div[3]/app-radio-tree-button/div/p-radiobutton/div/div[2]/span' in '5' second(s)

2023-11-24 15:01:02 - [MESSAGE][INFO] - Smart Wait Function is triggered

2023-11-24 15:01:02 - [MESSAGE][INFO] - Found 1 web elements with id: 'Object Repository/Page_DemarcheRenouvellement/CheckBox_SolliciteTS_PasseportTalent' located by 'By.xpath: //*/div[3]/app-radio-tree-button/div/p-radiobutton/div/div[2]/span' in '5' second(s)

2023-11-24 15:01:02 - [MESSAGE][INFO] - Checking on bject 'Object Repository/Page_DemarcheRenouvellement/CheckBox_SolliciteTS_PasseportTalent'

2023-11-24 15:01:04 - [MESSAGE][PASSED] - Object 'Object Repository/Page_DemarcheRenouvellement/CheckBox_SolliciteTS_PasseportTalent' is checked

2023-11-24 15:01:04 - [TEST_STEP][PASSED] - check(findTestObject("Object Repository/Page_DemarcheRenouvellement/CheckBox_SolliciteTS_InvestisseurOuPorteurProjetEconomique")): Object 'Object Repository/Page_DemarcheRenouvellement/CheckBox_SolliciteTS_InvestisseurOuPorteurProjetEconomique' is checked

2023-11-24 15:01:04 - [MESSAGE][INFO] - Finding Test Object 'Object Repository/Page_DemarcheRenouvellement/CheckBox_SolliciteTS_InvestisseurOuPorteurProjetEconomique'

2023-11-24 15:01:04 - [MESSAGE][INFO] - Checking object

2023-11-24 15:01:04 - [MESSAGE][INFO] - Finding web element from Test Object's properties

2023-11-24 15:01:04 - [MESSAGE][INFO] - Checking timeout

2023-11-24 15:01:04 - [MESSAGE][INFO] - Finding web element with id: 'Object Repository/Page_DemarcheRenouvellement/CheckBox_SolliciteTS_InvestisseurOuPorteurProjetEconomique' located by 'By.xpath: //div/form/div[1]/div[2]/fieldset/div[3]/app-radio-tree-button/div/div/div[3]/app-radio-tree-button/div/p-radiobutton/div/div[2]/span' in '5' second(s)

2023-11-24 15:01:04 - [MESSAGE][INFO] - Smart Wait Function is triggered

2023-11-24 15:01:04 - [MESSAGE][INFO] - Found 1 web elements with id: 'Object Repository/Page_DemarcheRenouvellement/CheckBox_SolliciteTS_InvestisseurOuPorteurProjetEconomique' located by 'By.xpath: //div/form/div[1]/div[2]/fieldset/div[3]/app-radio-tree-button/div/div/div[3]/app-radio-tree-button/div/p-radiobutton/div/div[2]/span' in '5' second(s)

2023-11-24 15:01:04 - [MESSAGE][INFO] - Checking on bject 'Object Repository/Page_DemarcheRenouvellement/CheckBox_SolliciteTS_InvestisseurOuPorteurProjetEconomique'

2023-11-24 15:01:06 - [MESSAGE][PASSED] - Object 'Object Repository/Page_DemarcheRenouvellement/CheckBox_SolliciteTS_InvestisseurOuPorteurProjetEconomique' is checked

2023-11-24 15:01:06 - [TEST_STEP][PASSED] - click(findTestObject("Object Repository/Page_DemarcheRenouvellement/btn_JeCommence")): Object: 'Object Repository/Page_DemarcheRenouvellement/btn_JeCommence' is clicked on

2023-11-24 15:01:06 - [MESSAGE][INFO] - Finding Test Object 'Object Repository/Page_DemarcheRenouvellement/btn_JeCommence'

2023-11-24 15:01:06 - [MESSAGE][INFO] - Checking timeout

2023-11-24 15:01:06 - [MESSAGE][INFO] - Finding web element with id: 'Object Repository/Page_DemarcheRenouvellement/btn_JeCommence' located by 'By.xpath: //app-informations-declaration//app-actions-bar//button/span[contains(.,'Je continue')]|//app-informations-demande-ptsq//app-actions-bar//button/span[contains(.,'Je continue')]|//*/div[2]/button/span|//button[@type="submit" and contains(., 'Je commence')]|//button[@type="submit" and contains(., 'Je continue')]' in '20' second(s)

2023-11-24 15:01:06 - [MESSAGE][INFO] - Smart Wait Function is triggered

2023-11-24 15:01:06 - [MESSAGE][INFO] - Found 1 web elements with id: 'Object Repository/Page_DemarcheRenouvellement/btn_JeCommence' located by 'By.xpath: //app-informations-declaration//app-actions-bar//button/span[contains(.,'Je continue')]|//app-informations-demande-ptsq//app-actions-bar//button/span[contains(.,'Je continue')]|//*/div[2]/button/span|//button[@type="submit" and contains(., 'Je commence')]|//button[@type="submit" and contains(., 'Je continue')]' in '20' second(s)

2023-11-24 15:01:06 - [MESSAGE][INFO] - Checking object

2023-11-24 15:01:06 - [MESSAGE][INFO] - Checking timeout

2023-11-24 15:01:06 - [MESSAGE][INFO] - Finding web element from Test Object's properties

2023-11-24 15:01:06 - [MESSAGE][INFO] - Checking timeout

2023-11-24 15:01:06 - [MESSAGE][INFO] - Finding web element with id: 'Object Repository/Page_DemarcheRenouvellement/btn_JeCommence' located by 'By.xpath: //app-informations-declaration//app-actions-bar//button/span[contains(.,'Je continue')]|//app-informations-demande-ptsq//app-actions-bar//button/span[contains(.,'Je continue')]|//*/div[2]/button/span|//button[@type="submit" and contains(., 'Je commence')]|//button[@type="submit" and contains(., 'Je continue')]' in '5' second(s)

2023-11-24 15:01:06 - [MESSAGE][INFO] - Smart Wait Function is triggered

2023-11-24 15:01:06 - [MESSAGE][INFO] - Found 1 web elements with id: 'Object Repository/Page_DemarcheRenouvellement/btn_JeCommence' located by 'By.xpath: //app-informations-declaration//app-actions-bar//button/span[contains(.,'Je continue')]|//app-informations-demande-ptsq//app-actions-bar//button/span[contains(.,'Je continue')]|//*/div[2]/button/span|//button[@type="submit" and contains(., 'Je commence')]|//button[@type="submit" and contains(., 'Je continue')]' in '5' second(s)

2023-11-24 15:01:06 - [MESSAGE][INFO] - Clicking on object: 'Object Repository/Page_DemarcheRenouvellement/btn_JeCommence'

2023-11-24 15:01:08 - [MESSAGE][PASSED] - Object: 'Object Repository/Page_DemarcheRenouvellement/btn_JeCommence' is clicked on

2023-11-24 15:01:08 - [TEST_STEP][PASSED] - check(findTestObject("Object Repository/Page_DemarcheRenouvellement/CheckBox_SolliciteTS_TS-PT-CreateurDEntreprise")): Object 'Object Repository/Page_DemarcheRenouvellement/CheckBox_SolliciteTS_TS-PT-CreateurDEntreprise' is checked

2023-11-24 15:01:08 - [MESSAGE][INFO] - Finding Test Object 'Object Repository/Page_DemarcheRenouvellement/CheckBox_SolliciteTS_TS-PT-CreateurDEntreprise'

2023-11-24 15:01:09 - [MESSAGE][INFO] - Checking object

2023-11-24 15:01:09 - [MESSAGE][INFO] - Finding web element from Test Object's properties

2023-11-24 15:01:09 - [MESSAGE][INFO] - Checking timeout

2023-11-24 15:01:09 - [MESSAGE][INFO] - Finding web element with id: 'Object Repository/Page_DemarcheRenouvellement/CheckBox_SolliciteTS_TS-PT-CreateurDEntreprise' located by 'By.xpath: /html/body/app-root/div/app-portal/main/app-theme-v2/div/app-triage-intermediaire/div/div/div/form/div/div[2]/p-radiobutton/div/div[2]/span' in '5' second(s)

2023-11-24 15:01:09 - [MESSAGE][INFO] - Smart Wait Function is triggered

2023-11-24 15:01:09 - [MESSAGE][INFO] - Smart Wait Function is triggered

2023-11-24 15:01:09 - [MESSAGE][INFO] - Smart Wait Function is triggered

2023-11-24 15:01:09 - [MESSAGE][INFO] - Smart Wait Function is triggered

2023-11-24 15:01:09 - [MESSAGE][INFO] - Smart Wait Function is triggered

2023-11-24 15:01:09 - [MESSAGE][INFO] - Smart Wait Function is triggered

2023-11-24 15:01:09 - [MESSAGE][INFO] - Smart Wait Function is triggered

2023-11-24 15:01:09 - [MESSAGE][INFO] - Smart Wait Function is triggered

2023-11-24 15:01:09 - [MESSAGE][INFO] - Smart Wait Function is triggered

2023-11-24 15:01:09 - [MESSAGE][INFO] - Smart Wait Function is triggered

2023-11-24 15:01:09 - [MESSAGE][INFO] - Smart Wait Function is triggered

2023-11-24 15:01:09 - [MESSAGE][INFO] - Smart Wait Function is triggered

2023-11-24 15:01:09 - [MESSAGE][INFO] - Smart Wait Function is triggered

2023-11-24 15:01:09 - [MESSAGE][INFO] - Smart Wait Function is triggered

2023-11-24 15:01:09 - [MESSAGE][INFO] - Smart Wait Function is triggered

2023-11-24 15:01:09 - [MESSAGE][INFO] - Smart Wait Function is triggered

2023-11-24 15:01:09 - [MESSAGE][INFO] - Smart Wait Function is triggered

2023-11-24 15:01:09 - [MESSAGE][INFO] - Smart Wait Function is triggered

2023-11-24 15:01:09 - [MESSAGE][INFO] - Smart Wait Function is triggered

2023-11-24 15:01:09 - [MESSAGE][INFO] - Smart Wait Function is triggered

2023-11-24 15:01:09 - [MESSAGE][INFO] - Smart Wait Function is triggered

2023-11-24 15:01:09 - [MESSAGE][INFO] - Smart Wait Function is triggered

2023-11-24 15:01:09 - [MESSAGE][INFO] - Smart Wait Function is triggered

2023-11-24 15:01:09 - [MESSAGE][INFO] - Smart Wait Function is triggered

2023-11-24 15:01:09 - [MESSAGE][INFO] - Smart Wait Function is triggered

2023-11-24 15:01:09 - [MESSAGE][INFO] - Smart Wait Function is triggered

2023-11-24 15:01:09 - [MESSAGE][INFO] - Smart Wait Function is triggered

2023-11-24 15:01:09 - [MESSAGE][INFO] - Smart Wait Function is triggered

2023-11-24 15:01:09 - [MESSAGE][INFO] - Smart Wait Function is triggered

2023-11-24 15:01:09 - [MESSAGE][INFO] - Smart Wait Function is triggered

2023-11-24 15:01:09 - [MESSAGE][INFO] - Smart Wait Function is triggered

2023-11-24 15:01:09 - [MESSAGE][INFO] - Smart Wait Function is triggered

2023-11-24 15:01:09 - [MESSAGE][INFO] - Smart Wait Function is triggered

2023-11-24 15:01:09 - [MESSAGE][INFO] - Smart Wait Function is triggered

2023-11-24 15:01:09 - [MESSAGE][INFO] - Smart Wait Function is triggered

2023-11-24 15:01:09 - [MESSAGE][INFO] - Smart Wait Function is triggered

2023-11-24 15:01:09 - [MESSAGE][INFO] - Smart Wait Function is triggered

2023-11-24 15:01:09 - [MESSAGE][INFO] - Smart Wait Function is triggered

2023-11-24 15:01:09 - [MESSAGE][INFO] - Smart Wait Function is triggered

2023-11-24 15:01:09 - [MESSAGE][INFO] - Smart Wait Function is triggered

2023-11-24 15:01:09 - [MESSAGE][INFO] - Smart Wait Function is triggered

2023-11-24 15:01:09 - [MESSAGE][INFO] - Smart Wait Function is triggered

2023-11-24 15:01:09 - [MESSAGE][INFO] - Smart Wait Function is triggered

2023-11-24 15:01:09 - [MESSAGE][INFO] - Smart Wait Function is triggered

2023-11-24 15:01:09 - [MESSAGE][INFO] - Smart Wait Function is triggered

2023-11-24 15:01:09 - [MESSAGE][INFO] - Smart Wait Function is triggered

2023-11-24 15:01:09 - [MESSAGE][INFO] - Smart Wait Function is triggered

2023-11-24 15:01:09 - [MESSAGE][INFO] - Smart Wait Function is triggered

2023-11-24 15:01:10 - [MESSAGE][INFO] - Smart Wait Function is triggered

2023-11-24 15:01:10 - [MESSAGE][INFO] - Smart Wait Function is triggered

2023-11-24 15:01:10 - [MESSAGE][INFO] - Smart Wait Function is triggered

2023-11-24 15:01:10 - [MESSAGE][INFO] - Smart Wait Function is triggered

2023-11-24 15:01:10 - [MESSAGE][INFO] - Smart Wait Function is triggered

2023-11-24 15:01:10 - [MESSAGE][INFO] - Smart Wait Function is triggered

2023-11-24 15:01:10 - [MESSAGE][INFO] - Smart Wait Function is triggered

2023-11-24 15:01:10 - [MESSAGE][INFO] - Smart Wait Function is triggered

2023-11-24 15:01:10 - [MESSAGE][INFO] - Smart Wait Function is triggered

2023-11-24 15:01:10 - [MESSAGE][INFO] - Smart Wait Function is triggered

2023-11-24 15:01:10 - [MESSAGE][INFO] - Smart Wait Function is triggered

2023-11-24 15:01:10 - [MESSAGE][INFO] - Smart Wait Function is triggered

2023-11-24 15:01:10 - [MESSAGE][INFO] - Smart Wait Function is triggered

2023-11-24 15:01:10 - [MESSAGE][INFO] - Smart Wait Function is triggered

2023-11-24 15:01:10 - [MESSAGE][INFO] - Smart Wait Function is triggered

2023-11-24 15:01:10 - [MESSAGE][INFO] - Smart Wait Function is triggered

2023-11-24 15:01:10 - [MESSAGE][INFO] - Smart Wait Function is triggered

2023-11-24 15:01:10 - [MESSAGE][INFO] - Smart Wait Function is triggered

2023-11-24 15:01:10 - [MESSAGE][INFO] - Smart Wait Function is triggered

2023-11-24 15:01:10 - [MESSAGE][INFO] - Smart Wait Function is triggered

2023-11-24 15:01:10 - [MESSAGE][INFO] - Smart Wait Function is triggered

2023-11-24 15:01:10 - [MESSAGE][INFO] - Smart Wait Function is triggered

2023-11-24 15:01:10 - [MESSAGE][INFO] - Smart Wait Function is triggered

2023-11-24 15:01:10 - [MESSAGE][INFO] - Smart Wait Function is triggered

2023-11-24 15:01:10 - [MESSAGE][INFO] - Smart Wait Function is triggered

2023-11-24 15:01:10 - [MESSAGE][INFO] - Smart Wait Function is triggered

2023-11-24 15:01:10 - [MESSAGE][INFO] - Smart Wait Function is triggered

2023-11-24 15:01:10 - [MESSAGE][INFO] - Smart Wait Function is triggered

2023-11-24 15:01:10 - [MESSAGE][INFO] - Smart Wait Function is triggered

2023-11-24 15:01:10 - [MESSAGE][INFO] - Smart Wait Function is triggered

2023-11-24 15:01:10 - [MESSAGE][INFO] - Smart Wait Function is triggered

2023-11-24 15:01:10 - [MESSAGE][INFO] - Smart Wait Function is triggered

2023-11-24 15:01:10 - [MESSAGE][INFO] - Smart Wait Function is triggered

2023-11-24 15:01:10 - [MESSAGE][INFO] - Smart Wait Function is triggered

2023-11-24 15:01:10 - [MESSAGE][INFO] - Smart Wait Function is triggered

2023-11-24 15:01:10 - [MESSAGE][INFO] - Smart Wait Function is triggered

2023-11-24 15:01:10 - [MESSAGE][INFO] - Smart Wait Function is triggered

2023-11-24 15:01:10 - [MESSAGE][INFO] - Smart Wait Function is triggered

2023-11-24 15:01:10 - [MESSAGE][INFO] - Smart Wait Function is triggered

2023-11-24 15:01:10 - [MESSAGE][INFO] - Smart Wait Function is triggered

2023-11-24 15:01:11 - [MESSAGE][INFO] - Smart Wait Function is triggered

2023-11-24 15:01:11 - [MESSAGE][INFO] - Smart Wait Function is triggered

2023-11-24 15:01:11 - [MESSAGE][INFO] - Smart Wait Function is triggered

2023-11-24 15:01:11 - [MESSAGE][INFO] - Smart Wait Function is triggered

2023-11-24 15:01:11 - [MESSAGE][INFO] - Smart Wait Function is triggered

2023-11-24 15:01:11 - [MESSAGE][INFO] - Smart Wait Function is triggered

2023-11-24 15:01:11 - [MESSAGE][INFO] - Smart Wait Function is triggered

2023-11-24 15:01:11 - [MESSAGE][INFO] - Smart Wait Function is triggered

2023-11-24 15:01:11 - [MESSAGE][INFO] - Smart Wait Function is triggered

2023-11-24 15:01:11 - [MESSAGE][INFO] - Smart Wait Function is triggered

2023-11-24 15:01:11 - [MESSAGE][INFO] - Smart Wait Function is triggered

2023-11-24 15:01:11 - [MESSAGE][INFO] - Smart Wait Function is triggered

2023-11-24 15:01:11 - [MESSAGE][INFO] - Smart Wait Function is triggered

2023-11-24 15:01:11 - [MESSAGE][INFO] - Smart Wait Function is triggered

2023-11-24 15:01:11 - [MESSAGE][INFO] - Smart Wait Function is triggered

2023-11-24 15:01:11 - [MESSAGE][INFO] - Smart Wait Function is triggered

2023-11-24 15:01:11 - [MESSAGE][INFO] - Smart Wait Function is triggered

2023-11-24 15:01:11 - [MESSAGE][INFO] - Smart Wait Function is triggered

2023-11-24 15:01:11 - [MESSAGE][INFO] - Smart Wait Function is triggered

2023-11-24 15:01:11 - [MESSAGE][INFO] - Smart Wait Function is triggered

2023-11-24 15:01:11 - [MESSAGE][INFO] - Smart Wait Function is triggered

2023-11-24 15:01:11 - [MESSAGE][INFO] - Smart Wait Function is triggered

2023-11-24 15:01:11 - [MESSAGE][INFO] - Smart Wait Function is triggered

2023-11-24 15:01:11 - [MESSAGE][INFO] - Smart Wait Function is triggered

2023-11-24 15:01:11 - [MESSAGE][INFO] - Smart Wait Function is triggered

2023-11-24 15:01:11 - [MESSAGE][INFO] - Smart Wait Function is triggered

2023-11-24 15:01:11 - [MESSAGE][INFO] - Smart Wait Function is triggered

2023-11-24 15:01:11 - [MESSAGE][INFO] - Smart Wait Function is triggered

2023-11-24 15:01:11 - [MESSAGE][INFO] - Smart Wait Function is triggered

2023-11-24 15:01:11 - [MESSAGE][INFO] - Smart Wait Function is triggered

2023-11-24 15:01:11 - [MESSAGE][INFO] - Smart Wait Function is triggered

2023-11-24 15:01:11 - [MESSAGE][INFO] - Smart Wait Function is triggered

2023-11-24 15:01:11 - [MESSAGE][INFO] - Smart Wait Function is triggered

2023-11-24 15:01:11 - [MESSAGE][INFO] - Smart Wait Function is triggered

2023-11-24 15:01:12 - [MESSAGE][INFO] - Smart Wait Function is triggered

2023-11-24 15:01:12 - [MESSAGE][INFO] - Smart Wait Function is triggered

2023-11-24 15:01:12 - [MESSAGE][INFO] - Found 1 web elements with id: 'Object Repository/Page_DemarcheRenouvellement/CheckBox_SolliciteTS_TS-PT-CreateurDEntreprise' located by 'By.xpath: /html/body/app-root/div/app-portal/main/app-theme-v2/div/app-triage-intermediaire/div/div/div/form/div/div[2]/p-radiobutton/div/div[2]/span' in '5' second(s)

2023-11-24 15:01:12 - [MESSAGE][INFO] - Checking on bject 'Object Repository/Page_DemarcheRenouvellement/CheckBox_SolliciteTS_TS-PT-CreateurDEntreprise'

2023-11-24 15:01:14 - [MESSAGE][PASSED] - Object 'Object Repository/Page_DemarcheRenouvellement/CheckBox_SolliciteTS_TS-PT-CreateurDEntreprise' is checked

2023-11-24 15:01:14 - [TEST_STEP][PASSED] - click(findTestObject("Object Repository/Page_DemarcheRenouvellement/btn_JeCommence")): Object: 'Object Repository/Page_DemarcheRenouvellement/btn_JeCommence' is clicked on

2023-11-24 15:01:14 - [MESSAGE][INFO] - Finding Test Object 'Object Repository/Page_DemarcheRenouvellement/btn_JeCommence'

2023-11-24 15:01:14 - [MESSAGE][INFO] - Checking timeout

2023-11-24 15:01:14 - [MESSAGE][INFO] - Finding web element with id: 'Object Repository/Page_DemarcheRenouvellement/btn_JeCommence' located by 'By.xpath: //app-informations-declaration//app-actions-bar//button/span[contains(.,'Je continue')]|//app-informations-demande-ptsq//app-actions-bar//button/span[contains(.,'Je continue')]|//*/div[2]/button/span|//button[@type="submit" and contains(., 'Je commence')]|//button[@type="submit" and contains(., 'Je continue')]' in '20' second(s)

2023-11-24 15:01:14 - [MESSAGE][INFO] - Smart Wait Function is triggered

2023-11-24 15:01:14 - [MESSAGE][INFO] - Found 1 web elements with id: 'Object Repository/Page_DemarcheRenouvellement/btn_JeCommence' located by 'By.xpath: //app-informations-declaration//app-actions-bar//button/span[contains(.,'Je continue')]|//app-informations-demande-ptsq//app-actions-bar//button/span[contains(.,'Je continue')]|//*/div[2]/button/span|//button[@type="submit" and contains(., 'Je commence')]|//button[@type="submit" and contains(., 'Je continue')]' in '20' second(s)

2023-11-24 15:01:14 - [MESSAGE][INFO] - Checking object

2023-11-24 15:01:14 - [MESSAGE][INFO] - Checking timeout

2023-11-24 15:01:14 - [MESSAGE][INFO] - Finding web element from Test Object's properties

2023-11-24 15:01:14 - [MESSAGE][INFO] - Checking timeout

2023-11-24 15:01:14 - [MESSAGE][INFO] - Finding web element with id: 'Object Repository/Page_DemarcheRenouvellement/btn_JeCommence' located by 'By.xpath: //app-informations-declaration//app-actions-bar//button/span[contains(.,'Je continue')]|//app-informations-demande-ptsq//app-actions-bar//button/span[contains(.,'Je continue')]|//*/div[2]/button/span|//button[@type="submit" and contains(., 'Je commence')]|//button[@type="submit" and contains(., 'Je continue')]' in '5' second(s)

2023-11-24 15:01:14 - [MESSAGE][INFO] - Smart Wait Function is triggered

2023-11-24 15:01:14 - [MESSAGE][INFO] - Found 1 web elements with id: 'Object Repository/Page_DemarcheRenouvellement/btn_JeCommence' located by 'By.xpath: //app-informations-declaration//app-actions-bar//button/span[contains(.,'Je continue')]|//app-informations-demande-ptsq//app-actions-bar//button/span[contains(.,'Je continue')]|//*/div[2]/button/span|//button[@type="submit" and contains(., 'Je commence')]|//button[@type="submit" and contains(., 'Je continue')]' in '5' second(s)

2023-11-24 15:01:14 - [MESSAGE][INFO] - Clicking on object: 'Object Repository/Page_DemarcheRenouvellement/btn_JeCommence'

2023-11-24 15:01:16 - [MESSAGE][PASSED] - Object: 'Object Repository/Page_DemarcheRenouvellement/btn_JeCommence' is clicked on

2023-11-24 15:01:16 - [TEST_STEP][PASSED] - delay(3): Delayed 3 second(s)

2023-11-24 15:01:16 - [MESSAGE][INFO] - Delaying browser in 3 second(s)

2023-11-24 15:01:19 - [MESSAGE][PASSED] - Delayed 3 second(s)

2023-11-24 15:01:19 - [TEST_STEP][PASSED] - click(findTestObject("Object Repository/Page_DemarcheRenouvellement/Btn_JeContinue")): Object: 'Object Repository/Page_DemarcheRenouvellement/Btn_JeContinue' is clicked on

2023-11-24 15:01:19 - [MESSAGE][INFO] - Finding Test Object 'Object Repository/Page_DemarcheRenouvellement/Btn_JeContinue'

2023-11-24 15:01:19 - [MESSAGE][INFO] - Checking timeout

2023-11-24 15:01:19 - [MESSAGE][INFO] - Finding web element with id: 'Object Repository/Page_DemarcheRenouvellement/Btn_JeContinue' located by 'By.xpath: //button[@type="submit" and contains(., 'Je commence')]|//span[@class="ui-button-text ui-clickable" and contains(., 'Je continue')]|//app-informations-declaration//app-actions-bar//button/span[contains(.,'Je continue')]|//app-informations-demande-ptch/div/app-actions-bar/div/div[2]/div/div[2]/button/span' in '20' second(s)

2023-11-24 15:01:19 - [MESSAGE][INFO] - Smart Wait Function is triggered

2023-11-24 15:01:19 - [MESSAGE][INFO] - Found 1 web elements with id: 'Object Repository/Page_DemarcheRenouvellement/Btn_JeContinue' located by 'By.xpath: //button[@type="submit" and contains(., 'Je commence')]|//span[@class="ui-button-text ui-clickable" and contains(., 'Je continue')]|//app-informations-declaration//app-actions-bar//button/span[contains(.,'Je continue')]|//app-informations-demande-ptch/div/app-actions-bar/div/div[2]/div/div[2]/button/span' in '20' second(s)

2023-11-24 15:01:19 - [MESSAGE][INFO] - Checking object

2023-11-24 15:01:19 - [MESSAGE][INFO] - Checking timeout

2023-11-24 15:01:19 - [MESSAGE][INFO] - Finding web element from Test Object's properties

2023-11-24 15:01:19 - [MESSAGE][INFO] - Checking timeout

2023-11-24 15:01:19 - [MESSAGE][INFO] - Finding web element with id: 'Object Repository/Page_DemarcheRenouvellement/Btn_JeContinue' located by 'By.xpath: //button[@type="submit" and contains(., 'Je commence')]|//span[@class="ui-button-text ui-clickable" and contains(., 'Je continue')]|//app-informations-declaration//app-actions-bar//button/span[contains(.,'Je continue')]|//app-informations-demande-ptch/div/app-actions-bar/div/div[2]/div/div[2]/button/span' in '5' second(s)

2023-11-24 15:01:19 - [MESSAGE][INFO] - Smart Wait Function is triggered

2023-11-24 15:01:19 - [MESSAGE][INFO] - Found 1 web elements with id: 'Object Repository/Page_DemarcheRenouvellement/Btn_JeContinue' located by 'By.xpath: //button[@type="submit" and contains(., 'Je commence')]|//span[@class="ui-button-text ui-clickable" and contains(., 'Je continue')]|//app-informations-declaration//app-actions-bar//button/span[contains(.,'Je continue')]|//app-informations-demande-ptch/div/app-actions-bar/div/div[2]/div/div[2]/button/span' in '5' second(s)

2023-11-24 15:01:19 - [MESSAGE][INFO] - Clicking on object: 'Object Repository/Page_DemarcheRenouvellement/Btn_JeContinue'

2023-11-24 15:01:21 - [MESSAGE][PASSED] - Object: 'Object Repository/Page_DemarcheRenouvellement/Btn_JeContinue' is clicked on

2023-11-24 15:01:21 - [TEST_STEP][PASSED] - delay(5): Delayed 5 second(s)

2023-11-24 15:01:21 - [MESSAGE][INFO] - Delaying browser in 5 second(s)

2023-11-24 15:01:26 - [MESSAGE][PASSED] - Delayed 5 second(s)

2023-11-24 15:01:26 - [TEST_STEP][PASSED] - break: null

2023-11-24 15:01:26 - [TEST_STEP][PASSED] - "VÃ©rification s il y a un message Erreur : Il est trop tÃ´t pour demander le renouvellement de votre titre.": null

2023-11-24 15:01:26 - [TEST_STEP][PASSED] - MsgAlertPresent = verifyElementPresent(findTestObject("Object Repository/Page_Accueil_Usager/Verif_PopUpTropTotPourDemanderLeRenouvellementDeVotreTitre"), 1, OPTIONAL): com.kms.katalon.core.webui.exception.WebElementNotFoundException: Web element with id: 'Object Repository/Page_Accueil_Usager/Verif_PopUpTropTotPourDemanderLeRenouvellementDeVotreTitre' located by '/html/body/app-root/div/app-portal/main/app-theme-v2/div/app-triage/div/div/div/form/div[2]/div/p-message/div/span[2]' not found (Root cause: com.kms.katalon.core.exception.StepFailedException: com.kms.katalon.core.webui.exception.WebElementNotFoundException: Web element with id: 'Object Repository/Page_Accueil_Usager/Verif_PopUpTropTotPourDemanderLeRenouvellementDeVotreTitre' located by '/html/body/app-root/div/app-portal/main/app-theme-v2/div/app-triage/div/div/div/form/div[2]/div/p-message/div/span[2]' not found
	at com.kms.katalon.core.webui.keyword.internal.WebUIKeywordMain.stepFailed(WebUIKeywordMain.groovy:64)
	at com.kms.katalon.core.webui.keyword.builtin.VerifyElementPresentKeyword$_verifyElementPresent_closure1.doCall(VerifyElementPresentKeyword.groovy:85)
	at com.kms.katalon.core.webui.keyword.builtin.VerifyElementPresentKeyword$_verifyElementPresent_closure1.call(VerifyElementPresentKeyword.groovy)
	at com.kms.katalon.core.webui.keyword.internal.WebUIKeywordMain.runKeyword(WebUIKeywordMain.groovy:20)
	at com.kms.katalon.core.webui.keyword.builtin.VerifyElementPresentKeyword.verifyElementPresent(VerifyElementPresentKeyword.groovy:92)
	at com.kms.katalon.core.webui.keyword.builtin.VerifyElementPresentKeyword.execute(VerifyElementPresentKeyword.groovy:68)
	at com.kms.katalon.core.keyword.internal.KeywordExecutor.executeKeywordForPlatform(KeywordExecutor.groovy:74)
	at com.kms.katalon.core.webui.keyword.WebUiBuiltInKeywords.verifyElementPresent(WebUiBuiltInKeywords.groovy:1448)
	at com.kazurayam.ksbackyard.HighlightElement$_pandemic_closure1.doCall(HighlightElement.groovy:105)
	at FormulaireTypeDeTitreDeSejour.run(FormulaireTypeDeTitreDeSejour:305)
	at com.kms.katalon.core.main.ScriptEngine.run(ScriptEngine.java:194)
	at com.kms.katalon.core.main.ScriptEngine.runScriptAsRawText(ScriptEngine.java:119)
	at com.kms.katalon.core.main.TestCaseExecutor.runScript(TestCaseExecutor.java:448)
	at com.kms.katalon.core.main.TestCaseExecutor.doExecute(TestCaseExecutor.java:439)
	at com.kms.katalon.core.main.TestCaseExecutor.processExecutionPhase(TestCaseExecutor.java:418)
	at com.kms.katalon.core.main.TestCaseExecutor.accessMainPhase(TestCaseExecutor.java:410)
	at com.kms.katalon.core.main.TestCaseExecutor.execute(TestCaseExecutor.java:285)
	at com.kms.katalon.core.main.TestCaseMain.runTestCase(TestCaseMain.java:144)
	at com.kms.katalon.core.keyword.builtin.CallTestCaseKeyword$_callTestCase_closure1.doCall(CallTestCaseKeyword.groovy:59)
	at com.kms.katalon.core.keyword.builtin.CallTestCaseKeyword$_callTestCase_closure1.call(CallTestCaseKeyword.groovy)
	at com.kms.katalon.core.keyword.internal.KeywordMain.runKeyword(KeywordMain.groovy:75)
	at com.kms.katalon.core.keyword.builtin.CallTestCaseKeyword.callTestCase(CallTestCaseKeyword.groovy:81)
	at com.kms.katalon.core.keyword.builtin.CallTestCaseKeyword.execute(CallTestCaseKeyword.groovy:44)
	at com.kms.katalon.core.keyword.internal.KeywordExecutor.executeKeywordForPlatform(KeywordExecutor.groovy:74)
	at com.kms.katalon.core.keyword.BuiltinKeywords.callTestCase(BuiltinKeywords.groovy:310)
	at com.kazurayam.ksbackyard.HighlightElement$_pandemic_closure1.doCall(HighlightElement.groovy:105)
	at TNR R.TSPT Supp90-Etudiant.run(TNR R.TSPT Supp90-Etudiant:43)
	at com.kms.katalon.core.main.ScriptEngine.run(ScriptEngine.java:194)
	at com.kms.katalon.core.main.ScriptEngine.runScriptAsRawText(ScriptEngine.java:119)
	at com.kms.katalon.core.main.TestCaseExecutor.runScript(TestCaseExecutor.java:448)
	at com.kms.katalon.core.main.TestCaseExecutor.doExecute(TestCaseExecutor.java:439)
	at com.kms.katalon.core.main.TestCaseExecutor.processExecutionPhase(TestCaseExecutor.java:418)
	at com.kms.katalon.core.main.TestCaseExecutor.accessMainPhase(TestCaseExecutor.java:410)
	at com.kms.katalon.core.main.TestCaseExecutor.execute(TestCaseExecutor.java:285)
	at com.kms.katalon.core.common.CommonExecutor.accessTestCaseMainPhase(CommonExecutor.java:65)
	at com.kms.katalon.core.main.TestSuiteExecutor.accessTestSuiteMainPhase(TestSuiteExecutor.java:148)
	at com.kms.katalon.core.main.TestSuiteExecutor.execute(TestSuiteExecutor.java:106)
	at com.kms.katalon.core.main.TestCaseMain.startTestSuite(TestCaseMain.java:187)
	at com.kms.katalon.core.main.TestCaseMain$startTestSuite$0.call(Unknown Source)
	at TempTestSuite1700834005381.run(TempTestSuite1700834005381.groovy:36)
)

2023-11-24 15:01:26 - [MESSAGE][INFO] - Finding Test Object 'Object Repository/Page_Accueil_Usager/Verif_PopUpTropTotPourDemanderLeRenouvellementDeVotreTitre'

2023-11-24 15:01:26 - [MESSAGE][INFO] - Checking object

2023-11-24 15:01:26 - [MESSAGE][INFO] - Finding web element from Test Object's properties

2023-11-24 15:01:26 - [MESSAGE][INFO] - Checking timeout

2023-11-24 15:01:26 - [MESSAGE][INFO] - Finding web element with id: 'Object Repository/Page_Accueil_Usager/Verif_PopUpTropTotPourDemanderLeRenouvellementDeVotreTitre' located by 'By.xpath: /html/body/app-root/div/app-portal/main/app-theme-v2/div/app-triage/div/div/div/form/div[2]/div/p-message/div/span[2]' in '1' second(s)

2023-11-24 15:01:26 - [MESSAGE][INFO] - Smart Wait Function is triggered

2023-11-24 15:01:26 - [MESSAGE][INFO] - Smart Wait Function is triggered

2023-11-24 15:01:26 - [MESSAGE][INFO] - Smart Wait Function is triggered

2023-11-24 15:01:26 - [MESSAGE][INFO] - Smart Wait Function is triggered

2023-11-24 15:01:26 - [MESSAGE][INFO] - Smart Wait Function is triggered

2023-11-24 15:01:26 - [MESSAGE][INFO] - Smart Wait Function is triggered

2023-11-24 15:01:26 - [MESSAGE][INFO] - Smart Wait Function is triggered

2023-11-24 15:01:27 - [MESSAGE][INFO] - Smart Wait Function is triggered

2023-11-24 15:01:27 - [MESSAGE][INFO] - Smart Wait Function is triggered

2023-11-24 15:01:27 - [MESSAGE][INFO] - Smart Wait Function is triggered

2023-11-24 15:01:27 - [MESSAGE][INFO] - Smart Wait Function is triggered

2023-11-24 15:01:27 - [MESSAGE][INFO] - Smart Wait Function is triggered

2023-11-24 15:01:27 - [MESSAGE][INFO] - Smart Wait Function is triggered

2023-11-24 15:01:27 - [MESSAGE][INFO] - Smart Wait Function is triggered

2023-11-24 15:01:27 - [MESSAGE][INFO] - Smart Wait Function is triggered

2023-11-24 15:01:27 - [MESSAGE][INFO] - Smart Wait Function is triggered

2023-11-24 15:01:27 - [MESSAGE][INFO] - Smart Wait Function is triggered

2023-11-24 15:01:27 - [MESSAGE][INFO] - Smart Wait Function is triggered

2023-11-24 15:01:27 - [MESSAGE][INFO] - Smart Wait Function is triggered

2023-11-24 15:01:27 - [MESSAGE][INFO] - Smart Wait Function is triggered

2023-11-24 15:01:27 - [MESSAGE][INFO] - Smart Wait Function is triggered

2023-11-24 15:01:27 - [MESSAGE][INFO] - Smart Wait Function is triggered

2023-11-24 15:01:27 - [MESSAGE][INFO] - Smart Wait Function is triggered

2023-11-24 15:01:27 - [MESSAGE][INFO] - Smart Wait Function is triggered

2023-11-24 15:01:27 - [MESSAGE][INFO] - Smart Wait Function is triggered

2023-11-24 15:01:27 - [MESSAGE][INFO] - Smart Wait Function is triggered

2023-11-24 15:01:27 - [MESSAGE][INFO] - Smart Wait Function is triggered

2023-11-24 15:01:27 - [MESSAGE][INFO] - Smart Wait Function is triggered

2023-11-24 15:01:27 - [MESSAGE][INFO] - Smart Wait Function is triggered

2023-11-24 15:01:27 - [MESSAGE][INFO] - Smart Wait Function is triggered

2023-11-24 15:01:27 - [MESSAGE][INFO] - Smart Wait Function is triggered

2023-11-24 15:01:27 - [MESSAGE][INFO] - Smart Wait Function is triggered

2023-11-24 15:01:27 - [MESSAGE][INFO] - Smart Wait Function is triggered

2023-11-24 15:01:27 - [MESSAGE][INFO] - Smart Wait Function is triggered

2023-11-24 15:01:27 - [MESSAGE][INFO] - Smart Wait Function is triggered

2023-11-24 15:01:27 - [MESSAGE][INFO] - Smart Wait Function is triggered

2023-11-24 15:01:27 - [MESSAGE][INFO] - Smart Wait Function is triggered

2023-11-24 15:01:27 - [MESSAGE][INFO] - Smart Wait Function is triggered

2023-11-24 15:01:27 - [MESSAGE][INFO] - Smart Wait Function is triggered

2023-11-24 15:01:27 - [MESSAGE][INFO] - Smart Wait Function is triggered

2023-11-24 15:01:27 - [MESSAGE][INFO] - Smart Wait Function is triggered

2023-11-24 15:01:27 - [MESSAGE][INFO] - Smart Wait Function is triggered

2023-11-24 15:01:27 - [MESSAGE][INFO] - Smart Wait Function is triggered

2023-11-24 15:01:27 - [MESSAGE][INFO] - Smart Wait Function is triggered

2023-11-24 15:01:27 - [MESSAGE][INFO] - Smart Wait Function is triggered

2023-11-24 15:01:27 - [MESSAGE][INFO] - Smart Wait Function is triggered

2023-11-24 15:01:27 - [MESSAGE][INFO] - Smart Wait Function is triggered

2023-11-24 15:01:27 - [MESSAGE][INFO] - Smart Wait Function is triggered

2023-11-24 15:01:27 - [MESSAGE][INFO] - Smart Wait Function is triggered

2023-11-24 15:01:27 - [MESSAGE][INFO] - Smart Wait Function is triggered

2023-11-24 15:01:27 - [MESSAGE][INFO] - Smart Wait Function is triggered

2023-11-24 15:01:27 - [MESSAGE][INFO] - Smart Wait Function is triggered

2023-11-24 15:01:27 - [MESSAGE][INFO] - Smart Wait Function is triggered

2023-11-24 15:01:27 - [MESSAGE][INFO] - Smart Wait Function is triggered

2023-11-24 15:01:27 - [MESSAGE][INFO] - Smart Wait Function is triggered

2023-11-24 15:01:27 - [MESSAGE][INFO] - Smart Wait Function is triggered

2023-11-24 15:01:27 - [MESSAGE][INFO] - Smart Wait Function is triggered

2023-11-24 15:01:28 - [MESSAGE][INFO] - Smart Wait Function is triggered

2023-11-24 15:01:28 - [MESSAGE][INFO] - Smart Wait Function is triggered

2023-11-24 15:01:28 - [MESSAGE][INFO] - Smart Wait Function is triggered

2023-11-24 15:01:28 - [MESSAGE][INFO] - Smart Wait Function is triggered

2023-11-24 15:01:28 - [MESSAGE][INFO] - Smart Wait Function is triggered

2023-11-24 15:01:28 - [MESSAGE][INFO] - Smart Wait Function is triggered

2023-11-24 15:01:28 - [MESSAGE][INFO] - Smart Wait Function is triggered

2023-11-24 15:01:28 - [MESSAGE][INFO] - Smart Wait Function is triggered

2023-11-24 15:01:28 - [MESSAGE][INFO] - Smart Wait Function is triggered

2023-11-24 15:01:28 - [MESSAGE][INFO] - Smart Wait Function is triggered

2023-11-24 15:01:28 - [MESSAGE][INFO] - Smart Wait Function is triggered

2023-11-24 15:01:28 - [MESSAGE][INFO] - Smart Wait Function is triggered

2023-11-24 15:01:28 - [MESSAGE][INFO] - Smart Wait Function is triggered

2023-11-24 15:01:28 - [MESSAGE][INFO] - Smart Wait Function is triggered

2023-11-24 15:01:28 - [MESSAGE][INFO] - Smart Wait Function is triggered

2023-11-24 15:01:28 - [MESSAGE][INFO] - Smart Wait Function is triggered

2023-11-24 15:01:28 - [MESSAGE][INFO] - Smart Wait Function is triggered

2023-11-24 15:01:28 - [MESSAGE][INFO] - Smart Wait Function is triggered

2023-11-24 15:01:28 - [MESSAGE][INFO] - Smart Wait Function is triggered

2023-11-24 15:01:28 - [MESSAGE][INFO] - Smart Wait Function is triggered

2023-11-24 15:01:28 - [MESSAGE][INFO] - Smart Wait Function is triggered

2023-11-24 15:01:28 - [MESSAGE][INFO] - Smart Wait Function is triggered

2023-11-24 15:01:28 - [MESSAGE][INFO] - Smart Wait Function is triggered

2023-11-24 15:01:28 - [MESSAGE][INFO] - Smart Wait Function is triggered

2023-11-24 15:01:28 - [MESSAGE][INFO] - Smart Wait Function is triggered

2023-11-24 15:01:28 - [MESSAGE][INFO] - Smart Wait Function is triggered

2023-11-24 15:01:28 - [MESSAGE][INFO] - Smart Wait Function is triggered

2023-11-24 15:01:28 - [MESSAGE][INFO] - Smart Wait Function is triggered

2023-11-24 15:01:28 - [MESSAGE][INFO] - Smart Wait Function is triggered

2023-11-24 15:01:28 - [MESSAGE][INFO] - Smart Wait Function is triggered

2023-11-24 15:01:28 - [MESSAGE][INFO] - Smart Wait Function is triggered

2023-11-24 15:01:28 - [MESSAGE][INFO] - Smart Wait Function is triggered

2023-11-24 15:01:28 - [MESSAGE][INFO] - Smart Wait Function is triggered

2023-11-24 15:01:28 - [MESSAGE][INFO] - Smart Wait Function is triggered

2023-11-24 15:01:28 - [MESSAGE][INFO] - Smart Wait Function is triggered

2023-11-24 15:01:28 - [MESSAGE][INFO] - Smart Wait Function is triggered

2023-11-24 15:01:28 - [MESSAGE][INFO] - Smart Wait Function is triggered

2023-11-24 15:01:28 - [MESSAGE][INFO] - Smart Wait Function is triggered

2023-11-24 15:01:28 - [MESSAGE][INFO] - Smart Wait Function is triggered

2023-11-24 15:01:28 - [MESSAGE][INFO] - Smart Wait Function is triggered

2023-11-24 15:01:28 - [MESSAGE][INFO] - Smart Wait Function is triggered

2023-11-24 15:01:28 - [MESSAGE][INFO] - Unable to find the element located by 'By.xpath: /html/body/app-root/div/app-portal/main/app-theme-v2/div/app-triage/div/div/div/form/div[2]/div/p-message/div/span[2]'. Please recheck the objects properties to make sure the desired element is located. 

2023-11-24 15:01:29 - [MESSAGE][WARNING] - com.kms.katalon.core.webui.exception.WebElementNotFoundException: Web element with id: 'Object Repository/Page_Accueil_Usager/Verif_PopUpTropTotPourDemanderLeRenouvellementDeVotreTitre' located by '/html/body/app-root/div/app-portal/main/app-theme-v2/div/app-triage/div/div/div/form/div[2]/div/p-message/div/span[2]' not found (Root cause: com.kms.katalon.core.exception.StepFailedException: com.kms.katalon.core.webui.exception.WebElementNotFoundException: Web element with id: 'Object Repository/Page_Accueil_Usager/Verif_PopUpTropTotPourDemanderLeRenouvellementDeVotreTitre' located by '/html/body/app-root/div/app-portal/main/app-theme-v2/div/app-triage/div/div/div/form/div[2]/div/p-message/div/span[2]' not found
	at com.kms.katalon.core.webui.keyword.internal.WebUIKeywordMain.stepFailed(WebUIKeywordMain.groovy:64)
	at com.kms.katalon.core.webui.keyword.builtin.VerifyElementPresentKeyword$_verifyElementPresent_closure1.doCall(VerifyElementPresentKeyword.groovy:85)
	at com.kms.katalon.core.webui.keyword.builtin.VerifyElementPresentKeyword$_verifyElementPresent_closure1.call(VerifyElementPresentKeyword.groovy)
	at com.kms.katalon.core.webui.keyword.internal.WebUIKeywordMain.runKeyword(WebUIKeywordMain.groovy:20)
	at com.kms.katalon.core.webui.keyword.builtin.VerifyElementPresentKeyword.verifyElementPresent(VerifyElementPresentKeyword.groovy:92)
	at com.kms.katalon.core.webui.keyword.builtin.VerifyElementPresentKeyword.execute(VerifyElementPresentKeyword.groovy:68)
	at com.kms.katalon.core.keyword.internal.KeywordExecutor.executeKeywordForPlatform(KeywordExecutor.groovy:74)
	at com.kms.katalon.core.webui.keyword.WebUiBuiltInKeywords.verifyElementPresent(WebUiBuiltInKeywords.groovy:1448)
	at com.kazurayam.ksbackyard.HighlightElement$_pandemic_closure1.doCall(HighlightElement.groovy:105)
	at FormulaireTypeDeTitreDeSejour.run(FormulaireTypeDeTitreDeSejour:305)
	at com.kms.katalon.core.main.ScriptEngine.run(ScriptEngine.java:194)
	at com.kms.katalon.core.main.ScriptEngine.runScriptAsRawText(ScriptEngine.java:119)
	at com.kms.katalon.core.main.TestCaseExecutor.runScript(TestCaseExecutor.java:448)
	at com.kms.katalon.core.main.TestCaseExecutor.doExecute(TestCaseExecutor.java:439)
	at com.kms.katalon.core.main.TestCaseExecutor.processExecutionPhase(TestCaseExecutor.java:418)
	at com.kms.katalon.core.main.TestCaseExecutor.accessMainPhase(TestCaseExecutor.java:410)
	at com.kms.katalon.core.main.TestCaseExecutor.execute(TestCaseExecutor.java:285)
	at com.kms.katalon.core.main.TestCaseMain.runTestCase(TestCaseMain.java:144)
	at com.kms.katalon.core.keyword.builtin.CallTestCaseKeyword$_callTestCase_closure1.doCall(CallTestCaseKeyword.groovy:59)
	at com.kms.katalon.core.keyword.builtin.CallTestCaseKeyword$_callTestCase_closure1.call(CallTestCaseKeyword.groovy)
	at com.kms.katalon.core.keyword.internal.KeywordMain.runKeyword(KeywordMain.groovy:75)
	at com.kms.katalon.core.keyword.builtin.CallTestCaseKeyword.callTestCase(CallTestCaseKeyword.groovy:81)
	at com.kms.katalon.core.keyword.builtin.CallTestCaseKeyword.execute(CallTestCaseKeyword.groovy:44)
	at com.kms.katalon.core.keyword.internal.KeywordExecutor.executeKeywordForPlatform(KeywordExecutor.groovy:74)
	at com.kms.katalon.core.keyword.BuiltinKeywords.callTestCase(BuiltinKeywords.groovy:310)
	at com.kazurayam.ksbackyard.HighlightElement$_pandemic_closure1.doCall(HighlightElement.groovy:105)
	at TNR R.TSPT Supp90-Etudiant.run(TNR R.TSPT Supp90-Etudiant:43)
	at com.kms.katalon.core.main.ScriptEngine.run(ScriptEngine.java:194)
	at com.kms.katalon.core.main.ScriptEngine.runScriptAsRawText(ScriptEngine.java:119)
	at com.kms.katalon.core.main.TestCaseExecutor.runScript(TestCaseExecutor.java:448)
	at com.kms.katalon.core.main.TestCaseExecutor.doExecute(TestCaseExecutor.java:439)
	at com.kms.katalon.core.main.TestCaseExecutor.processExecutionPhase(TestCaseExecutor.java:418)
	at com.kms.katalon.core.main.TestCaseExecutor.accessMainPhase(TestCaseExecutor.java:410)
	at com.kms.katalon.core.main.TestCaseExecutor.execute(TestCaseExecutor.java:285)
	at com.kms.katalon.core.common.CommonExecutor.accessTestCaseMainPhase(CommonExecutor.java:65)
	at com.kms.katalon.core.main.TestSuiteExecutor.accessTestSuiteMainPhase(TestSuiteExecutor.java:148)
	at com.kms.katalon.core.main.TestSuiteExecutor.execute(TestSuiteExecutor.java:106)
	at com.kms.katalon.core.main.TestCaseMain.startTestSuite(TestCaseMain.java:187)
	at com.kms.katalon.core.main.TestCaseMain$startTestSuite$0.call(Unknown Source)
	at TempTestSuite1700834005381.run(TempTestSuite1700834005381.groovy:36)
)
[[ATTACHMENT|C:\\Users\\ISSAM.RHARBAOUI\\git\\22_11\\ANEF-AutomatizationProject\\Reports\\20231124_145325\\TS_TNR_R.TSPT_Suppo90\\20231124_145325\\1700834488903.png]]

2023-11-24 15:01:29 - [TEST_STEP][PASSED] - if (MsgAlertPresent): null

2023-11-24 15:01:29 - [TEST_STEP][PASSED] - else:  C'est le bon Moment pour demander le renouvellement de votre titre.

2023-11-24 15:01:29 - [TEST_STEP][PASSED] - markPassed(" C'est le bon Moment pour demander le renouvellement de votre titre."):  C'est le bon Moment pour demander le renouvellement de votre titre.

2023-11-24 15:01:29 - [MESSAGE][PASSED] -  C'est le bon Moment pour demander le renouvellement de votre titre.

2023-11-24 15:01:29 - [MESSAGE][PASSED] - Call Test Case 'Test Cases/Test Reutilisable/DemandeOuRenouvelle_TitreSejour/FormulaireTypeDeTitreDeSejour' successfully

2023-11-24 15:01:29 - [TEST_STEP][PASSED] - callTestCase(findTestCase("Test Reutilisable/DemandeOuRenouvelle_TitreSejour/FormulaireInformationsPersonnelles"), ["AdresseUsager":AdresseUsager, "NumeroTelephoneUsager":NumeroTelephoneUsager], STOP_ON_FAILURE): Call Test Case 'Test Cases/Test Reutilisable/DemandeOuRenouvelle_TitreSejour/FormulaireInformationsPersonnelles' successfully

2023-11-24 15:01:29 - [MESSAGE][INFO] - Checking called Test Case

2023-11-24 15:01:29 - [MESSAGE][INFO] - Starting to call Test Case 'Test Cases/Test Reutilisable/DemandeOuRenouvelle_TitreSejour/FormulaireInformationsPersonnelles'

2023-11-24 15:01:29 - [TEST_CASE][PASSED] - Test Cases/Test Reutilisable/DemandeOuRenouvelle_TitreSejour/FormulaireInformationsPersonnelles: Test Cases/Test Reutilisable/DemandeOuRenouvelle_TitreSejour/FormulaireInformationsPersonnelles

2023-11-24 15:01:29 - [TEST_STEP][PASSED] - com.kazurayam.ksbackyard.HighlightElement.pandemic(): com.kazurayam.ksbackyard.HighlightElement.pandemic is PASSED

2023-11-24 15:01:29 - [MESSAGE][PASSED] - com.kazurayam.ksbackyard.HighlightElement.pandemic is PASSED

2023-11-24 15:01:29 - [TEST_STEP][PASSED] - if (verifyElementPresent(findTestObject("Object Repository/Page_InformationPersonnelles_Usager/CheckBox_liensPersonnelsFamiliaux_1_Non"), 1, OPTIONAL)): null

2023-11-24 15:01:29 - [MESSAGE][INFO] - Finding Test Object 'Object Repository/Page_InformationPersonnelles_Usager/CheckBox_liensPersonnelsFamiliaux_1_Non'

2023-11-24 15:01:29 - [MESSAGE][INFO] - Checking object

2023-11-24 15:01:29 - [MESSAGE][INFO] - Finding web element from Test Object's properties

2023-11-24 15:01:29 - [MESSAGE][INFO] - Checking timeout

2023-11-24 15:01:29 - [MESSAGE][INFO] - Finding web element with id: 'Object Repository/Page_InformationPersonnelles_Usager/CheckBox_liensPersonnelsFamiliaux_1_Non' located by 'By.xpath: //*[@id="ui-accordiontab-1-content"]/div/div/div[1]/div/anef-input-radio/div/div/fieldset/div/div[2]/p-radiobutton/div/div[2]/span|//*[@id="ui-accordiontab-9-content"]/div/app-has-enfants-charge/div/div/anef-input-radio/div/div/fieldset/div/div[2]/p-radiobutton/div/div[2]/span' in '1' second(s)

2023-11-24 15:01:29 - [MESSAGE][INFO] - Smart Wait Function is triggered

2023-11-24 15:01:29 - [MESSAGE][INFO] - Found 1 web elements with id: 'Object Repository/Page_InformationPersonnelles_Usager/CheckBox_liensPersonnelsFamiliaux_1_Non' located by 'By.xpath: //*[@id="ui-accordiontab-1-content"]/div/div/div[1]/div/anef-input-radio/div/div/fieldset/div/div[2]/p-radiobutton/div/div[2]/span|//*[@id="ui-accordiontab-9-content"]/div/app-has-enfants-charge/div/div/anef-input-radio/div/div/fieldset/div/div[2]/p-radiobutton/div/div[2]/span' in '1' second(s)

2023-11-24 15:01:29 - [MESSAGE][PASSED] - Object 'Object Repository/Page_InformationPersonnelles_Usager/CheckBox_liensPersonnelsFamiliaux_1_Non' is present

2023-11-24 15:01:29 - [TEST_STEP][PASSED] - check(findTestObject("Object Repository/Page_InformationPersonnelles_Usager/CheckBox_liensPersonnelsFamiliaux_1_Non"), OPTIONAL): Object 'Object Repository/Page_InformationPersonnelles_Usager/CheckBox_liensPersonnelsFamiliaux_1_Non' is checked

2023-11-24 15:01:29 - [MESSAGE][INFO] - Finding Test Object 'Object Repository/Page_InformationPersonnelles_Usager/CheckBox_liensPersonnelsFamiliaux_1_Non'

2023-11-24 15:01:29 - [MESSAGE][INFO] - Checking object

2023-11-24 15:01:29 - [MESSAGE][INFO] - Finding web element from Test Object's properties

2023-11-24 15:01:29 - [MESSAGE][INFO] - Checking timeout

2023-11-24 15:01:29 - [MESSAGE][INFO] - Finding web element with id: 'Object Repository/Page_InformationPersonnelles_Usager/CheckBox_liensPersonnelsFamiliaux_1_Non' located by 'By.xpath: //*[@id="ui-accordiontab-1-content"]/div/div/div[1]/div/anef-input-radio/div/div/fieldset/div/div[2]/p-radiobutton/div/div[2]/span|//*[@id="ui-accordiontab-9-content"]/div/app-has-enfants-charge/div/div/anef-input-radio/div/div/fieldset/div/div[2]/p-radiobutton/div/div[2]/span' in '5' second(s)

2023-11-24 15:01:29 - [MESSAGE][INFO] - Smart Wait Function is triggered

2023-11-24 15:01:29 - [MESSAGE][INFO] - Found 1 web elements with id: 'Object Repository/Page_InformationPersonnelles_Usager/CheckBox_liensPersonnelsFamiliaux_1_Non' located by 'By.xpath: //*[@id="ui-accordiontab-1-content"]/div/div/div[1]/div/anef-input-radio/div/div/fieldset/div/div[2]/p-radiobutton/div/div[2]/span|//*[@id="ui-accordiontab-9-content"]/div/app-has-enfants-charge/div/div/anef-input-radio/div/div/fieldset/div/div[2]/p-radiobutton/div/div[2]/span' in '5' second(s)

2023-11-24 15:01:29 - [MESSAGE][INFO] - Checking on bject 'Object Repository/Page_InformationPersonnelles_Usager/CheckBox_liensPersonnelsFamiliaux_1_Non'

2023-11-24 15:01:32 - [MESSAGE][PASSED] - Object 'Object Repository/Page_InformationPersonnelles_Usager/CheckBox_liensPersonnelsFamiliaux_1_Non' is checked

2023-11-24 15:01:32 - [TEST_STEP][PASSED] - delay(2): Delayed 2 second(s)

2023-11-24 15:01:32 - [MESSAGE][INFO] - Delaying browser in 2 second(s)

2023-11-24 15:01:34 - [MESSAGE][PASSED] - Delayed 2 second(s)

2023-11-24 15:01:34 - [TEST_STEP][PASSED] - if (verifyElementPresent(findTestObject("Object Repository/Page_InformationPersonnelles_Usager/CheckBox_liensPersonnelsFamiliaux_2_Non"), 1, OPTIONAL)): com.kms.katalon.core.webui.exception.WebElementNotFoundException: Web element with id: 'Object Repository/Page_InformationPersonnelles_Usager/CheckBox_liensPersonnelsFamiliaux_2_Non' located by '//*[@id="ui-accordiontab-1-content"]/div/div/div[2]/div/anef-input-radio/div/div/fieldset/div/div[2]/p-radiobutton/div/div[2]' not found (Root cause: com.kms.katalon.core.exception.StepFailedException: com.kms.katalon.core.webui.exception.WebElementNotFoundException: Web element with id: 'Object Repository/Page_InformationPersonnelles_Usager/CheckBox_liensPersonnelsFamiliaux_2_Non' located by '//*[@id="ui-accordiontab-1-content"]/div/div/div[2]/div/anef-input-radio/div/div/fieldset/div/div[2]/p-radiobutton/div/div[2]' not found
	at com.kms.katalon.core.webui.keyword.internal.WebUIKeywordMain.stepFailed(WebUIKeywordMain.groovy:64)
	at com.kms.katalon.core.webui.keyword.builtin.VerifyElementPresentKeyword$_verifyElementPresent_closure1.doCall(VerifyElementPresentKeyword.groovy:85)
	at com.kms.katalon.core.webui.keyword.builtin.VerifyElementPresentKeyword$_verifyElementPresent_closure1.call(VerifyElementPresentKeyword.groovy)
	at com.kms.katalon.core.webui.keyword.internal.WebUIKeywordMain.runKeyword(WebUIKeywordMain.groovy:20)
	at com.kms.katalon.core.webui.keyword.builtin.VerifyElementPresentKeyword.verifyElementPresent(VerifyElementPresentKeyword.groovy:92)
	at com.kms.katalon.core.webui.keyword.builtin.VerifyElementPresentKeyword.execute(VerifyElementPresentKeyword.groovy:68)
	at com.kms.katalon.core.keyword.internal.KeywordExecutor.executeKeywordForPlatform(KeywordExecutor.groovy:74)
	at com.kms.katalon.core.webui.keyword.WebUiBuiltInKeywords.verifyElementPresent(WebUiBuiltInKeywords.groovy:1448)
	at com.kazurayam.ksbackyard.HighlightElement$_pandemic_closure1.doCall(HighlightElement.groovy:105)
	at FormulaireInformationsPersonnelles.run(FormulaireInformationsPersonnelles:33)
	at com.kms.katalon.core.main.ScriptEngine.run(ScriptEngine.java:194)
	at com.kms.katalon.core.main.ScriptEngine.runScriptAsRawText(ScriptEngine.java:119)
	at com.kms.katalon.core.main.TestCaseExecutor.runScript(TestCaseExecutor.java:448)
	at com.kms.katalon.core.main.TestCaseExecutor.doExecute(TestCaseExecutor.java:439)
	at com.kms.katalon.core.main.TestCaseExecutor.processExecutionPhase(TestCaseExecutor.java:418)
	at com.kms.katalon.core.main.TestCaseExecutor.accessMainPhase(TestCaseExecutor.java:410)
	at com.kms.katalon.core.main.TestCaseExecutor.execute(TestCaseExecutor.java:285)
	at com.kms.katalon.core.main.TestCaseMain.runTestCase(TestCaseMain.java:144)
	at com.kms.katalon.core.keyword.builtin.CallTestCaseKeyword$_callTestCase_closure1.doCall(CallTestCaseKeyword.groovy:59)
	at com.kms.katalon.core.keyword.builtin.CallTestCaseKeyword$_callTestCase_closure1.call(CallTestCaseKeyword.groovy)
	at com.kms.katalon.core.keyword.internal.KeywordMain.runKeyword(KeywordMain.groovy:75)
	at com.kms.katalon.core.keyword.builtin.CallTestCaseKeyword.callTestCase(CallTestCaseKeyword.groovy:81)
	at com.kms.katalon.core.keyword.builtin.CallTestCaseKeyword.execute(CallTestCaseKeyword.groovy:44)
	at com.kms.katalon.core.keyword.internal.KeywordExecutor.executeKeywordForPlatform(KeywordExecutor.groovy:74)
	at com.kms.katalon.core.keyword.BuiltinKeywords.callTestCase(BuiltinKeywords.groovy:310)
	at com.kazurayam.ksbackyard.HighlightElement$_pandemic_closure1.doCall(HighlightElement.groovy:105)
	at TNR R.TSPT Supp90-Etudiant.run(TNR R.TSPT Supp90-Etudiant:47)
	at com.kms.katalon.core.main.ScriptEngine.run(ScriptEngine.java:194)
	at com.kms.katalon.core.main.ScriptEngine.runScriptAsRawText(ScriptEngine.java:119)
	at com.kms.katalon.core.main.TestCaseExecutor.runScript(TestCaseExecutor.java:448)
	at com.kms.katalon.core.main.TestCaseExecutor.doExecute(TestCaseExecutor.java:439)
	at com.kms.katalon.core.main.TestCaseExecutor.processExecutionPhase(TestCaseExecutor.java:418)
	at com.kms.katalon.core.main.TestCaseExecutor.accessMainPhase(TestCaseExecutor.java:410)
	at com.kms.katalon.core.main.TestCaseExecutor.execute(TestCaseExecutor.java:285)
	at com.kms.katalon.core.common.CommonExecutor.accessTestCaseMainPhase(CommonExecutor.java:65)
	at com.kms.katalon.core.main.TestSuiteExecutor.accessTestSuiteMainPhase(TestSuiteExecutor.java:148)
	at com.kms.katalon.core.main.TestSuiteExecutor.execute(TestSuiteExecutor.java:106)
	at com.kms.katalon.core.main.TestCaseMain.startTestSuite(TestCaseMain.java:187)
	at com.kms.katalon.core.main.TestCaseMain$startTestSuite$0.call(Unknown Source)
	at TempTestSuite1700834005381.run(TempTestSuite1700834005381.groovy:36)
)

2023-11-24 15:01:34 - [MESSAGE][INFO] - Finding Test Object 'Object Repository/Page_InformationPersonnelles_Usager/CheckBox_liensPersonnelsFamiliaux_2_Non'

2023-11-24 15:01:34 - [MESSAGE][INFO] - Checking object

2023-11-24 15:01:34 - [MESSAGE][INFO] - Finding web element from Test Object's properties

2023-11-24 15:01:34 - [MESSAGE][INFO] - Checking timeout

2023-11-24 15:01:34 - [MESSAGE][INFO] - Finding web element with id: 'Object Repository/Page_InformationPersonnelles_Usager/CheckBox_liensPersonnelsFamiliaux_2_Non' located by 'By.xpath: //*[@id="ui-accordiontab-1-content"]/div/div/div[2]/div/anef-input-radio/div/div/fieldset/div/div[2]/p-radiobutton/div/div[2]' in '1' second(s)

2023-11-24 15:01:34 - [MESSAGE][INFO] - Smart Wait Function is triggered

2023-11-24 15:01:34 - [MESSAGE][INFO] - Smart Wait Function is triggered

2023-11-24 15:01:34 - [MESSAGE][INFO] - Smart Wait Function is triggered

2023-11-24 15:01:34 - [MESSAGE][INFO] - Smart Wait Function is triggered

2023-11-24 15:01:34 - [MESSAGE][INFO] - Smart Wait Function is triggered

2023-11-24 15:01:34 - [MESSAGE][INFO] - Smart Wait Function is triggered

2023-11-24 15:01:34 - [MESSAGE][INFO] - Smart Wait Function is triggered

2023-11-24 15:01:34 - [MESSAGE][INFO] - Smart Wait Function is triggered

2023-11-24 15:01:34 - [MESSAGE][INFO] - Smart Wait Function is triggered

2023-11-24 15:01:34 - [MESSAGE][INFO] - Smart Wait Function is triggered

2023-11-24 15:01:34 - [MESSAGE][INFO] - Smart Wait Function is triggered

2023-11-24 15:01:34 - [MESSAGE][INFO] - Smart Wait Function is triggered

2023-11-24 15:01:34 - [MESSAGE][INFO] - Smart Wait Function is triggered

2023-11-24 15:01:34 - [MESSAGE][INFO] - Smart Wait Function is triggered

2023-11-24 15:01:34 - [MESSAGE][INFO] - Smart Wait Function is triggered

2023-11-24 15:01:34 - [MESSAGE][INFO] - Smart Wait Function is triggered

2023-11-24 15:01:34 - [MESSAGE][INFO] - Smart Wait Function is triggered

2023-11-24 15:01:34 - [MESSAGE][INFO] - Smart Wait Function is triggered

2023-11-24 15:01:34 - [MESSAGE][INFO] - Smart Wait Function is triggered

2023-11-24 15:01:34 - [MESSAGE][INFO] - Smart Wait Function is triggered

2023-11-24 15:01:34 - [MESSAGE][INFO] - Smart Wait Function is triggered

2023-11-24 15:01:34 - [MESSAGE][INFO] - Smart Wait Function is triggered

2023-11-24 15:01:34 - [MESSAGE][INFO] - Smart Wait Function is triggered

2023-11-24 15:01:34 - [MESSAGE][INFO] - Smart Wait Function is triggered

2023-11-24 15:01:34 - [MESSAGE][INFO] - Smart Wait Function is triggered

2023-11-24 15:01:34 - [MESSAGE][INFO] - Smart Wait Function is triggered

2023-11-24 15:01:34 - [MESSAGE][INFO] - Smart Wait Function is triggered

2023-11-24 15:01:34 - [MESSAGE][INFO] - Smart Wait Function is triggered

2023-11-24 15:01:35 - [MESSAGE][INFO] - Smart Wait Function is triggered

2023-11-24 15:01:35 - [MESSAGE][INFO] - Smart Wait Function is triggered

2023-11-24 15:01:35 - [MESSAGE][INFO] - Smart Wait Function is triggered

2023-11-24 15:01:35 - [MESSAGE][INFO] - Smart Wait Function is triggered

2023-11-24 15:01:35 - [MESSAGE][INFO] - Smart Wait Function is triggered

2023-11-24 15:01:35 - [MESSAGE][INFO] - Smart Wait Function is triggered

2023-11-24 15:01:35 - [MESSAGE][INFO] - Smart Wait Function is triggered

2023-11-24 15:01:35 - [MESSAGE][INFO] - Smart Wait Function is triggered

2023-11-24 15:01:35 - [MESSAGE][INFO] - Smart Wait Function is triggered

2023-11-24 15:01:35 - [MESSAGE][INFO] - Smart Wait Function is triggered

2023-11-24 15:01:35 - [MESSAGE][INFO] - Smart Wait Function is triggered

2023-11-24 15:01:35 - [MESSAGE][INFO] - Smart Wait Function is triggered

2023-11-24 15:01:35 - [MESSAGE][INFO] - Smart Wait Function is triggered

2023-11-24 15:01:35 - [MESSAGE][INFO] - Smart Wait Function is triggered

2023-11-24 15:01:35 - [MESSAGE][INFO] - Smart Wait Function is triggered

2023-11-24 15:01:35 - [MESSAGE][INFO] - Smart Wait Function is triggered

2023-11-24 15:01:35 - [MESSAGE][INFO] - Smart Wait Function is triggered

2023-11-24 15:01:35 - [MESSAGE][INFO] - Smart Wait Function is triggered

2023-11-24 15:01:35 - [MESSAGE][INFO] - Smart Wait Function is triggered

2023-11-24 15:01:35 - [MESSAGE][INFO] - Smart Wait Function is triggered

2023-11-24 15:01:35 - [MESSAGE][INFO] - Smart Wait Function is triggered

2023-11-24 15:01:35 - [MESSAGE][INFO] - Smart Wait Function is triggered

2023-11-24 15:01:35 - [MESSAGE][INFO] - Smart Wait Function is triggered

2023-11-24 15:01:35 - [MESSAGE][INFO] - Smart Wait Function is triggered

2023-11-24 15:01:35 - [MESSAGE][INFO] - Smart Wait Function is triggered

2023-11-24 15:01:35 - [MESSAGE][INFO] - Smart Wait Function is triggered

2023-11-24 15:01:35 - [MESSAGE][INFO] - Smart Wait Function is triggered

2023-11-24 15:01:35 - [MESSAGE][INFO] - Smart Wait Function is triggered

2023-11-24 15:01:35 - [MESSAGE][INFO] - Smart Wait Function is triggered

2023-11-24 15:01:35 - [MESSAGE][INFO] - Smart Wait Function is triggered

2023-11-24 15:01:35 - [MESSAGE][INFO] - Smart Wait Function is triggered

2023-11-24 15:01:35 - [MESSAGE][INFO] - Smart Wait Function is triggered

2023-11-24 15:01:35 - [MESSAGE][INFO] - Smart Wait Function is triggered

2023-11-24 15:01:35 - [MESSAGE][INFO] - Smart Wait Function is triggered

2023-11-24 15:01:35 - [MESSAGE][INFO] - Smart Wait Function is triggered

2023-11-24 15:01:35 - [MESSAGE][INFO] - Smart Wait Function is triggered

2023-11-24 15:01:35 - [MESSAGE][INFO] - Smart Wait Function is triggered

2023-11-24 15:01:35 - [MESSAGE][INFO] - Smart Wait Function is triggered

2023-11-24 15:01:35 - [MESSAGE][INFO] - Smart Wait Function is triggered

2023-11-24 15:01:35 - [MESSAGE][INFO] - Smart Wait Function is triggered

2023-11-24 15:01:35 - [MESSAGE][INFO] - Smart Wait Function is triggered

2023-11-24 15:01:36 - [MESSAGE][INFO] - Smart Wait Function is triggered

2023-11-24 15:01:36 - [MESSAGE][INFO] - Smart Wait Function is triggered

2023-11-24 15:01:36 - [MESSAGE][INFO] - Smart Wait Function is triggered

2023-11-24 15:01:36 - [MESSAGE][INFO] - Smart Wait Function is triggered

2023-11-24 15:01:36 - [MESSAGE][INFO] - Smart Wait Function is triggered

2023-11-24 15:01:36 - [MESSAGE][INFO] - Smart Wait Function is triggered

2023-11-24 15:01:36 - [MESSAGE][INFO] - Smart Wait Function is triggered

2023-11-24 15:01:36 - [MESSAGE][INFO] - Smart Wait Function is triggered

2023-11-24 15:01:36 - [MESSAGE][INFO] - Smart Wait Function is triggered

2023-11-24 15:01:36 - [MESSAGE][INFO] - Smart Wait Function is triggered

2023-11-24 15:01:36 - [MESSAGE][INFO] - Smart Wait Function is triggered

2023-11-24 15:01:36 - [MESSAGE][INFO] - Smart Wait Function is triggered

2023-11-24 15:01:36 - [MESSAGE][INFO] - Smart Wait Function is triggered

2023-11-24 15:01:36 - [MESSAGE][INFO] - Smart Wait Function is triggered

2023-11-24 15:01:36 - [MESSAGE][INFO] - Smart Wait Function is triggered

2023-11-24 15:01:36 - [MESSAGE][INFO] - Smart Wait Function is triggered

2023-11-24 15:01:36 - [MESSAGE][INFO] - Smart Wait Function is triggered

2023-11-24 15:01:36 - [MESSAGE][INFO] - Unable to find the element located by 'By.xpath: //*[@id="ui-accordiontab-1-content"]/div/div/div[2]/div/anef-input-radio/div/div/fieldset/div/div[2]/p-radiobutton/div/div[2]'. Please recheck the objects properties to make sure the desired element is located. 

2023-11-24 15:01:36 - [MESSAGE][WARNING] - com.kms.katalon.core.webui.exception.WebElementNotFoundException: Web element with id: 'Object Repository/Page_InformationPersonnelles_Usager/CheckBox_liensPersonnelsFamiliaux_2_Non' located by '//*[@id="ui-accordiontab-1-content"]/div/div/div[2]/div/anef-input-radio/div/div/fieldset/div/div[2]/p-radiobutton/div/div[2]' not found (Root cause: com.kms.katalon.core.exception.StepFailedException: com.kms.katalon.core.webui.exception.WebElementNotFoundException: Web element with id: 'Object Repository/Page_InformationPersonnelles_Usager/CheckBox_liensPersonnelsFamiliaux_2_Non' located by '//*[@id="ui-accordiontab-1-content"]/div/div/div[2]/div/anef-input-radio/div/div/fieldset/div/div[2]/p-radiobutton/div/div[2]' not found
	at com.kms.katalon.core.webui.keyword.internal.WebUIKeywordMain.stepFailed(WebUIKeywordMain.groovy:64)
	at com.kms.katalon.core.webui.keyword.builtin.VerifyElementPresentKeyword$_verifyElementPresent_closure1.doCall(VerifyElementPresentKeyword.groovy:85)
	at com.kms.katalon.core.webui.keyword.builtin.VerifyElementPresentKeyword$_verifyElementPresent_closure1.call(VerifyElementPresentKeyword.groovy)
	at com.kms.katalon.core.webui.keyword.internal.WebUIKeywordMain.runKeyword(WebUIKeywordMain.groovy:20)
	at com.kms.katalon.core.webui.keyword.builtin.VerifyElementPresentKeyword.verifyElementPresent(VerifyElementPresentKeyword.groovy:92)
	at com.kms.katalon.core.webui.keyword.builtin.VerifyElementPresentKeyword.execute(VerifyElementPresentKeyword.groovy:68)
	at com.kms.katalon.core.keyword.internal.KeywordExecutor.executeKeywordForPlatform(KeywordExecutor.groovy:74)
	at com.kms.katalon.core.webui.keyword.WebUiBuiltInKeywords.verifyElementPresent(WebUiBuiltInKeywords.groovy:1448)
	at com.kazurayam.ksbackyard.HighlightElement$_pandemic_closure1.doCall(HighlightElement.groovy:105)
	at FormulaireInformationsPersonnelles.run(FormulaireInformationsPersonnelles:33)
	at com.kms.katalon.core.main.ScriptEngine.run(ScriptEngine.java:194)
	at com.kms.katalon.core.main.ScriptEngine.runScriptAsRawText(ScriptEngine.java:119)
	at com.kms.katalon.core.main.TestCaseExecutor.runScript(TestCaseExecutor.java:448)
	at com.kms.katalon.core.main.TestCaseExecutor.doExecute(TestCaseExecutor.java:439)
	at com.kms.katalon.core.main.TestCaseExecutor.processExecutionPhase(TestCaseExecutor.java:418)
	at com.kms.katalon.core.main.TestCaseExecutor.accessMainPhase(TestCaseExecutor.java:410)
	at com.kms.katalon.core.main.TestCaseExecutor.execute(TestCaseExecutor.java:285)
	at com.kms.katalon.core.main.TestCaseMain.runTestCase(TestCaseMain.java:144)
	at com.kms.katalon.core.keyword.builtin.CallTestCaseKeyword$_callTestCase_closure1.doCall(CallTestCaseKeyword.groovy:59)
	at com.kms.katalon.core.keyword.builtin.CallTestCaseKeyword$_callTestCase_closure1.call(CallTestCaseKeyword.groovy)
	at com.kms.katalon.core.keyword.internal.KeywordMain.runKeyword(KeywordMain.groovy:75)
	at com.kms.katalon.core.keyword.builtin.CallTestCaseKeyword.callTestCase(CallTestCaseKeyword.groovy:81)
	at com.kms.katalon.core.keyword.builtin.CallTestCaseKeyword.execute(CallTestCaseKeyword.groovy:44)
	at com.kms.katalon.core.keyword.internal.KeywordExecutor.executeKeywordForPlatform(KeywordExecutor.groovy:74)
	at com.kms.katalon.core.keyword.BuiltinKeywords.callTestCase(BuiltinKeywords.groovy:310)
	at com.kazurayam.ksbackyard.HighlightElement$_pandemic_closure1.doCall(HighlightElement.groovy:105)
	at TNR R.TSPT Supp90-Etudiant.run(TNR R.TSPT Supp90-Etudiant:47)
	at com.kms.katalon.core.main.ScriptEngine.run(ScriptEngine.java:194)
	at com.kms.katalon.core.main.ScriptEngine.runScriptAsRawText(ScriptEngine.java:119)
	at com.kms.katalon.core.main.TestCaseExecutor.runScript(TestCaseExecutor.java:448)
	at com.kms.katalon.core.main.TestCaseExecutor.doExecute(TestCaseExecutor.java:439)
	at com.kms.katalon.core.main.TestCaseExecutor.processExecutionPhase(TestCaseExecutor.java:418)
	at com.kms.katalon.core.main.TestCaseExecutor.accessMainPhase(TestCaseExecutor.java:410)
	at com.kms.katalon.core.main.TestCaseExecutor.execute(TestCaseExecutor.java:285)
	at com.kms.katalon.core.common.CommonExecutor.accessTestCaseMainPhase(CommonExecutor.java:65)
	at com.kms.katalon.core.main.TestSuiteExecutor.accessTestSuiteMainPhase(TestSuiteExecutor.java:148)
	at com.kms.katalon.core.main.TestSuiteExecutor.execute(TestSuiteExecutor.java:106)
	at com.kms.katalon.core.main.TestCaseMain.startTestSuite(TestCaseMain.java:187)
	at com.kms.katalon.core.main.TestCaseMain$startTestSuite$0.call(Unknown Source)
	at TempTestSuite1700834005381.run(TempTestSuite1700834005381.groovy:36)
)
[[ATTACHMENT|C:\\Users\\ISSAM.RHARBAOUI\\git\\22_11\\ANEF-AutomatizationProject\\Reports\\20231124_145325\\TS_TNR_R.TSPT_Suppo90\\20231124_145325\\1700834496373.png]]

2023-11-24 15:01:36 - [TEST_STEP][PASSED] - delay(2): Delayed 2 second(s)

2023-11-24 15:01:36 - [MESSAGE][INFO] - Delaying browser in 2 second(s)

2023-11-24 15:01:38 - [MESSAGE][PASSED] - Delayed 2 second(s)

2023-11-24 15:01:38 - [TEST_STEP][PASSED] - if (verifyElementPresent(findTestObject("Object Repository/Page_InformationPersonnelles_Usager/CheckBox_DesEnfantsACharge_Non"), 1, OPTIONAL)): null

2023-11-24 15:01:38 - [MESSAGE][INFO] - Finding Test Object 'Object Repository/Page_InformationPersonnelles_Usager/CheckBox_DesEnfantsACharge_Non'

2023-11-24 15:01:38 - [MESSAGE][INFO] - Checking object

2023-11-24 15:01:38 - [MESSAGE][INFO] - Finding web element from Test Object's properties

2023-11-24 15:01:38 - [MESSAGE][INFO] - Checking timeout

2023-11-24 15:01:38 - [MESSAGE][INFO] - Finding web element with id: 'Object Repository/Page_InformationPersonnelles_Usager/CheckBox_DesEnfantsACharge_Non' located by 'By.xpath: //app-demande-ptsq//app-informations-personnelles-shared//app-has-enfants-charge//div//fieldset/div/div[2]/p-radiobutton/div/div[2]/span|//app-demande-visiteur//app-informations-personnelles-shared//app-has-enfants-charge/div/div/anef-input-radio/div/div/fieldset/div/div[2]/p-radiobutton/div/div[2]/span|//app-demande-ptch//app-informations-personnelles-shared//app-has-enfants-charge/div/div/anef-input-radio/div/div/fieldset/div/div[2]/p-radiobutton/div/div[2]/span|//div/app-has-enfants-charge/div/div/anef-input-radio/div/div/fieldset/div/div[2]/p-radiobutton/div/div[2]/span
' in '1' second(s)

2023-11-24 15:01:38 - [MESSAGE][INFO] - Smart Wait Function is triggered

2023-11-24 15:01:38 - [MESSAGE][INFO] - Found 1 web elements with id: 'Object Repository/Page_InformationPersonnelles_Usager/CheckBox_DesEnfantsACharge_Non' located by 'By.xpath: //app-demande-ptsq//app-informations-personnelles-shared//app-has-enfants-charge//div//fieldset/div/div[2]/p-radiobutton/div/div[2]/span|//app-demande-visiteur//app-informations-personnelles-shared//app-has-enfants-charge/div/div/anef-input-radio/div/div/fieldset/div/div[2]/p-radiobutton/div/div[2]/span|//app-demande-ptch//app-informations-personnelles-shared//app-has-enfants-charge/div/div/anef-input-radio/div/div/fieldset/div/div[2]/p-radiobutton/div/div[2]/span|//div/app-has-enfants-charge/div/div/anef-input-radio/div/div/fieldset/div/div[2]/p-radiobutton/div/div[2]/span
' in '1' second(s)

2023-11-24 15:01:38 - [MESSAGE][PASSED] - Object 'Object Repository/Page_InformationPersonnelles_Usager/CheckBox_DesEnfantsACharge_Non' is present

2023-11-24 15:01:38 - [TEST_STEP][PASSED] - check(findTestObject("Object Repository/Page_InformationPersonnelles_Usager/CheckBox_DesEnfantsACharge_Non"), OPTIONAL): Object 'Object Repository/Page_InformationPersonnelles_Usager/CheckBox_DesEnfantsACharge_Non' is checked

2023-11-24 15:01:38 - [MESSAGE][INFO] - Finding Test Object 'Object Repository/Page_InformationPersonnelles_Usager/CheckBox_DesEnfantsACharge_Non'

2023-11-24 15:01:38 - [MESSAGE][INFO] - Checking object

2023-11-24 15:01:38 - [MESSAGE][INFO] - Finding web element from Test Object's properties

2023-11-24 15:01:38 - [MESSAGE][INFO] - Checking timeout

2023-11-24 15:01:38 - [MESSAGE][INFO] - Finding web element with id: 'Object Repository/Page_InformationPersonnelles_Usager/CheckBox_DesEnfantsACharge_Non' located by 'By.xpath: //app-demande-ptsq//app-informations-personnelles-shared//app-has-enfants-charge//div//fieldset/div/div[2]/p-radiobutton/div/div[2]/span|//app-demande-visiteur//app-informations-personnelles-shared//app-has-enfants-charge/div/div/anef-input-radio/div/div/fieldset/div/div[2]/p-radiobutton/div/div[2]/span|//app-demande-ptch//app-informations-personnelles-shared//app-has-enfants-charge/div/div/anef-input-radio/div/div/fieldset/div/div[2]/p-radiobutton/div/div[2]/span|//div/app-has-enfants-charge/div/div/anef-input-radio/div/div/fieldset/div/div[2]/p-radiobutton/div/div[2]/span
' in '5' second(s)

2023-11-24 15:01:38 - [MESSAGE][INFO] - Smart Wait Function is triggered

2023-11-24 15:01:38 - [MESSAGE][INFO] - Found 1 web elements with id: 'Object Repository/Page_InformationPersonnelles_Usager/CheckBox_DesEnfantsACharge_Non' located by 'By.xpath: //app-demande-ptsq//app-informations-personnelles-shared//app-has-enfants-charge//div//fieldset/div/div[2]/p-radiobutton/div/div[2]/span|//app-demande-visiteur//app-informations-personnelles-shared//app-has-enfants-charge/div/div/anef-input-radio/div/div/fieldset/div/div[2]/p-radiobutton/div/div[2]/span|//app-demande-ptch//app-informations-personnelles-shared//app-has-enfants-charge/div/div/anef-input-radio/div/div/fieldset/div/div[2]/p-radiobutton/div/div[2]/span|//div/app-has-enfants-charge/div/div/anef-input-radio/div/div/fieldset/div/div[2]/p-radiobutton/div/div[2]/span
' in '5' second(s)

2023-11-24 15:01:38 - [MESSAGE][INFO] - Checking on bject 'Object Repository/Page_InformationPersonnelles_Usager/CheckBox_DesEnfantsACharge_Non'

2023-11-24 15:01:41 - [MESSAGE][PASSED] - Object 'Object Repository/Page_InformationPersonnelles_Usager/CheckBox_DesEnfantsACharge_Non' is checked

2023-11-24 15:01:41 - [TEST_STEP][PASSED] - delay(2): Delayed 2 second(s)

2023-11-24 15:01:41 - [MESSAGE][INFO] - Delaying browser in 2 second(s)

2023-11-24 15:01:43 - [MESSAGE][PASSED] - Delayed 2 second(s)

2023-11-24 15:01:43 - [TEST_STEP][PASSED] - setText(findTestObject("Object Repository/Page_InformationPersonnelles_Usager/Input_AdresseUsager"), AdresseUsager): Text '3 rue des 3 moulins 77000 melun' is set on object 'Object Repository/Page_InformationPersonnelles_Usager/Input_AdresseUsager'

2023-11-24 15:01:43 - [MESSAGE][INFO] - Finding Test Object 'Object Repository/Page_InformationPersonnelles_Usager/Input_AdresseUsager'

2023-11-24 15:01:43 - [MESSAGE][INFO] - Checking timeout

2023-11-24 15:01:43 - [MESSAGE][INFO] - Finding web element with id: 'Object Repository/Page_InformationPersonnelles_Usager/Input_AdresseUsager' located by 'By.xpath: //app-informations-personnelles//app-adresse-etalab//app-vls-ts-etalab//div/input|//app-informations-personnelles-shared//app-adresse-etalab//app-vls-ts-etalab//div/input' in '20' second(s)

2023-11-24 15:01:43 - [MESSAGE][INFO] - Smart Wait Function is triggered

2023-11-24 15:01:43 - [MESSAGE][INFO] - Found 1 web elements with id: 'Object Repository/Page_InformationPersonnelles_Usager/Input_AdresseUsager' located by 'By.xpath: //app-informations-personnelles//app-adresse-etalab//app-vls-ts-etalab//div/input|//app-informations-personnelles-shared//app-adresse-etalab//app-vls-ts-etalab//div/input' in '20' second(s)

2023-11-24 15:01:43 - [MESSAGE][INFO] - Checking object

2023-11-24 15:01:43 - [MESSAGE][INFO] - Checking text

2023-11-24 15:01:43 - [MESSAGE][INFO] - Finding web element from Test Object's properties

2023-11-24 15:01:43 - [MESSAGE][INFO] - Checking timeout

2023-11-24 15:01:43 - [MESSAGE][INFO] - Finding web element with id: 'Object Repository/Page_InformationPersonnelles_Usager/Input_AdresseUsager' located by 'By.xpath: //app-informations-personnelles//app-adresse-etalab//app-vls-ts-etalab//div/input|//app-informations-personnelles-shared//app-adresse-etalab//app-vls-ts-etalab//div/input' in '5' second(s)

2023-11-24 15:01:43 - [MESSAGE][INFO] - Smart Wait Function is triggered

2023-11-24 15:01:43 - [MESSAGE][INFO] - Found 1 web elements with id: 'Object Repository/Page_InformationPersonnelles_Usager/Input_AdresseUsager' located by 'By.xpath: //app-informations-personnelles//app-adresse-etalab//app-vls-ts-etalab//div/input|//app-informations-personnelles-shared//app-adresse-etalab//app-vls-ts-etalab//div/input' in '5' second(s)

2023-11-24 15:01:43 - [MESSAGE][INFO] - Clearing text of object 'Object Repository/Page_InformationPersonnelles_Usager/Input_AdresseUsager'

2023-11-24 15:01:45 - [MESSAGE][INFO] - Finding web element from Test Object's properties

2023-11-24 15:01:45 - [MESSAGE][INFO] - Checking timeout

2023-11-24 15:01:45 - [MESSAGE][INFO] - Finding web element with id: 'Object Repository/Page_InformationPersonnelles_Usager/Input_AdresseUsager' located by 'By.xpath: //app-informations-personnelles//app-adresse-etalab//app-vls-ts-etalab//div/input|//app-informations-personnelles-shared//app-adresse-etalab//app-vls-ts-etalab//div/input' in '5' second(s)

2023-11-24 15:01:45 - [MESSAGE][INFO] - Smart Wait Function is triggered

2023-11-24 15:01:45 - [MESSAGE][INFO] - Found 1 web elements with id: 'Object Repository/Page_InformationPersonnelles_Usager/Input_AdresseUsager' located by 'By.xpath: //app-informations-personnelles//app-adresse-etalab//app-vls-ts-etalab//div/input|//app-informations-personnelles-shared//app-adresse-etalab//app-vls-ts-etalab//div/input' in '5' second(s)

2023-11-24 15:01:45 - [MESSAGE][INFO] - Setting text of object 'Object Repository/Page_InformationPersonnelles_Usager/Input_AdresseUsager' to value '3 rue des 3 moulins 77000 melun'

2023-11-24 15:01:49 - [MESSAGE][PASSED] - Text '3 rue des 3 moulins 77000 melun' is set on object 'Object Repository/Page_InformationPersonnelles_Usager/Input_AdresseUsager'

2023-11-24 15:01:49 - [TEST_STEP][PASSED] - delay(2): Delayed 2 second(s)

2023-11-24 15:01:49 - [MESSAGE][INFO] - Delaying browser in 2 second(s)

2023-11-24 15:01:51 - [MESSAGE][PASSED] - Delayed 2 second(s)

2023-11-24 15:01:51 - [TEST_STEP][PASSED] - setText(findTestObject("Object Repository/Page_InformationPersonnelles_Usager/Input_NumeroDeTelephone"), NumeroTelephoneUsager): Text '0911223345' is set on object 'Object Repository/Page_InformationPersonnelles_Usager/Input_NumeroDeTelephone'

2023-11-24 15:01:51 - [MESSAGE][INFO] - Finding Test Object 'Object Repository/Page_InformationPersonnelles_Usager/Input_NumeroDeTelephone'

2023-11-24 15:01:51 - [MESSAGE][INFO] - Checking timeout

2023-11-24 15:01:51 - [MESSAGE][INFO] - Finding web element with id: 'Object Repository/Page_InformationPersonnelles_Usager/Input_NumeroDeTelephone' located by 'By.xpath: //*[@aria-labelledby="TELEPHONE_PORTABLE-label"]' in '20' second(s)

2023-11-24 15:01:51 - [MESSAGE][INFO] - Smart Wait Function is triggered

2023-11-24 15:01:51 - [MESSAGE][INFO] - Found 1 web elements with id: 'Object Repository/Page_InformationPersonnelles_Usager/Input_NumeroDeTelephone' located by 'By.xpath: //*[@aria-labelledby="TELEPHONE_PORTABLE-label"]' in '20' second(s)

2023-11-24 15:01:51 - [MESSAGE][INFO] - Checking object

2023-11-24 15:01:51 - [MESSAGE][INFO] - Checking text

2023-11-24 15:01:51 - [MESSAGE][INFO] - Finding web element from Test Object's properties

2023-11-24 15:01:51 - [MESSAGE][INFO] - Checking timeout

2023-11-24 15:01:51 - [MESSAGE][INFO] - Finding web element with id: 'Object Repository/Page_InformationPersonnelles_Usager/Input_NumeroDeTelephone' located by 'By.xpath: //*[@aria-labelledby="TELEPHONE_PORTABLE-label"]' in '5' second(s)

2023-11-24 15:01:51 - [MESSAGE][INFO] - Smart Wait Function is triggered

2023-11-24 15:01:51 - [MESSAGE][INFO] - Found 1 web elements with id: 'Object Repository/Page_InformationPersonnelles_Usager/Input_NumeroDeTelephone' located by 'By.xpath: //*[@aria-labelledby="TELEPHONE_PORTABLE-label"]' in '5' second(s)

2023-11-24 15:01:51 - [MESSAGE][INFO] - Clearing text of object 'Object Repository/Page_InformationPersonnelles_Usager/Input_NumeroDeTelephone'

2023-11-24 15:01:53 - [MESSAGE][INFO] - Finding web element from Test Object's properties

2023-11-24 15:01:53 - [MESSAGE][INFO] - Checking timeout

2023-11-24 15:01:53 - [MESSAGE][INFO] - Finding web element with id: 'Object Repository/Page_InformationPersonnelles_Usager/Input_NumeroDeTelephone' located by 'By.xpath: //*[@aria-labelledby="TELEPHONE_PORTABLE-label"]' in '5' second(s)

2023-11-24 15:01:53 - [MESSAGE][INFO] - Smart Wait Function is triggered

2023-11-24 15:01:53 - [MESSAGE][INFO] - Found 1 web elements with id: 'Object Repository/Page_InformationPersonnelles_Usager/Input_NumeroDeTelephone' located by 'By.xpath: //*[@aria-labelledby="TELEPHONE_PORTABLE-label"]' in '5' second(s)

2023-11-24 15:01:53 - [MESSAGE][INFO] - Setting text of object 'Object Repository/Page_InformationPersonnelles_Usager/Input_NumeroDeTelephone' to value '0911223345'

2023-11-24 15:01:56 - [MESSAGE][PASSED] - Text '0911223345' is set on object 'Object Repository/Page_InformationPersonnelles_Usager/Input_NumeroDeTelephone'

2023-11-24 15:01:56 - [TEST_STEP][PASSED] - click(findTestObject("Object Repository/Page_DemarcheRenouvellement/btn_EnregistrerEtPoursuivre")): Object: 'Object Repository/Page_DemarcheRenouvellement/btn_EnregistrerEtPoursuivre' is clicked on

2023-11-24 15:01:56 - [MESSAGE][INFO] - Finding Test Object 'Object Repository/Page_DemarcheRenouvellement/btn_EnregistrerEtPoursuivre'

2023-11-24 15:01:56 - [MESSAGE][INFO] - Checking timeout

2023-11-24 15:01:56 - [MESSAGE][INFO] - Finding web element with id: 'Object Repository/Page_DemarcheRenouvellement/btn_EnregistrerEtPoursuivre' located by 'By.xpath: //span[text()='Enregistrer et poursuivre >']' in '20' second(s)

2023-11-24 15:01:56 - [MESSAGE][INFO] - Smart Wait Function is triggered

2023-11-24 15:01:56 - [MESSAGE][INFO] - Found 1 web elements with id: 'Object Repository/Page_DemarcheRenouvellement/btn_EnregistrerEtPoursuivre' located by 'By.xpath: //span[text()='Enregistrer et poursuivre >']' in '20' second(s)

2023-11-24 15:01:56 - [MESSAGE][INFO] - Checking object

2023-11-24 15:01:56 - [MESSAGE][INFO] - Checking timeout

2023-11-24 15:01:56 - [MESSAGE][INFO] - Finding web element from Test Object's properties

2023-11-24 15:01:56 - [MESSAGE][INFO] - Checking timeout

2023-11-24 15:01:56 - [MESSAGE][INFO] - Finding web element with id: 'Object Repository/Page_DemarcheRenouvellement/btn_EnregistrerEtPoursuivre' located by 'By.xpath: //span[text()='Enregistrer et poursuivre >']' in '5' second(s)

2023-11-24 15:01:56 - [MESSAGE][INFO] - Smart Wait Function is triggered

2023-11-24 15:01:56 - [MESSAGE][INFO] - Found 1 web elements with id: 'Object Repository/Page_DemarcheRenouvellement/btn_EnregistrerEtPoursuivre' located by 'By.xpath: //span[text()='Enregistrer et poursuivre >']' in '5' second(s)

2023-11-24 15:01:56 - [MESSAGE][INFO] - Clicking on object: 'Object Repository/Page_DemarcheRenouvellement/btn_EnregistrerEtPoursuivre'

2023-11-24 15:01:58 - [MESSAGE][PASSED] - Object: 'Object Repository/Page_DemarcheRenouvellement/btn_EnregistrerEtPoursuivre' is clicked on

2023-11-24 15:01:58 - [MESSAGE][PASSED] - Call Test Case 'Test Cases/Test Reutilisable/DemandeOuRenouvelle_TitreSejour/FormulaireInformationsPersonnelles' successfully

2023-11-24 15:01:58 - [TEST_STEP][PASSED] - callTestCase(findTestCase("Test Reutilisable/DemandeOuRenouvelle_TitreSejour/FormulaireMotifDeLaDemande"), ["TypeTitreDeSejour":TypeTitreDeSejour, "Titre":Titre], STOP_ON_FAILURE): Call Test Case 'Test Cases/Test Reutilisable/DemandeOuRenouvelle_TitreSejour/FormulaireMotifDeLaDemande' successfully

2023-11-24 15:01:58 - [MESSAGE][INFO] - Checking called Test Case

2023-11-24 15:01:58 - [MESSAGE][INFO] - Starting to call Test Case 'Test Cases/Test Reutilisable/DemandeOuRenouvelle_TitreSejour/FormulaireMotifDeLaDemande'

2023-11-24 15:01:58 - [TEST_CASE][PASSED] - Test Cases/Test Reutilisable/DemandeOuRenouvelle_TitreSejour/FormulaireMotifDeLaDemande: Test Cases/Test Reutilisable/DemandeOuRenouvelle_TitreSejour/FormulaireMotifDeLaDemande

2023-11-24 15:01:58 - [TEST_STEP][PASSED] - com.kazurayam.ksbackyard.HighlightElement.pandemic(): com.kazurayam.ksbackyard.HighlightElement.pandemic is PASSED

2023-11-24 15:01:58 - [MESSAGE][PASSED] - com.kazurayam.ksbackyard.HighlightElement.pandemic is PASSED

2023-11-24 15:01:58 - [TEST_STEP][PASSED] - if (TypeTitreDeSejour == "RenouvellementDeTitreSejour" && Titre == "Etudiant"): null

2023-11-24 15:01:58 - [TEST_STEP][PASSED] - if (TypeTitreDeSejour == "Visiteur" && Titre == "Etudiant" || TypeTitreDeSejour == "RenouvellementDeTitreSejour" && Titre == "Visiteur"): null

2023-11-24 15:01:58 - [TEST_STEP][PASSED] - if (TypeTitreDeSejour == "TS-PT-SalarieQualifie" && Titre == "Visiteur" || Titre == "Etudiant"): null

2023-11-24 15:01:58 - [TEST_STEP][PASSED] - if (TypeTitreDeSejour == "TS-PT-SalarieEntrepriseInnovante" && Titre == "Visiteur" || Titre == "Etudiant"): null

2023-11-24 15:01:58 - [TEST_STEP][PASSED] - if (TypeTitreDeSejour == "TS-PT-CarteBleueEuropeenne" && Titre == "Visiteur" || Titre == "Etudiant"): null

2023-11-24 15:01:58 - [TEST_STEP][PASSED] - if (TypeTitreDeSejour == "TS-PT-SalarieEnMission" && Titre == "Visiteur" || Titre == "Etudiant"): null

2023-11-24 15:01:58 - [TEST_STEP][PASSED] - if (TypeTitreDeSejour == "ChercheurEtChercheurEnMobilite" && Titre == "Visiteur" || Titre == "Etudiant"): null

2023-11-24 15:01:58 - [TEST_STEP][PASSED] - if (TypeTitreDeSejour == "FrenchTechVisaForInvestors" && Titre == "Visiteur" || Titre == "Etudiant"): null

2023-11-24 15:01:58 - [TEST_STEP][PASSED] - if (TypeTitreDeSejour == "CreateurDEntreprise" && Titre == "Visiteur" || TypeTitreDeSejour == "CreateurDEntreprise" && Titre == "Etudiant"): Object: 'Object Repository/Page_DemarcheRenouvellement/btn_EnregistrerEtPoursuivre' is clicked on

2023-11-24 15:01:58 - [TEST_STEP][PASSED] - click(findTestObject("Object Repository/Page_MotifDeLaDemande_Usager/CheckBox_DiplomeDeNiveauMaster_Non")): Object: 'Object Repository/Page_MotifDeLaDemande_Usager/CheckBox_DiplomeDeNiveauMaster_Non' is clicked on

2023-11-24 15:01:58 - [MESSAGE][INFO] - Finding Test Object 'Object Repository/Page_MotifDeLaDemande_Usager/CheckBox_DiplomeDeNiveauMaster_Non'

2023-11-24 15:01:58 - [MESSAGE][INFO] - Checking timeout

2023-11-24 15:01:58 - [MESSAGE][INFO] - Finding web element with id: 'Object Repository/Page_MotifDeLaDemande_Usager/CheckBox_DiplomeDeNiveauMaster_Non' located by 'By.xpath: //app-createur-entreprise//app-informations-relatives-qualification/div/div/div/anef-input-radio/div/div/fieldset/div/div[2]/p-radiobutton/div/div[2]/span' in '20' second(s)

2023-11-24 15:01:58 - [MESSAGE][INFO] - Smart Wait Function is triggered

2023-11-24 15:01:58 - [MESSAGE][INFO] - Found 1 web elements with id: 'Object Repository/Page_MotifDeLaDemande_Usager/CheckBox_DiplomeDeNiveauMaster_Non' located by 'By.xpath: //app-createur-entreprise//app-informations-relatives-qualification/div/div/div/anef-input-radio/div/div/fieldset/div/div[2]/p-radiobutton/div/div[2]/span' in '20' second(s)

2023-11-24 15:01:58 - [MESSAGE][INFO] - Checking object

2023-11-24 15:01:58 - [MESSAGE][INFO] - Checking timeout

2023-11-24 15:01:58 - [MESSAGE][INFO] - Finding web element from Test Object's properties

2023-11-24 15:01:58 - [MESSAGE][INFO] - Checking timeout

2023-11-24 15:01:58 - [MESSAGE][INFO] - Finding web element with id: 'Object Repository/Page_MotifDeLaDemande_Usager/CheckBox_DiplomeDeNiveauMaster_Non' located by 'By.xpath: //app-createur-entreprise//app-informations-relatives-qualification/div/div/div/anef-input-radio/div/div/fieldset/div/div[2]/p-radiobutton/div/div[2]/span' in '5' second(s)

2023-11-24 15:01:58 - [MESSAGE][INFO] - Smart Wait Function is triggered

2023-11-24 15:01:58 - [MESSAGE][INFO] - Found 1 web elements with id: 'Object Repository/Page_MotifDeLaDemande_Usager/CheckBox_DiplomeDeNiveauMaster_Non' located by 'By.xpath: //app-createur-entreprise//app-informations-relatives-qualification/div/div/div/anef-input-radio/div/div/fieldset/div/div[2]/p-radiobutton/div/div[2]/span' in '5' second(s)

2023-11-24 15:01:58 - [MESSAGE][INFO] - Clicking on object: 'Object Repository/Page_MotifDeLaDemande_Usager/CheckBox_DiplomeDeNiveauMaster_Non'

2023-11-24 15:02:01 - [MESSAGE][PASSED] - Object: 'Object Repository/Page_MotifDeLaDemande_Usager/CheckBox_DiplomeDeNiveauMaster_Non' is clicked on

2023-11-24 15:02:01 - [TEST_STEP][PASSED] - setText(findTestObject("Object Repository/Page_MotifDeLaDemande_Usager/input_NombreEntreprisesGerees"), "0"): Text '0' is set on object 'Object Repository/Page_MotifDeLaDemande_Usager/input_NombreEntreprisesGerees'

2023-11-24 15:02:01 - [MESSAGE][INFO] - Finding Test Object 'Object Repository/Page_MotifDeLaDemande_Usager/input_NombreEntreprisesGerees'

2023-11-24 15:02:01 - [MESSAGE][INFO] - Checking timeout

2023-11-24 15:02:01 - [MESSAGE][INFO] - Finding web element with id: 'Object Repository/Page_MotifDeLaDemande_Usager/input_NombreEntreprisesGerees' located by 'By.xpath: //app-motif-sejour-ptinv//app-createur-entreprise/div/app-indent-wrapper/app-experience-pro/div/div/anef-repeat-form/div/div/div[1]/div[1]/anef-input-text/div/div/div[1]/div/input' in '20' second(s)

2023-11-24 15:02:01 - [MESSAGE][INFO] - Smart Wait Function is triggered

2023-11-24 15:02:01 - [MESSAGE][INFO] - Found 1 web elements with id: 'Object Repository/Page_MotifDeLaDemande_Usager/input_NombreEntreprisesGerees' located by 'By.xpath: //app-motif-sejour-ptinv//app-createur-entreprise/div/app-indent-wrapper/app-experience-pro/div/div/anef-repeat-form/div/div/div[1]/div[1]/anef-input-text/div/div/div[1]/div/input' in '20' second(s)

2023-11-24 15:02:01 - [MESSAGE][INFO] - Checking object

2023-11-24 15:02:01 - [MESSAGE][INFO] - Checking text

2023-11-24 15:02:01 - [MESSAGE][INFO] - Finding web element from Test Object's properties

2023-11-24 15:02:01 - [MESSAGE][INFO] - Checking timeout

2023-11-24 15:02:01 - [MESSAGE][INFO] - Finding web element with id: 'Object Repository/Page_MotifDeLaDemande_Usager/input_NombreEntreprisesGerees' located by 'By.xpath: //app-motif-sejour-ptinv//app-createur-entreprise/div/app-indent-wrapper/app-experience-pro/div/div/anef-repeat-form/div/div/div[1]/div[1]/anef-input-text/div/div/div[1]/div/input' in '5' second(s)

2023-11-24 15:02:01 - [MESSAGE][INFO] - Smart Wait Function is triggered

2023-11-24 15:02:01 - [MESSAGE][INFO] - Found 1 web elements with id: 'Object Repository/Page_MotifDeLaDemande_Usager/input_NombreEntreprisesGerees' located by 'By.xpath: //app-motif-sejour-ptinv//app-createur-entreprise/div/app-indent-wrapper/app-experience-pro/div/div/anef-repeat-form/div/div/div[1]/div[1]/anef-input-text/div/div/div[1]/div/input' in '5' second(s)

2023-11-24 15:02:01 - [MESSAGE][INFO] - Clearing text of object 'Object Repository/Page_MotifDeLaDemande_Usager/input_NombreEntreprisesGerees'

2023-11-24 15:02:03 - [MESSAGE][INFO] - Finding web element from Test Object's properties

2023-11-24 15:02:03 - [MESSAGE][INFO] - Checking timeout

2023-11-24 15:02:03 - [MESSAGE][INFO] - Finding web element with id: 'Object Repository/Page_MotifDeLaDemande_Usager/input_NombreEntreprisesGerees' located by 'By.xpath: //app-motif-sejour-ptinv//app-createur-entreprise/div/app-indent-wrapper/app-experience-pro/div/div/anef-repeat-form/div/div/div[1]/div[1]/anef-input-text/div/div/div[1]/div/input' in '5' second(s)

2023-11-24 15:02:03 - [MESSAGE][INFO] - Smart Wait Function is triggered

2023-11-24 15:02:03 - [MESSAGE][INFO] - Found 1 web elements with id: 'Object Repository/Page_MotifDeLaDemande_Usager/input_NombreEntreprisesGerees' located by 'By.xpath: //app-motif-sejour-ptinv//app-createur-entreprise/div/app-indent-wrapper/app-experience-pro/div/div/anef-repeat-form/div/div/div[1]/div[1]/anef-input-text/div/div/div[1]/div/input' in '5' second(s)

2023-11-24 15:02:03 - [MESSAGE][INFO] - Setting text of object 'Object Repository/Page_MotifDeLaDemande_Usager/input_NombreEntreprisesGerees' to value '0'

2023-11-24 15:02:05 - [MESSAGE][PASSED] - Text '0' is set on object 'Object Repository/Page_MotifDeLaDemande_Usager/input_NombreEntreprisesGerees'

2023-11-24 15:02:05 - [TEST_STEP][PASSED] - delay(2): Delayed 2 second(s)

2023-11-24 15:02:05 - [MESSAGE][INFO] - Delaying browser in 2 second(s)

2023-11-24 15:02:07 - [MESSAGE][PASSED] - Delayed 2 second(s)

2023-11-24 15:02:07 - [TEST_STEP][PASSED] - click(findTestObject("Object Repository/Page_MotifDeLaDemande_Usager/btn_ConfirmerNombreEntreprises")): Object: 'Object Repository/Page_MotifDeLaDemande_Usager/btn_ConfirmerNombreEntreprises' is clicked on

2023-11-24 15:02:07 - [MESSAGE][INFO] - Finding Test Object 'Object Repository/Page_MotifDeLaDemande_Usager/btn_ConfirmerNombreEntreprises'

2023-11-24 15:02:07 - [MESSAGE][INFO] - Checking timeout

2023-11-24 15:02:07 - [MESSAGE][INFO] - Finding web element with id: 'Object Repository/Page_MotifDeLaDemande_Usager/btn_ConfirmerNombreEntreprises' located by 'By.xpath: //app-createur-entreprise//app-indent-wrapper/app-experience-pro/div/div/anef-repeat-form/div/div/div[2]/button/span' in '20' second(s)

2023-11-24 15:02:07 - [MESSAGE][INFO] - Smart Wait Function is triggered

2023-11-24 15:02:07 - [MESSAGE][INFO] - Found 1 web elements with id: 'Object Repository/Page_MotifDeLaDemande_Usager/btn_ConfirmerNombreEntreprises' located by 'By.xpath: //app-createur-entreprise//app-indent-wrapper/app-experience-pro/div/div/anef-repeat-form/div/div/div[2]/button/span' in '20' second(s)

2023-11-24 15:02:07 - [MESSAGE][INFO] - Checking object

2023-11-24 15:02:07 - [MESSAGE][INFO] - Checking timeout

2023-11-24 15:02:07 - [MESSAGE][INFO] - Finding web element from Test Object's properties

2023-11-24 15:02:07 - [MESSAGE][INFO] - Checking timeout

2023-11-24 15:02:07 - [MESSAGE][INFO] - Finding web element with id: 'Object Repository/Page_MotifDeLaDemande_Usager/btn_ConfirmerNombreEntreprises' located by 'By.xpath: //app-createur-entreprise//app-indent-wrapper/app-experience-pro/div/div/anef-repeat-form/div/div/div[2]/button/span' in '5' second(s)

2023-11-24 15:02:07 - [MESSAGE][INFO] - Smart Wait Function is triggered

2023-11-24 15:02:07 - [MESSAGE][INFO] - Found 1 web elements with id: 'Object Repository/Page_MotifDeLaDemande_Usager/btn_ConfirmerNombreEntreprises' located by 'By.xpath: //app-createur-entreprise//app-indent-wrapper/app-experience-pro/div/div/anef-repeat-form/div/div/div[2]/button/span' in '5' second(s)

2023-11-24 15:02:07 - [MESSAGE][INFO] - Clicking on object: 'Object Repository/Page_MotifDeLaDemande_Usager/btn_ConfirmerNombreEntreprises'

2023-11-24 15:02:09 - [MESSAGE][PASSED] - Object: 'Object Repository/Page_MotifDeLaDemande_Usager/btn_ConfirmerNombreEntreprises' is clicked on

2023-11-24 15:02:09 - [TEST_STEP][PASSED] - delay(2): Delayed 2 second(s)

2023-11-24 15:02:09 - [MESSAGE][INFO] - Delaying browser in 2 second(s)

2023-11-24 15:02:11 - [MESSAGE][PASSED] - Delayed 2 second(s)

2023-11-24 15:02:11 - [TEST_STEP][PASSED] - click(findTestObject("Object Repository/Page_MotifDeLaDemande_Usager/CheckBox_EntrepriseANumeroSiret")): Object: 'Object Repository/Page_MotifDeLaDemande_Usager/CheckBox_EntrepriseANumeroSiret' is clicked on

2023-11-24 15:02:11 - [MESSAGE][INFO] - Finding Test Object 'Object Repository/Page_MotifDeLaDemande_Usager/CheckBox_EntrepriseANumeroSiret'

2023-11-24 15:02:11 - [MESSAGE][INFO] - Checking timeout

2023-11-24 15:02:11 - [MESSAGE][INFO] - Finding web element with id: 'Object Repository/Page_MotifDeLaDemande_Usager/CheckBox_EntrepriseANumeroSiret' located by 'By.xpath: //app-createur-entreprise//app-informations-relatives-entreprise-creee/div/div/div[1]/div/div/p-radiobutton/div/div[2]/span' in '20' second(s)

2023-11-24 15:02:11 - [MESSAGE][INFO] - Smart Wait Function is triggered

2023-11-24 15:02:11 - [MESSAGE][INFO] - Found 1 web elements with id: 'Object Repository/Page_MotifDeLaDemande_Usager/CheckBox_EntrepriseANumeroSiret' located by 'By.xpath: //app-createur-entreprise//app-informations-relatives-entreprise-creee/div/div/div[1]/div/div/p-radiobutton/div/div[2]/span' in '20' second(s)

2023-11-24 15:02:11 - [MESSAGE][INFO] - Checking object

2023-11-24 15:02:11 - [MESSAGE][INFO] - Checking timeout

2023-11-24 15:02:11 - [MESSAGE][INFO] - Finding web element from Test Object's properties

2023-11-24 15:02:11 - [MESSAGE][INFO] - Checking timeout

2023-11-24 15:02:11 - [MESSAGE][INFO] - Finding web element with id: 'Object Repository/Page_MotifDeLaDemande_Usager/CheckBox_EntrepriseANumeroSiret' located by 'By.xpath: //app-createur-entreprise//app-informations-relatives-entreprise-creee/div/div/div[1]/div/div/p-radiobutton/div/div[2]/span' in '5' second(s)

2023-11-24 15:02:11 - [MESSAGE][INFO] - Smart Wait Function is triggered

2023-11-24 15:02:11 - [MESSAGE][INFO] - Found 1 web elements with id: 'Object Repository/Page_MotifDeLaDemande_Usager/CheckBox_EntrepriseANumeroSiret' located by 'By.xpath: //app-createur-entreprise//app-informations-relatives-entreprise-creee/div/div/div[1]/div/div/p-radiobutton/div/div[2]/span' in '5' second(s)

2023-11-24 15:02:11 - [MESSAGE][INFO] - Clicking on object: 'Object Repository/Page_MotifDeLaDemande_Usager/CheckBox_EntrepriseANumeroSiret'

2023-11-24 15:02:13 - [MESSAGE][PASSED] - Object: 'Object Repository/Page_MotifDeLaDemande_Usager/CheckBox_EntrepriseANumeroSiret' is clicked on

2023-11-24 15:02:13 - [TEST_STEP][PASSED] - setText(findTestObject("Object Repository/Page_MotifDeLaDemande_Usager/input_NumeroSiret"), "47976684200724"): Text '47976684200724' is set on object 'Object Repository/Page_MotifDeLaDemande_Usager/input_NumeroSiret'

2023-11-24 15:02:13 - [MESSAGE][INFO] - Finding Test Object 'Object Repository/Page_MotifDeLaDemande_Usager/input_NumeroSiret'

2023-11-24 15:02:14 - [MESSAGE][INFO] - Checking timeout

2023-11-24 15:02:14 - [MESSAGE][INFO] - Finding web element with id: 'Object Repository/Page_MotifDeLaDemande_Usager/input_NumeroSiret' located by 'By.xpath: //app-demande-ptinv//app-motif-sejour-ptinv//app-createur-entreprise/div/app-indent-wrapper/app-informations-relatives-entreprise-creee/div/div/div[2]/div[1]/div/anef-input-text/div/div/div[1]/div/input' in '20' second(s)

2023-11-24 15:02:14 - [MESSAGE][INFO] - Smart Wait Function is triggered

2023-11-24 15:02:14 - [MESSAGE][INFO] - Found 1 web elements with id: 'Object Repository/Page_MotifDeLaDemande_Usager/input_NumeroSiret' located by 'By.xpath: //app-demande-ptinv//app-motif-sejour-ptinv//app-createur-entreprise/div/app-indent-wrapper/app-informations-relatives-entreprise-creee/div/div/div[2]/div[1]/div/anef-input-text/div/div/div[1]/div/input' in '20' second(s)

2023-11-24 15:02:14 - [MESSAGE][INFO] - Checking object

2023-11-24 15:02:14 - [MESSAGE][INFO] - Checking text

2023-11-24 15:02:14 - [MESSAGE][INFO] - Finding web element from Test Object's properties

2023-11-24 15:02:14 - [MESSAGE][INFO] - Checking timeout

2023-11-24 15:02:14 - [MESSAGE][INFO] - Finding web element with id: 'Object Repository/Page_MotifDeLaDemande_Usager/input_NumeroSiret' located by 'By.xpath: //app-demande-ptinv//app-motif-sejour-ptinv//app-createur-entreprise/div/app-indent-wrapper/app-informations-relatives-entreprise-creee/div/div/div[2]/div[1]/div/anef-input-text/div/div/div[1]/div/input' in '5' second(s)

2023-11-24 15:02:14 - [MESSAGE][INFO] - Smart Wait Function is triggered

2023-11-24 15:02:14 - [MESSAGE][INFO] - Found 1 web elements with id: 'Object Repository/Page_MotifDeLaDemande_Usager/input_NumeroSiret' located by 'By.xpath: //app-demande-ptinv//app-motif-sejour-ptinv//app-createur-entreprise/div/app-indent-wrapper/app-informations-relatives-entreprise-creee/div/div/div[2]/div[1]/div/anef-input-text/div/div/div[1]/div/input' in '5' second(s)

2023-11-24 15:02:14 - [MESSAGE][INFO] - Clearing text of object 'Object Repository/Page_MotifDeLaDemande_Usager/input_NumeroSiret'

2023-11-24 15:02:16 - [MESSAGE][INFO] - Finding web element from Test Object's properties

2023-11-24 15:02:16 - [MESSAGE][INFO] - Checking timeout

2023-11-24 15:02:16 - [MESSAGE][INFO] - Finding web element with id: 'Object Repository/Page_MotifDeLaDemande_Usager/input_NumeroSiret' located by 'By.xpath: //app-demande-ptinv//app-motif-sejour-ptinv//app-createur-entreprise/div/app-indent-wrapper/app-informations-relatives-entreprise-creee/div/div/div[2]/div[1]/div/anef-input-text/div/div/div[1]/div/input' in '5' second(s)

2023-11-24 15:02:16 - [MESSAGE][INFO] - Smart Wait Function is triggered

2023-11-24 15:02:16 - [MESSAGE][INFO] - Found 1 web elements with id: 'Object Repository/Page_MotifDeLaDemande_Usager/input_NumeroSiret' located by 'By.xpath: //app-demande-ptinv//app-motif-sejour-ptinv//app-createur-entreprise/div/app-indent-wrapper/app-informations-relatives-entreprise-creee/div/div/div[2]/div[1]/div/anef-input-text/div/div/div[1]/div/input' in '5' second(s)

2023-11-24 15:02:16 - [MESSAGE][INFO] - Setting text of object 'Object Repository/Page_MotifDeLaDemande_Usager/input_NumeroSiret' to value '47976684200724'

2023-11-24 15:02:18 - [MESSAGE][PASSED] - Text '47976684200724' is set on object 'Object Repository/Page_MotifDeLaDemande_Usager/input_NumeroSiret'

2023-11-24 15:02:18 - [TEST_STEP][PASSED] - click(findTestObject("Object Repository/Page_MotifDeLaDemande_Usager/btn_ConfirmerNumeroSiret")): Object: 'Object Repository/Page_MotifDeLaDemande_Usager/btn_ConfirmerNumeroSiret' is clicked on

2023-11-24 15:02:18 - [MESSAGE][INFO] - Finding Test Object 'Object Repository/Page_MotifDeLaDemande_Usager/btn_ConfirmerNumeroSiret'

2023-11-24 15:02:18 - [MESSAGE][INFO] - Checking timeout

2023-11-24 15:02:18 - [MESSAGE][INFO] - Finding web element with id: 'Object Repository/Page_MotifDeLaDemande_Usager/btn_ConfirmerNumeroSiret' located by 'By.xpath: //app-demande-ptinv//app-motif-sejour-ptinv//app-createur-entreprise/div/app-indent-wrapper/app-informations-relatives-entreprise-creee/div/div/div[2]/div[2]/div/button' in '20' second(s)

2023-11-24 15:02:18 - [MESSAGE][INFO] - Smart Wait Function is triggered

2023-11-24 15:02:19 - [MESSAGE][INFO] - Found 1 web elements with id: 'Object Repository/Page_MotifDeLaDemande_Usager/btn_ConfirmerNumeroSiret' located by 'By.xpath: //app-demande-ptinv//app-motif-sejour-ptinv//app-createur-entreprise/div/app-indent-wrapper/app-informations-relatives-entreprise-creee/div/div/div[2]/div[2]/div/button' in '20' second(s)

2023-11-24 15:02:19 - [MESSAGE][INFO] - Checking object

2023-11-24 15:02:19 - [MESSAGE][INFO] - Checking timeout

2023-11-24 15:02:19 - [MESSAGE][INFO] - Finding web element from Test Object's properties

2023-11-24 15:02:19 - [MESSAGE][INFO] - Checking timeout

2023-11-24 15:02:19 - [MESSAGE][INFO] - Finding web element with id: 'Object Repository/Page_MotifDeLaDemande_Usager/btn_ConfirmerNumeroSiret' located by 'By.xpath: //app-demande-ptinv//app-motif-sejour-ptinv//app-createur-entreprise/div/app-indent-wrapper/app-informations-relatives-entreprise-creee/div/div/div[2]/div[2]/div/button' in '5' second(s)

2023-11-24 15:02:19 - [MESSAGE][INFO] - Smart Wait Function is triggered

2023-11-24 15:02:19 - [MESSAGE][INFO] - Found 1 web elements with id: 'Object Repository/Page_MotifDeLaDemande_Usager/btn_ConfirmerNumeroSiret' located by 'By.xpath: //app-demande-ptinv//app-motif-sejour-ptinv//app-createur-entreprise/div/app-indent-wrapper/app-informations-relatives-entreprise-creee/div/div/div[2]/div[2]/div/button' in '5' second(s)

2023-11-24 15:02:19 - [MESSAGE][INFO] - Clicking on object: 'Object Repository/Page_MotifDeLaDemande_Usager/btn_ConfirmerNumeroSiret'

2023-11-24 15:02:21 - [MESSAGE][PASSED] - Object: 'Object Repository/Page_MotifDeLaDemande_Usager/btn_ConfirmerNumeroSiret' is clicked on

2023-11-24 15:02:21 - [TEST_STEP][PASSED] - click(findTestObject("Object Repository/Page_MotifDeLaDemande_Usager/select_NatureDesActivites")): Object: 'Object Repository/Page_MotifDeLaDemande_Usager/select_NatureDesActivites' is clicked on

2023-11-24 15:02:21 - [MESSAGE][INFO] - Finding Test Object 'Object Repository/Page_MotifDeLaDemande_Usager/select_NatureDesActivites'

2023-11-24 15:02:21 - [MESSAGE][INFO] - Checking timeout

2023-11-24 15:02:21 - [MESSAGE][INFO] - Finding web element with id: 'Object Repository/Page_MotifDeLaDemande_Usager/select_NatureDesActivites' located by 'By.xpath: //*[@id="NATURE_ACTIVITE"]/div/div[4]' in '20' second(s)

2023-11-24 15:02:21 - [MESSAGE][INFO] - Smart Wait Function is triggered

2023-11-24 15:02:21 - [MESSAGE][INFO] - Found 1 web elements with id: 'Object Repository/Page_MotifDeLaDemande_Usager/select_NatureDesActivites' located by 'By.xpath: //*[@id="NATURE_ACTIVITE"]/div/div[4]' in '20' second(s)

2023-11-24 15:02:21 - [MESSAGE][INFO] - Checking object

2023-11-24 15:02:21 - [MESSAGE][INFO] - Checking timeout

2023-11-24 15:02:21 - [MESSAGE][INFO] - Finding web element from Test Object's properties

2023-11-24 15:02:21 - [MESSAGE][INFO] - Checking timeout

2023-11-24 15:02:21 - [MESSAGE][INFO] - Finding web element with id: 'Object Repository/Page_MotifDeLaDemande_Usager/select_NatureDesActivites' located by 'By.xpath: //*[@id="NATURE_ACTIVITE"]/div/div[4]' in '5' second(s)

2023-11-24 15:02:21 - [MESSAGE][INFO] - Smart Wait Function is triggered

2023-11-24 15:02:21 - [MESSAGE][INFO] - Found 1 web elements with id: 'Object Repository/Page_MotifDeLaDemande_Usager/select_NatureDesActivites' located by 'By.xpath: //*[@id="NATURE_ACTIVITE"]/div/div[4]' in '5' second(s)

2023-11-24 15:02:21 - [MESSAGE][INFO] - Clicking on object: 'Object Repository/Page_MotifDeLaDemande_Usager/select_NatureDesActivites'

2023-11-24 15:02:23 - [MESSAGE][PASSED] - Object: 'Object Repository/Page_MotifDeLaDemande_Usager/select_NatureDesActivites' is clicked on

2023-11-24 15:02:23 - [TEST_STEP][PASSED] - click(findTestObject("Object Repository/Page_MotifDeLaDemande_Usager/select_Value_NatureDesActivites")): Object: 'Object Repository/Page_MotifDeLaDemande_Usager/select_Value_NatureDesActivites' is clicked on

2023-11-24 15:02:23 - [MESSAGE][INFO] - Finding Test Object 'Object Repository/Page_MotifDeLaDemande_Usager/select_Value_NatureDesActivites'

2023-11-24 15:02:23 - [MESSAGE][INFO] - Checking timeout

2023-11-24 15:02:23 - [MESSAGE][INFO] - Finding web element with id: 'Object Repository/Page_MotifDeLaDemande_Usager/select_Value_NatureDesActivites' located by 'By.xpath: //*[@id="NATURE_ACTIVITE"]/div/div[5]/div/ul/p-dropdownitem[1]/li/span' in '20' second(s)

2023-11-24 15:02:23 - [MESSAGE][INFO] - Smart Wait Function is triggered

2023-11-24 15:02:23 - [MESSAGE][INFO] - Found 1 web elements with id: 'Object Repository/Page_MotifDeLaDemande_Usager/select_Value_NatureDesActivites' located by 'By.xpath: //*[@id="NATURE_ACTIVITE"]/div/div[5]/div/ul/p-dropdownitem[1]/li/span' in '20' second(s)

2023-11-24 15:02:23 - [MESSAGE][INFO] - Checking object

2023-11-24 15:02:23 - [MESSAGE][INFO] - Checking timeout

2023-11-24 15:02:23 - [MESSAGE][INFO] - Finding web element from Test Object's properties

2023-11-24 15:02:23 - [MESSAGE][INFO] - Checking timeout

2023-11-24 15:02:23 - [MESSAGE][INFO] - Finding web element with id: 'Object Repository/Page_MotifDeLaDemande_Usager/select_Value_NatureDesActivites' located by 'By.xpath: //*[@id="NATURE_ACTIVITE"]/div/div[5]/div/ul/p-dropdownitem[1]/li/span' in '5' second(s)

2023-11-24 15:02:23 - [MESSAGE][INFO] - Smart Wait Function is triggered

2023-11-24 15:02:23 - [MESSAGE][INFO] - Found 1 web elements with id: 'Object Repository/Page_MotifDeLaDemande_Usager/select_Value_NatureDesActivites' located by 'By.xpath: //*[@id="NATURE_ACTIVITE"]/div/div[5]/div/ul/p-dropdownitem[1]/li/span' in '5' second(s)

2023-11-24 15:02:23 - [MESSAGE][INFO] - Clicking on object: 'Object Repository/Page_MotifDeLaDemande_Usager/select_Value_NatureDesActivites'

2023-11-24 15:02:25 - [MESSAGE][PASSED] - Object: 'Object Repository/Page_MotifDeLaDemande_Usager/select_Value_NatureDesActivites' is clicked on

2023-11-24 15:02:25 - [TEST_STEP][PASSED] - click(findTestObject("Object Repository/Page_MotifDeLaDemande_Usager/CheckBox_ActivitesSoumisesAutorisationExercice_Non")): Object: 'Object Repository/Page_MotifDeLaDemande_Usager/CheckBox_ActivitesSoumisesAutorisationExercice_Non' is clicked on

2023-11-24 15:02:25 - [MESSAGE][INFO] - Finding Test Object 'Object Repository/Page_MotifDeLaDemande_Usager/CheckBox_ActivitesSoumisesAutorisationExercice_Non'

2023-11-24 15:02:25 - [MESSAGE][INFO] - Checking timeout

2023-11-24 15:02:25 - [MESSAGE][INFO] - Finding web element with id: 'Object Repository/Page_MotifDeLaDemande_Usager/CheckBox_ActivitesSoumisesAutorisationExercice_Non' located by 'By.xpath: //app-createur-entreprise/div/app-indent-wrapper/app-informations-relatives-entreprise-creee/div/div/div[5]/div/anef-input-radio/div/div/fieldset/div/div[2]/p-radiobutton/div/div[2]/span' in '20' second(s)

2023-11-24 15:02:25 - [MESSAGE][INFO] - Smart Wait Function is triggered

2023-11-24 15:02:25 - [MESSAGE][INFO] - Found 1 web elements with id: 'Object Repository/Page_MotifDeLaDemande_Usager/CheckBox_ActivitesSoumisesAutorisationExercice_Non' located by 'By.xpath: //app-createur-entreprise/div/app-indent-wrapper/app-informations-relatives-entreprise-creee/div/div/div[5]/div/anef-input-radio/div/div/fieldset/div/div[2]/p-radiobutton/div/div[2]/span' in '20' second(s)

2023-11-24 15:02:25 - [MESSAGE][INFO] - Checking object

2023-11-24 15:02:25 - [MESSAGE][INFO] - Checking timeout

2023-11-24 15:02:25 - [MESSAGE][INFO] - Finding web element from Test Object's properties

2023-11-24 15:02:25 - [MESSAGE][INFO] - Checking timeout

2023-11-24 15:02:25 - [MESSAGE][INFO] - Finding web element with id: 'Object Repository/Page_MotifDeLaDemande_Usager/CheckBox_ActivitesSoumisesAutorisationExercice_Non' located by 'By.xpath: //app-createur-entreprise/div/app-indent-wrapper/app-informations-relatives-entreprise-creee/div/div/div[5]/div/anef-input-radio/div/div/fieldset/div/div[2]/p-radiobutton/div/div[2]/span' in '5' second(s)

2023-11-24 15:02:25 - [MESSAGE][INFO] - Smart Wait Function is triggered

2023-11-24 15:02:26 - [MESSAGE][INFO] - Found 1 web elements with id: 'Object Repository/Page_MotifDeLaDemande_Usager/CheckBox_ActivitesSoumisesAutorisationExercice_Non' located by 'By.xpath: //app-createur-entreprise/div/app-indent-wrapper/app-informations-relatives-entreprise-creee/div/div/div[5]/div/anef-input-radio/div/div/fieldset/div/div[2]/p-radiobutton/div/div[2]/span' in '5' second(s)

2023-11-24 15:02:26 - [MESSAGE][INFO] - Clicking on object: 'Object Repository/Page_MotifDeLaDemande_Usager/CheckBox_ActivitesSoumisesAutorisationExercice_Non'

2023-11-24 15:02:28 - [MESSAGE][PASSED] - Object: 'Object Repository/Page_MotifDeLaDemande_Usager/CheckBox_ActivitesSoumisesAutorisationExercice_Non' is clicked on

2023-11-24 15:02:28 - [TEST_STEP][PASSED] - setText(findTestObject("Object Repository/Page_MotifDeLaDemande_Usager/input_FonctionExerceeDansLaSociete"), "FonctionExerceeDansLaSociete"): Text 'FonctionExerceeDansLaSociete' is set on object 'Object Repository/Page_MotifDeLaDemande_Usager/input_FonctionExerceeDansLaSociete'

2023-11-24 15:02:28 - [MESSAGE][INFO] - Finding Test Object 'Object Repository/Page_MotifDeLaDemande_Usager/input_FonctionExerceeDansLaSociete'

2023-11-24 15:02:28 - [MESSAGE][INFO] - Checking timeout

2023-11-24 15:02:28 - [MESSAGE][INFO] - Finding web element with id: 'Object Repository/Page_MotifDeLaDemande_Usager/input_FonctionExerceeDansLaSociete' located by 'By.xpath: //app-demande-ptinv//app-motif-sejour-ptinv//div/app-createur-entreprise//app-informations-relatives-entreprise-creee/div/div/div[6]/div/anef-input-text/div/div/div[1]/div/input' in '20' second(s)

2023-11-24 15:02:28 - [MESSAGE][INFO] - Smart Wait Function is triggered

2023-11-24 15:02:28 - [MESSAGE][INFO] - Found 1 web elements with id: 'Object Repository/Page_MotifDeLaDemande_Usager/input_FonctionExerceeDansLaSociete' located by 'By.xpath: //app-demande-ptinv//app-motif-sejour-ptinv//div/app-createur-entreprise//app-informations-relatives-entreprise-creee/div/div/div[6]/div/anef-input-text/div/div/div[1]/div/input' in '20' second(s)

2023-11-24 15:02:28 - [MESSAGE][INFO] - Checking object

2023-11-24 15:02:28 - [MESSAGE][INFO] - Checking text

2023-11-24 15:02:28 - [MESSAGE][INFO] - Finding web element from Test Object's properties

2023-11-24 15:02:28 - [MESSAGE][INFO] - Checking timeout

2023-11-24 15:02:28 - [MESSAGE][INFO] - Finding web element with id: 'Object Repository/Page_MotifDeLaDemande_Usager/input_FonctionExerceeDansLaSociete' located by 'By.xpath: //app-demande-ptinv//app-motif-sejour-ptinv//div/app-createur-entreprise//app-informations-relatives-entreprise-creee/div/div/div[6]/div/anef-input-text/div/div/div[1]/div/input' in '5' second(s)

2023-11-24 15:02:28 - [MESSAGE][INFO] - Smart Wait Function is triggered

2023-11-24 15:02:28 - [MESSAGE][INFO] - Found 1 web elements with id: 'Object Repository/Page_MotifDeLaDemande_Usager/input_FonctionExerceeDansLaSociete' located by 'By.xpath: //app-demande-ptinv//app-motif-sejour-ptinv//div/app-createur-entreprise//app-informations-relatives-entreprise-creee/div/div/div[6]/div/anef-input-text/div/div/div[1]/div/input' in '5' second(s)

2023-11-24 15:02:28 - [MESSAGE][INFO] - Clearing text of object 'Object Repository/Page_MotifDeLaDemande_Usager/input_FonctionExerceeDansLaSociete'

2023-11-24 15:02:30 - [MESSAGE][INFO] - Finding web element from Test Object's properties

2023-11-24 15:02:30 - [MESSAGE][INFO] - Checking timeout

2023-11-24 15:02:30 - [MESSAGE][INFO] - Finding web element with id: 'Object Repository/Page_MotifDeLaDemande_Usager/input_FonctionExerceeDansLaSociete' located by 'By.xpath: //app-demande-ptinv//app-motif-sejour-ptinv//div/app-createur-entreprise//app-informations-relatives-entreprise-creee/div/div/div[6]/div/anef-input-text/div/div/div[1]/div/input' in '5' second(s)

2023-11-24 15:02:30 - [MESSAGE][INFO] - Smart Wait Function is triggered

2023-11-24 15:02:30 - [MESSAGE][INFO] - Found 1 web elements with id: 'Object Repository/Page_MotifDeLaDemande_Usager/input_FonctionExerceeDansLaSociete' located by 'By.xpath: //app-demande-ptinv//app-motif-sejour-ptinv//div/app-createur-entreprise//app-informations-relatives-entreprise-creee/div/div/div[6]/div/anef-input-text/div/div/div[1]/div/input' in '5' second(s)

2023-11-24 15:02:30 - [MESSAGE][INFO] - Setting text of object 'Object Repository/Page_MotifDeLaDemande_Usager/input_FonctionExerceeDansLaSociete' to value 'FonctionExerceeDansLaSociete'

2023-11-24 15:02:34 - [MESSAGE][PASSED] - Text 'FonctionExerceeDansLaSociete' is set on object 'Object Repository/Page_MotifDeLaDemande_Usager/input_FonctionExerceeDansLaSociete'

2023-11-24 15:02:34 - [TEST_STEP][PASSED] - click(findTestObject("Object Repository/Page_MotifDeLaDemande_Usager/CheckBox_MandateParSocieteAEtranger_Non")): Object: 'Object Repository/Page_MotifDeLaDemande_Usager/CheckBox_MandateParSocieteAEtranger_Non' is clicked on

2023-11-24 15:02:34 - [MESSAGE][INFO] - Finding Test Object 'Object Repository/Page_MotifDeLaDemande_Usager/CheckBox_MandateParSocieteAEtranger_Non'

2023-11-24 15:02:34 - [MESSAGE][INFO] - Checking timeout

2023-11-24 15:02:34 - [MESSAGE][INFO] - Finding web element with id: 'Object Repository/Page_MotifDeLaDemande_Usager/CheckBox_MandateParSocieteAEtranger_Non' located by 'By.xpath: //app-createur-entreprise//app-informations-relatives-entreprise-creee/div/div/div[7]/div/anef-input-radio/div/div/fieldset/div/div[2]/p-radiobutton/div/div[2]/span' in '20' second(s)

2023-11-24 15:02:34 - [MESSAGE][INFO] - Smart Wait Function is triggered

2023-11-24 15:02:34 - [MESSAGE][INFO] - Found 1 web elements with id: 'Object Repository/Page_MotifDeLaDemande_Usager/CheckBox_MandateParSocieteAEtranger_Non' located by 'By.xpath: //app-createur-entreprise//app-informations-relatives-entreprise-creee/div/div/div[7]/div/anef-input-radio/div/div/fieldset/div/div[2]/p-radiobutton/div/div[2]/span' in '20' second(s)

2023-11-24 15:02:34 - [MESSAGE][INFO] - Checking object

2023-11-24 15:02:34 - [MESSAGE][INFO] - Checking timeout

2023-11-24 15:02:34 - [MESSAGE][INFO] - Finding web element from Test Object's properties

2023-11-24 15:02:34 - [MESSAGE][INFO] - Checking timeout

2023-11-24 15:02:34 - [MESSAGE][INFO] - Finding web element with id: 'Object Repository/Page_MotifDeLaDemande_Usager/CheckBox_MandateParSocieteAEtranger_Non' located by 'By.xpath: //app-createur-entreprise//app-informations-relatives-entreprise-creee/div/div/div[7]/div/anef-input-radio/div/div/fieldset/div/div[2]/p-radiobutton/div/div[2]/span' in '5' second(s)

2023-11-24 15:02:34 - [MESSAGE][INFO] - Smart Wait Function is triggered

2023-11-24 15:02:34 - [MESSAGE][INFO] - Found 1 web elements with id: 'Object Repository/Page_MotifDeLaDemande_Usager/CheckBox_MandateParSocieteAEtranger_Non' located by 'By.xpath: //app-createur-entreprise//app-informations-relatives-entreprise-creee/div/div/div[7]/div/anef-input-radio/div/div/fieldset/div/div[2]/p-radiobutton/div/div[2]/span' in '5' second(s)

2023-11-24 15:02:34 - [MESSAGE][INFO] - Clicking on object: 'Object Repository/Page_MotifDeLaDemande_Usager/CheckBox_MandateParSocieteAEtranger_Non'

2023-11-24 15:02:36 - [MESSAGE][PASSED] - Object: 'Object Repository/Page_MotifDeLaDemande_Usager/CheckBox_MandateParSocieteAEtranger_Non' is clicked on

2023-11-24 15:02:36 - [TEST_STEP][PASSED] - "MOYENS FINANCIERS Ã DESTINATION DE L'ENTREPRISE CRÃÃE": null

2023-11-24 15:02:36 - [TEST_STEP][PASSED] - setText(findTestObject("Object Repository/Page_MotifDeLaDemande_Usager/input_NombreDeComptes"), "1"): Text '1' is set on object 'Object Repository/Page_MotifDeLaDemande_Usager/input_NombreDeComptes'

2023-11-24 15:02:36 - [MESSAGE][INFO] - Finding Test Object 'Object Repository/Page_MotifDeLaDemande_Usager/input_NombreDeComptes'

2023-11-24 15:02:36 - [MESSAGE][INFO] - Checking timeout

2023-11-24 15:02:36 - [MESSAGE][INFO] - Finding web element with id: 'Object Repository/Page_MotifDeLaDemande_Usager/input_NombreDeComptes' located by 'By.xpath: //app-demande-ptinv//app-motif-sejour-ptinv//app-createur-entreprise//app-indent-wrapper/app-moyens-financiers/div[2]/div/anef-repeat-form/div/div/div[1]/div[1]/anef-input-text/div/div/div[1]/div/input' in '20' second(s)

2023-11-24 15:02:36 - [MESSAGE][INFO] - Smart Wait Function is triggered

2023-11-24 15:02:36 - [MESSAGE][INFO] - Found 1 web elements with id: 'Object Repository/Page_MotifDeLaDemande_Usager/input_NombreDeComptes' located by 'By.xpath: //app-demande-ptinv//app-motif-sejour-ptinv//app-createur-entreprise//app-indent-wrapper/app-moyens-financiers/div[2]/div/anef-repeat-form/div/div/div[1]/div[1]/anef-input-text/div/div/div[1]/div/input' in '20' second(s)

2023-11-24 15:02:36 - [MESSAGE][INFO] - Checking object

2023-11-24 15:02:36 - [MESSAGE][INFO] - Checking text

2023-11-24 15:02:36 - [MESSAGE][INFO] - Finding web element from Test Object's properties

2023-11-24 15:02:36 - [MESSAGE][INFO] - Checking timeout

2023-11-24 15:02:36 - [MESSAGE][INFO] - Finding web element with id: 'Object Repository/Page_MotifDeLaDemande_Usager/input_NombreDeComptes' located by 'By.xpath: //app-demande-ptinv//app-motif-sejour-ptinv//app-createur-entreprise//app-indent-wrapper/app-moyens-financiers/div[2]/div/anef-repeat-form/div/div/div[1]/div[1]/anef-input-text/div/div/div[1]/div/input' in '5' second(s)

2023-11-24 15:02:36 - [MESSAGE][INFO] - Smart Wait Function is triggered

2023-11-24 15:02:36 - [MESSAGE][INFO] - Found 1 web elements with id: 'Object Repository/Page_MotifDeLaDemande_Usager/input_NombreDeComptes' located by 'By.xpath: //app-demande-ptinv//app-motif-sejour-ptinv//app-createur-entreprise//app-indent-wrapper/app-moyens-financiers/div[2]/div/anef-repeat-form/div/div/div[1]/div[1]/anef-input-text/div/div/div[1]/div/input' in '5' second(s)

2023-11-24 15:02:36 - [MESSAGE][INFO] - Clearing text of object 'Object Repository/Page_MotifDeLaDemande_Usager/input_NombreDeComptes'

2023-11-24 15:02:38 - [MESSAGE][INFO] - Finding web element from Test Object's properties

2023-11-24 15:02:38 - [MESSAGE][INFO] - Checking timeout

2023-11-24 15:02:38 - [MESSAGE][INFO] - Finding web element with id: 'Object Repository/Page_MotifDeLaDemande_Usager/input_NombreDeComptes' located by 'By.xpath: //app-demande-ptinv//app-motif-sejour-ptinv//app-createur-entreprise//app-indent-wrapper/app-moyens-financiers/div[2]/div/anef-repeat-form/div/div/div[1]/div[1]/anef-input-text/div/div/div[1]/div/input' in '5' second(s)

2023-11-24 15:02:38 - [MESSAGE][INFO] - Smart Wait Function is triggered

2023-11-24 15:02:38 - [MESSAGE][INFO] - Found 1 web elements with id: 'Object Repository/Page_MotifDeLaDemande_Usager/input_NombreDeComptes' located by 'By.xpath: //app-demande-ptinv//app-motif-sejour-ptinv//app-createur-entreprise//app-indent-wrapper/app-moyens-financiers/div[2]/div/anef-repeat-form/div/div/div[1]/div[1]/anef-input-text/div/div/div[1]/div/input' in '5' second(s)

2023-11-24 15:02:38 - [MESSAGE][INFO] - Setting text of object 'Object Repository/Page_MotifDeLaDemande_Usager/input_NombreDeComptes' to value '1'

2023-11-24 15:02:40 - [MESSAGE][PASSED] - Text '1' is set on object 'Object Repository/Page_MotifDeLaDemande_Usager/input_NombreDeComptes'

2023-11-24 15:02:40 - [TEST_STEP][PASSED] - click(findTestObject("Object Repository/Page_MotifDeLaDemande_Usager/btn_confirmerNombreDeComptes")): Object: 'Object Repository/Page_MotifDeLaDemande_Usager/btn_confirmerNombreDeComptes' is clicked on

2023-11-24 15:02:40 - [MESSAGE][INFO] - Finding Test Object 'Object Repository/Page_MotifDeLaDemande_Usager/btn_confirmerNombreDeComptes'

2023-11-24 15:02:40 - [MESSAGE][INFO] - Checking timeout

2023-11-24 15:02:40 - [MESSAGE][INFO] - Finding web element with id: 'Object Repository/Page_MotifDeLaDemande_Usager/btn_confirmerNombreDeComptes' located by 'By.xpath: //app-createur-entreprise//app-moyens-financiers/div[2]/div/anef-repeat-form/div/div/div[2]/button/span' in '20' second(s)

2023-11-24 15:02:40 - [MESSAGE][INFO] - Smart Wait Function is triggered

2023-11-24 15:02:40 - [MESSAGE][INFO] - Found 1 web elements with id: 'Object Repository/Page_MotifDeLaDemande_Usager/btn_confirmerNombreDeComptes' located by 'By.xpath: //app-createur-entreprise//app-moyens-financiers/div[2]/div/anef-repeat-form/div/div/div[2]/button/span' in '20' second(s)

2023-11-24 15:02:40 - [MESSAGE][INFO] - Checking object

2023-11-24 15:02:40 - [MESSAGE][INFO] - Checking timeout

2023-11-24 15:02:40 - [MESSAGE][INFO] - Finding web element from Test Object's properties

2023-11-24 15:02:40 - [MESSAGE][INFO] - Checking timeout

2023-11-24 15:02:40 - [MESSAGE][INFO] - Finding web element with id: 'Object Repository/Page_MotifDeLaDemande_Usager/btn_confirmerNombreDeComptes' located by 'By.xpath: //app-createur-entreprise//app-moyens-financiers/div[2]/div/anef-repeat-form/div/div/div[2]/button/span' in '5' second(s)

2023-11-24 15:02:40 - [MESSAGE][INFO] - Smart Wait Function is triggered

2023-11-24 15:02:40 - [MESSAGE][INFO] - Found 1 web elements with id: 'Object Repository/Page_MotifDeLaDemande_Usager/btn_confirmerNombreDeComptes' located by 'By.xpath: //app-createur-entreprise//app-moyens-financiers/div[2]/div/anef-repeat-form/div/div/div[2]/button/span' in '5' second(s)

2023-11-24 15:02:40 - [MESSAGE][INFO] - Clicking on object: 'Object Repository/Page_MotifDeLaDemande_Usager/btn_confirmerNombreDeComptes'

2023-11-24 15:02:42 - [MESSAGE][PASSED] - Object: 'Object Repository/Page_MotifDeLaDemande_Usager/btn_confirmerNombreDeComptes' is clicked on

2023-11-24 15:02:42 - [TEST_STEP][PASSED] - "Informations sur le compte": null

2023-11-24 15:02:42 - [TEST_STEP][PASSED] - click(findTestObject("Object Repository/Page_MotifDeLaDemande_Usager/select_NatureDuDepot")): Object: 'Object Repository/Page_MotifDeLaDemande_Usager/select_NatureDuDepot' is clicked on

2023-11-24 15:02:42 - [MESSAGE][INFO] - Finding Test Object 'Object Repository/Page_MotifDeLaDemande_Usager/select_NatureDuDepot'

2023-11-24 15:02:43 - [MESSAGE][INFO] - Checking timeout

2023-11-24 15:02:43 - [MESSAGE][INFO] - Finding web element with id: 'Object Repository/Page_MotifDeLaDemande_Usager/select_NatureDuDepot' located by 'By.xpath: //*[@id="NATURE_DEPOT0"]/div/div[4]/span' in '20' second(s)

2023-11-24 15:02:43 - [MESSAGE][INFO] - Smart Wait Function is triggered

2023-11-24 15:02:43 - [MESSAGE][INFO] - Found 1 web elements with id: 'Object Repository/Page_MotifDeLaDemande_Usager/select_NatureDuDepot' located by 'By.xpath: //*[@id="NATURE_DEPOT0"]/div/div[4]/span' in '20' second(s)

2023-11-24 15:02:43 - [MESSAGE][INFO] - Checking object

2023-11-24 15:02:43 - [MESSAGE][INFO] - Checking timeout

2023-11-24 15:02:43 - [MESSAGE][INFO] - Finding web element from Test Object's properties

2023-11-24 15:02:43 - [MESSAGE][INFO] - Checking timeout

2023-11-24 15:02:43 - [MESSAGE][INFO] - Finding web element with id: 'Object Repository/Page_MotifDeLaDemande_Usager/select_NatureDuDepot' located by 'By.xpath: //*[@id="NATURE_DEPOT0"]/div/div[4]/span' in '5' second(s)

2023-11-24 15:02:43 - [MESSAGE][INFO] - Smart Wait Function is triggered

2023-11-24 15:02:43 - [MESSAGE][INFO] - Found 1 web elements with id: 'Object Repository/Page_MotifDeLaDemande_Usager/select_NatureDuDepot' located by 'By.xpath: //*[@id="NATURE_DEPOT0"]/div/div[4]/span' in '5' second(s)

2023-11-24 15:02:43 - [MESSAGE][INFO] - Clicking on object: 'Object Repository/Page_MotifDeLaDemande_Usager/select_NatureDuDepot'

2023-11-24 15:02:45 - [MESSAGE][PASSED] - Object: 'Object Repository/Page_MotifDeLaDemande_Usager/select_NatureDuDepot' is clicked on

2023-11-24 15:02:45 - [TEST_STEP][PASSED] - click(findTestObject("Object Repository/Page_MotifDeLaDemande_Usager/select_Value_NatureDuDepot")): Object: 'Object Repository/Page_MotifDeLaDemande_Usager/select_Value_NatureDuDepot' is clicked on

2023-11-24 15:02:45 - [MESSAGE][INFO] - Finding Test Object 'Object Repository/Page_MotifDeLaDemande_Usager/select_Value_NatureDuDepot'

2023-11-24 15:02:45 - [MESSAGE][INFO] - Checking timeout

2023-11-24 15:02:45 - [MESSAGE][INFO] - Finding web element with id: 'Object Repository/Page_MotifDeLaDemande_Usager/select_Value_NatureDuDepot' located by 'By.xpath: //*[@id="NATURE_DEPOT0"]/div/div[5]/div/ul/p-dropdownitem[2]/li/span' in '20' second(s)

2023-11-24 15:02:45 - [MESSAGE][INFO] - Smart Wait Function is triggered

2023-11-24 15:02:45 - [MESSAGE][INFO] - Found 1 web elements with id: 'Object Repository/Page_MotifDeLaDemande_Usager/select_Value_NatureDuDepot' located by 'By.xpath: //*[@id="NATURE_DEPOT0"]/div/div[5]/div/ul/p-dropdownitem[2]/li/span' in '20' second(s)

2023-11-24 15:02:45 - [MESSAGE][INFO] - Checking object

2023-11-24 15:02:45 - [MESSAGE][INFO] - Checking timeout

2023-11-24 15:02:45 - [MESSAGE][INFO] - Finding web element from Test Object's properties

2023-11-24 15:02:45 - [MESSAGE][INFO] - Checking timeout

2023-11-24 15:02:45 - [MESSAGE][INFO] - Finding web element with id: 'Object Repository/Page_MotifDeLaDemande_Usager/select_Value_NatureDuDepot' located by 'By.xpath: //*[@id="NATURE_DEPOT0"]/div/div[5]/div/ul/p-dropdownitem[2]/li/span' in '5' second(s)

2023-11-24 15:02:45 - [MESSAGE][INFO] - Smart Wait Function is triggered

2023-11-24 15:02:45 - [MESSAGE][INFO] - Found 1 web elements with id: 'Object Repository/Page_MotifDeLaDemande_Usager/select_Value_NatureDuDepot' located by 'By.xpath: //*[@id="NATURE_DEPOT0"]/div/div[5]/div/ul/p-dropdownitem[2]/li/span' in '5' second(s)

2023-11-24 15:02:45 - [MESSAGE][INFO] - Clicking on object: 'Object Repository/Page_MotifDeLaDemande_Usager/select_Value_NatureDuDepot'

2023-11-24 15:02:47 - [MESSAGE][PASSED] - Object: 'Object Repository/Page_MotifDeLaDemande_Usager/select_Value_NatureDuDepot' is clicked on

2023-11-24 15:02:47 - [TEST_STEP][PASSED] - setText(findTestObject("Object Repository/Page_MotifDeLaDemande_Usager/input_Montant"), "300000"): Text '300000' is set on object 'Object Repository/Page_MotifDeLaDemande_Usager/input_Montant'

2023-11-24 15:02:47 - [MESSAGE][INFO] - Finding Test Object 'Object Repository/Page_MotifDeLaDemande_Usager/input_Montant'

2023-11-24 15:02:47 - [MESSAGE][INFO] - Checking timeout

2023-11-24 15:02:47 - [MESSAGE][INFO] - Finding web element with id: 'Object Repository/Page_MotifDeLaDemande_Usager/input_Montant' located by 'By.xpath: //app-demande-ptinv//app-motif-sejour-ptinv//app-createur-entreprise//app-moyens-financiers/div[2]/div/anef-repeat-form/div/div[2]/fieldset/app-moyens-financiers-compte/fieldset/div[2]/div/anef-input-text/div/div/div[1]/div/input' in '20' second(s)

2023-11-24 15:02:47 - [MESSAGE][INFO] - Smart Wait Function is triggered

2023-11-24 15:02:47 - [MESSAGE][INFO] - Found 1 web elements with id: 'Object Repository/Page_MotifDeLaDemande_Usager/input_Montant' located by 'By.xpath: //app-demande-ptinv//app-motif-sejour-ptinv//app-createur-entreprise//app-moyens-financiers/div[2]/div/anef-repeat-form/div/div[2]/fieldset/app-moyens-financiers-compte/fieldset/div[2]/div/anef-input-text/div/div/div[1]/div/input' in '20' second(s)

2023-11-24 15:02:47 - [MESSAGE][INFO] - Checking object

2023-11-24 15:02:47 - [MESSAGE][INFO] - Checking text

2023-11-24 15:02:47 - [MESSAGE][INFO] - Finding web element from Test Object's properties

2023-11-24 15:02:47 - [MESSAGE][INFO] - Checking timeout

2023-11-24 15:02:47 - [MESSAGE][INFO] - Finding web element with id: 'Object Repository/Page_MotifDeLaDemande_Usager/input_Montant' located by 'By.xpath: //app-demande-ptinv//app-motif-sejour-ptinv//app-createur-entreprise//app-moyens-financiers/div[2]/div/anef-repeat-form/div/div[2]/fieldset/app-moyens-financiers-compte/fieldset/div[2]/div/anef-input-text/div/div/div[1]/div/input' in '5' second(s)

2023-11-24 15:02:47 - [MESSAGE][INFO] - Smart Wait Function is triggered

2023-11-24 15:02:47 - [MESSAGE][INFO] - Found 1 web elements with id: 'Object Repository/Page_MotifDeLaDemande_Usager/input_Montant' located by 'By.xpath: //app-demande-ptinv//app-motif-sejour-ptinv//app-createur-entreprise//app-moyens-financiers/div[2]/div/anef-repeat-form/div/div[2]/fieldset/app-moyens-financiers-compte/fieldset/div[2]/div/anef-input-text/div/div/div[1]/div/input' in '5' second(s)

2023-11-24 15:02:47 - [MESSAGE][INFO] - Clearing text of object 'Object Repository/Page_MotifDeLaDemande_Usager/input_Montant'

2023-11-24 15:02:49 - [MESSAGE][INFO] - Finding web element from Test Object's properties

2023-11-24 15:02:49 - [MESSAGE][INFO] - Checking timeout

2023-11-24 15:02:49 - [MESSAGE][INFO] - Finding web element with id: 'Object Repository/Page_MotifDeLaDemande_Usager/input_Montant' located by 'By.xpath: //app-demande-ptinv//app-motif-sejour-ptinv//app-createur-entreprise//app-moyens-financiers/div[2]/div/anef-repeat-form/div/div[2]/fieldset/app-moyens-financiers-compte/fieldset/div[2]/div/anef-input-text/div/div/div[1]/div/input' in '5' second(s)

2023-11-24 15:02:49 - [MESSAGE][INFO] - Smart Wait Function is triggered

2023-11-24 15:02:49 - [MESSAGE][INFO] - Found 1 web elements with id: 'Object Repository/Page_MotifDeLaDemande_Usager/input_Montant' located by 'By.xpath: //app-demande-ptinv//app-motif-sejour-ptinv//app-createur-entreprise//app-moyens-financiers/div[2]/div/anef-repeat-form/div/div[2]/fieldset/app-moyens-financiers-compte/fieldset/div[2]/div/anef-input-text/div/div/div[1]/div/input' in '5' second(s)

2023-11-24 15:02:49 - [MESSAGE][INFO] - Setting text of object 'Object Repository/Page_MotifDeLaDemande_Usager/input_Montant' to value '300000'

2023-11-24 15:02:52 - [MESSAGE][PASSED] - Text '300000' is set on object 'Object Repository/Page_MotifDeLaDemande_Usager/input_Montant'

2023-11-24 15:02:52 - [TEST_STEP][PASSED] - setText(findTestObject("Object Repository/Page_MotifDeLaDemande_Usager/input_DenominationDeOrganismetenantCompte"), "DenominationDeOrganismetenantCompte"): Text 'DenominationDeOrganismetenantCompte' is set on object 'Object Repository/Page_MotifDeLaDemande_Usager/input_DenominationDeOrganismetenantCompte'

2023-11-24 15:02:52 - [MESSAGE][INFO] - Finding Test Object 'Object Repository/Page_MotifDeLaDemande_Usager/input_DenominationDeOrganismetenantCompte'

2023-11-24 15:02:52 - [MESSAGE][INFO] - Checking timeout

2023-11-24 15:02:52 - [MESSAGE][INFO] - Finding web element with id: 'Object Repository/Page_MotifDeLaDemande_Usager/input_DenominationDeOrganismetenantCompte' located by 'By.xpath: //app-motif-sejour-ptinv//app-createur-entreprise//app-moyens-financiers/div[2]/div/anef-repeat-form/div/div[2]/fieldset/app-moyens-financiers-compte/fieldset/div[3]/div/anef-input-text/div/div/div[1]/div/input' in '20' second(s)

2023-11-24 15:02:52 - [MESSAGE][INFO] - Smart Wait Function is triggered

2023-11-24 15:02:52 - [MESSAGE][INFO] - Found 1 web elements with id: 'Object Repository/Page_MotifDeLaDemande_Usager/input_DenominationDeOrganismetenantCompte' located by 'By.xpath: //app-motif-sejour-ptinv//app-createur-entreprise//app-moyens-financiers/div[2]/div/anef-repeat-form/div/div[2]/fieldset/app-moyens-financiers-compte/fieldset/div[3]/div/anef-input-text/div/div/div[1]/div/input' in '20' second(s)

2023-11-24 15:02:52 - [MESSAGE][INFO] - Checking object

2023-11-24 15:02:52 - [MESSAGE][INFO] - Checking text

2023-11-24 15:02:52 - [MESSAGE][INFO] - Finding web element from Test Object's properties

2023-11-24 15:02:52 - [MESSAGE][INFO] - Checking timeout

2023-11-24 15:02:52 - [MESSAGE][INFO] - Finding web element with id: 'Object Repository/Page_MotifDeLaDemande_Usager/input_DenominationDeOrganismetenantCompte' located by 'By.xpath: //app-motif-sejour-ptinv//app-createur-entreprise//app-moyens-financiers/div[2]/div/anef-repeat-form/div/div[2]/fieldset/app-moyens-financiers-compte/fieldset/div[3]/div/anef-input-text/div/div/div[1]/div/input' in '5' second(s)

2023-11-24 15:02:52 - [MESSAGE][INFO] - Smart Wait Function is triggered

2023-11-24 15:02:52 - [MESSAGE][INFO] - Found 1 web elements with id: 'Object Repository/Page_MotifDeLaDemande_Usager/input_DenominationDeOrganismetenantCompte' located by 'By.xpath: //app-motif-sejour-ptinv//app-createur-entreprise//app-moyens-financiers/div[2]/div/anef-repeat-form/div/div[2]/fieldset/app-moyens-financiers-compte/fieldset/div[3]/div/anef-input-text/div/div/div[1]/div/input' in '5' second(s)

2023-11-24 15:02:52 - [MESSAGE][INFO] - Clearing text of object 'Object Repository/Page_MotifDeLaDemande_Usager/input_DenominationDeOrganismetenantCompte'

2023-11-24 15:02:54 - [MESSAGE][INFO] - Finding web element from Test Object's properties

2023-11-24 15:02:54 - [MESSAGE][INFO] - Checking timeout

2023-11-24 15:02:54 - [MESSAGE][INFO] - Finding web element with id: 'Object Repository/Page_MotifDeLaDemande_Usager/input_DenominationDeOrganismetenantCompte' located by 'By.xpath: //app-motif-sejour-ptinv//app-createur-entreprise//app-moyens-financiers/div[2]/div/anef-repeat-form/div/div[2]/fieldset/app-moyens-financiers-compte/fieldset/div[3]/div/anef-input-text/div/div/div[1]/div/input' in '5' second(s)

2023-11-24 15:02:54 - [MESSAGE][INFO] - Smart Wait Function is triggered

2023-11-24 15:02:54 - [MESSAGE][INFO] - Found 1 web elements with id: 'Object Repository/Page_MotifDeLaDemande_Usager/input_DenominationDeOrganismetenantCompte' located by 'By.xpath: //app-motif-sejour-ptinv//app-createur-entreprise//app-moyens-financiers/div[2]/div/anef-repeat-form/div/div[2]/fieldset/app-moyens-financiers-compte/fieldset/div[3]/div/anef-input-text/div/div/div[1]/div/input' in '5' second(s)

2023-11-24 15:02:54 - [MESSAGE][INFO] - Setting text of object 'Object Repository/Page_MotifDeLaDemande_Usager/input_DenominationDeOrganismetenantCompte' to value 'DenominationDeOrganismetenantCompte'

2023-11-24 15:02:58 - [MESSAGE][PASSED] - Text 'DenominationDeOrganismetenantCompte' is set on object 'Object Repository/Page_MotifDeLaDemande_Usager/input_DenominationDeOrganismetenantCompte'

2023-11-24 15:02:58 - [TEST_STEP][PASSED] - setText(findTestObject("Object Repository/Page_MotifDeLaDemande_Usager/input_AdresseOrganismeTenantCompte"), "AdresseOrganismeTenantCompte"): Text 'AdresseOrganismeTenantCompte' is set on object 'Object Repository/Page_MotifDeLaDemande_Usager/input_AdresseOrganismeTenantCompte'

2023-11-24 15:02:58 - [MESSAGE][INFO] - Finding Test Object 'Object Repository/Page_MotifDeLaDemande_Usager/input_AdresseOrganismeTenantCompte'

2023-11-24 15:02:58 - [MESSAGE][INFO] - Checking timeout

2023-11-24 15:02:58 - [MESSAGE][INFO] - Finding web element with id: 'Object Repository/Page_MotifDeLaDemande_Usager/input_AdresseOrganismeTenantCompte' located by 'By.xpath: //app-motif-sejour-ptinv//app-createur-entreprise//app-indent-wrapper/app-moyens-financiers/div[2]/div/anef-repeat-form/div/div[2]/fieldset/app-moyens-financiers-compte/fieldset/div[4]/div/anef-input-text/div/div/div[1]/div/input' in '20' second(s)

2023-11-24 15:02:58 - [MESSAGE][INFO] - Smart Wait Function is triggered

2023-11-24 15:02:58 - [MESSAGE][INFO] - Found 1 web elements with id: 'Object Repository/Page_MotifDeLaDemande_Usager/input_AdresseOrganismeTenantCompte' located by 'By.xpath: //app-motif-sejour-ptinv//app-createur-entreprise//app-indent-wrapper/app-moyens-financiers/div[2]/div/anef-repeat-form/div/div[2]/fieldset/app-moyens-financiers-compte/fieldset/div[4]/div/anef-input-text/div/div/div[1]/div/input' in '20' second(s)

2023-11-24 15:02:58 - [MESSAGE][INFO] - Checking object

2023-11-24 15:02:58 - [MESSAGE][INFO] - Checking text

2023-11-24 15:02:58 - [MESSAGE][INFO] - Finding web element from Test Object's properties

2023-11-24 15:02:58 - [MESSAGE][INFO] - Checking timeout

2023-11-24 15:02:58 - [MESSAGE][INFO] - Finding web element with id: 'Object Repository/Page_MotifDeLaDemande_Usager/input_AdresseOrganismeTenantCompte' located by 'By.xpath: //app-motif-sejour-ptinv//app-createur-entreprise//app-indent-wrapper/app-moyens-financiers/div[2]/div/anef-repeat-form/div/div[2]/fieldset/app-moyens-financiers-compte/fieldset/div[4]/div/anef-input-text/div/div/div[1]/div/input' in '5' second(s)

2023-11-24 15:02:58 - [MESSAGE][INFO] - Smart Wait Function is triggered

2023-11-24 15:02:58 - [MESSAGE][INFO] - Found 1 web elements with id: 'Object Repository/Page_MotifDeLaDemande_Usager/input_AdresseOrganismeTenantCompte' located by 'By.xpath: //app-motif-sejour-ptinv//app-createur-entreprise//app-indent-wrapper/app-moyens-financiers/div[2]/div/anef-repeat-form/div/div[2]/fieldset/app-moyens-financiers-compte/fieldset/div[4]/div/anef-input-text/div/div/div[1]/div/input' in '5' second(s)

2023-11-24 15:02:58 - [MESSAGE][INFO] - Clearing text of object 'Object Repository/Page_MotifDeLaDemande_Usager/input_AdresseOrganismeTenantCompte'

2023-11-24 15:03:00 - [MESSAGE][INFO] - Finding web element from Test Object's properties

2023-11-24 15:03:00 - [MESSAGE][INFO] - Checking timeout

2023-11-24 15:03:00 - [MESSAGE][INFO] - Finding web element with id: 'Object Repository/Page_MotifDeLaDemande_Usager/input_AdresseOrganismeTenantCompte' located by 'By.xpath: //app-motif-sejour-ptinv//app-createur-entreprise//app-indent-wrapper/app-moyens-financiers/div[2]/div/anef-repeat-form/div/div[2]/fieldset/app-moyens-financiers-compte/fieldset/div[4]/div/anef-input-text/div/div/div[1]/div/input' in '5' second(s)

2023-11-24 15:03:00 - [MESSAGE][INFO] - Smart Wait Function is triggered

2023-11-24 15:03:00 - [MESSAGE][INFO] - Found 1 web elements with id: 'Object Repository/Page_MotifDeLaDemande_Usager/input_AdresseOrganismeTenantCompte' located by 'By.xpath: //app-motif-sejour-ptinv//app-createur-entreprise//app-indent-wrapper/app-moyens-financiers/div[2]/div/anef-repeat-form/div/div[2]/fieldset/app-moyens-financiers-compte/fieldset/div[4]/div/anef-input-text/div/div/div[1]/div/input' in '5' second(s)

2023-11-24 15:03:00 - [MESSAGE][INFO] - Setting text of object 'Object Repository/Page_MotifDeLaDemande_Usager/input_AdresseOrganismeTenantCompte' to value 'AdresseOrganismeTenantCompte'

2023-11-24 15:03:04 - [MESSAGE][PASSED] - Text 'AdresseOrganismeTenantCompte' is set on object 'Object Repository/Page_MotifDeLaDemande_Usager/input_AdresseOrganismeTenantCompte'

2023-11-24 15:03:04 - [TEST_STEP][PASSED] - setText(findTestObject("Object Repository/Page_MotifDeLaDemande_Usager/input_NumeroDuCompte"), "NumeroDuCompte"): Text 'NumeroDuCompte' is set on object 'Object Repository/Page_MotifDeLaDemande_Usager/input_NumeroDuCompte'

2023-11-24 15:03:04 - [MESSAGE][INFO] - Finding Test Object 'Object Repository/Page_MotifDeLaDemande_Usager/input_NumeroDuCompte'

2023-11-24 15:03:04 - [MESSAGE][INFO] - Checking timeout

2023-11-24 15:03:04 - [MESSAGE][INFO] - Finding web element with id: 'Object Repository/Page_MotifDeLaDemande_Usager/input_NumeroDuCompte' located by 'By.xpath: //app-motif-sejour-ptinv//app-createur-entreprise//app-indent-wrapper/app-moyens-financiers/div[2]/div/anef-repeat-form/div/div[2]/fieldset/app-moyens-financiers-compte/fieldset/div[5]/div/anef-input-text/div/div/div[1]/div/input' in '20' second(s)

2023-11-24 15:03:04 - [MESSAGE][INFO] - Smart Wait Function is triggered

2023-11-24 15:03:04 - [MESSAGE][INFO] - Found 1 web elements with id: 'Object Repository/Page_MotifDeLaDemande_Usager/input_NumeroDuCompte' located by 'By.xpath: //app-motif-sejour-ptinv//app-createur-entreprise//app-indent-wrapper/app-moyens-financiers/div[2]/div/anef-repeat-form/div/div[2]/fieldset/app-moyens-financiers-compte/fieldset/div[5]/div/anef-input-text/div/div/div[1]/div/input' in '20' second(s)

2023-11-24 15:03:04 - [MESSAGE][INFO] - Checking object

2023-11-24 15:03:04 - [MESSAGE][INFO] - Checking text

2023-11-24 15:03:04 - [MESSAGE][INFO] - Finding web element from Test Object's properties

2023-11-24 15:03:04 - [MESSAGE][INFO] - Checking timeout

2023-11-24 15:03:04 - [MESSAGE][INFO] - Finding web element with id: 'Object Repository/Page_MotifDeLaDemande_Usager/input_NumeroDuCompte' located by 'By.xpath: //app-motif-sejour-ptinv//app-createur-entreprise//app-indent-wrapper/app-moyens-financiers/div[2]/div/anef-repeat-form/div/div[2]/fieldset/app-moyens-financiers-compte/fieldset/div[5]/div/anef-input-text/div/div/div[1]/div/input' in '5' second(s)

2023-11-24 15:03:04 - [MESSAGE][INFO] - Smart Wait Function is triggered

2023-11-24 15:03:04 - [MESSAGE][INFO] - Found 1 web elements with id: 'Object Repository/Page_MotifDeLaDemande_Usager/input_NumeroDuCompte' located by 'By.xpath: //app-motif-sejour-ptinv//app-createur-entreprise//app-indent-wrapper/app-moyens-financiers/div[2]/div/anef-repeat-form/div/div[2]/fieldset/app-moyens-financiers-compte/fieldset/div[5]/div/anef-input-text/div/div/div[1]/div/input' in '5' second(s)

2023-11-24 15:03:04 - [MESSAGE][INFO] - Clearing text of object 'Object Repository/Page_MotifDeLaDemande_Usager/input_NumeroDuCompte'

2023-11-24 15:03:06 - [MESSAGE][INFO] - Finding web element from Test Object's properties

2023-11-24 15:03:06 - [MESSAGE][INFO] - Checking timeout

2023-11-24 15:03:06 - [MESSAGE][INFO] - Finding web element with id: 'Object Repository/Page_MotifDeLaDemande_Usager/input_NumeroDuCompte' located by 'By.xpath: //app-motif-sejour-ptinv//app-createur-entreprise//app-indent-wrapper/app-moyens-financiers/div[2]/div/anef-repeat-form/div/div[2]/fieldset/app-moyens-financiers-compte/fieldset/div[5]/div/anef-input-text/div/div/div[1]/div/input' in '5' second(s)

2023-11-24 15:03:06 - [MESSAGE][INFO] - Smart Wait Function is triggered

2023-11-24 15:03:06 - [MESSAGE][INFO] - Found 1 web elements with id: 'Object Repository/Page_MotifDeLaDemande_Usager/input_NumeroDuCompte' located by 'By.xpath: //app-motif-sejour-ptinv//app-createur-entreprise//app-indent-wrapper/app-moyens-financiers/div[2]/div/anef-repeat-form/div/div[2]/fieldset/app-moyens-financiers-compte/fieldset/div[5]/div/anef-input-text/div/div/div[1]/div/input' in '5' second(s)

2023-11-24 15:03:06 - [MESSAGE][INFO] - Setting text of object 'Object Repository/Page_MotifDeLaDemande_Usager/input_NumeroDuCompte' to value 'NumeroDuCompte'

2023-11-24 15:03:09 - [MESSAGE][PASSED] - Text 'NumeroDuCompte' is set on object 'Object Repository/Page_MotifDeLaDemande_Usager/input_NumeroDuCompte'

2023-11-24 15:03:09 - [TEST_STEP][PASSED] - click(findTestObject("Object Repository/Page_MotifDeLaDemande_Usager/select_RESSOURCES")): Object: 'Object Repository/Page_MotifDeLaDemande_Usager/select_RESSOURCES' is clicked on

2023-11-24 15:03:09 - [MESSAGE][INFO] - Finding Test Object 'Object Repository/Page_MotifDeLaDemande_Usager/select_RESSOURCES'

2023-11-24 15:03:09 - [MESSAGE][INFO] - Checking timeout

2023-11-24 15:03:09 - [MESSAGE][INFO] - Finding web element with id: 'Object Repository/Page_MotifDeLaDemande_Usager/select_RESSOURCES' located by 'By.xpath: //*[@id="ORIGINE"]/div/div[4]/span' in '20' second(s)

2023-11-24 15:03:09 - [MESSAGE][INFO] - Smart Wait Function is triggered

2023-11-24 15:03:09 - [MESSAGE][INFO] - Found 1 web elements with id: 'Object Repository/Page_MotifDeLaDemande_Usager/select_RESSOURCES' located by 'By.xpath: //*[@id="ORIGINE"]/div/div[4]/span' in '20' second(s)

2023-11-24 15:03:09 - [MESSAGE][INFO] - Checking object

2023-11-24 15:03:09 - [MESSAGE][INFO] - Checking timeout

2023-11-24 15:03:09 - [MESSAGE][INFO] - Finding web element from Test Object's properties

2023-11-24 15:03:09 - [MESSAGE][INFO] - Checking timeout

2023-11-24 15:03:09 - [MESSAGE][INFO] - Finding web element with id: 'Object Repository/Page_MotifDeLaDemande_Usager/select_RESSOURCES' located by 'By.xpath: //*[@id="ORIGINE"]/div/div[4]/span' in '5' second(s)

2023-11-24 15:03:09 - [MESSAGE][INFO] - Smart Wait Function is triggered

2023-11-24 15:03:10 - [MESSAGE][INFO] - Found 1 web elements with id: 'Object Repository/Page_MotifDeLaDemande_Usager/select_RESSOURCES' located by 'By.xpath: //*[@id="ORIGINE"]/div/div[4]/span' in '5' second(s)

2023-11-24 15:03:10 - [MESSAGE][INFO] - Clicking on object: 'Object Repository/Page_MotifDeLaDemande_Usager/select_RESSOURCES'

2023-11-24 15:03:12 - [MESSAGE][PASSED] - Object: 'Object Repository/Page_MotifDeLaDemande_Usager/select_RESSOURCES' is clicked on

2023-11-24 15:03:12 - [TEST_STEP][PASSED] - click(findTestObject("Object Repository/Page_MotifDeLaDemande_Usager/select_Value_RESSOURCES")): Object: 'Object Repository/Page_MotifDeLaDemande_Usager/select_Value_RESSOURCES' is clicked on

2023-11-24 15:03:12 - [MESSAGE][INFO] - Finding Test Object 'Object Repository/Page_MotifDeLaDemande_Usager/select_Value_RESSOURCES'

2023-11-24 15:03:12 - [MESSAGE][INFO] - Checking timeout

2023-11-24 15:03:12 - [MESSAGE][INFO] - Finding web element with id: 'Object Repository/Page_MotifDeLaDemande_Usager/select_Value_RESSOURCES' located by 'By.xpath: //*[@id="ORIGINE"]/div/div[5]/div/ul/p-dropdownitem[2]/li/span|//*[@id="ORIGINE"]/div/div[5]/div/ul/p-dropdownitem[2]/li/span' in '20' second(s)

2023-11-24 15:03:12 - [MESSAGE][INFO] - Smart Wait Function is triggered

2023-11-24 15:03:12 - [MESSAGE][INFO] - Found 1 web elements with id: 'Object Repository/Page_MotifDeLaDemande_Usager/select_Value_RESSOURCES' located by 'By.xpath: //*[@id="ORIGINE"]/div/div[5]/div/ul/p-dropdownitem[2]/li/span|//*[@id="ORIGINE"]/div/div[5]/div/ul/p-dropdownitem[2]/li/span' in '20' second(s)

2023-11-24 15:03:12 - [MESSAGE][INFO] - Checking object

2023-11-24 15:03:12 - [MESSAGE][INFO] - Checking timeout

2023-11-24 15:03:12 - [MESSAGE][INFO] - Finding web element from Test Object's properties

2023-11-24 15:03:12 - [MESSAGE][INFO] - Checking timeout

2023-11-24 15:03:12 - [MESSAGE][INFO] - Finding web element with id: 'Object Repository/Page_MotifDeLaDemande_Usager/select_Value_RESSOURCES' located by 'By.xpath: //*[@id="ORIGINE"]/div/div[5]/div/ul/p-dropdownitem[2]/li/span|//*[@id="ORIGINE"]/div/div[5]/div/ul/p-dropdownitem[2]/li/span' in '5' second(s)

2023-11-24 15:03:12 - [MESSAGE][INFO] - Smart Wait Function is triggered

2023-11-24 15:03:12 - [MESSAGE][INFO] - Found 1 web elements with id: 'Object Repository/Page_MotifDeLaDemande_Usager/select_Value_RESSOURCES' located by 'By.xpath: //*[@id="ORIGINE"]/div/div[5]/div/ul/p-dropdownitem[2]/li/span|//*[@id="ORIGINE"]/div/div[5]/div/ul/p-dropdownitem[2]/li/span' in '5' second(s)

2023-11-24 15:03:12 - [MESSAGE][INFO] - Clicking on object: 'Object Repository/Page_MotifDeLaDemande_Usager/select_Value_RESSOURCES'

2023-11-24 15:03:14 - [MESSAGE][PASSED] - Object: 'Object Repository/Page_MotifDeLaDemande_Usager/select_Value_RESSOURCES' is clicked on

2023-11-24 15:03:14 - [TEST_STEP][PASSED] - setText(findTestObject("Object Repository/Page_MotifDeLaDemande_Usager/input_MontantParMois"), "2500"): Text '2500' is set on object 'Object Repository/Page_MotifDeLaDemande_Usager/input_MontantParMois'

2023-11-24 15:03:14 - [MESSAGE][INFO] - Finding Test Object 'Object Repository/Page_MotifDeLaDemande_Usager/input_MontantParMois'

2023-11-24 15:03:14 - [MESSAGE][INFO] - Checking timeout

2023-11-24 15:03:14 - [MESSAGE][INFO] - Finding web element with id: 'Object Repository/Page_MotifDeLaDemande_Usager/input_MontantParMois' located by 'By.xpath: //app-demande-ptinv//app-createur-entreprise//app-ressources-financieres-selector/div/div[1]/fieldset/div/app-ressource-financiere/div/div[2]/anef-input-text/div/div/div[1]/div/input|//app-demande-ptinv//app-informations-projet-innovant/div/form/app-ressources-financieres-selector/div/div[1]/fieldset/div/app-ressource-financiere/div/div[2]/anef-input-text/div/div/div[1]/div/input|//app-motif-sejour-ptart/div[2]//app-informations-artiste-non-salarie/div/form/app-ressources-financieres-selector/div/div[1]/fieldset/div/app-ressource-financiere/div/div[2]/anef-input-text/div/div/div[1]/div/input|//app-motif-sejour-ptart//app-informations-artiste-salarie//app-ressources-financieres-selector//anef-input-text/div/div/div[1]/div/input' in '20' second(s)

2023-11-24 15:03:14 - [MESSAGE][INFO] - Smart Wait Function is triggered

2023-11-24 15:03:14 - [MESSAGE][INFO] - Found 1 web elements with id: 'Object Repository/Page_MotifDeLaDemande_Usager/input_MontantParMois' located by 'By.xpath: //app-demande-ptinv//app-createur-entreprise//app-ressources-financieres-selector/div/div[1]/fieldset/div/app-ressource-financiere/div/div[2]/anef-input-text/div/div/div[1]/div/input|//app-demande-ptinv//app-informations-projet-innovant/div/form/app-ressources-financieres-selector/div/div[1]/fieldset/div/app-ressource-financiere/div/div[2]/anef-input-text/div/div/div[1]/div/input|//app-motif-sejour-ptart/div[2]//app-informations-artiste-non-salarie/div/form/app-ressources-financieres-selector/div/div[1]/fieldset/div/app-ressource-financiere/div/div[2]/anef-input-text/div/div/div[1]/div/input|//app-motif-sejour-ptart//app-informations-artiste-salarie//app-ressources-financieres-selector//anef-input-text/div/div/div[1]/div/input' in '20' second(s)

2023-11-24 15:03:14 - [MESSAGE][INFO] - Checking object

2023-11-24 15:03:14 - [MESSAGE][INFO] - Checking text

2023-11-24 15:03:14 - [MESSAGE][INFO] - Finding web element from Test Object's properties

2023-11-24 15:03:14 - [MESSAGE][INFO] - Checking timeout

2023-11-24 15:03:14 - [MESSAGE][INFO] - Finding web element with id: 'Object Repository/Page_MotifDeLaDemande_Usager/input_MontantParMois' located by 'By.xpath: //app-demande-ptinv//app-createur-entreprise//app-ressources-financieres-selector/div/div[1]/fieldset/div/app-ressource-financiere/div/div[2]/anef-input-text/div/div/div[1]/div/input|//app-demande-ptinv//app-informations-projet-innovant/div/form/app-ressources-financieres-selector/div/div[1]/fieldset/div/app-ressource-financiere/div/div[2]/anef-input-text/div/div/div[1]/div/input|//app-motif-sejour-ptart/div[2]//app-informations-artiste-non-salarie/div/form/app-ressources-financieres-selector/div/div[1]/fieldset/div/app-ressource-financiere/div/div[2]/anef-input-text/div/div/div[1]/div/input|//app-motif-sejour-ptart//app-informations-artiste-salarie//app-ressources-financieres-selector//anef-input-text/div/div/div[1]/div/input' in '5' second(s)

2023-11-24 15:03:14 - [MESSAGE][INFO] - Smart Wait Function is triggered

2023-11-24 15:03:14 - [MESSAGE][INFO] - Found 1 web elements with id: 'Object Repository/Page_MotifDeLaDemande_Usager/input_MontantParMois' located by 'By.xpath: //app-demande-ptinv//app-createur-entreprise//app-ressources-financieres-selector/div/div[1]/fieldset/div/app-ressource-financiere/div/div[2]/anef-input-text/div/div/div[1]/div/input|//app-demande-ptinv//app-informations-projet-innovant/div/form/app-ressources-financieres-selector/div/div[1]/fieldset/div/app-ressource-financiere/div/div[2]/anef-input-text/div/div/div[1]/div/input|//app-motif-sejour-ptart/div[2]//app-informations-artiste-non-salarie/div/form/app-ressources-financieres-selector/div/div[1]/fieldset/div/app-ressource-financiere/div/div[2]/anef-input-text/div/div/div[1]/div/input|//app-motif-sejour-ptart//app-informations-artiste-salarie//app-ressources-financieres-selector//anef-input-text/div/div/div[1]/div/input' in '5' second(s)

2023-11-24 15:03:14 - [MESSAGE][INFO] - Clearing text of object 'Object Repository/Page_MotifDeLaDemande_Usager/input_MontantParMois'

2023-11-24 15:03:16 - [MESSAGE][INFO] - Finding web element from Test Object's properties

2023-11-24 15:03:16 - [MESSAGE][INFO] - Checking timeout

2023-11-24 15:03:16 - [MESSAGE][INFO] - Finding web element with id: 'Object Repository/Page_MotifDeLaDemande_Usager/input_MontantParMois' located by 'By.xpath: //app-demande-ptinv//app-createur-entreprise//app-ressources-financieres-selector/div/div[1]/fieldset/div/app-ressource-financiere/div/div[2]/anef-input-text/div/div/div[1]/div/input|//app-demande-ptinv//app-informations-projet-innovant/div/form/app-ressources-financieres-selector/div/div[1]/fieldset/div/app-ressource-financiere/div/div[2]/anef-input-text/div/div/div[1]/div/input|//app-motif-sejour-ptart/div[2]//app-informations-artiste-non-salarie/div/form/app-ressources-financieres-selector/div/div[1]/fieldset/div/app-ressource-financiere/div/div[2]/anef-input-text/div/div/div[1]/div/input|//app-motif-sejour-ptart//app-informations-artiste-salarie//app-ressources-financieres-selector//anef-input-text/div/div/div[1]/div/input' in '5' second(s)

2023-11-24 15:03:16 - [MESSAGE][INFO] - Smart Wait Function is triggered

2023-11-24 15:03:16 - [MESSAGE][INFO] - Found 1 web elements with id: 'Object Repository/Page_MotifDeLaDemande_Usager/input_MontantParMois' located by 'By.xpath: //app-demande-ptinv//app-createur-entreprise//app-ressources-financieres-selector/div/div[1]/fieldset/div/app-ressource-financiere/div/div[2]/anef-input-text/div/div/div[1]/div/input|//app-demande-ptinv//app-informations-projet-innovant/div/form/app-ressources-financieres-selector/div/div[1]/fieldset/div/app-ressource-financiere/div/div[2]/anef-input-text/div/div/div[1]/div/input|//app-motif-sejour-ptart/div[2]//app-informations-artiste-non-salarie/div/form/app-ressources-financieres-selector/div/div[1]/fieldset/div/app-ressource-financiere/div/div[2]/anef-input-text/div/div/div[1]/div/input|//app-motif-sejour-ptart//app-informations-artiste-salarie//app-ressources-financieres-selector//anef-input-text/div/div/div[1]/div/input' in '5' second(s)

2023-11-24 15:03:16 - [MESSAGE][INFO] - Setting text of object 'Object Repository/Page_MotifDeLaDemande_Usager/input_MontantParMois' to value '2500'

2023-11-24 15:03:18 - [MESSAGE][PASSED] - Text '2500' is set on object 'Object Repository/Page_MotifDeLaDemande_Usager/input_MontantParMois'

2023-11-24 15:03:18 - [TEST_STEP][PASSED] - click(findTestObject("Object Repository/Page_DemarcheRenouvellement/btn_EnregistrerEtPoursuivre")): Object: 'Object Repository/Page_DemarcheRenouvellement/btn_EnregistrerEtPoursuivre' is clicked on

2023-11-24 15:03:18 - [MESSAGE][INFO] - Finding Test Object 'Object Repository/Page_DemarcheRenouvellement/btn_EnregistrerEtPoursuivre'

2023-11-24 15:03:19 - [MESSAGE][INFO] - Checking timeout

2023-11-24 15:03:19 - [MESSAGE][INFO] - Finding web element with id: 'Object Repository/Page_DemarcheRenouvellement/btn_EnregistrerEtPoursuivre' located by 'By.xpath: //span[text()='Enregistrer et poursuivre >']' in '20' second(s)

2023-11-24 15:03:19 - [MESSAGE][INFO] - Smart Wait Function is triggered

2023-11-24 15:03:19 - [MESSAGE][INFO] - Found 1 web elements with id: 'Object Repository/Page_DemarcheRenouvellement/btn_EnregistrerEtPoursuivre' located by 'By.xpath: //span[text()='Enregistrer et poursuivre >']' in '20' second(s)

2023-11-24 15:03:19 - [MESSAGE][INFO] - Checking object

2023-11-24 15:03:19 - [MESSAGE][INFO] - Checking timeout

2023-11-24 15:03:19 - [MESSAGE][INFO] - Finding web element from Test Object's properties

2023-11-24 15:03:19 - [MESSAGE][INFO] - Checking timeout

2023-11-24 15:03:19 - [MESSAGE][INFO] - Finding web element with id: 'Object Repository/Page_DemarcheRenouvellement/btn_EnregistrerEtPoursuivre' located by 'By.xpath: //span[text()='Enregistrer et poursuivre >']' in '5' second(s)

2023-11-24 15:03:19 - [MESSAGE][INFO] - Smart Wait Function is triggered

2023-11-24 15:03:19 - [MESSAGE][INFO] - Found 1 web elements with id: 'Object Repository/Page_DemarcheRenouvellement/btn_EnregistrerEtPoursuivre' located by 'By.xpath: //span[text()='Enregistrer et poursuivre >']' in '5' second(s)

2023-11-24 15:03:19 - [MESSAGE][INFO] - Clicking on object: 'Object Repository/Page_DemarcheRenouvellement/btn_EnregistrerEtPoursuivre'

2023-11-24 15:03:21 - [MESSAGE][PASSED] - Object: 'Object Repository/Page_DemarcheRenouvellement/btn_EnregistrerEtPoursuivre' is clicked on

2023-11-24 15:03:21 - [TEST_STEP][PASSED] - if (TypeTitreDeSejour == "FrenchTechVisaForFounders" && Titre == "Etudiant" || TypeTitreDeSejour == "FrenchTechVisaForFounders" && Titre == "Visiteur"): null

2023-11-24 15:03:21 - [TEST_STEP][PASSED] - if (TypeTitreDeSejour == "MandataireSocial" && Titre == "Etudiant" || TypeTitreDeSejour == "MandataireSocial" && Titre == "Visiteur"): null

2023-11-24 15:03:21 - [TEST_STEP][PASSED] - if (TypeTitreDeSejour == "ArtisteNonSalarie" && Titre == "Etudiant" || TypeTitreDeSejour == "ArtisteNonSalarie" && Titre == "Visiteur"): null

2023-11-24 15:03:21 - [TEST_STEP][PASSED] - if (TypeTitreDeSejour == "ArtisteSalarie" && Titre == "Etudiant" || TypeTitreDeSejour == "ArtisteSalarie" && Titre == "Visiteur"): null

2023-11-24 15:03:21 - [TEST_STEP][PASSED] - if (TypeTitreDeSejour == "MembreDeFamillePasseportTalent_Conjoint" && Titre == "Etudiant" || TypeTitreDeSejour == "MembreDeFamillePasseportTalent_Conjoint" && Titre == "Visiteur"): null

2023-11-24 15:03:21 - [MESSAGE][PASSED] - Call Test Case 'Test Cases/Test Reutilisable/DemandeOuRenouvelle_TitreSejour/FormulaireMotifDeLaDemande' successfully

2023-11-24 15:03:21 - [TEST_STEP][PASSED] - if (TypeTitreDeSejour == "RenouvellementDeTitreSejour" || TypeTitreDeSejour == "Visiteur" && Titre == "Etudiant" || Titre == "Visiteur"): null

2023-11-24 15:03:21 - [TEST_STEP][FAILED] - callTestCase(findTestCase("Test Reutilisable/DemandeOuRenouvelle_TitreSejour/FormulaireJustificatifs"), ["TypeTitreDeSejour":TypeTitreDeSejour, "Titre":Titre, "NumEphoto":NumEphoto], STOP_ON_FAILURE): Unable to call Test Case 'Test Cases/Test Reutilisable/DemandeOuRenouvelle_TitreSejour/FormulaireJustificatifs' (Root cause: com.kms.katalon.core.exception.StepFailedException: Call Test Case 'Test Cases/Test Reutilisable/DemandeOuRenouvelle_TitreSejour/FormulaireJustificatifs' failed
	at com.kms.katalon.core.keyword.builtin.CallTestCaseKeyword$_callTestCase_closure1.doCall(CallTestCaseKeyword.groovy:63)
	at com.kms.katalon.core.keyword.builtin.CallTestCaseKeyword$_callTestCase_closure1.call(CallTestCaseKeyword.groovy)
	at com.kms.katalon.core.keyword.internal.KeywordMain.runKeyword(KeywordMain.groovy:75)
	at com.kms.katalon.core.keyword.builtin.CallTestCaseKeyword.callTestCase(CallTestCaseKeyword.groovy:81)
	at com.kms.katalon.core.keyword.builtin.CallTestCaseKeyword.execute(CallTestCaseKeyword.groovy:44)
	at com.kms.katalon.core.keyword.internal.KeywordExecutor.executeKeywordForPlatform(KeywordExecutor.groovy:74)
	at com.kms.katalon.core.keyword.BuiltinKeywords.callTestCase(BuiltinKeywords.groovy:310)
	at com.kazurayam.ksbackyard.HighlightElement$_pandemic_closure1.doCall(HighlightElement.groovy:105)
	at TNR R.TSPT Supp90-Etudiant.run(TNR R.TSPT Supp90-Etudiant:62)
	at com.kms.katalon.core.main.ScriptEngine.run(ScriptEngine.java:194)
	at com.kms.katalon.core.main.ScriptEngine.runScriptAsRawText(ScriptEngine.java:119)
	at com.kms.katalon.core.main.TestCaseExecutor.runScript(TestCaseExecutor.java:448)
	at com.kms.katalon.core.main.TestCaseExecutor.doExecute(TestCaseExecutor.java:439)
	at com.kms.katalon.core.main.TestCaseExecutor.processExecutionPhase(TestCaseExecutor.java:418)
	at com.kms.katalon.core.main.TestCaseExecutor.accessMainPhase(TestCaseExecutor.java:410)
	at com.kms.katalon.core.main.TestCaseExecutor.execute(TestCaseExecutor.java:285)
	at com.kms.katalon.core.common.CommonExecutor.accessTestCaseMainPhase(CommonExecutor.java:65)
	at com.kms.katalon.core.main.TestSuiteExecutor.accessTestSuiteMainPhase(TestSuiteExecutor.java:148)
	at com.kms.katalon.core.main.TestSuiteExecutor.execute(TestSuiteExecutor.java:106)
	at com.kms.katalon.core.main.TestCaseMain.startTestSuite(TestCaseMain.java:187)
	at com.kms.katalon.core.main.TestCaseMain$startTestSuite$0.call(Unknown Source)
	at TempTestSuite1700834005381.run(TempTestSuite1700834005381.groovy:36)
Caused by: com.kms.katalon.core.exception.StepFailedException: Unable to set text '1PMTYE991215114515JY05' of object 'Object Repository/Page_Justificatifs_Usager/Input_Numero_Ephoto'
	at com.kms.katalon.core.webui.keyword.internal.WebUIKeywordMain.stepFailed(WebUIKeywordMain.groovy:64)
	at com.kms.katalon.core.webui.keyword.internal.WebUIKeywordMain.runKeyword(WebUIKeywordMain.groovy:26)
	at com.kms.katalon.core.webui.keyword.builtin.SetTextKeyword.setText(SetTextKeyword.groovy:66)
	at com.kms.katalon.core.webui.keyword.builtin.SetTextKeyword.execute(SetTextKeyword.groovy:37)
	at com.kms.katalon.core.keyword.internal.KeywordExecutor.executeKeywordForPlatform(KeywordExecutor.groovy:74)
	at com.kms.katalon.core.webui.keyword.WebUiBuiltInKeywords.setText(WebUiBuiltInKeywords.groovy:980)
	at com.kazurayam.ksbackyard.HighlightElement$_pandemic_closure1.doCall(HighlightElement.groovy:105)
	at FormulaireJustificatifs.run(FormulaireJustificatifs:281)
	at com.kms.katalon.core.main.ScriptEngine.run(ScriptEngine.java:194)
	at com.kms.katalon.core.main.ScriptEngine.runScriptAsRawText(ScriptEngine.java:119)
	at com.kms.katalon.core.main.TestCaseExecutor.runScript(TestCaseExecutor.java:448)
	at com.kms.katalon.core.main.TestCaseExecutor.doExecute(TestCaseExecutor.java:439)
	at com.kms.katalon.core.main.TestCaseExecutor.processExecutionPhase(TestCaseExecutor.java:418)
	at com.kms.katalon.core.main.TestCaseExecutor.accessMainPhase(TestCaseExecutor.java:410)
	at com.kms.katalon.core.main.TestCaseExecutor.execute(TestCaseExecutor.java:285)
	at com.kms.katalon.core.main.TestCaseMain.runTestCase(TestCaseMain.java:144)
	at com.kms.katalon.core.keyword.builtin.CallTestCaseKeyword$_callTestCase_closure1.doCall(CallTestCaseKeyword.groovy:59)
	... 21 more
Caused by: com.kms.katalon.core.webui.exception.WebElementNotFoundException: Web element with id: 'Object Repository/Page_Justificatifs_Usager/Input_Numero_Ephoto' located by '//*[@aria-labelledby="PHOTO_NUMBER-label" and @type ="text"]|//*[@aria-labelledby="PHOTO_IDENTITE-label" and @type ="text"]' not found
	at com.kms.katalon.core.webui.common.WebUiCommonHelper.findWebElement(WebUiCommonHelper.java:1381)
	at com.kms.katalon.core.webui.keyword.internal.WebUIAbstractKeyword.findWebElement(WebUIAbstractKeyword.groovy:27)
	at com.kms.katalon.core.webui.keyword.internal.WebUIAbstractKeyword.findWebElement(WebUIAbstractKeyword.groovy:26)
	at com.kms.katalon.core.webui.keyword.builtin.SetTextKeyword$_setText_closure1.doCall(SetTextKeyword.groovy:51)
	at com.kms.katalon.core.webui.keyword.builtin.SetTextKeyword$_setText_closure1.call(SetTextKeyword.groovy)
	at com.kms.katalon.core.webui.keyword.internal.WebUIKeywordMain.runKeyword(WebUIKeywordMain.groovy:20)
	... 36 more
)

2023-11-24 15:03:21 - [MESSAGE][INFO] - Checking called Test Case

2023-11-24 15:03:21 - [MESSAGE][INFO] - Starting to call Test Case 'Test Cases/Test Reutilisable/DemandeOuRenouvelle_TitreSejour/FormulaireJustificatifs'

2023-11-24 15:03:21 - [TEST_CASE][FAILED] - Test Cases/Test Reutilisable/DemandeOuRenouvelle_TitreSejour/FormulaireJustificatifs: Test Cases/Test Reutilisable/DemandeOuRenouvelle_TitreSejour/FormulaireJustificatifs FAILED.
Reason:
com.kms.katalon.core.exception.StepFailedException: Unable to set text '1PMTYE991215114515JY05' of object 'Object Repository/Page_Justificatifs_Usager/Input_Numero_Ephoto'
	at com.kms.katalon.core.webui.keyword.internal.WebUIKeywordMain.stepFailed(WebUIKeywordMain.groovy:64)
	at com.kms.katalon.core.webui.keyword.internal.WebUIKeywordMain.runKeyword(WebUIKeywordMain.groovy:26)
	at com.kms.katalon.core.webui.keyword.builtin.SetTextKeyword.setText(SetTextKeyword.groovy:66)
	at com.kms.katalon.core.webui.keyword.builtin.SetTextKeyword.execute(SetTextKeyword.groovy:37)
	at com.kms.katalon.core.keyword.internal.KeywordExecutor.executeKeywordForPlatform(KeywordExecutor.groovy:74)
	at com.kms.katalon.core.webui.keyword.WebUiBuiltInKeywords.setText(WebUiBuiltInKeywords.groovy:980)
	at com.kazurayam.ksbackyard.HighlightElement$_pandemic_closure1.doCall(HighlightElement.groovy:105)
	at FormulaireJustificatifs.run(FormulaireJustificatifs:281)
	at com.kms.katalon.core.main.ScriptEngine.run(ScriptEngine.java:194)
	at com.kms.katalon.core.main.ScriptEngine.runScriptAsRawText(ScriptEngine.java:119)
	at com.kms.katalon.core.main.TestCaseExecutor.runScript(TestCaseExecutor.java:448)
	at com.kms.katalon.core.main.TestCaseExecutor.doExecute(TestCaseExecutor.java:439)
	at com.kms.katalon.core.main.TestCaseExecutor.processExecutionPhase(TestCaseExecutor.java:418)
	at com.kms.katalon.core.main.TestCaseExecutor.accessMainPhase(TestCaseExecutor.java:410)
	at com.kms.katalon.core.main.TestCaseExecutor.execute(TestCaseExecutor.java:285)
	at com.kms.katalon.core.main.TestCaseMain.runTestCase(TestCaseMain.java:144)
	at com.kms.katalon.core.keyword.builtin.CallTestCaseKeyword$_callTestCase_closure1.doCall(CallTestCaseKeyword.groovy:59)
	at com.kms.katalon.core.keyword.builtin.CallTestCaseKeyword$_callTestCase_closure1.call(CallTestCaseKeyword.groovy)
	at com.kms.katalon.core.keyword.internal.KeywordMain.runKeyword(KeywordMain.groovy:75)
	at com.kms.katalon.core.keyword.builtin.CallTestCaseKeyword.callTestCase(CallTestCaseKeyword.groovy:81)
	at com.kms.katalon.core.keyword.builtin.CallTestCaseKeyword.execute(CallTestCaseKeyword.groovy:44)
	at com.kms.katalon.core.keyword.internal.KeywordExecutor.executeKeywordForPlatform(KeywordExecutor.groovy:74)
	at com.kms.katalon.core.keyword.BuiltinKeywords.callTestCase(BuiltinKeywords.groovy:310)
	at com.kazurayam.ksbackyard.HighlightElement$_pandemic_closure1.doCall(HighlightElement.groovy:105)
	at TNR R.TSPT Supp90-Etudiant.run(TNR R.TSPT Supp90-Etudiant:62)
	at com.kms.katalon.core.main.ScriptEngine.run(ScriptEngine.java:194)
	at com.kms.katalon.core.main.ScriptEngine.runScriptAsRawText(ScriptEngine.java:119)
	at com.kms.katalon.core.main.TestCaseExecutor.runScript(TestCaseExecutor.java:448)
	at com.kms.katalon.core.main.TestCaseExecutor.doExecute(TestCaseExecutor.java:439)
	at com.kms.katalon.core.main.TestCaseExecutor.processExecutionPhase(TestCaseExecutor.java:418)
	at com.kms.katalon.core.main.TestCaseExecutor.accessMainPhase(TestCaseExecutor.java:410)
	at com.kms.katalon.core.main.TestCaseExecutor.execute(TestCaseExecutor.java:285)
	at com.kms.katalon.core.common.CommonExecutor.accessTestCaseMainPhase(CommonExecutor.java:65)
	at com.kms.katalon.core.main.TestSuiteExecutor.accessTestSuiteMainPhase(TestSuiteExecutor.java:148)
	at com.kms.katalon.core.main.TestSuiteExecutor.execute(TestSuiteExecutor.java:106)
	at com.kms.katalon.core.main.TestCaseMain.startTestSuite(TestCaseMain.java:187)
	at com.kms.katalon.core.main.TestCaseMain$startTestSuite$0.call(Unknown Source)
	at TempTestSuite1700834005381.run(TempTestSuite1700834005381.groovy:36)
Caused by: com.kms.katalon.core.webui.exception.WebElementNotFoundException: Web element with id: 'Object Repository/Page_Justificatifs_Usager/Input_Numero_Ephoto' located by '//*[@aria-labelledby="PHOTO_NUMBER-label" and @type ="text"]|//*[@aria-labelledby="PHOTO_IDENTITE-label" and @type ="text"]' not found
	at com.kms.katalon.core.webui.common.WebUiCommonHelper.findWebElement(WebUiCommonHelper.java:1381)
	at com.kms.katalon.core.webui.keyword.internal.WebUIAbstractKeyword.findWebElement(WebUIAbstractKeyword.groovy:27)
	at com.kms.katalon.core.webui.keyword.internal.WebUIAbstractKeyword.findWebElement(WebUIAbstractKeyword.groovy:26)
	at com.kms.katalon.core.webui.keyword.builtin.SetTextKeyword$_setText_closure1.doCall(SetTextKeyword.groovy:51)
	at com.kms.katalon.core.webui.keyword.builtin.SetTextKeyword$_setText_closure1.call(SetTextKeyword.groovy)
	at com.kms.katalon.core.webui.keyword.internal.WebUIKeywordMain.runKeyword(WebUIKeywordMain.groovy:20)
	... 36 more


2023-11-24 15:03:21 - [TEST_STEP][PASSED] - com.kazurayam.ksbackyard.HighlightElement.pandemic(): com.kazurayam.ksbackyard.HighlightElement.pandemic is PASSED

2023-11-24 15:03:21 - [MESSAGE][PASSED] - com.kazurayam.ksbackyard.HighlightElement.pandemic is PASSED

2023-11-24 15:03:21 - [TEST_STEP][PASSED] - RunBrowserConfiguration = getExecutionProperties(): null

2023-11-24 15:03:21 - [TEST_STEP][PASSED] - DriverName = DriverName: null

2023-11-24 15:03:21 - [TEST_STEP][PASSED] - driver = getWebDriver(): null

2023-11-24 15:03:21 - [TEST_STEP][PASSED] - wrappedDriver = driver.getWrappedDriver(): null

2023-11-24 15:03:21 - [TEST_STEP][PASSED] - out.println(wrappedDriver.getClass()): null

2023-11-24 15:03:21 - [TEST_STEP][PASSED] - if (class == com.kms.katalon.selenium.driver.CRemoteWebDriver): null

2023-11-24 15:03:21 - [TEST_STEP][PASSED] - SpecificDownloadDirectory = "": null

2023-11-24 15:03:21 - [TEST_STEP][PASSED] - if (DriverName == "FIREFOX_DRIVER"): null

2023-11-24 15:03:21 - [TEST_STEP][PASSED] - else if (class == "CRemoteWebDriver"): null

2023-11-24 15:03:21 - [TEST_STEP][PASSED] - else: null

2023-11-24 15:03:21 - [TEST_STEP][PASSED] - SpecificDownloadDirectory = getProjectDir() + "/Data Files": null

2023-11-24 15:03:21 - [TEST_STEP][PASSED] - println("SpecificDownloadDirectory : " + SpecificDownloadDirectory): null

2023-11-24 15:03:21 - [TEST_STEP][PASSED] - if (TypeTitreDeSejour == "RenouvellementDeTitreSejour" && Titre == "Etudiant"): null

2023-11-24 15:03:21 - [TEST_STEP][PASSED] - if (TypeTitreDeSejour == "RenouvellementDeTitreSejour" && Titre == "Visiteur" || TypeTitreDeSejour == "Visiteur" && Titre == "Etudiant"): null

2023-11-24 15:03:21 - [TEST_STEP][PASSED] - println("TypeTitreDeSejour :" + TypeTitreDeSejour): null

2023-11-24 15:03:21 - [TEST_STEP][PASSED] - if (TypeTitreDeSejour == "TS-PT-CarteBleueEuropeenne" || TypeTitreDeSejour == "TS-PT-SalarieEnMission"): null

2023-11-24 15:03:21 - [TEST_STEP][PASSED] - if (TypeTitreDeSejour == "TS-PT-SalarieQualifie" || TypeTitreDeSejour == "TS-PT-SalarieEntrepriseInnovante" || TypeTitreDeSejour == "ChercheurEtChercheurEnMobilite"): null

2023-11-24 15:03:21 - [TEST_STEP][FAILED] - if (TypeTitreDeSejour == "FrenchTechVisaForInvestors" || TypeTitreDeSejour == "CreateurDEntreprise"): Unable to set text '1PMTYE991215114515JY05' of object 'Object Repository/Page_Justificatifs_Usager/Input_Numero_Ephoto' (Root cause: com.kms.katalon.core.exception.StepFailedException: Unable to set text '1PMTYE991215114515JY05' of object 'Object Repository/Page_Justificatifs_Usager/Input_Numero_Ephoto'
	at com.kms.katalon.core.webui.keyword.internal.WebUIKeywordMain.stepFailed(WebUIKeywordMain.groovy:64)
	at com.kms.katalon.core.webui.keyword.internal.WebUIKeywordMain.runKeyword(WebUIKeywordMain.groovy:26)
	at com.kms.katalon.core.webui.keyword.builtin.SetTextKeyword.setText(SetTextKeyword.groovy:66)
	at com.kms.katalon.core.webui.keyword.builtin.SetTextKeyword.execute(SetTextKeyword.groovy:37)
	at com.kms.katalon.core.keyword.internal.KeywordExecutor.executeKeywordForPlatform(KeywordExecutor.groovy:74)
	at com.kms.katalon.core.webui.keyword.WebUiBuiltInKeywords.setText(WebUiBuiltInKeywords.groovy:980)
	at com.kazurayam.ksbackyard.HighlightElement$_pandemic_closure1.doCall(HighlightElement.groovy:105)
	at FormulaireJustificatifs.run(FormulaireJustificatifs:281)
	at com.kms.katalon.core.main.ScriptEngine.run(ScriptEngine.java:194)
	at com.kms.katalon.core.main.ScriptEngine.runScriptAsRawText(ScriptEngine.java:119)
	at com.kms.katalon.core.main.TestCaseExecutor.runScript(TestCaseExecutor.java:448)
	at com.kms.katalon.core.main.TestCaseExecutor.doExecute(TestCaseExecutor.java:439)
	at com.kms.katalon.core.main.TestCaseExecutor.processExecutionPhase(TestCaseExecutor.java:418)
	at com.kms.katalon.core.main.TestCaseExecutor.accessMainPhase(TestCaseExecutor.java:410)
	at com.kms.katalon.core.main.TestCaseExecutor.execute(TestCaseExecutor.java:285)
	at com.kms.katalon.core.main.TestCaseMain.runTestCase(TestCaseMain.java:144)
	at com.kms.katalon.core.keyword.builtin.CallTestCaseKeyword$_callTestCase_closure1.doCall(CallTestCaseKeyword.groovy:59)
	at com.kms.katalon.core.keyword.builtin.CallTestCaseKeyword$_callTestCase_closure1.call(CallTestCaseKeyword.groovy)
	at com.kms.katalon.core.keyword.internal.KeywordMain.runKeyword(KeywordMain.groovy:75)
	at com.kms.katalon.core.keyword.builtin.CallTestCaseKeyword.callTestCase(CallTestCaseKeyword.groovy:81)
	at com.kms.katalon.core.keyword.builtin.CallTestCaseKeyword.execute(CallTestCaseKeyword.groovy:44)
	at com.kms.katalon.core.keyword.internal.KeywordExecutor.executeKeywordForPlatform(KeywordExecutor.groovy:74)
	at com.kms.katalon.core.keyword.BuiltinKeywords.callTestCase(BuiltinKeywords.groovy:310)
	at com.kazurayam.ksbackyard.HighlightElement$_pandemic_closure1.doCall(HighlightElement.groovy:105)
	at TNR R.TSPT Supp90-Etudiant.run(TNR R.TSPT Supp90-Etudiant:62)
	at com.kms.katalon.core.main.ScriptEngine.run(ScriptEngine.java:194)
	at com.kms.katalon.core.main.ScriptEngine.runScriptAsRawText(ScriptEngine.java:119)
	at com.kms.katalon.core.main.TestCaseExecutor.runScript(TestCaseExecutor.java:448)
	at com.kms.katalon.core.main.TestCaseExecutor.doExecute(TestCaseExecutor.java:439)
	at com.kms.katalon.core.main.TestCaseExecutor.processExecutionPhase(TestCaseExecutor.java:418)
	at com.kms.katalon.core.main.TestCaseExecutor.accessMainPhase(TestCaseExecutor.java:410)
	at com.kms.katalon.core.main.TestCaseExecutor.execute(TestCaseExecutor.java:285)
	at com.kms.katalon.core.common.CommonExecutor.accessTestCaseMainPhase(CommonExecutor.java:65)
	at com.kms.katalon.core.main.TestSuiteExecutor.accessTestSuiteMainPhase(TestSuiteExecutor.java:148)
	at com.kms.katalon.core.main.TestSuiteExecutor.execute(TestSuiteExecutor.java:106)
	at com.kms.katalon.core.main.TestCaseMain.startTestSuite(TestCaseMain.java:187)
	at com.kms.katalon.core.main.TestCaseMain$startTestSuite$0.call(Unknown Source)
	at TempTestSuite1700834005381.run(TempTestSuite1700834005381.groovy:36)
Caused by: com.kms.katalon.core.webui.exception.WebElementNotFoundException: Web element with id: 'Object Repository/Page_Justificatifs_Usager/Input_Numero_Ephoto' located by '//*[@aria-labelledby="PHOTO_NUMBER-label" and @type ="text"]|//*[@aria-labelledby="PHOTO_IDENTITE-label" and @type ="text"]' not found
	at com.kms.katalon.core.webui.common.WebUiCommonHelper.findWebElement(WebUiCommonHelper.java:1381)
	at com.kms.katalon.core.webui.keyword.internal.WebUIAbstractKeyword.findWebElement(WebUIAbstractKeyword.groovy:27)
	at com.kms.katalon.core.webui.keyword.internal.WebUIAbstractKeyword.findWebElement(WebUIAbstractKeyword.groovy:26)
	at com.kms.katalon.core.webui.keyword.builtin.SetTextKeyword$_setText_closure1.doCall(SetTextKeyword.groovy:51)
	at com.kms.katalon.core.webui.keyword.builtin.SetTextKeyword$_setText_closure1.call(SetTextKeyword.groovy)
	at com.kms.katalon.core.webui.keyword.internal.WebUIKeywordMain.runKeyword(WebUIKeywordMain.groovy:20)
	at com.kms.katalon.core.webui.keyword.builtin.SetTextKeyword.setText(SetTextKeyword.groovy:66)
	at com.kms.katalon.core.webui.keyword.builtin.SetTextKeyword.execute(SetTextKeyword.groovy:37)
	at com.kms.katalon.core.keyword.internal.KeywordExecutor.executeKeywordForPlatform(KeywordExecutor.groovy:74)
	at com.kms.katalon.core.webui.keyword.WebUiBuiltInKeywords.setText(WebUiBuiltInKeywords.groovy:980)
	at com.kazurayam.ksbackyard.HighlightElement$_pandemic_closure1.doCall(HighlightElement.groovy:105)
	at Script1695813884754.run(Script1695813884754.groovy:281)
	at com.kms.katalon.core.main.ScriptEngine.run(ScriptEngine.java:194)
	at com.kms.katalon.core.main.ScriptEngine.runScriptAsRawText(ScriptEngine.java:119)
	at com.kms.katalon.core.main.TestCaseExecutor.runScript(TestCaseExecutor.java:448)
	at com.kms.katalon.core.main.TestCaseExecutor.doExecute(TestCaseExecutor.java:439)
	at com.kms.katalon.core.main.TestCaseExecutor.processExecutionPhase(TestCaseExecutor.java:418)
	at com.kms.katalon.core.main.TestCaseExecutor.accessMainPhase(TestCaseExecutor.java:410)
	at com.kms.katalon.core.main.TestCaseExecutor.execute(TestCaseExecutor.java:285)
	at com.kms.katalon.core.main.TestCaseMain.runTestCase(TestCaseMain.java:144)
	at com.kms.katalon.core.keyword.builtin.CallTestCaseKeyword$_callTestCase_closure1.doCall(CallTestCaseKeyword.groovy:59)
	at com.kms.katalon.core.keyword.builtin.CallTestCaseKeyword$_callTestCase_closure1.call(CallTestCaseKeyword.groovy)
	at com.kms.katalon.core.keyword.internal.KeywordMain.runKeyword(KeywordMain.groovy:75)
	at com.kms.katalon.core.keyword.builtin.CallTestCaseKeyword.callTestCase(CallTestCaseKeyword.groovy:81)
	at com.kms.katalon.core.keyword.builtin.CallTestCaseKeyword.execute(CallTestCaseKeyword.groovy:44)
	at com.kms.katalon.core.keyword.internal.KeywordExecutor.executeKeywordForPlatform(KeywordExecutor.groovy:74)
	at com.kms.katalon.core.keyword.BuiltinKeywords.callTestCase(BuiltinKeywords.groovy:310)
	at com.kazurayam.ksbackyard.HighlightElement$_pandemic_closure1.doCall(HighlightElement.groovy:105)
	at Script1697546404945.run(Script1697546404945.groovy:62)
	... 13 more
)

2023-11-24 15:03:21 - [TEST_STEP][PASSED] - uploadFile(findTestObject("Object Repository/Page_Justificatifs_Usager/Btn_ChoisirFichier_TitreSejourValide"), SpecificDownloadDirectory + "/EtatCivil.pdf"): File 'C:/Users/ISSAM.RHARBAOUI/git/22_11/ANEF-AutomatizationProject/Data Files/EtatCivil.pdf' sent to object: 'Object Repository/Page_Justificatifs_Usager/Btn_ChoisirFichier_TitreSejourValide'

2023-11-24 15:03:21 - [MESSAGE][INFO] - Finding Test Object 'Object Repository/Page_Justificatifs_Usager/Btn_ChoisirFichier_TitreSejourValide'

2023-11-24 15:03:21 - [MESSAGE][INFO] - Checking object

2023-11-24 15:03:21 - [MESSAGE][INFO] - Uploading file 'C:/Users/ISSAM.RHARBAOUI/git/22_11/ANEF-AutomatizationProject/Data Files/EtatCivil.pdf' to object: 'Object Repository/Page_Justificatifs_Usager/Btn_ChoisirFichier_TitreSejourValide'

2023-11-24 15:03:21 - [MESSAGE][INFO] - Finding web element from Test Object's properties

2023-11-24 15:03:21 - [MESSAGE][INFO] - Checking timeout

2023-11-24 15:03:21 - [MESSAGE][INFO] - Finding web element with id: 'Object Repository/Page_Justificatifs_Usager/Btn_ChoisirFichier_TitreSejourValide' located by 'By.xpath: //app-justificatifs-visiteur//app-justificatif-titre-sejour//app-pieces-jointes//span[1]/input|//app-justificatifs-ptsq//app-justificatif-titre-sejour//app-pieces-jointes//span[1]/input|//app-justificatifs/div[2]/div/p-accordion/div/p-accordiontab[1]/div[2]/div/div[1]/div/app-pieces-jointes[1]/div/span[1]/input|//div/div/div/app-justificatif-titre-sejour/div/app-pieces-jointes/div/span[1]/input
' in '5' second(s)

2023-11-24 15:03:21 - [MESSAGE][INFO] - Smart Wait Function is triggered

2023-11-24 15:03:21 - [MESSAGE][INFO] - Found 1 web elements with id: 'Object Repository/Page_Justificatifs_Usager/Btn_ChoisirFichier_TitreSejourValide' located by 'By.xpath: //app-justificatifs-visiteur//app-justificatif-titre-sejour//app-pieces-jointes//span[1]/input|//app-justificatifs-ptsq//app-justificatif-titre-sejour//app-pieces-jointes//span[1]/input|//app-justificatifs/div[2]/div/p-accordion/div/p-accordiontab[1]/div[2]/div/div[1]/div/app-pieces-jointes[1]/div/span[1]/input|//div/div/div/app-justificatif-titre-sejour/div/app-pieces-jointes/div/span[1]/input
' in '5' second(s)

2023-11-24 15:03:23 - [MESSAGE][PASSED] - File 'C:/Users/ISSAM.RHARBAOUI/git/22_11/ANEF-AutomatizationProject/Data Files/EtatCivil.pdf' sent to object: 'Object Repository/Page_Justificatifs_Usager/Btn_ChoisirFichier_TitreSejourValide'

2023-11-24 15:03:23 - [TEST_STEP][PASSED] - delay(5): Delayed 5 second(s)

2023-11-24 15:03:23 - [MESSAGE][INFO] - Delaying browser in 5 second(s)

2023-11-24 15:03:28 - [MESSAGE][PASSED] - Delayed 5 second(s)

2023-11-24 15:03:28 - [TEST_STEP][PASSED] - uploadFile(findTestObject("Object Repository/Page_Justificatifs_Usager/Btn_ChoisirFichier_Passeport"), SpecificDownloadDirectory + "/Passeport.pdf"): File 'C:/Users/ISSAM.RHARBAOUI/git/22_11/ANEF-AutomatizationProject/Data Files/Passeport.pdf' sent to object: 'Object Repository/Page_Justificatifs_Usager/Btn_ChoisirFichier_Passeport'

2023-11-24 15:03:28 - [MESSAGE][INFO] - Finding Test Object 'Object Repository/Page_Justificatifs_Usager/Btn_ChoisirFichier_Passeport'

2023-11-24 15:03:28 - [MESSAGE][INFO] - Checking object

2023-11-24 15:03:28 - [MESSAGE][INFO] - Uploading file 'C:/Users/ISSAM.RHARBAOUI/git/22_11/ANEF-AutomatizationProject/Data Files/Passeport.pdf' to object: 'Object Repository/Page_Justificatifs_Usager/Btn_ChoisirFichier_Passeport'

2023-11-24 15:03:28 - [MESSAGE][INFO] - Finding web element from Test Object's properties

2023-11-24 15:03:28 - [MESSAGE][INFO] - Checking timeout

2023-11-24 15:03:28 - [MESSAGE][INFO] - Finding web element with id: 'Object Repository/Page_Justificatifs_Usager/Btn_ChoisirFichier_Passeport' located by 'By.xpath: //app-justificatifs-visiteur//app-justificatif-passeport//app-pieces-jointes//span[1]/input|//app-justificatifs-ptsq//app-justificatif-passeport//app-pieces-jointes//span[1]/input|//app-justificatifs/div[2]/div/p-accordion/div/p-accordiontab[1]/div[2]/div/div[1]/div/app-pieces-jointes[2]/div/span[1]/input|//div/div/app-justificatif-passeport/div/app-pieces-jointes/div/span[1]/input' in '5' second(s)

2023-11-24 15:03:28 - [MESSAGE][INFO] - Smart Wait Function is triggered

2023-11-24 15:03:28 - [MESSAGE][INFO] - Found 1 web elements with id: 'Object Repository/Page_Justificatifs_Usager/Btn_ChoisirFichier_Passeport' located by 'By.xpath: //app-justificatifs-visiteur//app-justificatif-passeport//app-pieces-jointes//span[1]/input|//app-justificatifs-ptsq//app-justificatif-passeport//app-pieces-jointes//span[1]/input|//app-justificatifs/div[2]/div/p-accordion/div/p-accordiontab[1]/div[2]/div/div[1]/div/app-pieces-jointes[2]/div/span[1]/input|//div/div/app-justificatif-passeport/div/app-pieces-jointes/div/span[1]/input' in '5' second(s)

2023-11-24 15:03:30 - [MESSAGE][PASSED] - File 'C:/Users/ISSAM.RHARBAOUI/git/22_11/ANEF-AutomatizationProject/Data Files/Passeport.pdf' sent to object: 'Object Repository/Page_Justificatifs_Usager/Btn_ChoisirFichier_Passeport'

2023-11-24 15:03:30 - [TEST_STEP][PASSED] - delay(5): Delayed 5 second(s)

2023-11-24 15:03:30 - [MESSAGE][INFO] - Delaying browser in 5 second(s)

2023-11-24 15:03:35 - [MESSAGE][PASSED] - Delayed 5 second(s)

2023-11-24 15:03:35 - [TEST_STEP][PASSED] - setText(findTestObject("Object Repository/Page_Justificatifs_Usager/Input_Numero_Ephoto"), NumEphoto): Text '1PMTYE991215114515JY05' is set on object 'Object Repository/Page_Justificatifs_Usager/Input_Numero_Ephoto'

2023-11-24 15:03:35 - [MESSAGE][INFO] - Finding Test Object 'Object Repository/Page_Justificatifs_Usager/Input_Numero_Ephoto'

2023-11-24 15:03:36 - [MESSAGE][INFO] - Checking timeout

2023-11-24 15:03:36 - [MESSAGE][INFO] - Finding web element with id: 'Object Repository/Page_Justificatifs_Usager/Input_Numero_Ephoto' located by 'By.xpath: //*[@aria-labelledby="PHOTO_NUMBER-label" and @type ="text"]|//*[@aria-labelledby="PHOTO_IDENTITE-label" and @type ="text"]' in '20' second(s)

2023-11-24 15:03:36 - [MESSAGE][INFO] - Smart Wait Function is triggered

2023-11-24 15:03:36 - [MESSAGE][INFO] - Found 1 web elements with id: 'Object Repository/Page_Justificatifs_Usager/Input_Numero_Ephoto' located by 'By.xpath: //*[@aria-labelledby="PHOTO_NUMBER-label" and @type ="text"]|//*[@aria-labelledby="PHOTO_IDENTITE-label" and @type ="text"]' in '20' second(s)

2023-11-24 15:03:36 - [MESSAGE][INFO] - Checking object

2023-11-24 15:03:36 - [MESSAGE][INFO] - Checking text

2023-11-24 15:03:36 - [MESSAGE][INFO] - Finding web element from Test Object's properties

2023-11-24 15:03:36 - [MESSAGE][INFO] - Checking timeout

2023-11-24 15:03:36 - [MESSAGE][INFO] - Finding web element with id: 'Object Repository/Page_Justificatifs_Usager/Input_Numero_Ephoto' located by 'By.xpath: //*[@aria-labelledby="PHOTO_NUMBER-label" and @type ="text"]|//*[@aria-labelledby="PHOTO_IDENTITE-label" and @type ="text"]' in '5' second(s)

2023-11-24 15:03:36 - [MESSAGE][INFO] - Smart Wait Function is triggered

2023-11-24 15:03:36 - [MESSAGE][INFO] - Found 1 web elements with id: 'Object Repository/Page_Justificatifs_Usager/Input_Numero_Ephoto' located by 'By.xpath: //*[@aria-labelledby="PHOTO_NUMBER-label" and @type ="text"]|//*[@aria-labelledby="PHOTO_IDENTITE-label" and @type ="text"]' in '5' second(s)

2023-11-24 15:03:36 - [MESSAGE][INFO] - Clearing text of object 'Object Repository/Page_Justificatifs_Usager/Input_Numero_Ephoto'

2023-11-24 15:03:38 - [MESSAGE][INFO] - Finding web element from Test Object's properties

2023-11-24 15:03:38 - [MESSAGE][INFO] - Checking timeout

2023-11-24 15:03:38 - [MESSAGE][INFO] - Finding web element with id: 'Object Repository/Page_Justificatifs_Usager/Input_Numero_Ephoto' located by 'By.xpath: //*[@aria-labelledby="PHOTO_NUMBER-label" and @type ="text"]|//*[@aria-labelledby="PHOTO_IDENTITE-label" and @type ="text"]' in '5' second(s)

2023-11-24 15:03:38 - [MESSAGE][INFO] - Smart Wait Function is triggered

2023-11-24 15:03:38 - [MESSAGE][INFO] - Found 1 web elements with id: 'Object Repository/Page_Justificatifs_Usager/Input_Numero_Ephoto' located by 'By.xpath: //*[@aria-labelledby="PHOTO_NUMBER-label" and @type ="text"]|//*[@aria-labelledby="PHOTO_IDENTITE-label" and @type ="text"]' in '5' second(s)

2023-11-24 15:03:38 - [MESSAGE][INFO] - Setting text of object 'Object Repository/Page_Justificatifs_Usager/Input_Numero_Ephoto' to value '1PMTYE991215114515JY05'

2023-11-24 15:03:42 - [MESSAGE][PASSED] - Text '1PMTYE991215114515JY05' is set on object 'Object Repository/Page_Justificatifs_Usager/Input_Numero_Ephoto'

2023-11-24 15:03:42 - [TEST_STEP][PASSED] - click(findTestObject("Object Repository/Page_Justificatifs_Usager/Btn_ConfirmerNumeroEphoto")): Object: 'Object Repository/Page_Justificatifs_Usager/Btn_ConfirmerNumeroEphoto' is clicked on

2023-11-24 15:03:42 - [MESSAGE][INFO] - Finding Test Object 'Object Repository/Page_Justificatifs_Usager/Btn_ConfirmerNumeroEphoto'

2023-11-24 15:03:42 - [MESSAGE][INFO] - Checking timeout

2023-11-24 15:03:42 - [MESSAGE][INFO] - Finding web element with id: 'Object Repository/Page_Justificatifs_Usager/Btn_ConfirmerNumeroEphoto' located by 'By.xpath: //div/app-e-photo//div/button/span|//app-justificatifs/div[2]/div/p-accordion/div/p-accordiontab[1]/div[2]/div/div[1]/div/button/span' in '20' second(s)

2023-11-24 15:03:42 - [MESSAGE][INFO] - Smart Wait Function is triggered

2023-11-24 15:03:42 - [MESSAGE][INFO] - Found 1 web elements with id: 'Object Repository/Page_Justificatifs_Usager/Btn_ConfirmerNumeroEphoto' located by 'By.xpath: //div/app-e-photo//div/button/span|//app-justificatifs/div[2]/div/p-accordion/div/p-accordiontab[1]/div[2]/div/div[1]/div/button/span' in '20' second(s)

2023-11-24 15:03:42 - [MESSAGE][INFO] - Checking object

2023-11-24 15:03:42 - [MESSAGE][INFO] - Checking timeout

2023-11-24 15:03:42 - [MESSAGE][INFO] - Finding web element from Test Object's properties

2023-11-24 15:03:42 - [MESSAGE][INFO] - Checking timeout

2023-11-24 15:03:42 - [MESSAGE][INFO] - Finding web element with id: 'Object Repository/Page_Justificatifs_Usager/Btn_ConfirmerNumeroEphoto' located by 'By.xpath: //div/app-e-photo//div/button/span|//app-justificatifs/div[2]/div/p-accordion/div/p-accordiontab[1]/div[2]/div/div[1]/div/button/span' in '5' second(s)

2023-11-24 15:03:42 - [MESSAGE][INFO] - Smart Wait Function is triggered

2023-11-24 15:03:42 - [MESSAGE][INFO] - Found 1 web elements with id: 'Object Repository/Page_Justificatifs_Usager/Btn_ConfirmerNumeroEphoto' located by 'By.xpath: //div/app-e-photo//div/button/span|//app-justificatifs/div[2]/div/p-accordion/div/p-accordiontab[1]/div[2]/div/div[1]/div/button/span' in '5' second(s)

2023-11-24 15:03:42 - [MESSAGE][INFO] - Clicking on object: 'Object Repository/Page_Justificatifs_Usager/Btn_ConfirmerNumeroEphoto'

2023-11-24 15:03:44 - [MESSAGE][PASSED] - Object: 'Object Repository/Page_Justificatifs_Usager/Btn_ConfirmerNumeroEphoto' is clicked on

2023-11-24 15:03:44 - [TEST_STEP][PASSED] - delay(5): Delayed 5 second(s)

2023-11-24 15:03:44 - [MESSAGE][INFO] - Delaying browser in 5 second(s)

2023-11-24 15:03:49 - [MESSAGE][PASSED] - Delayed 5 second(s)

2023-11-24 15:03:49 - [TEST_STEP][PASSED] - uploadFile(findTestObject("Object Repository/Page_Justificatifs_Usager/Btn_ChoisirFichier_Domiciliation"), SpecificDownloadDirectory + "/Domiciliation.pdf"): File 'C:/Users/ISSAM.RHARBAOUI/git/22_11/ANEF-AutomatizationProject/Data Files/Domiciliation.pdf' sent to object: 'Object Repository/Page_Justificatifs_Usager/Btn_ChoisirFichier_Domiciliation'

2023-11-24 15:03:49 - [MESSAGE][INFO] - Finding Test Object 'Object Repository/Page_Justificatifs_Usager/Btn_ChoisirFichier_Domiciliation'

2023-11-24 15:03:49 - [MESSAGE][INFO] - Checking object

2023-11-24 15:03:49 - [MESSAGE][INFO] - Uploading file 'C:/Users/ISSAM.RHARBAOUI/git/22_11/ANEF-AutomatizationProject/Data Files/Domiciliation.pdf' to object: 'Object Repository/Page_Justificatifs_Usager/Btn_ChoisirFichier_Domiciliation'

2023-11-24 15:03:49 - [MESSAGE][INFO] - Finding web element from Test Object's properties

2023-11-24 15:03:49 - [MESSAGE][INFO] - Checking timeout

2023-11-24 15:03:49 - [MESSAGE][INFO] - Finding web element with id: 'Object Repository/Page_Justificatifs_Usager/Btn_ChoisirFichier_Domiciliation' located by 'By.xpath: //app-justificatifs-visiteur//app-justificatifs-domiciliation//app-pieces-jointes//span[1]/input|//app-justificatifs-ptsq//app-justificatifs-domiciliation//app-pieces-jointes//span[1]/input|//app-justificatifs/div[2]/div/p-accordion/div/p-accordiontab[1]/div[2]/div/div[2]/div/app-pieces-jointes/div/span[1]/input|//div/app-justificatifs-domiciliation/div/div/app-pieces-jointes/div/span[1]/input' in '5' second(s)

2023-11-24 15:03:49 - [MESSAGE][INFO] - Smart Wait Function is triggered

2023-11-24 15:03:49 - [MESSAGE][INFO] - Found 1 web elements with id: 'Object Repository/Page_Justificatifs_Usager/Btn_ChoisirFichier_Domiciliation' located by 'By.xpath: //app-justificatifs-visiteur//app-justificatifs-domiciliation//app-pieces-jointes//span[1]/input|//app-justificatifs-ptsq//app-justificatifs-domiciliation//app-pieces-jointes//span[1]/input|//app-justificatifs/div[2]/div/p-accordion/div/p-accordiontab[1]/div[2]/div/div[2]/div/app-pieces-jointes/div/span[1]/input|//div/app-justificatifs-domiciliation/div/div/app-pieces-jointes/div/span[1]/input' in '5' second(s)

2023-11-24 15:03:51 - [MESSAGE][PASSED] - File 'C:/Users/ISSAM.RHARBAOUI/git/22_11/ANEF-AutomatizationProject/Data Files/Domiciliation.pdf' sent to object: 'Object Repository/Page_Justificatifs_Usager/Btn_ChoisirFichier_Domiciliation'

2023-11-24 15:03:51 - [TEST_STEP][PASSED] - delay(5): Delayed 5 second(s)

2023-11-24 15:03:51 - [MESSAGE][INFO] - Delaying browser in 5 second(s)

2023-11-24 15:03:56 - [MESSAGE][PASSED] - Delayed 5 second(s)

2023-11-24 15:03:56 - [TEST_STEP][PASSED] - uploadFile(findTestObject("Object Repository/Page_Justificatifs_Usager/Btn_ChoisirFichier_JustificatifsInvestissement"), SpecificDownloadDirectory + "/JustificatifsInvestissement.pdf"): File 'C:/Users/ISSAM.RHARBAOUI/git/22_11/ANEF-AutomatizationProject/Data Files/JustificatifsInvestissement.pdf' sent to object: 'Object Repository/Page_Justificatifs_Usager/Btn_ChoisirFichier_JustificatifsInvestissement'

2023-11-24 15:03:56 - [MESSAGE][INFO] - Finding Test Object 'Object Repository/Page_Justificatifs_Usager/Btn_ChoisirFichier_JustificatifsInvestissement'

2023-11-24 15:03:56 - [MESSAGE][INFO] - Checking object

2023-11-24 15:03:56 - [MESSAGE][INFO] - Uploading file 'C:/Users/ISSAM.RHARBAOUI/git/22_11/ANEF-AutomatizationProject/Data Files/JustificatifsInvestissement.pdf' to object: 'Object Repository/Page_Justificatifs_Usager/Btn_ChoisirFichier_JustificatifsInvestissement'

2023-11-24 15:03:56 - [MESSAGE][INFO] - Finding web element from Test Object's properties

2023-11-24 15:03:56 - [MESSAGE][INFO] - Checking timeout

2023-11-24 15:03:56 - [MESSAGE][INFO] - Finding web element with id: 'Object Repository/Page_Justificatifs_Usager/Btn_ChoisirFichier_JustificatifsInvestissement' located by 'By.xpath: //div/div[9]/app-justificatifs-motif-sejour/div/app-pieces-jointes/div/span[1]/input|//div/div[1]/app-justificatifs-motif-sejour/div/app-pieces-jointes/div/span[1]/input
' in '5' second(s)

2023-11-24 15:03:56 - [MESSAGE][INFO] - Smart Wait Function is triggered

2023-11-24 15:03:56 - [MESSAGE][INFO] - Found 1 web elements with id: 'Object Repository/Page_Justificatifs_Usager/Btn_ChoisirFichier_JustificatifsInvestissement' located by 'By.xpath: //div/div[9]/app-justificatifs-motif-sejour/div/app-pieces-jointes/div/span[1]/input|//div/div[1]/app-justificatifs-motif-sejour/div/app-pieces-jointes/div/span[1]/input
' in '5' second(s)

2023-11-24 15:03:58 - [MESSAGE][PASSED] - File 'C:/Users/ISSAM.RHARBAOUI/git/22_11/ANEF-AutomatizationProject/Data Files/JustificatifsInvestissement.pdf' sent to object: 'Object Repository/Page_Justificatifs_Usager/Btn_ChoisirFichier_JustificatifsInvestissement'

2023-11-24 15:03:58 - [TEST_STEP][PASSED] - delay(5): Delayed 5 second(s)

2023-11-24 15:03:58 - [MESSAGE][INFO] - Delaying browser in 5 second(s)

2023-11-24 15:04:03 - [MESSAGE][PASSED] - Delayed 5 second(s)

2023-11-24 15:04:03 - [TEST_STEP][FAILED] - if (TypeTitreDeSejour == "CreateurDEntreprise"): Unable to set text '1PMTYE991215114515JY05' of object 'Object Repository/Page_Justificatifs_Usager/Input_Numero_Ephoto' (Root cause: com.kms.katalon.core.exception.StepFailedException: Unable to set text '1PMTYE991215114515JY05' of object 'Object Repository/Page_Justificatifs_Usager/Input_Numero_Ephoto'
	at com.kms.katalon.core.webui.keyword.internal.WebUIKeywordMain.stepFailed(WebUIKeywordMain.groovy:64)
	at com.kms.katalon.core.webui.keyword.internal.WebUIKeywordMain.runKeyword(WebUIKeywordMain.groovy:26)
	at com.kms.katalon.core.webui.keyword.builtin.SetTextKeyword.setText(SetTextKeyword.groovy:66)
	at com.kms.katalon.core.webui.keyword.builtin.SetTextKeyword.execute(SetTextKeyword.groovy:37)
	at com.kms.katalon.core.keyword.internal.KeywordExecutor.executeKeywordForPlatform(KeywordExecutor.groovy:74)
	at com.kms.katalon.core.webui.keyword.WebUiBuiltInKeywords.setText(WebUiBuiltInKeywords.groovy:980)
	at com.kazurayam.ksbackyard.HighlightElement$_pandemic_closure1.doCall(HighlightElement.groovy:105)
	at FormulaireJustificatifs.run(FormulaireJustificatifs:281)
	at com.kms.katalon.core.main.ScriptEngine.run(ScriptEngine.java:194)
	at com.kms.katalon.core.main.ScriptEngine.runScriptAsRawText(ScriptEngine.java:119)
	at com.kms.katalon.core.main.TestCaseExecutor.runScript(TestCaseExecutor.java:448)
	at com.kms.katalon.core.main.TestCaseExecutor.doExecute(TestCaseExecutor.java:439)
	at com.kms.katalon.core.main.TestCaseExecutor.processExecutionPhase(TestCaseExecutor.java:418)
	at com.kms.katalon.core.main.TestCaseExecutor.accessMainPhase(TestCaseExecutor.java:410)
	at com.kms.katalon.core.main.TestCaseExecutor.execute(TestCaseExecutor.java:285)
	at com.kms.katalon.core.main.TestCaseMain.runTestCase(TestCaseMain.java:144)
	at com.kms.katalon.core.keyword.builtin.CallTestCaseKeyword$_callTestCase_closure1.doCall(CallTestCaseKeyword.groovy:59)
	at com.kms.katalon.core.keyword.builtin.CallTestCaseKeyword$_callTestCase_closure1.call(CallTestCaseKeyword.groovy)
	at com.kms.katalon.core.keyword.internal.KeywordMain.runKeyword(KeywordMain.groovy:75)
	at com.kms.katalon.core.keyword.builtin.CallTestCaseKeyword.callTestCase(CallTestCaseKeyword.groovy:81)
	at com.kms.katalon.core.keyword.builtin.CallTestCaseKeyword.execute(CallTestCaseKeyword.groovy:44)
	at com.kms.katalon.core.keyword.internal.KeywordExecutor.executeKeywordForPlatform(KeywordExecutor.groovy:74)
	at com.kms.katalon.core.keyword.BuiltinKeywords.callTestCase(BuiltinKeywords.groovy:310)
	at com.kazurayam.ksbackyard.HighlightElement$_pandemic_closure1.doCall(HighlightElement.groovy:105)
	at TNR R.TSPT Supp90-Etudiant.run(TNR R.TSPT Supp90-Etudiant:62)
	at com.kms.katalon.core.main.ScriptEngine.run(ScriptEngine.java:194)
	at com.kms.katalon.core.main.ScriptEngine.runScriptAsRawText(ScriptEngine.java:119)
	at com.kms.katalon.core.main.TestCaseExecutor.runScript(TestCaseExecutor.java:448)
	at com.kms.katalon.core.main.TestCaseExecutor.doExecute(TestCaseExecutor.java:439)
	at com.kms.katalon.core.main.TestCaseExecutor.processExecutionPhase(TestCaseExecutor.java:418)
	at com.kms.katalon.core.main.TestCaseExecutor.accessMainPhase(TestCaseExecutor.java:410)
	at com.kms.katalon.core.main.TestCaseExecutor.execute(TestCaseExecutor.java:285)
	at com.kms.katalon.core.common.CommonExecutor.accessTestCaseMainPhase(CommonExecutor.java:65)
	at com.kms.katalon.core.main.TestSuiteExecutor.accessTestSuiteMainPhase(TestSuiteExecutor.java:148)
	at com.kms.katalon.core.main.TestSuiteExecutor.execute(TestSuiteExecutor.java:106)
	at com.kms.katalon.core.main.TestCaseMain.startTestSuite(TestCaseMain.java:187)
	at com.kms.katalon.core.main.TestCaseMain$startTestSuite$0.call(Unknown Source)
	at TempTestSuite1700834005381.run(TempTestSuite1700834005381.groovy:36)
Caused by: com.kms.katalon.core.webui.exception.WebElementNotFoundException: Web element with id: 'Object Repository/Page_Justificatifs_Usager/Input_Numero_Ephoto' located by '//*[@aria-labelledby="PHOTO_NUMBER-label" and @type ="text"]|//*[@aria-labelledby="PHOTO_IDENTITE-label" and @type ="text"]' not found
	at com.kms.katalon.core.webui.common.WebUiCommonHelper.findWebElement(WebUiCommonHelper.java:1381)
	at com.kms.katalon.core.webui.keyword.internal.WebUIAbstractKeyword.findWebElement(WebUIAbstractKeyword.groovy:27)
	at com.kms.katalon.core.webui.keyword.internal.WebUIAbstractKeyword.findWebElement(WebUIAbstractKeyword.groovy:26)
	at com.kms.katalon.core.webui.keyword.builtin.SetTextKeyword$_setText_closure1.doCall(SetTextKeyword.groovy:51)
	at com.kms.katalon.core.webui.keyword.builtin.SetTextKeyword$_setText_closure1.call(SetTextKeyword.groovy)
	at com.kms.katalon.core.webui.keyword.internal.WebUIKeywordMain.runKeyword(WebUIKeywordMain.groovy:20)
	at com.kms.katalon.core.webui.keyword.builtin.SetTextKeyword.setText(SetTextKeyword.groovy:66)
	at com.kms.katalon.core.webui.keyword.builtin.SetTextKeyword.execute(SetTextKeyword.groovy:37)
	at com.kms.katalon.core.keyword.internal.KeywordExecutor.executeKeywordForPlatform(KeywordExecutor.groovy:74)
	at com.kms.katalon.core.webui.keyword.WebUiBuiltInKeywords.setText(WebUiBuiltInKeywords.groovy:980)
	at com.kazurayam.ksbackyard.HighlightElement$_pandemic_closure1.doCall(HighlightElement.groovy:105)
	at Script1695813884754.run(Script1695813884754.groovy:281)
	at com.kms.katalon.core.main.ScriptEngine.run(ScriptEngine.java:194)
	at com.kms.katalon.core.main.ScriptEngine.runScriptAsRawText(ScriptEngine.java:119)
	at com.kms.katalon.core.main.TestCaseExecutor.runScript(TestCaseExecutor.java:448)
	at com.kms.katalon.core.main.TestCaseExecutor.doExecute(TestCaseExecutor.java:439)
	at com.kms.katalon.core.main.TestCaseExecutor.processExecutionPhase(TestCaseExecutor.java:418)
	at com.kms.katalon.core.main.TestCaseExecutor.accessMainPhase(TestCaseExecutor.java:410)
	at com.kms.katalon.core.main.TestCaseExecutor.execute(TestCaseExecutor.java:285)
	at com.kms.katalon.core.main.TestCaseMain.runTestCase(TestCaseMain.java:144)
	at com.kms.katalon.core.keyword.builtin.CallTestCaseKeyword$_callTestCase_closure1.doCall(CallTestCaseKeyword.groovy:59)
	at com.kms.katalon.core.keyword.builtin.CallTestCaseKeyword$_callTestCase_closure1.call(CallTestCaseKeyword.groovy)
	at com.kms.katalon.core.keyword.internal.KeywordMain.runKeyword(KeywordMain.groovy:75)
	at com.kms.katalon.core.keyword.builtin.CallTestCaseKeyword.callTestCase(CallTestCaseKeyword.groovy:81)
	at com.kms.katalon.core.keyword.builtin.CallTestCaseKeyword.execute(CallTestCaseKeyword.groovy:44)
	at com.kms.katalon.core.keyword.internal.KeywordExecutor.executeKeywordForPlatform(KeywordExecutor.groovy:74)
	at com.kms.katalon.core.keyword.BuiltinKeywords.callTestCase(BuiltinKeywords.groovy:310)
	at com.kazurayam.ksbackyard.HighlightElement$_pandemic_closure1.doCall(HighlightElement.groovy:105)
	at Script1697546404945.run(Script1697546404945.groovy:62)
	... 13 more
)

2023-11-24 15:04:03 - [TEST_STEP][FAILED] - setText(findTestObject("Object Repository/Page_Justificatifs_Usager/Input_Numero_Ephoto"), NumEphoto): Unable to set text '1PMTYE991215114515JY05' of object 'Object Repository/Page_Justificatifs_Usager/Input_Numero_Ephoto' (Root cause: com.kms.katalon.core.exception.StepFailedException: Unable to set text '1PMTYE991215114515JY05' of object 'Object Repository/Page_Justificatifs_Usager/Input_Numero_Ephoto'
	at com.kms.katalon.core.webui.keyword.internal.WebUIKeywordMain.stepFailed(WebUIKeywordMain.groovy:64)
	at com.kms.katalon.core.webui.keyword.internal.WebUIKeywordMain.runKeyword(WebUIKeywordMain.groovy:26)
	at com.kms.katalon.core.webui.keyword.builtin.SetTextKeyword.setText(SetTextKeyword.groovy:66)
	at com.kms.katalon.core.webui.keyword.builtin.SetTextKeyword.execute(SetTextKeyword.groovy:37)
	at com.kms.katalon.core.keyword.internal.KeywordExecutor.executeKeywordForPlatform(KeywordExecutor.groovy:74)
	at com.kms.katalon.core.webui.keyword.WebUiBuiltInKeywords.setText(WebUiBuiltInKeywords.groovy:980)
	at com.kazurayam.ksbackyard.HighlightElement$_pandemic_closure1.doCall(HighlightElement.groovy:105)
	at FormulaireJustificatifs.run(FormulaireJustificatifs:281)
	at com.kms.katalon.core.main.ScriptEngine.run(ScriptEngine.java:194)
	at com.kms.katalon.core.main.ScriptEngine.runScriptAsRawText(ScriptEngine.java:119)
	at com.kms.katalon.core.main.TestCaseExecutor.runScript(TestCaseExecutor.java:448)
	at com.kms.katalon.core.main.TestCaseExecutor.doExecute(TestCaseExecutor.java:439)
	at com.kms.katalon.core.main.TestCaseExecutor.processExecutionPhase(TestCaseExecutor.java:418)
	at com.kms.katalon.core.main.TestCaseExecutor.accessMainPhase(TestCaseExecutor.java:410)
	at com.kms.katalon.core.main.TestCaseExecutor.execute(TestCaseExecutor.java:285)
	at com.kms.katalon.core.main.TestCaseMain.runTestCase(TestCaseMain.java:144)
	at com.kms.katalon.core.keyword.builtin.CallTestCaseKeyword$_callTestCase_closure1.doCall(CallTestCaseKeyword.groovy:59)
	at com.kms.katalon.core.keyword.builtin.CallTestCaseKeyword$_callTestCase_closure1.call(CallTestCaseKeyword.groovy)
	at com.kms.katalon.core.keyword.internal.KeywordMain.runKeyword(KeywordMain.groovy:75)
	at com.kms.katalon.core.keyword.builtin.CallTestCaseKeyword.callTestCase(CallTestCaseKeyword.groovy:81)
	at com.kms.katalon.core.keyword.builtin.CallTestCaseKeyword.execute(CallTestCaseKeyword.groovy:44)
	at com.kms.katalon.core.keyword.internal.KeywordExecutor.executeKeywordForPlatform(KeywordExecutor.groovy:74)
	at com.kms.katalon.core.keyword.BuiltinKeywords.callTestCase(BuiltinKeywords.groovy:310)
	at com.kazurayam.ksbackyard.HighlightElement$_pandemic_closure1.doCall(HighlightElement.groovy:105)
	at TNR R.TSPT Supp90-Etudiant.run(TNR R.TSPT Supp90-Etudiant:62)
	at com.kms.katalon.core.main.ScriptEngine.run(ScriptEngine.java:194)
	at com.kms.katalon.core.main.ScriptEngine.runScriptAsRawText(ScriptEngine.java:119)
	at com.kms.katalon.core.main.TestCaseExecutor.runScript(TestCaseExecutor.java:448)
	at com.kms.katalon.core.main.TestCaseExecutor.doExecute(TestCaseExecutor.java:439)
	at com.kms.katalon.core.main.TestCaseExecutor.processExecutionPhase(TestCaseExecutor.java:418)
	at com.kms.katalon.core.main.TestCaseExecutor.accessMainPhase(TestCaseExecutor.java:410)
	at com.kms.katalon.core.main.TestCaseExecutor.execute(TestCaseExecutor.java:285)
	at com.kms.katalon.core.common.CommonExecutor.accessTestCaseMainPhase(CommonExecutor.java:65)
	at com.kms.katalon.core.main.TestSuiteExecutor.accessTestSuiteMainPhase(TestSuiteExecutor.java:148)
	at com.kms.katalon.core.main.TestSuiteExecutor.execute(TestSuiteExecutor.java:106)
	at com.kms.katalon.core.main.TestCaseMain.startTestSuite(TestCaseMain.java:187)
	at com.kms.katalon.core.main.TestCaseMain$startTestSuite$0.call(Unknown Source)
	at TempTestSuite1700834005381.run(TempTestSuite1700834005381.groovy:36)
Caused by: com.kms.katalon.core.webui.exception.WebElementNotFoundException: Web element with id: 'Object Repository/Page_Justificatifs_Usager/Input_Numero_Ephoto' located by '//*[@aria-labelledby="PHOTO_NUMBER-label" and @type ="text"]|//*[@aria-labelledby="PHOTO_IDENTITE-label" and @type ="text"]' not found
	at com.kms.katalon.core.webui.common.WebUiCommonHelper.findWebElement(WebUiCommonHelper.java:1381)
	at com.kms.katalon.core.webui.keyword.internal.WebUIAbstractKeyword.findWebElement(WebUIAbstractKeyword.groovy:27)
	at com.kms.katalon.core.webui.keyword.internal.WebUIAbstractKeyword.findWebElement(WebUIAbstractKeyword.groovy:26)
	at com.kms.katalon.core.webui.keyword.builtin.SetTextKeyword$_setText_closure1.doCall(SetTextKeyword.groovy:51)
	at com.kms.katalon.core.webui.keyword.builtin.SetTextKeyword$_setText_closure1.call(SetTextKeyword.groovy)
	at com.kms.katalon.core.webui.keyword.internal.WebUIKeywordMain.runKeyword(WebUIKeywordMain.groovy:20)
	at com.kms.katalon.core.webui.keyword.builtin.SetTextKeyword.setText(SetTextKeyword.groovy:66)
	at com.kms.katalon.core.webui.keyword.builtin.SetTextKeyword.execute(SetTextKeyword.groovy:37)
	at com.kms.katalon.core.keyword.internal.KeywordExecutor.executeKeywordForPlatform(KeywordExecutor.groovy:74)
	at com.kms.katalon.core.webui.keyword.WebUiBuiltInKeywords.setText(WebUiBuiltInKeywords.groovy:980)
	at com.kazurayam.ksbackyard.HighlightElement$_pandemic_closure1.doCall(HighlightElement.groovy:105)
	at Script1695813884754.run(Script1695813884754.groovy:281)
	at com.kms.katalon.core.main.ScriptEngine.run(ScriptEngine.java:194)
	at com.kms.katalon.core.main.ScriptEngine.runScriptAsRawText(ScriptEngine.java:119)
	at com.kms.katalon.core.main.TestCaseExecutor.runScript(TestCaseExecutor.java:448)
	at com.kms.katalon.core.main.TestCaseExecutor.doExecute(TestCaseExecutor.java:439)
	at com.kms.katalon.core.main.TestCaseExecutor.processExecutionPhase(TestCaseExecutor.java:418)
	at com.kms.katalon.core.main.TestCaseExecutor.accessMainPhase(TestCaseExecutor.java:410)
	at com.kms.katalon.core.main.TestCaseExecutor.execute(TestCaseExecutor.java:285)
	at com.kms.katalon.core.main.TestCaseMain.runTestCase(TestCaseMain.java:144)
	at com.kms.katalon.core.keyword.builtin.CallTestCaseKeyword$_callTestCase_closure1.doCall(CallTestCaseKeyword.groovy:59)
	at com.kms.katalon.core.keyword.builtin.CallTestCaseKeyword$_callTestCase_closure1.call(CallTestCaseKeyword.groovy)
	at com.kms.katalon.core.keyword.internal.KeywordMain.runKeyword(KeywordMain.groovy:75)
	at com.kms.katalon.core.keyword.builtin.CallTestCaseKeyword.callTestCase(CallTestCaseKeyword.groovy:81)
	at com.kms.katalon.core.keyword.builtin.CallTestCaseKeyword.execute(CallTestCaseKeyword.groovy:44)
	at com.kms.katalon.core.keyword.internal.KeywordExecutor.executeKeywordForPlatform(KeywordExecutor.groovy:74)
	at com.kms.katalon.core.keyword.BuiltinKeywords.callTestCase(BuiltinKeywords.groovy:310)
	at com.kazurayam.ksbackyard.HighlightElement$_pandemic_closure1.doCall(HighlightElement.groovy:105)
	at Script1697546404945.run(Script1697546404945.groovy:62)
	... 13 more
)

2023-11-24 15:04:03 - [MESSAGE][INFO] - Finding Test Object 'Object Repository/Page_Justificatifs_Usager/Input_Numero_Ephoto'

2023-11-24 15:04:03 - [MESSAGE][INFO] - Checking timeout

2023-11-24 15:04:03 - [MESSAGE][INFO] - Finding web element with id: 'Object Repository/Page_Justificatifs_Usager/Input_Numero_Ephoto' located by 'By.xpath: //*[@aria-labelledby="PHOTO_NUMBER-label" and @type ="text"]|//*[@aria-labelledby="PHOTO_IDENTITE-label" and @type ="text"]' in '20' second(s)

2023-11-24 15:04:03 - [MESSAGE][INFO] - Smart Wait Function is triggered

2023-11-24 15:04:03 - [MESSAGE][INFO] - Smart Wait Function is triggered

2023-11-24 15:04:03 - [MESSAGE][INFO] - Smart Wait Function is triggered

2023-11-24 15:04:03 - [MESSAGE][INFO] - Smart Wait Function is triggered

2023-11-24 15:04:03 - [MESSAGE][INFO] - Smart Wait Function is triggered

2023-11-24 15:04:03 - [MESSAGE][INFO] - Smart Wait Function is triggered

2023-11-24 15:04:03 - [MESSAGE][INFO] - Smart Wait Function is triggered

2023-11-24 15:04:04 - [MESSAGE][INFO] - Smart Wait Function is triggered

2023-11-24 15:04:04 - [MESSAGE][INFO] - Smart Wait Function is triggered

2023-11-24 15:04:04 - [MESSAGE][INFO] - Smart Wait Function is triggered

2023-11-24 15:04:04 - [MESSAGE][INFO] - Smart Wait Function is triggered

2023-11-24 15:04:04 - [MESSAGE][INFO] - Smart Wait Function is triggered

2023-11-24 15:04:04 - [MESSAGE][INFO] - Smart Wait Function is triggered

2023-11-24 15:04:04 - [MESSAGE][INFO] - Smart Wait Function is triggered

2023-11-24 15:04:04 - [MESSAGE][INFO] - Smart Wait Function is triggered

2023-11-24 15:04:04 - [MESSAGE][INFO] - Smart Wait Function is triggered

2023-11-24 15:04:04 - [MESSAGE][INFO] - Smart Wait Function is triggered

2023-11-24 15:04:04 - [MESSAGE][INFO] - Smart Wait Function is triggered

2023-11-24 15:04:04 - [MESSAGE][INFO] - Smart Wait Function is triggered

2023-11-24 15:04:04 - [MESSAGE][INFO] - Smart Wait Function is triggered

2023-11-24 15:04:04 - [MESSAGE][INFO] - Smart Wait Function is triggered

2023-11-24 15:04:04 - [MESSAGE][INFO] - Smart Wait Function is triggered

2023-11-24 15:04:04 - [MESSAGE][INFO] - Smart Wait Function is triggered

2023-11-24 15:04:04 - [MESSAGE][INFO] - Smart Wait Function is triggered

2023-11-24 15:04:04 - [MESSAGE][INFO] - Smart Wait Function is triggered

2023-11-24 15:04:04 - [MESSAGE][INFO] - Smart Wait Function is triggered

2023-11-24 15:04:04 - [MESSAGE][INFO] - Smart Wait Function is triggered

2023-11-24 15:04:04 - [MESSAGE][INFO] - Smart Wait Function is triggered

2023-11-24 15:04:04 - [MESSAGE][INFO] - Smart Wait Function is triggered

2023-11-24 15:04:04 - [MESSAGE][INFO] - Smart Wait Function is triggered

2023-11-24 15:04:04 - [MESSAGE][INFO] - Smart Wait Function is triggered

2023-11-24 15:04:04 - [MESSAGE][INFO] - Smart Wait Function is triggered

2023-11-24 15:04:04 - [MESSAGE][INFO] - Smart Wait Function is triggered

2023-11-24 15:04:04 - [MESSAGE][INFO] - Smart Wait Function is triggered

2023-11-24 15:04:04 - [MESSAGE][INFO] - Smart Wait Function is triggered

2023-11-24 15:04:04 - [MESSAGE][INFO] - Smart Wait Function is triggered

2023-11-24 15:04:04 - [MESSAGE][INFO] - Smart Wait Function is triggered

2023-11-24 15:04:04 - [MESSAGE][INFO] - Smart Wait Function is triggered

2023-11-24 15:04:04 - [MESSAGE][INFO] - Smart Wait Function is triggered

2023-11-24 15:04:04 - [MESSAGE][INFO] - Smart Wait Function is triggered

2023-11-24 15:04:04 - [MESSAGE][INFO] - Smart Wait Function is triggered

2023-11-24 15:04:04 - [MESSAGE][INFO] - Smart Wait Function is triggered

2023-11-24 15:04:04 - [MESSAGE][INFO] - Smart Wait Function is triggered

2023-11-24 15:04:04 - [MESSAGE][INFO] - Smart Wait Function is triggered

2023-11-24 15:04:04 - [MESSAGE][INFO] - Smart Wait Function is triggered

2023-11-24 15:04:04 - [MESSAGE][INFO] - Smart Wait Function is triggered

2023-11-24 15:04:04 - [MESSAGE][INFO] - Smart Wait Function is triggered

2023-11-24 15:04:04 - [MESSAGE][INFO] - Smart Wait Function is triggered

2023-11-24 15:04:04 - [MESSAGE][INFO] - Smart Wait Function is triggered

2023-11-24 15:04:04 - [MESSAGE][INFO] - Smart Wait Function is triggered

2023-11-24 15:04:04 - [MESSAGE][INFO] - Smart Wait Function is triggered

2023-11-24 15:04:04 - [MESSAGE][INFO] - Smart Wait Function is triggered

2023-11-24 15:04:04 - [MESSAGE][INFO] - Smart Wait Function is triggered

2023-11-24 15:04:04 - [MESSAGE][INFO] - Smart Wait Function is triggered

2023-11-24 15:04:04 - [MESSAGE][INFO] - Smart Wait Function is triggered

2023-11-24 15:04:05 - [MESSAGE][INFO] - Smart Wait Function is triggered

2023-11-24 15:04:05 - [MESSAGE][INFO] - Smart Wait Function is triggered

2023-11-24 15:04:05 - [MESSAGE][INFO] - Smart Wait Function is triggered

2023-11-24 15:04:05 - [MESSAGE][INFO] - Smart Wait Function is triggered

2023-11-24 15:04:05 - [MESSAGE][INFO] - Smart Wait Function is triggered

2023-11-24 15:04:05 - [MESSAGE][INFO] - Smart Wait Function is triggered

2023-11-24 15:04:05 - [MESSAGE][INFO] - Smart Wait Function is triggered

2023-11-24 15:04:05 - [MESSAGE][INFO] - Smart Wait Function is triggered

2023-11-24 15:04:05 - [MESSAGE][INFO] - Smart Wait Function is triggered

2023-11-24 15:04:05 - [MESSAGE][INFO] - Smart Wait Function is triggered

2023-11-24 15:04:05 - [MESSAGE][INFO] - Smart Wait Function is triggered

2023-11-24 15:04:05 - [MESSAGE][INFO] - Smart Wait Function is triggered

2023-11-24 15:04:05 - [MESSAGE][INFO] - Smart Wait Function is triggered

2023-11-24 15:04:05 - [MESSAGE][INFO] - Smart Wait Function is triggered

2023-11-24 15:04:05 - [MESSAGE][INFO] - Smart Wait Function is triggered

2023-11-24 15:04:05 - [MESSAGE][INFO] - Smart Wait Function is triggered

2023-11-24 15:04:05 - [MESSAGE][INFO] - Smart Wait Function is triggered

2023-11-24 15:04:05 - [MESSAGE][INFO] - Smart Wait Function is triggered

2023-11-24 15:04:05 - [MESSAGE][INFO] - Smart Wait Function is triggered

2023-11-24 15:04:05 - [MESSAGE][INFO] - Smart Wait Function is triggered

2023-11-24 15:04:05 - [MESSAGE][INFO] - Smart Wait Function is triggered

2023-11-24 15:04:05 - [MESSAGE][INFO] - Smart Wait Function is triggered

2023-11-24 15:04:05 - [MESSAGE][INFO] - Smart Wait Function is triggered

2023-11-24 15:04:05 - [MESSAGE][INFO] - Smart Wait Function is triggered

2023-11-24 15:04:05 - [MESSAGE][INFO] - Smart Wait Function is triggered

2023-11-24 15:04:05 - [MESSAGE][INFO] - Smart Wait Function is triggered

2023-11-24 15:04:05 - [MESSAGE][INFO] - Smart Wait Function is triggered

2023-11-24 15:04:05 - [MESSAGE][INFO] - Smart Wait Function is triggered

2023-11-24 15:04:05 - [MESSAGE][INFO] - Smart Wait Function is triggered

2023-11-24 15:04:05 - [MESSAGE][INFO] - Smart Wait Function is triggered

2023-11-24 15:04:05 - [MESSAGE][INFO] - Smart Wait Function is triggered

2023-11-24 15:04:05 - [MESSAGE][INFO] - Smart Wait Function is triggered

2023-11-24 15:04:05 - [MESSAGE][INFO] - Smart Wait Function is triggered

2023-11-24 15:04:05 - [MESSAGE][INFO] - Smart Wait Function is triggered

2023-11-24 15:04:05 - [MESSAGE][INFO] - Smart Wait Function is triggered

2023-11-24 15:04:05 - [MESSAGE][INFO] - Smart Wait Function is triggered

2023-11-24 15:04:05 - [MESSAGE][INFO] - Smart Wait Function is triggered

2023-11-24 15:04:05 - [MESSAGE][INFO] - Smart Wait Function is triggered

2023-11-24 15:04:05 - [MESSAGE][INFO] - Smart Wait Function is triggered

2023-11-24 15:04:05 - [MESSAGE][INFO] - Smart Wait Function is triggered

2023-11-24 15:04:05 - [MESSAGE][INFO] - Smart Wait Function is triggered

2023-11-24 15:04:05 - [MESSAGE][INFO] - Smart Wait Function is triggered

2023-11-24 15:04:05 - [MESSAGE][INFO] - Smart Wait Function is triggered

2023-11-24 15:04:05 - [MESSAGE][INFO] - Smart Wait Function is triggered

2023-11-24 15:04:06 - [MESSAGE][INFO] - Smart Wait Function is triggered

2023-11-24 15:04:06 - [MESSAGE][INFO] - Smart Wait Function is triggered

2023-11-24 15:04:06 - [MESSAGE][INFO] - Smart Wait Function is triggered

2023-11-24 15:04:06 - [MESSAGE][INFO] - Smart Wait Function is triggered

2023-11-24 15:04:06 - [MESSAGE][INFO] - Smart Wait Function is triggered

2023-11-24 15:04:06 - [MESSAGE][INFO] - Smart Wait Function is triggered

2023-11-24 15:04:06 - [MESSAGE][INFO] - Smart Wait Function is triggered

2023-11-24 15:04:06 - [MESSAGE][INFO] - Smart Wait Function is triggered

2023-11-24 15:04:06 - [MESSAGE][INFO] - Smart Wait Function is triggered

2023-11-24 15:04:06 - [MESSAGE][INFO] - Smart Wait Function is triggered

2023-11-24 15:04:06 - [MESSAGE][INFO] - Smart Wait Function is triggered

2023-11-24 15:04:06 - [MESSAGE][INFO] - Smart Wait Function is triggered

2023-11-24 15:04:06 - [MESSAGE][INFO] - Smart Wait Function is triggered

2023-11-24 15:04:06 - [MESSAGE][INFO] - Smart Wait Function is triggered

2023-11-24 15:04:06 - [MESSAGE][INFO] - Smart Wait Function is triggered

2023-11-24 15:04:06 - [MESSAGE][INFO] - Smart Wait Function is triggered

2023-11-24 15:04:06 - [MESSAGE][INFO] - Smart Wait Function is triggered

2023-11-24 15:04:06 - [MESSAGE][INFO] - Smart Wait Function is triggered

2023-11-24 15:04:06 - [MESSAGE][INFO] - Smart Wait Function is triggered

2023-11-24 15:04:06 - [MESSAGE][INFO] - Smart Wait Function is triggered

2023-11-24 15:04:06 - [MESSAGE][INFO] - Smart Wait Function is triggered

2023-11-24 15:04:06 - [MESSAGE][INFO] - Smart Wait Function is triggered

2023-11-24 15:04:06 - [MESSAGE][INFO] - Smart Wait Function is triggered

2023-11-24 15:04:06 - [MESSAGE][INFO] - Smart Wait Function is triggered

2023-11-24 15:04:06 - [MESSAGE][INFO] - Smart Wait Function is triggered

2023-11-24 15:04:06 - [MESSAGE][INFO] - Smart Wait Function is triggered

2023-11-24 15:04:06 - [MESSAGE][INFO] - Smart Wait Function is triggered

2023-11-24 15:04:06 - [MESSAGE][INFO] - Smart Wait Function is triggered

2023-11-24 15:04:06 - [MESSAGE][INFO] - Smart Wait Function is triggered

2023-11-24 15:04:06 - [MESSAGE][INFO] - Smart Wait Function is triggered

2023-11-24 15:04:06 - [MESSAGE][INFO] - Smart Wait Function is triggered

2023-11-24 15:04:06 - [MESSAGE][INFO] - Smart Wait Function is triggered

2023-11-24 15:04:06 - [MESSAGE][INFO] - Smart Wait Function is triggered

2023-11-24 15:04:06 - [MESSAGE][INFO] - Smart Wait Function is triggered

2023-11-24 15:04:06 - [MESSAGE][INFO] - Smart Wait Function is triggered

2023-11-24 15:04:06 - [MESSAGE][INFO] - Smart Wait Function is triggered

2023-11-24 15:04:06 - [MESSAGE][INFO] - Smart Wait Function is triggered

2023-11-24 15:04:06 - [MESSAGE][INFO] - Smart Wait Function is triggered

2023-11-24 15:04:06 - [MESSAGE][INFO] - Smart Wait Function is triggered

2023-11-24 15:04:06 - [MESSAGE][INFO] - Smart Wait Function is triggered

2023-11-24 15:04:06 - [MESSAGE][INFO] - Smart Wait Function is triggered

2023-11-24 15:04:06 - [MESSAGE][INFO] - Smart Wait Function is triggered

2023-11-24 15:04:06 - [MESSAGE][INFO] - Smart Wait Function is triggered

2023-11-24 15:04:06 - [MESSAGE][INFO] - Smart Wait Function is triggered

2023-11-24 15:04:06 - [MESSAGE][INFO] - Smart Wait Function is triggered

2023-11-24 15:04:07 - [MESSAGE][INFO] - Smart Wait Function is triggered

2023-11-24 15:04:07 - [MESSAGE][INFO] - Smart Wait Function is triggered

2023-11-24 15:04:07 - [MESSAGE][INFO] - Smart Wait Function is triggered

2023-11-24 15:04:07 - [MESSAGE][INFO] - Smart Wait Function is triggered

2023-11-24 15:04:07 - [MESSAGE][INFO] - Smart Wait Function is triggered

2023-11-24 15:04:07 - [MESSAGE][INFO] - Smart Wait Function is triggered

2023-11-24 15:04:07 - [MESSAGE][INFO] - Smart Wait Function is triggered

2023-11-24 15:04:07 - [MESSAGE][INFO] - Smart Wait Function is triggered

2023-11-24 15:04:07 - [MESSAGE][INFO] - Smart Wait Function is triggered

2023-11-24 15:04:07 - [MESSAGE][INFO] - Smart Wait Function is triggered

2023-11-24 15:04:07 - [MESSAGE][INFO] - Smart Wait Function is triggered

2023-11-24 15:04:07 - [MESSAGE][INFO] - Smart Wait Function is triggered

2023-11-24 15:04:07 - [MESSAGE][INFO] - Smart Wait Function is triggered

2023-11-24 15:04:07 - [MESSAGE][INFO] - Smart Wait Function is triggered

2023-11-24 15:04:07 - [MESSAGE][INFO] - Smart Wait Function is triggered

2023-11-24 15:04:07 - [MESSAGE][INFO] - Smart Wait Function is triggered

2023-11-24 15:04:07 - [MESSAGE][INFO] - Smart Wait Function is triggered

2023-11-24 15:04:07 - [MESSAGE][INFO] - Smart Wait Function is triggered

2023-11-24 15:04:07 - [MESSAGE][INFO] - Smart Wait Function is triggered

2023-11-24 15:04:07 - [MESSAGE][INFO] - Smart Wait Function is triggered

2023-11-24 15:04:07 - [MESSAGE][INFO] - Smart Wait Function is triggered

2023-11-24 15:04:07 - [MESSAGE][INFO] - Smart Wait Function is triggered

2023-11-24 15:04:07 - [MESSAGE][INFO] - Smart Wait Function is triggered

2023-11-24 15:04:07 - [MESSAGE][INFO] - Smart Wait Function is triggered

2023-11-24 15:04:07 - [MESSAGE][INFO] - Smart Wait Function is triggered

2023-11-24 15:04:07 - [MESSAGE][INFO] - Smart Wait Function is triggered

2023-11-24 15:04:07 - [MESSAGE][INFO] - Smart Wait Function is triggered

2023-11-24 15:04:07 - [MESSAGE][INFO] - Smart Wait Function is triggered

2023-11-24 15:04:07 - [MESSAGE][INFO] - Smart Wait Function is triggered

2023-11-24 15:04:07 - [MESSAGE][INFO] - Smart Wait Function is triggered

2023-11-24 15:04:07 - [MESSAGE][INFO] - Smart Wait Function is triggered

2023-11-24 15:04:07 - [MESSAGE][INFO] - Smart Wait Function is triggered

2023-11-24 15:04:07 - [MESSAGE][INFO] - Smart Wait Function is triggered

2023-11-24 15:04:07 - [MESSAGE][INFO] - Smart Wait Function is triggered

2023-11-24 15:04:07 - [MESSAGE][INFO] - Smart Wait Function is triggered

2023-11-24 15:04:07 - [MESSAGE][INFO] - Smart Wait Function is triggered

2023-11-24 15:04:07 - [MESSAGE][INFO] - Smart Wait Function is triggered

2023-11-24 15:04:07 - [MESSAGE][INFO] - Smart Wait Function is triggered

2023-11-24 15:04:07 - [MESSAGE][INFO] - Smart Wait Function is triggered

2023-11-24 15:04:07 - [MESSAGE][INFO] - Smart Wait Function is triggered

2023-11-24 15:04:07 - [MESSAGE][INFO] - Smart Wait Function is triggered

2023-11-24 15:04:07 - [MESSAGE][INFO] - Smart Wait Function is triggered

2023-11-24 15:04:07 - [MESSAGE][INFO] - Smart Wait Function is triggered

2023-11-24 15:04:07 - [MESSAGE][INFO] - Smart Wait Function is triggered

2023-11-24 15:04:08 - [MESSAGE][INFO] - Smart Wait Function is triggered

2023-11-24 15:04:08 - [MESSAGE][INFO] - Smart Wait Function is triggered

2023-11-24 15:04:08 - [MESSAGE][INFO] - Smart Wait Function is triggered

2023-11-24 15:04:08 - [MESSAGE][INFO] - Smart Wait Function is triggered

2023-11-24 15:04:08 - [MESSAGE][INFO] - Smart Wait Function is triggered

2023-11-24 15:04:08 - [MESSAGE][INFO] - Smart Wait Function is triggered

2023-11-24 15:04:08 - [MESSAGE][INFO] - Smart Wait Function is triggered

2023-11-24 15:04:08 - [MESSAGE][INFO] - Smart Wait Function is triggered

2023-11-24 15:04:08 - [MESSAGE][INFO] - Smart Wait Function is triggered

2023-11-24 15:04:08 - [MESSAGE][INFO] - Smart Wait Function is triggered

2023-11-24 15:04:08 - [MESSAGE][INFO] - Smart Wait Function is triggered

2023-11-24 15:04:08 - [MESSAGE][INFO] - Smart Wait Function is triggered

2023-11-24 15:04:08 - [MESSAGE][INFO] - Smart Wait Function is triggered

2023-11-24 15:04:08 - [MESSAGE][INFO] - Smart Wait Function is triggered

2023-11-24 15:04:08 - [MESSAGE][INFO] - Smart Wait Function is triggered

2023-11-24 15:04:08 - [MESSAGE][INFO] - Smart Wait Function is triggered

2023-11-24 15:04:08 - [MESSAGE][INFO] - Smart Wait Function is triggered

2023-11-24 15:04:08 - [MESSAGE][INFO] - Smart Wait Function is triggered

2023-11-24 15:04:08 - [MESSAGE][INFO] - Smart Wait Function is triggered

2023-11-24 15:04:08 - [MESSAGE][INFO] - Smart Wait Function is triggered

2023-11-24 15:04:08 - [MESSAGE][INFO] - Smart Wait Function is triggered

2023-11-24 15:04:08 - [MESSAGE][INFO] - Smart Wait Function is triggered

2023-11-24 15:04:08 - [MESSAGE][INFO] - Smart Wait Function is triggered

2023-11-24 15:04:08 - [MESSAGE][INFO] - Smart Wait Function is triggered

2023-11-24 15:04:08 - [MESSAGE][INFO] - Smart Wait Function is triggered

2023-11-24 15:04:08 - [MESSAGE][INFO] - Smart Wait Function is triggered

2023-11-24 15:04:08 - [MESSAGE][INFO] - Smart Wait Function is triggered

2023-11-24 15:04:08 - [MESSAGE][INFO] - Smart Wait Function is triggered

2023-11-24 15:04:08 - [MESSAGE][INFO] - Smart Wait Function is triggered

2023-11-24 15:04:08 - [MESSAGE][INFO] - Smart Wait Function is triggered

2023-11-24 15:04:09 - [MESSAGE][INFO] - Smart Wait Function is triggered

2023-11-24 15:04:09 - [MESSAGE][INFO] - Smart Wait Function is triggered

2023-11-24 15:04:09 - [MESSAGE][INFO] - Smart Wait Function is triggered

2023-11-24 15:04:09 - [MESSAGE][INFO] - Smart Wait Function is triggered

2023-11-24 15:04:09 - [MESSAGE][INFO] - Smart Wait Function is triggered

2023-11-24 15:04:09 - [MESSAGE][INFO] - Smart Wait Function is triggered

2023-11-24 15:04:09 - [MESSAGE][INFO] - Smart Wait Function is triggered

2023-11-24 15:04:09 - [MESSAGE][INFO] - Smart Wait Function is triggered

2023-11-24 15:04:09 - [MESSAGE][INFO] - Smart Wait Function is triggered

2023-11-24 15:04:09 - [MESSAGE][INFO] - Smart Wait Function is triggered

2023-11-24 15:04:09 - [MESSAGE][INFO] - Smart Wait Function is triggered

2023-11-24 15:04:09 - [MESSAGE][INFO] - Smart Wait Function is triggered

2023-11-24 15:04:09 - [MESSAGE][INFO] - Smart Wait Function is triggered

2023-11-24 15:04:09 - [MESSAGE][INFO] - Smart Wait Function is triggered

2023-11-24 15:04:09 - [MESSAGE][INFO] - Smart Wait Function is triggered

2023-11-24 15:04:09 - [MESSAGE][INFO] - Smart Wait Function is triggered

2023-11-24 15:04:09 - [MESSAGE][INFO] - Smart Wait Function is triggered

2023-11-24 15:04:09 - [MESSAGE][INFO] - Smart Wait Function is triggered

2023-11-24 15:04:09 - [MESSAGE][INFO] - Smart Wait Function is triggered

2023-11-24 15:04:09 - [MESSAGE][INFO] - Smart Wait Function is triggered

2023-11-24 15:04:09 - [MESSAGE][INFO] - Smart Wait Function is triggered

2023-11-24 15:04:09 - [MESSAGE][INFO] - Smart Wait Function is triggered

2023-11-24 15:04:09 - [MESSAGE][INFO] - Smart Wait Function is triggered

2023-11-24 15:04:09 - [MESSAGE][INFO] - Smart Wait Function is triggered

2023-11-24 15:04:09 - [MESSAGE][INFO] - Smart Wait Function is triggered

2023-11-24 15:04:09 - [MESSAGE][INFO] - Smart Wait Function is triggered

2023-11-24 15:04:09 - [MESSAGE][INFO] - Smart Wait Function is triggered

2023-11-24 15:04:09 - [MESSAGE][INFO] - Smart Wait Function is triggered

2023-11-24 15:04:09 - [MESSAGE][INFO] - Smart Wait Function is triggered

2023-11-24 15:04:09 - [MESSAGE][INFO] - Smart Wait Function is triggered

2023-11-24 15:04:09 - [MESSAGE][INFO] - Smart Wait Function is triggered

2023-11-24 15:04:09 - [MESSAGE][INFO] - Smart Wait Function is triggered

2023-11-24 15:04:09 - [MESSAGE][INFO] - Smart Wait Function is triggered

2023-11-24 15:04:09 - [MESSAGE][INFO] - Smart Wait Function is triggered

2023-11-24 15:04:09 - [MESSAGE][INFO] - Smart Wait Function is triggered

2023-11-24 15:04:10 - [MESSAGE][INFO] - Smart Wait Function is triggered

2023-11-24 15:04:10 - [MESSAGE][INFO] - Smart Wait Function is triggered

2023-11-24 15:04:10 - [MESSAGE][INFO] - Smart Wait Function is triggered

2023-11-24 15:04:10 - [MESSAGE][INFO] - Smart Wait Function is triggered

2023-11-24 15:04:10 - [MESSAGE][INFO] - Smart Wait Function is triggered

2023-11-24 15:04:10 - [MESSAGE][INFO] - Smart Wait Function is triggered

2023-11-24 15:04:10 - [MESSAGE][INFO] - Smart Wait Function is triggered

2023-11-24 15:04:10 - [MESSAGE][INFO] - Smart Wait Function is triggered

2023-11-24 15:04:10 - [MESSAGE][INFO] - Smart Wait Function is triggered

2023-11-24 15:04:10 - [MESSAGE][INFO] - Smart Wait Function is triggered

2023-11-24 15:04:10 - [MESSAGE][INFO] - Smart Wait Function is triggered

2023-11-24 15:04:10 - [MESSAGE][INFO] - Smart Wait Function is triggered

2023-11-24 15:04:10 - [MESSAGE][INFO] - Smart Wait Function is triggered

2023-11-24 15:04:10 - [MESSAGE][INFO] - Smart Wait Function is triggered

2023-11-24 15:04:10 - [MESSAGE][INFO] - Smart Wait Function is triggered

2023-11-24 15:04:10 - [MESSAGE][INFO] - Smart Wait Function is triggered

2023-11-24 15:04:10 - [MESSAGE][INFO] - Smart Wait Function is triggered

2023-11-24 15:04:10 - [MESSAGE][INFO] - Smart Wait Function is triggered

2023-11-24 15:04:10 - [MESSAGE][INFO] - Smart Wait Function is triggered

2023-11-24 15:04:10 - [MESSAGE][INFO] - Smart Wait Function is triggered

2023-11-24 15:04:10 - [MESSAGE][INFO] - Smart Wait Function is triggered

2023-11-24 15:04:10 - [MESSAGE][INFO] - Smart Wait Function is triggered

2023-11-24 15:04:10 - [MESSAGE][INFO] - Smart Wait Function is triggered

2023-11-24 15:04:10 - [MESSAGE][INFO] - Smart Wait Function is triggered

2023-11-24 15:04:10 - [MESSAGE][INFO] - Smart Wait Function is triggered

2023-11-24 15:04:10 - [MESSAGE][INFO] - Smart Wait Function is triggered

2023-11-24 15:04:10 - [MESSAGE][INFO] - Smart Wait Function is triggered

2023-11-24 15:04:10 - [MESSAGE][INFO] - Smart Wait Function is triggered

2023-11-24 15:04:10 - [MESSAGE][INFO] - Smart Wait Function is triggered

2023-11-24 15:04:10 - [MESSAGE][INFO] - Smart Wait Function is triggered

2023-11-24 15:04:10 - [MESSAGE][INFO] - Smart Wait Function is triggered

2023-11-24 15:04:10 - [MESSAGE][INFO] - Smart Wait Function is triggered

2023-11-24 15:04:10 - [MESSAGE][INFO] - Smart Wait Function is triggered

2023-11-24 15:04:10 - [MESSAGE][INFO] - Smart Wait Function is triggered

2023-11-24 15:04:10 - [MESSAGE][INFO] - Smart Wait Function is triggered

2023-11-24 15:04:10 - [MESSAGE][INFO] - Smart Wait Function is triggered

2023-11-24 15:04:10 - [MESSAGE][INFO] - Smart Wait Function is triggered

2023-11-24 15:04:10 - [MESSAGE][INFO] - Smart Wait Function is triggered

2023-11-24 15:04:10 - [MESSAGE][INFO] - Smart Wait Function is triggered

2023-11-24 15:04:10 - [MESSAGE][INFO] - Smart Wait Function is triggered

2023-11-24 15:04:11 - [MESSAGE][INFO] - Smart Wait Function is triggered

2023-11-24 15:04:11 - [MESSAGE][INFO] - Smart Wait Function is triggered

2023-11-24 15:04:11 - [MESSAGE][INFO] - Smart Wait Function is triggered

2023-11-24 15:04:11 - [MESSAGE][INFO] - Smart Wait Function is triggered

2023-11-24 15:04:11 - [MESSAGE][INFO] - Smart Wait Function is triggered

2023-11-24 15:04:11 - [MESSAGE][INFO] - Smart Wait Function is triggered

2023-11-24 15:04:11 - [MESSAGE][INFO] - Smart Wait Function is triggered

2023-11-24 15:04:11 - [MESSAGE][INFO] - Smart Wait Function is triggered

2023-11-24 15:04:11 - [MESSAGE][INFO] - Smart Wait Function is triggered

2023-11-24 15:04:11 - [MESSAGE][INFO] - Smart Wait Function is triggered

2023-11-24 15:04:11 - [MESSAGE][INFO] - Smart Wait Function is triggered

2023-11-24 15:04:11 - [MESSAGE][INFO] - Smart Wait Function is triggered

2023-11-24 15:04:11 - [MESSAGE][INFO] - Smart Wait Function is triggered

2023-11-24 15:04:11 - [MESSAGE][INFO] - Smart Wait Function is triggered

2023-11-24 15:04:11 - [MESSAGE][INFO] - Smart Wait Function is triggered

2023-11-24 15:04:11 - [MESSAGE][INFO] - Smart Wait Function is triggered

2023-11-24 15:04:11 - [MESSAGE][INFO] - Smart Wait Function is triggered

2023-11-24 15:04:11 - [MESSAGE][INFO] - Smart Wait Function is triggered

2023-11-24 15:04:11 - [MESSAGE][INFO] - Smart Wait Function is triggered

2023-11-24 15:04:11 - [MESSAGE][INFO] - Smart Wait Function is triggered

2023-11-24 15:04:11 - [MESSAGE][INFO] - Smart Wait Function is triggered

2023-11-24 15:04:11 - [MESSAGE][INFO] - Smart Wait Function is triggered

2023-11-24 15:04:11 - [MESSAGE][INFO] - Smart Wait Function is triggered

2023-11-24 15:04:11 - [MESSAGE][INFO] - Smart Wait Function is triggered

2023-11-24 15:04:11 - [MESSAGE][INFO] - Smart Wait Function is triggered

2023-11-24 15:04:11 - [MESSAGE][INFO] - Smart Wait Function is triggered

2023-11-24 15:04:11 - [MESSAGE][INFO] - Smart Wait Function is triggered

2023-11-24 15:04:11 - [MESSAGE][INFO] - Smart Wait Function is triggered

2023-11-24 15:04:11 - [MESSAGE][INFO] - Smart Wait Function is triggered

2023-11-24 15:04:11 - [MESSAGE][INFO] - Smart Wait Function is triggered

2023-11-24 15:04:11 - [MESSAGE][INFO] - Smart Wait Function is triggered

2023-11-24 15:04:11 - [MESSAGE][INFO] - Smart Wait Function is triggered

2023-11-24 15:04:11 - [MESSAGE][INFO] - Smart Wait Function is triggered

2023-11-24 15:04:11 - [MESSAGE][INFO] - Smart Wait Function is triggered

2023-11-24 15:04:11 - [MESSAGE][INFO] - Smart Wait Function is triggered

2023-11-24 15:04:11 - [MESSAGE][INFO] - Smart Wait Function is triggered

2023-11-24 15:04:11 - [MESSAGE][INFO] - Smart Wait Function is triggered

2023-11-24 15:04:11 - [MESSAGE][INFO] - Smart Wait Function is triggered

2023-11-24 15:04:11 - [MESSAGE][INFO] - Smart Wait Function is triggered

2023-11-24 15:04:11 - [MESSAGE][INFO] - Smart Wait Function is triggered

2023-11-24 15:04:11 - [MESSAGE][INFO] - Smart Wait Function is triggered

2023-11-24 15:04:12 - [MESSAGE][INFO] - Smart Wait Function is triggered

2023-11-24 15:04:12 - [MESSAGE][INFO] - Smart Wait Function is triggered

2023-11-24 15:04:12 - [MESSAGE][INFO] - Smart Wait Function is triggered

2023-11-24 15:04:12 - [MESSAGE][INFO] - Smart Wait Function is triggered

2023-11-24 15:04:12 - [MESSAGE][INFO] - Smart Wait Function is triggered

2023-11-24 15:04:12 - [MESSAGE][INFO] - Smart Wait Function is triggered

2023-11-24 15:04:12 - [MESSAGE][INFO] - Smart Wait Function is triggered

2023-11-24 15:04:12 - [MESSAGE][INFO] - Smart Wait Function is triggered

2023-11-24 15:04:12 - [MESSAGE][INFO] - Smart Wait Function is triggered

2023-11-24 15:04:12 - [MESSAGE][INFO] - Smart Wait Function is triggered

2023-11-24 15:04:12 - [MESSAGE][INFO] - Smart Wait Function is triggered

2023-11-24 15:04:12 - [MESSAGE][INFO] - Smart Wait Function is triggered

2023-11-24 15:04:12 - [MESSAGE][INFO] - Smart Wait Function is triggered

2023-11-24 15:04:12 - [MESSAGE][INFO] - Smart Wait Function is triggered

2023-11-24 15:04:12 - [MESSAGE][INFO] - Smart Wait Function is triggered

2023-11-24 15:04:12 - [MESSAGE][INFO] - Smart Wait Function is triggered

2023-11-24 15:04:12 - [MESSAGE][INFO] - Smart Wait Function is triggered

2023-11-24 15:04:12 - [MESSAGE][INFO] - Smart Wait Function is triggered

2023-11-24 15:04:12 - [MESSAGE][INFO] - Smart Wait Function is triggered

2023-11-24 15:04:12 - [MESSAGE][INFO] - Smart Wait Function is triggered

2023-11-24 15:04:12 - [MESSAGE][INFO] - Smart Wait Function is triggered

2023-11-24 15:04:12 - [MESSAGE][INFO] - Smart Wait Function is triggered

2023-11-24 15:04:12 - [MESSAGE][INFO] - Smart Wait Function is triggered

2023-11-24 15:04:12 - [MESSAGE][INFO] - Smart Wait Function is triggered

2023-11-24 15:04:12 - [MESSAGE][INFO] - Smart Wait Function is triggered

2023-11-24 15:04:12 - [MESSAGE][INFO] - Smart Wait Function is triggered

2023-11-24 15:04:12 - [MESSAGE][INFO] - Smart Wait Function is triggered

2023-11-24 15:04:12 - [MESSAGE][INFO] - Smart Wait Function is triggered

2023-11-24 15:04:12 - [MESSAGE][INFO] - Smart Wait Function is triggered

2023-11-24 15:04:12 - [MESSAGE][INFO] - Smart Wait Function is triggered

2023-11-24 15:04:12 - [MESSAGE][INFO] - Smart Wait Function is triggered

2023-11-24 15:04:12 - [MESSAGE][INFO] - Smart Wait Function is triggered

2023-11-24 15:04:12 - [MESSAGE][INFO] - Smart Wait Function is triggered

2023-11-24 15:04:12 - [MESSAGE][INFO] - Smart Wait Function is triggered

2023-11-24 15:04:12 - [MESSAGE][INFO] - Smart Wait Function is triggered

2023-11-24 15:04:12 - [MESSAGE][INFO] - Smart Wait Function is triggered

2023-11-24 15:04:12 - [MESSAGE][INFO] - Smart Wait Function is triggered

2023-11-24 15:04:12 - [MESSAGE][INFO] - Smart Wait Function is triggered

2023-11-24 15:04:12 - [MESSAGE][INFO] - Smart Wait Function is triggered

2023-11-24 15:04:12 - [MESSAGE][INFO] - Smart Wait Function is triggered

2023-11-24 15:04:12 - [MESSAGE][INFO] - Smart Wait Function is triggered

2023-11-24 15:04:12 - [MESSAGE][INFO] - Smart Wait Function is triggered

2023-11-24 15:04:12 - [MESSAGE][INFO] - Smart Wait Function is triggered

2023-11-24 15:04:12 - [MESSAGE][INFO] - Smart Wait Function is triggered

2023-11-24 15:04:12 - [MESSAGE][INFO] - Smart Wait Function is triggered

2023-11-24 15:04:12 - [MESSAGE][INFO] - Smart Wait Function is triggered

2023-11-24 15:04:12 - [MESSAGE][INFO] - Smart Wait Function is triggered

2023-11-24 15:04:12 - [MESSAGE][INFO] - Smart Wait Function is triggered

2023-11-24 15:04:13 - [MESSAGE][INFO] - Smart Wait Function is triggered

2023-11-24 15:04:13 - [MESSAGE][INFO] - Smart Wait Function is triggered

2023-11-24 15:04:13 - [MESSAGE][INFO] - Smart Wait Function is triggered

2023-11-24 15:04:13 - [MESSAGE][INFO] - Smart Wait Function is triggered

2023-11-24 15:04:13 - [MESSAGE][INFO] - Smart Wait Function is triggered

2023-11-24 15:04:13 - [MESSAGE][INFO] - Smart Wait Function is triggered

2023-11-24 15:04:13 - [MESSAGE][INFO] - Smart Wait Function is triggered

2023-11-24 15:04:13 - [MESSAGE][INFO] - Smart Wait Function is triggered

2023-11-24 15:04:13 - [MESSAGE][INFO] - Smart Wait Function is triggered

2023-11-24 15:04:13 - [MESSAGE][INFO] - Smart Wait Function is triggered

2023-11-24 15:04:13 - [MESSAGE][INFO] - Smart Wait Function is triggered

2023-11-24 15:04:13 - [MESSAGE][INFO] - Smart Wait Function is triggered

2023-11-24 15:04:13 - [MESSAGE][INFO] - Smart Wait Function is triggered

2023-11-24 15:04:13 - [MESSAGE][INFO] - Smart Wait Function is triggered

2023-11-24 15:04:13 - [MESSAGE][INFO] - Smart Wait Function is triggered

2023-11-24 15:04:13 - [MESSAGE][INFO] - Smart Wait Function is triggered

2023-11-24 15:04:13 - [MESSAGE][INFO] - Smart Wait Function is triggered

2023-11-24 15:04:13 - [MESSAGE][INFO] - Smart Wait Function is triggered

2023-11-24 15:04:13 - [MESSAGE][INFO] - Smart Wait Function is triggered

2023-11-24 15:04:13 - [MESSAGE][INFO] - Smart Wait Function is triggered

2023-11-24 15:04:13 - [MESSAGE][INFO] - Smart Wait Function is triggered

2023-11-24 15:04:13 - [MESSAGE][INFO] - Smart Wait Function is triggered

2023-11-24 15:04:13 - [MESSAGE][INFO] - Smart Wait Function is triggered

2023-11-24 15:04:13 - [MESSAGE][INFO] - Smart Wait Function is triggered

2023-11-24 15:04:13 - [MESSAGE][INFO] - Smart Wait Function is triggered

2023-11-24 15:04:13 - [MESSAGE][INFO] - Smart Wait Function is triggered

2023-11-24 15:04:13 - [MESSAGE][INFO] - Smart Wait Function is triggered

2023-11-24 15:04:13 - [MESSAGE][INFO] - Smart Wait Function is triggered

2023-11-24 15:04:13 - [MESSAGE][INFO] - Smart Wait Function is triggered

2023-11-24 15:04:13 - [MESSAGE][INFO] - Smart Wait Function is triggered

2023-11-24 15:04:13 - [MESSAGE][INFO] - Smart Wait Function is triggered

2023-11-24 15:04:13 - [MESSAGE][INFO] - Smart Wait Function is triggered

2023-11-24 15:04:13 - [MESSAGE][INFO] - Smart Wait Function is triggered

2023-11-24 15:04:13 - [MESSAGE][INFO] - Smart Wait Function is triggered

2023-11-24 15:04:13 - [MESSAGE][INFO] - Smart Wait Function is triggered

2023-11-24 15:04:13 - [MESSAGE][INFO] - Smart Wait Function is triggered

2023-11-24 15:04:13 - [MESSAGE][INFO] - Smart Wait Function is triggered

2023-11-24 15:04:13 - [MESSAGE][INFO] - Smart Wait Function is triggered

2023-11-24 15:04:13 - [MESSAGE][INFO] - Smart Wait Function is triggered

2023-11-24 15:04:13 - [MESSAGE][INFO] - Smart Wait Function is triggered

2023-11-24 15:04:13 - [MESSAGE][INFO] - Smart Wait Function is triggered

2023-11-24 15:04:13 - [MESSAGE][INFO] - Smart Wait Function is triggered

2023-11-24 15:04:13 - [MESSAGE][INFO] - Smart Wait Function is triggered

2023-11-24 15:04:13 - [MESSAGE][INFO] - Smart Wait Function is triggered

2023-11-24 15:04:13 - [MESSAGE][INFO] - Smart Wait Function is triggered

2023-11-24 15:04:13 - [MESSAGE][INFO] - Smart Wait Function is triggered

2023-11-24 15:04:13 - [MESSAGE][INFO] - Smart Wait Function is triggered

2023-11-24 15:04:14 - [MESSAGE][INFO] - Smart Wait Function is triggered

2023-11-24 15:04:14 - [MESSAGE][INFO] - Smart Wait Function is triggered

2023-11-24 15:04:14 - [MESSAGE][INFO] - Smart Wait Function is triggered

2023-11-24 15:04:14 - [MESSAGE][INFO] - Smart Wait Function is triggered

2023-11-24 15:04:14 - [MESSAGE][INFO] - Smart Wait Function is triggered

2023-11-24 15:04:14 - [MESSAGE][INFO] - Smart Wait Function is triggered

2023-11-24 15:04:14 - [MESSAGE][INFO] - Smart Wait Function is triggered

2023-11-24 15:04:14 - [MESSAGE][INFO] - Smart Wait Function is triggered

2023-11-24 15:04:14 - [MESSAGE][INFO] - Smart Wait Function is triggered

2023-11-24 15:04:14 - [MESSAGE][INFO] - Smart Wait Function is triggered

2023-11-24 15:04:14 - [MESSAGE][INFO] - Smart Wait Function is triggered

2023-11-24 15:04:14 - [MESSAGE][INFO] - Smart Wait Function is triggered

2023-11-24 15:04:14 - [MESSAGE][INFO] - Smart Wait Function is triggered

2023-11-24 15:04:14 - [MESSAGE][INFO] - Smart Wait Function is triggered

2023-11-24 15:04:14 - [MESSAGE][INFO] - Smart Wait Function is triggered

2023-11-24 15:04:14 - [MESSAGE][INFO] - Smart Wait Function is triggered

2023-11-24 15:04:14 - [MESSAGE][INFO] - Smart Wait Function is triggered

2023-11-24 15:04:14 - [MESSAGE][INFO] - Smart Wait Function is triggered

2023-11-24 15:04:14 - [MESSAGE][INFO] - Smart Wait Function is triggered

2023-11-24 15:04:14 - [MESSAGE][INFO] - Smart Wait Function is triggered

2023-11-24 15:04:14 - [MESSAGE][INFO] - Smart Wait Function is triggered

2023-11-24 15:04:14 - [MESSAGE][INFO] - Smart Wait Function is triggered

2023-11-24 15:04:14 - [MESSAGE][INFO] - Smart Wait Function is triggered

2023-11-24 15:04:14 - [MESSAGE][INFO] - Smart Wait Function is triggered

2023-11-24 15:04:14 - [MESSAGE][INFO] - Smart Wait Function is triggered

2023-11-24 15:04:14 - [MESSAGE][INFO] - Smart Wait Function is triggered

2023-11-24 15:04:14 - [MESSAGE][INFO] - Smart Wait Function is triggered

2023-11-24 15:04:14 - [MESSAGE][INFO] - Smart Wait Function is triggered

2023-11-24 15:04:14 - [MESSAGE][INFO] - Smart Wait Function is triggered

2023-11-24 15:04:14 - [MESSAGE][INFO] - Smart Wait Function is triggered

2023-11-24 15:04:14 - [MESSAGE][INFO] - Smart Wait Function is triggered

2023-11-24 15:04:14 - [MESSAGE][INFO] - Smart Wait Function is triggered

2023-11-24 15:04:14 - [MESSAGE][INFO] - Smart Wait Function is triggered

2023-11-24 15:04:14 - [MESSAGE][INFO] - Smart Wait Function is triggered

2023-11-24 15:04:14 - [MESSAGE][INFO] - Smart Wait Function is triggered

2023-11-24 15:04:14 - [MESSAGE][INFO] - Smart Wait Function is triggered

2023-11-24 15:04:14 - [MESSAGE][INFO] - Smart Wait Function is triggered

2023-11-24 15:04:14 - [MESSAGE][INFO] - Smart Wait Function is triggered

2023-11-24 15:04:14 - [MESSAGE][INFO] - Smart Wait Function is triggered

2023-11-24 15:04:14 - [MESSAGE][INFO] - Smart Wait Function is triggered

2023-11-24 15:04:14 - [MESSAGE][INFO] - Smart Wait Function is triggered

2023-11-24 15:04:14 - [MESSAGE][INFO] - Smart Wait Function is triggered

2023-11-24 15:04:14 - [MESSAGE][INFO] - Smart Wait Function is triggered

2023-11-24 15:04:14 - [MESSAGE][INFO] - Smart Wait Function is triggered

2023-11-24 15:04:14 - [MESSAGE][INFO] - Smart Wait Function is triggered

2023-11-24 15:04:14 - [MESSAGE][INFO] - Smart Wait Function is triggered

2023-11-24 15:04:14 - [MESSAGE][INFO] - Smart Wait Function is triggered

2023-11-24 15:04:15 - [MESSAGE][INFO] - Smart Wait Function is triggered

2023-11-24 15:04:15 - [MESSAGE][INFO] - Smart Wait Function is triggered

2023-11-24 15:04:15 - [MESSAGE][INFO] - Smart Wait Function is triggered

2023-11-24 15:04:15 - [MESSAGE][INFO] - Smart Wait Function is triggered

2023-11-24 15:04:15 - [MESSAGE][INFO] - Smart Wait Function is triggered

2023-11-24 15:04:15 - [MESSAGE][INFO] - Smart Wait Function is triggered

2023-11-24 15:04:15 - [MESSAGE][INFO] - Smart Wait Function is triggered

2023-11-24 15:04:15 - [MESSAGE][INFO] - Smart Wait Function is triggered

2023-11-24 15:04:15 - [MESSAGE][INFO] - Smart Wait Function is triggered

2023-11-24 15:04:15 - [MESSAGE][INFO] - Smart Wait Function is triggered

2023-11-24 15:04:15 - [MESSAGE][INFO] - Smart Wait Function is triggered

2023-11-24 15:04:15 - [MESSAGE][INFO] - Smart Wait Function is triggered

2023-11-24 15:04:15 - [MESSAGE][INFO] - Smart Wait Function is triggered

2023-11-24 15:04:15 - [MESSAGE][INFO] - Smart Wait Function is triggered

2023-11-24 15:04:15 - [MESSAGE][INFO] - Smart Wait Function is triggered

2023-11-24 15:04:15 - [MESSAGE][INFO] - Smart Wait Function is triggered

2023-11-24 15:04:15 - [MESSAGE][INFO] - Smart Wait Function is triggered

2023-11-24 15:04:15 - [MESSAGE][INFO] - Smart Wait Function is triggered

2023-11-24 15:04:15 - [MESSAGE][INFO] - Smart Wait Function is triggered

2023-11-24 15:04:15 - [MESSAGE][INFO] - Smart Wait Function is triggered

2023-11-24 15:04:15 - [MESSAGE][INFO] - Smart Wait Function is triggered

2023-11-24 15:04:15 - [MESSAGE][INFO] - Smart Wait Function is triggered

2023-11-24 15:04:15 - [MESSAGE][INFO] - Smart Wait Function is triggered

2023-11-24 15:04:15 - [MESSAGE][INFO] - Smart Wait Function is triggered

2023-11-24 15:04:15 - [MESSAGE][INFO] - Smart Wait Function is triggered

2023-11-24 15:04:15 - [MESSAGE][INFO] - Smart Wait Function is triggered

2023-11-24 15:04:15 - [MESSAGE][INFO] - Smart Wait Function is triggered

2023-11-24 15:04:15 - [MESSAGE][INFO] - Smart Wait Function is triggered

2023-11-24 15:04:15 - [MESSAGE][INFO] - Smart Wait Function is triggered

2023-11-24 15:04:15 - [MESSAGE][INFO] - Smart Wait Function is triggered

2023-11-24 15:04:15 - [MESSAGE][INFO] - Smart Wait Function is triggered

2023-11-24 15:04:15 - [MESSAGE][INFO] - Smart Wait Function is triggered

2023-11-24 15:04:15 - [MESSAGE][INFO] - Smart Wait Function is triggered

2023-11-24 15:04:15 - [MESSAGE][INFO] - Smart Wait Function is triggered

2023-11-24 15:04:15 - [MESSAGE][INFO] - Smart Wait Function is triggered

2023-11-24 15:04:15 - [MESSAGE][INFO] - Smart Wait Function is triggered

2023-11-24 15:04:15 - [MESSAGE][INFO] - Smart Wait Function is triggered

2023-11-24 15:04:15 - [MESSAGE][INFO] - Smart Wait Function is triggered

2023-11-24 15:04:15 - [MESSAGE][INFO] - Smart Wait Function is triggered

2023-11-24 15:04:15 - [MESSAGE][INFO] - Smart Wait Function is triggered

2023-11-24 15:04:15 - [MESSAGE][INFO] - Smart Wait Function is triggered

2023-11-24 15:04:15 - [MESSAGE][INFO] - Smart Wait Function is triggered

2023-11-24 15:04:15 - [MESSAGE][INFO] - Smart Wait Function is triggered

2023-11-24 15:04:15 - [MESSAGE][INFO] - Smart Wait Function is triggered

2023-11-24 15:04:15 - [MESSAGE][INFO] - Smart Wait Function is triggered

2023-11-24 15:04:15 - [MESSAGE][INFO] - Smart Wait Function is triggered

2023-11-24 15:04:16 - [MESSAGE][INFO] - Smart Wait Function is triggered

2023-11-24 15:04:16 - [MESSAGE][INFO] - Smart Wait Function is triggered

2023-11-24 15:04:16 - [MESSAGE][INFO] - Smart Wait Function is triggered

2023-11-24 15:04:16 - [MESSAGE][INFO] - Smart Wait Function is triggered

2023-11-24 15:04:16 - [MESSAGE][INFO] - Smart Wait Function is triggered

2023-11-24 15:04:16 - [MESSAGE][INFO] - Smart Wait Function is triggered

2023-11-24 15:04:16 - [MESSAGE][INFO] - Smart Wait Function is triggered

2023-11-24 15:04:16 - [MESSAGE][INFO] - Smart Wait Function is triggered

2023-11-24 15:04:16 - [MESSAGE][INFO] - Smart Wait Function is triggered

2023-11-24 15:04:16 - [MESSAGE][INFO] - Smart Wait Function is triggered

2023-11-24 15:04:16 - [MESSAGE][INFO] - Smart Wait Function is triggered

2023-11-24 15:04:16 - [MESSAGE][INFO] - Smart Wait Function is triggered

2023-11-24 15:04:16 - [MESSAGE][INFO] - Smart Wait Function is triggered

2023-11-24 15:04:16 - [MESSAGE][INFO] - Smart Wait Function is triggered

2023-11-24 15:04:16 - [MESSAGE][INFO] - Smart Wait Function is triggered

2023-11-24 15:04:16 - [MESSAGE][INFO] - Smart Wait Function is triggered

2023-11-24 15:04:16 - [MESSAGE][INFO] - Smart Wait Function is triggered

2023-11-24 15:04:16 - [MESSAGE][INFO] - Smart Wait Function is triggered

2023-11-24 15:04:16 - [MESSAGE][INFO] - Smart Wait Function is triggered

2023-11-24 15:04:16 - [MESSAGE][INFO] - Smart Wait Function is triggered

2023-11-24 15:04:16 - [MESSAGE][INFO] - Smart Wait Function is triggered

2023-11-24 15:04:16 - [MESSAGE][INFO] - Smart Wait Function is triggered

2023-11-24 15:04:16 - [MESSAGE][INFO] - Smart Wait Function is triggered

2023-11-24 15:04:16 - [MESSAGE][INFO] - Smart Wait Function is triggered

2023-11-24 15:04:16 - [MESSAGE][INFO] - Smart Wait Function is triggered

2023-11-24 15:04:16 - [MESSAGE][INFO] - Smart Wait Function is triggered

2023-11-24 15:04:16 - [MESSAGE][INFO] - Smart Wait Function is triggered

2023-11-24 15:04:16 - [MESSAGE][INFO] - Smart Wait Function is triggered

2023-11-24 15:04:16 - [MESSAGE][INFO] - Smart Wait Function is triggered

2023-11-24 15:04:16 - [MESSAGE][INFO] - Smart Wait Function is triggered

2023-11-24 15:04:16 - [MESSAGE][INFO] - Smart Wait Function is triggered

2023-11-24 15:04:16 - [MESSAGE][INFO] - Smart Wait Function is triggered

2023-11-24 15:04:16 - [MESSAGE][INFO] - Smart Wait Function is triggered

2023-11-24 15:04:16 - [MESSAGE][INFO] - Smart Wait Function is triggered

2023-11-24 15:04:16 - [MESSAGE][INFO] - Smart Wait Function is triggered

2023-11-24 15:04:16 - [MESSAGE][INFO] - Smart Wait Function is triggered

2023-11-24 15:04:16 - [MESSAGE][INFO] - Smart Wait Function is triggered

2023-11-24 15:04:16 - [MESSAGE][INFO] - Smart Wait Function is triggered

2023-11-24 15:04:16 - [MESSAGE][INFO] - Smart Wait Function is triggered

2023-11-24 15:04:16 - [MESSAGE][INFO] - Smart Wait Function is triggered

2023-11-24 15:04:16 - [MESSAGE][INFO] - Smart Wait Function is triggered

2023-11-24 15:04:16 - [MESSAGE][INFO] - Smart Wait Function is triggered

2023-11-24 15:04:16 - [MESSAGE][INFO] - Smart Wait Function is triggered

2023-11-24 15:04:16 - [MESSAGE][INFO] - Smart Wait Function is triggered

2023-11-24 15:04:16 - [MESSAGE][INFO] - Smart Wait Function is triggered

2023-11-24 15:04:16 - [MESSAGE][INFO] - Smart Wait Function is triggered

2023-11-24 15:04:16 - [MESSAGE][INFO] - Smart Wait Function is triggered

2023-11-24 15:04:16 - [MESSAGE][INFO] - Smart Wait Function is triggered

2023-11-24 15:04:17 - [MESSAGE][INFO] - Smart Wait Function is triggered

2023-11-24 15:04:17 - [MESSAGE][INFO] - Smart Wait Function is triggered

2023-11-24 15:04:17 - [MESSAGE][INFO] - Smart Wait Function is triggered

2023-11-24 15:04:17 - [MESSAGE][INFO] - Smart Wait Function is triggered

2023-11-24 15:04:17 - [MESSAGE][INFO] - Smart Wait Function is triggered

2023-11-24 15:04:17 - [MESSAGE][INFO] - Smart Wait Function is triggered

2023-11-24 15:04:17 - [MESSAGE][INFO] - Smart Wait Function is triggered

2023-11-24 15:04:17 - [MESSAGE][INFO] - Smart Wait Function is triggered

2023-11-24 15:04:17 - [MESSAGE][INFO] - Smart Wait Function is triggered

2023-11-24 15:04:17 - [MESSAGE][INFO] - Smart Wait Function is triggered

2023-11-24 15:04:17 - [MESSAGE][INFO] - Smart Wait Function is triggered

2023-11-24 15:04:17 - [MESSAGE][INFO] - Smart Wait Function is triggered

2023-11-24 15:04:17 - [MESSAGE][INFO] - Smart Wait Function is triggered

2023-11-24 15:04:17 - [MESSAGE][INFO] - Smart Wait Function is triggered

2023-11-24 15:04:17 - [MESSAGE][INFO] - Smart Wait Function is triggered

2023-11-24 15:04:17 - [MESSAGE][INFO] - Smart Wait Function is triggered

2023-11-24 15:04:17 - [MESSAGE][INFO] - Smart Wait Function is triggered

2023-11-24 15:04:17 - [MESSAGE][INFO] - Smart Wait Function is triggered

2023-11-24 15:04:17 - [MESSAGE][INFO] - Smart Wait Function is triggered

2023-11-24 15:04:17 - [MESSAGE][INFO] - Smart Wait Function is triggered

2023-11-24 15:04:17 - [MESSAGE][INFO] - Smart Wait Function is triggered

2023-11-24 15:04:17 - [MESSAGE][INFO] - Smart Wait Function is triggered

2023-11-24 15:04:17 - [MESSAGE][INFO] - Smart Wait Function is triggered

2023-11-24 15:04:17 - [MESSAGE][INFO] - Smart Wait Function is triggered

2023-11-24 15:04:17 - [MESSAGE][INFO] - Smart Wait Function is triggered

2023-11-24 15:04:17 - [MESSAGE][INFO] - Smart Wait Function is triggered

2023-11-24 15:04:17 - [MESSAGE][INFO] - Smart Wait Function is triggered

2023-11-24 15:04:17 - [MESSAGE][INFO] - Smart Wait Function is triggered

2023-11-24 15:04:17 - [MESSAGE][INFO] - Smart Wait Function is triggered

2023-11-24 15:04:17 - [MESSAGE][INFO] - Smart Wait Function is triggered

2023-11-24 15:04:17 - [MESSAGE][INFO] - Smart Wait Function is triggered

2023-11-24 15:04:17 - [MESSAGE][INFO] - Smart Wait Function is triggered

2023-11-24 15:04:17 - [MESSAGE][INFO] - Smart Wait Function is triggered

2023-11-24 15:04:17 - [MESSAGE][INFO] - Smart Wait Function is triggered

2023-11-24 15:04:17 - [MESSAGE][INFO] - Smart Wait Function is triggered

2023-11-24 15:04:17 - [MESSAGE][INFO] - Smart Wait Function is triggered

2023-11-24 15:04:17 - [MESSAGE][INFO] - Smart Wait Function is triggered

2023-11-24 15:04:17 - [MESSAGE][INFO] - Smart Wait Function is triggered

2023-11-24 15:04:17 - [MESSAGE][INFO] - Smart Wait Function is triggered

2023-11-24 15:04:17 - [MESSAGE][INFO] - Smart Wait Function is triggered

2023-11-24 15:04:17 - [MESSAGE][INFO] - Smart Wait Function is triggered

2023-11-24 15:04:17 - [MESSAGE][INFO] - Smart Wait Function is triggered

2023-11-24 15:04:17 - [MESSAGE][INFO] - Smart Wait Function is triggered

2023-11-24 15:04:17 - [MESSAGE][INFO] - Smart Wait Function is triggered

2023-11-24 15:04:17 - [MESSAGE][INFO] - Smart Wait Function is triggered

2023-11-24 15:04:17 - [MESSAGE][INFO] - Smart Wait Function is triggered

2023-11-24 15:04:17 - [MESSAGE][INFO] - Smart Wait Function is triggered

2023-11-24 15:04:18 - [MESSAGE][INFO] - Smart Wait Function is triggered

2023-11-24 15:04:18 - [MESSAGE][INFO] - Smart Wait Function is triggered

2023-11-24 15:04:18 - [MESSAGE][INFO] - Smart Wait Function is triggered

2023-11-24 15:04:18 - [MESSAGE][INFO] - Smart Wait Function is triggered

2023-11-24 15:04:18 - [MESSAGE][INFO] - Smart Wait Function is triggered

2023-11-24 15:04:18 - [MESSAGE][INFO] - Smart Wait Function is triggered

2023-11-24 15:04:18 - [MESSAGE][INFO] - Smart Wait Function is triggered

2023-11-24 15:04:18 - [MESSAGE][INFO] - Smart Wait Function is triggered

2023-11-24 15:04:18 - [MESSAGE][INFO] - Smart Wait Function is triggered

2023-11-24 15:04:18 - [MESSAGE][INFO] - Smart Wait Function is triggered

2023-11-24 15:04:18 - [MESSAGE][INFO] - Smart Wait Function is triggered

2023-11-24 15:04:18 - [MESSAGE][INFO] - Smart Wait Function is triggered

2023-11-24 15:04:18 - [MESSAGE][INFO] - Smart Wait Function is triggered

2023-11-24 15:04:18 - [MESSAGE][INFO] - Smart Wait Function is triggered

2023-11-24 15:04:18 - [MESSAGE][INFO] - Smart Wait Function is triggered

2023-11-24 15:04:18 - [MESSAGE][INFO] - Smart Wait Function is triggered

2023-11-24 15:04:18 - [MESSAGE][INFO] - Smart Wait Function is triggered

2023-11-24 15:04:18 - [MESSAGE][INFO] - Smart Wait Function is triggered

2023-11-24 15:04:18 - [MESSAGE][INFO] - Smart Wait Function is triggered

2023-11-24 15:04:18 - [MESSAGE][INFO] - Smart Wait Function is triggered

2023-11-24 15:04:18 - [MESSAGE][INFO] - Smart Wait Function is triggered

2023-11-24 15:04:18 - [MESSAGE][INFO] - Smart Wait Function is triggered

2023-11-24 15:04:18 - [MESSAGE][INFO] - Smart Wait Function is triggered

2023-11-24 15:04:18 - [MESSAGE][INFO] - Smart Wait Function is triggered

2023-11-24 15:04:18 - [MESSAGE][INFO] - Smart Wait Function is triggered

2023-11-24 15:04:18 - [MESSAGE][INFO] - Smart Wait Function is triggered

2023-11-24 15:04:18 - [MESSAGE][INFO] - Smart Wait Function is triggered

2023-11-24 15:04:18 - [MESSAGE][INFO] - Smart Wait Function is triggered

2023-11-24 15:04:18 - [MESSAGE][INFO] - Smart Wait Function is triggered

2023-11-24 15:04:18 - [MESSAGE][INFO] - Smart Wait Function is triggered

2023-11-24 15:04:18 - [MESSAGE][INFO] - Smart Wait Function is triggered

2023-11-24 15:04:18 - [MESSAGE][INFO] - Smart Wait Function is triggered

2023-11-24 15:04:18 - [MESSAGE][INFO] - Smart Wait Function is triggered

2023-11-24 15:04:18 - [MESSAGE][INFO] - Smart Wait Function is triggered

2023-11-24 15:04:18 - [MESSAGE][INFO] - Smart Wait Function is triggered

2023-11-24 15:04:18 - [MESSAGE][INFO] - Smart Wait Function is triggered

2023-11-24 15:04:18 - [MESSAGE][INFO] - Smart Wait Function is triggered

2023-11-24 15:04:18 - [MESSAGE][INFO] - Smart Wait Function is triggered

2023-11-24 15:04:18 - [MESSAGE][INFO] - Smart Wait Function is triggered

2023-11-24 15:04:18 - [MESSAGE][INFO] - Smart Wait Function is triggered

2023-11-24 15:04:18 - [MESSAGE][INFO] - Smart Wait Function is triggered

2023-11-24 15:04:18 - [MESSAGE][INFO] - Smart Wait Function is triggered

2023-11-24 15:04:18 - [MESSAGE][INFO] - Smart Wait Function is triggered

2023-11-24 15:04:18 - [MESSAGE][INFO] - Smart Wait Function is triggered

2023-11-24 15:04:18 - [MESSAGE][INFO] - Smart Wait Function is triggered

2023-11-24 15:04:18 - [MESSAGE][INFO] - Smart Wait Function is triggered

2023-11-24 15:04:18 - [MESSAGE][INFO] - Smart Wait Function is triggered

2023-11-24 15:04:19 - [MESSAGE][INFO] - Smart Wait Function is triggered

2023-11-24 15:04:19 - [MESSAGE][INFO] - Smart Wait Function is triggered

2023-11-24 15:04:19 - [MESSAGE][INFO] - Smart Wait Function is triggered

2023-11-24 15:04:19 - [MESSAGE][INFO] - Smart Wait Function is triggered

2023-11-24 15:04:19 - [MESSAGE][INFO] - Smart Wait Function is triggered

2023-11-24 15:04:19 - [MESSAGE][INFO] - Smart Wait Function is triggered

2023-11-24 15:04:19 - [MESSAGE][INFO] - Smart Wait Function is triggered

2023-11-24 15:04:19 - [MESSAGE][INFO] - Smart Wait Function is triggered

2023-11-24 15:04:19 - [MESSAGE][INFO] - Smart Wait Function is triggered

2023-11-24 15:04:19 - [MESSAGE][INFO] - Smart Wait Function is triggered

2023-11-24 15:04:19 - [MESSAGE][INFO] - Smart Wait Function is triggered

2023-11-24 15:04:19 - [MESSAGE][INFO] - Smart Wait Function is triggered

2023-11-24 15:04:19 - [MESSAGE][INFO] - Smart Wait Function is triggered

2023-11-24 15:04:19 - [MESSAGE][INFO] - Smart Wait Function is triggered

2023-11-24 15:04:19 - [MESSAGE][INFO] - Smart Wait Function is triggered

2023-11-24 15:04:19 - [MESSAGE][INFO] - Smart Wait Function is triggered

2023-11-24 15:04:19 - [MESSAGE][INFO] - Smart Wait Function is triggered

2023-11-24 15:04:19 - [MESSAGE][INFO] - Smart Wait Function is triggered

2023-11-24 15:04:19 - [MESSAGE][INFO] - Smart Wait Function is triggered

2023-11-24 15:04:19 - [MESSAGE][INFO] - Smart Wait Function is triggered

2023-11-24 15:04:19 - [MESSAGE][INFO] - Smart Wait Function is triggered

2023-11-24 15:04:19 - [MESSAGE][INFO] - Smart Wait Function is triggered

2023-11-24 15:04:19 - [MESSAGE][INFO] - Smart Wait Function is triggered

2023-11-24 15:04:19 - [MESSAGE][INFO] - Smart Wait Function is triggered

2023-11-24 15:04:19 - [MESSAGE][INFO] - Smart Wait Function is triggered

2023-11-24 15:04:19 - [MESSAGE][INFO] - Smart Wait Function is triggered

2023-11-24 15:04:19 - [MESSAGE][INFO] - Smart Wait Function is triggered

2023-11-24 15:04:19 - [MESSAGE][INFO] - Smart Wait Function is triggered

2023-11-24 15:04:19 - [MESSAGE][INFO] - Smart Wait Function is triggered

2023-11-24 15:04:19 - [MESSAGE][INFO] - Smart Wait Function is triggered

2023-11-24 15:04:19 - [MESSAGE][INFO] - Smart Wait Function is triggered

2023-11-24 15:04:19 - [MESSAGE][INFO] - Smart Wait Function is triggered

2023-11-24 15:04:19 - [MESSAGE][INFO] - Smart Wait Function is triggered

2023-11-24 15:04:19 - [MESSAGE][INFO] - Smart Wait Function is triggered

2023-11-24 15:04:19 - [MESSAGE][INFO] - Smart Wait Function is triggered

2023-11-24 15:04:19 - [MESSAGE][INFO] - Smart Wait Function is triggered

2023-11-24 15:04:19 - [MESSAGE][INFO] - Smart Wait Function is triggered

2023-11-24 15:04:19 - [MESSAGE][INFO] - Smart Wait Function is triggered

2023-11-24 15:04:19 - [MESSAGE][INFO] - Smart Wait Function is triggered

2023-11-24 15:04:19 - [MESSAGE][INFO] - Smart Wait Function is triggered

2023-11-24 15:04:19 - [MESSAGE][INFO] - Smart Wait Function is triggered

2023-11-24 15:04:19 - [MESSAGE][INFO] - Smart Wait Function is triggered

2023-11-24 15:04:19 - [MESSAGE][INFO] - Smart Wait Function is triggered

2023-11-24 15:04:19 - [MESSAGE][INFO] - Smart Wait Function is triggered

2023-11-24 15:04:19 - [MESSAGE][INFO] - Smart Wait Function is triggered

2023-11-24 15:04:19 - [MESSAGE][INFO] - Smart Wait Function is triggered

2023-11-24 15:04:20 - [MESSAGE][INFO] - Smart Wait Function is triggered

2023-11-24 15:04:20 - [MESSAGE][INFO] - Smart Wait Function is triggered

2023-11-24 15:04:20 - [MESSAGE][INFO] - Smart Wait Function is triggered

2023-11-24 15:04:20 - [MESSAGE][INFO] - Smart Wait Function is triggered

2023-11-24 15:04:20 - [MESSAGE][INFO] - Smart Wait Function is triggered

2023-11-24 15:04:20 - [MESSAGE][INFO] - Smart Wait Function is triggered

2023-11-24 15:04:20 - [MESSAGE][INFO] - Smart Wait Function is triggered

2023-11-24 15:04:20 - [MESSAGE][INFO] - Smart Wait Function is triggered

2023-11-24 15:04:20 - [MESSAGE][INFO] - Smart Wait Function is triggered

2023-11-24 15:04:20 - [MESSAGE][INFO] - Smart Wait Function is triggered

2023-11-24 15:04:20 - [MESSAGE][INFO] - Smart Wait Function is triggered

2023-11-24 15:04:20 - [MESSAGE][INFO] - Smart Wait Function is triggered

2023-11-24 15:04:20 - [MESSAGE][INFO] - Smart Wait Function is triggered

2023-11-24 15:04:20 - [MESSAGE][INFO] - Smart Wait Function is triggered

2023-11-24 15:04:20 - [MESSAGE][INFO] - Smart Wait Function is triggered

2023-11-24 15:04:20 - [MESSAGE][INFO] - Smart Wait Function is triggered

2023-11-24 15:04:20 - [MESSAGE][INFO] - Smart Wait Function is triggered

2023-11-24 15:04:20 - [MESSAGE][INFO] - Smart Wait Function is triggered

2023-11-24 15:04:20 - [MESSAGE][INFO] - Smart Wait Function is triggered

2023-11-24 15:04:20 - [MESSAGE][INFO] - Smart Wait Function is triggered

2023-11-24 15:04:20 - [MESSAGE][INFO] - Smart Wait Function is triggered

2023-11-24 15:04:20 - [MESSAGE][INFO] - Smart Wait Function is triggered

2023-11-24 15:04:20 - [MESSAGE][INFO] - Smart Wait Function is triggered

2023-11-24 15:04:20 - [MESSAGE][INFO] - Smart Wait Function is triggered

2023-11-24 15:04:20 - [MESSAGE][INFO] - Smart Wait Function is triggered

2023-11-24 15:04:20 - [MESSAGE][INFO] - Smart Wait Function is triggered

2023-11-24 15:04:20 - [MESSAGE][INFO] - Smart Wait Function is triggered

2023-11-24 15:04:20 - [MESSAGE][INFO] - Smart Wait Function is triggered

2023-11-24 15:04:20 - [MESSAGE][INFO] - Smart Wait Function is triggered

2023-11-24 15:04:20 - [MESSAGE][INFO] - Smart Wait Function is triggered

2023-11-24 15:04:20 - [MESSAGE][INFO] - Smart Wait Function is triggered

2023-11-24 15:04:20 - [MESSAGE][INFO] - Smart Wait Function is triggered

2023-11-24 15:04:20 - [MESSAGE][INFO] - Smart Wait Function is triggered

2023-11-24 15:04:20 - [MESSAGE][INFO] - Smart Wait Function is triggered

2023-11-24 15:04:20 - [MESSAGE][INFO] - Smart Wait Function is triggered

2023-11-24 15:04:20 - [MESSAGE][INFO] - Smart Wait Function is triggered

2023-11-24 15:04:20 - [MESSAGE][INFO] - Smart Wait Function is triggered

2023-11-24 15:04:20 - [MESSAGE][INFO] - Smart Wait Function is triggered

2023-11-24 15:04:20 - [MESSAGE][INFO] - Smart Wait Function is triggered

2023-11-24 15:04:20 - [MESSAGE][INFO] - Smart Wait Function is triggered

2023-11-24 15:04:20 - [MESSAGE][INFO] - Smart Wait Function is triggered

2023-11-24 15:04:20 - [MESSAGE][INFO] - Smart Wait Function is triggered

2023-11-24 15:04:20 - [MESSAGE][INFO] - Smart Wait Function is triggered

2023-11-24 15:04:21 - [MESSAGE][INFO] - Smart Wait Function is triggered

2023-11-24 15:04:21 - [MESSAGE][INFO] - Smart Wait Function is triggered

2023-11-24 15:04:21 - [MESSAGE][INFO] - Smart Wait Function is triggered

2023-11-24 15:04:21 - [MESSAGE][INFO] - Smart Wait Function is triggered

2023-11-24 15:04:21 - [MESSAGE][INFO] - Smart Wait Function is triggered

2023-11-24 15:04:21 - [MESSAGE][INFO] - Smart Wait Function is triggered

2023-11-24 15:04:21 - [MESSAGE][INFO] - Smart Wait Function is triggered

2023-11-24 15:04:21 - [MESSAGE][INFO] - Smart Wait Function is triggered

2023-11-24 15:04:21 - [MESSAGE][INFO] - Smart Wait Function is triggered

2023-11-24 15:04:21 - [MESSAGE][INFO] - Smart Wait Function is triggered

2023-11-24 15:04:21 - [MESSAGE][INFO] - Smart Wait Function is triggered

2023-11-24 15:04:21 - [MESSAGE][INFO] - Smart Wait Function is triggered

2023-11-24 15:04:21 - [MESSAGE][INFO] - Smart Wait Function is triggered

2023-11-24 15:04:21 - [MESSAGE][INFO] - Smart Wait Function is triggered

2023-11-24 15:04:21 - [MESSAGE][INFO] - Smart Wait Function is triggered

2023-11-24 15:04:21 - [MESSAGE][INFO] - Smart Wait Function is triggered

2023-11-24 15:04:21 - [MESSAGE][INFO] - Smart Wait Function is triggered

2023-11-24 15:04:21 - [MESSAGE][INFO] - Smart Wait Function is triggered

2023-11-24 15:04:21 - [MESSAGE][INFO] - Smart Wait Function is triggered

2023-11-24 15:04:21 - [MESSAGE][INFO] - Smart Wait Function is triggered

2023-11-24 15:04:21 - [MESSAGE][INFO] - Smart Wait Function is triggered

2023-11-24 15:04:21 - [MESSAGE][INFO] - Smart Wait Function is triggered

2023-11-24 15:04:21 - [MESSAGE][INFO] - Smart Wait Function is triggered

2023-11-24 15:04:21 - [MESSAGE][INFO] - Smart Wait Function is triggered

2023-11-24 15:04:21 - [MESSAGE][INFO] - Smart Wait Function is triggered

2023-11-24 15:04:21 - [MESSAGE][INFO] - Smart Wait Function is triggered

2023-11-24 15:04:21 - [MESSAGE][INFO] - Smart Wait Function is triggered

2023-11-24 15:04:21 - [MESSAGE][INFO] - Smart Wait Function is triggered

2023-11-24 15:04:21 - [MESSAGE][INFO] - Smart Wait Function is triggered

2023-11-24 15:04:21 - [MESSAGE][INFO] - Smart Wait Function is triggered

2023-11-24 15:04:21 - [MESSAGE][INFO] - Smart Wait Function is triggered

2023-11-24 15:04:21 - [MESSAGE][INFO] - Smart Wait Function is triggered

2023-11-24 15:04:21 - [MESSAGE][INFO] - Smart Wait Function is triggered

2023-11-24 15:04:21 - [MESSAGE][INFO] - Smart Wait Function is triggered

2023-11-24 15:04:21 - [MESSAGE][INFO] - Smart Wait Function is triggered

2023-11-24 15:04:21 - [MESSAGE][INFO] - Smart Wait Function is triggered

2023-11-24 15:04:21 - [MESSAGE][INFO] - Smart Wait Function is triggered

2023-11-24 15:04:21 - [MESSAGE][INFO] - Smart Wait Function is triggered

2023-11-24 15:04:21 - [MESSAGE][INFO] - Smart Wait Function is triggered

2023-11-24 15:04:21 - [MESSAGE][INFO] - Smart Wait Function is triggered

2023-11-24 15:04:21 - [MESSAGE][INFO] - Smart Wait Function is triggered

2023-11-24 15:04:22 - [MESSAGE][INFO] - Smart Wait Function is triggered

2023-11-24 15:04:22 - [MESSAGE][INFO] - Smart Wait Function is triggered

2023-11-24 15:04:22 - [MESSAGE][INFO] - Smart Wait Function is triggered

2023-11-24 15:04:22 - [MESSAGE][INFO] - Smart Wait Function is triggered

2023-11-24 15:04:22 - [MESSAGE][INFO] - Smart Wait Function is triggered

2023-11-24 15:04:22 - [MESSAGE][INFO] - Smart Wait Function is triggered

2023-11-24 15:04:22 - [MESSAGE][INFO] - Smart Wait Function is triggered

2023-11-24 15:04:22 - [MESSAGE][INFO] - Smart Wait Function is triggered

2023-11-24 15:04:22 - [MESSAGE][INFO] - Smart Wait Function is triggered

2023-11-24 15:04:22 - [MESSAGE][INFO] - Smart Wait Function is triggered

2023-11-24 15:04:22 - [MESSAGE][INFO] - Smart Wait Function is triggered

2023-11-24 15:04:22 - [MESSAGE][INFO] - Smart Wait Function is triggered

2023-11-24 15:04:22 - [MESSAGE][INFO] - Smart Wait Function is triggered

2023-11-24 15:04:22 - [MESSAGE][INFO] - Smart Wait Function is triggered

2023-11-24 15:04:22 - [MESSAGE][INFO] - Smart Wait Function is triggered

2023-11-24 15:04:22 - [MESSAGE][INFO] - Smart Wait Function is triggered

2023-11-24 15:04:22 - [MESSAGE][INFO] - Smart Wait Function is triggered

2023-11-24 15:04:22 - [MESSAGE][INFO] - Smart Wait Function is triggered

2023-11-24 15:04:22 - [MESSAGE][INFO] - Smart Wait Function is triggered

2023-11-24 15:04:22 - [MESSAGE][INFO] - Smart Wait Function is triggered

2023-11-24 15:04:22 - [MESSAGE][INFO] - Smart Wait Function is triggered

2023-11-24 15:04:22 - [MESSAGE][INFO] - Smart Wait Function is triggered

2023-11-24 15:04:22 - [MESSAGE][INFO] - Smart Wait Function is triggered

2023-11-24 15:04:22 - [MESSAGE][INFO] - Smart Wait Function is triggered

2023-11-24 15:04:22 - [MESSAGE][INFO] - Smart Wait Function is triggered

2023-11-24 15:04:22 - [MESSAGE][INFO] - Smart Wait Function is triggered

2023-11-24 15:04:22 - [MESSAGE][INFO] - Smart Wait Function is triggered

2023-11-24 15:04:22 - [MESSAGE][INFO] - Smart Wait Function is triggered

2023-11-24 15:04:22 - [MESSAGE][INFO] - Smart Wait Function is triggered

2023-11-24 15:04:22 - [MESSAGE][INFO] - Smart Wait Function is triggered

2023-11-24 15:04:22 - [MESSAGE][INFO] - Smart Wait Function is triggered

2023-11-24 15:04:22 - [MESSAGE][INFO] - Smart Wait Function is triggered

2023-11-24 15:04:22 - [MESSAGE][INFO] - Smart Wait Function is triggered

2023-11-24 15:04:22 - [MESSAGE][INFO] - Smart Wait Function is triggered

2023-11-24 15:04:22 - [MESSAGE][INFO] - Smart Wait Function is triggered

2023-11-24 15:04:22 - [MESSAGE][INFO] - Smart Wait Function is triggered

2023-11-24 15:04:22 - [MESSAGE][INFO] - Smart Wait Function is triggered

2023-11-24 15:04:22 - [MESSAGE][INFO] - Smart Wait Function is triggered

2023-11-24 15:04:22 - [MESSAGE][INFO] - Smart Wait Function is triggered

2023-11-24 15:04:22 - [MESSAGE][INFO] - Smart Wait Function is triggered

2023-11-24 15:04:22 - [MESSAGE][INFO] - Smart Wait Function is triggered

2023-11-24 15:04:22 - [MESSAGE][INFO] - Smart Wait Function is triggered

2023-11-24 15:04:22 - [MESSAGE][INFO] - Smart Wait Function is triggered

2023-11-24 15:04:23 - [MESSAGE][INFO] - Smart Wait Function is triggered

2023-11-24 15:04:23 - [MESSAGE][INFO] - Smart Wait Function is triggered

2023-11-24 15:04:23 - [MESSAGE][INFO] - Smart Wait Function is triggered

2023-11-24 15:04:23 - [MESSAGE][INFO] - Smart Wait Function is triggered

2023-11-24 15:04:23 - [MESSAGE][INFO] - Smart Wait Function is triggered

2023-11-24 15:04:23 - [MESSAGE][INFO] - Smart Wait Function is triggered

2023-11-24 15:04:23 - [MESSAGE][INFO] - Smart Wait Function is triggered

2023-11-24 15:04:23 - [MESSAGE][INFO] - Smart Wait Function is triggered

2023-11-24 15:04:23 - [MESSAGE][INFO] - Smart Wait Function is triggered

2023-11-24 15:04:23 - [MESSAGE][INFO] - Smart Wait Function is triggered

2023-11-24 15:04:23 - [MESSAGE][INFO] - Smart Wait Function is triggered

2023-11-24 15:04:23 - [MESSAGE][INFO] - Smart Wait Function is triggered

2023-11-24 15:04:23 - [MESSAGE][INFO] - Smart Wait Function is triggered

2023-11-24 15:04:23 - [MESSAGE][INFO] - Smart Wait Function is triggered

2023-11-24 15:04:23 - [MESSAGE][INFO] - Smart Wait Function is triggered

2023-11-24 15:04:23 - [MESSAGE][INFO] - Smart Wait Function is triggered

2023-11-24 15:04:23 - [MESSAGE][INFO] - Smart Wait Function is triggered

2023-11-24 15:04:23 - [MESSAGE][INFO] - Smart Wait Function is triggered

2023-11-24 15:04:23 - [MESSAGE][INFO] - Smart Wait Function is triggered

2023-11-24 15:04:23 - [MESSAGE][INFO] - Smart Wait Function is triggered

2023-11-24 15:04:23 - [MESSAGE][INFO] - Smart Wait Function is triggered

2023-11-24 15:04:23 - [MESSAGE][INFO] - Smart Wait Function is triggered

2023-11-24 15:04:23 - [MESSAGE][INFO] - Smart Wait Function is triggered

2023-11-24 15:04:23 - [MESSAGE][INFO] - Smart Wait Function is triggered

2023-11-24 15:04:23 - [MESSAGE][INFO] - Smart Wait Function is triggered

2023-11-24 15:04:23 - [MESSAGE][INFO] - Smart Wait Function is triggered

2023-11-24 15:04:23 - [MESSAGE][INFO] - Smart Wait Function is triggered

2023-11-24 15:04:23 - [MESSAGE][INFO] - Smart Wait Function is triggered

2023-11-24 15:04:23 - [MESSAGE][INFO] - Smart Wait Function is triggered

2023-11-24 15:04:23 - [MESSAGE][INFO] - Smart Wait Function is triggered

2023-11-24 15:04:23 - [MESSAGE][INFO] - Smart Wait Function is triggered

2023-11-24 15:04:23 - [MESSAGE][INFO] - Smart Wait Function is triggered

2023-11-24 15:04:23 - [MESSAGE][INFO] - Smart Wait Function is triggered

2023-11-24 15:04:23 - [MESSAGE][INFO] - Smart Wait Function is triggered

2023-11-24 15:04:23 - [MESSAGE][INFO] - Smart Wait Function is triggered

2023-11-24 15:04:23 - [MESSAGE][INFO] - Smart Wait Function is triggered

2023-11-24 15:04:23 - [MESSAGE][INFO] - Smart Wait Function is triggered

2023-11-24 15:04:23 - [MESSAGE][INFO] - Smart Wait Function is triggered

2023-11-24 15:04:23 - [MESSAGE][INFO] - Smart Wait Function is triggered

2023-11-24 15:04:23 - [MESSAGE][INFO] - Smart Wait Function is triggered

2023-11-24 15:04:23 - [MESSAGE][INFO] - Smart Wait Function is triggered

2023-11-24 15:04:23 - [MESSAGE][INFO] - Smart Wait Function is triggered

2023-11-24 15:04:23 - [MESSAGE][INFO] - Smart Wait Function is triggered

2023-11-24 15:04:23 - [MESSAGE][INFO] - Smart Wait Function is triggered

2023-11-24 15:04:24 - [MESSAGE][INFO] - Smart Wait Function is triggered

2023-11-24 15:04:24 - [MESSAGE][INFO] - Smart Wait Function is triggered

2023-11-24 15:04:24 - [MESSAGE][INFO] - Smart Wait Function is triggered

2023-11-24 15:04:24 - [MESSAGE][INFO] - Smart Wait Function is triggered

2023-11-24 15:04:24 - [MESSAGE][INFO] - Smart Wait Function is triggered

2023-11-24 15:04:24 - [MESSAGE][INFO] - Smart Wait Function is triggered

2023-11-24 15:04:24 - [MESSAGE][INFO] - Smart Wait Function is triggered

2023-11-24 15:04:24 - [MESSAGE][INFO] - Smart Wait Function is triggered

2023-11-24 15:04:24 - [MESSAGE][INFO] - Smart Wait Function is triggered

2023-11-24 15:04:24 - [MESSAGE][INFO] - Smart Wait Function is triggered

2023-11-24 15:04:24 - [MESSAGE][INFO] - Smart Wait Function is triggered

2023-11-24 15:04:24 - [MESSAGE][INFO] - Smart Wait Function is triggered

2023-11-24 15:04:24 - [MESSAGE][INFO] - Smart Wait Function is triggered

2023-11-24 15:04:24 - [MESSAGE][INFO] - Smart Wait Function is triggered

2023-11-24 15:04:24 - [MESSAGE][INFO] - Smart Wait Function is triggered

2023-11-24 15:04:24 - [MESSAGE][INFO] - Smart Wait Function is triggered

2023-11-24 15:04:24 - [MESSAGE][INFO] - Smart Wait Function is triggered

2023-11-24 15:04:24 - [MESSAGE][INFO] - Smart Wait Function is triggered

2023-11-24 15:04:24 - [MESSAGE][INFO] - Smart Wait Function is triggered

2023-11-24 15:04:24 - [MESSAGE][INFO] - Smart Wait Function is triggered

2023-11-24 15:04:24 - [MESSAGE][INFO] - Smart Wait Function is triggered

2023-11-24 15:04:24 - [MESSAGE][INFO] - Smart Wait Function is triggered

2023-11-24 15:04:24 - [MESSAGE][INFO] - Smart Wait Function is triggered

2023-11-24 15:04:24 - [MESSAGE][INFO] - Smart Wait Function is triggered

2023-11-24 15:04:24 - [MESSAGE][INFO] - Smart Wait Function is triggered

2023-11-24 15:04:24 - [MESSAGE][INFO] - Smart Wait Function is triggered

2023-11-24 15:04:24 - [MESSAGE][INFO] - Smart Wait Function is triggered

2023-11-24 15:04:24 - [MESSAGE][INFO] - Smart Wait Function is triggered

2023-11-24 15:04:24 - [MESSAGE][INFO] - Smart Wait Function is triggered

2023-11-24 15:04:24 - [MESSAGE][INFO] - Smart Wait Function is triggered

2023-11-24 15:04:24 - [MESSAGE][INFO] - Smart Wait Function is triggered

2023-11-24 15:04:24 - [MESSAGE][INFO] - Smart Wait Function is triggered

2023-11-24 15:04:24 - [MESSAGE][INFO] - Smart Wait Function is triggered

2023-11-24 15:04:24 - [MESSAGE][INFO] - Smart Wait Function is triggered

2023-11-24 15:04:24 - [MESSAGE][INFO] - Smart Wait Function is triggered

2023-11-24 15:04:24 - [MESSAGE][INFO] - Smart Wait Function is triggered

2023-11-24 15:04:24 - [MESSAGE][INFO] - Smart Wait Function is triggered

2023-11-24 15:04:24 - [MESSAGE][INFO] - Unable to find the element located by 'By.xpath: //*[@aria-labelledby="PHOTO_NUMBER-label" and @type ="text"]|//*[@aria-labelledby="PHOTO_IDENTITE-label" and @type ="text"]'. Please recheck the objects properties to make sure the desired element is located. 

2023-11-24 15:04:24 - [MESSAGE][INFO] - Checking object

2023-11-24 15:04:24 - [MESSAGE][INFO] - Checking text

2023-11-24 15:04:24 - [MESSAGE][INFO] - Finding web element from Test Object's properties

2023-11-24 15:04:24 - [MESSAGE][INFO] - Checking timeout

2023-11-24 15:04:24 - [MESSAGE][INFO] - Finding web element with id: 'Object Repository/Page_Justificatifs_Usager/Input_Numero_Ephoto' located by 'By.xpath: //*[@aria-labelledby="PHOTO_NUMBER-label" and @type ="text"]|//*[@aria-labelledby="PHOTO_IDENTITE-label" and @type ="text"]' in '5' second(s)

2023-11-24 15:04:24 - [MESSAGE][INFO] - Smart Wait Function is triggered

2023-11-24 15:04:24 - [MESSAGE][INFO] - Smart Wait Function is triggered

2023-11-24 15:04:24 - [MESSAGE][INFO] - Smart Wait Function is triggered

2023-11-24 15:04:24 - [MESSAGE][INFO] - Smart Wait Function is triggered

2023-11-24 15:04:24 - [MESSAGE][INFO] - Smart Wait Function is triggered

2023-11-24 15:04:25 - [MESSAGE][INFO] - Smart Wait Function is triggered

2023-11-24 15:04:25 - [MESSAGE][INFO] - Smart Wait Function is triggered

2023-11-24 15:04:25 - [MESSAGE][INFO] - Smart Wait Function is triggered

2023-11-24 15:04:25 - [MESSAGE][INFO] - Smart Wait Function is triggered

2023-11-24 15:04:25 - [MESSAGE][INFO] - Smart Wait Function is triggered

2023-11-24 15:04:25 - [MESSAGE][INFO] - Smart Wait Function is triggered

2023-11-24 15:04:25 - [MESSAGE][INFO] - Smart Wait Function is triggered

2023-11-24 15:04:25 - [MESSAGE][INFO] - Smart Wait Function is triggered

2023-11-24 15:04:25 - [MESSAGE][INFO] - Smart Wait Function is triggered

2023-11-24 15:04:25 - [MESSAGE][INFO] - Smart Wait Function is triggered

2023-11-24 15:04:25 - [MESSAGE][INFO] - Smart Wait Function is triggered

2023-11-24 15:04:25 - [MESSAGE][INFO] - Smart Wait Function is triggered

2023-11-24 15:04:25 - [MESSAGE][INFO] - Smart Wait Function is triggered

2023-11-24 15:04:25 - [MESSAGE][INFO] - Smart Wait Function is triggered

2023-11-24 15:04:25 - [MESSAGE][INFO] - Smart Wait Function is triggered

2023-11-24 15:04:25 - [MESSAGE][INFO] - Smart Wait Function is triggered

2023-11-24 15:04:25 - [MESSAGE][INFO] - Smart Wait Function is triggered

2023-11-24 15:04:25 - [MESSAGE][INFO] - Smart Wait Function is triggered

2023-11-24 15:04:25 - [MESSAGE][INFO] - Smart Wait Function is triggered

2023-11-24 15:04:25 - [MESSAGE][INFO] - Smart Wait Function is triggered

2023-11-24 15:04:25 - [MESSAGE][INFO] - Smart Wait Function is triggered

2023-11-24 15:04:25 - [MESSAGE][INFO] - Smart Wait Function is triggered

2023-11-24 15:04:25 - [MESSAGE][INFO] - Smart Wait Function is triggered

2023-11-24 15:04:25 - [MESSAGE][INFO] - Smart Wait Function is triggered

2023-11-24 15:04:25 - [MESSAGE][INFO] - Smart Wait Function is triggered

2023-11-24 15:04:25 - [MESSAGE][INFO] - Smart Wait Function is triggered

2023-11-24 15:04:25 - [MESSAGE][INFO] - Smart Wait Function is triggered

2023-11-24 15:04:25 - [MESSAGE][INFO] - Smart Wait Function is triggered

2023-11-24 15:04:25 - [MESSAGE][INFO] - Smart Wait Function is triggered

2023-11-24 15:04:25 - [MESSAGE][INFO] - Smart Wait Function is triggered

2023-11-24 15:04:25 - [MESSAGE][INFO] - Smart Wait Function is triggered

2023-11-24 15:04:25 - [MESSAGE][INFO] - Smart Wait Function is triggered

2023-11-24 15:04:25 - [MESSAGE][INFO] - Smart Wait Function is triggered

2023-11-24 15:04:25 - [MESSAGE][INFO] - Smart Wait Function is triggered

2023-11-24 15:04:25 - [MESSAGE][INFO] - Smart Wait Function is triggered

2023-11-24 15:04:25 - [MESSAGE][INFO] - Smart Wait Function is triggered

2023-11-24 15:04:25 - [MESSAGE][INFO] - Smart Wait Function is triggered

2023-11-24 15:04:25 - [MESSAGE][INFO] - Smart Wait Function is triggered

2023-11-24 15:04:25 - [MESSAGE][INFO] - Smart Wait Function is triggered

2023-11-24 15:04:25 - [MESSAGE][INFO] - Smart Wait Function is triggered

2023-11-24 15:04:25 - [MESSAGE][INFO] - Smart Wait Function is triggered

2023-11-24 15:04:25 - [MESSAGE][INFO] - Smart Wait Function is triggered

2023-11-24 15:04:25 - [MESSAGE][INFO] - Smart Wait Function is triggered

2023-11-24 15:04:25 - [MESSAGE][INFO] - Smart Wait Function is triggered

2023-11-24 15:04:25 - [MESSAGE][INFO] - Smart Wait Function is triggered

2023-11-24 15:04:25 - [MESSAGE][INFO] - Smart Wait Function is triggered

2023-11-24 15:04:25 - [MESSAGE][INFO] - Smart Wait Function is triggered

2023-11-24 15:04:25 - [MESSAGE][INFO] - Smart Wait Function is triggered

2023-11-24 15:04:26 - [MESSAGE][INFO] - Smart Wait Function is triggered

2023-11-24 15:04:26 - [MESSAGE][INFO] - Smart Wait Function is triggered

2023-11-24 15:04:26 - [MESSAGE][INFO] - Smart Wait Function is triggered

2023-11-24 15:04:26 - [MESSAGE][INFO] - Smart Wait Function is triggered

2023-11-24 15:04:26 - [MESSAGE][INFO] - Smart Wait Function is triggered

2023-11-24 15:04:26 - [MESSAGE][INFO] - Smart Wait Function is triggered

2023-11-24 15:04:26 - [MESSAGE][INFO] - Smart Wait Function is triggered

2023-11-24 15:04:26 - [MESSAGE][INFO] - Smart Wait Function is triggered

2023-11-24 15:04:26 - [MESSAGE][INFO] - Smart Wait Function is triggered

2023-11-24 15:04:26 - [MESSAGE][INFO] - Smart Wait Function is triggered

2023-11-24 15:04:26 - [MESSAGE][INFO] - Smart Wait Function is triggered

2023-11-24 15:04:26 - [MESSAGE][INFO] - Smart Wait Function is triggered

2023-11-24 15:04:26 - [MESSAGE][INFO] - Smart Wait Function is triggered

2023-11-24 15:04:26 - [MESSAGE][INFO] - Smart Wait Function is triggered

2023-11-24 15:04:26 - [MESSAGE][INFO] - Smart Wait Function is triggered

2023-11-24 15:04:26 - [MESSAGE][INFO] - Smart Wait Function is triggered

2023-11-24 15:04:26 - [MESSAGE][INFO] - Smart Wait Function is triggered

2023-11-24 15:04:26 - [MESSAGE][INFO] - Smart Wait Function is triggered

2023-11-24 15:04:26 - [MESSAGE][INFO] - Smart Wait Function is triggered

2023-11-24 15:04:26 - [MESSAGE][INFO] - Smart Wait Function is triggered

2023-11-24 15:04:26 - [MESSAGE][INFO] - Smart Wait Function is triggered

2023-11-24 15:04:26 - [MESSAGE][INFO] - Smart Wait Function is triggered

2023-11-24 15:04:26 - [MESSAGE][INFO] - Smart Wait Function is triggered

2023-11-24 15:04:26 - [MESSAGE][INFO] - Smart Wait Function is triggered

2023-11-24 15:04:26 - [MESSAGE][INFO] - Smart Wait Function is triggered

2023-11-24 15:04:26 - [MESSAGE][INFO] - Smart Wait Function is triggered

2023-11-24 15:04:26 - [MESSAGE][INFO] - Smart Wait Function is triggered

2023-11-24 15:04:26 - [MESSAGE][INFO] - Smart Wait Function is triggered

2023-11-24 15:04:26 - [MESSAGE][INFO] - Smart Wait Function is triggered

2023-11-24 15:04:26 - [MESSAGE][INFO] - Smart Wait Function is triggered

2023-11-24 15:04:26 - [MESSAGE][INFO] - Smart Wait Function is triggered

2023-11-24 15:04:26 - [MESSAGE][INFO] - Smart Wait Function is triggered

2023-11-24 15:04:26 - [MESSAGE][INFO] - Smart Wait Function is triggered

2023-11-24 15:04:26 - [MESSAGE][INFO] - Smart Wait Function is triggered

2023-11-24 15:04:26 - [MESSAGE][INFO] - Smart Wait Function is triggered

2023-11-24 15:04:26 - [MESSAGE][INFO] - Smart Wait Function is triggered

2023-11-24 15:04:26 - [MESSAGE][INFO] - Smart Wait Function is triggered

2023-11-24 15:04:26 - [MESSAGE][INFO] - Smart Wait Function is triggered

2023-11-24 15:04:26 - [MESSAGE][INFO] - Smart Wait Function is triggered

2023-11-24 15:04:26 - [MESSAGE][INFO] - Smart Wait Function is triggered

2023-11-24 15:04:26 - [MESSAGE][INFO] - Smart Wait Function is triggered

2023-11-24 15:04:26 - [MESSAGE][INFO] - Smart Wait Function is triggered

2023-11-24 15:04:26 - [MESSAGE][INFO] - Smart Wait Function is triggered

2023-11-24 15:04:26 - [MESSAGE][INFO] - Smart Wait Function is triggered

2023-11-24 15:04:26 - [MESSAGE][INFO] - Smart Wait Function is triggered

2023-11-24 15:04:26 - [MESSAGE][INFO] - Smart Wait Function is triggered

2023-11-24 15:04:27 - [MESSAGE][INFO] - Smart Wait Function is triggered

2023-11-24 15:04:27 - [MESSAGE][INFO] - Smart Wait Function is triggered

2023-11-24 15:04:27 - [MESSAGE][INFO] - Smart Wait Function is triggered

2023-11-24 15:04:27 - [MESSAGE][INFO] - Smart Wait Function is triggered

2023-11-24 15:04:27 - [MESSAGE][INFO] - Smart Wait Function is triggered

2023-11-24 15:04:27 - [MESSAGE][INFO] - Smart Wait Function is triggered

2023-11-24 15:04:27 - [MESSAGE][INFO] - Smart Wait Function is triggered

2023-11-24 15:04:27 - [MESSAGE][INFO] - Smart Wait Function is triggered

2023-11-24 15:04:27 - [MESSAGE][INFO] - Smart Wait Function is triggered

2023-11-24 15:04:27 - [MESSAGE][INFO] - Smart Wait Function is triggered

2023-11-24 15:04:27 - [MESSAGE][INFO] - Smart Wait Function is triggered

2023-11-24 15:04:27 - [MESSAGE][INFO] - Smart Wait Function is triggered

2023-11-24 15:04:27 - [MESSAGE][INFO] - Smart Wait Function is triggered

2023-11-24 15:04:27 - [MESSAGE][INFO] - Smart Wait Function is triggered

2023-11-24 15:04:27 - [MESSAGE][INFO] - Smart Wait Function is triggered

2023-11-24 15:04:27 - [MESSAGE][INFO] - Smart Wait Function is triggered

2023-11-24 15:04:27 - [MESSAGE][INFO] - Smart Wait Function is triggered

2023-11-24 15:04:27 - [MESSAGE][INFO] - Smart Wait Function is triggered

2023-11-24 15:04:27 - [MESSAGE][INFO] - Smart Wait Function is triggered

2023-11-24 15:04:27 - [MESSAGE][INFO] - Smart Wait Function is triggered

2023-11-24 15:04:27 - [MESSAGE][INFO] - Smart Wait Function is triggered

2023-11-24 15:04:27 - [MESSAGE][INFO] - Smart Wait Function is triggered

2023-11-24 15:04:27 - [MESSAGE][INFO] - Smart Wait Function is triggered

2023-11-24 15:04:27 - [MESSAGE][INFO] - Smart Wait Function is triggered

2023-11-24 15:04:27 - [MESSAGE][INFO] - Smart Wait Function is triggered

2023-11-24 15:04:27 - [MESSAGE][INFO] - Smart Wait Function is triggered

2023-11-24 15:04:27 - [MESSAGE][INFO] - Smart Wait Function is triggered

2023-11-24 15:04:27 - [MESSAGE][INFO] - Smart Wait Function is triggered

2023-11-24 15:04:27 - [MESSAGE][INFO] - Smart Wait Function is triggered

2023-11-24 15:04:27 - [MESSAGE][INFO] - Smart Wait Function is triggered

2023-11-24 15:04:27 - [MESSAGE][INFO] - Smart Wait Function is triggered

2023-11-24 15:04:27 - [MESSAGE][INFO] - Smart Wait Function is triggered

2023-11-24 15:04:27 - [MESSAGE][INFO] - Smart Wait Function is triggered

2023-11-24 15:04:27 - [MESSAGE][INFO] - Smart Wait Function is triggered

2023-11-24 15:04:27 - [MESSAGE][INFO] - Smart Wait Function is triggered

2023-11-24 15:04:27 - [MESSAGE][INFO] - Smart Wait Function is triggered

2023-11-24 15:04:27 - [MESSAGE][INFO] - Smart Wait Function is triggered

2023-11-24 15:04:27 - [MESSAGE][INFO] - Smart Wait Function is triggered

2023-11-24 15:04:27 - [MESSAGE][INFO] - Smart Wait Function is triggered

2023-11-24 15:04:27 - [MESSAGE][INFO] - Smart Wait Function is triggered

2023-11-24 15:04:27 - [MESSAGE][INFO] - Smart Wait Function is triggered

2023-11-24 15:04:27 - [MESSAGE][INFO] - Smart Wait Function is triggered

2023-11-24 15:04:27 - [MESSAGE][INFO] - Smart Wait Function is triggered

2023-11-24 15:04:27 - [MESSAGE][INFO] - Smart Wait Function is triggered

2023-11-24 15:04:27 - [MESSAGE][INFO] - Smart Wait Function is triggered

2023-11-24 15:04:27 - [MESSAGE][INFO] - Smart Wait Function is triggered

2023-11-24 15:04:28 - [MESSAGE][INFO] - Smart Wait Function is triggered

2023-11-24 15:04:28 - [MESSAGE][INFO] - Smart Wait Function is triggered

2023-11-24 15:04:28 - [MESSAGE][INFO] - Smart Wait Function is triggered

2023-11-24 15:04:28 - [MESSAGE][INFO] - Smart Wait Function is triggered

2023-11-24 15:04:28 - [MESSAGE][INFO] - Smart Wait Function is triggered

2023-11-24 15:04:28 - [MESSAGE][INFO] - Smart Wait Function is triggered

2023-11-24 15:04:28 - [MESSAGE][INFO] - Smart Wait Function is triggered

2023-11-24 15:04:28 - [MESSAGE][INFO] - Smart Wait Function is triggered

2023-11-24 15:04:28 - [MESSAGE][INFO] - Smart Wait Function is triggered

2023-11-24 15:04:28 - [MESSAGE][INFO] - Smart Wait Function is triggered

2023-11-24 15:04:28 - [MESSAGE][INFO] - Smart Wait Function is triggered

2023-11-24 15:04:28 - [MESSAGE][INFO] - Smart Wait Function is triggered

2023-11-24 15:04:28 - [MESSAGE][INFO] - Smart Wait Function is triggered

2023-11-24 15:04:28 - [MESSAGE][INFO] - Smart Wait Function is triggered

2023-11-24 15:04:28 - [MESSAGE][INFO] - Smart Wait Function is triggered

2023-11-24 15:04:28 - [MESSAGE][INFO] - Smart Wait Function is triggered

2023-11-24 15:04:28 - [MESSAGE][INFO] - Smart Wait Function is triggered

2023-11-24 15:04:28 - [MESSAGE][INFO] - Smart Wait Function is triggered

2023-11-24 15:04:28 - [MESSAGE][INFO] - Smart Wait Function is triggered

2023-11-24 15:04:28 - [MESSAGE][INFO] - Smart Wait Function is triggered

2023-11-24 15:04:28 - [MESSAGE][INFO] - Smart Wait Function is triggered

2023-11-24 15:04:28 - [MESSAGE][INFO] - Smart Wait Function is triggered

2023-11-24 15:04:28 - [MESSAGE][INFO] - Smart Wait Function is triggered

2023-11-24 15:04:28 - [MESSAGE][INFO] - Smart Wait Function is triggered

2023-11-24 15:04:28 - [MESSAGE][INFO] - Smart Wait Function is triggered

2023-11-24 15:04:28 - [MESSAGE][INFO] - Smart Wait Function is triggered

2023-11-24 15:04:28 - [MESSAGE][INFO] - Smart Wait Function is triggered

2023-11-24 15:04:28 - [MESSAGE][INFO] - Smart Wait Function is triggered

2023-11-24 15:04:28 - [MESSAGE][INFO] - Smart Wait Function is triggered

2023-11-24 15:04:28 - [MESSAGE][INFO] - Smart Wait Function is triggered

2023-11-24 15:04:28 - [MESSAGE][INFO] - Smart Wait Function is triggered

2023-11-24 15:04:28 - [MESSAGE][INFO] - Smart Wait Function is triggered

2023-11-24 15:04:28 - [MESSAGE][INFO] - Smart Wait Function is triggered

2023-11-24 15:04:28 - [MESSAGE][INFO] - Smart Wait Function is triggered

2023-11-24 15:04:28 - [MESSAGE][INFO] - Smart Wait Function is triggered

2023-11-24 15:04:28 - [MESSAGE][INFO] - Smart Wait Function is triggered

2023-11-24 15:04:28 - [MESSAGE][INFO] - Smart Wait Function is triggered

2023-11-24 15:04:28 - [MESSAGE][INFO] - Smart Wait Function is triggered

2023-11-24 15:04:28 - [MESSAGE][INFO] - Smart Wait Function is triggered

2023-11-24 15:04:28 - [MESSAGE][INFO] - Smart Wait Function is triggered

2023-11-24 15:04:28 - [MESSAGE][INFO] - Smart Wait Function is triggered

2023-11-24 15:04:28 - [MESSAGE][INFO] - Smart Wait Function is triggered

2023-11-24 15:04:28 - [MESSAGE][INFO] - Smart Wait Function is triggered

2023-11-24 15:04:28 - [MESSAGE][INFO] - Smart Wait Function is triggered

2023-11-24 15:04:28 - [MESSAGE][INFO] - Smart Wait Function is triggered

2023-11-24 15:04:28 - [MESSAGE][INFO] - Smart Wait Function is triggered

2023-11-24 15:04:28 - [MESSAGE][INFO] - Smart Wait Function is triggered

2023-11-24 15:04:28 - [MESSAGE][INFO] - Smart Wait Function is triggered

2023-11-24 15:04:28 - [MESSAGE][INFO] - Smart Wait Function is triggered

2023-11-24 15:04:29 - [MESSAGE][INFO] - Smart Wait Function is triggered

2023-11-24 15:04:29 - [MESSAGE][INFO] - Smart Wait Function is triggered

2023-11-24 15:04:29 - [MESSAGE][INFO] - Smart Wait Function is triggered

2023-11-24 15:04:29 - [MESSAGE][INFO] - Smart Wait Function is triggered

2023-11-24 15:04:29 - [MESSAGE][INFO] - Smart Wait Function is triggered

2023-11-24 15:04:29 - [MESSAGE][INFO] - Smart Wait Function is triggered

2023-11-24 15:04:29 - [MESSAGE][INFO] - Smart Wait Function is triggered

2023-11-24 15:04:29 - [MESSAGE][INFO] - Smart Wait Function is triggered

2023-11-24 15:04:29 - [MESSAGE][INFO] - Smart Wait Function is triggered

2023-11-24 15:04:29 - [MESSAGE][INFO] - Smart Wait Function is triggered

2023-11-24 15:04:29 - [MESSAGE][INFO] - Smart Wait Function is triggered

2023-11-24 15:04:29 - [MESSAGE][INFO] - Smart Wait Function is triggered

2023-11-24 15:04:29 - [MESSAGE][INFO] - Smart Wait Function is triggered

2023-11-24 15:04:29 - [MESSAGE][INFO] - Smart Wait Function is triggered

2023-11-24 15:04:29 - [MESSAGE][INFO] - Smart Wait Function is triggered

2023-11-24 15:04:29 - [MESSAGE][INFO] - Smart Wait Function is triggered

2023-11-24 15:04:29 - [MESSAGE][INFO] - Smart Wait Function is triggered

2023-11-24 15:04:29 - [MESSAGE][INFO] - Smart Wait Function is triggered

2023-11-24 15:04:29 - [MESSAGE][INFO] - Smart Wait Function is triggered

2023-11-24 15:04:29 - [MESSAGE][INFO] - Smart Wait Function is triggered

2023-11-24 15:04:29 - [MESSAGE][INFO] - Smart Wait Function is triggered

2023-11-24 15:04:29 - [MESSAGE][INFO] - Smart Wait Function is triggered

2023-11-24 15:04:29 - [MESSAGE][INFO] - Smart Wait Function is triggered

2023-11-24 15:04:29 - [MESSAGE][INFO] - Smart Wait Function is triggered

2023-11-24 15:04:29 - [MESSAGE][INFO] - Smart Wait Function is triggered

2023-11-24 15:04:29 - [MESSAGE][INFO] - Smart Wait Function is triggered

2023-11-24 15:04:29 - [MESSAGE][INFO] - Smart Wait Function is triggered

2023-11-24 15:04:29 - [MESSAGE][INFO] - Smart Wait Function is triggered

2023-11-24 15:04:29 - [MESSAGE][INFO] - Smart Wait Function is triggered

2023-11-24 15:04:29 - [MESSAGE][INFO] - Smart Wait Function is triggered

2023-11-24 15:04:29 - [MESSAGE][INFO] - Smart Wait Function is triggered

2023-11-24 15:04:29 - [MESSAGE][INFO] - Smart Wait Function is triggered

2023-11-24 15:04:29 - [MESSAGE][INFO] - Smart Wait Function is triggered

2023-11-24 15:04:29 - [MESSAGE][INFO] - Smart Wait Function is triggered

2023-11-24 15:04:29 - [MESSAGE][INFO] - Smart Wait Function is triggered

2023-11-24 15:04:29 - [MESSAGE][INFO] - Smart Wait Function is triggered

2023-11-24 15:04:29 - [MESSAGE][INFO] - Smart Wait Function is triggered

2023-11-24 15:04:29 - [MESSAGE][INFO] - Smart Wait Function is triggered

2023-11-24 15:04:29 - [MESSAGE][INFO] - Smart Wait Function is triggered

2023-11-24 15:04:29 - [MESSAGE][INFO] - Smart Wait Function is triggered

2023-11-24 15:04:29 - [MESSAGE][INFO] - Smart Wait Function is triggered

2023-11-24 15:04:29 - [MESSAGE][INFO] - Smart Wait Function is triggered

2023-11-24 15:04:29 - [MESSAGE][INFO] - Smart Wait Function is triggered

2023-11-24 15:04:29 - [MESSAGE][INFO] - Smart Wait Function is triggered

2023-11-24 15:04:29 - [MESSAGE][INFO] - Smart Wait Function is triggered

2023-11-24 15:04:29 - [MESSAGE][INFO] - Smart Wait Function is triggered

2023-11-24 15:04:29 - [MESSAGE][INFO] - Smart Wait Function is triggered

2023-11-24 15:04:30 - [MESSAGE][INFO] - Smart Wait Function is triggered

2023-11-24 15:04:30 - [MESSAGE][INFO] - Smart Wait Function is triggered

2023-11-24 15:04:30 - [MESSAGE][INFO] - Smart Wait Function is triggered

2023-11-24 15:04:30 - [MESSAGE][INFO] - Smart Wait Function is triggered

2023-11-24 15:04:30 - [MESSAGE][INFO] - Smart Wait Function is triggered

2023-11-24 15:04:30 - [MESSAGE][INFO] - Smart Wait Function is triggered

2023-11-24 15:04:30 - [MESSAGE][INFO] - Smart Wait Function is triggered

2023-11-24 15:04:30 - [MESSAGE][INFO] - Smart Wait Function is triggered

2023-11-24 15:04:30 - [MESSAGE][INFO] - Smart Wait Function is triggered

2023-11-24 15:04:30 - [MESSAGE][INFO] - Smart Wait Function is triggered

2023-11-24 15:04:30 - [MESSAGE][INFO] - Smart Wait Function is triggered

2023-11-24 15:04:30 - [MESSAGE][INFO] - Smart Wait Function is triggered

2023-11-24 15:04:30 - [MESSAGE][INFO] - Smart Wait Function is triggered

2023-11-24 15:04:30 - [MESSAGE][INFO] - Smart Wait Function is triggered

2023-11-24 15:04:30 - [MESSAGE][INFO] - Smart Wait Function is triggered

2023-11-24 15:04:30 - [MESSAGE][INFO] - Smart Wait Function is triggered

2023-11-24 15:04:30 - [MESSAGE][INFO] - Smart Wait Function is triggered

2023-11-24 15:04:30 - [MESSAGE][INFO] - Smart Wait Function is triggered

2023-11-24 15:04:30 - [MESSAGE][INFO] - Smart Wait Function is triggered

2023-11-24 15:04:30 - [MESSAGE][INFO] - Smart Wait Function is triggered

2023-11-24 15:04:30 - [MESSAGE][INFO] - Smart Wait Function is triggered

2023-11-24 15:04:30 - [MESSAGE][INFO] - Smart Wait Function is triggered

2023-11-24 15:04:30 - [MESSAGE][INFO] - Smart Wait Function is triggered

2023-11-24 15:04:30 - [MESSAGE][INFO] - Smart Wait Function is triggered

2023-11-24 15:04:30 - [MESSAGE][INFO] - Smart Wait Function is triggered

2023-11-24 15:04:30 - [MESSAGE][INFO] - Smart Wait Function is triggered

2023-11-24 15:04:30 - [MESSAGE][INFO] - Smart Wait Function is triggered

2023-11-24 15:04:30 - [MESSAGE][INFO] - Smart Wait Function is triggered

2023-11-24 15:04:30 - [MESSAGE][INFO] - Smart Wait Function is triggered

2023-11-24 15:04:30 - [MESSAGE][INFO] - Smart Wait Function is triggered

2023-11-24 15:04:30 - [MESSAGE][INFO] - Smart Wait Function is triggered

2023-11-24 15:04:30 - [MESSAGE][INFO] - Smart Wait Function is triggered

2023-11-24 15:04:30 - [MESSAGE][INFO] - Smart Wait Function is triggered

2023-11-24 15:04:30 - [MESSAGE][INFO] - Smart Wait Function is triggered

2023-11-24 15:04:30 - [MESSAGE][INFO] - Smart Wait Function is triggered

2023-11-24 15:04:30 - [MESSAGE][INFO] - Smart Wait Function is triggered

2023-11-24 15:04:30 - [MESSAGE][INFO] - Smart Wait Function is triggered

2023-11-24 15:04:30 - [MESSAGE][INFO] - Smart Wait Function is triggered

2023-11-24 15:04:30 - [MESSAGE][INFO] - Smart Wait Function is triggered

2023-11-24 15:04:30 - [MESSAGE][INFO] - Smart Wait Function is triggered

2023-11-24 15:04:30 - [MESSAGE][INFO] - Smart Wait Function is triggered

2023-11-24 15:04:30 - [MESSAGE][INFO] - Smart Wait Function is triggered

2023-11-24 15:04:30 - [MESSAGE][INFO] - Unable to find the element located by 'By.xpath: //*[@aria-labelledby="PHOTO_NUMBER-label" and @type ="text"]|//*[@aria-labelledby="PHOTO_IDENTITE-label" and @type ="text"]'. Please recheck the objects properties to make sure the desired element is located. 

2023-11-24 15:04:31 - [MESSAGE][FAILED] - Unable to set text '1PMTYE991215114515JY05' of object 'Object Repository/Page_Justificatifs_Usager/Input_Numero_Ephoto' (Root cause: com.kms.katalon.core.exception.StepFailedException: Unable to set text '1PMTYE991215114515JY05' of object 'Object Repository/Page_Justificatifs_Usager/Input_Numero_Ephoto'
	at com.kms.katalon.core.webui.keyword.internal.WebUIKeywordMain.stepFailed(WebUIKeywordMain.groovy:64)
	at com.kms.katalon.core.webui.keyword.internal.WebUIKeywordMain.runKeyword(WebUIKeywordMain.groovy:26)
	at com.kms.katalon.core.webui.keyword.builtin.SetTextKeyword.setText(SetTextKeyword.groovy:66)
	at com.kms.katalon.core.webui.keyword.builtin.SetTextKeyword.execute(SetTextKeyword.groovy:37)
	at com.kms.katalon.core.keyword.internal.KeywordExecutor.executeKeywordForPlatform(KeywordExecutor.groovy:74)
	at com.kms.katalon.core.webui.keyword.WebUiBuiltInKeywords.setText(WebUiBuiltInKeywords.groovy:980)
	at com.kazurayam.ksbackyard.HighlightElement$_pandemic_closure1.doCall(HighlightElement.groovy:105)
	at FormulaireJustificatifs.run(FormulaireJustificatifs:281)
	at com.kms.katalon.core.main.ScriptEngine.run(ScriptEngine.java:194)
	at com.kms.katalon.core.main.ScriptEngine.runScriptAsRawText(ScriptEngine.java:119)
	at com.kms.katalon.core.main.TestCaseExecutor.runScript(TestCaseExecutor.java:448)
	at com.kms.katalon.core.main.TestCaseExecutor.doExecute(TestCaseExecutor.java:439)
	at com.kms.katalon.core.main.TestCaseExecutor.processExecutionPhase(TestCaseExecutor.java:418)
	at com.kms.katalon.core.main.TestCaseExecutor.accessMainPhase(TestCaseExecutor.java:410)
	at com.kms.katalon.core.main.TestCaseExecutor.execute(TestCaseExecutor.java:285)
	at com.kms.katalon.core.main.TestCaseMain.runTestCase(TestCaseMain.java:144)
	at com.kms.katalon.core.keyword.builtin.CallTestCaseKeyword$_callTestCase_closure1.doCall(CallTestCaseKeyword.groovy:59)
	at com.kms.katalon.core.keyword.builtin.CallTestCaseKeyword$_callTestCase_closure1.call(CallTestCaseKeyword.groovy)
	at com.kms.katalon.core.keyword.internal.KeywordMain.runKeyword(KeywordMain.groovy:75)
	at com.kms.katalon.core.keyword.builtin.CallTestCaseKeyword.callTestCase(CallTestCaseKeyword.groovy:81)
	at com.kms.katalon.core.keyword.builtin.CallTestCaseKeyword.execute(CallTestCaseKeyword.groovy:44)
	at com.kms.katalon.core.keyword.internal.KeywordExecutor.executeKeywordForPlatform(KeywordExecutor.groovy:74)
	at com.kms.katalon.core.keyword.BuiltinKeywords.callTestCase(BuiltinKeywords.groovy:310)
	at com.kazurayam.ksbackyard.HighlightElement$_pandemic_closure1.doCall(HighlightElement.groovy:105)
	at TNR R.TSPT Supp90-Etudiant.run(TNR R.TSPT Supp90-Etudiant:62)
	at com.kms.katalon.core.main.ScriptEngine.run(ScriptEngine.java:194)
	at com.kms.katalon.core.main.ScriptEngine.runScriptAsRawText(ScriptEngine.java:119)
	at com.kms.katalon.core.main.TestCaseExecutor.runScript(TestCaseExecutor.java:448)
	at com.kms.katalon.core.main.TestCaseExecutor.doExecute(TestCaseExecutor.java:439)
	at com.kms.katalon.core.main.TestCaseExecutor.processExecutionPhase(TestCaseExecutor.java:418)
	at com.kms.katalon.core.main.TestCaseExecutor.accessMainPhase(TestCaseExecutor.java:410)
	at com.kms.katalon.core.main.TestCaseExecutor.execute(TestCaseExecutor.java:285)
	at com.kms.katalon.core.common.CommonExecutor.accessTestCaseMainPhase(CommonExecutor.java:65)
	at com.kms.katalon.core.main.TestSuiteExecutor.accessTestSuiteMainPhase(TestSuiteExecutor.java:148)
	at com.kms.katalon.core.main.TestSuiteExecutor.execute(TestSuiteExecutor.java:106)
	at com.kms.katalon.core.main.TestCaseMain.startTestSuite(TestCaseMain.java:187)
	at com.kms.katalon.core.main.TestCaseMain$startTestSuite$0.call(Unknown Source)
	at TempTestSuite1700834005381.run(TempTestSuite1700834005381.groovy:36)
Caused by: com.kms.katalon.core.webui.exception.WebElementNotFoundException: Web element with id: 'Object Repository/Page_Justificatifs_Usager/Input_Numero_Ephoto' located by '//*[@aria-labelledby="PHOTO_NUMBER-label" and @type ="text"]|//*[@aria-labelledby="PHOTO_IDENTITE-label" and @type ="text"]' not found
	at com.kms.katalon.core.webui.common.WebUiCommonHelper.findWebElement(WebUiCommonHelper.java:1381)
	at com.kms.katalon.core.webui.keyword.internal.WebUIAbstractKeyword.findWebElement(WebUIAbstractKeyword.groovy:27)
	at com.kms.katalon.core.webui.keyword.internal.WebUIAbstractKeyword.findWebElement(WebUIAbstractKeyword.groovy:26)
	at com.kms.katalon.core.webui.keyword.builtin.SetTextKeyword$_setText_closure1.doCall(SetTextKeyword.groovy:51)
	at com.kms.katalon.core.webui.keyword.builtin.SetTextKeyword$_setText_closure1.call(SetTextKeyword.groovy)
	at com.kms.katalon.core.webui.keyword.internal.WebUIKeywordMain.runKeyword(WebUIKeywordMain.groovy:20)
	at com.kms.katalon.core.webui.keyword.builtin.SetTextKeyword.setText(SetTextKeyword.groovy:66)
	at com.kms.katalon.core.webui.keyword.builtin.SetTextKeyword.execute(SetTextKeyword.groovy:37)
	at com.kms.katalon.core.keyword.internal.KeywordExecutor.executeKeywordForPlatform(KeywordExecutor.groovy:74)
	at com.kms.katalon.core.webui.keyword.WebUiBuiltInKeywords.setText(WebUiBuiltInKeywords.groovy:980)
	at com.kazurayam.ksbackyard.HighlightElement$_pandemic_closure1.doCall(HighlightElement.groovy:105)
	at Script1695813884754.run(Script1695813884754.groovy:281)
	at com.kms.katalon.core.main.ScriptEngine.run(ScriptEngine.java:194)
	at com.kms.katalon.core.main.ScriptEngine.runScriptAsRawText(ScriptEngine.java:119)
	at com.kms.katalon.core.main.TestCaseExecutor.runScript(TestCaseExecutor.java:448)
	at com.kms.katalon.core.main.TestCaseExecutor.doExecute(TestCaseExecutor.java:439)
	at com.kms.katalon.core.main.TestCaseExecutor.processExecutionPhase(TestCaseExecutor.java:418)
	at com.kms.katalon.core.main.TestCaseExecutor.accessMainPhase(TestCaseExecutor.java:410)
	at com.kms.katalon.core.main.TestCaseExecutor.execute(TestCaseExecutor.java:285)
	at com.kms.katalon.core.main.TestCaseMain.runTestCase(TestCaseMain.java:144)
	at com.kms.katalon.core.keyword.builtin.CallTestCaseKeyword$_callTestCase_closure1.doCall(CallTestCaseKeyword.groovy:59)
	at com.kms.katalon.core.keyword.builtin.CallTestCaseKeyword$_callTestCase_closure1.call(CallTestCaseKeyword.groovy)
	at com.kms.katalon.core.keyword.internal.KeywordMain.runKeyword(KeywordMain.groovy:75)
	at com.kms.katalon.core.keyword.builtin.CallTestCaseKeyword.callTestCase(CallTestCaseKeyword.groovy:81)
	at com.kms.katalon.core.keyword.builtin.CallTestCaseKeyword.execute(CallTestCaseKeyword.groovy:44)
	at com.kms.katalon.core.keyword.internal.KeywordExecutor.executeKeywordForPlatform(KeywordExecutor.groovy:74)
	at com.kms.katalon.core.keyword.BuiltinKeywords.callTestCase(BuiltinKeywords.groovy:310)
	at com.kazurayam.ksbackyard.HighlightElement$_pandemic_closure1.doCall(HighlightElement.groovy:105)
	at Script1697546404945.run(Script1697546404945.groovy:62)
	... 13 more
)
[[ATTACHMENT|C:\\Users\\ISSAM.RHARBAOUI\\git\\22_11\\ANEF-AutomatizationProject\\Reports\\20231124_145325\\TS_TNR_R.TSPT_Suppo90\\20231124_145325\\1700834670917.png]]

2023-11-24 15:04:31 - [MESSAGE][FAILED] - Unable to call Test Case 'Test Cases/Test Reutilisable/DemandeOuRenouvelle_TitreSejour/FormulaireJustificatifs' (Root cause: com.kms.katalon.core.exception.StepFailedException: Call Test Case 'Test Cases/Test Reutilisable/DemandeOuRenouvelle_TitreSejour/FormulaireJustificatifs' failed
	at com.kms.katalon.core.keyword.builtin.CallTestCaseKeyword$_callTestCase_closure1.doCall(CallTestCaseKeyword.groovy:63)
	at com.kms.katalon.core.keyword.builtin.CallTestCaseKeyword$_callTestCase_closure1.call(CallTestCaseKeyword.groovy)
	at com.kms.katalon.core.keyword.internal.KeywordMain.runKeyword(KeywordMain.groovy:75)
	at com.kms.katalon.core.keyword.builtin.CallTestCaseKeyword.callTestCase(CallTestCaseKeyword.groovy:81)
	at com.kms.katalon.core.keyword.builtin.CallTestCaseKeyword.execute(CallTestCaseKeyword.groovy:44)
	at com.kms.katalon.core.keyword.internal.KeywordExecutor.executeKeywordForPlatform(KeywordExecutor.groovy:74)
	at com.kms.katalon.core.keyword.BuiltinKeywords.callTestCase(BuiltinKeywords.groovy:310)
	at com.kazurayam.ksbackyard.HighlightElement$_pandemic_closure1.doCall(HighlightElement.groovy:105)
	at TNR R.TSPT Supp90-Etudiant.run(TNR R.TSPT Supp90-Etudiant:62)
	at com.kms.katalon.core.main.ScriptEngine.run(ScriptEngine.java:194)
	at com.kms.katalon.core.main.ScriptEngine.runScriptAsRawText(ScriptEngine.java:119)
	at com.kms.katalon.core.main.TestCaseExecutor.runScript(TestCaseExecutor.java:448)
	at com.kms.katalon.core.main.TestCaseExecutor.doExecute(TestCaseExecutor.java:439)
	at com.kms.katalon.core.main.TestCaseExecutor.processExecutionPhase(TestCaseExecutor.java:418)
	at com.kms.katalon.core.main.TestCaseExecutor.accessMainPhase(TestCaseExecutor.java:410)
	at com.kms.katalon.core.main.TestCaseExecutor.execute(TestCaseExecutor.java:285)
	at com.kms.katalon.core.common.CommonExecutor.accessTestCaseMainPhase(CommonExecutor.java:65)
	at com.kms.katalon.core.main.TestSuiteExecutor.accessTestSuiteMainPhase(TestSuiteExecutor.java:148)
	at com.kms.katalon.core.main.TestSuiteExecutor.execute(TestSuiteExecutor.java:106)
	at com.kms.katalon.core.main.TestCaseMain.startTestSuite(TestCaseMain.java:187)
	at com.kms.katalon.core.main.TestCaseMain$startTestSuite$0.call(Unknown Source)
	at TempTestSuite1700834005381.run(TempTestSuite1700834005381.groovy:36)
Caused by: com.kms.katalon.core.exception.StepFailedException: Unable to set text '1PMTYE991215114515JY05' of object 'Object Repository/Page_Justificatifs_Usager/Input_Numero_Ephoto'
	at com.kms.katalon.core.webui.keyword.internal.WebUIKeywordMain.stepFailed(WebUIKeywordMain.groovy:64)
	at com.kms.katalon.core.webui.keyword.internal.WebUIKeywordMain.runKeyword(WebUIKeywordMain.groovy:26)
	at com.kms.katalon.core.webui.keyword.builtin.SetTextKeyword.setText(SetTextKeyword.groovy:66)
	at com.kms.katalon.core.webui.keyword.builtin.SetTextKeyword.execute(SetTextKeyword.groovy:37)
	at com.kms.katalon.core.keyword.internal.KeywordExecutor.executeKeywordForPlatform(KeywordExecutor.groovy:74)
	at com.kms.katalon.core.webui.keyword.WebUiBuiltInKeywords.setText(WebUiBuiltInKeywords.groovy:980)
	at com.kazurayam.ksbackyard.HighlightElement$_pandemic_closure1.doCall(HighlightElement.groovy:105)
	at FormulaireJustificatifs.run(FormulaireJustificatifs:281)
	at com.kms.katalon.core.main.ScriptEngine.run(ScriptEngine.java:194)
	at com.kms.katalon.core.main.ScriptEngine.runScriptAsRawText(ScriptEngine.java:119)
	at com.kms.katalon.core.main.TestCaseExecutor.runScript(TestCaseExecutor.java:448)
	at com.kms.katalon.core.main.TestCaseExecutor.doExecute(TestCaseExecutor.java:439)
	at com.kms.katalon.core.main.TestCaseExecutor.processExecutionPhase(TestCaseExecutor.java:418)
	at com.kms.katalon.core.main.TestCaseExecutor.accessMainPhase(TestCaseExecutor.java:410)
	at com.kms.katalon.core.main.TestCaseExecutor.execute(TestCaseExecutor.java:285)
	at com.kms.katalon.core.main.TestCaseMain.runTestCase(TestCaseMain.java:144)
	at com.kms.katalon.core.keyword.builtin.CallTestCaseKeyword$_callTestCase_closure1.doCall(CallTestCaseKeyword.groovy:59)
	... 21 more
Caused by: com.kms.katalon.core.webui.exception.WebElementNotFoundException: Web element with id: 'Object Repository/Page_Justificatifs_Usager/Input_Numero_Ephoto' located by '//*[@aria-labelledby="PHOTO_NUMBER-label" and @type ="text"]|//*[@aria-labelledby="PHOTO_IDENTITE-label" and @type ="text"]' not found
	at com.kms.katalon.core.webui.common.WebUiCommonHelper.findWebElement(WebUiCommonHelper.java:1381)
	at com.kms.katalon.core.webui.keyword.internal.WebUIAbstractKeyword.findWebElement(WebUIAbstractKeyword.groovy:27)
	at com.kms.katalon.core.webui.keyword.internal.WebUIAbstractKeyword.findWebElement(WebUIAbstractKeyword.groovy:26)
	at com.kms.katalon.core.webui.keyword.builtin.SetTextKeyword$_setText_closure1.doCall(SetTextKeyword.groovy:51)
	at com.kms.katalon.core.webui.keyword.builtin.SetTextKeyword$_setText_closure1.call(SetTextKeyword.groovy)
	at com.kms.katalon.core.webui.keyword.internal.WebUIKeywordMain.runKeyword(WebUIKeywordMain.groovy:20)
	... 36 more
)

2023-11-24 15:04:35 - [TEST_STEP][PASSED] - Video: Video recording for test case 'Test Cases/Cas D Utilisations/Usager Etudiant/TNR R.TSPT Supp90-Etudiant' .

2023-11-24 15:04:35 - [MESSAGE][INFO] - Video recording for test case 'Test Cases/Cas D Utilisations/Usager Etudiant/TNR R.TSPT Supp90-Etudiant' .]]></system-out>
         <system-err><![CDATA[2023-11-24 14:59:09 - [TEST_CASE][FAILED] - Test Cases/Cas D Utilisations/Usager Etudiant/TNR R.TSPT Supp90-Etudiant: Test Cases/Cas D Utilisations/Usager Etudiant/TNR R.TSPT Supp90-Etudiant FAILED.
Reason:
com.kms.katalon.core.exception.StepFailedException: Call Test Case 'Test Cases/Test Reutilisable/DemandeOuRenouvelle_TitreSejour/FormulaireJustificatifs' failed
	at com.kms.katalon.core.keyword.builtin.CallTestCaseKeyword$_callTestCase_closure1.doCall(CallTestCaseKeyword.groovy:63)
	at com.kms.katalon.core.keyword.builtin.CallTestCaseKeyword$_callTestCase_closure1.call(CallTestCaseKeyword.groovy)
	at com.kms.katalon.core.keyword.internal.KeywordMain.runKeyword(KeywordMain.groovy:75)
	at com.kms.katalon.core.keyword.builtin.CallTestCaseKeyword.callTestCase(CallTestCaseKeyword.groovy:81)
	at com.kms.katalon.core.keyword.builtin.CallTestCaseKeyword.execute(CallTestCaseKeyword.groovy:44)
	at com.kms.katalon.core.keyword.internal.KeywordExecutor.executeKeywordForPlatform(KeywordExecutor.groovy:74)
	at com.kms.katalon.core.keyword.BuiltinKeywords.callTestCase(BuiltinKeywords.groovy:310)
	at com.kazurayam.ksbackyard.HighlightElement$_pandemic_closure1.doCall(HighlightElement.groovy:105)
	at TNR R.TSPT Supp90-Etudiant.run(TNR R.TSPT Supp90-Etudiant:62)
	at com.kms.katalon.core.main.ScriptEngine.run(ScriptEngine.java:194)
	at com.kms.katalon.core.main.ScriptEngine.runScriptAsRawText(ScriptEngine.java:119)
	at com.kms.katalon.core.main.TestCaseExecutor.runScript(TestCaseExecutor.java:448)
	at com.kms.katalon.core.main.TestCaseExecutor.doExecute(TestCaseExecutor.java:439)
	at com.kms.katalon.core.main.TestCaseExecutor.processExecutionPhase(TestCaseExecutor.java:418)
	at com.kms.katalon.core.main.TestCaseExecutor.accessMainPhase(TestCaseExecutor.java:410)
	at com.kms.katalon.core.main.TestCaseExecutor.execute(TestCaseExecutor.java:285)
	at com.kms.katalon.core.common.CommonExecutor.accessTestCaseMainPhase(CommonExecutor.java:65)
	at com.kms.katalon.core.main.TestSuiteExecutor.accessTestSuiteMainPhase(TestSuiteExecutor.java:148)
	at com.kms.katalon.core.main.TestSuiteExecutor.execute(TestSuiteExecutor.java:106)
	at com.kms.katalon.core.main.TestCaseMain.startTestSuite(TestCaseMain.java:187)
	at com.kms.katalon.core.main.TestCaseMain$startTestSuite$0.call(Unknown Source)
	at TempTestSuite1700834005381.run(TempTestSuite1700834005381.groovy:36)
Caused by: com.kms.katalon.core.exception.StepFailedException: Unable to set text '1PMTYE991215114515JY05' of object 'Object Repository/Page_Justificatifs_Usager/Input_Numero_Ephoto'
	at com.kms.katalon.core.webui.keyword.internal.WebUIKeywordMain.stepFailed(WebUIKeywordMain.groovy:64)
	at com.kms.katalon.core.webui.keyword.internal.WebUIKeywordMain.runKeyword(WebUIKeywordMain.groovy:26)
	at com.kms.katalon.core.webui.keyword.builtin.SetTextKeyword.setText(SetTextKeyword.groovy:66)
	at com.kms.katalon.core.webui.keyword.builtin.SetTextKeyword.execute(SetTextKeyword.groovy:37)
	at com.kms.katalon.core.keyword.internal.KeywordExecutor.executeKeywordForPlatform(KeywordExecutor.groovy:74)
	at com.kms.katalon.core.webui.keyword.WebUiBuiltInKeywords.setText(WebUiBuiltInKeywords.groovy:980)
	at com.kazurayam.ksbackyard.HighlightElement$_pandemic_closure1.doCall(HighlightElement.groovy:105)
	at FormulaireJustificatifs.run(FormulaireJustificatifs:281)
	at com.kms.katalon.core.main.ScriptEngine.run(ScriptEngine.java:194)
	at com.kms.katalon.core.main.ScriptEngine.runScriptAsRawText(ScriptEngine.java:119)
	at com.kms.katalon.core.main.TestCaseExecutor.runScript(TestCaseExecutor.java:448)
	at com.kms.katalon.core.main.TestCaseExecutor.doExecute(TestCaseExecutor.java:439)
	at com.kms.katalon.core.main.TestCaseExecutor.processExecutionPhase(TestCaseExecutor.java:418)
	at com.kms.katalon.core.main.TestCaseExecutor.accessMainPhase(TestCaseExecutor.java:410)
	at com.kms.katalon.core.main.TestCaseExecutor.execute(TestCaseExecutor.java:285)
	at com.kms.katalon.core.main.TestCaseMain.runTestCase(TestCaseMain.java:144)
	at com.kms.katalon.core.keyword.builtin.CallTestCaseKeyword$_callTestCase_closure1.doCall(CallTestCaseKeyword.groovy:59)
	... 21 more
Caused by: com.kms.katalon.core.webui.exception.WebElementNotFoundException: Web element with id: 'Object Repository/Page_Justificatifs_Usager/Input_Numero_Ephoto' located by '//*[@aria-labelledby="PHOTO_NUMBER-label" and @type ="text"]|//*[@aria-labelledby="PHOTO_IDENTITE-label" and @type ="text"]' not found
	at com.kms.katalon.core.webui.common.WebUiCommonHelper.findWebElement(WebUiCommonHelper.java:1381)
	at com.kms.katalon.core.webui.keyword.internal.WebUIAbstractKeyword.findWebElement(WebUIAbstractKeyword.groovy:27)
	at com.kms.katalon.core.webui.keyword.internal.WebUIAbstractKeyword.findWebElement(WebUIAbstractKeyword.groovy:26)
	at com.kms.katalon.core.webui.keyword.builtin.SetTextKeyword$_setText_closure1.doCall(SetTextKeyword.groovy:51)
	at com.kms.katalon.core.webui.keyword.builtin.SetTextKeyword$_setText_closure1.call(SetTextKeyword.groovy)
	at com.kms.katalon.core.webui.keyword.internal.WebUIKeywordMain.runKeyword(WebUIKeywordMain.groovy:20)
	... 36 more]]></system-err>
      </testcase>
      <system-out><![CDATA[2023-11-24 14:53:29 - [TEST_SUITE][FAILED] - TS_TNR_R.TSPT_Suppo90: Test Cases/Cas D Utilisations/Usager Etudiant/TNR R.TSPT Supp90-Etudiant FAILED.
Reason:
com.kms.katalon.core.exception.StepFailedException: Call Test Case 'Test Cases/Test Reutilisable/DemandeOuRenouvelle_TitreSejour/FormulaireJustificatifs' failed
	at com.kms.katalon.core.keyword.builtin.CallTestCaseKeyword$_callTestCase_closure1.doCall(CallTestCaseKeyword.groovy:63)
	at com.kms.katalon.core.keyword.builtin.CallTestCaseKeyword$_callTestCase_closure1.call(CallTestCaseKeyword.groovy)
	at com.kms.katalon.core.keyword.internal.KeywordMain.runKeyword(KeywordMain.groovy:75)
	at com.kms.katalon.core.keyword.builtin.CallTestCaseKeyword.callTestCase(CallTestCaseKeyword.groovy:81)
	at com.kms.katalon.core.keyword.builtin.CallTestCaseKeyword.execute(CallTestCaseKeyword.groovy:44)
	at com.kms.katalon.core.keyword.internal.KeywordExecutor.executeKeywordForPlatform(KeywordExecutor.groovy:74)
	at com.kms.katalon.core.keyword.BuiltinKeywords.callTestCase(BuiltinKeywords.groovy:310)
	at com.kazurayam.ksbackyard.HighlightElement$_pandemic_closure1.doCall(HighlightElement.groovy:105)
	at TNR R.TSPT Supp90-Etudiant.run(TNR R.TSPT Supp90-Etudiant:62)
	at com.kms.katalon.core.main.ScriptEngine.run(ScriptEngine.java:194)
	at com.kms.katalon.core.main.ScriptEngine.runScriptAsRawText(ScriptEngine.java:119)
	at com.kms.katalon.core.main.TestCaseExecutor.runScript(TestCaseExecutor.java:448)
	at com.kms.katalon.core.main.TestCaseExecutor.doExecute(TestCaseExecutor.java:439)
	at com.kms.katalon.core.main.TestCaseExecutor.processExecutionPhase(TestCaseExecutor.java:418)
	at com.kms.katalon.core.main.TestCaseExecutor.accessMainPhase(TestCaseExecutor.java:410)
	at com.kms.katalon.core.main.TestCaseExecutor.execute(TestCaseExecutor.java:285)
	at com.kms.katalon.core.common.CommonExecutor.accessTestCaseMainPhase(CommonExecutor.java:65)
	at com.kms.katalon.core.main.TestSuiteExecutor.accessTestSuiteMainPhase(TestSuiteExecutor.java:148)
	at com.kms.katalon.core.main.TestSuiteExecutor.execute(TestSuiteExecutor.java:106)
	at com.kms.katalon.core.main.TestCaseMain.startTestSuite(TestCaseMain.java:187)
	at com.kms.katalon.core.main.TestCaseMain$startTestSuite$0.call(Unknown Source)
	at TempTestSuite1700834005381.run(TempTestSuite1700834005381.groovy:36)
Caused by: com.kms.katalon.core.exception.StepFailedException: Unable to set text '1PMTYE991215114515JY05' of object 'Object Repository/Page_Justificatifs_Usager/Input_Numero_Ephoto'
	at com.kms.katalon.core.webui.keyword.internal.WebUIKeywordMain.stepFailed(WebUIKeywordMain.groovy:64)
	at com.kms.katalon.core.webui.keyword.internal.WebUIKeywordMain.runKeyword(WebUIKeywordMain.groovy:26)
	at com.kms.katalon.core.webui.keyword.builtin.SetTextKeyword.setText(SetTextKeyword.groovy:66)
	at com.kms.katalon.core.webui.keyword.builtin.SetTextKeyword.execute(SetTextKeyword.groovy:37)
	at com.kms.katalon.core.keyword.internal.KeywordExecutor.executeKeywordForPlatform(KeywordExecutor.groovy:74)
	at com.kms.katalon.core.webui.keyword.WebUiBuiltInKeywords.setText(WebUiBuiltInKeywords.groovy:980)
	at com.kazurayam.ksbackyard.HighlightElement$_pandemic_closure1.doCall(HighlightElement.groovy:105)
	at FormulaireJustificatifs.run(FormulaireJustificatifs:281)
	at com.kms.katalon.core.main.ScriptEngine.run(ScriptEngine.java:194)
	at com.kms.katalon.core.main.ScriptEngine.runScriptAsRawText(ScriptEngine.java:119)
	at com.kms.katalon.core.main.TestCaseExecutor.runScript(TestCaseExecutor.java:448)
	at com.kms.katalon.core.main.TestCaseExecutor.doExecute(TestCaseExecutor.java:439)
	at com.kms.katalon.core.main.TestCaseExecutor.processExecutionPhase(TestCaseExecutor.java:418)
	at com.kms.katalon.core.main.TestCaseExecutor.accessMainPhase(TestCaseExecutor.java:410)
	at com.kms.katalon.core.main.TestCaseExecutor.execute(TestCaseExecutor.java:285)
	at com.kms.katalon.core.main.TestCaseMain.runTestCase(TestCaseMain.java:144)
	at com.kms.katalon.core.keyword.builtin.CallTestCaseKeyword$_callTestCase_closure1.doCall(CallTestCaseKeyword.groovy:59)
	... 21 more
Caused by: com.kms.katalon.core.webui.exception.WebElementNotFoundException: Web element with id: 'Object Repository/Page_Justificatifs_Usager/Input_Numero_Ephoto' located by '//*[@aria-labelledby="PHOTO_NUMBER-label" and @type ="text"]|//*[@aria-labelledby="PHOTO_IDENTITE-label" and @type ="text"]' not found
	at com.kms.katalon.core.webui.common.WebUiCommonHelper.findWebElement(WebUiCommonHelper.java:1381)
	at com.kms.katalon.core.webui.keyword.internal.WebUIAbstractKeyword.findWebElement(WebUIAbstractKeyword.groovy:27)
	at com.kms.katalon.core.webui.keyword.internal.WebUIAbstractKeyword.findWebElement(WebUIAbstractKeyword.groovy:26)
	at com.kms.katalon.core.webui.keyword.builtin.SetTextKeyword$_setText_closure1.doCall(SetTextKeyword.groovy:51)
	at com.kms.katalon.core.webui.keyword.builtin.SetTextKeyword$_setText_closure1.call(SetTextKeyword.groovy)
	at com.kms.katalon.core.webui.keyword.internal.WebUIKeywordMain.runKeyword(WebUIKeywordMain.groovy:20)
	... 36 more]]></system-out>
      <system-err><![CDATA[2023-11-24 14:53:29 - [TEST_SUITE][FAILED] - TS_TNR_R.TSPT_Suppo90: Test Cases/Cas D Utilisations/Usager Etudiant/TNR R.TSPT Supp90-Etudiant FAILED.
Reason:
com.kms.katalon.core.exception.StepFailedException: Call Test Case 'Test Cases/Test Reutilisable/DemandeOuRenouvelle_TitreSejour/FormulaireJustificatifs' failed
	at com.kms.katalon.core.keyword.builtin.CallTestCaseKeyword$_callTestCase_closure1.doCall(CallTestCaseKeyword.groovy:63)
	at com.kms.katalon.core.keyword.builtin.CallTestCaseKeyword$_callTestCase_closure1.call(CallTestCaseKeyword.groovy)
	at com.kms.katalon.core.keyword.internal.KeywordMain.runKeyword(KeywordMain.groovy:75)
	at com.kms.katalon.core.keyword.builtin.CallTestCaseKeyword.callTestCase(CallTestCaseKeyword.groovy:81)
	at com.kms.katalon.core.keyword.builtin.CallTestCaseKeyword.execute(CallTestCaseKeyword.groovy:44)
	at com.kms.katalon.core.keyword.internal.KeywordExecutor.executeKeywordForPlatform(KeywordExecutor.groovy:74)
	at com.kms.katalon.core.keyword.BuiltinKeywords.callTestCase(BuiltinKeywords.groovy:310)
	at com.kazurayam.ksbackyard.HighlightElement$_pandemic_closure1.doCall(HighlightElement.groovy:105)
	at TNR R.TSPT Supp90-Etudiant.run(TNR R.TSPT Supp90-Etudiant:62)
	at com.kms.katalon.core.main.ScriptEngine.run(ScriptEngine.java:194)
	at com.kms.katalon.core.main.ScriptEngine.runScriptAsRawText(ScriptEngine.java:119)
	at com.kms.katalon.core.main.TestCaseExecutor.runScript(TestCaseExecutor.java:448)
	at com.kms.katalon.core.main.TestCaseExecutor.doExecute(TestCaseExecutor.java:439)
	at com.kms.katalon.core.main.TestCaseExecutor.processExecutionPhase(TestCaseExecutor.java:418)
	at com.kms.katalon.core.main.TestCaseExecutor.accessMainPhase(TestCaseExecutor.java:410)
	at com.kms.katalon.core.main.TestCaseExecutor.execute(TestCaseExecutor.java:285)
	at com.kms.katalon.core.common.CommonExecutor.accessTestCaseMainPhase(CommonExecutor.java:65)
	at com.kms.katalon.core.main.TestSuiteExecutor.accessTestSuiteMainPhase(TestSuiteExecutor.java:148)
	at com.kms.katalon.core.main.TestSuiteExecutor.execute(TestSuiteExecutor.java:106)
	at com.kms.katalon.core.main.TestCaseMain.startTestSuite(TestCaseMain.java:187)
	at com.kms.katalon.core.main.TestCaseMain$startTestSuite$0.call(Unknown Source)
	at TempTestSuite1700834005381.run(TempTestSuite1700834005381.groovy:36)
Caused by: com.kms.katalon.core.exception.StepFailedException: Unable to set text '1PMTYE991215114515JY05' of object 'Object Repository/Page_Justificatifs_Usager/Input_Numero_Ephoto'
	at com.kms.katalon.core.webui.keyword.internal.WebUIKeywordMain.stepFailed(WebUIKeywordMain.groovy:64)
	at com.kms.katalon.core.webui.keyword.internal.WebUIKeywordMain.runKeyword(WebUIKeywordMain.groovy:26)
	at com.kms.katalon.core.webui.keyword.builtin.SetTextKeyword.setText(SetTextKeyword.groovy:66)
	at com.kms.katalon.core.webui.keyword.builtin.SetTextKeyword.execute(SetTextKeyword.groovy:37)
	at com.kms.katalon.core.keyword.internal.KeywordExecutor.executeKeywordForPlatform(KeywordExecutor.groovy:74)
	at com.kms.katalon.core.webui.keyword.WebUiBuiltInKeywords.setText(WebUiBuiltInKeywords.groovy:980)
	at com.kazurayam.ksbackyard.HighlightElement$_pandemic_closure1.doCall(HighlightElement.groovy:105)
	at FormulaireJustificatifs.run(FormulaireJustificatifs:281)
	at com.kms.katalon.core.main.ScriptEngine.run(ScriptEngine.java:194)
	at com.kms.katalon.core.main.ScriptEngine.runScriptAsRawText(ScriptEngine.java:119)
	at com.kms.katalon.core.main.TestCaseExecutor.runScript(TestCaseExecutor.java:448)
	at com.kms.katalon.core.main.TestCaseExecutor.doExecute(TestCaseExecutor.java:439)
	at com.kms.katalon.core.main.TestCaseExecutor.processExecutionPhase(TestCaseExecutor.java:418)
	at com.kms.katalon.core.main.TestCaseExecutor.accessMainPhase(TestCaseExecutor.java:410)
	at com.kms.katalon.core.main.TestCaseExecutor.execute(TestCaseExecutor.java:285)
	at com.kms.katalon.core.main.TestCaseMain.runTestCase(TestCaseMain.java:144)
	at com.kms.katalon.core.keyword.builtin.CallTestCaseKeyword$_callTestCase_closure1.doCall(CallTestCaseKeyword.groovy:59)
	... 21 more
Caused by: com.kms.katalon.core.webui.exception.WebElementNotFoundException: Web element with id: 'Object Repository/Page_Justificatifs_Usager/Input_Numero_Ephoto' located by '//*[@aria-labelledby="PHOTO_NUMBER-label" and @type ="text"]|//*[@aria-labelledby="PHOTO_IDENTITE-label" and @type ="text"]' not found
	at com.kms.katalon.core.webui.common.WebUiCommonHelper.findWebElement(WebUiCommonHelper.java:1381)
	at com.kms.katalon.core.webui.keyword.internal.WebUIAbstractKeyword.findWebElement(WebUIAbstractKeyword.groovy:27)
	at com.kms.katalon.core.webui.keyword.internal.WebUIAbstractKeyword.findWebElement(WebUIAbstractKeyword.groovy:26)
	at com.kms.katalon.core.webui.keyword.builtin.SetTextKeyword$_setText_closure1.doCall(SetTextKeyword.groovy:51)
	at com.kms.katalon.core.webui.keyword.builtin.SetTextKeyword$_setText_closure1.call(SetTextKeyword.groovy)
	at com.kms.katalon.core.webui.keyword.internal.WebUIKeywordMain.runKeyword(WebUIKeywordMain.groovy:20)
	... 36 more]]></system-err>
   </testsuite>
</testsuites>
